<?xml version="1.0" encoding="UTF-8"?>
<testsuite xmlns:xsi="http://www.w3.org/2001/XMLSchema-instance" xsi:noNamespaceSchemaLocation="https://maven.apache.org/surefire/maven-surefire-plugin/xsd/surefire-test-report-3.0.xsd" version="3.0" name="org.apache.hadoop.ozone.scm.TestStorageContainerManager" time="242.732" tests="14" errors="0" skipped="0" failures="1">
  <properties>
    <property name="awt.toolkit" value="sun.awt.X11.XToolkit"/>
    <property name="file.encoding.pkg" value="sun.io"/>
    <property name="java.specification.version" value="1.8"/>
    <property name="sun.cpu.isalist" value=""/>
    <property name="sun.jnu.encoding" value="UTF-8"/>
    <property name="java.class.path" value="/home/runner/work/ozone/ozone/hadoop-ozone/integration-test/target/test-classes:/home/runner/work/ozone/ozone/hadoop-ozone/integration-test/target/classes:/home/runner/.m2/repository/org/apache/ozone/ozone-common/1.4.0-SNAPSHOT/ozone-common-1.4.0-SNAPSHOT.jar:/home/runner/.m2/repository/io/grpc/grpc-netty/1.51.1/grpc-netty-1.51.1.jar:/home/runner/.m2/repository/io/grpc/grpc-core/1.51.1/grpc-core-1.51.1.jar:/home/runner/.m2/repository/com/google/android/annotations/4.1.1.4/annotations-4.1.1.4.jar:/home/runner/.m2/repository/org/codehaus/mojo/animal-sniffer-annotations/1.21/animal-sniffer-annotations-1.21.jar:/home/runner/.m2/repository/com/google/errorprone/error_prone_annotations/2.2.0/error_prone_annotations-2.2.0.jar:/home/runner/.m2/repository/io/perfmark/perfmark-api/0.25.0/perfmark-api-0.25.0.jar:/home/runner/.m2/repository/io/netty/netty-codec-http2/4.1.94.Final/netty-codec-http2-4.1.94.Final.jar:/home/runner/.m2/repository/io/netty/netty-common/4.1.94.Final/netty-common-4.1.94.Final.jar:/home/runner/.m2/repository/io/netty/netty-buffer/4.1.94.Final/netty-buffer-4.1.94.Final.jar:/home/runner/.m2/repository/io/netty/netty-codec-http/4.1.94.Final/netty-codec-http-4.1.94.Final.jar:/home/runner/.m2/repository/io/netty/netty-handler-proxy/4.1.94.Final/netty-handler-proxy-4.1.94.Final.jar:/home/runner/.m2/repository/io/netty/netty-codec-socks/4.1.94.Final/netty-codec-socks-4.1.94.Final.jar:/home/runner/.m2/repository/io/netty/netty-tcnative-boringssl-static/2.0.61.Final/netty-tcnative-boringssl-static-2.0.61.Final.jar:/home/runner/.m2/repository/io/netty/netty-tcnative-classes/2.0.61.Final/netty-tcnative-classes-2.0.61.Final.jar:/home/runner/.m2/repository/io/netty/netty-tcnative-boringssl-static/2.0.61.Final/netty-tcnative-boringssl-static-2.0.61.Final-linux-x86_64.jar:/home/runner/.m2/repository/io/netty/netty-tcnative-boringssl-static/2.0.61.Final/netty-tcnative-boringssl-static-2.0.61.Final-linux-aarch_64.jar:/home/runner/.m2/repository/io/netty/netty-tcnative-boringssl-static/2.0.61.Final/netty-tcnative-boringssl-static-2.0.61.Final-osx-x86_64.jar:/home/runner/.m2/repository/io/netty/netty-tcnative-boringssl-static/2.0.61.Final/netty-tcnative-boringssl-static-2.0.61.Final-osx-aarch_64.jar:/home/runner/.m2/repository/io/netty/netty-tcnative-boringssl-static/2.0.61.Final/netty-tcnative-boringssl-static-2.0.61.Final-windows-x86_64.jar:/home/runner/.m2/repository/org/apache/commons/commons-compress/1.21/commons-compress-1.21.jar:/home/runner/.m2/repository/org/apache/ozone/hdds-common/1.4.0-SNAPSHOT/hdds-common-1.4.0-SNAPSHOT.jar:/home/runner/.m2/repository/org/apache/ozone/hdds-client/1.4.0-SNAPSHOT/hdds-client-1.4.0-SNAPSHOT.jar:/home/runner/.m2/repository/org/apache/ozone/ozone-interface-client/1.4.0-SNAPSHOT/ozone-interface-client-1.4.0-SNAPSHOT.jar:/home/runner/.m2/repository/org/apache/hadoop/hadoop-hdfs-client/3.3.6/hadoop-hdfs-client-3.3.6.jar:/home/runner/.m2/repository/com/squareup/okhttp3/okhttp/4.9.3/okhttp-4.9.3.jar:/home/runner/.m2/repository/com/squareup/okio/okio/3.4.0/okio-3.4.0.jar:/home/runner/.m2/repository/com/squareup/okio/okio-jvm/3.4.0/okio-jvm-3.4.0.jar:/home/runner/.m2/repository/org/jetbrains/kotlin/kotlin-stdlib-jdk8/1.8.0/kotlin-stdlib-jdk8-1.8.0.jar:/home/runner/.m2/repository/org/jetbrains/kotlin/kotlin-stdlib-jdk7/1.8.0/kotlin-stdlib-jdk7-1.8.0.jar:/home/runner/.m2/repository/org/jetbrains/kotlin/kotlin-stdlib-common/1.6.21/kotlin-stdlib-common-1.6.21.jar:/home/runner/.m2/repository/org/apache/ozone/hdds-test-utils/1.4.0-SNAPSHOT/hdds-test-utils-1.4.0-SNAPSHOT.jar:/home/runner/.m2/repository/com/google/guava/guava/32.0.0-jre/guava-32.0.0-jre.jar:/home/runner/.m2/repository/com/google/guava/failureaccess/1.0.1/failureaccess-1.0.1.jar:/home/runner/.m2/repository/com/google/guava/listenablefuture/9999.0-empty-to-avoid-conflict-with-guava/listenablefuture-9999.0-empty-to-avoid-conflict-with-guava.jar:/home/runner/.m2/repository/com/google/code/findbugs/jsr305/3.0.0/jsr305-3.0.0.jar:/home/runner/.m2/repository/org/checkerframework/checker-qual/3.33.0/checker-qual-3.33.0.jar:/home/runner/.m2/repository/com/google/j2objc/j2objc-annotations/2.8/j2objc-annotations-2.8.jar:/home/runner/.m2/repository/commons-io/commons-io/2.11.0/commons-io-2.11.0.jar:/home/runner/.m2/repository/commons-logging/commons-logging/1.2/commons-logging-1.2.jar:/home/runner/.m2/repository/ch/qos/reload4j/reload4j/1.2.22/reload4j-1.2.22.jar:/home/runner/.m2/repository/org/slf4j/slf4j-api/1.7.36/slf4j-api-1.7.36.jar:/home/runner/.m2/repository/org/apache/logging/log4j/log4j-api/2.17.1/log4j-api-2.17.1.jar:/home/runner/.m2/repository/org/apache/ozone/hdds-server-scm/1.4.0-SNAPSHOT/hdds-server-scm-1.4.0-SNAPSHOT.jar:/home/runner/.m2/repository/org/apache/ozone/hdds-container-service/1.4.0-SNAPSHOT/hdds-container-service-1.4.0-SNAPSHOT.jar:/home/runner/.m2/repository/org/apache/ozone/hdds-hadoop-dependency-server/1.4.0-SNAPSHOT/hdds-hadoop-dependency-server-1.4.0-SNAPSHOT.jar:/home/runner/.m2/repository/org/apache/hadoop/hadoop-hdfs/3.3.6/hadoop-hdfs-3.3.6.jar:/home/runner/.m2/repository/commons-daemon/commons-daemon/1.0.13/commons-daemon-1.0.13.jar:/home/runner/.m2/repository/org/apache/ozone/hdds-server-framework/1.4.0-SNAPSHOT/hdds-server-framework-1.4.0-SNAPSHOT.jar:/home/runner/.m2/repository/io/dropwizard/metrics/metrics-core/3.2.4/metrics-core-3.2.4.jar:/home/runner/.m2/repository/org/apache/commons/commons-text/1.10.0/commons-text-1.10.0.jar:/home/runner/.m2/repository/org/bouncycastle/bcprov-jdk15on/1.67/bcprov-jdk15on-1.67.jar:/home/runner/.m2/repository/com/google/protobuf/protobuf-java/2.5.0/protobuf-java-2.5.0.jar:/home/runner/.m2/repository/org/apache/ozone/hdds-server-framework/1.4.0-SNAPSHOT/hdds-server-framework-1.4.0-SNAPSHOT-tests.jar:/home/runner/.m2/repository/org/apache/ozone/hdds-interface-server/1.4.0-SNAPSHOT/hdds-interface-server-1.4.0-SNAPSHOT.jar:/home/runner/.m2/repository/org/apache/ozone/hdds-interface-admin/1.4.0-SNAPSHOT/hdds-interface-admin-1.4.0-SNAPSHOT.jar:/home/runner/.m2/repository/org/apache/ozone/hdds-managed-rocksdb/1.4.0-SNAPSHOT/hdds-managed-rocksdb-1.4.0-SNAPSHOT.jar:/home/runner/.m2/repository/org/rocksdb/rocksdbjni/7.7.3/rocksdbjni-7.7.3.jar:/home/runner/.m2/repository/org/slf4j/slf4j-reload4j/1.7.36/slf4j-reload4j-1.7.36.jar:/home/runner/.m2/repository/org/apache/commons/commons-configuration2/2.1.1/commons-configuration2-2.1.1.jar:/home/runner/.m2/repository/commons-fileupload/commons-fileupload/1.5/commons-fileupload-1.5.jar:/home/runner/.m2/repository/org/apache/logging/log4j/log4j-core/2.17.1/log4j-core-2.17.1.jar:/home/runner/.m2/repository/com/lmax/disruptor/3.4.2/disruptor-3.4.2.jar:/home/runner/.m2/repository/org/eclipse/jetty/jetty-util/9.4.53.v20231009/jetty-util-9.4.53.v20231009.jar:/home/runner/.m2/repository/org/eclipse/jetty/jetty-server/9.4.53.v20231009/jetty-server-9.4.53.v20231009.jar:/home/runner/.m2/repository/org/eclipse/jetty/jetty-http/9.4.53.v20231009/jetty-http-9.4.53.v20231009.jar:/home/runner/.m2/repository/org/eclipse/jetty/jetty-io/9.4.53.v20231009/jetty-io-9.4.53.v20231009.jar:/home/runner/.m2/repository/org/eclipse/jetty/jetty-servlet/9.4.53.v20231009/jetty-servlet-9.4.53.v20231009.jar:/home/runner/.m2/repository/org/eclipse/jetty/jetty-security/9.4.53.v20231009/jetty-security-9.4.53.v20231009.jar:/home/runner/.m2/repository/org/eclipse/jetty/jetty-util-ajax/9.4.53.v20231009/jetty-util-ajax-9.4.53.v20231009.jar:/home/runner/.m2/repository/org/eclipse/jetty/jetty-webapp/9.4.53.v20231009/jetty-webapp-9.4.53.v20231009.jar:/home/runner/.m2/repository/org/eclipse/jetty/jetty-xml/9.4.53.v20231009/jetty-xml-9.4.53.v20231009.jar:/home/runner/.m2/repository/org/apache/ratis/ratis-server/2.5.1/ratis-server-2.5.1.jar:/home/runner/.m2/repository/org/apache/ratis/ratis-thirdparty-misc/1.0.4/ratis-thirdparty-misc-1.0.4.jar:/home/runner/.m2/repository/org/apache/ratis/ratis-proto/2.5.1/ratis-proto-2.5.1.jar:/home/runner/.m2/repository/org/apache/ratis/ratis-common/2.5.1/ratis-common-2.5.1.jar:/home/runner/.m2/repository/org/apache/ratis/ratis-client/2.5.1/ratis-client-2.5.1.jar:/home/runner/.m2/repository/org/apache/ratis/ratis-server-api/2.5.1/ratis-server-api-2.5.1.jar:/home/runner/.m2/repository/org/apache/ratis/ratis-metrics/2.5.1/ratis-metrics-2.5.1.jar:/home/runner/.m2/repository/io/prometheus/simpleclient_dropwizard/0.7.0/simpleclient_dropwizard-0.7.0.jar:/home/runner/.m2/repository/io/prometheus/simpleclient/0.7.0/simpleclient-0.7.0.jar:/home/runner/.m2/repository/io/prometheus/simpleclient_common/0.7.0/simpleclient_common-0.7.0.jar:/home/runner/.m2/repository/com/fasterxml/jackson/datatype/jackson-datatype-jsr310/2.13.4/jackson-datatype-jsr310-2.13.4.jar:/home/runner/.m2/repository/com/fasterxml/jackson/core/jackson-core/2.13.4/jackson-core-2.13.4.jar:/home/runner/.m2/repository/com/github/spotbugs/spotbugs-annotations/3.1.12/spotbugs-annotations-3.1.12.jar:/home/runner/.m2/repository/org/apache/ozone/rocksdb-checkpoint-differ/1.4.0-SNAPSHOT/rocksdb-checkpoint-differ-1.4.0-SNAPSHOT.jar:/home/runner/.m2/repository/org/jgrapht/jgrapht-core/1.0.1/jgrapht-core-1.0.1.jar:/home/runner/.m2/repository/org/jgrapht/jgrapht-ext/1.0.1/jgrapht-ext-1.0.1.jar:/home/runner/.m2/repository/org/tinyjee/jgraphx/jgraphx/2.0.0.1/jgraphx-2.0.0.1.jar:/home/runner/.m2/repository/jgraph/jgraph/5.13.0.0/jgraph-5.13.0.0.jar:/home/runner/.m2/repository/org/antlr/antlr4-runtime/4.5.3/antlr4-runtime-4.5.3.jar:/home/runner/.m2/repository/org/awaitility/awaitility/4.2.0/awaitility-4.2.0.jar:/home/runner/.m2/repository/org/hamcrest/hamcrest/2.1/hamcrest-2.1.jar:/home/runner/.m2/repository/org/apache/ozone/ozone-manager/1.4.0-SNAPSHOT/ozone-manager-1.4.0-SNAPSHOT.jar:/home/runner/.m2/repository/org/aspectj/aspectjrt/1.9.7/aspectjrt-1.9.7.jar:/home/runner/.m2/repository/org/aspectj/aspectjweaver/1.9.7/aspectjweaver-1.9.7.jar:/home/runner/.m2/repository/org/apache/ozone/hdds-interface-client/1.4.0-SNAPSHOT/hdds-interface-client-1.4.0-SNAPSHOT.jar:/home/runner/.m2/repository/org/apache/hadoop/thirdparty/hadoop-shaded-protobuf_3_7/1.1.1/hadoop-shaded-protobuf_3_7-1.1.1.jar:/home/runner/.m2/repository/org/apache/ozone/ozone-interface-storage/1.4.0-SNAPSHOT/ozone-interface-storage-1.4.0-SNAPSHOT.jar:/home/runner/.m2/repository/org/reflections/reflections/0.9.11/reflections-0.9.11.jar:/home/runner/.m2/repository/com/sun/jersey/jersey-client/1.19/jersey-client-1.19.jar:/home/runner/.m2/repository/org/codehaus/jackson/jackson-core-asl/1.9.13/jackson-core-asl-1.9.13.jar:/home/runner/.m2/repository/org/codehaus/jackson/jackson-mapper-asl/1.9.13/jackson-mapper-asl-1.9.13.jar:/home/runner/.m2/repository/org/codehaus/jackson/jackson-jaxrs/1.9.13/jackson-jaxrs-1.9.13.jar:/home/runner/.m2/repository/org/apache/ranger/ranger-intg/2.3.0/ranger-intg-2.3.0.jar:/home/runner/.m2/repository/org/apache/ranger/ranger-plugins-common/2.3.0/ranger-plugins-common-2.3.0.jar:/home/runner/.m2/repository/commons-lang/commons-lang/2.6/commons-lang-2.6.jar:/home/runner/.m2/repository/org/apache/ranger/ranger-plugins-cred/2.3.0/ranger-plugins-cred-2.3.0.jar:/home/runner/.m2/repository/org/apache/ranger/ranger-plugins-audit/2.3.0/ranger-plugins-audit-2.3.0.jar:/home/runner/.m2/repository/org/eclipse/jetty/jetty-client/9.4.53.v20231009/jetty-client-9.4.53.v20231009.jar:/home/runner/.m2/repository/org/apache/httpcomponents/httpmime/4.5.6/httpmime-4.5.6.jar:/home/runner/.m2/repository/org/apache/httpcomponents/httpcore-nio/4.4.13/httpcore-nio-4.4.13.jar:/home/runner/.m2/repository/org/apache/httpcomponents/httpasyncclient/4.1.3/httpasyncclient-4.1.3.jar:/home/runner/.m2/repository/com/carrotsearch/hppc/0.8.0/hppc-0.8.0.jar:/home/runner/.m2/repository/org/apache/orc/orc-core/1.5.8/orc-core-1.5.8.jar:/home/runner/.m2/repository/net/java/dev/jna/jna/5.2.0/jna-5.2.0.jar:/home/runner/.m2/repository/net/java/dev/jna/jna-platform/5.2.0/jna-platform-5.2.0.jar:/home/runner/.m2/repository/com/kstruct/gethostname4j/0.0.2/gethostname4j-0.0.2.jar:/home/runner/.m2/repository/org/apache/ranger/ranger-plugin-classloader/2.3.0/ranger-plugin-classloader-2.3.0.jar:/home/runner/.m2/repository/org/apache/ozone/hdds-rocks-native/1.4.0-SNAPSHOT/hdds-rocks-native-1.4.0-SNAPSHOT.jar:/home/runner/.m2/repository/org/apache/hadoop/hadoop-minikdc/3.3.6/hadoop-minikdc-3.3.6.jar:/home/runner/.m2/repository/org/apache/kerby/kerb-simplekdc/1.0.1/kerb-simplekdc-1.0.1.jar:/home/runner/.m2/repository/org/apache/kerby/kerb-client/1.0.1/kerb-client-1.0.1.jar:/home/runner/.m2/repository/org/apache/kerby/kerby-config/1.0.1/kerby-config-1.0.1.jar:/home/runner/.m2/repository/org/apache/kerby/kerb-common/1.0.1/kerb-common-1.0.1.jar:/home/runner/.m2/repository/org/apache/kerby/kerb-crypto/1.0.1/kerb-crypto-1.0.1.jar:/home/runner/.m2/repository/org/apache/kerby/kerb-util/1.0.1/kerb-util-1.0.1.jar:/home/runner/.m2/repository/org/apache/kerby/token-provider/1.0.1/token-provider-1.0.1.jar:/home/runner/.m2/repository/org/apache/kerby/kerb-admin/1.0.1/kerb-admin-1.0.1.jar:/home/runner/.m2/repository/org/apache/kerby/kerb-server/1.0.1/kerb-server-1.0.1.jar:/home/runner/.m2/repository/org/apache/kerby/kerb-identity/1.0.1/kerb-identity-1.0.1.jar:/home/runner/.m2/repository/org/apache/kerby/kerby-xdr/1.0.1/kerby-xdr-1.0.1.jar:/home/runner/.m2/repository/org/apache/ozone/ozone-s3gateway/1.4.0-SNAPSHOT/ozone-s3gateway-1.4.0-SNAPSHOT.jar:/home/runner/.m2/repository/org/javassist/javassist/3.21.0-GA/javassist-3.21.0-GA.jar:/home/runner/.m2/repository/org/jboss/weld/servlet/weld-servlet-shaded/3.1.9.Final/weld-servlet-shaded-3.1.9.Final.jar:/home/runner/.m2/repository/org/glassfish/jersey/containers/jersey-container-servlet-core/2.34/jersey-container-servlet-core-2.34.jar:/home/runner/.m2/repository/org/glassfish/hk2/external/jakarta.inject/2.6.1/jakarta.inject-2.6.1.jar:/home/runner/.m2/repository/org/glassfish/jersey/core/jersey-common/2.34/jersey-common-2.34.jar:/home/runner/.m2/repository/jakarta/ws/rs/jakarta.ws.rs-api/2.1.6/jakarta.ws.rs-api-2.1.6.jar:/home/runner/.m2/repository/org/glassfish/jersey/ext/cdi/jersey-cdi1x/2.34/jersey-cdi1x-2.34.jar:/home/runner/.m2/repository/org/glassfish/jersey/inject/jersey-hk2/2.34/jersey-hk2-2.34.jar:/home/runner/.m2/repository/org/glassfish/hk2/hk2-locator/2.6.1/hk2-locator-2.6.1.jar:/home/runner/.m2/repository/org/glassfish/jersey/media/jersey-media-jaxb/2.34/jersey-media-jaxb-2.34.jar:/home/runner/.m2/repository/org/glassfish/hk2/osgi-resource-locator/1.0.3/osgi-resource-locator-1.0.3.jar:/home/runner/.m2/repository/org/glassfish/hk2/hk2-api/2.5.0/hk2-api-2.5.0.jar:/home/runner/.m2/repository/org/glassfish/hk2/hk2-utils/2.5.0/hk2-utils-2.5.0.jar:/home/runner/.m2/repository/org/glassfish/hk2/external/aopalliance-repackaged/2.5.0/aopalliance-repackaged-2.5.0.jar:/home/runner/.m2/repository/com/fasterxml/jackson/dataformat/jackson-dataformat-xml/2.13.4/jackson-dataformat-xml-2.13.4.jar:/home/runner/.m2/repository/org/codehaus/woodstox/stax2-api/4.2.1/stax2-api-4.2.1.jar:/home/runner/.m2/repository/com/fasterxml/woodstox/woodstox-core/5.4.0/woodstox-core-5.4.0.jar:/home/runner/.m2/repository/com/fasterxml/jackson/module/jackson-module-jaxb-annotations/2.13.4/jackson-module-jaxb-annotations-2.13.4.jar:/home/runner/.m2/repository/jakarta/xml/bind/jakarta.xml.bind-api/2.3.3/jakarta.xml.bind-api-2.3.3.jar:/home/runner/.m2/repository/jakarta/activation/jakarta.activation-api/1.2.2/jakarta.activation-api-1.2.2.jar:/home/runner/.m2/repository/javax/enterprise/cdi-api/2.0/cdi-api-2.0.jar:/home/runner/.m2/repository/javax/el/javax.el-api/3.0.0/javax.el-api-3.0.0.jar:/home/runner/.m2/repository/javax/interceptor/javax.interceptor-api/1.2/javax.interceptor-api-1.2.jar:/home/runner/.m2/repository/javax/inject/javax.inject/1/javax.inject-1.jar:/home/runner/.m2/repository/javax/xml/bind/jaxb-api/2.3.0/jaxb-api-2.3.0.jar:/home/runner/.m2/repository/org/glassfish/jaxb/jaxb-runtime/2.3.0.1/jaxb-runtime-2.3.0.1.jar:/home/runner/.m2/repository/org/glassfish/jaxb/jaxb-core/2.3.0.1/jaxb-core-2.3.0.1.jar:/home/runner/.m2/repository/org/glassfish/jaxb/txw2/2.3.0.1/txw2-2.3.0.1.jar:/home/runner/.m2/repository/com/sun/istack/istack-commons-runtime/3.0.5/istack-commons-runtime-3.0.5.jar:/home/runner/.m2/repository/org/jvnet/staxex/stax-ex/1.7.8/stax-ex-1.7.8.jar:/home/runner/.m2/repository/com/sun/xml/fastinfoset/FastInfoset/1.2.13/FastInfoset-1.2.13.jar:/home/runner/.m2/repository/javax/activation/activation/1.1.1/activation-1.1.1.jar:/home/runner/.m2/repository/io/grpc/grpc-protobuf/1.51.1/grpc-protobuf-1.51.1.jar:/home/runner/.m2/repository/com/google/api/grpc/proto-google-common-protos/2.9.0/proto-google-common-protos-2.9.0.jar:/home/runner/.m2/repository/io/grpc/grpc-protobuf-lite/1.51.1/grpc-protobuf-lite-1.51.1.jar:/home/runner/.m2/repository/io/grpc/grpc-stub/1.51.1/grpc-stub-1.51.1.jar:/home/runner/.m2/repository/io/netty/netty-transport/4.1.94.Final/netty-transport-4.1.94.Final.jar:/home/runner/.m2/repository/io/netty/netty-resolver/4.1.94.Final/netty-resolver-4.1.94.Final.jar:/home/runner/.m2/repository/org/apache/ozone/ozone-csi/1.4.0-SNAPSHOT/ozone-csi-1.4.0-SNAPSHOT.jar:/home/runner/.m2/repository/com/google/protobuf/protobuf-java-util/3.19.6/protobuf-java-util-3.19.6.jar:/home/runner/.m2/repository/com/google/code/gson/gson/2.9.0/gson-2.9.0.jar:/home/runner/.m2/repository/org/apache/ozone/hdds-config/1.4.0-SNAPSHOT/hdds-config-1.4.0-SNAPSHOT.jar:/home/runner/.m2/repository/io/netty/netty-transport-native-epoll/4.1.94.Final/netty-transport-native-epoll-4.1.94.Final-linux-x86_64.jar:/home/runner/.m2/repository/io/netty/netty-transport-classes-epoll/4.1.94.Final/netty-transport-classes-epoll-4.1.94.Final.jar:/home/runner/.m2/repository/io/netty/netty-transport-native-unix-common/4.1.94.Final/netty-transport-native-unix-common-4.1.94.Final.jar:/home/runner/.m2/repository/org/apache/ozone/ozone-recon/1.4.0-SNAPSHOT/ozone-recon-1.4.0-SNAPSHOT.jar:/home/runner/.m2/repository/org/apache/ozone/ozone-reconcodegen/1.4.0-SNAPSHOT/ozone-reconcodegen-1.4.0-SNAPSHOT.jar:/home/runner/.m2/repository/com/google/inject/guice/5.1.0/guice-5.1.0.jar:/home/runner/.m2/repository/aopalliance/aopalliance/1.0/aopalliance-1.0.jar:/home/runner/.m2/repository/com/google/inject/extensions/guice-assistedinject/5.1.0/guice-assistedinject-5.1.0.jar:/home/runner/.m2/repository/com/google/inject/extensions/guice-servlet/5.1.0/guice-servlet-5.1.0.jar:/home/runner/.m2/repository/org/glassfish/jersey/containers/jersey-container-servlet/2.34/jersey-container-servlet-2.34.jar:/home/runner/.m2/repository/org/glassfish/hk2/guice-bridge/2.5.0/guice-bridge-2.5.0.jar:/home/runner/.m2/repository/org/glassfish/jersey/core/jersey-server/2.34/jersey-server-2.34.jar:/home/runner/.m2/repository/org/glassfish/jersey/core/jersey-client/2.34/jersey-client-2.34.jar:/home/runner/.m2/repository/jakarta/annotation/jakarta.annotation-api/1.3.5/jakarta.annotation-api-1.3.5.jar:/home/runner/.m2/repository/jakarta/validation/jakarta.validation-api/2.0.2/jakarta.validation-api-2.0.2.jar:/home/runner/.m2/repository/org/glassfish/jersey/media/jersey-media-json-jackson/2.34/jersey-media-json-jackson-2.34.jar:/home/runner/.m2/repository/org/glassfish/jersey/ext/jersey-entity-filtering/2.34/jersey-entity-filtering-2.34.jar:/home/runner/.m2/repository/org/jooq/jooq/3.11.10/jooq-3.11.10.jar:/home/runner/.m2/repository/org/jooq/jooq-meta/3.11.10/jooq-meta-3.11.10.jar:/home/runner/.m2/repository/org/jooq/jooq-codegen/3.11.10/jooq-codegen-3.11.10.jar:/home/runner/.m2/repository/com/jolbox/bonecp/0.8.0.RELEASE/bonecp-0.8.0.RELEASE.jar:/home/runner/.m2/repository/org/apache/derby/derby/10.14.2.0/derby-10.14.2.0.jar:/home/runner/.m2/repository/org/xerial/sqlite-jdbc/3.41.2.2/sqlite-jdbc-3.41.2.2.jar:/home/runner/.m2/repository/org/springframework/spring-jdbc/5.3.27/spring-jdbc-5.3.27.jar:/home/runner/.m2/repository/org/springframework/spring-beans/5.3.27/spring-beans-5.3.27.jar:/home/runner/.m2/repository/org/springframework/spring-core/5.3.27/spring-core-5.3.27.jar:/home/runner/.m2/repository/org/springframework/spring-tx/5.3.27/spring-tx-5.3.27.jar:/home/runner/.m2/repository/org/apache/ozone/ozone-client/1.4.0-SNAPSHOT/ozone-client-1.4.0-SNAPSHOT.jar:/home/runner/.m2/repository/org/apache/ozone/hdds-erasurecode/1.4.0-SNAPSHOT/hdds-erasurecode-1.4.0-SNAPSHOT.jar:/home/runner/.m2/repository/org/apache/ozone/ozone-filesystem/1.4.0-SNAPSHOT/ozone-filesystem-1.4.0-SNAPSHOT.jar:/home/runner/.m2/repository/org/apache/ozone/ozone-filesystem-common/1.4.0-SNAPSHOT/ozone-filesystem-common-1.4.0-SNAPSHOT.jar:/home/runner/.m2/repository/org/apache/ozone/ozone-tools/1.4.0-SNAPSHOT/ozone-tools-1.4.0-SNAPSHOT.jar:/home/runner/.m2/repository/com/amazonaws/aws-java-sdk-core/1.12.261/aws-java-sdk-core-1.12.261.jar:/home/runner/.m2/repository/org/apache/httpcomponents/httpclient/4.5.13/httpclient-4.5.13.jar:/home/runner/.m2/repository/org/apache/httpcomponents/httpcore/4.4.13/httpcore-4.4.13.jar:/home/runner/.m2/repository/software/amazon/ion/ion-java/1.0.2/ion-java-1.0.2.jar:/home/runner/.m2/repository/com/fasterxml/jackson/dataformat/jackson-dataformat-cbor/2.13.4/jackson-dataformat-cbor-2.13.4.jar:/home/runner/.m2/repository/joda-time/joda-time/2.10.6/joda-time-2.10.6.jar:/home/runner/.m2/repository/com/amazonaws/aws-java-sdk-s3/1.12.261/aws-java-sdk-s3-1.12.261.jar:/home/runner/.m2/repository/com/amazonaws/aws-java-sdk-kms/1.12.261/aws-java-sdk-kms-1.12.261.jar:/home/runner/.m2/repository/com/amazonaws/jmespath-java/1.12.261/jmespath-java-1.12.261.jar:/home/runner/.m2/repository/org/kohsuke/metainf-services/metainf-services/1.8/metainf-services-1.8.jar:/home/runner/.m2/repository/org/apache/ozone/hdds-tools/1.4.0-SNAPSHOT/hdds-tools-1.4.0-SNAPSHOT.jar:/home/runner/.m2/repository/org/apache/ratis/ratis-tools/2.5.1/ratis-tools-2.5.1.jar:/home/runner/.m2/repository/commons-cli/commons-cli/1.2/commons-cli-1.2.jar:/home/runner/.m2/repository/org/apache/commons/commons-lang3/3.7/commons-lang3-3.7.jar:/home/runner/.m2/repository/org/apache/ozone/ozone-manager/1.4.0-SNAPSHOT/ozone-manager-1.4.0-SNAPSHOT-tests.jar:/home/runner/.m2/repository/org/apache/ozone/hdds-common/1.4.0-SNAPSHOT/hdds-common-1.4.0-SNAPSHOT-tests.jar:/home/runner/.m2/repository/org/apache/ozone/hdds-hadoop-dependency-client/1.4.0-SNAPSHOT/hdds-hadoop-dependency-client-1.4.0-SNAPSHOT.jar:/home/runner/.m2/repository/info/picocli/picocli/4.6.1/picocli-4.6.1.jar:/home/runner/.m2/repository/com/fasterxml/jackson/core/jackson-annotations/2.13.4/jackson-annotations-2.13.4.jar:/home/runner/.m2/repository/org/apache/ozone/hdds-annotation-processing/1.4.0-SNAPSHOT/hdds-annotation-processing-1.4.0-SNAPSHOT.jar:/home/runner/.m2/repository/javax/annotation/javax.annotation-api/1.2/javax.annotation-api-1.2.jar:/home/runner/.m2/repository/org/apache/ratis/ratis-netty/2.5.1/ratis-netty-2.5.1.jar:/home/runner/.m2/repository/org/apache/ratis/ratis-grpc/2.5.1/ratis-grpc-2.5.1.jar:/home/runner/.m2/repository/org/apache/commons/commons-pool2/2.6.0/commons-pool2-2.6.0.jar:/home/runner/.m2/repository/org/bouncycastle/bcpkix-jdk15on/1.67/bcpkix-jdk15on-1.67.jar:/home/runner/.m2/repository/commons-validator/commons-validator/1.6/commons-validator-1.6.jar:/home/runner/.m2/repository/commons-beanutils/commons-beanutils/1.9.4/commons-beanutils-1.9.4.jar:/home/runner/.m2/repository/commons-digester/commons-digester/1.8.1/commons-digester-1.8.1.jar:/home/runner/.m2/repository/commons-collections/commons-collections/3.2.2/commons-collections-3.2.2.jar:/home/runner/.m2/repository/io/jaegertracing/jaeger-client/1.6.0/jaeger-client-1.6.0.jar:/home/runner/.m2/repository/io/jaegertracing/jaeger-thrift/1.6.0/jaeger-thrift-1.6.0.jar:/home/runner/.m2/repository/org/apache/thrift/libthrift/0.14.1/libthrift-0.14.1.jar:/home/runner/.m2/repository/io/jaegertracing/jaeger-core/1.6.0/jaeger-core-1.6.0.jar:/home/runner/.m2/repository/io/jaegertracing/jaeger-tracerresolver/1.6.0/jaeger-tracerresolver-1.6.0.jar:/home/runner/.m2/repository/io/opentracing/contrib/opentracing-tracerresolver/0.1.8/opentracing-tracerresolver-0.1.8.jar:/home/runner/.m2/repository/org/jetbrains/kotlin/kotlin-stdlib/1.6.21/kotlin-stdlib-1.6.21.jar:/home/runner/.m2/repository/org/jetbrains/annotations/13.0/annotations-13.0.jar:/home/runner/.m2/repository/io/opentracing/opentracing-util/0.33.0/opentracing-util-0.33.0.jar:/home/runner/.m2/repository/io/opentracing/opentracing-api/0.33.0/opentracing-api-0.33.0.jar:/home/runner/.m2/repository/io/opentracing/opentracing-noop/0.33.0/opentracing-noop-0.33.0.jar:/home/runner/.m2/repository/org/yaml/snakeyaml/2.0/snakeyaml-2.0.jar:/home/runner/.m2/repository/io/grpc/grpc-api/1.51.1/grpc-api-1.51.1.jar:/home/runner/.m2/repository/io/grpc/grpc-context/1.51.1/grpc-context-1.51.1.jar:/home/runner/.m2/repository/com/fasterxml/uuid/java-uuid-generator/4.3.0/java-uuid-generator-4.3.0.jar:/home/runner/.m2/repository/junit/junit/4.13.1/junit-4.13.1.jar:/home/runner/.m2/repository/org/hamcrest/hamcrest-core/1.3/hamcrest-core-1.3.jar:/home/runner/.m2/repository/org/junit/jupiter/junit-jupiter-api/5.8.2/junit-jupiter-api-5.8.2.jar:/home/runner/.m2/repository/org/opentest4j/opentest4j/1.2.0/opentest4j-1.2.0.jar:/home/runner/.m2/repository/org/junit/platform/junit-platform-commons/1.8.2/junit-platform-commons-1.8.2.jar:/home/runner/.m2/repository/org/apiguardian/apiguardian-api/1.1.2/apiguardian-api-1.1.2.jar:/home/runner/.m2/repository/org/junit/jupiter/junit-jupiter-params/5.8.2/junit-jupiter-params-5.8.2.jar:/home/runner/.m2/repository/org/junit/jupiter/junit-jupiter-migrationsupport/5.8.2/junit-jupiter-migrationsupport-5.8.2.jar:/home/runner/.m2/repository/org/junit/jupiter/junit-jupiter-engine/5.8.2/junit-jupiter-engine-5.8.2.jar:/home/runner/.m2/repository/org/junit/platform/junit-platform-engine/1.8.2/junit-platform-engine-1.8.2.jar:/home/runner/.m2/repository/org/junit/vintage/junit-vintage-engine/5.8.2/junit-vintage-engine-5.8.2.jar:/home/runner/.m2/repository/org/junit/platform/junit-platform-launcher/1.8.2/junit-platform-launcher-1.8.2.jar:/home/runner/.m2/repository/org/mockito/mockito-core/3.5.9/mockito-core-3.5.9.jar:/home/runner/.m2/repository/net/bytebuddy/byte-buddy/1.10.13/byte-buddy-1.10.13.jar:/home/runner/.m2/repository/net/bytebuddy/byte-buddy-agent/1.10.13/byte-buddy-agent-1.10.13.jar:/home/runner/.m2/repository/org/objenesis/objenesis/1.0/objenesis-1.0.jar:/home/runner/.m2/repository/org/apache/hadoop/hadoop-kms/3.3.6/hadoop-kms-3.3.6.jar:/home/runner/.m2/repository/org/apache/hadoop/hadoop-auth/3.3.6/hadoop-auth-3.3.6.jar:/home/runner/.m2/repository/com/nimbusds/nimbus-jose-jwt/9.8.1/nimbus-jose-jwt-9.8.1.jar:/home/runner/.m2/repository/com/github/stephenc/jcip/jcip-annotations/1.0-1/jcip-annotations-1.0-1.jar:/home/runner/.m2/repository/org/apache/zookeeper/zookeeper/3.5.6/zookeeper-3.5.6.jar:/home/runner/.m2/repository/org/apache/zookeeper/zookeeper-jute/3.5.6/zookeeper-jute-3.5.6.jar:/home/runner/.m2/repository/org/apache/yetus/audience-annotations/0.5.0/audience-annotations-0.5.0.jar:/home/runner/.m2/repository/org/apache/curator/curator-framework/4.2.0/curator-framework-4.2.0.jar:/home/runner/.m2/repository/org/apache/hadoop/thirdparty/hadoop-shaded-guava/1.1.1/hadoop-shaded-guava-1.1.1.jar:/home/runner/.m2/repository/com/sun/jersey/jersey-core/1.19/jersey-core-1.19.jar:/home/runner/.m2/repository/javax/ws/rs/jsr311-api/1.1.1/jsr311-api-1.1.1.jar:/home/runner/.m2/repository/com/sun/jersey/jersey-server/1.19/jersey-server-1.19.jar:/home/runner/.m2/repository/javax/servlet/javax.servlet-api/3.1.0/javax.servlet-api-3.1.0.jar:/home/runner/.m2/repository/org/apache/hadoop/hadoop-common/3.3.6/hadoop-common-3.3.6.jar:/home/runner/.m2/repository/org/apache/commons/commons-math3/3.1.1/commons-math3-3.1.1.jar:/home/runner/.m2/repository/commons-net/commons-net/3.9.0/commons-net-3.9.0.jar:/home/runner/.m2/repository/com/sun/jersey/jersey-servlet/1.19/jersey-servlet-1.19.jar:/home/runner/.m2/repository/com/github/pjfanning/jersey-json/1.20/jersey-json-1.20.jar:/home/runner/.m2/repository/org/codehaus/jettison/jettison/1.1/jettison-1.1.jar:/home/runner/.m2/repository/com/sun/xml/bind/jaxb-impl/2.2.3-1/jaxb-impl-2.2.3-1.jar:/home/runner/.m2/repository/com/google/re2j/re2j/1.1/re2j-1.1.jar:/home/runner/.m2/repository/com/jcraft/jsch/0.1.54/jsch-0.1.54.jar:/home/runner/.m2/repository/org/apache/curator/curator-client/4.2.0/curator-client-4.2.0.jar:/home/runner/.m2/repository/org/apache/curator/curator-recipes/5.2.0/curator-recipes-5.2.0.jar:/home/runner/.m2/repository/org/apache/kerby/kerb-core/1.0.1/kerb-core-1.0.1.jar:/home/runner/.m2/repository/org/apache/kerby/kerby-pkix/1.0.1/kerby-pkix-1.0.1.jar:/home/runner/.m2/repository/org/apache/kerby/kerby-asn1/1.0.1/kerby-asn1-1.0.1.jar:/home/runner/.m2/repository/org/apache/kerby/kerby-util/1.0.1/kerby-util-1.0.1.jar:/home/runner/.m2/repository/dnsjava/dnsjava/2.1.7/dnsjava-2.1.7.jar:/home/runner/.m2/repository/org/xerial/snappy/snappy-java/1.1.8.2/snappy-java-1.1.8.2.jar:/home/runner/.m2/repository/com/fasterxml/jackson/core/jackson-databind/2.13.4.2/jackson-databind-2.13.4.2.jar:/home/runner/.m2/repository/org/apache/hadoop/hadoop-kms/3.3.6/hadoop-kms-3.3.6-tests.jar:/home/runner/.m2/repository/org/apache/ozone/hdds-server-scm/1.4.0-SNAPSHOT/hdds-server-scm-1.4.0-SNAPSHOT-tests.jar:/home/runner/.m2/repository/org/apache/ozone/hdds-container-service/1.4.0-SNAPSHOT/hdds-container-service-1.4.0-SNAPSHOT-tests.jar:/home/runner/.m2/repository/com/github/luben/zstd-jni/1.5.2-5/zstd-jni-1.5.2-5.jar:/home/runner/.m2/repository/commons-codec/commons-codec/1.15/commons-codec-1.15.jar:/home/runner/.m2/repository/io/netty/netty-codec/4.1.94.Final/netty-codec-4.1.94.Final.jar:/home/runner/.m2/repository/io/netty/netty-handler/4.1.94.Final/netty-handler-4.1.94.Final.jar:/home/runner/.m2/repository/org/apache/ozone/hdds-hadoop-dependency-test/1.4.0-SNAPSHOT/hdds-hadoop-dependency-test-1.4.0-SNAPSHOT.jar:/home/runner/.m2/repository/org/apache/hadoop/hadoop-common/3.3.6/hadoop-common-3.3.6-tests.jar:/home/runner/.m2/repository/org/apache/hadoop/hadoop-hdfs/3.3.6/hadoop-hdfs-3.3.6-tests.jar:/home/runner/.m2/repository/org/assertj/assertj-core/3.12.2/assertj-core-3.12.2.jar:/home/runner/.m2/repository/org/apache/hadoop/hadoop-distcp/3.3.6/hadoop-distcp-3.3.6.jar:/home/runner/.m2/repository/org/apache/hadoop/hadoop-mapreduce-client-jobclient/3.3.6/hadoop-mapreduce-client-jobclient-3.3.6.jar:/home/runner/.m2/repository/org/apache/hadoop/hadoop-mapreduce-client-common/3.3.6/hadoop-mapreduce-client-common-3.3.6.jar:/home/runner/.m2/repository/org/apache/hadoop/hadoop-yarn-common/3.3.6/hadoop-yarn-common-3.3.6.jar:/home/runner/.m2/repository/org/apache/hadoop/hadoop-yarn-api/3.3.6/hadoop-yarn-api-3.3.6.jar:/home/runner/.m2/repository/com/sun/jersey/contribs/jersey-guice/1.19/jersey-guice-1.19.jar:/home/runner/.m2/repository/com/fasterxml/jackson/jaxrs/jackson-jaxrs-json-provider/2.13.4/jackson-jaxrs-json-provider-2.13.4.jar:/home/runner/.m2/repository/com/fasterxml/jackson/jaxrs/jackson-jaxrs-base/2.13.4/jackson-jaxrs-base-2.13.4.jar:/home/runner/.m2/repository/org/apache/hadoop/hadoop-yarn-client/3.3.6/hadoop-yarn-client-3.3.6.jar:/home/runner/.m2/repository/org/eclipse/jetty/websocket/websocket-client/9.4.51.v20230217/websocket-client-9.4.51.v20230217.jar:/home/runner/.m2/repository/org/eclipse/jetty/websocket/websocket-common/9.4.51.v20230217/websocket-common-9.4.51.v20230217.jar:/home/runner/.m2/repository/org/eclipse/jetty/websocket/websocket-api/9.4.51.v20230217/websocket-api-9.4.51.v20230217.jar:/home/runner/.m2/repository/org/jline/jline/3.9.0/jline-3.9.0.jar:/home/runner/.m2/repository/org/apache/hadoop/hadoop-mapreduce-client-core/3.3.6/hadoop-mapreduce-client-core-3.3.6.jar:/home/runner/.m2/repository/org/apache/avro/avro/1.7.7/avro-1.7.7.jar:/home/runner/.m2/repository/com/thoughtworks/paranamer/paranamer/2.3/paranamer-2.3.jar:/home/runner/.m2/repository/org/apache/hadoop/hadoop-annotations/3.3.6/hadoop-annotations-3.3.6.jar:/usr/lib/jvm/temurin-8-jdk-amd64/jre/../lib/tools.jar:/home/runner/.m2/repository/io/netty/netty/3.10.6.Final/netty-3.10.6.Final.jar:/home/runner/.m2/repository/org/apache/hadoop/hadoop-distcp/3.3.6/hadoop-distcp-3.3.6-tests.jar:/home/runner/.m2/repository/org/slf4j/jul-to-slf4j/1.7.36/jul-to-slf4j-1.7.36.jar:"/>
    <property name="java.vm.vendor" value="Temurin"/>
    <property name="sun.arch.data.model" value="64"/>
    <property name="test.build.dir" value="/home/runner/work/ozone/ozone/hadoop-ozone/integration-test/target/test-dir"/>
    <property name="test.cache.data" value=""/>
    <property name="java.vendor.url" value="https://adoptium.net/"/>
    <property name="user.timezone" value="Etc/UTC"/>
    <property name="java.vm.specification.version" value="1.8"/>
    <property name="os.name" value="Linux"/>
    <property name="test.build.data" value="/home/runner/work/ozone/ozone/hadoop-ozone/integration-test/target/test-dir"/>
    <property name="sun.java.launcher" value="SUN_STANDARD"/>
    <property name="sun.boot.library.path" value="/usr/lib/jvm/temurin-8-jdk-amd64/jre/lib/amd64"/>
    <property name="sun.java.command" value="/home/runner/work/ozone/ozone/hadoop-ozone/integration-test/target/surefire/surefirebooter1888660071352316403.jar /home/runner/work/ozone/ozone/hadoop-ozone/integration-test/target/surefire 2023-10-17T18-25-38_119-jvmRun1 surefire2007855223526063985tmp surefire_188643894089699680193tmp"/>
    <property name="native.lib.tmp.dir" value="/tmp"/>
    <property name="surefire.test.class.path" value="/home/runner/work/ozone/ozone/hadoop-ozone/integration-test/target/test-classes:/home/runner/work/ozone/ozone/hadoop-ozone/integration-test/target/classes:/home/runner/.m2/repository/org/apache/ozone/ozone-common/1.4.0-SNAPSHOT/ozone-common-1.4.0-SNAPSHOT.jar:/home/runner/.m2/repository/io/grpc/grpc-netty/1.51.1/grpc-netty-1.51.1.jar:/home/runner/.m2/repository/io/grpc/grpc-core/1.51.1/grpc-core-1.51.1.jar:/home/runner/.m2/repository/com/google/android/annotations/4.1.1.4/annotations-4.1.1.4.jar:/home/runner/.m2/repository/org/codehaus/mojo/animal-sniffer-annotations/1.21/animal-sniffer-annotations-1.21.jar:/home/runner/.m2/repository/com/google/errorprone/error_prone_annotations/2.2.0/error_prone_annotations-2.2.0.jar:/home/runner/.m2/repository/io/perfmark/perfmark-api/0.25.0/perfmark-api-0.25.0.jar:/home/runner/.m2/repository/io/netty/netty-codec-http2/4.1.94.Final/netty-codec-http2-4.1.94.Final.jar:/home/runner/.m2/repository/io/netty/netty-common/4.1.94.Final/netty-common-4.1.94.Final.jar:/home/runner/.m2/repository/io/netty/netty-buffer/4.1.94.Final/netty-buffer-4.1.94.Final.jar:/home/runner/.m2/repository/io/netty/netty-codec-http/4.1.94.Final/netty-codec-http-4.1.94.Final.jar:/home/runner/.m2/repository/io/netty/netty-handler-proxy/4.1.94.Final/netty-handler-proxy-4.1.94.Final.jar:/home/runner/.m2/repository/io/netty/netty-codec-socks/4.1.94.Final/netty-codec-socks-4.1.94.Final.jar:/home/runner/.m2/repository/io/netty/netty-tcnative-boringssl-static/2.0.61.Final/netty-tcnative-boringssl-static-2.0.61.Final.jar:/home/runner/.m2/repository/io/netty/netty-tcnative-classes/2.0.61.Final/netty-tcnative-classes-2.0.61.Final.jar:/home/runner/.m2/repository/io/netty/netty-tcnative-boringssl-static/2.0.61.Final/netty-tcnative-boringssl-static-2.0.61.Final-linux-x86_64.jar:/home/runner/.m2/repository/io/netty/netty-tcnative-boringssl-static/2.0.61.Final/netty-tcnative-boringssl-static-2.0.61.Final-linux-aarch_64.jar:/home/runner/.m2/repository/io/netty/netty-tcnative-boringssl-static/2.0.61.Final/netty-tcnative-boringssl-static-2.0.61.Final-osx-x86_64.jar:/home/runner/.m2/repository/io/netty/netty-tcnative-boringssl-static/2.0.61.Final/netty-tcnative-boringssl-static-2.0.61.Final-osx-aarch_64.jar:/home/runner/.m2/repository/io/netty/netty-tcnative-boringssl-static/2.0.61.Final/netty-tcnative-boringssl-static-2.0.61.Final-windows-x86_64.jar:/home/runner/.m2/repository/org/apache/commons/commons-compress/1.21/commons-compress-1.21.jar:/home/runner/.m2/repository/org/apache/ozone/hdds-common/1.4.0-SNAPSHOT/hdds-common-1.4.0-SNAPSHOT.jar:/home/runner/.m2/repository/org/apache/ozone/hdds-client/1.4.0-SNAPSHOT/hdds-client-1.4.0-SNAPSHOT.jar:/home/runner/.m2/repository/org/apache/ozone/ozone-interface-client/1.4.0-SNAPSHOT/ozone-interface-client-1.4.0-SNAPSHOT.jar:/home/runner/.m2/repository/org/apache/hadoop/hadoop-hdfs-client/3.3.6/hadoop-hdfs-client-3.3.6.jar:/home/runner/.m2/repository/com/squareup/okhttp3/okhttp/4.9.3/okhttp-4.9.3.jar:/home/runner/.m2/repository/com/squareup/okio/okio/3.4.0/okio-3.4.0.jar:/home/runner/.m2/repository/com/squareup/okio/okio-jvm/3.4.0/okio-jvm-3.4.0.jar:/home/runner/.m2/repository/org/jetbrains/kotlin/kotlin-stdlib-jdk8/1.8.0/kotlin-stdlib-jdk8-1.8.0.jar:/home/runner/.m2/repository/org/jetbrains/kotlin/kotlin-stdlib-jdk7/1.8.0/kotlin-stdlib-jdk7-1.8.0.jar:/home/runner/.m2/repository/org/jetbrains/kotlin/kotlin-stdlib-common/1.6.21/kotlin-stdlib-common-1.6.21.jar:/home/runner/.m2/repository/org/apache/ozone/hdds-test-utils/1.4.0-SNAPSHOT/hdds-test-utils-1.4.0-SNAPSHOT.jar:/home/runner/.m2/repository/com/google/guava/guava/32.0.0-jre/guava-32.0.0-jre.jar:/home/runner/.m2/repository/com/google/guava/failureaccess/1.0.1/failureaccess-1.0.1.jar:/home/runner/.m2/repository/com/google/guava/listenablefuture/9999.0-empty-to-avoid-conflict-with-guava/listenablefuture-9999.0-empty-to-avoid-conflict-with-guava.jar:/home/runner/.m2/repository/com/google/code/findbugs/jsr305/3.0.0/jsr305-3.0.0.jar:/home/runner/.m2/repository/org/checkerframework/checker-qual/3.33.0/checker-qual-3.33.0.jar:/home/runner/.m2/repository/com/google/j2objc/j2objc-annotations/2.8/j2objc-annotations-2.8.jar:/home/runner/.m2/repository/commons-io/commons-io/2.11.0/commons-io-2.11.0.jar:/home/runner/.m2/repository/commons-logging/commons-logging/1.2/commons-logging-1.2.jar:/home/runner/.m2/repository/ch/qos/reload4j/reload4j/1.2.22/reload4j-1.2.22.jar:/home/runner/.m2/repository/org/slf4j/slf4j-api/1.7.36/slf4j-api-1.7.36.jar:/home/runner/.m2/repository/org/apache/logging/log4j/log4j-api/2.17.1/log4j-api-2.17.1.jar:/home/runner/.m2/repository/org/apache/ozone/hdds-server-scm/1.4.0-SNAPSHOT/hdds-server-scm-1.4.0-SNAPSHOT.jar:/home/runner/.m2/repository/org/apache/ozone/hdds-container-service/1.4.0-SNAPSHOT/hdds-container-service-1.4.0-SNAPSHOT.jar:/home/runner/.m2/repository/org/apache/ozone/hdds-hadoop-dependency-server/1.4.0-SNAPSHOT/hdds-hadoop-dependency-server-1.4.0-SNAPSHOT.jar:/home/runner/.m2/repository/org/apache/hadoop/hadoop-hdfs/3.3.6/hadoop-hdfs-3.3.6.jar:/home/runner/.m2/repository/commons-daemon/commons-daemon/1.0.13/commons-daemon-1.0.13.jar:/home/runner/.m2/repository/org/apache/ozone/hdds-server-framework/1.4.0-SNAPSHOT/hdds-server-framework-1.4.0-SNAPSHOT.jar:/home/runner/.m2/repository/io/dropwizard/metrics/metrics-core/3.2.4/metrics-core-3.2.4.jar:/home/runner/.m2/repository/org/apache/commons/commons-text/1.10.0/commons-text-1.10.0.jar:/home/runner/.m2/repository/org/bouncycastle/bcprov-jdk15on/1.67/bcprov-jdk15on-1.67.jar:/home/runner/.m2/repository/com/google/protobuf/protobuf-java/2.5.0/protobuf-java-2.5.0.jar:/home/runner/.m2/repository/org/apache/ozone/hdds-server-framework/1.4.0-SNAPSHOT/hdds-server-framework-1.4.0-SNAPSHOT-tests.jar:/home/runner/.m2/repository/org/apache/ozone/hdds-interface-server/1.4.0-SNAPSHOT/hdds-interface-server-1.4.0-SNAPSHOT.jar:/home/runner/.m2/repository/org/apache/ozone/hdds-interface-admin/1.4.0-SNAPSHOT/hdds-interface-admin-1.4.0-SNAPSHOT.jar:/home/runner/.m2/repository/org/apache/ozone/hdds-managed-rocksdb/1.4.0-SNAPSHOT/hdds-managed-rocksdb-1.4.0-SNAPSHOT.jar:/home/runner/.m2/repository/org/rocksdb/rocksdbjni/7.7.3/rocksdbjni-7.7.3.jar:/home/runner/.m2/repository/org/slf4j/slf4j-reload4j/1.7.36/slf4j-reload4j-1.7.36.jar:/home/runner/.m2/repository/org/apache/commons/commons-configuration2/2.1.1/commons-configuration2-2.1.1.jar:/home/runner/.m2/repository/commons-fileupload/commons-fileupload/1.5/commons-fileupload-1.5.jar:/home/runner/.m2/repository/org/apache/logging/log4j/log4j-core/2.17.1/log4j-core-2.17.1.jar:/home/runner/.m2/repository/com/lmax/disruptor/3.4.2/disruptor-3.4.2.jar:/home/runner/.m2/repository/org/eclipse/jetty/jetty-util/9.4.53.v20231009/jetty-util-9.4.53.v20231009.jar:/home/runner/.m2/repository/org/eclipse/jetty/jetty-server/9.4.53.v20231009/jetty-server-9.4.53.v20231009.jar:/home/runner/.m2/repository/org/eclipse/jetty/jetty-http/9.4.53.v20231009/jetty-http-9.4.53.v20231009.jar:/home/runner/.m2/repository/org/eclipse/jetty/jetty-io/9.4.53.v20231009/jetty-io-9.4.53.v20231009.jar:/home/runner/.m2/repository/org/eclipse/jetty/jetty-servlet/9.4.53.v20231009/jetty-servlet-9.4.53.v20231009.jar:/home/runner/.m2/repository/org/eclipse/jetty/jetty-security/9.4.53.v20231009/jetty-security-9.4.53.v20231009.jar:/home/runner/.m2/repository/org/eclipse/jetty/jetty-util-ajax/9.4.53.v20231009/jetty-util-ajax-9.4.53.v20231009.jar:/home/runner/.m2/repository/org/eclipse/jetty/jetty-webapp/9.4.53.v20231009/jetty-webapp-9.4.53.v20231009.jar:/home/runner/.m2/repository/org/eclipse/jetty/jetty-xml/9.4.53.v20231009/jetty-xml-9.4.53.v20231009.jar:/home/runner/.m2/repository/org/apache/ratis/ratis-server/2.5.1/ratis-server-2.5.1.jar:/home/runner/.m2/repository/org/apache/ratis/ratis-thirdparty-misc/1.0.4/ratis-thirdparty-misc-1.0.4.jar:/home/runner/.m2/repository/org/apache/ratis/ratis-proto/2.5.1/ratis-proto-2.5.1.jar:/home/runner/.m2/repository/org/apache/ratis/ratis-common/2.5.1/ratis-common-2.5.1.jar:/home/runner/.m2/repository/org/apache/ratis/ratis-client/2.5.1/ratis-client-2.5.1.jar:/home/runner/.m2/repository/org/apache/ratis/ratis-server-api/2.5.1/ratis-server-api-2.5.1.jar:/home/runner/.m2/repository/org/apache/ratis/ratis-metrics/2.5.1/ratis-metrics-2.5.1.jar:/home/runner/.m2/repository/io/prometheus/simpleclient_dropwizard/0.7.0/simpleclient_dropwizard-0.7.0.jar:/home/runner/.m2/repository/io/prometheus/simpleclient/0.7.0/simpleclient-0.7.0.jar:/home/runner/.m2/repository/io/prometheus/simpleclient_common/0.7.0/simpleclient_common-0.7.0.jar:/home/runner/.m2/repository/com/fasterxml/jackson/datatype/jackson-datatype-jsr310/2.13.4/jackson-datatype-jsr310-2.13.4.jar:/home/runner/.m2/repository/com/fasterxml/jackson/core/jackson-core/2.13.4/jackson-core-2.13.4.jar:/home/runner/.m2/repository/com/github/spotbugs/spotbugs-annotations/3.1.12/spotbugs-annotations-3.1.12.jar:/home/runner/.m2/repository/org/apache/ozone/rocksdb-checkpoint-differ/1.4.0-SNAPSHOT/rocksdb-checkpoint-differ-1.4.0-SNAPSHOT.jar:/home/runner/.m2/repository/org/jgrapht/jgrapht-core/1.0.1/jgrapht-core-1.0.1.jar:/home/runner/.m2/repository/org/jgrapht/jgrapht-ext/1.0.1/jgrapht-ext-1.0.1.jar:/home/runner/.m2/repository/org/tinyjee/jgraphx/jgraphx/2.0.0.1/jgraphx-2.0.0.1.jar:/home/runner/.m2/repository/jgraph/jgraph/5.13.0.0/jgraph-5.13.0.0.jar:/home/runner/.m2/repository/org/antlr/antlr4-runtime/4.5.3/antlr4-runtime-4.5.3.jar:/home/runner/.m2/repository/org/awaitility/awaitility/4.2.0/awaitility-4.2.0.jar:/home/runner/.m2/repository/org/hamcrest/hamcrest/2.1/hamcrest-2.1.jar:/home/runner/.m2/repository/org/apache/ozone/ozone-manager/1.4.0-SNAPSHOT/ozone-manager-1.4.0-SNAPSHOT.jar:/home/runner/.m2/repository/org/aspectj/aspectjrt/1.9.7/aspectjrt-1.9.7.jar:/home/runner/.m2/repository/org/aspectj/aspectjweaver/1.9.7/aspectjweaver-1.9.7.jar:/home/runner/.m2/repository/org/apache/ozone/hdds-interface-client/1.4.0-SNAPSHOT/hdds-interface-client-1.4.0-SNAPSHOT.jar:/home/runner/.m2/repository/org/apache/hadoop/thirdparty/hadoop-shaded-protobuf_3_7/1.1.1/hadoop-shaded-protobuf_3_7-1.1.1.jar:/home/runner/.m2/repository/org/apache/ozone/ozone-interface-storage/1.4.0-SNAPSHOT/ozone-interface-storage-1.4.0-SNAPSHOT.jar:/home/runner/.m2/repository/org/reflections/reflections/0.9.11/reflections-0.9.11.jar:/home/runner/.m2/repository/com/sun/jersey/jersey-client/1.19/jersey-client-1.19.jar:/home/runner/.m2/repository/org/codehaus/jackson/jackson-core-asl/1.9.13/jackson-core-asl-1.9.13.jar:/home/runner/.m2/repository/org/codehaus/jackson/jackson-mapper-asl/1.9.13/jackson-mapper-asl-1.9.13.jar:/home/runner/.m2/repository/org/codehaus/jackson/jackson-jaxrs/1.9.13/jackson-jaxrs-1.9.13.jar:/home/runner/.m2/repository/org/apache/ranger/ranger-intg/2.3.0/ranger-intg-2.3.0.jar:/home/runner/.m2/repository/org/apache/ranger/ranger-plugins-common/2.3.0/ranger-plugins-common-2.3.0.jar:/home/runner/.m2/repository/commons-lang/commons-lang/2.6/commons-lang-2.6.jar:/home/runner/.m2/repository/org/apache/ranger/ranger-plugins-cred/2.3.0/ranger-plugins-cred-2.3.0.jar:/home/runner/.m2/repository/org/apache/ranger/ranger-plugins-audit/2.3.0/ranger-plugins-audit-2.3.0.jar:/home/runner/.m2/repository/org/eclipse/jetty/jetty-client/9.4.53.v20231009/jetty-client-9.4.53.v20231009.jar:/home/runner/.m2/repository/org/apache/httpcomponents/httpmime/4.5.6/httpmime-4.5.6.jar:/home/runner/.m2/repository/org/apache/httpcomponents/httpcore-nio/4.4.13/httpcore-nio-4.4.13.jar:/home/runner/.m2/repository/org/apache/httpcomponents/httpasyncclient/4.1.3/httpasyncclient-4.1.3.jar:/home/runner/.m2/repository/com/carrotsearch/hppc/0.8.0/hppc-0.8.0.jar:/home/runner/.m2/repository/org/apache/orc/orc-core/1.5.8/orc-core-1.5.8.jar:/home/runner/.m2/repository/net/java/dev/jna/jna/5.2.0/jna-5.2.0.jar:/home/runner/.m2/repository/net/java/dev/jna/jna-platform/5.2.0/jna-platform-5.2.0.jar:/home/runner/.m2/repository/com/kstruct/gethostname4j/0.0.2/gethostname4j-0.0.2.jar:/home/runner/.m2/repository/org/apache/ranger/ranger-plugin-classloader/2.3.0/ranger-plugin-classloader-2.3.0.jar:/home/runner/.m2/repository/org/apache/ozone/hdds-rocks-native/1.4.0-SNAPSHOT/hdds-rocks-native-1.4.0-SNAPSHOT.jar:/home/runner/.m2/repository/org/apache/hadoop/hadoop-minikdc/3.3.6/hadoop-minikdc-3.3.6.jar:/home/runner/.m2/repository/org/apache/kerby/kerb-simplekdc/1.0.1/kerb-simplekdc-1.0.1.jar:/home/runner/.m2/repository/org/apache/kerby/kerb-client/1.0.1/kerb-client-1.0.1.jar:/home/runner/.m2/repository/org/apache/kerby/kerby-config/1.0.1/kerby-config-1.0.1.jar:/home/runner/.m2/repository/org/apache/kerby/kerb-common/1.0.1/kerb-common-1.0.1.jar:/home/runner/.m2/repository/org/apache/kerby/kerb-crypto/1.0.1/kerb-crypto-1.0.1.jar:/home/runner/.m2/repository/org/apache/kerby/kerb-util/1.0.1/kerb-util-1.0.1.jar:/home/runner/.m2/repository/org/apache/kerby/token-provider/1.0.1/token-provider-1.0.1.jar:/home/runner/.m2/repository/org/apache/kerby/kerb-admin/1.0.1/kerb-admin-1.0.1.jar:/home/runner/.m2/repository/org/apache/kerby/kerb-server/1.0.1/kerb-server-1.0.1.jar:/home/runner/.m2/repository/org/apache/kerby/kerb-identity/1.0.1/kerb-identity-1.0.1.jar:/home/runner/.m2/repository/org/apache/kerby/kerby-xdr/1.0.1/kerby-xdr-1.0.1.jar:/home/runner/.m2/repository/org/apache/ozone/ozone-s3gateway/1.4.0-SNAPSHOT/ozone-s3gateway-1.4.0-SNAPSHOT.jar:/home/runner/.m2/repository/org/javassist/javassist/3.21.0-GA/javassist-3.21.0-GA.jar:/home/runner/.m2/repository/org/jboss/weld/servlet/weld-servlet-shaded/3.1.9.Final/weld-servlet-shaded-3.1.9.Final.jar:/home/runner/.m2/repository/org/glassfish/jersey/containers/jersey-container-servlet-core/2.34/jersey-container-servlet-core-2.34.jar:/home/runner/.m2/repository/org/glassfish/hk2/external/jakarta.inject/2.6.1/jakarta.inject-2.6.1.jar:/home/runner/.m2/repository/org/glassfish/jersey/core/jersey-common/2.34/jersey-common-2.34.jar:/home/runner/.m2/repository/jakarta/ws/rs/jakarta.ws.rs-api/2.1.6/jakarta.ws.rs-api-2.1.6.jar:/home/runner/.m2/repository/org/glassfish/jersey/ext/cdi/jersey-cdi1x/2.34/jersey-cdi1x-2.34.jar:/home/runner/.m2/repository/org/glassfish/jersey/inject/jersey-hk2/2.34/jersey-hk2-2.34.jar:/home/runner/.m2/repository/org/glassfish/hk2/hk2-locator/2.6.1/hk2-locator-2.6.1.jar:/home/runner/.m2/repository/org/glassfish/jersey/media/jersey-media-jaxb/2.34/jersey-media-jaxb-2.34.jar:/home/runner/.m2/repository/org/glassfish/hk2/osgi-resource-locator/1.0.3/osgi-resource-locator-1.0.3.jar:/home/runner/.m2/repository/org/glassfish/hk2/hk2-api/2.5.0/hk2-api-2.5.0.jar:/home/runner/.m2/repository/org/glassfish/hk2/hk2-utils/2.5.0/hk2-utils-2.5.0.jar:/home/runner/.m2/repository/org/glassfish/hk2/external/aopalliance-repackaged/2.5.0/aopalliance-repackaged-2.5.0.jar:/home/runner/.m2/repository/com/fasterxml/jackson/dataformat/jackson-dataformat-xml/2.13.4/jackson-dataformat-xml-2.13.4.jar:/home/runner/.m2/repository/org/codehaus/woodstox/stax2-api/4.2.1/stax2-api-4.2.1.jar:/home/runner/.m2/repository/com/fasterxml/woodstox/woodstox-core/5.4.0/woodstox-core-5.4.0.jar:/home/runner/.m2/repository/com/fasterxml/jackson/module/jackson-module-jaxb-annotations/2.13.4/jackson-module-jaxb-annotations-2.13.4.jar:/home/runner/.m2/repository/jakarta/xml/bind/jakarta.xml.bind-api/2.3.3/jakarta.xml.bind-api-2.3.3.jar:/home/runner/.m2/repository/jakarta/activation/jakarta.activation-api/1.2.2/jakarta.activation-api-1.2.2.jar:/home/runner/.m2/repository/javax/enterprise/cdi-api/2.0/cdi-api-2.0.jar:/home/runner/.m2/repository/javax/el/javax.el-api/3.0.0/javax.el-api-3.0.0.jar:/home/runner/.m2/repository/javax/interceptor/javax.interceptor-api/1.2/javax.interceptor-api-1.2.jar:/home/runner/.m2/repository/javax/inject/javax.inject/1/javax.inject-1.jar:/home/runner/.m2/repository/javax/xml/bind/jaxb-api/2.3.0/jaxb-api-2.3.0.jar:/home/runner/.m2/repository/org/glassfish/jaxb/jaxb-runtime/2.3.0.1/jaxb-runtime-2.3.0.1.jar:/home/runner/.m2/repository/org/glassfish/jaxb/jaxb-core/2.3.0.1/jaxb-core-2.3.0.1.jar:/home/runner/.m2/repository/org/glassfish/jaxb/txw2/2.3.0.1/txw2-2.3.0.1.jar:/home/runner/.m2/repository/com/sun/istack/istack-commons-runtime/3.0.5/istack-commons-runtime-3.0.5.jar:/home/runner/.m2/repository/org/jvnet/staxex/stax-ex/1.7.8/stax-ex-1.7.8.jar:/home/runner/.m2/repository/com/sun/xml/fastinfoset/FastInfoset/1.2.13/FastInfoset-1.2.13.jar:/home/runner/.m2/repository/javax/activation/activation/1.1.1/activation-1.1.1.jar:/home/runner/.m2/repository/io/grpc/grpc-protobuf/1.51.1/grpc-protobuf-1.51.1.jar:/home/runner/.m2/repository/com/google/api/grpc/proto-google-common-protos/2.9.0/proto-google-common-protos-2.9.0.jar:/home/runner/.m2/repository/io/grpc/grpc-protobuf-lite/1.51.1/grpc-protobuf-lite-1.51.1.jar:/home/runner/.m2/repository/io/grpc/grpc-stub/1.51.1/grpc-stub-1.51.1.jar:/home/runner/.m2/repository/io/netty/netty-transport/4.1.94.Final/netty-transport-4.1.94.Final.jar:/home/runner/.m2/repository/io/netty/netty-resolver/4.1.94.Final/netty-resolver-4.1.94.Final.jar:/home/runner/.m2/repository/org/apache/ozone/ozone-csi/1.4.0-SNAPSHOT/ozone-csi-1.4.0-SNAPSHOT.jar:/home/runner/.m2/repository/com/google/protobuf/protobuf-java-util/3.19.6/protobuf-java-util-3.19.6.jar:/home/runner/.m2/repository/com/google/code/gson/gson/2.9.0/gson-2.9.0.jar:/home/runner/.m2/repository/org/apache/ozone/hdds-config/1.4.0-SNAPSHOT/hdds-config-1.4.0-SNAPSHOT.jar:/home/runner/.m2/repository/io/netty/netty-transport-native-epoll/4.1.94.Final/netty-transport-native-epoll-4.1.94.Final-linux-x86_64.jar:/home/runner/.m2/repository/io/netty/netty-transport-classes-epoll/4.1.94.Final/netty-transport-classes-epoll-4.1.94.Final.jar:/home/runner/.m2/repository/io/netty/netty-transport-native-unix-common/4.1.94.Final/netty-transport-native-unix-common-4.1.94.Final.jar:/home/runner/.m2/repository/org/apache/ozone/ozone-recon/1.4.0-SNAPSHOT/ozone-recon-1.4.0-SNAPSHOT.jar:/home/runner/.m2/repository/org/apache/ozone/ozone-reconcodegen/1.4.0-SNAPSHOT/ozone-reconcodegen-1.4.0-SNAPSHOT.jar:/home/runner/.m2/repository/com/google/inject/guice/5.1.0/guice-5.1.0.jar:/home/runner/.m2/repository/aopalliance/aopalliance/1.0/aopalliance-1.0.jar:/home/runner/.m2/repository/com/google/inject/extensions/guice-assistedinject/5.1.0/guice-assistedinject-5.1.0.jar:/home/runner/.m2/repository/com/google/inject/extensions/guice-servlet/5.1.0/guice-servlet-5.1.0.jar:/home/runner/.m2/repository/org/glassfish/jersey/containers/jersey-container-servlet/2.34/jersey-container-servlet-2.34.jar:/home/runner/.m2/repository/org/glassfish/hk2/guice-bridge/2.5.0/guice-bridge-2.5.0.jar:/home/runner/.m2/repository/org/glassfish/jersey/core/jersey-server/2.34/jersey-server-2.34.jar:/home/runner/.m2/repository/org/glassfish/jersey/core/jersey-client/2.34/jersey-client-2.34.jar:/home/runner/.m2/repository/jakarta/annotation/jakarta.annotation-api/1.3.5/jakarta.annotation-api-1.3.5.jar:/home/runner/.m2/repository/jakarta/validation/jakarta.validation-api/2.0.2/jakarta.validation-api-2.0.2.jar:/home/runner/.m2/repository/org/glassfish/jersey/media/jersey-media-json-jackson/2.34/jersey-media-json-jackson-2.34.jar:/home/runner/.m2/repository/org/glassfish/jersey/ext/jersey-entity-filtering/2.34/jersey-entity-filtering-2.34.jar:/home/runner/.m2/repository/org/jooq/jooq/3.11.10/jooq-3.11.10.jar:/home/runner/.m2/repository/org/jooq/jooq-meta/3.11.10/jooq-meta-3.11.10.jar:/home/runner/.m2/repository/org/jooq/jooq-codegen/3.11.10/jooq-codegen-3.11.10.jar:/home/runner/.m2/repository/com/jolbox/bonecp/0.8.0.RELEASE/bonecp-0.8.0.RELEASE.jar:/home/runner/.m2/repository/org/apache/derby/derby/10.14.2.0/derby-10.14.2.0.jar:/home/runner/.m2/repository/org/xerial/sqlite-jdbc/3.41.2.2/sqlite-jdbc-3.41.2.2.jar:/home/runner/.m2/repository/org/springframework/spring-jdbc/5.3.27/spring-jdbc-5.3.27.jar:/home/runner/.m2/repository/org/springframework/spring-beans/5.3.27/spring-beans-5.3.27.jar:/home/runner/.m2/repository/org/springframework/spring-core/5.3.27/spring-core-5.3.27.jar:/home/runner/.m2/repository/org/springframework/spring-tx/5.3.27/spring-tx-5.3.27.jar:/home/runner/.m2/repository/org/apache/ozone/ozone-client/1.4.0-SNAPSHOT/ozone-client-1.4.0-SNAPSHOT.jar:/home/runner/.m2/repository/org/apache/ozone/hdds-erasurecode/1.4.0-SNAPSHOT/hdds-erasurecode-1.4.0-SNAPSHOT.jar:/home/runner/.m2/repository/org/apache/ozone/ozone-filesystem/1.4.0-SNAPSHOT/ozone-filesystem-1.4.0-SNAPSHOT.jar:/home/runner/.m2/repository/org/apache/ozone/ozone-filesystem-common/1.4.0-SNAPSHOT/ozone-filesystem-common-1.4.0-SNAPSHOT.jar:/home/runner/.m2/repository/org/apache/ozone/ozone-tools/1.4.0-SNAPSHOT/ozone-tools-1.4.0-SNAPSHOT.jar:/home/runner/.m2/repository/com/amazonaws/aws-java-sdk-core/1.12.261/aws-java-sdk-core-1.12.261.jar:/home/runner/.m2/repository/org/apache/httpcomponents/httpclient/4.5.13/httpclient-4.5.13.jar:/home/runner/.m2/repository/org/apache/httpcomponents/httpcore/4.4.13/httpcore-4.4.13.jar:/home/runner/.m2/repository/software/amazon/ion/ion-java/1.0.2/ion-java-1.0.2.jar:/home/runner/.m2/repository/com/fasterxml/jackson/dataformat/jackson-dataformat-cbor/2.13.4/jackson-dataformat-cbor-2.13.4.jar:/home/runner/.m2/repository/joda-time/joda-time/2.10.6/joda-time-2.10.6.jar:/home/runner/.m2/repository/com/amazonaws/aws-java-sdk-s3/1.12.261/aws-java-sdk-s3-1.12.261.jar:/home/runner/.m2/repository/com/amazonaws/aws-java-sdk-kms/1.12.261/aws-java-sdk-kms-1.12.261.jar:/home/runner/.m2/repository/com/amazonaws/jmespath-java/1.12.261/jmespath-java-1.12.261.jar:/home/runner/.m2/repository/org/kohsuke/metainf-services/metainf-services/1.8/metainf-services-1.8.jar:/home/runner/.m2/repository/org/apache/ozone/hdds-tools/1.4.0-SNAPSHOT/hdds-tools-1.4.0-SNAPSHOT.jar:/home/runner/.m2/repository/org/apache/ratis/ratis-tools/2.5.1/ratis-tools-2.5.1.jar:/home/runner/.m2/repository/commons-cli/commons-cli/1.2/commons-cli-1.2.jar:/home/runner/.m2/repository/org/apache/commons/commons-lang3/3.7/commons-lang3-3.7.jar:/home/runner/.m2/repository/org/apache/ozone/ozone-manager/1.4.0-SNAPSHOT/ozone-manager-1.4.0-SNAPSHOT-tests.jar:/home/runner/.m2/repository/org/apache/ozone/hdds-common/1.4.0-SNAPSHOT/hdds-common-1.4.0-SNAPSHOT-tests.jar:/home/runner/.m2/repository/org/apache/ozone/hdds-hadoop-dependency-client/1.4.0-SNAPSHOT/hdds-hadoop-dependency-client-1.4.0-SNAPSHOT.jar:/home/runner/.m2/repository/info/picocli/picocli/4.6.1/picocli-4.6.1.jar:/home/runner/.m2/repository/com/fasterxml/jackson/core/jackson-annotations/2.13.4/jackson-annotations-2.13.4.jar:/home/runner/.m2/repository/org/apache/ozone/hdds-annotation-processing/1.4.0-SNAPSHOT/hdds-annotation-processing-1.4.0-SNAPSHOT.jar:/home/runner/.m2/repository/javax/annotation/javax.annotation-api/1.2/javax.annotation-api-1.2.jar:/home/runner/.m2/repository/org/apache/ratis/ratis-netty/2.5.1/ratis-netty-2.5.1.jar:/home/runner/.m2/repository/org/apache/ratis/ratis-grpc/2.5.1/ratis-grpc-2.5.1.jar:/home/runner/.m2/repository/org/apache/commons/commons-pool2/2.6.0/commons-pool2-2.6.0.jar:/home/runner/.m2/repository/org/bouncycastle/bcpkix-jdk15on/1.67/bcpkix-jdk15on-1.67.jar:/home/runner/.m2/repository/commons-validator/commons-validator/1.6/commons-validator-1.6.jar:/home/runner/.m2/repository/commons-beanutils/commons-beanutils/1.9.4/commons-beanutils-1.9.4.jar:/home/runner/.m2/repository/commons-digester/commons-digester/1.8.1/commons-digester-1.8.1.jar:/home/runner/.m2/repository/commons-collections/commons-collections/3.2.2/commons-collections-3.2.2.jar:/home/runner/.m2/repository/io/jaegertracing/jaeger-client/1.6.0/jaeger-client-1.6.0.jar:/home/runner/.m2/repository/io/jaegertracing/jaeger-thrift/1.6.0/jaeger-thrift-1.6.0.jar:/home/runner/.m2/repository/org/apache/thrift/libthrift/0.14.1/libthrift-0.14.1.jar:/home/runner/.m2/repository/io/jaegertracing/jaeger-core/1.6.0/jaeger-core-1.6.0.jar:/home/runner/.m2/repository/io/jaegertracing/jaeger-tracerresolver/1.6.0/jaeger-tracerresolver-1.6.0.jar:/home/runner/.m2/repository/io/opentracing/contrib/opentracing-tracerresolver/0.1.8/opentracing-tracerresolver-0.1.8.jar:/home/runner/.m2/repository/org/jetbrains/kotlin/kotlin-stdlib/1.6.21/kotlin-stdlib-1.6.21.jar:/home/runner/.m2/repository/org/jetbrains/annotations/13.0/annotations-13.0.jar:/home/runner/.m2/repository/io/opentracing/opentracing-util/0.33.0/opentracing-util-0.33.0.jar:/home/runner/.m2/repository/io/opentracing/opentracing-api/0.33.0/opentracing-api-0.33.0.jar:/home/runner/.m2/repository/io/opentracing/opentracing-noop/0.33.0/opentracing-noop-0.33.0.jar:/home/runner/.m2/repository/org/yaml/snakeyaml/2.0/snakeyaml-2.0.jar:/home/runner/.m2/repository/io/grpc/grpc-api/1.51.1/grpc-api-1.51.1.jar:/home/runner/.m2/repository/io/grpc/grpc-context/1.51.1/grpc-context-1.51.1.jar:/home/runner/.m2/repository/com/fasterxml/uuid/java-uuid-generator/4.3.0/java-uuid-generator-4.3.0.jar:/home/runner/.m2/repository/junit/junit/4.13.1/junit-4.13.1.jar:/home/runner/.m2/repository/org/hamcrest/hamcrest-core/1.3/hamcrest-core-1.3.jar:/home/runner/.m2/repository/org/junit/jupiter/junit-jupiter-api/5.8.2/junit-jupiter-api-5.8.2.jar:/home/runner/.m2/repository/org/opentest4j/opentest4j/1.2.0/opentest4j-1.2.0.jar:/home/runner/.m2/repository/org/junit/platform/junit-platform-commons/1.8.2/junit-platform-commons-1.8.2.jar:/home/runner/.m2/repository/org/apiguardian/apiguardian-api/1.1.2/apiguardian-api-1.1.2.jar:/home/runner/.m2/repository/org/junit/jupiter/junit-jupiter-params/5.8.2/junit-jupiter-params-5.8.2.jar:/home/runner/.m2/repository/org/junit/jupiter/junit-jupiter-migrationsupport/5.8.2/junit-jupiter-migrationsupport-5.8.2.jar:/home/runner/.m2/repository/org/junit/jupiter/junit-jupiter-engine/5.8.2/junit-jupiter-engine-5.8.2.jar:/home/runner/.m2/repository/org/junit/platform/junit-platform-engine/1.8.2/junit-platform-engine-1.8.2.jar:/home/runner/.m2/repository/org/junit/vintage/junit-vintage-engine/5.8.2/junit-vintage-engine-5.8.2.jar:/home/runner/.m2/repository/org/junit/platform/junit-platform-launcher/1.8.2/junit-platform-launcher-1.8.2.jar:/home/runner/.m2/repository/org/mockito/mockito-core/3.5.9/mockito-core-3.5.9.jar:/home/runner/.m2/repository/net/bytebuddy/byte-buddy/1.10.13/byte-buddy-1.10.13.jar:/home/runner/.m2/repository/net/bytebuddy/byte-buddy-agent/1.10.13/byte-buddy-agent-1.10.13.jar:/home/runner/.m2/repository/org/objenesis/objenesis/1.0/objenesis-1.0.jar:/home/runner/.m2/repository/org/apache/hadoop/hadoop-kms/3.3.6/hadoop-kms-3.3.6.jar:/home/runner/.m2/repository/org/apache/hadoop/hadoop-auth/3.3.6/hadoop-auth-3.3.6.jar:/home/runner/.m2/repository/com/nimbusds/nimbus-jose-jwt/9.8.1/nimbus-jose-jwt-9.8.1.jar:/home/runner/.m2/repository/com/github/stephenc/jcip/jcip-annotations/1.0-1/jcip-annotations-1.0-1.jar:/home/runner/.m2/repository/org/apache/zookeeper/zookeeper/3.5.6/zookeeper-3.5.6.jar:/home/runner/.m2/repository/org/apache/zookeeper/zookeeper-jute/3.5.6/zookeeper-jute-3.5.6.jar:/home/runner/.m2/repository/org/apache/yetus/audience-annotations/0.5.0/audience-annotations-0.5.0.jar:/home/runner/.m2/repository/org/apache/curator/curator-framework/4.2.0/curator-framework-4.2.0.jar:/home/runner/.m2/repository/org/apache/hadoop/thirdparty/hadoop-shaded-guava/1.1.1/hadoop-shaded-guava-1.1.1.jar:/home/runner/.m2/repository/com/sun/jersey/jersey-core/1.19/jersey-core-1.19.jar:/home/runner/.m2/repository/javax/ws/rs/jsr311-api/1.1.1/jsr311-api-1.1.1.jar:/home/runner/.m2/repository/com/sun/jersey/jersey-server/1.19/jersey-server-1.19.jar:/home/runner/.m2/repository/javax/servlet/javax.servlet-api/3.1.0/javax.servlet-api-3.1.0.jar:/home/runner/.m2/repository/org/apache/hadoop/hadoop-common/3.3.6/hadoop-common-3.3.6.jar:/home/runner/.m2/repository/org/apache/commons/commons-math3/3.1.1/commons-math3-3.1.1.jar:/home/runner/.m2/repository/commons-net/commons-net/3.9.0/commons-net-3.9.0.jar:/home/runner/.m2/repository/com/sun/jersey/jersey-servlet/1.19/jersey-servlet-1.19.jar:/home/runner/.m2/repository/com/github/pjfanning/jersey-json/1.20/jersey-json-1.20.jar:/home/runner/.m2/repository/org/codehaus/jettison/jettison/1.1/jettison-1.1.jar:/home/runner/.m2/repository/com/sun/xml/bind/jaxb-impl/2.2.3-1/jaxb-impl-2.2.3-1.jar:/home/runner/.m2/repository/com/google/re2j/re2j/1.1/re2j-1.1.jar:/home/runner/.m2/repository/com/jcraft/jsch/0.1.54/jsch-0.1.54.jar:/home/runner/.m2/repository/org/apache/curator/curator-client/4.2.0/curator-client-4.2.0.jar:/home/runner/.m2/repository/org/apache/curator/curator-recipes/5.2.0/curator-recipes-5.2.0.jar:/home/runner/.m2/repository/org/apache/kerby/kerb-core/1.0.1/kerb-core-1.0.1.jar:/home/runner/.m2/repository/org/apache/kerby/kerby-pkix/1.0.1/kerby-pkix-1.0.1.jar:/home/runner/.m2/repository/org/apache/kerby/kerby-asn1/1.0.1/kerby-asn1-1.0.1.jar:/home/runner/.m2/repository/org/apache/kerby/kerby-util/1.0.1/kerby-util-1.0.1.jar:/home/runner/.m2/repository/dnsjava/dnsjava/2.1.7/dnsjava-2.1.7.jar:/home/runner/.m2/repository/org/xerial/snappy/snappy-java/1.1.8.2/snappy-java-1.1.8.2.jar:/home/runner/.m2/repository/com/fasterxml/jackson/core/jackson-databind/2.13.4.2/jackson-databind-2.13.4.2.jar:/home/runner/.m2/repository/org/apache/hadoop/hadoop-kms/3.3.6/hadoop-kms-3.3.6-tests.jar:/home/runner/.m2/repository/org/apache/ozone/hdds-server-scm/1.4.0-SNAPSHOT/hdds-server-scm-1.4.0-SNAPSHOT-tests.jar:/home/runner/.m2/repository/org/apache/ozone/hdds-container-service/1.4.0-SNAPSHOT/hdds-container-service-1.4.0-SNAPSHOT-tests.jar:/home/runner/.m2/repository/com/github/luben/zstd-jni/1.5.2-5/zstd-jni-1.5.2-5.jar:/home/runner/.m2/repository/commons-codec/commons-codec/1.15/commons-codec-1.15.jar:/home/runner/.m2/repository/io/netty/netty-codec/4.1.94.Final/netty-codec-4.1.94.Final.jar:/home/runner/.m2/repository/io/netty/netty-handler/4.1.94.Final/netty-handler-4.1.94.Final.jar:/home/runner/.m2/repository/org/apache/ozone/hdds-hadoop-dependency-test/1.4.0-SNAPSHOT/hdds-hadoop-dependency-test-1.4.0-SNAPSHOT.jar:/home/runner/.m2/repository/org/apache/hadoop/hadoop-common/3.3.6/hadoop-common-3.3.6-tests.jar:/home/runner/.m2/repository/org/apache/hadoop/hadoop-hdfs/3.3.6/hadoop-hdfs-3.3.6-tests.jar:/home/runner/.m2/repository/org/assertj/assertj-core/3.12.2/assertj-core-3.12.2.jar:/home/runner/.m2/repository/org/apache/hadoop/hadoop-distcp/3.3.6/hadoop-distcp-3.3.6.jar:/home/runner/.m2/repository/org/apache/hadoop/hadoop-mapreduce-client-jobclient/3.3.6/hadoop-mapreduce-client-jobclient-3.3.6.jar:/home/runner/.m2/repository/org/apache/hadoop/hadoop-mapreduce-client-common/3.3.6/hadoop-mapreduce-client-common-3.3.6.jar:/home/runner/.m2/repository/org/apache/hadoop/hadoop-yarn-common/3.3.6/hadoop-yarn-common-3.3.6.jar:/home/runner/.m2/repository/org/apache/hadoop/hadoop-yarn-api/3.3.6/hadoop-yarn-api-3.3.6.jar:/home/runner/.m2/repository/com/sun/jersey/contribs/jersey-guice/1.19/jersey-guice-1.19.jar:/home/runner/.m2/repository/com/fasterxml/jackson/jaxrs/jackson-jaxrs-json-provider/2.13.4/jackson-jaxrs-json-provider-2.13.4.jar:/home/runner/.m2/repository/com/fasterxml/jackson/jaxrs/jackson-jaxrs-base/2.13.4/jackson-jaxrs-base-2.13.4.jar:/home/runner/.m2/repository/org/apache/hadoop/hadoop-yarn-client/3.3.6/hadoop-yarn-client-3.3.6.jar:/home/runner/.m2/repository/org/eclipse/jetty/websocket/websocket-client/9.4.51.v20230217/websocket-client-9.4.51.v20230217.jar:/home/runner/.m2/repository/org/eclipse/jetty/websocket/websocket-common/9.4.51.v20230217/websocket-common-9.4.51.v20230217.jar:/home/runner/.m2/repository/org/eclipse/jetty/websocket/websocket-api/9.4.51.v20230217/websocket-api-9.4.51.v20230217.jar:/home/runner/.m2/repository/org/jline/jline/3.9.0/jline-3.9.0.jar:/home/runner/.m2/repository/org/apache/hadoop/hadoop-mapreduce-client-core/3.3.6/hadoop-mapreduce-client-core-3.3.6.jar:/home/runner/.m2/repository/org/apache/avro/avro/1.7.7/avro-1.7.7.jar:/home/runner/.m2/repository/com/thoughtworks/paranamer/paranamer/2.3/paranamer-2.3.jar:/home/runner/.m2/repository/org/apache/hadoop/hadoop-annotations/3.3.6/hadoop-annotations-3.3.6.jar:/usr/lib/jvm/temurin-8-jdk-amd64/jre/../lib/tools.jar:/home/runner/.m2/repository/io/netty/netty/3.10.6.Final/netty-3.10.6.Final.jar:/home/runner/.m2/repository/org/apache/hadoop/hadoop-distcp/3.3.6/hadoop-distcp-3.3.6-tests.jar:/home/runner/.m2/repository/org/slf4j/jul-to-slf4j/1.7.36/jul-to-slf4j-1.7.36.jar:"/>
    <property name="sun.cpu.endian" value="little"/>
    <property name="user.home" value="/home/runner"/>
    <property name="user.language" value="en"/>
    <property name="java.specification.vendor" value="Oracle Corporation"/>
    <property name="java.home" value="/usr/lib/jvm/temurin-8-jdk-amd64/jre"/>
    <property name="java.security.krb5.conf" value="/home/runner/work/ozone/ozone/hadoop-ozone/integration-test/target/test-classes/krb5.conf"/>
    <property name="basedir" value="/home/runner/work/ozone/ozone/hadoop-ozone/integration-test"/>
    <property name="file.separator" value="/"/>
    <property name="line.separator" value="&#10;"/>
    <property name="java.vm.specification.vendor" value="Oracle Corporation"/>
    <property name="java.specification.name" value="Java Platform API Specification"/>
    <property name="java.awt.graphicsenv" value="sun.awt.X11GraphicsEnvironment"/>
    <property name="skip.installnpx" value="true"/>
    <property name="surefire.real.class.path" value="/home/runner/work/ozone/ozone/hadoop-ozone/integration-test/target/surefire/surefirebooter1888660071352316403.jar:/home/runner/.m2/repository/org/jacoco/org.jacoco.agent/0.8.5/org.jacoco.agent-0.8.5-runtime.jar"/>
    <property name="hadoop.log.dir" value="/home/runner/work/ozone/ozone/hadoop-ozone/integration-test/target/log"/>
    <property name="sun.boot.class.path" value="/usr/lib/jvm/temurin-8-jdk-amd64/jre/lib/resources.jar:/usr/lib/jvm/temurin-8-jdk-amd64/jre/lib/rt.jar:/usr/lib/jvm/temurin-8-jdk-amd64/jre/lib/sunrsasign.jar:/usr/lib/jvm/temurin-8-jdk-amd64/jre/lib/jsse.jar:/usr/lib/jvm/temurin-8-jdk-amd64/jre/lib/jce.jar:/usr/lib/jvm/temurin-8-jdk-amd64/jre/lib/charsets.jar:/usr/lib/jvm/temurin-8-jdk-amd64/jre/lib/jfr.jar:/usr/lib/jvm/temurin-8-jdk-amd64/jre/classes"/>
    <property name="sun.management.compiler" value="HotSpot 64-Bit Tiered Compilers"/>
    <property name="skip.npx" value="true"/>
    <property name="java.runtime.version" value="1.8.0_382-b05"/>
    <property name="java.net.preferIPv4Stack" value="true"/>
    <property name="user.name" value="runner"/>
    <property name="path.separator" value=":"/>
    <property name="java.security.egd" value="file:///dev/urandom"/>
    <property name="os.version" value="5.15.0-1047-azure"/>
    <property name="java.endorsed.dirs" value="/usr/lib/jvm/temurin-8-jdk-amd64/jre/lib/endorsed"/>
    <property name="java.runtime.name" value="OpenJDK Runtime Environment"/>
    <property name="file.encoding" value="UTF-8"/>
    <property name="java.vm.name" value="OpenJDK 64-Bit Server VM"/>
    <property name="test.build.webapps" value=""/>
    <property name="localRepository" value="/home/runner/.m2/repository"/>
    <property name="jetty.git.hash" value="27bde00a0b95a1d5bbee0eae7984f891d2d0f8c9"/>
    <property name="java.vendor.url.bug" value="https://github.com/adoptium/adoptium-support/issues"/>
    <property name="java.io.tmpdir" value="/tmp"/>
    <property name="require.test.libhadoop" value=""/>
    <property name="java.version" value="1.8.0_382"/>
    <property name="user.dir" value="/home/runner/work/ozone/ozone/hadoop-ozone/integration-test"/>
    <property name="os.arch" value="amd64"/>
    <property name="java.vm.specification.name" value="Java Virtual Machine Specification"/>
    <property name="test.build.classes" value="/home/runner/work/ozone/ozone/hadoop-ozone/integration-test/target/test-classes"/>
    <property name="java.awt.printerjob" value="sun.print.PSPrinterJob"/>
    <property name="sun.os.patch.level" value="unknown"/>
    <property name="org.apache.ratis.thirdparty.io.netty.allocator.useCacheForAllThreads" value="false"/>
    <property name="hadoop.tmp.dir" value="/home/runner/work/ozone/ozone/hadoop-ozone/integration-test/target/tmp"/>
    <property name="java.library.path" value="/usr/java/packages/lib/amd64:/usr/lib64:/lib64:/lib:/usr/lib"/>
    <property name="java.vm.info" value="mixed mode"/>
    <property name="java.vendor" value="Temurin"/>
    <property name="java.vm.version" value="25.382-b05"/>
    <property name="java.specification.maintenance.version" value="5"/>
    <property name="java.ext.dirs" value="/usr/lib/jvm/temurin-8-jdk-amd64/jre/lib/ext:/usr/java/packages/lib/ext"/>
    <property name="sun.io.unicode.encoding" value="UnicodeLittle"/>
    <property name="java.class.version" value="52.0"/>
  </properties>
  <testcase name="testBlockDeletionTransactions" classname="org.apache.hadoop.ozone.scm.TestStorageContainerManager" time="30.116">
    <system-out><![CDATA[2023-10-17 18:42:20,781 [Time-limited test] WARN  server.ServerUtils (ServerUtils.java:getScmDbDir(155)) - ozone.scm.db.dirs is not configured. We recommend adding this setting. Falling back to ozone.metadata.dirs instead.
2023-10-17 18:42:20,976 [Time-limited test] INFO  reflections.Reflections (Reflections.java:scan(232)) - Reflections took 154 ms to scan 7 urls, producing 164 keys and 384 values 
2023-10-17 18:42:21,081 [Time-limited test] WARN  server.ServerUtils (ServerUtils.java:getScmDbDir(155)) - ozone.scm.db.dirs is not configured. We recommend adding this setting. Falling back to ozone.metadata.dirs instead.
2023-10-17 18:42:21,084 [Time-limited test] INFO  ha.SCMHANodeDetails (SCMHANodeDetails.java:loadSCMHAConfig(210)) - ServiceID for StorageContainerManager is null
2023-10-17 18:42:21,091 [Time-limited test] WARN  ha.SCMHANodeDetails (SCMHANodeDetails.java:validateSCMHAConfig(183)) - Invalid config ozone.scm.ratis.enable. The config was not specified, but the default value true conflicts with the expected config value false. Falling back to the expected value. Current State of SCM: SCM is running in Non-HA without Ratis Ratis SCM -> Non Ratis SCM or Non HA SCM -> HA SCM is not supported
2023-10-17 18:42:21,091 [Time-limited test] INFO  ha.SCMHANodeDetails (SCMHANodeDetails.java:loadSCMHAConfig(215)) - ozone.scm.default.service.id is not defined, falling back to ozone.scm.service.ids to find serviceID for StorageContainerManager if it is HA enabled cluster
2023-10-17 18:42:21,773 [Time-limited test] WARN  utils.HAUtils (HAUtils.java:getMetaDir(339)) - ozone.scm.db.dirs is not configured. We recommend adding this setting. Falling back to ozone.metadata.dirs instead.
2023-10-17 18:42:21,938 [Time-limited test] WARN  db.DBStoreBuilder (DBStoreBuilder.java:applyDBDefinition(167)) - ozone.scm.db.dirs is not configured. We recommend adding this setting. Falling back to ozone.metadata.dirs instead.
2023-10-17 18:42:22,156 [Time-limited test] INFO  net.NodeSchemaLoader (NodeSchemaLoader.java:loadSchemaFromFile(129)) - Loading schema from [jar:file:/home/runner/.m2/repository/org/apache/ozone/hdds-common/1.4.0-SNAPSHOT/hdds-common-1.4.0-SNAPSHOT.jar!/network-topology-default.xml]
2023-10-17 18:42:22,157 [Time-limited test] INFO  net.NodeSchemaLoader (NodeSchemaLoader.java:loadSchema(176)) - Loading network topology layer schema file
2023-10-17 18:42:22,198 [Time-limited test] INFO  metrics.MetricRegistries (MetricRegistriesLoader.java:load(64)) - Loaded MetricRegistries class org.apache.ratis.metrics.impl.MetricRegistriesImpl
2023-10-17 18:42:22,212 [Time-limited test] INFO  upgrade.AbstractLayoutVersionManager (AbstractLayoutVersionManager.java:init(83)) - Initializing Layout version manager with metadata layout = HADOOP_PRC_PORTS_IN_DATANODEDETAILS (version = 7), software layout = HADOOP_PRC_PORTS_IN_DATANODEDETAILS (version = 7)
2023-10-17 18:42:22,391 [Time-limited test] INFO  ha.SequenceIdGenerator (SequenceIdGenerator.java:upgradeToSequenceId(365)) - upgrade localId to 111677748019200000
2023-10-17 18:42:22,392 [Time-limited test] INFO  ha.SequenceIdGenerator (SequenceIdGenerator.java:upgradeToSequenceId(375)) - upgrade delTxnId to 0
2023-10-17 18:42:22,398 [Time-limited test] INFO  ha.SequenceIdGenerator (SequenceIdGenerator.java:upgradeToSequenceId(392)) - upgrade containerId to 0
2023-10-17 18:42:22,403 [Time-limited test] INFO  ha.SequenceIdGenerator (SequenceIdGenerator.java:upgradeToSequenceId(428)) - upgrade rootCertificateId to 1
2023-10-17 18:42:22,405 [Time-limited test] INFO  ha.SequenceIdGenerator (SequenceIdGenerator.java:<init>(236)) - Init the HA SequenceIdGenerator.
2023-10-17 18:42:22,444 [Time-limited test] WARN  server.ServerUtils (ServerUtils.java:sanitizeUserArgs(80)) - ozone.scm.stale.node.interval value = 300000 is larger than max = 100000 based on the key value of ozone.scm.heartbeat.thread.interval, reset to the max value 100000.
2023-10-17 18:42:22,444 [Time-limited test] WARN  server.ServerUtils (ServerUtils.java:sanitizeUserArgs(80)) - ozone.scm.stale.node.interval value = 300000 is larger than max = 100000 based on the key value of ozone.scm.heartbeat.thread.interval, reset to the max value 100000.
2023-10-17 18:42:22,450 [Time-limited test] INFO  node.SCMNodeManager (SCMNodeManager.java:<init>(157)) - Entering startup safe mode.
2023-10-17 18:42:22,473 [Time-limited test] INFO  algorithms.ContainerPlacementPolicyFactory (ContainerPlacementPolicyFactory.java:getPolicyInternal(86)) - Create container placement policy of type org.apache.hadoop.hdds.scm.container.placement.algorithms.SCMContainerPlacementRackAware
2023-10-17 18:42:22,477 [Time-limited test] INFO  algorithms.ContainerPlacementPolicyFactory (ContainerPlacementPolicyFactory.java:getPolicyInternal(86)) - Create container placement policy of type org.apache.hadoop.hdds.scm.container.placement.algorithms.SCMContainerPlacementRackScatter
2023-10-17 18:42:22,486 [Time-limited test] INFO  pipeline.PipelineStateManagerImpl (PipelineStateManagerImpl.java:initialize(78)) - No pipeline exists in current db
2023-10-17 18:42:22,501 [Time-limited test] INFO  algorithms.LeaderChoosePolicyFactory (LeaderChoosePolicyFactory.java:getPolicy(57)) - Create leader choose policy of type org.apache.hadoop.hdds.scm.pipeline.leader.choose.algorithms.MinLeaderCountChoosePolicy
2023-10-17 18:42:22,502 [Time-limited test] INFO  algorithms.ContainerPlacementPolicyFactory (ContainerPlacementPolicyFactory.java:getPolicyInternal(86)) - Create container placement policy of type org.apache.hadoop.hdds.scm.container.placement.algorithms.SCMContainerPlacementRackScatter
2023-10-17 18:42:22,508 [Time-limited test] INFO  ha.SCMServiceManager (SCMServiceManager.java:register(42)) - Registering service BackgroundPipelineCreator.
2023-10-17 18:42:22,508 [Time-limited test] INFO  pipeline.BackgroundPipelineCreator (BackgroundPipelineCreator.java:start(124)) - Starting RatisPipelineUtilsThread.
2023-10-17 18:42:22,511 [Time-limited test] INFO  BackgroundPipelineScrubber (BackgroundSCMService.java:start(68)) - Starting BackgroundPipelineScrubber Service.
2023-10-17 18:42:22,512 [Time-limited test] INFO  ha.SCMServiceManager (SCMServiceManager.java:register(42)) - Registering service BackgroundPipelineScrubber.
2023-10-17 18:42:22,518 [Time-limited test] INFO  ExpiredContainerReplicaOpScrubber (BackgroundSCMService.java:start(68)) - Starting ExpiredContainerReplicaOpScrubber Service.
2023-10-17 18:42:22,519 [Time-limited test] INFO  ha.SCMServiceManager (SCMServiceManager.java:register(42)) - Registering service ExpiredContainerReplicaOpScrubber.
2023-10-17 18:42:22,544 [Time-limited test] INFO  algorithms.PipelineChoosePolicyFactory (PipelineChoosePolicyFactory.java:createPipelineChoosePolicyFromClass(78)) - Create pipeline choose policy of type org.apache.hadoop.hdds.scm.pipeline.choose.algorithms.RandomPipelineChoosePolicy
2023-10-17 18:42:22,554 [Time-limited test] INFO  algorithms.PipelineChoosePolicyFactory (PipelineChoosePolicyFactory.java:createPipelineChoosePolicyFromClass(78)) - Create pipeline choose policy of type org.apache.hadoop.hdds.scm.pipeline.choose.algorithms.RandomPipelineChoosePolicy
2023-10-17 18:42:22,578 [Time-limited test] INFO  ha.SCMServiceManager (SCMServiceManager.java:register(42)) - Registering service SCMBlockDeletingService.
2023-10-17 18:42:22,653 [Time-limited test] INFO  replication.ReplicationManager (ReplicationManager.java:start(291)) - Starting Replication Monitor Thread.
2023-10-17 18:42:22,654 [Time-limited test] INFO  ha.SCMServiceManager (SCMServiceManager.java:register(42)) - Registering service ReplicationManager.
2023-10-17 18:42:22,658 [ReplicationMonitor] INFO  replication.ReplicationManager (ReplicationManager.java:processAll(365)) - Replication Manager is not ready to run until 3000ms after safemode exit
2023-10-17 18:42:22,672 [Time-limited test] INFO  safemode.ContainerSafeModeRule (ContainerSafeModeRule.java:<init>(90)) - containers with one replica threshold count 0
2023-10-17 18:42:22,676 [Time-limited test] INFO  safemode.HealthyPipelineSafeModeRule (HealthyPipelineSafeModeRule.java:initializeRule(169)) - Total pipeline count is 0, healthy pipeline threshold count is 1
2023-10-17 18:42:22,678 [Time-limited test] INFO  safemode.OneReplicaPipelineSafeModeRule (OneReplicaPipelineSafeModeRule.java:initializeRule(180)) - Total pipeline count is 0, pipeline's with at least one datanode reported threshold count is 0
2023-10-17 18:42:22,724 [Time-limited test] INFO  server.StorageContainerManager (StorageContainerManager.java:<init>(427)) - SCM start with adminUsers: [runner]
2023-10-17 18:42:23,087 [Time-limited test] INFO  audit.AuditLogger (AuditLogger.java:refreshDebugCmdSet(126)) - Refresh DebugCmdSet for SCMAudit to [].
2023-10-17 18:42:23,119 [Time-limited test] INFO  ipc.CallQueueManager (CallQueueManager.java:<init>(90)) - Using callQueue: class java.util.concurrent.LinkedBlockingQueue, queueCapacity: 2000, scheduler: class org.apache.hadoop.ipc.DefaultRpcScheduler, ipcBackoff: false.
2023-10-17 18:42:23,153 [Time-limited test] INFO  ipc.Server (Server.java:<init>(1287)) - Listener at 0.0.0.0:15002
2023-10-17 18:42:23,157 [Socket Reader #1 for port 15002] INFO  ipc.Server (Server.java:run(1323)) - Starting Socket Reader #1 for port 15002
2023-10-17 18:42:23,215 [Time-limited test] INFO  audit.AuditLogger (AuditLogger.java:refreshDebugCmdSet(126)) - Refresh DebugCmdSet for SCMAudit to [].
2023-10-17 18:42:23,221 [Time-limited test] INFO  ipc.CallQueueManager (CallQueueManager.java:<init>(90)) - Using callQueue: class java.util.concurrent.LinkedBlockingQueue, queueCapacity: 2000, scheduler: class org.apache.hadoop.ipc.DefaultRpcScheduler, ipcBackoff: false.
2023-10-17 18:42:23,221 [Time-limited test] INFO  ipc.Server (Server.java:<init>(1287)) - Listener at 0.0.0.0:15001
2023-10-17 18:42:23,222 [Socket Reader #1 for port 15001] INFO  ipc.Server (Server.java:run(1323)) - Starting Socket Reader #1 for port 15001
2023-10-17 18:42:23,262 [Time-limited test] INFO  audit.AuditLogger (AuditLogger.java:refreshDebugCmdSet(126)) - Refresh DebugCmdSet for SCMAudit to [].
2023-10-17 18:42:23,281 [Time-limited test] INFO  ipc.CallQueueManager (CallQueueManager.java:<init>(90)) - Using callQueue: class java.util.concurrent.LinkedBlockingQueue, queueCapacity: 2000, scheduler: class org.apache.hadoop.ipc.DefaultRpcScheduler, ipcBackoff: false.
2023-10-17 18:42:23,282 [Time-limited test] INFO  ipc.Server (Server.java:<init>(1287)) - Listener at 0.0.0.0:15000
2023-10-17 18:42:23,292 [Socket Reader #1 for port 15000] INFO  ipc.Server (Server.java:run(1323)) - Starting Socket Reader #1 for port 15000
2023-10-17 18:42:23,348 [Time-limited test] INFO  ha.SCMServiceManager (SCMServiceManager.java:register(42)) - Registering service ContainerBalancer.
2023-10-17 18:42:23,350 [Time-limited test] INFO  server.StorageContainerManager (StorageContainerManager.java:<init>(440)) - 
Container Balancer status:
Key                            Value
Running                        false
Container Balancer Configuration values:
Key                                                Value
Threshold                                          10
Max Datanodes to Involve per Iteration(percent)    20
Max Size to Move per Iteration                     500GB
Max Size Entering Target per Iteration             26GB
Max Size Leaving Source per Iteration              26GB
Number of Iterations                               10
Time Limit for Single Container's Movement         65min
Time Limit for Single Container's Replication      50min
Interval between each Iteration                    70min
Whether to Enable Network Topology                 false
Whether to Trigger Refresh Datanode Usage Info     false
Container IDs to Exclude from Balancing            None
Datanodes Specified to be Balanced                 None
Datanodes Excluded from Balancing                  None

2023-10-17 18:42:23,350 [Time-limited test] INFO  ha.SCMContext (SCMContext.java:updateSafeModeStatus(230)) - Update SafeModeStatus from SafeModeStatus{safeModeStatus=true, preCheckPassed=false} to SafeModeStatus{safeModeStatus=true, preCheckPassed=false}.
2023-10-17 18:42:23,353 [Time-limited test] INFO  server.StorageContainerManager (StorageContainerManager.java:start(1492)) - StorageContainerLocationProtocol RPC server is listening at /0.0.0.0:15000
2023-10-17 18:42:23,425 [Time-limited test] WARN  impl.MetricsConfig (MetricsConfig.java:loadFirst(136)) - Cannot locate configuration: tried hadoop-metrics2-storagecontainermanager.properties,hadoop-metrics2.properties
2023-10-17 18:42:23,438 [Time-limited test] INFO  impl.MetricsSystemImpl (MetricsSystemImpl.java:startTimer(378)) - Scheduled Metric snapshot period at 10 second(s).
2023-10-17 18:42:23,438 [Time-limited test] INFO  impl.MetricsSystemImpl (MetricsSystemImpl.java:start(191)) - StorageContainerManager metrics system started
2023-10-17 18:42:23,723 [Time-limited test] INFO  server.SCMClientProtocolServer (SCMClientProtocolServer.java:start(201)) - RPC server for Client  is listening at /0.0.0.0:15000
2023-10-17 18:42:23,724 [IPC Server Responder] INFO  ipc.Server (Server.java:run(1562)) - IPC Server Responder: starting
2023-10-17 18:42:23,726 [IPC Server listener on 15000] INFO  ipc.Server (Server.java:run(1402)) - IPC Server listener on 15000: starting
2023-10-17 18:42:23,741 [Time-limited test] INFO  server.StorageContainerManager (StorageContainerManager.java:start(1505)) - ScmBlockLocationProtocol RPC server is listening at /0.0.0.0:15001
2023-10-17 18:42:23,742 [Time-limited test] INFO  server.SCMBlockProtocolServer (SCMBlockProtocolServer.java:start(154)) - RPC server for Block Protocol is listening at /0.0.0.0:15001
2023-10-17 18:42:23,752 [IPC Server Responder] INFO  ipc.Server (Server.java:run(1562)) - IPC Server Responder: starting
2023-10-17 18:42:23,754 [IPC Server listener on 15001] INFO  ipc.Server (Server.java:run(1402)) - IPC Server listener on 15001: starting
2023-10-17 18:42:23,760 [Time-limited test] INFO  server.SCMDatanodeProtocolServer (SCMDatanodeProtocolServer.java:start(193)) - ScmDatanodeProtocol RPC server for DataNodes is listening at /0.0.0.0:15002
2023-10-17 18:42:23,761 [IPC Server Responder] INFO  ipc.Server (Server.java:run(1562)) - IPC Server Responder: starting
2023-10-17 18:42:23,761 [IPC Server listener on 15002] INFO  ipc.Server (Server.java:run(1402)) - IPC Server listener on 15002: starting
2023-10-17 18:42:23,792 [JvmPauseMonitor0] INFO  util.JvmPauseMonitor (JvmPauseMonitor.java:run(103)) - JvmPauseMonitor-21dc1367-4d3f-4885-ad3d-eb51020c8575: Started
2023-10-17 18:42:23,796 [Time-limited test] INFO  http.BaseHttpServer (BaseHttpServer.java:newHttpServer2BuilderForOzone(223)) - Starting Web-server for scm at: http://0.0.0.0:15003
2023-10-17 18:42:23,796 [Time-limited test] INFO  http.BaseHttpServer (BaseHttpServer.java:<init>(110)) - Hadoop Security Enabled: false Ozone Security Enabled: false Ozone HTTP Security Enabled: false 
2023-10-17 18:42:23,818 [Time-limited test] INFO  util.log (Log.java:initialized(170)) - Logging initialized @4532ms to org.eclipse.jetty.util.log.Slf4jLog
2023-10-17 18:42:23,896 [Time-limited test] WARN  server.AuthenticationFilter (AuthenticationFilter.java:constructSecretProvider(240)) - Unable to initialize FileSignerSecretProvider, falling back to use random secrets. Reason: Could not read signature secret file: /home/runner/hadoop-http-auth-signature-secret
2023-10-17 18:42:23,901 [Time-limited test] INFO  http.HttpRequestLog (HttpRequestLog.java:getRequestLog(86)) - Http request log for http.requests.scm is not defined
2023-10-17 18:42:23,906 [Time-limited test] INFO  http.HttpServer2 (HttpServer2.java:addGlobalFilter(1031)) - Added global filter 'safety' (class=org.apache.hadoop.hdds.server.http.HttpServer2$QuotingInputFilter)
2023-10-17 18:42:23,908 [Time-limited test] INFO  http.HttpServer2 (HttpServer2.java:addFilter(1007)) - Added filter static_user_filter (class=org.apache.hadoop.http.lib.StaticUserWebFilter$StaticUserFilter) to context scm
2023-10-17 18:42:23,909 [Time-limited test] INFO  http.HttpServer2 (HttpServer2.java:addFilter(1015)) - Added filter static_user_filter (class=org.apache.hadoop.http.lib.StaticUserWebFilter$StaticUserFilter) to context static
2023-10-17 18:42:23,909 [Time-limited test] INFO  http.HttpServer2 (HttpServer2.java:addFilter(1015)) - Added filter static_user_filter (class=org.apache.hadoop.http.lib.StaticUserWebFilter$StaticUserFilter) to context logs
2023-10-17 18:42:23,939 [Time-limited test] INFO  http.BaseHttpServer (BaseHttpServer.java:<init>(189)) - HTTP server of scm uses base directory /home/runner/work/ozone/ozone/hadoop-ozone/integration-test/target/test-dir/MiniOzoneClusterImpl-15da5f49-43ae-464d-a042-f1226d21d357/ozone-meta/webserver
2023-10-17 18:42:23,940 [Time-limited test] INFO  http.HttpServer2 (HttpServer2.java:bindListener(1231)) - Jetty bound to port 15003
2023-10-17 18:42:23,941 [Time-limited test] INFO  server.Server (Server.java:doStart(375)) - jetty-9.4.53.v20231009; built: 2023-10-09T12:29:09.265Z; git: 27bde00a0b95a1d5bbee0eae7984f891d2d0f8c9; jvm 1.8.0_382-b05
2023-10-17 18:42:23,969 [Time-limited test] INFO  server.session (DefaultSessionIdManager.java:doStart(334)) - DefaultSessionIdManager workerName=node0
2023-10-17 18:42:23,970 [Time-limited test] INFO  server.session (DefaultSessionIdManager.java:doStart(339)) - No SessionScavenger set, using defaults
2023-10-17 18:42:23,971 [Time-limited test] INFO  server.session (HouseKeeper.java:startScavenging(132)) - node0 Scavenging every 660000ms
2023-10-17 18:42:23,986 [Time-limited test] INFO  handler.ContextHandler (ContextHandler.java:doStart(921)) - Started o.e.j.s.ServletContextHandler@390cff81{logs,/logs,file:///home/runner/work/ozone/ozone/hadoop-ozone/integration-test/target/log,AVAILABLE}
2023-10-17 18:42:23,987 [Time-limited test] INFO  handler.ContextHandler (ContextHandler.java:doStart(921)) - Started o.e.j.s.ServletContextHandler@3da52e05{static,/static,file:///home/runner/work/ozone/ozone/hadoop-ozone/integration-test/target/test-classes/webapps/static,AVAILABLE}
2023-10-17 18:42:24,022 [Time-limited test] INFO  handler.ContextHandler (ContextHandler.java:doStart(921)) - Started o.e.j.w.WebAppContext@68326db4{scm,/,file:///home/runner/work/ozone/ozone/hadoop-ozone/integration-test/target/test-classes/webapps/scm/,AVAILABLE}{file:/home/runner/work/ozone/ozone/hadoop-ozone/integration-test/target/test-classes/webapps/scm}
2023-10-17 18:42:24,029 [Time-limited test] INFO  server.AbstractConnector (AbstractConnector.java:doStart(333)) - Started ServerConnector@662ae1ec{HTTP/1.1, (http/1.1)}{0.0.0.0:15003}
2023-10-17 18:42:24,029 [Time-limited test] INFO  server.Server (Server.java:doStart(415)) - Started @4744ms
2023-10-17 18:42:24,032 [Time-limited test] INFO  impl.MetricsSinkAdapter (MetricsSinkAdapter.java:start(204)) - Sink prometheus started
2023-10-17 18:42:24,032 [Time-limited test] INFO  impl.MetricsSystemImpl (MetricsSystemImpl.java:registerSink(305)) - Registered sink prometheus
2023-10-17 18:42:24,033 [Time-limited test] INFO  http.BaseHttpServer (BaseHttpServer.java:updateConnectorAddress(354)) - HTTP server of scm listening at http://0.0.0.0:15003
2023-10-17 18:42:24,036 [Time-limited test] WARN  server.ServerUtils (ServerUtils.java:getDBPath(311)) - ozone.om.db.dirs is not configured. We recommend adding this setting. Falling back to ozone.metadata.dirs instead.
2023-10-17 18:42:24,093 [Time-limited test] INFO  audit.AuditLogger (AuditLogger.java:refreshDebugCmdSet(126)) - Refresh DebugCmdSet for OMAudit to [].
2023-10-17 18:42:24,166 [Time-limited test] INFO  ha.OMHANodeDetails (OMHANodeDetails.java:loadOMHAConfig(115)) - ozone.om.internal.service.id is not defined, falling back to ozone.om.service.ids to find serviceID for OzoneManager if it is HA enabled cluster
2023-10-17 18:42:24,170 [Time-limited test] INFO  ha.OMHANodeDetails (OMHANodeDetails.java:loadOMHAConfig(226)) - Configuration does not have ozone.om.address set. Falling back to the default OM address /127.0.0.1:15004
2023-10-17 18:42:24,170 [Time-limited test] INFO  ha.OMHANodeDetails (OMHANodeDetails.java:getOMNodeDetailsForNonHA(254)) - OM Service ID is not set. Setting it to the default ID: omServiceIdDefault
2023-10-17 18:42:24,170 [Time-limited test] INFO  ha.OMHANodeDetails (OMHANodeDetails.java:getOMNodeDetailsForNonHA(261)) - OM Node ID is not set. Setting it to the default ID: om1
2023-10-17 18:42:24,173 [Time-limited test] WARN  server.ServerUtils (ServerUtils.java:getDBPath(311)) - ozone.om.db.dirs is not configured. We recommend adding this setting. Falling back to ozone.metadata.dirs instead.
2023-10-17 18:42:24,177 [Time-limited test] INFO  upgrade.AbstractLayoutVersionManager (AbstractLayoutVersionManager.java:init(83)) - Initializing Layout version manager with metadata layout = QUOTA (version = 6), software layout = QUOTA (version = 6)
2023-10-17 18:42:24,254 [Time-limited test] INFO  reflections.Reflections (Reflections.java:scan(232)) - Reflections took 74 ms to scan 2 urls, producing 190 keys and 532 values [using 2 cores]
2023-10-17 18:42:24,260 [Time-limited test] INFO  upgrade.OMLayoutVersionManager (OMLayoutVersionManager.java:lambda$0(115)) - Skipping Upgrade Action MockOmUpgradeAction since it has been finalized.
2023-10-17 18:42:24,260 [Time-limited test] INFO  upgrade.OMLayoutVersionManager (OMLayoutVersionManager.java:lambda$0(115)) - Skipping Upgrade Action QuotaRepairUpgradeAction since it has been finalized.
2023-10-17 18:42:24,267 [Time-limited test] WARN  server.ServerUtils (ServerUtils.java:getDBPath(311)) - ozone.om.db.dirs is not configured. We recommend adding this setting. Falling back to ozone.metadata.dirs instead.
2023-10-17 18:42:24,450 [Time-limited test] INFO  proxy.SCMBlockLocationFailoverProxyProvider (SCMBlockLocationFailoverProxyProvider.java:<init>(114)) - Created block location fail-over proxy with 1 nodes: [nodeId=scmNodeId,nodeAddress=/0.0.0.0:15001]
2023-10-17 18:42:24,480 [Time-limited test] INFO  proxy.SCMBlockLocationFailoverProxyProvider (SCMBlockLocationFailoverProxyProvider.java:<init>(114)) - Created block location fail-over proxy with 1 nodes: [nodeId=scmNodeId,nodeAddress=/0.0.0.0:15001]
2023-10-17 18:42:24,695 [Time-limited test] INFO  om.OzoneManager (OzoneManager.java:<init>(671)) - OM start with adminUsers: [runner]
2023-10-17 18:42:24,711 [Time-limited test] WARN  server.ServerUtils (ServerUtils.java:getDBPath(311)) - ozone.om.db.dirs is not configured. We recommend adding this setting. Falling back to ozone.metadata.dirs instead.
2023-10-17 18:42:24,737 [Time-limited test] INFO  helpers.OmKeyInfo (OmKeyInfo.java:getCodec(71)) - OmKeyInfo.getCodec ignorePipeline = true
2023-10-17 18:42:25,029 [Time-limited test] INFO  om.OzoneManager (OzoneManager.java:instantiateServices(800)) - S3 Multi-Tenancy is disabled
2023-10-17 18:42:25,061 [Time-limited test] INFO  om.OmSnapshotManager (OmSnapshotManager.java:<init>(174)) - Ozone filesystem snapshot feature is enabled.
2023-10-17 18:42:25,069 [Time-limited test] WARN  server.ServerUtils (ServerUtils.java:getDBPath(311)) - ozone.om.snapshot.diff.db.dir is not configured. We recommend adding this setting. Falling back to ozone.metadata.dirs instead.
2023-10-17 18:42:25,112 [Time-limited test] INFO  utils.NativeLibraryLoader (NativeLibraryLoader.java:loadLibrary(108)) - Loading Library: ozone_rocksdb_tools
2023-10-17 18:42:25,114 [Time-limited test] INFO  snapshot.SnapshotDiffManager (SnapshotDiffManager.java:closeExecutorService(1720)) - Shutting down executorService: 'SstDumpToolExecutor'
2023-10-17 18:42:25,187 [Time-limited test] INFO  om.OzoneManager (OzoneManager.java:addS3GVolumeToDB(4376)) - Created Volume s3v With Owner runner required for S3Gateway operations.
2023-10-17 18:42:25,250 [Time-limited test] WARN  server.ServerUtils (ServerUtils.java:getDefaultRatisDirectory(323)) - Storage directory for Ratis is not configured. It is a good idea to map this to an SSD disk. Falling back to ozone.metadata.dirs
2023-10-17 18:42:25,251 [Time-limited test] WARN  utils.OzoneManagerRatisUtils (OzoneManagerRatisUtils.java:getOMRatisSnapshotDirectory(470)) - ozone.om.ratis.snapshot.dir is not configured. Falling back to ozone.metadata.dirs config
2023-10-17 18:42:25,265 [Time-limited test] WARN  server.ServerUtils (ServerUtils.java:getDefaultRatisDirectory(323)) - Storage directory for Ratis is not configured. It is a good idea to map this to an SSD disk. Falling back to ozone.metadata.dirs
2023-10-17 18:42:25,291 [Time-limited test] INFO  ratis.OzoneManagerRatisServer (OzoneManagerRatisServer.java:<init>(164)) - Instantiating OM Ratis server with groupID: omServiceIdDefault and peers: localhost:15007
2023-10-17 18:42:25,300 [Time-limited test] INFO  ratis.OzoneManagerStateMachine (OzoneManagerStateMachine.java:loadSnapshotInfoFromDB(691)) - LastAppliedIndex is set from TransactionInfo from OM DB as (t:0, i:~)
2023-10-17 18:42:25,379 [Time-limited test] INFO  server.RaftServer (ConfUtils.java:logGet(46)) - raft.rpc.type = GRPC (default)
2023-10-17 18:42:25,389 [Time-limited test] INFO  grpc.GrpcConfigKeys (ConfUtils.java:logFallback(53)) - raft.grpc.admin.host = null (fallback to raft.grpc.server.host)
2023-10-17 18:42:25,392 [Time-limited test] INFO  grpc.GrpcConfigKeys (ConfUtils.java:logFallback(53)) - raft.grpc.admin.port = 15007 (fallback to raft.grpc.server.port)
2023-10-17 18:42:25,393 [Time-limited test] INFO  grpc.GrpcConfigKeys (ConfUtils.java:logFallback(53)) - raft.grpc.client.host = null (fallback to raft.grpc.server.host)
2023-10-17 18:42:25,394 [Time-limited test] INFO  grpc.GrpcConfigKeys (ConfUtils.java:logFallback(53)) - raft.grpc.client.port = 15007 (fallback to raft.grpc.server.port)
2023-10-17 18:42:25,395 [Time-limited test] INFO  grpc.GrpcConfigKeys (ConfUtils.java:logGet(46)) - raft.grpc.server.host = null (default)
2023-10-17 18:42:25,396 [Time-limited test] INFO  grpc.GrpcConfigKeys (ConfUtils.java:logGet(46)) - raft.grpc.server.port = 15007 (custom)
2023-10-17 18:42:25,396 [Time-limited test] INFO  server.GrpcService (ConfUtils.java:logGet(46)) - raft.grpc.message.size.max = 33554432 (custom)
2023-10-17 18:42:25,397 [Time-limited test] INFO  server.RaftServerConfigKeys (ConfUtils.java:logGet(46)) - raft.server.log.appender.buffer.byte-limit = 33554432 (custom)
2023-10-17 18:42:25,398 [Time-limited test] INFO  server.GrpcService (ConfUtils.java:logGet(46)) - raft.grpc.flow.control.window = 1MB (=1048576) (default)
2023-10-17 18:42:25,399 [Time-limited test] INFO  server.RaftServerConfigKeys (ConfUtils.java:logGet(46)) - raft.server.rpc.request.timeout = 3000ms (default)
2023-10-17 18:42:25,411 [Time-limited test] INFO  grpc.GrpcConfigKeys (ConfUtils.java:logGet(46)) - raft.grpc.server.heartbeat.channel = true (default)
2023-10-17 18:42:25,415 [Time-limited test] INFO  grpc.GrpcConfigKeys (ConfUtils.java:logGet(46)) - raft.grpc.server.async.request.thread.pool.cached = true (default)
2023-10-17 18:42:25,416 [Time-limited test] INFO  grpc.GrpcConfigKeys (ConfUtils.java:logGet(46)) - raft.grpc.server.async.request.thread.pool.size = 32 (default)
2023-10-17 18:42:25,621 [Time-limited test] INFO  impl.DataStreamServerImpl (ConfUtils.java:logGet(46)) - raft.datastream.type = DISABLED (default)
2023-10-17 18:42:25,623 [Time-limited test] INFO  server.RaftServerConfigKeys (ConfUtils.java:logGet(46)) - raft.server.threadpool.proxy.cached = true (default)
2023-10-17 18:42:25,624 [Time-limited test] INFO  server.RaftServerConfigKeys (ConfUtils.java:logGet(46)) - raft.server.threadpool.proxy.size = 0 (default)
2023-10-17 18:42:25,624 [Time-limited test] INFO  server.RaftServerConfigKeys (ConfUtils.java:logGet(46)) - raft.server.rpc.slowness.timeout = 120s (custom)
2023-10-17 18:42:25,624 [Time-limited test] INFO  server.RaftServerConfigKeys (ConfUtils.java:logGet(46)) - raft.server.leaderelection.leader.step-down.wait-time = 10s (default)
2023-10-17 18:42:25,626 [Time-limited test] INFO  server.RaftServerConfigKeys (ConfUtils.java:logGet(46)) - raft.server.storage.dir = [/home/runner/work/ozone/ozone/hadoop-ozone/integration-test/target/test-dir/MiniOzoneClusterImpl-15da5f49-43ae-464d-a042-f1226d21d357/ozone-meta/ratis] (custom)
2023-10-17 18:42:25,634 [Time-limited test] INFO  server.RaftServer (RaftServerProxy.java:addNew(98)) - om1: addNew group-C5BA1605619E:[om1|rpc:localhost:15007|priority:0|startupRole:FOLLOWER] returns group-C5BA1605619E:java.util.concurrent.CompletableFuture@794cb395[Not completed]
2023-10-17 18:42:25,634 [Time-limited test] INFO  om.OzoneManager (OzoneManager.java:initializeRatisServer(2147)) - OzoneManager Ratis server initialized at port 15007
2023-10-17 18:42:25,637 [Time-limited test] INFO  om.OzoneManager (OzoneManager.java:getRpcServer(1202)) - Creating RPC Server
2023-10-17 18:42:25,657 [om1-groupManagement] INFO  server.RaftServer$Division (RaftServerImpl.java:<init>(198)) - om1: new RaftServerImpl for group-C5BA1605619E:[om1|rpc:localhost:15007|priority:0|startupRole:FOLLOWER] with OzoneManagerStateMachine:uninitialized
2023-10-17 18:42:25,661 [om1-groupManagement] INFO  server.RaftServerConfigKeys (ConfUtils.java:logGet(46)) - raft.server.rpc.timeout.min = 1s (custom)
2023-10-17 18:42:25,661 [om1-groupManagement] INFO  server.RaftServerConfigKeys (ConfUtils.java:logGet(46)) - raft.server.rpc.timeout.max = 1200ms (custom)
2023-10-17 18:42:25,661 [om1-groupManagement] INFO  server.RaftServerConfigKeys (ConfUtils.java:logGet(46)) - raft.server.rpc.sleep.time = 25ms (default)
2023-10-17 18:42:25,661 [om1-groupManagement] INFO  server.RaftServerConfigKeys (ConfUtils.java:logGet(46)) - raft.server.rpc.slowness.timeout = 120s (custom)
2023-10-17 18:42:25,662 [om1-groupManagement] INFO  server.RaftServerConfigKeys (ConfUtils.java:logGet(46)) - raft.server.leaderelection.leader.step-down.wait-time = 10s (default)
2023-10-17 18:42:25,664 [om1-groupManagement] INFO  server.RaftServerConfigKeys (ConfUtils.java:logGet(46)) - raft.server.sleep.deviation.threshold = 300ms (default)
2023-10-17 18:42:25,834 [om1-groupManagement] INFO  server.RaftServer$Division (ServerState.java:<init>(120)) - om1@group-C5BA1605619E: ConfigurationManager, init=-1: peers:[om1|rpc:localhost:15007|priority:0|startupRole:FOLLOWER]|listeners:[], old=null, confs=<EMPTY_MAP>
2023-10-17 18:42:25,834 [om1-groupManagement] INFO  server.RaftServerConfigKeys (ConfUtils.java:logGet(46)) - raft.server.storage.dir = [/home/runner/work/ozone/ozone/hadoop-ozone/integration-test/target/test-dir/MiniOzoneClusterImpl-15da5f49-43ae-464d-a042-f1226d21d357/ozone-meta/ratis] (custom)
2023-10-17 18:42:25,847 [om1-groupManagement] INFO  server.RaftServerConfigKeys (ConfUtils.java:logGet(46)) - raft.server.log.corruption.policy = EXCEPTION (default)
2023-10-17 18:42:25,849 [om1-groupManagement] INFO  server.RaftServerConfigKeys (ConfUtils.java:logGet(46)) - raft.server.storage.free-space.min = 0MB (=0) (default)
2023-10-17 18:42:25,859 [om1-groupManagement] INFO  server.RaftServerConfigKeys (ConfUtils.java:logGet(46)) - raft.server.notification.no-leader.timeout = 120s (custom)
2023-10-17 18:42:25,863 [om1-groupManagement] INFO  server.RaftServerConfigKeys (ConfUtils.java:logGet(46)) - raft.server.read.timeout = 10s (default)
2023-10-17 18:42:25,867 [om1-groupManagement] INFO  server.RaftServerConfigKeys (ConfUtils.java:logGet(46)) - raft.server.retrycache.expirytime = 300s (custom)
2023-10-17 18:42:25,867 [om1-groupManagement] INFO  server.RaftServerConfigKeys (ConfUtils.java:logGet(46)) - raft.server.retrycache.statistics.expirytime = 100μs (default)
2023-10-17 18:42:25,926 [om1-groupManagement] INFO  server.RaftServerConfigKeys (ConfUtils.java:logGet(46)) - raft.server.read.option = DEFAULT (default)
2023-10-17 18:42:25,981 [om1-groupManagement] INFO  server.RaftServerConfigKeys (ConfUtils.java:logGet(46)) - raft.server.rpc.request.timeout = 3000ms (default)
2023-10-17 18:42:25,989 [om1-groupManagement] INFO  server.RaftServerConfigKeys (ConfUtils.java:logGet(46)) - raft.server.log.appender.install.snapshot.enabled = false (custom)
2023-10-17 18:42:25,990 [om1-groupManagement] INFO  server.RaftServerConfigKeys (ConfUtils.java:logGet(46)) - raft.server.threadpool.server.cached = true (default)
2023-10-17 18:42:25,991 [om1-groupManagement] INFO  server.RaftServerConfigKeys (ConfUtils.java:logGet(46)) - raft.server.threadpool.server.size = 0 (default)
2023-10-17 18:42:25,991 [om1-groupManagement] INFO  server.RaftServerConfigKeys (ConfUtils.java:logGet(46)) - raft.server.threadpool.client.cached = true (default)
2023-10-17 18:42:25,993 [om1-groupManagement] INFO  server.RaftServerConfigKeys (ConfUtils.java:logGet(46)) - raft.server.threadpool.client.size = 0 (default)
2023-10-17 18:42:26,544 [Time-limited test] INFO  reflections.Reflections (Reflections.java:scan(232)) - Reflections took 667 ms to scan 20 urls, producing 71 keys and 6047 values [using 2 cores]
2023-10-17 18:42:26,721 [Time-limited test] INFO  ipc.CallQueueManager (CallQueueManager.java:<init>(90)) - Using callQueue: class java.util.concurrent.LinkedBlockingQueue, queueCapacity: 2000, scheduler: class org.apache.hadoop.ipc.DefaultRpcScheduler, ipcBackoff: false.
2023-10-17 18:42:26,721 [Time-limited test] INFO  ipc.Server (Server.java:<init>(1287)) - Listener at 127.0.0.1:15004
2023-10-17 18:42:26,722 [Socket Reader #1 for port 15004] INFO  ipc.Server (Server.java:run(1323)) - Starting Socket Reader #1 for port 15004
2023-10-17 18:42:26,757 [Time-limited test] INFO  impl.MetricsSystemImpl (MetricsSystemImpl.java:init(158)) - OzoneManager metrics system started (again)
2023-10-17 18:42:26,769 [Time-limited test] INFO  om.OzoneManager (OzoneManager.java:start(1635)) - OzoneManager RPC server is listening at localhost/127.0.0.1:15004
2023-10-17 18:42:26,769 [Time-limited test] INFO  ratis.OzoneManagerRatisServer (OzoneManagerRatisServer.java:start(559)) - Starting OzoneManagerRatisServer om1 at port 15007
2023-10-17 18:42:26,772 [om1-impl-thread1] INFO  storage.RaftStorageDirectory (RaftStorageDirectoryImpl.java:analyzeStorage(137)) - The storage directory /home/runner/work/ozone/ozone/hadoop-ozone/integration-test/target/test-dir/MiniOzoneClusterImpl-15da5f49-43ae-464d-a042-f1226d21d357/ozone-meta/ratis/bf265839-605b-3f16-9796-c5ba1605619e does not exist. Creating ...
2023-10-17 18:42:26,776 [om1-impl-thread1] INFO  storage.RaftStorageDirectory (RaftStorageDirectoryImpl.java:tryLock(231)) - Lock on /home/runner/work/ozone/ozone/hadoop-ozone/integration-test/target/test-dir/MiniOzoneClusterImpl-15da5f49-43ae-464d-a042-f1226d21d357/ozone-meta/ratis/bf265839-605b-3f16-9796-c5ba1605619e/in_use.lock acquired by nodename 31914@fv-az189-115
2023-10-17 18:42:26,781 [om1-impl-thread1] INFO  storage.RaftStorage (RaftStorageImpl.java:format(96)) - Storage directory /home/runner/work/ozone/ozone/hadoop-ozone/integration-test/target/test-dir/MiniOzoneClusterImpl-15da5f49-43ae-464d-a042-f1226d21d357/ozone-meta/ratis/bf265839-605b-3f16-9796-c5ba1605619e has been successfully formatted.
2023-10-17 18:42:26,784 [om1-impl-thread1] INFO  server.RaftServerConfigKeys (ConfUtils.java:logGet(46)) - raft.server.log.use.memory = false (default)
2023-10-17 18:42:26,790 [om1-impl-thread1] INFO  server.RaftServerConfigKeys (ConfUtils.java:logGet(46)) - raft.server.log.purge.gap = 1000000 (custom)
2023-10-17 18:42:26,790 [om1-impl-thread1] INFO  server.RaftServerConfigKeys (ConfUtils.java:logGet(46)) - raft.server.log.appender.buffer.byte-limit = 33554432 (custom)
2023-10-17 18:42:26,792 [om1-impl-thread1] INFO  server.RaftServerConfigKeys (ConfUtils.java:logGet(46)) - raft.server.log.statemachine.data.read.timeout = 1000ms (default)
2023-10-17 18:42:26,792 [om1-impl-thread1] INFO  server.RaftServerConfigKeys (ConfUtils.java:logGet(46)) - raft.server.log.purge.preservation.log.num = 0 (default)
2023-10-17 18:42:26,794 [om1-impl-thread1] INFO  server.RaftServerConfigKeys (ConfUtils.java:logGet(46)) - raft.server.log.segment.size.max = 4194304 (custom)
2023-10-17 18:42:26,799 [om1-impl-thread1] INFO  server.RaftServerConfigKeys (ConfUtils.java:logGet(46)) - raft.server.log.segment.cache.num.max = 2 (custom)
2023-10-17 18:42:26,800 [om1-impl-thread1] INFO  server.RaftServerConfigKeys (ConfUtils.java:logGet(46)) - raft.server.log.segment.cache.size.max = 200MB (=209715200) (default)
2023-10-17 18:42:26,800 [om1-impl-thread1] INFO  server.RaftServerConfigKeys (ConfUtils.java:logGet(46)) - raft.server.log.appender.buffer.byte-limit = 33554432 (custom)
2023-10-17 18:42:26,805 [om1-impl-thread1] INFO  segmented.SegmentedRaftLogWorker (SegmentedRaftLogWorker.java:<init>(188)) - new om1@group-C5BA1605619E-SegmentedRaftLogWorker for RaftStorageImpl:Storage Directory /home/runner/work/ozone/ozone/hadoop-ozone/integration-test/target/test-dir/MiniOzoneClusterImpl-15da5f49-43ae-464d-a042-f1226d21d357/ozone-meta/ratis/bf265839-605b-3f16-9796-c5ba1605619e
2023-10-17 18:42:26,805 [om1-impl-thread1] INFO  server.RaftServerConfigKeys (ConfUtils.java:logGet(46)) - raft.server.log.queue.byte-limit = 64MB (=67108864) (default)
2023-10-17 18:42:26,805 [om1-impl-thread1] INFO  server.RaftServerConfigKeys (ConfUtils.java:logGet(46)) - raft.server.log.queue.element-limit = 4096 (default)
2023-10-17 18:42:26,806 [om1-impl-thread1] INFO  server.RaftServerConfigKeys (ConfUtils.java:logGet(46)) - raft.server.log.segment.size.max = 4194304 (custom)
2023-10-17 18:42:26,807 [om1-impl-thread1] INFO  server.RaftServerConfigKeys (ConfUtils.java:logGet(46)) - raft.server.log.preallocated.size = 4194304 (custom)
2023-10-17 18:42:26,807 [om1-impl-thread1] INFO  server.RaftServerConfigKeys (ConfUtils.java:logGet(46)) - raft.server.log.force.sync.num = 128 (default)
2023-10-17 18:42:26,808 [om1-impl-thread1] INFO  server.RaftServerConfigKeys (ConfUtils.java:logGet(46)) - raft.server.log.statemachine.data.sync = true (default)
2023-10-17 18:42:26,808 [om1-impl-thread1] INFO  server.RaftServerConfigKeys (ConfUtils.java:logGet(46)) - raft.server.log.statemachine.data.sync.timeout = 10s (default)
2023-10-17 18:42:26,809 [om1-impl-thread1] INFO  server.RaftServerConfigKeys (ConfUtils.java:logGet(46)) - raft.server.log.statemachine.data.sync.timeout.retry = -1 (default)
2023-10-17 18:42:26,817 [om1-impl-thread1] INFO  server.RaftServerConfigKeys (ConfUtils.java:logGet(46)) - raft.server.log.write.buffer.size = 64KB (=65536) (default)
2023-10-17 18:42:26,817 [om1-impl-thread1] INFO  server.RaftServerConfigKeys (ConfUtils.java:logGet(46)) - raft.server.log.appender.buffer.byte-limit = 33554432 (custom)
2023-10-17 18:42:26,824 [om1-impl-thread1] INFO  server.RaftServerConfigKeys (ConfUtils.java:logGet(46)) - raft.server.log.unsafe-flush.enabled = false (default)
2023-10-17 18:42:26,825 [om1-impl-thread1] INFO  server.RaftServerConfigKeys (ConfUtils.java:logGet(46)) - raft.server.log.async-flush.enabled = false (default)
2023-10-17 18:42:26,825 [om1-impl-thread1] INFO  server.RaftServerConfigKeys (ConfUtils.java:logGet(46)) - raft.server.log.statemachine.data.caching.enabled = false (default)
2023-10-17 18:42:26,831 [om1-impl-thread1] INFO  segmented.SegmentedRaftLogWorker (SegmentedRaftLogWorker.java:lambda$new$0(135)) - om1@group-C5BA1605619E-SegmentedRaftLogWorker: flushIndex: setUnconditionally 0 -> -1
2023-10-17 18:42:26,831 [om1-impl-thread1] INFO  segmented.SegmentedRaftLogWorker (SegmentedRaftLogWorker.java:lambda$new$0(135)) - om1@group-C5BA1605619E-SegmentedRaftLogWorker: safeCacheEvictIndex: setUnconditionally 0 -> -1
2023-10-17 18:42:26,833 [om1-impl-thread1] INFO  server.RaftServer$Division (RaftServerImpl.java:start(342)) - om1@group-C5BA1605619E: start as a follower, conf=-1: peers:[om1|rpc:localhost:15007|priority:0|startupRole:FOLLOWER]|listeners:[], old=null
2023-10-17 18:42:26,833 [om1-impl-thread1] INFO  server.RaftServer$Division (RaftServerImpl.java:setRole(329)) - om1@group-C5BA1605619E: changes role from      null to FOLLOWER at term 0 for startAsFollower
2023-10-17 18:42:26,835 [om1-impl-thread1] INFO  impl.RoleInfo (RoleInfo.java:updateAndGet(139)) - om1: start om1@group-C5BA1605619E-FollowerState
2023-10-17 18:42:26,837 [om1-impl-thread1] INFO  util.JmxRegister (JmxRegister.java:tryRegister(44)) - Successfully registered JMX Bean with object name Ratis:service=RaftServer,group=group-C5BA1605619E,id=om1
2023-10-17 18:42:26,839 [om1-impl-thread1] INFO  server.RaftServerConfigKeys (ConfUtils.java:logGet(46)) - raft.server.snapshot.auto.trigger.enabled = true (custom)
2023-10-17 18:42:26,839 [om1-impl-thread1] INFO  server.RaftServerConfigKeys (ConfUtils.java:logGet(46)) - raft.server.snapshot.auto.trigger.threshold = 400000 (default)
2023-10-17 18:42:26,840 [om1-impl-thread1] INFO  server.RaftServerConfigKeys (ConfUtils.java:logGet(46)) - raft.server.snapshot.retention.file.num = -1 (default)
2023-10-17 18:42:26,840 [om1-impl-thread1] INFO  server.RaftServerConfigKeys (ConfUtils.java:logGet(46)) - raft.server.log.purge.upto.snapshot.index = true (custom)
2023-10-17 18:42:26,843 [om1@group-C5BA1605619E-FollowerState] INFO  server.RaftServerConfigKeys (ConfUtils.java:logFallback(53)) - raft.server.rpc.first-election.timeout.min = 1s (fallback to raft.server.rpc.timeout.min)
2023-10-17 18:42:26,843 [om1@group-C5BA1605619E-FollowerState] INFO  server.RaftServerConfigKeys (ConfUtils.java:logFallback(53)) - raft.server.rpc.first-election.timeout.max = 1200ms (fallback to raft.server.rpc.timeout.max)
2023-10-17 18:42:26,844 [Time-limited test] INFO  server.RaftServer (RaftServerProxy.java:startImpl(400)) - om1: start RPC server
2023-10-17 18:42:26,893 [Time-limited test] INFO  server.GrpcService (GrpcService.java:startImpl(302)) - om1: GrpcService started, listening on 15007
2023-10-17 18:42:26,894 [Time-limited test] INFO  om.OzoneManager (OzoneManager.java:start(1651)) - Version File has different layout version (6) than OM DB (null). That is expected if this OM has never been finalized to a newer layout version.
2023-10-17 18:42:26,899 [JvmPauseMonitor1] INFO  util.JvmPauseMonitor (JvmPauseMonitor.java:run(103)) - JvmPauseMonitor-om1: Started
2023-10-17 18:42:26,977 [Time-limited test] INFO  http.BaseHttpServer (BaseHttpServer.java:newHttpServer2BuilderForOzone(223)) - Starting Web-server for ozoneManager at: http://0.0.0.0:15005
2023-10-17 18:42:26,978 [Time-limited test] INFO  http.BaseHttpServer (BaseHttpServer.java:<init>(110)) - Hadoop Security Enabled: false Ozone Security Enabled: false Ozone HTTP Security Enabled: false 
2023-10-17 18:42:26,984 [Time-limited test] WARN  server.AuthenticationFilter (AuthenticationFilter.java:constructSecretProvider(240)) - Unable to initialize FileSignerSecretProvider, falling back to use random secrets. Reason: Could not read signature secret file: /home/runner/hadoop-http-auth-signature-secret
2023-10-17 18:42:26,985 [Time-limited test] INFO  http.HttpRequestLog (HttpRequestLog.java:getRequestLog(86)) - Http request log for http.requests.ozoneManager is not defined
2023-10-17 18:42:26,987 [Time-limited test] INFO  http.HttpServer2 (HttpServer2.java:addGlobalFilter(1031)) - Added global filter 'safety' (class=org.apache.hadoop.hdds.server.http.HttpServer2$QuotingInputFilter)
2023-10-17 18:42:26,988 [Time-limited test] INFO  http.HttpServer2 (HttpServer2.java:addFilter(1007)) - Added filter static_user_filter (class=org.apache.hadoop.http.lib.StaticUserWebFilter$StaticUserFilter) to context ozoneManager
2023-10-17 18:42:26,988 [Time-limited test] INFO  http.HttpServer2 (HttpServer2.java:addFilter(1015)) - Added filter static_user_filter (class=org.apache.hadoop.http.lib.StaticUserWebFilter$StaticUserFilter) to context logs
2023-10-17 18:42:26,988 [Time-limited test] INFO  http.HttpServer2 (HttpServer2.java:addFilter(1015)) - Added filter static_user_filter (class=org.apache.hadoop.http.lib.StaticUserWebFilter$StaticUserFilter) to context static
2023-10-17 18:42:26,989 [Time-limited test] INFO  http.BaseHttpServer (BaseHttpServer.java:<init>(189)) - HTTP server of ozoneManager uses base directory /home/runner/work/ozone/ozone/hadoop-ozone/integration-test/target/test-dir/MiniOzoneClusterImpl-15da5f49-43ae-464d-a042-f1226d21d357/ozone-meta/webserver
2023-10-17 18:42:26,992 [Time-limited test] INFO  http.HttpServer2 (HttpServer2.java:bindListener(1231)) - Jetty bound to port 15005
2023-10-17 18:42:26,992 [Time-limited test] INFO  server.Server (Server.java:doStart(375)) - jetty-9.4.53.v20231009; built: 2023-10-09T12:29:09.265Z; git: 27bde00a0b95a1d5bbee0eae7984f891d2d0f8c9; jvm 1.8.0_382-b05
2023-10-17 18:42:26,995 [Time-limited test] INFO  server.session (DefaultSessionIdManager.java:doStart(334)) - DefaultSessionIdManager workerName=node0
2023-10-17 18:42:26,996 [Time-limited test] INFO  server.session (DefaultSessionIdManager.java:doStart(339)) - No SessionScavenger set, using defaults
2023-10-17 18:42:26,996 [Time-limited test] INFO  server.session (HouseKeeper.java:startScavenging(132)) - node0 Scavenging every 660000ms
2023-10-17 18:42:26,997 [Time-limited test] INFO  handler.ContextHandler (ContextHandler.java:doStart(921)) - Started o.e.j.s.ServletContextHandler@794f5acd{logs,/logs,file:///home/runner/work/ozone/ozone/hadoop-ozone/integration-test/target/log,AVAILABLE}
2023-10-17 18:42:26,998 [Time-limited test] INFO  handler.ContextHandler (ContextHandler.java:doStart(921)) - Started o.e.j.s.ServletContextHandler@364b090{static,/static,file:///home/runner/work/ozone/ozone/hadoop-ozone/integration-test/target/test-classes/webapps/static,AVAILABLE}
2023-10-17 18:42:27,003 [Time-limited test] INFO  handler.ContextHandler (ContextHandler.java:doStart(921)) - Started o.e.j.w.WebAppContext@2cf46849{ozoneManager,/,file:///home/runner/work/ozone/ozone/hadoop-ozone/integration-test/target/test-classes/webapps/ozoneManager/,AVAILABLE}{file:/home/runner/work/ozone/ozone/hadoop-ozone/integration-test/target/test-classes/webapps/ozoneManager}
2023-10-17 18:42:27,010 [Time-limited test] INFO  server.AbstractConnector (AbstractConnector.java:doStart(333)) - Started ServerConnector@7612d9fa{HTTP/1.1, (http/1.1)}{0.0.0.0:15005}
2023-10-17 18:42:27,010 [Time-limited test] INFO  server.Server (Server.java:doStart(415)) - Started @7724ms
2023-10-17 18:42:27,010 [Time-limited test] WARN  impl.MetricsSystemImpl (MetricsSystemImpl.java:register(279)) - Sink prometheus already exists!
2023-10-17 18:42:27,011 [Time-limited test] INFO  http.BaseHttpServer (BaseHttpServer.java:updateConnectorAddress(354)) - HTTP server of ozoneManager listening at http://0.0.0.0:15005
2023-10-17 18:42:27,018 [IPC Server Responder] INFO  ipc.Server (Server.java:run(1562)) - IPC Server Responder: starting
2023-10-17 18:42:27,019 [IPC Server listener on 15004] INFO  ipc.Server (Server.java:run(1402)) - IPC Server listener on 15004: starting
2023-10-17 18:42:27,022 [Time-limited test] INFO  om.OzoneManager (OzoneManager.java:startTrashEmptier(2100)) - Trash Interval set to 0. Files deleted won't move to trash
2023-10-17 18:42:27,171 [Time-limited test] INFO  db.CodecBuffer (CodecBuffer.java:set(62)) - Successfully set constructor to org.apache.hadoop.hdds.utils.db.CodecBuffer$$Lambda$785/2145543073@32538978
2023-10-17 18:42:27,171 [Time-limited test] WARN  impl.MetricRegistriesImpl (MetricRegistriesImpl.java:addReporterRegistration(111)) - New reporters are added after registries were created. Some metrics will be missing from the reporter. Please add reporter before adding any new registry.
2023-10-17 18:42:27,172 [Time-limited test] WARN  impl.MetricRegistriesImpl (MetricRegistriesImpl.java:addReporterRegistration(111)) - New reporters are added after registries were created. Some metrics will be missing from the reporter. Please add reporter before adding any new registry.
2023-10-17 18:42:27,172 [Time-limited test] INFO  impl.MetricsSystemImpl (MetricsSystemImpl.java:init(158)) - HddsDatanode metrics system started (again)
2023-10-17 18:42:27,194 [Time-limited test] INFO  ozone.HddsDatanodeService (HddsDatanodeService.java:start(240)) - HddsDatanodeService host:fv-az189-115 ip:10.1.0.25
2023-10-17 18:42:27,232 [Time-limited test] INFO  upgrade.AbstractLayoutVersionManager (AbstractLayoutVersionManager.java:init(83)) - Initializing Layout version manager with metadata layout = HADOOP_PRC_PORTS_IN_DATANODEDETAILS (version = 7), software layout = HADOOP_PRC_PORTS_IN_DATANODEDETAILS (version = 7)
2023-10-17 18:42:27,235 [Time-limited test] INFO  statemachine.DatanodeStateMachine (DatanodeStateMachine.java:getEndPointTaskThreadPoolSize(290)) - Datanode State Machine Task Thread Pool size 2
2023-10-17 18:42:27,312 [Time-limited test] INFO  volume.HddsVolume (HddsVolume.java:<init>(126)) - Creating HddsVolume: /home/runner/work/ozone/ozone/hadoop-ozone/integration-test/target/test-dir/MiniOzoneClusterImpl-15da5f49-43ae-464d-a042-f1226d21d357/datanode-0/data-0/containers/hdds of storage type : DISK capacity : 9223372036854775807
2023-10-17 18:42:27,316 [Time-limited test] INFO  volume.MutableVolumeSet (MutableVolumeSet.java:initializeVolumeSet(173)) - Added Volume : /home/runner/work/ozone/ozone/hadoop-ozone/integration-test/target/test-dir/MiniOzoneClusterImpl-15da5f49-43ae-464d-a042-f1226d21d357/datanode-0/data-0/containers/hdds to VolumeSet
2023-10-17 18:42:27,323 [Time-limited test] INFO  volume.MutableVolumeSet (MutableVolumeSet.java:initializeVolumeSet(173)) - Added Volume : /home/runner/work/ozone/ozone/hadoop-ozone/integration-test/target/test-dir/MiniOzoneClusterImpl-15da5f49-43ae-464d-a042-f1226d21d357/datanode-0/data/ratis to VolumeSet
2023-10-17 18:42:27,338 [Thread-141] INFO  ozoneimpl.ContainerReader (ContainerReader.java:readVolume(177)) - Finish verifying containers on volume /home/runner/work/ozone/ozone/hadoop-ozone/integration-test/target/test-dir/MiniOzoneClusterImpl-15da5f49-43ae-464d-a042-f1226d21d357/datanode-0/data-0/containers/hdds
2023-10-17 18:42:27,339 [Time-limited test] INFO  ozoneimpl.OzoneContainer (OzoneContainer.java:buildContainerSet(316)) - Build ContainerSet costs 0s
2023-10-17 18:42:27,397 [Time-limited test] INFO  audit.AuditLogger (AuditLogger.java:refreshDebugCmdSet(126)) - Refresh DebugCmdSet for DNAudit to [].
2023-10-17 18:42:27,432 [Time-limited test] INFO  server.RaftServer (ConfUtils.java:logGet(46)) - raft.rpc.type = GRPC (default)
2023-10-17 18:42:27,436 [Time-limited test] INFO  grpc.GrpcConfigKeys (ConfUtils.java:logFallback(53)) - raft.grpc.admin.host = null (fallback to raft.grpc.server.host)
2023-10-17 18:42:27,437 [Time-limited test] INFO  grpc.GrpcConfigKeys (ConfUtils.java:logGet(46)) - raft.grpc.admin.port = 15013 (custom)
2023-10-17 18:42:27,441 [Time-limited test] INFO  grpc.GrpcConfigKeys (ConfUtils.java:logFallback(53)) - raft.grpc.client.host = null (fallback to raft.grpc.server.host)
2023-10-17 18:42:27,441 [Time-limited test] INFO  grpc.GrpcConfigKeys (ConfUtils.java:logGet(46)) - raft.grpc.client.port = 15012 (custom)
2023-10-17 18:42:27,441 [Time-limited test] INFO  grpc.GrpcConfigKeys (ConfUtils.java:logGet(46)) - raft.grpc.server.host = null (default)
2023-10-17 18:42:27,441 [Time-limited test] INFO  grpc.GrpcConfigKeys (ConfUtils.java:logGet(46)) - raft.grpc.server.port = 15014 (custom)
2023-10-17 18:42:27,441 [Time-limited test] INFO  server.GrpcService (ConfUtils.java:logGet(46)) - raft.grpc.message.size.max = 32MB (=33554432) (custom)
2023-10-17 18:42:27,441 [Time-limited test] INFO  server.RaftServerConfigKeys (ConfUtils.java:logGet(46)) - raft.server.log.appender.buffer.byte-limit = 33554432 (custom)
2023-10-17 18:42:27,441 [Time-limited test] INFO  server.GrpcService (ConfUtils.java:logGet(46)) - raft.grpc.flow.control.window = 5MB (=5242880) (custom)
2023-10-17 18:42:27,441 [Time-limited test] INFO  server.RaftServerConfigKeys (ConfUtils.java:logGet(46)) - raft.server.rpc.request.timeout = 60s (custom)
2023-10-17 18:42:27,442 [Time-limited test] INFO  grpc.GrpcConfigKeys (ConfUtils.java:logGet(46)) - raft.grpc.server.heartbeat.channel = true (default)
2023-10-17 18:42:27,442 [Time-limited test] INFO  grpc.GrpcConfigKeys (ConfUtils.java:logGet(46)) - raft.grpc.server.async.request.thread.pool.cached = true (default)
2023-10-17 18:42:27,442 [Time-limited test] INFO  grpc.GrpcConfigKeys (ConfUtils.java:logGet(46)) - raft.grpc.server.async.request.thread.pool.size = 32 (default)
2023-10-17 18:42:27,445 [Time-limited test] INFO  impl.DataStreamServerImpl (ConfUtils.java:logGet(46)) - raft.datastream.type = NETTY (custom)
2023-10-17 18:42:27,454 [Time-limited test] INFO  server.RaftServerConfigKeys (ConfUtils.java:logGet(46)) - raft.server.data-stream.async.request.thread.pool.cached = false (default)
2023-10-17 18:42:27,454 [Time-limited test] INFO  server.RaftServerConfigKeys (ConfUtils.java:logGet(46)) - raft.server.data-stream.async.request.thread.pool.size = 20 (custom)
2023-10-17 18:42:27,455 [Time-limited test] INFO  server.RaftServerConfigKeys (ConfUtils.java:logGet(46)) - raft.server.data-stream.async.write.thread.pool.size = 16 (default)
2023-10-17 18:42:27,456 [Time-limited test] INFO  server.RaftServerConfigKeys (ConfUtils.java:logGet(46)) - raft.server.data-stream.client.pool.size = 10 (default)
2023-10-17 18:42:27,458 [Time-limited test] INFO  netty.NettyConfigKeys$DataStream (ConfUtils.java:logGet(46)) - raft.netty.dataStream.server.use-epoll = false (default)
2023-10-17 18:42:27,459 [Time-limited test] INFO  netty.NettyConfigKeys$DataStream (ConfUtils.java:logGet(46)) - raft.netty.dataStream.server.boss-group.size = 0 (default)
2023-10-17 18:42:27,466 [Time-limited test] INFO  netty.NettyConfigKeys$DataStream (ConfUtils.java:logGet(46)) - raft.netty.dataStream.server.worker-group.size = 0 (default)
2023-10-17 18:42:27,483 [Time-limited test] INFO  netty.NettyConfigKeys$DataStream (ConfUtils.java:logGet(46)) - raft.netty.dataStream.server.tls.conf = null (default)
2023-10-17 18:42:27,484 [Time-limited test] INFO  netty.NettyConfigKeys$DataStream (ConfUtils.java:logGet(46)) - raft.netty.dataStream.host = null (default)
2023-10-17 18:42:27,485 [Time-limited test] INFO  netty.NettyConfigKeys$DataStream (ConfUtils.java:logGet(46)) - raft.netty.dataStream.port = 15015 (custom)
2023-10-17 18:42:27,494 [Time-limited test] INFO  server.RaftServerConfigKeys (ConfUtils.java:logGet(46)) - raft.server.threadpool.proxy.cached = true (default)
2023-10-17 18:42:27,494 [Time-limited test] INFO  server.RaftServerConfigKeys (ConfUtils.java:logGet(46)) - raft.server.threadpool.proxy.size = 0 (default)
2023-10-17 18:42:27,494 [Time-limited test] INFO  server.RaftServerConfigKeys (ConfUtils.java:logGet(46)) - raft.server.rpc.slowness.timeout = 300s (custom)
2023-10-17 18:42:27,495 [Time-limited test] INFO  server.RaftServerConfigKeys (ConfUtils.java:logGet(46)) - raft.server.leaderelection.leader.step-down.wait-time = 10s (default)
2023-10-17 18:42:27,495 [Time-limited test] INFO  server.RaftServerConfigKeys (ConfUtils.java:logGet(46)) - raft.server.storage.dir = [/home/runner/work/ozone/ozone/hadoop-ozone/integration-test/target/test-dir/MiniOzoneClusterImpl-15da5f49-43ae-464d-a042-f1226d21d357/datanode-0/data/ratis] (custom)
2023-10-17 18:42:27,503 [038c9c7e-9eb5-457d-9050-7ea3cb2a2edd-NettyServerStreamRpc-bossGroup--thread1] INFO  logging.LoggingHandler (AbstractInternalLogger.java:log(148)) - [id: 0xf8688952] REGISTERED
2023-10-17 18:42:27,503 [038c9c7e-9eb5-457d-9050-7ea3cb2a2edd-NettyServerStreamRpc-bossGroup--thread1] INFO  logging.LoggingHandler (AbstractInternalLogger.java:log(148)) - [id: 0xf8688952] BIND: 0.0.0.0/0.0.0.0:15015
2023-10-17 18:42:27,504 [038c9c7e-9eb5-457d-9050-7ea3cb2a2edd-NettyServerStreamRpc-bossGroup--thread1] INFO  logging.LoggingHandler (AbstractInternalLogger.java:log(148)) - [id: 0xf8688952, L:/0:0:0:0:0:0:0:0:15015] ACTIVE
2023-10-17 18:42:27,505 [038c9c7e-9eb5-457d-9050-7ea3cb2a2edd-impl-thread1] INFO  server.RaftServer (RaftServerProxy.java:initGroupDir(258)) - 038c9c7e-9eb5-457d-9050-7ea3cb2a2edd: found a subdirectory /home/runner/work/ozone/ozone/hadoop-ozone/integration-test/target/test-dir/MiniOzoneClusterImpl-15da5f49-43ae-464d-a042-f1226d21d357/datanode-0/data/ratis/tmp
2023-10-17 18:42:27,505 [038c9c7e-9eb5-457d-9050-7ea3cb2a2edd-impl-thread1] INFO  server.RaftServer (RaftServerProxy.java:initGroupDir(263)) - 038c9c7e-9eb5-457d-9050-7ea3cb2a2edd: The directory /home/runner/work/ozone/ozone/hadoop-ozone/integration-test/target/test-dir/MiniOzoneClusterImpl-15da5f49-43ae-464d-a042-f1226d21d357/datanode-0/data/ratis/tmp is not a group directory; ignoring it. 
2023-10-17 18:42:27,507 [Time-limited test] INFO  replication.ReplicationServer (ReplicationServer.java:<init>(83)) - Initializing replication server with thread count = 10 queue length = 4096
2023-10-17 18:42:27,527 [Time-limited test] INFO  server.XceiverServerGrpc (XceiverServerGrpc.java:<init>(132)) - GrpcServer channel type EpollServerSocketChannel
2023-10-17 18:42:27,562 [Time-limited test] INFO  replication.ReplicationSupervisor (ReplicationSupervisor.java:build(155)) - Initializing replication supervisor with thread count = 10
2023-10-17 18:42:27,563 [Time-limited test] INFO  replication.ReplicationSupervisor (ReplicationSupervisor.java:nodeStateUpdated(307)) - Node state updated to IN_SERVICE, scaling executor pool size to 10
2023-10-17 18:42:27,612 [Time-limited test] INFO  http.BaseHttpServer (BaseHttpServer.java:newHttpServer2BuilderForOzone(223)) - Starting Web-server for hddsDatanode at: http://0.0.0.0:15009
2023-10-17 18:42:27,612 [Time-limited test] INFO  http.BaseHttpServer (BaseHttpServer.java:<init>(110)) - Hadoop Security Enabled: false Ozone Security Enabled: false Ozone HTTP Security Enabled: false 
2023-10-17 18:42:27,614 [Time-limited test] WARN  server.AuthenticationFilter (AuthenticationFilter.java:constructSecretProvider(240)) - Unable to initialize FileSignerSecretProvider, falling back to use random secrets. Reason: Could not read signature secret file: /home/runner/hadoop-http-auth-signature-secret
2023-10-17 18:42:27,614 [Time-limited test] INFO  http.HttpRequestLog (HttpRequestLog.java:getRequestLog(86)) - Http request log for http.requests.hddsDatanode is not defined
2023-10-17 18:42:27,616 [Time-limited test] INFO  http.HttpServer2 (HttpServer2.java:addGlobalFilter(1031)) - Added global filter 'safety' (class=org.apache.hadoop.hdds.server.http.HttpServer2$QuotingInputFilter)
2023-10-17 18:42:27,617 [Time-limited test] INFO  http.HttpServer2 (HttpServer2.java:addFilter(1007)) - Added filter static_user_filter (class=org.apache.hadoop.http.lib.StaticUserWebFilter$StaticUserFilter) to context hddsDatanode
2023-10-17 18:42:27,617 [Time-limited test] INFO  http.HttpServer2 (HttpServer2.java:addFilter(1015)) - Added filter static_user_filter (class=org.apache.hadoop.http.lib.StaticUserWebFilter$StaticUserFilter) to context logs
2023-10-17 18:42:27,617 [Time-limited test] INFO  http.HttpServer2 (HttpServer2.java:addFilter(1015)) - Added filter static_user_filter (class=org.apache.hadoop.http.lib.StaticUserWebFilter$StaticUserFilter) to context static
2023-10-17 18:42:27,618 [Time-limited test] INFO  http.BaseHttpServer (BaseHttpServer.java:<init>(189)) - HTTP server of hddsDatanode uses base directory /home/runner/work/ozone/ozone/hadoop-ozone/integration-test/target/test-dir/MiniOzoneClusterImpl-15da5f49-43ae-464d-a042-f1226d21d357/datanode-0/meta/webserver
2023-10-17 18:42:27,618 [Time-limited test] INFO  http.HttpServer2 (HttpServer2.java:bindListener(1231)) - Jetty bound to port 15009
2023-10-17 18:42:27,618 [Time-limited test] INFO  server.Server (Server.java:doStart(375)) - jetty-9.4.53.v20231009; built: 2023-10-09T12:29:09.265Z; git: 27bde00a0b95a1d5bbee0eae7984f891d2d0f8c9; jvm 1.8.0_382-b05
2023-10-17 18:42:27,623 [Time-limited test] INFO  server.session (DefaultSessionIdManager.java:doStart(334)) - DefaultSessionIdManager workerName=node0
2023-10-17 18:42:27,624 [Time-limited test] INFO  server.session (DefaultSessionIdManager.java:doStart(339)) - No SessionScavenger set, using defaults
2023-10-17 18:42:27,624 [Time-limited test] INFO  server.session (HouseKeeper.java:startScavenging(132)) - node0 Scavenging every 660000ms
2023-10-17 18:42:27,625 [Time-limited test] INFO  handler.ContextHandler (ContextHandler.java:doStart(921)) - Started o.e.j.s.ServletContextHandler@79bf188b{logs,/logs,file:///home/runner/work/ozone/ozone/hadoop-ozone/integration-test/target/log,AVAILABLE}
2023-10-17 18:42:27,625 [Time-limited test] INFO  handler.ContextHandler (ContextHandler.java:doStart(921)) - Started o.e.j.s.ServletContextHandler@645ad14d{static,/static,jar:file:/home/runner/.m2/repository/org/apache/ozone/hdds-container-service/1.4.0-SNAPSHOT/hdds-container-service-1.4.0-SNAPSHOT.jar!/webapps/static,AVAILABLE}
2023-10-17 18:42:27,834 [Time-limited test] INFO  handler.ContextHandler (ContextHandler.java:doStart(921)) - Started o.e.j.w.WebAppContext@6b67a378{hddsDatanode,/,file:///home/runner/work/ozone/ozone/hadoop-ozone/integration-test/target/test-dir/MiniOzoneClusterImpl-15da5f49-43ae-464d-a042-f1226d21d357/datanode-0/meta/webserver/jetty-0_0_0_0-15009-hdds-container-service-1_4_0-SNAPSHOT_jar-_-any-6722504728759155240/webapp/,AVAILABLE}{jar:file:/home/runner/.m2/repository/org/apache/ozone/hdds-container-service/1.4.0-SNAPSHOT/hdds-container-service-1.4.0-SNAPSHOT.jar!/webapps/hddsDatanode}
2023-10-17 18:42:27,835 [Time-limited test] INFO  server.AbstractConnector (AbstractConnector.java:doStart(333)) - Started ServerConnector@190f218e{HTTP/1.1, (http/1.1)}{0.0.0.0:15009}
2023-10-17 18:42:27,835 [Time-limited test] INFO  server.Server (Server.java:doStart(415)) - Started @8550ms
2023-10-17 18:42:27,836 [Time-limited test] WARN  impl.MetricsSystemImpl (MetricsSystemImpl.java:register(279)) - Sink prometheus already exists!
2023-10-17 18:42:27,836 [Time-limited test] INFO  http.BaseHttpServer (BaseHttpServer.java:updateConnectorAddress(354)) - HTTP server of hddsDatanode listening at http://0.0.0.0:15009
2023-10-17 18:42:27,840 [Time-limited test] INFO  ipc.CallQueueManager (CallQueueManager.java:<init>(90)) - Using callQueue: class java.util.concurrent.LinkedBlockingQueue, queueCapacity: 100, scheduler: class org.apache.hadoop.ipc.DefaultRpcScheduler, ipcBackoff: false.
2023-10-17 18:42:27,840 [Time-limited test] INFO  ipc.Server (Server.java:<init>(1287)) - Listener at 0.0.0.0:15010
2023-10-17 18:42:27,842 [Socket Reader #1 for port 15010] INFO  ipc.Server (Server.java:run(1323)) - Starting Socket Reader #1 for port 15010
2023-10-17 18:42:27,844 [Time-limited test] INFO  ozone.HddsDatanodeService (HddsDatanodeService.java:start(325)) - Datanode start with admins: [runner]
2023-10-17 18:42:27,846 [Time-limited test] INFO  ozone.HddsDatanodeClientProtocolServer (HddsDatanodeClientProtocolServer.java:start(72)) - RPC server for Client /0.0.0.0:15010
2023-10-17 18:42:27,847 [IPC Server Responder] INFO  ipc.Server (Server.java:run(1562)) - IPC Server Responder: starting
2023-10-17 18:42:27,847 [IPC Server listener on 15010] INFO  ipc.Server (Server.java:run(1402)) - IPC Server listener on 15010: starting
2023-10-17 18:42:27,848 [Time-limited test] WARN  impl.MetricRegistriesImpl (MetricRegistriesImpl.java:addReporterRegistration(111)) - New reporters are added after registries were created. Some metrics will be missing from the reporter. Please add reporter before adding any new registry.
2023-10-17 18:42:27,849 [Time-limited test] WARN  impl.MetricRegistriesImpl (MetricRegistriesImpl.java:addReporterRegistration(111)) - New reporters are added after registries were created. Some metrics will be missing from the reporter. Please add reporter before adding any new registry.
2023-10-17 18:42:27,849 [Time-limited test] INFO  impl.MetricsSystemImpl (MetricsSystemImpl.java:init(158)) - HddsDatanode metrics system started (again)
2023-10-17 18:42:27,859 [Datanode State Machine Daemon Thread] INFO  statemachine.DatanodeStateMachine (DatanodeStateMachine.java:lambda$startDaemon$1(546)) - Ozone container server started.
2023-10-17 18:42:27,881 [Time-limited test] INFO  ozone.HddsDatanodeService (HddsDatanodeService.java:start(240)) - HddsDatanodeService host:fv-az189-115 ip:10.1.0.25
2023-10-17 18:42:27,925 [Time-limited test] INFO  upgrade.AbstractLayoutVersionManager (AbstractLayoutVersionManager.java:init(83)) - Initializing Layout version manager with metadata layout = HADOOP_PRC_PORTS_IN_DATANODEDETAILS (version = 7), software layout = HADOOP_PRC_PORTS_IN_DATANODEDETAILS (version = 7)
2023-10-17 18:42:27,926 [Time-limited test] INFO  statemachine.DatanodeStateMachine (DatanodeStateMachine.java:getEndPointTaskThreadPoolSize(290)) - Datanode State Machine Task Thread Pool size 2
2023-10-17 18:42:27,939 [om1@group-C5BA1605619E-FollowerState] INFO  impl.FollowerState (FollowerState.java:run(143)) - om1@group-C5BA1605619E-FollowerState: change to CANDIDATE, lastRpcElapsedTime:1104818160ns, electionTimeout:1089ms
2023-10-17 18:42:27,940 [om1@group-C5BA1605619E-FollowerState] INFO  impl.RoleInfo (RoleInfo.java:shutdownFollowerState(110)) - om1: shutdown om1@group-C5BA1605619E-FollowerState
2023-10-17 18:42:27,950 [om1@group-C5BA1605619E-FollowerState] INFO  server.RaftServer$Division (RaftServerImpl.java:setRole(329)) - om1@group-C5BA1605619E: changes role from  FOLLOWER to CANDIDATE at term 0 for changeToCandidate
2023-10-17 18:42:27,951 [Time-limited test] INFO  volume.HddsVolume (HddsVolume.java:<init>(126)) - Creating HddsVolume: /home/runner/work/ozone/ozone/hadoop-ozone/integration-test/target/test-dir/MiniOzoneClusterImpl-15da5f49-43ae-464d-a042-f1226d21d357/datanode-1/data-0/containers/hdds of storage type : DISK capacity : 9223372036854775807
2023-10-17 18:42:27,951 [Time-limited test] INFO  volume.MutableVolumeSet (MutableVolumeSet.java:initializeVolumeSet(173)) - Added Volume : /home/runner/work/ozone/ozone/hadoop-ozone/integration-test/target/test-dir/MiniOzoneClusterImpl-15da5f49-43ae-464d-a042-f1226d21d357/datanode-1/data-0/containers/hdds to VolumeSet
2023-10-17 18:42:27,953 [om1@group-C5BA1605619E-FollowerState] INFO  server.RaftServerConfigKeys (ConfUtils.java:logGet(46)) - raft.server.leaderelection.pre-vote = true (default)
2023-10-17 18:42:27,953 [om1@group-C5BA1605619E-FollowerState] INFO  impl.RoleInfo (RoleInfo.java:updateAndGet(139)) - om1: start om1@group-C5BA1605619E-LeaderElection1
2023-10-17 18:42:27,954 [Time-limited test] INFO  volume.MutableVolumeSet (MutableVolumeSet.java:initializeVolumeSet(173)) - Added Volume : /home/runner/work/ozone/ozone/hadoop-ozone/integration-test/target/test-dir/MiniOzoneClusterImpl-15da5f49-43ae-464d-a042-f1226d21d357/datanode-1/data/ratis to VolumeSet
2023-10-17 18:42:27,979 [Thread-159] INFO  ozoneimpl.ContainerReader (ContainerReader.java:readVolume(177)) - Finish verifying containers on volume /home/runner/work/ozone/ozone/hadoop-ozone/integration-test/target/test-dir/MiniOzoneClusterImpl-15da5f49-43ae-464d-a042-f1226d21d357/datanode-1/data-0/containers/hdds
2023-10-17 18:42:27,989 [om1@group-C5BA1605619E-LeaderElection1] INFO  impl.LeaderElection (LeaderElection.java:askForVotes(321)) - om1@group-C5BA1605619E-LeaderElection1 PRE_VOTE round 0: submit vote requests at term 0 for -1: peers:[om1|rpc:localhost:15007|priority:0|startupRole:FOLLOWER]|listeners:[], old=null
2023-10-17 18:42:27,989 [Time-limited test] INFO  ozoneimpl.OzoneContainer (OzoneContainer.java:buildContainerSet(316)) - Build ContainerSet costs 0s
2023-10-17 18:42:27,993 [om1@group-C5BA1605619E-LeaderElection1] INFO  impl.LeaderElection (LeaderElection.java:askForVotes(323)) - om1@group-C5BA1605619E-LeaderElection1 PRE_VOTE round 0: result PASSED (term=0)
2023-10-17 18:42:27,995 [om1@group-C5BA1605619E-LeaderElection1] INFO  impl.LeaderElection (LeaderElection.java:askForVotes(321)) - om1@group-C5BA1605619E-LeaderElection1 ELECTION round 0: submit vote requests at term 1 for -1: peers:[om1|rpc:localhost:15007|priority:0|startupRole:FOLLOWER]|listeners:[], old=null
2023-10-17 18:42:27,995 [om1@group-C5BA1605619E-LeaderElection1] INFO  impl.LeaderElection (LeaderElection.java:askForVotes(323)) - om1@group-C5BA1605619E-LeaderElection1 ELECTION round 0: result PASSED (term=1)
2023-10-17 18:42:27,995 [om1@group-C5BA1605619E-LeaderElection1] INFO  impl.RoleInfo (RoleInfo.java:shutdownLeaderElection(130)) - om1: shutdown om1@group-C5BA1605619E-LeaderElection1
2023-10-17 18:42:27,996 [om1@group-C5BA1605619E-LeaderElection1] INFO  server.RaftServer$Division (RaftServerImpl.java:setRole(329)) - om1@group-C5BA1605619E: changes role from CANDIDATE to LEADER at term 1 for changeToLeader
2023-10-17 18:42:27,996 [Time-limited test] INFO  server.RaftServer (ConfUtils.java:logGet(46)) - raft.rpc.type = GRPC (default)
2023-10-17 18:42:27,996 [Time-limited test] INFO  grpc.GrpcConfigKeys (ConfUtils.java:logFallback(53)) - raft.grpc.admin.host = null (fallback to raft.grpc.server.host)
2023-10-17 18:42:27,996 [Time-limited test] INFO  grpc.GrpcConfigKeys (ConfUtils.java:logGet(46)) - raft.grpc.admin.port = 15022 (custom)
2023-10-17 18:42:27,997 [Time-limited test] INFO  grpc.GrpcConfigKeys (ConfUtils.java:logFallback(53)) - raft.grpc.client.host = null (fallback to raft.grpc.server.host)
2023-10-17 18:42:27,997 [Time-limited test] INFO  grpc.GrpcConfigKeys (ConfUtils.java:logGet(46)) - raft.grpc.client.port = 15021 (custom)
2023-10-17 18:42:27,997 [Time-limited test] INFO  grpc.GrpcConfigKeys (ConfUtils.java:logGet(46)) - raft.grpc.server.host = null (default)
2023-10-17 18:42:27,997 [Time-limited test] INFO  grpc.GrpcConfigKeys (ConfUtils.java:logGet(46)) - raft.grpc.server.port = 15023 (custom)
2023-10-17 18:42:27,997 [Time-limited test] INFO  server.GrpcService (ConfUtils.java:logGet(46)) - raft.grpc.message.size.max = 32MB (=33554432) (custom)
2023-10-17 18:42:27,998 [Time-limited test] INFO  server.RaftServerConfigKeys (ConfUtils.java:logGet(46)) - raft.server.log.appender.buffer.byte-limit = 33554432 (custom)
2023-10-17 18:42:27,998 [Time-limited test] INFO  server.GrpcService (ConfUtils.java:logGet(46)) - raft.grpc.flow.control.window = 5MB (=5242880) (custom)
2023-10-17 18:42:27,999 [Time-limited test] INFO  server.RaftServerConfigKeys (ConfUtils.java:logGet(46)) - raft.server.rpc.request.timeout = 60s (custom)
2023-10-17 18:42:27,999 [Time-limited test] INFO  grpc.GrpcConfigKeys (ConfUtils.java:logGet(46)) - raft.grpc.server.heartbeat.channel = true (default)
2023-10-17 18:42:27,999 [Time-limited test] INFO  grpc.GrpcConfigKeys (ConfUtils.java:logGet(46)) - raft.grpc.server.async.request.thread.pool.cached = true (default)
2023-10-17 18:42:27,999 [Time-limited test] INFO  grpc.GrpcConfigKeys (ConfUtils.java:logGet(46)) - raft.grpc.server.async.request.thread.pool.size = 32 (default)
2023-10-17 18:42:28,000 [om1@group-C5BA1605619E-LeaderElection1] INFO  server.RaftServer$Division (ServerState.java:setLeader(317)) - om1@group-C5BA1605619E: change Leader from null to om1 at term 1 for becomeLeader, leader elected after 2136ms
2023-10-17 18:42:28,005 [Time-limited test] INFO  impl.DataStreamServerImpl (ConfUtils.java:logGet(46)) - raft.datastream.type = NETTY (custom)
2023-10-17 18:42:28,005 [Time-limited test] INFO  server.RaftServerConfigKeys (ConfUtils.java:logGet(46)) - raft.server.data-stream.async.request.thread.pool.cached = false (default)
2023-10-17 18:42:28,006 [Time-limited test] INFO  server.RaftServerConfigKeys (ConfUtils.java:logGet(46)) - raft.server.data-stream.async.request.thread.pool.size = 20 (custom)
2023-10-17 18:42:28,010 [Time-limited test] INFO  server.RaftServerConfigKeys (ConfUtils.java:logGet(46)) - raft.server.data-stream.async.write.thread.pool.size = 16 (default)
2023-10-17 18:42:28,010 [Time-limited test] INFO  server.RaftServerConfigKeys (ConfUtils.java:logGet(46)) - raft.server.data-stream.client.pool.size = 10 (default)
2023-10-17 18:42:28,011 [Time-limited test] INFO  netty.NettyConfigKeys$DataStream (ConfUtils.java:logGet(46)) - raft.netty.dataStream.server.use-epoll = false (default)
2023-10-17 18:42:28,011 [Time-limited test] INFO  netty.NettyConfigKeys$DataStream (ConfUtils.java:logGet(46)) - raft.netty.dataStream.server.boss-group.size = 0 (default)
2023-10-17 18:42:28,011 [Time-limited test] INFO  netty.NettyConfigKeys$DataStream (ConfUtils.java:logGet(46)) - raft.netty.dataStream.server.worker-group.size = 0 (default)
2023-10-17 18:42:28,028 [Time-limited test] INFO  netty.NettyConfigKeys$DataStream (ConfUtils.java:logGet(46)) - raft.netty.dataStream.server.tls.conf = null (default)
2023-10-17 18:42:28,028 [Time-limited test] INFO  netty.NettyConfigKeys$DataStream (ConfUtils.java:logGet(46)) - raft.netty.dataStream.host = null (default)
2023-10-17 18:42:28,031 [Time-limited test] INFO  netty.NettyConfigKeys$DataStream (ConfUtils.java:logGet(46)) - raft.netty.dataStream.port = 15024 (custom)
2023-10-17 18:42:28,035 [Time-limited test] INFO  server.RaftServerConfigKeys (ConfUtils.java:logGet(46)) - raft.server.threadpool.proxy.cached = true (default)
2023-10-17 18:42:28,035 [Time-limited test] INFO  server.RaftServerConfigKeys (ConfUtils.java:logGet(46)) - raft.server.threadpool.proxy.size = 0 (default)
2023-10-17 18:42:28,035 [Time-limited test] INFO  server.RaftServerConfigKeys (ConfUtils.java:logGet(46)) - raft.server.rpc.slowness.timeout = 300s (custom)
2023-10-17 18:42:28,036 [Time-limited test] INFO  server.RaftServerConfigKeys (ConfUtils.java:logGet(46)) - raft.server.leaderelection.leader.step-down.wait-time = 10s (default)
2023-10-17 18:42:28,036 [Time-limited test] INFO  server.RaftServerConfigKeys (ConfUtils.java:logGet(46)) - raft.server.storage.dir = [/home/runner/work/ozone/ozone/hadoop-ozone/integration-test/target/test-dir/MiniOzoneClusterImpl-15da5f49-43ae-464d-a042-f1226d21d357/datanode-1/data/ratis] (custom)
2023-10-17 18:42:28,036 [7a9e1f70-f6f2-401d-b0bf-19c30f8e2c75-impl-thread1] INFO  server.RaftServer (RaftServerProxy.java:initGroupDir(258)) - 7a9e1f70-f6f2-401d-b0bf-19c30f8e2c75: found a subdirectory /home/runner/work/ozone/ozone/hadoop-ozone/integration-test/target/test-dir/MiniOzoneClusterImpl-15da5f49-43ae-464d-a042-f1226d21d357/datanode-1/data/ratis/tmp
2023-10-17 18:42:28,037 [7a9e1f70-f6f2-401d-b0bf-19c30f8e2c75-impl-thread1] INFO  server.RaftServer (RaftServerProxy.java:initGroupDir(263)) - 7a9e1f70-f6f2-401d-b0bf-19c30f8e2c75: The directory /home/runner/work/ozone/ozone/hadoop-ozone/integration-test/target/test-dir/MiniOzoneClusterImpl-15da5f49-43ae-464d-a042-f1226d21d357/datanode-1/data/ratis/tmp is not a group directory; ignoring it. 
2023-10-17 18:42:28,043 [om1@group-C5BA1605619E-LeaderElection1] INFO  server.RaftServerConfigKeys (ConfUtils.java:logGet(46)) - raft.server.staging.catchup.gap = 1000 (default)
2023-10-17 18:42:28,045 [Time-limited test] INFO  replication.ReplicationServer (ReplicationServer.java:<init>(83)) - Initializing replication server with thread count = 10 queue length = 4096
2023-10-17 18:42:28,042 [7a9e1f70-f6f2-401d-b0bf-19c30f8e2c75-NettyServerStreamRpc-bossGroup--thread1] INFO  logging.LoggingHandler (AbstractInternalLogger.java:log(148)) - [id: 0xf8c86d64] REGISTERED
2023-10-17 18:42:28,048 [7a9e1f70-f6f2-401d-b0bf-19c30f8e2c75-NettyServerStreamRpc-bossGroup--thread1] INFO  logging.LoggingHandler (AbstractInternalLogger.java:log(148)) - [id: 0xf8c86d64] BIND: 0.0.0.0/0.0.0.0:15024
2023-10-17 18:42:28,048 [7a9e1f70-f6f2-401d-b0bf-19c30f8e2c75-NettyServerStreamRpc-bossGroup--thread1] INFO  logging.LoggingHandler (AbstractInternalLogger.java:log(148)) - [id: 0xf8c86d64, L:/0:0:0:0:0:0:0:0:15024] ACTIVE
2023-10-17 18:42:28,051 [Time-limited test] INFO  server.XceiverServerGrpc (XceiverServerGrpc.java:<init>(132)) - GrpcServer channel type EpollServerSocketChannel
2023-10-17 18:42:28,054 [Time-limited test] INFO  replication.ReplicationSupervisor (ReplicationSupervisor.java:build(155)) - Initializing replication supervisor with thread count = 10
2023-10-17 18:42:28,054 [Time-limited test] INFO  replication.ReplicationSupervisor (ReplicationSupervisor.java:nodeStateUpdated(307)) - Node state updated to IN_SERVICE, scaling executor pool size to 10
2023-10-17 18:42:28,062 [Time-limited test] INFO  http.BaseHttpServer (BaseHttpServer.java:newHttpServer2BuilderForOzone(223)) - Starting Web-server for hddsDatanode at: http://0.0.0.0:15018
2023-10-17 18:42:28,063 [Time-limited test] INFO  http.BaseHttpServer (BaseHttpServer.java:<init>(110)) - Hadoop Security Enabled: false Ozone Security Enabled: false Ozone HTTP Security Enabled: false 
2023-10-17 18:42:28,064 [Time-limited test] WARN  server.AuthenticationFilter (AuthenticationFilter.java:constructSecretProvider(240)) - Unable to initialize FileSignerSecretProvider, falling back to use random secrets. Reason: Could not read signature secret file: /home/runner/hadoop-http-auth-signature-secret
2023-10-17 18:42:28,065 [Time-limited test] INFO  http.HttpRequestLog (HttpRequestLog.java:getRequestLog(86)) - Http request log for http.requests.hddsDatanode is not defined
2023-10-17 18:42:28,066 [Time-limited test] INFO  http.HttpServer2 (HttpServer2.java:addGlobalFilter(1031)) - Added global filter 'safety' (class=org.apache.hadoop.hdds.server.http.HttpServer2$QuotingInputFilter)
2023-10-17 18:42:28,067 [Time-limited test] INFO  http.HttpServer2 (HttpServer2.java:addFilter(1007)) - Added filter static_user_filter (class=org.apache.hadoop.http.lib.StaticUserWebFilter$StaticUserFilter) to context hddsDatanode
2023-10-17 18:42:28,067 [Time-limited test] INFO  http.HttpServer2 (HttpServer2.java:addFilter(1015)) - Added filter static_user_filter (class=org.apache.hadoop.http.lib.StaticUserWebFilter$StaticUserFilter) to context static
2023-10-17 18:42:28,067 [Time-limited test] INFO  http.HttpServer2 (HttpServer2.java:addFilter(1015)) - Added filter static_user_filter (class=org.apache.hadoop.http.lib.StaticUserWebFilter$StaticUserFilter) to context logs
2023-10-17 18:42:28,068 [Time-limited test] INFO  http.BaseHttpServer (BaseHttpServer.java:<init>(189)) - HTTP server of hddsDatanode uses base directory /home/runner/work/ozone/ozone/hadoop-ozone/integration-test/target/test-dir/MiniOzoneClusterImpl-15da5f49-43ae-464d-a042-f1226d21d357/datanode-1/meta/webserver
2023-10-17 18:42:28,068 [Time-limited test] INFO  http.HttpServer2 (HttpServer2.java:bindListener(1231)) - Jetty bound to port 15018
2023-10-17 18:42:28,068 [Time-limited test] INFO  server.Server (Server.java:doStart(375)) - jetty-9.4.53.v20231009; built: 2023-10-09T12:29:09.265Z; git: 27bde00a0b95a1d5bbee0eae7984f891d2d0f8c9; jvm 1.8.0_382-b05
2023-10-17 18:42:28,069 [om1@group-C5BA1605619E-LeaderElection1] INFO  server.RaftServerConfigKeys (ConfUtils.java:logGet(46)) - raft.server.write.element-limit = 4096 (default)
2023-10-17 18:42:28,070 [om1@group-C5BA1605619E-LeaderElection1] INFO  server.RaftServerConfigKeys (ConfUtils.java:logGet(46)) - raft.server.write.byte-limit = 64MB (=67108864) (default)
2023-10-17 18:42:28,074 [om1@group-C5BA1605619E-LeaderElection1] INFO  server.RaftServerConfigKeys (ConfUtils.java:logGet(46)) - raft.server.watch.timeout = 10s (default)
2023-10-17 18:42:28,074 [om1@group-C5BA1605619E-LeaderElection1] INFO  server.RaftServerConfigKeys (ConfUtils.java:logGet(46)) - raft.server.watch.timeout.denomination = 1s (default)
2023-10-17 18:42:28,074 [om1@group-C5BA1605619E-LeaderElection1] INFO  server.RaftServerConfigKeys (ConfUtils.java:logGet(46)) - raft.server.watch.element-limit = 65536 (default)
2023-10-17 18:42:28,079 [om1@group-C5BA1605619E-LeaderElection1] INFO  server.RaftServerConfigKeys (ConfUtils.java:logGet(46)) - raft.server.write.element-limit = 4096 (default)
2023-10-17 18:42:28,081 [om1@group-C5BA1605619E-LeaderElection1] INFO  server.RaftServerConfigKeys (ConfUtils.java:logGet(46)) - raft.server.write.follower.gap.ratio.max = -1.0 (default)
2023-10-17 18:42:28,083 [om1@group-C5BA1605619E-LeaderElection1] INFO  impl.RoleInfo (RoleInfo.java:updateAndGet(139)) - om1: start om1@group-C5BA1605619E-LeaderStateImpl
2023-10-17 18:42:28,090 [Time-limited test] INFO  server.session (DefaultSessionIdManager.java:doStart(334)) - DefaultSessionIdManager workerName=node0
2023-10-17 18:42:28,090 [Time-limited test] INFO  server.session (DefaultSessionIdManager.java:doStart(339)) - No SessionScavenger set, using defaults
2023-10-17 18:42:28,091 [Time-limited test] INFO  server.session (HouseKeeper.java:startScavenging(132)) - node0 Scavenging every 600000ms
2023-10-17 18:42:28,091 [Time-limited test] INFO  handler.ContextHandler (ContextHandler.java:doStart(921)) - Started o.e.j.s.ServletContextHandler@5571727a{logs,/logs,file:///home/runner/work/ozone/ozone/hadoop-ozone/integration-test/target/log,AVAILABLE}
2023-10-17 18:42:28,092 [Time-limited test] INFO  handler.ContextHandler (ContextHandler.java:doStart(921)) - Started o.e.j.s.ServletContextHandler@5c835fd{static,/static,jar:file:/home/runner/.m2/repository/org/apache/ozone/hdds-container-service/1.4.0-SNAPSHOT/hdds-container-service-1.4.0-SNAPSHOT.jar!/webapps/static,AVAILABLE}
2023-10-17 18:42:28,163 [om1@group-C5BA1605619E-LeaderElection1] INFO  segmented.SegmentedRaftLogWorker (SegmentedRaftLogWorker.java:startLogSegment(447)) - om1@group-C5BA1605619E-SegmentedRaftLogWorker: Starting segment from index:0
2023-10-17 18:42:28,238 [Datanode State Machine Task Thread - 0] INFO  datanode.InitDatanodeState (InitDatanodeState.java:persistContainerDatanodeDetails(138)) - DatanodeDetails is persisted to /home/runner/work/ozone/ozone/hadoop-ozone/integration-test/target/test-dir/MiniOzoneClusterImpl-15da5f49-43ae-464d-a042-f1226d21d357/datanode-0/meta/datanode.id
2023-10-17 18:42:28,250 [om1@group-C5BA1605619E-LeaderElection1] INFO  server.RaftServer$Division (ServerState.java:setRaftConf(434)) - om1@group-C5BA1605619E: set configuration 0: peers:[om1|rpc:localhost:15007|admin:|client:|dataStream:|priority:0|startupRole:FOLLOWER]|listeners:[], old=null
2023-10-17 18:42:28,305 [om1@group-C5BA1605619E-SegmentedRaftLogWorker] INFO  segmented.SegmentedRaftLogWorker (SegmentedRaftLogWorker.java:execute(651)) - om1@group-C5BA1605619E-SegmentedRaftLogWorker: created new log segment /home/runner/work/ozone/ozone/hadoop-ozone/integration-test/target/test-dir/MiniOzoneClusterImpl-15da5f49-43ae-464d-a042-f1226d21d357/ozone-meta/ratis/bf265839-605b-3f16-9796-c5ba1605619e/current/log_inprogress_0
2023-10-17 18:42:28,431 [om1@group-C5BA1605619E-StateMachineUpdater] INFO  ratis.OzoneManagerStateMachine (OzoneManagerStateMachine.java:notifyConfigurationChanged(202)) - Received Configuration change notification from Ratis. New Peer list:
[id: "om1"
address: "localhost:15007"
startupRole: FOLLOWER
]
2023-10-17 18:42:28,444 [Time-limited test] INFO  handler.ContextHandler (ContextHandler.java:doStart(921)) - Started o.e.j.w.WebAppContext@381d3d0c{hddsDatanode,/,file:///home/runner/work/ozone/ozone/hadoop-ozone/integration-test/target/test-dir/MiniOzoneClusterImpl-15da5f49-43ae-464d-a042-f1226d21d357/datanode-1/meta/webserver/jetty-0_0_0_0-15018-hdds-container-service-1_4_0-SNAPSHOT_jar-_-any-474861096613390518/webapp/,AVAILABLE}{jar:file:/home/runner/.m2/repository/org/apache/ozone/hdds-container-service/1.4.0-SNAPSHOT/hdds-container-service-1.4.0-SNAPSHOT.jar!/webapps/hddsDatanode}
2023-10-17 18:42:28,446 [Time-limited test] INFO  server.AbstractConnector (AbstractConnector.java:doStart(333)) - Started ServerConnector@507e1b98{HTTP/1.1, (http/1.1)}{0.0.0.0:15018}
2023-10-17 18:42:28,446 [Time-limited test] INFO  server.Server (Server.java:doStart(415)) - Started @9160ms
2023-10-17 18:42:28,446 [Time-limited test] WARN  impl.MetricsSystemImpl (MetricsSystemImpl.java:register(279)) - Sink prometheus already exists!
2023-10-17 18:42:28,447 [Time-limited test] INFO  http.BaseHttpServer (BaseHttpServer.java:updateConnectorAddress(354)) - HTTP server of hddsDatanode listening at http://0.0.0.0:15018
2023-10-17 18:42:28,447 [Time-limited test] INFO  ipc.CallQueueManager (CallQueueManager.java:<init>(90)) - Using callQueue: class java.util.concurrent.LinkedBlockingQueue, queueCapacity: 100, scheduler: class org.apache.hadoop.ipc.DefaultRpcScheduler, ipcBackoff: false.
2023-10-17 18:42:28,447 [Time-limited test] INFO  ipc.Server (Server.java:<init>(1287)) - Listener at 0.0.0.0:15019
2023-10-17 18:42:28,448 [Socket Reader #1 for port 15019] INFO  ipc.Server (Server.java:run(1323)) - Starting Socket Reader #1 for port 15019
2023-10-17 18:42:28,453 [Time-limited test] INFO  ozone.HddsDatanodeService (HddsDatanodeService.java:start(325)) - Datanode start with admins: [runner]
2023-10-17 18:42:28,453 [Time-limited test] INFO  ozone.HddsDatanodeClientProtocolServer (HddsDatanodeClientProtocolServer.java:start(72)) - RPC server for Client /0.0.0.0:15019
2023-10-17 18:42:28,453 [IPC Server Responder] INFO  ipc.Server (Server.java:run(1562)) - IPC Server Responder: starting
2023-10-17 18:42:28,458 [IPC Server listener on 15019] INFO  ipc.Server (Server.java:run(1402)) - IPC Server listener on 15019: starting
2023-10-17 18:42:28,459 [Time-limited test] WARN  impl.MetricRegistriesImpl (MetricRegistriesImpl.java:addReporterRegistration(111)) - New reporters are added after registries were created. Some metrics will be missing from the reporter. Please add reporter before adding any new registry.
2023-10-17 18:42:28,459 [Time-limited test] WARN  impl.MetricRegistriesImpl (MetricRegistriesImpl.java:addReporterRegistration(111)) - New reporters are added after registries were created. Some metrics will be missing from the reporter. Please add reporter before adding any new registry.
2023-10-17 18:42:28,459 [Time-limited test] INFO  impl.MetricsSystemImpl (MetricsSystemImpl.java:init(158)) - HddsDatanode metrics system started (again)
2023-10-17 18:42:28,466 [Datanode State Machine Daemon Thread] INFO  statemachine.DatanodeStateMachine (DatanodeStateMachine.java:lambda$startDaemon$1(546)) - Ozone container server started.
2023-10-17 18:42:28,476 [Time-limited test] INFO  ozone.HddsDatanodeService (HddsDatanodeService.java:start(240)) - HddsDatanodeService host:fv-az189-115 ip:10.1.0.25
2023-10-17 18:42:28,488 [Datanode State Machine Task Thread - 0] INFO  datanode.InitDatanodeState (InitDatanodeState.java:persistContainerDatanodeDetails(138)) - DatanodeDetails is persisted to /home/runner/work/ozone/ozone/hadoop-ozone/integration-test/target/test-dir/MiniOzoneClusterImpl-15da5f49-43ae-464d-a042-f1226d21d357/datanode-1/meta/datanode.id
2023-10-17 18:42:28,501 [Time-limited test] INFO  upgrade.AbstractLayoutVersionManager (AbstractLayoutVersionManager.java:init(83)) - Initializing Layout version manager with metadata layout = HADOOP_PRC_PORTS_IN_DATANODEDETAILS (version = 7), software layout = HADOOP_PRC_PORTS_IN_DATANODEDETAILS (version = 7)
2023-10-17 18:42:28,502 [Time-limited test] INFO  statemachine.DatanodeStateMachine (DatanodeStateMachine.java:getEndPointTaskThreadPoolSize(290)) - Datanode State Machine Task Thread Pool size 2
2023-10-17 18:42:28,504 [Time-limited test] INFO  volume.HddsVolume (HddsVolume.java:<init>(126)) - Creating HddsVolume: /home/runner/work/ozone/ozone/hadoop-ozone/integration-test/target/test-dir/MiniOzoneClusterImpl-15da5f49-43ae-464d-a042-f1226d21d357/datanode-2/data-0/containers/hdds of storage type : DISK capacity : 9223372036854775807
2023-10-17 18:42:28,504 [Time-limited test] INFO  volume.MutableVolumeSet (MutableVolumeSet.java:initializeVolumeSet(173)) - Added Volume : /home/runner/work/ozone/ozone/hadoop-ozone/integration-test/target/test-dir/MiniOzoneClusterImpl-15da5f49-43ae-464d-a042-f1226d21d357/datanode-2/data-0/containers/hdds to VolumeSet
2023-10-17 18:42:28,505 [Time-limited test] INFO  volume.MutableVolumeSet (MutableVolumeSet.java:initializeVolumeSet(173)) - Added Volume : /home/runner/work/ozone/ozone/hadoop-ozone/integration-test/target/test-dir/MiniOzoneClusterImpl-15da5f49-43ae-464d-a042-f1226d21d357/datanode-2/data/ratis to VolumeSet
2023-10-17 18:42:28,506 [Thread-177] INFO  ozoneimpl.ContainerReader (ContainerReader.java:readVolume(177)) - Finish verifying containers on volume /home/runner/work/ozone/ozone/hadoop-ozone/integration-test/target/test-dir/MiniOzoneClusterImpl-15da5f49-43ae-464d-a042-f1226d21d357/datanode-2/data-0/containers/hdds
2023-10-17 18:42:28,507 [Time-limited test] INFO  ozoneimpl.OzoneContainer (OzoneContainer.java:buildContainerSet(316)) - Build ContainerSet costs 0s
2023-10-17 18:42:28,510 [Time-limited test] INFO  server.RaftServer (ConfUtils.java:logGet(46)) - raft.rpc.type = GRPC (default)
2023-10-17 18:42:28,511 [Time-limited test] INFO  grpc.GrpcConfigKeys (ConfUtils.java:logFallback(53)) - raft.grpc.admin.host = null (fallback to raft.grpc.server.host)
2023-10-17 18:42:28,511 [Time-limited test] INFO  grpc.GrpcConfigKeys (ConfUtils.java:logGet(46)) - raft.grpc.admin.port = 15031 (custom)
2023-10-17 18:42:28,511 [Time-limited test] INFO  grpc.GrpcConfigKeys (ConfUtils.java:logFallback(53)) - raft.grpc.client.host = null (fallback to raft.grpc.server.host)
2023-10-17 18:42:28,511 [Time-limited test] INFO  grpc.GrpcConfigKeys (ConfUtils.java:logGet(46)) - raft.grpc.client.port = 15030 (custom)
2023-10-17 18:42:28,511 [Time-limited test] INFO  grpc.GrpcConfigKeys (ConfUtils.java:logGet(46)) - raft.grpc.server.host = null (default)
2023-10-17 18:42:28,511 [Time-limited test] INFO  grpc.GrpcConfigKeys (ConfUtils.java:logGet(46)) - raft.grpc.server.port = 15032 (custom)
2023-10-17 18:42:28,511 [Time-limited test] INFO  server.GrpcService (ConfUtils.java:logGet(46)) - raft.grpc.message.size.max = 32MB (=33554432) (custom)
2023-10-17 18:42:28,511 [Time-limited test] INFO  server.RaftServerConfigKeys (ConfUtils.java:logGet(46)) - raft.server.log.appender.buffer.byte-limit = 33554432 (custom)
2023-10-17 18:42:28,511 [Time-limited test] INFO  server.GrpcService (ConfUtils.java:logGet(46)) - raft.grpc.flow.control.window = 5MB (=5242880) (custom)
2023-10-17 18:42:28,511 [Time-limited test] INFO  server.RaftServerConfigKeys (ConfUtils.java:logGet(46)) - raft.server.rpc.request.timeout = 60s (custom)
2023-10-17 18:42:28,512 [Time-limited test] INFO  grpc.GrpcConfigKeys (ConfUtils.java:logGet(46)) - raft.grpc.server.heartbeat.channel = true (default)
2023-10-17 18:42:28,512 [Time-limited test] INFO  grpc.GrpcConfigKeys (ConfUtils.java:logGet(46)) - raft.grpc.server.async.request.thread.pool.cached = true (default)
2023-10-17 18:42:28,512 [Time-limited test] INFO  grpc.GrpcConfigKeys (ConfUtils.java:logGet(46)) - raft.grpc.server.async.request.thread.pool.size = 32 (default)
2023-10-17 18:42:28,514 [Time-limited test] INFO  impl.DataStreamServerImpl (ConfUtils.java:logGet(46)) - raft.datastream.type = NETTY (custom)
2023-10-17 18:42:28,515 [Time-limited test] INFO  server.RaftServerConfigKeys (ConfUtils.java:logGet(46)) - raft.server.data-stream.async.request.thread.pool.cached = false (default)
2023-10-17 18:42:28,515 [Time-limited test] INFO  server.RaftServerConfigKeys (ConfUtils.java:logGet(46)) - raft.server.data-stream.async.request.thread.pool.size = 20 (custom)
2023-10-17 18:42:28,515 [Time-limited test] INFO  server.RaftServerConfigKeys (ConfUtils.java:logGet(46)) - raft.server.data-stream.async.write.thread.pool.size = 16 (default)
2023-10-17 18:42:28,515 [Time-limited test] INFO  server.RaftServerConfigKeys (ConfUtils.java:logGet(46)) - raft.server.data-stream.client.pool.size = 10 (default)
2023-10-17 18:42:28,515 [Time-limited test] INFO  netty.NettyConfigKeys$DataStream (ConfUtils.java:logGet(46)) - raft.netty.dataStream.server.use-epoll = false (default)
2023-10-17 18:42:28,515 [Time-limited test] INFO  netty.NettyConfigKeys$DataStream (ConfUtils.java:logGet(46)) - raft.netty.dataStream.server.boss-group.size = 0 (default)
2023-10-17 18:42:28,516 [Time-limited test] INFO  netty.NettyConfigKeys$DataStream (ConfUtils.java:logGet(46)) - raft.netty.dataStream.server.worker-group.size = 0 (default)
2023-10-17 18:42:28,516 [Time-limited test] INFO  netty.NettyConfigKeys$DataStream (ConfUtils.java:logGet(46)) - raft.netty.dataStream.server.tls.conf = null (default)
2023-10-17 18:42:28,516 [Time-limited test] INFO  netty.NettyConfigKeys$DataStream (ConfUtils.java:logGet(46)) - raft.netty.dataStream.host = null (default)
2023-10-17 18:42:28,516 [Time-limited test] INFO  netty.NettyConfigKeys$DataStream (ConfUtils.java:logGet(46)) - raft.netty.dataStream.port = 15033 (custom)
2023-10-17 18:42:28,517 [Time-limited test] INFO  server.RaftServerConfigKeys (ConfUtils.java:logGet(46)) - raft.server.threadpool.proxy.cached = true (default)
2023-10-17 18:42:28,517 [Time-limited test] INFO  server.RaftServerConfigKeys (ConfUtils.java:logGet(46)) - raft.server.threadpool.proxy.size = 0 (default)
2023-10-17 18:42:28,517 [Time-limited test] INFO  server.RaftServerConfigKeys (ConfUtils.java:logGet(46)) - raft.server.rpc.slowness.timeout = 300s (custom)
2023-10-17 18:42:28,517 [Time-limited test] INFO  server.RaftServerConfigKeys (ConfUtils.java:logGet(46)) - raft.server.leaderelection.leader.step-down.wait-time = 10s (default)
2023-10-17 18:42:28,517 [Time-limited test] INFO  server.RaftServerConfigKeys (ConfUtils.java:logGet(46)) - raft.server.storage.dir = [/home/runner/work/ozone/ozone/hadoop-ozone/integration-test/target/test-dir/MiniOzoneClusterImpl-15da5f49-43ae-464d-a042-f1226d21d357/datanode-2/data/ratis] (custom)
2023-10-17 18:42:28,519 [a4cc5df1-5951-42e4-b27b-dd626196f558-NettyServerStreamRpc-bossGroup--thread1] INFO  logging.LoggingHandler (AbstractInternalLogger.java:log(148)) - [id: 0xb281069b] REGISTERED
2023-10-17 18:42:28,519 [a4cc5df1-5951-42e4-b27b-dd626196f558-NettyServerStreamRpc-bossGroup--thread1] INFO  logging.LoggingHandler (AbstractInternalLogger.java:log(148)) - [id: 0xb281069b] BIND: 0.0.0.0/0.0.0.0:15033
2023-10-17 18:42:28,519 [a4cc5df1-5951-42e4-b27b-dd626196f558-NettyServerStreamRpc-bossGroup--thread1] INFO  logging.LoggingHandler (AbstractInternalLogger.java:log(148)) - [id: 0xb281069b, L:/0:0:0:0:0:0:0:0:15033] ACTIVE
2023-10-17 18:42:28,519 [a4cc5df1-5951-42e4-b27b-dd626196f558-impl-thread1] INFO  server.RaftServer (RaftServerProxy.java:initGroupDir(258)) - a4cc5df1-5951-42e4-b27b-dd626196f558: found a subdirectory /home/runner/work/ozone/ozone/hadoop-ozone/integration-test/target/test-dir/MiniOzoneClusterImpl-15da5f49-43ae-464d-a042-f1226d21d357/datanode-2/data/ratis/tmp
2023-10-17 18:42:28,519 [a4cc5df1-5951-42e4-b27b-dd626196f558-impl-thread1] INFO  server.RaftServer (RaftServerProxy.java:initGroupDir(263)) - a4cc5df1-5951-42e4-b27b-dd626196f558: The directory /home/runner/work/ozone/ozone/hadoop-ozone/integration-test/target/test-dir/MiniOzoneClusterImpl-15da5f49-43ae-464d-a042-f1226d21d357/datanode-2/data/ratis/tmp is not a group directory; ignoring it. 
2023-10-17 18:42:28,520 [Time-limited test] INFO  replication.ReplicationServer (ReplicationServer.java:<init>(83)) - Initializing replication server with thread count = 10 queue length = 4096
2023-10-17 18:42:28,521 [Time-limited test] INFO  server.XceiverServerGrpc (XceiverServerGrpc.java:<init>(132)) - GrpcServer channel type EpollServerSocketChannel
2023-10-17 18:42:28,523 [Time-limited test] INFO  replication.ReplicationSupervisor (ReplicationSupervisor.java:build(155)) - Initializing replication supervisor with thread count = 10
2023-10-17 18:42:28,523 [Time-limited test] INFO  replication.ReplicationSupervisor (ReplicationSupervisor.java:nodeStateUpdated(307)) - Node state updated to IN_SERVICE, scaling executor pool size to 10
2023-10-17 18:42:28,533 [Time-limited test] INFO  http.BaseHttpServer (BaseHttpServer.java:newHttpServer2BuilderForOzone(223)) - Starting Web-server for hddsDatanode at: http://0.0.0.0:15027
2023-10-17 18:42:28,533 [Time-limited test] INFO  http.BaseHttpServer (BaseHttpServer.java:<init>(110)) - Hadoop Security Enabled: false Ozone Security Enabled: false Ozone HTTP Security Enabled: false 
2023-10-17 18:42:28,534 [Time-limited test] WARN  server.AuthenticationFilter (AuthenticationFilter.java:constructSecretProvider(240)) - Unable to initialize FileSignerSecretProvider, falling back to use random secrets. Reason: Could not read signature secret file: /home/runner/hadoop-http-auth-signature-secret
2023-10-17 18:42:28,535 [Time-limited test] INFO  http.HttpRequestLog (HttpRequestLog.java:getRequestLog(86)) - Http request log for http.requests.hddsDatanode is not defined
2023-10-17 18:42:28,536 [Time-limited test] INFO  http.HttpServer2 (HttpServer2.java:addGlobalFilter(1031)) - Added global filter 'safety' (class=org.apache.hadoop.hdds.server.http.HttpServer2$QuotingInputFilter)
2023-10-17 18:42:28,537 [Time-limited test] INFO  http.HttpServer2 (HttpServer2.java:addFilter(1007)) - Added filter static_user_filter (class=org.apache.hadoop.http.lib.StaticUserWebFilter$StaticUserFilter) to context hddsDatanode
2023-10-17 18:42:28,537 [Time-limited test] INFO  http.HttpServer2 (HttpServer2.java:addFilter(1015)) - Added filter static_user_filter (class=org.apache.hadoop.http.lib.StaticUserWebFilter$StaticUserFilter) to context logs
2023-10-17 18:42:28,537 [Time-limited test] INFO  http.HttpServer2 (HttpServer2.java:addFilter(1015)) - Added filter static_user_filter (class=org.apache.hadoop.http.lib.StaticUserWebFilter$StaticUserFilter) to context static
2023-10-17 18:42:28,538 [Time-limited test] INFO  http.BaseHttpServer (BaseHttpServer.java:<init>(189)) - HTTP server of hddsDatanode uses base directory /home/runner/work/ozone/ozone/hadoop-ozone/integration-test/target/test-dir/MiniOzoneClusterImpl-15da5f49-43ae-464d-a042-f1226d21d357/datanode-2/meta/webserver
2023-10-17 18:42:28,538 [Time-limited test] INFO  http.HttpServer2 (HttpServer2.java:bindListener(1231)) - Jetty bound to port 15027
2023-10-17 18:42:28,538 [Time-limited test] INFO  server.Server (Server.java:doStart(375)) - jetty-9.4.53.v20231009; built: 2023-10-09T12:29:09.265Z; git: 27bde00a0b95a1d5bbee0eae7984f891d2d0f8c9; jvm 1.8.0_382-b05
2023-10-17 18:42:28,540 [Time-limited test] INFO  server.session (DefaultSessionIdManager.java:doStart(334)) - DefaultSessionIdManager workerName=node0
2023-10-17 18:42:28,540 [Time-limited test] INFO  server.session (DefaultSessionIdManager.java:doStart(339)) - No SessionScavenger set, using defaults
2023-10-17 18:42:28,540 [Time-limited test] INFO  server.session (HouseKeeper.java:startScavenging(132)) - node0 Scavenging every 660000ms
2023-10-17 18:42:28,541 [Time-limited test] INFO  handler.ContextHandler (ContextHandler.java:doStart(921)) - Started o.e.j.s.ServletContextHandler@6f239545{logs,/logs,file:///home/runner/work/ozone/ozone/hadoop-ozone/integration-test/target/log,AVAILABLE}
2023-10-17 18:42:28,541 [Time-limited test] INFO  handler.ContextHandler (ContextHandler.java:doStart(921)) - Started o.e.j.s.ServletContextHandler@1111ec6c{static,/static,jar:file:/home/runner/.m2/repository/org/apache/ozone/hdds-container-service/1.4.0-SNAPSHOT/hdds-container-service-1.4.0-SNAPSHOT.jar!/webapps/static,AVAILABLE}
2023-10-17 18:42:28,732 [Time-limited test] INFO  handler.ContextHandler (ContextHandler.java:doStart(921)) - Started o.e.j.w.WebAppContext@32674eb8{hddsDatanode,/,file:///home/runner/work/ozone/ozone/hadoop-ozone/integration-test/target/test-dir/MiniOzoneClusterImpl-15da5f49-43ae-464d-a042-f1226d21d357/datanode-2/meta/webserver/jetty-0_0_0_0-15027-hdds-container-service-1_4_0-SNAPSHOT_jar-_-any-7618098841795051906/webapp/,AVAILABLE}{jar:file:/home/runner/.m2/repository/org/apache/ozone/hdds-container-service/1.4.0-SNAPSHOT/hdds-container-service-1.4.0-SNAPSHOT.jar!/webapps/hddsDatanode}
2023-10-17 18:42:28,734 [Time-limited test] INFO  server.AbstractConnector (AbstractConnector.java:doStart(333)) - Started ServerConnector@44a59565{HTTP/1.1, (http/1.1)}{0.0.0.0:15027}
2023-10-17 18:42:28,734 [Time-limited test] INFO  server.Server (Server.java:doStart(415)) - Started @9448ms
2023-10-17 18:42:28,734 [Time-limited test] WARN  impl.MetricsSystemImpl (MetricsSystemImpl.java:register(279)) - Sink prometheus already exists!
2023-10-17 18:42:28,735 [Time-limited test] INFO  http.BaseHttpServer (BaseHttpServer.java:updateConnectorAddress(354)) - HTTP server of hddsDatanode listening at http://0.0.0.0:15027
2023-10-17 18:42:28,735 [Time-limited test] INFO  ipc.CallQueueManager (CallQueueManager.java:<init>(90)) - Using callQueue: class java.util.concurrent.LinkedBlockingQueue, queueCapacity: 100, scheduler: class org.apache.hadoop.ipc.DefaultRpcScheduler, ipcBackoff: false.
2023-10-17 18:42:28,735 [Time-limited test] INFO  ipc.Server (Server.java:<init>(1287)) - Listener at 0.0.0.0:15028
2023-10-17 18:42:28,738 [Socket Reader #1 for port 15028] INFO  ipc.Server (Server.java:run(1323)) - Starting Socket Reader #1 for port 15028
2023-10-17 18:42:28,741 [Time-limited test] INFO  ozone.HddsDatanodeService (HddsDatanodeService.java:start(325)) - Datanode start with admins: [runner]
2023-10-17 18:42:28,741 [Time-limited test] INFO  ozone.HddsDatanodeClientProtocolServer (HddsDatanodeClientProtocolServer.java:start(72)) - RPC server for Client /0.0.0.0:15028
2023-10-17 18:42:28,742 [IPC Server Responder] INFO  ipc.Server (Server.java:run(1562)) - IPC Server Responder: starting
2023-10-17 18:42:28,742 [IPC Server listener on 15028] INFO  ipc.Server (Server.java:run(1402)) - IPC Server listener on 15028: starting
2023-10-17 18:42:28,744 [Time-limited test] INFO  ozone.MiniOzoneClusterImpl (MiniOzoneClusterImpl.java:lambda$waitForClusterToBeReady$0(229)) - Waiting for nodes to be ready. Got 0 of 3 DN Heartbeats.
2023-10-17 18:42:28,744 [Time-limited test] INFO  ozone.MiniOzoneClusterImpl (MiniOzoneClusterImpl.java:lambda$waitForClusterToBeReady$0(232)) - Waiting for cluster to exit safe mode
2023-10-17 18:42:28,744 [Time-limited test] INFO  ozone.MiniOzoneClusterImpl (MiniOzoneClusterImpl.java:lambda$waitForClusterToBeReady$0(234)) - SCM became leader
2023-10-17 18:42:28,745 [Datanode State Machine Daemon Thread] INFO  statemachine.DatanodeStateMachine (DatanodeStateMachine.java:lambda$startDaemon$1(546)) - Ozone container server started.
2023-10-17 18:42:28,754 [Datanode State Machine Task Thread - 0] INFO  datanode.InitDatanodeState (InitDatanodeState.java:persistContainerDatanodeDetails(138)) - DatanodeDetails is persisted to /home/runner/work/ozone/ozone/hadoop-ozone/integration-test/target/test-dir/MiniOzoneClusterImpl-15da5f49-43ae-464d-a042-f1226d21d357/datanode-2/meta/datanode.id
2023-10-17 18:42:29,744 [Time-limited test] INFO  ozone.MiniOzoneClusterImpl (MiniOzoneClusterImpl.java:lambda$waitForClusterToBeReady$0(229)) - Waiting for nodes to be ready. Got 0 of 3 DN Heartbeats.
2023-10-17 18:42:29,744 [Time-limited test] INFO  ozone.MiniOzoneClusterImpl (MiniOzoneClusterImpl.java:lambda$waitForClusterToBeReady$0(232)) - Waiting for cluster to exit safe mode
2023-10-17 18:42:29,744 [Time-limited test] INFO  ozone.MiniOzoneClusterImpl (MiniOzoneClusterImpl.java:lambda$waitForClusterToBeReady$0(234)) - SCM became leader
2023-10-17 18:42:30,011 [EndpointStateMachine task thread for /0.0.0.0:15002 - 0 ] INFO  utils.DatanodeStoreCache (DatanodeStoreCache.java:addDB(66)) - Added db /home/runner/work/ozone/ozone/hadoop-ozone/integration-test/target/test-dir/MiniOzoneClusterImpl-15da5f49-43ae-464d-a042-f1226d21d357/datanode-0/data-0/containers/hdds/15da5f49-43ae-464d-a042-f1226d21d357/DS-589207ae-f80d-4eba-889d-d245c0d3da97/container.db to cache
2023-10-17 18:42:30,011 [EndpointStateMachine task thread for /0.0.0.0:15002 - 0 ] INFO  volume.HddsVolume (HddsVolume.java:createDbStore(422)) - SchemaV3 db is created and loaded at /home/runner/work/ozone/ozone/hadoop-ozone/integration-test/target/test-dir/MiniOzoneClusterImpl-15da5f49-43ae-464d-a042-f1226d21d357/datanode-0/data-0/containers/hdds/15da5f49-43ae-464d-a042-f1226d21d357/DS-589207ae-f80d-4eba-889d-d245c0d3da97/container.db for volume DS-589207ae-f80d-4eba-889d-d245c0d3da97
2023-10-17 18:42:30,014 [EndpointStateMachine task thread for /0.0.0.0:15002 - 0 ] INFO  volume.ThrottledAsyncChecker (ThrottledAsyncChecker.java:schedule(141)) - Scheduling a check for /home/runner/work/ozone/ozone/hadoop-ozone/integration-test/target/test-dir/MiniOzoneClusterImpl-15da5f49-43ae-464d-a042-f1226d21d357/datanode-0/data-0/containers/hdds
2023-10-17 18:42:30,027 [EndpointStateMachine task thread for /0.0.0.0:15002 - 0 ] INFO  volume.StorageVolumeChecker (StorageVolumeChecker.java:checkAllVolumes(213)) - Scheduled health check for volume /home/runner/work/ozone/ozone/hadoop-ozone/integration-test/target/test-dir/MiniOzoneClusterImpl-15da5f49-43ae-464d-a042-f1226d21d357/datanode-0/data-0/containers/hdds
2023-10-17 18:42:30,033 [EndpointStateMachine task thread for /0.0.0.0:15002 - 0 ] INFO  volume.ThrottledAsyncChecker (ThrottledAsyncChecker.java:schedule(141)) - Scheduling a check for /home/runner/work/ozone/ozone/hadoop-ozone/integration-test/target/test-dir/MiniOzoneClusterImpl-15da5f49-43ae-464d-a042-f1226d21d357/datanode-0/data/ratis
2023-10-17 18:42:30,033 [EndpointStateMachine task thread for /0.0.0.0:15002 - 0 ] INFO  volume.StorageVolumeChecker (StorageVolumeChecker.java:checkAllVolumes(213)) - Scheduled health check for volume /home/runner/work/ozone/ozone/hadoop-ozone/integration-test/target/test-dir/MiniOzoneClusterImpl-15da5f49-43ae-464d-a042-f1226d21d357/datanode-0/data/ratis
2023-10-17 18:42:30,034 [EndpointStateMachine task thread for /0.0.0.0:15002 - 0 ] INFO  ozoneimpl.OzoneContainer (OzoneContainer.java:start(431)) - Attempting to start container services.
2023-10-17 18:42:30,036 [EndpointStateMachine task thread for /0.0.0.0:15002 - 0 ] INFO  ozoneimpl.OzoneContainer (OzoneContainer.java:startContainerScrub(327)) - Scheduled background container scanners and the on-demand container scanner have been disabled.
2023-10-17 18:42:30,037 [EndpointStateMachine task thread for /0.0.0.0:15002 - 0 ] INFO  replication.ReplicationServer (ReplicationServer.java:start(134)) - ReplicationServer is started using port 15016
2023-10-17 18:42:30,038 [EndpointStateMachine task thread for /0.0.0.0:15002 - 0 ] INFO  ratis.XceiverServerRatis (XceiverServerRatis.java:start(517)) - Starting XceiverServerRatis 038c9c7e-9eb5-457d-9050-7ea3cb2a2edd
2023-10-17 18:42:30,038 [EndpointStateMachine task thread for /0.0.0.0:15002 - 0 ] INFO  server.RaftServer (RaftServerProxy.java:startImpl(400)) - 038c9c7e-9eb5-457d-9050-7ea3cb2a2edd: start RPC server
2023-10-17 18:42:30,046 [EndpointStateMachine task thread for /0.0.0.0:15002 - 0 ] INFO  server.GrpcService (GrpcService.java:startImpl(302)) - 038c9c7e-9eb5-457d-9050-7ea3cb2a2edd: GrpcService started, listening on 15012
2023-10-17 18:42:30,047 [EndpointStateMachine task thread for /0.0.0.0:15002 - 0 ] INFO  server.GrpcService (GrpcService.java:startImpl(302)) - 038c9c7e-9eb5-457d-9050-7ea3cb2a2edd: GrpcService started, listening on 15014
2023-10-17 18:42:30,049 [EndpointStateMachine task thread for /0.0.0.0:15002 - 0 ] INFO  server.GrpcService (GrpcService.java:startImpl(302)) - 038c9c7e-9eb5-457d-9050-7ea3cb2a2edd: GrpcService started, listening on 15013
2023-10-17 18:42:30,049 [JvmPauseMonitor2] INFO  util.JvmPauseMonitor (JvmPauseMonitor.java:run(103)) - JvmPauseMonitor-038c9c7e-9eb5-457d-9050-7ea3cb2a2edd: Started
2023-10-17 18:42:30,049 [EndpointStateMachine task thread for /0.0.0.0:15002 - 0 ] INFO  ratis.XceiverServerRatis (XceiverServerRatis.java:getRealPort(543)) - XceiverServerRatis 038c9c7e-9eb5-457d-9050-7ea3cb2a2edd is started using port 15012 for RATIS
2023-10-17 18:42:30,049 [EndpointStateMachine task thread for /0.0.0.0:15002 - 0 ] INFO  ratis.XceiverServerRatis (XceiverServerRatis.java:getRealPort(543)) - XceiverServerRatis 038c9c7e-9eb5-457d-9050-7ea3cb2a2edd is started using port 15013 for RATIS_ADMIN
2023-10-17 18:42:30,049 [EndpointStateMachine task thread for /0.0.0.0:15002 - 0 ] INFO  ratis.XceiverServerRatis (XceiverServerRatis.java:getRealPort(543)) - XceiverServerRatis 038c9c7e-9eb5-457d-9050-7ea3cb2a2edd is started using port 15014 for RATIS_SERVER
2023-10-17 18:42:30,049 [EndpointStateMachine task thread for /0.0.0.0:15002 - 0 ] INFO  ratis.XceiverServerRatis (XceiverServerRatis.java:getRealPort(543)) - XceiverServerRatis 038c9c7e-9eb5-457d-9050-7ea3cb2a2edd is started using port 15015 for RATIS_DATASTREAM
2023-10-17 18:42:30,061 [038c9c7e-9eb5-457d-9050-7ea3cb2a2edd-BlockDeletingService#0] INFO  interfaces.ContainerDeletionChoosingPolicyTemplate (ContainerDeletionChoosingPolicyTemplate.java:chooseContainerForBlockDeletion(85)) - Chosen 0/5000 blocks from 0 candidate containers.
2023-10-17 18:42:30,513 [EndpointStateMachine task thread for /0.0.0.0:15002 - 0 ] INFO  utils.DatanodeStoreCache (DatanodeStoreCache.java:addDB(66)) - Added db /home/runner/work/ozone/ozone/hadoop-ozone/integration-test/target/test-dir/MiniOzoneClusterImpl-15da5f49-43ae-464d-a042-f1226d21d357/datanode-1/data-0/containers/hdds/15da5f49-43ae-464d-a042-f1226d21d357/DS-fdba79a9-a607-4527-8006-7691ad2787c4/container.db to cache
2023-10-17 18:42:30,513 [EndpointStateMachine task thread for /0.0.0.0:15002 - 0 ] INFO  volume.HddsVolume (HddsVolume.java:createDbStore(422)) - SchemaV3 db is created and loaded at /home/runner/work/ozone/ozone/hadoop-ozone/integration-test/target/test-dir/MiniOzoneClusterImpl-15da5f49-43ae-464d-a042-f1226d21d357/datanode-1/data-0/containers/hdds/15da5f49-43ae-464d-a042-f1226d21d357/DS-fdba79a9-a607-4527-8006-7691ad2787c4/container.db for volume DS-fdba79a9-a607-4527-8006-7691ad2787c4
2023-10-17 18:42:30,514 [EndpointStateMachine task thread for /0.0.0.0:15002 - 0 ] INFO  volume.ThrottledAsyncChecker (ThrottledAsyncChecker.java:schedule(141)) - Scheduling a check for /home/runner/work/ozone/ozone/hadoop-ozone/integration-test/target/test-dir/MiniOzoneClusterImpl-15da5f49-43ae-464d-a042-f1226d21d357/datanode-1/data-0/containers/hdds
2023-10-17 18:42:30,522 [EndpointStateMachine task thread for /0.0.0.0:15002 - 0 ] INFO  volume.StorageVolumeChecker (StorageVolumeChecker.java:checkAllVolumes(213)) - Scheduled health check for volume /home/runner/work/ozone/ozone/hadoop-ozone/integration-test/target/test-dir/MiniOzoneClusterImpl-15da5f49-43ae-464d-a042-f1226d21d357/datanode-1/data-0/containers/hdds
2023-10-17 18:42:30,527 [EndpointStateMachine task thread for /0.0.0.0:15002 - 0 ] INFO  volume.ThrottledAsyncChecker (ThrottledAsyncChecker.java:schedule(141)) - Scheduling a check for /home/runner/work/ozone/ozone/hadoop-ozone/integration-test/target/test-dir/MiniOzoneClusterImpl-15da5f49-43ae-464d-a042-f1226d21d357/datanode-1/data/ratis
2023-10-17 18:42:30,528 [EndpointStateMachine task thread for /0.0.0.0:15002 - 0 ] INFO  volume.StorageVolumeChecker (StorageVolumeChecker.java:checkAllVolumes(213)) - Scheduled health check for volume /home/runner/work/ozone/ozone/hadoop-ozone/integration-test/target/test-dir/MiniOzoneClusterImpl-15da5f49-43ae-464d-a042-f1226d21d357/datanode-1/data/ratis
2023-10-17 18:42:30,533 [EndpointStateMachine task thread for /0.0.0.0:15002 - 0 ] INFO  ozoneimpl.OzoneContainer (OzoneContainer.java:start(431)) - Attempting to start container services.
2023-10-17 18:42:30,533 [EndpointStateMachine task thread for /0.0.0.0:15002 - 0 ] INFO  ozoneimpl.OzoneContainer (OzoneContainer.java:startContainerScrub(327)) - Scheduled background container scanners and the on-demand container scanner have been disabled.
2023-10-17 18:42:30,535 [EndpointStateMachine task thread for /0.0.0.0:15002 - 0 ] INFO  replication.ReplicationServer (ReplicationServer.java:start(134)) - ReplicationServer is started using port 15025
2023-10-17 18:42:30,535 [EndpointStateMachine task thread for /0.0.0.0:15002 - 0 ] INFO  ratis.XceiverServerRatis (XceiverServerRatis.java:start(517)) - Starting XceiverServerRatis 7a9e1f70-f6f2-401d-b0bf-19c30f8e2c75
2023-10-17 18:42:30,536 [EndpointStateMachine task thread for /0.0.0.0:15002 - 0 ] INFO  server.RaftServer (RaftServerProxy.java:startImpl(400)) - 7a9e1f70-f6f2-401d-b0bf-19c30f8e2c75: start RPC server
2023-10-17 18:42:30,537 [EndpointStateMachine task thread for /0.0.0.0:15002 - 0 ] INFO  server.GrpcService (GrpcService.java:startImpl(302)) - 7a9e1f70-f6f2-401d-b0bf-19c30f8e2c75: GrpcService started, listening on 15021
2023-10-17 18:42:30,538 [EndpointStateMachine task thread for /0.0.0.0:15002 - 0 ] INFO  server.GrpcService (GrpcService.java:startImpl(302)) - 7a9e1f70-f6f2-401d-b0bf-19c30f8e2c75: GrpcService started, listening on 15023
2023-10-17 18:42:30,540 [EndpointStateMachine task thread for /0.0.0.0:15002 - 0 ] INFO  server.GrpcService (GrpcService.java:startImpl(302)) - 7a9e1f70-f6f2-401d-b0bf-19c30f8e2c75: GrpcService started, listening on 15022
2023-10-17 18:42:30,540 [EndpointStateMachine task thread for /0.0.0.0:15002 - 0 ] INFO  ratis.XceiverServerRatis (XceiverServerRatis.java:getRealPort(543)) - XceiverServerRatis 7a9e1f70-f6f2-401d-b0bf-19c30f8e2c75 is started using port 15021 for RATIS
2023-10-17 18:42:30,540 [JvmPauseMonitor3] INFO  util.JvmPauseMonitor (JvmPauseMonitor.java:run(103)) - JvmPauseMonitor-7a9e1f70-f6f2-401d-b0bf-19c30f8e2c75: Started
2023-10-17 18:42:30,540 [EndpointStateMachine task thread for /0.0.0.0:15002 - 0 ] INFO  ratis.XceiverServerRatis (XceiverServerRatis.java:getRealPort(543)) - XceiverServerRatis 7a9e1f70-f6f2-401d-b0bf-19c30f8e2c75 is started using port 15022 for RATIS_ADMIN
2023-10-17 18:42:30,541 [EndpointStateMachine task thread for /0.0.0.0:15002 - 0 ] INFO  ratis.XceiverServerRatis (XceiverServerRatis.java:getRealPort(543)) - XceiverServerRatis 7a9e1f70-f6f2-401d-b0bf-19c30f8e2c75 is started using port 15023 for RATIS_SERVER
2023-10-17 18:42:30,541 [EndpointStateMachine task thread for /0.0.0.0:15002 - 0 ] INFO  ratis.XceiverServerRatis (XceiverServerRatis.java:getRealPort(543)) - XceiverServerRatis 7a9e1f70-f6f2-401d-b0bf-19c30f8e2c75 is started using port 15024 for RATIS_DATASTREAM
2023-10-17 18:42:30,544 [7a9e1f70-f6f2-401d-b0bf-19c30f8e2c75-BlockDeletingService#0] INFO  interfaces.ContainerDeletionChoosingPolicyTemplate (ContainerDeletionChoosingPolicyTemplate.java:chooseContainerForBlockDeletion(85)) - Chosen 0/5000 blocks from 0 candidate containers.
2023-10-17 18:42:30,745 [Time-limited test] INFO  ozone.MiniOzoneClusterImpl (MiniOzoneClusterImpl.java:lambda$waitForClusterToBeReady$0(229)) - Waiting for nodes to be ready. Got 0 of 3 DN Heartbeats.
2023-10-17 18:42:30,745 [Time-limited test] INFO  ozone.MiniOzoneClusterImpl (MiniOzoneClusterImpl.java:lambda$waitForClusterToBeReady$0(232)) - Waiting for cluster to exit safe mode
2023-10-17 18:42:30,745 [Time-limited test] INFO  ozone.MiniOzoneClusterImpl (MiniOzoneClusterImpl.java:lambda$waitForClusterToBeReady$0(234)) - SCM became leader
2023-10-17 18:42:30,790 [EndpointStateMachine task thread for /0.0.0.0:15002 - 0 ] INFO  utils.DatanodeStoreCache (DatanodeStoreCache.java:addDB(66)) - Added db /home/runner/work/ozone/ozone/hadoop-ozone/integration-test/target/test-dir/MiniOzoneClusterImpl-15da5f49-43ae-464d-a042-f1226d21d357/datanode-2/data-0/containers/hdds/15da5f49-43ae-464d-a042-f1226d21d357/DS-3cbc74d4-95af-4768-9179-0d2ed5e78d4b/container.db to cache
2023-10-17 18:42:30,790 [EndpointStateMachine task thread for /0.0.0.0:15002 - 0 ] INFO  volume.HddsVolume (HddsVolume.java:createDbStore(422)) - SchemaV3 db is created and loaded at /home/runner/work/ozone/ozone/hadoop-ozone/integration-test/target/test-dir/MiniOzoneClusterImpl-15da5f49-43ae-464d-a042-f1226d21d357/datanode-2/data-0/containers/hdds/15da5f49-43ae-464d-a042-f1226d21d357/DS-3cbc74d4-95af-4768-9179-0d2ed5e78d4b/container.db for volume DS-3cbc74d4-95af-4768-9179-0d2ed5e78d4b
2023-10-17 18:42:30,791 [EndpointStateMachine task thread for /0.0.0.0:15002 - 0 ] INFO  volume.ThrottledAsyncChecker (ThrottledAsyncChecker.java:schedule(141)) - Scheduling a check for /home/runner/work/ozone/ozone/hadoop-ozone/integration-test/target/test-dir/MiniOzoneClusterImpl-15da5f49-43ae-464d-a042-f1226d21d357/datanode-2/data-0/containers/hdds
2023-10-17 18:42:30,792 [EndpointStateMachine task thread for /0.0.0.0:15002 - 0 ] INFO  volume.StorageVolumeChecker (StorageVolumeChecker.java:checkAllVolumes(213)) - Scheduled health check for volume /home/runner/work/ozone/ozone/hadoop-ozone/integration-test/target/test-dir/MiniOzoneClusterImpl-15da5f49-43ae-464d-a042-f1226d21d357/datanode-2/data-0/containers/hdds
2023-10-17 18:42:30,793 [EndpointStateMachine task thread for /0.0.0.0:15002 - 0 ] INFO  volume.ThrottledAsyncChecker (ThrottledAsyncChecker.java:schedule(141)) - Scheduling a check for /home/runner/work/ozone/ozone/hadoop-ozone/integration-test/target/test-dir/MiniOzoneClusterImpl-15da5f49-43ae-464d-a042-f1226d21d357/datanode-2/data/ratis
2023-10-17 18:42:30,794 [EndpointStateMachine task thread for /0.0.0.0:15002 - 0 ] INFO  volume.StorageVolumeChecker (StorageVolumeChecker.java:checkAllVolumes(213)) - Scheduled health check for volume /home/runner/work/ozone/ozone/hadoop-ozone/integration-test/target/test-dir/MiniOzoneClusterImpl-15da5f49-43ae-464d-a042-f1226d21d357/datanode-2/data/ratis
2023-10-17 18:42:30,801 [EndpointStateMachine task thread for /0.0.0.0:15002 - 0 ] INFO  ozoneimpl.OzoneContainer (OzoneContainer.java:start(431)) - Attempting to start container services.
2023-10-17 18:42:30,801 [EndpointStateMachine task thread for /0.0.0.0:15002 - 0 ] INFO  ozoneimpl.OzoneContainer (OzoneContainer.java:startContainerScrub(327)) - Scheduled background container scanners and the on-demand container scanner have been disabled.
2023-10-17 18:42:30,803 [EndpointStateMachine task thread for /0.0.0.0:15002 - 0 ] INFO  replication.ReplicationServer (ReplicationServer.java:start(134)) - ReplicationServer is started using port 15034
2023-10-17 18:42:30,803 [EndpointStateMachine task thread for /0.0.0.0:15002 - 0 ] INFO  ratis.XceiverServerRatis (XceiverServerRatis.java:start(517)) - Starting XceiverServerRatis a4cc5df1-5951-42e4-b27b-dd626196f558
2023-10-17 18:42:30,807 [EndpointStateMachine task thread for /0.0.0.0:15002 - 0 ] INFO  server.RaftServer (RaftServerProxy.java:startImpl(400)) - a4cc5df1-5951-42e4-b27b-dd626196f558: start RPC server
2023-10-17 18:42:30,812 [EndpointStateMachine task thread for /0.0.0.0:15002 - 0 ] INFO  server.GrpcService (GrpcService.java:startImpl(302)) - a4cc5df1-5951-42e4-b27b-dd626196f558: GrpcService started, listening on 15030
2023-10-17 18:42:30,813 [EndpointStateMachine task thread for /0.0.0.0:15002 - 0 ] INFO  server.GrpcService (GrpcService.java:startImpl(302)) - a4cc5df1-5951-42e4-b27b-dd626196f558: GrpcService started, listening on 15032
2023-10-17 18:42:30,814 [EndpointStateMachine task thread for /0.0.0.0:15002 - 0 ] INFO  server.GrpcService (GrpcService.java:startImpl(302)) - a4cc5df1-5951-42e4-b27b-dd626196f558: GrpcService started, listening on 15031
2023-10-17 18:42:30,818 [EndpointStateMachine task thread for /0.0.0.0:15002 - 0 ] INFO  ratis.XceiverServerRatis (XceiverServerRatis.java:getRealPort(543)) - XceiverServerRatis a4cc5df1-5951-42e4-b27b-dd626196f558 is started using port 15030 for RATIS
2023-10-17 18:42:30,818 [EndpointStateMachine task thread for /0.0.0.0:15002 - 0 ] INFO  ratis.XceiverServerRatis (XceiverServerRatis.java:getRealPort(543)) - XceiverServerRatis a4cc5df1-5951-42e4-b27b-dd626196f558 is started using port 15031 for RATIS_ADMIN
2023-10-17 18:42:30,818 [EndpointStateMachine task thread for /0.0.0.0:15002 - 0 ] INFO  ratis.XceiverServerRatis (XceiverServerRatis.java:getRealPort(543)) - XceiverServerRatis a4cc5df1-5951-42e4-b27b-dd626196f558 is started using port 15032 for RATIS_SERVER
2023-10-17 18:42:30,818 [EndpointStateMachine task thread for /0.0.0.0:15002 - 0 ] INFO  ratis.XceiverServerRatis (XceiverServerRatis.java:getRealPort(543)) - XceiverServerRatis a4cc5df1-5951-42e4-b27b-dd626196f558 is started using port 15033 for RATIS_DATASTREAM
2023-10-17 18:42:30,818 [JvmPauseMonitor4] INFO  util.JvmPauseMonitor (JvmPauseMonitor.java:run(103)) - JvmPauseMonitor-a4cc5df1-5951-42e4-b27b-dd626196f558: Started
2023-10-17 18:42:30,825 [a4cc5df1-5951-42e4-b27b-dd626196f558-BlockDeletingService#0] INFO  interfaces.ContainerDeletionChoosingPolicyTemplate (ContainerDeletionChoosingPolicyTemplate.java:chooseContainerForBlockDeletion(85)) - Chosen 0/5000 blocks from 0 candidate containers.
2023-10-17 18:42:31,745 [Time-limited test] INFO  ozone.MiniOzoneClusterImpl (MiniOzoneClusterImpl.java:lambda$waitForClusterToBeReady$0(229)) - Waiting for nodes to be ready. Got 0 of 3 DN Heartbeats.
2023-10-17 18:42:31,745 [Time-limited test] INFO  ozone.MiniOzoneClusterImpl (MiniOzoneClusterImpl.java:lambda$waitForClusterToBeReady$0(232)) - Waiting for cluster to exit safe mode
2023-10-17 18:42:31,745 [Time-limited test] INFO  ozone.MiniOzoneClusterImpl (MiniOzoneClusterImpl.java:lambda$waitForClusterToBeReady$0(234)) - SCM became leader
2023-10-17 18:42:31,892 [IPC Server handler 19 on default port 15002] INFO  net.NetworkTopologyImpl (NetworkTopologyImpl.java:add(112)) - Added a new node: /default-rack/038c9c7e-9eb5-457d-9050-7ea3cb2a2edd
2023-10-17 18:42:31,894 [IPC Server handler 19 on default port 15002] INFO  node.SCMNodeManager (SCMNodeManager.java:register(405)) - Registered Data node : 038c9c7e-9eb5-457d-9050-7ea3cb2a2edd{ip: 10.1.0.25, host: fv-az189-115, ports: [HTTP=15009, CLIENT_RPC=15010, REPLICATION=15016, RATIS=15012, RATIS_ADMIN=15013, RATIS_SERVER=15014, RATIS_DATASTREAM=15015, STANDALONE=15011], networkLocation: /default-rack, certSerialId: null, persistedOpState: null, persistedOpStateExpiryEpochSec: 0}
2023-10-17 18:42:31,899 [EventQueue-NodeRegistrationContainerReportForDataNodeSafeModeRule] INFO  safemode.SCMSafeModeManager (DataNodeSafeModeRule.java:process(71)) - SCM in safe mode. 1 DataNodes registered, 3 required.
2023-10-17 18:42:31,899 [EventQueue-NewNodeForNewNodeHandler] INFO  pipeline.BackgroundPipelineCreator (BackgroundPipelineCreator.java:notifyEventTriggered(277)) - trigger a one-shot run on RatisPipelineUtilsThread.
2023-10-17 18:42:31,899 [EventQueue-NodeRegistrationContainerReportForContainerSafeModeRule] INFO  safemode.SCMSafeModeManager (SCMSafeModeManager.java:validateSafeModeExitRules(200)) - ContainerSafeModeRule rule is successfully validated
2023-10-17 18:42:31,911 [RatisPipelineUtilsThread - 0] INFO  pipeline.RatisPipelineProvider (RatisPipelineProvider.java:lambda$create$0(206)) - Sending CreatePipelineCommand for pipeline:PipelineID=becdeae3-5e9e-4a28-b6d5-140b2fa52481 to datanode:038c9c7e-9eb5-457d-9050-7ea3cb2a2edd
2023-10-17 18:42:31,914 [EventQueue-PipelineReportForOneReplicaPipelineSafeModeRule] INFO  safemode.SCMSafeModeManager (SCMSafeModeManager.java:validateSafeModeExitRules(200)) - AtleastOneDatanodeReportedRule rule is successfully validated
2023-10-17 18:42:31,922 [RatisPipelineUtilsThread - 0] INFO  pipeline.BackgroundPipelineCreator (BackgroundPipelineCreator.java:createPipelines(233)) - Created new pipeline Pipeline[ Id: becdeae3-5e9e-4a28-b6d5-140b2fa52481, Nodes: 038c9c7e-9eb5-457d-9050-7ea3cb2a2edd(fv-az189-115/10.1.0.25), ReplicationConfig: RATIS/ONE, State:ALLOCATED, leaderId:, CreationTimestamp2023-10-17T18:42:31.910Z[Etc/UTC]]
2023-10-17 18:42:32,481 [IPC Server handler 18 on default port 15002] INFO  net.NetworkTopologyImpl (NetworkTopologyImpl.java:add(112)) - Added a new node: /default-rack/7a9e1f70-f6f2-401d-b0bf-19c30f8e2c75
2023-10-17 18:42:32,481 [IPC Server handler 18 on default port 15002] INFO  node.SCMNodeManager (SCMNodeManager.java:register(405)) - Registered Data node : 7a9e1f70-f6f2-401d-b0bf-19c30f8e2c75{ip: 10.1.0.25, host: fv-az189-115, ports: [HTTP=15018, CLIENT_RPC=15019, REPLICATION=15025, RATIS=15021, RATIS_ADMIN=15022, RATIS_SERVER=15023, RATIS_DATASTREAM=15024, STANDALONE=15020], networkLocation: /default-rack, certSerialId: null, persistedOpState: null, persistedOpStateExpiryEpochSec: 0}
2023-10-17 18:42:32,482 [EventQueue-NodeRegistrationContainerReportForDataNodeSafeModeRule] INFO  safemode.SCMSafeModeManager (DataNodeSafeModeRule.java:process(71)) - SCM in safe mode. 2 DataNodes registered, 3 required.
2023-10-17 18:42:32,482 [EventQueue-NewNodeForNewNodeHandler] INFO  pipeline.BackgroundPipelineCreator (BackgroundPipelineCreator.java:notifyEventTriggered(277)) - trigger a one-shot run on RatisPipelineUtilsThread.
2023-10-17 18:42:32,483 [RatisPipelineUtilsThread - 0] INFO  pipeline.RatisPipelineProvider (RatisPipelineProvider.java:lambda$create$0(206)) - Sending CreatePipelineCommand for pipeline:PipelineID=25be304f-331e-4fc0-b9d1-a34cc59be802 to datanode:7a9e1f70-f6f2-401d-b0bf-19c30f8e2c75
2023-10-17 18:42:32,484 [RatisPipelineUtilsThread - 0] INFO  pipeline.BackgroundPipelineCreator (BackgroundPipelineCreator.java:createPipelines(233)) - Created new pipeline Pipeline[ Id: 25be304f-331e-4fc0-b9d1-a34cc59be802, Nodes: 7a9e1f70-f6f2-401d-b0bf-19c30f8e2c75(fv-az189-115/10.1.0.25), ReplicationConfig: RATIS/ONE, State:ALLOCATED, leaderId:, CreationTimestamp2023-10-17T18:42:32.483Z[Etc/UTC]]
2023-10-17 18:42:32,746 [Time-limited test] INFO  ozone.MiniOzoneClusterImpl (MiniOzoneClusterImpl.java:lambda$waitForClusterToBeReady$0(229)) - Waiting for nodes to be ready. Got 2 of 3 DN Heartbeats.
2023-10-17 18:42:32,746 [Time-limited test] INFO  ozone.MiniOzoneClusterImpl (MiniOzoneClusterImpl.java:lambda$waitForClusterToBeReady$0(232)) - Waiting for cluster to exit safe mode
2023-10-17 18:42:32,746 [Time-limited test] INFO  ozone.MiniOzoneClusterImpl (MiniOzoneClusterImpl.java:lambda$waitForClusterToBeReady$0(234)) - SCM became leader
2023-10-17 18:42:32,755 [IPC Server handler 17 on default port 15002] INFO  net.NetworkTopologyImpl (NetworkTopologyImpl.java:add(112)) - Added a new node: /default-rack/a4cc5df1-5951-42e4-b27b-dd626196f558
2023-10-17 18:42:32,755 [IPC Server handler 17 on default port 15002] INFO  node.SCMNodeManager (SCMNodeManager.java:register(405)) - Registered Data node : a4cc5df1-5951-42e4-b27b-dd626196f558{ip: 10.1.0.25, host: fv-az189-115, ports: [HTTP=15027, CLIENT_RPC=15028, REPLICATION=15034, RATIS=15030, RATIS_ADMIN=15031, RATIS_SERVER=15032, RATIS_DATASTREAM=15033, STANDALONE=15029], networkLocation: /default-rack, certSerialId: null, persistedOpState: null, persistedOpStateExpiryEpochSec: 0}
2023-10-17 18:42:32,755 [EventQueue-NewNodeForNewNodeHandler] INFO  pipeline.BackgroundPipelineCreator (BackgroundPipelineCreator.java:notifyEventTriggered(277)) - trigger a one-shot run on RatisPipelineUtilsThread.
2023-10-17 18:42:32,756 [EventQueue-NodeRegistrationContainerReportForDataNodeSafeModeRule] INFO  safemode.SCMSafeModeManager (DataNodeSafeModeRule.java:process(71)) - SCM in safe mode. 3 DataNodes registered, 3 required.
2023-10-17 18:42:32,756 [EventQueue-NodeRegistrationContainerReportForDataNodeSafeModeRule] INFO  safemode.SCMSafeModeManager (SCMSafeModeManager.java:validateSafeModeExitRules(200)) - DataNodeSafeModeRule rule is successfully validated
2023-10-17 18:42:32,756 [EventQueue-NodeRegistrationContainerReportForDataNodeSafeModeRule] INFO  safemode.SCMSafeModeManager (SCMSafeModeManager.java:completePreCheck(229)) - All SCM safe mode pre check rules have passed
2023-10-17 18:42:32,756 [EventQueue-NodeRegistrationContainerReportForDataNodeSafeModeRule] INFO  ha.SCMContext (SCMContext.java:updateSafeModeStatus(230)) - Update SafeModeStatus from SafeModeStatus{safeModeStatus=true, preCheckPassed=false} to SafeModeStatus{safeModeStatus=true, preCheckPassed=true}.
2023-10-17 18:42:32,756 [EventQueue-NodeRegistrationContainerReportForDataNodeSafeModeRule] INFO  pipeline.BackgroundPipelineCreator (BackgroundPipelineCreator.java:notifyEventTriggered(277)) - trigger a one-shot run on RatisPipelineUtilsThread.
2023-10-17 18:42:32,756 [RatisPipelineUtilsThread - 0] INFO  pipeline.RatisPipelineProvider (RatisPipelineProvider.java:lambda$create$0(206)) - Sending CreatePipelineCommand for pipeline:PipelineID=caabeb31-1e3b-46a2-b3cd-91a3b8bda8da to datanode:a4cc5df1-5951-42e4-b27b-dd626196f558
2023-10-17 18:42:32,757 [RatisPipelineUtilsThread - 0] INFO  pipeline.BackgroundPipelineCreator (BackgroundPipelineCreator.java:createPipelines(233)) - Created new pipeline Pipeline[ Id: caabeb31-1e3b-46a2-b3cd-91a3b8bda8da, Nodes: a4cc5df1-5951-42e4-b27b-dd626196f558(fv-az189-115/10.1.0.25), ReplicationConfig: RATIS/ONE, State:ALLOCATED, leaderId:, CreationTimestamp2023-10-17T18:42:32.756Z[Etc/UTC]]
2023-10-17 18:42:32,762 [RatisPipelineUtilsThread - 0] INFO  pipeline.RatisPipelineProvider (RatisPipelineProvider.java:lambda$create$0(206)) - Sending CreatePipelineCommand for pipeline:PipelineID=805a4220-48d0-4c66-92fe-37e8a652d098 to datanode:038c9c7e-9eb5-457d-9050-7ea3cb2a2edd
2023-10-17 18:42:32,762 [RatisPipelineUtilsThread - 0] INFO  pipeline.RatisPipelineProvider (RatisPipelineProvider.java:lambda$create$0(206)) - Sending CreatePipelineCommand for pipeline:PipelineID=805a4220-48d0-4c66-92fe-37e8a652d098 to datanode:7a9e1f70-f6f2-401d-b0bf-19c30f8e2c75
2023-10-17 18:42:32,762 [RatisPipelineUtilsThread - 0] INFO  pipeline.RatisPipelineProvider (RatisPipelineProvider.java:lambda$create$0(206)) - Sending CreatePipelineCommand for pipeline:PipelineID=805a4220-48d0-4c66-92fe-37e8a652d098 to datanode:a4cc5df1-5951-42e4-b27b-dd626196f558
2023-10-17 18:42:32,763 [RatisPipelineUtilsThread - 0] INFO  pipeline.BackgroundPipelineCreator (BackgroundPipelineCreator.java:createPipelines(233)) - Created new pipeline Pipeline[ Id: 805a4220-48d0-4c66-92fe-37e8a652d098, Nodes: 038c9c7e-9eb5-457d-9050-7ea3cb2a2edd(fv-az189-115/10.1.0.25)7a9e1f70-f6f2-401d-b0bf-19c30f8e2c75(fv-az189-115/10.1.0.25)a4cc5df1-5951-42e4-b27b-dd626196f558(fv-az189-115/10.1.0.25), ReplicationConfig: RATIS/THREE, State:ALLOCATED, leaderId:, CreationTimestamp2023-10-17T18:42:32.761Z[Etc/UTC]]
2023-10-17 18:42:32,764 [RatisPipelineUtilsThread - 0] INFO  pipeline.RatisPipelineProvider (RatisPipelineProvider.java:lambda$create$0(206)) - Sending CreatePipelineCommand for pipeline:PipelineID=699a70fa-b58a-4b76-9823-2cd7ef1f474f to datanode:7a9e1f70-f6f2-401d-b0bf-19c30f8e2c75
2023-10-17 18:42:32,764 [RatisPipelineUtilsThread - 0] INFO  pipeline.RatisPipelineProvider (RatisPipelineProvider.java:lambda$create$0(206)) - Sending CreatePipelineCommand for pipeline:PipelineID=699a70fa-b58a-4b76-9823-2cd7ef1f474f to datanode:038c9c7e-9eb5-457d-9050-7ea3cb2a2edd
2023-10-17 18:42:32,764 [RatisPipelineUtilsThread - 0] INFO  pipeline.RatisPipelineProvider (RatisPipelineProvider.java:lambda$create$0(206)) - Sending CreatePipelineCommand for pipeline:PipelineID=699a70fa-b58a-4b76-9823-2cd7ef1f474f to datanode:a4cc5df1-5951-42e4-b27b-dd626196f558
2023-10-17 18:42:32,767 [RatisPipelineUtilsThread - 0] INFO  pipeline.PipelineManagerImpl (PipelineManagerImpl.java:recordMetricsForPipeline(895)) - Pipeline: PipelineID=699a70fa-b58a-4b76-9823-2cd7ef1f474f contains same datanodes as previous pipelines: PipelineID=805a4220-48d0-4c66-92fe-37e8a652d098 nodeIds: 7a9e1f70-f6f2-401d-b0bf-19c30f8e2c75, 038c9c7e-9eb5-457d-9050-7ea3cb2a2edd, a4cc5df1-5951-42e4-b27b-dd626196f558
2023-10-17 18:42:32,767 [RatisPipelineUtilsThread - 0] INFO  pipeline.BackgroundPipelineCreator (BackgroundPipelineCreator.java:createPipelines(233)) - Created new pipeline Pipeline[ Id: 699a70fa-b58a-4b76-9823-2cd7ef1f474f, Nodes: 7a9e1f70-f6f2-401d-b0bf-19c30f8e2c75(fv-az189-115/10.1.0.25)038c9c7e-9eb5-457d-9050-7ea3cb2a2edd(fv-az189-115/10.1.0.25)a4cc5df1-5951-42e4-b27b-dd626196f558(fv-az189-115/10.1.0.25), ReplicationConfig: RATIS/THREE, State:ALLOCATED, leaderId:, CreationTimestamp2023-10-17T18:42:32.764Z[Etc/UTC]]
2023-10-17 18:42:33,746 [Time-limited test] INFO  ozone.MiniOzoneClusterImpl (MiniOzoneClusterImpl.java:lambda$waitForClusterToBeReady$0(229)) - Nodes are ready. Got 3 of 3 DN Heartbeats.
2023-10-17 18:42:33,747 [Time-limited test] INFO  ozone.MiniOzoneClusterImpl (MiniOzoneClusterImpl.java:lambda$waitForClusterToBeReady$0(232)) - Waiting for cluster to exit safe mode
2023-10-17 18:42:33,747 [Time-limited test] INFO  ozone.MiniOzoneClusterImpl (MiniOzoneClusterImpl.java:lambda$waitForClusterToBeReady$0(234)) - SCM became leader
2023-10-17 18:42:34,747 [Time-limited test] INFO  ozone.MiniOzoneClusterImpl (MiniOzoneClusterImpl.java:lambda$waitForClusterToBeReady$0(229)) - Nodes are ready. Got 3 of 3 DN Heartbeats.
2023-10-17 18:42:34,747 [Time-limited test] INFO  ozone.MiniOzoneClusterImpl (MiniOzoneClusterImpl.java:lambda$waitForClusterToBeReady$0(232)) - Waiting for cluster to exit safe mode
2023-10-17 18:42:34,747 [Time-limited test] INFO  ozone.MiniOzoneClusterImpl (MiniOzoneClusterImpl.java:lambda$waitForClusterToBeReady$0(234)) - SCM became leader
2023-10-17 18:42:34,903 [PipelineCommandHandlerThread-0] INFO  server.RaftServer (RaftServerProxy.java:addNew(98)) - 038c9c7e-9eb5-457d-9050-7ea3cb2a2edd: addNew group-140B2FA52481:[038c9c7e-9eb5-457d-9050-7ea3cb2a2edd|rpc:10.1.0.25:15014|admin:10.1.0.25:15013|client:10.1.0.25:15012|dataStream:10.1.0.25:15015|priority:1|startupRole:FOLLOWER] returns group-140B2FA52481:java.util.concurrent.CompletableFuture@531bd167[Not completed]
2023-10-17 18:42:34,921 [038c9c7e-9eb5-457d-9050-7ea3cb2a2edd-groupManagement] INFO  server.RaftServer$Division (RaftServerImpl.java:<init>(198)) - 038c9c7e-9eb5-457d-9050-7ea3cb2a2edd: new RaftServerImpl for group-140B2FA52481:[038c9c7e-9eb5-457d-9050-7ea3cb2a2edd|rpc:10.1.0.25:15014|admin:10.1.0.25:15013|client:10.1.0.25:15012|dataStream:10.1.0.25:15015|priority:1|startupRole:FOLLOWER] with ContainerStateMachine:uninitialized
2023-10-17 18:42:34,921 [038c9c7e-9eb5-457d-9050-7ea3cb2a2edd-groupManagement] INFO  server.RaftServerConfigKeys (ConfUtils.java:logGet(46)) - raft.server.rpc.timeout.min = 5s (custom)
2023-10-17 18:42:34,921 [038c9c7e-9eb5-457d-9050-7ea3cb2a2edd-groupManagement] INFO  server.RaftServerConfigKeys (ConfUtils.java:logGet(46)) - raft.server.rpc.timeout.max = 5200ms (custom)
2023-10-17 18:42:34,921 [038c9c7e-9eb5-457d-9050-7ea3cb2a2edd-groupManagement] INFO  server.RaftServerConfigKeys (ConfUtils.java:logGet(46)) - raft.server.rpc.sleep.time = 25ms (default)
2023-10-17 18:42:34,922 [038c9c7e-9eb5-457d-9050-7ea3cb2a2edd-groupManagement] INFO  server.RaftServerConfigKeys (ConfUtils.java:logGet(46)) - raft.server.rpc.slowness.timeout = 300s (custom)
2023-10-17 18:42:34,922 [038c9c7e-9eb5-457d-9050-7ea3cb2a2edd-groupManagement] INFO  server.RaftServerConfigKeys (ConfUtils.java:logGet(46)) - raft.server.leaderelection.leader.step-down.wait-time = 10s (default)
2023-10-17 18:42:34,922 [038c9c7e-9eb5-457d-9050-7ea3cb2a2edd-groupManagement] INFO  server.RaftServerConfigKeys (ConfUtils.java:logGet(46)) - raft.server.sleep.deviation.threshold = 300ms (default)
2023-10-17 18:42:34,922 [038c9c7e-9eb5-457d-9050-7ea3cb2a2edd-groupManagement] INFO  server.RaftServer$Division (ServerState.java:<init>(120)) - 038c9c7e-9eb5-457d-9050-7ea3cb2a2edd@group-140B2FA52481: ConfigurationManager, init=-1: peers:[038c9c7e-9eb5-457d-9050-7ea3cb2a2edd|rpc:10.1.0.25:15014|admin:10.1.0.25:15013|client:10.1.0.25:15012|dataStream:10.1.0.25:15015|priority:1|startupRole:FOLLOWER]|listeners:[], old=null, confs=<EMPTY_MAP>
2023-10-17 18:42:34,922 [038c9c7e-9eb5-457d-9050-7ea3cb2a2edd-groupManagement] INFO  server.RaftServerConfigKeys (ConfUtils.java:logGet(46)) - raft.server.storage.dir = [/home/runner/work/ozone/ozone/hadoop-ozone/integration-test/target/test-dir/MiniOzoneClusterImpl-15da5f49-43ae-464d-a042-f1226d21d357/datanode-0/data/ratis] (custom)
2023-10-17 18:42:34,922 [038c9c7e-9eb5-457d-9050-7ea3cb2a2edd-groupManagement] INFO  server.RaftServerConfigKeys (ConfUtils.java:logGet(46)) - raft.server.log.corruption.policy = EXCEPTION (default)
2023-10-17 18:42:34,922 [038c9c7e-9eb5-457d-9050-7ea3cb2a2edd-groupManagement] INFO  server.RaftServerConfigKeys (ConfUtils.java:logGet(46)) - raft.server.storage.free-space.min = 0MB (=0) (default)
2023-10-17 18:42:34,922 [038c9c7e-9eb5-457d-9050-7ea3cb2a2edd-groupManagement] INFO  server.RaftServerConfigKeys (ConfUtils.java:logGet(46)) - raft.server.notification.no-leader.timeout = 300s (custom)
2023-10-17 18:42:34,922 [038c9c7e-9eb5-457d-9050-7ea3cb2a2edd-groupManagement] INFO  server.RaftServerConfigKeys (ConfUtils.java:logGet(46)) - raft.server.read.timeout = 10s (default)
2023-10-17 18:42:34,923 [038c9c7e-9eb5-457d-9050-7ea3cb2a2edd-groupManagement] INFO  server.RaftServerConfigKeys (ConfUtils.java:logGet(46)) - raft.server.retrycache.expirytime = 600000ms (custom)
2023-10-17 18:42:34,923 [038c9c7e-9eb5-457d-9050-7ea3cb2a2edd-groupManagement] INFO  server.RaftServerConfigKeys (ConfUtils.java:logGet(46)) - raft.server.retrycache.statistics.expirytime = 100μs (default)
2023-10-17 18:42:34,923 [038c9c7e-9eb5-457d-9050-7ea3cb2a2edd-groupManagement] INFO  server.RaftServerConfigKeys (ConfUtils.java:logGet(46)) - raft.server.read.option = DEFAULT (default)
2023-10-17 18:42:34,924 [038c9c7e-9eb5-457d-9050-7ea3cb2a2edd-groupManagement] INFO  server.RaftServerConfigKeys (ConfUtils.java:logGet(46)) - raft.server.rpc.request.timeout = 60s (custom)
2023-10-17 18:42:34,925 [038c9c7e-9eb5-457d-9050-7ea3cb2a2edd-groupManagement] INFO  server.RaftServerConfigKeys (ConfUtils.java:logGet(46)) - raft.server.log.appender.install.snapshot.enabled = false (custom)
2023-10-17 18:42:34,925 [038c9c7e-9eb5-457d-9050-7ea3cb2a2edd-groupManagement] INFO  server.RaftServerConfigKeys (ConfUtils.java:logGet(46)) - raft.server.threadpool.server.cached = true (default)
2023-10-17 18:42:34,925 [038c9c7e-9eb5-457d-9050-7ea3cb2a2edd-groupManagement] INFO  server.RaftServerConfigKeys (ConfUtils.java:logGet(46)) - raft.server.threadpool.server.size = 0 (default)
2023-10-17 18:42:34,925 [038c9c7e-9eb5-457d-9050-7ea3cb2a2edd-groupManagement] INFO  server.RaftServerConfigKeys (ConfUtils.java:logGet(46)) - raft.server.threadpool.client.cached = true (default)
2023-10-17 18:42:34,925 [038c9c7e-9eb5-457d-9050-7ea3cb2a2edd-groupManagement] INFO  server.RaftServerConfigKeys (ConfUtils.java:logGet(46)) - raft.server.threadpool.client.size = 0 (default)
2023-10-17 18:42:34,925 [038c9c7e-9eb5-457d-9050-7ea3cb2a2edd-groupManagement] INFO  storage.RaftStorageDirectory (RaftStorageDirectoryImpl.java:analyzeStorage(137)) - The storage directory /home/runner/work/ozone/ozone/hadoop-ozone/integration-test/target/test-dir/MiniOzoneClusterImpl-15da5f49-43ae-464d-a042-f1226d21d357/datanode-0/data/ratis/becdeae3-5e9e-4a28-b6d5-140b2fa52481 does not exist. Creating ...
2023-10-17 18:42:34,928 [038c9c7e-9eb5-457d-9050-7ea3cb2a2edd-groupManagement] INFO  storage.RaftStorageDirectory (RaftStorageDirectoryImpl.java:tryLock(231)) - Lock on /home/runner/work/ozone/ozone/hadoop-ozone/integration-test/target/test-dir/MiniOzoneClusterImpl-15da5f49-43ae-464d-a042-f1226d21d357/datanode-0/data/ratis/becdeae3-5e9e-4a28-b6d5-140b2fa52481/in_use.lock acquired by nodename 31914@fv-az189-115
2023-10-17 18:42:34,929 [038c9c7e-9eb5-457d-9050-7ea3cb2a2edd-groupManagement] INFO  storage.RaftStorage (RaftStorageImpl.java:format(96)) - Storage directory /home/runner/work/ozone/ozone/hadoop-ozone/integration-test/target/test-dir/MiniOzoneClusterImpl-15da5f49-43ae-464d-a042-f1226d21d357/datanode-0/data/ratis/becdeae3-5e9e-4a28-b6d5-140b2fa52481 has been successfully formatted.
2023-10-17 18:42:34,935 [038c9c7e-9eb5-457d-9050-7ea3cb2a2edd-groupManagement] INFO  ratis.ContainerStateMachine (ContainerStateMachine.java:loadSnapshot(262)) - group-140B2FA52481: The snapshot info is null. Setting the last applied indexto:(t:0, i:~)
2023-10-17 18:42:34,935 [038c9c7e-9eb5-457d-9050-7ea3cb2a2edd-groupManagement] INFO  server.RaftServerConfigKeys (ConfUtils.java:logGet(46)) - raft.server.log.use.memory = false (default)
2023-10-17 18:42:34,937 [038c9c7e-9eb5-457d-9050-7ea3cb2a2edd-groupManagement] INFO  server.RaftServerConfigKeys (ConfUtils.java:logGet(46)) - raft.server.log.purge.gap = 1000000 (custom)
2023-10-17 18:42:34,937 [038c9c7e-9eb5-457d-9050-7ea3cb2a2edd-groupManagement] INFO  server.RaftServerConfigKeys (ConfUtils.java:logGet(46)) - raft.server.log.appender.buffer.byte-limit = 33554432 (custom)
2023-10-17 18:42:34,937 [038c9c7e-9eb5-457d-9050-7ea3cb2a2edd-groupManagement] INFO  server.RaftServerConfigKeys (ConfUtils.java:logGet(46)) - raft.server.log.statemachine.data.read.timeout = 1000ms (default)
2023-10-17 18:42:34,937 [038c9c7e-9eb5-457d-9050-7ea3cb2a2edd-groupManagement] INFO  server.RaftServerConfigKeys (ConfUtils.java:logGet(46)) - raft.server.log.purge.preservation.log.num = 0 (default)
2023-10-17 18:42:34,937 [038c9c7e-9eb5-457d-9050-7ea3cb2a2edd-groupManagement] INFO  server.RaftServerConfigKeys (ConfUtils.java:logGet(46)) - raft.server.log.segment.size.max = 1048576 (custom)
2023-10-17 18:42:34,938 [038c9c7e-9eb5-457d-9050-7ea3cb2a2edd-groupManagement] INFO  server.RaftServerConfigKeys (ConfUtils.java:logGet(46)) - raft.server.log.segment.cache.num.max = 2 (custom)
2023-10-17 18:42:34,938 [038c9c7e-9eb5-457d-9050-7ea3cb2a2edd-groupManagement] INFO  server.RaftServerConfigKeys (ConfUtils.java:logGet(46)) - raft.server.log.segment.cache.size.max = 200MB (=209715200) (default)
2023-10-17 18:42:34,938 [038c9c7e-9eb5-457d-9050-7ea3cb2a2edd-groupManagement] INFO  server.RaftServerConfigKeys (ConfUtils.java:logGet(46)) - raft.server.log.appender.buffer.byte-limit = 33554432 (custom)
2023-10-17 18:42:34,938 [038c9c7e-9eb5-457d-9050-7ea3cb2a2edd-groupManagement] INFO  segmented.SegmentedRaftLogWorker (SegmentedRaftLogWorker.java:<init>(188)) - new 038c9c7e-9eb5-457d-9050-7ea3cb2a2edd@group-140B2FA52481-SegmentedRaftLogWorker for RaftStorageImpl:Storage Directory /home/runner/work/ozone/ozone/hadoop-ozone/integration-test/target/test-dir/MiniOzoneClusterImpl-15da5f49-43ae-464d-a042-f1226d21d357/datanode-0/data/ratis/becdeae3-5e9e-4a28-b6d5-140b2fa52481
2023-10-17 18:42:34,938 [038c9c7e-9eb5-457d-9050-7ea3cb2a2edd-groupManagement] INFO  server.RaftServerConfigKeys (ConfUtils.java:logGet(46)) - raft.server.log.queue.byte-limit = 4294967296 (custom)
2023-10-17 18:42:34,938 [038c9c7e-9eb5-457d-9050-7ea3cb2a2edd-groupManagement] INFO  server.RaftServerConfigKeys (ConfUtils.java:logGet(46)) - raft.server.log.queue.element-limit = 1024 (custom)
2023-10-17 18:42:34,938 [038c9c7e-9eb5-457d-9050-7ea3cb2a2edd-groupManagement] INFO  server.RaftServerConfigKeys (ConfUtils.java:logGet(46)) - raft.server.log.segment.size.max = 1048576 (custom)
2023-10-17 18:42:34,938 [038c9c7e-9eb5-457d-9050-7ea3cb2a2edd-groupManagement] INFO  server.RaftServerConfigKeys (ConfUtils.java:logGet(46)) - raft.server.log.preallocated.size = 16384 (custom)
2023-10-17 18:42:34,938 [038c9c7e-9eb5-457d-9050-7ea3cb2a2edd-groupManagement] INFO  server.RaftServerConfigKeys (ConfUtils.java:logGet(46)) - raft.server.log.force.sync.num = 128 (default)
2023-10-17 18:42:34,938 [038c9c7e-9eb5-457d-9050-7ea3cb2a2edd-groupManagement] INFO  server.RaftServerConfigKeys (ConfUtils.java:logGet(46)) - raft.server.log.statemachine.data.sync = true (default)
2023-10-17 18:42:34,938 [038c9c7e-9eb5-457d-9050-7ea3cb2a2edd-groupManagement] INFO  server.RaftServerConfigKeys (ConfUtils.java:logGet(46)) - raft.server.log.statemachine.data.sync.timeout = 10s (default)
2023-10-17 18:42:34,938 [038c9c7e-9eb5-457d-9050-7ea3cb2a2edd-groupManagement] INFO  server.RaftServerConfigKeys (ConfUtils.java:logGet(46)) - raft.server.log.statemachine.data.sync.timeout.retry = -1 (default)
2023-10-17 18:42:34,940 [038c9c7e-9eb5-457d-9050-7ea3cb2a2edd-groupManagement] INFO  server.RaftServerConfigKeys (ConfUtils.java:logGet(46)) - raft.server.log.write.buffer.size = 1048576 (custom)
2023-10-17 18:42:34,940 [038c9c7e-9eb5-457d-9050-7ea3cb2a2edd-groupManagement] INFO  server.RaftServerConfigKeys (ConfUtils.java:logGet(46)) - raft.server.log.appender.buffer.byte-limit = 33554432 (custom)
2023-10-17 18:42:34,945 [EventQueue-PipelineReportForPipelineReportHandler] INFO  pipeline.PipelineReportHandler (PipelineReportHandler.java:processPipelineReport(136)) - Opened pipeline PipelineID=becdeae3-5e9e-4a28-b6d5-140b2fa52481
2023-10-17 18:42:34,949 [038c9c7e-9eb5-457d-9050-7ea3cb2a2edd-groupManagement] INFO  server.RaftServerConfigKeys (ConfUtils.java:logGet(46)) - raft.server.log.unsafe-flush.enabled = false (default)
2023-10-17 18:42:34,949 [038c9c7e-9eb5-457d-9050-7ea3cb2a2edd-groupManagement] INFO  server.RaftServerConfigKeys (ConfUtils.java:logGet(46)) - raft.server.log.async-flush.enabled = false (default)
2023-10-17 18:42:34,949 [038c9c7e-9eb5-457d-9050-7ea3cb2a2edd-groupManagement] INFO  server.RaftServerConfigKeys (ConfUtils.java:logGet(46)) - raft.server.log.statemachine.data.caching.enabled = true (custom)
2023-10-17 18:42:34,949 [038c9c7e-9eb5-457d-9050-7ea3cb2a2edd-groupManagement] INFO  segmented.SegmentedRaftLogWorker (SegmentedRaftLogWorker.java:lambda$new$0(135)) - 038c9c7e-9eb5-457d-9050-7ea3cb2a2edd@group-140B2FA52481-SegmentedRaftLogWorker: flushIndex: setUnconditionally 0 -> -1
2023-10-17 18:42:34,949 [038c9c7e-9eb5-457d-9050-7ea3cb2a2edd-groupManagement] INFO  segmented.SegmentedRaftLogWorker (SegmentedRaftLogWorker.java:lambda$new$0(135)) - 038c9c7e-9eb5-457d-9050-7ea3cb2a2edd@group-140B2FA52481-SegmentedRaftLogWorker: safeCacheEvictIndex: setUnconditionally 0 -> -1
2023-10-17 18:42:34,949 [EventQueue-OpenPipelineForHealthyPipelineSafeModeRule] INFO  safemode.SCMSafeModeManager (HealthyPipelineSafeModeRule.java:process(137)) - SCM in safe mode. Healthy pipelines reported count is 0, required healthy pipeline reported count is 1
2023-10-17 18:42:34,950 [038c9c7e-9eb5-457d-9050-7ea3cb2a2edd-groupManagement] INFO  server.RaftServer$Division (RaftServerImpl.java:start(342)) - 038c9c7e-9eb5-457d-9050-7ea3cb2a2edd@group-140B2FA52481: start as a follower, conf=-1: peers:[038c9c7e-9eb5-457d-9050-7ea3cb2a2edd|rpc:10.1.0.25:15014|admin:10.1.0.25:15013|client:10.1.0.25:15012|dataStream:10.1.0.25:15015|priority:1|startupRole:FOLLOWER]|listeners:[], old=null
2023-10-17 18:42:34,950 [038c9c7e-9eb5-457d-9050-7ea3cb2a2edd-groupManagement] INFO  server.RaftServer$Division (RaftServerImpl.java:setRole(329)) - 038c9c7e-9eb5-457d-9050-7ea3cb2a2edd@group-140B2FA52481: changes role from      null to FOLLOWER at term 0 for startAsFollower
2023-10-17 18:42:34,950 [038c9c7e-9eb5-457d-9050-7ea3cb2a2edd-groupManagement] INFO  impl.RoleInfo (RoleInfo.java:updateAndGet(139)) - 038c9c7e-9eb5-457d-9050-7ea3cb2a2edd: start 038c9c7e-9eb5-457d-9050-7ea3cb2a2edd@group-140B2FA52481-FollowerState
2023-10-17 18:42:34,955 [038c9c7e-9eb5-457d-9050-7ea3cb2a2edd-groupManagement] INFO  util.JmxRegister (JmxRegister.java:tryRegister(44)) - Successfully registered JMX Bean with object name Ratis:service=RaftServer,group=group-140B2FA52481,id=038c9c7e-9eb5-457d-9050-7ea3cb2a2edd
2023-10-17 18:42:34,955 [038c9c7e-9eb5-457d-9050-7ea3cb2a2edd-groupManagement] INFO  server.RaftServerConfigKeys (ConfUtils.java:logGet(46)) - raft.server.snapshot.auto.trigger.enabled = true (custom)
2023-10-17 18:42:34,955 [038c9c7e-9eb5-457d-9050-7ea3cb2a2edd-groupManagement] INFO  server.RaftServerConfigKeys (ConfUtils.java:logGet(46)) - raft.server.snapshot.auto.trigger.threshold = 10000 (custom)
2023-10-17 18:42:34,955 [038c9c7e-9eb5-457d-9050-7ea3cb2a2edd-groupManagement] INFO  server.RaftServerConfigKeys (ConfUtils.java:logGet(46)) - raft.server.snapshot.retention.file.num = 5 (custom)
2023-10-17 18:42:34,955 [038c9c7e-9eb5-457d-9050-7ea3cb2a2edd-groupManagement] INFO  server.RaftServerConfigKeys (ConfUtils.java:logGet(46)) - raft.server.log.purge.upto.snapshot.index = false (default)
2023-10-17 18:42:34,961 [038c9c7e-9eb5-457d-9050-7ea3cb2a2edd@group-140B2FA52481-FollowerState] INFO  server.RaftServerConfigKeys (ConfUtils.java:logFallback(53)) - raft.server.rpc.first-election.timeout.min = 5s (fallback to raft.server.rpc.timeout.min)
2023-10-17 18:42:34,961 [038c9c7e-9eb5-457d-9050-7ea3cb2a2edd@group-140B2FA52481-FollowerState] INFO  server.RaftServerConfigKeys (ConfUtils.java:logFallback(53)) - raft.server.rpc.first-election.timeout.max = 5200ms (fallback to raft.server.rpc.timeout.max)
2023-10-17 18:42:34,965 [PipelineCommandHandlerThread-0] INFO  ratis.XceiverServerRatis (XceiverServerRatis.java:addGroup(804)) - Created group PipelineID=becdeae3-5e9e-4a28-b6d5-140b2fa52481
2023-10-17 18:42:34,966 [PipelineCommandHandlerThread-0] INFO  commandhandler.CreatePipelineCommandHandler (CreatePipelineCommandHandler.java:lambda$handle$2(124)) - Created Pipeline RATIS ONE PipelineID=becdeae3-5e9e-4a28-b6d5-140b2fa52481.
2023-10-17 18:42:34,966 [PipelineCommandHandlerThread-0] INFO  server.RaftServer (RaftServerProxy.java:addNew(98)) - 038c9c7e-9eb5-457d-9050-7ea3cb2a2edd: addNew group-37E8A652D098:[a4cc5df1-5951-42e4-b27b-dd626196f558|rpc:10.1.0.25:15032|admin:10.1.0.25:15031|client:10.1.0.25:15030|dataStream:10.1.0.25:15033|priority:0|startupRole:FOLLOWER, 038c9c7e-9eb5-457d-9050-7ea3cb2a2edd|rpc:10.1.0.25:15014|admin:10.1.0.25:15013|client:10.1.0.25:15012|dataStream:10.1.0.25:15015|priority:0|startupRole:FOLLOWER, 7a9e1f70-f6f2-401d-b0bf-19c30f8e2c75|rpc:10.1.0.25:15023|admin:10.1.0.25:15022|client:10.1.0.25:15021|dataStream:10.1.0.25:15024|priority:1|startupRole:FOLLOWER] returns group-37E8A652D098:java.util.concurrent.CompletableFuture@113185de[Not completed]
2023-10-17 18:42:34,967 [038c9c7e-9eb5-457d-9050-7ea3cb2a2edd-groupManagement] INFO  server.RaftServer$Division (RaftServerImpl.java:<init>(198)) - 038c9c7e-9eb5-457d-9050-7ea3cb2a2edd: new RaftServerImpl for group-37E8A652D098:[a4cc5df1-5951-42e4-b27b-dd626196f558|rpc:10.1.0.25:15032|admin:10.1.0.25:15031|client:10.1.0.25:15030|dataStream:10.1.0.25:15033|priority:0|startupRole:FOLLOWER, 038c9c7e-9eb5-457d-9050-7ea3cb2a2edd|rpc:10.1.0.25:15014|admin:10.1.0.25:15013|client:10.1.0.25:15012|dataStream:10.1.0.25:15015|priority:0|startupRole:FOLLOWER, 7a9e1f70-f6f2-401d-b0bf-19c30f8e2c75|rpc:10.1.0.25:15023|admin:10.1.0.25:15022|client:10.1.0.25:15021|dataStream:10.1.0.25:15024|priority:1|startupRole:FOLLOWER] with ContainerStateMachine:uninitialized
2023-10-17 18:42:34,968 [038c9c7e-9eb5-457d-9050-7ea3cb2a2edd-groupManagement] INFO  server.RaftServerConfigKeys (ConfUtils.java:logGet(46)) - raft.server.rpc.timeout.min = 5s (custom)
2023-10-17 18:42:34,968 [038c9c7e-9eb5-457d-9050-7ea3cb2a2edd-groupManagement] INFO  server.RaftServerConfigKeys (ConfUtils.java:logGet(46)) - raft.server.rpc.timeout.max = 5200ms (custom)
2023-10-17 18:42:34,968 [038c9c7e-9eb5-457d-9050-7ea3cb2a2edd-groupManagement] INFO  server.RaftServerConfigKeys (ConfUtils.java:logGet(46)) - raft.server.rpc.sleep.time = 25ms (default)
2023-10-17 18:42:34,968 [038c9c7e-9eb5-457d-9050-7ea3cb2a2edd-groupManagement] INFO  server.RaftServerConfigKeys (ConfUtils.java:logGet(46)) - raft.server.rpc.slowness.timeout = 300s (custom)
2023-10-17 18:42:34,968 [038c9c7e-9eb5-457d-9050-7ea3cb2a2edd-groupManagement] INFO  server.RaftServerConfigKeys (ConfUtils.java:logGet(46)) - raft.server.leaderelection.leader.step-down.wait-time = 10s (default)
2023-10-17 18:42:34,968 [038c9c7e-9eb5-457d-9050-7ea3cb2a2edd-groupManagement] INFO  server.RaftServerConfigKeys (ConfUtils.java:logGet(46)) - raft.server.sleep.deviation.threshold = 300ms (default)
2023-10-17 18:42:34,968 [038c9c7e-9eb5-457d-9050-7ea3cb2a2edd-groupManagement] INFO  server.RaftServer$Division (ServerState.java:<init>(120)) - 038c9c7e-9eb5-457d-9050-7ea3cb2a2edd@group-37E8A652D098: ConfigurationManager, init=-1: peers:[a4cc5df1-5951-42e4-b27b-dd626196f558|rpc:10.1.0.25:15032|admin:10.1.0.25:15031|client:10.1.0.25:15030|dataStream:10.1.0.25:15033|priority:0|startupRole:FOLLOWER, 038c9c7e-9eb5-457d-9050-7ea3cb2a2edd|rpc:10.1.0.25:15014|admin:10.1.0.25:15013|client:10.1.0.25:15012|dataStream:10.1.0.25:15015|priority:0|startupRole:FOLLOWER, 7a9e1f70-f6f2-401d-b0bf-19c30f8e2c75|rpc:10.1.0.25:15023|admin:10.1.0.25:15022|client:10.1.0.25:15021|dataStream:10.1.0.25:15024|priority:1|startupRole:FOLLOWER]|listeners:[], old=null, confs=<EMPTY_MAP>
2023-10-17 18:42:34,968 [038c9c7e-9eb5-457d-9050-7ea3cb2a2edd-groupManagement] INFO  server.RaftServerConfigKeys (ConfUtils.java:logGet(46)) - raft.server.storage.dir = [/home/runner/work/ozone/ozone/hadoop-ozone/integration-test/target/test-dir/MiniOzoneClusterImpl-15da5f49-43ae-464d-a042-f1226d21d357/datanode-0/data/ratis] (custom)
2023-10-17 18:42:34,968 [038c9c7e-9eb5-457d-9050-7ea3cb2a2edd-groupManagement] INFO  server.RaftServerConfigKeys (ConfUtils.java:logGet(46)) - raft.server.log.corruption.policy = EXCEPTION (default)
2023-10-17 18:42:34,968 [038c9c7e-9eb5-457d-9050-7ea3cb2a2edd-groupManagement] INFO  server.RaftServerConfigKeys (ConfUtils.java:logGet(46)) - raft.server.storage.free-space.min = 0MB (=0) (default)
2023-10-17 18:42:34,968 [038c9c7e-9eb5-457d-9050-7ea3cb2a2edd-groupManagement] INFO  server.RaftServerConfigKeys (ConfUtils.java:logGet(46)) - raft.server.notification.no-leader.timeout = 300s (custom)
2023-10-17 18:42:34,969 [038c9c7e-9eb5-457d-9050-7ea3cb2a2edd-groupManagement] INFO  server.RaftServerConfigKeys (ConfUtils.java:logGet(46)) - raft.server.read.timeout = 10s (default)
2023-10-17 18:42:34,969 [038c9c7e-9eb5-457d-9050-7ea3cb2a2edd-groupManagement] INFO  server.RaftServerConfigKeys (ConfUtils.java:logGet(46)) - raft.server.retrycache.expirytime = 600000ms (custom)
2023-10-17 18:42:34,969 [038c9c7e-9eb5-457d-9050-7ea3cb2a2edd-groupManagement] INFO  server.RaftServerConfigKeys (ConfUtils.java:logGet(46)) - raft.server.retrycache.statistics.expirytime = 100μs (default)
2023-10-17 18:42:34,969 [038c9c7e-9eb5-457d-9050-7ea3cb2a2edd-groupManagement] INFO  server.RaftServerConfigKeys (ConfUtils.java:logGet(46)) - raft.server.read.option = DEFAULT (default)
2023-10-17 18:42:34,970 [038c9c7e-9eb5-457d-9050-7ea3cb2a2edd-groupManagement] INFO  server.RaftServerConfigKeys (ConfUtils.java:logGet(46)) - raft.server.rpc.request.timeout = 60s (custom)
2023-10-17 18:42:34,970 [038c9c7e-9eb5-457d-9050-7ea3cb2a2edd-groupManagement] INFO  server.RaftServerConfigKeys (ConfUtils.java:logGet(46)) - raft.server.log.appender.install.snapshot.enabled = false (custom)
2023-10-17 18:42:34,970 [038c9c7e-9eb5-457d-9050-7ea3cb2a2edd-groupManagement] INFO  server.RaftServerConfigKeys (ConfUtils.java:logGet(46)) - raft.server.threadpool.server.cached = true (default)
2023-10-17 18:42:34,970 [038c9c7e-9eb5-457d-9050-7ea3cb2a2edd-groupManagement] INFO  server.RaftServerConfigKeys (ConfUtils.java:logGet(46)) - raft.server.threadpool.server.size = 0 (default)
2023-10-17 18:42:34,971 [038c9c7e-9eb5-457d-9050-7ea3cb2a2edd-groupManagement] INFO  server.RaftServerConfigKeys (ConfUtils.java:logGet(46)) - raft.server.threadpool.client.cached = true (default)
2023-10-17 18:42:34,971 [038c9c7e-9eb5-457d-9050-7ea3cb2a2edd-groupManagement] INFO  server.RaftServerConfigKeys (ConfUtils.java:logGet(46)) - raft.server.threadpool.client.size = 0 (default)
2023-10-17 18:42:34,971 [038c9c7e-9eb5-457d-9050-7ea3cb2a2edd-groupManagement] INFO  storage.RaftStorageDirectory (RaftStorageDirectoryImpl.java:analyzeStorage(137)) - The storage directory /home/runner/work/ozone/ozone/hadoop-ozone/integration-test/target/test-dir/MiniOzoneClusterImpl-15da5f49-43ae-464d-a042-f1226d21d357/datanode-0/data/ratis/805a4220-48d0-4c66-92fe-37e8a652d098 does not exist. Creating ...
2023-10-17 18:42:34,972 [038c9c7e-9eb5-457d-9050-7ea3cb2a2edd-groupManagement] INFO  storage.RaftStorageDirectory (RaftStorageDirectoryImpl.java:tryLock(231)) - Lock on /home/runner/work/ozone/ozone/hadoop-ozone/integration-test/target/test-dir/MiniOzoneClusterImpl-15da5f49-43ae-464d-a042-f1226d21d357/datanode-0/data/ratis/805a4220-48d0-4c66-92fe-37e8a652d098/in_use.lock acquired by nodename 31914@fv-az189-115
2023-10-17 18:42:34,973 [038c9c7e-9eb5-457d-9050-7ea3cb2a2edd-groupManagement] INFO  storage.RaftStorage (RaftStorageImpl.java:format(96)) - Storage directory /home/runner/work/ozone/ozone/hadoop-ozone/integration-test/target/test-dir/MiniOzoneClusterImpl-15da5f49-43ae-464d-a042-f1226d21d357/datanode-0/data/ratis/805a4220-48d0-4c66-92fe-37e8a652d098 has been successfully formatted.
2023-10-17 18:42:34,973 [038c9c7e-9eb5-457d-9050-7ea3cb2a2edd-groupManagement] INFO  ratis.ContainerStateMachine (ContainerStateMachine.java:loadSnapshot(262)) - group-37E8A652D098: The snapshot info is null. Setting the last applied indexto:(t:0, i:~)
2023-10-17 18:42:34,973 [038c9c7e-9eb5-457d-9050-7ea3cb2a2edd-groupManagement] INFO  server.RaftServerConfigKeys (ConfUtils.java:logGet(46)) - raft.server.log.use.memory = false (default)
2023-10-17 18:42:34,973 [038c9c7e-9eb5-457d-9050-7ea3cb2a2edd-groupManagement] INFO  server.RaftServerConfigKeys (ConfUtils.java:logGet(46)) - raft.server.log.purge.gap = 1000000 (custom)
2023-10-17 18:42:34,973 [038c9c7e-9eb5-457d-9050-7ea3cb2a2edd-groupManagement] INFO  server.RaftServerConfigKeys (ConfUtils.java:logGet(46)) - raft.server.log.appender.buffer.byte-limit = 33554432 (custom)
2023-10-17 18:42:34,973 [038c9c7e-9eb5-457d-9050-7ea3cb2a2edd-groupManagement] INFO  server.RaftServerConfigKeys (ConfUtils.java:logGet(46)) - raft.server.log.statemachine.data.read.timeout = 1000ms (default)
2023-10-17 18:42:34,973 [038c9c7e-9eb5-457d-9050-7ea3cb2a2edd-groupManagement] INFO  server.RaftServerConfigKeys (ConfUtils.java:logGet(46)) - raft.server.log.purge.preservation.log.num = 0 (default)
2023-10-17 18:42:34,974 [038c9c7e-9eb5-457d-9050-7ea3cb2a2edd-groupManagement] INFO  server.RaftServerConfigKeys (ConfUtils.java:logGet(46)) - raft.server.log.segment.size.max = 1048576 (custom)
2023-10-17 18:42:34,975 [EventQueue-OpenPipelineForHealthyPipelineSafeModeRule] INFO  safemode.SCMSafeModeManager (HealthyPipelineSafeModeRule.java:process(137)) - SCM in safe mode. Healthy pipelines reported count is 0, required healthy pipeline reported count is 1
2023-10-17 18:42:34,977 [038c9c7e-9eb5-457d-9050-7ea3cb2a2edd-groupManagement] INFO  server.RaftServerConfigKeys (ConfUtils.java:logGet(46)) - raft.server.log.segment.cache.num.max = 2 (custom)
2023-10-17 18:42:34,977 [038c9c7e-9eb5-457d-9050-7ea3cb2a2edd-groupManagement] INFO  server.RaftServerConfigKeys (ConfUtils.java:logGet(46)) - raft.server.log.segment.cache.size.max = 200MB (=209715200) (default)
2023-10-17 18:42:34,977 [038c9c7e-9eb5-457d-9050-7ea3cb2a2edd-groupManagement] INFO  server.RaftServerConfigKeys (ConfUtils.java:logGet(46)) - raft.server.log.appender.buffer.byte-limit = 33554432 (custom)
2023-10-17 18:42:34,977 [038c9c7e-9eb5-457d-9050-7ea3cb2a2edd-groupManagement] INFO  segmented.SegmentedRaftLogWorker (SegmentedRaftLogWorker.java:<init>(188)) - new 038c9c7e-9eb5-457d-9050-7ea3cb2a2edd@group-37E8A652D098-SegmentedRaftLogWorker for RaftStorageImpl:Storage Directory /home/runner/work/ozone/ozone/hadoop-ozone/integration-test/target/test-dir/MiniOzoneClusterImpl-15da5f49-43ae-464d-a042-f1226d21d357/datanode-0/data/ratis/805a4220-48d0-4c66-92fe-37e8a652d098
2023-10-17 18:42:34,977 [038c9c7e-9eb5-457d-9050-7ea3cb2a2edd-groupManagement] INFO  server.RaftServerConfigKeys (ConfUtils.java:logGet(46)) - raft.server.log.queue.byte-limit = 4294967296 (custom)
2023-10-17 18:42:34,977 [038c9c7e-9eb5-457d-9050-7ea3cb2a2edd-groupManagement] INFO  server.RaftServerConfigKeys (ConfUtils.java:logGet(46)) - raft.server.log.queue.element-limit = 1024 (custom)
2023-10-17 18:42:34,977 [038c9c7e-9eb5-457d-9050-7ea3cb2a2edd-groupManagement] INFO  server.RaftServerConfigKeys (ConfUtils.java:logGet(46)) - raft.server.log.segment.size.max = 1048576 (custom)
2023-10-17 18:42:34,977 [038c9c7e-9eb5-457d-9050-7ea3cb2a2edd-groupManagement] INFO  server.RaftServerConfigKeys (ConfUtils.java:logGet(46)) - raft.server.log.preallocated.size = 16384 (custom)
2023-10-17 18:42:34,977 [038c9c7e-9eb5-457d-9050-7ea3cb2a2edd-groupManagement] INFO  server.RaftServerConfigKeys (ConfUtils.java:logGet(46)) - raft.server.log.force.sync.num = 128 (default)
2023-10-17 18:42:34,977 [038c9c7e-9eb5-457d-9050-7ea3cb2a2edd-groupManagement] INFO  server.RaftServerConfigKeys (ConfUtils.java:logGet(46)) - raft.server.log.statemachine.data.sync = true (default)
2023-10-17 18:42:34,977 [038c9c7e-9eb5-457d-9050-7ea3cb2a2edd-groupManagement] INFO  server.RaftServerConfigKeys (ConfUtils.java:logGet(46)) - raft.server.log.statemachine.data.sync.timeout = 10s (default)
2023-10-17 18:42:34,977 [038c9c7e-9eb5-457d-9050-7ea3cb2a2edd-groupManagement] INFO  server.RaftServerConfigKeys (ConfUtils.java:logGet(46)) - raft.server.log.statemachine.data.sync.timeout.retry = -1 (default)
2023-10-17 18:42:34,979 [038c9c7e-9eb5-457d-9050-7ea3cb2a2edd-groupManagement] INFO  server.RaftServerConfigKeys (ConfUtils.java:logGet(46)) - raft.server.log.write.buffer.size = 1048576 (custom)
2023-10-17 18:42:34,979 [038c9c7e-9eb5-457d-9050-7ea3cb2a2edd-groupManagement] INFO  server.RaftServerConfigKeys (ConfUtils.java:logGet(46)) - raft.server.log.appender.buffer.byte-limit = 33554432 (custom)
2023-10-17 18:42:34,987 [038c9c7e-9eb5-457d-9050-7ea3cb2a2edd-groupManagement] INFO  server.RaftServerConfigKeys (ConfUtils.java:logGet(46)) - raft.server.log.unsafe-flush.enabled = false (default)
2023-10-17 18:42:34,987 [038c9c7e-9eb5-457d-9050-7ea3cb2a2edd-groupManagement] INFO  server.RaftServerConfigKeys (ConfUtils.java:logGet(46)) - raft.server.log.async-flush.enabled = false (default)
2023-10-17 18:42:34,987 [038c9c7e-9eb5-457d-9050-7ea3cb2a2edd-groupManagement] INFO  server.RaftServerConfigKeys (ConfUtils.java:logGet(46)) - raft.server.log.statemachine.data.caching.enabled = true (custom)
2023-10-17 18:42:34,988 [038c9c7e-9eb5-457d-9050-7ea3cb2a2edd-groupManagement] INFO  segmented.SegmentedRaftLogWorker (SegmentedRaftLogWorker.java:lambda$new$0(135)) - 038c9c7e-9eb5-457d-9050-7ea3cb2a2edd@group-37E8A652D098-SegmentedRaftLogWorker: flushIndex: setUnconditionally 0 -> -1
2023-10-17 18:42:34,988 [038c9c7e-9eb5-457d-9050-7ea3cb2a2edd-groupManagement] INFO  segmented.SegmentedRaftLogWorker (SegmentedRaftLogWorker.java:lambda$new$0(135)) - 038c9c7e-9eb5-457d-9050-7ea3cb2a2edd@group-37E8A652D098-SegmentedRaftLogWorker: safeCacheEvictIndex: setUnconditionally 0 -> -1
2023-10-17 18:42:34,988 [038c9c7e-9eb5-457d-9050-7ea3cb2a2edd-groupManagement] INFO  server.RaftServer$Division (RaftServerImpl.java:start(342)) - 038c9c7e-9eb5-457d-9050-7ea3cb2a2edd@group-37E8A652D098: start as a follower, conf=-1: peers:[a4cc5df1-5951-42e4-b27b-dd626196f558|rpc:10.1.0.25:15032|admin:10.1.0.25:15031|client:10.1.0.25:15030|dataStream:10.1.0.25:15033|priority:0|startupRole:FOLLOWER, 038c9c7e-9eb5-457d-9050-7ea3cb2a2edd|rpc:10.1.0.25:15014|admin:10.1.0.25:15013|client:10.1.0.25:15012|dataStream:10.1.0.25:15015|priority:0|startupRole:FOLLOWER, 7a9e1f70-f6f2-401d-b0bf-19c30f8e2c75|rpc:10.1.0.25:15023|admin:10.1.0.25:15022|client:10.1.0.25:15021|dataStream:10.1.0.25:15024|priority:1|startupRole:FOLLOWER]|listeners:[], old=null
2023-10-17 18:42:34,988 [038c9c7e-9eb5-457d-9050-7ea3cb2a2edd-groupManagement] INFO  server.RaftServer$Division (RaftServerImpl.java:setRole(329)) - 038c9c7e-9eb5-457d-9050-7ea3cb2a2edd@group-37E8A652D098: changes role from      null to FOLLOWER at term 0 for startAsFollower
2023-10-17 18:42:34,988 [038c9c7e-9eb5-457d-9050-7ea3cb2a2edd-groupManagement] INFO  impl.RoleInfo (RoleInfo.java:updateAndGet(139)) - 038c9c7e-9eb5-457d-9050-7ea3cb2a2edd: start 038c9c7e-9eb5-457d-9050-7ea3cb2a2edd@group-37E8A652D098-FollowerState
2023-10-17 18:42:34,989 [038c9c7e-9eb5-457d-9050-7ea3cb2a2edd-groupManagement] INFO  util.JmxRegister (JmxRegister.java:tryRegister(44)) - Successfully registered JMX Bean with object name Ratis:service=RaftServer,group=group-37E8A652D098,id=038c9c7e-9eb5-457d-9050-7ea3cb2a2edd
2023-10-17 18:42:34,989 [038c9c7e-9eb5-457d-9050-7ea3cb2a2edd-groupManagement] INFO  server.RaftServerConfigKeys (ConfUtils.java:logGet(46)) - raft.server.snapshot.auto.trigger.enabled = true (custom)
2023-10-17 18:42:34,989 [038c9c7e-9eb5-457d-9050-7ea3cb2a2edd-groupManagement] INFO  server.RaftServerConfigKeys (ConfUtils.java:logGet(46)) - raft.server.snapshot.auto.trigger.threshold = 10000 (custom)
2023-10-17 18:42:34,989 [038c9c7e-9eb5-457d-9050-7ea3cb2a2edd-groupManagement] INFO  server.RaftServerConfigKeys (ConfUtils.java:logGet(46)) - raft.server.snapshot.retention.file.num = 5 (custom)
2023-10-17 18:42:34,989 [038c9c7e-9eb5-457d-9050-7ea3cb2a2edd-groupManagement] INFO  server.RaftServerConfigKeys (ConfUtils.java:logGet(46)) - raft.server.log.purge.upto.snapshot.index = false (default)
2023-10-17 18:42:34,991 [038c9c7e-9eb5-457d-9050-7ea3cb2a2edd@group-37E8A652D098-FollowerState] INFO  server.RaftServerConfigKeys (ConfUtils.java:logFallback(53)) - raft.server.rpc.first-election.timeout.min = 5s (fallback to raft.server.rpc.timeout.min)
2023-10-17 18:42:34,992 [PipelineCommandHandlerThread-0] INFO  ratis.XceiverServerRatis (XceiverServerRatis.java:addGroup(804)) - Created group PipelineID=805a4220-48d0-4c66-92fe-37e8a652d098
2023-10-17 18:42:34,992 [038c9c7e-9eb5-457d-9050-7ea3cb2a2edd@group-37E8A652D098-FollowerState] INFO  server.RaftServerConfigKeys (ConfUtils.java:logFallback(53)) - raft.server.rpc.first-election.timeout.max = 5200ms (fallback to raft.server.rpc.timeout.max)
2023-10-17 18:42:35,406 [grpc-default-executor-0] INFO  server.RaftServer (RaftServerProxy.java:addNew(98)) - 7a9e1f70-f6f2-401d-b0bf-19c30f8e2c75: addNew group-37E8A652D098:[a4cc5df1-5951-42e4-b27b-dd626196f558|rpc:10.1.0.25:15032|admin:10.1.0.25:15031|client:10.1.0.25:15030|dataStream:10.1.0.25:15033|priority:0|startupRole:FOLLOWER, 038c9c7e-9eb5-457d-9050-7ea3cb2a2edd|rpc:10.1.0.25:15014|admin:10.1.0.25:15013|client:10.1.0.25:15012|dataStream:10.1.0.25:15015|priority:0|startupRole:FOLLOWER, 7a9e1f70-f6f2-401d-b0bf-19c30f8e2c75|rpc:10.1.0.25:15023|admin:10.1.0.25:15022|client:10.1.0.25:15021|dataStream:10.1.0.25:15024|priority:1|startupRole:FOLLOWER] returns group-37E8A652D098:java.util.concurrent.CompletableFuture@2fed5b26[Not completed]
2023-10-17 18:42:35,411 [7a9e1f70-f6f2-401d-b0bf-19c30f8e2c75-groupManagement] INFO  server.RaftServer$Division (RaftServerImpl.java:<init>(198)) - 7a9e1f70-f6f2-401d-b0bf-19c30f8e2c75: new RaftServerImpl for group-37E8A652D098:[a4cc5df1-5951-42e4-b27b-dd626196f558|rpc:10.1.0.25:15032|admin:10.1.0.25:15031|client:10.1.0.25:15030|dataStream:10.1.0.25:15033|priority:0|startupRole:FOLLOWER, 038c9c7e-9eb5-457d-9050-7ea3cb2a2edd|rpc:10.1.0.25:15014|admin:10.1.0.25:15013|client:10.1.0.25:15012|dataStream:10.1.0.25:15015|priority:0|startupRole:FOLLOWER, 7a9e1f70-f6f2-401d-b0bf-19c30f8e2c75|rpc:10.1.0.25:15023|admin:10.1.0.25:15022|client:10.1.0.25:15021|dataStream:10.1.0.25:15024|priority:1|startupRole:FOLLOWER] with ContainerStateMachine:uninitialized
2023-10-17 18:42:35,411 [7a9e1f70-f6f2-401d-b0bf-19c30f8e2c75-groupManagement] INFO  server.RaftServerConfigKeys (ConfUtils.java:logGet(46)) - raft.server.rpc.timeout.min = 5s (custom)
2023-10-17 18:42:35,411 [7a9e1f70-f6f2-401d-b0bf-19c30f8e2c75-groupManagement] INFO  server.RaftServerConfigKeys (ConfUtils.java:logGet(46)) - raft.server.rpc.timeout.max = 5200ms (custom)
2023-10-17 18:42:35,411 [7a9e1f70-f6f2-401d-b0bf-19c30f8e2c75-groupManagement] INFO  server.RaftServerConfigKeys (ConfUtils.java:logGet(46)) - raft.server.rpc.sleep.time = 25ms (default)
2023-10-17 18:42:35,411 [7a9e1f70-f6f2-401d-b0bf-19c30f8e2c75-groupManagement] INFO  server.RaftServerConfigKeys (ConfUtils.java:logGet(46)) - raft.server.rpc.slowness.timeout = 300s (custom)
2023-10-17 18:42:35,411 [7a9e1f70-f6f2-401d-b0bf-19c30f8e2c75-groupManagement] INFO  server.RaftServerConfigKeys (ConfUtils.java:logGet(46)) - raft.server.leaderelection.leader.step-down.wait-time = 10s (default)
2023-10-17 18:42:35,411 [7a9e1f70-f6f2-401d-b0bf-19c30f8e2c75-groupManagement] INFO  server.RaftServerConfigKeys (ConfUtils.java:logGet(46)) - raft.server.sleep.deviation.threshold = 300ms (default)
2023-10-17 18:42:35,411 [7a9e1f70-f6f2-401d-b0bf-19c30f8e2c75-groupManagement] INFO  server.RaftServer$Division (ServerState.java:<init>(120)) - 7a9e1f70-f6f2-401d-b0bf-19c30f8e2c75@group-37E8A652D098: ConfigurationManager, init=-1: peers:[a4cc5df1-5951-42e4-b27b-dd626196f558|rpc:10.1.0.25:15032|admin:10.1.0.25:15031|client:10.1.0.25:15030|dataStream:10.1.0.25:15033|priority:0|startupRole:FOLLOWER, 038c9c7e-9eb5-457d-9050-7ea3cb2a2edd|rpc:10.1.0.25:15014|admin:10.1.0.25:15013|client:10.1.0.25:15012|dataStream:10.1.0.25:15015|priority:0|startupRole:FOLLOWER, 7a9e1f70-f6f2-401d-b0bf-19c30f8e2c75|rpc:10.1.0.25:15023|admin:10.1.0.25:15022|client:10.1.0.25:15021|dataStream:10.1.0.25:15024|priority:1|startupRole:FOLLOWER]|listeners:[], old=null, confs=<EMPTY_MAP>
2023-10-17 18:42:35,411 [7a9e1f70-f6f2-401d-b0bf-19c30f8e2c75-groupManagement] INFO  server.RaftServerConfigKeys (ConfUtils.java:logGet(46)) - raft.server.storage.dir = [/home/runner/work/ozone/ozone/hadoop-ozone/integration-test/target/test-dir/MiniOzoneClusterImpl-15da5f49-43ae-464d-a042-f1226d21d357/datanode-1/data/ratis] (custom)
2023-10-17 18:42:35,412 [7a9e1f70-f6f2-401d-b0bf-19c30f8e2c75-groupManagement] INFO  server.RaftServerConfigKeys (ConfUtils.java:logGet(46)) - raft.server.log.corruption.policy = EXCEPTION (default)
2023-10-17 18:42:35,412 [7a9e1f70-f6f2-401d-b0bf-19c30f8e2c75-groupManagement] INFO  server.RaftServerConfigKeys (ConfUtils.java:logGet(46)) - raft.server.storage.free-space.min = 0MB (=0) (default)
2023-10-17 18:42:35,412 [7a9e1f70-f6f2-401d-b0bf-19c30f8e2c75-groupManagement] INFO  server.RaftServerConfigKeys (ConfUtils.java:logGet(46)) - raft.server.notification.no-leader.timeout = 300s (custom)
2023-10-17 18:42:35,412 [7a9e1f70-f6f2-401d-b0bf-19c30f8e2c75-groupManagement] INFO  server.RaftServerConfigKeys (ConfUtils.java:logGet(46)) - raft.server.read.timeout = 10s (default)
2023-10-17 18:42:35,412 [7a9e1f70-f6f2-401d-b0bf-19c30f8e2c75-groupManagement] INFO  server.RaftServerConfigKeys (ConfUtils.java:logGet(46)) - raft.server.retrycache.expirytime = 600000ms (custom)
2023-10-17 18:42:35,412 [7a9e1f70-f6f2-401d-b0bf-19c30f8e2c75-groupManagement] INFO  server.RaftServerConfigKeys (ConfUtils.java:logGet(46)) - raft.server.retrycache.statistics.expirytime = 100μs (default)
2023-10-17 18:42:35,412 [7a9e1f70-f6f2-401d-b0bf-19c30f8e2c75-groupManagement] INFO  server.RaftServerConfigKeys (ConfUtils.java:logGet(46)) - raft.server.read.option = DEFAULT (default)
2023-10-17 18:42:35,416 [7a9e1f70-f6f2-401d-b0bf-19c30f8e2c75-groupManagement] INFO  server.RaftServerConfigKeys (ConfUtils.java:logGet(46)) - raft.server.rpc.request.timeout = 60s (custom)
2023-10-17 18:42:35,416 [7a9e1f70-f6f2-401d-b0bf-19c30f8e2c75-groupManagement] INFO  server.RaftServerConfigKeys (ConfUtils.java:logGet(46)) - raft.server.log.appender.install.snapshot.enabled = false (custom)
2023-10-17 18:42:35,416 [7a9e1f70-f6f2-401d-b0bf-19c30f8e2c75-groupManagement] INFO  server.RaftServerConfigKeys (ConfUtils.java:logGet(46)) - raft.server.threadpool.server.cached = true (default)
2023-10-17 18:42:35,416 [7a9e1f70-f6f2-401d-b0bf-19c30f8e2c75-groupManagement] INFO  server.RaftServerConfigKeys (ConfUtils.java:logGet(46)) - raft.server.threadpool.server.size = 0 (default)
2023-10-17 18:42:35,416 [7a9e1f70-f6f2-401d-b0bf-19c30f8e2c75-groupManagement] INFO  server.RaftServerConfigKeys (ConfUtils.java:logGet(46)) - raft.server.threadpool.client.cached = true (default)
2023-10-17 18:42:35,416 [7a9e1f70-f6f2-401d-b0bf-19c30f8e2c75-groupManagement] INFO  server.RaftServerConfigKeys (ConfUtils.java:logGet(46)) - raft.server.threadpool.client.size = 0 (default)
2023-10-17 18:42:35,416 [7a9e1f70-f6f2-401d-b0bf-19c30f8e2c75-groupManagement] INFO  storage.RaftStorageDirectory (RaftStorageDirectoryImpl.java:analyzeStorage(137)) - The storage directory /home/runner/work/ozone/ozone/hadoop-ozone/integration-test/target/test-dir/MiniOzoneClusterImpl-15da5f49-43ae-464d-a042-f1226d21d357/datanode-1/data/ratis/805a4220-48d0-4c66-92fe-37e8a652d098 does not exist. Creating ...
2023-10-17 18:42:35,417 [7a9e1f70-f6f2-401d-b0bf-19c30f8e2c75-groupManagement] INFO  storage.RaftStorageDirectory (RaftStorageDirectoryImpl.java:tryLock(231)) - Lock on /home/runner/work/ozone/ozone/hadoop-ozone/integration-test/target/test-dir/MiniOzoneClusterImpl-15da5f49-43ae-464d-a042-f1226d21d357/datanode-1/data/ratis/805a4220-48d0-4c66-92fe-37e8a652d098/in_use.lock acquired by nodename 31914@fv-az189-115
2023-10-17 18:42:35,419 [7a9e1f70-f6f2-401d-b0bf-19c30f8e2c75-groupManagement] INFO  storage.RaftStorage (RaftStorageImpl.java:format(96)) - Storage directory /home/runner/work/ozone/ozone/hadoop-ozone/integration-test/target/test-dir/MiniOzoneClusterImpl-15da5f49-43ae-464d-a042-f1226d21d357/datanode-1/data/ratis/805a4220-48d0-4c66-92fe-37e8a652d098 has been successfully formatted.
2023-10-17 18:42:35,420 [7a9e1f70-f6f2-401d-b0bf-19c30f8e2c75-groupManagement] INFO  ratis.ContainerStateMachine (ContainerStateMachine.java:loadSnapshot(262)) - group-37E8A652D098: The snapshot info is null. Setting the last applied indexto:(t:0, i:~)
2023-10-17 18:42:35,421 [7a9e1f70-f6f2-401d-b0bf-19c30f8e2c75-groupManagement] INFO  server.RaftServerConfigKeys (ConfUtils.java:logGet(46)) - raft.server.log.use.memory = false (default)
2023-10-17 18:42:35,421 [7a9e1f70-f6f2-401d-b0bf-19c30f8e2c75-groupManagement] INFO  server.RaftServerConfigKeys (ConfUtils.java:logGet(46)) - raft.server.log.purge.gap = 1000000 (custom)
2023-10-17 18:42:35,421 [7a9e1f70-f6f2-401d-b0bf-19c30f8e2c75-groupManagement] INFO  server.RaftServerConfigKeys (ConfUtils.java:logGet(46)) - raft.server.log.appender.buffer.byte-limit = 33554432 (custom)
2023-10-17 18:42:35,421 [7a9e1f70-f6f2-401d-b0bf-19c30f8e2c75-groupManagement] INFO  server.RaftServerConfigKeys (ConfUtils.java:logGet(46)) - raft.server.log.statemachine.data.read.timeout = 1000ms (default)
2023-10-17 18:42:35,421 [7a9e1f70-f6f2-401d-b0bf-19c30f8e2c75-groupManagement] INFO  server.RaftServerConfigKeys (ConfUtils.java:logGet(46)) - raft.server.log.purge.preservation.log.num = 0 (default)
2023-10-17 18:42:35,422 [7a9e1f70-f6f2-401d-b0bf-19c30f8e2c75-groupManagement] INFO  server.RaftServerConfigKeys (ConfUtils.java:logGet(46)) - raft.server.log.segment.size.max = 1048576 (custom)
2023-10-17 18:42:35,428 [7a9e1f70-f6f2-401d-b0bf-19c30f8e2c75-groupManagement] INFO  server.RaftServerConfigKeys (ConfUtils.java:logGet(46)) - raft.server.log.segment.cache.num.max = 2 (custom)
2023-10-17 18:42:35,428 [7a9e1f70-f6f2-401d-b0bf-19c30f8e2c75-groupManagement] INFO  server.RaftServerConfigKeys (ConfUtils.java:logGet(46)) - raft.server.log.segment.cache.size.max = 200MB (=209715200) (default)
2023-10-17 18:42:35,428 [7a9e1f70-f6f2-401d-b0bf-19c30f8e2c75-groupManagement] INFO  server.RaftServerConfigKeys (ConfUtils.java:logGet(46)) - raft.server.log.appender.buffer.byte-limit = 33554432 (custom)
2023-10-17 18:42:35,428 [7a9e1f70-f6f2-401d-b0bf-19c30f8e2c75-groupManagement] INFO  segmented.SegmentedRaftLogWorker (SegmentedRaftLogWorker.java:<init>(188)) - new 7a9e1f70-f6f2-401d-b0bf-19c30f8e2c75@group-37E8A652D098-SegmentedRaftLogWorker for RaftStorageImpl:Storage Directory /home/runner/work/ozone/ozone/hadoop-ozone/integration-test/target/test-dir/MiniOzoneClusterImpl-15da5f49-43ae-464d-a042-f1226d21d357/datanode-1/data/ratis/805a4220-48d0-4c66-92fe-37e8a652d098
2023-10-17 18:42:35,428 [7a9e1f70-f6f2-401d-b0bf-19c30f8e2c75-groupManagement] INFO  server.RaftServerConfigKeys (ConfUtils.java:logGet(46)) - raft.server.log.queue.byte-limit = 4294967296 (custom)
2023-10-17 18:42:35,428 [7a9e1f70-f6f2-401d-b0bf-19c30f8e2c75-groupManagement] INFO  server.RaftServerConfigKeys (ConfUtils.java:logGet(46)) - raft.server.log.queue.element-limit = 1024 (custom)
2023-10-17 18:42:35,428 [7a9e1f70-f6f2-401d-b0bf-19c30f8e2c75-groupManagement] INFO  server.RaftServerConfigKeys (ConfUtils.java:logGet(46)) - raft.server.log.segment.size.max = 1048576 (custom)
2023-10-17 18:42:35,428 [7a9e1f70-f6f2-401d-b0bf-19c30f8e2c75-groupManagement] INFO  server.RaftServerConfigKeys (ConfUtils.java:logGet(46)) - raft.server.log.preallocated.size = 16384 (custom)
2023-10-17 18:42:35,428 [7a9e1f70-f6f2-401d-b0bf-19c30f8e2c75-groupManagement] INFO  server.RaftServerConfigKeys (ConfUtils.java:logGet(46)) - raft.server.log.force.sync.num = 128 (default)
2023-10-17 18:42:35,428 [7a9e1f70-f6f2-401d-b0bf-19c30f8e2c75-groupManagement] INFO  server.RaftServerConfigKeys (ConfUtils.java:logGet(46)) - raft.server.log.statemachine.data.sync = true (default)
2023-10-17 18:42:35,428 [7a9e1f70-f6f2-401d-b0bf-19c30f8e2c75-groupManagement] INFO  server.RaftServerConfigKeys (ConfUtils.java:logGet(46)) - raft.server.log.statemachine.data.sync.timeout = 10s (default)
2023-10-17 18:42:35,428 [7a9e1f70-f6f2-401d-b0bf-19c30f8e2c75-groupManagement] INFO  server.RaftServerConfigKeys (ConfUtils.java:logGet(46)) - raft.server.log.statemachine.data.sync.timeout.retry = -1 (default)
2023-10-17 18:42:35,429 [7a9e1f70-f6f2-401d-b0bf-19c30f8e2c75-groupManagement] INFO  server.RaftServerConfigKeys (ConfUtils.java:logGet(46)) - raft.server.log.write.buffer.size = 1048576 (custom)
2023-10-17 18:42:35,430 [7a9e1f70-f6f2-401d-b0bf-19c30f8e2c75-groupManagement] INFO  server.RaftServerConfigKeys (ConfUtils.java:logGet(46)) - raft.server.log.appender.buffer.byte-limit = 33554432 (custom)
2023-10-17 18:42:35,438 [7a9e1f70-f6f2-401d-b0bf-19c30f8e2c75-groupManagement] INFO  server.RaftServerConfigKeys (ConfUtils.java:logGet(46)) - raft.server.log.unsafe-flush.enabled = false (default)
2023-10-17 18:42:35,438 [7a9e1f70-f6f2-401d-b0bf-19c30f8e2c75-groupManagement] INFO  server.RaftServerConfigKeys (ConfUtils.java:logGet(46)) - raft.server.log.async-flush.enabled = false (default)
2023-10-17 18:42:35,438 [7a9e1f70-f6f2-401d-b0bf-19c30f8e2c75-groupManagement] INFO  server.RaftServerConfigKeys (ConfUtils.java:logGet(46)) - raft.server.log.statemachine.data.caching.enabled = true (custom)
2023-10-17 18:42:35,438 [7a9e1f70-f6f2-401d-b0bf-19c30f8e2c75-groupManagement] INFO  segmented.SegmentedRaftLogWorker (SegmentedRaftLogWorker.java:lambda$new$0(135)) - 7a9e1f70-f6f2-401d-b0bf-19c30f8e2c75@group-37E8A652D098-SegmentedRaftLogWorker: flushIndex: setUnconditionally 0 -> -1
2023-10-17 18:42:35,438 [7a9e1f70-f6f2-401d-b0bf-19c30f8e2c75-groupManagement] INFO  segmented.SegmentedRaftLogWorker (SegmentedRaftLogWorker.java:lambda$new$0(135)) - 7a9e1f70-f6f2-401d-b0bf-19c30f8e2c75@group-37E8A652D098-SegmentedRaftLogWorker: safeCacheEvictIndex: setUnconditionally 0 -> -1
2023-10-17 18:42:35,439 [7a9e1f70-f6f2-401d-b0bf-19c30f8e2c75-groupManagement] INFO  server.RaftServer$Division (RaftServerImpl.java:start(342)) - 7a9e1f70-f6f2-401d-b0bf-19c30f8e2c75@group-37E8A652D098: start as a follower, conf=-1: peers:[a4cc5df1-5951-42e4-b27b-dd626196f558|rpc:10.1.0.25:15032|admin:10.1.0.25:15031|client:10.1.0.25:15030|dataStream:10.1.0.25:15033|priority:0|startupRole:FOLLOWER, 038c9c7e-9eb5-457d-9050-7ea3cb2a2edd|rpc:10.1.0.25:15014|admin:10.1.0.25:15013|client:10.1.0.25:15012|dataStream:10.1.0.25:15015|priority:0|startupRole:FOLLOWER, 7a9e1f70-f6f2-401d-b0bf-19c30f8e2c75|rpc:10.1.0.25:15023|admin:10.1.0.25:15022|client:10.1.0.25:15021|dataStream:10.1.0.25:15024|priority:1|startupRole:FOLLOWER]|listeners:[], old=null
2023-10-17 18:42:35,439 [7a9e1f70-f6f2-401d-b0bf-19c30f8e2c75-groupManagement] INFO  server.RaftServer$Division (RaftServerImpl.java:setRole(329)) - 7a9e1f70-f6f2-401d-b0bf-19c30f8e2c75@group-37E8A652D098: changes role from      null to FOLLOWER at term 0 for startAsFollower
2023-10-17 18:42:35,439 [7a9e1f70-f6f2-401d-b0bf-19c30f8e2c75-groupManagement] INFO  impl.RoleInfo (RoleInfo.java:updateAndGet(139)) - 7a9e1f70-f6f2-401d-b0bf-19c30f8e2c75: start 7a9e1f70-f6f2-401d-b0bf-19c30f8e2c75@group-37E8A652D098-FollowerState
2023-10-17 18:42:35,439 [7a9e1f70-f6f2-401d-b0bf-19c30f8e2c75-groupManagement] INFO  util.JmxRegister (JmxRegister.java:tryRegister(44)) - Successfully registered JMX Bean with object name Ratis:service=RaftServer,group=group-37E8A652D098,id=7a9e1f70-f6f2-401d-b0bf-19c30f8e2c75
2023-10-17 18:42:35,443 [7a9e1f70-f6f2-401d-b0bf-19c30f8e2c75-groupManagement] INFO  server.RaftServerConfigKeys (ConfUtils.java:logGet(46)) - raft.server.snapshot.auto.trigger.enabled = true (custom)
2023-10-17 18:42:35,443 [7a9e1f70-f6f2-401d-b0bf-19c30f8e2c75-groupManagement] INFO  server.RaftServerConfigKeys (ConfUtils.java:logGet(46)) - raft.server.snapshot.auto.trigger.threshold = 10000 (custom)
2023-10-17 18:42:35,443 [7a9e1f70-f6f2-401d-b0bf-19c30f8e2c75-groupManagement] INFO  server.RaftServerConfigKeys (ConfUtils.java:logGet(46)) - raft.server.snapshot.retention.file.num = 5 (custom)
2023-10-17 18:42:35,443 [7a9e1f70-f6f2-401d-b0bf-19c30f8e2c75-groupManagement] INFO  server.RaftServerConfigKeys (ConfUtils.java:logGet(46)) - raft.server.log.purge.upto.snapshot.index = false (default)
2023-10-17 18:42:35,445 [7a9e1f70-f6f2-401d-b0bf-19c30f8e2c75@group-37E8A652D098-FollowerState] INFO  server.RaftServerConfigKeys (ConfUtils.java:logFallback(53)) - raft.server.rpc.first-election.timeout.min = 5s (fallback to raft.server.rpc.timeout.min)
2023-10-17 18:42:35,447 [7a9e1f70-f6f2-401d-b0bf-19c30f8e2c75@group-37E8A652D098-FollowerState] INFO  server.RaftServerConfigKeys (ConfUtils.java:logFallback(53)) - raft.server.rpc.first-election.timeout.max = 5200ms (fallback to raft.server.rpc.timeout.max)
2023-10-17 18:42:35,484 [7a9e1f70-f6f2-401d-b0bf-19c30f8e2c75-groupManagement] INFO  server.RaftServer$Division (RaftServerImpl.java:<init>(198)) - 7a9e1f70-f6f2-401d-b0bf-19c30f8e2c75: new RaftServerImpl for group-A34CC59BE802:[7a9e1f70-f6f2-401d-b0bf-19c30f8e2c75|rpc:10.1.0.25:15023|admin:10.1.0.25:15022|client:10.1.0.25:15021|dataStream:10.1.0.25:15024|priority:1|startupRole:FOLLOWER] with ContainerStateMachine:uninitialized
2023-10-17 18:42:35,484 [7a9e1f70-f6f2-401d-b0bf-19c30f8e2c75-groupManagement] INFO  server.RaftServerConfigKeys (ConfUtils.java:logGet(46)) - raft.server.rpc.timeout.min = 5s (custom)
2023-10-17 18:42:35,484 [7a9e1f70-f6f2-401d-b0bf-19c30f8e2c75-groupManagement] INFO  server.RaftServerConfigKeys (ConfUtils.java:logGet(46)) - raft.server.rpc.timeout.max = 5200ms (custom)
2023-10-17 18:42:35,484 [7a9e1f70-f6f2-401d-b0bf-19c30f8e2c75-groupManagement] INFO  server.RaftServerConfigKeys (ConfUtils.java:logGet(46)) - raft.server.rpc.sleep.time = 25ms (default)
2023-10-17 18:42:35,484 [7a9e1f70-f6f2-401d-b0bf-19c30f8e2c75-groupManagement] INFO  server.RaftServerConfigKeys (ConfUtils.java:logGet(46)) - raft.server.rpc.slowness.timeout = 300s (custom)
2023-10-17 18:42:35,484 [7a9e1f70-f6f2-401d-b0bf-19c30f8e2c75-groupManagement] INFO  server.RaftServerConfigKeys (ConfUtils.java:logGet(46)) - raft.server.leaderelection.leader.step-down.wait-time = 10s (default)
2023-10-17 18:42:35,484 [7a9e1f70-f6f2-401d-b0bf-19c30f8e2c75-groupManagement] INFO  server.RaftServerConfigKeys (ConfUtils.java:logGet(46)) - raft.server.sleep.deviation.threshold = 300ms (default)
2023-10-17 18:42:35,485 [7a9e1f70-f6f2-401d-b0bf-19c30f8e2c75-groupManagement] INFO  server.RaftServer$Division (ServerState.java:<init>(120)) - 7a9e1f70-f6f2-401d-b0bf-19c30f8e2c75@group-A34CC59BE802: ConfigurationManager, init=-1: peers:[7a9e1f70-f6f2-401d-b0bf-19c30f8e2c75|rpc:10.1.0.25:15023|admin:10.1.0.25:15022|client:10.1.0.25:15021|dataStream:10.1.0.25:15024|priority:1|startupRole:FOLLOWER]|listeners:[], old=null, confs=<EMPTY_MAP>
2023-10-17 18:42:35,485 [7a9e1f70-f6f2-401d-b0bf-19c30f8e2c75-groupManagement] INFO  server.RaftServerConfigKeys (ConfUtils.java:logGet(46)) - raft.server.storage.dir = [/home/runner/work/ozone/ozone/hadoop-ozone/integration-test/target/test-dir/MiniOzoneClusterImpl-15da5f49-43ae-464d-a042-f1226d21d357/datanode-1/data/ratis] (custom)
2023-10-17 18:42:35,485 [7a9e1f70-f6f2-401d-b0bf-19c30f8e2c75-groupManagement] INFO  server.RaftServerConfigKeys (ConfUtils.java:logGet(46)) - raft.server.log.corruption.policy = EXCEPTION (default)
2023-10-17 18:42:35,485 [7a9e1f70-f6f2-401d-b0bf-19c30f8e2c75-groupManagement] INFO  server.RaftServerConfigKeys (ConfUtils.java:logGet(46)) - raft.server.storage.free-space.min = 0MB (=0) (default)
2023-10-17 18:42:35,485 [7a9e1f70-f6f2-401d-b0bf-19c30f8e2c75-groupManagement] INFO  server.RaftServerConfigKeys (ConfUtils.java:logGet(46)) - raft.server.notification.no-leader.timeout = 300s (custom)
2023-10-17 18:42:35,485 [7a9e1f70-f6f2-401d-b0bf-19c30f8e2c75-groupManagement] INFO  server.RaftServerConfigKeys (ConfUtils.java:logGet(46)) - raft.server.read.timeout = 10s (default)
2023-10-17 18:42:35,485 [7a9e1f70-f6f2-401d-b0bf-19c30f8e2c75-groupManagement] INFO  server.RaftServerConfigKeys (ConfUtils.java:logGet(46)) - raft.server.retrycache.expirytime = 600000ms (custom)
2023-10-17 18:42:35,485 [7a9e1f70-f6f2-401d-b0bf-19c30f8e2c75-groupManagement] INFO  server.RaftServerConfigKeys (ConfUtils.java:logGet(46)) - raft.server.retrycache.statistics.expirytime = 100μs (default)
2023-10-17 18:42:35,485 [7a9e1f70-f6f2-401d-b0bf-19c30f8e2c75-groupManagement] INFO  server.RaftServerConfigKeys (ConfUtils.java:logGet(46)) - raft.server.read.option = DEFAULT (default)
2023-10-17 18:42:35,486 [7a9e1f70-f6f2-401d-b0bf-19c30f8e2c75-groupManagement] INFO  server.RaftServerConfigKeys (ConfUtils.java:logGet(46)) - raft.server.rpc.request.timeout = 60s (custom)
2023-10-17 18:42:35,487 [7a9e1f70-f6f2-401d-b0bf-19c30f8e2c75-groupManagement] INFO  server.RaftServerConfigKeys (ConfUtils.java:logGet(46)) - raft.server.log.appender.install.snapshot.enabled = false (custom)
2023-10-17 18:42:35,487 [7a9e1f70-f6f2-401d-b0bf-19c30f8e2c75-groupManagement] INFO  server.RaftServerConfigKeys (ConfUtils.java:logGet(46)) - raft.server.threadpool.server.cached = true (default)
2023-10-17 18:42:35,487 [7a9e1f70-f6f2-401d-b0bf-19c30f8e2c75-groupManagement] INFO  server.RaftServerConfigKeys (ConfUtils.java:logGet(46)) - raft.server.threadpool.server.size = 0 (default)
2023-10-17 18:42:35,487 [7a9e1f70-f6f2-401d-b0bf-19c30f8e2c75-groupManagement] INFO  server.RaftServerConfigKeys (ConfUtils.java:logGet(46)) - raft.server.threadpool.client.cached = true (default)
2023-10-17 18:42:35,487 [7a9e1f70-f6f2-401d-b0bf-19c30f8e2c75-groupManagement] INFO  server.RaftServerConfigKeys (ConfUtils.java:logGet(46)) - raft.server.threadpool.client.size = 0 (default)
2023-10-17 18:42:35,487 [PipelineCommandHandlerThread-0] INFO  server.RaftServer (RaftServerProxy.java:addNew(98)) - 7a9e1f70-f6f2-401d-b0bf-19c30f8e2c75: addNew group-A34CC59BE802:[7a9e1f70-f6f2-401d-b0bf-19c30f8e2c75|rpc:10.1.0.25:15023|admin:10.1.0.25:15022|client:10.1.0.25:15021|dataStream:10.1.0.25:15024|priority:1|startupRole:FOLLOWER] returns      null 7a9e1f70-f6f2-401d-b0bf-19c30f8e2c75@group-A34CC59BE802:t0, leader=null, voted=null, raftlog=UNINITIALIZED, conf=-1: peers:[7a9e1f70-f6f2-401d-b0bf-19c30f8e2c75|rpc:10.1.0.25:15023|admin:10.1.0.25:15022|client:10.1.0.25:15021|dataStream:10.1.0.25:15024|priority:1|startupRole:FOLLOWER]|listeners:[], old=null NEW
2023-10-17 18:42:35,487 [7a9e1f70-f6f2-401d-b0bf-19c30f8e2c75-groupManagement] INFO  storage.RaftStorageDirectory (RaftStorageDirectoryImpl.java:analyzeStorage(137)) - The storage directory /home/runner/work/ozone/ozone/hadoop-ozone/integration-test/target/test-dir/MiniOzoneClusterImpl-15da5f49-43ae-464d-a042-f1226d21d357/datanode-1/data/ratis/25be304f-331e-4fc0-b9d1-a34cc59be802 does not exist. Creating ...
2023-10-17 18:42:35,488 [7a9e1f70-f6f2-401d-b0bf-19c30f8e2c75-groupManagement] INFO  storage.RaftStorageDirectory (RaftStorageDirectoryImpl.java:tryLock(231)) - Lock on /home/runner/work/ozone/ozone/hadoop-ozone/integration-test/target/test-dir/MiniOzoneClusterImpl-15da5f49-43ae-464d-a042-f1226d21d357/datanode-1/data/ratis/25be304f-331e-4fc0-b9d1-a34cc59be802/in_use.lock acquired by nodename 31914@fv-az189-115
2023-10-17 18:42:35,489 [7a9e1f70-f6f2-401d-b0bf-19c30f8e2c75-groupManagement] INFO  storage.RaftStorage (RaftStorageImpl.java:format(96)) - Storage directory /home/runner/work/ozone/ozone/hadoop-ozone/integration-test/target/test-dir/MiniOzoneClusterImpl-15da5f49-43ae-464d-a042-f1226d21d357/datanode-1/data/ratis/25be304f-331e-4fc0-b9d1-a34cc59be802 has been successfully formatted.
2023-10-17 18:42:35,490 [7a9e1f70-f6f2-401d-b0bf-19c30f8e2c75-groupManagement] INFO  ratis.ContainerStateMachine (ContainerStateMachine.java:loadSnapshot(262)) - group-A34CC59BE802: The snapshot info is null. Setting the last applied indexto:(t:0, i:~)
2023-10-17 18:42:35,490 [7a9e1f70-f6f2-401d-b0bf-19c30f8e2c75-groupManagement] INFO  server.RaftServerConfigKeys (ConfUtils.java:logGet(46)) - raft.server.log.use.memory = false (default)
2023-10-17 18:42:35,490 [7a9e1f70-f6f2-401d-b0bf-19c30f8e2c75-groupManagement] INFO  server.RaftServerConfigKeys (ConfUtils.java:logGet(46)) - raft.server.log.purge.gap = 1000000 (custom)
2023-10-17 18:42:35,490 [7a9e1f70-f6f2-401d-b0bf-19c30f8e2c75-groupManagement] INFO  server.RaftServerConfigKeys (ConfUtils.java:logGet(46)) - raft.server.log.appender.buffer.byte-limit = 33554432 (custom)
2023-10-17 18:42:35,490 [7a9e1f70-f6f2-401d-b0bf-19c30f8e2c75-groupManagement] INFO  server.RaftServerConfigKeys (ConfUtils.java:logGet(46)) - raft.server.log.statemachine.data.read.timeout = 1000ms (default)
2023-10-17 18:42:35,490 [7a9e1f70-f6f2-401d-b0bf-19c30f8e2c75-groupManagement] INFO  server.RaftServerConfigKeys (ConfUtils.java:logGet(46)) - raft.server.log.purge.preservation.log.num = 0 (default)
2023-10-17 18:42:35,491 [7a9e1f70-f6f2-401d-b0bf-19c30f8e2c75-groupManagement] INFO  server.RaftServerConfigKeys (ConfUtils.java:logGet(46)) - raft.server.log.segment.size.max = 1048576 (custom)
2023-10-17 18:42:35,491 [7a9e1f70-f6f2-401d-b0bf-19c30f8e2c75-groupManagement] INFO  server.RaftServerConfigKeys (ConfUtils.java:logGet(46)) - raft.server.log.segment.cache.num.max = 2 (custom)
2023-10-17 18:42:35,491 [7a9e1f70-f6f2-401d-b0bf-19c30f8e2c75-groupManagement] INFO  server.RaftServerConfigKeys (ConfUtils.java:logGet(46)) - raft.server.log.segment.cache.size.max = 200MB (=209715200) (default)
2023-10-17 18:42:35,491 [7a9e1f70-f6f2-401d-b0bf-19c30f8e2c75-groupManagement] INFO  server.RaftServerConfigKeys (ConfUtils.java:logGet(46)) - raft.server.log.appender.buffer.byte-limit = 33554432 (custom)
2023-10-17 18:42:35,491 [7a9e1f70-f6f2-401d-b0bf-19c30f8e2c75-groupManagement] INFO  segmented.SegmentedRaftLogWorker (SegmentedRaftLogWorker.java:<init>(188)) - new 7a9e1f70-f6f2-401d-b0bf-19c30f8e2c75@group-A34CC59BE802-SegmentedRaftLogWorker for RaftStorageImpl:Storage Directory /home/runner/work/ozone/ozone/hadoop-ozone/integration-test/target/test-dir/MiniOzoneClusterImpl-15da5f49-43ae-464d-a042-f1226d21d357/datanode-1/data/ratis/25be304f-331e-4fc0-b9d1-a34cc59be802
2023-10-17 18:42:35,491 [7a9e1f70-f6f2-401d-b0bf-19c30f8e2c75-groupManagement] INFO  server.RaftServerConfigKeys (ConfUtils.java:logGet(46)) - raft.server.log.queue.byte-limit = 4294967296 (custom)
2023-10-17 18:42:35,491 [7a9e1f70-f6f2-401d-b0bf-19c30f8e2c75-groupManagement] INFO  server.RaftServerConfigKeys (ConfUtils.java:logGet(46)) - raft.server.log.queue.element-limit = 1024 (custom)
2023-10-17 18:42:35,491 [7a9e1f70-f6f2-401d-b0bf-19c30f8e2c75-groupManagement] INFO  server.RaftServerConfigKeys (ConfUtils.java:logGet(46)) - raft.server.log.segment.size.max = 1048576 (custom)
2023-10-17 18:42:35,492 [7a9e1f70-f6f2-401d-b0bf-19c30f8e2c75-groupManagement] INFO  server.RaftServerConfigKeys (ConfUtils.java:logGet(46)) - raft.server.log.preallocated.size = 16384 (custom)
2023-10-17 18:42:35,492 [7a9e1f70-f6f2-401d-b0bf-19c30f8e2c75-groupManagement] INFO  server.RaftServerConfigKeys (ConfUtils.java:logGet(46)) - raft.server.log.force.sync.num = 128 (default)
2023-10-17 18:42:35,492 [7a9e1f70-f6f2-401d-b0bf-19c30f8e2c75-groupManagement] INFO  server.RaftServerConfigKeys (ConfUtils.java:logGet(46)) - raft.server.log.statemachine.data.sync = true (default)
2023-10-17 18:42:35,492 [7a9e1f70-f6f2-401d-b0bf-19c30f8e2c75-groupManagement] INFO  server.RaftServerConfigKeys (ConfUtils.java:logGet(46)) - raft.server.log.statemachine.data.sync.timeout = 10s (default)
2023-10-17 18:42:35,492 [7a9e1f70-f6f2-401d-b0bf-19c30f8e2c75-groupManagement] INFO  server.RaftServerConfigKeys (ConfUtils.java:logGet(46)) - raft.server.log.statemachine.data.sync.timeout.retry = -1 (default)
2023-10-17 18:42:35,493 [7a9e1f70-f6f2-401d-b0bf-19c30f8e2c75-groupManagement] INFO  server.RaftServerConfigKeys (ConfUtils.java:logGet(46)) - raft.server.log.write.buffer.size = 1048576 (custom)
2023-10-17 18:42:35,493 [7a9e1f70-f6f2-401d-b0bf-19c30f8e2c75-groupManagement] INFO  server.RaftServerConfigKeys (ConfUtils.java:logGet(46)) - raft.server.log.appender.buffer.byte-limit = 33554432 (custom)
2023-10-17 18:42:35,496 [EventQueue-PipelineReportForPipelineReportHandler] INFO  pipeline.PipelineReportHandler (PipelineReportHandler.java:processPipelineReport(136)) - Opened pipeline PipelineID=25be304f-331e-4fc0-b9d1-a34cc59be802
2023-10-17 18:42:35,500 [7a9e1f70-f6f2-401d-b0bf-19c30f8e2c75-groupManagement] INFO  server.RaftServerConfigKeys (ConfUtils.java:logGet(46)) - raft.server.log.unsafe-flush.enabled = false (default)
2023-10-17 18:42:35,500 [7a9e1f70-f6f2-401d-b0bf-19c30f8e2c75-groupManagement] INFO  server.RaftServerConfigKeys (ConfUtils.java:logGet(46)) - raft.server.log.async-flush.enabled = false (default)
2023-10-17 18:42:35,500 [7a9e1f70-f6f2-401d-b0bf-19c30f8e2c75-groupManagement] INFO  server.RaftServerConfigKeys (ConfUtils.java:logGet(46)) - raft.server.log.statemachine.data.caching.enabled = true (custom)
2023-10-17 18:42:35,501 [7a9e1f70-f6f2-401d-b0bf-19c30f8e2c75-groupManagement] INFO  segmented.SegmentedRaftLogWorker (SegmentedRaftLogWorker.java:lambda$new$0(135)) - 7a9e1f70-f6f2-401d-b0bf-19c30f8e2c75@group-A34CC59BE802-SegmentedRaftLogWorker: flushIndex: setUnconditionally 0 -> -1
2023-10-17 18:42:35,501 [7a9e1f70-f6f2-401d-b0bf-19c30f8e2c75-groupManagement] INFO  segmented.SegmentedRaftLogWorker (SegmentedRaftLogWorker.java:lambda$new$0(135)) - 7a9e1f70-f6f2-401d-b0bf-19c30f8e2c75@group-A34CC59BE802-SegmentedRaftLogWorker: safeCacheEvictIndex: setUnconditionally 0 -> -1
2023-10-17 18:42:35,501 [7a9e1f70-f6f2-401d-b0bf-19c30f8e2c75-groupManagement] INFO  server.RaftServer$Division (RaftServerImpl.java:start(342)) - 7a9e1f70-f6f2-401d-b0bf-19c30f8e2c75@group-A34CC59BE802: start as a follower, conf=-1: peers:[7a9e1f70-f6f2-401d-b0bf-19c30f8e2c75|rpc:10.1.0.25:15023|admin:10.1.0.25:15022|client:10.1.0.25:15021|dataStream:10.1.0.25:15024|priority:1|startupRole:FOLLOWER]|listeners:[], old=null
2023-10-17 18:42:35,501 [7a9e1f70-f6f2-401d-b0bf-19c30f8e2c75-groupManagement] INFO  server.RaftServer$Division (RaftServerImpl.java:setRole(329)) - 7a9e1f70-f6f2-401d-b0bf-19c30f8e2c75@group-A34CC59BE802: changes role from      null to FOLLOWER at term 0 for startAsFollower
2023-10-17 18:42:35,501 [7a9e1f70-f6f2-401d-b0bf-19c30f8e2c75-groupManagement] INFO  impl.RoleInfo (RoleInfo.java:updateAndGet(139)) - 7a9e1f70-f6f2-401d-b0bf-19c30f8e2c75: start 7a9e1f70-f6f2-401d-b0bf-19c30f8e2c75@group-A34CC59BE802-FollowerState
2023-10-17 18:42:35,501 [7a9e1f70-f6f2-401d-b0bf-19c30f8e2c75-groupManagement] INFO  util.JmxRegister (JmxRegister.java:tryRegister(44)) - Successfully registered JMX Bean with object name Ratis:service=RaftServer,group=group-A34CC59BE802,id=7a9e1f70-f6f2-401d-b0bf-19c30f8e2c75
2023-10-17 18:42:35,502 [7a9e1f70-f6f2-401d-b0bf-19c30f8e2c75-groupManagement] INFO  server.RaftServerConfigKeys (ConfUtils.java:logGet(46)) - raft.server.snapshot.auto.trigger.enabled = true (custom)
2023-10-17 18:42:35,502 [7a9e1f70-f6f2-401d-b0bf-19c30f8e2c75-groupManagement] INFO  server.RaftServerConfigKeys (ConfUtils.java:logGet(46)) - raft.server.snapshot.auto.trigger.threshold = 10000 (custom)
2023-10-17 18:42:35,502 [7a9e1f70-f6f2-401d-b0bf-19c30f8e2c75-groupManagement] INFO  server.RaftServerConfigKeys (ConfUtils.java:logGet(46)) - raft.server.snapshot.retention.file.num = 5 (custom)
2023-10-17 18:42:35,502 [7a9e1f70-f6f2-401d-b0bf-19c30f8e2c75-groupManagement] INFO  server.RaftServerConfigKeys (ConfUtils.java:logGet(46)) - raft.server.log.purge.upto.snapshot.index = false (default)
2023-10-17 18:42:35,500 [EventQueue-OpenPipelineForHealthyPipelineSafeModeRule] INFO  safemode.SCMSafeModeManager (HealthyPipelineSafeModeRule.java:process(137)) - SCM in safe mode. Healthy pipelines reported count is 0, required healthy pipeline reported count is 1
2023-10-17 18:42:35,502 [7a9e1f70-f6f2-401d-b0bf-19c30f8e2c75@group-A34CC59BE802-FollowerState] INFO  server.RaftServerConfigKeys (ConfUtils.java:logFallback(53)) - raft.server.rpc.first-election.timeout.min = 5s (fallback to raft.server.rpc.timeout.min)
2023-10-17 18:42:35,503 [7a9e1f70-f6f2-401d-b0bf-19c30f8e2c75@group-A34CC59BE802-FollowerState] INFO  server.RaftServerConfigKeys (ConfUtils.java:logFallback(53)) - raft.server.rpc.first-election.timeout.max = 5200ms (fallback to raft.server.rpc.timeout.max)
2023-10-17 18:42:35,514 [PipelineCommandHandlerThread-0] INFO  ratis.XceiverServerRatis (XceiverServerRatis.java:addGroup(804)) - Created group PipelineID=25be304f-331e-4fc0-b9d1-a34cc59be802
2023-10-17 18:42:35,514 [PipelineCommandHandlerThread-0] INFO  commandhandler.CreatePipelineCommandHandler (CreatePipelineCommandHandler.java:lambda$handle$2(124)) - Created Pipeline RATIS ONE PipelineID=25be304f-331e-4fc0-b9d1-a34cc59be802.
2023-10-17 18:42:35,519 [PipelineCommandHandlerThread-0] INFO  server.RaftServer (RaftServerProxy.java:addNew(98)) - 7a9e1f70-f6f2-401d-b0bf-19c30f8e2c75: addNew group-2CD7EF1F474F:[a4cc5df1-5951-42e4-b27b-dd626196f558|rpc:10.1.0.25:15032|admin:10.1.0.25:15031|client:10.1.0.25:15030|dataStream:10.1.0.25:15033|priority:0|startupRole:FOLLOWER, 038c9c7e-9eb5-457d-9050-7ea3cb2a2edd|rpc:10.1.0.25:15014|admin:10.1.0.25:15013|client:10.1.0.25:15012|dataStream:10.1.0.25:15015|priority:1|startupRole:FOLLOWER, 7a9e1f70-f6f2-401d-b0bf-19c30f8e2c75|rpc:10.1.0.25:15023|admin:10.1.0.25:15022|client:10.1.0.25:15021|dataStream:10.1.0.25:15024|priority:0|startupRole:FOLLOWER] returns group-2CD7EF1F474F:java.util.concurrent.CompletableFuture@5c8e8b92[Not completed]
2023-10-17 18:42:35,520 [7a9e1f70-f6f2-401d-b0bf-19c30f8e2c75-groupManagement] INFO  server.RaftServer$Division (RaftServerImpl.java:<init>(198)) - 7a9e1f70-f6f2-401d-b0bf-19c30f8e2c75: new RaftServerImpl for group-2CD7EF1F474F:[a4cc5df1-5951-42e4-b27b-dd626196f558|rpc:10.1.0.25:15032|admin:10.1.0.25:15031|client:10.1.0.25:15030|dataStream:10.1.0.25:15033|priority:0|startupRole:FOLLOWER, 038c9c7e-9eb5-457d-9050-7ea3cb2a2edd|rpc:10.1.0.25:15014|admin:10.1.0.25:15013|client:10.1.0.25:15012|dataStream:10.1.0.25:15015|priority:1|startupRole:FOLLOWER, 7a9e1f70-f6f2-401d-b0bf-19c30f8e2c75|rpc:10.1.0.25:15023|admin:10.1.0.25:15022|client:10.1.0.25:15021|dataStream:10.1.0.25:15024|priority:0|startupRole:FOLLOWER] with ContainerStateMachine:uninitialized
2023-10-17 18:42:35,520 [7a9e1f70-f6f2-401d-b0bf-19c30f8e2c75-groupManagement] INFO  server.RaftServerConfigKeys (ConfUtils.java:logGet(46)) - raft.server.rpc.timeout.min = 5s (custom)
2023-10-17 18:42:35,520 [7a9e1f70-f6f2-401d-b0bf-19c30f8e2c75-groupManagement] INFO  server.RaftServerConfigKeys (ConfUtils.java:logGet(46)) - raft.server.rpc.timeout.max = 5200ms (custom)
2023-10-17 18:42:35,520 [7a9e1f70-f6f2-401d-b0bf-19c30f8e2c75-groupManagement] INFO  server.RaftServerConfigKeys (ConfUtils.java:logGet(46)) - raft.server.rpc.sleep.time = 25ms (default)
2023-10-17 18:42:35,520 [7a9e1f70-f6f2-401d-b0bf-19c30f8e2c75-groupManagement] INFO  server.RaftServerConfigKeys (ConfUtils.java:logGet(46)) - raft.server.rpc.slowness.timeout = 300s (custom)
2023-10-17 18:42:35,520 [7a9e1f70-f6f2-401d-b0bf-19c30f8e2c75-groupManagement] INFO  server.RaftServerConfigKeys (ConfUtils.java:logGet(46)) - raft.server.leaderelection.leader.step-down.wait-time = 10s (default)
2023-10-17 18:42:35,520 [7a9e1f70-f6f2-401d-b0bf-19c30f8e2c75-groupManagement] INFO  server.RaftServerConfigKeys (ConfUtils.java:logGet(46)) - raft.server.sleep.deviation.threshold = 300ms (default)
2023-10-17 18:42:35,520 [7a9e1f70-f6f2-401d-b0bf-19c30f8e2c75-groupManagement] INFO  server.RaftServer$Division (ServerState.java:<init>(120)) - 7a9e1f70-f6f2-401d-b0bf-19c30f8e2c75@group-2CD7EF1F474F: ConfigurationManager, init=-1: peers:[a4cc5df1-5951-42e4-b27b-dd626196f558|rpc:10.1.0.25:15032|admin:10.1.0.25:15031|client:10.1.0.25:15030|dataStream:10.1.0.25:15033|priority:0|startupRole:FOLLOWER, 038c9c7e-9eb5-457d-9050-7ea3cb2a2edd|rpc:10.1.0.25:15014|admin:10.1.0.25:15013|client:10.1.0.25:15012|dataStream:10.1.0.25:15015|priority:1|startupRole:FOLLOWER, 7a9e1f70-f6f2-401d-b0bf-19c30f8e2c75|rpc:10.1.0.25:15023|admin:10.1.0.25:15022|client:10.1.0.25:15021|dataStream:10.1.0.25:15024|priority:0|startupRole:FOLLOWER]|listeners:[], old=null, confs=<EMPTY_MAP>
2023-10-17 18:42:35,521 [7a9e1f70-f6f2-401d-b0bf-19c30f8e2c75-groupManagement] INFO  server.RaftServerConfigKeys (ConfUtils.java:logGet(46)) - raft.server.storage.dir = [/home/runner/work/ozone/ozone/hadoop-ozone/integration-test/target/test-dir/MiniOzoneClusterImpl-15da5f49-43ae-464d-a042-f1226d21d357/datanode-1/data/ratis] (custom)
2023-10-17 18:42:35,521 [7a9e1f70-f6f2-401d-b0bf-19c30f8e2c75-groupManagement] INFO  server.RaftServerConfigKeys (ConfUtils.java:logGet(46)) - raft.server.log.corruption.policy = EXCEPTION (default)
2023-10-17 18:42:35,521 [7a9e1f70-f6f2-401d-b0bf-19c30f8e2c75-groupManagement] INFO  server.RaftServerConfigKeys (ConfUtils.java:logGet(46)) - raft.server.storage.free-space.min = 0MB (=0) (default)
2023-10-17 18:42:35,521 [7a9e1f70-f6f2-401d-b0bf-19c30f8e2c75-groupManagement] INFO  server.RaftServerConfigKeys (ConfUtils.java:logGet(46)) - raft.server.notification.no-leader.timeout = 300s (custom)
2023-10-17 18:42:35,521 [7a9e1f70-f6f2-401d-b0bf-19c30f8e2c75-groupManagement] INFO  server.RaftServerConfigKeys (ConfUtils.java:logGet(46)) - raft.server.read.timeout = 10s (default)
2023-10-17 18:42:35,521 [7a9e1f70-f6f2-401d-b0bf-19c30f8e2c75-groupManagement] INFO  server.RaftServerConfigKeys (ConfUtils.java:logGet(46)) - raft.server.retrycache.expirytime = 600000ms (custom)
2023-10-17 18:42:35,521 [7a9e1f70-f6f2-401d-b0bf-19c30f8e2c75-groupManagement] INFO  server.RaftServerConfigKeys (ConfUtils.java:logGet(46)) - raft.server.retrycache.statistics.expirytime = 100μs (default)
2023-10-17 18:42:35,521 [7a9e1f70-f6f2-401d-b0bf-19c30f8e2c75-groupManagement] INFO  server.RaftServerConfigKeys (ConfUtils.java:logGet(46)) - raft.server.read.option = DEFAULT (default)
2023-10-17 18:42:35,522 [7a9e1f70-f6f2-401d-b0bf-19c30f8e2c75-groupManagement] INFO  server.RaftServerConfigKeys (ConfUtils.java:logGet(46)) - raft.server.rpc.request.timeout = 60s (custom)
2023-10-17 18:42:35,523 [7a9e1f70-f6f2-401d-b0bf-19c30f8e2c75-groupManagement] INFO  server.RaftServerConfigKeys (ConfUtils.java:logGet(46)) - raft.server.log.appender.install.snapshot.enabled = false (custom)
2023-10-17 18:42:35,523 [7a9e1f70-f6f2-401d-b0bf-19c30f8e2c75-groupManagement] INFO  server.RaftServerConfigKeys (ConfUtils.java:logGet(46)) - raft.server.threadpool.server.cached = true (default)
2023-10-17 18:42:35,523 [7a9e1f70-f6f2-401d-b0bf-19c30f8e2c75-groupManagement] INFO  server.RaftServerConfigKeys (ConfUtils.java:logGet(46)) - raft.server.threadpool.server.size = 0 (default)
2023-10-17 18:42:35,523 [7a9e1f70-f6f2-401d-b0bf-19c30f8e2c75-groupManagement] INFO  server.RaftServerConfigKeys (ConfUtils.java:logGet(46)) - raft.server.threadpool.client.cached = true (default)
2023-10-17 18:42:35,523 [7a9e1f70-f6f2-401d-b0bf-19c30f8e2c75-groupManagement] INFO  server.RaftServerConfigKeys (ConfUtils.java:logGet(46)) - raft.server.threadpool.client.size = 0 (default)
2023-10-17 18:42:35,523 [7a9e1f70-f6f2-401d-b0bf-19c30f8e2c75-groupManagement] INFO  storage.RaftStorageDirectory (RaftStorageDirectoryImpl.java:analyzeStorage(137)) - The storage directory /home/runner/work/ozone/ozone/hadoop-ozone/integration-test/target/test-dir/MiniOzoneClusterImpl-15da5f49-43ae-464d-a042-f1226d21d357/datanode-1/data/ratis/699a70fa-b58a-4b76-9823-2cd7ef1f474f does not exist. Creating ...
2023-10-17 18:42:35,524 [7a9e1f70-f6f2-401d-b0bf-19c30f8e2c75-groupManagement] INFO  storage.RaftStorageDirectory (RaftStorageDirectoryImpl.java:tryLock(231)) - Lock on /home/runner/work/ozone/ozone/hadoop-ozone/integration-test/target/test-dir/MiniOzoneClusterImpl-15da5f49-43ae-464d-a042-f1226d21d357/datanode-1/data/ratis/699a70fa-b58a-4b76-9823-2cd7ef1f474f/in_use.lock acquired by nodename 31914@fv-az189-115
2023-10-17 18:42:35,529 [7a9e1f70-f6f2-401d-b0bf-19c30f8e2c75-groupManagement] INFO  storage.RaftStorage (RaftStorageImpl.java:format(96)) - Storage directory /home/runner/work/ozone/ozone/hadoop-ozone/integration-test/target/test-dir/MiniOzoneClusterImpl-15da5f49-43ae-464d-a042-f1226d21d357/datanode-1/data/ratis/699a70fa-b58a-4b76-9823-2cd7ef1f474f has been successfully formatted.
2023-10-17 18:42:35,529 [7a9e1f70-f6f2-401d-b0bf-19c30f8e2c75-groupManagement] INFO  ratis.ContainerStateMachine (ContainerStateMachine.java:loadSnapshot(262)) - group-2CD7EF1F474F: The snapshot info is null. Setting the last applied indexto:(t:0, i:~)
2023-10-17 18:42:35,530 [7a9e1f70-f6f2-401d-b0bf-19c30f8e2c75-groupManagement] INFO  server.RaftServerConfigKeys (ConfUtils.java:logGet(46)) - raft.server.log.use.memory = false (default)
2023-10-17 18:42:35,530 [7a9e1f70-f6f2-401d-b0bf-19c30f8e2c75-groupManagement] INFO  server.RaftServerConfigKeys (ConfUtils.java:logGet(46)) - raft.server.log.purge.gap = 1000000 (custom)
2023-10-17 18:42:35,530 [7a9e1f70-f6f2-401d-b0bf-19c30f8e2c75-groupManagement] INFO  server.RaftServerConfigKeys (ConfUtils.java:logGet(46)) - raft.server.log.appender.buffer.byte-limit = 33554432 (custom)
2023-10-17 18:42:35,530 [7a9e1f70-f6f2-401d-b0bf-19c30f8e2c75-groupManagement] INFO  server.RaftServerConfigKeys (ConfUtils.java:logGet(46)) - raft.server.log.statemachine.data.read.timeout = 1000ms (default)
2023-10-17 18:42:35,530 [7a9e1f70-f6f2-401d-b0bf-19c30f8e2c75-groupManagement] INFO  server.RaftServerConfigKeys (ConfUtils.java:logGet(46)) - raft.server.log.purge.preservation.log.num = 0 (default)
2023-10-17 18:42:35,530 [7a9e1f70-f6f2-401d-b0bf-19c30f8e2c75-groupManagement] INFO  server.RaftServerConfigKeys (ConfUtils.java:logGet(46)) - raft.server.log.segment.size.max = 1048576 (custom)
2023-10-17 18:42:35,531 [EventQueue-OpenPipelineForHealthyPipelineSafeModeRule] INFO  safemode.SCMSafeModeManager (HealthyPipelineSafeModeRule.java:process(137)) - SCM in safe mode. Healthy pipelines reported count is 0, required healthy pipeline reported count is 1
2023-10-17 18:42:35,534 [7a9e1f70-f6f2-401d-b0bf-19c30f8e2c75-groupManagement] INFO  server.RaftServerConfigKeys (ConfUtils.java:logGet(46)) - raft.server.log.segment.cache.num.max = 2 (custom)
2023-10-17 18:42:35,535 [7a9e1f70-f6f2-401d-b0bf-19c30f8e2c75-groupManagement] INFO  server.RaftServerConfigKeys (ConfUtils.java:logGet(46)) - raft.server.log.segment.cache.size.max = 200MB (=209715200) (default)
2023-10-17 18:42:35,535 [7a9e1f70-f6f2-401d-b0bf-19c30f8e2c75-groupManagement] INFO  server.RaftServerConfigKeys (ConfUtils.java:logGet(46)) - raft.server.log.appender.buffer.byte-limit = 33554432 (custom)
2023-10-17 18:42:35,535 [7a9e1f70-f6f2-401d-b0bf-19c30f8e2c75-groupManagement] INFO  segmented.SegmentedRaftLogWorker (SegmentedRaftLogWorker.java:<init>(188)) - new 7a9e1f70-f6f2-401d-b0bf-19c30f8e2c75@group-2CD7EF1F474F-SegmentedRaftLogWorker for RaftStorageImpl:Storage Directory /home/runner/work/ozone/ozone/hadoop-ozone/integration-test/target/test-dir/MiniOzoneClusterImpl-15da5f49-43ae-464d-a042-f1226d21d357/datanode-1/data/ratis/699a70fa-b58a-4b76-9823-2cd7ef1f474f
2023-10-17 18:42:35,535 [7a9e1f70-f6f2-401d-b0bf-19c30f8e2c75-groupManagement] INFO  server.RaftServerConfigKeys (ConfUtils.java:logGet(46)) - raft.server.log.queue.byte-limit = 4294967296 (custom)
2023-10-17 18:42:35,535 [7a9e1f70-f6f2-401d-b0bf-19c30f8e2c75-groupManagement] INFO  server.RaftServerConfigKeys (ConfUtils.java:logGet(46)) - raft.server.log.queue.element-limit = 1024 (custom)
2023-10-17 18:42:35,535 [7a9e1f70-f6f2-401d-b0bf-19c30f8e2c75-groupManagement] INFO  server.RaftServerConfigKeys (ConfUtils.java:logGet(46)) - raft.server.log.segment.size.max = 1048576 (custom)
2023-10-17 18:42:35,535 [7a9e1f70-f6f2-401d-b0bf-19c30f8e2c75-groupManagement] INFO  server.RaftServerConfigKeys (ConfUtils.java:logGet(46)) - raft.server.log.preallocated.size = 16384 (custom)
2023-10-17 18:42:35,535 [7a9e1f70-f6f2-401d-b0bf-19c30f8e2c75-groupManagement] INFO  server.RaftServerConfigKeys (ConfUtils.java:logGet(46)) - raft.server.log.force.sync.num = 128 (default)
2023-10-17 18:42:35,535 [7a9e1f70-f6f2-401d-b0bf-19c30f8e2c75-groupManagement] INFO  server.RaftServerConfigKeys (ConfUtils.java:logGet(46)) - raft.server.log.statemachine.data.sync = true (default)
2023-10-17 18:42:35,535 [7a9e1f70-f6f2-401d-b0bf-19c30f8e2c75-groupManagement] INFO  server.RaftServerConfigKeys (ConfUtils.java:logGet(46)) - raft.server.log.statemachine.data.sync.timeout = 10s (default)
2023-10-17 18:42:35,537 [7a9e1f70-f6f2-401d-b0bf-19c30f8e2c75-groupManagement] INFO  server.RaftServerConfigKeys (ConfUtils.java:logGet(46)) - raft.server.log.statemachine.data.sync.timeout.retry = -1 (default)
2023-10-17 18:42:35,538 [7a9e1f70-f6f2-401d-b0bf-19c30f8e2c75-groupManagement] INFO  server.RaftServerConfigKeys (ConfUtils.java:logGet(46)) - raft.server.log.write.buffer.size = 1048576 (custom)
2023-10-17 18:42:35,538 [7a9e1f70-f6f2-401d-b0bf-19c30f8e2c75-groupManagement] INFO  server.RaftServerConfigKeys (ConfUtils.java:logGet(46)) - raft.server.log.appender.buffer.byte-limit = 33554432 (custom)
2023-10-17 18:42:35,542 [grpc-default-executor-0] INFO  server.RaftServer (RaftServerProxy.java:addNew(98)) - a4cc5df1-5951-42e4-b27b-dd626196f558: addNew group-37E8A652D098:[a4cc5df1-5951-42e4-b27b-dd626196f558|rpc:10.1.0.25:15032|admin:10.1.0.25:15031|client:10.1.0.25:15030|dataStream:10.1.0.25:15033|priority:0|startupRole:FOLLOWER, 038c9c7e-9eb5-457d-9050-7ea3cb2a2edd|rpc:10.1.0.25:15014|admin:10.1.0.25:15013|client:10.1.0.25:15012|dataStream:10.1.0.25:15015|priority:0|startupRole:FOLLOWER, 7a9e1f70-f6f2-401d-b0bf-19c30f8e2c75|rpc:10.1.0.25:15023|admin:10.1.0.25:15022|client:10.1.0.25:15021|dataStream:10.1.0.25:15024|priority:1|startupRole:FOLLOWER] returns group-37E8A652D098:java.util.concurrent.CompletableFuture@515ec7f7[Not completed]
2023-10-17 18:42:35,547 [7a9e1f70-f6f2-401d-b0bf-19c30f8e2c75-groupManagement] INFO  server.RaftServerConfigKeys (ConfUtils.java:logGet(46)) - raft.server.log.unsafe-flush.enabled = false (default)
2023-10-17 18:42:35,547 [7a9e1f70-f6f2-401d-b0bf-19c30f8e2c75-groupManagement] INFO  server.RaftServerConfigKeys (ConfUtils.java:logGet(46)) - raft.server.log.async-flush.enabled = false (default)
2023-10-17 18:42:35,547 [a4cc5df1-5951-42e4-b27b-dd626196f558-groupManagement] INFO  server.RaftServer$Division (RaftServerImpl.java:<init>(198)) - a4cc5df1-5951-42e4-b27b-dd626196f558: new RaftServerImpl for group-37E8A652D098:[a4cc5df1-5951-42e4-b27b-dd626196f558|rpc:10.1.0.25:15032|admin:10.1.0.25:15031|client:10.1.0.25:15030|dataStream:10.1.0.25:15033|priority:0|startupRole:FOLLOWER, 038c9c7e-9eb5-457d-9050-7ea3cb2a2edd|rpc:10.1.0.25:15014|admin:10.1.0.25:15013|client:10.1.0.25:15012|dataStream:10.1.0.25:15015|priority:0|startupRole:FOLLOWER, 7a9e1f70-f6f2-401d-b0bf-19c30f8e2c75|rpc:10.1.0.25:15023|admin:10.1.0.25:15022|client:10.1.0.25:15021|dataStream:10.1.0.25:15024|priority:1|startupRole:FOLLOWER] with ContainerStateMachine:uninitialized
2023-10-17 18:42:35,547 [7a9e1f70-f6f2-401d-b0bf-19c30f8e2c75-groupManagement] INFO  server.RaftServerConfigKeys (ConfUtils.java:logGet(46)) - raft.server.log.statemachine.data.caching.enabled = true (custom)
2023-10-17 18:42:35,548 [a4cc5df1-5951-42e4-b27b-dd626196f558-groupManagement] INFO  server.RaftServerConfigKeys (ConfUtils.java:logGet(46)) - raft.server.rpc.timeout.min = 5s (custom)
2023-10-17 18:42:35,550 [a4cc5df1-5951-42e4-b27b-dd626196f558-groupManagement] INFO  server.RaftServerConfigKeys (ConfUtils.java:logGet(46)) - raft.server.rpc.timeout.max = 5200ms (custom)
2023-10-17 18:42:35,551 [a4cc5df1-5951-42e4-b27b-dd626196f558-groupManagement] INFO  server.RaftServerConfigKeys (ConfUtils.java:logGet(46)) - raft.server.rpc.sleep.time = 25ms (default)
2023-10-17 18:42:35,551 [a4cc5df1-5951-42e4-b27b-dd626196f558-groupManagement] INFO  server.RaftServerConfigKeys (ConfUtils.java:logGet(46)) - raft.server.rpc.slowness.timeout = 300s (custom)
2023-10-17 18:42:35,551 [a4cc5df1-5951-42e4-b27b-dd626196f558-groupManagement] INFO  server.RaftServerConfigKeys (ConfUtils.java:logGet(46)) - raft.server.leaderelection.leader.step-down.wait-time = 10s (default)
2023-10-17 18:42:35,551 [a4cc5df1-5951-42e4-b27b-dd626196f558-groupManagement] INFO  server.RaftServerConfigKeys (ConfUtils.java:logGet(46)) - raft.server.sleep.deviation.threshold = 300ms (default)
2023-10-17 18:42:35,551 [a4cc5df1-5951-42e4-b27b-dd626196f558-groupManagement] INFO  server.RaftServer$Division (ServerState.java:<init>(120)) - a4cc5df1-5951-42e4-b27b-dd626196f558@group-37E8A652D098: ConfigurationManager, init=-1: peers:[a4cc5df1-5951-42e4-b27b-dd626196f558|rpc:10.1.0.25:15032|admin:10.1.0.25:15031|client:10.1.0.25:15030|dataStream:10.1.0.25:15033|priority:0|startupRole:FOLLOWER, 038c9c7e-9eb5-457d-9050-7ea3cb2a2edd|rpc:10.1.0.25:15014|admin:10.1.0.25:15013|client:10.1.0.25:15012|dataStream:10.1.0.25:15015|priority:0|startupRole:FOLLOWER, 7a9e1f70-f6f2-401d-b0bf-19c30f8e2c75|rpc:10.1.0.25:15023|admin:10.1.0.25:15022|client:10.1.0.25:15021|dataStream:10.1.0.25:15024|priority:1|startupRole:FOLLOWER]|listeners:[], old=null, confs=<EMPTY_MAP>
2023-10-17 18:42:35,551 [a4cc5df1-5951-42e4-b27b-dd626196f558-groupManagement] INFO  server.RaftServerConfigKeys (ConfUtils.java:logGet(46)) - raft.server.storage.dir = [/home/runner/work/ozone/ozone/hadoop-ozone/integration-test/target/test-dir/MiniOzoneClusterImpl-15da5f49-43ae-464d-a042-f1226d21d357/datanode-2/data/ratis] (custom)
2023-10-17 18:42:35,551 [a4cc5df1-5951-42e4-b27b-dd626196f558-groupManagement] INFO  server.RaftServerConfigKeys (ConfUtils.java:logGet(46)) - raft.server.log.corruption.policy = EXCEPTION (default)
2023-10-17 18:42:35,551 [a4cc5df1-5951-42e4-b27b-dd626196f558-groupManagement] INFO  server.RaftServerConfigKeys (ConfUtils.java:logGet(46)) - raft.server.storage.free-space.min = 0MB (=0) (default)
2023-10-17 18:42:35,551 [a4cc5df1-5951-42e4-b27b-dd626196f558-groupManagement] INFO  server.RaftServerConfigKeys (ConfUtils.java:logGet(46)) - raft.server.notification.no-leader.timeout = 300s (custom)
2023-10-17 18:42:35,551 [a4cc5df1-5951-42e4-b27b-dd626196f558-groupManagement] INFO  server.RaftServerConfigKeys (ConfUtils.java:logGet(46)) - raft.server.read.timeout = 10s (default)
2023-10-17 18:42:35,551 [a4cc5df1-5951-42e4-b27b-dd626196f558-groupManagement] INFO  server.RaftServerConfigKeys (ConfUtils.java:logGet(46)) - raft.server.retrycache.expirytime = 600000ms (custom)
2023-10-17 18:42:35,552 [a4cc5df1-5951-42e4-b27b-dd626196f558-groupManagement] INFO  server.RaftServerConfigKeys (ConfUtils.java:logGet(46)) - raft.server.retrycache.statistics.expirytime = 100μs (default)
2023-10-17 18:42:35,552 [a4cc5df1-5951-42e4-b27b-dd626196f558-groupManagement] INFO  server.RaftServerConfigKeys (ConfUtils.java:logGet(46)) - raft.server.read.option = DEFAULT (default)
2023-10-17 18:42:35,555 [7a9e1f70-f6f2-401d-b0bf-19c30f8e2c75-groupManagement] INFO  segmented.SegmentedRaftLogWorker (SegmentedRaftLogWorker.java:lambda$new$0(135)) - 7a9e1f70-f6f2-401d-b0bf-19c30f8e2c75@group-2CD7EF1F474F-SegmentedRaftLogWorker: flushIndex: setUnconditionally 0 -> -1
2023-10-17 18:42:35,557 [7a9e1f70-f6f2-401d-b0bf-19c30f8e2c75-groupManagement] INFO  segmented.SegmentedRaftLogWorker (SegmentedRaftLogWorker.java:lambda$new$0(135)) - 7a9e1f70-f6f2-401d-b0bf-19c30f8e2c75@group-2CD7EF1F474F-SegmentedRaftLogWorker: safeCacheEvictIndex: setUnconditionally 0 -> -1
2023-10-17 18:42:35,556 [a4cc5df1-5951-42e4-b27b-dd626196f558-groupManagement] INFO  server.RaftServerConfigKeys (ConfUtils.java:logGet(46)) - raft.server.rpc.request.timeout = 60s (custom)
2023-10-17 18:42:35,558 [a4cc5df1-5951-42e4-b27b-dd626196f558-groupManagement] INFO  server.RaftServerConfigKeys (ConfUtils.java:logGet(46)) - raft.server.log.appender.install.snapshot.enabled = false (custom)
2023-10-17 18:42:35,559 [a4cc5df1-5951-42e4-b27b-dd626196f558-groupManagement] INFO  server.RaftServerConfigKeys (ConfUtils.java:logGet(46)) - raft.server.threadpool.server.cached = true (default)
2023-10-17 18:42:35,559 [a4cc5df1-5951-42e4-b27b-dd626196f558-groupManagement] INFO  server.RaftServerConfigKeys (ConfUtils.java:logGet(46)) - raft.server.threadpool.server.size = 0 (default)
2023-10-17 18:42:35,559 [a4cc5df1-5951-42e4-b27b-dd626196f558-groupManagement] INFO  server.RaftServerConfigKeys (ConfUtils.java:logGet(46)) - raft.server.threadpool.client.cached = true (default)
2023-10-17 18:42:35,559 [a4cc5df1-5951-42e4-b27b-dd626196f558-groupManagement] INFO  server.RaftServerConfigKeys (ConfUtils.java:logGet(46)) - raft.server.threadpool.client.size = 0 (default)
2023-10-17 18:42:35,559 [a4cc5df1-5951-42e4-b27b-dd626196f558-groupManagement] INFO  storage.RaftStorageDirectory (RaftStorageDirectoryImpl.java:analyzeStorage(137)) - The storage directory /home/runner/work/ozone/ozone/hadoop-ozone/integration-test/target/test-dir/MiniOzoneClusterImpl-15da5f49-43ae-464d-a042-f1226d21d357/datanode-2/data/ratis/805a4220-48d0-4c66-92fe-37e8a652d098 does not exist. Creating ...
2023-10-17 18:42:35,561 [7a9e1f70-f6f2-401d-b0bf-19c30f8e2c75-groupManagement] INFO  server.RaftServer$Division (RaftServerImpl.java:start(342)) - 7a9e1f70-f6f2-401d-b0bf-19c30f8e2c75@group-2CD7EF1F474F: start as a follower, conf=-1: peers:[a4cc5df1-5951-42e4-b27b-dd626196f558|rpc:10.1.0.25:15032|admin:10.1.0.25:15031|client:10.1.0.25:15030|dataStream:10.1.0.25:15033|priority:0|startupRole:FOLLOWER, 038c9c7e-9eb5-457d-9050-7ea3cb2a2edd|rpc:10.1.0.25:15014|admin:10.1.0.25:15013|client:10.1.0.25:15012|dataStream:10.1.0.25:15015|priority:1|startupRole:FOLLOWER, 7a9e1f70-f6f2-401d-b0bf-19c30f8e2c75|rpc:10.1.0.25:15023|admin:10.1.0.25:15022|client:10.1.0.25:15021|dataStream:10.1.0.25:15024|priority:0|startupRole:FOLLOWER]|listeners:[], old=null
2023-10-17 18:42:35,561 [7a9e1f70-f6f2-401d-b0bf-19c30f8e2c75-groupManagement] INFO  server.RaftServer$Division (RaftServerImpl.java:setRole(329)) - 7a9e1f70-f6f2-401d-b0bf-19c30f8e2c75@group-2CD7EF1F474F: changes role from      null to FOLLOWER at term 0 for startAsFollower
2023-10-17 18:42:35,561 [7a9e1f70-f6f2-401d-b0bf-19c30f8e2c75-groupManagement] INFO  impl.RoleInfo (RoleInfo.java:updateAndGet(139)) - 7a9e1f70-f6f2-401d-b0bf-19c30f8e2c75: start 7a9e1f70-f6f2-401d-b0bf-19c30f8e2c75@group-2CD7EF1F474F-FollowerState
2023-10-17 18:42:35,561 [7a9e1f70-f6f2-401d-b0bf-19c30f8e2c75-groupManagement] INFO  util.JmxRegister (JmxRegister.java:tryRegister(44)) - Successfully registered JMX Bean with object name Ratis:service=RaftServer,group=group-2CD7EF1F474F,id=7a9e1f70-f6f2-401d-b0bf-19c30f8e2c75
2023-10-17 18:42:35,561 [7a9e1f70-f6f2-401d-b0bf-19c30f8e2c75@group-2CD7EF1F474F-FollowerState] INFO  server.RaftServerConfigKeys (ConfUtils.java:logFallback(53)) - raft.server.rpc.first-election.timeout.min = 5s (fallback to raft.server.rpc.timeout.min)
2023-10-17 18:42:35,562 [7a9e1f70-f6f2-401d-b0bf-19c30f8e2c75-groupManagement] INFO  server.RaftServerConfigKeys (ConfUtils.java:logGet(46)) - raft.server.snapshot.auto.trigger.enabled = true (custom)
2023-10-17 18:42:35,562 [7a9e1f70-f6f2-401d-b0bf-19c30f8e2c75@group-2CD7EF1F474F-FollowerState] INFO  server.RaftServerConfigKeys (ConfUtils.java:logFallback(53)) - raft.server.rpc.first-election.timeout.max = 5200ms (fallback to raft.server.rpc.timeout.max)
2023-10-17 18:42:35,562 [a4cc5df1-5951-42e4-b27b-dd626196f558-groupManagement] INFO  storage.RaftStorageDirectory (RaftStorageDirectoryImpl.java:tryLock(231)) - Lock on /home/runner/work/ozone/ozone/hadoop-ozone/integration-test/target/test-dir/MiniOzoneClusterImpl-15da5f49-43ae-464d-a042-f1226d21d357/datanode-2/data/ratis/805a4220-48d0-4c66-92fe-37e8a652d098/in_use.lock acquired by nodename 31914@fv-az189-115
2023-10-17 18:42:35,562 [7a9e1f70-f6f2-401d-b0bf-19c30f8e2c75-groupManagement] INFO  server.RaftServerConfigKeys (ConfUtils.java:logGet(46)) - raft.server.snapshot.auto.trigger.threshold = 10000 (custom)
2023-10-17 18:42:35,563 [7a9e1f70-f6f2-401d-b0bf-19c30f8e2c75-groupManagement] INFO  server.RaftServerConfigKeys (ConfUtils.java:logGet(46)) - raft.server.snapshot.retention.file.num = 5 (custom)
2023-10-17 18:42:35,563 [7a9e1f70-f6f2-401d-b0bf-19c30f8e2c75-groupManagement] INFO  server.RaftServerConfigKeys (ConfUtils.java:logGet(46)) - raft.server.log.purge.upto.snapshot.index = false (default)
2023-10-17 18:42:35,564 [PipelineCommandHandlerThread-0] INFO  ratis.XceiverServerRatis (XceiverServerRatis.java:addGroup(804)) - Created group PipelineID=699a70fa-b58a-4b76-9823-2cd7ef1f474f
2023-10-17 18:42:35,565 [a4cc5df1-5951-42e4-b27b-dd626196f558-groupManagement] INFO  storage.RaftStorage (RaftStorageImpl.java:format(96)) - Storage directory /home/runner/work/ozone/ozone/hadoop-ozone/integration-test/target/test-dir/MiniOzoneClusterImpl-15da5f49-43ae-464d-a042-f1226d21d357/datanode-2/data/ratis/805a4220-48d0-4c66-92fe-37e8a652d098 has been successfully formatted.
2023-10-17 18:42:35,566 [a4cc5df1-5951-42e4-b27b-dd626196f558-groupManagement] INFO  ratis.ContainerStateMachine (ContainerStateMachine.java:loadSnapshot(262)) - group-37E8A652D098: The snapshot info is null. Setting the last applied indexto:(t:0, i:~)
2023-10-17 18:42:35,566 [a4cc5df1-5951-42e4-b27b-dd626196f558-groupManagement] INFO  server.RaftServerConfigKeys (ConfUtils.java:logGet(46)) - raft.server.log.use.memory = false (default)
2023-10-17 18:42:35,566 [a4cc5df1-5951-42e4-b27b-dd626196f558-groupManagement] INFO  server.RaftServerConfigKeys (ConfUtils.java:logGet(46)) - raft.server.log.purge.gap = 1000000 (custom)
2023-10-17 18:42:35,566 [a4cc5df1-5951-42e4-b27b-dd626196f558-groupManagement] INFO  server.RaftServerConfigKeys (ConfUtils.java:logGet(46)) - raft.server.log.appender.buffer.byte-limit = 33554432 (custom)
2023-10-17 18:42:35,566 [a4cc5df1-5951-42e4-b27b-dd626196f558-groupManagement] INFO  server.RaftServerConfigKeys (ConfUtils.java:logGet(46)) - raft.server.log.statemachine.data.read.timeout = 1000ms (default)
2023-10-17 18:42:35,566 [a4cc5df1-5951-42e4-b27b-dd626196f558-groupManagement] INFO  server.RaftServerConfigKeys (ConfUtils.java:logGet(46)) - raft.server.log.purge.preservation.log.num = 0 (default)
2023-10-17 18:42:35,568 [a4cc5df1-5951-42e4-b27b-dd626196f558-groupManagement] INFO  server.RaftServerConfigKeys (ConfUtils.java:logGet(46)) - raft.server.log.segment.size.max = 1048576 (custom)
2023-10-17 18:42:35,568 [a4cc5df1-5951-42e4-b27b-dd626196f558-groupManagement] INFO  server.RaftServerConfigKeys (ConfUtils.java:logGet(46)) - raft.server.log.segment.cache.num.max = 2 (custom)
2023-10-17 18:42:35,568 [a4cc5df1-5951-42e4-b27b-dd626196f558-groupManagement] INFO  server.RaftServerConfigKeys (ConfUtils.java:logGet(46)) - raft.server.log.segment.cache.size.max = 200MB (=209715200) (default)
2023-10-17 18:42:35,568 [a4cc5df1-5951-42e4-b27b-dd626196f558-groupManagement] INFO  server.RaftServerConfigKeys (ConfUtils.java:logGet(46)) - raft.server.log.appender.buffer.byte-limit = 33554432 (custom)
2023-10-17 18:42:35,569 [a4cc5df1-5951-42e4-b27b-dd626196f558-groupManagement] INFO  segmented.SegmentedRaftLogWorker (SegmentedRaftLogWorker.java:<init>(188)) - new a4cc5df1-5951-42e4-b27b-dd626196f558@group-37E8A652D098-SegmentedRaftLogWorker for RaftStorageImpl:Storage Directory /home/runner/work/ozone/ozone/hadoop-ozone/integration-test/target/test-dir/MiniOzoneClusterImpl-15da5f49-43ae-464d-a042-f1226d21d357/datanode-2/data/ratis/805a4220-48d0-4c66-92fe-37e8a652d098
2023-10-17 18:42:35,574 [a4cc5df1-5951-42e4-b27b-dd626196f558-groupManagement] INFO  server.RaftServerConfigKeys (ConfUtils.java:logGet(46)) - raft.server.log.queue.byte-limit = 4294967296 (custom)
2023-10-17 18:42:35,574 [a4cc5df1-5951-42e4-b27b-dd626196f558-groupManagement] INFO  server.RaftServerConfigKeys (ConfUtils.java:logGet(46)) - raft.server.log.queue.element-limit = 1024 (custom)
2023-10-17 18:42:35,574 [a4cc5df1-5951-42e4-b27b-dd626196f558-groupManagement] INFO  server.RaftServerConfigKeys (ConfUtils.java:logGet(46)) - raft.server.log.segment.size.max = 1048576 (custom)
2023-10-17 18:42:35,574 [a4cc5df1-5951-42e4-b27b-dd626196f558-groupManagement] INFO  server.RaftServerConfigKeys (ConfUtils.java:logGet(46)) - raft.server.log.preallocated.size = 16384 (custom)
2023-10-17 18:42:35,574 [a4cc5df1-5951-42e4-b27b-dd626196f558-groupManagement] INFO  server.RaftServerConfigKeys (ConfUtils.java:logGet(46)) - raft.server.log.force.sync.num = 128 (default)
2023-10-17 18:42:35,574 [a4cc5df1-5951-42e4-b27b-dd626196f558-groupManagement] INFO  server.RaftServerConfigKeys (ConfUtils.java:logGet(46)) - raft.server.log.statemachine.data.sync = true (default)
2023-10-17 18:42:35,574 [a4cc5df1-5951-42e4-b27b-dd626196f558-groupManagement] INFO  server.RaftServerConfigKeys (ConfUtils.java:logGet(46)) - raft.server.log.statemachine.data.sync.timeout = 10s (default)
2023-10-17 18:42:35,574 [a4cc5df1-5951-42e4-b27b-dd626196f558-groupManagement] INFO  server.RaftServerConfigKeys (ConfUtils.java:logGet(46)) - raft.server.log.statemachine.data.sync.timeout.retry = -1 (default)
2023-10-17 18:42:35,579 [a4cc5df1-5951-42e4-b27b-dd626196f558-groupManagement] INFO  server.RaftServerConfigKeys (ConfUtils.java:logGet(46)) - raft.server.log.write.buffer.size = 1048576 (custom)
2023-10-17 18:42:35,580 [a4cc5df1-5951-42e4-b27b-dd626196f558-groupManagement] INFO  server.RaftServerConfigKeys (ConfUtils.java:logGet(46)) - raft.server.log.appender.buffer.byte-limit = 33554432 (custom)
2023-10-17 18:42:35,786 [a4cc5df1-5951-42e4-b27b-dd626196f558-groupManagement] INFO  server.RaftServerConfigKeys (ConfUtils.java:logGet(46)) - raft.server.log.unsafe-flush.enabled = false (default)
2023-10-17 18:42:35,786 [a4cc5df1-5951-42e4-b27b-dd626196f558-groupManagement] INFO  server.RaftServerConfigKeys (ConfUtils.java:logGet(46)) - raft.server.log.async-flush.enabled = false (default)
2023-10-17 18:42:35,786 [a4cc5df1-5951-42e4-b27b-dd626196f558-groupManagement] INFO  server.RaftServerConfigKeys (ConfUtils.java:logGet(46)) - raft.server.log.statemachine.data.caching.enabled = true (custom)
2023-10-17 18:42:35,786 [a4cc5df1-5951-42e4-b27b-dd626196f558-groupManagement] INFO  segmented.SegmentedRaftLogWorker (SegmentedRaftLogWorker.java:lambda$new$0(135)) - a4cc5df1-5951-42e4-b27b-dd626196f558@group-37E8A652D098-SegmentedRaftLogWorker: flushIndex: setUnconditionally 0 -> -1
2023-10-17 18:42:35,787 [a4cc5df1-5951-42e4-b27b-dd626196f558-groupManagement] INFO  segmented.SegmentedRaftLogWorker (SegmentedRaftLogWorker.java:lambda$new$0(135)) - a4cc5df1-5951-42e4-b27b-dd626196f558@group-37E8A652D098-SegmentedRaftLogWorker: safeCacheEvictIndex: setUnconditionally 0 -> -1
2023-10-17 18:42:35,787 [a4cc5df1-5951-42e4-b27b-dd626196f558-groupManagement] INFO  server.RaftServer$Division (RaftServerImpl.java:start(342)) - a4cc5df1-5951-42e4-b27b-dd626196f558@group-37E8A652D098: start as a follower, conf=-1: peers:[a4cc5df1-5951-42e4-b27b-dd626196f558|rpc:10.1.0.25:15032|admin:10.1.0.25:15031|client:10.1.0.25:15030|dataStream:10.1.0.25:15033|priority:0|startupRole:FOLLOWER, 038c9c7e-9eb5-457d-9050-7ea3cb2a2edd|rpc:10.1.0.25:15014|admin:10.1.0.25:15013|client:10.1.0.25:15012|dataStream:10.1.0.25:15015|priority:0|startupRole:FOLLOWER, 7a9e1f70-f6f2-401d-b0bf-19c30f8e2c75|rpc:10.1.0.25:15023|admin:10.1.0.25:15022|client:10.1.0.25:15021|dataStream:10.1.0.25:15024|priority:1|startupRole:FOLLOWER]|listeners:[], old=null
2023-10-17 18:42:35,787 [a4cc5df1-5951-42e4-b27b-dd626196f558-groupManagement] INFO  server.RaftServer$Division (RaftServerImpl.java:setRole(329)) - a4cc5df1-5951-42e4-b27b-dd626196f558@group-37E8A652D098: changes role from      null to FOLLOWER at term 0 for startAsFollower
2023-10-17 18:42:35,787 [a4cc5df1-5951-42e4-b27b-dd626196f558-groupManagement] INFO  impl.RoleInfo (RoleInfo.java:updateAndGet(139)) - a4cc5df1-5951-42e4-b27b-dd626196f558: start a4cc5df1-5951-42e4-b27b-dd626196f558@group-37E8A652D098-FollowerState
2023-10-17 18:42:35,787 [a4cc5df1-5951-42e4-b27b-dd626196f558-groupManagement] INFO  util.JmxRegister (JmxRegister.java:tryRegister(44)) - Successfully registered JMX Bean with object name Ratis:service=RaftServer,group=group-37E8A652D098,id=a4cc5df1-5951-42e4-b27b-dd626196f558
2023-10-17 18:42:35,788 [a4cc5df1-5951-42e4-b27b-dd626196f558-groupManagement] INFO  server.RaftServerConfigKeys (ConfUtils.java:logGet(46)) - raft.server.snapshot.auto.trigger.enabled = true (custom)
2023-10-17 18:42:35,788 [a4cc5df1-5951-42e4-b27b-dd626196f558-groupManagement] INFO  server.RaftServerConfigKeys (ConfUtils.java:logGet(46)) - raft.server.snapshot.auto.trigger.threshold = 10000 (custom)
2023-10-17 18:42:35,788 [a4cc5df1-5951-42e4-b27b-dd626196f558-groupManagement] INFO  server.RaftServerConfigKeys (ConfUtils.java:logGet(46)) - raft.server.snapshot.retention.file.num = 5 (custom)
2023-10-17 18:42:35,788 [a4cc5df1-5951-42e4-b27b-dd626196f558-groupManagement] INFO  server.RaftServerConfigKeys (ConfUtils.java:logGet(46)) - raft.server.log.purge.upto.snapshot.index = false (default)
2023-10-17 18:42:35,788 [a4cc5df1-5951-42e4-b27b-dd626196f558@group-37E8A652D098-FollowerState] INFO  server.RaftServerConfigKeys (ConfUtils.java:logFallback(53)) - raft.server.rpc.first-election.timeout.min = 5s (fallback to raft.server.rpc.timeout.min)
2023-10-17 18:42:35,786 [Time-limited test] INFO  ozone.MiniOzoneClusterImpl (MiniOzoneClusterImpl.java:lambda$waitForClusterToBeReady$0(229)) - Nodes are ready. Got 3 of 3 DN Heartbeats.
2023-10-17 18:42:35,797 [Time-limited test] INFO  ozone.MiniOzoneClusterImpl (MiniOzoneClusterImpl.java:lambda$waitForClusterToBeReady$0(232)) - Waiting for cluster to exit safe mode
2023-10-17 18:42:35,797 [Time-limited test] INFO  ozone.MiniOzoneClusterImpl (MiniOzoneClusterImpl.java:lambda$waitForClusterToBeReady$0(234)) - SCM became leader
2023-10-17 18:42:35,797 [a4cc5df1-5951-42e4-b27b-dd626196f558@group-37E8A652D098-FollowerState] INFO  server.RaftServerConfigKeys (ConfUtils.java:logFallback(53)) - raft.server.rpc.first-election.timeout.max = 5200ms (fallback to raft.server.rpc.timeout.max)
2023-10-17 18:42:35,793 [PipelineCommandHandlerThread-0] INFO  server.RaftServer (RaftServerProxy.java:addNew(98)) - a4cc5df1-5951-42e4-b27b-dd626196f558: addNew group-91A3B8BDA8DA:[a4cc5df1-5951-42e4-b27b-dd626196f558|rpc:10.1.0.25:15032|admin:10.1.0.25:15031|client:10.1.0.25:15030|dataStream:10.1.0.25:15033|priority:1|startupRole:FOLLOWER] returns group-91A3B8BDA8DA:java.util.concurrent.CompletableFuture@234c8b22[Not completed]
2023-10-17 18:42:35,801 [grpc-default-executor-0] INFO  server.RaftServer (RaftServerProxy.java:addNew(98)) - 038c9c7e-9eb5-457d-9050-7ea3cb2a2edd: addNew group-2CD7EF1F474F:[a4cc5df1-5951-42e4-b27b-dd626196f558|rpc:10.1.0.25:15032|admin:10.1.0.25:15031|client:10.1.0.25:15030|dataStream:10.1.0.25:15033|priority:0|startupRole:FOLLOWER, 038c9c7e-9eb5-457d-9050-7ea3cb2a2edd|rpc:10.1.0.25:15014|admin:10.1.0.25:15013|client:10.1.0.25:15012|dataStream:10.1.0.25:15015|priority:1|startupRole:FOLLOWER, 7a9e1f70-f6f2-401d-b0bf-19c30f8e2c75|rpc:10.1.0.25:15023|admin:10.1.0.25:15022|client:10.1.0.25:15021|dataStream:10.1.0.25:15024|priority:0|startupRole:FOLLOWER] returns group-2CD7EF1F474F:java.util.concurrent.CompletableFuture@1931845d[Not completed]
2023-10-17 18:42:35,792 [a4cc5df1-5951-42e4-b27b-dd626196f558-groupManagement] INFO  server.RaftServer$Division (RaftServerImpl.java:<init>(198)) - a4cc5df1-5951-42e4-b27b-dd626196f558: new RaftServerImpl for group-91A3B8BDA8DA:[a4cc5df1-5951-42e4-b27b-dd626196f558|rpc:10.1.0.25:15032|admin:10.1.0.25:15031|client:10.1.0.25:15030|dataStream:10.1.0.25:15033|priority:1|startupRole:FOLLOWER] with ContainerStateMachine:uninitialized
2023-10-17 18:42:35,801 [a4cc5df1-5951-42e4-b27b-dd626196f558-groupManagement] INFO  server.RaftServerConfigKeys (ConfUtils.java:logGet(46)) - raft.server.rpc.timeout.min = 5s (custom)
2023-10-17 18:42:35,801 [a4cc5df1-5951-42e4-b27b-dd626196f558-groupManagement] INFO  server.RaftServerConfigKeys (ConfUtils.java:logGet(46)) - raft.server.rpc.timeout.max = 5200ms (custom)
2023-10-17 18:42:35,801 [a4cc5df1-5951-42e4-b27b-dd626196f558-groupManagement] INFO  server.RaftServerConfigKeys (ConfUtils.java:logGet(46)) - raft.server.rpc.sleep.time = 25ms (default)
2023-10-17 18:42:35,802 [a4cc5df1-5951-42e4-b27b-dd626196f558-groupManagement] INFO  server.RaftServerConfigKeys (ConfUtils.java:logGet(46)) - raft.server.rpc.slowness.timeout = 300s (custom)
2023-10-17 18:42:35,802 [a4cc5df1-5951-42e4-b27b-dd626196f558-groupManagement] INFO  server.RaftServerConfigKeys (ConfUtils.java:logGet(46)) - raft.server.leaderelection.leader.step-down.wait-time = 10s (default)
2023-10-17 18:42:35,802 [a4cc5df1-5951-42e4-b27b-dd626196f558-groupManagement] INFO  server.RaftServerConfigKeys (ConfUtils.java:logGet(46)) - raft.server.sleep.deviation.threshold = 300ms (default)
2023-10-17 18:42:35,802 [a4cc5df1-5951-42e4-b27b-dd626196f558-groupManagement] INFO  server.RaftServer$Division (ServerState.java:<init>(120)) - a4cc5df1-5951-42e4-b27b-dd626196f558@group-91A3B8BDA8DA: ConfigurationManager, init=-1: peers:[a4cc5df1-5951-42e4-b27b-dd626196f558|rpc:10.1.0.25:15032|admin:10.1.0.25:15031|client:10.1.0.25:15030|dataStream:10.1.0.25:15033|priority:1|startupRole:FOLLOWER]|listeners:[], old=null, confs=<EMPTY_MAP>
2023-10-17 18:42:35,802 [a4cc5df1-5951-42e4-b27b-dd626196f558-groupManagement] INFO  server.RaftServerConfigKeys (ConfUtils.java:logGet(46)) - raft.server.storage.dir = [/home/runner/work/ozone/ozone/hadoop-ozone/integration-test/target/test-dir/MiniOzoneClusterImpl-15da5f49-43ae-464d-a042-f1226d21d357/datanode-2/data/ratis] (custom)
2023-10-17 18:42:35,802 [a4cc5df1-5951-42e4-b27b-dd626196f558-groupManagement] INFO  server.RaftServerConfigKeys (ConfUtils.java:logGet(46)) - raft.server.log.corruption.policy = EXCEPTION (default)
2023-10-17 18:42:35,802 [a4cc5df1-5951-42e4-b27b-dd626196f558-groupManagement] INFO  server.RaftServerConfigKeys (ConfUtils.java:logGet(46)) - raft.server.storage.free-space.min = 0MB (=0) (default)
2023-10-17 18:42:35,802 [a4cc5df1-5951-42e4-b27b-dd626196f558-groupManagement] INFO  server.RaftServerConfigKeys (ConfUtils.java:logGet(46)) - raft.server.notification.no-leader.timeout = 300s (custom)
2023-10-17 18:42:35,802 [038c9c7e-9eb5-457d-9050-7ea3cb2a2edd-groupManagement] INFO  server.RaftServer$Division (RaftServerImpl.java:<init>(198)) - 038c9c7e-9eb5-457d-9050-7ea3cb2a2edd: new RaftServerImpl for group-2CD7EF1F474F:[a4cc5df1-5951-42e4-b27b-dd626196f558|rpc:10.1.0.25:15032|admin:10.1.0.25:15031|client:10.1.0.25:15030|dataStream:10.1.0.25:15033|priority:0|startupRole:FOLLOWER, 038c9c7e-9eb5-457d-9050-7ea3cb2a2edd|rpc:10.1.0.25:15014|admin:10.1.0.25:15013|client:10.1.0.25:15012|dataStream:10.1.0.25:15015|priority:1|startupRole:FOLLOWER, 7a9e1f70-f6f2-401d-b0bf-19c30f8e2c75|rpc:10.1.0.25:15023|admin:10.1.0.25:15022|client:10.1.0.25:15021|dataStream:10.1.0.25:15024|priority:0|startupRole:FOLLOWER] with ContainerStateMachine:uninitialized
2023-10-17 18:42:35,803 [038c9c7e-9eb5-457d-9050-7ea3cb2a2edd-groupManagement] INFO  server.RaftServerConfigKeys (ConfUtils.java:logGet(46)) - raft.server.rpc.timeout.min = 5s (custom)
2023-10-17 18:42:35,803 [038c9c7e-9eb5-457d-9050-7ea3cb2a2edd-groupManagement] INFO  server.RaftServerConfigKeys (ConfUtils.java:logGet(46)) - raft.server.rpc.timeout.max = 5200ms (custom)
2023-10-17 18:42:35,802 [a4cc5df1-5951-42e4-b27b-dd626196f558-groupManagement] INFO  server.RaftServerConfigKeys (ConfUtils.java:logGet(46)) - raft.server.read.timeout = 10s (default)
2023-10-17 18:42:35,803 [038c9c7e-9eb5-457d-9050-7ea3cb2a2edd-groupManagement] INFO  server.RaftServerConfigKeys (ConfUtils.java:logGet(46)) - raft.server.rpc.sleep.time = 25ms (default)
2023-10-17 18:42:35,806 [a4cc5df1-5951-42e4-b27b-dd626196f558-groupManagement] INFO  server.RaftServerConfigKeys (ConfUtils.java:logGet(46)) - raft.server.retrycache.expirytime = 600000ms (custom)
2023-10-17 18:42:35,807 [038c9c7e-9eb5-457d-9050-7ea3cb2a2edd-groupManagement] INFO  server.RaftServerConfigKeys (ConfUtils.java:logGet(46)) - raft.server.rpc.slowness.timeout = 300s (custom)
2023-10-17 18:42:35,807 [a4cc5df1-5951-42e4-b27b-dd626196f558-groupManagement] INFO  server.RaftServerConfigKeys (ConfUtils.java:logGet(46)) - raft.server.retrycache.statistics.expirytime = 100μs (default)
2023-10-17 18:42:35,810 [a4cc5df1-5951-42e4-b27b-dd626196f558-groupManagement] INFO  server.RaftServerConfigKeys (ConfUtils.java:logGet(46)) - raft.server.read.option = DEFAULT (default)
2023-10-17 18:42:35,811 [a4cc5df1-5951-42e4-b27b-dd626196f558-groupManagement] INFO  server.RaftServerConfigKeys (ConfUtils.java:logGet(46)) - raft.server.rpc.request.timeout = 60s (custom)
2023-10-17 18:42:35,811 [a4cc5df1-5951-42e4-b27b-dd626196f558-groupManagement] INFO  server.RaftServerConfigKeys (ConfUtils.java:logGet(46)) - raft.server.log.appender.install.snapshot.enabled = false (custom)
2023-10-17 18:42:35,811 [a4cc5df1-5951-42e4-b27b-dd626196f558-groupManagement] INFO  server.RaftServerConfigKeys (ConfUtils.java:logGet(46)) - raft.server.threadpool.server.cached = true (default)
2023-10-17 18:42:35,811 [a4cc5df1-5951-42e4-b27b-dd626196f558-groupManagement] INFO  server.RaftServerConfigKeys (ConfUtils.java:logGet(46)) - raft.server.threadpool.server.size = 0 (default)
2023-10-17 18:42:35,811 [a4cc5df1-5951-42e4-b27b-dd626196f558-groupManagement] INFO  server.RaftServerConfigKeys (ConfUtils.java:logGet(46)) - raft.server.threadpool.client.cached = true (default)
2023-10-17 18:42:35,812 [a4cc5df1-5951-42e4-b27b-dd626196f558-groupManagement] INFO  server.RaftServerConfigKeys (ConfUtils.java:logGet(46)) - raft.server.threadpool.client.size = 0 (default)
2023-10-17 18:42:35,812 [a4cc5df1-5951-42e4-b27b-dd626196f558-groupManagement] INFO  storage.RaftStorageDirectory (RaftStorageDirectoryImpl.java:analyzeStorage(137)) - The storage directory /home/runner/work/ozone/ozone/hadoop-ozone/integration-test/target/test-dir/MiniOzoneClusterImpl-15da5f49-43ae-464d-a042-f1226d21d357/datanode-2/data/ratis/caabeb31-1e3b-46a2-b3cd-91a3b8bda8da does not exist. Creating ...
2023-10-17 18:42:35,810 [PipelineCommandHandlerThread-0] INFO  commandhandler.CreatePipelineCommandHandler (CreatePipelineCommandHandler.java:lambda$handle$2(124)) - Created Pipeline RATIS THREE PipelineID=805a4220-48d0-4c66-92fe-37e8a652d098.
2023-10-17 18:42:35,808 [038c9c7e-9eb5-457d-9050-7ea3cb2a2edd-groupManagement] INFO  server.RaftServerConfigKeys (ConfUtils.java:logGet(46)) - raft.server.leaderelection.leader.step-down.wait-time = 10s (default)
2023-10-17 18:42:35,812 [038c9c7e-9eb5-457d-9050-7ea3cb2a2edd-groupManagement] INFO  server.RaftServerConfigKeys (ConfUtils.java:logGet(46)) - raft.server.sleep.deviation.threshold = 300ms (default)
2023-10-17 18:42:35,812 [038c9c7e-9eb5-457d-9050-7ea3cb2a2edd-groupManagement] INFO  server.RaftServer$Division (ServerState.java:<init>(120)) - 038c9c7e-9eb5-457d-9050-7ea3cb2a2edd@group-2CD7EF1F474F: ConfigurationManager, init=-1: peers:[a4cc5df1-5951-42e4-b27b-dd626196f558|rpc:10.1.0.25:15032|admin:10.1.0.25:15031|client:10.1.0.25:15030|dataStream:10.1.0.25:15033|priority:0|startupRole:FOLLOWER, 038c9c7e-9eb5-457d-9050-7ea3cb2a2edd|rpc:10.1.0.25:15014|admin:10.1.0.25:15013|client:10.1.0.25:15012|dataStream:10.1.0.25:15015|priority:1|startupRole:FOLLOWER, 7a9e1f70-f6f2-401d-b0bf-19c30f8e2c75|rpc:10.1.0.25:15023|admin:10.1.0.25:15022|client:10.1.0.25:15021|dataStream:10.1.0.25:15024|priority:0|startupRole:FOLLOWER]|listeners:[], old=null, confs=<EMPTY_MAP>
2023-10-17 18:42:35,812 [038c9c7e-9eb5-457d-9050-7ea3cb2a2edd-groupManagement] INFO  server.RaftServerConfigKeys (ConfUtils.java:logGet(46)) - raft.server.storage.dir = [/home/runner/work/ozone/ozone/hadoop-ozone/integration-test/target/test-dir/MiniOzoneClusterImpl-15da5f49-43ae-464d-a042-f1226d21d357/datanode-0/data/ratis] (custom)
2023-10-17 18:42:35,813 [038c9c7e-9eb5-457d-9050-7ea3cb2a2edd-groupManagement] INFO  server.RaftServerConfigKeys (ConfUtils.java:logGet(46)) - raft.server.log.corruption.policy = EXCEPTION (default)
2023-10-17 18:42:35,813 [038c9c7e-9eb5-457d-9050-7ea3cb2a2edd-groupManagement] INFO  server.RaftServerConfigKeys (ConfUtils.java:logGet(46)) - raft.server.storage.free-space.min = 0MB (=0) (default)
2023-10-17 18:42:35,813 [038c9c7e-9eb5-457d-9050-7ea3cb2a2edd-groupManagement] INFO  server.RaftServerConfigKeys (ConfUtils.java:logGet(46)) - raft.server.notification.no-leader.timeout = 300s (custom)
2023-10-17 18:42:35,813 [a4cc5df1-5951-42e4-b27b-dd626196f558-groupManagement] INFO  storage.RaftStorageDirectory (RaftStorageDirectoryImpl.java:tryLock(231)) - Lock on /home/runner/work/ozone/ozone/hadoop-ozone/integration-test/target/test-dir/MiniOzoneClusterImpl-15da5f49-43ae-464d-a042-f1226d21d357/datanode-2/data/ratis/caabeb31-1e3b-46a2-b3cd-91a3b8bda8da/in_use.lock acquired by nodename 31914@fv-az189-115
2023-10-17 18:42:35,814 [038c9c7e-9eb5-457d-9050-7ea3cb2a2edd-groupManagement] INFO  server.RaftServerConfigKeys (ConfUtils.java:logGet(46)) - raft.server.read.timeout = 10s (default)
2023-10-17 18:42:35,814 [038c9c7e-9eb5-457d-9050-7ea3cb2a2edd-groupManagement] INFO  server.RaftServerConfigKeys (ConfUtils.java:logGet(46)) - raft.server.retrycache.expirytime = 600000ms (custom)
2023-10-17 18:42:35,814 [038c9c7e-9eb5-457d-9050-7ea3cb2a2edd-groupManagement] INFO  server.RaftServerConfigKeys (ConfUtils.java:logGet(46)) - raft.server.retrycache.statistics.expirytime = 100μs (default)
2023-10-17 18:42:35,814 [038c9c7e-9eb5-457d-9050-7ea3cb2a2edd-groupManagement] INFO  server.RaftServerConfigKeys (ConfUtils.java:logGet(46)) - raft.server.read.option = DEFAULT (default)
2023-10-17 18:42:35,816 [038c9c7e-9eb5-457d-9050-7ea3cb2a2edd-groupManagement] INFO  server.RaftServerConfigKeys (ConfUtils.java:logGet(46)) - raft.server.rpc.request.timeout = 60s (custom)
2023-10-17 18:42:35,816 [038c9c7e-9eb5-457d-9050-7ea3cb2a2edd-groupManagement] INFO  server.RaftServerConfigKeys (ConfUtils.java:logGet(46)) - raft.server.log.appender.install.snapshot.enabled = false (custom)
2023-10-17 18:42:35,816 [038c9c7e-9eb5-457d-9050-7ea3cb2a2edd-groupManagement] INFO  server.RaftServerConfigKeys (ConfUtils.java:logGet(46)) - raft.server.threadpool.server.cached = true (default)
2023-10-17 18:42:35,816 [038c9c7e-9eb5-457d-9050-7ea3cb2a2edd-groupManagement] INFO  server.RaftServerConfigKeys (ConfUtils.java:logGet(46)) - raft.server.threadpool.server.size = 0 (default)
2023-10-17 18:42:35,816 [038c9c7e-9eb5-457d-9050-7ea3cb2a2edd-groupManagement] INFO  server.RaftServerConfigKeys (ConfUtils.java:logGet(46)) - raft.server.threadpool.client.cached = true (default)
2023-10-17 18:42:35,816 [038c9c7e-9eb5-457d-9050-7ea3cb2a2edd-groupManagement] INFO  server.RaftServerConfigKeys (ConfUtils.java:logGet(46)) - raft.server.threadpool.client.size = 0 (default)
2023-10-17 18:42:35,816 [038c9c7e-9eb5-457d-9050-7ea3cb2a2edd-groupManagement] INFO  storage.RaftStorageDirectory (RaftStorageDirectoryImpl.java:analyzeStorage(137)) - The storage directory /home/runner/work/ozone/ozone/hadoop-ozone/integration-test/target/test-dir/MiniOzoneClusterImpl-15da5f49-43ae-464d-a042-f1226d21d357/datanode-0/data/ratis/699a70fa-b58a-4b76-9823-2cd7ef1f474f does not exist. Creating ...
2023-10-17 18:42:35,816 [a4cc5df1-5951-42e4-b27b-dd626196f558-groupManagement] INFO  storage.RaftStorage (RaftStorageImpl.java:format(96)) - Storage directory /home/runner/work/ozone/ozone/hadoop-ozone/integration-test/target/test-dir/MiniOzoneClusterImpl-15da5f49-43ae-464d-a042-f1226d21d357/datanode-2/data/ratis/caabeb31-1e3b-46a2-b3cd-91a3b8bda8da has been successfully formatted.
2023-10-17 18:42:35,817 [038c9c7e-9eb5-457d-9050-7ea3cb2a2edd-groupManagement] INFO  storage.RaftStorageDirectory (RaftStorageDirectoryImpl.java:tryLock(231)) - Lock on /home/runner/work/ozone/ozone/hadoop-ozone/integration-test/target/test-dir/MiniOzoneClusterImpl-15da5f49-43ae-464d-a042-f1226d21d357/datanode-0/data/ratis/699a70fa-b58a-4b76-9823-2cd7ef1f474f/in_use.lock acquired by nodename 31914@fv-az189-115
2023-10-17 18:42:35,819 [a4cc5df1-5951-42e4-b27b-dd626196f558-groupManagement] INFO  ratis.ContainerStateMachine (ContainerStateMachine.java:loadSnapshot(262)) - group-91A3B8BDA8DA: The snapshot info is null. Setting the last applied indexto:(t:0, i:~)
2023-10-17 18:42:35,819 [a4cc5df1-5951-42e4-b27b-dd626196f558-groupManagement] INFO  server.RaftServerConfigKeys (ConfUtils.java:logGet(46)) - raft.server.log.use.memory = false (default)
2023-10-17 18:42:35,819 [a4cc5df1-5951-42e4-b27b-dd626196f558-groupManagement] INFO  server.RaftServerConfigKeys (ConfUtils.java:logGet(46)) - raft.server.log.purge.gap = 1000000 (custom)
2023-10-17 18:42:35,820 [a4cc5df1-5951-42e4-b27b-dd626196f558-groupManagement] INFO  server.RaftServerConfigKeys (ConfUtils.java:logGet(46)) - raft.server.log.appender.buffer.byte-limit = 33554432 (custom)
2023-10-17 18:42:35,820 [a4cc5df1-5951-42e4-b27b-dd626196f558-groupManagement] INFO  server.RaftServerConfigKeys (ConfUtils.java:logGet(46)) - raft.server.log.statemachine.data.read.timeout = 1000ms (default)
2023-10-17 18:42:35,820 [a4cc5df1-5951-42e4-b27b-dd626196f558-groupManagement] INFO  server.RaftServerConfigKeys (ConfUtils.java:logGet(46)) - raft.server.log.purge.preservation.log.num = 0 (default)
2023-10-17 18:42:35,820 [a4cc5df1-5951-42e4-b27b-dd626196f558-groupManagement] INFO  server.RaftServerConfigKeys (ConfUtils.java:logGet(46)) - raft.server.log.segment.size.max = 1048576 (custom)
2023-10-17 18:42:35,820 [a4cc5df1-5951-42e4-b27b-dd626196f558-groupManagement] INFO  server.RaftServerConfigKeys (ConfUtils.java:logGet(46)) - raft.server.log.segment.cache.num.max = 2 (custom)
2023-10-17 18:42:35,820 [a4cc5df1-5951-42e4-b27b-dd626196f558-groupManagement] INFO  server.RaftServerConfigKeys (ConfUtils.java:logGet(46)) - raft.server.log.segment.cache.size.max = 200MB (=209715200) (default)
2023-10-17 18:42:35,820 [EventQueue-PipelineReportForPipelineReportHandler] INFO  pipeline.PipelineReportHandler (PipelineReportHandler.java:processPipelineReport(136)) - Opened pipeline PipelineID=caabeb31-1e3b-46a2-b3cd-91a3b8bda8da
2023-10-17 18:42:35,819 [038c9c7e-9eb5-457d-9050-7ea3cb2a2edd-groupManagement] INFO  storage.RaftStorage (RaftStorageImpl.java:format(96)) - Storage directory /home/runner/work/ozone/ozone/hadoop-ozone/integration-test/target/test-dir/MiniOzoneClusterImpl-15da5f49-43ae-464d-a042-f1226d21d357/datanode-0/data/ratis/699a70fa-b58a-4b76-9823-2cd7ef1f474f has been successfully formatted.
2023-10-17 18:42:35,821 [EventQueue-OpenPipelineForHealthyPipelineSafeModeRule] INFO  safemode.SCMSafeModeManager (HealthyPipelineSafeModeRule.java:process(137)) - SCM in safe mode. Healthy pipelines reported count is 0, required healthy pipeline reported count is 1
2023-10-17 18:42:35,822 [EventQueue-OpenPipelineForHealthyPipelineSafeModeRule] INFO  safemode.SCMSafeModeManager (HealthyPipelineSafeModeRule.java:process(137)) - SCM in safe mode. Healthy pipelines reported count is 0, required healthy pipeline reported count is 1
2023-10-17 18:42:35,822 [038c9c7e-9eb5-457d-9050-7ea3cb2a2edd-groupManagement] INFO  ratis.ContainerStateMachine (ContainerStateMachine.java:loadSnapshot(262)) - group-2CD7EF1F474F: The snapshot info is null. Setting the last applied indexto:(t:0, i:~)
2023-10-17 18:42:35,822 [038c9c7e-9eb5-457d-9050-7ea3cb2a2edd-groupManagement] INFO  server.RaftServerConfigKeys (ConfUtils.java:logGet(46)) - raft.server.log.use.memory = false (default)
2023-10-17 18:42:35,822 [038c9c7e-9eb5-457d-9050-7ea3cb2a2edd-groupManagement] INFO  server.RaftServerConfigKeys (ConfUtils.java:logGet(46)) - raft.server.log.purge.gap = 1000000 (custom)
2023-10-17 18:42:35,823 [038c9c7e-9eb5-457d-9050-7ea3cb2a2edd-groupManagement] INFO  server.RaftServerConfigKeys (ConfUtils.java:logGet(46)) - raft.server.log.appender.buffer.byte-limit = 33554432 (custom)
2023-10-17 18:42:35,823 [038c9c7e-9eb5-457d-9050-7ea3cb2a2edd-groupManagement] INFO  server.RaftServerConfigKeys (ConfUtils.java:logGet(46)) - raft.server.log.statemachine.data.read.timeout = 1000ms (default)
2023-10-17 18:42:35,828 [038c9c7e-9eb5-457d-9050-7ea3cb2a2edd-groupManagement] INFO  server.RaftServerConfigKeys (ConfUtils.java:logGet(46)) - raft.server.log.purge.preservation.log.num = 0 (default)
2023-10-17 18:42:35,828 [038c9c7e-9eb5-457d-9050-7ea3cb2a2edd-groupManagement] INFO  server.RaftServerConfigKeys (ConfUtils.java:logGet(46)) - raft.server.log.segment.size.max = 1048576 (custom)
2023-10-17 18:42:35,829 [038c9c7e-9eb5-457d-9050-7ea3cb2a2edd-groupManagement] INFO  server.RaftServerConfigKeys (ConfUtils.java:logGet(46)) - raft.server.log.segment.cache.num.max = 2 (custom)
2023-10-17 18:42:35,829 [038c9c7e-9eb5-457d-9050-7ea3cb2a2edd-groupManagement] INFO  server.RaftServerConfigKeys (ConfUtils.java:logGet(46)) - raft.server.log.segment.cache.size.max = 200MB (=209715200) (default)
2023-10-17 18:42:35,829 [038c9c7e-9eb5-457d-9050-7ea3cb2a2edd-groupManagement] INFO  server.RaftServerConfigKeys (ConfUtils.java:logGet(46)) - raft.server.log.appender.buffer.byte-limit = 33554432 (custom)
2023-10-17 18:42:35,829 [038c9c7e-9eb5-457d-9050-7ea3cb2a2edd-groupManagement] INFO  segmented.SegmentedRaftLogWorker (SegmentedRaftLogWorker.java:<init>(188)) - new 038c9c7e-9eb5-457d-9050-7ea3cb2a2edd@group-2CD7EF1F474F-SegmentedRaftLogWorker for RaftStorageImpl:Storage Directory /home/runner/work/ozone/ozone/hadoop-ozone/integration-test/target/test-dir/MiniOzoneClusterImpl-15da5f49-43ae-464d-a042-f1226d21d357/datanode-0/data/ratis/699a70fa-b58a-4b76-9823-2cd7ef1f474f
2023-10-17 18:42:35,829 [038c9c7e-9eb5-457d-9050-7ea3cb2a2edd-groupManagement] INFO  server.RaftServerConfigKeys (ConfUtils.java:logGet(46)) - raft.server.log.queue.byte-limit = 4294967296 (custom)
2023-10-17 18:42:35,829 [038c9c7e-9eb5-457d-9050-7ea3cb2a2edd-groupManagement] INFO  server.RaftServerConfigKeys (ConfUtils.java:logGet(46)) - raft.server.log.queue.element-limit = 1024 (custom)
2023-10-17 18:42:35,830 [038c9c7e-9eb5-457d-9050-7ea3cb2a2edd-groupManagement] INFO  server.RaftServerConfigKeys (ConfUtils.java:logGet(46)) - raft.server.log.segment.size.max = 1048576 (custom)
2023-10-17 18:42:35,830 [038c9c7e-9eb5-457d-9050-7ea3cb2a2edd-groupManagement] INFO  server.RaftServerConfigKeys (ConfUtils.java:logGet(46)) - raft.server.log.preallocated.size = 16384 (custom)
2023-10-17 18:42:35,831 [038c9c7e-9eb5-457d-9050-7ea3cb2a2edd-groupManagement] INFO  server.RaftServerConfigKeys (ConfUtils.java:logGet(46)) - raft.server.log.force.sync.num = 128 (default)
2023-10-17 18:42:35,831 [038c9c7e-9eb5-457d-9050-7ea3cb2a2edd-groupManagement] INFO  server.RaftServerConfigKeys (ConfUtils.java:logGet(46)) - raft.server.log.statemachine.data.sync = true (default)
2023-10-17 18:42:35,831 [038c9c7e-9eb5-457d-9050-7ea3cb2a2edd-groupManagement] INFO  server.RaftServerConfigKeys (ConfUtils.java:logGet(46)) - raft.server.log.statemachine.data.sync.timeout = 10s (default)
2023-10-17 18:42:35,831 [038c9c7e-9eb5-457d-9050-7ea3cb2a2edd-groupManagement] INFO  server.RaftServerConfigKeys (ConfUtils.java:logGet(46)) - raft.server.log.statemachine.data.sync.timeout.retry = -1 (default)
2023-10-17 18:42:35,831 [038c9c7e-9eb5-457d-9050-7ea3cb2a2edd-groupManagement] INFO  server.RaftServerConfigKeys (ConfUtils.java:logGet(46)) - raft.server.log.write.buffer.size = 1048576 (custom)
2023-10-17 18:42:35,833 [038c9c7e-9eb5-457d-9050-7ea3cb2a2edd-groupManagement] INFO  server.RaftServerConfigKeys (ConfUtils.java:logGet(46)) - raft.server.log.appender.buffer.byte-limit = 33554432 (custom)
2023-10-17 18:42:35,820 [a4cc5df1-5951-42e4-b27b-dd626196f558-groupManagement] INFO  server.RaftServerConfigKeys (ConfUtils.java:logGet(46)) - raft.server.log.appender.buffer.byte-limit = 33554432 (custom)
2023-10-17 18:42:35,834 [a4cc5df1-5951-42e4-b27b-dd626196f558-groupManagement] INFO  segmented.SegmentedRaftLogWorker (SegmentedRaftLogWorker.java:<init>(188)) - new a4cc5df1-5951-42e4-b27b-dd626196f558@group-91A3B8BDA8DA-SegmentedRaftLogWorker for RaftStorageImpl:Storage Directory /home/runner/work/ozone/ozone/hadoop-ozone/integration-test/target/test-dir/MiniOzoneClusterImpl-15da5f49-43ae-464d-a042-f1226d21d357/datanode-2/data/ratis/caabeb31-1e3b-46a2-b3cd-91a3b8bda8da
2023-10-17 18:42:35,834 [a4cc5df1-5951-42e4-b27b-dd626196f558-groupManagement] INFO  server.RaftServerConfigKeys (ConfUtils.java:logGet(46)) - raft.server.log.queue.byte-limit = 4294967296 (custom)
2023-10-17 18:42:35,834 [a4cc5df1-5951-42e4-b27b-dd626196f558-groupManagement] INFO  server.RaftServerConfigKeys (ConfUtils.java:logGet(46)) - raft.server.log.queue.element-limit = 1024 (custom)
2023-10-17 18:42:35,834 [a4cc5df1-5951-42e4-b27b-dd626196f558-groupManagement] INFO  server.RaftServerConfigKeys (ConfUtils.java:logGet(46)) - raft.server.log.segment.size.max = 1048576 (custom)
2023-10-17 18:42:35,834 [a4cc5df1-5951-42e4-b27b-dd626196f558-groupManagement] INFO  server.RaftServerConfigKeys (ConfUtils.java:logGet(46)) - raft.server.log.preallocated.size = 16384 (custom)
2023-10-17 18:42:35,834 [a4cc5df1-5951-42e4-b27b-dd626196f558-groupManagement] INFO  server.RaftServerConfigKeys (ConfUtils.java:logGet(46)) - raft.server.log.force.sync.num = 128 (default)
2023-10-17 18:42:35,834 [a4cc5df1-5951-42e4-b27b-dd626196f558-groupManagement] INFO  server.RaftServerConfigKeys (ConfUtils.java:logGet(46)) - raft.server.log.statemachine.data.sync = true (default)
2023-10-17 18:42:35,834 [a4cc5df1-5951-42e4-b27b-dd626196f558-groupManagement] INFO  server.RaftServerConfigKeys (ConfUtils.java:logGet(46)) - raft.server.log.statemachine.data.sync.timeout = 10s (default)
2023-10-17 18:42:35,834 [a4cc5df1-5951-42e4-b27b-dd626196f558-groupManagement] INFO  server.RaftServerConfigKeys (ConfUtils.java:logGet(46)) - raft.server.log.statemachine.data.sync.timeout.retry = -1 (default)
2023-10-17 18:42:35,835 [a4cc5df1-5951-42e4-b27b-dd626196f558-groupManagement] INFO  server.RaftServerConfigKeys (ConfUtils.java:logGet(46)) - raft.server.log.write.buffer.size = 1048576 (custom)
2023-10-17 18:42:35,835 [a4cc5df1-5951-42e4-b27b-dd626196f558-groupManagement] INFO  server.RaftServerConfigKeys (ConfUtils.java:logGet(46)) - raft.server.log.appender.buffer.byte-limit = 33554432 (custom)
2023-10-17 18:42:35,844 [038c9c7e-9eb5-457d-9050-7ea3cb2a2edd-groupManagement] INFO  server.RaftServerConfigKeys (ConfUtils.java:logGet(46)) - raft.server.log.unsafe-flush.enabled = false (default)
2023-10-17 18:42:35,844 [038c9c7e-9eb5-457d-9050-7ea3cb2a2edd-groupManagement] INFO  server.RaftServerConfigKeys (ConfUtils.java:logGet(46)) - raft.server.log.async-flush.enabled = false (default)
2023-10-17 18:42:35,844 [038c9c7e-9eb5-457d-9050-7ea3cb2a2edd-groupManagement] INFO  server.RaftServerConfigKeys (ConfUtils.java:logGet(46)) - raft.server.log.statemachine.data.caching.enabled = true (custom)
2023-10-17 18:42:35,845 [a4cc5df1-5951-42e4-b27b-dd626196f558-groupManagement] INFO  server.RaftServerConfigKeys (ConfUtils.java:logGet(46)) - raft.server.log.unsafe-flush.enabled = false (default)
2023-10-17 18:42:35,845 [a4cc5df1-5951-42e4-b27b-dd626196f558-groupManagement] INFO  server.RaftServerConfigKeys (ConfUtils.java:logGet(46)) - raft.server.log.async-flush.enabled = false (default)
2023-10-17 18:42:35,845 [a4cc5df1-5951-42e4-b27b-dd626196f558-groupManagement] INFO  server.RaftServerConfigKeys (ConfUtils.java:logGet(46)) - raft.server.log.statemachine.data.caching.enabled = true (custom)
2023-10-17 18:42:35,845 [038c9c7e-9eb5-457d-9050-7ea3cb2a2edd-groupManagement] INFO  segmented.SegmentedRaftLogWorker (SegmentedRaftLogWorker.java:lambda$new$0(135)) - 038c9c7e-9eb5-457d-9050-7ea3cb2a2edd@group-2CD7EF1F474F-SegmentedRaftLogWorker: flushIndex: setUnconditionally 0 -> -1
2023-10-17 18:42:35,845 [038c9c7e-9eb5-457d-9050-7ea3cb2a2edd-groupManagement] INFO  segmented.SegmentedRaftLogWorker (SegmentedRaftLogWorker.java:lambda$new$0(135)) - 038c9c7e-9eb5-457d-9050-7ea3cb2a2edd@group-2CD7EF1F474F-SegmentedRaftLogWorker: safeCacheEvictIndex: setUnconditionally 0 -> -1
2023-10-17 18:42:35,846 [a4cc5df1-5951-42e4-b27b-dd626196f558-groupManagement] INFO  segmented.SegmentedRaftLogWorker (SegmentedRaftLogWorker.java:lambda$new$0(135)) - a4cc5df1-5951-42e4-b27b-dd626196f558@group-91A3B8BDA8DA-SegmentedRaftLogWorker: flushIndex: setUnconditionally 0 -> -1
2023-10-17 18:42:35,846 [a4cc5df1-5951-42e4-b27b-dd626196f558-groupManagement] INFO  segmented.SegmentedRaftLogWorker (SegmentedRaftLogWorker.java:lambda$new$0(135)) - a4cc5df1-5951-42e4-b27b-dd626196f558@group-91A3B8BDA8DA-SegmentedRaftLogWorker: safeCacheEvictIndex: setUnconditionally 0 -> -1
2023-10-17 18:42:35,846 [038c9c7e-9eb5-457d-9050-7ea3cb2a2edd-groupManagement] INFO  server.RaftServer$Division (RaftServerImpl.java:start(342)) - 038c9c7e-9eb5-457d-9050-7ea3cb2a2edd@group-2CD7EF1F474F: start as a follower, conf=-1: peers:[a4cc5df1-5951-42e4-b27b-dd626196f558|rpc:10.1.0.25:15032|admin:10.1.0.25:15031|client:10.1.0.25:15030|dataStream:10.1.0.25:15033|priority:0|startupRole:FOLLOWER, 038c9c7e-9eb5-457d-9050-7ea3cb2a2edd|rpc:10.1.0.25:15014|admin:10.1.0.25:15013|client:10.1.0.25:15012|dataStream:10.1.0.25:15015|priority:1|startupRole:FOLLOWER, 7a9e1f70-f6f2-401d-b0bf-19c30f8e2c75|rpc:10.1.0.25:15023|admin:10.1.0.25:15022|client:10.1.0.25:15021|dataStream:10.1.0.25:15024|priority:0|startupRole:FOLLOWER]|listeners:[], old=null
2023-10-17 18:42:35,846 [038c9c7e-9eb5-457d-9050-7ea3cb2a2edd-groupManagement] INFO  server.RaftServer$Division (RaftServerImpl.java:setRole(329)) - 038c9c7e-9eb5-457d-9050-7ea3cb2a2edd@group-2CD7EF1F474F: changes role from      null to FOLLOWER at term 0 for startAsFollower
2023-10-17 18:42:35,846 [038c9c7e-9eb5-457d-9050-7ea3cb2a2edd-groupManagement] INFO  impl.RoleInfo (RoleInfo.java:updateAndGet(139)) - 038c9c7e-9eb5-457d-9050-7ea3cb2a2edd: start 038c9c7e-9eb5-457d-9050-7ea3cb2a2edd@group-2CD7EF1F474F-FollowerState
2023-10-17 18:42:35,846 [038c9c7e-9eb5-457d-9050-7ea3cb2a2edd-groupManagement] INFO  util.JmxRegister (JmxRegister.java:tryRegister(44)) - Successfully registered JMX Bean with object name Ratis:service=RaftServer,group=group-2CD7EF1F474F,id=038c9c7e-9eb5-457d-9050-7ea3cb2a2edd
2023-10-17 18:42:35,846 [038c9c7e-9eb5-457d-9050-7ea3cb2a2edd-groupManagement] INFO  server.RaftServerConfigKeys (ConfUtils.java:logGet(46)) - raft.server.snapshot.auto.trigger.enabled = true (custom)
2023-10-17 18:42:35,846 [038c9c7e-9eb5-457d-9050-7ea3cb2a2edd-groupManagement] INFO  server.RaftServerConfigKeys (ConfUtils.java:logGet(46)) - raft.server.snapshot.auto.trigger.threshold = 10000 (custom)
2023-10-17 18:42:35,847 [038c9c7e-9eb5-457d-9050-7ea3cb2a2edd-groupManagement] INFO  server.RaftServerConfigKeys (ConfUtils.java:logGet(46)) - raft.server.snapshot.retention.file.num = 5 (custom)
2023-10-17 18:42:35,847 [038c9c7e-9eb5-457d-9050-7ea3cb2a2edd-groupManagement] INFO  server.RaftServerConfigKeys (ConfUtils.java:logGet(46)) - raft.server.log.purge.upto.snapshot.index = false (default)
2023-10-17 18:42:35,847 [038c9c7e-9eb5-457d-9050-7ea3cb2a2edd@group-2CD7EF1F474F-FollowerState] INFO  server.RaftServerConfigKeys (ConfUtils.java:logFallback(53)) - raft.server.rpc.first-election.timeout.min = 5s (fallback to raft.server.rpc.timeout.min)
2023-10-17 18:42:35,851 [038c9c7e-9eb5-457d-9050-7ea3cb2a2edd@group-2CD7EF1F474F-FollowerState] INFO  server.RaftServerConfigKeys (ConfUtils.java:logFallback(53)) - raft.server.rpc.first-election.timeout.max = 5200ms (fallback to raft.server.rpc.timeout.max)
2023-10-17 18:42:35,852 [a4cc5df1-5951-42e4-b27b-dd626196f558-groupManagement] INFO  server.RaftServer$Division (RaftServerImpl.java:start(342)) - a4cc5df1-5951-42e4-b27b-dd626196f558@group-91A3B8BDA8DA: start as a follower, conf=-1: peers:[a4cc5df1-5951-42e4-b27b-dd626196f558|rpc:10.1.0.25:15032|admin:10.1.0.25:15031|client:10.1.0.25:15030|dataStream:10.1.0.25:15033|priority:1|startupRole:FOLLOWER]|listeners:[], old=null
2023-10-17 18:42:35,852 [a4cc5df1-5951-42e4-b27b-dd626196f558-groupManagement] INFO  server.RaftServer$Division (RaftServerImpl.java:setRole(329)) - a4cc5df1-5951-42e4-b27b-dd626196f558@group-91A3B8BDA8DA: changes role from      null to FOLLOWER at term 0 for startAsFollower
2023-10-17 18:42:35,852 [a4cc5df1-5951-42e4-b27b-dd626196f558-groupManagement] INFO  impl.RoleInfo (RoleInfo.java:updateAndGet(139)) - a4cc5df1-5951-42e4-b27b-dd626196f558: start a4cc5df1-5951-42e4-b27b-dd626196f558@group-91A3B8BDA8DA-FollowerState
2023-10-17 18:42:35,852 [a4cc5df1-5951-42e4-b27b-dd626196f558-groupManagement] INFO  util.JmxRegister (JmxRegister.java:tryRegister(44)) - Successfully registered JMX Bean with object name Ratis:service=RaftServer,group=group-91A3B8BDA8DA,id=a4cc5df1-5951-42e4-b27b-dd626196f558
2023-10-17 18:42:35,852 [a4cc5df1-5951-42e4-b27b-dd626196f558-groupManagement] INFO  server.RaftServerConfigKeys (ConfUtils.java:logGet(46)) - raft.server.snapshot.auto.trigger.enabled = true (custom)
2023-10-17 18:42:35,853 [a4cc5df1-5951-42e4-b27b-dd626196f558-groupManagement] INFO  server.RaftServerConfigKeys (ConfUtils.java:logGet(46)) - raft.server.snapshot.auto.trigger.threshold = 10000 (custom)
2023-10-17 18:42:35,853 [a4cc5df1-5951-42e4-b27b-dd626196f558-groupManagement] INFO  server.RaftServerConfigKeys (ConfUtils.java:logGet(46)) - raft.server.snapshot.retention.file.num = 5 (custom)
2023-10-17 18:42:35,853 [a4cc5df1-5951-42e4-b27b-dd626196f558-groupManagement] INFO  server.RaftServerConfigKeys (ConfUtils.java:logGet(46)) - raft.server.log.purge.upto.snapshot.index = false (default)
2023-10-17 18:42:35,853 [a4cc5df1-5951-42e4-b27b-dd626196f558@group-91A3B8BDA8DA-FollowerState] INFO  server.RaftServerConfigKeys (ConfUtils.java:logFallback(53)) - raft.server.rpc.first-election.timeout.min = 5s (fallback to raft.server.rpc.timeout.min)
2023-10-17 18:42:35,853 [a4cc5df1-5951-42e4-b27b-dd626196f558@group-91A3B8BDA8DA-FollowerState] INFO  server.RaftServerConfigKeys (ConfUtils.java:logFallback(53)) - raft.server.rpc.first-election.timeout.max = 5200ms (fallback to raft.server.rpc.timeout.max)
2023-10-17 18:42:35,853 [PipelineCommandHandlerThread-0] INFO  ratis.XceiverServerRatis (XceiverServerRatis.java:addGroup(804)) - Created group PipelineID=caabeb31-1e3b-46a2-b3cd-91a3b8bda8da
2023-10-17 18:42:35,854 [PipelineCommandHandlerThread-0] INFO  commandhandler.CreatePipelineCommandHandler (CreatePipelineCommandHandler.java:lambda$handle$2(124)) - Created Pipeline RATIS ONE PipelineID=caabeb31-1e3b-46a2-b3cd-91a3b8bda8da.
2023-10-17 18:42:35,854 [PipelineCommandHandlerThread-0] INFO  server.RaftServer (RaftServerProxy.java:addNew(98)) - a4cc5df1-5951-42e4-b27b-dd626196f558: addNew group-2CD7EF1F474F:[a4cc5df1-5951-42e4-b27b-dd626196f558|rpc:10.1.0.25:15032|admin:10.1.0.25:15031|client:10.1.0.25:15030|dataStream:10.1.0.25:15033|priority:0|startupRole:FOLLOWER, 038c9c7e-9eb5-457d-9050-7ea3cb2a2edd|rpc:10.1.0.25:15014|admin:10.1.0.25:15013|client:10.1.0.25:15012|dataStream:10.1.0.25:15015|priority:1|startupRole:FOLLOWER, 7a9e1f70-f6f2-401d-b0bf-19c30f8e2c75|rpc:10.1.0.25:15023|admin:10.1.0.25:15022|client:10.1.0.25:15021|dataStream:10.1.0.25:15024|priority:0|startupRole:FOLLOWER] returns group-2CD7EF1F474F:java.util.concurrent.CompletableFuture@2d8b613b[Not completed]
2023-10-17 18:42:35,856 [a4cc5df1-5951-42e4-b27b-dd626196f558-groupManagement] INFO  server.RaftServer$Division (RaftServerImpl.java:<init>(198)) - a4cc5df1-5951-42e4-b27b-dd626196f558: new RaftServerImpl for group-2CD7EF1F474F:[a4cc5df1-5951-42e4-b27b-dd626196f558|rpc:10.1.0.25:15032|admin:10.1.0.25:15031|client:10.1.0.25:15030|dataStream:10.1.0.25:15033|priority:0|startupRole:FOLLOWER, 038c9c7e-9eb5-457d-9050-7ea3cb2a2edd|rpc:10.1.0.25:15014|admin:10.1.0.25:15013|client:10.1.0.25:15012|dataStream:10.1.0.25:15015|priority:1|startupRole:FOLLOWER, 7a9e1f70-f6f2-401d-b0bf-19c30f8e2c75|rpc:10.1.0.25:15023|admin:10.1.0.25:15022|client:10.1.0.25:15021|dataStream:10.1.0.25:15024|priority:0|startupRole:FOLLOWER] with ContainerStateMachine:uninitialized
2023-10-17 18:42:35,856 [a4cc5df1-5951-42e4-b27b-dd626196f558-groupManagement] INFO  server.RaftServerConfigKeys (ConfUtils.java:logGet(46)) - raft.server.rpc.timeout.min = 5s (custom)
2023-10-17 18:42:35,856 [a4cc5df1-5951-42e4-b27b-dd626196f558-groupManagement] INFO  server.RaftServerConfigKeys (ConfUtils.java:logGet(46)) - raft.server.rpc.timeout.max = 5200ms (custom)
2023-10-17 18:42:35,856 [a4cc5df1-5951-42e4-b27b-dd626196f558-groupManagement] INFO  server.RaftServerConfigKeys (ConfUtils.java:logGet(46)) - raft.server.rpc.sleep.time = 25ms (default)
2023-10-17 18:42:35,856 [a4cc5df1-5951-42e4-b27b-dd626196f558-groupManagement] INFO  server.RaftServerConfigKeys (ConfUtils.java:logGet(46)) - raft.server.rpc.slowness.timeout = 300s (custom)
2023-10-17 18:42:35,856 [a4cc5df1-5951-42e4-b27b-dd626196f558-groupManagement] INFO  server.RaftServerConfigKeys (ConfUtils.java:logGet(46)) - raft.server.leaderelection.leader.step-down.wait-time = 10s (default)
2023-10-17 18:42:35,856 [a4cc5df1-5951-42e4-b27b-dd626196f558-groupManagement] INFO  server.RaftServerConfigKeys (ConfUtils.java:logGet(46)) - raft.server.sleep.deviation.threshold = 300ms (default)
2023-10-17 18:42:35,856 [a4cc5df1-5951-42e4-b27b-dd626196f558-groupManagement] INFO  server.RaftServer$Division (ServerState.java:<init>(120)) - a4cc5df1-5951-42e4-b27b-dd626196f558@group-2CD7EF1F474F: ConfigurationManager, init=-1: peers:[a4cc5df1-5951-42e4-b27b-dd626196f558|rpc:10.1.0.25:15032|admin:10.1.0.25:15031|client:10.1.0.25:15030|dataStream:10.1.0.25:15033|priority:0|startupRole:FOLLOWER, 038c9c7e-9eb5-457d-9050-7ea3cb2a2edd|rpc:10.1.0.25:15014|admin:10.1.0.25:15013|client:10.1.0.25:15012|dataStream:10.1.0.25:15015|priority:1|startupRole:FOLLOWER, 7a9e1f70-f6f2-401d-b0bf-19c30f8e2c75|rpc:10.1.0.25:15023|admin:10.1.0.25:15022|client:10.1.0.25:15021|dataStream:10.1.0.25:15024|priority:0|startupRole:FOLLOWER]|listeners:[], old=null, confs=<EMPTY_MAP>
2023-10-17 18:42:35,856 [a4cc5df1-5951-42e4-b27b-dd626196f558-groupManagement] INFO  server.RaftServerConfigKeys (ConfUtils.java:logGet(46)) - raft.server.storage.dir = [/home/runner/work/ozone/ozone/hadoop-ozone/integration-test/target/test-dir/MiniOzoneClusterImpl-15da5f49-43ae-464d-a042-f1226d21d357/datanode-2/data/ratis] (custom)
2023-10-17 18:42:35,856 [a4cc5df1-5951-42e4-b27b-dd626196f558-groupManagement] INFO  server.RaftServerConfigKeys (ConfUtils.java:logGet(46)) - raft.server.log.corruption.policy = EXCEPTION (default)
2023-10-17 18:42:35,856 [a4cc5df1-5951-42e4-b27b-dd626196f558-groupManagement] INFO  server.RaftServerConfigKeys (ConfUtils.java:logGet(46)) - raft.server.storage.free-space.min = 0MB (=0) (default)
2023-10-17 18:42:35,857 [a4cc5df1-5951-42e4-b27b-dd626196f558-groupManagement] INFO  server.RaftServerConfigKeys (ConfUtils.java:logGet(46)) - raft.server.notification.no-leader.timeout = 300s (custom)
2023-10-17 18:42:35,857 [a4cc5df1-5951-42e4-b27b-dd626196f558-groupManagement] INFO  server.RaftServerConfigKeys (ConfUtils.java:logGet(46)) - raft.server.read.timeout = 10s (default)
2023-10-17 18:42:35,857 [a4cc5df1-5951-42e4-b27b-dd626196f558-groupManagement] INFO  server.RaftServerConfigKeys (ConfUtils.java:logGet(46)) - raft.server.retrycache.expirytime = 600000ms (custom)
2023-10-17 18:42:35,857 [a4cc5df1-5951-42e4-b27b-dd626196f558-groupManagement] INFO  server.RaftServerConfigKeys (ConfUtils.java:logGet(46)) - raft.server.retrycache.statistics.expirytime = 100μs (default)
2023-10-17 18:42:35,857 [a4cc5df1-5951-42e4-b27b-dd626196f558-groupManagement] INFO  server.RaftServerConfigKeys (ConfUtils.java:logGet(46)) - raft.server.read.option = DEFAULT (default)
2023-10-17 18:42:35,858 [a4cc5df1-5951-42e4-b27b-dd626196f558-groupManagement] INFO  server.RaftServerConfigKeys (ConfUtils.java:logGet(46)) - raft.server.rpc.request.timeout = 60s (custom)
2023-10-17 18:42:35,858 [a4cc5df1-5951-42e4-b27b-dd626196f558-groupManagement] INFO  server.RaftServerConfigKeys (ConfUtils.java:logGet(46)) - raft.server.log.appender.install.snapshot.enabled = false (custom)
2023-10-17 18:42:35,858 [a4cc5df1-5951-42e4-b27b-dd626196f558-groupManagement] INFO  server.RaftServerConfigKeys (ConfUtils.java:logGet(46)) - raft.server.threadpool.server.cached = true (default)
2023-10-17 18:42:35,858 [a4cc5df1-5951-42e4-b27b-dd626196f558-groupManagement] INFO  server.RaftServerConfigKeys (ConfUtils.java:logGet(46)) - raft.server.threadpool.server.size = 0 (default)
2023-10-17 18:42:35,858 [a4cc5df1-5951-42e4-b27b-dd626196f558-groupManagement] INFO  server.RaftServerConfigKeys (ConfUtils.java:logGet(46)) - raft.server.threadpool.client.cached = true (default)
2023-10-17 18:42:35,858 [a4cc5df1-5951-42e4-b27b-dd626196f558-groupManagement] INFO  server.RaftServerConfigKeys (ConfUtils.java:logGet(46)) - raft.server.threadpool.client.size = 0 (default)
2023-10-17 18:42:35,858 [a4cc5df1-5951-42e4-b27b-dd626196f558-groupManagement] INFO  storage.RaftStorageDirectory (RaftStorageDirectoryImpl.java:analyzeStorage(137)) - The storage directory /home/runner/work/ozone/ozone/hadoop-ozone/integration-test/target/test-dir/MiniOzoneClusterImpl-15da5f49-43ae-464d-a042-f1226d21d357/datanode-2/data/ratis/699a70fa-b58a-4b76-9823-2cd7ef1f474f does not exist. Creating ...
2023-10-17 18:42:35,859 [a4cc5df1-5951-42e4-b27b-dd626196f558-groupManagement] INFO  storage.RaftStorageDirectory (RaftStorageDirectoryImpl.java:tryLock(231)) - Lock on /home/runner/work/ozone/ozone/hadoop-ozone/integration-test/target/test-dir/MiniOzoneClusterImpl-15da5f49-43ae-464d-a042-f1226d21d357/datanode-2/data/ratis/699a70fa-b58a-4b76-9823-2cd7ef1f474f/in_use.lock acquired by nodename 31914@fv-az189-115
2023-10-17 18:42:35,861 [a4cc5df1-5951-42e4-b27b-dd626196f558-groupManagement] INFO  storage.RaftStorage (RaftStorageImpl.java:format(96)) - Storage directory /home/runner/work/ozone/ozone/hadoop-ozone/integration-test/target/test-dir/MiniOzoneClusterImpl-15da5f49-43ae-464d-a042-f1226d21d357/datanode-2/data/ratis/699a70fa-b58a-4b76-9823-2cd7ef1f474f has been successfully formatted.
2023-10-17 18:42:35,862 [a4cc5df1-5951-42e4-b27b-dd626196f558-groupManagement] INFO  ratis.ContainerStateMachine (ContainerStateMachine.java:loadSnapshot(262)) - group-2CD7EF1F474F: The snapshot info is null. Setting the last applied indexto:(t:0, i:~)
2023-10-17 18:42:35,862 [a4cc5df1-5951-42e4-b27b-dd626196f558-groupManagement] INFO  server.RaftServerConfigKeys (ConfUtils.java:logGet(46)) - raft.server.log.use.memory = false (default)
2023-10-17 18:42:35,863 [a4cc5df1-5951-42e4-b27b-dd626196f558-groupManagement] INFO  server.RaftServerConfigKeys (ConfUtils.java:logGet(46)) - raft.server.log.purge.gap = 1000000 (custom)
2023-10-17 18:42:35,863 [a4cc5df1-5951-42e4-b27b-dd626196f558-groupManagement] INFO  server.RaftServerConfigKeys (ConfUtils.java:logGet(46)) - raft.server.log.appender.buffer.byte-limit = 33554432 (custom)
2023-10-17 18:42:35,863 [a4cc5df1-5951-42e4-b27b-dd626196f558-groupManagement] INFO  server.RaftServerConfigKeys (ConfUtils.java:logGet(46)) - raft.server.log.statemachine.data.read.timeout = 1000ms (default)
2023-10-17 18:42:35,863 [a4cc5df1-5951-42e4-b27b-dd626196f558-groupManagement] INFO  server.RaftServerConfigKeys (ConfUtils.java:logGet(46)) - raft.server.log.purge.preservation.log.num = 0 (default)
2023-10-17 18:42:35,864 [EventQueue-OpenPipelineForHealthyPipelineSafeModeRule] INFO  safemode.SCMSafeModeManager (HealthyPipelineSafeModeRule.java:process(137)) - SCM in safe mode. Healthy pipelines reported count is 0, required healthy pipeline reported count is 1
2023-10-17 18:42:35,864 [a4cc5df1-5951-42e4-b27b-dd626196f558-groupManagement] INFO  server.RaftServerConfigKeys (ConfUtils.java:logGet(46)) - raft.server.log.segment.size.max = 1048576 (custom)
2023-10-17 18:42:35,875 [a4cc5df1-5951-42e4-b27b-dd626196f558-groupManagement] INFO  server.RaftServerConfigKeys (ConfUtils.java:logGet(46)) - raft.server.log.segment.cache.num.max = 2 (custom)
2023-10-17 18:42:35,875 [a4cc5df1-5951-42e4-b27b-dd626196f558-groupManagement] INFO  server.RaftServerConfigKeys (ConfUtils.java:logGet(46)) - raft.server.log.segment.cache.size.max = 200MB (=209715200) (default)
2023-10-17 18:42:35,875 [a4cc5df1-5951-42e4-b27b-dd626196f558-groupManagement] INFO  server.RaftServerConfigKeys (ConfUtils.java:logGet(46)) - raft.server.log.appender.buffer.byte-limit = 33554432 (custom)
2023-10-17 18:42:35,876 [a4cc5df1-5951-42e4-b27b-dd626196f558-groupManagement] INFO  segmented.SegmentedRaftLogWorker (SegmentedRaftLogWorker.java:<init>(188)) - new a4cc5df1-5951-42e4-b27b-dd626196f558@group-2CD7EF1F474F-SegmentedRaftLogWorker for RaftStorageImpl:Storage Directory /home/runner/work/ozone/ozone/hadoop-ozone/integration-test/target/test-dir/MiniOzoneClusterImpl-15da5f49-43ae-464d-a042-f1226d21d357/datanode-2/data/ratis/699a70fa-b58a-4b76-9823-2cd7ef1f474f
2023-10-17 18:42:35,876 [a4cc5df1-5951-42e4-b27b-dd626196f558-groupManagement] INFO  server.RaftServerConfigKeys (ConfUtils.java:logGet(46)) - raft.server.log.queue.byte-limit = 4294967296 (custom)
2023-10-17 18:42:35,876 [a4cc5df1-5951-42e4-b27b-dd626196f558-groupManagement] INFO  server.RaftServerConfigKeys (ConfUtils.java:logGet(46)) - raft.server.log.queue.element-limit = 1024 (custom)
2023-10-17 18:42:35,876 [a4cc5df1-5951-42e4-b27b-dd626196f558-groupManagement] INFO  server.RaftServerConfigKeys (ConfUtils.java:logGet(46)) - raft.server.log.segment.size.max = 1048576 (custom)
2023-10-17 18:42:35,876 [a4cc5df1-5951-42e4-b27b-dd626196f558-groupManagement] INFO  server.RaftServerConfigKeys (ConfUtils.java:logGet(46)) - raft.server.log.preallocated.size = 16384 (custom)
2023-10-17 18:42:35,876 [a4cc5df1-5951-42e4-b27b-dd626196f558-groupManagement] INFO  server.RaftServerConfigKeys (ConfUtils.java:logGet(46)) - raft.server.log.force.sync.num = 128 (default)
2023-10-17 18:42:35,876 [a4cc5df1-5951-42e4-b27b-dd626196f558-groupManagement] INFO  server.RaftServerConfigKeys (ConfUtils.java:logGet(46)) - raft.server.log.statemachine.data.sync = true (default)
2023-10-17 18:42:35,876 [a4cc5df1-5951-42e4-b27b-dd626196f558-groupManagement] INFO  server.RaftServerConfigKeys (ConfUtils.java:logGet(46)) - raft.server.log.statemachine.data.sync.timeout = 10s (default)
2023-10-17 18:42:35,876 [a4cc5df1-5951-42e4-b27b-dd626196f558-groupManagement] INFO  server.RaftServerConfigKeys (ConfUtils.java:logGet(46)) - raft.server.log.statemachine.data.sync.timeout.retry = -1 (default)
2023-10-17 18:42:35,877 [a4cc5df1-5951-42e4-b27b-dd626196f558-groupManagement] INFO  server.RaftServerConfigKeys (ConfUtils.java:logGet(46)) - raft.server.log.write.buffer.size = 1048576 (custom)
2023-10-17 18:42:35,883 [a4cc5df1-5951-42e4-b27b-dd626196f558-groupManagement] INFO  server.RaftServerConfigKeys (ConfUtils.java:logGet(46)) - raft.server.log.appender.buffer.byte-limit = 33554432 (custom)
2023-10-17 18:42:35,890 [a4cc5df1-5951-42e4-b27b-dd626196f558-groupManagement] INFO  server.RaftServerConfigKeys (ConfUtils.java:logGet(46)) - raft.server.log.unsafe-flush.enabled = false (default)
2023-10-17 18:42:35,897 [a4cc5df1-5951-42e4-b27b-dd626196f558-groupManagement] INFO  server.RaftServerConfigKeys (ConfUtils.java:logGet(46)) - raft.server.log.async-flush.enabled = false (default)
2023-10-17 18:42:35,897 [a4cc5df1-5951-42e4-b27b-dd626196f558-groupManagement] INFO  server.RaftServerConfigKeys (ConfUtils.java:logGet(46)) - raft.server.log.statemachine.data.caching.enabled = true (custom)
2023-10-17 18:42:35,897 [a4cc5df1-5951-42e4-b27b-dd626196f558-groupManagement] INFO  segmented.SegmentedRaftLogWorker (SegmentedRaftLogWorker.java:lambda$new$0(135)) - a4cc5df1-5951-42e4-b27b-dd626196f558@group-2CD7EF1F474F-SegmentedRaftLogWorker: flushIndex: setUnconditionally 0 -> -1
2023-10-17 18:42:35,899 [a4cc5df1-5951-42e4-b27b-dd626196f558-groupManagement] INFO  segmented.SegmentedRaftLogWorker (SegmentedRaftLogWorker.java:lambda$new$0(135)) - a4cc5df1-5951-42e4-b27b-dd626196f558@group-2CD7EF1F474F-SegmentedRaftLogWorker: safeCacheEvictIndex: setUnconditionally 0 -> -1
2023-10-17 18:42:35,903 [a4cc5df1-5951-42e4-b27b-dd626196f558-groupManagement] INFO  server.RaftServer$Division (RaftServerImpl.java:start(342)) - a4cc5df1-5951-42e4-b27b-dd626196f558@group-2CD7EF1F474F: start as a follower, conf=-1: peers:[a4cc5df1-5951-42e4-b27b-dd626196f558|rpc:10.1.0.25:15032|admin:10.1.0.25:15031|client:10.1.0.25:15030|dataStream:10.1.0.25:15033|priority:0|startupRole:FOLLOWER, 038c9c7e-9eb5-457d-9050-7ea3cb2a2edd|rpc:10.1.0.25:15014|admin:10.1.0.25:15013|client:10.1.0.25:15012|dataStream:10.1.0.25:15015|priority:1|startupRole:FOLLOWER, 7a9e1f70-f6f2-401d-b0bf-19c30f8e2c75|rpc:10.1.0.25:15023|admin:10.1.0.25:15022|client:10.1.0.25:15021|dataStream:10.1.0.25:15024|priority:0|startupRole:FOLLOWER]|listeners:[], old=null
2023-10-17 18:42:35,903 [a4cc5df1-5951-42e4-b27b-dd626196f558-groupManagement] INFO  server.RaftServer$Division (RaftServerImpl.java:setRole(329)) - a4cc5df1-5951-42e4-b27b-dd626196f558@group-2CD7EF1F474F: changes role from      null to FOLLOWER at term 0 for startAsFollower
2023-10-17 18:42:35,905 [a4cc5df1-5951-42e4-b27b-dd626196f558-groupManagement] INFO  impl.RoleInfo (RoleInfo.java:updateAndGet(139)) - a4cc5df1-5951-42e4-b27b-dd626196f558: start a4cc5df1-5951-42e4-b27b-dd626196f558@group-2CD7EF1F474F-FollowerState
2023-10-17 18:42:35,906 [a4cc5df1-5951-42e4-b27b-dd626196f558-groupManagement] INFO  util.JmxRegister (JmxRegister.java:tryRegister(44)) - Successfully registered JMX Bean with object name Ratis:service=RaftServer,group=group-2CD7EF1F474F,id=a4cc5df1-5951-42e4-b27b-dd626196f558
2023-10-17 18:42:35,906 [a4cc5df1-5951-42e4-b27b-dd626196f558-groupManagement] INFO  server.RaftServerConfigKeys (ConfUtils.java:logGet(46)) - raft.server.snapshot.auto.trigger.enabled = true (custom)
2023-10-17 18:42:35,906 [a4cc5df1-5951-42e4-b27b-dd626196f558-groupManagement] INFO  server.RaftServerConfigKeys (ConfUtils.java:logGet(46)) - raft.server.snapshot.auto.trigger.threshold = 10000 (custom)
2023-10-17 18:42:35,906 [a4cc5df1-5951-42e4-b27b-dd626196f558-groupManagement] INFO  server.RaftServerConfigKeys (ConfUtils.java:logGet(46)) - raft.server.snapshot.retention.file.num = 5 (custom)
2023-10-17 18:42:35,906 [a4cc5df1-5951-42e4-b27b-dd626196f558-groupManagement] INFO  server.RaftServerConfigKeys (ConfUtils.java:logGet(46)) - raft.server.log.purge.upto.snapshot.index = false (default)
2023-10-17 18:42:35,911 [PipelineCommandHandlerThread-0] INFO  ratis.XceiverServerRatis (XceiverServerRatis.java:addGroup(804)) - Created group PipelineID=699a70fa-b58a-4b76-9823-2cd7ef1f474f
2023-10-17 18:42:35,911 [a4cc5df1-5951-42e4-b27b-dd626196f558@group-2CD7EF1F474F-FollowerState] INFO  server.RaftServerConfigKeys (ConfUtils.java:logFallback(53)) - raft.server.rpc.first-election.timeout.min = 5s (fallback to raft.server.rpc.timeout.min)
2023-10-17 18:42:35,918 [a4cc5df1-5951-42e4-b27b-dd626196f558@group-2CD7EF1F474F-FollowerState] INFO  server.RaftServerConfigKeys (ConfUtils.java:logFallback(53)) - raft.server.rpc.first-election.timeout.max = 5200ms (fallback to raft.server.rpc.timeout.max)
2023-10-17 18:42:35,969 [PipelineCommandHandlerThread-0] INFO  commandhandler.CreatePipelineCommandHandler (CreatePipelineCommandHandler.java:lambda$handle$2(124)) - Created Pipeline RATIS THREE PipelineID=699a70fa-b58a-4b76-9823-2cd7ef1f474f.
2023-10-17 18:42:36,004 [PipelineCommandHandlerThread-0] INFO  commandhandler.CreatePipelineCommandHandler (CreatePipelineCommandHandler.java:lambda$handle$2(124)) - Created Pipeline RATIS THREE PipelineID=699a70fa-b58a-4b76-9823-2cd7ef1f474f.
2023-10-17 18:42:36,797 [Time-limited test] INFO  ozone.MiniOzoneClusterImpl (MiniOzoneClusterImpl.java:lambda$waitForClusterToBeReady$0(229)) - Nodes are ready. Got 3 of 3 DN Heartbeats.
2023-10-17 18:42:36,797 [Time-limited test] INFO  ozone.MiniOzoneClusterImpl (MiniOzoneClusterImpl.java:lambda$waitForClusterToBeReady$0(232)) - Waiting for cluster to exit safe mode
2023-10-17 18:42:36,797 [Time-limited test] INFO  ozone.MiniOzoneClusterImpl (MiniOzoneClusterImpl.java:lambda$waitForClusterToBeReady$0(234)) - SCM became leader
2023-10-17 18:42:37,797 [Time-limited test] INFO  ozone.MiniOzoneClusterImpl (MiniOzoneClusterImpl.java:lambda$waitForClusterToBeReady$0(229)) - Nodes are ready. Got 3 of 3 DN Heartbeats.
2023-10-17 18:42:37,798 [Time-limited test] INFO  ozone.MiniOzoneClusterImpl (MiniOzoneClusterImpl.java:lambda$waitForClusterToBeReady$0(232)) - Waiting for cluster to exit safe mode
2023-10-17 18:42:37,798 [Time-limited test] INFO  ozone.MiniOzoneClusterImpl (MiniOzoneClusterImpl.java:lambda$waitForClusterToBeReady$0(234)) - SCM became leader
2023-10-17 18:42:38,798 [Time-limited test] INFO  ozone.MiniOzoneClusterImpl (MiniOzoneClusterImpl.java:lambda$waitForClusterToBeReady$0(229)) - Nodes are ready. Got 3 of 3 DN Heartbeats.
2023-10-17 18:42:38,798 [Time-limited test] INFO  ozone.MiniOzoneClusterImpl (MiniOzoneClusterImpl.java:lambda$waitForClusterToBeReady$0(232)) - Waiting for cluster to exit safe mode
2023-10-17 18:42:38,798 [Time-limited test] INFO  ozone.MiniOzoneClusterImpl (MiniOzoneClusterImpl.java:lambda$waitForClusterToBeReady$0(234)) - SCM became leader
2023-10-17 18:42:39,798 [Time-limited test] INFO  ozone.MiniOzoneClusterImpl (MiniOzoneClusterImpl.java:lambda$waitForClusterToBeReady$0(229)) - Nodes are ready. Got 3 of 3 DN Heartbeats.
2023-10-17 18:42:39,799 [Time-limited test] INFO  ozone.MiniOzoneClusterImpl (MiniOzoneClusterImpl.java:lambda$waitForClusterToBeReady$0(232)) - Waiting for cluster to exit safe mode
2023-10-17 18:42:39,799 [Time-limited test] INFO  ozone.MiniOzoneClusterImpl (MiniOzoneClusterImpl.java:lambda$waitForClusterToBeReady$0(234)) - SCM became leader
2023-10-17 18:42:39,996 [038c9c7e-9eb5-457d-9050-7ea3cb2a2edd@group-37E8A652D098-FollowerState] INFO  impl.FollowerState (FollowerState.java:run(143)) - 038c9c7e-9eb5-457d-9050-7ea3cb2a2edd@group-37E8A652D098-FollowerState: change to CANDIDATE, lastRpcElapsedTime:5008181657ns, electionTimeout:5004ms
2023-10-17 18:42:39,997 [038c9c7e-9eb5-457d-9050-7ea3cb2a2edd@group-37E8A652D098-FollowerState] INFO  impl.RoleInfo (RoleInfo.java:shutdownFollowerState(110)) - 038c9c7e-9eb5-457d-9050-7ea3cb2a2edd: shutdown 038c9c7e-9eb5-457d-9050-7ea3cb2a2edd@group-37E8A652D098-FollowerState
2023-10-17 18:42:39,997 [038c9c7e-9eb5-457d-9050-7ea3cb2a2edd@group-37E8A652D098-FollowerState] INFO  server.RaftServer$Division (RaftServerImpl.java:setRole(329)) - 038c9c7e-9eb5-457d-9050-7ea3cb2a2edd@group-37E8A652D098: changes role from  FOLLOWER to CANDIDATE at term 0 for changeToCandidate
2023-10-17 18:42:39,998 [038c9c7e-9eb5-457d-9050-7ea3cb2a2edd@group-37E8A652D098-FollowerState] INFO  server.RaftServerConfigKeys (ConfUtils.java:logGet(46)) - raft.server.leaderelection.pre-vote = true (default)
2023-10-17 18:42:39,998 [038c9c7e-9eb5-457d-9050-7ea3cb2a2edd@group-37E8A652D098-FollowerState] INFO  impl.RoleInfo (RoleInfo.java:updateAndGet(139)) - 038c9c7e-9eb5-457d-9050-7ea3cb2a2edd: start 038c9c7e-9eb5-457d-9050-7ea3cb2a2edd@group-37E8A652D098-LeaderElection2
2023-10-17 18:42:40,006 [038c9c7e-9eb5-457d-9050-7ea3cb2a2edd@group-37E8A652D098-LeaderElection2] INFO  impl.LeaderElection (LeaderElection.java:askForVotes(321)) - 038c9c7e-9eb5-457d-9050-7ea3cb2a2edd@group-37E8A652D098-LeaderElection2 PRE_VOTE round 0: submit vote requests at term 0 for -1: peers:[a4cc5df1-5951-42e4-b27b-dd626196f558|rpc:10.1.0.25:15032|admin:10.1.0.25:15031|client:10.1.0.25:15030|dataStream:10.1.0.25:15033|priority:0|startupRole:FOLLOWER, 038c9c7e-9eb5-457d-9050-7ea3cb2a2edd|rpc:10.1.0.25:15014|admin:10.1.0.25:15013|client:10.1.0.25:15012|dataStream:10.1.0.25:15015|priority:0|startupRole:FOLLOWER, 7a9e1f70-f6f2-401d-b0bf-19c30f8e2c75|rpc:10.1.0.25:15023|admin:10.1.0.25:15022|client:10.1.0.25:15021|dataStream:10.1.0.25:15024|priority:1|startupRole:FOLLOWER]|listeners:[], old=null
2023-10-17 18:42:40,011 [038c9c7e-9eb5-457d-9050-7ea3cb2a2edd@group-37E8A652D098-LeaderElection2] INFO  server.RaftServerConfigKeys (ConfUtils.java:logFallback(53)) - raft.server.rpc.first-election.timeout.min = 5s (fallback to raft.server.rpc.timeout.min)
2023-10-17 18:42:40,011 [038c9c7e-9eb5-457d-9050-7ea3cb2a2edd@group-37E8A652D098-LeaderElection2] INFO  server.RaftServerConfigKeys (ConfUtils.java:logFallback(53)) - raft.server.rpc.first-election.timeout.max = 5200ms (fallback to raft.server.rpc.timeout.max)
2023-10-17 18:42:40,014 [038c9c7e-9eb5-457d-9050-7ea3cb2a2edd@group-37E8A652D098-LeaderElection2-1] INFO  server.GrpcServerProtocolClient (GrpcServerProtocolClient.java:<init>(65)) - Build channel for a4cc5df1-5951-42e4-b27b-dd626196f558
2023-10-17 18:42:40,020 [038c9c7e-9eb5-457d-9050-7ea3cb2a2edd@group-37E8A652D098-LeaderElection2-2] INFO  server.GrpcServerProtocolClient (GrpcServerProtocolClient.java:<init>(65)) - Build channel for 7a9e1f70-f6f2-401d-b0bf-19c30f8e2c75
2023-10-17 18:42:40,036 [grpc-default-executor-0] INFO  server.RaftServer$Division (RaftServerImpl.java:requestVote(1302)) - a4cc5df1-5951-42e4-b27b-dd626196f558@group-37E8A652D098: receive requestVote(PRE_VOTE, 038c9c7e-9eb5-457d-9050-7ea3cb2a2edd, group-37E8A652D098, 0, (t:0, i:0))
2023-10-17 18:42:40,038 [grpc-default-executor-0] INFO  impl.VoteContext (VoteContext.java:log(49)) - a4cc5df1-5951-42e4-b27b-dd626196f558@group-37E8A652D098-FOLLOWER: accept PRE_VOTE from 038c9c7e-9eb5-457d-9050-7ea3cb2a2edd: our priority 0 <= candidate's priority 0
2023-10-17 18:42:40,045 [grpc-default-executor-0] INFO  server.RaftServer$Division (RaftServerImpl.java:requestVote(1335)) - a4cc5df1-5951-42e4-b27b-dd626196f558@group-37E8A652D098 replies to PRE_VOTE vote request: 038c9c7e-9eb5-457d-9050-7ea3cb2a2edd<-a4cc5df1-5951-42e4-b27b-dd626196f558#0:OK-t0. Peer's state: a4cc5df1-5951-42e4-b27b-dd626196f558@group-37E8A652D098:t0, leader=null, voted=, raftlog=Memoized:a4cc5df1-5951-42e4-b27b-dd626196f558@group-37E8A652D098-SegmentedRaftLog:OPENED:c-1, conf=-1: peers:[a4cc5df1-5951-42e4-b27b-dd626196f558|rpc:10.1.0.25:15032|admin:10.1.0.25:15031|client:10.1.0.25:15030|dataStream:10.1.0.25:15033|priority:0|startupRole:FOLLOWER, 038c9c7e-9eb5-457d-9050-7ea3cb2a2edd|rpc:10.1.0.25:15014|admin:10.1.0.25:15013|client:10.1.0.25:15012|dataStream:10.1.0.25:15015|priority:0|startupRole:FOLLOWER, 7a9e1f70-f6f2-401d-b0bf-19c30f8e2c75|rpc:10.1.0.25:15023|admin:10.1.0.25:15022|client:10.1.0.25:15021|dataStream:10.1.0.25:15024|priority:1|startupRole:FOLLOWER]|listeners:[], old=null
2023-10-17 18:42:40,051 [grpc-default-executor-1] INFO  server.RaftServer$Division (RaftServerImpl.java:requestVote(1302)) - 7a9e1f70-f6f2-401d-b0bf-19c30f8e2c75@group-37E8A652D098: receive requestVote(PRE_VOTE, 038c9c7e-9eb5-457d-9050-7ea3cb2a2edd, group-37E8A652D098, 0, (t:0, i:0))
2023-10-17 18:42:40,052 [grpc-default-executor-1] INFO  impl.VoteContext (VoteContext.java:log(49)) - 7a9e1f70-f6f2-401d-b0bf-19c30f8e2c75@group-37E8A652D098-FOLLOWER: reject PRE_VOTE from 038c9c7e-9eb5-457d-9050-7ea3cb2a2edd: our priority 1 > candidate's priority 0
2023-10-17 18:42:40,052 [grpc-default-executor-1] INFO  server.RaftServer$Division (RaftServerImpl.java:requestVote(1335)) - 7a9e1f70-f6f2-401d-b0bf-19c30f8e2c75@group-37E8A652D098 replies to PRE_VOTE vote request: 038c9c7e-9eb5-457d-9050-7ea3cb2a2edd<-7a9e1f70-f6f2-401d-b0bf-19c30f8e2c75#0:FAIL-t0. Peer's state: 7a9e1f70-f6f2-401d-b0bf-19c30f8e2c75@group-37E8A652D098:t0, leader=null, voted=, raftlog=Memoized:7a9e1f70-f6f2-401d-b0bf-19c30f8e2c75@group-37E8A652D098-SegmentedRaftLog:OPENED:c-1, conf=-1: peers:[a4cc5df1-5951-42e4-b27b-dd626196f558|rpc:10.1.0.25:15032|admin:10.1.0.25:15031|client:10.1.0.25:15030|dataStream:10.1.0.25:15033|priority:0|startupRole:FOLLOWER, 038c9c7e-9eb5-457d-9050-7ea3cb2a2edd|rpc:10.1.0.25:15014|admin:10.1.0.25:15013|client:10.1.0.25:15012|dataStream:10.1.0.25:15015|priority:0|startupRole:FOLLOWER, 7a9e1f70-f6f2-401d-b0bf-19c30f8e2c75|rpc:10.1.0.25:15023|admin:10.1.0.25:15022|client:10.1.0.25:15021|dataStream:10.1.0.25:15024|priority:1|startupRole:FOLLOWER]|listeners:[], old=null
2023-10-17 18:42:40,055 [038c9c7e-9eb5-457d-9050-7ea3cb2a2edd@group-37E8A652D098-LeaderElection2] INFO  impl.LeaderElection (LeaderElection.java:logAndReturn(90)) - 038c9c7e-9eb5-457d-9050-7ea3cb2a2edd@group-37E8A652D098-LeaderElection2: PRE_VOTE REJECTED received 2 response(s) and 0 exception(s):
2023-10-17 18:42:40,056 [038c9c7e-9eb5-457d-9050-7ea3cb2a2edd@group-37E8A652D098-LeaderElection2] INFO  impl.LeaderElection (LeaderElection.java:logAndReturn(94)) -   Response 0: 038c9c7e-9eb5-457d-9050-7ea3cb2a2edd<-a4cc5df1-5951-42e4-b27b-dd626196f558#0:OK-t0
2023-10-17 18:42:40,056 [038c9c7e-9eb5-457d-9050-7ea3cb2a2edd@group-37E8A652D098-LeaderElection2] INFO  impl.LeaderElection (LeaderElection.java:logAndReturn(94)) -   Response 1: 038c9c7e-9eb5-457d-9050-7ea3cb2a2edd<-7a9e1f70-f6f2-401d-b0bf-19c30f8e2c75#0:FAIL-t0
2023-10-17 18:42:40,056 [038c9c7e-9eb5-457d-9050-7ea3cb2a2edd@group-37E8A652D098-LeaderElection2] INFO  impl.LeaderElection (LeaderElection.java:askForVotes(323)) - 038c9c7e-9eb5-457d-9050-7ea3cb2a2edd@group-37E8A652D098-LeaderElection2 PRE_VOTE round 0: result REJECTED
2023-10-17 18:42:40,056 [038c9c7e-9eb5-457d-9050-7ea3cb2a2edd@group-37E8A652D098-LeaderElection2] INFO  server.RaftServer$Division (RaftServerImpl.java:setRole(329)) - 038c9c7e-9eb5-457d-9050-7ea3cb2a2edd@group-37E8A652D098: changes role from CANDIDATE to FOLLOWER at term 0 for REJECTED
2023-10-17 18:42:40,057 [038c9c7e-9eb5-457d-9050-7ea3cb2a2edd@group-37E8A652D098-LeaderElection2] INFO  impl.RoleInfo (RoleInfo.java:shutdownLeaderElection(130)) - 038c9c7e-9eb5-457d-9050-7ea3cb2a2edd: shutdown 038c9c7e-9eb5-457d-9050-7ea3cb2a2edd@group-37E8A652D098-LeaderElection2
2023-10-17 18:42:40,057 [038c9c7e-9eb5-457d-9050-7ea3cb2a2edd@group-37E8A652D098-LeaderElection2] INFO  impl.RoleInfo (RoleInfo.java:updateAndGet(139)) - 038c9c7e-9eb5-457d-9050-7ea3cb2a2edd: start 038c9c7e-9eb5-457d-9050-7ea3cb2a2edd@group-37E8A652D098-FollowerState
2023-10-17 18:42:40,141 [038c9c7e-9eb5-457d-9050-7ea3cb2a2edd@group-140B2FA52481-FollowerState] INFO  impl.FollowerState (FollowerState.java:run(143)) - 038c9c7e-9eb5-457d-9050-7ea3cb2a2edd@group-140B2FA52481-FollowerState: change to CANDIDATE, lastRpcElapsedTime:5190315168ns, electionTimeout:5179ms
2023-10-17 18:42:40,142 [038c9c7e-9eb5-457d-9050-7ea3cb2a2edd@group-140B2FA52481-FollowerState] INFO  impl.RoleInfo (RoleInfo.java:shutdownFollowerState(110)) - 038c9c7e-9eb5-457d-9050-7ea3cb2a2edd: shutdown 038c9c7e-9eb5-457d-9050-7ea3cb2a2edd@group-140B2FA52481-FollowerState
2023-10-17 18:42:40,142 [038c9c7e-9eb5-457d-9050-7ea3cb2a2edd@group-140B2FA52481-FollowerState] INFO  server.RaftServer$Division (RaftServerImpl.java:setRole(329)) - 038c9c7e-9eb5-457d-9050-7ea3cb2a2edd@group-140B2FA52481: changes role from  FOLLOWER to CANDIDATE at term 0 for changeToCandidate
2023-10-17 18:42:40,148 [038c9c7e-9eb5-457d-9050-7ea3cb2a2edd@group-140B2FA52481-FollowerState] INFO  server.RaftServerConfigKeys (ConfUtils.java:logGet(46)) - raft.server.leaderelection.pre-vote = true (default)
2023-10-17 18:42:40,148 [038c9c7e-9eb5-457d-9050-7ea3cb2a2edd@group-140B2FA52481-FollowerState] INFO  impl.RoleInfo (RoleInfo.java:updateAndGet(139)) - 038c9c7e-9eb5-457d-9050-7ea3cb2a2edd: start 038c9c7e-9eb5-457d-9050-7ea3cb2a2edd@group-140B2FA52481-LeaderElection3
2023-10-17 18:42:40,156 [038c9c7e-9eb5-457d-9050-7ea3cb2a2edd@group-140B2FA52481-LeaderElection3] INFO  impl.LeaderElection (LeaderElection.java:askForVotes(321)) - 038c9c7e-9eb5-457d-9050-7ea3cb2a2edd@group-140B2FA52481-LeaderElection3 PRE_VOTE round 0: submit vote requests at term 0 for -1: peers:[038c9c7e-9eb5-457d-9050-7ea3cb2a2edd|rpc:10.1.0.25:15014|admin:10.1.0.25:15013|client:10.1.0.25:15012|dataStream:10.1.0.25:15015|priority:1|startupRole:FOLLOWER]|listeners:[], old=null
2023-10-17 18:42:40,156 [038c9c7e-9eb5-457d-9050-7ea3cb2a2edd@group-140B2FA52481-LeaderElection3] INFO  impl.LeaderElection (LeaderElection.java:askForVotes(323)) - 038c9c7e-9eb5-457d-9050-7ea3cb2a2edd@group-140B2FA52481-LeaderElection3 PRE_VOTE round 0: result PASSED (term=0)
2023-10-17 18:42:40,158 [038c9c7e-9eb5-457d-9050-7ea3cb2a2edd@group-140B2FA52481-LeaderElection3] INFO  impl.LeaderElection (LeaderElection.java:askForVotes(321)) - 038c9c7e-9eb5-457d-9050-7ea3cb2a2edd@group-140B2FA52481-LeaderElection3 ELECTION round 0: submit vote requests at term 1 for -1: peers:[038c9c7e-9eb5-457d-9050-7ea3cb2a2edd|rpc:10.1.0.25:15014|admin:10.1.0.25:15013|client:10.1.0.25:15012|dataStream:10.1.0.25:15015|priority:1|startupRole:FOLLOWER]|listeners:[], old=null
2023-10-17 18:42:40,158 [038c9c7e-9eb5-457d-9050-7ea3cb2a2edd@group-140B2FA52481-LeaderElection3] INFO  impl.LeaderElection (LeaderElection.java:askForVotes(323)) - 038c9c7e-9eb5-457d-9050-7ea3cb2a2edd@group-140B2FA52481-LeaderElection3 ELECTION round 0: result PASSED (term=1)
2023-10-17 18:42:40,158 [038c9c7e-9eb5-457d-9050-7ea3cb2a2edd@group-140B2FA52481-LeaderElection3] INFO  impl.RoleInfo (RoleInfo.java:shutdownLeaderElection(130)) - 038c9c7e-9eb5-457d-9050-7ea3cb2a2edd: shutdown 038c9c7e-9eb5-457d-9050-7ea3cb2a2edd@group-140B2FA52481-LeaderElection3
2023-10-17 18:42:40,158 [038c9c7e-9eb5-457d-9050-7ea3cb2a2edd@group-140B2FA52481-LeaderElection3] INFO  server.RaftServer$Division (RaftServerImpl.java:setRole(329)) - 038c9c7e-9eb5-457d-9050-7ea3cb2a2edd@group-140B2FA52481: changes role from CANDIDATE to LEADER at term 1 for changeToLeader
2023-10-17 18:42:40,158 [038c9c7e-9eb5-457d-9050-7ea3cb2a2edd@group-140B2FA52481-LeaderElection3] INFO  ratis.XceiverServerRatis (XceiverServerRatis.java:handleLeaderChangedNotification(902)) - Leader change notification received for group: group-140B2FA52481 with new leaderId: 038c9c7e-9eb5-457d-9050-7ea3cb2a2edd
2023-10-17 18:42:40,158 [038c9c7e-9eb5-457d-9050-7ea3cb2a2edd@group-140B2FA52481-LeaderElection3] INFO  server.RaftServer$Division (ServerState.java:setLeader(317)) - 038c9c7e-9eb5-457d-9050-7ea3cb2a2edd@group-140B2FA52481: change Leader from null to 038c9c7e-9eb5-457d-9050-7ea3cb2a2edd at term 1 for becomeLeader, leader elected after 5235ms
2023-10-17 18:42:40,159 [038c9c7e-9eb5-457d-9050-7ea3cb2a2edd@group-140B2FA52481-LeaderElection3] INFO  server.RaftServerConfigKeys (ConfUtils.java:logGet(46)) - raft.server.staging.catchup.gap = 1000 (default)
2023-10-17 18:42:40,160 [EventQueue-OpenPipelineForHealthyPipelineSafeModeRule] INFO  safemode.SCMSafeModeManager (HealthyPipelineSafeModeRule.java:process(137)) - SCM in safe mode. Healthy pipelines reported count is 0, required healthy pipeline reported count is 1
2023-10-17 18:42:40,161 [038c9c7e-9eb5-457d-9050-7ea3cb2a2edd@group-140B2FA52481-LeaderElection3] INFO  server.RaftServerConfigKeys (ConfUtils.java:logGet(46)) - raft.server.write.element-limit = 1024 (custom)
2023-10-17 18:42:40,161 [038c9c7e-9eb5-457d-9050-7ea3cb2a2edd@group-140B2FA52481-LeaderElection3] INFO  server.RaftServerConfigKeys (ConfUtils.java:logGet(46)) - raft.server.write.byte-limit = 1024 M (=1073741824) (custom)
2023-10-17 18:42:40,162 [038c9c7e-9eb5-457d-9050-7ea3cb2a2edd@group-140B2FA52481-LeaderElection3] INFO  server.RaftServerConfigKeys (ConfUtils.java:logGet(46)) - raft.server.watch.timeout = 180s (custom)
2023-10-17 18:42:40,162 [038c9c7e-9eb5-457d-9050-7ea3cb2a2edd@group-140B2FA52481-LeaderElection3] INFO  server.RaftServerConfigKeys (ConfUtils.java:logGet(46)) - raft.server.watch.timeout.denomination = 1s (default)
2023-10-17 18:42:40,162 [038c9c7e-9eb5-457d-9050-7ea3cb2a2edd@group-140B2FA52481-LeaderElection3] INFO  server.RaftServerConfigKeys (ConfUtils.java:logGet(46)) - raft.server.watch.element-limit = 65536 (default)
2023-10-17 18:42:40,162 [038c9c7e-9eb5-457d-9050-7ea3cb2a2edd@group-140B2FA52481-LeaderElection3] INFO  server.RaftServerConfigKeys (ConfUtils.java:logGet(46)) - raft.server.write.element-limit = 1024 (custom)
2023-10-17 18:42:40,162 [038c9c7e-9eb5-457d-9050-7ea3cb2a2edd@group-140B2FA52481-LeaderElection3] INFO  server.RaftServerConfigKeys (ConfUtils.java:logGet(46)) - raft.server.write.follower.gap.ratio.max = -1.0 (default)
2023-10-17 18:42:40,162 [038c9c7e-9eb5-457d-9050-7ea3cb2a2edd@group-140B2FA52481-LeaderElection3] INFO  impl.RoleInfo (RoleInfo.java:updateAndGet(139)) - 038c9c7e-9eb5-457d-9050-7ea3cb2a2edd: start 038c9c7e-9eb5-457d-9050-7ea3cb2a2edd@group-140B2FA52481-LeaderStateImpl
2023-10-17 18:42:40,162 [038c9c7e-9eb5-457d-9050-7ea3cb2a2edd@group-140B2FA52481-LeaderElection3] INFO  segmented.SegmentedRaftLogWorker (SegmentedRaftLogWorker.java:startLogSegment(447)) - 038c9c7e-9eb5-457d-9050-7ea3cb2a2edd@group-140B2FA52481-SegmentedRaftLogWorker: Starting segment from index:0
2023-10-17 18:42:40,164 [038c9c7e-9eb5-457d-9050-7ea3cb2a2edd@group-140B2FA52481-SegmentedRaftLogWorker] INFO  segmented.SegmentedRaftLogWorker (SegmentedRaftLogWorker.java:execute(651)) - 038c9c7e-9eb5-457d-9050-7ea3cb2a2edd@group-140B2FA52481-SegmentedRaftLogWorker: created new log segment /home/runner/work/ozone/ozone/hadoop-ozone/integration-test/target/test-dir/MiniOzoneClusterImpl-15da5f49-43ae-464d-a042-f1226d21d357/datanode-0/data/ratis/becdeae3-5e9e-4a28-b6d5-140b2fa52481/current/log_inprogress_0
2023-10-17 18:42:40,171 [038c9c7e-9eb5-457d-9050-7ea3cb2a2edd@group-140B2FA52481-LeaderElection3] INFO  server.RaftServer$Division (ServerState.java:setRaftConf(434)) - 038c9c7e-9eb5-457d-9050-7ea3cb2a2edd@group-140B2FA52481: set configuration 0: peers:[038c9c7e-9eb5-457d-9050-7ea3cb2a2edd|rpc:10.1.0.25:15014|admin:10.1.0.25:15013|client:10.1.0.25:15012|dataStream:10.1.0.25:15015|priority:1|startupRole:FOLLOWER]|listeners:[], old=null
2023-10-17 18:42:40,448 [7a9e1f70-f6f2-401d-b0bf-19c30f8e2c75@group-37E8A652D098-FollowerState] INFO  impl.FollowerState (FollowerState.java:run(143)) - 7a9e1f70-f6f2-401d-b0bf-19c30f8e2c75@group-37E8A652D098-FollowerState: change to CANDIDATE, lastRpcElapsedTime:5009710579ns, electionTimeout:5000ms
2023-10-17 18:42:40,449 [7a9e1f70-f6f2-401d-b0bf-19c30f8e2c75@group-37E8A652D098-FollowerState] INFO  impl.RoleInfo (RoleInfo.java:shutdownFollowerState(110)) - 7a9e1f70-f6f2-401d-b0bf-19c30f8e2c75: shutdown 7a9e1f70-f6f2-401d-b0bf-19c30f8e2c75@group-37E8A652D098-FollowerState
2023-10-17 18:42:40,449 [7a9e1f70-f6f2-401d-b0bf-19c30f8e2c75@group-37E8A652D098-FollowerState] INFO  server.RaftServer$Division (RaftServerImpl.java:setRole(329)) - 7a9e1f70-f6f2-401d-b0bf-19c30f8e2c75@group-37E8A652D098: changes role from  FOLLOWER to CANDIDATE at term 0 for changeToCandidate
2023-10-17 18:42:40,449 [7a9e1f70-f6f2-401d-b0bf-19c30f8e2c75@group-37E8A652D098-FollowerState] INFO  server.RaftServerConfigKeys (ConfUtils.java:logGet(46)) - raft.server.leaderelection.pre-vote = true (default)
2023-10-17 18:42:40,449 [7a9e1f70-f6f2-401d-b0bf-19c30f8e2c75@group-37E8A652D098-FollowerState] INFO  impl.RoleInfo (RoleInfo.java:updateAndGet(139)) - 7a9e1f70-f6f2-401d-b0bf-19c30f8e2c75: start 7a9e1f70-f6f2-401d-b0bf-19c30f8e2c75@group-37E8A652D098-LeaderElection4
2023-10-17 18:42:40,451 [7a9e1f70-f6f2-401d-b0bf-19c30f8e2c75@group-37E8A652D098-LeaderElection4] INFO  impl.LeaderElection (LeaderElection.java:askForVotes(321)) - 7a9e1f70-f6f2-401d-b0bf-19c30f8e2c75@group-37E8A652D098-LeaderElection4 PRE_VOTE round 0: submit vote requests at term 0 for -1: peers:[a4cc5df1-5951-42e4-b27b-dd626196f558|rpc:10.1.0.25:15032|admin:10.1.0.25:15031|client:10.1.0.25:15030|dataStream:10.1.0.25:15033|priority:0|startupRole:FOLLOWER, 038c9c7e-9eb5-457d-9050-7ea3cb2a2edd|rpc:10.1.0.25:15014|admin:10.1.0.25:15013|client:10.1.0.25:15012|dataStream:10.1.0.25:15015|priority:0|startupRole:FOLLOWER, 7a9e1f70-f6f2-401d-b0bf-19c30f8e2c75|rpc:10.1.0.25:15023|admin:10.1.0.25:15022|client:10.1.0.25:15021|dataStream:10.1.0.25:15024|priority:1|startupRole:FOLLOWER]|listeners:[], old=null
2023-10-17 18:42:40,452 [7a9e1f70-f6f2-401d-b0bf-19c30f8e2c75@group-37E8A652D098-LeaderElection4] INFO  server.RaftServerConfigKeys (ConfUtils.java:logFallback(53)) - raft.server.rpc.first-election.timeout.min = 5s (fallback to raft.server.rpc.timeout.min)
2023-10-17 18:42:40,452 [7a9e1f70-f6f2-401d-b0bf-19c30f8e2c75@group-37E8A652D098-LeaderElection4] INFO  server.RaftServerConfigKeys (ConfUtils.java:logFallback(53)) - raft.server.rpc.first-election.timeout.max = 5200ms (fallback to raft.server.rpc.timeout.max)
2023-10-17 18:42:40,452 [7a9e1f70-f6f2-401d-b0bf-19c30f8e2c75@group-37E8A652D098-LeaderElection4-2] INFO  server.GrpcServerProtocolClient (GrpcServerProtocolClient.java:<init>(65)) - Build channel for 038c9c7e-9eb5-457d-9050-7ea3cb2a2edd
2023-10-17 18:42:40,456 [7a9e1f70-f6f2-401d-b0bf-19c30f8e2c75@group-37E8A652D098-LeaderElection4-1] INFO  server.GrpcServerProtocolClient (GrpcServerProtocolClient.java:<init>(65)) - Build channel for a4cc5df1-5951-42e4-b27b-dd626196f558
2023-10-17 18:42:40,469 [grpc-default-executor-1] INFO  server.RaftServer$Division (RaftServerImpl.java:requestVote(1302)) - a4cc5df1-5951-42e4-b27b-dd626196f558@group-37E8A652D098: receive requestVote(PRE_VOTE, 7a9e1f70-f6f2-401d-b0bf-19c30f8e2c75, group-37E8A652D098, 0, (t:0, i:0))
2023-10-17 18:42:40,469 [grpc-default-executor-1] INFO  impl.VoteContext (VoteContext.java:log(49)) - a4cc5df1-5951-42e4-b27b-dd626196f558@group-37E8A652D098-FOLLOWER: accept PRE_VOTE from 7a9e1f70-f6f2-401d-b0bf-19c30f8e2c75: our priority 0 <= candidate's priority 1
2023-10-17 18:42:40,470 [grpc-default-executor-1] INFO  server.RaftServer$Division (RaftServerImpl.java:requestVote(1335)) - a4cc5df1-5951-42e4-b27b-dd626196f558@group-37E8A652D098 replies to PRE_VOTE vote request: 7a9e1f70-f6f2-401d-b0bf-19c30f8e2c75<-a4cc5df1-5951-42e4-b27b-dd626196f558#0:OK-t0. Peer's state: a4cc5df1-5951-42e4-b27b-dd626196f558@group-37E8A652D098:t0, leader=null, voted=, raftlog=Memoized:a4cc5df1-5951-42e4-b27b-dd626196f558@group-37E8A652D098-SegmentedRaftLog:OPENED:c-1, conf=-1: peers:[a4cc5df1-5951-42e4-b27b-dd626196f558|rpc:10.1.0.25:15032|admin:10.1.0.25:15031|client:10.1.0.25:15030|dataStream:10.1.0.25:15033|priority:0|startupRole:FOLLOWER, 038c9c7e-9eb5-457d-9050-7ea3cb2a2edd|rpc:10.1.0.25:15014|admin:10.1.0.25:15013|client:10.1.0.25:15012|dataStream:10.1.0.25:15015|priority:0|startupRole:FOLLOWER, 7a9e1f70-f6f2-401d-b0bf-19c30f8e2c75|rpc:10.1.0.25:15023|admin:10.1.0.25:15022|client:10.1.0.25:15021|dataStream:10.1.0.25:15024|priority:1|startupRole:FOLLOWER]|listeners:[], old=null
2023-10-17 18:42:40,471 [7a9e1f70-f6f2-401d-b0bf-19c30f8e2c75@group-37E8A652D098-LeaderElection4] INFO  impl.LeaderElection (LeaderElection.java:logAndReturn(90)) - 7a9e1f70-f6f2-401d-b0bf-19c30f8e2c75@group-37E8A652D098-LeaderElection4: PRE_VOTE PASSED received 1 response(s) and 0 exception(s):
2023-10-17 18:42:40,472 [7a9e1f70-f6f2-401d-b0bf-19c30f8e2c75@group-37E8A652D098-LeaderElection4] INFO  impl.LeaderElection (LeaderElection.java:logAndReturn(94)) -   Response 0: 7a9e1f70-f6f2-401d-b0bf-19c30f8e2c75<-a4cc5df1-5951-42e4-b27b-dd626196f558#0:OK-t0
2023-10-17 18:42:40,472 [7a9e1f70-f6f2-401d-b0bf-19c30f8e2c75@group-37E8A652D098-LeaderElection4] INFO  impl.LeaderElection (LeaderElection.java:askForVotes(323)) - 7a9e1f70-f6f2-401d-b0bf-19c30f8e2c75@group-37E8A652D098-LeaderElection4 PRE_VOTE round 0: result PASSED
2023-10-17 18:42:40,473 [7a9e1f70-f6f2-401d-b0bf-19c30f8e2c75@group-37E8A652D098-LeaderElection4] INFO  impl.LeaderElection (LeaderElection.java:askForVotes(321)) - 7a9e1f70-f6f2-401d-b0bf-19c30f8e2c75@group-37E8A652D098-LeaderElection4 ELECTION round 0: submit vote requests at term 1 for -1: peers:[a4cc5df1-5951-42e4-b27b-dd626196f558|rpc:10.1.0.25:15032|admin:10.1.0.25:15031|client:10.1.0.25:15030|dataStream:10.1.0.25:15033|priority:0|startupRole:FOLLOWER, 038c9c7e-9eb5-457d-9050-7ea3cb2a2edd|rpc:10.1.0.25:15014|admin:10.1.0.25:15013|client:10.1.0.25:15012|dataStream:10.1.0.25:15015|priority:0|startupRole:FOLLOWER, 7a9e1f70-f6f2-401d-b0bf-19c30f8e2c75|rpc:10.1.0.25:15023|admin:10.1.0.25:15022|client:10.1.0.25:15021|dataStream:10.1.0.25:15024|priority:1|startupRole:FOLLOWER]|listeners:[], old=null
2023-10-17 18:42:40,480 [7a9e1f70-f6f2-401d-b0bf-19c30f8e2c75@group-37E8A652D098-LeaderElection4] INFO  server.RaftServerConfigKeys (ConfUtils.java:logFallback(53)) - raft.server.rpc.first-election.timeout.min = 5s (fallback to raft.server.rpc.timeout.min)
2023-10-17 18:42:40,481 [7a9e1f70-f6f2-401d-b0bf-19c30f8e2c75@group-37E8A652D098-LeaderElection4] INFO  server.RaftServerConfigKeys (ConfUtils.java:logFallback(53)) - raft.server.rpc.first-election.timeout.max = 5200ms (fallback to raft.server.rpc.timeout.max)
2023-10-17 18:42:40,483 [grpc-default-executor-1] INFO  server.RaftServer$Division (RaftServerImpl.java:requestVote(1302)) - a4cc5df1-5951-42e4-b27b-dd626196f558@group-37E8A652D098: receive requestVote(ELECTION, 7a9e1f70-f6f2-401d-b0bf-19c30f8e2c75, group-37E8A652D098, 1, (t:0, i:0))
2023-10-17 18:42:40,488 [grpc-default-executor-1] INFO  impl.VoteContext (VoteContext.java:log(49)) - a4cc5df1-5951-42e4-b27b-dd626196f558@group-37E8A652D098-FOLLOWER: accept ELECTION from 7a9e1f70-f6f2-401d-b0bf-19c30f8e2c75: our priority 0 <= candidate's priority 1
2023-10-17 18:42:40,488 [grpc-default-executor-1] INFO  server.RaftServer$Division (RaftServerImpl.java:setRole(329)) - a4cc5df1-5951-42e4-b27b-dd626196f558@group-37E8A652D098: changes role from  FOLLOWER to FOLLOWER at term 1 for candidate:7a9e1f70-f6f2-401d-b0bf-19c30f8e2c75
2023-10-17 18:42:40,488 [grpc-default-executor-1] INFO  impl.RoleInfo (RoleInfo.java:shutdownFollowerState(110)) - a4cc5df1-5951-42e4-b27b-dd626196f558: shutdown a4cc5df1-5951-42e4-b27b-dd626196f558@group-37E8A652D098-FollowerState
2023-10-17 18:42:40,488 [grpc-default-executor-1] INFO  impl.RoleInfo (RoleInfo.java:updateAndGet(139)) - a4cc5df1-5951-42e4-b27b-dd626196f558: start a4cc5df1-5951-42e4-b27b-dd626196f558@group-37E8A652D098-FollowerState
2023-10-17 18:42:40,488 [a4cc5df1-5951-42e4-b27b-dd626196f558@group-37E8A652D098-FollowerState] INFO  impl.FollowerState (FollowerState.java:run(152)) - a4cc5df1-5951-42e4-b27b-dd626196f558@group-37E8A652D098-FollowerState was interrupted
2023-10-17 18:42:40,489 [grpc-default-executor-0] INFO  server.RaftServer$Division (RaftServerImpl.java:requestVote(1302)) - 038c9c7e-9eb5-457d-9050-7ea3cb2a2edd@group-37E8A652D098: receive requestVote(PRE_VOTE, 7a9e1f70-f6f2-401d-b0bf-19c30f8e2c75, group-37E8A652D098, 0, (t:0, i:0))
2023-10-17 18:42:40,489 [grpc-default-executor-0] INFO  impl.VoteContext (VoteContext.java:log(49)) - 038c9c7e-9eb5-457d-9050-7ea3cb2a2edd@group-37E8A652D098-FOLLOWER: accept PRE_VOTE from 7a9e1f70-f6f2-401d-b0bf-19c30f8e2c75: our priority 0 <= candidate's priority 1
2023-10-17 18:42:40,489 [grpc-default-executor-0] INFO  server.RaftServer$Division (RaftServerImpl.java:requestVote(1335)) - 038c9c7e-9eb5-457d-9050-7ea3cb2a2edd@group-37E8A652D098 replies to PRE_VOTE vote request: 7a9e1f70-f6f2-401d-b0bf-19c30f8e2c75<-038c9c7e-9eb5-457d-9050-7ea3cb2a2edd#0:OK-t0. Peer's state: 038c9c7e-9eb5-457d-9050-7ea3cb2a2edd@group-37E8A652D098:t0, leader=null, voted=, raftlog=Memoized:038c9c7e-9eb5-457d-9050-7ea3cb2a2edd@group-37E8A652D098-SegmentedRaftLog:OPENED:c-1, conf=-1: peers:[a4cc5df1-5951-42e4-b27b-dd626196f558|rpc:10.1.0.25:15032|admin:10.1.0.25:15031|client:10.1.0.25:15030|dataStream:10.1.0.25:15033|priority:0|startupRole:FOLLOWER, 038c9c7e-9eb5-457d-9050-7ea3cb2a2edd|rpc:10.1.0.25:15014|admin:10.1.0.25:15013|client:10.1.0.25:15012|dataStream:10.1.0.25:15015|priority:0|startupRole:FOLLOWER, 7a9e1f70-f6f2-401d-b0bf-19c30f8e2c75|rpc:10.1.0.25:15023|admin:10.1.0.25:15022|client:10.1.0.25:15021|dataStream:10.1.0.25:15024|priority:1|startupRole:FOLLOWER]|listeners:[], old=null
2023-10-17 18:42:40,490 [grpc-default-executor-1] INFO  server.RaftServer$Division (RaftServerImpl.java:requestVote(1335)) - a4cc5df1-5951-42e4-b27b-dd626196f558@group-37E8A652D098 replies to ELECTION vote request: 7a9e1f70-f6f2-401d-b0bf-19c30f8e2c75<-a4cc5df1-5951-42e4-b27b-dd626196f558#0:OK-t1. Peer's state: a4cc5df1-5951-42e4-b27b-dd626196f558@group-37E8A652D098:t1, leader=null, voted=7a9e1f70-f6f2-401d-b0bf-19c30f8e2c75, raftlog=Memoized:a4cc5df1-5951-42e4-b27b-dd626196f558@group-37E8A652D098-SegmentedRaftLog:OPENED:c-1, conf=-1: peers:[a4cc5df1-5951-42e4-b27b-dd626196f558|rpc:10.1.0.25:15032|admin:10.1.0.25:15031|client:10.1.0.25:15030|dataStream:10.1.0.25:15033|priority:0|startupRole:FOLLOWER, 038c9c7e-9eb5-457d-9050-7ea3cb2a2edd|rpc:10.1.0.25:15014|admin:10.1.0.25:15013|client:10.1.0.25:15012|dataStream:10.1.0.25:15015|priority:0|startupRole:FOLLOWER, 7a9e1f70-f6f2-401d-b0bf-19c30f8e2c75|rpc:10.1.0.25:15023|admin:10.1.0.25:15022|client:10.1.0.25:15021|dataStream:10.1.0.25:15024|priority:1|startupRole:FOLLOWER]|listeners:[], old=null
2023-10-17 18:42:40,497 [7a9e1f70-f6f2-401d-b0bf-19c30f8e2c75@group-37E8A652D098-LeaderElection4] INFO  impl.LeaderElection (LeaderElection.java:logAndReturn(90)) - 7a9e1f70-f6f2-401d-b0bf-19c30f8e2c75@group-37E8A652D098-LeaderElection4: ELECTION PASSED received 1 response(s) and 0 exception(s):
2023-10-17 18:42:40,498 [7a9e1f70-f6f2-401d-b0bf-19c30f8e2c75@group-37E8A652D098-LeaderElection4] INFO  impl.LeaderElection (LeaderElection.java:logAndReturn(94)) -   Response 0: 7a9e1f70-f6f2-401d-b0bf-19c30f8e2c75<-a4cc5df1-5951-42e4-b27b-dd626196f558#0:OK-t1
2023-10-17 18:42:40,498 [7a9e1f70-f6f2-401d-b0bf-19c30f8e2c75@group-37E8A652D098-LeaderElection4] INFO  impl.LeaderElection (LeaderElection.java:askForVotes(323)) - 7a9e1f70-f6f2-401d-b0bf-19c30f8e2c75@group-37E8A652D098-LeaderElection4 ELECTION round 0: result PASSED
2023-10-17 18:42:40,499 [7a9e1f70-f6f2-401d-b0bf-19c30f8e2c75@group-37E8A652D098-LeaderElection4] INFO  impl.RoleInfo (RoleInfo.java:shutdownLeaderElection(130)) - 7a9e1f70-f6f2-401d-b0bf-19c30f8e2c75: shutdown 7a9e1f70-f6f2-401d-b0bf-19c30f8e2c75@group-37E8A652D098-LeaderElection4
2023-10-17 18:42:40,499 [7a9e1f70-f6f2-401d-b0bf-19c30f8e2c75@group-37E8A652D098-LeaderElection4] INFO  server.RaftServer$Division (RaftServerImpl.java:setRole(329)) - 7a9e1f70-f6f2-401d-b0bf-19c30f8e2c75@group-37E8A652D098: changes role from CANDIDATE to LEADER at term 1 for changeToLeader
2023-10-17 18:42:40,499 [7a9e1f70-f6f2-401d-b0bf-19c30f8e2c75@group-37E8A652D098-LeaderElection4] INFO  ratis.XceiverServerRatis (XceiverServerRatis.java:handleLeaderChangedNotification(902)) - Leader change notification received for group: group-37E8A652D098 with new leaderId: 7a9e1f70-f6f2-401d-b0bf-19c30f8e2c75
2023-10-17 18:42:40,499 [7a9e1f70-f6f2-401d-b0bf-19c30f8e2c75@group-37E8A652D098-LeaderElection4] INFO  server.RaftServer$Division (ServerState.java:setLeader(317)) - 7a9e1f70-f6f2-401d-b0bf-19c30f8e2c75@group-37E8A652D098: change Leader from null to 7a9e1f70-f6f2-401d-b0bf-19c30f8e2c75 at term 1 for becomeLeader, leader elected after 5086ms
2023-10-17 18:42:40,499 [7a9e1f70-f6f2-401d-b0bf-19c30f8e2c75@group-37E8A652D098-LeaderElection4] INFO  server.RaftServerConfigKeys (ConfUtils.java:logGet(46)) - raft.server.staging.catchup.gap = 1000 (default)
2023-10-17 18:42:40,499 [7a9e1f70-f6f2-401d-b0bf-19c30f8e2c75@group-37E8A652D098-LeaderElection4] INFO  server.RaftServerConfigKeys (ConfUtils.java:logGet(46)) - raft.server.write.element-limit = 1024 (custom)
2023-10-17 18:42:40,499 [7a9e1f70-f6f2-401d-b0bf-19c30f8e2c75@group-37E8A652D098-LeaderElection4] INFO  server.RaftServerConfigKeys (ConfUtils.java:logGet(46)) - raft.server.write.byte-limit = 1024 M (=1073741824) (custom)
2023-10-17 18:42:40,499 [7a9e1f70-f6f2-401d-b0bf-19c30f8e2c75@group-37E8A652D098-LeaderElection4] INFO  server.RaftServerConfigKeys (ConfUtils.java:logGet(46)) - raft.server.watch.timeout = 180s (custom)
2023-10-17 18:42:40,500 [7a9e1f70-f6f2-401d-b0bf-19c30f8e2c75@group-37E8A652D098-LeaderElection4] INFO  server.RaftServerConfigKeys (ConfUtils.java:logGet(46)) - raft.server.watch.timeout.denomination = 1s (default)
2023-10-17 18:42:40,500 [7a9e1f70-f6f2-401d-b0bf-19c30f8e2c75@group-37E8A652D098-LeaderElection4] INFO  server.RaftServerConfigKeys (ConfUtils.java:logGet(46)) - raft.server.watch.element-limit = 65536 (default)
2023-10-17 18:42:40,500 [7a9e1f70-f6f2-401d-b0bf-19c30f8e2c75@group-37E8A652D098-LeaderElection4] INFO  server.RaftServerConfigKeys (ConfUtils.java:logGet(46)) - raft.server.write.element-limit = 1024 (custom)
2023-10-17 18:42:40,500 [7a9e1f70-f6f2-401d-b0bf-19c30f8e2c75@group-37E8A652D098-LeaderElection4] INFO  server.RaftServerConfigKeys (ConfUtils.java:logGet(46)) - raft.server.write.follower.gap.ratio.max = -1.0 (default)
2023-10-17 18:42:40,503 [EventQueue-PipelineReportForPipelineReportHandler] INFO  pipeline.PipelineReportHandler (PipelineReportHandler.java:processPipelineReport(136)) - Opened pipeline PipelineID=805a4220-48d0-4c66-92fe-37e8a652d098
2023-10-17 18:42:40,504 [EventQueue-OpenPipelineForHealthyPipelineSafeModeRule] INFO  safemode.SCMSafeModeManager (HealthyPipelineSafeModeRule.java:process(137)) - SCM in safe mode. Healthy pipelines reported count is 1, required healthy pipeline reported count is 1
2023-10-17 18:42:40,504 [EventQueue-OpenPipelineForHealthyPipelineSafeModeRule] INFO  safemode.SCMSafeModeManager (SCMSafeModeManager.java:validateSafeModeExitRules(200)) - HealthyPipelineSafeModeRule rule is successfully validated
2023-10-17 18:42:40,504 [EventQueue-OpenPipelineForHealthyPipelineSafeModeRule] INFO  safemode.SCMSafeModeManager (SCMSafeModeManager.java:validateSafeModeExitRules(215)) - ScmSafeModeManager, all rules are successfully validated
2023-10-17 18:42:40,505 [EventQueue-OpenPipelineForHealthyPipelineSafeModeRule] INFO  safemode.SCMSafeModeManager (SCMSafeModeManager.java:exitSafeMode(244)) - SCM exiting safe mode.
2023-10-17 18:42:40,505 [EventQueue-OpenPipelineForHealthyPipelineSafeModeRule] INFO  ha.SCMContext (SCMContext.java:updateSafeModeStatus(230)) - Update SafeModeStatus from SafeModeStatus{safeModeStatus=true, preCheckPassed=true} to SafeModeStatus{safeModeStatus=false, preCheckPassed=true}.
2023-10-17 18:42:40,505 [EventQueue-OpenPipelineForHealthyPipelineSafeModeRule] INFO  pipeline.BackgroundPipelineCreator (BackgroundPipelineCreator.java:notifyStatusChanged(255)) - Service BackgroundPipelineCreator transitions to RUNNING.
2023-10-17 18:42:40,505 [EventQueue-OpenPipelineForHealthyPipelineSafeModeRule] INFO  BackgroundPipelineScrubber (BackgroundSCMService.java:notifyStatusChanged(82)) - Service BackgroundPipelineScrubber transitions to RUNNING.
2023-10-17 18:42:40,505 [EventQueue-OpenPipelineForHealthyPipelineSafeModeRule] INFO  ExpiredContainerReplicaOpScrubber (BackgroundSCMService.java:notifyStatusChanged(82)) - Service ExpiredContainerReplicaOpScrubber transitions to RUNNING.
2023-10-17 18:42:40,505 [EventQueue-OpenPipelineForHealthyPipelineSafeModeRule] INFO  replication.ReplicationManager (ReplicationManager.java:notifyStatusChanged(1370)) - Service ReplicationManager transitions to RUNNING.
2023-10-17 18:42:40,508 [EventQueue-OpenPipelineForHealthyPipelineSafeModeRule] WARN  balancer.ContainerBalancer (ContainerBalancer.java:shouldRun(134)) - Could not find persisted configuration for ContainerBalancer when checking if ContainerBalancer should run. ContainerBalancer should not run now.
2023-10-17 18:42:40,497 [grpc-default-executor-2] INFO  server.RaftServer$Division (RaftServerImpl.java:requestVote(1302)) - 038c9c7e-9eb5-457d-9050-7ea3cb2a2edd@group-37E8A652D098: receive requestVote(ELECTION, 7a9e1f70-f6f2-401d-b0bf-19c30f8e2c75, group-37E8A652D098, 1, (t:0, i:0))
2023-10-17 18:42:40,508 [grpc-default-executor-2] INFO  impl.VoteContext (VoteContext.java:log(49)) - 038c9c7e-9eb5-457d-9050-7ea3cb2a2edd@group-37E8A652D098-FOLLOWER: accept ELECTION from 7a9e1f70-f6f2-401d-b0bf-19c30f8e2c75: our priority 0 <= candidate's priority 1
2023-10-17 18:42:40,509 [grpc-default-executor-2] INFO  server.RaftServer$Division (RaftServerImpl.java:setRole(329)) - 038c9c7e-9eb5-457d-9050-7ea3cb2a2edd@group-37E8A652D098: changes role from  FOLLOWER to FOLLOWER at term 1 for candidate:7a9e1f70-f6f2-401d-b0bf-19c30f8e2c75
2023-10-17 18:42:40,509 [grpc-default-executor-2] INFO  impl.RoleInfo (RoleInfo.java:shutdownFollowerState(110)) - 038c9c7e-9eb5-457d-9050-7ea3cb2a2edd: shutdown 038c9c7e-9eb5-457d-9050-7ea3cb2a2edd@group-37E8A652D098-FollowerState
2023-10-17 18:42:40,509 [grpc-default-executor-2] INFO  impl.RoleInfo (RoleInfo.java:updateAndGet(139)) - 038c9c7e-9eb5-457d-9050-7ea3cb2a2edd: start 038c9c7e-9eb5-457d-9050-7ea3cb2a2edd@group-37E8A652D098-FollowerState
2023-10-17 18:42:40,509 [038c9c7e-9eb5-457d-9050-7ea3cb2a2edd@group-37E8A652D098-FollowerState] INFO  impl.FollowerState (FollowerState.java:run(152)) - 038c9c7e-9eb5-457d-9050-7ea3cb2a2edd@group-37E8A652D098-FollowerState was interrupted
2023-10-17 18:42:40,513 [7a9e1f70-f6f2-401d-b0bf-19c30f8e2c75@group-37E8A652D098-LeaderElection4] INFO  server.RaftServerConfigKeys (ConfUtils.java:logGet(46)) - raft.server.log.appender.snapshot.chunk.size.max = 16MB (=16777216) (default)
2023-10-17 18:42:40,513 [7a9e1f70-f6f2-401d-b0bf-19c30f8e2c75@group-37E8A652D098-LeaderElection4] INFO  server.RaftServerConfigKeys (ConfUtils.java:logGet(46)) - raft.server.log.appender.buffer.byte-limit = 33554432 (custom)
2023-10-17 18:42:40,513 [7a9e1f70-f6f2-401d-b0bf-19c30f8e2c75@group-37E8A652D098-LeaderElection4] INFO  server.RaftServerConfigKeys (ConfUtils.java:logGet(46)) - raft.server.log.appender.buffer.element-limit = 1 (custom)
2023-10-17 18:42:40,527 [7a9e1f70-f6f2-401d-b0bf-19c30f8e2c75@group-37E8A652D098-LeaderElection4] INFO  server.RaftServerConfigKeys (ConfUtils.java:logGet(46)) - raft.server.log.appender.wait-time.min = 1ms (custom)
2023-10-17 18:42:40,528 [7a9e1f70-f6f2-401d-b0bf-19c30f8e2c75@group-37E8A652D098-LeaderElection4] INFO  grpc.GrpcConfigKeys (ConfUtils.java:logGet(46)) - raft.grpc.server.leader.outstanding.appends.max = 128 (default)
2023-10-17 18:42:40,528 [7a9e1f70-f6f2-401d-b0bf-19c30f8e2c75@group-37E8A652D098-LeaderElection4] INFO  server.RaftServerConfigKeys (ConfUtils.java:logGet(46)) - raft.server.rpc.request.timeout = 60s (custom)
2023-10-17 18:42:40,528 [7a9e1f70-f6f2-401d-b0bf-19c30f8e2c75@group-37E8A652D098-LeaderElection4] INFO  grpc.GrpcConfigKeys (ConfUtils.java:logGet(46)) - raft.grpc.server.install_snapshot.request.element-limit = 8 (default)
2023-10-17 18:42:40,528 [7a9e1f70-f6f2-401d-b0bf-19c30f8e2c75@group-37E8A652D098-LeaderElection4] INFO  grpc.GrpcConfigKeys (ConfUtils.java:logGet(46)) - raft.grpc.server.install_snapshot.request.timeout = 3000ms (default)
2023-10-17 18:42:40,529 [7a9e1f70-f6f2-401d-b0bf-19c30f8e2c75@group-37E8A652D098-LeaderElection4] INFO  server.RaftServerConfigKeys (ConfUtils.java:logGet(46)) - raft.server.log.appender.install.snapshot.enabled = false (custom)
2023-10-17 18:42:40,529 [7a9e1f70-f6f2-401d-b0bf-19c30f8e2c75@group-37E8A652D098-LeaderElection4] INFO  grpc.GrpcConfigKeys (ConfUtils.java:logGet(46)) - raft.grpc.server.heartbeat.channel = true (default)
2023-10-17 18:42:40,532 [grpc-default-executor-2] INFO  server.RaftServer$Division (RaftServerImpl.java:requestVote(1335)) - 038c9c7e-9eb5-457d-9050-7ea3cb2a2edd@group-37E8A652D098 replies to ELECTION vote request: 7a9e1f70-f6f2-401d-b0bf-19c30f8e2c75<-038c9c7e-9eb5-457d-9050-7ea3cb2a2edd#0:OK-t1. Peer's state: 038c9c7e-9eb5-457d-9050-7ea3cb2a2edd@group-37E8A652D098:t1, leader=null, voted=7a9e1f70-f6f2-401d-b0bf-19c30f8e2c75, raftlog=Memoized:038c9c7e-9eb5-457d-9050-7ea3cb2a2edd@group-37E8A652D098-SegmentedRaftLog:OPENED:c-1, conf=-1: peers:[a4cc5df1-5951-42e4-b27b-dd626196f558|rpc:10.1.0.25:15032|admin:10.1.0.25:15031|client:10.1.0.25:15030|dataStream:10.1.0.25:15033|priority:0|startupRole:FOLLOWER, 038c9c7e-9eb5-457d-9050-7ea3cb2a2edd|rpc:10.1.0.25:15014|admin:10.1.0.25:15013|client:10.1.0.25:15012|dataStream:10.1.0.25:15015|priority:0|startupRole:FOLLOWER, 7a9e1f70-f6f2-401d-b0bf-19c30f8e2c75|rpc:10.1.0.25:15023|admin:10.1.0.25:15022|client:10.1.0.25:15021|dataStream:10.1.0.25:15024|priority:1|startupRole:FOLLOWER]|listeners:[], old=null
2023-10-17 18:42:40,555 [7a9e1f70-f6f2-401d-b0bf-19c30f8e2c75@group-37E8A652D098-LeaderElection4] INFO  server.RaftServerConfigKeys (ConfUtils.java:logGet(46)) - raft.server.log.appender.snapshot.chunk.size.max = 16MB (=16777216) (default)
2023-10-17 18:42:40,555 [7a9e1f70-f6f2-401d-b0bf-19c30f8e2c75@group-37E8A652D098-LeaderElection4] INFO  server.RaftServerConfigKeys (ConfUtils.java:logGet(46)) - raft.server.log.appender.buffer.byte-limit = 33554432 (custom)
2023-10-17 18:42:40,555 [7a9e1f70-f6f2-401d-b0bf-19c30f8e2c75@group-37E8A652D098-LeaderElection4] INFO  server.RaftServerConfigKeys (ConfUtils.java:logGet(46)) - raft.server.log.appender.buffer.element-limit = 1 (custom)
2023-10-17 18:42:40,555 [7a9e1f70-f6f2-401d-b0bf-19c30f8e2c75@group-37E8A652D098-LeaderElection4] INFO  server.RaftServerConfigKeys (ConfUtils.java:logGet(46)) - raft.server.log.appender.wait-time.min = 1ms (custom)
2023-10-17 18:42:40,555 [7a9e1f70-f6f2-401d-b0bf-19c30f8e2c75@group-37E8A652D098-LeaderElection4] INFO  grpc.GrpcConfigKeys (ConfUtils.java:logGet(46)) - raft.grpc.server.leader.outstanding.appends.max = 128 (default)
2023-10-17 18:42:40,555 [7a9e1f70-f6f2-401d-b0bf-19c30f8e2c75@group-37E8A652D098-LeaderElection4] INFO  server.RaftServerConfigKeys (ConfUtils.java:logGet(46)) - raft.server.rpc.request.timeout = 60s (custom)
2023-10-17 18:42:40,556 [7a9e1f70-f6f2-401d-b0bf-19c30f8e2c75@group-37E8A652D098-LeaderElection4] INFO  grpc.GrpcConfigKeys (ConfUtils.java:logGet(46)) - raft.grpc.server.install_snapshot.request.element-limit = 8 (default)
2023-10-17 18:42:40,556 [7a9e1f70-f6f2-401d-b0bf-19c30f8e2c75@group-37E8A652D098-LeaderElection4] INFO  grpc.GrpcConfigKeys (ConfUtils.java:logGet(46)) - raft.grpc.server.install_snapshot.request.timeout = 3000ms (default)
2023-10-17 18:42:40,556 [7a9e1f70-f6f2-401d-b0bf-19c30f8e2c75@group-37E8A652D098-LeaderElection4] INFO  server.RaftServerConfigKeys (ConfUtils.java:logGet(46)) - raft.server.log.appender.install.snapshot.enabled = false (custom)
2023-10-17 18:42:40,556 [7a9e1f70-f6f2-401d-b0bf-19c30f8e2c75@group-37E8A652D098-LeaderElection4] INFO  grpc.GrpcConfigKeys (ConfUtils.java:logGet(46)) - raft.grpc.server.heartbeat.channel = true (default)
2023-10-17 18:42:40,557 [7a9e1f70-f6f2-401d-b0bf-19c30f8e2c75@group-37E8A652D098-LeaderElection4] INFO  impl.RoleInfo (RoleInfo.java:updateAndGet(139)) - 7a9e1f70-f6f2-401d-b0bf-19c30f8e2c75: start 7a9e1f70-f6f2-401d-b0bf-19c30f8e2c75@group-37E8A652D098-LeaderStateImpl
2023-10-17 18:42:40,557 [7a9e1f70-f6f2-401d-b0bf-19c30f8e2c75@group-37E8A652D098-LeaderElection4] INFO  segmented.SegmentedRaftLogWorker (SegmentedRaftLogWorker.java:startLogSegment(447)) - 7a9e1f70-f6f2-401d-b0bf-19c30f8e2c75@group-37E8A652D098-SegmentedRaftLogWorker: Starting segment from index:0
2023-10-17 18:42:40,558 [7a9e1f70-f6f2-401d-b0bf-19c30f8e2c75@group-37E8A652D098-SegmentedRaftLogWorker] INFO  segmented.SegmentedRaftLogWorker (SegmentedRaftLogWorker.java:execute(651)) - 7a9e1f70-f6f2-401d-b0bf-19c30f8e2c75@group-37E8A652D098-SegmentedRaftLogWorker: created new log segment /home/runner/work/ozone/ozone/hadoop-ozone/integration-test/target/test-dir/MiniOzoneClusterImpl-15da5f49-43ae-464d-a042-f1226d21d357/datanode-1/data/ratis/805a4220-48d0-4c66-92fe-37e8a652d098/current/log_inprogress_0
2023-10-17 18:42:40,561 [7a9e1f70-f6f2-401d-b0bf-19c30f8e2c75@group-A34CC59BE802-FollowerState] INFO  impl.FollowerState (FollowerState.java:run(143)) - 7a9e1f70-f6f2-401d-b0bf-19c30f8e2c75@group-A34CC59BE802-FollowerState: change to CANDIDATE, lastRpcElapsedTime:5060017382ns, electionTimeout:5057ms
2023-10-17 18:42:40,573 [7a9e1f70-f6f2-401d-b0bf-19c30f8e2c75@group-37E8A652D098-LeaderElection4] INFO  server.RaftServer$Division (ServerState.java:setRaftConf(434)) - 7a9e1f70-f6f2-401d-b0bf-19c30f8e2c75@group-37E8A652D098: set configuration 0: peers:[a4cc5df1-5951-42e4-b27b-dd626196f558|rpc:10.1.0.25:15032|admin:10.1.0.25:15031|client:10.1.0.25:15030|dataStream:10.1.0.25:15033|priority:0|startupRole:FOLLOWER, 038c9c7e-9eb5-457d-9050-7ea3cb2a2edd|rpc:10.1.0.25:15014|admin:10.1.0.25:15013|client:10.1.0.25:15012|dataStream:10.1.0.25:15015|priority:0|startupRole:FOLLOWER, 7a9e1f70-f6f2-401d-b0bf-19c30f8e2c75|rpc:10.1.0.25:15023|admin:10.1.0.25:15022|client:10.1.0.25:15021|dataStream:10.1.0.25:15024|priority:1|startupRole:FOLLOWER]|listeners:[], old=null
2023-10-17 18:42:40,574 [7a9e1f70-f6f2-401d-b0bf-19c30f8e2c75@group-A34CC59BE802-FollowerState] INFO  impl.RoleInfo (RoleInfo.java:shutdownFollowerState(110)) - 7a9e1f70-f6f2-401d-b0bf-19c30f8e2c75: shutdown 7a9e1f70-f6f2-401d-b0bf-19c30f8e2c75@group-A34CC59BE802-FollowerState
2023-10-17 18:42:40,574 [7a9e1f70-f6f2-401d-b0bf-19c30f8e2c75@group-A34CC59BE802-FollowerState] INFO  server.RaftServer$Division (RaftServerImpl.java:setRole(329)) - 7a9e1f70-f6f2-401d-b0bf-19c30f8e2c75@group-A34CC59BE802: changes role from  FOLLOWER to CANDIDATE at term 0 for changeToCandidate
2023-10-17 18:42:40,574 [7a9e1f70-f6f2-401d-b0bf-19c30f8e2c75@group-A34CC59BE802-FollowerState] INFO  server.RaftServerConfigKeys (ConfUtils.java:logGet(46)) - raft.server.leaderelection.pre-vote = true (default)
2023-10-17 18:42:40,574 [7a9e1f70-f6f2-401d-b0bf-19c30f8e2c75@group-A34CC59BE802-FollowerState] INFO  impl.RoleInfo (RoleInfo.java:updateAndGet(139)) - 7a9e1f70-f6f2-401d-b0bf-19c30f8e2c75: start 7a9e1f70-f6f2-401d-b0bf-19c30f8e2c75@group-A34CC59BE802-LeaderElection5
2023-10-17 18:42:40,578 [7a9e1f70-f6f2-401d-b0bf-19c30f8e2c75@group-A34CC59BE802-LeaderElection5] INFO  impl.LeaderElection (LeaderElection.java:askForVotes(321)) - 7a9e1f70-f6f2-401d-b0bf-19c30f8e2c75@group-A34CC59BE802-LeaderElection5 PRE_VOTE round 0: submit vote requests at term 0 for -1: peers:[7a9e1f70-f6f2-401d-b0bf-19c30f8e2c75|rpc:10.1.0.25:15023|admin:10.1.0.25:15022|client:10.1.0.25:15021|dataStream:10.1.0.25:15024|priority:1|startupRole:FOLLOWER]|listeners:[], old=null
2023-10-17 18:42:40,579 [7a9e1f70-f6f2-401d-b0bf-19c30f8e2c75@group-A34CC59BE802-LeaderElection5] INFO  impl.LeaderElection (LeaderElection.java:askForVotes(323)) - 7a9e1f70-f6f2-401d-b0bf-19c30f8e2c75@group-A34CC59BE802-LeaderElection5 PRE_VOTE round 0: result PASSED (term=0)
2023-10-17 18:42:40,592 [7a9e1f70-f6f2-401d-b0bf-19c30f8e2c75@group-A34CC59BE802-LeaderElection5] INFO  impl.LeaderElection (LeaderElection.java:askForVotes(321)) - 7a9e1f70-f6f2-401d-b0bf-19c30f8e2c75@group-A34CC59BE802-LeaderElection5 ELECTION round 0: submit vote requests at term 1 for -1: peers:[7a9e1f70-f6f2-401d-b0bf-19c30f8e2c75|rpc:10.1.0.25:15023|admin:10.1.0.25:15022|client:10.1.0.25:15021|dataStream:10.1.0.25:15024|priority:1|startupRole:FOLLOWER]|listeners:[], old=null
2023-10-17 18:42:40,592 [7a9e1f70-f6f2-401d-b0bf-19c30f8e2c75@group-A34CC59BE802-LeaderElection5] INFO  impl.LeaderElection (LeaderElection.java:askForVotes(323)) - 7a9e1f70-f6f2-401d-b0bf-19c30f8e2c75@group-A34CC59BE802-LeaderElection5 ELECTION round 0: result PASSED (term=1)
2023-10-17 18:42:40,592 [7a9e1f70-f6f2-401d-b0bf-19c30f8e2c75@group-A34CC59BE802-LeaderElection5] INFO  impl.RoleInfo (RoleInfo.java:shutdownLeaderElection(130)) - 7a9e1f70-f6f2-401d-b0bf-19c30f8e2c75: shutdown 7a9e1f70-f6f2-401d-b0bf-19c30f8e2c75@group-A34CC59BE802-LeaderElection5
2023-10-17 18:42:40,592 [7a9e1f70-f6f2-401d-b0bf-19c30f8e2c75@group-A34CC59BE802-LeaderElection5] INFO  server.RaftServer$Division (RaftServerImpl.java:setRole(329)) - 7a9e1f70-f6f2-401d-b0bf-19c30f8e2c75@group-A34CC59BE802: changes role from CANDIDATE to LEADER at term 1 for changeToLeader
2023-10-17 18:42:40,592 [7a9e1f70-f6f2-401d-b0bf-19c30f8e2c75@group-A34CC59BE802-LeaderElection5] INFO  ratis.XceiverServerRatis (XceiverServerRatis.java:handleLeaderChangedNotification(902)) - Leader change notification received for group: group-A34CC59BE802 with new leaderId: 7a9e1f70-f6f2-401d-b0bf-19c30f8e2c75
2023-10-17 18:42:40,598 [7a9e1f70-f6f2-401d-b0bf-19c30f8e2c75@group-A34CC59BE802-LeaderElection5] INFO  server.RaftServer$Division (ServerState.java:setLeader(317)) - 7a9e1f70-f6f2-401d-b0bf-19c30f8e2c75@group-A34CC59BE802: change Leader from null to 7a9e1f70-f6f2-401d-b0bf-19c30f8e2c75 at term 1 for becomeLeader, leader elected after 5106ms
2023-10-17 18:42:40,598 [7a9e1f70-f6f2-401d-b0bf-19c30f8e2c75@group-A34CC59BE802-LeaderElection5] INFO  server.RaftServerConfigKeys (ConfUtils.java:logGet(46)) - raft.server.staging.catchup.gap = 1000 (default)
2023-10-17 18:42:40,613 [7a9e1f70-f6f2-401d-b0bf-19c30f8e2c75@group-A34CC59BE802-LeaderElection5] INFO  server.RaftServerConfigKeys (ConfUtils.java:logGet(46)) - raft.server.write.element-limit = 1024 (custom)
2023-10-17 18:42:40,613 [7a9e1f70-f6f2-401d-b0bf-19c30f8e2c75@group-A34CC59BE802-LeaderElection5] INFO  server.RaftServerConfigKeys (ConfUtils.java:logGet(46)) - raft.server.write.byte-limit = 1024 M (=1073741824) (custom)
2023-10-17 18:42:40,613 [7a9e1f70-f6f2-401d-b0bf-19c30f8e2c75@group-A34CC59BE802-LeaderElection5] INFO  server.RaftServerConfigKeys (ConfUtils.java:logGet(46)) - raft.server.watch.timeout = 180s (custom)
2023-10-17 18:42:40,613 [7a9e1f70-f6f2-401d-b0bf-19c30f8e2c75@group-A34CC59BE802-LeaderElection5] INFO  server.RaftServerConfigKeys (ConfUtils.java:logGet(46)) - raft.server.watch.timeout.denomination = 1s (default)
2023-10-17 18:42:40,614 [7a9e1f70-f6f2-401d-b0bf-19c30f8e2c75@group-A34CC59BE802-LeaderElection5] INFO  server.RaftServerConfigKeys (ConfUtils.java:logGet(46)) - raft.server.watch.element-limit = 65536 (default)
2023-10-17 18:42:40,614 [7a9e1f70-f6f2-401d-b0bf-19c30f8e2c75@group-A34CC59BE802-LeaderElection5] INFO  server.RaftServerConfigKeys (ConfUtils.java:logGet(46)) - raft.server.write.element-limit = 1024 (custom)
2023-10-17 18:42:40,614 [7a9e1f70-f6f2-401d-b0bf-19c30f8e2c75@group-A34CC59BE802-LeaderElection5] INFO  server.RaftServerConfigKeys (ConfUtils.java:logGet(46)) - raft.server.write.follower.gap.ratio.max = -1.0 (default)
2023-10-17 18:42:40,614 [7a9e1f70-f6f2-401d-b0bf-19c30f8e2c75@group-A34CC59BE802-LeaderElection5] INFO  impl.RoleInfo (RoleInfo.java:updateAndGet(139)) - 7a9e1f70-f6f2-401d-b0bf-19c30f8e2c75: start 7a9e1f70-f6f2-401d-b0bf-19c30f8e2c75@group-A34CC59BE802-LeaderStateImpl
2023-10-17 18:42:40,614 [7a9e1f70-f6f2-401d-b0bf-19c30f8e2c75@group-A34CC59BE802-LeaderElection5] INFO  segmented.SegmentedRaftLogWorker (SegmentedRaftLogWorker.java:startLogSegment(447)) - 7a9e1f70-f6f2-401d-b0bf-19c30f8e2c75@group-A34CC59BE802-SegmentedRaftLogWorker: Starting segment from index:0
2023-10-17 18:42:40,632 [7a9e1f70-f6f2-401d-b0bf-19c30f8e2c75@group-A34CC59BE802-LeaderElection5] INFO  server.RaftServer$Division (ServerState.java:setRaftConf(434)) - 7a9e1f70-f6f2-401d-b0bf-19c30f8e2c75@group-A34CC59BE802: set configuration 0: peers:[7a9e1f70-f6f2-401d-b0bf-19c30f8e2c75|rpc:10.1.0.25:15023|admin:10.1.0.25:15022|client:10.1.0.25:15021|dataStream:10.1.0.25:15024|priority:1|startupRole:FOLLOWER]|listeners:[], old=null
2023-10-17 18:42:40,636 [038c9c7e-9eb5-457d-9050-7ea3cb2a2edd-server-thread1] INFO  ratis.XceiverServerRatis (XceiverServerRatis.java:handleLeaderChangedNotification(902)) - Leader change notification received for group: group-37E8A652D098 with new leaderId: 7a9e1f70-f6f2-401d-b0bf-19c30f8e2c75
2023-10-17 18:42:40,636 [038c9c7e-9eb5-457d-9050-7ea3cb2a2edd-server-thread1] INFO  server.RaftServer$Division (ServerState.java:setLeader(317)) - 038c9c7e-9eb5-457d-9050-7ea3cb2a2edd@group-37E8A652D098: change Leader from null to 7a9e1f70-f6f2-401d-b0bf-19c30f8e2c75 at term 1 for appendEntries, leader elected after 5667ms
2023-10-17 18:42:40,637 [7a9e1f70-f6f2-401d-b0bf-19c30f8e2c75@group-A34CC59BE802-SegmentedRaftLogWorker] INFO  segmented.SegmentedRaftLogWorker (SegmentedRaftLogWorker.java:execute(651)) - 7a9e1f70-f6f2-401d-b0bf-19c30f8e2c75@group-A34CC59BE802-SegmentedRaftLogWorker: created new log segment /home/runner/work/ozone/ozone/hadoop-ozone/integration-test/target/test-dir/MiniOzoneClusterImpl-15da5f49-43ae-464d-a042-f1226d21d357/datanode-1/data/ratis/25be304f-331e-4fc0-b9d1-a34cc59be802/current/log_inprogress_0
2023-10-17 18:42:40,641 [a4cc5df1-5951-42e4-b27b-dd626196f558-server-thread1] INFO  ratis.XceiverServerRatis (XceiverServerRatis.java:handleLeaderChangedNotification(902)) - Leader change notification received for group: group-37E8A652D098 with new leaderId: 7a9e1f70-f6f2-401d-b0bf-19c30f8e2c75
2023-10-17 18:42:40,641 [a4cc5df1-5951-42e4-b27b-dd626196f558-server-thread1] INFO  server.RaftServer$Division (ServerState.java:setLeader(317)) - a4cc5df1-5951-42e4-b27b-dd626196f558@group-37E8A652D098: change Leader from null to 7a9e1f70-f6f2-401d-b0bf-19c30f8e2c75 at term 1 for appendEntries, leader elected after 5089ms
2023-10-17 18:42:40,643 [7a9e1f70-f6f2-401d-b0bf-19c30f8e2c75@group-2CD7EF1F474F-FollowerState] INFO  impl.FollowerState (FollowerState.java:run(143)) - 7a9e1f70-f6f2-401d-b0bf-19c30f8e2c75@group-2CD7EF1F474F-FollowerState: change to CANDIDATE, lastRpcElapsedTime:5082361338ns, electionTimeout:5081ms
2023-10-17 18:42:40,643 [7a9e1f70-f6f2-401d-b0bf-19c30f8e2c75@group-2CD7EF1F474F-FollowerState] INFO  impl.RoleInfo (RoleInfo.java:shutdownFollowerState(110)) - 7a9e1f70-f6f2-401d-b0bf-19c30f8e2c75: shutdown 7a9e1f70-f6f2-401d-b0bf-19c30f8e2c75@group-2CD7EF1F474F-FollowerState
2023-10-17 18:42:40,643 [7a9e1f70-f6f2-401d-b0bf-19c30f8e2c75@group-2CD7EF1F474F-FollowerState] INFO  server.RaftServer$Division (RaftServerImpl.java:setRole(329)) - 7a9e1f70-f6f2-401d-b0bf-19c30f8e2c75@group-2CD7EF1F474F: changes role from  FOLLOWER to CANDIDATE at term 0 for changeToCandidate
2023-10-17 18:42:40,646 [7a9e1f70-f6f2-401d-b0bf-19c30f8e2c75@group-2CD7EF1F474F-FollowerState] INFO  server.RaftServerConfigKeys (ConfUtils.java:logGet(46)) - raft.server.leaderelection.pre-vote = true (default)
2023-10-17 18:42:40,646 [7a9e1f70-f6f2-401d-b0bf-19c30f8e2c75@group-2CD7EF1F474F-FollowerState] INFO  impl.RoleInfo (RoleInfo.java:updateAndGet(139)) - 7a9e1f70-f6f2-401d-b0bf-19c30f8e2c75: start 7a9e1f70-f6f2-401d-b0bf-19c30f8e2c75@group-2CD7EF1F474F-LeaderElection6
2023-10-17 18:42:40,659 [7a9e1f70-f6f2-401d-b0bf-19c30f8e2c75@group-2CD7EF1F474F-LeaderElection6] INFO  impl.LeaderElection (LeaderElection.java:askForVotes(321)) - 7a9e1f70-f6f2-401d-b0bf-19c30f8e2c75@group-2CD7EF1F474F-LeaderElection6 PRE_VOTE round 0: submit vote requests at term 0 for -1: peers:[a4cc5df1-5951-42e4-b27b-dd626196f558|rpc:10.1.0.25:15032|admin:10.1.0.25:15031|client:10.1.0.25:15030|dataStream:10.1.0.25:15033|priority:0|startupRole:FOLLOWER, 038c9c7e-9eb5-457d-9050-7ea3cb2a2edd|rpc:10.1.0.25:15014|admin:10.1.0.25:15013|client:10.1.0.25:15012|dataStream:10.1.0.25:15015|priority:1|startupRole:FOLLOWER, 7a9e1f70-f6f2-401d-b0bf-19c30f8e2c75|rpc:10.1.0.25:15023|admin:10.1.0.25:15022|client:10.1.0.25:15021|dataStream:10.1.0.25:15024|priority:0|startupRole:FOLLOWER]|listeners:[], old=null
2023-10-17 18:42:40,660 [7a9e1f70-f6f2-401d-b0bf-19c30f8e2c75@group-2CD7EF1F474F-LeaderElection6] INFO  server.RaftServerConfigKeys (ConfUtils.java:logFallback(53)) - raft.server.rpc.first-election.timeout.min = 5s (fallback to raft.server.rpc.timeout.min)
2023-10-17 18:42:40,660 [7a9e1f70-f6f2-401d-b0bf-19c30f8e2c75@group-2CD7EF1F474F-LeaderElection6] INFO  server.RaftServerConfigKeys (ConfUtils.java:logFallback(53)) - raft.server.rpc.first-election.timeout.max = 5200ms (fallback to raft.server.rpc.timeout.max)
2023-10-17 18:42:40,660 [a4cc5df1-5951-42e4-b27b-dd626196f558-server-thread1] INFO  server.RaftServer$Division (ServerState.java:setRaftConf(434)) - a4cc5df1-5951-42e4-b27b-dd626196f558@group-37E8A652D098: set configuration 0: peers:[a4cc5df1-5951-42e4-b27b-dd626196f558|rpc:10.1.0.25:15032|admin:10.1.0.25:15031|client:10.1.0.25:15030|dataStream:10.1.0.25:15033|priority:0|startupRole:FOLLOWER, 038c9c7e-9eb5-457d-9050-7ea3cb2a2edd|rpc:10.1.0.25:15014|admin:10.1.0.25:15013|client:10.1.0.25:15012|dataStream:10.1.0.25:15015|priority:0|startupRole:FOLLOWER, 7a9e1f70-f6f2-401d-b0bf-19c30f8e2c75|rpc:10.1.0.25:15023|admin:10.1.0.25:15022|client:10.1.0.25:15021|dataStream:10.1.0.25:15024|priority:1|startupRole:FOLLOWER]|listeners:[], old=null
2023-10-17 18:42:40,661 [a4cc5df1-5951-42e4-b27b-dd626196f558-server-thread1] INFO  segmented.SegmentedRaftLogWorker (SegmentedRaftLogWorker.java:startLogSegment(447)) - a4cc5df1-5951-42e4-b27b-dd626196f558@group-37E8A652D098-SegmentedRaftLogWorker: Starting segment from index:0
2023-10-17 18:42:40,663 [a4cc5df1-5951-42e4-b27b-dd626196f558@group-37E8A652D098-SegmentedRaftLogWorker] INFO  segmented.SegmentedRaftLogWorker (SegmentedRaftLogWorker.java:execute(651)) - a4cc5df1-5951-42e4-b27b-dd626196f558@group-37E8A652D098-SegmentedRaftLogWorker: created new log segment /home/runner/work/ozone/ozone/hadoop-ozone/integration-test/target/test-dir/MiniOzoneClusterImpl-15da5f49-43ae-464d-a042-f1226d21d357/datanode-2/data/ratis/805a4220-48d0-4c66-92fe-37e8a652d098/current/log_inprogress_0
2023-10-17 18:42:40,682 [038c9c7e-9eb5-457d-9050-7ea3cb2a2edd-server-thread3] INFO  server.RaftServer$Division (ServerState.java:setRaftConf(434)) - 038c9c7e-9eb5-457d-9050-7ea3cb2a2edd@group-37E8A652D098: set configuration 0: peers:[a4cc5df1-5951-42e4-b27b-dd626196f558|rpc:10.1.0.25:15032|admin:10.1.0.25:15031|client:10.1.0.25:15030|dataStream:10.1.0.25:15033|priority:0|startupRole:FOLLOWER, 038c9c7e-9eb5-457d-9050-7ea3cb2a2edd|rpc:10.1.0.25:15014|admin:10.1.0.25:15013|client:10.1.0.25:15012|dataStream:10.1.0.25:15015|priority:0|startupRole:FOLLOWER, 7a9e1f70-f6f2-401d-b0bf-19c30f8e2c75|rpc:10.1.0.25:15023|admin:10.1.0.25:15022|client:10.1.0.25:15021|dataStream:10.1.0.25:15024|priority:1|startupRole:FOLLOWER]|listeners:[], old=null
2023-10-17 18:42:40,683 [038c9c7e-9eb5-457d-9050-7ea3cb2a2edd-server-thread3] INFO  segmented.SegmentedRaftLogWorker (SegmentedRaftLogWorker.java:startLogSegment(447)) - 038c9c7e-9eb5-457d-9050-7ea3cb2a2edd@group-37E8A652D098-SegmentedRaftLogWorker: Starting segment from index:0
2023-10-17 18:42:40,686 [038c9c7e-9eb5-457d-9050-7ea3cb2a2edd@group-37E8A652D098-SegmentedRaftLogWorker] INFO  segmented.SegmentedRaftLogWorker (SegmentedRaftLogWorker.java:execute(651)) - 038c9c7e-9eb5-457d-9050-7ea3cb2a2edd@group-37E8A652D098-SegmentedRaftLogWorker: created new log segment /home/runner/work/ozone/ozone/hadoop-ozone/integration-test/target/test-dir/MiniOzoneClusterImpl-15da5f49-43ae-464d-a042-f1226d21d357/datanode-0/data/ratis/805a4220-48d0-4c66-92fe-37e8a652d098/current/log_inprogress_0
2023-10-17 18:42:40,691 [grpc-default-executor-1] INFO  server.RaftServer$Division (RaftServerImpl.java:requestVote(1302)) - 038c9c7e-9eb5-457d-9050-7ea3cb2a2edd@group-2CD7EF1F474F: receive requestVote(PRE_VOTE, 7a9e1f70-f6f2-401d-b0bf-19c30f8e2c75, group-2CD7EF1F474F, 0, (t:0, i:0))
2023-10-17 18:42:40,691 [grpc-default-executor-1] INFO  impl.VoteContext (VoteContext.java:log(49)) - 038c9c7e-9eb5-457d-9050-7ea3cb2a2edd@group-2CD7EF1F474F-FOLLOWER: reject PRE_VOTE from 7a9e1f70-f6f2-401d-b0bf-19c30f8e2c75: our priority 1 > candidate's priority 0
2023-10-17 18:42:40,692 [grpc-default-executor-1] INFO  server.RaftServer$Division (RaftServerImpl.java:requestVote(1335)) - 038c9c7e-9eb5-457d-9050-7ea3cb2a2edd@group-2CD7EF1F474F replies to PRE_VOTE vote request: 7a9e1f70-f6f2-401d-b0bf-19c30f8e2c75<-038c9c7e-9eb5-457d-9050-7ea3cb2a2edd#0:FAIL-t0. Peer's state: 038c9c7e-9eb5-457d-9050-7ea3cb2a2edd@group-2CD7EF1F474F:t0, leader=null, voted=, raftlog=Memoized:038c9c7e-9eb5-457d-9050-7ea3cb2a2edd@group-2CD7EF1F474F-SegmentedRaftLog:OPENED:c-1, conf=-1: peers:[a4cc5df1-5951-42e4-b27b-dd626196f558|rpc:10.1.0.25:15032|admin:10.1.0.25:15031|client:10.1.0.25:15030|dataStream:10.1.0.25:15033|priority:0|startupRole:FOLLOWER, 038c9c7e-9eb5-457d-9050-7ea3cb2a2edd|rpc:10.1.0.25:15014|admin:10.1.0.25:15013|client:10.1.0.25:15012|dataStream:10.1.0.25:15015|priority:1|startupRole:FOLLOWER, 7a9e1f70-f6f2-401d-b0bf-19c30f8e2c75|rpc:10.1.0.25:15023|admin:10.1.0.25:15022|client:10.1.0.25:15021|dataStream:10.1.0.25:15024|priority:0|startupRole:FOLLOWER]|listeners:[], old=null
2023-10-17 18:42:40,691 [grpc-default-executor-3] INFO  server.RaftServer$Division (RaftServerImpl.java:requestVote(1302)) - a4cc5df1-5951-42e4-b27b-dd626196f558@group-2CD7EF1F474F: receive requestVote(PRE_VOTE, 7a9e1f70-f6f2-401d-b0bf-19c30f8e2c75, group-2CD7EF1F474F, 0, (t:0, i:0))
2023-10-17 18:42:40,692 [grpc-default-executor-3] INFO  impl.VoteContext (VoteContext.java:log(49)) - a4cc5df1-5951-42e4-b27b-dd626196f558@group-2CD7EF1F474F-FOLLOWER: accept PRE_VOTE from 7a9e1f70-f6f2-401d-b0bf-19c30f8e2c75: our priority 0 <= candidate's priority 0
2023-10-17 18:42:40,692 [grpc-default-executor-3] INFO  server.RaftServer$Division (RaftServerImpl.java:requestVote(1335)) - a4cc5df1-5951-42e4-b27b-dd626196f558@group-2CD7EF1F474F replies to PRE_VOTE vote request: 7a9e1f70-f6f2-401d-b0bf-19c30f8e2c75<-a4cc5df1-5951-42e4-b27b-dd626196f558#0:OK-t0. Peer's state: a4cc5df1-5951-42e4-b27b-dd626196f558@group-2CD7EF1F474F:t0, leader=null, voted=, raftlog=Memoized:a4cc5df1-5951-42e4-b27b-dd626196f558@group-2CD7EF1F474F-SegmentedRaftLog:OPENED:c-1, conf=-1: peers:[a4cc5df1-5951-42e4-b27b-dd626196f558|rpc:10.1.0.25:15032|admin:10.1.0.25:15031|client:10.1.0.25:15030|dataStream:10.1.0.25:15033|priority:0|startupRole:FOLLOWER, 038c9c7e-9eb5-457d-9050-7ea3cb2a2edd|rpc:10.1.0.25:15014|admin:10.1.0.25:15013|client:10.1.0.25:15012|dataStream:10.1.0.25:15015|priority:1|startupRole:FOLLOWER, 7a9e1f70-f6f2-401d-b0bf-19c30f8e2c75|rpc:10.1.0.25:15023|admin:10.1.0.25:15022|client:10.1.0.25:15021|dataStream:10.1.0.25:15024|priority:0|startupRole:FOLLOWER]|listeners:[], old=null
2023-10-17 18:42:40,694 [7a9e1f70-f6f2-401d-b0bf-19c30f8e2c75@group-2CD7EF1F474F-LeaderElection6] INFO  impl.LeaderElection (LeaderElection.java:logAndReturn(90)) - 7a9e1f70-f6f2-401d-b0bf-19c30f8e2c75@group-2CD7EF1F474F-LeaderElection6: PRE_VOTE REJECTED received 2 response(s) and 0 exception(s):
2023-10-17 18:42:40,697 [7a9e1f70-f6f2-401d-b0bf-19c30f8e2c75@group-2CD7EF1F474F-LeaderElection6] INFO  impl.LeaderElection (LeaderElection.java:logAndReturn(94)) -   Response 0: 7a9e1f70-f6f2-401d-b0bf-19c30f8e2c75<-a4cc5df1-5951-42e4-b27b-dd626196f558#0:OK-t0
2023-10-17 18:42:40,697 [7a9e1f70-f6f2-401d-b0bf-19c30f8e2c75@group-2CD7EF1F474F-LeaderElection6] INFO  impl.LeaderElection (LeaderElection.java:logAndReturn(94)) -   Response 1: 7a9e1f70-f6f2-401d-b0bf-19c30f8e2c75<-038c9c7e-9eb5-457d-9050-7ea3cb2a2edd#0:FAIL-t0
2023-10-17 18:42:40,697 [7a9e1f70-f6f2-401d-b0bf-19c30f8e2c75@group-2CD7EF1F474F-LeaderElection6] INFO  impl.LeaderElection (LeaderElection.java:askForVotes(323)) - 7a9e1f70-f6f2-401d-b0bf-19c30f8e2c75@group-2CD7EF1F474F-LeaderElection6 PRE_VOTE round 0: result REJECTED
2023-10-17 18:42:40,697 [7a9e1f70-f6f2-401d-b0bf-19c30f8e2c75@group-2CD7EF1F474F-LeaderElection6] INFO  server.RaftServer$Division (RaftServerImpl.java:setRole(329)) - 7a9e1f70-f6f2-401d-b0bf-19c30f8e2c75@group-2CD7EF1F474F: changes role from CANDIDATE to FOLLOWER at term 0 for REJECTED
2023-10-17 18:42:40,697 [7a9e1f70-f6f2-401d-b0bf-19c30f8e2c75@group-2CD7EF1F474F-LeaderElection6] INFO  impl.RoleInfo (RoleInfo.java:shutdownLeaderElection(130)) - 7a9e1f70-f6f2-401d-b0bf-19c30f8e2c75: shutdown 7a9e1f70-f6f2-401d-b0bf-19c30f8e2c75@group-2CD7EF1F474F-LeaderElection6
2023-10-17 18:42:40,697 [7a9e1f70-f6f2-401d-b0bf-19c30f8e2c75@group-2CD7EF1F474F-LeaderElection6] INFO  impl.RoleInfo (RoleInfo.java:updateAndGet(139)) - 7a9e1f70-f6f2-401d-b0bf-19c30f8e2c75: start 7a9e1f70-f6f2-401d-b0bf-19c30f8e2c75@group-2CD7EF1F474F-FollowerState
2023-10-17 18:42:40,799 [Time-limited test] INFO  ozone.MiniOzoneClusterImpl (MiniOzoneClusterImpl.java:lambda$waitForClusterToBeReady$0(229)) - Nodes are ready. Got 3 of 3 DN Heartbeats.
2023-10-17 18:42:40,800 [Time-limited test] INFO  ozone.MiniOzoneClusterImpl (MiniOzoneClusterImpl.java:lambda$waitForClusterToBeReady$0(232)) - Cluster exits safe mode
2023-10-17 18:42:40,800 [Time-limited test] INFO  ozone.MiniOzoneClusterImpl (MiniOzoneClusterImpl.java:lambda$waitForClusterToBeReady$0(234)) - SCM became leader
2023-10-17 18:42:40,863 [038c9c7e-9eb5-457d-9050-7ea3cb2a2edd@group-2CD7EF1F474F-FollowerState] INFO  impl.FollowerState (FollowerState.java:run(143)) - 038c9c7e-9eb5-457d-9050-7ea3cb2a2edd@group-2CD7EF1F474F-FollowerState: change to CANDIDATE, lastRpcElapsedTime:5016968491ns, electionTimeout:5011ms
2023-10-17 18:42:40,863 [038c9c7e-9eb5-457d-9050-7ea3cb2a2edd@group-2CD7EF1F474F-FollowerState] INFO  impl.RoleInfo (RoleInfo.java:shutdownFollowerState(110)) - 038c9c7e-9eb5-457d-9050-7ea3cb2a2edd: shutdown 038c9c7e-9eb5-457d-9050-7ea3cb2a2edd@group-2CD7EF1F474F-FollowerState
2023-10-17 18:42:40,863 [038c9c7e-9eb5-457d-9050-7ea3cb2a2edd@group-2CD7EF1F474F-FollowerState] INFO  server.RaftServer$Division (RaftServerImpl.java:setRole(329)) - 038c9c7e-9eb5-457d-9050-7ea3cb2a2edd@group-2CD7EF1F474F: changes role from  FOLLOWER to CANDIDATE at term 0 for changeToCandidate
2023-10-17 18:42:40,863 [038c9c7e-9eb5-457d-9050-7ea3cb2a2edd@group-2CD7EF1F474F-FollowerState] INFO  server.RaftServerConfigKeys (ConfUtils.java:logGet(46)) - raft.server.leaderelection.pre-vote = true (default)
2023-10-17 18:42:40,863 [038c9c7e-9eb5-457d-9050-7ea3cb2a2edd@group-2CD7EF1F474F-FollowerState] INFO  impl.RoleInfo (RoleInfo.java:updateAndGet(139)) - 038c9c7e-9eb5-457d-9050-7ea3cb2a2edd: start 038c9c7e-9eb5-457d-9050-7ea3cb2a2edd@group-2CD7EF1F474F-LeaderElection7
2023-10-17 18:42:40,867 [038c9c7e-9eb5-457d-9050-7ea3cb2a2edd@group-2CD7EF1F474F-LeaderElection7] INFO  impl.LeaderElection (LeaderElection.java:askForVotes(321)) - 038c9c7e-9eb5-457d-9050-7ea3cb2a2edd@group-2CD7EF1F474F-LeaderElection7 PRE_VOTE round 0: submit vote requests at term 0 for -1: peers:[a4cc5df1-5951-42e4-b27b-dd626196f558|rpc:10.1.0.25:15032|admin:10.1.0.25:15031|client:10.1.0.25:15030|dataStream:10.1.0.25:15033|priority:0|startupRole:FOLLOWER, 038c9c7e-9eb5-457d-9050-7ea3cb2a2edd|rpc:10.1.0.25:15014|admin:10.1.0.25:15013|client:10.1.0.25:15012|dataStream:10.1.0.25:15015|priority:1|startupRole:FOLLOWER, 7a9e1f70-f6f2-401d-b0bf-19c30f8e2c75|rpc:10.1.0.25:15023|admin:10.1.0.25:15022|client:10.1.0.25:15021|dataStream:10.1.0.25:15024|priority:0|startupRole:FOLLOWER]|listeners:[], old=null
2023-10-17 18:42:40,873 [038c9c7e-9eb5-457d-9050-7ea3cb2a2edd@group-2CD7EF1F474F-LeaderElection7] INFO  server.RaftServerConfigKeys (ConfUtils.java:logFallback(53)) - raft.server.rpc.first-election.timeout.min = 5s (fallback to raft.server.rpc.timeout.min)
2023-10-17 18:42:40,873 [038c9c7e-9eb5-457d-9050-7ea3cb2a2edd@group-2CD7EF1F474F-LeaderElection7] INFO  server.RaftServerConfigKeys (ConfUtils.java:logFallback(53)) - raft.server.rpc.first-election.timeout.max = 5200ms (fallback to raft.server.rpc.timeout.max)
2023-10-17 18:42:40,874 [grpc-default-executor-4] INFO  server.RaftServer$Division (RaftServerImpl.java:requestVote(1302)) - a4cc5df1-5951-42e4-b27b-dd626196f558@group-2CD7EF1F474F: receive requestVote(PRE_VOTE, 038c9c7e-9eb5-457d-9050-7ea3cb2a2edd, group-2CD7EF1F474F, 0, (t:0, i:0))
2023-10-17 18:42:40,875 [grpc-default-executor-4] INFO  impl.VoteContext (VoteContext.java:log(49)) - a4cc5df1-5951-42e4-b27b-dd626196f558@group-2CD7EF1F474F-FOLLOWER: accept PRE_VOTE from 038c9c7e-9eb5-457d-9050-7ea3cb2a2edd: our priority 0 <= candidate's priority 1
2023-10-17 18:42:40,876 [grpc-default-executor-4] INFO  server.RaftServer$Division (RaftServerImpl.java:requestVote(1335)) - a4cc5df1-5951-42e4-b27b-dd626196f558@group-2CD7EF1F474F replies to PRE_VOTE vote request: 038c9c7e-9eb5-457d-9050-7ea3cb2a2edd<-a4cc5df1-5951-42e4-b27b-dd626196f558#0:OK-t0. Peer's state: a4cc5df1-5951-42e4-b27b-dd626196f558@group-2CD7EF1F474F:t0, leader=null, voted=, raftlog=Memoized:a4cc5df1-5951-42e4-b27b-dd626196f558@group-2CD7EF1F474F-SegmentedRaftLog:OPENED:c-1, conf=-1: peers:[a4cc5df1-5951-42e4-b27b-dd626196f558|rpc:10.1.0.25:15032|admin:10.1.0.25:15031|client:10.1.0.25:15030|dataStream:10.1.0.25:15033|priority:0|startupRole:FOLLOWER, 038c9c7e-9eb5-457d-9050-7ea3cb2a2edd|rpc:10.1.0.25:15014|admin:10.1.0.25:15013|client:10.1.0.25:15012|dataStream:10.1.0.25:15015|priority:1|startupRole:FOLLOWER, 7a9e1f70-f6f2-401d-b0bf-19c30f8e2c75|rpc:10.1.0.25:15023|admin:10.1.0.25:15022|client:10.1.0.25:15021|dataStream:10.1.0.25:15024|priority:0|startupRole:FOLLOWER]|listeners:[], old=null
2023-10-17 18:42:40,880 [038c9c7e-9eb5-457d-9050-7ea3cb2a2edd@group-2CD7EF1F474F-LeaderElection7] INFO  impl.LeaderElection (LeaderElection.java:logAndReturn(90)) - 038c9c7e-9eb5-457d-9050-7ea3cb2a2edd@group-2CD7EF1F474F-LeaderElection7: PRE_VOTE PASSED received 1 response(s) and 0 exception(s):
2023-10-17 18:42:40,880 [038c9c7e-9eb5-457d-9050-7ea3cb2a2edd@group-2CD7EF1F474F-LeaderElection7] INFO  impl.LeaderElection (LeaderElection.java:logAndReturn(94)) -   Response 0: 038c9c7e-9eb5-457d-9050-7ea3cb2a2edd<-a4cc5df1-5951-42e4-b27b-dd626196f558#0:OK-t0
2023-10-17 18:42:40,880 [038c9c7e-9eb5-457d-9050-7ea3cb2a2edd@group-2CD7EF1F474F-LeaderElection7] INFO  impl.LeaderElection (LeaderElection.java:askForVotes(323)) - 038c9c7e-9eb5-457d-9050-7ea3cb2a2edd@group-2CD7EF1F474F-LeaderElection7 PRE_VOTE round 0: result PASSED
2023-10-17 18:42:40,881 [038c9c7e-9eb5-457d-9050-7ea3cb2a2edd@group-2CD7EF1F474F-LeaderElection7] INFO  impl.LeaderElection (LeaderElection.java:askForVotes(321)) - 038c9c7e-9eb5-457d-9050-7ea3cb2a2edd@group-2CD7EF1F474F-LeaderElection7 ELECTION round 0: submit vote requests at term 1 for -1: peers:[a4cc5df1-5951-42e4-b27b-dd626196f558|rpc:10.1.0.25:15032|admin:10.1.0.25:15031|client:10.1.0.25:15030|dataStream:10.1.0.25:15033|priority:0|startupRole:FOLLOWER, 038c9c7e-9eb5-457d-9050-7ea3cb2a2edd|rpc:10.1.0.25:15014|admin:10.1.0.25:15013|client:10.1.0.25:15012|dataStream:10.1.0.25:15015|priority:1|startupRole:FOLLOWER, 7a9e1f70-f6f2-401d-b0bf-19c30f8e2c75|rpc:10.1.0.25:15023|admin:10.1.0.25:15022|client:10.1.0.25:15021|dataStream:10.1.0.25:15024|priority:0|startupRole:FOLLOWER]|listeners:[], old=null
2023-10-17 18:42:40,882 [038c9c7e-9eb5-457d-9050-7ea3cb2a2edd@group-2CD7EF1F474F-LeaderElection7] INFO  server.RaftServerConfigKeys (ConfUtils.java:logFallback(53)) - raft.server.rpc.first-election.timeout.min = 5s (fallback to raft.server.rpc.timeout.min)
2023-10-17 18:42:40,882 [038c9c7e-9eb5-457d-9050-7ea3cb2a2edd@group-2CD7EF1F474F-LeaderElection7] INFO  server.RaftServerConfigKeys (ConfUtils.java:logFallback(53)) - raft.server.rpc.first-election.timeout.max = 5200ms (fallback to raft.server.rpc.timeout.max)
2023-10-17 18:42:40,886 [grpc-default-executor-4] INFO  server.RaftServer$Division (RaftServerImpl.java:requestVote(1302)) - 7a9e1f70-f6f2-401d-b0bf-19c30f8e2c75@group-2CD7EF1F474F: receive requestVote(PRE_VOTE, 038c9c7e-9eb5-457d-9050-7ea3cb2a2edd, group-2CD7EF1F474F, 0, (t:0, i:0))
2023-10-17 18:42:40,886 [grpc-default-executor-2] INFO  server.RaftServer$Division (RaftServerImpl.java:requestVote(1302)) - 7a9e1f70-f6f2-401d-b0bf-19c30f8e2c75@group-2CD7EF1F474F: receive requestVote(ELECTION, 038c9c7e-9eb5-457d-9050-7ea3cb2a2edd, group-2CD7EF1F474F, 1, (t:0, i:0))
2023-10-17 18:42:40,886 [grpc-default-executor-3] INFO  server.RaftServer$Division (RaftServerImpl.java:requestVote(1302)) - a4cc5df1-5951-42e4-b27b-dd626196f558@group-2CD7EF1F474F: receive requestVote(ELECTION, 038c9c7e-9eb5-457d-9050-7ea3cb2a2edd, group-2CD7EF1F474F, 1, (t:0, i:0))
2023-10-17 18:42:40,888 [grpc-default-executor-3] INFO  impl.VoteContext (VoteContext.java:log(49)) - a4cc5df1-5951-42e4-b27b-dd626196f558@group-2CD7EF1F474F-FOLLOWER: accept ELECTION from 038c9c7e-9eb5-457d-9050-7ea3cb2a2edd: our priority 0 <= candidate's priority 1
2023-10-17 18:42:40,888 [grpc-default-executor-3] INFO  server.RaftServer$Division (RaftServerImpl.java:setRole(329)) - a4cc5df1-5951-42e4-b27b-dd626196f558@group-2CD7EF1F474F: changes role from  FOLLOWER to FOLLOWER at term 1 for candidate:038c9c7e-9eb5-457d-9050-7ea3cb2a2edd
2023-10-17 18:42:40,888 [grpc-default-executor-3] INFO  impl.RoleInfo (RoleInfo.java:shutdownFollowerState(110)) - a4cc5df1-5951-42e4-b27b-dd626196f558: shutdown a4cc5df1-5951-42e4-b27b-dd626196f558@group-2CD7EF1F474F-FollowerState
2023-10-17 18:42:40,888 [grpc-default-executor-3] INFO  impl.RoleInfo (RoleInfo.java:updateAndGet(139)) - a4cc5df1-5951-42e4-b27b-dd626196f558: start a4cc5df1-5951-42e4-b27b-dd626196f558@group-2CD7EF1F474F-FollowerState
2023-10-17 18:42:40,888 [a4cc5df1-5951-42e4-b27b-dd626196f558@group-2CD7EF1F474F-FollowerState] INFO  impl.FollowerState (FollowerState.java:run(152)) - a4cc5df1-5951-42e4-b27b-dd626196f558@group-2CD7EF1F474F-FollowerState was interrupted
2023-10-17 18:42:40,890 [grpc-default-executor-4] INFO  impl.VoteContext (VoteContext.java:log(49)) - 7a9e1f70-f6f2-401d-b0bf-19c30f8e2c75@group-2CD7EF1F474F-FOLLOWER: accept PRE_VOTE from 038c9c7e-9eb5-457d-9050-7ea3cb2a2edd: our priority 0 <= candidate's priority 1
2023-10-17 18:42:40,890 [grpc-default-executor-4] INFO  server.RaftServer$Division (RaftServerImpl.java:requestVote(1335)) - 7a9e1f70-f6f2-401d-b0bf-19c30f8e2c75@group-2CD7EF1F474F replies to PRE_VOTE vote request: 038c9c7e-9eb5-457d-9050-7ea3cb2a2edd<-7a9e1f70-f6f2-401d-b0bf-19c30f8e2c75#0:OK-t0. Peer's state: 7a9e1f70-f6f2-401d-b0bf-19c30f8e2c75@group-2CD7EF1F474F:t0, leader=null, voted=, raftlog=Memoized:7a9e1f70-f6f2-401d-b0bf-19c30f8e2c75@group-2CD7EF1F474F-SegmentedRaftLog:OPENED:c-1, conf=-1: peers:[a4cc5df1-5951-42e4-b27b-dd626196f558|rpc:10.1.0.25:15032|admin:10.1.0.25:15031|client:10.1.0.25:15030|dataStream:10.1.0.25:15033|priority:0|startupRole:FOLLOWER, 038c9c7e-9eb5-457d-9050-7ea3cb2a2edd|rpc:10.1.0.25:15014|admin:10.1.0.25:15013|client:10.1.0.25:15012|dataStream:10.1.0.25:15015|priority:1|startupRole:FOLLOWER, 7a9e1f70-f6f2-401d-b0bf-19c30f8e2c75|rpc:10.1.0.25:15023|admin:10.1.0.25:15022|client:10.1.0.25:15021|dataStream:10.1.0.25:15024|priority:0|startupRole:FOLLOWER]|listeners:[], old=null
2023-10-17 18:42:40,890 [grpc-default-executor-2] INFO  impl.VoteContext (VoteContext.java:log(49)) - 7a9e1f70-f6f2-401d-b0bf-19c30f8e2c75@group-2CD7EF1F474F-FOLLOWER: accept ELECTION from 038c9c7e-9eb5-457d-9050-7ea3cb2a2edd: our priority 0 <= candidate's priority 1
2023-10-17 18:42:40,891 [grpc-default-executor-2] INFO  server.RaftServer$Division (RaftServerImpl.java:setRole(329)) - 7a9e1f70-f6f2-401d-b0bf-19c30f8e2c75@group-2CD7EF1F474F: changes role from  FOLLOWER to FOLLOWER at term 1 for candidate:038c9c7e-9eb5-457d-9050-7ea3cb2a2edd
2023-10-17 18:42:40,891 [grpc-default-executor-2] INFO  impl.RoleInfo (RoleInfo.java:shutdownFollowerState(110)) - 7a9e1f70-f6f2-401d-b0bf-19c30f8e2c75: shutdown 7a9e1f70-f6f2-401d-b0bf-19c30f8e2c75@group-2CD7EF1F474F-FollowerState
2023-10-17 18:42:40,895 [grpc-default-executor-3] INFO  server.RaftServer$Division (RaftServerImpl.java:requestVote(1335)) - a4cc5df1-5951-42e4-b27b-dd626196f558@group-2CD7EF1F474F replies to ELECTION vote request: 038c9c7e-9eb5-457d-9050-7ea3cb2a2edd<-a4cc5df1-5951-42e4-b27b-dd626196f558#0:OK-t1. Peer's state: a4cc5df1-5951-42e4-b27b-dd626196f558@group-2CD7EF1F474F:t1, leader=null, voted=038c9c7e-9eb5-457d-9050-7ea3cb2a2edd, raftlog=Memoized:a4cc5df1-5951-42e4-b27b-dd626196f558@group-2CD7EF1F474F-SegmentedRaftLog:OPENED:c-1, conf=-1: peers:[a4cc5df1-5951-42e4-b27b-dd626196f558|rpc:10.1.0.25:15032|admin:10.1.0.25:15031|client:10.1.0.25:15030|dataStream:10.1.0.25:15033|priority:0|startupRole:FOLLOWER, 038c9c7e-9eb5-457d-9050-7ea3cb2a2edd|rpc:10.1.0.25:15014|admin:10.1.0.25:15013|client:10.1.0.25:15012|dataStream:10.1.0.25:15015|priority:1|startupRole:FOLLOWER, 7a9e1f70-f6f2-401d-b0bf-19c30f8e2c75|rpc:10.1.0.25:15023|admin:10.1.0.25:15022|client:10.1.0.25:15021|dataStream:10.1.0.25:15024|priority:0|startupRole:FOLLOWER]|listeners:[], old=null
2023-10-17 18:42:40,898 [7a9e1f70-f6f2-401d-b0bf-19c30f8e2c75@group-2CD7EF1F474F-FollowerState] INFO  impl.FollowerState (FollowerState.java:run(152)) - 7a9e1f70-f6f2-401d-b0bf-19c30f8e2c75@group-2CD7EF1F474F-FollowerState was interrupted
2023-10-17 18:42:40,898 [grpc-default-executor-2] INFO  impl.RoleInfo (RoleInfo.java:updateAndGet(139)) - 7a9e1f70-f6f2-401d-b0bf-19c30f8e2c75: start 7a9e1f70-f6f2-401d-b0bf-19c30f8e2c75@group-2CD7EF1F474F-FollowerState
2023-10-17 18:42:40,905 [038c9c7e-9eb5-457d-9050-7ea3cb2a2edd@group-2CD7EF1F474F-LeaderElection7] INFO  impl.LeaderElection (LeaderElection.java:logAndReturn(90)) - 038c9c7e-9eb5-457d-9050-7ea3cb2a2edd@group-2CD7EF1F474F-LeaderElection7: ELECTION PASSED received 1 response(s) and 0 exception(s):
2023-10-17 18:42:40,906 [038c9c7e-9eb5-457d-9050-7ea3cb2a2edd@group-2CD7EF1F474F-LeaderElection7] INFO  impl.LeaderElection (LeaderElection.java:logAndReturn(94)) -   Response 0: 038c9c7e-9eb5-457d-9050-7ea3cb2a2edd<-a4cc5df1-5951-42e4-b27b-dd626196f558#0:OK-t1
2023-10-17 18:42:40,906 [038c9c7e-9eb5-457d-9050-7ea3cb2a2edd@group-2CD7EF1F474F-LeaderElection7] INFO  impl.LeaderElection (LeaderElection.java:askForVotes(323)) - 038c9c7e-9eb5-457d-9050-7ea3cb2a2edd@group-2CD7EF1F474F-LeaderElection7 ELECTION round 0: result PASSED
2023-10-17 18:42:40,906 [038c9c7e-9eb5-457d-9050-7ea3cb2a2edd@group-2CD7EF1F474F-LeaderElection7] INFO  impl.RoleInfo (RoleInfo.java:shutdownLeaderElection(130)) - 038c9c7e-9eb5-457d-9050-7ea3cb2a2edd: shutdown 038c9c7e-9eb5-457d-9050-7ea3cb2a2edd@group-2CD7EF1F474F-LeaderElection7
2023-10-17 18:42:40,906 [038c9c7e-9eb5-457d-9050-7ea3cb2a2edd@group-2CD7EF1F474F-LeaderElection7] INFO  server.RaftServer$Division (RaftServerImpl.java:setRole(329)) - 038c9c7e-9eb5-457d-9050-7ea3cb2a2edd@group-2CD7EF1F474F: changes role from CANDIDATE to LEADER at term 1 for changeToLeader
2023-10-17 18:42:40,906 [038c9c7e-9eb5-457d-9050-7ea3cb2a2edd@group-2CD7EF1F474F-LeaderElection7] INFO  ratis.XceiverServerRatis (XceiverServerRatis.java:handleLeaderChangedNotification(902)) - Leader change notification received for group: group-2CD7EF1F474F with new leaderId: 038c9c7e-9eb5-457d-9050-7ea3cb2a2edd
2023-10-17 18:42:40,906 [038c9c7e-9eb5-457d-9050-7ea3cb2a2edd@group-2CD7EF1F474F-LeaderElection7] INFO  server.RaftServer$Division (ServerState.java:setLeader(317)) - 038c9c7e-9eb5-457d-9050-7ea3cb2a2edd@group-2CD7EF1F474F: change Leader from null to 038c9c7e-9eb5-457d-9050-7ea3cb2a2edd at term 1 for becomeLeader, leader elected after 5093ms
2023-10-17 18:42:40,906 [038c9c7e-9eb5-457d-9050-7ea3cb2a2edd@group-2CD7EF1F474F-LeaderElection7] INFO  server.RaftServerConfigKeys (ConfUtils.java:logGet(46)) - raft.server.staging.catchup.gap = 1000 (default)
2023-10-17 18:42:40,907 [038c9c7e-9eb5-457d-9050-7ea3cb2a2edd@group-2CD7EF1F474F-LeaderElection7] INFO  server.RaftServerConfigKeys (ConfUtils.java:logGet(46)) - raft.server.write.element-limit = 1024 (custom)
2023-10-17 18:42:40,907 [038c9c7e-9eb5-457d-9050-7ea3cb2a2edd@group-2CD7EF1F474F-LeaderElection7] INFO  server.RaftServerConfigKeys (ConfUtils.java:logGet(46)) - raft.server.write.byte-limit = 1024 M (=1073741824) (custom)
2023-10-17 18:42:40,907 [038c9c7e-9eb5-457d-9050-7ea3cb2a2edd@group-2CD7EF1F474F-LeaderElection7] INFO  server.RaftServerConfigKeys (ConfUtils.java:logGet(46)) - raft.server.watch.timeout = 180s (custom)
2023-10-17 18:42:40,907 [038c9c7e-9eb5-457d-9050-7ea3cb2a2edd@group-2CD7EF1F474F-LeaderElection7] INFO  server.RaftServerConfigKeys (ConfUtils.java:logGet(46)) - raft.server.watch.timeout.denomination = 1s (default)
2023-10-17 18:42:40,907 [038c9c7e-9eb5-457d-9050-7ea3cb2a2edd@group-2CD7EF1F474F-LeaderElection7] INFO  server.RaftServerConfigKeys (ConfUtils.java:logGet(46)) - raft.server.watch.element-limit = 65536 (default)
2023-10-17 18:42:40,907 [038c9c7e-9eb5-457d-9050-7ea3cb2a2edd@group-2CD7EF1F474F-LeaderElection7] INFO  server.RaftServerConfigKeys (ConfUtils.java:logGet(46)) - raft.server.write.element-limit = 1024 (custom)
2023-10-17 18:42:40,907 [038c9c7e-9eb5-457d-9050-7ea3cb2a2edd@group-2CD7EF1F474F-LeaderElection7] INFO  server.RaftServerConfigKeys (ConfUtils.java:logGet(46)) - raft.server.write.follower.gap.ratio.max = -1.0 (default)
2023-10-17 18:42:40,908 [038c9c7e-9eb5-457d-9050-7ea3cb2a2edd@group-2CD7EF1F474F-LeaderElection7] INFO  server.RaftServerConfigKeys (ConfUtils.java:logGet(46)) - raft.server.log.appender.snapshot.chunk.size.max = 16MB (=16777216) (default)
2023-10-17 18:42:40,908 [038c9c7e-9eb5-457d-9050-7ea3cb2a2edd@group-2CD7EF1F474F-LeaderElection7] INFO  server.RaftServerConfigKeys (ConfUtils.java:logGet(46)) - raft.server.log.appender.buffer.byte-limit = 33554432 (custom)
2023-10-17 18:42:40,908 [038c9c7e-9eb5-457d-9050-7ea3cb2a2edd@group-2CD7EF1F474F-LeaderElection7] INFO  server.RaftServerConfigKeys (ConfUtils.java:logGet(46)) - raft.server.log.appender.buffer.element-limit = 1 (custom)
2023-10-17 18:42:40,908 [038c9c7e-9eb5-457d-9050-7ea3cb2a2edd@group-2CD7EF1F474F-LeaderElection7] INFO  server.RaftServerConfigKeys (ConfUtils.java:logGet(46)) - raft.server.log.appender.wait-time.min = 1ms (custom)
2023-10-17 18:42:40,908 [038c9c7e-9eb5-457d-9050-7ea3cb2a2edd@group-2CD7EF1F474F-LeaderElection7] INFO  grpc.GrpcConfigKeys (ConfUtils.java:logGet(46)) - raft.grpc.server.leader.outstanding.appends.max = 128 (default)
2023-10-17 18:42:40,909 [038c9c7e-9eb5-457d-9050-7ea3cb2a2edd@group-2CD7EF1F474F-LeaderElection7] INFO  server.RaftServerConfigKeys (ConfUtils.java:logGet(46)) - raft.server.rpc.request.timeout = 60s (custom)
2023-10-17 18:42:40,909 [038c9c7e-9eb5-457d-9050-7ea3cb2a2edd@group-2CD7EF1F474F-LeaderElection7] INFO  grpc.GrpcConfigKeys (ConfUtils.java:logGet(46)) - raft.grpc.server.install_snapshot.request.element-limit = 8 (default)
2023-10-17 18:42:40,909 [038c9c7e-9eb5-457d-9050-7ea3cb2a2edd@group-2CD7EF1F474F-LeaderElection7] INFO  grpc.GrpcConfigKeys (ConfUtils.java:logGet(46)) - raft.grpc.server.install_snapshot.request.timeout = 3000ms (default)
2023-10-17 18:42:40,909 [038c9c7e-9eb5-457d-9050-7ea3cb2a2edd@group-2CD7EF1F474F-LeaderElection7] INFO  server.RaftServerConfigKeys (ConfUtils.java:logGet(46)) - raft.server.log.appender.install.snapshot.enabled = false (custom)
2023-10-17 18:42:40,909 [038c9c7e-9eb5-457d-9050-7ea3cb2a2edd@group-2CD7EF1F474F-LeaderElection7] INFO  grpc.GrpcConfigKeys (ConfUtils.java:logGet(46)) - raft.grpc.server.heartbeat.channel = true (default)
2023-10-17 18:42:40,909 [038c9c7e-9eb5-457d-9050-7ea3cb2a2edd@group-2CD7EF1F474F-LeaderElection7] INFO  server.RaftServerConfigKeys (ConfUtils.java:logGet(46)) - raft.server.log.appender.snapshot.chunk.size.max = 16MB (=16777216) (default)
2023-10-17 18:42:40,910 [038c9c7e-9eb5-457d-9050-7ea3cb2a2edd@group-2CD7EF1F474F-LeaderElection7] INFO  server.RaftServerConfigKeys (ConfUtils.java:logGet(46)) - raft.server.log.appender.buffer.byte-limit = 33554432 (custom)
2023-10-17 18:42:40,910 [038c9c7e-9eb5-457d-9050-7ea3cb2a2edd@group-2CD7EF1F474F-LeaderElection7] INFO  server.RaftServerConfigKeys (ConfUtils.java:logGet(46)) - raft.server.log.appender.buffer.element-limit = 1 (custom)
2023-10-17 18:42:40,910 [038c9c7e-9eb5-457d-9050-7ea3cb2a2edd@group-2CD7EF1F474F-LeaderElection7] INFO  server.RaftServerConfigKeys (ConfUtils.java:logGet(46)) - raft.server.log.appender.wait-time.min = 1ms (custom)
2023-10-17 18:42:40,910 [038c9c7e-9eb5-457d-9050-7ea3cb2a2edd@group-2CD7EF1F474F-LeaderElection7] INFO  grpc.GrpcConfigKeys (ConfUtils.java:logGet(46)) - raft.grpc.server.leader.outstanding.appends.max = 128 (default)
2023-10-17 18:42:40,910 [038c9c7e-9eb5-457d-9050-7ea3cb2a2edd@group-2CD7EF1F474F-LeaderElection7] INFO  server.RaftServerConfigKeys (ConfUtils.java:logGet(46)) - raft.server.rpc.request.timeout = 60s (custom)
2023-10-17 18:42:40,910 [038c9c7e-9eb5-457d-9050-7ea3cb2a2edd@group-2CD7EF1F474F-LeaderElection7] INFO  grpc.GrpcConfigKeys (ConfUtils.java:logGet(46)) - raft.grpc.server.install_snapshot.request.element-limit = 8 (default)
2023-10-17 18:42:40,910 [038c9c7e-9eb5-457d-9050-7ea3cb2a2edd@group-2CD7EF1F474F-LeaderElection7] INFO  grpc.GrpcConfigKeys (ConfUtils.java:logGet(46)) - raft.grpc.server.install_snapshot.request.timeout = 3000ms (default)
2023-10-17 18:42:40,910 [038c9c7e-9eb5-457d-9050-7ea3cb2a2edd@group-2CD7EF1F474F-LeaderElection7] INFO  server.RaftServerConfigKeys (ConfUtils.java:logGet(46)) - raft.server.log.appender.install.snapshot.enabled = false (custom)
2023-10-17 18:42:40,910 [038c9c7e-9eb5-457d-9050-7ea3cb2a2edd@group-2CD7EF1F474F-LeaderElection7] INFO  grpc.GrpcConfigKeys (ConfUtils.java:logGet(46)) - raft.grpc.server.heartbeat.channel = true (default)
2023-10-17 18:42:40,910 [038c9c7e-9eb5-457d-9050-7ea3cb2a2edd@group-2CD7EF1F474F-LeaderElection7] INFO  impl.RoleInfo (RoleInfo.java:updateAndGet(139)) - 038c9c7e-9eb5-457d-9050-7ea3cb2a2edd: start 038c9c7e-9eb5-457d-9050-7ea3cb2a2edd@group-2CD7EF1F474F-LeaderStateImpl
2023-10-17 18:42:40,910 [038c9c7e-9eb5-457d-9050-7ea3cb2a2edd@group-2CD7EF1F474F-LeaderElection7] INFO  segmented.SegmentedRaftLogWorker (SegmentedRaftLogWorker.java:startLogSegment(447)) - 038c9c7e-9eb5-457d-9050-7ea3cb2a2edd@group-2CD7EF1F474F-SegmentedRaftLogWorker: Starting segment from index:0
2023-10-17 18:42:40,915 [grpc-default-executor-2] INFO  server.RaftServer$Division (RaftServerImpl.java:requestVote(1335)) - 7a9e1f70-f6f2-401d-b0bf-19c30f8e2c75@group-2CD7EF1F474F replies to ELECTION vote request: 038c9c7e-9eb5-457d-9050-7ea3cb2a2edd<-7a9e1f70-f6f2-401d-b0bf-19c30f8e2c75#0:OK-t1. Peer's state: 7a9e1f70-f6f2-401d-b0bf-19c30f8e2c75@group-2CD7EF1F474F:t1, leader=null, voted=038c9c7e-9eb5-457d-9050-7ea3cb2a2edd, raftlog=Memoized:7a9e1f70-f6f2-401d-b0bf-19c30f8e2c75@group-2CD7EF1F474F-SegmentedRaftLog:OPENED:c-1, conf=-1: peers:[a4cc5df1-5951-42e4-b27b-dd626196f558|rpc:10.1.0.25:15032|admin:10.1.0.25:15031|client:10.1.0.25:15030|dataStream:10.1.0.25:15033|priority:0|startupRole:FOLLOWER, 038c9c7e-9eb5-457d-9050-7ea3cb2a2edd|rpc:10.1.0.25:15014|admin:10.1.0.25:15013|client:10.1.0.25:15012|dataStream:10.1.0.25:15015|priority:1|startupRole:FOLLOWER, 7a9e1f70-f6f2-401d-b0bf-19c30f8e2c75|rpc:10.1.0.25:15023|admin:10.1.0.25:15022|client:10.1.0.25:15021|dataStream:10.1.0.25:15024|priority:0|startupRole:FOLLOWER]|listeners:[], old=null
2023-10-17 18:42:40,915 [038c9c7e-9eb5-457d-9050-7ea3cb2a2edd@group-2CD7EF1F474F-SegmentedRaftLogWorker] INFO  segmented.SegmentedRaftLogWorker (SegmentedRaftLogWorker.java:execute(651)) - 038c9c7e-9eb5-457d-9050-7ea3cb2a2edd@group-2CD7EF1F474F-SegmentedRaftLogWorker: created new log segment /home/runner/work/ozone/ozone/hadoop-ozone/integration-test/target/test-dir/MiniOzoneClusterImpl-15da5f49-43ae-464d-a042-f1226d21d357/datanode-0/data/ratis/699a70fa-b58a-4b76-9823-2cd7ef1f474f/current/log_inprogress_0
2023-10-17 18:42:40,923 [038c9c7e-9eb5-457d-9050-7ea3cb2a2edd@group-2CD7EF1F474F-LeaderElection7] INFO  server.RaftServer$Division (ServerState.java:setRaftConf(434)) - 038c9c7e-9eb5-457d-9050-7ea3cb2a2edd@group-2CD7EF1F474F: set configuration 0: peers:[a4cc5df1-5951-42e4-b27b-dd626196f558|rpc:10.1.0.25:15032|admin:10.1.0.25:15031|client:10.1.0.25:15030|dataStream:10.1.0.25:15033|priority:0|startupRole:FOLLOWER, 038c9c7e-9eb5-457d-9050-7ea3cb2a2edd|rpc:10.1.0.25:15014|admin:10.1.0.25:15013|client:10.1.0.25:15012|dataStream:10.1.0.25:15015|priority:1|startupRole:FOLLOWER, 7a9e1f70-f6f2-401d-b0bf-19c30f8e2c75|rpc:10.1.0.25:15023|admin:10.1.0.25:15022|client:10.1.0.25:15021|dataStream:10.1.0.25:15024|priority:0|startupRole:FOLLOWER]|listeners:[], old=null
2023-10-17 18:42:40,926 [EventQueue-PipelineReportForPipelineReportHandler] INFO  pipeline.PipelineReportHandler (PipelineReportHandler.java:processPipelineReport(136)) - Opened pipeline PipelineID=699a70fa-b58a-4b76-9823-2cd7ef1f474f
2023-10-17 18:42:40,952 [7a9e1f70-f6f2-401d-b0bf-19c30f8e2c75-server-thread1] INFO  ratis.XceiverServerRatis (XceiverServerRatis.java:handleLeaderChangedNotification(902)) - Leader change notification received for group: group-2CD7EF1F474F with new leaderId: 038c9c7e-9eb5-457d-9050-7ea3cb2a2edd
2023-10-17 18:42:40,953 [7a9e1f70-f6f2-401d-b0bf-19c30f8e2c75-server-thread1] INFO  server.RaftServer$Division (ServerState.java:setLeader(317)) - 7a9e1f70-f6f2-401d-b0bf-19c30f8e2c75@group-2CD7EF1F474F: change Leader from null to 038c9c7e-9eb5-457d-9050-7ea3cb2a2edd at term 1 for appendEntries, leader elected after 5431ms
2023-10-17 18:42:40,956 [a4cc5df1-5951-42e4-b27b-dd626196f558-server-thread1] INFO  ratis.XceiverServerRatis (XceiverServerRatis.java:handleLeaderChangedNotification(902)) - Leader change notification received for group: group-2CD7EF1F474F with new leaderId: 038c9c7e-9eb5-457d-9050-7ea3cb2a2edd
2023-10-17 18:42:40,956 [a4cc5df1-5951-42e4-b27b-dd626196f558-server-thread1] INFO  server.RaftServer$Division (ServerState.java:setLeader(317)) - a4cc5df1-5951-42e4-b27b-dd626196f558@group-2CD7EF1F474F: change Leader from null to 038c9c7e-9eb5-457d-9050-7ea3cb2a2edd at term 1 for appendEntries, leader elected after 5099ms
2023-10-17 18:42:40,968 [7a9e1f70-f6f2-401d-b0bf-19c30f8e2c75-server-thread1] INFO  server.RaftServer$Division (ServerState.java:setRaftConf(434)) - 7a9e1f70-f6f2-401d-b0bf-19c30f8e2c75@group-2CD7EF1F474F: set configuration 0: peers:[a4cc5df1-5951-42e4-b27b-dd626196f558|rpc:10.1.0.25:15032|admin:10.1.0.25:15031|client:10.1.0.25:15030|dataStream:10.1.0.25:15033|priority:0|startupRole:FOLLOWER, 038c9c7e-9eb5-457d-9050-7ea3cb2a2edd|rpc:10.1.0.25:15014|admin:10.1.0.25:15013|client:10.1.0.25:15012|dataStream:10.1.0.25:15015|priority:1|startupRole:FOLLOWER, 7a9e1f70-f6f2-401d-b0bf-19c30f8e2c75|rpc:10.1.0.25:15023|admin:10.1.0.25:15022|client:10.1.0.25:15021|dataStream:10.1.0.25:15024|priority:0|startupRole:FOLLOWER]|listeners:[], old=null
2023-10-17 18:42:40,969 [7a9e1f70-f6f2-401d-b0bf-19c30f8e2c75-server-thread1] INFO  segmented.SegmentedRaftLogWorker (SegmentedRaftLogWorker.java:startLogSegment(447)) - 7a9e1f70-f6f2-401d-b0bf-19c30f8e2c75@group-2CD7EF1F474F-SegmentedRaftLogWorker: Starting segment from index:0
2023-10-17 18:42:40,970 [a4cc5df1-5951-42e4-b27b-dd626196f558-server-thread1] INFO  server.RaftServer$Division (ServerState.java:setRaftConf(434)) - a4cc5df1-5951-42e4-b27b-dd626196f558@group-2CD7EF1F474F: set configuration 0: peers:[a4cc5df1-5951-42e4-b27b-dd626196f558|rpc:10.1.0.25:15032|admin:10.1.0.25:15031|client:10.1.0.25:15030|dataStream:10.1.0.25:15033|priority:0|startupRole:FOLLOWER, 038c9c7e-9eb5-457d-9050-7ea3cb2a2edd|rpc:10.1.0.25:15014|admin:10.1.0.25:15013|client:10.1.0.25:15012|dataStream:10.1.0.25:15015|priority:1|startupRole:FOLLOWER, 7a9e1f70-f6f2-401d-b0bf-19c30f8e2c75|rpc:10.1.0.25:15023|admin:10.1.0.25:15022|client:10.1.0.25:15021|dataStream:10.1.0.25:15024|priority:0|startupRole:FOLLOWER]|listeners:[], old=null
2023-10-17 18:42:40,970 [a4cc5df1-5951-42e4-b27b-dd626196f558-server-thread1] INFO  segmented.SegmentedRaftLogWorker (SegmentedRaftLogWorker.java:startLogSegment(447)) - a4cc5df1-5951-42e4-b27b-dd626196f558@group-2CD7EF1F474F-SegmentedRaftLogWorker: Starting segment from index:0
2023-10-17 18:42:40,974 [7a9e1f70-f6f2-401d-b0bf-19c30f8e2c75@group-2CD7EF1F474F-SegmentedRaftLogWorker] INFO  segmented.SegmentedRaftLogWorker (SegmentedRaftLogWorker.java:execute(651)) - 7a9e1f70-f6f2-401d-b0bf-19c30f8e2c75@group-2CD7EF1F474F-SegmentedRaftLogWorker: created new log segment /home/runner/work/ozone/ozone/hadoop-ozone/integration-test/target/test-dir/MiniOzoneClusterImpl-15da5f49-43ae-464d-a042-f1226d21d357/datanode-1/data/ratis/699a70fa-b58a-4b76-9823-2cd7ef1f474f/current/log_inprogress_0
2023-10-17 18:42:40,974 [a4cc5df1-5951-42e4-b27b-dd626196f558@group-2CD7EF1F474F-SegmentedRaftLogWorker] INFO  segmented.SegmentedRaftLogWorker (SegmentedRaftLogWorker.java:execute(651)) - a4cc5df1-5951-42e4-b27b-dd626196f558@group-2CD7EF1F474F-SegmentedRaftLogWorker: created new log segment /home/runner/work/ozone/ozone/hadoop-ozone/integration-test/target/test-dir/MiniOzoneClusterImpl-15da5f49-43ae-464d-a042-f1226d21d357/datanode-2/data/ratis/699a70fa-b58a-4b76-9823-2cd7ef1f474f/current/log_inprogress_0
2023-10-17 18:42:40,993 [a4cc5df1-5951-42e4-b27b-dd626196f558@group-91A3B8BDA8DA-FollowerState] INFO  impl.FollowerState (FollowerState.java:run(143)) - a4cc5df1-5951-42e4-b27b-dd626196f558@group-91A3B8BDA8DA-FollowerState: change to CANDIDATE, lastRpcElapsedTime:5141425580ns, electionTimeout:5140ms
2023-10-17 18:42:40,994 [a4cc5df1-5951-42e4-b27b-dd626196f558@group-91A3B8BDA8DA-FollowerState] INFO  impl.RoleInfo (RoleInfo.java:shutdownFollowerState(110)) - a4cc5df1-5951-42e4-b27b-dd626196f558: shutdown a4cc5df1-5951-42e4-b27b-dd626196f558@group-91A3B8BDA8DA-FollowerState
2023-10-17 18:42:40,994 [a4cc5df1-5951-42e4-b27b-dd626196f558@group-91A3B8BDA8DA-FollowerState] INFO  server.RaftServer$Division (RaftServerImpl.java:setRole(329)) - a4cc5df1-5951-42e4-b27b-dd626196f558@group-91A3B8BDA8DA: changes role from  FOLLOWER to CANDIDATE at term 0 for changeToCandidate
2023-10-17 18:42:40,994 [a4cc5df1-5951-42e4-b27b-dd626196f558@group-91A3B8BDA8DA-FollowerState] INFO  server.RaftServerConfigKeys (ConfUtils.java:logGet(46)) - raft.server.leaderelection.pre-vote = true (default)
2023-10-17 18:42:40,994 [a4cc5df1-5951-42e4-b27b-dd626196f558@group-91A3B8BDA8DA-FollowerState] INFO  impl.RoleInfo (RoleInfo.java:updateAndGet(139)) - a4cc5df1-5951-42e4-b27b-dd626196f558: start a4cc5df1-5951-42e4-b27b-dd626196f558@group-91A3B8BDA8DA-LeaderElection8
2023-10-17 18:42:41,002 [a4cc5df1-5951-42e4-b27b-dd626196f558@group-91A3B8BDA8DA-LeaderElection8] INFO  impl.LeaderElection (LeaderElection.java:askForVotes(321)) - a4cc5df1-5951-42e4-b27b-dd626196f558@group-91A3B8BDA8DA-LeaderElection8 PRE_VOTE round 0: submit vote requests at term 0 for -1: peers:[a4cc5df1-5951-42e4-b27b-dd626196f558|rpc:10.1.0.25:15032|admin:10.1.0.25:15031|client:10.1.0.25:15030|dataStream:10.1.0.25:15033|priority:1|startupRole:FOLLOWER]|listeners:[], old=null
2023-10-17 18:42:41,002 [a4cc5df1-5951-42e4-b27b-dd626196f558@group-91A3B8BDA8DA-LeaderElection8] INFO  impl.LeaderElection (LeaderElection.java:askForVotes(323)) - a4cc5df1-5951-42e4-b27b-dd626196f558@group-91A3B8BDA8DA-LeaderElection8 PRE_VOTE round 0: result PASSED (term=0)
2023-10-17 18:42:41,007 [a4cc5df1-5951-42e4-b27b-dd626196f558@group-91A3B8BDA8DA-LeaderElection8] INFO  impl.LeaderElection (LeaderElection.java:askForVotes(321)) - a4cc5df1-5951-42e4-b27b-dd626196f558@group-91A3B8BDA8DA-LeaderElection8 ELECTION round 0: submit vote requests at term 1 for -1: peers:[a4cc5df1-5951-42e4-b27b-dd626196f558|rpc:10.1.0.25:15032|admin:10.1.0.25:15031|client:10.1.0.25:15030|dataStream:10.1.0.25:15033|priority:1|startupRole:FOLLOWER]|listeners:[], old=null
2023-10-17 18:42:41,007 [a4cc5df1-5951-42e4-b27b-dd626196f558@group-91A3B8BDA8DA-LeaderElection8] INFO  impl.LeaderElection (LeaderElection.java:askForVotes(323)) - a4cc5df1-5951-42e4-b27b-dd626196f558@group-91A3B8BDA8DA-LeaderElection8 ELECTION round 0: result PASSED (term=1)
2023-10-17 18:42:41,007 [a4cc5df1-5951-42e4-b27b-dd626196f558@group-91A3B8BDA8DA-LeaderElection8] INFO  impl.RoleInfo (RoleInfo.java:shutdownLeaderElection(130)) - a4cc5df1-5951-42e4-b27b-dd626196f558: shutdown a4cc5df1-5951-42e4-b27b-dd626196f558@group-91A3B8BDA8DA-LeaderElection8
2023-10-17 18:42:41,007 [a4cc5df1-5951-42e4-b27b-dd626196f558@group-91A3B8BDA8DA-LeaderElection8] INFO  server.RaftServer$Division (RaftServerImpl.java:setRole(329)) - a4cc5df1-5951-42e4-b27b-dd626196f558@group-91A3B8BDA8DA: changes role from CANDIDATE to LEADER at term 1 for changeToLeader
2023-10-17 18:42:41,007 [a4cc5df1-5951-42e4-b27b-dd626196f558@group-91A3B8BDA8DA-LeaderElection8] INFO  ratis.XceiverServerRatis (XceiverServerRatis.java:handleLeaderChangedNotification(902)) - Leader change notification received for group: group-91A3B8BDA8DA with new leaderId: a4cc5df1-5951-42e4-b27b-dd626196f558
2023-10-17 18:42:41,007 [a4cc5df1-5951-42e4-b27b-dd626196f558@group-91A3B8BDA8DA-LeaderElection8] INFO  server.RaftServer$Division (ServerState.java:setLeader(317)) - a4cc5df1-5951-42e4-b27b-dd626196f558@group-91A3B8BDA8DA: change Leader from null to a4cc5df1-5951-42e4-b27b-dd626196f558 at term 1 for becomeLeader, leader elected after 5204ms
2023-10-17 18:42:41,007 [a4cc5df1-5951-42e4-b27b-dd626196f558@group-91A3B8BDA8DA-LeaderElection8] INFO  server.RaftServerConfigKeys (ConfUtils.java:logGet(46)) - raft.server.staging.catchup.gap = 1000 (default)
2023-10-17 18:42:41,010 [a4cc5df1-5951-42e4-b27b-dd626196f558@group-91A3B8BDA8DA-LeaderElection8] INFO  server.RaftServerConfigKeys (ConfUtils.java:logGet(46)) - raft.server.write.element-limit = 1024 (custom)
2023-10-17 18:42:41,011 [a4cc5df1-5951-42e4-b27b-dd626196f558@group-91A3B8BDA8DA-LeaderElection8] INFO  server.RaftServerConfigKeys (ConfUtils.java:logGet(46)) - raft.server.write.byte-limit = 1024 M (=1073741824) (custom)
2023-10-17 18:42:41,011 [a4cc5df1-5951-42e4-b27b-dd626196f558@group-91A3B8BDA8DA-LeaderElection8] INFO  server.RaftServerConfigKeys (ConfUtils.java:logGet(46)) - raft.server.watch.timeout = 180s (custom)
2023-10-17 18:42:41,013 [a4cc5df1-5951-42e4-b27b-dd626196f558@group-91A3B8BDA8DA-LeaderElection8] INFO  server.RaftServerConfigKeys (ConfUtils.java:logGet(46)) - raft.server.watch.timeout.denomination = 1s (default)
2023-10-17 18:42:41,013 [a4cc5df1-5951-42e4-b27b-dd626196f558@group-91A3B8BDA8DA-LeaderElection8] INFO  server.RaftServerConfigKeys (ConfUtils.java:logGet(46)) - raft.server.watch.element-limit = 65536 (default)
2023-10-17 18:42:41,015 [a4cc5df1-5951-42e4-b27b-dd626196f558@group-91A3B8BDA8DA-LeaderElection8] INFO  server.RaftServerConfigKeys (ConfUtils.java:logGet(46)) - raft.server.write.element-limit = 1024 (custom)
2023-10-17 18:42:41,015 [a4cc5df1-5951-42e4-b27b-dd626196f558@group-91A3B8BDA8DA-LeaderElection8] INFO  server.RaftServerConfigKeys (ConfUtils.java:logGet(46)) - raft.server.write.follower.gap.ratio.max = -1.0 (default)
2023-10-17 18:42:41,016 [a4cc5df1-5951-42e4-b27b-dd626196f558@group-91A3B8BDA8DA-LeaderElection8] INFO  impl.RoleInfo (RoleInfo.java:updateAndGet(139)) - a4cc5df1-5951-42e4-b27b-dd626196f558: start a4cc5df1-5951-42e4-b27b-dd626196f558@group-91A3B8BDA8DA-LeaderStateImpl
2023-10-17 18:42:41,016 [a4cc5df1-5951-42e4-b27b-dd626196f558@group-91A3B8BDA8DA-LeaderElection8] INFO  segmented.SegmentedRaftLogWorker (SegmentedRaftLogWorker.java:startLogSegment(447)) - a4cc5df1-5951-42e4-b27b-dd626196f558@group-91A3B8BDA8DA-SegmentedRaftLogWorker: Starting segment from index:0
2023-10-17 18:42:41,017 [a4cc5df1-5951-42e4-b27b-dd626196f558@group-91A3B8BDA8DA-LeaderElection8] INFO  server.RaftServer$Division (ServerState.java:setRaftConf(434)) - a4cc5df1-5951-42e4-b27b-dd626196f558@group-91A3B8BDA8DA: set configuration 0: peers:[a4cc5df1-5951-42e4-b27b-dd626196f558|rpc:10.1.0.25:15032|admin:10.1.0.25:15031|client:10.1.0.25:15030|dataStream:10.1.0.25:15033|priority:1|startupRole:FOLLOWER]|listeners:[], old=null
2023-10-17 18:42:41,020 [a4cc5df1-5951-42e4-b27b-dd626196f558@group-91A3B8BDA8DA-SegmentedRaftLogWorker] INFO  segmented.SegmentedRaftLogWorker (SegmentedRaftLogWorker.java:execute(651)) - a4cc5df1-5951-42e4-b27b-dd626196f558@group-91A3B8BDA8DA-SegmentedRaftLogWorker: created new log segment /home/runner/work/ozone/ozone/hadoop-ozone/integration-test/target/test-dir/MiniOzoneClusterImpl-15da5f49-43ae-464d-a042-f1226d21d357/datanode-2/data/ratis/caabeb31-1e3b-46a2-b3cd-91a3b8bda8da/current/log_inprogress_0
2023-10-17 18:42:41,424 [Time-limited test] INFO  rpc.RpcClient (RpcClient.java:createVolume(462)) - Creating Volume: volume05490, with user15379 as owner and space quota set to -1 bytes, counts quota set to -1
2023-10-17 18:42:41,471 [OM StateMachine ApplyTransaction Thread - 0] INFO  volume.OMVolumeCreateRequest (OMVolumeCreateRequest.java:validateAndUpdateCache(196)) - created volume:volume05490 for user:user15379
2023-10-17 18:42:41,488 [Time-limited test] INFO  rpc.RpcClient (RpcClient.java:createBucket(689)) - Creating Bucket: volume05490/bucket40910, with bucket layout LEGACY, runner as owner, Versioning false, Storage Type set to DISK and Encryption set to false, Replication Type set to server-side default replication type, Namespace Quota set to -1, Space Quota set to -1 
2023-10-17 18:42:41,506 [OM StateMachine ApplyTransaction Thread - 0] INFO  bucket.OMBucketCreateRequest (OMBucketCreateRequest.java:validateAndUpdateCache(270)) - created bucket: bucket40910 of layout LEGACY in volume: volume05490
2023-10-17 18:42:41,584 [IPC Server handler 19 on default port 15001] INFO  ha.SequenceIdGenerator (SequenceIdGenerator.java:getNextId(140)) - Allocate a batch for containerId, change lastId from 0 to 1000.
2023-10-17 18:42:41,593 [IPC Server handler 19 on default port 15001] WARN  ha.SequenceIdGenerator (SequenceIdGenerator.java:allocateBatch(253)) - Failed to allocate a batch for localId, expected lastId is 0, actual lastId is 111677748019200000.
2023-10-17 18:42:41,594 [IPC Server handler 19 on default port 15001] INFO  ha.SequenceIdGenerator (SequenceIdGenerator.java:getNextId(140)) - Allocate a batch for localId, change lastId from 111677748019200000 to 111677748019201000.
2023-10-17 18:42:41,670 [Time-limited test] INFO  impl.MetricsSystemImpl (MetricsSystemImpl.java:init(158)) - XceiverClientMetrics metrics system started (again)
2023-10-17 18:42:41,671 [Time-limited test] INFO  lib.Interns (Interns.java:removeEldestEntry(50)) - Metrics intern cache overflow at 2011 for MetricsSystem={MetricsSystem=MetricsInfoImpl{name=MetricsSystem, description=MetricsSystem}, MetricsSystem record=MetricsInfoImpl{name=MetricsSystem, description=MetricsSystem record}}
2023-10-17 18:42:43,543 [Time-limited test] INFO  ha.SequenceIdGenerator (SequenceIdGenerator.java:getNextId(140)) - Allocate a batch for delTxnId, change lastId from 0 to 1000.
2023-10-17 18:42:43,908 [SCMBlockDeletingService#0] INFO  block.SCMBlockDeletingService (SCMBlockDeletingService.java:call(201)) - Totally added 5 blocks to be deleted for 2 datanodes, task elapsed time: 9ms
2023-10-17 18:42:44,573 [org.apache.hadoop.ozone.container.common.statemachine.commandhandler.DeleteBlocksCommandHandler$DeleteCmdWorker@42e9a355] INFO  commandhandler.DeleteBlocksCommandHandler (DeleteBlocksCommandHandler.java:processCmd(329)) - Start to delete container blocks, TXIDs=[4(0)], numOfContainers=1, numOfBlocks=1
2023-10-17 18:42:44,900 [SCMBlockDeletingService#0] INFO  block.SCMBlockDeletingService (SCMBlockDeletingService.java:call(201)) - Totally added 4 blocks to be deleted for 1 datanodes, task elapsed time: 1ms
2023-10-17 18:42:45,894 [org.apache.hadoop.ozone.container.common.statemachine.commandhandler.DeleteBlocksCommandHandler$DeleteCmdWorker@77efd5a4] INFO  commandhandler.DeleteBlocksCommandHandler (DeleteBlocksCommandHandler.java:processCmd(329)) - Start to delete container blocks, TXIDs=[1(0),2(0),3(0)], numOfContainers=3, numOfBlocks=4
2023-10-17 18:42:45,900 [SCMBlockDeletingService#0] INFO  block.SCMBlockDeletingService (SCMBlockDeletingService.java:call(201)) - Totally added 4 blocks to be deleted for 1 datanodes, task elapsed time: 1ms
2023-10-17 18:42:45,901 [org.apache.hadoop.ozone.container.common.statemachine.commandhandler.DeleteBlocksCommandHandler$DeleteCmdWorker@77efd5a4] INFO  commandhandler.DeleteBlocksCommandHandler (DeleteBlocksCommandHandler.java:processCmd(329)) - Start to delete container blocks, TXIDs=[1(1),2(1),3(1)], numOfContainers=3, numOfBlocks=4
2023-10-17 18:42:45,901 [DeleteBlocksCommandHandlerThread-0] INFO  commandhandler.DeleteBlocksCommandHandler (DeleteBlocksCommandHandler.java:logDeleteTransaction(603)) - Delete blocks for containerId: 3 is either received out of order or retried, 3 <= 3
2023-10-17 18:42:45,904 [DeleteBlocksCommandHandlerThread-4] INFO  commandhandler.DeleteBlocksCommandHandler (DeleteBlocksCommandHandler.java:logDeleteTransaction(603)) - Delete blocks for containerId: 2 is either received out of order or retried, 2 <= 2
2023-10-17 18:42:45,906 [DeleteBlocksCommandHandlerThread-3] INFO  commandhandler.DeleteBlocksCommandHandler (DeleteBlocksCommandHandler.java:logDeleteTransaction(603)) - Delete blocks for containerId: 1 is either received out of order or retried, 1 <= 1
2023-10-17 18:42:46,555 [Time-limited test] INFO  ozone.MiniOzoneClusterImpl (MiniOzoneClusterImpl.java:shutdown(448)) - Shutting down the Mini Ozone Cluster
2023-10-17 18:42:46,556 [Time-limited test] INFO  ozone.MiniOzoneClusterImpl (MiniOzoneClusterImpl.java:stop(465)) - Stopping the Mini Ozone Cluster
2023-10-17 18:42:46,556 [Time-limited test] INFO  ozone.MiniOzoneClusterImpl (MiniOzoneClusterImpl.java:stopOM(556)) - Stopping the OzoneManager
2023-10-17 18:42:46,556 [Time-limited test] INFO  om.OzoneManager (OzoneManager.java:stop(2206)) - om1[localhost:15004]: Stopping Ozone Manager
2023-10-17 18:42:46,556 [Time-limited test] INFO  ipc.Server (Server.java:stop(3523)) - Stopping server on 15004
2023-10-17 18:42:46,558 [IPC Server listener on 15004] INFO  ipc.Server (Server.java:run(1434)) - Stopping IPC Server listener on 15004
2023-10-17 18:42:46,562 [IPC Server Responder] INFO  ipc.Server (Server.java:run(1567)) - Stopping IPC Server Responder
2023-10-17 18:42:46,563 [Time-limited test] INFO  server.RaftServer (RaftServerProxy.java:lambda$close$6(416)) - om1: close
2023-10-17 18:42:46,564 [Time-limited test] INFO  server.GrpcService (GrpcService.java:closeImpl(311)) - om1: shutdown server GrpcServerProtocolService now
2023-10-17 18:42:46,564 [om1-impl-thread1] INFO  server.RaftServer$Division (RaftServerImpl.java:lambda$close$4(466)) - om1@group-C5BA1605619E: shutdown
2023-10-17 18:42:46,564 [om1-impl-thread1] INFO  util.JmxRegister (JmxRegister.java:unregister(73)) - Successfully un-registered JMX Bean with object name Ratis:service=RaftServer,group=group-C5BA1605619E,id=om1
2023-10-17 18:42:46,564 [om1-impl-thread1] INFO  impl.RoleInfo (RoleInfo.java:shutdownLeaderState(93)) - om1: shutdown om1@group-C5BA1605619E-LeaderStateImpl
2023-10-17 18:42:46,564 [om1-impl-thread1] INFO  impl.PendingRequests (PendingRequests.java:sendNotLeaderResponses(289)) - om1@group-C5BA1605619E-PendingRequests: sendNotLeaderResponses
2023-10-17 18:42:46,570 [om1@group-C5BA1605619E-StateMachineUpdater] INFO  ratis.OzoneManagerStateMachine (OzoneManagerStateMachine.java:takeSnapshot(483)) - Current Snapshot Index (t:1, i:24)
2023-10-17 18:42:46,572 [om1-impl-thread1] INFO  impl.StateMachineUpdater (StateMachineUpdater.java:stopAndJoin(155)) - om1@group-C5BA1605619E-StateMachineUpdater: set stopIndex = 24
2023-10-17 18:42:46,573 [Time-limited test] INFO  server.GrpcService (GrpcService.java:closeImpl(320)) - om1: shutdown server GrpcServerProtocolService successfully
2023-10-17 18:42:46,594 [om1@group-C5BA1605619E-StateMachineUpdater] INFO  impl.StateMachineUpdater (StateMachineUpdater.java:takeSnapshot(291)) - om1@group-C5BA1605619E-StateMachineUpdater: Took a snapshot at index 24
2023-10-17 18:42:46,598 [om1@group-C5BA1605619E-StateMachineUpdater] INFO  impl.StateMachineUpdater (StateMachineUpdater.java:lambda$new$0(97)) - om1@group-C5BA1605619E-StateMachineUpdater: snapshotIndex: updateIncreasingly -1 -> 24
2023-10-17 18:42:46,598 [om1@group-C5BA1605619E-StateMachineUpdater] INFO  ratis.OzoneManagerStateMachine (OzoneManagerStateMachine.java:close(537)) - StateMachine has shutdown. Shutdown OzoneManager if not already shutdown.
2023-10-17 18:42:46,598 [om1@group-C5BA1605619E-StateMachineUpdater] INFO  ratis.OzoneManagerDoubleBuffer (OzoneManagerDoubleBuffer.java:stopDaemon(551)) - Stopping OMDoubleBuffer flush thread
2023-10-17 18:42:46,599 [OMDoubleBufferFlushThread] INFO  ratis.OzoneManagerDoubleBuffer (OzoneManagerDoubleBuffer.java:canFlush(638)) - OMDoubleBuffer flush thread OMDoubleBufferFlushThread is interrupted and will exit.
2023-10-17 18:42:46,601 [om1-impl-thread1] INFO  server.RaftServer$Division (ServerState.java:close(472)) - om1@group-C5BA1605619E: closes. applyIndex: 24
2023-10-17 18:42:46,900 [SCMBlockDeletingService#0] INFO  block.SCMBlockDeletingService (SCMBlockDeletingService.java:call(201)) - Totally added 8 blocks to be deleted for 2 datanodes, task elapsed time: 1ms
2023-10-17 18:42:47,354 [om1-impl-thread1] INFO  segmented.SegmentedRaftLogWorker (SegmentedRaftLogWorker.java:close(252)) - om1@group-C5BA1605619E-SegmentedRaftLogWorker close()
2023-10-17 18:42:47,355 [JvmPauseMonitor1] INFO  util.JvmPauseMonitor (JvmPauseMonitor.java:run(109)) - JvmPauseMonitor-om1: Stopped
2023-10-17 18:42:47,355 [Time-limited test] INFO  ratis.OzoneManagerStateMachine (OzoneManagerStateMachine.java:close(537)) - StateMachine has shutdown. Shutdown OzoneManager if not already shutdown.
2023-10-17 18:42:47,355 [Time-limited test] INFO  ratis.OzoneManagerDoubleBuffer (OzoneManagerDoubleBuffer.java:stopDaemon(560)) - OMDoubleBuffer flush thread is not running.
2023-10-17 18:42:47,356 [Time-limited test] INFO  utils.BackgroundService (BackgroundService.java:shutdown(160)) - Shutting down service KeyDeletingService
2023-10-17 18:42:47,356 [Time-limited test] INFO  utils.BackgroundService (BackgroundService.java:shutdown(160)) - Shutting down service KeyDeletingService
2023-10-17 18:42:47,356 [Time-limited test] INFO  utils.BackgroundService (BackgroundService.java:shutdown(160)) - Shutting down service OpenKeyCleanupService
2023-10-17 18:42:47,356 [Time-limited test] INFO  utils.BackgroundService (BackgroundService.java:shutdown(160)) - Shutting down service SstFilteringService
2023-10-17 18:42:47,356 [Time-limited test] INFO  utils.BackgroundService (BackgroundService.java:shutdown(160)) - Shutting down service SnapshotDeletingService
2023-10-17 18:42:47,356 [Time-limited test] INFO  utils.BackgroundService (BackgroundService.java:shutdown(160)) - Shutting down service MultipartUploadCleanupService
2023-10-17 18:42:47,358 [Time-limited test] INFO  handler.ContextHandler (ContextHandler.java:doStop(1159)) - Stopped o.e.j.w.WebAppContext@2cf46849{ozoneManager,/,null,STOPPED}{file:/home/runner/work/ozone/ozone/hadoop-ozone/integration-test/target/test-classes/webapps/ozoneManager}
2023-10-17 18:42:47,361 [Time-limited test] INFO  server.AbstractConnector (AbstractConnector.java:doStop(383)) - Stopped ServerConnector@7612d9fa{HTTP/1.1, (http/1.1)}{0.0.0.0:15005}
2023-10-17 18:42:47,362 [Time-limited test] INFO  server.session (HouseKeeper.java:stopScavenging(149)) - node0 Stopped scavenging
2023-10-17 18:42:47,362 [Time-limited test] INFO  handler.ContextHandler (ContextHandler.java:doStop(1159)) - Stopped o.e.j.s.ServletContextHandler@364b090{static,/static,file:///home/runner/work/ozone/ozone/hadoop-ozone/integration-test/target/test-classes/webapps/static,STOPPED}
2023-10-17 18:42:47,362 [Time-limited test] INFO  handler.ContextHandler (ContextHandler.java:doStop(1159)) - Stopped o.e.j.s.ServletContextHandler@794f5acd{logs,/logs,file:///home/runner/work/ozone/ozone/hadoop-ozone/integration-test/target/log,STOPPED}
2023-10-17 18:42:47,367 [Time-limited test] INFO  rocksdiff.RocksDBCheckpointDiffer (RocksDBCheckpointDiffer.java:close(312)) - Shutting down CompactionDagPruningService.
2023-10-17 18:42:47,372 [Time-limited test] INFO  snapshot.SnapshotDiffManager (SnapshotDiffManager.java:closeExecutorService(1720)) - Shutting down executorService: 'SnapDiffExecutor'
2023-10-17 18:42:47,372 [Time-limited test] INFO  snapshot.SnapshotDiffManager (SnapshotDiffManager.java:closeExecutorService(1720)) - Shutting down executorService: 'SstDumpToolExecutor'
2023-10-17 18:42:47,372 [Time-limited test] INFO  utils.BackgroundService (BackgroundService.java:shutdown(160)) - Shutting down service SnapshotDiffCleanupService
2023-10-17 18:42:47,374 [Time-limited test] INFO  ozone.MiniOzoneClusterImpl (MiniOzoneClusterImpl.java:stopDatanodes(533)) - Stopping the HddsDatanodes
2023-10-17 18:42:47,378 [Time-limited test] INFO  ozoneimpl.OzoneContainer (OzoneContainer.java:stop(453)) - Attempting to stop container services.
2023-10-17 18:42:47,379 [Time-limited test] INFO  server.RaftServer (RaftServerProxy.java:lambda$close$6(416)) - 7a9e1f70-f6f2-401d-b0bf-19c30f8e2c75: close
2023-10-17 18:42:47,379 [7a9e1f70-f6f2-401d-b0bf-19c30f8e2c75-impl-thread2] INFO  server.RaftServer$Division (RaftServerImpl.java:lambda$close$4(466)) - 7a9e1f70-f6f2-401d-b0bf-19c30f8e2c75@group-2CD7EF1F474F: shutdown
2023-10-17 18:42:47,379 [7a9e1f70-f6f2-401d-b0bf-19c30f8e2c75-impl-thread2] INFO  util.JmxRegister (JmxRegister.java:unregister(73)) - Successfully un-registered JMX Bean with object name Ratis:service=RaftServer,group=group-2CD7EF1F474F,id=7a9e1f70-f6f2-401d-b0bf-19c30f8e2c75
2023-10-17 18:42:47,379 [7a9e1f70-f6f2-401d-b0bf-19c30f8e2c75-impl-thread2] INFO  impl.RoleInfo (RoleInfo.java:shutdownFollowerState(110)) - 7a9e1f70-f6f2-401d-b0bf-19c30f8e2c75: shutdown 7a9e1f70-f6f2-401d-b0bf-19c30f8e2c75@group-2CD7EF1F474F-FollowerState
2023-10-17 18:42:47,379 [Time-limited test] INFO  server.GrpcService (GrpcService.java:closeImpl(311)) - 7a9e1f70-f6f2-401d-b0bf-19c30f8e2c75: shutdown server org.apache.ratis.grpc.server.GrpcClientProtocolService now
2023-10-17 18:42:47,379 [7a9e1f70-f6f2-401d-b0bf-19c30f8e2c75-impl-thread1] INFO  server.RaftServer$Division (RaftServerImpl.java:lambda$close$4(466)) - 7a9e1f70-f6f2-401d-b0bf-19c30f8e2c75@group-37E8A652D098: shutdown
2023-10-17 18:42:47,379 [7a9e1f70-f6f2-401d-b0bf-19c30f8e2c75-impl-thread1] INFO  util.JmxRegister (JmxRegister.java:unregister(73)) - Successfully un-registered JMX Bean with object name Ratis:service=RaftServer,group=group-37E8A652D098,id=7a9e1f70-f6f2-401d-b0bf-19c30f8e2c75
2023-10-17 18:42:47,379 [7a9e1f70-f6f2-401d-b0bf-19c30f8e2c75@group-2CD7EF1F474F-FollowerState] INFO  impl.FollowerState (FollowerState.java:run(152)) - 7a9e1f70-f6f2-401d-b0bf-19c30f8e2c75@group-2CD7EF1F474F-FollowerState was interrupted
2023-10-17 18:42:47,379 [7a9e1f70-f6f2-401d-b0bf-19c30f8e2c75-impl-thread1] INFO  impl.RoleInfo (RoleInfo.java:shutdownLeaderState(93)) - 7a9e1f70-f6f2-401d-b0bf-19c30f8e2c75: shutdown 7a9e1f70-f6f2-401d-b0bf-19c30f8e2c75@group-37E8A652D098-LeaderStateImpl
2023-10-17 18:42:47,387 [7a9e1f70-f6f2-401d-b0bf-19c30f8e2c75@group-37E8A652D098->a4cc5df1-5951-42e4-b27b-dd626196f558-GrpcLogAppender-LogAppenderDaemon] WARN  server.GrpcLogAppender (GrpcLogAppender.java:mayWait(199)) - 7a9e1f70-f6f2-401d-b0bf-19c30f8e2c75@group-37E8A652D098->a4cc5df1-5951-42e4-b27b-dd626196f558-GrpcLogAppender: Wait interrupted by java.lang.InterruptedException
2023-10-17 18:42:47,383 [7a9e1f70-f6f2-401d-b0bf-19c30f8e2c75-impl-thread3] INFO  server.RaftServer$Division (RaftServerImpl.java:lambda$close$4(466)) - 7a9e1f70-f6f2-401d-b0bf-19c30f8e2c75@group-A34CC59BE802: shutdown
2023-10-17 18:42:47,383 [7a9e1f70-f6f2-401d-b0bf-19c30f8e2c75@group-2CD7EF1F474F-StateMachineUpdater] INFO  ratis.ContainerStateMachine (ContainerStateMachine.java:takeSnapshot(330)) - group-2CD7EF1F474F: Taking a snapshot at:(t:1, i:0) file /home/runner/work/ozone/ozone/hadoop-ozone/integration-test/target/test-dir/MiniOzoneClusterImpl-15da5f49-43ae-464d-a042-f1226d21d357/datanode-1/data/ratis/699a70fa-b58a-4b76-9823-2cd7ef1f474f/sm/snapshot.1_0
2023-10-17 18:42:47,383 [7a9e1f70-f6f2-401d-b0bf-19c30f8e2c75-impl-thread2] INFO  impl.StateMachineUpdater (StateMachineUpdater.java:stopAndJoin(155)) - 7a9e1f70-f6f2-401d-b0bf-19c30f8e2c75@group-2CD7EF1F474F-StateMachineUpdater: set stopIndex = 0
2023-10-17 18:42:47,394 [7a9e1f70-f6f2-401d-b0bf-19c30f8e2c75-impl-thread3] INFO  util.JmxRegister (JmxRegister.java:unregister(73)) - Successfully un-registered JMX Bean with object name Ratis:service=RaftServer,group=group-A34CC59BE802,id=7a9e1f70-f6f2-401d-b0bf-19c30f8e2c75
2023-10-17 18:42:47,393 [grpc-default-executor-5] INFO  server.GrpcServerProtocolService (GrpcServerProtocolService.java:onCompleted(155)) - a4cc5df1-5951-42e4-b27b-dd626196f558: Completed APPEND_ENTRIES, lastRequest: null
2023-10-17 18:42:47,397 [grpc-default-executor-5] INFO  server.GrpcServerProtocolService (GrpcServerProtocolService.java:lambda$onCompleted$5(157)) - a4cc5df1-5951-42e4-b27b-dd626196f558: Completed APPEND_ENTRIES, lastReply: serverReply {
  requestorId: "7a9e1f70-f6f2-401d-b0bf-19c30f8e2c75"
  replyId: "a4cc5df1-5951-42e4-b27b-dd626196f558"
  raftGroupId {
    id: "\200ZB H\320Lf\222\3767\350\246R\320\230"
  }
  callId: 7
  success: true
}
term: 1
nextIndex: 1
matchIndex: 18446744073709551615
isHearbeat: true

2023-10-17 18:42:47,387 [7a9e1f70-f6f2-401d-b0bf-19c30f8e2c75@group-37E8A652D098->038c9c7e-9eb5-457d-9050-7ea3cb2a2edd-GrpcLogAppender-LogAppenderDaemon] WARN  server.GrpcLogAppender (GrpcLogAppender.java:mayWait(199)) - 7a9e1f70-f6f2-401d-b0bf-19c30f8e2c75@group-37E8A652D098->038c9c7e-9eb5-457d-9050-7ea3cb2a2edd-GrpcLogAppender: Wait interrupted by java.lang.InterruptedException
2023-10-17 18:42:47,387 [7a9e1f70-f6f2-401d-b0bf-19c30f8e2c75-impl-thread1] INFO  impl.PendingRequests (PendingRequests.java:sendNotLeaderResponses(289)) - 7a9e1f70-f6f2-401d-b0bf-19c30f8e2c75@group-37E8A652D098-PendingRequests: sendNotLeaderResponses
2023-10-17 18:42:47,397 [7a9e1f70-f6f2-401d-b0bf-19c30f8e2c75-impl-thread1] INFO  impl.StateMachineUpdater (StateMachineUpdater.java:stopAndJoin(155)) - 7a9e1f70-f6f2-401d-b0bf-19c30f8e2c75@group-37E8A652D098-StateMachineUpdater: set stopIndex = 0
2023-10-17 18:42:47,398 [7a9e1f70-f6f2-401d-b0bf-19c30f8e2c75@group-37E8A652D098-StateMachineUpdater] INFO  ratis.ContainerStateMachine (ContainerStateMachine.java:takeSnapshot(330)) - group-37E8A652D098: Taking a snapshot at:(t:1, i:0) file /home/runner/work/ozone/ozone/hadoop-ozone/integration-test/target/test-dir/MiniOzoneClusterImpl-15da5f49-43ae-464d-a042-f1226d21d357/datanode-1/data/ratis/805a4220-48d0-4c66-92fe-37e8a652d098/sm/snapshot.1_0
2023-10-17 18:42:47,392 [ForkJoinPool.commonPool-worker-0] INFO  ozoneimpl.OzoneContainer (OzoneContainer.java:stop(453)) - Attempting to stop container services.
2023-10-17 18:42:47,399 [grpc-default-executor-0] INFO  server.GrpcLogAppender (GrpcLogAppender.java:onCompleted(428)) - 7a9e1f70-f6f2-401d-b0bf-19c30f8e2c75@group-37E8A652D098->a4cc5df1-5951-42e4-b27b-dd626196f558-AppendLogResponseHandler: follower responses appendEntries COMPLETED
2023-10-17 18:42:47,392 [grpc-default-executor-1] INFO  server.GrpcServerProtocolService (GrpcServerProtocolService.java:onCompleted(155)) - a4cc5df1-5951-42e4-b27b-dd626196f558: Completed APPEND_ENTRIES, lastRequest: 7a9e1f70-f6f2-401d-b0bf-19c30f8e2c75->a4cc5df1-5951-42e4-b27b-dd626196f558#1-t1,previous=(t:0, i:0),leaderCommit=-1,initializing? true,entries: size=1, first=(t:1, i:0), CONFIGURATIONENTRY(current:id: "a4cc5df1-5951-42e4-b27b-dd626196f558"
address: "10.1.0.25:15032"
dataStreamAddress: "10.1.0.25:15033"
clientAddress: "10.1.0.25:15030"
adminAddress: "10.1.0.25:15031"
startupRole: FOLLOWER
,id: "038c9c7e-9eb5-457d-9050-7ea3cb2a2edd"
address: "10.1.0.25:15014"
dataStreamAddress: "10.1.0.25:15015"
clientAddress: "10.1.0.25:15012"
adminAddress: "10.1.0.25:15013"
startupRole: FOLLOWER
,id: "7a9e1f70-f6f2-401d-b0bf-19c30f8e2c75"
address: "10.1.0.25:15023"
priority: 1
dataStreamAddress: "10.1.0.25:15024"
clientAddress: "10.1.0.25:15021"
adminAddress: "10.1.0.25:15022"
startupRole: FOLLOWER
, old:)
2023-10-17 18:42:47,399 [grpc-default-executor-1] INFO  server.GrpcServerProtocolService (GrpcServerProtocolService.java:lambda$onCompleted$5(157)) - a4cc5df1-5951-42e4-b27b-dd626196f558: Completed APPEND_ENTRIES, lastReply: null
2023-10-17 18:42:47,399 [grpc-default-executor-0] WARN  server.GrpcLogAppender (GrpcLogAppender.java:resetClient(137)) - 7a9e1f70-f6f2-401d-b0bf-19c30f8e2c75@group-37E8A652D098->a4cc5df1-5951-42e4-b27b-dd626196f558-GrpcLogAppender: Failed to getClient for a4cc5df1-5951-42e4-b27b-dd626196f558
org.apache.ratis.protocol.exceptions.AlreadyClosedException: 7a9e1f70-f6f2-401d-b0bf-19c30f8e2c75 is already CLOSED
	at org.apache.ratis.util.PeerProxyMap$PeerAndProxy.getProxy(PeerProxyMap.java:61)
	at org.apache.ratis.util.PeerProxyMap.getProxy(PeerProxyMap.java:115)
	at org.apache.ratis.grpc.server.GrpcLogAppender.getClient(GrpcLogAppender.java:112)
	at org.apache.ratis.grpc.server.GrpcLogAppender.resetClient(GrpcLogAppender.java:117)
	at org.apache.ratis.grpc.server.GrpcLogAppender.access$500(GrpcLogAppender.java:56)
	at org.apache.ratis.grpc.server.GrpcLogAppender$AppendLogResponseHandler.onCompleted(GrpcLogAppender.java:429)
	at org.apache.ratis.thirdparty.io.grpc.stub.ClientCalls$StreamObserverToCallListenerAdapter.onClose(ClientCalls.java:485)
	at org.apache.ratis.thirdparty.io.grpc.internal.ClientCallImpl.closeObserver(ClientCallImpl.java:563)
	at org.apache.ratis.thirdparty.io.grpc.internal.ClientCallImpl.access$300(ClientCallImpl.java:70)
	at org.apache.ratis.thirdparty.io.grpc.internal.ClientCallImpl$ClientStreamListenerImpl$1StreamClosed.runInternal(ClientCallImpl.java:744)
	at org.apache.ratis.thirdparty.io.grpc.internal.ClientCallImpl$ClientStreamListenerImpl$1StreamClosed.runInContext(ClientCallImpl.java:723)
	at org.apache.ratis.thirdparty.io.grpc.internal.ContextRunnable.run(ContextRunnable.java:37)
	at org.apache.ratis.thirdparty.io.grpc.internal.SerializingExecutor.run(SerializingExecutor.java:133)
	at java.util.concurrent.ThreadPoolExecutor.runWorker(ThreadPoolExecutor.java:1149)
	at java.util.concurrent.ThreadPoolExecutor$Worker.run(ThreadPoolExecutor.java:624)
	at java.lang.Thread.run(Thread.java:750)
2023-10-17 18:42:47,391 [Thread-414] INFO  server.GrpcServerProtocolClient (GrpcServerProtocolClient.java:close(103)) - 038c9c7e-9eb5-457d-9050-7ea3cb2a2edd Close channels
2023-10-17 18:42:47,391 [Thread-413] INFO  server.GrpcServerProtocolClient (GrpcServerProtocolClient.java:close(103)) - a4cc5df1-5951-42e4-b27b-dd626196f558 Close channels
2023-10-17 18:42:47,407 [grpc-default-executor-3] INFO  server.GrpcServerProtocolService (GrpcServerProtocolService.java:onCompleted(155)) - 038c9c7e-9eb5-457d-9050-7ea3cb2a2edd: Completed APPEND_ENTRIES, lastRequest: null
2023-10-17 18:42:47,407 [grpc-default-executor-3] INFO  server.GrpcServerProtocolService (GrpcServerProtocolService.java:lambda$onCompleted$5(157)) - 038c9c7e-9eb5-457d-9050-7ea3cb2a2edd: Completed APPEND_ENTRIES, lastReply: serverReply {
  requestorId: "7a9e1f70-f6f2-401d-b0bf-19c30f8e2c75"
  replyId: "038c9c7e-9eb5-457d-9050-7ea3cb2a2edd"
  raftGroupId {
    id: "\200ZB H\320Lf\222\3767\350\246R\320\230"
  }
  callId: 4
  success: true
}
term: 1
nextIndex: 1
matchIndex: 18446744073709551615
isHearbeat: true

2023-10-17 18:42:47,407 [grpc-default-executor-2] INFO  server.GrpcLogAppender (GrpcLogAppender.java:onCompleted(428)) - 7a9e1f70-f6f2-401d-b0bf-19c30f8e2c75@group-37E8A652D098->a4cc5df1-5951-42e4-b27b-dd626196f558-AppendLogResponseHandler: follower responses appendEntries COMPLETED
2023-10-17 18:42:47,407 [grpc-default-executor-2] WARN  server.GrpcLogAppender (GrpcLogAppender.java:resetClient(137)) - 7a9e1f70-f6f2-401d-b0bf-19c30f8e2c75@group-37E8A652D098->a4cc5df1-5951-42e4-b27b-dd626196f558-GrpcLogAppender: Failed to getClient for a4cc5df1-5951-42e4-b27b-dd626196f558
org.apache.ratis.protocol.exceptions.AlreadyClosedException: 7a9e1f70-f6f2-401d-b0bf-19c30f8e2c75 is already CLOSED
	at org.apache.ratis.util.PeerProxyMap$PeerAndProxy.getProxy(PeerProxyMap.java:61)
	at org.apache.ratis.util.PeerProxyMap.getProxy(PeerProxyMap.java:115)
	at org.apache.ratis.grpc.server.GrpcLogAppender.getClient(GrpcLogAppender.java:112)
	at org.apache.ratis.grpc.server.GrpcLogAppender.resetClient(GrpcLogAppender.java:117)
	at org.apache.ratis.grpc.server.GrpcLogAppender.access$500(GrpcLogAppender.java:56)
	at org.apache.ratis.grpc.server.GrpcLogAppender$AppendLogResponseHandler.onCompleted(GrpcLogAppender.java:429)
	at org.apache.ratis.thirdparty.io.grpc.stub.ClientCalls$StreamObserverToCallListenerAdapter.onClose(ClientCalls.java:485)
	at org.apache.ratis.thirdparty.io.grpc.internal.ClientCallImpl.closeObserver(ClientCallImpl.java:563)
	at org.apache.ratis.thirdparty.io.grpc.internal.ClientCallImpl.access$300(ClientCallImpl.java:70)
	at org.apache.ratis.thirdparty.io.grpc.internal.ClientCallImpl$ClientStreamListenerImpl$1StreamClosed.runInternal(ClientCallImpl.java:744)
	at org.apache.ratis.thirdparty.io.grpc.internal.ClientCallImpl$ClientStreamListenerImpl$1StreamClosed.runInContext(ClientCallImpl.java:723)
	at org.apache.ratis.thirdparty.io.grpc.internal.ContextRunnable.run(ContextRunnable.java:37)
	at org.apache.ratis.thirdparty.io.grpc.internal.SerializingExecutor.run(SerializingExecutor.java:133)
	at java.util.concurrent.ThreadPoolExecutor.runWorker(ThreadPoolExecutor.java:1149)
	at java.util.concurrent.ThreadPoolExecutor$Worker.run(ThreadPoolExecutor.java:624)
	at java.lang.Thread.run(Thread.java:750)
2023-10-17 18:42:47,406 [7a9e1f70-f6f2-401d-b0bf-19c30f8e2c75-impl-thread3] INFO  impl.RoleInfo (RoleInfo.java:shutdownLeaderState(93)) - 7a9e1f70-f6f2-401d-b0bf-19c30f8e2c75: shutdown 7a9e1f70-f6f2-401d-b0bf-19c30f8e2c75@group-A34CC59BE802-LeaderStateImpl
2023-10-17 18:42:47,406 [ForkJoinPool.commonPool-worker-0] INFO  server.RaftServer (RaftServerProxy.java:lambda$close$6(416)) - 038c9c7e-9eb5-457d-9050-7ea3cb2a2edd: close
2023-10-17 18:42:47,406 [grpc-default-executor-4] INFO  server.GrpcServerProtocolService (GrpcServerProtocolService.java:onCompleted(155)) - 038c9c7e-9eb5-457d-9050-7ea3cb2a2edd: Completed APPEND_ENTRIES, lastRequest: 7a9e1f70-f6f2-401d-b0bf-19c30f8e2c75->038c9c7e-9eb5-457d-9050-7ea3cb2a2edd#1-t1,previous=(t:0, i:0),leaderCommit=-1,initializing? true,entries: size=1, first=(t:1, i:0), CONFIGURATIONENTRY(current:id: "a4cc5df1-5951-42e4-b27b-dd626196f558"
address: "10.1.0.25:15032"
dataStreamAddress: "10.1.0.25:15033"
clientAddress: "10.1.0.25:15030"
adminAddress: "10.1.0.25:15031"
startupRole: FOLLOWER
,id: "038c9c7e-9eb5-457d-9050-7ea3cb2a2edd"
address: "10.1.0.25:15014"
dataStreamAddress: "10.1.0.25:15015"
clientAddress: "10.1.0.25:15012"
adminAddress: "10.1.0.25:15013"
startupRole: FOLLOWER
,id: "7a9e1f70-f6f2-401d-b0bf-19c30f8e2c75"
address: "10.1.0.25:15023"
priority: 1
dataStreamAddress: "10.1.0.25:15024"
clientAddress: "10.1.0.25:15021"
adminAddress: "10.1.0.25:15022"
startupRole: FOLLOWER
, old:)
2023-10-17 18:42:47,408 [grpc-default-executor-4] INFO  server.GrpcServerProtocolService (GrpcServerProtocolService.java:lambda$onCompleted$5(157)) - 038c9c7e-9eb5-457d-9050-7ea3cb2a2edd: Completed APPEND_ENTRIES, lastReply: null
2023-10-17 18:42:47,408 [7a9e1f70-f6f2-401d-b0bf-19c30f8e2c75-impl-thread3] INFO  impl.PendingRequests (PendingRequests.java:sendNotLeaderResponses(289)) - 7a9e1f70-f6f2-401d-b0bf-19c30f8e2c75@group-A34CC59BE802-PendingRequests: sendNotLeaderResponses
2023-10-17 18:42:47,408 [038c9c7e-9eb5-457d-9050-7ea3cb2a2edd-impl-thread1] INFO  server.RaftServer$Division (RaftServerImpl.java:lambda$close$4(466)) - 038c9c7e-9eb5-457d-9050-7ea3cb2a2edd@group-37E8A652D098: shutdown
2023-10-17 18:42:47,409 [038c9c7e-9eb5-457d-9050-7ea3cb2a2edd-impl-thread2] INFO  server.RaftServer$Division (RaftServerImpl.java:lambda$close$4(466)) - 038c9c7e-9eb5-457d-9050-7ea3cb2a2edd@group-140B2FA52481: shutdown
2023-10-17 18:42:47,409 [ForkJoinPool.commonPool-worker-0] INFO  server.GrpcService (GrpcService.java:closeImpl(311)) - 038c9c7e-9eb5-457d-9050-7ea3cb2a2edd: shutdown server org.apache.ratis.grpc.server.GrpcClientProtocolService now
2023-10-17 18:42:47,409 [038c9c7e-9eb5-457d-9050-7ea3cb2a2edd-impl-thread1] INFO  util.JmxRegister (JmxRegister.java:unregister(73)) - Successfully un-registered JMX Bean with object name Ratis:service=RaftServer,group=group-37E8A652D098,id=038c9c7e-9eb5-457d-9050-7ea3cb2a2edd
2023-10-17 18:42:47,409 [038c9c7e-9eb5-457d-9050-7ea3cb2a2edd-impl-thread1] INFO  impl.RoleInfo (RoleInfo.java:shutdownFollowerState(110)) - 038c9c7e-9eb5-457d-9050-7ea3cb2a2edd: shutdown 038c9c7e-9eb5-457d-9050-7ea3cb2a2edd@group-37E8A652D098-FollowerState
2023-10-17 18:42:47,409 [038c9c7e-9eb5-457d-9050-7ea3cb2a2edd-impl-thread1] INFO  impl.StateMachineUpdater (StateMachineUpdater.java:stopAndJoin(155)) - 038c9c7e-9eb5-457d-9050-7ea3cb2a2edd@group-37E8A652D098-StateMachineUpdater: set stopIndex = 0
2023-10-17 18:42:47,409 [038c9c7e-9eb5-457d-9050-7ea3cb2a2edd@group-37E8A652D098-FollowerState] INFO  impl.FollowerState (FollowerState.java:run(152)) - 038c9c7e-9eb5-457d-9050-7ea3cb2a2edd@group-37E8A652D098-FollowerState was interrupted
2023-10-17 18:42:47,409 [038c9c7e-9eb5-457d-9050-7ea3cb2a2edd-impl-thread3] INFO  server.RaftServer$Division (RaftServerImpl.java:lambda$close$4(466)) - 038c9c7e-9eb5-457d-9050-7ea3cb2a2edd@group-2CD7EF1F474F: shutdown
2023-10-17 18:42:47,427 [grpc-default-executor-4] INFO  server.GrpcLogAppender (GrpcLogAppender.java:onCompleted(428)) - 7a9e1f70-f6f2-401d-b0bf-19c30f8e2c75@group-37E8A652D098->038c9c7e-9eb5-457d-9050-7ea3cb2a2edd-AppendLogResponseHandler: follower responses appendEntries COMPLETED
2023-10-17 18:42:47,427 [grpc-default-executor-4] WARN  server.GrpcLogAppender (GrpcLogAppender.java:resetClient(137)) - 7a9e1f70-f6f2-401d-b0bf-19c30f8e2c75@group-37E8A652D098->038c9c7e-9eb5-457d-9050-7ea3cb2a2edd-GrpcLogAppender: Failed to getClient for 038c9c7e-9eb5-457d-9050-7ea3cb2a2edd
org.apache.ratis.protocol.exceptions.AlreadyClosedException: 7a9e1f70-f6f2-401d-b0bf-19c30f8e2c75 is already CLOSED
	at org.apache.ratis.util.PeerProxyMap$PeerAndProxy.getProxy(PeerProxyMap.java:61)
	at org.apache.ratis.util.PeerProxyMap.getProxy(PeerProxyMap.java:115)
	at org.apache.ratis.grpc.server.GrpcLogAppender.getClient(GrpcLogAppender.java:112)
	at org.apache.ratis.grpc.server.GrpcLogAppender.resetClient(GrpcLogAppender.java:117)
	at org.apache.ratis.grpc.server.GrpcLogAppender.access$500(GrpcLogAppender.java:56)
	at org.apache.ratis.grpc.server.GrpcLogAppender$AppendLogResponseHandler.onCompleted(GrpcLogAppender.java:429)
	at org.apache.ratis.thirdparty.io.grpc.stub.ClientCalls$StreamObserverToCallListenerAdapter.onClose(ClientCalls.java:485)
	at org.apache.ratis.thirdparty.io.grpc.internal.DelayedClientCall$DelayedListener$3.run(DelayedClientCall.java:471)
	at org.apache.ratis.thirdparty.io.grpc.internal.DelayedClientCall$DelayedListener.delayOrExecute(DelayedClientCall.java:435)
	at org.apache.ratis.thirdparty.io.grpc.internal.DelayedClientCall$DelayedListener.onClose(DelayedClientCall.java:468)
	at org.apache.ratis.thirdparty.io.grpc.internal.ClientCallImpl.closeObserver(ClientCallImpl.java:563)
	at org.apache.ratis.thirdparty.io.grpc.internal.ClientCallImpl.access$300(ClientCallImpl.java:70)
	at org.apache.ratis.thirdparty.io.grpc.internal.ClientCallImpl$ClientStreamListenerImpl$1StreamClosed.runInternal(ClientCallImpl.java:744)
	at org.apache.ratis.thirdparty.io.grpc.internal.ClientCallImpl$ClientStreamListenerImpl$1StreamClosed.runInContext(ClientCallImpl.java:723)
	at org.apache.ratis.thirdparty.io.grpc.internal.ContextRunnable.run(ContextRunnable.java:37)
	at org.apache.ratis.thirdparty.io.grpc.internal.SerializingExecutor.run(SerializingExecutor.java:133)
	at java.util.concurrent.ThreadPoolExecutor.runWorker(ThreadPoolExecutor.java:1149)
	at java.util.concurrent.ThreadPoolExecutor$Worker.run(ThreadPoolExecutor.java:624)
	at java.lang.Thread.run(Thread.java:750)
2023-10-17 18:42:47,428 [grpc-default-executor-3] INFO  server.GrpcLogAppender (GrpcLogAppender.java:onCompleted(428)) - 7a9e1f70-f6f2-401d-b0bf-19c30f8e2c75@group-37E8A652D098->038c9c7e-9eb5-457d-9050-7ea3cb2a2edd-AppendLogResponseHandler: follower responses appendEntries COMPLETED
2023-10-17 18:42:47,428 [grpc-default-executor-3] WARN  server.GrpcLogAppender (GrpcLogAppender.java:resetClient(137)) - 7a9e1f70-f6f2-401d-b0bf-19c30f8e2c75@group-37E8A652D098->038c9c7e-9eb5-457d-9050-7ea3cb2a2edd-GrpcLogAppender: Failed to getClient for 038c9c7e-9eb5-457d-9050-7ea3cb2a2edd
org.apache.ratis.protocol.exceptions.AlreadyClosedException: 7a9e1f70-f6f2-401d-b0bf-19c30f8e2c75 is already CLOSED
	at org.apache.ratis.util.PeerProxyMap$PeerAndProxy.getProxy(PeerProxyMap.java:61)
	at org.apache.ratis.util.PeerProxyMap.getProxy(PeerProxyMap.java:115)
	at org.apache.ratis.grpc.server.GrpcLogAppender.getClient(GrpcLogAppender.java:112)
	at org.apache.ratis.grpc.server.GrpcLogAppender.resetClient(GrpcLogAppender.java:117)
	at org.apache.ratis.grpc.server.GrpcLogAppender.access$500(GrpcLogAppender.java:56)
	at org.apache.ratis.grpc.server.GrpcLogAppender$AppendLogResponseHandler.onCompleted(GrpcLogAppender.java:429)
	at org.apache.ratis.thirdparty.io.grpc.stub.ClientCalls$StreamObserverToCallListenerAdapter.onClose(ClientCalls.java:485)
	at org.apache.ratis.thirdparty.io.grpc.internal.ClientCallImpl.closeObserver(ClientCallImpl.java:563)
	at org.apache.ratis.thirdparty.io.grpc.internal.ClientCallImpl.access$300(ClientCallImpl.java:70)
	at org.apache.ratis.thirdparty.io.grpc.internal.ClientCallImpl$ClientStreamListenerImpl$1StreamClosed.runInternal(ClientCallImpl.java:744)
	at org.apache.ratis.thirdparty.io.grpc.internal.ClientCallImpl$ClientStreamListenerImpl$1StreamClosed.runInContext(ClientCallImpl.java:723)
	at org.apache.ratis.thirdparty.io.grpc.internal.ContextRunnable.run(ContextRunnable.java:37)
	at org.apache.ratis.thirdparty.io.grpc.internal.SerializingExecutor.run(SerializingExecutor.java:133)
	at java.util.concurrent.ThreadPoolExecutor.runWorker(ThreadPoolExecutor.java:1149)
	at java.util.concurrent.ThreadPoolExecutor$Worker.run(ThreadPoolExecutor.java:624)
	at java.lang.Thread.run(Thread.java:750)
2023-10-17 18:42:47,428 [Thread-418] INFO  server.GrpcServerProtocolClient (GrpcServerProtocolClient.java:close(103)) - a4cc5df1-5951-42e4-b27b-dd626196f558 Close channels
2023-10-17 18:42:47,430 [7a9e1f70-f6f2-401d-b0bf-19c30f8e2c75@group-A34CC59BE802-StateMachineUpdater] INFO  ratis.ContainerStateMachine (ContainerStateMachine.java:takeSnapshot(330)) - group-A34CC59BE802: Taking a snapshot at:(t:1, i:0) file /home/runner/work/ozone/ozone/hadoop-ozone/integration-test/target/test-dir/MiniOzoneClusterImpl-15da5f49-43ae-464d-a042-f1226d21d357/datanode-1/data/ratis/25be304f-331e-4fc0-b9d1-a34cc59be802/sm/snapshot.1_0
2023-10-17 18:42:47,430 [7a9e1f70-f6f2-401d-b0bf-19c30f8e2c75-impl-thread3] INFO  impl.StateMachineUpdater (StateMachineUpdater.java:stopAndJoin(155)) - 7a9e1f70-f6f2-401d-b0bf-19c30f8e2c75@group-A34CC59BE802-StateMachineUpdater: set stopIndex = 0
2023-10-17 18:42:47,430 [038c9c7e-9eb5-457d-9050-7ea3cb2a2edd@group-37E8A652D098-StateMachineUpdater] INFO  ratis.ContainerStateMachine (ContainerStateMachine.java:takeSnapshot(330)) - group-37E8A652D098: Taking a snapshot at:(t:1, i:0) file /home/runner/work/ozone/ozone/hadoop-ozone/integration-test/target/test-dir/MiniOzoneClusterImpl-15da5f49-43ae-464d-a042-f1226d21d357/datanode-0/data/ratis/805a4220-48d0-4c66-92fe-37e8a652d098/sm/snapshot.1_0
2023-10-17 18:42:47,429 [038c9c7e-9eb5-457d-9050-7ea3cb2a2edd-impl-thread3] INFO  util.JmxRegister (JmxRegister.java:unregister(73)) - Successfully un-registered JMX Bean with object name Ratis:service=RaftServer,group=group-2CD7EF1F474F,id=038c9c7e-9eb5-457d-9050-7ea3cb2a2edd
2023-10-17 18:42:47,430 [038c9c7e-9eb5-457d-9050-7ea3cb2a2edd-impl-thread3] INFO  impl.RoleInfo (RoleInfo.java:shutdownLeaderState(93)) - 038c9c7e-9eb5-457d-9050-7ea3cb2a2edd: shutdown 038c9c7e-9eb5-457d-9050-7ea3cb2a2edd@group-2CD7EF1F474F-LeaderStateImpl
2023-10-17 18:42:47,430 [038c9c7e-9eb5-457d-9050-7ea3cb2a2edd-impl-thread3] INFO  impl.PendingRequests (PendingRequests.java:sendNotLeaderResponses(289)) - 038c9c7e-9eb5-457d-9050-7ea3cb2a2edd@group-2CD7EF1F474F-PendingRequests: sendNotLeaderResponses
2023-10-17 18:42:47,431 [038c9c7e-9eb5-457d-9050-7ea3cb2a2edd-impl-thread3] INFO  impl.StateMachineUpdater (StateMachineUpdater.java:stopAndJoin(155)) - 038c9c7e-9eb5-457d-9050-7ea3cb2a2edd@group-2CD7EF1F474F-StateMachineUpdater: set stopIndex = 0
2023-10-17 18:42:47,431 [038c9c7e-9eb5-457d-9050-7ea3cb2a2edd@group-2CD7EF1F474F->a4cc5df1-5951-42e4-b27b-dd626196f558-GrpcLogAppender-LogAppenderDaemon] WARN  server.GrpcLogAppender (GrpcLogAppender.java:mayWait(199)) - 038c9c7e-9eb5-457d-9050-7ea3cb2a2edd@group-2CD7EF1F474F->a4cc5df1-5951-42e4-b27b-dd626196f558-GrpcLogAppender: Wait interrupted by java.lang.InterruptedException
2023-10-17 18:42:47,431 [038c9c7e-9eb5-457d-9050-7ea3cb2a2edd@group-2CD7EF1F474F-StateMachineUpdater] INFO  ratis.ContainerStateMachine (ContainerStateMachine.java:takeSnapshot(330)) - group-2CD7EF1F474F: Taking a snapshot at:(t:1, i:0) file /home/runner/work/ozone/ozone/hadoop-ozone/integration-test/target/test-dir/MiniOzoneClusterImpl-15da5f49-43ae-464d-a042-f1226d21d357/datanode-0/data/ratis/699a70fa-b58a-4b76-9823-2cd7ef1f474f/sm/snapshot.1_0
2023-10-17 18:42:47,429 [Time-limited test] INFO  server.GrpcService (GrpcService.java:closeImpl(320)) - 7a9e1f70-f6f2-401d-b0bf-19c30f8e2c75: shutdown server org.apache.ratis.grpc.server.GrpcClientProtocolService successfully
2023-10-17 18:42:47,431 [Time-limited test] INFO  server.GrpcService (GrpcService.java:closeImpl(311)) - 7a9e1f70-f6f2-401d-b0bf-19c30f8e2c75: shutdown server GrpcServerProtocolService now
2023-10-17 18:42:47,429 [038c9c7e-9eb5-457d-9050-7ea3cb2a2edd-impl-thread2] INFO  util.JmxRegister (JmxRegister.java:unregister(73)) - Successfully un-registered JMX Bean with object name Ratis:service=RaftServer,group=group-140B2FA52481,id=038c9c7e-9eb5-457d-9050-7ea3cb2a2edd
2023-10-17 18:42:47,431 [038c9c7e-9eb5-457d-9050-7ea3cb2a2edd-impl-thread2] INFO  impl.RoleInfo (RoleInfo.java:shutdownLeaderState(93)) - 038c9c7e-9eb5-457d-9050-7ea3cb2a2edd: shutdown 038c9c7e-9eb5-457d-9050-7ea3cb2a2edd@group-140B2FA52481-LeaderStateImpl
2023-10-17 18:42:47,432 [038c9c7e-9eb5-457d-9050-7ea3cb2a2edd-impl-thread2] INFO  impl.PendingRequests (PendingRequests.java:sendNotLeaderResponses(289)) - 038c9c7e-9eb5-457d-9050-7ea3cb2a2edd@group-140B2FA52481-PendingRequests: sendNotLeaderResponses
2023-10-17 18:42:47,438 [Thread-420] INFO  server.GrpcServerProtocolClient (GrpcServerProtocolClient.java:close(103)) - 7a9e1f70-f6f2-401d-b0bf-19c30f8e2c75 Close channels
2023-10-17 18:42:47,439 [038c9c7e-9eb5-457d-9050-7ea3cb2a2edd@group-2CD7EF1F474F->7a9e1f70-f6f2-401d-b0bf-19c30f8e2c75-GrpcLogAppender-LogAppenderDaemon] WARN  server.GrpcLogAppender (GrpcLogAppender.java:mayWait(199)) - 038c9c7e-9eb5-457d-9050-7ea3cb2a2edd@group-2CD7EF1F474F->7a9e1f70-f6f2-401d-b0bf-19c30f8e2c75-GrpcLogAppender: Wait interrupted by java.lang.InterruptedException
2023-10-17 18:42:47,439 [038c9c7e-9eb5-457d-9050-7ea3cb2a2edd-impl-thread2] INFO  impl.StateMachineUpdater (StateMachineUpdater.java:stopAndJoin(155)) - 038c9c7e-9eb5-457d-9050-7ea3cb2a2edd@group-140B2FA52481-StateMachineUpdater: set stopIndex = 13
2023-10-17 18:42:47,440 [038c9c7e-9eb5-457d-9050-7ea3cb2a2edd@group-140B2FA52481-StateMachineUpdater] INFO  ratis.ContainerStateMachine (ContainerStateMachine.java:takeSnapshot(330)) - group-140B2FA52481: Taking a snapshot at:(t:1, i:13) file /home/runner/work/ozone/ozone/hadoop-ozone/integration-test/target/test-dir/MiniOzoneClusterImpl-15da5f49-43ae-464d-a042-f1226d21d357/datanode-0/data/ratis/becdeae3-5e9e-4a28-b6d5-140b2fa52481/sm/snapshot.1_13
2023-10-17 18:42:47,441 [grpc-default-executor-5] INFO  server.GrpcServerProtocolService (GrpcServerProtocolService.java:onCompleted(155)) - a4cc5df1-5951-42e4-b27b-dd626196f558: Completed APPEND_ENTRIES, lastRequest: null
2023-10-17 18:42:47,441 [grpc-default-executor-5] INFO  server.GrpcServerProtocolService (GrpcServerProtocolService.java:lambda$onCompleted$5(157)) - a4cc5df1-5951-42e4-b27b-dd626196f558: Completed APPEND_ENTRIES, lastReply: serverReply {
  requestorId: "038c9c7e-9eb5-457d-9050-7ea3cb2a2edd"
  replyId: "a4cc5df1-5951-42e4-b27b-dd626196f558"
  raftGroupId {
    id: "i\232p\372\265\212Kv\230#,\327\357\037GO"
  }
  callId: 6
  success: true
}
term: 1
nextIndex: 1
matchIndex: 18446744073709551615
isHearbeat: true

2023-10-17 18:42:47,441 [grpc-default-executor-3] INFO  server.GrpcServerProtocolService (GrpcServerProtocolService.java:onCompleted(155)) - a4cc5df1-5951-42e4-b27b-dd626196f558: Completed APPEND_ENTRIES, lastRequest: 038c9c7e-9eb5-457d-9050-7ea3cb2a2edd->a4cc5df1-5951-42e4-b27b-dd626196f558#1-t1,previous=(t:0, i:0),leaderCommit=-1,initializing? true,entries: size=1, first=(t:1, i:0), CONFIGURATIONENTRY(current:id: "a4cc5df1-5951-42e4-b27b-dd626196f558"
address: "10.1.0.25:15032"
dataStreamAddress: "10.1.0.25:15033"
clientAddress: "10.1.0.25:15030"
adminAddress: "10.1.0.25:15031"
startupRole: FOLLOWER
,id: "038c9c7e-9eb5-457d-9050-7ea3cb2a2edd"
address: "10.1.0.25:15014"
priority: 1
dataStreamAddress: "10.1.0.25:15015"
clientAddress: "10.1.0.25:15012"
adminAddress: "10.1.0.25:15013"
startupRole: FOLLOWER
,id: "7a9e1f70-f6f2-401d-b0bf-19c30f8e2c75"
address: "10.1.0.25:15023"
dataStreamAddress: "10.1.0.25:15024"
clientAddress: "10.1.0.25:15021"
adminAddress: "10.1.0.25:15022"
startupRole: FOLLOWER
, old:)
2023-10-17 18:42:47,441 [grpc-default-executor-3] INFO  server.GrpcServerProtocolService (GrpcServerProtocolService.java:lambda$onCompleted$5(157)) - a4cc5df1-5951-42e4-b27b-dd626196f558: Completed APPEND_ENTRIES, lastReply: null
2023-10-17 18:42:47,441 [grpc-default-executor-5] INFO  server.GrpcLogAppender (GrpcLogAppender.java:onCompleted(428)) - 038c9c7e-9eb5-457d-9050-7ea3cb2a2edd@group-2CD7EF1F474F->a4cc5df1-5951-42e4-b27b-dd626196f558-AppendLogResponseHandler: follower responses appendEntries COMPLETED
2023-10-17 18:42:47,442 [grpc-default-executor-5] WARN  server.GrpcLogAppender (GrpcLogAppender.java:resetClient(137)) - 038c9c7e-9eb5-457d-9050-7ea3cb2a2edd@group-2CD7EF1F474F->a4cc5df1-5951-42e4-b27b-dd626196f558-GrpcLogAppender: Failed to getClient for a4cc5df1-5951-42e4-b27b-dd626196f558
org.apache.ratis.protocol.exceptions.AlreadyClosedException: 038c9c7e-9eb5-457d-9050-7ea3cb2a2edd is already CLOSED
	at org.apache.ratis.util.PeerProxyMap$PeerAndProxy.getProxy(PeerProxyMap.java:61)
	at org.apache.ratis.util.PeerProxyMap.getProxy(PeerProxyMap.java:115)
	at org.apache.ratis.grpc.server.GrpcLogAppender.getClient(GrpcLogAppender.java:112)
	at org.apache.ratis.grpc.server.GrpcLogAppender.resetClient(GrpcLogAppender.java:117)
	at org.apache.ratis.grpc.server.GrpcLogAppender.access$500(GrpcLogAppender.java:56)
	at org.apache.ratis.grpc.server.GrpcLogAppender$AppendLogResponseHandler.onCompleted(GrpcLogAppender.java:429)
	at org.apache.ratis.thirdparty.io.grpc.stub.ClientCalls$StreamObserverToCallListenerAdapter.onClose(ClientCalls.java:485)
	at org.apache.ratis.thirdparty.io.grpc.internal.ClientCallImpl.closeObserver(ClientCallImpl.java:563)
	at org.apache.ratis.thirdparty.io.grpc.internal.ClientCallImpl.access$300(ClientCallImpl.java:70)
	at org.apache.ratis.thirdparty.io.grpc.internal.ClientCallImpl$ClientStreamListenerImpl$1StreamClosed.runInternal(ClientCallImpl.java:744)
	at org.apache.ratis.thirdparty.io.grpc.internal.ClientCallImpl$ClientStreamListenerImpl$1StreamClosed.runInContext(ClientCallImpl.java:723)
	at org.apache.ratis.thirdparty.io.grpc.internal.ContextRunnable.run(ContextRunnable.java:37)
	at org.apache.ratis.thirdparty.io.grpc.internal.SerializingExecutor.run(SerializingExecutor.java:133)
	at java.util.concurrent.ThreadPoolExecutor.runWorker(ThreadPoolExecutor.java:1149)
	at java.util.concurrent.ThreadPoolExecutor$Worker.run(ThreadPoolExecutor.java:624)
	at java.lang.Thread.run(Thread.java:750)
2023-10-17 18:42:47,442 [grpc-default-executor-4] INFO  server.GrpcServerProtocolService (GrpcServerProtocolService.java:onCompleted(155)) - 7a9e1f70-f6f2-401d-b0bf-19c30f8e2c75: Completed APPEND_ENTRIES, lastRequest: null
2023-10-17 18:42:47,442 [grpc-default-executor-4] INFO  server.GrpcServerProtocolService (GrpcServerProtocolService.java:lambda$onCompleted$5(157)) - 7a9e1f70-f6f2-401d-b0bf-19c30f8e2c75: Completed APPEND_ENTRIES, lastReply: serverReply {
  requestorId: "038c9c7e-9eb5-457d-9050-7ea3cb2a2edd"
  replyId: "7a9e1f70-f6f2-401d-b0bf-19c30f8e2c75"
  raftGroupId {
    id: "i\232p\372\265\212Kv\230#,\327\357\037GO"
  }
  callId: 6
  success: true
}
term: 1
nextIndex: 1
matchIndex: 18446744073709551615
isHearbeat: true

2023-10-17 18:42:47,442 [grpc-default-executor-2] INFO  server.GrpcServerProtocolService (GrpcServerProtocolService.java:onCompleted(155)) - 7a9e1f70-f6f2-401d-b0bf-19c30f8e2c75: Completed APPEND_ENTRIES, lastRequest: 038c9c7e-9eb5-457d-9050-7ea3cb2a2edd->7a9e1f70-f6f2-401d-b0bf-19c30f8e2c75#1-t1,previous=(t:0, i:0),leaderCommit=-1,initializing? true,entries: size=1, first=(t:1, i:0), CONFIGURATIONENTRY(current:id: "a4cc5df1-5951-42e4-b27b-dd626196f558"
address: "10.1.0.25:15032"
dataStreamAddress: "10.1.0.25:15033"
clientAddress: "10.1.0.25:15030"
adminAddress: "10.1.0.25:15031"
startupRole: FOLLOWER
,id: "038c9c7e-9eb5-457d-9050-7ea3cb2a2edd"
address: "10.1.0.25:15014"
priority: 1
dataStreamAddress: "10.1.0.25:15015"
clientAddress: "10.1.0.25:15012"
adminAddress: "10.1.0.25:15013"
startupRole: FOLLOWER
,id: "7a9e1f70-f6f2-401d-b0bf-19c30f8e2c75"
address: "10.1.0.25:15023"
dataStreamAddress: "10.1.0.25:15024"
clientAddress: "10.1.0.25:15021"
adminAddress: "10.1.0.25:15022"
startupRole: FOLLOWER
, old:)
2023-10-17 18:42:47,442 [grpc-default-executor-2] INFO  server.GrpcServerProtocolService (GrpcServerProtocolService.java:lambda$onCompleted$5(157)) - 7a9e1f70-f6f2-401d-b0bf-19c30f8e2c75: Completed APPEND_ENTRIES, lastReply: null
2023-10-17 18:42:47,467 [038c9c7e-9eb5-457d-9050-7ea3cb2a2edd@group-37E8A652D098-StateMachineUpdater] INFO  ratis.ContainerStateMachine (ContainerStateMachine.java:takeSnapshot(341)) - group-37E8A652D098: Finished taking a snapshot at:(t:1, i:0) file:/home/runner/work/ozone/ozone/hadoop-ozone/integration-test/target/test-dir/MiniOzoneClusterImpl-15da5f49-43ae-464d-a042-f1226d21d357/datanode-0/data/ratis/805a4220-48d0-4c66-92fe-37e8a652d098/sm/snapshot.1_0 took: 37 ms
2023-10-17 18:42:47,467 [038c9c7e-9eb5-457d-9050-7ea3cb2a2edd@group-2CD7EF1F474F-StateMachineUpdater] INFO  ratis.ContainerStateMachine (ContainerStateMachine.java:takeSnapshot(341)) - group-2CD7EF1F474F: Finished taking a snapshot at:(t:1, i:0) file:/home/runner/work/ozone/ozone/hadoop-ozone/integration-test/target/test-dir/MiniOzoneClusterImpl-15da5f49-43ae-464d-a042-f1226d21d357/datanode-0/data/ratis/699a70fa-b58a-4b76-9823-2cd7ef1f474f/sm/snapshot.1_0 took: 35 ms
2023-10-17 18:42:47,467 [7a9e1f70-f6f2-401d-b0bf-19c30f8e2c75@group-2CD7EF1F474F-StateMachineUpdater] INFO  ratis.ContainerStateMachine (ContainerStateMachine.java:takeSnapshot(341)) - group-2CD7EF1F474F: Finished taking a snapshot at:(t:1, i:0) file:/home/runner/work/ozone/ozone/hadoop-ozone/integration-test/target/test-dir/MiniOzoneClusterImpl-15da5f49-43ae-464d-a042-f1226d21d357/datanode-1/data/ratis/699a70fa-b58a-4b76-9823-2cd7ef1f474f/sm/snapshot.1_0 took: 84 ms
2023-10-17 18:42:47,468 [038c9c7e-9eb5-457d-9050-7ea3cb2a2edd@group-37E8A652D098-StateMachineUpdater] INFO  impl.StateMachineUpdater (StateMachineUpdater.java:takeSnapshot(291)) - 038c9c7e-9eb5-457d-9050-7ea3cb2a2edd@group-37E8A652D098-StateMachineUpdater: Took a snapshot at index 0
2023-10-17 18:42:47,468 [ForkJoinPool.commonPool-worker-1] INFO  ozoneimpl.OzoneContainer (OzoneContainer.java:stop(453)) - Attempting to stop container services.
2023-10-17 18:42:47,468 [7a9e1f70-f6f2-401d-b0bf-19c30f8e2c75@group-A34CC59BE802-StateMachineUpdater] INFO  ratis.ContainerStateMachine (ContainerStateMachine.java:takeSnapshot(341)) - group-A34CC59BE802: Finished taking a snapshot at:(t:1, i:0) file:/home/runner/work/ozone/ozone/hadoop-ozone/integration-test/target/test-dir/MiniOzoneClusterImpl-15da5f49-43ae-464d-a042-f1226d21d357/datanode-1/data/ratis/25be304f-331e-4fc0-b9d1-a34cc59be802/sm/snapshot.1_0 took: 39 ms
2023-10-17 18:42:47,468 [7a9e1f70-f6f2-401d-b0bf-19c30f8e2c75@group-2CD7EF1F474F-StateMachineUpdater] INFO  impl.StateMachineUpdater (StateMachineUpdater.java:takeSnapshot(291)) - 7a9e1f70-f6f2-401d-b0bf-19c30f8e2c75@group-2CD7EF1F474F-StateMachineUpdater: Took a snapshot at index 0
2023-10-17 18:42:47,468 [7a9e1f70-f6f2-401d-b0bf-19c30f8e2c75@group-2CD7EF1F474F-StateMachineUpdater] INFO  impl.StateMachineUpdater (StateMachineUpdater.java:lambda$new$0(97)) - 7a9e1f70-f6f2-401d-b0bf-19c30f8e2c75@group-2CD7EF1F474F-StateMachineUpdater: snapshotIndex: updateIncreasingly -1 -> 0
2023-10-17 18:42:47,469 [038c9c7e-9eb5-457d-9050-7ea3cb2a2edd@group-2CD7EF1F474F-StateMachineUpdater] INFO  impl.StateMachineUpdater (StateMachineUpdater.java:takeSnapshot(291)) - 038c9c7e-9eb5-457d-9050-7ea3cb2a2edd@group-2CD7EF1F474F-StateMachineUpdater: Took a snapshot at index 0
2023-10-17 18:42:47,470 [038c9c7e-9eb5-457d-9050-7ea3cb2a2edd@group-2CD7EF1F474F-StateMachineUpdater] INFO  impl.StateMachineUpdater (StateMachineUpdater.java:lambda$new$0(97)) - 038c9c7e-9eb5-457d-9050-7ea3cb2a2edd@group-2CD7EF1F474F-StateMachineUpdater: snapshotIndex: updateIncreasingly -1 -> 0
2023-10-17 18:42:47,470 [ForkJoinPool.commonPool-worker-1] INFO  server.RaftServer (RaftServerProxy.java:lambda$close$6(416)) - a4cc5df1-5951-42e4-b27b-dd626196f558: close
2023-10-17 18:42:47,470 [a4cc5df1-5951-42e4-b27b-dd626196f558-impl-thread1] INFO  server.RaftServer$Division (RaftServerImpl.java:lambda$close$4(466)) - a4cc5df1-5951-42e4-b27b-dd626196f558@group-37E8A652D098: shutdown
2023-10-17 18:42:47,470 [a4cc5df1-5951-42e4-b27b-dd626196f558-impl-thread1] INFO  util.JmxRegister (JmxRegister.java:unregister(73)) - Successfully un-registered JMX Bean with object name Ratis:service=RaftServer,group=group-37E8A652D098,id=a4cc5df1-5951-42e4-b27b-dd626196f558
2023-10-17 18:42:47,470 [a4cc5df1-5951-42e4-b27b-dd626196f558-impl-thread1] INFO  impl.RoleInfo (RoleInfo.java:shutdownFollowerState(110)) - a4cc5df1-5951-42e4-b27b-dd626196f558: shutdown a4cc5df1-5951-42e4-b27b-dd626196f558@group-37E8A652D098-FollowerState
2023-10-17 18:42:47,471 [grpc-default-executor-2] INFO  server.GrpcLogAppender (GrpcLogAppender.java:onCompleted(428)) - 038c9c7e-9eb5-457d-9050-7ea3cb2a2edd@group-2CD7EF1F474F->a4cc5df1-5951-42e4-b27b-dd626196f558-AppendLogResponseHandler: follower responses appendEntries COMPLETED
2023-10-17 18:42:47,471 [grpc-default-executor-2] WARN  server.GrpcLogAppender (GrpcLogAppender.java:resetClient(137)) - 038c9c7e-9eb5-457d-9050-7ea3cb2a2edd@group-2CD7EF1F474F->a4cc5df1-5951-42e4-b27b-dd626196f558-GrpcLogAppender: Failed to getClient for a4cc5df1-5951-42e4-b27b-dd626196f558
org.apache.ratis.protocol.exceptions.AlreadyClosedException: 038c9c7e-9eb5-457d-9050-7ea3cb2a2edd is already CLOSED
	at org.apache.ratis.util.PeerProxyMap$PeerAndProxy.getProxy(PeerProxyMap.java:61)
	at org.apache.ratis.util.PeerProxyMap.getProxy(PeerProxyMap.java:115)
	at org.apache.ratis.grpc.server.GrpcLogAppender.getClient(GrpcLogAppender.java:112)
	at org.apache.ratis.grpc.server.GrpcLogAppender.resetClient(GrpcLogAppender.java:117)
	at org.apache.ratis.grpc.server.GrpcLogAppender.access$500(GrpcLogAppender.java:56)
	at org.apache.ratis.grpc.server.GrpcLogAppender$AppendLogResponseHandler.onCompleted(GrpcLogAppender.java:429)
	at org.apache.ratis.thirdparty.io.grpc.stub.ClientCalls$StreamObserverToCallListenerAdapter.onClose(ClientCalls.java:485)
	at org.apache.ratis.thirdparty.io.grpc.internal.ClientCallImpl.closeObserver(ClientCallImpl.java:563)
	at org.apache.ratis.thirdparty.io.grpc.internal.ClientCallImpl.access$300(ClientCallImpl.java:70)
	at org.apache.ratis.thirdparty.io.grpc.internal.ClientCallImpl$ClientStreamListenerImpl$1StreamClosed.runInternal(ClientCallImpl.java:744)
	at org.apache.ratis.thirdparty.io.grpc.internal.ClientCallImpl$ClientStreamListenerImpl$1StreamClosed.runInContext(ClientCallImpl.java:723)
	at org.apache.ratis.thirdparty.io.grpc.internal.ContextRunnable.run(ContextRunnable.java:37)
	at org.apache.ratis.thirdparty.io.grpc.internal.SerializingExecutor.run(SerializingExecutor.java:133)
	at java.util.concurrent.ThreadPoolExecutor.runWorker(ThreadPoolExecutor.java:1149)
	at java.util.concurrent.ThreadPoolExecutor$Worker.run(ThreadPoolExecutor.java:624)
	at java.lang.Thread.run(Thread.java:750)
2023-10-17 18:42:47,468 [038c9c7e-9eb5-457d-9050-7ea3cb2a2edd@group-37E8A652D098-StateMachineUpdater] INFO  impl.StateMachineUpdater (StateMachineUpdater.java:lambda$new$0(97)) - 038c9c7e-9eb5-457d-9050-7ea3cb2a2edd@group-37E8A652D098-StateMachineUpdater: snapshotIndex: updateIncreasingly -1 -> 0
2023-10-17 18:42:47,468 [7a9e1f70-f6f2-401d-b0bf-19c30f8e2c75@group-A34CC59BE802-StateMachineUpdater] INFO  impl.StateMachineUpdater (StateMachineUpdater.java:takeSnapshot(291)) - 7a9e1f70-f6f2-401d-b0bf-19c30f8e2c75@group-A34CC59BE802-StateMachineUpdater: Took a snapshot at index 0
2023-10-17 18:42:47,472 [7a9e1f70-f6f2-401d-b0bf-19c30f8e2c75@group-A34CC59BE802-StateMachineUpdater] INFO  impl.StateMachineUpdater (StateMachineUpdater.java:lambda$new$0(97)) - 7a9e1f70-f6f2-401d-b0bf-19c30f8e2c75@group-A34CC59BE802-StateMachineUpdater: snapshotIndex: updateIncreasingly -1 -> 0
2023-10-17 18:42:47,473 [Time-limited test] INFO  server.GrpcService (GrpcService.java:closeImpl(320)) - 7a9e1f70-f6f2-401d-b0bf-19c30f8e2c75: shutdown server GrpcServerProtocolService successfully
2023-10-17 18:42:47,473 [Time-limited test] INFO  server.GrpcService (GrpcService.java:closeImpl(311)) - 7a9e1f70-f6f2-401d-b0bf-19c30f8e2c75: shutdown server org.apache.ratis.grpc.server.GrpcAdminProtocolService now
2023-10-17 18:42:47,473 [7a9e1f70-f6f2-401d-b0bf-19c30f8e2c75-impl-thread2] INFO  server.RaftServer$Division (ServerState.java:close(472)) - 7a9e1f70-f6f2-401d-b0bf-19c30f8e2c75@group-2CD7EF1F474F: closes. applyIndex: 0
2023-10-17 18:42:47,473 [038c9c7e-9eb5-457d-9050-7ea3cb2a2edd-impl-thread3] INFO  server.RaftServer$Division (ServerState.java:close(472)) - 038c9c7e-9eb5-457d-9050-7ea3cb2a2edd@group-2CD7EF1F474F: closes. applyIndex: 0
2023-10-17 18:42:47,473 [038c9c7e-9eb5-457d-9050-7ea3cb2a2edd-impl-thread1] INFO  server.RaftServer$Division (ServerState.java:close(472)) - 038c9c7e-9eb5-457d-9050-7ea3cb2a2edd@group-37E8A652D098: closes. applyIndex: 0
2023-10-17 18:42:47,473 [7a9e1f70-f6f2-401d-b0bf-19c30f8e2c75-impl-thread3] INFO  server.RaftServer$Division (ServerState.java:close(472)) - 7a9e1f70-f6f2-401d-b0bf-19c30f8e2c75@group-A34CC59BE802: closes. applyIndex: 0
2023-10-17 18:42:47,474 [7a9e1f70-f6f2-401d-b0bf-19c30f8e2c75@group-37E8A652D098-StateMachineUpdater] INFO  ratis.ContainerStateMachine (ContainerStateMachine.java:takeSnapshot(341)) - group-37E8A652D098: Finished taking a snapshot at:(t:1, i:0) file:/home/runner/work/ozone/ozone/hadoop-ozone/integration-test/target/test-dir/MiniOzoneClusterImpl-15da5f49-43ae-464d-a042-f1226d21d357/datanode-1/data/ratis/805a4220-48d0-4c66-92fe-37e8a652d098/sm/snapshot.1_0 took: 76 ms
2023-10-17 18:42:47,474 [7a9e1f70-f6f2-401d-b0bf-19c30f8e2c75@group-37E8A652D098-StateMachineUpdater] INFO  impl.StateMachineUpdater (StateMachineUpdater.java:takeSnapshot(291)) - 7a9e1f70-f6f2-401d-b0bf-19c30f8e2c75@group-37E8A652D098-StateMachineUpdater: Took a snapshot at index 0
2023-10-17 18:42:47,474 [7a9e1f70-f6f2-401d-b0bf-19c30f8e2c75@group-37E8A652D098-StateMachineUpdater] INFO  impl.StateMachineUpdater (StateMachineUpdater.java:lambda$new$0(97)) - 7a9e1f70-f6f2-401d-b0bf-19c30f8e2c75@group-37E8A652D098-StateMachineUpdater: snapshotIndex: updateIncreasingly -1 -> 0
2023-10-17 18:42:47,475 [7a9e1f70-f6f2-401d-b0bf-19c30f8e2c75-impl-thread1] INFO  server.RaftServer$Division (ServerState.java:close(472)) - 7a9e1f70-f6f2-401d-b0bf-19c30f8e2c75@group-37E8A652D098: closes. applyIndex: 0
2023-10-17 18:42:47,476 [grpc-default-executor-4] INFO  server.GrpcLogAppender (GrpcLogAppender.java:onCompleted(428)) - 038c9c7e-9eb5-457d-9050-7ea3cb2a2edd@group-2CD7EF1F474F->7a9e1f70-f6f2-401d-b0bf-19c30f8e2c75-AppendLogResponseHandler: follower responses appendEntries COMPLETED
2023-10-17 18:42:47,476 [grpc-default-executor-4] WARN  server.GrpcLogAppender (GrpcLogAppender.java:resetClient(137)) - 038c9c7e-9eb5-457d-9050-7ea3cb2a2edd@group-2CD7EF1F474F->7a9e1f70-f6f2-401d-b0bf-19c30f8e2c75-GrpcLogAppender: Failed to getClient for 7a9e1f70-f6f2-401d-b0bf-19c30f8e2c75
org.apache.ratis.protocol.exceptions.AlreadyClosedException: 038c9c7e-9eb5-457d-9050-7ea3cb2a2edd is already CLOSED
	at org.apache.ratis.util.PeerProxyMap$PeerAndProxy.getProxy(PeerProxyMap.java:61)
	at org.apache.ratis.util.PeerProxyMap.getProxy(PeerProxyMap.java:115)
	at org.apache.ratis.grpc.server.GrpcLogAppender.getClient(GrpcLogAppender.java:112)
	at org.apache.ratis.grpc.server.GrpcLogAppender.resetClient(GrpcLogAppender.java:117)
	at org.apache.ratis.grpc.server.GrpcLogAppender.access$500(GrpcLogAppender.java:56)
	at org.apache.ratis.grpc.server.GrpcLogAppender$AppendLogResponseHandler.onCompleted(GrpcLogAppender.java:429)
	at org.apache.ratis.thirdparty.io.grpc.stub.ClientCalls$StreamObserverToCallListenerAdapter.onClose(ClientCalls.java:485)
	at org.apache.ratis.thirdparty.io.grpc.internal.ClientCallImpl.closeObserver(ClientCallImpl.java:563)
	at org.apache.ratis.thirdparty.io.grpc.internal.ClientCallImpl.access$300(ClientCallImpl.java:70)
	at org.apache.ratis.thirdparty.io.grpc.internal.ClientCallImpl$ClientStreamListenerImpl$1StreamClosed.runInternal(ClientCallImpl.java:744)
	at org.apache.ratis.thirdparty.io.grpc.internal.ClientCallImpl$ClientStreamListenerImpl$1StreamClosed.runInContext(ClientCallImpl.java:723)
	at org.apache.ratis.thirdparty.io.grpc.internal.ContextRunnable.run(ContextRunnable.java:37)
	at org.apache.ratis.thirdparty.io.grpc.internal.SerializingExecutor.run(SerializingExecutor.java:133)
	at java.util.concurrent.ThreadPoolExecutor.runWorker(ThreadPoolExecutor.java:1149)
	at java.util.concurrent.ThreadPoolExecutor$Worker.run(ThreadPoolExecutor.java:624)
	at java.lang.Thread.run(Thread.java:750)
2023-10-17 18:42:47,477 [a4cc5df1-5951-42e4-b27b-dd626196f558-impl-thread2] INFO  server.RaftServer$Division (RaftServerImpl.java:lambda$close$4(466)) - a4cc5df1-5951-42e4-b27b-dd626196f558@group-2CD7EF1F474F: shutdown
2023-10-17 18:42:47,478 [grpc-default-executor-2] INFO  server.GrpcLogAppender (GrpcLogAppender.java:onCompleted(428)) - 038c9c7e-9eb5-457d-9050-7ea3cb2a2edd@group-2CD7EF1F474F->7a9e1f70-f6f2-401d-b0bf-19c30f8e2c75-AppendLogResponseHandler: follower responses appendEntries COMPLETED
2023-10-17 18:42:47,479 [grpc-default-executor-2] WARN  server.GrpcLogAppender (GrpcLogAppender.java:resetClient(137)) - 038c9c7e-9eb5-457d-9050-7ea3cb2a2edd@group-2CD7EF1F474F->7a9e1f70-f6f2-401d-b0bf-19c30f8e2c75-GrpcLogAppender: Failed to getClient for 7a9e1f70-f6f2-401d-b0bf-19c30f8e2c75
org.apache.ratis.protocol.exceptions.AlreadyClosedException: 038c9c7e-9eb5-457d-9050-7ea3cb2a2edd is already CLOSED
	at org.apache.ratis.util.PeerProxyMap$PeerAndProxy.getProxy(PeerProxyMap.java:61)
	at org.apache.ratis.util.PeerProxyMap.getProxy(PeerProxyMap.java:115)
	at org.apache.ratis.grpc.server.GrpcLogAppender.getClient(GrpcLogAppender.java:112)
	at org.apache.ratis.grpc.server.GrpcLogAppender.resetClient(GrpcLogAppender.java:117)
	at org.apache.ratis.grpc.server.GrpcLogAppender.access$500(GrpcLogAppender.java:56)
	at org.apache.ratis.grpc.server.GrpcLogAppender$AppendLogResponseHandler.onCompleted(GrpcLogAppender.java:429)
	at org.apache.ratis.thirdparty.io.grpc.stub.ClientCalls$StreamObserverToCallListenerAdapter.onClose(ClientCalls.java:485)
	at org.apache.ratis.thirdparty.io.grpc.internal.DelayedClientCall$DelayedListener$3.run(DelayedClientCall.java:471)
	at org.apache.ratis.thirdparty.io.grpc.internal.DelayedClientCall$DelayedListener.delayOrExecute(DelayedClientCall.java:435)
	at org.apache.ratis.thirdparty.io.grpc.internal.DelayedClientCall$DelayedListener.onClose(DelayedClientCall.java:468)
	at org.apache.ratis.thirdparty.io.grpc.internal.ClientCallImpl.closeObserver(ClientCallImpl.java:563)
	at org.apache.ratis.thirdparty.io.grpc.internal.ClientCallImpl.access$300(ClientCallImpl.java:70)
	at org.apache.ratis.thirdparty.io.grpc.internal.ClientCallImpl$ClientStreamListenerImpl$1StreamClosed.runInternal(ClientCallImpl.java:744)
	at org.apache.ratis.thirdparty.io.grpc.internal.ClientCallImpl$ClientStreamListenerImpl$1StreamClosed.runInContext(ClientCallImpl.java:723)
	at org.apache.ratis.thirdparty.io.grpc.internal.ContextRunnable.run(ContextRunnable.java:37)
	at org.apache.ratis.thirdparty.io.grpc.internal.SerializingExecutor.run(SerializingExecutor.java:133)
	at java.util.concurrent.ThreadPoolExecutor.runWorker(ThreadPoolExecutor.java:1149)
	at java.util.concurrent.ThreadPoolExecutor$Worker.run(ThreadPoolExecutor.java:624)
	at java.lang.Thread.run(Thread.java:750)
2023-10-17 18:42:47,480 [a4cc5df1-5951-42e4-b27b-dd626196f558@group-37E8A652D098-StateMachineUpdater] INFO  ratis.ContainerStateMachine (ContainerStateMachine.java:takeSnapshot(330)) - group-37E8A652D098: Taking a snapshot at:(t:1, i:0) file /home/runner/work/ozone/ozone/hadoop-ozone/integration-test/target/test-dir/MiniOzoneClusterImpl-15da5f49-43ae-464d-a042-f1226d21d357/datanode-2/data/ratis/805a4220-48d0-4c66-92fe-37e8a652d098/sm/snapshot.1_0
2023-10-17 18:42:47,480 [a4cc5df1-5951-42e4-b27b-dd626196f558@group-37E8A652D098-FollowerState] INFO  impl.FollowerState (FollowerState.java:run(152)) - a4cc5df1-5951-42e4-b27b-dd626196f558@group-37E8A652D098-FollowerState was interrupted
2023-10-17 18:42:47,482 [ForkJoinPool.commonPool-worker-1] INFO  server.GrpcService (GrpcService.java:closeImpl(311)) - a4cc5df1-5951-42e4-b27b-dd626196f558: shutdown server org.apache.ratis.grpc.server.GrpcClientProtocolService now
2023-10-17 18:42:47,482 [ForkJoinPool.commonPool-worker-0] INFO  server.GrpcService (GrpcService.java:closeImpl(320)) - 038c9c7e-9eb5-457d-9050-7ea3cb2a2edd: shutdown server org.apache.ratis.grpc.server.GrpcClientProtocolService successfully
2023-10-17 18:42:47,483 [ForkJoinPool.commonPool-worker-0] INFO  server.GrpcService (GrpcService.java:closeImpl(311)) - 038c9c7e-9eb5-457d-9050-7ea3cb2a2edd: shutdown server GrpcServerProtocolService now
2023-10-17 18:42:47,483 [038c9c7e-9eb5-457d-9050-7ea3cb2a2edd@group-140B2FA52481-StateMachineUpdater] INFO  ratis.ContainerStateMachine (ContainerStateMachine.java:takeSnapshot(341)) - group-140B2FA52481: Finished taking a snapshot at:(t:1, i:13) file:/home/runner/work/ozone/ozone/hadoop-ozone/integration-test/target/test-dir/MiniOzoneClusterImpl-15da5f49-43ae-464d-a042-f1226d21d357/datanode-0/data/ratis/becdeae3-5e9e-4a28-b6d5-140b2fa52481/sm/snapshot.1_13 took: 43 ms
2023-10-17 18:42:47,483 [Time-limited test] INFO  server.GrpcService (GrpcService.java:closeImpl(320)) - 7a9e1f70-f6f2-401d-b0bf-19c30f8e2c75: shutdown server org.apache.ratis.grpc.server.GrpcAdminProtocolService successfully
2023-10-17 18:42:47,484 [a4cc5df1-5951-42e4-b27b-dd626196f558@group-37E8A652D098-StateMachineUpdater] INFO  ratis.ContainerStateMachine (ContainerStateMachine.java:takeSnapshot(341)) - group-37E8A652D098: Finished taking a snapshot at:(t:1, i:0) file:/home/runner/work/ozone/ozone/hadoop-ozone/integration-test/target/test-dir/MiniOzoneClusterImpl-15da5f49-43ae-464d-a042-f1226d21d357/datanode-2/data/ratis/805a4220-48d0-4c66-92fe-37e8a652d098/sm/snapshot.1_0 took: 3 ms
2023-10-17 18:42:47,484 [a4cc5df1-5951-42e4-b27b-dd626196f558@group-37E8A652D098-StateMachineUpdater] INFO  impl.StateMachineUpdater (StateMachineUpdater.java:takeSnapshot(291)) - a4cc5df1-5951-42e4-b27b-dd626196f558@group-37E8A652D098-StateMachineUpdater: Took a snapshot at index 0
2023-10-17 18:42:47,484 [a4cc5df1-5951-42e4-b27b-dd626196f558@group-37E8A652D098-StateMachineUpdater] INFO  impl.StateMachineUpdater (StateMachineUpdater.java:lambda$new$0(97)) - a4cc5df1-5951-42e4-b27b-dd626196f558@group-37E8A652D098-StateMachineUpdater: snapshotIndex: updateIncreasingly -1 -> 0
2023-10-17 18:42:47,486 [038c9c7e-9eb5-457d-9050-7ea3cb2a2edd@group-140B2FA52481-StateMachineUpdater] INFO  impl.StateMachineUpdater (StateMachineUpdater.java:takeSnapshot(291)) - 038c9c7e-9eb5-457d-9050-7ea3cb2a2edd@group-140B2FA52481-StateMachineUpdater: Took a snapshot at index 13
2023-10-17 18:42:47,486 [038c9c7e-9eb5-457d-9050-7ea3cb2a2edd@group-140B2FA52481-StateMachineUpdater] INFO  impl.StateMachineUpdater (StateMachineUpdater.java:lambda$new$0(97)) - 038c9c7e-9eb5-457d-9050-7ea3cb2a2edd@group-140B2FA52481-StateMachineUpdater: snapshotIndex: updateIncreasingly -1 -> 13
2023-10-17 18:42:47,487 [038c9c7e-9eb5-457d-9050-7ea3cb2a2edd-impl-thread2] INFO  server.RaftServer$Division (ServerState.java:close(472)) - 038c9c7e-9eb5-457d-9050-7ea3cb2a2edd@group-140B2FA52481: closes. applyIndex: 13
2023-10-17 18:42:47,487 [a4cc5df1-5951-42e4-b27b-dd626196f558-impl-thread3] INFO  server.RaftServer$Division (RaftServerImpl.java:lambda$close$4(466)) - a4cc5df1-5951-42e4-b27b-dd626196f558@group-91A3B8BDA8DA: shutdown
2023-10-17 18:42:47,487 [a4cc5df1-5951-42e4-b27b-dd626196f558-impl-thread3] INFO  util.JmxRegister (JmxRegister.java:unregister(73)) - Successfully un-registered JMX Bean with object name Ratis:service=RaftServer,group=group-91A3B8BDA8DA,id=a4cc5df1-5951-42e4-b27b-dd626196f558
2023-10-17 18:42:47,487 [a4cc5df1-5951-42e4-b27b-dd626196f558-impl-thread3] INFO  impl.RoleInfo (RoleInfo.java:shutdownLeaderState(93)) - a4cc5df1-5951-42e4-b27b-dd626196f558: shutdown a4cc5df1-5951-42e4-b27b-dd626196f558@group-91A3B8BDA8DA-LeaderStateImpl
2023-10-17 18:42:47,487 [a4cc5df1-5951-42e4-b27b-dd626196f558-impl-thread3] INFO  impl.PendingRequests (PendingRequests.java:sendNotLeaderResponses(289)) - a4cc5df1-5951-42e4-b27b-dd626196f558@group-91A3B8BDA8DA-PendingRequests: sendNotLeaderResponses
2023-10-17 18:42:47,488 [ForkJoinPool.commonPool-worker-1] INFO  server.GrpcService (GrpcService.java:closeImpl(320)) - a4cc5df1-5951-42e4-b27b-dd626196f558: shutdown server org.apache.ratis.grpc.server.GrpcClientProtocolService successfully
2023-10-17 18:42:47,488 [ForkJoinPool.commonPool-worker-1] INFO  server.GrpcService (GrpcService.java:closeImpl(311)) - a4cc5df1-5951-42e4-b27b-dd626196f558: shutdown server GrpcServerProtocolService now
2023-10-17 18:42:47,488 [a4cc5df1-5951-42e4-b27b-dd626196f558-impl-thread1] INFO  impl.StateMachineUpdater (StateMachineUpdater.java:stopAndJoin(155)) - a4cc5df1-5951-42e4-b27b-dd626196f558@group-37E8A652D098-StateMachineUpdater: set stopIndex = 0
2023-10-17 18:42:47,488 [a4cc5df1-5951-42e4-b27b-dd626196f558-impl-thread1] INFO  server.RaftServer$Division (ServerState.java:close(472)) - a4cc5df1-5951-42e4-b27b-dd626196f558@group-37E8A652D098: closes. applyIndex: 0
2023-10-17 18:42:47,486 [a4cc5df1-5951-42e4-b27b-dd626196f558-impl-thread2] INFO  util.JmxRegister (JmxRegister.java:unregister(73)) - Successfully un-registered JMX Bean with object name Ratis:service=RaftServer,group=group-2CD7EF1F474F,id=a4cc5df1-5951-42e4-b27b-dd626196f558
2023-10-17 18:42:47,489 [a4cc5df1-5951-42e4-b27b-dd626196f558-impl-thread2] INFO  impl.RoleInfo (RoleInfo.java:shutdownFollowerState(110)) - a4cc5df1-5951-42e4-b27b-dd626196f558: shutdown a4cc5df1-5951-42e4-b27b-dd626196f558@group-2CD7EF1F474F-FollowerState
2023-10-17 18:42:47,489 [7a9e1f70-f6f2-401d-b0bf-19c30f8e2c75-NettyServerStreamRpc-bossGroup--thread1] INFO  logging.LoggingHandler (AbstractInternalLogger.java:log(148)) - [id: 0xf8c86d64, L:/0:0:0:0:0:0:0:0:15024] CLOSE
2023-10-17 18:42:47,489 [7a9e1f70-f6f2-401d-b0bf-19c30f8e2c75-NettyServerStreamRpc-bossGroup--thread1] INFO  logging.LoggingHandler (AbstractInternalLogger.java:log(148)) - [id: 0xf8c86d64, L:/0:0:0:0:0:0:0:0:15024] INACTIVE
2023-10-17 18:42:47,489 [7a9e1f70-f6f2-401d-b0bf-19c30f8e2c75-NettyServerStreamRpc-bossGroup--thread1] INFO  logging.LoggingHandler (AbstractInternalLogger.java:log(148)) - [id: 0xf8c86d64, L:/0:0:0:0:0:0:0:0:15024] UNREGISTERED
2023-10-17 18:42:47,500 [a4cc5df1-5951-42e4-b27b-dd626196f558-impl-thread2] INFO  impl.StateMachineUpdater (StateMachineUpdater.java:stopAndJoin(155)) - a4cc5df1-5951-42e4-b27b-dd626196f558@group-2CD7EF1F474F-StateMachineUpdater: set stopIndex = 0
2023-10-17 18:42:47,500 [a4cc5df1-5951-42e4-b27b-dd626196f558@group-2CD7EF1F474F-FollowerState] INFO  impl.FollowerState (FollowerState.java:run(152)) - a4cc5df1-5951-42e4-b27b-dd626196f558@group-2CD7EF1F474F-FollowerState was interrupted
2023-10-17 18:42:47,500 [a4cc5df1-5951-42e4-b27b-dd626196f558@group-2CD7EF1F474F-StateMachineUpdater] INFO  ratis.ContainerStateMachine (ContainerStateMachine.java:takeSnapshot(330)) - group-2CD7EF1F474F: Taking a snapshot at:(t:1, i:0) file /home/runner/work/ozone/ozone/hadoop-ozone/integration-test/target/test-dir/MiniOzoneClusterImpl-15da5f49-43ae-464d-a042-f1226d21d357/datanode-2/data/ratis/699a70fa-b58a-4b76-9823-2cd7ef1f474f/sm/snapshot.1_0
2023-10-17 18:42:47,501 [ForkJoinPool.commonPool-worker-1] INFO  server.GrpcService (GrpcService.java:closeImpl(320)) - a4cc5df1-5951-42e4-b27b-dd626196f558: shutdown server GrpcServerProtocolService successfully
2023-10-17 18:42:47,501 [ForkJoinPool.commonPool-worker-1] INFO  server.GrpcService (GrpcService.java:closeImpl(311)) - a4cc5df1-5951-42e4-b27b-dd626196f558: shutdown server org.apache.ratis.grpc.server.GrpcAdminProtocolService now
2023-10-17 18:42:47,502 [a4cc5df1-5951-42e4-b27b-dd626196f558@group-2CD7EF1F474F-StateMachineUpdater] INFO  ratis.ContainerStateMachine (ContainerStateMachine.java:takeSnapshot(341)) - group-2CD7EF1F474F: Finished taking a snapshot at:(t:1, i:0) file:/home/runner/work/ozone/ozone/hadoop-ozone/integration-test/target/test-dir/MiniOzoneClusterImpl-15da5f49-43ae-464d-a042-f1226d21d357/datanode-2/data/ratis/699a70fa-b58a-4b76-9823-2cd7ef1f474f/sm/snapshot.1_0 took: 2 ms
2023-10-17 18:42:47,502 [a4cc5df1-5951-42e4-b27b-dd626196f558@group-2CD7EF1F474F-StateMachineUpdater] INFO  impl.StateMachineUpdater (StateMachineUpdater.java:takeSnapshot(291)) - a4cc5df1-5951-42e4-b27b-dd626196f558@group-2CD7EF1F474F-StateMachineUpdater: Took a snapshot at index 0
2023-10-17 18:42:47,502 [a4cc5df1-5951-42e4-b27b-dd626196f558@group-2CD7EF1F474F-StateMachineUpdater] INFO  impl.StateMachineUpdater (StateMachineUpdater.java:lambda$new$0(97)) - a4cc5df1-5951-42e4-b27b-dd626196f558@group-2CD7EF1F474F-StateMachineUpdater: snapshotIndex: updateIncreasingly -1 -> 0
2023-10-17 18:42:47,502 [a4cc5df1-5951-42e4-b27b-dd626196f558-impl-thread2] INFO  server.RaftServer$Division (ServerState.java:close(472)) - a4cc5df1-5951-42e4-b27b-dd626196f558@group-2CD7EF1F474F: closes. applyIndex: 0
2023-10-17 18:42:47,503 [ForkJoinPool.commonPool-worker-0] INFO  server.GrpcService (GrpcService.java:closeImpl(320)) - 038c9c7e-9eb5-457d-9050-7ea3cb2a2edd: shutdown server GrpcServerProtocolService successfully
2023-10-17 18:42:47,503 [ForkJoinPool.commonPool-worker-0] INFO  server.GrpcService (GrpcService.java:closeImpl(311)) - 038c9c7e-9eb5-457d-9050-7ea3cb2a2edd: shutdown server org.apache.ratis.grpc.server.GrpcAdminProtocolService now
2023-10-17 18:42:47,506 [ForkJoinPool.commonPool-worker-1] INFO  server.GrpcService (GrpcService.java:closeImpl(320)) - a4cc5df1-5951-42e4-b27b-dd626196f558: shutdown server org.apache.ratis.grpc.server.GrpcAdminProtocolService successfully
2023-10-17 18:42:47,515 [a4cc5df1-5951-42e4-b27b-dd626196f558-NettyServerStreamRpc-bossGroup--thread1] INFO  logging.LoggingHandler (AbstractInternalLogger.java:log(148)) - [id: 0xb281069b, L:/0:0:0:0:0:0:0:0:15033] CLOSE
2023-10-17 18:42:47,515 [a4cc5df1-5951-42e4-b27b-dd626196f558-NettyServerStreamRpc-bossGroup--thread1] INFO  logging.LoggingHandler (AbstractInternalLogger.java:log(148)) - [id: 0xb281069b, L:/0:0:0:0:0:0:0:0:15033] INACTIVE
2023-10-17 18:42:47,516 [a4cc5df1-5951-42e4-b27b-dd626196f558-NettyServerStreamRpc-bossGroup--thread1] INFO  logging.LoggingHandler (AbstractInternalLogger.java:log(148)) - [id: 0xb281069b, L:/0:0:0:0:0:0:0:0:15033] UNREGISTERED
2023-10-17 18:42:47,517 [ForkJoinPool.commonPool-worker-0] INFO  server.GrpcService (GrpcService.java:closeImpl(320)) - 038c9c7e-9eb5-457d-9050-7ea3cb2a2edd: shutdown server org.apache.ratis.grpc.server.GrpcAdminProtocolService successfully
2023-10-17 18:42:47,519 [a4cc5df1-5951-42e4-b27b-dd626196f558-impl-thread3] INFO  impl.StateMachineUpdater (StateMachineUpdater.java:stopAndJoin(155)) - a4cc5df1-5951-42e4-b27b-dd626196f558@group-91A3B8BDA8DA-StateMachineUpdater: set stopIndex = 3
2023-10-17 18:42:47,519 [a4cc5df1-5951-42e4-b27b-dd626196f558@group-91A3B8BDA8DA-StateMachineUpdater] INFO  ratis.ContainerStateMachine (ContainerStateMachine.java:takeSnapshot(330)) - group-91A3B8BDA8DA: Taking a snapshot at:(t:1, i:3) file /home/runner/work/ozone/ozone/hadoop-ozone/integration-test/target/test-dir/MiniOzoneClusterImpl-15da5f49-43ae-464d-a042-f1226d21d357/datanode-2/data/ratis/caabeb31-1e3b-46a2-b3cd-91a3b8bda8da/sm/snapshot.1_3
2023-10-17 18:42:47,520 [a4cc5df1-5951-42e4-b27b-dd626196f558@group-91A3B8BDA8DA-StateMachineUpdater] INFO  ratis.ContainerStateMachine (ContainerStateMachine.java:takeSnapshot(341)) - group-91A3B8BDA8DA: Finished taking a snapshot at:(t:1, i:3) file:/home/runner/work/ozone/ozone/hadoop-ozone/integration-test/target/test-dir/MiniOzoneClusterImpl-15da5f49-43ae-464d-a042-f1226d21d357/datanode-2/data/ratis/caabeb31-1e3b-46a2-b3cd-91a3b8bda8da/sm/snapshot.1_3 took: 1 ms
2023-10-17 18:42:47,520 [a4cc5df1-5951-42e4-b27b-dd626196f558@group-91A3B8BDA8DA-StateMachineUpdater] INFO  impl.StateMachineUpdater (StateMachineUpdater.java:takeSnapshot(291)) - a4cc5df1-5951-42e4-b27b-dd626196f558@group-91A3B8BDA8DA-StateMachineUpdater: Took a snapshot at index 3
2023-10-17 18:42:47,520 [a4cc5df1-5951-42e4-b27b-dd626196f558@group-91A3B8BDA8DA-StateMachineUpdater] INFO  impl.StateMachineUpdater (StateMachineUpdater.java:lambda$new$0(97)) - a4cc5df1-5951-42e4-b27b-dd626196f558@group-91A3B8BDA8DA-StateMachineUpdater: snapshotIndex: updateIncreasingly -1 -> 3
2023-10-17 18:42:47,520 [a4cc5df1-5951-42e4-b27b-dd626196f558-impl-thread3] INFO  server.RaftServer$Division (ServerState.java:close(472)) - a4cc5df1-5951-42e4-b27b-dd626196f558@group-91A3B8BDA8DA: closes. applyIndex: 3
2023-10-17 18:42:47,521 [038c9c7e-9eb5-457d-9050-7ea3cb2a2edd-NettyServerStreamRpc-bossGroup--thread1] INFO  logging.LoggingHandler (AbstractInternalLogger.java:log(148)) - [id: 0xf8688952, L:/0:0:0:0:0:0:0:0:15015] CLOSE
2023-10-17 18:42:47,521 [038c9c7e-9eb5-457d-9050-7ea3cb2a2edd-NettyServerStreamRpc-bossGroup--thread1] INFO  logging.LoggingHandler (AbstractInternalLogger.java:log(148)) - [id: 0xf8688952, L:/0:0:0:0:0:0:0:0:15015] INACTIVE
2023-10-17 18:42:47,522 [038c9c7e-9eb5-457d-9050-7ea3cb2a2edd-NettyServerStreamRpc-bossGroup--thread1] INFO  logging.LoggingHandler (AbstractInternalLogger.java:log(148)) - [id: 0xf8688952, L:/0:0:0:0:0:0:0:0:15015] UNREGISTERED
2023-10-17 18:42:47,581 [7a9e1f70-f6f2-401d-b0bf-19c30f8e2c75-impl-thread1] INFO  segmented.SegmentedRaftLogWorker (SegmentedRaftLogWorker.java:close(252)) - 7a9e1f70-f6f2-401d-b0bf-19c30f8e2c75@group-37E8A652D098-SegmentedRaftLogWorker close()
2023-10-17 18:42:47,639 [7a9e1f70-f6f2-401d-b0bf-19c30f8e2c75-impl-thread3] INFO  segmented.SegmentedRaftLogWorker (SegmentedRaftLogWorker.java:close(252)) - 7a9e1f70-f6f2-401d-b0bf-19c30f8e2c75@group-A34CC59BE802-SegmentedRaftLogWorker close()
2023-10-17 18:42:47,674 [a4cc5df1-5951-42e4-b27b-dd626196f558-impl-thread1] INFO  segmented.SegmentedRaftLogWorker (SegmentedRaftLogWorker.java:close(252)) - a4cc5df1-5951-42e4-b27b-dd626196f558@group-37E8A652D098-SegmentedRaftLogWorker close()
2023-10-17 18:42:47,694 [038c9c7e-9eb5-457d-9050-7ea3cb2a2edd-impl-thread1] INFO  segmented.SegmentedRaftLogWorker (SegmentedRaftLogWorker.java:close(252)) - 038c9c7e-9eb5-457d-9050-7ea3cb2a2edd@group-37E8A652D098-SegmentedRaftLogWorker close()
2023-10-17 18:42:47,900 [SCMBlockDeletingService#0] INFO  block.SCMBlockDeletingService (SCMBlockDeletingService.java:call(201)) - Totally added 8 blocks to be deleted for 2 datanodes, task elapsed time: 2ms
2023-10-17 18:42:47,907 [org.apache.hadoop.ozone.container.common.statemachine.commandhandler.DeleteBlocksCommandHandler$DeleteCmdWorker@77efd5a4] INFO  commandhandler.DeleteBlocksCommandHandler (DeleteBlocksCommandHandler.java:processCmd(329)) - Start to delete container blocks, TXIDs=[1(2),2(2),3(2)], numOfContainers=3, numOfBlocks=4
2023-10-17 18:42:47,907 [DeleteBlocksCommandHandlerThread-1] INFO  commandhandler.DeleteBlocksCommandHandler (DeleteBlocksCommandHandler.java:logDeleteTransaction(603)) - Delete blocks for containerId: 1 is either received out of order or retried, 1 <= 1
2023-10-17 18:42:47,907 [DeleteBlocksCommandHandlerThread-2] INFO  commandhandler.DeleteBlocksCommandHandler (DeleteBlocksCommandHandler.java:logDeleteTransaction(603)) - Delete blocks for containerId: 2 is either received out of order or retried, 2 <= 2
2023-10-17 18:42:47,908 [DeleteBlocksCommandHandlerThread-1] INFO  commandhandler.DeleteBlocksCommandHandler (DeleteBlocksCommandHandler.java:logDeleteTransaction(603)) - Delete blocks for containerId: 3 is either received out of order or retried, 3 <= 3
2023-10-17 18:42:47,917 [038c9c7e-9eb5-457d-9050-7ea3cb2a2edd-impl-thread3] INFO  segmented.SegmentedRaftLogWorker (SegmentedRaftLogWorker.java:close(252)) - 038c9c7e-9eb5-457d-9050-7ea3cb2a2edd@group-2CD7EF1F474F-SegmentedRaftLogWorker close()
2023-10-17 18:42:47,977 [a4cc5df1-5951-42e4-b27b-dd626196f558-impl-thread2] INFO  segmented.SegmentedRaftLogWorker (SegmentedRaftLogWorker.java:close(252)) - a4cc5df1-5951-42e4-b27b-dd626196f558@group-2CD7EF1F474F-SegmentedRaftLogWorker close()
2023-10-17 18:42:47,978 [7a9e1f70-f6f2-401d-b0bf-19c30f8e2c75-impl-thread2] INFO  segmented.SegmentedRaftLogWorker (SegmentedRaftLogWorker.java:close(252)) - 7a9e1f70-f6f2-401d-b0bf-19c30f8e2c75@group-2CD7EF1F474F-SegmentedRaftLogWorker close()
2023-10-17 18:42:47,979 [JvmPauseMonitor3] INFO  util.JvmPauseMonitor (JvmPauseMonitor.java:run(109)) - JvmPauseMonitor-7a9e1f70-f6f2-401d-b0bf-19c30f8e2c75: Stopped
2023-10-17 18:42:48,287 [a4cc5df1-5951-42e4-b27b-dd626196f558-impl-thread3] INFO  segmented.SegmentedRaftLogWorker (SegmentedRaftLogWorker.java:close(252)) - a4cc5df1-5951-42e4-b27b-dd626196f558@group-91A3B8BDA8DA-SegmentedRaftLogWorker close()
2023-10-17 18:42:48,289 [JvmPauseMonitor4] INFO  util.JvmPauseMonitor (JvmPauseMonitor.java:run(109)) - JvmPauseMonitor-a4cc5df1-5951-42e4-b27b-dd626196f558: Stopped
2023-10-17 18:42:48,335 [038c9c7e-9eb5-457d-9050-7ea3cb2a2edd-impl-thread2] INFO  segmented.SegmentedRaftLogWorker (SegmentedRaftLogWorker.java:close(252)) - 038c9c7e-9eb5-457d-9050-7ea3cb2a2edd@group-140B2FA52481-SegmentedRaftLogWorker close()
2023-10-17 18:42:48,336 [JvmPauseMonitor2] INFO  util.JvmPauseMonitor (JvmPauseMonitor.java:run(109)) - JvmPauseMonitor-038c9c7e-9eb5-457d-9050-7ea3cb2a2edd: Stopped
2023-10-17 18:42:48,589 [org.apache.hadoop.ozone.container.common.statemachine.commandhandler.DeleteBlocksCommandHandler$DeleteCmdWorker@42e9a355] INFO  commandhandler.DeleteBlocksCommandHandler (DeleteBlocksCommandHandler.java:processCmd(329)) - Start to delete container blocks, TXIDs=[8(0)], numOfContainers=1, numOfBlocks=2
2023-10-17 18:42:50,001 [Time-limited test] INFO  utils.DatanodeStoreCache (DatanodeStoreCache.java:shutdownCache(110)) - Skip clearing cache in mini cluster mode. Entries left: [/home/runner/work/ozone/ozone/hadoop-ozone/integration-test/target/test-dir/MiniOzoneClusterImpl-15da5f49-43ae-464d-a042-f1226d21d357/datanode-0/data-0/containers/hdds/15da5f49-43ae-464d-a042-f1226d21d357/DS-589207ae-f80d-4eba-889d-d245c0d3da97/container.db, /home/runner/work/ozone/ozone/hadoop-ozone/integration-test/target/test-dir/MiniOzoneClusterImpl-15da5f49-43ae-464d-a042-f1226d21d357/datanode-1/data-0/containers/hdds/15da5f49-43ae-464d-a042-f1226d21d357/DS-fdba79a9-a607-4527-8006-7691ad2787c4/container.db, /home/runner/work/ozone/ozone/hadoop-ozone/integration-test/target/test-dir/MiniOzoneClusterImpl-15da5f49-43ae-464d-a042-f1226d21d357/datanode-2/data-0/containers/hdds/15da5f49-43ae-464d-a042-f1226d21d357/DS-3cbc74d4-95af-4768-9179-0d2ed5e78d4b/container.db]
2023-10-17 18:42:50,003 [Time-limited test] INFO  utils.DatanodeStoreCache (DatanodeStoreCache.java:removeDB(104)) - Removed db /home/runner/work/ozone/ozone/hadoop-ozone/integration-test/target/test-dir/MiniOzoneClusterImpl-15da5f49-43ae-464d-a042-f1226d21d357/datanode-1/data-0/containers/hdds/15da5f49-43ae-464d-a042-f1226d21d357/DS-fdba79a9-a607-4527-8006-7691ad2787c4/container.db from cache
2023-10-17 18:42:50,004 [Time-limited test] INFO  volume.HddsVolume (HddsVolume.java:closeDbStore(453)) - SchemaV3 db is stopped at /home/runner/work/ozone/ozone/hadoop-ozone/integration-test/target/test-dir/MiniOzoneClusterImpl-15da5f49-43ae-464d-a042-f1226d21d357/datanode-1/data-0/containers/hdds/15da5f49-43ae-464d-a042-f1226d21d357/DS-fdba79a9-a607-4527-8006-7691ad2787c4/container.db for volume DS-fdba79a9-a607-4527-8006-7691ad2787c4
2023-10-17 18:42:50,004 [Time-limited test] INFO  utils.BackgroundService (BackgroundService.java:shutdown(160)) - Shutting down service BlockDeletingService
2023-10-17 18:42:50,004 [Time-limited test] INFO  utils.BackgroundService (BackgroundService.java:shutdown(160)) - Shutting down service StaleRecoveringContainerScrubbingService
2023-10-17 18:42:50,005 [Time-limited test] INFO  statemachine.DatanodeStateMachine (DatanodeStateMachine.java:stopDaemon(628)) - Ozone container server stopped.
2023-10-17 18:42:50,014 [Time-limited test] INFO  handler.ContextHandler (ContextHandler.java:doStop(1159)) - Stopped o.e.j.w.WebAppContext@381d3d0c{hddsDatanode,/,null,STOPPED}{jar:file:/home/runner/.m2/repository/org/apache/ozone/hdds-container-service/1.4.0-SNAPSHOT/hdds-container-service-1.4.0-SNAPSHOT.jar!/webapps/hddsDatanode}
2023-10-17 18:42:50,015 [Time-limited test] INFO  server.AbstractConnector (AbstractConnector.java:doStop(383)) - Stopped ServerConnector@507e1b98{HTTP/1.1, (http/1.1)}{0.0.0.0:15018}
2023-10-17 18:42:50,016 [Time-limited test] INFO  server.session (HouseKeeper.java:stopScavenging(149)) - node0 Stopped scavenging
2023-10-17 18:42:50,016 [Time-limited test] INFO  handler.ContextHandler (ContextHandler.java:doStop(1159)) - Stopped o.e.j.s.ServletContextHandler@5c835fd{static,/static,jar:file:/home/runner/.m2/repository/org/apache/ozone/hdds-container-service/1.4.0-SNAPSHOT/hdds-container-service-1.4.0-SNAPSHOT.jar!/webapps/static,STOPPED}
2023-10-17 18:42:50,016 [Time-limited test] INFO  handler.ContextHandler (ContextHandler.java:doStop(1159)) - Stopped o.e.j.s.ServletContextHandler@5571727a{logs,/logs,file:///home/runner/work/ozone/ozone/hadoop-ozone/integration-test/target/log,STOPPED}
2023-10-17 18:42:50,017 [Time-limited test] INFO  ozone.HddsDatanodeClientProtocolServer (HddsDatanodeClientProtocolServer.java:stop(78)) - Stopping the RPC server for Client Protocol
2023-10-17 18:42:50,017 [Time-limited test] INFO  ipc.Server (Server.java:stop(3523)) - Stopping server on 15019
2023-10-17 18:42:50,017 [IPC Server listener on 15019] INFO  ipc.Server (Server.java:run(1434)) - Stopping IPC Server listener on 15019
2023-10-17 18:42:50,017 [IPC Server Responder] INFO  ipc.Server (Server.java:run(1567)) - Stopping IPC Server Responder
2023-10-17 18:42:50,293 [ForkJoinPool.commonPool-worker-1] INFO  utils.DatanodeStoreCache (DatanodeStoreCache.java:shutdownCache(110)) - Skip clearing cache in mini cluster mode. Entries left: [/home/runner/work/ozone/ozone/hadoop-ozone/integration-test/target/test-dir/MiniOzoneClusterImpl-15da5f49-43ae-464d-a042-f1226d21d357/datanode-0/data-0/containers/hdds/15da5f49-43ae-464d-a042-f1226d21d357/DS-589207ae-f80d-4eba-889d-d245c0d3da97/container.db, /home/runner/work/ozone/ozone/hadoop-ozone/integration-test/target/test-dir/MiniOzoneClusterImpl-15da5f49-43ae-464d-a042-f1226d21d357/datanode-2/data-0/containers/hdds/15da5f49-43ae-464d-a042-f1226d21d357/DS-3cbc74d4-95af-4768-9179-0d2ed5e78d4b/container.db]
2023-10-17 18:42:50,296 [ForkJoinPool.commonPool-worker-1] INFO  utils.DatanodeStoreCache (DatanodeStoreCache.java:removeDB(104)) - Removed db /home/runner/work/ozone/ozone/hadoop-ozone/integration-test/target/test-dir/MiniOzoneClusterImpl-15da5f49-43ae-464d-a042-f1226d21d357/datanode-2/data-0/containers/hdds/15da5f49-43ae-464d-a042-f1226d21d357/DS-3cbc74d4-95af-4768-9179-0d2ed5e78d4b/container.db from cache
2023-10-17 18:42:50,296 [ForkJoinPool.commonPool-worker-1] INFO  volume.HddsVolume (HddsVolume.java:closeDbStore(453)) - SchemaV3 db is stopped at /home/runner/work/ozone/ozone/hadoop-ozone/integration-test/target/test-dir/MiniOzoneClusterImpl-15da5f49-43ae-464d-a042-f1226d21d357/datanode-2/data-0/containers/hdds/15da5f49-43ae-464d-a042-f1226d21d357/DS-3cbc74d4-95af-4768-9179-0d2ed5e78d4b/container.db for volume DS-3cbc74d4-95af-4768-9179-0d2ed5e78d4b
2023-10-17 18:42:50,297 [ForkJoinPool.commonPool-worker-1] INFO  utils.BackgroundService (BackgroundService.java:shutdown(160)) - Shutting down service BlockDeletingService
2023-10-17 18:42:50,297 [ForkJoinPool.commonPool-worker-1] INFO  utils.BackgroundService (BackgroundService.java:shutdown(160)) - Shutting down service StaleRecoveringContainerScrubbingService
2023-10-17 18:42:50,299 [ForkJoinPool.commonPool-worker-1] INFO  statemachine.DatanodeStateMachine (DatanodeStateMachine.java:stopDaemon(628)) - Ozone container server stopped.
2023-10-17 18:42:50,311 [ForkJoinPool.commonPool-worker-1] INFO  handler.ContextHandler (ContextHandler.java:doStop(1159)) - Stopped o.e.j.w.WebAppContext@32674eb8{hddsDatanode,/,null,STOPPED}{jar:file:/home/runner/.m2/repository/org/apache/ozone/hdds-container-service/1.4.0-SNAPSHOT/hdds-container-service-1.4.0-SNAPSHOT.jar!/webapps/hddsDatanode}
2023-10-17 18:42:50,312 [ForkJoinPool.commonPool-worker-1] INFO  server.AbstractConnector (AbstractConnector.java:doStop(383)) - Stopped ServerConnector@44a59565{HTTP/1.1, (http/1.1)}{0.0.0.0:15027}
2023-10-17 18:42:50,312 [ForkJoinPool.commonPool-worker-1] INFO  server.session (HouseKeeper.java:stopScavenging(149)) - node0 Stopped scavenging
2023-10-17 18:42:50,313 [ForkJoinPool.commonPool-worker-1] INFO  handler.ContextHandler (ContextHandler.java:doStop(1159)) - Stopped o.e.j.s.ServletContextHandler@1111ec6c{static,/static,jar:file:/home/runner/.m2/repository/org/apache/ozone/hdds-container-service/1.4.0-SNAPSHOT/hdds-container-service-1.4.0-SNAPSHOT.jar!/webapps/static,STOPPED}
2023-10-17 18:42:50,314 [ForkJoinPool.commonPool-worker-1] INFO  handler.ContextHandler (ContextHandler.java:doStop(1159)) - Stopped o.e.j.s.ServletContextHandler@6f239545{logs,/logs,file:///home/runner/work/ozone/ozone/hadoop-ozone/integration-test/target/log,STOPPED}
2023-10-17 18:42:50,315 [ForkJoinPool.commonPool-worker-1] INFO  ozone.HddsDatanodeClientProtocolServer (HddsDatanodeClientProtocolServer.java:stop(78)) - Stopping the RPC server for Client Protocol
2023-10-17 18:42:50,316 [ForkJoinPool.commonPool-worker-1] INFO  ipc.Server (Server.java:stop(3523)) - Stopping server on 15028
2023-10-17 18:42:50,316 [IPC Server Responder] INFO  ipc.Server (Server.java:run(1567)) - Stopping IPC Server Responder
2023-10-17 18:42:50,317 [IPC Server listener on 15028] INFO  ipc.Server (Server.java:run(1434)) - Stopping IPC Server listener on 15028
2023-10-17 18:42:50,341 [ForkJoinPool.commonPool-worker-0] INFO  utils.DatanodeStoreCache (DatanodeStoreCache.java:shutdownCache(110)) - Skip clearing cache in mini cluster mode. Entries left: [/home/runner/work/ozone/ozone/hadoop-ozone/integration-test/target/test-dir/MiniOzoneClusterImpl-15da5f49-43ae-464d-a042-f1226d21d357/datanode-0/data-0/containers/hdds/15da5f49-43ae-464d-a042-f1226d21d357/DS-589207ae-f80d-4eba-889d-d245c0d3da97/container.db]
2023-10-17 18:42:50,349 [ForkJoinPool.commonPool-worker-0] INFO  utils.DatanodeStoreCache (DatanodeStoreCache.java:removeDB(104)) - Removed db /home/runner/work/ozone/ozone/hadoop-ozone/integration-test/target/test-dir/MiniOzoneClusterImpl-15da5f49-43ae-464d-a042-f1226d21d357/datanode-0/data-0/containers/hdds/15da5f49-43ae-464d-a042-f1226d21d357/DS-589207ae-f80d-4eba-889d-d245c0d3da97/container.db from cache
2023-10-17 18:42:50,349 [ForkJoinPool.commonPool-worker-0] INFO  volume.HddsVolume (HddsVolume.java:closeDbStore(453)) - SchemaV3 db is stopped at /home/runner/work/ozone/ozone/hadoop-ozone/integration-test/target/test-dir/MiniOzoneClusterImpl-15da5f49-43ae-464d-a042-f1226d21d357/datanode-0/data-0/containers/hdds/15da5f49-43ae-464d-a042-f1226d21d357/DS-589207ae-f80d-4eba-889d-d245c0d3da97/container.db for volume DS-589207ae-f80d-4eba-889d-d245c0d3da97
2023-10-17 18:42:50,349 [ForkJoinPool.commonPool-worker-0] INFO  utils.BackgroundService (BackgroundService.java:shutdown(160)) - Shutting down service BlockDeletingService
2023-10-17 18:42:50,351 [ForkJoinPool.commonPool-worker-0] INFO  utils.BackgroundService (BackgroundService.java:shutdown(160)) - Shutting down service StaleRecoveringContainerScrubbingService
2023-10-17 18:42:50,352 [ForkJoinPool.commonPool-worker-0] INFO  statemachine.DatanodeStateMachine (DatanodeStateMachine.java:stopDaemon(628)) - Ozone container server stopped.
2023-10-17 18:42:50,363 [ForkJoinPool.commonPool-worker-0] INFO  handler.ContextHandler (ContextHandler.java:doStop(1159)) - Stopped o.e.j.w.WebAppContext@6b67a378{hddsDatanode,/,null,STOPPED}{jar:file:/home/runner/.m2/repository/org/apache/ozone/hdds-container-service/1.4.0-SNAPSHOT/hdds-container-service-1.4.0-SNAPSHOT.jar!/webapps/hddsDatanode}
2023-10-17 18:42:50,364 [ForkJoinPool.commonPool-worker-0] INFO  server.AbstractConnector (AbstractConnector.java:doStop(383)) - Stopped ServerConnector@190f218e{HTTP/1.1, (http/1.1)}{0.0.0.0:15009}
2023-10-17 18:42:50,364 [ForkJoinPool.commonPool-worker-0] INFO  server.session (HouseKeeper.java:stopScavenging(149)) - node0 Stopped scavenging
2023-10-17 18:42:50,365 [ForkJoinPool.commonPool-worker-0] INFO  handler.ContextHandler (ContextHandler.java:doStop(1159)) - Stopped o.e.j.s.ServletContextHandler@645ad14d{static,/static,jar:file:/home/runner/.m2/repository/org/apache/ozone/hdds-container-service/1.4.0-SNAPSHOT/hdds-container-service-1.4.0-SNAPSHOT.jar!/webapps/static,STOPPED}
2023-10-17 18:42:50,367 [ForkJoinPool.commonPool-worker-0] INFO  handler.ContextHandler (ContextHandler.java:doStop(1159)) - Stopped o.e.j.s.ServletContextHandler@79bf188b{logs,/logs,file:///home/runner/work/ozone/ozone/hadoop-ozone/integration-test/target/log,STOPPED}
2023-10-17 18:42:50,368 [ForkJoinPool.commonPool-worker-0] INFO  ozone.HddsDatanodeClientProtocolServer (HddsDatanodeClientProtocolServer.java:stop(78)) - Stopping the RPC server for Client Protocol
2023-10-17 18:42:50,368 [ForkJoinPool.commonPool-worker-0] INFO  ipc.Server (Server.java:stop(3523)) - Stopping server on 15010
2023-10-17 18:42:50,371 [IPC Server listener on 15010] INFO  ipc.Server (Server.java:run(1434)) - Stopping IPC Server listener on 15010
2023-10-17 18:42:50,371 [IPC Server Responder] INFO  ipc.Server (Server.java:run(1567)) - Stopping IPC Server Responder
2023-10-17 18:42:50,372 [Time-limited test] INFO  ozone.MiniOzoneClusterImpl (MiniOzoneClusterImpl.java:stopSCM(548)) - Stopping the StorageContainerManager
2023-10-17 18:42:50,372 [Time-limited test] INFO  server.StorageContainerManager (StorageContainerManager.java:stop(1600)) - Container Balancer is not running.
2023-10-17 18:42:50,372 [Time-limited test] INFO  server.StorageContainerManager (StorageContainerManager.java:stopReplicationManager(1733)) - Stopping Replication Manager Service.
2023-10-17 18:42:50,372 [Time-limited test] INFO  replication.ReplicationManager (ReplicationManager.java:stop(323)) - Stopping Replication Monitor Thread.
2023-10-17 18:42:50,373 [Time-limited test] INFO  server.StorageContainerManager (StorageContainerManager.java:stop(1609)) - Stopping the Datanode Admin Monitor.
2023-10-17 18:42:50,373 [Under Replicated Processor] WARN  replication.UnhealthyReplicationProcessor (UnhealthyReplicationProcessor.java:run(180)) - Under Replicated Processor interrupted. Exiting...
2023-10-17 18:42:50,373 [Time-limited test] INFO  server.StorageContainerManager (StorageContainerManager.java:stop(1616)) - Stopping datanode service RPC server
2023-10-17 18:42:50,373 [Time-limited test] INFO  server.SCMDatanodeProtocolServer (SCMDatanodeProtocolServer.java:stop(424)) - Stopping the RPC server for DataNodes
2023-10-17 18:42:50,373 [Time-limited test] INFO  ipc.Server (Server.java:stop(3523)) - Stopping server on 15002
2023-10-17 18:42:50,373 [ReplicationMonitor] INFO  replication.ReplicationManager (ReplicationManager.java:run(921)) - Replication Monitor Thread is stopped
2023-10-17 18:42:50,373 [Over Replicated Processor] WARN  replication.UnhealthyReplicationProcessor (UnhealthyReplicationProcessor.java:run(180)) - Over Replicated Processor interrupted. Exiting...
2023-10-17 18:42:50,374 [IPC Server Responder] INFO  ipc.Server (Server.java:run(1567)) - Stopping IPC Server Responder
2023-10-17 18:42:50,374 [IPC Server listener on 15002] INFO  ipc.Server (Server.java:run(1434)) - Stopping IPC Server listener on 15002
2023-10-17 18:42:50,411 [SCM Heartbeat Processing Thread - 0] WARN  node.NodeStateManager (NodeStateManager.java:scheduleNextHealthCheck(874)) - Current Thread is interrupted, shutting down HB processing thread for Node Manager.
2023-10-17 18:42:50,411 [Time-limited test] INFO  server.StorageContainerManager (StorageContainerManager.java:stop(1624)) - Stopping block service RPC server
2023-10-17 18:42:50,412 [Time-limited test] INFO  server.SCMBlockProtocolServer (SCMBlockProtocolServer.java:stop(163)) - Stopping the RPC server for Block Protocol
2023-10-17 18:42:50,412 [Time-limited test] INFO  ipc.Server (Server.java:stop(3523)) - Stopping server on 15001
2023-10-17 18:42:50,413 [IPC Server Responder] INFO  ipc.Server (Server.java:run(1567)) - Stopping IPC Server Responder
2023-10-17 18:42:50,413 [IPC Server listener on 15001] INFO  ipc.Server (Server.java:run(1434)) - Stopping IPC Server listener on 15001
2023-10-17 18:42:50,413 [Time-limited test] INFO  server.StorageContainerManager (StorageContainerManager.java:stop(1631)) - Stopping the StorageContainerLocationProtocol RPC server
2023-10-17 18:42:50,413 [Time-limited test] INFO  server.SCMClientProtocolServer (SCMClientProtocolServer.java:stop(210)) - Stopping the RPC server for Client Protocol
2023-10-17 18:42:50,413 [Time-limited test] INFO  ipc.Server (Server.java:stop(3523)) - Stopping server on 15000
2023-10-17 18:42:50,415 [IPC Server listener on 15000] INFO  ipc.Server (Server.java:run(1434)) - Stopping IPC Server listener on 15000
2023-10-17 18:42:50,416 [IPC Server Responder] INFO  ipc.Server (Server.java:run(1567)) - Stopping IPC Server Responder
2023-10-17 18:42:50,416 [Time-limited test] INFO  server.StorageContainerManager (StorageContainerManager.java:stop(1638)) - Stopping Storage Container Manager HTTP server.
2023-10-17 18:42:50,417 [Time-limited test] INFO  handler.ContextHandler (ContextHandler.java:doStop(1159)) - Stopped o.e.j.w.WebAppContext@68326db4{scm,/,null,STOPPED}{file:/home/runner/work/ozone/ozone/hadoop-ozone/integration-test/target/test-classes/webapps/scm}
2023-10-17 18:42:50,417 [Time-limited test] INFO  server.AbstractConnector (AbstractConnector.java:doStop(383)) - Stopped ServerConnector@662ae1ec{HTTP/1.1, (http/1.1)}{0.0.0.0:15003}
2023-10-17 18:42:50,417 [Time-limited test] INFO  server.session (HouseKeeper.java:stopScavenging(149)) - node0 Stopped scavenging
2023-10-17 18:42:50,418 [Time-limited test] INFO  handler.ContextHandler (ContextHandler.java:doStop(1159)) - Stopped o.e.j.s.ServletContextHandler@3da52e05{static,/static,file:///home/runner/work/ozone/ozone/hadoop-ozone/integration-test/target/test-classes/webapps/static,STOPPED}
2023-10-17 18:42:50,418 [Time-limited test] INFO  handler.ContextHandler (ContextHandler.java:doStop(1159)) - Stopped o.e.j.s.ServletContextHandler@390cff81{logs,/logs,file:///home/runner/work/ozone/ozone/hadoop-ozone/integration-test/target/log,STOPPED}
2023-10-17 18:42:50,419 [Time-limited test] INFO  server.StorageContainerManager (StorageContainerManager.java:stop(1646)) - Stopping SCM LayoutVersionManager Service.
2023-10-17 18:42:50,419 [Time-limited test] INFO  server.StorageContainerManager (StorageContainerManager.java:stop(1658)) - Stopping Block Manager Service.
2023-10-17 18:42:50,419 [Time-limited test] INFO  utils.BackgroundService (BackgroundService.java:shutdown(160)) - Shutting down service SCMBlockDeletingService
2023-10-17 18:42:50,419 [Time-limited test] INFO  utils.BackgroundService (BackgroundService.java:shutdown(160)) - Shutting down service SCMBlockDeletingService
2023-10-17 18:42:50,419 [Time-limited test] INFO  server.StorageContainerManager (StorageContainerManager.java:stop(1678)) - Stopping SCM Event Queue.
2023-10-17 18:42:50,421 [JvmPauseMonitor0] INFO  util.JvmPauseMonitor (JvmPauseMonitor.java:run(109)) - JvmPauseMonitor-21dc1367-4d3f-4885-ad3d-eb51020c8575: Stopped
2023-10-17 18:42:50,422 [Time-limited test] INFO  server.StorageContainerManager (StorageContainerManager.java:stop(1689)) - Stopping SCM HA services.
2023-10-17 18:42:50,423 [Time-limited test] INFO  pipeline.BackgroundPipelineCreator (BackgroundPipelineCreator.java:stop(149)) - Stopping RatisPipelineUtilsThread.
2023-10-17 18:42:50,423 [RatisPipelineUtilsThread - 0] WARN  pipeline.BackgroundPipelineCreator (BackgroundPipelineCreator.java:run(180)) - RatisPipelineUtilsThread is interrupted.
2023-10-17 18:42:50,423 [BackgroundPipelineScrubberThread] WARN  BackgroundPipelineScrubber (BackgroundSCMService.java:run(115)) - BackgroundPipelineScrubber is interrupted, exit
2023-10-17 18:42:50,423 [Time-limited test] INFO  BackgroundPipelineScrubber (BackgroundSCMService.java:stop(131)) - Stopping BackgroundPipelineScrubber Service.
2023-10-17 18:42:50,424 [Time-limited test] INFO  impl.MetricsSystemImpl (MetricsSystemImpl.java:stop(210)) - Stopping XceiverClientMetrics metrics system...
2023-10-17 18:42:50,426 [prometheus] INFO  impl.MetricsSinkAdapter (MetricsSinkAdapter.java:publishMetricsFromQueue(141)) - prometheus thread interrupted.
2023-10-17 18:42:50,426 [Time-limited test] INFO  impl.MetricsSystemImpl (MetricsSystemImpl.java:stop(216)) - XceiverClientMetrics metrics system stopped.
2023-10-17 18:42:50,427 [Time-limited test] WARN  pipeline.BackgroundPipelineCreator (BackgroundPipelineCreator.java:stop(145)) - RatisPipelineUtilsThread is not running, just ignore.
2023-10-17 18:42:50,427 [Time-limited test] INFO  BackgroundPipelineScrubber (BackgroundSCMService.java:stop(126)) - BackgroundPipelineScrubber Service is not running, skip stop.
2023-10-17 18:42:50,427 [Time-limited test] INFO  ExpiredContainerReplicaOpScrubber (BackgroundSCMService.java:stop(131)) - Stopping ExpiredContainerReplicaOpScrubber Service.
2023-10-17 18:42:50,427 [ExpiredContainerReplicaOpScrubberThread] WARN  ExpiredContainerReplicaOpScrubber (BackgroundSCMService.java:run(115)) - ExpiredContainerReplicaOpScrubber is interrupted, exit
2023-10-17 18:42:50,427 [Time-limited test] INFO  utils.BackgroundService (BackgroundService.java:shutdown(160)) - Shutting down service SCMBlockDeletingService
2023-10-17 18:42:50,427 [Time-limited test] INFO  replication.ReplicationManager (ReplicationManager.java:stop(333)) - Replication Monitor Thread is not running.
2023-10-17 18:42:50,428 [Time-limited test] WARN  balancer.ContainerBalancer (ContainerBalancer.java:stop(326)) - Cannot stop Container Balancer because it's not running or stopping
2023-10-17 18:42:50,428 [LeaseManager#LeaseMonitor] WARN  lease.LeaseManager (LeaseManager.java:run(287)) - Lease manager is interrupted. Shutting down...
java.lang.InterruptedException
	at java.util.concurrent.locks.AbstractQueuedSynchronizer.doAcquireSharedNanos(AbstractQueuedSynchronizer.java:1039)
	at java.util.concurrent.locks.AbstractQueuedSynchronizer.tryAcquireSharedNanos(AbstractQueuedSynchronizer.java:1328)
	at java.util.concurrent.Semaphore.tryAcquire(Semaphore.java:409)
	at org.apache.hadoop.ozone.lease.LeaseManager$LeaseMonitor.run(LeaseManager.java:285)
	at java.lang.Thread.run(Thread.java:750)
2023-10-17 18:42:50,428 [Time-limited test] INFO  server.StorageContainerManager (StorageContainerManager.java:stop(1724)) - Stopping SCM MetadataStore.
2023-10-17 18:42:50,467 [Time-limited test] INFO  db.CodecTestUtil (CodecTestUtil.java:gc(47)) - gc 0
]]></system-out>
  </testcase>
  <testcase name="testBlockDeletingThrottling" classname="org.apache.hadoop.ozone.scm.TestStorageContainerManager" time="33.501">
    <system-out><![CDATA[2023-10-17 18:42:50,796 [Time-limited test] WARN  server.ServerUtils (ServerUtils.java:getScmDbDir(155)) - ozone.scm.db.dirs is not configured. We recommend adding this setting. Falling back to ozone.metadata.dirs instead.
2023-10-17 18:42:50,799 [Time-limited test] WARN  server.ServerUtils (ServerUtils.java:getScmDbDir(155)) - ozone.scm.db.dirs is not configured. We recommend adding this setting. Falling back to ozone.metadata.dirs instead.
2023-10-17 18:42:50,800 [Time-limited test] INFO  ha.SCMHANodeDetails (SCMHANodeDetails.java:loadSCMHAConfig(210)) - ServiceID for StorageContainerManager is null
2023-10-17 18:42:50,800 [Time-limited test] WARN  ha.SCMHANodeDetails (SCMHANodeDetails.java:validateSCMHAConfig(183)) - Invalid config ozone.scm.ratis.enable. The config was not specified, but the default value true conflicts with the expected config value false. Falling back to the expected value. Current State of SCM: SCM is running in Non-HA without Ratis Ratis SCM -> Non Ratis SCM or Non HA SCM -> HA SCM is not supported
2023-10-17 18:42:50,800 [Time-limited test] INFO  ha.SCMHANodeDetails (SCMHANodeDetails.java:loadSCMHAConfig(215)) - ozone.scm.default.service.id is not defined, falling back to ozone.scm.service.ids to find serviceID for StorageContainerManager if it is HA enabled cluster
2023-10-17 18:42:50,800 [Time-limited test] WARN  utils.HAUtils (HAUtils.java:getMetaDir(339)) - ozone.scm.db.dirs is not configured. We recommend adding this setting. Falling back to ozone.metadata.dirs instead.
2023-10-17 18:42:50,801 [Time-limited test] WARN  db.DBStoreBuilder (DBStoreBuilder.java:applyDBDefinition(167)) - ozone.scm.db.dirs is not configured. We recommend adding this setting. Falling back to ozone.metadata.dirs instead.
2023-10-17 18:42:50,911 [Time-limited test] INFO  net.NodeSchemaLoader (NodeSchemaLoader.java:loadSchemaFromFile(129)) - Loading schema from [jar:file:/home/runner/.m2/repository/org/apache/ozone/hdds-common/1.4.0-SNAPSHOT/hdds-common-1.4.0-SNAPSHOT.jar!/network-topology-default.xml]
2023-10-17 18:42:50,911 [Time-limited test] INFO  net.NodeSchemaLoader (NodeSchemaLoader.java:loadSchema(176)) - Loading network topology layer schema file
2023-10-17 18:42:50,914 [Time-limited test] INFO  upgrade.AbstractLayoutVersionManager (AbstractLayoutVersionManager.java:init(83)) - Initializing Layout version manager with metadata layout = HADOOP_PRC_PORTS_IN_DATANODEDETAILS (version = 7), software layout = HADOOP_PRC_PORTS_IN_DATANODEDETAILS (version = 7)
2023-10-17 18:42:50,915 [Time-limited test] INFO  ha.SequenceIdGenerator (SequenceIdGenerator.java:upgradeToSequenceId(365)) - upgrade localId to 111677748019200000
2023-10-17 18:42:50,916 [Time-limited test] INFO  ha.SequenceIdGenerator (SequenceIdGenerator.java:upgradeToSequenceId(375)) - upgrade delTxnId to 0
2023-10-17 18:42:50,916 [Time-limited test] INFO  ha.SequenceIdGenerator (SequenceIdGenerator.java:upgradeToSequenceId(392)) - upgrade containerId to 0
2023-10-17 18:42:50,917 [Time-limited test] INFO  ha.SequenceIdGenerator (SequenceIdGenerator.java:upgradeToSequenceId(428)) - upgrade rootCertificateId to 1
2023-10-17 18:42:50,917 [Time-limited test] INFO  ha.SequenceIdGenerator (SequenceIdGenerator.java:<init>(236)) - Init the HA SequenceIdGenerator.
2023-10-17 18:42:50,918 [Time-limited test] INFO  node.SCMNodeManager (SCMNodeManager.java:<init>(157)) - Entering startup safe mode.
2023-10-17 18:42:50,919 [Time-limited test] INFO  algorithms.ContainerPlacementPolicyFactory (ContainerPlacementPolicyFactory.java:getPolicyInternal(86)) - Create container placement policy of type org.apache.hadoop.hdds.scm.container.placement.algorithms.SCMContainerPlacementRackAware
2023-10-17 18:42:50,919 [Time-limited test] INFO  algorithms.ContainerPlacementPolicyFactory (ContainerPlacementPolicyFactory.java:getPolicyInternal(86)) - Create container placement policy of type org.apache.hadoop.hdds.scm.container.placement.algorithms.SCMContainerPlacementRackScatter
2023-10-17 18:42:50,919 [Time-limited test] INFO  pipeline.PipelineStateManagerImpl (PipelineStateManagerImpl.java:initialize(78)) - No pipeline exists in current db
2023-10-17 18:42:50,919 [Time-limited test] INFO  algorithms.LeaderChoosePolicyFactory (LeaderChoosePolicyFactory.java:getPolicy(57)) - Create leader choose policy of type org.apache.hadoop.hdds.scm.pipeline.leader.choose.algorithms.MinLeaderCountChoosePolicy
2023-10-17 18:42:50,919 [Time-limited test] INFO  algorithms.ContainerPlacementPolicyFactory (ContainerPlacementPolicyFactory.java:getPolicyInternal(86)) - Create container placement policy of type org.apache.hadoop.hdds.scm.container.placement.algorithms.SCMContainerPlacementRackScatter
2023-10-17 18:42:50,920 [Time-limited test] INFO  ha.SCMServiceManager (SCMServiceManager.java:register(42)) - Registering service BackgroundPipelineCreator.
2023-10-17 18:42:50,920 [Time-limited test] INFO  pipeline.BackgroundPipelineCreator (BackgroundPipelineCreator.java:start(124)) - Starting RatisPipelineUtilsThread.
2023-10-17 18:42:50,920 [Time-limited test] INFO  BackgroundPipelineScrubber (BackgroundSCMService.java:start(68)) - Starting BackgroundPipelineScrubber Service.
2023-10-17 18:42:50,920 [Time-limited test] INFO  ha.SCMServiceManager (SCMServiceManager.java:register(42)) - Registering service BackgroundPipelineScrubber.
2023-10-17 18:42:50,920 [Time-limited test] INFO  ExpiredContainerReplicaOpScrubber (BackgroundSCMService.java:start(68)) - Starting ExpiredContainerReplicaOpScrubber Service.
2023-10-17 18:42:50,921 [Time-limited test] INFO  ha.SCMServiceManager (SCMServiceManager.java:register(42)) - Registering service ExpiredContainerReplicaOpScrubber.
2023-10-17 18:42:50,921 [Time-limited test] INFO  algorithms.PipelineChoosePolicyFactory (PipelineChoosePolicyFactory.java:createPipelineChoosePolicyFromClass(78)) - Create pipeline choose policy of type org.apache.hadoop.hdds.scm.pipeline.choose.algorithms.RandomPipelineChoosePolicy
2023-10-17 18:42:50,921 [Time-limited test] INFO  algorithms.PipelineChoosePolicyFactory (PipelineChoosePolicyFactory.java:createPipelineChoosePolicyFromClass(78)) - Create pipeline choose policy of type org.apache.hadoop.hdds.scm.pipeline.choose.algorithms.RandomPipelineChoosePolicy
2023-10-17 18:42:50,922 [Time-limited test] INFO  ha.SCMServiceManager (SCMServiceManager.java:register(42)) - Registering service SCMBlockDeletingService.
2023-10-17 18:42:50,923 [Time-limited test] INFO  replication.ReplicationManager (ReplicationManager.java:start(291)) - Starting Replication Monitor Thread.
2023-10-17 18:42:50,924 [Time-limited test] INFO  ha.SCMServiceManager (SCMServiceManager.java:register(42)) - Registering service ReplicationManager.
2023-10-17 18:42:50,924 [Time-limited test] INFO  safemode.ContainerSafeModeRule (ContainerSafeModeRule.java:<init>(90)) - containers with one replica threshold count 0
2023-10-17 18:42:50,924 [Time-limited test] INFO  safemode.HealthyPipelineSafeModeRule (HealthyPipelineSafeModeRule.java:initializeRule(169)) - Total pipeline count is 0, healthy pipeline threshold count is 0
2023-10-17 18:42:50,924 [Time-limited test] INFO  safemode.OneReplicaPipelineSafeModeRule (OneReplicaPipelineSafeModeRule.java:initializeRule(180)) - Total pipeline count is 0, pipeline's with at least one datanode reported threshold count is 0
2023-10-17 18:42:50,926 [ReplicationMonitor] INFO  replication.ReplicationManager (ReplicationManager.java:processAll(365)) - Replication Manager is not ready to run until 3000ms after safemode exit
2023-10-17 18:42:50,926 [Time-limited test] INFO  server.StorageContainerManager (StorageContainerManager.java:<init>(427)) - SCM start with adminUsers: [runner]
2023-10-17 18:42:50,927 [Time-limited test] INFO  ipc.CallQueueManager (CallQueueManager.java:<init>(90)) - Using callQueue: class java.util.concurrent.LinkedBlockingQueue, queueCapacity: 2000, scheduler: class org.apache.hadoop.ipc.DefaultRpcScheduler, ipcBackoff: false.
2023-10-17 18:42:50,927 [Time-limited test] INFO  ipc.Server (Server.java:<init>(1287)) - Listener at 0.0.0.0:15037
2023-10-17 18:42:50,927 [Socket Reader #1 for port 15037] INFO  ipc.Server (Server.java:run(1323)) - Starting Socket Reader #1 for port 15037
2023-10-17 18:42:50,928 [Time-limited test] INFO  ipc.CallQueueManager (CallQueueManager.java:<init>(90)) - Using callQueue: class java.util.concurrent.LinkedBlockingQueue, queueCapacity: 2000, scheduler: class org.apache.hadoop.ipc.DefaultRpcScheduler, ipcBackoff: false.
2023-10-17 18:42:50,928 [Time-limited test] INFO  ipc.Server (Server.java:<init>(1287)) - Listener at 0.0.0.0:15036
2023-10-17 18:42:50,929 [Socket Reader #1 for port 15036] INFO  ipc.Server (Server.java:run(1323)) - Starting Socket Reader #1 for port 15036
2023-10-17 18:42:50,930 [Time-limited test] INFO  ipc.CallQueueManager (CallQueueManager.java:<init>(90)) - Using callQueue: class java.util.concurrent.LinkedBlockingQueue, queueCapacity: 2000, scheduler: class org.apache.hadoop.ipc.DefaultRpcScheduler, ipcBackoff: false.
2023-10-17 18:42:50,930 [Time-limited test] INFO  ipc.Server (Server.java:<init>(1287)) - Listener at 0.0.0.0:15035
2023-10-17 18:42:50,931 [Socket Reader #1 for port 15035] INFO  ipc.Server (Server.java:run(1323)) - Starting Socket Reader #1 for port 15035
2023-10-17 18:42:50,937 [Time-limited test] INFO  ha.SCMServiceManager (SCMServiceManager.java:register(42)) - Registering service ContainerBalancer.
2023-10-17 18:42:50,937 [Time-limited test] INFO  server.StorageContainerManager (StorageContainerManager.java:<init>(440)) - 
Container Balancer status:
Key                            Value
Running                        false
Container Balancer Configuration values:
Key                                                Value
Threshold                                          10
Max Datanodes to Involve per Iteration(percent)    20
Max Size to Move per Iteration                     500GB
Max Size Entering Target per Iteration             26GB
Max Size Leaving Source per Iteration              26GB
Number of Iterations                               10
Time Limit for Single Container's Movement         65min
Time Limit for Single Container's Replication      50min
Interval between each Iteration                    70min
Whether to Enable Network Topology                 false
Whether to Trigger Refresh Datanode Usage Info     false
Container IDs to Exclude from Balancing            None
Datanodes Specified to be Balanced                 None
Datanodes Excluded from Balancing                  None

2023-10-17 18:42:50,937 [Time-limited test] INFO  ha.SCMContext (SCMContext.java:updateSafeModeStatus(230)) - Update SafeModeStatus from SafeModeStatus{safeModeStatus=true, preCheckPassed=false} to SafeModeStatus{safeModeStatus=true, preCheckPassed=false}.
2023-10-17 18:42:50,938 [Time-limited test] INFO  server.StorageContainerManager (StorageContainerManager.java:start(1492)) - StorageContainerLocationProtocol RPC server is listening at /0.0.0.0:15035
2023-10-17 18:42:50,941 [Time-limited test] WARN  impl.MetricsConfig (MetricsConfig.java:loadFirst(136)) - Cannot locate configuration: tried hadoop-metrics2-storagecontainermanager.properties,hadoop-metrics2.properties
2023-10-17 18:42:50,947 [Time-limited test] INFO  impl.MetricsSystemImpl (MetricsSystemImpl.java:startTimer(378)) - Scheduled Metric snapshot period at 10 second(s).
2023-10-17 18:42:50,947 [Time-limited test] INFO  impl.MetricsSystemImpl (MetricsSystemImpl.java:start(191)) - StorageContainerManager metrics system started
2023-10-17 18:42:50,970 [Time-limited test] INFO  impl.MetricsSinkAdapter (MetricsSinkAdapter.java:start(204)) - Sink prometheus started
2023-10-17 18:42:50,975 [Time-limited test] INFO  impl.MetricsSystemImpl (MetricsSystemImpl.java:registerSink(305)) - Registered sink prometheus
2023-10-17 18:42:50,988 [Time-limited test] INFO  server.SCMClientProtocolServer (SCMClientProtocolServer.java:start(201)) - RPC server for Client  is listening at /0.0.0.0:15035
2023-10-17 18:42:50,988 [IPC Server Responder] INFO  ipc.Server (Server.java:run(1562)) - IPC Server Responder: starting
2023-10-17 18:42:50,990 [IPC Server listener on 15035] INFO  ipc.Server (Server.java:run(1402)) - IPC Server listener on 15035: starting
2023-10-17 18:42:50,996 [Time-limited test] INFO  server.StorageContainerManager (StorageContainerManager.java:start(1505)) - ScmBlockLocationProtocol RPC server is listening at /0.0.0.0:15036
2023-10-17 18:42:50,996 [Time-limited test] INFO  server.SCMBlockProtocolServer (SCMBlockProtocolServer.java:start(154)) - RPC server for Block Protocol is listening at /0.0.0.0:15036
2023-10-17 18:42:50,997 [IPC Server Responder] INFO  ipc.Server (Server.java:run(1562)) - IPC Server Responder: starting
2023-10-17 18:42:50,997 [IPC Server listener on 15036] INFO  ipc.Server (Server.java:run(1402)) - IPC Server listener on 15036: starting
2023-10-17 18:42:51,004 [Time-limited test] INFO  server.SCMDatanodeProtocolServer (SCMDatanodeProtocolServer.java:start(193)) - ScmDatanodeProtocol RPC server for DataNodes is listening at /0.0.0.0:15037
2023-10-17 18:42:51,005 [IPC Server Responder] INFO  ipc.Server (Server.java:run(1562)) - IPC Server Responder: starting
2023-10-17 18:42:51,005 [IPC Server listener on 15037] INFO  ipc.Server (Server.java:run(1402)) - IPC Server listener on 15037: starting
2023-10-17 18:42:51,011 [JvmPauseMonitor5] INFO  util.JvmPauseMonitor (JvmPauseMonitor.java:run(103)) - JvmPauseMonitor-777b0fb5-c050-4c6e-a4c6-fcbec32ee99a: Started
2023-10-17 18:42:51,011 [Time-limited test] INFO  http.BaseHttpServer (BaseHttpServer.java:newHttpServer2BuilderForOzone(223)) - Starting Web-server for scm at: http://0.0.0.0:15038
2023-10-17 18:42:51,011 [Time-limited test] INFO  http.BaseHttpServer (BaseHttpServer.java:<init>(110)) - Hadoop Security Enabled: false Ozone Security Enabled: false Ozone HTTP Security Enabled: false 
2023-10-17 18:42:51,013 [Time-limited test] WARN  server.AuthenticationFilter (AuthenticationFilter.java:constructSecretProvider(240)) - Unable to initialize FileSignerSecretProvider, falling back to use random secrets. Reason: Could not read signature secret file: /home/runner/hadoop-http-auth-signature-secret
2023-10-17 18:42:51,015 [Time-limited test] INFO  http.HttpRequestLog (HttpRequestLog.java:getRequestLog(86)) - Http request log for http.requests.scm is not defined
2023-10-17 18:42:51,019 [Time-limited test] INFO  http.HttpServer2 (HttpServer2.java:addGlobalFilter(1031)) - Added global filter 'safety' (class=org.apache.hadoop.hdds.server.http.HttpServer2$QuotingInputFilter)
2023-10-17 18:42:51,020 [Time-limited test] INFO  http.HttpServer2 (HttpServer2.java:addFilter(1007)) - Added filter static_user_filter (class=org.apache.hadoop.http.lib.StaticUserWebFilter$StaticUserFilter) to context scm
2023-10-17 18:42:51,020 [Time-limited test] INFO  http.HttpServer2 (HttpServer2.java:addFilter(1015)) - Added filter static_user_filter (class=org.apache.hadoop.http.lib.StaticUserWebFilter$StaticUserFilter) to context logs
2023-10-17 18:42:51,020 [Time-limited test] INFO  http.HttpServer2 (HttpServer2.java:addFilter(1015)) - Added filter static_user_filter (class=org.apache.hadoop.http.lib.StaticUserWebFilter$StaticUserFilter) to context static
2023-10-17 18:42:51,020 [Time-limited test] INFO  http.BaseHttpServer (BaseHttpServer.java:<init>(189)) - HTTP server of scm uses base directory /home/runner/work/ozone/ozone/hadoop-ozone/integration-test/target/test-dir/MiniOzoneClusterImpl-6573419f-bca2-4c06-bff4-18a4ba0450b6/ozone-meta/webserver
2023-10-17 18:42:51,021 [Time-limited test] INFO  http.HttpServer2 (HttpServer2.java:bindListener(1231)) - Jetty bound to port 15038
2023-10-17 18:42:51,021 [Time-limited test] INFO  server.Server (Server.java:doStart(375)) - jetty-9.4.53.v20231009; built: 2023-10-09T12:29:09.265Z; git: 27bde00a0b95a1d5bbee0eae7984f891d2d0f8c9; jvm 1.8.0_382-b05
2023-10-17 18:42:51,025 [Time-limited test] INFO  server.session (DefaultSessionIdManager.java:doStart(334)) - DefaultSessionIdManager workerName=node0
2023-10-17 18:42:51,025 [Time-limited test] INFO  server.session (DefaultSessionIdManager.java:doStart(339)) - No SessionScavenger set, using defaults
2023-10-17 18:42:51,025 [Time-limited test] INFO  server.session (HouseKeeper.java:startScavenging(132)) - node0 Scavenging every 600000ms
2023-10-17 18:42:51,026 [Time-limited test] INFO  handler.ContextHandler (ContextHandler.java:doStart(921)) - Started o.e.j.s.ServletContextHandler@1284b9ed{logs,/logs,file:///home/runner/work/ozone/ozone/hadoop-ozone/integration-test/target/log,AVAILABLE}
2023-10-17 18:42:51,026 [Time-limited test] INFO  handler.ContextHandler (ContextHandler.java:doStart(921)) - Started o.e.j.s.ServletContextHandler@34acafd2{static,/static,file:///home/runner/work/ozone/ozone/hadoop-ozone/integration-test/target/test-classes/webapps/static,AVAILABLE}
2023-10-17 18:42:51,030 [Time-limited test] INFO  handler.ContextHandler (ContextHandler.java:doStart(921)) - Started o.e.j.w.WebAppContext@135e828{scm,/,file:///home/runner/work/ozone/ozone/hadoop-ozone/integration-test/target/test-classes/webapps/scm/,AVAILABLE}{file:/home/runner/work/ozone/ozone/hadoop-ozone/integration-test/target/test-classes/webapps/scm}
2023-10-17 18:42:51,031 [Time-limited test] INFO  server.AbstractConnector (AbstractConnector.java:doStart(333)) - Started ServerConnector@2659fbd2{HTTP/1.1, (http/1.1)}{0.0.0.0:15038}
2023-10-17 18:42:51,031 [Time-limited test] INFO  server.Server (Server.java:doStart(415)) - Started @31746ms
2023-10-17 18:42:51,031 [Time-limited test] WARN  impl.MetricsSystemImpl (MetricsSystemImpl.java:register(279)) - Sink prometheus already exists!
2023-10-17 18:42:51,032 [Time-limited test] INFO  http.BaseHttpServer (BaseHttpServer.java:updateConnectorAddress(354)) - HTTP server of scm listening at http://0.0.0.0:15038
2023-10-17 18:42:51,032 [Time-limited test] WARN  server.ServerUtils (ServerUtils.java:getDBPath(311)) - ozone.om.db.dirs is not configured. We recommend adding this setting. Falling back to ozone.metadata.dirs instead.
2023-10-17 18:42:51,035 [Time-limited test] INFO  ha.OMHANodeDetails (OMHANodeDetails.java:loadOMHAConfig(115)) - ozone.om.internal.service.id is not defined, falling back to ozone.om.service.ids to find serviceID for OzoneManager if it is HA enabled cluster
2023-10-17 18:42:51,038 [Time-limited test] INFO  ha.OMHANodeDetails (OMHANodeDetails.java:loadOMHAConfig(226)) - Configuration does not have ozone.om.address set. Falling back to the default OM address /127.0.0.1:15039
2023-10-17 18:42:51,038 [Time-limited test] INFO  ha.OMHANodeDetails (OMHANodeDetails.java:getOMNodeDetailsForNonHA(254)) - OM Service ID is not set. Setting it to the default ID: omServiceIdDefault
2023-10-17 18:42:51,038 [Time-limited test] INFO  ha.OMHANodeDetails (OMHANodeDetails.java:getOMNodeDetailsForNonHA(261)) - OM Node ID is not set. Setting it to the default ID: om1
2023-10-17 18:42:51,038 [Time-limited test] WARN  server.ServerUtils (ServerUtils.java:getDBPath(311)) - ozone.om.db.dirs is not configured. We recommend adding this setting. Falling back to ozone.metadata.dirs instead.
2023-10-17 18:42:51,039 [Time-limited test] INFO  upgrade.AbstractLayoutVersionManager (AbstractLayoutVersionManager.java:init(83)) - Initializing Layout version manager with metadata layout = QUOTA (version = 6), software layout = QUOTA (version = 6)
2023-10-17 18:42:51,132 [Time-limited test] INFO  reflections.Reflections (Reflections.java:scan(232)) - Reflections took 92 ms to scan 2 urls, producing 190 keys and 532 values [using 2 cores]
2023-10-17 18:42:51,132 [Time-limited test] INFO  upgrade.OMLayoutVersionManager (OMLayoutVersionManager.java:lambda$0(115)) - Skipping Upgrade Action MockOmUpgradeAction since it has been finalized.
2023-10-17 18:42:51,133 [Time-limited test] INFO  upgrade.OMLayoutVersionManager (OMLayoutVersionManager.java:lambda$0(115)) - Skipping Upgrade Action QuotaRepairUpgradeAction since it has been finalized.
2023-10-17 18:42:51,133 [Time-limited test] WARN  server.ServerUtils (ServerUtils.java:getDBPath(311)) - ozone.om.db.dirs is not configured. We recommend adding this setting. Falling back to ozone.metadata.dirs instead.
2023-10-17 18:42:51,134 [Time-limited test] INFO  proxy.SCMBlockLocationFailoverProxyProvider (SCMBlockLocationFailoverProxyProvider.java:<init>(114)) - Created block location fail-over proxy with 1 nodes: [nodeId=scmNodeId,nodeAddress=/0.0.0.0:15036]
2023-10-17 18:42:51,135 [Time-limited test] INFO  proxy.SCMBlockLocationFailoverProxyProvider (SCMBlockLocationFailoverProxyProvider.java:<init>(114)) - Created block location fail-over proxy with 1 nodes: [nodeId=scmNodeId,nodeAddress=/0.0.0.0:15036]
2023-10-17 18:42:51,143 [Time-limited test] INFO  om.OzoneManager (OzoneManager.java:<init>(671)) - OM start with adminUsers: [runner]
2023-10-17 18:42:51,144 [Time-limited test] WARN  server.ServerUtils (ServerUtils.java:getDBPath(311)) - ozone.om.db.dirs is not configured. We recommend adding this setting. Falling back to ozone.metadata.dirs instead.
2023-10-17 18:42:51,144 [Time-limited test] INFO  helpers.OmKeyInfo (OmKeyInfo.java:getCodec(71)) - OmKeyInfo.getCodec ignorePipeline = true
2023-10-17 18:42:51,331 [Time-limited test] INFO  om.OzoneManager (OzoneManager.java:instantiateServices(800)) - S3 Multi-Tenancy is disabled
2023-10-17 18:42:51,332 [Time-limited test] INFO  om.OmSnapshotManager (OmSnapshotManager.java:<init>(174)) - Ozone filesystem snapshot feature is enabled.
2023-10-17 18:42:51,332 [Time-limited test] WARN  server.ServerUtils (ServerUtils.java:getDBPath(311)) - ozone.om.snapshot.diff.db.dir is not configured. We recommend adding this setting. Falling back to ozone.metadata.dirs instead.
2023-10-17 18:42:51,353 [Time-limited test] INFO  snapshot.SnapshotDiffManager (SnapshotDiffManager.java:closeExecutorService(1720)) - Shutting down executorService: 'SstDumpToolExecutor'
2023-10-17 18:42:51,354 [Time-limited test] INFO  om.OzoneManager (OzoneManager.java:addS3GVolumeToDB(4376)) - Created Volume s3v With Owner runner required for S3Gateway operations.
2023-10-17 18:42:51,355 [Time-limited test] WARN  server.ServerUtils (ServerUtils.java:getDefaultRatisDirectory(323)) - Storage directory for Ratis is not configured. It is a good idea to map this to an SSD disk. Falling back to ozone.metadata.dirs
2023-10-17 18:42:51,355 [Time-limited test] WARN  utils.OzoneManagerRatisUtils (OzoneManagerRatisUtils.java:getOMRatisSnapshotDirectory(470)) - ozone.om.ratis.snapshot.dir is not configured. Falling back to ozone.metadata.dirs config
2023-10-17 18:42:51,355 [Time-limited test] WARN  server.ServerUtils (ServerUtils.java:getDefaultRatisDirectory(323)) - Storage directory for Ratis is not configured. It is a good idea to map this to an SSD disk. Falling back to ozone.metadata.dirs
2023-10-17 18:42:51,357 [Time-limited test] INFO  ratis.OzoneManagerRatisServer (OzoneManagerRatisServer.java:<init>(164)) - Instantiating OM Ratis server with groupID: omServiceIdDefault and peers: localhost:15042
2023-10-17 18:42:51,357 [Time-limited test] INFO  ratis.OzoneManagerStateMachine (OzoneManagerStateMachine.java:loadSnapshotInfoFromDB(691)) - LastAppliedIndex is set from TransactionInfo from OM DB as (t:0, i:~)
2023-10-17 18:42:51,358 [Time-limited test] INFO  server.RaftServer (ConfUtils.java:logGet(46)) - raft.rpc.type = GRPC (default)
2023-10-17 18:42:51,358 [Time-limited test] INFO  grpc.GrpcConfigKeys (ConfUtils.java:logFallback(53)) - raft.grpc.admin.host = null (fallback to raft.grpc.server.host)
2023-10-17 18:42:51,358 [Time-limited test] INFO  grpc.GrpcConfigKeys (ConfUtils.java:logFallback(53)) - raft.grpc.admin.port = 15042 (fallback to raft.grpc.server.port)
2023-10-17 18:42:51,358 [Time-limited test] INFO  grpc.GrpcConfigKeys (ConfUtils.java:logFallback(53)) - raft.grpc.client.host = null (fallback to raft.grpc.server.host)
2023-10-17 18:42:51,358 [Time-limited test] INFO  grpc.GrpcConfigKeys (ConfUtils.java:logFallback(53)) - raft.grpc.client.port = 15042 (fallback to raft.grpc.server.port)
2023-10-17 18:42:51,358 [Time-limited test] INFO  grpc.GrpcConfigKeys (ConfUtils.java:logGet(46)) - raft.grpc.server.host = null (default)
2023-10-17 18:42:51,358 [Time-limited test] INFO  grpc.GrpcConfigKeys (ConfUtils.java:logGet(46)) - raft.grpc.server.port = 15042 (custom)
2023-10-17 18:42:51,358 [Time-limited test] INFO  server.GrpcService (ConfUtils.java:logGet(46)) - raft.grpc.message.size.max = 33554432 (custom)
2023-10-17 18:42:51,358 [Time-limited test] INFO  server.RaftServerConfigKeys (ConfUtils.java:logGet(46)) - raft.server.log.appender.buffer.byte-limit = 33554432 (custom)
2023-10-17 18:42:51,358 [Time-limited test] INFO  server.GrpcService (ConfUtils.java:logGet(46)) - raft.grpc.flow.control.window = 1MB (=1048576) (default)
2023-10-17 18:42:51,358 [Time-limited test] INFO  server.RaftServerConfigKeys (ConfUtils.java:logGet(46)) - raft.server.rpc.request.timeout = 3000ms (default)
2023-10-17 18:42:51,358 [Time-limited test] INFO  grpc.GrpcConfigKeys (ConfUtils.java:logGet(46)) - raft.grpc.server.heartbeat.channel = true (default)
2023-10-17 18:42:51,359 [Time-limited test] INFO  grpc.GrpcConfigKeys (ConfUtils.java:logGet(46)) - raft.grpc.server.async.request.thread.pool.cached = true (default)
2023-10-17 18:42:51,359 [Time-limited test] INFO  grpc.GrpcConfigKeys (ConfUtils.java:logGet(46)) - raft.grpc.server.async.request.thread.pool.size = 32 (default)
2023-10-17 18:42:51,360 [Time-limited test] INFO  impl.DataStreamServerImpl (ConfUtils.java:logGet(46)) - raft.datastream.type = DISABLED (default)
2023-10-17 18:42:51,360 [Time-limited test] INFO  server.RaftServerConfigKeys (ConfUtils.java:logGet(46)) - raft.server.threadpool.proxy.cached = true (default)
2023-10-17 18:42:51,360 [Time-limited test] INFO  server.RaftServerConfigKeys (ConfUtils.java:logGet(46)) - raft.server.threadpool.proxy.size = 0 (default)
2023-10-17 18:42:51,360 [Time-limited test] INFO  server.RaftServerConfigKeys (ConfUtils.java:logGet(46)) - raft.server.rpc.slowness.timeout = 120s (custom)
2023-10-17 18:42:51,360 [Time-limited test] INFO  server.RaftServerConfigKeys (ConfUtils.java:logGet(46)) - raft.server.leaderelection.leader.step-down.wait-time = 10s (default)
2023-10-17 18:42:51,361 [Time-limited test] INFO  server.RaftServerConfigKeys (ConfUtils.java:logGet(46)) - raft.server.storage.dir = [/home/runner/work/ozone/ozone/hadoop-ozone/integration-test/target/test-dir/MiniOzoneClusterImpl-6573419f-bca2-4c06-bff4-18a4ba0450b6/ozone-meta/ratis] (custom)
2023-10-17 18:42:51,361 [Time-limited test] INFO  server.RaftServer (RaftServerProxy.java:addNew(98)) - om1: addNew group-C5BA1605619E:[om1|rpc:localhost:15042|priority:0|startupRole:FOLLOWER] returns group-C5BA1605619E:java.util.concurrent.CompletableFuture@7a167d95[Not completed]
2023-10-17 18:42:51,361 [om1-groupManagement] INFO  server.RaftServer$Division (RaftServerImpl.java:<init>(198)) - om1: new RaftServerImpl for group-C5BA1605619E:[om1|rpc:localhost:15042|priority:0|startupRole:FOLLOWER] with OzoneManagerStateMachine:uninitialized
2023-10-17 18:42:51,361 [Time-limited test] INFO  om.OzoneManager (OzoneManager.java:initializeRatisServer(2147)) - OzoneManager Ratis server initialized at port 15042
2023-10-17 18:42:51,361 [om1-groupManagement] INFO  server.RaftServerConfigKeys (ConfUtils.java:logGet(46)) - raft.server.rpc.timeout.min = 1s (custom)
2023-10-17 18:42:51,361 [Time-limited test] INFO  om.OzoneManager (OzoneManager.java:getRpcServer(1202)) - Creating RPC Server
2023-10-17 18:42:51,361 [om1-groupManagement] INFO  server.RaftServerConfigKeys (ConfUtils.java:logGet(46)) - raft.server.rpc.timeout.max = 1200ms (custom)
2023-10-17 18:42:51,362 [om1-groupManagement] INFO  server.RaftServerConfigKeys (ConfUtils.java:logGet(46)) - raft.server.rpc.sleep.time = 25ms (default)
2023-10-17 18:42:51,362 [om1-groupManagement] INFO  server.RaftServerConfigKeys (ConfUtils.java:logGet(46)) - raft.server.rpc.slowness.timeout = 120s (custom)
2023-10-17 18:42:51,362 [om1-groupManagement] INFO  server.RaftServerConfigKeys (ConfUtils.java:logGet(46)) - raft.server.leaderelection.leader.step-down.wait-time = 10s (default)
2023-10-17 18:42:51,362 [om1-groupManagement] INFO  server.RaftServerConfigKeys (ConfUtils.java:logGet(46)) - raft.server.sleep.deviation.threshold = 300ms (default)
2023-10-17 18:42:51,362 [om1-groupManagement] INFO  server.RaftServer$Division (ServerState.java:<init>(120)) - om1@group-C5BA1605619E: ConfigurationManager, init=-1: peers:[om1|rpc:localhost:15042|priority:0|startupRole:FOLLOWER]|listeners:[], old=null, confs=<EMPTY_MAP>
2023-10-17 18:42:51,362 [om1-groupManagement] INFO  server.RaftServerConfigKeys (ConfUtils.java:logGet(46)) - raft.server.storage.dir = [/home/runner/work/ozone/ozone/hadoop-ozone/integration-test/target/test-dir/MiniOzoneClusterImpl-6573419f-bca2-4c06-bff4-18a4ba0450b6/ozone-meta/ratis] (custom)
2023-10-17 18:42:51,362 [om1-groupManagement] INFO  server.RaftServerConfigKeys (ConfUtils.java:logGet(46)) - raft.server.log.corruption.policy = EXCEPTION (default)
2023-10-17 18:42:51,362 [om1-groupManagement] INFO  server.RaftServerConfigKeys (ConfUtils.java:logGet(46)) - raft.server.storage.free-space.min = 0MB (=0) (default)
2023-10-17 18:42:51,362 [om1-groupManagement] INFO  server.RaftServerConfigKeys (ConfUtils.java:logGet(46)) - raft.server.notification.no-leader.timeout = 120s (custom)
2023-10-17 18:42:51,362 [om1-groupManagement] INFO  server.RaftServerConfigKeys (ConfUtils.java:logGet(46)) - raft.server.read.timeout = 10s (default)
2023-10-17 18:42:51,362 [om1-groupManagement] INFO  server.RaftServerConfigKeys (ConfUtils.java:logGet(46)) - raft.server.retrycache.expirytime = 300s (custom)
2023-10-17 18:42:51,362 [om1-groupManagement] INFO  server.RaftServerConfigKeys (ConfUtils.java:logGet(46)) - raft.server.retrycache.statistics.expirytime = 100μs (default)
2023-10-17 18:42:51,362 [om1-groupManagement] INFO  server.RaftServerConfigKeys (ConfUtils.java:logGet(46)) - raft.server.read.option = DEFAULT (default)
2023-10-17 18:42:51,363 [om1-groupManagement] INFO  server.RaftServerConfigKeys (ConfUtils.java:logGet(46)) - raft.server.rpc.request.timeout = 3000ms (default)
2023-10-17 18:42:51,363 [om1-groupManagement] INFO  server.RaftServerConfigKeys (ConfUtils.java:logGet(46)) - raft.server.log.appender.install.snapshot.enabled = false (custom)
2023-10-17 18:42:51,363 [om1-groupManagement] INFO  server.RaftServerConfigKeys (ConfUtils.java:logGet(46)) - raft.server.threadpool.server.cached = true (default)
2023-10-17 18:42:51,363 [om1-groupManagement] INFO  server.RaftServerConfigKeys (ConfUtils.java:logGet(46)) - raft.server.threadpool.server.size = 0 (default)
2023-10-17 18:42:51,363 [om1-groupManagement] INFO  server.RaftServerConfigKeys (ConfUtils.java:logGet(46)) - raft.server.threadpool.client.cached = true (default)
2023-10-17 18:42:51,363 [om1-groupManagement] INFO  server.RaftServerConfigKeys (ConfUtils.java:logGet(46)) - raft.server.threadpool.client.size = 0 (default)
2023-10-17 18:42:51,831 [Time-limited test] INFO  reflections.Reflections (Reflections.java:scan(232)) - Reflections took 468 ms to scan 20 urls, producing 71 keys and 6047 values [using 2 cores]
2023-10-17 18:42:51,832 [Time-limited test] INFO  ipc.CallQueueManager (CallQueueManager.java:<init>(90)) - Using callQueue: class java.util.concurrent.LinkedBlockingQueue, queueCapacity: 2000, scheduler: class org.apache.hadoop.ipc.DefaultRpcScheduler, ipcBackoff: false.
2023-10-17 18:42:51,832 [Time-limited test] INFO  ipc.Server (Server.java:<init>(1287)) - Listener at 127.0.0.1:15039
2023-10-17 18:42:51,833 [Socket Reader #1 for port 15039] INFO  ipc.Server (Server.java:run(1323)) - Starting Socket Reader #1 for port 15039
2023-10-17 18:42:51,856 [Time-limited test] INFO  impl.MetricsSystemImpl (MetricsSystemImpl.java:init(158)) - OzoneManager metrics system started (again)
2023-10-17 18:42:51,869 [Time-limited test] INFO  om.OzoneManager (OzoneManager.java:start(1635)) - OzoneManager RPC server is listening at localhost/127.0.0.1:15039
2023-10-17 18:42:51,869 [Time-limited test] INFO  ratis.OzoneManagerRatisServer (OzoneManagerRatisServer.java:start(559)) - Starting OzoneManagerRatisServer om1 at port 15042
2023-10-17 18:42:51,870 [om1-impl-thread1] INFO  storage.RaftStorageDirectory (RaftStorageDirectoryImpl.java:analyzeStorage(137)) - The storage directory /home/runner/work/ozone/ozone/hadoop-ozone/integration-test/target/test-dir/MiniOzoneClusterImpl-6573419f-bca2-4c06-bff4-18a4ba0450b6/ozone-meta/ratis/bf265839-605b-3f16-9796-c5ba1605619e does not exist. Creating ...
2023-10-17 18:42:51,871 [om1-impl-thread1] INFO  storage.RaftStorageDirectory (RaftStorageDirectoryImpl.java:tryLock(231)) - Lock on /home/runner/work/ozone/ozone/hadoop-ozone/integration-test/target/test-dir/MiniOzoneClusterImpl-6573419f-bca2-4c06-bff4-18a4ba0450b6/ozone-meta/ratis/bf265839-605b-3f16-9796-c5ba1605619e/in_use.lock acquired by nodename 31914@fv-az189-115
2023-10-17 18:42:51,872 [om1-impl-thread1] INFO  storage.RaftStorage (RaftStorageImpl.java:format(96)) - Storage directory /home/runner/work/ozone/ozone/hadoop-ozone/integration-test/target/test-dir/MiniOzoneClusterImpl-6573419f-bca2-4c06-bff4-18a4ba0450b6/ozone-meta/ratis/bf265839-605b-3f16-9796-c5ba1605619e has been successfully formatted.
2023-10-17 18:42:51,872 [om1-impl-thread1] INFO  server.RaftServerConfigKeys (ConfUtils.java:logGet(46)) - raft.server.log.use.memory = false (default)
2023-10-17 18:42:51,873 [om1-impl-thread1] INFO  server.RaftServerConfigKeys (ConfUtils.java:logGet(46)) - raft.server.log.purge.gap = 1000000 (custom)
2023-10-17 18:42:51,873 [om1-impl-thread1] INFO  server.RaftServerConfigKeys (ConfUtils.java:logGet(46)) - raft.server.log.appender.buffer.byte-limit = 33554432 (custom)
2023-10-17 18:42:51,873 [om1-impl-thread1] INFO  server.RaftServerConfigKeys (ConfUtils.java:logGet(46)) - raft.server.log.statemachine.data.read.timeout = 1000ms (default)
2023-10-17 18:42:51,873 [om1-impl-thread1] INFO  server.RaftServerConfigKeys (ConfUtils.java:logGet(46)) - raft.server.log.purge.preservation.log.num = 0 (default)
2023-10-17 18:42:51,873 [om1-impl-thread1] INFO  server.RaftServerConfigKeys (ConfUtils.java:logGet(46)) - raft.server.log.segment.size.max = 4194304 (custom)
2023-10-17 18:42:51,873 [om1-impl-thread1] INFO  server.RaftServerConfigKeys (ConfUtils.java:logGet(46)) - raft.server.log.segment.cache.num.max = 2 (custom)
2023-10-17 18:42:51,873 [om1-impl-thread1] INFO  server.RaftServerConfigKeys (ConfUtils.java:logGet(46)) - raft.server.log.segment.cache.size.max = 200MB (=209715200) (default)
2023-10-17 18:42:51,873 [om1-impl-thread1] INFO  server.RaftServerConfigKeys (ConfUtils.java:logGet(46)) - raft.server.log.appender.buffer.byte-limit = 33554432 (custom)
2023-10-17 18:42:51,873 [om1-impl-thread1] INFO  segmented.SegmentedRaftLogWorker (SegmentedRaftLogWorker.java:<init>(188)) - new om1@group-C5BA1605619E-SegmentedRaftLogWorker for RaftStorageImpl:Storage Directory /home/runner/work/ozone/ozone/hadoop-ozone/integration-test/target/test-dir/MiniOzoneClusterImpl-6573419f-bca2-4c06-bff4-18a4ba0450b6/ozone-meta/ratis/bf265839-605b-3f16-9796-c5ba1605619e
2023-10-17 18:42:51,873 [om1-impl-thread1] INFO  server.RaftServerConfigKeys (ConfUtils.java:logGet(46)) - raft.server.log.queue.byte-limit = 64MB (=67108864) (default)
2023-10-17 18:42:51,873 [om1-impl-thread1] INFO  server.RaftServerConfigKeys (ConfUtils.java:logGet(46)) - raft.server.log.queue.element-limit = 4096 (default)
2023-10-17 18:42:51,873 [om1-impl-thread1] INFO  server.RaftServerConfigKeys (ConfUtils.java:logGet(46)) - raft.server.log.segment.size.max = 4194304 (custom)
2023-10-17 18:42:51,873 [om1-impl-thread1] INFO  server.RaftServerConfigKeys (ConfUtils.java:logGet(46)) - raft.server.log.preallocated.size = 4194304 (custom)
2023-10-17 18:42:51,873 [om1-impl-thread1] INFO  server.RaftServerConfigKeys (ConfUtils.java:logGet(46)) - raft.server.log.force.sync.num = 128 (default)
2023-10-17 18:42:51,873 [om1-impl-thread1] INFO  server.RaftServerConfigKeys (ConfUtils.java:logGet(46)) - raft.server.log.statemachine.data.sync = true (default)
2023-10-17 18:42:51,873 [om1-impl-thread1] INFO  server.RaftServerConfigKeys (ConfUtils.java:logGet(46)) - raft.server.log.statemachine.data.sync.timeout = 10s (default)
2023-10-17 18:42:51,874 [om1-impl-thread1] INFO  server.RaftServerConfigKeys (ConfUtils.java:logGet(46)) - raft.server.log.statemachine.data.sync.timeout.retry = -1 (default)
2023-10-17 18:42:51,874 [om1-impl-thread1] INFO  server.RaftServerConfigKeys (ConfUtils.java:logGet(46)) - raft.server.log.write.buffer.size = 64KB (=65536) (default)
2023-10-17 18:42:51,874 [om1-impl-thread1] INFO  server.RaftServerConfigKeys (ConfUtils.java:logGet(46)) - raft.server.log.appender.buffer.byte-limit = 33554432 (custom)
2023-10-17 18:42:51,879 [om1-impl-thread1] INFO  server.RaftServerConfigKeys (ConfUtils.java:logGet(46)) - raft.server.log.unsafe-flush.enabled = false (default)
2023-10-17 18:42:51,879 [om1-impl-thread1] INFO  server.RaftServerConfigKeys (ConfUtils.java:logGet(46)) - raft.server.log.async-flush.enabled = false (default)
2023-10-17 18:42:51,879 [om1-impl-thread1] INFO  server.RaftServerConfigKeys (ConfUtils.java:logGet(46)) - raft.server.log.statemachine.data.caching.enabled = false (default)
2023-10-17 18:42:51,880 [om1-impl-thread1] INFO  segmented.SegmentedRaftLogWorker (SegmentedRaftLogWorker.java:lambda$new$0(135)) - om1@group-C5BA1605619E-SegmentedRaftLogWorker: flushIndex: setUnconditionally 0 -> -1
2023-10-17 18:42:51,880 [om1-impl-thread1] INFO  segmented.SegmentedRaftLogWorker (SegmentedRaftLogWorker.java:lambda$new$0(135)) - om1@group-C5BA1605619E-SegmentedRaftLogWorker: safeCacheEvictIndex: setUnconditionally 0 -> -1
2023-10-17 18:42:51,880 [om1-impl-thread1] INFO  server.RaftServer$Division (RaftServerImpl.java:start(342)) - om1@group-C5BA1605619E: start as a follower, conf=-1: peers:[om1|rpc:localhost:15042|priority:0|startupRole:FOLLOWER]|listeners:[], old=null
2023-10-17 18:42:51,880 [om1-impl-thread1] INFO  server.RaftServer$Division (RaftServerImpl.java:setRole(329)) - om1@group-C5BA1605619E: changes role from      null to FOLLOWER at term 0 for startAsFollower
2023-10-17 18:42:51,881 [om1-impl-thread1] INFO  impl.RoleInfo (RoleInfo.java:updateAndGet(139)) - om1: start om1@group-C5BA1605619E-FollowerState
2023-10-17 18:42:51,881 [om1@group-C5BA1605619E-FollowerState] INFO  server.RaftServerConfigKeys (ConfUtils.java:logFallback(53)) - raft.server.rpc.first-election.timeout.min = 1s (fallback to raft.server.rpc.timeout.min)
2023-10-17 18:42:51,881 [om1@group-C5BA1605619E-FollowerState] INFO  server.RaftServerConfigKeys (ConfUtils.java:logFallback(53)) - raft.server.rpc.first-election.timeout.max = 1200ms (fallback to raft.server.rpc.timeout.max)
2023-10-17 18:42:51,882 [om1-impl-thread1] INFO  util.JmxRegister (JmxRegister.java:tryRegister(44)) - Successfully registered JMX Bean with object name Ratis:service=RaftServer,group=group-C5BA1605619E,id=om1
2023-10-17 18:42:51,883 [om1-impl-thread1] INFO  server.RaftServerConfigKeys (ConfUtils.java:logGet(46)) - raft.server.snapshot.auto.trigger.enabled = true (custom)
2023-10-17 18:42:51,883 [om1-impl-thread1] INFO  server.RaftServerConfigKeys (ConfUtils.java:logGet(46)) - raft.server.snapshot.auto.trigger.threshold = 400000 (default)
2023-10-17 18:42:51,883 [om1-impl-thread1] INFO  server.RaftServerConfigKeys (ConfUtils.java:logGet(46)) - raft.server.snapshot.retention.file.num = -1 (default)
2023-10-17 18:42:51,883 [om1-impl-thread1] INFO  server.RaftServerConfigKeys (ConfUtils.java:logGet(46)) - raft.server.log.purge.upto.snapshot.index = true (custom)
2023-10-17 18:42:51,883 [Time-limited test] INFO  server.RaftServer (RaftServerProxy.java:startImpl(400)) - om1: start RPC server
2023-10-17 18:42:51,887 [Time-limited test] INFO  server.GrpcService (GrpcService.java:startImpl(302)) - om1: GrpcService started, listening on 15042
2023-10-17 18:42:51,890 [Time-limited test] INFO  om.OzoneManager (OzoneManager.java:start(1651)) - Version File has different layout version (6) than OM DB (null). That is expected if this OM has never been finalized to a newer layout version.
2023-10-17 18:42:51,893 [JvmPauseMonitor6] INFO  util.JvmPauseMonitor (JvmPauseMonitor.java:run(103)) - JvmPauseMonitor-om1: Started
2023-10-17 18:42:51,906 [Time-limited test] INFO  http.BaseHttpServer (BaseHttpServer.java:newHttpServer2BuilderForOzone(223)) - Starting Web-server for ozoneManager at: http://0.0.0.0:15040
2023-10-17 18:42:51,907 [Time-limited test] INFO  http.BaseHttpServer (BaseHttpServer.java:<init>(110)) - Hadoop Security Enabled: false Ozone Security Enabled: false Ozone HTTP Security Enabled: false 
2023-10-17 18:42:51,908 [Time-limited test] WARN  server.AuthenticationFilter (AuthenticationFilter.java:constructSecretProvider(240)) - Unable to initialize FileSignerSecretProvider, falling back to use random secrets. Reason: Could not read signature secret file: /home/runner/hadoop-http-auth-signature-secret
2023-10-17 18:42:51,909 [Time-limited test] INFO  http.HttpRequestLog (HttpRequestLog.java:getRequestLog(86)) - Http request log for http.requests.ozoneManager is not defined
2023-10-17 18:42:51,911 [Time-limited test] INFO  http.HttpServer2 (HttpServer2.java:addGlobalFilter(1031)) - Added global filter 'safety' (class=org.apache.hadoop.hdds.server.http.HttpServer2$QuotingInputFilter)
2023-10-17 18:42:51,912 [Time-limited test] INFO  http.HttpServer2 (HttpServer2.java:addFilter(1007)) - Added filter static_user_filter (class=org.apache.hadoop.http.lib.StaticUserWebFilter$StaticUserFilter) to context ozoneManager
2023-10-17 18:42:51,912 [Time-limited test] INFO  http.HttpServer2 (HttpServer2.java:addFilter(1015)) - Added filter static_user_filter (class=org.apache.hadoop.http.lib.StaticUserWebFilter$StaticUserFilter) to context logs
2023-10-17 18:42:51,912 [Time-limited test] INFO  http.HttpServer2 (HttpServer2.java:addFilter(1015)) - Added filter static_user_filter (class=org.apache.hadoop.http.lib.StaticUserWebFilter$StaticUserFilter) to context static
2023-10-17 18:42:51,913 [Time-limited test] INFO  http.BaseHttpServer (BaseHttpServer.java:<init>(189)) - HTTP server of ozoneManager uses base directory /home/runner/work/ozone/ozone/hadoop-ozone/integration-test/target/test-dir/MiniOzoneClusterImpl-6573419f-bca2-4c06-bff4-18a4ba0450b6/ozone-meta/webserver
2023-10-17 18:42:51,913 [Time-limited test] INFO  http.HttpServer2 (HttpServer2.java:bindListener(1231)) - Jetty bound to port 15040
2023-10-17 18:42:51,913 [Time-limited test] INFO  server.Server (Server.java:doStart(375)) - jetty-9.4.53.v20231009; built: 2023-10-09T12:29:09.265Z; git: 27bde00a0b95a1d5bbee0eae7984f891d2d0f8c9; jvm 1.8.0_382-b05
2023-10-17 18:42:51,914 [Time-limited test] INFO  server.session (DefaultSessionIdManager.java:doStart(334)) - DefaultSessionIdManager workerName=node0
2023-10-17 18:42:51,914 [Time-limited test] INFO  server.session (DefaultSessionIdManager.java:doStart(339)) - No SessionScavenger set, using defaults
2023-10-17 18:42:51,915 [Time-limited test] INFO  server.session (HouseKeeper.java:startScavenging(132)) - node0 Scavenging every 600000ms
2023-10-17 18:42:51,915 [Time-limited test] INFO  handler.ContextHandler (ContextHandler.java:doStart(921)) - Started o.e.j.s.ServletContextHandler@7fd3c872{logs,/logs,file:///home/runner/work/ozone/ozone/hadoop-ozone/integration-test/target/log,AVAILABLE}
2023-10-17 18:42:51,916 [Time-limited test] INFO  handler.ContextHandler (ContextHandler.java:doStart(921)) - Started o.e.j.s.ServletContextHandler@98d6cb9{static,/static,file:///home/runner/work/ozone/ozone/hadoop-ozone/integration-test/target/test-classes/webapps/static,AVAILABLE}
2023-10-17 18:42:51,919 [Time-limited test] INFO  handler.ContextHandler (ContextHandler.java:doStart(921)) - Started o.e.j.w.WebAppContext@4ddbc647{ozoneManager,/,file:///home/runner/work/ozone/ozone/hadoop-ozone/integration-test/target/test-classes/webapps/ozoneManager/,AVAILABLE}{file:/home/runner/work/ozone/ozone/hadoop-ozone/integration-test/target/test-classes/webapps/ozoneManager}
2023-10-17 18:42:51,921 [Time-limited test] INFO  server.AbstractConnector (AbstractConnector.java:doStart(333)) - Started ServerConnector@d65b18c{HTTP/1.1, (http/1.1)}{0.0.0.0:15040}
2023-10-17 18:42:51,922 [Time-limited test] INFO  server.Server (Server.java:doStart(415)) - Started @32636ms
2023-10-17 18:42:51,922 [Time-limited test] WARN  impl.MetricsSystemImpl (MetricsSystemImpl.java:register(279)) - Sink prometheus already exists!
2023-10-17 18:42:51,922 [Time-limited test] INFO  http.BaseHttpServer (BaseHttpServer.java:updateConnectorAddress(354)) - HTTP server of ozoneManager listening at http://0.0.0.0:15040
2023-10-17 18:42:51,923 [IPC Server Responder] INFO  ipc.Server (Server.java:run(1562)) - IPC Server Responder: starting
2023-10-17 18:42:51,923 [IPC Server listener on 15039] INFO  ipc.Server (Server.java:run(1402)) - IPC Server listener on 15039: starting
2023-10-17 18:42:51,924 [Time-limited test] INFO  om.OzoneManager (OzoneManager.java:startTrashEmptier(2100)) - Trash Interval set to 0. Files deleted won't move to trash
2023-10-17 18:42:51,931 [Time-limited test] WARN  impl.MetricRegistriesImpl (MetricRegistriesImpl.java:addReporterRegistration(111)) - New reporters are added after registries were created. Some metrics will be missing from the reporter. Please add reporter before adding any new registry.
2023-10-17 18:42:51,931 [Time-limited test] WARN  impl.MetricRegistriesImpl (MetricRegistriesImpl.java:addReporterRegistration(111)) - New reporters are added after registries were created. Some metrics will be missing from the reporter. Please add reporter before adding any new registry.
2023-10-17 18:42:51,931 [Time-limited test] INFO  impl.MetricsSystemImpl (MetricsSystemImpl.java:init(158)) - HddsDatanode metrics system started (again)
2023-10-17 18:42:51,945 [Time-limited test] INFO  ozone.HddsDatanodeService (HddsDatanodeService.java:start(240)) - HddsDatanodeService host:fv-az189-115 ip:10.1.0.25
2023-10-17 18:42:51,968 [Time-limited test] INFO  upgrade.AbstractLayoutVersionManager (AbstractLayoutVersionManager.java:init(83)) - Initializing Layout version manager with metadata layout = HADOOP_PRC_PORTS_IN_DATANODEDETAILS (version = 7), software layout = HADOOP_PRC_PORTS_IN_DATANODEDETAILS (version = 7)
2023-10-17 18:42:51,969 [Time-limited test] INFO  statemachine.DatanodeStateMachine (DatanodeStateMachine.java:getEndPointTaskThreadPoolSize(290)) - Datanode State Machine Task Thread Pool size 2
2023-10-17 18:42:51,975 [Time-limited test] INFO  volume.HddsVolume (HddsVolume.java:<init>(126)) - Creating HddsVolume: /home/runner/work/ozone/ozone/hadoop-ozone/integration-test/target/test-dir/MiniOzoneClusterImpl-6573419f-bca2-4c06-bff4-18a4ba0450b6/datanode-0/data-0/containers/hdds of storage type : DISK capacity : 9223372036854775807
2023-10-17 18:42:51,976 [Time-limited test] INFO  volume.MutableVolumeSet (MutableVolumeSet.java:initializeVolumeSet(173)) - Added Volume : /home/runner/work/ozone/ozone/hadoop-ozone/integration-test/target/test-dir/MiniOzoneClusterImpl-6573419f-bca2-4c06-bff4-18a4ba0450b6/datanode-0/data-0/containers/hdds to VolumeSet
2023-10-17 18:42:51,976 [Time-limited test] INFO  volume.MutableVolumeSet (MutableVolumeSet.java:initializeVolumeSet(173)) - Added Volume : /home/runner/work/ozone/ozone/hadoop-ozone/integration-test/target/test-dir/MiniOzoneClusterImpl-6573419f-bca2-4c06-bff4-18a4ba0450b6/datanode-0/data/ratis to VolumeSet
2023-10-17 18:42:51,977 [Thread-660] INFO  ozoneimpl.ContainerReader (ContainerReader.java:readVolume(177)) - Finish verifying containers on volume /home/runner/work/ozone/ozone/hadoop-ozone/integration-test/target/test-dir/MiniOzoneClusterImpl-6573419f-bca2-4c06-bff4-18a4ba0450b6/datanode-0/data-0/containers/hdds
2023-10-17 18:42:51,978 [Time-limited test] INFO  ozoneimpl.OzoneContainer (OzoneContainer.java:buildContainerSet(316)) - Build ContainerSet costs 0s
2023-10-17 18:42:51,984 [Time-limited test] INFO  server.RaftServer (ConfUtils.java:logGet(46)) - raft.rpc.type = GRPC (default)
2023-10-17 18:42:51,984 [Time-limited test] INFO  grpc.GrpcConfigKeys (ConfUtils.java:logFallback(53)) - raft.grpc.admin.host = null (fallback to raft.grpc.server.host)
2023-10-17 18:42:51,984 [Time-limited test] INFO  grpc.GrpcConfigKeys (ConfUtils.java:logGet(46)) - raft.grpc.admin.port = 15048 (custom)
2023-10-17 18:42:51,984 [Time-limited test] INFO  grpc.GrpcConfigKeys (ConfUtils.java:logFallback(53)) - raft.grpc.client.host = null (fallback to raft.grpc.server.host)
2023-10-17 18:42:51,984 [Time-limited test] INFO  grpc.GrpcConfigKeys (ConfUtils.java:logGet(46)) - raft.grpc.client.port = 15047 (custom)
2023-10-17 18:42:51,984 [Time-limited test] INFO  grpc.GrpcConfigKeys (ConfUtils.java:logGet(46)) - raft.grpc.server.host = null (default)
2023-10-17 18:42:51,985 [Time-limited test] INFO  grpc.GrpcConfigKeys (ConfUtils.java:logGet(46)) - raft.grpc.server.port = 15049 (custom)
2023-10-17 18:42:51,985 [Time-limited test] INFO  server.GrpcService (ConfUtils.java:logGet(46)) - raft.grpc.message.size.max = 32MB (=33554432) (custom)
2023-10-17 18:42:51,985 [Time-limited test] INFO  server.RaftServerConfigKeys (ConfUtils.java:logGet(46)) - raft.server.log.appender.buffer.byte-limit = 33554432 (custom)
2023-10-17 18:42:51,985 [Time-limited test] INFO  server.GrpcService (ConfUtils.java:logGet(46)) - raft.grpc.flow.control.window = 5MB (=5242880) (custom)
2023-10-17 18:42:51,985 [Time-limited test] INFO  server.RaftServerConfigKeys (ConfUtils.java:logGet(46)) - raft.server.rpc.request.timeout = 60s (custom)
2023-10-17 18:42:51,985 [Time-limited test] INFO  grpc.GrpcConfigKeys (ConfUtils.java:logGet(46)) - raft.grpc.server.heartbeat.channel = true (default)
2023-10-17 18:42:51,985 [Time-limited test] INFO  grpc.GrpcConfigKeys (ConfUtils.java:logGet(46)) - raft.grpc.server.async.request.thread.pool.cached = true (default)
2023-10-17 18:42:51,985 [Time-limited test] INFO  grpc.GrpcConfigKeys (ConfUtils.java:logGet(46)) - raft.grpc.server.async.request.thread.pool.size = 32 (default)
2023-10-17 18:42:51,988 [Time-limited test] INFO  impl.DataStreamServerImpl (ConfUtils.java:logGet(46)) - raft.datastream.type = NETTY (custom)
2023-10-17 18:42:51,988 [Time-limited test] INFO  server.RaftServerConfigKeys (ConfUtils.java:logGet(46)) - raft.server.data-stream.async.request.thread.pool.cached = false (default)
2023-10-17 18:42:51,988 [Time-limited test] INFO  server.RaftServerConfigKeys (ConfUtils.java:logGet(46)) - raft.server.data-stream.async.request.thread.pool.size = 20 (custom)
2023-10-17 18:42:51,988 [Time-limited test] INFO  server.RaftServerConfigKeys (ConfUtils.java:logGet(46)) - raft.server.data-stream.async.write.thread.pool.size = 16 (default)
2023-10-17 18:42:51,988 [Time-limited test] INFO  server.RaftServerConfigKeys (ConfUtils.java:logGet(46)) - raft.server.data-stream.client.pool.size = 10 (default)
2023-10-17 18:42:51,988 [Time-limited test] INFO  netty.NettyConfigKeys$DataStream (ConfUtils.java:logGet(46)) - raft.netty.dataStream.server.use-epoll = false (default)
2023-10-17 18:42:51,988 [Time-limited test] INFO  netty.NettyConfigKeys$DataStream (ConfUtils.java:logGet(46)) - raft.netty.dataStream.server.boss-group.size = 0 (default)
2023-10-17 18:42:51,989 [Time-limited test] INFO  netty.NettyConfigKeys$DataStream (ConfUtils.java:logGet(46)) - raft.netty.dataStream.server.worker-group.size = 0 (default)
2023-10-17 18:42:51,989 [Time-limited test] INFO  netty.NettyConfigKeys$DataStream (ConfUtils.java:logGet(46)) - raft.netty.dataStream.server.tls.conf = null (default)
2023-10-17 18:42:51,989 [Time-limited test] INFO  netty.NettyConfigKeys$DataStream (ConfUtils.java:logGet(46)) - raft.netty.dataStream.host = null (default)
2023-10-17 18:42:51,989 [Time-limited test] INFO  netty.NettyConfigKeys$DataStream (ConfUtils.java:logGet(46)) - raft.netty.dataStream.port = 15050 (custom)
2023-10-17 18:42:51,990 [Time-limited test] INFO  server.RaftServerConfigKeys (ConfUtils.java:logGet(46)) - raft.server.threadpool.proxy.cached = true (default)
2023-10-17 18:42:51,990 [Time-limited test] INFO  server.RaftServerConfigKeys (ConfUtils.java:logGet(46)) - raft.server.threadpool.proxy.size = 0 (default)
2023-10-17 18:42:51,990 [Time-limited test] INFO  server.RaftServerConfigKeys (ConfUtils.java:logGet(46)) - raft.server.rpc.slowness.timeout = 300s (custom)
2023-10-17 18:42:51,990 [Time-limited test] INFO  server.RaftServerConfigKeys (ConfUtils.java:logGet(46)) - raft.server.leaderelection.leader.step-down.wait-time = 10s (default)
2023-10-17 18:42:51,990 [Time-limited test] INFO  server.RaftServerConfigKeys (ConfUtils.java:logGet(46)) - raft.server.storage.dir = [/home/runner/work/ozone/ozone/hadoop-ozone/integration-test/target/test-dir/MiniOzoneClusterImpl-6573419f-bca2-4c06-bff4-18a4ba0450b6/datanode-0/data/ratis] (custom)
2023-10-17 18:42:51,993 [4a1fd5c5-c1e9-4be0-9e10-d9ff496e4c03-impl-thread1] INFO  server.RaftServer (RaftServerProxy.java:initGroupDir(258)) - 4a1fd5c5-c1e9-4be0-9e10-d9ff496e4c03: found a subdirectory /home/runner/work/ozone/ozone/hadoop-ozone/integration-test/target/test-dir/MiniOzoneClusterImpl-6573419f-bca2-4c06-bff4-18a4ba0450b6/datanode-0/data/ratis/tmp
2023-10-17 18:42:51,994 [4a1fd5c5-c1e9-4be0-9e10-d9ff496e4c03-impl-thread1] INFO  server.RaftServer (RaftServerProxy.java:initGroupDir(263)) - 4a1fd5c5-c1e9-4be0-9e10-d9ff496e4c03: The directory /home/runner/work/ozone/ozone/hadoop-ozone/integration-test/target/test-dir/MiniOzoneClusterImpl-6573419f-bca2-4c06-bff4-18a4ba0450b6/datanode-0/data/ratis/tmp is not a group directory; ignoring it. 
2023-10-17 18:42:51,994 [4a1fd5c5-c1e9-4be0-9e10-d9ff496e4c03-NettyServerStreamRpc-bossGroup--thread1] INFO  logging.LoggingHandler (AbstractInternalLogger.java:log(148)) - [id: 0x7ddf9818] REGISTERED
2023-10-17 18:42:51,994 [Time-limited test] INFO  replication.ReplicationServer (ReplicationServer.java:<init>(83)) - Initializing replication server with thread count = 10 queue length = 4096
2023-10-17 18:42:51,996 [Time-limited test] INFO  server.XceiverServerGrpc (XceiverServerGrpc.java:<init>(132)) - GrpcServer channel type EpollServerSocketChannel
2023-10-17 18:42:51,998 [Time-limited test] INFO  replication.ReplicationSupervisor (ReplicationSupervisor.java:build(155)) - Initializing replication supervisor with thread count = 10
2023-10-17 18:42:51,998 [Time-limited test] INFO  replication.ReplicationSupervisor (ReplicationSupervisor.java:nodeStateUpdated(307)) - Node state updated to IN_SERVICE, scaling executor pool size to 10
2023-10-17 18:42:51,999 [4a1fd5c5-c1e9-4be0-9e10-d9ff496e4c03-NettyServerStreamRpc-bossGroup--thread1] INFO  logging.LoggingHandler (AbstractInternalLogger.java:log(148)) - [id: 0x7ddf9818] BIND: 0.0.0.0/0.0.0.0:15050
2023-10-17 18:42:52,000 [4a1fd5c5-c1e9-4be0-9e10-d9ff496e4c03-NettyServerStreamRpc-bossGroup--thread1] INFO  logging.LoggingHandler (AbstractInternalLogger.java:log(148)) - [id: 0x7ddf9818, L:/0:0:0:0:0:0:0:0:15050] ACTIVE
2023-10-17 18:42:52,005 [Time-limited test] INFO  http.BaseHttpServer (BaseHttpServer.java:newHttpServer2BuilderForOzone(223)) - Starting Web-server for hddsDatanode at: http://0.0.0.0:15044
2023-10-17 18:42:52,005 [Time-limited test] INFO  http.BaseHttpServer (BaseHttpServer.java:<init>(110)) - Hadoop Security Enabled: false Ozone Security Enabled: false Ozone HTTP Security Enabled: false 
2023-10-17 18:42:52,006 [Time-limited test] WARN  server.AuthenticationFilter (AuthenticationFilter.java:constructSecretProvider(240)) - Unable to initialize FileSignerSecretProvider, falling back to use random secrets. Reason: Could not read signature secret file: /home/runner/hadoop-http-auth-signature-secret
2023-10-17 18:42:52,007 [Time-limited test] INFO  http.HttpRequestLog (HttpRequestLog.java:getRequestLog(86)) - Http request log for http.requests.hddsDatanode is not defined
2023-10-17 18:42:52,008 [Time-limited test] INFO  http.HttpServer2 (HttpServer2.java:addGlobalFilter(1031)) - Added global filter 'safety' (class=org.apache.hadoop.hdds.server.http.HttpServer2$QuotingInputFilter)
2023-10-17 18:42:52,009 [Time-limited test] INFO  http.HttpServer2 (HttpServer2.java:addFilter(1007)) - Added filter static_user_filter (class=org.apache.hadoop.http.lib.StaticUserWebFilter$StaticUserFilter) to context hddsDatanode
2023-10-17 18:42:52,010 [Time-limited test] INFO  http.HttpServer2 (HttpServer2.java:addFilter(1015)) - Added filter static_user_filter (class=org.apache.hadoop.http.lib.StaticUserWebFilter$StaticUserFilter) to context static
2023-10-17 18:42:52,010 [Time-limited test] INFO  http.HttpServer2 (HttpServer2.java:addFilter(1015)) - Added filter static_user_filter (class=org.apache.hadoop.http.lib.StaticUserWebFilter$StaticUserFilter) to context logs
2023-10-17 18:42:52,010 [Time-limited test] INFO  http.BaseHttpServer (BaseHttpServer.java:<init>(189)) - HTTP server of hddsDatanode uses base directory /home/runner/work/ozone/ozone/hadoop-ozone/integration-test/target/test-dir/MiniOzoneClusterImpl-6573419f-bca2-4c06-bff4-18a4ba0450b6/datanode-0/meta/webserver
2023-10-17 18:42:52,011 [Time-limited test] INFO  http.HttpServer2 (HttpServer2.java:bindListener(1231)) - Jetty bound to port 15044
2023-10-17 18:42:52,012 [Time-limited test] INFO  server.Server (Server.java:doStart(375)) - jetty-9.4.53.v20231009; built: 2023-10-09T12:29:09.265Z; git: 27bde00a0b95a1d5bbee0eae7984f891d2d0f8c9; jvm 1.8.0_382-b05
2023-10-17 18:42:52,018 [Time-limited test] INFO  server.session (DefaultSessionIdManager.java:doStart(334)) - DefaultSessionIdManager workerName=node0
2023-10-17 18:42:52,018 [Time-limited test] INFO  server.session (DefaultSessionIdManager.java:doStart(339)) - No SessionScavenger set, using defaults
2023-10-17 18:42:52,018 [Time-limited test] INFO  server.session (HouseKeeper.java:startScavenging(132)) - node0 Scavenging every 660000ms
2023-10-17 18:42:52,019 [Time-limited test] INFO  handler.ContextHandler (ContextHandler.java:doStart(921)) - Started o.e.j.s.ServletContextHandler@3f1d3833{logs,/logs,file:///home/runner/work/ozone/ozone/hadoop-ozone/integration-test/target/log,AVAILABLE}
2023-10-17 18:42:52,020 [Time-limited test] INFO  handler.ContextHandler (ContextHandler.java:doStart(921)) - Started o.e.j.s.ServletContextHandler@367961dd{static,/static,jar:file:/home/runner/.m2/repository/org/apache/ozone/hdds-container-service/1.4.0-SNAPSHOT/hdds-container-service-1.4.0-SNAPSHOT.jar!/webapps/static,AVAILABLE}
2023-10-17 18:42:52,210 [Time-limited test] INFO  handler.ContextHandler (ContextHandler.java:doStart(921)) - Started o.e.j.w.WebAppContext@1d7b851d{hddsDatanode,/,file:///home/runner/work/ozone/ozone/hadoop-ozone/integration-test/target/test-dir/MiniOzoneClusterImpl-6573419f-bca2-4c06-bff4-18a4ba0450b6/datanode-0/meta/webserver/jetty-0_0_0_0-15044-hdds-container-service-1_4_0-SNAPSHOT_jar-_-any-3709097021130008068/webapp/,AVAILABLE}{jar:file:/home/runner/.m2/repository/org/apache/ozone/hdds-container-service/1.4.0-SNAPSHOT/hdds-container-service-1.4.0-SNAPSHOT.jar!/webapps/hddsDatanode}
2023-10-17 18:42:52,212 [Time-limited test] INFO  server.AbstractConnector (AbstractConnector.java:doStart(333)) - Started ServerConnector@1e9b26f1{HTTP/1.1, (http/1.1)}{0.0.0.0:15044}
2023-10-17 18:42:52,212 [Time-limited test] INFO  server.Server (Server.java:doStart(415)) - Started @32926ms
2023-10-17 18:42:52,212 [Time-limited test] WARN  impl.MetricsSystemImpl (MetricsSystemImpl.java:register(279)) - Sink prometheus already exists!
2023-10-17 18:42:52,212 [Time-limited test] INFO  http.BaseHttpServer (BaseHttpServer.java:updateConnectorAddress(354)) - HTTP server of hddsDatanode listening at http://0.0.0.0:15044
2023-10-17 18:42:52,213 [Time-limited test] INFO  ipc.CallQueueManager (CallQueueManager.java:<init>(90)) - Using callQueue: class java.util.concurrent.LinkedBlockingQueue, queueCapacity: 100, scheduler: class org.apache.hadoop.ipc.DefaultRpcScheduler, ipcBackoff: false.
2023-10-17 18:42:52,213 [Time-limited test] INFO  ipc.Server (Server.java:<init>(1287)) - Listener at 0.0.0.0:15045
2023-10-17 18:42:52,214 [Socket Reader #1 for port 15045] INFO  ipc.Server (Server.java:run(1323)) - Starting Socket Reader #1 for port 15045
2023-10-17 18:42:52,221 [Time-limited test] INFO  ozone.HddsDatanodeService (HddsDatanodeService.java:start(325)) - Datanode start with admins: [runner]
2023-10-17 18:42:52,221 [Time-limited test] INFO  ozone.HddsDatanodeClientProtocolServer (HddsDatanodeClientProtocolServer.java:start(72)) - RPC server for Client /0.0.0.0:15045
2023-10-17 18:42:52,221 [IPC Server Responder] INFO  ipc.Server (Server.java:run(1562)) - IPC Server Responder: starting
2023-10-17 18:42:52,222 [IPC Server listener on 15045] INFO  ipc.Server (Server.java:run(1402)) - IPC Server listener on 15045: starting
2023-10-17 18:42:52,222 [Datanode State Machine Daemon Thread] INFO  statemachine.DatanodeStateMachine (DatanodeStateMachine.java:lambda$startDaemon$1(546)) - Ozone container server started.
2023-10-17 18:42:52,222 [Time-limited test] INFO  ozone.MiniOzoneClusterImpl (MiniOzoneClusterImpl.java:lambda$waitForClusterToBeReady$0(229)) - Waiting for nodes to be ready. Got 0 of 1 DN Heartbeats.
2023-10-17 18:42:52,222 [Time-limited test] INFO  ozone.MiniOzoneClusterImpl (MiniOzoneClusterImpl.java:lambda$waitForClusterToBeReady$0(232)) - Waiting for cluster to exit safe mode
2023-10-17 18:42:52,222 [Time-limited test] INFO  ozone.MiniOzoneClusterImpl (MiniOzoneClusterImpl.java:lambda$waitForClusterToBeReady$0(234)) - SCM became leader
2023-10-17 18:42:52,240 [Datanode State Machine Task Thread - 0] INFO  datanode.InitDatanodeState (InitDatanodeState.java:persistContainerDatanodeDetails(138)) - DatanodeDetails is persisted to /home/runner/work/ozone/ozone/hadoop-ozone/integration-test/target/test-dir/MiniOzoneClusterImpl-6573419f-bca2-4c06-bff4-18a4ba0450b6/datanode-0/meta/datanode.id
2023-10-17 18:42:52,894 [om1@group-C5BA1605619E-FollowerState] INFO  impl.FollowerState (FollowerState.java:run(143)) - om1@group-C5BA1605619E-FollowerState: change to CANDIDATE, lastRpcElapsedTime:1013603519ns, electionTimeout:1013ms
2023-10-17 18:42:52,895 [om1@group-C5BA1605619E-FollowerState] INFO  impl.RoleInfo (RoleInfo.java:shutdownFollowerState(110)) - om1: shutdown om1@group-C5BA1605619E-FollowerState
2023-10-17 18:42:52,895 [om1@group-C5BA1605619E-FollowerState] INFO  server.RaftServer$Division (RaftServerImpl.java:setRole(329)) - om1@group-C5BA1605619E: changes role from  FOLLOWER to CANDIDATE at term 0 for changeToCandidate
2023-10-17 18:42:52,895 [om1@group-C5BA1605619E-FollowerState] INFO  server.RaftServerConfigKeys (ConfUtils.java:logGet(46)) - raft.server.leaderelection.pre-vote = true (default)
2023-10-17 18:42:52,895 [om1@group-C5BA1605619E-FollowerState] INFO  impl.RoleInfo (RoleInfo.java:updateAndGet(139)) - om1: start om1@group-C5BA1605619E-LeaderElection9
2023-10-17 18:42:52,896 [om1@group-C5BA1605619E-LeaderElection9] INFO  impl.LeaderElection (LeaderElection.java:askForVotes(321)) - om1@group-C5BA1605619E-LeaderElection9 PRE_VOTE round 0: submit vote requests at term 0 for -1: peers:[om1|rpc:localhost:15042|priority:0|startupRole:FOLLOWER]|listeners:[], old=null
2023-10-17 18:42:52,896 [om1@group-C5BA1605619E-LeaderElection9] INFO  impl.LeaderElection (LeaderElection.java:askForVotes(323)) - om1@group-C5BA1605619E-LeaderElection9 PRE_VOTE round 0: result PASSED (term=0)
2023-10-17 18:42:52,899 [om1@group-C5BA1605619E-LeaderElection9] INFO  impl.LeaderElection (LeaderElection.java:askForVotes(321)) - om1@group-C5BA1605619E-LeaderElection9 ELECTION round 0: submit vote requests at term 1 for -1: peers:[om1|rpc:localhost:15042|priority:0|startupRole:FOLLOWER]|listeners:[], old=null
2023-10-17 18:42:52,899 [om1@group-C5BA1605619E-LeaderElection9] INFO  impl.LeaderElection (LeaderElection.java:askForVotes(323)) - om1@group-C5BA1605619E-LeaderElection9 ELECTION round 0: result PASSED (term=1)
2023-10-17 18:42:52,899 [om1@group-C5BA1605619E-LeaderElection9] INFO  impl.RoleInfo (RoleInfo.java:shutdownLeaderElection(130)) - om1: shutdown om1@group-C5BA1605619E-LeaderElection9
2023-10-17 18:42:52,899 [om1@group-C5BA1605619E-LeaderElection9] INFO  server.RaftServer$Division (RaftServerImpl.java:setRole(329)) - om1@group-C5BA1605619E: changes role from CANDIDATE to LEADER at term 1 for changeToLeader
2023-10-17 18:42:52,900 [om1@group-C5BA1605619E-LeaderElection9] INFO  server.RaftServer$Division (ServerState.java:setLeader(317)) - om1@group-C5BA1605619E: change Leader from null to om1 at term 1 for becomeLeader, leader elected after 1537ms
2023-10-17 18:42:52,900 [om1@group-C5BA1605619E-LeaderElection9] INFO  server.RaftServerConfigKeys (ConfUtils.java:logGet(46)) - raft.server.staging.catchup.gap = 1000 (default)
2023-10-17 18:42:52,900 [om1@group-C5BA1605619E-LeaderElection9] INFO  server.RaftServerConfigKeys (ConfUtils.java:logGet(46)) - raft.server.write.element-limit = 4096 (default)
2023-10-17 18:42:52,901 [om1@group-C5BA1605619E-LeaderElection9] INFO  server.RaftServerConfigKeys (ConfUtils.java:logGet(46)) - raft.server.write.byte-limit = 64MB (=67108864) (default)
2023-10-17 18:42:52,901 [om1@group-C5BA1605619E-LeaderElection9] INFO  server.RaftServerConfigKeys (ConfUtils.java:logGet(46)) - raft.server.watch.timeout = 10s (default)
2023-10-17 18:42:52,901 [om1@group-C5BA1605619E-LeaderElection9] INFO  server.RaftServerConfigKeys (ConfUtils.java:logGet(46)) - raft.server.watch.timeout.denomination = 1s (default)
2023-10-17 18:42:52,901 [om1@group-C5BA1605619E-LeaderElection9] INFO  server.RaftServerConfigKeys (ConfUtils.java:logGet(46)) - raft.server.watch.element-limit = 65536 (default)
2023-10-17 18:42:52,901 [om1@group-C5BA1605619E-LeaderElection9] INFO  server.RaftServerConfigKeys (ConfUtils.java:logGet(46)) - raft.server.write.element-limit = 4096 (default)
2023-10-17 18:42:52,901 [om1@group-C5BA1605619E-LeaderElection9] INFO  server.RaftServerConfigKeys (ConfUtils.java:logGet(46)) - raft.server.write.follower.gap.ratio.max = -1.0 (default)
2023-10-17 18:42:52,901 [om1@group-C5BA1605619E-LeaderElection9] INFO  impl.RoleInfo (RoleInfo.java:updateAndGet(139)) - om1: start om1@group-C5BA1605619E-LeaderStateImpl
2023-10-17 18:42:52,901 [om1@group-C5BA1605619E-LeaderElection9] INFO  segmented.SegmentedRaftLogWorker (SegmentedRaftLogWorker.java:startLogSegment(447)) - om1@group-C5BA1605619E-SegmentedRaftLogWorker: Starting segment from index:0
2023-10-17 18:42:52,906 [om1@group-C5BA1605619E-LeaderElection9] INFO  server.RaftServer$Division (ServerState.java:setRaftConf(434)) - om1@group-C5BA1605619E: set configuration 0: peers:[om1|rpc:localhost:15042|admin:|client:|dataStream:|priority:0|startupRole:FOLLOWER]|listeners:[], old=null
2023-10-17 18:42:52,919 [om1@group-C5BA1605619E-SegmentedRaftLogWorker] INFO  segmented.SegmentedRaftLogWorker (SegmentedRaftLogWorker.java:execute(651)) - om1@group-C5BA1605619E-SegmentedRaftLogWorker: created new log segment /home/runner/work/ozone/ozone/hadoop-ozone/integration-test/target/test-dir/MiniOzoneClusterImpl-6573419f-bca2-4c06-bff4-18a4ba0450b6/ozone-meta/ratis/bf265839-605b-3f16-9796-c5ba1605619e/current/log_inprogress_0
2023-10-17 18:42:52,920 [om1@group-C5BA1605619E-StateMachineUpdater] INFO  ratis.OzoneManagerStateMachine (OzoneManagerStateMachine.java:notifyConfigurationChanged(202)) - Received Configuration change notification from Ratis. New Peer list:
[id: "om1"
address: "localhost:15042"
startupRole: FOLLOWER
]
2023-10-17 18:42:53,223 [Time-limited test] INFO  ozone.MiniOzoneClusterImpl (MiniOzoneClusterImpl.java:lambda$waitForClusterToBeReady$0(229)) - Waiting for nodes to be ready. Got 0 of 1 DN Heartbeats.
2023-10-17 18:42:53,223 [Time-limited test] INFO  ozone.MiniOzoneClusterImpl (MiniOzoneClusterImpl.java:lambda$waitForClusterToBeReady$0(232)) - Waiting for cluster to exit safe mode
2023-10-17 18:42:53,223 [Time-limited test] INFO  ozone.MiniOzoneClusterImpl (MiniOzoneClusterImpl.java:lambda$waitForClusterToBeReady$0(234)) - SCM became leader
2023-10-17 18:42:54,223 [Time-limited test] INFO  ozone.MiniOzoneClusterImpl (MiniOzoneClusterImpl.java:lambda$waitForClusterToBeReady$0(229)) - Waiting for nodes to be ready. Got 0 of 1 DN Heartbeats.
2023-10-17 18:42:54,223 [Time-limited test] INFO  ozone.MiniOzoneClusterImpl (MiniOzoneClusterImpl.java:lambda$waitForClusterToBeReady$0(232)) - Waiting for cluster to exit safe mode
2023-10-17 18:42:54,223 [Time-limited test] INFO  ozone.MiniOzoneClusterImpl (MiniOzoneClusterImpl.java:lambda$waitForClusterToBeReady$0(234)) - SCM became leader
2023-10-17 18:42:54,259 [EndpointStateMachine task thread for /0.0.0.0:15037 - 0 ] INFO  utils.DatanodeStoreCache (DatanodeStoreCache.java:addDB(66)) - Added db /home/runner/work/ozone/ozone/hadoop-ozone/integration-test/target/test-dir/MiniOzoneClusterImpl-6573419f-bca2-4c06-bff4-18a4ba0450b6/datanode-0/data-0/containers/hdds/6573419f-bca2-4c06-bff4-18a4ba0450b6/DS-3f0466b2-6087-4019-8a3a-c0ef1e088dc7/container.db to cache
2023-10-17 18:42:54,259 [EndpointStateMachine task thread for /0.0.0.0:15037 - 0 ] INFO  volume.HddsVolume (HddsVolume.java:createDbStore(422)) - SchemaV3 db is created and loaded at /home/runner/work/ozone/ozone/hadoop-ozone/integration-test/target/test-dir/MiniOzoneClusterImpl-6573419f-bca2-4c06-bff4-18a4ba0450b6/datanode-0/data-0/containers/hdds/6573419f-bca2-4c06-bff4-18a4ba0450b6/DS-3f0466b2-6087-4019-8a3a-c0ef1e088dc7/container.db for volume DS-3f0466b2-6087-4019-8a3a-c0ef1e088dc7
2023-10-17 18:42:54,260 [EndpointStateMachine task thread for /0.0.0.0:15037 - 0 ] INFO  volume.ThrottledAsyncChecker (ThrottledAsyncChecker.java:schedule(141)) - Scheduling a check for /home/runner/work/ozone/ozone/hadoop-ozone/integration-test/target/test-dir/MiniOzoneClusterImpl-6573419f-bca2-4c06-bff4-18a4ba0450b6/datanode-0/data-0/containers/hdds
2023-10-17 18:42:54,261 [EndpointStateMachine task thread for /0.0.0.0:15037 - 0 ] INFO  volume.StorageVolumeChecker (StorageVolumeChecker.java:checkAllVolumes(213)) - Scheduled health check for volume /home/runner/work/ozone/ozone/hadoop-ozone/integration-test/target/test-dir/MiniOzoneClusterImpl-6573419f-bca2-4c06-bff4-18a4ba0450b6/datanode-0/data-0/containers/hdds
2023-10-17 18:42:54,264 [EndpointStateMachine task thread for /0.0.0.0:15037 - 0 ] INFO  volume.ThrottledAsyncChecker (ThrottledAsyncChecker.java:schedule(141)) - Scheduling a check for /home/runner/work/ozone/ozone/hadoop-ozone/integration-test/target/test-dir/MiniOzoneClusterImpl-6573419f-bca2-4c06-bff4-18a4ba0450b6/datanode-0/data/ratis
2023-10-17 18:42:54,264 [EndpointStateMachine task thread for /0.0.0.0:15037 - 0 ] INFO  volume.StorageVolumeChecker (StorageVolumeChecker.java:checkAllVolumes(213)) - Scheduled health check for volume /home/runner/work/ozone/ozone/hadoop-ozone/integration-test/target/test-dir/MiniOzoneClusterImpl-6573419f-bca2-4c06-bff4-18a4ba0450b6/datanode-0/data/ratis
2023-10-17 18:42:54,265 [EndpointStateMachine task thread for /0.0.0.0:15037 - 0 ] INFO  ozoneimpl.OzoneContainer (OzoneContainer.java:start(431)) - Attempting to start container services.
2023-10-17 18:42:54,265 [EndpointStateMachine task thread for /0.0.0.0:15037 - 0 ] INFO  ozoneimpl.OzoneContainer (OzoneContainer.java:startContainerScrub(327)) - Scheduled background container scanners and the on-demand container scanner have been disabled.
2023-10-17 18:42:54,267 [EndpointStateMachine task thread for /0.0.0.0:15037 - 0 ] INFO  replication.ReplicationServer (ReplicationServer.java:start(134)) - ReplicationServer is started using port 15051
2023-10-17 18:42:54,267 [EndpointStateMachine task thread for /0.0.0.0:15037 - 0 ] INFO  ratis.XceiverServerRatis (XceiverServerRatis.java:start(517)) - Starting XceiverServerRatis 4a1fd5c5-c1e9-4be0-9e10-d9ff496e4c03
2023-10-17 18:42:54,268 [EndpointStateMachine task thread for /0.0.0.0:15037 - 0 ] INFO  server.RaftServer (RaftServerProxy.java:startImpl(400)) - 4a1fd5c5-c1e9-4be0-9e10-d9ff496e4c03: start RPC server
2023-10-17 18:42:54,269 [EndpointStateMachine task thread for /0.0.0.0:15037 - 0 ] INFO  server.GrpcService (GrpcService.java:startImpl(302)) - 4a1fd5c5-c1e9-4be0-9e10-d9ff496e4c03: GrpcService started, listening on 15047
2023-10-17 18:42:54,272 [EndpointStateMachine task thread for /0.0.0.0:15037 - 0 ] INFO  server.GrpcService (GrpcService.java:startImpl(302)) - 4a1fd5c5-c1e9-4be0-9e10-d9ff496e4c03: GrpcService started, listening on 15049
2023-10-17 18:42:54,274 [EndpointStateMachine task thread for /0.0.0.0:15037 - 0 ] INFO  server.GrpcService (GrpcService.java:startImpl(302)) - 4a1fd5c5-c1e9-4be0-9e10-d9ff496e4c03: GrpcService started, listening on 15048
2023-10-17 18:42:54,275 [EndpointStateMachine task thread for /0.0.0.0:15037 - 0 ] INFO  ratis.XceiverServerRatis (XceiverServerRatis.java:getRealPort(543)) - XceiverServerRatis 4a1fd5c5-c1e9-4be0-9e10-d9ff496e4c03 is started using port 15047 for RATIS
2023-10-17 18:42:54,275 [JvmPauseMonitor7] INFO  util.JvmPauseMonitor (JvmPauseMonitor.java:run(103)) - JvmPauseMonitor-4a1fd5c5-c1e9-4be0-9e10-d9ff496e4c03: Started
2023-10-17 18:42:54,275 [EndpointStateMachine task thread for /0.0.0.0:15037 - 0 ] INFO  ratis.XceiverServerRatis (XceiverServerRatis.java:getRealPort(543)) - XceiverServerRatis 4a1fd5c5-c1e9-4be0-9e10-d9ff496e4c03 is started using port 15048 for RATIS_ADMIN
2023-10-17 18:42:54,275 [EndpointStateMachine task thread for /0.0.0.0:15037 - 0 ] INFO  ratis.XceiverServerRatis (XceiverServerRatis.java:getRealPort(543)) - XceiverServerRatis 4a1fd5c5-c1e9-4be0-9e10-d9ff496e4c03 is started using port 15049 for RATIS_SERVER
2023-10-17 18:42:54,275 [EndpointStateMachine task thread for /0.0.0.0:15037 - 0 ] INFO  ratis.XceiverServerRatis (XceiverServerRatis.java:getRealPort(543)) - XceiverServerRatis 4a1fd5c5-c1e9-4be0-9e10-d9ff496e4c03 is started using port 15050 for RATIS_DATASTREAM
2023-10-17 18:42:54,288 [4a1fd5c5-c1e9-4be0-9e10-d9ff496e4c03-BlockDeletingService#0] INFO  interfaces.ContainerDeletionChoosingPolicyTemplate (ContainerDeletionChoosingPolicyTemplate.java:chooseContainerForBlockDeletion(85)) - Chosen 0/5000 blocks from 0 candidate containers.
2023-10-17 18:42:55,223 [Time-limited test] INFO  ozone.MiniOzoneClusterImpl (MiniOzoneClusterImpl.java:lambda$waitForClusterToBeReady$0(229)) - Waiting for nodes to be ready. Got 0 of 1 DN Heartbeats.
2023-10-17 18:42:55,224 [Time-limited test] INFO  ozone.MiniOzoneClusterImpl (MiniOzoneClusterImpl.java:lambda$waitForClusterToBeReady$0(232)) - Waiting for cluster to exit safe mode
2023-10-17 18:42:55,224 [Time-limited test] INFO  ozone.MiniOzoneClusterImpl (MiniOzoneClusterImpl.java:lambda$waitForClusterToBeReady$0(234)) - SCM became leader
2023-10-17 18:42:56,224 [Time-limited test] INFO  ozone.MiniOzoneClusterImpl (MiniOzoneClusterImpl.java:lambda$waitForClusterToBeReady$0(229)) - Waiting for nodes to be ready. Got 0 of 1 DN Heartbeats.
2023-10-17 18:42:56,224 [Time-limited test] INFO  ozone.MiniOzoneClusterImpl (MiniOzoneClusterImpl.java:lambda$waitForClusterToBeReady$0(232)) - Waiting for cluster to exit safe mode
2023-10-17 18:42:56,224 [Time-limited test] INFO  ozone.MiniOzoneClusterImpl (MiniOzoneClusterImpl.java:lambda$waitForClusterToBeReady$0(234)) - SCM became leader
2023-10-17 18:42:56,229 [IPC Server handler 0 on default port 15037] INFO  net.NetworkTopologyImpl (NetworkTopologyImpl.java:add(112)) - Added a new node: /default-rack/4a1fd5c5-c1e9-4be0-9e10-d9ff496e4c03
2023-10-17 18:42:56,229 [IPC Server handler 0 on default port 15037] INFO  node.SCMNodeManager (SCMNodeManager.java:register(405)) - Registered Data node : 4a1fd5c5-c1e9-4be0-9e10-d9ff496e4c03{ip: 10.1.0.25, host: fv-az189-115, ports: [HTTP=15044, CLIENT_RPC=15045, REPLICATION=15051, RATIS=15047, RATIS_ADMIN=15048, RATIS_SERVER=15049, RATIS_DATASTREAM=15050, STANDALONE=15046], networkLocation: /default-rack, certSerialId: null, persistedOpState: null, persistedOpStateExpiryEpochSec: 0}
2023-10-17 18:42:56,231 [EventQueue-NodeRegistrationContainerReportForContainerSafeModeRule] INFO  safemode.SCMSafeModeManager (SCMSafeModeManager.java:validateSafeModeExitRules(200)) - ContainerSafeModeRule rule is successfully validated
2023-10-17 18:42:56,231 [EventQueue-NodeRegistrationContainerReportForDataNodeSafeModeRule] INFO  safemode.SCMSafeModeManager (DataNodeSafeModeRule.java:process(71)) - SCM in safe mode. 1 DataNodes registered, 1 required.
2023-10-17 18:42:56,234 [EventQueue-PipelineReportForOneReplicaPipelineSafeModeRule] INFO  safemode.SCMSafeModeManager (SCMSafeModeManager.java:validateSafeModeExitRules(200)) - AtleastOneDatanodeReportedRule rule is successfully validated
2023-10-17 18:42:56,234 [EventQueue-NewNodeForNewNodeHandler] INFO  pipeline.BackgroundPipelineCreator (BackgroundPipelineCreator.java:notifyEventTriggered(277)) - trigger a one-shot run on RatisPipelineUtilsThread.
2023-10-17 18:42:56,235 [RatisPipelineUtilsThread - 0] INFO  pipeline.RatisPipelineProvider (RatisPipelineProvider.java:lambda$create$0(206)) - Sending CreatePipelineCommand for pipeline:PipelineID=1b16634b-9dfc-4539-9300-1ffb29f0b8a7 to datanode:4a1fd5c5-c1e9-4be0-9e10-d9ff496e4c03
2023-10-17 18:42:56,236 [EventQueue-NodeRegistrationContainerReportForDataNodeSafeModeRule] INFO  safemode.SCMSafeModeManager (SCMSafeModeManager.java:validateSafeModeExitRules(200)) - DataNodeSafeModeRule rule is successfully validated
2023-10-17 18:42:56,236 [EventQueue-NodeRegistrationContainerReportForDataNodeSafeModeRule] INFO  safemode.SCMSafeModeManager (SCMSafeModeManager.java:completePreCheck(229)) - All SCM safe mode pre check rules have passed
2023-10-17 18:42:56,236 [EventQueue-NodeRegistrationContainerReportForDataNodeSafeModeRule] INFO  ha.SCMContext (SCMContext.java:updateSafeModeStatus(230)) - Update SafeModeStatus from SafeModeStatus{safeModeStatus=true, preCheckPassed=false} to SafeModeStatus{safeModeStatus=true, preCheckPassed=true}.
2023-10-17 18:42:56,236 [EventQueue-NodeRegistrationContainerReportForDataNodeSafeModeRule] INFO  pipeline.BackgroundPipelineCreator (BackgroundPipelineCreator.java:notifyEventTriggered(277)) - trigger a one-shot run on RatisPipelineUtilsThread.
2023-10-17 18:42:56,236 [RatisPipelineUtilsThread - 0] INFO  pipeline.BackgroundPipelineCreator (BackgroundPipelineCreator.java:createPipelines(233)) - Created new pipeline Pipeline[ Id: 1b16634b-9dfc-4539-9300-1ffb29f0b8a7, Nodes: 4a1fd5c5-c1e9-4be0-9e10-d9ff496e4c03(fv-az189-115/10.1.0.25), ReplicationConfig: RATIS/ONE, State:ALLOCATED, leaderId:, CreationTimestamp2023-10-17T18:42:56.235Z[Etc/UTC]]
2023-10-17 18:42:56,236 [RatisPipelineUtilsThread - 0] ERROR scm.SCMCommonPlacementPolicy (SCMCommonPlacementPolicy.java:filterNodesWithSpace(286)) - Unable to find enough nodes that meet the space requirement of 1073741824 bytes for metadata and 5368709120 bytes for data in healthy node set. Required 3. Found 1.
2023-10-17 18:42:56,237 [RatisPipelineUtilsThread - 0] ERROR scm.SCMCommonPlacementPolicy (SCMCommonPlacementPolicy.java:filterNodesWithSpace(286)) - Unable to find enough nodes that meet the space requirement of 1073741824 bytes for metadata and 5368709120 bytes for data in healthy node set. Required 3. Found 1.
2023-10-17 18:42:57,224 [Time-limited test] INFO  ozone.MiniOzoneClusterImpl (MiniOzoneClusterImpl.java:lambda$waitForClusterToBeReady$0(229)) - Nodes are ready. Got 1 of 1 DN Heartbeats.
2023-10-17 18:42:57,224 [Time-limited test] INFO  ozone.MiniOzoneClusterImpl (MiniOzoneClusterImpl.java:lambda$waitForClusterToBeReady$0(232)) - Waiting for cluster to exit safe mode
2023-10-17 18:42:57,225 [Time-limited test] INFO  ozone.MiniOzoneClusterImpl (MiniOzoneClusterImpl.java:lambda$waitForClusterToBeReady$0(234)) - SCM became leader
2023-10-17 18:42:58,225 [Time-limited test] INFO  ozone.MiniOzoneClusterImpl (MiniOzoneClusterImpl.java:lambda$waitForClusterToBeReady$0(229)) - Nodes are ready. Got 1 of 1 DN Heartbeats.
2023-10-17 18:42:58,225 [Time-limited test] INFO  ozone.MiniOzoneClusterImpl (MiniOzoneClusterImpl.java:lambda$waitForClusterToBeReady$0(232)) - Waiting for cluster to exit safe mode
2023-10-17 18:42:58,225 [Time-limited test] INFO  ozone.MiniOzoneClusterImpl (MiniOzoneClusterImpl.java:lambda$waitForClusterToBeReady$0(234)) - SCM became leader
2023-10-17 18:42:59,225 [Time-limited test] INFO  ozone.MiniOzoneClusterImpl (MiniOzoneClusterImpl.java:lambda$waitForClusterToBeReady$0(229)) - Nodes are ready. Got 1 of 1 DN Heartbeats.
2023-10-17 18:42:59,225 [Time-limited test] INFO  ozone.MiniOzoneClusterImpl (MiniOzoneClusterImpl.java:lambda$waitForClusterToBeReady$0(232)) - Waiting for cluster to exit safe mode
2023-10-17 18:42:59,225 [Time-limited test] INFO  ozone.MiniOzoneClusterImpl (MiniOzoneClusterImpl.java:lambda$waitForClusterToBeReady$0(234)) - SCM became leader
2023-10-17 18:42:59,229 [PipelineCommandHandlerThread-0] INFO  server.RaftServer (RaftServerProxy.java:addNew(98)) - 4a1fd5c5-c1e9-4be0-9e10-d9ff496e4c03: addNew group-1FFB29F0B8A7:[4a1fd5c5-c1e9-4be0-9e10-d9ff496e4c03|rpc:10.1.0.25:15049|admin:10.1.0.25:15048|client:10.1.0.25:15047|dataStream:10.1.0.25:15050|priority:1|startupRole:FOLLOWER] returns group-1FFB29F0B8A7:java.util.concurrent.CompletableFuture@2630996f[Not completed]
2023-10-17 18:42:59,233 [4a1fd5c5-c1e9-4be0-9e10-d9ff496e4c03-groupManagement] INFO  server.RaftServer$Division (RaftServerImpl.java:<init>(198)) - 4a1fd5c5-c1e9-4be0-9e10-d9ff496e4c03: new RaftServerImpl for group-1FFB29F0B8A7:[4a1fd5c5-c1e9-4be0-9e10-d9ff496e4c03|rpc:10.1.0.25:15049|admin:10.1.0.25:15048|client:10.1.0.25:15047|dataStream:10.1.0.25:15050|priority:1|startupRole:FOLLOWER] with ContainerStateMachine:uninitialized
2023-10-17 18:42:59,233 [4a1fd5c5-c1e9-4be0-9e10-d9ff496e4c03-groupManagement] INFO  server.RaftServerConfigKeys (ConfUtils.java:logGet(46)) - raft.server.rpc.timeout.min = 5s (custom)
2023-10-17 18:42:59,233 [4a1fd5c5-c1e9-4be0-9e10-d9ff496e4c03-groupManagement] INFO  server.RaftServerConfigKeys (ConfUtils.java:logGet(46)) - raft.server.rpc.timeout.max = 5200ms (custom)
2023-10-17 18:42:59,233 [4a1fd5c5-c1e9-4be0-9e10-d9ff496e4c03-groupManagement] INFO  server.RaftServerConfigKeys (ConfUtils.java:logGet(46)) - raft.server.rpc.sleep.time = 25ms (default)
2023-10-17 18:42:59,233 [4a1fd5c5-c1e9-4be0-9e10-d9ff496e4c03-groupManagement] INFO  server.RaftServerConfigKeys (ConfUtils.java:logGet(46)) - raft.server.rpc.slowness.timeout = 300s (custom)
2023-10-17 18:42:59,233 [4a1fd5c5-c1e9-4be0-9e10-d9ff496e4c03-groupManagement] INFO  server.RaftServerConfigKeys (ConfUtils.java:logGet(46)) - raft.server.leaderelection.leader.step-down.wait-time = 10s (default)
2023-10-17 18:42:59,233 [4a1fd5c5-c1e9-4be0-9e10-d9ff496e4c03-groupManagement] INFO  server.RaftServerConfigKeys (ConfUtils.java:logGet(46)) - raft.server.sleep.deviation.threshold = 300ms (default)
2023-10-17 18:42:59,233 [4a1fd5c5-c1e9-4be0-9e10-d9ff496e4c03-groupManagement] INFO  server.RaftServer$Division (ServerState.java:<init>(120)) - 4a1fd5c5-c1e9-4be0-9e10-d9ff496e4c03@group-1FFB29F0B8A7: ConfigurationManager, init=-1: peers:[4a1fd5c5-c1e9-4be0-9e10-d9ff496e4c03|rpc:10.1.0.25:15049|admin:10.1.0.25:15048|client:10.1.0.25:15047|dataStream:10.1.0.25:15050|priority:1|startupRole:FOLLOWER]|listeners:[], old=null, confs=<EMPTY_MAP>
2023-10-17 18:42:59,233 [4a1fd5c5-c1e9-4be0-9e10-d9ff496e4c03-groupManagement] INFO  server.RaftServerConfigKeys (ConfUtils.java:logGet(46)) - raft.server.storage.dir = [/home/runner/work/ozone/ozone/hadoop-ozone/integration-test/target/test-dir/MiniOzoneClusterImpl-6573419f-bca2-4c06-bff4-18a4ba0450b6/datanode-0/data/ratis] (custom)
2023-10-17 18:42:59,233 [4a1fd5c5-c1e9-4be0-9e10-d9ff496e4c03-groupManagement] INFO  server.RaftServerConfigKeys (ConfUtils.java:logGet(46)) - raft.server.log.corruption.policy = EXCEPTION (default)
2023-10-17 18:42:59,234 [4a1fd5c5-c1e9-4be0-9e10-d9ff496e4c03-groupManagement] INFO  server.RaftServerConfigKeys (ConfUtils.java:logGet(46)) - raft.server.storage.free-space.min = 0MB (=0) (default)
2023-10-17 18:42:59,234 [4a1fd5c5-c1e9-4be0-9e10-d9ff496e4c03-groupManagement] INFO  server.RaftServerConfigKeys (ConfUtils.java:logGet(46)) - raft.server.notification.no-leader.timeout = 300s (custom)
2023-10-17 18:42:59,234 [4a1fd5c5-c1e9-4be0-9e10-d9ff496e4c03-groupManagement] INFO  server.RaftServerConfigKeys (ConfUtils.java:logGet(46)) - raft.server.read.timeout = 10s (default)
2023-10-17 18:42:59,234 [4a1fd5c5-c1e9-4be0-9e10-d9ff496e4c03-groupManagement] INFO  server.RaftServerConfigKeys (ConfUtils.java:logGet(46)) - raft.server.retrycache.expirytime = 600000ms (custom)
2023-10-17 18:42:59,234 [4a1fd5c5-c1e9-4be0-9e10-d9ff496e4c03-groupManagement] INFO  server.RaftServerConfigKeys (ConfUtils.java:logGet(46)) - raft.server.retrycache.statistics.expirytime = 100μs (default)
2023-10-17 18:42:59,234 [4a1fd5c5-c1e9-4be0-9e10-d9ff496e4c03-groupManagement] INFO  server.RaftServerConfigKeys (ConfUtils.java:logGet(46)) - raft.server.read.option = DEFAULT (default)
2023-10-17 18:42:59,234 [4a1fd5c5-c1e9-4be0-9e10-d9ff496e4c03-groupManagement] INFO  server.RaftServerConfigKeys (ConfUtils.java:logGet(46)) - raft.server.rpc.request.timeout = 60s (custom)
2023-10-17 18:42:59,235 [4a1fd5c5-c1e9-4be0-9e10-d9ff496e4c03-groupManagement] INFO  server.RaftServerConfigKeys (ConfUtils.java:logGet(46)) - raft.server.log.appender.install.snapshot.enabled = false (custom)
2023-10-17 18:42:59,235 [4a1fd5c5-c1e9-4be0-9e10-d9ff496e4c03-groupManagement] INFO  server.RaftServerConfigKeys (ConfUtils.java:logGet(46)) - raft.server.threadpool.server.cached = true (default)
2023-10-17 18:42:59,235 [4a1fd5c5-c1e9-4be0-9e10-d9ff496e4c03-groupManagement] INFO  server.RaftServerConfigKeys (ConfUtils.java:logGet(46)) - raft.server.threadpool.server.size = 0 (default)
2023-10-17 18:42:59,235 [4a1fd5c5-c1e9-4be0-9e10-d9ff496e4c03-groupManagement] INFO  server.RaftServerConfigKeys (ConfUtils.java:logGet(46)) - raft.server.threadpool.client.cached = true (default)
2023-10-17 18:42:59,235 [4a1fd5c5-c1e9-4be0-9e10-d9ff496e4c03-groupManagement] INFO  server.RaftServerConfigKeys (ConfUtils.java:logGet(46)) - raft.server.threadpool.client.size = 0 (default)
2023-10-17 18:42:59,235 [4a1fd5c5-c1e9-4be0-9e10-d9ff496e4c03-groupManagement] INFO  storage.RaftStorageDirectory (RaftStorageDirectoryImpl.java:analyzeStorage(137)) - The storage directory /home/runner/work/ozone/ozone/hadoop-ozone/integration-test/target/test-dir/MiniOzoneClusterImpl-6573419f-bca2-4c06-bff4-18a4ba0450b6/datanode-0/data/ratis/1b16634b-9dfc-4539-9300-1ffb29f0b8a7 does not exist. Creating ...
2023-10-17 18:42:59,236 [4a1fd5c5-c1e9-4be0-9e10-d9ff496e4c03-groupManagement] INFO  storage.RaftStorageDirectory (RaftStorageDirectoryImpl.java:tryLock(231)) - Lock on /home/runner/work/ozone/ozone/hadoop-ozone/integration-test/target/test-dir/MiniOzoneClusterImpl-6573419f-bca2-4c06-bff4-18a4ba0450b6/datanode-0/data/ratis/1b16634b-9dfc-4539-9300-1ffb29f0b8a7/in_use.lock acquired by nodename 31914@fv-az189-115
2023-10-17 18:42:59,237 [4a1fd5c5-c1e9-4be0-9e10-d9ff496e4c03-groupManagement] INFO  storage.RaftStorage (RaftStorageImpl.java:format(96)) - Storage directory /home/runner/work/ozone/ozone/hadoop-ozone/integration-test/target/test-dir/MiniOzoneClusterImpl-6573419f-bca2-4c06-bff4-18a4ba0450b6/datanode-0/data/ratis/1b16634b-9dfc-4539-9300-1ffb29f0b8a7 has been successfully formatted.
2023-10-17 18:42:59,237 [4a1fd5c5-c1e9-4be0-9e10-d9ff496e4c03-groupManagement] INFO  ratis.ContainerStateMachine (ContainerStateMachine.java:loadSnapshot(262)) - group-1FFB29F0B8A7: The snapshot info is null. Setting the last applied indexto:(t:0, i:~)
2023-10-17 18:42:59,238 [4a1fd5c5-c1e9-4be0-9e10-d9ff496e4c03-groupManagement] INFO  server.RaftServerConfigKeys (ConfUtils.java:logGet(46)) - raft.server.log.use.memory = false (default)
2023-10-17 18:42:59,239 [4a1fd5c5-c1e9-4be0-9e10-d9ff496e4c03-groupManagement] INFO  server.RaftServerConfigKeys (ConfUtils.java:logGet(46)) - raft.server.log.purge.gap = 1000000 (custom)
2023-10-17 18:42:59,240 [4a1fd5c5-c1e9-4be0-9e10-d9ff496e4c03-groupManagement] INFO  server.RaftServerConfigKeys (ConfUtils.java:logGet(46)) - raft.server.log.appender.buffer.byte-limit = 33554432 (custom)
2023-10-17 18:42:59,240 [4a1fd5c5-c1e9-4be0-9e10-d9ff496e4c03-groupManagement] INFO  server.RaftServerConfigKeys (ConfUtils.java:logGet(46)) - raft.server.log.statemachine.data.read.timeout = 1000ms (default)
2023-10-17 18:42:59,240 [4a1fd5c5-c1e9-4be0-9e10-d9ff496e4c03-groupManagement] INFO  server.RaftServerConfigKeys (ConfUtils.java:logGet(46)) - raft.server.log.purge.preservation.log.num = 0 (default)
2023-10-17 18:42:59,240 [4a1fd5c5-c1e9-4be0-9e10-d9ff496e4c03-groupManagement] INFO  server.RaftServerConfigKeys (ConfUtils.java:logGet(46)) - raft.server.log.segment.size.max = 1048576 (custom)
2023-10-17 18:42:59,240 [4a1fd5c5-c1e9-4be0-9e10-d9ff496e4c03-groupManagement] INFO  server.RaftServerConfigKeys (ConfUtils.java:logGet(46)) - raft.server.log.segment.cache.num.max = 2 (custom)
2023-10-17 18:42:59,240 [4a1fd5c5-c1e9-4be0-9e10-d9ff496e4c03-groupManagement] INFO  server.RaftServerConfigKeys (ConfUtils.java:logGet(46)) - raft.server.log.segment.cache.size.max = 200MB (=209715200) (default)
2023-10-17 18:42:59,240 [4a1fd5c5-c1e9-4be0-9e10-d9ff496e4c03-groupManagement] INFO  server.RaftServerConfigKeys (ConfUtils.java:logGet(46)) - raft.server.log.appender.buffer.byte-limit = 33554432 (custom)
2023-10-17 18:42:59,240 [4a1fd5c5-c1e9-4be0-9e10-d9ff496e4c03-groupManagement] INFO  segmented.SegmentedRaftLogWorker (SegmentedRaftLogWorker.java:<init>(188)) - new 4a1fd5c5-c1e9-4be0-9e10-d9ff496e4c03@group-1FFB29F0B8A7-SegmentedRaftLogWorker for RaftStorageImpl:Storage Directory /home/runner/work/ozone/ozone/hadoop-ozone/integration-test/target/test-dir/MiniOzoneClusterImpl-6573419f-bca2-4c06-bff4-18a4ba0450b6/datanode-0/data/ratis/1b16634b-9dfc-4539-9300-1ffb29f0b8a7
2023-10-17 18:42:59,240 [4a1fd5c5-c1e9-4be0-9e10-d9ff496e4c03-groupManagement] INFO  server.RaftServerConfigKeys (ConfUtils.java:logGet(46)) - raft.server.log.queue.byte-limit = 4294967296 (custom)
2023-10-17 18:42:59,240 [4a1fd5c5-c1e9-4be0-9e10-d9ff496e4c03-groupManagement] INFO  server.RaftServerConfigKeys (ConfUtils.java:logGet(46)) - raft.server.log.queue.element-limit = 1024 (custom)
2023-10-17 18:42:59,240 [4a1fd5c5-c1e9-4be0-9e10-d9ff496e4c03-groupManagement] INFO  server.RaftServerConfigKeys (ConfUtils.java:logGet(46)) - raft.server.log.segment.size.max = 1048576 (custom)
2023-10-17 18:42:59,240 [4a1fd5c5-c1e9-4be0-9e10-d9ff496e4c03-groupManagement] INFO  server.RaftServerConfigKeys (ConfUtils.java:logGet(46)) - raft.server.log.preallocated.size = 16384 (custom)
2023-10-17 18:42:59,240 [4a1fd5c5-c1e9-4be0-9e10-d9ff496e4c03-groupManagement] INFO  server.RaftServerConfigKeys (ConfUtils.java:logGet(46)) - raft.server.log.force.sync.num = 128 (default)
2023-10-17 18:42:59,241 [4a1fd5c5-c1e9-4be0-9e10-d9ff496e4c03-groupManagement] INFO  server.RaftServerConfigKeys (ConfUtils.java:logGet(46)) - raft.server.log.statemachine.data.sync = true (default)
2023-10-17 18:42:59,241 [EventQueue-PipelineReportForPipelineReportHandler] INFO  pipeline.PipelineReportHandler (PipelineReportHandler.java:processPipelineReport(136)) - Opened pipeline PipelineID=1b16634b-9dfc-4539-9300-1ffb29f0b8a7
2023-10-17 18:42:59,244 [4a1fd5c5-c1e9-4be0-9e10-d9ff496e4c03-groupManagement] INFO  server.RaftServerConfigKeys (ConfUtils.java:logGet(46)) - raft.server.log.statemachine.data.sync.timeout = 10s (default)
2023-10-17 18:42:59,245 [4a1fd5c5-c1e9-4be0-9e10-d9ff496e4c03-groupManagement] INFO  server.RaftServerConfigKeys (ConfUtils.java:logGet(46)) - raft.server.log.statemachine.data.sync.timeout.retry = -1 (default)
2023-10-17 18:42:59,246 [EventQueue-OpenPipelineForHealthyPipelineSafeModeRule] INFO  safemode.SCMSafeModeManager (SCMSafeModeManager.java:validateSafeModeExitRules(200)) - HealthyPipelineSafeModeRule rule is successfully validated
2023-10-17 18:42:59,246 [EventQueue-OpenPipelineForHealthyPipelineSafeModeRule] INFO  safemode.SCMSafeModeManager (SCMSafeModeManager.java:validateSafeModeExitRules(215)) - ScmSafeModeManager, all rules are successfully validated
2023-10-17 18:42:59,246 [EventQueue-OpenPipelineForHealthyPipelineSafeModeRule] INFO  safemode.SCMSafeModeManager (SCMSafeModeManager.java:exitSafeMode(244)) - SCM exiting safe mode.
2023-10-17 18:42:59,246 [EventQueue-OpenPipelineForHealthyPipelineSafeModeRule] INFO  ha.SCMContext (SCMContext.java:updateSafeModeStatus(230)) - Update SafeModeStatus from SafeModeStatus{safeModeStatus=true, preCheckPassed=true} to SafeModeStatus{safeModeStatus=false, preCheckPassed=true}.
2023-10-17 18:42:59,246 [EventQueue-OpenPipelineForHealthyPipelineSafeModeRule] INFO  pipeline.BackgroundPipelineCreator (BackgroundPipelineCreator.java:notifyStatusChanged(255)) - Service BackgroundPipelineCreator transitions to RUNNING.
2023-10-17 18:42:59,246 [4a1fd5c5-c1e9-4be0-9e10-d9ff496e4c03-groupManagement] INFO  server.RaftServerConfigKeys (ConfUtils.java:logGet(46)) - raft.server.log.write.buffer.size = 1048576 (custom)
2023-10-17 18:42:59,246 [EventQueue-OpenPipelineForHealthyPipelineSafeModeRule] INFO  BackgroundPipelineScrubber (BackgroundSCMService.java:notifyStatusChanged(82)) - Service BackgroundPipelineScrubber transitions to RUNNING.
2023-10-17 18:42:59,246 [EventQueue-OpenPipelineForHealthyPipelineSafeModeRule] INFO  ExpiredContainerReplicaOpScrubber (BackgroundSCMService.java:notifyStatusChanged(82)) - Service ExpiredContainerReplicaOpScrubber transitions to RUNNING.
2023-10-17 18:42:59,246 [EventQueue-OpenPipelineForHealthyPipelineSafeModeRule] INFO  replication.ReplicationManager (ReplicationManager.java:notifyStatusChanged(1370)) - Service ReplicationManager transitions to RUNNING.
2023-10-17 18:42:59,246 [4a1fd5c5-c1e9-4be0-9e10-d9ff496e4c03-groupManagement] INFO  server.RaftServerConfigKeys (ConfUtils.java:logGet(46)) - raft.server.log.appender.buffer.byte-limit = 33554432 (custom)
2023-10-17 18:42:59,246 [EventQueue-OpenPipelineForHealthyPipelineSafeModeRule] WARN  balancer.ContainerBalancer (ContainerBalancer.java:shouldRun(134)) - Could not find persisted configuration for ContainerBalancer when checking if ContainerBalancer should run. ContainerBalancer should not run now.
2023-10-17 18:42:59,252 [4a1fd5c5-c1e9-4be0-9e10-d9ff496e4c03-groupManagement] INFO  server.RaftServerConfigKeys (ConfUtils.java:logGet(46)) - raft.server.log.unsafe-flush.enabled = false (default)
2023-10-17 18:42:59,252 [4a1fd5c5-c1e9-4be0-9e10-d9ff496e4c03-groupManagement] INFO  server.RaftServerConfigKeys (ConfUtils.java:logGet(46)) - raft.server.log.async-flush.enabled = false (default)
2023-10-17 18:42:59,252 [4a1fd5c5-c1e9-4be0-9e10-d9ff496e4c03-groupManagement] INFO  server.RaftServerConfigKeys (ConfUtils.java:logGet(46)) - raft.server.log.statemachine.data.caching.enabled = true (custom)
2023-10-17 18:42:59,252 [4a1fd5c5-c1e9-4be0-9e10-d9ff496e4c03-groupManagement] INFO  segmented.SegmentedRaftLogWorker (SegmentedRaftLogWorker.java:lambda$new$0(135)) - 4a1fd5c5-c1e9-4be0-9e10-d9ff496e4c03@group-1FFB29F0B8A7-SegmentedRaftLogWorker: flushIndex: setUnconditionally 0 -> -1
2023-10-17 18:42:59,252 [4a1fd5c5-c1e9-4be0-9e10-d9ff496e4c03-groupManagement] INFO  segmented.SegmentedRaftLogWorker (SegmentedRaftLogWorker.java:lambda$new$0(135)) - 4a1fd5c5-c1e9-4be0-9e10-d9ff496e4c03@group-1FFB29F0B8A7-SegmentedRaftLogWorker: safeCacheEvictIndex: setUnconditionally 0 -> -1
2023-10-17 18:42:59,252 [4a1fd5c5-c1e9-4be0-9e10-d9ff496e4c03-groupManagement] INFO  server.RaftServer$Division (RaftServerImpl.java:start(342)) - 4a1fd5c5-c1e9-4be0-9e10-d9ff496e4c03@group-1FFB29F0B8A7: start as a follower, conf=-1: peers:[4a1fd5c5-c1e9-4be0-9e10-d9ff496e4c03|rpc:10.1.0.25:15049|admin:10.1.0.25:15048|client:10.1.0.25:15047|dataStream:10.1.0.25:15050|priority:1|startupRole:FOLLOWER]|listeners:[], old=null
2023-10-17 18:42:59,252 [4a1fd5c5-c1e9-4be0-9e10-d9ff496e4c03-groupManagement] INFO  server.RaftServer$Division (RaftServerImpl.java:setRole(329)) - 4a1fd5c5-c1e9-4be0-9e10-d9ff496e4c03@group-1FFB29F0B8A7: changes role from      null to FOLLOWER at term 0 for startAsFollower
2023-10-17 18:42:59,252 [4a1fd5c5-c1e9-4be0-9e10-d9ff496e4c03-groupManagement] INFO  impl.RoleInfo (RoleInfo.java:updateAndGet(139)) - 4a1fd5c5-c1e9-4be0-9e10-d9ff496e4c03: start 4a1fd5c5-c1e9-4be0-9e10-d9ff496e4c03@group-1FFB29F0B8A7-FollowerState
2023-10-17 18:42:59,253 [4a1fd5c5-c1e9-4be0-9e10-d9ff496e4c03@group-1FFB29F0B8A7-FollowerState] INFO  server.RaftServerConfigKeys (ConfUtils.java:logFallback(53)) - raft.server.rpc.first-election.timeout.min = 5s (fallback to raft.server.rpc.timeout.min)
2023-10-17 18:42:59,253 [4a1fd5c5-c1e9-4be0-9e10-d9ff496e4c03-groupManagement] INFO  util.JmxRegister (JmxRegister.java:tryRegister(44)) - Successfully registered JMX Bean with object name Ratis:service=RaftServer,group=group-1FFB29F0B8A7,id=4a1fd5c5-c1e9-4be0-9e10-d9ff496e4c03
2023-10-17 18:42:59,253 [4a1fd5c5-c1e9-4be0-9e10-d9ff496e4c03@group-1FFB29F0B8A7-FollowerState] INFO  server.RaftServerConfigKeys (ConfUtils.java:logFallback(53)) - raft.server.rpc.first-election.timeout.max = 5200ms (fallback to raft.server.rpc.timeout.max)
2023-10-17 18:42:59,253 [4a1fd5c5-c1e9-4be0-9e10-d9ff496e4c03-groupManagement] INFO  server.RaftServerConfigKeys (ConfUtils.java:logGet(46)) - raft.server.snapshot.auto.trigger.enabled = true (custom)
2023-10-17 18:42:59,253 [4a1fd5c5-c1e9-4be0-9e10-d9ff496e4c03-groupManagement] INFO  server.RaftServerConfigKeys (ConfUtils.java:logGet(46)) - raft.server.snapshot.auto.trigger.threshold = 10000 (custom)
2023-10-17 18:42:59,254 [4a1fd5c5-c1e9-4be0-9e10-d9ff496e4c03-groupManagement] INFO  server.RaftServerConfigKeys (ConfUtils.java:logGet(46)) - raft.server.snapshot.retention.file.num = 5 (custom)
2023-10-17 18:42:59,254 [4a1fd5c5-c1e9-4be0-9e10-d9ff496e4c03-groupManagement] INFO  server.RaftServerConfigKeys (ConfUtils.java:logGet(46)) - raft.server.log.purge.upto.snapshot.index = false (default)
2023-10-17 18:42:59,255 [PipelineCommandHandlerThread-0] INFO  ratis.XceiverServerRatis (XceiverServerRatis.java:addGroup(804)) - Created group PipelineID=1b16634b-9dfc-4539-9300-1ffb29f0b8a7
2023-10-17 18:42:59,255 [PipelineCommandHandlerThread-0] INFO  commandhandler.CreatePipelineCommandHandler (CreatePipelineCommandHandler.java:lambda$handle$2(124)) - Created Pipeline RATIS ONE PipelineID=1b16634b-9dfc-4539-9300-1ffb29f0b8a7.
2023-10-17 18:43:00,226 [Time-limited test] INFO  ozone.MiniOzoneClusterImpl (MiniOzoneClusterImpl.java:lambda$waitForClusterToBeReady$0(229)) - Nodes are ready. Got 1 of 1 DN Heartbeats.
2023-10-17 18:43:00,226 [Time-limited test] INFO  ozone.MiniOzoneClusterImpl (MiniOzoneClusterImpl.java:lambda$waitForClusterToBeReady$0(232)) - Cluster exits safe mode
2023-10-17 18:43:00,226 [Time-limited test] INFO  ozone.MiniOzoneClusterImpl (MiniOzoneClusterImpl.java:lambda$waitForClusterToBeReady$0(234)) - SCM became leader
2023-10-17 18:43:00,258 [Time-limited test] INFO  rpc.RpcClient (RpcClient.java:createVolume(462)) - Creating Volume: volume84922, with user33533 as owner and space quota set to -1 bytes, counts quota set to -1
2023-10-17 18:43:00,279 [OM StateMachine ApplyTransaction Thread - 0] INFO  volume.OMVolumeCreateRequest (OMVolumeCreateRequest.java:validateAndUpdateCache(196)) - created volume:volume84922 for user:user33533
2023-10-17 18:43:00,282 [Time-limited test] INFO  rpc.RpcClient (RpcClient.java:createBucket(689)) - Creating Bucket: volume84922/bucket65482, with bucket layout LEGACY, runner as owner, Versioning false, Storage Type set to DISK and Encryption set to false, Replication Type set to server-side default replication type, Namespace Quota set to -1, Space Quota set to -1 
2023-10-17 18:43:00,286 [OM StateMachine ApplyTransaction Thread - 0] INFO  bucket.OMBucketCreateRequest (OMBucketCreateRequest.java:validateAndUpdateCache(270)) - created bucket: bucket65482 of layout LEGACY in volume: volume84922
2023-10-17 18:43:00,296 [IPC Server handler 1 on default port 15036] INFO  ha.SequenceIdGenerator (SequenceIdGenerator.java:getNextId(140)) - Allocate a batch for containerId, change lastId from 0 to 1000.
2023-10-17 18:43:00,297 [IPC Server handler 1 on default port 15036] WARN  ha.SequenceIdGenerator (SequenceIdGenerator.java:allocateBatch(253)) - Failed to allocate a batch for localId, expected lastId is 0, actual lastId is 111677748019200000.
2023-10-17 18:43:00,297 [IPC Server handler 1 on default port 15036] INFO  ha.SequenceIdGenerator (SequenceIdGenerator.java:getNextId(140)) - Allocate a batch for localId, change lastId from 111677748019200000 to 111677748019201000.
2023-10-17 18:43:04,385 [4a1fd5c5-c1e9-4be0-9e10-d9ff496e4c03@group-1FFB29F0B8A7-FollowerState] INFO  impl.FollowerState (FollowerState.java:run(143)) - 4a1fd5c5-c1e9-4be0-9e10-d9ff496e4c03@group-1FFB29F0B8A7-FollowerState: change to CANDIDATE, lastRpcElapsedTime:5132596986ns, electionTimeout:5132ms
2023-10-17 18:43:04,385 [4a1fd5c5-c1e9-4be0-9e10-d9ff496e4c03@group-1FFB29F0B8A7-FollowerState] INFO  impl.RoleInfo (RoleInfo.java:shutdownFollowerState(110)) - 4a1fd5c5-c1e9-4be0-9e10-d9ff496e4c03: shutdown 4a1fd5c5-c1e9-4be0-9e10-d9ff496e4c03@group-1FFB29F0B8A7-FollowerState
2023-10-17 18:43:04,385 [4a1fd5c5-c1e9-4be0-9e10-d9ff496e4c03@group-1FFB29F0B8A7-FollowerState] INFO  server.RaftServer$Division (RaftServerImpl.java:setRole(329)) - 4a1fd5c5-c1e9-4be0-9e10-d9ff496e4c03@group-1FFB29F0B8A7: changes role from  FOLLOWER to CANDIDATE at term 0 for changeToCandidate
2023-10-17 18:43:04,386 [4a1fd5c5-c1e9-4be0-9e10-d9ff496e4c03@group-1FFB29F0B8A7-FollowerState] INFO  server.RaftServerConfigKeys (ConfUtils.java:logGet(46)) - raft.server.leaderelection.pre-vote = true (default)
2023-10-17 18:43:04,386 [4a1fd5c5-c1e9-4be0-9e10-d9ff496e4c03@group-1FFB29F0B8A7-FollowerState] INFO  impl.RoleInfo (RoleInfo.java:updateAndGet(139)) - 4a1fd5c5-c1e9-4be0-9e10-d9ff496e4c03: start 4a1fd5c5-c1e9-4be0-9e10-d9ff496e4c03@group-1FFB29F0B8A7-LeaderElection10
2023-10-17 18:43:04,387 [4a1fd5c5-c1e9-4be0-9e10-d9ff496e4c03@group-1FFB29F0B8A7-LeaderElection10] INFO  impl.LeaderElection (LeaderElection.java:askForVotes(321)) - 4a1fd5c5-c1e9-4be0-9e10-d9ff496e4c03@group-1FFB29F0B8A7-LeaderElection10 PRE_VOTE round 0: submit vote requests at term 0 for -1: peers:[4a1fd5c5-c1e9-4be0-9e10-d9ff496e4c03|rpc:10.1.0.25:15049|admin:10.1.0.25:15048|client:10.1.0.25:15047|dataStream:10.1.0.25:15050|priority:1|startupRole:FOLLOWER]|listeners:[], old=null
2023-10-17 18:43:04,387 [4a1fd5c5-c1e9-4be0-9e10-d9ff496e4c03@group-1FFB29F0B8A7-LeaderElection10] INFO  impl.LeaderElection (LeaderElection.java:askForVotes(323)) - 4a1fd5c5-c1e9-4be0-9e10-d9ff496e4c03@group-1FFB29F0B8A7-LeaderElection10 PRE_VOTE round 0: result PASSED (term=0)
2023-10-17 18:43:04,389 [4a1fd5c5-c1e9-4be0-9e10-d9ff496e4c03@group-1FFB29F0B8A7-LeaderElection10] INFO  impl.LeaderElection (LeaderElection.java:askForVotes(321)) - 4a1fd5c5-c1e9-4be0-9e10-d9ff496e4c03@group-1FFB29F0B8A7-LeaderElection10 ELECTION round 0: submit vote requests at term 1 for -1: peers:[4a1fd5c5-c1e9-4be0-9e10-d9ff496e4c03|rpc:10.1.0.25:15049|admin:10.1.0.25:15048|client:10.1.0.25:15047|dataStream:10.1.0.25:15050|priority:1|startupRole:FOLLOWER]|listeners:[], old=null
2023-10-17 18:43:04,389 [4a1fd5c5-c1e9-4be0-9e10-d9ff496e4c03@group-1FFB29F0B8A7-LeaderElection10] INFO  impl.LeaderElection (LeaderElection.java:askForVotes(323)) - 4a1fd5c5-c1e9-4be0-9e10-d9ff496e4c03@group-1FFB29F0B8A7-LeaderElection10 ELECTION round 0: result PASSED (term=1)
2023-10-17 18:43:04,389 [4a1fd5c5-c1e9-4be0-9e10-d9ff496e4c03@group-1FFB29F0B8A7-LeaderElection10] INFO  impl.RoleInfo (RoleInfo.java:shutdownLeaderElection(130)) - 4a1fd5c5-c1e9-4be0-9e10-d9ff496e4c03: shutdown 4a1fd5c5-c1e9-4be0-9e10-d9ff496e4c03@group-1FFB29F0B8A7-LeaderElection10
2023-10-17 18:43:04,389 [4a1fd5c5-c1e9-4be0-9e10-d9ff496e4c03@group-1FFB29F0B8A7-LeaderElection10] INFO  server.RaftServer$Division (RaftServerImpl.java:setRole(329)) - 4a1fd5c5-c1e9-4be0-9e10-d9ff496e4c03@group-1FFB29F0B8A7: changes role from CANDIDATE to LEADER at term 1 for changeToLeader
2023-10-17 18:43:04,389 [4a1fd5c5-c1e9-4be0-9e10-d9ff496e4c03@group-1FFB29F0B8A7-LeaderElection10] INFO  ratis.XceiverServerRatis (XceiverServerRatis.java:handleLeaderChangedNotification(902)) - Leader change notification received for group: group-1FFB29F0B8A7 with new leaderId: 4a1fd5c5-c1e9-4be0-9e10-d9ff496e4c03
2023-10-17 18:43:04,389 [4a1fd5c5-c1e9-4be0-9e10-d9ff496e4c03@group-1FFB29F0B8A7-LeaderElection10] INFO  server.RaftServer$Division (ServerState.java:setLeader(317)) - 4a1fd5c5-c1e9-4be0-9e10-d9ff496e4c03@group-1FFB29F0B8A7: change Leader from null to 4a1fd5c5-c1e9-4be0-9e10-d9ff496e4c03 at term 1 for becomeLeader, leader elected after 5155ms
2023-10-17 18:43:04,389 [4a1fd5c5-c1e9-4be0-9e10-d9ff496e4c03@group-1FFB29F0B8A7-LeaderElection10] INFO  server.RaftServerConfigKeys (ConfUtils.java:logGet(46)) - raft.server.staging.catchup.gap = 1000 (default)
2023-10-17 18:43:04,389 [4a1fd5c5-c1e9-4be0-9e10-d9ff496e4c03@group-1FFB29F0B8A7-LeaderElection10] INFO  server.RaftServerConfigKeys (ConfUtils.java:logGet(46)) - raft.server.write.element-limit = 1024 (custom)
2023-10-17 18:43:04,390 [4a1fd5c5-c1e9-4be0-9e10-d9ff496e4c03@group-1FFB29F0B8A7-LeaderElection10] INFO  server.RaftServerConfigKeys (ConfUtils.java:logGet(46)) - raft.server.write.byte-limit = 1024 M (=1073741824) (custom)
2023-10-17 18:43:04,390 [4a1fd5c5-c1e9-4be0-9e10-d9ff496e4c03@group-1FFB29F0B8A7-LeaderElection10] INFO  server.RaftServerConfigKeys (ConfUtils.java:logGet(46)) - raft.server.watch.timeout = 180s (custom)
2023-10-17 18:43:04,390 [4a1fd5c5-c1e9-4be0-9e10-d9ff496e4c03@group-1FFB29F0B8A7-LeaderElection10] INFO  server.RaftServerConfigKeys (ConfUtils.java:logGet(46)) - raft.server.watch.timeout.denomination = 1s (default)
2023-10-17 18:43:04,390 [4a1fd5c5-c1e9-4be0-9e10-d9ff496e4c03@group-1FFB29F0B8A7-LeaderElection10] INFO  server.RaftServerConfigKeys (ConfUtils.java:logGet(46)) - raft.server.watch.element-limit = 65536 (default)
2023-10-17 18:43:04,390 [4a1fd5c5-c1e9-4be0-9e10-d9ff496e4c03@group-1FFB29F0B8A7-LeaderElection10] INFO  server.RaftServerConfigKeys (ConfUtils.java:logGet(46)) - raft.server.write.element-limit = 1024 (custom)
2023-10-17 18:43:04,390 [4a1fd5c5-c1e9-4be0-9e10-d9ff496e4c03@group-1FFB29F0B8A7-LeaderElection10] INFO  server.RaftServerConfigKeys (ConfUtils.java:logGet(46)) - raft.server.write.follower.gap.ratio.max = -1.0 (default)
2023-10-17 18:43:04,390 [4a1fd5c5-c1e9-4be0-9e10-d9ff496e4c03@group-1FFB29F0B8A7-LeaderElection10] INFO  impl.RoleInfo (RoleInfo.java:updateAndGet(139)) - 4a1fd5c5-c1e9-4be0-9e10-d9ff496e4c03: start 4a1fd5c5-c1e9-4be0-9e10-d9ff496e4c03@group-1FFB29F0B8A7-LeaderStateImpl
2023-10-17 18:43:04,391 [4a1fd5c5-c1e9-4be0-9e10-d9ff496e4c03@group-1FFB29F0B8A7-LeaderElection10] INFO  segmented.SegmentedRaftLogWorker (SegmentedRaftLogWorker.java:startLogSegment(447)) - 4a1fd5c5-c1e9-4be0-9e10-d9ff496e4c03@group-1FFB29F0B8A7-SegmentedRaftLogWorker: Starting segment from index:0
2023-10-17 18:43:04,395 [4a1fd5c5-c1e9-4be0-9e10-d9ff496e4c03@group-1FFB29F0B8A7-SegmentedRaftLogWorker] INFO  segmented.SegmentedRaftLogWorker (SegmentedRaftLogWorker.java:execute(651)) - 4a1fd5c5-c1e9-4be0-9e10-d9ff496e4c03@group-1FFB29F0B8A7-SegmentedRaftLogWorker: created new log segment /home/runner/work/ozone/ozone/hadoop-ozone/integration-test/target/test-dir/MiniOzoneClusterImpl-6573419f-bca2-4c06-bff4-18a4ba0450b6/datanode-0/data/ratis/1b16634b-9dfc-4539-9300-1ffb29f0b8a7/current/log_inprogress_0
2023-10-17 18:43:04,395 [4a1fd5c5-c1e9-4be0-9e10-d9ff496e4c03@group-1FFB29F0B8A7-LeaderElection10] INFO  server.RaftServer$Division (ServerState.java:setRaftConf(434)) - 4a1fd5c5-c1e9-4be0-9e10-d9ff496e4c03@group-1FFB29F0B8A7: set configuration 0: peers:[4a1fd5c5-c1e9-4be0-9e10-d9ff496e4c03|rpc:10.1.0.25:15049|admin:10.1.0.25:15048|client:10.1.0.25:15047|dataStream:10.1.0.25:15050|priority:1|startupRole:FOLLOWER]|listeners:[], old=null
2023-10-17 18:43:17,294 [Time-limited test] INFO  ha.SequenceIdGenerator (SequenceIdGenerator.java:getNextId(140)) - Allocate a batch for delTxnId, change lastId from 0 to 1000.
2023-10-17 18:43:17,341 [SCMBlockDeletingService#0] INFO  block.SCMBlockDeletingService (SCMBlockDeletingService.java:call(201)) - Totally added 2 blocks to be deleted for 1 datanodes, task elapsed time: 1ms
2023-10-17 18:43:17,798 [Time-limited test] INFO  ozone.MiniOzoneClusterImpl (MiniOzoneClusterImpl.java:shutdown(448)) - Shutting down the Mini Ozone Cluster
2023-10-17 18:43:17,799 [Time-limited test] INFO  ozone.MiniOzoneClusterImpl (MiniOzoneClusterImpl.java:stop(465)) - Stopping the Mini Ozone Cluster
2023-10-17 18:43:17,799 [Time-limited test] INFO  ozone.MiniOzoneClusterImpl (MiniOzoneClusterImpl.java:stopOM(556)) - Stopping the OzoneManager
2023-10-17 18:43:17,799 [Time-limited test] INFO  om.OzoneManager (OzoneManager.java:stop(2206)) - om1[localhost:15039]: Stopping Ozone Manager
2023-10-17 18:43:17,799 [Time-limited test] INFO  ipc.Server (Server.java:stop(3523)) - Stopping server on 15039
2023-10-17 18:43:17,804 [IPC Server listener on 15039] INFO  ipc.Server (Server.java:run(1434)) - Stopping IPC Server listener on 15039
2023-10-17 18:43:17,805 [IPC Server Responder] INFO  ipc.Server (Server.java:run(1567)) - Stopping IPC Server Responder
2023-10-17 18:43:17,805 [Time-limited test] INFO  server.RaftServer (RaftServerProxy.java:lambda$close$6(416)) - om1: close
2023-10-17 18:43:17,805 [Time-limited test] INFO  server.GrpcService (GrpcService.java:closeImpl(311)) - om1: shutdown server GrpcServerProtocolService now
2023-10-17 18:43:17,805 [om1-impl-thread1] INFO  server.RaftServer$Division (RaftServerImpl.java:lambda$close$4(466)) - om1@group-C5BA1605619E: shutdown
2023-10-17 18:43:17,805 [om1-impl-thread1] INFO  util.JmxRegister (JmxRegister.java:unregister(73)) - Successfully un-registered JMX Bean with object name Ratis:service=RaftServer,group=group-C5BA1605619E,id=om1
2023-10-17 18:43:17,805 [om1-impl-thread1] INFO  impl.RoleInfo (RoleInfo.java:shutdownLeaderState(93)) - om1: shutdown om1@group-C5BA1605619E-LeaderStateImpl
2023-10-17 18:43:17,805 [om1-impl-thread1] INFO  impl.PendingRequests (PendingRequests.java:sendNotLeaderResponses(289)) - om1@group-C5BA1605619E-PendingRequests: sendNotLeaderResponses
2023-10-17 18:43:17,811 [om1-impl-thread1] INFO  impl.StateMachineUpdater (StateMachineUpdater.java:stopAndJoin(155)) - om1@group-C5BA1605619E-StateMachineUpdater: set stopIndex = 64
2023-10-17 18:43:17,812 [om1@group-C5BA1605619E-StateMachineUpdater] INFO  ratis.OzoneManagerStateMachine (OzoneManagerStateMachine.java:takeSnapshot(483)) - Current Snapshot Index (t:1, i:64)
2023-10-17 18:43:17,812 [Time-limited test] INFO  server.GrpcService (GrpcService.java:closeImpl(320)) - om1: shutdown server GrpcServerProtocolService successfully
2023-10-17 18:43:17,827 [om1@group-C5BA1605619E-StateMachineUpdater] INFO  impl.StateMachineUpdater (StateMachineUpdater.java:takeSnapshot(291)) - om1@group-C5BA1605619E-StateMachineUpdater: Took a snapshot at index 64
2023-10-17 18:43:17,827 [om1@group-C5BA1605619E-StateMachineUpdater] INFO  impl.StateMachineUpdater (StateMachineUpdater.java:lambda$new$0(97)) - om1@group-C5BA1605619E-StateMachineUpdater: snapshotIndex: updateIncreasingly -1 -> 64
2023-10-17 18:43:17,827 [om1@group-C5BA1605619E-StateMachineUpdater] INFO  ratis.OzoneManagerStateMachine (OzoneManagerStateMachine.java:close(537)) - StateMachine has shutdown. Shutdown OzoneManager if not already shutdown.
2023-10-17 18:43:17,827 [om1@group-C5BA1605619E-StateMachineUpdater] INFO  ratis.OzoneManagerDoubleBuffer (OzoneManagerDoubleBuffer.java:stopDaemon(551)) - Stopping OMDoubleBuffer flush thread
2023-10-17 18:43:17,827 [OMDoubleBufferFlushThread] INFO  ratis.OzoneManagerDoubleBuffer (OzoneManagerDoubleBuffer.java:canFlush(638)) - OMDoubleBuffer flush thread OMDoubleBufferFlushThread is interrupted and will exit.
2023-10-17 18:43:17,828 [om1-impl-thread1] INFO  server.RaftServer$Division (ServerState.java:close(472)) - om1@group-C5BA1605619E: closes. applyIndex: 64
2023-10-17 18:43:17,842 [SCMBlockDeletingService#0] INFO  block.SCMBlockDeletingService (SCMBlockDeletingService.java:call(201)) - Totally added 2 blocks to be deleted for 1 datanodes, task elapsed time: 1ms
2023-10-17 18:43:18,042 [SCMBlockDeletingService#0] INFO  block.SCMBlockDeletingService (SCMBlockDeletingService.java:call(201)) - Totally added 2 blocks to be deleted for 1 datanodes, task elapsed time: 1ms
2023-10-17 18:43:18,227 [om1-impl-thread1] INFO  segmented.SegmentedRaftLogWorker (SegmentedRaftLogWorker.java:close(252)) - om1@group-C5BA1605619E-SegmentedRaftLogWorker close()
2023-10-17 18:43:18,228 [JvmPauseMonitor6] INFO  util.JvmPauseMonitor (JvmPauseMonitor.java:run(109)) - JvmPauseMonitor-om1: Stopped
2023-10-17 18:43:18,228 [Time-limited test] INFO  ratis.OzoneManagerStateMachine (OzoneManagerStateMachine.java:close(537)) - StateMachine has shutdown. Shutdown OzoneManager if not already shutdown.
2023-10-17 18:43:18,228 [Time-limited test] INFO  ratis.OzoneManagerDoubleBuffer (OzoneManagerDoubleBuffer.java:stopDaemon(560)) - OMDoubleBuffer flush thread is not running.
2023-10-17 18:43:18,229 [Time-limited test] INFO  utils.BackgroundService (BackgroundService.java:shutdown(160)) - Shutting down service KeyDeletingService
2023-10-17 18:43:18,229 [Time-limited test] INFO  utils.BackgroundService (BackgroundService.java:shutdown(160)) - Shutting down service KeyDeletingService
2023-10-17 18:43:18,229 [Time-limited test] INFO  utils.BackgroundService (BackgroundService.java:shutdown(160)) - Shutting down service OpenKeyCleanupService
2023-10-17 18:43:18,229 [Time-limited test] INFO  utils.BackgroundService (BackgroundService.java:shutdown(160)) - Shutting down service SstFilteringService
2023-10-17 18:43:18,229 [Time-limited test] INFO  utils.BackgroundService (BackgroundService.java:shutdown(160)) - Shutting down service SnapshotDeletingService
2023-10-17 18:43:18,229 [Time-limited test] INFO  utils.BackgroundService (BackgroundService.java:shutdown(160)) - Shutting down service MultipartUploadCleanupService
2023-10-17 18:43:18,230 [Time-limited test] INFO  handler.ContextHandler (ContextHandler.java:doStop(1159)) - Stopped o.e.j.w.WebAppContext@4ddbc647{ozoneManager,/,null,STOPPED}{file:/home/runner/work/ozone/ozone/hadoop-ozone/integration-test/target/test-classes/webapps/ozoneManager}
2023-10-17 18:43:18,231 [Time-limited test] INFO  server.AbstractConnector (AbstractConnector.java:doStop(383)) - Stopped ServerConnector@d65b18c{HTTP/1.1, (http/1.1)}{0.0.0.0:15040}
2023-10-17 18:43:18,231 [Time-limited test] INFO  server.session (HouseKeeper.java:stopScavenging(149)) - node0 Stopped scavenging
2023-10-17 18:43:18,231 [Time-limited test] INFO  handler.ContextHandler (ContextHandler.java:doStop(1159)) - Stopped o.e.j.s.ServletContextHandler@98d6cb9{static,/static,file:///home/runner/work/ozone/ozone/hadoop-ozone/integration-test/target/test-classes/webapps/static,STOPPED}
2023-10-17 18:43:18,231 [Time-limited test] INFO  handler.ContextHandler (ContextHandler.java:doStop(1159)) - Stopped o.e.j.s.ServletContextHandler@7fd3c872{logs,/logs,file:///home/runner/work/ozone/ozone/hadoop-ozone/integration-test/target/log,STOPPED}
2023-10-17 18:43:18,232 [Time-limited test] INFO  rocksdiff.RocksDBCheckpointDiffer (RocksDBCheckpointDiffer.java:close(312)) - Shutting down CompactionDagPruningService.
2023-10-17 18:43:18,234 [Time-limited test] INFO  snapshot.SnapshotDiffManager (SnapshotDiffManager.java:closeExecutorService(1720)) - Shutting down executorService: 'SnapDiffExecutor'
2023-10-17 18:43:18,234 [Time-limited test] INFO  snapshot.SnapshotDiffManager (SnapshotDiffManager.java:closeExecutorService(1720)) - Shutting down executorService: 'SstDumpToolExecutor'
2023-10-17 18:43:18,234 [Time-limited test] INFO  utils.BackgroundService (BackgroundService.java:shutdown(160)) - Shutting down service SnapshotDiffCleanupService
2023-10-17 18:43:18,237 [Time-limited test] INFO  ozone.MiniOzoneClusterImpl (MiniOzoneClusterImpl.java:stopDatanodes(533)) - Stopping the HddsDatanodes
2023-10-17 18:43:18,238 [Time-limited test] INFO  ozoneimpl.OzoneContainer (OzoneContainer.java:stop(453)) - Attempting to stop container services.
2023-10-17 18:43:18,238 [Time-limited test] INFO  server.RaftServer (RaftServerProxy.java:lambda$close$6(416)) - 4a1fd5c5-c1e9-4be0-9e10-d9ff496e4c03: close
2023-10-17 18:43:18,239 [Time-limited test] INFO  server.GrpcService (GrpcService.java:closeImpl(311)) - 4a1fd5c5-c1e9-4be0-9e10-d9ff496e4c03: shutdown server org.apache.ratis.grpc.server.GrpcClientProtocolService now
2023-10-17 18:43:18,239 [4a1fd5c5-c1e9-4be0-9e10-d9ff496e4c03-impl-thread1] INFO  server.RaftServer$Division (RaftServerImpl.java:lambda$close$4(466)) - 4a1fd5c5-c1e9-4be0-9e10-d9ff496e4c03@group-1FFB29F0B8A7: shutdown
2023-10-17 18:43:18,239 [4a1fd5c5-c1e9-4be0-9e10-d9ff496e4c03-impl-thread1] INFO  util.JmxRegister (JmxRegister.java:unregister(73)) - Successfully un-registered JMX Bean with object name Ratis:service=RaftServer,group=group-1FFB29F0B8A7,id=4a1fd5c5-c1e9-4be0-9e10-d9ff496e4c03
2023-10-17 18:43:18,239 [4a1fd5c5-c1e9-4be0-9e10-d9ff496e4c03-impl-thread1] INFO  impl.RoleInfo (RoleInfo.java:shutdownLeaderState(93)) - 4a1fd5c5-c1e9-4be0-9e10-d9ff496e4c03: shutdown 4a1fd5c5-c1e9-4be0-9e10-d9ff496e4c03@group-1FFB29F0B8A7-LeaderStateImpl
2023-10-17 18:43:18,239 [4a1fd5c5-c1e9-4be0-9e10-d9ff496e4c03-impl-thread1] INFO  impl.PendingRequests (PendingRequests.java:sendNotLeaderResponses(289)) - 4a1fd5c5-c1e9-4be0-9e10-d9ff496e4c03@group-1FFB29F0B8A7-PendingRequests: sendNotLeaderResponses
2023-10-17 18:43:18,241 [4a1fd5c5-c1e9-4be0-9e10-d9ff496e4c03-impl-thread1] INFO  impl.StateMachineUpdater (StateMachineUpdater.java:stopAndJoin(155)) - 4a1fd5c5-c1e9-4be0-9e10-d9ff496e4c03@group-1FFB29F0B8A7-StateMachineUpdater: set stopIndex = 49
2023-10-17 18:43:18,241 [Time-limited test] INFO  server.GrpcService (GrpcService.java:closeImpl(320)) - 4a1fd5c5-c1e9-4be0-9e10-d9ff496e4c03: shutdown server org.apache.ratis.grpc.server.GrpcClientProtocolService successfully
2023-10-17 18:43:18,241 [4a1fd5c5-c1e9-4be0-9e10-d9ff496e4c03@group-1FFB29F0B8A7-StateMachineUpdater] INFO  ratis.ContainerStateMachine (ContainerStateMachine.java:takeSnapshot(330)) - group-1FFB29F0B8A7: Taking a snapshot at:(t:1, i:49) file /home/runner/work/ozone/ozone/hadoop-ozone/integration-test/target/test-dir/MiniOzoneClusterImpl-6573419f-bca2-4c06-bff4-18a4ba0450b6/datanode-0/data/ratis/1b16634b-9dfc-4539-9300-1ffb29f0b8a7/sm/snapshot.1_49
2023-10-17 18:43:18,241 [Time-limited test] INFO  server.GrpcService (GrpcService.java:closeImpl(311)) - 4a1fd5c5-c1e9-4be0-9e10-d9ff496e4c03: shutdown server GrpcServerProtocolService now
2023-10-17 18:43:18,243 [4a1fd5c5-c1e9-4be0-9e10-d9ff496e4c03@group-1FFB29F0B8A7-StateMachineUpdater] INFO  ratis.ContainerStateMachine (ContainerStateMachine.java:takeSnapshot(341)) - group-1FFB29F0B8A7: Finished taking a snapshot at:(t:1, i:49) file:/home/runner/work/ozone/ozone/hadoop-ozone/integration-test/target/test-dir/MiniOzoneClusterImpl-6573419f-bca2-4c06-bff4-18a4ba0450b6/datanode-0/data/ratis/1b16634b-9dfc-4539-9300-1ffb29f0b8a7/sm/snapshot.1_49 took: 2 ms
2023-10-17 18:43:18,244 [4a1fd5c5-c1e9-4be0-9e10-d9ff496e4c03@group-1FFB29F0B8A7-StateMachineUpdater] INFO  impl.StateMachineUpdater (StateMachineUpdater.java:takeSnapshot(291)) - 4a1fd5c5-c1e9-4be0-9e10-d9ff496e4c03@group-1FFB29F0B8A7-StateMachineUpdater: Took a snapshot at index 49
2023-10-17 18:43:18,244 [4a1fd5c5-c1e9-4be0-9e10-d9ff496e4c03@group-1FFB29F0B8A7-StateMachineUpdater] INFO  impl.StateMachineUpdater (StateMachineUpdater.java:lambda$new$0(97)) - 4a1fd5c5-c1e9-4be0-9e10-d9ff496e4c03@group-1FFB29F0B8A7-StateMachineUpdater: snapshotIndex: updateIncreasingly -1 -> 49
2023-10-17 18:43:18,246 [4a1fd5c5-c1e9-4be0-9e10-d9ff496e4c03-impl-thread1] INFO  server.RaftServer$Division (ServerState.java:close(472)) - 4a1fd5c5-c1e9-4be0-9e10-d9ff496e4c03@group-1FFB29F0B8A7: closes. applyIndex: 49
2023-10-17 18:43:18,247 [Time-limited test] INFO  server.GrpcService (GrpcService.java:closeImpl(320)) - 4a1fd5c5-c1e9-4be0-9e10-d9ff496e4c03: shutdown server GrpcServerProtocolService successfully
2023-10-17 18:43:18,247 [Time-limited test] INFO  server.GrpcService (GrpcService.java:closeImpl(311)) - 4a1fd5c5-c1e9-4be0-9e10-d9ff496e4c03: shutdown server org.apache.ratis.grpc.server.GrpcAdminProtocolService now
2023-10-17 18:43:18,247 [Time-limited test] INFO  server.GrpcService (GrpcService.java:closeImpl(320)) - 4a1fd5c5-c1e9-4be0-9e10-d9ff496e4c03: shutdown server org.apache.ratis.grpc.server.GrpcAdminProtocolService successfully
2023-10-17 18:43:18,248 [4a1fd5c5-c1e9-4be0-9e10-d9ff496e4c03-NettyServerStreamRpc-bossGroup--thread1] INFO  logging.LoggingHandler (AbstractInternalLogger.java:log(148)) - [id: 0x7ddf9818, L:/0:0:0:0:0:0:0:0:15050] CLOSE
2023-10-17 18:43:18,248 [4a1fd5c5-c1e9-4be0-9e10-d9ff496e4c03-NettyServerStreamRpc-bossGroup--thread1] INFO  logging.LoggingHandler (AbstractInternalLogger.java:log(148)) - [id: 0x7ddf9818, L:/0:0:0:0:0:0:0:0:15050] INACTIVE
2023-10-17 18:43:18,248 [4a1fd5c5-c1e9-4be0-9e10-d9ff496e4c03-NettyServerStreamRpc-bossGroup--thread1] INFO  logging.LoggingHandler (AbstractInternalLogger.java:log(148)) - [id: 0x7ddf9818, L:/0:0:0:0:0:0:0:0:15050] UNREGISTERED
2023-10-17 18:43:19,211 [4a1fd5c5-c1e9-4be0-9e10-d9ff496e4c03-impl-thread1] INFO  segmented.SegmentedRaftLogWorker (SegmentedRaftLogWorker.java:close(252)) - 4a1fd5c5-c1e9-4be0-9e10-d9ff496e4c03@group-1FFB29F0B8A7-SegmentedRaftLogWorker close()
2023-10-17 18:43:19,212 [JvmPauseMonitor7] INFO  util.JvmPauseMonitor (JvmPauseMonitor.java:run(109)) - JvmPauseMonitor-4a1fd5c5-c1e9-4be0-9e10-d9ff496e4c03: Stopped
2023-10-17 18:43:21,217 [Time-limited test] INFO  utils.DatanodeStoreCache (DatanodeStoreCache.java:shutdownCache(110)) - Skip clearing cache in mini cluster mode. Entries left: [/home/runner/work/ozone/ozone/hadoop-ozone/integration-test/target/test-dir/MiniOzoneClusterImpl-6573419f-bca2-4c06-bff4-18a4ba0450b6/datanode-0/data-0/containers/hdds/6573419f-bca2-4c06-bff4-18a4ba0450b6/DS-3f0466b2-6087-4019-8a3a-c0ef1e088dc7/container.db]
2023-10-17 18:43:21,220 [Time-limited test] INFO  utils.DatanodeStoreCache (DatanodeStoreCache.java:removeDB(104)) - Removed db /home/runner/work/ozone/ozone/hadoop-ozone/integration-test/target/test-dir/MiniOzoneClusterImpl-6573419f-bca2-4c06-bff4-18a4ba0450b6/datanode-0/data-0/containers/hdds/6573419f-bca2-4c06-bff4-18a4ba0450b6/DS-3f0466b2-6087-4019-8a3a-c0ef1e088dc7/container.db from cache
2023-10-17 18:43:21,220 [Time-limited test] INFO  volume.HddsVolume (HddsVolume.java:closeDbStore(453)) - SchemaV3 db is stopped at /home/runner/work/ozone/ozone/hadoop-ozone/integration-test/target/test-dir/MiniOzoneClusterImpl-6573419f-bca2-4c06-bff4-18a4ba0450b6/datanode-0/data-0/containers/hdds/6573419f-bca2-4c06-bff4-18a4ba0450b6/DS-3f0466b2-6087-4019-8a3a-c0ef1e088dc7/container.db for volume DS-3f0466b2-6087-4019-8a3a-c0ef1e088dc7
2023-10-17 18:43:21,220 [Time-limited test] INFO  utils.BackgroundService (BackgroundService.java:shutdown(160)) - Shutting down service BlockDeletingService
2023-10-17 18:43:21,221 [Time-limited test] INFO  utils.BackgroundService (BackgroundService.java:shutdown(160)) - Shutting down service StaleRecoveringContainerScrubbingService
2023-10-17 18:43:21,221 [Time-limited test] INFO  statemachine.DatanodeStateMachine (DatanodeStateMachine.java:stopDaemon(628)) - Ozone container server stopped.
2023-10-17 18:43:21,230 [Time-limited test] INFO  handler.ContextHandler (ContextHandler.java:doStop(1159)) - Stopped o.e.j.w.WebAppContext@1d7b851d{hddsDatanode,/,null,STOPPED}{jar:file:/home/runner/.m2/repository/org/apache/ozone/hdds-container-service/1.4.0-SNAPSHOT/hdds-container-service-1.4.0-SNAPSHOT.jar!/webapps/hddsDatanode}
2023-10-17 18:43:21,231 [Time-limited test] INFO  server.AbstractConnector (AbstractConnector.java:doStop(383)) - Stopped ServerConnector@1e9b26f1{HTTP/1.1, (http/1.1)}{0.0.0.0:15044}
2023-10-17 18:43:21,231 [Time-limited test] INFO  server.session (HouseKeeper.java:stopScavenging(149)) - node0 Stopped scavenging
2023-10-17 18:43:21,231 [Time-limited test] INFO  handler.ContextHandler (ContextHandler.java:doStop(1159)) - Stopped o.e.j.s.ServletContextHandler@367961dd{static,/static,jar:file:/home/runner/.m2/repository/org/apache/ozone/hdds-container-service/1.4.0-SNAPSHOT/hdds-container-service-1.4.0-SNAPSHOT.jar!/webapps/static,STOPPED}
2023-10-17 18:43:21,231 [Time-limited test] INFO  handler.ContextHandler (ContextHandler.java:doStop(1159)) - Stopped o.e.j.s.ServletContextHandler@3f1d3833{logs,/logs,file:///home/runner/work/ozone/ozone/hadoop-ozone/integration-test/target/log,STOPPED}
2023-10-17 18:43:21,232 [Time-limited test] INFO  ozone.HddsDatanodeClientProtocolServer (HddsDatanodeClientProtocolServer.java:stop(78)) - Stopping the RPC server for Client Protocol
2023-10-17 18:43:21,232 [Time-limited test] INFO  ipc.Server (Server.java:stop(3523)) - Stopping server on 15045
2023-10-17 18:43:21,232 [IPC Server listener on 15045] INFO  ipc.Server (Server.java:run(1434)) - Stopping IPC Server listener on 15045
2023-10-17 18:43:21,235 [IPC Server Responder] INFO  ipc.Server (Server.java:run(1567)) - Stopping IPC Server Responder
2023-10-17 18:43:21,235 [Time-limited test] INFO  ozone.MiniOzoneClusterImpl (MiniOzoneClusterImpl.java:stopSCM(548)) - Stopping the StorageContainerManager
2023-10-17 18:43:21,236 [Time-limited test] INFO  server.StorageContainerManager (StorageContainerManager.java:stop(1600)) - Container Balancer is not running.
2023-10-17 18:43:21,236 [Time-limited test] INFO  server.StorageContainerManager (StorageContainerManager.java:stopReplicationManager(1733)) - Stopping Replication Manager Service.
2023-10-17 18:43:21,236 [Time-limited test] INFO  replication.ReplicationManager (ReplicationManager.java:stop(323)) - Stopping Replication Monitor Thread.
2023-10-17 18:43:21,236 [Time-limited test] INFO  server.StorageContainerManager (StorageContainerManager.java:stop(1609)) - Stopping the Datanode Admin Monitor.
2023-10-17 18:43:21,236 [Under Replicated Processor] WARN  replication.UnhealthyReplicationProcessor (UnhealthyReplicationProcessor.java:run(180)) - Under Replicated Processor interrupted. Exiting...
2023-10-17 18:43:21,236 [Time-limited test] INFO  server.StorageContainerManager (StorageContainerManager.java:stop(1616)) - Stopping datanode service RPC server
2023-10-17 18:43:21,236 [Time-limited test] INFO  server.SCMDatanodeProtocolServer (SCMDatanodeProtocolServer.java:stop(424)) - Stopping the RPC server for DataNodes
2023-10-17 18:43:21,236 [Time-limited test] INFO  ipc.Server (Server.java:stop(3523)) - Stopping server on 15037
2023-10-17 18:43:21,236 [Over Replicated Processor] WARN  replication.UnhealthyReplicationProcessor (UnhealthyReplicationProcessor.java:run(180)) - Over Replicated Processor interrupted. Exiting...
2023-10-17 18:43:21,236 [ReplicationMonitor] INFO  replication.ReplicationManager (ReplicationManager.java:run(921)) - Replication Monitor Thread is stopped
2023-10-17 18:43:21,241 [IPC Server listener on 15037] INFO  ipc.Server (Server.java:run(1434)) - Stopping IPC Server listener on 15037
2023-10-17 18:43:21,241 [IPC Server Responder] INFO  ipc.Server (Server.java:run(1567)) - Stopping IPC Server Responder
2023-10-17 18:43:23,919 [SCM Heartbeat Processing Thread - 0] WARN  node.NodeStateManager (NodeStateManager.java:scheduleNextHealthCheck(874)) - Current Thread is interrupted, shutting down HB processing thread for Node Manager.
2023-10-17 18:43:23,919 [Time-limited test] INFO  server.StorageContainerManager (StorageContainerManager.java:stop(1624)) - Stopping block service RPC server
2023-10-17 18:43:23,920 [Time-limited test] INFO  server.SCMBlockProtocolServer (SCMBlockProtocolServer.java:stop(163)) - Stopping the RPC server for Block Protocol
2023-10-17 18:43:23,920 [Time-limited test] INFO  ipc.Server (Server.java:stop(3523)) - Stopping server on 15036
2023-10-17 18:43:23,922 [IPC Server listener on 15036] INFO  ipc.Server (Server.java:run(1434)) - Stopping IPC Server listener on 15036
2023-10-17 18:43:23,925 [IPC Server Responder] INFO  ipc.Server (Server.java:run(1567)) - Stopping IPC Server Responder
2023-10-17 18:43:23,925 [Time-limited test] INFO  server.StorageContainerManager (StorageContainerManager.java:stop(1631)) - Stopping the StorageContainerLocationProtocol RPC server
2023-10-17 18:43:23,925 [Time-limited test] INFO  server.SCMClientProtocolServer (SCMClientProtocolServer.java:stop(210)) - Stopping the RPC server for Client Protocol
2023-10-17 18:43:23,925 [Time-limited test] INFO  ipc.Server (Server.java:stop(3523)) - Stopping server on 15035
2023-10-17 18:43:23,927 [IPC Server Responder] INFO  ipc.Server (Server.java:run(1567)) - Stopping IPC Server Responder
2023-10-17 18:43:23,927 [IPC Server listener on 15035] INFO  ipc.Server (Server.java:run(1434)) - Stopping IPC Server listener on 15035
2023-10-17 18:43:23,928 [Time-limited test] INFO  server.StorageContainerManager (StorageContainerManager.java:stop(1638)) - Stopping Storage Container Manager HTTP server.
2023-10-17 18:43:23,929 [Time-limited test] INFO  handler.ContextHandler (ContextHandler.java:doStop(1159)) - Stopped o.e.j.w.WebAppContext@135e828{scm,/,null,STOPPED}{file:/home/runner/work/ozone/ozone/hadoop-ozone/integration-test/target/test-classes/webapps/scm}
2023-10-17 18:43:23,930 [Time-limited test] INFO  server.AbstractConnector (AbstractConnector.java:doStop(383)) - Stopped ServerConnector@2659fbd2{HTTP/1.1, (http/1.1)}{0.0.0.0:15038}
2023-10-17 18:43:23,930 [Time-limited test] INFO  server.session (HouseKeeper.java:stopScavenging(149)) - node0 Stopped scavenging
2023-10-17 18:43:23,930 [Time-limited test] INFO  handler.ContextHandler (ContextHandler.java:doStop(1159)) - Stopped o.e.j.s.ServletContextHandler@34acafd2{static,/static,file:///home/runner/work/ozone/ozone/hadoop-ozone/integration-test/target/test-classes/webapps/static,STOPPED}
2023-10-17 18:43:23,930 [Time-limited test] INFO  handler.ContextHandler (ContextHandler.java:doStop(1159)) - Stopped o.e.j.s.ServletContextHandler@1284b9ed{logs,/logs,file:///home/runner/work/ozone/ozone/hadoop-ozone/integration-test/target/log,STOPPED}
2023-10-17 18:43:23,931 [Time-limited test] INFO  server.StorageContainerManager (StorageContainerManager.java:stop(1646)) - Stopping SCM LayoutVersionManager Service.
2023-10-17 18:43:23,931 [Time-limited test] INFO  server.StorageContainerManager (StorageContainerManager.java:stop(1658)) - Stopping Block Manager Service.
2023-10-17 18:43:23,931 [Time-limited test] INFO  utils.BackgroundService (BackgroundService.java:shutdown(160)) - Shutting down service SCMBlockDeletingService
2023-10-17 18:43:23,931 [Time-limited test] INFO  utils.BackgroundService (BackgroundService.java:shutdown(160)) - Shutting down service SCMBlockDeletingService
2023-10-17 18:43:23,931 [Time-limited test] INFO  server.StorageContainerManager (StorageContainerManager.java:stop(1678)) - Stopping SCM Event Queue.
2023-10-17 18:43:23,932 [JvmPauseMonitor5] INFO  util.JvmPauseMonitor (JvmPauseMonitor.java:run(109)) - JvmPauseMonitor-777b0fb5-c050-4c6e-a4c6-fcbec32ee99a: Stopped
2023-10-17 18:43:23,932 [Time-limited test] INFO  server.StorageContainerManager (StorageContainerManager.java:stop(1689)) - Stopping SCM HA services.
2023-10-17 18:43:23,933 [Time-limited test] INFO  pipeline.BackgroundPipelineCreator (BackgroundPipelineCreator.java:stop(149)) - Stopping RatisPipelineUtilsThread.
2023-10-17 18:43:23,933 [RatisPipelineUtilsThread - 0] WARN  pipeline.BackgroundPipelineCreator (BackgroundPipelineCreator.java:run(180)) - RatisPipelineUtilsThread is interrupted.
2023-10-17 18:43:23,933 [BackgroundPipelineScrubberThread] WARN  BackgroundPipelineScrubber (BackgroundSCMService.java:run(115)) - BackgroundPipelineScrubber is interrupted, exit
2023-10-17 18:43:23,933 [Time-limited test] INFO  BackgroundPipelineScrubber (BackgroundSCMService.java:stop(131)) - Stopping BackgroundPipelineScrubber Service.
2023-10-17 18:43:23,933 [Time-limited test] INFO  impl.MetricsSystemImpl (MetricsSystemImpl.java:stop(210)) - Stopping HddsDatanode metrics system...
2023-10-17 18:43:23,934 [prometheus] INFO  impl.MetricsSinkAdapter (MetricsSinkAdapter.java:publishMetricsFromQueue(141)) - prometheus thread interrupted.
2023-10-17 18:43:23,934 [Time-limited test] INFO  impl.MetricsSystemImpl (MetricsSystemImpl.java:stop(216)) - HddsDatanode metrics system stopped.
2023-10-17 18:43:23,934 [Time-limited test] WARN  pipeline.BackgroundPipelineCreator (BackgroundPipelineCreator.java:stop(145)) - RatisPipelineUtilsThread is not running, just ignore.
2023-10-17 18:43:23,934 [Time-limited test] INFO  BackgroundPipelineScrubber (BackgroundSCMService.java:stop(126)) - BackgroundPipelineScrubber Service is not running, skip stop.
2023-10-17 18:43:23,934 [ExpiredContainerReplicaOpScrubberThread] WARN  ExpiredContainerReplicaOpScrubber (BackgroundSCMService.java:run(115)) - ExpiredContainerReplicaOpScrubber is interrupted, exit
2023-10-17 18:43:23,935 [Time-limited test] INFO  ExpiredContainerReplicaOpScrubber (BackgroundSCMService.java:stop(131)) - Stopping ExpiredContainerReplicaOpScrubber Service.
2023-10-17 18:43:23,935 [Time-limited test] INFO  utils.BackgroundService (BackgroundService.java:shutdown(160)) - Shutting down service SCMBlockDeletingService
2023-10-17 18:43:23,935 [Time-limited test] INFO  replication.ReplicationManager (ReplicationManager.java:stop(333)) - Replication Monitor Thread is not running.
2023-10-17 18:43:23,935 [Time-limited test] WARN  balancer.ContainerBalancer (ContainerBalancer.java:stop(326)) - Cannot stop Container Balancer because it's not running or stopping
2023-10-17 18:43:23,935 [Time-limited test] INFO  server.StorageContainerManager (StorageContainerManager.java:stop(1724)) - Stopping SCM MetadataStore.
2023-10-17 18:43:23,947 [Time-limited test] INFO  db.CodecTestUtil (CodecTestUtil.java:gc(47)) - gc 0
]]></system-out>
  </testcase>
  <testcase name="testSCMReinitialization" classname="org.apache.hadoop.ozone.scm.TestStorageContainerManager" time="17.467">
    <system-out><![CDATA[2023-10-17 18:43:24,297 [Time-limited test] WARN  server.ServerUtils (ServerUtils.java:getScmDbDir(155)) - ozone.scm.db.dirs is not configured. We recommend adding this setting. Falling back to ozone.metadata.dirs instead.
2023-10-17 18:43:24,299 [Time-limited test] WARN  server.ServerUtils (ServerUtils.java:getScmDbDir(155)) - ozone.scm.db.dirs is not configured. We recommend adding this setting. Falling back to ozone.metadata.dirs instead.
2023-10-17 18:43:24,300 [Time-limited test] INFO  ha.SCMHANodeDetails (SCMHANodeDetails.java:loadSCMHAConfig(210)) - ServiceID for StorageContainerManager is null
2023-10-17 18:43:24,300 [Time-limited test] WARN  ha.SCMHANodeDetails (SCMHANodeDetails.java:validateSCMHAConfig(183)) - Invalid config ozone.scm.ratis.enable. The config was not specified, but the default value true conflicts with the expected config value false. Falling back to the expected value. Current State of SCM: SCM is running in Non-HA without Ratis Ratis SCM -> Non Ratis SCM or Non HA SCM -> HA SCM is not supported
2023-10-17 18:43:24,300 [Time-limited test] INFO  ha.SCMHANodeDetails (SCMHANodeDetails.java:loadSCMHAConfig(215)) - ozone.scm.default.service.id is not defined, falling back to ozone.scm.service.ids to find serviceID for StorageContainerManager if it is HA enabled cluster
2023-10-17 18:43:24,300 [Time-limited test] WARN  utils.HAUtils (HAUtils.java:getMetaDir(339)) - ozone.scm.db.dirs is not configured. We recommend adding this setting. Falling back to ozone.metadata.dirs instead.
2023-10-17 18:43:24,301 [Time-limited test] WARN  db.DBStoreBuilder (DBStoreBuilder.java:applyDBDefinition(167)) - ozone.scm.db.dirs is not configured. We recommend adding this setting. Falling back to ozone.metadata.dirs instead.
2023-10-17 18:43:24,402 [Time-limited test] INFO  net.NodeSchemaLoader (NodeSchemaLoader.java:loadSchemaFromFile(129)) - Loading schema from [jar:file:/home/runner/.m2/repository/org/apache/ozone/hdds-common/1.4.0-SNAPSHOT/hdds-common-1.4.0-SNAPSHOT.jar!/network-topology-default.xml]
2023-10-17 18:43:24,402 [Time-limited test] INFO  net.NodeSchemaLoader (NodeSchemaLoader.java:loadSchema(176)) - Loading network topology layer schema file
2023-10-17 18:43:24,404 [Time-limited test] INFO  upgrade.AbstractLayoutVersionManager (AbstractLayoutVersionManager.java:init(83)) - Initializing Layout version manager with metadata layout = HADOOP_PRC_PORTS_IN_DATANODEDETAILS (version = 7), software layout = HADOOP_PRC_PORTS_IN_DATANODEDETAILS (version = 7)
2023-10-17 18:43:24,405 [Time-limited test] INFO  ha.SequenceIdGenerator (SequenceIdGenerator.java:upgradeToSequenceId(365)) - upgrade localId to 111677748019200000
2023-10-17 18:43:24,406 [Time-limited test] INFO  ha.SequenceIdGenerator (SequenceIdGenerator.java:upgradeToSequenceId(375)) - upgrade delTxnId to 0
2023-10-17 18:43:24,407 [Time-limited test] INFO  ha.SequenceIdGenerator (SequenceIdGenerator.java:upgradeToSequenceId(392)) - upgrade containerId to 0
2023-10-17 18:43:24,407 [Time-limited test] INFO  ha.SequenceIdGenerator (SequenceIdGenerator.java:upgradeToSequenceId(428)) - upgrade rootCertificateId to 1
2023-10-17 18:43:24,407 [Time-limited test] INFO  ha.SequenceIdGenerator (SequenceIdGenerator.java:<init>(236)) - Init the HA SequenceIdGenerator.
2023-10-17 18:43:24,408 [Time-limited test] WARN  server.ServerUtils (ServerUtils.java:sanitizeUserArgs(80)) - ozone.scm.stale.node.interval value = 300000 is larger than max = 100000 based on the key value of ozone.scm.heartbeat.thread.interval, reset to the max value 100000.
2023-10-17 18:43:24,408 [Time-limited test] WARN  server.ServerUtils (ServerUtils.java:sanitizeUserArgs(80)) - ozone.scm.stale.node.interval value = 300000 is larger than max = 100000 based on the key value of ozone.scm.heartbeat.thread.interval, reset to the max value 100000.
2023-10-17 18:43:24,408 [Time-limited test] INFO  node.SCMNodeManager (SCMNodeManager.java:<init>(157)) - Entering startup safe mode.
2023-10-17 18:43:24,409 [Time-limited test] INFO  algorithms.ContainerPlacementPolicyFactory (ContainerPlacementPolicyFactory.java:getPolicyInternal(86)) - Create container placement policy of type org.apache.hadoop.hdds.scm.container.placement.algorithms.SCMContainerPlacementRackAware
2023-10-17 18:43:24,409 [Time-limited test] INFO  algorithms.ContainerPlacementPolicyFactory (ContainerPlacementPolicyFactory.java:getPolicyInternal(86)) - Create container placement policy of type org.apache.hadoop.hdds.scm.container.placement.algorithms.SCMContainerPlacementRackScatter
2023-10-17 18:43:24,409 [Time-limited test] INFO  pipeline.PipelineStateManagerImpl (PipelineStateManagerImpl.java:initialize(78)) - No pipeline exists in current db
2023-10-17 18:43:24,409 [Time-limited test] INFO  algorithms.LeaderChoosePolicyFactory (LeaderChoosePolicyFactory.java:getPolicy(57)) - Create leader choose policy of type org.apache.hadoop.hdds.scm.pipeline.leader.choose.algorithms.MinLeaderCountChoosePolicy
2023-10-17 18:43:24,409 [Time-limited test] INFO  algorithms.ContainerPlacementPolicyFactory (ContainerPlacementPolicyFactory.java:getPolicyInternal(86)) - Create container placement policy of type org.apache.hadoop.hdds.scm.container.placement.algorithms.SCMContainerPlacementRackScatter
2023-10-17 18:43:24,410 [Time-limited test] INFO  ha.SCMServiceManager (SCMServiceManager.java:register(42)) - Registering service BackgroundPipelineCreator.
2023-10-17 18:43:24,410 [Time-limited test] INFO  pipeline.BackgroundPipelineCreator (BackgroundPipelineCreator.java:start(124)) - Starting RatisPipelineUtilsThread.
2023-10-17 18:43:24,410 [Time-limited test] INFO  BackgroundPipelineScrubber (BackgroundSCMService.java:start(68)) - Starting BackgroundPipelineScrubber Service.
2023-10-17 18:43:24,411 [Time-limited test] INFO  ha.SCMServiceManager (SCMServiceManager.java:register(42)) - Registering service BackgroundPipelineScrubber.
2023-10-17 18:43:24,411 [Time-limited test] INFO  ExpiredContainerReplicaOpScrubber (BackgroundSCMService.java:start(68)) - Starting ExpiredContainerReplicaOpScrubber Service.
2023-10-17 18:43:24,411 [Time-limited test] INFO  ha.SCMServiceManager (SCMServiceManager.java:register(42)) - Registering service ExpiredContainerReplicaOpScrubber.
2023-10-17 18:43:24,412 [Time-limited test] INFO  algorithms.PipelineChoosePolicyFactory (PipelineChoosePolicyFactory.java:createPipelineChoosePolicyFromClass(78)) - Create pipeline choose policy of type org.apache.hadoop.hdds.scm.pipeline.choose.algorithms.RandomPipelineChoosePolicy
2023-10-17 18:43:24,412 [Time-limited test] INFO  algorithms.PipelineChoosePolicyFactory (PipelineChoosePolicyFactory.java:createPipelineChoosePolicyFromClass(78)) - Create pipeline choose policy of type org.apache.hadoop.hdds.scm.pipeline.choose.algorithms.RandomPipelineChoosePolicy
2023-10-17 18:43:24,413 [Time-limited test] INFO  ha.SCMServiceManager (SCMServiceManager.java:register(42)) - Registering service SCMBlockDeletingService.
2023-10-17 18:43:24,413 [Time-limited test] INFO  replication.ReplicationManager (ReplicationManager.java:start(291)) - Starting Replication Monitor Thread.
2023-10-17 18:43:24,415 [Time-limited test] INFO  ha.SCMServiceManager (SCMServiceManager.java:register(42)) - Registering service ReplicationManager.
2023-10-17 18:43:24,416 [Time-limited test] INFO  safemode.ContainerSafeModeRule (ContainerSafeModeRule.java:<init>(90)) - containers with one replica threshold count 0
2023-10-17 18:43:24,416 [Time-limited test] INFO  safemode.HealthyPipelineSafeModeRule (HealthyPipelineSafeModeRule.java:initializeRule(169)) - Total pipeline count is 0, healthy pipeline threshold count is 1
2023-10-17 18:43:24,416 [Time-limited test] INFO  safemode.OneReplicaPipelineSafeModeRule (OneReplicaPipelineSafeModeRule.java:initializeRule(180)) - Total pipeline count is 0, pipeline's with at least one datanode reported threshold count is 0
2023-10-17 18:43:24,416 [ReplicationMonitor] INFO  replication.ReplicationManager (ReplicationManager.java:processAll(365)) - Replication Manager is not ready to run until 3000ms after safemode exit
2023-10-17 18:43:24,419 [Time-limited test] INFO  server.StorageContainerManager (StorageContainerManager.java:<init>(427)) - SCM start with adminUsers: [runner]
2023-10-17 18:43:24,419 [Time-limited test] INFO  ipc.CallQueueManager (CallQueueManager.java:<init>(90)) - Using callQueue: class java.util.concurrent.LinkedBlockingQueue, queueCapacity: 2000, scheduler: class org.apache.hadoop.ipc.DefaultRpcScheduler, ipcBackoff: false.
2023-10-17 18:43:24,419 [Time-limited test] INFO  ipc.Server (Server.java:<init>(1287)) - Listener at 0.0.0.0:15054
2023-10-17 18:43:24,420 [Socket Reader #1 for port 15054] INFO  ipc.Server (Server.java:run(1323)) - Starting Socket Reader #1 for port 15054
2023-10-17 18:43:24,421 [Time-limited test] INFO  ipc.CallQueueManager (CallQueueManager.java:<init>(90)) - Using callQueue: class java.util.concurrent.LinkedBlockingQueue, queueCapacity: 2000, scheduler: class org.apache.hadoop.ipc.DefaultRpcScheduler, ipcBackoff: false.
2023-10-17 18:43:24,421 [Time-limited test] INFO  ipc.Server (Server.java:<init>(1287)) - Listener at 0.0.0.0:15053
2023-10-17 18:43:24,421 [Socket Reader #1 for port 15053] INFO  ipc.Server (Server.java:run(1323)) - Starting Socket Reader #1 for port 15053
2023-10-17 18:43:24,422 [Time-limited test] INFO  ipc.CallQueueManager (CallQueueManager.java:<init>(90)) - Using callQueue: class java.util.concurrent.LinkedBlockingQueue, queueCapacity: 2000, scheduler: class org.apache.hadoop.ipc.DefaultRpcScheduler, ipcBackoff: false.
2023-10-17 18:43:24,422 [Time-limited test] INFO  ipc.Server (Server.java:<init>(1287)) - Listener at 0.0.0.0:15052
2023-10-17 18:43:24,423 [Socket Reader #1 for port 15052] INFO  ipc.Server (Server.java:run(1323)) - Starting Socket Reader #1 for port 15052
2023-10-17 18:43:24,428 [Time-limited test] INFO  ha.SCMServiceManager (SCMServiceManager.java:register(42)) - Registering service ContainerBalancer.
2023-10-17 18:43:24,428 [Time-limited test] INFO  server.StorageContainerManager (StorageContainerManager.java:<init>(440)) - 
Container Balancer status:
Key                            Value
Running                        false
Container Balancer Configuration values:
Key                                                Value
Threshold                                          10
Max Datanodes to Involve per Iteration(percent)    20
Max Size to Move per Iteration                     500GB
Max Size Entering Target per Iteration             26GB
Max Size Leaving Source per Iteration              26GB
Number of Iterations                               10
Time Limit for Single Container's Movement         65min
Time Limit for Single Container's Replication      50min
Interval between each Iteration                    70min
Whether to Enable Network Topology                 false
Whether to Trigger Refresh Datanode Usage Info     false
Container IDs to Exclude from Balancing            None
Datanodes Specified to be Balanced                 None
Datanodes Excluded from Balancing                  None

2023-10-17 18:43:24,428 [Time-limited test] INFO  ha.SCMContext (SCMContext.java:updateSafeModeStatus(230)) - Update SafeModeStatus from SafeModeStatus{safeModeStatus=true, preCheckPassed=false} to SafeModeStatus{safeModeStatus=true, preCheckPassed=false}.
2023-10-17 18:43:24,428 [Time-limited test] INFO  server.StorageContainerManager (StorageContainerManager.java:start(1492)) - StorageContainerLocationProtocol RPC server is listening at /0.0.0.0:15052
2023-10-17 18:43:24,430 [Time-limited test] WARN  impl.MetricsConfig (MetricsConfig.java:loadFirst(136)) - Cannot locate configuration: tried hadoop-metrics2-storagecontainermanager.properties,hadoop-metrics2.properties
2023-10-17 18:43:24,431 [Time-limited test] INFO  impl.MetricsSystemImpl (MetricsSystemImpl.java:startTimer(378)) - Scheduled Metric snapshot period at 10 second(s).
2023-10-17 18:43:24,431 [Time-limited test] INFO  impl.MetricsSystemImpl (MetricsSystemImpl.java:start(191)) - StorageContainerManager metrics system started
2023-10-17 18:43:24,439 [Time-limited test] INFO  impl.MetricsSinkAdapter (MetricsSinkAdapter.java:start(204)) - Sink prometheus started
2023-10-17 18:43:24,439 [Time-limited test] INFO  impl.MetricsSystemImpl (MetricsSystemImpl.java:registerSink(305)) - Registered sink prometheus
2023-10-17 18:43:24,451 [Time-limited test] INFO  server.SCMClientProtocolServer (SCMClientProtocolServer.java:start(201)) - RPC server for Client  is listening at /0.0.0.0:15052
2023-10-17 18:43:24,452 [IPC Server Responder] INFO  ipc.Server (Server.java:run(1562)) - IPC Server Responder: starting
2023-10-17 18:43:24,452 [IPC Server listener on 15052] INFO  ipc.Server (Server.java:run(1402)) - IPC Server listener on 15052: starting
2023-10-17 18:43:24,460 [Time-limited test] INFO  server.StorageContainerManager (StorageContainerManager.java:start(1505)) - ScmBlockLocationProtocol RPC server is listening at /0.0.0.0:15053
2023-10-17 18:43:24,461 [Time-limited test] INFO  server.SCMBlockProtocolServer (SCMBlockProtocolServer.java:start(154)) - RPC server for Block Protocol is listening at /0.0.0.0:15053
2023-10-17 18:43:24,461 [IPC Server Responder] INFO  ipc.Server (Server.java:run(1562)) - IPC Server Responder: starting
2023-10-17 18:43:24,461 [IPC Server listener on 15053] INFO  ipc.Server (Server.java:run(1402)) - IPC Server listener on 15053: starting
2023-10-17 18:43:24,463 [Time-limited test] INFO  server.SCMDatanodeProtocolServer (SCMDatanodeProtocolServer.java:start(193)) - ScmDatanodeProtocol RPC server for DataNodes is listening at /0.0.0.0:15054
2023-10-17 18:43:24,463 [IPC Server Responder] INFO  ipc.Server (Server.java:run(1562)) - IPC Server Responder: starting
2023-10-17 18:43:24,464 [IPC Server listener on 15054] INFO  ipc.Server (Server.java:run(1402)) - IPC Server listener on 15054: starting
2023-10-17 18:43:24,466 [JvmPauseMonitor8] INFO  util.JvmPauseMonitor (JvmPauseMonitor.java:run(103)) - JvmPauseMonitor-be496ea1-291a-4008-b170-5063c6cb634d: Started
2023-10-17 18:43:24,468 [Time-limited test] INFO  http.BaseHttpServer (BaseHttpServer.java:newHttpServer2BuilderForOzone(223)) - Starting Web-server for scm at: http://0.0.0.0:15055
2023-10-17 18:43:24,468 [Time-limited test] INFO  http.BaseHttpServer (BaseHttpServer.java:<init>(110)) - Hadoop Security Enabled: false Ozone Security Enabled: false Ozone HTTP Security Enabled: false 
2023-10-17 18:43:24,469 [Time-limited test] WARN  server.AuthenticationFilter (AuthenticationFilter.java:constructSecretProvider(240)) - Unable to initialize FileSignerSecretProvider, falling back to use random secrets. Reason: Could not read signature secret file: /home/runner/hadoop-http-auth-signature-secret
2023-10-17 18:43:24,470 [Time-limited test] INFO  http.HttpRequestLog (HttpRequestLog.java:getRequestLog(86)) - Http request log for http.requests.scm is not defined
2023-10-17 18:43:24,473 [Time-limited test] INFO  http.HttpServer2 (HttpServer2.java:addGlobalFilter(1031)) - Added global filter 'safety' (class=org.apache.hadoop.hdds.server.http.HttpServer2$QuotingInputFilter)
2023-10-17 18:43:24,474 [Time-limited test] INFO  http.HttpServer2 (HttpServer2.java:addFilter(1007)) - Added filter static_user_filter (class=org.apache.hadoop.http.lib.StaticUserWebFilter$StaticUserFilter) to context scm
2023-10-17 18:43:24,474 [Time-limited test] INFO  http.HttpServer2 (HttpServer2.java:addFilter(1015)) - Added filter static_user_filter (class=org.apache.hadoop.http.lib.StaticUserWebFilter$StaticUserFilter) to context static
2023-10-17 18:43:24,474 [Time-limited test] INFO  http.HttpServer2 (HttpServer2.java:addFilter(1015)) - Added filter static_user_filter (class=org.apache.hadoop.http.lib.StaticUserWebFilter$StaticUserFilter) to context logs
2023-10-17 18:43:24,476 [Time-limited test] INFO  http.BaseHttpServer (BaseHttpServer.java:<init>(189)) - HTTP server of scm uses base directory /home/runner/work/ozone/ozone/hadoop-ozone/integration-test/target/test-dir/MiniOzoneClusterImpl-6deba204-2b0e-4ddb-90bc-390c46dd618c/ozone-meta/webserver
2023-10-17 18:43:24,476 [Time-limited test] INFO  http.HttpServer2 (HttpServer2.java:bindListener(1231)) - Jetty bound to port 15055
2023-10-17 18:43:24,476 [Time-limited test] INFO  server.Server (Server.java:doStart(375)) - jetty-9.4.53.v20231009; built: 2023-10-09T12:29:09.265Z; git: 27bde00a0b95a1d5bbee0eae7984f891d2d0f8c9; jvm 1.8.0_382-b05
2023-10-17 18:43:24,477 [Time-limited test] INFO  server.session (DefaultSessionIdManager.java:doStart(334)) - DefaultSessionIdManager workerName=node0
2023-10-17 18:43:24,477 [Time-limited test] INFO  server.session (DefaultSessionIdManager.java:doStart(339)) - No SessionScavenger set, using defaults
2023-10-17 18:43:24,478 [Time-limited test] INFO  server.session (HouseKeeper.java:startScavenging(132)) - node0 Scavenging every 660000ms
2023-10-17 18:43:24,479 [Time-limited test] INFO  handler.ContextHandler (ContextHandler.java:doStart(921)) - Started o.e.j.s.ServletContextHandler@f33f016{logs,/logs,file:///home/runner/work/ozone/ozone/hadoop-ozone/integration-test/target/log,AVAILABLE}
2023-10-17 18:43:24,479 [Time-limited test] INFO  handler.ContextHandler (ContextHandler.java:doStart(921)) - Started o.e.j.s.ServletContextHandler@34a9657b{static,/static,file:///home/runner/work/ozone/ozone/hadoop-ozone/integration-test/target/test-classes/webapps/static,AVAILABLE}
2023-10-17 18:43:24,482 [Time-limited test] INFO  handler.ContextHandler (ContextHandler.java:doStart(921)) - Started o.e.j.w.WebAppContext@75c4b006{scm,/,file:///home/runner/work/ozone/ozone/hadoop-ozone/integration-test/target/test-classes/webapps/scm/,AVAILABLE}{file:/home/runner/work/ozone/ozone/hadoop-ozone/integration-test/target/test-classes/webapps/scm}
2023-10-17 18:43:24,482 [Time-limited test] INFO  server.AbstractConnector (AbstractConnector.java:doStart(333)) - Started ServerConnector@1e6152c{HTTP/1.1, (http/1.1)}{0.0.0.0:15055}
2023-10-17 18:43:24,483 [Time-limited test] INFO  server.Server (Server.java:doStart(415)) - Started @65197ms
2023-10-17 18:43:24,483 [Time-limited test] WARN  impl.MetricsSystemImpl (MetricsSystemImpl.java:register(279)) - Sink prometheus already exists!
2023-10-17 18:43:24,483 [Time-limited test] INFO  http.BaseHttpServer (BaseHttpServer.java:updateConnectorAddress(354)) - HTTP server of scm listening at http://0.0.0.0:15055
2023-10-17 18:43:24,483 [Time-limited test] WARN  server.ServerUtils (ServerUtils.java:getDBPath(311)) - ozone.om.db.dirs is not configured. We recommend adding this setting. Falling back to ozone.metadata.dirs instead.
2023-10-17 18:43:24,486 [Time-limited test] INFO  ha.OMHANodeDetails (OMHANodeDetails.java:loadOMHAConfig(115)) - ozone.om.internal.service.id is not defined, falling back to ozone.om.service.ids to find serviceID for OzoneManager if it is HA enabled cluster
2023-10-17 18:43:24,486 [Time-limited test] INFO  ha.OMHANodeDetails (OMHANodeDetails.java:loadOMHAConfig(226)) - Configuration does not have ozone.om.address set. Falling back to the default OM address /127.0.0.1:15056
2023-10-17 18:43:24,486 [Time-limited test] INFO  ha.OMHANodeDetails (OMHANodeDetails.java:getOMNodeDetailsForNonHA(254)) - OM Service ID is not set. Setting it to the default ID: omServiceIdDefault
2023-10-17 18:43:24,486 [Time-limited test] INFO  ha.OMHANodeDetails (OMHANodeDetails.java:getOMNodeDetailsForNonHA(261)) - OM Node ID is not set. Setting it to the default ID: om1
2023-10-17 18:43:24,486 [Time-limited test] WARN  server.ServerUtils (ServerUtils.java:getDBPath(311)) - ozone.om.db.dirs is not configured. We recommend adding this setting. Falling back to ozone.metadata.dirs instead.
2023-10-17 18:43:24,487 [Time-limited test] INFO  upgrade.AbstractLayoutVersionManager (AbstractLayoutVersionManager.java:init(83)) - Initializing Layout version manager with metadata layout = QUOTA (version = 6), software layout = QUOTA (version = 6)
2023-10-17 18:43:24,555 [Time-limited test] INFO  reflections.Reflections (Reflections.java:scan(232)) - Reflections took 67 ms to scan 2 urls, producing 190 keys and 532 values [using 2 cores]
2023-10-17 18:43:24,555 [Time-limited test] INFO  upgrade.OMLayoutVersionManager (OMLayoutVersionManager.java:lambda$0(115)) - Skipping Upgrade Action MockOmUpgradeAction since it has been finalized.
2023-10-17 18:43:24,555 [Time-limited test] INFO  upgrade.OMLayoutVersionManager (OMLayoutVersionManager.java:lambda$0(115)) - Skipping Upgrade Action QuotaRepairUpgradeAction since it has been finalized.
2023-10-17 18:43:24,556 [Time-limited test] WARN  server.ServerUtils (ServerUtils.java:getDBPath(311)) - ozone.om.db.dirs is not configured. We recommend adding this setting. Falling back to ozone.metadata.dirs instead.
2023-10-17 18:43:24,557 [Time-limited test] INFO  proxy.SCMBlockLocationFailoverProxyProvider (SCMBlockLocationFailoverProxyProvider.java:<init>(114)) - Created block location fail-over proxy with 1 nodes: [nodeId=scmNodeId,nodeAddress=/0.0.0.0:15053]
2023-10-17 18:43:24,558 [Time-limited test] INFO  proxy.SCMBlockLocationFailoverProxyProvider (SCMBlockLocationFailoverProxyProvider.java:<init>(114)) - Created block location fail-over proxy with 1 nodes: [nodeId=scmNodeId,nodeAddress=/0.0.0.0:15053]
2023-10-17 18:43:24,570 [Time-limited test] INFO  om.OzoneManager (OzoneManager.java:<init>(671)) - OM start with adminUsers: [runner]
2023-10-17 18:43:24,571 [Time-limited test] WARN  server.ServerUtils (ServerUtils.java:getDBPath(311)) - ozone.om.db.dirs is not configured. We recommend adding this setting. Falling back to ozone.metadata.dirs instead.
2023-10-17 18:43:24,572 [Time-limited test] INFO  helpers.OmKeyInfo (OmKeyInfo.java:getCodec(71)) - OmKeyInfo.getCodec ignorePipeline = true
2023-10-17 18:43:24,778 [Time-limited test] INFO  om.OzoneManager (OzoneManager.java:instantiateServices(800)) - S3 Multi-Tenancy is disabled
2023-10-17 18:43:24,779 [Time-limited test] INFO  om.OmSnapshotManager (OmSnapshotManager.java:<init>(174)) - Ozone filesystem snapshot feature is enabled.
2023-10-17 18:43:24,779 [Time-limited test] WARN  server.ServerUtils (ServerUtils.java:getDBPath(311)) - ozone.om.snapshot.diff.db.dir is not configured. We recommend adding this setting. Falling back to ozone.metadata.dirs instead.
2023-10-17 18:43:24,808 [Time-limited test] INFO  snapshot.SnapshotDiffManager (SnapshotDiffManager.java:closeExecutorService(1720)) - Shutting down executorService: 'SstDumpToolExecutor'
2023-10-17 18:43:24,811 [Time-limited test] INFO  om.OzoneManager (OzoneManager.java:addS3GVolumeToDB(4376)) - Created Volume s3v With Owner runner required for S3Gateway operations.
2023-10-17 18:43:24,811 [Time-limited test] WARN  server.ServerUtils (ServerUtils.java:getDefaultRatisDirectory(323)) - Storage directory for Ratis is not configured. It is a good idea to map this to an SSD disk. Falling back to ozone.metadata.dirs
2023-10-17 18:43:24,812 [Time-limited test] WARN  utils.OzoneManagerRatisUtils (OzoneManagerRatisUtils.java:getOMRatisSnapshotDirectory(470)) - ozone.om.ratis.snapshot.dir is not configured. Falling back to ozone.metadata.dirs config
2023-10-17 18:43:24,813 [Time-limited test] WARN  server.ServerUtils (ServerUtils.java:getDefaultRatisDirectory(323)) - Storage directory for Ratis is not configured. It is a good idea to map this to an SSD disk. Falling back to ozone.metadata.dirs
2023-10-17 18:43:24,814 [Time-limited test] INFO  ratis.OzoneManagerRatisServer (OzoneManagerRatisServer.java:<init>(164)) - Instantiating OM Ratis server with groupID: omServiceIdDefault and peers: localhost:15059
2023-10-17 18:43:24,815 [Time-limited test] INFO  ratis.OzoneManagerStateMachine (OzoneManagerStateMachine.java:loadSnapshotInfoFromDB(691)) - LastAppliedIndex is set from TransactionInfo from OM DB as (t:0, i:~)
2023-10-17 18:43:24,816 [Time-limited test] INFO  server.RaftServer (ConfUtils.java:logGet(46)) - raft.rpc.type = GRPC (default)
2023-10-17 18:43:24,816 [Time-limited test] INFO  grpc.GrpcConfigKeys (ConfUtils.java:logFallback(53)) - raft.grpc.admin.host = null (fallback to raft.grpc.server.host)
2023-10-17 18:43:24,816 [Time-limited test] INFO  grpc.GrpcConfigKeys (ConfUtils.java:logFallback(53)) - raft.grpc.admin.port = 15059 (fallback to raft.grpc.server.port)
2023-10-17 18:43:24,816 [Time-limited test] INFO  grpc.GrpcConfigKeys (ConfUtils.java:logFallback(53)) - raft.grpc.client.host = null (fallback to raft.grpc.server.host)
2023-10-17 18:43:24,816 [Time-limited test] INFO  grpc.GrpcConfigKeys (ConfUtils.java:logFallback(53)) - raft.grpc.client.port = 15059 (fallback to raft.grpc.server.port)
2023-10-17 18:43:24,816 [Time-limited test] INFO  grpc.GrpcConfigKeys (ConfUtils.java:logGet(46)) - raft.grpc.server.host = null (default)
2023-10-17 18:43:24,816 [Time-limited test] INFO  grpc.GrpcConfigKeys (ConfUtils.java:logGet(46)) - raft.grpc.server.port = 15059 (custom)
2023-10-17 18:43:24,816 [Time-limited test] INFO  server.GrpcService (ConfUtils.java:logGet(46)) - raft.grpc.message.size.max = 33554432 (custom)
2023-10-17 18:43:24,816 [Time-limited test] INFO  server.RaftServerConfigKeys (ConfUtils.java:logGet(46)) - raft.server.log.appender.buffer.byte-limit = 33554432 (custom)
2023-10-17 18:43:24,816 [Time-limited test] INFO  server.GrpcService (ConfUtils.java:logGet(46)) - raft.grpc.flow.control.window = 1MB (=1048576) (default)
2023-10-17 18:43:24,816 [Time-limited test] INFO  server.RaftServerConfigKeys (ConfUtils.java:logGet(46)) - raft.server.rpc.request.timeout = 3000ms (default)
2023-10-17 18:43:24,817 [Time-limited test] INFO  grpc.GrpcConfigKeys (ConfUtils.java:logGet(46)) - raft.grpc.server.heartbeat.channel = true (default)
2023-10-17 18:43:24,817 [Time-limited test] INFO  grpc.GrpcConfigKeys (ConfUtils.java:logGet(46)) - raft.grpc.server.async.request.thread.pool.cached = true (default)
2023-10-17 18:43:24,817 [Time-limited test] INFO  grpc.GrpcConfigKeys (ConfUtils.java:logGet(46)) - raft.grpc.server.async.request.thread.pool.size = 32 (default)
2023-10-17 18:43:24,819 [Time-limited test] INFO  impl.DataStreamServerImpl (ConfUtils.java:logGet(46)) - raft.datastream.type = DISABLED (default)
2023-10-17 18:43:24,819 [Time-limited test] INFO  server.RaftServerConfigKeys (ConfUtils.java:logGet(46)) - raft.server.threadpool.proxy.cached = true (default)
2023-10-17 18:43:24,819 [Time-limited test] INFO  server.RaftServerConfigKeys (ConfUtils.java:logGet(46)) - raft.server.threadpool.proxy.size = 0 (default)
2023-10-17 18:43:24,819 [Time-limited test] INFO  server.RaftServerConfigKeys (ConfUtils.java:logGet(46)) - raft.server.rpc.slowness.timeout = 120s (custom)
2023-10-17 18:43:24,819 [Time-limited test] INFO  server.RaftServerConfigKeys (ConfUtils.java:logGet(46)) - raft.server.leaderelection.leader.step-down.wait-time = 10s (default)
2023-10-17 18:43:24,820 [Time-limited test] INFO  server.RaftServerConfigKeys (ConfUtils.java:logGet(46)) - raft.server.storage.dir = [/home/runner/work/ozone/ozone/hadoop-ozone/integration-test/target/test-dir/MiniOzoneClusterImpl-6deba204-2b0e-4ddb-90bc-390c46dd618c/ozone-meta/ratis] (custom)
2023-10-17 18:43:24,826 [Time-limited test] INFO  server.RaftServer (RaftServerProxy.java:addNew(98)) - om1: addNew group-C5BA1605619E:[om1|rpc:localhost:15059|priority:0|startupRole:FOLLOWER] returns group-C5BA1605619E:java.util.concurrent.CompletableFuture@202d4a5e[Not completed]
2023-10-17 18:43:24,826 [Time-limited test] INFO  om.OzoneManager (OzoneManager.java:initializeRatisServer(2147)) - OzoneManager Ratis server initialized at port 15059
2023-10-17 18:43:24,826 [om1-groupManagement] INFO  server.RaftServer$Division (RaftServerImpl.java:<init>(198)) - om1: new RaftServerImpl for group-C5BA1605619E:[om1|rpc:localhost:15059|priority:0|startupRole:FOLLOWER] with OzoneManagerStateMachine:uninitialized
2023-10-17 18:43:24,826 [Time-limited test] INFO  om.OzoneManager (OzoneManager.java:getRpcServer(1202)) - Creating RPC Server
2023-10-17 18:43:24,826 [om1-groupManagement] INFO  server.RaftServerConfigKeys (ConfUtils.java:logGet(46)) - raft.server.rpc.timeout.min = 1s (custom)
2023-10-17 18:43:24,827 [om1-groupManagement] INFO  server.RaftServerConfigKeys (ConfUtils.java:logGet(46)) - raft.server.rpc.timeout.max = 1200ms (custom)
2023-10-17 18:43:24,827 [om1-groupManagement] INFO  server.RaftServerConfigKeys (ConfUtils.java:logGet(46)) - raft.server.rpc.sleep.time = 25ms (default)
2023-10-17 18:43:24,827 [om1-groupManagement] INFO  server.RaftServerConfigKeys (ConfUtils.java:logGet(46)) - raft.server.rpc.slowness.timeout = 120s (custom)
2023-10-17 18:43:24,827 [om1-groupManagement] INFO  server.RaftServerConfigKeys (ConfUtils.java:logGet(46)) - raft.server.leaderelection.leader.step-down.wait-time = 10s (default)
2023-10-17 18:43:24,827 [om1-groupManagement] INFO  server.RaftServerConfigKeys (ConfUtils.java:logGet(46)) - raft.server.sleep.deviation.threshold = 300ms (default)
2023-10-17 18:43:24,827 [om1-groupManagement] INFO  server.RaftServer$Division (ServerState.java:<init>(120)) - om1@group-C5BA1605619E: ConfigurationManager, init=-1: peers:[om1|rpc:localhost:15059|priority:0|startupRole:FOLLOWER]|listeners:[], old=null, confs=<EMPTY_MAP>
2023-10-17 18:43:24,835 [om1-groupManagement] INFO  server.RaftServerConfigKeys (ConfUtils.java:logGet(46)) - raft.server.storage.dir = [/home/runner/work/ozone/ozone/hadoop-ozone/integration-test/target/test-dir/MiniOzoneClusterImpl-6deba204-2b0e-4ddb-90bc-390c46dd618c/ozone-meta/ratis] (custom)
2023-10-17 18:43:24,835 [om1-groupManagement] INFO  server.RaftServerConfigKeys (ConfUtils.java:logGet(46)) - raft.server.log.corruption.policy = EXCEPTION (default)
2023-10-17 18:43:24,835 [om1-groupManagement] INFO  server.RaftServerConfigKeys (ConfUtils.java:logGet(46)) - raft.server.storage.free-space.min = 0MB (=0) (default)
2023-10-17 18:43:24,835 [om1-groupManagement] INFO  server.RaftServerConfigKeys (ConfUtils.java:logGet(46)) - raft.server.notification.no-leader.timeout = 120s (custom)
2023-10-17 18:43:24,835 [om1-groupManagement] INFO  server.RaftServerConfigKeys (ConfUtils.java:logGet(46)) - raft.server.read.timeout = 10s (default)
2023-10-17 18:43:24,835 [om1-groupManagement] INFO  server.RaftServerConfigKeys (ConfUtils.java:logGet(46)) - raft.server.retrycache.expirytime = 300s (custom)
2023-10-17 18:43:24,835 [om1-groupManagement] INFO  server.RaftServerConfigKeys (ConfUtils.java:logGet(46)) - raft.server.retrycache.statistics.expirytime = 100μs (default)
2023-10-17 18:43:24,836 [om1-groupManagement] INFO  server.RaftServerConfigKeys (ConfUtils.java:logGet(46)) - raft.server.read.option = DEFAULT (default)
2023-10-17 18:43:24,836 [om1-groupManagement] INFO  server.RaftServerConfigKeys (ConfUtils.java:logGet(46)) - raft.server.rpc.request.timeout = 3000ms (default)
2023-10-17 18:43:24,837 [om1-groupManagement] INFO  server.RaftServerConfigKeys (ConfUtils.java:logGet(46)) - raft.server.log.appender.install.snapshot.enabled = false (custom)
2023-10-17 18:43:24,837 [om1-groupManagement] INFO  server.RaftServerConfigKeys (ConfUtils.java:logGet(46)) - raft.server.threadpool.server.cached = true (default)
2023-10-17 18:43:24,837 [om1-groupManagement] INFO  server.RaftServerConfigKeys (ConfUtils.java:logGet(46)) - raft.server.threadpool.server.size = 0 (default)
2023-10-17 18:43:24,837 [om1-groupManagement] INFO  server.RaftServerConfigKeys (ConfUtils.java:logGet(46)) - raft.server.threadpool.client.cached = true (default)
2023-10-17 18:43:24,842 [om1-groupManagement] INFO  server.RaftServerConfigKeys (ConfUtils.java:logGet(46)) - raft.server.threadpool.client.size = 0 (default)
2023-10-17 18:43:25,261 [Time-limited test] INFO  reflections.Reflections (Reflections.java:scan(232)) - Reflections took 433 ms to scan 20 urls, producing 71 keys and 6047 values [using 2 cores]
2023-10-17 18:43:25,263 [Time-limited test] INFO  ipc.CallQueueManager (CallQueueManager.java:<init>(90)) - Using callQueue: class java.util.concurrent.LinkedBlockingQueue, queueCapacity: 2000, scheduler: class org.apache.hadoop.ipc.DefaultRpcScheduler, ipcBackoff: false.
2023-10-17 18:43:25,263 [Time-limited test] INFO  ipc.Server (Server.java:<init>(1287)) - Listener at 127.0.0.1:15056
2023-10-17 18:43:25,263 [Socket Reader #1 for port 15056] INFO  ipc.Server (Server.java:run(1323)) - Starting Socket Reader #1 for port 15056
2023-10-17 18:43:25,282 [Time-limited test] INFO  impl.MetricsSystemImpl (MetricsSystemImpl.java:init(158)) - OzoneManager metrics system started (again)
2023-10-17 18:43:25,298 [Time-limited test] INFO  om.OzoneManager (OzoneManager.java:start(1635)) - OzoneManager RPC server is listening at localhost/127.0.0.1:15056
2023-10-17 18:43:25,298 [Time-limited test] INFO  ratis.OzoneManagerRatisServer (OzoneManagerRatisServer.java:start(559)) - Starting OzoneManagerRatisServer om1 at port 15059
2023-10-17 18:43:25,298 [om1-impl-thread1] INFO  storage.RaftStorageDirectory (RaftStorageDirectoryImpl.java:analyzeStorage(137)) - The storage directory /home/runner/work/ozone/ozone/hadoop-ozone/integration-test/target/test-dir/MiniOzoneClusterImpl-6deba204-2b0e-4ddb-90bc-390c46dd618c/ozone-meta/ratis/bf265839-605b-3f16-9796-c5ba1605619e does not exist. Creating ...
2023-10-17 18:43:25,300 [om1-impl-thread1] INFO  storage.RaftStorageDirectory (RaftStorageDirectoryImpl.java:tryLock(231)) - Lock on /home/runner/work/ozone/ozone/hadoop-ozone/integration-test/target/test-dir/MiniOzoneClusterImpl-6deba204-2b0e-4ddb-90bc-390c46dd618c/ozone-meta/ratis/bf265839-605b-3f16-9796-c5ba1605619e/in_use.lock acquired by nodename 31914@fv-az189-115
2023-10-17 18:43:25,301 [om1-impl-thread1] INFO  storage.RaftStorage (RaftStorageImpl.java:format(96)) - Storage directory /home/runner/work/ozone/ozone/hadoop-ozone/integration-test/target/test-dir/MiniOzoneClusterImpl-6deba204-2b0e-4ddb-90bc-390c46dd618c/ozone-meta/ratis/bf265839-605b-3f16-9796-c5ba1605619e has been successfully formatted.
2023-10-17 18:43:25,301 [om1-impl-thread1] INFO  server.RaftServerConfigKeys (ConfUtils.java:logGet(46)) - raft.server.log.use.memory = false (default)
2023-10-17 18:43:25,301 [om1-impl-thread1] INFO  server.RaftServerConfigKeys (ConfUtils.java:logGet(46)) - raft.server.log.purge.gap = 1000000 (custom)
2023-10-17 18:43:25,301 [om1-impl-thread1] INFO  server.RaftServerConfigKeys (ConfUtils.java:logGet(46)) - raft.server.log.appender.buffer.byte-limit = 33554432 (custom)
2023-10-17 18:43:25,301 [om1-impl-thread1] INFO  server.RaftServerConfigKeys (ConfUtils.java:logGet(46)) - raft.server.log.statemachine.data.read.timeout = 1000ms (default)
2023-10-17 18:43:25,301 [om1-impl-thread1] INFO  server.RaftServerConfigKeys (ConfUtils.java:logGet(46)) - raft.server.log.purge.preservation.log.num = 0 (default)
2023-10-17 18:43:25,302 [om1-impl-thread1] INFO  server.RaftServerConfigKeys (ConfUtils.java:logGet(46)) - raft.server.log.segment.size.max = 4194304 (custom)
2023-10-17 18:43:25,302 [om1-impl-thread1] INFO  server.RaftServerConfigKeys (ConfUtils.java:logGet(46)) - raft.server.log.segment.cache.num.max = 2 (custom)
2023-10-17 18:43:25,302 [om1-impl-thread1] INFO  server.RaftServerConfigKeys (ConfUtils.java:logGet(46)) - raft.server.log.segment.cache.size.max = 200MB (=209715200) (default)
2023-10-17 18:43:25,302 [om1-impl-thread1] INFO  server.RaftServerConfigKeys (ConfUtils.java:logGet(46)) - raft.server.log.appender.buffer.byte-limit = 33554432 (custom)
2023-10-17 18:43:25,302 [om1-impl-thread1] INFO  segmented.SegmentedRaftLogWorker (SegmentedRaftLogWorker.java:<init>(188)) - new om1@group-C5BA1605619E-SegmentedRaftLogWorker for RaftStorageImpl:Storage Directory /home/runner/work/ozone/ozone/hadoop-ozone/integration-test/target/test-dir/MiniOzoneClusterImpl-6deba204-2b0e-4ddb-90bc-390c46dd618c/ozone-meta/ratis/bf265839-605b-3f16-9796-c5ba1605619e
2023-10-17 18:43:25,302 [om1-impl-thread1] INFO  server.RaftServerConfigKeys (ConfUtils.java:logGet(46)) - raft.server.log.queue.byte-limit = 64MB (=67108864) (default)
2023-10-17 18:43:25,302 [om1-impl-thread1] INFO  server.RaftServerConfigKeys (ConfUtils.java:logGet(46)) - raft.server.log.queue.element-limit = 4096 (default)
2023-10-17 18:43:25,302 [om1-impl-thread1] INFO  server.RaftServerConfigKeys (ConfUtils.java:logGet(46)) - raft.server.log.segment.size.max = 4194304 (custom)
2023-10-17 18:43:25,302 [om1-impl-thread1] INFO  server.RaftServerConfigKeys (ConfUtils.java:logGet(46)) - raft.server.log.preallocated.size = 4194304 (custom)
2023-10-17 18:43:25,302 [om1-impl-thread1] INFO  server.RaftServerConfigKeys (ConfUtils.java:logGet(46)) - raft.server.log.force.sync.num = 128 (default)
2023-10-17 18:43:25,302 [om1-impl-thread1] INFO  server.RaftServerConfigKeys (ConfUtils.java:logGet(46)) - raft.server.log.statemachine.data.sync = true (default)
2023-10-17 18:43:25,302 [om1-impl-thread1] INFO  server.RaftServerConfigKeys (ConfUtils.java:logGet(46)) - raft.server.log.statemachine.data.sync.timeout = 10s (default)
2023-10-17 18:43:25,302 [om1-impl-thread1] INFO  server.RaftServerConfigKeys (ConfUtils.java:logGet(46)) - raft.server.log.statemachine.data.sync.timeout.retry = -1 (default)
2023-10-17 18:43:25,303 [om1-impl-thread1] INFO  server.RaftServerConfigKeys (ConfUtils.java:logGet(46)) - raft.server.log.write.buffer.size = 64KB (=65536) (default)
2023-10-17 18:43:25,303 [om1-impl-thread1] INFO  server.RaftServerConfigKeys (ConfUtils.java:logGet(46)) - raft.server.log.appender.buffer.byte-limit = 33554432 (custom)
2023-10-17 18:43:25,307 [om1-impl-thread1] INFO  server.RaftServerConfigKeys (ConfUtils.java:logGet(46)) - raft.server.log.unsafe-flush.enabled = false (default)
2023-10-17 18:43:25,308 [om1-impl-thread1] INFO  server.RaftServerConfigKeys (ConfUtils.java:logGet(46)) - raft.server.log.async-flush.enabled = false (default)
2023-10-17 18:43:25,308 [om1-impl-thread1] INFO  server.RaftServerConfigKeys (ConfUtils.java:logGet(46)) - raft.server.log.statemachine.data.caching.enabled = false (default)
2023-10-17 18:43:25,308 [om1-impl-thread1] INFO  segmented.SegmentedRaftLogWorker (SegmentedRaftLogWorker.java:lambda$new$0(135)) - om1@group-C5BA1605619E-SegmentedRaftLogWorker: flushIndex: setUnconditionally 0 -> -1
2023-10-17 18:43:25,308 [om1-impl-thread1] INFO  segmented.SegmentedRaftLogWorker (SegmentedRaftLogWorker.java:lambda$new$0(135)) - om1@group-C5BA1605619E-SegmentedRaftLogWorker: safeCacheEvictIndex: setUnconditionally 0 -> -1
2023-10-17 18:43:25,308 [om1-impl-thread1] INFO  server.RaftServer$Division (RaftServerImpl.java:start(342)) - om1@group-C5BA1605619E: start as a follower, conf=-1: peers:[om1|rpc:localhost:15059|priority:0|startupRole:FOLLOWER]|listeners:[], old=null
2023-10-17 18:43:25,308 [om1-impl-thread1] INFO  server.RaftServer$Division (RaftServerImpl.java:setRole(329)) - om1@group-C5BA1605619E: changes role from      null to FOLLOWER at term 0 for startAsFollower
2023-10-17 18:43:25,308 [om1-impl-thread1] INFO  impl.RoleInfo (RoleInfo.java:updateAndGet(139)) - om1: start om1@group-C5BA1605619E-FollowerState
2023-10-17 18:43:25,308 [om1@group-C5BA1605619E-FollowerState] INFO  server.RaftServerConfigKeys (ConfUtils.java:logFallback(53)) - raft.server.rpc.first-election.timeout.min = 1s (fallback to raft.server.rpc.timeout.min)
2023-10-17 18:43:25,309 [om1-impl-thread1] INFO  util.JmxRegister (JmxRegister.java:tryRegister(44)) - Successfully registered JMX Bean with object name Ratis:service=RaftServer,group=group-C5BA1605619E,id=om1
2023-10-17 18:43:25,309 [om1@group-C5BA1605619E-FollowerState] INFO  server.RaftServerConfigKeys (ConfUtils.java:logFallback(53)) - raft.server.rpc.first-election.timeout.max = 1200ms (fallback to raft.server.rpc.timeout.max)
2023-10-17 18:43:25,309 [om1-impl-thread1] INFO  server.RaftServerConfigKeys (ConfUtils.java:logGet(46)) - raft.server.snapshot.auto.trigger.enabled = true (custom)
2023-10-17 18:43:25,309 [om1-impl-thread1] INFO  server.RaftServerConfigKeys (ConfUtils.java:logGet(46)) - raft.server.snapshot.auto.trigger.threshold = 400000 (default)
2023-10-17 18:43:25,309 [om1-impl-thread1] INFO  server.RaftServerConfigKeys (ConfUtils.java:logGet(46)) - raft.server.snapshot.retention.file.num = -1 (default)
2023-10-17 18:43:25,309 [om1-impl-thread1] INFO  server.RaftServerConfigKeys (ConfUtils.java:logGet(46)) - raft.server.log.purge.upto.snapshot.index = true (custom)
2023-10-17 18:43:25,312 [Time-limited test] INFO  server.RaftServer (RaftServerProxy.java:startImpl(400)) - om1: start RPC server
2023-10-17 18:43:25,313 [Time-limited test] INFO  server.GrpcService (GrpcService.java:startImpl(302)) - om1: GrpcService started, listening on 15059
2023-10-17 18:43:25,314 [JvmPauseMonitor9] INFO  util.JvmPauseMonitor (JvmPauseMonitor.java:run(103)) - JvmPauseMonitor-om1: Started
2023-10-17 18:43:25,314 [Time-limited test] INFO  om.OzoneManager (OzoneManager.java:start(1651)) - Version File has different layout version (6) than OM DB (null). That is expected if this OM has never been finalized to a newer layout version.
2023-10-17 18:43:25,318 [Time-limited test] INFO  http.BaseHttpServer (BaseHttpServer.java:newHttpServer2BuilderForOzone(223)) - Starting Web-server for ozoneManager at: http://0.0.0.0:15057
2023-10-17 18:43:25,318 [Time-limited test] INFO  http.BaseHttpServer (BaseHttpServer.java:<init>(110)) - Hadoop Security Enabled: false Ozone Security Enabled: false Ozone HTTP Security Enabled: false 
2023-10-17 18:43:25,319 [Time-limited test] WARN  server.AuthenticationFilter (AuthenticationFilter.java:constructSecretProvider(240)) - Unable to initialize FileSignerSecretProvider, falling back to use random secrets. Reason: Could not read signature secret file: /home/runner/hadoop-http-auth-signature-secret
2023-10-17 18:43:25,320 [Time-limited test] INFO  http.HttpRequestLog (HttpRequestLog.java:getRequestLog(86)) - Http request log for http.requests.ozoneManager is not defined
2023-10-17 18:43:25,322 [Time-limited test] INFO  http.HttpServer2 (HttpServer2.java:addGlobalFilter(1031)) - Added global filter 'safety' (class=org.apache.hadoop.hdds.server.http.HttpServer2$QuotingInputFilter)
2023-10-17 18:43:25,322 [Time-limited test] INFO  http.HttpServer2 (HttpServer2.java:addFilter(1007)) - Added filter static_user_filter (class=org.apache.hadoop.http.lib.StaticUserWebFilter$StaticUserFilter) to context ozoneManager
2023-10-17 18:43:25,322 [Time-limited test] INFO  http.HttpServer2 (HttpServer2.java:addFilter(1015)) - Added filter static_user_filter (class=org.apache.hadoop.http.lib.StaticUserWebFilter$StaticUserFilter) to context static
2023-10-17 18:43:25,322 [Time-limited test] INFO  http.HttpServer2 (HttpServer2.java:addFilter(1015)) - Added filter static_user_filter (class=org.apache.hadoop.http.lib.StaticUserWebFilter$StaticUserFilter) to context logs
2023-10-17 18:43:25,323 [Time-limited test] INFO  http.BaseHttpServer (BaseHttpServer.java:<init>(189)) - HTTP server of ozoneManager uses base directory /home/runner/work/ozone/ozone/hadoop-ozone/integration-test/target/test-dir/MiniOzoneClusterImpl-6deba204-2b0e-4ddb-90bc-390c46dd618c/ozone-meta/webserver
2023-10-17 18:43:25,323 [Time-limited test] INFO  http.HttpServer2 (HttpServer2.java:bindListener(1231)) - Jetty bound to port 15057
2023-10-17 18:43:25,323 [Time-limited test] INFO  server.Server (Server.java:doStart(375)) - jetty-9.4.53.v20231009; built: 2023-10-09T12:29:09.265Z; git: 27bde00a0b95a1d5bbee0eae7984f891d2d0f8c9; jvm 1.8.0_382-b05
2023-10-17 18:43:25,325 [Time-limited test] INFO  server.session (DefaultSessionIdManager.java:doStart(334)) - DefaultSessionIdManager workerName=node0
2023-10-17 18:43:25,325 [Time-limited test] INFO  server.session (DefaultSessionIdManager.java:doStart(339)) - No SessionScavenger set, using defaults
2023-10-17 18:43:25,325 [Time-limited test] INFO  server.session (HouseKeeper.java:startScavenging(132)) - node0 Scavenging every 600000ms
2023-10-17 18:43:25,325 [Time-limited test] INFO  handler.ContextHandler (ContextHandler.java:doStart(921)) - Started o.e.j.s.ServletContextHandler@2e7bbf86{logs,/logs,file:///home/runner/work/ozone/ozone/hadoop-ozone/integration-test/target/log,AVAILABLE}
2023-10-17 18:43:25,326 [Time-limited test] INFO  handler.ContextHandler (ContextHandler.java:doStart(921)) - Started o.e.j.s.ServletContextHandler@74a4e507{static,/static,file:///home/runner/work/ozone/ozone/hadoop-ozone/integration-test/target/test-classes/webapps/static,AVAILABLE}
2023-10-17 18:43:25,334 [Time-limited test] INFO  handler.ContextHandler (ContextHandler.java:doStart(921)) - Started o.e.j.w.WebAppContext@5e32045d{ozoneManager,/,file:///home/runner/work/ozone/ozone/hadoop-ozone/integration-test/target/test-classes/webapps/ozoneManager/,AVAILABLE}{file:/home/runner/work/ozone/ozone/hadoop-ozone/integration-test/target/test-classes/webapps/ozoneManager}
2023-10-17 18:43:25,337 [Time-limited test] INFO  server.AbstractConnector (AbstractConnector.java:doStart(333)) - Started ServerConnector@417abdfc{HTTP/1.1, (http/1.1)}{0.0.0.0:15057}
2023-10-17 18:43:25,337 [Time-limited test] INFO  server.Server (Server.java:doStart(415)) - Started @66051ms
2023-10-17 18:43:25,337 [Time-limited test] WARN  impl.MetricsSystemImpl (MetricsSystemImpl.java:register(279)) - Sink prometheus already exists!
2023-10-17 18:43:25,337 [Time-limited test] INFO  http.BaseHttpServer (BaseHttpServer.java:updateConnectorAddress(354)) - HTTP server of ozoneManager listening at http://0.0.0.0:15057
2023-10-17 18:43:25,338 [IPC Server Responder] INFO  ipc.Server (Server.java:run(1562)) - IPC Server Responder: starting
2023-10-17 18:43:25,339 [IPC Server listener on 15056] INFO  ipc.Server (Server.java:run(1402)) - IPC Server listener on 15056: starting
2023-10-17 18:43:25,341 [Time-limited test] INFO  om.OzoneManager (OzoneManager.java:startTrashEmptier(2100)) - Trash Interval set to 0. Files deleted won't move to trash
2023-10-17 18:43:25,349 [Time-limited test] WARN  impl.MetricRegistriesImpl (MetricRegistriesImpl.java:addReporterRegistration(111)) - New reporters are added after registries were created. Some metrics will be missing from the reporter. Please add reporter before adding any new registry.
2023-10-17 18:43:25,349 [Time-limited test] WARN  impl.MetricRegistriesImpl (MetricRegistriesImpl.java:addReporterRegistration(111)) - New reporters are added after registries were created. Some metrics will be missing from the reporter. Please add reporter before adding any new registry.
2023-10-17 18:43:25,349 [Time-limited test] INFO  impl.MetricsSystemImpl (MetricsSystemImpl.java:init(158)) - HddsDatanode metrics system started (again)
2023-10-17 18:43:25,363 [Time-limited test] INFO  ozone.HddsDatanodeService (HddsDatanodeService.java:start(240)) - HddsDatanodeService host:fv-az189-115 ip:10.1.0.25
2023-10-17 18:43:25,385 [Time-limited test] INFO  upgrade.AbstractLayoutVersionManager (AbstractLayoutVersionManager.java:init(83)) - Initializing Layout version manager with metadata layout = HADOOP_PRC_PORTS_IN_DATANODEDETAILS (version = 7), software layout = HADOOP_PRC_PORTS_IN_DATANODEDETAILS (version = 7)
2023-10-17 18:43:25,386 [Time-limited test] INFO  statemachine.DatanodeStateMachine (DatanodeStateMachine.java:getEndPointTaskThreadPoolSize(290)) - Datanode State Machine Task Thread Pool size 2
2023-10-17 18:43:25,388 [Time-limited test] INFO  volume.HddsVolume (HddsVolume.java:<init>(126)) - Creating HddsVolume: /home/runner/work/ozone/ozone/hadoop-ozone/integration-test/target/test-dir/MiniOzoneClusterImpl-6deba204-2b0e-4ddb-90bc-390c46dd618c/datanode-0/data-0/containers/hdds of storage type : DISK capacity : 9223372036854775807
2023-10-17 18:43:25,388 [Time-limited test] INFO  volume.MutableVolumeSet (MutableVolumeSet.java:initializeVolumeSet(173)) - Added Volume : /home/runner/work/ozone/ozone/hadoop-ozone/integration-test/target/test-dir/MiniOzoneClusterImpl-6deba204-2b0e-4ddb-90bc-390c46dd618c/datanode-0/data-0/containers/hdds to VolumeSet
2023-10-17 18:43:25,389 [Time-limited test] INFO  volume.MutableVolumeSet (MutableVolumeSet.java:initializeVolumeSet(173)) - Added Volume : /home/runner/work/ozone/ozone/hadoop-ozone/integration-test/target/test-dir/MiniOzoneClusterImpl-6deba204-2b0e-4ddb-90bc-390c46dd618c/datanode-0/data/ratis to VolumeSet
2023-10-17 18:43:25,389 [Thread-928] INFO  ozoneimpl.ContainerReader (ContainerReader.java:readVolume(177)) - Finish verifying containers on volume /home/runner/work/ozone/ozone/hadoop-ozone/integration-test/target/test-dir/MiniOzoneClusterImpl-6deba204-2b0e-4ddb-90bc-390c46dd618c/datanode-0/data-0/containers/hdds
2023-10-17 18:43:25,389 [Time-limited test] INFO  ozoneimpl.OzoneContainer (OzoneContainer.java:buildContainerSet(316)) - Build ContainerSet costs 0s
2023-10-17 18:43:25,392 [Time-limited test] INFO  server.RaftServer (ConfUtils.java:logGet(46)) - raft.rpc.type = GRPC (default)
2023-10-17 18:43:25,392 [Time-limited test] INFO  grpc.GrpcConfigKeys (ConfUtils.java:logFallback(53)) - raft.grpc.admin.host = null (fallback to raft.grpc.server.host)
2023-10-17 18:43:25,392 [Time-limited test] INFO  grpc.GrpcConfigKeys (ConfUtils.java:logGet(46)) - raft.grpc.admin.port = 15065 (custom)
2023-10-17 18:43:25,392 [Time-limited test] INFO  grpc.GrpcConfigKeys (ConfUtils.java:logFallback(53)) - raft.grpc.client.host = null (fallback to raft.grpc.server.host)
2023-10-17 18:43:25,392 [Time-limited test] INFO  grpc.GrpcConfigKeys (ConfUtils.java:logGet(46)) - raft.grpc.client.port = 15064 (custom)
2023-10-17 18:43:25,392 [Time-limited test] INFO  grpc.GrpcConfigKeys (ConfUtils.java:logGet(46)) - raft.grpc.server.host = null (default)
2023-10-17 18:43:25,392 [Time-limited test] INFO  grpc.GrpcConfigKeys (ConfUtils.java:logGet(46)) - raft.grpc.server.port = 15066 (custom)
2023-10-17 18:43:25,392 [Time-limited test] INFO  server.GrpcService (ConfUtils.java:logGet(46)) - raft.grpc.message.size.max = 32MB (=33554432) (custom)
2023-10-17 18:43:25,393 [Time-limited test] INFO  server.RaftServerConfigKeys (ConfUtils.java:logGet(46)) - raft.server.log.appender.buffer.byte-limit = 33554432 (custom)
2023-10-17 18:43:25,393 [Time-limited test] INFO  server.GrpcService (ConfUtils.java:logGet(46)) - raft.grpc.flow.control.window = 5MB (=5242880) (custom)
2023-10-17 18:43:25,393 [Time-limited test] INFO  server.RaftServerConfigKeys (ConfUtils.java:logGet(46)) - raft.server.rpc.request.timeout = 60s (custom)
2023-10-17 18:43:25,393 [Time-limited test] INFO  grpc.GrpcConfigKeys (ConfUtils.java:logGet(46)) - raft.grpc.server.heartbeat.channel = true (default)
2023-10-17 18:43:25,393 [Time-limited test] INFO  grpc.GrpcConfigKeys (ConfUtils.java:logGet(46)) - raft.grpc.server.async.request.thread.pool.cached = true (default)
2023-10-17 18:43:25,393 [Time-limited test] INFO  grpc.GrpcConfigKeys (ConfUtils.java:logGet(46)) - raft.grpc.server.async.request.thread.pool.size = 32 (default)
2023-10-17 18:43:25,396 [Time-limited test] INFO  impl.DataStreamServerImpl (ConfUtils.java:logGet(46)) - raft.datastream.type = NETTY (custom)
2023-10-17 18:43:25,396 [Time-limited test] INFO  server.RaftServerConfigKeys (ConfUtils.java:logGet(46)) - raft.server.data-stream.async.request.thread.pool.cached = false (default)
2023-10-17 18:43:25,396 [Time-limited test] INFO  server.RaftServerConfigKeys (ConfUtils.java:logGet(46)) - raft.server.data-stream.async.request.thread.pool.size = 20 (custom)
2023-10-17 18:43:25,396 [Time-limited test] INFO  server.RaftServerConfigKeys (ConfUtils.java:logGet(46)) - raft.server.data-stream.async.write.thread.pool.size = 16 (default)
2023-10-17 18:43:25,396 [Time-limited test] INFO  server.RaftServerConfigKeys (ConfUtils.java:logGet(46)) - raft.server.data-stream.client.pool.size = 10 (default)
2023-10-17 18:43:25,396 [Time-limited test] INFO  netty.NettyConfigKeys$DataStream (ConfUtils.java:logGet(46)) - raft.netty.dataStream.server.use-epoll = false (default)
2023-10-17 18:43:25,396 [Time-limited test] INFO  netty.NettyConfigKeys$DataStream (ConfUtils.java:logGet(46)) - raft.netty.dataStream.server.boss-group.size = 0 (default)
2023-10-17 18:43:25,397 [Time-limited test] INFO  netty.NettyConfigKeys$DataStream (ConfUtils.java:logGet(46)) - raft.netty.dataStream.server.worker-group.size = 0 (default)
2023-10-17 18:43:25,397 [Time-limited test] INFO  netty.NettyConfigKeys$DataStream (ConfUtils.java:logGet(46)) - raft.netty.dataStream.server.tls.conf = null (default)
2023-10-17 18:43:25,397 [Time-limited test] INFO  netty.NettyConfigKeys$DataStream (ConfUtils.java:logGet(46)) - raft.netty.dataStream.host = null (default)
2023-10-17 18:43:25,397 [Time-limited test] INFO  netty.NettyConfigKeys$DataStream (ConfUtils.java:logGet(46)) - raft.netty.dataStream.port = 15067 (custom)
2023-10-17 18:43:25,399 [2fe2737e-f7a8-402d-9eba-e541e9952274-NettyServerStreamRpc-bossGroup--thread1] INFO  logging.LoggingHandler (AbstractInternalLogger.java:log(148)) - [id: 0x8f6e9782] REGISTERED
2023-10-17 18:43:25,399 [2fe2737e-f7a8-402d-9eba-e541e9952274-NettyServerStreamRpc-bossGroup--thread1] INFO  logging.LoggingHandler (AbstractInternalLogger.java:log(148)) - [id: 0x8f6e9782] BIND: 0.0.0.0/0.0.0.0:15067
2023-10-17 18:43:25,399 [2fe2737e-f7a8-402d-9eba-e541e9952274-NettyServerStreamRpc-bossGroup--thread1] INFO  logging.LoggingHandler (AbstractInternalLogger.java:log(148)) - [id: 0x8f6e9782, L:/0:0:0:0:0:0:0:0:15067] ACTIVE
2023-10-17 18:43:25,399 [Time-limited test] INFO  server.RaftServerConfigKeys (ConfUtils.java:logGet(46)) - raft.server.threadpool.proxy.cached = true (default)
2023-10-17 18:43:25,399 [Time-limited test] INFO  server.RaftServerConfigKeys (ConfUtils.java:logGet(46)) - raft.server.threadpool.proxy.size = 0 (default)
2023-10-17 18:43:25,399 [Time-limited test] INFO  server.RaftServerConfigKeys (ConfUtils.java:logGet(46)) - raft.server.rpc.slowness.timeout = 300s (custom)
2023-10-17 18:43:25,399 [Time-limited test] INFO  server.RaftServerConfigKeys (ConfUtils.java:logGet(46)) - raft.server.leaderelection.leader.step-down.wait-time = 10s (default)
2023-10-17 18:43:25,399 [Time-limited test] INFO  server.RaftServerConfigKeys (ConfUtils.java:logGet(46)) - raft.server.storage.dir = [/home/runner/work/ozone/ozone/hadoop-ozone/integration-test/target/test-dir/MiniOzoneClusterImpl-6deba204-2b0e-4ddb-90bc-390c46dd618c/datanode-0/data/ratis] (custom)
2023-10-17 18:43:25,400 [2fe2737e-f7a8-402d-9eba-e541e9952274-impl-thread1] INFO  server.RaftServer (RaftServerProxy.java:initGroupDir(258)) - 2fe2737e-f7a8-402d-9eba-e541e9952274: found a subdirectory /home/runner/work/ozone/ozone/hadoop-ozone/integration-test/target/test-dir/MiniOzoneClusterImpl-6deba204-2b0e-4ddb-90bc-390c46dd618c/datanode-0/data/ratis/tmp
2023-10-17 18:43:25,400 [2fe2737e-f7a8-402d-9eba-e541e9952274-impl-thread1] INFO  server.RaftServer (RaftServerProxy.java:initGroupDir(263)) - 2fe2737e-f7a8-402d-9eba-e541e9952274: The directory /home/runner/work/ozone/ozone/hadoop-ozone/integration-test/target/test-dir/MiniOzoneClusterImpl-6deba204-2b0e-4ddb-90bc-390c46dd618c/datanode-0/data/ratis/tmp is not a group directory; ignoring it. 
2023-10-17 18:43:25,400 [Time-limited test] INFO  replication.ReplicationServer (ReplicationServer.java:<init>(83)) - Initializing replication server with thread count = 10 queue length = 4096
2023-10-17 18:43:25,401 [Time-limited test] INFO  server.XceiverServerGrpc (XceiverServerGrpc.java:<init>(132)) - GrpcServer channel type EpollServerSocketChannel
2023-10-17 18:43:25,403 [Time-limited test] INFO  replication.ReplicationSupervisor (ReplicationSupervisor.java:build(155)) - Initializing replication supervisor with thread count = 10
2023-10-17 18:43:25,403 [Time-limited test] INFO  replication.ReplicationSupervisor (ReplicationSupervisor.java:nodeStateUpdated(307)) - Node state updated to IN_SERVICE, scaling executor pool size to 10
2023-10-17 18:43:25,405 [Time-limited test] INFO  http.BaseHttpServer (BaseHttpServer.java:newHttpServer2BuilderForOzone(223)) - Starting Web-server for hddsDatanode at: http://0.0.0.0:15061
2023-10-17 18:43:25,405 [Time-limited test] INFO  http.BaseHttpServer (BaseHttpServer.java:<init>(110)) - Hadoop Security Enabled: false Ozone Security Enabled: false Ozone HTTP Security Enabled: false 
2023-10-17 18:43:25,407 [Time-limited test] WARN  server.AuthenticationFilter (AuthenticationFilter.java:constructSecretProvider(240)) - Unable to initialize FileSignerSecretProvider, falling back to use random secrets. Reason: Could not read signature secret file: /home/runner/hadoop-http-auth-signature-secret
2023-10-17 18:43:25,407 [Time-limited test] INFO  http.HttpRequestLog (HttpRequestLog.java:getRequestLog(86)) - Http request log for http.requests.hddsDatanode is not defined
2023-10-17 18:43:25,408 [Time-limited test] INFO  http.HttpServer2 (HttpServer2.java:addGlobalFilter(1031)) - Added global filter 'safety' (class=org.apache.hadoop.hdds.server.http.HttpServer2$QuotingInputFilter)
2023-10-17 18:43:25,409 [Time-limited test] INFO  http.HttpServer2 (HttpServer2.java:addFilter(1007)) - Added filter static_user_filter (class=org.apache.hadoop.http.lib.StaticUserWebFilter$StaticUserFilter) to context hddsDatanode
2023-10-17 18:43:25,409 [Time-limited test] INFO  http.HttpServer2 (HttpServer2.java:addFilter(1015)) - Added filter static_user_filter (class=org.apache.hadoop.http.lib.StaticUserWebFilter$StaticUserFilter) to context logs
2023-10-17 18:43:25,409 [Time-limited test] INFO  http.HttpServer2 (HttpServer2.java:addFilter(1015)) - Added filter static_user_filter (class=org.apache.hadoop.http.lib.StaticUserWebFilter$StaticUserFilter) to context static
2023-10-17 18:43:25,410 [Time-limited test] INFO  http.BaseHttpServer (BaseHttpServer.java:<init>(189)) - HTTP server of hddsDatanode uses base directory /home/runner/work/ozone/ozone/hadoop-ozone/integration-test/target/test-dir/MiniOzoneClusterImpl-6deba204-2b0e-4ddb-90bc-390c46dd618c/datanode-0/meta/webserver
2023-10-17 18:43:25,410 [Time-limited test] INFO  http.HttpServer2 (HttpServer2.java:bindListener(1231)) - Jetty bound to port 15061
2023-10-17 18:43:25,410 [Time-limited test] INFO  server.Server (Server.java:doStart(375)) - jetty-9.4.53.v20231009; built: 2023-10-09T12:29:09.265Z; git: 27bde00a0b95a1d5bbee0eae7984f891d2d0f8c9; jvm 1.8.0_382-b05
2023-10-17 18:43:25,412 [Time-limited test] INFO  server.session (DefaultSessionIdManager.java:doStart(334)) - DefaultSessionIdManager workerName=node0
2023-10-17 18:43:25,412 [Time-limited test] INFO  server.session (DefaultSessionIdManager.java:doStart(339)) - No SessionScavenger set, using defaults
2023-10-17 18:43:25,412 [Time-limited test] INFO  server.session (HouseKeeper.java:startScavenging(132)) - node0 Scavenging every 660000ms
2023-10-17 18:43:25,413 [Time-limited test] INFO  handler.ContextHandler (ContextHandler.java:doStart(921)) - Started o.e.j.s.ServletContextHandler@37fe73dd{logs,/logs,file:///home/runner/work/ozone/ozone/hadoop-ozone/integration-test/target/log,AVAILABLE}
2023-10-17 18:43:25,413 [Time-limited test] INFO  handler.ContextHandler (ContextHandler.java:doStart(921)) - Started o.e.j.s.ServletContextHandler@17dd4ab2{static,/static,jar:file:/home/runner/.m2/repository/org/apache/ozone/hdds-container-service/1.4.0-SNAPSHOT/hdds-container-service-1.4.0-SNAPSHOT.jar!/webapps/static,AVAILABLE}
2023-10-17 18:43:25,606 [Time-limited test] INFO  handler.ContextHandler (ContextHandler.java:doStart(921)) - Started o.e.j.w.WebAppContext@48d8256b{hddsDatanode,/,file:///home/runner/work/ozone/ozone/hadoop-ozone/integration-test/target/test-dir/MiniOzoneClusterImpl-6deba204-2b0e-4ddb-90bc-390c46dd618c/datanode-0/meta/webserver/jetty-0_0_0_0-15061-hdds-container-service-1_4_0-SNAPSHOT_jar-_-any-3027849267278469049/webapp/,AVAILABLE}{jar:file:/home/runner/.m2/repository/org/apache/ozone/hdds-container-service/1.4.0-SNAPSHOT/hdds-container-service-1.4.0-SNAPSHOT.jar!/webapps/hddsDatanode}
2023-10-17 18:43:25,609 [Time-limited test] INFO  server.AbstractConnector (AbstractConnector.java:doStart(333)) - Started ServerConnector@7efa735c{HTTP/1.1, (http/1.1)}{0.0.0.0:15061}
2023-10-17 18:43:25,609 [Time-limited test] INFO  server.Server (Server.java:doStart(415)) - Started @66323ms
2023-10-17 18:43:25,609 [Time-limited test] WARN  impl.MetricsSystemImpl (MetricsSystemImpl.java:register(279)) - Sink prometheus already exists!
2023-10-17 18:43:25,610 [Time-limited test] INFO  http.BaseHttpServer (BaseHttpServer.java:updateConnectorAddress(354)) - HTTP server of hddsDatanode listening at http://0.0.0.0:15061
2023-10-17 18:43:25,610 [Time-limited test] INFO  ipc.CallQueueManager (CallQueueManager.java:<init>(90)) - Using callQueue: class java.util.concurrent.LinkedBlockingQueue, queueCapacity: 100, scheduler: class org.apache.hadoop.ipc.DefaultRpcScheduler, ipcBackoff: false.
2023-10-17 18:43:25,610 [Time-limited test] INFO  ipc.Server (Server.java:<init>(1287)) - Listener at 0.0.0.0:15062
2023-10-17 18:43:25,611 [Socket Reader #1 for port 15062] INFO  ipc.Server (Server.java:run(1323)) - Starting Socket Reader #1 for port 15062
2023-10-17 18:43:25,614 [Time-limited test] INFO  ozone.HddsDatanodeService (HddsDatanodeService.java:start(325)) - Datanode start with admins: [runner]
2023-10-17 18:43:25,619 [Time-limited test] INFO  ozone.HddsDatanodeClientProtocolServer (HddsDatanodeClientProtocolServer.java:start(72)) - RPC server for Client /0.0.0.0:15062
2023-10-17 18:43:25,622 [IPC Server Responder] INFO  ipc.Server (Server.java:run(1562)) - IPC Server Responder: starting
2023-10-17 18:43:25,627 [Datanode State Machine Daemon Thread] INFO  statemachine.DatanodeStateMachine (DatanodeStateMachine.java:lambda$startDaemon$1(546)) - Ozone container server started.
2023-10-17 18:43:25,628 [Time-limited test] WARN  impl.MetricRegistriesImpl (MetricRegistriesImpl.java:addReporterRegistration(111)) - New reporters are added after registries were created. Some metrics will be missing from the reporter. Please add reporter before adding any new registry.
2023-10-17 18:43:25,628 [Time-limited test] WARN  impl.MetricRegistriesImpl (MetricRegistriesImpl.java:addReporterRegistration(111)) - New reporters are added after registries were created. Some metrics will be missing from the reporter. Please add reporter before adding any new registry.
2023-10-17 18:43:25,628 [Time-limited test] INFO  impl.MetricsSystemImpl (MetricsSystemImpl.java:init(158)) - HddsDatanode metrics system started (again)
2023-10-17 18:43:25,635 [IPC Server listener on 15062] INFO  ipc.Server (Server.java:run(1402)) - IPC Server listener on 15062: starting
2023-10-17 18:43:25,639 [Time-limited test] INFO  ozone.HddsDatanodeService (HddsDatanodeService.java:start(240)) - HddsDatanodeService host:fv-az189-115 ip:10.1.0.25
2023-10-17 18:43:25,652 [Datanode State Machine Task Thread - 0] INFO  datanode.InitDatanodeState (InitDatanodeState.java:persistContainerDatanodeDetails(138)) - DatanodeDetails is persisted to /home/runner/work/ozone/ozone/hadoop-ozone/integration-test/target/test-dir/MiniOzoneClusterImpl-6deba204-2b0e-4ddb-90bc-390c46dd618c/datanode-0/meta/datanode.id
2023-10-17 18:43:25,668 [Time-limited test] INFO  upgrade.AbstractLayoutVersionManager (AbstractLayoutVersionManager.java:init(83)) - Initializing Layout version manager with metadata layout = HADOOP_PRC_PORTS_IN_DATANODEDETAILS (version = 7), software layout = HADOOP_PRC_PORTS_IN_DATANODEDETAILS (version = 7)
2023-10-17 18:43:25,669 [Time-limited test] INFO  statemachine.DatanodeStateMachine (DatanodeStateMachine.java:getEndPointTaskThreadPoolSize(290)) - Datanode State Machine Task Thread Pool size 2
2023-10-17 18:43:25,670 [Time-limited test] INFO  volume.HddsVolume (HddsVolume.java:<init>(126)) - Creating HddsVolume: /home/runner/work/ozone/ozone/hadoop-ozone/integration-test/target/test-dir/MiniOzoneClusterImpl-6deba204-2b0e-4ddb-90bc-390c46dd618c/datanode-1/data-0/containers/hdds of storage type : DISK capacity : 9223372036854775807
2023-10-17 18:43:25,670 [Time-limited test] INFO  volume.MutableVolumeSet (MutableVolumeSet.java:initializeVolumeSet(173)) - Added Volume : /home/runner/work/ozone/ozone/hadoop-ozone/integration-test/target/test-dir/MiniOzoneClusterImpl-6deba204-2b0e-4ddb-90bc-390c46dd618c/datanode-1/data-0/containers/hdds to VolumeSet
2023-10-17 18:43:25,671 [Time-limited test] INFO  volume.MutableVolumeSet (MutableVolumeSet.java:initializeVolumeSet(173)) - Added Volume : /home/runner/work/ozone/ozone/hadoop-ozone/integration-test/target/test-dir/MiniOzoneClusterImpl-6deba204-2b0e-4ddb-90bc-390c46dd618c/datanode-1/data/ratis to VolumeSet
2023-10-17 18:43:25,672 [Thread-945] INFO  ozoneimpl.ContainerReader (ContainerReader.java:readVolume(177)) - Finish verifying containers on volume /home/runner/work/ozone/ozone/hadoop-ozone/integration-test/target/test-dir/MiniOzoneClusterImpl-6deba204-2b0e-4ddb-90bc-390c46dd618c/datanode-1/data-0/containers/hdds
2023-10-17 18:43:25,672 [Time-limited test] INFO  ozoneimpl.OzoneContainer (OzoneContainer.java:buildContainerSet(316)) - Build ContainerSet costs 0s
2023-10-17 18:43:25,674 [Time-limited test] INFO  server.RaftServer (ConfUtils.java:logGet(46)) - raft.rpc.type = GRPC (default)
2023-10-17 18:43:25,674 [Time-limited test] INFO  grpc.GrpcConfigKeys (ConfUtils.java:logFallback(53)) - raft.grpc.admin.host = null (fallback to raft.grpc.server.host)
2023-10-17 18:43:25,674 [Time-limited test] INFO  grpc.GrpcConfigKeys (ConfUtils.java:logGet(46)) - raft.grpc.admin.port = 15074 (custom)
2023-10-17 18:43:25,674 [Time-limited test] INFO  grpc.GrpcConfigKeys (ConfUtils.java:logFallback(53)) - raft.grpc.client.host = null (fallback to raft.grpc.server.host)
2023-10-17 18:43:25,674 [Time-limited test] INFO  grpc.GrpcConfigKeys (ConfUtils.java:logGet(46)) - raft.grpc.client.port = 15073 (custom)
2023-10-17 18:43:25,674 [Time-limited test] INFO  grpc.GrpcConfigKeys (ConfUtils.java:logGet(46)) - raft.grpc.server.host = null (default)
2023-10-17 18:43:25,675 [Time-limited test] INFO  grpc.GrpcConfigKeys (ConfUtils.java:logGet(46)) - raft.grpc.server.port = 15075 (custom)
2023-10-17 18:43:25,675 [Time-limited test] INFO  server.GrpcService (ConfUtils.java:logGet(46)) - raft.grpc.message.size.max = 32MB (=33554432) (custom)
2023-10-17 18:43:25,675 [Time-limited test] INFO  server.RaftServerConfigKeys (ConfUtils.java:logGet(46)) - raft.server.log.appender.buffer.byte-limit = 33554432 (custom)
2023-10-17 18:43:25,675 [Time-limited test] INFO  server.GrpcService (ConfUtils.java:logGet(46)) - raft.grpc.flow.control.window = 5MB (=5242880) (custom)
2023-10-17 18:43:25,675 [Time-limited test] INFO  server.RaftServerConfigKeys (ConfUtils.java:logGet(46)) - raft.server.rpc.request.timeout = 60s (custom)
2023-10-17 18:43:25,675 [Time-limited test] INFO  grpc.GrpcConfigKeys (ConfUtils.java:logGet(46)) - raft.grpc.server.heartbeat.channel = true (default)
2023-10-17 18:43:25,675 [Time-limited test] INFO  grpc.GrpcConfigKeys (ConfUtils.java:logGet(46)) - raft.grpc.server.async.request.thread.pool.cached = true (default)
2023-10-17 18:43:25,675 [Time-limited test] INFO  grpc.GrpcConfigKeys (ConfUtils.java:logGet(46)) - raft.grpc.server.async.request.thread.pool.size = 32 (default)
2023-10-17 18:43:25,677 [Time-limited test] INFO  impl.DataStreamServerImpl (ConfUtils.java:logGet(46)) - raft.datastream.type = NETTY (custom)
2023-10-17 18:43:25,677 [Time-limited test] INFO  server.RaftServerConfigKeys (ConfUtils.java:logGet(46)) - raft.server.data-stream.async.request.thread.pool.cached = false (default)
2023-10-17 18:43:25,677 [Time-limited test] INFO  server.RaftServerConfigKeys (ConfUtils.java:logGet(46)) - raft.server.data-stream.async.request.thread.pool.size = 20 (custom)
2023-10-17 18:43:25,678 [Time-limited test] INFO  server.RaftServerConfigKeys (ConfUtils.java:logGet(46)) - raft.server.data-stream.async.write.thread.pool.size = 16 (default)
2023-10-17 18:43:25,678 [Time-limited test] INFO  server.RaftServerConfigKeys (ConfUtils.java:logGet(46)) - raft.server.data-stream.client.pool.size = 10 (default)
2023-10-17 18:43:25,678 [Time-limited test] INFO  netty.NettyConfigKeys$DataStream (ConfUtils.java:logGet(46)) - raft.netty.dataStream.server.use-epoll = false (default)
2023-10-17 18:43:25,678 [Time-limited test] INFO  netty.NettyConfigKeys$DataStream (ConfUtils.java:logGet(46)) - raft.netty.dataStream.server.boss-group.size = 0 (default)
2023-10-17 18:43:25,678 [Time-limited test] INFO  netty.NettyConfigKeys$DataStream (ConfUtils.java:logGet(46)) - raft.netty.dataStream.server.worker-group.size = 0 (default)
2023-10-17 18:43:25,679 [Time-limited test] INFO  netty.NettyConfigKeys$DataStream (ConfUtils.java:logGet(46)) - raft.netty.dataStream.server.tls.conf = null (default)
2023-10-17 18:43:25,679 [Time-limited test] INFO  netty.NettyConfigKeys$DataStream (ConfUtils.java:logGet(46)) - raft.netty.dataStream.host = null (default)
2023-10-17 18:43:25,679 [Time-limited test] INFO  netty.NettyConfigKeys$DataStream (ConfUtils.java:logGet(46)) - raft.netty.dataStream.port = 15076 (custom)
2023-10-17 18:43:25,679 [Time-limited test] INFO  server.RaftServerConfigKeys (ConfUtils.java:logGet(46)) - raft.server.threadpool.proxy.cached = true (default)
2023-10-17 18:43:25,679 [Time-limited test] INFO  server.RaftServerConfigKeys (ConfUtils.java:logGet(46)) - raft.server.threadpool.proxy.size = 0 (default)
2023-10-17 18:43:25,679 [Time-limited test] INFO  server.RaftServerConfigKeys (ConfUtils.java:logGet(46)) - raft.server.rpc.slowness.timeout = 300s (custom)
2023-10-17 18:43:25,679 [Time-limited test] INFO  server.RaftServerConfigKeys (ConfUtils.java:logGet(46)) - raft.server.leaderelection.leader.step-down.wait-time = 10s (default)
2023-10-17 18:43:25,679 [Time-limited test] INFO  server.RaftServerConfigKeys (ConfUtils.java:logGet(46)) - raft.server.storage.dir = [/home/runner/work/ozone/ozone/hadoop-ozone/integration-test/target/test-dir/MiniOzoneClusterImpl-6deba204-2b0e-4ddb-90bc-390c46dd618c/datanode-1/data/ratis] (custom)
2023-10-17 18:43:25,685 [2730903f-e14d-4dbf-85f1-555db1c02b78-NettyServerStreamRpc-bossGroup--thread1] INFO  logging.LoggingHandler (AbstractInternalLogger.java:log(148)) - [id: 0xd9929aaa] REGISTERED
2023-10-17 18:43:25,685 [2730903f-e14d-4dbf-85f1-555db1c02b78-NettyServerStreamRpc-bossGroup--thread1] INFO  logging.LoggingHandler (AbstractInternalLogger.java:log(148)) - [id: 0xd9929aaa] BIND: 0.0.0.0/0.0.0.0:15076
2023-10-17 18:43:25,685 [2730903f-e14d-4dbf-85f1-555db1c02b78-NettyServerStreamRpc-bossGroup--thread1] INFO  logging.LoggingHandler (AbstractInternalLogger.java:log(148)) - [id: 0xd9929aaa, L:/0:0:0:0:0:0:0:0:15076] ACTIVE
2023-10-17 18:43:25,685 [2730903f-e14d-4dbf-85f1-555db1c02b78-impl-thread1] INFO  server.RaftServer (RaftServerProxy.java:initGroupDir(258)) - 2730903f-e14d-4dbf-85f1-555db1c02b78: found a subdirectory /home/runner/work/ozone/ozone/hadoop-ozone/integration-test/target/test-dir/MiniOzoneClusterImpl-6deba204-2b0e-4ddb-90bc-390c46dd618c/datanode-1/data/ratis/tmp
2023-10-17 18:43:25,685 [2730903f-e14d-4dbf-85f1-555db1c02b78-impl-thread1] INFO  server.RaftServer (RaftServerProxy.java:initGroupDir(263)) - 2730903f-e14d-4dbf-85f1-555db1c02b78: The directory /home/runner/work/ozone/ozone/hadoop-ozone/integration-test/target/test-dir/MiniOzoneClusterImpl-6deba204-2b0e-4ddb-90bc-390c46dd618c/datanode-1/data/ratis/tmp is not a group directory; ignoring it. 
2023-10-17 18:43:25,686 [Time-limited test] INFO  replication.ReplicationServer (ReplicationServer.java:<init>(83)) - Initializing replication server with thread count = 10 queue length = 4096
2023-10-17 18:43:25,687 [Time-limited test] INFO  server.XceiverServerGrpc (XceiverServerGrpc.java:<init>(132)) - GrpcServer channel type EpollServerSocketChannel
2023-10-17 18:43:25,688 [Time-limited test] INFO  replication.ReplicationSupervisor (ReplicationSupervisor.java:build(155)) - Initializing replication supervisor with thread count = 10
2023-10-17 18:43:25,688 [Time-limited test] INFO  replication.ReplicationSupervisor (ReplicationSupervisor.java:nodeStateUpdated(307)) - Node state updated to IN_SERVICE, scaling executor pool size to 10
2023-10-17 18:43:25,694 [Time-limited test] INFO  http.BaseHttpServer (BaseHttpServer.java:newHttpServer2BuilderForOzone(223)) - Starting Web-server for hddsDatanode at: http://0.0.0.0:15070
2023-10-17 18:43:25,694 [Time-limited test] INFO  http.BaseHttpServer (BaseHttpServer.java:<init>(110)) - Hadoop Security Enabled: false Ozone Security Enabled: false Ozone HTTP Security Enabled: false 
2023-10-17 18:43:25,695 [Time-limited test] WARN  server.AuthenticationFilter (AuthenticationFilter.java:constructSecretProvider(240)) - Unable to initialize FileSignerSecretProvider, falling back to use random secrets. Reason: Could not read signature secret file: /home/runner/hadoop-http-auth-signature-secret
2023-10-17 18:43:25,695 [Time-limited test] INFO  http.HttpRequestLog (HttpRequestLog.java:getRequestLog(86)) - Http request log for http.requests.hddsDatanode is not defined
2023-10-17 18:43:25,697 [Time-limited test] INFO  http.HttpServer2 (HttpServer2.java:addGlobalFilter(1031)) - Added global filter 'safety' (class=org.apache.hadoop.hdds.server.http.HttpServer2$QuotingInputFilter)
2023-10-17 18:43:25,697 [Time-limited test] INFO  http.HttpServer2 (HttpServer2.java:addFilter(1007)) - Added filter static_user_filter (class=org.apache.hadoop.http.lib.StaticUserWebFilter$StaticUserFilter) to context hddsDatanode
2023-10-17 18:43:25,697 [Time-limited test] INFO  http.HttpServer2 (HttpServer2.java:addFilter(1015)) - Added filter static_user_filter (class=org.apache.hadoop.http.lib.StaticUserWebFilter$StaticUserFilter) to context static
2023-10-17 18:43:25,697 [Time-limited test] INFO  http.HttpServer2 (HttpServer2.java:addFilter(1015)) - Added filter static_user_filter (class=org.apache.hadoop.http.lib.StaticUserWebFilter$StaticUserFilter) to context logs
2023-10-17 18:43:25,698 [Time-limited test] INFO  http.BaseHttpServer (BaseHttpServer.java:<init>(189)) - HTTP server of hddsDatanode uses base directory /home/runner/work/ozone/ozone/hadoop-ozone/integration-test/target/test-dir/MiniOzoneClusterImpl-6deba204-2b0e-4ddb-90bc-390c46dd618c/datanode-1/meta/webserver
2023-10-17 18:43:25,698 [Time-limited test] INFO  http.HttpServer2 (HttpServer2.java:bindListener(1231)) - Jetty bound to port 15070
2023-10-17 18:43:25,698 [Time-limited test] INFO  server.Server (Server.java:doStart(375)) - jetty-9.4.53.v20231009; built: 2023-10-09T12:29:09.265Z; git: 27bde00a0b95a1d5bbee0eae7984f891d2d0f8c9; jvm 1.8.0_382-b05
2023-10-17 18:43:25,701 [Time-limited test] INFO  server.session (DefaultSessionIdManager.java:doStart(334)) - DefaultSessionIdManager workerName=node0
2023-10-17 18:43:25,701 [Time-limited test] INFO  server.session (DefaultSessionIdManager.java:doStart(339)) - No SessionScavenger set, using defaults
2023-10-17 18:43:25,701 [Time-limited test] INFO  server.session (HouseKeeper.java:startScavenging(132)) - node0 Scavenging every 600000ms
2023-10-17 18:43:25,702 [Time-limited test] INFO  handler.ContextHandler (ContextHandler.java:doStart(921)) - Started o.e.j.s.ServletContextHandler@6d8adcf0{logs,/logs,file:///home/runner/work/ozone/ozone/hadoop-ozone/integration-test/target/log,AVAILABLE}
2023-10-17 18:43:25,702 [Time-limited test] INFO  handler.ContextHandler (ContextHandler.java:doStart(921)) - Started o.e.j.s.ServletContextHandler@b48048c{static,/static,jar:file:/home/runner/.m2/repository/org/apache/ozone/hdds-container-service/1.4.0-SNAPSHOT/hdds-container-service-1.4.0-SNAPSHOT.jar!/webapps/static,AVAILABLE}
2023-10-17 18:43:25,895 [Time-limited test] INFO  handler.ContextHandler (ContextHandler.java:doStart(921)) - Started o.e.j.w.WebAppContext@176a3924{hddsDatanode,/,file:///home/runner/work/ozone/ozone/hadoop-ozone/integration-test/target/test-dir/MiniOzoneClusterImpl-6deba204-2b0e-4ddb-90bc-390c46dd618c/datanode-1/meta/webserver/jetty-0_0_0_0-15070-hdds-container-service-1_4_0-SNAPSHOT_jar-_-any-3066350242863562797/webapp/,AVAILABLE}{jar:file:/home/runner/.m2/repository/org/apache/ozone/hdds-container-service/1.4.0-SNAPSHOT/hdds-container-service-1.4.0-SNAPSHOT.jar!/webapps/hddsDatanode}
2023-10-17 18:43:25,897 [Time-limited test] INFO  server.AbstractConnector (AbstractConnector.java:doStart(333)) - Started ServerConnector@5d9a33de{HTTP/1.1, (http/1.1)}{0.0.0.0:15070}
2023-10-17 18:43:25,897 [Time-limited test] INFO  server.Server (Server.java:doStart(415)) - Started @66611ms
2023-10-17 18:43:25,897 [Time-limited test] WARN  impl.MetricsSystemImpl (MetricsSystemImpl.java:register(279)) - Sink prometheus already exists!
2023-10-17 18:43:25,897 [Time-limited test] INFO  http.BaseHttpServer (BaseHttpServer.java:updateConnectorAddress(354)) - HTTP server of hddsDatanode listening at http://0.0.0.0:15070
2023-10-17 18:43:25,898 [Time-limited test] INFO  ipc.CallQueueManager (CallQueueManager.java:<init>(90)) - Using callQueue: class java.util.concurrent.LinkedBlockingQueue, queueCapacity: 100, scheduler: class org.apache.hadoop.ipc.DefaultRpcScheduler, ipcBackoff: false.
2023-10-17 18:43:25,898 [Time-limited test] INFO  ipc.Server (Server.java:<init>(1287)) - Listener at 0.0.0.0:15071
2023-10-17 18:43:25,899 [Socket Reader #1 for port 15071] INFO  ipc.Server (Server.java:run(1323)) - Starting Socket Reader #1 for port 15071
2023-10-17 18:43:25,904 [Time-limited test] INFO  ozone.HddsDatanodeService (HddsDatanodeService.java:start(325)) - Datanode start with admins: [runner]
2023-10-17 18:43:25,904 [Time-limited test] INFO  ozone.HddsDatanodeClientProtocolServer (HddsDatanodeClientProtocolServer.java:start(72)) - RPC server for Client /0.0.0.0:15071
2023-10-17 18:43:25,904 [IPC Server Responder] INFO  ipc.Server (Server.java:run(1562)) - IPC Server Responder: starting
2023-10-17 18:43:25,904 [IPC Server listener on 15071] INFO  ipc.Server (Server.java:run(1402)) - IPC Server listener on 15071: starting
2023-10-17 18:43:25,905 [Datanode State Machine Daemon Thread] INFO  statemachine.DatanodeStateMachine (DatanodeStateMachine.java:lambda$startDaemon$1(546)) - Ozone container server started.
2023-10-17 18:43:25,905 [Time-limited test] WARN  impl.MetricRegistriesImpl (MetricRegistriesImpl.java:addReporterRegistration(111)) - New reporters are added after registries were created. Some metrics will be missing from the reporter. Please add reporter before adding any new registry.
2023-10-17 18:43:25,905 [Time-limited test] WARN  impl.MetricRegistriesImpl (MetricRegistriesImpl.java:addReporterRegistration(111)) - New reporters are added after registries were created. Some metrics will be missing from the reporter. Please add reporter before adding any new registry.
2023-10-17 18:43:25,905 [Time-limited test] INFO  impl.MetricsSystemImpl (MetricsSystemImpl.java:init(158)) - HddsDatanode metrics system started (again)
2023-10-17 18:43:25,924 [Time-limited test] INFO  ozone.HddsDatanodeService (HddsDatanodeService.java:start(240)) - HddsDatanodeService host:fv-az189-115 ip:10.1.0.25
2023-10-17 18:43:25,936 [Datanode State Machine Task Thread - 0] INFO  datanode.InitDatanodeState (InitDatanodeState.java:persistContainerDatanodeDetails(138)) - DatanodeDetails is persisted to /home/runner/work/ozone/ozone/hadoop-ozone/integration-test/target/test-dir/MiniOzoneClusterImpl-6deba204-2b0e-4ddb-90bc-390c46dd618c/datanode-1/meta/datanode.id
2023-10-17 18:43:25,952 [Time-limited test] INFO  upgrade.AbstractLayoutVersionManager (AbstractLayoutVersionManager.java:init(83)) - Initializing Layout version manager with metadata layout = HADOOP_PRC_PORTS_IN_DATANODEDETAILS (version = 7), software layout = HADOOP_PRC_PORTS_IN_DATANODEDETAILS (version = 7)
2023-10-17 18:43:25,953 [Time-limited test] INFO  statemachine.DatanodeStateMachine (DatanodeStateMachine.java:getEndPointTaskThreadPoolSize(290)) - Datanode State Machine Task Thread Pool size 2
2023-10-17 18:43:25,956 [Time-limited test] INFO  volume.HddsVolume (HddsVolume.java:<init>(126)) - Creating HddsVolume: /home/runner/work/ozone/ozone/hadoop-ozone/integration-test/target/test-dir/MiniOzoneClusterImpl-6deba204-2b0e-4ddb-90bc-390c46dd618c/datanode-2/data-0/containers/hdds of storage type : DISK capacity : 9223372036854775807
2023-10-17 18:43:25,957 [Time-limited test] INFO  volume.MutableVolumeSet (MutableVolumeSet.java:initializeVolumeSet(173)) - Added Volume : /home/runner/work/ozone/ozone/hadoop-ozone/integration-test/target/test-dir/MiniOzoneClusterImpl-6deba204-2b0e-4ddb-90bc-390c46dd618c/datanode-2/data-0/containers/hdds to VolumeSet
2023-10-17 18:43:25,957 [Time-limited test] INFO  volume.MutableVolumeSet (MutableVolumeSet.java:initializeVolumeSet(173)) - Added Volume : /home/runner/work/ozone/ozone/hadoop-ozone/integration-test/target/test-dir/MiniOzoneClusterImpl-6deba204-2b0e-4ddb-90bc-390c46dd618c/datanode-2/data/ratis to VolumeSet
2023-10-17 18:43:25,958 [Thread-962] INFO  ozoneimpl.ContainerReader (ContainerReader.java:readVolume(177)) - Finish verifying containers on volume /home/runner/work/ozone/ozone/hadoop-ozone/integration-test/target/test-dir/MiniOzoneClusterImpl-6deba204-2b0e-4ddb-90bc-390c46dd618c/datanode-2/data-0/containers/hdds
2023-10-17 18:43:25,958 [Time-limited test] INFO  ozoneimpl.OzoneContainer (OzoneContainer.java:buildContainerSet(316)) - Build ContainerSet costs 0s
2023-10-17 18:43:25,960 [Time-limited test] INFO  server.RaftServer (ConfUtils.java:logGet(46)) - raft.rpc.type = GRPC (default)
2023-10-17 18:43:25,960 [Time-limited test] INFO  grpc.GrpcConfigKeys (ConfUtils.java:logFallback(53)) - raft.grpc.admin.host = null (fallback to raft.grpc.server.host)
2023-10-17 18:43:25,961 [Time-limited test] INFO  grpc.GrpcConfigKeys (ConfUtils.java:logGet(46)) - raft.grpc.admin.port = 15083 (custom)
2023-10-17 18:43:25,961 [Time-limited test] INFO  grpc.GrpcConfigKeys (ConfUtils.java:logFallback(53)) - raft.grpc.client.host = null (fallback to raft.grpc.server.host)
2023-10-17 18:43:25,961 [Time-limited test] INFO  grpc.GrpcConfigKeys (ConfUtils.java:logGet(46)) - raft.grpc.client.port = 15082 (custom)
2023-10-17 18:43:25,961 [Time-limited test] INFO  grpc.GrpcConfigKeys (ConfUtils.java:logGet(46)) - raft.grpc.server.host = null (default)
2023-10-17 18:43:25,961 [Time-limited test] INFO  grpc.GrpcConfigKeys (ConfUtils.java:logGet(46)) - raft.grpc.server.port = 15084 (custom)
2023-10-17 18:43:25,961 [Time-limited test] INFO  server.GrpcService (ConfUtils.java:logGet(46)) - raft.grpc.message.size.max = 32MB (=33554432) (custom)
2023-10-17 18:43:25,961 [Time-limited test] INFO  server.RaftServerConfigKeys (ConfUtils.java:logGet(46)) - raft.server.log.appender.buffer.byte-limit = 33554432 (custom)
2023-10-17 18:43:25,961 [Time-limited test] INFO  server.GrpcService (ConfUtils.java:logGet(46)) - raft.grpc.flow.control.window = 5MB (=5242880) (custom)
2023-10-17 18:43:25,961 [Time-limited test] INFO  server.RaftServerConfigKeys (ConfUtils.java:logGet(46)) - raft.server.rpc.request.timeout = 60s (custom)
2023-10-17 18:43:25,961 [Time-limited test] INFO  grpc.GrpcConfigKeys (ConfUtils.java:logGet(46)) - raft.grpc.server.heartbeat.channel = true (default)
2023-10-17 18:43:25,961 [Time-limited test] INFO  grpc.GrpcConfigKeys (ConfUtils.java:logGet(46)) - raft.grpc.server.async.request.thread.pool.cached = true (default)
2023-10-17 18:43:25,961 [Time-limited test] INFO  grpc.GrpcConfigKeys (ConfUtils.java:logGet(46)) - raft.grpc.server.async.request.thread.pool.size = 32 (default)
2023-10-17 18:43:25,964 [Time-limited test] INFO  impl.DataStreamServerImpl (ConfUtils.java:logGet(46)) - raft.datastream.type = NETTY (custom)
2023-10-17 18:43:25,964 [Time-limited test] INFO  server.RaftServerConfigKeys (ConfUtils.java:logGet(46)) - raft.server.data-stream.async.request.thread.pool.cached = false (default)
2023-10-17 18:43:25,964 [Time-limited test] INFO  server.RaftServerConfigKeys (ConfUtils.java:logGet(46)) - raft.server.data-stream.async.request.thread.pool.size = 20 (custom)
2023-10-17 18:43:25,964 [Time-limited test] INFO  server.RaftServerConfigKeys (ConfUtils.java:logGet(46)) - raft.server.data-stream.async.write.thread.pool.size = 16 (default)
2023-10-17 18:43:25,964 [Time-limited test] INFO  server.RaftServerConfigKeys (ConfUtils.java:logGet(46)) - raft.server.data-stream.client.pool.size = 10 (default)
2023-10-17 18:43:25,965 [Time-limited test] INFO  netty.NettyConfigKeys$DataStream (ConfUtils.java:logGet(46)) - raft.netty.dataStream.server.use-epoll = false (default)
2023-10-17 18:43:25,965 [Time-limited test] INFO  netty.NettyConfigKeys$DataStream (ConfUtils.java:logGet(46)) - raft.netty.dataStream.server.boss-group.size = 0 (default)
2023-10-17 18:43:25,965 [Time-limited test] INFO  netty.NettyConfigKeys$DataStream (ConfUtils.java:logGet(46)) - raft.netty.dataStream.server.worker-group.size = 0 (default)
2023-10-17 18:43:25,965 [Time-limited test] INFO  netty.NettyConfigKeys$DataStream (ConfUtils.java:logGet(46)) - raft.netty.dataStream.server.tls.conf = null (default)
2023-10-17 18:43:25,966 [Time-limited test] INFO  netty.NettyConfigKeys$DataStream (ConfUtils.java:logGet(46)) - raft.netty.dataStream.host = null (default)
2023-10-17 18:43:25,966 [Time-limited test] INFO  netty.NettyConfigKeys$DataStream (ConfUtils.java:logGet(46)) - raft.netty.dataStream.port = 15085 (custom)
2023-10-17 18:43:25,966 [Time-limited test] INFO  server.RaftServerConfigKeys (ConfUtils.java:logGet(46)) - raft.server.threadpool.proxy.cached = true (default)
2023-10-17 18:43:25,966 [Time-limited test] INFO  server.RaftServerConfigKeys (ConfUtils.java:logGet(46)) - raft.server.threadpool.proxy.size = 0 (default)
2023-10-17 18:43:25,966 [Time-limited test] INFO  server.RaftServerConfigKeys (ConfUtils.java:logGet(46)) - raft.server.rpc.slowness.timeout = 300s (custom)
2023-10-17 18:43:25,966 [Time-limited test] INFO  server.RaftServerConfigKeys (ConfUtils.java:logGet(46)) - raft.server.leaderelection.leader.step-down.wait-time = 10s (default)
2023-10-17 18:43:25,966 [Time-limited test] INFO  server.RaftServerConfigKeys (ConfUtils.java:logGet(46)) - raft.server.storage.dir = [/home/runner/work/ozone/ozone/hadoop-ozone/integration-test/target/test-dir/MiniOzoneClusterImpl-6deba204-2b0e-4ddb-90bc-390c46dd618c/datanode-2/data/ratis] (custom)
2023-10-17 18:43:25,974 [50f74f38-5546-481b-9021-1f540e3c531d-NettyServerStreamRpc-bossGroup--thread1] INFO  logging.LoggingHandler (AbstractInternalLogger.java:log(148)) - [id: 0xe0188c3a] REGISTERED
2023-10-17 18:43:25,974 [50f74f38-5546-481b-9021-1f540e3c531d-NettyServerStreamRpc-bossGroup--thread1] INFO  logging.LoggingHandler (AbstractInternalLogger.java:log(148)) - [id: 0xe0188c3a] BIND: 0.0.0.0/0.0.0.0:15085
2023-10-17 18:43:25,974 [50f74f38-5546-481b-9021-1f540e3c531d-NettyServerStreamRpc-bossGroup--thread1] INFO  logging.LoggingHandler (AbstractInternalLogger.java:log(148)) - [id: 0xe0188c3a, L:/0:0:0:0:0:0:0:0:15085] ACTIVE
2023-10-17 18:43:25,974 [50f74f38-5546-481b-9021-1f540e3c531d-impl-thread1] INFO  server.RaftServer (RaftServerProxy.java:initGroupDir(258)) - 50f74f38-5546-481b-9021-1f540e3c531d: found a subdirectory /home/runner/work/ozone/ozone/hadoop-ozone/integration-test/target/test-dir/MiniOzoneClusterImpl-6deba204-2b0e-4ddb-90bc-390c46dd618c/datanode-2/data/ratis/tmp
2023-10-17 18:43:25,974 [50f74f38-5546-481b-9021-1f540e3c531d-impl-thread1] INFO  server.RaftServer (RaftServerProxy.java:initGroupDir(263)) - 50f74f38-5546-481b-9021-1f540e3c531d: The directory /home/runner/work/ozone/ozone/hadoop-ozone/integration-test/target/test-dir/MiniOzoneClusterImpl-6deba204-2b0e-4ddb-90bc-390c46dd618c/datanode-2/data/ratis/tmp is not a group directory; ignoring it. 
2023-10-17 18:43:25,975 [Time-limited test] INFO  replication.ReplicationServer (ReplicationServer.java:<init>(83)) - Initializing replication server with thread count = 10 queue length = 4096
2023-10-17 18:43:25,976 [Time-limited test] INFO  server.XceiverServerGrpc (XceiverServerGrpc.java:<init>(132)) - GrpcServer channel type EpollServerSocketChannel
2023-10-17 18:43:25,978 [Time-limited test] INFO  replication.ReplicationSupervisor (ReplicationSupervisor.java:build(155)) - Initializing replication supervisor with thread count = 10
2023-10-17 18:43:25,978 [Time-limited test] INFO  replication.ReplicationSupervisor (ReplicationSupervisor.java:nodeStateUpdated(307)) - Node state updated to IN_SERVICE, scaling executor pool size to 10
2023-10-17 18:43:25,979 [Time-limited test] INFO  http.BaseHttpServer (BaseHttpServer.java:newHttpServer2BuilderForOzone(223)) - Starting Web-server for hddsDatanode at: http://0.0.0.0:15079
2023-10-17 18:43:25,980 [Time-limited test] INFO  http.BaseHttpServer (BaseHttpServer.java:<init>(110)) - Hadoop Security Enabled: false Ozone Security Enabled: false Ozone HTTP Security Enabled: false 
2023-10-17 18:43:25,981 [Time-limited test] WARN  server.AuthenticationFilter (AuthenticationFilter.java:constructSecretProvider(240)) - Unable to initialize FileSignerSecretProvider, falling back to use random secrets. Reason: Could not read signature secret file: /home/runner/hadoop-http-auth-signature-secret
2023-10-17 18:43:25,981 [Time-limited test] INFO  http.HttpRequestLog (HttpRequestLog.java:getRequestLog(86)) - Http request log for http.requests.hddsDatanode is not defined
2023-10-17 18:43:25,983 [Time-limited test] INFO  http.HttpServer2 (HttpServer2.java:addGlobalFilter(1031)) - Added global filter 'safety' (class=org.apache.hadoop.hdds.server.http.HttpServer2$QuotingInputFilter)
2023-10-17 18:43:25,983 [Time-limited test] INFO  http.HttpServer2 (HttpServer2.java:addFilter(1007)) - Added filter static_user_filter (class=org.apache.hadoop.http.lib.StaticUserWebFilter$StaticUserFilter) to context hddsDatanode
2023-10-17 18:43:25,983 [Time-limited test] INFO  http.HttpServer2 (HttpServer2.java:addFilter(1015)) - Added filter static_user_filter (class=org.apache.hadoop.http.lib.StaticUserWebFilter$StaticUserFilter) to context logs
2023-10-17 18:43:25,983 [Time-limited test] INFO  http.HttpServer2 (HttpServer2.java:addFilter(1015)) - Added filter static_user_filter (class=org.apache.hadoop.http.lib.StaticUserWebFilter$StaticUserFilter) to context static
2023-10-17 18:43:25,984 [Time-limited test] INFO  http.BaseHttpServer (BaseHttpServer.java:<init>(189)) - HTTP server of hddsDatanode uses base directory /home/runner/work/ozone/ozone/hadoop-ozone/integration-test/target/test-dir/MiniOzoneClusterImpl-6deba204-2b0e-4ddb-90bc-390c46dd618c/datanode-2/meta/webserver
2023-10-17 18:43:25,984 [Time-limited test] INFO  http.HttpServer2 (HttpServer2.java:bindListener(1231)) - Jetty bound to port 15079
2023-10-17 18:43:25,984 [Time-limited test] INFO  server.Server (Server.java:doStart(375)) - jetty-9.4.53.v20231009; built: 2023-10-09T12:29:09.265Z; git: 27bde00a0b95a1d5bbee0eae7984f891d2d0f8c9; jvm 1.8.0_382-b05
2023-10-17 18:43:25,985 [Time-limited test] INFO  server.session (DefaultSessionIdManager.java:doStart(334)) - DefaultSessionIdManager workerName=node0
2023-10-17 18:43:25,985 [Time-limited test] INFO  server.session (DefaultSessionIdManager.java:doStart(339)) - No SessionScavenger set, using defaults
2023-10-17 18:43:25,985 [Time-limited test] INFO  server.session (HouseKeeper.java:startScavenging(132)) - node0 Scavenging every 600000ms
2023-10-17 18:43:25,986 [Time-limited test] INFO  handler.ContextHandler (ContextHandler.java:doStart(921)) - Started o.e.j.s.ServletContextHandler@7256be46{logs,/logs,file:///home/runner/work/ozone/ozone/hadoop-ozone/integration-test/target/log,AVAILABLE}
2023-10-17 18:43:25,987 [Time-limited test] INFO  handler.ContextHandler (ContextHandler.java:doStart(921)) - Started o.e.j.s.ServletContextHandler@1af6c0e7{static,/static,jar:file:/home/runner/.m2/repository/org/apache/ozone/hdds-container-service/1.4.0-SNAPSHOT/hdds-container-service-1.4.0-SNAPSHOT.jar!/webapps/static,AVAILABLE}
2023-10-17 18:43:26,180 [Time-limited test] INFO  handler.ContextHandler (ContextHandler.java:doStart(921)) - Started o.e.j.w.WebAppContext@609bfad{hddsDatanode,/,file:///home/runner/work/ozone/ozone/hadoop-ozone/integration-test/target/test-dir/MiniOzoneClusterImpl-6deba204-2b0e-4ddb-90bc-390c46dd618c/datanode-2/meta/webserver/jetty-0_0_0_0-15079-hdds-container-service-1_4_0-SNAPSHOT_jar-_-any-1407739663878318353/webapp/,AVAILABLE}{jar:file:/home/runner/.m2/repository/org/apache/ozone/hdds-container-service/1.4.0-SNAPSHOT/hdds-container-service-1.4.0-SNAPSHOT.jar!/webapps/hddsDatanode}
2023-10-17 18:43:26,182 [Time-limited test] INFO  server.AbstractConnector (AbstractConnector.java:doStart(333)) - Started ServerConnector@c90eccb{HTTP/1.1, (http/1.1)}{0.0.0.0:15079}
2023-10-17 18:43:26,182 [Time-limited test] INFO  server.Server (Server.java:doStart(415)) - Started @66896ms
2023-10-17 18:43:26,182 [Time-limited test] WARN  impl.MetricsSystemImpl (MetricsSystemImpl.java:register(279)) - Sink prometheus already exists!
2023-10-17 18:43:26,182 [Time-limited test] INFO  http.BaseHttpServer (BaseHttpServer.java:updateConnectorAddress(354)) - HTTP server of hddsDatanode listening at http://0.0.0.0:15079
2023-10-17 18:43:26,183 [Time-limited test] INFO  ipc.CallQueueManager (CallQueueManager.java:<init>(90)) - Using callQueue: class java.util.concurrent.LinkedBlockingQueue, queueCapacity: 100, scheduler: class org.apache.hadoop.ipc.DefaultRpcScheduler, ipcBackoff: false.
2023-10-17 18:43:26,183 [Time-limited test] INFO  ipc.Server (Server.java:<init>(1287)) - Listener at 0.0.0.0:15080
2023-10-17 18:43:26,183 [Socket Reader #1 for port 15080] INFO  ipc.Server (Server.java:run(1323)) - Starting Socket Reader #1 for port 15080
2023-10-17 18:43:26,187 [Time-limited test] INFO  ozone.HddsDatanodeService (HddsDatanodeService.java:start(325)) - Datanode start with admins: [runner]
2023-10-17 18:43:26,187 [Time-limited test] INFO  ozone.HddsDatanodeClientProtocolServer (HddsDatanodeClientProtocolServer.java:start(72)) - RPC server for Client /0.0.0.0:15080
2023-10-17 18:43:26,187 [IPC Server Responder] INFO  ipc.Server (Server.java:run(1562)) - IPC Server Responder: starting
2023-10-17 18:43:26,187 [IPC Server listener on 15080] INFO  ipc.Server (Server.java:run(1402)) - IPC Server listener on 15080: starting
2023-10-17 18:43:26,187 [Datanode State Machine Daemon Thread] INFO  statemachine.DatanodeStateMachine (DatanodeStateMachine.java:lambda$startDaemon$1(546)) - Ozone container server started.
2023-10-17 18:43:26,187 [Time-limited test] INFO  ozone.MiniOzoneClusterImpl (MiniOzoneClusterImpl.java:lambda$waitForClusterToBeReady$0(229)) - Waiting for nodes to be ready. Got 0 of 3 DN Heartbeats.
2023-10-17 18:43:26,187 [Time-limited test] INFO  ozone.MiniOzoneClusterImpl (MiniOzoneClusterImpl.java:lambda$waitForClusterToBeReady$0(232)) - Waiting for cluster to exit safe mode
2023-10-17 18:43:26,188 [Time-limited test] INFO  ozone.MiniOzoneClusterImpl (MiniOzoneClusterImpl.java:lambda$waitForClusterToBeReady$0(234)) - SCM became leader
2023-10-17 18:43:26,193 [Datanode State Machine Task Thread - 0] INFO  datanode.InitDatanodeState (InitDatanodeState.java:persistContainerDatanodeDetails(138)) - DatanodeDetails is persisted to /home/runner/work/ozone/ozone/hadoop-ozone/integration-test/target/test-dir/MiniOzoneClusterImpl-6deba204-2b0e-4ddb-90bc-390c46dd618c/datanode-2/meta/datanode.id
2023-10-17 18:43:26,350 [om1@group-C5BA1605619E-FollowerState] INFO  impl.FollowerState (FollowerState.java:run(143)) - om1@group-C5BA1605619E-FollowerState: change to CANDIDATE, lastRpcElapsedTime:1042037345ns, electionTimeout:1041ms
2023-10-17 18:43:26,350 [om1@group-C5BA1605619E-FollowerState] INFO  impl.RoleInfo (RoleInfo.java:shutdownFollowerState(110)) - om1: shutdown om1@group-C5BA1605619E-FollowerState
2023-10-17 18:43:26,351 [om1@group-C5BA1605619E-FollowerState] INFO  server.RaftServer$Division (RaftServerImpl.java:setRole(329)) - om1@group-C5BA1605619E: changes role from  FOLLOWER to CANDIDATE at term 0 for changeToCandidate
2023-10-17 18:43:26,351 [om1@group-C5BA1605619E-FollowerState] INFO  server.RaftServerConfigKeys (ConfUtils.java:logGet(46)) - raft.server.leaderelection.pre-vote = true (default)
2023-10-17 18:43:26,351 [om1@group-C5BA1605619E-FollowerState] INFO  impl.RoleInfo (RoleInfo.java:updateAndGet(139)) - om1: start om1@group-C5BA1605619E-LeaderElection11
2023-10-17 18:43:26,355 [om1@group-C5BA1605619E-LeaderElection11] INFO  impl.LeaderElection (LeaderElection.java:askForVotes(321)) - om1@group-C5BA1605619E-LeaderElection11 PRE_VOTE round 0: submit vote requests at term 0 for -1: peers:[om1|rpc:localhost:15059|priority:0|startupRole:FOLLOWER]|listeners:[], old=null
2023-10-17 18:43:26,355 [om1@group-C5BA1605619E-LeaderElection11] INFO  impl.LeaderElection (LeaderElection.java:askForVotes(323)) - om1@group-C5BA1605619E-LeaderElection11 PRE_VOTE round 0: result PASSED (term=0)
2023-10-17 18:43:26,357 [om1@group-C5BA1605619E-LeaderElection11] INFO  impl.LeaderElection (LeaderElection.java:askForVotes(321)) - om1@group-C5BA1605619E-LeaderElection11 ELECTION round 0: submit vote requests at term 1 for -1: peers:[om1|rpc:localhost:15059|priority:0|startupRole:FOLLOWER]|listeners:[], old=null
2023-10-17 18:43:26,357 [om1@group-C5BA1605619E-LeaderElection11] INFO  impl.LeaderElection (LeaderElection.java:askForVotes(323)) - om1@group-C5BA1605619E-LeaderElection11 ELECTION round 0: result PASSED (term=1)
2023-10-17 18:43:26,357 [om1@group-C5BA1605619E-LeaderElection11] INFO  impl.RoleInfo (RoleInfo.java:shutdownLeaderElection(130)) - om1: shutdown om1@group-C5BA1605619E-LeaderElection11
2023-10-17 18:43:26,357 [om1@group-C5BA1605619E-LeaderElection11] INFO  server.RaftServer$Division (RaftServerImpl.java:setRole(329)) - om1@group-C5BA1605619E: changes role from CANDIDATE to LEADER at term 1 for changeToLeader
2023-10-17 18:43:26,358 [om1@group-C5BA1605619E-LeaderElection11] INFO  server.RaftServer$Division (ServerState.java:setLeader(317)) - om1@group-C5BA1605619E: change Leader from null to om1 at term 1 for becomeLeader, leader elected after 1522ms
2023-10-17 18:43:26,358 [om1@group-C5BA1605619E-LeaderElection11] INFO  server.RaftServerConfigKeys (ConfUtils.java:logGet(46)) - raft.server.staging.catchup.gap = 1000 (default)
2023-10-17 18:43:26,358 [om1@group-C5BA1605619E-LeaderElection11] INFO  server.RaftServerConfigKeys (ConfUtils.java:logGet(46)) - raft.server.write.element-limit = 4096 (default)
2023-10-17 18:43:26,358 [om1@group-C5BA1605619E-LeaderElection11] INFO  server.RaftServerConfigKeys (ConfUtils.java:logGet(46)) - raft.server.write.byte-limit = 64MB (=67108864) (default)
2023-10-17 18:43:26,358 [om1@group-C5BA1605619E-LeaderElection11] INFO  server.RaftServerConfigKeys (ConfUtils.java:logGet(46)) - raft.server.watch.timeout = 10s (default)
2023-10-17 18:43:26,358 [om1@group-C5BA1605619E-LeaderElection11] INFO  server.RaftServerConfigKeys (ConfUtils.java:logGet(46)) - raft.server.watch.timeout.denomination = 1s (default)
2023-10-17 18:43:26,358 [om1@group-C5BA1605619E-LeaderElection11] INFO  server.RaftServerConfigKeys (ConfUtils.java:logGet(46)) - raft.server.watch.element-limit = 65536 (default)
2023-10-17 18:43:26,359 [om1@group-C5BA1605619E-LeaderElection11] INFO  server.RaftServerConfigKeys (ConfUtils.java:logGet(46)) - raft.server.write.element-limit = 4096 (default)
2023-10-17 18:43:26,359 [om1@group-C5BA1605619E-LeaderElection11] INFO  server.RaftServerConfigKeys (ConfUtils.java:logGet(46)) - raft.server.write.follower.gap.ratio.max = -1.0 (default)
2023-10-17 18:43:26,359 [om1@group-C5BA1605619E-LeaderElection11] INFO  impl.RoleInfo (RoleInfo.java:updateAndGet(139)) - om1: start om1@group-C5BA1605619E-LeaderStateImpl
2023-10-17 18:43:26,359 [om1@group-C5BA1605619E-LeaderElection11] INFO  segmented.SegmentedRaftLogWorker (SegmentedRaftLogWorker.java:startLogSegment(447)) - om1@group-C5BA1605619E-SegmentedRaftLogWorker: Starting segment from index:0
2023-10-17 18:43:26,368 [om1@group-C5BA1605619E-LeaderElection11] INFO  server.RaftServer$Division (ServerState.java:setRaftConf(434)) - om1@group-C5BA1605619E: set configuration 0: peers:[om1|rpc:localhost:15059|admin:|client:|dataStream:|priority:0|startupRole:FOLLOWER]|listeners:[], old=null
2023-10-17 18:43:26,370 [om1@group-C5BA1605619E-SegmentedRaftLogWorker] INFO  segmented.SegmentedRaftLogWorker (SegmentedRaftLogWorker.java:execute(651)) - om1@group-C5BA1605619E-SegmentedRaftLogWorker: created new log segment /home/runner/work/ozone/ozone/hadoop-ozone/integration-test/target/test-dir/MiniOzoneClusterImpl-6deba204-2b0e-4ddb-90bc-390c46dd618c/ozone-meta/ratis/bf265839-605b-3f16-9796-c5ba1605619e/current/log_inprogress_0
2023-10-17 18:43:26,371 [om1@group-C5BA1605619E-StateMachineUpdater] INFO  ratis.OzoneManagerStateMachine (OzoneManagerStateMachine.java:notifyConfigurationChanged(202)) - Received Configuration change notification from Ratis. New Peer list:
[id: "om1"
address: "localhost:15059"
startupRole: FOLLOWER
]
2023-10-17 18:43:27,188 [Time-limited test] INFO  ozone.MiniOzoneClusterImpl (MiniOzoneClusterImpl.java:lambda$waitForClusterToBeReady$0(229)) - Waiting for nodes to be ready. Got 0 of 3 DN Heartbeats.
2023-10-17 18:43:27,188 [Time-limited test] INFO  ozone.MiniOzoneClusterImpl (MiniOzoneClusterImpl.java:lambda$waitForClusterToBeReady$0(232)) - Waiting for cluster to exit safe mode
2023-10-17 18:43:27,188 [Time-limited test] INFO  ozone.MiniOzoneClusterImpl (MiniOzoneClusterImpl.java:lambda$waitForClusterToBeReady$0(234)) - SCM became leader
2023-10-17 18:43:27,684 [EndpointStateMachine task thread for /0.0.0.0:15054 - 0 ] INFO  utils.DatanodeStoreCache (DatanodeStoreCache.java:addDB(66)) - Added db /home/runner/work/ozone/ozone/hadoop-ozone/integration-test/target/test-dir/MiniOzoneClusterImpl-6deba204-2b0e-4ddb-90bc-390c46dd618c/datanode-0/data-0/containers/hdds/6deba204-2b0e-4ddb-90bc-390c46dd618c/DS-f6a85788-9322-4169-880e-299c092ec575/container.db to cache
2023-10-17 18:43:27,684 [EndpointStateMachine task thread for /0.0.0.0:15054 - 0 ] INFO  volume.HddsVolume (HddsVolume.java:createDbStore(422)) - SchemaV3 db is created and loaded at /home/runner/work/ozone/ozone/hadoop-ozone/integration-test/target/test-dir/MiniOzoneClusterImpl-6deba204-2b0e-4ddb-90bc-390c46dd618c/datanode-0/data-0/containers/hdds/6deba204-2b0e-4ddb-90bc-390c46dd618c/DS-f6a85788-9322-4169-880e-299c092ec575/container.db for volume DS-f6a85788-9322-4169-880e-299c092ec575
2023-10-17 18:43:27,685 [EndpointStateMachine task thread for /0.0.0.0:15054 - 0 ] INFO  volume.ThrottledAsyncChecker (ThrottledAsyncChecker.java:schedule(141)) - Scheduling a check for /home/runner/work/ozone/ozone/hadoop-ozone/integration-test/target/test-dir/MiniOzoneClusterImpl-6deba204-2b0e-4ddb-90bc-390c46dd618c/datanode-0/data-0/containers/hdds
2023-10-17 18:43:27,689 [EndpointStateMachine task thread for /0.0.0.0:15054 - 0 ] INFO  volume.StorageVolumeChecker (StorageVolumeChecker.java:checkAllVolumes(213)) - Scheduled health check for volume /home/runner/work/ozone/ozone/hadoop-ozone/integration-test/target/test-dir/MiniOzoneClusterImpl-6deba204-2b0e-4ddb-90bc-390c46dd618c/datanode-0/data-0/containers/hdds
2023-10-17 18:43:27,693 [EndpointStateMachine task thread for /0.0.0.0:15054 - 0 ] INFO  volume.ThrottledAsyncChecker (ThrottledAsyncChecker.java:schedule(141)) - Scheduling a check for /home/runner/work/ozone/ozone/hadoop-ozone/integration-test/target/test-dir/MiniOzoneClusterImpl-6deba204-2b0e-4ddb-90bc-390c46dd618c/datanode-0/data/ratis
2023-10-17 18:43:27,695 [EndpointStateMachine task thread for /0.0.0.0:15054 - 0 ] INFO  volume.StorageVolumeChecker (StorageVolumeChecker.java:checkAllVolumes(213)) - Scheduled health check for volume /home/runner/work/ozone/ozone/hadoop-ozone/integration-test/target/test-dir/MiniOzoneClusterImpl-6deba204-2b0e-4ddb-90bc-390c46dd618c/datanode-0/data/ratis
2023-10-17 18:43:27,696 [EndpointStateMachine task thread for /0.0.0.0:15054 - 0 ] INFO  ozoneimpl.OzoneContainer (OzoneContainer.java:start(431)) - Attempting to start container services.
2023-10-17 18:43:27,696 [EndpointStateMachine task thread for /0.0.0.0:15054 - 0 ] INFO  ozoneimpl.OzoneContainer (OzoneContainer.java:startContainerScrub(327)) - Scheduled background container scanners and the on-demand container scanner have been disabled.
2023-10-17 18:43:27,697 [EndpointStateMachine task thread for /0.0.0.0:15054 - 0 ] INFO  replication.ReplicationServer (ReplicationServer.java:start(134)) - ReplicationServer is started using port 15068
2023-10-17 18:43:27,697 [EndpointStateMachine task thread for /0.0.0.0:15054 - 0 ] INFO  ratis.XceiverServerRatis (XceiverServerRatis.java:start(517)) - Starting XceiverServerRatis 2fe2737e-f7a8-402d-9eba-e541e9952274
2023-10-17 18:43:27,698 [EndpointStateMachine task thread for /0.0.0.0:15054 - 0 ] INFO  server.RaftServer (RaftServerProxy.java:startImpl(400)) - 2fe2737e-f7a8-402d-9eba-e541e9952274: start RPC server
2023-10-17 18:43:27,702 [EndpointStateMachine task thread for /0.0.0.0:15054 - 0 ] INFO  server.GrpcService (GrpcService.java:startImpl(302)) - 2fe2737e-f7a8-402d-9eba-e541e9952274: GrpcService started, listening on 15064
2023-10-17 18:43:27,707 [EndpointStateMachine task thread for /0.0.0.0:15054 - 0 ] INFO  server.GrpcService (GrpcService.java:startImpl(302)) - 2fe2737e-f7a8-402d-9eba-e541e9952274: GrpcService started, listening on 15066
2023-10-17 18:43:27,708 [EndpointStateMachine task thread for /0.0.0.0:15054 - 0 ] INFO  server.GrpcService (GrpcService.java:startImpl(302)) - 2fe2737e-f7a8-402d-9eba-e541e9952274: GrpcService started, listening on 15065
2023-10-17 18:43:27,709 [EndpointStateMachine task thread for /0.0.0.0:15054 - 0 ] INFO  ratis.XceiverServerRatis (XceiverServerRatis.java:getRealPort(543)) - XceiverServerRatis 2fe2737e-f7a8-402d-9eba-e541e9952274 is started using port 15064 for RATIS
2023-10-17 18:43:27,709 [JvmPauseMonitor10] INFO  util.JvmPauseMonitor (JvmPauseMonitor.java:run(103)) - JvmPauseMonitor-2fe2737e-f7a8-402d-9eba-e541e9952274: Started
2023-10-17 18:43:27,709 [EndpointStateMachine task thread for /0.0.0.0:15054 - 0 ] INFO  ratis.XceiverServerRatis (XceiverServerRatis.java:getRealPort(543)) - XceiverServerRatis 2fe2737e-f7a8-402d-9eba-e541e9952274 is started using port 15065 for RATIS_ADMIN
2023-10-17 18:43:27,709 [EndpointStateMachine task thread for /0.0.0.0:15054 - 0 ] INFO  ratis.XceiverServerRatis (XceiverServerRatis.java:getRealPort(543)) - XceiverServerRatis 2fe2737e-f7a8-402d-9eba-e541e9952274 is started using port 15066 for RATIS_SERVER
2023-10-17 18:43:27,709 [EndpointStateMachine task thread for /0.0.0.0:15054 - 0 ] INFO  ratis.XceiverServerRatis (XceiverServerRatis.java:getRealPort(543)) - XceiverServerRatis 2fe2737e-f7a8-402d-9eba-e541e9952274 is started using port 15067 for RATIS_DATASTREAM
2023-10-17 18:43:27,710 [2fe2737e-f7a8-402d-9eba-e541e9952274-BlockDeletingService#0] INFO  interfaces.ContainerDeletionChoosingPolicyTemplate (ContainerDeletionChoosingPolicyTemplate.java:chooseContainerForBlockDeletion(85)) - Chosen 0/5000 blocks from 0 candidate containers.
2023-10-17 18:43:27,953 [EndpointStateMachine task thread for /0.0.0.0:15054 - 0 ] INFO  utils.DatanodeStoreCache (DatanodeStoreCache.java:addDB(66)) - Added db /home/runner/work/ozone/ozone/hadoop-ozone/integration-test/target/test-dir/MiniOzoneClusterImpl-6deba204-2b0e-4ddb-90bc-390c46dd618c/datanode-1/data-0/containers/hdds/6deba204-2b0e-4ddb-90bc-390c46dd618c/DS-028bf882-e9e0-4645-bdca-3f1c031b2a87/container.db to cache
2023-10-17 18:43:27,953 [EndpointStateMachine task thread for /0.0.0.0:15054 - 0 ] INFO  volume.HddsVolume (HddsVolume.java:createDbStore(422)) - SchemaV3 db is created and loaded at /home/runner/work/ozone/ozone/hadoop-ozone/integration-test/target/test-dir/MiniOzoneClusterImpl-6deba204-2b0e-4ddb-90bc-390c46dd618c/datanode-1/data-0/containers/hdds/6deba204-2b0e-4ddb-90bc-390c46dd618c/DS-028bf882-e9e0-4645-bdca-3f1c031b2a87/container.db for volume DS-028bf882-e9e0-4645-bdca-3f1c031b2a87
2023-10-17 18:43:27,954 [EndpointStateMachine task thread for /0.0.0.0:15054 - 0 ] INFO  volume.ThrottledAsyncChecker (ThrottledAsyncChecker.java:schedule(141)) - Scheduling a check for /home/runner/work/ozone/ozone/hadoop-ozone/integration-test/target/test-dir/MiniOzoneClusterImpl-6deba204-2b0e-4ddb-90bc-390c46dd618c/datanode-1/data-0/containers/hdds
2023-10-17 18:43:27,954 [EndpointStateMachine task thread for /0.0.0.0:15054 - 0 ] INFO  volume.StorageVolumeChecker (StorageVolumeChecker.java:checkAllVolumes(213)) - Scheduled health check for volume /home/runner/work/ozone/ozone/hadoop-ozone/integration-test/target/test-dir/MiniOzoneClusterImpl-6deba204-2b0e-4ddb-90bc-390c46dd618c/datanode-1/data-0/containers/hdds
2023-10-17 18:43:27,958 [EndpointStateMachine task thread for /0.0.0.0:15054 - 0 ] INFO  volume.ThrottledAsyncChecker (ThrottledAsyncChecker.java:schedule(141)) - Scheduling a check for /home/runner/work/ozone/ozone/hadoop-ozone/integration-test/target/test-dir/MiniOzoneClusterImpl-6deba204-2b0e-4ddb-90bc-390c46dd618c/datanode-1/data/ratis
2023-10-17 18:43:27,958 [EndpointStateMachine task thread for /0.0.0.0:15054 - 0 ] INFO  volume.StorageVolumeChecker (StorageVolumeChecker.java:checkAllVolumes(213)) - Scheduled health check for volume /home/runner/work/ozone/ozone/hadoop-ozone/integration-test/target/test-dir/MiniOzoneClusterImpl-6deba204-2b0e-4ddb-90bc-390c46dd618c/datanode-1/data/ratis
2023-10-17 18:43:27,958 [EndpointStateMachine task thread for /0.0.0.0:15054 - 0 ] INFO  ozoneimpl.OzoneContainer (OzoneContainer.java:start(431)) - Attempting to start container services.
2023-10-17 18:43:27,959 [EndpointStateMachine task thread for /0.0.0.0:15054 - 0 ] INFO  ozoneimpl.OzoneContainer (OzoneContainer.java:startContainerScrub(327)) - Scheduled background container scanners and the on-demand container scanner have been disabled.
2023-10-17 18:43:27,960 [EndpointStateMachine task thread for /0.0.0.0:15054 - 0 ] INFO  replication.ReplicationServer (ReplicationServer.java:start(134)) - ReplicationServer is started using port 15077
2023-10-17 18:43:27,960 [EndpointStateMachine task thread for /0.0.0.0:15054 - 0 ] INFO  ratis.XceiverServerRatis (XceiverServerRatis.java:start(517)) - Starting XceiverServerRatis 2730903f-e14d-4dbf-85f1-555db1c02b78
2023-10-17 18:43:27,961 [EndpointStateMachine task thread for /0.0.0.0:15054 - 0 ] INFO  server.RaftServer (RaftServerProxy.java:startImpl(400)) - 2730903f-e14d-4dbf-85f1-555db1c02b78: start RPC server
2023-10-17 18:43:27,961 [EndpointStateMachine task thread for /0.0.0.0:15054 - 0 ] INFO  server.GrpcService (GrpcService.java:startImpl(302)) - 2730903f-e14d-4dbf-85f1-555db1c02b78: GrpcService started, listening on 15073
2023-10-17 18:43:27,962 [EndpointStateMachine task thread for /0.0.0.0:15054 - 0 ] INFO  server.GrpcService (GrpcService.java:startImpl(302)) - 2730903f-e14d-4dbf-85f1-555db1c02b78: GrpcService started, listening on 15075
2023-10-17 18:43:27,963 [EndpointStateMachine task thread for /0.0.0.0:15054 - 0 ] INFO  server.GrpcService (GrpcService.java:startImpl(302)) - 2730903f-e14d-4dbf-85f1-555db1c02b78: GrpcService started, listening on 15074
2023-10-17 18:43:27,963 [EndpointStateMachine task thread for /0.0.0.0:15054 - 0 ] INFO  ratis.XceiverServerRatis (XceiverServerRatis.java:getRealPort(543)) - XceiverServerRatis 2730903f-e14d-4dbf-85f1-555db1c02b78 is started using port 15073 for RATIS
2023-10-17 18:43:27,963 [JvmPauseMonitor11] INFO  util.JvmPauseMonitor (JvmPauseMonitor.java:run(103)) - JvmPauseMonitor-2730903f-e14d-4dbf-85f1-555db1c02b78: Started
2023-10-17 18:43:27,963 [EndpointStateMachine task thread for /0.0.0.0:15054 - 0 ] INFO  ratis.XceiverServerRatis (XceiverServerRatis.java:getRealPort(543)) - XceiverServerRatis 2730903f-e14d-4dbf-85f1-555db1c02b78 is started using port 15074 for RATIS_ADMIN
2023-10-17 18:43:27,965 [EndpointStateMachine task thread for /0.0.0.0:15054 - 0 ] INFO  ratis.XceiverServerRatis (XceiverServerRatis.java:getRealPort(543)) - XceiverServerRatis 2730903f-e14d-4dbf-85f1-555db1c02b78 is started using port 15075 for RATIS_SERVER
2023-10-17 18:43:27,965 [EndpointStateMachine task thread for /0.0.0.0:15054 - 0 ] INFO  ratis.XceiverServerRatis (XceiverServerRatis.java:getRealPort(543)) - XceiverServerRatis 2730903f-e14d-4dbf-85f1-555db1c02b78 is started using port 15076 for RATIS_DATASTREAM
2023-10-17 18:43:27,967 [2730903f-e14d-4dbf-85f1-555db1c02b78-BlockDeletingService#0] INFO  interfaces.ContainerDeletionChoosingPolicyTemplate (ContainerDeletionChoosingPolicyTemplate.java:chooseContainerForBlockDeletion(85)) - Chosen 0/5000 blocks from 0 candidate containers.
2023-10-17 18:43:28,188 [Time-limited test] INFO  ozone.MiniOzoneClusterImpl (MiniOzoneClusterImpl.java:lambda$waitForClusterToBeReady$0(229)) - Waiting for nodes to be ready. Got 0 of 3 DN Heartbeats.
2023-10-17 18:43:28,189 [Time-limited test] INFO  ozone.MiniOzoneClusterImpl (MiniOzoneClusterImpl.java:lambda$waitForClusterToBeReady$0(232)) - Waiting for cluster to exit safe mode
2023-10-17 18:43:28,189 [Time-limited test] INFO  ozone.MiniOzoneClusterImpl (MiniOzoneClusterImpl.java:lambda$waitForClusterToBeReady$0(234)) - SCM became leader
2023-10-17 18:43:28,225 [EndpointStateMachine task thread for /0.0.0.0:15054 - 0 ] INFO  utils.DatanodeStoreCache (DatanodeStoreCache.java:addDB(66)) - Added db /home/runner/work/ozone/ozone/hadoop-ozone/integration-test/target/test-dir/MiniOzoneClusterImpl-6deba204-2b0e-4ddb-90bc-390c46dd618c/datanode-2/data-0/containers/hdds/6deba204-2b0e-4ddb-90bc-390c46dd618c/DS-6b51ea0a-d286-438a-9c54-4b00ef04dd6c/container.db to cache
2023-10-17 18:43:28,225 [EndpointStateMachine task thread for /0.0.0.0:15054 - 0 ] INFO  volume.HddsVolume (HddsVolume.java:createDbStore(422)) - SchemaV3 db is created and loaded at /home/runner/work/ozone/ozone/hadoop-ozone/integration-test/target/test-dir/MiniOzoneClusterImpl-6deba204-2b0e-4ddb-90bc-390c46dd618c/datanode-2/data-0/containers/hdds/6deba204-2b0e-4ddb-90bc-390c46dd618c/DS-6b51ea0a-d286-438a-9c54-4b00ef04dd6c/container.db for volume DS-6b51ea0a-d286-438a-9c54-4b00ef04dd6c
2023-10-17 18:43:28,225 [EndpointStateMachine task thread for /0.0.0.0:15054 - 0 ] INFO  volume.ThrottledAsyncChecker (ThrottledAsyncChecker.java:schedule(141)) - Scheduling a check for /home/runner/work/ozone/ozone/hadoop-ozone/integration-test/target/test-dir/MiniOzoneClusterImpl-6deba204-2b0e-4ddb-90bc-390c46dd618c/datanode-2/data-0/containers/hdds
2023-10-17 18:43:28,226 [EndpointStateMachine task thread for /0.0.0.0:15054 - 0 ] INFO  volume.StorageVolumeChecker (StorageVolumeChecker.java:checkAllVolumes(213)) - Scheduled health check for volume /home/runner/work/ozone/ozone/hadoop-ozone/integration-test/target/test-dir/MiniOzoneClusterImpl-6deba204-2b0e-4ddb-90bc-390c46dd618c/datanode-2/data-0/containers/hdds
2023-10-17 18:43:28,228 [EndpointStateMachine task thread for /0.0.0.0:15054 - 0 ] INFO  volume.ThrottledAsyncChecker (ThrottledAsyncChecker.java:schedule(141)) - Scheduling a check for /home/runner/work/ozone/ozone/hadoop-ozone/integration-test/target/test-dir/MiniOzoneClusterImpl-6deba204-2b0e-4ddb-90bc-390c46dd618c/datanode-2/data/ratis
2023-10-17 18:43:28,228 [EndpointStateMachine task thread for /0.0.0.0:15054 - 0 ] INFO  volume.StorageVolumeChecker (StorageVolumeChecker.java:checkAllVolumes(213)) - Scheduled health check for volume /home/runner/work/ozone/ozone/hadoop-ozone/integration-test/target/test-dir/MiniOzoneClusterImpl-6deba204-2b0e-4ddb-90bc-390c46dd618c/datanode-2/data/ratis
2023-10-17 18:43:28,229 [EndpointStateMachine task thread for /0.0.0.0:15054 - 0 ] INFO  ozoneimpl.OzoneContainer (OzoneContainer.java:start(431)) - Attempting to start container services.
2023-10-17 18:43:28,229 [EndpointStateMachine task thread for /0.0.0.0:15054 - 0 ] INFO  ozoneimpl.OzoneContainer (OzoneContainer.java:startContainerScrub(327)) - Scheduled background container scanners and the on-demand container scanner have been disabled.
2023-10-17 18:43:28,230 [EndpointStateMachine task thread for /0.0.0.0:15054 - 0 ] INFO  replication.ReplicationServer (ReplicationServer.java:start(134)) - ReplicationServer is started using port 15086
2023-10-17 18:43:28,231 [EndpointStateMachine task thread for /0.0.0.0:15054 - 0 ] INFO  ratis.XceiverServerRatis (XceiverServerRatis.java:start(517)) - Starting XceiverServerRatis 50f74f38-5546-481b-9021-1f540e3c531d
2023-10-17 18:43:28,231 [EndpointStateMachine task thread for /0.0.0.0:15054 - 0 ] INFO  server.RaftServer (RaftServerProxy.java:startImpl(400)) - 50f74f38-5546-481b-9021-1f540e3c531d: start RPC server
2023-10-17 18:43:28,232 [EndpointStateMachine task thread for /0.0.0.0:15054 - 0 ] INFO  server.GrpcService (GrpcService.java:startImpl(302)) - 50f74f38-5546-481b-9021-1f540e3c531d: GrpcService started, listening on 15082
2023-10-17 18:43:28,232 [EndpointStateMachine task thread for /0.0.0.0:15054 - 0 ] INFO  server.GrpcService (GrpcService.java:startImpl(302)) - 50f74f38-5546-481b-9021-1f540e3c531d: GrpcService started, listening on 15084
2023-10-17 18:43:28,233 [EndpointStateMachine task thread for /0.0.0.0:15054 - 0 ] INFO  server.GrpcService (GrpcService.java:startImpl(302)) - 50f74f38-5546-481b-9021-1f540e3c531d: GrpcService started, listening on 15083
2023-10-17 18:43:28,233 [EndpointStateMachine task thread for /0.0.0.0:15054 - 0 ] INFO  ratis.XceiverServerRatis (XceiverServerRatis.java:getRealPort(543)) - XceiverServerRatis 50f74f38-5546-481b-9021-1f540e3c531d is started using port 15082 for RATIS
2023-10-17 18:43:28,233 [EndpointStateMachine task thread for /0.0.0.0:15054 - 0 ] INFO  ratis.XceiverServerRatis (XceiverServerRatis.java:getRealPort(543)) - XceiverServerRatis 50f74f38-5546-481b-9021-1f540e3c531d is started using port 15083 for RATIS_ADMIN
2023-10-17 18:43:28,233 [JvmPauseMonitor12] INFO  util.JvmPauseMonitor (JvmPauseMonitor.java:run(103)) - JvmPauseMonitor-50f74f38-5546-481b-9021-1f540e3c531d: Started
2023-10-17 18:43:28,233 [EndpointStateMachine task thread for /0.0.0.0:15054 - 0 ] INFO  ratis.XceiverServerRatis (XceiverServerRatis.java:getRealPort(543)) - XceiverServerRatis 50f74f38-5546-481b-9021-1f540e3c531d is started using port 15084 for RATIS_SERVER
2023-10-17 18:43:28,234 [EndpointStateMachine task thread for /0.0.0.0:15054 - 0 ] INFO  ratis.XceiverServerRatis (XceiverServerRatis.java:getRealPort(543)) - XceiverServerRatis 50f74f38-5546-481b-9021-1f540e3c531d is started using port 15085 for RATIS_DATASTREAM
2023-10-17 18:43:28,238 [50f74f38-5546-481b-9021-1f540e3c531d-BlockDeletingService#0] INFO  interfaces.ContainerDeletionChoosingPolicyTemplate (ContainerDeletionChoosingPolicyTemplate.java:chooseContainerForBlockDeletion(85)) - Chosen 0/5000 blocks from 0 candidate containers.
2023-10-17 18:43:29,189 [Time-limited test] INFO  ozone.MiniOzoneClusterImpl (MiniOzoneClusterImpl.java:lambda$waitForClusterToBeReady$0(229)) - Waiting for nodes to be ready. Got 0 of 3 DN Heartbeats.
2023-10-17 18:43:29,189 [Time-limited test] INFO  ozone.MiniOzoneClusterImpl (MiniOzoneClusterImpl.java:lambda$waitForClusterToBeReady$0(232)) - Waiting for cluster to exit safe mode
2023-10-17 18:43:29,189 [Time-limited test] INFO  ozone.MiniOzoneClusterImpl (MiniOzoneClusterImpl.java:lambda$waitForClusterToBeReady$0(234)) - SCM became leader
2023-10-17 18:43:29,648 [IPC Server handler 0 on default port 15054] INFO  net.NetworkTopologyImpl (NetworkTopologyImpl.java:add(112)) - Added a new node: /default-rack/2fe2737e-f7a8-402d-9eba-e541e9952274
2023-10-17 18:43:29,648 [IPC Server handler 0 on default port 15054] INFO  node.SCMNodeManager (SCMNodeManager.java:register(405)) - Registered Data node : 2fe2737e-f7a8-402d-9eba-e541e9952274{ip: 10.1.0.25, host: fv-az189-115, ports: [HTTP=15061, CLIENT_RPC=15062, REPLICATION=15068, RATIS=15064, RATIS_ADMIN=15065, RATIS_SERVER=15066, RATIS_DATASTREAM=15067, STANDALONE=15063], networkLocation: /default-rack, certSerialId: null, persistedOpState: null, persistedOpStateExpiryEpochSec: 0}
2023-10-17 18:43:29,652 [EventQueue-NodeRegistrationContainerReportForContainerSafeModeRule] INFO  safemode.SCMSafeModeManager (SCMSafeModeManager.java:validateSafeModeExitRules(200)) - ContainerSafeModeRule rule is successfully validated
2023-10-17 18:43:29,652 [EventQueue-NodeRegistrationContainerReportForDataNodeSafeModeRule] INFO  safemode.SCMSafeModeManager (DataNodeSafeModeRule.java:process(71)) - SCM in safe mode. 1 DataNodes registered, 3 required.
2023-10-17 18:43:29,656 [EventQueue-NewNodeForNewNodeHandler] INFO  pipeline.BackgroundPipelineCreator (BackgroundPipelineCreator.java:notifyEventTriggered(277)) - trigger a one-shot run on RatisPipelineUtilsThread.
2023-10-17 18:43:29,656 [EventQueue-PipelineReportForOneReplicaPipelineSafeModeRule] INFO  safemode.SCMSafeModeManager (SCMSafeModeManager.java:validateSafeModeExitRules(200)) - AtleastOneDatanodeReportedRule rule is successfully validated
2023-10-17 18:43:29,656 [RatisPipelineUtilsThread - 0] INFO  pipeline.RatisPipelineProvider (RatisPipelineProvider.java:lambda$create$0(206)) - Sending CreatePipelineCommand for pipeline:PipelineID=851d9a88-c1c5-45f1-8e64-47171a19fac3 to datanode:2fe2737e-f7a8-402d-9eba-e541e9952274
2023-10-17 18:43:29,657 [RatisPipelineUtilsThread - 0] INFO  pipeline.BackgroundPipelineCreator (BackgroundPipelineCreator.java:createPipelines(233)) - Created new pipeline Pipeline[ Id: 851d9a88-c1c5-45f1-8e64-47171a19fac3, Nodes: 2fe2737e-f7a8-402d-9eba-e541e9952274(fv-az189-115/10.1.0.25), ReplicationConfig: RATIS/ONE, State:ALLOCATED, leaderId:, CreationTimestamp2023-10-17T18:43:29.656Z[Etc/UTC]]
2023-10-17 18:43:29,916 [IPC Server handler 2 on default port 15054] INFO  net.NetworkTopologyImpl (NetworkTopologyImpl.java:add(112)) - Added a new node: /default-rack/2730903f-e14d-4dbf-85f1-555db1c02b78
2023-10-17 18:43:29,917 [IPC Server handler 2 on default port 15054] INFO  node.SCMNodeManager (SCMNodeManager.java:register(405)) - Registered Data node : 2730903f-e14d-4dbf-85f1-555db1c02b78{ip: 10.1.0.25, host: fv-az189-115, ports: [HTTP=15070, CLIENT_RPC=15071, REPLICATION=15077, RATIS=15073, RATIS_ADMIN=15074, RATIS_SERVER=15075, RATIS_DATASTREAM=15076, STANDALONE=15072], networkLocation: /default-rack, certSerialId: null, persistedOpState: null, persistedOpStateExpiryEpochSec: 0}
2023-10-17 18:43:29,918 [EventQueue-NodeRegistrationContainerReportForDataNodeSafeModeRule] INFO  safemode.SCMSafeModeManager (DataNodeSafeModeRule.java:process(71)) - SCM in safe mode. 2 DataNodes registered, 3 required.
2023-10-17 18:43:29,919 [EventQueue-NewNodeForNewNodeHandler] INFO  pipeline.BackgroundPipelineCreator (BackgroundPipelineCreator.java:notifyEventTriggered(277)) - trigger a one-shot run on RatisPipelineUtilsThread.
2023-10-17 18:43:29,920 [RatisPipelineUtilsThread - 0] INFO  pipeline.RatisPipelineProvider (RatisPipelineProvider.java:lambda$create$0(206)) - Sending CreatePipelineCommand for pipeline:PipelineID=0b7365ae-495e-405b-a7a2-672cc4cc8829 to datanode:2730903f-e14d-4dbf-85f1-555db1c02b78
2023-10-17 18:43:29,921 [RatisPipelineUtilsThread - 0] INFO  pipeline.BackgroundPipelineCreator (BackgroundPipelineCreator.java:createPipelines(233)) - Created new pipeline Pipeline[ Id: 0b7365ae-495e-405b-a7a2-672cc4cc8829, Nodes: 2730903f-e14d-4dbf-85f1-555db1c02b78(fv-az189-115/10.1.0.25), ReplicationConfig: RATIS/ONE, State:ALLOCATED, leaderId:, CreationTimestamp2023-10-17T18:43:29.920Z[Etc/UTC]]
2023-10-17 18:43:30,189 [Time-limited test] INFO  ozone.MiniOzoneClusterImpl (MiniOzoneClusterImpl.java:lambda$waitForClusterToBeReady$0(229)) - Waiting for nodes to be ready. Got 2 of 3 DN Heartbeats.
2023-10-17 18:43:30,190 [Time-limited test] INFO  ozone.MiniOzoneClusterImpl (MiniOzoneClusterImpl.java:lambda$waitForClusterToBeReady$0(232)) - Waiting for cluster to exit safe mode
2023-10-17 18:43:30,190 [Time-limited test] INFO  ozone.MiniOzoneClusterImpl (MiniOzoneClusterImpl.java:lambda$waitForClusterToBeReady$0(234)) - SCM became leader
2023-10-17 18:43:30,193 [IPC Server handler 4 on default port 15054] INFO  net.NetworkTopologyImpl (NetworkTopologyImpl.java:add(112)) - Added a new node: /default-rack/50f74f38-5546-481b-9021-1f540e3c531d
2023-10-17 18:43:30,193 [IPC Server handler 4 on default port 15054] INFO  node.SCMNodeManager (SCMNodeManager.java:register(405)) - Registered Data node : 50f74f38-5546-481b-9021-1f540e3c531d{ip: 10.1.0.25, host: fv-az189-115, ports: [HTTP=15079, CLIENT_RPC=15080, REPLICATION=15086, RATIS=15082, RATIS_ADMIN=15083, RATIS_SERVER=15084, RATIS_DATASTREAM=15085, STANDALONE=15081], networkLocation: /default-rack, certSerialId: null, persistedOpState: null, persistedOpStateExpiryEpochSec: 0}
2023-10-17 18:43:30,194 [EventQueue-NodeRegistrationContainerReportForDataNodeSafeModeRule] INFO  safemode.SCMSafeModeManager (DataNodeSafeModeRule.java:process(71)) - SCM in safe mode. 3 DataNodes registered, 3 required.
2023-10-17 18:43:30,194 [EventQueue-NodeRegistrationContainerReportForDataNodeSafeModeRule] INFO  safemode.SCMSafeModeManager (SCMSafeModeManager.java:validateSafeModeExitRules(200)) - DataNodeSafeModeRule rule is successfully validated
2023-10-17 18:43:30,195 [EventQueue-NodeRegistrationContainerReportForDataNodeSafeModeRule] INFO  safemode.SCMSafeModeManager (SCMSafeModeManager.java:completePreCheck(229)) - All SCM safe mode pre check rules have passed
2023-10-17 18:43:30,195 [EventQueue-NodeRegistrationContainerReportForDataNodeSafeModeRule] INFO  ha.SCMContext (SCMContext.java:updateSafeModeStatus(230)) - Update SafeModeStatus from SafeModeStatus{safeModeStatus=true, preCheckPassed=false} to SafeModeStatus{safeModeStatus=true, preCheckPassed=true}.
2023-10-17 18:43:30,195 [EventQueue-NodeRegistrationContainerReportForDataNodeSafeModeRule] INFO  pipeline.BackgroundPipelineCreator (BackgroundPipelineCreator.java:notifyEventTriggered(277)) - trigger a one-shot run on RatisPipelineUtilsThread.
2023-10-17 18:43:30,195 [EventQueue-NewNodeForNewNodeHandler] INFO  pipeline.BackgroundPipelineCreator (BackgroundPipelineCreator.java:notifyEventTriggered(277)) - trigger a one-shot run on RatisPipelineUtilsThread.
2023-10-17 18:43:30,195 [RatisPipelineUtilsThread - 0] INFO  pipeline.RatisPipelineProvider (RatisPipelineProvider.java:lambda$create$0(206)) - Sending CreatePipelineCommand for pipeline:PipelineID=3e6c4a77-871c-4fa4-ac2b-7a0531f17d6a to datanode:50f74f38-5546-481b-9021-1f540e3c531d
2023-10-17 18:43:30,196 [RatisPipelineUtilsThread - 0] INFO  pipeline.BackgroundPipelineCreator (BackgroundPipelineCreator.java:createPipelines(233)) - Created new pipeline Pipeline[ Id: 3e6c4a77-871c-4fa4-ac2b-7a0531f17d6a, Nodes: 50f74f38-5546-481b-9021-1f540e3c531d(fv-az189-115/10.1.0.25), ReplicationConfig: RATIS/ONE, State:ALLOCATED, leaderId:, CreationTimestamp2023-10-17T18:43:30.195Z[Etc/UTC]]
2023-10-17 18:43:30,196 [RatisPipelineUtilsThread - 0] INFO  pipeline.RatisPipelineProvider (RatisPipelineProvider.java:lambda$create$0(206)) - Sending CreatePipelineCommand for pipeline:PipelineID=a87f2e8b-6db1-4c93-b3e0-a9d15cf5a95c to datanode:2730903f-e14d-4dbf-85f1-555db1c02b78
2023-10-17 18:43:30,196 [RatisPipelineUtilsThread - 0] INFO  pipeline.RatisPipelineProvider (RatisPipelineProvider.java:lambda$create$0(206)) - Sending CreatePipelineCommand for pipeline:PipelineID=a87f2e8b-6db1-4c93-b3e0-a9d15cf5a95c to datanode:2fe2737e-f7a8-402d-9eba-e541e9952274
2023-10-17 18:43:30,196 [RatisPipelineUtilsThread - 0] INFO  pipeline.RatisPipelineProvider (RatisPipelineProvider.java:lambda$create$0(206)) - Sending CreatePipelineCommand for pipeline:PipelineID=a87f2e8b-6db1-4c93-b3e0-a9d15cf5a95c to datanode:50f74f38-5546-481b-9021-1f540e3c531d
2023-10-17 18:43:30,197 [RatisPipelineUtilsThread - 0] INFO  pipeline.BackgroundPipelineCreator (BackgroundPipelineCreator.java:createPipelines(233)) - Created new pipeline Pipeline[ Id: a87f2e8b-6db1-4c93-b3e0-a9d15cf5a95c, Nodes: 2730903f-e14d-4dbf-85f1-555db1c02b78(fv-az189-115/10.1.0.25)2fe2737e-f7a8-402d-9eba-e541e9952274(fv-az189-115/10.1.0.25)50f74f38-5546-481b-9021-1f540e3c531d(fv-az189-115/10.1.0.25), ReplicationConfig: RATIS/THREE, State:ALLOCATED, leaderId:, CreationTimestamp2023-10-17T18:43:30.196Z[Etc/UTC]]
2023-10-17 18:43:30,197 [RatisPipelineUtilsThread - 0] INFO  pipeline.RatisPipelineProvider (RatisPipelineProvider.java:lambda$create$0(206)) - Sending CreatePipelineCommand for pipeline:PipelineID=1212e58b-041a-4ef3-8e12-330311c9efb9 to datanode:2fe2737e-f7a8-402d-9eba-e541e9952274
2023-10-17 18:43:30,197 [RatisPipelineUtilsThread - 0] INFO  pipeline.RatisPipelineProvider (RatisPipelineProvider.java:lambda$create$0(206)) - Sending CreatePipelineCommand for pipeline:PipelineID=1212e58b-041a-4ef3-8e12-330311c9efb9 to datanode:2730903f-e14d-4dbf-85f1-555db1c02b78
2023-10-17 18:43:30,197 [RatisPipelineUtilsThread - 0] INFO  pipeline.RatisPipelineProvider (RatisPipelineProvider.java:lambda$create$0(206)) - Sending CreatePipelineCommand for pipeline:PipelineID=1212e58b-041a-4ef3-8e12-330311c9efb9 to datanode:50f74f38-5546-481b-9021-1f540e3c531d
2023-10-17 18:43:30,198 [RatisPipelineUtilsThread - 0] INFO  pipeline.PipelineManagerImpl (PipelineManagerImpl.java:recordMetricsForPipeline(895)) - Pipeline: PipelineID=1212e58b-041a-4ef3-8e12-330311c9efb9 contains same datanodes as previous pipelines: PipelineID=a87f2e8b-6db1-4c93-b3e0-a9d15cf5a95c nodeIds: 2fe2737e-f7a8-402d-9eba-e541e9952274, 2730903f-e14d-4dbf-85f1-555db1c02b78, 50f74f38-5546-481b-9021-1f540e3c531d
2023-10-17 18:43:30,198 [RatisPipelineUtilsThread - 0] INFO  pipeline.BackgroundPipelineCreator (BackgroundPipelineCreator.java:createPipelines(233)) - Created new pipeline Pipeline[ Id: 1212e58b-041a-4ef3-8e12-330311c9efb9, Nodes: 2fe2737e-f7a8-402d-9eba-e541e9952274(fv-az189-115/10.1.0.25)2730903f-e14d-4dbf-85f1-555db1c02b78(fv-az189-115/10.1.0.25)50f74f38-5546-481b-9021-1f540e3c531d(fv-az189-115/10.1.0.25), ReplicationConfig: RATIS/THREE, State:ALLOCATED, leaderId:, CreationTimestamp2023-10-17T18:43:30.197Z[Etc/UTC]]
2023-10-17 18:43:31,190 [Time-limited test] INFO  ozone.MiniOzoneClusterImpl (MiniOzoneClusterImpl.java:lambda$waitForClusterToBeReady$0(229)) - Nodes are ready. Got 3 of 3 DN Heartbeats.
2023-10-17 18:43:31,190 [Time-limited test] INFO  ozone.MiniOzoneClusterImpl (MiniOzoneClusterImpl.java:lambda$waitForClusterToBeReady$0(232)) - Waiting for cluster to exit safe mode
2023-10-17 18:43:31,190 [Time-limited test] INFO  ozone.MiniOzoneClusterImpl (MiniOzoneClusterImpl.java:lambda$waitForClusterToBeReady$0(234)) - SCM became leader
2023-10-17 18:43:32,190 [Time-limited test] INFO  ozone.MiniOzoneClusterImpl (MiniOzoneClusterImpl.java:lambda$waitForClusterToBeReady$0(229)) - Nodes are ready. Got 3 of 3 DN Heartbeats.
2023-10-17 18:43:32,190 [Time-limited test] INFO  ozone.MiniOzoneClusterImpl (MiniOzoneClusterImpl.java:lambda$waitForClusterToBeReady$0(232)) - Waiting for cluster to exit safe mode
2023-10-17 18:43:32,191 [Time-limited test] INFO  ozone.MiniOzoneClusterImpl (MiniOzoneClusterImpl.java:lambda$waitForClusterToBeReady$0(234)) - SCM became leader
2023-10-17 18:43:32,653 [PipelineCommandHandlerThread-0] INFO  server.RaftServer (RaftServerProxy.java:addNew(98)) - 2fe2737e-f7a8-402d-9eba-e541e9952274: addNew group-47171A19FAC3:[2fe2737e-f7a8-402d-9eba-e541e9952274|rpc:10.1.0.25:15066|admin:10.1.0.25:15065|client:10.1.0.25:15064|dataStream:10.1.0.25:15067|priority:1|startupRole:FOLLOWER] returns group-47171A19FAC3:java.util.concurrent.CompletableFuture@8ebf913[Not completed]
2023-10-17 18:43:32,654 [2fe2737e-f7a8-402d-9eba-e541e9952274-groupManagement] INFO  server.RaftServer$Division (RaftServerImpl.java:<init>(198)) - 2fe2737e-f7a8-402d-9eba-e541e9952274: new RaftServerImpl for group-47171A19FAC3:[2fe2737e-f7a8-402d-9eba-e541e9952274|rpc:10.1.0.25:15066|admin:10.1.0.25:15065|client:10.1.0.25:15064|dataStream:10.1.0.25:15067|priority:1|startupRole:FOLLOWER] with ContainerStateMachine:uninitialized
2023-10-17 18:43:32,655 [2fe2737e-f7a8-402d-9eba-e541e9952274-groupManagement] INFO  server.RaftServerConfigKeys (ConfUtils.java:logGet(46)) - raft.server.rpc.timeout.min = 5s (custom)
2023-10-17 18:43:32,655 [2fe2737e-f7a8-402d-9eba-e541e9952274-groupManagement] INFO  server.RaftServerConfigKeys (ConfUtils.java:logGet(46)) - raft.server.rpc.timeout.max = 5200ms (custom)
2023-10-17 18:43:32,655 [2fe2737e-f7a8-402d-9eba-e541e9952274-groupManagement] INFO  server.RaftServerConfigKeys (ConfUtils.java:logGet(46)) - raft.server.rpc.sleep.time = 25ms (default)
2023-10-17 18:43:32,655 [2fe2737e-f7a8-402d-9eba-e541e9952274-groupManagement] INFO  server.RaftServerConfigKeys (ConfUtils.java:logGet(46)) - raft.server.rpc.slowness.timeout = 300s (custom)
2023-10-17 18:43:32,655 [2fe2737e-f7a8-402d-9eba-e541e9952274-groupManagement] INFO  server.RaftServerConfigKeys (ConfUtils.java:logGet(46)) - raft.server.leaderelection.leader.step-down.wait-time = 10s (default)
2023-10-17 18:43:32,655 [2fe2737e-f7a8-402d-9eba-e541e9952274-groupManagement] INFO  server.RaftServerConfigKeys (ConfUtils.java:logGet(46)) - raft.server.sleep.deviation.threshold = 300ms (default)
2023-10-17 18:43:32,655 [2fe2737e-f7a8-402d-9eba-e541e9952274-groupManagement] INFO  server.RaftServer$Division (ServerState.java:<init>(120)) - 2fe2737e-f7a8-402d-9eba-e541e9952274@group-47171A19FAC3: ConfigurationManager, init=-1: peers:[2fe2737e-f7a8-402d-9eba-e541e9952274|rpc:10.1.0.25:15066|admin:10.1.0.25:15065|client:10.1.0.25:15064|dataStream:10.1.0.25:15067|priority:1|startupRole:FOLLOWER]|listeners:[], old=null, confs=<EMPTY_MAP>
2023-10-17 18:43:32,655 [2fe2737e-f7a8-402d-9eba-e541e9952274-groupManagement] INFO  server.RaftServerConfigKeys (ConfUtils.java:logGet(46)) - raft.server.storage.dir = [/home/runner/work/ozone/ozone/hadoop-ozone/integration-test/target/test-dir/MiniOzoneClusterImpl-6deba204-2b0e-4ddb-90bc-390c46dd618c/datanode-0/data/ratis] (custom)
2023-10-17 18:43:32,655 [2fe2737e-f7a8-402d-9eba-e541e9952274-groupManagement] INFO  server.RaftServerConfigKeys (ConfUtils.java:logGet(46)) - raft.server.log.corruption.policy = EXCEPTION (default)
2023-10-17 18:43:32,655 [2fe2737e-f7a8-402d-9eba-e541e9952274-groupManagement] INFO  server.RaftServerConfigKeys (ConfUtils.java:logGet(46)) - raft.server.storage.free-space.min = 0MB (=0) (default)
2023-10-17 18:43:32,655 [2fe2737e-f7a8-402d-9eba-e541e9952274-groupManagement] INFO  server.RaftServerConfigKeys (ConfUtils.java:logGet(46)) - raft.server.notification.no-leader.timeout = 300s (custom)
2023-10-17 18:43:32,655 [2fe2737e-f7a8-402d-9eba-e541e9952274-groupManagement] INFO  server.RaftServerConfigKeys (ConfUtils.java:logGet(46)) - raft.server.read.timeout = 10s (default)
2023-10-17 18:43:32,655 [2fe2737e-f7a8-402d-9eba-e541e9952274-groupManagement] INFO  server.RaftServerConfigKeys (ConfUtils.java:logGet(46)) - raft.server.retrycache.expirytime = 600000ms (custom)
2023-10-17 18:43:32,655 [2fe2737e-f7a8-402d-9eba-e541e9952274-groupManagement] INFO  server.RaftServerConfigKeys (ConfUtils.java:logGet(46)) - raft.server.retrycache.statistics.expirytime = 100μs (default)
2023-10-17 18:43:32,655 [2fe2737e-f7a8-402d-9eba-e541e9952274-groupManagement] INFO  server.RaftServerConfigKeys (ConfUtils.java:logGet(46)) - raft.server.read.option = DEFAULT (default)
2023-10-17 18:43:32,659 [2fe2737e-f7a8-402d-9eba-e541e9952274-groupManagement] INFO  server.RaftServerConfigKeys (ConfUtils.java:logGet(46)) - raft.server.rpc.request.timeout = 60s (custom)
2023-10-17 18:43:32,659 [2fe2737e-f7a8-402d-9eba-e541e9952274-groupManagement] INFO  server.RaftServerConfigKeys (ConfUtils.java:logGet(46)) - raft.server.log.appender.install.snapshot.enabled = false (custom)
2023-10-17 18:43:32,660 [2fe2737e-f7a8-402d-9eba-e541e9952274-groupManagement] INFO  server.RaftServerConfigKeys (ConfUtils.java:logGet(46)) - raft.server.threadpool.server.cached = true (default)
2023-10-17 18:43:32,660 [2fe2737e-f7a8-402d-9eba-e541e9952274-groupManagement] INFO  server.RaftServerConfigKeys (ConfUtils.java:logGet(46)) - raft.server.threadpool.server.size = 0 (default)
2023-10-17 18:43:32,660 [2fe2737e-f7a8-402d-9eba-e541e9952274-groupManagement] INFO  server.RaftServerConfigKeys (ConfUtils.java:logGet(46)) - raft.server.threadpool.client.cached = true (default)
2023-10-17 18:43:32,660 [2fe2737e-f7a8-402d-9eba-e541e9952274-groupManagement] INFO  server.RaftServerConfigKeys (ConfUtils.java:logGet(46)) - raft.server.threadpool.client.size = 0 (default)
2023-10-17 18:43:32,660 [2fe2737e-f7a8-402d-9eba-e541e9952274-groupManagement] INFO  storage.RaftStorageDirectory (RaftStorageDirectoryImpl.java:analyzeStorage(137)) - The storage directory /home/runner/work/ozone/ozone/hadoop-ozone/integration-test/target/test-dir/MiniOzoneClusterImpl-6deba204-2b0e-4ddb-90bc-390c46dd618c/datanode-0/data/ratis/851d9a88-c1c5-45f1-8e64-47171a19fac3 does not exist. Creating ...
2023-10-17 18:43:32,662 [2fe2737e-f7a8-402d-9eba-e541e9952274-groupManagement] INFO  storage.RaftStorageDirectory (RaftStorageDirectoryImpl.java:tryLock(231)) - Lock on /home/runner/work/ozone/ozone/hadoop-ozone/integration-test/target/test-dir/MiniOzoneClusterImpl-6deba204-2b0e-4ddb-90bc-390c46dd618c/datanode-0/data/ratis/851d9a88-c1c5-45f1-8e64-47171a19fac3/in_use.lock acquired by nodename 31914@fv-az189-115
2023-10-17 18:43:32,663 [2fe2737e-f7a8-402d-9eba-e541e9952274-groupManagement] INFO  storage.RaftStorage (RaftStorageImpl.java:format(96)) - Storage directory /home/runner/work/ozone/ozone/hadoop-ozone/integration-test/target/test-dir/MiniOzoneClusterImpl-6deba204-2b0e-4ddb-90bc-390c46dd618c/datanode-0/data/ratis/851d9a88-c1c5-45f1-8e64-47171a19fac3 has been successfully formatted.
2023-10-17 18:43:32,666 [EventQueue-PipelineReportForPipelineReportHandler] INFO  pipeline.PipelineReportHandler (PipelineReportHandler.java:processPipelineReport(136)) - Opened pipeline PipelineID=851d9a88-c1c5-45f1-8e64-47171a19fac3
2023-10-17 18:43:32,668 [2fe2737e-f7a8-402d-9eba-e541e9952274-groupManagement] INFO  ratis.ContainerStateMachine (ContainerStateMachine.java:loadSnapshot(262)) - group-47171A19FAC3: The snapshot info is null. Setting the last applied indexto:(t:0, i:~)
2023-10-17 18:43:32,668 [2fe2737e-f7a8-402d-9eba-e541e9952274-groupManagement] INFO  server.RaftServerConfigKeys (ConfUtils.java:logGet(46)) - raft.server.log.use.memory = false (default)
2023-10-17 18:43:32,668 [2fe2737e-f7a8-402d-9eba-e541e9952274-groupManagement] INFO  server.RaftServerConfigKeys (ConfUtils.java:logGet(46)) - raft.server.log.purge.gap = 1000000 (custom)
2023-10-17 18:43:32,668 [2fe2737e-f7a8-402d-9eba-e541e9952274-groupManagement] INFO  server.RaftServerConfigKeys (ConfUtils.java:logGet(46)) - raft.server.log.appender.buffer.byte-limit = 33554432 (custom)
2023-10-17 18:43:32,668 [2fe2737e-f7a8-402d-9eba-e541e9952274-groupManagement] INFO  server.RaftServerConfigKeys (ConfUtils.java:logGet(46)) - raft.server.log.statemachine.data.read.timeout = 1000ms (default)
2023-10-17 18:43:32,668 [2fe2737e-f7a8-402d-9eba-e541e9952274-groupManagement] INFO  server.RaftServerConfigKeys (ConfUtils.java:logGet(46)) - raft.server.log.purge.preservation.log.num = 0 (default)
2023-10-17 18:43:32,668 [EventQueue-OpenPipelineForHealthyPipelineSafeModeRule] INFO  safemode.SCMSafeModeManager (HealthyPipelineSafeModeRule.java:process(137)) - SCM in safe mode. Healthy pipelines reported count is 0, required healthy pipeline reported count is 1
2023-10-17 18:43:32,668 [2fe2737e-f7a8-402d-9eba-e541e9952274-groupManagement] INFO  server.RaftServerConfigKeys (ConfUtils.java:logGet(46)) - raft.server.log.segment.size.max = 1048576 (custom)
2023-10-17 18:43:32,669 [2fe2737e-f7a8-402d-9eba-e541e9952274-groupManagement] INFO  server.RaftServerConfigKeys (ConfUtils.java:logGet(46)) - raft.server.log.segment.cache.num.max = 2 (custom)
2023-10-17 18:43:32,669 [2fe2737e-f7a8-402d-9eba-e541e9952274-groupManagement] INFO  server.RaftServerConfigKeys (ConfUtils.java:logGet(46)) - raft.server.log.segment.cache.size.max = 200MB (=209715200) (default)
2023-10-17 18:43:32,669 [2fe2737e-f7a8-402d-9eba-e541e9952274-groupManagement] INFO  server.RaftServerConfigKeys (ConfUtils.java:logGet(46)) - raft.server.log.appender.buffer.byte-limit = 33554432 (custom)
2023-10-17 18:43:32,669 [2fe2737e-f7a8-402d-9eba-e541e9952274-groupManagement] INFO  segmented.SegmentedRaftLogWorker (SegmentedRaftLogWorker.java:<init>(188)) - new 2fe2737e-f7a8-402d-9eba-e541e9952274@group-47171A19FAC3-SegmentedRaftLogWorker for RaftStorageImpl:Storage Directory /home/runner/work/ozone/ozone/hadoop-ozone/integration-test/target/test-dir/MiniOzoneClusterImpl-6deba204-2b0e-4ddb-90bc-390c46dd618c/datanode-0/data/ratis/851d9a88-c1c5-45f1-8e64-47171a19fac3
2023-10-17 18:43:32,669 [2fe2737e-f7a8-402d-9eba-e541e9952274-groupManagement] INFO  server.RaftServerConfigKeys (ConfUtils.java:logGet(46)) - raft.server.log.queue.byte-limit = 4294967296 (custom)
2023-10-17 18:43:32,669 [2fe2737e-f7a8-402d-9eba-e541e9952274-groupManagement] INFO  server.RaftServerConfigKeys (ConfUtils.java:logGet(46)) - raft.server.log.queue.element-limit = 1024 (custom)
2023-10-17 18:43:32,669 [2fe2737e-f7a8-402d-9eba-e541e9952274-groupManagement] INFO  server.RaftServerConfigKeys (ConfUtils.java:logGet(46)) - raft.server.log.segment.size.max = 1048576 (custom)
2023-10-17 18:43:32,669 [2fe2737e-f7a8-402d-9eba-e541e9952274-groupManagement] INFO  server.RaftServerConfigKeys (ConfUtils.java:logGet(46)) - raft.server.log.preallocated.size = 16384 (custom)
2023-10-17 18:43:32,669 [2fe2737e-f7a8-402d-9eba-e541e9952274-groupManagement] INFO  server.RaftServerConfigKeys (ConfUtils.java:logGet(46)) - raft.server.log.force.sync.num = 128 (default)
2023-10-17 18:43:32,669 [2fe2737e-f7a8-402d-9eba-e541e9952274-groupManagement] INFO  server.RaftServerConfigKeys (ConfUtils.java:logGet(46)) - raft.server.log.statemachine.data.sync = true (default)
2023-10-17 18:43:32,669 [2fe2737e-f7a8-402d-9eba-e541e9952274-groupManagement] INFO  server.RaftServerConfigKeys (ConfUtils.java:logGet(46)) - raft.server.log.statemachine.data.sync.timeout = 10s (default)
2023-10-17 18:43:32,669 [2fe2737e-f7a8-402d-9eba-e541e9952274-groupManagement] INFO  server.RaftServerConfigKeys (ConfUtils.java:logGet(46)) - raft.server.log.statemachine.data.sync.timeout.retry = -1 (default)
2023-10-17 18:43:32,669 [2fe2737e-f7a8-402d-9eba-e541e9952274-groupManagement] INFO  server.RaftServerConfigKeys (ConfUtils.java:logGet(46)) - raft.server.log.write.buffer.size = 1048576 (custom)
2023-10-17 18:43:32,670 [2fe2737e-f7a8-402d-9eba-e541e9952274-groupManagement] INFO  server.RaftServerConfigKeys (ConfUtils.java:logGet(46)) - raft.server.log.appender.buffer.byte-limit = 33554432 (custom)
2023-10-17 18:43:32,675 [2fe2737e-f7a8-402d-9eba-e541e9952274-groupManagement] INFO  server.RaftServerConfigKeys (ConfUtils.java:logGet(46)) - raft.server.log.unsafe-flush.enabled = false (default)
2023-10-17 18:43:32,675 [2fe2737e-f7a8-402d-9eba-e541e9952274-groupManagement] INFO  server.RaftServerConfigKeys (ConfUtils.java:logGet(46)) - raft.server.log.async-flush.enabled = false (default)
2023-10-17 18:43:32,675 [2fe2737e-f7a8-402d-9eba-e541e9952274-groupManagement] INFO  server.RaftServerConfigKeys (ConfUtils.java:logGet(46)) - raft.server.log.statemachine.data.caching.enabled = true (custom)
2023-10-17 18:43:32,675 [2fe2737e-f7a8-402d-9eba-e541e9952274-groupManagement] INFO  segmented.SegmentedRaftLogWorker (SegmentedRaftLogWorker.java:lambda$new$0(135)) - 2fe2737e-f7a8-402d-9eba-e541e9952274@group-47171A19FAC3-SegmentedRaftLogWorker: flushIndex: setUnconditionally 0 -> -1
2023-10-17 18:43:32,675 [2fe2737e-f7a8-402d-9eba-e541e9952274-groupManagement] INFO  segmented.SegmentedRaftLogWorker (SegmentedRaftLogWorker.java:lambda$new$0(135)) - 2fe2737e-f7a8-402d-9eba-e541e9952274@group-47171A19FAC3-SegmentedRaftLogWorker: safeCacheEvictIndex: setUnconditionally 0 -> -1
2023-10-17 18:43:32,675 [2fe2737e-f7a8-402d-9eba-e541e9952274-groupManagement] INFO  server.RaftServer$Division (RaftServerImpl.java:start(342)) - 2fe2737e-f7a8-402d-9eba-e541e9952274@group-47171A19FAC3: start as a follower, conf=-1: peers:[2fe2737e-f7a8-402d-9eba-e541e9952274|rpc:10.1.0.25:15066|admin:10.1.0.25:15065|client:10.1.0.25:15064|dataStream:10.1.0.25:15067|priority:1|startupRole:FOLLOWER]|listeners:[], old=null
2023-10-17 18:43:32,675 [2fe2737e-f7a8-402d-9eba-e541e9952274-groupManagement] INFO  server.RaftServer$Division (RaftServerImpl.java:setRole(329)) - 2fe2737e-f7a8-402d-9eba-e541e9952274@group-47171A19FAC3: changes role from      null to FOLLOWER at term 0 for startAsFollower
2023-10-17 18:43:32,675 [2fe2737e-f7a8-402d-9eba-e541e9952274-groupManagement] INFO  impl.RoleInfo (RoleInfo.java:updateAndGet(139)) - 2fe2737e-f7a8-402d-9eba-e541e9952274: start 2fe2737e-f7a8-402d-9eba-e541e9952274@group-47171A19FAC3-FollowerState
2023-10-17 18:43:32,678 [2fe2737e-f7a8-402d-9eba-e541e9952274-groupManagement] INFO  util.JmxRegister (JmxRegister.java:tryRegister(44)) - Successfully registered JMX Bean with object name Ratis:service=RaftServer,group=group-47171A19FAC3,id=2fe2737e-f7a8-402d-9eba-e541e9952274
2023-10-17 18:43:32,678 [2fe2737e-f7a8-402d-9eba-e541e9952274-groupManagement] INFO  server.RaftServerConfigKeys (ConfUtils.java:logGet(46)) - raft.server.snapshot.auto.trigger.enabled = true (custom)
2023-10-17 18:43:32,678 [2fe2737e-f7a8-402d-9eba-e541e9952274-groupManagement] INFO  server.RaftServerConfigKeys (ConfUtils.java:logGet(46)) - raft.server.snapshot.auto.trigger.threshold = 10000 (custom)
2023-10-17 18:43:32,678 [2fe2737e-f7a8-402d-9eba-e541e9952274-groupManagement] INFO  server.RaftServerConfigKeys (ConfUtils.java:logGet(46)) - raft.server.snapshot.retention.file.num = 5 (custom)
2023-10-17 18:43:32,678 [2fe2737e-f7a8-402d-9eba-e541e9952274-groupManagement] INFO  server.RaftServerConfigKeys (ConfUtils.java:logGet(46)) - raft.server.log.purge.upto.snapshot.index = false (default)
2023-10-17 18:43:32,679 [2fe2737e-f7a8-402d-9eba-e541e9952274@group-47171A19FAC3-FollowerState] INFO  server.RaftServerConfigKeys (ConfUtils.java:logFallback(53)) - raft.server.rpc.first-election.timeout.min = 5s (fallback to raft.server.rpc.timeout.min)
2023-10-17 18:43:32,679 [2fe2737e-f7a8-402d-9eba-e541e9952274@group-47171A19FAC3-FollowerState] INFO  server.RaftServerConfigKeys (ConfUtils.java:logFallback(53)) - raft.server.rpc.first-election.timeout.max = 5200ms (fallback to raft.server.rpc.timeout.max)
2023-10-17 18:43:32,681 [PipelineCommandHandlerThread-0] INFO  ratis.XceiverServerRatis (XceiverServerRatis.java:addGroup(804)) - Created group PipelineID=851d9a88-c1c5-45f1-8e64-47171a19fac3
2023-10-17 18:43:32,681 [PipelineCommandHandlerThread-0] INFO  commandhandler.CreatePipelineCommandHandler (CreatePipelineCommandHandler.java:lambda$handle$2(124)) - Created Pipeline RATIS ONE PipelineID=851d9a88-c1c5-45f1-8e64-47171a19fac3.
2023-10-17 18:43:32,682 [PipelineCommandHandlerThread-0] INFO  server.RaftServer (RaftServerProxy.java:addNew(98)) - 2fe2737e-f7a8-402d-9eba-e541e9952274: addNew group-A9D15CF5A95C:[50f74f38-5546-481b-9021-1f540e3c531d|rpc:10.1.0.25:15084|admin:10.1.0.25:15083|client:10.1.0.25:15082|dataStream:10.1.0.25:15085|priority:0|startupRole:FOLLOWER, 2730903f-e14d-4dbf-85f1-555db1c02b78|rpc:10.1.0.25:15075|admin:10.1.0.25:15074|client:10.1.0.25:15073|dataStream:10.1.0.25:15076|priority:0|startupRole:FOLLOWER, 2fe2737e-f7a8-402d-9eba-e541e9952274|rpc:10.1.0.25:15066|admin:10.1.0.25:15065|client:10.1.0.25:15064|dataStream:10.1.0.25:15067|priority:1|startupRole:FOLLOWER] returns group-A9D15CF5A95C:java.util.concurrent.CompletableFuture@cd47cd6[Not completed]
2023-10-17 18:43:32,683 [2fe2737e-f7a8-402d-9eba-e541e9952274-groupManagement] INFO  server.RaftServer$Division (RaftServerImpl.java:<init>(198)) - 2fe2737e-f7a8-402d-9eba-e541e9952274: new RaftServerImpl for group-A9D15CF5A95C:[50f74f38-5546-481b-9021-1f540e3c531d|rpc:10.1.0.25:15084|admin:10.1.0.25:15083|client:10.1.0.25:15082|dataStream:10.1.0.25:15085|priority:0|startupRole:FOLLOWER, 2730903f-e14d-4dbf-85f1-555db1c02b78|rpc:10.1.0.25:15075|admin:10.1.0.25:15074|client:10.1.0.25:15073|dataStream:10.1.0.25:15076|priority:0|startupRole:FOLLOWER, 2fe2737e-f7a8-402d-9eba-e541e9952274|rpc:10.1.0.25:15066|admin:10.1.0.25:15065|client:10.1.0.25:15064|dataStream:10.1.0.25:15067|priority:1|startupRole:FOLLOWER] with ContainerStateMachine:uninitialized
2023-10-17 18:43:32,683 [2fe2737e-f7a8-402d-9eba-e541e9952274-groupManagement] INFO  server.RaftServerConfigKeys (ConfUtils.java:logGet(46)) - raft.server.rpc.timeout.min = 5s (custom)
2023-10-17 18:43:32,683 [2fe2737e-f7a8-402d-9eba-e541e9952274-groupManagement] INFO  server.RaftServerConfigKeys (ConfUtils.java:logGet(46)) - raft.server.rpc.timeout.max = 5200ms (custom)
2023-10-17 18:43:32,683 [2fe2737e-f7a8-402d-9eba-e541e9952274-groupManagement] INFO  server.RaftServerConfigKeys (ConfUtils.java:logGet(46)) - raft.server.rpc.sleep.time = 25ms (default)
2023-10-17 18:43:32,683 [2fe2737e-f7a8-402d-9eba-e541e9952274-groupManagement] INFO  server.RaftServerConfigKeys (ConfUtils.java:logGet(46)) - raft.server.rpc.slowness.timeout = 300s (custom)
2023-10-17 18:43:32,683 [2fe2737e-f7a8-402d-9eba-e541e9952274-groupManagement] INFO  server.RaftServerConfigKeys (ConfUtils.java:logGet(46)) - raft.server.leaderelection.leader.step-down.wait-time = 10s (default)
2023-10-17 18:43:32,683 [2fe2737e-f7a8-402d-9eba-e541e9952274-groupManagement] INFO  server.RaftServerConfigKeys (ConfUtils.java:logGet(46)) - raft.server.sleep.deviation.threshold = 300ms (default)
2023-10-17 18:43:32,683 [2fe2737e-f7a8-402d-9eba-e541e9952274-groupManagement] INFO  server.RaftServer$Division (ServerState.java:<init>(120)) - 2fe2737e-f7a8-402d-9eba-e541e9952274@group-A9D15CF5A95C: ConfigurationManager, init=-1: peers:[50f74f38-5546-481b-9021-1f540e3c531d|rpc:10.1.0.25:15084|admin:10.1.0.25:15083|client:10.1.0.25:15082|dataStream:10.1.0.25:15085|priority:0|startupRole:FOLLOWER, 2730903f-e14d-4dbf-85f1-555db1c02b78|rpc:10.1.0.25:15075|admin:10.1.0.25:15074|client:10.1.0.25:15073|dataStream:10.1.0.25:15076|priority:0|startupRole:FOLLOWER, 2fe2737e-f7a8-402d-9eba-e541e9952274|rpc:10.1.0.25:15066|admin:10.1.0.25:15065|client:10.1.0.25:15064|dataStream:10.1.0.25:15067|priority:1|startupRole:FOLLOWER]|listeners:[], old=null, confs=<EMPTY_MAP>
2023-10-17 18:43:32,683 [2fe2737e-f7a8-402d-9eba-e541e9952274-groupManagement] INFO  server.RaftServerConfigKeys (ConfUtils.java:logGet(46)) - raft.server.storage.dir = [/home/runner/work/ozone/ozone/hadoop-ozone/integration-test/target/test-dir/MiniOzoneClusterImpl-6deba204-2b0e-4ddb-90bc-390c46dd618c/datanode-0/data/ratis] (custom)
2023-10-17 18:43:32,683 [2fe2737e-f7a8-402d-9eba-e541e9952274-groupManagement] INFO  server.RaftServerConfigKeys (ConfUtils.java:logGet(46)) - raft.server.log.corruption.policy = EXCEPTION (default)
2023-10-17 18:43:32,683 [2fe2737e-f7a8-402d-9eba-e541e9952274-groupManagement] INFO  server.RaftServerConfigKeys (ConfUtils.java:logGet(46)) - raft.server.storage.free-space.min = 0MB (=0) (default)
2023-10-17 18:43:32,683 [2fe2737e-f7a8-402d-9eba-e541e9952274-groupManagement] INFO  server.RaftServerConfigKeys (ConfUtils.java:logGet(46)) - raft.server.notification.no-leader.timeout = 300s (custom)
2023-10-17 18:43:32,683 [2fe2737e-f7a8-402d-9eba-e541e9952274-groupManagement] INFO  server.RaftServerConfigKeys (ConfUtils.java:logGet(46)) - raft.server.read.timeout = 10s (default)
2023-10-17 18:43:32,684 [2fe2737e-f7a8-402d-9eba-e541e9952274-groupManagement] INFO  server.RaftServerConfigKeys (ConfUtils.java:logGet(46)) - raft.server.retrycache.expirytime = 600000ms (custom)
2023-10-17 18:43:32,684 [2fe2737e-f7a8-402d-9eba-e541e9952274-groupManagement] INFO  server.RaftServerConfigKeys (ConfUtils.java:logGet(46)) - raft.server.retrycache.statistics.expirytime = 100μs (default)
2023-10-17 18:43:32,684 [2fe2737e-f7a8-402d-9eba-e541e9952274-groupManagement] INFO  server.RaftServerConfigKeys (ConfUtils.java:logGet(46)) - raft.server.read.option = DEFAULT (default)
2023-10-17 18:43:32,684 [2fe2737e-f7a8-402d-9eba-e541e9952274-groupManagement] INFO  server.RaftServerConfigKeys (ConfUtils.java:logGet(46)) - raft.server.rpc.request.timeout = 60s (custom)
2023-10-17 18:43:32,684 [2fe2737e-f7a8-402d-9eba-e541e9952274-groupManagement] INFO  server.RaftServerConfigKeys (ConfUtils.java:logGet(46)) - raft.server.log.appender.install.snapshot.enabled = false (custom)
2023-10-17 18:43:32,684 [2fe2737e-f7a8-402d-9eba-e541e9952274-groupManagement] INFO  server.RaftServerConfigKeys (ConfUtils.java:logGet(46)) - raft.server.threadpool.server.cached = true (default)
2023-10-17 18:43:32,684 [2fe2737e-f7a8-402d-9eba-e541e9952274-groupManagement] INFO  server.RaftServerConfigKeys (ConfUtils.java:logGet(46)) - raft.server.threadpool.server.size = 0 (default)
2023-10-17 18:43:32,685 [2fe2737e-f7a8-402d-9eba-e541e9952274-groupManagement] INFO  server.RaftServerConfigKeys (ConfUtils.java:logGet(46)) - raft.server.threadpool.client.cached = true (default)
2023-10-17 18:43:32,685 [2fe2737e-f7a8-402d-9eba-e541e9952274-groupManagement] INFO  server.RaftServerConfigKeys (ConfUtils.java:logGet(46)) - raft.server.threadpool.client.size = 0 (default)
2023-10-17 18:43:32,685 [2fe2737e-f7a8-402d-9eba-e541e9952274-groupManagement] INFO  storage.RaftStorageDirectory (RaftStorageDirectoryImpl.java:analyzeStorage(137)) - The storage directory /home/runner/work/ozone/ozone/hadoop-ozone/integration-test/target/test-dir/MiniOzoneClusterImpl-6deba204-2b0e-4ddb-90bc-390c46dd618c/datanode-0/data/ratis/a87f2e8b-6db1-4c93-b3e0-a9d15cf5a95c does not exist. Creating ...
2023-10-17 18:43:32,686 [2fe2737e-f7a8-402d-9eba-e541e9952274-groupManagement] INFO  storage.RaftStorageDirectory (RaftStorageDirectoryImpl.java:tryLock(231)) - Lock on /home/runner/work/ozone/ozone/hadoop-ozone/integration-test/target/test-dir/MiniOzoneClusterImpl-6deba204-2b0e-4ddb-90bc-390c46dd618c/datanode-0/data/ratis/a87f2e8b-6db1-4c93-b3e0-a9d15cf5a95c/in_use.lock acquired by nodename 31914@fv-az189-115
2023-10-17 18:43:32,687 [2fe2737e-f7a8-402d-9eba-e541e9952274-groupManagement] INFO  storage.RaftStorage (RaftStorageImpl.java:format(96)) - Storage directory /home/runner/work/ozone/ozone/hadoop-ozone/integration-test/target/test-dir/MiniOzoneClusterImpl-6deba204-2b0e-4ddb-90bc-390c46dd618c/datanode-0/data/ratis/a87f2e8b-6db1-4c93-b3e0-a9d15cf5a95c has been successfully formatted.
2023-10-17 18:43:32,688 [2fe2737e-f7a8-402d-9eba-e541e9952274-groupManagement] INFO  ratis.ContainerStateMachine (ContainerStateMachine.java:loadSnapshot(262)) - group-A9D15CF5A95C: The snapshot info is null. Setting the last applied indexto:(t:0, i:~)
2023-10-17 18:43:32,688 [2fe2737e-f7a8-402d-9eba-e541e9952274-groupManagement] INFO  server.RaftServerConfigKeys (ConfUtils.java:logGet(46)) - raft.server.log.use.memory = false (default)
2023-10-17 18:43:32,688 [2fe2737e-f7a8-402d-9eba-e541e9952274-groupManagement] INFO  server.RaftServerConfigKeys (ConfUtils.java:logGet(46)) - raft.server.log.purge.gap = 1000000 (custom)
2023-10-17 18:43:32,688 [2fe2737e-f7a8-402d-9eba-e541e9952274-groupManagement] INFO  server.RaftServerConfigKeys (ConfUtils.java:logGet(46)) - raft.server.log.appender.buffer.byte-limit = 33554432 (custom)
2023-10-17 18:43:32,688 [2fe2737e-f7a8-402d-9eba-e541e9952274-groupManagement] INFO  server.RaftServerConfigKeys (ConfUtils.java:logGet(46)) - raft.server.log.statemachine.data.read.timeout = 1000ms (default)
2023-10-17 18:43:32,688 [2fe2737e-f7a8-402d-9eba-e541e9952274-groupManagement] INFO  server.RaftServerConfigKeys (ConfUtils.java:logGet(46)) - raft.server.log.purge.preservation.log.num = 0 (default)
2023-10-17 18:43:32,689 [2fe2737e-f7a8-402d-9eba-e541e9952274-groupManagement] INFO  server.RaftServerConfigKeys (ConfUtils.java:logGet(46)) - raft.server.log.segment.size.max = 1048576 (custom)
2023-10-17 18:43:32,689 [EventQueue-OpenPipelineForHealthyPipelineSafeModeRule] INFO  safemode.SCMSafeModeManager (HealthyPipelineSafeModeRule.java:process(137)) - SCM in safe mode. Healthy pipelines reported count is 0, required healthy pipeline reported count is 1
2023-10-17 18:43:32,689 [2fe2737e-f7a8-402d-9eba-e541e9952274-groupManagement] INFO  server.RaftServerConfigKeys (ConfUtils.java:logGet(46)) - raft.server.log.segment.cache.num.max = 2 (custom)
2023-10-17 18:43:32,689 [2fe2737e-f7a8-402d-9eba-e541e9952274-groupManagement] INFO  server.RaftServerConfigKeys (ConfUtils.java:logGet(46)) - raft.server.log.segment.cache.size.max = 200MB (=209715200) (default)
2023-10-17 18:43:32,689 [2fe2737e-f7a8-402d-9eba-e541e9952274-groupManagement] INFO  server.RaftServerConfigKeys (ConfUtils.java:logGet(46)) - raft.server.log.appender.buffer.byte-limit = 33554432 (custom)
2023-10-17 18:43:32,689 [2fe2737e-f7a8-402d-9eba-e541e9952274-groupManagement] INFO  segmented.SegmentedRaftLogWorker (SegmentedRaftLogWorker.java:<init>(188)) - new 2fe2737e-f7a8-402d-9eba-e541e9952274@group-A9D15CF5A95C-SegmentedRaftLogWorker for RaftStorageImpl:Storage Directory /home/runner/work/ozone/ozone/hadoop-ozone/integration-test/target/test-dir/MiniOzoneClusterImpl-6deba204-2b0e-4ddb-90bc-390c46dd618c/datanode-0/data/ratis/a87f2e8b-6db1-4c93-b3e0-a9d15cf5a95c
2023-10-17 18:43:32,689 [2fe2737e-f7a8-402d-9eba-e541e9952274-groupManagement] INFO  server.RaftServerConfigKeys (ConfUtils.java:logGet(46)) - raft.server.log.queue.byte-limit = 4294967296 (custom)
2023-10-17 18:43:32,689 [2fe2737e-f7a8-402d-9eba-e541e9952274-groupManagement] INFO  server.RaftServerConfigKeys (ConfUtils.java:logGet(46)) - raft.server.log.queue.element-limit = 1024 (custom)
2023-10-17 18:43:32,689 [2fe2737e-f7a8-402d-9eba-e541e9952274-groupManagement] INFO  server.RaftServerConfigKeys (ConfUtils.java:logGet(46)) - raft.server.log.segment.size.max = 1048576 (custom)
2023-10-17 18:43:32,690 [2fe2737e-f7a8-402d-9eba-e541e9952274-groupManagement] INFO  server.RaftServerConfigKeys (ConfUtils.java:logGet(46)) - raft.server.log.preallocated.size = 16384 (custom)
2023-10-17 18:43:32,690 [2fe2737e-f7a8-402d-9eba-e541e9952274-groupManagement] INFO  server.RaftServerConfigKeys (ConfUtils.java:logGet(46)) - raft.server.log.force.sync.num = 128 (default)
2023-10-17 18:43:32,690 [2fe2737e-f7a8-402d-9eba-e541e9952274-groupManagement] INFO  server.RaftServerConfigKeys (ConfUtils.java:logGet(46)) - raft.server.log.statemachine.data.sync = true (default)
2023-10-17 18:43:32,690 [2fe2737e-f7a8-402d-9eba-e541e9952274-groupManagement] INFO  server.RaftServerConfigKeys (ConfUtils.java:logGet(46)) - raft.server.log.statemachine.data.sync.timeout = 10s (default)
2023-10-17 18:43:32,690 [2fe2737e-f7a8-402d-9eba-e541e9952274-groupManagement] INFO  server.RaftServerConfigKeys (ConfUtils.java:logGet(46)) - raft.server.log.statemachine.data.sync.timeout.retry = -1 (default)
2023-10-17 18:43:32,690 [2fe2737e-f7a8-402d-9eba-e541e9952274-groupManagement] INFO  server.RaftServerConfigKeys (ConfUtils.java:logGet(46)) - raft.server.log.write.buffer.size = 1048576 (custom)
2023-10-17 18:43:32,690 [2fe2737e-f7a8-402d-9eba-e541e9952274-groupManagement] INFO  server.RaftServerConfigKeys (ConfUtils.java:logGet(46)) - raft.server.log.appender.buffer.byte-limit = 33554432 (custom)
2023-10-17 18:43:32,695 [2fe2737e-f7a8-402d-9eba-e541e9952274-groupManagement] INFO  server.RaftServerConfigKeys (ConfUtils.java:logGet(46)) - raft.server.log.unsafe-flush.enabled = false (default)
2023-10-17 18:43:32,695 [2fe2737e-f7a8-402d-9eba-e541e9952274-groupManagement] INFO  server.RaftServerConfigKeys (ConfUtils.java:logGet(46)) - raft.server.log.async-flush.enabled = false (default)
2023-10-17 18:43:32,695 [2fe2737e-f7a8-402d-9eba-e541e9952274-groupManagement] INFO  server.RaftServerConfigKeys (ConfUtils.java:logGet(46)) - raft.server.log.statemachine.data.caching.enabled = true (custom)
2023-10-17 18:43:32,696 [2fe2737e-f7a8-402d-9eba-e541e9952274-groupManagement] INFO  segmented.SegmentedRaftLogWorker (SegmentedRaftLogWorker.java:lambda$new$0(135)) - 2fe2737e-f7a8-402d-9eba-e541e9952274@group-A9D15CF5A95C-SegmentedRaftLogWorker: flushIndex: setUnconditionally 0 -> -1
2023-10-17 18:43:32,696 [2fe2737e-f7a8-402d-9eba-e541e9952274-groupManagement] INFO  segmented.SegmentedRaftLogWorker (SegmentedRaftLogWorker.java:lambda$new$0(135)) - 2fe2737e-f7a8-402d-9eba-e541e9952274@group-A9D15CF5A95C-SegmentedRaftLogWorker: safeCacheEvictIndex: setUnconditionally 0 -> -1
2023-10-17 18:43:32,696 [2fe2737e-f7a8-402d-9eba-e541e9952274-groupManagement] INFO  server.RaftServer$Division (RaftServerImpl.java:start(342)) - 2fe2737e-f7a8-402d-9eba-e541e9952274@group-A9D15CF5A95C: start as a follower, conf=-1: peers:[50f74f38-5546-481b-9021-1f540e3c531d|rpc:10.1.0.25:15084|admin:10.1.0.25:15083|client:10.1.0.25:15082|dataStream:10.1.0.25:15085|priority:0|startupRole:FOLLOWER, 2730903f-e14d-4dbf-85f1-555db1c02b78|rpc:10.1.0.25:15075|admin:10.1.0.25:15074|client:10.1.0.25:15073|dataStream:10.1.0.25:15076|priority:0|startupRole:FOLLOWER, 2fe2737e-f7a8-402d-9eba-e541e9952274|rpc:10.1.0.25:15066|admin:10.1.0.25:15065|client:10.1.0.25:15064|dataStream:10.1.0.25:15067|priority:1|startupRole:FOLLOWER]|listeners:[], old=null
2023-10-17 18:43:32,696 [2fe2737e-f7a8-402d-9eba-e541e9952274-groupManagement] INFO  server.RaftServer$Division (RaftServerImpl.java:setRole(329)) - 2fe2737e-f7a8-402d-9eba-e541e9952274@group-A9D15CF5A95C: changes role from      null to FOLLOWER at term 0 for startAsFollower
2023-10-17 18:43:32,696 [2fe2737e-f7a8-402d-9eba-e541e9952274-groupManagement] INFO  impl.RoleInfo (RoleInfo.java:updateAndGet(139)) - 2fe2737e-f7a8-402d-9eba-e541e9952274: start 2fe2737e-f7a8-402d-9eba-e541e9952274@group-A9D15CF5A95C-FollowerState
2023-10-17 18:43:32,698 [2fe2737e-f7a8-402d-9eba-e541e9952274-groupManagement] INFO  util.JmxRegister (JmxRegister.java:tryRegister(44)) - Successfully registered JMX Bean with object name Ratis:service=RaftServer,group=group-A9D15CF5A95C,id=2fe2737e-f7a8-402d-9eba-e541e9952274
2023-10-17 18:43:32,698 [2fe2737e-f7a8-402d-9eba-e541e9952274-groupManagement] INFO  server.RaftServerConfigKeys (ConfUtils.java:logGet(46)) - raft.server.snapshot.auto.trigger.enabled = true (custom)
2023-10-17 18:43:32,698 [2fe2737e-f7a8-402d-9eba-e541e9952274-groupManagement] INFO  server.RaftServerConfigKeys (ConfUtils.java:logGet(46)) - raft.server.snapshot.auto.trigger.threshold = 10000 (custom)
2023-10-17 18:43:32,698 [2fe2737e-f7a8-402d-9eba-e541e9952274-groupManagement] INFO  server.RaftServerConfigKeys (ConfUtils.java:logGet(46)) - raft.server.snapshot.retention.file.num = 5 (custom)
2023-10-17 18:43:32,698 [2fe2737e-f7a8-402d-9eba-e541e9952274-groupManagement] INFO  server.RaftServerConfigKeys (ConfUtils.java:logGet(46)) - raft.server.log.purge.upto.snapshot.index = false (default)
2023-10-17 18:43:32,699 [2fe2737e-f7a8-402d-9eba-e541e9952274@group-A9D15CF5A95C-FollowerState] INFO  server.RaftServerConfigKeys (ConfUtils.java:logFallback(53)) - raft.server.rpc.first-election.timeout.min = 5s (fallback to raft.server.rpc.timeout.min)
2023-10-17 18:43:32,699 [2fe2737e-f7a8-402d-9eba-e541e9952274@group-A9D15CF5A95C-FollowerState] INFO  server.RaftServerConfigKeys (ConfUtils.java:logFallback(53)) - raft.server.rpc.first-election.timeout.max = 5200ms (fallback to raft.server.rpc.timeout.max)
2023-10-17 18:43:32,702 [PipelineCommandHandlerThread-0] INFO  ratis.XceiverServerRatis (XceiverServerRatis.java:addGroup(804)) - Created group PipelineID=a87f2e8b-6db1-4c93-b3e0-a9d15cf5a95c
2023-10-17 18:43:32,724 [grpc-default-executor-0] INFO  server.RaftServer (RaftServerProxy.java:addNew(98)) - 2730903f-e14d-4dbf-85f1-555db1c02b78: addNew group-A9D15CF5A95C:[50f74f38-5546-481b-9021-1f540e3c531d|rpc:10.1.0.25:15084|admin:10.1.0.25:15083|client:10.1.0.25:15082|dataStream:10.1.0.25:15085|priority:0|startupRole:FOLLOWER, 2730903f-e14d-4dbf-85f1-555db1c02b78|rpc:10.1.0.25:15075|admin:10.1.0.25:15074|client:10.1.0.25:15073|dataStream:10.1.0.25:15076|priority:0|startupRole:FOLLOWER, 2fe2737e-f7a8-402d-9eba-e541e9952274|rpc:10.1.0.25:15066|admin:10.1.0.25:15065|client:10.1.0.25:15064|dataStream:10.1.0.25:15067|priority:1|startupRole:FOLLOWER] returns group-A9D15CF5A95C:java.util.concurrent.CompletableFuture@6521111e[Not completed]
2023-10-17 18:43:32,726 [2730903f-e14d-4dbf-85f1-555db1c02b78-groupManagement] INFO  server.RaftServer$Division (RaftServerImpl.java:<init>(198)) - 2730903f-e14d-4dbf-85f1-555db1c02b78: new RaftServerImpl for group-A9D15CF5A95C:[50f74f38-5546-481b-9021-1f540e3c531d|rpc:10.1.0.25:15084|admin:10.1.0.25:15083|client:10.1.0.25:15082|dataStream:10.1.0.25:15085|priority:0|startupRole:FOLLOWER, 2730903f-e14d-4dbf-85f1-555db1c02b78|rpc:10.1.0.25:15075|admin:10.1.0.25:15074|client:10.1.0.25:15073|dataStream:10.1.0.25:15076|priority:0|startupRole:FOLLOWER, 2fe2737e-f7a8-402d-9eba-e541e9952274|rpc:10.1.0.25:15066|admin:10.1.0.25:15065|client:10.1.0.25:15064|dataStream:10.1.0.25:15067|priority:1|startupRole:FOLLOWER] with ContainerStateMachine:uninitialized
2023-10-17 18:43:32,726 [2730903f-e14d-4dbf-85f1-555db1c02b78-groupManagement] INFO  server.RaftServerConfigKeys (ConfUtils.java:logGet(46)) - raft.server.rpc.timeout.min = 5s (custom)
2023-10-17 18:43:32,726 [2730903f-e14d-4dbf-85f1-555db1c02b78-groupManagement] INFO  server.RaftServerConfigKeys (ConfUtils.java:logGet(46)) - raft.server.rpc.timeout.max = 5200ms (custom)
2023-10-17 18:43:32,726 [2730903f-e14d-4dbf-85f1-555db1c02b78-groupManagement] INFO  server.RaftServerConfigKeys (ConfUtils.java:logGet(46)) - raft.server.rpc.sleep.time = 25ms (default)
2023-10-17 18:43:32,727 [2730903f-e14d-4dbf-85f1-555db1c02b78-groupManagement] INFO  server.RaftServerConfigKeys (ConfUtils.java:logGet(46)) - raft.server.rpc.slowness.timeout = 300s (custom)
2023-10-17 18:43:32,727 [2730903f-e14d-4dbf-85f1-555db1c02b78-groupManagement] INFO  server.RaftServerConfigKeys (ConfUtils.java:logGet(46)) - raft.server.leaderelection.leader.step-down.wait-time = 10s (default)
2023-10-17 18:43:32,727 [2730903f-e14d-4dbf-85f1-555db1c02b78-groupManagement] INFO  server.RaftServerConfigKeys (ConfUtils.java:logGet(46)) - raft.server.sleep.deviation.threshold = 300ms (default)
2023-10-17 18:43:32,727 [2730903f-e14d-4dbf-85f1-555db1c02b78-groupManagement] INFO  server.RaftServer$Division (ServerState.java:<init>(120)) - 2730903f-e14d-4dbf-85f1-555db1c02b78@group-A9D15CF5A95C: ConfigurationManager, init=-1: peers:[50f74f38-5546-481b-9021-1f540e3c531d|rpc:10.1.0.25:15084|admin:10.1.0.25:15083|client:10.1.0.25:15082|dataStream:10.1.0.25:15085|priority:0|startupRole:FOLLOWER, 2730903f-e14d-4dbf-85f1-555db1c02b78|rpc:10.1.0.25:15075|admin:10.1.0.25:15074|client:10.1.0.25:15073|dataStream:10.1.0.25:15076|priority:0|startupRole:FOLLOWER, 2fe2737e-f7a8-402d-9eba-e541e9952274|rpc:10.1.0.25:15066|admin:10.1.0.25:15065|client:10.1.0.25:15064|dataStream:10.1.0.25:15067|priority:1|startupRole:FOLLOWER]|listeners:[], old=null, confs=<EMPTY_MAP>
2023-10-17 18:43:32,727 [2730903f-e14d-4dbf-85f1-555db1c02b78-groupManagement] INFO  server.RaftServerConfigKeys (ConfUtils.java:logGet(46)) - raft.server.storage.dir = [/home/runner/work/ozone/ozone/hadoop-ozone/integration-test/target/test-dir/MiniOzoneClusterImpl-6deba204-2b0e-4ddb-90bc-390c46dd618c/datanode-1/data/ratis] (custom)
2023-10-17 18:43:32,727 [2730903f-e14d-4dbf-85f1-555db1c02b78-groupManagement] INFO  server.RaftServerConfigKeys (ConfUtils.java:logGet(46)) - raft.server.log.corruption.policy = EXCEPTION (default)
2023-10-17 18:43:32,727 [2730903f-e14d-4dbf-85f1-555db1c02b78-groupManagement] INFO  server.RaftServerConfigKeys (ConfUtils.java:logGet(46)) - raft.server.storage.free-space.min = 0MB (=0) (default)
2023-10-17 18:43:32,728 [2730903f-e14d-4dbf-85f1-555db1c02b78-groupManagement] INFO  server.RaftServerConfigKeys (ConfUtils.java:logGet(46)) - raft.server.notification.no-leader.timeout = 300s (custom)
2023-10-17 18:43:32,728 [2730903f-e14d-4dbf-85f1-555db1c02b78-groupManagement] INFO  server.RaftServerConfigKeys (ConfUtils.java:logGet(46)) - raft.server.read.timeout = 10s (default)
2023-10-17 18:43:32,728 [2730903f-e14d-4dbf-85f1-555db1c02b78-groupManagement] INFO  server.RaftServerConfigKeys (ConfUtils.java:logGet(46)) - raft.server.retrycache.expirytime = 600000ms (custom)
2023-10-17 18:43:32,728 [2730903f-e14d-4dbf-85f1-555db1c02b78-groupManagement] INFO  server.RaftServerConfigKeys (ConfUtils.java:logGet(46)) - raft.server.retrycache.statistics.expirytime = 100μs (default)
2023-10-17 18:43:32,728 [2730903f-e14d-4dbf-85f1-555db1c02b78-groupManagement] INFO  server.RaftServerConfigKeys (ConfUtils.java:logGet(46)) - raft.server.read.option = DEFAULT (default)
2023-10-17 18:43:32,728 [2730903f-e14d-4dbf-85f1-555db1c02b78-groupManagement] INFO  server.RaftServerConfigKeys (ConfUtils.java:logGet(46)) - raft.server.rpc.request.timeout = 60s (custom)
2023-10-17 18:43:32,729 [2730903f-e14d-4dbf-85f1-555db1c02b78-groupManagement] INFO  server.RaftServerConfigKeys (ConfUtils.java:logGet(46)) - raft.server.log.appender.install.snapshot.enabled = false (custom)
2023-10-17 18:43:32,729 [2730903f-e14d-4dbf-85f1-555db1c02b78-groupManagement] INFO  server.RaftServerConfigKeys (ConfUtils.java:logGet(46)) - raft.server.threadpool.server.cached = true (default)
2023-10-17 18:43:32,729 [2730903f-e14d-4dbf-85f1-555db1c02b78-groupManagement] INFO  server.RaftServerConfigKeys (ConfUtils.java:logGet(46)) - raft.server.threadpool.server.size = 0 (default)
2023-10-17 18:43:32,729 [2730903f-e14d-4dbf-85f1-555db1c02b78-groupManagement] INFO  server.RaftServerConfigKeys (ConfUtils.java:logGet(46)) - raft.server.threadpool.client.cached = true (default)
2023-10-17 18:43:32,729 [2730903f-e14d-4dbf-85f1-555db1c02b78-groupManagement] INFO  server.RaftServerConfigKeys (ConfUtils.java:logGet(46)) - raft.server.threadpool.client.size = 0 (default)
2023-10-17 18:43:32,729 [2730903f-e14d-4dbf-85f1-555db1c02b78-groupManagement] INFO  storage.RaftStorageDirectory (RaftStorageDirectoryImpl.java:analyzeStorage(137)) - The storage directory /home/runner/work/ozone/ozone/hadoop-ozone/integration-test/target/test-dir/MiniOzoneClusterImpl-6deba204-2b0e-4ddb-90bc-390c46dd618c/datanode-1/data/ratis/a87f2e8b-6db1-4c93-b3e0-a9d15cf5a95c does not exist. Creating ...
2023-10-17 18:43:32,730 [2730903f-e14d-4dbf-85f1-555db1c02b78-groupManagement] INFO  storage.RaftStorageDirectory (RaftStorageDirectoryImpl.java:tryLock(231)) - Lock on /home/runner/work/ozone/ozone/hadoop-ozone/integration-test/target/test-dir/MiniOzoneClusterImpl-6deba204-2b0e-4ddb-90bc-390c46dd618c/datanode-1/data/ratis/a87f2e8b-6db1-4c93-b3e0-a9d15cf5a95c/in_use.lock acquired by nodename 31914@fv-az189-115
2023-10-17 18:43:32,731 [2730903f-e14d-4dbf-85f1-555db1c02b78-groupManagement] INFO  storage.RaftStorage (RaftStorageImpl.java:format(96)) - Storage directory /home/runner/work/ozone/ozone/hadoop-ozone/integration-test/target/test-dir/MiniOzoneClusterImpl-6deba204-2b0e-4ddb-90bc-390c46dd618c/datanode-1/data/ratis/a87f2e8b-6db1-4c93-b3e0-a9d15cf5a95c has been successfully formatted.
2023-10-17 18:43:32,732 [2730903f-e14d-4dbf-85f1-555db1c02b78-groupManagement] INFO  ratis.ContainerStateMachine (ContainerStateMachine.java:loadSnapshot(262)) - group-A9D15CF5A95C: The snapshot info is null. Setting the last applied indexto:(t:0, i:~)
2023-10-17 18:43:32,732 [2730903f-e14d-4dbf-85f1-555db1c02b78-groupManagement] INFO  server.RaftServerConfigKeys (ConfUtils.java:logGet(46)) - raft.server.log.use.memory = false (default)
2023-10-17 18:43:32,732 [2730903f-e14d-4dbf-85f1-555db1c02b78-groupManagement] INFO  server.RaftServerConfigKeys (ConfUtils.java:logGet(46)) - raft.server.log.purge.gap = 1000000 (custom)
2023-10-17 18:43:32,732 [2730903f-e14d-4dbf-85f1-555db1c02b78-groupManagement] INFO  server.RaftServerConfigKeys (ConfUtils.java:logGet(46)) - raft.server.log.appender.buffer.byte-limit = 33554432 (custom)
2023-10-17 18:43:32,732 [2730903f-e14d-4dbf-85f1-555db1c02b78-groupManagement] INFO  server.RaftServerConfigKeys (ConfUtils.java:logGet(46)) - raft.server.log.statemachine.data.read.timeout = 1000ms (default)
2023-10-17 18:43:32,733 [2730903f-e14d-4dbf-85f1-555db1c02b78-groupManagement] INFO  server.RaftServerConfigKeys (ConfUtils.java:logGet(46)) - raft.server.log.purge.preservation.log.num = 0 (default)
2023-10-17 18:43:32,733 [2730903f-e14d-4dbf-85f1-555db1c02b78-groupManagement] INFO  server.RaftServerConfigKeys (ConfUtils.java:logGet(46)) - raft.server.log.segment.size.max = 1048576 (custom)
2023-10-17 18:43:32,733 [2730903f-e14d-4dbf-85f1-555db1c02b78-groupManagement] INFO  server.RaftServerConfigKeys (ConfUtils.java:logGet(46)) - raft.server.log.segment.cache.num.max = 2 (custom)
2023-10-17 18:43:32,733 [2730903f-e14d-4dbf-85f1-555db1c02b78-groupManagement] INFO  server.RaftServerConfigKeys (ConfUtils.java:logGet(46)) - raft.server.log.segment.cache.size.max = 200MB (=209715200) (default)
2023-10-17 18:43:32,733 [2730903f-e14d-4dbf-85f1-555db1c02b78-groupManagement] INFO  server.RaftServerConfigKeys (ConfUtils.java:logGet(46)) - raft.server.log.appender.buffer.byte-limit = 33554432 (custom)
2023-10-17 18:43:32,733 [2730903f-e14d-4dbf-85f1-555db1c02b78-groupManagement] INFO  segmented.SegmentedRaftLogWorker (SegmentedRaftLogWorker.java:<init>(188)) - new 2730903f-e14d-4dbf-85f1-555db1c02b78@group-A9D15CF5A95C-SegmentedRaftLogWorker for RaftStorageImpl:Storage Directory /home/runner/work/ozone/ozone/hadoop-ozone/integration-test/target/test-dir/MiniOzoneClusterImpl-6deba204-2b0e-4ddb-90bc-390c46dd618c/datanode-1/data/ratis/a87f2e8b-6db1-4c93-b3e0-a9d15cf5a95c
2023-10-17 18:43:32,733 [2730903f-e14d-4dbf-85f1-555db1c02b78-groupManagement] INFO  server.RaftServerConfigKeys (ConfUtils.java:logGet(46)) - raft.server.log.queue.byte-limit = 4294967296 (custom)
2023-10-17 18:43:32,733 [2730903f-e14d-4dbf-85f1-555db1c02b78-groupManagement] INFO  server.RaftServerConfigKeys (ConfUtils.java:logGet(46)) - raft.server.log.queue.element-limit = 1024 (custom)
2023-10-17 18:43:32,733 [2730903f-e14d-4dbf-85f1-555db1c02b78-groupManagement] INFO  server.RaftServerConfigKeys (ConfUtils.java:logGet(46)) - raft.server.log.segment.size.max = 1048576 (custom)
2023-10-17 18:43:32,733 [2730903f-e14d-4dbf-85f1-555db1c02b78-groupManagement] INFO  server.RaftServerConfigKeys (ConfUtils.java:logGet(46)) - raft.server.log.preallocated.size = 16384 (custom)
2023-10-17 18:43:32,733 [2730903f-e14d-4dbf-85f1-555db1c02b78-groupManagement] INFO  server.RaftServerConfigKeys (ConfUtils.java:logGet(46)) - raft.server.log.force.sync.num = 128 (default)
2023-10-17 18:43:32,733 [2730903f-e14d-4dbf-85f1-555db1c02b78-groupManagement] INFO  server.RaftServerConfigKeys (ConfUtils.java:logGet(46)) - raft.server.log.statemachine.data.sync = true (default)
2023-10-17 18:43:32,733 [2730903f-e14d-4dbf-85f1-555db1c02b78-groupManagement] INFO  server.RaftServerConfigKeys (ConfUtils.java:logGet(46)) - raft.server.log.statemachine.data.sync.timeout = 10s (default)
2023-10-17 18:43:32,734 [2730903f-e14d-4dbf-85f1-555db1c02b78-groupManagement] INFO  server.RaftServerConfigKeys (ConfUtils.java:logGet(46)) - raft.server.log.statemachine.data.sync.timeout.retry = -1 (default)
2023-10-17 18:43:32,738 [2730903f-e14d-4dbf-85f1-555db1c02b78-groupManagement] INFO  server.RaftServerConfigKeys (ConfUtils.java:logGet(46)) - raft.server.log.write.buffer.size = 1048576 (custom)
2023-10-17 18:43:32,738 [2730903f-e14d-4dbf-85f1-555db1c02b78-groupManagement] INFO  server.RaftServerConfigKeys (ConfUtils.java:logGet(46)) - raft.server.log.appender.buffer.byte-limit = 33554432 (custom)
2023-10-17 18:43:32,743 [2730903f-e14d-4dbf-85f1-555db1c02b78-groupManagement] INFO  server.RaftServerConfigKeys (ConfUtils.java:logGet(46)) - raft.server.log.unsafe-flush.enabled = false (default)
2023-10-17 18:43:32,744 [2730903f-e14d-4dbf-85f1-555db1c02b78-groupManagement] INFO  server.RaftServerConfigKeys (ConfUtils.java:logGet(46)) - raft.server.log.async-flush.enabled = false (default)
2023-10-17 18:43:32,744 [2730903f-e14d-4dbf-85f1-555db1c02b78-groupManagement] INFO  server.RaftServerConfigKeys (ConfUtils.java:logGet(46)) - raft.server.log.statemachine.data.caching.enabled = true (custom)
2023-10-17 18:43:32,744 [2730903f-e14d-4dbf-85f1-555db1c02b78-groupManagement] INFO  segmented.SegmentedRaftLogWorker (SegmentedRaftLogWorker.java:lambda$new$0(135)) - 2730903f-e14d-4dbf-85f1-555db1c02b78@group-A9D15CF5A95C-SegmentedRaftLogWorker: flushIndex: setUnconditionally 0 -> -1
2023-10-17 18:43:32,744 [2730903f-e14d-4dbf-85f1-555db1c02b78-groupManagement] INFO  segmented.SegmentedRaftLogWorker (SegmentedRaftLogWorker.java:lambda$new$0(135)) - 2730903f-e14d-4dbf-85f1-555db1c02b78@group-A9D15CF5A95C-SegmentedRaftLogWorker: safeCacheEvictIndex: setUnconditionally 0 -> -1
2023-10-17 18:43:32,744 [2730903f-e14d-4dbf-85f1-555db1c02b78-groupManagement] INFO  server.RaftServer$Division (RaftServerImpl.java:start(342)) - 2730903f-e14d-4dbf-85f1-555db1c02b78@group-A9D15CF5A95C: start as a follower, conf=-1: peers:[50f74f38-5546-481b-9021-1f540e3c531d|rpc:10.1.0.25:15084|admin:10.1.0.25:15083|client:10.1.0.25:15082|dataStream:10.1.0.25:15085|priority:0|startupRole:FOLLOWER, 2730903f-e14d-4dbf-85f1-555db1c02b78|rpc:10.1.0.25:15075|admin:10.1.0.25:15074|client:10.1.0.25:15073|dataStream:10.1.0.25:15076|priority:0|startupRole:FOLLOWER, 2fe2737e-f7a8-402d-9eba-e541e9952274|rpc:10.1.0.25:15066|admin:10.1.0.25:15065|client:10.1.0.25:15064|dataStream:10.1.0.25:15067|priority:1|startupRole:FOLLOWER]|listeners:[], old=null
2023-10-17 18:43:32,744 [2730903f-e14d-4dbf-85f1-555db1c02b78-groupManagement] INFO  server.RaftServer$Division (RaftServerImpl.java:setRole(329)) - 2730903f-e14d-4dbf-85f1-555db1c02b78@group-A9D15CF5A95C: changes role from      null to FOLLOWER at term 0 for startAsFollower
2023-10-17 18:43:32,744 [2730903f-e14d-4dbf-85f1-555db1c02b78-groupManagement] INFO  impl.RoleInfo (RoleInfo.java:updateAndGet(139)) - 2730903f-e14d-4dbf-85f1-555db1c02b78: start 2730903f-e14d-4dbf-85f1-555db1c02b78@group-A9D15CF5A95C-FollowerState
2023-10-17 18:43:32,745 [2730903f-e14d-4dbf-85f1-555db1c02b78-groupManagement] INFO  util.JmxRegister (JmxRegister.java:tryRegister(44)) - Successfully registered JMX Bean with object name Ratis:service=RaftServer,group=group-A9D15CF5A95C,id=2730903f-e14d-4dbf-85f1-555db1c02b78
2023-10-17 18:43:32,745 [2730903f-e14d-4dbf-85f1-555db1c02b78-groupManagement] INFO  server.RaftServerConfigKeys (ConfUtils.java:logGet(46)) - raft.server.snapshot.auto.trigger.enabled = true (custom)
2023-10-17 18:43:32,745 [2730903f-e14d-4dbf-85f1-555db1c02b78-groupManagement] INFO  server.RaftServerConfigKeys (ConfUtils.java:logGet(46)) - raft.server.snapshot.auto.trigger.threshold = 10000 (custom)
2023-10-17 18:43:32,745 [2730903f-e14d-4dbf-85f1-555db1c02b78-groupManagement] INFO  server.RaftServerConfigKeys (ConfUtils.java:logGet(46)) - raft.server.snapshot.retention.file.num = 5 (custom)
2023-10-17 18:43:32,745 [2730903f-e14d-4dbf-85f1-555db1c02b78-groupManagement] INFO  server.RaftServerConfigKeys (ConfUtils.java:logGet(46)) - raft.server.log.purge.upto.snapshot.index = false (default)
2023-10-17 18:43:32,746 [2730903f-e14d-4dbf-85f1-555db1c02b78@group-A9D15CF5A95C-FollowerState] INFO  server.RaftServerConfigKeys (ConfUtils.java:logFallback(53)) - raft.server.rpc.first-election.timeout.min = 5s (fallback to raft.server.rpc.timeout.min)
2023-10-17 18:43:32,746 [2730903f-e14d-4dbf-85f1-555db1c02b78@group-A9D15CF5A95C-FollowerState] INFO  server.RaftServerConfigKeys (ConfUtils.java:logFallback(53)) - raft.server.rpc.first-election.timeout.max = 5200ms (fallback to raft.server.rpc.timeout.max)
2023-10-17 18:43:32,766 [grpc-default-executor-0] INFO  server.RaftServer (RaftServerProxy.java:addNew(98)) - 50f74f38-5546-481b-9021-1f540e3c531d: addNew group-A9D15CF5A95C:[50f74f38-5546-481b-9021-1f540e3c531d|rpc:10.1.0.25:15084|admin:10.1.0.25:15083|client:10.1.0.25:15082|dataStream:10.1.0.25:15085|priority:0|startupRole:FOLLOWER, 2730903f-e14d-4dbf-85f1-555db1c02b78|rpc:10.1.0.25:15075|admin:10.1.0.25:15074|client:10.1.0.25:15073|dataStream:10.1.0.25:15076|priority:0|startupRole:FOLLOWER, 2fe2737e-f7a8-402d-9eba-e541e9952274|rpc:10.1.0.25:15066|admin:10.1.0.25:15065|client:10.1.0.25:15064|dataStream:10.1.0.25:15067|priority:1|startupRole:FOLLOWER] returns group-A9D15CF5A95C:java.util.concurrent.CompletableFuture@328e079b[Not completed]
2023-10-17 18:43:32,767 [50f74f38-5546-481b-9021-1f540e3c531d-groupManagement] INFO  server.RaftServer$Division (RaftServerImpl.java:<init>(198)) - 50f74f38-5546-481b-9021-1f540e3c531d: new RaftServerImpl for group-A9D15CF5A95C:[50f74f38-5546-481b-9021-1f540e3c531d|rpc:10.1.0.25:15084|admin:10.1.0.25:15083|client:10.1.0.25:15082|dataStream:10.1.0.25:15085|priority:0|startupRole:FOLLOWER, 2730903f-e14d-4dbf-85f1-555db1c02b78|rpc:10.1.0.25:15075|admin:10.1.0.25:15074|client:10.1.0.25:15073|dataStream:10.1.0.25:15076|priority:0|startupRole:FOLLOWER, 2fe2737e-f7a8-402d-9eba-e541e9952274|rpc:10.1.0.25:15066|admin:10.1.0.25:15065|client:10.1.0.25:15064|dataStream:10.1.0.25:15067|priority:1|startupRole:FOLLOWER] with ContainerStateMachine:uninitialized
2023-10-17 18:43:32,767 [50f74f38-5546-481b-9021-1f540e3c531d-groupManagement] INFO  server.RaftServerConfigKeys (ConfUtils.java:logGet(46)) - raft.server.rpc.timeout.min = 5s (custom)
2023-10-17 18:43:32,767 [50f74f38-5546-481b-9021-1f540e3c531d-groupManagement] INFO  server.RaftServerConfigKeys (ConfUtils.java:logGet(46)) - raft.server.rpc.timeout.max = 5200ms (custom)
2023-10-17 18:43:32,767 [50f74f38-5546-481b-9021-1f540e3c531d-groupManagement] INFO  server.RaftServerConfigKeys (ConfUtils.java:logGet(46)) - raft.server.rpc.sleep.time = 25ms (default)
2023-10-17 18:43:32,767 [50f74f38-5546-481b-9021-1f540e3c531d-groupManagement] INFO  server.RaftServerConfigKeys (ConfUtils.java:logGet(46)) - raft.server.rpc.slowness.timeout = 300s (custom)
2023-10-17 18:43:32,768 [50f74f38-5546-481b-9021-1f540e3c531d-groupManagement] INFO  server.RaftServerConfigKeys (ConfUtils.java:logGet(46)) - raft.server.leaderelection.leader.step-down.wait-time = 10s (default)
2023-10-17 18:43:32,768 [50f74f38-5546-481b-9021-1f540e3c531d-groupManagement] INFO  server.RaftServerConfigKeys (ConfUtils.java:logGet(46)) - raft.server.sleep.deviation.threshold = 300ms (default)
2023-10-17 18:43:32,768 [50f74f38-5546-481b-9021-1f540e3c531d-groupManagement] INFO  server.RaftServer$Division (ServerState.java:<init>(120)) - 50f74f38-5546-481b-9021-1f540e3c531d@group-A9D15CF5A95C: ConfigurationManager, init=-1: peers:[50f74f38-5546-481b-9021-1f540e3c531d|rpc:10.1.0.25:15084|admin:10.1.0.25:15083|client:10.1.0.25:15082|dataStream:10.1.0.25:15085|priority:0|startupRole:FOLLOWER, 2730903f-e14d-4dbf-85f1-555db1c02b78|rpc:10.1.0.25:15075|admin:10.1.0.25:15074|client:10.1.0.25:15073|dataStream:10.1.0.25:15076|priority:0|startupRole:FOLLOWER, 2fe2737e-f7a8-402d-9eba-e541e9952274|rpc:10.1.0.25:15066|admin:10.1.0.25:15065|client:10.1.0.25:15064|dataStream:10.1.0.25:15067|priority:1|startupRole:FOLLOWER]|listeners:[], old=null, confs=<EMPTY_MAP>
2023-10-17 18:43:32,768 [50f74f38-5546-481b-9021-1f540e3c531d-groupManagement] INFO  server.RaftServerConfigKeys (ConfUtils.java:logGet(46)) - raft.server.storage.dir = [/home/runner/work/ozone/ozone/hadoop-ozone/integration-test/target/test-dir/MiniOzoneClusterImpl-6deba204-2b0e-4ddb-90bc-390c46dd618c/datanode-2/data/ratis] (custom)
2023-10-17 18:43:32,768 [50f74f38-5546-481b-9021-1f540e3c531d-groupManagement] INFO  server.RaftServerConfigKeys (ConfUtils.java:logGet(46)) - raft.server.log.corruption.policy = EXCEPTION (default)
2023-10-17 18:43:32,768 [50f74f38-5546-481b-9021-1f540e3c531d-groupManagement] INFO  server.RaftServerConfigKeys (ConfUtils.java:logGet(46)) - raft.server.storage.free-space.min = 0MB (=0) (default)
2023-10-17 18:43:32,768 [50f74f38-5546-481b-9021-1f540e3c531d-groupManagement] INFO  server.RaftServerConfigKeys (ConfUtils.java:logGet(46)) - raft.server.notification.no-leader.timeout = 300s (custom)
2023-10-17 18:43:32,768 [50f74f38-5546-481b-9021-1f540e3c531d-groupManagement] INFO  server.RaftServerConfigKeys (ConfUtils.java:logGet(46)) - raft.server.read.timeout = 10s (default)
2023-10-17 18:43:32,768 [50f74f38-5546-481b-9021-1f540e3c531d-groupManagement] INFO  server.RaftServerConfigKeys (ConfUtils.java:logGet(46)) - raft.server.retrycache.expirytime = 600000ms (custom)
2023-10-17 18:43:32,768 [50f74f38-5546-481b-9021-1f540e3c531d-groupManagement] INFO  server.RaftServerConfigKeys (ConfUtils.java:logGet(46)) - raft.server.retrycache.statistics.expirytime = 100μs (default)
2023-10-17 18:43:32,768 [50f74f38-5546-481b-9021-1f540e3c531d-groupManagement] INFO  server.RaftServerConfigKeys (ConfUtils.java:logGet(46)) - raft.server.read.option = DEFAULT (default)
2023-10-17 18:43:32,769 [50f74f38-5546-481b-9021-1f540e3c531d-groupManagement] INFO  server.RaftServerConfigKeys (ConfUtils.java:logGet(46)) - raft.server.rpc.request.timeout = 60s (custom)
2023-10-17 18:43:32,769 [50f74f38-5546-481b-9021-1f540e3c531d-groupManagement] INFO  server.RaftServerConfigKeys (ConfUtils.java:logGet(46)) - raft.server.log.appender.install.snapshot.enabled = false (custom)
2023-10-17 18:43:32,769 [50f74f38-5546-481b-9021-1f540e3c531d-groupManagement] INFO  server.RaftServerConfigKeys (ConfUtils.java:logGet(46)) - raft.server.threadpool.server.cached = true (default)
2023-10-17 18:43:32,769 [50f74f38-5546-481b-9021-1f540e3c531d-groupManagement] INFO  server.RaftServerConfigKeys (ConfUtils.java:logGet(46)) - raft.server.threadpool.server.size = 0 (default)
2023-10-17 18:43:32,769 [50f74f38-5546-481b-9021-1f540e3c531d-groupManagement] INFO  server.RaftServerConfigKeys (ConfUtils.java:logGet(46)) - raft.server.threadpool.client.cached = true (default)
2023-10-17 18:43:32,769 [50f74f38-5546-481b-9021-1f540e3c531d-groupManagement] INFO  server.RaftServerConfigKeys (ConfUtils.java:logGet(46)) - raft.server.threadpool.client.size = 0 (default)
2023-10-17 18:43:32,769 [50f74f38-5546-481b-9021-1f540e3c531d-groupManagement] INFO  storage.RaftStorageDirectory (RaftStorageDirectoryImpl.java:analyzeStorage(137)) - The storage directory /home/runner/work/ozone/ozone/hadoop-ozone/integration-test/target/test-dir/MiniOzoneClusterImpl-6deba204-2b0e-4ddb-90bc-390c46dd618c/datanode-2/data/ratis/a87f2e8b-6db1-4c93-b3e0-a9d15cf5a95c does not exist. Creating ...
2023-10-17 18:43:32,770 [50f74f38-5546-481b-9021-1f540e3c531d-groupManagement] INFO  storage.RaftStorageDirectory (RaftStorageDirectoryImpl.java:tryLock(231)) - Lock on /home/runner/work/ozone/ozone/hadoop-ozone/integration-test/target/test-dir/MiniOzoneClusterImpl-6deba204-2b0e-4ddb-90bc-390c46dd618c/datanode-2/data/ratis/a87f2e8b-6db1-4c93-b3e0-a9d15cf5a95c/in_use.lock acquired by nodename 31914@fv-az189-115
2023-10-17 18:43:32,772 [50f74f38-5546-481b-9021-1f540e3c531d-groupManagement] INFO  storage.RaftStorage (RaftStorageImpl.java:format(96)) - Storage directory /home/runner/work/ozone/ozone/hadoop-ozone/integration-test/target/test-dir/MiniOzoneClusterImpl-6deba204-2b0e-4ddb-90bc-390c46dd618c/datanode-2/data/ratis/a87f2e8b-6db1-4c93-b3e0-a9d15cf5a95c has been successfully formatted.
2023-10-17 18:43:32,773 [50f74f38-5546-481b-9021-1f540e3c531d-groupManagement] INFO  ratis.ContainerStateMachine (ContainerStateMachine.java:loadSnapshot(262)) - group-A9D15CF5A95C: The snapshot info is null. Setting the last applied indexto:(t:0, i:~)
2023-10-17 18:43:32,773 [50f74f38-5546-481b-9021-1f540e3c531d-groupManagement] INFO  server.RaftServerConfigKeys (ConfUtils.java:logGet(46)) - raft.server.log.use.memory = false (default)
2023-10-17 18:43:32,773 [50f74f38-5546-481b-9021-1f540e3c531d-groupManagement] INFO  server.RaftServerConfigKeys (ConfUtils.java:logGet(46)) - raft.server.log.purge.gap = 1000000 (custom)
2023-10-17 18:43:32,773 [50f74f38-5546-481b-9021-1f540e3c531d-groupManagement] INFO  server.RaftServerConfigKeys (ConfUtils.java:logGet(46)) - raft.server.log.appender.buffer.byte-limit = 33554432 (custom)
2023-10-17 18:43:32,773 [50f74f38-5546-481b-9021-1f540e3c531d-groupManagement] INFO  server.RaftServerConfigKeys (ConfUtils.java:logGet(46)) - raft.server.log.statemachine.data.read.timeout = 1000ms (default)
2023-10-17 18:43:32,773 [50f74f38-5546-481b-9021-1f540e3c531d-groupManagement] INFO  server.RaftServerConfigKeys (ConfUtils.java:logGet(46)) - raft.server.log.purge.preservation.log.num = 0 (default)
2023-10-17 18:43:32,774 [50f74f38-5546-481b-9021-1f540e3c531d-groupManagement] INFO  server.RaftServerConfigKeys (ConfUtils.java:logGet(46)) - raft.server.log.segment.size.max = 1048576 (custom)
2023-10-17 18:43:32,778 [50f74f38-5546-481b-9021-1f540e3c531d-groupManagement] INFO  server.RaftServerConfigKeys (ConfUtils.java:logGet(46)) - raft.server.log.segment.cache.num.max = 2 (custom)
2023-10-17 18:43:32,778 [50f74f38-5546-481b-9021-1f540e3c531d-groupManagement] INFO  server.RaftServerConfigKeys (ConfUtils.java:logGet(46)) - raft.server.log.segment.cache.size.max = 200MB (=209715200) (default)
2023-10-17 18:43:32,778 [50f74f38-5546-481b-9021-1f540e3c531d-groupManagement] INFO  server.RaftServerConfigKeys (ConfUtils.java:logGet(46)) - raft.server.log.appender.buffer.byte-limit = 33554432 (custom)
2023-10-17 18:43:32,778 [50f74f38-5546-481b-9021-1f540e3c531d-groupManagement] INFO  segmented.SegmentedRaftLogWorker (SegmentedRaftLogWorker.java:<init>(188)) - new 50f74f38-5546-481b-9021-1f540e3c531d@group-A9D15CF5A95C-SegmentedRaftLogWorker for RaftStorageImpl:Storage Directory /home/runner/work/ozone/ozone/hadoop-ozone/integration-test/target/test-dir/MiniOzoneClusterImpl-6deba204-2b0e-4ddb-90bc-390c46dd618c/datanode-2/data/ratis/a87f2e8b-6db1-4c93-b3e0-a9d15cf5a95c
2023-10-17 18:43:32,778 [50f74f38-5546-481b-9021-1f540e3c531d-groupManagement] INFO  server.RaftServerConfigKeys (ConfUtils.java:logGet(46)) - raft.server.log.queue.byte-limit = 4294967296 (custom)
2023-10-17 18:43:32,778 [50f74f38-5546-481b-9021-1f540e3c531d-groupManagement] INFO  server.RaftServerConfigKeys (ConfUtils.java:logGet(46)) - raft.server.log.queue.element-limit = 1024 (custom)
2023-10-17 18:43:32,778 [50f74f38-5546-481b-9021-1f540e3c531d-groupManagement] INFO  server.RaftServerConfigKeys (ConfUtils.java:logGet(46)) - raft.server.log.segment.size.max = 1048576 (custom)
2023-10-17 18:43:32,778 [50f74f38-5546-481b-9021-1f540e3c531d-groupManagement] INFO  server.RaftServerConfigKeys (ConfUtils.java:logGet(46)) - raft.server.log.preallocated.size = 16384 (custom)
2023-10-17 18:43:32,779 [50f74f38-5546-481b-9021-1f540e3c531d-groupManagement] INFO  server.RaftServerConfigKeys (ConfUtils.java:logGet(46)) - raft.server.log.force.sync.num = 128 (default)
2023-10-17 18:43:32,779 [50f74f38-5546-481b-9021-1f540e3c531d-groupManagement] INFO  server.RaftServerConfigKeys (ConfUtils.java:logGet(46)) - raft.server.log.statemachine.data.sync = true (default)
2023-10-17 18:43:32,779 [50f74f38-5546-481b-9021-1f540e3c531d-groupManagement] INFO  server.RaftServerConfigKeys (ConfUtils.java:logGet(46)) - raft.server.log.statemachine.data.sync.timeout = 10s (default)
2023-10-17 18:43:32,779 [50f74f38-5546-481b-9021-1f540e3c531d-groupManagement] INFO  server.RaftServerConfigKeys (ConfUtils.java:logGet(46)) - raft.server.log.statemachine.data.sync.timeout.retry = -1 (default)
2023-10-17 18:43:32,779 [50f74f38-5546-481b-9021-1f540e3c531d-groupManagement] INFO  server.RaftServerConfigKeys (ConfUtils.java:logGet(46)) - raft.server.log.write.buffer.size = 1048576 (custom)
2023-10-17 18:43:32,779 [50f74f38-5546-481b-9021-1f540e3c531d-groupManagement] INFO  server.RaftServerConfigKeys (ConfUtils.java:logGet(46)) - raft.server.log.appender.buffer.byte-limit = 33554432 (custom)
2023-10-17 18:43:32,784 [50f74f38-5546-481b-9021-1f540e3c531d-groupManagement] INFO  server.RaftServerConfigKeys (ConfUtils.java:logGet(46)) - raft.server.log.unsafe-flush.enabled = false (default)
2023-10-17 18:43:32,784 [50f74f38-5546-481b-9021-1f540e3c531d-groupManagement] INFO  server.RaftServerConfigKeys (ConfUtils.java:logGet(46)) - raft.server.log.async-flush.enabled = false (default)
2023-10-17 18:43:32,784 [50f74f38-5546-481b-9021-1f540e3c531d-groupManagement] INFO  server.RaftServerConfigKeys (ConfUtils.java:logGet(46)) - raft.server.log.statemachine.data.caching.enabled = true (custom)
2023-10-17 18:43:32,784 [50f74f38-5546-481b-9021-1f540e3c531d-groupManagement] INFO  segmented.SegmentedRaftLogWorker (SegmentedRaftLogWorker.java:lambda$new$0(135)) - 50f74f38-5546-481b-9021-1f540e3c531d@group-A9D15CF5A95C-SegmentedRaftLogWorker: flushIndex: setUnconditionally 0 -> -1
2023-10-17 18:43:32,785 [50f74f38-5546-481b-9021-1f540e3c531d-groupManagement] INFO  segmented.SegmentedRaftLogWorker (SegmentedRaftLogWorker.java:lambda$new$0(135)) - 50f74f38-5546-481b-9021-1f540e3c531d@group-A9D15CF5A95C-SegmentedRaftLogWorker: safeCacheEvictIndex: setUnconditionally 0 -> -1
2023-10-17 18:43:32,785 [50f74f38-5546-481b-9021-1f540e3c531d-groupManagement] INFO  server.RaftServer$Division (RaftServerImpl.java:start(342)) - 50f74f38-5546-481b-9021-1f540e3c531d@group-A9D15CF5A95C: start as a follower, conf=-1: peers:[50f74f38-5546-481b-9021-1f540e3c531d|rpc:10.1.0.25:15084|admin:10.1.0.25:15083|client:10.1.0.25:15082|dataStream:10.1.0.25:15085|priority:0|startupRole:FOLLOWER, 2730903f-e14d-4dbf-85f1-555db1c02b78|rpc:10.1.0.25:15075|admin:10.1.0.25:15074|client:10.1.0.25:15073|dataStream:10.1.0.25:15076|priority:0|startupRole:FOLLOWER, 2fe2737e-f7a8-402d-9eba-e541e9952274|rpc:10.1.0.25:15066|admin:10.1.0.25:15065|client:10.1.0.25:15064|dataStream:10.1.0.25:15067|priority:1|startupRole:FOLLOWER]|listeners:[], old=null
2023-10-17 18:43:32,785 [50f74f38-5546-481b-9021-1f540e3c531d-groupManagement] INFO  server.RaftServer$Division (RaftServerImpl.java:setRole(329)) - 50f74f38-5546-481b-9021-1f540e3c531d@group-A9D15CF5A95C: changes role from      null to FOLLOWER at term 0 for startAsFollower
2023-10-17 18:43:32,785 [50f74f38-5546-481b-9021-1f540e3c531d-groupManagement] INFO  impl.RoleInfo (RoleInfo.java:updateAndGet(139)) - 50f74f38-5546-481b-9021-1f540e3c531d: start 50f74f38-5546-481b-9021-1f540e3c531d@group-A9D15CF5A95C-FollowerState
2023-10-17 18:43:32,785 [50f74f38-5546-481b-9021-1f540e3c531d@group-A9D15CF5A95C-FollowerState] INFO  server.RaftServerConfigKeys (ConfUtils.java:logFallback(53)) - raft.server.rpc.first-election.timeout.min = 5s (fallback to raft.server.rpc.timeout.min)
2023-10-17 18:43:32,785 [50f74f38-5546-481b-9021-1f540e3c531d-groupManagement] INFO  util.JmxRegister (JmxRegister.java:tryRegister(44)) - Successfully registered JMX Bean with object name Ratis:service=RaftServer,group=group-A9D15CF5A95C,id=50f74f38-5546-481b-9021-1f540e3c531d
2023-10-17 18:43:32,785 [50f74f38-5546-481b-9021-1f540e3c531d@group-A9D15CF5A95C-FollowerState] INFO  server.RaftServerConfigKeys (ConfUtils.java:logFallback(53)) - raft.server.rpc.first-election.timeout.max = 5200ms (fallback to raft.server.rpc.timeout.max)
2023-10-17 18:43:32,785 [50f74f38-5546-481b-9021-1f540e3c531d-groupManagement] INFO  server.RaftServerConfigKeys (ConfUtils.java:logGet(46)) - raft.server.snapshot.auto.trigger.enabled = true (custom)
2023-10-17 18:43:32,786 [50f74f38-5546-481b-9021-1f540e3c531d-groupManagement] INFO  server.RaftServerConfigKeys (ConfUtils.java:logGet(46)) - raft.server.snapshot.auto.trigger.threshold = 10000 (custom)
2023-10-17 18:43:32,786 [50f74f38-5546-481b-9021-1f540e3c531d-groupManagement] INFO  server.RaftServerConfigKeys (ConfUtils.java:logGet(46)) - raft.server.snapshot.retention.file.num = 5 (custom)
2023-10-17 18:43:32,786 [50f74f38-5546-481b-9021-1f540e3c531d-groupManagement] INFO  server.RaftServerConfigKeys (ConfUtils.java:logGet(46)) - raft.server.log.purge.upto.snapshot.index = false (default)
2023-10-17 18:43:32,794 [PipelineCommandHandlerThread-0] INFO  commandhandler.CreatePipelineCommandHandler (CreatePipelineCommandHandler.java:lambda$handle$2(124)) - Created Pipeline RATIS THREE PipelineID=a87f2e8b-6db1-4c93-b3e0-a9d15cf5a95c.
2023-10-17 18:43:32,794 [PipelineCommandHandlerThread-0] INFO  server.RaftServer (RaftServerProxy.java:addNew(98)) - 2fe2737e-f7a8-402d-9eba-e541e9952274: addNew group-330311C9EFB9:[50f74f38-5546-481b-9021-1f540e3c531d|rpc:10.1.0.25:15084|admin:10.1.0.25:15083|client:10.1.0.25:15082|dataStream:10.1.0.25:15085|priority:1|startupRole:FOLLOWER, 2730903f-e14d-4dbf-85f1-555db1c02b78|rpc:10.1.0.25:15075|admin:10.1.0.25:15074|client:10.1.0.25:15073|dataStream:10.1.0.25:15076|priority:0|startupRole:FOLLOWER, 2fe2737e-f7a8-402d-9eba-e541e9952274|rpc:10.1.0.25:15066|admin:10.1.0.25:15065|client:10.1.0.25:15064|dataStream:10.1.0.25:15067|priority:0|startupRole:FOLLOWER] returns group-330311C9EFB9:java.util.concurrent.CompletableFuture@578d89ba[Not completed]
2023-10-17 18:43:32,795 [2fe2737e-f7a8-402d-9eba-e541e9952274-groupManagement] INFO  server.RaftServer$Division (RaftServerImpl.java:<init>(198)) - 2fe2737e-f7a8-402d-9eba-e541e9952274: new RaftServerImpl for group-330311C9EFB9:[50f74f38-5546-481b-9021-1f540e3c531d|rpc:10.1.0.25:15084|admin:10.1.0.25:15083|client:10.1.0.25:15082|dataStream:10.1.0.25:15085|priority:1|startupRole:FOLLOWER, 2730903f-e14d-4dbf-85f1-555db1c02b78|rpc:10.1.0.25:15075|admin:10.1.0.25:15074|client:10.1.0.25:15073|dataStream:10.1.0.25:15076|priority:0|startupRole:FOLLOWER, 2fe2737e-f7a8-402d-9eba-e541e9952274|rpc:10.1.0.25:15066|admin:10.1.0.25:15065|client:10.1.0.25:15064|dataStream:10.1.0.25:15067|priority:0|startupRole:FOLLOWER] with ContainerStateMachine:uninitialized
2023-10-17 18:43:32,795 [2fe2737e-f7a8-402d-9eba-e541e9952274-groupManagement] INFO  server.RaftServerConfigKeys (ConfUtils.java:logGet(46)) - raft.server.rpc.timeout.min = 5s (custom)
2023-10-17 18:43:32,796 [2fe2737e-f7a8-402d-9eba-e541e9952274-groupManagement] INFO  server.RaftServerConfigKeys (ConfUtils.java:logGet(46)) - raft.server.rpc.timeout.max = 5200ms (custom)
2023-10-17 18:43:32,796 [2fe2737e-f7a8-402d-9eba-e541e9952274-groupManagement] INFO  server.RaftServerConfigKeys (ConfUtils.java:logGet(46)) - raft.server.rpc.sleep.time = 25ms (default)
2023-10-17 18:43:32,796 [2fe2737e-f7a8-402d-9eba-e541e9952274-groupManagement] INFO  server.RaftServerConfigKeys (ConfUtils.java:logGet(46)) - raft.server.rpc.slowness.timeout = 300s (custom)
2023-10-17 18:43:32,796 [2fe2737e-f7a8-402d-9eba-e541e9952274-groupManagement] INFO  server.RaftServerConfigKeys (ConfUtils.java:logGet(46)) - raft.server.leaderelection.leader.step-down.wait-time = 10s (default)
2023-10-17 18:43:32,796 [2fe2737e-f7a8-402d-9eba-e541e9952274-groupManagement] INFO  server.RaftServerConfigKeys (ConfUtils.java:logGet(46)) - raft.server.sleep.deviation.threshold = 300ms (default)
2023-10-17 18:43:32,796 [2fe2737e-f7a8-402d-9eba-e541e9952274-groupManagement] INFO  server.RaftServer$Division (ServerState.java:<init>(120)) - 2fe2737e-f7a8-402d-9eba-e541e9952274@group-330311C9EFB9: ConfigurationManager, init=-1: peers:[50f74f38-5546-481b-9021-1f540e3c531d|rpc:10.1.0.25:15084|admin:10.1.0.25:15083|client:10.1.0.25:15082|dataStream:10.1.0.25:15085|priority:1|startupRole:FOLLOWER, 2730903f-e14d-4dbf-85f1-555db1c02b78|rpc:10.1.0.25:15075|admin:10.1.0.25:15074|client:10.1.0.25:15073|dataStream:10.1.0.25:15076|priority:0|startupRole:FOLLOWER, 2fe2737e-f7a8-402d-9eba-e541e9952274|rpc:10.1.0.25:15066|admin:10.1.0.25:15065|client:10.1.0.25:15064|dataStream:10.1.0.25:15067|priority:0|startupRole:FOLLOWER]|listeners:[], old=null, confs=<EMPTY_MAP>
2023-10-17 18:43:32,796 [2fe2737e-f7a8-402d-9eba-e541e9952274-groupManagement] INFO  server.RaftServerConfigKeys (ConfUtils.java:logGet(46)) - raft.server.storage.dir = [/home/runner/work/ozone/ozone/hadoop-ozone/integration-test/target/test-dir/MiniOzoneClusterImpl-6deba204-2b0e-4ddb-90bc-390c46dd618c/datanode-0/data/ratis] (custom)
2023-10-17 18:43:32,796 [2fe2737e-f7a8-402d-9eba-e541e9952274-groupManagement] INFO  server.RaftServerConfigKeys (ConfUtils.java:logGet(46)) - raft.server.log.corruption.policy = EXCEPTION (default)
2023-10-17 18:43:32,796 [2fe2737e-f7a8-402d-9eba-e541e9952274-groupManagement] INFO  server.RaftServerConfigKeys (ConfUtils.java:logGet(46)) - raft.server.storage.free-space.min = 0MB (=0) (default)
2023-10-17 18:43:32,796 [2fe2737e-f7a8-402d-9eba-e541e9952274-groupManagement] INFO  server.RaftServerConfigKeys (ConfUtils.java:logGet(46)) - raft.server.notification.no-leader.timeout = 300s (custom)
2023-10-17 18:43:32,796 [2fe2737e-f7a8-402d-9eba-e541e9952274-groupManagement] INFO  server.RaftServerConfigKeys (ConfUtils.java:logGet(46)) - raft.server.read.timeout = 10s (default)
2023-10-17 18:43:32,796 [2fe2737e-f7a8-402d-9eba-e541e9952274-groupManagement] INFO  server.RaftServerConfigKeys (ConfUtils.java:logGet(46)) - raft.server.retrycache.expirytime = 600000ms (custom)
2023-10-17 18:43:32,796 [2fe2737e-f7a8-402d-9eba-e541e9952274-groupManagement] INFO  server.RaftServerConfigKeys (ConfUtils.java:logGet(46)) - raft.server.retrycache.statistics.expirytime = 100μs (default)
2023-10-17 18:43:32,796 [2fe2737e-f7a8-402d-9eba-e541e9952274-groupManagement] INFO  server.RaftServerConfigKeys (ConfUtils.java:logGet(46)) - raft.server.read.option = DEFAULT (default)
2023-10-17 18:43:32,797 [2fe2737e-f7a8-402d-9eba-e541e9952274-groupManagement] INFO  server.RaftServerConfigKeys (ConfUtils.java:logGet(46)) - raft.server.rpc.request.timeout = 60s (custom)
2023-10-17 18:43:32,797 [2fe2737e-f7a8-402d-9eba-e541e9952274-groupManagement] INFO  server.RaftServerConfigKeys (ConfUtils.java:logGet(46)) - raft.server.log.appender.install.snapshot.enabled = false (custom)
2023-10-17 18:43:32,797 [2fe2737e-f7a8-402d-9eba-e541e9952274-groupManagement] INFO  server.RaftServerConfigKeys (ConfUtils.java:logGet(46)) - raft.server.threadpool.server.cached = true (default)
2023-10-17 18:43:32,797 [2fe2737e-f7a8-402d-9eba-e541e9952274-groupManagement] INFO  server.RaftServerConfigKeys (ConfUtils.java:logGet(46)) - raft.server.threadpool.server.size = 0 (default)
2023-10-17 18:43:32,797 [2fe2737e-f7a8-402d-9eba-e541e9952274-groupManagement] INFO  server.RaftServerConfigKeys (ConfUtils.java:logGet(46)) - raft.server.threadpool.client.cached = true (default)
2023-10-17 18:43:32,797 [2fe2737e-f7a8-402d-9eba-e541e9952274-groupManagement] INFO  server.RaftServerConfigKeys (ConfUtils.java:logGet(46)) - raft.server.threadpool.client.size = 0 (default)
2023-10-17 18:43:32,797 [2fe2737e-f7a8-402d-9eba-e541e9952274-groupManagement] INFO  storage.RaftStorageDirectory (RaftStorageDirectoryImpl.java:analyzeStorage(137)) - The storage directory /home/runner/work/ozone/ozone/hadoop-ozone/integration-test/target/test-dir/MiniOzoneClusterImpl-6deba204-2b0e-4ddb-90bc-390c46dd618c/datanode-0/data/ratis/1212e58b-041a-4ef3-8e12-330311c9efb9 does not exist. Creating ...
2023-10-17 18:43:32,799 [2fe2737e-f7a8-402d-9eba-e541e9952274-groupManagement] INFO  storage.RaftStorageDirectory (RaftStorageDirectoryImpl.java:tryLock(231)) - Lock on /home/runner/work/ozone/ozone/hadoop-ozone/integration-test/target/test-dir/MiniOzoneClusterImpl-6deba204-2b0e-4ddb-90bc-390c46dd618c/datanode-0/data/ratis/1212e58b-041a-4ef3-8e12-330311c9efb9/in_use.lock acquired by nodename 31914@fv-az189-115
2023-10-17 18:43:32,802 [2fe2737e-f7a8-402d-9eba-e541e9952274-groupManagement] INFO  storage.RaftStorage (RaftStorageImpl.java:format(96)) - Storage directory /home/runner/work/ozone/ozone/hadoop-ozone/integration-test/target/test-dir/MiniOzoneClusterImpl-6deba204-2b0e-4ddb-90bc-390c46dd618c/datanode-0/data/ratis/1212e58b-041a-4ef3-8e12-330311c9efb9 has been successfully formatted.
2023-10-17 18:43:32,803 [2fe2737e-f7a8-402d-9eba-e541e9952274-groupManagement] INFO  ratis.ContainerStateMachine (ContainerStateMachine.java:loadSnapshot(262)) - group-330311C9EFB9: The snapshot info is null. Setting the last applied indexto:(t:0, i:~)
2023-10-17 18:43:32,803 [2fe2737e-f7a8-402d-9eba-e541e9952274-groupManagement] INFO  server.RaftServerConfigKeys (ConfUtils.java:logGet(46)) - raft.server.log.use.memory = false (default)
2023-10-17 18:43:32,803 [2fe2737e-f7a8-402d-9eba-e541e9952274-groupManagement] INFO  server.RaftServerConfigKeys (ConfUtils.java:logGet(46)) - raft.server.log.purge.gap = 1000000 (custom)
2023-10-17 18:43:32,803 [2fe2737e-f7a8-402d-9eba-e541e9952274-groupManagement] INFO  server.RaftServerConfigKeys (ConfUtils.java:logGet(46)) - raft.server.log.appender.buffer.byte-limit = 33554432 (custom)
2023-10-17 18:43:32,803 [2fe2737e-f7a8-402d-9eba-e541e9952274-groupManagement] INFO  server.RaftServerConfigKeys (ConfUtils.java:logGet(46)) - raft.server.log.statemachine.data.read.timeout = 1000ms (default)
2023-10-17 18:43:32,803 [2fe2737e-f7a8-402d-9eba-e541e9952274-groupManagement] INFO  server.RaftServerConfigKeys (ConfUtils.java:logGet(46)) - raft.server.log.purge.preservation.log.num = 0 (default)
2023-10-17 18:43:32,804 [2fe2737e-f7a8-402d-9eba-e541e9952274-groupManagement] INFO  server.RaftServerConfigKeys (ConfUtils.java:logGet(46)) - raft.server.log.segment.size.max = 1048576 (custom)
2023-10-17 18:43:32,804 [2fe2737e-f7a8-402d-9eba-e541e9952274-groupManagement] INFO  server.RaftServerConfigKeys (ConfUtils.java:logGet(46)) - raft.server.log.segment.cache.num.max = 2 (custom)
2023-10-17 18:43:32,804 [EventQueue-OpenPipelineForHealthyPipelineSafeModeRule] INFO  safemode.SCMSafeModeManager (HealthyPipelineSafeModeRule.java:process(137)) - SCM in safe mode. Healthy pipelines reported count is 0, required healthy pipeline reported count is 1
2023-10-17 18:43:32,804 [2fe2737e-f7a8-402d-9eba-e541e9952274-groupManagement] INFO  server.RaftServerConfigKeys (ConfUtils.java:logGet(46)) - raft.server.log.segment.cache.size.max = 200MB (=209715200) (default)
2023-10-17 18:43:32,804 [2fe2737e-f7a8-402d-9eba-e541e9952274-groupManagement] INFO  server.RaftServerConfigKeys (ConfUtils.java:logGet(46)) - raft.server.log.appender.buffer.byte-limit = 33554432 (custom)
2023-10-17 18:43:32,806 [2fe2737e-f7a8-402d-9eba-e541e9952274-groupManagement] INFO  segmented.SegmentedRaftLogWorker (SegmentedRaftLogWorker.java:<init>(188)) - new 2fe2737e-f7a8-402d-9eba-e541e9952274@group-330311C9EFB9-SegmentedRaftLogWorker for RaftStorageImpl:Storage Directory /home/runner/work/ozone/ozone/hadoop-ozone/integration-test/target/test-dir/MiniOzoneClusterImpl-6deba204-2b0e-4ddb-90bc-390c46dd618c/datanode-0/data/ratis/1212e58b-041a-4ef3-8e12-330311c9efb9
2023-10-17 18:43:32,806 [2fe2737e-f7a8-402d-9eba-e541e9952274-groupManagement] INFO  server.RaftServerConfigKeys (ConfUtils.java:logGet(46)) - raft.server.log.queue.byte-limit = 4294967296 (custom)
2023-10-17 18:43:32,806 [2fe2737e-f7a8-402d-9eba-e541e9952274-groupManagement] INFO  server.RaftServerConfigKeys (ConfUtils.java:logGet(46)) - raft.server.log.queue.element-limit = 1024 (custom)
2023-10-17 18:43:32,806 [2fe2737e-f7a8-402d-9eba-e541e9952274-groupManagement] INFO  server.RaftServerConfigKeys (ConfUtils.java:logGet(46)) - raft.server.log.segment.size.max = 1048576 (custom)
2023-10-17 18:43:32,807 [2fe2737e-f7a8-402d-9eba-e541e9952274-groupManagement] INFO  server.RaftServerConfigKeys (ConfUtils.java:logGet(46)) - raft.server.log.preallocated.size = 16384 (custom)
2023-10-17 18:43:32,807 [2fe2737e-f7a8-402d-9eba-e541e9952274-groupManagement] INFO  server.RaftServerConfigKeys (ConfUtils.java:logGet(46)) - raft.server.log.force.sync.num = 128 (default)
2023-10-17 18:43:32,807 [2fe2737e-f7a8-402d-9eba-e541e9952274-groupManagement] INFO  server.RaftServerConfigKeys (ConfUtils.java:logGet(46)) - raft.server.log.statemachine.data.sync = true (default)
2023-10-17 18:43:32,807 [2fe2737e-f7a8-402d-9eba-e541e9952274-groupManagement] INFO  server.RaftServerConfigKeys (ConfUtils.java:logGet(46)) - raft.server.log.statemachine.data.sync.timeout = 10s (default)
2023-10-17 18:43:32,807 [2fe2737e-f7a8-402d-9eba-e541e9952274-groupManagement] INFO  server.RaftServerConfigKeys (ConfUtils.java:logGet(46)) - raft.server.log.statemachine.data.sync.timeout.retry = -1 (default)
2023-10-17 18:43:32,807 [2fe2737e-f7a8-402d-9eba-e541e9952274-groupManagement] INFO  server.RaftServerConfigKeys (ConfUtils.java:logGet(46)) - raft.server.log.write.buffer.size = 1048576 (custom)
2023-10-17 18:43:32,808 [2fe2737e-f7a8-402d-9eba-e541e9952274-groupManagement] INFO  server.RaftServerConfigKeys (ConfUtils.java:logGet(46)) - raft.server.log.appender.buffer.byte-limit = 33554432 (custom)
2023-10-17 18:43:32,813 [2fe2737e-f7a8-402d-9eba-e541e9952274-groupManagement] INFO  server.RaftServerConfigKeys (ConfUtils.java:logGet(46)) - raft.server.log.unsafe-flush.enabled = false (default)
2023-10-17 18:43:32,813 [2fe2737e-f7a8-402d-9eba-e541e9952274-groupManagement] INFO  server.RaftServerConfigKeys (ConfUtils.java:logGet(46)) - raft.server.log.async-flush.enabled = false (default)
2023-10-17 18:43:32,813 [2fe2737e-f7a8-402d-9eba-e541e9952274-groupManagement] INFO  server.RaftServerConfigKeys (ConfUtils.java:logGet(46)) - raft.server.log.statemachine.data.caching.enabled = true (custom)
2023-10-17 18:43:32,813 [2fe2737e-f7a8-402d-9eba-e541e9952274-groupManagement] INFO  segmented.SegmentedRaftLogWorker (SegmentedRaftLogWorker.java:lambda$new$0(135)) - 2fe2737e-f7a8-402d-9eba-e541e9952274@group-330311C9EFB9-SegmentedRaftLogWorker: flushIndex: setUnconditionally 0 -> -1
2023-10-17 18:43:32,813 [2fe2737e-f7a8-402d-9eba-e541e9952274-groupManagement] INFO  segmented.SegmentedRaftLogWorker (SegmentedRaftLogWorker.java:lambda$new$0(135)) - 2fe2737e-f7a8-402d-9eba-e541e9952274@group-330311C9EFB9-SegmentedRaftLogWorker: safeCacheEvictIndex: setUnconditionally 0 -> -1
2023-10-17 18:43:32,813 [2fe2737e-f7a8-402d-9eba-e541e9952274-groupManagement] INFO  server.RaftServer$Division (RaftServerImpl.java:start(342)) - 2fe2737e-f7a8-402d-9eba-e541e9952274@group-330311C9EFB9: start as a follower, conf=-1: peers:[50f74f38-5546-481b-9021-1f540e3c531d|rpc:10.1.0.25:15084|admin:10.1.0.25:15083|client:10.1.0.25:15082|dataStream:10.1.0.25:15085|priority:1|startupRole:FOLLOWER, 2730903f-e14d-4dbf-85f1-555db1c02b78|rpc:10.1.0.25:15075|admin:10.1.0.25:15074|client:10.1.0.25:15073|dataStream:10.1.0.25:15076|priority:0|startupRole:FOLLOWER, 2fe2737e-f7a8-402d-9eba-e541e9952274|rpc:10.1.0.25:15066|admin:10.1.0.25:15065|client:10.1.0.25:15064|dataStream:10.1.0.25:15067|priority:0|startupRole:FOLLOWER]|listeners:[], old=null
2023-10-17 18:43:32,813 [2fe2737e-f7a8-402d-9eba-e541e9952274-groupManagement] INFO  server.RaftServer$Division (RaftServerImpl.java:setRole(329)) - 2fe2737e-f7a8-402d-9eba-e541e9952274@group-330311C9EFB9: changes role from      null to FOLLOWER at term 0 for startAsFollower
2023-10-17 18:43:32,813 [2fe2737e-f7a8-402d-9eba-e541e9952274-groupManagement] INFO  impl.RoleInfo (RoleInfo.java:updateAndGet(139)) - 2fe2737e-f7a8-402d-9eba-e541e9952274: start 2fe2737e-f7a8-402d-9eba-e541e9952274@group-330311C9EFB9-FollowerState
2023-10-17 18:43:32,814 [2fe2737e-f7a8-402d-9eba-e541e9952274@group-330311C9EFB9-FollowerState] INFO  server.RaftServerConfigKeys (ConfUtils.java:logFallback(53)) - raft.server.rpc.first-election.timeout.min = 5s (fallback to raft.server.rpc.timeout.min)
2023-10-17 18:43:32,814 [2fe2737e-f7a8-402d-9eba-e541e9952274-groupManagement] INFO  util.JmxRegister (JmxRegister.java:tryRegister(44)) - Successfully registered JMX Bean with object name Ratis:service=RaftServer,group=group-330311C9EFB9,id=2fe2737e-f7a8-402d-9eba-e541e9952274
2023-10-17 18:43:32,814 [2fe2737e-f7a8-402d-9eba-e541e9952274@group-330311C9EFB9-FollowerState] INFO  server.RaftServerConfigKeys (ConfUtils.java:logFallback(53)) - raft.server.rpc.first-election.timeout.max = 5200ms (fallback to raft.server.rpc.timeout.max)
2023-10-17 18:43:32,814 [2fe2737e-f7a8-402d-9eba-e541e9952274-groupManagement] INFO  server.RaftServerConfigKeys (ConfUtils.java:logGet(46)) - raft.server.snapshot.auto.trigger.enabled = true (custom)
2023-10-17 18:43:32,814 [2fe2737e-f7a8-402d-9eba-e541e9952274-groupManagement] INFO  server.RaftServerConfigKeys (ConfUtils.java:logGet(46)) - raft.server.snapshot.auto.trigger.threshold = 10000 (custom)
2023-10-17 18:43:32,814 [2fe2737e-f7a8-402d-9eba-e541e9952274-groupManagement] INFO  server.RaftServerConfigKeys (ConfUtils.java:logGet(46)) - raft.server.snapshot.retention.file.num = 5 (custom)
2023-10-17 18:43:32,814 [2fe2737e-f7a8-402d-9eba-e541e9952274-groupManagement] INFO  server.RaftServerConfigKeys (ConfUtils.java:logGet(46)) - raft.server.log.purge.upto.snapshot.index = false (default)
2023-10-17 18:43:32,815 [PipelineCommandHandlerThread-0] INFO  ratis.XceiverServerRatis (XceiverServerRatis.java:addGroup(804)) - Created group PipelineID=1212e58b-041a-4ef3-8e12-330311c9efb9
2023-10-17 18:43:32,825 [grpc-default-executor-0] INFO  server.RaftServer (RaftServerProxy.java:addNew(98)) - 2730903f-e14d-4dbf-85f1-555db1c02b78: addNew group-330311C9EFB9:[50f74f38-5546-481b-9021-1f540e3c531d|rpc:10.1.0.25:15084|admin:10.1.0.25:15083|client:10.1.0.25:15082|dataStream:10.1.0.25:15085|priority:1|startupRole:FOLLOWER, 2730903f-e14d-4dbf-85f1-555db1c02b78|rpc:10.1.0.25:15075|admin:10.1.0.25:15074|client:10.1.0.25:15073|dataStream:10.1.0.25:15076|priority:0|startupRole:FOLLOWER, 2fe2737e-f7a8-402d-9eba-e541e9952274|rpc:10.1.0.25:15066|admin:10.1.0.25:15065|client:10.1.0.25:15064|dataStream:10.1.0.25:15067|priority:0|startupRole:FOLLOWER] returns group-330311C9EFB9:java.util.concurrent.CompletableFuture@673b5774[Not completed]
2023-10-17 18:43:32,826 [2730903f-e14d-4dbf-85f1-555db1c02b78-groupManagement] INFO  server.RaftServer$Division (RaftServerImpl.java:<init>(198)) - 2730903f-e14d-4dbf-85f1-555db1c02b78: new RaftServerImpl for group-330311C9EFB9:[50f74f38-5546-481b-9021-1f540e3c531d|rpc:10.1.0.25:15084|admin:10.1.0.25:15083|client:10.1.0.25:15082|dataStream:10.1.0.25:15085|priority:1|startupRole:FOLLOWER, 2730903f-e14d-4dbf-85f1-555db1c02b78|rpc:10.1.0.25:15075|admin:10.1.0.25:15074|client:10.1.0.25:15073|dataStream:10.1.0.25:15076|priority:0|startupRole:FOLLOWER, 2fe2737e-f7a8-402d-9eba-e541e9952274|rpc:10.1.0.25:15066|admin:10.1.0.25:15065|client:10.1.0.25:15064|dataStream:10.1.0.25:15067|priority:0|startupRole:FOLLOWER] with ContainerStateMachine:uninitialized
2023-10-17 18:43:32,826 [2730903f-e14d-4dbf-85f1-555db1c02b78-groupManagement] INFO  server.RaftServerConfigKeys (ConfUtils.java:logGet(46)) - raft.server.rpc.timeout.min = 5s (custom)
2023-10-17 18:43:32,826 [2730903f-e14d-4dbf-85f1-555db1c02b78-groupManagement] INFO  server.RaftServerConfigKeys (ConfUtils.java:logGet(46)) - raft.server.rpc.timeout.max = 5200ms (custom)
2023-10-17 18:43:32,826 [2730903f-e14d-4dbf-85f1-555db1c02b78-groupManagement] INFO  server.RaftServerConfigKeys (ConfUtils.java:logGet(46)) - raft.server.rpc.sleep.time = 25ms (default)
2023-10-17 18:43:32,826 [2730903f-e14d-4dbf-85f1-555db1c02b78-groupManagement] INFO  server.RaftServerConfigKeys (ConfUtils.java:logGet(46)) - raft.server.rpc.slowness.timeout = 300s (custom)
2023-10-17 18:43:32,826 [2730903f-e14d-4dbf-85f1-555db1c02b78-groupManagement] INFO  server.RaftServerConfigKeys (ConfUtils.java:logGet(46)) - raft.server.leaderelection.leader.step-down.wait-time = 10s (default)
2023-10-17 18:43:32,826 [2730903f-e14d-4dbf-85f1-555db1c02b78-groupManagement] INFO  server.RaftServerConfigKeys (ConfUtils.java:logGet(46)) - raft.server.sleep.deviation.threshold = 300ms (default)
2023-10-17 18:43:32,826 [2730903f-e14d-4dbf-85f1-555db1c02b78-groupManagement] INFO  server.RaftServer$Division (ServerState.java:<init>(120)) - 2730903f-e14d-4dbf-85f1-555db1c02b78@group-330311C9EFB9: ConfigurationManager, init=-1: peers:[50f74f38-5546-481b-9021-1f540e3c531d|rpc:10.1.0.25:15084|admin:10.1.0.25:15083|client:10.1.0.25:15082|dataStream:10.1.0.25:15085|priority:1|startupRole:FOLLOWER, 2730903f-e14d-4dbf-85f1-555db1c02b78|rpc:10.1.0.25:15075|admin:10.1.0.25:15074|client:10.1.0.25:15073|dataStream:10.1.0.25:15076|priority:0|startupRole:FOLLOWER, 2fe2737e-f7a8-402d-9eba-e541e9952274|rpc:10.1.0.25:15066|admin:10.1.0.25:15065|client:10.1.0.25:15064|dataStream:10.1.0.25:15067|priority:0|startupRole:FOLLOWER]|listeners:[], old=null, confs=<EMPTY_MAP>
2023-10-17 18:43:32,827 [2730903f-e14d-4dbf-85f1-555db1c02b78-groupManagement] INFO  server.RaftServerConfigKeys (ConfUtils.java:logGet(46)) - raft.server.storage.dir = [/home/runner/work/ozone/ozone/hadoop-ozone/integration-test/target/test-dir/MiniOzoneClusterImpl-6deba204-2b0e-4ddb-90bc-390c46dd618c/datanode-1/data/ratis] (custom)
2023-10-17 18:43:32,827 [2730903f-e14d-4dbf-85f1-555db1c02b78-groupManagement] INFO  server.RaftServerConfigKeys (ConfUtils.java:logGet(46)) - raft.server.log.corruption.policy = EXCEPTION (default)
2023-10-17 18:43:32,827 [2730903f-e14d-4dbf-85f1-555db1c02b78-groupManagement] INFO  server.RaftServerConfigKeys (ConfUtils.java:logGet(46)) - raft.server.storage.free-space.min = 0MB (=0) (default)
2023-10-17 18:43:32,827 [2730903f-e14d-4dbf-85f1-555db1c02b78-groupManagement] INFO  server.RaftServerConfigKeys (ConfUtils.java:logGet(46)) - raft.server.notification.no-leader.timeout = 300s (custom)
2023-10-17 18:43:32,827 [2730903f-e14d-4dbf-85f1-555db1c02b78-groupManagement] INFO  server.RaftServerConfigKeys (ConfUtils.java:logGet(46)) - raft.server.read.timeout = 10s (default)
2023-10-17 18:43:32,827 [2730903f-e14d-4dbf-85f1-555db1c02b78-groupManagement] INFO  server.RaftServerConfigKeys (ConfUtils.java:logGet(46)) - raft.server.retrycache.expirytime = 600000ms (custom)
2023-10-17 18:43:32,827 [2730903f-e14d-4dbf-85f1-555db1c02b78-groupManagement] INFO  server.RaftServerConfigKeys (ConfUtils.java:logGet(46)) - raft.server.retrycache.statistics.expirytime = 100μs (default)
2023-10-17 18:43:32,827 [2730903f-e14d-4dbf-85f1-555db1c02b78-groupManagement] INFO  server.RaftServerConfigKeys (ConfUtils.java:logGet(46)) - raft.server.read.option = DEFAULT (default)
2023-10-17 18:43:32,828 [2730903f-e14d-4dbf-85f1-555db1c02b78-groupManagement] INFO  server.RaftServerConfigKeys (ConfUtils.java:logGet(46)) - raft.server.rpc.request.timeout = 60s (custom)
2023-10-17 18:43:32,828 [2730903f-e14d-4dbf-85f1-555db1c02b78-groupManagement] INFO  server.RaftServerConfigKeys (ConfUtils.java:logGet(46)) - raft.server.log.appender.install.snapshot.enabled = false (custom)
2023-10-17 18:43:32,828 [2730903f-e14d-4dbf-85f1-555db1c02b78-groupManagement] INFO  server.RaftServerConfigKeys (ConfUtils.java:logGet(46)) - raft.server.threadpool.server.cached = true (default)
2023-10-17 18:43:32,828 [2730903f-e14d-4dbf-85f1-555db1c02b78-groupManagement] INFO  server.RaftServerConfigKeys (ConfUtils.java:logGet(46)) - raft.server.threadpool.server.size = 0 (default)
2023-10-17 18:43:32,828 [2730903f-e14d-4dbf-85f1-555db1c02b78-groupManagement] INFO  server.RaftServerConfigKeys (ConfUtils.java:logGet(46)) - raft.server.threadpool.client.cached = true (default)
2023-10-17 18:43:32,828 [2730903f-e14d-4dbf-85f1-555db1c02b78-groupManagement] INFO  server.RaftServerConfigKeys (ConfUtils.java:logGet(46)) - raft.server.threadpool.client.size = 0 (default)
2023-10-17 18:43:32,828 [2730903f-e14d-4dbf-85f1-555db1c02b78-groupManagement] INFO  storage.RaftStorageDirectory (RaftStorageDirectoryImpl.java:analyzeStorage(137)) - The storage directory /home/runner/work/ozone/ozone/hadoop-ozone/integration-test/target/test-dir/MiniOzoneClusterImpl-6deba204-2b0e-4ddb-90bc-390c46dd618c/datanode-1/data/ratis/1212e58b-041a-4ef3-8e12-330311c9efb9 does not exist. Creating ...
2023-10-17 18:43:32,831 [2730903f-e14d-4dbf-85f1-555db1c02b78-groupManagement] INFO  storage.RaftStorageDirectory (RaftStorageDirectoryImpl.java:tryLock(231)) - Lock on /home/runner/work/ozone/ozone/hadoop-ozone/integration-test/target/test-dir/MiniOzoneClusterImpl-6deba204-2b0e-4ddb-90bc-390c46dd618c/datanode-1/data/ratis/1212e58b-041a-4ef3-8e12-330311c9efb9/in_use.lock acquired by nodename 31914@fv-az189-115
2023-10-17 18:43:32,833 [2730903f-e14d-4dbf-85f1-555db1c02b78-groupManagement] INFO  storage.RaftStorage (RaftStorageImpl.java:format(96)) - Storage directory /home/runner/work/ozone/ozone/hadoop-ozone/integration-test/target/test-dir/MiniOzoneClusterImpl-6deba204-2b0e-4ddb-90bc-390c46dd618c/datanode-1/data/ratis/1212e58b-041a-4ef3-8e12-330311c9efb9 has been successfully formatted.
2023-10-17 18:43:32,833 [2730903f-e14d-4dbf-85f1-555db1c02b78-groupManagement] INFO  ratis.ContainerStateMachine (ContainerStateMachine.java:loadSnapshot(262)) - group-330311C9EFB9: The snapshot info is null. Setting the last applied indexto:(t:0, i:~)
2023-10-17 18:43:32,833 [2730903f-e14d-4dbf-85f1-555db1c02b78-groupManagement] INFO  server.RaftServerConfigKeys (ConfUtils.java:logGet(46)) - raft.server.log.use.memory = false (default)
2023-10-17 18:43:32,834 [2730903f-e14d-4dbf-85f1-555db1c02b78-groupManagement] INFO  server.RaftServerConfigKeys (ConfUtils.java:logGet(46)) - raft.server.log.purge.gap = 1000000 (custom)
2023-10-17 18:43:32,834 [2730903f-e14d-4dbf-85f1-555db1c02b78-groupManagement] INFO  server.RaftServerConfigKeys (ConfUtils.java:logGet(46)) - raft.server.log.appender.buffer.byte-limit = 33554432 (custom)
2023-10-17 18:43:32,834 [2730903f-e14d-4dbf-85f1-555db1c02b78-groupManagement] INFO  server.RaftServerConfigKeys (ConfUtils.java:logGet(46)) - raft.server.log.statemachine.data.read.timeout = 1000ms (default)
2023-10-17 18:43:32,834 [2730903f-e14d-4dbf-85f1-555db1c02b78-groupManagement] INFO  server.RaftServerConfigKeys (ConfUtils.java:logGet(46)) - raft.server.log.purge.preservation.log.num = 0 (default)
2023-10-17 18:43:32,834 [2730903f-e14d-4dbf-85f1-555db1c02b78-groupManagement] INFO  server.RaftServerConfigKeys (ConfUtils.java:logGet(46)) - raft.server.log.segment.size.max = 1048576 (custom)
2023-10-17 18:43:32,835 [2730903f-e14d-4dbf-85f1-555db1c02b78-groupManagement] INFO  server.RaftServerConfigKeys (ConfUtils.java:logGet(46)) - raft.server.log.segment.cache.num.max = 2 (custom)
2023-10-17 18:43:32,835 [2730903f-e14d-4dbf-85f1-555db1c02b78-groupManagement] INFO  server.RaftServerConfigKeys (ConfUtils.java:logGet(46)) - raft.server.log.segment.cache.size.max = 200MB (=209715200) (default)
2023-10-17 18:43:32,835 [2730903f-e14d-4dbf-85f1-555db1c02b78-groupManagement] INFO  server.RaftServerConfigKeys (ConfUtils.java:logGet(46)) - raft.server.log.appender.buffer.byte-limit = 33554432 (custom)
2023-10-17 18:43:32,835 [2730903f-e14d-4dbf-85f1-555db1c02b78-groupManagement] INFO  segmented.SegmentedRaftLogWorker (SegmentedRaftLogWorker.java:<init>(188)) - new 2730903f-e14d-4dbf-85f1-555db1c02b78@group-330311C9EFB9-SegmentedRaftLogWorker for RaftStorageImpl:Storage Directory /home/runner/work/ozone/ozone/hadoop-ozone/integration-test/target/test-dir/MiniOzoneClusterImpl-6deba204-2b0e-4ddb-90bc-390c46dd618c/datanode-1/data/ratis/1212e58b-041a-4ef3-8e12-330311c9efb9
2023-10-17 18:43:32,835 [2730903f-e14d-4dbf-85f1-555db1c02b78-groupManagement] INFO  server.RaftServerConfigKeys (ConfUtils.java:logGet(46)) - raft.server.log.queue.byte-limit = 4294967296 (custom)
2023-10-17 18:43:32,835 [2730903f-e14d-4dbf-85f1-555db1c02b78-groupManagement] INFO  server.RaftServerConfigKeys (ConfUtils.java:logGet(46)) - raft.server.log.queue.element-limit = 1024 (custom)
2023-10-17 18:43:32,835 [2730903f-e14d-4dbf-85f1-555db1c02b78-groupManagement] INFO  server.RaftServerConfigKeys (ConfUtils.java:logGet(46)) - raft.server.log.segment.size.max = 1048576 (custom)
2023-10-17 18:43:32,835 [2730903f-e14d-4dbf-85f1-555db1c02b78-groupManagement] INFO  server.RaftServerConfigKeys (ConfUtils.java:logGet(46)) - raft.server.log.preallocated.size = 16384 (custom)
2023-10-17 18:43:32,835 [2730903f-e14d-4dbf-85f1-555db1c02b78-groupManagement] INFO  server.RaftServerConfigKeys (ConfUtils.java:logGet(46)) - raft.server.log.force.sync.num = 128 (default)
2023-10-17 18:43:32,835 [2730903f-e14d-4dbf-85f1-555db1c02b78-groupManagement] INFO  server.RaftServerConfigKeys (ConfUtils.java:logGet(46)) - raft.server.log.statemachine.data.sync = true (default)
2023-10-17 18:43:32,835 [2730903f-e14d-4dbf-85f1-555db1c02b78-groupManagement] INFO  server.RaftServerConfigKeys (ConfUtils.java:logGet(46)) - raft.server.log.statemachine.data.sync.timeout = 10s (default)
2023-10-17 18:43:32,835 [2730903f-e14d-4dbf-85f1-555db1c02b78-groupManagement] INFO  server.RaftServerConfigKeys (ConfUtils.java:logGet(46)) - raft.server.log.statemachine.data.sync.timeout.retry = -1 (default)
2023-10-17 18:43:32,835 [2730903f-e14d-4dbf-85f1-555db1c02b78-groupManagement] INFO  server.RaftServerConfigKeys (ConfUtils.java:logGet(46)) - raft.server.log.write.buffer.size = 1048576 (custom)
2023-10-17 18:43:32,836 [2730903f-e14d-4dbf-85f1-555db1c02b78-groupManagement] INFO  server.RaftServerConfigKeys (ConfUtils.java:logGet(46)) - raft.server.log.appender.buffer.byte-limit = 33554432 (custom)
2023-10-17 18:43:32,841 [2730903f-e14d-4dbf-85f1-555db1c02b78-groupManagement] INFO  server.RaftServerConfigKeys (ConfUtils.java:logGet(46)) - raft.server.log.unsafe-flush.enabled = false (default)
2023-10-17 18:43:32,841 [2730903f-e14d-4dbf-85f1-555db1c02b78-groupManagement] INFO  server.RaftServerConfigKeys (ConfUtils.java:logGet(46)) - raft.server.log.async-flush.enabled = false (default)
2023-10-17 18:43:32,841 [2730903f-e14d-4dbf-85f1-555db1c02b78-groupManagement] INFO  server.RaftServerConfigKeys (ConfUtils.java:logGet(46)) - raft.server.log.statemachine.data.caching.enabled = true (custom)
2023-10-17 18:43:32,841 [2730903f-e14d-4dbf-85f1-555db1c02b78-groupManagement] INFO  segmented.SegmentedRaftLogWorker (SegmentedRaftLogWorker.java:lambda$new$0(135)) - 2730903f-e14d-4dbf-85f1-555db1c02b78@group-330311C9EFB9-SegmentedRaftLogWorker: flushIndex: setUnconditionally 0 -> -1
2023-10-17 18:43:32,841 [2730903f-e14d-4dbf-85f1-555db1c02b78-groupManagement] INFO  segmented.SegmentedRaftLogWorker (SegmentedRaftLogWorker.java:lambda$new$0(135)) - 2730903f-e14d-4dbf-85f1-555db1c02b78@group-330311C9EFB9-SegmentedRaftLogWorker: safeCacheEvictIndex: setUnconditionally 0 -> -1
2023-10-17 18:43:32,842 [2730903f-e14d-4dbf-85f1-555db1c02b78-groupManagement] INFO  server.RaftServer$Division (RaftServerImpl.java:start(342)) - 2730903f-e14d-4dbf-85f1-555db1c02b78@group-330311C9EFB9: start as a follower, conf=-1: peers:[50f74f38-5546-481b-9021-1f540e3c531d|rpc:10.1.0.25:15084|admin:10.1.0.25:15083|client:10.1.0.25:15082|dataStream:10.1.0.25:15085|priority:1|startupRole:FOLLOWER, 2730903f-e14d-4dbf-85f1-555db1c02b78|rpc:10.1.0.25:15075|admin:10.1.0.25:15074|client:10.1.0.25:15073|dataStream:10.1.0.25:15076|priority:0|startupRole:FOLLOWER, 2fe2737e-f7a8-402d-9eba-e541e9952274|rpc:10.1.0.25:15066|admin:10.1.0.25:15065|client:10.1.0.25:15064|dataStream:10.1.0.25:15067|priority:0|startupRole:FOLLOWER]|listeners:[], old=null
2023-10-17 18:43:32,842 [2730903f-e14d-4dbf-85f1-555db1c02b78-groupManagement] INFO  server.RaftServer$Division (RaftServerImpl.java:setRole(329)) - 2730903f-e14d-4dbf-85f1-555db1c02b78@group-330311C9EFB9: changes role from      null to FOLLOWER at term 0 for startAsFollower
2023-10-17 18:43:32,842 [2730903f-e14d-4dbf-85f1-555db1c02b78-groupManagement] INFO  impl.RoleInfo (RoleInfo.java:updateAndGet(139)) - 2730903f-e14d-4dbf-85f1-555db1c02b78: start 2730903f-e14d-4dbf-85f1-555db1c02b78@group-330311C9EFB9-FollowerState
2023-10-17 18:43:32,842 [2730903f-e14d-4dbf-85f1-555db1c02b78-groupManagement] INFO  util.JmxRegister (JmxRegister.java:tryRegister(44)) - Successfully registered JMX Bean with object name Ratis:service=RaftServer,group=group-330311C9EFB9,id=2730903f-e14d-4dbf-85f1-555db1c02b78
2023-10-17 18:43:32,842 [2730903f-e14d-4dbf-85f1-555db1c02b78-groupManagement] INFO  server.RaftServerConfigKeys (ConfUtils.java:logGet(46)) - raft.server.snapshot.auto.trigger.enabled = true (custom)
2023-10-17 18:43:32,842 [2730903f-e14d-4dbf-85f1-555db1c02b78-groupManagement] INFO  server.RaftServerConfigKeys (ConfUtils.java:logGet(46)) - raft.server.snapshot.auto.trigger.threshold = 10000 (custom)
2023-10-17 18:43:32,842 [2730903f-e14d-4dbf-85f1-555db1c02b78-groupManagement] INFO  server.RaftServerConfigKeys (ConfUtils.java:logGet(46)) - raft.server.snapshot.retention.file.num = 5 (custom)
2023-10-17 18:43:32,842 [2730903f-e14d-4dbf-85f1-555db1c02b78-groupManagement] INFO  server.RaftServerConfigKeys (ConfUtils.java:logGet(46)) - raft.server.log.purge.upto.snapshot.index = false (default)
2023-10-17 18:43:32,844 [2730903f-e14d-4dbf-85f1-555db1c02b78@group-330311C9EFB9-FollowerState] INFO  server.RaftServerConfigKeys (ConfUtils.java:logFallback(53)) - raft.server.rpc.first-election.timeout.min = 5s (fallback to raft.server.rpc.timeout.min)
2023-10-17 18:43:32,844 [2730903f-e14d-4dbf-85f1-555db1c02b78@group-330311C9EFB9-FollowerState] INFO  server.RaftServerConfigKeys (ConfUtils.java:logFallback(53)) - raft.server.rpc.first-election.timeout.max = 5200ms (fallback to raft.server.rpc.timeout.max)
2023-10-17 18:43:32,865 [grpc-default-executor-0] INFO  server.RaftServer (RaftServerProxy.java:addNew(98)) - 50f74f38-5546-481b-9021-1f540e3c531d: addNew group-330311C9EFB9:[50f74f38-5546-481b-9021-1f540e3c531d|rpc:10.1.0.25:15084|admin:10.1.0.25:15083|client:10.1.0.25:15082|dataStream:10.1.0.25:15085|priority:1|startupRole:FOLLOWER, 2730903f-e14d-4dbf-85f1-555db1c02b78|rpc:10.1.0.25:15075|admin:10.1.0.25:15074|client:10.1.0.25:15073|dataStream:10.1.0.25:15076|priority:0|startupRole:FOLLOWER, 2fe2737e-f7a8-402d-9eba-e541e9952274|rpc:10.1.0.25:15066|admin:10.1.0.25:15065|client:10.1.0.25:15064|dataStream:10.1.0.25:15067|priority:0|startupRole:FOLLOWER] returns group-330311C9EFB9:java.util.concurrent.CompletableFuture@369080bd[Not completed]
2023-10-17 18:43:32,866 [50f74f38-5546-481b-9021-1f540e3c531d-groupManagement] INFO  server.RaftServer$Division (RaftServerImpl.java:<init>(198)) - 50f74f38-5546-481b-9021-1f540e3c531d: new RaftServerImpl for group-330311C9EFB9:[50f74f38-5546-481b-9021-1f540e3c531d|rpc:10.1.0.25:15084|admin:10.1.0.25:15083|client:10.1.0.25:15082|dataStream:10.1.0.25:15085|priority:1|startupRole:FOLLOWER, 2730903f-e14d-4dbf-85f1-555db1c02b78|rpc:10.1.0.25:15075|admin:10.1.0.25:15074|client:10.1.0.25:15073|dataStream:10.1.0.25:15076|priority:0|startupRole:FOLLOWER, 2fe2737e-f7a8-402d-9eba-e541e9952274|rpc:10.1.0.25:15066|admin:10.1.0.25:15065|client:10.1.0.25:15064|dataStream:10.1.0.25:15067|priority:0|startupRole:FOLLOWER] with ContainerStateMachine:uninitialized
2023-10-17 18:43:32,866 [50f74f38-5546-481b-9021-1f540e3c531d-groupManagement] INFO  server.RaftServerConfigKeys (ConfUtils.java:logGet(46)) - raft.server.rpc.timeout.min = 5s (custom)
2023-10-17 18:43:32,866 [50f74f38-5546-481b-9021-1f540e3c531d-groupManagement] INFO  server.RaftServerConfigKeys (ConfUtils.java:logGet(46)) - raft.server.rpc.timeout.max = 5200ms (custom)
2023-10-17 18:43:32,866 [50f74f38-5546-481b-9021-1f540e3c531d-groupManagement] INFO  server.RaftServerConfigKeys (ConfUtils.java:logGet(46)) - raft.server.rpc.sleep.time = 25ms (default)
2023-10-17 18:43:32,866 [50f74f38-5546-481b-9021-1f540e3c531d-groupManagement] INFO  server.RaftServerConfigKeys (ConfUtils.java:logGet(46)) - raft.server.rpc.slowness.timeout = 300s (custom)
2023-10-17 18:43:32,866 [50f74f38-5546-481b-9021-1f540e3c531d-groupManagement] INFO  server.RaftServerConfigKeys (ConfUtils.java:logGet(46)) - raft.server.leaderelection.leader.step-down.wait-time = 10s (default)
2023-10-17 18:43:32,866 [50f74f38-5546-481b-9021-1f540e3c531d-groupManagement] INFO  server.RaftServerConfigKeys (ConfUtils.java:logGet(46)) - raft.server.sleep.deviation.threshold = 300ms (default)
2023-10-17 18:43:32,866 [50f74f38-5546-481b-9021-1f540e3c531d-groupManagement] INFO  server.RaftServer$Division (ServerState.java:<init>(120)) - 50f74f38-5546-481b-9021-1f540e3c531d@group-330311C9EFB9: ConfigurationManager, init=-1: peers:[50f74f38-5546-481b-9021-1f540e3c531d|rpc:10.1.0.25:15084|admin:10.1.0.25:15083|client:10.1.0.25:15082|dataStream:10.1.0.25:15085|priority:1|startupRole:FOLLOWER, 2730903f-e14d-4dbf-85f1-555db1c02b78|rpc:10.1.0.25:15075|admin:10.1.0.25:15074|client:10.1.0.25:15073|dataStream:10.1.0.25:15076|priority:0|startupRole:FOLLOWER, 2fe2737e-f7a8-402d-9eba-e541e9952274|rpc:10.1.0.25:15066|admin:10.1.0.25:15065|client:10.1.0.25:15064|dataStream:10.1.0.25:15067|priority:0|startupRole:FOLLOWER]|listeners:[], old=null, confs=<EMPTY_MAP>
2023-10-17 18:43:32,866 [50f74f38-5546-481b-9021-1f540e3c531d-groupManagement] INFO  server.RaftServerConfigKeys (ConfUtils.java:logGet(46)) - raft.server.storage.dir = [/home/runner/work/ozone/ozone/hadoop-ozone/integration-test/target/test-dir/MiniOzoneClusterImpl-6deba204-2b0e-4ddb-90bc-390c46dd618c/datanode-2/data/ratis] (custom)
2023-10-17 18:43:32,866 [50f74f38-5546-481b-9021-1f540e3c531d-groupManagement] INFO  server.RaftServerConfigKeys (ConfUtils.java:logGet(46)) - raft.server.log.corruption.policy = EXCEPTION (default)
2023-10-17 18:43:32,866 [50f74f38-5546-481b-9021-1f540e3c531d-groupManagement] INFO  server.RaftServerConfigKeys (ConfUtils.java:logGet(46)) - raft.server.storage.free-space.min = 0MB (=0) (default)
2023-10-17 18:43:32,866 [50f74f38-5546-481b-9021-1f540e3c531d-groupManagement] INFO  server.RaftServerConfigKeys (ConfUtils.java:logGet(46)) - raft.server.notification.no-leader.timeout = 300s (custom)
2023-10-17 18:43:32,866 [50f74f38-5546-481b-9021-1f540e3c531d-groupManagement] INFO  server.RaftServerConfigKeys (ConfUtils.java:logGet(46)) - raft.server.read.timeout = 10s (default)
2023-10-17 18:43:32,867 [50f74f38-5546-481b-9021-1f540e3c531d-groupManagement] INFO  server.RaftServerConfigKeys (ConfUtils.java:logGet(46)) - raft.server.retrycache.expirytime = 600000ms (custom)
2023-10-17 18:43:32,867 [50f74f38-5546-481b-9021-1f540e3c531d-groupManagement] INFO  server.RaftServerConfigKeys (ConfUtils.java:logGet(46)) - raft.server.retrycache.statistics.expirytime = 100μs (default)
2023-10-17 18:43:32,867 [50f74f38-5546-481b-9021-1f540e3c531d-groupManagement] INFO  server.RaftServerConfigKeys (ConfUtils.java:logGet(46)) - raft.server.read.option = DEFAULT (default)
2023-10-17 18:43:32,867 [50f74f38-5546-481b-9021-1f540e3c531d-groupManagement] INFO  server.RaftServerConfigKeys (ConfUtils.java:logGet(46)) - raft.server.rpc.request.timeout = 60s (custom)
2023-10-17 18:43:32,867 [50f74f38-5546-481b-9021-1f540e3c531d-groupManagement] INFO  server.RaftServerConfigKeys (ConfUtils.java:logGet(46)) - raft.server.log.appender.install.snapshot.enabled = false (custom)
2023-10-17 18:43:32,867 [50f74f38-5546-481b-9021-1f540e3c531d-groupManagement] INFO  server.RaftServerConfigKeys (ConfUtils.java:logGet(46)) - raft.server.threadpool.server.cached = true (default)
2023-10-17 18:43:32,868 [50f74f38-5546-481b-9021-1f540e3c531d-groupManagement] INFO  server.RaftServerConfigKeys (ConfUtils.java:logGet(46)) - raft.server.threadpool.server.size = 0 (default)
2023-10-17 18:43:32,868 [50f74f38-5546-481b-9021-1f540e3c531d-groupManagement] INFO  server.RaftServerConfigKeys (ConfUtils.java:logGet(46)) - raft.server.threadpool.client.cached = true (default)
2023-10-17 18:43:32,868 [50f74f38-5546-481b-9021-1f540e3c531d-groupManagement] INFO  server.RaftServerConfigKeys (ConfUtils.java:logGet(46)) - raft.server.threadpool.client.size = 0 (default)
2023-10-17 18:43:32,868 [50f74f38-5546-481b-9021-1f540e3c531d-groupManagement] INFO  storage.RaftStorageDirectory (RaftStorageDirectoryImpl.java:analyzeStorage(137)) - The storage directory /home/runner/work/ozone/ozone/hadoop-ozone/integration-test/target/test-dir/MiniOzoneClusterImpl-6deba204-2b0e-4ddb-90bc-390c46dd618c/datanode-2/data/ratis/1212e58b-041a-4ef3-8e12-330311c9efb9 does not exist. Creating ...
2023-10-17 18:43:32,871 [50f74f38-5546-481b-9021-1f540e3c531d-groupManagement] INFO  storage.RaftStorageDirectory (RaftStorageDirectoryImpl.java:tryLock(231)) - Lock on /home/runner/work/ozone/ozone/hadoop-ozone/integration-test/target/test-dir/MiniOzoneClusterImpl-6deba204-2b0e-4ddb-90bc-390c46dd618c/datanode-2/data/ratis/1212e58b-041a-4ef3-8e12-330311c9efb9/in_use.lock acquired by nodename 31914@fv-az189-115
2023-10-17 18:43:32,873 [50f74f38-5546-481b-9021-1f540e3c531d-groupManagement] INFO  storage.RaftStorage (RaftStorageImpl.java:format(96)) - Storage directory /home/runner/work/ozone/ozone/hadoop-ozone/integration-test/target/test-dir/MiniOzoneClusterImpl-6deba204-2b0e-4ddb-90bc-390c46dd618c/datanode-2/data/ratis/1212e58b-041a-4ef3-8e12-330311c9efb9 has been successfully formatted.
2023-10-17 18:43:32,874 [50f74f38-5546-481b-9021-1f540e3c531d-groupManagement] INFO  ratis.ContainerStateMachine (ContainerStateMachine.java:loadSnapshot(262)) - group-330311C9EFB9: The snapshot info is null. Setting the last applied indexto:(t:0, i:~)
2023-10-17 18:43:32,874 [50f74f38-5546-481b-9021-1f540e3c531d-groupManagement] INFO  server.RaftServerConfigKeys (ConfUtils.java:logGet(46)) - raft.server.log.use.memory = false (default)
2023-10-17 18:43:32,874 [50f74f38-5546-481b-9021-1f540e3c531d-groupManagement] INFO  server.RaftServerConfigKeys (ConfUtils.java:logGet(46)) - raft.server.log.purge.gap = 1000000 (custom)
2023-10-17 18:43:32,874 [50f74f38-5546-481b-9021-1f540e3c531d-groupManagement] INFO  server.RaftServerConfigKeys (ConfUtils.java:logGet(46)) - raft.server.log.appender.buffer.byte-limit = 33554432 (custom)
2023-10-17 18:43:32,875 [50f74f38-5546-481b-9021-1f540e3c531d-groupManagement] INFO  server.RaftServerConfigKeys (ConfUtils.java:logGet(46)) - raft.server.log.statemachine.data.read.timeout = 1000ms (default)
2023-10-17 18:43:32,875 [50f74f38-5546-481b-9021-1f540e3c531d-groupManagement] INFO  server.RaftServerConfigKeys (ConfUtils.java:logGet(46)) - raft.server.log.purge.preservation.log.num = 0 (default)
2023-10-17 18:43:32,875 [50f74f38-5546-481b-9021-1f540e3c531d-groupManagement] INFO  server.RaftServerConfigKeys (ConfUtils.java:logGet(46)) - raft.server.log.segment.size.max = 1048576 (custom)
2023-10-17 18:43:32,876 [50f74f38-5546-481b-9021-1f540e3c531d-groupManagement] INFO  server.RaftServerConfigKeys (ConfUtils.java:logGet(46)) - raft.server.log.segment.cache.num.max = 2 (custom)
2023-10-17 18:43:32,876 [50f74f38-5546-481b-9021-1f540e3c531d-groupManagement] INFO  server.RaftServerConfigKeys (ConfUtils.java:logGet(46)) - raft.server.log.segment.cache.size.max = 200MB (=209715200) (default)
2023-10-17 18:43:32,876 [50f74f38-5546-481b-9021-1f540e3c531d-groupManagement] INFO  server.RaftServerConfigKeys (ConfUtils.java:logGet(46)) - raft.server.log.appender.buffer.byte-limit = 33554432 (custom)
2023-10-17 18:43:32,876 [50f74f38-5546-481b-9021-1f540e3c531d-groupManagement] INFO  segmented.SegmentedRaftLogWorker (SegmentedRaftLogWorker.java:<init>(188)) - new 50f74f38-5546-481b-9021-1f540e3c531d@group-330311C9EFB9-SegmentedRaftLogWorker for RaftStorageImpl:Storage Directory /home/runner/work/ozone/ozone/hadoop-ozone/integration-test/target/test-dir/MiniOzoneClusterImpl-6deba204-2b0e-4ddb-90bc-390c46dd618c/datanode-2/data/ratis/1212e58b-041a-4ef3-8e12-330311c9efb9
2023-10-17 18:43:32,876 [50f74f38-5546-481b-9021-1f540e3c531d-groupManagement] INFO  server.RaftServerConfigKeys (ConfUtils.java:logGet(46)) - raft.server.log.queue.byte-limit = 4294967296 (custom)
2023-10-17 18:43:32,876 [50f74f38-5546-481b-9021-1f540e3c531d-groupManagement] INFO  server.RaftServerConfigKeys (ConfUtils.java:logGet(46)) - raft.server.log.queue.element-limit = 1024 (custom)
2023-10-17 18:43:32,876 [50f74f38-5546-481b-9021-1f540e3c531d-groupManagement] INFO  server.RaftServerConfigKeys (ConfUtils.java:logGet(46)) - raft.server.log.segment.size.max = 1048576 (custom)
2023-10-17 18:43:32,876 [50f74f38-5546-481b-9021-1f540e3c531d-groupManagement] INFO  server.RaftServerConfigKeys (ConfUtils.java:logGet(46)) - raft.server.log.preallocated.size = 16384 (custom)
2023-10-17 18:43:32,876 [50f74f38-5546-481b-9021-1f540e3c531d-groupManagement] INFO  server.RaftServerConfigKeys (ConfUtils.java:logGet(46)) - raft.server.log.force.sync.num = 128 (default)
2023-10-17 18:43:32,876 [50f74f38-5546-481b-9021-1f540e3c531d-groupManagement] INFO  server.RaftServerConfigKeys (ConfUtils.java:logGet(46)) - raft.server.log.statemachine.data.sync = true (default)
2023-10-17 18:43:32,876 [50f74f38-5546-481b-9021-1f540e3c531d-groupManagement] INFO  server.RaftServerConfigKeys (ConfUtils.java:logGet(46)) - raft.server.log.statemachine.data.sync.timeout = 10s (default)
2023-10-17 18:43:32,876 [50f74f38-5546-481b-9021-1f540e3c531d-groupManagement] INFO  server.RaftServerConfigKeys (ConfUtils.java:logGet(46)) - raft.server.log.statemachine.data.sync.timeout.retry = -1 (default)
2023-10-17 18:43:32,876 [50f74f38-5546-481b-9021-1f540e3c531d-groupManagement] INFO  server.RaftServerConfigKeys (ConfUtils.java:logGet(46)) - raft.server.log.write.buffer.size = 1048576 (custom)
2023-10-17 18:43:32,877 [50f74f38-5546-481b-9021-1f540e3c531d-groupManagement] INFO  server.RaftServerConfigKeys (ConfUtils.java:logGet(46)) - raft.server.log.appender.buffer.byte-limit = 33554432 (custom)
2023-10-17 18:43:32,883 [50f74f38-5546-481b-9021-1f540e3c531d-groupManagement] INFO  server.RaftServerConfigKeys (ConfUtils.java:logGet(46)) - raft.server.log.unsafe-flush.enabled = false (default)
2023-10-17 18:43:32,883 [50f74f38-5546-481b-9021-1f540e3c531d-groupManagement] INFO  server.RaftServerConfigKeys (ConfUtils.java:logGet(46)) - raft.server.log.async-flush.enabled = false (default)
2023-10-17 18:43:32,883 [50f74f38-5546-481b-9021-1f540e3c531d-groupManagement] INFO  server.RaftServerConfigKeys (ConfUtils.java:logGet(46)) - raft.server.log.statemachine.data.caching.enabled = true (custom)
2023-10-17 18:43:32,883 [50f74f38-5546-481b-9021-1f540e3c531d-groupManagement] INFO  segmented.SegmentedRaftLogWorker (SegmentedRaftLogWorker.java:lambda$new$0(135)) - 50f74f38-5546-481b-9021-1f540e3c531d@group-330311C9EFB9-SegmentedRaftLogWorker: flushIndex: setUnconditionally 0 -> -1
2023-10-17 18:43:32,883 [50f74f38-5546-481b-9021-1f540e3c531d-groupManagement] INFO  segmented.SegmentedRaftLogWorker (SegmentedRaftLogWorker.java:lambda$new$0(135)) - 50f74f38-5546-481b-9021-1f540e3c531d@group-330311C9EFB9-SegmentedRaftLogWorker: safeCacheEvictIndex: setUnconditionally 0 -> -1
2023-10-17 18:43:32,884 [50f74f38-5546-481b-9021-1f540e3c531d-groupManagement] INFO  server.RaftServer$Division (RaftServerImpl.java:start(342)) - 50f74f38-5546-481b-9021-1f540e3c531d@group-330311C9EFB9: start as a follower, conf=-1: peers:[50f74f38-5546-481b-9021-1f540e3c531d|rpc:10.1.0.25:15084|admin:10.1.0.25:15083|client:10.1.0.25:15082|dataStream:10.1.0.25:15085|priority:1|startupRole:FOLLOWER, 2730903f-e14d-4dbf-85f1-555db1c02b78|rpc:10.1.0.25:15075|admin:10.1.0.25:15074|client:10.1.0.25:15073|dataStream:10.1.0.25:15076|priority:0|startupRole:FOLLOWER, 2fe2737e-f7a8-402d-9eba-e541e9952274|rpc:10.1.0.25:15066|admin:10.1.0.25:15065|client:10.1.0.25:15064|dataStream:10.1.0.25:15067|priority:0|startupRole:FOLLOWER]|listeners:[], old=null
2023-10-17 18:43:32,884 [50f74f38-5546-481b-9021-1f540e3c531d-groupManagement] INFO  server.RaftServer$Division (RaftServerImpl.java:setRole(329)) - 50f74f38-5546-481b-9021-1f540e3c531d@group-330311C9EFB9: changes role from      null to FOLLOWER at term 0 for startAsFollower
2023-10-17 18:43:32,884 [50f74f38-5546-481b-9021-1f540e3c531d-groupManagement] INFO  impl.RoleInfo (RoleInfo.java:updateAndGet(139)) - 50f74f38-5546-481b-9021-1f540e3c531d: start 50f74f38-5546-481b-9021-1f540e3c531d@group-330311C9EFB9-FollowerState
2023-10-17 18:43:32,895 [50f74f38-5546-481b-9021-1f540e3c531d-groupManagement] INFO  util.JmxRegister (JmxRegister.java:tryRegister(44)) - Successfully registered JMX Bean with object name Ratis:service=RaftServer,group=group-330311C9EFB9,id=50f74f38-5546-481b-9021-1f540e3c531d
2023-10-17 18:43:32,895 [50f74f38-5546-481b-9021-1f540e3c531d@group-330311C9EFB9-FollowerState] INFO  server.RaftServerConfigKeys (ConfUtils.java:logFallback(53)) - raft.server.rpc.first-election.timeout.min = 5s (fallback to raft.server.rpc.timeout.min)
2023-10-17 18:43:32,895 [50f74f38-5546-481b-9021-1f540e3c531d-groupManagement] INFO  server.RaftServerConfigKeys (ConfUtils.java:logGet(46)) - raft.server.snapshot.auto.trigger.enabled = true (custom)
2023-10-17 18:43:32,895 [50f74f38-5546-481b-9021-1f540e3c531d-groupManagement] INFO  server.RaftServerConfigKeys (ConfUtils.java:logGet(46)) - raft.server.snapshot.auto.trigger.threshold = 10000 (custom)
2023-10-17 18:43:32,895 [50f74f38-5546-481b-9021-1f540e3c531d-groupManagement] INFO  server.RaftServerConfigKeys (ConfUtils.java:logGet(46)) - raft.server.snapshot.retention.file.num = 5 (custom)
2023-10-17 18:43:32,895 [50f74f38-5546-481b-9021-1f540e3c531d-groupManagement] INFO  server.RaftServerConfigKeys (ConfUtils.java:logGet(46)) - raft.server.log.purge.upto.snapshot.index = false (default)
2023-10-17 18:43:32,896 [50f74f38-5546-481b-9021-1f540e3c531d@group-330311C9EFB9-FollowerState] INFO  server.RaftServerConfigKeys (ConfUtils.java:logFallback(53)) - raft.server.rpc.first-election.timeout.max = 5200ms (fallback to raft.server.rpc.timeout.max)
2023-10-17 18:43:32,904 [PipelineCommandHandlerThread-0] INFO  commandhandler.CreatePipelineCommandHandler (CreatePipelineCommandHandler.java:lambda$handle$2(124)) - Created Pipeline RATIS THREE PipelineID=1212e58b-041a-4ef3-8e12-330311c9efb9.
2023-10-17 18:43:32,917 [PipelineCommandHandlerThread-0] INFO  server.RaftServer (RaftServerProxy.java:addNew(98)) - 2730903f-e14d-4dbf-85f1-555db1c02b78: addNew group-672CC4CC8829:[2730903f-e14d-4dbf-85f1-555db1c02b78|rpc:10.1.0.25:15075|admin:10.1.0.25:15074|client:10.1.0.25:15073|dataStream:10.1.0.25:15076|priority:1|startupRole:FOLLOWER] returns group-672CC4CC8829:java.util.concurrent.CompletableFuture@1612388d[Not completed]
2023-10-17 18:43:32,917 [2730903f-e14d-4dbf-85f1-555db1c02b78-groupManagement] INFO  server.RaftServer$Division (RaftServerImpl.java:<init>(198)) - 2730903f-e14d-4dbf-85f1-555db1c02b78: new RaftServerImpl for group-672CC4CC8829:[2730903f-e14d-4dbf-85f1-555db1c02b78|rpc:10.1.0.25:15075|admin:10.1.0.25:15074|client:10.1.0.25:15073|dataStream:10.1.0.25:15076|priority:1|startupRole:FOLLOWER] with ContainerStateMachine:uninitialized
2023-10-17 18:43:32,917 [2730903f-e14d-4dbf-85f1-555db1c02b78-groupManagement] INFO  server.RaftServerConfigKeys (ConfUtils.java:logGet(46)) - raft.server.rpc.timeout.min = 5s (custom)
2023-10-17 18:43:32,918 [2730903f-e14d-4dbf-85f1-555db1c02b78-groupManagement] INFO  server.RaftServerConfigKeys (ConfUtils.java:logGet(46)) - raft.server.rpc.timeout.max = 5200ms (custom)
2023-10-17 18:43:32,918 [2730903f-e14d-4dbf-85f1-555db1c02b78-groupManagement] INFO  server.RaftServerConfigKeys (ConfUtils.java:logGet(46)) - raft.server.rpc.sleep.time = 25ms (default)
2023-10-17 18:43:32,918 [2730903f-e14d-4dbf-85f1-555db1c02b78-groupManagement] INFO  server.RaftServerConfigKeys (ConfUtils.java:logGet(46)) - raft.server.rpc.slowness.timeout = 300s (custom)
2023-10-17 18:43:32,918 [2730903f-e14d-4dbf-85f1-555db1c02b78-groupManagement] INFO  server.RaftServerConfigKeys (ConfUtils.java:logGet(46)) - raft.server.leaderelection.leader.step-down.wait-time = 10s (default)
2023-10-17 18:43:32,918 [2730903f-e14d-4dbf-85f1-555db1c02b78-groupManagement] INFO  server.RaftServerConfigKeys (ConfUtils.java:logGet(46)) - raft.server.sleep.deviation.threshold = 300ms (default)
2023-10-17 18:43:32,918 [2730903f-e14d-4dbf-85f1-555db1c02b78-groupManagement] INFO  server.RaftServer$Division (ServerState.java:<init>(120)) - 2730903f-e14d-4dbf-85f1-555db1c02b78@group-672CC4CC8829: ConfigurationManager, init=-1: peers:[2730903f-e14d-4dbf-85f1-555db1c02b78|rpc:10.1.0.25:15075|admin:10.1.0.25:15074|client:10.1.0.25:15073|dataStream:10.1.0.25:15076|priority:1|startupRole:FOLLOWER]|listeners:[], old=null, confs=<EMPTY_MAP>
2023-10-17 18:43:32,918 [2730903f-e14d-4dbf-85f1-555db1c02b78-groupManagement] INFO  server.RaftServerConfigKeys (ConfUtils.java:logGet(46)) - raft.server.storage.dir = [/home/runner/work/ozone/ozone/hadoop-ozone/integration-test/target/test-dir/MiniOzoneClusterImpl-6deba204-2b0e-4ddb-90bc-390c46dd618c/datanode-1/data/ratis] (custom)
2023-10-17 18:43:32,918 [2730903f-e14d-4dbf-85f1-555db1c02b78-groupManagement] INFO  server.RaftServerConfigKeys (ConfUtils.java:logGet(46)) - raft.server.log.corruption.policy = EXCEPTION (default)
2023-10-17 18:43:32,918 [2730903f-e14d-4dbf-85f1-555db1c02b78-groupManagement] INFO  server.RaftServerConfigKeys (ConfUtils.java:logGet(46)) - raft.server.storage.free-space.min = 0MB (=0) (default)
2023-10-17 18:43:32,918 [2730903f-e14d-4dbf-85f1-555db1c02b78-groupManagement] INFO  server.RaftServerConfigKeys (ConfUtils.java:logGet(46)) - raft.server.notification.no-leader.timeout = 300s (custom)
2023-10-17 18:43:32,918 [2730903f-e14d-4dbf-85f1-555db1c02b78-groupManagement] INFO  server.RaftServerConfigKeys (ConfUtils.java:logGet(46)) - raft.server.read.timeout = 10s (default)
2023-10-17 18:43:32,918 [2730903f-e14d-4dbf-85f1-555db1c02b78-groupManagement] INFO  server.RaftServerConfigKeys (ConfUtils.java:logGet(46)) - raft.server.retrycache.expirytime = 600000ms (custom)
2023-10-17 18:43:32,918 [2730903f-e14d-4dbf-85f1-555db1c02b78-groupManagement] INFO  server.RaftServerConfigKeys (ConfUtils.java:logGet(46)) - raft.server.retrycache.statistics.expirytime = 100μs (default)
2023-10-17 18:43:32,918 [2730903f-e14d-4dbf-85f1-555db1c02b78-groupManagement] INFO  server.RaftServerConfigKeys (ConfUtils.java:logGet(46)) - raft.server.read.option = DEFAULT (default)
2023-10-17 18:43:32,919 [2730903f-e14d-4dbf-85f1-555db1c02b78-groupManagement] INFO  server.RaftServerConfigKeys (ConfUtils.java:logGet(46)) - raft.server.rpc.request.timeout = 60s (custom)
2023-10-17 18:43:32,919 [2730903f-e14d-4dbf-85f1-555db1c02b78-groupManagement] INFO  server.RaftServerConfigKeys (ConfUtils.java:logGet(46)) - raft.server.log.appender.install.snapshot.enabled = false (custom)
2023-10-17 18:43:32,919 [2730903f-e14d-4dbf-85f1-555db1c02b78-groupManagement] INFO  server.RaftServerConfigKeys (ConfUtils.java:logGet(46)) - raft.server.threadpool.server.cached = true (default)
2023-10-17 18:43:32,919 [2730903f-e14d-4dbf-85f1-555db1c02b78-groupManagement] INFO  server.RaftServerConfigKeys (ConfUtils.java:logGet(46)) - raft.server.threadpool.server.size = 0 (default)
2023-10-17 18:43:32,919 [2730903f-e14d-4dbf-85f1-555db1c02b78-groupManagement] INFO  server.RaftServerConfigKeys (ConfUtils.java:logGet(46)) - raft.server.threadpool.client.cached = true (default)
2023-10-17 18:43:32,919 [2730903f-e14d-4dbf-85f1-555db1c02b78-groupManagement] INFO  server.RaftServerConfigKeys (ConfUtils.java:logGet(46)) - raft.server.threadpool.client.size = 0 (default)
2023-10-17 18:43:32,919 [2730903f-e14d-4dbf-85f1-555db1c02b78-groupManagement] INFO  storage.RaftStorageDirectory (RaftStorageDirectoryImpl.java:analyzeStorage(137)) - The storage directory /home/runner/work/ozone/ozone/hadoop-ozone/integration-test/target/test-dir/MiniOzoneClusterImpl-6deba204-2b0e-4ddb-90bc-390c46dd618c/datanode-1/data/ratis/0b7365ae-495e-405b-a7a2-672cc4cc8829 does not exist. Creating ...
2023-10-17 18:43:32,922 [2730903f-e14d-4dbf-85f1-555db1c02b78-groupManagement] INFO  storage.RaftStorageDirectory (RaftStorageDirectoryImpl.java:tryLock(231)) - Lock on /home/runner/work/ozone/ozone/hadoop-ozone/integration-test/target/test-dir/MiniOzoneClusterImpl-6deba204-2b0e-4ddb-90bc-390c46dd618c/datanode-1/data/ratis/0b7365ae-495e-405b-a7a2-672cc4cc8829/in_use.lock acquired by nodename 31914@fv-az189-115
2023-10-17 18:43:32,923 [2730903f-e14d-4dbf-85f1-555db1c02b78-groupManagement] INFO  storage.RaftStorage (RaftStorageImpl.java:format(96)) - Storage directory /home/runner/work/ozone/ozone/hadoop-ozone/integration-test/target/test-dir/MiniOzoneClusterImpl-6deba204-2b0e-4ddb-90bc-390c46dd618c/datanode-1/data/ratis/0b7365ae-495e-405b-a7a2-672cc4cc8829 has been successfully formatted.
2023-10-17 18:43:32,924 [2730903f-e14d-4dbf-85f1-555db1c02b78-groupManagement] INFO  ratis.ContainerStateMachine (ContainerStateMachine.java:loadSnapshot(262)) - group-672CC4CC8829: The snapshot info is null. Setting the last applied indexto:(t:0, i:~)
2023-10-17 18:43:32,925 [EventQueue-PipelineReportForPipelineReportHandler] INFO  pipeline.PipelineReportHandler (PipelineReportHandler.java:processPipelineReport(136)) - Opened pipeline PipelineID=0b7365ae-495e-405b-a7a2-672cc4cc8829
2023-10-17 18:43:32,926 [EventQueue-OpenPipelineForHealthyPipelineSafeModeRule] INFO  safemode.SCMSafeModeManager (HealthyPipelineSafeModeRule.java:process(137)) - SCM in safe mode. Healthy pipelines reported count is 0, required healthy pipeline reported count is 1
2023-10-17 18:43:32,926 [2730903f-e14d-4dbf-85f1-555db1c02b78-groupManagement] INFO  server.RaftServerConfigKeys (ConfUtils.java:logGet(46)) - raft.server.log.use.memory = false (default)
2023-10-17 18:43:32,926 [2730903f-e14d-4dbf-85f1-555db1c02b78-groupManagement] INFO  server.RaftServerConfigKeys (ConfUtils.java:logGet(46)) - raft.server.log.purge.gap = 1000000 (custom)
2023-10-17 18:43:32,926 [2730903f-e14d-4dbf-85f1-555db1c02b78-groupManagement] INFO  server.RaftServerConfigKeys (ConfUtils.java:logGet(46)) - raft.server.log.appender.buffer.byte-limit = 33554432 (custom)
2023-10-17 18:43:32,926 [2730903f-e14d-4dbf-85f1-555db1c02b78-groupManagement] INFO  server.RaftServerConfigKeys (ConfUtils.java:logGet(46)) - raft.server.log.statemachine.data.read.timeout = 1000ms (default)
2023-10-17 18:43:32,926 [2730903f-e14d-4dbf-85f1-555db1c02b78-groupManagement] INFO  server.RaftServerConfigKeys (ConfUtils.java:logGet(46)) - raft.server.log.purge.preservation.log.num = 0 (default)
2023-10-17 18:43:32,926 [2730903f-e14d-4dbf-85f1-555db1c02b78-groupManagement] INFO  server.RaftServerConfigKeys (ConfUtils.java:logGet(46)) - raft.server.log.segment.size.max = 1048576 (custom)
2023-10-17 18:43:32,926 [2730903f-e14d-4dbf-85f1-555db1c02b78-groupManagement] INFO  server.RaftServerConfigKeys (ConfUtils.java:logGet(46)) - raft.server.log.segment.cache.num.max = 2 (custom)
2023-10-17 18:43:32,926 [2730903f-e14d-4dbf-85f1-555db1c02b78-groupManagement] INFO  server.RaftServerConfigKeys (ConfUtils.java:logGet(46)) - raft.server.log.segment.cache.size.max = 200MB (=209715200) (default)
2023-10-17 18:43:32,927 [2730903f-e14d-4dbf-85f1-555db1c02b78-groupManagement] INFO  server.RaftServerConfigKeys (ConfUtils.java:logGet(46)) - raft.server.log.appender.buffer.byte-limit = 33554432 (custom)
2023-10-17 18:43:32,927 [2730903f-e14d-4dbf-85f1-555db1c02b78-groupManagement] INFO  segmented.SegmentedRaftLogWorker (SegmentedRaftLogWorker.java:<init>(188)) - new 2730903f-e14d-4dbf-85f1-555db1c02b78@group-672CC4CC8829-SegmentedRaftLogWorker for RaftStorageImpl:Storage Directory /home/runner/work/ozone/ozone/hadoop-ozone/integration-test/target/test-dir/MiniOzoneClusterImpl-6deba204-2b0e-4ddb-90bc-390c46dd618c/datanode-1/data/ratis/0b7365ae-495e-405b-a7a2-672cc4cc8829
2023-10-17 18:43:32,927 [2730903f-e14d-4dbf-85f1-555db1c02b78-groupManagement] INFO  server.RaftServerConfigKeys (ConfUtils.java:logGet(46)) - raft.server.log.queue.byte-limit = 4294967296 (custom)
2023-10-17 18:43:32,927 [2730903f-e14d-4dbf-85f1-555db1c02b78-groupManagement] INFO  server.RaftServerConfigKeys (ConfUtils.java:logGet(46)) - raft.server.log.queue.element-limit = 1024 (custom)
2023-10-17 18:43:32,927 [2730903f-e14d-4dbf-85f1-555db1c02b78-groupManagement] INFO  server.RaftServerConfigKeys (ConfUtils.java:logGet(46)) - raft.server.log.segment.size.max = 1048576 (custom)
2023-10-17 18:43:32,927 [2730903f-e14d-4dbf-85f1-555db1c02b78-groupManagement] INFO  server.RaftServerConfigKeys (ConfUtils.java:logGet(46)) - raft.server.log.preallocated.size = 16384 (custom)
2023-10-17 18:43:32,927 [2730903f-e14d-4dbf-85f1-555db1c02b78-groupManagement] INFO  server.RaftServerConfigKeys (ConfUtils.java:logGet(46)) - raft.server.log.force.sync.num = 128 (default)
2023-10-17 18:43:32,927 [2730903f-e14d-4dbf-85f1-555db1c02b78-groupManagement] INFO  server.RaftServerConfigKeys (ConfUtils.java:logGet(46)) - raft.server.log.statemachine.data.sync = true (default)
2023-10-17 18:43:32,927 [2730903f-e14d-4dbf-85f1-555db1c02b78-groupManagement] INFO  server.RaftServerConfigKeys (ConfUtils.java:logGet(46)) - raft.server.log.statemachine.data.sync.timeout = 10s (default)
2023-10-17 18:43:32,927 [2730903f-e14d-4dbf-85f1-555db1c02b78-groupManagement] INFO  server.RaftServerConfigKeys (ConfUtils.java:logGet(46)) - raft.server.log.statemachine.data.sync.timeout.retry = -1 (default)
2023-10-17 18:43:32,927 [2730903f-e14d-4dbf-85f1-555db1c02b78-groupManagement] INFO  server.RaftServerConfigKeys (ConfUtils.java:logGet(46)) - raft.server.log.write.buffer.size = 1048576 (custom)
2023-10-17 18:43:32,928 [2730903f-e14d-4dbf-85f1-555db1c02b78-groupManagement] INFO  server.RaftServerConfigKeys (ConfUtils.java:logGet(46)) - raft.server.log.appender.buffer.byte-limit = 33554432 (custom)
2023-10-17 18:43:32,983 [2730903f-e14d-4dbf-85f1-555db1c02b78-groupManagement] INFO  server.RaftServerConfigKeys (ConfUtils.java:logGet(46)) - raft.server.log.unsafe-flush.enabled = false (default)
2023-10-17 18:43:32,983 [2730903f-e14d-4dbf-85f1-555db1c02b78-groupManagement] INFO  server.RaftServerConfigKeys (ConfUtils.java:logGet(46)) - raft.server.log.async-flush.enabled = false (default)
2023-10-17 18:43:32,983 [2730903f-e14d-4dbf-85f1-555db1c02b78-groupManagement] INFO  server.RaftServerConfigKeys (ConfUtils.java:logGet(46)) - raft.server.log.statemachine.data.caching.enabled = true (custom)
2023-10-17 18:43:32,984 [2730903f-e14d-4dbf-85f1-555db1c02b78-groupManagement] INFO  segmented.SegmentedRaftLogWorker (SegmentedRaftLogWorker.java:lambda$new$0(135)) - 2730903f-e14d-4dbf-85f1-555db1c02b78@group-672CC4CC8829-SegmentedRaftLogWorker: flushIndex: setUnconditionally 0 -> -1
2023-10-17 18:43:32,984 [2730903f-e14d-4dbf-85f1-555db1c02b78-groupManagement] INFO  segmented.SegmentedRaftLogWorker (SegmentedRaftLogWorker.java:lambda$new$0(135)) - 2730903f-e14d-4dbf-85f1-555db1c02b78@group-672CC4CC8829-SegmentedRaftLogWorker: safeCacheEvictIndex: setUnconditionally 0 -> -1
2023-10-17 18:43:32,986 [2730903f-e14d-4dbf-85f1-555db1c02b78-groupManagement] INFO  server.RaftServer$Division (RaftServerImpl.java:start(342)) - 2730903f-e14d-4dbf-85f1-555db1c02b78@group-672CC4CC8829: start as a follower, conf=-1: peers:[2730903f-e14d-4dbf-85f1-555db1c02b78|rpc:10.1.0.25:15075|admin:10.1.0.25:15074|client:10.1.0.25:15073|dataStream:10.1.0.25:15076|priority:1|startupRole:FOLLOWER]|listeners:[], old=null
2023-10-17 18:43:32,986 [2730903f-e14d-4dbf-85f1-555db1c02b78-groupManagement] INFO  server.RaftServer$Division (RaftServerImpl.java:setRole(329)) - 2730903f-e14d-4dbf-85f1-555db1c02b78@group-672CC4CC8829: changes role from      null to FOLLOWER at term 0 for startAsFollower
2023-10-17 18:43:32,986 [2730903f-e14d-4dbf-85f1-555db1c02b78-groupManagement] INFO  impl.RoleInfo (RoleInfo.java:updateAndGet(139)) - 2730903f-e14d-4dbf-85f1-555db1c02b78: start 2730903f-e14d-4dbf-85f1-555db1c02b78@group-672CC4CC8829-FollowerState
2023-10-17 18:43:32,986 [2730903f-e14d-4dbf-85f1-555db1c02b78-groupManagement] INFO  util.JmxRegister (JmxRegister.java:tryRegister(44)) - Successfully registered JMX Bean with object name Ratis:service=RaftServer,group=group-672CC4CC8829,id=2730903f-e14d-4dbf-85f1-555db1c02b78
2023-10-17 18:43:32,986 [2730903f-e14d-4dbf-85f1-555db1c02b78-groupManagement] INFO  server.RaftServerConfigKeys (ConfUtils.java:logGet(46)) - raft.server.snapshot.auto.trigger.enabled = true (custom)
2023-10-17 18:43:32,986 [2730903f-e14d-4dbf-85f1-555db1c02b78-groupManagement] INFO  server.RaftServerConfigKeys (ConfUtils.java:logGet(46)) - raft.server.snapshot.auto.trigger.threshold = 10000 (custom)
2023-10-17 18:43:32,986 [2730903f-e14d-4dbf-85f1-555db1c02b78-groupManagement] INFO  server.RaftServerConfigKeys (ConfUtils.java:logGet(46)) - raft.server.snapshot.retention.file.num = 5 (custom)
2023-10-17 18:43:32,986 [2730903f-e14d-4dbf-85f1-555db1c02b78-groupManagement] INFO  server.RaftServerConfigKeys (ConfUtils.java:logGet(46)) - raft.server.log.purge.upto.snapshot.index = false (default)
2023-10-17 18:43:32,987 [2730903f-e14d-4dbf-85f1-555db1c02b78@group-672CC4CC8829-FollowerState] INFO  server.RaftServerConfigKeys (ConfUtils.java:logFallback(53)) - raft.server.rpc.first-election.timeout.min = 5s (fallback to raft.server.rpc.timeout.min)
2023-10-17 18:43:32,987 [2730903f-e14d-4dbf-85f1-555db1c02b78@group-672CC4CC8829-FollowerState] INFO  server.RaftServerConfigKeys (ConfUtils.java:logFallback(53)) - raft.server.rpc.first-election.timeout.max = 5200ms (fallback to raft.server.rpc.timeout.max)
2023-10-17 18:43:32,987 [PipelineCommandHandlerThread-0] INFO  ratis.XceiverServerRatis (XceiverServerRatis.java:addGroup(804)) - Created group PipelineID=0b7365ae-495e-405b-a7a2-672cc4cc8829
2023-10-17 18:43:32,987 [PipelineCommandHandlerThread-0] INFO  commandhandler.CreatePipelineCommandHandler (CreatePipelineCommandHandler.java:lambda$handle$2(124)) - Created Pipeline RATIS ONE PipelineID=0b7365ae-495e-405b-a7a2-672cc4cc8829.
2023-10-17 18:43:33,191 [Time-limited test] INFO  ozone.MiniOzoneClusterImpl (MiniOzoneClusterImpl.java:lambda$waitForClusterToBeReady$0(229)) - Nodes are ready. Got 3 of 3 DN Heartbeats.
2023-10-17 18:43:33,191 [Time-limited test] INFO  ozone.MiniOzoneClusterImpl (MiniOzoneClusterImpl.java:lambda$waitForClusterToBeReady$0(232)) - Waiting for cluster to exit safe mode
2023-10-17 18:43:33,191 [Time-limited test] INFO  ozone.MiniOzoneClusterImpl (MiniOzoneClusterImpl.java:lambda$waitForClusterToBeReady$0(234)) - SCM became leader
2023-10-17 18:43:33,192 [PipelineCommandHandlerThread-0] INFO  server.RaftServer (RaftServerProxy.java:addNew(98)) - 50f74f38-5546-481b-9021-1f540e3c531d: addNew group-7A0531F17D6A:[50f74f38-5546-481b-9021-1f540e3c531d|rpc:10.1.0.25:15084|admin:10.1.0.25:15083|client:10.1.0.25:15082|dataStream:10.1.0.25:15085|priority:1|startupRole:FOLLOWER] returns group-7A0531F17D6A:java.util.concurrent.CompletableFuture@2e2fcf2e[Not completed]
2023-10-17 18:43:33,194 [50f74f38-5546-481b-9021-1f540e3c531d-groupManagement] INFO  server.RaftServer$Division (RaftServerImpl.java:<init>(198)) - 50f74f38-5546-481b-9021-1f540e3c531d: new RaftServerImpl for group-7A0531F17D6A:[50f74f38-5546-481b-9021-1f540e3c531d|rpc:10.1.0.25:15084|admin:10.1.0.25:15083|client:10.1.0.25:15082|dataStream:10.1.0.25:15085|priority:1|startupRole:FOLLOWER] with ContainerStateMachine:uninitialized
2023-10-17 18:43:33,194 [50f74f38-5546-481b-9021-1f540e3c531d-groupManagement] INFO  server.RaftServerConfigKeys (ConfUtils.java:logGet(46)) - raft.server.rpc.timeout.min = 5s (custom)
2023-10-17 18:43:33,194 [50f74f38-5546-481b-9021-1f540e3c531d-groupManagement] INFO  server.RaftServerConfigKeys (ConfUtils.java:logGet(46)) - raft.server.rpc.timeout.max = 5200ms (custom)
2023-10-17 18:43:33,194 [50f74f38-5546-481b-9021-1f540e3c531d-groupManagement] INFO  server.RaftServerConfigKeys (ConfUtils.java:logGet(46)) - raft.server.rpc.sleep.time = 25ms (default)
2023-10-17 18:43:33,194 [50f74f38-5546-481b-9021-1f540e3c531d-groupManagement] INFO  server.RaftServerConfigKeys (ConfUtils.java:logGet(46)) - raft.server.rpc.slowness.timeout = 300s (custom)
2023-10-17 18:43:33,194 [50f74f38-5546-481b-9021-1f540e3c531d-groupManagement] INFO  server.RaftServerConfigKeys (ConfUtils.java:logGet(46)) - raft.server.leaderelection.leader.step-down.wait-time = 10s (default)
2023-10-17 18:43:33,194 [50f74f38-5546-481b-9021-1f540e3c531d-groupManagement] INFO  server.RaftServerConfigKeys (ConfUtils.java:logGet(46)) - raft.server.sleep.deviation.threshold = 300ms (default)
2023-10-17 18:43:33,194 [50f74f38-5546-481b-9021-1f540e3c531d-groupManagement] INFO  server.RaftServer$Division (ServerState.java:<init>(120)) - 50f74f38-5546-481b-9021-1f540e3c531d@group-7A0531F17D6A: ConfigurationManager, init=-1: peers:[50f74f38-5546-481b-9021-1f540e3c531d|rpc:10.1.0.25:15084|admin:10.1.0.25:15083|client:10.1.0.25:15082|dataStream:10.1.0.25:15085|priority:1|startupRole:FOLLOWER]|listeners:[], old=null, confs=<EMPTY_MAP>
2023-10-17 18:43:33,194 [50f74f38-5546-481b-9021-1f540e3c531d-groupManagement] INFO  server.RaftServerConfigKeys (ConfUtils.java:logGet(46)) - raft.server.storage.dir = [/home/runner/work/ozone/ozone/hadoop-ozone/integration-test/target/test-dir/MiniOzoneClusterImpl-6deba204-2b0e-4ddb-90bc-390c46dd618c/datanode-2/data/ratis] (custom)
2023-10-17 18:43:33,194 [50f74f38-5546-481b-9021-1f540e3c531d-groupManagement] INFO  server.RaftServerConfigKeys (ConfUtils.java:logGet(46)) - raft.server.log.corruption.policy = EXCEPTION (default)
2023-10-17 18:43:33,194 [50f74f38-5546-481b-9021-1f540e3c531d-groupManagement] INFO  server.RaftServerConfigKeys (ConfUtils.java:logGet(46)) - raft.server.storage.free-space.min = 0MB (=0) (default)
2023-10-17 18:43:33,195 [50f74f38-5546-481b-9021-1f540e3c531d-groupManagement] INFO  server.RaftServerConfigKeys (ConfUtils.java:logGet(46)) - raft.server.notification.no-leader.timeout = 300s (custom)
2023-10-17 18:43:33,195 [50f74f38-5546-481b-9021-1f540e3c531d-groupManagement] INFO  server.RaftServerConfigKeys (ConfUtils.java:logGet(46)) - raft.server.read.timeout = 10s (default)
2023-10-17 18:43:33,195 [50f74f38-5546-481b-9021-1f540e3c531d-groupManagement] INFO  server.RaftServerConfigKeys (ConfUtils.java:logGet(46)) - raft.server.retrycache.expirytime = 600000ms (custom)
2023-10-17 18:43:33,195 [50f74f38-5546-481b-9021-1f540e3c531d-groupManagement] INFO  server.RaftServerConfigKeys (ConfUtils.java:logGet(46)) - raft.server.retrycache.statistics.expirytime = 100μs (default)
2023-10-17 18:43:33,195 [50f74f38-5546-481b-9021-1f540e3c531d-groupManagement] INFO  server.RaftServerConfigKeys (ConfUtils.java:logGet(46)) - raft.server.read.option = DEFAULT (default)
2023-10-17 18:43:33,195 [50f74f38-5546-481b-9021-1f540e3c531d-groupManagement] INFO  server.RaftServerConfigKeys (ConfUtils.java:logGet(46)) - raft.server.rpc.request.timeout = 60s (custom)
2023-10-17 18:43:33,195 [50f74f38-5546-481b-9021-1f540e3c531d-groupManagement] INFO  server.RaftServerConfigKeys (ConfUtils.java:logGet(46)) - raft.server.log.appender.install.snapshot.enabled = false (custom)
2023-10-17 18:43:33,195 [50f74f38-5546-481b-9021-1f540e3c531d-groupManagement] INFO  server.RaftServerConfigKeys (ConfUtils.java:logGet(46)) - raft.server.threadpool.server.cached = true (default)
2023-10-17 18:43:33,195 [50f74f38-5546-481b-9021-1f540e3c531d-groupManagement] INFO  server.RaftServerConfigKeys (ConfUtils.java:logGet(46)) - raft.server.threadpool.server.size = 0 (default)
2023-10-17 18:43:33,195 [50f74f38-5546-481b-9021-1f540e3c531d-groupManagement] INFO  server.RaftServerConfigKeys (ConfUtils.java:logGet(46)) - raft.server.threadpool.client.cached = true (default)
2023-10-17 18:43:33,195 [50f74f38-5546-481b-9021-1f540e3c531d-groupManagement] INFO  server.RaftServerConfigKeys (ConfUtils.java:logGet(46)) - raft.server.threadpool.client.size = 0 (default)
2023-10-17 18:43:33,196 [50f74f38-5546-481b-9021-1f540e3c531d-groupManagement] INFO  storage.RaftStorageDirectory (RaftStorageDirectoryImpl.java:analyzeStorage(137)) - The storage directory /home/runner/work/ozone/ozone/hadoop-ozone/integration-test/target/test-dir/MiniOzoneClusterImpl-6deba204-2b0e-4ddb-90bc-390c46dd618c/datanode-2/data/ratis/3e6c4a77-871c-4fa4-ac2b-7a0531f17d6a does not exist. Creating ...
2023-10-17 18:43:33,197 [50f74f38-5546-481b-9021-1f540e3c531d-groupManagement] INFO  storage.RaftStorageDirectory (RaftStorageDirectoryImpl.java:tryLock(231)) - Lock on /home/runner/work/ozone/ozone/hadoop-ozone/integration-test/target/test-dir/MiniOzoneClusterImpl-6deba204-2b0e-4ddb-90bc-390c46dd618c/datanode-2/data/ratis/3e6c4a77-871c-4fa4-ac2b-7a0531f17d6a/in_use.lock acquired by nodename 31914@fv-az189-115
2023-10-17 18:43:33,198 [50f74f38-5546-481b-9021-1f540e3c531d-groupManagement] INFO  storage.RaftStorage (RaftStorageImpl.java:format(96)) - Storage directory /home/runner/work/ozone/ozone/hadoop-ozone/integration-test/target/test-dir/MiniOzoneClusterImpl-6deba204-2b0e-4ddb-90bc-390c46dd618c/datanode-2/data/ratis/3e6c4a77-871c-4fa4-ac2b-7a0531f17d6a has been successfully formatted.
2023-10-17 18:43:33,198 [50f74f38-5546-481b-9021-1f540e3c531d-groupManagement] INFO  ratis.ContainerStateMachine (ContainerStateMachine.java:loadSnapshot(262)) - group-7A0531F17D6A: The snapshot info is null. Setting the last applied indexto:(t:0, i:~)
2023-10-17 18:43:33,199 [50f74f38-5546-481b-9021-1f540e3c531d-groupManagement] INFO  server.RaftServerConfigKeys (ConfUtils.java:logGet(46)) - raft.server.log.use.memory = false (default)
2023-10-17 18:43:33,199 [50f74f38-5546-481b-9021-1f540e3c531d-groupManagement] INFO  server.RaftServerConfigKeys (ConfUtils.java:logGet(46)) - raft.server.log.purge.gap = 1000000 (custom)
2023-10-17 18:43:33,199 [50f74f38-5546-481b-9021-1f540e3c531d-groupManagement] INFO  server.RaftServerConfigKeys (ConfUtils.java:logGet(46)) - raft.server.log.appender.buffer.byte-limit = 33554432 (custom)
2023-10-17 18:43:33,199 [50f74f38-5546-481b-9021-1f540e3c531d-groupManagement] INFO  server.RaftServerConfigKeys (ConfUtils.java:logGet(46)) - raft.server.log.statemachine.data.read.timeout = 1000ms (default)
2023-10-17 18:43:33,199 [50f74f38-5546-481b-9021-1f540e3c531d-groupManagement] INFO  server.RaftServerConfigKeys (ConfUtils.java:logGet(46)) - raft.server.log.purge.preservation.log.num = 0 (default)
2023-10-17 18:43:33,199 [50f74f38-5546-481b-9021-1f540e3c531d-groupManagement] INFO  server.RaftServerConfigKeys (ConfUtils.java:logGet(46)) - raft.server.log.segment.size.max = 1048576 (custom)
2023-10-17 18:43:33,199 [50f74f38-5546-481b-9021-1f540e3c531d-groupManagement] INFO  server.RaftServerConfigKeys (ConfUtils.java:logGet(46)) - raft.server.log.segment.cache.num.max = 2 (custom)
2023-10-17 18:43:33,200 [50f74f38-5546-481b-9021-1f540e3c531d-groupManagement] INFO  server.RaftServerConfigKeys (ConfUtils.java:logGet(46)) - raft.server.log.segment.cache.size.max = 200MB (=209715200) (default)
2023-10-17 18:43:33,200 [50f74f38-5546-481b-9021-1f540e3c531d-groupManagement] INFO  server.RaftServerConfigKeys (ConfUtils.java:logGet(46)) - raft.server.log.appender.buffer.byte-limit = 33554432 (custom)
2023-10-17 18:43:33,200 [50f74f38-5546-481b-9021-1f540e3c531d-groupManagement] INFO  segmented.SegmentedRaftLogWorker (SegmentedRaftLogWorker.java:<init>(188)) - new 50f74f38-5546-481b-9021-1f540e3c531d@group-7A0531F17D6A-SegmentedRaftLogWorker for RaftStorageImpl:Storage Directory /home/runner/work/ozone/ozone/hadoop-ozone/integration-test/target/test-dir/MiniOzoneClusterImpl-6deba204-2b0e-4ddb-90bc-390c46dd618c/datanode-2/data/ratis/3e6c4a77-871c-4fa4-ac2b-7a0531f17d6a
2023-10-17 18:43:33,200 [50f74f38-5546-481b-9021-1f540e3c531d-groupManagement] INFO  server.RaftServerConfigKeys (ConfUtils.java:logGet(46)) - raft.server.log.queue.byte-limit = 4294967296 (custom)
2023-10-17 18:43:33,200 [50f74f38-5546-481b-9021-1f540e3c531d-groupManagement] INFO  server.RaftServerConfigKeys (ConfUtils.java:logGet(46)) - raft.server.log.queue.element-limit = 1024 (custom)
2023-10-17 18:43:33,200 [50f74f38-5546-481b-9021-1f540e3c531d-groupManagement] INFO  server.RaftServerConfigKeys (ConfUtils.java:logGet(46)) - raft.server.log.segment.size.max = 1048576 (custom)
2023-10-17 18:43:33,200 [50f74f38-5546-481b-9021-1f540e3c531d-groupManagement] INFO  server.RaftServerConfigKeys (ConfUtils.java:logGet(46)) - raft.server.log.preallocated.size = 16384 (custom)
2023-10-17 18:43:33,200 [50f74f38-5546-481b-9021-1f540e3c531d-groupManagement] INFO  server.RaftServerConfigKeys (ConfUtils.java:logGet(46)) - raft.server.log.force.sync.num = 128 (default)
2023-10-17 18:43:33,200 [50f74f38-5546-481b-9021-1f540e3c531d-groupManagement] INFO  server.RaftServerConfigKeys (ConfUtils.java:logGet(46)) - raft.server.log.statemachine.data.sync = true (default)
2023-10-17 18:43:33,200 [50f74f38-5546-481b-9021-1f540e3c531d-groupManagement] INFO  server.RaftServerConfigKeys (ConfUtils.java:logGet(46)) - raft.server.log.statemachine.data.sync.timeout = 10s (default)
2023-10-17 18:43:33,200 [50f74f38-5546-481b-9021-1f540e3c531d-groupManagement] INFO  server.RaftServerConfigKeys (ConfUtils.java:logGet(46)) - raft.server.log.statemachine.data.sync.timeout.retry = -1 (default)
2023-10-17 18:43:33,200 [EventQueue-PipelineReportForPipelineReportHandler] INFO  pipeline.PipelineReportHandler (PipelineReportHandler.java:processPipelineReport(136)) - Opened pipeline PipelineID=3e6c4a77-871c-4fa4-ac2b-7a0531f17d6a
2023-10-17 18:43:33,200 [50f74f38-5546-481b-9021-1f540e3c531d-groupManagement] INFO  server.RaftServerConfigKeys (ConfUtils.java:logGet(46)) - raft.server.log.write.buffer.size = 1048576 (custom)
2023-10-17 18:43:33,201 [EventQueue-OpenPipelineForHealthyPipelineSafeModeRule] INFO  safemode.SCMSafeModeManager (HealthyPipelineSafeModeRule.java:process(137)) - SCM in safe mode. Healthy pipelines reported count is 0, required healthy pipeline reported count is 1
2023-10-17 18:43:33,201 [50f74f38-5546-481b-9021-1f540e3c531d-groupManagement] INFO  server.RaftServerConfigKeys (ConfUtils.java:logGet(46)) - raft.server.log.appender.buffer.byte-limit = 33554432 (custom)
2023-10-17 18:43:33,206 [50f74f38-5546-481b-9021-1f540e3c531d-groupManagement] INFO  server.RaftServerConfigKeys (ConfUtils.java:logGet(46)) - raft.server.log.unsafe-flush.enabled = false (default)
2023-10-17 18:43:33,206 [50f74f38-5546-481b-9021-1f540e3c531d-groupManagement] INFO  server.RaftServerConfigKeys (ConfUtils.java:logGet(46)) - raft.server.log.async-flush.enabled = false (default)
2023-10-17 18:43:33,206 [50f74f38-5546-481b-9021-1f540e3c531d-groupManagement] INFO  server.RaftServerConfigKeys (ConfUtils.java:logGet(46)) - raft.server.log.statemachine.data.caching.enabled = true (custom)
2023-10-17 18:43:33,206 [50f74f38-5546-481b-9021-1f540e3c531d-groupManagement] INFO  segmented.SegmentedRaftLogWorker (SegmentedRaftLogWorker.java:lambda$new$0(135)) - 50f74f38-5546-481b-9021-1f540e3c531d@group-7A0531F17D6A-SegmentedRaftLogWorker: flushIndex: setUnconditionally 0 -> -1
2023-10-17 18:43:33,207 [50f74f38-5546-481b-9021-1f540e3c531d-groupManagement] INFO  segmented.SegmentedRaftLogWorker (SegmentedRaftLogWorker.java:lambda$new$0(135)) - 50f74f38-5546-481b-9021-1f540e3c531d@group-7A0531F17D6A-SegmentedRaftLogWorker: safeCacheEvictIndex: setUnconditionally 0 -> -1
2023-10-17 18:43:33,207 [50f74f38-5546-481b-9021-1f540e3c531d-groupManagement] INFO  server.RaftServer$Division (RaftServerImpl.java:start(342)) - 50f74f38-5546-481b-9021-1f540e3c531d@group-7A0531F17D6A: start as a follower, conf=-1: peers:[50f74f38-5546-481b-9021-1f540e3c531d|rpc:10.1.0.25:15084|admin:10.1.0.25:15083|client:10.1.0.25:15082|dataStream:10.1.0.25:15085|priority:1|startupRole:FOLLOWER]|listeners:[], old=null
2023-10-17 18:43:33,207 [50f74f38-5546-481b-9021-1f540e3c531d-groupManagement] INFO  server.RaftServer$Division (RaftServerImpl.java:setRole(329)) - 50f74f38-5546-481b-9021-1f540e3c531d@group-7A0531F17D6A: changes role from      null to FOLLOWER at term 0 for startAsFollower
2023-10-17 18:43:33,207 [50f74f38-5546-481b-9021-1f540e3c531d-groupManagement] INFO  impl.RoleInfo (RoleInfo.java:updateAndGet(139)) - 50f74f38-5546-481b-9021-1f540e3c531d: start 50f74f38-5546-481b-9021-1f540e3c531d@group-7A0531F17D6A-FollowerState
2023-10-17 18:43:33,207 [50f74f38-5546-481b-9021-1f540e3c531d-groupManagement] INFO  util.JmxRegister (JmxRegister.java:tryRegister(44)) - Successfully registered JMX Bean with object name Ratis:service=RaftServer,group=group-7A0531F17D6A,id=50f74f38-5546-481b-9021-1f540e3c531d
2023-10-17 18:43:33,207 [50f74f38-5546-481b-9021-1f540e3c531d-groupManagement] INFO  server.RaftServerConfigKeys (ConfUtils.java:logGet(46)) - raft.server.snapshot.auto.trigger.enabled = true (custom)
2023-10-17 18:43:33,207 [50f74f38-5546-481b-9021-1f540e3c531d-groupManagement] INFO  server.RaftServerConfigKeys (ConfUtils.java:logGet(46)) - raft.server.snapshot.auto.trigger.threshold = 10000 (custom)
2023-10-17 18:43:33,207 [50f74f38-5546-481b-9021-1f540e3c531d-groupManagement] INFO  server.RaftServerConfigKeys (ConfUtils.java:logGet(46)) - raft.server.snapshot.retention.file.num = 5 (custom)
2023-10-17 18:43:33,207 [50f74f38-5546-481b-9021-1f540e3c531d-groupManagement] INFO  server.RaftServerConfigKeys (ConfUtils.java:logGet(46)) - raft.server.log.purge.upto.snapshot.index = false (default)
2023-10-17 18:43:33,208 [50f74f38-5546-481b-9021-1f540e3c531d@group-7A0531F17D6A-FollowerState] INFO  server.RaftServerConfigKeys (ConfUtils.java:logFallback(53)) - raft.server.rpc.first-election.timeout.min = 5s (fallback to raft.server.rpc.timeout.min)
2023-10-17 18:43:33,208 [50f74f38-5546-481b-9021-1f540e3c531d@group-7A0531F17D6A-FollowerState] INFO  server.RaftServerConfigKeys (ConfUtils.java:logFallback(53)) - raft.server.rpc.first-election.timeout.max = 5200ms (fallback to raft.server.rpc.timeout.max)
2023-10-17 18:43:33,208 [PipelineCommandHandlerThread-0] INFO  ratis.XceiverServerRatis (XceiverServerRatis.java:addGroup(804)) - Created group PipelineID=3e6c4a77-871c-4fa4-ac2b-7a0531f17d6a
2023-10-17 18:43:33,208 [PipelineCommandHandlerThread-0] INFO  commandhandler.CreatePipelineCommandHandler (CreatePipelineCommandHandler.java:lambda$handle$2(124)) - Created Pipeline RATIS ONE PipelineID=3e6c4a77-871c-4fa4-ac2b-7a0531f17d6a.
2023-10-17 18:43:34,191 [Time-limited test] INFO  ozone.MiniOzoneClusterImpl (MiniOzoneClusterImpl.java:lambda$waitForClusterToBeReady$0(229)) - Nodes are ready. Got 3 of 3 DN Heartbeats.
2023-10-17 18:43:34,191 [Time-limited test] INFO  ozone.MiniOzoneClusterImpl (MiniOzoneClusterImpl.java:lambda$waitForClusterToBeReady$0(232)) - Waiting for cluster to exit safe mode
2023-10-17 18:43:34,191 [Time-limited test] INFO  ozone.MiniOzoneClusterImpl (MiniOzoneClusterImpl.java:lambda$waitForClusterToBeReady$0(234)) - SCM became leader
2023-10-17 18:43:35,192 [Time-limited test] INFO  ozone.MiniOzoneClusterImpl (MiniOzoneClusterImpl.java:lambda$waitForClusterToBeReady$0(229)) - Nodes are ready. Got 3 of 3 DN Heartbeats.
2023-10-17 18:43:35,192 [Time-limited test] INFO  ozone.MiniOzoneClusterImpl (MiniOzoneClusterImpl.java:lambda$waitForClusterToBeReady$0(232)) - Waiting for cluster to exit safe mode
2023-10-17 18:43:35,192 [Time-limited test] INFO  ozone.MiniOzoneClusterImpl (MiniOzoneClusterImpl.java:lambda$waitForClusterToBeReady$0(234)) - SCM became leader
2023-10-17 18:43:36,192 [Time-limited test] INFO  ozone.MiniOzoneClusterImpl (MiniOzoneClusterImpl.java:lambda$waitForClusterToBeReady$0(229)) - Nodes are ready. Got 3 of 3 DN Heartbeats.
2023-10-17 18:43:36,192 [Time-limited test] INFO  ozone.MiniOzoneClusterImpl (MiniOzoneClusterImpl.java:lambda$waitForClusterToBeReady$0(232)) - Waiting for cluster to exit safe mode
2023-10-17 18:43:36,192 [Time-limited test] INFO  ozone.MiniOzoneClusterImpl (MiniOzoneClusterImpl.java:lambda$waitForClusterToBeReady$0(234)) - SCM became leader
2023-10-17 18:43:37,192 [Time-limited test] INFO  ozone.MiniOzoneClusterImpl (MiniOzoneClusterImpl.java:lambda$waitForClusterToBeReady$0(229)) - Nodes are ready. Got 3 of 3 DN Heartbeats.
2023-10-17 18:43:37,193 [Time-limited test] INFO  ozone.MiniOzoneClusterImpl (MiniOzoneClusterImpl.java:lambda$waitForClusterToBeReady$0(232)) - Waiting for cluster to exit safe mode
2023-10-17 18:43:37,193 [Time-limited test] INFO  ozone.MiniOzoneClusterImpl (MiniOzoneClusterImpl.java:lambda$waitForClusterToBeReady$0(234)) - SCM became leader
2023-10-17 18:43:37,738 [2fe2737e-f7a8-402d-9eba-e541e9952274@group-A9D15CF5A95C-FollowerState] INFO  impl.FollowerState (FollowerState.java:run(143)) - 2fe2737e-f7a8-402d-9eba-e541e9952274@group-A9D15CF5A95C-FollowerState: change to CANDIDATE, lastRpcElapsedTime:5041990737ns, electionTimeout:5039ms
2023-10-17 18:43:37,738 [2fe2737e-f7a8-402d-9eba-e541e9952274@group-A9D15CF5A95C-FollowerState] INFO  impl.RoleInfo (RoleInfo.java:shutdownFollowerState(110)) - 2fe2737e-f7a8-402d-9eba-e541e9952274: shutdown 2fe2737e-f7a8-402d-9eba-e541e9952274@group-A9D15CF5A95C-FollowerState
2023-10-17 18:43:37,738 [2fe2737e-f7a8-402d-9eba-e541e9952274@group-A9D15CF5A95C-FollowerState] INFO  server.RaftServer$Division (RaftServerImpl.java:setRole(329)) - 2fe2737e-f7a8-402d-9eba-e541e9952274@group-A9D15CF5A95C: changes role from  FOLLOWER to CANDIDATE at term 0 for changeToCandidate
2023-10-17 18:43:37,739 [2fe2737e-f7a8-402d-9eba-e541e9952274@group-A9D15CF5A95C-FollowerState] INFO  server.RaftServerConfigKeys (ConfUtils.java:logGet(46)) - raft.server.leaderelection.pre-vote = true (default)
2023-10-17 18:43:37,739 [2fe2737e-f7a8-402d-9eba-e541e9952274@group-A9D15CF5A95C-FollowerState] INFO  impl.RoleInfo (RoleInfo.java:updateAndGet(139)) - 2fe2737e-f7a8-402d-9eba-e541e9952274: start 2fe2737e-f7a8-402d-9eba-e541e9952274@group-A9D15CF5A95C-LeaderElection12
2023-10-17 18:43:37,742 [2fe2737e-f7a8-402d-9eba-e541e9952274@group-A9D15CF5A95C-LeaderElection12] INFO  impl.LeaderElection (LeaderElection.java:askForVotes(321)) - 2fe2737e-f7a8-402d-9eba-e541e9952274@group-A9D15CF5A95C-LeaderElection12 PRE_VOTE round 0: submit vote requests at term 0 for -1: peers:[50f74f38-5546-481b-9021-1f540e3c531d|rpc:10.1.0.25:15084|admin:10.1.0.25:15083|client:10.1.0.25:15082|dataStream:10.1.0.25:15085|priority:0|startupRole:FOLLOWER, 2730903f-e14d-4dbf-85f1-555db1c02b78|rpc:10.1.0.25:15075|admin:10.1.0.25:15074|client:10.1.0.25:15073|dataStream:10.1.0.25:15076|priority:0|startupRole:FOLLOWER, 2fe2737e-f7a8-402d-9eba-e541e9952274|rpc:10.1.0.25:15066|admin:10.1.0.25:15065|client:10.1.0.25:15064|dataStream:10.1.0.25:15067|priority:1|startupRole:FOLLOWER]|listeners:[], old=null
2023-10-17 18:43:37,742 [2fe2737e-f7a8-402d-9eba-e541e9952274@group-A9D15CF5A95C-LeaderElection12-1] INFO  server.GrpcServerProtocolClient (GrpcServerProtocolClient.java:<init>(65)) - Build channel for 50f74f38-5546-481b-9021-1f540e3c531d
2023-10-17 18:43:37,742 [2fe2737e-f7a8-402d-9eba-e541e9952274@group-A9D15CF5A95C-LeaderElection12] INFO  server.RaftServerConfigKeys (ConfUtils.java:logFallback(53)) - raft.server.rpc.first-election.timeout.min = 5s (fallback to raft.server.rpc.timeout.min)
2023-10-17 18:43:37,742 [2fe2737e-f7a8-402d-9eba-e541e9952274@group-A9D15CF5A95C-LeaderElection12] INFO  server.RaftServerConfigKeys (ConfUtils.java:logFallback(53)) - raft.server.rpc.first-election.timeout.max = 5200ms (fallback to raft.server.rpc.timeout.max)
2023-10-17 18:43:37,743 [2fe2737e-f7a8-402d-9eba-e541e9952274@group-A9D15CF5A95C-LeaderElection12-2] INFO  server.GrpcServerProtocolClient (GrpcServerProtocolClient.java:<init>(65)) - Build channel for 2730903f-e14d-4dbf-85f1-555db1c02b78
2023-10-17 18:43:37,757 [grpc-default-executor-0] INFO  server.RaftServer$Division (RaftServerImpl.java:requestVote(1302)) - 50f74f38-5546-481b-9021-1f540e3c531d@group-A9D15CF5A95C: receive requestVote(PRE_VOTE, 2fe2737e-f7a8-402d-9eba-e541e9952274, group-A9D15CF5A95C, 0, (t:0, i:0))
2023-10-17 18:43:37,757 [grpc-default-executor-0] INFO  impl.VoteContext (VoteContext.java:log(49)) - 50f74f38-5546-481b-9021-1f540e3c531d@group-A9D15CF5A95C-FOLLOWER: accept PRE_VOTE from 2fe2737e-f7a8-402d-9eba-e541e9952274: our priority 0 <= candidate's priority 1
2023-10-17 18:43:37,757 [grpc-default-executor-0] INFO  server.RaftServer$Division (RaftServerImpl.java:requestVote(1335)) - 50f74f38-5546-481b-9021-1f540e3c531d@group-A9D15CF5A95C replies to PRE_VOTE vote request: 2fe2737e-f7a8-402d-9eba-e541e9952274<-50f74f38-5546-481b-9021-1f540e3c531d#0:OK-t0. Peer's state: 50f74f38-5546-481b-9021-1f540e3c531d@group-A9D15CF5A95C:t0, leader=null, voted=, raftlog=Memoized:50f74f38-5546-481b-9021-1f540e3c531d@group-A9D15CF5A95C-SegmentedRaftLog:OPENED:c-1, conf=-1: peers:[50f74f38-5546-481b-9021-1f540e3c531d|rpc:10.1.0.25:15084|admin:10.1.0.25:15083|client:10.1.0.25:15082|dataStream:10.1.0.25:15085|priority:0|startupRole:FOLLOWER, 2730903f-e14d-4dbf-85f1-555db1c02b78|rpc:10.1.0.25:15075|admin:10.1.0.25:15074|client:10.1.0.25:15073|dataStream:10.1.0.25:15076|priority:0|startupRole:FOLLOWER, 2fe2737e-f7a8-402d-9eba-e541e9952274|rpc:10.1.0.25:15066|admin:10.1.0.25:15065|client:10.1.0.25:15064|dataStream:10.1.0.25:15067|priority:1|startupRole:FOLLOWER]|listeners:[], old=null
2023-10-17 18:43:37,759 [2fe2737e-f7a8-402d-9eba-e541e9952274@group-A9D15CF5A95C-LeaderElection12] INFO  impl.LeaderElection (LeaderElection.java:logAndReturn(90)) - 2fe2737e-f7a8-402d-9eba-e541e9952274@group-A9D15CF5A95C-LeaderElection12: PRE_VOTE PASSED received 1 response(s) and 0 exception(s):
2023-10-17 18:43:37,759 [2fe2737e-f7a8-402d-9eba-e541e9952274@group-A9D15CF5A95C-LeaderElection12] INFO  impl.LeaderElection (LeaderElection.java:logAndReturn(94)) -   Response 0: 2fe2737e-f7a8-402d-9eba-e541e9952274<-50f74f38-5546-481b-9021-1f540e3c531d#0:OK-t0
2023-10-17 18:43:37,759 [2fe2737e-f7a8-402d-9eba-e541e9952274@group-A9D15CF5A95C-LeaderElection12] INFO  impl.LeaderElection (LeaderElection.java:askForVotes(323)) - 2fe2737e-f7a8-402d-9eba-e541e9952274@group-A9D15CF5A95C-LeaderElection12 PRE_VOTE round 0: result PASSED
2023-10-17 18:43:37,759 [grpc-default-executor-1] INFO  server.RaftServer$Division (RaftServerImpl.java:requestVote(1302)) - 2730903f-e14d-4dbf-85f1-555db1c02b78@group-A9D15CF5A95C: receive requestVote(PRE_VOTE, 2fe2737e-f7a8-402d-9eba-e541e9952274, group-A9D15CF5A95C, 0, (t:0, i:0))
2023-10-17 18:43:37,759 [grpc-default-executor-1] INFO  impl.VoteContext (VoteContext.java:log(49)) - 2730903f-e14d-4dbf-85f1-555db1c02b78@group-A9D15CF5A95C-FOLLOWER: accept PRE_VOTE from 2fe2737e-f7a8-402d-9eba-e541e9952274: our priority 0 <= candidate's priority 1
2023-10-17 18:43:37,759 [grpc-default-executor-1] INFO  server.RaftServer$Division (RaftServerImpl.java:requestVote(1335)) - 2730903f-e14d-4dbf-85f1-555db1c02b78@group-A9D15CF5A95C replies to PRE_VOTE vote request: 2fe2737e-f7a8-402d-9eba-e541e9952274<-2730903f-e14d-4dbf-85f1-555db1c02b78#0:OK-t0. Peer's state: 2730903f-e14d-4dbf-85f1-555db1c02b78@group-A9D15CF5A95C:t0, leader=null, voted=, raftlog=Memoized:2730903f-e14d-4dbf-85f1-555db1c02b78@group-A9D15CF5A95C-SegmentedRaftLog:OPENED:c-1, conf=-1: peers:[50f74f38-5546-481b-9021-1f540e3c531d|rpc:10.1.0.25:15084|admin:10.1.0.25:15083|client:10.1.0.25:15082|dataStream:10.1.0.25:15085|priority:0|startupRole:FOLLOWER, 2730903f-e14d-4dbf-85f1-555db1c02b78|rpc:10.1.0.25:15075|admin:10.1.0.25:15074|client:10.1.0.25:15073|dataStream:10.1.0.25:15076|priority:0|startupRole:FOLLOWER, 2fe2737e-f7a8-402d-9eba-e541e9952274|rpc:10.1.0.25:15066|admin:10.1.0.25:15065|client:10.1.0.25:15064|dataStream:10.1.0.25:15067|priority:1|startupRole:FOLLOWER]|listeners:[], old=null
2023-10-17 18:43:37,763 [2fe2737e-f7a8-402d-9eba-e541e9952274@group-A9D15CF5A95C-LeaderElection12] INFO  impl.LeaderElection (LeaderElection.java:askForVotes(321)) - 2fe2737e-f7a8-402d-9eba-e541e9952274@group-A9D15CF5A95C-LeaderElection12 ELECTION round 0: submit vote requests at term 1 for -1: peers:[50f74f38-5546-481b-9021-1f540e3c531d|rpc:10.1.0.25:15084|admin:10.1.0.25:15083|client:10.1.0.25:15082|dataStream:10.1.0.25:15085|priority:0|startupRole:FOLLOWER, 2730903f-e14d-4dbf-85f1-555db1c02b78|rpc:10.1.0.25:15075|admin:10.1.0.25:15074|client:10.1.0.25:15073|dataStream:10.1.0.25:15076|priority:0|startupRole:FOLLOWER, 2fe2737e-f7a8-402d-9eba-e541e9952274|rpc:10.1.0.25:15066|admin:10.1.0.25:15065|client:10.1.0.25:15064|dataStream:10.1.0.25:15067|priority:1|startupRole:FOLLOWER]|listeners:[], old=null
2023-10-17 18:43:37,763 [2fe2737e-f7a8-402d-9eba-e541e9952274@group-A9D15CF5A95C-LeaderElection12] INFO  server.RaftServerConfigKeys (ConfUtils.java:logFallback(53)) - raft.server.rpc.first-election.timeout.min = 5s (fallback to raft.server.rpc.timeout.min)
2023-10-17 18:43:37,763 [2fe2737e-f7a8-402d-9eba-e541e9952274@group-A9D15CF5A95C-LeaderElection12] INFO  server.RaftServerConfigKeys (ConfUtils.java:logFallback(53)) - raft.server.rpc.first-election.timeout.max = 5200ms (fallback to raft.server.rpc.timeout.max)
2023-10-17 18:43:37,767 [grpc-default-executor-0] INFO  server.RaftServer$Division (RaftServerImpl.java:requestVote(1302)) - 2730903f-e14d-4dbf-85f1-555db1c02b78@group-A9D15CF5A95C: receive requestVote(ELECTION, 2fe2737e-f7a8-402d-9eba-e541e9952274, group-A9D15CF5A95C, 1, (t:0, i:0))
2023-10-17 18:43:37,767 [grpc-default-executor-0] INFO  impl.VoteContext (VoteContext.java:log(49)) - 2730903f-e14d-4dbf-85f1-555db1c02b78@group-A9D15CF5A95C-FOLLOWER: accept ELECTION from 2fe2737e-f7a8-402d-9eba-e541e9952274: our priority 0 <= candidate's priority 1
2023-10-17 18:43:37,767 [grpc-default-executor-0] INFO  server.RaftServer$Division (RaftServerImpl.java:setRole(329)) - 2730903f-e14d-4dbf-85f1-555db1c02b78@group-A9D15CF5A95C: changes role from  FOLLOWER to FOLLOWER at term 1 for candidate:2fe2737e-f7a8-402d-9eba-e541e9952274
2023-10-17 18:43:37,767 [grpc-default-executor-0] INFO  impl.RoleInfo (RoleInfo.java:shutdownFollowerState(110)) - 2730903f-e14d-4dbf-85f1-555db1c02b78: shutdown 2730903f-e14d-4dbf-85f1-555db1c02b78@group-A9D15CF5A95C-FollowerState
2023-10-17 18:43:37,768 [grpc-default-executor-0] INFO  impl.RoleInfo (RoleInfo.java:updateAndGet(139)) - 2730903f-e14d-4dbf-85f1-555db1c02b78: start 2730903f-e14d-4dbf-85f1-555db1c02b78@group-A9D15CF5A95C-FollowerState
2023-10-17 18:43:37,768 [2730903f-e14d-4dbf-85f1-555db1c02b78@group-A9D15CF5A95C-FollowerState] INFO  impl.FollowerState (FollowerState.java:run(152)) - 2730903f-e14d-4dbf-85f1-555db1c02b78@group-A9D15CF5A95C-FollowerState was interrupted
2023-10-17 18:43:37,769 [grpc-default-executor-0] INFO  server.RaftServer$Division (RaftServerImpl.java:requestVote(1335)) - 2730903f-e14d-4dbf-85f1-555db1c02b78@group-A9D15CF5A95C replies to ELECTION vote request: 2fe2737e-f7a8-402d-9eba-e541e9952274<-2730903f-e14d-4dbf-85f1-555db1c02b78#0:OK-t1. Peer's state: 2730903f-e14d-4dbf-85f1-555db1c02b78@group-A9D15CF5A95C:t1, leader=null, voted=2fe2737e-f7a8-402d-9eba-e541e9952274, raftlog=Memoized:2730903f-e14d-4dbf-85f1-555db1c02b78@group-A9D15CF5A95C-SegmentedRaftLog:OPENED:c-1, conf=-1: peers:[50f74f38-5546-481b-9021-1f540e3c531d|rpc:10.1.0.25:15084|admin:10.1.0.25:15083|client:10.1.0.25:15082|dataStream:10.1.0.25:15085|priority:0|startupRole:FOLLOWER, 2730903f-e14d-4dbf-85f1-555db1c02b78|rpc:10.1.0.25:15075|admin:10.1.0.25:15074|client:10.1.0.25:15073|dataStream:10.1.0.25:15076|priority:0|startupRole:FOLLOWER, 2fe2737e-f7a8-402d-9eba-e541e9952274|rpc:10.1.0.25:15066|admin:10.1.0.25:15065|client:10.1.0.25:15064|dataStream:10.1.0.25:15067|priority:1|startupRole:FOLLOWER]|listeners:[], old=null
2023-10-17 18:43:37,772 [2fe2737e-f7a8-402d-9eba-e541e9952274@group-A9D15CF5A95C-LeaderElection12] INFO  impl.LeaderElection (LeaderElection.java:logAndReturn(90)) - 2fe2737e-f7a8-402d-9eba-e541e9952274@group-A9D15CF5A95C-LeaderElection12: ELECTION PASSED received 1 response(s) and 0 exception(s):
2023-10-17 18:43:37,772 [2fe2737e-f7a8-402d-9eba-e541e9952274@group-A9D15CF5A95C-LeaderElection12] INFO  impl.LeaderElection (LeaderElection.java:logAndReturn(94)) -   Response 0: 2fe2737e-f7a8-402d-9eba-e541e9952274<-2730903f-e14d-4dbf-85f1-555db1c02b78#0:OK-t1
2023-10-17 18:43:37,772 [2fe2737e-f7a8-402d-9eba-e541e9952274@group-A9D15CF5A95C-LeaderElection12] INFO  impl.LeaderElection (LeaderElection.java:askForVotes(323)) - 2fe2737e-f7a8-402d-9eba-e541e9952274@group-A9D15CF5A95C-LeaderElection12 ELECTION round 0: result PASSED
2023-10-17 18:43:37,772 [2fe2737e-f7a8-402d-9eba-e541e9952274@group-A9D15CF5A95C-LeaderElection12] INFO  impl.RoleInfo (RoleInfo.java:shutdownLeaderElection(130)) - 2fe2737e-f7a8-402d-9eba-e541e9952274: shutdown 2fe2737e-f7a8-402d-9eba-e541e9952274@group-A9D15CF5A95C-LeaderElection12
2023-10-17 18:43:37,772 [2fe2737e-f7a8-402d-9eba-e541e9952274@group-A9D15CF5A95C-LeaderElection12] INFO  server.RaftServer$Division (RaftServerImpl.java:setRole(329)) - 2fe2737e-f7a8-402d-9eba-e541e9952274@group-A9D15CF5A95C: changes role from CANDIDATE to LEADER at term 1 for changeToLeader
2023-10-17 18:43:37,772 [2fe2737e-f7a8-402d-9eba-e541e9952274@group-A9D15CF5A95C-LeaderElection12] INFO  ratis.XceiverServerRatis (XceiverServerRatis.java:handleLeaderChangedNotification(902)) - Leader change notification received for group: group-A9D15CF5A95C with new leaderId: 2fe2737e-f7a8-402d-9eba-e541e9952274
2023-10-17 18:43:37,773 [2fe2737e-f7a8-402d-9eba-e541e9952274@group-A9D15CF5A95C-LeaderElection12] INFO  server.RaftServer$Division (ServerState.java:setLeader(317)) - 2fe2737e-f7a8-402d-9eba-e541e9952274@group-A9D15CF5A95C: change Leader from null to 2fe2737e-f7a8-402d-9eba-e541e9952274 at term 1 for becomeLeader, leader elected after 5088ms
2023-10-17 18:43:37,773 [2fe2737e-f7a8-402d-9eba-e541e9952274@group-A9D15CF5A95C-LeaderElection12] INFO  server.RaftServerConfigKeys (ConfUtils.java:logGet(46)) - raft.server.staging.catchup.gap = 1000 (default)
2023-10-17 18:43:37,773 [2fe2737e-f7a8-402d-9eba-e541e9952274@group-A9D15CF5A95C-LeaderElection12] INFO  server.RaftServerConfigKeys (ConfUtils.java:logGet(46)) - raft.server.write.element-limit = 1024 (custom)
2023-10-17 18:43:37,773 [2fe2737e-f7a8-402d-9eba-e541e9952274@group-A9D15CF5A95C-LeaderElection12] INFO  server.RaftServerConfigKeys (ConfUtils.java:logGet(46)) - raft.server.write.byte-limit = 1024 M (=1073741824) (custom)
2023-10-17 18:43:37,774 [2fe2737e-f7a8-402d-9eba-e541e9952274@group-A9D15CF5A95C-LeaderElection12] INFO  server.RaftServerConfigKeys (ConfUtils.java:logGet(46)) - raft.server.watch.timeout = 180s (custom)
2023-10-17 18:43:37,774 [2fe2737e-f7a8-402d-9eba-e541e9952274@group-A9D15CF5A95C-LeaderElection12] INFO  server.RaftServerConfigKeys (ConfUtils.java:logGet(46)) - raft.server.watch.timeout.denomination = 1s (default)
2023-10-17 18:43:37,774 [2fe2737e-f7a8-402d-9eba-e541e9952274@group-A9D15CF5A95C-LeaderElection12] INFO  server.RaftServerConfigKeys (ConfUtils.java:logGet(46)) - raft.server.watch.element-limit = 65536 (default)
2023-10-17 18:43:37,774 [2fe2737e-f7a8-402d-9eba-e541e9952274@group-A9D15CF5A95C-LeaderElection12] INFO  server.RaftServerConfigKeys (ConfUtils.java:logGet(46)) - raft.server.write.element-limit = 1024 (custom)
2023-10-17 18:43:37,774 [2fe2737e-f7a8-402d-9eba-e541e9952274@group-A9D15CF5A95C-LeaderElection12] INFO  server.RaftServerConfigKeys (ConfUtils.java:logGet(46)) - raft.server.write.follower.gap.ratio.max = -1.0 (default)
2023-10-17 18:43:37,774 [2fe2737e-f7a8-402d-9eba-e541e9952274@group-A9D15CF5A95C-LeaderElection12] INFO  server.RaftServerConfigKeys (ConfUtils.java:logGet(46)) - raft.server.log.appender.snapshot.chunk.size.max = 16MB (=16777216) (default)
2023-10-17 18:43:37,774 [2fe2737e-f7a8-402d-9eba-e541e9952274@group-A9D15CF5A95C-LeaderElection12] INFO  server.RaftServerConfigKeys (ConfUtils.java:logGet(46)) - raft.server.log.appender.buffer.byte-limit = 33554432 (custom)
2023-10-17 18:43:37,774 [2fe2737e-f7a8-402d-9eba-e541e9952274@group-A9D15CF5A95C-LeaderElection12] INFO  server.RaftServerConfigKeys (ConfUtils.java:logGet(46)) - raft.server.log.appender.buffer.element-limit = 1 (custom)
2023-10-17 18:43:37,775 [2fe2737e-f7a8-402d-9eba-e541e9952274@group-A9D15CF5A95C-LeaderElection12] INFO  server.RaftServerConfigKeys (ConfUtils.java:logGet(46)) - raft.server.log.appender.wait-time.min = 1ms (custom)
2023-10-17 18:43:37,775 [2fe2737e-f7a8-402d-9eba-e541e9952274@group-A9D15CF5A95C-LeaderElection12] INFO  grpc.GrpcConfigKeys (ConfUtils.java:logGet(46)) - raft.grpc.server.leader.outstanding.appends.max = 128 (default)
2023-10-17 18:43:37,775 [2fe2737e-f7a8-402d-9eba-e541e9952274@group-A9D15CF5A95C-LeaderElection12] INFO  server.RaftServerConfigKeys (ConfUtils.java:logGet(46)) - raft.server.rpc.request.timeout = 60s (custom)
2023-10-17 18:43:37,775 [2fe2737e-f7a8-402d-9eba-e541e9952274@group-A9D15CF5A95C-LeaderElection12] INFO  grpc.GrpcConfigKeys (ConfUtils.java:logGet(46)) - raft.grpc.server.install_snapshot.request.element-limit = 8 (default)
2023-10-17 18:43:37,775 [2fe2737e-f7a8-402d-9eba-e541e9952274@group-A9D15CF5A95C-LeaderElection12] INFO  grpc.GrpcConfigKeys (ConfUtils.java:logGet(46)) - raft.grpc.server.install_snapshot.request.timeout = 3000ms (default)
2023-10-17 18:43:37,775 [2fe2737e-f7a8-402d-9eba-e541e9952274@group-A9D15CF5A95C-LeaderElection12] INFO  server.RaftServerConfigKeys (ConfUtils.java:logGet(46)) - raft.server.log.appender.install.snapshot.enabled = false (custom)
2023-10-17 18:43:37,775 [2fe2737e-f7a8-402d-9eba-e541e9952274@group-A9D15CF5A95C-LeaderElection12] INFO  grpc.GrpcConfigKeys (ConfUtils.java:logGet(46)) - raft.grpc.server.heartbeat.channel = true (default)
2023-10-17 18:43:37,776 [2fe2737e-f7a8-402d-9eba-e541e9952274@group-A9D15CF5A95C-LeaderElection12] INFO  server.RaftServerConfigKeys (ConfUtils.java:logGet(46)) - raft.server.log.appender.snapshot.chunk.size.max = 16MB (=16777216) (default)
2023-10-17 18:43:37,776 [2fe2737e-f7a8-402d-9eba-e541e9952274@group-A9D15CF5A95C-LeaderElection12] INFO  server.RaftServerConfigKeys (ConfUtils.java:logGet(46)) - raft.server.log.appender.buffer.byte-limit = 33554432 (custom)
2023-10-17 18:43:37,776 [2fe2737e-f7a8-402d-9eba-e541e9952274@group-A9D15CF5A95C-LeaderElection12] INFO  server.RaftServerConfigKeys (ConfUtils.java:logGet(46)) - raft.server.log.appender.buffer.element-limit = 1 (custom)
2023-10-17 18:43:37,776 [2fe2737e-f7a8-402d-9eba-e541e9952274@group-A9D15CF5A95C-LeaderElection12] INFO  server.RaftServerConfigKeys (ConfUtils.java:logGet(46)) - raft.server.log.appender.wait-time.min = 1ms (custom)
2023-10-17 18:43:37,776 [2fe2737e-f7a8-402d-9eba-e541e9952274@group-A9D15CF5A95C-LeaderElection12] INFO  grpc.GrpcConfigKeys (ConfUtils.java:logGet(46)) - raft.grpc.server.leader.outstanding.appends.max = 128 (default)
2023-10-17 18:43:37,776 [2fe2737e-f7a8-402d-9eba-e541e9952274@group-A9D15CF5A95C-LeaderElection12] INFO  server.RaftServerConfigKeys (ConfUtils.java:logGet(46)) - raft.server.rpc.request.timeout = 60s (custom)
2023-10-17 18:43:37,776 [2fe2737e-f7a8-402d-9eba-e541e9952274@group-A9D15CF5A95C-LeaderElection12] INFO  grpc.GrpcConfigKeys (ConfUtils.java:logGet(46)) - raft.grpc.server.install_snapshot.request.element-limit = 8 (default)
2023-10-17 18:43:37,776 [2fe2737e-f7a8-402d-9eba-e541e9952274@group-A9D15CF5A95C-LeaderElection12] INFO  grpc.GrpcConfigKeys (ConfUtils.java:logGet(46)) - raft.grpc.server.install_snapshot.request.timeout = 3000ms (default)
2023-10-17 18:43:37,776 [2fe2737e-f7a8-402d-9eba-e541e9952274@group-A9D15CF5A95C-LeaderElection12] INFO  server.RaftServerConfigKeys (ConfUtils.java:logGet(46)) - raft.server.log.appender.install.snapshot.enabled = false (custom)
2023-10-17 18:43:37,777 [2fe2737e-f7a8-402d-9eba-e541e9952274@group-A9D15CF5A95C-LeaderElection12] INFO  grpc.GrpcConfigKeys (ConfUtils.java:logGet(46)) - raft.grpc.server.heartbeat.channel = true (default)
2023-10-17 18:43:37,773 [grpc-default-executor-1] INFO  server.RaftServer$Division (RaftServerImpl.java:requestVote(1302)) - 50f74f38-5546-481b-9021-1f540e3c531d@group-A9D15CF5A95C: receive requestVote(ELECTION, 2fe2737e-f7a8-402d-9eba-e541e9952274, group-A9D15CF5A95C, 1, (t:0, i:0))
2023-10-17 18:43:37,777 [EventQueue-OpenPipelineForHealthyPipelineSafeModeRule] INFO  safemode.SCMSafeModeManager (HealthyPipelineSafeModeRule.java:process(137)) - SCM in safe mode. Healthy pipelines reported count is 0, required healthy pipeline reported count is 1
2023-10-17 18:43:37,777 [EventQueue-PipelineReportForPipelineReportHandler] INFO  pipeline.PipelineReportHandler (PipelineReportHandler.java:processPipelineReport(136)) - Opened pipeline PipelineID=a87f2e8b-6db1-4c93-b3e0-a9d15cf5a95c
2023-10-17 18:43:37,777 [2fe2737e-f7a8-402d-9eba-e541e9952274@group-A9D15CF5A95C-LeaderElection12] INFO  impl.RoleInfo (RoleInfo.java:updateAndGet(139)) - 2fe2737e-f7a8-402d-9eba-e541e9952274: start 2fe2737e-f7a8-402d-9eba-e541e9952274@group-A9D15CF5A95C-LeaderStateImpl
2023-10-17 18:43:37,781 [2fe2737e-f7a8-402d-9eba-e541e9952274@group-A9D15CF5A95C-LeaderElection12] INFO  segmented.SegmentedRaftLogWorker (SegmentedRaftLogWorker.java:startLogSegment(447)) - 2fe2737e-f7a8-402d-9eba-e541e9952274@group-A9D15CF5A95C-SegmentedRaftLogWorker: Starting segment from index:0
2023-10-17 18:43:37,778 [grpc-default-executor-1] INFO  impl.VoteContext (VoteContext.java:log(49)) - 50f74f38-5546-481b-9021-1f540e3c531d@group-A9D15CF5A95C-FOLLOWER: accept ELECTION from 2fe2737e-f7a8-402d-9eba-e541e9952274: our priority 0 <= candidate's priority 1
2023-10-17 18:43:37,777 [EventQueue-OpenPipelineForHealthyPipelineSafeModeRule] INFO  safemode.SCMSafeModeManager (HealthyPipelineSafeModeRule.java:process(137)) - SCM in safe mode. Healthy pipelines reported count is 1, required healthy pipeline reported count is 1
2023-10-17 18:43:37,781 [EventQueue-OpenPipelineForHealthyPipelineSafeModeRule] INFO  safemode.SCMSafeModeManager (SCMSafeModeManager.java:validateSafeModeExitRules(200)) - HealthyPipelineSafeModeRule rule is successfully validated
2023-10-17 18:43:37,781 [EventQueue-OpenPipelineForHealthyPipelineSafeModeRule] INFO  safemode.SCMSafeModeManager (SCMSafeModeManager.java:validateSafeModeExitRules(215)) - ScmSafeModeManager, all rules are successfully validated
2023-10-17 18:43:37,781 [EventQueue-OpenPipelineForHealthyPipelineSafeModeRule] INFO  safemode.SCMSafeModeManager (SCMSafeModeManager.java:exitSafeMode(244)) - SCM exiting safe mode.
2023-10-17 18:43:37,781 [EventQueue-OpenPipelineForHealthyPipelineSafeModeRule] INFO  ha.SCMContext (SCMContext.java:updateSafeModeStatus(230)) - Update SafeModeStatus from SafeModeStatus{safeModeStatus=true, preCheckPassed=true} to SafeModeStatus{safeModeStatus=false, preCheckPassed=true}.
2023-10-17 18:43:37,781 [EventQueue-OpenPipelineForHealthyPipelineSafeModeRule] INFO  pipeline.BackgroundPipelineCreator (BackgroundPipelineCreator.java:notifyStatusChanged(255)) - Service BackgroundPipelineCreator transitions to RUNNING.
2023-10-17 18:43:37,781 [EventQueue-OpenPipelineForHealthyPipelineSafeModeRule] INFO  BackgroundPipelineScrubber (BackgroundSCMService.java:notifyStatusChanged(82)) - Service BackgroundPipelineScrubber transitions to RUNNING.
2023-10-17 18:43:37,781 [EventQueue-OpenPipelineForHealthyPipelineSafeModeRule] INFO  ExpiredContainerReplicaOpScrubber (BackgroundSCMService.java:notifyStatusChanged(82)) - Service ExpiredContainerReplicaOpScrubber transitions to RUNNING.
2023-10-17 18:43:37,781 [EventQueue-OpenPipelineForHealthyPipelineSafeModeRule] INFO  replication.ReplicationManager (ReplicationManager.java:notifyStatusChanged(1370)) - Service ReplicationManager transitions to RUNNING.
2023-10-17 18:43:37,781 [grpc-default-executor-1] INFO  server.RaftServer$Division (RaftServerImpl.java:setRole(329)) - 50f74f38-5546-481b-9021-1f540e3c531d@group-A9D15CF5A95C: changes role from  FOLLOWER to FOLLOWER at term 1 for candidate:2fe2737e-f7a8-402d-9eba-e541e9952274
2023-10-17 18:43:37,782 [grpc-default-executor-1] INFO  impl.RoleInfo (RoleInfo.java:shutdownFollowerState(110)) - 50f74f38-5546-481b-9021-1f540e3c531d: shutdown 50f74f38-5546-481b-9021-1f540e3c531d@group-A9D15CF5A95C-FollowerState
2023-10-17 18:43:37,782 [50f74f38-5546-481b-9021-1f540e3c531d@group-A9D15CF5A95C-FollowerState] INFO  impl.FollowerState (FollowerState.java:run(152)) - 50f74f38-5546-481b-9021-1f540e3c531d@group-A9D15CF5A95C-FollowerState was interrupted
2023-10-17 18:43:37,782 [EventQueue-OpenPipelineForHealthyPipelineSafeModeRule] WARN  balancer.ContainerBalancer (ContainerBalancer.java:shouldRun(134)) - Could not find persisted configuration for ContainerBalancer when checking if ContainerBalancer should run. ContainerBalancer should not run now.
2023-10-17 18:43:37,782 [grpc-default-executor-1] INFO  impl.RoleInfo (RoleInfo.java:updateAndGet(139)) - 50f74f38-5546-481b-9021-1f540e3c531d: start 50f74f38-5546-481b-9021-1f540e3c531d@group-A9D15CF5A95C-FollowerState
2023-10-17 18:43:37,783 [2fe2737e-f7a8-402d-9eba-e541e9952274@group-A9D15CF5A95C-SegmentedRaftLogWorker] INFO  segmented.SegmentedRaftLogWorker (SegmentedRaftLogWorker.java:execute(651)) - 2fe2737e-f7a8-402d-9eba-e541e9952274@group-A9D15CF5A95C-SegmentedRaftLogWorker: created new log segment /home/runner/work/ozone/ozone/hadoop-ozone/integration-test/target/test-dir/MiniOzoneClusterImpl-6deba204-2b0e-4ddb-90bc-390c46dd618c/datanode-0/data/ratis/a87f2e8b-6db1-4c93-b3e0-a9d15cf5a95c/current/log_inprogress_0
2023-10-17 18:43:37,784 [grpc-default-executor-1] INFO  server.RaftServer$Division (RaftServerImpl.java:requestVote(1335)) - 50f74f38-5546-481b-9021-1f540e3c531d@group-A9D15CF5A95C replies to ELECTION vote request: 2fe2737e-f7a8-402d-9eba-e541e9952274<-50f74f38-5546-481b-9021-1f540e3c531d#0:OK-t1. Peer's state: 50f74f38-5546-481b-9021-1f540e3c531d@group-A9D15CF5A95C:t1, leader=null, voted=2fe2737e-f7a8-402d-9eba-e541e9952274, raftlog=Memoized:50f74f38-5546-481b-9021-1f540e3c531d@group-A9D15CF5A95C-SegmentedRaftLog:OPENED:c-1, conf=-1: peers:[50f74f38-5546-481b-9021-1f540e3c531d|rpc:10.1.0.25:15084|admin:10.1.0.25:15083|client:10.1.0.25:15082|dataStream:10.1.0.25:15085|priority:0|startupRole:FOLLOWER, 2730903f-e14d-4dbf-85f1-555db1c02b78|rpc:10.1.0.25:15075|admin:10.1.0.25:15074|client:10.1.0.25:15073|dataStream:10.1.0.25:15076|priority:0|startupRole:FOLLOWER, 2fe2737e-f7a8-402d-9eba-e541e9952274|rpc:10.1.0.25:15066|admin:10.1.0.25:15065|client:10.1.0.25:15064|dataStream:10.1.0.25:15067|priority:1|startupRole:FOLLOWER]|listeners:[], old=null
2023-10-17 18:43:37,798 [2fe2737e-f7a8-402d-9eba-e541e9952274@group-A9D15CF5A95C-LeaderElection12] INFO  server.RaftServer$Division (ServerState.java:setRaftConf(434)) - 2fe2737e-f7a8-402d-9eba-e541e9952274@group-A9D15CF5A95C: set configuration 0: peers:[50f74f38-5546-481b-9021-1f540e3c531d|rpc:10.1.0.25:15084|admin:10.1.0.25:15083|client:10.1.0.25:15082|dataStream:10.1.0.25:15085|priority:0|startupRole:FOLLOWER, 2730903f-e14d-4dbf-85f1-555db1c02b78|rpc:10.1.0.25:15075|admin:10.1.0.25:15074|client:10.1.0.25:15073|dataStream:10.1.0.25:15076|priority:0|startupRole:FOLLOWER, 2fe2737e-f7a8-402d-9eba-e541e9952274|rpc:10.1.0.25:15066|admin:10.1.0.25:15065|client:10.1.0.25:15064|dataStream:10.1.0.25:15067|priority:1|startupRole:FOLLOWER]|listeners:[], old=null
2023-10-17 18:43:37,804 [2730903f-e14d-4dbf-85f1-555db1c02b78-server-thread1] INFO  ratis.XceiverServerRatis (XceiverServerRatis.java:handleLeaderChangedNotification(902)) - Leader change notification received for group: group-A9D15CF5A95C with new leaderId: 2fe2737e-f7a8-402d-9eba-e541e9952274
2023-10-17 18:43:37,804 [2730903f-e14d-4dbf-85f1-555db1c02b78-server-thread1] INFO  server.RaftServer$Division (ServerState.java:setLeader(317)) - 2730903f-e14d-4dbf-85f1-555db1c02b78@group-A9D15CF5A95C: change Leader from null to 2fe2737e-f7a8-402d-9eba-e541e9952274 at term 1 for appendEntries, leader elected after 5076ms
2023-10-17 18:43:37,805 [2730903f-e14d-4dbf-85f1-555db1c02b78-server-thread1] INFO  server.RaftServer$Division (ServerState.java:setRaftConf(434)) - 2730903f-e14d-4dbf-85f1-555db1c02b78@group-A9D15CF5A95C: set configuration 0: peers:[50f74f38-5546-481b-9021-1f540e3c531d|rpc:10.1.0.25:15084|admin:10.1.0.25:15083|client:10.1.0.25:15082|dataStream:10.1.0.25:15085|priority:0|startupRole:FOLLOWER, 2730903f-e14d-4dbf-85f1-555db1c02b78|rpc:10.1.0.25:15075|admin:10.1.0.25:15074|client:10.1.0.25:15073|dataStream:10.1.0.25:15076|priority:0|startupRole:FOLLOWER, 2fe2737e-f7a8-402d-9eba-e541e9952274|rpc:10.1.0.25:15066|admin:10.1.0.25:15065|client:10.1.0.25:15064|dataStream:10.1.0.25:15067|priority:1|startupRole:FOLLOWER]|listeners:[], old=null
2023-10-17 18:43:37,805 [2730903f-e14d-4dbf-85f1-555db1c02b78-server-thread1] INFO  segmented.SegmentedRaftLogWorker (SegmentedRaftLogWorker.java:startLogSegment(447)) - 2730903f-e14d-4dbf-85f1-555db1c02b78@group-A9D15CF5A95C-SegmentedRaftLogWorker: Starting segment from index:0
2023-10-17 18:43:37,806 [50f74f38-5546-481b-9021-1f540e3c531d-server-thread2] INFO  ratis.XceiverServerRatis (XceiverServerRatis.java:handleLeaderChangedNotification(902)) - Leader change notification received for group: group-A9D15CF5A95C with new leaderId: 2fe2737e-f7a8-402d-9eba-e541e9952274
2023-10-17 18:43:37,806 [50f74f38-5546-481b-9021-1f540e3c531d-server-thread2] INFO  server.RaftServer$Division (ServerState.java:setLeader(317)) - 50f74f38-5546-481b-9021-1f540e3c531d@group-A9D15CF5A95C: change Leader from null to 2fe2737e-f7a8-402d-9eba-e541e9952274 at term 1 for appendEntries, leader elected after 5037ms
2023-10-17 18:43:37,807 [2730903f-e14d-4dbf-85f1-555db1c02b78@group-A9D15CF5A95C-SegmentedRaftLogWorker] INFO  segmented.SegmentedRaftLogWorker (SegmentedRaftLogWorker.java:execute(651)) - 2730903f-e14d-4dbf-85f1-555db1c02b78@group-A9D15CF5A95C-SegmentedRaftLogWorker: created new log segment /home/runner/work/ozone/ozone/hadoop-ozone/integration-test/target/test-dir/MiniOzoneClusterImpl-6deba204-2b0e-4ddb-90bc-390c46dd618c/datanode-1/data/ratis/a87f2e8b-6db1-4c93-b3e0-a9d15cf5a95c/current/log_inprogress_0
2023-10-17 18:43:37,808 [50f74f38-5546-481b-9021-1f540e3c531d-server-thread1] INFO  server.RaftServer$Division (ServerState.java:setRaftConf(434)) - 50f74f38-5546-481b-9021-1f540e3c531d@group-A9D15CF5A95C: set configuration 0: peers:[50f74f38-5546-481b-9021-1f540e3c531d|rpc:10.1.0.25:15084|admin:10.1.0.25:15083|client:10.1.0.25:15082|dataStream:10.1.0.25:15085|priority:0|startupRole:FOLLOWER, 2730903f-e14d-4dbf-85f1-555db1c02b78|rpc:10.1.0.25:15075|admin:10.1.0.25:15074|client:10.1.0.25:15073|dataStream:10.1.0.25:15076|priority:0|startupRole:FOLLOWER, 2fe2737e-f7a8-402d-9eba-e541e9952274|rpc:10.1.0.25:15066|admin:10.1.0.25:15065|client:10.1.0.25:15064|dataStream:10.1.0.25:15067|priority:1|startupRole:FOLLOWER]|listeners:[], old=null
2023-10-17 18:43:37,814 [50f74f38-5546-481b-9021-1f540e3c531d-server-thread1] INFO  segmented.SegmentedRaftLogWorker (SegmentedRaftLogWorker.java:startLogSegment(447)) - 50f74f38-5546-481b-9021-1f540e3c531d@group-A9D15CF5A95C-SegmentedRaftLogWorker: Starting segment from index:0
2023-10-17 18:43:37,826 [50f74f38-5546-481b-9021-1f540e3c531d@group-A9D15CF5A95C-SegmentedRaftLogWorker] INFO  segmented.SegmentedRaftLogWorker (SegmentedRaftLogWorker.java:execute(651)) - 50f74f38-5546-481b-9021-1f540e3c531d@group-A9D15CF5A95C-SegmentedRaftLogWorker: created new log segment /home/runner/work/ozone/ozone/hadoop-ozone/integration-test/target/test-dir/MiniOzoneClusterImpl-6deba204-2b0e-4ddb-90bc-390c46dd618c/datanode-2/data/ratis/a87f2e8b-6db1-4c93-b3e0-a9d15cf5a95c/current/log_inprogress_0
2023-10-17 18:43:37,854 [2fe2737e-f7a8-402d-9eba-e541e9952274@group-47171A19FAC3-FollowerState] INFO  impl.FollowerState (FollowerState.java:run(143)) - 2fe2737e-f7a8-402d-9eba-e541e9952274@group-47171A19FAC3-FollowerState: change to CANDIDATE, lastRpcElapsedTime:5178909918ns, electionTimeout:5175ms
2023-10-17 18:43:37,854 [2fe2737e-f7a8-402d-9eba-e541e9952274@group-47171A19FAC3-FollowerState] INFO  impl.RoleInfo (RoleInfo.java:shutdownFollowerState(110)) - 2fe2737e-f7a8-402d-9eba-e541e9952274: shutdown 2fe2737e-f7a8-402d-9eba-e541e9952274@group-47171A19FAC3-FollowerState
2023-10-17 18:43:37,854 [2fe2737e-f7a8-402d-9eba-e541e9952274@group-47171A19FAC3-FollowerState] INFO  server.RaftServer$Division (RaftServerImpl.java:setRole(329)) - 2fe2737e-f7a8-402d-9eba-e541e9952274@group-47171A19FAC3: changes role from  FOLLOWER to CANDIDATE at term 0 for changeToCandidate
2023-10-17 18:43:37,855 [2fe2737e-f7a8-402d-9eba-e541e9952274@group-47171A19FAC3-FollowerState] INFO  server.RaftServerConfigKeys (ConfUtils.java:logGet(46)) - raft.server.leaderelection.pre-vote = true (default)
2023-10-17 18:43:37,855 [2fe2737e-f7a8-402d-9eba-e541e9952274@group-47171A19FAC3-FollowerState] INFO  impl.RoleInfo (RoleInfo.java:updateAndGet(139)) - 2fe2737e-f7a8-402d-9eba-e541e9952274: start 2fe2737e-f7a8-402d-9eba-e541e9952274@group-47171A19FAC3-LeaderElection13
2023-10-17 18:43:37,856 [2fe2737e-f7a8-402d-9eba-e541e9952274@group-47171A19FAC3-LeaderElection13] INFO  impl.LeaderElection (LeaderElection.java:askForVotes(321)) - 2fe2737e-f7a8-402d-9eba-e541e9952274@group-47171A19FAC3-LeaderElection13 PRE_VOTE round 0: submit vote requests at term 0 for -1: peers:[2fe2737e-f7a8-402d-9eba-e541e9952274|rpc:10.1.0.25:15066|admin:10.1.0.25:15065|client:10.1.0.25:15064|dataStream:10.1.0.25:15067|priority:1|startupRole:FOLLOWER]|listeners:[], old=null
2023-10-17 18:43:37,856 [2fe2737e-f7a8-402d-9eba-e541e9952274@group-47171A19FAC3-LeaderElection13] INFO  impl.LeaderElection (LeaderElection.java:askForVotes(323)) - 2fe2737e-f7a8-402d-9eba-e541e9952274@group-47171A19FAC3-LeaderElection13 PRE_VOTE round 0: result PASSED (term=0)
2023-10-17 18:43:37,857 [2fe2737e-f7a8-402d-9eba-e541e9952274@group-47171A19FAC3-LeaderElection13] INFO  impl.LeaderElection (LeaderElection.java:askForVotes(321)) - 2fe2737e-f7a8-402d-9eba-e541e9952274@group-47171A19FAC3-LeaderElection13 ELECTION round 0: submit vote requests at term 1 for -1: peers:[2fe2737e-f7a8-402d-9eba-e541e9952274|rpc:10.1.0.25:15066|admin:10.1.0.25:15065|client:10.1.0.25:15064|dataStream:10.1.0.25:15067|priority:1|startupRole:FOLLOWER]|listeners:[], old=null
2023-10-17 18:43:37,858 [2fe2737e-f7a8-402d-9eba-e541e9952274@group-47171A19FAC3-LeaderElection13] INFO  impl.LeaderElection (LeaderElection.java:askForVotes(323)) - 2fe2737e-f7a8-402d-9eba-e541e9952274@group-47171A19FAC3-LeaderElection13 ELECTION round 0: result PASSED (term=1)
2023-10-17 18:43:37,858 [2fe2737e-f7a8-402d-9eba-e541e9952274@group-47171A19FAC3-LeaderElection13] INFO  impl.RoleInfo (RoleInfo.java:shutdownLeaderElection(130)) - 2fe2737e-f7a8-402d-9eba-e541e9952274: shutdown 2fe2737e-f7a8-402d-9eba-e541e9952274@group-47171A19FAC3-LeaderElection13
2023-10-17 18:43:37,858 [2fe2737e-f7a8-402d-9eba-e541e9952274@group-47171A19FAC3-LeaderElection13] INFO  server.RaftServer$Division (RaftServerImpl.java:setRole(329)) - 2fe2737e-f7a8-402d-9eba-e541e9952274@group-47171A19FAC3: changes role from CANDIDATE to LEADER at term 1 for changeToLeader
2023-10-17 18:43:37,858 [2fe2737e-f7a8-402d-9eba-e541e9952274@group-47171A19FAC3-LeaderElection13] INFO  ratis.XceiverServerRatis (XceiverServerRatis.java:handleLeaderChangedNotification(902)) - Leader change notification received for group: group-47171A19FAC3 with new leaderId: 2fe2737e-f7a8-402d-9eba-e541e9952274
2023-10-17 18:43:37,858 [2fe2737e-f7a8-402d-9eba-e541e9952274@group-47171A19FAC3-LeaderElection13] INFO  server.RaftServer$Division (ServerState.java:setLeader(317)) - 2fe2737e-f7a8-402d-9eba-e541e9952274@group-47171A19FAC3: change Leader from null to 2fe2737e-f7a8-402d-9eba-e541e9952274 at term 1 for becomeLeader, leader elected after 5202ms
2023-10-17 18:43:37,858 [2fe2737e-f7a8-402d-9eba-e541e9952274@group-47171A19FAC3-LeaderElection13] INFO  server.RaftServerConfigKeys (ConfUtils.java:logGet(46)) - raft.server.staging.catchup.gap = 1000 (default)
2023-10-17 18:43:37,858 [2fe2737e-f7a8-402d-9eba-e541e9952274@group-47171A19FAC3-LeaderElection13] INFO  server.RaftServerConfigKeys (ConfUtils.java:logGet(46)) - raft.server.write.element-limit = 1024 (custom)
2023-10-17 18:43:37,858 [2fe2737e-f7a8-402d-9eba-e541e9952274@group-47171A19FAC3-LeaderElection13] INFO  server.RaftServerConfigKeys (ConfUtils.java:logGet(46)) - raft.server.write.byte-limit = 1024 M (=1073741824) (custom)
2023-10-17 18:43:37,859 [2fe2737e-f7a8-402d-9eba-e541e9952274@group-47171A19FAC3-LeaderElection13] INFO  server.RaftServerConfigKeys (ConfUtils.java:logGet(46)) - raft.server.watch.timeout = 180s (custom)
2023-10-17 18:43:37,859 [2fe2737e-f7a8-402d-9eba-e541e9952274@group-47171A19FAC3-LeaderElection13] INFO  server.RaftServerConfigKeys (ConfUtils.java:logGet(46)) - raft.server.watch.timeout.denomination = 1s (default)
2023-10-17 18:43:37,859 [2fe2737e-f7a8-402d-9eba-e541e9952274@group-47171A19FAC3-LeaderElection13] INFO  server.RaftServerConfigKeys (ConfUtils.java:logGet(46)) - raft.server.watch.element-limit = 65536 (default)
2023-10-17 18:43:37,859 [2fe2737e-f7a8-402d-9eba-e541e9952274@group-47171A19FAC3-LeaderElection13] INFO  server.RaftServerConfigKeys (ConfUtils.java:logGet(46)) - raft.server.write.element-limit = 1024 (custom)
2023-10-17 18:43:37,859 [2fe2737e-f7a8-402d-9eba-e541e9952274@group-47171A19FAC3-LeaderElection13] INFO  server.RaftServerConfigKeys (ConfUtils.java:logGet(46)) - raft.server.write.follower.gap.ratio.max = -1.0 (default)
2023-10-17 18:43:37,859 [2fe2737e-f7a8-402d-9eba-e541e9952274@group-47171A19FAC3-LeaderElection13] INFO  impl.RoleInfo (RoleInfo.java:updateAndGet(139)) - 2fe2737e-f7a8-402d-9eba-e541e9952274: start 2fe2737e-f7a8-402d-9eba-e541e9952274@group-47171A19FAC3-LeaderStateImpl
2023-10-17 18:43:37,859 [2fe2737e-f7a8-402d-9eba-e541e9952274@group-47171A19FAC3-LeaderElection13] INFO  segmented.SegmentedRaftLogWorker (SegmentedRaftLogWorker.java:startLogSegment(447)) - 2fe2737e-f7a8-402d-9eba-e541e9952274@group-47171A19FAC3-SegmentedRaftLogWorker: Starting segment from index:0
2023-10-17 18:43:37,861 [2fe2737e-f7a8-402d-9eba-e541e9952274@group-47171A19FAC3-SegmentedRaftLogWorker] INFO  segmented.SegmentedRaftLogWorker (SegmentedRaftLogWorker.java:execute(651)) - 2fe2737e-f7a8-402d-9eba-e541e9952274@group-47171A19FAC3-SegmentedRaftLogWorker: created new log segment /home/runner/work/ozone/ozone/hadoop-ozone/integration-test/target/test-dir/MiniOzoneClusterImpl-6deba204-2b0e-4ddb-90bc-390c46dd618c/datanode-0/data/ratis/851d9a88-c1c5-45f1-8e64-47171a19fac3/current/log_inprogress_0
2023-10-17 18:43:37,861 [2fe2737e-f7a8-402d-9eba-e541e9952274@group-47171A19FAC3-LeaderElection13] INFO  server.RaftServer$Division (ServerState.java:setRaftConf(434)) - 2fe2737e-f7a8-402d-9eba-e541e9952274@group-47171A19FAC3: set configuration 0: peers:[2fe2737e-f7a8-402d-9eba-e541e9952274|rpc:10.1.0.25:15066|admin:10.1.0.25:15065|client:10.1.0.25:15064|dataStream:10.1.0.25:15067|priority:1|startupRole:FOLLOWER]|listeners:[], old=null
2023-10-17 18:43:37,896 [2730903f-e14d-4dbf-85f1-555db1c02b78@group-330311C9EFB9-FollowerState] INFO  impl.FollowerState (FollowerState.java:run(143)) - 2730903f-e14d-4dbf-85f1-555db1c02b78@group-330311C9EFB9-FollowerState: change to CANDIDATE, lastRpcElapsedTime:5054105026ns, electionTimeout:5052ms
2023-10-17 18:43:37,896 [2730903f-e14d-4dbf-85f1-555db1c02b78@group-330311C9EFB9-FollowerState] INFO  impl.RoleInfo (RoleInfo.java:shutdownFollowerState(110)) - 2730903f-e14d-4dbf-85f1-555db1c02b78: shutdown 2730903f-e14d-4dbf-85f1-555db1c02b78@group-330311C9EFB9-FollowerState
2023-10-17 18:43:37,896 [2730903f-e14d-4dbf-85f1-555db1c02b78@group-330311C9EFB9-FollowerState] INFO  server.RaftServer$Division (RaftServerImpl.java:setRole(329)) - 2730903f-e14d-4dbf-85f1-555db1c02b78@group-330311C9EFB9: changes role from  FOLLOWER to CANDIDATE at term 0 for changeToCandidate
2023-10-17 18:43:37,896 [2730903f-e14d-4dbf-85f1-555db1c02b78@group-330311C9EFB9-FollowerState] INFO  server.RaftServerConfigKeys (ConfUtils.java:logGet(46)) - raft.server.leaderelection.pre-vote = true (default)
2023-10-17 18:43:37,896 [2730903f-e14d-4dbf-85f1-555db1c02b78@group-330311C9EFB9-FollowerState] INFO  impl.RoleInfo (RoleInfo.java:updateAndGet(139)) - 2730903f-e14d-4dbf-85f1-555db1c02b78: start 2730903f-e14d-4dbf-85f1-555db1c02b78@group-330311C9EFB9-LeaderElection14
2023-10-17 18:43:37,897 [2730903f-e14d-4dbf-85f1-555db1c02b78@group-330311C9EFB9-LeaderElection14] INFO  impl.LeaderElection (LeaderElection.java:askForVotes(321)) - 2730903f-e14d-4dbf-85f1-555db1c02b78@group-330311C9EFB9-LeaderElection14 PRE_VOTE round 0: submit vote requests at term 0 for -1: peers:[50f74f38-5546-481b-9021-1f540e3c531d|rpc:10.1.0.25:15084|admin:10.1.0.25:15083|client:10.1.0.25:15082|dataStream:10.1.0.25:15085|priority:1|startupRole:FOLLOWER, 2730903f-e14d-4dbf-85f1-555db1c02b78|rpc:10.1.0.25:15075|admin:10.1.0.25:15074|client:10.1.0.25:15073|dataStream:10.1.0.25:15076|priority:0|startupRole:FOLLOWER, 2fe2737e-f7a8-402d-9eba-e541e9952274|rpc:10.1.0.25:15066|admin:10.1.0.25:15065|client:10.1.0.25:15064|dataStream:10.1.0.25:15067|priority:0|startupRole:FOLLOWER]|listeners:[], old=null
2023-10-17 18:43:37,898 [2730903f-e14d-4dbf-85f1-555db1c02b78@group-330311C9EFB9-LeaderElection14-1] INFO  server.GrpcServerProtocolClient (GrpcServerProtocolClient.java:<init>(65)) - Build channel for 50f74f38-5546-481b-9021-1f540e3c531d
2023-10-17 18:43:37,898 [2730903f-e14d-4dbf-85f1-555db1c02b78@group-330311C9EFB9-LeaderElection14] INFO  server.RaftServerConfigKeys (ConfUtils.java:logFallback(53)) - raft.server.rpc.first-election.timeout.min = 5s (fallback to raft.server.rpc.timeout.min)
2023-10-17 18:43:37,898 [2730903f-e14d-4dbf-85f1-555db1c02b78@group-330311C9EFB9-LeaderElection14] INFO  server.RaftServerConfigKeys (ConfUtils.java:logFallback(53)) - raft.server.rpc.first-election.timeout.max = 5200ms (fallback to raft.server.rpc.timeout.max)
2023-10-17 18:43:37,898 [2730903f-e14d-4dbf-85f1-555db1c02b78@group-330311C9EFB9-LeaderElection14-2] INFO  server.GrpcServerProtocolClient (GrpcServerProtocolClient.java:<init>(65)) - Build channel for 2fe2737e-f7a8-402d-9eba-e541e9952274
2023-10-17 18:43:37,913 [grpc-default-executor-0] INFO  server.RaftServer$Division (RaftServerImpl.java:requestVote(1302)) - 50f74f38-5546-481b-9021-1f540e3c531d@group-330311C9EFB9: receive requestVote(PRE_VOTE, 2730903f-e14d-4dbf-85f1-555db1c02b78, group-330311C9EFB9, 0, (t:0, i:0))
2023-10-17 18:43:37,913 [grpc-default-executor-0] INFO  impl.VoteContext (VoteContext.java:log(49)) - 50f74f38-5546-481b-9021-1f540e3c531d@group-330311C9EFB9-FOLLOWER: reject PRE_VOTE from 2730903f-e14d-4dbf-85f1-555db1c02b78: our priority 1 > candidate's priority 0
2023-10-17 18:43:37,913 [grpc-default-executor-0] INFO  server.RaftServer$Division (RaftServerImpl.java:requestVote(1335)) - 50f74f38-5546-481b-9021-1f540e3c531d@group-330311C9EFB9 replies to PRE_VOTE vote request: 2730903f-e14d-4dbf-85f1-555db1c02b78<-50f74f38-5546-481b-9021-1f540e3c531d#0:FAIL-t0. Peer's state: 50f74f38-5546-481b-9021-1f540e3c531d@group-330311C9EFB9:t0, leader=null, voted=, raftlog=Memoized:50f74f38-5546-481b-9021-1f540e3c531d@group-330311C9EFB9-SegmentedRaftLog:OPENED:c-1, conf=-1: peers:[50f74f38-5546-481b-9021-1f540e3c531d|rpc:10.1.0.25:15084|admin:10.1.0.25:15083|client:10.1.0.25:15082|dataStream:10.1.0.25:15085|priority:1|startupRole:FOLLOWER, 2730903f-e14d-4dbf-85f1-555db1c02b78|rpc:10.1.0.25:15075|admin:10.1.0.25:15074|client:10.1.0.25:15073|dataStream:10.1.0.25:15076|priority:0|startupRole:FOLLOWER, 2fe2737e-f7a8-402d-9eba-e541e9952274|rpc:10.1.0.25:15066|admin:10.1.0.25:15065|client:10.1.0.25:15064|dataStream:10.1.0.25:15067|priority:0|startupRole:FOLLOWER]|listeners:[], old=null
2023-10-17 18:43:37,919 [2730903f-e14d-4dbf-85f1-555db1c02b78@group-330311C9EFB9-LeaderElection14] INFO  impl.LeaderElection (LeaderElection.java:logAndReturn(90)) - 2730903f-e14d-4dbf-85f1-555db1c02b78@group-330311C9EFB9-LeaderElection14: PRE_VOTE REJECTED received 1 response(s) and 0 exception(s):
2023-10-17 18:43:37,919 [2730903f-e14d-4dbf-85f1-555db1c02b78@group-330311C9EFB9-LeaderElection14] INFO  impl.LeaderElection (LeaderElection.java:logAndReturn(94)) -   Response 0: 2730903f-e14d-4dbf-85f1-555db1c02b78<-50f74f38-5546-481b-9021-1f540e3c531d#0:FAIL-t0
2023-10-17 18:43:37,920 [2730903f-e14d-4dbf-85f1-555db1c02b78@group-330311C9EFB9-LeaderElection14] INFO  impl.LeaderElection (LeaderElection.java:askForVotes(323)) - 2730903f-e14d-4dbf-85f1-555db1c02b78@group-330311C9EFB9-LeaderElection14 PRE_VOTE round 0: result REJECTED
2023-10-17 18:43:37,920 [2730903f-e14d-4dbf-85f1-555db1c02b78@group-330311C9EFB9-LeaderElection14] INFO  server.RaftServer$Division (RaftServerImpl.java:setRole(329)) - 2730903f-e14d-4dbf-85f1-555db1c02b78@group-330311C9EFB9: changes role from CANDIDATE to FOLLOWER at term 0 for REJECTED
2023-10-17 18:43:37,920 [2730903f-e14d-4dbf-85f1-555db1c02b78@group-330311C9EFB9-LeaderElection14] INFO  impl.RoleInfo (RoleInfo.java:shutdownLeaderElection(130)) - 2730903f-e14d-4dbf-85f1-555db1c02b78: shutdown 2730903f-e14d-4dbf-85f1-555db1c02b78@group-330311C9EFB9-LeaderElection14
2023-10-17 18:43:37,920 [2730903f-e14d-4dbf-85f1-555db1c02b78@group-330311C9EFB9-LeaderElection14] INFO  impl.RoleInfo (RoleInfo.java:updateAndGet(139)) - 2730903f-e14d-4dbf-85f1-555db1c02b78: start 2730903f-e14d-4dbf-85f1-555db1c02b78@group-330311C9EFB9-FollowerState
2023-10-17 18:43:37,923 [grpc-default-executor-0] INFO  server.RaftServer$Division (RaftServerImpl.java:requestVote(1302)) - 2fe2737e-f7a8-402d-9eba-e541e9952274@group-330311C9EFB9: receive requestVote(PRE_VOTE, 2730903f-e14d-4dbf-85f1-555db1c02b78, group-330311C9EFB9, 0, (t:0, i:0))
2023-10-17 18:43:37,923 [grpc-default-executor-0] INFO  impl.VoteContext (VoteContext.java:log(49)) - 2fe2737e-f7a8-402d-9eba-e541e9952274@group-330311C9EFB9-FOLLOWER: accept PRE_VOTE from 2730903f-e14d-4dbf-85f1-555db1c02b78: our priority 0 <= candidate's priority 0
2023-10-17 18:43:37,923 [grpc-default-executor-0] INFO  server.RaftServer$Division (RaftServerImpl.java:requestVote(1335)) - 2fe2737e-f7a8-402d-9eba-e541e9952274@group-330311C9EFB9 replies to PRE_VOTE vote request: 2730903f-e14d-4dbf-85f1-555db1c02b78<-2fe2737e-f7a8-402d-9eba-e541e9952274#0:OK-t0. Peer's state: 2fe2737e-f7a8-402d-9eba-e541e9952274@group-330311C9EFB9:t0, leader=null, voted=, raftlog=Memoized:2fe2737e-f7a8-402d-9eba-e541e9952274@group-330311C9EFB9-SegmentedRaftLog:OPENED:c-1, conf=-1: peers:[50f74f38-5546-481b-9021-1f540e3c531d|rpc:10.1.0.25:15084|admin:10.1.0.25:15083|client:10.1.0.25:15082|dataStream:10.1.0.25:15085|priority:1|startupRole:FOLLOWER, 2730903f-e14d-4dbf-85f1-555db1c02b78|rpc:10.1.0.25:15075|admin:10.1.0.25:15074|client:10.1.0.25:15073|dataStream:10.1.0.25:15076|priority:0|startupRole:FOLLOWER, 2fe2737e-f7a8-402d-9eba-e541e9952274|rpc:10.1.0.25:15066|admin:10.1.0.25:15065|client:10.1.0.25:15064|dataStream:10.1.0.25:15067|priority:0|startupRole:FOLLOWER]|listeners:[], old=null
2023-10-17 18:43:37,972 [2fe2737e-f7a8-402d-9eba-e541e9952274@group-330311C9EFB9-FollowerState] INFO  server.RaftServerConfigKeys (ConfUtils.java:logFallback(53)) - raft.server.rpc.first-election.timeout.min = 5s (fallback to raft.server.rpc.timeout.min)
2023-10-17 18:43:37,972 [2fe2737e-f7a8-402d-9eba-e541e9952274@group-330311C9EFB9-FollowerState] INFO  server.RaftServerConfigKeys (ConfUtils.java:logFallback(53)) - raft.server.rpc.first-election.timeout.max = 5200ms (fallback to raft.server.rpc.timeout.max)
2023-10-17 18:43:38,018 [50f74f38-5546-481b-9021-1f540e3c531d@group-330311C9EFB9-FollowerState] INFO  impl.FollowerState (FollowerState.java:run(143)) - 50f74f38-5546-481b-9021-1f540e3c531d@group-330311C9EFB9-FollowerState: change to CANDIDATE, lastRpcElapsedTime:5134249601ns, electionTimeout:5120ms
2023-10-17 18:43:38,018 [50f74f38-5546-481b-9021-1f540e3c531d@group-330311C9EFB9-FollowerState] INFO  impl.RoleInfo (RoleInfo.java:shutdownFollowerState(110)) - 50f74f38-5546-481b-9021-1f540e3c531d: shutdown 50f74f38-5546-481b-9021-1f540e3c531d@group-330311C9EFB9-FollowerState
2023-10-17 18:43:38,018 [50f74f38-5546-481b-9021-1f540e3c531d@group-330311C9EFB9-FollowerState] INFO  server.RaftServer$Division (RaftServerImpl.java:setRole(329)) - 50f74f38-5546-481b-9021-1f540e3c531d@group-330311C9EFB9: changes role from  FOLLOWER to CANDIDATE at term 0 for changeToCandidate
2023-10-17 18:43:38,018 [50f74f38-5546-481b-9021-1f540e3c531d@group-330311C9EFB9-FollowerState] INFO  server.RaftServerConfigKeys (ConfUtils.java:logGet(46)) - raft.server.leaderelection.pre-vote = true (default)
2023-10-17 18:43:38,018 [50f74f38-5546-481b-9021-1f540e3c531d@group-330311C9EFB9-FollowerState] INFO  impl.RoleInfo (RoleInfo.java:updateAndGet(139)) - 50f74f38-5546-481b-9021-1f540e3c531d: start 50f74f38-5546-481b-9021-1f540e3c531d@group-330311C9EFB9-LeaderElection15
2023-10-17 18:43:38,020 [50f74f38-5546-481b-9021-1f540e3c531d@group-330311C9EFB9-LeaderElection15] INFO  impl.LeaderElection (LeaderElection.java:askForVotes(321)) - 50f74f38-5546-481b-9021-1f540e3c531d@group-330311C9EFB9-LeaderElection15 PRE_VOTE round 0: submit vote requests at term 0 for -1: peers:[50f74f38-5546-481b-9021-1f540e3c531d|rpc:10.1.0.25:15084|admin:10.1.0.25:15083|client:10.1.0.25:15082|dataStream:10.1.0.25:15085|priority:1|startupRole:FOLLOWER, 2730903f-e14d-4dbf-85f1-555db1c02b78|rpc:10.1.0.25:15075|admin:10.1.0.25:15074|client:10.1.0.25:15073|dataStream:10.1.0.25:15076|priority:0|startupRole:FOLLOWER, 2fe2737e-f7a8-402d-9eba-e541e9952274|rpc:10.1.0.25:15066|admin:10.1.0.25:15065|client:10.1.0.25:15064|dataStream:10.1.0.25:15067|priority:0|startupRole:FOLLOWER]|listeners:[], old=null
2023-10-17 18:43:38,022 [50f74f38-5546-481b-9021-1f540e3c531d@group-330311C9EFB9-LeaderElection15-1] INFO  server.GrpcServerProtocolClient (GrpcServerProtocolClient.java:<init>(65)) - Build channel for 2730903f-e14d-4dbf-85f1-555db1c02b78
2023-10-17 18:43:38,022 [50f74f38-5546-481b-9021-1f540e3c531d@group-330311C9EFB9-LeaderElection15] INFO  server.RaftServerConfigKeys (ConfUtils.java:logFallback(53)) - raft.server.rpc.first-election.timeout.min = 5s (fallback to raft.server.rpc.timeout.min)
2023-10-17 18:43:38,023 [50f74f38-5546-481b-9021-1f540e3c531d@group-330311C9EFB9-LeaderElection15] INFO  server.RaftServerConfigKeys (ConfUtils.java:logFallback(53)) - raft.server.rpc.first-election.timeout.max = 5200ms (fallback to raft.server.rpc.timeout.max)
2023-10-17 18:43:38,023 [50f74f38-5546-481b-9021-1f540e3c531d@group-330311C9EFB9-LeaderElection15-2] INFO  server.GrpcServerProtocolClient (GrpcServerProtocolClient.java:<init>(65)) - Build channel for 2fe2737e-f7a8-402d-9eba-e541e9952274
2023-10-17 18:43:38,034 [grpc-default-executor-0] INFO  server.RaftServer$Division (RaftServerImpl.java:requestVote(1302)) - 2fe2737e-f7a8-402d-9eba-e541e9952274@group-330311C9EFB9: receive requestVote(PRE_VOTE, 50f74f38-5546-481b-9021-1f540e3c531d, group-330311C9EFB9, 0, (t:0, i:0))
2023-10-17 18:43:38,034 [grpc-default-executor-0] INFO  impl.VoteContext (VoteContext.java:log(49)) - 2fe2737e-f7a8-402d-9eba-e541e9952274@group-330311C9EFB9-FOLLOWER: accept PRE_VOTE from 50f74f38-5546-481b-9021-1f540e3c531d: our priority 0 <= candidate's priority 1
2023-10-17 18:43:38,035 [grpc-default-executor-0] INFO  server.RaftServer$Division (RaftServerImpl.java:requestVote(1335)) - 2fe2737e-f7a8-402d-9eba-e541e9952274@group-330311C9EFB9 replies to PRE_VOTE vote request: 50f74f38-5546-481b-9021-1f540e3c531d<-2fe2737e-f7a8-402d-9eba-e541e9952274#0:OK-t0. Peer's state: 2fe2737e-f7a8-402d-9eba-e541e9952274@group-330311C9EFB9:t0, leader=null, voted=, raftlog=Memoized:2fe2737e-f7a8-402d-9eba-e541e9952274@group-330311C9EFB9-SegmentedRaftLog:OPENED:c-1, conf=-1: peers:[50f74f38-5546-481b-9021-1f540e3c531d|rpc:10.1.0.25:15084|admin:10.1.0.25:15083|client:10.1.0.25:15082|dataStream:10.1.0.25:15085|priority:1|startupRole:FOLLOWER, 2730903f-e14d-4dbf-85f1-555db1c02b78|rpc:10.1.0.25:15075|admin:10.1.0.25:15074|client:10.1.0.25:15073|dataStream:10.1.0.25:15076|priority:0|startupRole:FOLLOWER, 2fe2737e-f7a8-402d-9eba-e541e9952274|rpc:10.1.0.25:15066|admin:10.1.0.25:15065|client:10.1.0.25:15064|dataStream:10.1.0.25:15067|priority:0|startupRole:FOLLOWER]|listeners:[], old=null
2023-10-17 18:43:38,040 [50f74f38-5546-481b-9021-1f540e3c531d@group-330311C9EFB9-LeaderElection15] INFO  impl.LeaderElection (LeaderElection.java:logAndReturn(90)) - 50f74f38-5546-481b-9021-1f540e3c531d@group-330311C9EFB9-LeaderElection15: PRE_VOTE PASSED received 1 response(s) and 0 exception(s):
2023-10-17 18:43:38,040 [50f74f38-5546-481b-9021-1f540e3c531d@group-330311C9EFB9-LeaderElection15] INFO  impl.LeaderElection (LeaderElection.java:logAndReturn(94)) -   Response 0: 50f74f38-5546-481b-9021-1f540e3c531d<-2fe2737e-f7a8-402d-9eba-e541e9952274#0:OK-t0
2023-10-17 18:43:38,040 [50f74f38-5546-481b-9021-1f540e3c531d@group-330311C9EFB9-LeaderElection15] INFO  impl.LeaderElection (LeaderElection.java:askForVotes(323)) - 50f74f38-5546-481b-9021-1f540e3c531d@group-330311C9EFB9-LeaderElection15 PRE_VOTE round 0: result PASSED
2023-10-17 18:43:38,041 [grpc-default-executor-0] INFO  server.RaftServer$Division (RaftServerImpl.java:requestVote(1302)) - 2730903f-e14d-4dbf-85f1-555db1c02b78@group-330311C9EFB9: receive requestVote(PRE_VOTE, 50f74f38-5546-481b-9021-1f540e3c531d, group-330311C9EFB9, 0, (t:0, i:0))
2023-10-17 18:43:38,041 [grpc-default-executor-0] INFO  impl.VoteContext (VoteContext.java:log(49)) - 2730903f-e14d-4dbf-85f1-555db1c02b78@group-330311C9EFB9-FOLLOWER: accept PRE_VOTE from 50f74f38-5546-481b-9021-1f540e3c531d: our priority 0 <= candidate's priority 1
2023-10-17 18:43:38,042 [50f74f38-5546-481b-9021-1f540e3c531d@group-330311C9EFB9-LeaderElection15] INFO  impl.LeaderElection (LeaderElection.java:askForVotes(321)) - 50f74f38-5546-481b-9021-1f540e3c531d@group-330311C9EFB9-LeaderElection15 ELECTION round 0: submit vote requests at term 1 for -1: peers:[50f74f38-5546-481b-9021-1f540e3c531d|rpc:10.1.0.25:15084|admin:10.1.0.25:15083|client:10.1.0.25:15082|dataStream:10.1.0.25:15085|priority:1|startupRole:FOLLOWER, 2730903f-e14d-4dbf-85f1-555db1c02b78|rpc:10.1.0.25:15075|admin:10.1.0.25:15074|client:10.1.0.25:15073|dataStream:10.1.0.25:15076|priority:0|startupRole:FOLLOWER, 2fe2737e-f7a8-402d-9eba-e541e9952274|rpc:10.1.0.25:15066|admin:10.1.0.25:15065|client:10.1.0.25:15064|dataStream:10.1.0.25:15067|priority:0|startupRole:FOLLOWER]|listeners:[], old=null
2023-10-17 18:43:38,042 [grpc-default-executor-0] INFO  server.RaftServer$Division (RaftServerImpl.java:requestVote(1335)) - 2730903f-e14d-4dbf-85f1-555db1c02b78@group-330311C9EFB9 replies to PRE_VOTE vote request: 50f74f38-5546-481b-9021-1f540e3c531d<-2730903f-e14d-4dbf-85f1-555db1c02b78#0:OK-t0. Peer's state: 2730903f-e14d-4dbf-85f1-555db1c02b78@group-330311C9EFB9:t0, leader=null, voted=, raftlog=Memoized:2730903f-e14d-4dbf-85f1-555db1c02b78@group-330311C9EFB9-SegmentedRaftLog:OPENED:c-1, conf=-1: peers:[50f74f38-5546-481b-9021-1f540e3c531d|rpc:10.1.0.25:15084|admin:10.1.0.25:15083|client:10.1.0.25:15082|dataStream:10.1.0.25:15085|priority:1|startupRole:FOLLOWER, 2730903f-e14d-4dbf-85f1-555db1c02b78|rpc:10.1.0.25:15075|admin:10.1.0.25:15074|client:10.1.0.25:15073|dataStream:10.1.0.25:15076|priority:0|startupRole:FOLLOWER, 2fe2737e-f7a8-402d-9eba-e541e9952274|rpc:10.1.0.25:15066|admin:10.1.0.25:15065|client:10.1.0.25:15064|dataStream:10.1.0.25:15067|priority:0|startupRole:FOLLOWER]|listeners:[], old=null
2023-10-17 18:43:38,046 [50f74f38-5546-481b-9021-1f540e3c531d@group-330311C9EFB9-LeaderElection15] INFO  server.RaftServerConfigKeys (ConfUtils.java:logFallback(53)) - raft.server.rpc.first-election.timeout.min = 5s (fallback to raft.server.rpc.timeout.min)
2023-10-17 18:43:38,046 [50f74f38-5546-481b-9021-1f540e3c531d@group-330311C9EFB9-LeaderElection15] INFO  server.RaftServerConfigKeys (ConfUtils.java:logFallback(53)) - raft.server.rpc.first-election.timeout.max = 5200ms (fallback to raft.server.rpc.timeout.max)
2023-10-17 18:43:38,048 [grpc-default-executor-4] INFO  server.RaftServer$Division (RaftServerImpl.java:requestVote(1302)) - 2730903f-e14d-4dbf-85f1-555db1c02b78@group-330311C9EFB9: receive requestVote(ELECTION, 50f74f38-5546-481b-9021-1f540e3c531d, group-330311C9EFB9, 1, (t:0, i:0))
2023-10-17 18:43:38,048 [grpc-default-executor-4] INFO  impl.VoteContext (VoteContext.java:log(49)) - 2730903f-e14d-4dbf-85f1-555db1c02b78@group-330311C9EFB9-FOLLOWER: accept ELECTION from 50f74f38-5546-481b-9021-1f540e3c531d: our priority 0 <= candidate's priority 1
2023-10-17 18:43:38,048 [grpc-default-executor-4] INFO  server.RaftServer$Division (RaftServerImpl.java:setRole(329)) - 2730903f-e14d-4dbf-85f1-555db1c02b78@group-330311C9EFB9: changes role from  FOLLOWER to FOLLOWER at term 1 for candidate:50f74f38-5546-481b-9021-1f540e3c531d
2023-10-17 18:43:38,048 [grpc-default-executor-4] INFO  impl.RoleInfo (RoleInfo.java:shutdownFollowerState(110)) - 2730903f-e14d-4dbf-85f1-555db1c02b78: shutdown 2730903f-e14d-4dbf-85f1-555db1c02b78@group-330311C9EFB9-FollowerState
2023-10-17 18:43:38,048 [grpc-default-executor-4] INFO  impl.RoleInfo (RoleInfo.java:updateAndGet(139)) - 2730903f-e14d-4dbf-85f1-555db1c02b78: start 2730903f-e14d-4dbf-85f1-555db1c02b78@group-330311C9EFB9-FollowerState
2023-10-17 18:43:38,049 [2730903f-e14d-4dbf-85f1-555db1c02b78@group-330311C9EFB9-FollowerState] INFO  impl.FollowerState (FollowerState.java:run(152)) - 2730903f-e14d-4dbf-85f1-555db1c02b78@group-330311C9EFB9-FollowerState was interrupted
2023-10-17 18:43:38,051 [grpc-default-executor-4] INFO  server.RaftServer$Division (RaftServerImpl.java:requestVote(1335)) - 2730903f-e14d-4dbf-85f1-555db1c02b78@group-330311C9EFB9 replies to ELECTION vote request: 50f74f38-5546-481b-9021-1f540e3c531d<-2730903f-e14d-4dbf-85f1-555db1c02b78#0:OK-t1. Peer's state: 2730903f-e14d-4dbf-85f1-555db1c02b78@group-330311C9EFB9:t1, leader=null, voted=50f74f38-5546-481b-9021-1f540e3c531d, raftlog=Memoized:2730903f-e14d-4dbf-85f1-555db1c02b78@group-330311C9EFB9-SegmentedRaftLog:OPENED:c-1, conf=-1: peers:[50f74f38-5546-481b-9021-1f540e3c531d|rpc:10.1.0.25:15084|admin:10.1.0.25:15083|client:10.1.0.25:15082|dataStream:10.1.0.25:15085|priority:1|startupRole:FOLLOWER, 2730903f-e14d-4dbf-85f1-555db1c02b78|rpc:10.1.0.25:15075|admin:10.1.0.25:15074|client:10.1.0.25:15073|dataStream:10.1.0.25:15076|priority:0|startupRole:FOLLOWER, 2fe2737e-f7a8-402d-9eba-e541e9952274|rpc:10.1.0.25:15066|admin:10.1.0.25:15065|client:10.1.0.25:15064|dataStream:10.1.0.25:15067|priority:0|startupRole:FOLLOWER]|listeners:[], old=null
2023-10-17 18:43:38,052 [grpc-default-executor-4] INFO  server.RaftServer$Division (RaftServerImpl.java:requestVote(1302)) - 2fe2737e-f7a8-402d-9eba-e541e9952274@group-330311C9EFB9: receive requestVote(ELECTION, 50f74f38-5546-481b-9021-1f540e3c531d, group-330311C9EFB9, 1, (t:0, i:0))
2023-10-17 18:43:38,052 [grpc-default-executor-4] INFO  impl.VoteContext (VoteContext.java:log(49)) - 2fe2737e-f7a8-402d-9eba-e541e9952274@group-330311C9EFB9-FOLLOWER: accept ELECTION from 50f74f38-5546-481b-9021-1f540e3c531d: our priority 0 <= candidate's priority 1
2023-10-17 18:43:38,052 [grpc-default-executor-4] INFO  server.RaftServer$Division (RaftServerImpl.java:setRole(329)) - 2fe2737e-f7a8-402d-9eba-e541e9952274@group-330311C9EFB9: changes role from  FOLLOWER to FOLLOWER at term 1 for candidate:50f74f38-5546-481b-9021-1f540e3c531d
2023-10-17 18:43:38,052 [grpc-default-executor-4] INFO  impl.RoleInfo (RoleInfo.java:shutdownFollowerState(110)) - 2fe2737e-f7a8-402d-9eba-e541e9952274: shutdown 2fe2737e-f7a8-402d-9eba-e541e9952274@group-330311C9EFB9-FollowerState
2023-10-17 18:43:38,052 [grpc-default-executor-4] INFO  impl.RoleInfo (RoleInfo.java:updateAndGet(139)) - 2fe2737e-f7a8-402d-9eba-e541e9952274: start 2fe2737e-f7a8-402d-9eba-e541e9952274@group-330311C9EFB9-FollowerState
2023-10-17 18:43:38,052 [2fe2737e-f7a8-402d-9eba-e541e9952274@group-330311C9EFB9-FollowerState] INFO  impl.FollowerState (FollowerState.java:run(152)) - 2fe2737e-f7a8-402d-9eba-e541e9952274@group-330311C9EFB9-FollowerState was interrupted
2023-10-17 18:43:38,053 [50f74f38-5546-481b-9021-1f540e3c531d@group-330311C9EFB9-LeaderElection15] INFO  impl.LeaderElection (LeaderElection.java:logAndReturn(90)) - 50f74f38-5546-481b-9021-1f540e3c531d@group-330311C9EFB9-LeaderElection15: ELECTION PASSED received 1 response(s) and 0 exception(s):
2023-10-17 18:43:38,053 [50f74f38-5546-481b-9021-1f540e3c531d@group-330311C9EFB9-LeaderElection15] INFO  impl.LeaderElection (LeaderElection.java:logAndReturn(94)) -   Response 0: 50f74f38-5546-481b-9021-1f540e3c531d<-2730903f-e14d-4dbf-85f1-555db1c02b78#0:OK-t1
2023-10-17 18:43:38,053 [50f74f38-5546-481b-9021-1f540e3c531d@group-330311C9EFB9-LeaderElection15] INFO  impl.LeaderElection (LeaderElection.java:askForVotes(323)) - 50f74f38-5546-481b-9021-1f540e3c531d@group-330311C9EFB9-LeaderElection15 ELECTION round 0: result PASSED
2023-10-17 18:43:38,053 [50f74f38-5546-481b-9021-1f540e3c531d@group-330311C9EFB9-LeaderElection15] INFO  impl.RoleInfo (RoleInfo.java:shutdownLeaderElection(130)) - 50f74f38-5546-481b-9021-1f540e3c531d: shutdown 50f74f38-5546-481b-9021-1f540e3c531d@group-330311C9EFB9-LeaderElection15
2023-10-17 18:43:38,053 [50f74f38-5546-481b-9021-1f540e3c531d@group-330311C9EFB9-LeaderElection15] INFO  server.RaftServer$Division (RaftServerImpl.java:setRole(329)) - 50f74f38-5546-481b-9021-1f540e3c531d@group-330311C9EFB9: changes role from CANDIDATE to LEADER at term 1 for changeToLeader
2023-10-17 18:43:38,053 [50f74f38-5546-481b-9021-1f540e3c531d@group-330311C9EFB9-LeaderElection15] INFO  ratis.XceiverServerRatis (XceiverServerRatis.java:handleLeaderChangedNotification(902)) - Leader change notification received for group: group-330311C9EFB9 with new leaderId: 50f74f38-5546-481b-9021-1f540e3c531d
2023-10-17 18:43:38,053 [50f74f38-5546-481b-9021-1f540e3c531d@group-330311C9EFB9-LeaderElection15] INFO  server.RaftServer$Division (ServerState.java:setLeader(317)) - 50f74f38-5546-481b-9021-1f540e3c531d@group-330311C9EFB9: change Leader from null to 50f74f38-5546-481b-9021-1f540e3c531d at term 1 for becomeLeader, leader elected after 5186ms
2023-10-17 18:43:38,053 [50f74f38-5546-481b-9021-1f540e3c531d@group-330311C9EFB9-LeaderElection15] INFO  server.RaftServerConfigKeys (ConfUtils.java:logGet(46)) - raft.server.staging.catchup.gap = 1000 (default)
2023-10-17 18:43:38,054 [50f74f38-5546-481b-9021-1f540e3c531d@group-330311C9EFB9-LeaderElection15] INFO  server.RaftServerConfigKeys (ConfUtils.java:logGet(46)) - raft.server.write.element-limit = 1024 (custom)
2023-10-17 18:43:38,054 [50f74f38-5546-481b-9021-1f540e3c531d@group-330311C9EFB9-LeaderElection15] INFO  server.RaftServerConfigKeys (ConfUtils.java:logGet(46)) - raft.server.write.byte-limit = 1024 M (=1073741824) (custom)
2023-10-17 18:43:38,054 [50f74f38-5546-481b-9021-1f540e3c531d@group-330311C9EFB9-LeaderElection15] INFO  server.RaftServerConfigKeys (ConfUtils.java:logGet(46)) - raft.server.watch.timeout = 180s (custom)
2023-10-17 18:43:38,054 [50f74f38-5546-481b-9021-1f540e3c531d@group-330311C9EFB9-LeaderElection15] INFO  server.RaftServerConfigKeys (ConfUtils.java:logGet(46)) - raft.server.watch.timeout.denomination = 1s (default)
2023-10-17 18:43:38,054 [50f74f38-5546-481b-9021-1f540e3c531d@group-330311C9EFB9-LeaderElection15] INFO  server.RaftServerConfigKeys (ConfUtils.java:logGet(46)) - raft.server.watch.element-limit = 65536 (default)
2023-10-17 18:43:38,054 [50f74f38-5546-481b-9021-1f540e3c531d@group-330311C9EFB9-LeaderElection15] INFO  server.RaftServerConfigKeys (ConfUtils.java:logGet(46)) - raft.server.write.element-limit = 1024 (custom)
2023-10-17 18:43:38,054 [50f74f38-5546-481b-9021-1f540e3c531d@group-330311C9EFB9-LeaderElection15] INFO  server.RaftServerConfigKeys (ConfUtils.java:logGet(46)) - raft.server.write.follower.gap.ratio.max = -1.0 (default)
2023-10-17 18:43:38,054 [grpc-default-executor-4] INFO  server.RaftServer$Division (RaftServerImpl.java:requestVote(1335)) - 2fe2737e-f7a8-402d-9eba-e541e9952274@group-330311C9EFB9 replies to ELECTION vote request: 50f74f38-5546-481b-9021-1f540e3c531d<-2fe2737e-f7a8-402d-9eba-e541e9952274#0:OK-t1. Peer's state: 2fe2737e-f7a8-402d-9eba-e541e9952274@group-330311C9EFB9:t1, leader=null, voted=50f74f38-5546-481b-9021-1f540e3c531d, raftlog=Memoized:2fe2737e-f7a8-402d-9eba-e541e9952274@group-330311C9EFB9-SegmentedRaftLog:OPENED:c-1, conf=-1: peers:[50f74f38-5546-481b-9021-1f540e3c531d|rpc:10.1.0.25:15084|admin:10.1.0.25:15083|client:10.1.0.25:15082|dataStream:10.1.0.25:15085|priority:1|startupRole:FOLLOWER, 2730903f-e14d-4dbf-85f1-555db1c02b78|rpc:10.1.0.25:15075|admin:10.1.0.25:15074|client:10.1.0.25:15073|dataStream:10.1.0.25:15076|priority:0|startupRole:FOLLOWER, 2fe2737e-f7a8-402d-9eba-e541e9952274|rpc:10.1.0.25:15066|admin:10.1.0.25:15065|client:10.1.0.25:15064|dataStream:10.1.0.25:15067|priority:0|startupRole:FOLLOWER]|listeners:[], old=null
2023-10-17 18:43:38,054 [50f74f38-5546-481b-9021-1f540e3c531d@group-330311C9EFB9-LeaderElection15] INFO  server.RaftServerConfigKeys (ConfUtils.java:logGet(46)) - raft.server.log.appender.snapshot.chunk.size.max = 16MB (=16777216) (default)
2023-10-17 18:43:38,055 [50f74f38-5546-481b-9021-1f540e3c531d@group-330311C9EFB9-LeaderElection15] INFO  server.RaftServerConfigKeys (ConfUtils.java:logGet(46)) - raft.server.log.appender.buffer.byte-limit = 33554432 (custom)
2023-10-17 18:43:38,055 [50f74f38-5546-481b-9021-1f540e3c531d@group-330311C9EFB9-LeaderElection15] INFO  server.RaftServerConfigKeys (ConfUtils.java:logGet(46)) - raft.server.log.appender.buffer.element-limit = 1 (custom)
2023-10-17 18:43:38,055 [50f74f38-5546-481b-9021-1f540e3c531d@group-330311C9EFB9-LeaderElection15] INFO  server.RaftServerConfigKeys (ConfUtils.java:logGet(46)) - raft.server.log.appender.wait-time.min = 1ms (custom)
2023-10-17 18:43:38,055 [50f74f38-5546-481b-9021-1f540e3c531d@group-330311C9EFB9-LeaderElection15] INFO  grpc.GrpcConfigKeys (ConfUtils.java:logGet(46)) - raft.grpc.server.leader.outstanding.appends.max = 128 (default)
2023-10-17 18:43:38,055 [50f74f38-5546-481b-9021-1f540e3c531d@group-330311C9EFB9-LeaderElection15] INFO  server.RaftServerConfigKeys (ConfUtils.java:logGet(46)) - raft.server.rpc.request.timeout = 60s (custom)
2023-10-17 18:43:38,055 [50f74f38-5546-481b-9021-1f540e3c531d@group-330311C9EFB9-LeaderElection15] INFO  grpc.GrpcConfigKeys (ConfUtils.java:logGet(46)) - raft.grpc.server.install_snapshot.request.element-limit = 8 (default)
2023-10-17 18:43:38,055 [50f74f38-5546-481b-9021-1f540e3c531d@group-330311C9EFB9-LeaderElection15] INFO  grpc.GrpcConfigKeys (ConfUtils.java:logGet(46)) - raft.grpc.server.install_snapshot.request.timeout = 3000ms (default)
2023-10-17 18:43:38,055 [50f74f38-5546-481b-9021-1f540e3c531d@group-330311C9EFB9-LeaderElection15] INFO  server.RaftServerConfigKeys (ConfUtils.java:logGet(46)) - raft.server.log.appender.install.snapshot.enabled = false (custom)
2023-10-17 18:43:38,055 [50f74f38-5546-481b-9021-1f540e3c531d@group-330311C9EFB9-LeaderElection15] INFO  grpc.GrpcConfigKeys (ConfUtils.java:logGet(46)) - raft.grpc.server.heartbeat.channel = true (default)
2023-10-17 18:43:38,056 [50f74f38-5546-481b-9021-1f540e3c531d@group-330311C9EFB9-LeaderElection15] INFO  server.RaftServerConfigKeys (ConfUtils.java:logGet(46)) - raft.server.log.appender.snapshot.chunk.size.max = 16MB (=16777216) (default)
2023-10-17 18:43:38,056 [50f74f38-5546-481b-9021-1f540e3c531d@group-330311C9EFB9-LeaderElection15] INFO  server.RaftServerConfigKeys (ConfUtils.java:logGet(46)) - raft.server.log.appender.buffer.byte-limit = 33554432 (custom)
2023-10-17 18:43:38,056 [50f74f38-5546-481b-9021-1f540e3c531d@group-330311C9EFB9-LeaderElection15] INFO  server.RaftServerConfigKeys (ConfUtils.java:logGet(46)) - raft.server.log.appender.buffer.element-limit = 1 (custom)
2023-10-17 18:43:38,056 [50f74f38-5546-481b-9021-1f540e3c531d@group-330311C9EFB9-LeaderElection15] INFO  server.RaftServerConfigKeys (ConfUtils.java:logGet(46)) - raft.server.log.appender.wait-time.min = 1ms (custom)
2023-10-17 18:43:38,056 [EventQueue-PipelineReportForPipelineReportHandler] INFO  pipeline.PipelineReportHandler (PipelineReportHandler.java:processPipelineReport(136)) - Opened pipeline PipelineID=1212e58b-041a-4ef3-8e12-330311c9efb9
2023-10-17 18:43:38,056 [50f74f38-5546-481b-9021-1f540e3c531d@group-330311C9EFB9-LeaderElection15] INFO  grpc.GrpcConfigKeys (ConfUtils.java:logGet(46)) - raft.grpc.server.leader.outstanding.appends.max = 128 (default)
2023-10-17 18:43:38,056 [50f74f38-5546-481b-9021-1f540e3c531d@group-330311C9EFB9-LeaderElection15] INFO  server.RaftServerConfigKeys (ConfUtils.java:logGet(46)) - raft.server.rpc.request.timeout = 60s (custom)
2023-10-17 18:43:38,056 [50f74f38-5546-481b-9021-1f540e3c531d@group-330311C9EFB9-LeaderElection15] INFO  grpc.GrpcConfigKeys (ConfUtils.java:logGet(46)) - raft.grpc.server.install_snapshot.request.element-limit = 8 (default)
2023-10-17 18:43:38,056 [50f74f38-5546-481b-9021-1f540e3c531d@group-330311C9EFB9-LeaderElection15] INFO  grpc.GrpcConfigKeys (ConfUtils.java:logGet(46)) - raft.grpc.server.install_snapshot.request.timeout = 3000ms (default)
2023-10-17 18:43:38,056 [50f74f38-5546-481b-9021-1f540e3c531d@group-330311C9EFB9-LeaderElection15] INFO  server.RaftServerConfigKeys (ConfUtils.java:logGet(46)) - raft.server.log.appender.install.snapshot.enabled = false (custom)
2023-10-17 18:43:38,056 [50f74f38-5546-481b-9021-1f540e3c531d@group-330311C9EFB9-LeaderElection15] INFO  grpc.GrpcConfigKeys (ConfUtils.java:logGet(46)) - raft.grpc.server.heartbeat.channel = true (default)
2023-10-17 18:43:38,060 [50f74f38-5546-481b-9021-1f540e3c531d@group-330311C9EFB9-LeaderElection15] INFO  impl.RoleInfo (RoleInfo.java:updateAndGet(139)) - 50f74f38-5546-481b-9021-1f540e3c531d: start 50f74f38-5546-481b-9021-1f540e3c531d@group-330311C9EFB9-LeaderStateImpl
2023-10-17 18:43:38,060 [50f74f38-5546-481b-9021-1f540e3c531d@group-330311C9EFB9-LeaderElection15] INFO  segmented.SegmentedRaftLogWorker (SegmentedRaftLogWorker.java:startLogSegment(447)) - 50f74f38-5546-481b-9021-1f540e3c531d@group-330311C9EFB9-SegmentedRaftLogWorker: Starting segment from index:0
2023-10-17 18:43:38,061 [50f74f38-5546-481b-9021-1f540e3c531d@group-330311C9EFB9-SegmentedRaftLogWorker] INFO  segmented.SegmentedRaftLogWorker (SegmentedRaftLogWorker.java:execute(651)) - 50f74f38-5546-481b-9021-1f540e3c531d@group-330311C9EFB9-SegmentedRaftLogWorker: created new log segment /home/runner/work/ozone/ozone/hadoop-ozone/integration-test/target/test-dir/MiniOzoneClusterImpl-6deba204-2b0e-4ddb-90bc-390c46dd618c/datanode-2/data/ratis/1212e58b-041a-4ef3-8e12-330311c9efb9/current/log_inprogress_0
2023-10-17 18:43:38,067 [50f74f38-5546-481b-9021-1f540e3c531d@group-330311C9EFB9-LeaderElection15] INFO  server.RaftServer$Division (ServerState.java:setRaftConf(434)) - 50f74f38-5546-481b-9021-1f540e3c531d@group-330311C9EFB9: set configuration 0: peers:[50f74f38-5546-481b-9021-1f540e3c531d|rpc:10.1.0.25:15084|admin:10.1.0.25:15083|client:10.1.0.25:15082|dataStream:10.1.0.25:15085|priority:1|startupRole:FOLLOWER, 2730903f-e14d-4dbf-85f1-555db1c02b78|rpc:10.1.0.25:15075|admin:10.1.0.25:15074|client:10.1.0.25:15073|dataStream:10.1.0.25:15076|priority:0|startupRole:FOLLOWER, 2fe2737e-f7a8-402d-9eba-e541e9952274|rpc:10.1.0.25:15066|admin:10.1.0.25:15065|client:10.1.0.25:15064|dataStream:10.1.0.25:15067|priority:0|startupRole:FOLLOWER]|listeners:[], old=null
2023-10-17 18:43:38,074 [2730903f-e14d-4dbf-85f1-555db1c02b78-server-thread1] INFO  ratis.XceiverServerRatis (XceiverServerRatis.java:handleLeaderChangedNotification(902)) - Leader change notification received for group: group-330311C9EFB9 with new leaderId: 50f74f38-5546-481b-9021-1f540e3c531d
2023-10-17 18:43:38,074 [2730903f-e14d-4dbf-85f1-555db1c02b78-server-thread1] INFO  server.RaftServer$Division (ServerState.java:setLeader(317)) - 2730903f-e14d-4dbf-85f1-555db1c02b78@group-330311C9EFB9: change Leader from null to 50f74f38-5546-481b-9021-1f540e3c531d at term 1 for appendEntries, leader elected after 5247ms
2023-10-17 18:43:38,082 [2730903f-e14d-4dbf-85f1-555db1c02b78-server-thread1] INFO  server.RaftServer$Division (ServerState.java:setRaftConf(434)) - 2730903f-e14d-4dbf-85f1-555db1c02b78@group-330311C9EFB9: set configuration 0: peers:[50f74f38-5546-481b-9021-1f540e3c531d|rpc:10.1.0.25:15084|admin:10.1.0.25:15083|client:10.1.0.25:15082|dataStream:10.1.0.25:15085|priority:1|startupRole:FOLLOWER, 2730903f-e14d-4dbf-85f1-555db1c02b78|rpc:10.1.0.25:15075|admin:10.1.0.25:15074|client:10.1.0.25:15073|dataStream:10.1.0.25:15076|priority:0|startupRole:FOLLOWER, 2fe2737e-f7a8-402d-9eba-e541e9952274|rpc:10.1.0.25:15066|admin:10.1.0.25:15065|client:10.1.0.25:15064|dataStream:10.1.0.25:15067|priority:0|startupRole:FOLLOWER]|listeners:[], old=null
2023-10-17 18:43:38,083 [2730903f-e14d-4dbf-85f1-555db1c02b78-server-thread1] INFO  segmented.SegmentedRaftLogWorker (SegmentedRaftLogWorker.java:startLogSegment(447)) - 2730903f-e14d-4dbf-85f1-555db1c02b78@group-330311C9EFB9-SegmentedRaftLogWorker: Starting segment from index:0
2023-10-17 18:43:38,084 [2730903f-e14d-4dbf-85f1-555db1c02b78@group-330311C9EFB9-SegmentedRaftLogWorker] INFO  segmented.SegmentedRaftLogWorker (SegmentedRaftLogWorker.java:execute(651)) - 2730903f-e14d-4dbf-85f1-555db1c02b78@group-330311C9EFB9-SegmentedRaftLogWorker: created new log segment /home/runner/work/ozone/ozone/hadoop-ozone/integration-test/target/test-dir/MiniOzoneClusterImpl-6deba204-2b0e-4ddb-90bc-390c46dd618c/datanode-1/data/ratis/1212e58b-041a-4ef3-8e12-330311c9efb9/current/log_inprogress_0
2023-10-17 18:43:38,086 [2fe2737e-f7a8-402d-9eba-e541e9952274-server-thread1] INFO  ratis.XceiverServerRatis (XceiverServerRatis.java:handleLeaderChangedNotification(902)) - Leader change notification received for group: group-330311C9EFB9 with new leaderId: 50f74f38-5546-481b-9021-1f540e3c531d
2023-10-17 18:43:38,086 [2fe2737e-f7a8-402d-9eba-e541e9952274-server-thread1] INFO  server.RaftServer$Division (ServerState.java:setLeader(317)) - 2fe2737e-f7a8-402d-9eba-e541e9952274@group-330311C9EFB9: change Leader from null to 50f74f38-5546-481b-9021-1f540e3c531d at term 1 for appendEntries, leader elected after 5289ms
2023-10-17 18:43:38,098 [2fe2737e-f7a8-402d-9eba-e541e9952274-server-thread1] INFO  server.RaftServer$Division (ServerState.java:setRaftConf(434)) - 2fe2737e-f7a8-402d-9eba-e541e9952274@group-330311C9EFB9: set configuration 0: peers:[50f74f38-5546-481b-9021-1f540e3c531d|rpc:10.1.0.25:15084|admin:10.1.0.25:15083|client:10.1.0.25:15082|dataStream:10.1.0.25:15085|priority:1|startupRole:FOLLOWER, 2730903f-e14d-4dbf-85f1-555db1c02b78|rpc:10.1.0.25:15075|admin:10.1.0.25:15074|client:10.1.0.25:15073|dataStream:10.1.0.25:15076|priority:0|startupRole:FOLLOWER, 2fe2737e-f7a8-402d-9eba-e541e9952274|rpc:10.1.0.25:15066|admin:10.1.0.25:15065|client:10.1.0.25:15064|dataStream:10.1.0.25:15067|priority:0|startupRole:FOLLOWER]|listeners:[], old=null
2023-10-17 18:43:38,098 [2fe2737e-f7a8-402d-9eba-e541e9952274-server-thread1] INFO  segmented.SegmentedRaftLogWorker (SegmentedRaftLogWorker.java:startLogSegment(447)) - 2fe2737e-f7a8-402d-9eba-e541e9952274@group-330311C9EFB9-SegmentedRaftLogWorker: Starting segment from index:0
2023-10-17 18:43:38,102 [2fe2737e-f7a8-402d-9eba-e541e9952274@group-330311C9EFB9-SegmentedRaftLogWorker] INFO  segmented.SegmentedRaftLogWorker (SegmentedRaftLogWorker.java:execute(651)) - 2fe2737e-f7a8-402d-9eba-e541e9952274@group-330311C9EFB9-SegmentedRaftLogWorker: created new log segment /home/runner/work/ozone/ozone/hadoop-ozone/integration-test/target/test-dir/MiniOzoneClusterImpl-6deba204-2b0e-4ddb-90bc-390c46dd618c/datanode-0/data/ratis/1212e58b-041a-4ef3-8e12-330311c9efb9/current/log_inprogress_0
2023-10-17 18:43:38,116 [2730903f-e14d-4dbf-85f1-555db1c02b78@group-672CC4CC8829-FollowerState] INFO  impl.FollowerState (FollowerState.java:run(143)) - 2730903f-e14d-4dbf-85f1-555db1c02b78@group-672CC4CC8829-FollowerState: change to CANDIDATE, lastRpcElapsedTime:5130454637ns, electionTimeout:5129ms
2023-10-17 18:43:38,117 [2730903f-e14d-4dbf-85f1-555db1c02b78@group-672CC4CC8829-FollowerState] INFO  impl.RoleInfo (RoleInfo.java:shutdownFollowerState(110)) - 2730903f-e14d-4dbf-85f1-555db1c02b78: shutdown 2730903f-e14d-4dbf-85f1-555db1c02b78@group-672CC4CC8829-FollowerState
2023-10-17 18:43:38,117 [2730903f-e14d-4dbf-85f1-555db1c02b78@group-672CC4CC8829-FollowerState] INFO  server.RaftServer$Division (RaftServerImpl.java:setRole(329)) - 2730903f-e14d-4dbf-85f1-555db1c02b78@group-672CC4CC8829: changes role from  FOLLOWER to CANDIDATE at term 0 for changeToCandidate
2023-10-17 18:43:38,117 [2730903f-e14d-4dbf-85f1-555db1c02b78@group-672CC4CC8829-FollowerState] INFO  server.RaftServerConfigKeys (ConfUtils.java:logGet(46)) - raft.server.leaderelection.pre-vote = true (default)
2023-10-17 18:43:38,117 [2730903f-e14d-4dbf-85f1-555db1c02b78@group-672CC4CC8829-FollowerState] INFO  impl.RoleInfo (RoleInfo.java:updateAndGet(139)) - 2730903f-e14d-4dbf-85f1-555db1c02b78: start 2730903f-e14d-4dbf-85f1-555db1c02b78@group-672CC4CC8829-LeaderElection16
2023-10-17 18:43:38,118 [2730903f-e14d-4dbf-85f1-555db1c02b78@group-672CC4CC8829-LeaderElection16] INFO  impl.LeaderElection (LeaderElection.java:askForVotes(321)) - 2730903f-e14d-4dbf-85f1-555db1c02b78@group-672CC4CC8829-LeaderElection16 PRE_VOTE round 0: submit vote requests at term 0 for -1: peers:[2730903f-e14d-4dbf-85f1-555db1c02b78|rpc:10.1.0.25:15075|admin:10.1.0.25:15074|client:10.1.0.25:15073|dataStream:10.1.0.25:15076|priority:1|startupRole:FOLLOWER]|listeners:[], old=null
2023-10-17 18:43:38,118 [2730903f-e14d-4dbf-85f1-555db1c02b78@group-672CC4CC8829-LeaderElection16] INFO  impl.LeaderElection (LeaderElection.java:askForVotes(323)) - 2730903f-e14d-4dbf-85f1-555db1c02b78@group-672CC4CC8829-LeaderElection16 PRE_VOTE round 0: result PASSED (term=0)
2023-10-17 18:43:38,120 [2730903f-e14d-4dbf-85f1-555db1c02b78@group-672CC4CC8829-LeaderElection16] INFO  impl.LeaderElection (LeaderElection.java:askForVotes(321)) - 2730903f-e14d-4dbf-85f1-555db1c02b78@group-672CC4CC8829-LeaderElection16 ELECTION round 0: submit vote requests at term 1 for -1: peers:[2730903f-e14d-4dbf-85f1-555db1c02b78|rpc:10.1.0.25:15075|admin:10.1.0.25:15074|client:10.1.0.25:15073|dataStream:10.1.0.25:15076|priority:1|startupRole:FOLLOWER]|listeners:[], old=null
2023-10-17 18:43:38,120 [2730903f-e14d-4dbf-85f1-555db1c02b78@group-672CC4CC8829-LeaderElection16] INFO  impl.LeaderElection (LeaderElection.java:askForVotes(323)) - 2730903f-e14d-4dbf-85f1-555db1c02b78@group-672CC4CC8829-LeaderElection16 ELECTION round 0: result PASSED (term=1)
2023-10-17 18:43:38,120 [2730903f-e14d-4dbf-85f1-555db1c02b78@group-672CC4CC8829-LeaderElection16] INFO  impl.RoleInfo (RoleInfo.java:shutdownLeaderElection(130)) - 2730903f-e14d-4dbf-85f1-555db1c02b78: shutdown 2730903f-e14d-4dbf-85f1-555db1c02b78@group-672CC4CC8829-LeaderElection16
2023-10-17 18:43:38,120 [2730903f-e14d-4dbf-85f1-555db1c02b78@group-672CC4CC8829-LeaderElection16] INFO  server.RaftServer$Division (RaftServerImpl.java:setRole(329)) - 2730903f-e14d-4dbf-85f1-555db1c02b78@group-672CC4CC8829: changes role from CANDIDATE to LEADER at term 1 for changeToLeader
2023-10-17 18:43:38,120 [2730903f-e14d-4dbf-85f1-555db1c02b78@group-672CC4CC8829-LeaderElection16] INFO  ratis.XceiverServerRatis (XceiverServerRatis.java:handleLeaderChangedNotification(902)) - Leader change notification received for group: group-672CC4CC8829 with new leaderId: 2730903f-e14d-4dbf-85f1-555db1c02b78
2023-10-17 18:43:38,120 [2730903f-e14d-4dbf-85f1-555db1c02b78@group-672CC4CC8829-LeaderElection16] INFO  server.RaftServer$Division (ServerState.java:setLeader(317)) - 2730903f-e14d-4dbf-85f1-555db1c02b78@group-672CC4CC8829: change Leader from null to 2730903f-e14d-4dbf-85f1-555db1c02b78 at term 1 for becomeLeader, leader elected after 5201ms
2023-10-17 18:43:38,120 [2730903f-e14d-4dbf-85f1-555db1c02b78@group-672CC4CC8829-LeaderElection16] INFO  server.RaftServerConfigKeys (ConfUtils.java:logGet(46)) - raft.server.staging.catchup.gap = 1000 (default)
2023-10-17 18:43:38,121 [2730903f-e14d-4dbf-85f1-555db1c02b78@group-672CC4CC8829-LeaderElection16] INFO  server.RaftServerConfigKeys (ConfUtils.java:logGet(46)) - raft.server.write.element-limit = 1024 (custom)
2023-10-17 18:43:38,121 [2730903f-e14d-4dbf-85f1-555db1c02b78@group-672CC4CC8829-LeaderElection16] INFO  server.RaftServerConfigKeys (ConfUtils.java:logGet(46)) - raft.server.write.byte-limit = 1024 M (=1073741824) (custom)
2023-10-17 18:43:38,121 [2730903f-e14d-4dbf-85f1-555db1c02b78@group-672CC4CC8829-LeaderElection16] INFO  server.RaftServerConfigKeys (ConfUtils.java:logGet(46)) - raft.server.watch.timeout = 180s (custom)
2023-10-17 18:43:38,122 [2730903f-e14d-4dbf-85f1-555db1c02b78@group-672CC4CC8829-LeaderElection16] INFO  server.RaftServerConfigKeys (ConfUtils.java:logGet(46)) - raft.server.watch.timeout.denomination = 1s (default)
2023-10-17 18:43:38,122 [2730903f-e14d-4dbf-85f1-555db1c02b78@group-672CC4CC8829-LeaderElection16] INFO  server.RaftServerConfigKeys (ConfUtils.java:logGet(46)) - raft.server.watch.element-limit = 65536 (default)
2023-10-17 18:43:38,122 [2730903f-e14d-4dbf-85f1-555db1c02b78@group-672CC4CC8829-LeaderElection16] INFO  server.RaftServerConfigKeys (ConfUtils.java:logGet(46)) - raft.server.write.element-limit = 1024 (custom)
2023-10-17 18:43:38,122 [2730903f-e14d-4dbf-85f1-555db1c02b78@group-672CC4CC8829-LeaderElection16] INFO  server.RaftServerConfigKeys (ConfUtils.java:logGet(46)) - raft.server.write.follower.gap.ratio.max = -1.0 (default)
2023-10-17 18:43:38,122 [2730903f-e14d-4dbf-85f1-555db1c02b78@group-672CC4CC8829-LeaderElection16] INFO  impl.RoleInfo (RoleInfo.java:updateAndGet(139)) - 2730903f-e14d-4dbf-85f1-555db1c02b78: start 2730903f-e14d-4dbf-85f1-555db1c02b78@group-672CC4CC8829-LeaderStateImpl
2023-10-17 18:43:38,122 [2730903f-e14d-4dbf-85f1-555db1c02b78@group-672CC4CC8829-LeaderElection16] INFO  segmented.SegmentedRaftLogWorker (SegmentedRaftLogWorker.java:startLogSegment(447)) - 2730903f-e14d-4dbf-85f1-555db1c02b78@group-672CC4CC8829-SegmentedRaftLogWorker: Starting segment from index:0
2023-10-17 18:43:38,122 [2730903f-e14d-4dbf-85f1-555db1c02b78@group-672CC4CC8829-LeaderElection16] INFO  server.RaftServer$Division (ServerState.java:setRaftConf(434)) - 2730903f-e14d-4dbf-85f1-555db1c02b78@group-672CC4CC8829: set configuration 0: peers:[2730903f-e14d-4dbf-85f1-555db1c02b78|rpc:10.1.0.25:15075|admin:10.1.0.25:15074|client:10.1.0.25:15073|dataStream:10.1.0.25:15076|priority:1|startupRole:FOLLOWER]|listeners:[], old=null
2023-10-17 18:43:38,124 [2730903f-e14d-4dbf-85f1-555db1c02b78@group-672CC4CC8829-SegmentedRaftLogWorker] INFO  segmented.SegmentedRaftLogWorker (SegmentedRaftLogWorker.java:execute(651)) - 2730903f-e14d-4dbf-85f1-555db1c02b78@group-672CC4CC8829-SegmentedRaftLogWorker: created new log segment /home/runner/work/ozone/ozone/hadoop-ozone/integration-test/target/test-dir/MiniOzoneClusterImpl-6deba204-2b0e-4ddb-90bc-390c46dd618c/datanode-1/data/ratis/0b7365ae-495e-405b-a7a2-672cc4cc8829/current/log_inprogress_0
2023-10-17 18:43:38,193 [Time-limited test] INFO  ozone.MiniOzoneClusterImpl (MiniOzoneClusterImpl.java:lambda$waitForClusterToBeReady$0(229)) - Nodes are ready. Got 3 of 3 DN Heartbeats.
2023-10-17 18:43:38,193 [Time-limited test] INFO  ozone.MiniOzoneClusterImpl (MiniOzoneClusterImpl.java:lambda$waitForClusterToBeReady$0(232)) - Cluster exits safe mode
2023-10-17 18:43:38,193 [Time-limited test] INFO  ozone.MiniOzoneClusterImpl (MiniOzoneClusterImpl.java:lambda$waitForClusterToBeReady$0(234)) - SCM became leader
2023-10-17 18:43:38,193 [Time-limited test] WARN  server.ServerUtils (ServerUtils.java:getScmDbDir(155)) - ozone.scm.db.dirs is not configured. We recommend adding this setting. Falling back to ozone.metadata.dirs instead.
2023-10-17 18:43:38,194 [Time-limited test] INFO  ha.SCMHANodeDetails (SCMHANodeDetails.java:loadSCMHAConfig(210)) - ServiceID for StorageContainerManager is null
2023-10-17 18:43:38,194 [Time-limited test] INFO  ha.SCMHANodeDetails (SCMHANodeDetails.java:loadSCMHAConfig(215)) - ozone.scm.default.service.id is not defined, falling back to ozone.scm.service.ids to find serviceID for StorageContainerManager if it is HA enabled cluster
2023-10-17 18:43:38,194 [Time-limited test] INFO  upgrade.AbstractLayoutVersionManager (AbstractLayoutVersionManager.java:init(83)) - Initializing Layout version manager with metadata layout = HADOOP_PRC_PORTS_IN_DATANODEDETAILS (version = 7), software layout = HADOOP_PRC_PORTS_IN_DATANODEDETAILS (version = 7)
2023-10-17 18:43:38,195 [Time-limited test] INFO  server.StorageContainerManager (StorageContainerManager.java:scmInit(1323)) - SCM already initialized. Reusing existing cluster id for sd=/home/runner/work/ozone/ozone/hadoop-ozone/integration-test/target/test-dir/MiniOzoneClusterImpl-6deba204-2b0e-4ddb-90bc-390c46dd618c/ozone-meta/scm;cid=6deba204-2b0e-4ddb-90bc-390c46dd618c; layoutVersion=7; HAEnabled=false
2023-10-17 18:43:38,195 [Time-limited test] WARN  server.ServerUtils (ServerUtils.java:getScmDbDir(155)) - ozone.scm.db.dirs is not configured. We recommend adding this setting. Falling back to ozone.metadata.dirs instead.
2023-10-17 18:43:38,195 [Time-limited test] INFO  ozone.MiniOzoneClusterImpl (MiniOzoneClusterImpl.java:shutdown(448)) - Shutting down the Mini Ozone Cluster
2023-10-17 18:43:38,195 [Time-limited test] INFO  ozone.MiniOzoneClusterImpl (MiniOzoneClusterImpl.java:stop(465)) - Stopping the Mini Ozone Cluster
2023-10-17 18:43:38,195 [Time-limited test] INFO  ozone.MiniOzoneClusterImpl (MiniOzoneClusterImpl.java:stopOM(556)) - Stopping the OzoneManager
2023-10-17 18:43:38,195 [Time-limited test] INFO  om.OzoneManager (OzoneManager.java:stop(2206)) - om1[localhost:15056]: Stopping Ozone Manager
2023-10-17 18:43:38,195 [Time-limited test] INFO  ipc.Server (Server.java:stop(3523)) - Stopping server on 15056
2023-10-17 18:43:38,202 [IPC Server Responder] INFO  ipc.Server (Server.java:run(1567)) - Stopping IPC Server Responder
2023-10-17 18:43:38,202 [IPC Server listener on 15056] INFO  ipc.Server (Server.java:run(1434)) - Stopping IPC Server listener on 15056
2023-10-17 18:43:38,203 [Time-limited test] INFO  server.RaftServer (RaftServerProxy.java:lambda$close$6(416)) - om1: close
2023-10-17 18:43:38,203 [Time-limited test] INFO  server.GrpcService (GrpcService.java:closeImpl(311)) - om1: shutdown server GrpcServerProtocolService now
2023-10-17 18:43:38,203 [om1-impl-thread1] INFO  server.RaftServer$Division (RaftServerImpl.java:lambda$close$4(466)) - om1@group-C5BA1605619E: shutdown
2023-10-17 18:43:38,203 [om1-impl-thread1] INFO  util.JmxRegister (JmxRegister.java:unregister(73)) - Successfully un-registered JMX Bean with object name Ratis:service=RaftServer,group=group-C5BA1605619E,id=om1
2023-10-17 18:43:38,203 [om1-impl-thread1] INFO  impl.RoleInfo (RoleInfo.java:shutdownLeaderState(93)) - om1: shutdown om1@group-C5BA1605619E-LeaderStateImpl
2023-10-17 18:43:38,204 [om1-impl-thread1] INFO  impl.PendingRequests (PendingRequests.java:sendNotLeaderResponses(289)) - om1@group-C5BA1605619E-PendingRequests: sendNotLeaderResponses
2023-10-17 18:43:38,204 [om1-impl-thread1] INFO  impl.StateMachineUpdater (StateMachineUpdater.java:stopAndJoin(155)) - om1@group-C5BA1605619E-StateMachineUpdater: set stopIndex = 0
2023-10-17 18:43:38,204 [Time-limited test] INFO  server.GrpcService (GrpcService.java:closeImpl(320)) - om1: shutdown server GrpcServerProtocolService successfully
2023-10-17 18:43:38,204 [om1@group-C5BA1605619E-StateMachineUpdater] INFO  ratis.OzoneManagerStateMachine (OzoneManagerStateMachine.java:takeSnapshot(483)) - Current Snapshot Index (t:1, i:0)
2023-10-17 18:43:38,215 [om1@group-C5BA1605619E-StateMachineUpdater] INFO  impl.StateMachineUpdater (StateMachineUpdater.java:takeSnapshot(291)) - om1@group-C5BA1605619E-StateMachineUpdater: Took a snapshot at index 0
2023-10-17 18:43:38,216 [om1@group-C5BA1605619E-StateMachineUpdater] INFO  impl.StateMachineUpdater (StateMachineUpdater.java:lambda$new$0(97)) - om1@group-C5BA1605619E-StateMachineUpdater: snapshotIndex: updateIncreasingly -1 -> 0
2023-10-17 18:43:38,216 [om1@group-C5BA1605619E-StateMachineUpdater] INFO  ratis.OzoneManagerStateMachine (OzoneManagerStateMachine.java:close(537)) - StateMachine has shutdown. Shutdown OzoneManager if not already shutdown.
2023-10-17 18:43:38,216 [om1@group-C5BA1605619E-StateMachineUpdater] INFO  ratis.OzoneManagerDoubleBuffer (OzoneManagerDoubleBuffer.java:stopDaemon(551)) - Stopping OMDoubleBuffer flush thread
2023-10-17 18:43:38,216 [OMDoubleBufferFlushThread] INFO  ratis.OzoneManagerDoubleBuffer (OzoneManagerDoubleBuffer.java:canFlush(638)) - OMDoubleBuffer flush thread OMDoubleBufferFlushThread is interrupted and will exit.
2023-10-17 18:43:38,220 [om1-impl-thread1] INFO  server.RaftServer$Division (ServerState.java:close(472)) - om1@group-C5BA1605619E: closes. applyIndex: 0
2023-10-17 18:43:38,305 [50f74f38-5546-481b-9021-1f540e3c531d@group-7A0531F17D6A-FollowerState] INFO  impl.FollowerState (FollowerState.java:run(143)) - 50f74f38-5546-481b-9021-1f540e3c531d@group-7A0531F17D6A-FollowerState: change to CANDIDATE, lastRpcElapsedTime:5098108615ns, electionTimeout:5097ms
2023-10-17 18:43:38,305 [50f74f38-5546-481b-9021-1f540e3c531d@group-7A0531F17D6A-FollowerState] INFO  impl.RoleInfo (RoleInfo.java:shutdownFollowerState(110)) - 50f74f38-5546-481b-9021-1f540e3c531d: shutdown 50f74f38-5546-481b-9021-1f540e3c531d@group-7A0531F17D6A-FollowerState
2023-10-17 18:43:38,305 [50f74f38-5546-481b-9021-1f540e3c531d@group-7A0531F17D6A-FollowerState] INFO  server.RaftServer$Division (RaftServerImpl.java:setRole(329)) - 50f74f38-5546-481b-9021-1f540e3c531d@group-7A0531F17D6A: changes role from  FOLLOWER to CANDIDATE at term 0 for changeToCandidate
2023-10-17 18:43:38,306 [50f74f38-5546-481b-9021-1f540e3c531d@group-7A0531F17D6A-FollowerState] INFO  server.RaftServerConfigKeys (ConfUtils.java:logGet(46)) - raft.server.leaderelection.pre-vote = true (default)
2023-10-17 18:43:38,306 [50f74f38-5546-481b-9021-1f540e3c531d@group-7A0531F17D6A-FollowerState] INFO  impl.RoleInfo (RoleInfo.java:updateAndGet(139)) - 50f74f38-5546-481b-9021-1f540e3c531d: start 50f74f38-5546-481b-9021-1f540e3c531d@group-7A0531F17D6A-LeaderElection17
2023-10-17 18:43:38,307 [50f74f38-5546-481b-9021-1f540e3c531d@group-7A0531F17D6A-LeaderElection17] INFO  impl.LeaderElection (LeaderElection.java:askForVotes(321)) - 50f74f38-5546-481b-9021-1f540e3c531d@group-7A0531F17D6A-LeaderElection17 PRE_VOTE round 0: submit vote requests at term 0 for -1: peers:[50f74f38-5546-481b-9021-1f540e3c531d|rpc:10.1.0.25:15084|admin:10.1.0.25:15083|client:10.1.0.25:15082|dataStream:10.1.0.25:15085|priority:1|startupRole:FOLLOWER]|listeners:[], old=null
2023-10-17 18:43:38,307 [50f74f38-5546-481b-9021-1f540e3c531d@group-7A0531F17D6A-LeaderElection17] INFO  impl.LeaderElection (LeaderElection.java:askForVotes(323)) - 50f74f38-5546-481b-9021-1f540e3c531d@group-7A0531F17D6A-LeaderElection17 PRE_VOTE round 0: result PASSED (term=0)
2023-10-17 18:43:38,308 [50f74f38-5546-481b-9021-1f540e3c531d@group-7A0531F17D6A-LeaderElection17] INFO  impl.LeaderElection (LeaderElection.java:askForVotes(321)) - 50f74f38-5546-481b-9021-1f540e3c531d@group-7A0531F17D6A-LeaderElection17 ELECTION round 0: submit vote requests at term 1 for -1: peers:[50f74f38-5546-481b-9021-1f540e3c531d|rpc:10.1.0.25:15084|admin:10.1.0.25:15083|client:10.1.0.25:15082|dataStream:10.1.0.25:15085|priority:1|startupRole:FOLLOWER]|listeners:[], old=null
2023-10-17 18:43:38,308 [50f74f38-5546-481b-9021-1f540e3c531d@group-7A0531F17D6A-LeaderElection17] INFO  impl.LeaderElection (LeaderElection.java:askForVotes(323)) - 50f74f38-5546-481b-9021-1f540e3c531d@group-7A0531F17D6A-LeaderElection17 ELECTION round 0: result PASSED (term=1)
2023-10-17 18:43:38,308 [50f74f38-5546-481b-9021-1f540e3c531d@group-7A0531F17D6A-LeaderElection17] INFO  impl.RoleInfo (RoleInfo.java:shutdownLeaderElection(130)) - 50f74f38-5546-481b-9021-1f540e3c531d: shutdown 50f74f38-5546-481b-9021-1f540e3c531d@group-7A0531F17D6A-LeaderElection17
2023-10-17 18:43:38,308 [50f74f38-5546-481b-9021-1f540e3c531d@group-7A0531F17D6A-LeaderElection17] INFO  server.RaftServer$Division (RaftServerImpl.java:setRole(329)) - 50f74f38-5546-481b-9021-1f540e3c531d@group-7A0531F17D6A: changes role from CANDIDATE to LEADER at term 1 for changeToLeader
2023-10-17 18:43:38,308 [50f74f38-5546-481b-9021-1f540e3c531d@group-7A0531F17D6A-LeaderElection17] INFO  ratis.XceiverServerRatis (XceiverServerRatis.java:handleLeaderChangedNotification(902)) - Leader change notification received for group: group-7A0531F17D6A with new leaderId: 50f74f38-5546-481b-9021-1f540e3c531d
2023-10-17 18:43:38,309 [50f74f38-5546-481b-9021-1f540e3c531d@group-7A0531F17D6A-LeaderElection17] INFO  server.RaftServer$Division (ServerState.java:setLeader(317)) - 50f74f38-5546-481b-9021-1f540e3c531d@group-7A0531F17D6A: change Leader from null to 50f74f38-5546-481b-9021-1f540e3c531d at term 1 for becomeLeader, leader elected after 5114ms
2023-10-17 18:43:38,309 [50f74f38-5546-481b-9021-1f540e3c531d@group-7A0531F17D6A-LeaderElection17] INFO  server.RaftServerConfigKeys (ConfUtils.java:logGet(46)) - raft.server.staging.catchup.gap = 1000 (default)
2023-10-17 18:43:38,309 [50f74f38-5546-481b-9021-1f540e3c531d@group-7A0531F17D6A-LeaderElection17] INFO  server.RaftServerConfigKeys (ConfUtils.java:logGet(46)) - raft.server.write.element-limit = 1024 (custom)
2023-10-17 18:43:38,309 [50f74f38-5546-481b-9021-1f540e3c531d@group-7A0531F17D6A-LeaderElection17] INFO  server.RaftServerConfigKeys (ConfUtils.java:logGet(46)) - raft.server.write.byte-limit = 1024 M (=1073741824) (custom)
2023-10-17 18:43:38,310 [50f74f38-5546-481b-9021-1f540e3c531d@group-7A0531F17D6A-LeaderElection17] INFO  server.RaftServerConfigKeys (ConfUtils.java:logGet(46)) - raft.server.watch.timeout = 180s (custom)
2023-10-17 18:43:38,310 [50f74f38-5546-481b-9021-1f540e3c531d@group-7A0531F17D6A-LeaderElection17] INFO  server.RaftServerConfigKeys (ConfUtils.java:logGet(46)) - raft.server.watch.timeout.denomination = 1s (default)
2023-10-17 18:43:38,310 [50f74f38-5546-481b-9021-1f540e3c531d@group-7A0531F17D6A-LeaderElection17] INFO  server.RaftServerConfigKeys (ConfUtils.java:logGet(46)) - raft.server.watch.element-limit = 65536 (default)
2023-10-17 18:43:38,310 [50f74f38-5546-481b-9021-1f540e3c531d@group-7A0531F17D6A-LeaderElection17] INFO  server.RaftServerConfigKeys (ConfUtils.java:logGet(46)) - raft.server.write.element-limit = 1024 (custom)
2023-10-17 18:43:38,310 [50f74f38-5546-481b-9021-1f540e3c531d@group-7A0531F17D6A-LeaderElection17] INFO  server.RaftServerConfigKeys (ConfUtils.java:logGet(46)) - raft.server.write.follower.gap.ratio.max = -1.0 (default)
2023-10-17 18:43:38,310 [50f74f38-5546-481b-9021-1f540e3c531d@group-7A0531F17D6A-LeaderElection17] INFO  impl.RoleInfo (RoleInfo.java:updateAndGet(139)) - 50f74f38-5546-481b-9021-1f540e3c531d: start 50f74f38-5546-481b-9021-1f540e3c531d@group-7A0531F17D6A-LeaderStateImpl
2023-10-17 18:43:38,310 [50f74f38-5546-481b-9021-1f540e3c531d@group-7A0531F17D6A-LeaderElection17] INFO  segmented.SegmentedRaftLogWorker (SegmentedRaftLogWorker.java:startLogSegment(447)) - 50f74f38-5546-481b-9021-1f540e3c531d@group-7A0531F17D6A-SegmentedRaftLogWorker: Starting segment from index:0
2023-10-17 18:43:38,311 [50f74f38-5546-481b-9021-1f540e3c531d@group-7A0531F17D6A-LeaderElection17] INFO  server.RaftServer$Division (ServerState.java:setRaftConf(434)) - 50f74f38-5546-481b-9021-1f540e3c531d@group-7A0531F17D6A: set configuration 0: peers:[50f74f38-5546-481b-9021-1f540e3c531d|rpc:10.1.0.25:15084|admin:10.1.0.25:15083|client:10.1.0.25:15082|dataStream:10.1.0.25:15085|priority:1|startupRole:FOLLOWER]|listeners:[], old=null
2023-10-17 18:43:38,312 [50f74f38-5546-481b-9021-1f540e3c531d@group-7A0531F17D6A-SegmentedRaftLogWorker] INFO  segmented.SegmentedRaftLogWorker (SegmentedRaftLogWorker.java:execute(651)) - 50f74f38-5546-481b-9021-1f540e3c531d@group-7A0531F17D6A-SegmentedRaftLogWorker: created new log segment /home/runner/work/ozone/ozone/hadoop-ozone/integration-test/target/test-dir/MiniOzoneClusterImpl-6deba204-2b0e-4ddb-90bc-390c46dd618c/datanode-2/data/ratis/3e6c4a77-871c-4fa4-ac2b-7a0531f17d6a/current/log_inprogress_0
2023-10-17 18:43:38,374 [om1-impl-thread1] INFO  segmented.SegmentedRaftLogWorker (SegmentedRaftLogWorker.java:close(252)) - om1@group-C5BA1605619E-SegmentedRaftLogWorker close()
2023-10-17 18:43:38,376 [JvmPauseMonitor9] INFO  util.JvmPauseMonitor (JvmPauseMonitor.java:run(109)) - JvmPauseMonitor-om1: Stopped
2023-10-17 18:43:38,376 [Time-limited test] INFO  ratis.OzoneManagerStateMachine (OzoneManagerStateMachine.java:close(537)) - StateMachine has shutdown. Shutdown OzoneManager if not already shutdown.
2023-10-17 18:43:38,376 [Time-limited test] INFO  ratis.OzoneManagerDoubleBuffer (OzoneManagerDoubleBuffer.java:stopDaemon(560)) - OMDoubleBuffer flush thread is not running.
2023-10-17 18:43:38,376 [Time-limited test] INFO  utils.BackgroundService (BackgroundService.java:shutdown(160)) - Shutting down service KeyDeletingService
2023-10-17 18:43:38,376 [Time-limited test] INFO  utils.BackgroundService (BackgroundService.java:shutdown(160)) - Shutting down service KeyDeletingService
2023-10-17 18:43:38,377 [Time-limited test] INFO  utils.BackgroundService (BackgroundService.java:shutdown(160)) - Shutting down service OpenKeyCleanupService
2023-10-17 18:43:38,377 [Time-limited test] INFO  utils.BackgroundService (BackgroundService.java:shutdown(160)) - Shutting down service SstFilteringService
2023-10-17 18:43:38,378 [Time-limited test] INFO  utils.BackgroundService (BackgroundService.java:shutdown(160)) - Shutting down service SnapshotDeletingService
2023-10-17 18:43:38,378 [Time-limited test] INFO  utils.BackgroundService (BackgroundService.java:shutdown(160)) - Shutting down service MultipartUploadCleanupService
2023-10-17 18:43:38,378 [Time-limited test] INFO  handler.ContextHandler (ContextHandler.java:doStop(1159)) - Stopped o.e.j.w.WebAppContext@5e32045d{ozoneManager,/,null,STOPPED}{file:/home/runner/work/ozone/ozone/hadoop-ozone/integration-test/target/test-classes/webapps/ozoneManager}
2023-10-17 18:43:38,381 [Time-limited test] INFO  server.AbstractConnector (AbstractConnector.java:doStop(383)) - Stopped ServerConnector@417abdfc{HTTP/1.1, (http/1.1)}{0.0.0.0:15057}
2023-10-17 18:43:38,381 [Time-limited test] INFO  server.session (HouseKeeper.java:stopScavenging(149)) - node0 Stopped scavenging
2023-10-17 18:43:38,381 [Time-limited test] INFO  handler.ContextHandler (ContextHandler.java:doStop(1159)) - Stopped o.e.j.s.ServletContextHandler@74a4e507{static,/static,file:///home/runner/work/ozone/ozone/hadoop-ozone/integration-test/target/test-classes/webapps/static,STOPPED}
2023-10-17 18:43:38,381 [Time-limited test] INFO  handler.ContextHandler (ContextHandler.java:doStop(1159)) - Stopped o.e.j.s.ServletContextHandler@2e7bbf86{logs,/logs,file:///home/runner/work/ozone/ozone/hadoop-ozone/integration-test/target/log,STOPPED}
2023-10-17 18:43:38,382 [Time-limited test] INFO  rocksdiff.RocksDBCheckpointDiffer (RocksDBCheckpointDiffer.java:close(312)) - Shutting down CompactionDagPruningService.
2023-10-17 18:43:38,384 [Time-limited test] INFO  snapshot.SnapshotDiffManager (SnapshotDiffManager.java:closeExecutorService(1720)) - Shutting down executorService: 'SnapDiffExecutor'
2023-10-17 18:43:38,384 [Time-limited test] INFO  snapshot.SnapshotDiffManager (SnapshotDiffManager.java:closeExecutorService(1720)) - Shutting down executorService: 'SstDumpToolExecutor'
2023-10-17 18:43:38,385 [Time-limited test] INFO  utils.BackgroundService (BackgroundService.java:shutdown(160)) - Shutting down service SnapshotDiffCleanupService
2023-10-17 18:43:38,386 [Time-limited test] INFO  ozone.MiniOzoneClusterImpl (MiniOzoneClusterImpl.java:stopDatanodes(533)) - Stopping the HddsDatanodes
2023-10-17 18:43:38,390 [Time-limited test] INFO  ozoneimpl.OzoneContainer (OzoneContainer.java:stop(453)) - Attempting to stop container services.
2023-10-17 18:43:38,391 [Time-limited test] INFO  server.RaftServer (RaftServerProxy.java:lambda$close$6(416)) - 2730903f-e14d-4dbf-85f1-555db1c02b78: close
2023-10-17 18:43:38,391 [2730903f-e14d-4dbf-85f1-555db1c02b78-impl-thread1] INFO  server.RaftServer$Division (RaftServerImpl.java:lambda$close$4(466)) - 2730903f-e14d-4dbf-85f1-555db1c02b78@group-330311C9EFB9: shutdown
2023-10-17 18:43:38,391 [2730903f-e14d-4dbf-85f1-555db1c02b78-impl-thread1] INFO  util.JmxRegister (JmxRegister.java:unregister(73)) - Successfully un-registered JMX Bean with object name Ratis:service=RaftServer,group=group-330311C9EFB9,id=2730903f-e14d-4dbf-85f1-555db1c02b78
2023-10-17 18:43:38,391 [2730903f-e14d-4dbf-85f1-555db1c02b78-impl-thread1] INFO  impl.RoleInfo (RoleInfo.java:shutdownFollowerState(110)) - 2730903f-e14d-4dbf-85f1-555db1c02b78: shutdown 2730903f-e14d-4dbf-85f1-555db1c02b78@group-330311C9EFB9-FollowerState
2023-10-17 18:43:38,393 [2730903f-e14d-4dbf-85f1-555db1c02b78-impl-thread1] INFO  impl.StateMachineUpdater (StateMachineUpdater.java:stopAndJoin(155)) - 2730903f-e14d-4dbf-85f1-555db1c02b78@group-330311C9EFB9-StateMachineUpdater: set stopIndex = -1
2023-10-17 18:43:38,393 [2730903f-e14d-4dbf-85f1-555db1c02b78@group-330311C9EFB9-FollowerState] INFO  impl.FollowerState (FollowerState.java:run(152)) - 2730903f-e14d-4dbf-85f1-555db1c02b78@group-330311C9EFB9-FollowerState was interrupted
2023-10-17 18:43:38,393 [2730903f-e14d-4dbf-85f1-555db1c02b78-impl-thread1] INFO  server.RaftServer$Division (ServerState.java:close(472)) - 2730903f-e14d-4dbf-85f1-555db1c02b78@group-330311C9EFB9: closes. applyIndex: -1
2023-10-17 18:43:38,394 [Time-limited test] INFO  server.GrpcService (GrpcService.java:closeImpl(311)) - 2730903f-e14d-4dbf-85f1-555db1c02b78: shutdown server org.apache.ratis.grpc.server.GrpcClientProtocolService now
2023-10-17 18:43:38,394 [2730903f-e14d-4dbf-85f1-555db1c02b78-impl-thread2] INFO  server.RaftServer$Division (RaftServerImpl.java:lambda$close$4(466)) - 2730903f-e14d-4dbf-85f1-555db1c02b78@group-672CC4CC8829: shutdown
2023-10-17 18:43:38,394 [2730903f-e14d-4dbf-85f1-555db1c02b78-impl-thread2] INFO  util.JmxRegister (JmxRegister.java:unregister(73)) - Successfully un-registered JMX Bean with object name Ratis:service=RaftServer,group=group-672CC4CC8829,id=2730903f-e14d-4dbf-85f1-555db1c02b78
2023-10-17 18:43:38,394 [2730903f-e14d-4dbf-85f1-555db1c02b78-impl-thread2] INFO  impl.RoleInfo (RoleInfo.java:shutdownLeaderState(93)) - 2730903f-e14d-4dbf-85f1-555db1c02b78: shutdown 2730903f-e14d-4dbf-85f1-555db1c02b78@group-672CC4CC8829-LeaderStateImpl
2023-10-17 18:43:38,395 [2730903f-e14d-4dbf-85f1-555db1c02b78-impl-thread2] INFO  impl.PendingRequests (PendingRequests.java:sendNotLeaderResponses(289)) - 2730903f-e14d-4dbf-85f1-555db1c02b78@group-672CC4CC8829-PendingRequests: sendNotLeaderResponses
2023-10-17 18:43:38,395 [2730903f-e14d-4dbf-85f1-555db1c02b78-impl-thread2] INFO  impl.StateMachineUpdater (StateMachineUpdater.java:stopAndJoin(155)) - 2730903f-e14d-4dbf-85f1-555db1c02b78@group-672CC4CC8829-StateMachineUpdater: set stopIndex = 0
2023-10-17 18:43:38,396 [2730903f-e14d-4dbf-85f1-555db1c02b78@group-672CC4CC8829-StateMachineUpdater] INFO  ratis.ContainerStateMachine (ContainerStateMachine.java:takeSnapshot(330)) - group-672CC4CC8829: Taking a snapshot at:(t:1, i:0) file /home/runner/work/ozone/ozone/hadoop-ozone/integration-test/target/test-dir/MiniOzoneClusterImpl-6deba204-2b0e-4ddb-90bc-390c46dd618c/datanode-1/data/ratis/0b7365ae-495e-405b-a7a2-672cc4cc8829/sm/snapshot.1_0
2023-10-17 18:43:38,396 [2730903f-e14d-4dbf-85f1-555db1c02b78-impl-thread3] INFO  server.RaftServer$Division (RaftServerImpl.java:lambda$close$4(466)) - 2730903f-e14d-4dbf-85f1-555db1c02b78@group-A9D15CF5A95C: shutdown
2023-10-17 18:43:38,396 [2730903f-e14d-4dbf-85f1-555db1c02b78-impl-thread3] INFO  util.JmxRegister (JmxRegister.java:unregister(73)) - Successfully un-registered JMX Bean with object name Ratis:service=RaftServer,group=group-A9D15CF5A95C,id=2730903f-e14d-4dbf-85f1-555db1c02b78
2023-10-17 18:43:38,397 [2730903f-e14d-4dbf-85f1-555db1c02b78@group-672CC4CC8829-StateMachineUpdater] INFO  ratis.ContainerStateMachine (ContainerStateMachine.java:takeSnapshot(341)) - group-672CC4CC8829: Finished taking a snapshot at:(t:1, i:0) file:/home/runner/work/ozone/ozone/hadoop-ozone/integration-test/target/test-dir/MiniOzoneClusterImpl-6deba204-2b0e-4ddb-90bc-390c46dd618c/datanode-1/data/ratis/0b7365ae-495e-405b-a7a2-672cc4cc8829/sm/snapshot.1_0 took: 1 ms
2023-10-17 18:43:38,399 [2730903f-e14d-4dbf-85f1-555db1c02b78-impl-thread3] INFO  impl.RoleInfo (RoleInfo.java:shutdownFollowerState(110)) - 2730903f-e14d-4dbf-85f1-555db1c02b78: shutdown 2730903f-e14d-4dbf-85f1-555db1c02b78@group-A9D15CF5A95C-FollowerState
2023-10-17 18:43:38,399 [2730903f-e14d-4dbf-85f1-555db1c02b78@group-672CC4CC8829-StateMachineUpdater] INFO  impl.StateMachineUpdater (StateMachineUpdater.java:takeSnapshot(291)) - 2730903f-e14d-4dbf-85f1-555db1c02b78@group-672CC4CC8829-StateMachineUpdater: Took a snapshot at index 0
2023-10-17 18:43:38,399 [2730903f-e14d-4dbf-85f1-555db1c02b78@group-672CC4CC8829-StateMachineUpdater] INFO  impl.StateMachineUpdater (StateMachineUpdater.java:lambda$new$0(97)) - 2730903f-e14d-4dbf-85f1-555db1c02b78@group-672CC4CC8829-StateMachineUpdater: snapshotIndex: updateIncreasingly -1 -> 0
2023-10-17 18:43:38,399 [2730903f-e14d-4dbf-85f1-555db1c02b78-impl-thread2] INFO  server.RaftServer$Division (ServerState.java:close(472)) - 2730903f-e14d-4dbf-85f1-555db1c02b78@group-672CC4CC8829: closes. applyIndex: 0
2023-10-17 18:43:38,399 [2730903f-e14d-4dbf-85f1-555db1c02b78-impl-thread3] INFO  impl.StateMachineUpdater (StateMachineUpdater.java:stopAndJoin(155)) - 2730903f-e14d-4dbf-85f1-555db1c02b78@group-A9D15CF5A95C-StateMachineUpdater: set stopIndex = -1
2023-10-17 18:43:38,399 [ForkJoinPool.commonPool-worker-2] INFO  ozoneimpl.OzoneContainer (OzoneContainer.java:stop(453)) - Attempting to stop container services.
2023-10-17 18:43:38,400 [Thread-1131] INFO  server.GrpcServerProtocolClient (GrpcServerProtocolClient.java:close(103)) - 50f74f38-5546-481b-9021-1f540e3c531d Close channels
2023-10-17 18:43:38,400 [ForkJoinPool.commonPool-worker-2] INFO  server.RaftServer (RaftServerProxy.java:lambda$close$6(416)) - 2fe2737e-f7a8-402d-9eba-e541e9952274: close
2023-10-17 18:43:38,400 [2730903f-e14d-4dbf-85f1-555db1c02b78@group-A9D15CF5A95C-FollowerState] INFO  impl.FollowerState (FollowerState.java:run(152)) - 2730903f-e14d-4dbf-85f1-555db1c02b78@group-A9D15CF5A95C-FollowerState was interrupted
2023-10-17 18:43:38,400 [2fe2737e-f7a8-402d-9eba-e541e9952274-impl-thread1] INFO  server.RaftServer$Division (RaftServerImpl.java:lambda$close$4(466)) - 2fe2737e-f7a8-402d-9eba-e541e9952274@group-330311C9EFB9: shutdown
2023-10-17 18:43:38,400 [2730903f-e14d-4dbf-85f1-555db1c02b78-impl-thread3] INFO  server.RaftServer$Division (ServerState.java:close(472)) - 2730903f-e14d-4dbf-85f1-555db1c02b78@group-A9D15CF5A95C: closes. applyIndex: -1
2023-10-17 18:43:38,401 [2fe2737e-f7a8-402d-9eba-e541e9952274-impl-thread1] INFO  util.JmxRegister (JmxRegister.java:unregister(73)) - Successfully un-registered JMX Bean with object name Ratis:service=RaftServer,group=group-330311C9EFB9,id=2fe2737e-f7a8-402d-9eba-e541e9952274
2023-10-17 18:43:38,401 [Thread-1133] INFO  server.GrpcServerProtocolClient (GrpcServerProtocolClient.java:close(103)) - 2fe2737e-f7a8-402d-9eba-e541e9952274 Close channels
2023-10-17 18:43:38,401 [2fe2737e-f7a8-402d-9eba-e541e9952274-impl-thread1] INFO  impl.RoleInfo (RoleInfo.java:shutdownFollowerState(110)) - 2fe2737e-f7a8-402d-9eba-e541e9952274: shutdown 2fe2737e-f7a8-402d-9eba-e541e9952274@group-330311C9EFB9-FollowerState
2023-10-17 18:43:38,402 [2fe2737e-f7a8-402d-9eba-e541e9952274-impl-thread1] INFO  impl.StateMachineUpdater (StateMachineUpdater.java:stopAndJoin(155)) - 2fe2737e-f7a8-402d-9eba-e541e9952274@group-330311C9EFB9-StateMachineUpdater: set stopIndex = -1
2023-10-17 18:43:38,402 [2fe2737e-f7a8-402d-9eba-e541e9952274@group-330311C9EFB9-FollowerState] INFO  impl.FollowerState (FollowerState.java:run(152)) - 2fe2737e-f7a8-402d-9eba-e541e9952274@group-330311C9EFB9-FollowerState was interrupted
2023-10-17 18:43:38,402 [ForkJoinPool.commonPool-worker-2] INFO  server.GrpcService (GrpcService.java:closeImpl(311)) - 2fe2737e-f7a8-402d-9eba-e541e9952274: shutdown server org.apache.ratis.grpc.server.GrpcClientProtocolService now
2023-10-17 18:43:38,402 [2fe2737e-f7a8-402d-9eba-e541e9952274-impl-thread1] INFO  server.RaftServer$Division (ServerState.java:close(472)) - 2fe2737e-f7a8-402d-9eba-e541e9952274@group-330311C9EFB9: closes. applyIndex: -1
2023-10-17 18:43:38,402 [2fe2737e-f7a8-402d-9eba-e541e9952274-impl-thread3] INFO  server.RaftServer$Division (RaftServerImpl.java:lambda$close$4(466)) - 2fe2737e-f7a8-402d-9eba-e541e9952274@group-A9D15CF5A95C: shutdown
2023-10-17 18:43:38,402 [2fe2737e-f7a8-402d-9eba-e541e9952274-impl-thread3] INFO  util.JmxRegister (JmxRegister.java:unregister(73)) - Successfully un-registered JMX Bean with object name Ratis:service=RaftServer,group=group-A9D15CF5A95C,id=2fe2737e-f7a8-402d-9eba-e541e9952274
2023-10-17 18:43:38,402 [2fe2737e-f7a8-402d-9eba-e541e9952274-impl-thread3] INFO  impl.RoleInfo (RoleInfo.java:shutdownLeaderState(93)) - 2fe2737e-f7a8-402d-9eba-e541e9952274: shutdown 2fe2737e-f7a8-402d-9eba-e541e9952274@group-A9D15CF5A95C-LeaderStateImpl
2023-10-17 18:43:38,403 [2fe2737e-f7a8-402d-9eba-e541e9952274@group-A9D15CF5A95C->50f74f38-5546-481b-9021-1f540e3c531d-GrpcLogAppender-LogAppenderDaemon] WARN  server.GrpcLogAppender (GrpcLogAppender.java:mayWait(199)) - 2fe2737e-f7a8-402d-9eba-e541e9952274@group-A9D15CF5A95C->50f74f38-5546-481b-9021-1f540e3c531d-GrpcLogAppender: Wait interrupted by java.lang.InterruptedException
2023-10-17 18:43:38,403 [2fe2737e-f7a8-402d-9eba-e541e9952274@group-A9D15CF5A95C->2730903f-e14d-4dbf-85f1-555db1c02b78-GrpcLogAppender-LogAppenderDaemon] WARN  server.GrpcLogAppender (GrpcLogAppender.java:mayWait(199)) - 2fe2737e-f7a8-402d-9eba-e541e9952274@group-A9D15CF5A95C->2730903f-e14d-4dbf-85f1-555db1c02b78-GrpcLogAppender: Wait interrupted by java.lang.InterruptedException
2023-10-17 18:43:38,403 [2fe2737e-f7a8-402d-9eba-e541e9952274-impl-thread2] INFO  server.RaftServer$Division (RaftServerImpl.java:lambda$close$4(466)) - 2fe2737e-f7a8-402d-9eba-e541e9952274@group-47171A19FAC3: shutdown
2023-10-17 18:43:38,406 [grpc-default-executor-1] INFO  server.GrpcServerProtocolService (GrpcServerProtocolService.java:onCompleted(155)) - 50f74f38-5546-481b-9021-1f540e3c531d: Completed APPEND_ENTRIES, lastRequest: null
2023-10-17 18:43:38,412 [Thread-1136] INFO  server.GrpcServerProtocolClient (GrpcServerProtocolClient.java:close(103)) - 50f74f38-5546-481b-9021-1f540e3c531d Close channels
2023-10-17 18:43:38,403 [2fe2737e-f7a8-402d-9eba-e541e9952274-impl-thread3] INFO  impl.PendingRequests (PendingRequests.java:sendNotLeaderResponses(289)) - 2fe2737e-f7a8-402d-9eba-e541e9952274@group-A9D15CF5A95C-PendingRequests: sendNotLeaderResponses
2023-10-17 18:43:38,413 [grpc-default-executor-1] INFO  server.GrpcServerProtocolService (GrpcServerProtocolService.java:lambda$onCompleted$5(157)) - 50f74f38-5546-481b-9021-1f540e3c531d: Completed APPEND_ENTRIES, lastReply: serverReply {
  requestorId: "2fe2737e-f7a8-402d-9eba-e541e9952274"
  replyId: "50f74f38-5546-481b-9021-1f540e3c531d"
  raftGroupId {
    id: "\250\177.\213m\261L\223\263\340\251\321\\\365\251\\"
  }
  callId: 2
  success: true
}
term: 1
nextIndex: 1
followerCommit: 18446744073709551615
matchIndex: 18446744073709551615
isHearbeat: true

2023-10-17 18:43:38,412 [2fe2737e-f7a8-402d-9eba-e541e9952274-impl-thread2] INFO  util.JmxRegister (JmxRegister.java:unregister(73)) - Successfully un-registered JMX Bean with object name Ratis:service=RaftServer,group=group-47171A19FAC3,id=2fe2737e-f7a8-402d-9eba-e541e9952274
2023-10-17 18:43:38,413 [2fe2737e-f7a8-402d-9eba-e541e9952274-impl-thread3] INFO  impl.StateMachineUpdater (StateMachineUpdater.java:stopAndJoin(155)) - 2fe2737e-f7a8-402d-9eba-e541e9952274@group-A9D15CF5A95C-StateMachineUpdater: set stopIndex = 0
2023-10-17 18:43:38,413 [2fe2737e-f7a8-402d-9eba-e541e9952274-impl-thread2] INFO  impl.RoleInfo (RoleInfo.java:shutdownLeaderState(93)) - 2fe2737e-f7a8-402d-9eba-e541e9952274: shutdown 2fe2737e-f7a8-402d-9eba-e541e9952274@group-47171A19FAC3-LeaderStateImpl
2023-10-17 18:43:38,413 [2fe2737e-f7a8-402d-9eba-e541e9952274-impl-thread2] INFO  impl.PendingRequests (PendingRequests.java:sendNotLeaderResponses(289)) - 2fe2737e-f7a8-402d-9eba-e541e9952274@group-47171A19FAC3-PendingRequests: sendNotLeaderResponses
2023-10-17 18:43:38,413 [2fe2737e-f7a8-402d-9eba-e541e9952274@group-47171A19FAC3-StateMachineUpdater] INFO  ratis.ContainerStateMachine (ContainerStateMachine.java:takeSnapshot(330)) - group-47171A19FAC3: Taking a snapshot at:(t:1, i:0) file /home/runner/work/ozone/ozone/hadoop-ozone/integration-test/target/test-dir/MiniOzoneClusterImpl-6deba204-2b0e-4ddb-90bc-390c46dd618c/datanode-0/data/ratis/851d9a88-c1c5-45f1-8e64-47171a19fac3/sm/snapshot.1_0
2023-10-17 18:43:38,414 [2fe2737e-f7a8-402d-9eba-e541e9952274-impl-thread2] INFO  impl.StateMachineUpdater (StateMachineUpdater.java:stopAndJoin(155)) - 2fe2737e-f7a8-402d-9eba-e541e9952274@group-47171A19FAC3-StateMachineUpdater: set stopIndex = 0
2023-10-17 18:43:38,414 [2fe2737e-f7a8-402d-9eba-e541e9952274@group-A9D15CF5A95C-StateMachineUpdater] INFO  ratis.ContainerStateMachine (ContainerStateMachine.java:takeSnapshot(330)) - group-A9D15CF5A95C: Taking a snapshot at:(t:1, i:0) file /home/runner/work/ozone/ozone/hadoop-ozone/integration-test/target/test-dir/MiniOzoneClusterImpl-6deba204-2b0e-4ddb-90bc-390c46dd618c/datanode-0/data/ratis/a87f2e8b-6db1-4c93-b3e0-a9d15cf5a95c/sm/snapshot.1_0
2023-10-17 18:43:38,414 [2fe2737e-f7a8-402d-9eba-e541e9952274@group-47171A19FAC3-StateMachineUpdater] INFO  ratis.ContainerStateMachine (ContainerStateMachine.java:takeSnapshot(341)) - group-47171A19FAC3: Finished taking a snapshot at:(t:1, i:0) file:/home/runner/work/ozone/ozone/hadoop-ozone/integration-test/target/test-dir/MiniOzoneClusterImpl-6deba204-2b0e-4ddb-90bc-390c46dd618c/datanode-0/data/ratis/851d9a88-c1c5-45f1-8e64-47171a19fac3/sm/snapshot.1_0 took: 1 ms
2023-10-17 18:43:38,415 [Time-limited test] INFO  server.GrpcService (GrpcService.java:closeImpl(320)) - 2730903f-e14d-4dbf-85f1-555db1c02b78: shutdown server org.apache.ratis.grpc.server.GrpcClientProtocolService successfully
2023-10-17 18:43:38,415 [Time-limited test] INFO  server.GrpcService (GrpcService.java:closeImpl(311)) - 2730903f-e14d-4dbf-85f1-555db1c02b78: shutdown server GrpcServerProtocolService now
2023-10-17 18:43:38,415 [2fe2737e-f7a8-402d-9eba-e541e9952274@group-47171A19FAC3-StateMachineUpdater] INFO  impl.StateMachineUpdater (StateMachineUpdater.java:takeSnapshot(291)) - 2fe2737e-f7a8-402d-9eba-e541e9952274@group-47171A19FAC3-StateMachineUpdater: Took a snapshot at index 0
2023-10-17 18:43:38,415 [2fe2737e-f7a8-402d-9eba-e541e9952274@group-47171A19FAC3-StateMachineUpdater] INFO  impl.StateMachineUpdater (StateMachineUpdater.java:lambda$new$0(97)) - 2fe2737e-f7a8-402d-9eba-e541e9952274@group-47171A19FAC3-StateMachineUpdater: snapshotIndex: updateIncreasingly -1 -> 0
2023-10-17 18:43:38,415 [2fe2737e-f7a8-402d-9eba-e541e9952274-impl-thread2] INFO  server.RaftServer$Division (ServerState.java:close(472)) - 2fe2737e-f7a8-402d-9eba-e541e9952274@group-47171A19FAC3: closes. applyIndex: 0
2023-10-17 18:43:38,415 [2fe2737e-f7a8-402d-9eba-e541e9952274@group-A9D15CF5A95C-StateMachineUpdater] INFO  ratis.ContainerStateMachine (ContainerStateMachine.java:takeSnapshot(341)) - group-A9D15CF5A95C: Finished taking a snapshot at:(t:1, i:0) file:/home/runner/work/ozone/ozone/hadoop-ozone/integration-test/target/test-dir/MiniOzoneClusterImpl-6deba204-2b0e-4ddb-90bc-390c46dd618c/datanode-0/data/ratis/a87f2e8b-6db1-4c93-b3e0-a9d15cf5a95c/sm/snapshot.1_0 took: 0 ms
2023-10-17 18:43:38,416 [2fe2737e-f7a8-402d-9eba-e541e9952274@group-A9D15CF5A95C-StateMachineUpdater] INFO  impl.StateMachineUpdater (StateMachineUpdater.java:takeSnapshot(291)) - 2fe2737e-f7a8-402d-9eba-e541e9952274@group-A9D15CF5A95C-StateMachineUpdater: Took a snapshot at index 0
2023-10-17 18:43:38,416 [2fe2737e-f7a8-402d-9eba-e541e9952274@group-A9D15CF5A95C-StateMachineUpdater] INFO  impl.StateMachineUpdater (StateMachineUpdater.java:lambda$new$0(97)) - 2fe2737e-f7a8-402d-9eba-e541e9952274@group-A9D15CF5A95C-StateMachineUpdater: snapshotIndex: updateIncreasingly -1 -> 0
2023-10-17 18:43:38,417 [grpc-default-executor-4] INFO  server.GrpcServerProtocolService (GrpcServerProtocolService.java:onCompleted(155)) - 2730903f-e14d-4dbf-85f1-555db1c02b78: Completed APPEND_ENTRIES, lastRequest: 2fe2737e-f7a8-402d-9eba-e541e9952274->2730903f-e14d-4dbf-85f1-555db1c02b78#1-t1,previous=(t:0, i:0),leaderCommit=-1,initializing? true,entries: size=1, first=(t:1, i:0), CONFIGURATIONENTRY(current:id: "50f74f38-5546-481b-9021-1f540e3c531d"
address: "10.1.0.25:15084"
dataStreamAddress: "10.1.0.25:15085"
clientAddress: "10.1.0.25:15082"
adminAddress: "10.1.0.25:15083"
startupRole: FOLLOWER
,id: "2730903f-e14d-4dbf-85f1-555db1c02b78"
address: "10.1.0.25:15075"
dataStreamAddress: "10.1.0.25:15076"
clientAddress: "10.1.0.25:15073"
adminAddress: "10.1.0.25:15074"
startupRole: FOLLOWER
,id: "2fe2737e-f7a8-402d-9eba-e541e9952274"
address: "10.1.0.25:15066"
priority: 1
dataStreamAddress: "10.1.0.25:15067"
clientAddress: "10.1.0.25:15064"
adminAddress: "10.1.0.25:15065"
startupRole: FOLLOWER
, old:)
2023-10-17 18:43:38,417 [grpc-default-executor-4] INFO  server.GrpcServerProtocolService (GrpcServerProtocolService.java:lambda$onCompleted$5(157)) - 2730903f-e14d-4dbf-85f1-555db1c02b78: Completed APPEND_ENTRIES, lastReply: null
2023-10-17 18:43:38,418 [grpc-default-executor-0] INFO  server.GrpcServerProtocolService (GrpcServerProtocolService.java:onCompleted(155)) - 50f74f38-5546-481b-9021-1f540e3c531d: Completed APPEND_ENTRIES, lastRequest: 2fe2737e-f7a8-402d-9eba-e541e9952274->50f74f38-5546-481b-9021-1f540e3c531d#1-t1,previous=(t:0, i:0),leaderCommit=-1,initializing? true,entries: size=1, first=(t:1, i:0), CONFIGURATIONENTRY(current:id: "50f74f38-5546-481b-9021-1f540e3c531d"
address: "10.1.0.25:15084"
dataStreamAddress: "10.1.0.25:15085"
clientAddress: "10.1.0.25:15082"
adminAddress: "10.1.0.25:15083"
startupRole: FOLLOWER
,id: "2730903f-e14d-4dbf-85f1-555db1c02b78"
address: "10.1.0.25:15075"
dataStreamAddress: "10.1.0.25:15076"
clientAddress: "10.1.0.25:15073"
adminAddress: "10.1.0.25:15074"
startupRole: FOLLOWER
,id: "2fe2737e-f7a8-402d-9eba-e541e9952274"
address: "10.1.0.25:15066"
priority: 1
dataStreamAddress: "10.1.0.25:15067"
clientAddress: "10.1.0.25:15064"
adminAddress: "10.1.0.25:15065"
startupRole: FOLLOWER
, old:)
2023-10-17 18:43:38,418 [grpc-default-executor-0] INFO  server.GrpcServerProtocolService (GrpcServerProtocolService.java:lambda$onCompleted$5(157)) - 50f74f38-5546-481b-9021-1f540e3c531d: Completed APPEND_ENTRIES, lastReply: null
2023-10-17 18:43:38,419 [grpc-default-executor-1] INFO  server.GrpcServerProtocolService (GrpcServerProtocolService.java:onCompleted(155)) - 2730903f-e14d-4dbf-85f1-555db1c02b78: Completed APPEND_ENTRIES, lastRequest: null
2023-10-17 18:43:38,419 [grpc-default-executor-1] INFO  server.GrpcServerProtocolService (GrpcServerProtocolService.java:lambda$onCompleted$5(157)) - 2730903f-e14d-4dbf-85f1-555db1c02b78: Completed APPEND_ENTRIES, lastReply: serverReply {
  requestorId: "2fe2737e-f7a8-402d-9eba-e541e9952274"
  replyId: "2730903f-e14d-4dbf-85f1-555db1c02b78"
  raftGroupId {
    id: "\250\177.\213m\261L\223\263\340\251\321\\\365\251\\"
  }
  success: true
}
term: 1
nextIndex: 1
followerCommit: 18446744073709551615
matchIndex: 18446744073709551615
isHearbeat: true

2023-10-17 18:43:38,419 [Thread-1137] INFO  server.GrpcServerProtocolClient (GrpcServerProtocolClient.java:close(103)) - 2730903f-e14d-4dbf-85f1-555db1c02b78 Close channels
2023-10-17 18:43:38,420 [grpc-default-executor-4] INFO  server.GrpcLogAppender (GrpcLogAppender.java:onCompleted(428)) - 2fe2737e-f7a8-402d-9eba-e541e9952274@group-A9D15CF5A95C->50f74f38-5546-481b-9021-1f540e3c531d-AppendLogResponseHandler: follower responses appendEntries COMPLETED
2023-10-17 18:43:38,420 [grpc-default-executor-4] WARN  server.GrpcLogAppender (GrpcLogAppender.java:resetClient(137)) - 2fe2737e-f7a8-402d-9eba-e541e9952274@group-A9D15CF5A95C->50f74f38-5546-481b-9021-1f540e3c531d-GrpcLogAppender: Failed to getClient for 50f74f38-5546-481b-9021-1f540e3c531d
org.apache.ratis.protocol.exceptions.AlreadyClosedException: 2fe2737e-f7a8-402d-9eba-e541e9952274 is already CLOSED
	at org.apache.ratis.util.PeerProxyMap$PeerAndProxy.getProxy(PeerProxyMap.java:61)
	at org.apache.ratis.util.PeerProxyMap.getProxy(PeerProxyMap.java:115)
	at org.apache.ratis.grpc.server.GrpcLogAppender.getClient(GrpcLogAppender.java:112)
	at org.apache.ratis.grpc.server.GrpcLogAppender.resetClient(GrpcLogAppender.java:117)
	at org.apache.ratis.grpc.server.GrpcLogAppender.access$500(GrpcLogAppender.java:56)
	at org.apache.ratis.grpc.server.GrpcLogAppender$AppendLogResponseHandler.onCompleted(GrpcLogAppender.java:429)
	at org.apache.ratis.thirdparty.io.grpc.stub.ClientCalls$StreamObserverToCallListenerAdapter.onClose(ClientCalls.java:485)
	at org.apache.ratis.thirdparty.io.grpc.internal.ClientCallImpl.closeObserver(ClientCallImpl.java:563)
	at org.apache.ratis.thirdparty.io.grpc.internal.ClientCallImpl.access$300(ClientCallImpl.java:70)
	at org.apache.ratis.thirdparty.io.grpc.internal.ClientCallImpl$ClientStreamListenerImpl$1StreamClosed.runInternal(ClientCallImpl.java:744)
	at org.apache.ratis.thirdparty.io.grpc.internal.ClientCallImpl$ClientStreamListenerImpl$1StreamClosed.runInContext(ClientCallImpl.java:723)
	at org.apache.ratis.thirdparty.io.grpc.internal.ContextRunnable.run(ContextRunnable.java:37)
	at org.apache.ratis.thirdparty.io.grpc.internal.SerializingExecutor.run(SerializingExecutor.java:133)
	at java.util.concurrent.ThreadPoolExecutor.runWorker(ThreadPoolExecutor.java:1149)
	at java.util.concurrent.ThreadPoolExecutor$Worker.run(ThreadPoolExecutor.java:624)
	at java.lang.Thread.run(Thread.java:750)
2023-10-17 18:43:38,424 [grpc-default-executor-1] WARN  server.GrpcServerProtocolService (LogUtils.java:warn(122)) - 2730903f-e14d-4dbf-85f1-555db1c02b78: APPEND_ENTRIES onError, lastRequest: null: org.apache.ratis.thirdparty.io.grpc.StatusRuntimeException: CANCELLED: client cancelled
2023-10-17 18:43:38,424 [ForkJoinPool.commonPool-worker-3] INFO  ozoneimpl.OzoneContainer (OzoneContainer.java:stop(453)) - Attempting to stop container services.
2023-10-17 18:43:38,420 [2fe2737e-f7a8-402d-9eba-e541e9952274-impl-thread3] INFO  server.RaftServer$Division (ServerState.java:close(472)) - 2fe2737e-f7a8-402d-9eba-e541e9952274@group-A9D15CF5A95C: closes. applyIndex: 0
2023-10-17 18:43:38,425 [ForkJoinPool.commonPool-worker-3] INFO  server.RaftServer (RaftServerProxy.java:lambda$close$6(416)) - 50f74f38-5546-481b-9021-1f540e3c531d: close
2023-10-17 18:43:38,425 [50f74f38-5546-481b-9021-1f540e3c531d-impl-thread1] INFO  server.RaftServer$Division (RaftServerImpl.java:lambda$close$4(466)) - 50f74f38-5546-481b-9021-1f540e3c531d@group-330311C9EFB9: shutdown
2023-10-17 18:43:38,425 [50f74f38-5546-481b-9021-1f540e3c531d-impl-thread1] INFO  util.JmxRegister (JmxRegister.java:unregister(73)) - Successfully un-registered JMX Bean with object name Ratis:service=RaftServer,group=group-330311C9EFB9,id=50f74f38-5546-481b-9021-1f540e3c531d
2023-10-17 18:43:38,425 [50f74f38-5546-481b-9021-1f540e3c531d-impl-thread1] INFO  impl.RoleInfo (RoleInfo.java:shutdownLeaderState(93)) - 50f74f38-5546-481b-9021-1f540e3c531d: shutdown 50f74f38-5546-481b-9021-1f540e3c531d@group-330311C9EFB9-LeaderStateImpl
2023-10-17 18:43:38,425 [50f74f38-5546-481b-9021-1f540e3c531d-impl-thread2] INFO  server.RaftServer$Division (RaftServerImpl.java:lambda$close$4(466)) - 50f74f38-5546-481b-9021-1f540e3c531d@group-7A0531F17D6A: shutdown
2023-10-17 18:43:38,425 [50f74f38-5546-481b-9021-1f540e3c531d-impl-thread2] INFO  util.JmxRegister (JmxRegister.java:unregister(73)) - Successfully un-registered JMX Bean with object name Ratis:service=RaftServer,group=group-7A0531F17D6A,id=50f74f38-5546-481b-9021-1f540e3c531d
2023-10-17 18:43:38,425 [50f74f38-5546-481b-9021-1f540e3c531d-impl-thread2] INFO  impl.RoleInfo (RoleInfo.java:shutdownLeaderState(93)) - 50f74f38-5546-481b-9021-1f540e3c531d: shutdown 50f74f38-5546-481b-9021-1f540e3c531d@group-7A0531F17D6A-LeaderStateImpl
2023-10-17 18:43:38,425 [50f74f38-5546-481b-9021-1f540e3c531d-impl-thread2] INFO  impl.PendingRequests (PendingRequests.java:sendNotLeaderResponses(289)) - 50f74f38-5546-481b-9021-1f540e3c531d@group-7A0531F17D6A-PendingRequests: sendNotLeaderResponses
2023-10-17 18:43:38,426 [50f74f38-5546-481b-9021-1f540e3c531d@group-7A0531F17D6A-StateMachineUpdater] INFO  ratis.ContainerStateMachine (ContainerStateMachine.java:takeSnapshot(330)) - group-7A0531F17D6A: Taking a snapshot at:(t:1, i:0) file /home/runner/work/ozone/ozone/hadoop-ozone/integration-test/target/test-dir/MiniOzoneClusterImpl-6deba204-2b0e-4ddb-90bc-390c46dd618c/datanode-2/data/ratis/3e6c4a77-871c-4fa4-ac2b-7a0531f17d6a/sm/snapshot.1_0
2023-10-17 18:43:38,426 [50f74f38-5546-481b-9021-1f540e3c531d-impl-thread2] INFO  impl.StateMachineUpdater (StateMachineUpdater.java:stopAndJoin(155)) - 50f74f38-5546-481b-9021-1f540e3c531d@group-7A0531F17D6A-StateMachineUpdater: set stopIndex = 0
2023-10-17 18:43:38,426 [50f74f38-5546-481b-9021-1f540e3c531d@group-7A0531F17D6A-StateMachineUpdater] INFO  ratis.ContainerStateMachine (ContainerStateMachine.java:takeSnapshot(341)) - group-7A0531F17D6A: Finished taking a snapshot at:(t:1, i:0) file:/home/runner/work/ozone/ozone/hadoop-ozone/integration-test/target/test-dir/MiniOzoneClusterImpl-6deba204-2b0e-4ddb-90bc-390c46dd618c/datanode-2/data/ratis/3e6c4a77-871c-4fa4-ac2b-7a0531f17d6a/sm/snapshot.1_0 took: 1 ms
2023-10-17 18:43:38,426 [50f74f38-5546-481b-9021-1f540e3c531d@group-7A0531F17D6A-StateMachineUpdater] INFO  impl.StateMachineUpdater (StateMachineUpdater.java:takeSnapshot(291)) - 50f74f38-5546-481b-9021-1f540e3c531d@group-7A0531F17D6A-StateMachineUpdater: Took a snapshot at index 0
2023-10-17 18:43:38,426 [50f74f38-5546-481b-9021-1f540e3c531d@group-7A0531F17D6A-StateMachineUpdater] INFO  impl.StateMachineUpdater (StateMachineUpdater.java:lambda$new$0(97)) - 50f74f38-5546-481b-9021-1f540e3c531d@group-7A0531F17D6A-StateMachineUpdater: snapshotIndex: updateIncreasingly -1 -> 0
2023-10-17 18:43:38,427 [50f74f38-5546-481b-9021-1f540e3c531d-impl-thread2] INFO  server.RaftServer$Division (ServerState.java:close(472)) - 50f74f38-5546-481b-9021-1f540e3c531d@group-7A0531F17D6A: closes. applyIndex: 0
2023-10-17 18:43:38,431 [ForkJoinPool.commonPool-worker-3] INFO  server.GrpcService (GrpcService.java:closeImpl(311)) - 50f74f38-5546-481b-9021-1f540e3c531d: shutdown server org.apache.ratis.grpc.server.GrpcClientProtocolService now
2023-10-17 18:43:38,435 [grpc-default-executor-2] INFO  server.GrpcLogAppender (GrpcLogAppender.java:onCompleted(428)) - 2fe2737e-f7a8-402d-9eba-e541e9952274@group-A9D15CF5A95C->2730903f-e14d-4dbf-85f1-555db1c02b78-AppendLogResponseHandler: follower responses appendEntries COMPLETED
2023-10-17 18:43:38,435 [grpc-default-executor-2] WARN  server.GrpcLogAppender (GrpcLogAppender.java:resetClient(137)) - 2fe2737e-f7a8-402d-9eba-e541e9952274@group-A9D15CF5A95C->2730903f-e14d-4dbf-85f1-555db1c02b78-GrpcLogAppender: Failed to getClient for 2730903f-e14d-4dbf-85f1-555db1c02b78
org.apache.ratis.protocol.exceptions.AlreadyClosedException: 2fe2737e-f7a8-402d-9eba-e541e9952274 is already CLOSED
	at org.apache.ratis.util.PeerProxyMap$PeerAndProxy.getProxy(PeerProxyMap.java:61)
	at org.apache.ratis.util.PeerProxyMap.getProxy(PeerProxyMap.java:115)
	at org.apache.ratis.grpc.server.GrpcLogAppender.getClient(GrpcLogAppender.java:112)
	at org.apache.ratis.grpc.server.GrpcLogAppender.resetClient(GrpcLogAppender.java:117)
	at org.apache.ratis.grpc.server.GrpcLogAppender.access$500(GrpcLogAppender.java:56)
	at org.apache.ratis.grpc.server.GrpcLogAppender$AppendLogResponseHandler.onCompleted(GrpcLogAppender.java:429)
	at org.apache.ratis.thirdparty.io.grpc.stub.ClientCalls$StreamObserverToCallListenerAdapter.onClose(ClientCalls.java:485)
	at org.apache.ratis.thirdparty.io.grpc.internal.DelayedClientCall$DelayedListener$3.run(DelayedClientCall.java:471)
	at org.apache.ratis.thirdparty.io.grpc.internal.DelayedClientCall$DelayedListener.delayOrExecute(DelayedClientCall.java:435)
	at org.apache.ratis.thirdparty.io.grpc.internal.DelayedClientCall$DelayedListener.onClose(DelayedClientCall.java:468)
	at org.apache.ratis.thirdparty.io.grpc.internal.ClientCallImpl.closeObserver(ClientCallImpl.java:563)
	at org.apache.ratis.thirdparty.io.grpc.internal.ClientCallImpl.access$300(ClientCallImpl.java:70)
	at org.apache.ratis.thirdparty.io.grpc.internal.ClientCallImpl$ClientStreamListenerImpl$1StreamClosed.runInternal(ClientCallImpl.java:744)
	at org.apache.ratis.thirdparty.io.grpc.internal.ClientCallImpl$ClientStreamListenerImpl$1StreamClosed.runInContext(ClientCallImpl.java:723)
	at org.apache.ratis.thirdparty.io.grpc.internal.ContextRunnable.run(ContextRunnable.java:37)
	at org.apache.ratis.thirdparty.io.grpc.internal.SerializingExecutor.run(SerializingExecutor.java:133)
	at java.util.concurrent.ThreadPoolExecutor.runWorker(ThreadPoolExecutor.java:1149)
	at java.util.concurrent.ThreadPoolExecutor$Worker.run(ThreadPoolExecutor.java:624)
	at java.lang.Thread.run(Thread.java:750)
2023-10-17 18:43:38,436 [grpc-default-executor-5] WARN  server.GrpcServerProtocolService (LogUtils.java:warn(122)) - 2730903f-e14d-4dbf-85f1-555db1c02b78: APPEND_ENTRIES onError, lastRequest: 50f74f38-5546-481b-9021-1f540e3c531d->2730903f-e14d-4dbf-85f1-555db1c02b78#1-t1,previous=(t:0, i:0),leaderCommit=-1,initializing? true,entries: size=1, first=(t:1, i:0), CONFIGURATIONENTRY(current:id: "50f74f38-5546-481b-9021-1f540e3c531d"
address: "10.1.0.25:15084"
priority: 1
dataStreamAddress: "10.1.0.25:15085"
clientAddress: "10.1.0.25:15082"
adminAddress: "10.1.0.25:15083"
startupRole: FOLLOWER
,id: "2730903f-e14d-4dbf-85f1-555db1c02b78"
address: "10.1.0.25:15075"
dataStreamAddress: "10.1.0.25:15076"
clientAddress: "10.1.0.25:15073"
adminAddress: "10.1.0.25:15074"
startupRole: FOLLOWER
,id: "2fe2737e-f7a8-402d-9eba-e541e9952274"
address: "10.1.0.25:15066"
dataStreamAddress: "10.1.0.25:15067"
clientAddress: "10.1.0.25:15064"
adminAddress: "10.1.0.25:15065"
startupRole: FOLLOWER
, old:): org.apache.ratis.thirdparty.io.grpc.StatusRuntimeException: CANCELLED: client cancelled
2023-10-17 18:43:38,436 [grpc-default-executor-5] INFO  server.GrpcLogAppender (GrpcLogAppender.java:onCompleted(428)) - 2fe2737e-f7a8-402d-9eba-e541e9952274@group-A9D15CF5A95C->50f74f38-5546-481b-9021-1f540e3c531d-AppendLogResponseHandler: follower responses appendEntries COMPLETED
2023-10-17 18:43:38,436 [grpc-default-executor-5] WARN  server.GrpcLogAppender (GrpcLogAppender.java:resetClient(137)) - 2fe2737e-f7a8-402d-9eba-e541e9952274@group-A9D15CF5A95C->50f74f38-5546-481b-9021-1f540e3c531d-GrpcLogAppender: Failed to getClient for 50f74f38-5546-481b-9021-1f540e3c531d
org.apache.ratis.protocol.exceptions.AlreadyClosedException: 2fe2737e-f7a8-402d-9eba-e541e9952274 is already CLOSED
	at org.apache.ratis.util.PeerProxyMap$PeerAndProxy.getProxy(PeerProxyMap.java:61)
	at org.apache.ratis.util.PeerProxyMap.getProxy(PeerProxyMap.java:115)
	at org.apache.ratis.grpc.server.GrpcLogAppender.getClient(GrpcLogAppender.java:112)
	at org.apache.ratis.grpc.server.GrpcLogAppender.resetClient(GrpcLogAppender.java:117)
	at org.apache.ratis.grpc.server.GrpcLogAppender.access$500(GrpcLogAppender.java:56)
	at org.apache.ratis.grpc.server.GrpcLogAppender$AppendLogResponseHandler.onCompleted(GrpcLogAppender.java:429)
	at org.apache.ratis.thirdparty.io.grpc.stub.ClientCalls$StreamObserverToCallListenerAdapter.onClose(ClientCalls.java:485)
	at org.apache.ratis.thirdparty.io.grpc.internal.ClientCallImpl.closeObserver(ClientCallImpl.java:563)
	at org.apache.ratis.thirdparty.io.grpc.internal.ClientCallImpl.access$300(ClientCallImpl.java:70)
	at org.apache.ratis.thirdparty.io.grpc.internal.ClientCallImpl$ClientStreamListenerImpl$1StreamClosed.runInternal(ClientCallImpl.java:744)
	at org.apache.ratis.thirdparty.io.grpc.internal.ClientCallImpl$ClientStreamListenerImpl$1StreamClosed.runInContext(ClientCallImpl.java:723)
	at org.apache.ratis.thirdparty.io.grpc.internal.ContextRunnable.run(ContextRunnable.java:37)
	at org.apache.ratis.thirdparty.io.grpc.internal.SerializingExecutor.run(SerializingExecutor.java:133)
	at java.util.concurrent.ThreadPoolExecutor.runWorker(ThreadPoolExecutor.java:1149)
	at java.util.concurrent.ThreadPoolExecutor$Worker.run(ThreadPoolExecutor.java:624)
	at java.lang.Thread.run(Thread.java:750)
2023-10-17 18:43:38,436 [grpc-default-executor-5] INFO  server.GrpcLogAppender (GrpcLogAppender.java:onError(417)) - 50f74f38-5546-481b-9021-1f540e3c531d@group-330311C9EFB9->2730903f-e14d-4dbf-85f1-555db1c02b78-GrpcLogAppender is already stopped
2023-10-17 18:43:38,437 [50f74f38-5546-481b-9021-1f540e3c531d@group-330311C9EFB9->2fe2737e-f7a8-402d-9eba-e541e9952274-GrpcLogAppender-LogAppenderDaemon] WARN  server.GrpcLogAppender (GrpcLogAppender.java:mayWait(199)) - 50f74f38-5546-481b-9021-1f540e3c531d@group-330311C9EFB9->2fe2737e-f7a8-402d-9eba-e541e9952274-GrpcLogAppender: Wait interrupted by java.lang.InterruptedException
2023-10-17 18:43:38,438 [grpc-default-executor-4] INFO  server.GrpcLogAppender (GrpcLogAppender.java:onCompleted(428)) - 2fe2737e-f7a8-402d-9eba-e541e9952274@group-A9D15CF5A95C->2730903f-e14d-4dbf-85f1-555db1c02b78-AppendLogResponseHandler: follower responses appendEntries COMPLETED
2023-10-17 18:43:38,438 [grpc-default-executor-4] WARN  server.GrpcLogAppender (GrpcLogAppender.java:resetClient(137)) - 2fe2737e-f7a8-402d-9eba-e541e9952274@group-A9D15CF5A95C->2730903f-e14d-4dbf-85f1-555db1c02b78-GrpcLogAppender: Failed to getClient for 2730903f-e14d-4dbf-85f1-555db1c02b78
org.apache.ratis.protocol.exceptions.AlreadyClosedException: 2fe2737e-f7a8-402d-9eba-e541e9952274 is already CLOSED
	at org.apache.ratis.util.PeerProxyMap$PeerAndProxy.getProxy(PeerProxyMap.java:61)
	at org.apache.ratis.util.PeerProxyMap.getProxy(PeerProxyMap.java:115)
	at org.apache.ratis.grpc.server.GrpcLogAppender.getClient(GrpcLogAppender.java:112)
	at org.apache.ratis.grpc.server.GrpcLogAppender.resetClient(GrpcLogAppender.java:117)
	at org.apache.ratis.grpc.server.GrpcLogAppender.access$500(GrpcLogAppender.java:56)
	at org.apache.ratis.grpc.server.GrpcLogAppender$AppendLogResponseHandler.onCompleted(GrpcLogAppender.java:429)
	at org.apache.ratis.thirdparty.io.grpc.stub.ClientCalls$StreamObserverToCallListenerAdapter.onClose(ClientCalls.java:485)
	at org.apache.ratis.thirdparty.io.grpc.internal.ClientCallImpl.closeObserver(ClientCallImpl.java:563)
	at org.apache.ratis.thirdparty.io.grpc.internal.ClientCallImpl.access$300(ClientCallImpl.java:70)
	at org.apache.ratis.thirdparty.io.grpc.internal.ClientCallImpl$ClientStreamListenerImpl$1StreamClosed.runInternal(ClientCallImpl.java:744)
	at org.apache.ratis.thirdparty.io.grpc.internal.ClientCallImpl$ClientStreamListenerImpl$1StreamClosed.runInContext(ClientCallImpl.java:723)
	at org.apache.ratis.thirdparty.io.grpc.internal.ContextRunnable.run(ContextRunnable.java:37)
	at org.apache.ratis.thirdparty.io.grpc.internal.SerializingExecutor.run(SerializingExecutor.java:133)
	at java.util.concurrent.ThreadPoolExecutor.runWorker(ThreadPoolExecutor.java:1149)
	at java.util.concurrent.ThreadPoolExecutor$Worker.run(ThreadPoolExecutor.java:624)
	at java.lang.Thread.run(Thread.java:750)
2023-10-17 18:43:38,437 [50f74f38-5546-481b-9021-1f540e3c531d-impl-thread1] INFO  impl.PendingRequests (PendingRequests.java:sendNotLeaderResponses(289)) - 50f74f38-5546-481b-9021-1f540e3c531d@group-330311C9EFB9-PendingRequests: sendNotLeaderResponses
2023-10-17 18:43:38,438 [50f74f38-5546-481b-9021-1f540e3c531d-impl-thread1] INFO  impl.StateMachineUpdater (StateMachineUpdater.java:stopAndJoin(155)) - 50f74f38-5546-481b-9021-1f540e3c531d@group-330311C9EFB9-StateMachineUpdater: set stopIndex = 0
2023-10-17 18:43:38,438 [grpc-default-executor-4] INFO  server.GrpcServerProtocolService (GrpcServerProtocolService.java:onCompleted(155)) - 2fe2737e-f7a8-402d-9eba-e541e9952274: Completed APPEND_ENTRIES, lastRequest: 50f74f38-5546-481b-9021-1f540e3c531d->2fe2737e-f7a8-402d-9eba-e541e9952274#1-t1,previous=(t:0, i:0),leaderCommit=-1,initializing? true,entries: size=1, first=(t:1, i:0), CONFIGURATIONENTRY(current:id: "50f74f38-5546-481b-9021-1f540e3c531d"
address: "10.1.0.25:15084"
priority: 1
dataStreamAddress: "10.1.0.25:15085"
clientAddress: "10.1.0.25:15082"
adminAddress: "10.1.0.25:15083"
startupRole: FOLLOWER
,id: "2730903f-e14d-4dbf-85f1-555db1c02b78"
address: "10.1.0.25:15075"
dataStreamAddress: "10.1.0.25:15076"
clientAddress: "10.1.0.25:15073"
adminAddress: "10.1.0.25:15074"
startupRole: FOLLOWER
,id: "2fe2737e-f7a8-402d-9eba-e541e9952274"
address: "10.1.0.25:15066"
dataStreamAddress: "10.1.0.25:15067"
clientAddress: "10.1.0.25:15064"
adminAddress: "10.1.0.25:15065"
startupRole: FOLLOWER
, old:)
2023-10-17 18:43:38,438 [grpc-default-executor-4] INFO  server.GrpcServerProtocolService (GrpcServerProtocolService.java:lambda$onCompleted$5(157)) - 2fe2737e-f7a8-402d-9eba-e541e9952274: Completed APPEND_ENTRIES, lastReply: null
2023-10-17 18:43:38,438 [50f74f38-5546-481b-9021-1f540e3c531d@group-330311C9EFB9-StateMachineUpdater] INFO  ratis.ContainerStateMachine (ContainerStateMachine.java:takeSnapshot(330)) - group-330311C9EFB9: Taking a snapshot at:(t:1, i:0) file /home/runner/work/ozone/ozone/hadoop-ozone/integration-test/target/test-dir/MiniOzoneClusterImpl-6deba204-2b0e-4ddb-90bc-390c46dd618c/datanode-2/data/ratis/1212e58b-041a-4ef3-8e12-330311c9efb9/sm/snapshot.1_0
2023-10-17 18:43:38,438 [50f74f38-5546-481b-9021-1f540e3c531d@group-330311C9EFB9->2730903f-e14d-4dbf-85f1-555db1c02b78-GrpcLogAppender-LogAppenderDaemon] WARN  server.GrpcLogAppender (GrpcLogAppender.java:mayWait(199)) - 50f74f38-5546-481b-9021-1f540e3c531d@group-330311C9EFB9->2730903f-e14d-4dbf-85f1-555db1c02b78-GrpcLogAppender: Wait interrupted by java.lang.InterruptedException
2023-10-17 18:43:38,439 [grpc-default-executor-2] INFO  server.GrpcLogAppender (GrpcLogAppender.java:onCompleted(428)) - 50f74f38-5546-481b-9021-1f540e3c531d@group-330311C9EFB9->2fe2737e-f7a8-402d-9eba-e541e9952274-AppendLogResponseHandler: follower responses appendEntries COMPLETED
2023-10-17 18:43:38,439 [50f74f38-5546-481b-9021-1f540e3c531d@group-330311C9EFB9-StateMachineUpdater] INFO  ratis.ContainerStateMachine (ContainerStateMachine.java:takeSnapshot(341)) - group-330311C9EFB9: Finished taking a snapshot at:(t:1, i:0) file:/home/runner/work/ozone/ozone/hadoop-ozone/integration-test/target/test-dir/MiniOzoneClusterImpl-6deba204-2b0e-4ddb-90bc-390c46dd618c/datanode-2/data/ratis/1212e58b-041a-4ef3-8e12-330311c9efb9/sm/snapshot.1_0 took: 1 ms
2023-10-17 18:43:38,439 [50f74f38-5546-481b-9021-1f540e3c531d@group-330311C9EFB9-StateMachineUpdater] INFO  impl.StateMachineUpdater (StateMachineUpdater.java:takeSnapshot(291)) - 50f74f38-5546-481b-9021-1f540e3c531d@group-330311C9EFB9-StateMachineUpdater: Took a snapshot at index 0
2023-10-17 18:43:38,440 [50f74f38-5546-481b-9021-1f540e3c531d@group-330311C9EFB9-StateMachineUpdater] INFO  impl.StateMachineUpdater (StateMachineUpdater.java:lambda$new$0(97)) - 50f74f38-5546-481b-9021-1f540e3c531d@group-330311C9EFB9-StateMachineUpdater: snapshotIndex: updateIncreasingly -1 -> 0
2023-10-17 18:43:38,440 [50f74f38-5546-481b-9021-1f540e3c531d-impl-thread1] INFO  server.RaftServer$Division (ServerState.java:close(472)) - 50f74f38-5546-481b-9021-1f540e3c531d@group-330311C9EFB9: closes. applyIndex: 0
2023-10-17 18:43:38,442 [Thread-1145] INFO  server.GrpcServerProtocolClient (GrpcServerProtocolClient.java:close(103)) - 2730903f-e14d-4dbf-85f1-555db1c02b78 Close channels
2023-10-17 18:43:38,444 [grpc-default-executor-2] INFO  leader.FollowerInfo (FollowerInfoImpl.java:lambda$new$0(52)) - 50f74f38-5546-481b-9021-1f540e3c531d@group-330311C9EFB9->2fe2737e-f7a8-402d-9eba-e541e9952274: decreaseNextIndex nextIndex: updateUnconditionally 1 -> 0
2023-10-17 18:43:38,444 [grpc-default-executor-5] INFO  server.GrpcLogAppender (GrpcLogAppender.java:onError(417)) - 50f74f38-5546-481b-9021-1f540e3c531d@group-330311C9EFB9->2730903f-e14d-4dbf-85f1-555db1c02b78-GrpcLogAppender is already stopped
2023-10-17 18:43:38,444 [50f74f38-5546-481b-9021-1f540e3c531d-impl-thread3] INFO  server.RaftServer$Division (RaftServerImpl.java:lambda$close$4(466)) - 50f74f38-5546-481b-9021-1f540e3c531d@group-A9D15CF5A95C: shutdown
2023-10-17 18:43:38,442 [Thread-1146] INFO  server.GrpcServerProtocolClient (GrpcServerProtocolClient.java:close(103)) - 2fe2737e-f7a8-402d-9eba-e541e9952274 Close channels
2023-10-17 18:43:38,448 [50f74f38-5546-481b-9021-1f540e3c531d-impl-thread3] INFO  util.JmxRegister (JmxRegister.java:unregister(73)) - Successfully un-registered JMX Bean with object name Ratis:service=RaftServer,group=group-A9D15CF5A95C,id=50f74f38-5546-481b-9021-1f540e3c531d
2023-10-17 18:43:38,448 [50f74f38-5546-481b-9021-1f540e3c531d-impl-thread3] INFO  impl.RoleInfo (RoleInfo.java:shutdownFollowerState(110)) - 50f74f38-5546-481b-9021-1f540e3c531d: shutdown 50f74f38-5546-481b-9021-1f540e3c531d@group-A9D15CF5A95C-FollowerState
2023-10-17 18:43:38,448 [50f74f38-5546-481b-9021-1f540e3c531d-impl-thread3] INFO  impl.StateMachineUpdater (StateMachineUpdater.java:stopAndJoin(155)) - 50f74f38-5546-481b-9021-1f540e3c531d@group-A9D15CF5A95C-StateMachineUpdater: set stopIndex = -1
2023-10-17 18:43:38,448 [50f74f38-5546-481b-9021-1f540e3c531d@group-A9D15CF5A95C-FollowerState] INFO  impl.FollowerState (FollowerState.java:run(152)) - 50f74f38-5546-481b-9021-1f540e3c531d@group-A9D15CF5A95C-FollowerState was interrupted
2023-10-17 18:43:38,442 [Time-limited test] INFO  server.GrpcService (GrpcService.java:closeImpl(320)) - 2730903f-e14d-4dbf-85f1-555db1c02b78: shutdown server GrpcServerProtocolService successfully
2023-10-17 18:43:38,448 [Time-limited test] INFO  server.GrpcService (GrpcService.java:closeImpl(311)) - 2730903f-e14d-4dbf-85f1-555db1c02b78: shutdown server org.apache.ratis.grpc.server.GrpcAdminProtocolService now
2023-10-17 18:43:38,447 [grpc-default-executor-4] INFO  server.GrpcServerProtocolService (GrpcServerProtocolService.java:onCompleted(155)) - 2fe2737e-f7a8-402d-9eba-e541e9952274: Completed APPEND_ENTRIES, lastRequest: null
2023-10-17 18:43:38,446 [ForkJoinPool.commonPool-worker-2] INFO  server.GrpcService (GrpcService.java:closeImpl(320)) - 2fe2737e-f7a8-402d-9eba-e541e9952274: shutdown server org.apache.ratis.grpc.server.GrpcClientProtocolService successfully
2023-10-17 18:43:38,449 [ForkJoinPool.commonPool-worker-2] INFO  server.GrpcService (GrpcService.java:closeImpl(311)) - 2fe2737e-f7a8-402d-9eba-e541e9952274: shutdown server GrpcServerProtocolService now
2023-10-17 18:43:38,449 [grpc-default-executor-4] INFO  server.GrpcServerProtocolService (GrpcServerProtocolService.java:lambda$onCompleted$5(157)) - 2fe2737e-f7a8-402d-9eba-e541e9952274: Completed APPEND_ENTRIES, lastReply: serverReply {
  requestorId: "50f74f38-5546-481b-9021-1f540e3c531d"
  replyId: "2fe2737e-f7a8-402d-9eba-e541e9952274"
  raftGroupId {
    id: "\022\022\345\213\004\032N\363\216\0223\003\021\311\357\271"
  }
  callId: 2
  success: true
}
term: 1
nextIndex: 1
followerCommit: 18446744073709551615
matchIndex: 18446744073709551615
isHearbeat: true

2023-10-17 18:43:38,449 [50f74f38-5546-481b-9021-1f540e3c531d-impl-thread3] INFO  server.RaftServer$Division (ServerState.java:close(472)) - 50f74f38-5546-481b-9021-1f540e3c531d@group-A9D15CF5A95C: closes. applyIndex: -1
2023-10-17 18:43:38,451 [Time-limited test] INFO  server.GrpcService (GrpcService.java:closeImpl(320)) - 2730903f-e14d-4dbf-85f1-555db1c02b78: shutdown server org.apache.ratis.grpc.server.GrpcAdminProtocolService successfully
2023-10-17 18:43:38,453 [2730903f-e14d-4dbf-85f1-555db1c02b78-NettyServerStreamRpc-bossGroup--thread1] INFO  logging.LoggingHandler (AbstractInternalLogger.java:log(148)) - [id: 0xd9929aaa, L:/0:0:0:0:0:0:0:0:15076] CLOSE
2023-10-17 18:43:38,453 [2730903f-e14d-4dbf-85f1-555db1c02b78-NettyServerStreamRpc-bossGroup--thread1] INFO  logging.LoggingHandler (AbstractInternalLogger.java:log(148)) - [id: 0xd9929aaa, L:/0:0:0:0:0:0:0:0:15076] INACTIVE
2023-10-17 18:43:38,453 [2730903f-e14d-4dbf-85f1-555db1c02b78-NettyServerStreamRpc-bossGroup--thread1] INFO  logging.LoggingHandler (AbstractInternalLogger.java:log(148)) - [id: 0xd9929aaa, L:/0:0:0:0:0:0:0:0:15076] UNREGISTERED
2023-10-17 18:43:38,453 [ForkJoinPool.commonPool-worker-2] INFO  server.GrpcService (GrpcService.java:closeImpl(320)) - 2fe2737e-f7a8-402d-9eba-e541e9952274: shutdown server GrpcServerProtocolService successfully
2023-10-17 18:43:38,453 [ForkJoinPool.commonPool-worker-2] INFO  server.GrpcService (GrpcService.java:closeImpl(311)) - 2fe2737e-f7a8-402d-9eba-e541e9952274: shutdown server org.apache.ratis.grpc.server.GrpcAdminProtocolService now
2023-10-17 18:43:38,453 [grpc-default-executor-5] INFO  server.GrpcLogAppender (GrpcLogAppender.java:onCompleted(428)) - 50f74f38-5546-481b-9021-1f540e3c531d@group-330311C9EFB9->2fe2737e-f7a8-402d-9eba-e541e9952274-AppendLogResponseHandler: follower responses appendEntries COMPLETED
2023-10-17 18:43:38,453 [grpc-default-executor-5] WARN  server.GrpcLogAppender (GrpcLogAppender.java:resetClient(137)) - 50f74f38-5546-481b-9021-1f540e3c531d@group-330311C9EFB9->2fe2737e-f7a8-402d-9eba-e541e9952274-GrpcLogAppender: Failed to getClient for 2fe2737e-f7a8-402d-9eba-e541e9952274
org.apache.ratis.protocol.exceptions.AlreadyClosedException: 50f74f38-5546-481b-9021-1f540e3c531d is already CLOSED
	at org.apache.ratis.util.PeerProxyMap$PeerAndProxy.getProxy(PeerProxyMap.java:61)
	at org.apache.ratis.util.PeerProxyMap.getProxy(PeerProxyMap.java:115)
	at org.apache.ratis.grpc.server.GrpcLogAppender.getClient(GrpcLogAppender.java:112)
	at org.apache.ratis.grpc.server.GrpcLogAppender.resetClient(GrpcLogAppender.java:117)
	at org.apache.ratis.grpc.server.GrpcLogAppender.access$500(GrpcLogAppender.java:56)
	at org.apache.ratis.grpc.server.GrpcLogAppender$AppendLogResponseHandler.onCompleted(GrpcLogAppender.java:429)
	at org.apache.ratis.thirdparty.io.grpc.stub.ClientCalls$StreamObserverToCallListenerAdapter.onClose(ClientCalls.java:485)
	at org.apache.ratis.thirdparty.io.grpc.internal.DelayedClientCall$DelayedListener$3.run(DelayedClientCall.java:471)
	at org.apache.ratis.thirdparty.io.grpc.internal.DelayedClientCall$DelayedListener.delayOrExecute(DelayedClientCall.java:435)
	at org.apache.ratis.thirdparty.io.grpc.internal.DelayedClientCall$DelayedListener.onClose(DelayedClientCall.java:468)
	at org.apache.ratis.thirdparty.io.grpc.internal.ClientCallImpl.closeObserver(ClientCallImpl.java:563)
	at org.apache.ratis.thirdparty.io.grpc.internal.ClientCallImpl.access$300(ClientCallImpl.java:70)
	at org.apache.ratis.thirdparty.io.grpc.internal.ClientCallImpl$ClientStreamListenerImpl$1StreamClosed.runInternal(ClientCallImpl.java:744)
	at org.apache.ratis.thirdparty.io.grpc.internal.ClientCallImpl$ClientStreamListenerImpl$1StreamClosed.runInContext(ClientCallImpl.java:723)
	at org.apache.ratis.thirdparty.io.grpc.internal.ContextRunnable.run(ContextRunnable.java:37)
	at org.apache.ratis.thirdparty.io.grpc.internal.SerializingExecutor.run(SerializingExecutor.java:133)
	at java.util.concurrent.ThreadPoolExecutor.runWorker(ThreadPoolExecutor.java:1149)
	at java.util.concurrent.ThreadPoolExecutor$Worker.run(ThreadPoolExecutor.java:624)
	at java.lang.Thread.run(Thread.java:750)
2023-10-17 18:43:38,454 [ForkJoinPool.commonPool-worker-3] INFO  server.GrpcService (GrpcService.java:closeImpl(320)) - 50f74f38-5546-481b-9021-1f540e3c531d: shutdown server org.apache.ratis.grpc.server.GrpcClientProtocolService successfully
2023-10-17 18:43:38,454 [ForkJoinPool.commonPool-worker-3] INFO  server.GrpcService (GrpcService.java:closeImpl(311)) - 50f74f38-5546-481b-9021-1f540e3c531d: shutdown server GrpcServerProtocolService now
2023-10-17 18:43:38,458 [ForkJoinPool.commonPool-worker-2] INFO  server.GrpcService (GrpcService.java:closeImpl(320)) - 2fe2737e-f7a8-402d-9eba-e541e9952274: shutdown server org.apache.ratis.grpc.server.GrpcAdminProtocolService successfully
2023-10-17 18:43:38,459 [2fe2737e-f7a8-402d-9eba-e541e9952274-NettyServerStreamRpc-bossGroup--thread1] INFO  logging.LoggingHandler (AbstractInternalLogger.java:log(148)) - [id: 0x8f6e9782, L:/0:0:0:0:0:0:0:0:15067] CLOSE
2023-10-17 18:43:38,459 [2fe2737e-f7a8-402d-9eba-e541e9952274-NettyServerStreamRpc-bossGroup--thread1] INFO  logging.LoggingHandler (AbstractInternalLogger.java:log(148)) - [id: 0x8f6e9782, L:/0:0:0:0:0:0:0:0:15067] INACTIVE
2023-10-17 18:43:38,459 [2fe2737e-f7a8-402d-9eba-e541e9952274-NettyServerStreamRpc-bossGroup--thread1] INFO  logging.LoggingHandler (AbstractInternalLogger.java:log(148)) - [id: 0x8f6e9782, L:/0:0:0:0:0:0:0:0:15067] UNREGISTERED
2023-10-17 18:43:38,474 [ForkJoinPool.commonPool-worker-3] INFO  server.GrpcService (GrpcService.java:closeImpl(320)) - 50f74f38-5546-481b-9021-1f540e3c531d: shutdown server GrpcServerProtocolService successfully
2023-10-17 18:43:38,474 [ForkJoinPool.commonPool-worker-3] INFO  server.GrpcService (GrpcService.java:closeImpl(311)) - 50f74f38-5546-481b-9021-1f540e3c531d: shutdown server org.apache.ratis.grpc.server.GrpcAdminProtocolService now
2023-10-17 18:43:38,480 [ForkJoinPool.commonPool-worker-3] INFO  server.GrpcService (GrpcService.java:closeImpl(320)) - 50f74f38-5546-481b-9021-1f540e3c531d: shutdown server org.apache.ratis.grpc.server.GrpcAdminProtocolService successfully
2023-10-17 18:43:38,482 [50f74f38-5546-481b-9021-1f540e3c531d-NettyServerStreamRpc-bossGroup--thread1] INFO  logging.LoggingHandler (AbstractInternalLogger.java:log(148)) - [id: 0xe0188c3a, L:/0:0:0:0:0:0:0:0:15085] CLOSE
2023-10-17 18:43:38,482 [50f74f38-5546-481b-9021-1f540e3c531d-NettyServerStreamRpc-bossGroup--thread1] INFO  logging.LoggingHandler (AbstractInternalLogger.java:log(148)) - [id: 0xe0188c3a, L:/0:0:0:0:0:0:0:0:15085] INACTIVE
2023-10-17 18:43:38,482 [50f74f38-5546-481b-9021-1f540e3c531d-NettyServerStreamRpc-bossGroup--thread1] INFO  logging.LoggingHandler (AbstractInternalLogger.java:log(148)) - [id: 0xe0188c3a, L:/0:0:0:0:0:0:0:0:15085] UNREGISTERED
2023-10-17 18:43:38,785 [2fe2737e-f7a8-402d-9eba-e541e9952274-impl-thread3] INFO  segmented.SegmentedRaftLogWorker (SegmentedRaftLogWorker.java:close(252)) - 2fe2737e-f7a8-402d-9eba-e541e9952274@group-A9D15CF5A95C-SegmentedRaftLogWorker close()
2023-10-17 18:43:38,809 [2730903f-e14d-4dbf-85f1-555db1c02b78-impl-thread3] INFO  segmented.SegmentedRaftLogWorker (SegmentedRaftLogWorker.java:close(252)) - 2730903f-e14d-4dbf-85f1-555db1c02b78@group-A9D15CF5A95C-SegmentedRaftLogWorker close()
2023-10-17 18:43:38,828 [50f74f38-5546-481b-9021-1f540e3c531d-impl-thread3] INFO  segmented.SegmentedRaftLogWorker (SegmentedRaftLogWorker.java:close(252)) - 50f74f38-5546-481b-9021-1f540e3c531d@group-A9D15CF5A95C-SegmentedRaftLogWorker close()
2023-10-17 18:43:38,862 [2fe2737e-f7a8-402d-9eba-e541e9952274-impl-thread2] INFO  segmented.SegmentedRaftLogWorker (SegmentedRaftLogWorker.java:close(252)) - 2fe2737e-f7a8-402d-9eba-e541e9952274@group-47171A19FAC3-SegmentedRaftLogWorker close()
2023-10-17 18:43:39,064 [50f74f38-5546-481b-9021-1f540e3c531d-impl-thread1] INFO  segmented.SegmentedRaftLogWorker (SegmentedRaftLogWorker.java:close(252)) - 50f74f38-5546-481b-9021-1f540e3c531d@group-330311C9EFB9-SegmentedRaftLogWorker close()
2023-10-17 18:43:39,086 [2730903f-e14d-4dbf-85f1-555db1c02b78-impl-thread1] INFO  segmented.SegmentedRaftLogWorker (SegmentedRaftLogWorker.java:close(252)) - 2730903f-e14d-4dbf-85f1-555db1c02b78@group-330311C9EFB9-SegmentedRaftLogWorker close()
2023-10-17 18:43:39,104 [2fe2737e-f7a8-402d-9eba-e541e9952274-impl-thread1] INFO  segmented.SegmentedRaftLogWorker (SegmentedRaftLogWorker.java:close(252)) - 2fe2737e-f7a8-402d-9eba-e541e9952274@group-330311C9EFB9-SegmentedRaftLogWorker close()
2023-10-17 18:43:39,106 [JvmPauseMonitor10] INFO  util.JvmPauseMonitor (JvmPauseMonitor.java:run(109)) - JvmPauseMonitor-2fe2737e-f7a8-402d-9eba-e541e9952274: Stopped
2023-10-17 18:43:39,126 [2730903f-e14d-4dbf-85f1-555db1c02b78-impl-thread2] INFO  segmented.SegmentedRaftLogWorker (SegmentedRaftLogWorker.java:close(252)) - 2730903f-e14d-4dbf-85f1-555db1c02b78@group-672CC4CC8829-SegmentedRaftLogWorker close()
2023-10-17 18:43:39,127 [JvmPauseMonitor11] INFO  util.JvmPauseMonitor (JvmPauseMonitor.java:run(109)) - JvmPauseMonitor-2730903f-e14d-4dbf-85f1-555db1c02b78: Stopped
2023-10-17 18:43:39,314 [50f74f38-5546-481b-9021-1f540e3c531d-impl-thread2] INFO  segmented.SegmentedRaftLogWorker (SegmentedRaftLogWorker.java:close(252)) - 50f74f38-5546-481b-9021-1f540e3c531d@group-7A0531F17D6A-SegmentedRaftLogWorker close()
2023-10-17 18:43:39,315 [JvmPauseMonitor12] INFO  util.JvmPauseMonitor (JvmPauseMonitor.java:run(109)) - JvmPauseMonitor-50f74f38-5546-481b-9021-1f540e3c531d: Stopped
2023-10-17 18:43:41,111 [ForkJoinPool.commonPool-worker-2] INFO  utils.DatanodeStoreCache (DatanodeStoreCache.java:shutdownCache(110)) - Skip clearing cache in mini cluster mode. Entries left: [/home/runner/work/ozone/ozone/hadoop-ozone/integration-test/target/test-dir/MiniOzoneClusterImpl-6deba204-2b0e-4ddb-90bc-390c46dd618c/datanode-0/data-0/containers/hdds/6deba204-2b0e-4ddb-90bc-390c46dd618c/DS-f6a85788-9322-4169-880e-299c092ec575/container.db, /home/runner/work/ozone/ozone/hadoop-ozone/integration-test/target/test-dir/MiniOzoneClusterImpl-6deba204-2b0e-4ddb-90bc-390c46dd618c/datanode-1/data-0/containers/hdds/6deba204-2b0e-4ddb-90bc-390c46dd618c/DS-028bf882-e9e0-4645-bdca-3f1c031b2a87/container.db, /home/runner/work/ozone/ozone/hadoop-ozone/integration-test/target/test-dir/MiniOzoneClusterImpl-6deba204-2b0e-4ddb-90bc-390c46dd618c/datanode-2/data-0/containers/hdds/6deba204-2b0e-4ddb-90bc-390c46dd618c/DS-6b51ea0a-d286-438a-9c54-4b00ef04dd6c/container.db]
2023-10-17 18:43:41,114 [ForkJoinPool.commonPool-worker-2] INFO  utils.DatanodeStoreCache (DatanodeStoreCache.java:removeDB(104)) - Removed db /home/runner/work/ozone/ozone/hadoop-ozone/integration-test/target/test-dir/MiniOzoneClusterImpl-6deba204-2b0e-4ddb-90bc-390c46dd618c/datanode-0/data-0/containers/hdds/6deba204-2b0e-4ddb-90bc-390c46dd618c/DS-f6a85788-9322-4169-880e-299c092ec575/container.db from cache
2023-10-17 18:43:41,114 [ForkJoinPool.commonPool-worker-2] INFO  volume.HddsVolume (HddsVolume.java:closeDbStore(453)) - SchemaV3 db is stopped at /home/runner/work/ozone/ozone/hadoop-ozone/integration-test/target/test-dir/MiniOzoneClusterImpl-6deba204-2b0e-4ddb-90bc-390c46dd618c/datanode-0/data-0/containers/hdds/6deba204-2b0e-4ddb-90bc-390c46dd618c/DS-f6a85788-9322-4169-880e-299c092ec575/container.db for volume DS-f6a85788-9322-4169-880e-299c092ec575
2023-10-17 18:43:41,115 [ForkJoinPool.commonPool-worker-2] INFO  utils.BackgroundService (BackgroundService.java:shutdown(160)) - Shutting down service BlockDeletingService
2023-10-17 18:43:41,116 [ForkJoinPool.commonPool-worker-2] INFO  utils.BackgroundService (BackgroundService.java:shutdown(160)) - Shutting down service StaleRecoveringContainerScrubbingService
2023-10-17 18:43:41,120 [ForkJoinPool.commonPool-worker-2] INFO  statemachine.DatanodeStateMachine (DatanodeStateMachine.java:stopDaemon(628)) - Ozone container server stopped.
2023-10-17 18:43:41,129 [ForkJoinPool.commonPool-worker-2] INFO  handler.ContextHandler (ContextHandler.java:doStop(1159)) - Stopped o.e.j.w.WebAppContext@48d8256b{hddsDatanode,/,null,STOPPED}{jar:file:/home/runner/.m2/repository/org/apache/ozone/hdds-container-service/1.4.0-SNAPSHOT/hdds-container-service-1.4.0-SNAPSHOT.jar!/webapps/hddsDatanode}
2023-10-17 18:43:41,130 [ForkJoinPool.commonPool-worker-2] INFO  server.AbstractConnector (AbstractConnector.java:doStop(383)) - Stopped ServerConnector@7efa735c{HTTP/1.1, (http/1.1)}{0.0.0.0:15061}
2023-10-17 18:43:41,131 [ForkJoinPool.commonPool-worker-2] INFO  server.session (HouseKeeper.java:stopScavenging(149)) - node0 Stopped scavenging
2023-10-17 18:43:41,132 [Time-limited test] INFO  utils.DatanodeStoreCache (DatanodeStoreCache.java:shutdownCache(110)) - Skip clearing cache in mini cluster mode. Entries left: [/home/runner/work/ozone/ozone/hadoop-ozone/integration-test/target/test-dir/MiniOzoneClusterImpl-6deba204-2b0e-4ddb-90bc-390c46dd618c/datanode-1/data-0/containers/hdds/6deba204-2b0e-4ddb-90bc-390c46dd618c/DS-028bf882-e9e0-4645-bdca-3f1c031b2a87/container.db, /home/runner/work/ozone/ozone/hadoop-ozone/integration-test/target/test-dir/MiniOzoneClusterImpl-6deba204-2b0e-4ddb-90bc-390c46dd618c/datanode-2/data-0/containers/hdds/6deba204-2b0e-4ddb-90bc-390c46dd618c/DS-6b51ea0a-d286-438a-9c54-4b00ef04dd6c/container.db]
2023-10-17 18:43:41,133 [ForkJoinPool.commonPool-worker-2] INFO  handler.ContextHandler (ContextHandler.java:doStop(1159)) - Stopped o.e.j.s.ServletContextHandler@17dd4ab2{static,/static,jar:file:/home/runner/.m2/repository/org/apache/ozone/hdds-container-service/1.4.0-SNAPSHOT/hdds-container-service-1.4.0-SNAPSHOT.jar!/webapps/static,STOPPED}
2023-10-17 18:43:41,134 [Time-limited test] INFO  utils.DatanodeStoreCache (DatanodeStoreCache.java:removeDB(104)) - Removed db /home/runner/work/ozone/ozone/hadoop-ozone/integration-test/target/test-dir/MiniOzoneClusterImpl-6deba204-2b0e-4ddb-90bc-390c46dd618c/datanode-1/data-0/containers/hdds/6deba204-2b0e-4ddb-90bc-390c46dd618c/DS-028bf882-e9e0-4645-bdca-3f1c031b2a87/container.db from cache
2023-10-17 18:43:41,134 [Time-limited test] INFO  volume.HddsVolume (HddsVolume.java:closeDbStore(453)) - SchemaV3 db is stopped at /home/runner/work/ozone/ozone/hadoop-ozone/integration-test/target/test-dir/MiniOzoneClusterImpl-6deba204-2b0e-4ddb-90bc-390c46dd618c/datanode-1/data-0/containers/hdds/6deba204-2b0e-4ddb-90bc-390c46dd618c/DS-028bf882-e9e0-4645-bdca-3f1c031b2a87/container.db for volume DS-028bf882-e9e0-4645-bdca-3f1c031b2a87
2023-10-17 18:43:41,134 [Time-limited test] INFO  utils.BackgroundService (BackgroundService.java:shutdown(160)) - Shutting down service BlockDeletingService
2023-10-17 18:43:41,135 [Time-limited test] INFO  utils.BackgroundService (BackgroundService.java:shutdown(160)) - Shutting down service StaleRecoveringContainerScrubbingService
2023-10-17 18:43:41,135 [ForkJoinPool.commonPool-worker-2] INFO  handler.ContextHandler (ContextHandler.java:doStop(1159)) - Stopped o.e.j.s.ServletContextHandler@37fe73dd{logs,/logs,file:///home/runner/work/ozone/ozone/hadoop-ozone/integration-test/target/log,STOPPED}
2023-10-17 18:43:41,135 [Time-limited test] INFO  statemachine.DatanodeStateMachine (DatanodeStateMachine.java:stopDaemon(628)) - Ozone container server stopped.
2023-10-17 18:43:41,138 [ForkJoinPool.commonPool-worker-2] INFO  ozone.HddsDatanodeClientProtocolServer (HddsDatanodeClientProtocolServer.java:stop(78)) - Stopping the RPC server for Client Protocol
2023-10-17 18:43:41,139 [ForkJoinPool.commonPool-worker-2] INFO  ipc.Server (Server.java:stop(3523)) - Stopping server on 15062
2023-10-17 18:43:41,146 [IPC Server listener on 15062] INFO  ipc.Server (Server.java:run(1434)) - Stopping IPC Server listener on 15062
2023-10-17 18:43:41,146 [IPC Server Responder] INFO  ipc.Server (Server.java:run(1567)) - Stopping IPC Server Responder
2023-10-17 18:43:41,149 [Time-limited test] INFO  handler.ContextHandler (ContextHandler.java:doStop(1159)) - Stopped o.e.j.w.WebAppContext@176a3924{hddsDatanode,/,null,STOPPED}{jar:file:/home/runner/.m2/repository/org/apache/ozone/hdds-container-service/1.4.0-SNAPSHOT/hdds-container-service-1.4.0-SNAPSHOT.jar!/webapps/hddsDatanode}
2023-10-17 18:43:41,150 [Time-limited test] INFO  server.AbstractConnector (AbstractConnector.java:doStop(383)) - Stopped ServerConnector@5d9a33de{HTTP/1.1, (http/1.1)}{0.0.0.0:15070}
2023-10-17 18:43:41,150 [Time-limited test] INFO  server.session (HouseKeeper.java:stopScavenging(149)) - node0 Stopped scavenging
2023-10-17 18:43:41,150 [Time-limited test] INFO  handler.ContextHandler (ContextHandler.java:doStop(1159)) - Stopped o.e.j.s.ServletContextHandler@b48048c{static,/static,jar:file:/home/runner/.m2/repository/org/apache/ozone/hdds-container-service/1.4.0-SNAPSHOT/hdds-container-service-1.4.0-SNAPSHOT.jar!/webapps/static,STOPPED}
2023-10-17 18:43:41,150 [Time-limited test] INFO  handler.ContextHandler (ContextHandler.java:doStop(1159)) - Stopped o.e.j.s.ServletContextHandler@6d8adcf0{logs,/logs,file:///home/runner/work/ozone/ozone/hadoop-ozone/integration-test/target/log,STOPPED}
2023-10-17 18:43:41,151 [Time-limited test] INFO  ozone.HddsDatanodeClientProtocolServer (HddsDatanodeClientProtocolServer.java:stop(78)) - Stopping the RPC server for Client Protocol
2023-10-17 18:43:41,151 [Time-limited test] INFO  ipc.Server (Server.java:stop(3523)) - Stopping server on 15071
2023-10-17 18:43:41,151 [IPC Server listener on 15071] INFO  ipc.Server (Server.java:run(1434)) - Stopping IPC Server listener on 15071
2023-10-17 18:43:41,152 [IPC Server Responder] INFO  ipc.Server (Server.java:run(1567)) - Stopping IPC Server Responder
2023-10-17 18:43:41,319 [ForkJoinPool.commonPool-worker-3] INFO  utils.DatanodeStoreCache (DatanodeStoreCache.java:shutdownCache(110)) - Skip clearing cache in mini cluster mode. Entries left: [/home/runner/work/ozone/ozone/hadoop-ozone/integration-test/target/test-dir/MiniOzoneClusterImpl-6deba204-2b0e-4ddb-90bc-390c46dd618c/datanode-2/data-0/containers/hdds/6deba204-2b0e-4ddb-90bc-390c46dd618c/DS-6b51ea0a-d286-438a-9c54-4b00ef04dd6c/container.db]
2023-10-17 18:43:41,322 [ForkJoinPool.commonPool-worker-3] INFO  utils.DatanodeStoreCache (DatanodeStoreCache.java:removeDB(104)) - Removed db /home/runner/work/ozone/ozone/hadoop-ozone/integration-test/target/test-dir/MiniOzoneClusterImpl-6deba204-2b0e-4ddb-90bc-390c46dd618c/datanode-2/data-0/containers/hdds/6deba204-2b0e-4ddb-90bc-390c46dd618c/DS-6b51ea0a-d286-438a-9c54-4b00ef04dd6c/container.db from cache
2023-10-17 18:43:41,322 [ForkJoinPool.commonPool-worker-3] INFO  volume.HddsVolume (HddsVolume.java:closeDbStore(453)) - SchemaV3 db is stopped at /home/runner/work/ozone/ozone/hadoop-ozone/integration-test/target/test-dir/MiniOzoneClusterImpl-6deba204-2b0e-4ddb-90bc-390c46dd618c/datanode-2/data-0/containers/hdds/6deba204-2b0e-4ddb-90bc-390c46dd618c/DS-6b51ea0a-d286-438a-9c54-4b00ef04dd6c/container.db for volume DS-6b51ea0a-d286-438a-9c54-4b00ef04dd6c
2023-10-17 18:43:41,324 [ForkJoinPool.commonPool-worker-3] INFO  utils.BackgroundService (BackgroundService.java:shutdown(160)) - Shutting down service BlockDeletingService
2023-10-17 18:43:41,324 [ForkJoinPool.commonPool-worker-3] INFO  utils.BackgroundService (BackgroundService.java:shutdown(160)) - Shutting down service StaleRecoveringContainerScrubbingService
2023-10-17 18:43:41,325 [ForkJoinPool.commonPool-worker-3] INFO  statemachine.DatanodeStateMachine (DatanodeStateMachine.java:stopDaemon(628)) - Ozone container server stopped.
2023-10-17 18:43:41,335 [ForkJoinPool.commonPool-worker-3] INFO  handler.ContextHandler (ContextHandler.java:doStop(1159)) - Stopped o.e.j.w.WebAppContext@609bfad{hddsDatanode,/,null,STOPPED}{jar:file:/home/runner/.m2/repository/org/apache/ozone/hdds-container-service/1.4.0-SNAPSHOT/hdds-container-service-1.4.0-SNAPSHOT.jar!/webapps/hddsDatanode}
2023-10-17 18:43:41,335 [ForkJoinPool.commonPool-worker-3] INFO  server.AbstractConnector (AbstractConnector.java:doStop(383)) - Stopped ServerConnector@c90eccb{HTTP/1.1, (http/1.1)}{0.0.0.0:15079}
2023-10-17 18:43:41,336 [ForkJoinPool.commonPool-worker-3] INFO  server.session (HouseKeeper.java:stopScavenging(149)) - node0 Stopped scavenging
2023-10-17 18:43:41,338 [ForkJoinPool.commonPool-worker-3] INFO  handler.ContextHandler (ContextHandler.java:doStop(1159)) - Stopped o.e.j.s.ServletContextHandler@1af6c0e7{static,/static,jar:file:/home/runner/.m2/repository/org/apache/ozone/hdds-container-service/1.4.0-SNAPSHOT/hdds-container-service-1.4.0-SNAPSHOT.jar!/webapps/static,STOPPED}
2023-10-17 18:43:41,338 [ForkJoinPool.commonPool-worker-3] INFO  handler.ContextHandler (ContextHandler.java:doStop(1159)) - Stopped o.e.j.s.ServletContextHandler@7256be46{logs,/logs,file:///home/runner/work/ozone/ozone/hadoop-ozone/integration-test/target/log,STOPPED}
2023-10-17 18:43:41,339 [ForkJoinPool.commonPool-worker-3] INFO  ozone.HddsDatanodeClientProtocolServer (HddsDatanodeClientProtocolServer.java:stop(78)) - Stopping the RPC server for Client Protocol
2023-10-17 18:43:41,339 [ForkJoinPool.commonPool-worker-3] INFO  ipc.Server (Server.java:stop(3523)) - Stopping server on 15080
2023-10-17 18:43:41,340 [IPC Server Responder] INFO  ipc.Server (Server.java:run(1567)) - Stopping IPC Server Responder
2023-10-17 18:43:41,340 [IPC Server listener on 15080] INFO  ipc.Server (Server.java:run(1434)) - Stopping IPC Server listener on 15080
2023-10-17 18:43:41,340 [Time-limited test] INFO  ozone.MiniOzoneClusterImpl (MiniOzoneClusterImpl.java:stopSCM(548)) - Stopping the StorageContainerManager
2023-10-17 18:43:41,341 [Time-limited test] INFO  server.StorageContainerManager (StorageContainerManager.java:stop(1600)) - Container Balancer is not running.
2023-10-17 18:43:41,341 [Time-limited test] INFO  server.StorageContainerManager (StorageContainerManager.java:stopReplicationManager(1733)) - Stopping Replication Manager Service.
2023-10-17 18:43:41,341 [Time-limited test] INFO  replication.ReplicationManager (ReplicationManager.java:stop(323)) - Stopping Replication Monitor Thread.
2023-10-17 18:43:41,341 [Under Replicated Processor] WARN  replication.UnhealthyReplicationProcessor (UnhealthyReplicationProcessor.java:run(180)) - Under Replicated Processor interrupted. Exiting...
2023-10-17 18:43:41,341 [Over Replicated Processor] WARN  replication.UnhealthyReplicationProcessor (UnhealthyReplicationProcessor.java:run(180)) - Over Replicated Processor interrupted. Exiting...
2023-10-17 18:43:41,341 [ReplicationMonitor] INFO  replication.ReplicationManager (ReplicationManager.java:run(921)) - Replication Monitor Thread is stopped
2023-10-17 18:43:41,342 [Time-limited test] INFO  server.StorageContainerManager (StorageContainerManager.java:stop(1609)) - Stopping the Datanode Admin Monitor.
2023-10-17 18:43:41,342 [Time-limited test] INFO  server.StorageContainerManager (StorageContainerManager.java:stop(1616)) - Stopping datanode service RPC server
2023-10-17 18:43:41,342 [Time-limited test] INFO  server.SCMDatanodeProtocolServer (SCMDatanodeProtocolServer.java:stop(424)) - Stopping the RPC server for DataNodes
2023-10-17 18:43:41,342 [Time-limited test] INFO  ipc.Server (Server.java:stop(3523)) - Stopping server on 15054
2023-10-17 18:43:41,343 [IPC Server listener on 15054] INFO  ipc.Server (Server.java:run(1434)) - Stopping IPC Server listener on 15054
2023-10-17 18:43:41,344 [IPC Server Responder] INFO  ipc.Server (Server.java:run(1567)) - Stopping IPC Server Responder
2023-10-17 18:43:41,388 [SCM Heartbeat Processing Thread - 0] WARN  node.NodeStateManager (NodeStateManager.java:scheduleNextHealthCheck(874)) - Current Thread is interrupted, shutting down HB processing thread for Node Manager.
2023-10-17 18:43:41,388 [Time-limited test] INFO  server.StorageContainerManager (StorageContainerManager.java:stop(1624)) - Stopping block service RPC server
2023-10-17 18:43:41,388 [Time-limited test] INFO  server.SCMBlockProtocolServer (SCMBlockProtocolServer.java:stop(163)) - Stopping the RPC server for Block Protocol
2023-10-17 18:43:41,388 [Time-limited test] INFO  ipc.Server (Server.java:stop(3523)) - Stopping server on 15053
2023-10-17 18:43:41,389 [IPC Server listener on 15053] INFO  ipc.Server (Server.java:run(1434)) - Stopping IPC Server listener on 15053
2023-10-17 18:43:41,390 [IPC Server Responder] INFO  ipc.Server (Server.java:run(1567)) - Stopping IPC Server Responder
2023-10-17 18:43:41,391 [Time-limited test] INFO  server.StorageContainerManager (StorageContainerManager.java:stop(1631)) - Stopping the StorageContainerLocationProtocol RPC server
2023-10-17 18:43:41,391 [Time-limited test] INFO  server.SCMClientProtocolServer (SCMClientProtocolServer.java:stop(210)) - Stopping the RPC server for Client Protocol
2023-10-17 18:43:41,391 [Time-limited test] INFO  ipc.Server (Server.java:stop(3523)) - Stopping server on 15052
2023-10-17 18:43:41,392 [IPC Server Responder] INFO  ipc.Server (Server.java:run(1567)) - Stopping IPC Server Responder
2023-10-17 18:43:41,392 [IPC Server listener on 15052] INFO  ipc.Server (Server.java:run(1434)) - Stopping IPC Server listener on 15052
2023-10-17 18:43:41,396 [Time-limited test] INFO  server.StorageContainerManager (StorageContainerManager.java:stop(1638)) - Stopping Storage Container Manager HTTP server.
2023-10-17 18:43:41,396 [Time-limited test] INFO  handler.ContextHandler (ContextHandler.java:doStop(1159)) - Stopped o.e.j.w.WebAppContext@75c4b006{scm,/,null,STOPPED}{file:/home/runner/work/ozone/ozone/hadoop-ozone/integration-test/target/test-classes/webapps/scm}
2023-10-17 18:43:41,398 [Time-limited test] INFO  server.AbstractConnector (AbstractConnector.java:doStop(383)) - Stopped ServerConnector@1e6152c{HTTP/1.1, (http/1.1)}{0.0.0.0:15055}
2023-10-17 18:43:41,398 [Time-limited test] INFO  server.session (HouseKeeper.java:stopScavenging(149)) - node0 Stopped scavenging
2023-10-17 18:43:41,398 [Time-limited test] INFO  handler.ContextHandler (ContextHandler.java:doStop(1159)) - Stopped o.e.j.s.ServletContextHandler@34a9657b{static,/static,file:///home/runner/work/ozone/ozone/hadoop-ozone/integration-test/target/test-classes/webapps/static,STOPPED}
2023-10-17 18:43:41,399 [Time-limited test] INFO  handler.ContextHandler (ContextHandler.java:doStop(1159)) - Stopped o.e.j.s.ServletContextHandler@f33f016{logs,/logs,file:///home/runner/work/ozone/ozone/hadoop-ozone/integration-test/target/log,STOPPED}
2023-10-17 18:43:41,399 [Time-limited test] INFO  server.StorageContainerManager (StorageContainerManager.java:stop(1646)) - Stopping SCM LayoutVersionManager Service.
2023-10-17 18:43:41,399 [Time-limited test] INFO  server.StorageContainerManager (StorageContainerManager.java:stop(1658)) - Stopping Block Manager Service.
2023-10-17 18:43:41,399 [Time-limited test] INFO  utils.BackgroundService (BackgroundService.java:shutdown(160)) - Shutting down service SCMBlockDeletingService
2023-10-17 18:43:41,399 [Time-limited test] INFO  utils.BackgroundService (BackgroundService.java:shutdown(160)) - Shutting down service SCMBlockDeletingService
2023-10-17 18:43:41,400 [Time-limited test] INFO  server.StorageContainerManager (StorageContainerManager.java:stop(1678)) - Stopping SCM Event Queue.
2023-10-17 18:43:41,401 [JvmPauseMonitor8] INFO  util.JvmPauseMonitor (JvmPauseMonitor.java:run(109)) - JvmPauseMonitor-be496ea1-291a-4008-b170-5063c6cb634d: Stopped
2023-10-17 18:43:41,401 [Time-limited test] INFO  server.StorageContainerManager (StorageContainerManager.java:stop(1689)) - Stopping SCM HA services.
2023-10-17 18:43:41,401 [Time-limited test] INFO  pipeline.BackgroundPipelineCreator (BackgroundPipelineCreator.java:stop(149)) - Stopping RatisPipelineUtilsThread.
2023-10-17 18:43:41,401 [RatisPipelineUtilsThread - 0] WARN  pipeline.BackgroundPipelineCreator (BackgroundPipelineCreator.java:run(180)) - RatisPipelineUtilsThread is interrupted.
2023-10-17 18:43:41,401 [Time-limited test] INFO  BackgroundPipelineScrubber (BackgroundSCMService.java:stop(131)) - Stopping BackgroundPipelineScrubber Service.
2023-10-17 18:43:41,401 [BackgroundPipelineScrubberThread] WARN  BackgroundPipelineScrubber (BackgroundSCMService.java:run(115)) - BackgroundPipelineScrubber is interrupted, exit
2023-10-17 18:43:41,402 [Time-limited test] INFO  impl.MetricsSystemImpl (MetricsSystemImpl.java:stop(210)) - Stopping HddsDatanode metrics system...
2023-10-17 18:43:41,402 [prometheus] INFO  impl.MetricsSinkAdapter (MetricsSinkAdapter.java:publishMetricsFromQueue(141)) - prometheus thread interrupted.
2023-10-17 18:43:41,402 [Time-limited test] INFO  impl.MetricsSystemImpl (MetricsSystemImpl.java:stop(216)) - HddsDatanode metrics system stopped.
2023-10-17 18:43:41,403 [Time-limited test] WARN  pipeline.BackgroundPipelineCreator (BackgroundPipelineCreator.java:stop(145)) - RatisPipelineUtilsThread is not running, just ignore.
2023-10-17 18:43:41,403 [Time-limited test] INFO  BackgroundPipelineScrubber (BackgroundSCMService.java:stop(126)) - BackgroundPipelineScrubber Service is not running, skip stop.
2023-10-17 18:43:41,403 [Time-limited test] INFO  ExpiredContainerReplicaOpScrubber (BackgroundSCMService.java:stop(131)) - Stopping ExpiredContainerReplicaOpScrubber Service.
2023-10-17 18:43:41,403 [ExpiredContainerReplicaOpScrubberThread] WARN  ExpiredContainerReplicaOpScrubber (BackgroundSCMService.java:run(115)) - ExpiredContainerReplicaOpScrubber is interrupted, exit
2023-10-17 18:43:41,403 [Time-limited test] INFO  utils.BackgroundService (BackgroundService.java:shutdown(160)) - Shutting down service SCMBlockDeletingService
2023-10-17 18:43:41,403 [Time-limited test] INFO  replication.ReplicationManager (ReplicationManager.java:stop(333)) - Replication Monitor Thread is not running.
2023-10-17 18:43:41,403 [Time-limited test] WARN  balancer.ContainerBalancer (ContainerBalancer.java:stop(326)) - Cannot stop Container Balancer because it's not running or stopping
2023-10-17 18:43:41,403 [LeaseManager#LeaseMonitor] WARN  lease.LeaseManager (LeaseManager.java:run(287)) - Lease manager is interrupted. Shutting down...
java.lang.InterruptedException
	at java.util.concurrent.locks.AbstractQueuedSynchronizer.doAcquireSharedNanos(AbstractQueuedSynchronizer.java:1039)
	at java.util.concurrent.locks.AbstractQueuedSynchronizer.tryAcquireSharedNanos(AbstractQueuedSynchronizer.java:1328)
	at java.util.concurrent.Semaphore.tryAcquire(Semaphore.java:409)
	at org.apache.hadoop.ozone.lease.LeaseManager$LeaseMonitor.run(LeaseManager.java:285)
	at java.lang.Thread.run(Thread.java:750)
2023-10-17 18:43:41,403 [Time-limited test] INFO  server.StorageContainerManager (StorageContainerManager.java:stop(1724)) - Stopping SCM MetadataStore.
2023-10-17 18:43:41,420 [Time-limited test] INFO  db.CodecTestUtil (CodecTestUtil.java:gc(47)) - gc 0
]]></system-out>
  </testcase>
  <testcase name="testCloseContainerCommandOnRestart" classname="org.apache.hadoop.ozone.scm.TestStorageContainerManager" time="39.66">
    <system-out><![CDATA[2023-10-17 18:43:41,765 [Time-limited test] WARN  server.ServerUtils (ServerUtils.java:getScmDbDir(155)) - ozone.scm.db.dirs is not configured. We recommend adding this setting. Falling back to ozone.metadata.dirs instead.
2023-10-17 18:43:41,769 [Time-limited test] WARN  server.ServerUtils (ServerUtils.java:getScmDbDir(155)) - ozone.scm.db.dirs is not configured. We recommend adding this setting. Falling back to ozone.metadata.dirs instead.
2023-10-17 18:43:41,769 [Time-limited test] INFO  ha.SCMHANodeDetails (SCMHANodeDetails.java:loadSCMHAConfig(210)) - ServiceID for StorageContainerManager is null
2023-10-17 18:43:41,769 [Time-limited test] WARN  ha.SCMHANodeDetails (SCMHANodeDetails.java:validateSCMHAConfig(183)) - Invalid config ozone.scm.ratis.enable. The config was not specified, but the default value true conflicts with the expected config value false. Falling back to the expected value. Current State of SCM: SCM is running in Non-HA without Ratis Ratis SCM -> Non Ratis SCM or Non HA SCM -> HA SCM is not supported
2023-10-17 18:43:41,769 [Time-limited test] INFO  ha.SCMHANodeDetails (SCMHANodeDetails.java:loadSCMHAConfig(215)) - ozone.scm.default.service.id is not defined, falling back to ozone.scm.service.ids to find serviceID for StorageContainerManager if it is HA enabled cluster
2023-10-17 18:43:41,770 [Time-limited test] WARN  utils.HAUtils (HAUtils.java:getMetaDir(339)) - ozone.scm.db.dirs is not configured. We recommend adding this setting. Falling back to ozone.metadata.dirs instead.
2023-10-17 18:43:41,770 [Time-limited test] WARN  db.DBStoreBuilder (DBStoreBuilder.java:applyDBDefinition(167)) - ozone.scm.db.dirs is not configured. We recommend adding this setting. Falling back to ozone.metadata.dirs instead.
2023-10-17 18:43:41,866 [Time-limited test] INFO  net.NodeSchemaLoader (NodeSchemaLoader.java:loadSchemaFromFile(129)) - Loading schema from [jar:file:/home/runner/.m2/repository/org/apache/ozone/hdds-common/1.4.0-SNAPSHOT/hdds-common-1.4.0-SNAPSHOT.jar!/network-topology-default.xml]
2023-10-17 18:43:41,866 [Time-limited test] INFO  net.NodeSchemaLoader (NodeSchemaLoader.java:loadSchema(176)) - Loading network topology layer schema file
2023-10-17 18:43:41,869 [Time-limited test] INFO  upgrade.AbstractLayoutVersionManager (AbstractLayoutVersionManager.java:init(83)) - Initializing Layout version manager with metadata layout = HADOOP_PRC_PORTS_IN_DATANODEDETAILS (version = 7), software layout = HADOOP_PRC_PORTS_IN_DATANODEDETAILS (version = 7)
2023-10-17 18:43:41,870 [Time-limited test] INFO  ha.SequenceIdGenerator (SequenceIdGenerator.java:upgradeToSequenceId(365)) - upgrade localId to 111677748019200000
2023-10-17 18:43:41,871 [Time-limited test] INFO  ha.SequenceIdGenerator (SequenceIdGenerator.java:upgradeToSequenceId(375)) - upgrade delTxnId to 0
2023-10-17 18:43:41,871 [Time-limited test] INFO  ha.SequenceIdGenerator (SequenceIdGenerator.java:upgradeToSequenceId(392)) - upgrade containerId to 0
2023-10-17 18:43:41,872 [Time-limited test] INFO  ha.SequenceIdGenerator (SequenceIdGenerator.java:upgradeToSequenceId(428)) - upgrade rootCertificateId to 1
2023-10-17 18:43:41,872 [Time-limited test] INFO  ha.SequenceIdGenerator (SequenceIdGenerator.java:<init>(236)) - Init the HA SequenceIdGenerator.
2023-10-17 18:43:41,872 [Time-limited test] INFO  node.SCMNodeManager (SCMNodeManager.java:<init>(157)) - Entering startup safe mode.
2023-10-17 18:43:41,873 [Time-limited test] INFO  algorithms.ContainerPlacementPolicyFactory (ContainerPlacementPolicyFactory.java:getPolicyInternal(86)) - Create container placement policy of type org.apache.hadoop.hdds.scm.container.placement.algorithms.SCMContainerPlacementRackAware
2023-10-17 18:43:41,873 [Time-limited test] INFO  algorithms.ContainerPlacementPolicyFactory (ContainerPlacementPolicyFactory.java:getPolicyInternal(86)) - Create container placement policy of type org.apache.hadoop.hdds.scm.container.placement.algorithms.SCMContainerPlacementRackScatter
2023-10-17 18:43:41,873 [Time-limited test] INFO  pipeline.PipelineStateManagerImpl (PipelineStateManagerImpl.java:initialize(78)) - No pipeline exists in current db
2023-10-17 18:43:41,874 [Time-limited test] INFO  algorithms.LeaderChoosePolicyFactory (LeaderChoosePolicyFactory.java:getPolicy(57)) - Create leader choose policy of type org.apache.hadoop.hdds.scm.pipeline.leader.choose.algorithms.MinLeaderCountChoosePolicy
2023-10-17 18:43:41,874 [Time-limited test] INFO  algorithms.ContainerPlacementPolicyFactory (ContainerPlacementPolicyFactory.java:getPolicyInternal(86)) - Create container placement policy of type org.apache.hadoop.hdds.scm.container.placement.algorithms.SCMContainerPlacementRackScatter
2023-10-17 18:43:41,874 [Time-limited test] INFO  ha.SCMServiceManager (SCMServiceManager.java:register(42)) - Registering service BackgroundPipelineCreator.
2023-10-17 18:43:41,874 [Time-limited test] INFO  pipeline.BackgroundPipelineCreator (BackgroundPipelineCreator.java:start(124)) - Starting RatisPipelineUtilsThread.
2023-10-17 18:43:41,874 [Time-limited test] INFO  BackgroundPipelineScrubber (BackgroundSCMService.java:start(68)) - Starting BackgroundPipelineScrubber Service.
2023-10-17 18:43:41,874 [Time-limited test] INFO  ha.SCMServiceManager (SCMServiceManager.java:register(42)) - Registering service BackgroundPipelineScrubber.
2023-10-17 18:43:41,875 [Time-limited test] INFO  ExpiredContainerReplicaOpScrubber (BackgroundSCMService.java:start(68)) - Starting ExpiredContainerReplicaOpScrubber Service.
2023-10-17 18:43:41,875 [Time-limited test] INFO  ha.SCMServiceManager (SCMServiceManager.java:register(42)) - Registering service ExpiredContainerReplicaOpScrubber.
2023-10-17 18:43:41,876 [Time-limited test] INFO  algorithms.PipelineChoosePolicyFactory (PipelineChoosePolicyFactory.java:createPipelineChoosePolicyFromClass(78)) - Create pipeline choose policy of type org.apache.hadoop.hdds.scm.pipeline.choose.algorithms.RandomPipelineChoosePolicy
2023-10-17 18:43:41,876 [Time-limited test] INFO  algorithms.PipelineChoosePolicyFactory (PipelineChoosePolicyFactory.java:createPipelineChoosePolicyFromClass(78)) - Create pipeline choose policy of type org.apache.hadoop.hdds.scm.pipeline.choose.algorithms.RandomPipelineChoosePolicy
2023-10-17 18:43:41,877 [Time-limited test] INFO  ha.SCMServiceManager (SCMServiceManager.java:register(42)) - Registering service SCMBlockDeletingService.
2023-10-17 18:43:41,878 [Time-limited test] INFO  replication.ReplicationManager (ReplicationManager.java:start(291)) - Starting Replication Monitor Thread.
2023-10-17 18:43:41,878 [ReplicationMonitor] INFO  replication.ReplicationManager (ReplicationManager.java:processAll(365)) - Replication Manager is not ready to run until 3000ms after safemode exit
2023-10-17 18:43:41,878 [Time-limited test] INFO  ha.SCMServiceManager (SCMServiceManager.java:register(42)) - Registering service ReplicationManager.
2023-10-17 18:43:41,879 [Time-limited test] INFO  safemode.ContainerSafeModeRule (ContainerSafeModeRule.java:<init>(90)) - containers with one replica threshold count 0
2023-10-17 18:43:41,879 [Time-limited test] INFO  safemode.HealthyPipelineSafeModeRule (HealthyPipelineSafeModeRule.java:initializeRule(169)) - Total pipeline count is 0, healthy pipeline threshold count is 0
2023-10-17 18:43:41,879 [Time-limited test] INFO  safemode.OneReplicaPipelineSafeModeRule (OneReplicaPipelineSafeModeRule.java:initializeRule(180)) - Total pipeline count is 0, pipeline's with at least one datanode reported threshold count is 0
2023-10-17 18:43:41,880 [Time-limited test] INFO  server.StorageContainerManager (StorageContainerManager.java:<init>(427)) - SCM start with adminUsers: [runner]
2023-10-17 18:43:41,880 [Time-limited test] INFO  ipc.CallQueueManager (CallQueueManager.java:<init>(90)) - Using callQueue: class java.util.concurrent.LinkedBlockingQueue, queueCapacity: 2000, scheduler: class org.apache.hadoop.ipc.DefaultRpcScheduler, ipcBackoff: false.
2023-10-17 18:43:41,880 [Time-limited test] INFO  ipc.Server (Server.java:<init>(1287)) - Listener at 0.0.0.0:15089
2023-10-17 18:43:41,881 [Socket Reader #1 for port 15089] INFO  ipc.Server (Server.java:run(1323)) - Starting Socket Reader #1 for port 15089
2023-10-17 18:43:41,882 [Time-limited test] INFO  ipc.CallQueueManager (CallQueueManager.java:<init>(90)) - Using callQueue: class java.util.concurrent.LinkedBlockingQueue, queueCapacity: 2000, scheduler: class org.apache.hadoop.ipc.DefaultRpcScheduler, ipcBackoff: false.
2023-10-17 18:43:41,882 [Time-limited test] INFO  ipc.Server (Server.java:<init>(1287)) - Listener at 0.0.0.0:15088
2023-10-17 18:43:41,886 [Socket Reader #1 for port 15088] INFO  ipc.Server (Server.java:run(1323)) - Starting Socket Reader #1 for port 15088
2023-10-17 18:43:41,886 [Time-limited test] INFO  ipc.CallQueueManager (CallQueueManager.java:<init>(90)) - Using callQueue: class java.util.concurrent.LinkedBlockingQueue, queueCapacity: 2000, scheduler: class org.apache.hadoop.ipc.DefaultRpcScheduler, ipcBackoff: false.
2023-10-17 18:43:41,887 [Time-limited test] INFO  ipc.Server (Server.java:<init>(1287)) - Listener at 0.0.0.0:15087
2023-10-17 18:43:41,887 [Socket Reader #1 for port 15087] INFO  ipc.Server (Server.java:run(1323)) - Starting Socket Reader #1 for port 15087
2023-10-17 18:43:41,890 [Time-limited test] INFO  ha.SCMServiceManager (SCMServiceManager.java:register(42)) - Registering service ContainerBalancer.
2023-10-17 18:43:41,890 [Time-limited test] INFO  server.StorageContainerManager (StorageContainerManager.java:<init>(440)) - 
Container Balancer status:
Key                            Value
Running                        false
Container Balancer Configuration values:
Key                                                Value
Threshold                                          10
Max Datanodes to Involve per Iteration(percent)    20
Max Size to Move per Iteration                     500GB
Max Size Entering Target per Iteration             26GB
Max Size Leaving Source per Iteration              26GB
Number of Iterations                               10
Time Limit for Single Container's Movement         65min
Time Limit for Single Container's Replication      50min
Interval between each Iteration                    70min
Whether to Enable Network Topology                 false
Whether to Trigger Refresh Datanode Usage Info     false
Container IDs to Exclude from Balancing            None
Datanodes Specified to be Balanced                 None
Datanodes Excluded from Balancing                  None

2023-10-17 18:43:41,890 [Time-limited test] INFO  ha.SCMContext (SCMContext.java:updateSafeModeStatus(230)) - Update SafeModeStatus from SafeModeStatus{safeModeStatus=true, preCheckPassed=false} to SafeModeStatus{safeModeStatus=true, preCheckPassed=false}.
2023-10-17 18:43:41,891 [Time-limited test] INFO  server.StorageContainerManager (StorageContainerManager.java:start(1492)) - StorageContainerLocationProtocol RPC server is listening at /0.0.0.0:15087
2023-10-17 18:43:41,896 [Time-limited test] WARN  impl.MetricsConfig (MetricsConfig.java:loadFirst(136)) - Cannot locate configuration: tried hadoop-metrics2-storagecontainermanager.properties,hadoop-metrics2.properties
2023-10-17 18:43:41,897 [Time-limited test] INFO  impl.MetricsSystemImpl (MetricsSystemImpl.java:startTimer(378)) - Scheduled Metric snapshot period at 10 second(s).
2023-10-17 18:43:41,897 [Time-limited test] INFO  impl.MetricsSystemImpl (MetricsSystemImpl.java:start(191)) - StorageContainerManager metrics system started
2023-10-17 18:43:41,905 [Time-limited test] INFO  impl.MetricsSinkAdapter (MetricsSinkAdapter.java:start(204)) - Sink prometheus started
2023-10-17 18:43:41,905 [Time-limited test] INFO  impl.MetricsSystemImpl (MetricsSystemImpl.java:registerSink(305)) - Registered sink prometheus
2023-10-17 18:43:41,934 [Time-limited test] INFO  server.SCMClientProtocolServer (SCMClientProtocolServer.java:start(201)) - RPC server for Client  is listening at /0.0.0.0:15087
2023-10-17 18:43:41,938 [IPC Server Responder] INFO  ipc.Server (Server.java:run(1562)) - IPC Server Responder: starting
2023-10-17 18:43:41,939 [IPC Server listener on 15087] INFO  ipc.Server (Server.java:run(1402)) - IPC Server listener on 15087: starting
2023-10-17 18:43:41,954 [Time-limited test] INFO  server.StorageContainerManager (StorageContainerManager.java:start(1505)) - ScmBlockLocationProtocol RPC server is listening at /0.0.0.0:15088
2023-10-17 18:43:41,954 [Time-limited test] INFO  server.SCMBlockProtocolServer (SCMBlockProtocolServer.java:start(154)) - RPC server for Block Protocol is listening at /0.0.0.0:15088
2023-10-17 18:43:41,955 [IPC Server Responder] INFO  ipc.Server (Server.java:run(1562)) - IPC Server Responder: starting
2023-10-17 18:43:41,959 [IPC Server listener on 15088] INFO  ipc.Server (Server.java:run(1402)) - IPC Server listener on 15088: starting
2023-10-17 18:43:41,959 [Time-limited test] INFO  server.SCMDatanodeProtocolServer (SCMDatanodeProtocolServer.java:start(193)) - ScmDatanodeProtocol RPC server for DataNodes is listening at /0.0.0.0:15089
2023-10-17 18:43:41,960 [IPC Server Responder] INFO  ipc.Server (Server.java:run(1562)) - IPC Server Responder: starting
2023-10-17 18:43:41,960 [IPC Server listener on 15089] INFO  ipc.Server (Server.java:run(1402)) - IPC Server listener on 15089: starting
2023-10-17 18:43:41,962 [JvmPauseMonitor13] INFO  util.JvmPauseMonitor (JvmPauseMonitor.java:run(103)) - JvmPauseMonitor-2bf016b8-d609-4d07-b24c-095f4898c493: Started
2023-10-17 18:43:41,963 [Time-limited test] INFO  http.BaseHttpServer (BaseHttpServer.java:newHttpServer2BuilderForOzone(223)) - Starting Web-server for scm at: http://0.0.0.0:15090
2023-10-17 18:43:41,963 [Time-limited test] INFO  http.BaseHttpServer (BaseHttpServer.java:<init>(110)) - Hadoop Security Enabled: false Ozone Security Enabled: false Ozone HTTP Security Enabled: false 
2023-10-17 18:43:41,964 [Time-limited test] WARN  server.AuthenticationFilter (AuthenticationFilter.java:constructSecretProvider(240)) - Unable to initialize FileSignerSecretProvider, falling back to use random secrets. Reason: Could not read signature secret file: /home/runner/hadoop-http-auth-signature-secret
2023-10-17 18:43:41,965 [Time-limited test] INFO  http.HttpRequestLog (HttpRequestLog.java:getRequestLog(86)) - Http request log for http.requests.scm is not defined
2023-10-17 18:43:41,966 [Time-limited test] INFO  http.HttpServer2 (HttpServer2.java:addGlobalFilter(1031)) - Added global filter 'safety' (class=org.apache.hadoop.hdds.server.http.HttpServer2$QuotingInputFilter)
2023-10-17 18:43:41,967 [Time-limited test] INFO  http.HttpServer2 (HttpServer2.java:addFilter(1007)) - Added filter static_user_filter (class=org.apache.hadoop.http.lib.StaticUserWebFilter$StaticUserFilter) to context scm
2023-10-17 18:43:41,967 [Time-limited test] INFO  http.HttpServer2 (HttpServer2.java:addFilter(1015)) - Added filter static_user_filter (class=org.apache.hadoop.http.lib.StaticUserWebFilter$StaticUserFilter) to context static
2023-10-17 18:43:41,967 [Time-limited test] INFO  http.HttpServer2 (HttpServer2.java:addFilter(1015)) - Added filter static_user_filter (class=org.apache.hadoop.http.lib.StaticUserWebFilter$StaticUserFilter) to context logs
2023-10-17 18:43:41,968 [Time-limited test] INFO  http.BaseHttpServer (BaseHttpServer.java:<init>(189)) - HTTP server of scm uses base directory /home/runner/work/ozone/ozone/hadoop-ozone/integration-test/target/test-dir/MiniOzoneClusterImpl-8925bcf1-3288-4578-9985-30cfda83a485/ozone-meta/webserver
2023-10-17 18:43:41,968 [Time-limited test] INFO  http.HttpServer2 (HttpServer2.java:bindListener(1231)) - Jetty bound to port 15090
2023-10-17 18:43:41,968 [Time-limited test] INFO  server.Server (Server.java:doStart(375)) - jetty-9.4.53.v20231009; built: 2023-10-09T12:29:09.265Z; git: 27bde00a0b95a1d5bbee0eae7984f891d2d0f8c9; jvm 1.8.0_382-b05
2023-10-17 18:43:41,969 [Time-limited test] INFO  server.session (DefaultSessionIdManager.java:doStart(334)) - DefaultSessionIdManager workerName=node0
2023-10-17 18:43:41,969 [Time-limited test] INFO  server.session (DefaultSessionIdManager.java:doStart(339)) - No SessionScavenger set, using defaults
2023-10-17 18:43:41,970 [Time-limited test] INFO  server.session (HouseKeeper.java:startScavenging(132)) - node0 Scavenging every 600000ms
2023-10-17 18:43:41,970 [Time-limited test] INFO  handler.ContextHandler (ContextHandler.java:doStart(921)) - Started o.e.j.s.ServletContextHandler@c0e3a42{logs,/logs,file:///home/runner/work/ozone/ozone/hadoop-ozone/integration-test/target/log,AVAILABLE}
2023-10-17 18:43:41,970 [Time-limited test] INFO  handler.ContextHandler (ContextHandler.java:doStart(921)) - Started o.e.j.s.ServletContextHandler@2a6a211b{static,/static,file:///home/runner/work/ozone/ozone/hadoop-ozone/integration-test/target/test-classes/webapps/static,AVAILABLE}
2023-10-17 18:43:41,973 [Time-limited test] INFO  handler.ContextHandler (ContextHandler.java:doStart(921)) - Started o.e.j.w.WebAppContext@3c44cbde{scm,/,file:///home/runner/work/ozone/ozone/hadoop-ozone/integration-test/target/test-classes/webapps/scm/,AVAILABLE}{file:/home/runner/work/ozone/ozone/hadoop-ozone/integration-test/target/test-classes/webapps/scm}
2023-10-17 18:43:41,978 [Time-limited test] INFO  server.AbstractConnector (AbstractConnector.java:doStart(333)) - Started ServerConnector@3e259d29{HTTP/1.1, (http/1.1)}{0.0.0.0:15090}
2023-10-17 18:43:41,979 [Time-limited test] INFO  server.Server (Server.java:doStart(415)) - Started @82693ms
2023-10-17 18:43:41,979 [Time-limited test] WARN  impl.MetricsSystemImpl (MetricsSystemImpl.java:register(279)) - Sink prometheus already exists!
2023-10-17 18:43:41,979 [Time-limited test] INFO  http.BaseHttpServer (BaseHttpServer.java:updateConnectorAddress(354)) - HTTP server of scm listening at http://0.0.0.0:15090
2023-10-17 18:43:41,980 [Time-limited test] WARN  server.ServerUtils (ServerUtils.java:getDBPath(311)) - ozone.om.db.dirs is not configured. We recommend adding this setting. Falling back to ozone.metadata.dirs instead.
2023-10-17 18:43:41,981 [Time-limited test] INFO  ha.OMHANodeDetails (OMHANodeDetails.java:loadOMHAConfig(115)) - ozone.om.internal.service.id is not defined, falling back to ozone.om.service.ids to find serviceID for OzoneManager if it is HA enabled cluster
2023-10-17 18:43:41,981 [Time-limited test] INFO  ha.OMHANodeDetails (OMHANodeDetails.java:loadOMHAConfig(226)) - Configuration does not have ozone.om.address set. Falling back to the default OM address /127.0.0.1:15091
2023-10-17 18:43:41,982 [Time-limited test] INFO  ha.OMHANodeDetails (OMHANodeDetails.java:getOMNodeDetailsForNonHA(254)) - OM Service ID is not set. Setting it to the default ID: omServiceIdDefault
2023-10-17 18:43:41,982 [Time-limited test] INFO  ha.OMHANodeDetails (OMHANodeDetails.java:getOMNodeDetailsForNonHA(261)) - OM Node ID is not set. Setting it to the default ID: om1
2023-10-17 18:43:41,982 [Time-limited test] WARN  server.ServerUtils (ServerUtils.java:getDBPath(311)) - ozone.om.db.dirs is not configured. We recommend adding this setting. Falling back to ozone.metadata.dirs instead.
2023-10-17 18:43:41,983 [Time-limited test] INFO  upgrade.AbstractLayoutVersionManager (AbstractLayoutVersionManager.java:init(83)) - Initializing Layout version manager with metadata layout = QUOTA (version = 6), software layout = QUOTA (version = 6)
2023-10-17 18:43:42,055 [Time-limited test] INFO  reflections.Reflections (Reflections.java:scan(232)) - Reflections took 71 ms to scan 2 urls, producing 190 keys and 532 values [using 2 cores]
2023-10-17 18:43:42,056 [Time-limited test] INFO  upgrade.OMLayoutVersionManager (OMLayoutVersionManager.java:lambda$0(115)) - Skipping Upgrade Action MockOmUpgradeAction since it has been finalized.
2023-10-17 18:43:42,056 [Time-limited test] INFO  upgrade.OMLayoutVersionManager (OMLayoutVersionManager.java:lambda$0(115)) - Skipping Upgrade Action QuotaRepairUpgradeAction since it has been finalized.
2023-10-17 18:43:42,056 [Time-limited test] WARN  server.ServerUtils (ServerUtils.java:getDBPath(311)) - ozone.om.db.dirs is not configured. We recommend adding this setting. Falling back to ozone.metadata.dirs instead.
2023-10-17 18:43:42,057 [Time-limited test] INFO  proxy.SCMBlockLocationFailoverProxyProvider (SCMBlockLocationFailoverProxyProvider.java:<init>(114)) - Created block location fail-over proxy with 1 nodes: [nodeId=scmNodeId,nodeAddress=/0.0.0.0:15088]
2023-10-17 18:43:42,058 [Time-limited test] INFO  proxy.SCMBlockLocationFailoverProxyProvider (SCMBlockLocationFailoverProxyProvider.java:<init>(114)) - Created block location fail-over proxy with 1 nodes: [nodeId=scmNodeId,nodeAddress=/0.0.0.0:15088]
2023-10-17 18:43:42,069 [Time-limited test] INFO  om.OzoneManager (OzoneManager.java:<init>(671)) - OM start with adminUsers: [runner]
2023-10-17 18:43:42,071 [Time-limited test] WARN  server.ServerUtils (ServerUtils.java:getDBPath(311)) - ozone.om.db.dirs is not configured. We recommend adding this setting. Falling back to ozone.metadata.dirs instead.
2023-10-17 18:43:42,071 [Time-limited test] INFO  helpers.OmKeyInfo (OmKeyInfo.java:getCodec(71)) - OmKeyInfo.getCodec ignorePipeline = true
2023-10-17 18:43:42,252 [Time-limited test] INFO  om.OzoneManager (OzoneManager.java:instantiateServices(800)) - S3 Multi-Tenancy is disabled
2023-10-17 18:43:42,253 [Time-limited test] INFO  om.OmSnapshotManager (OmSnapshotManager.java:<init>(174)) - Ozone filesystem snapshot feature is enabled.
2023-10-17 18:43:42,253 [Time-limited test] WARN  server.ServerUtils (ServerUtils.java:getDBPath(311)) - ozone.om.snapshot.diff.db.dir is not configured. We recommend adding this setting. Falling back to ozone.metadata.dirs instead.
2023-10-17 18:43:42,272 [Time-limited test] INFO  snapshot.SnapshotDiffManager (SnapshotDiffManager.java:closeExecutorService(1720)) - Shutting down executorService: 'SstDumpToolExecutor'
2023-10-17 18:43:42,273 [Time-limited test] INFO  om.OzoneManager (OzoneManager.java:addS3GVolumeToDB(4376)) - Created Volume s3v With Owner runner required for S3Gateway operations.
2023-10-17 18:43:42,273 [Time-limited test] WARN  server.ServerUtils (ServerUtils.java:getDefaultRatisDirectory(323)) - Storage directory for Ratis is not configured. It is a good idea to map this to an SSD disk. Falling back to ozone.metadata.dirs
2023-10-17 18:43:42,274 [Time-limited test] WARN  utils.OzoneManagerRatisUtils (OzoneManagerRatisUtils.java:getOMRatisSnapshotDirectory(470)) - ozone.om.ratis.snapshot.dir is not configured. Falling back to ozone.metadata.dirs config
2023-10-17 18:43:42,274 [Time-limited test] WARN  server.ServerUtils (ServerUtils.java:getDefaultRatisDirectory(323)) - Storage directory for Ratis is not configured. It is a good idea to map this to an SSD disk. Falling back to ozone.metadata.dirs
2023-10-17 18:43:42,275 [Time-limited test] INFO  ratis.OzoneManagerRatisServer (OzoneManagerRatisServer.java:<init>(164)) - Instantiating OM Ratis server with groupID: omServiceIdDefault and peers: localhost:15094
2023-10-17 18:43:42,276 [Time-limited test] INFO  ratis.OzoneManagerStateMachine (OzoneManagerStateMachine.java:loadSnapshotInfoFromDB(691)) - LastAppliedIndex is set from TransactionInfo from OM DB as (t:0, i:~)
2023-10-17 18:43:42,276 [Time-limited test] INFO  server.RaftServer (ConfUtils.java:logGet(46)) - raft.rpc.type = GRPC (default)
2023-10-17 18:43:42,276 [Time-limited test] INFO  grpc.GrpcConfigKeys (ConfUtils.java:logFallback(53)) - raft.grpc.admin.host = null (fallback to raft.grpc.server.host)
2023-10-17 18:43:42,276 [Time-limited test] INFO  grpc.GrpcConfigKeys (ConfUtils.java:logFallback(53)) - raft.grpc.admin.port = 15094 (fallback to raft.grpc.server.port)
2023-10-17 18:43:42,276 [Time-limited test] INFO  grpc.GrpcConfigKeys (ConfUtils.java:logFallback(53)) - raft.grpc.client.host = null (fallback to raft.grpc.server.host)
2023-10-17 18:43:42,276 [Time-limited test] INFO  grpc.GrpcConfigKeys (ConfUtils.java:logFallback(53)) - raft.grpc.client.port = 15094 (fallback to raft.grpc.server.port)
2023-10-17 18:43:42,276 [Time-limited test] INFO  grpc.GrpcConfigKeys (ConfUtils.java:logGet(46)) - raft.grpc.server.host = null (default)
2023-10-17 18:43:42,277 [Time-limited test] INFO  grpc.GrpcConfigKeys (ConfUtils.java:logGet(46)) - raft.grpc.server.port = 15094 (custom)
2023-10-17 18:43:42,277 [Time-limited test] INFO  server.GrpcService (ConfUtils.java:logGet(46)) - raft.grpc.message.size.max = 33554432 (custom)
2023-10-17 18:43:42,277 [Time-limited test] INFO  server.RaftServerConfigKeys (ConfUtils.java:logGet(46)) - raft.server.log.appender.buffer.byte-limit = 33554432 (custom)
2023-10-17 18:43:42,277 [Time-limited test] INFO  server.GrpcService (ConfUtils.java:logGet(46)) - raft.grpc.flow.control.window = 1MB (=1048576) (default)
2023-10-17 18:43:42,277 [Time-limited test] INFO  server.RaftServerConfigKeys (ConfUtils.java:logGet(46)) - raft.server.rpc.request.timeout = 3000ms (default)
2023-10-17 18:43:42,277 [Time-limited test] INFO  grpc.GrpcConfigKeys (ConfUtils.java:logGet(46)) - raft.grpc.server.heartbeat.channel = true (default)
2023-10-17 18:43:42,277 [Time-limited test] INFO  grpc.GrpcConfigKeys (ConfUtils.java:logGet(46)) - raft.grpc.server.async.request.thread.pool.cached = true (default)
2023-10-17 18:43:42,277 [Time-limited test] INFO  grpc.GrpcConfigKeys (ConfUtils.java:logGet(46)) - raft.grpc.server.async.request.thread.pool.size = 32 (default)
2023-10-17 18:43:42,278 [Time-limited test] INFO  impl.DataStreamServerImpl (ConfUtils.java:logGet(46)) - raft.datastream.type = DISABLED (default)
2023-10-17 18:43:42,279 [Time-limited test] INFO  server.RaftServerConfigKeys (ConfUtils.java:logGet(46)) - raft.server.threadpool.proxy.cached = true (default)
2023-10-17 18:43:42,279 [Time-limited test] INFO  server.RaftServerConfigKeys (ConfUtils.java:logGet(46)) - raft.server.threadpool.proxy.size = 0 (default)
2023-10-17 18:43:42,279 [Time-limited test] INFO  server.RaftServerConfigKeys (ConfUtils.java:logGet(46)) - raft.server.rpc.slowness.timeout = 120s (custom)
2023-10-17 18:43:42,279 [Time-limited test] INFO  server.RaftServerConfigKeys (ConfUtils.java:logGet(46)) - raft.server.leaderelection.leader.step-down.wait-time = 10s (default)
2023-10-17 18:43:42,279 [Time-limited test] INFO  server.RaftServerConfigKeys (ConfUtils.java:logGet(46)) - raft.server.storage.dir = [/home/runner/work/ozone/ozone/hadoop-ozone/integration-test/target/test-dir/MiniOzoneClusterImpl-8925bcf1-3288-4578-9985-30cfda83a485/ozone-meta/ratis] (custom)
2023-10-17 18:43:42,280 [Time-limited test] INFO  server.RaftServer (RaftServerProxy.java:addNew(98)) - om1: addNew group-C5BA1605619E:[om1|rpc:localhost:15094|priority:0|startupRole:FOLLOWER] returns group-C5BA1605619E:java.util.concurrent.CompletableFuture@484bd0df[Not completed]
2023-10-17 18:43:42,280 [Time-limited test] INFO  om.OzoneManager (OzoneManager.java:initializeRatisServer(2147)) - OzoneManager Ratis server initialized at port 15094
2023-10-17 18:43:42,280 [om1-groupManagement] INFO  server.RaftServer$Division (RaftServerImpl.java:<init>(198)) - om1: new RaftServerImpl for group-C5BA1605619E:[om1|rpc:localhost:15094|priority:0|startupRole:FOLLOWER] with OzoneManagerStateMachine:uninitialized
2023-10-17 18:43:42,280 [Time-limited test] INFO  om.OzoneManager (OzoneManager.java:getRpcServer(1202)) - Creating RPC Server
2023-10-17 18:43:42,280 [om1-groupManagement] INFO  server.RaftServerConfigKeys (ConfUtils.java:logGet(46)) - raft.server.rpc.timeout.min = 1s (custom)
2023-10-17 18:43:42,280 [om1-groupManagement] INFO  server.RaftServerConfigKeys (ConfUtils.java:logGet(46)) - raft.server.rpc.timeout.max = 1200ms (custom)
2023-10-17 18:43:42,280 [om1-groupManagement] INFO  server.RaftServerConfigKeys (ConfUtils.java:logGet(46)) - raft.server.rpc.sleep.time = 25ms (default)
2023-10-17 18:43:42,280 [om1-groupManagement] INFO  server.RaftServerConfigKeys (ConfUtils.java:logGet(46)) - raft.server.rpc.slowness.timeout = 120s (custom)
2023-10-17 18:43:42,280 [om1-groupManagement] INFO  server.RaftServerConfigKeys (ConfUtils.java:logGet(46)) - raft.server.leaderelection.leader.step-down.wait-time = 10s (default)
2023-10-17 18:43:42,280 [om1-groupManagement] INFO  server.RaftServerConfigKeys (ConfUtils.java:logGet(46)) - raft.server.sleep.deviation.threshold = 300ms (default)
2023-10-17 18:43:42,281 [om1-groupManagement] INFO  server.RaftServer$Division (ServerState.java:<init>(120)) - om1@group-C5BA1605619E: ConfigurationManager, init=-1: peers:[om1|rpc:localhost:15094|priority:0|startupRole:FOLLOWER]|listeners:[], old=null, confs=<EMPTY_MAP>
2023-10-17 18:43:42,281 [om1-groupManagement] INFO  server.RaftServerConfigKeys (ConfUtils.java:logGet(46)) - raft.server.storage.dir = [/home/runner/work/ozone/ozone/hadoop-ozone/integration-test/target/test-dir/MiniOzoneClusterImpl-8925bcf1-3288-4578-9985-30cfda83a485/ozone-meta/ratis] (custom)
2023-10-17 18:43:42,284 [om1-groupManagement] INFO  server.RaftServerConfigKeys (ConfUtils.java:logGet(46)) - raft.server.log.corruption.policy = EXCEPTION (default)
2023-10-17 18:43:42,284 [om1-groupManagement] INFO  server.RaftServerConfigKeys (ConfUtils.java:logGet(46)) - raft.server.storage.free-space.min = 0MB (=0) (default)
2023-10-17 18:43:42,284 [om1-groupManagement] INFO  server.RaftServerConfigKeys (ConfUtils.java:logGet(46)) - raft.server.notification.no-leader.timeout = 120s (custom)
2023-10-17 18:43:42,284 [om1-groupManagement] INFO  server.RaftServerConfigKeys (ConfUtils.java:logGet(46)) - raft.server.read.timeout = 10s (default)
2023-10-17 18:43:42,284 [om1-groupManagement] INFO  server.RaftServerConfigKeys (ConfUtils.java:logGet(46)) - raft.server.retrycache.expirytime = 300s (custom)
2023-10-17 18:43:42,284 [om1-groupManagement] INFO  server.RaftServerConfigKeys (ConfUtils.java:logGet(46)) - raft.server.retrycache.statistics.expirytime = 100μs (default)
2023-10-17 18:43:42,284 [om1-groupManagement] INFO  server.RaftServerConfigKeys (ConfUtils.java:logGet(46)) - raft.server.read.option = DEFAULT (default)
2023-10-17 18:43:42,284 [om1-groupManagement] INFO  server.RaftServerConfigKeys (ConfUtils.java:logGet(46)) - raft.server.rpc.request.timeout = 3000ms (default)
2023-10-17 18:43:42,284 [om1-groupManagement] INFO  server.RaftServerConfigKeys (ConfUtils.java:logGet(46)) - raft.server.log.appender.install.snapshot.enabled = false (custom)
2023-10-17 18:43:42,285 [om1-groupManagement] INFO  server.RaftServerConfigKeys (ConfUtils.java:logGet(46)) - raft.server.threadpool.server.cached = true (default)
2023-10-17 18:43:42,285 [om1-groupManagement] INFO  server.RaftServerConfigKeys (ConfUtils.java:logGet(46)) - raft.server.threadpool.server.size = 0 (default)
2023-10-17 18:43:42,285 [om1-groupManagement] INFO  server.RaftServerConfigKeys (ConfUtils.java:logGet(46)) - raft.server.threadpool.client.cached = true (default)
2023-10-17 18:43:42,285 [om1-groupManagement] INFO  server.RaftServerConfigKeys (ConfUtils.java:logGet(46)) - raft.server.threadpool.client.size = 0 (default)
2023-10-17 18:43:42,596 [Time-limited test] INFO  reflections.Reflections (Reflections.java:scan(232)) - Reflections took 315 ms to scan 20 urls, producing 71 keys and 6047 values [using 2 cores]
2023-10-17 18:43:42,598 [Time-limited test] INFO  ipc.CallQueueManager (CallQueueManager.java:<init>(90)) - Using callQueue: class java.util.concurrent.LinkedBlockingQueue, queueCapacity: 2000, scheduler: class org.apache.hadoop.ipc.DefaultRpcScheduler, ipcBackoff: false.
2023-10-17 18:43:42,598 [Time-limited test] INFO  ipc.Server (Server.java:<init>(1287)) - Listener at 127.0.0.1:15091
2023-10-17 18:43:42,598 [Socket Reader #1 for port 15091] INFO  ipc.Server (Server.java:run(1323)) - Starting Socket Reader #1 for port 15091
2023-10-17 18:43:42,621 [Time-limited test] INFO  impl.MetricsSystemImpl (MetricsSystemImpl.java:init(158)) - OzoneManager metrics system started (again)
2023-10-17 18:43:42,631 [Time-limited test] INFO  om.OzoneManager (OzoneManager.java:start(1635)) - OzoneManager RPC server is listening at localhost/127.0.0.1:15091
2023-10-17 18:43:42,631 [Time-limited test] INFO  ratis.OzoneManagerRatisServer (OzoneManagerRatisServer.java:start(559)) - Starting OzoneManagerRatisServer om1 at port 15094
2023-10-17 18:43:42,632 [om1-impl-thread1] INFO  storage.RaftStorageDirectory (RaftStorageDirectoryImpl.java:analyzeStorage(137)) - The storage directory /home/runner/work/ozone/ozone/hadoop-ozone/integration-test/target/test-dir/MiniOzoneClusterImpl-8925bcf1-3288-4578-9985-30cfda83a485/ozone-meta/ratis/bf265839-605b-3f16-9796-c5ba1605619e does not exist. Creating ...
2023-10-17 18:43:42,633 [om1-impl-thread1] INFO  storage.RaftStorageDirectory (RaftStorageDirectoryImpl.java:tryLock(231)) - Lock on /home/runner/work/ozone/ozone/hadoop-ozone/integration-test/target/test-dir/MiniOzoneClusterImpl-8925bcf1-3288-4578-9985-30cfda83a485/ozone-meta/ratis/bf265839-605b-3f16-9796-c5ba1605619e/in_use.lock acquired by nodename 31914@fv-az189-115
2023-10-17 18:43:42,634 [om1-impl-thread1] INFO  storage.RaftStorage (RaftStorageImpl.java:format(96)) - Storage directory /home/runner/work/ozone/ozone/hadoop-ozone/integration-test/target/test-dir/MiniOzoneClusterImpl-8925bcf1-3288-4578-9985-30cfda83a485/ozone-meta/ratis/bf265839-605b-3f16-9796-c5ba1605619e has been successfully formatted.
2023-10-17 18:43:42,634 [om1-impl-thread1] INFO  server.RaftServerConfigKeys (ConfUtils.java:logGet(46)) - raft.server.log.use.memory = false (default)
2023-10-17 18:43:42,634 [om1-impl-thread1] INFO  server.RaftServerConfigKeys (ConfUtils.java:logGet(46)) - raft.server.log.purge.gap = 1000000 (custom)
2023-10-17 18:43:42,634 [om1-impl-thread1] INFO  server.RaftServerConfigKeys (ConfUtils.java:logGet(46)) - raft.server.log.appender.buffer.byte-limit = 33554432 (custom)
2023-10-17 18:43:42,634 [om1-impl-thread1] INFO  server.RaftServerConfigKeys (ConfUtils.java:logGet(46)) - raft.server.log.statemachine.data.read.timeout = 1000ms (default)
2023-10-17 18:43:42,635 [om1-impl-thread1] INFO  server.RaftServerConfigKeys (ConfUtils.java:logGet(46)) - raft.server.log.purge.preservation.log.num = 0 (default)
2023-10-17 18:43:42,635 [om1-impl-thread1] INFO  server.RaftServerConfigKeys (ConfUtils.java:logGet(46)) - raft.server.log.segment.size.max = 4194304 (custom)
2023-10-17 18:43:42,635 [om1-impl-thread1] INFO  server.RaftServerConfigKeys (ConfUtils.java:logGet(46)) - raft.server.log.segment.cache.num.max = 2 (custom)
2023-10-17 18:43:42,635 [om1-impl-thread1] INFO  server.RaftServerConfigKeys (ConfUtils.java:logGet(46)) - raft.server.log.segment.cache.size.max = 200MB (=209715200) (default)
2023-10-17 18:43:42,635 [om1-impl-thread1] INFO  server.RaftServerConfigKeys (ConfUtils.java:logGet(46)) - raft.server.log.appender.buffer.byte-limit = 33554432 (custom)
2023-10-17 18:43:42,635 [om1-impl-thread1] INFO  segmented.SegmentedRaftLogWorker (SegmentedRaftLogWorker.java:<init>(188)) - new om1@group-C5BA1605619E-SegmentedRaftLogWorker for RaftStorageImpl:Storage Directory /home/runner/work/ozone/ozone/hadoop-ozone/integration-test/target/test-dir/MiniOzoneClusterImpl-8925bcf1-3288-4578-9985-30cfda83a485/ozone-meta/ratis/bf265839-605b-3f16-9796-c5ba1605619e
2023-10-17 18:43:42,635 [om1-impl-thread1] INFO  server.RaftServerConfigKeys (ConfUtils.java:logGet(46)) - raft.server.log.queue.byte-limit = 64MB (=67108864) (default)
2023-10-17 18:43:42,635 [om1-impl-thread1] INFO  server.RaftServerConfigKeys (ConfUtils.java:logGet(46)) - raft.server.log.queue.element-limit = 4096 (default)
2023-10-17 18:43:42,635 [om1-impl-thread1] INFO  server.RaftServerConfigKeys (ConfUtils.java:logGet(46)) - raft.server.log.segment.size.max = 4194304 (custom)
2023-10-17 18:43:42,635 [om1-impl-thread1] INFO  server.RaftServerConfigKeys (ConfUtils.java:logGet(46)) - raft.server.log.preallocated.size = 4194304 (custom)
2023-10-17 18:43:42,635 [om1-impl-thread1] INFO  server.RaftServerConfigKeys (ConfUtils.java:logGet(46)) - raft.server.log.force.sync.num = 128 (default)
2023-10-17 18:43:42,635 [om1-impl-thread1] INFO  server.RaftServerConfigKeys (ConfUtils.java:logGet(46)) - raft.server.log.statemachine.data.sync = true (default)
2023-10-17 18:43:42,635 [om1-impl-thread1] INFO  server.RaftServerConfigKeys (ConfUtils.java:logGet(46)) - raft.server.log.statemachine.data.sync.timeout = 10s (default)
2023-10-17 18:43:42,635 [om1-impl-thread1] INFO  server.RaftServerConfigKeys (ConfUtils.java:logGet(46)) - raft.server.log.statemachine.data.sync.timeout.retry = -1 (default)
2023-10-17 18:43:42,636 [om1-impl-thread1] INFO  server.RaftServerConfigKeys (ConfUtils.java:logGet(46)) - raft.server.log.write.buffer.size = 64KB (=65536) (default)
2023-10-17 18:43:42,636 [om1-impl-thread1] INFO  server.RaftServerConfigKeys (ConfUtils.java:logGet(46)) - raft.server.log.appender.buffer.byte-limit = 33554432 (custom)
2023-10-17 18:43:42,640 [om1-impl-thread1] INFO  server.RaftServerConfigKeys (ConfUtils.java:logGet(46)) - raft.server.log.unsafe-flush.enabled = false (default)
2023-10-17 18:43:42,641 [om1-impl-thread1] INFO  server.RaftServerConfigKeys (ConfUtils.java:logGet(46)) - raft.server.log.async-flush.enabled = false (default)
2023-10-17 18:43:42,641 [om1-impl-thread1] INFO  server.RaftServerConfigKeys (ConfUtils.java:logGet(46)) - raft.server.log.statemachine.data.caching.enabled = false (default)
2023-10-17 18:43:42,641 [om1-impl-thread1] INFO  segmented.SegmentedRaftLogWorker (SegmentedRaftLogWorker.java:lambda$new$0(135)) - om1@group-C5BA1605619E-SegmentedRaftLogWorker: flushIndex: setUnconditionally 0 -> -1
2023-10-17 18:43:42,641 [om1-impl-thread1] INFO  segmented.SegmentedRaftLogWorker (SegmentedRaftLogWorker.java:lambda$new$0(135)) - om1@group-C5BA1605619E-SegmentedRaftLogWorker: safeCacheEvictIndex: setUnconditionally 0 -> -1
2023-10-17 18:43:42,641 [om1-impl-thread1] INFO  server.RaftServer$Division (RaftServerImpl.java:start(342)) - om1@group-C5BA1605619E: start as a follower, conf=-1: peers:[om1|rpc:localhost:15094|priority:0|startupRole:FOLLOWER]|listeners:[], old=null
2023-10-17 18:43:42,641 [om1-impl-thread1] INFO  server.RaftServer$Division (RaftServerImpl.java:setRole(329)) - om1@group-C5BA1605619E: changes role from      null to FOLLOWER at term 0 for startAsFollower
2023-10-17 18:43:42,641 [om1-impl-thread1] INFO  impl.RoleInfo (RoleInfo.java:updateAndGet(139)) - om1: start om1@group-C5BA1605619E-FollowerState
2023-10-17 18:43:42,641 [om1@group-C5BA1605619E-FollowerState] INFO  server.RaftServerConfigKeys (ConfUtils.java:logFallback(53)) - raft.server.rpc.first-election.timeout.min = 1s (fallback to raft.server.rpc.timeout.min)
2023-10-17 18:43:42,642 [om1@group-C5BA1605619E-FollowerState] INFO  server.RaftServerConfigKeys (ConfUtils.java:logFallback(53)) - raft.server.rpc.first-election.timeout.max = 1200ms (fallback to raft.server.rpc.timeout.max)
2023-10-17 18:43:42,642 [om1-impl-thread1] INFO  util.JmxRegister (JmxRegister.java:tryRegister(44)) - Successfully registered JMX Bean with object name Ratis:service=RaftServer,group=group-C5BA1605619E,id=om1
2023-10-17 18:43:42,642 [om1-impl-thread1] INFO  server.RaftServerConfigKeys (ConfUtils.java:logGet(46)) - raft.server.snapshot.auto.trigger.enabled = true (custom)
2023-10-17 18:43:42,642 [om1-impl-thread1] INFO  server.RaftServerConfigKeys (ConfUtils.java:logGet(46)) - raft.server.snapshot.auto.trigger.threshold = 400000 (default)
2023-10-17 18:43:42,642 [om1-impl-thread1] INFO  server.RaftServerConfigKeys (ConfUtils.java:logGet(46)) - raft.server.snapshot.retention.file.num = -1 (default)
2023-10-17 18:43:42,642 [om1-impl-thread1] INFO  server.RaftServerConfigKeys (ConfUtils.java:logGet(46)) - raft.server.log.purge.upto.snapshot.index = true (custom)
2023-10-17 18:43:42,642 [Time-limited test] INFO  server.RaftServer (RaftServerProxy.java:startImpl(400)) - om1: start RPC server
2023-10-17 18:43:42,644 [Time-limited test] INFO  server.GrpcService (GrpcService.java:startImpl(302)) - om1: GrpcService started, listening on 15094
2023-10-17 18:43:42,644 [JvmPauseMonitor14] INFO  util.JvmPauseMonitor (JvmPauseMonitor.java:run(103)) - JvmPauseMonitor-om1: Started
2023-10-17 18:43:42,644 [Time-limited test] INFO  om.OzoneManager (OzoneManager.java:start(1651)) - Version File has different layout version (6) than OM DB (null). That is expected if this OM has never been finalized to a newer layout version.
2023-10-17 18:43:42,648 [Time-limited test] INFO  http.BaseHttpServer (BaseHttpServer.java:newHttpServer2BuilderForOzone(223)) - Starting Web-server for ozoneManager at: http://0.0.0.0:15092
2023-10-17 18:43:42,648 [Time-limited test] INFO  http.BaseHttpServer (BaseHttpServer.java:<init>(110)) - Hadoop Security Enabled: false Ozone Security Enabled: false Ozone HTTP Security Enabled: false 
2023-10-17 18:43:42,649 [Time-limited test] WARN  server.AuthenticationFilter (AuthenticationFilter.java:constructSecretProvider(240)) - Unable to initialize FileSignerSecretProvider, falling back to use random secrets. Reason: Could not read signature secret file: /home/runner/hadoop-http-auth-signature-secret
2023-10-17 18:43:42,650 [Time-limited test] INFO  http.HttpRequestLog (HttpRequestLog.java:getRequestLog(86)) - Http request log for http.requests.ozoneManager is not defined
2023-10-17 18:43:42,651 [Time-limited test] INFO  http.HttpServer2 (HttpServer2.java:addGlobalFilter(1031)) - Added global filter 'safety' (class=org.apache.hadoop.hdds.server.http.HttpServer2$QuotingInputFilter)
2023-10-17 18:43:42,652 [Time-limited test] INFO  http.HttpServer2 (HttpServer2.java:addFilter(1007)) - Added filter static_user_filter (class=org.apache.hadoop.http.lib.StaticUserWebFilter$StaticUserFilter) to context ozoneManager
2023-10-17 18:43:42,652 [Time-limited test] INFO  http.HttpServer2 (HttpServer2.java:addFilter(1015)) - Added filter static_user_filter (class=org.apache.hadoop.http.lib.StaticUserWebFilter$StaticUserFilter) to context static
2023-10-17 18:43:42,652 [Time-limited test] INFO  http.HttpServer2 (HttpServer2.java:addFilter(1015)) - Added filter static_user_filter (class=org.apache.hadoop.http.lib.StaticUserWebFilter$StaticUserFilter) to context logs
2023-10-17 18:43:42,652 [Time-limited test] INFO  http.BaseHttpServer (BaseHttpServer.java:<init>(189)) - HTTP server of ozoneManager uses base directory /home/runner/work/ozone/ozone/hadoop-ozone/integration-test/target/test-dir/MiniOzoneClusterImpl-8925bcf1-3288-4578-9985-30cfda83a485/ozone-meta/webserver
2023-10-17 18:43:42,652 [Time-limited test] INFO  http.HttpServer2 (HttpServer2.java:bindListener(1231)) - Jetty bound to port 15092
2023-10-17 18:43:42,652 [Time-limited test] INFO  server.Server (Server.java:doStart(375)) - jetty-9.4.53.v20231009; built: 2023-10-09T12:29:09.265Z; git: 27bde00a0b95a1d5bbee0eae7984f891d2d0f8c9; jvm 1.8.0_382-b05
2023-10-17 18:43:42,659 [Time-limited test] INFO  server.session (DefaultSessionIdManager.java:doStart(334)) - DefaultSessionIdManager workerName=node0
2023-10-17 18:43:42,659 [Time-limited test] INFO  server.session (DefaultSessionIdManager.java:doStart(339)) - No SessionScavenger set, using defaults
2023-10-17 18:43:42,659 [Time-limited test] INFO  server.session (HouseKeeper.java:startScavenging(132)) - node0 Scavenging every 600000ms
2023-10-17 18:43:42,660 [Time-limited test] INFO  handler.ContextHandler (ContextHandler.java:doStart(921)) - Started o.e.j.s.ServletContextHandler@454eb275{logs,/logs,file:///home/runner/work/ozone/ozone/hadoop-ozone/integration-test/target/log,AVAILABLE}
2023-10-17 18:43:42,660 [Time-limited test] INFO  handler.ContextHandler (ContextHandler.java:doStart(921)) - Started o.e.j.s.ServletContextHandler@5139b1ea{static,/static,file:///home/runner/work/ozone/ozone/hadoop-ozone/integration-test/target/test-classes/webapps/static,AVAILABLE}
2023-10-17 18:43:42,663 [Time-limited test] INFO  handler.ContextHandler (ContextHandler.java:doStart(921)) - Started o.e.j.w.WebAppContext@17ea24c5{ozoneManager,/,file:///home/runner/work/ozone/ozone/hadoop-ozone/integration-test/target/test-classes/webapps/ozoneManager/,AVAILABLE}{file:/home/runner/work/ozone/ozone/hadoop-ozone/integration-test/target/test-classes/webapps/ozoneManager}
2023-10-17 18:43:42,664 [Time-limited test] INFO  server.AbstractConnector (AbstractConnector.java:doStart(333)) - Started ServerConnector@eae15e9{HTTP/1.1, (http/1.1)}{0.0.0.0:15092}
2023-10-17 18:43:42,664 [Time-limited test] INFO  server.Server (Server.java:doStart(415)) - Started @83379ms
2023-10-17 18:43:42,664 [Time-limited test] WARN  impl.MetricsSystemImpl (MetricsSystemImpl.java:register(279)) - Sink prometheus already exists!
2023-10-17 18:43:42,665 [Time-limited test] INFO  http.BaseHttpServer (BaseHttpServer.java:updateConnectorAddress(354)) - HTTP server of ozoneManager listening at http://0.0.0.0:15092
2023-10-17 18:43:42,665 [IPC Server Responder] INFO  ipc.Server (Server.java:run(1562)) - IPC Server Responder: starting
2023-10-17 18:43:42,668 [IPC Server listener on 15091] INFO  ipc.Server (Server.java:run(1402)) - IPC Server listener on 15091: starting
2023-10-17 18:43:42,669 [Time-limited test] INFO  om.OzoneManager (OzoneManager.java:startTrashEmptier(2100)) - Trash Interval set to 0. Files deleted won't move to trash
2023-10-17 18:43:42,681 [Time-limited test] WARN  impl.MetricRegistriesImpl (MetricRegistriesImpl.java:addReporterRegistration(111)) - New reporters are added after registries were created. Some metrics will be missing from the reporter. Please add reporter before adding any new registry.
2023-10-17 18:43:42,681 [Time-limited test] WARN  impl.MetricRegistriesImpl (MetricRegistriesImpl.java:addReporterRegistration(111)) - New reporters are added after registries were created. Some metrics will be missing from the reporter. Please add reporter before adding any new registry.
2023-10-17 18:43:42,681 [Time-limited test] INFO  impl.MetricsSystemImpl (MetricsSystemImpl.java:init(158)) - HddsDatanode metrics system started (again)
2023-10-17 18:43:42,694 [Time-limited test] INFO  ozone.HddsDatanodeService (HddsDatanodeService.java:start(240)) - HddsDatanodeService host:fv-az189-115 ip:10.1.0.25
2023-10-17 18:43:42,719 [Time-limited test] INFO  upgrade.AbstractLayoutVersionManager (AbstractLayoutVersionManager.java:init(83)) - Initializing Layout version manager with metadata layout = HADOOP_PRC_PORTS_IN_DATANODEDETAILS (version = 7), software layout = HADOOP_PRC_PORTS_IN_DATANODEDETAILS (version = 7)
2023-10-17 18:43:42,720 [Time-limited test] INFO  statemachine.DatanodeStateMachine (DatanodeStateMachine.java:getEndPointTaskThreadPoolSize(290)) - Datanode State Machine Task Thread Pool size 2
2023-10-17 18:43:42,727 [Time-limited test] INFO  volume.HddsVolume (HddsVolume.java:<init>(126)) - Creating HddsVolume: /home/runner/work/ozone/ozone/hadoop-ozone/integration-test/target/test-dir/MiniOzoneClusterImpl-8925bcf1-3288-4578-9985-30cfda83a485/datanode-0/data-0/containers/hdds of storage type : DISK capacity : 9223372036854775807
2023-10-17 18:43:42,727 [Time-limited test] INFO  volume.MutableVolumeSet (MutableVolumeSet.java:initializeVolumeSet(173)) - Added Volume : /home/runner/work/ozone/ozone/hadoop-ozone/integration-test/target/test-dir/MiniOzoneClusterImpl-8925bcf1-3288-4578-9985-30cfda83a485/datanode-0/data-0/containers/hdds to VolumeSet
2023-10-17 18:43:42,728 [Time-limited test] INFO  volume.MutableVolumeSet (MutableVolumeSet.java:initializeVolumeSet(173)) - Added Volume : /home/runner/work/ozone/ozone/hadoop-ozone/integration-test/target/test-dir/MiniOzoneClusterImpl-8925bcf1-3288-4578-9985-30cfda83a485/datanode-0/data/ratis to VolumeSet
2023-10-17 18:43:42,730 [Thread-1378] INFO  ozoneimpl.ContainerReader (ContainerReader.java:readVolume(177)) - Finish verifying containers on volume /home/runner/work/ozone/ozone/hadoop-ozone/integration-test/target/test-dir/MiniOzoneClusterImpl-8925bcf1-3288-4578-9985-30cfda83a485/datanode-0/data-0/containers/hdds
2023-10-17 18:43:42,730 [Time-limited test] INFO  ozoneimpl.OzoneContainer (OzoneContainer.java:buildContainerSet(316)) - Build ContainerSet costs 0s
2023-10-17 18:43:42,732 [Time-limited test] INFO  server.RaftServer (ConfUtils.java:logGet(46)) - raft.rpc.type = GRPC (default)
2023-10-17 18:43:42,732 [Time-limited test] INFO  grpc.GrpcConfigKeys (ConfUtils.java:logFallback(53)) - raft.grpc.admin.host = null (fallback to raft.grpc.server.host)
2023-10-17 18:43:42,732 [Time-limited test] INFO  grpc.GrpcConfigKeys (ConfUtils.java:logGet(46)) - raft.grpc.admin.port = 15100 (custom)
2023-10-17 18:43:42,733 [Time-limited test] INFO  grpc.GrpcConfigKeys (ConfUtils.java:logFallback(53)) - raft.grpc.client.host = null (fallback to raft.grpc.server.host)
2023-10-17 18:43:42,733 [Time-limited test] INFO  grpc.GrpcConfigKeys (ConfUtils.java:logGet(46)) - raft.grpc.client.port = 15099 (custom)
2023-10-17 18:43:42,733 [Time-limited test] INFO  grpc.GrpcConfigKeys (ConfUtils.java:logGet(46)) - raft.grpc.server.host = null (default)
2023-10-17 18:43:42,733 [Time-limited test] INFO  grpc.GrpcConfigKeys (ConfUtils.java:logGet(46)) - raft.grpc.server.port = 15101 (custom)
2023-10-17 18:43:42,733 [Time-limited test] INFO  server.GrpcService (ConfUtils.java:logGet(46)) - raft.grpc.message.size.max = 32MB (=33554432) (custom)
2023-10-17 18:43:42,733 [Time-limited test] INFO  server.RaftServerConfigKeys (ConfUtils.java:logGet(46)) - raft.server.log.appender.buffer.byte-limit = 33554432 (custom)
2023-10-17 18:43:42,733 [Time-limited test] INFO  server.GrpcService (ConfUtils.java:logGet(46)) - raft.grpc.flow.control.window = 5MB (=5242880) (custom)
2023-10-17 18:43:42,733 [Time-limited test] INFO  server.RaftServerConfigKeys (ConfUtils.java:logGet(46)) - raft.server.rpc.request.timeout = 60s (custom)
2023-10-17 18:43:42,733 [Time-limited test] INFO  grpc.GrpcConfigKeys (ConfUtils.java:logGet(46)) - raft.grpc.server.heartbeat.channel = true (default)
2023-10-17 18:43:42,733 [Time-limited test] INFO  grpc.GrpcConfigKeys (ConfUtils.java:logGet(46)) - raft.grpc.server.async.request.thread.pool.cached = true (default)
2023-10-17 18:43:42,733 [Time-limited test] INFO  grpc.GrpcConfigKeys (ConfUtils.java:logGet(46)) - raft.grpc.server.async.request.thread.pool.size = 32 (default)
2023-10-17 18:43:42,739 [Time-limited test] INFO  impl.DataStreamServerImpl (ConfUtils.java:logGet(46)) - raft.datastream.type = NETTY (custom)
2023-10-17 18:43:42,739 [Time-limited test] INFO  server.RaftServerConfigKeys (ConfUtils.java:logGet(46)) - raft.server.data-stream.async.request.thread.pool.cached = false (default)
2023-10-17 18:43:42,739 [Time-limited test] INFO  server.RaftServerConfigKeys (ConfUtils.java:logGet(46)) - raft.server.data-stream.async.request.thread.pool.size = 20 (custom)
2023-10-17 18:43:42,739 [Time-limited test] INFO  server.RaftServerConfigKeys (ConfUtils.java:logGet(46)) - raft.server.data-stream.async.write.thread.pool.size = 16 (default)
2023-10-17 18:43:42,739 [Time-limited test] INFO  server.RaftServerConfigKeys (ConfUtils.java:logGet(46)) - raft.server.data-stream.client.pool.size = 10 (default)
2023-10-17 18:43:42,739 [Time-limited test] INFO  netty.NettyConfigKeys$DataStream (ConfUtils.java:logGet(46)) - raft.netty.dataStream.server.use-epoll = false (default)
2023-10-17 18:43:42,739 [Time-limited test] INFO  netty.NettyConfigKeys$DataStream (ConfUtils.java:logGet(46)) - raft.netty.dataStream.server.boss-group.size = 0 (default)
2023-10-17 18:43:42,740 [Time-limited test] INFO  netty.NettyConfigKeys$DataStream (ConfUtils.java:logGet(46)) - raft.netty.dataStream.server.worker-group.size = 0 (default)
2023-10-17 18:43:42,740 [Time-limited test] INFO  netty.NettyConfigKeys$DataStream (ConfUtils.java:logGet(46)) - raft.netty.dataStream.server.tls.conf = null (default)
2023-10-17 18:43:42,740 [Time-limited test] INFO  netty.NettyConfigKeys$DataStream (ConfUtils.java:logGet(46)) - raft.netty.dataStream.host = null (default)
2023-10-17 18:43:42,740 [Time-limited test] INFO  netty.NettyConfigKeys$DataStream (ConfUtils.java:logGet(46)) - raft.netty.dataStream.port = 15102 (custom)
2023-10-17 18:43:42,741 [Time-limited test] INFO  server.RaftServerConfigKeys (ConfUtils.java:logGet(46)) - raft.server.threadpool.proxy.cached = true (default)
2023-10-17 18:43:42,741 [Time-limited test] INFO  server.RaftServerConfigKeys (ConfUtils.java:logGet(46)) - raft.server.threadpool.proxy.size = 0 (default)
2023-10-17 18:43:42,743 [Time-limited test] INFO  server.RaftServerConfigKeys (ConfUtils.java:logGet(46)) - raft.server.rpc.slowness.timeout = 300s (custom)
2023-10-17 18:43:42,743 [Time-limited test] INFO  server.RaftServerConfigKeys (ConfUtils.java:logGet(46)) - raft.server.leaderelection.leader.step-down.wait-time = 10s (default)
2023-10-17 18:43:42,743 [Time-limited test] INFO  server.RaftServerConfigKeys (ConfUtils.java:logGet(46)) - raft.server.storage.dir = [/home/runner/work/ozone/ozone/hadoop-ozone/integration-test/target/test-dir/MiniOzoneClusterImpl-8925bcf1-3288-4578-9985-30cfda83a485/datanode-0/data/ratis] (custom)
2023-10-17 18:43:42,750 [3171a28e-8566-4955-9258-6ff817b5ab3e-impl-thread1] INFO  server.RaftServer (RaftServerProxy.java:initGroupDir(258)) - 3171a28e-8566-4955-9258-6ff817b5ab3e: found a subdirectory /home/runner/work/ozone/ozone/hadoop-ozone/integration-test/target/test-dir/MiniOzoneClusterImpl-8925bcf1-3288-4578-9985-30cfda83a485/datanode-0/data/ratis/tmp
2023-10-17 18:43:42,750 [3171a28e-8566-4955-9258-6ff817b5ab3e-impl-thread1] INFO  server.RaftServer (RaftServerProxy.java:initGroupDir(263)) - 3171a28e-8566-4955-9258-6ff817b5ab3e: The directory /home/runner/work/ozone/ozone/hadoop-ozone/integration-test/target/test-dir/MiniOzoneClusterImpl-8925bcf1-3288-4578-9985-30cfda83a485/datanode-0/data/ratis/tmp is not a group directory; ignoring it. 
2023-10-17 18:43:42,750 [Time-limited test] INFO  replication.ReplicationServer (ReplicationServer.java:<init>(83)) - Initializing replication server with thread count = 10 queue length = 4096
2023-10-17 18:43:42,750 [3171a28e-8566-4955-9258-6ff817b5ab3e-NettyServerStreamRpc-bossGroup--thread1] INFO  logging.LoggingHandler (AbstractInternalLogger.java:log(148)) - [id: 0x11d5cd8f] REGISTERED
2023-10-17 18:43:42,751 [3171a28e-8566-4955-9258-6ff817b5ab3e-NettyServerStreamRpc-bossGroup--thread1] INFO  logging.LoggingHandler (AbstractInternalLogger.java:log(148)) - [id: 0x11d5cd8f] BIND: 0.0.0.0/0.0.0.0:15102
2023-10-17 18:43:42,751 [3171a28e-8566-4955-9258-6ff817b5ab3e-NettyServerStreamRpc-bossGroup--thread1] INFO  logging.LoggingHandler (AbstractInternalLogger.java:log(148)) - [id: 0x11d5cd8f, L:/0:0:0:0:0:0:0:0:15102] ACTIVE
2023-10-17 18:43:42,752 [Time-limited test] INFO  server.XceiverServerGrpc (XceiverServerGrpc.java:<init>(132)) - GrpcServer channel type EpollServerSocketChannel
2023-10-17 18:43:42,755 [Time-limited test] INFO  replication.ReplicationSupervisor (ReplicationSupervisor.java:build(155)) - Initializing replication supervisor with thread count = 10
2023-10-17 18:43:42,755 [Time-limited test] INFO  replication.ReplicationSupervisor (ReplicationSupervisor.java:nodeStateUpdated(307)) - Node state updated to IN_SERVICE, scaling executor pool size to 10
2023-10-17 18:43:42,757 [Time-limited test] INFO  http.BaseHttpServer (BaseHttpServer.java:newHttpServer2BuilderForOzone(223)) - Starting Web-server for hddsDatanode at: http://0.0.0.0:15096
2023-10-17 18:43:42,757 [Time-limited test] INFO  http.BaseHttpServer (BaseHttpServer.java:<init>(110)) - Hadoop Security Enabled: false Ozone Security Enabled: false Ozone HTTP Security Enabled: false 
2023-10-17 18:43:42,761 [Time-limited test] WARN  server.AuthenticationFilter (AuthenticationFilter.java:constructSecretProvider(240)) - Unable to initialize FileSignerSecretProvider, falling back to use random secrets. Reason: Could not read signature secret file: /home/runner/hadoop-http-auth-signature-secret
2023-10-17 18:43:42,762 [Time-limited test] INFO  http.HttpRequestLog (HttpRequestLog.java:getRequestLog(86)) - Http request log for http.requests.hddsDatanode is not defined
2023-10-17 18:43:42,764 [Time-limited test] INFO  http.HttpServer2 (HttpServer2.java:addGlobalFilter(1031)) - Added global filter 'safety' (class=org.apache.hadoop.hdds.server.http.HttpServer2$QuotingInputFilter)
2023-10-17 18:43:42,766 [Time-limited test] INFO  http.HttpServer2 (HttpServer2.java:addFilter(1007)) - Added filter static_user_filter (class=org.apache.hadoop.http.lib.StaticUserWebFilter$StaticUserFilter) to context hddsDatanode
2023-10-17 18:43:42,766 [Time-limited test] INFO  http.HttpServer2 (HttpServer2.java:addFilter(1015)) - Added filter static_user_filter (class=org.apache.hadoop.http.lib.StaticUserWebFilter$StaticUserFilter) to context logs
2023-10-17 18:43:42,766 [Time-limited test] INFO  http.HttpServer2 (HttpServer2.java:addFilter(1015)) - Added filter static_user_filter (class=org.apache.hadoop.http.lib.StaticUserWebFilter$StaticUserFilter) to context static
2023-10-17 18:43:42,767 [Time-limited test] INFO  http.BaseHttpServer (BaseHttpServer.java:<init>(189)) - HTTP server of hddsDatanode uses base directory /home/runner/work/ozone/ozone/hadoop-ozone/integration-test/target/test-dir/MiniOzoneClusterImpl-8925bcf1-3288-4578-9985-30cfda83a485/datanode-0/meta/webserver
2023-10-17 18:43:42,767 [Time-limited test] INFO  http.HttpServer2 (HttpServer2.java:bindListener(1231)) - Jetty bound to port 15096
2023-10-17 18:43:42,767 [Time-limited test] INFO  server.Server (Server.java:doStart(375)) - jetty-9.4.53.v20231009; built: 2023-10-09T12:29:09.265Z; git: 27bde00a0b95a1d5bbee0eae7984f891d2d0f8c9; jvm 1.8.0_382-b05
2023-10-17 18:43:42,774 [Time-limited test] INFO  server.session (DefaultSessionIdManager.java:doStart(334)) - DefaultSessionIdManager workerName=node0
2023-10-17 18:43:42,774 [Time-limited test] INFO  server.session (DefaultSessionIdManager.java:doStart(339)) - No SessionScavenger set, using defaults
2023-10-17 18:43:42,774 [Time-limited test] INFO  server.session (HouseKeeper.java:startScavenging(132)) - node0 Scavenging every 660000ms
2023-10-17 18:43:42,775 [Time-limited test] INFO  handler.ContextHandler (ContextHandler.java:doStart(921)) - Started o.e.j.s.ServletContextHandler@6524758f{logs,/logs,file:///home/runner/work/ozone/ozone/hadoop-ozone/integration-test/target/log,AVAILABLE}
2023-10-17 18:43:42,776 [Time-limited test] INFO  handler.ContextHandler (ContextHandler.java:doStart(921)) - Started o.e.j.s.ServletContextHandler@30bd5d5{static,/static,jar:file:/home/runner/.m2/repository/org/apache/ozone/hdds-container-service/1.4.0-SNAPSHOT/hdds-container-service-1.4.0-SNAPSHOT.jar!/webapps/static,AVAILABLE}
2023-10-17 18:43:42,973 [Time-limited test] INFO  handler.ContextHandler (ContextHandler.java:doStart(921)) - Started o.e.j.w.WebAppContext@34b378fc{hddsDatanode,/,file:///home/runner/work/ozone/ozone/hadoop-ozone/integration-test/target/test-dir/MiniOzoneClusterImpl-8925bcf1-3288-4578-9985-30cfda83a485/datanode-0/meta/webserver/jetty-0_0_0_0-15096-hdds-container-service-1_4_0-SNAPSHOT_jar-_-any-3530355975869534198/webapp/,AVAILABLE}{jar:file:/home/runner/.m2/repository/org/apache/ozone/hdds-container-service/1.4.0-SNAPSHOT/hdds-container-service-1.4.0-SNAPSHOT.jar!/webapps/hddsDatanode}
2023-10-17 18:43:42,975 [Time-limited test] INFO  server.AbstractConnector (AbstractConnector.java:doStart(333)) - Started ServerConnector@25c0fc60{HTTP/1.1, (http/1.1)}{0.0.0.0:15096}
2023-10-17 18:43:42,975 [Time-limited test] INFO  server.Server (Server.java:doStart(415)) - Started @83690ms
2023-10-17 18:43:42,975 [Time-limited test] WARN  impl.MetricsSystemImpl (MetricsSystemImpl.java:register(279)) - Sink prometheus already exists!
2023-10-17 18:43:42,976 [Time-limited test] INFO  http.BaseHttpServer (BaseHttpServer.java:updateConnectorAddress(354)) - HTTP server of hddsDatanode listening at http://0.0.0.0:15096
2023-10-17 18:43:42,976 [Time-limited test] INFO  ipc.CallQueueManager (CallQueueManager.java:<init>(90)) - Using callQueue: class java.util.concurrent.LinkedBlockingQueue, queueCapacity: 100, scheduler: class org.apache.hadoop.ipc.DefaultRpcScheduler, ipcBackoff: false.
2023-10-17 18:43:42,977 [Time-limited test] INFO  ipc.Server (Server.java:<init>(1287)) - Listener at 0.0.0.0:15097
2023-10-17 18:43:42,979 [Socket Reader #1 for port 15097] INFO  ipc.Server (Server.java:run(1323)) - Starting Socket Reader #1 for port 15097
2023-10-17 18:43:42,984 [Time-limited test] INFO  ozone.HddsDatanodeService (HddsDatanodeService.java:start(325)) - Datanode start with admins: [runner]
2023-10-17 18:43:42,984 [Time-limited test] INFO  ozone.HddsDatanodeClientProtocolServer (HddsDatanodeClientProtocolServer.java:start(72)) - RPC server for Client /0.0.0.0:15097
2023-10-17 18:43:42,984 [IPC Server Responder] INFO  ipc.Server (Server.java:run(1562)) - IPC Server Responder: starting
2023-10-17 18:43:42,984 [IPC Server listener on 15097] INFO  ipc.Server (Server.java:run(1402)) - IPC Server listener on 15097: starting
2023-10-17 18:43:42,985 [Time-limited test] INFO  ozone.MiniOzoneClusterImpl (MiniOzoneClusterImpl.java:lambda$waitForClusterToBeReady$0(229)) - Waiting for nodes to be ready. Got 0 of 1 DN Heartbeats.
2023-10-17 18:43:42,985 [Time-limited test] INFO  ozone.MiniOzoneClusterImpl (MiniOzoneClusterImpl.java:lambda$waitForClusterToBeReady$0(232)) - Waiting for cluster to exit safe mode
2023-10-17 18:43:42,985 [Time-limited test] INFO  ozone.MiniOzoneClusterImpl (MiniOzoneClusterImpl.java:lambda$waitForClusterToBeReady$0(234)) - SCM became leader
2023-10-17 18:43:42,985 [Datanode State Machine Daemon Thread] INFO  statemachine.DatanodeStateMachine (DatanodeStateMachine.java:lambda$startDaemon$1(546)) - Ozone container server started.
2023-10-17 18:43:42,992 [Datanode State Machine Task Thread - 0] INFO  datanode.InitDatanodeState (InitDatanodeState.java:persistContainerDatanodeDetails(138)) - DatanodeDetails is persisted to /home/runner/work/ozone/ozone/hadoop-ozone/integration-test/target/test-dir/MiniOzoneClusterImpl-8925bcf1-3288-4578-9985-30cfda83a485/datanode-0/meta/datanode.id
2023-10-17 18:43:43,781 [om1@group-C5BA1605619E-FollowerState] INFO  impl.FollowerState (FollowerState.java:run(143)) - om1@group-C5BA1605619E-FollowerState: change to CANDIDATE, lastRpcElapsedTime:1139535086ns, electionTimeout:1139ms
2023-10-17 18:43:43,781 [om1@group-C5BA1605619E-FollowerState] INFO  impl.RoleInfo (RoleInfo.java:shutdownFollowerState(110)) - om1: shutdown om1@group-C5BA1605619E-FollowerState
2023-10-17 18:43:43,781 [om1@group-C5BA1605619E-FollowerState] INFO  server.RaftServer$Division (RaftServerImpl.java:setRole(329)) - om1@group-C5BA1605619E: changes role from  FOLLOWER to CANDIDATE at term 0 for changeToCandidate
2023-10-17 18:43:43,781 [om1@group-C5BA1605619E-FollowerState] INFO  server.RaftServerConfigKeys (ConfUtils.java:logGet(46)) - raft.server.leaderelection.pre-vote = true (default)
2023-10-17 18:43:43,781 [om1@group-C5BA1605619E-FollowerState] INFO  impl.RoleInfo (RoleInfo.java:updateAndGet(139)) - om1: start om1@group-C5BA1605619E-LeaderElection18
2023-10-17 18:43:43,783 [om1@group-C5BA1605619E-LeaderElection18] INFO  impl.LeaderElection (LeaderElection.java:askForVotes(321)) - om1@group-C5BA1605619E-LeaderElection18 PRE_VOTE round 0: submit vote requests at term 0 for -1: peers:[om1|rpc:localhost:15094|priority:0|startupRole:FOLLOWER]|listeners:[], old=null
2023-10-17 18:43:43,783 [om1@group-C5BA1605619E-LeaderElection18] INFO  impl.LeaderElection (LeaderElection.java:askForVotes(323)) - om1@group-C5BA1605619E-LeaderElection18 PRE_VOTE round 0: result PASSED (term=0)
2023-10-17 18:43:43,786 [om1@group-C5BA1605619E-LeaderElection18] INFO  impl.LeaderElection (LeaderElection.java:askForVotes(321)) - om1@group-C5BA1605619E-LeaderElection18 ELECTION round 0: submit vote requests at term 1 for -1: peers:[om1|rpc:localhost:15094|priority:0|startupRole:FOLLOWER]|listeners:[], old=null
2023-10-17 18:43:43,786 [om1@group-C5BA1605619E-LeaderElection18] INFO  impl.LeaderElection (LeaderElection.java:askForVotes(323)) - om1@group-C5BA1605619E-LeaderElection18 ELECTION round 0: result PASSED (term=1)
2023-10-17 18:43:43,786 [om1@group-C5BA1605619E-LeaderElection18] INFO  impl.RoleInfo (RoleInfo.java:shutdownLeaderElection(130)) - om1: shutdown om1@group-C5BA1605619E-LeaderElection18
2023-10-17 18:43:43,787 [om1@group-C5BA1605619E-LeaderElection18] INFO  server.RaftServer$Division (RaftServerImpl.java:setRole(329)) - om1@group-C5BA1605619E: changes role from CANDIDATE to LEADER at term 1 for changeToLeader
2023-10-17 18:43:43,788 [om1@group-C5BA1605619E-LeaderElection18] INFO  server.RaftServer$Division (ServerState.java:setLeader(317)) - om1@group-C5BA1605619E: change Leader from null to om1 at term 1 for becomeLeader, leader elected after 1502ms
2023-10-17 18:43:43,788 [om1@group-C5BA1605619E-LeaderElection18] INFO  server.RaftServerConfigKeys (ConfUtils.java:logGet(46)) - raft.server.staging.catchup.gap = 1000 (default)
2023-10-17 18:43:43,788 [om1@group-C5BA1605619E-LeaderElection18] INFO  server.RaftServerConfigKeys (ConfUtils.java:logGet(46)) - raft.server.write.element-limit = 4096 (default)
2023-10-17 18:43:43,788 [om1@group-C5BA1605619E-LeaderElection18] INFO  server.RaftServerConfigKeys (ConfUtils.java:logGet(46)) - raft.server.write.byte-limit = 64MB (=67108864) (default)
2023-10-17 18:43:43,789 [om1@group-C5BA1605619E-LeaderElection18] INFO  server.RaftServerConfigKeys (ConfUtils.java:logGet(46)) - raft.server.watch.timeout = 10s (default)
2023-10-17 18:43:43,789 [om1@group-C5BA1605619E-LeaderElection18] INFO  server.RaftServerConfigKeys (ConfUtils.java:logGet(46)) - raft.server.watch.timeout.denomination = 1s (default)
2023-10-17 18:43:43,789 [om1@group-C5BA1605619E-LeaderElection18] INFO  server.RaftServerConfigKeys (ConfUtils.java:logGet(46)) - raft.server.watch.element-limit = 65536 (default)
2023-10-17 18:43:43,789 [om1@group-C5BA1605619E-LeaderElection18] INFO  server.RaftServerConfigKeys (ConfUtils.java:logGet(46)) - raft.server.write.element-limit = 4096 (default)
2023-10-17 18:43:43,789 [om1@group-C5BA1605619E-LeaderElection18] INFO  server.RaftServerConfigKeys (ConfUtils.java:logGet(46)) - raft.server.write.follower.gap.ratio.max = -1.0 (default)
2023-10-17 18:43:43,789 [om1@group-C5BA1605619E-LeaderElection18] INFO  impl.RoleInfo (RoleInfo.java:updateAndGet(139)) - om1: start om1@group-C5BA1605619E-LeaderStateImpl
2023-10-17 18:43:43,789 [om1@group-C5BA1605619E-LeaderElection18] INFO  segmented.SegmentedRaftLogWorker (SegmentedRaftLogWorker.java:startLogSegment(447)) - om1@group-C5BA1605619E-SegmentedRaftLogWorker: Starting segment from index:0
2023-10-17 18:43:43,794 [om1@group-C5BA1605619E-LeaderElection18] INFO  server.RaftServer$Division (ServerState.java:setRaftConf(434)) - om1@group-C5BA1605619E: set configuration 0: peers:[om1|rpc:localhost:15094|admin:|client:|dataStream:|priority:0|startupRole:FOLLOWER]|listeners:[], old=null
2023-10-17 18:43:43,810 [om1@group-C5BA1605619E-SegmentedRaftLogWorker] INFO  segmented.SegmentedRaftLogWorker (SegmentedRaftLogWorker.java:execute(651)) - om1@group-C5BA1605619E-SegmentedRaftLogWorker: created new log segment /home/runner/work/ozone/ozone/hadoop-ozone/integration-test/target/test-dir/MiniOzoneClusterImpl-8925bcf1-3288-4578-9985-30cfda83a485/ozone-meta/ratis/bf265839-605b-3f16-9796-c5ba1605619e/current/log_inprogress_0
2023-10-17 18:43:43,811 [om1@group-C5BA1605619E-StateMachineUpdater] INFO  ratis.OzoneManagerStateMachine (OzoneManagerStateMachine.java:notifyConfigurationChanged(202)) - Received Configuration change notification from Ratis. New Peer list:
[id: "om1"
address: "localhost:15094"
startupRole: FOLLOWER
]
2023-10-17 18:43:43,985 [Time-limited test] INFO  ozone.MiniOzoneClusterImpl (MiniOzoneClusterImpl.java:lambda$waitForClusterToBeReady$0(229)) - Waiting for nodes to be ready. Got 0 of 1 DN Heartbeats.
2023-10-17 18:43:43,985 [Time-limited test] INFO  ozone.MiniOzoneClusterImpl (MiniOzoneClusterImpl.java:lambda$waitForClusterToBeReady$0(232)) - Waiting for cluster to exit safe mode
2023-10-17 18:43:43,985 [Time-limited test] INFO  ozone.MiniOzoneClusterImpl (MiniOzoneClusterImpl.java:lambda$waitForClusterToBeReady$0(234)) - SCM became leader
2023-10-17 18:43:44,986 [Time-limited test] INFO  ozone.MiniOzoneClusterImpl (MiniOzoneClusterImpl.java:lambda$waitForClusterToBeReady$0(229)) - Waiting for nodes to be ready. Got 0 of 1 DN Heartbeats.
2023-10-17 18:43:44,986 [Time-limited test] INFO  ozone.MiniOzoneClusterImpl (MiniOzoneClusterImpl.java:lambda$waitForClusterToBeReady$0(232)) - Waiting for cluster to exit safe mode
2023-10-17 18:43:44,986 [Time-limited test] INFO  ozone.MiniOzoneClusterImpl (MiniOzoneClusterImpl.java:lambda$waitForClusterToBeReady$0(234)) - SCM became leader
2023-10-17 18:43:45,026 [EndpointStateMachine task thread for /0.0.0.0:15089 - 0 ] INFO  utils.DatanodeStoreCache (DatanodeStoreCache.java:addDB(66)) - Added db /home/runner/work/ozone/ozone/hadoop-ozone/integration-test/target/test-dir/MiniOzoneClusterImpl-8925bcf1-3288-4578-9985-30cfda83a485/datanode-0/data-0/containers/hdds/8925bcf1-3288-4578-9985-30cfda83a485/DS-f6a98fcc-33a6-42db-b0ce-9554d25585fa/container.db to cache
2023-10-17 18:43:45,026 [EndpointStateMachine task thread for /0.0.0.0:15089 - 0 ] INFO  volume.HddsVolume (HddsVolume.java:createDbStore(422)) - SchemaV3 db is created and loaded at /home/runner/work/ozone/ozone/hadoop-ozone/integration-test/target/test-dir/MiniOzoneClusterImpl-8925bcf1-3288-4578-9985-30cfda83a485/datanode-0/data-0/containers/hdds/8925bcf1-3288-4578-9985-30cfda83a485/DS-f6a98fcc-33a6-42db-b0ce-9554d25585fa/container.db for volume DS-f6a98fcc-33a6-42db-b0ce-9554d25585fa
2023-10-17 18:43:45,027 [EndpointStateMachine task thread for /0.0.0.0:15089 - 0 ] INFO  volume.ThrottledAsyncChecker (ThrottledAsyncChecker.java:schedule(141)) - Scheduling a check for /home/runner/work/ozone/ozone/hadoop-ozone/integration-test/target/test-dir/MiniOzoneClusterImpl-8925bcf1-3288-4578-9985-30cfda83a485/datanode-0/data-0/containers/hdds
2023-10-17 18:43:45,038 [EndpointStateMachine task thread for /0.0.0.0:15089 - 0 ] INFO  volume.StorageVolumeChecker (StorageVolumeChecker.java:checkAllVolumes(213)) - Scheduled health check for volume /home/runner/work/ozone/ozone/hadoop-ozone/integration-test/target/test-dir/MiniOzoneClusterImpl-8925bcf1-3288-4578-9985-30cfda83a485/datanode-0/data-0/containers/hdds
2023-10-17 18:43:45,043 [EndpointStateMachine task thread for /0.0.0.0:15089 - 0 ] INFO  volume.ThrottledAsyncChecker (ThrottledAsyncChecker.java:schedule(141)) - Scheduling a check for /home/runner/work/ozone/ozone/hadoop-ozone/integration-test/target/test-dir/MiniOzoneClusterImpl-8925bcf1-3288-4578-9985-30cfda83a485/datanode-0/data/ratis
2023-10-17 18:43:45,043 [EndpointStateMachine task thread for /0.0.0.0:15089 - 0 ] INFO  volume.StorageVolumeChecker (StorageVolumeChecker.java:checkAllVolumes(213)) - Scheduled health check for volume /home/runner/work/ozone/ozone/hadoop-ozone/integration-test/target/test-dir/MiniOzoneClusterImpl-8925bcf1-3288-4578-9985-30cfda83a485/datanode-0/data/ratis
2023-10-17 18:43:45,044 [EndpointStateMachine task thread for /0.0.0.0:15089 - 0 ] INFO  ozoneimpl.OzoneContainer (OzoneContainer.java:start(431)) - Attempting to start container services.
2023-10-17 18:43:45,044 [EndpointStateMachine task thread for /0.0.0.0:15089 - 0 ] INFO  ozoneimpl.OzoneContainer (OzoneContainer.java:startContainerScrub(327)) - Scheduled background container scanners and the on-demand container scanner have been disabled.
2023-10-17 18:43:45,045 [EndpointStateMachine task thread for /0.0.0.0:15089 - 0 ] INFO  replication.ReplicationServer (ReplicationServer.java:start(134)) - ReplicationServer is started using port 15103
2023-10-17 18:43:45,045 [EndpointStateMachine task thread for /0.0.0.0:15089 - 0 ] INFO  ratis.XceiverServerRatis (XceiverServerRatis.java:start(517)) - Starting XceiverServerRatis 3171a28e-8566-4955-9258-6ff817b5ab3e
2023-10-17 18:43:45,046 [EndpointStateMachine task thread for /0.0.0.0:15089 - 0 ] INFO  server.RaftServer (RaftServerProxy.java:startImpl(400)) - 3171a28e-8566-4955-9258-6ff817b5ab3e: start RPC server
2023-10-17 18:43:45,046 [EndpointStateMachine task thread for /0.0.0.0:15089 - 0 ] INFO  server.GrpcService (GrpcService.java:startImpl(302)) - 3171a28e-8566-4955-9258-6ff817b5ab3e: GrpcService started, listening on 15099
2023-10-17 18:43:45,049 [EndpointStateMachine task thread for /0.0.0.0:15089 - 0 ] INFO  server.GrpcService (GrpcService.java:startImpl(302)) - 3171a28e-8566-4955-9258-6ff817b5ab3e: GrpcService started, listening on 15101
2023-10-17 18:43:45,049 [EndpointStateMachine task thread for /0.0.0.0:15089 - 0 ] INFO  server.GrpcService (GrpcService.java:startImpl(302)) - 3171a28e-8566-4955-9258-6ff817b5ab3e: GrpcService started, listening on 15100
2023-10-17 18:43:45,050 [EndpointStateMachine task thread for /0.0.0.0:15089 - 0 ] INFO  ratis.XceiverServerRatis (XceiverServerRatis.java:getRealPort(543)) - XceiverServerRatis 3171a28e-8566-4955-9258-6ff817b5ab3e is started using port 15099 for RATIS
2023-10-17 18:43:45,050 [EndpointStateMachine task thread for /0.0.0.0:15089 - 0 ] INFO  ratis.XceiverServerRatis (XceiverServerRatis.java:getRealPort(543)) - XceiverServerRatis 3171a28e-8566-4955-9258-6ff817b5ab3e is started using port 15100 for RATIS_ADMIN
2023-10-17 18:43:45,050 [EndpointStateMachine task thread for /0.0.0.0:15089 - 0 ] INFO  ratis.XceiverServerRatis (XceiverServerRatis.java:getRealPort(543)) - XceiverServerRatis 3171a28e-8566-4955-9258-6ff817b5ab3e is started using port 15101 for RATIS_SERVER
2023-10-17 18:43:45,050 [EndpointStateMachine task thread for /0.0.0.0:15089 - 0 ] INFO  ratis.XceiverServerRatis (XceiverServerRatis.java:getRealPort(543)) - XceiverServerRatis 3171a28e-8566-4955-9258-6ff817b5ab3e is started using port 15102 for RATIS_DATASTREAM
2023-10-17 18:43:45,050 [JvmPauseMonitor15] INFO  util.JvmPauseMonitor (JvmPauseMonitor.java:run(103)) - JvmPauseMonitor-3171a28e-8566-4955-9258-6ff817b5ab3e: Started
2023-10-17 18:43:45,056 [3171a28e-8566-4955-9258-6ff817b5ab3e-BlockDeletingService#0] INFO  interfaces.ContainerDeletionChoosingPolicyTemplate (ContainerDeletionChoosingPolicyTemplate.java:chooseContainerForBlockDeletion(85)) - Chosen 0/5000 blocks from 0 candidate containers.
2023-10-17 18:43:45,986 [Time-limited test] INFO  ozone.MiniOzoneClusterImpl (MiniOzoneClusterImpl.java:lambda$waitForClusterToBeReady$0(229)) - Waiting for nodes to be ready. Got 0 of 1 DN Heartbeats.
2023-10-17 18:43:45,986 [Time-limited test] INFO  ozone.MiniOzoneClusterImpl (MiniOzoneClusterImpl.java:lambda$waitForClusterToBeReady$0(232)) - Waiting for cluster to exit safe mode
2023-10-17 18:43:45,986 [Time-limited test] INFO  ozone.MiniOzoneClusterImpl (MiniOzoneClusterImpl.java:lambda$waitForClusterToBeReady$0(234)) - SCM became leader
2023-10-17 18:43:46,986 [Time-limited test] INFO  ozone.MiniOzoneClusterImpl (MiniOzoneClusterImpl.java:lambda$waitForClusterToBeReady$0(229)) - Waiting for nodes to be ready. Got 0 of 1 DN Heartbeats.
2023-10-17 18:43:46,987 [Time-limited test] INFO  ozone.MiniOzoneClusterImpl (MiniOzoneClusterImpl.java:lambda$waitForClusterToBeReady$0(232)) - Waiting for cluster to exit safe mode
2023-10-17 18:43:46,987 [Time-limited test] INFO  ozone.MiniOzoneClusterImpl (MiniOzoneClusterImpl.java:lambda$waitForClusterToBeReady$0(234)) - SCM became leader
2023-10-17 18:43:46,991 [IPC Server handler 0 on default port 15089] INFO  net.NetworkTopologyImpl (NetworkTopologyImpl.java:add(112)) - Added a new node: /default-rack/3171a28e-8566-4955-9258-6ff817b5ab3e
2023-10-17 18:43:46,991 [IPC Server handler 0 on default port 15089] INFO  node.SCMNodeManager (SCMNodeManager.java:register(405)) - Registered Data node : 3171a28e-8566-4955-9258-6ff817b5ab3e{ip: 10.1.0.25, host: fv-az189-115, ports: [HTTP=15096, CLIENT_RPC=15097, REPLICATION=15103, RATIS=15099, RATIS_ADMIN=15100, RATIS_SERVER=15101, RATIS_DATASTREAM=15102, STANDALONE=15098], networkLocation: /default-rack, certSerialId: null, persistedOpState: null, persistedOpStateExpiryEpochSec: 0}
2023-10-17 18:43:46,997 [EventQueue-NodeRegistrationContainerReportForContainerSafeModeRule] INFO  safemode.SCMSafeModeManager (SCMSafeModeManager.java:validateSafeModeExitRules(200)) - ContainerSafeModeRule rule is successfully validated
2023-10-17 18:43:46,997 [EventQueue-NodeRegistrationContainerReportForDataNodeSafeModeRule] INFO  safemode.SCMSafeModeManager (DataNodeSafeModeRule.java:process(71)) - SCM in safe mode. 1 DataNodes registered, 1 required.
2023-10-17 18:43:47,000 [EventQueue-NewNodeForNewNodeHandler] INFO  pipeline.BackgroundPipelineCreator (BackgroundPipelineCreator.java:notifyEventTriggered(277)) - trigger a one-shot run on RatisPipelineUtilsThread.
2023-10-17 18:43:47,001 [RatisPipelineUtilsThread - 0] INFO  pipeline.RatisPipelineProvider (RatisPipelineProvider.java:lambda$create$0(206)) - Sending CreatePipelineCommand for pipeline:PipelineID=62de8fee-97a2-49de-b052-ee96e6f6d60c to datanode:3171a28e-8566-4955-9258-6ff817b5ab3e
2023-10-17 18:43:47,002 [RatisPipelineUtilsThread - 0] INFO  pipeline.BackgroundPipelineCreator (BackgroundPipelineCreator.java:createPipelines(233)) - Created new pipeline Pipeline[ Id: 62de8fee-97a2-49de-b052-ee96e6f6d60c, Nodes: 3171a28e-8566-4955-9258-6ff817b5ab3e(fv-az189-115/10.1.0.25), ReplicationConfig: RATIS/ONE, State:ALLOCATED, leaderId:, CreationTimestamp2023-10-17T18:43:47.001Z[Etc/UTC]]
2023-10-17 18:43:47,004 [EventQueue-NodeRegistrationContainerReportForDataNodeSafeModeRule] INFO  safemode.SCMSafeModeManager (SCMSafeModeManager.java:validateSafeModeExitRules(200)) - DataNodeSafeModeRule rule is successfully validated
2023-10-17 18:43:47,004 [EventQueue-NodeRegistrationContainerReportForDataNodeSafeModeRule] INFO  safemode.SCMSafeModeManager (SCMSafeModeManager.java:completePreCheck(229)) - All SCM safe mode pre check rules have passed
2023-10-17 18:43:47,004 [EventQueue-NodeRegistrationContainerReportForDataNodeSafeModeRule] INFO  ha.SCMContext (SCMContext.java:updateSafeModeStatus(230)) - Update SafeModeStatus from SafeModeStatus{safeModeStatus=true, preCheckPassed=false} to SafeModeStatus{safeModeStatus=true, preCheckPassed=true}.
2023-10-17 18:43:47,004 [EventQueue-NodeRegistrationContainerReportForDataNodeSafeModeRule] INFO  pipeline.BackgroundPipelineCreator (BackgroundPipelineCreator.java:notifyEventTriggered(277)) - trigger a one-shot run on RatisPipelineUtilsThread.
2023-10-17 18:43:47,005 [RatisPipelineUtilsThread - 0] ERROR scm.SCMCommonPlacementPolicy (SCMCommonPlacementPolicy.java:filterNodesWithSpace(286)) - Unable to find enough nodes that meet the space requirement of 1073741824 bytes for metadata and 5368709120 bytes for data in healthy node set. Required 3. Found 1.
2023-10-17 18:43:47,005 [EventQueue-PipelineReportForOneReplicaPipelineSafeModeRule] INFO  safemode.SCMSafeModeManager (SCMSafeModeManager.java:validateSafeModeExitRules(200)) - AtleastOneDatanodeReportedRule rule is successfully validated
2023-10-17 18:43:47,987 [Time-limited test] INFO  ozone.MiniOzoneClusterImpl (MiniOzoneClusterImpl.java:lambda$waitForClusterToBeReady$0(229)) - Nodes are ready. Got 1 of 1 DN Heartbeats.
2023-10-17 18:43:47,987 [Time-limited test] INFO  ozone.MiniOzoneClusterImpl (MiniOzoneClusterImpl.java:lambda$waitForClusterToBeReady$0(232)) - Waiting for cluster to exit safe mode
2023-10-17 18:43:47,987 [Time-limited test] INFO  ozone.MiniOzoneClusterImpl (MiniOzoneClusterImpl.java:lambda$waitForClusterToBeReady$0(234)) - SCM became leader
2023-10-17 18:43:48,987 [Time-limited test] INFO  ozone.MiniOzoneClusterImpl (MiniOzoneClusterImpl.java:lambda$waitForClusterToBeReady$0(229)) - Nodes are ready. Got 1 of 1 DN Heartbeats.
2023-10-17 18:43:48,988 [Time-limited test] INFO  ozone.MiniOzoneClusterImpl (MiniOzoneClusterImpl.java:lambda$waitForClusterToBeReady$0(232)) - Waiting for cluster to exit safe mode
2023-10-17 18:43:48,988 [Time-limited test] INFO  ozone.MiniOzoneClusterImpl (MiniOzoneClusterImpl.java:lambda$waitForClusterToBeReady$0(234)) - SCM became leader
2023-10-17 18:43:49,988 [Time-limited test] INFO  ozone.MiniOzoneClusterImpl (MiniOzoneClusterImpl.java:lambda$waitForClusterToBeReady$0(229)) - Nodes are ready. Got 1 of 1 DN Heartbeats.
2023-10-17 18:43:49,988 [Time-limited test] INFO  ozone.MiniOzoneClusterImpl (MiniOzoneClusterImpl.java:lambda$waitForClusterToBeReady$0(232)) - Waiting for cluster to exit safe mode
2023-10-17 18:43:49,988 [Time-limited test] INFO  ozone.MiniOzoneClusterImpl (MiniOzoneClusterImpl.java:lambda$waitForClusterToBeReady$0(234)) - SCM became leader
2023-10-17 18:43:50,000 [PipelineCommandHandlerThread-0] INFO  server.RaftServer (RaftServerProxy.java:addNew(98)) - 3171a28e-8566-4955-9258-6ff817b5ab3e: addNew group-EE96E6F6D60C:[3171a28e-8566-4955-9258-6ff817b5ab3e|rpc:10.1.0.25:15101|admin:10.1.0.25:15100|client:10.1.0.25:15099|dataStream:10.1.0.25:15102|priority:1|startupRole:FOLLOWER] returns group-EE96E6F6D60C:java.util.concurrent.CompletableFuture@610fe236[Not completed]
2023-10-17 18:43:50,001 [3171a28e-8566-4955-9258-6ff817b5ab3e-groupManagement] INFO  server.RaftServer$Division (RaftServerImpl.java:<init>(198)) - 3171a28e-8566-4955-9258-6ff817b5ab3e: new RaftServerImpl for group-EE96E6F6D60C:[3171a28e-8566-4955-9258-6ff817b5ab3e|rpc:10.1.0.25:15101|admin:10.1.0.25:15100|client:10.1.0.25:15099|dataStream:10.1.0.25:15102|priority:1|startupRole:FOLLOWER] with ContainerStateMachine:uninitialized
2023-10-17 18:43:50,003 [3171a28e-8566-4955-9258-6ff817b5ab3e-groupManagement] INFO  server.RaftServerConfigKeys (ConfUtils.java:logGet(46)) - raft.server.rpc.timeout.min = 5s (custom)
2023-10-17 18:43:50,004 [3171a28e-8566-4955-9258-6ff817b5ab3e-groupManagement] INFO  server.RaftServerConfigKeys (ConfUtils.java:logGet(46)) - raft.server.rpc.timeout.max = 5200ms (custom)
2023-10-17 18:43:50,004 [3171a28e-8566-4955-9258-6ff817b5ab3e-groupManagement] INFO  server.RaftServerConfigKeys (ConfUtils.java:logGet(46)) - raft.server.rpc.sleep.time = 25ms (default)
2023-10-17 18:43:50,004 [3171a28e-8566-4955-9258-6ff817b5ab3e-groupManagement] INFO  server.RaftServerConfigKeys (ConfUtils.java:logGet(46)) - raft.server.rpc.slowness.timeout = 300s (custom)
2023-10-17 18:43:50,004 [3171a28e-8566-4955-9258-6ff817b5ab3e-groupManagement] INFO  server.RaftServerConfigKeys (ConfUtils.java:logGet(46)) - raft.server.leaderelection.leader.step-down.wait-time = 10s (default)
2023-10-17 18:43:50,004 [3171a28e-8566-4955-9258-6ff817b5ab3e-groupManagement] INFO  server.RaftServerConfigKeys (ConfUtils.java:logGet(46)) - raft.server.sleep.deviation.threshold = 300ms (default)
2023-10-17 18:43:50,004 [3171a28e-8566-4955-9258-6ff817b5ab3e-groupManagement] INFO  server.RaftServer$Division (ServerState.java:<init>(120)) - 3171a28e-8566-4955-9258-6ff817b5ab3e@group-EE96E6F6D60C: ConfigurationManager, init=-1: peers:[3171a28e-8566-4955-9258-6ff817b5ab3e|rpc:10.1.0.25:15101|admin:10.1.0.25:15100|client:10.1.0.25:15099|dataStream:10.1.0.25:15102|priority:1|startupRole:FOLLOWER]|listeners:[], old=null, confs=<EMPTY_MAP>
2023-10-17 18:43:50,004 [3171a28e-8566-4955-9258-6ff817b5ab3e-groupManagement] INFO  server.RaftServerConfigKeys (ConfUtils.java:logGet(46)) - raft.server.storage.dir = [/home/runner/work/ozone/ozone/hadoop-ozone/integration-test/target/test-dir/MiniOzoneClusterImpl-8925bcf1-3288-4578-9985-30cfda83a485/datanode-0/data/ratis] (custom)
2023-10-17 18:43:50,004 [3171a28e-8566-4955-9258-6ff817b5ab3e-groupManagement] INFO  server.RaftServerConfigKeys (ConfUtils.java:logGet(46)) - raft.server.log.corruption.policy = EXCEPTION (default)
2023-10-17 18:43:50,004 [3171a28e-8566-4955-9258-6ff817b5ab3e-groupManagement] INFO  server.RaftServerConfigKeys (ConfUtils.java:logGet(46)) - raft.server.storage.free-space.min = 0MB (=0) (default)
2023-10-17 18:43:50,004 [3171a28e-8566-4955-9258-6ff817b5ab3e-groupManagement] INFO  server.RaftServerConfigKeys (ConfUtils.java:logGet(46)) - raft.server.notification.no-leader.timeout = 300s (custom)
2023-10-17 18:43:50,004 [3171a28e-8566-4955-9258-6ff817b5ab3e-groupManagement] INFO  server.RaftServerConfigKeys (ConfUtils.java:logGet(46)) - raft.server.read.timeout = 10s (default)
2023-10-17 18:43:50,004 [3171a28e-8566-4955-9258-6ff817b5ab3e-groupManagement] INFO  server.RaftServerConfigKeys (ConfUtils.java:logGet(46)) - raft.server.retrycache.expirytime = 600000ms (custom)
2023-10-17 18:43:50,004 [3171a28e-8566-4955-9258-6ff817b5ab3e-groupManagement] INFO  server.RaftServerConfigKeys (ConfUtils.java:logGet(46)) - raft.server.retrycache.statistics.expirytime = 100μs (default)
2023-10-17 18:43:50,004 [3171a28e-8566-4955-9258-6ff817b5ab3e-groupManagement] INFO  server.RaftServerConfigKeys (ConfUtils.java:logGet(46)) - raft.server.read.option = DEFAULT (default)
2023-10-17 18:43:50,008 [3171a28e-8566-4955-9258-6ff817b5ab3e-groupManagement] INFO  server.RaftServerConfigKeys (ConfUtils.java:logGet(46)) - raft.server.rpc.request.timeout = 60s (custom)
2023-10-17 18:43:50,008 [3171a28e-8566-4955-9258-6ff817b5ab3e-groupManagement] INFO  server.RaftServerConfigKeys (ConfUtils.java:logGet(46)) - raft.server.log.appender.install.snapshot.enabled = false (custom)
2023-10-17 18:43:50,008 [3171a28e-8566-4955-9258-6ff817b5ab3e-groupManagement] INFO  server.RaftServerConfigKeys (ConfUtils.java:logGet(46)) - raft.server.threadpool.server.cached = true (default)
2023-10-17 18:43:50,008 [3171a28e-8566-4955-9258-6ff817b5ab3e-groupManagement] INFO  server.RaftServerConfigKeys (ConfUtils.java:logGet(46)) - raft.server.threadpool.server.size = 0 (default)
2023-10-17 18:43:50,008 [3171a28e-8566-4955-9258-6ff817b5ab3e-groupManagement] INFO  server.RaftServerConfigKeys (ConfUtils.java:logGet(46)) - raft.server.threadpool.client.cached = true (default)
2023-10-17 18:43:50,008 [3171a28e-8566-4955-9258-6ff817b5ab3e-groupManagement] INFO  server.RaftServerConfigKeys (ConfUtils.java:logGet(46)) - raft.server.threadpool.client.size = 0 (default)
2023-10-17 18:43:50,008 [3171a28e-8566-4955-9258-6ff817b5ab3e-groupManagement] INFO  storage.RaftStorageDirectory (RaftStorageDirectoryImpl.java:analyzeStorage(137)) - The storage directory /home/runner/work/ozone/ozone/hadoop-ozone/integration-test/target/test-dir/MiniOzoneClusterImpl-8925bcf1-3288-4578-9985-30cfda83a485/datanode-0/data/ratis/62de8fee-97a2-49de-b052-ee96e6f6d60c does not exist. Creating ...
2023-10-17 18:43:50,011 [3171a28e-8566-4955-9258-6ff817b5ab3e-groupManagement] INFO  storage.RaftStorageDirectory (RaftStorageDirectoryImpl.java:tryLock(231)) - Lock on /home/runner/work/ozone/ozone/hadoop-ozone/integration-test/target/test-dir/MiniOzoneClusterImpl-8925bcf1-3288-4578-9985-30cfda83a485/datanode-0/data/ratis/62de8fee-97a2-49de-b052-ee96e6f6d60c/in_use.lock acquired by nodename 31914@fv-az189-115
2023-10-17 18:43:50,013 [3171a28e-8566-4955-9258-6ff817b5ab3e-groupManagement] INFO  storage.RaftStorage (RaftStorageImpl.java:format(96)) - Storage directory /home/runner/work/ozone/ozone/hadoop-ozone/integration-test/target/test-dir/MiniOzoneClusterImpl-8925bcf1-3288-4578-9985-30cfda83a485/datanode-0/data/ratis/62de8fee-97a2-49de-b052-ee96e6f6d60c has been successfully formatted.
2023-10-17 18:43:50,013 [3171a28e-8566-4955-9258-6ff817b5ab3e-groupManagement] INFO  ratis.ContainerStateMachine (ContainerStateMachine.java:loadSnapshot(262)) - group-EE96E6F6D60C: The snapshot info is null. Setting the last applied indexto:(t:0, i:~)
2023-10-17 18:43:50,014 [3171a28e-8566-4955-9258-6ff817b5ab3e-groupManagement] INFO  server.RaftServerConfigKeys (ConfUtils.java:logGet(46)) - raft.server.log.use.memory = false (default)
2023-10-17 18:43:50,014 [3171a28e-8566-4955-9258-6ff817b5ab3e-groupManagement] INFO  server.RaftServerConfigKeys (ConfUtils.java:logGet(46)) - raft.server.log.purge.gap = 1000000 (custom)
2023-10-17 18:43:50,014 [3171a28e-8566-4955-9258-6ff817b5ab3e-groupManagement] INFO  server.RaftServerConfigKeys (ConfUtils.java:logGet(46)) - raft.server.log.appender.buffer.byte-limit = 33554432 (custom)
2023-10-17 18:43:50,014 [3171a28e-8566-4955-9258-6ff817b5ab3e-groupManagement] INFO  server.RaftServerConfigKeys (ConfUtils.java:logGet(46)) - raft.server.log.statemachine.data.read.timeout = 1000ms (default)
2023-10-17 18:43:50,014 [3171a28e-8566-4955-9258-6ff817b5ab3e-groupManagement] INFO  server.RaftServerConfigKeys (ConfUtils.java:logGet(46)) - raft.server.log.purge.preservation.log.num = 0 (default)
2023-10-17 18:43:50,014 [3171a28e-8566-4955-9258-6ff817b5ab3e-groupManagement] INFO  server.RaftServerConfigKeys (ConfUtils.java:logGet(46)) - raft.server.log.segment.size.max = 1048576 (custom)
2023-10-17 18:43:50,015 [3171a28e-8566-4955-9258-6ff817b5ab3e-groupManagement] INFO  server.RaftServerConfigKeys (ConfUtils.java:logGet(46)) - raft.server.log.segment.cache.num.max = 2 (custom)
2023-10-17 18:43:50,015 [3171a28e-8566-4955-9258-6ff817b5ab3e-groupManagement] INFO  server.RaftServerConfigKeys (ConfUtils.java:logGet(46)) - raft.server.log.segment.cache.size.max = 200MB (=209715200) (default)
2023-10-17 18:43:50,015 [3171a28e-8566-4955-9258-6ff817b5ab3e-groupManagement] INFO  server.RaftServerConfigKeys (ConfUtils.java:logGet(46)) - raft.server.log.appender.buffer.byte-limit = 33554432 (custom)
2023-10-17 18:43:50,015 [3171a28e-8566-4955-9258-6ff817b5ab3e-groupManagement] INFO  segmented.SegmentedRaftLogWorker (SegmentedRaftLogWorker.java:<init>(188)) - new 3171a28e-8566-4955-9258-6ff817b5ab3e@group-EE96E6F6D60C-SegmentedRaftLogWorker for RaftStorageImpl:Storage Directory /home/runner/work/ozone/ozone/hadoop-ozone/integration-test/target/test-dir/MiniOzoneClusterImpl-8925bcf1-3288-4578-9985-30cfda83a485/datanode-0/data/ratis/62de8fee-97a2-49de-b052-ee96e6f6d60c
2023-10-17 18:43:50,015 [3171a28e-8566-4955-9258-6ff817b5ab3e-groupManagement] INFO  server.RaftServerConfigKeys (ConfUtils.java:logGet(46)) - raft.server.log.queue.byte-limit = 4294967296 (custom)
2023-10-17 18:43:50,015 [3171a28e-8566-4955-9258-6ff817b5ab3e-groupManagement] INFO  server.RaftServerConfigKeys (ConfUtils.java:logGet(46)) - raft.server.log.queue.element-limit = 1024 (custom)
2023-10-17 18:43:50,015 [3171a28e-8566-4955-9258-6ff817b5ab3e-groupManagement] INFO  server.RaftServerConfigKeys (ConfUtils.java:logGet(46)) - raft.server.log.segment.size.max = 1048576 (custom)
2023-10-17 18:43:50,015 [3171a28e-8566-4955-9258-6ff817b5ab3e-groupManagement] INFO  server.RaftServerConfigKeys (ConfUtils.java:logGet(46)) - raft.server.log.preallocated.size = 16384 (custom)
2023-10-17 18:43:50,015 [3171a28e-8566-4955-9258-6ff817b5ab3e-groupManagement] INFO  server.RaftServerConfigKeys (ConfUtils.java:logGet(46)) - raft.server.log.force.sync.num = 128 (default)
2023-10-17 18:43:50,015 [3171a28e-8566-4955-9258-6ff817b5ab3e-groupManagement] INFO  server.RaftServerConfigKeys (ConfUtils.java:logGet(46)) - raft.server.log.statemachine.data.sync = true (default)
2023-10-17 18:43:50,015 [3171a28e-8566-4955-9258-6ff817b5ab3e-groupManagement] INFO  server.RaftServerConfigKeys (ConfUtils.java:logGet(46)) - raft.server.log.statemachine.data.sync.timeout = 10s (default)
2023-10-17 18:43:50,015 [3171a28e-8566-4955-9258-6ff817b5ab3e-groupManagement] INFO  server.RaftServerConfigKeys (ConfUtils.java:logGet(46)) - raft.server.log.statemachine.data.sync.timeout.retry = -1 (default)
2023-10-17 18:43:50,016 [EventQueue-PipelineReportForPipelineReportHandler] INFO  pipeline.PipelineReportHandler (PipelineReportHandler.java:processPipelineReport(136)) - Opened pipeline PipelineID=62de8fee-97a2-49de-b052-ee96e6f6d60c
2023-10-17 18:43:50,026 [3171a28e-8566-4955-9258-6ff817b5ab3e-groupManagement] INFO  server.RaftServerConfigKeys (ConfUtils.java:logGet(46)) - raft.server.log.write.buffer.size = 1048576 (custom)
2023-10-17 18:43:50,026 [3171a28e-8566-4955-9258-6ff817b5ab3e-groupManagement] INFO  server.RaftServerConfigKeys (ConfUtils.java:logGet(46)) - raft.server.log.appender.buffer.byte-limit = 33554432 (custom)
2023-10-17 18:43:50,082 [EventQueue-OpenPipelineForHealthyPipelineSafeModeRule] INFO  safemode.SCMSafeModeManager (SCMSafeModeManager.java:validateSafeModeExitRules(200)) - HealthyPipelineSafeModeRule rule is successfully validated
2023-10-17 18:43:50,083 [EventQueue-OpenPipelineForHealthyPipelineSafeModeRule] INFO  safemode.SCMSafeModeManager (SCMSafeModeManager.java:validateSafeModeExitRules(215)) - ScmSafeModeManager, all rules are successfully validated
2023-10-17 18:43:50,083 [EventQueue-OpenPipelineForHealthyPipelineSafeModeRule] INFO  safemode.SCMSafeModeManager (SCMSafeModeManager.java:exitSafeMode(244)) - SCM exiting safe mode.
2023-10-17 18:43:50,083 [EventQueue-OpenPipelineForHealthyPipelineSafeModeRule] INFO  ha.SCMContext (SCMContext.java:updateSafeModeStatus(230)) - Update SafeModeStatus from SafeModeStatus{safeModeStatus=true, preCheckPassed=true} to SafeModeStatus{safeModeStatus=false, preCheckPassed=true}.
2023-10-17 18:43:50,083 [EventQueue-OpenPipelineForHealthyPipelineSafeModeRule] INFO  pipeline.BackgroundPipelineCreator (BackgroundPipelineCreator.java:notifyStatusChanged(255)) - Service BackgroundPipelineCreator transitions to RUNNING.
2023-10-17 18:43:50,083 [EventQueue-OpenPipelineForHealthyPipelineSafeModeRule] INFO  BackgroundPipelineScrubber (BackgroundSCMService.java:notifyStatusChanged(82)) - Service BackgroundPipelineScrubber transitions to RUNNING.
2023-10-17 18:43:50,083 [EventQueue-OpenPipelineForHealthyPipelineSafeModeRule] INFO  ExpiredContainerReplicaOpScrubber (BackgroundSCMService.java:notifyStatusChanged(82)) - Service ExpiredContainerReplicaOpScrubber transitions to RUNNING.
2023-10-17 18:43:50,083 [EventQueue-OpenPipelineForHealthyPipelineSafeModeRule] INFO  replication.ReplicationManager (ReplicationManager.java:notifyStatusChanged(1370)) - Service ReplicationManager transitions to RUNNING.
2023-10-17 18:43:50,083 [EventQueue-OpenPipelineForHealthyPipelineSafeModeRule] WARN  balancer.ContainerBalancer (ContainerBalancer.java:shouldRun(134)) - Could not find persisted configuration for ContainerBalancer when checking if ContainerBalancer should run. ContainerBalancer should not run now.
2023-10-17 18:43:50,094 [3171a28e-8566-4955-9258-6ff817b5ab3e-groupManagement] INFO  server.RaftServerConfigKeys (ConfUtils.java:logGet(46)) - raft.server.log.unsafe-flush.enabled = false (default)
2023-10-17 18:43:50,094 [3171a28e-8566-4955-9258-6ff817b5ab3e-groupManagement] INFO  server.RaftServerConfigKeys (ConfUtils.java:logGet(46)) - raft.server.log.async-flush.enabled = false (default)
2023-10-17 18:43:50,094 [3171a28e-8566-4955-9258-6ff817b5ab3e-groupManagement] INFO  server.RaftServerConfigKeys (ConfUtils.java:logGet(46)) - raft.server.log.statemachine.data.caching.enabled = true (custom)
2023-10-17 18:43:50,095 [3171a28e-8566-4955-9258-6ff817b5ab3e-groupManagement] INFO  segmented.SegmentedRaftLogWorker (SegmentedRaftLogWorker.java:lambda$new$0(135)) - 3171a28e-8566-4955-9258-6ff817b5ab3e@group-EE96E6F6D60C-SegmentedRaftLogWorker: flushIndex: setUnconditionally 0 -> -1
2023-10-17 18:43:50,095 [3171a28e-8566-4955-9258-6ff817b5ab3e-groupManagement] INFO  segmented.SegmentedRaftLogWorker (SegmentedRaftLogWorker.java:lambda$new$0(135)) - 3171a28e-8566-4955-9258-6ff817b5ab3e@group-EE96E6F6D60C-SegmentedRaftLogWorker: safeCacheEvictIndex: setUnconditionally 0 -> -1
2023-10-17 18:43:50,100 [3171a28e-8566-4955-9258-6ff817b5ab3e-groupManagement] INFO  server.RaftServer$Division (RaftServerImpl.java:start(342)) - 3171a28e-8566-4955-9258-6ff817b5ab3e@group-EE96E6F6D60C: start as a follower, conf=-1: peers:[3171a28e-8566-4955-9258-6ff817b5ab3e|rpc:10.1.0.25:15101|admin:10.1.0.25:15100|client:10.1.0.25:15099|dataStream:10.1.0.25:15102|priority:1|startupRole:FOLLOWER]|listeners:[], old=null
2023-10-17 18:43:50,100 [3171a28e-8566-4955-9258-6ff817b5ab3e-groupManagement] INFO  server.RaftServer$Division (RaftServerImpl.java:setRole(329)) - 3171a28e-8566-4955-9258-6ff817b5ab3e@group-EE96E6F6D60C: changes role from      null to FOLLOWER at term 0 for startAsFollower
2023-10-17 18:43:50,100 [3171a28e-8566-4955-9258-6ff817b5ab3e-groupManagement] INFO  impl.RoleInfo (RoleInfo.java:updateAndGet(139)) - 3171a28e-8566-4955-9258-6ff817b5ab3e: start 3171a28e-8566-4955-9258-6ff817b5ab3e@group-EE96E6F6D60C-FollowerState
2023-10-17 18:43:50,100 [3171a28e-8566-4955-9258-6ff817b5ab3e@group-EE96E6F6D60C-FollowerState] INFO  server.RaftServerConfigKeys (ConfUtils.java:logFallback(53)) - raft.server.rpc.first-election.timeout.min = 5s (fallback to raft.server.rpc.timeout.min)
2023-10-17 18:43:50,100 [3171a28e-8566-4955-9258-6ff817b5ab3e-groupManagement] INFO  util.JmxRegister (JmxRegister.java:tryRegister(44)) - Successfully registered JMX Bean with object name Ratis:service=RaftServer,group=group-EE96E6F6D60C,id=3171a28e-8566-4955-9258-6ff817b5ab3e
2023-10-17 18:43:50,100 [3171a28e-8566-4955-9258-6ff817b5ab3e@group-EE96E6F6D60C-FollowerState] INFO  server.RaftServerConfigKeys (ConfUtils.java:logFallback(53)) - raft.server.rpc.first-election.timeout.max = 5200ms (fallback to raft.server.rpc.timeout.max)
2023-10-17 18:43:50,100 [3171a28e-8566-4955-9258-6ff817b5ab3e-groupManagement] INFO  server.RaftServerConfigKeys (ConfUtils.java:logGet(46)) - raft.server.snapshot.auto.trigger.enabled = true (custom)
2023-10-17 18:43:50,100 [3171a28e-8566-4955-9258-6ff817b5ab3e-groupManagement] INFO  server.RaftServerConfigKeys (ConfUtils.java:logGet(46)) - raft.server.snapshot.auto.trigger.threshold = 10000 (custom)
2023-10-17 18:43:50,100 [3171a28e-8566-4955-9258-6ff817b5ab3e-groupManagement] INFO  server.RaftServerConfigKeys (ConfUtils.java:logGet(46)) - raft.server.snapshot.retention.file.num = 5 (custom)
2023-10-17 18:43:50,100 [3171a28e-8566-4955-9258-6ff817b5ab3e-groupManagement] INFO  server.RaftServerConfigKeys (ConfUtils.java:logGet(46)) - raft.server.log.purge.upto.snapshot.index = false (default)
2023-10-17 18:43:50,101 [PipelineCommandHandlerThread-0] INFO  ratis.XceiverServerRatis (XceiverServerRatis.java:addGroup(804)) - Created group PipelineID=62de8fee-97a2-49de-b052-ee96e6f6d60c
2023-10-17 18:43:50,101 [PipelineCommandHandlerThread-0] INFO  commandhandler.CreatePipelineCommandHandler (CreatePipelineCommandHandler.java:lambda$handle$2(124)) - Created Pipeline RATIS ONE PipelineID=62de8fee-97a2-49de-b052-ee96e6f6d60c.
2023-10-17 18:43:50,988 [Time-limited test] INFO  ozone.MiniOzoneClusterImpl (MiniOzoneClusterImpl.java:lambda$waitForClusterToBeReady$0(229)) - Nodes are ready. Got 1 of 1 DN Heartbeats.
2023-10-17 18:43:50,988 [Time-limited test] INFO  ozone.MiniOzoneClusterImpl (MiniOzoneClusterImpl.java:lambda$waitForClusterToBeReady$0(232)) - Cluster exits safe mode
2023-10-17 18:43:50,988 [Time-limited test] INFO  ozone.MiniOzoneClusterImpl (MiniOzoneClusterImpl.java:lambda$waitForClusterToBeReady$0(234)) - SCM became leader
2023-10-17 18:43:51,006 [Time-limited test] INFO  rpc.RpcClient (RpcClient.java:createVolume(462)) - Creating Volume: volume83620, with user61181 as owner and space quota set to -1 bytes, counts quota set to -1
2023-10-17 18:43:51,023 [OM StateMachine ApplyTransaction Thread - 0] INFO  volume.OMVolumeCreateRequest (OMVolumeCreateRequest.java:validateAndUpdateCache(196)) - created volume:volume83620 for user:user61181
2023-10-17 18:43:51,028 [Time-limited test] INFO  rpc.RpcClient (RpcClient.java:createBucket(689)) - Creating Bucket: volume83620/bucket56269, with bucket layout LEGACY, runner as owner, Versioning false, Storage Type set to DISK and Encryption set to false, Replication Type set to server-side default replication type, Namespace Quota set to -1, Space Quota set to -1 
2023-10-17 18:43:51,035 [OM StateMachine ApplyTransaction Thread - 0] INFO  bucket.OMBucketCreateRequest (OMBucketCreateRequest.java:validateAndUpdateCache(270)) - created bucket: bucket56269 of layout LEGACY in volume: volume83620
2023-10-17 18:43:51,048 [IPC Server handler 0 on default port 15088] INFO  ha.SequenceIdGenerator (SequenceIdGenerator.java:getNextId(140)) - Allocate a batch for containerId, change lastId from 0 to 1000.
2023-10-17 18:43:51,049 [IPC Server handler 0 on default port 15088] WARN  ha.SequenceIdGenerator (SequenceIdGenerator.java:allocateBatch(253)) - Failed to allocate a batch for localId, expected lastId is 0, actual lastId is 111677748019200000.
2023-10-17 18:43:51,049 [IPC Server handler 0 on default port 15088] INFO  ha.SequenceIdGenerator (SequenceIdGenerator.java:getNextId(140)) - Allocate a batch for localId, change lastId from 111677748019200000 to 111677748019201000.
2023-10-17 18:43:55,233 [3171a28e-8566-4955-9258-6ff817b5ab3e@group-EE96E6F6D60C-FollowerState] INFO  impl.FollowerState (FollowerState.java:run(143)) - 3171a28e-8566-4955-9258-6ff817b5ab3e@group-EE96E6F6D60C-FollowerState: change to CANDIDATE, lastRpcElapsedTime:5133564380ns, electionTimeout:5133ms
2023-10-17 18:43:55,234 [3171a28e-8566-4955-9258-6ff817b5ab3e@group-EE96E6F6D60C-FollowerState] INFO  impl.RoleInfo (RoleInfo.java:shutdownFollowerState(110)) - 3171a28e-8566-4955-9258-6ff817b5ab3e: shutdown 3171a28e-8566-4955-9258-6ff817b5ab3e@group-EE96E6F6D60C-FollowerState
2023-10-17 18:43:55,234 [3171a28e-8566-4955-9258-6ff817b5ab3e@group-EE96E6F6D60C-FollowerState] INFO  server.RaftServer$Division (RaftServerImpl.java:setRole(329)) - 3171a28e-8566-4955-9258-6ff817b5ab3e@group-EE96E6F6D60C: changes role from  FOLLOWER to CANDIDATE at term 0 for changeToCandidate
2023-10-17 18:43:55,234 [3171a28e-8566-4955-9258-6ff817b5ab3e@group-EE96E6F6D60C-FollowerState] INFO  server.RaftServerConfigKeys (ConfUtils.java:logGet(46)) - raft.server.leaderelection.pre-vote = true (default)
2023-10-17 18:43:55,234 [3171a28e-8566-4955-9258-6ff817b5ab3e@group-EE96E6F6D60C-FollowerState] INFO  impl.RoleInfo (RoleInfo.java:updateAndGet(139)) - 3171a28e-8566-4955-9258-6ff817b5ab3e: start 3171a28e-8566-4955-9258-6ff817b5ab3e@group-EE96E6F6D60C-LeaderElection19
2023-10-17 18:43:55,240 [3171a28e-8566-4955-9258-6ff817b5ab3e@group-EE96E6F6D60C-LeaderElection19] INFO  impl.LeaderElection (LeaderElection.java:askForVotes(321)) - 3171a28e-8566-4955-9258-6ff817b5ab3e@group-EE96E6F6D60C-LeaderElection19 PRE_VOTE round 0: submit vote requests at term 0 for -1: peers:[3171a28e-8566-4955-9258-6ff817b5ab3e|rpc:10.1.0.25:15101|admin:10.1.0.25:15100|client:10.1.0.25:15099|dataStream:10.1.0.25:15102|priority:1|startupRole:FOLLOWER]|listeners:[], old=null
2023-10-17 18:43:55,240 [3171a28e-8566-4955-9258-6ff817b5ab3e@group-EE96E6F6D60C-LeaderElection19] INFO  impl.LeaderElection (LeaderElection.java:askForVotes(323)) - 3171a28e-8566-4955-9258-6ff817b5ab3e@group-EE96E6F6D60C-LeaderElection19 PRE_VOTE round 0: result PASSED (term=0)
2023-10-17 18:43:55,241 [3171a28e-8566-4955-9258-6ff817b5ab3e@group-EE96E6F6D60C-LeaderElection19] INFO  impl.LeaderElection (LeaderElection.java:askForVotes(321)) - 3171a28e-8566-4955-9258-6ff817b5ab3e@group-EE96E6F6D60C-LeaderElection19 ELECTION round 0: submit vote requests at term 1 for -1: peers:[3171a28e-8566-4955-9258-6ff817b5ab3e|rpc:10.1.0.25:15101|admin:10.1.0.25:15100|client:10.1.0.25:15099|dataStream:10.1.0.25:15102|priority:1|startupRole:FOLLOWER]|listeners:[], old=null
2023-10-17 18:43:55,241 [3171a28e-8566-4955-9258-6ff817b5ab3e@group-EE96E6F6D60C-LeaderElection19] INFO  impl.LeaderElection (LeaderElection.java:askForVotes(323)) - 3171a28e-8566-4955-9258-6ff817b5ab3e@group-EE96E6F6D60C-LeaderElection19 ELECTION round 0: result PASSED (term=1)
2023-10-17 18:43:55,241 [3171a28e-8566-4955-9258-6ff817b5ab3e@group-EE96E6F6D60C-LeaderElection19] INFO  impl.RoleInfo (RoleInfo.java:shutdownLeaderElection(130)) - 3171a28e-8566-4955-9258-6ff817b5ab3e: shutdown 3171a28e-8566-4955-9258-6ff817b5ab3e@group-EE96E6F6D60C-LeaderElection19
2023-10-17 18:43:55,241 [3171a28e-8566-4955-9258-6ff817b5ab3e@group-EE96E6F6D60C-LeaderElection19] INFO  server.RaftServer$Division (RaftServerImpl.java:setRole(329)) - 3171a28e-8566-4955-9258-6ff817b5ab3e@group-EE96E6F6D60C: changes role from CANDIDATE to LEADER at term 1 for changeToLeader
2023-10-17 18:43:55,241 [3171a28e-8566-4955-9258-6ff817b5ab3e@group-EE96E6F6D60C-LeaderElection19] INFO  ratis.XceiverServerRatis (XceiverServerRatis.java:handleLeaderChangedNotification(902)) - Leader change notification received for group: group-EE96E6F6D60C with new leaderId: 3171a28e-8566-4955-9258-6ff817b5ab3e
2023-10-17 18:43:55,242 [3171a28e-8566-4955-9258-6ff817b5ab3e@group-EE96E6F6D60C-LeaderElection19] INFO  server.RaftServer$Division (ServerState.java:setLeader(317)) - 3171a28e-8566-4955-9258-6ff817b5ab3e@group-EE96E6F6D60C: change Leader from null to 3171a28e-8566-4955-9258-6ff817b5ab3e at term 1 for becomeLeader, leader elected after 5237ms
2023-10-17 18:43:55,242 [3171a28e-8566-4955-9258-6ff817b5ab3e@group-EE96E6F6D60C-LeaderElection19] INFO  server.RaftServerConfigKeys (ConfUtils.java:logGet(46)) - raft.server.staging.catchup.gap = 1000 (default)
2023-10-17 18:43:55,242 [3171a28e-8566-4955-9258-6ff817b5ab3e@group-EE96E6F6D60C-LeaderElection19] INFO  server.RaftServerConfigKeys (ConfUtils.java:logGet(46)) - raft.server.write.element-limit = 1024 (custom)
2023-10-17 18:43:55,242 [3171a28e-8566-4955-9258-6ff817b5ab3e@group-EE96E6F6D60C-LeaderElection19] INFO  server.RaftServerConfigKeys (ConfUtils.java:logGet(46)) - raft.server.write.byte-limit = 1024 M (=1073741824) (custom)
2023-10-17 18:43:55,242 [3171a28e-8566-4955-9258-6ff817b5ab3e@group-EE96E6F6D60C-LeaderElection19] INFO  server.RaftServerConfigKeys (ConfUtils.java:logGet(46)) - raft.server.watch.timeout = 180s (custom)
2023-10-17 18:43:55,242 [3171a28e-8566-4955-9258-6ff817b5ab3e@group-EE96E6F6D60C-LeaderElection19] INFO  server.RaftServerConfigKeys (ConfUtils.java:logGet(46)) - raft.server.watch.timeout.denomination = 1s (default)
2023-10-17 18:43:55,242 [3171a28e-8566-4955-9258-6ff817b5ab3e@group-EE96E6F6D60C-LeaderElection19] INFO  server.RaftServerConfigKeys (ConfUtils.java:logGet(46)) - raft.server.watch.element-limit = 65536 (default)
2023-10-17 18:43:55,243 [3171a28e-8566-4955-9258-6ff817b5ab3e@group-EE96E6F6D60C-LeaderElection19] INFO  server.RaftServerConfigKeys (ConfUtils.java:logGet(46)) - raft.server.write.element-limit = 1024 (custom)
2023-10-17 18:43:55,243 [3171a28e-8566-4955-9258-6ff817b5ab3e@group-EE96E6F6D60C-LeaderElection19] INFO  server.RaftServerConfigKeys (ConfUtils.java:logGet(46)) - raft.server.write.follower.gap.ratio.max = -1.0 (default)
2023-10-17 18:43:55,243 [3171a28e-8566-4955-9258-6ff817b5ab3e@group-EE96E6F6D60C-LeaderElection19] INFO  impl.RoleInfo (RoleInfo.java:updateAndGet(139)) - 3171a28e-8566-4955-9258-6ff817b5ab3e: start 3171a28e-8566-4955-9258-6ff817b5ab3e@group-EE96E6F6D60C-LeaderStateImpl
2023-10-17 18:43:55,243 [3171a28e-8566-4955-9258-6ff817b5ab3e@group-EE96E6F6D60C-LeaderElection19] INFO  segmented.SegmentedRaftLogWorker (SegmentedRaftLogWorker.java:startLogSegment(447)) - 3171a28e-8566-4955-9258-6ff817b5ab3e@group-EE96E6F6D60C-SegmentedRaftLogWorker: Starting segment from index:0
2023-10-17 18:43:55,246 [3171a28e-8566-4955-9258-6ff817b5ab3e@group-EE96E6F6D60C-LeaderElection19] INFO  server.RaftServer$Division (ServerState.java:setRaftConf(434)) - 3171a28e-8566-4955-9258-6ff817b5ab3e@group-EE96E6F6D60C: set configuration 0: peers:[3171a28e-8566-4955-9258-6ff817b5ab3e|rpc:10.1.0.25:15101|admin:10.1.0.25:15100|client:10.1.0.25:15099|dataStream:10.1.0.25:15102|priority:1|startupRole:FOLLOWER]|listeners:[], old=null
2023-10-17 18:43:55,250 [3171a28e-8566-4955-9258-6ff817b5ab3e@group-EE96E6F6D60C-SegmentedRaftLogWorker] INFO  segmented.SegmentedRaftLogWorker (SegmentedRaftLogWorker.java:execute(651)) - 3171a28e-8566-4955-9258-6ff817b5ab3e@group-EE96E6F6D60C-SegmentedRaftLogWorker: created new log segment /home/runner/work/ozone/ozone/hadoop-ozone/integration-test/target/test-dir/MiniOzoneClusterImpl-8925bcf1-3288-4578-9985-30cfda83a485/datanode-0/data/ratis/62de8fee-97a2-49de-b052-ee96e6f6d60c/current/log_inprogress_0
2023-10-17 18:44:01,226 [Time-limited test] INFO  server.SCMDatanodeProtocolServer (SCMDatanodeProtocolServer.java:stop(424)) - Stopping the RPC server for DataNodes
2023-10-17 18:44:01,226 [Time-limited test] INFO  ipc.Server (Server.java:stop(3523)) - Stopping server on 15089
2023-10-17 18:44:01,228 [IPC Server Responder] INFO  ipc.Server (Server.java:run(1567)) - Stopping IPC Server Responder
2023-10-17 18:44:01,228 [IPC Server listener on 15089] INFO  ipc.Server (Server.java:run(1434)) - Stopping IPC Server listener on 15089
2023-10-17 18:44:02,145 [EndpointStateMachine task thread for /0.0.0.0:15089 - 0 ] WARN  statemachine.EndpointStateMachine (EndpointStateMachine.java:logIfNeeded(242)) - Unable to communicate to SCM server at 0.0.0.0:15089 for past 0 seconds.
java.io.EOFException: End of File Exception between local host is: "fv-az189-115/10.1.0.25"; destination host is: "0.0.0.0":15089; : java.io.EOFException; For more details see:  http://wiki.apache.org/hadoop/EOFException
	at sun.reflect.NativeConstructorAccessorImpl.newInstance0(Native Method)
	at sun.reflect.NativeConstructorAccessorImpl.newInstance(NativeConstructorAccessorImpl.java:62)
	at sun.reflect.DelegatingConstructorAccessorImpl.newInstance(DelegatingConstructorAccessorImpl.java:45)
	at java.lang.reflect.Constructor.newInstance(Constructor.java:423)
	at org.apache.hadoop.net.NetUtils.wrapWithMessage(NetUtils.java:930)
	at org.apache.hadoop.net.NetUtils.wrapException(NetUtils.java:879)
	at org.apache.hadoop.ipc.Client.getRpcResponse(Client.java:1571)
	at org.apache.hadoop.ipc.Client.call(Client.java:1513)
	at org.apache.hadoop.ipc.Client.call(Client.java:1410)
	at org.apache.hadoop.ipc.ProtobufRpcEngine$Invoker.invoke(ProtobufRpcEngine.java:250)
	at org.apache.hadoop.ipc.ProtobufRpcEngine$Invoker.invoke(ProtobufRpcEngine.java:132)
	at com.sun.proxy.$Proxy52.submitRequest(Unknown Source)
	at org.apache.hadoop.ozone.protocolPB.StorageContainerDatanodeProtocolClientSideTranslatorPB.submitRequest(StorageContainerDatanodeProtocolClientSideTranslatorPB.java:117)
	at org.apache.hadoop.ozone.protocolPB.StorageContainerDatanodeProtocolClientSideTranslatorPB.sendHeartbeat(StorageContainerDatanodeProtocolClientSideTranslatorPB.java:149)
	at org.apache.hadoop.ozone.container.common.states.endpoint.HeartbeatEndpointTask.call(HeartbeatEndpointTask.java:185)
	at org.apache.hadoop.ozone.container.common.states.endpoint.HeartbeatEndpointTask.call(HeartbeatEndpointTask.java:87)
	at java.util.concurrent.FutureTask.run(FutureTask.java:266)
	at java.util.concurrent.ThreadPoolExecutor.runWorker(ThreadPoolExecutor.java:1149)
	at java.util.concurrent.ThreadPoolExecutor$Worker.run(ThreadPoolExecutor.java:624)
	at java.lang.Thread.run(Thread.java:750)
Caused by: java.io.EOFException
	at java.io.DataInputStream.readInt(DataInputStream.java:392)
	at org.apache.hadoop.ipc.Client$IpcStreams.readResponse(Client.java:1906)
	at org.apache.hadoop.ipc.Client$Connection.receiveRpcResponse(Client.java:1187)
	at org.apache.hadoop.ipc.Client$Connection.run(Client.java:1078)
2023-10-17 18:44:02,873 [SCM Heartbeat Processing Thread - 0] WARN  node.NodeStateManager (NodeStateManager.java:scheduleNextHealthCheck(874)) - Current Thread is interrupted, shutting down HB processing thread for Node Manager.
2023-10-17 18:44:02,873 [Time-limited test] INFO  scm.TestStorageContainerManager (TestStorageContainerManager.java:testCloseContainerCommandOnRestart(886)) - Current Container State is OPEN
2023-10-17 18:44:02,874 [Time-limited test] INFO  ozone.MiniOzoneClusterImpl (MiniOzoneClusterImpl.java:restartStorageContainerManager(363)) - Restarting SCM in cluster class org.apache.hadoop.ozone.MiniOzoneClusterImpl
2023-10-17 18:44:02,874 [Time-limited test] INFO  server.StorageContainerManager (StorageContainerManager.java:stop(1600)) - Container Balancer is not running.
2023-10-17 18:44:02,874 [Time-limited test] INFO  server.StorageContainerManager (StorageContainerManager.java:stopReplicationManager(1733)) - Stopping Replication Manager Service.
2023-10-17 18:44:02,875 [Time-limited test] INFO  replication.ReplicationManager (ReplicationManager.java:stop(323)) - Stopping Replication Monitor Thread.
2023-10-17 18:44:02,875 [Time-limited test] INFO  server.StorageContainerManager (StorageContainerManager.java:stop(1609)) - Stopping the Datanode Admin Monitor.
2023-10-17 18:44:02,875 [Under Replicated Processor] WARN  replication.UnhealthyReplicationProcessor (UnhealthyReplicationProcessor.java:run(180)) - Under Replicated Processor interrupted. Exiting...
2023-10-17 18:44:02,875 [Time-limited test] INFO  server.StorageContainerManager (StorageContainerManager.java:stop(1616)) - Stopping datanode service RPC server
2023-10-17 18:44:02,875 [Time-limited test] INFO  server.SCMDatanodeProtocolServer (SCMDatanodeProtocolServer.java:stop(424)) - Stopping the RPC server for DataNodes
2023-10-17 18:44:02,875 [Time-limited test] INFO  ipc.Server (Server.java:stop(3523)) - Stopping server on 15089
2023-10-17 18:44:02,875 [Over Replicated Processor] WARN  replication.UnhealthyReplicationProcessor (UnhealthyReplicationProcessor.java:run(180)) - Over Replicated Processor interrupted. Exiting...
2023-10-17 18:44:02,875 [ReplicationMonitor] INFO  replication.ReplicationManager (ReplicationManager.java:run(921)) - Replication Monitor Thread is stopped
2023-10-17 18:44:02,875 [Time-limited test] INFO  server.StorageContainerManager (StorageContainerManager.java:stop(1624)) - Stopping block service RPC server
2023-10-17 18:44:02,875 [Time-limited test] INFO  server.SCMBlockProtocolServer (SCMBlockProtocolServer.java:stop(163)) - Stopping the RPC server for Block Protocol
2023-10-17 18:44:02,875 [Time-limited test] INFO  ipc.Server (Server.java:stop(3523)) - Stopping server on 15088
2023-10-17 18:44:02,877 [IPC Server Responder] INFO  ipc.Server (Server.java:run(1567)) - Stopping IPC Server Responder
2023-10-17 18:44:02,877 [IPC Server listener on 15088] INFO  ipc.Server (Server.java:run(1434)) - Stopping IPC Server listener on 15088
2023-10-17 18:44:02,877 [Time-limited test] INFO  server.StorageContainerManager (StorageContainerManager.java:stop(1631)) - Stopping the StorageContainerLocationProtocol RPC server
2023-10-17 18:44:02,878 [Time-limited test] INFO  server.SCMClientProtocolServer (SCMClientProtocolServer.java:stop(210)) - Stopping the RPC server for Client Protocol
2023-10-17 18:44:02,878 [Time-limited test] INFO  ipc.Server (Server.java:stop(3523)) - Stopping server on 15087
2023-10-17 18:44:02,883 [IPC Server Responder] INFO  ipc.Server (Server.java:run(1567)) - Stopping IPC Server Responder
2023-10-17 18:44:02,884 [Time-limited test] INFO  server.StorageContainerManager (StorageContainerManager.java:stop(1638)) - Stopping Storage Container Manager HTTP server.
2023-10-17 18:44:02,884 [Time-limited test] INFO  handler.ContextHandler (ContextHandler.java:doStop(1159)) - Stopped o.e.j.w.WebAppContext@3c44cbde{scm,/,null,STOPPED}{file:/home/runner/work/ozone/ozone/hadoop-ozone/integration-test/target/test-classes/webapps/scm}
2023-10-17 18:44:02,885 [Time-limited test] INFO  server.AbstractConnector (AbstractConnector.java:doStop(383)) - Stopped ServerConnector@3e259d29{HTTP/1.1, (http/1.1)}{0.0.0.0:15090}
2023-10-17 18:44:02,885 [Time-limited test] INFO  server.session (HouseKeeper.java:stopScavenging(149)) - node0 Stopped scavenging
2023-10-17 18:44:02,885 [Time-limited test] INFO  handler.ContextHandler (ContextHandler.java:doStop(1159)) - Stopped o.e.j.s.ServletContextHandler@2a6a211b{static,/static,file:///home/runner/work/ozone/ozone/hadoop-ozone/integration-test/target/test-classes/webapps/static,STOPPED}
2023-10-17 18:44:02,885 [Time-limited test] INFO  handler.ContextHandler (ContextHandler.java:doStop(1159)) - Stopped o.e.j.s.ServletContextHandler@c0e3a42{logs,/logs,file:///home/runner/work/ozone/ozone/hadoop-ozone/integration-test/target/log,STOPPED}
2023-10-17 18:44:02,886 [Time-limited test] INFO  server.StorageContainerManager (StorageContainerManager.java:stop(1646)) - Stopping SCM LayoutVersionManager Service.
2023-10-17 18:44:02,886 [Time-limited test] INFO  server.StorageContainerManager (StorageContainerManager.java:stop(1658)) - Stopping Block Manager Service.
2023-10-17 18:44:02,886 [Time-limited test] INFO  utils.BackgroundService (BackgroundService.java:shutdown(160)) - Shutting down service SCMBlockDeletingService
2023-10-17 18:44:02,887 [Time-limited test] INFO  utils.BackgroundService (BackgroundService.java:shutdown(160)) - Shutting down service SCMBlockDeletingService
2023-10-17 18:44:02,888 [Time-limited test] INFO  server.StorageContainerManager (StorageContainerManager.java:stop(1678)) - Stopping SCM Event Queue.
2023-10-17 18:44:02,888 [IPC Server listener on 15087] INFO  ipc.Server (Server.java:run(1434)) - Stopping IPC Server listener on 15087
2023-10-17 18:44:02,890 [JvmPauseMonitor13] INFO  util.JvmPauseMonitor (JvmPauseMonitor.java:run(109)) - JvmPauseMonitor-2bf016b8-d609-4d07-b24c-095f4898c493: Stopped
2023-10-17 18:44:02,891 [Time-limited test] INFO  server.StorageContainerManager (StorageContainerManager.java:stop(1689)) - Stopping SCM HA services.
2023-10-17 18:44:02,891 [Time-limited test] INFO  pipeline.BackgroundPipelineCreator (BackgroundPipelineCreator.java:stop(149)) - Stopping RatisPipelineUtilsThread.
2023-10-17 18:44:02,891 [RatisPipelineUtilsThread - 0] WARN  pipeline.BackgroundPipelineCreator (BackgroundPipelineCreator.java:run(180)) - RatisPipelineUtilsThread is interrupted.
2023-10-17 18:44:02,892 [BackgroundPipelineScrubberThread] WARN  BackgroundPipelineScrubber (BackgroundSCMService.java:run(115)) - BackgroundPipelineScrubber is interrupted, exit
2023-10-17 18:44:02,892 [Time-limited test] INFO  BackgroundPipelineScrubber (BackgroundSCMService.java:stop(131)) - Stopping BackgroundPipelineScrubber Service.
2023-10-17 18:44:02,893 [Time-limited test] INFO  impl.MetricsSystemImpl (MetricsSystemImpl.java:stop(210)) - Stopping HddsDatanode metrics system...
2023-10-17 18:44:02,899 [prometheus] INFO  impl.MetricsSinkAdapter (MetricsSinkAdapter.java:publishMetricsFromQueue(141)) - prometheus thread interrupted.
2023-10-17 18:44:02,899 [Time-limited test] INFO  impl.MetricsSystemImpl (MetricsSystemImpl.java:stop(216)) - HddsDatanode metrics system stopped.
2023-10-17 18:44:02,899 [Time-limited test] WARN  pipeline.BackgroundPipelineCreator (BackgroundPipelineCreator.java:stop(145)) - RatisPipelineUtilsThread is not running, just ignore.
2023-10-17 18:44:02,899 [Time-limited test] INFO  BackgroundPipelineScrubber (BackgroundSCMService.java:stop(126)) - BackgroundPipelineScrubber Service is not running, skip stop.
2023-10-17 18:44:02,899 [ExpiredContainerReplicaOpScrubberThread] WARN  ExpiredContainerReplicaOpScrubber (BackgroundSCMService.java:run(115)) - ExpiredContainerReplicaOpScrubber is interrupted, exit
2023-10-17 18:44:02,900 [Time-limited test] INFO  ExpiredContainerReplicaOpScrubber (BackgroundSCMService.java:stop(131)) - Stopping ExpiredContainerReplicaOpScrubber Service.
2023-10-17 18:44:02,900 [Time-limited test] INFO  utils.BackgroundService (BackgroundService.java:shutdown(160)) - Shutting down service SCMBlockDeletingService
2023-10-17 18:44:02,900 [Time-limited test] INFO  replication.ReplicationManager (ReplicationManager.java:stop(333)) - Replication Monitor Thread is not running.
2023-10-17 18:44:02,900 [Time-limited test] WARN  balancer.ContainerBalancer (ContainerBalancer.java:stop(326)) - Cannot stop Container Balancer because it's not running or stopping
2023-10-17 18:44:02,900 [LeaseManager#LeaseMonitor] WARN  lease.LeaseManager (LeaseManager.java:run(287)) - Lease manager is interrupted. Shutting down...
java.lang.InterruptedException
	at java.util.concurrent.locks.AbstractQueuedSynchronizer.doAcquireSharedNanos(AbstractQueuedSynchronizer.java:1039)
	at java.util.concurrent.locks.AbstractQueuedSynchronizer.tryAcquireSharedNanos(AbstractQueuedSynchronizer.java:1328)
	at java.util.concurrent.Semaphore.tryAcquire(Semaphore.java:409)
	at org.apache.hadoop.ozone.lease.LeaseManager$LeaseMonitor.run(LeaseManager.java:285)
	at java.lang.Thread.run(Thread.java:750)
2023-10-17 18:44:02,900 [Time-limited test] INFO  server.StorageContainerManager (StorageContainerManager.java:stop(1724)) - Stopping SCM MetadataStore.
2023-10-17 18:44:02,901 [Time-limited test] WARN  server.ServerUtils (ServerUtils.java:getScmDbDir(155)) - ozone.scm.db.dirs is not configured. We recommend adding this setting. Falling back to ozone.metadata.dirs instead.
2023-10-17 18:44:02,901 [Time-limited test] INFO  ha.SCMHANodeDetails (SCMHANodeDetails.java:loadSCMHAConfig(210)) - ServiceID for StorageContainerManager is null
2023-10-17 18:44:02,901 [Time-limited test] INFO  ha.SCMHANodeDetails (SCMHANodeDetails.java:loadSCMHAConfig(215)) - ozone.scm.default.service.id is not defined, falling back to ozone.scm.service.ids to find serviceID for StorageContainerManager if it is HA enabled cluster
2023-10-17 18:44:02,902 [Time-limited test] WARN  utils.HAUtils (HAUtils.java:getMetaDir(339)) - ozone.scm.db.dirs is not configured. We recommend adding this setting. Falling back to ozone.metadata.dirs instead.
2023-10-17 18:44:02,903 [Time-limited test] WARN  db.DBStoreBuilder (DBStoreBuilder.java:applyDBDefinition(167)) - ozone.scm.db.dirs is not configured. We recommend adding this setting. Falling back to ozone.metadata.dirs instead.
2023-10-17 18:44:02,934 [Time-limited test] INFO  net.NodeSchemaLoader (NodeSchemaLoader.java:loadSchemaFromFile(129)) - Loading schema from [jar:file:/home/runner/.m2/repository/org/apache/ozone/hdds-common/1.4.0-SNAPSHOT/hdds-common-1.4.0-SNAPSHOT.jar!/network-topology-default.xml]
2023-10-17 18:44:02,934 [Time-limited test] INFO  net.NodeSchemaLoader (NodeSchemaLoader.java:loadSchema(176)) - Loading network topology layer schema file
2023-10-17 18:44:02,936 [Time-limited test] INFO  upgrade.AbstractLayoutVersionManager (AbstractLayoutVersionManager.java:init(83)) - Initializing Layout version manager with metadata layout = HADOOP_PRC_PORTS_IN_DATANODEDETAILS (version = 7), software layout = HADOOP_PRC_PORTS_IN_DATANODEDETAILS (version = 7)
2023-10-17 18:44:02,938 [Time-limited test] INFO  ha.SequenceIdGenerator (SequenceIdGenerator.java:<init>(236)) - Init the HA SequenceIdGenerator.
2023-10-17 18:44:02,938 [Time-limited test] INFO  node.SCMNodeManager (SCMNodeManager.java:<init>(157)) - Entering startup safe mode.
2023-10-17 18:44:02,942 [Time-limited test] INFO  algorithms.ContainerPlacementPolicyFactory (ContainerPlacementPolicyFactory.java:getPolicyInternal(86)) - Create container placement policy of type org.apache.hadoop.hdds.scm.container.placement.algorithms.SCMContainerPlacementRackAware
2023-10-17 18:44:02,942 [Time-limited test] INFO  algorithms.ContainerPlacementPolicyFactory (ContainerPlacementPolicyFactory.java:getPolicyInternal(86)) - Create container placement policy of type org.apache.hadoop.hdds.scm.container.placement.algorithms.SCMContainerPlacementRackScatter
2023-10-17 18:44:02,944 [Time-limited test] INFO  algorithms.LeaderChoosePolicyFactory (LeaderChoosePolicyFactory.java:getPolicy(57)) - Create leader choose policy of type org.apache.hadoop.hdds.scm.pipeline.leader.choose.algorithms.MinLeaderCountChoosePolicy
2023-10-17 18:44:02,944 [Time-limited test] INFO  algorithms.ContainerPlacementPolicyFactory (ContainerPlacementPolicyFactory.java:getPolicyInternal(86)) - Create container placement policy of type org.apache.hadoop.hdds.scm.container.placement.algorithms.SCMContainerPlacementRackScatter
2023-10-17 18:44:02,944 [Time-limited test] INFO  ha.SCMServiceManager (SCMServiceManager.java:register(42)) - Registering service BackgroundPipelineCreator.
2023-10-17 18:44:02,944 [Time-limited test] INFO  pipeline.BackgroundPipelineCreator (BackgroundPipelineCreator.java:start(124)) - Starting RatisPipelineUtilsThread.
2023-10-17 18:44:02,950 [Time-limited test] INFO  BackgroundPipelineScrubber (BackgroundSCMService.java:start(68)) - Starting BackgroundPipelineScrubber Service.
2023-10-17 18:44:02,951 [Time-limited test] INFO  ha.SCMServiceManager (SCMServiceManager.java:register(42)) - Registering service BackgroundPipelineScrubber.
2023-10-17 18:44:02,951 [Time-limited test] INFO  ExpiredContainerReplicaOpScrubber (BackgroundSCMService.java:start(68)) - Starting ExpiredContainerReplicaOpScrubber Service.
2023-10-17 18:44:02,951 [Time-limited test] INFO  ha.SCMServiceManager (SCMServiceManager.java:register(42)) - Registering service ExpiredContainerReplicaOpScrubber.
2023-10-17 18:44:02,952 [Time-limited test] INFO  algorithms.PipelineChoosePolicyFactory (PipelineChoosePolicyFactory.java:createPipelineChoosePolicyFromClass(78)) - Create pipeline choose policy of type org.apache.hadoop.hdds.scm.pipeline.choose.algorithms.RandomPipelineChoosePolicy
2023-10-17 18:44:02,952 [Time-limited test] INFO  algorithms.PipelineChoosePolicyFactory (PipelineChoosePolicyFactory.java:createPipelineChoosePolicyFromClass(78)) - Create pipeline choose policy of type org.apache.hadoop.hdds.scm.pipeline.choose.algorithms.RandomPipelineChoosePolicy
2023-10-17 18:44:02,953 [Time-limited test] INFO  ha.SCMServiceManager (SCMServiceManager.java:register(42)) - Registering service SCMBlockDeletingService.
2023-10-17 18:44:02,953 [Time-limited test] INFO  replication.ReplicationManager (ReplicationManager.java:start(291)) - Starting Replication Monitor Thread.
2023-10-17 18:44:02,957 [Time-limited test] INFO  ha.SCMServiceManager (SCMServiceManager.java:register(42)) - Registering service ReplicationManager.
2023-10-17 18:44:02,958 [Time-limited test] INFO  safemode.ContainerSafeModeRule (ContainerSafeModeRule.java:<init>(90)) - containers with one replica threshold count 0
2023-10-17 18:44:02,959 [Time-limited test] INFO  safemode.HealthyPipelineSafeModeRule (HealthyPipelineSafeModeRule.java:initializeRule(169)) - Total pipeline count is 0, healthy pipeline threshold count is 0
2023-10-17 18:44:02,959 [Time-limited test] INFO  safemode.OneReplicaPipelineSafeModeRule (OneReplicaPipelineSafeModeRule.java:initializeRule(180)) - Total pipeline count is 0, pipeline's with at least one datanode reported threshold count is 0
2023-10-17 18:44:02,959 [ReplicationMonitor] INFO  replication.ReplicationManager (ReplicationManager.java:processAll(365)) - Replication Manager is not ready to run until 3000ms after safemode exit
2023-10-17 18:44:02,959 [Time-limited test] INFO  server.StorageContainerManager (StorageContainerManager.java:<init>(427)) - SCM start with adminUsers: [runner]
2023-10-17 18:44:02,959 [Time-limited test] INFO  ipc.CallQueueManager (CallQueueManager.java:<init>(90)) - Using callQueue: class java.util.concurrent.LinkedBlockingQueue, queueCapacity: 2000, scheduler: class org.apache.hadoop.ipc.DefaultRpcScheduler, ipcBackoff: false.
2023-10-17 18:44:02,960 [Time-limited test] INFO  ipc.Server (Server.java:<init>(1287)) - Listener at 0.0.0.0:15089
2023-10-17 18:44:02,960 [Socket Reader #1 for port 15089] INFO  ipc.Server (Server.java:run(1323)) - Starting Socket Reader #1 for port 15089
2023-10-17 18:44:02,961 [Time-limited test] INFO  ipc.CallQueueManager (CallQueueManager.java:<init>(90)) - Using callQueue: class java.util.concurrent.LinkedBlockingQueue, queueCapacity: 2000, scheduler: class org.apache.hadoop.ipc.DefaultRpcScheduler, ipcBackoff: false.
2023-10-17 18:44:02,961 [Time-limited test] INFO  ipc.Server (Server.java:<init>(1287)) - Listener at 0.0.0.0:15088
2023-10-17 18:44:02,961 [Socket Reader #1 for port 15088] INFO  ipc.Server (Server.java:run(1323)) - Starting Socket Reader #1 for port 15088
2023-10-17 18:44:02,962 [Time-limited test] INFO  ipc.CallQueueManager (CallQueueManager.java:<init>(90)) - Using callQueue: class java.util.concurrent.LinkedBlockingQueue, queueCapacity: 2000, scheduler: class org.apache.hadoop.ipc.DefaultRpcScheduler, ipcBackoff: false.
2023-10-17 18:44:02,963 [Time-limited test] INFO  ipc.Server (Server.java:<init>(1287)) - Listener at 0.0.0.0:15087
2023-10-17 18:44:02,963 [Socket Reader #1 for port 15087] INFO  ipc.Server (Server.java:run(1323)) - Starting Socket Reader #1 for port 15087
2023-10-17 18:44:02,970 [Time-limited test] INFO  ha.SCMServiceManager (SCMServiceManager.java:register(42)) - Registering service ContainerBalancer.
2023-10-17 18:44:02,970 [Time-limited test] INFO  server.StorageContainerManager (StorageContainerManager.java:<init>(440)) - 
Container Balancer status:
Key                            Value
Running                        false
Container Balancer Configuration values:
Key                                                Value
Threshold                                          10
Max Datanodes to Involve per Iteration(percent)    20
Max Size to Move per Iteration                     500GB
Max Size Entering Target per Iteration             26GB
Max Size Leaving Source per Iteration              26GB
Number of Iterations                               10
Time Limit for Single Container's Movement         65min
Time Limit for Single Container's Replication      50min
Interval between each Iteration                    70min
Whether to Enable Network Topology                 false
Whether to Trigger Refresh Datanode Usage Info     false
Container IDs to Exclude from Balancing            None
Datanodes Specified to be Balanced                 None
Datanodes Excluded from Balancing                  None

2023-10-17 18:44:02,970 [Time-limited test] INFO  ha.SCMContext (SCMContext.java:updateSafeModeStatus(230)) - Update SafeModeStatus from SafeModeStatus{safeModeStatus=true, preCheckPassed=false} to SafeModeStatus{safeModeStatus=true, preCheckPassed=false}.
2023-10-17 18:44:02,973 [Time-limited test] INFO  server.StorageContainerManager (StorageContainerManager.java:start(1492)) - StorageContainerLocationProtocol RPC server is listening at /0.0.0.0:15087
2023-10-17 18:44:02,975 [Time-limited test] WARN  impl.MetricsConfig (MetricsConfig.java:loadFirst(136)) - Cannot locate configuration: tried hadoop-metrics2-storagecontainermanager.properties,hadoop-metrics2.properties
2023-10-17 18:44:02,981 [Time-limited test] INFO  impl.MetricsSystemImpl (MetricsSystemImpl.java:startTimer(378)) - Scheduled Metric snapshot period at 10 second(s).
2023-10-17 18:44:02,981 [Time-limited test] INFO  impl.MetricsSystemImpl (MetricsSystemImpl.java:start(191)) - StorageContainerManager metrics system started
2023-10-17 18:44:02,988 [Time-limited test] INFO  impl.MetricsSinkAdapter (MetricsSinkAdapter.java:start(204)) - Sink prometheus started
2023-10-17 18:44:02,988 [Time-limited test] INFO  impl.MetricsSystemImpl (MetricsSystemImpl.java:registerSink(305)) - Registered sink prometheus
2023-10-17 18:44:03,010 [Time-limited test] INFO  server.SCMClientProtocolServer (SCMClientProtocolServer.java:start(201)) - RPC server for Client  is listening at /0.0.0.0:15087
2023-10-17 18:44:03,014 [IPC Server Responder] INFO  ipc.Server (Server.java:run(1562)) - IPC Server Responder: starting
2023-10-17 18:44:03,014 [IPC Server listener on 15087] INFO  ipc.Server (Server.java:run(1402)) - IPC Server listener on 15087: starting
2023-10-17 18:44:03,016 [Time-limited test] INFO  server.StorageContainerManager (StorageContainerManager.java:start(1505)) - ScmBlockLocationProtocol RPC server is listening at /0.0.0.0:15088
2023-10-17 18:44:03,016 [Time-limited test] INFO  server.SCMBlockProtocolServer (SCMBlockProtocolServer.java:start(154)) - RPC server for Block Protocol is listening at /0.0.0.0:15088
2023-10-17 18:44:03,016 [IPC Server Responder] INFO  ipc.Server (Server.java:run(1562)) - IPC Server Responder: starting
2023-10-17 18:44:03,016 [IPC Server listener on 15088] INFO  ipc.Server (Server.java:run(1402)) - IPC Server listener on 15088: starting
2023-10-17 18:44:03,018 [Time-limited test] INFO  server.SCMDatanodeProtocolServer (SCMDatanodeProtocolServer.java:start(193)) - ScmDatanodeProtocol RPC server for DataNodes is listening at /0.0.0.0:15089
2023-10-17 18:44:03,018 [IPC Server Responder] INFO  ipc.Server (Server.java:run(1562)) - IPC Server Responder: starting
2023-10-17 18:44:03,018 [IPC Server listener on 15089] INFO  ipc.Server (Server.java:run(1402)) - IPC Server listener on 15089: starting
2023-10-17 18:44:03,029 [Time-limited test] INFO  http.BaseHttpServer (BaseHttpServer.java:newHttpServer2BuilderForOzone(223)) - Starting Web-server for scm at: http://0.0.0.0:15090
2023-10-17 18:44:03,029 [Time-limited test] INFO  http.BaseHttpServer (BaseHttpServer.java:<init>(110)) - Hadoop Security Enabled: false Ozone Security Enabled: false Ozone HTTP Security Enabled: false 
2023-10-17 18:44:03,030 [Time-limited test] WARN  server.AuthenticationFilter (AuthenticationFilter.java:constructSecretProvider(240)) - Unable to initialize FileSignerSecretProvider, falling back to use random secrets. Reason: Could not read signature secret file: /home/runner/hadoop-http-auth-signature-secret
2023-10-17 18:44:03,030 [Time-limited test] INFO  http.HttpRequestLog (HttpRequestLog.java:getRequestLog(86)) - Http request log for http.requests.scm is not defined
2023-10-17 18:44:03,031 [Time-limited test] INFO  http.HttpServer2 (HttpServer2.java:addGlobalFilter(1031)) - Added global filter 'safety' (class=org.apache.hadoop.hdds.server.http.HttpServer2$QuotingInputFilter)
2023-10-17 18:44:03,032 [Time-limited test] INFO  http.HttpServer2 (HttpServer2.java:addFilter(1007)) - Added filter static_user_filter (class=org.apache.hadoop.http.lib.StaticUserWebFilter$StaticUserFilter) to context scm
2023-10-17 18:44:03,032 [Time-limited test] INFO  http.HttpServer2 (HttpServer2.java:addFilter(1015)) - Added filter static_user_filter (class=org.apache.hadoop.http.lib.StaticUserWebFilter$StaticUserFilter) to context static
2023-10-17 18:44:03,032 [Time-limited test] INFO  http.HttpServer2 (HttpServer2.java:addFilter(1015)) - Added filter static_user_filter (class=org.apache.hadoop.http.lib.StaticUserWebFilter$StaticUserFilter) to context logs
2023-10-17 18:44:03,032 [Time-limited test] INFO  http.BaseHttpServer (BaseHttpServer.java:<init>(189)) - HTTP server of scm uses base directory /home/runner/work/ozone/ozone/hadoop-ozone/integration-test/target/test-dir/MiniOzoneClusterImpl-8925bcf1-3288-4578-9985-30cfda83a485/ozone-meta/webserver
2023-10-17 18:44:03,033 [Time-limited test] INFO  http.HttpServer2 (HttpServer2.java:bindListener(1231)) - Jetty bound to port 15090
2023-10-17 18:44:03,033 [Time-limited test] INFO  server.Server (Server.java:doStart(375)) - jetty-9.4.53.v20231009; built: 2023-10-09T12:29:09.265Z; git: 27bde00a0b95a1d5bbee0eae7984f891d2d0f8c9; jvm 1.8.0_382-b05
2023-10-17 18:44:03,034 [JvmPauseMonitor16] INFO  util.JvmPauseMonitor (JvmPauseMonitor.java:run(103)) - JvmPauseMonitor-2bf016b8-d609-4d07-b24c-095f4898c493: Started
2023-10-17 18:44:03,045 [Time-limited test] INFO  server.session (DefaultSessionIdManager.java:doStart(334)) - DefaultSessionIdManager workerName=node0
2023-10-17 18:44:03,045 [Time-limited test] INFO  server.session (DefaultSessionIdManager.java:doStart(339)) - No SessionScavenger set, using defaults
2023-10-17 18:44:03,045 [Time-limited test] INFO  server.session (HouseKeeper.java:startScavenging(132)) - node0 Scavenging every 600000ms
2023-10-17 18:44:03,046 [Time-limited test] INFO  handler.ContextHandler (ContextHandler.java:doStart(921)) - Started o.e.j.s.ServletContextHandler@9b8a0b3{logs,/logs,file:///home/runner/work/ozone/ozone/hadoop-ozone/integration-test/target/log,AVAILABLE}
2023-10-17 18:44:03,046 [Time-limited test] INFO  handler.ContextHandler (ContextHandler.java:doStart(921)) - Started o.e.j.s.ServletContextHandler@7b38e371{static,/static,file:///home/runner/work/ozone/ozone/hadoop-ozone/integration-test/target/test-classes/webapps/static,AVAILABLE}
2023-10-17 18:44:03,052 [Time-limited test] INFO  handler.ContextHandler (ContextHandler.java:doStart(921)) - Started o.e.j.w.WebAppContext@7cbbb039{scm,/,file:///home/runner/work/ozone/ozone/hadoop-ozone/integration-test/target/test-classes/webapps/scm/,AVAILABLE}{file:/home/runner/work/ozone/ozone/hadoop-ozone/integration-test/target/test-classes/webapps/scm}
2023-10-17 18:44:03,053 [Time-limited test] INFO  server.AbstractConnector (AbstractConnector.java:doStart(333)) - Started ServerConnector@438a21e3{HTTP/1.1, (http/1.1)}{0.0.0.0:15090}
2023-10-17 18:44:03,053 [Time-limited test] INFO  server.Server (Server.java:doStart(415)) - Started @103768ms
2023-10-17 18:44:03,053 [Time-limited test] WARN  impl.MetricsSystemImpl (MetricsSystemImpl.java:register(279)) - Sink prometheus already exists!
2023-10-17 18:44:03,054 [Time-limited test] INFO  http.BaseHttpServer (BaseHttpServer.java:updateConnectorAddress(354)) - HTTP server of scm listening at http://0.0.0.0:15090
2023-10-17 18:44:03,149 [IPC Server handler 0 on default port 15089] INFO  server.SCMDatanodeHeartbeatDispatcher (SCMDatanodeHeartbeatDispatcher.java:dispatch(106)) - SCM received heartbeat from an unregistered datanode 3171a28e-8566-4955-9258-6ff817b5ab3e(fv-az189-115/10.1.0.25). Asking datanode to re-register.
2023-10-17 18:44:04,154 [EndpointStateMachine task thread for /0.0.0.0:15089 - 0 ] INFO  ozoneimpl.OzoneContainer (OzoneContainer.java:start(415)) - Ignore. OzoneContainer already started.
2023-10-17 18:44:05,145 [IPC Server handler 0 on default port 15089] INFO  net.NetworkTopologyImpl (NetworkTopologyImpl.java:add(112)) - Added a new node: /default-rack/3171a28e-8566-4955-9258-6ff817b5ab3e
2023-10-17 18:44:05,146 [IPC Server handler 0 on default port 15089] INFO  node.SCMNodeManager (SCMNodeManager.java:register(405)) - Registered Data node : 3171a28e-8566-4955-9258-6ff817b5ab3e{ip: 10.1.0.25, host: fv-az189-115, ports: [HTTP=15096, CLIENT_RPC=15097, REPLICATION=15103, RATIS=15099, RATIS_ADMIN=15100, RATIS_SERVER=15101, RATIS_DATASTREAM=15102, STANDALONE=15098], networkLocation: /default-rack, certSerialId: null, persistedOpState: null, persistedOpStateExpiryEpochSec: 0}
2023-10-17 18:44:05,152 [EventQueue-NodeRegistrationContainerReportForContainerSafeModeRule] INFO  safemode.SCMSafeModeManager (SCMSafeModeManager.java:validateSafeModeExitRules(200)) - ContainerSafeModeRule rule is successfully validated
2023-10-17 18:44:05,153 [EventQueue-NodeRegistrationContainerReportForDataNodeSafeModeRule] INFO  safemode.SCMSafeModeManager (DataNodeSafeModeRule.java:process(71)) - SCM in safe mode. 1 DataNodes registered, 1 required.
2023-10-17 18:44:05,156 [EventQueue-NewNodeForNewNodeHandler] INFO  pipeline.BackgroundPipelineCreator (BackgroundPipelineCreator.java:notifyEventTriggered(277)) - trigger a one-shot run on RatisPipelineUtilsThread.
2023-10-17 18:44:05,156 [EventQueue-NodeRegistrationContainerReportForDataNodeSafeModeRule] INFO  safemode.SCMSafeModeManager (SCMSafeModeManager.java:validateSafeModeExitRules(200)) - DataNodeSafeModeRule rule is successfully validated
2023-10-17 18:44:05,157 [EventQueue-NodeRegistrationContainerReportForDataNodeSafeModeRule] INFO  safemode.SCMSafeModeManager (SCMSafeModeManager.java:completePreCheck(229)) - All SCM safe mode pre check rules have passed
2023-10-17 18:44:05,157 [EventQueue-NodeRegistrationContainerReportForDataNodeSafeModeRule] INFO  ha.SCMContext (SCMContext.java:updateSafeModeStatus(230)) - Update SafeModeStatus from SafeModeStatus{safeModeStatus=true, preCheckPassed=false} to SafeModeStatus{safeModeStatus=true, preCheckPassed=true}.
2023-10-17 18:44:05,157 [EventQueue-NodeRegistrationContainerReportForDataNodeSafeModeRule] INFO  pipeline.BackgroundPipelineCreator (BackgroundPipelineCreator.java:notifyEventTriggered(277)) - trigger a one-shot run on RatisPipelineUtilsThread.
2023-10-17 18:44:05,159 [RatisPipelineUtilsThread - 0] ERROR scm.SCMCommonPlacementPolicy (SCMCommonPlacementPolicy.java:filterNodesWithSpace(286)) - Unable to find enough nodes that meet the space requirement of 1073741824 bytes for metadata and 5368709120 bytes for data in healthy node set. Required 3. Found 1.
2023-10-17 18:44:05,160 [EventQueue-PipelineReportForOneReplicaPipelineSafeModeRule] INFO  safemode.SCMSafeModeManager (SCMSafeModeManager.java:validateSafeModeExitRules(200)) - AtleastOneDatanodeReportedRule rule is successfully validated
2023-10-17 18:44:05,165 [EventQueue-OpenPipelineForHealthyPipelineSafeModeRule] INFO  safemode.SCMSafeModeManager (SCMSafeModeManager.java:validateSafeModeExitRules(200)) - HealthyPipelineSafeModeRule rule is successfully validated
2023-10-17 18:44:05,165 [EventQueue-OpenPipelineForHealthyPipelineSafeModeRule] INFO  safemode.SCMSafeModeManager (SCMSafeModeManager.java:validateSafeModeExitRules(215)) - ScmSafeModeManager, all rules are successfully validated
2023-10-17 18:44:05,165 [EventQueue-OpenPipelineForHealthyPipelineSafeModeRule] INFO  safemode.SCMSafeModeManager (SCMSafeModeManager.java:exitSafeMode(244)) - SCM exiting safe mode.
2023-10-17 18:44:05,165 [EventQueue-OpenPipelineForHealthyPipelineSafeModeRule] INFO  ha.SCMContext (SCMContext.java:updateSafeModeStatus(230)) - Update SafeModeStatus from SafeModeStatus{safeModeStatus=true, preCheckPassed=true} to SafeModeStatus{safeModeStatus=false, preCheckPassed=true}.
2023-10-17 18:44:05,165 [EventQueue-OpenPipelineForHealthyPipelineSafeModeRule] INFO  pipeline.BackgroundPipelineCreator (BackgroundPipelineCreator.java:notifyStatusChanged(255)) - Service BackgroundPipelineCreator transitions to RUNNING.
2023-10-17 18:44:05,167 [EventQueue-OpenPipelineForHealthyPipelineSafeModeRule] INFO  BackgroundPipelineScrubber (BackgroundSCMService.java:notifyStatusChanged(82)) - Service BackgroundPipelineScrubber transitions to RUNNING.
2023-10-17 18:44:05,168 [EventQueue-OpenPipelineForHealthyPipelineSafeModeRule] INFO  ExpiredContainerReplicaOpScrubber (BackgroundSCMService.java:notifyStatusChanged(82)) - Service ExpiredContainerReplicaOpScrubber transitions to RUNNING.
2023-10-17 18:44:05,169 [EventQueue-OpenPipelineForHealthyPipelineSafeModeRule] INFO  replication.ReplicationManager (ReplicationManager.java:notifyStatusChanged(1370)) - Service ReplicationManager transitions to RUNNING.
2023-10-17 18:44:05,170 [EventQueue-OpenPipelineForHealthyPipelineSafeModeRule] WARN  balancer.ContainerBalancer (ContainerBalancer.java:shouldRun(134)) - Could not find persisted configuration for ContainerBalancer when checking if ContainerBalancer should run. ContainerBalancer should not run now.
2023-10-17 18:44:10,691 [Time-limited test] INFO  replication.ReplicationManager (ReplicationManager.java:sendDatanodeCommand(673)) - Sending command [closeContainerCommand: containerID: 1, pipelineID: PipelineID=62de8fee-97a2-49de-b052-ee96e6f6d60c, force: false] for container ContainerInfo{id=#1, state=CLOSING, stateEnterTime=2023-10-17T18:44:02.874Z, pipelineID=PipelineID=62de8fee-97a2-49de-b052-ee96e6f6d60c, owner=om1} to 3171a28e-8566-4955-9258-6ff817b5ab3e(fv-az189-115/10.1.0.25) with datanode deadline 1697568820691 and scm deadline 1697568850691
2023-10-17 18:44:10,727 [Time-limited test] INFO  replication.ReplicationManager (ReplicationManager.java:processAll(393)) - Replication Monitor Thread took 39 milliseconds for processing 8 containers.
2023-10-17 18:44:15,741 [Time-limited test] INFO  ozone.MiniOzoneClusterImpl (MiniOzoneClusterImpl.java:shutdown(448)) - Shutting down the Mini Ozone Cluster
2023-10-17 18:44:15,742 [Time-limited test] INFO  ozone.MiniOzoneClusterImpl (MiniOzoneClusterImpl.java:stop(465)) - Stopping the Mini Ozone Cluster
2023-10-17 18:44:15,742 [Time-limited test] INFO  ozone.MiniOzoneClusterImpl (MiniOzoneClusterImpl.java:stopOM(556)) - Stopping the OzoneManager
2023-10-17 18:44:15,742 [Time-limited test] INFO  om.OzoneManager (OzoneManager.java:stop(2206)) - om1[localhost:15091]: Stopping Ozone Manager
2023-10-17 18:44:15,742 [Time-limited test] INFO  ipc.Server (Server.java:stop(3523)) - Stopping server on 15091
2023-10-17 18:44:15,756 [Time-limited test] INFO  server.RaftServer (RaftServerProxy.java:lambda$close$6(416)) - om1: close
2023-10-17 18:44:15,756 [Time-limited test] INFO  server.GrpcService (GrpcService.java:closeImpl(311)) - om1: shutdown server GrpcServerProtocolService now
2023-10-17 18:44:15,756 [om1-impl-thread1] INFO  server.RaftServer$Division (RaftServerImpl.java:lambda$close$4(466)) - om1@group-C5BA1605619E: shutdown
2023-10-17 18:44:15,757 [IPC Server listener on 15091] INFO  ipc.Server (Server.java:run(1434)) - Stopping IPC Server listener on 15091
2023-10-17 18:44:15,757 [om1-impl-thread1] INFO  util.JmxRegister (JmxRegister.java:unregister(73)) - Successfully un-registered JMX Bean with object name Ratis:service=RaftServer,group=group-C5BA1605619E,id=om1
2023-10-17 18:44:15,757 [om1-impl-thread1] INFO  impl.RoleInfo (RoleInfo.java:shutdownLeaderState(93)) - om1: shutdown om1@group-C5BA1605619E-LeaderStateImpl
2023-10-17 18:44:15,757 [IPC Server Responder] INFO  ipc.Server (Server.java:run(1567)) - Stopping IPC Server Responder
2023-10-17 18:44:15,757 [om1-impl-thread1] INFO  impl.PendingRequests (PendingRequests.java:sendNotLeaderResponses(289)) - om1@group-C5BA1605619E-PendingRequests: sendNotLeaderResponses
2023-10-17 18:44:15,759 [Time-limited test] INFO  server.GrpcService (GrpcService.java:closeImpl(320)) - om1: shutdown server GrpcServerProtocolService successfully
2023-10-17 18:44:15,762 [om1-impl-thread1] INFO  impl.StateMachineUpdater (StateMachineUpdater.java:stopAndJoin(155)) - om1@group-C5BA1605619E-StateMachineUpdater: set stopIndex = 44
2023-10-17 18:44:15,762 [om1@group-C5BA1605619E-StateMachineUpdater] INFO  ratis.OzoneManagerStateMachine (OzoneManagerStateMachine.java:takeSnapshot(483)) - Current Snapshot Index (t:1, i:44)
2023-10-17 18:44:15,779 [om1@group-C5BA1605619E-StateMachineUpdater] INFO  impl.StateMachineUpdater (StateMachineUpdater.java:takeSnapshot(291)) - om1@group-C5BA1605619E-StateMachineUpdater: Took a snapshot at index 44
2023-10-17 18:44:15,780 [om1@group-C5BA1605619E-StateMachineUpdater] INFO  impl.StateMachineUpdater (StateMachineUpdater.java:lambda$new$0(97)) - om1@group-C5BA1605619E-StateMachineUpdater: snapshotIndex: updateIncreasingly -1 -> 44
2023-10-17 18:44:15,780 [om1@group-C5BA1605619E-StateMachineUpdater] INFO  ratis.OzoneManagerStateMachine (OzoneManagerStateMachine.java:close(537)) - StateMachine has shutdown. Shutdown OzoneManager if not already shutdown.
2023-10-17 18:44:15,780 [om1@group-C5BA1605619E-StateMachineUpdater] INFO  ratis.OzoneManagerDoubleBuffer (OzoneManagerDoubleBuffer.java:stopDaemon(551)) - Stopping OMDoubleBuffer flush thread
2023-10-17 18:44:15,780 [OMDoubleBufferFlushThread] INFO  ratis.OzoneManagerDoubleBuffer (OzoneManagerDoubleBuffer.java:canFlush(638)) - OMDoubleBuffer flush thread OMDoubleBufferFlushThread is interrupted and will exit.
2023-10-17 18:44:15,783 [om1-impl-thread1] INFO  server.RaftServer$Division (ServerState.java:close(472)) - om1@group-C5BA1605619E: closes. applyIndex: 44
2023-10-17 18:44:16,199 [om1-impl-thread1] INFO  segmented.SegmentedRaftLogWorker (SegmentedRaftLogWorker.java:close(252)) - om1@group-C5BA1605619E-SegmentedRaftLogWorker close()
2023-10-17 18:44:16,199 [JvmPauseMonitor14] INFO  util.JvmPauseMonitor (JvmPauseMonitor.java:run(109)) - JvmPauseMonitor-om1: Stopped
2023-10-17 18:44:16,200 [Time-limited test] INFO  ratis.OzoneManagerStateMachine (OzoneManagerStateMachine.java:close(537)) - StateMachine has shutdown. Shutdown OzoneManager if not already shutdown.
2023-10-17 18:44:16,200 [Time-limited test] INFO  ratis.OzoneManagerDoubleBuffer (OzoneManagerDoubleBuffer.java:stopDaemon(560)) - OMDoubleBuffer flush thread is not running.
2023-10-17 18:44:16,200 [Time-limited test] INFO  utils.BackgroundService (BackgroundService.java:shutdown(160)) - Shutting down service KeyDeletingService
2023-10-17 18:44:16,201 [Time-limited test] INFO  utils.BackgroundService (BackgroundService.java:shutdown(160)) - Shutting down service KeyDeletingService
2023-10-17 18:44:16,206 [Time-limited test] INFO  utils.BackgroundService (BackgroundService.java:shutdown(160)) - Shutting down service OpenKeyCleanupService
2023-10-17 18:44:16,206 [Time-limited test] INFO  utils.BackgroundService (BackgroundService.java:shutdown(160)) - Shutting down service SstFilteringService
2023-10-17 18:44:16,207 [Time-limited test] INFO  utils.BackgroundService (BackgroundService.java:shutdown(160)) - Shutting down service SnapshotDeletingService
2023-10-17 18:44:16,207 [Time-limited test] INFO  utils.BackgroundService (BackgroundService.java:shutdown(160)) - Shutting down service MultipartUploadCleanupService
2023-10-17 18:44:16,208 [Time-limited test] INFO  handler.ContextHandler (ContextHandler.java:doStop(1159)) - Stopped o.e.j.w.WebAppContext@17ea24c5{ozoneManager,/,null,STOPPED}{file:/home/runner/work/ozone/ozone/hadoop-ozone/integration-test/target/test-classes/webapps/ozoneManager}
2023-10-17 18:44:16,209 [Time-limited test] INFO  server.AbstractConnector (AbstractConnector.java:doStop(383)) - Stopped ServerConnector@eae15e9{HTTP/1.1, (http/1.1)}{0.0.0.0:15092}
2023-10-17 18:44:16,209 [Time-limited test] INFO  server.session (HouseKeeper.java:stopScavenging(149)) - node0 Stopped scavenging
2023-10-17 18:44:16,210 [Time-limited test] INFO  handler.ContextHandler (ContextHandler.java:doStop(1159)) - Stopped o.e.j.s.ServletContextHandler@5139b1ea{static,/static,file:///home/runner/work/ozone/ozone/hadoop-ozone/integration-test/target/test-classes/webapps/static,STOPPED}
2023-10-17 18:44:16,210 [Time-limited test] INFO  handler.ContextHandler (ContextHandler.java:doStop(1159)) - Stopped o.e.j.s.ServletContextHandler@454eb275{logs,/logs,file:///home/runner/work/ozone/ozone/hadoop-ozone/integration-test/target/log,STOPPED}
2023-10-17 18:44:16,211 [Time-limited test] INFO  rocksdiff.RocksDBCheckpointDiffer (RocksDBCheckpointDiffer.java:close(312)) - Shutting down CompactionDagPruningService.
2023-10-17 18:44:16,214 [Time-limited test] INFO  snapshot.SnapshotDiffManager (SnapshotDiffManager.java:closeExecutorService(1720)) - Shutting down executorService: 'SnapDiffExecutor'
2023-10-17 18:44:16,214 [Time-limited test] INFO  snapshot.SnapshotDiffManager (SnapshotDiffManager.java:closeExecutorService(1720)) - Shutting down executorService: 'SstDumpToolExecutor'
2023-10-17 18:44:16,214 [Time-limited test] INFO  utils.BackgroundService (BackgroundService.java:shutdown(160)) - Shutting down service SnapshotDiffCleanupService
2023-10-17 18:44:16,215 [Time-limited test] INFO  ozone.MiniOzoneClusterImpl (MiniOzoneClusterImpl.java:stopDatanodes(533)) - Stopping the HddsDatanodes
2023-10-17 18:44:16,218 [Time-limited test] INFO  ozoneimpl.OzoneContainer (OzoneContainer.java:stop(453)) - Attempting to stop container services.
2023-10-17 18:44:16,220 [Time-limited test] INFO  server.RaftServer (RaftServerProxy.java:lambda$close$6(416)) - 3171a28e-8566-4955-9258-6ff817b5ab3e: close
2023-10-17 18:44:16,221 [3171a28e-8566-4955-9258-6ff817b5ab3e-impl-thread1] INFO  server.RaftServer$Division (RaftServerImpl.java:lambda$close$4(466)) - 3171a28e-8566-4955-9258-6ff817b5ab3e@group-EE96E6F6D60C: shutdown
2023-10-17 18:44:16,221 [3171a28e-8566-4955-9258-6ff817b5ab3e-impl-thread1] INFO  util.JmxRegister (JmxRegister.java:unregister(73)) - Successfully un-registered JMX Bean with object name Ratis:service=RaftServer,group=group-EE96E6F6D60C,id=3171a28e-8566-4955-9258-6ff817b5ab3e
2023-10-17 18:44:16,221 [3171a28e-8566-4955-9258-6ff817b5ab3e-impl-thread1] INFO  impl.RoleInfo (RoleInfo.java:shutdownLeaderState(93)) - 3171a28e-8566-4955-9258-6ff817b5ab3e: shutdown 3171a28e-8566-4955-9258-6ff817b5ab3e@group-EE96E6F6D60C-LeaderStateImpl
2023-10-17 18:44:16,221 [3171a28e-8566-4955-9258-6ff817b5ab3e-impl-thread1] INFO  impl.PendingRequests (PendingRequests.java:sendNotLeaderResponses(289)) - 3171a28e-8566-4955-9258-6ff817b5ab3e@group-EE96E6F6D60C-PendingRequests: sendNotLeaderResponses
2023-10-17 18:44:16,223 [3171a28e-8566-4955-9258-6ff817b5ab3e-impl-thread1] INFO  impl.StateMachineUpdater (StateMachineUpdater.java:stopAndJoin(155)) - 3171a28e-8566-4955-9258-6ff817b5ab3e@group-EE96E6F6D60C-StateMachineUpdater: set stopIndex = 32
2023-10-17 18:44:16,223 [3171a28e-8566-4955-9258-6ff817b5ab3e@group-EE96E6F6D60C-StateMachineUpdater] INFO  ratis.ContainerStateMachine (ContainerStateMachine.java:takeSnapshot(330)) - group-EE96E6F6D60C: Taking a snapshot at:(t:1, i:32) file /home/runner/work/ozone/ozone/hadoop-ozone/integration-test/target/test-dir/MiniOzoneClusterImpl-8925bcf1-3288-4578-9985-30cfda83a485/datanode-0/data/ratis/62de8fee-97a2-49de-b052-ee96e6f6d60c/sm/snapshot.1_32
2023-10-17 18:44:16,224 [Time-limited test] INFO  server.GrpcService (GrpcService.java:closeImpl(311)) - 3171a28e-8566-4955-9258-6ff817b5ab3e: shutdown server org.apache.ratis.grpc.server.GrpcClientProtocolService now
2023-10-17 18:44:16,225 [3171a28e-8566-4955-9258-6ff817b5ab3e@group-EE96E6F6D60C-StateMachineUpdater] INFO  ratis.ContainerStateMachine (ContainerStateMachine.java:takeSnapshot(341)) - group-EE96E6F6D60C: Finished taking a snapshot at:(t:1, i:32) file:/home/runner/work/ozone/ozone/hadoop-ozone/integration-test/target/test-dir/MiniOzoneClusterImpl-8925bcf1-3288-4578-9985-30cfda83a485/datanode-0/data/ratis/62de8fee-97a2-49de-b052-ee96e6f6d60c/sm/snapshot.1_32 took: 1 ms
2023-10-17 18:44:16,225 [3171a28e-8566-4955-9258-6ff817b5ab3e@group-EE96E6F6D60C-StateMachineUpdater] INFO  impl.StateMachineUpdater (StateMachineUpdater.java:takeSnapshot(291)) - 3171a28e-8566-4955-9258-6ff817b5ab3e@group-EE96E6F6D60C-StateMachineUpdater: Took a snapshot at index 32
2023-10-17 18:44:16,225 [3171a28e-8566-4955-9258-6ff817b5ab3e@group-EE96E6F6D60C-StateMachineUpdater] INFO  impl.StateMachineUpdater (StateMachineUpdater.java:lambda$new$0(97)) - 3171a28e-8566-4955-9258-6ff817b5ab3e@group-EE96E6F6D60C-StateMachineUpdater: snapshotIndex: updateIncreasingly -1 -> 32
2023-10-17 18:44:16,226 [3171a28e-8566-4955-9258-6ff817b5ab3e-impl-thread1] INFO  server.RaftServer$Division (ServerState.java:close(472)) - 3171a28e-8566-4955-9258-6ff817b5ab3e@group-EE96E6F6D60C: closes. applyIndex: 32
2023-10-17 18:44:16,232 [Time-limited test] INFO  server.GrpcService (GrpcService.java:closeImpl(320)) - 3171a28e-8566-4955-9258-6ff817b5ab3e: shutdown server org.apache.ratis.grpc.server.GrpcClientProtocolService successfully
2023-10-17 18:44:16,232 [Time-limited test] INFO  server.GrpcService (GrpcService.java:closeImpl(311)) - 3171a28e-8566-4955-9258-6ff817b5ab3e: shutdown server GrpcServerProtocolService now
2023-10-17 18:44:16,233 [Time-limited test] INFO  server.GrpcService (GrpcService.java:closeImpl(320)) - 3171a28e-8566-4955-9258-6ff817b5ab3e: shutdown server GrpcServerProtocolService successfully
2023-10-17 18:44:16,233 [Time-limited test] INFO  server.GrpcService (GrpcService.java:closeImpl(311)) - 3171a28e-8566-4955-9258-6ff817b5ab3e: shutdown server org.apache.ratis.grpc.server.GrpcAdminProtocolService now
2023-10-17 18:44:16,234 [Time-limited test] INFO  server.GrpcService (GrpcService.java:closeImpl(320)) - 3171a28e-8566-4955-9258-6ff817b5ab3e: shutdown server org.apache.ratis.grpc.server.GrpcAdminProtocolService successfully
2023-10-17 18:44:16,235 [3171a28e-8566-4955-9258-6ff817b5ab3e-NettyServerStreamRpc-bossGroup--thread1] INFO  logging.LoggingHandler (AbstractInternalLogger.java:log(148)) - [id: 0x11d5cd8f, L:/0:0:0:0:0:0:0:0:15102] CLOSE
2023-10-17 18:44:16,235 [3171a28e-8566-4955-9258-6ff817b5ab3e-NettyServerStreamRpc-bossGroup--thread1] INFO  logging.LoggingHandler (AbstractInternalLogger.java:log(148)) - [id: 0x11d5cd8f, L:/0:0:0:0:0:0:0:0:15102] INACTIVE
2023-10-17 18:44:16,235 [3171a28e-8566-4955-9258-6ff817b5ab3e-NettyServerStreamRpc-bossGroup--thread1] INFO  logging.LoggingHandler (AbstractInternalLogger.java:log(148)) - [id: 0x11d5cd8f, L:/0:0:0:0:0:0:0:0:15102] UNREGISTERED
2023-10-17 18:44:17,193 [3171a28e-8566-4955-9258-6ff817b5ab3e-impl-thread1] INFO  segmented.SegmentedRaftLogWorker (SegmentedRaftLogWorker.java:close(252)) - 3171a28e-8566-4955-9258-6ff817b5ab3e@group-EE96E6F6D60C-SegmentedRaftLogWorker close()
2023-10-17 18:44:17,195 [JvmPauseMonitor15] INFO  util.JvmPauseMonitor (JvmPauseMonitor.java:run(109)) - JvmPauseMonitor-3171a28e-8566-4955-9258-6ff817b5ab3e: Stopped
2023-10-17 18:44:19,203 [Time-limited test] INFO  utils.DatanodeStoreCache (DatanodeStoreCache.java:shutdownCache(110)) - Skip clearing cache in mini cluster mode. Entries left: [/home/runner/work/ozone/ozone/hadoop-ozone/integration-test/target/test-dir/MiniOzoneClusterImpl-8925bcf1-3288-4578-9985-30cfda83a485/datanode-0/data-0/containers/hdds/8925bcf1-3288-4578-9985-30cfda83a485/DS-f6a98fcc-33a6-42db-b0ce-9554d25585fa/container.db]
2023-10-17 18:44:19,205 [Time-limited test] INFO  utils.DatanodeStoreCache (DatanodeStoreCache.java:removeDB(104)) - Removed db /home/runner/work/ozone/ozone/hadoop-ozone/integration-test/target/test-dir/MiniOzoneClusterImpl-8925bcf1-3288-4578-9985-30cfda83a485/datanode-0/data-0/containers/hdds/8925bcf1-3288-4578-9985-30cfda83a485/DS-f6a98fcc-33a6-42db-b0ce-9554d25585fa/container.db from cache
2023-10-17 18:44:19,205 [Time-limited test] INFO  volume.HddsVolume (HddsVolume.java:closeDbStore(453)) - SchemaV3 db is stopped at /home/runner/work/ozone/ozone/hadoop-ozone/integration-test/target/test-dir/MiniOzoneClusterImpl-8925bcf1-3288-4578-9985-30cfda83a485/datanode-0/data-0/containers/hdds/8925bcf1-3288-4578-9985-30cfda83a485/DS-f6a98fcc-33a6-42db-b0ce-9554d25585fa/container.db for volume DS-f6a98fcc-33a6-42db-b0ce-9554d25585fa
2023-10-17 18:44:19,206 [Time-limited test] INFO  utils.BackgroundService (BackgroundService.java:shutdown(160)) - Shutting down service BlockDeletingService
2023-10-17 18:44:19,207 [Time-limited test] INFO  utils.BackgroundService (BackgroundService.java:shutdown(160)) - Shutting down service StaleRecoveringContainerScrubbingService
2023-10-17 18:44:19,216 [Time-limited test] INFO  statemachine.DatanodeStateMachine (DatanodeStateMachine.java:stopDaemon(628)) - Ozone container server stopped.
2023-10-17 18:44:19,228 [Time-limited test] INFO  handler.ContextHandler (ContextHandler.java:doStop(1159)) - Stopped o.e.j.w.WebAppContext@34b378fc{hddsDatanode,/,null,STOPPED}{jar:file:/home/runner/.m2/repository/org/apache/ozone/hdds-container-service/1.4.0-SNAPSHOT/hdds-container-service-1.4.0-SNAPSHOT.jar!/webapps/hddsDatanode}
2023-10-17 18:44:19,229 [Time-limited test] INFO  server.AbstractConnector (AbstractConnector.java:doStop(383)) - Stopped ServerConnector@25c0fc60{HTTP/1.1, (http/1.1)}{0.0.0.0:15096}
2023-10-17 18:44:19,229 [Time-limited test] INFO  server.session (HouseKeeper.java:stopScavenging(149)) - node0 Stopped scavenging
2023-10-17 18:44:19,229 [Time-limited test] INFO  handler.ContextHandler (ContextHandler.java:doStop(1159)) - Stopped o.e.j.s.ServletContextHandler@30bd5d5{static,/static,jar:file:/home/runner/.m2/repository/org/apache/ozone/hdds-container-service/1.4.0-SNAPSHOT/hdds-container-service-1.4.0-SNAPSHOT.jar!/webapps/static,STOPPED}
2023-10-17 18:44:19,229 [Time-limited test] INFO  handler.ContextHandler (ContextHandler.java:doStop(1159)) - Stopped o.e.j.s.ServletContextHandler@6524758f{logs,/logs,file:///home/runner/work/ozone/ozone/hadoop-ozone/integration-test/target/log,STOPPED}
2023-10-17 18:44:19,230 [Time-limited test] INFO  ozone.HddsDatanodeClientProtocolServer (HddsDatanodeClientProtocolServer.java:stop(78)) - Stopping the RPC server for Client Protocol
2023-10-17 18:44:19,230 [Time-limited test] INFO  ipc.Server (Server.java:stop(3523)) - Stopping server on 15097
2023-10-17 18:44:19,231 [IPC Server listener on 15097] INFO  ipc.Server (Server.java:run(1434)) - Stopping IPC Server listener on 15097
2023-10-17 18:44:19,232 [IPC Server Responder] INFO  ipc.Server (Server.java:run(1567)) - Stopping IPC Server Responder
2023-10-17 18:44:19,233 [Time-limited test] INFO  ozone.MiniOzoneClusterImpl (MiniOzoneClusterImpl.java:stopSCM(548)) - Stopping the StorageContainerManager
2023-10-17 18:44:19,233 [Time-limited test] INFO  server.StorageContainerManager (StorageContainerManager.java:stop(1600)) - Container Balancer is not running.
2023-10-17 18:44:19,233 [Time-limited test] INFO  server.StorageContainerManager (StorageContainerManager.java:stopReplicationManager(1733)) - Stopping Replication Manager Service.
2023-10-17 18:44:19,233 [Time-limited test] INFO  replication.ReplicationManager (ReplicationManager.java:stop(323)) - Stopping Replication Monitor Thread.
2023-10-17 18:44:19,233 [Under Replicated Processor] WARN  replication.UnhealthyReplicationProcessor (UnhealthyReplicationProcessor.java:run(180)) - Under Replicated Processor interrupted. Exiting...
2023-10-17 18:44:19,233 [Over Replicated Processor] WARN  replication.UnhealthyReplicationProcessor (UnhealthyReplicationProcessor.java:run(180)) - Over Replicated Processor interrupted. Exiting...
2023-10-17 18:44:19,234 [ReplicationMonitor] INFO  replication.ReplicationManager (ReplicationManager.java:run(921)) - Replication Monitor Thread is stopped
2023-10-17 18:44:19,234 [Time-limited test] INFO  server.StorageContainerManager (StorageContainerManager.java:stop(1609)) - Stopping the Datanode Admin Monitor.
2023-10-17 18:44:19,234 [Time-limited test] INFO  server.StorageContainerManager (StorageContainerManager.java:stop(1616)) - Stopping datanode service RPC server
2023-10-17 18:44:19,234 [Time-limited test] INFO  server.SCMDatanodeProtocolServer (SCMDatanodeProtocolServer.java:stop(424)) - Stopping the RPC server for DataNodes
2023-10-17 18:44:19,234 [Time-limited test] INFO  ipc.Server (Server.java:stop(3523)) - Stopping server on 15089
2023-10-17 18:44:19,237 [IPC Server listener on 15089] INFO  ipc.Server (Server.java:run(1434)) - Stopping IPC Server listener on 15089
2023-10-17 18:44:19,238 [IPC Server Responder] INFO  ipc.Server (Server.java:run(1567)) - Stopping IPC Server Responder
2023-10-17 18:44:20,939 [SCM Heartbeat Processing Thread - 0] WARN  node.NodeStateManager (NodeStateManager.java:scheduleNextHealthCheck(874)) - Current Thread is interrupted, shutting down HB processing thread for Node Manager.
2023-10-17 18:44:20,940 [Time-limited test] INFO  server.StorageContainerManager (StorageContainerManager.java:stop(1624)) - Stopping block service RPC server
2023-10-17 18:44:20,940 [Time-limited test] INFO  server.SCMBlockProtocolServer (SCMBlockProtocolServer.java:stop(163)) - Stopping the RPC server for Block Protocol
2023-10-17 18:44:20,940 [Time-limited test] INFO  ipc.Server (Server.java:stop(3523)) - Stopping server on 15088
2023-10-17 18:44:20,942 [IPC Server listener on 15088] INFO  ipc.Server (Server.java:run(1434)) - Stopping IPC Server listener on 15088
2023-10-17 18:44:20,943 [IPC Server Responder] INFO  ipc.Server (Server.java:run(1567)) - Stopping IPC Server Responder
2023-10-17 18:44:20,949 [Time-limited test] INFO  server.StorageContainerManager (StorageContainerManager.java:stop(1631)) - Stopping the StorageContainerLocationProtocol RPC server
2023-10-17 18:44:20,949 [Time-limited test] INFO  server.SCMClientProtocolServer (SCMClientProtocolServer.java:stop(210)) - Stopping the RPC server for Client Protocol
2023-10-17 18:44:20,949 [Time-limited test] INFO  ipc.Server (Server.java:stop(3523)) - Stopping server on 15087
2023-10-17 18:44:20,951 [IPC Server listener on 15087] INFO  ipc.Server (Server.java:run(1434)) - Stopping IPC Server listener on 15087
2023-10-17 18:44:20,951 [IPC Server Responder] INFO  ipc.Server (Server.java:run(1567)) - Stopping IPC Server Responder
2023-10-17 18:44:20,951 [Time-limited test] INFO  server.StorageContainerManager (StorageContainerManager.java:stop(1638)) - Stopping Storage Container Manager HTTP server.
2023-10-17 18:44:20,952 [Time-limited test] INFO  handler.ContextHandler (ContextHandler.java:doStop(1159)) - Stopped o.e.j.w.WebAppContext@7cbbb039{scm,/,null,STOPPED}{file:/home/runner/work/ozone/ozone/hadoop-ozone/integration-test/target/test-classes/webapps/scm}
2023-10-17 18:44:20,953 [Time-limited test] INFO  server.AbstractConnector (AbstractConnector.java:doStop(383)) - Stopped ServerConnector@438a21e3{HTTP/1.1, (http/1.1)}{0.0.0.0:15090}
2023-10-17 18:44:20,953 [Time-limited test] INFO  server.session (HouseKeeper.java:stopScavenging(149)) - node0 Stopped scavenging
2023-10-17 18:44:20,953 [Time-limited test] INFO  handler.ContextHandler (ContextHandler.java:doStop(1159)) - Stopped o.e.j.s.ServletContextHandler@7b38e371{static,/static,file:///home/runner/work/ozone/ozone/hadoop-ozone/integration-test/target/test-classes/webapps/static,STOPPED}
2023-10-17 18:44:20,953 [Time-limited test] INFO  handler.ContextHandler (ContextHandler.java:doStop(1159)) - Stopped o.e.j.s.ServletContextHandler@9b8a0b3{logs,/logs,file:///home/runner/work/ozone/ozone/hadoop-ozone/integration-test/target/log,STOPPED}
2023-10-17 18:44:20,957 [Time-limited test] INFO  server.StorageContainerManager (StorageContainerManager.java:stop(1646)) - Stopping SCM LayoutVersionManager Service.
2023-10-17 18:44:20,958 [Time-limited test] INFO  server.StorageContainerManager (StorageContainerManager.java:stop(1658)) - Stopping Block Manager Service.
2023-10-17 18:44:20,958 [Time-limited test] INFO  utils.BackgroundService (BackgroundService.java:shutdown(160)) - Shutting down service SCMBlockDeletingService
2023-10-17 18:44:20,958 [Time-limited test] INFO  utils.BackgroundService (BackgroundService.java:shutdown(160)) - Shutting down service SCMBlockDeletingService
2023-10-17 18:44:20,958 [Time-limited test] INFO  server.StorageContainerManager (StorageContainerManager.java:stop(1678)) - Stopping SCM Event Queue.
2023-10-17 18:44:20,959 [JvmPauseMonitor16] INFO  util.JvmPauseMonitor (JvmPauseMonitor.java:run(109)) - JvmPauseMonitor-2bf016b8-d609-4d07-b24c-095f4898c493: Stopped
2023-10-17 18:44:20,960 [Time-limited test] INFO  server.StorageContainerManager (StorageContainerManager.java:stop(1689)) - Stopping SCM HA services.
2023-10-17 18:44:20,960 [Time-limited test] INFO  pipeline.BackgroundPipelineCreator (BackgroundPipelineCreator.java:stop(149)) - Stopping RatisPipelineUtilsThread.
2023-10-17 18:44:20,960 [RatisPipelineUtilsThread - 0] WARN  pipeline.BackgroundPipelineCreator (BackgroundPipelineCreator.java:run(180)) - RatisPipelineUtilsThread is interrupted.
2023-10-17 18:44:20,960 [Time-limited test] INFO  BackgroundPipelineScrubber (BackgroundSCMService.java:stop(131)) - Stopping BackgroundPipelineScrubber Service.
2023-10-17 18:44:20,960 [BackgroundPipelineScrubberThread] WARN  BackgroundPipelineScrubber (BackgroundSCMService.java:run(115)) - BackgroundPipelineScrubber is interrupted, exit
2023-10-17 18:44:20,961 [Time-limited test] INFO  impl.MetricsSystemImpl (MetricsSystemImpl.java:stop(210)) - Stopping StorageContainerManager metrics system...
2023-10-17 18:44:20,968 [prometheus] INFO  impl.MetricsSinkAdapter (MetricsSinkAdapter.java:publishMetricsFromQueue(141)) - prometheus thread interrupted.
2023-10-17 18:44:20,968 [Time-limited test] INFO  impl.MetricsSystemImpl (MetricsSystemImpl.java:stop(216)) - StorageContainerManager metrics system stopped.
2023-10-17 18:44:20,968 [Time-limited test] WARN  pipeline.BackgroundPipelineCreator (BackgroundPipelineCreator.java:stop(145)) - RatisPipelineUtilsThread is not running, just ignore.
2023-10-17 18:44:20,968 [Time-limited test] INFO  BackgroundPipelineScrubber (BackgroundSCMService.java:stop(126)) - BackgroundPipelineScrubber Service is not running, skip stop.
2023-10-17 18:44:20,968 [Time-limited test] INFO  ExpiredContainerReplicaOpScrubber (BackgroundSCMService.java:stop(131)) - Stopping ExpiredContainerReplicaOpScrubber Service.
2023-10-17 18:44:20,968 [ExpiredContainerReplicaOpScrubberThread] WARN  ExpiredContainerReplicaOpScrubber (BackgroundSCMService.java:run(115)) - ExpiredContainerReplicaOpScrubber is interrupted, exit
2023-10-17 18:44:20,968 [Time-limited test] INFO  utils.BackgroundService (BackgroundService.java:shutdown(160)) - Shutting down service SCMBlockDeletingService
2023-10-17 18:44:20,968 [Time-limited test] INFO  replication.ReplicationManager (ReplicationManager.java:stop(333)) - Replication Monitor Thread is not running.
2023-10-17 18:44:20,969 [Time-limited test] WARN  balancer.ContainerBalancer (ContainerBalancer.java:stop(326)) - Cannot stop Container Balancer because it's not running or stopping
2023-10-17 18:44:20,969 [Time-limited test] INFO  server.StorageContainerManager (StorageContainerManager.java:stop(1724)) - Stopping SCM MetadataStore.
2023-10-17 18:44:20,969 [LeaseManager#LeaseMonitor] WARN  lease.LeaseManager (LeaseManager.java:run(287)) - Lease manager is interrupted. Shutting down...
java.lang.InterruptedException
	at java.util.concurrent.locks.AbstractQueuedSynchronizer.doAcquireSharedNanos(AbstractQueuedSynchronizer.java:1039)
	at java.util.concurrent.locks.AbstractQueuedSynchronizer.tryAcquireSharedNanos(AbstractQueuedSynchronizer.java:1328)
	at java.util.concurrent.Semaphore.tryAcquire(Semaphore.java:409)
	at org.apache.hadoop.ozone.lease.LeaseManager$LeaseMonitor.run(LeaseManager.java:285)
	at java.lang.Thread.run(Thread.java:750)
2023-10-17 18:44:20,995 [Time-limited test] INFO  db.CodecTestUtil (CodecTestUtil.java:gc(47)) - gc 0
]]></system-out>
  </testcase>
  <testcase name="testContainerReportQueueWithDrop" classname="org.apache.hadoop.ozone.scm.TestStorageContainerManager" time="1.157"/>
  <testcase name="testRpcPermission" classname="org.apache.hadoop.ozone.scm.TestStorageContainerManager" time="55.509">
    <system-out><![CDATA[2023-10-17 18:44:22,705 [Time-limited test] WARN  server.ServerUtils (ServerUtils.java:getScmDbDir(155)) - ozone.scm.db.dirs is not configured. We recommend adding this setting. Falling back to ozone.metadata.dirs instead.
2023-10-17 18:44:22,715 [Time-limited test] WARN  server.ServerUtils (ServerUtils.java:getScmDbDir(155)) - ozone.scm.db.dirs is not configured. We recommend adding this setting. Falling back to ozone.metadata.dirs instead.
2023-10-17 18:44:22,715 [Time-limited test] INFO  ha.SCMHANodeDetails (SCMHANodeDetails.java:loadSCMHAConfig(210)) - ServiceID for StorageContainerManager is null
2023-10-17 18:44:22,716 [Time-limited test] WARN  ha.SCMHANodeDetails (SCMHANodeDetails.java:validateSCMHAConfig(183)) - Invalid config ozone.scm.ratis.enable. The config was not specified, but the default value true conflicts with the expected config value false. Falling back to the expected value. Current State of SCM: SCM is running in Non-HA without Ratis Ratis SCM -> Non Ratis SCM or Non HA SCM -> HA SCM is not supported
2023-10-17 18:44:22,716 [Time-limited test] INFO  ha.SCMHANodeDetails (SCMHANodeDetails.java:loadSCMHAConfig(215)) - ozone.scm.default.service.id is not defined, falling back to ozone.scm.service.ids to find serviceID for StorageContainerManager if it is HA enabled cluster
2023-10-17 18:44:22,719 [Time-limited test] WARN  utils.HAUtils (HAUtils.java:getMetaDir(339)) - ozone.scm.db.dirs is not configured. We recommend adding this setting. Falling back to ozone.metadata.dirs instead.
2023-10-17 18:44:22,720 [Time-limited test] WARN  db.DBStoreBuilder (DBStoreBuilder.java:applyDBDefinition(167)) - ozone.scm.db.dirs is not configured. We recommend adding this setting. Falling back to ozone.metadata.dirs instead.
2023-10-17 18:44:22,841 [Time-limited test] INFO  net.NodeSchemaLoader (NodeSchemaLoader.java:loadSchemaFromFile(129)) - Loading schema from [jar:file:/home/runner/.m2/repository/org/apache/ozone/hdds-common/1.4.0-SNAPSHOT/hdds-common-1.4.0-SNAPSHOT.jar!/network-topology-default.xml]
2023-10-17 18:44:22,841 [Time-limited test] INFO  net.NodeSchemaLoader (NodeSchemaLoader.java:loadSchema(176)) - Loading network topology layer schema file
2023-10-17 18:44:22,849 [Time-limited test] INFO  upgrade.AbstractLayoutVersionManager (AbstractLayoutVersionManager.java:init(83)) - Initializing Layout version manager with metadata layout = HADOOP_PRC_PORTS_IN_DATANODEDETAILS (version = 7), software layout = HADOOP_PRC_PORTS_IN_DATANODEDETAILS (version = 7)
2023-10-17 18:44:22,851 [Time-limited test] INFO  ha.SequenceIdGenerator (SequenceIdGenerator.java:upgradeToSequenceId(365)) - upgrade localId to 111677748019200000
2023-10-17 18:44:22,852 [Time-limited test] INFO  ha.SequenceIdGenerator (SequenceIdGenerator.java:upgradeToSequenceId(375)) - upgrade delTxnId to 0
2023-10-17 18:44:22,853 [Time-limited test] INFO  ha.SequenceIdGenerator (SequenceIdGenerator.java:upgradeToSequenceId(392)) - upgrade containerId to 0
2023-10-17 18:44:22,853 [Time-limited test] INFO  ha.SequenceIdGenerator (SequenceIdGenerator.java:upgradeToSequenceId(428)) - upgrade rootCertificateId to 1
2023-10-17 18:44:22,854 [Time-limited test] INFO  ha.SequenceIdGenerator (SequenceIdGenerator.java:<init>(236)) - Init the HA SequenceIdGenerator.
2023-10-17 18:44:22,861 [Time-limited test] WARN  server.ServerUtils (ServerUtils.java:sanitizeUserArgs(80)) - ozone.scm.stale.node.interval value = 300000 is larger than max = 100000 based on the key value of ozone.scm.heartbeat.thread.interval, reset to the max value 100000.
2023-10-17 18:44:22,861 [Time-limited test] WARN  server.ServerUtils (ServerUtils.java:sanitizeUserArgs(80)) - ozone.scm.stale.node.interval value = 300000 is larger than max = 100000 based on the key value of ozone.scm.heartbeat.thread.interval, reset to the max value 100000.
2023-10-17 18:44:22,870 [Time-limited test] INFO  node.SCMNodeManager (SCMNodeManager.java:<init>(157)) - Entering startup safe mode.
2023-10-17 18:44:22,872 [Time-limited test] INFO  algorithms.ContainerPlacementPolicyFactory (ContainerPlacementPolicyFactory.java:getPolicyInternal(86)) - Create container placement policy of type org.apache.hadoop.hdds.scm.container.placement.algorithms.SCMContainerPlacementRackAware
2023-10-17 18:44:22,872 [Time-limited test] INFO  algorithms.ContainerPlacementPolicyFactory (ContainerPlacementPolicyFactory.java:getPolicyInternal(86)) - Create container placement policy of type org.apache.hadoop.hdds.scm.container.placement.algorithms.SCMContainerPlacementRackScatter
2023-10-17 18:44:22,872 [Time-limited test] INFO  pipeline.PipelineStateManagerImpl (PipelineStateManagerImpl.java:initialize(78)) - No pipeline exists in current db
2023-10-17 18:44:22,873 [Time-limited test] INFO  algorithms.LeaderChoosePolicyFactory (LeaderChoosePolicyFactory.java:getPolicy(57)) - Create leader choose policy of type org.apache.hadoop.hdds.scm.pipeline.leader.choose.algorithms.MinLeaderCountChoosePolicy
2023-10-17 18:44:22,873 [Time-limited test] INFO  algorithms.ContainerPlacementPolicyFactory (ContainerPlacementPolicyFactory.java:getPolicyInternal(86)) - Create container placement policy of type org.apache.hadoop.hdds.scm.container.placement.algorithms.SCMContainerPlacementRackScatter
2023-10-17 18:44:22,874 [Time-limited test] INFO  ha.SCMServiceManager (SCMServiceManager.java:register(42)) - Registering service BackgroundPipelineCreator.
2023-10-17 18:44:22,874 [Time-limited test] INFO  pipeline.BackgroundPipelineCreator (BackgroundPipelineCreator.java:start(124)) - Starting RatisPipelineUtilsThread.
2023-10-17 18:44:22,878 [Time-limited test] INFO  BackgroundPipelineScrubber (BackgroundSCMService.java:start(68)) - Starting BackgroundPipelineScrubber Service.
2023-10-17 18:44:22,882 [Time-limited test] INFO  ha.SCMServiceManager (SCMServiceManager.java:register(42)) - Registering service BackgroundPipelineScrubber.
2023-10-17 18:44:22,882 [Time-limited test] INFO  ExpiredContainerReplicaOpScrubber (BackgroundSCMService.java:start(68)) - Starting ExpiredContainerReplicaOpScrubber Service.
2023-10-17 18:44:22,883 [Time-limited test] INFO  ha.SCMServiceManager (SCMServiceManager.java:register(42)) - Registering service ExpiredContainerReplicaOpScrubber.
2023-10-17 18:44:22,885 [Time-limited test] INFO  algorithms.PipelineChoosePolicyFactory (PipelineChoosePolicyFactory.java:createPipelineChoosePolicyFromClass(78)) - Create pipeline choose policy of type org.apache.hadoop.hdds.scm.pipeline.choose.algorithms.RandomPipelineChoosePolicy
2023-10-17 18:44:22,885 [Time-limited test] INFO  algorithms.PipelineChoosePolicyFactory (PipelineChoosePolicyFactory.java:createPipelineChoosePolicyFromClass(78)) - Create pipeline choose policy of type org.apache.hadoop.hdds.scm.pipeline.choose.algorithms.RandomPipelineChoosePolicy
2023-10-17 18:44:22,887 [Time-limited test] INFO  ha.SCMServiceManager (SCMServiceManager.java:register(42)) - Registering service SCMBlockDeletingService.
2023-10-17 18:44:22,890 [Time-limited test] INFO  replication.ReplicationManager (ReplicationManager.java:start(291)) - Starting Replication Monitor Thread.
2023-10-17 18:44:22,908 [Time-limited test] INFO  ha.SCMServiceManager (SCMServiceManager.java:register(42)) - Registering service ReplicationManager.
2023-10-17 18:44:22,909 [Time-limited test] INFO  safemode.ContainerSafeModeRule (ContainerSafeModeRule.java:<init>(90)) - containers with one replica threshold count 0
2023-10-17 18:44:22,909 [Time-limited test] INFO  safemode.HealthyPipelineSafeModeRule (HealthyPipelineSafeModeRule.java:initializeRule(169)) - Total pipeline count is 0, healthy pipeline threshold count is 1
2023-10-17 18:44:22,910 [Time-limited test] INFO  safemode.OneReplicaPipelineSafeModeRule (OneReplicaPipelineSafeModeRule.java:initializeRule(180)) - Total pipeline count is 0, pipeline's with at least one datanode reported threshold count is 0
2023-10-17 18:44:22,915 [ReplicationMonitor] INFO  replication.ReplicationManager (ReplicationManager.java:processAll(365)) - Replication Manager is not ready to run until 3000ms after safemode exit
2023-10-17 18:44:22,915 [Time-limited test] INFO  server.StorageContainerManager (StorageContainerManager.java:<init>(427)) - SCM start with adminUsers: [runner]
2023-10-17 18:44:22,915 [Time-limited test] INFO  ipc.CallQueueManager (CallQueueManager.java:<init>(90)) - Using callQueue: class java.util.concurrent.LinkedBlockingQueue, queueCapacity: 2000, scheduler: class org.apache.hadoop.ipc.DefaultRpcScheduler, ipcBackoff: false.
2023-10-17 18:44:22,916 [Time-limited test] INFO  ipc.Server (Server.java:<init>(1287)) - Listener at 0.0.0.0:15106
2023-10-17 18:44:22,916 [Socket Reader #1 for port 15106] INFO  ipc.Server (Server.java:run(1323)) - Starting Socket Reader #1 for port 15106
2023-10-17 18:44:22,922 [Time-limited test] INFO  ipc.CallQueueManager (CallQueueManager.java:<init>(90)) - Using callQueue: class java.util.concurrent.LinkedBlockingQueue, queueCapacity: 2000, scheduler: class org.apache.hadoop.ipc.DefaultRpcScheduler, ipcBackoff: false.
2023-10-17 18:44:22,923 [Time-limited test] INFO  ipc.Server (Server.java:<init>(1287)) - Listener at 0.0.0.0:15105
2023-10-17 18:44:22,933 [Socket Reader #1 for port 15105] INFO  ipc.Server (Server.java:run(1323)) - Starting Socket Reader #1 for port 15105
2023-10-17 18:44:22,936 [Time-limited test] INFO  ipc.CallQueueManager (CallQueueManager.java:<init>(90)) - Using callQueue: class java.util.concurrent.LinkedBlockingQueue, queueCapacity: 2000, scheduler: class org.apache.hadoop.ipc.DefaultRpcScheduler, ipcBackoff: false.
2023-10-17 18:44:22,936 [Time-limited test] INFO  ipc.Server (Server.java:<init>(1287)) - Listener at 0.0.0.0:15104
2023-10-17 18:44:22,937 [Socket Reader #1 for port 15104] INFO  ipc.Server (Server.java:run(1323)) - Starting Socket Reader #1 for port 15104
2023-10-17 18:44:22,944 [Time-limited test] INFO  ha.SCMServiceManager (SCMServiceManager.java:register(42)) - Registering service ContainerBalancer.
2023-10-17 18:44:22,945 [Time-limited test] INFO  server.StorageContainerManager (StorageContainerManager.java:<init>(440)) - 
Container Balancer status:
Key                            Value
Running                        false
Container Balancer Configuration values:
Key                                                Value
Threshold                                          10
Max Datanodes to Involve per Iteration(percent)    20
Max Size to Move per Iteration                     500GB
Max Size Entering Target per Iteration             26GB
Max Size Leaving Source per Iteration              26GB
Number of Iterations                               10
Time Limit for Single Container's Movement         65min
Time Limit for Single Container's Replication      50min
Interval between each Iteration                    70min
Whether to Enable Network Topology                 false
Whether to Trigger Refresh Datanode Usage Info     false
Container IDs to Exclude from Balancing            None
Datanodes Specified to be Balanced                 None
Datanodes Excluded from Balancing                  None

2023-10-17 18:44:22,945 [Time-limited test] INFO  ha.SCMContext (SCMContext.java:updateSafeModeStatus(230)) - Update SafeModeStatus from SafeModeStatus{safeModeStatus=true, preCheckPassed=false} to SafeModeStatus{safeModeStatus=true, preCheckPassed=false}.
2023-10-17 18:44:22,946 [Time-limited test] INFO  server.StorageContainerManager (StorageContainerManager.java:start(1492)) - StorageContainerLocationProtocol RPC server is listening at /0.0.0.0:15104
2023-10-17 18:44:22,949 [Time-limited test] WARN  impl.MetricsConfig (MetricsConfig.java:loadFirst(136)) - Cannot locate configuration: tried hadoop-metrics2-storagecontainermanager.properties,hadoop-metrics2.properties
2023-10-17 18:44:22,957 [Time-limited test] INFO  impl.MetricsSystemImpl (MetricsSystemImpl.java:startTimer(378)) - Scheduled Metric snapshot period at 10 second(s).
2023-10-17 18:44:22,957 [Time-limited test] INFO  impl.MetricsSystemImpl (MetricsSystemImpl.java:start(191)) - StorageContainerManager metrics system started
2023-10-17 18:44:22,978 [Time-limited test] INFO  impl.MetricsSinkAdapter (MetricsSinkAdapter.java:start(204)) - Sink prometheus started
2023-10-17 18:44:22,978 [Time-limited test] INFO  impl.MetricsSystemImpl (MetricsSystemImpl.java:registerSink(305)) - Registered sink prometheus
2023-10-17 18:44:23,007 [Time-limited test] INFO  server.SCMClientProtocolServer (SCMClientProtocolServer.java:start(201)) - RPC server for Client  is listening at /0.0.0.0:15104
2023-10-17 18:44:23,008 [IPC Server Responder] INFO  ipc.Server (Server.java:run(1562)) - IPC Server Responder: starting
2023-10-17 18:44:23,008 [IPC Server listener on 15104] INFO  ipc.Server (Server.java:run(1402)) - IPC Server listener on 15104: starting
2023-10-17 18:44:23,021 [Time-limited test] INFO  server.StorageContainerManager (StorageContainerManager.java:start(1505)) - ScmBlockLocationProtocol RPC server is listening at /0.0.0.0:15105
2023-10-17 18:44:23,022 [Time-limited test] INFO  server.SCMBlockProtocolServer (SCMBlockProtocolServer.java:start(154)) - RPC server for Block Protocol is listening at /0.0.0.0:15105
2023-10-17 18:44:23,026 [IPC Server Responder] INFO  ipc.Server (Server.java:run(1562)) - IPC Server Responder: starting
2023-10-17 18:44:23,027 [IPC Server listener on 15105] INFO  ipc.Server (Server.java:run(1402)) - IPC Server listener on 15105: starting
2023-10-17 18:44:23,033 [Time-limited test] INFO  server.SCMDatanodeProtocolServer (SCMDatanodeProtocolServer.java:start(193)) - ScmDatanodeProtocol RPC server for DataNodes is listening at /0.0.0.0:15106
2023-10-17 18:44:23,034 [IPC Server Responder] INFO  ipc.Server (Server.java:run(1562)) - IPC Server Responder: starting
2023-10-17 18:44:23,034 [IPC Server listener on 15106] INFO  ipc.Server (Server.java:run(1402)) - IPC Server listener on 15106: starting
2023-10-17 18:44:23,054 [Time-limited test] INFO  http.BaseHttpServer (BaseHttpServer.java:newHttpServer2BuilderForOzone(223)) - Starting Web-server for scm at: http://0.0.0.0:15107
2023-10-17 18:44:23,055 [Time-limited test] INFO  http.BaseHttpServer (BaseHttpServer.java:<init>(110)) - Hadoop Security Enabled: false Ozone Security Enabled: false Ozone HTTP Security Enabled: false 
2023-10-17 18:44:23,057 [JvmPauseMonitor17] INFO  util.JvmPauseMonitor (JvmPauseMonitor.java:run(103)) - JvmPauseMonitor-1d7294ae-1163-45fd-bc7d-604ed8673e87: Started
2023-10-17 18:44:23,059 [Time-limited test] WARN  server.AuthenticationFilter (AuthenticationFilter.java:constructSecretProvider(240)) - Unable to initialize FileSignerSecretProvider, falling back to use random secrets. Reason: Could not read signature secret file: /home/runner/hadoop-http-auth-signature-secret
2023-10-17 18:44:23,060 [Time-limited test] INFO  http.HttpRequestLog (HttpRequestLog.java:getRequestLog(86)) - Http request log for http.requests.scm is not defined
2023-10-17 18:44:23,063 [Time-limited test] INFO  http.HttpServer2 (HttpServer2.java:addGlobalFilter(1031)) - Added global filter 'safety' (class=org.apache.hadoop.hdds.server.http.HttpServer2$QuotingInputFilter)
2023-10-17 18:44:23,064 [Time-limited test] INFO  http.HttpServer2 (HttpServer2.java:addFilter(1007)) - Added filter static_user_filter (class=org.apache.hadoop.http.lib.StaticUserWebFilter$StaticUserFilter) to context scm
2023-10-17 18:44:23,064 [Time-limited test] INFO  http.HttpServer2 (HttpServer2.java:addFilter(1015)) - Added filter static_user_filter (class=org.apache.hadoop.http.lib.StaticUserWebFilter$StaticUserFilter) to context static
2023-10-17 18:44:23,064 [Time-limited test] INFO  http.HttpServer2 (HttpServer2.java:addFilter(1015)) - Added filter static_user_filter (class=org.apache.hadoop.http.lib.StaticUserWebFilter$StaticUserFilter) to context logs
2023-10-17 18:44:23,065 [Time-limited test] INFO  http.BaseHttpServer (BaseHttpServer.java:<init>(189)) - HTTP server of scm uses base directory /home/runner/work/ozone/ozone/hadoop-ozone/integration-test/target/test-dir/MiniOzoneClusterImpl-ee380501-c2be-4155-a337-7349f62bd525/ozone-meta/webserver
2023-10-17 18:44:23,066 [Time-limited test] INFO  http.HttpServer2 (HttpServer2.java:bindListener(1231)) - Jetty bound to port 15107
2023-10-17 18:44:23,066 [Time-limited test] INFO  server.Server (Server.java:doStart(375)) - jetty-9.4.53.v20231009; built: 2023-10-09T12:29:09.265Z; git: 27bde00a0b95a1d5bbee0eae7984f891d2d0f8c9; jvm 1.8.0_382-b05
2023-10-17 18:44:23,068 [Time-limited test] INFO  server.session (DefaultSessionIdManager.java:doStart(334)) - DefaultSessionIdManager workerName=node0
2023-10-17 18:44:23,068 [Time-limited test] INFO  server.session (DefaultSessionIdManager.java:doStart(339)) - No SessionScavenger set, using defaults
2023-10-17 18:44:23,069 [Time-limited test] INFO  server.session (HouseKeeper.java:startScavenging(132)) - node0 Scavenging every 660000ms
2023-10-17 18:44:23,069 [Time-limited test] INFO  handler.ContextHandler (ContextHandler.java:doStart(921)) - Started o.e.j.s.ServletContextHandler@1043bf6f{logs,/logs,file:///home/runner/work/ozone/ozone/hadoop-ozone/integration-test/target/log,AVAILABLE}
2023-10-17 18:44:23,070 [Time-limited test] INFO  handler.ContextHandler (ContextHandler.java:doStart(921)) - Started o.e.j.s.ServletContextHandler@783cb357{static,/static,file:///home/runner/work/ozone/ozone/hadoop-ozone/integration-test/target/test-classes/webapps/static,AVAILABLE}
2023-10-17 18:44:23,074 [Time-limited test] INFO  handler.ContextHandler (ContextHandler.java:doStart(921)) - Started o.e.j.w.WebAppContext@6678647c{scm,/,file:///home/runner/work/ozone/ozone/hadoop-ozone/integration-test/target/test-classes/webapps/scm/,AVAILABLE}{file:/home/runner/work/ozone/ozone/hadoop-ozone/integration-test/target/test-classes/webapps/scm}
2023-10-17 18:44:23,076 [Time-limited test] INFO  server.AbstractConnector (AbstractConnector.java:doStart(333)) - Started ServerConnector@4e0ccfe2{HTTP/1.1, (http/1.1)}{0.0.0.0:15107}
2023-10-17 18:44:23,076 [Time-limited test] INFO  server.Server (Server.java:doStart(415)) - Started @123791ms
2023-10-17 18:44:23,076 [Time-limited test] WARN  impl.MetricsSystemImpl (MetricsSystemImpl.java:register(279)) - Sink prometheus already exists!
2023-10-17 18:44:23,077 [Time-limited test] INFO  http.BaseHttpServer (BaseHttpServer.java:updateConnectorAddress(354)) - HTTP server of scm listening at http://0.0.0.0:15107
2023-10-17 18:44:23,077 [Time-limited test] WARN  server.ServerUtils (ServerUtils.java:getDBPath(311)) - ozone.om.db.dirs is not configured. We recommend adding this setting. Falling back to ozone.metadata.dirs instead.
2023-10-17 18:44:23,079 [Time-limited test] INFO  ha.OMHANodeDetails (OMHANodeDetails.java:loadOMHAConfig(115)) - ozone.om.internal.service.id is not defined, falling back to ozone.om.service.ids to find serviceID for OzoneManager if it is HA enabled cluster
2023-10-17 18:44:23,080 [Time-limited test] INFO  ha.OMHANodeDetails (OMHANodeDetails.java:loadOMHAConfig(226)) - Configuration does not have ozone.om.address set. Falling back to the default OM address /127.0.0.1:15108
2023-10-17 18:44:23,080 [Time-limited test] INFO  ha.OMHANodeDetails (OMHANodeDetails.java:getOMNodeDetailsForNonHA(254)) - OM Service ID is not set. Setting it to the default ID: omServiceIdDefault
2023-10-17 18:44:23,080 [Time-limited test] INFO  ha.OMHANodeDetails (OMHANodeDetails.java:getOMNodeDetailsForNonHA(261)) - OM Node ID is not set. Setting it to the default ID: om1
2023-10-17 18:44:23,080 [Time-limited test] WARN  server.ServerUtils (ServerUtils.java:getDBPath(311)) - ozone.om.db.dirs is not configured. We recommend adding this setting. Falling back to ozone.metadata.dirs instead.
2023-10-17 18:44:23,084 [Time-limited test] INFO  upgrade.AbstractLayoutVersionManager (AbstractLayoutVersionManager.java:init(83)) - Initializing Layout version manager with metadata layout = QUOTA (version = 6), software layout = QUOTA (version = 6)
2023-10-17 18:44:23,434 [Time-limited test] INFO  reflections.Reflections (Reflections.java:scan(232)) - Reflections took 349 ms to scan 2 urls, producing 190 keys and 532 values [using 2 cores]
2023-10-17 18:44:23,435 [Time-limited test] INFO  upgrade.OMLayoutVersionManager (OMLayoutVersionManager.java:lambda$0(115)) - Skipping Upgrade Action MockOmUpgradeAction since it has been finalized.
2023-10-17 18:44:23,435 [Time-limited test] INFO  upgrade.OMLayoutVersionManager (OMLayoutVersionManager.java:lambda$0(115)) - Skipping Upgrade Action QuotaRepairUpgradeAction since it has been finalized.
2023-10-17 18:44:23,435 [Time-limited test] WARN  server.ServerUtils (ServerUtils.java:getDBPath(311)) - ozone.om.db.dirs is not configured. We recommend adding this setting. Falling back to ozone.metadata.dirs instead.
2023-10-17 18:44:23,436 [Time-limited test] INFO  proxy.SCMBlockLocationFailoverProxyProvider (SCMBlockLocationFailoverProxyProvider.java:<init>(114)) - Created block location fail-over proxy with 1 nodes: [nodeId=scmNodeId,nodeAddress=/0.0.0.0:15105]
2023-10-17 18:44:23,444 [Time-limited test] INFO  proxy.SCMBlockLocationFailoverProxyProvider (SCMBlockLocationFailoverProxyProvider.java:<init>(114)) - Created block location fail-over proxy with 1 nodes: [nodeId=scmNodeId,nodeAddress=/0.0.0.0:15105]
2023-10-17 18:44:23,464 [Time-limited test] INFO  om.OzoneManager (OzoneManager.java:<init>(671)) - OM start with adminUsers: [runner]
2023-10-17 18:44:23,466 [Time-limited test] WARN  server.ServerUtils (ServerUtils.java:getDBPath(311)) - ozone.om.db.dirs is not configured. We recommend adding this setting. Falling back to ozone.metadata.dirs instead.
2023-10-17 18:44:23,467 [Time-limited test] INFO  helpers.OmKeyInfo (OmKeyInfo.java:getCodec(71)) - OmKeyInfo.getCodec ignorePipeline = true
2023-10-17 18:44:23,687 [Time-limited test] INFO  om.OzoneManager (OzoneManager.java:instantiateServices(800)) - S3 Multi-Tenancy is disabled
2023-10-17 18:44:23,689 [Time-limited test] INFO  om.OmSnapshotManager (OmSnapshotManager.java:<init>(174)) - Ozone filesystem snapshot feature is enabled.
2023-10-17 18:44:23,689 [Time-limited test] WARN  server.ServerUtils (ServerUtils.java:getDBPath(311)) - ozone.om.snapshot.diff.db.dir is not configured. We recommend adding this setting. Falling back to ozone.metadata.dirs instead.
2023-10-17 18:44:23,717 [Time-limited test] INFO  snapshot.SnapshotDiffManager (SnapshotDiffManager.java:closeExecutorService(1720)) - Shutting down executorService: 'SstDumpToolExecutor'
2023-10-17 18:44:23,720 [Time-limited test] INFO  om.OzoneManager (OzoneManager.java:addS3GVolumeToDB(4376)) - Created Volume s3v With Owner runner required for S3Gateway operations.
2023-10-17 18:44:23,720 [Time-limited test] WARN  server.ServerUtils (ServerUtils.java:getDefaultRatisDirectory(323)) - Storage directory for Ratis is not configured. It is a good idea to map this to an SSD disk. Falling back to ozone.metadata.dirs
2023-10-17 18:44:23,720 [Time-limited test] WARN  utils.OzoneManagerRatisUtils (OzoneManagerRatisUtils.java:getOMRatisSnapshotDirectory(470)) - ozone.om.ratis.snapshot.dir is not configured. Falling back to ozone.metadata.dirs config
2023-10-17 18:44:23,720 [Time-limited test] WARN  server.ServerUtils (ServerUtils.java:getDefaultRatisDirectory(323)) - Storage directory for Ratis is not configured. It is a good idea to map this to an SSD disk. Falling back to ozone.metadata.dirs
2023-10-17 18:44:23,727 [Time-limited test] INFO  ratis.OzoneManagerRatisServer (OzoneManagerRatisServer.java:<init>(164)) - Instantiating OM Ratis server with groupID: omServiceIdDefault and peers: localhost:15111
2023-10-17 18:44:23,729 [Time-limited test] INFO  ratis.OzoneManagerStateMachine (OzoneManagerStateMachine.java:loadSnapshotInfoFromDB(691)) - LastAppliedIndex is set from TransactionInfo from OM DB as (t:0, i:~)
2023-10-17 18:44:23,733 [Time-limited test] INFO  server.RaftServer (ConfUtils.java:logGet(46)) - raft.rpc.type = GRPC (default)
2023-10-17 18:44:23,733 [Time-limited test] INFO  grpc.GrpcConfigKeys (ConfUtils.java:logFallback(53)) - raft.grpc.admin.host = null (fallback to raft.grpc.server.host)
2023-10-17 18:44:23,733 [Time-limited test] INFO  grpc.GrpcConfigKeys (ConfUtils.java:logFallback(53)) - raft.grpc.admin.port = 15111 (fallback to raft.grpc.server.port)
2023-10-17 18:44:23,733 [Time-limited test] INFO  grpc.GrpcConfigKeys (ConfUtils.java:logFallback(53)) - raft.grpc.client.host = null (fallback to raft.grpc.server.host)
2023-10-17 18:44:23,733 [Time-limited test] INFO  grpc.GrpcConfigKeys (ConfUtils.java:logFallback(53)) - raft.grpc.client.port = 15111 (fallback to raft.grpc.server.port)
2023-10-17 18:44:23,733 [Time-limited test] INFO  grpc.GrpcConfigKeys (ConfUtils.java:logGet(46)) - raft.grpc.server.host = null (default)
2023-10-17 18:44:23,733 [Time-limited test] INFO  grpc.GrpcConfigKeys (ConfUtils.java:logGet(46)) - raft.grpc.server.port = 15111 (custom)
2023-10-17 18:44:23,733 [Time-limited test] INFO  server.GrpcService (ConfUtils.java:logGet(46)) - raft.grpc.message.size.max = 33554432 (custom)
2023-10-17 18:44:23,733 [Time-limited test] INFO  server.RaftServerConfigKeys (ConfUtils.java:logGet(46)) - raft.server.log.appender.buffer.byte-limit = 33554432 (custom)
2023-10-17 18:44:23,734 [Time-limited test] INFO  server.GrpcService (ConfUtils.java:logGet(46)) - raft.grpc.flow.control.window = 1MB (=1048576) (default)
2023-10-17 18:44:23,734 [Time-limited test] INFO  server.RaftServerConfigKeys (ConfUtils.java:logGet(46)) - raft.server.rpc.request.timeout = 3000ms (default)
2023-10-17 18:44:23,734 [Time-limited test] INFO  grpc.GrpcConfigKeys (ConfUtils.java:logGet(46)) - raft.grpc.server.heartbeat.channel = true (default)
2023-10-17 18:44:23,734 [Time-limited test] INFO  grpc.GrpcConfigKeys (ConfUtils.java:logGet(46)) - raft.grpc.server.async.request.thread.pool.cached = true (default)
2023-10-17 18:44:23,734 [Time-limited test] INFO  grpc.GrpcConfigKeys (ConfUtils.java:logGet(46)) - raft.grpc.server.async.request.thread.pool.size = 32 (default)
2023-10-17 18:44:23,736 [Time-limited test] INFO  impl.DataStreamServerImpl (ConfUtils.java:logGet(46)) - raft.datastream.type = DISABLED (default)
2023-10-17 18:44:23,736 [Time-limited test] INFO  server.RaftServerConfigKeys (ConfUtils.java:logGet(46)) - raft.server.threadpool.proxy.cached = true (default)
2023-10-17 18:44:23,736 [Time-limited test] INFO  server.RaftServerConfigKeys (ConfUtils.java:logGet(46)) - raft.server.threadpool.proxy.size = 0 (default)
2023-10-17 18:44:23,736 [Time-limited test] INFO  server.RaftServerConfigKeys (ConfUtils.java:logGet(46)) - raft.server.rpc.slowness.timeout = 120s (custom)
2023-10-17 18:44:23,736 [Time-limited test] INFO  server.RaftServerConfigKeys (ConfUtils.java:logGet(46)) - raft.server.leaderelection.leader.step-down.wait-time = 10s (default)
2023-10-17 18:44:23,736 [Time-limited test] INFO  server.RaftServerConfigKeys (ConfUtils.java:logGet(46)) - raft.server.storage.dir = [/home/runner/work/ozone/ozone/hadoop-ozone/integration-test/target/test-dir/MiniOzoneClusterImpl-ee380501-c2be-4155-a337-7349f62bd525/ozone-meta/ratis] (custom)
2023-10-17 18:44:23,745 [Time-limited test] INFO  server.RaftServer (RaftServerProxy.java:addNew(98)) - om1: addNew group-C5BA1605619E:[om1|rpc:localhost:15111|priority:0|startupRole:FOLLOWER] returns group-C5BA1605619E:java.util.concurrent.CompletableFuture@402f35a2[Not completed]
2023-10-17 18:44:23,746 [Time-limited test] INFO  om.OzoneManager (OzoneManager.java:initializeRatisServer(2147)) - OzoneManager Ratis server initialized at port 15111
2023-10-17 18:44:23,746 [Time-limited test] INFO  om.OzoneManager (OzoneManager.java:getRpcServer(1202)) - Creating RPC Server
2023-10-17 18:44:23,750 [om1-groupManagement] INFO  server.RaftServer$Division (RaftServerImpl.java:<init>(198)) - om1: new RaftServerImpl for group-C5BA1605619E:[om1|rpc:localhost:15111|priority:0|startupRole:FOLLOWER] with OzoneManagerStateMachine:uninitialized
2023-10-17 18:44:23,750 [om1-groupManagement] INFO  server.RaftServerConfigKeys (ConfUtils.java:logGet(46)) - raft.server.rpc.timeout.min = 1s (custom)
2023-10-17 18:44:23,750 [om1-groupManagement] INFO  server.RaftServerConfigKeys (ConfUtils.java:logGet(46)) - raft.server.rpc.timeout.max = 1200ms (custom)
2023-10-17 18:44:23,750 [om1-groupManagement] INFO  server.RaftServerConfigKeys (ConfUtils.java:logGet(46)) - raft.server.rpc.sleep.time = 25ms (default)
2023-10-17 18:44:23,750 [om1-groupManagement] INFO  server.RaftServerConfigKeys (ConfUtils.java:logGet(46)) - raft.server.rpc.slowness.timeout = 120s (custom)
2023-10-17 18:44:23,750 [om1-groupManagement] INFO  server.RaftServerConfigKeys (ConfUtils.java:logGet(46)) - raft.server.leaderelection.leader.step-down.wait-time = 10s (default)
2023-10-17 18:44:23,750 [om1-groupManagement] INFO  server.RaftServerConfigKeys (ConfUtils.java:logGet(46)) - raft.server.sleep.deviation.threshold = 300ms (default)
2023-10-17 18:44:23,750 [om1-groupManagement] INFO  server.RaftServer$Division (ServerState.java:<init>(120)) - om1@group-C5BA1605619E: ConfigurationManager, init=-1: peers:[om1|rpc:localhost:15111|priority:0|startupRole:FOLLOWER]|listeners:[], old=null, confs=<EMPTY_MAP>
2023-10-17 18:44:23,751 [om1-groupManagement] INFO  server.RaftServerConfigKeys (ConfUtils.java:logGet(46)) - raft.server.storage.dir = [/home/runner/work/ozone/ozone/hadoop-ozone/integration-test/target/test-dir/MiniOzoneClusterImpl-ee380501-c2be-4155-a337-7349f62bd525/ozone-meta/ratis] (custom)
2023-10-17 18:44:23,752 [om1-groupManagement] INFO  server.RaftServerConfigKeys (ConfUtils.java:logGet(46)) - raft.server.log.corruption.policy = EXCEPTION (default)
2023-10-17 18:44:23,752 [om1-groupManagement] INFO  server.RaftServerConfigKeys (ConfUtils.java:logGet(46)) - raft.server.storage.free-space.min = 0MB (=0) (default)
2023-10-17 18:44:23,752 [om1-groupManagement] INFO  server.RaftServerConfigKeys (ConfUtils.java:logGet(46)) - raft.server.notification.no-leader.timeout = 120s (custom)
2023-10-17 18:44:23,752 [om1-groupManagement] INFO  server.RaftServerConfigKeys (ConfUtils.java:logGet(46)) - raft.server.read.timeout = 10s (default)
2023-10-17 18:44:23,752 [om1-groupManagement] INFO  server.RaftServerConfigKeys (ConfUtils.java:logGet(46)) - raft.server.retrycache.expirytime = 300s (custom)
2023-10-17 18:44:23,752 [om1-groupManagement] INFO  server.RaftServerConfigKeys (ConfUtils.java:logGet(46)) - raft.server.retrycache.statistics.expirytime = 100μs (default)
2023-10-17 18:44:23,752 [om1-groupManagement] INFO  server.RaftServerConfigKeys (ConfUtils.java:logGet(46)) - raft.server.read.option = DEFAULT (default)
2023-10-17 18:44:23,755 [om1-groupManagement] INFO  server.RaftServerConfigKeys (ConfUtils.java:logGet(46)) - raft.server.rpc.request.timeout = 3000ms (default)
2023-10-17 18:44:23,755 [om1-groupManagement] INFO  server.RaftServerConfigKeys (ConfUtils.java:logGet(46)) - raft.server.log.appender.install.snapshot.enabled = false (custom)
2023-10-17 18:44:23,755 [om1-groupManagement] INFO  server.RaftServerConfigKeys (ConfUtils.java:logGet(46)) - raft.server.threadpool.server.cached = true (default)
2023-10-17 18:44:23,755 [om1-groupManagement] INFO  server.RaftServerConfigKeys (ConfUtils.java:logGet(46)) - raft.server.threadpool.server.size = 0 (default)
2023-10-17 18:44:23,755 [om1-groupManagement] INFO  server.RaftServerConfigKeys (ConfUtils.java:logGet(46)) - raft.server.threadpool.client.cached = true (default)
2023-10-17 18:44:23,755 [om1-groupManagement] INFO  server.RaftServerConfigKeys (ConfUtils.java:logGet(46)) - raft.server.threadpool.client.size = 0 (default)
2023-10-17 18:44:25,021 [Time-limited test] INFO  reflections.Reflections (Reflections.java:scan(232)) - Reflections took 1274 ms to scan 20 urls, producing 71 keys and 6047 values [using 2 cores]
2023-10-17 18:44:25,025 [Time-limited test] INFO  ipc.CallQueueManager (CallQueueManager.java:<init>(90)) - Using callQueue: class java.util.concurrent.LinkedBlockingQueue, queueCapacity: 2000, scheduler: class org.apache.hadoop.ipc.DefaultRpcScheduler, ipcBackoff: false.
2023-10-17 18:44:25,026 [Time-limited test] INFO  ipc.Server (Server.java:<init>(1287)) - Listener at 127.0.0.1:15108
2023-10-17 18:44:25,033 [Socket Reader #1 for port 15108] INFO  ipc.Server (Server.java:run(1323)) - Starting Socket Reader #1 for port 15108
2023-10-17 18:44:25,077 [Time-limited test] INFO  impl.MetricsSystemImpl (MetricsSystemImpl.java:init(158)) - OzoneManager metrics system started (again)
2023-10-17 18:44:25,093 [Time-limited test] INFO  om.OzoneManager (OzoneManager.java:start(1635)) - OzoneManager RPC server is listening at localhost/127.0.0.1:15108
2023-10-17 18:44:25,094 [Time-limited test] INFO  ratis.OzoneManagerRatisServer (OzoneManagerRatisServer.java:start(559)) - Starting OzoneManagerRatisServer om1 at port 15111
2023-10-17 18:44:25,094 [om1-impl-thread1] INFO  storage.RaftStorageDirectory (RaftStorageDirectoryImpl.java:analyzeStorage(137)) - The storage directory /home/runner/work/ozone/ozone/hadoop-ozone/integration-test/target/test-dir/MiniOzoneClusterImpl-ee380501-c2be-4155-a337-7349f62bd525/ozone-meta/ratis/bf265839-605b-3f16-9796-c5ba1605619e does not exist. Creating ...
2023-10-17 18:44:25,095 [om1-impl-thread1] INFO  storage.RaftStorageDirectory (RaftStorageDirectoryImpl.java:tryLock(231)) - Lock on /home/runner/work/ozone/ozone/hadoop-ozone/integration-test/target/test-dir/MiniOzoneClusterImpl-ee380501-c2be-4155-a337-7349f62bd525/ozone-meta/ratis/bf265839-605b-3f16-9796-c5ba1605619e/in_use.lock acquired by nodename 31914@fv-az189-115
2023-10-17 18:44:25,097 [om1-impl-thread1] INFO  storage.RaftStorage (RaftStorageImpl.java:format(96)) - Storage directory /home/runner/work/ozone/ozone/hadoop-ozone/integration-test/target/test-dir/MiniOzoneClusterImpl-ee380501-c2be-4155-a337-7349f62bd525/ozone-meta/ratis/bf265839-605b-3f16-9796-c5ba1605619e has been successfully formatted.
2023-10-17 18:44:25,097 [om1-impl-thread1] INFO  server.RaftServerConfigKeys (ConfUtils.java:logGet(46)) - raft.server.log.use.memory = false (default)
2023-10-17 18:44:25,097 [om1-impl-thread1] INFO  server.RaftServerConfigKeys (ConfUtils.java:logGet(46)) - raft.server.log.purge.gap = 1000000 (custom)
2023-10-17 18:44:25,097 [om1-impl-thread1] INFO  server.RaftServerConfigKeys (ConfUtils.java:logGet(46)) - raft.server.log.appender.buffer.byte-limit = 33554432 (custom)
2023-10-17 18:44:25,097 [om1-impl-thread1] INFO  server.RaftServerConfigKeys (ConfUtils.java:logGet(46)) - raft.server.log.statemachine.data.read.timeout = 1000ms (default)
2023-10-17 18:44:25,097 [om1-impl-thread1] INFO  server.RaftServerConfigKeys (ConfUtils.java:logGet(46)) - raft.server.log.purge.preservation.log.num = 0 (default)
2023-10-17 18:44:25,098 [om1-impl-thread1] INFO  server.RaftServerConfigKeys (ConfUtils.java:logGet(46)) - raft.server.log.segment.size.max = 4194304 (custom)
2023-10-17 18:44:25,098 [om1-impl-thread1] INFO  server.RaftServerConfigKeys (ConfUtils.java:logGet(46)) - raft.server.log.segment.cache.num.max = 2 (custom)
2023-10-17 18:44:25,098 [om1-impl-thread1] INFO  server.RaftServerConfigKeys (ConfUtils.java:logGet(46)) - raft.server.log.segment.cache.size.max = 200MB (=209715200) (default)
2023-10-17 18:44:25,098 [om1-impl-thread1] INFO  server.RaftServerConfigKeys (ConfUtils.java:logGet(46)) - raft.server.log.appender.buffer.byte-limit = 33554432 (custom)
2023-10-17 18:44:25,098 [om1-impl-thread1] INFO  segmented.SegmentedRaftLogWorker (SegmentedRaftLogWorker.java:<init>(188)) - new om1@group-C5BA1605619E-SegmentedRaftLogWorker for RaftStorageImpl:Storage Directory /home/runner/work/ozone/ozone/hadoop-ozone/integration-test/target/test-dir/MiniOzoneClusterImpl-ee380501-c2be-4155-a337-7349f62bd525/ozone-meta/ratis/bf265839-605b-3f16-9796-c5ba1605619e
2023-10-17 18:44:25,098 [om1-impl-thread1] INFO  server.RaftServerConfigKeys (ConfUtils.java:logGet(46)) - raft.server.log.queue.byte-limit = 64MB (=67108864) (default)
2023-10-17 18:44:25,098 [om1-impl-thread1] INFO  server.RaftServerConfigKeys (ConfUtils.java:logGet(46)) - raft.server.log.queue.element-limit = 4096 (default)
2023-10-17 18:44:25,098 [om1-impl-thread1] INFO  server.RaftServerConfigKeys (ConfUtils.java:logGet(46)) - raft.server.log.segment.size.max = 4194304 (custom)
2023-10-17 18:44:25,098 [om1-impl-thread1] INFO  server.RaftServerConfigKeys (ConfUtils.java:logGet(46)) - raft.server.log.preallocated.size = 4194304 (custom)
2023-10-17 18:44:25,098 [om1-impl-thread1] INFO  server.RaftServerConfigKeys (ConfUtils.java:logGet(46)) - raft.server.log.force.sync.num = 128 (default)
2023-10-17 18:44:25,098 [om1-impl-thread1] INFO  server.RaftServerConfigKeys (ConfUtils.java:logGet(46)) - raft.server.log.statemachine.data.sync = true (default)
2023-10-17 18:44:25,098 [om1-impl-thread1] INFO  server.RaftServerConfigKeys (ConfUtils.java:logGet(46)) - raft.server.log.statemachine.data.sync.timeout = 10s (default)
2023-10-17 18:44:25,099 [om1-impl-thread1] INFO  server.RaftServerConfigKeys (ConfUtils.java:logGet(46)) - raft.server.log.statemachine.data.sync.timeout.retry = -1 (default)
2023-10-17 18:44:25,099 [om1-impl-thread1] INFO  server.RaftServerConfigKeys (ConfUtils.java:logGet(46)) - raft.server.log.write.buffer.size = 64KB (=65536) (default)
2023-10-17 18:44:25,099 [om1-impl-thread1] INFO  server.RaftServerConfigKeys (ConfUtils.java:logGet(46)) - raft.server.log.appender.buffer.byte-limit = 33554432 (custom)
2023-10-17 18:44:25,105 [om1-impl-thread1] INFO  server.RaftServerConfigKeys (ConfUtils.java:logGet(46)) - raft.server.log.unsafe-flush.enabled = false (default)
2023-10-17 18:44:25,105 [om1-impl-thread1] INFO  server.RaftServerConfigKeys (ConfUtils.java:logGet(46)) - raft.server.log.async-flush.enabled = false (default)
2023-10-17 18:44:25,105 [om1-impl-thread1] INFO  server.RaftServerConfigKeys (ConfUtils.java:logGet(46)) - raft.server.log.statemachine.data.caching.enabled = false (default)
2023-10-17 18:44:25,106 [om1-impl-thread1] INFO  segmented.SegmentedRaftLogWorker (SegmentedRaftLogWorker.java:lambda$new$0(135)) - om1@group-C5BA1605619E-SegmentedRaftLogWorker: flushIndex: setUnconditionally 0 -> -1
2023-10-17 18:44:25,106 [om1-impl-thread1] INFO  segmented.SegmentedRaftLogWorker (SegmentedRaftLogWorker.java:lambda$new$0(135)) - om1@group-C5BA1605619E-SegmentedRaftLogWorker: safeCacheEvictIndex: setUnconditionally 0 -> -1
2023-10-17 18:44:25,107 [om1-impl-thread1] INFO  server.RaftServer$Division (RaftServerImpl.java:start(342)) - om1@group-C5BA1605619E: start as a follower, conf=-1: peers:[om1|rpc:localhost:15111|priority:0|startupRole:FOLLOWER]|listeners:[], old=null
2023-10-17 18:44:25,107 [om1-impl-thread1] INFO  server.RaftServer$Division (RaftServerImpl.java:setRole(329)) - om1@group-C5BA1605619E: changes role from      null to FOLLOWER at term 0 for startAsFollower
2023-10-17 18:44:25,107 [om1-impl-thread1] INFO  impl.RoleInfo (RoleInfo.java:updateAndGet(139)) - om1: start om1@group-C5BA1605619E-FollowerState
2023-10-17 18:44:25,109 [om1-impl-thread1] INFO  util.JmxRegister (JmxRegister.java:tryRegister(44)) - Successfully registered JMX Bean with object name Ratis:service=RaftServer,group=group-C5BA1605619E,id=om1
2023-10-17 18:44:25,110 [om1-impl-thread1] INFO  server.RaftServerConfigKeys (ConfUtils.java:logGet(46)) - raft.server.snapshot.auto.trigger.enabled = true (custom)
2023-10-17 18:44:25,110 [om1-impl-thread1] INFO  server.RaftServerConfigKeys (ConfUtils.java:logGet(46)) - raft.server.snapshot.auto.trigger.threshold = 400000 (default)
2023-10-17 18:44:25,110 [om1-impl-thread1] INFO  server.RaftServerConfigKeys (ConfUtils.java:logGet(46)) - raft.server.snapshot.retention.file.num = -1 (default)
2023-10-17 18:44:25,110 [om1-impl-thread1] INFO  server.RaftServerConfigKeys (ConfUtils.java:logGet(46)) - raft.server.log.purge.upto.snapshot.index = true (custom)
2023-10-17 18:44:25,115 [Time-limited test] INFO  server.RaftServer (RaftServerProxy.java:startImpl(400)) - om1: start RPC server
2023-10-17 18:44:25,115 [om1@group-C5BA1605619E-FollowerState] INFO  server.RaftServerConfigKeys (ConfUtils.java:logFallback(53)) - raft.server.rpc.first-election.timeout.min = 1s (fallback to raft.server.rpc.timeout.min)
2023-10-17 18:44:25,116 [om1@group-C5BA1605619E-FollowerState] INFO  server.RaftServerConfigKeys (ConfUtils.java:logFallback(53)) - raft.server.rpc.first-election.timeout.max = 1200ms (fallback to raft.server.rpc.timeout.max)
2023-10-17 18:44:25,121 [Time-limited test] INFO  server.GrpcService (GrpcService.java:startImpl(302)) - om1: GrpcService started, listening on 15111
2023-10-17 18:44:25,124 [Time-limited test] INFO  om.OzoneManager (OzoneManager.java:start(1651)) - Version File has different layout version (6) than OM DB (null). That is expected if this OM has never been finalized to a newer layout version.
2023-10-17 18:44:25,126 [JvmPauseMonitor18] INFO  util.JvmPauseMonitor (JvmPauseMonitor.java:run(103)) - JvmPauseMonitor-om1: Started
2023-10-17 18:44:25,138 [Time-limited test] INFO  http.BaseHttpServer (BaseHttpServer.java:newHttpServer2BuilderForOzone(223)) - Starting Web-server for ozoneManager at: http://0.0.0.0:15109
2023-10-17 18:44:25,138 [Time-limited test] INFO  http.BaseHttpServer (BaseHttpServer.java:<init>(110)) - Hadoop Security Enabled: false Ozone Security Enabled: false Ozone HTTP Security Enabled: false 
2023-10-17 18:44:25,140 [Time-limited test] WARN  server.AuthenticationFilter (AuthenticationFilter.java:constructSecretProvider(240)) - Unable to initialize FileSignerSecretProvider, falling back to use random secrets. Reason: Could not read signature secret file: /home/runner/hadoop-http-auth-signature-secret
2023-10-17 18:44:25,142 [Time-limited test] INFO  http.HttpRequestLog (HttpRequestLog.java:getRequestLog(86)) - Http request log for http.requests.ozoneManager is not defined
2023-10-17 18:44:25,144 [Time-limited test] INFO  http.HttpServer2 (HttpServer2.java:addGlobalFilter(1031)) - Added global filter 'safety' (class=org.apache.hadoop.hdds.server.http.HttpServer2$QuotingInputFilter)
2023-10-17 18:44:25,145 [Time-limited test] INFO  http.HttpServer2 (HttpServer2.java:addFilter(1007)) - Added filter static_user_filter (class=org.apache.hadoop.http.lib.StaticUserWebFilter$StaticUserFilter) to context ozoneManager
2023-10-17 18:44:25,145 [Time-limited test] INFO  http.HttpServer2 (HttpServer2.java:addFilter(1015)) - Added filter static_user_filter (class=org.apache.hadoop.http.lib.StaticUserWebFilter$StaticUserFilter) to context logs
2023-10-17 18:44:25,145 [Time-limited test] INFO  http.HttpServer2 (HttpServer2.java:addFilter(1015)) - Added filter static_user_filter (class=org.apache.hadoop.http.lib.StaticUserWebFilter$StaticUserFilter) to context static
2023-10-17 18:44:25,145 [Time-limited test] INFO  http.BaseHttpServer (BaseHttpServer.java:<init>(189)) - HTTP server of ozoneManager uses base directory /home/runner/work/ozone/ozone/hadoop-ozone/integration-test/target/test-dir/MiniOzoneClusterImpl-ee380501-c2be-4155-a337-7349f62bd525/ozone-meta/webserver
2023-10-17 18:44:25,146 [Time-limited test] INFO  http.HttpServer2 (HttpServer2.java:bindListener(1231)) - Jetty bound to port 15109
2023-10-17 18:44:25,146 [Time-limited test] INFO  server.Server (Server.java:doStart(375)) - jetty-9.4.53.v20231009; built: 2023-10-09T12:29:09.265Z; git: 27bde00a0b95a1d5bbee0eae7984f891d2d0f8c9; jvm 1.8.0_382-b05
2023-10-17 18:44:25,152 [Time-limited test] INFO  server.session (DefaultSessionIdManager.java:doStart(334)) - DefaultSessionIdManager workerName=node0
2023-10-17 18:44:25,152 [Time-limited test] INFO  server.session (DefaultSessionIdManager.java:doStart(339)) - No SessionScavenger set, using defaults
2023-10-17 18:44:25,152 [Time-limited test] INFO  server.session (HouseKeeper.java:startScavenging(132)) - node0 Scavenging every 660000ms
2023-10-17 18:44:25,153 [Time-limited test] INFO  handler.ContextHandler (ContextHandler.java:doStart(921)) - Started o.e.j.s.ServletContextHandler@5f0a28ff{logs,/logs,file:///home/runner/work/ozone/ozone/hadoop-ozone/integration-test/target/log,AVAILABLE}
2023-10-17 18:44:25,153 [Time-limited test] INFO  handler.ContextHandler (ContextHandler.java:doStart(921)) - Started o.e.j.s.ServletContextHandler@1de461dc{static,/static,file:///home/runner/work/ozone/ozone/hadoop-ozone/integration-test/target/test-classes/webapps/static,AVAILABLE}
2023-10-17 18:44:25,160 [Time-limited test] INFO  handler.ContextHandler (ContextHandler.java:doStart(921)) - Started o.e.j.w.WebAppContext@684c6540{ozoneManager,/,file:///home/runner/work/ozone/ozone/hadoop-ozone/integration-test/target/test-classes/webapps/ozoneManager/,AVAILABLE}{file:/home/runner/work/ozone/ozone/hadoop-ozone/integration-test/target/test-classes/webapps/ozoneManager}
2023-10-17 18:44:25,163 [Time-limited test] INFO  server.AbstractConnector (AbstractConnector.java:doStart(333)) - Started ServerConnector@3c9841f8{HTTP/1.1, (http/1.1)}{0.0.0.0:15109}
2023-10-17 18:44:25,163 [Time-limited test] INFO  server.Server (Server.java:doStart(415)) - Started @125877ms
2023-10-17 18:44:25,163 [Time-limited test] WARN  impl.MetricsSystemImpl (MetricsSystemImpl.java:register(279)) - Sink prometheus already exists!
2023-10-17 18:44:25,164 [Time-limited test] INFO  http.BaseHttpServer (BaseHttpServer.java:updateConnectorAddress(354)) - HTTP server of ozoneManager listening at http://0.0.0.0:15109
2023-10-17 18:44:25,170 [IPC Server Responder] INFO  ipc.Server (Server.java:run(1562)) - IPC Server Responder: starting
2023-10-17 18:44:25,172 [IPC Server listener on 15108] INFO  ipc.Server (Server.java:run(1402)) - IPC Server listener on 15108: starting
2023-10-17 18:44:25,184 [Time-limited test] INFO  om.OzoneManager (OzoneManager.java:startTrashEmptier(2100)) - Trash Interval set to 0. Files deleted won't move to trash
2023-10-17 18:44:25,226 [Time-limited test] WARN  impl.MetricRegistriesImpl (MetricRegistriesImpl.java:addReporterRegistration(111)) - New reporters are added after registries were created. Some metrics will be missing from the reporter. Please add reporter before adding any new registry.
2023-10-17 18:44:25,226 [Time-limited test] WARN  impl.MetricRegistriesImpl (MetricRegistriesImpl.java:addReporterRegistration(111)) - New reporters are added after registries were created. Some metrics will be missing from the reporter. Please add reporter before adding any new registry.
2023-10-17 18:44:25,226 [Time-limited test] INFO  impl.MetricsSystemImpl (MetricsSystemImpl.java:init(158)) - HddsDatanode metrics system started (again)
2023-10-17 18:44:25,250 [Time-limited test] INFO  ozone.HddsDatanodeService (HddsDatanodeService.java:start(240)) - HddsDatanodeService host:fv-az189-115 ip:10.1.0.25
2023-10-17 18:44:25,294 [Time-limited test] INFO  upgrade.AbstractLayoutVersionManager (AbstractLayoutVersionManager.java:init(83)) - Initializing Layout version manager with metadata layout = HADOOP_PRC_PORTS_IN_DATANODEDETAILS (version = 7), software layout = HADOOP_PRC_PORTS_IN_DATANODEDETAILS (version = 7)
2023-10-17 18:44:25,299 [Time-limited test] INFO  statemachine.DatanodeStateMachine (DatanodeStateMachine.java:getEndPointTaskThreadPoolSize(290)) - Datanode State Machine Task Thread Pool size 2
2023-10-17 18:44:25,309 [Time-limited test] INFO  volume.HddsVolume (HddsVolume.java:<init>(126)) - Creating HddsVolume: /home/runner/work/ozone/ozone/hadoop-ozone/integration-test/target/test-dir/MiniOzoneClusterImpl-ee380501-c2be-4155-a337-7349f62bd525/datanode-0/data-0/containers/hdds of storage type : DISK capacity : 9223372036854775807
2023-10-17 18:44:25,310 [Time-limited test] INFO  volume.MutableVolumeSet (MutableVolumeSet.java:initializeVolumeSet(173)) - Added Volume : /home/runner/work/ozone/ozone/hadoop-ozone/integration-test/target/test-dir/MiniOzoneClusterImpl-ee380501-c2be-4155-a337-7349f62bd525/datanode-0/data-0/containers/hdds to VolumeSet
2023-10-17 18:44:25,313 [Time-limited test] INFO  volume.MutableVolumeSet (MutableVolumeSet.java:initializeVolumeSet(173)) - Added Volume : /home/runner/work/ozone/ozone/hadoop-ozone/integration-test/target/test-dir/MiniOzoneClusterImpl-ee380501-c2be-4155-a337-7349f62bd525/datanode-0/data/ratis to VolumeSet
2023-10-17 18:44:25,318 [Thread-1738] INFO  ozoneimpl.ContainerReader (ContainerReader.java:readVolume(177)) - Finish verifying containers on volume /home/runner/work/ozone/ozone/hadoop-ozone/integration-test/target/test-dir/MiniOzoneClusterImpl-ee380501-c2be-4155-a337-7349f62bd525/datanode-0/data-0/containers/hdds
2023-10-17 18:44:25,318 [Time-limited test] INFO  ozoneimpl.OzoneContainer (OzoneContainer.java:buildContainerSet(316)) - Build ContainerSet costs 0s
2023-10-17 18:44:25,324 [Time-limited test] INFO  server.RaftServer (ConfUtils.java:logGet(46)) - raft.rpc.type = GRPC (default)
2023-10-17 18:44:25,325 [Time-limited test] INFO  grpc.GrpcConfigKeys (ConfUtils.java:logFallback(53)) - raft.grpc.admin.host = null (fallback to raft.grpc.server.host)
2023-10-17 18:44:25,325 [Time-limited test] INFO  grpc.GrpcConfigKeys (ConfUtils.java:logGet(46)) - raft.grpc.admin.port = 15117 (custom)
2023-10-17 18:44:25,325 [Time-limited test] INFO  grpc.GrpcConfigKeys (ConfUtils.java:logFallback(53)) - raft.grpc.client.host = null (fallback to raft.grpc.server.host)
2023-10-17 18:44:25,325 [Time-limited test] INFO  grpc.GrpcConfigKeys (ConfUtils.java:logGet(46)) - raft.grpc.client.port = 15116 (custom)
2023-10-17 18:44:25,325 [Time-limited test] INFO  grpc.GrpcConfigKeys (ConfUtils.java:logGet(46)) - raft.grpc.server.host = null (default)
2023-10-17 18:44:25,325 [Time-limited test] INFO  grpc.GrpcConfigKeys (ConfUtils.java:logGet(46)) - raft.grpc.server.port = 15118 (custom)
2023-10-17 18:44:25,326 [Time-limited test] INFO  server.GrpcService (ConfUtils.java:logGet(46)) - raft.grpc.message.size.max = 32MB (=33554432) (custom)
2023-10-17 18:44:25,326 [Time-limited test] INFO  server.RaftServerConfigKeys (ConfUtils.java:logGet(46)) - raft.server.log.appender.buffer.byte-limit = 33554432 (custom)
2023-10-17 18:44:25,326 [Time-limited test] INFO  server.GrpcService (ConfUtils.java:logGet(46)) - raft.grpc.flow.control.window = 5MB (=5242880) (custom)
2023-10-17 18:44:25,327 [Time-limited test] INFO  server.RaftServerConfigKeys (ConfUtils.java:logGet(46)) - raft.server.rpc.request.timeout = 60s (custom)
2023-10-17 18:44:25,327 [Time-limited test] INFO  grpc.GrpcConfigKeys (ConfUtils.java:logGet(46)) - raft.grpc.server.heartbeat.channel = true (default)
2023-10-17 18:44:25,327 [Time-limited test] INFO  grpc.GrpcConfigKeys (ConfUtils.java:logGet(46)) - raft.grpc.server.async.request.thread.pool.cached = true (default)
2023-10-17 18:44:25,327 [Time-limited test] INFO  grpc.GrpcConfigKeys (ConfUtils.java:logGet(46)) - raft.grpc.server.async.request.thread.pool.size = 32 (default)
2023-10-17 18:44:25,333 [Time-limited test] INFO  impl.DataStreamServerImpl (ConfUtils.java:logGet(46)) - raft.datastream.type = NETTY (custom)
2023-10-17 18:44:25,333 [Time-limited test] INFO  server.RaftServerConfigKeys (ConfUtils.java:logGet(46)) - raft.server.data-stream.async.request.thread.pool.cached = false (default)
2023-10-17 18:44:25,333 [Time-limited test] INFO  server.RaftServerConfigKeys (ConfUtils.java:logGet(46)) - raft.server.data-stream.async.request.thread.pool.size = 20 (custom)
2023-10-17 18:44:25,334 [Time-limited test] INFO  server.RaftServerConfigKeys (ConfUtils.java:logGet(46)) - raft.server.data-stream.async.write.thread.pool.size = 16 (default)
2023-10-17 18:44:25,334 [Time-limited test] INFO  server.RaftServerConfigKeys (ConfUtils.java:logGet(46)) - raft.server.data-stream.client.pool.size = 10 (default)
2023-10-17 18:44:25,335 [Time-limited test] INFO  netty.NettyConfigKeys$DataStream (ConfUtils.java:logGet(46)) - raft.netty.dataStream.server.use-epoll = false (default)
2023-10-17 18:44:25,335 [Time-limited test] INFO  netty.NettyConfigKeys$DataStream (ConfUtils.java:logGet(46)) - raft.netty.dataStream.server.boss-group.size = 0 (default)
2023-10-17 18:44:25,335 [Time-limited test] INFO  netty.NettyConfigKeys$DataStream (ConfUtils.java:logGet(46)) - raft.netty.dataStream.server.worker-group.size = 0 (default)
2023-10-17 18:44:25,336 [Time-limited test] INFO  netty.NettyConfigKeys$DataStream (ConfUtils.java:logGet(46)) - raft.netty.dataStream.server.tls.conf = null (default)
2023-10-17 18:44:25,336 [Time-limited test] INFO  netty.NettyConfigKeys$DataStream (ConfUtils.java:logGet(46)) - raft.netty.dataStream.host = null (default)
2023-10-17 18:44:25,337 [Time-limited test] INFO  netty.NettyConfigKeys$DataStream (ConfUtils.java:logGet(46)) - raft.netty.dataStream.port = 15119 (custom)
2023-10-17 18:44:25,342 [Time-limited test] INFO  server.RaftServerConfigKeys (ConfUtils.java:logGet(46)) - raft.server.threadpool.proxy.cached = true (default)
2023-10-17 18:44:25,342 [Time-limited test] INFO  server.RaftServerConfigKeys (ConfUtils.java:logGet(46)) - raft.server.threadpool.proxy.size = 0 (default)
2023-10-17 18:44:25,342 [Time-limited test] INFO  server.RaftServerConfigKeys (ConfUtils.java:logGet(46)) - raft.server.rpc.slowness.timeout = 300s (custom)
2023-10-17 18:44:25,342 [Time-limited test] INFO  server.RaftServerConfigKeys (ConfUtils.java:logGet(46)) - raft.server.leaderelection.leader.step-down.wait-time = 10s (default)
2023-10-17 18:44:25,343 [Time-limited test] INFO  server.RaftServerConfigKeys (ConfUtils.java:logGet(46)) - raft.server.storage.dir = [/home/runner/work/ozone/ozone/hadoop-ozone/integration-test/target/test-dir/MiniOzoneClusterImpl-ee380501-c2be-4155-a337-7349f62bd525/datanode-0/data/ratis] (custom)
2023-10-17 18:44:25,346 [a85aac02-e1fe-4dbf-b118-7fecf770eb80-impl-thread1] INFO  server.RaftServer (RaftServerProxy.java:initGroupDir(258)) - a85aac02-e1fe-4dbf-b118-7fecf770eb80: found a subdirectory /home/runner/work/ozone/ozone/hadoop-ozone/integration-test/target/test-dir/MiniOzoneClusterImpl-ee380501-c2be-4155-a337-7349f62bd525/datanode-0/data/ratis/tmp
2023-10-17 18:44:25,346 [a85aac02-e1fe-4dbf-b118-7fecf770eb80-impl-thread1] INFO  server.RaftServer (RaftServerProxy.java:initGroupDir(263)) - a85aac02-e1fe-4dbf-b118-7fecf770eb80: The directory /home/runner/work/ozone/ozone/hadoop-ozone/integration-test/target/test-dir/MiniOzoneClusterImpl-ee380501-c2be-4155-a337-7349f62bd525/datanode-0/data/ratis/tmp is not a group directory; ignoring it. 
2023-10-17 18:44:25,347 [Time-limited test] INFO  replication.ReplicationServer (ReplicationServer.java:<init>(83)) - Initializing replication server with thread count = 10 queue length = 4096
2023-10-17 18:44:25,347 [a85aac02-e1fe-4dbf-b118-7fecf770eb80-NettyServerStreamRpc-bossGroup--thread1] INFO  logging.LoggingHandler (AbstractInternalLogger.java:log(148)) - [id: 0xcc08d5b0] REGISTERED
2023-10-17 18:44:25,347 [a85aac02-e1fe-4dbf-b118-7fecf770eb80-NettyServerStreamRpc-bossGroup--thread1] INFO  logging.LoggingHandler (AbstractInternalLogger.java:log(148)) - [id: 0xcc08d5b0] BIND: 0.0.0.0/0.0.0.0:15119
2023-10-17 18:44:25,347 [a85aac02-e1fe-4dbf-b118-7fecf770eb80-NettyServerStreamRpc-bossGroup--thread1] INFO  logging.LoggingHandler (AbstractInternalLogger.java:log(148)) - [id: 0xcc08d5b0, L:/0:0:0:0:0:0:0:0:15119] ACTIVE
2023-10-17 18:44:25,348 [Time-limited test] INFO  server.XceiverServerGrpc (XceiverServerGrpc.java:<init>(132)) - GrpcServer channel type EpollServerSocketChannel
2023-10-17 18:44:25,350 [Time-limited test] INFO  replication.ReplicationSupervisor (ReplicationSupervisor.java:build(155)) - Initializing replication supervisor with thread count = 10
2023-10-17 18:44:25,352 [Time-limited test] INFO  replication.ReplicationSupervisor (ReplicationSupervisor.java:nodeStateUpdated(307)) - Node state updated to IN_SERVICE, scaling executor pool size to 10
2023-10-17 18:44:25,360 [Time-limited test] INFO  http.BaseHttpServer (BaseHttpServer.java:newHttpServer2BuilderForOzone(223)) - Starting Web-server for hddsDatanode at: http://0.0.0.0:15113
2023-10-17 18:44:25,360 [Time-limited test] INFO  http.BaseHttpServer (BaseHttpServer.java:<init>(110)) - Hadoop Security Enabled: false Ozone Security Enabled: false Ozone HTTP Security Enabled: false 
2023-10-17 18:44:25,362 [Time-limited test] WARN  server.AuthenticationFilter (AuthenticationFilter.java:constructSecretProvider(240)) - Unable to initialize FileSignerSecretProvider, falling back to use random secrets. Reason: Could not read signature secret file: /home/runner/hadoop-http-auth-signature-secret
2023-10-17 18:44:25,365 [Time-limited test] INFO  http.HttpRequestLog (HttpRequestLog.java:getRequestLog(86)) - Http request log for http.requests.hddsDatanode is not defined
2023-10-17 18:44:25,367 [Time-limited test] INFO  http.HttpServer2 (HttpServer2.java:addGlobalFilter(1031)) - Added global filter 'safety' (class=org.apache.hadoop.hdds.server.http.HttpServer2$QuotingInputFilter)
2023-10-17 18:44:25,370 [Time-limited test] INFO  http.HttpServer2 (HttpServer2.java:addFilter(1007)) - Added filter static_user_filter (class=org.apache.hadoop.http.lib.StaticUserWebFilter$StaticUserFilter) to context hddsDatanode
2023-10-17 18:44:25,371 [Time-limited test] INFO  http.HttpServer2 (HttpServer2.java:addFilter(1015)) - Added filter static_user_filter (class=org.apache.hadoop.http.lib.StaticUserWebFilter$StaticUserFilter) to context static
2023-10-17 18:44:25,371 [Time-limited test] INFO  http.HttpServer2 (HttpServer2.java:addFilter(1015)) - Added filter static_user_filter (class=org.apache.hadoop.http.lib.StaticUserWebFilter$StaticUserFilter) to context logs
2023-10-17 18:44:25,372 [Time-limited test] INFO  http.BaseHttpServer (BaseHttpServer.java:<init>(189)) - HTTP server of hddsDatanode uses base directory /home/runner/work/ozone/ozone/hadoop-ozone/integration-test/target/test-dir/MiniOzoneClusterImpl-ee380501-c2be-4155-a337-7349f62bd525/datanode-0/meta/webserver
2023-10-17 18:44:25,372 [Time-limited test] INFO  http.HttpServer2 (HttpServer2.java:bindListener(1231)) - Jetty bound to port 15113
2023-10-17 18:44:25,373 [Time-limited test] INFO  server.Server (Server.java:doStart(375)) - jetty-9.4.53.v20231009; built: 2023-10-09T12:29:09.265Z; git: 27bde00a0b95a1d5bbee0eae7984f891d2d0f8c9; jvm 1.8.0_382-b05
2023-10-17 18:44:25,376 [Time-limited test] INFO  server.session (DefaultSessionIdManager.java:doStart(334)) - DefaultSessionIdManager workerName=node0
2023-10-17 18:44:25,376 [Time-limited test] INFO  server.session (DefaultSessionIdManager.java:doStart(339)) - No SessionScavenger set, using defaults
2023-10-17 18:44:25,378 [Time-limited test] INFO  server.session (HouseKeeper.java:startScavenging(132)) - node0 Scavenging every 660000ms
2023-10-17 18:44:25,379 [Time-limited test] INFO  handler.ContextHandler (ContextHandler.java:doStart(921)) - Started o.e.j.s.ServletContextHandler@6e6ef59b{logs,/logs,file:///home/runner/work/ozone/ozone/hadoop-ozone/integration-test/target/log,AVAILABLE}
2023-10-17 18:44:25,380 [Time-limited test] INFO  handler.ContextHandler (ContextHandler.java:doStart(921)) - Started o.e.j.s.ServletContextHandler@e69032d{static,/static,jar:file:/home/runner/.m2/repository/org/apache/ozone/hdds-container-service/1.4.0-SNAPSHOT/hdds-container-service-1.4.0-SNAPSHOT.jar!/webapps/static,AVAILABLE}
2023-10-17 18:44:25,612 [Time-limited test] INFO  handler.ContextHandler (ContextHandler.java:doStart(921)) - Started o.e.j.w.WebAppContext@6e91d8aa{hddsDatanode,/,file:///home/runner/work/ozone/ozone/hadoop-ozone/integration-test/target/test-dir/MiniOzoneClusterImpl-ee380501-c2be-4155-a337-7349f62bd525/datanode-0/meta/webserver/jetty-0_0_0_0-15113-hdds-container-service-1_4_0-SNAPSHOT_jar-_-any-5287757791979152798/webapp/,AVAILABLE}{jar:file:/home/runner/.m2/repository/org/apache/ozone/hdds-container-service/1.4.0-SNAPSHOT/hdds-container-service-1.4.0-SNAPSHOT.jar!/webapps/hddsDatanode}
2023-10-17 18:44:25,618 [Time-limited test] INFO  server.AbstractConnector (AbstractConnector.java:doStart(333)) - Started ServerConnector@6950da96{HTTP/1.1, (http/1.1)}{0.0.0.0:15113}
2023-10-17 18:44:25,618 [Time-limited test] INFO  server.Server (Server.java:doStart(415)) - Started @126333ms
2023-10-17 18:44:25,619 [Time-limited test] WARN  impl.MetricsSystemImpl (MetricsSystemImpl.java:register(279)) - Sink prometheus already exists!
2023-10-17 18:44:25,619 [Time-limited test] INFO  http.BaseHttpServer (BaseHttpServer.java:updateConnectorAddress(354)) - HTTP server of hddsDatanode listening at http://0.0.0.0:15113
2023-10-17 18:44:25,619 [Time-limited test] INFO  ipc.CallQueueManager (CallQueueManager.java:<init>(90)) - Using callQueue: class java.util.concurrent.LinkedBlockingQueue, queueCapacity: 100, scheduler: class org.apache.hadoop.ipc.DefaultRpcScheduler, ipcBackoff: false.
2023-10-17 18:44:25,620 [Time-limited test] INFO  ipc.Server (Server.java:<init>(1287)) - Listener at 0.0.0.0:15114
2023-10-17 18:44:25,622 [Socket Reader #1 for port 15114] INFO  ipc.Server (Server.java:run(1323)) - Starting Socket Reader #1 for port 15114
2023-10-17 18:44:25,629 [Time-limited test] INFO  ozone.HddsDatanodeService (HddsDatanodeService.java:start(325)) - Datanode start with admins: [runner]
2023-10-17 18:44:25,629 [Time-limited test] INFO  ozone.HddsDatanodeClientProtocolServer (HddsDatanodeClientProtocolServer.java:start(72)) - RPC server for Client /0.0.0.0:15114
2023-10-17 18:44:25,629 [IPC Server Responder] INFO  ipc.Server (Server.java:run(1562)) - IPC Server Responder: starting
2023-10-17 18:44:25,630 [IPC Server listener on 15114] INFO  ipc.Server (Server.java:run(1402)) - IPC Server listener on 15114: starting
2023-10-17 18:44:25,631 [Time-limited test] WARN  impl.MetricRegistriesImpl (MetricRegistriesImpl.java:addReporterRegistration(111)) - New reporters are added after registries were created. Some metrics will be missing from the reporter. Please add reporter before adding any new registry.
2023-10-17 18:44:25,631 [Time-limited test] WARN  impl.MetricRegistriesImpl (MetricRegistriesImpl.java:addReporterRegistration(111)) - New reporters are added after registries were created. Some metrics will be missing from the reporter. Please add reporter before adding any new registry.
2023-10-17 18:44:25,631 [Time-limited test] INFO  impl.MetricsSystemImpl (MetricsSystemImpl.java:init(158)) - HddsDatanode metrics system started (again)
2023-10-17 18:44:25,642 [Datanode State Machine Daemon Thread] INFO  statemachine.DatanodeStateMachine (DatanodeStateMachine.java:lambda$startDaemon$1(546)) - Ozone container server started.
2023-10-17 18:44:25,671 [Time-limited test] INFO  ozone.HddsDatanodeService (HddsDatanodeService.java:start(240)) - HddsDatanodeService host:fv-az189-115 ip:10.1.0.25
2023-10-17 18:44:25,684 [Datanode State Machine Task Thread - 0] INFO  datanode.InitDatanodeState (InitDatanodeState.java:persistContainerDatanodeDetails(138)) - DatanodeDetails is persisted to /home/runner/work/ozone/ozone/hadoop-ozone/integration-test/target/test-dir/MiniOzoneClusterImpl-ee380501-c2be-4155-a337-7349f62bd525/datanode-0/meta/datanode.id
2023-10-17 18:44:25,709 [Time-limited test] INFO  upgrade.AbstractLayoutVersionManager (AbstractLayoutVersionManager.java:init(83)) - Initializing Layout version manager with metadata layout = HADOOP_PRC_PORTS_IN_DATANODEDETAILS (version = 7), software layout = HADOOP_PRC_PORTS_IN_DATANODEDETAILS (version = 7)
2023-10-17 18:44:25,711 [Time-limited test] INFO  statemachine.DatanodeStateMachine (DatanodeStateMachine.java:getEndPointTaskThreadPoolSize(290)) - Datanode State Machine Task Thread Pool size 2
2023-10-17 18:44:25,716 [Time-limited test] INFO  volume.HddsVolume (HddsVolume.java:<init>(126)) - Creating HddsVolume: /home/runner/work/ozone/ozone/hadoop-ozone/integration-test/target/test-dir/MiniOzoneClusterImpl-ee380501-c2be-4155-a337-7349f62bd525/datanode-1/data-0/containers/hdds of storage type : DISK capacity : 9223372036854775807
2023-10-17 18:44:25,716 [Time-limited test] INFO  volume.MutableVolumeSet (MutableVolumeSet.java:initializeVolumeSet(173)) - Added Volume : /home/runner/work/ozone/ozone/hadoop-ozone/integration-test/target/test-dir/MiniOzoneClusterImpl-ee380501-c2be-4155-a337-7349f62bd525/datanode-1/data-0/containers/hdds to VolumeSet
2023-10-17 18:44:25,718 [Time-limited test] INFO  volume.MutableVolumeSet (MutableVolumeSet.java:initializeVolumeSet(173)) - Added Volume : /home/runner/work/ozone/ozone/hadoop-ozone/integration-test/target/test-dir/MiniOzoneClusterImpl-ee380501-c2be-4155-a337-7349f62bd525/datanode-1/data/ratis to VolumeSet
2023-10-17 18:44:25,722 [Thread-1755] INFO  ozoneimpl.ContainerReader (ContainerReader.java:readVolume(177)) - Finish verifying containers on volume /home/runner/work/ozone/ozone/hadoop-ozone/integration-test/target/test-dir/MiniOzoneClusterImpl-ee380501-c2be-4155-a337-7349f62bd525/datanode-1/data-0/containers/hdds
2023-10-17 18:44:25,722 [Time-limited test] INFO  ozoneimpl.OzoneContainer (OzoneContainer.java:buildContainerSet(316)) - Build ContainerSet costs 0s
2023-10-17 18:44:25,725 [Time-limited test] INFO  server.RaftServer (ConfUtils.java:logGet(46)) - raft.rpc.type = GRPC (default)
2023-10-17 18:44:25,725 [Time-limited test] INFO  grpc.GrpcConfigKeys (ConfUtils.java:logFallback(53)) - raft.grpc.admin.host = null (fallback to raft.grpc.server.host)
2023-10-17 18:44:25,725 [Time-limited test] INFO  grpc.GrpcConfigKeys (ConfUtils.java:logGet(46)) - raft.grpc.admin.port = 15126 (custom)
2023-10-17 18:44:25,726 [Time-limited test] INFO  grpc.GrpcConfigKeys (ConfUtils.java:logFallback(53)) - raft.grpc.client.host = null (fallback to raft.grpc.server.host)
2023-10-17 18:44:25,726 [Time-limited test] INFO  grpc.GrpcConfigKeys (ConfUtils.java:logGet(46)) - raft.grpc.client.port = 15125 (custom)
2023-10-17 18:44:25,726 [Time-limited test] INFO  grpc.GrpcConfigKeys (ConfUtils.java:logGet(46)) - raft.grpc.server.host = null (default)
2023-10-17 18:44:25,726 [Time-limited test] INFO  grpc.GrpcConfigKeys (ConfUtils.java:logGet(46)) - raft.grpc.server.port = 15127 (custom)
2023-10-17 18:44:25,726 [Time-limited test] INFO  server.GrpcService (ConfUtils.java:logGet(46)) - raft.grpc.message.size.max = 32MB (=33554432) (custom)
2023-10-17 18:44:25,726 [Time-limited test] INFO  server.RaftServerConfigKeys (ConfUtils.java:logGet(46)) - raft.server.log.appender.buffer.byte-limit = 33554432 (custom)
2023-10-17 18:44:25,726 [Time-limited test] INFO  server.GrpcService (ConfUtils.java:logGet(46)) - raft.grpc.flow.control.window = 5MB (=5242880) (custom)
2023-10-17 18:44:25,726 [Time-limited test] INFO  server.RaftServerConfigKeys (ConfUtils.java:logGet(46)) - raft.server.rpc.request.timeout = 60s (custom)
2023-10-17 18:44:25,726 [Time-limited test] INFO  grpc.GrpcConfigKeys (ConfUtils.java:logGet(46)) - raft.grpc.server.heartbeat.channel = true (default)
2023-10-17 18:44:25,726 [Time-limited test] INFO  grpc.GrpcConfigKeys (ConfUtils.java:logGet(46)) - raft.grpc.server.async.request.thread.pool.cached = true (default)
2023-10-17 18:44:25,727 [Time-limited test] INFO  grpc.GrpcConfigKeys (ConfUtils.java:logGet(46)) - raft.grpc.server.async.request.thread.pool.size = 32 (default)
2023-10-17 18:44:25,734 [Time-limited test] INFO  impl.DataStreamServerImpl (ConfUtils.java:logGet(46)) - raft.datastream.type = NETTY (custom)
2023-10-17 18:44:25,734 [Time-limited test] INFO  server.RaftServerConfigKeys (ConfUtils.java:logGet(46)) - raft.server.data-stream.async.request.thread.pool.cached = false (default)
2023-10-17 18:44:25,734 [Time-limited test] INFO  server.RaftServerConfigKeys (ConfUtils.java:logGet(46)) - raft.server.data-stream.async.request.thread.pool.size = 20 (custom)
2023-10-17 18:44:25,734 [Time-limited test] INFO  server.RaftServerConfigKeys (ConfUtils.java:logGet(46)) - raft.server.data-stream.async.write.thread.pool.size = 16 (default)
2023-10-17 18:44:25,734 [Time-limited test] INFO  server.RaftServerConfigKeys (ConfUtils.java:logGet(46)) - raft.server.data-stream.client.pool.size = 10 (default)
2023-10-17 18:44:25,734 [Time-limited test] INFO  netty.NettyConfigKeys$DataStream (ConfUtils.java:logGet(46)) - raft.netty.dataStream.server.use-epoll = false (default)
2023-10-17 18:44:25,734 [Time-limited test] INFO  netty.NettyConfigKeys$DataStream (ConfUtils.java:logGet(46)) - raft.netty.dataStream.server.boss-group.size = 0 (default)
2023-10-17 18:44:25,736 [Time-limited test] INFO  netty.NettyConfigKeys$DataStream (ConfUtils.java:logGet(46)) - raft.netty.dataStream.server.worker-group.size = 0 (default)
2023-10-17 18:44:25,736 [Time-limited test] INFO  netty.NettyConfigKeys$DataStream (ConfUtils.java:logGet(46)) - raft.netty.dataStream.server.tls.conf = null (default)
2023-10-17 18:44:25,736 [Time-limited test] INFO  netty.NettyConfigKeys$DataStream (ConfUtils.java:logGet(46)) - raft.netty.dataStream.host = null (default)
2023-10-17 18:44:25,736 [Time-limited test] INFO  netty.NettyConfigKeys$DataStream (ConfUtils.java:logGet(46)) - raft.netty.dataStream.port = 15128 (custom)
2023-10-17 18:44:25,738 [Time-limited test] INFO  server.RaftServerConfigKeys (ConfUtils.java:logGet(46)) - raft.server.threadpool.proxy.cached = true (default)
2023-10-17 18:44:25,738 [Time-limited test] INFO  server.RaftServerConfigKeys (ConfUtils.java:logGet(46)) - raft.server.threadpool.proxy.size = 0 (default)
2023-10-17 18:44:25,738 [Time-limited test] INFO  server.RaftServerConfigKeys (ConfUtils.java:logGet(46)) - raft.server.rpc.slowness.timeout = 300s (custom)
2023-10-17 18:44:25,738 [Time-limited test] INFO  server.RaftServerConfigKeys (ConfUtils.java:logGet(46)) - raft.server.leaderelection.leader.step-down.wait-time = 10s (default)
2023-10-17 18:44:25,738 [Time-limited test] INFO  server.RaftServerConfigKeys (ConfUtils.java:logGet(46)) - raft.server.storage.dir = [/home/runner/work/ozone/ozone/hadoop-ozone/integration-test/target/test-dir/MiniOzoneClusterImpl-ee380501-c2be-4155-a337-7349f62bd525/datanode-1/data/ratis] (custom)
2023-10-17 18:44:25,740 [cf2e4456-e6b9-4510-a7c5-b0bc85d367c9-NettyServerStreamRpc-bossGroup--thread1] INFO  logging.LoggingHandler (AbstractInternalLogger.java:log(148)) - [id: 0x5cb7784d] REGISTERED
2023-10-17 18:44:25,740 [cf2e4456-e6b9-4510-a7c5-b0bc85d367c9-NettyServerStreamRpc-bossGroup--thread1] INFO  logging.LoggingHandler (AbstractInternalLogger.java:log(148)) - [id: 0x5cb7784d] BIND: 0.0.0.0/0.0.0.0:15128
2023-10-17 18:44:25,741 [cf2e4456-e6b9-4510-a7c5-b0bc85d367c9-NettyServerStreamRpc-bossGroup--thread1] INFO  logging.LoggingHandler (AbstractInternalLogger.java:log(148)) - [id: 0x5cb7784d, L:/0:0:0:0:0:0:0:0:15128] ACTIVE
2023-10-17 18:44:25,743 [cf2e4456-e6b9-4510-a7c5-b0bc85d367c9-impl-thread1] INFO  server.RaftServer (RaftServerProxy.java:initGroupDir(258)) - cf2e4456-e6b9-4510-a7c5-b0bc85d367c9: found a subdirectory /home/runner/work/ozone/ozone/hadoop-ozone/integration-test/target/test-dir/MiniOzoneClusterImpl-ee380501-c2be-4155-a337-7349f62bd525/datanode-1/data/ratis/tmp
2023-10-17 18:44:25,744 [cf2e4456-e6b9-4510-a7c5-b0bc85d367c9-impl-thread1] INFO  server.RaftServer (RaftServerProxy.java:initGroupDir(263)) - cf2e4456-e6b9-4510-a7c5-b0bc85d367c9: The directory /home/runner/work/ozone/ozone/hadoop-ozone/integration-test/target/test-dir/MiniOzoneClusterImpl-ee380501-c2be-4155-a337-7349f62bd525/datanode-1/data/ratis/tmp is not a group directory; ignoring it. 
2023-10-17 18:44:25,744 [Time-limited test] INFO  replication.ReplicationServer (ReplicationServer.java:<init>(83)) - Initializing replication server with thread count = 10 queue length = 4096
2023-10-17 18:44:25,745 [Time-limited test] INFO  server.XceiverServerGrpc (XceiverServerGrpc.java:<init>(132)) - GrpcServer channel type EpollServerSocketChannel
2023-10-17 18:44:25,747 [Time-limited test] INFO  replication.ReplicationSupervisor (ReplicationSupervisor.java:build(155)) - Initializing replication supervisor with thread count = 10
2023-10-17 18:44:25,747 [Time-limited test] INFO  replication.ReplicationSupervisor (ReplicationSupervisor.java:nodeStateUpdated(307)) - Node state updated to IN_SERVICE, scaling executor pool size to 10
2023-10-17 18:44:25,756 [Time-limited test] INFO  http.BaseHttpServer (BaseHttpServer.java:newHttpServer2BuilderForOzone(223)) - Starting Web-server for hddsDatanode at: http://0.0.0.0:15122
2023-10-17 18:44:25,756 [Time-limited test] INFO  http.BaseHttpServer (BaseHttpServer.java:<init>(110)) - Hadoop Security Enabled: false Ozone Security Enabled: false Ozone HTTP Security Enabled: false 
2023-10-17 18:44:25,757 [Time-limited test] WARN  server.AuthenticationFilter (AuthenticationFilter.java:constructSecretProvider(240)) - Unable to initialize FileSignerSecretProvider, falling back to use random secrets. Reason: Could not read signature secret file: /home/runner/hadoop-http-auth-signature-secret
2023-10-17 18:44:25,762 [Time-limited test] INFO  http.HttpRequestLog (HttpRequestLog.java:getRequestLog(86)) - Http request log for http.requests.hddsDatanode is not defined
2023-10-17 18:44:25,763 [Time-limited test] INFO  http.HttpServer2 (HttpServer2.java:addGlobalFilter(1031)) - Added global filter 'safety' (class=org.apache.hadoop.hdds.server.http.HttpServer2$QuotingInputFilter)
2023-10-17 18:44:25,764 [Time-limited test] INFO  http.HttpServer2 (HttpServer2.java:addFilter(1007)) - Added filter static_user_filter (class=org.apache.hadoop.http.lib.StaticUserWebFilter$StaticUserFilter) to context hddsDatanode
2023-10-17 18:44:25,764 [Time-limited test] INFO  http.HttpServer2 (HttpServer2.java:addFilter(1015)) - Added filter static_user_filter (class=org.apache.hadoop.http.lib.StaticUserWebFilter$StaticUserFilter) to context logs
2023-10-17 18:44:25,764 [Time-limited test] INFO  http.HttpServer2 (HttpServer2.java:addFilter(1015)) - Added filter static_user_filter (class=org.apache.hadoop.http.lib.StaticUserWebFilter$StaticUserFilter) to context static
2023-10-17 18:44:25,764 [Time-limited test] INFO  http.BaseHttpServer (BaseHttpServer.java:<init>(189)) - HTTP server of hddsDatanode uses base directory /home/runner/work/ozone/ozone/hadoop-ozone/integration-test/target/test-dir/MiniOzoneClusterImpl-ee380501-c2be-4155-a337-7349f62bd525/datanode-1/meta/webserver
2023-10-17 18:44:25,765 [Time-limited test] INFO  http.HttpServer2 (HttpServer2.java:bindListener(1231)) - Jetty bound to port 15122
2023-10-17 18:44:25,765 [Time-limited test] INFO  server.Server (Server.java:doStart(375)) - jetty-9.4.53.v20231009; built: 2023-10-09T12:29:09.265Z; git: 27bde00a0b95a1d5bbee0eae7984f891d2d0f8c9; jvm 1.8.0_382-b05
2023-10-17 18:44:25,770 [Time-limited test] INFO  server.session (DefaultSessionIdManager.java:doStart(334)) - DefaultSessionIdManager workerName=node0
2023-10-17 18:44:25,770 [Time-limited test] INFO  server.session (DefaultSessionIdManager.java:doStart(339)) - No SessionScavenger set, using defaults
2023-10-17 18:44:25,770 [Time-limited test] INFO  server.session (HouseKeeper.java:startScavenging(132)) - node0 Scavenging every 660000ms
2023-10-17 18:44:25,772 [Time-limited test] INFO  handler.ContextHandler (ContextHandler.java:doStart(921)) - Started o.e.j.s.ServletContextHandler@609f8f1d{logs,/logs,file:///home/runner/work/ozone/ozone/hadoop-ozone/integration-test/target/log,AVAILABLE}
2023-10-17 18:44:25,772 [Time-limited test] INFO  handler.ContextHandler (ContextHandler.java:doStart(921)) - Started o.e.j.s.ServletContextHandler@40b7421c{static,/static,jar:file:/home/runner/.m2/repository/org/apache/ozone/hdds-container-service/1.4.0-SNAPSHOT/hdds-container-service-1.4.0-SNAPSHOT.jar!/webapps/static,AVAILABLE}
2023-10-17 18:44:25,977 [Time-limited test] INFO  handler.ContextHandler (ContextHandler.java:doStart(921)) - Started o.e.j.w.WebAppContext@b27aa3b{hddsDatanode,/,file:///home/runner/work/ozone/ozone/hadoop-ozone/integration-test/target/test-dir/MiniOzoneClusterImpl-ee380501-c2be-4155-a337-7349f62bd525/datanode-1/meta/webserver/jetty-0_0_0_0-15122-hdds-container-service-1_4_0-SNAPSHOT_jar-_-any-3952305917623811012/webapp/,AVAILABLE}{jar:file:/home/runner/.m2/repository/org/apache/ozone/hdds-container-service/1.4.0-SNAPSHOT/hdds-container-service-1.4.0-SNAPSHOT.jar!/webapps/hddsDatanode}
2023-10-17 18:44:25,983 [Time-limited test] INFO  server.AbstractConnector (AbstractConnector.java:doStart(333)) - Started ServerConnector@1a2ec2bd{HTTP/1.1, (http/1.1)}{0.0.0.0:15122}
2023-10-17 18:44:25,983 [Time-limited test] INFO  server.Server (Server.java:doStart(415)) - Started @126697ms
2023-10-17 18:44:25,983 [Time-limited test] WARN  impl.MetricsSystemImpl (MetricsSystemImpl.java:register(279)) - Sink prometheus already exists!
2023-10-17 18:44:25,984 [Time-limited test] INFO  http.BaseHttpServer (BaseHttpServer.java:updateConnectorAddress(354)) - HTTP server of hddsDatanode listening at http://0.0.0.0:15122
2023-10-17 18:44:25,984 [Time-limited test] INFO  ipc.CallQueueManager (CallQueueManager.java:<init>(90)) - Using callQueue: class java.util.concurrent.LinkedBlockingQueue, queueCapacity: 100, scheduler: class org.apache.hadoop.ipc.DefaultRpcScheduler, ipcBackoff: false.
2023-10-17 18:44:25,984 [Time-limited test] INFO  ipc.Server (Server.java:<init>(1287)) - Listener at 0.0.0.0:15123
2023-10-17 18:44:25,986 [Socket Reader #1 for port 15123] INFO  ipc.Server (Server.java:run(1323)) - Starting Socket Reader #1 for port 15123
2023-10-17 18:44:25,991 [Time-limited test] INFO  ozone.HddsDatanodeService (HddsDatanodeService.java:start(325)) - Datanode start with admins: [runner]
2023-10-17 18:44:25,992 [Time-limited test] INFO  ozone.HddsDatanodeClientProtocolServer (HddsDatanodeClientProtocolServer.java:start(72)) - RPC server for Client /0.0.0.0:15123
2023-10-17 18:44:25,994 [IPC Server Responder] INFO  ipc.Server (Server.java:run(1562)) - IPC Server Responder: starting
2023-10-17 18:44:25,994 [IPC Server listener on 15123] INFO  ipc.Server (Server.java:run(1402)) - IPC Server listener on 15123: starting
2023-10-17 18:44:25,995 [Time-limited test] WARN  impl.MetricRegistriesImpl (MetricRegistriesImpl.java:addReporterRegistration(111)) - New reporters are added after registries were created. Some metrics will be missing from the reporter. Please add reporter before adding any new registry.
2023-10-17 18:44:25,995 [Time-limited test] WARN  impl.MetricRegistriesImpl (MetricRegistriesImpl.java:addReporterRegistration(111)) - New reporters are added after registries were created. Some metrics will be missing from the reporter. Please add reporter before adding any new registry.
2023-10-17 18:44:25,995 [Time-limited test] INFO  impl.MetricsSystemImpl (MetricsSystemImpl.java:init(158)) - HddsDatanode metrics system started (again)
2023-10-17 18:44:26,004 [Datanode State Machine Daemon Thread] INFO  statemachine.DatanodeStateMachine (DatanodeStateMachine.java:lambda$startDaemon$1(546)) - Ozone container server started.
2023-10-17 18:44:26,021 [Time-limited test] INFO  ozone.HddsDatanodeService (HddsDatanodeService.java:start(240)) - HddsDatanodeService host:fv-az189-115 ip:10.1.0.25
2023-10-17 18:44:26,034 [Datanode State Machine Task Thread - 0] INFO  datanode.InitDatanodeState (InitDatanodeState.java:persistContainerDatanodeDetails(138)) - DatanodeDetails is persisted to /home/runner/work/ozone/ozone/hadoop-ozone/integration-test/target/test-dir/MiniOzoneClusterImpl-ee380501-c2be-4155-a337-7349f62bd525/datanode-1/meta/datanode.id
2023-10-17 18:44:26,060 [Time-limited test] INFO  upgrade.AbstractLayoutVersionManager (AbstractLayoutVersionManager.java:init(83)) - Initializing Layout version manager with metadata layout = HADOOP_PRC_PORTS_IN_DATANODEDETAILS (version = 7), software layout = HADOOP_PRC_PORTS_IN_DATANODEDETAILS (version = 7)
2023-10-17 18:44:26,062 [Time-limited test] INFO  statemachine.DatanodeStateMachine (DatanodeStateMachine.java:getEndPointTaskThreadPoolSize(290)) - Datanode State Machine Task Thread Pool size 2
2023-10-17 18:44:26,064 [Time-limited test] INFO  volume.HddsVolume (HddsVolume.java:<init>(126)) - Creating HddsVolume: /home/runner/work/ozone/ozone/hadoop-ozone/integration-test/target/test-dir/MiniOzoneClusterImpl-ee380501-c2be-4155-a337-7349f62bd525/datanode-2/data-0/containers/hdds of storage type : DISK capacity : 9223372036854775807
2023-10-17 18:44:26,065 [Time-limited test] INFO  volume.MutableVolumeSet (MutableVolumeSet.java:initializeVolumeSet(173)) - Added Volume : /home/runner/work/ozone/ozone/hadoop-ozone/integration-test/target/test-dir/MiniOzoneClusterImpl-ee380501-c2be-4155-a337-7349f62bd525/datanode-2/data-0/containers/hdds to VolumeSet
2023-10-17 18:44:26,067 [Time-limited test] INFO  volume.MutableVolumeSet (MutableVolumeSet.java:initializeVolumeSet(173)) - Added Volume : /home/runner/work/ozone/ozone/hadoop-ozone/integration-test/target/test-dir/MiniOzoneClusterImpl-ee380501-c2be-4155-a337-7349f62bd525/datanode-2/data/ratis to VolumeSet
2023-10-17 18:44:26,073 [Thread-1772] INFO  ozoneimpl.ContainerReader (ContainerReader.java:readVolume(177)) - Finish verifying containers on volume /home/runner/work/ozone/ozone/hadoop-ozone/integration-test/target/test-dir/MiniOzoneClusterImpl-ee380501-c2be-4155-a337-7349f62bd525/datanode-2/data-0/containers/hdds
2023-10-17 18:44:26,073 [Time-limited test] INFO  ozoneimpl.OzoneContainer (OzoneContainer.java:buildContainerSet(316)) - Build ContainerSet costs 0s
2023-10-17 18:44:26,077 [Time-limited test] INFO  server.RaftServer (ConfUtils.java:logGet(46)) - raft.rpc.type = GRPC (default)
2023-10-17 18:44:26,078 [Time-limited test] INFO  grpc.GrpcConfigKeys (ConfUtils.java:logFallback(53)) - raft.grpc.admin.host = null (fallback to raft.grpc.server.host)
2023-10-17 18:44:26,078 [Time-limited test] INFO  grpc.GrpcConfigKeys (ConfUtils.java:logGet(46)) - raft.grpc.admin.port = 15135 (custom)
2023-10-17 18:44:26,078 [Time-limited test] INFO  grpc.GrpcConfigKeys (ConfUtils.java:logFallback(53)) - raft.grpc.client.host = null (fallback to raft.grpc.server.host)
2023-10-17 18:44:26,079 [Time-limited test] INFO  grpc.GrpcConfigKeys (ConfUtils.java:logGet(46)) - raft.grpc.client.port = 15134 (custom)
2023-10-17 18:44:26,079 [Time-limited test] INFO  grpc.GrpcConfigKeys (ConfUtils.java:logGet(46)) - raft.grpc.server.host = null (default)
2023-10-17 18:44:26,079 [Time-limited test] INFO  grpc.GrpcConfigKeys (ConfUtils.java:logGet(46)) - raft.grpc.server.port = 15136 (custom)
2023-10-17 18:44:26,079 [Time-limited test] INFO  server.GrpcService (ConfUtils.java:logGet(46)) - raft.grpc.message.size.max = 32MB (=33554432) (custom)
2023-10-17 18:44:26,079 [Time-limited test] INFO  server.RaftServerConfigKeys (ConfUtils.java:logGet(46)) - raft.server.log.appender.buffer.byte-limit = 33554432 (custom)
2023-10-17 18:44:26,079 [Time-limited test] INFO  server.GrpcService (ConfUtils.java:logGet(46)) - raft.grpc.flow.control.window = 5MB (=5242880) (custom)
2023-10-17 18:44:26,079 [Time-limited test] INFO  server.RaftServerConfigKeys (ConfUtils.java:logGet(46)) - raft.server.rpc.request.timeout = 60s (custom)
2023-10-17 18:44:26,080 [Time-limited test] INFO  grpc.GrpcConfigKeys (ConfUtils.java:logGet(46)) - raft.grpc.server.heartbeat.channel = true (default)
2023-10-17 18:44:26,080 [Time-limited test] INFO  grpc.GrpcConfigKeys (ConfUtils.java:logGet(46)) - raft.grpc.server.async.request.thread.pool.cached = true (default)
2023-10-17 18:44:26,080 [Time-limited test] INFO  grpc.GrpcConfigKeys (ConfUtils.java:logGet(46)) - raft.grpc.server.async.request.thread.pool.size = 32 (default)
2023-10-17 18:44:26,085 [Time-limited test] INFO  impl.DataStreamServerImpl (ConfUtils.java:logGet(46)) - raft.datastream.type = NETTY (custom)
2023-10-17 18:44:26,086 [Time-limited test] INFO  server.RaftServerConfigKeys (ConfUtils.java:logGet(46)) - raft.server.data-stream.async.request.thread.pool.cached = false (default)
2023-10-17 18:44:26,086 [Time-limited test] INFO  server.RaftServerConfigKeys (ConfUtils.java:logGet(46)) - raft.server.data-stream.async.request.thread.pool.size = 20 (custom)
2023-10-17 18:44:26,086 [Time-limited test] INFO  server.RaftServerConfigKeys (ConfUtils.java:logGet(46)) - raft.server.data-stream.async.write.thread.pool.size = 16 (default)
2023-10-17 18:44:26,086 [Time-limited test] INFO  server.RaftServerConfigKeys (ConfUtils.java:logGet(46)) - raft.server.data-stream.client.pool.size = 10 (default)
2023-10-17 18:44:26,086 [Time-limited test] INFO  netty.NettyConfigKeys$DataStream (ConfUtils.java:logGet(46)) - raft.netty.dataStream.server.use-epoll = false (default)
2023-10-17 18:44:26,086 [Time-limited test] INFO  netty.NettyConfigKeys$DataStream (ConfUtils.java:logGet(46)) - raft.netty.dataStream.server.boss-group.size = 0 (default)
2023-10-17 18:44:26,087 [Time-limited test] INFO  netty.NettyConfigKeys$DataStream (ConfUtils.java:logGet(46)) - raft.netty.dataStream.server.worker-group.size = 0 (default)
2023-10-17 18:44:26,087 [Time-limited test] INFO  netty.NettyConfigKeys$DataStream (ConfUtils.java:logGet(46)) - raft.netty.dataStream.server.tls.conf = null (default)
2023-10-17 18:44:26,087 [Time-limited test] INFO  netty.NettyConfigKeys$DataStream (ConfUtils.java:logGet(46)) - raft.netty.dataStream.host = null (default)
2023-10-17 18:44:26,087 [Time-limited test] INFO  netty.NettyConfigKeys$DataStream (ConfUtils.java:logGet(46)) - raft.netty.dataStream.port = 15137 (custom)
2023-10-17 18:44:26,087 [Time-limited test] INFO  server.RaftServerConfigKeys (ConfUtils.java:logGet(46)) - raft.server.threadpool.proxy.cached = true (default)
2023-10-17 18:44:26,088 [Time-limited test] INFO  server.RaftServerConfigKeys (ConfUtils.java:logGet(46)) - raft.server.threadpool.proxy.size = 0 (default)
2023-10-17 18:44:26,088 [Time-limited test] INFO  server.RaftServerConfigKeys (ConfUtils.java:logGet(46)) - raft.server.rpc.slowness.timeout = 300s (custom)
2023-10-17 18:44:26,088 [Time-limited test] INFO  server.RaftServerConfigKeys (ConfUtils.java:logGet(46)) - raft.server.leaderelection.leader.step-down.wait-time = 10s (default)
2023-10-17 18:44:26,088 [Time-limited test] INFO  server.RaftServerConfigKeys (ConfUtils.java:logGet(46)) - raft.server.storage.dir = [/home/runner/work/ozone/ozone/hadoop-ozone/integration-test/target/test-dir/MiniOzoneClusterImpl-ee380501-c2be-4155-a337-7349f62bd525/datanode-2/data/ratis] (custom)
2023-10-17 18:44:26,090 [e94707bc-ce25-43e7-a63d-a0dafb7f30ae-NettyServerStreamRpc-bossGroup--thread1] INFO  logging.LoggingHandler (AbstractInternalLogger.java:log(148)) - [id: 0xcdd8e3c0] REGISTERED
2023-10-17 18:44:26,090 [e94707bc-ce25-43e7-a63d-a0dafb7f30ae-impl-thread1] INFO  server.RaftServer (RaftServerProxy.java:initGroupDir(258)) - e94707bc-ce25-43e7-a63d-a0dafb7f30ae: found a subdirectory /home/runner/work/ozone/ozone/hadoop-ozone/integration-test/target/test-dir/MiniOzoneClusterImpl-ee380501-c2be-4155-a337-7349f62bd525/datanode-2/data/ratis/tmp
2023-10-17 18:44:26,090 [e94707bc-ce25-43e7-a63d-a0dafb7f30ae-NettyServerStreamRpc-bossGroup--thread1] INFO  logging.LoggingHandler (AbstractInternalLogger.java:log(148)) - [id: 0xcdd8e3c0] BIND: 0.0.0.0/0.0.0.0:15137
2023-10-17 18:44:26,091 [e94707bc-ce25-43e7-a63d-a0dafb7f30ae-NettyServerStreamRpc-bossGroup--thread1] INFO  logging.LoggingHandler (AbstractInternalLogger.java:log(148)) - [id: 0xcdd8e3c0, L:/0:0:0:0:0:0:0:0:15137] ACTIVE
2023-10-17 18:44:26,090 [e94707bc-ce25-43e7-a63d-a0dafb7f30ae-impl-thread1] INFO  server.RaftServer (RaftServerProxy.java:initGroupDir(263)) - e94707bc-ce25-43e7-a63d-a0dafb7f30ae: The directory /home/runner/work/ozone/ozone/hadoop-ozone/integration-test/target/test-dir/MiniOzoneClusterImpl-ee380501-c2be-4155-a337-7349f62bd525/datanode-2/data/ratis/tmp is not a group directory; ignoring it. 
2023-10-17 18:44:26,091 [Time-limited test] INFO  replication.ReplicationServer (ReplicationServer.java:<init>(83)) - Initializing replication server with thread count = 10 queue length = 4096
2023-10-17 18:44:26,092 [Time-limited test] INFO  server.XceiverServerGrpc (XceiverServerGrpc.java:<init>(132)) - GrpcServer channel type EpollServerSocketChannel
2023-10-17 18:44:26,094 [Time-limited test] INFO  replication.ReplicationSupervisor (ReplicationSupervisor.java:build(155)) - Initializing replication supervisor with thread count = 10
2023-10-17 18:44:26,094 [Time-limited test] INFO  replication.ReplicationSupervisor (ReplicationSupervisor.java:nodeStateUpdated(307)) - Node state updated to IN_SERVICE, scaling executor pool size to 10
2023-10-17 18:44:26,098 [Time-limited test] INFO  http.BaseHttpServer (BaseHttpServer.java:newHttpServer2BuilderForOzone(223)) - Starting Web-server for hddsDatanode at: http://0.0.0.0:15131
2023-10-17 18:44:26,099 [Time-limited test] INFO  http.BaseHttpServer (BaseHttpServer.java:<init>(110)) - Hadoop Security Enabled: false Ozone Security Enabled: false Ozone HTTP Security Enabled: false 
2023-10-17 18:44:26,100 [Time-limited test] WARN  server.AuthenticationFilter (AuthenticationFilter.java:constructSecretProvider(240)) - Unable to initialize FileSignerSecretProvider, falling back to use random secrets. Reason: Could not read signature secret file: /home/runner/hadoop-http-auth-signature-secret
2023-10-17 18:44:26,101 [Time-limited test] INFO  http.HttpRequestLog (HttpRequestLog.java:getRequestLog(86)) - Http request log for http.requests.hddsDatanode is not defined
2023-10-17 18:44:26,102 [Time-limited test] INFO  http.HttpServer2 (HttpServer2.java:addGlobalFilter(1031)) - Added global filter 'safety' (class=org.apache.hadoop.hdds.server.http.HttpServer2$QuotingInputFilter)
2023-10-17 18:44:26,103 [Time-limited test] INFO  http.HttpServer2 (HttpServer2.java:addFilter(1007)) - Added filter static_user_filter (class=org.apache.hadoop.http.lib.StaticUserWebFilter$StaticUserFilter) to context hddsDatanode
2023-10-17 18:44:26,103 [Time-limited test] INFO  http.HttpServer2 (HttpServer2.java:addFilter(1015)) - Added filter static_user_filter (class=org.apache.hadoop.http.lib.StaticUserWebFilter$StaticUserFilter) to context static
2023-10-17 18:44:26,103 [Time-limited test] INFO  http.HttpServer2 (HttpServer2.java:addFilter(1015)) - Added filter static_user_filter (class=org.apache.hadoop.http.lib.StaticUserWebFilter$StaticUserFilter) to context logs
2023-10-17 18:44:26,103 [Time-limited test] INFO  http.BaseHttpServer (BaseHttpServer.java:<init>(189)) - HTTP server of hddsDatanode uses base directory /home/runner/work/ozone/ozone/hadoop-ozone/integration-test/target/test-dir/MiniOzoneClusterImpl-ee380501-c2be-4155-a337-7349f62bd525/datanode-2/meta/webserver
2023-10-17 18:44:26,104 [Time-limited test] INFO  http.HttpServer2 (HttpServer2.java:bindListener(1231)) - Jetty bound to port 15131
2023-10-17 18:44:26,104 [Time-limited test] INFO  server.Server (Server.java:doStart(375)) - jetty-9.4.53.v20231009; built: 2023-10-09T12:29:09.265Z; git: 27bde00a0b95a1d5bbee0eae7984f891d2d0f8c9; jvm 1.8.0_382-b05
2023-10-17 18:44:26,114 [Time-limited test] INFO  server.session (DefaultSessionIdManager.java:doStart(334)) - DefaultSessionIdManager workerName=node0
2023-10-17 18:44:26,115 [Time-limited test] INFO  server.session (DefaultSessionIdManager.java:doStart(339)) - No SessionScavenger set, using defaults
2023-10-17 18:44:26,115 [Time-limited test] INFO  server.session (HouseKeeper.java:startScavenging(132)) - node0 Scavenging every 600000ms
2023-10-17 18:44:26,115 [Time-limited test] INFO  handler.ContextHandler (ContextHandler.java:doStart(921)) - Started o.e.j.s.ServletContextHandler@44db30c6{logs,/logs,file:///home/runner/work/ozone/ozone/hadoop-ozone/integration-test/target/log,AVAILABLE}
2023-10-17 18:44:26,116 [Time-limited test] INFO  handler.ContextHandler (ContextHandler.java:doStart(921)) - Started o.e.j.s.ServletContextHandler@69bb60c9{static,/static,jar:file:/home/runner/.m2/repository/org/apache/ozone/hdds-container-service/1.4.0-SNAPSHOT/hdds-container-service-1.4.0-SNAPSHOT.jar!/webapps/static,AVAILABLE}
2023-10-17 18:44:26,128 [om1@group-C5BA1605619E-FollowerState] INFO  impl.FollowerState (FollowerState.java:run(143)) - om1@group-C5BA1605619E-FollowerState: change to CANDIDATE, lastRpcElapsedTime:1020300637ns, electionTimeout:1012ms
2023-10-17 18:44:26,128 [om1@group-C5BA1605619E-FollowerState] INFO  impl.RoleInfo (RoleInfo.java:shutdownFollowerState(110)) - om1: shutdown om1@group-C5BA1605619E-FollowerState
2023-10-17 18:44:26,128 [om1@group-C5BA1605619E-FollowerState] INFO  server.RaftServer$Division (RaftServerImpl.java:setRole(329)) - om1@group-C5BA1605619E: changes role from  FOLLOWER to CANDIDATE at term 0 for changeToCandidate
2023-10-17 18:44:26,128 [om1@group-C5BA1605619E-FollowerState] INFO  server.RaftServerConfigKeys (ConfUtils.java:logGet(46)) - raft.server.leaderelection.pre-vote = true (default)
2023-10-17 18:44:26,128 [om1@group-C5BA1605619E-FollowerState] INFO  impl.RoleInfo (RoleInfo.java:updateAndGet(139)) - om1: start om1@group-C5BA1605619E-LeaderElection20
2023-10-17 18:44:26,137 [om1@group-C5BA1605619E-LeaderElection20] INFO  impl.LeaderElection (LeaderElection.java:askForVotes(321)) - om1@group-C5BA1605619E-LeaderElection20 PRE_VOTE round 0: submit vote requests at term 0 for -1: peers:[om1|rpc:localhost:15111|priority:0|startupRole:FOLLOWER]|listeners:[], old=null
2023-10-17 18:44:26,137 [om1@group-C5BA1605619E-LeaderElection20] INFO  impl.LeaderElection (LeaderElection.java:askForVotes(323)) - om1@group-C5BA1605619E-LeaderElection20 PRE_VOTE round 0: result PASSED (term=0)
2023-10-17 18:44:26,139 [om1@group-C5BA1605619E-LeaderElection20] INFO  impl.LeaderElection (LeaderElection.java:askForVotes(321)) - om1@group-C5BA1605619E-LeaderElection20 ELECTION round 0: submit vote requests at term 1 for -1: peers:[om1|rpc:localhost:15111|priority:0|startupRole:FOLLOWER]|listeners:[], old=null
2023-10-17 18:44:26,139 [om1@group-C5BA1605619E-LeaderElection20] INFO  impl.LeaderElection (LeaderElection.java:askForVotes(323)) - om1@group-C5BA1605619E-LeaderElection20 ELECTION round 0: result PASSED (term=1)
2023-10-17 18:44:26,139 [om1@group-C5BA1605619E-LeaderElection20] INFO  impl.RoleInfo (RoleInfo.java:shutdownLeaderElection(130)) - om1: shutdown om1@group-C5BA1605619E-LeaderElection20
2023-10-17 18:44:26,139 [om1@group-C5BA1605619E-LeaderElection20] INFO  server.RaftServer$Division (RaftServerImpl.java:setRole(329)) - om1@group-C5BA1605619E: changes role from CANDIDATE to LEADER at term 1 for changeToLeader
2023-10-17 18:44:26,140 [om1@group-C5BA1605619E-LeaderElection20] INFO  server.RaftServer$Division (ServerState.java:setLeader(317)) - om1@group-C5BA1605619E: change Leader from null to om1 at term 1 for becomeLeader, leader elected after 2387ms
2023-10-17 18:44:26,140 [om1@group-C5BA1605619E-LeaderElection20] INFO  server.RaftServerConfigKeys (ConfUtils.java:logGet(46)) - raft.server.staging.catchup.gap = 1000 (default)
2023-10-17 18:44:26,140 [om1@group-C5BA1605619E-LeaderElection20] INFO  server.RaftServerConfigKeys (ConfUtils.java:logGet(46)) - raft.server.write.element-limit = 4096 (default)
2023-10-17 18:44:26,140 [om1@group-C5BA1605619E-LeaderElection20] INFO  server.RaftServerConfigKeys (ConfUtils.java:logGet(46)) - raft.server.write.byte-limit = 64MB (=67108864) (default)
2023-10-17 18:44:26,140 [om1@group-C5BA1605619E-LeaderElection20] INFO  server.RaftServerConfigKeys (ConfUtils.java:logGet(46)) - raft.server.watch.timeout = 10s (default)
2023-10-17 18:44:26,140 [om1@group-C5BA1605619E-LeaderElection20] INFO  server.RaftServerConfigKeys (ConfUtils.java:logGet(46)) - raft.server.watch.timeout.denomination = 1s (default)
2023-10-17 18:44:26,140 [om1@group-C5BA1605619E-LeaderElection20] INFO  server.RaftServerConfigKeys (ConfUtils.java:logGet(46)) - raft.server.watch.element-limit = 65536 (default)
2023-10-17 18:44:26,140 [om1@group-C5BA1605619E-LeaderElection20] INFO  server.RaftServerConfigKeys (ConfUtils.java:logGet(46)) - raft.server.write.element-limit = 4096 (default)
2023-10-17 18:44:26,140 [om1@group-C5BA1605619E-LeaderElection20] INFO  server.RaftServerConfigKeys (ConfUtils.java:logGet(46)) - raft.server.write.follower.gap.ratio.max = -1.0 (default)
2023-10-17 18:44:26,141 [om1@group-C5BA1605619E-LeaderElection20] INFO  impl.RoleInfo (RoleInfo.java:updateAndGet(139)) - om1: start om1@group-C5BA1605619E-LeaderStateImpl
2023-10-17 18:44:26,141 [om1@group-C5BA1605619E-LeaderElection20] INFO  segmented.SegmentedRaftLogWorker (SegmentedRaftLogWorker.java:startLogSegment(447)) - om1@group-C5BA1605619E-SegmentedRaftLogWorker: Starting segment from index:0
2023-10-17 18:44:26,150 [om1@group-C5BA1605619E-LeaderElection20] INFO  server.RaftServer$Division (ServerState.java:setRaftConf(434)) - om1@group-C5BA1605619E: set configuration 0: peers:[om1|rpc:localhost:15111|admin:|client:|dataStream:|priority:0|startupRole:FOLLOWER]|listeners:[], old=null
2023-10-17 18:44:26,151 [om1@group-C5BA1605619E-SegmentedRaftLogWorker] INFO  segmented.SegmentedRaftLogWorker (SegmentedRaftLogWorker.java:execute(651)) - om1@group-C5BA1605619E-SegmentedRaftLogWorker: created new log segment /home/runner/work/ozone/ozone/hadoop-ozone/integration-test/target/test-dir/MiniOzoneClusterImpl-ee380501-c2be-4155-a337-7349f62bd525/ozone-meta/ratis/bf265839-605b-3f16-9796-c5ba1605619e/current/log_inprogress_0
2023-10-17 18:44:26,153 [om1@group-C5BA1605619E-StateMachineUpdater] INFO  ratis.OzoneManagerStateMachine (OzoneManagerStateMachine.java:notifyConfigurationChanged(202)) - Received Configuration change notification from Ratis. New Peer list:
[id: "om1"
address: "localhost:15111"
startupRole: FOLLOWER
]
2023-10-17 18:44:26,407 [Time-limited test] INFO  handler.ContextHandler (ContextHandler.java:doStart(921)) - Started o.e.j.w.WebAppContext@415e83da{hddsDatanode,/,file:///home/runner/work/ozone/ozone/hadoop-ozone/integration-test/target/test-dir/MiniOzoneClusterImpl-ee380501-c2be-4155-a337-7349f62bd525/datanode-2/meta/webserver/jetty-0_0_0_0-15131-hdds-container-service-1_4_0-SNAPSHOT_jar-_-any-2418993418071703836/webapp/,AVAILABLE}{jar:file:/home/runner/.m2/repository/org/apache/ozone/hdds-container-service/1.4.0-SNAPSHOT/hdds-container-service-1.4.0-SNAPSHOT.jar!/webapps/hddsDatanode}
2023-10-17 18:44:26,409 [Time-limited test] INFO  server.AbstractConnector (AbstractConnector.java:doStart(333)) - Started ServerConnector@4c6d059d{HTTP/1.1, (http/1.1)}{0.0.0.0:15131}
2023-10-17 18:44:26,409 [Time-limited test] INFO  server.Server (Server.java:doStart(415)) - Started @127123ms
2023-10-17 18:44:26,409 [Time-limited test] WARN  impl.MetricsSystemImpl (MetricsSystemImpl.java:register(279)) - Sink prometheus already exists!
2023-10-17 18:44:26,410 [Time-limited test] INFO  http.BaseHttpServer (BaseHttpServer.java:updateConnectorAddress(354)) - HTTP server of hddsDatanode listening at http://0.0.0.0:15131
2023-10-17 18:44:26,410 [Time-limited test] INFO  ipc.CallQueueManager (CallQueueManager.java:<init>(90)) - Using callQueue: class java.util.concurrent.LinkedBlockingQueue, queueCapacity: 100, scheduler: class org.apache.hadoop.ipc.DefaultRpcScheduler, ipcBackoff: false.
2023-10-17 18:44:26,410 [Time-limited test] INFO  ipc.Server (Server.java:<init>(1287)) - Listener at 0.0.0.0:15132
2023-10-17 18:44:26,411 [Socket Reader #1 for port 15132] INFO  ipc.Server (Server.java:run(1323)) - Starting Socket Reader #1 for port 15132
2023-10-17 18:44:26,417 [Time-limited test] INFO  ozone.HddsDatanodeService (HddsDatanodeService.java:start(325)) - Datanode start with admins: [runner]
2023-10-17 18:44:26,417 [Time-limited test] INFO  ozone.HddsDatanodeClientProtocolServer (HddsDatanodeClientProtocolServer.java:start(72)) - RPC server for Client /0.0.0.0:15132
2023-10-17 18:44:26,420 [IPC Server Responder] INFO  ipc.Server (Server.java:run(1562)) - IPC Server Responder: starting
2023-10-17 18:44:26,420 [IPC Server listener on 15132] INFO  ipc.Server (Server.java:run(1402)) - IPC Server listener on 15132: starting
2023-10-17 18:44:26,421 [Time-limited test] INFO  ozone.MiniOzoneClusterImpl (MiniOzoneClusterImpl.java:lambda$waitForClusterToBeReady$0(229)) - Waiting for nodes to be ready. Got 0 of 3 DN Heartbeats.
2023-10-17 18:44:26,421 [Time-limited test] INFO  ozone.MiniOzoneClusterImpl (MiniOzoneClusterImpl.java:lambda$waitForClusterToBeReady$0(232)) - Waiting for cluster to exit safe mode
2023-10-17 18:44:26,421 [Time-limited test] INFO  ozone.MiniOzoneClusterImpl (MiniOzoneClusterImpl.java:lambda$waitForClusterToBeReady$0(234)) - SCM became leader
2023-10-17 18:44:26,422 [Datanode State Machine Daemon Thread] INFO  statemachine.DatanodeStateMachine (DatanodeStateMachine.java:lambda$startDaemon$1(546)) - Ozone container server started.
2023-10-17 18:44:26,439 [Datanode State Machine Task Thread - 0] INFO  datanode.InitDatanodeState (InitDatanodeState.java:persistContainerDatanodeDetails(138)) - DatanodeDetails is persisted to /home/runner/work/ozone/ozone/hadoop-ozone/integration-test/target/test-dir/MiniOzoneClusterImpl-ee380501-c2be-4155-a337-7349f62bd525/datanode-2/meta/datanode.id
2023-10-17 18:44:27,421 [Time-limited test] INFO  ozone.MiniOzoneClusterImpl (MiniOzoneClusterImpl.java:lambda$waitForClusterToBeReady$0(229)) - Waiting for nodes to be ready. Got 0 of 3 DN Heartbeats.
2023-10-17 18:44:27,422 [Time-limited test] INFO  ozone.MiniOzoneClusterImpl (MiniOzoneClusterImpl.java:lambda$waitForClusterToBeReady$0(232)) - Waiting for cluster to exit safe mode
2023-10-17 18:44:27,422 [Time-limited test] INFO  ozone.MiniOzoneClusterImpl (MiniOzoneClusterImpl.java:lambda$waitForClusterToBeReady$0(234)) - SCM became leader
2023-10-17 18:44:27,720 [EndpointStateMachine task thread for /0.0.0.0:15106 - 0 ] INFO  utils.DatanodeStoreCache (DatanodeStoreCache.java:addDB(66)) - Added db /home/runner/work/ozone/ozone/hadoop-ozone/integration-test/target/test-dir/MiniOzoneClusterImpl-ee380501-c2be-4155-a337-7349f62bd525/datanode-0/data-0/containers/hdds/ee380501-c2be-4155-a337-7349f62bd525/DS-4e1fb028-74fa-413d-8375-7d7139a6a883/container.db to cache
2023-10-17 18:44:27,720 [EndpointStateMachine task thread for /0.0.0.0:15106 - 0 ] INFO  volume.HddsVolume (HddsVolume.java:createDbStore(422)) - SchemaV3 db is created and loaded at /home/runner/work/ozone/ozone/hadoop-ozone/integration-test/target/test-dir/MiniOzoneClusterImpl-ee380501-c2be-4155-a337-7349f62bd525/datanode-0/data-0/containers/hdds/ee380501-c2be-4155-a337-7349f62bd525/DS-4e1fb028-74fa-413d-8375-7d7139a6a883/container.db for volume DS-4e1fb028-74fa-413d-8375-7d7139a6a883
2023-10-17 18:44:27,722 [EndpointStateMachine task thread for /0.0.0.0:15106 - 0 ] INFO  volume.ThrottledAsyncChecker (ThrottledAsyncChecker.java:schedule(141)) - Scheduling a check for /home/runner/work/ozone/ozone/hadoop-ozone/integration-test/target/test-dir/MiniOzoneClusterImpl-ee380501-c2be-4155-a337-7349f62bd525/datanode-0/data-0/containers/hdds
2023-10-17 18:44:27,726 [EndpointStateMachine task thread for /0.0.0.0:15106 - 0 ] INFO  volume.StorageVolumeChecker (StorageVolumeChecker.java:checkAllVolumes(213)) - Scheduled health check for volume /home/runner/work/ozone/ozone/hadoop-ozone/integration-test/target/test-dir/MiniOzoneClusterImpl-ee380501-c2be-4155-a337-7349f62bd525/datanode-0/data-0/containers/hdds
2023-10-17 18:44:27,730 [EndpointStateMachine task thread for /0.0.0.0:15106 - 0 ] INFO  volume.ThrottledAsyncChecker (ThrottledAsyncChecker.java:schedule(141)) - Scheduling a check for /home/runner/work/ozone/ozone/hadoop-ozone/integration-test/target/test-dir/MiniOzoneClusterImpl-ee380501-c2be-4155-a337-7349f62bd525/datanode-0/data/ratis
2023-10-17 18:44:27,734 [EndpointStateMachine task thread for /0.0.0.0:15106 - 0 ] INFO  volume.StorageVolumeChecker (StorageVolumeChecker.java:checkAllVolumes(213)) - Scheduled health check for volume /home/runner/work/ozone/ozone/hadoop-ozone/integration-test/target/test-dir/MiniOzoneClusterImpl-ee380501-c2be-4155-a337-7349f62bd525/datanode-0/data/ratis
2023-10-17 18:44:27,735 [EndpointStateMachine task thread for /0.0.0.0:15106 - 0 ] INFO  ozoneimpl.OzoneContainer (OzoneContainer.java:start(431)) - Attempting to start container services.
2023-10-17 18:44:27,736 [EndpointStateMachine task thread for /0.0.0.0:15106 - 0 ] INFO  ozoneimpl.OzoneContainer (OzoneContainer.java:startContainerScrub(327)) - Scheduled background container scanners and the on-demand container scanner have been disabled.
2023-10-17 18:44:27,740 [EndpointStateMachine task thread for /0.0.0.0:15106 - 0 ] INFO  replication.ReplicationServer (ReplicationServer.java:start(134)) - ReplicationServer is started using port 15120
2023-10-17 18:44:27,740 [EndpointStateMachine task thread for /0.0.0.0:15106 - 0 ] INFO  ratis.XceiverServerRatis (XceiverServerRatis.java:start(517)) - Starting XceiverServerRatis a85aac02-e1fe-4dbf-b118-7fecf770eb80
2023-10-17 18:44:27,744 [EndpointStateMachine task thread for /0.0.0.0:15106 - 0 ] INFO  server.RaftServer (RaftServerProxy.java:startImpl(400)) - a85aac02-e1fe-4dbf-b118-7fecf770eb80: start RPC server
2023-10-17 18:44:27,750 [EndpointStateMachine task thread for /0.0.0.0:15106 - 0 ] INFO  server.GrpcService (GrpcService.java:startImpl(302)) - a85aac02-e1fe-4dbf-b118-7fecf770eb80: GrpcService started, listening on 15116
2023-10-17 18:44:27,751 [EndpointStateMachine task thread for /0.0.0.0:15106 - 0 ] INFO  server.GrpcService (GrpcService.java:startImpl(302)) - a85aac02-e1fe-4dbf-b118-7fecf770eb80: GrpcService started, listening on 15118
2023-10-17 18:44:27,753 [EndpointStateMachine task thread for /0.0.0.0:15106 - 0 ] INFO  server.GrpcService (GrpcService.java:startImpl(302)) - a85aac02-e1fe-4dbf-b118-7fecf770eb80: GrpcService started, listening on 15117
2023-10-17 18:44:27,754 [EndpointStateMachine task thread for /0.0.0.0:15106 - 0 ] INFO  ratis.XceiverServerRatis (XceiverServerRatis.java:getRealPort(543)) - XceiverServerRatis a85aac02-e1fe-4dbf-b118-7fecf770eb80 is started using port 15116 for RATIS
2023-10-17 18:44:27,754 [EndpointStateMachine task thread for /0.0.0.0:15106 - 0 ] INFO  ratis.XceiverServerRatis (XceiverServerRatis.java:getRealPort(543)) - XceiverServerRatis a85aac02-e1fe-4dbf-b118-7fecf770eb80 is started using port 15117 for RATIS_ADMIN
2023-10-17 18:44:27,754 [EndpointStateMachine task thread for /0.0.0.0:15106 - 0 ] INFO  ratis.XceiverServerRatis (XceiverServerRatis.java:getRealPort(543)) - XceiverServerRatis a85aac02-e1fe-4dbf-b118-7fecf770eb80 is started using port 15118 for RATIS_SERVER
2023-10-17 18:44:27,754 [EndpointStateMachine task thread for /0.0.0.0:15106 - 0 ] INFO  ratis.XceiverServerRatis (XceiverServerRatis.java:getRealPort(543)) - XceiverServerRatis a85aac02-e1fe-4dbf-b118-7fecf770eb80 is started using port 15119 for RATIS_DATASTREAM
2023-10-17 18:44:27,754 [JvmPauseMonitor19] INFO  util.JvmPauseMonitor (JvmPauseMonitor.java:run(103)) - JvmPauseMonitor-a85aac02-e1fe-4dbf-b118-7fecf770eb80: Started
2023-10-17 18:44:27,758 [a85aac02-e1fe-4dbf-b118-7fecf770eb80-BlockDeletingService#0] INFO  interfaces.ContainerDeletionChoosingPolicyTemplate (ContainerDeletionChoosingPolicyTemplate.java:chooseContainerForBlockDeletion(85)) - Chosen 0/5000 blocks from 0 candidate containers.
2023-10-17 18:44:28,063 [EndpointStateMachine task thread for /0.0.0.0:15106 - 0 ] INFO  utils.DatanodeStoreCache (DatanodeStoreCache.java:addDB(66)) - Added db /home/runner/work/ozone/ozone/hadoop-ozone/integration-test/target/test-dir/MiniOzoneClusterImpl-ee380501-c2be-4155-a337-7349f62bd525/datanode-1/data-0/containers/hdds/ee380501-c2be-4155-a337-7349f62bd525/DS-ac13bade-6777-4ac5-aa71-65a481716462/container.db to cache
2023-10-17 18:44:28,063 [EndpointStateMachine task thread for /0.0.0.0:15106 - 0 ] INFO  volume.HddsVolume (HddsVolume.java:createDbStore(422)) - SchemaV3 db is created and loaded at /home/runner/work/ozone/ozone/hadoop-ozone/integration-test/target/test-dir/MiniOzoneClusterImpl-ee380501-c2be-4155-a337-7349f62bd525/datanode-1/data-0/containers/hdds/ee380501-c2be-4155-a337-7349f62bd525/DS-ac13bade-6777-4ac5-aa71-65a481716462/container.db for volume DS-ac13bade-6777-4ac5-aa71-65a481716462
2023-10-17 18:44:28,064 [EndpointStateMachine task thread for /0.0.0.0:15106 - 0 ] INFO  volume.ThrottledAsyncChecker (ThrottledAsyncChecker.java:schedule(141)) - Scheduling a check for /home/runner/work/ozone/ozone/hadoop-ozone/integration-test/target/test-dir/MiniOzoneClusterImpl-ee380501-c2be-4155-a337-7349f62bd525/datanode-1/data-0/containers/hdds
2023-10-17 18:44:28,064 [EndpointStateMachine task thread for /0.0.0.0:15106 - 0 ] INFO  volume.StorageVolumeChecker (StorageVolumeChecker.java:checkAllVolumes(213)) - Scheduled health check for volume /home/runner/work/ozone/ozone/hadoop-ozone/integration-test/target/test-dir/MiniOzoneClusterImpl-ee380501-c2be-4155-a337-7349f62bd525/datanode-1/data-0/containers/hdds
2023-10-17 18:44:28,070 [EndpointStateMachine task thread for /0.0.0.0:15106 - 0 ] INFO  volume.ThrottledAsyncChecker (ThrottledAsyncChecker.java:schedule(141)) - Scheduling a check for /home/runner/work/ozone/ozone/hadoop-ozone/integration-test/target/test-dir/MiniOzoneClusterImpl-ee380501-c2be-4155-a337-7349f62bd525/datanode-1/data/ratis
2023-10-17 18:44:28,071 [EndpointStateMachine task thread for /0.0.0.0:15106 - 0 ] INFO  volume.StorageVolumeChecker (StorageVolumeChecker.java:checkAllVolumes(213)) - Scheduled health check for volume /home/runner/work/ozone/ozone/hadoop-ozone/integration-test/target/test-dir/MiniOzoneClusterImpl-ee380501-c2be-4155-a337-7349f62bd525/datanode-1/data/ratis
2023-10-17 18:44:28,072 [EndpointStateMachine task thread for /0.0.0.0:15106 - 0 ] INFO  ozoneimpl.OzoneContainer (OzoneContainer.java:start(431)) - Attempting to start container services.
2023-10-17 18:44:28,072 [EndpointStateMachine task thread for /0.0.0.0:15106 - 0 ] INFO  ozoneimpl.OzoneContainer (OzoneContainer.java:startContainerScrub(327)) - Scheduled background container scanners and the on-demand container scanner have been disabled.
2023-10-17 18:44:28,074 [EndpointStateMachine task thread for /0.0.0.0:15106 - 0 ] INFO  replication.ReplicationServer (ReplicationServer.java:start(134)) - ReplicationServer is started using port 15129
2023-10-17 18:44:28,074 [EndpointStateMachine task thread for /0.0.0.0:15106 - 0 ] INFO  ratis.XceiverServerRatis (XceiverServerRatis.java:start(517)) - Starting XceiverServerRatis cf2e4456-e6b9-4510-a7c5-b0bc85d367c9
2023-10-17 18:44:28,077 [EndpointStateMachine task thread for /0.0.0.0:15106 - 0 ] INFO  server.RaftServer (RaftServerProxy.java:startImpl(400)) - cf2e4456-e6b9-4510-a7c5-b0bc85d367c9: start RPC server
2023-10-17 18:44:28,078 [EndpointStateMachine task thread for /0.0.0.0:15106 - 0 ] INFO  server.GrpcService (GrpcService.java:startImpl(302)) - cf2e4456-e6b9-4510-a7c5-b0bc85d367c9: GrpcService started, listening on 15125
2023-10-17 18:44:28,079 [EndpointStateMachine task thread for /0.0.0.0:15106 - 0 ] INFO  server.GrpcService (GrpcService.java:startImpl(302)) - cf2e4456-e6b9-4510-a7c5-b0bc85d367c9: GrpcService started, listening on 15127
2023-10-17 18:44:28,080 [EndpointStateMachine task thread for /0.0.0.0:15106 - 0 ] INFO  server.GrpcService (GrpcService.java:startImpl(302)) - cf2e4456-e6b9-4510-a7c5-b0bc85d367c9: GrpcService started, listening on 15126
2023-10-17 18:44:28,080 [EndpointStateMachine task thread for /0.0.0.0:15106 - 0 ] INFO  ratis.XceiverServerRatis (XceiverServerRatis.java:getRealPort(543)) - XceiverServerRatis cf2e4456-e6b9-4510-a7c5-b0bc85d367c9 is started using port 15125 for RATIS
2023-10-17 18:44:28,080 [JvmPauseMonitor20] INFO  util.JvmPauseMonitor (JvmPauseMonitor.java:run(103)) - JvmPauseMonitor-cf2e4456-e6b9-4510-a7c5-b0bc85d367c9: Started
2023-10-17 18:44:28,080 [EndpointStateMachine task thread for /0.0.0.0:15106 - 0 ] INFO  ratis.XceiverServerRatis (XceiverServerRatis.java:getRealPort(543)) - XceiverServerRatis cf2e4456-e6b9-4510-a7c5-b0bc85d367c9 is started using port 15126 for RATIS_ADMIN
2023-10-17 18:44:28,081 [EndpointStateMachine task thread for /0.0.0.0:15106 - 0 ] INFO  ratis.XceiverServerRatis (XceiverServerRatis.java:getRealPort(543)) - XceiverServerRatis cf2e4456-e6b9-4510-a7c5-b0bc85d367c9 is started using port 15127 for RATIS_SERVER
2023-10-17 18:44:28,081 [EndpointStateMachine task thread for /0.0.0.0:15106 - 0 ] INFO  ratis.XceiverServerRatis (XceiverServerRatis.java:getRealPort(543)) - XceiverServerRatis cf2e4456-e6b9-4510-a7c5-b0bc85d367c9 is started using port 15128 for RATIS_DATASTREAM
2023-10-17 18:44:28,083 [cf2e4456-e6b9-4510-a7c5-b0bc85d367c9-BlockDeletingService#0] INFO  interfaces.ContainerDeletionChoosingPolicyTemplate (ContainerDeletionChoosingPolicyTemplate.java:chooseContainerForBlockDeletion(85)) - Chosen 0/5000 blocks from 0 candidate containers.
2023-10-17 18:44:28,422 [Time-limited test] INFO  ozone.MiniOzoneClusterImpl (MiniOzoneClusterImpl.java:lambda$waitForClusterToBeReady$0(229)) - Waiting for nodes to be ready. Got 0 of 3 DN Heartbeats.
2023-10-17 18:44:28,422 [Time-limited test] INFO  ozone.MiniOzoneClusterImpl (MiniOzoneClusterImpl.java:lambda$waitForClusterToBeReady$0(232)) - Waiting for cluster to exit safe mode
2023-10-17 18:44:28,422 [Time-limited test] INFO  ozone.MiniOzoneClusterImpl (MiniOzoneClusterImpl.java:lambda$waitForClusterToBeReady$0(234)) - SCM became leader
2023-10-17 18:44:28,469 [EndpointStateMachine task thread for /0.0.0.0:15106 - 0 ] INFO  utils.DatanodeStoreCache (DatanodeStoreCache.java:addDB(66)) - Added db /home/runner/work/ozone/ozone/hadoop-ozone/integration-test/target/test-dir/MiniOzoneClusterImpl-ee380501-c2be-4155-a337-7349f62bd525/datanode-2/data-0/containers/hdds/ee380501-c2be-4155-a337-7349f62bd525/DS-edf8159e-7a19-48c9-8f81-cf15639173de/container.db to cache
2023-10-17 18:44:28,469 [EndpointStateMachine task thread for /0.0.0.0:15106 - 0 ] INFO  volume.HddsVolume (HddsVolume.java:createDbStore(422)) - SchemaV3 db is created and loaded at /home/runner/work/ozone/ozone/hadoop-ozone/integration-test/target/test-dir/MiniOzoneClusterImpl-ee380501-c2be-4155-a337-7349f62bd525/datanode-2/data-0/containers/hdds/ee380501-c2be-4155-a337-7349f62bd525/DS-edf8159e-7a19-48c9-8f81-cf15639173de/container.db for volume DS-edf8159e-7a19-48c9-8f81-cf15639173de
2023-10-17 18:44:28,479 [EndpointStateMachine task thread for /0.0.0.0:15106 - 0 ] INFO  volume.ThrottledAsyncChecker (ThrottledAsyncChecker.java:schedule(141)) - Scheduling a check for /home/runner/work/ozone/ozone/hadoop-ozone/integration-test/target/test-dir/MiniOzoneClusterImpl-ee380501-c2be-4155-a337-7349f62bd525/datanode-2/data-0/containers/hdds
2023-10-17 18:44:28,481 [EndpointStateMachine task thread for /0.0.0.0:15106 - 0 ] INFO  volume.StorageVolumeChecker (StorageVolumeChecker.java:checkAllVolumes(213)) - Scheduled health check for volume /home/runner/work/ozone/ozone/hadoop-ozone/integration-test/target/test-dir/MiniOzoneClusterImpl-ee380501-c2be-4155-a337-7349f62bd525/datanode-2/data-0/containers/hdds
2023-10-17 18:44:28,484 [EndpointStateMachine task thread for /0.0.0.0:15106 - 0 ] INFO  volume.ThrottledAsyncChecker (ThrottledAsyncChecker.java:schedule(141)) - Scheduling a check for /home/runner/work/ozone/ozone/hadoop-ozone/integration-test/target/test-dir/MiniOzoneClusterImpl-ee380501-c2be-4155-a337-7349f62bd525/datanode-2/data/ratis
2023-10-17 18:44:28,484 [EndpointStateMachine task thread for /0.0.0.0:15106 - 0 ] INFO  volume.StorageVolumeChecker (StorageVolumeChecker.java:checkAllVolumes(213)) - Scheduled health check for volume /home/runner/work/ozone/ozone/hadoop-ozone/integration-test/target/test-dir/MiniOzoneClusterImpl-ee380501-c2be-4155-a337-7349f62bd525/datanode-2/data/ratis
2023-10-17 18:44:28,487 [EndpointStateMachine task thread for /0.0.0.0:15106 - 0 ] INFO  ozoneimpl.OzoneContainer (OzoneContainer.java:start(431)) - Attempting to start container services.
2023-10-17 18:44:28,487 [EndpointStateMachine task thread for /0.0.0.0:15106 - 0 ] INFO  ozoneimpl.OzoneContainer (OzoneContainer.java:startContainerScrub(327)) - Scheduled background container scanners and the on-demand container scanner have been disabled.
2023-10-17 18:44:28,488 [EndpointStateMachine task thread for /0.0.0.0:15106 - 0 ] INFO  replication.ReplicationServer (ReplicationServer.java:start(134)) - ReplicationServer is started using port 15138
2023-10-17 18:44:28,488 [EndpointStateMachine task thread for /0.0.0.0:15106 - 0 ] INFO  ratis.XceiverServerRatis (XceiverServerRatis.java:start(517)) - Starting XceiverServerRatis e94707bc-ce25-43e7-a63d-a0dafb7f30ae
2023-10-17 18:44:28,488 [EndpointStateMachine task thread for /0.0.0.0:15106 - 0 ] INFO  server.RaftServer (RaftServerProxy.java:startImpl(400)) - e94707bc-ce25-43e7-a63d-a0dafb7f30ae: start RPC server
2023-10-17 18:44:28,490 [EndpointStateMachine task thread for /0.0.0.0:15106 - 0 ] INFO  server.GrpcService (GrpcService.java:startImpl(302)) - e94707bc-ce25-43e7-a63d-a0dafb7f30ae: GrpcService started, listening on 15134
2023-10-17 18:44:28,491 [EndpointStateMachine task thread for /0.0.0.0:15106 - 0 ] INFO  server.GrpcService (GrpcService.java:startImpl(302)) - e94707bc-ce25-43e7-a63d-a0dafb7f30ae: GrpcService started, listening on 15136
2023-10-17 18:44:28,491 [EndpointStateMachine task thread for /0.0.0.0:15106 - 0 ] INFO  server.GrpcService (GrpcService.java:startImpl(302)) - e94707bc-ce25-43e7-a63d-a0dafb7f30ae: GrpcService started, listening on 15135
2023-10-17 18:44:28,491 [EndpointStateMachine task thread for /0.0.0.0:15106 - 0 ] INFO  ratis.XceiverServerRatis (XceiverServerRatis.java:getRealPort(543)) - XceiverServerRatis e94707bc-ce25-43e7-a63d-a0dafb7f30ae is started using port 15134 for RATIS
2023-10-17 18:44:28,492 [EndpointStateMachine task thread for /0.0.0.0:15106 - 0 ] INFO  ratis.XceiverServerRatis (XceiverServerRatis.java:getRealPort(543)) - XceiverServerRatis e94707bc-ce25-43e7-a63d-a0dafb7f30ae is started using port 15135 for RATIS_ADMIN
2023-10-17 18:44:28,492 [EndpointStateMachine task thread for /0.0.0.0:15106 - 0 ] INFO  ratis.XceiverServerRatis (XceiverServerRatis.java:getRealPort(543)) - XceiverServerRatis e94707bc-ce25-43e7-a63d-a0dafb7f30ae is started using port 15136 for RATIS_SERVER
2023-10-17 18:44:28,492 [EndpointStateMachine task thread for /0.0.0.0:15106 - 0 ] INFO  ratis.XceiverServerRatis (XceiverServerRatis.java:getRealPort(543)) - XceiverServerRatis e94707bc-ce25-43e7-a63d-a0dafb7f30ae is started using port 15137 for RATIS_DATASTREAM
2023-10-17 18:44:28,492 [JvmPauseMonitor21] INFO  util.JvmPauseMonitor (JvmPauseMonitor.java:run(103)) - JvmPauseMonitor-e94707bc-ce25-43e7-a63d-a0dafb7f30ae: Started
2023-10-17 18:44:28,494 [e94707bc-ce25-43e7-a63d-a0dafb7f30ae-BlockDeletingService#0] INFO  interfaces.ContainerDeletionChoosingPolicyTemplate (ContainerDeletionChoosingPolicyTemplate.java:chooseContainerForBlockDeletion(85)) - Chosen 0/5000 blocks from 0 candidate containers.
2023-10-17 18:44:29,422 [Time-limited test] INFO  ozone.MiniOzoneClusterImpl (MiniOzoneClusterImpl.java:lambda$waitForClusterToBeReady$0(229)) - Waiting for nodes to be ready. Got 0 of 3 DN Heartbeats.
2023-10-17 18:44:29,423 [Time-limited test] INFO  ozone.MiniOzoneClusterImpl (MiniOzoneClusterImpl.java:lambda$waitForClusterToBeReady$0(232)) - Waiting for cluster to exit safe mode
2023-10-17 18:44:29,423 [Time-limited test] INFO  ozone.MiniOzoneClusterImpl (MiniOzoneClusterImpl.java:lambda$waitForClusterToBeReady$0(234)) - SCM became leader
2023-10-17 18:44:29,657 [IPC Server handler 1 on default port 15106] INFO  net.NetworkTopologyImpl (NetworkTopologyImpl.java:add(112)) - Added a new node: /default-rack/a85aac02-e1fe-4dbf-b118-7fecf770eb80
2023-10-17 18:44:29,657 [IPC Server handler 1 on default port 15106] INFO  node.SCMNodeManager (SCMNodeManager.java:register(405)) - Registered Data node : a85aac02-e1fe-4dbf-b118-7fecf770eb80{ip: 10.1.0.25, host: fv-az189-115, ports: [HTTP=15113, CLIENT_RPC=15114, REPLICATION=15120, RATIS=15116, RATIS_ADMIN=15117, RATIS_SERVER=15118, RATIS_DATASTREAM=15119, STANDALONE=15115], networkLocation: /default-rack, certSerialId: null, persistedOpState: null, persistedOpStateExpiryEpochSec: 0}
2023-10-17 18:44:29,661 [EventQueue-NodeRegistrationContainerReportForDataNodeSafeModeRule] INFO  safemode.SCMSafeModeManager (DataNodeSafeModeRule.java:process(71)) - SCM in safe mode. 1 DataNodes registered, 3 required.
2023-10-17 18:44:29,664 [EventQueue-NodeRegistrationContainerReportForContainerSafeModeRule] INFO  safemode.SCMSafeModeManager (SCMSafeModeManager.java:validateSafeModeExitRules(200)) - ContainerSafeModeRule rule is successfully validated
2023-10-17 18:44:29,665 [EventQueue-NewNodeForNewNodeHandler] INFO  pipeline.BackgroundPipelineCreator (BackgroundPipelineCreator.java:notifyEventTriggered(277)) - trigger a one-shot run on RatisPipelineUtilsThread.
2023-10-17 18:44:29,666 [RatisPipelineUtilsThread - 0] INFO  pipeline.RatisPipelineProvider (RatisPipelineProvider.java:lambda$create$0(206)) - Sending CreatePipelineCommand for pipeline:PipelineID=92b318c8-db7b-44eb-8c85-7e202a28c19f to datanode:a85aac02-e1fe-4dbf-b118-7fecf770eb80
2023-10-17 18:44:29,669 [RatisPipelineUtilsThread - 0] INFO  pipeline.BackgroundPipelineCreator (BackgroundPipelineCreator.java:createPipelines(233)) - Created new pipeline Pipeline[ Id: 92b318c8-db7b-44eb-8c85-7e202a28c19f, Nodes: a85aac02-e1fe-4dbf-b118-7fecf770eb80(fv-az189-115/10.1.0.25), ReplicationConfig: RATIS/ONE, State:ALLOCATED, leaderId:, CreationTimestamp2023-10-17T18:44:29.666Z[Etc/UTC]]
2023-10-17 18:44:29,671 [EventQueue-PipelineReportForOneReplicaPipelineSafeModeRule] INFO  safemode.SCMSafeModeManager (SCMSafeModeManager.java:validateSafeModeExitRules(200)) - AtleastOneDatanodeReportedRule rule is successfully validated
2023-10-17 18:44:30,012 [IPC Server handler 7 on default port 15106] INFO  net.NetworkTopologyImpl (NetworkTopologyImpl.java:add(112)) - Added a new node: /default-rack/cf2e4456-e6b9-4510-a7c5-b0bc85d367c9
2023-10-17 18:44:30,012 [IPC Server handler 7 on default port 15106] INFO  node.SCMNodeManager (SCMNodeManager.java:register(405)) - Registered Data node : cf2e4456-e6b9-4510-a7c5-b0bc85d367c9{ip: 10.1.0.25, host: fv-az189-115, ports: [HTTP=15122, CLIENT_RPC=15123, REPLICATION=15129, RATIS=15125, RATIS_ADMIN=15126, RATIS_SERVER=15127, RATIS_DATASTREAM=15128, STANDALONE=15124], networkLocation: /default-rack, certSerialId: null, persistedOpState: null, persistedOpStateExpiryEpochSec: 0}
2023-10-17 18:44:30,013 [EventQueue-NewNodeForNewNodeHandler] INFO  pipeline.BackgroundPipelineCreator (BackgroundPipelineCreator.java:notifyEventTriggered(277)) - trigger a one-shot run on RatisPipelineUtilsThread.
2023-10-17 18:44:30,013 [EventQueue-NodeRegistrationContainerReportForDataNodeSafeModeRule] INFO  safemode.SCMSafeModeManager (DataNodeSafeModeRule.java:process(71)) - SCM in safe mode. 2 DataNodes registered, 3 required.
2023-10-17 18:44:30,016 [RatisPipelineUtilsThread - 0] INFO  pipeline.RatisPipelineProvider (RatisPipelineProvider.java:lambda$create$0(206)) - Sending CreatePipelineCommand for pipeline:PipelineID=c7444786-157b-4283-b3a7-3bd5453fb21e to datanode:cf2e4456-e6b9-4510-a7c5-b0bc85d367c9
2023-10-17 18:44:30,017 [RatisPipelineUtilsThread - 0] INFO  pipeline.BackgroundPipelineCreator (BackgroundPipelineCreator.java:createPipelines(233)) - Created new pipeline Pipeline[ Id: c7444786-157b-4283-b3a7-3bd5453fb21e, Nodes: cf2e4456-e6b9-4510-a7c5-b0bc85d367c9(fv-az189-115/10.1.0.25), ReplicationConfig: RATIS/ONE, State:ALLOCATED, leaderId:, CreationTimestamp2023-10-17T18:44:30.016Z[Etc/UTC]]
2023-10-17 18:44:30,423 [Time-limited test] INFO  ozone.MiniOzoneClusterImpl (MiniOzoneClusterImpl.java:lambda$waitForClusterToBeReady$0(229)) - Waiting for nodes to be ready. Got 2 of 3 DN Heartbeats.
2023-10-17 18:44:30,423 [Time-limited test] INFO  ozone.MiniOzoneClusterImpl (MiniOzoneClusterImpl.java:lambda$waitForClusterToBeReady$0(232)) - Waiting for cluster to exit safe mode
2023-10-17 18:44:30,423 [Time-limited test] INFO  ozone.MiniOzoneClusterImpl (MiniOzoneClusterImpl.java:lambda$waitForClusterToBeReady$0(234)) - SCM became leader
2023-10-17 18:44:30,432 [IPC Server handler 0 on default port 15106] INFO  net.NetworkTopologyImpl (NetworkTopologyImpl.java:add(112)) - Added a new node: /default-rack/e94707bc-ce25-43e7-a63d-a0dafb7f30ae
2023-10-17 18:44:30,432 [IPC Server handler 0 on default port 15106] INFO  node.SCMNodeManager (SCMNodeManager.java:register(405)) - Registered Data node : e94707bc-ce25-43e7-a63d-a0dafb7f30ae{ip: 10.1.0.25, host: fv-az189-115, ports: [HTTP=15131, CLIENT_RPC=15132, REPLICATION=15138, RATIS=15134, RATIS_ADMIN=15135, RATIS_SERVER=15136, RATIS_DATASTREAM=15137, STANDALONE=15133], networkLocation: /default-rack, certSerialId: null, persistedOpState: null, persistedOpStateExpiryEpochSec: 0}
2023-10-17 18:44:30,433 [EventQueue-NewNodeForNewNodeHandler] INFO  pipeline.BackgroundPipelineCreator (BackgroundPipelineCreator.java:notifyEventTriggered(277)) - trigger a one-shot run on RatisPipelineUtilsThread.
2023-10-17 18:44:30,434 [EventQueue-NodeRegistrationContainerReportForDataNodeSafeModeRule] INFO  safemode.SCMSafeModeManager (DataNodeSafeModeRule.java:process(71)) - SCM in safe mode. 3 DataNodes registered, 3 required.
2023-10-17 18:44:30,434 [EventQueue-NodeRegistrationContainerReportForDataNodeSafeModeRule] INFO  safemode.SCMSafeModeManager (SCMSafeModeManager.java:validateSafeModeExitRules(200)) - DataNodeSafeModeRule rule is successfully validated
2023-10-17 18:44:30,434 [EventQueue-NodeRegistrationContainerReportForDataNodeSafeModeRule] INFO  safemode.SCMSafeModeManager (SCMSafeModeManager.java:completePreCheck(229)) - All SCM safe mode pre check rules have passed
2023-10-17 18:44:30,434 [EventQueue-NodeRegistrationContainerReportForDataNodeSafeModeRule] INFO  ha.SCMContext (SCMContext.java:updateSafeModeStatus(230)) - Update SafeModeStatus from SafeModeStatus{safeModeStatus=true, preCheckPassed=false} to SafeModeStatus{safeModeStatus=true, preCheckPassed=true}.
2023-10-17 18:44:30,434 [EventQueue-NodeRegistrationContainerReportForDataNodeSafeModeRule] INFO  pipeline.BackgroundPipelineCreator (BackgroundPipelineCreator.java:notifyEventTriggered(277)) - trigger a one-shot run on RatisPipelineUtilsThread.
2023-10-17 18:44:30,435 [RatisPipelineUtilsThread - 0] INFO  pipeline.RatisPipelineProvider (RatisPipelineProvider.java:lambda$create$0(206)) - Sending CreatePipelineCommand for pipeline:PipelineID=b0317580-7117-4bd1-8480-bb4074e0af78 to datanode:e94707bc-ce25-43e7-a63d-a0dafb7f30ae
2023-10-17 18:44:30,436 [RatisPipelineUtilsThread - 0] INFO  pipeline.BackgroundPipelineCreator (BackgroundPipelineCreator.java:createPipelines(233)) - Created new pipeline Pipeline[ Id: b0317580-7117-4bd1-8480-bb4074e0af78, Nodes: e94707bc-ce25-43e7-a63d-a0dafb7f30ae(fv-az189-115/10.1.0.25), ReplicationConfig: RATIS/ONE, State:ALLOCATED, leaderId:, CreationTimestamp2023-10-17T18:44:30.435Z[Etc/UTC]]
2023-10-17 18:44:30,436 [RatisPipelineUtilsThread - 0] INFO  pipeline.RatisPipelineProvider (RatisPipelineProvider.java:lambda$create$0(206)) - Sending CreatePipelineCommand for pipeline:PipelineID=bf818d7c-515a-47b4-863f-22ae834cbff6 to datanode:e94707bc-ce25-43e7-a63d-a0dafb7f30ae
2023-10-17 18:44:30,436 [RatisPipelineUtilsThread - 0] INFO  pipeline.RatisPipelineProvider (RatisPipelineProvider.java:lambda$create$0(206)) - Sending CreatePipelineCommand for pipeline:PipelineID=bf818d7c-515a-47b4-863f-22ae834cbff6 to datanode:cf2e4456-e6b9-4510-a7c5-b0bc85d367c9
2023-10-17 18:44:30,436 [RatisPipelineUtilsThread - 0] INFO  pipeline.RatisPipelineProvider (RatisPipelineProvider.java:lambda$create$0(206)) - Sending CreatePipelineCommand for pipeline:PipelineID=bf818d7c-515a-47b4-863f-22ae834cbff6 to datanode:a85aac02-e1fe-4dbf-b118-7fecf770eb80
2023-10-17 18:44:30,437 [RatisPipelineUtilsThread - 0] INFO  pipeline.BackgroundPipelineCreator (BackgroundPipelineCreator.java:createPipelines(233)) - Created new pipeline Pipeline[ Id: bf818d7c-515a-47b4-863f-22ae834cbff6, Nodes: e94707bc-ce25-43e7-a63d-a0dafb7f30ae(fv-az189-115/10.1.0.25)cf2e4456-e6b9-4510-a7c5-b0bc85d367c9(fv-az189-115/10.1.0.25)a85aac02-e1fe-4dbf-b118-7fecf770eb80(fv-az189-115/10.1.0.25), ReplicationConfig: RATIS/THREE, State:ALLOCATED, leaderId:, CreationTimestamp2023-10-17T18:44:30.436Z[Etc/UTC]]
2023-10-17 18:44:30,438 [RatisPipelineUtilsThread - 0] INFO  pipeline.RatisPipelineProvider (RatisPipelineProvider.java:lambda$create$0(206)) - Sending CreatePipelineCommand for pipeline:PipelineID=f2d924d1-c5e0-43dc-b219-9d24f66b565f to datanode:a85aac02-e1fe-4dbf-b118-7fecf770eb80
2023-10-17 18:44:30,438 [RatisPipelineUtilsThread - 0] INFO  pipeline.RatisPipelineProvider (RatisPipelineProvider.java:lambda$create$0(206)) - Sending CreatePipelineCommand for pipeline:PipelineID=f2d924d1-c5e0-43dc-b219-9d24f66b565f to datanode:e94707bc-ce25-43e7-a63d-a0dafb7f30ae
2023-10-17 18:44:30,438 [RatisPipelineUtilsThread - 0] INFO  pipeline.RatisPipelineProvider (RatisPipelineProvider.java:lambda$create$0(206)) - Sending CreatePipelineCommand for pipeline:PipelineID=f2d924d1-c5e0-43dc-b219-9d24f66b565f to datanode:cf2e4456-e6b9-4510-a7c5-b0bc85d367c9
2023-10-17 18:44:30,439 [RatisPipelineUtilsThread - 0] INFO  pipeline.PipelineManagerImpl (PipelineManagerImpl.java:recordMetricsForPipeline(895)) - Pipeline: PipelineID=f2d924d1-c5e0-43dc-b219-9d24f66b565f contains same datanodes as previous pipelines: PipelineID=bf818d7c-515a-47b4-863f-22ae834cbff6 nodeIds: a85aac02-e1fe-4dbf-b118-7fecf770eb80, e94707bc-ce25-43e7-a63d-a0dafb7f30ae, cf2e4456-e6b9-4510-a7c5-b0bc85d367c9
2023-10-17 18:44:30,439 [RatisPipelineUtilsThread - 0] INFO  pipeline.BackgroundPipelineCreator (BackgroundPipelineCreator.java:createPipelines(233)) - Created new pipeline Pipeline[ Id: f2d924d1-c5e0-43dc-b219-9d24f66b565f, Nodes: a85aac02-e1fe-4dbf-b118-7fecf770eb80(fv-az189-115/10.1.0.25)e94707bc-ce25-43e7-a63d-a0dafb7f30ae(fv-az189-115/10.1.0.25)cf2e4456-e6b9-4510-a7c5-b0bc85d367c9(fv-az189-115/10.1.0.25), ReplicationConfig: RATIS/THREE, State:ALLOCATED, leaderId:, CreationTimestamp2023-10-17T18:44:30.438Z[Etc/UTC]]
2023-10-17 18:44:31,423 [Time-limited test] INFO  ozone.MiniOzoneClusterImpl (MiniOzoneClusterImpl.java:lambda$waitForClusterToBeReady$0(229)) - Nodes are ready. Got 3 of 3 DN Heartbeats.
2023-10-17 18:44:31,424 [Time-limited test] INFO  ozone.MiniOzoneClusterImpl (MiniOzoneClusterImpl.java:lambda$waitForClusterToBeReady$0(232)) - Waiting for cluster to exit safe mode
2023-10-17 18:44:31,424 [Time-limited test] INFO  ozone.MiniOzoneClusterImpl (MiniOzoneClusterImpl.java:lambda$waitForClusterToBeReady$0(234)) - SCM became leader
2023-10-17 18:44:32,424 [Time-limited test] INFO  ozone.MiniOzoneClusterImpl (MiniOzoneClusterImpl.java:lambda$waitForClusterToBeReady$0(229)) - Nodes are ready. Got 3 of 3 DN Heartbeats.
2023-10-17 18:44:32,424 [Time-limited test] INFO  ozone.MiniOzoneClusterImpl (MiniOzoneClusterImpl.java:lambda$waitForClusterToBeReady$0(232)) - Waiting for cluster to exit safe mode
2023-10-17 18:44:32,424 [Time-limited test] INFO  ozone.MiniOzoneClusterImpl (MiniOzoneClusterImpl.java:lambda$waitForClusterToBeReady$0(234)) - SCM became leader
2023-10-17 18:44:32,658 [PipelineCommandHandlerThread-0] INFO  server.RaftServer (RaftServerProxy.java:addNew(98)) - a85aac02-e1fe-4dbf-b118-7fecf770eb80: addNew group-7E202A28C19F:[a85aac02-e1fe-4dbf-b118-7fecf770eb80|rpc:10.1.0.25:15118|admin:10.1.0.25:15117|client:10.1.0.25:15116|dataStream:10.1.0.25:15119|priority:1|startupRole:FOLLOWER] returns group-7E202A28C19F:java.util.concurrent.CompletableFuture@700e3127[Not completed]
2023-10-17 18:44:32,660 [a85aac02-e1fe-4dbf-b118-7fecf770eb80-groupManagement] INFO  server.RaftServer$Division (RaftServerImpl.java:<init>(198)) - a85aac02-e1fe-4dbf-b118-7fecf770eb80: new RaftServerImpl for group-7E202A28C19F:[a85aac02-e1fe-4dbf-b118-7fecf770eb80|rpc:10.1.0.25:15118|admin:10.1.0.25:15117|client:10.1.0.25:15116|dataStream:10.1.0.25:15119|priority:1|startupRole:FOLLOWER] with ContainerStateMachine:uninitialized
2023-10-17 18:44:32,660 [a85aac02-e1fe-4dbf-b118-7fecf770eb80-groupManagement] INFO  server.RaftServerConfigKeys (ConfUtils.java:logGet(46)) - raft.server.rpc.timeout.min = 5s (custom)
2023-10-17 18:44:32,660 [a85aac02-e1fe-4dbf-b118-7fecf770eb80-groupManagement] INFO  server.RaftServerConfigKeys (ConfUtils.java:logGet(46)) - raft.server.rpc.timeout.max = 5200ms (custom)
2023-10-17 18:44:32,660 [a85aac02-e1fe-4dbf-b118-7fecf770eb80-groupManagement] INFO  server.RaftServerConfigKeys (ConfUtils.java:logGet(46)) - raft.server.rpc.sleep.time = 25ms (default)
2023-10-17 18:44:32,660 [a85aac02-e1fe-4dbf-b118-7fecf770eb80-groupManagement] INFO  server.RaftServerConfigKeys (ConfUtils.java:logGet(46)) - raft.server.rpc.slowness.timeout = 300s (custom)
2023-10-17 18:44:32,660 [a85aac02-e1fe-4dbf-b118-7fecf770eb80-groupManagement] INFO  server.RaftServerConfigKeys (ConfUtils.java:logGet(46)) - raft.server.leaderelection.leader.step-down.wait-time = 10s (default)
2023-10-17 18:44:32,660 [a85aac02-e1fe-4dbf-b118-7fecf770eb80-groupManagement] INFO  server.RaftServerConfigKeys (ConfUtils.java:logGet(46)) - raft.server.sleep.deviation.threshold = 300ms (default)
2023-10-17 18:44:32,660 [a85aac02-e1fe-4dbf-b118-7fecf770eb80-groupManagement] INFO  server.RaftServer$Division (ServerState.java:<init>(120)) - a85aac02-e1fe-4dbf-b118-7fecf770eb80@group-7E202A28C19F: ConfigurationManager, init=-1: peers:[a85aac02-e1fe-4dbf-b118-7fecf770eb80|rpc:10.1.0.25:15118|admin:10.1.0.25:15117|client:10.1.0.25:15116|dataStream:10.1.0.25:15119|priority:1|startupRole:FOLLOWER]|listeners:[], old=null, confs=<EMPTY_MAP>
2023-10-17 18:44:32,661 [a85aac02-e1fe-4dbf-b118-7fecf770eb80-groupManagement] INFO  server.RaftServerConfigKeys (ConfUtils.java:logGet(46)) - raft.server.storage.dir = [/home/runner/work/ozone/ozone/hadoop-ozone/integration-test/target/test-dir/MiniOzoneClusterImpl-ee380501-c2be-4155-a337-7349f62bd525/datanode-0/data/ratis] (custom)
2023-10-17 18:44:32,661 [a85aac02-e1fe-4dbf-b118-7fecf770eb80-groupManagement] INFO  server.RaftServerConfigKeys (ConfUtils.java:logGet(46)) - raft.server.log.corruption.policy = EXCEPTION (default)
2023-10-17 18:44:32,661 [a85aac02-e1fe-4dbf-b118-7fecf770eb80-groupManagement] INFO  server.RaftServerConfigKeys (ConfUtils.java:logGet(46)) - raft.server.storage.free-space.min = 0MB (=0) (default)
2023-10-17 18:44:32,661 [a85aac02-e1fe-4dbf-b118-7fecf770eb80-groupManagement] INFO  server.RaftServerConfigKeys (ConfUtils.java:logGet(46)) - raft.server.notification.no-leader.timeout = 300s (custom)
2023-10-17 18:44:32,661 [a85aac02-e1fe-4dbf-b118-7fecf770eb80-groupManagement] INFO  server.RaftServerConfigKeys (ConfUtils.java:logGet(46)) - raft.server.read.timeout = 10s (default)
2023-10-17 18:44:32,661 [a85aac02-e1fe-4dbf-b118-7fecf770eb80-groupManagement] INFO  server.RaftServerConfigKeys (ConfUtils.java:logGet(46)) - raft.server.retrycache.expirytime = 600000ms (custom)
2023-10-17 18:44:32,661 [a85aac02-e1fe-4dbf-b118-7fecf770eb80-groupManagement] INFO  server.RaftServerConfigKeys (ConfUtils.java:logGet(46)) - raft.server.retrycache.statistics.expirytime = 100μs (default)
2023-10-17 18:44:32,661 [a85aac02-e1fe-4dbf-b118-7fecf770eb80-groupManagement] INFO  server.RaftServerConfigKeys (ConfUtils.java:logGet(46)) - raft.server.read.option = DEFAULT (default)
2023-10-17 18:44:32,674 [a85aac02-e1fe-4dbf-b118-7fecf770eb80-groupManagement] INFO  server.RaftServerConfigKeys (ConfUtils.java:logGet(46)) - raft.server.rpc.request.timeout = 60s (custom)
2023-10-17 18:44:32,674 [a85aac02-e1fe-4dbf-b118-7fecf770eb80-groupManagement] INFO  server.RaftServerConfigKeys (ConfUtils.java:logGet(46)) - raft.server.log.appender.install.snapshot.enabled = false (custom)
2023-10-17 18:44:32,674 [a85aac02-e1fe-4dbf-b118-7fecf770eb80-groupManagement] INFO  server.RaftServerConfigKeys (ConfUtils.java:logGet(46)) - raft.server.threadpool.server.cached = true (default)
2023-10-17 18:44:32,674 [a85aac02-e1fe-4dbf-b118-7fecf770eb80-groupManagement] INFO  server.RaftServerConfigKeys (ConfUtils.java:logGet(46)) - raft.server.threadpool.server.size = 0 (default)
2023-10-17 18:44:32,674 [a85aac02-e1fe-4dbf-b118-7fecf770eb80-groupManagement] INFO  server.RaftServerConfigKeys (ConfUtils.java:logGet(46)) - raft.server.threadpool.client.cached = true (default)
2023-10-17 18:44:32,674 [a85aac02-e1fe-4dbf-b118-7fecf770eb80-groupManagement] INFO  server.RaftServerConfigKeys (ConfUtils.java:logGet(46)) - raft.server.threadpool.client.size = 0 (default)
2023-10-17 18:44:32,674 [a85aac02-e1fe-4dbf-b118-7fecf770eb80-groupManagement] INFO  storage.RaftStorageDirectory (RaftStorageDirectoryImpl.java:analyzeStorage(137)) - The storage directory /home/runner/work/ozone/ozone/hadoop-ozone/integration-test/target/test-dir/MiniOzoneClusterImpl-ee380501-c2be-4155-a337-7349f62bd525/datanode-0/data/ratis/92b318c8-db7b-44eb-8c85-7e202a28c19f does not exist. Creating ...
2023-10-17 18:44:32,683 [a85aac02-e1fe-4dbf-b118-7fecf770eb80-groupManagement] INFO  storage.RaftStorageDirectory (RaftStorageDirectoryImpl.java:tryLock(231)) - Lock on /home/runner/work/ozone/ozone/hadoop-ozone/integration-test/target/test-dir/MiniOzoneClusterImpl-ee380501-c2be-4155-a337-7349f62bd525/datanode-0/data/ratis/92b318c8-db7b-44eb-8c85-7e202a28c19f/in_use.lock acquired by nodename 31914@fv-az189-115
2023-10-17 18:44:32,685 [a85aac02-e1fe-4dbf-b118-7fecf770eb80-groupManagement] INFO  storage.RaftStorage (RaftStorageImpl.java:format(96)) - Storage directory /home/runner/work/ozone/ozone/hadoop-ozone/integration-test/target/test-dir/MiniOzoneClusterImpl-ee380501-c2be-4155-a337-7349f62bd525/datanode-0/data/ratis/92b318c8-db7b-44eb-8c85-7e202a28c19f has been successfully formatted.
2023-10-17 18:44:32,687 [a85aac02-e1fe-4dbf-b118-7fecf770eb80-groupManagement] INFO  ratis.ContainerStateMachine (ContainerStateMachine.java:loadSnapshot(262)) - group-7E202A28C19F: The snapshot info is null. Setting the last applied indexto:(t:0, i:~)
2023-10-17 18:44:32,689 [EventQueue-PipelineReportForPipelineReportHandler] INFO  pipeline.PipelineReportHandler (PipelineReportHandler.java:processPipelineReport(136)) - Opened pipeline PipelineID=92b318c8-db7b-44eb-8c85-7e202a28c19f
2023-10-17 18:44:32,695 [a85aac02-e1fe-4dbf-b118-7fecf770eb80-groupManagement] INFO  server.RaftServerConfigKeys (ConfUtils.java:logGet(46)) - raft.server.log.use.memory = false (default)
2023-10-17 18:44:32,695 [a85aac02-e1fe-4dbf-b118-7fecf770eb80-groupManagement] INFO  server.RaftServerConfigKeys (ConfUtils.java:logGet(46)) - raft.server.log.purge.gap = 1000000 (custom)
2023-10-17 18:44:32,696 [EventQueue-OpenPipelineForHealthyPipelineSafeModeRule] INFO  safemode.SCMSafeModeManager (HealthyPipelineSafeModeRule.java:process(137)) - SCM in safe mode. Healthy pipelines reported count is 0, required healthy pipeline reported count is 1
2023-10-17 18:44:32,697 [a85aac02-e1fe-4dbf-b118-7fecf770eb80-groupManagement] INFO  server.RaftServerConfigKeys (ConfUtils.java:logGet(46)) - raft.server.log.appender.buffer.byte-limit = 33554432 (custom)
2023-10-17 18:44:32,698 [a85aac02-e1fe-4dbf-b118-7fecf770eb80-groupManagement] INFO  server.RaftServerConfigKeys (ConfUtils.java:logGet(46)) - raft.server.log.statemachine.data.read.timeout = 1000ms (default)
2023-10-17 18:44:32,698 [a85aac02-e1fe-4dbf-b118-7fecf770eb80-groupManagement] INFO  server.RaftServerConfigKeys (ConfUtils.java:logGet(46)) - raft.server.log.purge.preservation.log.num = 0 (default)
2023-10-17 18:44:32,698 [a85aac02-e1fe-4dbf-b118-7fecf770eb80-groupManagement] INFO  server.RaftServerConfigKeys (ConfUtils.java:logGet(46)) - raft.server.log.segment.size.max = 1048576 (custom)
2023-10-17 18:44:32,699 [a85aac02-e1fe-4dbf-b118-7fecf770eb80-groupManagement] INFO  server.RaftServerConfigKeys (ConfUtils.java:logGet(46)) - raft.server.log.segment.cache.num.max = 2 (custom)
2023-10-17 18:44:32,699 [a85aac02-e1fe-4dbf-b118-7fecf770eb80-groupManagement] INFO  server.RaftServerConfigKeys (ConfUtils.java:logGet(46)) - raft.server.log.segment.cache.size.max = 200MB (=209715200) (default)
2023-10-17 18:44:32,699 [a85aac02-e1fe-4dbf-b118-7fecf770eb80-groupManagement] INFO  server.RaftServerConfigKeys (ConfUtils.java:logGet(46)) - raft.server.log.appender.buffer.byte-limit = 33554432 (custom)
2023-10-17 18:44:32,699 [a85aac02-e1fe-4dbf-b118-7fecf770eb80-groupManagement] INFO  segmented.SegmentedRaftLogWorker (SegmentedRaftLogWorker.java:<init>(188)) - new a85aac02-e1fe-4dbf-b118-7fecf770eb80@group-7E202A28C19F-SegmentedRaftLogWorker for RaftStorageImpl:Storage Directory /home/runner/work/ozone/ozone/hadoop-ozone/integration-test/target/test-dir/MiniOzoneClusterImpl-ee380501-c2be-4155-a337-7349f62bd525/datanode-0/data/ratis/92b318c8-db7b-44eb-8c85-7e202a28c19f
2023-10-17 18:44:32,699 [a85aac02-e1fe-4dbf-b118-7fecf770eb80-groupManagement] INFO  server.RaftServerConfigKeys (ConfUtils.java:logGet(46)) - raft.server.log.queue.byte-limit = 4294967296 (custom)
2023-10-17 18:44:32,700 [a85aac02-e1fe-4dbf-b118-7fecf770eb80-groupManagement] INFO  server.RaftServerConfigKeys (ConfUtils.java:logGet(46)) - raft.server.log.queue.element-limit = 1024 (custom)
2023-10-17 18:44:32,700 [a85aac02-e1fe-4dbf-b118-7fecf770eb80-groupManagement] INFO  server.RaftServerConfigKeys (ConfUtils.java:logGet(46)) - raft.server.log.segment.size.max = 1048576 (custom)
2023-10-17 18:44:32,700 [a85aac02-e1fe-4dbf-b118-7fecf770eb80-groupManagement] INFO  server.RaftServerConfigKeys (ConfUtils.java:logGet(46)) - raft.server.log.preallocated.size = 16384 (custom)
2023-10-17 18:44:32,700 [a85aac02-e1fe-4dbf-b118-7fecf770eb80-groupManagement] INFO  server.RaftServerConfigKeys (ConfUtils.java:logGet(46)) - raft.server.log.force.sync.num = 128 (default)
2023-10-17 18:44:32,700 [a85aac02-e1fe-4dbf-b118-7fecf770eb80-groupManagement] INFO  server.RaftServerConfigKeys (ConfUtils.java:logGet(46)) - raft.server.log.statemachine.data.sync = true (default)
2023-10-17 18:44:32,700 [a85aac02-e1fe-4dbf-b118-7fecf770eb80-groupManagement] INFO  server.RaftServerConfigKeys (ConfUtils.java:logGet(46)) - raft.server.log.statemachine.data.sync.timeout = 10s (default)
2023-10-17 18:44:32,700 [a85aac02-e1fe-4dbf-b118-7fecf770eb80-groupManagement] INFO  server.RaftServerConfigKeys (ConfUtils.java:logGet(46)) - raft.server.log.statemachine.data.sync.timeout.retry = -1 (default)
2023-10-17 18:44:32,701 [a85aac02-e1fe-4dbf-b118-7fecf770eb80-groupManagement] INFO  server.RaftServerConfigKeys (ConfUtils.java:logGet(46)) - raft.server.log.write.buffer.size = 1048576 (custom)
2023-10-17 18:44:32,702 [a85aac02-e1fe-4dbf-b118-7fecf770eb80-groupManagement] INFO  server.RaftServerConfigKeys (ConfUtils.java:logGet(46)) - raft.server.log.appender.buffer.byte-limit = 33554432 (custom)
2023-10-17 18:44:32,711 [a85aac02-e1fe-4dbf-b118-7fecf770eb80-groupManagement] INFO  server.RaftServerConfigKeys (ConfUtils.java:logGet(46)) - raft.server.log.unsafe-flush.enabled = false (default)
2023-10-17 18:44:32,711 [a85aac02-e1fe-4dbf-b118-7fecf770eb80-groupManagement] INFO  server.RaftServerConfigKeys (ConfUtils.java:logGet(46)) - raft.server.log.async-flush.enabled = false (default)
2023-10-17 18:44:32,711 [a85aac02-e1fe-4dbf-b118-7fecf770eb80-groupManagement] INFO  server.RaftServerConfigKeys (ConfUtils.java:logGet(46)) - raft.server.log.statemachine.data.caching.enabled = true (custom)
2023-10-17 18:44:32,711 [a85aac02-e1fe-4dbf-b118-7fecf770eb80-groupManagement] INFO  segmented.SegmentedRaftLogWorker (SegmentedRaftLogWorker.java:lambda$new$0(135)) - a85aac02-e1fe-4dbf-b118-7fecf770eb80@group-7E202A28C19F-SegmentedRaftLogWorker: flushIndex: setUnconditionally 0 -> -1
2023-10-17 18:44:32,711 [a85aac02-e1fe-4dbf-b118-7fecf770eb80-groupManagement] INFO  segmented.SegmentedRaftLogWorker (SegmentedRaftLogWorker.java:lambda$new$0(135)) - a85aac02-e1fe-4dbf-b118-7fecf770eb80@group-7E202A28C19F-SegmentedRaftLogWorker: safeCacheEvictIndex: setUnconditionally 0 -> -1
2023-10-17 18:44:32,712 [a85aac02-e1fe-4dbf-b118-7fecf770eb80-groupManagement] INFO  server.RaftServer$Division (RaftServerImpl.java:start(342)) - a85aac02-e1fe-4dbf-b118-7fecf770eb80@group-7E202A28C19F: start as a follower, conf=-1: peers:[a85aac02-e1fe-4dbf-b118-7fecf770eb80|rpc:10.1.0.25:15118|admin:10.1.0.25:15117|client:10.1.0.25:15116|dataStream:10.1.0.25:15119|priority:1|startupRole:FOLLOWER]|listeners:[], old=null
2023-10-17 18:44:32,712 [a85aac02-e1fe-4dbf-b118-7fecf770eb80-groupManagement] INFO  server.RaftServer$Division (RaftServerImpl.java:setRole(329)) - a85aac02-e1fe-4dbf-b118-7fecf770eb80@group-7E202A28C19F: changes role from      null to FOLLOWER at term 0 for startAsFollower
2023-10-17 18:44:32,712 [a85aac02-e1fe-4dbf-b118-7fecf770eb80-groupManagement] INFO  impl.RoleInfo (RoleInfo.java:updateAndGet(139)) - a85aac02-e1fe-4dbf-b118-7fecf770eb80: start a85aac02-e1fe-4dbf-b118-7fecf770eb80@group-7E202A28C19F-FollowerState
2023-10-17 18:44:32,712 [a85aac02-e1fe-4dbf-b118-7fecf770eb80-groupManagement] INFO  util.JmxRegister (JmxRegister.java:tryRegister(44)) - Successfully registered JMX Bean with object name Ratis:service=RaftServer,group=group-7E202A28C19F,id=a85aac02-e1fe-4dbf-b118-7fecf770eb80
2023-10-17 18:44:32,712 [a85aac02-e1fe-4dbf-b118-7fecf770eb80-groupManagement] INFO  server.RaftServerConfigKeys (ConfUtils.java:logGet(46)) - raft.server.snapshot.auto.trigger.enabled = true (custom)
2023-10-17 18:44:32,712 [a85aac02-e1fe-4dbf-b118-7fecf770eb80-groupManagement] INFO  server.RaftServerConfigKeys (ConfUtils.java:logGet(46)) - raft.server.snapshot.auto.trigger.threshold = 10000 (custom)
2023-10-17 18:44:32,713 [a85aac02-e1fe-4dbf-b118-7fecf770eb80-groupManagement] INFO  server.RaftServerConfigKeys (ConfUtils.java:logGet(46)) - raft.server.snapshot.retention.file.num = 5 (custom)
2023-10-17 18:44:32,713 [a85aac02-e1fe-4dbf-b118-7fecf770eb80-groupManagement] INFO  server.RaftServerConfigKeys (ConfUtils.java:logGet(46)) - raft.server.log.purge.upto.snapshot.index = false (default)
2023-10-17 18:44:32,713 [a85aac02-e1fe-4dbf-b118-7fecf770eb80@group-7E202A28C19F-FollowerState] INFO  server.RaftServerConfigKeys (ConfUtils.java:logFallback(53)) - raft.server.rpc.first-election.timeout.min = 5s (fallback to raft.server.rpc.timeout.min)
2023-10-17 18:44:32,713 [a85aac02-e1fe-4dbf-b118-7fecf770eb80@group-7E202A28C19F-FollowerState] INFO  server.RaftServerConfigKeys (ConfUtils.java:logFallback(53)) - raft.server.rpc.first-election.timeout.max = 5200ms (fallback to raft.server.rpc.timeout.max)
2023-10-17 18:44:32,714 [PipelineCommandHandlerThread-0] INFO  ratis.XceiverServerRatis (XceiverServerRatis.java:addGroup(804)) - Created group PipelineID=92b318c8-db7b-44eb-8c85-7e202a28c19f
2023-10-17 18:44:32,714 [PipelineCommandHandlerThread-0] INFO  commandhandler.CreatePipelineCommandHandler (CreatePipelineCommandHandler.java:lambda$handle$2(124)) - Created Pipeline RATIS ONE PipelineID=92b318c8-db7b-44eb-8c85-7e202a28c19f.
2023-10-17 18:44:32,714 [PipelineCommandHandlerThread-0] INFO  server.RaftServer (RaftServerProxy.java:addNew(98)) - a85aac02-e1fe-4dbf-b118-7fecf770eb80: addNew group-22AE834CBFF6:[e94707bc-ce25-43e7-a63d-a0dafb7f30ae|rpc:10.1.0.25:15136|admin:10.1.0.25:15135|client:10.1.0.25:15134|dataStream:10.1.0.25:15137|priority:0|startupRole:FOLLOWER, a85aac02-e1fe-4dbf-b118-7fecf770eb80|rpc:10.1.0.25:15118|admin:10.1.0.25:15117|client:10.1.0.25:15116|dataStream:10.1.0.25:15119|priority:0|startupRole:FOLLOWER, cf2e4456-e6b9-4510-a7c5-b0bc85d367c9|rpc:10.1.0.25:15127|admin:10.1.0.25:15126|client:10.1.0.25:15125|dataStream:10.1.0.25:15128|priority:1|startupRole:FOLLOWER] returns group-22AE834CBFF6:java.util.concurrent.CompletableFuture@7431bbfe[Not completed]
2023-10-17 18:44:32,715 [a85aac02-e1fe-4dbf-b118-7fecf770eb80-groupManagement] INFO  server.RaftServer$Division (RaftServerImpl.java:<init>(198)) - a85aac02-e1fe-4dbf-b118-7fecf770eb80: new RaftServerImpl for group-22AE834CBFF6:[e94707bc-ce25-43e7-a63d-a0dafb7f30ae|rpc:10.1.0.25:15136|admin:10.1.0.25:15135|client:10.1.0.25:15134|dataStream:10.1.0.25:15137|priority:0|startupRole:FOLLOWER, a85aac02-e1fe-4dbf-b118-7fecf770eb80|rpc:10.1.0.25:15118|admin:10.1.0.25:15117|client:10.1.0.25:15116|dataStream:10.1.0.25:15119|priority:0|startupRole:FOLLOWER, cf2e4456-e6b9-4510-a7c5-b0bc85d367c9|rpc:10.1.0.25:15127|admin:10.1.0.25:15126|client:10.1.0.25:15125|dataStream:10.1.0.25:15128|priority:1|startupRole:FOLLOWER] with ContainerStateMachine:uninitialized
2023-10-17 18:44:32,715 [a85aac02-e1fe-4dbf-b118-7fecf770eb80-groupManagement] INFO  server.RaftServerConfigKeys (ConfUtils.java:logGet(46)) - raft.server.rpc.timeout.min = 5s (custom)
2023-10-17 18:44:32,715 [a85aac02-e1fe-4dbf-b118-7fecf770eb80-groupManagement] INFO  server.RaftServerConfigKeys (ConfUtils.java:logGet(46)) - raft.server.rpc.timeout.max = 5200ms (custom)
2023-10-17 18:44:32,715 [a85aac02-e1fe-4dbf-b118-7fecf770eb80-groupManagement] INFO  server.RaftServerConfigKeys (ConfUtils.java:logGet(46)) - raft.server.rpc.sleep.time = 25ms (default)
2023-10-17 18:44:32,715 [a85aac02-e1fe-4dbf-b118-7fecf770eb80-groupManagement] INFO  server.RaftServerConfigKeys (ConfUtils.java:logGet(46)) - raft.server.rpc.slowness.timeout = 300s (custom)
2023-10-17 18:44:32,715 [a85aac02-e1fe-4dbf-b118-7fecf770eb80-groupManagement] INFO  server.RaftServerConfigKeys (ConfUtils.java:logGet(46)) - raft.server.leaderelection.leader.step-down.wait-time = 10s (default)
2023-10-17 18:44:32,715 [a85aac02-e1fe-4dbf-b118-7fecf770eb80-groupManagement] INFO  server.RaftServerConfigKeys (ConfUtils.java:logGet(46)) - raft.server.sleep.deviation.threshold = 300ms (default)
2023-10-17 18:44:32,715 [a85aac02-e1fe-4dbf-b118-7fecf770eb80-groupManagement] INFO  server.RaftServer$Division (ServerState.java:<init>(120)) - a85aac02-e1fe-4dbf-b118-7fecf770eb80@group-22AE834CBFF6: ConfigurationManager, init=-1: peers:[e94707bc-ce25-43e7-a63d-a0dafb7f30ae|rpc:10.1.0.25:15136|admin:10.1.0.25:15135|client:10.1.0.25:15134|dataStream:10.1.0.25:15137|priority:0|startupRole:FOLLOWER, a85aac02-e1fe-4dbf-b118-7fecf770eb80|rpc:10.1.0.25:15118|admin:10.1.0.25:15117|client:10.1.0.25:15116|dataStream:10.1.0.25:15119|priority:0|startupRole:FOLLOWER, cf2e4456-e6b9-4510-a7c5-b0bc85d367c9|rpc:10.1.0.25:15127|admin:10.1.0.25:15126|client:10.1.0.25:15125|dataStream:10.1.0.25:15128|priority:1|startupRole:FOLLOWER]|listeners:[], old=null, confs=<EMPTY_MAP>
2023-10-17 18:44:32,715 [a85aac02-e1fe-4dbf-b118-7fecf770eb80-groupManagement] INFO  server.RaftServerConfigKeys (ConfUtils.java:logGet(46)) - raft.server.storage.dir = [/home/runner/work/ozone/ozone/hadoop-ozone/integration-test/target/test-dir/MiniOzoneClusterImpl-ee380501-c2be-4155-a337-7349f62bd525/datanode-0/data/ratis] (custom)
2023-10-17 18:44:32,715 [a85aac02-e1fe-4dbf-b118-7fecf770eb80-groupManagement] INFO  server.RaftServerConfigKeys (ConfUtils.java:logGet(46)) - raft.server.log.corruption.policy = EXCEPTION (default)
2023-10-17 18:44:32,716 [a85aac02-e1fe-4dbf-b118-7fecf770eb80-groupManagement] INFO  server.RaftServerConfigKeys (ConfUtils.java:logGet(46)) - raft.server.storage.free-space.min = 0MB (=0) (default)
2023-10-17 18:44:32,716 [a85aac02-e1fe-4dbf-b118-7fecf770eb80-groupManagement] INFO  server.RaftServerConfigKeys (ConfUtils.java:logGet(46)) - raft.server.notification.no-leader.timeout = 300s (custom)
2023-10-17 18:44:32,716 [a85aac02-e1fe-4dbf-b118-7fecf770eb80-groupManagement] INFO  server.RaftServerConfigKeys (ConfUtils.java:logGet(46)) - raft.server.read.timeout = 10s (default)
2023-10-17 18:44:32,716 [a85aac02-e1fe-4dbf-b118-7fecf770eb80-groupManagement] INFO  server.RaftServerConfigKeys (ConfUtils.java:logGet(46)) - raft.server.retrycache.expirytime = 600000ms (custom)
2023-10-17 18:44:32,716 [a85aac02-e1fe-4dbf-b118-7fecf770eb80-groupManagement] INFO  server.RaftServerConfigKeys (ConfUtils.java:logGet(46)) - raft.server.retrycache.statistics.expirytime = 100μs (default)
2023-10-17 18:44:32,716 [a85aac02-e1fe-4dbf-b118-7fecf770eb80-groupManagement] INFO  server.RaftServerConfigKeys (ConfUtils.java:logGet(46)) - raft.server.read.option = DEFAULT (default)
2023-10-17 18:44:32,717 [a85aac02-e1fe-4dbf-b118-7fecf770eb80-groupManagement] INFO  server.RaftServerConfigKeys (ConfUtils.java:logGet(46)) - raft.server.rpc.request.timeout = 60s (custom)
2023-10-17 18:44:32,717 [a85aac02-e1fe-4dbf-b118-7fecf770eb80-groupManagement] INFO  server.RaftServerConfigKeys (ConfUtils.java:logGet(46)) - raft.server.log.appender.install.snapshot.enabled = false (custom)
2023-10-17 18:44:32,717 [a85aac02-e1fe-4dbf-b118-7fecf770eb80-groupManagement] INFO  server.RaftServerConfigKeys (ConfUtils.java:logGet(46)) - raft.server.threadpool.server.cached = true (default)
2023-10-17 18:44:32,717 [a85aac02-e1fe-4dbf-b118-7fecf770eb80-groupManagement] INFO  server.RaftServerConfigKeys (ConfUtils.java:logGet(46)) - raft.server.threadpool.server.size = 0 (default)
2023-10-17 18:44:32,719 [a85aac02-e1fe-4dbf-b118-7fecf770eb80-groupManagement] INFO  server.RaftServerConfigKeys (ConfUtils.java:logGet(46)) - raft.server.threadpool.client.cached = true (default)
2023-10-17 18:44:32,719 [a85aac02-e1fe-4dbf-b118-7fecf770eb80-groupManagement] INFO  server.RaftServerConfigKeys (ConfUtils.java:logGet(46)) - raft.server.threadpool.client.size = 0 (default)
2023-10-17 18:44:32,719 [a85aac02-e1fe-4dbf-b118-7fecf770eb80-groupManagement] INFO  storage.RaftStorageDirectory (RaftStorageDirectoryImpl.java:analyzeStorage(137)) - The storage directory /home/runner/work/ozone/ozone/hadoop-ozone/integration-test/target/test-dir/MiniOzoneClusterImpl-ee380501-c2be-4155-a337-7349f62bd525/datanode-0/data/ratis/bf818d7c-515a-47b4-863f-22ae834cbff6 does not exist. Creating ...
2023-10-17 18:44:32,720 [a85aac02-e1fe-4dbf-b118-7fecf770eb80-groupManagement] INFO  storage.RaftStorageDirectory (RaftStorageDirectoryImpl.java:tryLock(231)) - Lock on /home/runner/work/ozone/ozone/hadoop-ozone/integration-test/target/test-dir/MiniOzoneClusterImpl-ee380501-c2be-4155-a337-7349f62bd525/datanode-0/data/ratis/bf818d7c-515a-47b4-863f-22ae834cbff6/in_use.lock acquired by nodename 31914@fv-az189-115
2023-10-17 18:44:32,722 [a85aac02-e1fe-4dbf-b118-7fecf770eb80-groupManagement] INFO  storage.RaftStorage (RaftStorageImpl.java:format(96)) - Storage directory /home/runner/work/ozone/ozone/hadoop-ozone/integration-test/target/test-dir/MiniOzoneClusterImpl-ee380501-c2be-4155-a337-7349f62bd525/datanode-0/data/ratis/bf818d7c-515a-47b4-863f-22ae834cbff6 has been successfully formatted.
2023-10-17 18:44:32,722 [a85aac02-e1fe-4dbf-b118-7fecf770eb80-groupManagement] INFO  ratis.ContainerStateMachine (ContainerStateMachine.java:loadSnapshot(262)) - group-22AE834CBFF6: The snapshot info is null. Setting the last applied indexto:(t:0, i:~)
2023-10-17 18:44:32,722 [a85aac02-e1fe-4dbf-b118-7fecf770eb80-groupManagement] INFO  server.RaftServerConfigKeys (ConfUtils.java:logGet(46)) - raft.server.log.use.memory = false (default)
2023-10-17 18:44:32,722 [a85aac02-e1fe-4dbf-b118-7fecf770eb80-groupManagement] INFO  server.RaftServerConfigKeys (ConfUtils.java:logGet(46)) - raft.server.log.purge.gap = 1000000 (custom)
2023-10-17 18:44:32,722 [a85aac02-e1fe-4dbf-b118-7fecf770eb80-groupManagement] INFO  server.RaftServerConfigKeys (ConfUtils.java:logGet(46)) - raft.server.log.appender.buffer.byte-limit = 33554432 (custom)
2023-10-17 18:44:32,723 [a85aac02-e1fe-4dbf-b118-7fecf770eb80-groupManagement] INFO  server.RaftServerConfigKeys (ConfUtils.java:logGet(46)) - raft.server.log.statemachine.data.read.timeout = 1000ms (default)
2023-10-17 18:44:32,723 [a85aac02-e1fe-4dbf-b118-7fecf770eb80-groupManagement] INFO  server.RaftServerConfigKeys (ConfUtils.java:logGet(46)) - raft.server.log.purge.preservation.log.num = 0 (default)
2023-10-17 18:44:32,723 [a85aac02-e1fe-4dbf-b118-7fecf770eb80-groupManagement] INFO  server.RaftServerConfigKeys (ConfUtils.java:logGet(46)) - raft.server.log.segment.size.max = 1048576 (custom)
2023-10-17 18:44:32,724 [a85aac02-e1fe-4dbf-b118-7fecf770eb80-groupManagement] INFO  server.RaftServerConfigKeys (ConfUtils.java:logGet(46)) - raft.server.log.segment.cache.num.max = 2 (custom)
2023-10-17 18:44:32,724 [a85aac02-e1fe-4dbf-b118-7fecf770eb80-groupManagement] INFO  server.RaftServerConfigKeys (ConfUtils.java:logGet(46)) - raft.server.log.segment.cache.size.max = 200MB (=209715200) (default)
2023-10-17 18:44:32,724 [a85aac02-e1fe-4dbf-b118-7fecf770eb80-groupManagement] INFO  server.RaftServerConfigKeys (ConfUtils.java:logGet(46)) - raft.server.log.appender.buffer.byte-limit = 33554432 (custom)
2023-10-17 18:44:32,724 [a85aac02-e1fe-4dbf-b118-7fecf770eb80-groupManagement] INFO  segmented.SegmentedRaftLogWorker (SegmentedRaftLogWorker.java:<init>(188)) - new a85aac02-e1fe-4dbf-b118-7fecf770eb80@group-22AE834CBFF6-SegmentedRaftLogWorker for RaftStorageImpl:Storage Directory /home/runner/work/ozone/ozone/hadoop-ozone/integration-test/target/test-dir/MiniOzoneClusterImpl-ee380501-c2be-4155-a337-7349f62bd525/datanode-0/data/ratis/bf818d7c-515a-47b4-863f-22ae834cbff6
2023-10-17 18:44:32,724 [a85aac02-e1fe-4dbf-b118-7fecf770eb80-groupManagement] INFO  server.RaftServerConfigKeys (ConfUtils.java:logGet(46)) - raft.server.log.queue.byte-limit = 4294967296 (custom)
2023-10-17 18:44:32,724 [a85aac02-e1fe-4dbf-b118-7fecf770eb80-groupManagement] INFO  server.RaftServerConfigKeys (ConfUtils.java:logGet(46)) - raft.server.log.queue.element-limit = 1024 (custom)
2023-10-17 18:44:32,724 [a85aac02-e1fe-4dbf-b118-7fecf770eb80-groupManagement] INFO  server.RaftServerConfigKeys (ConfUtils.java:logGet(46)) - raft.server.log.segment.size.max = 1048576 (custom)
2023-10-17 18:44:32,724 [a85aac02-e1fe-4dbf-b118-7fecf770eb80-groupManagement] INFO  server.RaftServerConfigKeys (ConfUtils.java:logGet(46)) - raft.server.log.preallocated.size = 16384 (custom)
2023-10-17 18:44:32,724 [EventQueue-OpenPipelineForHealthyPipelineSafeModeRule] INFO  safemode.SCMSafeModeManager (HealthyPipelineSafeModeRule.java:process(137)) - SCM in safe mode. Healthy pipelines reported count is 0, required healthy pipeline reported count is 1
2023-10-17 18:44:32,724 [a85aac02-e1fe-4dbf-b118-7fecf770eb80-groupManagement] INFO  server.RaftServerConfigKeys (ConfUtils.java:logGet(46)) - raft.server.log.force.sync.num = 128 (default)
2023-10-17 18:44:32,724 [a85aac02-e1fe-4dbf-b118-7fecf770eb80-groupManagement] INFO  server.RaftServerConfigKeys (ConfUtils.java:logGet(46)) - raft.server.log.statemachine.data.sync = true (default)
2023-10-17 18:44:32,724 [a85aac02-e1fe-4dbf-b118-7fecf770eb80-groupManagement] INFO  server.RaftServerConfigKeys (ConfUtils.java:logGet(46)) - raft.server.log.statemachine.data.sync.timeout = 10s (default)
2023-10-17 18:44:32,724 [a85aac02-e1fe-4dbf-b118-7fecf770eb80-groupManagement] INFO  server.RaftServerConfigKeys (ConfUtils.java:logGet(46)) - raft.server.log.statemachine.data.sync.timeout.retry = -1 (default)
2023-10-17 18:44:32,725 [a85aac02-e1fe-4dbf-b118-7fecf770eb80-groupManagement] INFO  server.RaftServerConfigKeys (ConfUtils.java:logGet(46)) - raft.server.log.write.buffer.size = 1048576 (custom)
2023-10-17 18:44:32,725 [a85aac02-e1fe-4dbf-b118-7fecf770eb80-groupManagement] INFO  server.RaftServerConfigKeys (ConfUtils.java:logGet(46)) - raft.server.log.appender.buffer.byte-limit = 33554432 (custom)
2023-10-17 18:44:32,730 [a85aac02-e1fe-4dbf-b118-7fecf770eb80-groupManagement] INFO  server.RaftServerConfigKeys (ConfUtils.java:logGet(46)) - raft.server.log.unsafe-flush.enabled = false (default)
2023-10-17 18:44:32,730 [a85aac02-e1fe-4dbf-b118-7fecf770eb80-groupManagement] INFO  server.RaftServerConfigKeys (ConfUtils.java:logGet(46)) - raft.server.log.async-flush.enabled = false (default)
2023-10-17 18:44:32,730 [a85aac02-e1fe-4dbf-b118-7fecf770eb80-groupManagement] INFO  server.RaftServerConfigKeys (ConfUtils.java:logGet(46)) - raft.server.log.statemachine.data.caching.enabled = true (custom)
2023-10-17 18:44:32,730 [a85aac02-e1fe-4dbf-b118-7fecf770eb80-groupManagement] INFO  segmented.SegmentedRaftLogWorker (SegmentedRaftLogWorker.java:lambda$new$0(135)) - a85aac02-e1fe-4dbf-b118-7fecf770eb80@group-22AE834CBFF6-SegmentedRaftLogWorker: flushIndex: setUnconditionally 0 -> -1
2023-10-17 18:44:32,730 [a85aac02-e1fe-4dbf-b118-7fecf770eb80-groupManagement] INFO  segmented.SegmentedRaftLogWorker (SegmentedRaftLogWorker.java:lambda$new$0(135)) - a85aac02-e1fe-4dbf-b118-7fecf770eb80@group-22AE834CBFF6-SegmentedRaftLogWorker: safeCacheEvictIndex: setUnconditionally 0 -> -1
2023-10-17 18:44:32,730 [a85aac02-e1fe-4dbf-b118-7fecf770eb80-groupManagement] INFO  server.RaftServer$Division (RaftServerImpl.java:start(342)) - a85aac02-e1fe-4dbf-b118-7fecf770eb80@group-22AE834CBFF6: start as a follower, conf=-1: peers:[e94707bc-ce25-43e7-a63d-a0dafb7f30ae|rpc:10.1.0.25:15136|admin:10.1.0.25:15135|client:10.1.0.25:15134|dataStream:10.1.0.25:15137|priority:0|startupRole:FOLLOWER, a85aac02-e1fe-4dbf-b118-7fecf770eb80|rpc:10.1.0.25:15118|admin:10.1.0.25:15117|client:10.1.0.25:15116|dataStream:10.1.0.25:15119|priority:0|startupRole:FOLLOWER, cf2e4456-e6b9-4510-a7c5-b0bc85d367c9|rpc:10.1.0.25:15127|admin:10.1.0.25:15126|client:10.1.0.25:15125|dataStream:10.1.0.25:15128|priority:1|startupRole:FOLLOWER]|listeners:[], old=null
2023-10-17 18:44:32,731 [a85aac02-e1fe-4dbf-b118-7fecf770eb80-groupManagement] INFO  server.RaftServer$Division (RaftServerImpl.java:setRole(329)) - a85aac02-e1fe-4dbf-b118-7fecf770eb80@group-22AE834CBFF6: changes role from      null to FOLLOWER at term 0 for startAsFollower
2023-10-17 18:44:32,731 [a85aac02-e1fe-4dbf-b118-7fecf770eb80-groupManagement] INFO  impl.RoleInfo (RoleInfo.java:updateAndGet(139)) - a85aac02-e1fe-4dbf-b118-7fecf770eb80: start a85aac02-e1fe-4dbf-b118-7fecf770eb80@group-22AE834CBFF6-FollowerState
2023-10-17 18:44:32,734 [a85aac02-e1fe-4dbf-b118-7fecf770eb80-groupManagement] INFO  util.JmxRegister (JmxRegister.java:tryRegister(44)) - Successfully registered JMX Bean with object name Ratis:service=RaftServer,group=group-22AE834CBFF6,id=a85aac02-e1fe-4dbf-b118-7fecf770eb80
2023-10-17 18:44:32,734 [a85aac02-e1fe-4dbf-b118-7fecf770eb80-groupManagement] INFO  server.RaftServerConfigKeys (ConfUtils.java:logGet(46)) - raft.server.snapshot.auto.trigger.enabled = true (custom)
2023-10-17 18:44:32,734 [a85aac02-e1fe-4dbf-b118-7fecf770eb80-groupManagement] INFO  server.RaftServerConfigKeys (ConfUtils.java:logGet(46)) - raft.server.snapshot.auto.trigger.threshold = 10000 (custom)
2023-10-17 18:44:32,734 [a85aac02-e1fe-4dbf-b118-7fecf770eb80-groupManagement] INFO  server.RaftServerConfigKeys (ConfUtils.java:logGet(46)) - raft.server.snapshot.retention.file.num = 5 (custom)
2023-10-17 18:44:32,734 [a85aac02-e1fe-4dbf-b118-7fecf770eb80-groupManagement] INFO  server.RaftServerConfigKeys (ConfUtils.java:logGet(46)) - raft.server.log.purge.upto.snapshot.index = false (default)
2023-10-17 18:44:32,735 [PipelineCommandHandlerThread-0] INFO  ratis.XceiverServerRatis (XceiverServerRatis.java:addGroup(804)) - Created group PipelineID=bf818d7c-515a-47b4-863f-22ae834cbff6
2023-10-17 18:44:32,736 [a85aac02-e1fe-4dbf-b118-7fecf770eb80@group-22AE834CBFF6-FollowerState] INFO  server.RaftServerConfigKeys (ConfUtils.java:logFallback(53)) - raft.server.rpc.first-election.timeout.min = 5s (fallback to raft.server.rpc.timeout.min)
2023-10-17 18:44:32,736 [a85aac02-e1fe-4dbf-b118-7fecf770eb80@group-22AE834CBFF6-FollowerState] INFO  server.RaftServerConfigKeys (ConfUtils.java:logFallback(53)) - raft.server.rpc.first-election.timeout.max = 5200ms (fallback to raft.server.rpc.timeout.max)
2023-10-17 18:44:32,761 [grpc-default-executor-0] INFO  server.RaftServer (RaftServerProxy.java:addNew(98)) - e94707bc-ce25-43e7-a63d-a0dafb7f30ae: addNew group-22AE834CBFF6:[e94707bc-ce25-43e7-a63d-a0dafb7f30ae|rpc:10.1.0.25:15136|admin:10.1.0.25:15135|client:10.1.0.25:15134|dataStream:10.1.0.25:15137|priority:0|startupRole:FOLLOWER, a85aac02-e1fe-4dbf-b118-7fecf770eb80|rpc:10.1.0.25:15118|admin:10.1.0.25:15117|client:10.1.0.25:15116|dataStream:10.1.0.25:15119|priority:0|startupRole:FOLLOWER, cf2e4456-e6b9-4510-a7c5-b0bc85d367c9|rpc:10.1.0.25:15127|admin:10.1.0.25:15126|client:10.1.0.25:15125|dataStream:10.1.0.25:15128|priority:1|startupRole:FOLLOWER] returns group-22AE834CBFF6:java.util.concurrent.CompletableFuture@198dc29a[Not completed]
2023-10-17 18:44:32,767 [e94707bc-ce25-43e7-a63d-a0dafb7f30ae-groupManagement] INFO  server.RaftServer$Division (RaftServerImpl.java:<init>(198)) - e94707bc-ce25-43e7-a63d-a0dafb7f30ae: new RaftServerImpl for group-22AE834CBFF6:[e94707bc-ce25-43e7-a63d-a0dafb7f30ae|rpc:10.1.0.25:15136|admin:10.1.0.25:15135|client:10.1.0.25:15134|dataStream:10.1.0.25:15137|priority:0|startupRole:FOLLOWER, a85aac02-e1fe-4dbf-b118-7fecf770eb80|rpc:10.1.0.25:15118|admin:10.1.0.25:15117|client:10.1.0.25:15116|dataStream:10.1.0.25:15119|priority:0|startupRole:FOLLOWER, cf2e4456-e6b9-4510-a7c5-b0bc85d367c9|rpc:10.1.0.25:15127|admin:10.1.0.25:15126|client:10.1.0.25:15125|dataStream:10.1.0.25:15128|priority:1|startupRole:FOLLOWER] with ContainerStateMachine:uninitialized
2023-10-17 18:44:32,767 [e94707bc-ce25-43e7-a63d-a0dafb7f30ae-groupManagement] INFO  server.RaftServerConfigKeys (ConfUtils.java:logGet(46)) - raft.server.rpc.timeout.min = 5s (custom)
2023-10-17 18:44:32,769 [e94707bc-ce25-43e7-a63d-a0dafb7f30ae-groupManagement] INFO  server.RaftServerConfigKeys (ConfUtils.java:logGet(46)) - raft.server.rpc.timeout.max = 5200ms (custom)
2023-10-17 18:44:32,769 [e94707bc-ce25-43e7-a63d-a0dafb7f30ae-groupManagement] INFO  server.RaftServerConfigKeys (ConfUtils.java:logGet(46)) - raft.server.rpc.sleep.time = 25ms (default)
2023-10-17 18:44:32,769 [e94707bc-ce25-43e7-a63d-a0dafb7f30ae-groupManagement] INFO  server.RaftServerConfigKeys (ConfUtils.java:logGet(46)) - raft.server.rpc.slowness.timeout = 300s (custom)
2023-10-17 18:44:32,769 [e94707bc-ce25-43e7-a63d-a0dafb7f30ae-groupManagement] INFO  server.RaftServerConfigKeys (ConfUtils.java:logGet(46)) - raft.server.leaderelection.leader.step-down.wait-time = 10s (default)
2023-10-17 18:44:32,769 [e94707bc-ce25-43e7-a63d-a0dafb7f30ae-groupManagement] INFO  server.RaftServerConfigKeys (ConfUtils.java:logGet(46)) - raft.server.sleep.deviation.threshold = 300ms (default)
2023-10-17 18:44:32,769 [e94707bc-ce25-43e7-a63d-a0dafb7f30ae-groupManagement] INFO  server.RaftServer$Division (ServerState.java:<init>(120)) - e94707bc-ce25-43e7-a63d-a0dafb7f30ae@group-22AE834CBFF6: ConfigurationManager, init=-1: peers:[e94707bc-ce25-43e7-a63d-a0dafb7f30ae|rpc:10.1.0.25:15136|admin:10.1.0.25:15135|client:10.1.0.25:15134|dataStream:10.1.0.25:15137|priority:0|startupRole:FOLLOWER, a85aac02-e1fe-4dbf-b118-7fecf770eb80|rpc:10.1.0.25:15118|admin:10.1.0.25:15117|client:10.1.0.25:15116|dataStream:10.1.0.25:15119|priority:0|startupRole:FOLLOWER, cf2e4456-e6b9-4510-a7c5-b0bc85d367c9|rpc:10.1.0.25:15127|admin:10.1.0.25:15126|client:10.1.0.25:15125|dataStream:10.1.0.25:15128|priority:1|startupRole:FOLLOWER]|listeners:[], old=null, confs=<EMPTY_MAP>
2023-10-17 18:44:32,769 [e94707bc-ce25-43e7-a63d-a0dafb7f30ae-groupManagement] INFO  server.RaftServerConfigKeys (ConfUtils.java:logGet(46)) - raft.server.storage.dir = [/home/runner/work/ozone/ozone/hadoop-ozone/integration-test/target/test-dir/MiniOzoneClusterImpl-ee380501-c2be-4155-a337-7349f62bd525/datanode-2/data/ratis] (custom)
2023-10-17 18:44:32,769 [e94707bc-ce25-43e7-a63d-a0dafb7f30ae-groupManagement] INFO  server.RaftServerConfigKeys (ConfUtils.java:logGet(46)) - raft.server.log.corruption.policy = EXCEPTION (default)
2023-10-17 18:44:32,769 [e94707bc-ce25-43e7-a63d-a0dafb7f30ae-groupManagement] INFO  server.RaftServerConfigKeys (ConfUtils.java:logGet(46)) - raft.server.storage.free-space.min = 0MB (=0) (default)
2023-10-17 18:44:32,770 [e94707bc-ce25-43e7-a63d-a0dafb7f30ae-groupManagement] INFO  server.RaftServerConfigKeys (ConfUtils.java:logGet(46)) - raft.server.notification.no-leader.timeout = 300s (custom)
2023-10-17 18:44:32,770 [e94707bc-ce25-43e7-a63d-a0dafb7f30ae-groupManagement] INFO  server.RaftServerConfigKeys (ConfUtils.java:logGet(46)) - raft.server.read.timeout = 10s (default)
2023-10-17 18:44:32,770 [e94707bc-ce25-43e7-a63d-a0dafb7f30ae-groupManagement] INFO  server.RaftServerConfigKeys (ConfUtils.java:logGet(46)) - raft.server.retrycache.expirytime = 600000ms (custom)
2023-10-17 18:44:32,770 [e94707bc-ce25-43e7-a63d-a0dafb7f30ae-groupManagement] INFO  server.RaftServerConfigKeys (ConfUtils.java:logGet(46)) - raft.server.retrycache.statistics.expirytime = 100μs (default)
2023-10-17 18:44:32,770 [e94707bc-ce25-43e7-a63d-a0dafb7f30ae-groupManagement] INFO  server.RaftServerConfigKeys (ConfUtils.java:logGet(46)) - raft.server.read.option = DEFAULT (default)
2023-10-17 18:44:32,771 [e94707bc-ce25-43e7-a63d-a0dafb7f30ae-groupManagement] INFO  server.RaftServerConfigKeys (ConfUtils.java:logGet(46)) - raft.server.rpc.request.timeout = 60s (custom)
2023-10-17 18:44:32,771 [e94707bc-ce25-43e7-a63d-a0dafb7f30ae-groupManagement] INFO  server.RaftServerConfigKeys (ConfUtils.java:logGet(46)) - raft.server.log.appender.install.snapshot.enabled = false (custom)
2023-10-17 18:44:32,771 [e94707bc-ce25-43e7-a63d-a0dafb7f30ae-groupManagement] INFO  server.RaftServerConfigKeys (ConfUtils.java:logGet(46)) - raft.server.threadpool.server.cached = true (default)
2023-10-17 18:44:32,771 [e94707bc-ce25-43e7-a63d-a0dafb7f30ae-groupManagement] INFO  server.RaftServerConfigKeys (ConfUtils.java:logGet(46)) - raft.server.threadpool.server.size = 0 (default)
2023-10-17 18:44:32,771 [e94707bc-ce25-43e7-a63d-a0dafb7f30ae-groupManagement] INFO  server.RaftServerConfigKeys (ConfUtils.java:logGet(46)) - raft.server.threadpool.client.cached = true (default)
2023-10-17 18:44:32,771 [e94707bc-ce25-43e7-a63d-a0dafb7f30ae-groupManagement] INFO  server.RaftServerConfigKeys (ConfUtils.java:logGet(46)) - raft.server.threadpool.client.size = 0 (default)
2023-10-17 18:44:32,771 [e94707bc-ce25-43e7-a63d-a0dafb7f30ae-groupManagement] INFO  storage.RaftStorageDirectory (RaftStorageDirectoryImpl.java:analyzeStorage(137)) - The storage directory /home/runner/work/ozone/ozone/hadoop-ozone/integration-test/target/test-dir/MiniOzoneClusterImpl-ee380501-c2be-4155-a337-7349f62bd525/datanode-2/data/ratis/bf818d7c-515a-47b4-863f-22ae834cbff6 does not exist. Creating ...
2023-10-17 18:44:32,774 [e94707bc-ce25-43e7-a63d-a0dafb7f30ae-groupManagement] INFO  storage.RaftStorageDirectory (RaftStorageDirectoryImpl.java:tryLock(231)) - Lock on /home/runner/work/ozone/ozone/hadoop-ozone/integration-test/target/test-dir/MiniOzoneClusterImpl-ee380501-c2be-4155-a337-7349f62bd525/datanode-2/data/ratis/bf818d7c-515a-47b4-863f-22ae834cbff6/in_use.lock acquired by nodename 31914@fv-az189-115
2023-10-17 18:44:32,775 [e94707bc-ce25-43e7-a63d-a0dafb7f30ae-groupManagement] INFO  storage.RaftStorage (RaftStorageImpl.java:format(96)) - Storage directory /home/runner/work/ozone/ozone/hadoop-ozone/integration-test/target/test-dir/MiniOzoneClusterImpl-ee380501-c2be-4155-a337-7349f62bd525/datanode-2/data/ratis/bf818d7c-515a-47b4-863f-22ae834cbff6 has been successfully formatted.
2023-10-17 18:44:32,776 [e94707bc-ce25-43e7-a63d-a0dafb7f30ae-groupManagement] INFO  ratis.ContainerStateMachine (ContainerStateMachine.java:loadSnapshot(262)) - group-22AE834CBFF6: The snapshot info is null. Setting the last applied indexto:(t:0, i:~)
2023-10-17 18:44:32,780 [e94707bc-ce25-43e7-a63d-a0dafb7f30ae-groupManagement] INFO  server.RaftServerConfigKeys (ConfUtils.java:logGet(46)) - raft.server.log.use.memory = false (default)
2023-10-17 18:44:32,781 [e94707bc-ce25-43e7-a63d-a0dafb7f30ae-groupManagement] INFO  server.RaftServerConfigKeys (ConfUtils.java:logGet(46)) - raft.server.log.purge.gap = 1000000 (custom)
2023-10-17 18:44:32,781 [e94707bc-ce25-43e7-a63d-a0dafb7f30ae-groupManagement] INFO  server.RaftServerConfigKeys (ConfUtils.java:logGet(46)) - raft.server.log.appender.buffer.byte-limit = 33554432 (custom)
2023-10-17 18:44:32,781 [e94707bc-ce25-43e7-a63d-a0dafb7f30ae-groupManagement] INFO  server.RaftServerConfigKeys (ConfUtils.java:logGet(46)) - raft.server.log.statemachine.data.read.timeout = 1000ms (default)
2023-10-17 18:44:32,781 [e94707bc-ce25-43e7-a63d-a0dafb7f30ae-groupManagement] INFO  server.RaftServerConfigKeys (ConfUtils.java:logGet(46)) - raft.server.log.purge.preservation.log.num = 0 (default)
2023-10-17 18:44:32,781 [e94707bc-ce25-43e7-a63d-a0dafb7f30ae-groupManagement] INFO  server.RaftServerConfigKeys (ConfUtils.java:logGet(46)) - raft.server.log.segment.size.max = 1048576 (custom)
2023-10-17 18:44:32,781 [e94707bc-ce25-43e7-a63d-a0dafb7f30ae-groupManagement] INFO  server.RaftServerConfigKeys (ConfUtils.java:logGet(46)) - raft.server.log.segment.cache.num.max = 2 (custom)
2023-10-17 18:44:32,781 [e94707bc-ce25-43e7-a63d-a0dafb7f30ae-groupManagement] INFO  server.RaftServerConfigKeys (ConfUtils.java:logGet(46)) - raft.server.log.segment.cache.size.max = 200MB (=209715200) (default)
2023-10-17 18:44:32,781 [e94707bc-ce25-43e7-a63d-a0dafb7f30ae-groupManagement] INFO  server.RaftServerConfigKeys (ConfUtils.java:logGet(46)) - raft.server.log.appender.buffer.byte-limit = 33554432 (custom)
2023-10-17 18:44:32,781 [e94707bc-ce25-43e7-a63d-a0dafb7f30ae-groupManagement] INFO  segmented.SegmentedRaftLogWorker (SegmentedRaftLogWorker.java:<init>(188)) - new e94707bc-ce25-43e7-a63d-a0dafb7f30ae@group-22AE834CBFF6-SegmentedRaftLogWorker for RaftStorageImpl:Storage Directory /home/runner/work/ozone/ozone/hadoop-ozone/integration-test/target/test-dir/MiniOzoneClusterImpl-ee380501-c2be-4155-a337-7349f62bd525/datanode-2/data/ratis/bf818d7c-515a-47b4-863f-22ae834cbff6
2023-10-17 18:44:32,781 [e94707bc-ce25-43e7-a63d-a0dafb7f30ae-groupManagement] INFO  server.RaftServerConfigKeys (ConfUtils.java:logGet(46)) - raft.server.log.queue.byte-limit = 4294967296 (custom)
2023-10-17 18:44:32,781 [e94707bc-ce25-43e7-a63d-a0dafb7f30ae-groupManagement] INFO  server.RaftServerConfigKeys (ConfUtils.java:logGet(46)) - raft.server.log.queue.element-limit = 1024 (custom)
2023-10-17 18:44:32,782 [e94707bc-ce25-43e7-a63d-a0dafb7f30ae-groupManagement] INFO  server.RaftServerConfigKeys (ConfUtils.java:logGet(46)) - raft.server.log.segment.size.max = 1048576 (custom)
2023-10-17 18:44:32,782 [e94707bc-ce25-43e7-a63d-a0dafb7f30ae-groupManagement] INFO  server.RaftServerConfigKeys (ConfUtils.java:logGet(46)) - raft.server.log.preallocated.size = 16384 (custom)
2023-10-17 18:44:32,782 [e94707bc-ce25-43e7-a63d-a0dafb7f30ae-groupManagement] INFO  server.RaftServerConfigKeys (ConfUtils.java:logGet(46)) - raft.server.log.force.sync.num = 128 (default)
2023-10-17 18:44:32,783 [e94707bc-ce25-43e7-a63d-a0dafb7f30ae-groupManagement] INFO  server.RaftServerConfigKeys (ConfUtils.java:logGet(46)) - raft.server.log.statemachine.data.sync = true (default)
2023-10-17 18:44:32,783 [e94707bc-ce25-43e7-a63d-a0dafb7f30ae-groupManagement] INFO  server.RaftServerConfigKeys (ConfUtils.java:logGet(46)) - raft.server.log.statemachine.data.sync.timeout = 10s (default)
2023-10-17 18:44:32,783 [e94707bc-ce25-43e7-a63d-a0dafb7f30ae-groupManagement] INFO  server.RaftServerConfigKeys (ConfUtils.java:logGet(46)) - raft.server.log.statemachine.data.sync.timeout.retry = -1 (default)
2023-10-17 18:44:32,783 [e94707bc-ce25-43e7-a63d-a0dafb7f30ae-groupManagement] INFO  server.RaftServerConfigKeys (ConfUtils.java:logGet(46)) - raft.server.log.write.buffer.size = 1048576 (custom)
2023-10-17 18:44:32,784 [e94707bc-ce25-43e7-a63d-a0dafb7f30ae-groupManagement] INFO  server.RaftServerConfigKeys (ConfUtils.java:logGet(46)) - raft.server.log.appender.buffer.byte-limit = 33554432 (custom)
2023-10-17 18:44:32,790 [e94707bc-ce25-43e7-a63d-a0dafb7f30ae-groupManagement] INFO  server.RaftServerConfigKeys (ConfUtils.java:logGet(46)) - raft.server.log.unsafe-flush.enabled = false (default)
2023-10-17 18:44:32,790 [e94707bc-ce25-43e7-a63d-a0dafb7f30ae-groupManagement] INFO  server.RaftServerConfigKeys (ConfUtils.java:logGet(46)) - raft.server.log.async-flush.enabled = false (default)
2023-10-17 18:44:32,790 [e94707bc-ce25-43e7-a63d-a0dafb7f30ae-groupManagement] INFO  server.RaftServerConfigKeys (ConfUtils.java:logGet(46)) - raft.server.log.statemachine.data.caching.enabled = true (custom)
2023-10-17 18:44:32,790 [e94707bc-ce25-43e7-a63d-a0dafb7f30ae-groupManagement] INFO  segmented.SegmentedRaftLogWorker (SegmentedRaftLogWorker.java:lambda$new$0(135)) - e94707bc-ce25-43e7-a63d-a0dafb7f30ae@group-22AE834CBFF6-SegmentedRaftLogWorker: flushIndex: setUnconditionally 0 -> -1
2023-10-17 18:44:32,790 [e94707bc-ce25-43e7-a63d-a0dafb7f30ae-groupManagement] INFO  segmented.SegmentedRaftLogWorker (SegmentedRaftLogWorker.java:lambda$new$0(135)) - e94707bc-ce25-43e7-a63d-a0dafb7f30ae@group-22AE834CBFF6-SegmentedRaftLogWorker: safeCacheEvictIndex: setUnconditionally 0 -> -1
2023-10-17 18:44:32,790 [e94707bc-ce25-43e7-a63d-a0dafb7f30ae-groupManagement] INFO  server.RaftServer$Division (RaftServerImpl.java:start(342)) - e94707bc-ce25-43e7-a63d-a0dafb7f30ae@group-22AE834CBFF6: start as a follower, conf=-1: peers:[e94707bc-ce25-43e7-a63d-a0dafb7f30ae|rpc:10.1.0.25:15136|admin:10.1.0.25:15135|client:10.1.0.25:15134|dataStream:10.1.0.25:15137|priority:0|startupRole:FOLLOWER, a85aac02-e1fe-4dbf-b118-7fecf770eb80|rpc:10.1.0.25:15118|admin:10.1.0.25:15117|client:10.1.0.25:15116|dataStream:10.1.0.25:15119|priority:0|startupRole:FOLLOWER, cf2e4456-e6b9-4510-a7c5-b0bc85d367c9|rpc:10.1.0.25:15127|admin:10.1.0.25:15126|client:10.1.0.25:15125|dataStream:10.1.0.25:15128|priority:1|startupRole:FOLLOWER]|listeners:[], old=null
2023-10-17 18:44:32,790 [e94707bc-ce25-43e7-a63d-a0dafb7f30ae-groupManagement] INFO  server.RaftServer$Division (RaftServerImpl.java:setRole(329)) - e94707bc-ce25-43e7-a63d-a0dafb7f30ae@group-22AE834CBFF6: changes role from      null to FOLLOWER at term 0 for startAsFollower
2023-10-17 18:44:32,790 [e94707bc-ce25-43e7-a63d-a0dafb7f30ae-groupManagement] INFO  impl.RoleInfo (RoleInfo.java:updateAndGet(139)) - e94707bc-ce25-43e7-a63d-a0dafb7f30ae: start e94707bc-ce25-43e7-a63d-a0dafb7f30ae@group-22AE834CBFF6-FollowerState
2023-10-17 18:44:32,794 [e94707bc-ce25-43e7-a63d-a0dafb7f30ae-groupManagement] INFO  util.JmxRegister (JmxRegister.java:tryRegister(44)) - Successfully registered JMX Bean with object name Ratis:service=RaftServer,group=group-22AE834CBFF6,id=e94707bc-ce25-43e7-a63d-a0dafb7f30ae
2023-10-17 18:44:32,794 [e94707bc-ce25-43e7-a63d-a0dafb7f30ae-groupManagement] INFO  server.RaftServerConfigKeys (ConfUtils.java:logGet(46)) - raft.server.snapshot.auto.trigger.enabled = true (custom)
2023-10-17 18:44:32,794 [e94707bc-ce25-43e7-a63d-a0dafb7f30ae-groupManagement] INFO  server.RaftServerConfigKeys (ConfUtils.java:logGet(46)) - raft.server.snapshot.auto.trigger.threshold = 10000 (custom)
2023-10-17 18:44:32,794 [e94707bc-ce25-43e7-a63d-a0dafb7f30ae-groupManagement] INFO  server.RaftServerConfigKeys (ConfUtils.java:logGet(46)) - raft.server.snapshot.retention.file.num = 5 (custom)
2023-10-17 18:44:32,794 [e94707bc-ce25-43e7-a63d-a0dafb7f30ae-groupManagement] INFO  server.RaftServerConfigKeys (ConfUtils.java:logGet(46)) - raft.server.log.purge.upto.snapshot.index = false (default)
2023-10-17 18:44:32,795 [e94707bc-ce25-43e7-a63d-a0dafb7f30ae@group-22AE834CBFF6-FollowerState] INFO  server.RaftServerConfigKeys (ConfUtils.java:logFallback(53)) - raft.server.rpc.first-election.timeout.min = 5s (fallback to raft.server.rpc.timeout.min)
2023-10-17 18:44:32,795 [e94707bc-ce25-43e7-a63d-a0dafb7f30ae@group-22AE834CBFF6-FollowerState] INFO  server.RaftServerConfigKeys (ConfUtils.java:logFallback(53)) - raft.server.rpc.first-election.timeout.max = 5200ms (fallback to raft.server.rpc.timeout.max)
2023-10-17 18:44:32,822 [grpc-default-executor-0] INFO  server.RaftServer (RaftServerProxy.java:addNew(98)) - cf2e4456-e6b9-4510-a7c5-b0bc85d367c9: addNew group-22AE834CBFF6:[e94707bc-ce25-43e7-a63d-a0dafb7f30ae|rpc:10.1.0.25:15136|admin:10.1.0.25:15135|client:10.1.0.25:15134|dataStream:10.1.0.25:15137|priority:0|startupRole:FOLLOWER, a85aac02-e1fe-4dbf-b118-7fecf770eb80|rpc:10.1.0.25:15118|admin:10.1.0.25:15117|client:10.1.0.25:15116|dataStream:10.1.0.25:15119|priority:0|startupRole:FOLLOWER, cf2e4456-e6b9-4510-a7c5-b0bc85d367c9|rpc:10.1.0.25:15127|admin:10.1.0.25:15126|client:10.1.0.25:15125|dataStream:10.1.0.25:15128|priority:1|startupRole:FOLLOWER] returns group-22AE834CBFF6:java.util.concurrent.CompletableFuture@50f8fbc1[Not completed]
2023-10-17 18:44:32,826 [cf2e4456-e6b9-4510-a7c5-b0bc85d367c9-groupManagement] INFO  server.RaftServer$Division (RaftServerImpl.java:<init>(198)) - cf2e4456-e6b9-4510-a7c5-b0bc85d367c9: new RaftServerImpl for group-22AE834CBFF6:[e94707bc-ce25-43e7-a63d-a0dafb7f30ae|rpc:10.1.0.25:15136|admin:10.1.0.25:15135|client:10.1.0.25:15134|dataStream:10.1.0.25:15137|priority:0|startupRole:FOLLOWER, a85aac02-e1fe-4dbf-b118-7fecf770eb80|rpc:10.1.0.25:15118|admin:10.1.0.25:15117|client:10.1.0.25:15116|dataStream:10.1.0.25:15119|priority:0|startupRole:FOLLOWER, cf2e4456-e6b9-4510-a7c5-b0bc85d367c9|rpc:10.1.0.25:15127|admin:10.1.0.25:15126|client:10.1.0.25:15125|dataStream:10.1.0.25:15128|priority:1|startupRole:FOLLOWER] with ContainerStateMachine:uninitialized
2023-10-17 18:44:32,826 [cf2e4456-e6b9-4510-a7c5-b0bc85d367c9-groupManagement] INFO  server.RaftServerConfigKeys (ConfUtils.java:logGet(46)) - raft.server.rpc.timeout.min = 5s (custom)
2023-10-17 18:44:32,827 [cf2e4456-e6b9-4510-a7c5-b0bc85d367c9-groupManagement] INFO  server.RaftServerConfigKeys (ConfUtils.java:logGet(46)) - raft.server.rpc.timeout.max = 5200ms (custom)
2023-10-17 18:44:32,827 [cf2e4456-e6b9-4510-a7c5-b0bc85d367c9-groupManagement] INFO  server.RaftServerConfigKeys (ConfUtils.java:logGet(46)) - raft.server.rpc.sleep.time = 25ms (default)
2023-10-17 18:44:32,827 [cf2e4456-e6b9-4510-a7c5-b0bc85d367c9-groupManagement] INFO  server.RaftServerConfigKeys (ConfUtils.java:logGet(46)) - raft.server.rpc.slowness.timeout = 300s (custom)
2023-10-17 18:44:32,827 [cf2e4456-e6b9-4510-a7c5-b0bc85d367c9-groupManagement] INFO  server.RaftServerConfigKeys (ConfUtils.java:logGet(46)) - raft.server.leaderelection.leader.step-down.wait-time = 10s (default)
2023-10-17 18:44:32,828 [cf2e4456-e6b9-4510-a7c5-b0bc85d367c9-groupManagement] INFO  server.RaftServerConfigKeys (ConfUtils.java:logGet(46)) - raft.server.sleep.deviation.threshold = 300ms (default)
2023-10-17 18:44:32,828 [cf2e4456-e6b9-4510-a7c5-b0bc85d367c9-groupManagement] INFO  server.RaftServer$Division (ServerState.java:<init>(120)) - cf2e4456-e6b9-4510-a7c5-b0bc85d367c9@group-22AE834CBFF6: ConfigurationManager, init=-1: peers:[e94707bc-ce25-43e7-a63d-a0dafb7f30ae|rpc:10.1.0.25:15136|admin:10.1.0.25:15135|client:10.1.0.25:15134|dataStream:10.1.0.25:15137|priority:0|startupRole:FOLLOWER, a85aac02-e1fe-4dbf-b118-7fecf770eb80|rpc:10.1.0.25:15118|admin:10.1.0.25:15117|client:10.1.0.25:15116|dataStream:10.1.0.25:15119|priority:0|startupRole:FOLLOWER, cf2e4456-e6b9-4510-a7c5-b0bc85d367c9|rpc:10.1.0.25:15127|admin:10.1.0.25:15126|client:10.1.0.25:15125|dataStream:10.1.0.25:15128|priority:1|startupRole:FOLLOWER]|listeners:[], old=null, confs=<EMPTY_MAP>
2023-10-17 18:44:32,828 [cf2e4456-e6b9-4510-a7c5-b0bc85d367c9-groupManagement] INFO  server.RaftServerConfigKeys (ConfUtils.java:logGet(46)) - raft.server.storage.dir = [/home/runner/work/ozone/ozone/hadoop-ozone/integration-test/target/test-dir/MiniOzoneClusterImpl-ee380501-c2be-4155-a337-7349f62bd525/datanode-1/data/ratis] (custom)
2023-10-17 18:44:32,828 [cf2e4456-e6b9-4510-a7c5-b0bc85d367c9-groupManagement] INFO  server.RaftServerConfigKeys (ConfUtils.java:logGet(46)) - raft.server.log.corruption.policy = EXCEPTION (default)
2023-10-17 18:44:32,828 [cf2e4456-e6b9-4510-a7c5-b0bc85d367c9-groupManagement] INFO  server.RaftServerConfigKeys (ConfUtils.java:logGet(46)) - raft.server.storage.free-space.min = 0MB (=0) (default)
2023-10-17 18:44:32,828 [cf2e4456-e6b9-4510-a7c5-b0bc85d367c9-groupManagement] INFO  server.RaftServerConfigKeys (ConfUtils.java:logGet(46)) - raft.server.notification.no-leader.timeout = 300s (custom)
2023-10-17 18:44:32,828 [cf2e4456-e6b9-4510-a7c5-b0bc85d367c9-groupManagement] INFO  server.RaftServerConfigKeys (ConfUtils.java:logGet(46)) - raft.server.read.timeout = 10s (default)
2023-10-17 18:44:32,828 [cf2e4456-e6b9-4510-a7c5-b0bc85d367c9-groupManagement] INFO  server.RaftServerConfigKeys (ConfUtils.java:logGet(46)) - raft.server.retrycache.expirytime = 600000ms (custom)
2023-10-17 18:44:32,828 [cf2e4456-e6b9-4510-a7c5-b0bc85d367c9-groupManagement] INFO  server.RaftServerConfigKeys (ConfUtils.java:logGet(46)) - raft.server.retrycache.statistics.expirytime = 100μs (default)
2023-10-17 18:44:32,828 [cf2e4456-e6b9-4510-a7c5-b0bc85d367c9-groupManagement] INFO  server.RaftServerConfigKeys (ConfUtils.java:logGet(46)) - raft.server.read.option = DEFAULT (default)
2023-10-17 18:44:32,830 [cf2e4456-e6b9-4510-a7c5-b0bc85d367c9-groupManagement] INFO  server.RaftServerConfigKeys (ConfUtils.java:logGet(46)) - raft.server.rpc.request.timeout = 60s (custom)
2023-10-17 18:44:32,830 [cf2e4456-e6b9-4510-a7c5-b0bc85d367c9-groupManagement] INFO  server.RaftServerConfigKeys (ConfUtils.java:logGet(46)) - raft.server.log.appender.install.snapshot.enabled = false (custom)
2023-10-17 18:44:32,830 [cf2e4456-e6b9-4510-a7c5-b0bc85d367c9-groupManagement] INFO  server.RaftServerConfigKeys (ConfUtils.java:logGet(46)) - raft.server.threadpool.server.cached = true (default)
2023-10-17 18:44:32,830 [cf2e4456-e6b9-4510-a7c5-b0bc85d367c9-groupManagement] INFO  server.RaftServerConfigKeys (ConfUtils.java:logGet(46)) - raft.server.threadpool.server.size = 0 (default)
2023-10-17 18:44:32,830 [cf2e4456-e6b9-4510-a7c5-b0bc85d367c9-groupManagement] INFO  server.RaftServerConfigKeys (ConfUtils.java:logGet(46)) - raft.server.threadpool.client.cached = true (default)
2023-10-17 18:44:32,830 [cf2e4456-e6b9-4510-a7c5-b0bc85d367c9-groupManagement] INFO  server.RaftServerConfigKeys (ConfUtils.java:logGet(46)) - raft.server.threadpool.client.size = 0 (default)
2023-10-17 18:44:32,830 [cf2e4456-e6b9-4510-a7c5-b0bc85d367c9-groupManagement] INFO  storage.RaftStorageDirectory (RaftStorageDirectoryImpl.java:analyzeStorage(137)) - The storage directory /home/runner/work/ozone/ozone/hadoop-ozone/integration-test/target/test-dir/MiniOzoneClusterImpl-ee380501-c2be-4155-a337-7349f62bd525/datanode-1/data/ratis/bf818d7c-515a-47b4-863f-22ae834cbff6 does not exist. Creating ...
2023-10-17 18:44:32,833 [cf2e4456-e6b9-4510-a7c5-b0bc85d367c9-groupManagement] INFO  storage.RaftStorageDirectory (RaftStorageDirectoryImpl.java:tryLock(231)) - Lock on /home/runner/work/ozone/ozone/hadoop-ozone/integration-test/target/test-dir/MiniOzoneClusterImpl-ee380501-c2be-4155-a337-7349f62bd525/datanode-1/data/ratis/bf818d7c-515a-47b4-863f-22ae834cbff6/in_use.lock acquired by nodename 31914@fv-az189-115
2023-10-17 18:44:32,834 [cf2e4456-e6b9-4510-a7c5-b0bc85d367c9-groupManagement] INFO  storage.RaftStorage (RaftStorageImpl.java:format(96)) - Storage directory /home/runner/work/ozone/ozone/hadoop-ozone/integration-test/target/test-dir/MiniOzoneClusterImpl-ee380501-c2be-4155-a337-7349f62bd525/datanode-1/data/ratis/bf818d7c-515a-47b4-863f-22ae834cbff6 has been successfully formatted.
2023-10-17 18:44:32,837 [cf2e4456-e6b9-4510-a7c5-b0bc85d367c9-groupManagement] INFO  ratis.ContainerStateMachine (ContainerStateMachine.java:loadSnapshot(262)) - group-22AE834CBFF6: The snapshot info is null. Setting the last applied indexto:(t:0, i:~)
2023-10-17 18:44:32,837 [cf2e4456-e6b9-4510-a7c5-b0bc85d367c9-groupManagement] INFO  server.RaftServerConfigKeys (ConfUtils.java:logGet(46)) - raft.server.log.use.memory = false (default)
2023-10-17 18:44:32,837 [cf2e4456-e6b9-4510-a7c5-b0bc85d367c9-groupManagement] INFO  server.RaftServerConfigKeys (ConfUtils.java:logGet(46)) - raft.server.log.purge.gap = 1000000 (custom)
2023-10-17 18:44:32,837 [cf2e4456-e6b9-4510-a7c5-b0bc85d367c9-groupManagement] INFO  server.RaftServerConfigKeys (ConfUtils.java:logGet(46)) - raft.server.log.appender.buffer.byte-limit = 33554432 (custom)
2023-10-17 18:44:32,838 [cf2e4456-e6b9-4510-a7c5-b0bc85d367c9-groupManagement] INFO  server.RaftServerConfigKeys (ConfUtils.java:logGet(46)) - raft.server.log.statemachine.data.read.timeout = 1000ms (default)
2023-10-17 18:44:32,838 [cf2e4456-e6b9-4510-a7c5-b0bc85d367c9-groupManagement] INFO  server.RaftServerConfigKeys (ConfUtils.java:logGet(46)) - raft.server.log.purge.preservation.log.num = 0 (default)
2023-10-17 18:44:32,838 [cf2e4456-e6b9-4510-a7c5-b0bc85d367c9-groupManagement] INFO  server.RaftServerConfigKeys (ConfUtils.java:logGet(46)) - raft.server.log.segment.size.max = 1048576 (custom)
2023-10-17 18:44:32,838 [cf2e4456-e6b9-4510-a7c5-b0bc85d367c9-groupManagement] INFO  server.RaftServerConfigKeys (ConfUtils.java:logGet(46)) - raft.server.log.segment.cache.num.max = 2 (custom)
2023-10-17 18:44:32,838 [cf2e4456-e6b9-4510-a7c5-b0bc85d367c9-groupManagement] INFO  server.RaftServerConfigKeys (ConfUtils.java:logGet(46)) - raft.server.log.segment.cache.size.max = 200MB (=209715200) (default)
2023-10-17 18:44:32,838 [cf2e4456-e6b9-4510-a7c5-b0bc85d367c9-groupManagement] INFO  server.RaftServerConfigKeys (ConfUtils.java:logGet(46)) - raft.server.log.appender.buffer.byte-limit = 33554432 (custom)
2023-10-17 18:44:32,838 [cf2e4456-e6b9-4510-a7c5-b0bc85d367c9-groupManagement] INFO  segmented.SegmentedRaftLogWorker (SegmentedRaftLogWorker.java:<init>(188)) - new cf2e4456-e6b9-4510-a7c5-b0bc85d367c9@group-22AE834CBFF6-SegmentedRaftLogWorker for RaftStorageImpl:Storage Directory /home/runner/work/ozone/ozone/hadoop-ozone/integration-test/target/test-dir/MiniOzoneClusterImpl-ee380501-c2be-4155-a337-7349f62bd525/datanode-1/data/ratis/bf818d7c-515a-47b4-863f-22ae834cbff6
2023-10-17 18:44:32,838 [cf2e4456-e6b9-4510-a7c5-b0bc85d367c9-groupManagement] INFO  server.RaftServerConfigKeys (ConfUtils.java:logGet(46)) - raft.server.log.queue.byte-limit = 4294967296 (custom)
2023-10-17 18:44:32,838 [cf2e4456-e6b9-4510-a7c5-b0bc85d367c9-groupManagement] INFO  server.RaftServerConfigKeys (ConfUtils.java:logGet(46)) - raft.server.log.queue.element-limit = 1024 (custom)
2023-10-17 18:44:32,838 [cf2e4456-e6b9-4510-a7c5-b0bc85d367c9-groupManagement] INFO  server.RaftServerConfigKeys (ConfUtils.java:logGet(46)) - raft.server.log.segment.size.max = 1048576 (custom)
2023-10-17 18:44:32,838 [cf2e4456-e6b9-4510-a7c5-b0bc85d367c9-groupManagement] INFO  server.RaftServerConfigKeys (ConfUtils.java:logGet(46)) - raft.server.log.preallocated.size = 16384 (custom)
2023-10-17 18:44:32,838 [cf2e4456-e6b9-4510-a7c5-b0bc85d367c9-groupManagement] INFO  server.RaftServerConfigKeys (ConfUtils.java:logGet(46)) - raft.server.log.force.sync.num = 128 (default)
2023-10-17 18:44:32,838 [cf2e4456-e6b9-4510-a7c5-b0bc85d367c9-groupManagement] INFO  server.RaftServerConfigKeys (ConfUtils.java:logGet(46)) - raft.server.log.statemachine.data.sync = true (default)
2023-10-17 18:44:32,838 [cf2e4456-e6b9-4510-a7c5-b0bc85d367c9-groupManagement] INFO  server.RaftServerConfigKeys (ConfUtils.java:logGet(46)) - raft.server.log.statemachine.data.sync.timeout = 10s (default)
2023-10-17 18:44:32,839 [cf2e4456-e6b9-4510-a7c5-b0bc85d367c9-groupManagement] INFO  server.RaftServerConfigKeys (ConfUtils.java:logGet(46)) - raft.server.log.statemachine.data.sync.timeout.retry = -1 (default)
2023-10-17 18:44:32,839 [cf2e4456-e6b9-4510-a7c5-b0bc85d367c9-groupManagement] INFO  server.RaftServerConfigKeys (ConfUtils.java:logGet(46)) - raft.server.log.write.buffer.size = 1048576 (custom)
2023-10-17 18:44:32,839 [cf2e4456-e6b9-4510-a7c5-b0bc85d367c9-groupManagement] INFO  server.RaftServerConfigKeys (ConfUtils.java:logGet(46)) - raft.server.log.appender.buffer.byte-limit = 33554432 (custom)
2023-10-17 18:44:32,850 [cf2e4456-e6b9-4510-a7c5-b0bc85d367c9-groupManagement] INFO  server.RaftServerConfigKeys (ConfUtils.java:logGet(46)) - raft.server.log.unsafe-flush.enabled = false (default)
2023-10-17 18:44:32,851 [cf2e4456-e6b9-4510-a7c5-b0bc85d367c9-groupManagement] INFO  server.RaftServerConfigKeys (ConfUtils.java:logGet(46)) - raft.server.log.async-flush.enabled = false (default)
2023-10-17 18:44:32,851 [cf2e4456-e6b9-4510-a7c5-b0bc85d367c9-groupManagement] INFO  server.RaftServerConfigKeys (ConfUtils.java:logGet(46)) - raft.server.log.statemachine.data.caching.enabled = true (custom)
2023-10-17 18:44:32,851 [cf2e4456-e6b9-4510-a7c5-b0bc85d367c9-groupManagement] INFO  segmented.SegmentedRaftLogWorker (SegmentedRaftLogWorker.java:lambda$new$0(135)) - cf2e4456-e6b9-4510-a7c5-b0bc85d367c9@group-22AE834CBFF6-SegmentedRaftLogWorker: flushIndex: setUnconditionally 0 -> -1
2023-10-17 18:44:32,851 [cf2e4456-e6b9-4510-a7c5-b0bc85d367c9-groupManagement] INFO  segmented.SegmentedRaftLogWorker (SegmentedRaftLogWorker.java:lambda$new$0(135)) - cf2e4456-e6b9-4510-a7c5-b0bc85d367c9@group-22AE834CBFF6-SegmentedRaftLogWorker: safeCacheEvictIndex: setUnconditionally 0 -> -1
2023-10-17 18:44:32,856 [cf2e4456-e6b9-4510-a7c5-b0bc85d367c9-groupManagement] INFO  server.RaftServer$Division (RaftServerImpl.java:start(342)) - cf2e4456-e6b9-4510-a7c5-b0bc85d367c9@group-22AE834CBFF6: start as a follower, conf=-1: peers:[e94707bc-ce25-43e7-a63d-a0dafb7f30ae|rpc:10.1.0.25:15136|admin:10.1.0.25:15135|client:10.1.0.25:15134|dataStream:10.1.0.25:15137|priority:0|startupRole:FOLLOWER, a85aac02-e1fe-4dbf-b118-7fecf770eb80|rpc:10.1.0.25:15118|admin:10.1.0.25:15117|client:10.1.0.25:15116|dataStream:10.1.0.25:15119|priority:0|startupRole:FOLLOWER, cf2e4456-e6b9-4510-a7c5-b0bc85d367c9|rpc:10.1.0.25:15127|admin:10.1.0.25:15126|client:10.1.0.25:15125|dataStream:10.1.0.25:15128|priority:1|startupRole:FOLLOWER]|listeners:[], old=null
2023-10-17 18:44:32,856 [cf2e4456-e6b9-4510-a7c5-b0bc85d367c9-groupManagement] INFO  server.RaftServer$Division (RaftServerImpl.java:setRole(329)) - cf2e4456-e6b9-4510-a7c5-b0bc85d367c9@group-22AE834CBFF6: changes role from      null to FOLLOWER at term 0 for startAsFollower
2023-10-17 18:44:32,856 [cf2e4456-e6b9-4510-a7c5-b0bc85d367c9-groupManagement] INFO  impl.RoleInfo (RoleInfo.java:updateAndGet(139)) - cf2e4456-e6b9-4510-a7c5-b0bc85d367c9: start cf2e4456-e6b9-4510-a7c5-b0bc85d367c9@group-22AE834CBFF6-FollowerState
2023-10-17 18:44:32,856 [cf2e4456-e6b9-4510-a7c5-b0bc85d367c9-groupManagement] INFO  util.JmxRegister (JmxRegister.java:tryRegister(44)) - Successfully registered JMX Bean with object name Ratis:service=RaftServer,group=group-22AE834CBFF6,id=cf2e4456-e6b9-4510-a7c5-b0bc85d367c9
2023-10-17 18:44:32,856 [cf2e4456-e6b9-4510-a7c5-b0bc85d367c9-groupManagement] INFO  server.RaftServerConfigKeys (ConfUtils.java:logGet(46)) - raft.server.snapshot.auto.trigger.enabled = true (custom)
2023-10-17 18:44:32,856 [cf2e4456-e6b9-4510-a7c5-b0bc85d367c9-groupManagement] INFO  server.RaftServerConfigKeys (ConfUtils.java:logGet(46)) - raft.server.snapshot.auto.trigger.threshold = 10000 (custom)
2023-10-17 18:44:32,856 [cf2e4456-e6b9-4510-a7c5-b0bc85d367c9-groupManagement] INFO  server.RaftServerConfigKeys (ConfUtils.java:logGet(46)) - raft.server.snapshot.retention.file.num = 5 (custom)
2023-10-17 18:44:32,856 [cf2e4456-e6b9-4510-a7c5-b0bc85d367c9-groupManagement] INFO  server.RaftServerConfigKeys (ConfUtils.java:logGet(46)) - raft.server.log.purge.upto.snapshot.index = false (default)
2023-10-17 18:44:32,860 [cf2e4456-e6b9-4510-a7c5-b0bc85d367c9@group-22AE834CBFF6-FollowerState] INFO  server.RaftServerConfigKeys (ConfUtils.java:logFallback(53)) - raft.server.rpc.first-election.timeout.min = 5s (fallback to raft.server.rpc.timeout.min)
2023-10-17 18:44:32,860 [cf2e4456-e6b9-4510-a7c5-b0bc85d367c9@group-22AE834CBFF6-FollowerState] INFO  server.RaftServerConfigKeys (ConfUtils.java:logFallback(53)) - raft.server.rpc.first-election.timeout.max = 5200ms (fallback to raft.server.rpc.timeout.max)
2023-10-17 18:44:32,882 [PipelineCommandHandlerThread-0] INFO  commandhandler.CreatePipelineCommandHandler (CreatePipelineCommandHandler.java:lambda$handle$2(124)) - Created Pipeline RATIS THREE PipelineID=bf818d7c-515a-47b4-863f-22ae834cbff6.
2023-10-17 18:44:32,882 [PipelineCommandHandlerThread-0] INFO  server.RaftServer (RaftServerProxy.java:addNew(98)) - a85aac02-e1fe-4dbf-b118-7fecf770eb80: addNew group-9D24F66B565F:[e94707bc-ce25-43e7-a63d-a0dafb7f30ae|rpc:10.1.0.25:15136|admin:10.1.0.25:15135|client:10.1.0.25:15134|dataStream:10.1.0.25:15137|priority:0|startupRole:FOLLOWER, a85aac02-e1fe-4dbf-b118-7fecf770eb80|rpc:10.1.0.25:15118|admin:10.1.0.25:15117|client:10.1.0.25:15116|dataStream:10.1.0.25:15119|priority:1|startupRole:FOLLOWER, cf2e4456-e6b9-4510-a7c5-b0bc85d367c9|rpc:10.1.0.25:15127|admin:10.1.0.25:15126|client:10.1.0.25:15125|dataStream:10.1.0.25:15128|priority:0|startupRole:FOLLOWER] returns group-9D24F66B565F:java.util.concurrent.CompletableFuture@1a1e16d5[Not completed]
2023-10-17 18:44:32,883 [a85aac02-e1fe-4dbf-b118-7fecf770eb80-groupManagement] INFO  server.RaftServer$Division (RaftServerImpl.java:<init>(198)) - a85aac02-e1fe-4dbf-b118-7fecf770eb80: new RaftServerImpl for group-9D24F66B565F:[e94707bc-ce25-43e7-a63d-a0dafb7f30ae|rpc:10.1.0.25:15136|admin:10.1.0.25:15135|client:10.1.0.25:15134|dataStream:10.1.0.25:15137|priority:0|startupRole:FOLLOWER, a85aac02-e1fe-4dbf-b118-7fecf770eb80|rpc:10.1.0.25:15118|admin:10.1.0.25:15117|client:10.1.0.25:15116|dataStream:10.1.0.25:15119|priority:1|startupRole:FOLLOWER, cf2e4456-e6b9-4510-a7c5-b0bc85d367c9|rpc:10.1.0.25:15127|admin:10.1.0.25:15126|client:10.1.0.25:15125|dataStream:10.1.0.25:15128|priority:0|startupRole:FOLLOWER] with ContainerStateMachine:uninitialized
2023-10-17 18:44:32,883 [a85aac02-e1fe-4dbf-b118-7fecf770eb80-groupManagement] INFO  server.RaftServerConfigKeys (ConfUtils.java:logGet(46)) - raft.server.rpc.timeout.min = 5s (custom)
2023-10-17 18:44:32,883 [a85aac02-e1fe-4dbf-b118-7fecf770eb80-groupManagement] INFO  server.RaftServerConfigKeys (ConfUtils.java:logGet(46)) - raft.server.rpc.timeout.max = 5200ms (custom)
2023-10-17 18:44:32,883 [a85aac02-e1fe-4dbf-b118-7fecf770eb80-groupManagement] INFO  server.RaftServerConfigKeys (ConfUtils.java:logGet(46)) - raft.server.rpc.sleep.time = 25ms (default)
2023-10-17 18:44:32,883 [a85aac02-e1fe-4dbf-b118-7fecf770eb80-groupManagement] INFO  server.RaftServerConfigKeys (ConfUtils.java:logGet(46)) - raft.server.rpc.slowness.timeout = 300s (custom)
2023-10-17 18:44:32,883 [a85aac02-e1fe-4dbf-b118-7fecf770eb80-groupManagement] INFO  server.RaftServerConfigKeys (ConfUtils.java:logGet(46)) - raft.server.leaderelection.leader.step-down.wait-time = 10s (default)
2023-10-17 18:44:32,884 [a85aac02-e1fe-4dbf-b118-7fecf770eb80-groupManagement] INFO  server.RaftServerConfigKeys (ConfUtils.java:logGet(46)) - raft.server.sleep.deviation.threshold = 300ms (default)
2023-10-17 18:44:32,884 [a85aac02-e1fe-4dbf-b118-7fecf770eb80-groupManagement] INFO  server.RaftServer$Division (ServerState.java:<init>(120)) - a85aac02-e1fe-4dbf-b118-7fecf770eb80@group-9D24F66B565F: ConfigurationManager, init=-1: peers:[e94707bc-ce25-43e7-a63d-a0dafb7f30ae|rpc:10.1.0.25:15136|admin:10.1.0.25:15135|client:10.1.0.25:15134|dataStream:10.1.0.25:15137|priority:0|startupRole:FOLLOWER, a85aac02-e1fe-4dbf-b118-7fecf770eb80|rpc:10.1.0.25:15118|admin:10.1.0.25:15117|client:10.1.0.25:15116|dataStream:10.1.0.25:15119|priority:1|startupRole:FOLLOWER, cf2e4456-e6b9-4510-a7c5-b0bc85d367c9|rpc:10.1.0.25:15127|admin:10.1.0.25:15126|client:10.1.0.25:15125|dataStream:10.1.0.25:15128|priority:0|startupRole:FOLLOWER]|listeners:[], old=null, confs=<EMPTY_MAP>
2023-10-17 18:44:32,884 [a85aac02-e1fe-4dbf-b118-7fecf770eb80-groupManagement] INFO  server.RaftServerConfigKeys (ConfUtils.java:logGet(46)) - raft.server.storage.dir = [/home/runner/work/ozone/ozone/hadoop-ozone/integration-test/target/test-dir/MiniOzoneClusterImpl-ee380501-c2be-4155-a337-7349f62bd525/datanode-0/data/ratis] (custom)
2023-10-17 18:44:32,884 [a85aac02-e1fe-4dbf-b118-7fecf770eb80-groupManagement] INFO  server.RaftServerConfigKeys (ConfUtils.java:logGet(46)) - raft.server.log.corruption.policy = EXCEPTION (default)
2023-10-17 18:44:32,884 [a85aac02-e1fe-4dbf-b118-7fecf770eb80-groupManagement] INFO  server.RaftServerConfigKeys (ConfUtils.java:logGet(46)) - raft.server.storage.free-space.min = 0MB (=0) (default)
2023-10-17 18:44:32,884 [a85aac02-e1fe-4dbf-b118-7fecf770eb80-groupManagement] INFO  server.RaftServerConfigKeys (ConfUtils.java:logGet(46)) - raft.server.notification.no-leader.timeout = 300s (custom)
2023-10-17 18:44:32,884 [a85aac02-e1fe-4dbf-b118-7fecf770eb80-groupManagement] INFO  server.RaftServerConfigKeys (ConfUtils.java:logGet(46)) - raft.server.read.timeout = 10s (default)
2023-10-17 18:44:32,884 [a85aac02-e1fe-4dbf-b118-7fecf770eb80-groupManagement] INFO  server.RaftServerConfigKeys (ConfUtils.java:logGet(46)) - raft.server.retrycache.expirytime = 600000ms (custom)
2023-10-17 18:44:32,884 [a85aac02-e1fe-4dbf-b118-7fecf770eb80-groupManagement] INFO  server.RaftServerConfigKeys (ConfUtils.java:logGet(46)) - raft.server.retrycache.statistics.expirytime = 100μs (default)
2023-10-17 18:44:32,884 [a85aac02-e1fe-4dbf-b118-7fecf770eb80-groupManagement] INFO  server.RaftServerConfigKeys (ConfUtils.java:logGet(46)) - raft.server.read.option = DEFAULT (default)
2023-10-17 18:44:32,885 [a85aac02-e1fe-4dbf-b118-7fecf770eb80-groupManagement] INFO  server.RaftServerConfigKeys (ConfUtils.java:logGet(46)) - raft.server.rpc.request.timeout = 60s (custom)
2023-10-17 18:44:32,885 [a85aac02-e1fe-4dbf-b118-7fecf770eb80-groupManagement] INFO  server.RaftServerConfigKeys (ConfUtils.java:logGet(46)) - raft.server.log.appender.install.snapshot.enabled = false (custom)
2023-10-17 18:44:32,885 [a85aac02-e1fe-4dbf-b118-7fecf770eb80-groupManagement] INFO  server.RaftServerConfigKeys (ConfUtils.java:logGet(46)) - raft.server.threadpool.server.cached = true (default)
2023-10-17 18:44:32,885 [a85aac02-e1fe-4dbf-b118-7fecf770eb80-groupManagement] INFO  server.RaftServerConfigKeys (ConfUtils.java:logGet(46)) - raft.server.threadpool.server.size = 0 (default)
2023-10-17 18:44:32,885 [a85aac02-e1fe-4dbf-b118-7fecf770eb80-groupManagement] INFO  server.RaftServerConfigKeys (ConfUtils.java:logGet(46)) - raft.server.threadpool.client.cached = true (default)
2023-10-17 18:44:32,885 [a85aac02-e1fe-4dbf-b118-7fecf770eb80-groupManagement] INFO  server.RaftServerConfigKeys (ConfUtils.java:logGet(46)) - raft.server.threadpool.client.size = 0 (default)
2023-10-17 18:44:32,885 [a85aac02-e1fe-4dbf-b118-7fecf770eb80-groupManagement] INFO  storage.RaftStorageDirectory (RaftStorageDirectoryImpl.java:analyzeStorage(137)) - The storage directory /home/runner/work/ozone/ozone/hadoop-ozone/integration-test/target/test-dir/MiniOzoneClusterImpl-ee380501-c2be-4155-a337-7349f62bd525/datanode-0/data/ratis/f2d924d1-c5e0-43dc-b219-9d24f66b565f does not exist. Creating ...
2023-10-17 18:44:32,886 [a85aac02-e1fe-4dbf-b118-7fecf770eb80-groupManagement] INFO  storage.RaftStorageDirectory (RaftStorageDirectoryImpl.java:tryLock(231)) - Lock on /home/runner/work/ozone/ozone/hadoop-ozone/integration-test/target/test-dir/MiniOzoneClusterImpl-ee380501-c2be-4155-a337-7349f62bd525/datanode-0/data/ratis/f2d924d1-c5e0-43dc-b219-9d24f66b565f/in_use.lock acquired by nodename 31914@fv-az189-115
2023-10-17 18:44:32,887 [a85aac02-e1fe-4dbf-b118-7fecf770eb80-groupManagement] INFO  storage.RaftStorage (RaftStorageImpl.java:format(96)) - Storage directory /home/runner/work/ozone/ozone/hadoop-ozone/integration-test/target/test-dir/MiniOzoneClusterImpl-ee380501-c2be-4155-a337-7349f62bd525/datanode-0/data/ratis/f2d924d1-c5e0-43dc-b219-9d24f66b565f has been successfully formatted.
2023-10-17 18:44:32,888 [a85aac02-e1fe-4dbf-b118-7fecf770eb80-groupManagement] INFO  ratis.ContainerStateMachine (ContainerStateMachine.java:loadSnapshot(262)) - group-9D24F66B565F: The snapshot info is null. Setting the last applied indexto:(t:0, i:~)
2023-10-17 18:44:32,888 [a85aac02-e1fe-4dbf-b118-7fecf770eb80-groupManagement] INFO  server.RaftServerConfigKeys (ConfUtils.java:logGet(46)) - raft.server.log.use.memory = false (default)
2023-10-17 18:44:32,888 [a85aac02-e1fe-4dbf-b118-7fecf770eb80-groupManagement] INFO  server.RaftServerConfigKeys (ConfUtils.java:logGet(46)) - raft.server.log.purge.gap = 1000000 (custom)
2023-10-17 18:44:32,888 [a85aac02-e1fe-4dbf-b118-7fecf770eb80-groupManagement] INFO  server.RaftServerConfigKeys (ConfUtils.java:logGet(46)) - raft.server.log.appender.buffer.byte-limit = 33554432 (custom)
2023-10-17 18:44:32,888 [a85aac02-e1fe-4dbf-b118-7fecf770eb80-groupManagement] INFO  server.RaftServerConfigKeys (ConfUtils.java:logGet(46)) - raft.server.log.statemachine.data.read.timeout = 1000ms (default)
2023-10-17 18:44:32,888 [a85aac02-e1fe-4dbf-b118-7fecf770eb80-groupManagement] INFO  server.RaftServerConfigKeys (ConfUtils.java:logGet(46)) - raft.server.log.purge.preservation.log.num = 0 (default)
2023-10-17 18:44:32,888 [a85aac02-e1fe-4dbf-b118-7fecf770eb80-groupManagement] INFO  server.RaftServerConfigKeys (ConfUtils.java:logGet(46)) - raft.server.log.segment.size.max = 1048576 (custom)
2023-10-17 18:44:32,889 [a85aac02-e1fe-4dbf-b118-7fecf770eb80-groupManagement] INFO  server.RaftServerConfigKeys (ConfUtils.java:logGet(46)) - raft.server.log.segment.cache.num.max = 2 (custom)
2023-10-17 18:44:32,889 [a85aac02-e1fe-4dbf-b118-7fecf770eb80-groupManagement] INFO  server.RaftServerConfigKeys (ConfUtils.java:logGet(46)) - raft.server.log.segment.cache.size.max = 200MB (=209715200) (default)
2023-10-17 18:44:32,889 [a85aac02-e1fe-4dbf-b118-7fecf770eb80-groupManagement] INFO  server.RaftServerConfigKeys (ConfUtils.java:logGet(46)) - raft.server.log.appender.buffer.byte-limit = 33554432 (custom)
2023-10-17 18:44:32,889 [a85aac02-e1fe-4dbf-b118-7fecf770eb80-groupManagement] INFO  segmented.SegmentedRaftLogWorker (SegmentedRaftLogWorker.java:<init>(188)) - new a85aac02-e1fe-4dbf-b118-7fecf770eb80@group-9D24F66B565F-SegmentedRaftLogWorker for RaftStorageImpl:Storage Directory /home/runner/work/ozone/ozone/hadoop-ozone/integration-test/target/test-dir/MiniOzoneClusterImpl-ee380501-c2be-4155-a337-7349f62bd525/datanode-0/data/ratis/f2d924d1-c5e0-43dc-b219-9d24f66b565f
2023-10-17 18:44:32,889 [a85aac02-e1fe-4dbf-b118-7fecf770eb80-groupManagement] INFO  server.RaftServerConfigKeys (ConfUtils.java:logGet(46)) - raft.server.log.queue.byte-limit = 4294967296 (custom)
2023-10-17 18:44:32,889 [a85aac02-e1fe-4dbf-b118-7fecf770eb80-groupManagement] INFO  server.RaftServerConfigKeys (ConfUtils.java:logGet(46)) - raft.server.log.queue.element-limit = 1024 (custom)
2023-10-17 18:44:32,892 [a85aac02-e1fe-4dbf-b118-7fecf770eb80-groupManagement] INFO  server.RaftServerConfigKeys (ConfUtils.java:logGet(46)) - raft.server.log.segment.size.max = 1048576 (custom)
2023-10-17 18:44:32,890 [EventQueue-OpenPipelineForHealthyPipelineSafeModeRule] INFO  safemode.SCMSafeModeManager (HealthyPipelineSafeModeRule.java:process(137)) - SCM in safe mode. Healthy pipelines reported count is 0, required healthy pipeline reported count is 1
2023-10-17 18:44:32,892 [a85aac02-e1fe-4dbf-b118-7fecf770eb80-groupManagement] INFO  server.RaftServerConfigKeys (ConfUtils.java:logGet(46)) - raft.server.log.preallocated.size = 16384 (custom)
2023-10-17 18:44:32,893 [a85aac02-e1fe-4dbf-b118-7fecf770eb80-groupManagement] INFO  server.RaftServerConfigKeys (ConfUtils.java:logGet(46)) - raft.server.log.force.sync.num = 128 (default)
2023-10-17 18:44:32,893 [a85aac02-e1fe-4dbf-b118-7fecf770eb80-groupManagement] INFO  server.RaftServerConfigKeys (ConfUtils.java:logGet(46)) - raft.server.log.statemachine.data.sync = true (default)
2023-10-17 18:44:32,893 [a85aac02-e1fe-4dbf-b118-7fecf770eb80-groupManagement] INFO  server.RaftServerConfigKeys (ConfUtils.java:logGet(46)) - raft.server.log.statemachine.data.sync.timeout = 10s (default)
2023-10-17 18:44:32,893 [a85aac02-e1fe-4dbf-b118-7fecf770eb80-groupManagement] INFO  server.RaftServerConfigKeys (ConfUtils.java:logGet(46)) - raft.server.log.statemachine.data.sync.timeout.retry = -1 (default)
2023-10-17 18:44:32,894 [a85aac02-e1fe-4dbf-b118-7fecf770eb80-groupManagement] INFO  server.RaftServerConfigKeys (ConfUtils.java:logGet(46)) - raft.server.log.write.buffer.size = 1048576 (custom)
2023-10-17 18:44:32,894 [a85aac02-e1fe-4dbf-b118-7fecf770eb80-groupManagement] INFO  server.RaftServerConfigKeys (ConfUtils.java:logGet(46)) - raft.server.log.appender.buffer.byte-limit = 33554432 (custom)
2023-10-17 18:44:32,902 [a85aac02-e1fe-4dbf-b118-7fecf770eb80-groupManagement] INFO  server.RaftServerConfigKeys (ConfUtils.java:logGet(46)) - raft.server.log.unsafe-flush.enabled = false (default)
2023-10-17 18:44:32,902 [a85aac02-e1fe-4dbf-b118-7fecf770eb80-groupManagement] INFO  server.RaftServerConfigKeys (ConfUtils.java:logGet(46)) - raft.server.log.async-flush.enabled = false (default)
2023-10-17 18:44:32,902 [a85aac02-e1fe-4dbf-b118-7fecf770eb80-groupManagement] INFO  server.RaftServerConfigKeys (ConfUtils.java:logGet(46)) - raft.server.log.statemachine.data.caching.enabled = true (custom)
2023-10-17 18:44:32,902 [a85aac02-e1fe-4dbf-b118-7fecf770eb80-groupManagement] INFO  segmented.SegmentedRaftLogWorker (SegmentedRaftLogWorker.java:lambda$new$0(135)) - a85aac02-e1fe-4dbf-b118-7fecf770eb80@group-9D24F66B565F-SegmentedRaftLogWorker: flushIndex: setUnconditionally 0 -> -1
2023-10-17 18:44:32,903 [a85aac02-e1fe-4dbf-b118-7fecf770eb80-groupManagement] INFO  segmented.SegmentedRaftLogWorker (SegmentedRaftLogWorker.java:lambda$new$0(135)) - a85aac02-e1fe-4dbf-b118-7fecf770eb80@group-9D24F66B565F-SegmentedRaftLogWorker: safeCacheEvictIndex: setUnconditionally 0 -> -1
2023-10-17 18:44:32,903 [a85aac02-e1fe-4dbf-b118-7fecf770eb80-groupManagement] INFO  server.RaftServer$Division (RaftServerImpl.java:start(342)) - a85aac02-e1fe-4dbf-b118-7fecf770eb80@group-9D24F66B565F: start as a follower, conf=-1: peers:[e94707bc-ce25-43e7-a63d-a0dafb7f30ae|rpc:10.1.0.25:15136|admin:10.1.0.25:15135|client:10.1.0.25:15134|dataStream:10.1.0.25:15137|priority:0|startupRole:FOLLOWER, a85aac02-e1fe-4dbf-b118-7fecf770eb80|rpc:10.1.0.25:15118|admin:10.1.0.25:15117|client:10.1.0.25:15116|dataStream:10.1.0.25:15119|priority:1|startupRole:FOLLOWER, cf2e4456-e6b9-4510-a7c5-b0bc85d367c9|rpc:10.1.0.25:15127|admin:10.1.0.25:15126|client:10.1.0.25:15125|dataStream:10.1.0.25:15128|priority:0|startupRole:FOLLOWER]|listeners:[], old=null
2023-10-17 18:44:32,903 [a85aac02-e1fe-4dbf-b118-7fecf770eb80-groupManagement] INFO  server.RaftServer$Division (RaftServerImpl.java:setRole(329)) - a85aac02-e1fe-4dbf-b118-7fecf770eb80@group-9D24F66B565F: changes role from      null to FOLLOWER at term 0 for startAsFollower
2023-10-17 18:44:32,903 [a85aac02-e1fe-4dbf-b118-7fecf770eb80-groupManagement] INFO  impl.RoleInfo (RoleInfo.java:updateAndGet(139)) - a85aac02-e1fe-4dbf-b118-7fecf770eb80: start a85aac02-e1fe-4dbf-b118-7fecf770eb80@group-9D24F66B565F-FollowerState
2023-10-17 18:44:32,903 [a85aac02-e1fe-4dbf-b118-7fecf770eb80-groupManagement] INFO  util.JmxRegister (JmxRegister.java:tryRegister(44)) - Successfully registered JMX Bean with object name Ratis:service=RaftServer,group=group-9D24F66B565F,id=a85aac02-e1fe-4dbf-b118-7fecf770eb80
2023-10-17 18:44:32,903 [a85aac02-e1fe-4dbf-b118-7fecf770eb80-groupManagement] INFO  server.RaftServerConfigKeys (ConfUtils.java:logGet(46)) - raft.server.snapshot.auto.trigger.enabled = true (custom)
2023-10-17 18:44:32,903 [a85aac02-e1fe-4dbf-b118-7fecf770eb80-groupManagement] INFO  server.RaftServerConfigKeys (ConfUtils.java:logGet(46)) - raft.server.snapshot.auto.trigger.threshold = 10000 (custom)
2023-10-17 18:44:32,903 [a85aac02-e1fe-4dbf-b118-7fecf770eb80-groupManagement] INFO  server.RaftServerConfigKeys (ConfUtils.java:logGet(46)) - raft.server.snapshot.retention.file.num = 5 (custom)
2023-10-17 18:44:32,904 [a85aac02-e1fe-4dbf-b118-7fecf770eb80-groupManagement] INFO  server.RaftServerConfigKeys (ConfUtils.java:logGet(46)) - raft.server.log.purge.upto.snapshot.index = false (default)
2023-10-17 18:44:32,904 [a85aac02-e1fe-4dbf-b118-7fecf770eb80@group-9D24F66B565F-FollowerState] INFO  server.RaftServerConfigKeys (ConfUtils.java:logFallback(53)) - raft.server.rpc.first-election.timeout.min = 5s (fallback to raft.server.rpc.timeout.min)
2023-10-17 18:44:32,904 [a85aac02-e1fe-4dbf-b118-7fecf770eb80@group-9D24F66B565F-FollowerState] INFO  server.RaftServerConfigKeys (ConfUtils.java:logFallback(53)) - raft.server.rpc.first-election.timeout.max = 5200ms (fallback to raft.server.rpc.timeout.max)
2023-10-17 18:44:32,904 [PipelineCommandHandlerThread-0] INFO  ratis.XceiverServerRatis (XceiverServerRatis.java:addGroup(804)) - Created group PipelineID=f2d924d1-c5e0-43dc-b219-9d24f66b565f
2023-10-17 18:44:32,919 [grpc-default-executor-0] INFO  server.RaftServer (RaftServerProxy.java:addNew(98)) - e94707bc-ce25-43e7-a63d-a0dafb7f30ae: addNew group-9D24F66B565F:[e94707bc-ce25-43e7-a63d-a0dafb7f30ae|rpc:10.1.0.25:15136|admin:10.1.0.25:15135|client:10.1.0.25:15134|dataStream:10.1.0.25:15137|priority:0|startupRole:FOLLOWER, a85aac02-e1fe-4dbf-b118-7fecf770eb80|rpc:10.1.0.25:15118|admin:10.1.0.25:15117|client:10.1.0.25:15116|dataStream:10.1.0.25:15119|priority:1|startupRole:FOLLOWER, cf2e4456-e6b9-4510-a7c5-b0bc85d367c9|rpc:10.1.0.25:15127|admin:10.1.0.25:15126|client:10.1.0.25:15125|dataStream:10.1.0.25:15128|priority:0|startupRole:FOLLOWER] returns group-9D24F66B565F:java.util.concurrent.CompletableFuture@7773ff28[Not completed]
2023-10-17 18:44:32,920 [e94707bc-ce25-43e7-a63d-a0dafb7f30ae-groupManagement] INFO  server.RaftServer$Division (RaftServerImpl.java:<init>(198)) - e94707bc-ce25-43e7-a63d-a0dafb7f30ae: new RaftServerImpl for group-9D24F66B565F:[e94707bc-ce25-43e7-a63d-a0dafb7f30ae|rpc:10.1.0.25:15136|admin:10.1.0.25:15135|client:10.1.0.25:15134|dataStream:10.1.0.25:15137|priority:0|startupRole:FOLLOWER, a85aac02-e1fe-4dbf-b118-7fecf770eb80|rpc:10.1.0.25:15118|admin:10.1.0.25:15117|client:10.1.0.25:15116|dataStream:10.1.0.25:15119|priority:1|startupRole:FOLLOWER, cf2e4456-e6b9-4510-a7c5-b0bc85d367c9|rpc:10.1.0.25:15127|admin:10.1.0.25:15126|client:10.1.0.25:15125|dataStream:10.1.0.25:15128|priority:0|startupRole:FOLLOWER] with ContainerStateMachine:uninitialized
2023-10-17 18:44:32,920 [e94707bc-ce25-43e7-a63d-a0dafb7f30ae-groupManagement] INFO  server.RaftServerConfigKeys (ConfUtils.java:logGet(46)) - raft.server.rpc.timeout.min = 5s (custom)
2023-10-17 18:44:32,920 [e94707bc-ce25-43e7-a63d-a0dafb7f30ae-groupManagement] INFO  server.RaftServerConfigKeys (ConfUtils.java:logGet(46)) - raft.server.rpc.timeout.max = 5200ms (custom)
2023-10-17 18:44:32,921 [e94707bc-ce25-43e7-a63d-a0dafb7f30ae-groupManagement] INFO  server.RaftServerConfigKeys (ConfUtils.java:logGet(46)) - raft.server.rpc.sleep.time = 25ms (default)
2023-10-17 18:44:32,921 [e94707bc-ce25-43e7-a63d-a0dafb7f30ae-groupManagement] INFO  server.RaftServerConfigKeys (ConfUtils.java:logGet(46)) - raft.server.rpc.slowness.timeout = 300s (custom)
2023-10-17 18:44:32,921 [e94707bc-ce25-43e7-a63d-a0dafb7f30ae-groupManagement] INFO  server.RaftServerConfigKeys (ConfUtils.java:logGet(46)) - raft.server.leaderelection.leader.step-down.wait-time = 10s (default)
2023-10-17 18:44:32,921 [e94707bc-ce25-43e7-a63d-a0dafb7f30ae-groupManagement] INFO  server.RaftServerConfigKeys (ConfUtils.java:logGet(46)) - raft.server.sleep.deviation.threshold = 300ms (default)
2023-10-17 18:44:32,921 [e94707bc-ce25-43e7-a63d-a0dafb7f30ae-groupManagement] INFO  server.RaftServer$Division (ServerState.java:<init>(120)) - e94707bc-ce25-43e7-a63d-a0dafb7f30ae@group-9D24F66B565F: ConfigurationManager, init=-1: peers:[e94707bc-ce25-43e7-a63d-a0dafb7f30ae|rpc:10.1.0.25:15136|admin:10.1.0.25:15135|client:10.1.0.25:15134|dataStream:10.1.0.25:15137|priority:0|startupRole:FOLLOWER, a85aac02-e1fe-4dbf-b118-7fecf770eb80|rpc:10.1.0.25:15118|admin:10.1.0.25:15117|client:10.1.0.25:15116|dataStream:10.1.0.25:15119|priority:1|startupRole:FOLLOWER, cf2e4456-e6b9-4510-a7c5-b0bc85d367c9|rpc:10.1.0.25:15127|admin:10.1.0.25:15126|client:10.1.0.25:15125|dataStream:10.1.0.25:15128|priority:0|startupRole:FOLLOWER]|listeners:[], old=null, confs=<EMPTY_MAP>
2023-10-17 18:44:32,921 [e94707bc-ce25-43e7-a63d-a0dafb7f30ae-groupManagement] INFO  server.RaftServerConfigKeys (ConfUtils.java:logGet(46)) - raft.server.storage.dir = [/home/runner/work/ozone/ozone/hadoop-ozone/integration-test/target/test-dir/MiniOzoneClusterImpl-ee380501-c2be-4155-a337-7349f62bd525/datanode-2/data/ratis] (custom)
2023-10-17 18:44:32,921 [e94707bc-ce25-43e7-a63d-a0dafb7f30ae-groupManagement] INFO  server.RaftServerConfigKeys (ConfUtils.java:logGet(46)) - raft.server.log.corruption.policy = EXCEPTION (default)
2023-10-17 18:44:32,921 [e94707bc-ce25-43e7-a63d-a0dafb7f30ae-groupManagement] INFO  server.RaftServerConfigKeys (ConfUtils.java:logGet(46)) - raft.server.storage.free-space.min = 0MB (=0) (default)
2023-10-17 18:44:32,921 [e94707bc-ce25-43e7-a63d-a0dafb7f30ae-groupManagement] INFO  server.RaftServerConfigKeys (ConfUtils.java:logGet(46)) - raft.server.notification.no-leader.timeout = 300s (custom)
2023-10-17 18:44:32,921 [e94707bc-ce25-43e7-a63d-a0dafb7f30ae-groupManagement] INFO  server.RaftServerConfigKeys (ConfUtils.java:logGet(46)) - raft.server.read.timeout = 10s (default)
2023-10-17 18:44:32,921 [e94707bc-ce25-43e7-a63d-a0dafb7f30ae-groupManagement] INFO  server.RaftServerConfigKeys (ConfUtils.java:logGet(46)) - raft.server.retrycache.expirytime = 600000ms (custom)
2023-10-17 18:44:32,921 [e94707bc-ce25-43e7-a63d-a0dafb7f30ae-groupManagement] INFO  server.RaftServerConfigKeys (ConfUtils.java:logGet(46)) - raft.server.retrycache.statistics.expirytime = 100μs (default)
2023-10-17 18:44:32,921 [e94707bc-ce25-43e7-a63d-a0dafb7f30ae-groupManagement] INFO  server.RaftServerConfigKeys (ConfUtils.java:logGet(46)) - raft.server.read.option = DEFAULT (default)
2023-10-17 18:44:32,922 [e94707bc-ce25-43e7-a63d-a0dafb7f30ae-groupManagement] INFO  server.RaftServerConfigKeys (ConfUtils.java:logGet(46)) - raft.server.rpc.request.timeout = 60s (custom)
2023-10-17 18:44:32,922 [e94707bc-ce25-43e7-a63d-a0dafb7f30ae-groupManagement] INFO  server.RaftServerConfigKeys (ConfUtils.java:logGet(46)) - raft.server.log.appender.install.snapshot.enabled = false (custom)
2023-10-17 18:44:32,922 [e94707bc-ce25-43e7-a63d-a0dafb7f30ae-groupManagement] INFO  server.RaftServerConfigKeys (ConfUtils.java:logGet(46)) - raft.server.threadpool.server.cached = true (default)
2023-10-17 18:44:32,922 [e94707bc-ce25-43e7-a63d-a0dafb7f30ae-groupManagement] INFO  server.RaftServerConfigKeys (ConfUtils.java:logGet(46)) - raft.server.threadpool.server.size = 0 (default)
2023-10-17 18:44:32,922 [e94707bc-ce25-43e7-a63d-a0dafb7f30ae-groupManagement] INFO  server.RaftServerConfigKeys (ConfUtils.java:logGet(46)) - raft.server.threadpool.client.cached = true (default)
2023-10-17 18:44:32,922 [e94707bc-ce25-43e7-a63d-a0dafb7f30ae-groupManagement] INFO  server.RaftServerConfigKeys (ConfUtils.java:logGet(46)) - raft.server.threadpool.client.size = 0 (default)
2023-10-17 18:44:32,922 [e94707bc-ce25-43e7-a63d-a0dafb7f30ae-groupManagement] INFO  storage.RaftStorageDirectory (RaftStorageDirectoryImpl.java:analyzeStorage(137)) - The storage directory /home/runner/work/ozone/ozone/hadoop-ozone/integration-test/target/test-dir/MiniOzoneClusterImpl-ee380501-c2be-4155-a337-7349f62bd525/datanode-2/data/ratis/f2d924d1-c5e0-43dc-b219-9d24f66b565f does not exist. Creating ...
2023-10-17 18:44:32,923 [e94707bc-ce25-43e7-a63d-a0dafb7f30ae-groupManagement] INFO  storage.RaftStorageDirectory (RaftStorageDirectoryImpl.java:tryLock(231)) - Lock on /home/runner/work/ozone/ozone/hadoop-ozone/integration-test/target/test-dir/MiniOzoneClusterImpl-ee380501-c2be-4155-a337-7349f62bd525/datanode-2/data/ratis/f2d924d1-c5e0-43dc-b219-9d24f66b565f/in_use.lock acquired by nodename 31914@fv-az189-115
2023-10-17 18:44:32,925 [e94707bc-ce25-43e7-a63d-a0dafb7f30ae-groupManagement] INFO  storage.RaftStorage (RaftStorageImpl.java:format(96)) - Storage directory /home/runner/work/ozone/ozone/hadoop-ozone/integration-test/target/test-dir/MiniOzoneClusterImpl-ee380501-c2be-4155-a337-7349f62bd525/datanode-2/data/ratis/f2d924d1-c5e0-43dc-b219-9d24f66b565f has been successfully formatted.
2023-10-17 18:44:32,926 [e94707bc-ce25-43e7-a63d-a0dafb7f30ae-groupManagement] INFO  ratis.ContainerStateMachine (ContainerStateMachine.java:loadSnapshot(262)) - group-9D24F66B565F: The snapshot info is null. Setting the last applied indexto:(t:0, i:~)
2023-10-17 18:44:32,926 [e94707bc-ce25-43e7-a63d-a0dafb7f30ae-groupManagement] INFO  server.RaftServerConfigKeys (ConfUtils.java:logGet(46)) - raft.server.log.use.memory = false (default)
2023-10-17 18:44:32,927 [e94707bc-ce25-43e7-a63d-a0dafb7f30ae-groupManagement] INFO  server.RaftServerConfigKeys (ConfUtils.java:logGet(46)) - raft.server.log.purge.gap = 1000000 (custom)
2023-10-17 18:44:32,927 [e94707bc-ce25-43e7-a63d-a0dafb7f30ae-groupManagement] INFO  server.RaftServerConfigKeys (ConfUtils.java:logGet(46)) - raft.server.log.appender.buffer.byte-limit = 33554432 (custom)
2023-10-17 18:44:32,927 [e94707bc-ce25-43e7-a63d-a0dafb7f30ae-groupManagement] INFO  server.RaftServerConfigKeys (ConfUtils.java:logGet(46)) - raft.server.log.statemachine.data.read.timeout = 1000ms (default)
2023-10-17 18:44:32,927 [e94707bc-ce25-43e7-a63d-a0dafb7f30ae-groupManagement] INFO  server.RaftServerConfigKeys (ConfUtils.java:logGet(46)) - raft.server.log.purge.preservation.log.num = 0 (default)
2023-10-17 18:44:32,927 [e94707bc-ce25-43e7-a63d-a0dafb7f30ae-groupManagement] INFO  server.RaftServerConfigKeys (ConfUtils.java:logGet(46)) - raft.server.log.segment.size.max = 1048576 (custom)
2023-10-17 18:44:32,928 [e94707bc-ce25-43e7-a63d-a0dafb7f30ae-groupManagement] INFO  server.RaftServerConfigKeys (ConfUtils.java:logGet(46)) - raft.server.log.segment.cache.num.max = 2 (custom)
2023-10-17 18:44:32,928 [e94707bc-ce25-43e7-a63d-a0dafb7f30ae-groupManagement] INFO  server.RaftServerConfigKeys (ConfUtils.java:logGet(46)) - raft.server.log.segment.cache.size.max = 200MB (=209715200) (default)
2023-10-17 18:44:32,928 [e94707bc-ce25-43e7-a63d-a0dafb7f30ae-groupManagement] INFO  server.RaftServerConfigKeys (ConfUtils.java:logGet(46)) - raft.server.log.appender.buffer.byte-limit = 33554432 (custom)
2023-10-17 18:44:32,928 [e94707bc-ce25-43e7-a63d-a0dafb7f30ae-groupManagement] INFO  segmented.SegmentedRaftLogWorker (SegmentedRaftLogWorker.java:<init>(188)) - new e94707bc-ce25-43e7-a63d-a0dafb7f30ae@group-9D24F66B565F-SegmentedRaftLogWorker for RaftStorageImpl:Storage Directory /home/runner/work/ozone/ozone/hadoop-ozone/integration-test/target/test-dir/MiniOzoneClusterImpl-ee380501-c2be-4155-a337-7349f62bd525/datanode-2/data/ratis/f2d924d1-c5e0-43dc-b219-9d24f66b565f
2023-10-17 18:44:32,928 [e94707bc-ce25-43e7-a63d-a0dafb7f30ae-groupManagement] INFO  server.RaftServerConfigKeys (ConfUtils.java:logGet(46)) - raft.server.log.queue.byte-limit = 4294967296 (custom)
2023-10-17 18:44:32,928 [e94707bc-ce25-43e7-a63d-a0dafb7f30ae-groupManagement] INFO  server.RaftServerConfigKeys (ConfUtils.java:logGet(46)) - raft.server.log.queue.element-limit = 1024 (custom)
2023-10-17 18:44:32,928 [e94707bc-ce25-43e7-a63d-a0dafb7f30ae-groupManagement] INFO  server.RaftServerConfigKeys (ConfUtils.java:logGet(46)) - raft.server.log.segment.size.max = 1048576 (custom)
2023-10-17 18:44:32,928 [e94707bc-ce25-43e7-a63d-a0dafb7f30ae-groupManagement] INFO  server.RaftServerConfigKeys (ConfUtils.java:logGet(46)) - raft.server.log.preallocated.size = 16384 (custom)
2023-10-17 18:44:32,928 [e94707bc-ce25-43e7-a63d-a0dafb7f30ae-groupManagement] INFO  server.RaftServerConfigKeys (ConfUtils.java:logGet(46)) - raft.server.log.force.sync.num = 128 (default)
2023-10-17 18:44:32,928 [e94707bc-ce25-43e7-a63d-a0dafb7f30ae-groupManagement] INFO  server.RaftServerConfigKeys (ConfUtils.java:logGet(46)) - raft.server.log.statemachine.data.sync = true (default)
2023-10-17 18:44:32,928 [e94707bc-ce25-43e7-a63d-a0dafb7f30ae-groupManagement] INFO  server.RaftServerConfigKeys (ConfUtils.java:logGet(46)) - raft.server.log.statemachine.data.sync.timeout = 10s (default)
2023-10-17 18:44:32,928 [e94707bc-ce25-43e7-a63d-a0dafb7f30ae-groupManagement] INFO  server.RaftServerConfigKeys (ConfUtils.java:logGet(46)) - raft.server.log.statemachine.data.sync.timeout.retry = -1 (default)
2023-10-17 18:44:32,929 [e94707bc-ce25-43e7-a63d-a0dafb7f30ae-groupManagement] INFO  server.RaftServerConfigKeys (ConfUtils.java:logGet(46)) - raft.server.log.write.buffer.size = 1048576 (custom)
2023-10-17 18:44:32,929 [e94707bc-ce25-43e7-a63d-a0dafb7f30ae-groupManagement] INFO  server.RaftServerConfigKeys (ConfUtils.java:logGet(46)) - raft.server.log.appender.buffer.byte-limit = 33554432 (custom)
2023-10-17 18:44:32,939 [e94707bc-ce25-43e7-a63d-a0dafb7f30ae-groupManagement] INFO  server.RaftServerConfigKeys (ConfUtils.java:logGet(46)) - raft.server.log.unsafe-flush.enabled = false (default)
2023-10-17 18:44:32,939 [e94707bc-ce25-43e7-a63d-a0dafb7f30ae-groupManagement] INFO  server.RaftServerConfigKeys (ConfUtils.java:logGet(46)) - raft.server.log.async-flush.enabled = false (default)
2023-10-17 18:44:32,939 [e94707bc-ce25-43e7-a63d-a0dafb7f30ae-groupManagement] INFO  server.RaftServerConfigKeys (ConfUtils.java:logGet(46)) - raft.server.log.statemachine.data.caching.enabled = true (custom)
2023-10-17 18:44:32,939 [e94707bc-ce25-43e7-a63d-a0dafb7f30ae-groupManagement] INFO  segmented.SegmentedRaftLogWorker (SegmentedRaftLogWorker.java:lambda$new$0(135)) - e94707bc-ce25-43e7-a63d-a0dafb7f30ae@group-9D24F66B565F-SegmentedRaftLogWorker: flushIndex: setUnconditionally 0 -> -1
2023-10-17 18:44:32,939 [e94707bc-ce25-43e7-a63d-a0dafb7f30ae-groupManagement] INFO  segmented.SegmentedRaftLogWorker (SegmentedRaftLogWorker.java:lambda$new$0(135)) - e94707bc-ce25-43e7-a63d-a0dafb7f30ae@group-9D24F66B565F-SegmentedRaftLogWorker: safeCacheEvictIndex: setUnconditionally 0 -> -1
2023-10-17 18:44:32,942 [e94707bc-ce25-43e7-a63d-a0dafb7f30ae-groupManagement] INFO  server.RaftServer$Division (RaftServerImpl.java:start(342)) - e94707bc-ce25-43e7-a63d-a0dafb7f30ae@group-9D24F66B565F: start as a follower, conf=-1: peers:[e94707bc-ce25-43e7-a63d-a0dafb7f30ae|rpc:10.1.0.25:15136|admin:10.1.0.25:15135|client:10.1.0.25:15134|dataStream:10.1.0.25:15137|priority:0|startupRole:FOLLOWER, a85aac02-e1fe-4dbf-b118-7fecf770eb80|rpc:10.1.0.25:15118|admin:10.1.0.25:15117|client:10.1.0.25:15116|dataStream:10.1.0.25:15119|priority:1|startupRole:FOLLOWER, cf2e4456-e6b9-4510-a7c5-b0bc85d367c9|rpc:10.1.0.25:15127|admin:10.1.0.25:15126|client:10.1.0.25:15125|dataStream:10.1.0.25:15128|priority:0|startupRole:FOLLOWER]|listeners:[], old=null
2023-10-17 18:44:32,942 [e94707bc-ce25-43e7-a63d-a0dafb7f30ae-groupManagement] INFO  server.RaftServer$Division (RaftServerImpl.java:setRole(329)) - e94707bc-ce25-43e7-a63d-a0dafb7f30ae@group-9D24F66B565F: changes role from      null to FOLLOWER at term 0 for startAsFollower
2023-10-17 18:44:32,942 [e94707bc-ce25-43e7-a63d-a0dafb7f30ae-groupManagement] INFO  impl.RoleInfo (RoleInfo.java:updateAndGet(139)) - e94707bc-ce25-43e7-a63d-a0dafb7f30ae: start e94707bc-ce25-43e7-a63d-a0dafb7f30ae@group-9D24F66B565F-FollowerState
2023-10-17 18:44:32,943 [e94707bc-ce25-43e7-a63d-a0dafb7f30ae-groupManagement] INFO  util.JmxRegister (JmxRegister.java:tryRegister(44)) - Successfully registered JMX Bean with object name Ratis:service=RaftServer,group=group-9D24F66B565F,id=e94707bc-ce25-43e7-a63d-a0dafb7f30ae
2023-10-17 18:44:32,943 [e94707bc-ce25-43e7-a63d-a0dafb7f30ae-groupManagement] INFO  server.RaftServerConfigKeys (ConfUtils.java:logGet(46)) - raft.server.snapshot.auto.trigger.enabled = true (custom)
2023-10-17 18:44:32,943 [e94707bc-ce25-43e7-a63d-a0dafb7f30ae-groupManagement] INFO  server.RaftServerConfigKeys (ConfUtils.java:logGet(46)) - raft.server.snapshot.auto.trigger.threshold = 10000 (custom)
2023-10-17 18:44:32,943 [e94707bc-ce25-43e7-a63d-a0dafb7f30ae-groupManagement] INFO  server.RaftServerConfigKeys (ConfUtils.java:logGet(46)) - raft.server.snapshot.retention.file.num = 5 (custom)
2023-10-17 18:44:32,943 [e94707bc-ce25-43e7-a63d-a0dafb7f30ae-groupManagement] INFO  server.RaftServerConfigKeys (ConfUtils.java:logGet(46)) - raft.server.log.purge.upto.snapshot.index = false (default)
2023-10-17 18:44:32,943 [e94707bc-ce25-43e7-a63d-a0dafb7f30ae@group-9D24F66B565F-FollowerState] INFO  server.RaftServerConfigKeys (ConfUtils.java:logFallback(53)) - raft.server.rpc.first-election.timeout.min = 5s (fallback to raft.server.rpc.timeout.min)
2023-10-17 18:44:32,944 [e94707bc-ce25-43e7-a63d-a0dafb7f30ae@group-9D24F66B565F-FollowerState] INFO  server.RaftServerConfigKeys (ConfUtils.java:logFallback(53)) - raft.server.rpc.first-election.timeout.max = 5200ms (fallback to raft.server.rpc.timeout.max)
2023-10-17 18:44:32,982 [grpc-default-executor-0] INFO  server.RaftServer (RaftServerProxy.java:addNew(98)) - cf2e4456-e6b9-4510-a7c5-b0bc85d367c9: addNew group-9D24F66B565F:[e94707bc-ce25-43e7-a63d-a0dafb7f30ae|rpc:10.1.0.25:15136|admin:10.1.0.25:15135|client:10.1.0.25:15134|dataStream:10.1.0.25:15137|priority:0|startupRole:FOLLOWER, a85aac02-e1fe-4dbf-b118-7fecf770eb80|rpc:10.1.0.25:15118|admin:10.1.0.25:15117|client:10.1.0.25:15116|dataStream:10.1.0.25:15119|priority:1|startupRole:FOLLOWER, cf2e4456-e6b9-4510-a7c5-b0bc85d367c9|rpc:10.1.0.25:15127|admin:10.1.0.25:15126|client:10.1.0.25:15125|dataStream:10.1.0.25:15128|priority:0|startupRole:FOLLOWER] returns group-9D24F66B565F:java.util.concurrent.CompletableFuture@5f0b7a51[Not completed]
2023-10-17 18:44:32,996 [cf2e4456-e6b9-4510-a7c5-b0bc85d367c9-groupManagement] INFO  server.RaftServer$Division (RaftServerImpl.java:<init>(198)) - cf2e4456-e6b9-4510-a7c5-b0bc85d367c9: new RaftServerImpl for group-9D24F66B565F:[e94707bc-ce25-43e7-a63d-a0dafb7f30ae|rpc:10.1.0.25:15136|admin:10.1.0.25:15135|client:10.1.0.25:15134|dataStream:10.1.0.25:15137|priority:0|startupRole:FOLLOWER, a85aac02-e1fe-4dbf-b118-7fecf770eb80|rpc:10.1.0.25:15118|admin:10.1.0.25:15117|client:10.1.0.25:15116|dataStream:10.1.0.25:15119|priority:1|startupRole:FOLLOWER, cf2e4456-e6b9-4510-a7c5-b0bc85d367c9|rpc:10.1.0.25:15127|admin:10.1.0.25:15126|client:10.1.0.25:15125|dataStream:10.1.0.25:15128|priority:0|startupRole:FOLLOWER] with ContainerStateMachine:uninitialized
2023-10-17 18:44:32,996 [cf2e4456-e6b9-4510-a7c5-b0bc85d367c9-groupManagement] INFO  server.RaftServerConfigKeys (ConfUtils.java:logGet(46)) - raft.server.rpc.timeout.min = 5s (custom)
2023-10-17 18:44:32,997 [cf2e4456-e6b9-4510-a7c5-b0bc85d367c9-groupManagement] INFO  server.RaftServerConfigKeys (ConfUtils.java:logGet(46)) - raft.server.rpc.timeout.max = 5200ms (custom)
2023-10-17 18:44:32,997 [cf2e4456-e6b9-4510-a7c5-b0bc85d367c9-groupManagement] INFO  server.RaftServerConfigKeys (ConfUtils.java:logGet(46)) - raft.server.rpc.sleep.time = 25ms (default)
2023-10-17 18:44:32,997 [cf2e4456-e6b9-4510-a7c5-b0bc85d367c9-groupManagement] INFO  server.RaftServerConfigKeys (ConfUtils.java:logGet(46)) - raft.server.rpc.slowness.timeout = 300s (custom)
2023-10-17 18:44:32,997 [cf2e4456-e6b9-4510-a7c5-b0bc85d367c9-groupManagement] INFO  server.RaftServerConfigKeys (ConfUtils.java:logGet(46)) - raft.server.leaderelection.leader.step-down.wait-time = 10s (default)
2023-10-17 18:44:32,997 [cf2e4456-e6b9-4510-a7c5-b0bc85d367c9-groupManagement] INFO  server.RaftServerConfigKeys (ConfUtils.java:logGet(46)) - raft.server.sleep.deviation.threshold = 300ms (default)
2023-10-17 18:44:32,997 [cf2e4456-e6b9-4510-a7c5-b0bc85d367c9-groupManagement] INFO  server.RaftServer$Division (ServerState.java:<init>(120)) - cf2e4456-e6b9-4510-a7c5-b0bc85d367c9@group-9D24F66B565F: ConfigurationManager, init=-1: peers:[e94707bc-ce25-43e7-a63d-a0dafb7f30ae|rpc:10.1.0.25:15136|admin:10.1.0.25:15135|client:10.1.0.25:15134|dataStream:10.1.0.25:15137|priority:0|startupRole:FOLLOWER, a85aac02-e1fe-4dbf-b118-7fecf770eb80|rpc:10.1.0.25:15118|admin:10.1.0.25:15117|client:10.1.0.25:15116|dataStream:10.1.0.25:15119|priority:1|startupRole:FOLLOWER, cf2e4456-e6b9-4510-a7c5-b0bc85d367c9|rpc:10.1.0.25:15127|admin:10.1.0.25:15126|client:10.1.0.25:15125|dataStream:10.1.0.25:15128|priority:0|startupRole:FOLLOWER]|listeners:[], old=null, confs=<EMPTY_MAP>
2023-10-17 18:44:32,997 [cf2e4456-e6b9-4510-a7c5-b0bc85d367c9-groupManagement] INFO  server.RaftServerConfigKeys (ConfUtils.java:logGet(46)) - raft.server.storage.dir = [/home/runner/work/ozone/ozone/hadoop-ozone/integration-test/target/test-dir/MiniOzoneClusterImpl-ee380501-c2be-4155-a337-7349f62bd525/datanode-1/data/ratis] (custom)
2023-10-17 18:44:32,997 [cf2e4456-e6b9-4510-a7c5-b0bc85d367c9-groupManagement] INFO  server.RaftServerConfigKeys (ConfUtils.java:logGet(46)) - raft.server.log.corruption.policy = EXCEPTION (default)
2023-10-17 18:44:32,997 [cf2e4456-e6b9-4510-a7c5-b0bc85d367c9-groupManagement] INFO  server.RaftServerConfigKeys (ConfUtils.java:logGet(46)) - raft.server.storage.free-space.min = 0MB (=0) (default)
2023-10-17 18:44:32,997 [cf2e4456-e6b9-4510-a7c5-b0bc85d367c9-groupManagement] INFO  server.RaftServerConfigKeys (ConfUtils.java:logGet(46)) - raft.server.notification.no-leader.timeout = 300s (custom)
2023-10-17 18:44:32,997 [cf2e4456-e6b9-4510-a7c5-b0bc85d367c9-groupManagement] INFO  server.RaftServerConfigKeys (ConfUtils.java:logGet(46)) - raft.server.read.timeout = 10s (default)
2023-10-17 18:44:32,997 [cf2e4456-e6b9-4510-a7c5-b0bc85d367c9-groupManagement] INFO  server.RaftServerConfigKeys (ConfUtils.java:logGet(46)) - raft.server.retrycache.expirytime = 600000ms (custom)
2023-10-17 18:44:32,997 [cf2e4456-e6b9-4510-a7c5-b0bc85d367c9-groupManagement] INFO  server.RaftServerConfigKeys (ConfUtils.java:logGet(46)) - raft.server.retrycache.statistics.expirytime = 100μs (default)
2023-10-17 18:44:32,997 [cf2e4456-e6b9-4510-a7c5-b0bc85d367c9-groupManagement] INFO  server.RaftServerConfigKeys (ConfUtils.java:logGet(46)) - raft.server.read.option = DEFAULT (default)
2023-10-17 18:44:32,998 [cf2e4456-e6b9-4510-a7c5-b0bc85d367c9-groupManagement] INFO  server.RaftServerConfigKeys (ConfUtils.java:logGet(46)) - raft.server.rpc.request.timeout = 60s (custom)
2023-10-17 18:44:32,999 [cf2e4456-e6b9-4510-a7c5-b0bc85d367c9-groupManagement] INFO  server.RaftServerConfigKeys (ConfUtils.java:logGet(46)) - raft.server.log.appender.install.snapshot.enabled = false (custom)
2023-10-17 18:44:32,999 [cf2e4456-e6b9-4510-a7c5-b0bc85d367c9-groupManagement] INFO  server.RaftServerConfigKeys (ConfUtils.java:logGet(46)) - raft.server.threadpool.server.cached = true (default)
2023-10-17 18:44:32,999 [cf2e4456-e6b9-4510-a7c5-b0bc85d367c9-groupManagement] INFO  server.RaftServerConfigKeys (ConfUtils.java:logGet(46)) - raft.server.threadpool.server.size = 0 (default)
2023-10-17 18:44:32,999 [cf2e4456-e6b9-4510-a7c5-b0bc85d367c9-groupManagement] INFO  server.RaftServerConfigKeys (ConfUtils.java:logGet(46)) - raft.server.threadpool.client.cached = true (default)
2023-10-17 18:44:32,999 [cf2e4456-e6b9-4510-a7c5-b0bc85d367c9-groupManagement] INFO  server.RaftServerConfigKeys (ConfUtils.java:logGet(46)) - raft.server.threadpool.client.size = 0 (default)
2023-10-17 18:44:32,999 [cf2e4456-e6b9-4510-a7c5-b0bc85d367c9-groupManagement] INFO  storage.RaftStorageDirectory (RaftStorageDirectoryImpl.java:analyzeStorage(137)) - The storage directory /home/runner/work/ozone/ozone/hadoop-ozone/integration-test/target/test-dir/MiniOzoneClusterImpl-ee380501-c2be-4155-a337-7349f62bd525/datanode-1/data/ratis/f2d924d1-c5e0-43dc-b219-9d24f66b565f does not exist. Creating ...
2023-10-17 18:44:33,003 [cf2e4456-e6b9-4510-a7c5-b0bc85d367c9-groupManagement] INFO  storage.RaftStorageDirectory (RaftStorageDirectoryImpl.java:tryLock(231)) - Lock on /home/runner/work/ozone/ozone/hadoop-ozone/integration-test/target/test-dir/MiniOzoneClusterImpl-ee380501-c2be-4155-a337-7349f62bd525/datanode-1/data/ratis/f2d924d1-c5e0-43dc-b219-9d24f66b565f/in_use.lock acquired by nodename 31914@fv-az189-115
2023-10-17 18:44:33,005 [cf2e4456-e6b9-4510-a7c5-b0bc85d367c9-groupManagement] INFO  storage.RaftStorage (RaftStorageImpl.java:format(96)) - Storage directory /home/runner/work/ozone/ozone/hadoop-ozone/integration-test/target/test-dir/MiniOzoneClusterImpl-ee380501-c2be-4155-a337-7349f62bd525/datanode-1/data/ratis/f2d924d1-c5e0-43dc-b219-9d24f66b565f has been successfully formatted.
2023-10-17 18:44:33,006 [cf2e4456-e6b9-4510-a7c5-b0bc85d367c9-groupManagement] INFO  ratis.ContainerStateMachine (ContainerStateMachine.java:loadSnapshot(262)) - group-9D24F66B565F: The snapshot info is null. Setting the last applied indexto:(t:0, i:~)
2023-10-17 18:44:33,006 [cf2e4456-e6b9-4510-a7c5-b0bc85d367c9-groupManagement] INFO  server.RaftServerConfigKeys (ConfUtils.java:logGet(46)) - raft.server.log.use.memory = false (default)
2023-10-17 18:44:33,006 [cf2e4456-e6b9-4510-a7c5-b0bc85d367c9-groupManagement] INFO  server.RaftServerConfigKeys (ConfUtils.java:logGet(46)) - raft.server.log.purge.gap = 1000000 (custom)
2023-10-17 18:44:33,008 [cf2e4456-e6b9-4510-a7c5-b0bc85d367c9-groupManagement] INFO  server.RaftServerConfigKeys (ConfUtils.java:logGet(46)) - raft.server.log.appender.buffer.byte-limit = 33554432 (custom)
2023-10-17 18:44:33,008 [cf2e4456-e6b9-4510-a7c5-b0bc85d367c9-groupManagement] INFO  server.RaftServerConfigKeys (ConfUtils.java:logGet(46)) - raft.server.log.statemachine.data.read.timeout = 1000ms (default)
2023-10-17 18:44:33,008 [cf2e4456-e6b9-4510-a7c5-b0bc85d367c9-groupManagement] INFO  server.RaftServerConfigKeys (ConfUtils.java:logGet(46)) - raft.server.log.purge.preservation.log.num = 0 (default)
2023-10-17 18:44:33,009 [cf2e4456-e6b9-4510-a7c5-b0bc85d367c9-groupManagement] INFO  server.RaftServerConfigKeys (ConfUtils.java:logGet(46)) - raft.server.log.segment.size.max = 1048576 (custom)
2023-10-17 18:44:33,009 [cf2e4456-e6b9-4510-a7c5-b0bc85d367c9-groupManagement] INFO  server.RaftServerConfigKeys (ConfUtils.java:logGet(46)) - raft.server.log.segment.cache.num.max = 2 (custom)
2023-10-17 18:44:33,009 [cf2e4456-e6b9-4510-a7c5-b0bc85d367c9-groupManagement] INFO  server.RaftServerConfigKeys (ConfUtils.java:logGet(46)) - raft.server.log.segment.cache.size.max = 200MB (=209715200) (default)
2023-10-17 18:44:33,009 [cf2e4456-e6b9-4510-a7c5-b0bc85d367c9-groupManagement] INFO  server.RaftServerConfigKeys (ConfUtils.java:logGet(46)) - raft.server.log.appender.buffer.byte-limit = 33554432 (custom)
2023-10-17 18:44:33,009 [cf2e4456-e6b9-4510-a7c5-b0bc85d367c9-groupManagement] INFO  segmented.SegmentedRaftLogWorker (SegmentedRaftLogWorker.java:<init>(188)) - new cf2e4456-e6b9-4510-a7c5-b0bc85d367c9@group-9D24F66B565F-SegmentedRaftLogWorker for RaftStorageImpl:Storage Directory /home/runner/work/ozone/ozone/hadoop-ozone/integration-test/target/test-dir/MiniOzoneClusterImpl-ee380501-c2be-4155-a337-7349f62bd525/datanode-1/data/ratis/f2d924d1-c5e0-43dc-b219-9d24f66b565f
2023-10-17 18:44:33,009 [cf2e4456-e6b9-4510-a7c5-b0bc85d367c9-groupManagement] INFO  server.RaftServerConfigKeys (ConfUtils.java:logGet(46)) - raft.server.log.queue.byte-limit = 4294967296 (custom)
2023-10-17 18:44:33,009 [cf2e4456-e6b9-4510-a7c5-b0bc85d367c9-groupManagement] INFO  server.RaftServerConfigKeys (ConfUtils.java:logGet(46)) - raft.server.log.queue.element-limit = 1024 (custom)
2023-10-17 18:44:33,009 [cf2e4456-e6b9-4510-a7c5-b0bc85d367c9-groupManagement] INFO  server.RaftServerConfigKeys (ConfUtils.java:logGet(46)) - raft.server.log.segment.size.max = 1048576 (custom)
2023-10-17 18:44:33,009 [cf2e4456-e6b9-4510-a7c5-b0bc85d367c9-groupManagement] INFO  server.RaftServerConfigKeys (ConfUtils.java:logGet(46)) - raft.server.log.preallocated.size = 16384 (custom)
2023-10-17 18:44:33,009 [cf2e4456-e6b9-4510-a7c5-b0bc85d367c9-groupManagement] INFO  server.RaftServerConfigKeys (ConfUtils.java:logGet(46)) - raft.server.log.force.sync.num = 128 (default)
2023-10-17 18:44:33,009 [cf2e4456-e6b9-4510-a7c5-b0bc85d367c9-groupManagement] INFO  server.RaftServerConfigKeys (ConfUtils.java:logGet(46)) - raft.server.log.statemachine.data.sync = true (default)
2023-10-17 18:44:33,009 [cf2e4456-e6b9-4510-a7c5-b0bc85d367c9-groupManagement] INFO  server.RaftServerConfigKeys (ConfUtils.java:logGet(46)) - raft.server.log.statemachine.data.sync.timeout = 10s (default)
2023-10-17 18:44:33,009 [cf2e4456-e6b9-4510-a7c5-b0bc85d367c9-groupManagement] INFO  server.RaftServerConfigKeys (ConfUtils.java:logGet(46)) - raft.server.log.statemachine.data.sync.timeout.retry = -1 (default)
2023-10-17 18:44:33,010 [cf2e4456-e6b9-4510-a7c5-b0bc85d367c9-groupManagement] INFO  server.RaftServerConfigKeys (ConfUtils.java:logGet(46)) - raft.server.log.write.buffer.size = 1048576 (custom)
2023-10-17 18:44:33,012 [cf2e4456-e6b9-4510-a7c5-b0bc85d367c9-groupManagement] INFO  server.RaftServerConfigKeys (ConfUtils.java:logGet(46)) - raft.server.log.appender.buffer.byte-limit = 33554432 (custom)
2023-10-17 18:44:33,018 [PipelineCommandHandlerThread-0] INFO  server.RaftServer (RaftServerProxy.java:addNew(98)) - cf2e4456-e6b9-4510-a7c5-b0bc85d367c9: addNew group-3BD5453FB21E:[cf2e4456-e6b9-4510-a7c5-b0bc85d367c9|rpc:10.1.0.25:15127|admin:10.1.0.25:15126|client:10.1.0.25:15125|dataStream:10.1.0.25:15128|priority:1|startupRole:FOLLOWER] returns group-3BD5453FB21E:java.util.concurrent.CompletableFuture@62b37d55[Not completed]
2023-10-17 18:44:33,024 [cf2e4456-e6b9-4510-a7c5-b0bc85d367c9-groupManagement] INFO  server.RaftServerConfigKeys (ConfUtils.java:logGet(46)) - raft.server.log.unsafe-flush.enabled = false (default)
2023-10-17 18:44:33,024 [cf2e4456-e6b9-4510-a7c5-b0bc85d367c9-groupManagement] INFO  server.RaftServerConfigKeys (ConfUtils.java:logGet(46)) - raft.server.log.async-flush.enabled = false (default)
2023-10-17 18:44:33,024 [cf2e4456-e6b9-4510-a7c5-b0bc85d367c9-groupManagement] INFO  server.RaftServerConfigKeys (ConfUtils.java:logGet(46)) - raft.server.log.statemachine.data.caching.enabled = true (custom)
2023-10-17 18:44:33,025 [cf2e4456-e6b9-4510-a7c5-b0bc85d367c9-groupManagement] INFO  segmented.SegmentedRaftLogWorker (SegmentedRaftLogWorker.java:lambda$new$0(135)) - cf2e4456-e6b9-4510-a7c5-b0bc85d367c9@group-9D24F66B565F-SegmentedRaftLogWorker: flushIndex: setUnconditionally 0 -> -1
2023-10-17 18:44:33,025 [cf2e4456-e6b9-4510-a7c5-b0bc85d367c9-groupManagement] INFO  segmented.SegmentedRaftLogWorker (SegmentedRaftLogWorker.java:lambda$new$0(135)) - cf2e4456-e6b9-4510-a7c5-b0bc85d367c9@group-9D24F66B565F-SegmentedRaftLogWorker: safeCacheEvictIndex: setUnconditionally 0 -> -1
2023-10-17 18:44:33,030 [cf2e4456-e6b9-4510-a7c5-b0bc85d367c9-groupManagement] INFO  server.RaftServer$Division (RaftServerImpl.java:start(342)) - cf2e4456-e6b9-4510-a7c5-b0bc85d367c9@group-9D24F66B565F: start as a follower, conf=-1: peers:[e94707bc-ce25-43e7-a63d-a0dafb7f30ae|rpc:10.1.0.25:15136|admin:10.1.0.25:15135|client:10.1.0.25:15134|dataStream:10.1.0.25:15137|priority:0|startupRole:FOLLOWER, a85aac02-e1fe-4dbf-b118-7fecf770eb80|rpc:10.1.0.25:15118|admin:10.1.0.25:15117|client:10.1.0.25:15116|dataStream:10.1.0.25:15119|priority:1|startupRole:FOLLOWER, cf2e4456-e6b9-4510-a7c5-b0bc85d367c9|rpc:10.1.0.25:15127|admin:10.1.0.25:15126|client:10.1.0.25:15125|dataStream:10.1.0.25:15128|priority:0|startupRole:FOLLOWER]|listeners:[], old=null
2023-10-17 18:44:33,030 [cf2e4456-e6b9-4510-a7c5-b0bc85d367c9-groupManagement] INFO  server.RaftServer$Division (RaftServerImpl.java:setRole(329)) - cf2e4456-e6b9-4510-a7c5-b0bc85d367c9@group-9D24F66B565F: changes role from      null to FOLLOWER at term 0 for startAsFollower
2023-10-17 18:44:33,030 [cf2e4456-e6b9-4510-a7c5-b0bc85d367c9-groupManagement] INFO  impl.RoleInfo (RoleInfo.java:updateAndGet(139)) - cf2e4456-e6b9-4510-a7c5-b0bc85d367c9: start cf2e4456-e6b9-4510-a7c5-b0bc85d367c9@group-9D24F66B565F-FollowerState
2023-10-17 18:44:33,034 [cf2e4456-e6b9-4510-a7c5-b0bc85d367c9-groupManagement] INFO  util.JmxRegister (JmxRegister.java:tryRegister(44)) - Successfully registered JMX Bean with object name Ratis:service=RaftServer,group=group-9D24F66B565F,id=cf2e4456-e6b9-4510-a7c5-b0bc85d367c9
2023-10-17 18:44:33,034 [cf2e4456-e6b9-4510-a7c5-b0bc85d367c9-groupManagement] INFO  server.RaftServerConfigKeys (ConfUtils.java:logGet(46)) - raft.server.snapshot.auto.trigger.enabled = true (custom)
2023-10-17 18:44:33,034 [cf2e4456-e6b9-4510-a7c5-b0bc85d367c9-groupManagement] INFO  server.RaftServerConfigKeys (ConfUtils.java:logGet(46)) - raft.server.snapshot.auto.trigger.threshold = 10000 (custom)
2023-10-17 18:44:33,034 [cf2e4456-e6b9-4510-a7c5-b0bc85d367c9-groupManagement] INFO  server.RaftServerConfigKeys (ConfUtils.java:logGet(46)) - raft.server.snapshot.retention.file.num = 5 (custom)
2023-10-17 18:44:33,034 [cf2e4456-e6b9-4510-a7c5-b0bc85d367c9-groupManagement] INFO  server.RaftServerConfigKeys (ConfUtils.java:logGet(46)) - raft.server.log.purge.upto.snapshot.index = false (default)
2023-10-17 18:44:33,035 [cf2e4456-e6b9-4510-a7c5-b0bc85d367c9@group-9D24F66B565F-FollowerState] INFO  server.RaftServerConfigKeys (ConfUtils.java:logFallback(53)) - raft.server.rpc.first-election.timeout.min = 5s (fallback to raft.server.rpc.timeout.min)
2023-10-17 18:44:33,035 [cf2e4456-e6b9-4510-a7c5-b0bc85d367c9@group-9D24F66B565F-FollowerState] INFO  server.RaftServerConfigKeys (ConfUtils.java:logFallback(53)) - raft.server.rpc.first-election.timeout.max = 5200ms (fallback to raft.server.rpc.timeout.max)
2023-10-17 18:44:33,041 [cf2e4456-e6b9-4510-a7c5-b0bc85d367c9-groupManagement] INFO  server.RaftServer$Division (RaftServerImpl.java:<init>(198)) - cf2e4456-e6b9-4510-a7c5-b0bc85d367c9: new RaftServerImpl for group-3BD5453FB21E:[cf2e4456-e6b9-4510-a7c5-b0bc85d367c9|rpc:10.1.0.25:15127|admin:10.1.0.25:15126|client:10.1.0.25:15125|dataStream:10.1.0.25:15128|priority:1|startupRole:FOLLOWER] with ContainerStateMachine:uninitialized
2023-10-17 18:44:33,041 [cf2e4456-e6b9-4510-a7c5-b0bc85d367c9-groupManagement] INFO  server.RaftServerConfigKeys (ConfUtils.java:logGet(46)) - raft.server.rpc.timeout.min = 5s (custom)
2023-10-17 18:44:33,041 [cf2e4456-e6b9-4510-a7c5-b0bc85d367c9-groupManagement] INFO  server.RaftServerConfigKeys (ConfUtils.java:logGet(46)) - raft.server.rpc.timeout.max = 5200ms (custom)
2023-10-17 18:44:33,042 [cf2e4456-e6b9-4510-a7c5-b0bc85d367c9-groupManagement] INFO  server.RaftServerConfigKeys (ConfUtils.java:logGet(46)) - raft.server.rpc.sleep.time = 25ms (default)
2023-10-17 18:44:33,042 [cf2e4456-e6b9-4510-a7c5-b0bc85d367c9-groupManagement] INFO  server.RaftServerConfigKeys (ConfUtils.java:logGet(46)) - raft.server.rpc.slowness.timeout = 300s (custom)
2023-10-17 18:44:33,042 [cf2e4456-e6b9-4510-a7c5-b0bc85d367c9-groupManagement] INFO  server.RaftServerConfigKeys (ConfUtils.java:logGet(46)) - raft.server.leaderelection.leader.step-down.wait-time = 10s (default)
2023-10-17 18:44:33,042 [cf2e4456-e6b9-4510-a7c5-b0bc85d367c9-groupManagement] INFO  server.RaftServerConfigKeys (ConfUtils.java:logGet(46)) - raft.server.sleep.deviation.threshold = 300ms (default)
2023-10-17 18:44:33,042 [cf2e4456-e6b9-4510-a7c5-b0bc85d367c9-groupManagement] INFO  server.RaftServer$Division (ServerState.java:<init>(120)) - cf2e4456-e6b9-4510-a7c5-b0bc85d367c9@group-3BD5453FB21E: ConfigurationManager, init=-1: peers:[cf2e4456-e6b9-4510-a7c5-b0bc85d367c9|rpc:10.1.0.25:15127|admin:10.1.0.25:15126|client:10.1.0.25:15125|dataStream:10.1.0.25:15128|priority:1|startupRole:FOLLOWER]|listeners:[], old=null, confs=<EMPTY_MAP>
2023-10-17 18:44:33,042 [cf2e4456-e6b9-4510-a7c5-b0bc85d367c9-groupManagement] INFO  server.RaftServerConfigKeys (ConfUtils.java:logGet(46)) - raft.server.storage.dir = [/home/runner/work/ozone/ozone/hadoop-ozone/integration-test/target/test-dir/MiniOzoneClusterImpl-ee380501-c2be-4155-a337-7349f62bd525/datanode-1/data/ratis] (custom)
2023-10-17 18:44:33,042 [cf2e4456-e6b9-4510-a7c5-b0bc85d367c9-groupManagement] INFO  server.RaftServerConfigKeys (ConfUtils.java:logGet(46)) - raft.server.log.corruption.policy = EXCEPTION (default)
2023-10-17 18:44:33,042 [cf2e4456-e6b9-4510-a7c5-b0bc85d367c9-groupManagement] INFO  server.RaftServerConfigKeys (ConfUtils.java:logGet(46)) - raft.server.storage.free-space.min = 0MB (=0) (default)
2023-10-17 18:44:33,042 [cf2e4456-e6b9-4510-a7c5-b0bc85d367c9-groupManagement] INFO  server.RaftServerConfigKeys (ConfUtils.java:logGet(46)) - raft.server.notification.no-leader.timeout = 300s (custom)
2023-10-17 18:44:33,042 [cf2e4456-e6b9-4510-a7c5-b0bc85d367c9-groupManagement] INFO  server.RaftServerConfigKeys (ConfUtils.java:logGet(46)) - raft.server.read.timeout = 10s (default)
2023-10-17 18:44:33,042 [cf2e4456-e6b9-4510-a7c5-b0bc85d367c9-groupManagement] INFO  server.RaftServerConfigKeys (ConfUtils.java:logGet(46)) - raft.server.retrycache.expirytime = 600000ms (custom)
2023-10-17 18:44:33,042 [cf2e4456-e6b9-4510-a7c5-b0bc85d367c9-groupManagement] INFO  server.RaftServerConfigKeys (ConfUtils.java:logGet(46)) - raft.server.retrycache.statistics.expirytime = 100μs (default)
2023-10-17 18:44:33,042 [cf2e4456-e6b9-4510-a7c5-b0bc85d367c9-groupManagement] INFO  server.RaftServerConfigKeys (ConfUtils.java:logGet(46)) - raft.server.read.option = DEFAULT (default)
2023-10-17 18:44:33,045 [cf2e4456-e6b9-4510-a7c5-b0bc85d367c9-groupManagement] INFO  server.RaftServerConfigKeys (ConfUtils.java:logGet(46)) - raft.server.rpc.request.timeout = 60s (custom)
2023-10-17 18:44:33,045 [cf2e4456-e6b9-4510-a7c5-b0bc85d367c9-groupManagement] INFO  server.RaftServerConfigKeys (ConfUtils.java:logGet(46)) - raft.server.log.appender.install.snapshot.enabled = false (custom)
2023-10-17 18:44:33,046 [cf2e4456-e6b9-4510-a7c5-b0bc85d367c9-groupManagement] INFO  server.RaftServerConfigKeys (ConfUtils.java:logGet(46)) - raft.server.threadpool.server.cached = true (default)
2023-10-17 18:44:33,046 [cf2e4456-e6b9-4510-a7c5-b0bc85d367c9-groupManagement] INFO  server.RaftServerConfigKeys (ConfUtils.java:logGet(46)) - raft.server.threadpool.server.size = 0 (default)
2023-10-17 18:44:33,046 [cf2e4456-e6b9-4510-a7c5-b0bc85d367c9-groupManagement] INFO  server.RaftServerConfigKeys (ConfUtils.java:logGet(46)) - raft.server.threadpool.client.cached = true (default)
2023-10-17 18:44:33,046 [cf2e4456-e6b9-4510-a7c5-b0bc85d367c9-groupManagement] INFO  server.RaftServerConfigKeys (ConfUtils.java:logGet(46)) - raft.server.threadpool.client.size = 0 (default)
2023-10-17 18:44:33,046 [cf2e4456-e6b9-4510-a7c5-b0bc85d367c9-groupManagement] INFO  storage.RaftStorageDirectory (RaftStorageDirectoryImpl.java:analyzeStorage(137)) - The storage directory /home/runner/work/ozone/ozone/hadoop-ozone/integration-test/target/test-dir/MiniOzoneClusterImpl-ee380501-c2be-4155-a337-7349f62bd525/datanode-1/data/ratis/c7444786-157b-4283-b3a7-3bd5453fb21e does not exist. Creating ...
2023-10-17 18:44:33,047 [cf2e4456-e6b9-4510-a7c5-b0bc85d367c9-groupManagement] INFO  storage.RaftStorageDirectory (RaftStorageDirectoryImpl.java:tryLock(231)) - Lock on /home/runner/work/ozone/ozone/hadoop-ozone/integration-test/target/test-dir/MiniOzoneClusterImpl-ee380501-c2be-4155-a337-7349f62bd525/datanode-1/data/ratis/c7444786-157b-4283-b3a7-3bd5453fb21e/in_use.lock acquired by nodename 31914@fv-az189-115
2023-10-17 18:44:33,048 [cf2e4456-e6b9-4510-a7c5-b0bc85d367c9-groupManagement] INFO  storage.RaftStorage (RaftStorageImpl.java:format(96)) - Storage directory /home/runner/work/ozone/ozone/hadoop-ozone/integration-test/target/test-dir/MiniOzoneClusterImpl-ee380501-c2be-4155-a337-7349f62bd525/datanode-1/data/ratis/c7444786-157b-4283-b3a7-3bd5453fb21e has been successfully formatted.
2023-10-17 18:44:33,057 [cf2e4456-e6b9-4510-a7c5-b0bc85d367c9-groupManagement] INFO  ratis.ContainerStateMachine (ContainerStateMachine.java:loadSnapshot(262)) - group-3BD5453FB21E: The snapshot info is null. Setting the last applied indexto:(t:0, i:~)
2023-10-17 18:44:33,057 [cf2e4456-e6b9-4510-a7c5-b0bc85d367c9-groupManagement] INFO  server.RaftServerConfigKeys (ConfUtils.java:logGet(46)) - raft.server.log.use.memory = false (default)
2023-10-17 18:44:33,058 [cf2e4456-e6b9-4510-a7c5-b0bc85d367c9-groupManagement] INFO  server.RaftServerConfigKeys (ConfUtils.java:logGet(46)) - raft.server.log.purge.gap = 1000000 (custom)
2023-10-17 18:44:33,058 [cf2e4456-e6b9-4510-a7c5-b0bc85d367c9-groupManagement] INFO  server.RaftServerConfigKeys (ConfUtils.java:logGet(46)) - raft.server.log.appender.buffer.byte-limit = 33554432 (custom)
2023-10-17 18:44:33,058 [cf2e4456-e6b9-4510-a7c5-b0bc85d367c9-groupManagement] INFO  server.RaftServerConfigKeys (ConfUtils.java:logGet(46)) - raft.server.log.statemachine.data.read.timeout = 1000ms (default)
2023-10-17 18:44:33,058 [cf2e4456-e6b9-4510-a7c5-b0bc85d367c9-groupManagement] INFO  server.RaftServerConfigKeys (ConfUtils.java:logGet(46)) - raft.server.log.purge.preservation.log.num = 0 (default)
2023-10-17 18:44:33,058 [cf2e4456-e6b9-4510-a7c5-b0bc85d367c9-groupManagement] INFO  server.RaftServerConfigKeys (ConfUtils.java:logGet(46)) - raft.server.log.segment.size.max = 1048576 (custom)
2023-10-17 18:44:33,058 [cf2e4456-e6b9-4510-a7c5-b0bc85d367c9-groupManagement] INFO  server.RaftServerConfigKeys (ConfUtils.java:logGet(46)) - raft.server.log.segment.cache.num.max = 2 (custom)
2023-10-17 18:44:33,058 [cf2e4456-e6b9-4510-a7c5-b0bc85d367c9-groupManagement] INFO  server.RaftServerConfigKeys (ConfUtils.java:logGet(46)) - raft.server.log.segment.cache.size.max = 200MB (=209715200) (default)
2023-10-17 18:44:33,058 [cf2e4456-e6b9-4510-a7c5-b0bc85d367c9-groupManagement] INFO  server.RaftServerConfigKeys (ConfUtils.java:logGet(46)) - raft.server.log.appender.buffer.byte-limit = 33554432 (custom)
2023-10-17 18:44:33,058 [cf2e4456-e6b9-4510-a7c5-b0bc85d367c9-groupManagement] INFO  segmented.SegmentedRaftLogWorker (SegmentedRaftLogWorker.java:<init>(188)) - new cf2e4456-e6b9-4510-a7c5-b0bc85d367c9@group-3BD5453FB21E-SegmentedRaftLogWorker for RaftStorageImpl:Storage Directory /home/runner/work/ozone/ozone/hadoop-ozone/integration-test/target/test-dir/MiniOzoneClusterImpl-ee380501-c2be-4155-a337-7349f62bd525/datanode-1/data/ratis/c7444786-157b-4283-b3a7-3bd5453fb21e
2023-10-17 18:44:33,058 [cf2e4456-e6b9-4510-a7c5-b0bc85d367c9-groupManagement] INFO  server.RaftServerConfigKeys (ConfUtils.java:logGet(46)) - raft.server.log.queue.byte-limit = 4294967296 (custom)
2023-10-17 18:44:33,058 [cf2e4456-e6b9-4510-a7c5-b0bc85d367c9-groupManagement] INFO  server.RaftServerConfigKeys (ConfUtils.java:logGet(46)) - raft.server.log.queue.element-limit = 1024 (custom)
2023-10-17 18:44:33,058 [cf2e4456-e6b9-4510-a7c5-b0bc85d367c9-groupManagement] INFO  server.RaftServerConfigKeys (ConfUtils.java:logGet(46)) - raft.server.log.segment.size.max = 1048576 (custom)
2023-10-17 18:44:33,058 [cf2e4456-e6b9-4510-a7c5-b0bc85d367c9-groupManagement] INFO  server.RaftServerConfigKeys (ConfUtils.java:logGet(46)) - raft.server.log.preallocated.size = 16384 (custom)
2023-10-17 18:44:33,058 [cf2e4456-e6b9-4510-a7c5-b0bc85d367c9-groupManagement] INFO  server.RaftServerConfigKeys (ConfUtils.java:logGet(46)) - raft.server.log.force.sync.num = 128 (default)
2023-10-17 18:44:33,059 [cf2e4456-e6b9-4510-a7c5-b0bc85d367c9-groupManagement] INFO  server.RaftServerConfigKeys (ConfUtils.java:logGet(46)) - raft.server.log.statemachine.data.sync = true (default)
2023-10-17 18:44:33,059 [cf2e4456-e6b9-4510-a7c5-b0bc85d367c9-groupManagement] INFO  server.RaftServerConfigKeys (ConfUtils.java:logGet(46)) - raft.server.log.statemachine.data.sync.timeout = 10s (default)
2023-10-17 18:44:33,059 [cf2e4456-e6b9-4510-a7c5-b0bc85d367c9-groupManagement] INFO  server.RaftServerConfigKeys (ConfUtils.java:logGet(46)) - raft.server.log.statemachine.data.sync.timeout.retry = -1 (default)
2023-10-17 18:44:33,059 [cf2e4456-e6b9-4510-a7c5-b0bc85d367c9-groupManagement] INFO  server.RaftServerConfigKeys (ConfUtils.java:logGet(46)) - raft.server.log.write.buffer.size = 1048576 (custom)
2023-10-17 18:44:33,060 [cf2e4456-e6b9-4510-a7c5-b0bc85d367c9-groupManagement] INFO  server.RaftServerConfigKeys (ConfUtils.java:logGet(46)) - raft.server.log.appender.buffer.byte-limit = 33554432 (custom)
2023-10-17 18:44:33,064 [EventQueue-PipelineReportForPipelineReportHandler] INFO  pipeline.PipelineReportHandler (PipelineReportHandler.java:processPipelineReport(136)) - Opened pipeline PipelineID=c7444786-157b-4283-b3a7-3bd5453fb21e
2023-10-17 18:44:33,064 [EventQueue-OpenPipelineForHealthyPipelineSafeModeRule] INFO  safemode.SCMSafeModeManager (HealthyPipelineSafeModeRule.java:process(137)) - SCM in safe mode. Healthy pipelines reported count is 0, required healthy pipeline reported count is 1
2023-10-17 18:44:33,068 [cf2e4456-e6b9-4510-a7c5-b0bc85d367c9-groupManagement] INFO  server.RaftServerConfigKeys (ConfUtils.java:logGet(46)) - raft.server.log.unsafe-flush.enabled = false (default)
2023-10-17 18:44:33,069 [cf2e4456-e6b9-4510-a7c5-b0bc85d367c9-groupManagement] INFO  server.RaftServerConfigKeys (ConfUtils.java:logGet(46)) - raft.server.log.async-flush.enabled = false (default)
2023-10-17 18:44:33,069 [cf2e4456-e6b9-4510-a7c5-b0bc85d367c9-groupManagement] INFO  server.RaftServerConfigKeys (ConfUtils.java:logGet(46)) - raft.server.log.statemachine.data.caching.enabled = true (custom)
2023-10-17 18:44:33,069 [cf2e4456-e6b9-4510-a7c5-b0bc85d367c9-groupManagement] INFO  segmented.SegmentedRaftLogWorker (SegmentedRaftLogWorker.java:lambda$new$0(135)) - cf2e4456-e6b9-4510-a7c5-b0bc85d367c9@group-3BD5453FB21E-SegmentedRaftLogWorker: flushIndex: setUnconditionally 0 -> -1
2023-10-17 18:44:33,069 [cf2e4456-e6b9-4510-a7c5-b0bc85d367c9-groupManagement] INFO  segmented.SegmentedRaftLogWorker (SegmentedRaftLogWorker.java:lambda$new$0(135)) - cf2e4456-e6b9-4510-a7c5-b0bc85d367c9@group-3BD5453FB21E-SegmentedRaftLogWorker: safeCacheEvictIndex: setUnconditionally 0 -> -1
2023-10-17 18:44:33,078 [cf2e4456-e6b9-4510-a7c5-b0bc85d367c9-groupManagement] INFO  server.RaftServer$Division (RaftServerImpl.java:start(342)) - cf2e4456-e6b9-4510-a7c5-b0bc85d367c9@group-3BD5453FB21E: start as a follower, conf=-1: peers:[cf2e4456-e6b9-4510-a7c5-b0bc85d367c9|rpc:10.1.0.25:15127|admin:10.1.0.25:15126|client:10.1.0.25:15125|dataStream:10.1.0.25:15128|priority:1|startupRole:FOLLOWER]|listeners:[], old=null
2023-10-17 18:44:33,078 [cf2e4456-e6b9-4510-a7c5-b0bc85d367c9-groupManagement] INFO  server.RaftServer$Division (RaftServerImpl.java:setRole(329)) - cf2e4456-e6b9-4510-a7c5-b0bc85d367c9@group-3BD5453FB21E: changes role from      null to FOLLOWER at term 0 for startAsFollower
2023-10-17 18:44:33,078 [cf2e4456-e6b9-4510-a7c5-b0bc85d367c9-groupManagement] INFO  impl.RoleInfo (RoleInfo.java:updateAndGet(139)) - cf2e4456-e6b9-4510-a7c5-b0bc85d367c9: start cf2e4456-e6b9-4510-a7c5-b0bc85d367c9@group-3BD5453FB21E-FollowerState
2023-10-17 18:44:33,082 [cf2e4456-e6b9-4510-a7c5-b0bc85d367c9-groupManagement] INFO  util.JmxRegister (JmxRegister.java:tryRegister(44)) - Successfully registered JMX Bean with object name Ratis:service=RaftServer,group=group-3BD5453FB21E,id=cf2e4456-e6b9-4510-a7c5-b0bc85d367c9
2023-10-17 18:44:33,082 [cf2e4456-e6b9-4510-a7c5-b0bc85d367c9-groupManagement] INFO  server.RaftServerConfigKeys (ConfUtils.java:logGet(46)) - raft.server.snapshot.auto.trigger.enabled = true (custom)
2023-10-17 18:44:33,082 [cf2e4456-e6b9-4510-a7c5-b0bc85d367c9-groupManagement] INFO  server.RaftServerConfigKeys (ConfUtils.java:logGet(46)) - raft.server.snapshot.auto.trigger.threshold = 10000 (custom)
2023-10-17 18:44:33,082 [cf2e4456-e6b9-4510-a7c5-b0bc85d367c9-groupManagement] INFO  server.RaftServerConfigKeys (ConfUtils.java:logGet(46)) - raft.server.snapshot.retention.file.num = 5 (custom)
2023-10-17 18:44:33,082 [cf2e4456-e6b9-4510-a7c5-b0bc85d367c9-groupManagement] INFO  server.RaftServerConfigKeys (ConfUtils.java:logGet(46)) - raft.server.log.purge.upto.snapshot.index = false (default)
2023-10-17 18:44:33,090 [cf2e4456-e6b9-4510-a7c5-b0bc85d367c9@group-3BD5453FB21E-FollowerState] INFO  server.RaftServerConfigKeys (ConfUtils.java:logFallback(53)) - raft.server.rpc.first-election.timeout.min = 5s (fallback to raft.server.rpc.timeout.min)
2023-10-17 18:44:33,091 [cf2e4456-e6b9-4510-a7c5-b0bc85d367c9@group-3BD5453FB21E-FollowerState] INFO  server.RaftServerConfigKeys (ConfUtils.java:logFallback(53)) - raft.server.rpc.first-election.timeout.max = 5200ms (fallback to raft.server.rpc.timeout.max)
2023-10-17 18:44:33,093 [PipelineCommandHandlerThread-0] INFO  ratis.XceiverServerRatis (XceiverServerRatis.java:addGroup(804)) - Created group PipelineID=c7444786-157b-4283-b3a7-3bd5453fb21e
2023-10-17 18:44:33,093 [PipelineCommandHandlerThread-0] INFO  commandhandler.CreatePipelineCommandHandler (CreatePipelineCommandHandler.java:lambda$handle$2(124)) - Created Pipeline RATIS ONE PipelineID=c7444786-157b-4283-b3a7-3bd5453fb21e.
2023-10-17 18:44:33,094 [PipelineCommandHandlerThread-0] INFO  commandhandler.CreatePipelineCommandHandler (CreatePipelineCommandHandler.java:lambda$handle$2(124)) - Created Pipeline RATIS THREE PipelineID=f2d924d1-c5e0-43dc-b219-9d24f66b565f.
2023-10-17 18:44:33,424 [Time-limited test] INFO  ozone.MiniOzoneClusterImpl (MiniOzoneClusterImpl.java:lambda$waitForClusterToBeReady$0(229)) - Nodes are ready. Got 3 of 3 DN Heartbeats.
2023-10-17 18:44:33,425 [Time-limited test] INFO  ozone.MiniOzoneClusterImpl (MiniOzoneClusterImpl.java:lambda$waitForClusterToBeReady$0(232)) - Waiting for cluster to exit safe mode
2023-10-17 18:44:33,425 [Time-limited test] INFO  ozone.MiniOzoneClusterImpl (MiniOzoneClusterImpl.java:lambda$waitForClusterToBeReady$0(234)) - SCM became leader
2023-10-17 18:44:33,432 [PipelineCommandHandlerThread-0] INFO  server.RaftServer (RaftServerProxy.java:addNew(98)) - e94707bc-ce25-43e7-a63d-a0dafb7f30ae: addNew group-BB4074E0AF78:[e94707bc-ce25-43e7-a63d-a0dafb7f30ae|rpc:10.1.0.25:15136|admin:10.1.0.25:15135|client:10.1.0.25:15134|dataStream:10.1.0.25:15137|priority:1|startupRole:FOLLOWER] returns group-BB4074E0AF78:java.util.concurrent.CompletableFuture@48f9e211[Not completed]
2023-10-17 18:44:33,433 [e94707bc-ce25-43e7-a63d-a0dafb7f30ae-groupManagement] INFO  server.RaftServer$Division (RaftServerImpl.java:<init>(198)) - e94707bc-ce25-43e7-a63d-a0dafb7f30ae: new RaftServerImpl for group-BB4074E0AF78:[e94707bc-ce25-43e7-a63d-a0dafb7f30ae|rpc:10.1.0.25:15136|admin:10.1.0.25:15135|client:10.1.0.25:15134|dataStream:10.1.0.25:15137|priority:1|startupRole:FOLLOWER] with ContainerStateMachine:uninitialized
2023-10-17 18:44:33,433 [e94707bc-ce25-43e7-a63d-a0dafb7f30ae-groupManagement] INFO  server.RaftServerConfigKeys (ConfUtils.java:logGet(46)) - raft.server.rpc.timeout.min = 5s (custom)
2023-10-17 18:44:33,433 [e94707bc-ce25-43e7-a63d-a0dafb7f30ae-groupManagement] INFO  server.RaftServerConfigKeys (ConfUtils.java:logGet(46)) - raft.server.rpc.timeout.max = 5200ms (custom)
2023-10-17 18:44:33,433 [e94707bc-ce25-43e7-a63d-a0dafb7f30ae-groupManagement] INFO  server.RaftServerConfigKeys (ConfUtils.java:logGet(46)) - raft.server.rpc.sleep.time = 25ms (default)
2023-10-17 18:44:33,433 [e94707bc-ce25-43e7-a63d-a0dafb7f30ae-groupManagement] INFO  server.RaftServerConfigKeys (ConfUtils.java:logGet(46)) - raft.server.rpc.slowness.timeout = 300s (custom)
2023-10-17 18:44:33,433 [e94707bc-ce25-43e7-a63d-a0dafb7f30ae-groupManagement] INFO  server.RaftServerConfigKeys (ConfUtils.java:logGet(46)) - raft.server.leaderelection.leader.step-down.wait-time = 10s (default)
2023-10-17 18:44:33,433 [e94707bc-ce25-43e7-a63d-a0dafb7f30ae-groupManagement] INFO  server.RaftServerConfigKeys (ConfUtils.java:logGet(46)) - raft.server.sleep.deviation.threshold = 300ms (default)
2023-10-17 18:44:33,433 [e94707bc-ce25-43e7-a63d-a0dafb7f30ae-groupManagement] INFO  server.RaftServer$Division (ServerState.java:<init>(120)) - e94707bc-ce25-43e7-a63d-a0dafb7f30ae@group-BB4074E0AF78: ConfigurationManager, init=-1: peers:[e94707bc-ce25-43e7-a63d-a0dafb7f30ae|rpc:10.1.0.25:15136|admin:10.1.0.25:15135|client:10.1.0.25:15134|dataStream:10.1.0.25:15137|priority:1|startupRole:FOLLOWER]|listeners:[], old=null, confs=<EMPTY_MAP>
2023-10-17 18:44:33,433 [e94707bc-ce25-43e7-a63d-a0dafb7f30ae-groupManagement] INFO  server.RaftServerConfigKeys (ConfUtils.java:logGet(46)) - raft.server.storage.dir = [/home/runner/work/ozone/ozone/hadoop-ozone/integration-test/target/test-dir/MiniOzoneClusterImpl-ee380501-c2be-4155-a337-7349f62bd525/datanode-2/data/ratis] (custom)
2023-10-17 18:44:33,433 [e94707bc-ce25-43e7-a63d-a0dafb7f30ae-groupManagement] INFO  server.RaftServerConfigKeys (ConfUtils.java:logGet(46)) - raft.server.log.corruption.policy = EXCEPTION (default)
2023-10-17 18:44:33,433 [e94707bc-ce25-43e7-a63d-a0dafb7f30ae-groupManagement] INFO  server.RaftServerConfigKeys (ConfUtils.java:logGet(46)) - raft.server.storage.free-space.min = 0MB (=0) (default)
2023-10-17 18:44:33,433 [e94707bc-ce25-43e7-a63d-a0dafb7f30ae-groupManagement] INFO  server.RaftServerConfigKeys (ConfUtils.java:logGet(46)) - raft.server.notification.no-leader.timeout = 300s (custom)
2023-10-17 18:44:33,433 [e94707bc-ce25-43e7-a63d-a0dafb7f30ae-groupManagement] INFO  server.RaftServerConfigKeys (ConfUtils.java:logGet(46)) - raft.server.read.timeout = 10s (default)
2023-10-17 18:44:33,433 [e94707bc-ce25-43e7-a63d-a0dafb7f30ae-groupManagement] INFO  server.RaftServerConfigKeys (ConfUtils.java:logGet(46)) - raft.server.retrycache.expirytime = 600000ms (custom)
2023-10-17 18:44:33,434 [e94707bc-ce25-43e7-a63d-a0dafb7f30ae-groupManagement] INFO  server.RaftServerConfigKeys (ConfUtils.java:logGet(46)) - raft.server.retrycache.statistics.expirytime = 100μs (default)
2023-10-17 18:44:33,434 [e94707bc-ce25-43e7-a63d-a0dafb7f30ae-groupManagement] INFO  server.RaftServerConfigKeys (ConfUtils.java:logGet(46)) - raft.server.read.option = DEFAULT (default)
2023-10-17 18:44:33,434 [e94707bc-ce25-43e7-a63d-a0dafb7f30ae-groupManagement] INFO  server.RaftServerConfigKeys (ConfUtils.java:logGet(46)) - raft.server.rpc.request.timeout = 60s (custom)
2023-10-17 18:44:33,434 [e94707bc-ce25-43e7-a63d-a0dafb7f30ae-groupManagement] INFO  server.RaftServerConfigKeys (ConfUtils.java:logGet(46)) - raft.server.log.appender.install.snapshot.enabled = false (custom)
2023-10-17 18:44:33,434 [e94707bc-ce25-43e7-a63d-a0dafb7f30ae-groupManagement] INFO  server.RaftServerConfigKeys (ConfUtils.java:logGet(46)) - raft.server.threadpool.server.cached = true (default)
2023-10-17 18:44:33,434 [e94707bc-ce25-43e7-a63d-a0dafb7f30ae-groupManagement] INFO  server.RaftServerConfigKeys (ConfUtils.java:logGet(46)) - raft.server.threadpool.server.size = 0 (default)
2023-10-17 18:44:33,434 [e94707bc-ce25-43e7-a63d-a0dafb7f30ae-groupManagement] INFO  server.RaftServerConfigKeys (ConfUtils.java:logGet(46)) - raft.server.threadpool.client.cached = true (default)
2023-10-17 18:44:33,434 [e94707bc-ce25-43e7-a63d-a0dafb7f30ae-groupManagement] INFO  server.RaftServerConfigKeys (ConfUtils.java:logGet(46)) - raft.server.threadpool.client.size = 0 (default)
2023-10-17 18:44:33,435 [e94707bc-ce25-43e7-a63d-a0dafb7f30ae-groupManagement] INFO  storage.RaftStorageDirectory (RaftStorageDirectoryImpl.java:analyzeStorage(137)) - The storage directory /home/runner/work/ozone/ozone/hadoop-ozone/integration-test/target/test-dir/MiniOzoneClusterImpl-ee380501-c2be-4155-a337-7349f62bd525/datanode-2/data/ratis/b0317580-7117-4bd1-8480-bb4074e0af78 does not exist. Creating ...
2023-10-17 18:44:33,436 [e94707bc-ce25-43e7-a63d-a0dafb7f30ae-groupManagement] INFO  storage.RaftStorageDirectory (RaftStorageDirectoryImpl.java:tryLock(231)) - Lock on /home/runner/work/ozone/ozone/hadoop-ozone/integration-test/target/test-dir/MiniOzoneClusterImpl-ee380501-c2be-4155-a337-7349f62bd525/datanode-2/data/ratis/b0317580-7117-4bd1-8480-bb4074e0af78/in_use.lock acquired by nodename 31914@fv-az189-115
2023-10-17 18:44:33,437 [e94707bc-ce25-43e7-a63d-a0dafb7f30ae-groupManagement] INFO  storage.RaftStorage (RaftStorageImpl.java:format(96)) - Storage directory /home/runner/work/ozone/ozone/hadoop-ozone/integration-test/target/test-dir/MiniOzoneClusterImpl-ee380501-c2be-4155-a337-7349f62bd525/datanode-2/data/ratis/b0317580-7117-4bd1-8480-bb4074e0af78 has been successfully formatted.
2023-10-17 18:44:33,438 [e94707bc-ce25-43e7-a63d-a0dafb7f30ae-groupManagement] INFO  ratis.ContainerStateMachine (ContainerStateMachine.java:loadSnapshot(262)) - group-BB4074E0AF78: The snapshot info is null. Setting the last applied indexto:(t:0, i:~)
2023-10-17 18:44:33,438 [e94707bc-ce25-43e7-a63d-a0dafb7f30ae-groupManagement] INFO  server.RaftServerConfigKeys (ConfUtils.java:logGet(46)) - raft.server.log.use.memory = false (default)
2023-10-17 18:44:33,438 [e94707bc-ce25-43e7-a63d-a0dafb7f30ae-groupManagement] INFO  server.RaftServerConfigKeys (ConfUtils.java:logGet(46)) - raft.server.log.purge.gap = 1000000 (custom)
2023-10-17 18:44:33,439 [e94707bc-ce25-43e7-a63d-a0dafb7f30ae-groupManagement] INFO  server.RaftServerConfigKeys (ConfUtils.java:logGet(46)) - raft.server.log.appender.buffer.byte-limit = 33554432 (custom)
2023-10-17 18:44:33,439 [e94707bc-ce25-43e7-a63d-a0dafb7f30ae-groupManagement] INFO  server.RaftServerConfigKeys (ConfUtils.java:logGet(46)) - raft.server.log.statemachine.data.read.timeout = 1000ms (default)
2023-10-17 18:44:33,439 [EventQueue-PipelineReportForPipelineReportHandler] INFO  pipeline.PipelineReportHandler (PipelineReportHandler.java:processPipelineReport(136)) - Opened pipeline PipelineID=b0317580-7117-4bd1-8480-bb4074e0af78
2023-10-17 18:44:33,440 [EventQueue-OpenPipelineForHealthyPipelineSafeModeRule] INFO  safemode.SCMSafeModeManager (HealthyPipelineSafeModeRule.java:process(137)) - SCM in safe mode. Healthy pipelines reported count is 0, required healthy pipeline reported count is 1
2023-10-17 18:44:33,440 [e94707bc-ce25-43e7-a63d-a0dafb7f30ae-groupManagement] INFO  server.RaftServerConfigKeys (ConfUtils.java:logGet(46)) - raft.server.log.purge.preservation.log.num = 0 (default)
2023-10-17 18:44:33,440 [e94707bc-ce25-43e7-a63d-a0dafb7f30ae-groupManagement] INFO  server.RaftServerConfigKeys (ConfUtils.java:logGet(46)) - raft.server.log.segment.size.max = 1048576 (custom)
2023-10-17 18:44:33,440 [e94707bc-ce25-43e7-a63d-a0dafb7f30ae-groupManagement] INFO  server.RaftServerConfigKeys (ConfUtils.java:logGet(46)) - raft.server.log.segment.cache.num.max = 2 (custom)
2023-10-17 18:44:33,440 [e94707bc-ce25-43e7-a63d-a0dafb7f30ae-groupManagement] INFO  server.RaftServerConfigKeys (ConfUtils.java:logGet(46)) - raft.server.log.segment.cache.size.max = 200MB (=209715200) (default)
2023-10-17 18:44:33,440 [e94707bc-ce25-43e7-a63d-a0dafb7f30ae-groupManagement] INFO  server.RaftServerConfigKeys (ConfUtils.java:logGet(46)) - raft.server.log.appender.buffer.byte-limit = 33554432 (custom)
2023-10-17 18:44:33,440 [e94707bc-ce25-43e7-a63d-a0dafb7f30ae-groupManagement] INFO  segmented.SegmentedRaftLogWorker (SegmentedRaftLogWorker.java:<init>(188)) - new e94707bc-ce25-43e7-a63d-a0dafb7f30ae@group-BB4074E0AF78-SegmentedRaftLogWorker for RaftStorageImpl:Storage Directory /home/runner/work/ozone/ozone/hadoop-ozone/integration-test/target/test-dir/MiniOzoneClusterImpl-ee380501-c2be-4155-a337-7349f62bd525/datanode-2/data/ratis/b0317580-7117-4bd1-8480-bb4074e0af78
2023-10-17 18:44:33,440 [e94707bc-ce25-43e7-a63d-a0dafb7f30ae-groupManagement] INFO  server.RaftServerConfigKeys (ConfUtils.java:logGet(46)) - raft.server.log.queue.byte-limit = 4294967296 (custom)
2023-10-17 18:44:33,440 [e94707bc-ce25-43e7-a63d-a0dafb7f30ae-groupManagement] INFO  server.RaftServerConfigKeys (ConfUtils.java:logGet(46)) - raft.server.log.queue.element-limit = 1024 (custom)
2023-10-17 18:44:33,440 [e94707bc-ce25-43e7-a63d-a0dafb7f30ae-groupManagement] INFO  server.RaftServerConfigKeys (ConfUtils.java:logGet(46)) - raft.server.log.segment.size.max = 1048576 (custom)
2023-10-17 18:44:33,440 [e94707bc-ce25-43e7-a63d-a0dafb7f30ae-groupManagement] INFO  server.RaftServerConfigKeys (ConfUtils.java:logGet(46)) - raft.server.log.preallocated.size = 16384 (custom)
2023-10-17 18:44:33,440 [e94707bc-ce25-43e7-a63d-a0dafb7f30ae-groupManagement] INFO  server.RaftServerConfigKeys (ConfUtils.java:logGet(46)) - raft.server.log.force.sync.num = 128 (default)
2023-10-17 18:44:33,441 [e94707bc-ce25-43e7-a63d-a0dafb7f30ae-groupManagement] INFO  server.RaftServerConfigKeys (ConfUtils.java:logGet(46)) - raft.server.log.statemachine.data.sync = true (default)
2023-10-17 18:44:33,441 [e94707bc-ce25-43e7-a63d-a0dafb7f30ae-groupManagement] INFO  server.RaftServerConfigKeys (ConfUtils.java:logGet(46)) - raft.server.log.statemachine.data.sync.timeout = 10s (default)
2023-10-17 18:44:33,441 [e94707bc-ce25-43e7-a63d-a0dafb7f30ae-groupManagement] INFO  server.RaftServerConfigKeys (ConfUtils.java:logGet(46)) - raft.server.log.statemachine.data.sync.timeout.retry = -1 (default)
2023-10-17 18:44:33,441 [e94707bc-ce25-43e7-a63d-a0dafb7f30ae-groupManagement] INFO  server.RaftServerConfigKeys (ConfUtils.java:logGet(46)) - raft.server.log.write.buffer.size = 1048576 (custom)
2023-10-17 18:44:33,442 [e94707bc-ce25-43e7-a63d-a0dafb7f30ae-groupManagement] INFO  server.RaftServerConfigKeys (ConfUtils.java:logGet(46)) - raft.server.log.appender.buffer.byte-limit = 33554432 (custom)
2023-10-17 18:44:33,447 [e94707bc-ce25-43e7-a63d-a0dafb7f30ae-groupManagement] INFO  server.RaftServerConfigKeys (ConfUtils.java:logGet(46)) - raft.server.log.unsafe-flush.enabled = false (default)
2023-10-17 18:44:33,447 [e94707bc-ce25-43e7-a63d-a0dafb7f30ae-groupManagement] INFO  server.RaftServerConfigKeys (ConfUtils.java:logGet(46)) - raft.server.log.async-flush.enabled = false (default)
2023-10-17 18:44:33,447 [e94707bc-ce25-43e7-a63d-a0dafb7f30ae-groupManagement] INFO  server.RaftServerConfigKeys (ConfUtils.java:logGet(46)) - raft.server.log.statemachine.data.caching.enabled = true (custom)
2023-10-17 18:44:33,447 [e94707bc-ce25-43e7-a63d-a0dafb7f30ae-groupManagement] INFO  segmented.SegmentedRaftLogWorker (SegmentedRaftLogWorker.java:lambda$new$0(135)) - e94707bc-ce25-43e7-a63d-a0dafb7f30ae@group-BB4074E0AF78-SegmentedRaftLogWorker: flushIndex: setUnconditionally 0 -> -1
2023-10-17 18:44:33,447 [e94707bc-ce25-43e7-a63d-a0dafb7f30ae-groupManagement] INFO  segmented.SegmentedRaftLogWorker (SegmentedRaftLogWorker.java:lambda$new$0(135)) - e94707bc-ce25-43e7-a63d-a0dafb7f30ae@group-BB4074E0AF78-SegmentedRaftLogWorker: safeCacheEvictIndex: setUnconditionally 0 -> -1
2023-10-17 18:44:33,447 [e94707bc-ce25-43e7-a63d-a0dafb7f30ae-groupManagement] INFO  server.RaftServer$Division (RaftServerImpl.java:start(342)) - e94707bc-ce25-43e7-a63d-a0dafb7f30ae@group-BB4074E0AF78: start as a follower, conf=-1: peers:[e94707bc-ce25-43e7-a63d-a0dafb7f30ae|rpc:10.1.0.25:15136|admin:10.1.0.25:15135|client:10.1.0.25:15134|dataStream:10.1.0.25:15137|priority:1|startupRole:FOLLOWER]|listeners:[], old=null
2023-10-17 18:44:33,447 [e94707bc-ce25-43e7-a63d-a0dafb7f30ae-groupManagement] INFO  server.RaftServer$Division (RaftServerImpl.java:setRole(329)) - e94707bc-ce25-43e7-a63d-a0dafb7f30ae@group-BB4074E0AF78: changes role from      null to FOLLOWER at term 0 for startAsFollower
2023-10-17 18:44:33,447 [e94707bc-ce25-43e7-a63d-a0dafb7f30ae-groupManagement] INFO  impl.RoleInfo (RoleInfo.java:updateAndGet(139)) - e94707bc-ce25-43e7-a63d-a0dafb7f30ae: start e94707bc-ce25-43e7-a63d-a0dafb7f30ae@group-BB4074E0AF78-FollowerState
2023-10-17 18:44:33,448 [e94707bc-ce25-43e7-a63d-a0dafb7f30ae-groupManagement] INFO  util.JmxRegister (JmxRegister.java:tryRegister(44)) - Successfully registered JMX Bean with object name Ratis:service=RaftServer,group=group-BB4074E0AF78,id=e94707bc-ce25-43e7-a63d-a0dafb7f30ae
2023-10-17 18:44:33,448 [e94707bc-ce25-43e7-a63d-a0dafb7f30ae-groupManagement] INFO  server.RaftServerConfigKeys (ConfUtils.java:logGet(46)) - raft.server.snapshot.auto.trigger.enabled = true (custom)
2023-10-17 18:44:33,448 [e94707bc-ce25-43e7-a63d-a0dafb7f30ae-groupManagement] INFO  server.RaftServerConfigKeys (ConfUtils.java:logGet(46)) - raft.server.snapshot.auto.trigger.threshold = 10000 (custom)
2023-10-17 18:44:33,448 [e94707bc-ce25-43e7-a63d-a0dafb7f30ae-groupManagement] INFO  server.RaftServerConfigKeys (ConfUtils.java:logGet(46)) - raft.server.snapshot.retention.file.num = 5 (custom)
2023-10-17 18:44:33,448 [e94707bc-ce25-43e7-a63d-a0dafb7f30ae-groupManagement] INFO  server.RaftServerConfigKeys (ConfUtils.java:logGet(46)) - raft.server.log.purge.upto.snapshot.index = false (default)
2023-10-17 18:44:33,448 [e94707bc-ce25-43e7-a63d-a0dafb7f30ae@group-BB4074E0AF78-FollowerState] INFO  server.RaftServerConfigKeys (ConfUtils.java:logFallback(53)) - raft.server.rpc.first-election.timeout.min = 5s (fallback to raft.server.rpc.timeout.min)
2023-10-17 18:44:33,449 [e94707bc-ce25-43e7-a63d-a0dafb7f30ae@group-BB4074E0AF78-FollowerState] INFO  server.RaftServerConfigKeys (ConfUtils.java:logFallback(53)) - raft.server.rpc.first-election.timeout.max = 5200ms (fallback to raft.server.rpc.timeout.max)
2023-10-17 18:44:33,449 [PipelineCommandHandlerThread-0] INFO  ratis.XceiverServerRatis (XceiverServerRatis.java:addGroup(804)) - Created group PipelineID=b0317580-7117-4bd1-8480-bb4074e0af78
2023-10-17 18:44:33,449 [PipelineCommandHandlerThread-0] INFO  commandhandler.CreatePipelineCommandHandler (CreatePipelineCommandHandler.java:lambda$handle$2(124)) - Created Pipeline RATIS ONE PipelineID=b0317580-7117-4bd1-8480-bb4074e0af78.
2023-10-17 18:44:34,425 [Time-limited test] INFO  ozone.MiniOzoneClusterImpl (MiniOzoneClusterImpl.java:lambda$waitForClusterToBeReady$0(229)) - Nodes are ready. Got 3 of 3 DN Heartbeats.
2023-10-17 18:44:34,425 [Time-limited test] INFO  ozone.MiniOzoneClusterImpl (MiniOzoneClusterImpl.java:lambda$waitForClusterToBeReady$0(232)) - Waiting for cluster to exit safe mode
2023-10-17 18:44:34,425 [Time-limited test] INFO  ozone.MiniOzoneClusterImpl (MiniOzoneClusterImpl.java:lambda$waitForClusterToBeReady$0(234)) - SCM became leader
2023-10-17 18:44:35,425 [Time-limited test] INFO  ozone.MiniOzoneClusterImpl (MiniOzoneClusterImpl.java:lambda$waitForClusterToBeReady$0(229)) - Nodes are ready. Got 3 of 3 DN Heartbeats.
2023-10-17 18:44:35,425 [Time-limited test] INFO  ozone.MiniOzoneClusterImpl (MiniOzoneClusterImpl.java:lambda$waitForClusterToBeReady$0(232)) - Waiting for cluster to exit safe mode
2023-10-17 18:44:35,426 [Time-limited test] INFO  ozone.MiniOzoneClusterImpl (MiniOzoneClusterImpl.java:lambda$waitForClusterToBeReady$0(234)) - SCM became leader
2023-10-17 18:44:36,426 [Time-limited test] INFO  ozone.MiniOzoneClusterImpl (MiniOzoneClusterImpl.java:lambda$waitForClusterToBeReady$0(229)) - Nodes are ready. Got 3 of 3 DN Heartbeats.
2023-10-17 18:44:36,426 [Time-limited test] INFO  ozone.MiniOzoneClusterImpl (MiniOzoneClusterImpl.java:lambda$waitForClusterToBeReady$0(232)) - Waiting for cluster to exit safe mode
2023-10-17 18:44:36,426 [Time-limited test] INFO  ozone.MiniOzoneClusterImpl (MiniOzoneClusterImpl.java:lambda$waitForClusterToBeReady$0(234)) - SCM became leader
2023-10-17 18:44:37,426 [Time-limited test] INFO  ozone.MiniOzoneClusterImpl (MiniOzoneClusterImpl.java:lambda$waitForClusterToBeReady$0(229)) - Nodes are ready. Got 3 of 3 DN Heartbeats.
2023-10-17 18:44:37,426 [Time-limited test] INFO  ozone.MiniOzoneClusterImpl (MiniOzoneClusterImpl.java:lambda$waitForClusterToBeReady$0(232)) - Waiting for cluster to exit safe mode
2023-10-17 18:44:37,426 [Time-limited test] INFO  ozone.MiniOzoneClusterImpl (MiniOzoneClusterImpl.java:lambda$waitForClusterToBeReady$0(234)) - SCM became leader
2023-10-17 18:44:37,809 [a85aac02-e1fe-4dbf-b118-7fecf770eb80@group-22AE834CBFF6-FollowerState] INFO  impl.FollowerState (FollowerState.java:run(143)) - a85aac02-e1fe-4dbf-b118-7fecf770eb80@group-22AE834CBFF6-FollowerState: change to CANDIDATE, lastRpcElapsedTime:5078353374ns, electionTimeout:5073ms
2023-10-17 18:44:37,809 [a85aac02-e1fe-4dbf-b118-7fecf770eb80@group-22AE834CBFF6-FollowerState] INFO  impl.RoleInfo (RoleInfo.java:shutdownFollowerState(110)) - a85aac02-e1fe-4dbf-b118-7fecf770eb80: shutdown a85aac02-e1fe-4dbf-b118-7fecf770eb80@group-22AE834CBFF6-FollowerState
2023-10-17 18:44:37,809 [a85aac02-e1fe-4dbf-b118-7fecf770eb80@group-22AE834CBFF6-FollowerState] INFO  server.RaftServer$Division (RaftServerImpl.java:setRole(329)) - a85aac02-e1fe-4dbf-b118-7fecf770eb80@group-22AE834CBFF6: changes role from  FOLLOWER to CANDIDATE at term 0 for changeToCandidate
2023-10-17 18:44:37,809 [a85aac02-e1fe-4dbf-b118-7fecf770eb80@group-22AE834CBFF6-FollowerState] INFO  server.RaftServerConfigKeys (ConfUtils.java:logGet(46)) - raft.server.leaderelection.pre-vote = true (default)
2023-10-17 18:44:37,810 [a85aac02-e1fe-4dbf-b118-7fecf770eb80@group-22AE834CBFF6-FollowerState] INFO  impl.RoleInfo (RoleInfo.java:updateAndGet(139)) - a85aac02-e1fe-4dbf-b118-7fecf770eb80: start a85aac02-e1fe-4dbf-b118-7fecf770eb80@group-22AE834CBFF6-LeaderElection21
2023-10-17 18:44:37,812 [a85aac02-e1fe-4dbf-b118-7fecf770eb80@group-22AE834CBFF6-LeaderElection21] INFO  impl.LeaderElection (LeaderElection.java:askForVotes(321)) - a85aac02-e1fe-4dbf-b118-7fecf770eb80@group-22AE834CBFF6-LeaderElection21 PRE_VOTE round 0: submit vote requests at term 0 for -1: peers:[e94707bc-ce25-43e7-a63d-a0dafb7f30ae|rpc:10.1.0.25:15136|admin:10.1.0.25:15135|client:10.1.0.25:15134|dataStream:10.1.0.25:15137|priority:0|startupRole:FOLLOWER, a85aac02-e1fe-4dbf-b118-7fecf770eb80|rpc:10.1.0.25:15118|admin:10.1.0.25:15117|client:10.1.0.25:15116|dataStream:10.1.0.25:15119|priority:0|startupRole:FOLLOWER, cf2e4456-e6b9-4510-a7c5-b0bc85d367c9|rpc:10.1.0.25:15127|admin:10.1.0.25:15126|client:10.1.0.25:15125|dataStream:10.1.0.25:15128|priority:1|startupRole:FOLLOWER]|listeners:[], old=null
2023-10-17 18:44:37,813 [a85aac02-e1fe-4dbf-b118-7fecf770eb80@group-22AE834CBFF6-LeaderElection21] INFO  server.RaftServerConfigKeys (ConfUtils.java:logFallback(53)) - raft.server.rpc.first-election.timeout.min = 5s (fallback to raft.server.rpc.timeout.min)
2023-10-17 18:44:37,813 [a85aac02-e1fe-4dbf-b118-7fecf770eb80@group-22AE834CBFF6-LeaderElection21-1] INFO  server.GrpcServerProtocolClient (GrpcServerProtocolClient.java:<init>(65)) - Build channel for e94707bc-ce25-43e7-a63d-a0dafb7f30ae
2023-10-17 18:44:37,813 [a85aac02-e1fe-4dbf-b118-7fecf770eb80@group-22AE834CBFF6-LeaderElection21] INFO  server.RaftServerConfigKeys (ConfUtils.java:logFallback(53)) - raft.server.rpc.first-election.timeout.max = 5200ms (fallback to raft.server.rpc.timeout.max)
2023-10-17 18:44:37,813 [a85aac02-e1fe-4dbf-b118-7fecf770eb80@group-22AE834CBFF6-LeaderElection21-2] INFO  server.GrpcServerProtocolClient (GrpcServerProtocolClient.java:<init>(65)) - Build channel for cf2e4456-e6b9-4510-a7c5-b0bc85d367c9
2023-10-17 18:44:37,834 [e94707bc-ce25-43e7-a63d-a0dafb7f30ae@group-22AE834CBFF6-FollowerState] INFO  impl.FollowerState (FollowerState.java:run(143)) - e94707bc-ce25-43e7-a63d-a0dafb7f30ae@group-22AE834CBFF6-FollowerState: change to CANDIDATE, lastRpcElapsedTime:5043437118ns, electionTimeout:5039ms
2023-10-17 18:44:37,834 [e94707bc-ce25-43e7-a63d-a0dafb7f30ae@group-22AE834CBFF6-FollowerState] INFO  impl.RoleInfo (RoleInfo.java:shutdownFollowerState(110)) - e94707bc-ce25-43e7-a63d-a0dafb7f30ae: shutdown e94707bc-ce25-43e7-a63d-a0dafb7f30ae@group-22AE834CBFF6-FollowerState
2023-10-17 18:44:37,834 [e94707bc-ce25-43e7-a63d-a0dafb7f30ae@group-22AE834CBFF6-FollowerState] INFO  server.RaftServer$Division (RaftServerImpl.java:setRole(329)) - e94707bc-ce25-43e7-a63d-a0dafb7f30ae@group-22AE834CBFF6: changes role from  FOLLOWER to CANDIDATE at term 0 for changeToCandidate
2023-10-17 18:44:37,834 [e94707bc-ce25-43e7-a63d-a0dafb7f30ae@group-22AE834CBFF6-FollowerState] INFO  server.RaftServerConfigKeys (ConfUtils.java:logGet(46)) - raft.server.leaderelection.pre-vote = true (default)
2023-10-17 18:44:37,834 [e94707bc-ce25-43e7-a63d-a0dafb7f30ae@group-22AE834CBFF6-FollowerState] INFO  impl.RoleInfo (RoleInfo.java:updateAndGet(139)) - e94707bc-ce25-43e7-a63d-a0dafb7f30ae: start e94707bc-ce25-43e7-a63d-a0dafb7f30ae@group-22AE834CBFF6-LeaderElection22
2023-10-17 18:44:37,846 [grpc-default-executor-1] INFO  server.RaftServer$Division (RaftServerImpl.java:requestVote(1302)) - cf2e4456-e6b9-4510-a7c5-b0bc85d367c9@group-22AE834CBFF6: receive requestVote(PRE_VOTE, a85aac02-e1fe-4dbf-b118-7fecf770eb80, group-22AE834CBFF6, 0, (t:0, i:0))
2023-10-17 18:44:37,846 [grpc-default-executor-1] INFO  impl.VoteContext (VoteContext.java:log(49)) - cf2e4456-e6b9-4510-a7c5-b0bc85d367c9@group-22AE834CBFF6-FOLLOWER: reject PRE_VOTE from a85aac02-e1fe-4dbf-b118-7fecf770eb80: our priority 1 > candidate's priority 0
2023-10-17 18:44:37,846 [grpc-default-executor-1] INFO  server.RaftServer$Division (RaftServerImpl.java:requestVote(1335)) - cf2e4456-e6b9-4510-a7c5-b0bc85d367c9@group-22AE834CBFF6 replies to PRE_VOTE vote request: a85aac02-e1fe-4dbf-b118-7fecf770eb80<-cf2e4456-e6b9-4510-a7c5-b0bc85d367c9#0:FAIL-t0. Peer's state: cf2e4456-e6b9-4510-a7c5-b0bc85d367c9@group-22AE834CBFF6:t0, leader=null, voted=, raftlog=Memoized:cf2e4456-e6b9-4510-a7c5-b0bc85d367c9@group-22AE834CBFF6-SegmentedRaftLog:OPENED:c-1, conf=-1: peers:[e94707bc-ce25-43e7-a63d-a0dafb7f30ae|rpc:10.1.0.25:15136|admin:10.1.0.25:15135|client:10.1.0.25:15134|dataStream:10.1.0.25:15137|priority:0|startupRole:FOLLOWER, a85aac02-e1fe-4dbf-b118-7fecf770eb80|rpc:10.1.0.25:15118|admin:10.1.0.25:15117|client:10.1.0.25:15116|dataStream:10.1.0.25:15119|priority:0|startupRole:FOLLOWER, cf2e4456-e6b9-4510-a7c5-b0bc85d367c9|rpc:10.1.0.25:15127|admin:10.1.0.25:15126|client:10.1.0.25:15125|dataStream:10.1.0.25:15128|priority:1|startupRole:FOLLOWER]|listeners:[], old=null
2023-10-17 18:44:37,848 [a85aac02-e1fe-4dbf-b118-7fecf770eb80@group-22AE834CBFF6-LeaderElection21] INFO  impl.LeaderElection (LeaderElection.java:logAndReturn(90)) - a85aac02-e1fe-4dbf-b118-7fecf770eb80@group-22AE834CBFF6-LeaderElection21: PRE_VOTE REJECTED received 1 response(s) and 0 exception(s):
2023-10-17 18:44:37,848 [a85aac02-e1fe-4dbf-b118-7fecf770eb80@group-22AE834CBFF6-LeaderElection21] INFO  impl.LeaderElection (LeaderElection.java:logAndReturn(94)) -   Response 0: a85aac02-e1fe-4dbf-b118-7fecf770eb80<-cf2e4456-e6b9-4510-a7c5-b0bc85d367c9#0:FAIL-t0
2023-10-17 18:44:37,848 [a85aac02-e1fe-4dbf-b118-7fecf770eb80@group-22AE834CBFF6-LeaderElection21] INFO  impl.LeaderElection (LeaderElection.java:askForVotes(323)) - a85aac02-e1fe-4dbf-b118-7fecf770eb80@group-22AE834CBFF6-LeaderElection21 PRE_VOTE round 0: result REJECTED
2023-10-17 18:44:37,848 [a85aac02-e1fe-4dbf-b118-7fecf770eb80@group-22AE834CBFF6-LeaderElection21] INFO  server.RaftServer$Division (RaftServerImpl.java:setRole(329)) - a85aac02-e1fe-4dbf-b118-7fecf770eb80@group-22AE834CBFF6: changes role from CANDIDATE to FOLLOWER at term 0 for REJECTED
2023-10-17 18:44:37,848 [a85aac02-e1fe-4dbf-b118-7fecf770eb80@group-22AE834CBFF6-LeaderElection21] INFO  impl.RoleInfo (RoleInfo.java:shutdownLeaderElection(130)) - a85aac02-e1fe-4dbf-b118-7fecf770eb80: shutdown a85aac02-e1fe-4dbf-b118-7fecf770eb80@group-22AE834CBFF6-LeaderElection21
2023-10-17 18:44:37,848 [a85aac02-e1fe-4dbf-b118-7fecf770eb80@group-22AE834CBFF6-LeaderElection21] INFO  impl.RoleInfo (RoleInfo.java:updateAndGet(139)) - a85aac02-e1fe-4dbf-b118-7fecf770eb80: start a85aac02-e1fe-4dbf-b118-7fecf770eb80@group-22AE834CBFF6-FollowerState
2023-10-17 18:44:37,851 [e94707bc-ce25-43e7-a63d-a0dafb7f30ae@group-22AE834CBFF6-LeaderElection22] INFO  impl.LeaderElection (LeaderElection.java:askForVotes(321)) - e94707bc-ce25-43e7-a63d-a0dafb7f30ae@group-22AE834CBFF6-LeaderElection22 PRE_VOTE round 0: submit vote requests at term 0 for -1: peers:[e94707bc-ce25-43e7-a63d-a0dafb7f30ae|rpc:10.1.0.25:15136|admin:10.1.0.25:15135|client:10.1.0.25:15134|dataStream:10.1.0.25:15137|priority:0|startupRole:FOLLOWER, a85aac02-e1fe-4dbf-b118-7fecf770eb80|rpc:10.1.0.25:15118|admin:10.1.0.25:15117|client:10.1.0.25:15116|dataStream:10.1.0.25:15119|priority:0|startupRole:FOLLOWER, cf2e4456-e6b9-4510-a7c5-b0bc85d367c9|rpc:10.1.0.25:15127|admin:10.1.0.25:15126|client:10.1.0.25:15125|dataStream:10.1.0.25:15128|priority:1|startupRole:FOLLOWER]|listeners:[], old=null
2023-10-17 18:44:37,851 [e94707bc-ce25-43e7-a63d-a0dafb7f30ae@group-22AE834CBFF6-LeaderElection22-1] INFO  server.GrpcServerProtocolClient (GrpcServerProtocolClient.java:<init>(65)) - Build channel for a85aac02-e1fe-4dbf-b118-7fecf770eb80
2023-10-17 18:44:37,852 [grpc-default-executor-0] INFO  server.RaftServer$Division (RaftServerImpl.java:requestVote(1302)) - e94707bc-ce25-43e7-a63d-a0dafb7f30ae@group-22AE834CBFF6: receive requestVote(PRE_VOTE, a85aac02-e1fe-4dbf-b118-7fecf770eb80, group-22AE834CBFF6, 0, (t:0, i:0))
2023-10-17 18:44:37,852 [grpc-default-executor-0] INFO  impl.VoteContext (VoteContext.java:log(49)) - e94707bc-ce25-43e7-a63d-a0dafb7f30ae@group-22AE834CBFF6-CANDIDATE: accept PRE_VOTE from a85aac02-e1fe-4dbf-b118-7fecf770eb80: our priority 0 <= candidate's priority 0
2023-10-17 18:44:37,852 [grpc-default-executor-0] INFO  server.RaftServer$Division (RaftServerImpl.java:requestVote(1335)) - e94707bc-ce25-43e7-a63d-a0dafb7f30ae@group-22AE834CBFF6 replies to PRE_VOTE vote request: a85aac02-e1fe-4dbf-b118-7fecf770eb80<-e94707bc-ce25-43e7-a63d-a0dafb7f30ae#0:OK-t0. Peer's state: e94707bc-ce25-43e7-a63d-a0dafb7f30ae@group-22AE834CBFF6:t0, leader=null, voted=, raftlog=Memoized:e94707bc-ce25-43e7-a63d-a0dafb7f30ae@group-22AE834CBFF6-SegmentedRaftLog:OPENED:c-1, conf=-1: peers:[e94707bc-ce25-43e7-a63d-a0dafb7f30ae|rpc:10.1.0.25:15136|admin:10.1.0.25:15135|client:10.1.0.25:15134|dataStream:10.1.0.25:15137|priority:0|startupRole:FOLLOWER, a85aac02-e1fe-4dbf-b118-7fecf770eb80|rpc:10.1.0.25:15118|admin:10.1.0.25:15117|client:10.1.0.25:15116|dataStream:10.1.0.25:15119|priority:0|startupRole:FOLLOWER, cf2e4456-e6b9-4510-a7c5-b0bc85d367c9|rpc:10.1.0.25:15127|admin:10.1.0.25:15126|client:10.1.0.25:15125|dataStream:10.1.0.25:15128|priority:1|startupRole:FOLLOWER]|listeners:[], old=null
2023-10-17 18:44:37,860 [e94707bc-ce25-43e7-a63d-a0dafb7f30ae@group-22AE834CBFF6-LeaderElection22] INFO  server.RaftServerConfigKeys (ConfUtils.java:logFallback(53)) - raft.server.rpc.first-election.timeout.min = 5s (fallback to raft.server.rpc.timeout.min)
2023-10-17 18:44:37,860 [e94707bc-ce25-43e7-a63d-a0dafb7f30ae@group-22AE834CBFF6-LeaderElection22] INFO  server.RaftServerConfigKeys (ConfUtils.java:logFallback(53)) - raft.server.rpc.first-election.timeout.max = 5200ms (fallback to raft.server.rpc.timeout.max)
2023-10-17 18:44:37,861 [e94707bc-ce25-43e7-a63d-a0dafb7f30ae@group-22AE834CBFF6-LeaderElection22-2] INFO  server.GrpcServerProtocolClient (GrpcServerProtocolClient.java:<init>(65)) - Build channel for cf2e4456-e6b9-4510-a7c5-b0bc85d367c9
2023-10-17 18:44:37,865 [grpc-default-executor-0] INFO  server.RaftServer$Division (RaftServerImpl.java:requestVote(1302)) - a85aac02-e1fe-4dbf-b118-7fecf770eb80@group-22AE834CBFF6: receive requestVote(PRE_VOTE, e94707bc-ce25-43e7-a63d-a0dafb7f30ae, group-22AE834CBFF6, 0, (t:0, i:0))
2023-10-17 18:44:37,865 [grpc-default-executor-0] INFO  impl.VoteContext (VoteContext.java:log(49)) - a85aac02-e1fe-4dbf-b118-7fecf770eb80@group-22AE834CBFF6-FOLLOWER: accept PRE_VOTE from e94707bc-ce25-43e7-a63d-a0dafb7f30ae: our priority 0 <= candidate's priority 0
2023-10-17 18:44:37,865 [grpc-default-executor-0] INFO  server.RaftServer$Division (RaftServerImpl.java:requestVote(1335)) - a85aac02-e1fe-4dbf-b118-7fecf770eb80@group-22AE834CBFF6 replies to PRE_VOTE vote request: e94707bc-ce25-43e7-a63d-a0dafb7f30ae<-a85aac02-e1fe-4dbf-b118-7fecf770eb80#0:OK-t0. Peer's state: a85aac02-e1fe-4dbf-b118-7fecf770eb80@group-22AE834CBFF6:t0, leader=null, voted=, raftlog=Memoized:a85aac02-e1fe-4dbf-b118-7fecf770eb80@group-22AE834CBFF6-SegmentedRaftLog:OPENED:c-1, conf=-1: peers:[e94707bc-ce25-43e7-a63d-a0dafb7f30ae|rpc:10.1.0.25:15136|admin:10.1.0.25:15135|client:10.1.0.25:15134|dataStream:10.1.0.25:15137|priority:0|startupRole:FOLLOWER, a85aac02-e1fe-4dbf-b118-7fecf770eb80|rpc:10.1.0.25:15118|admin:10.1.0.25:15117|client:10.1.0.25:15116|dataStream:10.1.0.25:15119|priority:0|startupRole:FOLLOWER, cf2e4456-e6b9-4510-a7c5-b0bc85d367c9|rpc:10.1.0.25:15127|admin:10.1.0.25:15126|client:10.1.0.25:15125|dataStream:10.1.0.25:15128|priority:1|startupRole:FOLLOWER]|listeners:[], old=null
2023-10-17 18:44:37,873 [grpc-default-executor-0] INFO  server.RaftServer$Division (RaftServerImpl.java:requestVote(1302)) - cf2e4456-e6b9-4510-a7c5-b0bc85d367c9@group-22AE834CBFF6: receive requestVote(PRE_VOTE, e94707bc-ce25-43e7-a63d-a0dafb7f30ae, group-22AE834CBFF6, 0, (t:0, i:0))
2023-10-17 18:44:37,874 [grpc-default-executor-0] INFO  impl.VoteContext (VoteContext.java:log(49)) - cf2e4456-e6b9-4510-a7c5-b0bc85d367c9@group-22AE834CBFF6-FOLLOWER: reject PRE_VOTE from e94707bc-ce25-43e7-a63d-a0dafb7f30ae: our priority 1 > candidate's priority 0
2023-10-17 18:44:37,874 [grpc-default-executor-0] INFO  server.RaftServer$Division (RaftServerImpl.java:requestVote(1335)) - cf2e4456-e6b9-4510-a7c5-b0bc85d367c9@group-22AE834CBFF6 replies to PRE_VOTE vote request: e94707bc-ce25-43e7-a63d-a0dafb7f30ae<-cf2e4456-e6b9-4510-a7c5-b0bc85d367c9#0:FAIL-t0. Peer's state: cf2e4456-e6b9-4510-a7c5-b0bc85d367c9@group-22AE834CBFF6:t0, leader=null, voted=, raftlog=Memoized:cf2e4456-e6b9-4510-a7c5-b0bc85d367c9@group-22AE834CBFF6-SegmentedRaftLog:OPENED:c-1, conf=-1: peers:[e94707bc-ce25-43e7-a63d-a0dafb7f30ae|rpc:10.1.0.25:15136|admin:10.1.0.25:15135|client:10.1.0.25:15134|dataStream:10.1.0.25:15137|priority:0|startupRole:FOLLOWER, a85aac02-e1fe-4dbf-b118-7fecf770eb80|rpc:10.1.0.25:15118|admin:10.1.0.25:15117|client:10.1.0.25:15116|dataStream:10.1.0.25:15119|priority:0|startupRole:FOLLOWER, cf2e4456-e6b9-4510-a7c5-b0bc85d367c9|rpc:10.1.0.25:15127|admin:10.1.0.25:15126|client:10.1.0.25:15125|dataStream:10.1.0.25:15128|priority:1|startupRole:FOLLOWER]|listeners:[], old=null
2023-10-17 18:44:37,875 [e94707bc-ce25-43e7-a63d-a0dafb7f30ae@group-22AE834CBFF6-LeaderElection22] INFO  impl.LeaderElection (LeaderElection.java:logAndReturn(90)) - e94707bc-ce25-43e7-a63d-a0dafb7f30ae@group-22AE834CBFF6-LeaderElection22: PRE_VOTE REJECTED received 2 response(s) and 0 exception(s):
2023-10-17 18:44:37,875 [e94707bc-ce25-43e7-a63d-a0dafb7f30ae@group-22AE834CBFF6-LeaderElection22] INFO  impl.LeaderElection (LeaderElection.java:logAndReturn(94)) -   Response 0: e94707bc-ce25-43e7-a63d-a0dafb7f30ae<-a85aac02-e1fe-4dbf-b118-7fecf770eb80#0:OK-t0
2023-10-17 18:44:37,875 [e94707bc-ce25-43e7-a63d-a0dafb7f30ae@group-22AE834CBFF6-LeaderElection22] INFO  impl.LeaderElection (LeaderElection.java:logAndReturn(94)) -   Response 1: e94707bc-ce25-43e7-a63d-a0dafb7f30ae<-cf2e4456-e6b9-4510-a7c5-b0bc85d367c9#0:FAIL-t0
2023-10-17 18:44:37,875 [e94707bc-ce25-43e7-a63d-a0dafb7f30ae@group-22AE834CBFF6-LeaderElection22] INFO  impl.LeaderElection (LeaderElection.java:askForVotes(323)) - e94707bc-ce25-43e7-a63d-a0dafb7f30ae@group-22AE834CBFF6-LeaderElection22 PRE_VOTE round 0: result REJECTED
2023-10-17 18:44:37,875 [e94707bc-ce25-43e7-a63d-a0dafb7f30ae@group-22AE834CBFF6-LeaderElection22] INFO  server.RaftServer$Division (RaftServerImpl.java:setRole(329)) - e94707bc-ce25-43e7-a63d-a0dafb7f30ae@group-22AE834CBFF6: changes role from CANDIDATE to FOLLOWER at term 0 for REJECTED
2023-10-17 18:44:37,875 [e94707bc-ce25-43e7-a63d-a0dafb7f30ae@group-22AE834CBFF6-LeaderElection22] INFO  impl.RoleInfo (RoleInfo.java:shutdownLeaderElection(130)) - e94707bc-ce25-43e7-a63d-a0dafb7f30ae: shutdown e94707bc-ce25-43e7-a63d-a0dafb7f30ae@group-22AE834CBFF6-LeaderElection22
2023-10-17 18:44:37,875 [e94707bc-ce25-43e7-a63d-a0dafb7f30ae@group-22AE834CBFF6-LeaderElection22] INFO  impl.RoleInfo (RoleInfo.java:updateAndGet(139)) - e94707bc-ce25-43e7-a63d-a0dafb7f30ae: start e94707bc-ce25-43e7-a63d-a0dafb7f30ae@group-22AE834CBFF6-FollowerState
2023-10-17 18:44:37,901 [a85aac02-e1fe-4dbf-b118-7fecf770eb80@group-7E202A28C19F-FollowerState] INFO  impl.FollowerState (FollowerState.java:run(143)) - a85aac02-e1fe-4dbf-b118-7fecf770eb80@group-7E202A28C19F-FollowerState: change to CANDIDATE, lastRpcElapsedTime:5189692745ns, electionTimeout:5188ms
2023-10-17 18:44:37,902 [a85aac02-e1fe-4dbf-b118-7fecf770eb80@group-7E202A28C19F-FollowerState] INFO  impl.RoleInfo (RoleInfo.java:shutdownFollowerState(110)) - a85aac02-e1fe-4dbf-b118-7fecf770eb80: shutdown a85aac02-e1fe-4dbf-b118-7fecf770eb80@group-7E202A28C19F-FollowerState
2023-10-17 18:44:37,902 [a85aac02-e1fe-4dbf-b118-7fecf770eb80@group-7E202A28C19F-FollowerState] INFO  server.RaftServer$Division (RaftServerImpl.java:setRole(329)) - a85aac02-e1fe-4dbf-b118-7fecf770eb80@group-7E202A28C19F: changes role from  FOLLOWER to CANDIDATE at term 0 for changeToCandidate
2023-10-17 18:44:37,902 [a85aac02-e1fe-4dbf-b118-7fecf770eb80@group-7E202A28C19F-FollowerState] INFO  server.RaftServerConfigKeys (ConfUtils.java:logGet(46)) - raft.server.leaderelection.pre-vote = true (default)
2023-10-17 18:44:37,902 [a85aac02-e1fe-4dbf-b118-7fecf770eb80@group-7E202A28C19F-FollowerState] INFO  impl.RoleInfo (RoleInfo.java:updateAndGet(139)) - a85aac02-e1fe-4dbf-b118-7fecf770eb80: start a85aac02-e1fe-4dbf-b118-7fecf770eb80@group-7E202A28C19F-LeaderElection23
2023-10-17 18:44:37,910 [a85aac02-e1fe-4dbf-b118-7fecf770eb80@group-7E202A28C19F-LeaderElection23] INFO  impl.LeaderElection (LeaderElection.java:askForVotes(321)) - a85aac02-e1fe-4dbf-b118-7fecf770eb80@group-7E202A28C19F-LeaderElection23 PRE_VOTE round 0: submit vote requests at term 0 for -1: peers:[a85aac02-e1fe-4dbf-b118-7fecf770eb80|rpc:10.1.0.25:15118|admin:10.1.0.25:15117|client:10.1.0.25:15116|dataStream:10.1.0.25:15119|priority:1|startupRole:FOLLOWER]|listeners:[], old=null
2023-10-17 18:44:37,910 [a85aac02-e1fe-4dbf-b118-7fecf770eb80@group-7E202A28C19F-LeaderElection23] INFO  impl.LeaderElection (LeaderElection.java:askForVotes(323)) - a85aac02-e1fe-4dbf-b118-7fecf770eb80@group-7E202A28C19F-LeaderElection23 PRE_VOTE round 0: result PASSED (term=0)
2023-10-17 18:44:37,911 [a85aac02-e1fe-4dbf-b118-7fecf770eb80@group-7E202A28C19F-LeaderElection23] INFO  impl.LeaderElection (LeaderElection.java:askForVotes(321)) - a85aac02-e1fe-4dbf-b118-7fecf770eb80@group-7E202A28C19F-LeaderElection23 ELECTION round 0: submit vote requests at term 1 for -1: peers:[a85aac02-e1fe-4dbf-b118-7fecf770eb80|rpc:10.1.0.25:15118|admin:10.1.0.25:15117|client:10.1.0.25:15116|dataStream:10.1.0.25:15119|priority:1|startupRole:FOLLOWER]|listeners:[], old=null
2023-10-17 18:44:37,911 [a85aac02-e1fe-4dbf-b118-7fecf770eb80@group-7E202A28C19F-LeaderElection23] INFO  impl.LeaderElection (LeaderElection.java:askForVotes(323)) - a85aac02-e1fe-4dbf-b118-7fecf770eb80@group-7E202A28C19F-LeaderElection23 ELECTION round 0: result PASSED (term=1)
2023-10-17 18:44:37,911 [a85aac02-e1fe-4dbf-b118-7fecf770eb80@group-7E202A28C19F-LeaderElection23] INFO  impl.RoleInfo (RoleInfo.java:shutdownLeaderElection(130)) - a85aac02-e1fe-4dbf-b118-7fecf770eb80: shutdown a85aac02-e1fe-4dbf-b118-7fecf770eb80@group-7E202A28C19F-LeaderElection23
2023-10-17 18:44:37,911 [a85aac02-e1fe-4dbf-b118-7fecf770eb80@group-7E202A28C19F-LeaderElection23] INFO  server.RaftServer$Division (RaftServerImpl.java:setRole(329)) - a85aac02-e1fe-4dbf-b118-7fecf770eb80@group-7E202A28C19F: changes role from CANDIDATE to LEADER at term 1 for changeToLeader
2023-10-17 18:44:37,911 [a85aac02-e1fe-4dbf-b118-7fecf770eb80@group-7E202A28C19F-LeaderElection23] INFO  ratis.XceiverServerRatis (XceiverServerRatis.java:handleLeaderChangedNotification(902)) - Leader change notification received for group: group-7E202A28C19F with new leaderId: a85aac02-e1fe-4dbf-b118-7fecf770eb80
2023-10-17 18:44:37,912 [a85aac02-e1fe-4dbf-b118-7fecf770eb80@group-7E202A28C19F-LeaderElection23] INFO  server.RaftServer$Division (ServerState.java:setLeader(317)) - a85aac02-e1fe-4dbf-b118-7fecf770eb80@group-7E202A28C19F: change Leader from null to a85aac02-e1fe-4dbf-b118-7fecf770eb80 at term 1 for becomeLeader, leader elected after 5250ms
2023-10-17 18:44:37,912 [a85aac02-e1fe-4dbf-b118-7fecf770eb80@group-7E202A28C19F-LeaderElection23] INFO  server.RaftServerConfigKeys (ConfUtils.java:logGet(46)) - raft.server.staging.catchup.gap = 1000 (default)
2023-10-17 18:44:37,915 [EventQueue-OpenPipelineForHealthyPipelineSafeModeRule] INFO  safemode.SCMSafeModeManager (HealthyPipelineSafeModeRule.java:process(137)) - SCM in safe mode. Healthy pipelines reported count is 0, required healthy pipeline reported count is 1
2023-10-17 18:44:37,917 [a85aac02-e1fe-4dbf-b118-7fecf770eb80@group-7E202A28C19F-LeaderElection23] INFO  server.RaftServerConfigKeys (ConfUtils.java:logGet(46)) - raft.server.write.element-limit = 1024 (custom)
2023-10-17 18:44:37,917 [a85aac02-e1fe-4dbf-b118-7fecf770eb80@group-7E202A28C19F-LeaderElection23] INFO  server.RaftServerConfigKeys (ConfUtils.java:logGet(46)) - raft.server.write.byte-limit = 1024 M (=1073741824) (custom)
2023-10-17 18:44:37,917 [a85aac02-e1fe-4dbf-b118-7fecf770eb80@group-7E202A28C19F-LeaderElection23] INFO  server.RaftServerConfigKeys (ConfUtils.java:logGet(46)) - raft.server.watch.timeout = 180s (custom)
2023-10-17 18:44:37,917 [a85aac02-e1fe-4dbf-b118-7fecf770eb80@group-7E202A28C19F-LeaderElection23] INFO  server.RaftServerConfigKeys (ConfUtils.java:logGet(46)) - raft.server.watch.timeout.denomination = 1s (default)
2023-10-17 18:44:37,917 [a85aac02-e1fe-4dbf-b118-7fecf770eb80@group-7E202A28C19F-LeaderElection23] INFO  server.RaftServerConfigKeys (ConfUtils.java:logGet(46)) - raft.server.watch.element-limit = 65536 (default)
2023-10-17 18:44:37,918 [a85aac02-e1fe-4dbf-b118-7fecf770eb80@group-7E202A28C19F-LeaderElection23] INFO  server.RaftServerConfigKeys (ConfUtils.java:logGet(46)) - raft.server.write.element-limit = 1024 (custom)
2023-10-17 18:44:37,918 [a85aac02-e1fe-4dbf-b118-7fecf770eb80@group-7E202A28C19F-LeaderElection23] INFO  server.RaftServerConfigKeys (ConfUtils.java:logGet(46)) - raft.server.write.follower.gap.ratio.max = -1.0 (default)
2023-10-17 18:44:37,918 [a85aac02-e1fe-4dbf-b118-7fecf770eb80@group-7E202A28C19F-LeaderElection23] INFO  impl.RoleInfo (RoleInfo.java:updateAndGet(139)) - a85aac02-e1fe-4dbf-b118-7fecf770eb80: start a85aac02-e1fe-4dbf-b118-7fecf770eb80@group-7E202A28C19F-LeaderStateImpl
2023-10-17 18:44:37,918 [a85aac02-e1fe-4dbf-b118-7fecf770eb80@group-7E202A28C19F-LeaderElection23] INFO  segmented.SegmentedRaftLogWorker (SegmentedRaftLogWorker.java:startLogSegment(447)) - a85aac02-e1fe-4dbf-b118-7fecf770eb80@group-7E202A28C19F-SegmentedRaftLogWorker: Starting segment from index:0
2023-10-17 18:44:37,923 [a85aac02-e1fe-4dbf-b118-7fecf770eb80@group-7E202A28C19F-LeaderElection23] INFO  server.RaftServer$Division (ServerState.java:setRaftConf(434)) - a85aac02-e1fe-4dbf-b118-7fecf770eb80@group-7E202A28C19F: set configuration 0: peers:[a85aac02-e1fe-4dbf-b118-7fecf770eb80|rpc:10.1.0.25:15118|admin:10.1.0.25:15117|client:10.1.0.25:15116|dataStream:10.1.0.25:15119|priority:1|startupRole:FOLLOWER]|listeners:[], old=null
2023-10-17 18:44:37,924 [a85aac02-e1fe-4dbf-b118-7fecf770eb80@group-7E202A28C19F-SegmentedRaftLogWorker] INFO  segmented.SegmentedRaftLogWorker (SegmentedRaftLogWorker.java:execute(651)) - a85aac02-e1fe-4dbf-b118-7fecf770eb80@group-7E202A28C19F-SegmentedRaftLogWorker: created new log segment /home/runner/work/ozone/ozone/hadoop-ozone/integration-test/target/test-dir/MiniOzoneClusterImpl-ee380501-c2be-4155-a337-7349f62bd525/datanode-0/data/ratis/92b318c8-db7b-44eb-8c85-7e202a28c19f/current/log_inprogress_0
2023-10-17 18:44:37,975 [a85aac02-e1fe-4dbf-b118-7fecf770eb80@group-9D24F66B565F-FollowerState] INFO  impl.FollowerState (FollowerState.java:run(143)) - a85aac02-e1fe-4dbf-b118-7fecf770eb80@group-9D24F66B565F-FollowerState: change to CANDIDATE, lastRpcElapsedTime:5072329879ns, electionTimeout:5071ms
2023-10-17 18:44:37,976 [a85aac02-e1fe-4dbf-b118-7fecf770eb80@group-9D24F66B565F-FollowerState] INFO  impl.RoleInfo (RoleInfo.java:shutdownFollowerState(110)) - a85aac02-e1fe-4dbf-b118-7fecf770eb80: shutdown a85aac02-e1fe-4dbf-b118-7fecf770eb80@group-9D24F66B565F-FollowerState
2023-10-17 18:44:37,976 [a85aac02-e1fe-4dbf-b118-7fecf770eb80@group-9D24F66B565F-FollowerState] INFO  server.RaftServer$Division (RaftServerImpl.java:setRole(329)) - a85aac02-e1fe-4dbf-b118-7fecf770eb80@group-9D24F66B565F: changes role from  FOLLOWER to CANDIDATE at term 0 for changeToCandidate
2023-10-17 18:44:37,976 [a85aac02-e1fe-4dbf-b118-7fecf770eb80@group-9D24F66B565F-FollowerState] INFO  server.RaftServerConfigKeys (ConfUtils.java:logGet(46)) - raft.server.leaderelection.pre-vote = true (default)
2023-10-17 18:44:37,976 [a85aac02-e1fe-4dbf-b118-7fecf770eb80@group-9D24F66B565F-FollowerState] INFO  impl.RoleInfo (RoleInfo.java:updateAndGet(139)) - a85aac02-e1fe-4dbf-b118-7fecf770eb80: start a85aac02-e1fe-4dbf-b118-7fecf770eb80@group-9D24F66B565F-LeaderElection24
2023-10-17 18:44:37,978 [a85aac02-e1fe-4dbf-b118-7fecf770eb80@group-9D24F66B565F-LeaderElection24] INFO  impl.LeaderElection (LeaderElection.java:askForVotes(321)) - a85aac02-e1fe-4dbf-b118-7fecf770eb80@group-9D24F66B565F-LeaderElection24 PRE_VOTE round 0: submit vote requests at term 0 for -1: peers:[e94707bc-ce25-43e7-a63d-a0dafb7f30ae|rpc:10.1.0.25:15136|admin:10.1.0.25:15135|client:10.1.0.25:15134|dataStream:10.1.0.25:15137|priority:0|startupRole:FOLLOWER, a85aac02-e1fe-4dbf-b118-7fecf770eb80|rpc:10.1.0.25:15118|admin:10.1.0.25:15117|client:10.1.0.25:15116|dataStream:10.1.0.25:15119|priority:1|startupRole:FOLLOWER, cf2e4456-e6b9-4510-a7c5-b0bc85d367c9|rpc:10.1.0.25:15127|admin:10.1.0.25:15126|client:10.1.0.25:15125|dataStream:10.1.0.25:15128|priority:0|startupRole:FOLLOWER]|listeners:[], old=null
2023-10-17 18:44:37,978 [a85aac02-e1fe-4dbf-b118-7fecf770eb80@group-9D24F66B565F-LeaderElection24] INFO  server.RaftServerConfigKeys (ConfUtils.java:logFallback(53)) - raft.server.rpc.first-election.timeout.min = 5s (fallback to raft.server.rpc.timeout.min)
2023-10-17 18:44:37,978 [a85aac02-e1fe-4dbf-b118-7fecf770eb80@group-9D24F66B565F-LeaderElection24] INFO  server.RaftServerConfigKeys (ConfUtils.java:logFallback(53)) - raft.server.rpc.first-election.timeout.max = 5200ms (fallback to raft.server.rpc.timeout.max)
2023-10-17 18:44:37,982 [grpc-default-executor-1] INFO  server.RaftServer$Division (RaftServerImpl.java:requestVote(1302)) - cf2e4456-e6b9-4510-a7c5-b0bc85d367c9@group-9D24F66B565F: receive requestVote(PRE_VOTE, a85aac02-e1fe-4dbf-b118-7fecf770eb80, group-9D24F66B565F, 0, (t:0, i:0))
2023-10-17 18:44:37,982 [grpc-default-executor-1] INFO  impl.VoteContext (VoteContext.java:log(49)) - cf2e4456-e6b9-4510-a7c5-b0bc85d367c9@group-9D24F66B565F-FOLLOWER: accept PRE_VOTE from a85aac02-e1fe-4dbf-b118-7fecf770eb80: our priority 0 <= candidate's priority 1
2023-10-17 18:44:37,983 [grpc-default-executor-1] INFO  server.RaftServer$Division (RaftServerImpl.java:requestVote(1335)) - cf2e4456-e6b9-4510-a7c5-b0bc85d367c9@group-9D24F66B565F replies to PRE_VOTE vote request: a85aac02-e1fe-4dbf-b118-7fecf770eb80<-cf2e4456-e6b9-4510-a7c5-b0bc85d367c9#0:OK-t0. Peer's state: cf2e4456-e6b9-4510-a7c5-b0bc85d367c9@group-9D24F66B565F:t0, leader=null, voted=, raftlog=Memoized:cf2e4456-e6b9-4510-a7c5-b0bc85d367c9@group-9D24F66B565F-SegmentedRaftLog:OPENED:c-1, conf=-1: peers:[e94707bc-ce25-43e7-a63d-a0dafb7f30ae|rpc:10.1.0.25:15136|admin:10.1.0.25:15135|client:10.1.0.25:15134|dataStream:10.1.0.25:15137|priority:0|startupRole:FOLLOWER, a85aac02-e1fe-4dbf-b118-7fecf770eb80|rpc:10.1.0.25:15118|admin:10.1.0.25:15117|client:10.1.0.25:15116|dataStream:10.1.0.25:15119|priority:1|startupRole:FOLLOWER, cf2e4456-e6b9-4510-a7c5-b0bc85d367c9|rpc:10.1.0.25:15127|admin:10.1.0.25:15126|client:10.1.0.25:15125|dataStream:10.1.0.25:15128|priority:0|startupRole:FOLLOWER]|listeners:[], old=null
2023-10-17 18:44:37,984 [grpc-default-executor-0] INFO  server.RaftServer$Division (RaftServerImpl.java:requestVote(1302)) - e94707bc-ce25-43e7-a63d-a0dafb7f30ae@group-9D24F66B565F: receive requestVote(PRE_VOTE, a85aac02-e1fe-4dbf-b118-7fecf770eb80, group-9D24F66B565F, 0, (t:0, i:0))
2023-10-17 18:44:37,984 [grpc-default-executor-0] INFO  impl.VoteContext (VoteContext.java:log(49)) - e94707bc-ce25-43e7-a63d-a0dafb7f30ae@group-9D24F66B565F-FOLLOWER: accept PRE_VOTE from a85aac02-e1fe-4dbf-b118-7fecf770eb80: our priority 0 <= candidate's priority 1
2023-10-17 18:44:37,984 [grpc-default-executor-0] INFO  server.RaftServer$Division (RaftServerImpl.java:requestVote(1335)) - e94707bc-ce25-43e7-a63d-a0dafb7f30ae@group-9D24F66B565F replies to PRE_VOTE vote request: a85aac02-e1fe-4dbf-b118-7fecf770eb80<-e94707bc-ce25-43e7-a63d-a0dafb7f30ae#0:OK-t0. Peer's state: e94707bc-ce25-43e7-a63d-a0dafb7f30ae@group-9D24F66B565F:t0, leader=null, voted=, raftlog=Memoized:e94707bc-ce25-43e7-a63d-a0dafb7f30ae@group-9D24F66B565F-SegmentedRaftLog:OPENED:c-1, conf=-1: peers:[e94707bc-ce25-43e7-a63d-a0dafb7f30ae|rpc:10.1.0.25:15136|admin:10.1.0.25:15135|client:10.1.0.25:15134|dataStream:10.1.0.25:15137|priority:0|startupRole:FOLLOWER, a85aac02-e1fe-4dbf-b118-7fecf770eb80|rpc:10.1.0.25:15118|admin:10.1.0.25:15117|client:10.1.0.25:15116|dataStream:10.1.0.25:15119|priority:1|startupRole:FOLLOWER, cf2e4456-e6b9-4510-a7c5-b0bc85d367c9|rpc:10.1.0.25:15127|admin:10.1.0.25:15126|client:10.1.0.25:15125|dataStream:10.1.0.25:15128|priority:0|startupRole:FOLLOWER]|listeners:[], old=null
2023-10-17 18:44:37,985 [a85aac02-e1fe-4dbf-b118-7fecf770eb80@group-9D24F66B565F-LeaderElection24] INFO  impl.LeaderElection (LeaderElection.java:logAndReturn(90)) - a85aac02-e1fe-4dbf-b118-7fecf770eb80@group-9D24F66B565F-LeaderElection24: PRE_VOTE PASSED received 1 response(s) and 0 exception(s):
2023-10-17 18:44:37,985 [a85aac02-e1fe-4dbf-b118-7fecf770eb80@group-9D24F66B565F-LeaderElection24] INFO  impl.LeaderElection (LeaderElection.java:logAndReturn(94)) -   Response 0: a85aac02-e1fe-4dbf-b118-7fecf770eb80<-e94707bc-ce25-43e7-a63d-a0dafb7f30ae#0:OK-t0
2023-10-17 18:44:37,985 [a85aac02-e1fe-4dbf-b118-7fecf770eb80@group-9D24F66B565F-LeaderElection24] INFO  impl.LeaderElection (LeaderElection.java:askForVotes(323)) - a85aac02-e1fe-4dbf-b118-7fecf770eb80@group-9D24F66B565F-LeaderElection24 PRE_VOTE round 0: result PASSED
2023-10-17 18:44:37,986 [a85aac02-e1fe-4dbf-b118-7fecf770eb80@group-9D24F66B565F-LeaderElection24] INFO  impl.LeaderElection (LeaderElection.java:askForVotes(321)) - a85aac02-e1fe-4dbf-b118-7fecf770eb80@group-9D24F66B565F-LeaderElection24 ELECTION round 0: submit vote requests at term 1 for -1: peers:[e94707bc-ce25-43e7-a63d-a0dafb7f30ae|rpc:10.1.0.25:15136|admin:10.1.0.25:15135|client:10.1.0.25:15134|dataStream:10.1.0.25:15137|priority:0|startupRole:FOLLOWER, a85aac02-e1fe-4dbf-b118-7fecf770eb80|rpc:10.1.0.25:15118|admin:10.1.0.25:15117|client:10.1.0.25:15116|dataStream:10.1.0.25:15119|priority:1|startupRole:FOLLOWER, cf2e4456-e6b9-4510-a7c5-b0bc85d367c9|rpc:10.1.0.25:15127|admin:10.1.0.25:15126|client:10.1.0.25:15125|dataStream:10.1.0.25:15128|priority:0|startupRole:FOLLOWER]|listeners:[], old=null
2023-10-17 18:44:37,990 [a85aac02-e1fe-4dbf-b118-7fecf770eb80@group-9D24F66B565F-LeaderElection24] INFO  server.RaftServerConfigKeys (ConfUtils.java:logFallback(53)) - raft.server.rpc.first-election.timeout.min = 5s (fallback to raft.server.rpc.timeout.min)
2023-10-17 18:44:37,990 [a85aac02-e1fe-4dbf-b118-7fecf770eb80@group-9D24F66B565F-LeaderElection24] INFO  server.RaftServerConfigKeys (ConfUtils.java:logFallback(53)) - raft.server.rpc.first-election.timeout.max = 5200ms (fallback to raft.server.rpc.timeout.max)
2023-10-17 18:44:37,996 [grpc-default-executor-1] INFO  server.RaftServer$Division (RaftServerImpl.java:requestVote(1302)) - e94707bc-ce25-43e7-a63d-a0dafb7f30ae@group-9D24F66B565F: receive requestVote(ELECTION, a85aac02-e1fe-4dbf-b118-7fecf770eb80, group-9D24F66B565F, 1, (t:0, i:0))
2023-10-17 18:44:37,996 [grpc-default-executor-0] INFO  server.RaftServer$Division (RaftServerImpl.java:requestVote(1302)) - cf2e4456-e6b9-4510-a7c5-b0bc85d367c9@group-9D24F66B565F: receive requestVote(ELECTION, a85aac02-e1fe-4dbf-b118-7fecf770eb80, group-9D24F66B565F, 1, (t:0, i:0))
2023-10-17 18:44:37,997 [grpc-default-executor-1] INFO  impl.VoteContext (VoteContext.java:log(49)) - e94707bc-ce25-43e7-a63d-a0dafb7f30ae@group-9D24F66B565F-FOLLOWER: accept ELECTION from a85aac02-e1fe-4dbf-b118-7fecf770eb80: our priority 0 <= candidate's priority 1
2023-10-17 18:44:37,997 [grpc-default-executor-1] INFO  server.RaftServer$Division (RaftServerImpl.java:setRole(329)) - e94707bc-ce25-43e7-a63d-a0dafb7f30ae@group-9D24F66B565F: changes role from  FOLLOWER to FOLLOWER at term 1 for candidate:a85aac02-e1fe-4dbf-b118-7fecf770eb80
2023-10-17 18:44:37,997 [grpc-default-executor-1] INFO  impl.RoleInfo (RoleInfo.java:shutdownFollowerState(110)) - e94707bc-ce25-43e7-a63d-a0dafb7f30ae: shutdown e94707bc-ce25-43e7-a63d-a0dafb7f30ae@group-9D24F66B565F-FollowerState
2023-10-17 18:44:37,997 [grpc-default-executor-1] INFO  impl.RoleInfo (RoleInfo.java:updateAndGet(139)) - e94707bc-ce25-43e7-a63d-a0dafb7f30ae: start e94707bc-ce25-43e7-a63d-a0dafb7f30ae@group-9D24F66B565F-FollowerState
2023-10-17 18:44:37,997 [e94707bc-ce25-43e7-a63d-a0dafb7f30ae@group-9D24F66B565F-FollowerState] INFO  impl.FollowerState (FollowerState.java:run(152)) - e94707bc-ce25-43e7-a63d-a0dafb7f30ae@group-9D24F66B565F-FollowerState was interrupted
2023-10-17 18:44:37,997 [grpc-default-executor-0] INFO  impl.VoteContext (VoteContext.java:log(49)) - cf2e4456-e6b9-4510-a7c5-b0bc85d367c9@group-9D24F66B565F-FOLLOWER: accept ELECTION from a85aac02-e1fe-4dbf-b118-7fecf770eb80: our priority 0 <= candidate's priority 1
2023-10-17 18:44:37,997 [grpc-default-executor-0] INFO  server.RaftServer$Division (RaftServerImpl.java:setRole(329)) - cf2e4456-e6b9-4510-a7c5-b0bc85d367c9@group-9D24F66B565F: changes role from  FOLLOWER to FOLLOWER at term 1 for candidate:a85aac02-e1fe-4dbf-b118-7fecf770eb80
2023-10-17 18:44:37,997 [grpc-default-executor-0] INFO  impl.RoleInfo (RoleInfo.java:shutdownFollowerState(110)) - cf2e4456-e6b9-4510-a7c5-b0bc85d367c9: shutdown cf2e4456-e6b9-4510-a7c5-b0bc85d367c9@group-9D24F66B565F-FollowerState
2023-10-17 18:44:37,998 [grpc-default-executor-0] INFO  impl.RoleInfo (RoleInfo.java:updateAndGet(139)) - cf2e4456-e6b9-4510-a7c5-b0bc85d367c9: start cf2e4456-e6b9-4510-a7c5-b0bc85d367c9@group-9D24F66B565F-FollowerState
2023-10-17 18:44:37,998 [cf2e4456-e6b9-4510-a7c5-b0bc85d367c9@group-9D24F66B565F-FollowerState] INFO  impl.FollowerState (FollowerState.java:run(152)) - cf2e4456-e6b9-4510-a7c5-b0bc85d367c9@group-9D24F66B565F-FollowerState was interrupted
2023-10-17 18:44:37,999 [grpc-default-executor-0] INFO  server.RaftServer$Division (RaftServerImpl.java:requestVote(1335)) - cf2e4456-e6b9-4510-a7c5-b0bc85d367c9@group-9D24F66B565F replies to ELECTION vote request: a85aac02-e1fe-4dbf-b118-7fecf770eb80<-cf2e4456-e6b9-4510-a7c5-b0bc85d367c9#0:OK-t1. Peer's state: cf2e4456-e6b9-4510-a7c5-b0bc85d367c9@group-9D24F66B565F:t1, leader=null, voted=a85aac02-e1fe-4dbf-b118-7fecf770eb80, raftlog=Memoized:cf2e4456-e6b9-4510-a7c5-b0bc85d367c9@group-9D24F66B565F-SegmentedRaftLog:OPENED:c-1, conf=-1: peers:[e94707bc-ce25-43e7-a63d-a0dafb7f30ae|rpc:10.1.0.25:15136|admin:10.1.0.25:15135|client:10.1.0.25:15134|dataStream:10.1.0.25:15137|priority:0|startupRole:FOLLOWER, a85aac02-e1fe-4dbf-b118-7fecf770eb80|rpc:10.1.0.25:15118|admin:10.1.0.25:15117|client:10.1.0.25:15116|dataStream:10.1.0.25:15119|priority:1|startupRole:FOLLOWER, cf2e4456-e6b9-4510-a7c5-b0bc85d367c9|rpc:10.1.0.25:15127|admin:10.1.0.25:15126|client:10.1.0.25:15125|dataStream:10.1.0.25:15128|priority:0|startupRole:FOLLOWER]|listeners:[], old=null
2023-10-17 18:44:38,000 [grpc-default-executor-1] INFO  server.RaftServer$Division (RaftServerImpl.java:requestVote(1335)) - e94707bc-ce25-43e7-a63d-a0dafb7f30ae@group-9D24F66B565F replies to ELECTION vote request: a85aac02-e1fe-4dbf-b118-7fecf770eb80<-e94707bc-ce25-43e7-a63d-a0dafb7f30ae#0:OK-t1. Peer's state: e94707bc-ce25-43e7-a63d-a0dafb7f30ae@group-9D24F66B565F:t1, leader=null, voted=a85aac02-e1fe-4dbf-b118-7fecf770eb80, raftlog=Memoized:e94707bc-ce25-43e7-a63d-a0dafb7f30ae@group-9D24F66B565F-SegmentedRaftLog:OPENED:c-1, conf=-1: peers:[e94707bc-ce25-43e7-a63d-a0dafb7f30ae|rpc:10.1.0.25:15136|admin:10.1.0.25:15135|client:10.1.0.25:15134|dataStream:10.1.0.25:15137|priority:0|startupRole:FOLLOWER, a85aac02-e1fe-4dbf-b118-7fecf770eb80|rpc:10.1.0.25:15118|admin:10.1.0.25:15117|client:10.1.0.25:15116|dataStream:10.1.0.25:15119|priority:1|startupRole:FOLLOWER, cf2e4456-e6b9-4510-a7c5-b0bc85d367c9|rpc:10.1.0.25:15127|admin:10.1.0.25:15126|client:10.1.0.25:15125|dataStream:10.1.0.25:15128|priority:0|startupRole:FOLLOWER]|listeners:[], old=null
2023-10-17 18:44:38,001 [cf2e4456-e6b9-4510-a7c5-b0bc85d367c9@group-22AE834CBFF6-FollowerState] INFO  impl.FollowerState (FollowerState.java:run(143)) - cf2e4456-e6b9-4510-a7c5-b0bc85d367c9@group-22AE834CBFF6-FollowerState: change to CANDIDATE, lastRpcElapsedTime:5144695529ns, electionTimeout:5140ms
2023-10-17 18:44:38,001 [cf2e4456-e6b9-4510-a7c5-b0bc85d367c9@group-22AE834CBFF6-FollowerState] INFO  impl.RoleInfo (RoleInfo.java:shutdownFollowerState(110)) - cf2e4456-e6b9-4510-a7c5-b0bc85d367c9: shutdown cf2e4456-e6b9-4510-a7c5-b0bc85d367c9@group-22AE834CBFF6-FollowerState
2023-10-17 18:44:38,001 [cf2e4456-e6b9-4510-a7c5-b0bc85d367c9@group-22AE834CBFF6-FollowerState] INFO  server.RaftServer$Division (RaftServerImpl.java:setRole(329)) - cf2e4456-e6b9-4510-a7c5-b0bc85d367c9@group-22AE834CBFF6: changes role from  FOLLOWER to CANDIDATE at term 0 for changeToCandidate
2023-10-17 18:44:38,001 [cf2e4456-e6b9-4510-a7c5-b0bc85d367c9@group-22AE834CBFF6-FollowerState] INFO  server.RaftServerConfigKeys (ConfUtils.java:logGet(46)) - raft.server.leaderelection.pre-vote = true (default)
2023-10-17 18:44:38,001 [cf2e4456-e6b9-4510-a7c5-b0bc85d367c9@group-22AE834CBFF6-FollowerState] INFO  impl.RoleInfo (RoleInfo.java:updateAndGet(139)) - cf2e4456-e6b9-4510-a7c5-b0bc85d367c9: start cf2e4456-e6b9-4510-a7c5-b0bc85d367c9@group-22AE834CBFF6-LeaderElection25
2023-10-17 18:44:38,001 [a85aac02-e1fe-4dbf-b118-7fecf770eb80@group-9D24F66B565F-LeaderElection24] INFO  impl.LeaderElection (LeaderElection.java:logAndReturn(90)) - a85aac02-e1fe-4dbf-b118-7fecf770eb80@group-9D24F66B565F-LeaderElection24: ELECTION PASSED received 1 response(s) and 0 exception(s):
2023-10-17 18:44:38,007 [a85aac02-e1fe-4dbf-b118-7fecf770eb80@group-9D24F66B565F-LeaderElection24] INFO  impl.LeaderElection (LeaderElection.java:logAndReturn(94)) -   Response 0: a85aac02-e1fe-4dbf-b118-7fecf770eb80<-e94707bc-ce25-43e7-a63d-a0dafb7f30ae#0:OK-t1
2023-10-17 18:44:38,007 [a85aac02-e1fe-4dbf-b118-7fecf770eb80@group-9D24F66B565F-LeaderElection24] INFO  impl.LeaderElection (LeaderElection.java:askForVotes(323)) - a85aac02-e1fe-4dbf-b118-7fecf770eb80@group-9D24F66B565F-LeaderElection24 ELECTION round 0: result PASSED
2023-10-17 18:44:38,007 [a85aac02-e1fe-4dbf-b118-7fecf770eb80@group-9D24F66B565F-LeaderElection24] INFO  impl.RoleInfo (RoleInfo.java:shutdownLeaderElection(130)) - a85aac02-e1fe-4dbf-b118-7fecf770eb80: shutdown a85aac02-e1fe-4dbf-b118-7fecf770eb80@group-9D24F66B565F-LeaderElection24
2023-10-17 18:44:38,007 [a85aac02-e1fe-4dbf-b118-7fecf770eb80@group-9D24F66B565F-LeaderElection24] INFO  server.RaftServer$Division (RaftServerImpl.java:setRole(329)) - a85aac02-e1fe-4dbf-b118-7fecf770eb80@group-9D24F66B565F: changes role from CANDIDATE to LEADER at term 1 for changeToLeader
2023-10-17 18:44:38,007 [a85aac02-e1fe-4dbf-b118-7fecf770eb80@group-9D24F66B565F-LeaderElection24] INFO  ratis.XceiverServerRatis (XceiverServerRatis.java:handleLeaderChangedNotification(902)) - Leader change notification received for group: group-9D24F66B565F with new leaderId: a85aac02-e1fe-4dbf-b118-7fecf770eb80
2023-10-17 18:44:38,007 [a85aac02-e1fe-4dbf-b118-7fecf770eb80@group-9D24F66B565F-LeaderElection24] INFO  server.RaftServer$Division (ServerState.java:setLeader(317)) - a85aac02-e1fe-4dbf-b118-7fecf770eb80@group-9D24F66B565F: change Leader from null to a85aac02-e1fe-4dbf-b118-7fecf770eb80 at term 1 for becomeLeader, leader elected after 5122ms
2023-10-17 18:44:38,007 [a85aac02-e1fe-4dbf-b118-7fecf770eb80@group-9D24F66B565F-LeaderElection24] INFO  server.RaftServerConfigKeys (ConfUtils.java:logGet(46)) - raft.server.staging.catchup.gap = 1000 (default)
2023-10-17 18:44:38,007 [a85aac02-e1fe-4dbf-b118-7fecf770eb80@group-9D24F66B565F-LeaderElection24] INFO  server.RaftServerConfigKeys (ConfUtils.java:logGet(46)) - raft.server.write.element-limit = 1024 (custom)
2023-10-17 18:44:38,007 [a85aac02-e1fe-4dbf-b118-7fecf770eb80@group-9D24F66B565F-LeaderElection24] INFO  server.RaftServerConfigKeys (ConfUtils.java:logGet(46)) - raft.server.write.byte-limit = 1024 M (=1073741824) (custom)
2023-10-17 18:44:38,007 [a85aac02-e1fe-4dbf-b118-7fecf770eb80@group-9D24F66B565F-LeaderElection24] INFO  server.RaftServerConfigKeys (ConfUtils.java:logGet(46)) - raft.server.watch.timeout = 180s (custom)
2023-10-17 18:44:38,007 [a85aac02-e1fe-4dbf-b118-7fecf770eb80@group-9D24F66B565F-LeaderElection24] INFO  server.RaftServerConfigKeys (ConfUtils.java:logGet(46)) - raft.server.watch.timeout.denomination = 1s (default)
2023-10-17 18:44:38,007 [a85aac02-e1fe-4dbf-b118-7fecf770eb80@group-9D24F66B565F-LeaderElection24] INFO  server.RaftServerConfigKeys (ConfUtils.java:logGet(46)) - raft.server.watch.element-limit = 65536 (default)
2023-10-17 18:44:38,008 [a85aac02-e1fe-4dbf-b118-7fecf770eb80@group-9D24F66B565F-LeaderElection24] INFO  server.RaftServerConfigKeys (ConfUtils.java:logGet(46)) - raft.server.write.element-limit = 1024 (custom)
2023-10-17 18:44:38,008 [a85aac02-e1fe-4dbf-b118-7fecf770eb80@group-9D24F66B565F-LeaderElection24] INFO  server.RaftServerConfigKeys (ConfUtils.java:logGet(46)) - raft.server.write.follower.gap.ratio.max = -1.0 (default)
2023-10-17 18:44:38,008 [a85aac02-e1fe-4dbf-b118-7fecf770eb80@group-9D24F66B565F-LeaderElection24] INFO  server.RaftServerConfigKeys (ConfUtils.java:logGet(46)) - raft.server.log.appender.snapshot.chunk.size.max = 16MB (=16777216) (default)
2023-10-17 18:44:38,008 [a85aac02-e1fe-4dbf-b118-7fecf770eb80@group-9D24F66B565F-LeaderElection24] INFO  server.RaftServerConfigKeys (ConfUtils.java:logGet(46)) - raft.server.log.appender.buffer.byte-limit = 33554432 (custom)
2023-10-17 18:44:38,008 [a85aac02-e1fe-4dbf-b118-7fecf770eb80@group-9D24F66B565F-LeaderElection24] INFO  server.RaftServerConfigKeys (ConfUtils.java:logGet(46)) - raft.server.log.appender.buffer.element-limit = 1 (custom)
2023-10-17 18:44:38,008 [a85aac02-e1fe-4dbf-b118-7fecf770eb80@group-9D24F66B565F-LeaderElection24] INFO  server.RaftServerConfigKeys (ConfUtils.java:logGet(46)) - raft.server.log.appender.wait-time.min = 1ms (custom)
2023-10-17 18:44:38,008 [a85aac02-e1fe-4dbf-b118-7fecf770eb80@group-9D24F66B565F-LeaderElection24] INFO  grpc.GrpcConfigKeys (ConfUtils.java:logGet(46)) - raft.grpc.server.leader.outstanding.appends.max = 128 (default)
2023-10-17 18:44:38,008 [a85aac02-e1fe-4dbf-b118-7fecf770eb80@group-9D24F66B565F-LeaderElection24] INFO  server.RaftServerConfigKeys (ConfUtils.java:logGet(46)) - raft.server.rpc.request.timeout = 60s (custom)
2023-10-17 18:44:38,008 [a85aac02-e1fe-4dbf-b118-7fecf770eb80@group-9D24F66B565F-LeaderElection24] INFO  grpc.GrpcConfigKeys (ConfUtils.java:logGet(46)) - raft.grpc.server.install_snapshot.request.element-limit = 8 (default)
2023-10-17 18:44:38,008 [a85aac02-e1fe-4dbf-b118-7fecf770eb80@group-9D24F66B565F-LeaderElection24] INFO  grpc.GrpcConfigKeys (ConfUtils.java:logGet(46)) - raft.grpc.server.install_snapshot.request.timeout = 3000ms (default)
2023-10-17 18:44:38,008 [a85aac02-e1fe-4dbf-b118-7fecf770eb80@group-9D24F66B565F-LeaderElection24] INFO  server.RaftServerConfigKeys (ConfUtils.java:logGet(46)) - raft.server.log.appender.install.snapshot.enabled = false (custom)
2023-10-17 18:44:38,008 [a85aac02-e1fe-4dbf-b118-7fecf770eb80@group-9D24F66B565F-LeaderElection24] INFO  grpc.GrpcConfigKeys (ConfUtils.java:logGet(46)) - raft.grpc.server.heartbeat.channel = true (default)
2023-10-17 18:44:38,009 [a85aac02-e1fe-4dbf-b118-7fecf770eb80@group-9D24F66B565F-LeaderElection24] INFO  server.RaftServerConfigKeys (ConfUtils.java:logGet(46)) - raft.server.log.appender.snapshot.chunk.size.max = 16MB (=16777216) (default)
2023-10-17 18:44:38,009 [a85aac02-e1fe-4dbf-b118-7fecf770eb80@group-9D24F66B565F-LeaderElection24] INFO  server.RaftServerConfigKeys (ConfUtils.java:logGet(46)) - raft.server.log.appender.buffer.byte-limit = 33554432 (custom)
2023-10-17 18:44:38,009 [a85aac02-e1fe-4dbf-b118-7fecf770eb80@group-9D24F66B565F-LeaderElection24] INFO  server.RaftServerConfigKeys (ConfUtils.java:logGet(46)) - raft.server.log.appender.buffer.element-limit = 1 (custom)
2023-10-17 18:44:38,009 [a85aac02-e1fe-4dbf-b118-7fecf770eb80@group-9D24F66B565F-LeaderElection24] INFO  server.RaftServerConfigKeys (ConfUtils.java:logGet(46)) - raft.server.log.appender.wait-time.min = 1ms (custom)
2023-10-17 18:44:38,009 [a85aac02-e1fe-4dbf-b118-7fecf770eb80@group-9D24F66B565F-LeaderElection24] INFO  grpc.GrpcConfigKeys (ConfUtils.java:logGet(46)) - raft.grpc.server.leader.outstanding.appends.max = 128 (default)
2023-10-17 18:44:38,010 [a85aac02-e1fe-4dbf-b118-7fecf770eb80@group-9D24F66B565F-LeaderElection24] INFO  server.RaftServerConfigKeys (ConfUtils.java:logGet(46)) - raft.server.rpc.request.timeout = 60s (custom)
2023-10-17 18:44:38,010 [a85aac02-e1fe-4dbf-b118-7fecf770eb80@group-9D24F66B565F-LeaderElection24] INFO  grpc.GrpcConfigKeys (ConfUtils.java:logGet(46)) - raft.grpc.server.install_snapshot.request.element-limit = 8 (default)
2023-10-17 18:44:38,010 [a85aac02-e1fe-4dbf-b118-7fecf770eb80@group-9D24F66B565F-LeaderElection24] INFO  grpc.GrpcConfigKeys (ConfUtils.java:logGet(46)) - raft.grpc.server.install_snapshot.request.timeout = 3000ms (default)
2023-10-17 18:44:38,010 [a85aac02-e1fe-4dbf-b118-7fecf770eb80@group-9D24F66B565F-LeaderElection24] INFO  server.RaftServerConfigKeys (ConfUtils.java:logGet(46)) - raft.server.log.appender.install.snapshot.enabled = false (custom)
2023-10-17 18:44:38,010 [a85aac02-e1fe-4dbf-b118-7fecf770eb80@group-9D24F66B565F-LeaderElection24] INFO  grpc.GrpcConfigKeys (ConfUtils.java:logGet(46)) - raft.grpc.server.heartbeat.channel = true (default)
2023-10-17 18:44:38,010 [a85aac02-e1fe-4dbf-b118-7fecf770eb80@group-9D24F66B565F-LeaderElection24] INFO  impl.RoleInfo (RoleInfo.java:updateAndGet(139)) - a85aac02-e1fe-4dbf-b118-7fecf770eb80: start a85aac02-e1fe-4dbf-b118-7fecf770eb80@group-9D24F66B565F-LeaderStateImpl
2023-10-17 18:44:38,011 [a85aac02-e1fe-4dbf-b118-7fecf770eb80@group-9D24F66B565F-LeaderElection24] INFO  segmented.SegmentedRaftLogWorker (SegmentedRaftLogWorker.java:startLogSegment(447)) - a85aac02-e1fe-4dbf-b118-7fecf770eb80@group-9D24F66B565F-SegmentedRaftLogWorker: Starting segment from index:0
2023-10-17 18:44:38,012 [EventQueue-OpenPipelineForHealthyPipelineSafeModeRule] INFO  safemode.SCMSafeModeManager (HealthyPipelineSafeModeRule.java:process(137)) - SCM in safe mode. Healthy pipelines reported count is 0, required healthy pipeline reported count is 1
2023-10-17 18:44:38,012 [EventQueue-PipelineReportForPipelineReportHandler] INFO  pipeline.PipelineReportHandler (PipelineReportHandler.java:processPipelineReport(136)) - Opened pipeline PipelineID=f2d924d1-c5e0-43dc-b219-9d24f66b565f
2023-10-17 18:44:38,012 [EventQueue-OpenPipelineForHealthyPipelineSafeModeRule] INFO  safemode.SCMSafeModeManager (HealthyPipelineSafeModeRule.java:process(137)) - SCM in safe mode. Healthy pipelines reported count is 1, required healthy pipeline reported count is 1
2023-10-17 18:44:38,012 [EventQueue-OpenPipelineForHealthyPipelineSafeModeRule] INFO  safemode.SCMSafeModeManager (SCMSafeModeManager.java:validateSafeModeExitRules(200)) - HealthyPipelineSafeModeRule rule is successfully validated
2023-10-17 18:44:38,012 [EventQueue-OpenPipelineForHealthyPipelineSafeModeRule] INFO  safemode.SCMSafeModeManager (SCMSafeModeManager.java:validateSafeModeExitRules(215)) - ScmSafeModeManager, all rules are successfully validated
2023-10-17 18:44:38,012 [EventQueue-OpenPipelineForHealthyPipelineSafeModeRule] INFO  safemode.SCMSafeModeManager (SCMSafeModeManager.java:exitSafeMode(244)) - SCM exiting safe mode.
2023-10-17 18:44:38,012 [a85aac02-e1fe-4dbf-b118-7fecf770eb80@group-9D24F66B565F-SegmentedRaftLogWorker] INFO  segmented.SegmentedRaftLogWorker (SegmentedRaftLogWorker.java:execute(651)) - a85aac02-e1fe-4dbf-b118-7fecf770eb80@group-9D24F66B565F-SegmentedRaftLogWorker: created new log segment /home/runner/work/ozone/ozone/hadoop-ozone/integration-test/target/test-dir/MiniOzoneClusterImpl-ee380501-c2be-4155-a337-7349f62bd525/datanode-0/data/ratis/f2d924d1-c5e0-43dc-b219-9d24f66b565f/current/log_inprogress_0
2023-10-17 18:44:38,012 [EventQueue-OpenPipelineForHealthyPipelineSafeModeRule] INFO  ha.SCMContext (SCMContext.java:updateSafeModeStatus(230)) - Update SafeModeStatus from SafeModeStatus{safeModeStatus=true, preCheckPassed=true} to SafeModeStatus{safeModeStatus=false, preCheckPassed=true}.
2023-10-17 18:44:38,012 [EventQueue-OpenPipelineForHealthyPipelineSafeModeRule] INFO  pipeline.BackgroundPipelineCreator (BackgroundPipelineCreator.java:notifyStatusChanged(255)) - Service BackgroundPipelineCreator transitions to RUNNING.
2023-10-17 18:44:38,012 [EventQueue-OpenPipelineForHealthyPipelineSafeModeRule] INFO  BackgroundPipelineScrubber (BackgroundSCMService.java:notifyStatusChanged(82)) - Service BackgroundPipelineScrubber transitions to RUNNING.
2023-10-17 18:44:38,012 [EventQueue-OpenPipelineForHealthyPipelineSafeModeRule] INFO  ExpiredContainerReplicaOpScrubber (BackgroundSCMService.java:notifyStatusChanged(82)) - Service ExpiredContainerReplicaOpScrubber transitions to RUNNING.
2023-10-17 18:44:38,012 [EventQueue-OpenPipelineForHealthyPipelineSafeModeRule] INFO  replication.ReplicationManager (ReplicationManager.java:notifyStatusChanged(1370)) - Service ReplicationManager transitions to RUNNING.
2023-10-17 18:44:38,013 [EventQueue-OpenPipelineForHealthyPipelineSafeModeRule] WARN  balancer.ContainerBalancer (ContainerBalancer.java:shouldRun(134)) - Could not find persisted configuration for ContainerBalancer when checking if ContainerBalancer should run. ContainerBalancer should not run now.
2023-10-17 18:44:38,025 [cf2e4456-e6b9-4510-a7c5-b0bc85d367c9@group-22AE834CBFF6-LeaderElection25] INFO  impl.LeaderElection (LeaderElection.java:askForVotes(321)) - cf2e4456-e6b9-4510-a7c5-b0bc85d367c9@group-22AE834CBFF6-LeaderElection25 PRE_VOTE round 0: submit vote requests at term 0 for -1: peers:[e94707bc-ce25-43e7-a63d-a0dafb7f30ae|rpc:10.1.0.25:15136|admin:10.1.0.25:15135|client:10.1.0.25:15134|dataStream:10.1.0.25:15137|priority:0|startupRole:FOLLOWER, a85aac02-e1fe-4dbf-b118-7fecf770eb80|rpc:10.1.0.25:15118|admin:10.1.0.25:15117|client:10.1.0.25:15116|dataStream:10.1.0.25:15119|priority:0|startupRole:FOLLOWER, cf2e4456-e6b9-4510-a7c5-b0bc85d367c9|rpc:10.1.0.25:15127|admin:10.1.0.25:15126|client:10.1.0.25:15125|dataStream:10.1.0.25:15128|priority:1|startupRole:FOLLOWER]|listeners:[], old=null
2023-10-17 18:44:38,031 [cf2e4456-e6b9-4510-a7c5-b0bc85d367c9@group-22AE834CBFF6-LeaderElection25-1] INFO  server.GrpcServerProtocolClient (GrpcServerProtocolClient.java:<init>(65)) - Build channel for e94707bc-ce25-43e7-a63d-a0dafb7f30ae
2023-10-17 18:44:38,031 [cf2e4456-e6b9-4510-a7c5-b0bc85d367c9@group-22AE834CBFF6-LeaderElection25] INFO  server.RaftServerConfigKeys (ConfUtils.java:logFallback(53)) - raft.server.rpc.first-election.timeout.min = 5s (fallback to raft.server.rpc.timeout.min)
2023-10-17 18:44:38,031 [cf2e4456-e6b9-4510-a7c5-b0bc85d367c9@group-22AE834CBFF6-LeaderElection25] INFO  server.RaftServerConfigKeys (ConfUtils.java:logFallback(53)) - raft.server.rpc.first-election.timeout.max = 5200ms (fallback to raft.server.rpc.timeout.max)
2023-10-17 18:44:38,038 [cf2e4456-e6b9-4510-a7c5-b0bc85d367c9@group-22AE834CBFF6-LeaderElection25-2] INFO  server.GrpcServerProtocolClient (GrpcServerProtocolClient.java:<init>(65)) - Build channel for a85aac02-e1fe-4dbf-b118-7fecf770eb80
2023-10-17 18:44:38,040 [a85aac02-e1fe-4dbf-b118-7fecf770eb80@group-9D24F66B565F-LeaderElection24] INFO  server.RaftServer$Division (ServerState.java:setRaftConf(434)) - a85aac02-e1fe-4dbf-b118-7fecf770eb80@group-9D24F66B565F: set configuration 0: peers:[e94707bc-ce25-43e7-a63d-a0dafb7f30ae|rpc:10.1.0.25:15136|admin:10.1.0.25:15135|client:10.1.0.25:15134|dataStream:10.1.0.25:15137|priority:0|startupRole:FOLLOWER, a85aac02-e1fe-4dbf-b118-7fecf770eb80|rpc:10.1.0.25:15118|admin:10.1.0.25:15117|client:10.1.0.25:15116|dataStream:10.1.0.25:15119|priority:1|startupRole:FOLLOWER, cf2e4456-e6b9-4510-a7c5-b0bc85d367c9|rpc:10.1.0.25:15127|admin:10.1.0.25:15126|client:10.1.0.25:15125|dataStream:10.1.0.25:15128|priority:0|startupRole:FOLLOWER]|listeners:[], old=null
2023-10-17 18:44:38,041 [cf2e4456-e6b9-4510-a7c5-b0bc85d367c9-server-thread1] INFO  ratis.XceiverServerRatis (XceiverServerRatis.java:handleLeaderChangedNotification(902)) - Leader change notification received for group: group-9D24F66B565F with new leaderId: a85aac02-e1fe-4dbf-b118-7fecf770eb80
2023-10-17 18:44:38,042 [cf2e4456-e6b9-4510-a7c5-b0bc85d367c9-server-thread1] INFO  server.RaftServer$Division (ServerState.java:setLeader(317)) - cf2e4456-e6b9-4510-a7c5-b0bc85d367c9@group-9D24F66B565F: change Leader from null to a85aac02-e1fe-4dbf-b118-7fecf770eb80 at term 1 for appendEntries, leader elected after 5044ms
2023-10-17 18:44:38,043 [cf2e4456-e6b9-4510-a7c5-b0bc85d367c9-server-thread1] INFO  server.RaftServer$Division (ServerState.java:setRaftConf(434)) - cf2e4456-e6b9-4510-a7c5-b0bc85d367c9@group-9D24F66B565F: set configuration 0: peers:[e94707bc-ce25-43e7-a63d-a0dafb7f30ae|rpc:10.1.0.25:15136|admin:10.1.0.25:15135|client:10.1.0.25:15134|dataStream:10.1.0.25:15137|priority:0|startupRole:FOLLOWER, a85aac02-e1fe-4dbf-b118-7fecf770eb80|rpc:10.1.0.25:15118|admin:10.1.0.25:15117|client:10.1.0.25:15116|dataStream:10.1.0.25:15119|priority:1|startupRole:FOLLOWER, cf2e4456-e6b9-4510-a7c5-b0bc85d367c9|rpc:10.1.0.25:15127|admin:10.1.0.25:15126|client:10.1.0.25:15125|dataStream:10.1.0.25:15128|priority:0|startupRole:FOLLOWER]|listeners:[], old=null
2023-10-17 18:44:38,045 [cf2e4456-e6b9-4510-a7c5-b0bc85d367c9-server-thread1] INFO  segmented.SegmentedRaftLogWorker (SegmentedRaftLogWorker.java:startLogSegment(447)) - cf2e4456-e6b9-4510-a7c5-b0bc85d367c9@group-9D24F66B565F-SegmentedRaftLogWorker: Starting segment from index:0
2023-10-17 18:44:38,046 [e94707bc-ce25-43e7-a63d-a0dafb7f30ae-server-thread1] INFO  ratis.XceiverServerRatis (XceiverServerRatis.java:handleLeaderChangedNotification(902)) - Leader change notification received for group: group-9D24F66B565F with new leaderId: a85aac02-e1fe-4dbf-b118-7fecf770eb80
2023-10-17 18:44:38,046 [e94707bc-ce25-43e7-a63d-a0dafb7f30ae-server-thread1] INFO  server.RaftServer$Division (ServerState.java:setLeader(317)) - e94707bc-ce25-43e7-a63d-a0dafb7f30ae@group-9D24F66B565F: change Leader from null to a85aac02-e1fe-4dbf-b118-7fecf770eb80 at term 1 for appendEntries, leader elected after 5124ms
2023-10-17 18:44:38,053 [cf2e4456-e6b9-4510-a7c5-b0bc85d367c9@group-9D24F66B565F-SegmentedRaftLogWorker] INFO  segmented.SegmentedRaftLogWorker (SegmentedRaftLogWorker.java:execute(651)) - cf2e4456-e6b9-4510-a7c5-b0bc85d367c9@group-9D24F66B565F-SegmentedRaftLogWorker: created new log segment /home/runner/work/ozone/ozone/hadoop-ozone/integration-test/target/test-dir/MiniOzoneClusterImpl-ee380501-c2be-4155-a337-7349f62bd525/datanode-1/data/ratis/f2d924d1-c5e0-43dc-b219-9d24f66b565f/current/log_inprogress_0
2023-10-17 18:44:38,060 [e94707bc-ce25-43e7-a63d-a0dafb7f30ae-server-thread1] INFO  server.RaftServer$Division (ServerState.java:setRaftConf(434)) - e94707bc-ce25-43e7-a63d-a0dafb7f30ae@group-9D24F66B565F: set configuration 0: peers:[e94707bc-ce25-43e7-a63d-a0dafb7f30ae|rpc:10.1.0.25:15136|admin:10.1.0.25:15135|client:10.1.0.25:15134|dataStream:10.1.0.25:15137|priority:0|startupRole:FOLLOWER, a85aac02-e1fe-4dbf-b118-7fecf770eb80|rpc:10.1.0.25:15118|admin:10.1.0.25:15117|client:10.1.0.25:15116|dataStream:10.1.0.25:15119|priority:1|startupRole:FOLLOWER, cf2e4456-e6b9-4510-a7c5-b0bc85d367c9|rpc:10.1.0.25:15127|admin:10.1.0.25:15126|client:10.1.0.25:15125|dataStream:10.1.0.25:15128|priority:0|startupRole:FOLLOWER]|listeners:[], old=null
2023-10-17 18:44:38,060 [e94707bc-ce25-43e7-a63d-a0dafb7f30ae-server-thread1] INFO  segmented.SegmentedRaftLogWorker (SegmentedRaftLogWorker.java:startLogSegment(447)) - e94707bc-ce25-43e7-a63d-a0dafb7f30ae@group-9D24F66B565F-SegmentedRaftLogWorker: Starting segment from index:0
2023-10-17 18:44:38,062 [e94707bc-ce25-43e7-a63d-a0dafb7f30ae@group-9D24F66B565F-SegmentedRaftLogWorker] INFO  segmented.SegmentedRaftLogWorker (SegmentedRaftLogWorker.java:execute(651)) - e94707bc-ce25-43e7-a63d-a0dafb7f30ae@group-9D24F66B565F-SegmentedRaftLogWorker: created new log segment /home/runner/work/ozone/ozone/hadoop-ozone/integration-test/target/test-dir/MiniOzoneClusterImpl-ee380501-c2be-4155-a337-7349f62bd525/datanode-2/data/ratis/f2d924d1-c5e0-43dc-b219-9d24f66b565f/current/log_inprogress_0
2023-10-17 18:44:38,069 [grpc-default-executor-3] INFO  server.RaftServer$Division (RaftServerImpl.java:requestVote(1302)) - a85aac02-e1fe-4dbf-b118-7fecf770eb80@group-22AE834CBFF6: receive requestVote(PRE_VOTE, cf2e4456-e6b9-4510-a7c5-b0bc85d367c9, group-22AE834CBFF6, 0, (t:0, i:0))
2023-10-17 18:44:38,070 [grpc-default-executor-3] INFO  impl.VoteContext (VoteContext.java:log(49)) - a85aac02-e1fe-4dbf-b118-7fecf770eb80@group-22AE834CBFF6-FOLLOWER: accept PRE_VOTE from cf2e4456-e6b9-4510-a7c5-b0bc85d367c9: our priority 0 <= candidate's priority 1
2023-10-17 18:44:38,070 [grpc-default-executor-3] INFO  server.RaftServer$Division (RaftServerImpl.java:requestVote(1335)) - a85aac02-e1fe-4dbf-b118-7fecf770eb80@group-22AE834CBFF6 replies to PRE_VOTE vote request: cf2e4456-e6b9-4510-a7c5-b0bc85d367c9<-a85aac02-e1fe-4dbf-b118-7fecf770eb80#0:OK-t0. Peer's state: a85aac02-e1fe-4dbf-b118-7fecf770eb80@group-22AE834CBFF6:t0, leader=null, voted=, raftlog=Memoized:a85aac02-e1fe-4dbf-b118-7fecf770eb80@group-22AE834CBFF6-SegmentedRaftLog:OPENED:c-1, conf=-1: peers:[e94707bc-ce25-43e7-a63d-a0dafb7f30ae|rpc:10.1.0.25:15136|admin:10.1.0.25:15135|client:10.1.0.25:15134|dataStream:10.1.0.25:15137|priority:0|startupRole:FOLLOWER, a85aac02-e1fe-4dbf-b118-7fecf770eb80|rpc:10.1.0.25:15118|admin:10.1.0.25:15117|client:10.1.0.25:15116|dataStream:10.1.0.25:15119|priority:0|startupRole:FOLLOWER, cf2e4456-e6b9-4510-a7c5-b0bc85d367c9|rpc:10.1.0.25:15127|admin:10.1.0.25:15126|client:10.1.0.25:15125|dataStream:10.1.0.25:15128|priority:1|startupRole:FOLLOWER]|listeners:[], old=null
2023-10-17 18:44:38,074 [grpc-default-executor-3] INFO  server.RaftServer$Division (RaftServerImpl.java:requestVote(1302)) - e94707bc-ce25-43e7-a63d-a0dafb7f30ae@group-22AE834CBFF6: receive requestVote(PRE_VOTE, cf2e4456-e6b9-4510-a7c5-b0bc85d367c9, group-22AE834CBFF6, 0, (t:0, i:0))
2023-10-17 18:44:38,075 [grpc-default-executor-3] INFO  impl.VoteContext (VoteContext.java:log(49)) - e94707bc-ce25-43e7-a63d-a0dafb7f30ae@group-22AE834CBFF6-FOLLOWER: accept PRE_VOTE from cf2e4456-e6b9-4510-a7c5-b0bc85d367c9: our priority 0 <= candidate's priority 1
2023-10-17 18:44:38,075 [grpc-default-executor-3] INFO  server.RaftServer$Division (RaftServerImpl.java:requestVote(1335)) - e94707bc-ce25-43e7-a63d-a0dafb7f30ae@group-22AE834CBFF6 replies to PRE_VOTE vote request: cf2e4456-e6b9-4510-a7c5-b0bc85d367c9<-e94707bc-ce25-43e7-a63d-a0dafb7f30ae#0:OK-t0. Peer's state: e94707bc-ce25-43e7-a63d-a0dafb7f30ae@group-22AE834CBFF6:t0, leader=null, voted=, raftlog=Memoized:e94707bc-ce25-43e7-a63d-a0dafb7f30ae@group-22AE834CBFF6-SegmentedRaftLog:OPENED:c-1, conf=-1: peers:[e94707bc-ce25-43e7-a63d-a0dafb7f30ae|rpc:10.1.0.25:15136|admin:10.1.0.25:15135|client:10.1.0.25:15134|dataStream:10.1.0.25:15137|priority:0|startupRole:FOLLOWER, a85aac02-e1fe-4dbf-b118-7fecf770eb80|rpc:10.1.0.25:15118|admin:10.1.0.25:15117|client:10.1.0.25:15116|dataStream:10.1.0.25:15119|priority:0|startupRole:FOLLOWER, cf2e4456-e6b9-4510-a7c5-b0bc85d367c9|rpc:10.1.0.25:15127|admin:10.1.0.25:15126|client:10.1.0.25:15125|dataStream:10.1.0.25:15128|priority:1|startupRole:FOLLOWER]|listeners:[], old=null
2023-10-17 18:44:38,075 [cf2e4456-e6b9-4510-a7c5-b0bc85d367c9@group-22AE834CBFF6-LeaderElection25] INFO  impl.LeaderElection (LeaderElection.java:logAndReturn(90)) - cf2e4456-e6b9-4510-a7c5-b0bc85d367c9@group-22AE834CBFF6-LeaderElection25: PRE_VOTE PASSED received 1 response(s) and 0 exception(s):
2023-10-17 18:44:38,075 [cf2e4456-e6b9-4510-a7c5-b0bc85d367c9@group-22AE834CBFF6-LeaderElection25] INFO  impl.LeaderElection (LeaderElection.java:logAndReturn(94)) -   Response 0: cf2e4456-e6b9-4510-a7c5-b0bc85d367c9<-a85aac02-e1fe-4dbf-b118-7fecf770eb80#0:OK-t0
2023-10-17 18:44:38,075 [cf2e4456-e6b9-4510-a7c5-b0bc85d367c9@group-22AE834CBFF6-LeaderElection25] INFO  impl.LeaderElection (LeaderElection.java:askForVotes(323)) - cf2e4456-e6b9-4510-a7c5-b0bc85d367c9@group-22AE834CBFF6-LeaderElection25 PRE_VOTE round 0: result PASSED
2023-10-17 18:44:38,078 [cf2e4456-e6b9-4510-a7c5-b0bc85d367c9@group-22AE834CBFF6-LeaderElection25] INFO  impl.LeaderElection (LeaderElection.java:askForVotes(321)) - cf2e4456-e6b9-4510-a7c5-b0bc85d367c9@group-22AE834CBFF6-LeaderElection25 ELECTION round 0: submit vote requests at term 1 for -1: peers:[e94707bc-ce25-43e7-a63d-a0dafb7f30ae|rpc:10.1.0.25:15136|admin:10.1.0.25:15135|client:10.1.0.25:15134|dataStream:10.1.0.25:15137|priority:0|startupRole:FOLLOWER, a85aac02-e1fe-4dbf-b118-7fecf770eb80|rpc:10.1.0.25:15118|admin:10.1.0.25:15117|client:10.1.0.25:15116|dataStream:10.1.0.25:15119|priority:0|startupRole:FOLLOWER, cf2e4456-e6b9-4510-a7c5-b0bc85d367c9|rpc:10.1.0.25:15127|admin:10.1.0.25:15126|client:10.1.0.25:15125|dataStream:10.1.0.25:15128|priority:1|startupRole:FOLLOWER]|listeners:[], old=null
2023-10-17 18:44:38,084 [cf2e4456-e6b9-4510-a7c5-b0bc85d367c9@group-22AE834CBFF6-LeaderElection25] INFO  server.RaftServerConfigKeys (ConfUtils.java:logFallback(53)) - raft.server.rpc.first-election.timeout.min = 5s (fallback to raft.server.rpc.timeout.min)
2023-10-17 18:44:38,084 [cf2e4456-e6b9-4510-a7c5-b0bc85d367c9@group-22AE834CBFF6-LeaderElection25] INFO  server.RaftServerConfigKeys (ConfUtils.java:logFallback(53)) - raft.server.rpc.first-election.timeout.max = 5200ms (fallback to raft.server.rpc.timeout.max)
2023-10-17 18:44:38,091 [cf2e4456-e6b9-4510-a7c5-b0bc85d367c9@group-3BD5453FB21E-FollowerState] INFO  impl.FollowerState (FollowerState.java:run(143)) - cf2e4456-e6b9-4510-a7c5-b0bc85d367c9@group-3BD5453FB21E-FollowerState: change to CANDIDATE, lastRpcElapsedTime:5012493627ns, electionTimeout:5000ms
2023-10-17 18:44:38,091 [cf2e4456-e6b9-4510-a7c5-b0bc85d367c9@group-3BD5453FB21E-FollowerState] INFO  impl.RoleInfo (RoleInfo.java:shutdownFollowerState(110)) - cf2e4456-e6b9-4510-a7c5-b0bc85d367c9: shutdown cf2e4456-e6b9-4510-a7c5-b0bc85d367c9@group-3BD5453FB21E-FollowerState
2023-10-17 18:44:38,091 [cf2e4456-e6b9-4510-a7c5-b0bc85d367c9@group-3BD5453FB21E-FollowerState] INFO  server.RaftServer$Division (RaftServerImpl.java:setRole(329)) - cf2e4456-e6b9-4510-a7c5-b0bc85d367c9@group-3BD5453FB21E: changes role from  FOLLOWER to CANDIDATE at term 0 for changeToCandidate
2023-10-17 18:44:38,091 [cf2e4456-e6b9-4510-a7c5-b0bc85d367c9@group-3BD5453FB21E-FollowerState] INFO  server.RaftServerConfigKeys (ConfUtils.java:logGet(46)) - raft.server.leaderelection.pre-vote = true (default)
2023-10-17 18:44:38,091 [cf2e4456-e6b9-4510-a7c5-b0bc85d367c9@group-3BD5453FB21E-FollowerState] INFO  impl.RoleInfo (RoleInfo.java:updateAndGet(139)) - cf2e4456-e6b9-4510-a7c5-b0bc85d367c9: start cf2e4456-e6b9-4510-a7c5-b0bc85d367c9@group-3BD5453FB21E-LeaderElection26
2023-10-17 18:44:38,098 [grpc-default-executor-3] INFO  server.RaftServer$Division (RaftServerImpl.java:requestVote(1302)) - e94707bc-ce25-43e7-a63d-a0dafb7f30ae@group-22AE834CBFF6: receive requestVote(ELECTION, cf2e4456-e6b9-4510-a7c5-b0bc85d367c9, group-22AE834CBFF6, 1, (t:0, i:0))
2023-10-17 18:44:38,098 [grpc-default-executor-3] INFO  impl.VoteContext (VoteContext.java:log(49)) - e94707bc-ce25-43e7-a63d-a0dafb7f30ae@group-22AE834CBFF6-FOLLOWER: accept ELECTION from cf2e4456-e6b9-4510-a7c5-b0bc85d367c9: our priority 0 <= candidate's priority 1
2023-10-17 18:44:38,098 [grpc-default-executor-3] INFO  server.RaftServer$Division (RaftServerImpl.java:setRole(329)) - e94707bc-ce25-43e7-a63d-a0dafb7f30ae@group-22AE834CBFF6: changes role from  FOLLOWER to FOLLOWER at term 1 for candidate:cf2e4456-e6b9-4510-a7c5-b0bc85d367c9
2023-10-17 18:44:38,098 [grpc-default-executor-3] INFO  impl.RoleInfo (RoleInfo.java:shutdownFollowerState(110)) - e94707bc-ce25-43e7-a63d-a0dafb7f30ae: shutdown e94707bc-ce25-43e7-a63d-a0dafb7f30ae@group-22AE834CBFF6-FollowerState
2023-10-17 18:44:38,099 [grpc-default-executor-3] INFO  impl.RoleInfo (RoleInfo.java:updateAndGet(139)) - e94707bc-ce25-43e7-a63d-a0dafb7f30ae: start e94707bc-ce25-43e7-a63d-a0dafb7f30ae@group-22AE834CBFF6-FollowerState
2023-10-17 18:44:38,099 [e94707bc-ce25-43e7-a63d-a0dafb7f30ae@group-22AE834CBFF6-FollowerState] INFO  impl.FollowerState (FollowerState.java:run(152)) - e94707bc-ce25-43e7-a63d-a0dafb7f30ae@group-22AE834CBFF6-FollowerState was interrupted
2023-10-17 18:44:38,098 [grpc-default-executor-6] INFO  server.RaftServer$Division (RaftServerImpl.java:requestVote(1302)) - a85aac02-e1fe-4dbf-b118-7fecf770eb80@group-22AE834CBFF6: receive requestVote(ELECTION, cf2e4456-e6b9-4510-a7c5-b0bc85d367c9, group-22AE834CBFF6, 1, (t:0, i:0))
2023-10-17 18:44:38,099 [grpc-default-executor-6] INFO  impl.VoteContext (VoteContext.java:log(49)) - a85aac02-e1fe-4dbf-b118-7fecf770eb80@group-22AE834CBFF6-FOLLOWER: accept ELECTION from cf2e4456-e6b9-4510-a7c5-b0bc85d367c9: our priority 0 <= candidate's priority 1
2023-10-17 18:44:38,099 [grpc-default-executor-6] INFO  server.RaftServer$Division (RaftServerImpl.java:setRole(329)) - a85aac02-e1fe-4dbf-b118-7fecf770eb80@group-22AE834CBFF6: changes role from  FOLLOWER to FOLLOWER at term 1 for candidate:cf2e4456-e6b9-4510-a7c5-b0bc85d367c9
2023-10-17 18:44:38,099 [grpc-default-executor-6] INFO  impl.RoleInfo (RoleInfo.java:shutdownFollowerState(110)) - a85aac02-e1fe-4dbf-b118-7fecf770eb80: shutdown a85aac02-e1fe-4dbf-b118-7fecf770eb80@group-22AE834CBFF6-FollowerState
2023-10-17 18:44:38,102 [grpc-default-executor-6] INFO  impl.RoleInfo (RoleInfo.java:updateAndGet(139)) - a85aac02-e1fe-4dbf-b118-7fecf770eb80: start a85aac02-e1fe-4dbf-b118-7fecf770eb80@group-22AE834CBFF6-FollowerState
2023-10-17 18:44:38,102 [a85aac02-e1fe-4dbf-b118-7fecf770eb80@group-22AE834CBFF6-FollowerState] INFO  impl.FollowerState (FollowerState.java:run(152)) - a85aac02-e1fe-4dbf-b118-7fecf770eb80@group-22AE834CBFF6-FollowerState was interrupted
2023-10-17 18:44:38,107 [cf2e4456-e6b9-4510-a7c5-b0bc85d367c9@group-3BD5453FB21E-LeaderElection26] INFO  impl.LeaderElection (LeaderElection.java:askForVotes(321)) - cf2e4456-e6b9-4510-a7c5-b0bc85d367c9@group-3BD5453FB21E-LeaderElection26 PRE_VOTE round 0: submit vote requests at term 0 for -1: peers:[cf2e4456-e6b9-4510-a7c5-b0bc85d367c9|rpc:10.1.0.25:15127|admin:10.1.0.25:15126|client:10.1.0.25:15125|dataStream:10.1.0.25:15128|priority:1|startupRole:FOLLOWER]|listeners:[], old=null
2023-10-17 18:44:38,107 [cf2e4456-e6b9-4510-a7c5-b0bc85d367c9@group-3BD5453FB21E-LeaderElection26] INFO  impl.LeaderElection (LeaderElection.java:askForVotes(323)) - cf2e4456-e6b9-4510-a7c5-b0bc85d367c9@group-3BD5453FB21E-LeaderElection26 PRE_VOTE round 0: result PASSED (term=0)
2023-10-17 18:44:38,108 [grpc-default-executor-3] INFO  server.RaftServer$Division (RaftServerImpl.java:requestVote(1335)) - e94707bc-ce25-43e7-a63d-a0dafb7f30ae@group-22AE834CBFF6 replies to ELECTION vote request: cf2e4456-e6b9-4510-a7c5-b0bc85d367c9<-e94707bc-ce25-43e7-a63d-a0dafb7f30ae#0:OK-t1. Peer's state: e94707bc-ce25-43e7-a63d-a0dafb7f30ae@group-22AE834CBFF6:t1, leader=null, voted=cf2e4456-e6b9-4510-a7c5-b0bc85d367c9, raftlog=Memoized:e94707bc-ce25-43e7-a63d-a0dafb7f30ae@group-22AE834CBFF6-SegmentedRaftLog:OPENED:c-1, conf=-1: peers:[e94707bc-ce25-43e7-a63d-a0dafb7f30ae|rpc:10.1.0.25:15136|admin:10.1.0.25:15135|client:10.1.0.25:15134|dataStream:10.1.0.25:15137|priority:0|startupRole:FOLLOWER, a85aac02-e1fe-4dbf-b118-7fecf770eb80|rpc:10.1.0.25:15118|admin:10.1.0.25:15117|client:10.1.0.25:15116|dataStream:10.1.0.25:15119|priority:0|startupRole:FOLLOWER, cf2e4456-e6b9-4510-a7c5-b0bc85d367c9|rpc:10.1.0.25:15127|admin:10.1.0.25:15126|client:10.1.0.25:15125|dataStream:10.1.0.25:15128|priority:1|startupRole:FOLLOWER]|listeners:[], old=null
2023-10-17 18:44:38,108 [grpc-default-executor-6] INFO  server.RaftServer$Division (RaftServerImpl.java:requestVote(1335)) - a85aac02-e1fe-4dbf-b118-7fecf770eb80@group-22AE834CBFF6 replies to ELECTION vote request: cf2e4456-e6b9-4510-a7c5-b0bc85d367c9<-a85aac02-e1fe-4dbf-b118-7fecf770eb80#0:OK-t1. Peer's state: a85aac02-e1fe-4dbf-b118-7fecf770eb80@group-22AE834CBFF6:t1, leader=null, voted=cf2e4456-e6b9-4510-a7c5-b0bc85d367c9, raftlog=Memoized:a85aac02-e1fe-4dbf-b118-7fecf770eb80@group-22AE834CBFF6-SegmentedRaftLog:OPENED:c-1, conf=-1: peers:[e94707bc-ce25-43e7-a63d-a0dafb7f30ae|rpc:10.1.0.25:15136|admin:10.1.0.25:15135|client:10.1.0.25:15134|dataStream:10.1.0.25:15137|priority:0|startupRole:FOLLOWER, a85aac02-e1fe-4dbf-b118-7fecf770eb80|rpc:10.1.0.25:15118|admin:10.1.0.25:15117|client:10.1.0.25:15116|dataStream:10.1.0.25:15119|priority:0|startupRole:FOLLOWER, cf2e4456-e6b9-4510-a7c5-b0bc85d367c9|rpc:10.1.0.25:15127|admin:10.1.0.25:15126|client:10.1.0.25:15125|dataStream:10.1.0.25:15128|priority:1|startupRole:FOLLOWER]|listeners:[], old=null
2023-10-17 18:44:38,110 [cf2e4456-e6b9-4510-a7c5-b0bc85d367c9@group-22AE834CBFF6-LeaderElection25] INFO  impl.LeaderElection (LeaderElection.java:logAndReturn(90)) - cf2e4456-e6b9-4510-a7c5-b0bc85d367c9@group-22AE834CBFF6-LeaderElection25: ELECTION PASSED received 1 response(s) and 0 exception(s):
2023-10-17 18:44:38,110 [cf2e4456-e6b9-4510-a7c5-b0bc85d367c9@group-22AE834CBFF6-LeaderElection25] INFO  impl.LeaderElection (LeaderElection.java:logAndReturn(94)) -   Response 0: cf2e4456-e6b9-4510-a7c5-b0bc85d367c9<-a85aac02-e1fe-4dbf-b118-7fecf770eb80#0:OK-t1
2023-10-17 18:44:38,110 [cf2e4456-e6b9-4510-a7c5-b0bc85d367c9@group-22AE834CBFF6-LeaderElection25] INFO  impl.LeaderElection (LeaderElection.java:askForVotes(323)) - cf2e4456-e6b9-4510-a7c5-b0bc85d367c9@group-22AE834CBFF6-LeaderElection25 ELECTION round 0: result PASSED
2023-10-17 18:44:38,110 [cf2e4456-e6b9-4510-a7c5-b0bc85d367c9@group-22AE834CBFF6-LeaderElection25] INFO  impl.RoleInfo (RoleInfo.java:shutdownLeaderElection(130)) - cf2e4456-e6b9-4510-a7c5-b0bc85d367c9: shutdown cf2e4456-e6b9-4510-a7c5-b0bc85d367c9@group-22AE834CBFF6-LeaderElection25
2023-10-17 18:44:38,110 [cf2e4456-e6b9-4510-a7c5-b0bc85d367c9@group-22AE834CBFF6-LeaderElection25] INFO  server.RaftServer$Division (RaftServerImpl.java:setRole(329)) - cf2e4456-e6b9-4510-a7c5-b0bc85d367c9@group-22AE834CBFF6: changes role from CANDIDATE to LEADER at term 1 for changeToLeader
2023-10-17 18:44:38,110 [cf2e4456-e6b9-4510-a7c5-b0bc85d367c9@group-22AE834CBFF6-LeaderElection25] INFO  ratis.XceiverServerRatis (XceiverServerRatis.java:handleLeaderChangedNotification(902)) - Leader change notification received for group: group-22AE834CBFF6 with new leaderId: cf2e4456-e6b9-4510-a7c5-b0bc85d367c9
2023-10-17 18:44:38,110 [cf2e4456-e6b9-4510-a7c5-b0bc85d367c9@group-22AE834CBFF6-LeaderElection25] INFO  server.RaftServer$Division (ServerState.java:setLeader(317)) - cf2e4456-e6b9-4510-a7c5-b0bc85d367c9@group-22AE834CBFF6: change Leader from null to cf2e4456-e6b9-4510-a7c5-b0bc85d367c9 at term 1 for becomeLeader, leader elected after 5282ms
2023-10-17 18:44:38,110 [cf2e4456-e6b9-4510-a7c5-b0bc85d367c9@group-22AE834CBFF6-LeaderElection25] INFO  server.RaftServerConfigKeys (ConfUtils.java:logGet(46)) - raft.server.staging.catchup.gap = 1000 (default)
2023-10-17 18:44:38,111 [cf2e4456-e6b9-4510-a7c5-b0bc85d367c9@group-22AE834CBFF6-LeaderElection25] INFO  server.RaftServerConfigKeys (ConfUtils.java:logGet(46)) - raft.server.write.element-limit = 1024 (custom)
2023-10-17 18:44:38,111 [cf2e4456-e6b9-4510-a7c5-b0bc85d367c9@group-22AE834CBFF6-LeaderElection25] INFO  server.RaftServerConfigKeys (ConfUtils.java:logGet(46)) - raft.server.write.byte-limit = 1024 M (=1073741824) (custom)
2023-10-17 18:44:38,111 [cf2e4456-e6b9-4510-a7c5-b0bc85d367c9@group-22AE834CBFF6-LeaderElection25] INFO  server.RaftServerConfigKeys (ConfUtils.java:logGet(46)) - raft.server.watch.timeout = 180s (custom)
2023-10-17 18:44:38,111 [cf2e4456-e6b9-4510-a7c5-b0bc85d367c9@group-22AE834CBFF6-LeaderElection25] INFO  server.RaftServerConfigKeys (ConfUtils.java:logGet(46)) - raft.server.watch.timeout.denomination = 1s (default)
2023-10-17 18:44:38,111 [cf2e4456-e6b9-4510-a7c5-b0bc85d367c9@group-22AE834CBFF6-LeaderElection25] INFO  server.RaftServerConfigKeys (ConfUtils.java:logGet(46)) - raft.server.watch.element-limit = 65536 (default)
2023-10-17 18:44:38,111 [cf2e4456-e6b9-4510-a7c5-b0bc85d367c9@group-22AE834CBFF6-LeaderElection25] INFO  server.RaftServerConfigKeys (ConfUtils.java:logGet(46)) - raft.server.write.element-limit = 1024 (custom)
2023-10-17 18:44:38,111 [cf2e4456-e6b9-4510-a7c5-b0bc85d367c9@group-22AE834CBFF6-LeaderElection25] INFO  server.RaftServerConfigKeys (ConfUtils.java:logGet(46)) - raft.server.write.follower.gap.ratio.max = -1.0 (default)
2023-10-17 18:44:38,111 [cf2e4456-e6b9-4510-a7c5-b0bc85d367c9@group-22AE834CBFF6-LeaderElection25] INFO  server.RaftServerConfigKeys (ConfUtils.java:logGet(46)) - raft.server.log.appender.snapshot.chunk.size.max = 16MB (=16777216) (default)
2023-10-17 18:44:38,111 [cf2e4456-e6b9-4510-a7c5-b0bc85d367c9@group-22AE834CBFF6-LeaderElection25] INFO  server.RaftServerConfigKeys (ConfUtils.java:logGet(46)) - raft.server.log.appender.buffer.byte-limit = 33554432 (custom)
2023-10-17 18:44:38,111 [cf2e4456-e6b9-4510-a7c5-b0bc85d367c9@group-22AE834CBFF6-LeaderElection25] INFO  server.RaftServerConfigKeys (ConfUtils.java:logGet(46)) - raft.server.log.appender.buffer.element-limit = 1 (custom)
2023-10-17 18:44:38,112 [cf2e4456-e6b9-4510-a7c5-b0bc85d367c9@group-22AE834CBFF6-LeaderElection25] INFO  server.RaftServerConfigKeys (ConfUtils.java:logGet(46)) - raft.server.log.appender.wait-time.min = 1ms (custom)
2023-10-17 18:44:38,112 [cf2e4456-e6b9-4510-a7c5-b0bc85d367c9@group-22AE834CBFF6-LeaderElection25] INFO  grpc.GrpcConfigKeys (ConfUtils.java:logGet(46)) - raft.grpc.server.leader.outstanding.appends.max = 128 (default)
2023-10-17 18:44:38,112 [cf2e4456-e6b9-4510-a7c5-b0bc85d367c9@group-22AE834CBFF6-LeaderElection25] INFO  server.RaftServerConfigKeys (ConfUtils.java:logGet(46)) - raft.server.rpc.request.timeout = 60s (custom)
2023-10-17 18:44:38,112 [cf2e4456-e6b9-4510-a7c5-b0bc85d367c9@group-22AE834CBFF6-LeaderElection25] INFO  grpc.GrpcConfigKeys (ConfUtils.java:logGet(46)) - raft.grpc.server.install_snapshot.request.element-limit = 8 (default)
2023-10-17 18:44:38,112 [cf2e4456-e6b9-4510-a7c5-b0bc85d367c9@group-22AE834CBFF6-LeaderElection25] INFO  grpc.GrpcConfigKeys (ConfUtils.java:logGet(46)) - raft.grpc.server.install_snapshot.request.timeout = 3000ms (default)
2023-10-17 18:44:38,112 [cf2e4456-e6b9-4510-a7c5-b0bc85d367c9@group-22AE834CBFF6-LeaderElection25] INFO  server.RaftServerConfigKeys (ConfUtils.java:logGet(46)) - raft.server.log.appender.install.snapshot.enabled = false (custom)
2023-10-17 18:44:38,112 [cf2e4456-e6b9-4510-a7c5-b0bc85d367c9@group-22AE834CBFF6-LeaderElection25] INFO  grpc.GrpcConfigKeys (ConfUtils.java:logGet(46)) - raft.grpc.server.heartbeat.channel = true (default)
2023-10-17 18:44:38,112 [cf2e4456-e6b9-4510-a7c5-b0bc85d367c9@group-22AE834CBFF6-LeaderElection25] INFO  server.RaftServerConfigKeys (ConfUtils.java:logGet(46)) - raft.server.log.appender.snapshot.chunk.size.max = 16MB (=16777216) (default)
2023-10-17 18:44:38,112 [cf2e4456-e6b9-4510-a7c5-b0bc85d367c9@group-22AE834CBFF6-LeaderElection25] INFO  server.RaftServerConfigKeys (ConfUtils.java:logGet(46)) - raft.server.log.appender.buffer.byte-limit = 33554432 (custom)
2023-10-17 18:44:38,112 [cf2e4456-e6b9-4510-a7c5-b0bc85d367c9@group-22AE834CBFF6-LeaderElection25] INFO  server.RaftServerConfigKeys (ConfUtils.java:logGet(46)) - raft.server.log.appender.buffer.element-limit = 1 (custom)
2023-10-17 18:44:38,112 [cf2e4456-e6b9-4510-a7c5-b0bc85d367c9@group-22AE834CBFF6-LeaderElection25] INFO  server.RaftServerConfigKeys (ConfUtils.java:logGet(46)) - raft.server.log.appender.wait-time.min = 1ms (custom)
2023-10-17 18:44:38,113 [cf2e4456-e6b9-4510-a7c5-b0bc85d367c9@group-22AE834CBFF6-LeaderElection25] INFO  grpc.GrpcConfigKeys (ConfUtils.java:logGet(46)) - raft.grpc.server.leader.outstanding.appends.max = 128 (default)
2023-10-17 18:44:38,113 [cf2e4456-e6b9-4510-a7c5-b0bc85d367c9@group-22AE834CBFF6-LeaderElection25] INFO  server.RaftServerConfigKeys (ConfUtils.java:logGet(46)) - raft.server.rpc.request.timeout = 60s (custom)
2023-10-17 18:44:38,113 [cf2e4456-e6b9-4510-a7c5-b0bc85d367c9@group-22AE834CBFF6-LeaderElection25] INFO  grpc.GrpcConfigKeys (ConfUtils.java:logGet(46)) - raft.grpc.server.install_snapshot.request.element-limit = 8 (default)
2023-10-17 18:44:38,113 [cf2e4456-e6b9-4510-a7c5-b0bc85d367c9@group-22AE834CBFF6-LeaderElection25] INFO  grpc.GrpcConfigKeys (ConfUtils.java:logGet(46)) - raft.grpc.server.install_snapshot.request.timeout = 3000ms (default)
2023-10-17 18:44:38,113 [cf2e4456-e6b9-4510-a7c5-b0bc85d367c9@group-22AE834CBFF6-LeaderElection25] INFO  server.RaftServerConfigKeys (ConfUtils.java:logGet(46)) - raft.server.log.appender.install.snapshot.enabled = false (custom)
2023-10-17 18:44:38,113 [cf2e4456-e6b9-4510-a7c5-b0bc85d367c9@group-22AE834CBFF6-LeaderElection25] INFO  grpc.GrpcConfigKeys (ConfUtils.java:logGet(46)) - raft.grpc.server.heartbeat.channel = true (default)
2023-10-17 18:44:38,113 [cf2e4456-e6b9-4510-a7c5-b0bc85d367c9@group-22AE834CBFF6-LeaderElection25] INFO  impl.RoleInfo (RoleInfo.java:updateAndGet(139)) - cf2e4456-e6b9-4510-a7c5-b0bc85d367c9: start cf2e4456-e6b9-4510-a7c5-b0bc85d367c9@group-22AE834CBFF6-LeaderStateImpl
2023-10-17 18:44:38,113 [cf2e4456-e6b9-4510-a7c5-b0bc85d367c9@group-22AE834CBFF6-LeaderElection25] INFO  segmented.SegmentedRaftLogWorker (SegmentedRaftLogWorker.java:startLogSegment(447)) - cf2e4456-e6b9-4510-a7c5-b0bc85d367c9@group-22AE834CBFF6-SegmentedRaftLogWorker: Starting segment from index:0
2023-10-17 18:44:38,115 [cf2e4456-e6b9-4510-a7c5-b0bc85d367c9@group-3BD5453FB21E-LeaderElection26] INFO  impl.LeaderElection (LeaderElection.java:askForVotes(321)) - cf2e4456-e6b9-4510-a7c5-b0bc85d367c9@group-3BD5453FB21E-LeaderElection26 ELECTION round 0: submit vote requests at term 1 for -1: peers:[cf2e4456-e6b9-4510-a7c5-b0bc85d367c9|rpc:10.1.0.25:15127|admin:10.1.0.25:15126|client:10.1.0.25:15125|dataStream:10.1.0.25:15128|priority:1|startupRole:FOLLOWER]|listeners:[], old=null
2023-10-17 18:44:38,115 [cf2e4456-e6b9-4510-a7c5-b0bc85d367c9@group-3BD5453FB21E-LeaderElection26] INFO  impl.LeaderElection (LeaderElection.java:askForVotes(323)) - cf2e4456-e6b9-4510-a7c5-b0bc85d367c9@group-3BD5453FB21E-LeaderElection26 ELECTION round 0: result PASSED (term=1)
2023-10-17 18:44:38,115 [cf2e4456-e6b9-4510-a7c5-b0bc85d367c9@group-3BD5453FB21E-LeaderElection26] INFO  impl.RoleInfo (RoleInfo.java:shutdownLeaderElection(130)) - cf2e4456-e6b9-4510-a7c5-b0bc85d367c9: shutdown cf2e4456-e6b9-4510-a7c5-b0bc85d367c9@group-3BD5453FB21E-LeaderElection26
2023-10-17 18:44:38,115 [cf2e4456-e6b9-4510-a7c5-b0bc85d367c9@group-3BD5453FB21E-LeaderElection26] INFO  server.RaftServer$Division (RaftServerImpl.java:setRole(329)) - cf2e4456-e6b9-4510-a7c5-b0bc85d367c9@group-3BD5453FB21E: changes role from CANDIDATE to LEADER at term 1 for changeToLeader
2023-10-17 18:44:38,115 [cf2e4456-e6b9-4510-a7c5-b0bc85d367c9@group-3BD5453FB21E-LeaderElection26] INFO  ratis.XceiverServerRatis (XceiverServerRatis.java:handleLeaderChangedNotification(902)) - Leader change notification received for group: group-3BD5453FB21E with new leaderId: cf2e4456-e6b9-4510-a7c5-b0bc85d367c9
2023-10-17 18:44:38,115 [cf2e4456-e6b9-4510-a7c5-b0bc85d367c9@group-3BD5453FB21E-LeaderElection26] INFO  server.RaftServer$Division (ServerState.java:setLeader(317)) - cf2e4456-e6b9-4510-a7c5-b0bc85d367c9@group-3BD5453FB21E: change Leader from null to cf2e4456-e6b9-4510-a7c5-b0bc85d367c9 at term 1 for becomeLeader, leader elected after 5072ms
2023-10-17 18:44:38,115 [cf2e4456-e6b9-4510-a7c5-b0bc85d367c9@group-3BD5453FB21E-LeaderElection26] INFO  server.RaftServerConfigKeys (ConfUtils.java:logGet(46)) - raft.server.staging.catchup.gap = 1000 (default)
2023-10-17 18:44:38,115 [cf2e4456-e6b9-4510-a7c5-b0bc85d367c9@group-3BD5453FB21E-LeaderElection26] INFO  server.RaftServerConfigKeys (ConfUtils.java:logGet(46)) - raft.server.write.element-limit = 1024 (custom)
2023-10-17 18:44:38,115 [EventQueue-PipelineReportForPipelineReportHandler] INFO  pipeline.PipelineReportHandler (PipelineReportHandler.java:processPipelineReport(136)) - Opened pipeline PipelineID=bf818d7c-515a-47b4-863f-22ae834cbff6
2023-10-17 18:44:38,116 [cf2e4456-e6b9-4510-a7c5-b0bc85d367c9@group-22AE834CBFF6-SegmentedRaftLogWorker] INFO  segmented.SegmentedRaftLogWorker (SegmentedRaftLogWorker.java:execute(651)) - cf2e4456-e6b9-4510-a7c5-b0bc85d367c9@group-22AE834CBFF6-SegmentedRaftLogWorker: created new log segment /home/runner/work/ozone/ozone/hadoop-ozone/integration-test/target/test-dir/MiniOzoneClusterImpl-ee380501-c2be-4155-a337-7349f62bd525/datanode-1/data/ratis/bf818d7c-515a-47b4-863f-22ae834cbff6/current/log_inprogress_0
2023-10-17 18:44:38,115 [cf2e4456-e6b9-4510-a7c5-b0bc85d367c9@group-3BD5453FB21E-LeaderElection26] INFO  server.RaftServerConfigKeys (ConfUtils.java:logGet(46)) - raft.server.write.byte-limit = 1024 M (=1073741824) (custom)
2023-10-17 18:44:38,116 [cf2e4456-e6b9-4510-a7c5-b0bc85d367c9@group-3BD5453FB21E-LeaderElection26] INFO  server.RaftServerConfigKeys (ConfUtils.java:logGet(46)) - raft.server.watch.timeout = 180s (custom)
2023-10-17 18:44:38,116 [cf2e4456-e6b9-4510-a7c5-b0bc85d367c9@group-3BD5453FB21E-LeaderElection26] INFO  server.RaftServerConfigKeys (ConfUtils.java:logGet(46)) - raft.server.watch.timeout.denomination = 1s (default)
2023-10-17 18:44:38,116 [cf2e4456-e6b9-4510-a7c5-b0bc85d367c9@group-3BD5453FB21E-LeaderElection26] INFO  server.RaftServerConfigKeys (ConfUtils.java:logGet(46)) - raft.server.watch.element-limit = 65536 (default)
2023-10-17 18:44:38,117 [cf2e4456-e6b9-4510-a7c5-b0bc85d367c9@group-3BD5453FB21E-LeaderElection26] INFO  server.RaftServerConfigKeys (ConfUtils.java:logGet(46)) - raft.server.write.element-limit = 1024 (custom)
2023-10-17 18:44:38,117 [cf2e4456-e6b9-4510-a7c5-b0bc85d367c9@group-3BD5453FB21E-LeaderElection26] INFO  server.RaftServerConfigKeys (ConfUtils.java:logGet(46)) - raft.server.write.follower.gap.ratio.max = -1.0 (default)
2023-10-17 18:44:38,117 [cf2e4456-e6b9-4510-a7c5-b0bc85d367c9@group-3BD5453FB21E-LeaderElection26] INFO  impl.RoleInfo (RoleInfo.java:updateAndGet(139)) - cf2e4456-e6b9-4510-a7c5-b0bc85d367c9: start cf2e4456-e6b9-4510-a7c5-b0bc85d367c9@group-3BD5453FB21E-LeaderStateImpl
2023-10-17 18:44:38,117 [cf2e4456-e6b9-4510-a7c5-b0bc85d367c9@group-3BD5453FB21E-LeaderElection26] INFO  segmented.SegmentedRaftLogWorker (SegmentedRaftLogWorker.java:startLogSegment(447)) - cf2e4456-e6b9-4510-a7c5-b0bc85d367c9@group-3BD5453FB21E-SegmentedRaftLogWorker: Starting segment from index:0
2023-10-17 18:44:38,118 [cf2e4456-e6b9-4510-a7c5-b0bc85d367c9@group-3BD5453FB21E-SegmentedRaftLogWorker] INFO  segmented.SegmentedRaftLogWorker (SegmentedRaftLogWorker.java:execute(651)) - cf2e4456-e6b9-4510-a7c5-b0bc85d367c9@group-3BD5453FB21E-SegmentedRaftLogWorker: created new log segment /home/runner/work/ozone/ozone/hadoop-ozone/integration-test/target/test-dir/MiniOzoneClusterImpl-ee380501-c2be-4155-a337-7349f62bd525/datanode-1/data/ratis/c7444786-157b-4283-b3a7-3bd5453fb21e/current/log_inprogress_0
2023-10-17 18:44:38,123 [cf2e4456-e6b9-4510-a7c5-b0bc85d367c9@group-3BD5453FB21E-LeaderElection26] INFO  server.RaftServer$Division (ServerState.java:setRaftConf(434)) - cf2e4456-e6b9-4510-a7c5-b0bc85d367c9@group-3BD5453FB21E: set configuration 0: peers:[cf2e4456-e6b9-4510-a7c5-b0bc85d367c9|rpc:10.1.0.25:15127|admin:10.1.0.25:15126|client:10.1.0.25:15125|dataStream:10.1.0.25:15128|priority:1|startupRole:FOLLOWER]|listeners:[], old=null
2023-10-17 18:44:38,123 [cf2e4456-e6b9-4510-a7c5-b0bc85d367c9@group-22AE834CBFF6-LeaderElection25] INFO  server.RaftServer$Division (ServerState.java:setRaftConf(434)) - cf2e4456-e6b9-4510-a7c5-b0bc85d367c9@group-22AE834CBFF6: set configuration 0: peers:[e94707bc-ce25-43e7-a63d-a0dafb7f30ae|rpc:10.1.0.25:15136|admin:10.1.0.25:15135|client:10.1.0.25:15134|dataStream:10.1.0.25:15137|priority:0|startupRole:FOLLOWER, a85aac02-e1fe-4dbf-b118-7fecf770eb80|rpc:10.1.0.25:15118|admin:10.1.0.25:15117|client:10.1.0.25:15116|dataStream:10.1.0.25:15119|priority:0|startupRole:FOLLOWER, cf2e4456-e6b9-4510-a7c5-b0bc85d367c9|rpc:10.1.0.25:15127|admin:10.1.0.25:15126|client:10.1.0.25:15125|dataStream:10.1.0.25:15128|priority:1|startupRole:FOLLOWER]|listeners:[], old=null
2023-10-17 18:44:38,131 [e94707bc-ce25-43e7-a63d-a0dafb7f30ae-server-thread1] INFO  ratis.XceiverServerRatis (XceiverServerRatis.java:handleLeaderChangedNotification(902)) - Leader change notification received for group: group-22AE834CBFF6 with new leaderId: cf2e4456-e6b9-4510-a7c5-b0bc85d367c9
2023-10-17 18:44:38,132 [e94707bc-ce25-43e7-a63d-a0dafb7f30ae-server-thread1] INFO  server.RaftServer$Division (ServerState.java:setLeader(317)) - e94707bc-ce25-43e7-a63d-a0dafb7f30ae@group-22AE834CBFF6: change Leader from null to cf2e4456-e6b9-4510-a7c5-b0bc85d367c9 at term 1 for appendEntries, leader elected after 5361ms
2023-10-17 18:44:38,132 [a85aac02-e1fe-4dbf-b118-7fecf770eb80-server-thread2] INFO  ratis.XceiverServerRatis (XceiverServerRatis.java:handleLeaderChangedNotification(902)) - Leader change notification received for group: group-22AE834CBFF6 with new leaderId: cf2e4456-e6b9-4510-a7c5-b0bc85d367c9
2023-10-17 18:44:38,132 [a85aac02-e1fe-4dbf-b118-7fecf770eb80-server-thread2] INFO  server.RaftServer$Division (ServerState.java:setLeader(317)) - a85aac02-e1fe-4dbf-b118-7fecf770eb80@group-22AE834CBFF6: change Leader from null to cf2e4456-e6b9-4510-a7c5-b0bc85d367c9 at term 1 for appendEntries, leader elected after 5416ms
2023-10-17 18:44:38,133 [e94707bc-ce25-43e7-a63d-a0dafb7f30ae-server-thread1] INFO  server.RaftServer$Division (ServerState.java:setRaftConf(434)) - e94707bc-ce25-43e7-a63d-a0dafb7f30ae@group-22AE834CBFF6: set configuration 0: peers:[e94707bc-ce25-43e7-a63d-a0dafb7f30ae|rpc:10.1.0.25:15136|admin:10.1.0.25:15135|client:10.1.0.25:15134|dataStream:10.1.0.25:15137|priority:0|startupRole:FOLLOWER, a85aac02-e1fe-4dbf-b118-7fecf770eb80|rpc:10.1.0.25:15118|admin:10.1.0.25:15117|client:10.1.0.25:15116|dataStream:10.1.0.25:15119|priority:0|startupRole:FOLLOWER, cf2e4456-e6b9-4510-a7c5-b0bc85d367c9|rpc:10.1.0.25:15127|admin:10.1.0.25:15126|client:10.1.0.25:15125|dataStream:10.1.0.25:15128|priority:1|startupRole:FOLLOWER]|listeners:[], old=null
2023-10-17 18:44:38,134 [e94707bc-ce25-43e7-a63d-a0dafb7f30ae-server-thread1] INFO  segmented.SegmentedRaftLogWorker (SegmentedRaftLogWorker.java:startLogSegment(447)) - e94707bc-ce25-43e7-a63d-a0dafb7f30ae@group-22AE834CBFF6-SegmentedRaftLogWorker: Starting segment from index:0
2023-10-17 18:44:38,136 [e94707bc-ce25-43e7-a63d-a0dafb7f30ae@group-22AE834CBFF6-SegmentedRaftLogWorker] INFO  segmented.SegmentedRaftLogWorker (SegmentedRaftLogWorker.java:execute(651)) - e94707bc-ce25-43e7-a63d-a0dafb7f30ae@group-22AE834CBFF6-SegmentedRaftLogWorker: created new log segment /home/runner/work/ozone/ozone/hadoop-ozone/integration-test/target/test-dir/MiniOzoneClusterImpl-ee380501-c2be-4155-a337-7349f62bd525/datanode-2/data/ratis/bf818d7c-515a-47b4-863f-22ae834cbff6/current/log_inprogress_0
2023-10-17 18:44:38,143 [a85aac02-e1fe-4dbf-b118-7fecf770eb80-server-thread1] INFO  server.RaftServer$Division (ServerState.java:setRaftConf(434)) - a85aac02-e1fe-4dbf-b118-7fecf770eb80@group-22AE834CBFF6: set configuration 0: peers:[e94707bc-ce25-43e7-a63d-a0dafb7f30ae|rpc:10.1.0.25:15136|admin:10.1.0.25:15135|client:10.1.0.25:15134|dataStream:10.1.0.25:15137|priority:0|startupRole:FOLLOWER, a85aac02-e1fe-4dbf-b118-7fecf770eb80|rpc:10.1.0.25:15118|admin:10.1.0.25:15117|client:10.1.0.25:15116|dataStream:10.1.0.25:15119|priority:0|startupRole:FOLLOWER, cf2e4456-e6b9-4510-a7c5-b0bc85d367c9|rpc:10.1.0.25:15127|admin:10.1.0.25:15126|client:10.1.0.25:15125|dataStream:10.1.0.25:15128|priority:1|startupRole:FOLLOWER]|listeners:[], old=null
2023-10-17 18:44:38,143 [a85aac02-e1fe-4dbf-b118-7fecf770eb80-server-thread1] INFO  segmented.SegmentedRaftLogWorker (SegmentedRaftLogWorker.java:startLogSegment(447)) - a85aac02-e1fe-4dbf-b118-7fecf770eb80@group-22AE834CBFF6-SegmentedRaftLogWorker: Starting segment from index:0
2023-10-17 18:44:38,148 [a85aac02-e1fe-4dbf-b118-7fecf770eb80@group-22AE834CBFF6-SegmentedRaftLogWorker] INFO  segmented.SegmentedRaftLogWorker (SegmentedRaftLogWorker.java:execute(651)) - a85aac02-e1fe-4dbf-b118-7fecf770eb80@group-22AE834CBFF6-SegmentedRaftLogWorker: created new log segment /home/runner/work/ozone/ozone/hadoop-ozone/integration-test/target/test-dir/MiniOzoneClusterImpl-ee380501-c2be-4155-a337-7349f62bd525/datanode-0/data/ratis/bf818d7c-515a-47b4-863f-22ae834cbff6/current/log_inprogress_0
2023-10-17 18:44:38,427 [Time-limited test] INFO  ozone.MiniOzoneClusterImpl (MiniOzoneClusterImpl.java:lambda$waitForClusterToBeReady$0(229)) - Nodes are ready. Got 3 of 3 DN Heartbeats.
2023-10-17 18:44:38,427 [Time-limited test] INFO  ozone.MiniOzoneClusterImpl (MiniOzoneClusterImpl.java:lambda$waitForClusterToBeReady$0(232)) - Cluster exits safe mode
2023-10-17 18:44:38,427 [Time-limited test] INFO  ozone.MiniOzoneClusterImpl (MiniOzoneClusterImpl.java:lambda$waitForClusterToBeReady$0(234)) - SCM became leader
2023-10-17 18:44:38,701 [e94707bc-ce25-43e7-a63d-a0dafb7f30ae@group-BB4074E0AF78-FollowerState] INFO  impl.FollowerState (FollowerState.java:run(143)) - e94707bc-ce25-43e7-a63d-a0dafb7f30ae@group-BB4074E0AF78-FollowerState: change to CANDIDATE, lastRpcElapsedTime:5253541661ns, electionTimeout:5197ms
2023-10-17 18:44:38,702 [e94707bc-ce25-43e7-a63d-a0dafb7f30ae@group-BB4074E0AF78-FollowerState] INFO  impl.RoleInfo (RoleInfo.java:shutdownFollowerState(110)) - e94707bc-ce25-43e7-a63d-a0dafb7f30ae: shutdown e94707bc-ce25-43e7-a63d-a0dafb7f30ae@group-BB4074E0AF78-FollowerState
2023-10-17 18:44:38,702 [e94707bc-ce25-43e7-a63d-a0dafb7f30ae@group-BB4074E0AF78-FollowerState] INFO  server.RaftServer$Division (RaftServerImpl.java:setRole(329)) - e94707bc-ce25-43e7-a63d-a0dafb7f30ae@group-BB4074E0AF78: changes role from  FOLLOWER to CANDIDATE at term 0 for changeToCandidate
2023-10-17 18:44:38,702 [e94707bc-ce25-43e7-a63d-a0dafb7f30ae@group-BB4074E0AF78-FollowerState] INFO  server.RaftServerConfigKeys (ConfUtils.java:logGet(46)) - raft.server.leaderelection.pre-vote = true (default)
2023-10-17 18:44:38,703 [e94707bc-ce25-43e7-a63d-a0dafb7f30ae@group-BB4074E0AF78-FollowerState] INFO  impl.RoleInfo (RoleInfo.java:updateAndGet(139)) - e94707bc-ce25-43e7-a63d-a0dafb7f30ae: start e94707bc-ce25-43e7-a63d-a0dafb7f30ae@group-BB4074E0AF78-LeaderElection27
2023-10-17 18:44:38,714 [e94707bc-ce25-43e7-a63d-a0dafb7f30ae@group-BB4074E0AF78-LeaderElection27] INFO  impl.LeaderElection (LeaderElection.java:askForVotes(321)) - e94707bc-ce25-43e7-a63d-a0dafb7f30ae@group-BB4074E0AF78-LeaderElection27 PRE_VOTE round 0: submit vote requests at term 0 for -1: peers:[e94707bc-ce25-43e7-a63d-a0dafb7f30ae|rpc:10.1.0.25:15136|admin:10.1.0.25:15135|client:10.1.0.25:15134|dataStream:10.1.0.25:15137|priority:1|startupRole:FOLLOWER]|listeners:[], old=null
2023-10-17 18:44:38,715 [e94707bc-ce25-43e7-a63d-a0dafb7f30ae@group-BB4074E0AF78-LeaderElection27] INFO  impl.LeaderElection (LeaderElection.java:askForVotes(323)) - e94707bc-ce25-43e7-a63d-a0dafb7f30ae@group-BB4074E0AF78-LeaderElection27 PRE_VOTE round 0: result PASSED (term=0)
2023-10-17 18:44:38,716 [e94707bc-ce25-43e7-a63d-a0dafb7f30ae@group-BB4074E0AF78-LeaderElection27] INFO  impl.LeaderElection (LeaderElection.java:askForVotes(321)) - e94707bc-ce25-43e7-a63d-a0dafb7f30ae@group-BB4074E0AF78-LeaderElection27 ELECTION round 0: submit vote requests at term 1 for -1: peers:[e94707bc-ce25-43e7-a63d-a0dafb7f30ae|rpc:10.1.0.25:15136|admin:10.1.0.25:15135|client:10.1.0.25:15134|dataStream:10.1.0.25:15137|priority:1|startupRole:FOLLOWER]|listeners:[], old=null
2023-10-17 18:44:38,716 [e94707bc-ce25-43e7-a63d-a0dafb7f30ae@group-BB4074E0AF78-LeaderElection27] INFO  impl.LeaderElection (LeaderElection.java:askForVotes(323)) - e94707bc-ce25-43e7-a63d-a0dafb7f30ae@group-BB4074E0AF78-LeaderElection27 ELECTION round 0: result PASSED (term=1)
2023-10-17 18:44:38,716 [e94707bc-ce25-43e7-a63d-a0dafb7f30ae@group-BB4074E0AF78-LeaderElection27] INFO  impl.RoleInfo (RoleInfo.java:shutdownLeaderElection(130)) - e94707bc-ce25-43e7-a63d-a0dafb7f30ae: shutdown e94707bc-ce25-43e7-a63d-a0dafb7f30ae@group-BB4074E0AF78-LeaderElection27
2023-10-17 18:44:38,716 [e94707bc-ce25-43e7-a63d-a0dafb7f30ae@group-BB4074E0AF78-LeaderElection27] INFO  server.RaftServer$Division (RaftServerImpl.java:setRole(329)) - e94707bc-ce25-43e7-a63d-a0dafb7f30ae@group-BB4074E0AF78: changes role from CANDIDATE to LEADER at term 1 for changeToLeader
2023-10-17 18:44:38,716 [e94707bc-ce25-43e7-a63d-a0dafb7f30ae@group-BB4074E0AF78-LeaderElection27] INFO  ratis.XceiverServerRatis (XceiverServerRatis.java:handleLeaderChangedNotification(902)) - Leader change notification received for group: group-BB4074E0AF78 with new leaderId: e94707bc-ce25-43e7-a63d-a0dafb7f30ae
2023-10-17 18:44:38,717 [e94707bc-ce25-43e7-a63d-a0dafb7f30ae@group-BB4074E0AF78-LeaderElection27] INFO  server.RaftServer$Division (ServerState.java:setLeader(317)) - e94707bc-ce25-43e7-a63d-a0dafb7f30ae@group-BB4074E0AF78: change Leader from null to e94707bc-ce25-43e7-a63d-a0dafb7f30ae at term 1 for becomeLeader, leader elected after 5282ms
2023-10-17 18:44:38,717 [e94707bc-ce25-43e7-a63d-a0dafb7f30ae@group-BB4074E0AF78-LeaderElection27] INFO  server.RaftServerConfigKeys (ConfUtils.java:logGet(46)) - raft.server.staging.catchup.gap = 1000 (default)
2023-10-17 18:44:38,717 [e94707bc-ce25-43e7-a63d-a0dafb7f30ae@group-BB4074E0AF78-LeaderElection27] INFO  server.RaftServerConfigKeys (ConfUtils.java:logGet(46)) - raft.server.write.element-limit = 1024 (custom)
2023-10-17 18:44:38,718 [e94707bc-ce25-43e7-a63d-a0dafb7f30ae@group-BB4074E0AF78-LeaderElection27] INFO  server.RaftServerConfigKeys (ConfUtils.java:logGet(46)) - raft.server.write.byte-limit = 1024 M (=1073741824) (custom)
2023-10-17 18:44:38,718 [e94707bc-ce25-43e7-a63d-a0dafb7f30ae@group-BB4074E0AF78-LeaderElection27] INFO  server.RaftServerConfigKeys (ConfUtils.java:logGet(46)) - raft.server.watch.timeout = 180s (custom)
2023-10-17 18:44:38,718 [e94707bc-ce25-43e7-a63d-a0dafb7f30ae@group-BB4074E0AF78-LeaderElection27] INFO  server.RaftServerConfigKeys (ConfUtils.java:logGet(46)) - raft.server.watch.timeout.denomination = 1s (default)
2023-10-17 18:44:38,718 [e94707bc-ce25-43e7-a63d-a0dafb7f30ae@group-BB4074E0AF78-LeaderElection27] INFO  server.RaftServerConfigKeys (ConfUtils.java:logGet(46)) - raft.server.watch.element-limit = 65536 (default)
2023-10-17 18:44:38,718 [e94707bc-ce25-43e7-a63d-a0dafb7f30ae@group-BB4074E0AF78-LeaderElection27] INFO  server.RaftServerConfigKeys (ConfUtils.java:logGet(46)) - raft.server.write.element-limit = 1024 (custom)
2023-10-17 18:44:38,718 [e94707bc-ce25-43e7-a63d-a0dafb7f30ae@group-BB4074E0AF78-LeaderElection27] INFO  server.RaftServerConfigKeys (ConfUtils.java:logGet(46)) - raft.server.write.follower.gap.ratio.max = -1.0 (default)
2023-10-17 18:44:38,719 [e94707bc-ce25-43e7-a63d-a0dafb7f30ae@group-BB4074E0AF78-LeaderElection27] INFO  impl.RoleInfo (RoleInfo.java:updateAndGet(139)) - e94707bc-ce25-43e7-a63d-a0dafb7f30ae: start e94707bc-ce25-43e7-a63d-a0dafb7f30ae@group-BB4074E0AF78-LeaderStateImpl
2023-10-17 18:44:38,731 [e94707bc-ce25-43e7-a63d-a0dafb7f30ae@group-BB4074E0AF78-LeaderElection27] INFO  segmented.SegmentedRaftLogWorker (SegmentedRaftLogWorker.java:startLogSegment(447)) - e94707bc-ce25-43e7-a63d-a0dafb7f30ae@group-BB4074E0AF78-SegmentedRaftLogWorker: Starting segment from index:0
2023-10-17 18:44:38,736 [e94707bc-ce25-43e7-a63d-a0dafb7f30ae@group-BB4074E0AF78-SegmentedRaftLogWorker] INFO  segmented.SegmentedRaftLogWorker (SegmentedRaftLogWorker.java:execute(651)) - e94707bc-ce25-43e7-a63d-a0dafb7f30ae@group-BB4074E0AF78-SegmentedRaftLogWorker: created new log segment /home/runner/work/ozone/ozone/hadoop-ozone/integration-test/target/test-dir/MiniOzoneClusterImpl-ee380501-c2be-4155-a337-7349f62bd525/datanode-2/data/ratis/b0317580-7117-4bd1-8480-bb4074e0af78/current/log_inprogress_0
2023-10-17 18:44:38,753 [e94707bc-ce25-43e7-a63d-a0dafb7f30ae@group-BB4074E0AF78-LeaderElection27] INFO  server.RaftServer$Division (ServerState.java:setRaftConf(434)) - e94707bc-ce25-43e7-a63d-a0dafb7f30ae@group-BB4074E0AF78: set configuration 0: peers:[e94707bc-ce25-43e7-a63d-a0dafb7f30ae|rpc:10.1.0.25:15136|admin:10.1.0.25:15135|client:10.1.0.25:15134|dataStream:10.1.0.25:15137|priority:1|startupRole:FOLLOWER]|listeners:[], old=null
18:44:38.965 [Time-limited test] ERROR SCMAudit - user=unknownUser | ip=null | op=DELETE_CONTAINER {remoteUser=unknownUser, containerID=111251834727694371} | ret=FAILURE
org.apache.hadoop.security.AccessControlException: Access denied for user unknownUser. SCM superuser privilege is required.
	at org.apache.hadoop.hdds.scm.server.StorageContainerManager.checkAdminAccess(StorageContainerManager.java:1904) ~[hdds-server-scm-1.4.0-SNAPSHOT.jar:?]
	at org.apache.hadoop.hdds.scm.server.SCMClientProtocolServer.deleteContainer(SCMClientProtocolServer.java:577) [hdds-server-scm-1.4.0-SNAPSHOT.jar:?]
	at sun.reflect.NativeMethodAccessorImpl.invoke0(Native Method) ~[?:1.8.0_382]
	at sun.reflect.NativeMethodAccessorImpl.invoke(NativeMethodAccessorImpl.java:62) ~[?:1.8.0_382]
	at sun.reflect.DelegatingMethodAccessorImpl.invoke(DelegatingMethodAccessorImpl.java:43) ~[?:1.8.0_382]
	at java.lang.reflect.Method.invoke(Method.java:498) ~[?:1.8.0_382]
	at org.mockito.internal.util.reflection.ReflectionMemberAccessor.invoke(ReflectionMemberAccessor.java:45) [mockito-core-3.5.9.jar:?]
	at org.mockito.internal.creation.bytebuddy.MockMethodAdvice.tryInvoke(MockMethodAdvice.java:329) [mockito-core-3.5.9.jar:?]
	at org.mockito.internal.creation.bytebuddy.MockMethodAdvice.access$500(MockMethodAdvice.java:56) [mockito-core-3.5.9.jar:?]
	at org.mockito.internal.creation.bytebuddy.MockMethodAdvice$RealMethodCall.invoke(MockMethodAdvice.java:249) [mockito-core-3.5.9.jar:?]
	at org.mockito.internal.invocation.InterceptedInvocation.callRealMethod(InterceptedInvocation.java:141) [mockito-core-3.5.9.jar:?]
	at org.mockito.internal.stubbing.answers.CallsRealMethods.answer(CallsRealMethods.java:44) [mockito-core-3.5.9.jar:?]
	at org.mockito.Answers.answer(Answers.java:98) [mockito-core-3.5.9.jar:?]
	at org.mockito.internal.handler.MockHandlerImpl.handle(MockHandlerImpl.java:106) [mockito-core-3.5.9.jar:?]
	at org.mockito.internal.handler.NullResultGuardian.handle(NullResultGuardian.java:29) [mockito-core-3.5.9.jar:?]
	at org.mockito.internal.handler.InvocationNotifierHandler.handle(InvocationNotifierHandler.java:33) [mockito-core-3.5.9.jar:?]
	at org.mockito.internal.creation.bytebuddy.MockMethodInterceptor.doIntercept(MockMethodInterceptor.java:57) [mockito-core-3.5.9.jar:?]
	at org.mockito.internal.creation.bytebuddy.MockMethodAdvice.handle(MockMethodAdvice.java:147) [mockito-core-3.5.9.jar:?]
	at org.apache.hadoop.hdds.scm.server.SCMClientProtocolServer.deleteContainer(SCMClientProtocolServer.java:572) [hdds-server-scm-1.4.0-SNAPSHOT.jar:?]
	at org.apache.hadoop.ozone.scm.TestStorageContainerManager.testRpcPermissionWithConf(TestStorageContainerManager.java:218) [test-classes/:?]
	at org.apache.hadoop.ozone.scm.TestStorageContainerManager.testRpcPermission(TestStorageContainerManager.java:193) [test-classes/:?]
	at sun.reflect.NativeMethodAccessorImpl.invoke0(Native Method) ~[?:1.8.0_382]
	at sun.reflect.NativeMethodAccessorImpl.invoke(NativeMethodAccessorImpl.java:62) ~[?:1.8.0_382]
	at sun.reflect.DelegatingMethodAccessorImpl.invoke(DelegatingMethodAccessorImpl.java:43) ~[?:1.8.0_382]
	at java.lang.reflect.Method.invoke(Method.java:498) ~[?:1.8.0_382]
	at org.junit.runners.model.FrameworkMethod$1.runReflectiveCall(FrameworkMethod.java:59) [junit-4.13.1.jar:4.13.1]
	at org.junit.internal.runners.model.ReflectiveCallable.run(ReflectiveCallable.java:12) [junit-4.13.1.jar:4.13.1]
	at org.junit.runners.model.FrameworkMethod.invokeExplosively(FrameworkMethod.java:56) [junit-4.13.1.jar:4.13.1]
	at org.junit.internal.runners.statements.InvokeMethod.evaluate(InvokeMethod.java:17) [junit-4.13.1.jar:4.13.1]
	at org.junit.internal.runners.statements.RunAfters.evaluate(RunAfters.java:27) [junit-4.13.1.jar:4.13.1]
	at org.junit.rules.ExpectedException$ExpectedExceptionStatement.evaluate(ExpectedException.java:258) [junit-4.13.1.jar:4.13.1]
	at org.junit.internal.runners.statements.FailOnTimeout$CallableStatement.call(FailOnTimeout.java:288) [junit-4.13.1.jar:4.13.1]
	at org.junit.internal.runners.statements.FailOnTimeout$CallableStatement.call(FailOnTimeout.java:282) [junit-4.13.1.jar:4.13.1]
	at java.util.concurrent.FutureTask.run(FutureTask.java:266) [?:1.8.0_382]
	at java.lang.Thread.run(Thread.java:750) [?:1.8.0_382]
2023-10-17 18:44:38,992 [Time-limited test] INFO  ozone.MiniOzoneClusterImpl (MiniOzoneClusterImpl.java:shutdown(448)) - Shutting down the Mini Ozone Cluster
2023-10-17 18:44:38,995 [Time-limited test] INFO  ozone.MiniOzoneClusterImpl (MiniOzoneClusterImpl.java:stop(465)) - Stopping the Mini Ozone Cluster
2023-10-17 18:44:38,995 [Time-limited test] INFO  ozone.MiniOzoneClusterImpl (MiniOzoneClusterImpl.java:stopOM(556)) - Stopping the OzoneManager
2023-10-17 18:44:38,996 [Time-limited test] INFO  om.OzoneManager (OzoneManager.java:stop(2206)) - om1[localhost:15108]: Stopping Ozone Manager
2023-10-17 18:44:38,996 [Time-limited test] INFO  ipc.Server (Server.java:stop(3523)) - Stopping server on 15108
2023-10-17 18:44:38,998 [IPC Server listener on 15108] INFO  ipc.Server (Server.java:run(1434)) - Stopping IPC Server listener on 15108
2023-10-17 18:44:38,998 [IPC Server Responder] INFO  ipc.Server (Server.java:run(1567)) - Stopping IPC Server Responder
2023-10-17 18:44:39,000 [Time-limited test] INFO  server.RaftServer (RaftServerProxy.java:lambda$close$6(416)) - om1: close
2023-10-17 18:44:39,000 [Time-limited test] INFO  server.GrpcService (GrpcService.java:closeImpl(311)) - om1: shutdown server GrpcServerProtocolService now
2023-10-17 18:44:39,000 [om1-impl-thread1] INFO  server.RaftServer$Division (RaftServerImpl.java:lambda$close$4(466)) - om1@group-C5BA1605619E: shutdown
2023-10-17 18:44:39,000 [om1-impl-thread1] INFO  util.JmxRegister (JmxRegister.java:unregister(73)) - Successfully un-registered JMX Bean with object name Ratis:service=RaftServer,group=group-C5BA1605619E,id=om1
2023-10-17 18:44:39,000 [om1-impl-thread1] INFO  impl.RoleInfo (RoleInfo.java:shutdownLeaderState(93)) - om1: shutdown om1@group-C5BA1605619E-LeaderStateImpl
2023-10-17 18:44:39,001 [om1-impl-thread1] INFO  impl.PendingRequests (PendingRequests.java:sendNotLeaderResponses(289)) - om1@group-C5BA1605619E-PendingRequests: sendNotLeaderResponses
2023-10-17 18:44:39,001 [om1-impl-thread1] INFO  impl.StateMachineUpdater (StateMachineUpdater.java:stopAndJoin(155)) - om1@group-C5BA1605619E-StateMachineUpdater: set stopIndex = 0
2023-10-17 18:44:39,002 [om1@group-C5BA1605619E-StateMachineUpdater] INFO  ratis.OzoneManagerStateMachine (OzoneManagerStateMachine.java:takeSnapshot(483)) - Current Snapshot Index (t:1, i:0)
2023-10-17 18:44:39,004 [Time-limited test] INFO  server.GrpcService (GrpcService.java:closeImpl(320)) - om1: shutdown server GrpcServerProtocolService successfully
2023-10-17 18:44:39,016 [om1@group-C5BA1605619E-StateMachineUpdater] INFO  impl.StateMachineUpdater (StateMachineUpdater.java:takeSnapshot(291)) - om1@group-C5BA1605619E-StateMachineUpdater: Took a snapshot at index 0
2023-10-17 18:44:39,016 [om1@group-C5BA1605619E-StateMachineUpdater] INFO  impl.StateMachineUpdater (StateMachineUpdater.java:lambda$new$0(97)) - om1@group-C5BA1605619E-StateMachineUpdater: snapshotIndex: updateIncreasingly -1 -> 0
2023-10-17 18:44:39,016 [om1@group-C5BA1605619E-StateMachineUpdater] INFO  ratis.OzoneManagerStateMachine (OzoneManagerStateMachine.java:close(537)) - StateMachine has shutdown. Shutdown OzoneManager if not already shutdown.
2023-10-17 18:44:39,016 [om1@group-C5BA1605619E-StateMachineUpdater] INFO  ratis.OzoneManagerDoubleBuffer (OzoneManagerDoubleBuffer.java:stopDaemon(551)) - Stopping OMDoubleBuffer flush thread
2023-10-17 18:44:39,018 [OMDoubleBufferFlushThread] INFO  ratis.OzoneManagerDoubleBuffer (OzoneManagerDoubleBuffer.java:canFlush(638)) - OMDoubleBuffer flush thread OMDoubleBufferFlushThread is interrupted and will exit.
2023-10-17 18:44:39,019 [om1-impl-thread1] INFO  server.RaftServer$Division (ServerState.java:close(472)) - om1@group-C5BA1605619E: closes. applyIndex: 0
2023-10-17 18:44:39,155 [om1-impl-thread1] INFO  segmented.SegmentedRaftLogWorker (SegmentedRaftLogWorker.java:close(252)) - om1@group-C5BA1605619E-SegmentedRaftLogWorker close()
2023-10-17 18:44:39,156 [JvmPauseMonitor18] INFO  util.JvmPauseMonitor (JvmPauseMonitor.java:run(109)) - JvmPauseMonitor-om1: Stopped
2023-10-17 18:44:39,156 [Time-limited test] INFO  ratis.OzoneManagerStateMachine (OzoneManagerStateMachine.java:close(537)) - StateMachine has shutdown. Shutdown OzoneManager if not already shutdown.
2023-10-17 18:44:39,156 [Time-limited test] INFO  ratis.OzoneManagerDoubleBuffer (OzoneManagerDoubleBuffer.java:stopDaemon(560)) - OMDoubleBuffer flush thread is not running.
2023-10-17 18:44:39,158 [Time-limited test] INFO  utils.BackgroundService (BackgroundService.java:shutdown(160)) - Shutting down service KeyDeletingService
2023-10-17 18:44:39,158 [Time-limited test] INFO  utils.BackgroundService (BackgroundService.java:shutdown(160)) - Shutting down service KeyDeletingService
2023-10-17 18:44:39,159 [Time-limited test] INFO  utils.BackgroundService (BackgroundService.java:shutdown(160)) - Shutting down service OpenKeyCleanupService
2023-10-17 18:44:39,159 [Time-limited test] INFO  utils.BackgroundService (BackgroundService.java:shutdown(160)) - Shutting down service SstFilteringService
2023-10-17 18:44:39,159 [Time-limited test] INFO  utils.BackgroundService (BackgroundService.java:shutdown(160)) - Shutting down service SnapshotDeletingService
2023-10-17 18:44:39,159 [Time-limited test] INFO  utils.BackgroundService (BackgroundService.java:shutdown(160)) - Shutting down service MultipartUploadCleanupService
2023-10-17 18:44:39,160 [Time-limited test] INFO  handler.ContextHandler (ContextHandler.java:doStop(1159)) - Stopped o.e.j.w.WebAppContext@684c6540{ozoneManager,/,null,STOPPED}{file:/home/runner/work/ozone/ozone/hadoop-ozone/integration-test/target/test-classes/webapps/ozoneManager}
2023-10-17 18:44:39,161 [Time-limited test] INFO  server.AbstractConnector (AbstractConnector.java:doStop(383)) - Stopped ServerConnector@3c9841f8{HTTP/1.1, (http/1.1)}{0.0.0.0:15109}
2023-10-17 18:44:39,161 [Time-limited test] INFO  server.session (HouseKeeper.java:stopScavenging(149)) - node0 Stopped scavenging
2023-10-17 18:44:39,161 [Time-limited test] INFO  handler.ContextHandler (ContextHandler.java:doStop(1159)) - Stopped o.e.j.s.ServletContextHandler@1de461dc{static,/static,file:///home/runner/work/ozone/ozone/hadoop-ozone/integration-test/target/test-classes/webapps/static,STOPPED}
2023-10-17 18:44:39,161 [Time-limited test] INFO  handler.ContextHandler (ContextHandler.java:doStop(1159)) - Stopped o.e.j.s.ServletContextHandler@5f0a28ff{logs,/logs,file:///home/runner/work/ozone/ozone/hadoop-ozone/integration-test/target/log,STOPPED}
2023-10-17 18:44:39,165 [Time-limited test] INFO  rocksdiff.RocksDBCheckpointDiffer (RocksDBCheckpointDiffer.java:close(312)) - Shutting down CompactionDagPruningService.
2023-10-17 18:44:39,167 [Time-limited test] INFO  snapshot.SnapshotDiffManager (SnapshotDiffManager.java:closeExecutorService(1720)) - Shutting down executorService: 'SnapDiffExecutor'
2023-10-17 18:44:39,167 [Time-limited test] INFO  snapshot.SnapshotDiffManager (SnapshotDiffManager.java:closeExecutorService(1720)) - Shutting down executorService: 'SstDumpToolExecutor'
2023-10-17 18:44:39,167 [Time-limited test] INFO  utils.BackgroundService (BackgroundService.java:shutdown(160)) - Shutting down service SnapshotDiffCleanupService
2023-10-17 18:44:39,168 [Time-limited test] INFO  ozone.MiniOzoneClusterImpl (MiniOzoneClusterImpl.java:stopDatanodes(533)) - Stopping the HddsDatanodes
2023-10-17 18:44:39,171 [Time-limited test] INFO  ozoneimpl.OzoneContainer (OzoneContainer.java:stop(453)) - Attempting to stop container services.
2023-10-17 18:44:39,175 [ForkJoinPool.commonPool-worker-2] INFO  ozoneimpl.OzoneContainer (OzoneContainer.java:stop(453)) - Attempting to stop container services.
2023-10-17 18:44:39,176 [Time-limited test] INFO  server.RaftServer (RaftServerProxy.java:lambda$close$6(416)) - cf2e4456-e6b9-4510-a7c5-b0bc85d367c9: close
2023-10-17 18:44:39,176 [cf2e4456-e6b9-4510-a7c5-b0bc85d367c9-impl-thread1] INFO  server.RaftServer$Division (RaftServerImpl.java:lambda$close$4(466)) - cf2e4456-e6b9-4510-a7c5-b0bc85d367c9@group-22AE834CBFF6: shutdown
2023-10-17 18:44:39,176 [cf2e4456-e6b9-4510-a7c5-b0bc85d367c9-impl-thread1] INFO  util.JmxRegister (JmxRegister.java:unregister(73)) - Successfully un-registered JMX Bean with object name Ratis:service=RaftServer,group=group-22AE834CBFF6,id=cf2e4456-e6b9-4510-a7c5-b0bc85d367c9
2023-10-17 18:44:39,176 [cf2e4456-e6b9-4510-a7c5-b0bc85d367c9-impl-thread1] INFO  impl.RoleInfo (RoleInfo.java:shutdownLeaderState(93)) - cf2e4456-e6b9-4510-a7c5-b0bc85d367c9: shutdown cf2e4456-e6b9-4510-a7c5-b0bc85d367c9@group-22AE834CBFF6-LeaderStateImpl
2023-10-17 18:44:39,177 [ForkJoinPool.commonPool-worker-2] INFO  server.RaftServer (RaftServerProxy.java:lambda$close$6(416)) - a85aac02-e1fe-4dbf-b118-7fecf770eb80: close
2023-10-17 18:44:39,177 [a85aac02-e1fe-4dbf-b118-7fecf770eb80-impl-thread1] INFO  server.RaftServer$Division (RaftServerImpl.java:lambda$close$4(466)) - a85aac02-e1fe-4dbf-b118-7fecf770eb80@group-22AE834CBFF6: shutdown
2023-10-17 18:44:39,177 [Time-limited test] INFO  server.GrpcService (GrpcService.java:closeImpl(311)) - cf2e4456-e6b9-4510-a7c5-b0bc85d367c9: shutdown server org.apache.ratis.grpc.server.GrpcClientProtocolService now
2023-10-17 18:44:39,177 [cf2e4456-e6b9-4510-a7c5-b0bc85d367c9-impl-thread1] INFO  impl.PendingRequests (PendingRequests.java:sendNotLeaderResponses(289)) - cf2e4456-e6b9-4510-a7c5-b0bc85d367c9@group-22AE834CBFF6-PendingRequests: sendNotLeaderResponses
2023-10-17 18:44:39,178 [cf2e4456-e6b9-4510-a7c5-b0bc85d367c9-impl-thread3] INFO  server.RaftServer$Division (RaftServerImpl.java:lambda$close$4(466)) - cf2e4456-e6b9-4510-a7c5-b0bc85d367c9@group-9D24F66B565F: shutdown
2023-10-17 18:44:39,178 [cf2e4456-e6b9-4510-a7c5-b0bc85d367c9-impl-thread1] INFO  impl.StateMachineUpdater (StateMachineUpdater.java:stopAndJoin(155)) - cf2e4456-e6b9-4510-a7c5-b0bc85d367c9@group-22AE834CBFF6-StateMachineUpdater: set stopIndex = 0
2023-10-17 18:44:39,178 [cf2e4456-e6b9-4510-a7c5-b0bc85d367c9@group-22AE834CBFF6->e94707bc-ce25-43e7-a63d-a0dafb7f30ae-GrpcLogAppender-LogAppenderDaemon] WARN  server.GrpcLogAppender (GrpcLogAppender.java:mayWait(199)) - cf2e4456-e6b9-4510-a7c5-b0bc85d367c9@group-22AE834CBFF6->e94707bc-ce25-43e7-a63d-a0dafb7f30ae-GrpcLogAppender: Wait interrupted by java.lang.InterruptedException
2023-10-17 18:44:39,178 [cf2e4456-e6b9-4510-a7c5-b0bc85d367c9@group-22AE834CBFF6-StateMachineUpdater] INFO  ratis.ContainerStateMachine (ContainerStateMachine.java:takeSnapshot(330)) - group-22AE834CBFF6: Taking a snapshot at:(t:1, i:0) file /home/runner/work/ozone/ozone/hadoop-ozone/integration-test/target/test-dir/MiniOzoneClusterImpl-ee380501-c2be-4155-a337-7349f62bd525/datanode-1/data/ratis/bf818d7c-515a-47b4-863f-22ae834cbff6/sm/snapshot.1_0
2023-10-17 18:44:39,179 [cf2e4456-e6b9-4510-a7c5-b0bc85d367c9@group-22AE834CBFF6->a85aac02-e1fe-4dbf-b118-7fecf770eb80-GrpcLogAppender-LogAppenderDaemon] WARN  server.GrpcLogAppender (GrpcLogAppender.java:mayWait(199)) - cf2e4456-e6b9-4510-a7c5-b0bc85d367c9@group-22AE834CBFF6->a85aac02-e1fe-4dbf-b118-7fecf770eb80-GrpcLogAppender: Wait interrupted by java.lang.InterruptedException
2023-10-17 18:44:39,177 [a85aac02-e1fe-4dbf-b118-7fecf770eb80-impl-thread1] INFO  util.JmxRegister (JmxRegister.java:unregister(73)) - Successfully un-registered JMX Bean with object name Ratis:service=RaftServer,group=group-22AE834CBFF6,id=a85aac02-e1fe-4dbf-b118-7fecf770eb80
2023-10-17 18:44:39,179 [a85aac02-e1fe-4dbf-b118-7fecf770eb80-impl-thread1] INFO  impl.RoleInfo (RoleInfo.java:shutdownFollowerState(110)) - a85aac02-e1fe-4dbf-b118-7fecf770eb80: shutdown a85aac02-e1fe-4dbf-b118-7fecf770eb80@group-22AE834CBFF6-FollowerState
2023-10-17 18:44:39,179 [cf2e4456-e6b9-4510-a7c5-b0bc85d367c9-impl-thread2] INFO  server.RaftServer$Division (RaftServerImpl.java:lambda$close$4(466)) - cf2e4456-e6b9-4510-a7c5-b0bc85d367c9@group-3BD5453FB21E: shutdown
2023-10-17 18:44:39,180 [a85aac02-e1fe-4dbf-b118-7fecf770eb80-impl-thread2] INFO  server.RaftServer$Division (RaftServerImpl.java:lambda$close$4(466)) - a85aac02-e1fe-4dbf-b118-7fecf770eb80@group-7E202A28C19F: shutdown
2023-10-17 18:44:39,183 [cf2e4456-e6b9-4510-a7c5-b0bc85d367c9@group-22AE834CBFF6-StateMachineUpdater] INFO  ratis.ContainerStateMachine (ContainerStateMachine.java:takeSnapshot(341)) - group-22AE834CBFF6: Finished taking a snapshot at:(t:1, i:0) file:/home/runner/work/ozone/ozone/hadoop-ozone/integration-test/target/test-dir/MiniOzoneClusterImpl-ee380501-c2be-4155-a337-7349f62bd525/datanode-1/data/ratis/bf818d7c-515a-47b4-863f-22ae834cbff6/sm/snapshot.1_0 took: 5 ms
2023-10-17 18:44:39,183 [cf2e4456-e6b9-4510-a7c5-b0bc85d367c9@group-22AE834CBFF6-StateMachineUpdater] INFO  impl.StateMachineUpdater (StateMachineUpdater.java:takeSnapshot(291)) - cf2e4456-e6b9-4510-a7c5-b0bc85d367c9@group-22AE834CBFF6-StateMachineUpdater: Took a snapshot at index 0
2023-10-17 18:44:39,183 [cf2e4456-e6b9-4510-a7c5-b0bc85d367c9@group-22AE834CBFF6-StateMachineUpdater] INFO  impl.StateMachineUpdater (StateMachineUpdater.java:lambda$new$0(97)) - cf2e4456-e6b9-4510-a7c5-b0bc85d367c9@group-22AE834CBFF6-StateMachineUpdater: snapshotIndex: updateIncreasingly -1 -> 0
2023-10-17 18:44:39,183 [cf2e4456-e6b9-4510-a7c5-b0bc85d367c9-impl-thread1] INFO  server.RaftServer$Division (ServerState.java:close(472)) - cf2e4456-e6b9-4510-a7c5-b0bc85d367c9@group-22AE834CBFF6: closes. applyIndex: 0
2023-10-17 18:44:39,186 [cf2e4456-e6b9-4510-a7c5-b0bc85d367c9-impl-thread3] INFO  util.JmxRegister (JmxRegister.java:unregister(73)) - Successfully un-registered JMX Bean with object name Ratis:service=RaftServer,group=group-9D24F66B565F,id=cf2e4456-e6b9-4510-a7c5-b0bc85d367c9
2023-10-17 18:44:39,194 [grpc-default-executor-6] INFO  server.GrpcServerProtocolService (GrpcServerProtocolService.java:onCompleted(155)) - a85aac02-e1fe-4dbf-b118-7fecf770eb80: Completed APPEND_ENTRIES, lastRequest: cf2e4456-e6b9-4510-a7c5-b0bc85d367c9->a85aac02-e1fe-4dbf-b118-7fecf770eb80#1-t1,previous=(t:0, i:0),leaderCommit=-1,initializing? true,entries: size=1, first=(t:1, i:0), CONFIGURATIONENTRY(current:id: "e94707bc-ce25-43e7-a63d-a0dafb7f30ae"
address: "10.1.0.25:15136"
dataStreamAddress: "10.1.0.25:15137"
clientAddress: "10.1.0.25:15134"
adminAddress: "10.1.0.25:15135"
startupRole: FOLLOWER
,id: "a85aac02-e1fe-4dbf-b118-7fecf770eb80"
address: "10.1.0.25:15118"
dataStreamAddress: "10.1.0.25:15119"
clientAddress: "10.1.0.25:15116"
adminAddress: "10.1.0.25:15117"
startupRole: FOLLOWER
,id: "cf2e4456-e6b9-4510-a7c5-b0bc85d367c9"
address: "10.1.0.25:15127"
priority: 1
dataStreamAddress: "10.1.0.25:15128"
clientAddress: "10.1.0.25:15125"
adminAddress: "10.1.0.25:15126"
startupRole: FOLLOWER
, old:)
2023-10-17 18:44:39,194 [grpc-default-executor-6] INFO  server.GrpcServerProtocolService (GrpcServerProtocolService.java:lambda$onCompleted$5(157)) - a85aac02-e1fe-4dbf-b118-7fecf770eb80: Completed APPEND_ENTRIES, lastReply: null
2023-10-17 18:44:39,194 [grpc-default-executor-0] INFO  server.GrpcServerProtocolService (GrpcServerProtocolService.java:onCompleted(155)) - e94707bc-ce25-43e7-a63d-a0dafb7f30ae: Completed APPEND_ENTRIES, lastRequest: cf2e4456-e6b9-4510-a7c5-b0bc85d367c9->e94707bc-ce25-43e7-a63d-a0dafb7f30ae#1-t1,previous=(t:0, i:0),leaderCommit=-1,initializing? true,entries: size=1, first=(t:1, i:0), CONFIGURATIONENTRY(current:id: "e94707bc-ce25-43e7-a63d-a0dafb7f30ae"
address: "10.1.0.25:15136"
dataStreamAddress: "10.1.0.25:15137"
clientAddress: "10.1.0.25:15134"
adminAddress: "10.1.0.25:15135"
startupRole: FOLLOWER
,id: "a85aac02-e1fe-4dbf-b118-7fecf770eb80"
address: "10.1.0.25:15118"
dataStreamAddress: "10.1.0.25:15119"
clientAddress: "10.1.0.25:15116"
adminAddress: "10.1.0.25:15117"
startupRole: FOLLOWER
,id: "cf2e4456-e6b9-4510-a7c5-b0bc85d367c9"
address: "10.1.0.25:15127"
priority: 1
dataStreamAddress: "10.1.0.25:15128"
clientAddress: "10.1.0.25:15125"
adminAddress: "10.1.0.25:15126"
startupRole: FOLLOWER
, old:)
2023-10-17 18:44:39,195 [grpc-default-executor-0] INFO  server.GrpcServerProtocolService (GrpcServerProtocolService.java:lambda$onCompleted$5(157)) - e94707bc-ce25-43e7-a63d-a0dafb7f30ae: Completed APPEND_ENTRIES, lastReply: null
2023-10-17 18:44:39,195 [cf2e4456-e6b9-4510-a7c5-b0bc85d367c9-impl-thread3] INFO  impl.RoleInfo (RoleInfo.java:shutdownFollowerState(110)) - cf2e4456-e6b9-4510-a7c5-b0bc85d367c9: shutdown cf2e4456-e6b9-4510-a7c5-b0bc85d367c9@group-9D24F66B565F-FollowerState
2023-10-17 18:44:39,195 [cf2e4456-e6b9-4510-a7c5-b0bc85d367c9@group-9D24F66B565F-FollowerState] INFO  impl.FollowerState (FollowerState.java:run(152)) - cf2e4456-e6b9-4510-a7c5-b0bc85d367c9@group-9D24F66B565F-FollowerState was interrupted
2023-10-17 18:44:39,194 [grpc-default-executor-5] INFO  server.GrpcServerProtocolService (GrpcServerProtocolService.java:onCompleted(155)) - a85aac02-e1fe-4dbf-b118-7fecf770eb80: Completed APPEND_ENTRIES, lastRequest: null
2023-10-17 18:44:39,195 [cf2e4456-e6b9-4510-a7c5-b0bc85d367c9-impl-thread3] INFO  impl.StateMachineUpdater (StateMachineUpdater.java:stopAndJoin(155)) - cf2e4456-e6b9-4510-a7c5-b0bc85d367c9@group-9D24F66B565F-StateMachineUpdater: set stopIndex = -1
2023-10-17 18:44:39,193 [a85aac02-e1fe-4dbf-b118-7fecf770eb80-impl-thread3] INFO  server.RaftServer$Division (RaftServerImpl.java:lambda$close$4(466)) - a85aac02-e1fe-4dbf-b118-7fecf770eb80@group-9D24F66B565F: shutdown
2023-10-17 18:44:39,191 [Thread-1947] INFO  server.GrpcServerProtocolClient (GrpcServerProtocolClient.java:close(103)) - a85aac02-e1fe-4dbf-b118-7fecf770eb80 Close channels
2023-10-17 18:44:39,191 [Thread-1946] INFO  server.GrpcServerProtocolClient (GrpcServerProtocolClient.java:close(103)) - e94707bc-ce25-43e7-a63d-a0dafb7f30ae Close channels
2023-10-17 18:44:39,186 [a85aac02-e1fe-4dbf-b118-7fecf770eb80@group-22AE834CBFF6-FollowerState] INFO  impl.FollowerState (FollowerState.java:run(152)) - a85aac02-e1fe-4dbf-b118-7fecf770eb80@group-22AE834CBFF6-FollowerState was interrupted
2023-10-17 18:44:39,186 [a85aac02-e1fe-4dbf-b118-7fecf770eb80-impl-thread1] INFO  impl.StateMachineUpdater (StateMachineUpdater.java:stopAndJoin(155)) - a85aac02-e1fe-4dbf-b118-7fecf770eb80@group-22AE834CBFF6-StateMachineUpdater: set stopIndex = -1
2023-10-17 18:44:39,196 [a85aac02-e1fe-4dbf-b118-7fecf770eb80-impl-thread1] INFO  server.RaftServer$Division (ServerState.java:close(472)) - a85aac02-e1fe-4dbf-b118-7fecf770eb80@group-22AE834CBFF6: closes. applyIndex: -1
2023-10-17 18:44:39,186 [ForkJoinPool.commonPool-worker-2] INFO  server.GrpcService (GrpcService.java:closeImpl(311)) - a85aac02-e1fe-4dbf-b118-7fecf770eb80: shutdown server org.apache.ratis.grpc.server.GrpcClientProtocolService now
2023-10-17 18:44:39,186 [a85aac02-e1fe-4dbf-b118-7fecf770eb80-impl-thread2] INFO  util.JmxRegister (JmxRegister.java:unregister(73)) - Successfully un-registered JMX Bean with object name Ratis:service=RaftServer,group=group-7E202A28C19F,id=a85aac02-e1fe-4dbf-b118-7fecf770eb80
2023-10-17 18:44:39,186 [cf2e4456-e6b9-4510-a7c5-b0bc85d367c9-impl-thread2] INFO  util.JmxRegister (JmxRegister.java:unregister(73)) - Successfully un-registered JMX Bean with object name Ratis:service=RaftServer,group=group-3BD5453FB21E,id=cf2e4456-e6b9-4510-a7c5-b0bc85d367c9
2023-10-17 18:44:39,197 [cf2e4456-e6b9-4510-a7c5-b0bc85d367c9-impl-thread2] INFO  impl.RoleInfo (RoleInfo.java:shutdownLeaderState(93)) - cf2e4456-e6b9-4510-a7c5-b0bc85d367c9: shutdown cf2e4456-e6b9-4510-a7c5-b0bc85d367c9@group-3BD5453FB21E-LeaderStateImpl
2023-10-17 18:44:39,197 [cf2e4456-e6b9-4510-a7c5-b0bc85d367c9-impl-thread2] INFO  impl.PendingRequests (PendingRequests.java:sendNotLeaderResponses(289)) - cf2e4456-e6b9-4510-a7c5-b0bc85d367c9@group-3BD5453FB21E-PendingRequests: sendNotLeaderResponses
2023-10-17 18:44:39,197 [cf2e4456-e6b9-4510-a7c5-b0bc85d367c9-impl-thread2] INFO  impl.StateMachineUpdater (StateMachineUpdater.java:stopAndJoin(155)) - cf2e4456-e6b9-4510-a7c5-b0bc85d367c9@group-3BD5453FB21E-StateMachineUpdater: set stopIndex = 0
2023-10-17 18:44:39,197 [a85aac02-e1fe-4dbf-b118-7fecf770eb80-impl-thread2] INFO  impl.RoleInfo (RoleInfo.java:shutdownLeaderState(93)) - a85aac02-e1fe-4dbf-b118-7fecf770eb80: shutdown a85aac02-e1fe-4dbf-b118-7fecf770eb80@group-7E202A28C19F-LeaderStateImpl
2023-10-17 18:44:39,197 [a85aac02-e1fe-4dbf-b118-7fecf770eb80-impl-thread2] INFO  impl.PendingRequests (PendingRequests.java:sendNotLeaderResponses(289)) - a85aac02-e1fe-4dbf-b118-7fecf770eb80@group-7E202A28C19F-PendingRequests: sendNotLeaderResponses
2023-10-17 18:44:39,198 [grpc-default-executor-5] INFO  server.GrpcServerProtocolService (GrpcServerProtocolService.java:lambda$onCompleted$5(157)) - a85aac02-e1fe-4dbf-b118-7fecf770eb80: Completed APPEND_ENTRIES, lastReply: serverReply {
  requestorId: "cf2e4456-e6b9-4510-a7c5-b0bc85d367c9"
  replyId: "a85aac02-e1fe-4dbf-b118-7fecf770eb80"
  raftGroupId {
    id: "\277\201\215|QZG\264\206?\"\256\203L\277\366"
  }
  success: true
}
term: 1
nextIndex: 1
followerCommit: 18446744073709551615
matchIndex: 18446744073709551615
isHearbeat: true

2023-10-17 18:44:39,197 [cf2e4456-e6b9-4510-a7c5-b0bc85d367c9@group-3BD5453FB21E-StateMachineUpdater] INFO  ratis.ContainerStateMachine (ContainerStateMachine.java:takeSnapshot(330)) - group-3BD5453FB21E: Taking a snapshot at:(t:1, i:0) file /home/runner/work/ozone/ozone/hadoop-ozone/integration-test/target/test-dir/MiniOzoneClusterImpl-ee380501-c2be-4155-a337-7349f62bd525/datanode-1/data/ratis/c7444786-157b-4283-b3a7-3bd5453fb21e/sm/snapshot.1_0
2023-10-17 18:44:39,198 [a85aac02-e1fe-4dbf-b118-7fecf770eb80@group-7E202A28C19F-StateMachineUpdater] INFO  ratis.ContainerStateMachine (ContainerStateMachine.java:takeSnapshot(330)) - group-7E202A28C19F: Taking a snapshot at:(t:1, i:0) file /home/runner/work/ozone/ozone/hadoop-ozone/integration-test/target/test-dir/MiniOzoneClusterImpl-ee380501-c2be-4155-a337-7349f62bd525/datanode-0/data/ratis/92b318c8-db7b-44eb-8c85-7e202a28c19f/sm/snapshot.1_0
2023-10-17 18:44:39,198 [a85aac02-e1fe-4dbf-b118-7fecf770eb80-impl-thread2] INFO  impl.StateMachineUpdater (StateMachineUpdater.java:stopAndJoin(155)) - a85aac02-e1fe-4dbf-b118-7fecf770eb80@group-7E202A28C19F-StateMachineUpdater: set stopIndex = 0
2023-10-17 18:44:39,198 [a85aac02-e1fe-4dbf-b118-7fecf770eb80-impl-thread3] INFO  util.JmxRegister (JmxRegister.java:unregister(73)) - Successfully un-registered JMX Bean with object name Ratis:service=RaftServer,group=group-9D24F66B565F,id=a85aac02-e1fe-4dbf-b118-7fecf770eb80
2023-10-17 18:44:39,198 [a85aac02-e1fe-4dbf-b118-7fecf770eb80-impl-thread3] INFO  impl.RoleInfo (RoleInfo.java:shutdownLeaderState(93)) - a85aac02-e1fe-4dbf-b118-7fecf770eb80: shutdown a85aac02-e1fe-4dbf-b118-7fecf770eb80@group-9D24F66B565F-LeaderStateImpl
2023-10-17 18:44:39,199 [cf2e4456-e6b9-4510-a7c5-b0bc85d367c9@group-3BD5453FB21E-StateMachineUpdater] INFO  ratis.ContainerStateMachine (ContainerStateMachine.java:takeSnapshot(341)) - group-3BD5453FB21E: Finished taking a snapshot at:(t:1, i:0) file:/home/runner/work/ozone/ozone/hadoop-ozone/integration-test/target/test-dir/MiniOzoneClusterImpl-ee380501-c2be-4155-a337-7349f62bd525/datanode-1/data/ratis/c7444786-157b-4283-b3a7-3bd5453fb21e/sm/snapshot.1_0 took: 1 ms
2023-10-17 18:44:39,199 [a85aac02-e1fe-4dbf-b118-7fecf770eb80@group-7E202A28C19F-StateMachineUpdater] INFO  ratis.ContainerStateMachine (ContainerStateMachine.java:takeSnapshot(341)) - group-7E202A28C19F: Finished taking a snapshot at:(t:1, i:0) file:/home/runner/work/ozone/ozone/hadoop-ozone/integration-test/target/test-dir/MiniOzoneClusterImpl-ee380501-c2be-4155-a337-7349f62bd525/datanode-0/data/ratis/92b318c8-db7b-44eb-8c85-7e202a28c19f/sm/snapshot.1_0 took: 1 ms
2023-10-17 18:44:39,199 [a85aac02-e1fe-4dbf-b118-7fecf770eb80@group-7E202A28C19F-StateMachineUpdater] INFO  impl.StateMachineUpdater (StateMachineUpdater.java:takeSnapshot(291)) - a85aac02-e1fe-4dbf-b118-7fecf770eb80@group-7E202A28C19F-StateMachineUpdater: Took a snapshot at index 0
2023-10-17 18:44:39,199 [a85aac02-e1fe-4dbf-b118-7fecf770eb80@group-7E202A28C19F-StateMachineUpdater] INFO  impl.StateMachineUpdater (StateMachineUpdater.java:lambda$new$0(97)) - a85aac02-e1fe-4dbf-b118-7fecf770eb80@group-7E202A28C19F-StateMachineUpdater: snapshotIndex: updateIncreasingly -1 -> 0
2023-10-17 18:44:39,199 [a85aac02-e1fe-4dbf-b118-7fecf770eb80-impl-thread2] INFO  server.RaftServer$Division (ServerState.java:close(472)) - a85aac02-e1fe-4dbf-b118-7fecf770eb80@group-7E202A28C19F: closes. applyIndex: 0
2023-10-17 18:44:39,199 [cf2e4456-e6b9-4510-a7c5-b0bc85d367c9@group-3BD5453FB21E-StateMachineUpdater] INFO  impl.StateMachineUpdater (StateMachineUpdater.java:takeSnapshot(291)) - cf2e4456-e6b9-4510-a7c5-b0bc85d367c9@group-3BD5453FB21E-StateMachineUpdater: Took a snapshot at index 0
2023-10-17 18:44:39,199 [cf2e4456-e6b9-4510-a7c5-b0bc85d367c9@group-3BD5453FB21E-StateMachineUpdater] INFO  impl.StateMachineUpdater (StateMachineUpdater.java:lambda$new$0(97)) - cf2e4456-e6b9-4510-a7c5-b0bc85d367c9@group-3BD5453FB21E-StateMachineUpdater: snapshotIndex: updateIncreasingly -1 -> 0
2023-10-17 18:44:39,200 [cf2e4456-e6b9-4510-a7c5-b0bc85d367c9-impl-thread2] INFO  server.RaftServer$Division (ServerState.java:close(472)) - cf2e4456-e6b9-4510-a7c5-b0bc85d367c9@group-3BD5453FB21E: closes. applyIndex: 0
2023-10-17 18:44:39,210 [grpc-default-executor-5] INFO  server.GrpcServerProtocolService (GrpcServerProtocolService.java:onCompleted(155)) - e94707bc-ce25-43e7-a63d-a0dafb7f30ae: Completed APPEND_ENTRIES, lastRequest: null
2023-10-17 18:44:39,210 [grpc-default-executor-5] INFO  server.GrpcServerProtocolService (GrpcServerProtocolService.java:lambda$onCompleted$5(157)) - e94707bc-ce25-43e7-a63d-a0dafb7f30ae: Completed APPEND_ENTRIES, lastReply: serverReply {
  requestorId: "cf2e4456-e6b9-4510-a7c5-b0bc85d367c9"
  replyId: "e94707bc-ce25-43e7-a63d-a0dafb7f30ae"
  raftGroupId {
    id: "\277\201\215|QZG\264\206?\"\256\203L\277\366"
  }
  success: true
}
term: 1
nextIndex: 1
followerCommit: 18446744073709551615
matchIndex: 18446744073709551615
isHearbeat: true

2023-10-17 18:44:39,211 [grpc-default-executor-2] INFO  server.GrpcLogAppender (GrpcLogAppender.java:onCompleted(428)) - cf2e4456-e6b9-4510-a7c5-b0bc85d367c9@group-22AE834CBFF6->e94707bc-ce25-43e7-a63d-a0dafb7f30ae-AppendLogResponseHandler: follower responses appendEntries COMPLETED
2023-10-17 18:44:39,211 [grpc-default-executor-2] WARN  server.GrpcLogAppender (GrpcLogAppender.java:resetClient(137)) - cf2e4456-e6b9-4510-a7c5-b0bc85d367c9@group-22AE834CBFF6->e94707bc-ce25-43e7-a63d-a0dafb7f30ae-GrpcLogAppender: Failed to getClient for e94707bc-ce25-43e7-a63d-a0dafb7f30ae
org.apache.ratis.protocol.exceptions.AlreadyClosedException: cf2e4456-e6b9-4510-a7c5-b0bc85d367c9 is already CLOSED
	at org.apache.ratis.util.PeerProxyMap$PeerAndProxy.getProxy(PeerProxyMap.java:61)
	at org.apache.ratis.util.PeerProxyMap.getProxy(PeerProxyMap.java:115)
	at org.apache.ratis.grpc.server.GrpcLogAppender.getClient(GrpcLogAppender.java:112)
	at org.apache.ratis.grpc.server.GrpcLogAppender.resetClient(GrpcLogAppender.java:117)
	at org.apache.ratis.grpc.server.GrpcLogAppender.access$500(GrpcLogAppender.java:56)
	at org.apache.ratis.grpc.server.GrpcLogAppender$AppendLogResponseHandler.onCompleted(GrpcLogAppender.java:429)
	at org.apache.ratis.thirdparty.io.grpc.stub.ClientCalls$StreamObserverToCallListenerAdapter.onClose(ClientCalls.java:485)
	at org.apache.ratis.thirdparty.io.grpc.internal.ClientCallImpl.closeObserver(ClientCallImpl.java:563)
	at org.apache.ratis.thirdparty.io.grpc.internal.ClientCallImpl.access$300(ClientCallImpl.java:70)
	at org.apache.ratis.thirdparty.io.grpc.internal.ClientCallImpl$ClientStreamListenerImpl$1StreamClosed.runInternal(ClientCallImpl.java:744)
	at org.apache.ratis.thirdparty.io.grpc.internal.ClientCallImpl$ClientStreamListenerImpl$1StreamClosed.runInContext(ClientCallImpl.java:723)
	at org.apache.ratis.thirdparty.io.grpc.internal.ContextRunnable.run(ContextRunnable.java:37)
	at org.apache.ratis.thirdparty.io.grpc.internal.SerializingExecutor.run(SerializingExecutor.java:133)
	at java.util.concurrent.ThreadPoolExecutor.runWorker(ThreadPoolExecutor.java:1149)
	at java.util.concurrent.ThreadPoolExecutor$Worker.run(ThreadPoolExecutor.java:624)
	at java.lang.Thread.run(Thread.java:750)
2023-10-17 18:44:39,211 [cf2e4456-e6b9-4510-a7c5-b0bc85d367c9-impl-thread3] INFO  server.RaftServer$Division (ServerState.java:close(472)) - cf2e4456-e6b9-4510-a7c5-b0bc85d367c9@group-9D24F66B565F: closes. applyIndex: -1
2023-10-17 18:44:39,212 [grpc-default-executor-2] INFO  server.GrpcLogAppender (GrpcLogAppender.java:onCompleted(428)) - cf2e4456-e6b9-4510-a7c5-b0bc85d367c9@group-22AE834CBFF6->a85aac02-e1fe-4dbf-b118-7fecf770eb80-AppendLogResponseHandler: follower responses appendEntries COMPLETED
2023-10-17 18:44:39,212 [grpc-default-executor-2] WARN  server.GrpcLogAppender (GrpcLogAppender.java:resetClient(137)) - cf2e4456-e6b9-4510-a7c5-b0bc85d367c9@group-22AE834CBFF6->a85aac02-e1fe-4dbf-b118-7fecf770eb80-GrpcLogAppender: Failed to getClient for a85aac02-e1fe-4dbf-b118-7fecf770eb80
org.apache.ratis.protocol.exceptions.AlreadyClosedException: cf2e4456-e6b9-4510-a7c5-b0bc85d367c9 is already CLOSED
	at org.apache.ratis.util.PeerProxyMap$PeerAndProxy.getProxy(PeerProxyMap.java:61)
	at org.apache.ratis.util.PeerProxyMap.getProxy(PeerProxyMap.java:115)
	at org.apache.ratis.grpc.server.GrpcLogAppender.getClient(GrpcLogAppender.java:112)
	at org.apache.ratis.grpc.server.GrpcLogAppender.resetClient(GrpcLogAppender.java:117)
	at org.apache.ratis.grpc.server.GrpcLogAppender.access$500(GrpcLogAppender.java:56)
	at org.apache.ratis.grpc.server.GrpcLogAppender$AppendLogResponseHandler.onCompleted(GrpcLogAppender.java:429)
	at org.apache.ratis.thirdparty.io.grpc.stub.ClientCalls$StreamObserverToCallListenerAdapter.onClose(ClientCalls.java:485)
	at org.apache.ratis.thirdparty.io.grpc.internal.ClientCallImpl.closeObserver(ClientCallImpl.java:563)
	at org.apache.ratis.thirdparty.io.grpc.internal.ClientCallImpl.access$300(ClientCallImpl.java:70)
	at org.apache.ratis.thirdparty.io.grpc.internal.ClientCallImpl$ClientStreamListenerImpl$1StreamClosed.runInternal(ClientCallImpl.java:744)
	at org.apache.ratis.thirdparty.io.grpc.internal.ClientCallImpl$ClientStreamListenerImpl$1StreamClosed.runInContext(ClientCallImpl.java:723)
	at org.apache.ratis.thirdparty.io.grpc.internal.ContextRunnable.run(ContextRunnable.java:37)
	at org.apache.ratis.thirdparty.io.grpc.internal.SerializingExecutor.run(SerializingExecutor.java:133)
	at java.util.concurrent.ThreadPoolExecutor.runWorker(ThreadPoolExecutor.java:1149)
	at java.util.concurrent.ThreadPoolExecutor$Worker.run(ThreadPoolExecutor.java:624)
	at java.lang.Thread.run(Thread.java:750)
2023-10-17 18:44:39,213 [grpc-default-executor-3] INFO  server.GrpcLogAppender (GrpcLogAppender.java:onCompleted(428)) - cf2e4456-e6b9-4510-a7c5-b0bc85d367c9@group-22AE834CBFF6->e94707bc-ce25-43e7-a63d-a0dafb7f30ae-AppendLogResponseHandler: follower responses appendEntries COMPLETED
2023-10-17 18:44:39,213 [grpc-default-executor-3] WARN  server.GrpcLogAppender (GrpcLogAppender.java:resetClient(137)) - cf2e4456-e6b9-4510-a7c5-b0bc85d367c9@group-22AE834CBFF6->e94707bc-ce25-43e7-a63d-a0dafb7f30ae-GrpcLogAppender: Failed to getClient for e94707bc-ce25-43e7-a63d-a0dafb7f30ae
org.apache.ratis.protocol.exceptions.AlreadyClosedException: cf2e4456-e6b9-4510-a7c5-b0bc85d367c9 is already CLOSED
	at org.apache.ratis.util.PeerProxyMap$PeerAndProxy.getProxy(PeerProxyMap.java:61)
	at org.apache.ratis.util.PeerProxyMap.getProxy(PeerProxyMap.java:115)
	at org.apache.ratis.grpc.server.GrpcLogAppender.getClient(GrpcLogAppender.java:112)
	at org.apache.ratis.grpc.server.GrpcLogAppender.resetClient(GrpcLogAppender.java:117)
	at org.apache.ratis.grpc.server.GrpcLogAppender.access$500(GrpcLogAppender.java:56)
	at org.apache.ratis.grpc.server.GrpcLogAppender$AppendLogResponseHandler.onCompleted(GrpcLogAppender.java:429)
	at org.apache.ratis.thirdparty.io.grpc.stub.ClientCalls$StreamObserverToCallListenerAdapter.onClose(ClientCalls.java:485)
	at org.apache.ratis.thirdparty.io.grpc.internal.DelayedClientCall$DelayedListener$3.run(DelayedClientCall.java:471)
	at org.apache.ratis.thirdparty.io.grpc.internal.DelayedClientCall$DelayedListener.delayOrExecute(DelayedClientCall.java:435)
	at org.apache.ratis.thirdparty.io.grpc.internal.DelayedClientCall$DelayedListener.onClose(DelayedClientCall.java:468)
	at org.apache.ratis.thirdparty.io.grpc.internal.ClientCallImpl.closeObserver(ClientCallImpl.java:563)
	at org.apache.ratis.thirdparty.io.grpc.internal.ClientCallImpl.access$300(ClientCallImpl.java:70)
	at org.apache.ratis.thirdparty.io.grpc.internal.ClientCallImpl$ClientStreamListenerImpl$1StreamClosed.runInternal(ClientCallImpl.java:744)
	at org.apache.ratis.thirdparty.io.grpc.internal.ClientCallImpl$ClientStreamListenerImpl$1StreamClosed.runInContext(ClientCallImpl.java:723)
	at org.apache.ratis.thirdparty.io.grpc.internal.ContextRunnable.run(ContextRunnable.java:37)
	at org.apache.ratis.thirdparty.io.grpc.internal.SerializingExecutor.run(SerializingExecutor.java:133)
	at java.util.concurrent.ThreadPoolExecutor.runWorker(ThreadPoolExecutor.java:1149)
	at java.util.concurrent.ThreadPoolExecutor$Worker.run(ThreadPoolExecutor.java:624)
	at java.lang.Thread.run(Thread.java:750)
2023-10-17 18:44:39,219 [Thread-1950] INFO  server.GrpcServerProtocolClient (GrpcServerProtocolClient.java:close(103)) - e94707bc-ce25-43e7-a63d-a0dafb7f30ae Close channels
2023-10-17 18:44:39,219 [a85aac02-e1fe-4dbf-b118-7fecf770eb80-impl-thread3] INFO  impl.PendingRequests (PendingRequests.java:sendNotLeaderResponses(289)) - a85aac02-e1fe-4dbf-b118-7fecf770eb80@group-9D24F66B565F-PendingRequests: sendNotLeaderResponses
2023-10-17 18:44:39,219 [Thread-1952] INFO  server.GrpcServerProtocolClient (GrpcServerProtocolClient.java:close(103)) - cf2e4456-e6b9-4510-a7c5-b0bc85d367c9 Close channels
2023-10-17 18:44:39,219 [a85aac02-e1fe-4dbf-b118-7fecf770eb80@group-9D24F66B565F->e94707bc-ce25-43e7-a63d-a0dafb7f30ae-GrpcLogAppender-LogAppenderDaemon] WARN  server.GrpcLogAppender (GrpcLogAppender.java:mayWait(199)) - a85aac02-e1fe-4dbf-b118-7fecf770eb80@group-9D24F66B565F->e94707bc-ce25-43e7-a63d-a0dafb7f30ae-GrpcLogAppender: Wait interrupted by java.lang.InterruptedException
2023-10-17 18:44:39,219 [grpc-default-executor-5] INFO  server.GrpcLogAppender (GrpcLogAppender.java:onCompleted(428)) - cf2e4456-e6b9-4510-a7c5-b0bc85d367c9@group-22AE834CBFF6->a85aac02-e1fe-4dbf-b118-7fecf770eb80-AppendLogResponseHandler: follower responses appendEntries COMPLETED
2023-10-17 18:44:39,219 [grpc-default-executor-5] WARN  server.GrpcLogAppender (GrpcLogAppender.java:resetClient(137)) - cf2e4456-e6b9-4510-a7c5-b0bc85d367c9@group-22AE834CBFF6->a85aac02-e1fe-4dbf-b118-7fecf770eb80-GrpcLogAppender: Failed to getClient for a85aac02-e1fe-4dbf-b118-7fecf770eb80
org.apache.ratis.protocol.exceptions.AlreadyClosedException: cf2e4456-e6b9-4510-a7c5-b0bc85d367c9 is already CLOSED
	at org.apache.ratis.util.PeerProxyMap$PeerAndProxy.getProxy(PeerProxyMap.java:61)
	at org.apache.ratis.util.PeerProxyMap.getProxy(PeerProxyMap.java:115)
	at org.apache.ratis.grpc.server.GrpcLogAppender.getClient(GrpcLogAppender.java:112)
	at org.apache.ratis.grpc.server.GrpcLogAppender.resetClient(GrpcLogAppender.java:117)
	at org.apache.ratis.grpc.server.GrpcLogAppender.access$500(GrpcLogAppender.java:56)
	at org.apache.ratis.grpc.server.GrpcLogAppender$AppendLogResponseHandler.onCompleted(GrpcLogAppender.java:429)
	at org.apache.ratis.thirdparty.io.grpc.stub.ClientCalls$StreamObserverToCallListenerAdapter.onClose(ClientCalls.java:485)
	at org.apache.ratis.thirdparty.io.grpc.internal.DelayedClientCall$DelayedListener$3.run(DelayedClientCall.java:471)
	at org.apache.ratis.thirdparty.io.grpc.internal.DelayedClientCall$DelayedListener.delayOrExecute(DelayedClientCall.java:435)
	at org.apache.ratis.thirdparty.io.grpc.internal.DelayedClientCall$DelayedListener.onClose(DelayedClientCall.java:468)
	at org.apache.ratis.thirdparty.io.grpc.internal.ClientCallImpl.closeObserver(ClientCallImpl.java:563)
	at org.apache.ratis.thirdparty.io.grpc.internal.ClientCallImpl.access$300(ClientCallImpl.java:70)
	at org.apache.ratis.thirdparty.io.grpc.internal.ClientCallImpl$ClientStreamListenerImpl$1StreamClosed.runInternal(ClientCallImpl.java:744)
	at org.apache.ratis.thirdparty.io.grpc.internal.ClientCallImpl$ClientStreamListenerImpl$1StreamClosed.runInContext(ClientCallImpl.java:723)
	at org.apache.ratis.thirdparty.io.grpc.internal.ContextRunnable.run(ContextRunnable.java:37)
	at org.apache.ratis.thirdparty.io.grpc.internal.SerializingExecutor.run(SerializingExecutor.java:133)
	at java.util.concurrent.ThreadPoolExecutor.runWorker(ThreadPoolExecutor.java:1149)
	at java.util.concurrent.ThreadPoolExecutor$Worker.run(ThreadPoolExecutor.java:624)
	at java.lang.Thread.run(Thread.java:750)
2023-10-17 18:44:39,220 [a85aac02-e1fe-4dbf-b118-7fecf770eb80@group-9D24F66B565F->cf2e4456-e6b9-4510-a7c5-b0bc85d367c9-GrpcLogAppender-LogAppenderDaemon] WARN  server.GrpcLogAppender (GrpcLogAppender.java:mayWait(199)) - a85aac02-e1fe-4dbf-b118-7fecf770eb80@group-9D24F66B565F->cf2e4456-e6b9-4510-a7c5-b0bc85d367c9-GrpcLogAppender: Wait interrupted by java.lang.InterruptedException
2023-10-17 18:44:39,220 [ForkJoinPool.commonPool-worker-3] INFO  ozoneimpl.OzoneContainer (OzoneContainer.java:stop(453)) - Attempting to stop container services.
2023-10-17 18:44:39,221 [a85aac02-e1fe-4dbf-b118-7fecf770eb80-impl-thread3] INFO  impl.StateMachineUpdater (StateMachineUpdater.java:stopAndJoin(155)) - a85aac02-e1fe-4dbf-b118-7fecf770eb80@group-9D24F66B565F-StateMachineUpdater: set stopIndex = 0
2023-10-17 18:44:39,221 [a85aac02-e1fe-4dbf-b118-7fecf770eb80@group-9D24F66B565F-StateMachineUpdater] INFO  ratis.ContainerStateMachine (ContainerStateMachine.java:takeSnapshot(330)) - group-9D24F66B565F: Taking a snapshot at:(t:1, i:0) file /home/runner/work/ozone/ozone/hadoop-ozone/integration-test/target/test-dir/MiniOzoneClusterImpl-ee380501-c2be-4155-a337-7349f62bd525/datanode-0/data/ratis/f2d924d1-c5e0-43dc-b219-9d24f66b565f/sm/snapshot.1_0
2023-10-17 18:44:39,222 [ForkJoinPool.commonPool-worker-3] INFO  server.RaftServer (RaftServerProxy.java:lambda$close$6(416)) - e94707bc-ce25-43e7-a63d-a0dafb7f30ae: close
2023-10-17 18:44:39,222 [grpc-default-executor-2] INFO  server.GrpcServerProtocolService (GrpcServerProtocolService.java:onCompleted(155)) - e94707bc-ce25-43e7-a63d-a0dafb7f30ae: Completed APPEND_ENTRIES, lastRequest: null
2023-10-17 18:44:39,222 [e94707bc-ce25-43e7-a63d-a0dafb7f30ae-impl-thread1] INFO  server.RaftServer$Division (RaftServerImpl.java:lambda$close$4(466)) - e94707bc-ce25-43e7-a63d-a0dafb7f30ae@group-22AE834CBFF6: shutdown
2023-10-17 18:44:39,222 [e94707bc-ce25-43e7-a63d-a0dafb7f30ae-impl-thread1] INFO  util.JmxRegister (JmxRegister.java:unregister(73)) - Successfully un-registered JMX Bean with object name Ratis:service=RaftServer,group=group-22AE834CBFF6,id=e94707bc-ce25-43e7-a63d-a0dafb7f30ae
2023-10-17 18:44:39,222 [e94707bc-ce25-43e7-a63d-a0dafb7f30ae-impl-thread1] INFO  impl.RoleInfo (RoleInfo.java:shutdownFollowerState(110)) - e94707bc-ce25-43e7-a63d-a0dafb7f30ae: shutdown e94707bc-ce25-43e7-a63d-a0dafb7f30ae@group-22AE834CBFF6-FollowerState
2023-10-17 18:44:39,222 [grpc-default-executor-4] INFO  server.GrpcServerProtocolService (GrpcServerProtocolService.java:onCompleted(155)) - cf2e4456-e6b9-4510-a7c5-b0bc85d367c9: Completed APPEND_ENTRIES, lastRequest: a85aac02-e1fe-4dbf-b118-7fecf770eb80->cf2e4456-e6b9-4510-a7c5-b0bc85d367c9#1-t1,previous=(t:0, i:0),leaderCommit=-1,initializing? true,entries: size=1, first=(t:1, i:0), CONFIGURATIONENTRY(current:id: "e94707bc-ce25-43e7-a63d-a0dafb7f30ae"
address: "10.1.0.25:15136"
dataStreamAddress: "10.1.0.25:15137"
clientAddress: "10.1.0.25:15134"
adminAddress: "10.1.0.25:15135"
startupRole: FOLLOWER
,id: "a85aac02-e1fe-4dbf-b118-7fecf770eb80"
address: "10.1.0.25:15118"
priority: 1
dataStreamAddress: "10.1.0.25:15119"
clientAddress: "10.1.0.25:15116"
adminAddress: "10.1.0.25:15117"
startupRole: FOLLOWER
,id: "cf2e4456-e6b9-4510-a7c5-b0bc85d367c9"
address: "10.1.0.25:15127"
dataStreamAddress: "10.1.0.25:15128"
clientAddress: "10.1.0.25:15125"
adminAddress: "10.1.0.25:15126"
startupRole: FOLLOWER
, old:)
2023-10-17 18:44:39,222 [a85aac02-e1fe-4dbf-b118-7fecf770eb80@group-9D24F66B565F-StateMachineUpdater] INFO  ratis.ContainerStateMachine (ContainerStateMachine.java:takeSnapshot(341)) - group-9D24F66B565F: Finished taking a snapshot at:(t:1, i:0) file:/home/runner/work/ozone/ozone/hadoop-ozone/integration-test/target/test-dir/MiniOzoneClusterImpl-ee380501-c2be-4155-a337-7349f62bd525/datanode-0/data/ratis/f2d924d1-c5e0-43dc-b219-9d24f66b565f/sm/snapshot.1_0 took: 1 ms
2023-10-17 18:44:39,223 [a85aac02-e1fe-4dbf-b118-7fecf770eb80@group-9D24F66B565F-StateMachineUpdater] INFO  impl.StateMachineUpdater (StateMachineUpdater.java:takeSnapshot(291)) - a85aac02-e1fe-4dbf-b118-7fecf770eb80@group-9D24F66B565F-StateMachineUpdater: Took a snapshot at index 0
2023-10-17 18:44:39,223 [a85aac02-e1fe-4dbf-b118-7fecf770eb80@group-9D24F66B565F-StateMachineUpdater] INFO  impl.StateMachineUpdater (StateMachineUpdater.java:lambda$new$0(97)) - a85aac02-e1fe-4dbf-b118-7fecf770eb80@group-9D24F66B565F-StateMachineUpdater: snapshotIndex: updateIncreasingly -1 -> 0
2023-10-17 18:44:39,223 [a85aac02-e1fe-4dbf-b118-7fecf770eb80-impl-thread3] INFO  server.RaftServer$Division (ServerState.java:close(472)) - a85aac02-e1fe-4dbf-b118-7fecf770eb80@group-9D24F66B565F: closes. applyIndex: 0
2023-10-17 18:44:39,223 [grpc-default-executor-2] INFO  server.GrpcServerProtocolService (GrpcServerProtocolService.java:lambda$onCompleted$5(157)) - e94707bc-ce25-43e7-a63d-a0dafb7f30ae: Completed APPEND_ENTRIES, lastReply: serverReply {
  requestorId: "a85aac02-e1fe-4dbf-b118-7fecf770eb80"
  replyId: "e94707bc-ce25-43e7-a63d-a0dafb7f30ae"
  raftGroupId {
    id: "\362\331$\321\305\340C\334\262\031\235$\366kV_"
  }
  callId: 2
  success: true
}
term: 1
nextIndex: 1
matchIndex: 18446744073709551615
isHearbeat: true

2023-10-17 18:44:39,223 [grpc-default-executor-5] INFO  server.GrpcServerProtocolService (GrpcServerProtocolService.java:onCompleted(155)) - cf2e4456-e6b9-4510-a7c5-b0bc85d367c9: Completed APPEND_ENTRIES, lastRequest: null
2023-10-17 18:44:39,224 [grpc-default-executor-5] INFO  server.GrpcServerProtocolService (GrpcServerProtocolService.java:lambda$onCompleted$5(157)) - cf2e4456-e6b9-4510-a7c5-b0bc85d367c9: Completed APPEND_ENTRIES, lastReply: serverReply {
  requestorId: "a85aac02-e1fe-4dbf-b118-7fecf770eb80"
  replyId: "cf2e4456-e6b9-4510-a7c5-b0bc85d367c9"
  raftGroupId {
    id: "\362\331$\321\305\340C\334\262\031\235$\366kV_"
  }
  success: true
}
term: 1
nextIndex: 1
followerCommit: 18446744073709551615
matchIndex: 18446744073709551615
isHearbeat: true

2023-10-17 18:44:39,222 [grpc-default-executor-4] INFO  server.GrpcServerProtocolService (GrpcServerProtocolService.java:lambda$onCompleted$5(157)) - cf2e4456-e6b9-4510-a7c5-b0bc85d367c9: Completed APPEND_ENTRIES, lastReply: null
2023-10-17 18:44:39,225 [grpc-default-executor-4] INFO  server.GrpcServerProtocolService (GrpcServerProtocolService.java:onCompleted(155)) - e94707bc-ce25-43e7-a63d-a0dafb7f30ae: Completed APPEND_ENTRIES, lastRequest: a85aac02-e1fe-4dbf-b118-7fecf770eb80->e94707bc-ce25-43e7-a63d-a0dafb7f30ae#1-t1,previous=(t:0, i:0),leaderCommit=-1,initializing? true,entries: size=1, first=(t:1, i:0), CONFIGURATIONENTRY(current:id: "e94707bc-ce25-43e7-a63d-a0dafb7f30ae"
address: "10.1.0.25:15136"
dataStreamAddress: "10.1.0.25:15137"
clientAddress: "10.1.0.25:15134"
adminAddress: "10.1.0.25:15135"
startupRole: FOLLOWER
,id: "a85aac02-e1fe-4dbf-b118-7fecf770eb80"
address: "10.1.0.25:15118"
priority: 1
dataStreamAddress: "10.1.0.25:15119"
clientAddress: "10.1.0.25:15116"
adminAddress: "10.1.0.25:15117"
startupRole: FOLLOWER
,id: "cf2e4456-e6b9-4510-a7c5-b0bc85d367c9"
address: "10.1.0.25:15127"
dataStreamAddress: "10.1.0.25:15128"
clientAddress: "10.1.0.25:15125"
adminAddress: "10.1.0.25:15126"
startupRole: FOLLOWER
, old:)
2023-10-17 18:44:39,225 [grpc-default-executor-4] INFO  server.GrpcServerProtocolService (GrpcServerProtocolService.java:lambda$onCompleted$5(157)) - e94707bc-ce25-43e7-a63d-a0dafb7f30ae: Completed APPEND_ENTRIES, lastReply: null
2023-10-17 18:44:39,226 [grpc-default-executor-5] INFO  server.GrpcLogAppender (GrpcLogAppender.java:onCompleted(428)) - a85aac02-e1fe-4dbf-b118-7fecf770eb80@group-9D24F66B565F->e94707bc-ce25-43e7-a63d-a0dafb7f30ae-AppendLogResponseHandler: follower responses appendEntries COMPLETED
2023-10-17 18:44:39,226 [grpc-default-executor-5] WARN  server.GrpcLogAppender (GrpcLogAppender.java:resetClient(137)) - a85aac02-e1fe-4dbf-b118-7fecf770eb80@group-9D24F66B565F->e94707bc-ce25-43e7-a63d-a0dafb7f30ae-GrpcLogAppender: Failed to getClient for e94707bc-ce25-43e7-a63d-a0dafb7f30ae
org.apache.ratis.protocol.exceptions.AlreadyClosedException: a85aac02-e1fe-4dbf-b118-7fecf770eb80 is already CLOSED
	at org.apache.ratis.util.PeerProxyMap$PeerAndProxy.getProxy(PeerProxyMap.java:61)
	at org.apache.ratis.util.PeerProxyMap.getProxy(PeerProxyMap.java:115)
	at org.apache.ratis.grpc.server.GrpcLogAppender.getClient(GrpcLogAppender.java:112)
	at org.apache.ratis.grpc.server.GrpcLogAppender.resetClient(GrpcLogAppender.java:117)
	at org.apache.ratis.grpc.server.GrpcLogAppender.access$500(GrpcLogAppender.java:56)
	at org.apache.ratis.grpc.server.GrpcLogAppender$AppendLogResponseHandler.onCompleted(GrpcLogAppender.java:429)
	at org.apache.ratis.thirdparty.io.grpc.stub.ClientCalls$StreamObserverToCallListenerAdapter.onClose(ClientCalls.java:485)
	at org.apache.ratis.thirdparty.io.grpc.internal.ClientCallImpl.closeObserver(ClientCallImpl.java:563)
	at org.apache.ratis.thirdparty.io.grpc.internal.ClientCallImpl.access$300(ClientCallImpl.java:70)
	at org.apache.ratis.thirdparty.io.grpc.internal.ClientCallImpl$ClientStreamListenerImpl$1StreamClosed.runInternal(ClientCallImpl.java:744)
	at org.apache.ratis.thirdparty.io.grpc.internal.ClientCallImpl$ClientStreamListenerImpl$1StreamClosed.runInContext(ClientCallImpl.java:723)
	at org.apache.ratis.thirdparty.io.grpc.internal.ContextRunnable.run(ContextRunnable.java:37)
	at org.apache.ratis.thirdparty.io.grpc.internal.SerializingExecutor.run(SerializingExecutor.java:133)
	at java.util.concurrent.ThreadPoolExecutor.runWorker(ThreadPoolExecutor.java:1149)
	at java.util.concurrent.ThreadPoolExecutor$Worker.run(ThreadPoolExecutor.java:624)
	at java.lang.Thread.run(Thread.java:750)
2023-10-17 18:44:39,229 [e94707bc-ce25-43e7-a63d-a0dafb7f30ae-impl-thread2] INFO  server.RaftServer$Division (RaftServerImpl.java:lambda$close$4(466)) - e94707bc-ce25-43e7-a63d-a0dafb7f30ae@group-9D24F66B565F: shutdown
2023-10-17 18:44:39,229 [e94707bc-ce25-43e7-a63d-a0dafb7f30ae-impl-thread2] INFO  util.JmxRegister (JmxRegister.java:unregister(73)) - Successfully un-registered JMX Bean with object name Ratis:service=RaftServer,group=group-9D24F66B565F,id=e94707bc-ce25-43e7-a63d-a0dafb7f30ae
2023-10-17 18:44:39,229 [e94707bc-ce25-43e7-a63d-a0dafb7f30ae-impl-thread2] INFO  impl.RoleInfo (RoleInfo.java:shutdownFollowerState(110)) - e94707bc-ce25-43e7-a63d-a0dafb7f30ae: shutdown e94707bc-ce25-43e7-a63d-a0dafb7f30ae@group-9D24F66B565F-FollowerState
2023-10-17 18:44:39,234 [e94707bc-ce25-43e7-a63d-a0dafb7f30ae-impl-thread1] INFO  impl.StateMachineUpdater (StateMachineUpdater.java:stopAndJoin(155)) - e94707bc-ce25-43e7-a63d-a0dafb7f30ae@group-22AE834CBFF6-StateMachineUpdater: set stopIndex = -1
2023-10-17 18:44:39,234 [Time-limited test] INFO  server.GrpcService (GrpcService.java:closeImpl(320)) - cf2e4456-e6b9-4510-a7c5-b0bc85d367c9: shutdown server org.apache.ratis.grpc.server.GrpcClientProtocolService successfully
2023-10-17 18:44:39,234 [Time-limited test] INFO  server.GrpcService (GrpcService.java:closeImpl(311)) - cf2e4456-e6b9-4510-a7c5-b0bc85d367c9: shutdown server GrpcServerProtocolService now
2023-10-17 18:44:39,234 [e94707bc-ce25-43e7-a63d-a0dafb7f30ae@group-22AE834CBFF6-FollowerState] INFO  impl.FollowerState (FollowerState.java:run(152)) - e94707bc-ce25-43e7-a63d-a0dafb7f30ae@group-22AE834CBFF6-FollowerState was interrupted
2023-10-17 18:44:39,234 [ForkJoinPool.commonPool-worker-3] INFO  server.GrpcService (GrpcService.java:closeImpl(311)) - e94707bc-ce25-43e7-a63d-a0dafb7f30ae: shutdown server org.apache.ratis.grpc.server.GrpcClientProtocolService now
2023-10-17 18:44:39,235 [grpc-default-executor-6] INFO  server.GrpcLogAppender (GrpcLogAppender.java:onCompleted(428)) - a85aac02-e1fe-4dbf-b118-7fecf770eb80@group-9D24F66B565F->cf2e4456-e6b9-4510-a7c5-b0bc85d367c9-AppendLogResponseHandler: follower responses appendEntries COMPLETED
2023-10-17 18:44:39,235 [grpc-default-executor-6] WARN  server.GrpcLogAppender (GrpcLogAppender.java:resetClient(137)) - a85aac02-e1fe-4dbf-b118-7fecf770eb80@group-9D24F66B565F->cf2e4456-e6b9-4510-a7c5-b0bc85d367c9-GrpcLogAppender: Failed to getClient for cf2e4456-e6b9-4510-a7c5-b0bc85d367c9
org.apache.ratis.protocol.exceptions.AlreadyClosedException: a85aac02-e1fe-4dbf-b118-7fecf770eb80 is already CLOSED
	at org.apache.ratis.util.PeerProxyMap$PeerAndProxy.getProxy(PeerProxyMap.java:61)
	at org.apache.ratis.util.PeerProxyMap.getProxy(PeerProxyMap.java:115)
	at org.apache.ratis.grpc.server.GrpcLogAppender.getClient(GrpcLogAppender.java:112)
	at org.apache.ratis.grpc.server.GrpcLogAppender.resetClient(GrpcLogAppender.java:117)
	at org.apache.ratis.grpc.server.GrpcLogAppender.access$500(GrpcLogAppender.java:56)
	at org.apache.ratis.grpc.server.GrpcLogAppender$AppendLogResponseHandler.onCompleted(GrpcLogAppender.java:429)
	at org.apache.ratis.thirdparty.io.grpc.stub.ClientCalls$StreamObserverToCallListenerAdapter.onClose(ClientCalls.java:485)
	at org.apache.ratis.thirdparty.io.grpc.internal.ClientCallImpl.closeObserver(ClientCallImpl.java:563)
	at org.apache.ratis.thirdparty.io.grpc.internal.ClientCallImpl.access$300(ClientCallImpl.java:70)
	at org.apache.ratis.thirdparty.io.grpc.internal.ClientCallImpl$ClientStreamListenerImpl$1StreamClosed.runInternal(ClientCallImpl.java:744)
	at org.apache.ratis.thirdparty.io.grpc.internal.ClientCallImpl$ClientStreamListenerImpl$1StreamClosed.runInContext(ClientCallImpl.java:723)
	at org.apache.ratis.thirdparty.io.grpc.internal.ContextRunnable.run(ContextRunnable.java:37)
	at org.apache.ratis.thirdparty.io.grpc.internal.SerializingExecutor.run(SerializingExecutor.java:133)
	at java.util.concurrent.ThreadPoolExecutor.runWorker(ThreadPoolExecutor.java:1149)
	at java.util.concurrent.ThreadPoolExecutor$Worker.run(ThreadPoolExecutor.java:624)
	at java.lang.Thread.run(Thread.java:750)
2023-10-17 18:44:39,235 [grpc-default-executor-4] INFO  server.GrpcLogAppender (GrpcLogAppender.java:onCompleted(428)) - a85aac02-e1fe-4dbf-b118-7fecf770eb80@group-9D24F66B565F->e94707bc-ce25-43e7-a63d-a0dafb7f30ae-AppendLogResponseHandler: follower responses appendEntries COMPLETED
2023-10-17 18:44:39,235 [grpc-default-executor-4] WARN  server.GrpcLogAppender (GrpcLogAppender.java:resetClient(137)) - a85aac02-e1fe-4dbf-b118-7fecf770eb80@group-9D24F66B565F->e94707bc-ce25-43e7-a63d-a0dafb7f30ae-GrpcLogAppender: Failed to getClient for e94707bc-ce25-43e7-a63d-a0dafb7f30ae
org.apache.ratis.protocol.exceptions.AlreadyClosedException: a85aac02-e1fe-4dbf-b118-7fecf770eb80 is already CLOSED
	at org.apache.ratis.util.PeerProxyMap$PeerAndProxy.getProxy(PeerProxyMap.java:61)
	at org.apache.ratis.util.PeerProxyMap.getProxy(PeerProxyMap.java:115)
	at org.apache.ratis.grpc.server.GrpcLogAppender.getClient(GrpcLogAppender.java:112)
	at org.apache.ratis.grpc.server.GrpcLogAppender.resetClient(GrpcLogAppender.java:117)
	at org.apache.ratis.grpc.server.GrpcLogAppender.access$500(GrpcLogAppender.java:56)
	at org.apache.ratis.grpc.server.GrpcLogAppender$AppendLogResponseHandler.onCompleted(GrpcLogAppender.java:429)
	at org.apache.ratis.thirdparty.io.grpc.stub.ClientCalls$StreamObserverToCallListenerAdapter.onClose(ClientCalls.java:485)
	at org.apache.ratis.thirdparty.io.grpc.internal.ClientCallImpl.closeObserver(ClientCallImpl.java:563)
	at org.apache.ratis.thirdparty.io.grpc.internal.ClientCallImpl.access$300(ClientCallImpl.java:70)
	at org.apache.ratis.thirdparty.io.grpc.internal.ClientCallImpl$ClientStreamListenerImpl$1StreamClosed.runInternal(ClientCallImpl.java:744)
	at org.apache.ratis.thirdparty.io.grpc.internal.ClientCallImpl$ClientStreamListenerImpl$1StreamClosed.runInContext(ClientCallImpl.java:723)
	at org.apache.ratis.thirdparty.io.grpc.internal.ContextRunnable.run(ContextRunnable.java:37)
	at org.apache.ratis.thirdparty.io.grpc.internal.SerializingExecutor.run(SerializingExecutor.java:133)
	at java.util.concurrent.ThreadPoolExecutor.runWorker(ThreadPoolExecutor.java:1149)
	at java.util.concurrent.ThreadPoolExecutor$Worker.run(ThreadPoolExecutor.java:624)
	at java.lang.Thread.run(Thread.java:750)
2023-10-17 18:44:39,242 [e94707bc-ce25-43e7-a63d-a0dafb7f30ae@group-9D24F66B565F-StateMachineUpdater] INFO  ratis.ContainerStateMachine (ContainerStateMachine.java:takeSnapshot(330)) - group-9D24F66B565F: Taking a snapshot at:(t:1, i:0) file /home/runner/work/ozone/ozone/hadoop-ozone/integration-test/target/test-dir/MiniOzoneClusterImpl-ee380501-c2be-4155-a337-7349f62bd525/datanode-2/data/ratis/f2d924d1-c5e0-43dc-b219-9d24f66b565f/sm/snapshot.1_0
2023-10-17 18:44:39,242 [grpc-default-executor-0] INFO  server.GrpcLogAppender (GrpcLogAppender.java:onCompleted(428)) - a85aac02-e1fe-4dbf-b118-7fecf770eb80@group-9D24F66B565F->cf2e4456-e6b9-4510-a7c5-b0bc85d367c9-AppendLogResponseHandler: follower responses appendEntries COMPLETED
2023-10-17 18:44:39,243 [grpc-default-executor-0] WARN  server.GrpcLogAppender (GrpcLogAppender.java:resetClient(137)) - a85aac02-e1fe-4dbf-b118-7fecf770eb80@group-9D24F66B565F->cf2e4456-e6b9-4510-a7c5-b0bc85d367c9-GrpcLogAppender: Failed to getClient for cf2e4456-e6b9-4510-a7c5-b0bc85d367c9
org.apache.ratis.protocol.exceptions.AlreadyClosedException: a85aac02-e1fe-4dbf-b118-7fecf770eb80 is already CLOSED
	at org.apache.ratis.util.PeerProxyMap$PeerAndProxy.getProxy(PeerProxyMap.java:61)
	at org.apache.ratis.util.PeerProxyMap.getProxy(PeerProxyMap.java:115)
	at org.apache.ratis.grpc.server.GrpcLogAppender.getClient(GrpcLogAppender.java:112)
	at org.apache.ratis.grpc.server.GrpcLogAppender.resetClient(GrpcLogAppender.java:117)
	at org.apache.ratis.grpc.server.GrpcLogAppender.access$500(GrpcLogAppender.java:56)
	at org.apache.ratis.grpc.server.GrpcLogAppender$AppendLogResponseHandler.onCompleted(GrpcLogAppender.java:429)
	at org.apache.ratis.thirdparty.io.grpc.stub.ClientCalls$StreamObserverToCallListenerAdapter.onClose(ClientCalls.java:485)
	at org.apache.ratis.thirdparty.io.grpc.internal.DelayedClientCall$DelayedListener$3.run(DelayedClientCall.java:471)
	at org.apache.ratis.thirdparty.io.grpc.internal.DelayedClientCall$DelayedListener.delayOrExecute(DelayedClientCall.java:435)
	at org.apache.ratis.thirdparty.io.grpc.internal.DelayedClientCall$DelayedListener.onClose(DelayedClientCall.java:468)
	at org.apache.ratis.thirdparty.io.grpc.internal.ClientCallImpl.closeObserver(ClientCallImpl.java:563)
	at org.apache.ratis.thirdparty.io.grpc.internal.ClientCallImpl.access$300(ClientCallImpl.java:70)
	at org.apache.ratis.thirdparty.io.grpc.internal.ClientCallImpl$ClientStreamListenerImpl$1StreamClosed.runInternal(ClientCallImpl.java:744)
	at org.apache.ratis.thirdparty.io.grpc.internal.ClientCallImpl$ClientStreamListenerImpl$1StreamClosed.runInContext(ClientCallImpl.java:723)
	at org.apache.ratis.thirdparty.io.grpc.internal.ContextRunnable.run(ContextRunnable.java:37)
	at org.apache.ratis.thirdparty.io.grpc.internal.SerializingExecutor.run(SerializingExecutor.java:133)
	at java.util.concurrent.ThreadPoolExecutor.runWorker(ThreadPoolExecutor.java:1149)
	at java.util.concurrent.ThreadPoolExecutor$Worker.run(ThreadPoolExecutor.java:624)
	at java.lang.Thread.run(Thread.java:750)
2023-10-17 18:44:39,238 [e94707bc-ce25-43e7-a63d-a0dafb7f30ae@group-9D24F66B565F-FollowerState] INFO  impl.FollowerState (FollowerState.java:run(152)) - e94707bc-ce25-43e7-a63d-a0dafb7f30ae@group-9D24F66B565F-FollowerState was interrupted
2023-10-17 18:44:39,238 [e94707bc-ce25-43e7-a63d-a0dafb7f30ae-impl-thread2] INFO  impl.StateMachineUpdater (StateMachineUpdater.java:stopAndJoin(155)) - e94707bc-ce25-43e7-a63d-a0dafb7f30ae@group-9D24F66B565F-StateMachineUpdater: set stopIndex = 0
2023-10-17 18:44:39,238 [e94707bc-ce25-43e7-a63d-a0dafb7f30ae-impl-thread3] INFO  server.RaftServer$Division (RaftServerImpl.java:lambda$close$4(466)) - e94707bc-ce25-43e7-a63d-a0dafb7f30ae@group-BB4074E0AF78: shutdown
2023-10-17 18:44:39,243 [e94707bc-ce25-43e7-a63d-a0dafb7f30ae-impl-thread3] INFO  util.JmxRegister (JmxRegister.java:unregister(73)) - Successfully un-registered JMX Bean with object name Ratis:service=RaftServer,group=group-BB4074E0AF78,id=e94707bc-ce25-43e7-a63d-a0dafb7f30ae
2023-10-17 18:44:39,243 [e94707bc-ce25-43e7-a63d-a0dafb7f30ae-impl-thread3] INFO  impl.RoleInfo (RoleInfo.java:shutdownLeaderState(93)) - e94707bc-ce25-43e7-a63d-a0dafb7f30ae: shutdown e94707bc-ce25-43e7-a63d-a0dafb7f30ae@group-BB4074E0AF78-LeaderStateImpl
2023-10-17 18:44:39,244 [e94707bc-ce25-43e7-a63d-a0dafb7f30ae-impl-thread3] INFO  impl.PendingRequests (PendingRequests.java:sendNotLeaderResponses(289)) - e94707bc-ce25-43e7-a63d-a0dafb7f30ae@group-BB4074E0AF78-PendingRequests: sendNotLeaderResponses
2023-10-17 18:44:39,244 [e94707bc-ce25-43e7-a63d-a0dafb7f30ae-impl-thread3] INFO  impl.StateMachineUpdater (StateMachineUpdater.java:stopAndJoin(155)) - e94707bc-ce25-43e7-a63d-a0dafb7f30ae@group-BB4074E0AF78-StateMachineUpdater: set stopIndex = 0
2023-10-17 18:44:39,235 [e94707bc-ce25-43e7-a63d-a0dafb7f30ae-impl-thread1] INFO  server.RaftServer$Division (ServerState.java:close(472)) - e94707bc-ce25-43e7-a63d-a0dafb7f30ae@group-22AE834CBFF6: closes. applyIndex: -1
2023-10-17 18:44:39,244 [e94707bc-ce25-43e7-a63d-a0dafb7f30ae@group-9D24F66B565F-StateMachineUpdater] INFO  ratis.ContainerStateMachine (ContainerStateMachine.java:takeSnapshot(341)) - group-9D24F66B565F: Finished taking a snapshot at:(t:1, i:0) file:/home/runner/work/ozone/ozone/hadoop-ozone/integration-test/target/test-dir/MiniOzoneClusterImpl-ee380501-c2be-4155-a337-7349f62bd525/datanode-2/data/ratis/f2d924d1-c5e0-43dc-b219-9d24f66b565f/sm/snapshot.1_0 took: 5 ms
2023-10-17 18:44:39,244 [e94707bc-ce25-43e7-a63d-a0dafb7f30ae@group-9D24F66B565F-StateMachineUpdater] INFO  impl.StateMachineUpdater (StateMachineUpdater.java:takeSnapshot(291)) - e94707bc-ce25-43e7-a63d-a0dafb7f30ae@group-9D24F66B565F-StateMachineUpdater: Took a snapshot at index 0
2023-10-17 18:44:39,244 [e94707bc-ce25-43e7-a63d-a0dafb7f30ae@group-BB4074E0AF78-StateMachineUpdater] INFO  ratis.ContainerStateMachine (ContainerStateMachine.java:takeSnapshot(330)) - group-BB4074E0AF78: Taking a snapshot at:(t:1, i:0) file /home/runner/work/ozone/ozone/hadoop-ozone/integration-test/target/test-dir/MiniOzoneClusterImpl-ee380501-c2be-4155-a337-7349f62bd525/datanode-2/data/ratis/b0317580-7117-4bd1-8480-bb4074e0af78/sm/snapshot.1_0
2023-10-17 18:44:39,244 [e94707bc-ce25-43e7-a63d-a0dafb7f30ae@group-9D24F66B565F-StateMachineUpdater] INFO  impl.StateMachineUpdater (StateMachineUpdater.java:lambda$new$0(97)) - e94707bc-ce25-43e7-a63d-a0dafb7f30ae@group-9D24F66B565F-StateMachineUpdater: snapshotIndex: updateIncreasingly -1 -> 0
2023-10-17 18:44:39,245 [e94707bc-ce25-43e7-a63d-a0dafb7f30ae-impl-thread2] INFO  server.RaftServer$Division (ServerState.java:close(472)) - e94707bc-ce25-43e7-a63d-a0dafb7f30ae@group-9D24F66B565F: closes. applyIndex: 0
2023-10-17 18:44:39,246 [e94707bc-ce25-43e7-a63d-a0dafb7f30ae@group-BB4074E0AF78-StateMachineUpdater] INFO  ratis.ContainerStateMachine (ContainerStateMachine.java:takeSnapshot(341)) - group-BB4074E0AF78: Finished taking a snapshot at:(t:1, i:0) file:/home/runner/work/ozone/ozone/hadoop-ozone/integration-test/target/test-dir/MiniOzoneClusterImpl-ee380501-c2be-4155-a337-7349f62bd525/datanode-2/data/ratis/b0317580-7117-4bd1-8480-bb4074e0af78/sm/snapshot.1_0 took: 1 ms
2023-10-17 18:44:39,246 [e94707bc-ce25-43e7-a63d-a0dafb7f30ae@group-BB4074E0AF78-StateMachineUpdater] INFO  impl.StateMachineUpdater (StateMachineUpdater.java:takeSnapshot(291)) - e94707bc-ce25-43e7-a63d-a0dafb7f30ae@group-BB4074E0AF78-StateMachineUpdater: Took a snapshot at index 0
2023-10-17 18:44:39,246 [e94707bc-ce25-43e7-a63d-a0dafb7f30ae@group-BB4074E0AF78-StateMachineUpdater] INFO  impl.StateMachineUpdater (StateMachineUpdater.java:lambda$new$0(97)) - e94707bc-ce25-43e7-a63d-a0dafb7f30ae@group-BB4074E0AF78-StateMachineUpdater: snapshotIndex: updateIncreasingly -1 -> 0
2023-10-17 18:44:39,246 [e94707bc-ce25-43e7-a63d-a0dafb7f30ae-impl-thread3] INFO  server.RaftServer$Division (ServerState.java:close(472)) - e94707bc-ce25-43e7-a63d-a0dafb7f30ae@group-BB4074E0AF78: closes. applyIndex: 0
2023-10-17 18:44:39,247 [Thread-1959] INFO  server.GrpcServerProtocolClient (GrpcServerProtocolClient.java:close(103)) - a85aac02-e1fe-4dbf-b118-7fecf770eb80 Close channels
2023-10-17 18:44:39,248 [Time-limited test] INFO  server.GrpcService (GrpcService.java:closeImpl(320)) - cf2e4456-e6b9-4510-a7c5-b0bc85d367c9: shutdown server GrpcServerProtocolService successfully
2023-10-17 18:44:39,248 [Time-limited test] INFO  server.GrpcService (GrpcService.java:closeImpl(311)) - cf2e4456-e6b9-4510-a7c5-b0bc85d367c9: shutdown server org.apache.ratis.grpc.server.GrpcAdminProtocolService now
2023-10-17 18:44:39,267 [Thread-1960] INFO  server.GrpcServerProtocolClient (GrpcServerProtocolClient.java:close(103)) - cf2e4456-e6b9-4510-a7c5-b0bc85d367c9 Close channels
2023-10-17 18:44:39,269 [Time-limited test] INFO  server.GrpcService (GrpcService.java:closeImpl(320)) - cf2e4456-e6b9-4510-a7c5-b0bc85d367c9: shutdown server org.apache.ratis.grpc.server.GrpcAdminProtocolService successfully
2023-10-17 18:44:39,269 [cf2e4456-e6b9-4510-a7c5-b0bc85d367c9-NettyServerStreamRpc-bossGroup--thread1] INFO  logging.LoggingHandler (AbstractInternalLogger.java:log(148)) - [id: 0x5cb7784d, L:/0:0:0:0:0:0:0:0:15128] CLOSE
2023-10-17 18:44:39,269 [cf2e4456-e6b9-4510-a7c5-b0bc85d367c9-NettyServerStreamRpc-bossGroup--thread1] INFO  logging.LoggingHandler (AbstractInternalLogger.java:log(148)) - [id: 0x5cb7784d, L:/0:0:0:0:0:0:0:0:15128] INACTIVE
2023-10-17 18:44:39,270 [cf2e4456-e6b9-4510-a7c5-b0bc85d367c9-NettyServerStreamRpc-bossGroup--thread1] INFO  logging.LoggingHandler (AbstractInternalLogger.java:log(148)) - [id: 0x5cb7784d, L:/0:0:0:0:0:0:0:0:15128] UNREGISTERED
2023-10-17 18:44:39,279 [ForkJoinPool.commonPool-worker-2] INFO  server.GrpcService (GrpcService.java:closeImpl(320)) - a85aac02-e1fe-4dbf-b118-7fecf770eb80: shutdown server org.apache.ratis.grpc.server.GrpcClientProtocolService successfully
2023-10-17 18:44:39,279 [ForkJoinPool.commonPool-worker-2] INFO  server.GrpcService (GrpcService.java:closeImpl(311)) - a85aac02-e1fe-4dbf-b118-7fecf770eb80: shutdown server GrpcServerProtocolService now
2023-10-17 18:44:39,292 [ForkJoinPool.commonPool-worker-3] INFO  server.GrpcService (GrpcService.java:closeImpl(320)) - e94707bc-ce25-43e7-a63d-a0dafb7f30ae: shutdown server org.apache.ratis.grpc.server.GrpcClientProtocolService successfully
2023-10-17 18:44:39,292 [ForkJoinPool.commonPool-worker-3] INFO  server.GrpcService (GrpcService.java:closeImpl(311)) - e94707bc-ce25-43e7-a63d-a0dafb7f30ae: shutdown server GrpcServerProtocolService now
2023-10-17 18:44:39,293 [ForkJoinPool.commonPool-worker-2] INFO  server.GrpcService (GrpcService.java:closeImpl(320)) - a85aac02-e1fe-4dbf-b118-7fecf770eb80: shutdown server GrpcServerProtocolService successfully
2023-10-17 18:44:39,293 [ForkJoinPool.commonPool-worker-2] INFO  server.GrpcService (GrpcService.java:closeImpl(311)) - a85aac02-e1fe-4dbf-b118-7fecf770eb80: shutdown server org.apache.ratis.grpc.server.GrpcAdminProtocolService now
2023-10-17 18:44:39,306 [ForkJoinPool.commonPool-worker-2] INFO  server.GrpcService (GrpcService.java:closeImpl(320)) - a85aac02-e1fe-4dbf-b118-7fecf770eb80: shutdown server org.apache.ratis.grpc.server.GrpcAdminProtocolService successfully
2023-10-17 18:44:39,306 [a85aac02-e1fe-4dbf-b118-7fecf770eb80-NettyServerStreamRpc-bossGroup--thread1] INFO  logging.LoggingHandler (AbstractInternalLogger.java:log(148)) - [id: 0xcc08d5b0, L:/0:0:0:0:0:0:0:0:15119] CLOSE
2023-10-17 18:44:39,307 [a85aac02-e1fe-4dbf-b118-7fecf770eb80-NettyServerStreamRpc-bossGroup--thread1] INFO  logging.LoggingHandler (AbstractInternalLogger.java:log(148)) - [id: 0xcc08d5b0, L:/0:0:0:0:0:0:0:0:15119] INACTIVE
2023-10-17 18:44:39,307 [a85aac02-e1fe-4dbf-b118-7fecf770eb80-NettyServerStreamRpc-bossGroup--thread1] INFO  logging.LoggingHandler (AbstractInternalLogger.java:log(148)) - [id: 0xcc08d5b0, L:/0:0:0:0:0:0:0:0:15119] UNREGISTERED
2023-10-17 18:44:39,319 [ForkJoinPool.commonPool-worker-3] INFO  server.GrpcService (GrpcService.java:closeImpl(320)) - e94707bc-ce25-43e7-a63d-a0dafb7f30ae: shutdown server GrpcServerProtocolService successfully
2023-10-17 18:44:39,319 [ForkJoinPool.commonPool-worker-3] INFO  server.GrpcService (GrpcService.java:closeImpl(311)) - e94707bc-ce25-43e7-a63d-a0dafb7f30ae: shutdown server org.apache.ratis.grpc.server.GrpcAdminProtocolService now
2023-10-17 18:44:39,338 [ForkJoinPool.commonPool-worker-3] INFO  server.GrpcService (GrpcService.java:closeImpl(320)) - e94707bc-ce25-43e7-a63d-a0dafb7f30ae: shutdown server org.apache.ratis.grpc.server.GrpcAdminProtocolService successfully
2023-10-17 18:44:39,338 [e94707bc-ce25-43e7-a63d-a0dafb7f30ae-NettyServerStreamRpc-bossGroup--thread1] INFO  logging.LoggingHandler (AbstractInternalLogger.java:log(148)) - [id: 0xcdd8e3c0, L:/0:0:0:0:0:0:0:0:15137] CLOSE
2023-10-17 18:44:39,339 [e94707bc-ce25-43e7-a63d-a0dafb7f30ae-NettyServerStreamRpc-bossGroup--thread1] INFO  logging.LoggingHandler (AbstractInternalLogger.java:log(148)) - [id: 0xcdd8e3c0, L:/0:0:0:0:0:0:0:0:15137] INACTIVE
2023-10-17 18:44:39,339 [e94707bc-ce25-43e7-a63d-a0dafb7f30ae-NettyServerStreamRpc-bossGroup--thread1] INFO  logging.LoggingHandler (AbstractInternalLogger.java:log(148)) - [id: 0xcdd8e3c0, L:/0:0:0:0:0:0:0:0:15137] UNREGISTERED
2023-10-17 18:44:39,739 [e94707bc-ce25-43e7-a63d-a0dafb7f30ae-impl-thread3] INFO  segmented.SegmentedRaftLogWorker (SegmentedRaftLogWorker.java:close(252)) - e94707bc-ce25-43e7-a63d-a0dafb7f30ae@group-BB4074E0AF78-SegmentedRaftLogWorker close()
2023-10-17 18:44:39,926 [a85aac02-e1fe-4dbf-b118-7fecf770eb80-impl-thread2] INFO  segmented.SegmentedRaftLogWorker (SegmentedRaftLogWorker.java:close(252)) - a85aac02-e1fe-4dbf-b118-7fecf770eb80@group-7E202A28C19F-SegmentedRaftLogWorker close()
2023-10-17 18:44:40,014 [a85aac02-e1fe-4dbf-b118-7fecf770eb80-impl-thread3] INFO  segmented.SegmentedRaftLogWorker (SegmentedRaftLogWorker.java:close(252)) - a85aac02-e1fe-4dbf-b118-7fecf770eb80@group-9D24F66B565F-SegmentedRaftLogWorker close()
2023-10-17 18:44:40,055 [cf2e4456-e6b9-4510-a7c5-b0bc85d367c9-impl-thread3] INFO  segmented.SegmentedRaftLogWorker (SegmentedRaftLogWorker.java:close(252)) - cf2e4456-e6b9-4510-a7c5-b0bc85d367c9@group-9D24F66B565F-SegmentedRaftLogWorker close()
2023-10-17 18:44:40,063 [e94707bc-ce25-43e7-a63d-a0dafb7f30ae-impl-thread2] INFO  segmented.SegmentedRaftLogWorker (SegmentedRaftLogWorker.java:close(252)) - e94707bc-ce25-43e7-a63d-a0dafb7f30ae@group-9D24F66B565F-SegmentedRaftLogWorker close()
2023-10-17 18:44:40,121 [cf2e4456-e6b9-4510-a7c5-b0bc85d367c9-impl-thread2] INFO  segmented.SegmentedRaftLogWorker (SegmentedRaftLogWorker.java:close(252)) - cf2e4456-e6b9-4510-a7c5-b0bc85d367c9@group-3BD5453FB21E-SegmentedRaftLogWorker close()
2023-10-17 18:44:40,121 [cf2e4456-e6b9-4510-a7c5-b0bc85d367c9-impl-thread1] INFO  segmented.SegmentedRaftLogWorker (SegmentedRaftLogWorker.java:close(252)) - cf2e4456-e6b9-4510-a7c5-b0bc85d367c9@group-22AE834CBFF6-SegmentedRaftLogWorker close()
2023-10-17 18:44:40,123 [JvmPauseMonitor20] INFO  util.JvmPauseMonitor (JvmPauseMonitor.java:run(109)) - JvmPauseMonitor-cf2e4456-e6b9-4510-a7c5-b0bc85d367c9: Stopped
2023-10-17 18:44:40,138 [e94707bc-ce25-43e7-a63d-a0dafb7f30ae-impl-thread1] INFO  segmented.SegmentedRaftLogWorker (SegmentedRaftLogWorker.java:close(252)) - e94707bc-ce25-43e7-a63d-a0dafb7f30ae@group-22AE834CBFF6-SegmentedRaftLogWorker close()
2023-10-17 18:44:40,139 [JvmPauseMonitor21] INFO  util.JvmPauseMonitor (JvmPauseMonitor.java:run(109)) - JvmPauseMonitor-e94707bc-ce25-43e7-a63d-a0dafb7f30ae: Stopped
2023-10-17 18:44:40,149 [a85aac02-e1fe-4dbf-b118-7fecf770eb80-impl-thread1] INFO  segmented.SegmentedRaftLogWorker (SegmentedRaftLogWorker.java:close(252)) - a85aac02-e1fe-4dbf-b118-7fecf770eb80@group-22AE834CBFF6-SegmentedRaftLogWorker close()
2023-10-17 18:44:40,149 [JvmPauseMonitor19] INFO  util.JvmPauseMonitor (JvmPauseMonitor.java:run(109)) - JvmPauseMonitor-a85aac02-e1fe-4dbf-b118-7fecf770eb80: Stopped
2023-10-17 18:44:42,127 [Time-limited test] INFO  utils.DatanodeStoreCache (DatanodeStoreCache.java:shutdownCache(110)) - Skip clearing cache in mini cluster mode. Entries left: [/home/runner/work/ozone/ozone/hadoop-ozone/integration-test/target/test-dir/MiniOzoneClusterImpl-ee380501-c2be-4155-a337-7349f62bd525/datanode-0/data-0/containers/hdds/ee380501-c2be-4155-a337-7349f62bd525/DS-4e1fb028-74fa-413d-8375-7d7139a6a883/container.db, /home/runner/work/ozone/ozone/hadoop-ozone/integration-test/target/test-dir/MiniOzoneClusterImpl-ee380501-c2be-4155-a337-7349f62bd525/datanode-1/data-0/containers/hdds/ee380501-c2be-4155-a337-7349f62bd525/DS-ac13bade-6777-4ac5-aa71-65a481716462/container.db, /home/runner/work/ozone/ozone/hadoop-ozone/integration-test/target/test-dir/MiniOzoneClusterImpl-ee380501-c2be-4155-a337-7349f62bd525/datanode-2/data-0/containers/hdds/ee380501-c2be-4155-a337-7349f62bd525/DS-edf8159e-7a19-48c9-8f81-cf15639173de/container.db]
2023-10-17 18:44:42,130 [Time-limited test] INFO  utils.DatanodeStoreCache (DatanodeStoreCache.java:removeDB(104)) - Removed db /home/runner/work/ozone/ozone/hadoop-ozone/integration-test/target/test-dir/MiniOzoneClusterImpl-ee380501-c2be-4155-a337-7349f62bd525/datanode-1/data-0/containers/hdds/ee380501-c2be-4155-a337-7349f62bd525/DS-ac13bade-6777-4ac5-aa71-65a481716462/container.db from cache
2023-10-17 18:44:42,131 [Time-limited test] INFO  volume.HddsVolume (HddsVolume.java:closeDbStore(453)) - SchemaV3 db is stopped at /home/runner/work/ozone/ozone/hadoop-ozone/integration-test/target/test-dir/MiniOzoneClusterImpl-ee380501-c2be-4155-a337-7349f62bd525/datanode-1/data-0/containers/hdds/ee380501-c2be-4155-a337-7349f62bd525/DS-ac13bade-6777-4ac5-aa71-65a481716462/container.db for volume DS-ac13bade-6777-4ac5-aa71-65a481716462
2023-10-17 18:44:42,131 [Time-limited test] INFO  utils.BackgroundService (BackgroundService.java:shutdown(160)) - Shutting down service BlockDeletingService
2023-10-17 18:44:42,131 [Time-limited test] INFO  utils.BackgroundService (BackgroundService.java:shutdown(160)) - Shutting down service StaleRecoveringContainerScrubbingService
2023-10-17 18:44:42,131 [Time-limited test] INFO  statemachine.DatanodeStateMachine (DatanodeStateMachine.java:stopDaemon(628)) - Ozone container server stopped.
2023-10-17 18:44:42,140 [Time-limited test] INFO  handler.ContextHandler (ContextHandler.java:doStop(1159)) - Stopped o.e.j.w.WebAppContext@b27aa3b{hddsDatanode,/,null,STOPPED}{jar:file:/home/runner/.m2/repository/org/apache/ozone/hdds-container-service/1.4.0-SNAPSHOT/hdds-container-service-1.4.0-SNAPSHOT.jar!/webapps/hddsDatanode}
2023-10-17 18:44:42,141 [Time-limited test] INFO  server.AbstractConnector (AbstractConnector.java:doStop(383)) - Stopped ServerConnector@1a2ec2bd{HTTP/1.1, (http/1.1)}{0.0.0.0:15122}
2023-10-17 18:44:42,141 [Time-limited test] INFO  server.session (HouseKeeper.java:stopScavenging(149)) - node0 Stopped scavenging
2023-10-17 18:44:42,141 [Time-limited test] INFO  handler.ContextHandler (ContextHandler.java:doStop(1159)) - Stopped o.e.j.s.ServletContextHandler@40b7421c{static,/static,jar:file:/home/runner/.m2/repository/org/apache/ozone/hdds-container-service/1.4.0-SNAPSHOT/hdds-container-service-1.4.0-SNAPSHOT.jar!/webapps/static,STOPPED}
2023-10-17 18:44:42,142 [Time-limited test] INFO  handler.ContextHandler (ContextHandler.java:doStop(1159)) - Stopped o.e.j.s.ServletContextHandler@609f8f1d{logs,/logs,file:///home/runner/work/ozone/ozone/hadoop-ozone/integration-test/target/log,STOPPED}
2023-10-17 18:44:42,143 [ForkJoinPool.commonPool-worker-3] INFO  utils.DatanodeStoreCache (DatanodeStoreCache.java:shutdownCache(110)) - Skip clearing cache in mini cluster mode. Entries left: [/home/runner/work/ozone/ozone/hadoop-ozone/integration-test/target/test-dir/MiniOzoneClusterImpl-ee380501-c2be-4155-a337-7349f62bd525/datanode-0/data-0/containers/hdds/ee380501-c2be-4155-a337-7349f62bd525/DS-4e1fb028-74fa-413d-8375-7d7139a6a883/container.db, /home/runner/work/ozone/ozone/hadoop-ozone/integration-test/target/test-dir/MiniOzoneClusterImpl-ee380501-c2be-4155-a337-7349f62bd525/datanode-2/data-0/containers/hdds/ee380501-c2be-4155-a337-7349f62bd525/DS-edf8159e-7a19-48c9-8f81-cf15639173de/container.db]
2023-10-17 18:44:42,145 [ForkJoinPool.commonPool-worker-3] INFO  utils.DatanodeStoreCache (DatanodeStoreCache.java:removeDB(104)) - Removed db /home/runner/work/ozone/ozone/hadoop-ozone/integration-test/target/test-dir/MiniOzoneClusterImpl-ee380501-c2be-4155-a337-7349f62bd525/datanode-2/data-0/containers/hdds/ee380501-c2be-4155-a337-7349f62bd525/DS-edf8159e-7a19-48c9-8f81-cf15639173de/container.db from cache
2023-10-17 18:44:42,145 [ForkJoinPool.commonPool-worker-3] INFO  volume.HddsVolume (HddsVolume.java:closeDbStore(453)) - SchemaV3 db is stopped at /home/runner/work/ozone/ozone/hadoop-ozone/integration-test/target/test-dir/MiniOzoneClusterImpl-ee380501-c2be-4155-a337-7349f62bd525/datanode-2/data-0/containers/hdds/ee380501-c2be-4155-a337-7349f62bd525/DS-edf8159e-7a19-48c9-8f81-cf15639173de/container.db for volume DS-edf8159e-7a19-48c9-8f81-cf15639173de
2023-10-17 18:44:42,146 [ForkJoinPool.commonPool-worker-3] INFO  utils.BackgroundService (BackgroundService.java:shutdown(160)) - Shutting down service BlockDeletingService
2023-10-17 18:44:42,146 [ForkJoinPool.commonPool-worker-3] INFO  utils.BackgroundService (BackgroundService.java:shutdown(160)) - Shutting down service StaleRecoveringContainerScrubbingService
2023-10-17 18:44:42,148 [Time-limited test] INFO  ozone.HddsDatanodeClientProtocolServer (HddsDatanodeClientProtocolServer.java:stop(78)) - Stopping the RPC server for Client Protocol
2023-10-17 18:44:42,148 [Time-limited test] INFO  ipc.Server (Server.java:stop(3523)) - Stopping server on 15123
2023-10-17 18:44:42,148 [ForkJoinPool.commonPool-worker-3] INFO  statemachine.DatanodeStateMachine (DatanodeStateMachine.java:stopDaemon(628)) - Ozone container server stopped.
2023-10-17 18:44:42,149 [IPC Server Responder] INFO  ipc.Server (Server.java:run(1567)) - Stopping IPC Server Responder
2023-10-17 18:44:42,149 [IPC Server listener on 15123] INFO  ipc.Server (Server.java:run(1434)) - Stopping IPC Server listener on 15123
2023-10-17 18:44:42,152 [ForkJoinPool.commonPool-worker-2] INFO  utils.DatanodeStoreCache (DatanodeStoreCache.java:shutdownCache(110)) - Skip clearing cache in mini cluster mode. Entries left: [/home/runner/work/ozone/ozone/hadoop-ozone/integration-test/target/test-dir/MiniOzoneClusterImpl-ee380501-c2be-4155-a337-7349f62bd525/datanode-0/data-0/containers/hdds/ee380501-c2be-4155-a337-7349f62bd525/DS-4e1fb028-74fa-413d-8375-7d7139a6a883/container.db]
2023-10-17 18:44:42,155 [ForkJoinPool.commonPool-worker-2] INFO  utils.DatanodeStoreCache (DatanodeStoreCache.java:removeDB(104)) - Removed db /home/runner/work/ozone/ozone/hadoop-ozone/integration-test/target/test-dir/MiniOzoneClusterImpl-ee380501-c2be-4155-a337-7349f62bd525/datanode-0/data-0/containers/hdds/ee380501-c2be-4155-a337-7349f62bd525/DS-4e1fb028-74fa-413d-8375-7d7139a6a883/container.db from cache
2023-10-17 18:44:42,155 [ForkJoinPool.commonPool-worker-2] INFO  volume.HddsVolume (HddsVolume.java:closeDbStore(453)) - SchemaV3 db is stopped at /home/runner/work/ozone/ozone/hadoop-ozone/integration-test/target/test-dir/MiniOzoneClusterImpl-ee380501-c2be-4155-a337-7349f62bd525/datanode-0/data-0/containers/hdds/ee380501-c2be-4155-a337-7349f62bd525/DS-4e1fb028-74fa-413d-8375-7d7139a6a883/container.db for volume DS-4e1fb028-74fa-413d-8375-7d7139a6a883
2023-10-17 18:44:42,155 [ForkJoinPool.commonPool-worker-2] INFO  utils.BackgroundService (BackgroundService.java:shutdown(160)) - Shutting down service BlockDeletingService
2023-10-17 18:44:42,156 [ForkJoinPool.commonPool-worker-2] INFO  utils.BackgroundService (BackgroundService.java:shutdown(160)) - Shutting down service StaleRecoveringContainerScrubbingService
2023-10-17 18:44:42,156 [ForkJoinPool.commonPool-worker-2] INFO  statemachine.DatanodeStateMachine (DatanodeStateMachine.java:stopDaemon(628)) - Ozone container server stopped.
2023-10-17 18:44:42,166 [ForkJoinPool.commonPool-worker-3] INFO  handler.ContextHandler (ContextHandler.java:doStop(1159)) - Stopped o.e.j.w.WebAppContext@415e83da{hddsDatanode,/,null,STOPPED}{jar:file:/home/runner/.m2/repository/org/apache/ozone/hdds-container-service/1.4.0-SNAPSHOT/hdds-container-service-1.4.0-SNAPSHOT.jar!/webapps/hddsDatanode}
2023-10-17 18:44:42,167 [ForkJoinPool.commonPool-worker-3] INFO  server.AbstractConnector (AbstractConnector.java:doStop(383)) - Stopped ServerConnector@4c6d059d{HTTP/1.1, (http/1.1)}{0.0.0.0:15131}
2023-10-17 18:44:42,167 [ForkJoinPool.commonPool-worker-3] INFO  server.session (HouseKeeper.java:stopScavenging(149)) - node0 Stopped scavenging
2023-10-17 18:44:42,168 [ForkJoinPool.commonPool-worker-3] INFO  handler.ContextHandler (ContextHandler.java:doStop(1159)) - Stopped o.e.j.s.ServletContextHandler@69bb60c9{static,/static,jar:file:/home/runner/.m2/repository/org/apache/ozone/hdds-container-service/1.4.0-SNAPSHOT/hdds-container-service-1.4.0-SNAPSHOT.jar!/webapps/static,STOPPED}
2023-10-17 18:44:42,171 [ForkJoinPool.commonPool-worker-3] INFO  handler.ContextHandler (ContextHandler.java:doStop(1159)) - Stopped o.e.j.s.ServletContextHandler@44db30c6{logs,/logs,file:///home/runner/work/ozone/ozone/hadoop-ozone/integration-test/target/log,STOPPED}
2023-10-17 18:44:42,171 [ForkJoinPool.commonPool-worker-2] INFO  handler.ContextHandler (ContextHandler.java:doStop(1159)) - Stopped o.e.j.w.WebAppContext@6e91d8aa{hddsDatanode,/,null,STOPPED}{jar:file:/home/runner/.m2/repository/org/apache/ozone/hdds-container-service/1.4.0-SNAPSHOT/hdds-container-service-1.4.0-SNAPSHOT.jar!/webapps/hddsDatanode}
2023-10-17 18:44:42,171 [ForkJoinPool.commonPool-worker-3] INFO  ozone.HddsDatanodeClientProtocolServer (HddsDatanodeClientProtocolServer.java:stop(78)) - Stopping the RPC server for Client Protocol
2023-10-17 18:44:42,173 [ForkJoinPool.commonPool-worker-3] INFO  ipc.Server (Server.java:stop(3523)) - Stopping server on 15132
2023-10-17 18:44:42,173 [IPC Server listener on 15132] INFO  ipc.Server (Server.java:run(1434)) - Stopping IPC Server listener on 15132
2023-10-17 18:44:42,173 [ForkJoinPool.commonPool-worker-2] INFO  server.AbstractConnector (AbstractConnector.java:doStop(383)) - Stopped ServerConnector@6950da96{HTTP/1.1, (http/1.1)}{0.0.0.0:15113}
2023-10-17 18:44:42,173 [ForkJoinPool.commonPool-worker-2] INFO  server.session (HouseKeeper.java:stopScavenging(149)) - node0 Stopped scavenging
2023-10-17 18:44:42,174 [ForkJoinPool.commonPool-worker-2] INFO  handler.ContextHandler (ContextHandler.java:doStop(1159)) - Stopped o.e.j.s.ServletContextHandler@e69032d{static,/static,jar:file:/home/runner/.m2/repository/org/apache/ozone/hdds-container-service/1.4.0-SNAPSHOT/hdds-container-service-1.4.0-SNAPSHOT.jar!/webapps/static,STOPPED}
2023-10-17 18:44:42,175 [IPC Server Responder] INFO  ipc.Server (Server.java:run(1567)) - Stopping IPC Server Responder
2023-10-17 18:44:42,175 [ForkJoinPool.commonPool-worker-2] INFO  handler.ContextHandler (ContextHandler.java:doStop(1159)) - Stopped o.e.j.s.ServletContextHandler@6e6ef59b{logs,/logs,file:///home/runner/work/ozone/ozone/hadoop-ozone/integration-test/target/log,STOPPED}
2023-10-17 18:44:42,176 [ForkJoinPool.commonPool-worker-2] INFO  ozone.HddsDatanodeClientProtocolServer (HddsDatanodeClientProtocolServer.java:stop(78)) - Stopping the RPC server for Client Protocol
2023-10-17 18:44:42,179 [ForkJoinPool.commonPool-worker-2] INFO  ipc.Server (Server.java:stop(3523)) - Stopping server on 15114
2023-10-17 18:44:42,179 [IPC Server listener on 15114] INFO  ipc.Server (Server.java:run(1434)) - Stopping IPC Server listener on 15114
2023-10-17 18:44:42,182 [IPC Server Responder] INFO  ipc.Server (Server.java:run(1567)) - Stopping IPC Server Responder
2023-10-17 18:44:42,184 [Time-limited test] INFO  ozone.MiniOzoneClusterImpl (MiniOzoneClusterImpl.java:stopSCM(548)) - Stopping the StorageContainerManager
2023-10-17 18:44:42,184 [Time-limited test] INFO  server.StorageContainerManager (StorageContainerManager.java:stop(1600)) - Container Balancer is not running.
2023-10-17 18:44:42,184 [Time-limited test] INFO  server.StorageContainerManager (StorageContainerManager.java:stopReplicationManager(1733)) - Stopping Replication Manager Service.
2023-10-17 18:44:42,184 [Time-limited test] INFO  replication.ReplicationManager (ReplicationManager.java:stop(323)) - Stopping Replication Monitor Thread.
2023-10-17 18:44:42,184 [Time-limited test] INFO  server.StorageContainerManager (StorageContainerManager.java:stop(1609)) - Stopping the Datanode Admin Monitor.
2023-10-17 18:44:42,184 [Under Replicated Processor] WARN  replication.UnhealthyReplicationProcessor (UnhealthyReplicationProcessor.java:run(180)) - Under Replicated Processor interrupted. Exiting...
2023-10-17 18:44:42,184 [Time-limited test] INFO  server.StorageContainerManager (StorageContainerManager.java:stop(1616)) - Stopping datanode service RPC server
2023-10-17 18:44:42,184 [Time-limited test] INFO  server.SCMDatanodeProtocolServer (SCMDatanodeProtocolServer.java:stop(424)) - Stopping the RPC server for DataNodes
2023-10-17 18:44:42,184 [Time-limited test] INFO  ipc.Server (Server.java:stop(3523)) - Stopping server on 15106
2023-10-17 18:44:42,184 [ReplicationMonitor] INFO  replication.ReplicationManager (ReplicationManager.java:run(921)) - Replication Monitor Thread is stopped
2023-10-17 18:44:42,185 [Over Replicated Processor] WARN  replication.UnhealthyReplicationProcessor (UnhealthyReplicationProcessor.java:run(180)) - Over Replicated Processor interrupted. Exiting...
2023-10-17 18:44:42,187 [IPC Server listener on 15106] INFO  ipc.Server (Server.java:run(1434)) - Stopping IPC Server listener on 15106
2023-10-17 18:44:42,188 [IPC Server Responder] INFO  ipc.Server (Server.java:run(1567)) - Stopping IPC Server Responder
2023-10-17 18:44:42,189 [SCM Heartbeat Processing Thread - 0] WARN  node.NodeStateManager (NodeStateManager.java:scheduleNextHealthCheck(874)) - Current Thread is interrupted, shutting down HB processing thread for Node Manager.
2023-10-17 18:44:42,190 [Time-limited test] INFO  server.StorageContainerManager (StorageContainerManager.java:stop(1624)) - Stopping block service RPC server
2023-10-17 18:44:42,190 [Time-limited test] INFO  server.SCMBlockProtocolServer (SCMBlockProtocolServer.java:stop(163)) - Stopping the RPC server for Block Protocol
2023-10-17 18:44:42,190 [Time-limited test] INFO  ipc.Server (Server.java:stop(3523)) - Stopping server on 15105
2023-10-17 18:44:42,191 [Time-limited test] INFO  server.StorageContainerManager (StorageContainerManager.java:stop(1631)) - Stopping the StorageContainerLocationProtocol RPC server
2023-10-17 18:44:42,191 [IPC Server listener on 15105] INFO  ipc.Server (Server.java:run(1434)) - Stopping IPC Server listener on 15105
2023-10-17 18:44:42,192 [Time-limited test] INFO  server.SCMClientProtocolServer (SCMClientProtocolServer.java:stop(210)) - Stopping the RPC server for Client Protocol
2023-10-17 18:44:42,192 [Time-limited test] INFO  ipc.Server (Server.java:stop(3523)) - Stopping server on 15104
2023-10-17 18:44:42,191 [IPC Server Responder] INFO  ipc.Server (Server.java:run(1567)) - Stopping IPC Server Responder
2023-10-17 18:44:42,192 [IPC Server listener on 15104] INFO  ipc.Server (Server.java:run(1434)) - Stopping IPC Server listener on 15104
2023-10-17 18:44:42,193 [IPC Server Responder] INFO  ipc.Server (Server.java:run(1567)) - Stopping IPC Server Responder
2023-10-17 18:44:42,193 [Time-limited test] INFO  server.StorageContainerManager (StorageContainerManager.java:stop(1638)) - Stopping Storage Container Manager HTTP server.
2023-10-17 18:44:42,194 [Time-limited test] INFO  handler.ContextHandler (ContextHandler.java:doStop(1159)) - Stopped o.e.j.w.WebAppContext@6678647c{scm,/,null,STOPPED}{file:/home/runner/work/ozone/ozone/hadoop-ozone/integration-test/target/test-classes/webapps/scm}
2023-10-17 18:44:42,195 [Time-limited test] INFO  server.AbstractConnector (AbstractConnector.java:doStop(383)) - Stopped ServerConnector@4e0ccfe2{HTTP/1.1, (http/1.1)}{0.0.0.0:15107}
2023-10-17 18:44:42,196 [Time-limited test] INFO  server.session (HouseKeeper.java:stopScavenging(149)) - node0 Stopped scavenging
2023-10-17 18:44:42,196 [Time-limited test] INFO  handler.ContextHandler (ContextHandler.java:doStop(1159)) - Stopped o.e.j.s.ServletContextHandler@783cb357{static,/static,file:///home/runner/work/ozone/ozone/hadoop-ozone/integration-test/target/test-classes/webapps/static,STOPPED}
2023-10-17 18:44:42,196 [Time-limited test] INFO  handler.ContextHandler (ContextHandler.java:doStop(1159)) - Stopped o.e.j.s.ServletContextHandler@1043bf6f{logs,/logs,file:///home/runner/work/ozone/ozone/hadoop-ozone/integration-test/target/log,STOPPED}
2023-10-17 18:44:42,197 [Time-limited test] INFO  server.StorageContainerManager (StorageContainerManager.java:stop(1646)) - Stopping SCM LayoutVersionManager Service.
2023-10-17 18:44:42,197 [Time-limited test] INFO  server.StorageContainerManager (StorageContainerManager.java:stop(1658)) - Stopping Block Manager Service.
2023-10-17 18:44:42,197 [Time-limited test] INFO  utils.BackgroundService (BackgroundService.java:shutdown(160)) - Shutting down service SCMBlockDeletingService
2023-10-17 18:44:42,198 [Time-limited test] INFO  utils.BackgroundService (BackgroundService.java:shutdown(160)) - Shutting down service SCMBlockDeletingService
2023-10-17 18:44:42,198 [Time-limited test] INFO  server.StorageContainerManager (StorageContainerManager.java:stop(1678)) - Stopping SCM Event Queue.
2023-10-17 18:44:42,199 [JvmPauseMonitor17] INFO  util.JvmPauseMonitor (JvmPauseMonitor.java:run(109)) - JvmPauseMonitor-1d7294ae-1163-45fd-bc7d-604ed8673e87: Stopped
2023-10-17 18:44:42,199 [Time-limited test] INFO  server.StorageContainerManager (StorageContainerManager.java:stop(1689)) - Stopping SCM HA services.
2023-10-17 18:44:42,199 [Time-limited test] INFO  pipeline.BackgroundPipelineCreator (BackgroundPipelineCreator.java:stop(149)) - Stopping RatisPipelineUtilsThread.
2023-10-17 18:44:42,199 [RatisPipelineUtilsThread - 0] WARN  pipeline.BackgroundPipelineCreator (BackgroundPipelineCreator.java:run(180)) - RatisPipelineUtilsThread is interrupted.
2023-10-17 18:44:42,200 [BackgroundPipelineScrubberThread] WARN  BackgroundPipelineScrubber (BackgroundSCMService.java:run(115)) - BackgroundPipelineScrubber is interrupted, exit
2023-10-17 18:44:42,200 [Time-limited test] INFO  BackgroundPipelineScrubber (BackgroundSCMService.java:stop(131)) - Stopping BackgroundPipelineScrubber Service.
2023-10-17 18:44:42,200 [Time-limited test] INFO  impl.MetricsSystemImpl (MetricsSystemImpl.java:stop(210)) - Stopping HddsDatanode metrics system...
2023-10-17 18:44:42,202 [prometheus] INFO  impl.MetricsSinkAdapter (MetricsSinkAdapter.java:publishMetricsFromQueue(141)) - prometheus thread interrupted.
2023-10-17 18:44:42,202 [Time-limited test] INFO  impl.MetricsSystemImpl (MetricsSystemImpl.java:stop(216)) - HddsDatanode metrics system stopped.
2023-10-17 18:44:42,202 [Time-limited test] WARN  pipeline.BackgroundPipelineCreator (BackgroundPipelineCreator.java:stop(145)) - RatisPipelineUtilsThread is not running, just ignore.
2023-10-17 18:44:42,203 [Time-limited test] INFO  BackgroundPipelineScrubber (BackgroundSCMService.java:stop(126)) - BackgroundPipelineScrubber Service is not running, skip stop.
2023-10-17 18:44:42,203 [Time-limited test] INFO  ExpiredContainerReplicaOpScrubber (BackgroundSCMService.java:stop(131)) - Stopping ExpiredContainerReplicaOpScrubber Service.
2023-10-17 18:44:42,203 [Time-limited test] INFO  utils.BackgroundService (BackgroundService.java:shutdown(160)) - Shutting down service SCMBlockDeletingService
2023-10-17 18:44:42,203 [ExpiredContainerReplicaOpScrubberThread] WARN  ExpiredContainerReplicaOpScrubber (BackgroundSCMService.java:run(115)) - ExpiredContainerReplicaOpScrubber is interrupted, exit
2023-10-17 18:44:42,203 [Time-limited test] INFO  replication.ReplicationManager (ReplicationManager.java:stop(333)) - Replication Monitor Thread is not running.
2023-10-17 18:44:42,203 [Time-limited test] WARN  balancer.ContainerBalancer (ContainerBalancer.java:stop(326)) - Cannot stop Container Balancer because it's not running or stopping
2023-10-17 18:44:42,203 [LeaseManager#LeaseMonitor] WARN  lease.LeaseManager (LeaseManager.java:run(287)) - Lease manager is interrupted. Shutting down...
java.lang.InterruptedException
	at java.util.concurrent.locks.AbstractQueuedSynchronizer.doAcquireSharedNanos(AbstractQueuedSynchronizer.java:1039)
	at java.util.concurrent.locks.AbstractQueuedSynchronizer.tryAcquireSharedNanos(AbstractQueuedSynchronizer.java:1328)
	at java.util.concurrent.Semaphore.tryAcquire(Semaphore.java:409)
	at org.apache.hadoop.ozone.lease.LeaseManager$LeaseMonitor.run(LeaseManager.java:285)
	at java.lang.Thread.run(Thread.java:750)
2023-10-17 18:44:42,203 [Time-limited test] INFO  server.StorageContainerManager (StorageContainerManager.java:stop(1724)) - Stopping SCM MetadataStore.
2023-10-17 18:44:42,236 [Time-limited test] INFO  db.CodecTestUtil (CodecTestUtil.java:gc(47)) - gc 0
2023-10-17 18:44:42,650 [Time-limited test] WARN  server.ServerUtils (ServerUtils.java:getScmDbDir(155)) - ozone.scm.db.dirs is not configured. We recommend adding this setting. Falling back to ozone.metadata.dirs instead.
2023-10-17 18:44:42,657 [Time-limited test] WARN  server.ServerUtils (ServerUtils.java:getScmDbDir(155)) - ozone.scm.db.dirs is not configured. We recommend adding this setting. Falling back to ozone.metadata.dirs instead.
2023-10-17 18:44:42,658 [Time-limited test] INFO  ha.SCMHANodeDetails (SCMHANodeDetails.java:loadSCMHAConfig(210)) - ServiceID for StorageContainerManager is null
2023-10-17 18:44:42,658 [Time-limited test] INFO  ha.SCMHANodeDetails (SCMHANodeDetails.java:loadSCMHAConfig(215)) - ozone.scm.default.service.id is not defined, falling back to ozone.scm.service.ids to find serviceID for StorageContainerManager if it is HA enabled cluster
2023-10-17 18:44:42,659 [Time-limited test] WARN  utils.HAUtils (HAUtils.java:getMetaDir(339)) - ozone.scm.db.dirs is not configured. We recommend adding this setting. Falling back to ozone.metadata.dirs instead.
2023-10-17 18:44:42,660 [Time-limited test] WARN  db.DBStoreBuilder (DBStoreBuilder.java:applyDBDefinition(167)) - ozone.scm.db.dirs is not configured. We recommend adding this setting. Falling back to ozone.metadata.dirs instead.
2023-10-17 18:44:42,783 [Time-limited test] INFO  net.NodeSchemaLoader (NodeSchemaLoader.java:loadSchemaFromFile(129)) - Loading schema from [jar:file:/home/runner/.m2/repository/org/apache/ozone/hdds-common/1.4.0-SNAPSHOT/hdds-common-1.4.0-SNAPSHOT.jar!/network-topology-default.xml]
2023-10-17 18:44:42,783 [Time-limited test] INFO  net.NodeSchemaLoader (NodeSchemaLoader.java:loadSchema(176)) - Loading network topology layer schema file
2023-10-17 18:44:42,787 [Time-limited test] INFO  upgrade.AbstractLayoutVersionManager (AbstractLayoutVersionManager.java:init(83)) - Initializing Layout version manager with metadata layout = HADOOP_PRC_PORTS_IN_DATANODEDETAILS (version = 7), software layout = HADOOP_PRC_PORTS_IN_DATANODEDETAILS (version = 7)
2023-10-17 18:44:42,790 [Time-limited test] INFO  ha.SequenceIdGenerator (SequenceIdGenerator.java:upgradeToSequenceId(365)) - upgrade localId to 111677748019200000
2023-10-17 18:44:42,792 [Time-limited test] INFO  ha.SequenceIdGenerator (SequenceIdGenerator.java:upgradeToSequenceId(375)) - upgrade delTxnId to 0
2023-10-17 18:44:42,794 [Time-limited test] INFO  ha.SequenceIdGenerator (SequenceIdGenerator.java:upgradeToSequenceId(392)) - upgrade containerId to 0
2023-10-17 18:44:42,794 [Time-limited test] INFO  ha.SequenceIdGenerator (SequenceIdGenerator.java:upgradeToSequenceId(428)) - upgrade rootCertificateId to 1
2023-10-17 18:44:42,794 [Time-limited test] INFO  ha.SequenceIdGenerator (SequenceIdGenerator.java:<init>(236)) - Init the HA SequenceIdGenerator.
2023-10-17 18:44:42,795 [Time-limited test] WARN  server.ServerUtils (ServerUtils.java:sanitizeUserArgs(80)) - ozone.scm.stale.node.interval value = 300000 is larger than max = 100000 based on the key value of ozone.scm.heartbeat.thread.interval, reset to the max value 100000.
2023-10-17 18:44:42,795 [Time-limited test] WARN  server.ServerUtils (ServerUtils.java:sanitizeUserArgs(80)) - ozone.scm.stale.node.interval value = 300000 is larger than max = 100000 based on the key value of ozone.scm.heartbeat.thread.interval, reset to the max value 100000.
2023-10-17 18:44:42,798 [Time-limited test] INFO  node.SCMNodeManager (SCMNodeManager.java:<init>(157)) - Entering startup safe mode.
2023-10-17 18:44:42,799 [Time-limited test] INFO  algorithms.ContainerPlacementPolicyFactory (ContainerPlacementPolicyFactory.java:getPolicyInternal(86)) - Create container placement policy of type org.apache.hadoop.hdds.scm.container.placement.algorithms.SCMContainerPlacementRackAware
2023-10-17 18:44:42,799 [Time-limited test] INFO  algorithms.ContainerPlacementPolicyFactory (ContainerPlacementPolicyFactory.java:getPolicyInternal(86)) - Create container placement policy of type org.apache.hadoop.hdds.scm.container.placement.algorithms.SCMContainerPlacementRackScatter
2023-10-17 18:44:42,799 [Time-limited test] INFO  pipeline.PipelineStateManagerImpl (PipelineStateManagerImpl.java:initialize(78)) - No pipeline exists in current db
2023-10-17 18:44:42,800 [Time-limited test] INFO  algorithms.LeaderChoosePolicyFactory (LeaderChoosePolicyFactory.java:getPolicy(57)) - Create leader choose policy of type org.apache.hadoop.hdds.scm.pipeline.leader.choose.algorithms.MinLeaderCountChoosePolicy
2023-10-17 18:44:42,800 [Time-limited test] INFO  algorithms.ContainerPlacementPolicyFactory (ContainerPlacementPolicyFactory.java:getPolicyInternal(86)) - Create container placement policy of type org.apache.hadoop.hdds.scm.container.placement.algorithms.SCMContainerPlacementRackScatter
2023-10-17 18:44:42,800 [Time-limited test] INFO  ha.SCMServiceManager (SCMServiceManager.java:register(42)) - Registering service BackgroundPipelineCreator.
2023-10-17 18:44:42,800 [Time-limited test] INFO  pipeline.BackgroundPipelineCreator (BackgroundPipelineCreator.java:start(124)) - Starting RatisPipelineUtilsThread.
2023-10-17 18:44:42,800 [Time-limited test] INFO  BackgroundPipelineScrubber (BackgroundSCMService.java:start(68)) - Starting BackgroundPipelineScrubber Service.
2023-10-17 18:44:42,801 [Time-limited test] INFO  ha.SCMServiceManager (SCMServiceManager.java:register(42)) - Registering service BackgroundPipelineScrubber.
2023-10-17 18:44:42,802 [Time-limited test] INFO  ExpiredContainerReplicaOpScrubber (BackgroundSCMService.java:start(68)) - Starting ExpiredContainerReplicaOpScrubber Service.
2023-10-17 18:44:42,802 [Time-limited test] INFO  ha.SCMServiceManager (SCMServiceManager.java:register(42)) - Registering service ExpiredContainerReplicaOpScrubber.
2023-10-17 18:44:42,803 [Time-limited test] INFO  algorithms.PipelineChoosePolicyFactory (PipelineChoosePolicyFactory.java:createPipelineChoosePolicyFromClass(78)) - Create pipeline choose policy of type org.apache.hadoop.hdds.scm.pipeline.choose.algorithms.RandomPipelineChoosePolicy
2023-10-17 18:44:42,803 [Time-limited test] INFO  algorithms.PipelineChoosePolicyFactory (PipelineChoosePolicyFactory.java:createPipelineChoosePolicyFromClass(78)) - Create pipeline choose policy of type org.apache.hadoop.hdds.scm.pipeline.choose.algorithms.RandomPipelineChoosePolicy
2023-10-17 18:44:42,803 [Time-limited test] INFO  ha.SCMServiceManager (SCMServiceManager.java:register(42)) - Registering service SCMBlockDeletingService.
2023-10-17 18:44:42,804 [Time-limited test] INFO  replication.ReplicationManager (ReplicationManager.java:start(291)) - Starting Replication Monitor Thread.
2023-10-17 18:44:42,805 [Time-limited test] INFO  ha.SCMServiceManager (SCMServiceManager.java:register(42)) - Registering service ReplicationManager.
2023-10-17 18:44:42,805 [Time-limited test] INFO  safemode.ContainerSafeModeRule (ContainerSafeModeRule.java:<init>(90)) - containers with one replica threshold count 0
2023-10-17 18:44:42,805 [Time-limited test] INFO  safemode.HealthyPipelineSafeModeRule (HealthyPipelineSafeModeRule.java:initializeRule(169)) - Total pipeline count is 0, healthy pipeline threshold count is 1
2023-10-17 18:44:42,805 [Time-limited test] INFO  safemode.OneReplicaPipelineSafeModeRule (OneReplicaPipelineSafeModeRule.java:initializeRule(180)) - Total pipeline count is 0, pipeline's with at least one datanode reported threshold count is 0
2023-10-17 18:44:42,806 [Time-limited test] INFO  server.StorageContainerManager (StorageContainerManager.java:<init>(427)) - SCM start with adminUsers: [adminUser1, adminUser2, runner]
2023-10-17 18:44:42,806 [Time-limited test] INFO  ipc.CallQueueManager (CallQueueManager.java:<init>(90)) - Using callQueue: class java.util.concurrent.LinkedBlockingQueue, queueCapacity: 2000, scheduler: class org.apache.hadoop.ipc.DefaultRpcScheduler, ipcBackoff: false.
2023-10-17 18:44:42,806 [Time-limited test] INFO  ipc.Server (Server.java:<init>(1287)) - Listener at 0.0.0.0:15141
2023-10-17 18:44:42,807 [ReplicationMonitor] INFO  replication.ReplicationManager (ReplicationManager.java:processAll(365)) - Replication Manager is not ready to run until 3000ms after safemode exit
2023-10-17 18:44:42,810 [Socket Reader #1 for port 15141] INFO  ipc.Server (Server.java:run(1323)) - Starting Socket Reader #1 for port 15141
2023-10-17 18:44:42,814 [Time-limited test] INFO  ipc.CallQueueManager (CallQueueManager.java:<init>(90)) - Using callQueue: class java.util.concurrent.LinkedBlockingQueue, queueCapacity: 2000, scheduler: class org.apache.hadoop.ipc.DefaultRpcScheduler, ipcBackoff: false.
2023-10-17 18:44:42,815 [Time-limited test] INFO  ipc.Server (Server.java:<init>(1287)) - Listener at 0.0.0.0:15140
2023-10-17 18:44:42,815 [Socket Reader #1 for port 15140] INFO  ipc.Server (Server.java:run(1323)) - Starting Socket Reader #1 for port 15140
2023-10-17 18:44:42,816 [Time-limited test] INFO  ipc.CallQueueManager (CallQueueManager.java:<init>(90)) - Using callQueue: class java.util.concurrent.LinkedBlockingQueue, queueCapacity: 2000, scheduler: class org.apache.hadoop.ipc.DefaultRpcScheduler, ipcBackoff: false.
2023-10-17 18:44:42,816 [Time-limited test] INFO  ipc.Server (Server.java:<init>(1287)) - Listener at 0.0.0.0:15139
2023-10-17 18:44:42,816 [Socket Reader #1 for port 15139] INFO  ipc.Server (Server.java:run(1323)) - Starting Socket Reader #1 for port 15139
2023-10-17 18:44:42,822 [Time-limited test] INFO  ha.SCMServiceManager (SCMServiceManager.java:register(42)) - Registering service ContainerBalancer.
2023-10-17 18:44:42,822 [Time-limited test] INFO  server.StorageContainerManager (StorageContainerManager.java:<init>(440)) - 
Container Balancer status:
Key                            Value
Running                        false
Container Balancer Configuration values:
Key                                                Value
Threshold                                          10
Max Datanodes to Involve per Iteration(percent)    20
Max Size to Move per Iteration                     500GB
Max Size Entering Target per Iteration             26GB
Max Size Leaving Source per Iteration              26GB
Number of Iterations                               10
Time Limit for Single Container's Movement         65min
Time Limit for Single Container's Replication      50min
Interval between each Iteration                    70min
Whether to Enable Network Topology                 false
Whether to Trigger Refresh Datanode Usage Info     false
Container IDs to Exclude from Balancing            None
Datanodes Specified to be Balanced                 None
Datanodes Excluded from Balancing                  None

2023-10-17 18:44:42,822 [Time-limited test] INFO  ha.SCMContext (SCMContext.java:updateSafeModeStatus(230)) - Update SafeModeStatus from SafeModeStatus{safeModeStatus=true, preCheckPassed=false} to SafeModeStatus{safeModeStatus=true, preCheckPassed=false}.
2023-10-17 18:44:42,830 [Time-limited test] INFO  server.StorageContainerManager (StorageContainerManager.java:start(1492)) - StorageContainerLocationProtocol RPC server is listening at /0.0.0.0:15139
2023-10-17 18:44:42,835 [Time-limited test] WARN  impl.MetricsConfig (MetricsConfig.java:loadFirst(136)) - Cannot locate configuration: tried hadoop-metrics2-storagecontainermanager.properties,hadoop-metrics2.properties
2023-10-17 18:44:42,841 [Time-limited test] INFO  impl.MetricsSystemImpl (MetricsSystemImpl.java:startTimer(378)) - Scheduled Metric snapshot period at 10 second(s).
2023-10-17 18:44:42,841 [Time-limited test] INFO  impl.MetricsSystemImpl (MetricsSystemImpl.java:start(191)) - StorageContainerManager metrics system started
2023-10-17 18:44:42,850 [Time-limited test] INFO  impl.MetricsSinkAdapter (MetricsSinkAdapter.java:start(204)) - Sink prometheus started
2023-10-17 18:44:42,850 [Time-limited test] INFO  impl.MetricsSystemImpl (MetricsSystemImpl.java:registerSink(305)) - Registered sink prometheus
2023-10-17 18:44:42,874 [Time-limited test] INFO  server.SCMClientProtocolServer (SCMClientProtocolServer.java:start(201)) - RPC server for Client  is listening at /0.0.0.0:15139
2023-10-17 18:44:42,875 [IPC Server Responder] INFO  ipc.Server (Server.java:run(1562)) - IPC Server Responder: starting
2023-10-17 18:44:42,884 [Time-limited test] INFO  server.StorageContainerManager (StorageContainerManager.java:start(1505)) - ScmBlockLocationProtocol RPC server is listening at /0.0.0.0:15140
2023-10-17 18:44:42,884 [Time-limited test] INFO  server.SCMBlockProtocolServer (SCMBlockProtocolServer.java:start(154)) - RPC server for Block Protocol is listening at /0.0.0.0:15140
2023-10-17 18:44:42,884 [IPC Server Responder] INFO  ipc.Server (Server.java:run(1562)) - IPC Server Responder: starting
2023-10-17 18:44:42,885 [IPC Server listener on 15140] INFO  ipc.Server (Server.java:run(1402)) - IPC Server listener on 15140: starting
2023-10-17 18:44:42,887 [Time-limited test] INFO  server.SCMDatanodeProtocolServer (SCMDatanodeProtocolServer.java:start(193)) - ScmDatanodeProtocol RPC server for DataNodes is listening at /0.0.0.0:15141
2023-10-17 18:44:42,888 [IPC Server Responder] INFO  ipc.Server (Server.java:run(1562)) - IPC Server Responder: starting
2023-10-17 18:44:42,889 [IPC Server listener on 15141] INFO  ipc.Server (Server.java:run(1402)) - IPC Server listener on 15141: starting
2023-10-17 18:44:42,894 [IPC Server listener on 15139] INFO  ipc.Server (Server.java:run(1402)) - IPC Server listener on 15139: starting
2023-10-17 18:44:42,896 [JvmPauseMonitor22] INFO  util.JvmPauseMonitor (JvmPauseMonitor.java:run(103)) - JvmPauseMonitor-ea1d22ae-08e0-4438-8eab-3e42a71ef6f0: Started
2023-10-17 18:44:42,897 [Time-limited test] INFO  http.BaseHttpServer (BaseHttpServer.java:newHttpServer2BuilderForOzone(223)) - Starting Web-server for scm at: http://0.0.0.0:15142
2023-10-17 18:44:42,897 [Time-limited test] INFO  http.BaseHttpServer (BaseHttpServer.java:<init>(110)) - Hadoop Security Enabled: false Ozone Security Enabled: false Ozone HTTP Security Enabled: false 
2023-10-17 18:44:42,899 [Time-limited test] WARN  server.AuthenticationFilter (AuthenticationFilter.java:constructSecretProvider(240)) - Unable to initialize FileSignerSecretProvider, falling back to use random secrets. Reason: Could not read signature secret file: /home/runner/hadoop-http-auth-signature-secret
2023-10-17 18:44:42,899 [Time-limited test] INFO  http.HttpRequestLog (HttpRequestLog.java:getRequestLog(86)) - Http request log for http.requests.scm is not defined
2023-10-17 18:44:42,901 [Time-limited test] INFO  http.HttpServer2 (HttpServer2.java:addGlobalFilter(1031)) - Added global filter 'safety' (class=org.apache.hadoop.hdds.server.http.HttpServer2$QuotingInputFilter)
2023-10-17 18:44:42,901 [Time-limited test] INFO  http.HttpServer2 (HttpServer2.java:addFilter(1007)) - Added filter static_user_filter (class=org.apache.hadoop.http.lib.StaticUserWebFilter$StaticUserFilter) to context scm
2023-10-17 18:44:42,901 [Time-limited test] INFO  http.HttpServer2 (HttpServer2.java:addFilter(1015)) - Added filter static_user_filter (class=org.apache.hadoop.http.lib.StaticUserWebFilter$StaticUserFilter) to context logs
2023-10-17 18:44:42,901 [Time-limited test] INFO  http.HttpServer2 (HttpServer2.java:addFilter(1015)) - Added filter static_user_filter (class=org.apache.hadoop.http.lib.StaticUserWebFilter$StaticUserFilter) to context static
2023-10-17 18:44:42,902 [Time-limited test] INFO  http.BaseHttpServer (BaseHttpServer.java:<init>(189)) - HTTP server of scm uses base directory /home/runner/work/ozone/ozone/hadoop-ozone/integration-test/target/test-dir/MiniOzoneClusterImpl-d744795c-134c-47f3-98d5-5c735d9275da/ozone-meta/webserver
2023-10-17 18:44:42,902 [Time-limited test] INFO  http.HttpServer2 (HttpServer2.java:bindListener(1231)) - Jetty bound to port 15142
2023-10-17 18:44:42,903 [Time-limited test] INFO  server.Server (Server.java:doStart(375)) - jetty-9.4.53.v20231009; built: 2023-10-09T12:29:09.265Z; git: 27bde00a0b95a1d5bbee0eae7984f891d2d0f8c9; jvm 1.8.0_382-b05
2023-10-17 18:44:42,907 [Time-limited test] INFO  server.session (DefaultSessionIdManager.java:doStart(334)) - DefaultSessionIdManager workerName=node0
2023-10-17 18:44:42,907 [Time-limited test] INFO  server.session (DefaultSessionIdManager.java:doStart(339)) - No SessionScavenger set, using defaults
2023-10-17 18:44:42,907 [Time-limited test] INFO  server.session (HouseKeeper.java:startScavenging(132)) - node0 Scavenging every 600000ms
2023-10-17 18:44:42,909 [Time-limited test] INFO  handler.ContextHandler (ContextHandler.java:doStart(921)) - Started o.e.j.s.ServletContextHandler@77744f3a{logs,/logs,file:///home/runner/work/ozone/ozone/hadoop-ozone/integration-test/target/log,AVAILABLE}
2023-10-17 18:44:42,909 [Time-limited test] INFO  handler.ContextHandler (ContextHandler.java:doStart(921)) - Started o.e.j.s.ServletContextHandler@2ea3c2ad{static,/static,file:///home/runner/work/ozone/ozone/hadoop-ozone/integration-test/target/test-classes/webapps/static,AVAILABLE}
2023-10-17 18:44:42,914 [Time-limited test] INFO  handler.ContextHandler (ContextHandler.java:doStart(921)) - Started o.e.j.w.WebAppContext@35022aec{scm,/,file:///home/runner/work/ozone/ozone/hadoop-ozone/integration-test/target/test-classes/webapps/scm/,AVAILABLE}{file:/home/runner/work/ozone/ozone/hadoop-ozone/integration-test/target/test-classes/webapps/scm}
2023-10-17 18:44:42,916 [Time-limited test] INFO  server.AbstractConnector (AbstractConnector.java:doStart(333)) - Started ServerConnector@7316ee57{HTTP/1.1, (http/1.1)}{0.0.0.0:15142}
2023-10-17 18:44:42,916 [Time-limited test] INFO  server.Server (Server.java:doStart(415)) - Started @143630ms
2023-10-17 18:44:42,916 [Time-limited test] WARN  impl.MetricsSystemImpl (MetricsSystemImpl.java:register(279)) - Sink prometheus already exists!
2023-10-17 18:44:42,917 [Time-limited test] INFO  http.BaseHttpServer (BaseHttpServer.java:updateConnectorAddress(354)) - HTTP server of scm listening at http://0.0.0.0:15142
2023-10-17 18:44:42,917 [Time-limited test] WARN  server.ServerUtils (ServerUtils.java:getDBPath(311)) - ozone.om.db.dirs is not configured. We recommend adding this setting. Falling back to ozone.metadata.dirs instead.
2023-10-17 18:44:42,919 [Time-limited test] INFO  ha.OMHANodeDetails (OMHANodeDetails.java:loadOMHAConfig(115)) - ozone.om.internal.service.id is not defined, falling back to ozone.om.service.ids to find serviceID for OzoneManager if it is HA enabled cluster
2023-10-17 18:44:42,919 [Time-limited test] INFO  ha.OMHANodeDetails (OMHANodeDetails.java:loadOMHAConfig(226)) - Configuration does not have ozone.om.address set. Falling back to the default OM address /127.0.0.1:15143
2023-10-17 18:44:42,919 [Time-limited test] INFO  ha.OMHANodeDetails (OMHANodeDetails.java:getOMNodeDetailsForNonHA(254)) - OM Service ID is not set. Setting it to the default ID: omServiceIdDefault
2023-10-17 18:44:42,919 [Time-limited test] INFO  ha.OMHANodeDetails (OMHANodeDetails.java:getOMNodeDetailsForNonHA(261)) - OM Node ID is not set. Setting it to the default ID: om1
2023-10-17 18:44:42,919 [Time-limited test] WARN  server.ServerUtils (ServerUtils.java:getDBPath(311)) - ozone.om.db.dirs is not configured. We recommend adding this setting. Falling back to ozone.metadata.dirs instead.
2023-10-17 18:44:42,920 [Time-limited test] INFO  upgrade.AbstractLayoutVersionManager (AbstractLayoutVersionManager.java:init(83)) - Initializing Layout version manager with metadata layout = QUOTA (version = 6), software layout = QUOTA (version = 6)
2023-10-17 18:44:43,014 [Time-limited test] INFO  reflections.Reflections (Reflections.java:scan(232)) - Reflections took 93 ms to scan 2 urls, producing 190 keys and 532 values [using 2 cores]
2023-10-17 18:44:43,014 [Time-limited test] INFO  upgrade.OMLayoutVersionManager (OMLayoutVersionManager.java:lambda$0(115)) - Skipping Upgrade Action MockOmUpgradeAction since it has been finalized.
2023-10-17 18:44:43,014 [Time-limited test] INFO  upgrade.OMLayoutVersionManager (OMLayoutVersionManager.java:lambda$0(115)) - Skipping Upgrade Action QuotaRepairUpgradeAction since it has been finalized.
2023-10-17 18:44:43,014 [Time-limited test] WARN  server.ServerUtils (ServerUtils.java:getDBPath(311)) - ozone.om.db.dirs is not configured. We recommend adding this setting. Falling back to ozone.metadata.dirs instead.
2023-10-17 18:44:43,015 [Time-limited test] INFO  proxy.SCMBlockLocationFailoverProxyProvider (SCMBlockLocationFailoverProxyProvider.java:<init>(114)) - Created block location fail-over proxy with 1 nodes: [nodeId=scmNodeId,nodeAddress=/0.0.0.0:15140]
2023-10-17 18:44:43,016 [Time-limited test] INFO  proxy.SCMBlockLocationFailoverProxyProvider (SCMBlockLocationFailoverProxyProvider.java:<init>(114)) - Created block location fail-over proxy with 1 nodes: [nodeId=scmNodeId,nodeAddress=/0.0.0.0:15140]
2023-10-17 18:44:43,033 [Time-limited test] INFO  om.OzoneManager (OzoneManager.java:<init>(671)) - OM start with adminUsers: [adminUser1, adminUser2, runner]
2023-10-17 18:44:43,034 [Time-limited test] WARN  server.ServerUtils (ServerUtils.java:getDBPath(311)) - ozone.om.db.dirs is not configured. We recommend adding this setting. Falling back to ozone.metadata.dirs instead.
2023-10-17 18:44:43,035 [Time-limited test] INFO  helpers.OmKeyInfo (OmKeyInfo.java:getCodec(71)) - OmKeyInfo.getCodec ignorePipeline = true
2023-10-17 18:44:43,265 [Time-limited test] INFO  om.OzoneManager (OzoneManager.java:instantiateServices(800)) - S3 Multi-Tenancy is disabled
2023-10-17 18:44:43,266 [Time-limited test] INFO  om.OmSnapshotManager (OmSnapshotManager.java:<init>(174)) - Ozone filesystem snapshot feature is enabled.
2023-10-17 18:44:43,266 [Time-limited test] WARN  server.ServerUtils (ServerUtils.java:getDBPath(311)) - ozone.om.snapshot.diff.db.dir is not configured. We recommend adding this setting. Falling back to ozone.metadata.dirs instead.
2023-10-17 18:44:43,304 [Time-limited test] INFO  snapshot.SnapshotDiffManager (SnapshotDiffManager.java:closeExecutorService(1720)) - Shutting down executorService: 'SstDumpToolExecutor'
2023-10-17 18:44:43,306 [Time-limited test] INFO  om.OzoneManager (OzoneManager.java:addS3GVolumeToDB(4376)) - Created Volume s3v With Owner runner required for S3Gateway operations.
2023-10-17 18:44:43,306 [Time-limited test] WARN  server.ServerUtils (ServerUtils.java:getDefaultRatisDirectory(323)) - Storage directory for Ratis is not configured. It is a good idea to map this to an SSD disk. Falling back to ozone.metadata.dirs
2023-10-17 18:44:43,306 [Time-limited test] WARN  utils.OzoneManagerRatisUtils (OzoneManagerRatisUtils.java:getOMRatisSnapshotDirectory(470)) - ozone.om.ratis.snapshot.dir is not configured. Falling back to ozone.metadata.dirs config
2023-10-17 18:44:43,307 [Time-limited test] WARN  server.ServerUtils (ServerUtils.java:getDefaultRatisDirectory(323)) - Storage directory for Ratis is not configured. It is a good idea to map this to an SSD disk. Falling back to ozone.metadata.dirs
2023-10-17 18:44:43,308 [Time-limited test] INFO  ratis.OzoneManagerRatisServer (OzoneManagerRatisServer.java:<init>(164)) - Instantiating OM Ratis server with groupID: omServiceIdDefault and peers: localhost:15146
2023-10-17 18:44:43,308 [Time-limited test] INFO  ratis.OzoneManagerStateMachine (OzoneManagerStateMachine.java:loadSnapshotInfoFromDB(691)) - LastAppliedIndex is set from TransactionInfo from OM DB as (t:0, i:~)
2023-10-17 18:44:43,314 [Time-limited test] INFO  server.RaftServer (ConfUtils.java:logGet(46)) - raft.rpc.type = GRPC (default)
2023-10-17 18:44:43,314 [Time-limited test] INFO  grpc.GrpcConfigKeys (ConfUtils.java:logFallback(53)) - raft.grpc.admin.host = null (fallback to raft.grpc.server.host)
2023-10-17 18:44:43,315 [Time-limited test] INFO  grpc.GrpcConfigKeys (ConfUtils.java:logFallback(53)) - raft.grpc.admin.port = 15146 (fallback to raft.grpc.server.port)
2023-10-17 18:44:43,315 [Time-limited test] INFO  grpc.GrpcConfigKeys (ConfUtils.java:logFallback(53)) - raft.grpc.client.host = null (fallback to raft.grpc.server.host)
2023-10-17 18:44:43,315 [Time-limited test] INFO  grpc.GrpcConfigKeys (ConfUtils.java:logFallback(53)) - raft.grpc.client.port = 15146 (fallback to raft.grpc.server.port)
2023-10-17 18:44:43,315 [Time-limited test] INFO  grpc.GrpcConfigKeys (ConfUtils.java:logGet(46)) - raft.grpc.server.host = null (default)
2023-10-17 18:44:43,315 [Time-limited test] INFO  grpc.GrpcConfigKeys (ConfUtils.java:logGet(46)) - raft.grpc.server.port = 15146 (custom)
2023-10-17 18:44:43,315 [Time-limited test] INFO  server.GrpcService (ConfUtils.java:logGet(46)) - raft.grpc.message.size.max = 33554432 (custom)
2023-10-17 18:44:43,315 [Time-limited test] INFO  server.RaftServerConfigKeys (ConfUtils.java:logGet(46)) - raft.server.log.appender.buffer.byte-limit = 33554432 (custom)
2023-10-17 18:44:43,315 [Time-limited test] INFO  server.GrpcService (ConfUtils.java:logGet(46)) - raft.grpc.flow.control.window = 1MB (=1048576) (default)
2023-10-17 18:44:43,315 [Time-limited test] INFO  server.RaftServerConfigKeys (ConfUtils.java:logGet(46)) - raft.server.rpc.request.timeout = 3000ms (default)
2023-10-17 18:44:43,315 [Time-limited test] INFO  grpc.GrpcConfigKeys (ConfUtils.java:logGet(46)) - raft.grpc.server.heartbeat.channel = true (default)
2023-10-17 18:44:43,315 [Time-limited test] INFO  grpc.GrpcConfigKeys (ConfUtils.java:logGet(46)) - raft.grpc.server.async.request.thread.pool.cached = true (default)
2023-10-17 18:44:43,316 [Time-limited test] INFO  grpc.GrpcConfigKeys (ConfUtils.java:logGet(46)) - raft.grpc.server.async.request.thread.pool.size = 32 (default)
2023-10-17 18:44:43,317 [Time-limited test] INFO  impl.DataStreamServerImpl (ConfUtils.java:logGet(46)) - raft.datastream.type = DISABLED (default)
2023-10-17 18:44:43,317 [Time-limited test] INFO  server.RaftServerConfigKeys (ConfUtils.java:logGet(46)) - raft.server.threadpool.proxy.cached = true (default)
2023-10-17 18:44:43,317 [Time-limited test] INFO  server.RaftServerConfigKeys (ConfUtils.java:logGet(46)) - raft.server.threadpool.proxy.size = 0 (default)
2023-10-17 18:44:43,317 [Time-limited test] INFO  server.RaftServerConfigKeys (ConfUtils.java:logGet(46)) - raft.server.rpc.slowness.timeout = 120s (custom)
2023-10-17 18:44:43,317 [Time-limited test] INFO  server.RaftServerConfigKeys (ConfUtils.java:logGet(46)) - raft.server.leaderelection.leader.step-down.wait-time = 10s (default)
2023-10-17 18:44:43,317 [Time-limited test] INFO  server.RaftServerConfigKeys (ConfUtils.java:logGet(46)) - raft.server.storage.dir = [/home/runner/work/ozone/ozone/hadoop-ozone/integration-test/target/test-dir/MiniOzoneClusterImpl-d744795c-134c-47f3-98d5-5c735d9275da/ozone-meta/ratis] (custom)
2023-10-17 18:44:43,318 [Time-limited test] INFO  server.RaftServer (RaftServerProxy.java:addNew(98)) - om1: addNew group-C5BA1605619E:[om1|rpc:localhost:15146|priority:0|startupRole:FOLLOWER] returns group-C5BA1605619E:java.util.concurrent.CompletableFuture@280f3ef5[Not completed]
2023-10-17 18:44:43,318 [Time-limited test] INFO  om.OzoneManager (OzoneManager.java:initializeRatisServer(2147)) - OzoneManager Ratis server initialized at port 15146
2023-10-17 18:44:43,318 [om1-groupManagement] INFO  server.RaftServer$Division (RaftServerImpl.java:<init>(198)) - om1: new RaftServerImpl for group-C5BA1605619E:[om1|rpc:localhost:15146|priority:0|startupRole:FOLLOWER] with OzoneManagerStateMachine:uninitialized
2023-10-17 18:44:43,318 [Time-limited test] INFO  om.OzoneManager (OzoneManager.java:getRpcServer(1202)) - Creating RPC Server
2023-10-17 18:44:43,318 [om1-groupManagement] INFO  server.RaftServerConfigKeys (ConfUtils.java:logGet(46)) - raft.server.rpc.timeout.min = 1s (custom)
2023-10-17 18:44:43,318 [om1-groupManagement] INFO  server.RaftServerConfigKeys (ConfUtils.java:logGet(46)) - raft.server.rpc.timeout.max = 1200ms (custom)
2023-10-17 18:44:43,318 [om1-groupManagement] INFO  server.RaftServerConfigKeys (ConfUtils.java:logGet(46)) - raft.server.rpc.sleep.time = 25ms (default)
2023-10-17 18:44:43,318 [om1-groupManagement] INFO  server.RaftServerConfigKeys (ConfUtils.java:logGet(46)) - raft.server.rpc.slowness.timeout = 120s (custom)
2023-10-17 18:44:43,319 [om1-groupManagement] INFO  server.RaftServerConfigKeys (ConfUtils.java:logGet(46)) - raft.server.leaderelection.leader.step-down.wait-time = 10s (default)
2023-10-17 18:44:43,320 [om1-groupManagement] INFO  server.RaftServerConfigKeys (ConfUtils.java:logGet(46)) - raft.server.sleep.deviation.threshold = 300ms (default)
2023-10-17 18:44:43,320 [om1-groupManagement] INFO  server.RaftServer$Division (ServerState.java:<init>(120)) - om1@group-C5BA1605619E: ConfigurationManager, init=-1: peers:[om1|rpc:localhost:15146|priority:0|startupRole:FOLLOWER]|listeners:[], old=null, confs=<EMPTY_MAP>
2023-10-17 18:44:43,320 [om1-groupManagement] INFO  server.RaftServerConfigKeys (ConfUtils.java:logGet(46)) - raft.server.storage.dir = [/home/runner/work/ozone/ozone/hadoop-ozone/integration-test/target/test-dir/MiniOzoneClusterImpl-d744795c-134c-47f3-98d5-5c735d9275da/ozone-meta/ratis] (custom)
2023-10-17 18:44:43,320 [om1-groupManagement] INFO  server.RaftServerConfigKeys (ConfUtils.java:logGet(46)) - raft.server.log.corruption.policy = EXCEPTION (default)
2023-10-17 18:44:43,320 [om1-groupManagement] INFO  server.RaftServerConfigKeys (ConfUtils.java:logGet(46)) - raft.server.storage.free-space.min = 0MB (=0) (default)
2023-10-17 18:44:43,321 [om1-groupManagement] INFO  server.RaftServerConfigKeys (ConfUtils.java:logGet(46)) - raft.server.notification.no-leader.timeout = 120s (custom)
2023-10-17 18:44:43,321 [om1-groupManagement] INFO  server.RaftServerConfigKeys (ConfUtils.java:logGet(46)) - raft.server.read.timeout = 10s (default)
2023-10-17 18:44:43,321 [om1-groupManagement] INFO  server.RaftServerConfigKeys (ConfUtils.java:logGet(46)) - raft.server.retrycache.expirytime = 300s (custom)
2023-10-17 18:44:43,321 [om1-groupManagement] INFO  server.RaftServerConfigKeys (ConfUtils.java:logGet(46)) - raft.server.retrycache.statistics.expirytime = 100μs (default)
2023-10-17 18:44:43,321 [om1-groupManagement] INFO  server.RaftServerConfigKeys (ConfUtils.java:logGet(46)) - raft.server.read.option = DEFAULT (default)
2023-10-17 18:44:43,321 [om1-groupManagement] INFO  server.RaftServerConfigKeys (ConfUtils.java:logGet(46)) - raft.server.rpc.request.timeout = 3000ms (default)
2023-10-17 18:44:43,322 [om1-groupManagement] INFO  server.RaftServerConfigKeys (ConfUtils.java:logGet(46)) - raft.server.log.appender.install.snapshot.enabled = false (custom)
2023-10-17 18:44:43,322 [om1-groupManagement] INFO  server.RaftServerConfigKeys (ConfUtils.java:logGet(46)) - raft.server.threadpool.server.cached = true (default)
2023-10-17 18:44:43,322 [om1-groupManagement] INFO  server.RaftServerConfigKeys (ConfUtils.java:logGet(46)) - raft.server.threadpool.server.size = 0 (default)
2023-10-17 18:44:43,322 [om1-groupManagement] INFO  server.RaftServerConfigKeys (ConfUtils.java:logGet(46)) - raft.server.threadpool.client.cached = true (default)
2023-10-17 18:44:43,322 [om1-groupManagement] INFO  server.RaftServerConfigKeys (ConfUtils.java:logGet(46)) - raft.server.threadpool.client.size = 0 (default)
2023-10-17 18:44:43,790 [Time-limited test] INFO  reflections.Reflections (Reflections.java:scan(232)) - Reflections took 471 ms to scan 20 urls, producing 71 keys and 6047 values [using 2 cores]
2023-10-17 18:44:43,792 [Time-limited test] INFO  ipc.CallQueueManager (CallQueueManager.java:<init>(90)) - Using callQueue: class java.util.concurrent.LinkedBlockingQueue, queueCapacity: 2000, scheduler: class org.apache.hadoop.ipc.DefaultRpcScheduler, ipcBackoff: false.
2023-10-17 18:44:43,792 [Time-limited test] INFO  ipc.Server (Server.java:<init>(1287)) - Listener at 127.0.0.1:15143
2023-10-17 18:44:43,792 [Socket Reader #1 for port 15143] INFO  ipc.Server (Server.java:run(1323)) - Starting Socket Reader #1 for port 15143
2023-10-17 18:44:43,813 [Time-limited test] INFO  impl.MetricsSystemImpl (MetricsSystemImpl.java:init(158)) - OzoneManager metrics system started (again)
2023-10-17 18:44:43,824 [Time-limited test] INFO  om.OzoneManager (OzoneManager.java:start(1635)) - OzoneManager RPC server is listening at localhost/127.0.0.1:15143
2023-10-17 18:44:43,824 [Time-limited test] INFO  ratis.OzoneManagerRatisServer (OzoneManagerRatisServer.java:start(559)) - Starting OzoneManagerRatisServer om1 at port 15146
2023-10-17 18:44:43,824 [om1-impl-thread1] INFO  storage.RaftStorageDirectory (RaftStorageDirectoryImpl.java:analyzeStorage(137)) - The storage directory /home/runner/work/ozone/ozone/hadoop-ozone/integration-test/target/test-dir/MiniOzoneClusterImpl-d744795c-134c-47f3-98d5-5c735d9275da/ozone-meta/ratis/bf265839-605b-3f16-9796-c5ba1605619e does not exist. Creating ...
2023-10-17 18:44:43,826 [om1-impl-thread1] INFO  storage.RaftStorageDirectory (RaftStorageDirectoryImpl.java:tryLock(231)) - Lock on /home/runner/work/ozone/ozone/hadoop-ozone/integration-test/target/test-dir/MiniOzoneClusterImpl-d744795c-134c-47f3-98d5-5c735d9275da/ozone-meta/ratis/bf265839-605b-3f16-9796-c5ba1605619e/in_use.lock acquired by nodename 31914@fv-az189-115
2023-10-17 18:44:43,827 [om1-impl-thread1] INFO  storage.RaftStorage (RaftStorageImpl.java:format(96)) - Storage directory /home/runner/work/ozone/ozone/hadoop-ozone/integration-test/target/test-dir/MiniOzoneClusterImpl-d744795c-134c-47f3-98d5-5c735d9275da/ozone-meta/ratis/bf265839-605b-3f16-9796-c5ba1605619e has been successfully formatted.
2023-10-17 18:44:43,828 [om1-impl-thread1] INFO  server.RaftServerConfigKeys (ConfUtils.java:logGet(46)) - raft.server.log.use.memory = false (default)
2023-10-17 18:44:43,828 [om1-impl-thread1] INFO  server.RaftServerConfigKeys (ConfUtils.java:logGet(46)) - raft.server.log.purge.gap = 1000000 (custom)
2023-10-17 18:44:43,828 [om1-impl-thread1] INFO  server.RaftServerConfigKeys (ConfUtils.java:logGet(46)) - raft.server.log.appender.buffer.byte-limit = 33554432 (custom)
2023-10-17 18:44:43,828 [om1-impl-thread1] INFO  server.RaftServerConfigKeys (ConfUtils.java:logGet(46)) - raft.server.log.statemachine.data.read.timeout = 1000ms (default)
2023-10-17 18:44:43,828 [om1-impl-thread1] INFO  server.RaftServerConfigKeys (ConfUtils.java:logGet(46)) - raft.server.log.purge.preservation.log.num = 0 (default)
2023-10-17 18:44:43,828 [om1-impl-thread1] INFO  server.RaftServerConfigKeys (ConfUtils.java:logGet(46)) - raft.server.log.segment.size.max = 4194304 (custom)
2023-10-17 18:44:43,828 [om1-impl-thread1] INFO  server.RaftServerConfigKeys (ConfUtils.java:logGet(46)) - raft.server.log.segment.cache.num.max = 2 (custom)
2023-10-17 18:44:43,828 [om1-impl-thread1] INFO  server.RaftServerConfigKeys (ConfUtils.java:logGet(46)) - raft.server.log.segment.cache.size.max = 200MB (=209715200) (default)
2023-10-17 18:44:43,828 [om1-impl-thread1] INFO  server.RaftServerConfigKeys (ConfUtils.java:logGet(46)) - raft.server.log.appender.buffer.byte-limit = 33554432 (custom)
2023-10-17 18:44:43,828 [om1-impl-thread1] INFO  segmented.SegmentedRaftLogWorker (SegmentedRaftLogWorker.java:<init>(188)) - new om1@group-C5BA1605619E-SegmentedRaftLogWorker for RaftStorageImpl:Storage Directory /home/runner/work/ozone/ozone/hadoop-ozone/integration-test/target/test-dir/MiniOzoneClusterImpl-d744795c-134c-47f3-98d5-5c735d9275da/ozone-meta/ratis/bf265839-605b-3f16-9796-c5ba1605619e
2023-10-17 18:44:43,828 [om1-impl-thread1] INFO  server.RaftServerConfigKeys (ConfUtils.java:logGet(46)) - raft.server.log.queue.byte-limit = 64MB (=67108864) (default)
2023-10-17 18:44:43,828 [om1-impl-thread1] INFO  server.RaftServerConfigKeys (ConfUtils.java:logGet(46)) - raft.server.log.queue.element-limit = 4096 (default)
2023-10-17 18:44:43,828 [om1-impl-thread1] INFO  server.RaftServerConfigKeys (ConfUtils.java:logGet(46)) - raft.server.log.segment.size.max = 4194304 (custom)
2023-10-17 18:44:43,828 [om1-impl-thread1] INFO  server.RaftServerConfigKeys (ConfUtils.java:logGet(46)) - raft.server.log.preallocated.size = 4194304 (custom)
2023-10-17 18:44:43,828 [om1-impl-thread1] INFO  server.RaftServerConfigKeys (ConfUtils.java:logGet(46)) - raft.server.log.force.sync.num = 128 (default)
2023-10-17 18:44:43,828 [om1-impl-thread1] INFO  server.RaftServerConfigKeys (ConfUtils.java:logGet(46)) - raft.server.log.statemachine.data.sync = true (default)
2023-10-17 18:44:43,828 [om1-impl-thread1] INFO  server.RaftServerConfigKeys (ConfUtils.java:logGet(46)) - raft.server.log.statemachine.data.sync.timeout = 10s (default)
2023-10-17 18:44:43,828 [om1-impl-thread1] INFO  server.RaftServerConfigKeys (ConfUtils.java:logGet(46)) - raft.server.log.statemachine.data.sync.timeout.retry = -1 (default)
2023-10-17 18:44:43,829 [om1-impl-thread1] INFO  server.RaftServerConfigKeys (ConfUtils.java:logGet(46)) - raft.server.log.write.buffer.size = 64KB (=65536) (default)
2023-10-17 18:44:43,829 [om1-impl-thread1] INFO  server.RaftServerConfigKeys (ConfUtils.java:logGet(46)) - raft.server.log.appender.buffer.byte-limit = 33554432 (custom)
2023-10-17 18:44:43,834 [om1-impl-thread1] INFO  server.RaftServerConfigKeys (ConfUtils.java:logGet(46)) - raft.server.log.unsafe-flush.enabled = false (default)
2023-10-17 18:44:43,834 [om1-impl-thread1] INFO  server.RaftServerConfigKeys (ConfUtils.java:logGet(46)) - raft.server.log.async-flush.enabled = false (default)
2023-10-17 18:44:43,834 [om1-impl-thread1] INFO  server.RaftServerConfigKeys (ConfUtils.java:logGet(46)) - raft.server.log.statemachine.data.caching.enabled = false (default)
2023-10-17 18:44:43,834 [om1-impl-thread1] INFO  segmented.SegmentedRaftLogWorker (SegmentedRaftLogWorker.java:lambda$new$0(135)) - om1@group-C5BA1605619E-SegmentedRaftLogWorker: flushIndex: setUnconditionally 0 -> -1
2023-10-17 18:44:43,834 [om1-impl-thread1] INFO  segmented.SegmentedRaftLogWorker (SegmentedRaftLogWorker.java:lambda$new$0(135)) - om1@group-C5BA1605619E-SegmentedRaftLogWorker: safeCacheEvictIndex: setUnconditionally 0 -> -1
2023-10-17 18:44:43,834 [om1-impl-thread1] INFO  server.RaftServer$Division (RaftServerImpl.java:start(342)) - om1@group-C5BA1605619E: start as a follower, conf=-1: peers:[om1|rpc:localhost:15146|priority:0|startupRole:FOLLOWER]|listeners:[], old=null
2023-10-17 18:44:43,834 [om1-impl-thread1] INFO  server.RaftServer$Division (RaftServerImpl.java:setRole(329)) - om1@group-C5BA1605619E: changes role from      null to FOLLOWER at term 0 for startAsFollower
2023-10-17 18:44:43,834 [om1-impl-thread1] INFO  impl.RoleInfo (RoleInfo.java:updateAndGet(139)) - om1: start om1@group-C5BA1605619E-FollowerState
2023-10-17 18:44:43,835 [om1-impl-thread1] INFO  util.JmxRegister (JmxRegister.java:tryRegister(44)) - Successfully registered JMX Bean with object name Ratis:service=RaftServer,group=group-C5BA1605619E,id=om1
2023-10-17 18:44:43,835 [om1-impl-thread1] INFO  server.RaftServerConfigKeys (ConfUtils.java:logGet(46)) - raft.server.snapshot.auto.trigger.enabled = true (custom)
2023-10-17 18:44:43,835 [om1-impl-thread1] INFO  server.RaftServerConfigKeys (ConfUtils.java:logGet(46)) - raft.server.snapshot.auto.trigger.threshold = 400000 (default)
2023-10-17 18:44:43,835 [om1-impl-thread1] INFO  server.RaftServerConfigKeys (ConfUtils.java:logGet(46)) - raft.server.snapshot.retention.file.num = -1 (default)
2023-10-17 18:44:43,835 [om1-impl-thread1] INFO  server.RaftServerConfigKeys (ConfUtils.java:logGet(46)) - raft.server.log.purge.upto.snapshot.index = true (custom)
2023-10-17 18:44:43,838 [om1@group-C5BA1605619E-FollowerState] INFO  server.RaftServerConfigKeys (ConfUtils.java:logFallback(53)) - raft.server.rpc.first-election.timeout.min = 1s (fallback to raft.server.rpc.timeout.min)
2023-10-17 18:44:43,838 [om1@group-C5BA1605619E-FollowerState] INFO  server.RaftServerConfigKeys (ConfUtils.java:logFallback(53)) - raft.server.rpc.first-election.timeout.max = 1200ms (fallback to raft.server.rpc.timeout.max)
2023-10-17 18:44:43,838 [Time-limited test] INFO  server.RaftServer (RaftServerProxy.java:startImpl(400)) - om1: start RPC server
2023-10-17 18:44:43,844 [Time-limited test] INFO  server.GrpcService (GrpcService.java:startImpl(302)) - om1: GrpcService started, listening on 15146
2023-10-17 18:44:43,845 [Time-limited test] INFO  om.OzoneManager (OzoneManager.java:start(1651)) - Version File has different layout version (6) than OM DB (null). That is expected if this OM has never been finalized to a newer layout version.
2023-10-17 18:44:43,847 [JvmPauseMonitor23] INFO  util.JvmPauseMonitor (JvmPauseMonitor.java:run(103)) - JvmPauseMonitor-om1: Started
2023-10-17 18:44:43,850 [Time-limited test] INFO  http.BaseHttpServer (BaseHttpServer.java:newHttpServer2BuilderForOzone(223)) - Starting Web-server for ozoneManager at: http://0.0.0.0:15144
2023-10-17 18:44:43,850 [Time-limited test] INFO  http.BaseHttpServer (BaseHttpServer.java:<init>(110)) - Hadoop Security Enabled: false Ozone Security Enabled: false Ozone HTTP Security Enabled: false 
2023-10-17 18:44:43,851 [Time-limited test] WARN  server.AuthenticationFilter (AuthenticationFilter.java:constructSecretProvider(240)) - Unable to initialize FileSignerSecretProvider, falling back to use random secrets. Reason: Could not read signature secret file: /home/runner/hadoop-http-auth-signature-secret
2023-10-17 18:44:43,853 [Time-limited test] INFO  http.HttpRequestLog (HttpRequestLog.java:getRequestLog(86)) - Http request log for http.requests.ozoneManager is not defined
2023-10-17 18:44:43,854 [Time-limited test] INFO  http.HttpServer2 (HttpServer2.java:addGlobalFilter(1031)) - Added global filter 'safety' (class=org.apache.hadoop.hdds.server.http.HttpServer2$QuotingInputFilter)
2023-10-17 18:44:43,855 [Time-limited test] INFO  http.HttpServer2 (HttpServer2.java:addFilter(1007)) - Added filter static_user_filter (class=org.apache.hadoop.http.lib.StaticUserWebFilter$StaticUserFilter) to context ozoneManager
2023-10-17 18:44:43,855 [Time-limited test] INFO  http.HttpServer2 (HttpServer2.java:addFilter(1015)) - Added filter static_user_filter (class=org.apache.hadoop.http.lib.StaticUserWebFilter$StaticUserFilter) to context static
2023-10-17 18:44:43,855 [Time-limited test] INFO  http.HttpServer2 (HttpServer2.java:addFilter(1015)) - Added filter static_user_filter (class=org.apache.hadoop.http.lib.StaticUserWebFilter$StaticUserFilter) to context logs
2023-10-17 18:44:43,855 [Time-limited test] INFO  http.BaseHttpServer (BaseHttpServer.java:<init>(189)) - HTTP server of ozoneManager uses base directory /home/runner/work/ozone/ozone/hadoop-ozone/integration-test/target/test-dir/MiniOzoneClusterImpl-d744795c-134c-47f3-98d5-5c735d9275da/ozone-meta/webserver
2023-10-17 18:44:43,855 [Time-limited test] INFO  http.HttpServer2 (HttpServer2.java:bindListener(1231)) - Jetty bound to port 15144
2023-10-17 18:44:43,855 [Time-limited test] INFO  server.Server (Server.java:doStart(375)) - jetty-9.4.53.v20231009; built: 2023-10-09T12:29:09.265Z; git: 27bde00a0b95a1d5bbee0eae7984f891d2d0f8c9; jvm 1.8.0_382-b05
2023-10-17 18:44:43,858 [Time-limited test] INFO  server.session (DefaultSessionIdManager.java:doStart(334)) - DefaultSessionIdManager workerName=node0
2023-10-17 18:44:43,858 [Time-limited test] INFO  server.session (DefaultSessionIdManager.java:doStart(339)) - No SessionScavenger set, using defaults
2023-10-17 18:44:43,858 [Time-limited test] INFO  server.session (HouseKeeper.java:startScavenging(132)) - node0 Scavenging every 660000ms
2023-10-17 18:44:43,859 [Time-limited test] INFO  handler.ContextHandler (ContextHandler.java:doStart(921)) - Started o.e.j.s.ServletContextHandler@211896c6{logs,/logs,file:///home/runner/work/ozone/ozone/hadoop-ozone/integration-test/target/log,AVAILABLE}
2023-10-17 18:44:43,860 [Time-limited test] INFO  handler.ContextHandler (ContextHandler.java:doStart(921)) - Started o.e.j.s.ServletContextHandler@5bc5cbc1{static,/static,file:///home/runner/work/ozone/ozone/hadoop-ozone/integration-test/target/test-classes/webapps/static,AVAILABLE}
2023-10-17 18:44:43,862 [Time-limited test] INFO  handler.ContextHandler (ContextHandler.java:doStart(921)) - Started o.e.j.w.WebAppContext@34baf0c0{ozoneManager,/,file:///home/runner/work/ozone/ozone/hadoop-ozone/integration-test/target/test-classes/webapps/ozoneManager/,AVAILABLE}{file:/home/runner/work/ozone/ozone/hadoop-ozone/integration-test/target/test-classes/webapps/ozoneManager}
2023-10-17 18:44:43,871 [Time-limited test] INFO  server.AbstractConnector (AbstractConnector.java:doStart(333)) - Started ServerConnector@4161687f{HTTP/1.1, (http/1.1)}{0.0.0.0:15144}
2023-10-17 18:44:43,871 [Time-limited test] INFO  server.Server (Server.java:doStart(415)) - Started @144585ms
2023-10-17 18:44:43,871 [Time-limited test] WARN  impl.MetricsSystemImpl (MetricsSystemImpl.java:register(279)) - Sink prometheus already exists!
2023-10-17 18:44:43,871 [Time-limited test] INFO  http.BaseHttpServer (BaseHttpServer.java:updateConnectorAddress(354)) - HTTP server of ozoneManager listening at http://0.0.0.0:15144
2023-10-17 18:44:43,872 [IPC Server Responder] INFO  ipc.Server (Server.java:run(1562)) - IPC Server Responder: starting
2023-10-17 18:44:43,872 [IPC Server listener on 15143] INFO  ipc.Server (Server.java:run(1402)) - IPC Server listener on 15143: starting
2023-10-17 18:44:43,873 [Time-limited test] INFO  om.OzoneManager (OzoneManager.java:startTrashEmptier(2100)) - Trash Interval set to 0. Files deleted won't move to trash
2023-10-17 18:44:43,895 [Time-limited test] WARN  impl.MetricRegistriesImpl (MetricRegistriesImpl.java:addReporterRegistration(111)) - New reporters are added after registries were created. Some metrics will be missing from the reporter. Please add reporter before adding any new registry.
2023-10-17 18:44:43,896 [Time-limited test] WARN  impl.MetricRegistriesImpl (MetricRegistriesImpl.java:addReporterRegistration(111)) - New reporters are added after registries were created. Some metrics will be missing from the reporter. Please add reporter before adding any new registry.
2023-10-17 18:44:43,896 [Time-limited test] INFO  impl.MetricsSystemImpl (MetricsSystemImpl.java:init(158)) - HddsDatanode metrics system started (again)
2023-10-17 18:44:43,917 [Time-limited test] INFO  ozone.HddsDatanodeService (HddsDatanodeService.java:start(240)) - HddsDatanodeService host:fv-az189-115 ip:10.1.0.25
2023-10-17 18:44:43,940 [Time-limited test] INFO  upgrade.AbstractLayoutVersionManager (AbstractLayoutVersionManager.java:init(83)) - Initializing Layout version manager with metadata layout = HADOOP_PRC_PORTS_IN_DATANODEDETAILS (version = 7), software layout = HADOOP_PRC_PORTS_IN_DATANODEDETAILS (version = 7)
2023-10-17 18:44:43,940 [Time-limited test] INFO  statemachine.DatanodeStateMachine (DatanodeStateMachine.java:getEndPointTaskThreadPoolSize(290)) - Datanode State Machine Task Thread Pool size 2
2023-10-17 18:44:43,942 [Time-limited test] INFO  volume.HddsVolume (HddsVolume.java:<init>(126)) - Creating HddsVolume: /home/runner/work/ozone/ozone/hadoop-ozone/integration-test/target/test-dir/MiniOzoneClusterImpl-d744795c-134c-47f3-98d5-5c735d9275da/datanode-0/data-0/containers/hdds of storage type : DISK capacity : 9223372036854775807
2023-10-17 18:44:43,942 [Time-limited test] INFO  volume.MutableVolumeSet (MutableVolumeSet.java:initializeVolumeSet(173)) - Added Volume : /home/runner/work/ozone/ozone/hadoop-ozone/integration-test/target/test-dir/MiniOzoneClusterImpl-d744795c-134c-47f3-98d5-5c735d9275da/datanode-0/data-0/containers/hdds to VolumeSet
2023-10-17 18:44:43,942 [Time-limited test] INFO  volume.MutableVolumeSet (MutableVolumeSet.java:initializeVolumeSet(173)) - Added Volume : /home/runner/work/ozone/ozone/hadoop-ozone/integration-test/target/test-dir/MiniOzoneClusterImpl-d744795c-134c-47f3-98d5-5c735d9275da/datanode-0/data/ratis to VolumeSet
2023-10-17 18:44:43,943 [Thread-2192] INFO  ozoneimpl.ContainerReader (ContainerReader.java:readVolume(177)) - Finish verifying containers on volume /home/runner/work/ozone/ozone/hadoop-ozone/integration-test/target/test-dir/MiniOzoneClusterImpl-d744795c-134c-47f3-98d5-5c735d9275da/datanode-0/data-0/containers/hdds
2023-10-17 18:44:43,943 [Time-limited test] INFO  ozoneimpl.OzoneContainer (OzoneContainer.java:buildContainerSet(316)) - Build ContainerSet costs 0s
2023-10-17 18:44:43,945 [Time-limited test] INFO  server.RaftServer (ConfUtils.java:logGet(46)) - raft.rpc.type = GRPC (default)
2023-10-17 18:44:43,945 [Time-limited test] INFO  grpc.GrpcConfigKeys (ConfUtils.java:logFallback(53)) - raft.grpc.admin.host = null (fallback to raft.grpc.server.host)
2023-10-17 18:44:43,945 [Time-limited test] INFO  grpc.GrpcConfigKeys (ConfUtils.java:logGet(46)) - raft.grpc.admin.port = 15152 (custom)
2023-10-17 18:44:43,945 [Time-limited test] INFO  grpc.GrpcConfigKeys (ConfUtils.java:logFallback(53)) - raft.grpc.client.host = null (fallback to raft.grpc.server.host)
2023-10-17 18:44:43,945 [Time-limited test] INFO  grpc.GrpcConfigKeys (ConfUtils.java:logGet(46)) - raft.grpc.client.port = 15151 (custom)
2023-10-17 18:44:43,945 [Time-limited test] INFO  grpc.GrpcConfigKeys (ConfUtils.java:logGet(46)) - raft.grpc.server.host = null (default)
2023-10-17 18:44:43,945 [Time-limited test] INFO  grpc.GrpcConfigKeys (ConfUtils.java:logGet(46)) - raft.grpc.server.port = 15153 (custom)
2023-10-17 18:44:43,945 [Time-limited test] INFO  server.GrpcService (ConfUtils.java:logGet(46)) - raft.grpc.message.size.max = 32MB (=33554432) (custom)
2023-10-17 18:44:43,946 [Time-limited test] INFO  server.RaftServerConfigKeys (ConfUtils.java:logGet(46)) - raft.server.log.appender.buffer.byte-limit = 33554432 (custom)
2023-10-17 18:44:43,946 [Time-limited test] INFO  server.GrpcService (ConfUtils.java:logGet(46)) - raft.grpc.flow.control.window = 5MB (=5242880) (custom)
2023-10-17 18:44:43,946 [Time-limited test] INFO  server.RaftServerConfigKeys (ConfUtils.java:logGet(46)) - raft.server.rpc.request.timeout = 60s (custom)
2023-10-17 18:44:43,946 [Time-limited test] INFO  grpc.GrpcConfigKeys (ConfUtils.java:logGet(46)) - raft.grpc.server.heartbeat.channel = true (default)
2023-10-17 18:44:43,946 [Time-limited test] INFO  grpc.GrpcConfigKeys (ConfUtils.java:logGet(46)) - raft.grpc.server.async.request.thread.pool.cached = true (default)
2023-10-17 18:44:43,946 [Time-limited test] INFO  grpc.GrpcConfigKeys (ConfUtils.java:logGet(46)) - raft.grpc.server.async.request.thread.pool.size = 32 (default)
2023-10-17 18:44:43,948 [Time-limited test] INFO  impl.DataStreamServerImpl (ConfUtils.java:logGet(46)) - raft.datastream.type = NETTY (custom)
2023-10-17 18:44:43,948 [Time-limited test] INFO  server.RaftServerConfigKeys (ConfUtils.java:logGet(46)) - raft.server.data-stream.async.request.thread.pool.cached = false (default)
2023-10-17 18:44:43,948 [Time-limited test] INFO  server.RaftServerConfigKeys (ConfUtils.java:logGet(46)) - raft.server.data-stream.async.request.thread.pool.size = 20 (custom)
2023-10-17 18:44:43,949 [Time-limited test] INFO  server.RaftServerConfigKeys (ConfUtils.java:logGet(46)) - raft.server.data-stream.async.write.thread.pool.size = 16 (default)
2023-10-17 18:44:43,949 [Time-limited test] INFO  server.RaftServerConfigKeys (ConfUtils.java:logGet(46)) - raft.server.data-stream.client.pool.size = 10 (default)
2023-10-17 18:44:43,949 [Time-limited test] INFO  netty.NettyConfigKeys$DataStream (ConfUtils.java:logGet(46)) - raft.netty.dataStream.server.use-epoll = false (default)
2023-10-17 18:44:43,949 [Time-limited test] INFO  netty.NettyConfigKeys$DataStream (ConfUtils.java:logGet(46)) - raft.netty.dataStream.server.boss-group.size = 0 (default)
2023-10-17 18:44:43,949 [Time-limited test] INFO  netty.NettyConfigKeys$DataStream (ConfUtils.java:logGet(46)) - raft.netty.dataStream.server.worker-group.size = 0 (default)
2023-10-17 18:44:43,949 [Time-limited test] INFO  netty.NettyConfigKeys$DataStream (ConfUtils.java:logGet(46)) - raft.netty.dataStream.server.tls.conf = null (default)
2023-10-17 18:44:43,950 [Time-limited test] INFO  netty.NettyConfigKeys$DataStream (ConfUtils.java:logGet(46)) - raft.netty.dataStream.host = null (default)
2023-10-17 18:44:43,950 [Time-limited test] INFO  netty.NettyConfigKeys$DataStream (ConfUtils.java:logGet(46)) - raft.netty.dataStream.port = 15154 (custom)
2023-10-17 18:44:43,950 [Time-limited test] INFO  server.RaftServerConfigKeys (ConfUtils.java:logGet(46)) - raft.server.threadpool.proxy.cached = true (default)
2023-10-17 18:44:43,950 [Time-limited test] INFO  server.RaftServerConfigKeys (ConfUtils.java:logGet(46)) - raft.server.threadpool.proxy.size = 0 (default)
2023-10-17 18:44:43,950 [Time-limited test] INFO  server.RaftServerConfigKeys (ConfUtils.java:logGet(46)) - raft.server.rpc.slowness.timeout = 300s (custom)
2023-10-17 18:44:43,950 [Time-limited test] INFO  server.RaftServerConfigKeys (ConfUtils.java:logGet(46)) - raft.server.leaderelection.leader.step-down.wait-time = 10s (default)
2023-10-17 18:44:43,950 [Time-limited test] INFO  server.RaftServerConfigKeys (ConfUtils.java:logGet(46)) - raft.server.storage.dir = [/home/runner/work/ozone/ozone/hadoop-ozone/integration-test/target/test-dir/MiniOzoneClusterImpl-d744795c-134c-47f3-98d5-5c735d9275da/datanode-0/data/ratis] (custom)
2023-10-17 18:44:43,951 [03ee06a5-cfcc-4ac1-a3c7-afad1436935a-NettyServerStreamRpc-bossGroup--thread1] INFO  logging.LoggingHandler (AbstractInternalLogger.java:log(148)) - [id: 0xd3bbfef8] REGISTERED
2023-10-17 18:44:43,951 [03ee06a5-cfcc-4ac1-a3c7-afad1436935a-NettyServerStreamRpc-bossGroup--thread1] INFO  logging.LoggingHandler (AbstractInternalLogger.java:log(148)) - [id: 0xd3bbfef8] BIND: 0.0.0.0/0.0.0.0:15154
2023-10-17 18:44:43,951 [03ee06a5-cfcc-4ac1-a3c7-afad1436935a-NettyServerStreamRpc-bossGroup--thread1] INFO  logging.LoggingHandler (AbstractInternalLogger.java:log(148)) - [id: 0xd3bbfef8, L:/0:0:0:0:0:0:0:0:15154] ACTIVE
2023-10-17 18:44:43,951 [03ee06a5-cfcc-4ac1-a3c7-afad1436935a-impl-thread1] INFO  server.RaftServer (RaftServerProxy.java:initGroupDir(258)) - 03ee06a5-cfcc-4ac1-a3c7-afad1436935a: found a subdirectory /home/runner/work/ozone/ozone/hadoop-ozone/integration-test/target/test-dir/MiniOzoneClusterImpl-d744795c-134c-47f3-98d5-5c735d9275da/datanode-0/data/ratis/tmp
2023-10-17 18:44:43,951 [03ee06a5-cfcc-4ac1-a3c7-afad1436935a-impl-thread1] INFO  server.RaftServer (RaftServerProxy.java:initGroupDir(263)) - 03ee06a5-cfcc-4ac1-a3c7-afad1436935a: The directory /home/runner/work/ozone/ozone/hadoop-ozone/integration-test/target/test-dir/MiniOzoneClusterImpl-d744795c-134c-47f3-98d5-5c735d9275da/datanode-0/data/ratis/tmp is not a group directory; ignoring it. 
2023-10-17 18:44:43,952 [Time-limited test] INFO  replication.ReplicationServer (ReplicationServer.java:<init>(83)) - Initializing replication server with thread count = 10 queue length = 4096
2023-10-17 18:44:43,953 [Time-limited test] INFO  server.XceiverServerGrpc (XceiverServerGrpc.java:<init>(132)) - GrpcServer channel type EpollServerSocketChannel
2023-10-17 18:44:43,954 [Time-limited test] INFO  replication.ReplicationSupervisor (ReplicationSupervisor.java:build(155)) - Initializing replication supervisor with thread count = 10
2023-10-17 18:44:43,954 [Time-limited test] INFO  replication.ReplicationSupervisor (ReplicationSupervisor.java:nodeStateUpdated(307)) - Node state updated to IN_SERVICE, scaling executor pool size to 10
2023-10-17 18:44:43,956 [Time-limited test] INFO  http.BaseHttpServer (BaseHttpServer.java:newHttpServer2BuilderForOzone(223)) - Starting Web-server for hddsDatanode at: http://0.0.0.0:15148
2023-10-17 18:44:43,956 [Time-limited test] INFO  http.BaseHttpServer (BaseHttpServer.java:<init>(110)) - Hadoop Security Enabled: false Ozone Security Enabled: false Ozone HTTP Security Enabled: false 
2023-10-17 18:44:43,957 [Time-limited test] WARN  server.AuthenticationFilter (AuthenticationFilter.java:constructSecretProvider(240)) - Unable to initialize FileSignerSecretProvider, falling back to use random secrets. Reason: Could not read signature secret file: /home/runner/hadoop-http-auth-signature-secret
2023-10-17 18:44:43,958 [Time-limited test] INFO  http.HttpRequestLog (HttpRequestLog.java:getRequestLog(86)) - Http request log for http.requests.hddsDatanode is not defined
2023-10-17 18:44:43,959 [Time-limited test] INFO  http.HttpServer2 (HttpServer2.java:addGlobalFilter(1031)) - Added global filter 'safety' (class=org.apache.hadoop.hdds.server.http.HttpServer2$QuotingInputFilter)
2023-10-17 18:44:43,960 [Time-limited test] INFO  http.HttpServer2 (HttpServer2.java:addFilter(1007)) - Added filter static_user_filter (class=org.apache.hadoop.http.lib.StaticUserWebFilter$StaticUserFilter) to context hddsDatanode
2023-10-17 18:44:43,960 [Time-limited test] INFO  http.HttpServer2 (HttpServer2.java:addFilter(1015)) - Added filter static_user_filter (class=org.apache.hadoop.http.lib.StaticUserWebFilter$StaticUserFilter) to context logs
2023-10-17 18:44:43,960 [Time-limited test] INFO  http.HttpServer2 (HttpServer2.java:addFilter(1015)) - Added filter static_user_filter (class=org.apache.hadoop.http.lib.StaticUserWebFilter$StaticUserFilter) to context static
2023-10-17 18:44:43,960 [Time-limited test] INFO  http.BaseHttpServer (BaseHttpServer.java:<init>(189)) - HTTP server of hddsDatanode uses base directory /home/runner/work/ozone/ozone/hadoop-ozone/integration-test/target/test-dir/MiniOzoneClusterImpl-d744795c-134c-47f3-98d5-5c735d9275da/datanode-0/meta/webserver
2023-10-17 18:44:43,961 [Time-limited test] INFO  http.HttpServer2 (HttpServer2.java:bindListener(1231)) - Jetty bound to port 15148
2023-10-17 18:44:43,961 [Time-limited test] INFO  server.Server (Server.java:doStart(375)) - jetty-9.4.53.v20231009; built: 2023-10-09T12:29:09.265Z; git: 27bde00a0b95a1d5bbee0eae7984f891d2d0f8c9; jvm 1.8.0_382-b05
2023-10-17 18:44:43,967 [Time-limited test] INFO  server.session (DefaultSessionIdManager.java:doStart(334)) - DefaultSessionIdManager workerName=node0
2023-10-17 18:44:43,968 [Time-limited test] INFO  server.session (DefaultSessionIdManager.java:doStart(339)) - No SessionScavenger set, using defaults
2023-10-17 18:44:43,968 [Time-limited test] INFO  server.session (HouseKeeper.java:startScavenging(132)) - node0 Scavenging every 660000ms
2023-10-17 18:44:43,968 [Time-limited test] INFO  handler.ContextHandler (ContextHandler.java:doStart(921)) - Started o.e.j.s.ServletContextHandler@31172ff0{logs,/logs,file:///home/runner/work/ozone/ozone/hadoop-ozone/integration-test/target/log,AVAILABLE}
2023-10-17 18:44:43,969 [Time-limited test] INFO  handler.ContextHandler (ContextHandler.java:doStart(921)) - Started o.e.j.s.ServletContextHandler@2c69c996{static,/static,jar:file:/home/runner/.m2/repository/org/apache/ozone/hdds-container-service/1.4.0-SNAPSHOT/hdds-container-service-1.4.0-SNAPSHOT.jar!/webapps/static,AVAILABLE}
2023-10-17 18:44:44,160 [Time-limited test] INFO  handler.ContextHandler (ContextHandler.java:doStart(921)) - Started o.e.j.w.WebAppContext@5cbcfa21{hddsDatanode,/,file:///home/runner/work/ozone/ozone/hadoop-ozone/integration-test/target/test-dir/MiniOzoneClusterImpl-d744795c-134c-47f3-98d5-5c735d9275da/datanode-0/meta/webserver/jetty-0_0_0_0-15148-hdds-container-service-1_4_0-SNAPSHOT_jar-_-any-5317575553581361411/webapp/,AVAILABLE}{jar:file:/home/runner/.m2/repository/org/apache/ozone/hdds-container-service/1.4.0-SNAPSHOT/hdds-container-service-1.4.0-SNAPSHOT.jar!/webapps/hddsDatanode}
2023-10-17 18:44:44,161 [Time-limited test] INFO  server.AbstractConnector (AbstractConnector.java:doStart(333)) - Started ServerConnector@5b62de93{HTTP/1.1, (http/1.1)}{0.0.0.0:15148}
2023-10-17 18:44:44,161 [Time-limited test] INFO  server.Server (Server.java:doStart(415)) - Started @144876ms
2023-10-17 18:44:44,161 [Time-limited test] WARN  impl.MetricsSystemImpl (MetricsSystemImpl.java:register(279)) - Sink prometheus already exists!
2023-10-17 18:44:44,162 [Time-limited test] INFO  http.BaseHttpServer (BaseHttpServer.java:updateConnectorAddress(354)) - HTTP server of hddsDatanode listening at http://0.0.0.0:15148
2023-10-17 18:44:44,162 [Time-limited test] INFO  ipc.CallQueueManager (CallQueueManager.java:<init>(90)) - Using callQueue: class java.util.concurrent.LinkedBlockingQueue, queueCapacity: 100, scheduler: class org.apache.hadoop.ipc.DefaultRpcScheduler, ipcBackoff: false.
2023-10-17 18:44:44,162 [Time-limited test] INFO  ipc.Server (Server.java:<init>(1287)) - Listener at 0.0.0.0:15149
2023-10-17 18:44:44,163 [Socket Reader #1 for port 15149] INFO  ipc.Server (Server.java:run(1323)) - Starting Socket Reader #1 for port 15149
2023-10-17 18:44:44,164 [Time-limited test] INFO  ozone.HddsDatanodeService (HddsDatanodeService.java:start(325)) - Datanode start with admins: [adminUser1, adminUser2, runner]
2023-10-17 18:44:44,165 [Time-limited test] INFO  ozone.HddsDatanodeClientProtocolServer (HddsDatanodeClientProtocolServer.java:start(72)) - RPC server for Client /0.0.0.0:15149
2023-10-17 18:44:44,165 [IPC Server Responder] INFO  ipc.Server (Server.java:run(1562)) - IPC Server Responder: starting
2023-10-17 18:44:44,165 [IPC Server listener on 15149] INFO  ipc.Server (Server.java:run(1402)) - IPC Server listener on 15149: starting
2023-10-17 18:44:44,165 [Time-limited test] WARN  impl.MetricRegistriesImpl (MetricRegistriesImpl.java:addReporterRegistration(111)) - New reporters are added after registries were created. Some metrics will be missing from the reporter. Please add reporter before adding any new registry.
2023-10-17 18:44:44,166 [Time-limited test] WARN  impl.MetricRegistriesImpl (MetricRegistriesImpl.java:addReporterRegistration(111)) - New reporters are added after registries were created. Some metrics will be missing from the reporter. Please add reporter before adding any new registry.
2023-10-17 18:44:44,166 [Time-limited test] INFO  impl.MetricsSystemImpl (MetricsSystemImpl.java:init(158)) - HddsDatanode metrics system started (again)
2023-10-17 18:44:44,173 [Datanode State Machine Daemon Thread] INFO  statemachine.DatanodeStateMachine (DatanodeStateMachine.java:lambda$startDaemon$1(546)) - Ozone container server started.
2023-10-17 18:44:44,180 [Time-limited test] INFO  ozone.HddsDatanodeService (HddsDatanodeService.java:start(240)) - HddsDatanodeService host:fv-az189-115 ip:10.1.0.25
2023-10-17 18:44:44,210 [Time-limited test] INFO  upgrade.AbstractLayoutVersionManager (AbstractLayoutVersionManager.java:init(83)) - Initializing Layout version manager with metadata layout = HADOOP_PRC_PORTS_IN_DATANODEDETAILS (version = 7), software layout = HADOOP_PRC_PORTS_IN_DATANODEDETAILS (version = 7)
2023-10-17 18:44:44,211 [Time-limited test] INFO  statemachine.DatanodeStateMachine (DatanodeStateMachine.java:getEndPointTaskThreadPoolSize(290)) - Datanode State Machine Task Thread Pool size 2
2023-10-17 18:44:44,212 [Time-limited test] INFO  volume.HddsVolume (HddsVolume.java:<init>(126)) - Creating HddsVolume: /home/runner/work/ozone/ozone/hadoop-ozone/integration-test/target/test-dir/MiniOzoneClusterImpl-d744795c-134c-47f3-98d5-5c735d9275da/datanode-1/data-0/containers/hdds of storage type : DISK capacity : 9223372036854775807
2023-10-17 18:44:44,212 [Time-limited test] INFO  volume.MutableVolumeSet (MutableVolumeSet.java:initializeVolumeSet(173)) - Added Volume : /home/runner/work/ozone/ozone/hadoop-ozone/integration-test/target/test-dir/MiniOzoneClusterImpl-d744795c-134c-47f3-98d5-5c735d9275da/datanode-1/data-0/containers/hdds to VolumeSet
2023-10-17 18:44:44,213 [Time-limited test] INFO  volume.MutableVolumeSet (MutableVolumeSet.java:initializeVolumeSet(173)) - Added Volume : /home/runner/work/ozone/ozone/hadoop-ozone/integration-test/target/test-dir/MiniOzoneClusterImpl-d744795c-134c-47f3-98d5-5c735d9275da/datanode-1/data/ratis to VolumeSet
2023-10-17 18:44:44,213 [Thread-2209] INFO  ozoneimpl.ContainerReader (ContainerReader.java:readVolume(177)) - Finish verifying containers on volume /home/runner/work/ozone/ozone/hadoop-ozone/integration-test/target/test-dir/MiniOzoneClusterImpl-d744795c-134c-47f3-98d5-5c735d9275da/datanode-1/data-0/containers/hdds
2023-10-17 18:44:44,213 [Time-limited test] INFO  ozoneimpl.OzoneContainer (OzoneContainer.java:buildContainerSet(316)) - Build ContainerSet costs 0s
2023-10-17 18:44:44,215 [Datanode State Machine Task Thread - 0] INFO  datanode.InitDatanodeState (InitDatanodeState.java:persistContainerDatanodeDetails(138)) - DatanodeDetails is persisted to /home/runner/work/ozone/ozone/hadoop-ozone/integration-test/target/test-dir/MiniOzoneClusterImpl-d744795c-134c-47f3-98d5-5c735d9275da/datanode-0/meta/datanode.id
2023-10-17 18:44:44,215 [Time-limited test] INFO  server.RaftServer (ConfUtils.java:logGet(46)) - raft.rpc.type = GRPC (default)
2023-10-17 18:44:44,215 [Time-limited test] INFO  grpc.GrpcConfigKeys (ConfUtils.java:logFallback(53)) - raft.grpc.admin.host = null (fallback to raft.grpc.server.host)
2023-10-17 18:44:44,215 [Time-limited test] INFO  grpc.GrpcConfigKeys (ConfUtils.java:logGet(46)) - raft.grpc.admin.port = 15161 (custom)
2023-10-17 18:44:44,215 [Time-limited test] INFO  grpc.GrpcConfigKeys (ConfUtils.java:logFallback(53)) - raft.grpc.client.host = null (fallback to raft.grpc.server.host)
2023-10-17 18:44:44,216 [Time-limited test] INFO  grpc.GrpcConfigKeys (ConfUtils.java:logGet(46)) - raft.grpc.client.port = 15160 (custom)
2023-10-17 18:44:44,216 [Time-limited test] INFO  grpc.GrpcConfigKeys (ConfUtils.java:logGet(46)) - raft.grpc.server.host = null (default)
2023-10-17 18:44:44,216 [Time-limited test] INFO  grpc.GrpcConfigKeys (ConfUtils.java:logGet(46)) - raft.grpc.server.port = 15162 (custom)
2023-10-17 18:44:44,216 [Time-limited test] INFO  server.GrpcService (ConfUtils.java:logGet(46)) - raft.grpc.message.size.max = 32MB (=33554432) (custom)
2023-10-17 18:44:44,216 [Time-limited test] INFO  server.RaftServerConfigKeys (ConfUtils.java:logGet(46)) - raft.server.log.appender.buffer.byte-limit = 33554432 (custom)
2023-10-17 18:44:44,216 [Time-limited test] INFO  server.GrpcService (ConfUtils.java:logGet(46)) - raft.grpc.flow.control.window = 5MB (=5242880) (custom)
2023-10-17 18:44:44,216 [Time-limited test] INFO  server.RaftServerConfigKeys (ConfUtils.java:logGet(46)) - raft.server.rpc.request.timeout = 60s (custom)
2023-10-17 18:44:44,216 [Time-limited test] INFO  grpc.GrpcConfigKeys (ConfUtils.java:logGet(46)) - raft.grpc.server.heartbeat.channel = true (default)
2023-10-17 18:44:44,216 [Time-limited test] INFO  grpc.GrpcConfigKeys (ConfUtils.java:logGet(46)) - raft.grpc.server.async.request.thread.pool.cached = true (default)
2023-10-17 18:44:44,216 [Time-limited test] INFO  grpc.GrpcConfigKeys (ConfUtils.java:logGet(46)) - raft.grpc.server.async.request.thread.pool.size = 32 (default)
2023-10-17 18:44:44,218 [Time-limited test] INFO  impl.DataStreamServerImpl (ConfUtils.java:logGet(46)) - raft.datastream.type = NETTY (custom)
2023-10-17 18:44:44,219 [Time-limited test] INFO  server.RaftServerConfigKeys (ConfUtils.java:logGet(46)) - raft.server.data-stream.async.request.thread.pool.cached = false (default)
2023-10-17 18:44:44,219 [Time-limited test] INFO  server.RaftServerConfigKeys (ConfUtils.java:logGet(46)) - raft.server.data-stream.async.request.thread.pool.size = 20 (custom)
2023-10-17 18:44:44,219 [Time-limited test] INFO  server.RaftServerConfigKeys (ConfUtils.java:logGet(46)) - raft.server.data-stream.async.write.thread.pool.size = 16 (default)
2023-10-17 18:44:44,219 [Time-limited test] INFO  server.RaftServerConfigKeys (ConfUtils.java:logGet(46)) - raft.server.data-stream.client.pool.size = 10 (default)
2023-10-17 18:44:44,219 [Time-limited test] INFO  netty.NettyConfigKeys$DataStream (ConfUtils.java:logGet(46)) - raft.netty.dataStream.server.use-epoll = false (default)
2023-10-17 18:44:44,219 [Time-limited test] INFO  netty.NettyConfigKeys$DataStream (ConfUtils.java:logGet(46)) - raft.netty.dataStream.server.boss-group.size = 0 (default)
2023-10-17 18:44:44,219 [Time-limited test] INFO  netty.NettyConfigKeys$DataStream (ConfUtils.java:logGet(46)) - raft.netty.dataStream.server.worker-group.size = 0 (default)
2023-10-17 18:44:44,220 [Time-limited test] INFO  netty.NettyConfigKeys$DataStream (ConfUtils.java:logGet(46)) - raft.netty.dataStream.server.tls.conf = null (default)
2023-10-17 18:44:44,220 [Time-limited test] INFO  netty.NettyConfigKeys$DataStream (ConfUtils.java:logGet(46)) - raft.netty.dataStream.host = null (default)
2023-10-17 18:44:44,220 [Time-limited test] INFO  netty.NettyConfigKeys$DataStream (ConfUtils.java:logGet(46)) - raft.netty.dataStream.port = 15163 (custom)
2023-10-17 18:44:44,227 [Time-limited test] INFO  server.RaftServerConfigKeys (ConfUtils.java:logGet(46)) - raft.server.threadpool.proxy.cached = true (default)
2023-10-17 18:44:44,227 [Time-limited test] INFO  server.RaftServerConfigKeys (ConfUtils.java:logGet(46)) - raft.server.threadpool.proxy.size = 0 (default)
2023-10-17 18:44:44,227 [Time-limited test] INFO  server.RaftServerConfigKeys (ConfUtils.java:logGet(46)) - raft.server.rpc.slowness.timeout = 300s (custom)
2023-10-17 18:44:44,227 [Time-limited test] INFO  server.RaftServerConfigKeys (ConfUtils.java:logGet(46)) - raft.server.leaderelection.leader.step-down.wait-time = 10s (default)
2023-10-17 18:44:44,228 [Time-limited test] INFO  server.RaftServerConfigKeys (ConfUtils.java:logGet(46)) - raft.server.storage.dir = [/home/runner/work/ozone/ozone/hadoop-ozone/integration-test/target/test-dir/MiniOzoneClusterImpl-d744795c-134c-47f3-98d5-5c735d9275da/datanode-1/data/ratis] (custom)
2023-10-17 18:44:44,228 [a09c5a64-4ee1-447f-bdad-955dc0571893-NettyServerStreamRpc-bossGroup--thread1] INFO  logging.LoggingHandler (AbstractInternalLogger.java:log(148)) - [id: 0x4b9e27a7] REGISTERED
2023-10-17 18:44:44,228 [a09c5a64-4ee1-447f-bdad-955dc0571893-NettyServerStreamRpc-bossGroup--thread1] INFO  logging.LoggingHandler (AbstractInternalLogger.java:log(148)) - [id: 0x4b9e27a7] BIND: 0.0.0.0/0.0.0.0:15163
2023-10-17 18:44:44,228 [a09c5a64-4ee1-447f-bdad-955dc0571893-NettyServerStreamRpc-bossGroup--thread1] INFO  logging.LoggingHandler (AbstractInternalLogger.java:log(148)) - [id: 0x4b9e27a7, L:/0:0:0:0:0:0:0:0:15163] ACTIVE
2023-10-17 18:44:44,229 [a09c5a64-4ee1-447f-bdad-955dc0571893-impl-thread1] INFO  server.RaftServer (RaftServerProxy.java:initGroupDir(258)) - a09c5a64-4ee1-447f-bdad-955dc0571893: found a subdirectory /home/runner/work/ozone/ozone/hadoop-ozone/integration-test/target/test-dir/MiniOzoneClusterImpl-d744795c-134c-47f3-98d5-5c735d9275da/datanode-1/data/ratis/tmp
2023-10-17 18:44:44,229 [a09c5a64-4ee1-447f-bdad-955dc0571893-impl-thread1] INFO  server.RaftServer (RaftServerProxy.java:initGroupDir(263)) - a09c5a64-4ee1-447f-bdad-955dc0571893: The directory /home/runner/work/ozone/ozone/hadoop-ozone/integration-test/target/test-dir/MiniOzoneClusterImpl-d744795c-134c-47f3-98d5-5c735d9275da/datanode-1/data/ratis/tmp is not a group directory; ignoring it. 
2023-10-17 18:44:44,229 [Time-limited test] INFO  replication.ReplicationServer (ReplicationServer.java:<init>(83)) - Initializing replication server with thread count = 10 queue length = 4096
2023-10-17 18:44:44,231 [Time-limited test] INFO  server.XceiverServerGrpc (XceiverServerGrpc.java:<init>(132)) - GrpcServer channel type EpollServerSocketChannel
2023-10-17 18:44:44,232 [Time-limited test] INFO  replication.ReplicationSupervisor (ReplicationSupervisor.java:build(155)) - Initializing replication supervisor with thread count = 10
2023-10-17 18:44:44,232 [Time-limited test] INFO  replication.ReplicationSupervisor (ReplicationSupervisor.java:nodeStateUpdated(307)) - Node state updated to IN_SERVICE, scaling executor pool size to 10
2023-10-17 18:44:44,235 [Time-limited test] INFO  http.BaseHttpServer (BaseHttpServer.java:newHttpServer2BuilderForOzone(223)) - Starting Web-server for hddsDatanode at: http://0.0.0.0:15157
2023-10-17 18:44:44,235 [Time-limited test] INFO  http.BaseHttpServer (BaseHttpServer.java:<init>(110)) - Hadoop Security Enabled: false Ozone Security Enabled: false Ozone HTTP Security Enabled: false 
2023-10-17 18:44:44,236 [Time-limited test] WARN  server.AuthenticationFilter (AuthenticationFilter.java:constructSecretProvider(240)) - Unable to initialize FileSignerSecretProvider, falling back to use random secrets. Reason: Could not read signature secret file: /home/runner/hadoop-http-auth-signature-secret
2023-10-17 18:44:44,240 [Time-limited test] INFO  http.HttpRequestLog (HttpRequestLog.java:getRequestLog(86)) - Http request log for http.requests.hddsDatanode is not defined
2023-10-17 18:44:44,242 [Time-limited test] INFO  http.HttpServer2 (HttpServer2.java:addGlobalFilter(1031)) - Added global filter 'safety' (class=org.apache.hadoop.hdds.server.http.HttpServer2$QuotingInputFilter)
2023-10-17 18:44:44,244 [Time-limited test] INFO  http.HttpServer2 (HttpServer2.java:addFilter(1007)) - Added filter static_user_filter (class=org.apache.hadoop.http.lib.StaticUserWebFilter$StaticUserFilter) to context hddsDatanode
2023-10-17 18:44:44,244 [Time-limited test] INFO  http.HttpServer2 (HttpServer2.java:addFilter(1015)) - Added filter static_user_filter (class=org.apache.hadoop.http.lib.StaticUserWebFilter$StaticUserFilter) to context static
2023-10-17 18:44:44,244 [Time-limited test] INFO  http.HttpServer2 (HttpServer2.java:addFilter(1015)) - Added filter static_user_filter (class=org.apache.hadoop.http.lib.StaticUserWebFilter$StaticUserFilter) to context logs
2023-10-17 18:44:44,244 [Time-limited test] INFO  http.BaseHttpServer (BaseHttpServer.java:<init>(189)) - HTTP server of hddsDatanode uses base directory /home/runner/work/ozone/ozone/hadoop-ozone/integration-test/target/test-dir/MiniOzoneClusterImpl-d744795c-134c-47f3-98d5-5c735d9275da/datanode-1/meta/webserver
2023-10-17 18:44:44,244 [Time-limited test] INFO  http.HttpServer2 (HttpServer2.java:bindListener(1231)) - Jetty bound to port 15157
2023-10-17 18:44:44,245 [Time-limited test] INFO  server.Server (Server.java:doStart(375)) - jetty-9.4.53.v20231009; built: 2023-10-09T12:29:09.265Z; git: 27bde00a0b95a1d5bbee0eae7984f891d2d0f8c9; jvm 1.8.0_382-b05
2023-10-17 18:44:44,246 [Time-limited test] INFO  server.session (DefaultSessionIdManager.java:doStart(334)) - DefaultSessionIdManager workerName=node0
2023-10-17 18:44:44,246 [Time-limited test] INFO  server.session (DefaultSessionIdManager.java:doStart(339)) - No SessionScavenger set, using defaults
2023-10-17 18:44:44,246 [Time-limited test] INFO  server.session (HouseKeeper.java:startScavenging(132)) - node0 Scavenging every 660000ms
2023-10-17 18:44:44,247 [Time-limited test] INFO  handler.ContextHandler (ContextHandler.java:doStart(921)) - Started o.e.j.s.ServletContextHandler@5dd7777d{logs,/logs,file:///home/runner/work/ozone/ozone/hadoop-ozone/integration-test/target/log,AVAILABLE}
2023-10-17 18:44:44,247 [Time-limited test] INFO  handler.ContextHandler (ContextHandler.java:doStart(921)) - Started o.e.j.s.ServletContextHandler@7ca3529{static,/static,jar:file:/home/runner/.m2/repository/org/apache/ozone/hdds-container-service/1.4.0-SNAPSHOT/hdds-container-service-1.4.0-SNAPSHOT.jar!/webapps/static,AVAILABLE}
2023-10-17 18:44:44,449 [Time-limited test] INFO  handler.ContextHandler (ContextHandler.java:doStart(921)) - Started o.e.j.w.WebAppContext@247443fb{hddsDatanode,/,file:///home/runner/work/ozone/ozone/hadoop-ozone/integration-test/target/test-dir/MiniOzoneClusterImpl-d744795c-134c-47f3-98d5-5c735d9275da/datanode-1/meta/webserver/jetty-0_0_0_0-15157-hdds-container-service-1_4_0-SNAPSHOT_jar-_-any-5626670419092247366/webapp/,AVAILABLE}{jar:file:/home/runner/.m2/repository/org/apache/ozone/hdds-container-service/1.4.0-SNAPSHOT/hdds-container-service-1.4.0-SNAPSHOT.jar!/webapps/hddsDatanode}
2023-10-17 18:44:44,450 [Time-limited test] INFO  server.AbstractConnector (AbstractConnector.java:doStart(333)) - Started ServerConnector@7b3d4d13{HTTP/1.1, (http/1.1)}{0.0.0.0:15157}
2023-10-17 18:44:44,451 [Time-limited test] INFO  server.Server (Server.java:doStart(415)) - Started @145165ms
2023-10-17 18:44:44,451 [Time-limited test] WARN  impl.MetricsSystemImpl (MetricsSystemImpl.java:register(279)) - Sink prometheus already exists!
2023-10-17 18:44:44,451 [Time-limited test] INFO  http.BaseHttpServer (BaseHttpServer.java:updateConnectorAddress(354)) - HTTP server of hddsDatanode listening at http://0.0.0.0:15157
2023-10-17 18:44:44,452 [Time-limited test] INFO  ipc.CallQueueManager (CallQueueManager.java:<init>(90)) - Using callQueue: class java.util.concurrent.LinkedBlockingQueue, queueCapacity: 100, scheduler: class org.apache.hadoop.ipc.DefaultRpcScheduler, ipcBackoff: false.
2023-10-17 18:44:44,452 [Time-limited test] INFO  ipc.Server (Server.java:<init>(1287)) - Listener at 0.0.0.0:15158
2023-10-17 18:44:44,452 [Socket Reader #1 for port 15158] INFO  ipc.Server (Server.java:run(1323)) - Starting Socket Reader #1 for port 15158
2023-10-17 18:44:44,453 [Time-limited test] INFO  ozone.HddsDatanodeService (HddsDatanodeService.java:start(325)) - Datanode start with admins: [adminUser1, adminUser2, runner]
2023-10-17 18:44:44,453 [Time-limited test] INFO  ozone.HddsDatanodeClientProtocolServer (HddsDatanodeClientProtocolServer.java:start(72)) - RPC server for Client /0.0.0.0:15158
2023-10-17 18:44:44,454 [IPC Server Responder] INFO  ipc.Server (Server.java:run(1562)) - IPC Server Responder: starting
2023-10-17 18:44:44,454 [IPC Server listener on 15158] INFO  ipc.Server (Server.java:run(1402)) - IPC Server listener on 15158: starting
2023-10-17 18:44:44,459 [Time-limited test] WARN  impl.MetricRegistriesImpl (MetricRegistriesImpl.java:addReporterRegistration(111)) - New reporters are added after registries were created. Some metrics will be missing from the reporter. Please add reporter before adding any new registry.
2023-10-17 18:44:44,459 [Time-limited test] WARN  impl.MetricRegistriesImpl (MetricRegistriesImpl.java:addReporterRegistration(111)) - New reporters are added after registries were created. Some metrics will be missing from the reporter. Please add reporter before adding any new registry.
2023-10-17 18:44:44,459 [Datanode State Machine Daemon Thread] INFO  statemachine.DatanodeStateMachine (DatanodeStateMachine.java:lambda$startDaemon$1(546)) - Ozone container server started.
2023-10-17 18:44:44,459 [Time-limited test] INFO  impl.MetricsSystemImpl (MetricsSystemImpl.java:init(158)) - HddsDatanode metrics system started (again)
2023-10-17 18:44:44,468 [Datanode State Machine Task Thread - 0] INFO  datanode.InitDatanodeState (InitDatanodeState.java:persistContainerDatanodeDetails(138)) - DatanodeDetails is persisted to /home/runner/work/ozone/ozone/hadoop-ozone/integration-test/target/test-dir/MiniOzoneClusterImpl-d744795c-134c-47f3-98d5-5c735d9275da/datanode-1/meta/datanode.id
2023-10-17 18:44:44,472 [Time-limited test] INFO  ozone.HddsDatanodeService (HddsDatanodeService.java:start(240)) - HddsDatanodeService host:fv-az189-115 ip:10.1.0.25
2023-10-17 18:44:44,493 [Time-limited test] INFO  upgrade.AbstractLayoutVersionManager (AbstractLayoutVersionManager.java:init(83)) - Initializing Layout version manager with metadata layout = HADOOP_PRC_PORTS_IN_DATANODEDETAILS (version = 7), software layout = HADOOP_PRC_PORTS_IN_DATANODEDETAILS (version = 7)
2023-10-17 18:44:44,494 [Time-limited test] INFO  statemachine.DatanodeStateMachine (DatanodeStateMachine.java:getEndPointTaskThreadPoolSize(290)) - Datanode State Machine Task Thread Pool size 2
2023-10-17 18:44:44,495 [Time-limited test] INFO  volume.HddsVolume (HddsVolume.java:<init>(126)) - Creating HddsVolume: /home/runner/work/ozone/ozone/hadoop-ozone/integration-test/target/test-dir/MiniOzoneClusterImpl-d744795c-134c-47f3-98d5-5c735d9275da/datanode-2/data-0/containers/hdds of storage type : DISK capacity : 9223372036854775807
2023-10-17 18:44:44,495 [Time-limited test] INFO  volume.MutableVolumeSet (MutableVolumeSet.java:initializeVolumeSet(173)) - Added Volume : /home/runner/work/ozone/ozone/hadoop-ozone/integration-test/target/test-dir/MiniOzoneClusterImpl-d744795c-134c-47f3-98d5-5c735d9275da/datanode-2/data-0/containers/hdds to VolumeSet
2023-10-17 18:44:44,496 [Time-limited test] INFO  volume.MutableVolumeSet (MutableVolumeSet.java:initializeVolumeSet(173)) - Added Volume : /home/runner/work/ozone/ozone/hadoop-ozone/integration-test/target/test-dir/MiniOzoneClusterImpl-d744795c-134c-47f3-98d5-5c735d9275da/datanode-2/data/ratis to VolumeSet
2023-10-17 18:44:44,498 [Thread-2226] INFO  ozoneimpl.ContainerReader (ContainerReader.java:readVolume(177)) - Finish verifying containers on volume /home/runner/work/ozone/ozone/hadoop-ozone/integration-test/target/test-dir/MiniOzoneClusterImpl-d744795c-134c-47f3-98d5-5c735d9275da/datanode-2/data-0/containers/hdds
2023-10-17 18:44:44,498 [Time-limited test] INFO  ozoneimpl.OzoneContainer (OzoneContainer.java:buildContainerSet(316)) - Build ContainerSet costs 0s
2023-10-17 18:44:44,500 [Time-limited test] INFO  server.RaftServer (ConfUtils.java:logGet(46)) - raft.rpc.type = GRPC (default)
2023-10-17 18:44:44,500 [Time-limited test] INFO  grpc.GrpcConfigKeys (ConfUtils.java:logFallback(53)) - raft.grpc.admin.host = null (fallback to raft.grpc.server.host)
2023-10-17 18:44:44,500 [Time-limited test] INFO  grpc.GrpcConfigKeys (ConfUtils.java:logGet(46)) - raft.grpc.admin.port = 15170 (custom)
2023-10-17 18:44:44,500 [Time-limited test] INFO  grpc.GrpcConfigKeys (ConfUtils.java:logFallback(53)) - raft.grpc.client.host = null (fallback to raft.grpc.server.host)
2023-10-17 18:44:44,500 [Time-limited test] INFO  grpc.GrpcConfigKeys (ConfUtils.java:logGet(46)) - raft.grpc.client.port = 15169 (custom)
2023-10-17 18:44:44,500 [Time-limited test] INFO  grpc.GrpcConfigKeys (ConfUtils.java:logGet(46)) - raft.grpc.server.host = null (default)
2023-10-17 18:44:44,500 [Time-limited test] INFO  grpc.GrpcConfigKeys (ConfUtils.java:logGet(46)) - raft.grpc.server.port = 15171 (custom)
2023-10-17 18:44:44,500 [Time-limited test] INFO  server.GrpcService (ConfUtils.java:logGet(46)) - raft.grpc.message.size.max = 32MB (=33554432) (custom)
2023-10-17 18:44:44,501 [Time-limited test] INFO  server.RaftServerConfigKeys (ConfUtils.java:logGet(46)) - raft.server.log.appender.buffer.byte-limit = 33554432 (custom)
2023-10-17 18:44:44,501 [Time-limited test] INFO  server.GrpcService (ConfUtils.java:logGet(46)) - raft.grpc.flow.control.window = 5MB (=5242880) (custom)
2023-10-17 18:44:44,501 [Time-limited test] INFO  server.RaftServerConfigKeys (ConfUtils.java:logGet(46)) - raft.server.rpc.request.timeout = 60s (custom)
2023-10-17 18:44:44,501 [Time-limited test] INFO  grpc.GrpcConfigKeys (ConfUtils.java:logGet(46)) - raft.grpc.server.heartbeat.channel = true (default)
2023-10-17 18:44:44,501 [Time-limited test] INFO  grpc.GrpcConfigKeys (ConfUtils.java:logGet(46)) - raft.grpc.server.async.request.thread.pool.cached = true (default)
2023-10-17 18:44:44,501 [Time-limited test] INFO  grpc.GrpcConfigKeys (ConfUtils.java:logGet(46)) - raft.grpc.server.async.request.thread.pool.size = 32 (default)
2023-10-17 18:44:44,503 [Time-limited test] INFO  impl.DataStreamServerImpl (ConfUtils.java:logGet(46)) - raft.datastream.type = NETTY (custom)
2023-10-17 18:44:44,503 [Time-limited test] INFO  server.RaftServerConfigKeys (ConfUtils.java:logGet(46)) - raft.server.data-stream.async.request.thread.pool.cached = false (default)
2023-10-17 18:44:44,503 [Time-limited test] INFO  server.RaftServerConfigKeys (ConfUtils.java:logGet(46)) - raft.server.data-stream.async.request.thread.pool.size = 20 (custom)
2023-10-17 18:44:44,503 [Time-limited test] INFO  server.RaftServerConfigKeys (ConfUtils.java:logGet(46)) - raft.server.data-stream.async.write.thread.pool.size = 16 (default)
2023-10-17 18:44:44,504 [Time-limited test] INFO  server.RaftServerConfigKeys (ConfUtils.java:logGet(46)) - raft.server.data-stream.client.pool.size = 10 (default)
2023-10-17 18:44:44,504 [Time-limited test] INFO  netty.NettyConfigKeys$DataStream (ConfUtils.java:logGet(46)) - raft.netty.dataStream.server.use-epoll = false (default)
2023-10-17 18:44:44,504 [Time-limited test] INFO  netty.NettyConfigKeys$DataStream (ConfUtils.java:logGet(46)) - raft.netty.dataStream.server.boss-group.size = 0 (default)
2023-10-17 18:44:44,504 [Time-limited test] INFO  netty.NettyConfigKeys$DataStream (ConfUtils.java:logGet(46)) - raft.netty.dataStream.server.worker-group.size = 0 (default)
2023-10-17 18:44:44,504 [Time-limited test] INFO  netty.NettyConfigKeys$DataStream (ConfUtils.java:logGet(46)) - raft.netty.dataStream.server.tls.conf = null (default)
2023-10-17 18:44:44,504 [Time-limited test] INFO  netty.NettyConfigKeys$DataStream (ConfUtils.java:logGet(46)) - raft.netty.dataStream.host = null (default)
2023-10-17 18:44:44,505 [Time-limited test] INFO  netty.NettyConfigKeys$DataStream (ConfUtils.java:logGet(46)) - raft.netty.dataStream.port = 15172 (custom)
2023-10-17 18:44:44,505 [Time-limited test] INFO  server.RaftServerConfigKeys (ConfUtils.java:logGet(46)) - raft.server.threadpool.proxy.cached = true (default)
2023-10-17 18:44:44,505 [Time-limited test] INFO  server.RaftServerConfigKeys (ConfUtils.java:logGet(46)) - raft.server.threadpool.proxy.size = 0 (default)
2023-10-17 18:44:44,505 [6bf4bd27-d28f-421a-802a-00940bdb9945-NettyServerStreamRpc-bossGroup--thread1] INFO  logging.LoggingHandler (AbstractInternalLogger.java:log(148)) - [id: 0x3319234d] REGISTERED
2023-10-17 18:44:44,505 [Time-limited test] INFO  server.RaftServerConfigKeys (ConfUtils.java:logGet(46)) - raft.server.rpc.slowness.timeout = 300s (custom)
2023-10-17 18:44:44,506 [6bf4bd27-d28f-421a-802a-00940bdb9945-NettyServerStreamRpc-bossGroup--thread1] INFO  logging.LoggingHandler (AbstractInternalLogger.java:log(148)) - [id: 0x3319234d] BIND: 0.0.0.0/0.0.0.0:15172
2023-10-17 18:44:44,506 [Time-limited test] INFO  server.RaftServerConfigKeys (ConfUtils.java:logGet(46)) - raft.server.leaderelection.leader.step-down.wait-time = 10s (default)
2023-10-17 18:44:44,506 [6bf4bd27-d28f-421a-802a-00940bdb9945-NettyServerStreamRpc-bossGroup--thread1] INFO  logging.LoggingHandler (AbstractInternalLogger.java:log(148)) - [id: 0x3319234d, L:/0:0:0:0:0:0:0:0:15172] ACTIVE
2023-10-17 18:44:44,506 [Time-limited test] INFO  server.RaftServerConfigKeys (ConfUtils.java:logGet(46)) - raft.server.storage.dir = [/home/runner/work/ozone/ozone/hadoop-ozone/integration-test/target/test-dir/MiniOzoneClusterImpl-d744795c-134c-47f3-98d5-5c735d9275da/datanode-2/data/ratis] (custom)
2023-10-17 18:44:44,506 [6bf4bd27-d28f-421a-802a-00940bdb9945-impl-thread1] INFO  server.RaftServer (RaftServerProxy.java:initGroupDir(258)) - 6bf4bd27-d28f-421a-802a-00940bdb9945: found a subdirectory /home/runner/work/ozone/ozone/hadoop-ozone/integration-test/target/test-dir/MiniOzoneClusterImpl-d744795c-134c-47f3-98d5-5c735d9275da/datanode-2/data/ratis/tmp
2023-10-17 18:44:44,506 [6bf4bd27-d28f-421a-802a-00940bdb9945-impl-thread1] INFO  server.RaftServer (RaftServerProxy.java:initGroupDir(263)) - 6bf4bd27-d28f-421a-802a-00940bdb9945: The directory /home/runner/work/ozone/ozone/hadoop-ozone/integration-test/target/test-dir/MiniOzoneClusterImpl-d744795c-134c-47f3-98d5-5c735d9275da/datanode-2/data/ratis/tmp is not a group directory; ignoring it. 
2023-10-17 18:44:44,506 [Time-limited test] INFO  replication.ReplicationServer (ReplicationServer.java:<init>(83)) - Initializing replication server with thread count = 10 queue length = 4096
2023-10-17 18:44:44,507 [Time-limited test] INFO  server.XceiverServerGrpc (XceiverServerGrpc.java:<init>(132)) - GrpcServer channel type EpollServerSocketChannel
2023-10-17 18:44:44,509 [Time-limited test] INFO  replication.ReplicationSupervisor (ReplicationSupervisor.java:build(155)) - Initializing replication supervisor with thread count = 10
2023-10-17 18:44:44,509 [Time-limited test] INFO  replication.ReplicationSupervisor (ReplicationSupervisor.java:nodeStateUpdated(307)) - Node state updated to IN_SERVICE, scaling executor pool size to 10
2023-10-17 18:44:44,511 [Time-limited test] INFO  http.BaseHttpServer (BaseHttpServer.java:newHttpServer2BuilderForOzone(223)) - Starting Web-server for hddsDatanode at: http://0.0.0.0:15166
2023-10-17 18:44:44,511 [Time-limited test] INFO  http.BaseHttpServer (BaseHttpServer.java:<init>(110)) - Hadoop Security Enabled: false Ozone Security Enabled: false Ozone HTTP Security Enabled: false 
2023-10-17 18:44:44,512 [Time-limited test] WARN  server.AuthenticationFilter (AuthenticationFilter.java:constructSecretProvider(240)) - Unable to initialize FileSignerSecretProvider, falling back to use random secrets. Reason: Could not read signature secret file: /home/runner/hadoop-http-auth-signature-secret
2023-10-17 18:44:44,515 [Time-limited test] INFO  http.HttpRequestLog (HttpRequestLog.java:getRequestLog(86)) - Http request log for http.requests.hddsDatanode is not defined
2023-10-17 18:44:44,516 [Time-limited test] INFO  http.HttpServer2 (HttpServer2.java:addGlobalFilter(1031)) - Added global filter 'safety' (class=org.apache.hadoop.hdds.server.http.HttpServer2$QuotingInputFilter)
2023-10-17 18:44:44,517 [Time-limited test] INFO  http.HttpServer2 (HttpServer2.java:addFilter(1007)) - Added filter static_user_filter (class=org.apache.hadoop.http.lib.StaticUserWebFilter$StaticUserFilter) to context hddsDatanode
2023-10-17 18:44:44,517 [Time-limited test] INFO  http.HttpServer2 (HttpServer2.java:addFilter(1015)) - Added filter static_user_filter (class=org.apache.hadoop.http.lib.StaticUserWebFilter$StaticUserFilter) to context logs
2023-10-17 18:44:44,517 [Time-limited test] INFO  http.HttpServer2 (HttpServer2.java:addFilter(1015)) - Added filter static_user_filter (class=org.apache.hadoop.http.lib.StaticUserWebFilter$StaticUserFilter) to context static
2023-10-17 18:44:44,517 [Time-limited test] INFO  http.BaseHttpServer (BaseHttpServer.java:<init>(189)) - HTTP server of hddsDatanode uses base directory /home/runner/work/ozone/ozone/hadoop-ozone/integration-test/target/test-dir/MiniOzoneClusterImpl-d744795c-134c-47f3-98d5-5c735d9275da/datanode-2/meta/webserver
2023-10-17 18:44:44,517 [Time-limited test] INFO  http.HttpServer2 (HttpServer2.java:bindListener(1231)) - Jetty bound to port 15166
2023-10-17 18:44:44,518 [Time-limited test] INFO  server.Server (Server.java:doStart(375)) - jetty-9.4.53.v20231009; built: 2023-10-09T12:29:09.265Z; git: 27bde00a0b95a1d5bbee0eae7984f891d2d0f8c9; jvm 1.8.0_382-b05
2023-10-17 18:44:44,528 [Time-limited test] INFO  server.session (DefaultSessionIdManager.java:doStart(334)) - DefaultSessionIdManager workerName=node0
2023-10-17 18:44:44,528 [Time-limited test] INFO  server.session (DefaultSessionIdManager.java:doStart(339)) - No SessionScavenger set, using defaults
2023-10-17 18:44:44,528 [Time-limited test] INFO  server.session (HouseKeeper.java:startScavenging(132)) - node0 Scavenging every 660000ms
2023-10-17 18:44:44,529 [Time-limited test] INFO  handler.ContextHandler (ContextHandler.java:doStart(921)) - Started o.e.j.s.ServletContextHandler@4a31c5a0{logs,/logs,file:///home/runner/work/ozone/ozone/hadoop-ozone/integration-test/target/log,AVAILABLE}
2023-10-17 18:44:44,530 [Time-limited test] INFO  handler.ContextHandler (ContextHandler.java:doStart(921)) - Started o.e.j.s.ServletContextHandler@7074749e{static,/static,jar:file:/home/runner/.m2/repository/org/apache/ozone/hdds-container-service/1.4.0-SNAPSHOT/hdds-container-service-1.4.0-SNAPSHOT.jar!/webapps/static,AVAILABLE}
2023-10-17 18:44:44,722 [Time-limited test] INFO  handler.ContextHandler (ContextHandler.java:doStart(921)) - Started o.e.j.w.WebAppContext@32a5279{hddsDatanode,/,file:///home/runner/work/ozone/ozone/hadoop-ozone/integration-test/target/test-dir/MiniOzoneClusterImpl-d744795c-134c-47f3-98d5-5c735d9275da/datanode-2/meta/webserver/jetty-0_0_0_0-15166-hdds-container-service-1_4_0-SNAPSHOT_jar-_-any-3163535376279389857/webapp/,AVAILABLE}{jar:file:/home/runner/.m2/repository/org/apache/ozone/hdds-container-service/1.4.0-SNAPSHOT/hdds-container-service-1.4.0-SNAPSHOT.jar!/webapps/hddsDatanode}
2023-10-17 18:44:44,723 [Time-limited test] INFO  server.AbstractConnector (AbstractConnector.java:doStart(333)) - Started ServerConnector@785be871{HTTP/1.1, (http/1.1)}{0.0.0.0:15166}
2023-10-17 18:44:44,723 [Time-limited test] INFO  server.Server (Server.java:doStart(415)) - Started @145437ms
2023-10-17 18:44:44,723 [Time-limited test] WARN  impl.MetricsSystemImpl (MetricsSystemImpl.java:register(279)) - Sink prometheus already exists!
2023-10-17 18:44:44,724 [Time-limited test] INFO  http.BaseHttpServer (BaseHttpServer.java:updateConnectorAddress(354)) - HTTP server of hddsDatanode listening at http://0.0.0.0:15166
2023-10-17 18:44:44,724 [Time-limited test] INFO  ipc.CallQueueManager (CallQueueManager.java:<init>(90)) - Using callQueue: class java.util.concurrent.LinkedBlockingQueue, queueCapacity: 100, scheduler: class org.apache.hadoop.ipc.DefaultRpcScheduler, ipcBackoff: false.
2023-10-17 18:44:44,724 [Time-limited test] INFO  ipc.Server (Server.java:<init>(1287)) - Listener at 0.0.0.0:15167
2023-10-17 18:44:44,725 [Socket Reader #1 for port 15167] INFO  ipc.Server (Server.java:run(1323)) - Starting Socket Reader #1 for port 15167
2023-10-17 18:44:44,726 [Time-limited test] INFO  ozone.HddsDatanodeService (HddsDatanodeService.java:start(325)) - Datanode start with admins: [adminUser1, adminUser2, runner]
2023-10-17 18:44:44,726 [Time-limited test] INFO  ozone.HddsDatanodeClientProtocolServer (HddsDatanodeClientProtocolServer.java:start(72)) - RPC server for Client /0.0.0.0:15167
2023-10-17 18:44:44,727 [IPC Server Responder] INFO  ipc.Server (Server.java:run(1562)) - IPC Server Responder: starting
2023-10-17 18:44:44,731 [Datanode State Machine Daemon Thread] INFO  statemachine.DatanodeStateMachine (DatanodeStateMachine.java:lambda$startDaemon$1(546)) - Ozone container server started.
2023-10-17 18:44:44,731 [IPC Server listener on 15167] INFO  ipc.Server (Server.java:run(1402)) - IPC Server listener on 15167: starting
2023-10-17 18:44:44,731 [Time-limited test] INFO  ozone.MiniOzoneClusterImpl (MiniOzoneClusterImpl.java:lambda$waitForClusterToBeReady$0(229)) - Waiting for nodes to be ready. Got 0 of 3 DN Heartbeats.
2023-10-17 18:44:44,731 [Time-limited test] INFO  ozone.MiniOzoneClusterImpl (MiniOzoneClusterImpl.java:lambda$waitForClusterToBeReady$0(232)) - Waiting for cluster to exit safe mode
2023-10-17 18:44:44,731 [Time-limited test] INFO  ozone.MiniOzoneClusterImpl (MiniOzoneClusterImpl.java:lambda$waitForClusterToBeReady$0(234)) - SCM became leader
2023-10-17 18:44:44,737 [Datanode State Machine Task Thread - 0] INFO  datanode.InitDatanodeState (InitDatanodeState.java:persistContainerDatanodeDetails(138)) - DatanodeDetails is persisted to /home/runner/work/ozone/ozone/hadoop-ozone/integration-test/target/test-dir/MiniOzoneClusterImpl-d744795c-134c-47f3-98d5-5c735d9275da/datanode-2/meta/datanode.id
2023-10-17 18:44:44,970 [om1@group-C5BA1605619E-FollowerState] INFO  impl.FollowerState (FollowerState.java:run(143)) - om1@group-C5BA1605619E-FollowerState: change to CANDIDATE, lastRpcElapsedTime:1136142172ns, electionTimeout:1132ms
2023-10-17 18:44:44,971 [om1@group-C5BA1605619E-FollowerState] INFO  impl.RoleInfo (RoleInfo.java:shutdownFollowerState(110)) - om1: shutdown om1@group-C5BA1605619E-FollowerState
2023-10-17 18:44:44,971 [om1@group-C5BA1605619E-FollowerState] INFO  server.RaftServer$Division (RaftServerImpl.java:setRole(329)) - om1@group-C5BA1605619E: changes role from  FOLLOWER to CANDIDATE at term 0 for changeToCandidate
2023-10-17 18:44:44,971 [om1@group-C5BA1605619E-FollowerState] INFO  server.RaftServerConfigKeys (ConfUtils.java:logGet(46)) - raft.server.leaderelection.pre-vote = true (default)
2023-10-17 18:44:44,971 [om1@group-C5BA1605619E-FollowerState] INFO  impl.RoleInfo (RoleInfo.java:updateAndGet(139)) - om1: start om1@group-C5BA1605619E-LeaderElection28
2023-10-17 18:44:44,980 [om1@group-C5BA1605619E-LeaderElection28] INFO  impl.LeaderElection (LeaderElection.java:askForVotes(321)) - om1@group-C5BA1605619E-LeaderElection28 PRE_VOTE round 0: submit vote requests at term 0 for -1: peers:[om1|rpc:localhost:15146|priority:0|startupRole:FOLLOWER]|listeners:[], old=null
2023-10-17 18:44:44,980 [om1@group-C5BA1605619E-LeaderElection28] INFO  impl.LeaderElection (LeaderElection.java:askForVotes(323)) - om1@group-C5BA1605619E-LeaderElection28 PRE_VOTE round 0: result PASSED (term=0)
2023-10-17 18:44:44,982 [om1@group-C5BA1605619E-LeaderElection28] INFO  impl.LeaderElection (LeaderElection.java:askForVotes(321)) - om1@group-C5BA1605619E-LeaderElection28 ELECTION round 0: submit vote requests at term 1 for -1: peers:[om1|rpc:localhost:15146|priority:0|startupRole:FOLLOWER]|listeners:[], old=null
2023-10-17 18:44:44,982 [om1@group-C5BA1605619E-LeaderElection28] INFO  impl.LeaderElection (LeaderElection.java:askForVotes(323)) - om1@group-C5BA1605619E-LeaderElection28 ELECTION round 0: result PASSED (term=1)
2023-10-17 18:44:44,982 [om1@group-C5BA1605619E-LeaderElection28] INFO  impl.RoleInfo (RoleInfo.java:shutdownLeaderElection(130)) - om1: shutdown om1@group-C5BA1605619E-LeaderElection28
2023-10-17 18:44:44,982 [om1@group-C5BA1605619E-LeaderElection28] INFO  server.RaftServer$Division (RaftServerImpl.java:setRole(329)) - om1@group-C5BA1605619E: changes role from CANDIDATE to LEADER at term 1 for changeToLeader
2023-10-17 18:44:44,982 [om1@group-C5BA1605619E-LeaderElection28] INFO  server.RaftServer$Division (ServerState.java:setLeader(317)) - om1@group-C5BA1605619E: change Leader from null to om1 at term 1 for becomeLeader, leader elected after 1661ms
2023-10-17 18:44:44,982 [om1@group-C5BA1605619E-LeaderElection28] INFO  server.RaftServerConfigKeys (ConfUtils.java:logGet(46)) - raft.server.staging.catchup.gap = 1000 (default)
2023-10-17 18:44:44,982 [om1@group-C5BA1605619E-LeaderElection28] INFO  server.RaftServerConfigKeys (ConfUtils.java:logGet(46)) - raft.server.write.element-limit = 4096 (default)
2023-10-17 18:44:44,982 [om1@group-C5BA1605619E-LeaderElection28] INFO  server.RaftServerConfigKeys (ConfUtils.java:logGet(46)) - raft.server.write.byte-limit = 64MB (=67108864) (default)
2023-10-17 18:44:44,983 [om1@group-C5BA1605619E-LeaderElection28] INFO  server.RaftServerConfigKeys (ConfUtils.java:logGet(46)) - raft.server.watch.timeout = 10s (default)
2023-10-17 18:44:44,983 [om1@group-C5BA1605619E-LeaderElection28] INFO  server.RaftServerConfigKeys (ConfUtils.java:logGet(46)) - raft.server.watch.timeout.denomination = 1s (default)
2023-10-17 18:44:44,983 [om1@group-C5BA1605619E-LeaderElection28] INFO  server.RaftServerConfigKeys (ConfUtils.java:logGet(46)) - raft.server.watch.element-limit = 65536 (default)
2023-10-17 18:44:44,983 [om1@group-C5BA1605619E-LeaderElection28] INFO  server.RaftServerConfigKeys (ConfUtils.java:logGet(46)) - raft.server.write.element-limit = 4096 (default)
2023-10-17 18:44:44,983 [om1@group-C5BA1605619E-LeaderElection28] INFO  server.RaftServerConfigKeys (ConfUtils.java:logGet(46)) - raft.server.write.follower.gap.ratio.max = -1.0 (default)
2023-10-17 18:44:44,983 [om1@group-C5BA1605619E-LeaderElection28] INFO  impl.RoleInfo (RoleInfo.java:updateAndGet(139)) - om1: start om1@group-C5BA1605619E-LeaderStateImpl
2023-10-17 18:44:44,983 [om1@group-C5BA1605619E-LeaderElection28] INFO  segmented.SegmentedRaftLogWorker (SegmentedRaftLogWorker.java:startLogSegment(447)) - om1@group-C5BA1605619E-SegmentedRaftLogWorker: Starting segment from index:0
2023-10-17 18:44:44,993 [om1@group-C5BA1605619E-LeaderElection28] INFO  server.RaftServer$Division (ServerState.java:setRaftConf(434)) - om1@group-C5BA1605619E: set configuration 0: peers:[om1|rpc:localhost:15146|admin:|client:|dataStream:|priority:0|startupRole:FOLLOWER]|listeners:[], old=null
2023-10-17 18:44:44,997 [om1@group-C5BA1605619E-SegmentedRaftLogWorker] INFO  segmented.SegmentedRaftLogWorker (SegmentedRaftLogWorker.java:execute(651)) - om1@group-C5BA1605619E-SegmentedRaftLogWorker: created new log segment /home/runner/work/ozone/ozone/hadoop-ozone/integration-test/target/test-dir/MiniOzoneClusterImpl-d744795c-134c-47f3-98d5-5c735d9275da/ozone-meta/ratis/bf265839-605b-3f16-9796-c5ba1605619e/current/log_inprogress_0
2023-10-17 18:44:44,998 [om1@group-C5BA1605619E-StateMachineUpdater] INFO  ratis.OzoneManagerStateMachine (OzoneManagerStateMachine.java:notifyConfigurationChanged(202)) - Received Configuration change notification from Ratis. New Peer list:
[id: "om1"
address: "localhost:15146"
startupRole: FOLLOWER
]
2023-10-17 18:44:45,731 [Time-limited test] INFO  ozone.MiniOzoneClusterImpl (MiniOzoneClusterImpl.java:lambda$waitForClusterToBeReady$0(229)) - Waiting for nodes to be ready. Got 0 of 3 DN Heartbeats.
2023-10-17 18:44:45,732 [Time-limited test] INFO  ozone.MiniOzoneClusterImpl (MiniOzoneClusterImpl.java:lambda$waitForClusterToBeReady$0(232)) - Waiting for cluster to exit safe mode
2023-10-17 18:44:45,732 [Time-limited test] INFO  ozone.MiniOzoneClusterImpl (MiniOzoneClusterImpl.java:lambda$waitForClusterToBeReady$0(234)) - SCM became leader
2023-10-17 18:44:46,230 [EndpointStateMachine task thread for /0.0.0.0:15141 - 0 ] INFO  utils.DatanodeStoreCache (DatanodeStoreCache.java:addDB(66)) - Added db /home/runner/work/ozone/ozone/hadoop-ozone/integration-test/target/test-dir/MiniOzoneClusterImpl-d744795c-134c-47f3-98d5-5c735d9275da/datanode-0/data-0/containers/hdds/d744795c-134c-47f3-98d5-5c735d9275da/DS-b8fd8187-eb2e-424b-a6e9-91ef84f80a03/container.db to cache
2023-10-17 18:44:46,230 [EndpointStateMachine task thread for /0.0.0.0:15141 - 0 ] INFO  volume.HddsVolume (HddsVolume.java:createDbStore(422)) - SchemaV3 db is created and loaded at /home/runner/work/ozone/ozone/hadoop-ozone/integration-test/target/test-dir/MiniOzoneClusterImpl-d744795c-134c-47f3-98d5-5c735d9275da/datanode-0/data-0/containers/hdds/d744795c-134c-47f3-98d5-5c735d9275da/DS-b8fd8187-eb2e-424b-a6e9-91ef84f80a03/container.db for volume DS-b8fd8187-eb2e-424b-a6e9-91ef84f80a03
2023-10-17 18:44:46,231 [EndpointStateMachine task thread for /0.0.0.0:15141 - 0 ] INFO  volume.ThrottledAsyncChecker (ThrottledAsyncChecker.java:schedule(141)) - Scheduling a check for /home/runner/work/ozone/ozone/hadoop-ozone/integration-test/target/test-dir/MiniOzoneClusterImpl-d744795c-134c-47f3-98d5-5c735d9275da/datanode-0/data-0/containers/hdds
2023-10-17 18:44:46,231 [EndpointStateMachine task thread for /0.0.0.0:15141 - 0 ] INFO  volume.StorageVolumeChecker (StorageVolumeChecker.java:checkAllVolumes(213)) - Scheduled health check for volume /home/runner/work/ozone/ozone/hadoop-ozone/integration-test/target/test-dir/MiniOzoneClusterImpl-d744795c-134c-47f3-98d5-5c735d9275da/datanode-0/data-0/containers/hdds
2023-10-17 18:44:46,233 [EndpointStateMachine task thread for /0.0.0.0:15141 - 0 ] INFO  volume.ThrottledAsyncChecker (ThrottledAsyncChecker.java:schedule(141)) - Scheduling a check for /home/runner/work/ozone/ozone/hadoop-ozone/integration-test/target/test-dir/MiniOzoneClusterImpl-d744795c-134c-47f3-98d5-5c735d9275da/datanode-0/data/ratis
2023-10-17 18:44:46,233 [EndpointStateMachine task thread for /0.0.0.0:15141 - 0 ] INFO  volume.StorageVolumeChecker (StorageVolumeChecker.java:checkAllVolumes(213)) - Scheduled health check for volume /home/runner/work/ozone/ozone/hadoop-ozone/integration-test/target/test-dir/MiniOzoneClusterImpl-d744795c-134c-47f3-98d5-5c735d9275da/datanode-0/data/ratis
2023-10-17 18:44:46,234 [EndpointStateMachine task thread for /0.0.0.0:15141 - 0 ] INFO  ozoneimpl.OzoneContainer (OzoneContainer.java:start(431)) - Attempting to start container services.
2023-10-17 18:44:46,234 [EndpointStateMachine task thread for /0.0.0.0:15141 - 0 ] INFO  ozoneimpl.OzoneContainer (OzoneContainer.java:startContainerScrub(327)) - Scheduled background container scanners and the on-demand container scanner have been disabled.
2023-10-17 18:44:46,235 [EndpointStateMachine task thread for /0.0.0.0:15141 - 0 ] INFO  replication.ReplicationServer (ReplicationServer.java:start(134)) - ReplicationServer is started using port 15155
2023-10-17 18:44:46,235 [EndpointStateMachine task thread for /0.0.0.0:15141 - 0 ] INFO  ratis.XceiverServerRatis (XceiverServerRatis.java:start(517)) - Starting XceiverServerRatis 03ee06a5-cfcc-4ac1-a3c7-afad1436935a
2023-10-17 18:44:46,236 [EndpointStateMachine task thread for /0.0.0.0:15141 - 0 ] INFO  server.RaftServer (RaftServerProxy.java:startImpl(400)) - 03ee06a5-cfcc-4ac1-a3c7-afad1436935a: start RPC server
2023-10-17 18:44:46,239 [EndpointStateMachine task thread for /0.0.0.0:15141 - 0 ] INFO  server.GrpcService (GrpcService.java:startImpl(302)) - 03ee06a5-cfcc-4ac1-a3c7-afad1436935a: GrpcService started, listening on 15151
2023-10-17 18:44:46,241 [EndpointStateMachine task thread for /0.0.0.0:15141 - 0 ] INFO  server.GrpcService (GrpcService.java:startImpl(302)) - 03ee06a5-cfcc-4ac1-a3c7-afad1436935a: GrpcService started, listening on 15153
2023-10-17 18:44:46,243 [EndpointStateMachine task thread for /0.0.0.0:15141 - 0 ] INFO  server.GrpcService (GrpcService.java:startImpl(302)) - 03ee06a5-cfcc-4ac1-a3c7-afad1436935a: GrpcService started, listening on 15152
2023-10-17 18:44:46,244 [EndpointStateMachine task thread for /0.0.0.0:15141 - 0 ] INFO  ratis.XceiverServerRatis (XceiverServerRatis.java:getRealPort(543)) - XceiverServerRatis 03ee06a5-cfcc-4ac1-a3c7-afad1436935a is started using port 15151 for RATIS
2023-10-17 18:44:46,244 [EndpointStateMachine task thread for /0.0.0.0:15141 - 0 ] INFO  ratis.XceiverServerRatis (XceiverServerRatis.java:getRealPort(543)) - XceiverServerRatis 03ee06a5-cfcc-4ac1-a3c7-afad1436935a is started using port 15152 for RATIS_ADMIN
2023-10-17 18:44:46,244 [JvmPauseMonitor24] INFO  util.JvmPauseMonitor (JvmPauseMonitor.java:run(103)) - JvmPauseMonitor-03ee06a5-cfcc-4ac1-a3c7-afad1436935a: Started
2023-10-17 18:44:46,244 [EndpointStateMachine task thread for /0.0.0.0:15141 - 0 ] INFO  ratis.XceiverServerRatis (XceiverServerRatis.java:getRealPort(543)) - XceiverServerRatis 03ee06a5-cfcc-4ac1-a3c7-afad1436935a is started using port 15153 for RATIS_SERVER
2023-10-17 18:44:46,246 [EndpointStateMachine task thread for /0.0.0.0:15141 - 0 ] INFO  ratis.XceiverServerRatis (XceiverServerRatis.java:getRealPort(543)) - XceiverServerRatis 03ee06a5-cfcc-4ac1-a3c7-afad1436935a is started using port 15154 for RATIS_DATASTREAM
2023-10-17 18:44:46,252 [03ee06a5-cfcc-4ac1-a3c7-afad1436935a-BlockDeletingService#0] INFO  interfaces.ContainerDeletionChoosingPolicyTemplate (ContainerDeletionChoosingPolicyTemplate.java:chooseContainerForBlockDeletion(85)) - Chosen 0/5000 blocks from 0 candidate containers.
2023-10-17 18:44:46,504 [EndpointStateMachine task thread for /0.0.0.0:15141 - 0 ] INFO  utils.DatanodeStoreCache (DatanodeStoreCache.java:addDB(66)) - Added db /home/runner/work/ozone/ozone/hadoop-ozone/integration-test/target/test-dir/MiniOzoneClusterImpl-d744795c-134c-47f3-98d5-5c735d9275da/datanode-1/data-0/containers/hdds/d744795c-134c-47f3-98d5-5c735d9275da/DS-cc212ab8-c5de-435e-9a0a-4ec913ae7681/container.db to cache
2023-10-17 18:44:46,504 [EndpointStateMachine task thread for /0.0.0.0:15141 - 0 ] INFO  volume.HddsVolume (HddsVolume.java:createDbStore(422)) - SchemaV3 db is created and loaded at /home/runner/work/ozone/ozone/hadoop-ozone/integration-test/target/test-dir/MiniOzoneClusterImpl-d744795c-134c-47f3-98d5-5c735d9275da/datanode-1/data-0/containers/hdds/d744795c-134c-47f3-98d5-5c735d9275da/DS-cc212ab8-c5de-435e-9a0a-4ec913ae7681/container.db for volume DS-cc212ab8-c5de-435e-9a0a-4ec913ae7681
2023-10-17 18:44:46,505 [EndpointStateMachine task thread for /0.0.0.0:15141 - 0 ] INFO  volume.ThrottledAsyncChecker (ThrottledAsyncChecker.java:schedule(141)) - Scheduling a check for /home/runner/work/ozone/ozone/hadoop-ozone/integration-test/target/test-dir/MiniOzoneClusterImpl-d744795c-134c-47f3-98d5-5c735d9275da/datanode-1/data-0/containers/hdds
2023-10-17 18:44:46,506 [EndpointStateMachine task thread for /0.0.0.0:15141 - 0 ] INFO  volume.StorageVolumeChecker (StorageVolumeChecker.java:checkAllVolumes(213)) - Scheduled health check for volume /home/runner/work/ozone/ozone/hadoop-ozone/integration-test/target/test-dir/MiniOzoneClusterImpl-d744795c-134c-47f3-98d5-5c735d9275da/datanode-1/data-0/containers/hdds
2023-10-17 18:44:46,512 [EndpointStateMachine task thread for /0.0.0.0:15141 - 0 ] INFO  volume.ThrottledAsyncChecker (ThrottledAsyncChecker.java:schedule(141)) - Scheduling a check for /home/runner/work/ozone/ozone/hadoop-ozone/integration-test/target/test-dir/MiniOzoneClusterImpl-d744795c-134c-47f3-98d5-5c735d9275da/datanode-1/data/ratis
2023-10-17 18:44:46,512 [EndpointStateMachine task thread for /0.0.0.0:15141 - 0 ] INFO  volume.StorageVolumeChecker (StorageVolumeChecker.java:checkAllVolumes(213)) - Scheduled health check for volume /home/runner/work/ozone/ozone/hadoop-ozone/integration-test/target/test-dir/MiniOzoneClusterImpl-d744795c-134c-47f3-98d5-5c735d9275da/datanode-1/data/ratis
2023-10-17 18:44:46,513 [EndpointStateMachine task thread for /0.0.0.0:15141 - 0 ] INFO  ozoneimpl.OzoneContainer (OzoneContainer.java:start(431)) - Attempting to start container services.
2023-10-17 18:44:46,513 [EndpointStateMachine task thread for /0.0.0.0:15141 - 0 ] INFO  ozoneimpl.OzoneContainer (OzoneContainer.java:startContainerScrub(327)) - Scheduled background container scanners and the on-demand container scanner have been disabled.
2023-10-17 18:44:46,514 [EndpointStateMachine task thread for /0.0.0.0:15141 - 0 ] INFO  replication.ReplicationServer (ReplicationServer.java:start(134)) - ReplicationServer is started using port 15164
2023-10-17 18:44:46,514 [EndpointStateMachine task thread for /0.0.0.0:15141 - 0 ] INFO  ratis.XceiverServerRatis (XceiverServerRatis.java:start(517)) - Starting XceiverServerRatis a09c5a64-4ee1-447f-bdad-955dc0571893
2023-10-17 18:44:46,515 [EndpointStateMachine task thread for /0.0.0.0:15141 - 0 ] INFO  server.RaftServer (RaftServerProxy.java:startImpl(400)) - a09c5a64-4ee1-447f-bdad-955dc0571893: start RPC server
2023-10-17 18:44:46,519 [EndpointStateMachine task thread for /0.0.0.0:15141 - 0 ] INFO  server.GrpcService (GrpcService.java:startImpl(302)) - a09c5a64-4ee1-447f-bdad-955dc0571893: GrpcService started, listening on 15160
2023-10-17 18:44:46,520 [EndpointStateMachine task thread for /0.0.0.0:15141 - 0 ] INFO  server.GrpcService (GrpcService.java:startImpl(302)) - a09c5a64-4ee1-447f-bdad-955dc0571893: GrpcService started, listening on 15162
2023-10-17 18:44:46,526 [EndpointStateMachine task thread for /0.0.0.0:15141 - 0 ] INFO  server.GrpcService (GrpcService.java:startImpl(302)) - a09c5a64-4ee1-447f-bdad-955dc0571893: GrpcService started, listening on 15161
2023-10-17 18:44:46,526 [EndpointStateMachine task thread for /0.0.0.0:15141 - 0 ] INFO  ratis.XceiverServerRatis (XceiverServerRatis.java:getRealPort(543)) - XceiverServerRatis a09c5a64-4ee1-447f-bdad-955dc0571893 is started using port 15160 for RATIS
2023-10-17 18:44:46,526 [EndpointStateMachine task thread for /0.0.0.0:15141 - 0 ] INFO  ratis.XceiverServerRatis (XceiverServerRatis.java:getRealPort(543)) - XceiverServerRatis a09c5a64-4ee1-447f-bdad-955dc0571893 is started using port 15161 for RATIS_ADMIN
2023-10-17 18:44:46,526 [EndpointStateMachine task thread for /0.0.0.0:15141 - 0 ] INFO  ratis.XceiverServerRatis (XceiverServerRatis.java:getRealPort(543)) - XceiverServerRatis a09c5a64-4ee1-447f-bdad-955dc0571893 is started using port 15162 for RATIS_SERVER
2023-10-17 18:44:46,526 [EndpointStateMachine task thread for /0.0.0.0:15141 - 0 ] INFO  ratis.XceiverServerRatis (XceiverServerRatis.java:getRealPort(543)) - XceiverServerRatis a09c5a64-4ee1-447f-bdad-955dc0571893 is started using port 15163 for RATIS_DATASTREAM
2023-10-17 18:44:46,527 [JvmPauseMonitor25] INFO  util.JvmPauseMonitor (JvmPauseMonitor.java:run(103)) - JvmPauseMonitor-a09c5a64-4ee1-447f-bdad-955dc0571893: Started
2023-10-17 18:44:46,538 [a09c5a64-4ee1-447f-bdad-955dc0571893-BlockDeletingService#0] INFO  interfaces.ContainerDeletionChoosingPolicyTemplate (ContainerDeletionChoosingPolicyTemplate.java:chooseContainerForBlockDeletion(85)) - Chosen 0/5000 blocks from 0 candidate containers.
2023-10-17 18:44:46,732 [Time-limited test] INFO  ozone.MiniOzoneClusterImpl (MiniOzoneClusterImpl.java:lambda$waitForClusterToBeReady$0(229)) - Waiting for nodes to be ready. Got 0 of 3 DN Heartbeats.
2023-10-17 18:44:46,732 [Time-limited test] INFO  ozone.MiniOzoneClusterImpl (MiniOzoneClusterImpl.java:lambda$waitForClusterToBeReady$0(232)) - Waiting for cluster to exit safe mode
2023-10-17 18:44:46,732 [Time-limited test] INFO  ozone.MiniOzoneClusterImpl (MiniOzoneClusterImpl.java:lambda$waitForClusterToBeReady$0(234)) - SCM became leader
2023-10-17 18:44:46,774 [EndpointStateMachine task thread for /0.0.0.0:15141 - 0 ] INFO  utils.DatanodeStoreCache (DatanodeStoreCache.java:addDB(66)) - Added db /home/runner/work/ozone/ozone/hadoop-ozone/integration-test/target/test-dir/MiniOzoneClusterImpl-d744795c-134c-47f3-98d5-5c735d9275da/datanode-2/data-0/containers/hdds/d744795c-134c-47f3-98d5-5c735d9275da/DS-0fcfe639-6e06-47ef-a410-670565284519/container.db to cache
2023-10-17 18:44:46,774 [EndpointStateMachine task thread for /0.0.0.0:15141 - 0 ] INFO  volume.HddsVolume (HddsVolume.java:createDbStore(422)) - SchemaV3 db is created and loaded at /home/runner/work/ozone/ozone/hadoop-ozone/integration-test/target/test-dir/MiniOzoneClusterImpl-d744795c-134c-47f3-98d5-5c735d9275da/datanode-2/data-0/containers/hdds/d744795c-134c-47f3-98d5-5c735d9275da/DS-0fcfe639-6e06-47ef-a410-670565284519/container.db for volume DS-0fcfe639-6e06-47ef-a410-670565284519
2023-10-17 18:44:46,776 [EndpointStateMachine task thread for /0.0.0.0:15141 - 0 ] INFO  volume.ThrottledAsyncChecker (ThrottledAsyncChecker.java:schedule(141)) - Scheduling a check for /home/runner/work/ozone/ozone/hadoop-ozone/integration-test/target/test-dir/MiniOzoneClusterImpl-d744795c-134c-47f3-98d5-5c735d9275da/datanode-2/data-0/containers/hdds
2023-10-17 18:44:46,777 [EndpointStateMachine task thread for /0.0.0.0:15141 - 0 ] INFO  volume.StorageVolumeChecker (StorageVolumeChecker.java:checkAllVolumes(213)) - Scheduled health check for volume /home/runner/work/ozone/ozone/hadoop-ozone/integration-test/target/test-dir/MiniOzoneClusterImpl-d744795c-134c-47f3-98d5-5c735d9275da/datanode-2/data-0/containers/hdds
2023-10-17 18:44:46,781 [EndpointStateMachine task thread for /0.0.0.0:15141 - 0 ] INFO  volume.ThrottledAsyncChecker (ThrottledAsyncChecker.java:schedule(141)) - Scheduling a check for /home/runner/work/ozone/ozone/hadoop-ozone/integration-test/target/test-dir/MiniOzoneClusterImpl-d744795c-134c-47f3-98d5-5c735d9275da/datanode-2/data/ratis
2023-10-17 18:44:46,781 [EndpointStateMachine task thread for /0.0.0.0:15141 - 0 ] INFO  volume.StorageVolumeChecker (StorageVolumeChecker.java:checkAllVolumes(213)) - Scheduled health check for volume /home/runner/work/ozone/ozone/hadoop-ozone/integration-test/target/test-dir/MiniOzoneClusterImpl-d744795c-134c-47f3-98d5-5c735d9275da/datanode-2/data/ratis
2023-10-17 18:44:46,782 [EndpointStateMachine task thread for /0.0.0.0:15141 - 0 ] INFO  ozoneimpl.OzoneContainer (OzoneContainer.java:start(431)) - Attempting to start container services.
2023-10-17 18:44:46,782 [EndpointStateMachine task thread for /0.0.0.0:15141 - 0 ] INFO  ozoneimpl.OzoneContainer (OzoneContainer.java:startContainerScrub(327)) - Scheduled background container scanners and the on-demand container scanner have been disabled.
2023-10-17 18:44:46,783 [EndpointStateMachine task thread for /0.0.0.0:15141 - 0 ] INFO  replication.ReplicationServer (ReplicationServer.java:start(134)) - ReplicationServer is started using port 15173
2023-10-17 18:44:46,783 [EndpointStateMachine task thread for /0.0.0.0:15141 - 0 ] INFO  ratis.XceiverServerRatis (XceiverServerRatis.java:start(517)) - Starting XceiverServerRatis 6bf4bd27-d28f-421a-802a-00940bdb9945
2023-10-17 18:44:46,790 [EndpointStateMachine task thread for /0.0.0.0:15141 - 0 ] INFO  server.RaftServer (RaftServerProxy.java:startImpl(400)) - 6bf4bd27-d28f-421a-802a-00940bdb9945: start RPC server
2023-10-17 18:44:46,798 [EndpointStateMachine task thread for /0.0.0.0:15141 - 0 ] INFO  server.GrpcService (GrpcService.java:startImpl(302)) - 6bf4bd27-d28f-421a-802a-00940bdb9945: GrpcService started, listening on 15169
2023-10-17 18:44:46,799 [EndpointStateMachine task thread for /0.0.0.0:15141 - 0 ] INFO  server.GrpcService (GrpcService.java:startImpl(302)) - 6bf4bd27-d28f-421a-802a-00940bdb9945: GrpcService started, listening on 15171
2023-10-17 18:44:46,800 [EndpointStateMachine task thread for /0.0.0.0:15141 - 0 ] INFO  server.GrpcService (GrpcService.java:startImpl(302)) - 6bf4bd27-d28f-421a-802a-00940bdb9945: GrpcService started, listening on 15170
2023-10-17 18:44:46,800 [EndpointStateMachine task thread for /0.0.0.0:15141 - 0 ] INFO  ratis.XceiverServerRatis (XceiverServerRatis.java:getRealPort(543)) - XceiverServerRatis 6bf4bd27-d28f-421a-802a-00940bdb9945 is started using port 15169 for RATIS
2023-10-17 18:44:46,800 [EndpointStateMachine task thread for /0.0.0.0:15141 - 0 ] INFO  ratis.XceiverServerRatis (XceiverServerRatis.java:getRealPort(543)) - XceiverServerRatis 6bf4bd27-d28f-421a-802a-00940bdb9945 is started using port 15170 for RATIS_ADMIN
2023-10-17 18:44:46,800 [EndpointStateMachine task thread for /0.0.0.0:15141 - 0 ] INFO  ratis.XceiverServerRatis (XceiverServerRatis.java:getRealPort(543)) - XceiverServerRatis 6bf4bd27-d28f-421a-802a-00940bdb9945 is started using port 15171 for RATIS_SERVER
2023-10-17 18:44:46,800 [EndpointStateMachine task thread for /0.0.0.0:15141 - 0 ] INFO  ratis.XceiverServerRatis (XceiverServerRatis.java:getRealPort(543)) - XceiverServerRatis 6bf4bd27-d28f-421a-802a-00940bdb9945 is started using port 15172 for RATIS_DATASTREAM
2023-10-17 18:44:46,801 [JvmPauseMonitor26] INFO  util.JvmPauseMonitor (JvmPauseMonitor.java:run(103)) - JvmPauseMonitor-6bf4bd27-d28f-421a-802a-00940bdb9945: Started
2023-10-17 18:44:46,807 [6bf4bd27-d28f-421a-802a-00940bdb9945-BlockDeletingService#0] INFO  interfaces.ContainerDeletionChoosingPolicyTemplate (ContainerDeletionChoosingPolicyTemplate.java:chooseContainerForBlockDeletion(85)) - Chosen 0/5000 blocks from 0 candidate containers.
2023-10-17 18:44:47,732 [Time-limited test] INFO  ozone.MiniOzoneClusterImpl (MiniOzoneClusterImpl.java:lambda$waitForClusterToBeReady$0(229)) - Waiting for nodes to be ready. Got 0 of 3 DN Heartbeats.
2023-10-17 18:44:47,733 [Time-limited test] INFO  ozone.MiniOzoneClusterImpl (MiniOzoneClusterImpl.java:lambda$waitForClusterToBeReady$0(232)) - Waiting for cluster to exit safe mode
2023-10-17 18:44:47,733 [Time-limited test] INFO  ozone.MiniOzoneClusterImpl (MiniOzoneClusterImpl.java:lambda$waitForClusterToBeReady$0(234)) - SCM became leader
2023-10-17 18:44:48,196 [IPC Server handler 1 on default port 15141] INFO  net.NetworkTopologyImpl (NetworkTopologyImpl.java:add(112)) - Added a new node: /default-rack/03ee06a5-cfcc-4ac1-a3c7-afad1436935a
2023-10-17 18:44:48,196 [IPC Server handler 1 on default port 15141] INFO  node.SCMNodeManager (SCMNodeManager.java:register(405)) - Registered Data node : 03ee06a5-cfcc-4ac1-a3c7-afad1436935a{ip: 10.1.0.25, host: fv-az189-115, ports: [HTTP=15148, CLIENT_RPC=15149, REPLICATION=15155, RATIS=15151, RATIS_ADMIN=15152, RATIS_SERVER=15153, RATIS_DATASTREAM=15154, STANDALONE=15150], networkLocation: /default-rack, certSerialId: null, persistedOpState: null, persistedOpStateExpiryEpochSec: 0}
2023-10-17 18:44:48,199 [EventQueue-NodeRegistrationContainerReportForContainerSafeModeRule] INFO  safemode.SCMSafeModeManager (SCMSafeModeManager.java:validateSafeModeExitRules(200)) - ContainerSafeModeRule rule is successfully validated
2023-10-17 18:44:48,209 [EventQueue-NodeRegistrationContainerReportForDataNodeSafeModeRule] INFO  safemode.SCMSafeModeManager (DataNodeSafeModeRule.java:process(71)) - SCM in safe mode. 1 DataNodes registered, 3 required.
2023-10-17 18:44:48,209 [EventQueue-PipelineReportForOneReplicaPipelineSafeModeRule] INFO  safemode.SCMSafeModeManager (SCMSafeModeManager.java:validateSafeModeExitRules(200)) - AtleastOneDatanodeReportedRule rule is successfully validated
2023-10-17 18:44:48,209 [EventQueue-NewNodeForNewNodeHandler] INFO  pipeline.BackgroundPipelineCreator (BackgroundPipelineCreator.java:notifyEventTriggered(277)) - trigger a one-shot run on RatisPipelineUtilsThread.
2023-10-17 18:44:48,209 [RatisPipelineUtilsThread - 0] INFO  pipeline.RatisPipelineProvider (RatisPipelineProvider.java:lambda$create$0(206)) - Sending CreatePipelineCommand for pipeline:PipelineID=6e840e8c-c1c1-4682-8ba0-ab198594c4b3 to datanode:03ee06a5-cfcc-4ac1-a3c7-afad1436935a
2023-10-17 18:44:48,210 [RatisPipelineUtilsThread - 0] INFO  pipeline.BackgroundPipelineCreator (BackgroundPipelineCreator.java:createPipelines(233)) - Created new pipeline Pipeline[ Id: 6e840e8c-c1c1-4682-8ba0-ab198594c4b3, Nodes: 03ee06a5-cfcc-4ac1-a3c7-afad1436935a(fv-az189-115/10.1.0.25), ReplicationConfig: RATIS/ONE, State:ALLOCATED, leaderId:, CreationTimestamp2023-10-17T18:44:48.209Z[Etc/UTC]]
2023-10-17 18:44:48,467 [IPC Server handler 0 on default port 15141] INFO  net.NetworkTopologyImpl (NetworkTopologyImpl.java:add(112)) - Added a new node: /default-rack/a09c5a64-4ee1-447f-bdad-955dc0571893
2023-10-17 18:44:48,467 [IPC Server handler 0 on default port 15141] INFO  node.SCMNodeManager (SCMNodeManager.java:register(405)) - Registered Data node : a09c5a64-4ee1-447f-bdad-955dc0571893{ip: 10.1.0.25, host: fv-az189-115, ports: [HTTP=15157, CLIENT_RPC=15158, REPLICATION=15164, RATIS=15160, RATIS_ADMIN=15161, RATIS_SERVER=15162, RATIS_DATASTREAM=15163, STANDALONE=15159], networkLocation: /default-rack, certSerialId: null, persistedOpState: null, persistedOpStateExpiryEpochSec: 0}
2023-10-17 18:44:48,468 [EventQueue-NewNodeForNewNodeHandler] INFO  pipeline.BackgroundPipelineCreator (BackgroundPipelineCreator.java:notifyEventTriggered(277)) - trigger a one-shot run on RatisPipelineUtilsThread.
2023-10-17 18:44:48,468 [RatisPipelineUtilsThread - 0] INFO  pipeline.RatisPipelineProvider (RatisPipelineProvider.java:lambda$create$0(206)) - Sending CreatePipelineCommand for pipeline:PipelineID=6f4c846c-1fa1-4a6a-b536-9c4cb96f1dd3 to datanode:a09c5a64-4ee1-447f-bdad-955dc0571893
2023-10-17 18:44:48,469 [RatisPipelineUtilsThread - 0] INFO  pipeline.BackgroundPipelineCreator (BackgroundPipelineCreator.java:createPipelines(233)) - Created new pipeline Pipeline[ Id: 6f4c846c-1fa1-4a6a-b536-9c4cb96f1dd3, Nodes: a09c5a64-4ee1-447f-bdad-955dc0571893(fv-az189-115/10.1.0.25), ReplicationConfig: RATIS/ONE, State:ALLOCATED, leaderId:, CreationTimestamp2023-10-17T18:44:48.468Z[Etc/UTC]]
2023-10-17 18:44:48,470 [EventQueue-NodeRegistrationContainerReportForDataNodeSafeModeRule] INFO  safemode.SCMSafeModeManager (DataNodeSafeModeRule.java:process(71)) - SCM in safe mode. 2 DataNodes registered, 3 required.
2023-10-17 18:44:48,733 [Time-limited test] INFO  ozone.MiniOzoneClusterImpl (MiniOzoneClusterImpl.java:lambda$waitForClusterToBeReady$0(229)) - Waiting for nodes to be ready. Got 2 of 3 DN Heartbeats.
2023-10-17 18:44:48,733 [Time-limited test] INFO  ozone.MiniOzoneClusterImpl (MiniOzoneClusterImpl.java:lambda$waitForClusterToBeReady$0(232)) - Waiting for cluster to exit safe mode
2023-10-17 18:44:48,733 [Time-limited test] INFO  ozone.MiniOzoneClusterImpl (MiniOzoneClusterImpl.java:lambda$waitForClusterToBeReady$0(234)) - SCM became leader
2023-10-17 18:44:48,734 [IPC Server handler 3 on default port 15141] INFO  net.NetworkTopologyImpl (NetworkTopologyImpl.java:add(112)) - Added a new node: /default-rack/6bf4bd27-d28f-421a-802a-00940bdb9945
2023-10-17 18:44:48,734 [IPC Server handler 3 on default port 15141] INFO  node.SCMNodeManager (SCMNodeManager.java:register(405)) - Registered Data node : 6bf4bd27-d28f-421a-802a-00940bdb9945{ip: 10.1.0.25, host: fv-az189-115, ports: [HTTP=15166, CLIENT_RPC=15167, REPLICATION=15173, RATIS=15169, RATIS_ADMIN=15170, RATIS_SERVER=15171, RATIS_DATASTREAM=15172, STANDALONE=15168], networkLocation: /default-rack, certSerialId: null, persistedOpState: null, persistedOpStateExpiryEpochSec: 0}
2023-10-17 18:44:48,736 [EventQueue-NewNodeForNewNodeHandler] INFO  pipeline.BackgroundPipelineCreator (BackgroundPipelineCreator.java:notifyEventTriggered(277)) - trigger a one-shot run on RatisPipelineUtilsThread.
2023-10-17 18:44:48,736 [EventQueue-NodeRegistrationContainerReportForDataNodeSafeModeRule] INFO  safemode.SCMSafeModeManager (DataNodeSafeModeRule.java:process(71)) - SCM in safe mode. 3 DataNodes registered, 3 required.
2023-10-17 18:44:48,736 [EventQueue-NodeRegistrationContainerReportForDataNodeSafeModeRule] INFO  safemode.SCMSafeModeManager (SCMSafeModeManager.java:validateSafeModeExitRules(200)) - DataNodeSafeModeRule rule is successfully validated
2023-10-17 18:44:48,736 [EventQueue-NodeRegistrationContainerReportForDataNodeSafeModeRule] INFO  safemode.SCMSafeModeManager (SCMSafeModeManager.java:completePreCheck(229)) - All SCM safe mode pre check rules have passed
2023-10-17 18:44:48,736 [EventQueue-NodeRegistrationContainerReportForDataNodeSafeModeRule] INFO  ha.SCMContext (SCMContext.java:updateSafeModeStatus(230)) - Update SafeModeStatus from SafeModeStatus{safeModeStatus=true, preCheckPassed=false} to SafeModeStatus{safeModeStatus=true, preCheckPassed=true}.
2023-10-17 18:44:48,736 [EventQueue-NodeRegistrationContainerReportForDataNodeSafeModeRule] INFO  pipeline.BackgroundPipelineCreator (BackgroundPipelineCreator.java:notifyEventTriggered(277)) - trigger a one-shot run on RatisPipelineUtilsThread.
2023-10-17 18:44:48,736 [RatisPipelineUtilsThread - 0] INFO  pipeline.RatisPipelineProvider (RatisPipelineProvider.java:lambda$create$0(206)) - Sending CreatePipelineCommand for pipeline:PipelineID=ce628324-7922-4db9-aa71-800de3ad42fc to datanode:6bf4bd27-d28f-421a-802a-00940bdb9945
2023-10-17 18:44:48,737 [RatisPipelineUtilsThread - 0] INFO  pipeline.BackgroundPipelineCreator (BackgroundPipelineCreator.java:createPipelines(233)) - Created new pipeline Pipeline[ Id: ce628324-7922-4db9-aa71-800de3ad42fc, Nodes: 6bf4bd27-d28f-421a-802a-00940bdb9945(fv-az189-115/10.1.0.25), ReplicationConfig: RATIS/ONE, State:ALLOCATED, leaderId:, CreationTimestamp2023-10-17T18:44:48.736Z[Etc/UTC]]
2023-10-17 18:44:48,737 [RatisPipelineUtilsThread - 0] INFO  pipeline.RatisPipelineProvider (RatisPipelineProvider.java:lambda$create$0(206)) - Sending CreatePipelineCommand for pipeline:PipelineID=62e6cc5a-97d2-4a66-be11-0571e2346807 to datanode:6bf4bd27-d28f-421a-802a-00940bdb9945
2023-10-17 18:44:48,737 [RatisPipelineUtilsThread - 0] INFO  pipeline.RatisPipelineProvider (RatisPipelineProvider.java:lambda$create$0(206)) - Sending CreatePipelineCommand for pipeline:PipelineID=62e6cc5a-97d2-4a66-be11-0571e2346807 to datanode:a09c5a64-4ee1-447f-bdad-955dc0571893
2023-10-17 18:44:48,738 [RatisPipelineUtilsThread - 0] INFO  pipeline.RatisPipelineProvider (RatisPipelineProvider.java:lambda$create$0(206)) - Sending CreatePipelineCommand for pipeline:PipelineID=62e6cc5a-97d2-4a66-be11-0571e2346807 to datanode:03ee06a5-cfcc-4ac1-a3c7-afad1436935a
2023-10-17 18:44:48,738 [RatisPipelineUtilsThread - 0] INFO  pipeline.BackgroundPipelineCreator (BackgroundPipelineCreator.java:createPipelines(233)) - Created new pipeline Pipeline[ Id: 62e6cc5a-97d2-4a66-be11-0571e2346807, Nodes: 6bf4bd27-d28f-421a-802a-00940bdb9945(fv-az189-115/10.1.0.25)a09c5a64-4ee1-447f-bdad-955dc0571893(fv-az189-115/10.1.0.25)03ee06a5-cfcc-4ac1-a3c7-afad1436935a(fv-az189-115/10.1.0.25), ReplicationConfig: RATIS/THREE, State:ALLOCATED, leaderId:, CreationTimestamp2023-10-17T18:44:48.737Z[Etc/UTC]]
2023-10-17 18:44:48,739 [RatisPipelineUtilsThread - 0] INFO  pipeline.RatisPipelineProvider (RatisPipelineProvider.java:lambda$create$0(206)) - Sending CreatePipelineCommand for pipeline:PipelineID=37bcaca1-812d-40bb-a910-8a1ac0108d31 to datanode:03ee06a5-cfcc-4ac1-a3c7-afad1436935a
2023-10-17 18:44:48,739 [RatisPipelineUtilsThread - 0] INFO  pipeline.RatisPipelineProvider (RatisPipelineProvider.java:lambda$create$0(206)) - Sending CreatePipelineCommand for pipeline:PipelineID=37bcaca1-812d-40bb-a910-8a1ac0108d31 to datanode:a09c5a64-4ee1-447f-bdad-955dc0571893
2023-10-17 18:44:48,739 [RatisPipelineUtilsThread - 0] INFO  pipeline.RatisPipelineProvider (RatisPipelineProvider.java:lambda$create$0(206)) - Sending CreatePipelineCommand for pipeline:PipelineID=37bcaca1-812d-40bb-a910-8a1ac0108d31 to datanode:6bf4bd27-d28f-421a-802a-00940bdb9945
2023-10-17 18:44:48,739 [RatisPipelineUtilsThread - 0] INFO  pipeline.PipelineManagerImpl (PipelineManagerImpl.java:recordMetricsForPipeline(895)) - Pipeline: PipelineID=37bcaca1-812d-40bb-a910-8a1ac0108d31 contains same datanodes as previous pipelines: PipelineID=62e6cc5a-97d2-4a66-be11-0571e2346807 nodeIds: 03ee06a5-cfcc-4ac1-a3c7-afad1436935a, a09c5a64-4ee1-447f-bdad-955dc0571893, 6bf4bd27-d28f-421a-802a-00940bdb9945
2023-10-17 18:44:48,740 [RatisPipelineUtilsThread - 0] INFO  pipeline.BackgroundPipelineCreator (BackgroundPipelineCreator.java:createPipelines(233)) - Created new pipeline Pipeline[ Id: 37bcaca1-812d-40bb-a910-8a1ac0108d31, Nodes: 03ee06a5-cfcc-4ac1-a3c7-afad1436935a(fv-az189-115/10.1.0.25)a09c5a64-4ee1-447f-bdad-955dc0571893(fv-az189-115/10.1.0.25)6bf4bd27-d28f-421a-802a-00940bdb9945(fv-az189-115/10.1.0.25), ReplicationConfig: RATIS/THREE, State:ALLOCATED, leaderId:, CreationTimestamp2023-10-17T18:44:48.739Z[Etc/UTC]]
2023-10-17 18:44:49,733 [Time-limited test] INFO  ozone.MiniOzoneClusterImpl (MiniOzoneClusterImpl.java:lambda$waitForClusterToBeReady$0(229)) - Nodes are ready. Got 3 of 3 DN Heartbeats.
2023-10-17 18:44:49,734 [Time-limited test] INFO  ozone.MiniOzoneClusterImpl (MiniOzoneClusterImpl.java:lambda$waitForClusterToBeReady$0(232)) - Waiting for cluster to exit safe mode
2023-10-17 18:44:49,734 [Time-limited test] INFO  ozone.MiniOzoneClusterImpl (MiniOzoneClusterImpl.java:lambda$waitForClusterToBeReady$0(234)) - SCM became leader
2023-10-17 18:44:50,734 [Time-limited test] INFO  ozone.MiniOzoneClusterImpl (MiniOzoneClusterImpl.java:lambda$waitForClusterToBeReady$0(229)) - Nodes are ready. Got 3 of 3 DN Heartbeats.
2023-10-17 18:44:50,734 [Time-limited test] INFO  ozone.MiniOzoneClusterImpl (MiniOzoneClusterImpl.java:lambda$waitForClusterToBeReady$0(232)) - Waiting for cluster to exit safe mode
2023-10-17 18:44:50,734 [Time-limited test] INFO  ozone.MiniOzoneClusterImpl (MiniOzoneClusterImpl.java:lambda$waitForClusterToBeReady$0(234)) - SCM became leader
2023-10-17 18:44:51,195 [PipelineCommandHandlerThread-0] INFO  server.RaftServer (RaftServerProxy.java:addNew(98)) - 03ee06a5-cfcc-4ac1-a3c7-afad1436935a: addNew group-AB198594C4B3:[03ee06a5-cfcc-4ac1-a3c7-afad1436935a|rpc:10.1.0.25:15153|admin:10.1.0.25:15152|client:10.1.0.25:15151|dataStream:10.1.0.25:15154|priority:1|startupRole:FOLLOWER] returns group-AB198594C4B3:java.util.concurrent.CompletableFuture@1b45237[Not completed]
2023-10-17 18:44:51,197 [03ee06a5-cfcc-4ac1-a3c7-afad1436935a-groupManagement] INFO  server.RaftServer$Division (RaftServerImpl.java:<init>(198)) - 03ee06a5-cfcc-4ac1-a3c7-afad1436935a: new RaftServerImpl for group-AB198594C4B3:[03ee06a5-cfcc-4ac1-a3c7-afad1436935a|rpc:10.1.0.25:15153|admin:10.1.0.25:15152|client:10.1.0.25:15151|dataStream:10.1.0.25:15154|priority:1|startupRole:FOLLOWER] with ContainerStateMachine:uninitialized
2023-10-17 18:44:51,197 [03ee06a5-cfcc-4ac1-a3c7-afad1436935a-groupManagement] INFO  server.RaftServerConfigKeys (ConfUtils.java:logGet(46)) - raft.server.rpc.timeout.min = 5s (custom)
2023-10-17 18:44:51,197 [03ee06a5-cfcc-4ac1-a3c7-afad1436935a-groupManagement] INFO  server.RaftServerConfigKeys (ConfUtils.java:logGet(46)) - raft.server.rpc.timeout.max = 5200ms (custom)
2023-10-17 18:44:51,197 [03ee06a5-cfcc-4ac1-a3c7-afad1436935a-groupManagement] INFO  server.RaftServerConfigKeys (ConfUtils.java:logGet(46)) - raft.server.rpc.sleep.time = 25ms (default)
2023-10-17 18:44:51,197 [03ee06a5-cfcc-4ac1-a3c7-afad1436935a-groupManagement] INFO  server.RaftServerConfigKeys (ConfUtils.java:logGet(46)) - raft.server.rpc.slowness.timeout = 300s (custom)
2023-10-17 18:44:51,197 [03ee06a5-cfcc-4ac1-a3c7-afad1436935a-groupManagement] INFO  server.RaftServerConfigKeys (ConfUtils.java:logGet(46)) - raft.server.leaderelection.leader.step-down.wait-time = 10s (default)
2023-10-17 18:44:51,197 [03ee06a5-cfcc-4ac1-a3c7-afad1436935a-groupManagement] INFO  server.RaftServerConfigKeys (ConfUtils.java:logGet(46)) - raft.server.sleep.deviation.threshold = 300ms (default)
2023-10-17 18:44:51,197 [03ee06a5-cfcc-4ac1-a3c7-afad1436935a-groupManagement] INFO  server.RaftServer$Division (ServerState.java:<init>(120)) - 03ee06a5-cfcc-4ac1-a3c7-afad1436935a@group-AB198594C4B3: ConfigurationManager, init=-1: peers:[03ee06a5-cfcc-4ac1-a3c7-afad1436935a|rpc:10.1.0.25:15153|admin:10.1.0.25:15152|client:10.1.0.25:15151|dataStream:10.1.0.25:15154|priority:1|startupRole:FOLLOWER]|listeners:[], old=null, confs=<EMPTY_MAP>
2023-10-17 18:44:51,197 [03ee06a5-cfcc-4ac1-a3c7-afad1436935a-groupManagement] INFO  server.RaftServerConfigKeys (ConfUtils.java:logGet(46)) - raft.server.storage.dir = [/home/runner/work/ozone/ozone/hadoop-ozone/integration-test/target/test-dir/MiniOzoneClusterImpl-d744795c-134c-47f3-98d5-5c735d9275da/datanode-0/data/ratis] (custom)
2023-10-17 18:44:51,197 [03ee06a5-cfcc-4ac1-a3c7-afad1436935a-groupManagement] INFO  server.RaftServerConfigKeys (ConfUtils.java:logGet(46)) - raft.server.log.corruption.policy = EXCEPTION (default)
2023-10-17 18:44:51,197 [03ee06a5-cfcc-4ac1-a3c7-afad1436935a-groupManagement] INFO  server.RaftServerConfigKeys (ConfUtils.java:logGet(46)) - raft.server.storage.free-space.min = 0MB (=0) (default)
2023-10-17 18:44:51,197 [03ee06a5-cfcc-4ac1-a3c7-afad1436935a-groupManagement] INFO  server.RaftServerConfigKeys (ConfUtils.java:logGet(46)) - raft.server.notification.no-leader.timeout = 300s (custom)
2023-10-17 18:44:51,197 [03ee06a5-cfcc-4ac1-a3c7-afad1436935a-groupManagement] INFO  server.RaftServerConfigKeys (ConfUtils.java:logGet(46)) - raft.server.read.timeout = 10s (default)
2023-10-17 18:44:51,197 [03ee06a5-cfcc-4ac1-a3c7-afad1436935a-groupManagement] INFO  server.RaftServerConfigKeys (ConfUtils.java:logGet(46)) - raft.server.retrycache.expirytime = 600000ms (custom)
2023-10-17 18:44:51,197 [03ee06a5-cfcc-4ac1-a3c7-afad1436935a-groupManagement] INFO  server.RaftServerConfigKeys (ConfUtils.java:logGet(46)) - raft.server.retrycache.statistics.expirytime = 100μs (default)
2023-10-17 18:44:51,198 [03ee06a5-cfcc-4ac1-a3c7-afad1436935a-groupManagement] INFO  server.RaftServerConfigKeys (ConfUtils.java:logGet(46)) - raft.server.read.option = DEFAULT (default)
2023-10-17 18:44:51,198 [03ee06a5-cfcc-4ac1-a3c7-afad1436935a-groupManagement] INFO  server.RaftServerConfigKeys (ConfUtils.java:logGet(46)) - raft.server.rpc.request.timeout = 60s (custom)
2023-10-17 18:44:51,198 [03ee06a5-cfcc-4ac1-a3c7-afad1436935a-groupManagement] INFO  server.RaftServerConfigKeys (ConfUtils.java:logGet(46)) - raft.server.log.appender.install.snapshot.enabled = false (custom)
2023-10-17 18:44:51,198 [03ee06a5-cfcc-4ac1-a3c7-afad1436935a-groupManagement] INFO  server.RaftServerConfigKeys (ConfUtils.java:logGet(46)) - raft.server.threadpool.server.cached = true (default)
2023-10-17 18:44:51,198 [03ee06a5-cfcc-4ac1-a3c7-afad1436935a-groupManagement] INFO  server.RaftServerConfigKeys (ConfUtils.java:logGet(46)) - raft.server.threadpool.server.size = 0 (default)
2023-10-17 18:44:51,198 [03ee06a5-cfcc-4ac1-a3c7-afad1436935a-groupManagement] INFO  server.RaftServerConfigKeys (ConfUtils.java:logGet(46)) - raft.server.threadpool.client.cached = true (default)
2023-10-17 18:44:51,198 [03ee06a5-cfcc-4ac1-a3c7-afad1436935a-groupManagement] INFO  server.RaftServerConfigKeys (ConfUtils.java:logGet(46)) - raft.server.threadpool.client.size = 0 (default)
2023-10-17 18:44:51,199 [03ee06a5-cfcc-4ac1-a3c7-afad1436935a-groupManagement] INFO  storage.RaftStorageDirectory (RaftStorageDirectoryImpl.java:analyzeStorage(137)) - The storage directory /home/runner/work/ozone/ozone/hadoop-ozone/integration-test/target/test-dir/MiniOzoneClusterImpl-d744795c-134c-47f3-98d5-5c735d9275da/datanode-0/data/ratis/6e840e8c-c1c1-4682-8ba0-ab198594c4b3 does not exist. Creating ...
2023-10-17 18:44:51,200 [03ee06a5-cfcc-4ac1-a3c7-afad1436935a-groupManagement] INFO  storage.RaftStorageDirectory (RaftStorageDirectoryImpl.java:tryLock(231)) - Lock on /home/runner/work/ozone/ozone/hadoop-ozone/integration-test/target/test-dir/MiniOzoneClusterImpl-d744795c-134c-47f3-98d5-5c735d9275da/datanode-0/data/ratis/6e840e8c-c1c1-4682-8ba0-ab198594c4b3/in_use.lock acquired by nodename 31914@fv-az189-115
2023-10-17 18:44:51,201 [03ee06a5-cfcc-4ac1-a3c7-afad1436935a-groupManagement] INFO  storage.RaftStorage (RaftStorageImpl.java:format(96)) - Storage directory /home/runner/work/ozone/ozone/hadoop-ozone/integration-test/target/test-dir/MiniOzoneClusterImpl-d744795c-134c-47f3-98d5-5c735d9275da/datanode-0/data/ratis/6e840e8c-c1c1-4682-8ba0-ab198594c4b3 has been successfully formatted.
2023-10-17 18:44:51,203 [03ee06a5-cfcc-4ac1-a3c7-afad1436935a-groupManagement] INFO  ratis.ContainerStateMachine (ContainerStateMachine.java:loadSnapshot(262)) - group-AB198594C4B3: The snapshot info is null. Setting the last applied indexto:(t:0, i:~)
2023-10-17 18:44:51,203 [03ee06a5-cfcc-4ac1-a3c7-afad1436935a-groupManagement] INFO  server.RaftServerConfigKeys (ConfUtils.java:logGet(46)) - raft.server.log.use.memory = false (default)
2023-10-17 18:44:51,203 [03ee06a5-cfcc-4ac1-a3c7-afad1436935a-groupManagement] INFO  server.RaftServerConfigKeys (ConfUtils.java:logGet(46)) - raft.server.log.purge.gap = 1000000 (custom)
2023-10-17 18:44:51,203 [03ee06a5-cfcc-4ac1-a3c7-afad1436935a-groupManagement] INFO  server.RaftServerConfigKeys (ConfUtils.java:logGet(46)) - raft.server.log.appender.buffer.byte-limit = 33554432 (custom)
2023-10-17 18:44:51,203 [03ee06a5-cfcc-4ac1-a3c7-afad1436935a-groupManagement] INFO  server.RaftServerConfigKeys (ConfUtils.java:logGet(46)) - raft.server.log.statemachine.data.read.timeout = 1000ms (default)
2023-10-17 18:44:51,203 [03ee06a5-cfcc-4ac1-a3c7-afad1436935a-groupManagement] INFO  server.RaftServerConfigKeys (ConfUtils.java:logGet(46)) - raft.server.log.purge.preservation.log.num = 0 (default)
2023-10-17 18:44:51,203 [03ee06a5-cfcc-4ac1-a3c7-afad1436935a-groupManagement] INFO  server.RaftServerConfigKeys (ConfUtils.java:logGet(46)) - raft.server.log.segment.size.max = 1048576 (custom)
2023-10-17 18:44:51,203 [03ee06a5-cfcc-4ac1-a3c7-afad1436935a-groupManagement] INFO  server.RaftServerConfigKeys (ConfUtils.java:logGet(46)) - raft.server.log.segment.cache.num.max = 2 (custom)
2023-10-17 18:44:51,203 [03ee06a5-cfcc-4ac1-a3c7-afad1436935a-groupManagement] INFO  server.RaftServerConfigKeys (ConfUtils.java:logGet(46)) - raft.server.log.segment.cache.size.max = 200MB (=209715200) (default)
2023-10-17 18:44:51,203 [03ee06a5-cfcc-4ac1-a3c7-afad1436935a-groupManagement] INFO  server.RaftServerConfigKeys (ConfUtils.java:logGet(46)) - raft.server.log.appender.buffer.byte-limit = 33554432 (custom)
2023-10-17 18:44:51,203 [03ee06a5-cfcc-4ac1-a3c7-afad1436935a-groupManagement] INFO  segmented.SegmentedRaftLogWorker (SegmentedRaftLogWorker.java:<init>(188)) - new 03ee06a5-cfcc-4ac1-a3c7-afad1436935a@group-AB198594C4B3-SegmentedRaftLogWorker for RaftStorageImpl:Storage Directory /home/runner/work/ozone/ozone/hadoop-ozone/integration-test/target/test-dir/MiniOzoneClusterImpl-d744795c-134c-47f3-98d5-5c735d9275da/datanode-0/data/ratis/6e840e8c-c1c1-4682-8ba0-ab198594c4b3
2023-10-17 18:44:51,203 [03ee06a5-cfcc-4ac1-a3c7-afad1436935a-groupManagement] INFO  server.RaftServerConfigKeys (ConfUtils.java:logGet(46)) - raft.server.log.queue.byte-limit = 4294967296 (custom)
2023-10-17 18:44:51,204 [03ee06a5-cfcc-4ac1-a3c7-afad1436935a-groupManagement] INFO  server.RaftServerConfigKeys (ConfUtils.java:logGet(46)) - raft.server.log.queue.element-limit = 1024 (custom)
2023-10-17 18:44:51,204 [03ee06a5-cfcc-4ac1-a3c7-afad1436935a-groupManagement] INFO  server.RaftServerConfigKeys (ConfUtils.java:logGet(46)) - raft.server.log.segment.size.max = 1048576 (custom)
2023-10-17 18:44:51,204 [03ee06a5-cfcc-4ac1-a3c7-afad1436935a-groupManagement] INFO  server.RaftServerConfigKeys (ConfUtils.java:logGet(46)) - raft.server.log.preallocated.size = 16384 (custom)
2023-10-17 18:44:51,204 [03ee06a5-cfcc-4ac1-a3c7-afad1436935a-groupManagement] INFO  server.RaftServerConfigKeys (ConfUtils.java:logGet(46)) - raft.server.log.force.sync.num = 128 (default)
2023-10-17 18:44:51,204 [03ee06a5-cfcc-4ac1-a3c7-afad1436935a-groupManagement] INFO  server.RaftServerConfigKeys (ConfUtils.java:logGet(46)) - raft.server.log.statemachine.data.sync = true (default)
2023-10-17 18:44:51,204 [03ee06a5-cfcc-4ac1-a3c7-afad1436935a-groupManagement] INFO  server.RaftServerConfigKeys (ConfUtils.java:logGet(46)) - raft.server.log.statemachine.data.sync.timeout = 10s (default)
2023-10-17 18:44:51,204 [03ee06a5-cfcc-4ac1-a3c7-afad1436935a-groupManagement] INFO  server.RaftServerConfigKeys (ConfUtils.java:logGet(46)) - raft.server.log.statemachine.data.sync.timeout.retry = -1 (default)
2023-10-17 18:44:51,204 [03ee06a5-cfcc-4ac1-a3c7-afad1436935a-groupManagement] INFO  server.RaftServerConfigKeys (ConfUtils.java:logGet(46)) - raft.server.log.write.buffer.size = 1048576 (custom)
2023-10-17 18:44:51,204 [EventQueue-PipelineReportForPipelineReportHandler] INFO  pipeline.PipelineReportHandler (PipelineReportHandler.java:processPipelineReport(136)) - Opened pipeline PipelineID=6e840e8c-c1c1-4682-8ba0-ab198594c4b3
2023-10-17 18:44:51,204 [03ee06a5-cfcc-4ac1-a3c7-afad1436935a-groupManagement] INFO  server.RaftServerConfigKeys (ConfUtils.java:logGet(46)) - raft.server.log.appender.buffer.byte-limit = 33554432 (custom)
2023-10-17 18:44:51,210 [03ee06a5-cfcc-4ac1-a3c7-afad1436935a-groupManagement] INFO  server.RaftServerConfigKeys (ConfUtils.java:logGet(46)) - raft.server.log.unsafe-flush.enabled = false (default)
2023-10-17 18:44:51,210 [03ee06a5-cfcc-4ac1-a3c7-afad1436935a-groupManagement] INFO  server.RaftServerConfigKeys (ConfUtils.java:logGet(46)) - raft.server.log.async-flush.enabled = false (default)
2023-10-17 18:44:51,210 [03ee06a5-cfcc-4ac1-a3c7-afad1436935a-groupManagement] INFO  server.RaftServerConfigKeys (ConfUtils.java:logGet(46)) - raft.server.log.statemachine.data.caching.enabled = true (custom)
2023-10-17 18:44:51,210 [03ee06a5-cfcc-4ac1-a3c7-afad1436935a-groupManagement] INFO  segmented.SegmentedRaftLogWorker (SegmentedRaftLogWorker.java:lambda$new$0(135)) - 03ee06a5-cfcc-4ac1-a3c7-afad1436935a@group-AB198594C4B3-SegmentedRaftLogWorker: flushIndex: setUnconditionally 0 -> -1
2023-10-17 18:44:51,210 [03ee06a5-cfcc-4ac1-a3c7-afad1436935a-groupManagement] INFO  segmented.SegmentedRaftLogWorker (SegmentedRaftLogWorker.java:lambda$new$0(135)) - 03ee06a5-cfcc-4ac1-a3c7-afad1436935a@group-AB198594C4B3-SegmentedRaftLogWorker: safeCacheEvictIndex: setUnconditionally 0 -> -1
2023-10-17 18:44:51,210 [03ee06a5-cfcc-4ac1-a3c7-afad1436935a-groupManagement] INFO  server.RaftServer$Division (RaftServerImpl.java:start(342)) - 03ee06a5-cfcc-4ac1-a3c7-afad1436935a@group-AB198594C4B3: start as a follower, conf=-1: peers:[03ee06a5-cfcc-4ac1-a3c7-afad1436935a|rpc:10.1.0.25:15153|admin:10.1.0.25:15152|client:10.1.0.25:15151|dataStream:10.1.0.25:15154|priority:1|startupRole:FOLLOWER]|listeners:[], old=null
2023-10-17 18:44:51,210 [03ee06a5-cfcc-4ac1-a3c7-afad1436935a-groupManagement] INFO  server.RaftServer$Division (RaftServerImpl.java:setRole(329)) - 03ee06a5-cfcc-4ac1-a3c7-afad1436935a@group-AB198594C4B3: changes role from      null to FOLLOWER at term 0 for startAsFollower
2023-10-17 18:44:51,211 [03ee06a5-cfcc-4ac1-a3c7-afad1436935a-groupManagement] INFO  impl.RoleInfo (RoleInfo.java:updateAndGet(139)) - 03ee06a5-cfcc-4ac1-a3c7-afad1436935a: start 03ee06a5-cfcc-4ac1-a3c7-afad1436935a@group-AB198594C4B3-FollowerState
2023-10-17 18:44:51,218 [03ee06a5-cfcc-4ac1-a3c7-afad1436935a-groupManagement] INFO  util.JmxRegister (JmxRegister.java:tryRegister(44)) - Successfully registered JMX Bean with object name Ratis:service=RaftServer,group=group-AB198594C4B3,id=03ee06a5-cfcc-4ac1-a3c7-afad1436935a
2023-10-17 18:44:51,218 [03ee06a5-cfcc-4ac1-a3c7-afad1436935a-groupManagement] INFO  server.RaftServerConfigKeys (ConfUtils.java:logGet(46)) - raft.server.snapshot.auto.trigger.enabled = true (custom)
2023-10-17 18:44:51,218 [03ee06a5-cfcc-4ac1-a3c7-afad1436935a-groupManagement] INFO  server.RaftServerConfigKeys (ConfUtils.java:logGet(46)) - raft.server.snapshot.auto.trigger.threshold = 10000 (custom)
2023-10-17 18:44:51,219 [03ee06a5-cfcc-4ac1-a3c7-afad1436935a-groupManagement] INFO  server.RaftServerConfigKeys (ConfUtils.java:logGet(46)) - raft.server.snapshot.retention.file.num = 5 (custom)
2023-10-17 18:44:51,219 [03ee06a5-cfcc-4ac1-a3c7-afad1436935a-groupManagement] INFO  server.RaftServerConfigKeys (ConfUtils.java:logGet(46)) - raft.server.log.purge.upto.snapshot.index = false (default)
2023-10-17 18:44:51,218 [EventQueue-OpenPipelineForHealthyPipelineSafeModeRule] INFO  safemode.SCMSafeModeManager (HealthyPipelineSafeModeRule.java:process(137)) - SCM in safe mode. Healthy pipelines reported count is 0, required healthy pipeline reported count is 1
2023-10-17 18:44:51,219 [PipelineCommandHandlerThread-0] INFO  ratis.XceiverServerRatis (XceiverServerRatis.java:addGroup(804)) - Created group PipelineID=6e840e8c-c1c1-4682-8ba0-ab198594c4b3
2023-10-17 18:44:51,220 [PipelineCommandHandlerThread-0] INFO  commandhandler.CreatePipelineCommandHandler (CreatePipelineCommandHandler.java:lambda$handle$2(124)) - Created Pipeline RATIS ONE PipelineID=6e840e8c-c1c1-4682-8ba0-ab198594c4b3.
2023-10-17 18:44:51,220 [PipelineCommandHandlerThread-0] INFO  server.RaftServer (RaftServerProxy.java:addNew(98)) - 03ee06a5-cfcc-4ac1-a3c7-afad1436935a: addNew group-0571E2346807:[6bf4bd27-d28f-421a-802a-00940bdb9945|rpc:10.1.0.25:15171|admin:10.1.0.25:15170|client:10.1.0.25:15169|dataStream:10.1.0.25:15172|priority:0|startupRole:FOLLOWER, a09c5a64-4ee1-447f-bdad-955dc0571893|rpc:10.1.0.25:15162|admin:10.1.0.25:15161|client:10.1.0.25:15160|dataStream:10.1.0.25:15163|priority:0|startupRole:FOLLOWER, 03ee06a5-cfcc-4ac1-a3c7-afad1436935a|rpc:10.1.0.25:15153|admin:10.1.0.25:15152|client:10.1.0.25:15151|dataStream:10.1.0.25:15154|priority:1|startupRole:FOLLOWER] returns group-0571E2346807:java.util.concurrent.CompletableFuture@58bc6d9[Not completed]
2023-10-17 18:44:51,221 [03ee06a5-cfcc-4ac1-a3c7-afad1436935a-groupManagement] INFO  server.RaftServer$Division (RaftServerImpl.java:<init>(198)) - 03ee06a5-cfcc-4ac1-a3c7-afad1436935a: new RaftServerImpl for group-0571E2346807:[6bf4bd27-d28f-421a-802a-00940bdb9945|rpc:10.1.0.25:15171|admin:10.1.0.25:15170|client:10.1.0.25:15169|dataStream:10.1.0.25:15172|priority:0|startupRole:FOLLOWER, a09c5a64-4ee1-447f-bdad-955dc0571893|rpc:10.1.0.25:15162|admin:10.1.0.25:15161|client:10.1.0.25:15160|dataStream:10.1.0.25:15163|priority:0|startupRole:FOLLOWER, 03ee06a5-cfcc-4ac1-a3c7-afad1436935a|rpc:10.1.0.25:15153|admin:10.1.0.25:15152|client:10.1.0.25:15151|dataStream:10.1.0.25:15154|priority:1|startupRole:FOLLOWER] with ContainerStateMachine:uninitialized
2023-10-17 18:44:51,221 [03ee06a5-cfcc-4ac1-a3c7-afad1436935a-groupManagement] INFO  server.RaftServerConfigKeys (ConfUtils.java:logGet(46)) - raft.server.rpc.timeout.min = 5s (custom)
2023-10-17 18:44:51,221 [03ee06a5-cfcc-4ac1-a3c7-afad1436935a-groupManagement] INFO  server.RaftServerConfigKeys (ConfUtils.java:logGet(46)) - raft.server.rpc.timeout.max = 5200ms (custom)
2023-10-17 18:44:51,221 [03ee06a5-cfcc-4ac1-a3c7-afad1436935a-groupManagement] INFO  server.RaftServerConfigKeys (ConfUtils.java:logGet(46)) - raft.server.rpc.sleep.time = 25ms (default)
2023-10-17 18:44:51,221 [03ee06a5-cfcc-4ac1-a3c7-afad1436935a-groupManagement] INFO  server.RaftServerConfigKeys (ConfUtils.java:logGet(46)) - raft.server.rpc.slowness.timeout = 300s (custom)
2023-10-17 18:44:51,221 [03ee06a5-cfcc-4ac1-a3c7-afad1436935a-groupManagement] INFO  server.RaftServerConfigKeys (ConfUtils.java:logGet(46)) - raft.server.leaderelection.leader.step-down.wait-time = 10s (default)
2023-10-17 18:44:51,221 [03ee06a5-cfcc-4ac1-a3c7-afad1436935a-groupManagement] INFO  server.RaftServerConfigKeys (ConfUtils.java:logGet(46)) - raft.server.sleep.deviation.threshold = 300ms (default)
2023-10-17 18:44:51,221 [03ee06a5-cfcc-4ac1-a3c7-afad1436935a-groupManagement] INFO  server.RaftServer$Division (ServerState.java:<init>(120)) - 03ee06a5-cfcc-4ac1-a3c7-afad1436935a@group-0571E2346807: ConfigurationManager, init=-1: peers:[6bf4bd27-d28f-421a-802a-00940bdb9945|rpc:10.1.0.25:15171|admin:10.1.0.25:15170|client:10.1.0.25:15169|dataStream:10.1.0.25:15172|priority:0|startupRole:FOLLOWER, a09c5a64-4ee1-447f-bdad-955dc0571893|rpc:10.1.0.25:15162|admin:10.1.0.25:15161|client:10.1.0.25:15160|dataStream:10.1.0.25:15163|priority:0|startupRole:FOLLOWER, 03ee06a5-cfcc-4ac1-a3c7-afad1436935a|rpc:10.1.0.25:15153|admin:10.1.0.25:15152|client:10.1.0.25:15151|dataStream:10.1.0.25:15154|priority:1|startupRole:FOLLOWER]|listeners:[], old=null, confs=<EMPTY_MAP>
2023-10-17 18:44:51,222 [03ee06a5-cfcc-4ac1-a3c7-afad1436935a-groupManagement] INFO  server.RaftServerConfigKeys (ConfUtils.java:logGet(46)) - raft.server.storage.dir = [/home/runner/work/ozone/ozone/hadoop-ozone/integration-test/target/test-dir/MiniOzoneClusterImpl-d744795c-134c-47f3-98d5-5c735d9275da/datanode-0/data/ratis] (custom)
2023-10-17 18:44:51,222 [03ee06a5-cfcc-4ac1-a3c7-afad1436935a-groupManagement] INFO  server.RaftServerConfigKeys (ConfUtils.java:logGet(46)) - raft.server.log.corruption.policy = EXCEPTION (default)
2023-10-17 18:44:51,222 [03ee06a5-cfcc-4ac1-a3c7-afad1436935a-groupManagement] INFO  server.RaftServerConfigKeys (ConfUtils.java:logGet(46)) - raft.server.storage.free-space.min = 0MB (=0) (default)
2023-10-17 18:44:51,222 [03ee06a5-cfcc-4ac1-a3c7-afad1436935a-groupManagement] INFO  server.RaftServerConfigKeys (ConfUtils.java:logGet(46)) - raft.server.notification.no-leader.timeout = 300s (custom)
2023-10-17 18:44:51,222 [03ee06a5-cfcc-4ac1-a3c7-afad1436935a-groupManagement] INFO  server.RaftServerConfigKeys (ConfUtils.java:logGet(46)) - raft.server.read.timeout = 10s (default)
2023-10-17 18:44:51,222 [03ee06a5-cfcc-4ac1-a3c7-afad1436935a-groupManagement] INFO  server.RaftServerConfigKeys (ConfUtils.java:logGet(46)) - raft.server.retrycache.expirytime = 600000ms (custom)
2023-10-17 18:44:51,222 [03ee06a5-cfcc-4ac1-a3c7-afad1436935a-groupManagement] INFO  server.RaftServerConfigKeys (ConfUtils.java:logGet(46)) - raft.server.retrycache.statistics.expirytime = 100μs (default)
2023-10-17 18:44:51,222 [03ee06a5-cfcc-4ac1-a3c7-afad1436935a-groupManagement] INFO  server.RaftServerConfigKeys (ConfUtils.java:logGet(46)) - raft.server.read.option = DEFAULT (default)
2023-10-17 18:44:51,223 [03ee06a5-cfcc-4ac1-a3c7-afad1436935a-groupManagement] INFO  server.RaftServerConfigKeys (ConfUtils.java:logGet(46)) - raft.server.rpc.request.timeout = 60s (custom)
2023-10-17 18:44:51,223 [03ee06a5-cfcc-4ac1-a3c7-afad1436935a-groupManagement] INFO  server.RaftServerConfigKeys (ConfUtils.java:logGet(46)) - raft.server.log.appender.install.snapshot.enabled = false (custom)
2023-10-17 18:44:51,223 [03ee06a5-cfcc-4ac1-a3c7-afad1436935a-groupManagement] INFO  server.RaftServerConfigKeys (ConfUtils.java:logGet(46)) - raft.server.threadpool.server.cached = true (default)
2023-10-17 18:44:51,224 [03ee06a5-cfcc-4ac1-a3c7-afad1436935a-groupManagement] INFO  server.RaftServerConfigKeys (ConfUtils.java:logGet(46)) - raft.server.threadpool.server.size = 0 (default)
2023-10-17 18:44:51,224 [03ee06a5-cfcc-4ac1-a3c7-afad1436935a-groupManagement] INFO  server.RaftServerConfigKeys (ConfUtils.java:logGet(46)) - raft.server.threadpool.client.cached = true (default)
2023-10-17 18:44:51,224 [03ee06a5-cfcc-4ac1-a3c7-afad1436935a-groupManagement] INFO  server.RaftServerConfigKeys (ConfUtils.java:logGet(46)) - raft.server.threadpool.client.size = 0 (default)
2023-10-17 18:44:51,224 [03ee06a5-cfcc-4ac1-a3c7-afad1436935a-groupManagement] INFO  storage.RaftStorageDirectory (RaftStorageDirectoryImpl.java:analyzeStorage(137)) - The storage directory /home/runner/work/ozone/ozone/hadoop-ozone/integration-test/target/test-dir/MiniOzoneClusterImpl-d744795c-134c-47f3-98d5-5c735d9275da/datanode-0/data/ratis/62e6cc5a-97d2-4a66-be11-0571e2346807 does not exist. Creating ...
2023-10-17 18:44:51,224 [03ee06a5-cfcc-4ac1-a3c7-afad1436935a@group-AB198594C4B3-FollowerState] INFO  server.RaftServerConfigKeys (ConfUtils.java:logFallback(53)) - raft.server.rpc.first-election.timeout.min = 5s (fallback to raft.server.rpc.timeout.min)
2023-10-17 18:44:51,224 [03ee06a5-cfcc-4ac1-a3c7-afad1436935a@group-AB198594C4B3-FollowerState] INFO  server.RaftServerConfigKeys (ConfUtils.java:logFallback(53)) - raft.server.rpc.first-election.timeout.max = 5200ms (fallback to raft.server.rpc.timeout.max)
2023-10-17 18:44:51,225 [03ee06a5-cfcc-4ac1-a3c7-afad1436935a-groupManagement] INFO  storage.RaftStorageDirectory (RaftStorageDirectoryImpl.java:tryLock(231)) - Lock on /home/runner/work/ozone/ozone/hadoop-ozone/integration-test/target/test-dir/MiniOzoneClusterImpl-d744795c-134c-47f3-98d5-5c735d9275da/datanode-0/data/ratis/62e6cc5a-97d2-4a66-be11-0571e2346807/in_use.lock acquired by nodename 31914@fv-az189-115
2023-10-17 18:44:51,227 [03ee06a5-cfcc-4ac1-a3c7-afad1436935a-groupManagement] INFO  storage.RaftStorage (RaftStorageImpl.java:format(96)) - Storage directory /home/runner/work/ozone/ozone/hadoop-ozone/integration-test/target/test-dir/MiniOzoneClusterImpl-d744795c-134c-47f3-98d5-5c735d9275da/datanode-0/data/ratis/62e6cc5a-97d2-4a66-be11-0571e2346807 has been successfully formatted.
2023-10-17 18:44:51,227 [03ee06a5-cfcc-4ac1-a3c7-afad1436935a-groupManagement] INFO  ratis.ContainerStateMachine (ContainerStateMachine.java:loadSnapshot(262)) - group-0571E2346807: The snapshot info is null. Setting the last applied indexto:(t:0, i:~)
2023-10-17 18:44:51,227 [03ee06a5-cfcc-4ac1-a3c7-afad1436935a-groupManagement] INFO  server.RaftServerConfigKeys (ConfUtils.java:logGet(46)) - raft.server.log.use.memory = false (default)
2023-10-17 18:44:51,227 [03ee06a5-cfcc-4ac1-a3c7-afad1436935a-groupManagement] INFO  server.RaftServerConfigKeys (ConfUtils.java:logGet(46)) - raft.server.log.purge.gap = 1000000 (custom)
2023-10-17 18:44:51,227 [03ee06a5-cfcc-4ac1-a3c7-afad1436935a-groupManagement] INFO  server.RaftServerConfigKeys (ConfUtils.java:logGet(46)) - raft.server.log.appender.buffer.byte-limit = 33554432 (custom)
2023-10-17 18:44:51,227 [03ee06a5-cfcc-4ac1-a3c7-afad1436935a-groupManagement] INFO  server.RaftServerConfigKeys (ConfUtils.java:logGet(46)) - raft.server.log.statemachine.data.read.timeout = 1000ms (default)
2023-10-17 18:44:51,227 [03ee06a5-cfcc-4ac1-a3c7-afad1436935a-groupManagement] INFO  server.RaftServerConfigKeys (ConfUtils.java:logGet(46)) - raft.server.log.purge.preservation.log.num = 0 (default)
2023-10-17 18:44:51,227 [03ee06a5-cfcc-4ac1-a3c7-afad1436935a-groupManagement] INFO  server.RaftServerConfigKeys (ConfUtils.java:logGet(46)) - raft.server.log.segment.size.max = 1048576 (custom)
2023-10-17 18:44:51,229 [EventQueue-OpenPipelineForHealthyPipelineSafeModeRule] INFO  safemode.SCMSafeModeManager (HealthyPipelineSafeModeRule.java:process(137)) - SCM in safe mode. Healthy pipelines reported count is 0, required healthy pipeline reported count is 1
2023-10-17 18:44:51,230 [03ee06a5-cfcc-4ac1-a3c7-afad1436935a-groupManagement] INFO  server.RaftServerConfigKeys (ConfUtils.java:logGet(46)) - raft.server.log.segment.cache.num.max = 2 (custom)
2023-10-17 18:44:51,230 [03ee06a5-cfcc-4ac1-a3c7-afad1436935a-groupManagement] INFO  server.RaftServerConfigKeys (ConfUtils.java:logGet(46)) - raft.server.log.segment.cache.size.max = 200MB (=209715200) (default)
2023-10-17 18:44:51,231 [03ee06a5-cfcc-4ac1-a3c7-afad1436935a-groupManagement] INFO  server.RaftServerConfigKeys (ConfUtils.java:logGet(46)) - raft.server.log.appender.buffer.byte-limit = 33554432 (custom)
2023-10-17 18:44:51,231 [03ee06a5-cfcc-4ac1-a3c7-afad1436935a-groupManagement] INFO  segmented.SegmentedRaftLogWorker (SegmentedRaftLogWorker.java:<init>(188)) - new 03ee06a5-cfcc-4ac1-a3c7-afad1436935a@group-0571E2346807-SegmentedRaftLogWorker for RaftStorageImpl:Storage Directory /home/runner/work/ozone/ozone/hadoop-ozone/integration-test/target/test-dir/MiniOzoneClusterImpl-d744795c-134c-47f3-98d5-5c735d9275da/datanode-0/data/ratis/62e6cc5a-97d2-4a66-be11-0571e2346807
2023-10-17 18:44:51,231 [03ee06a5-cfcc-4ac1-a3c7-afad1436935a-groupManagement] INFO  server.RaftServerConfigKeys (ConfUtils.java:logGet(46)) - raft.server.log.queue.byte-limit = 4294967296 (custom)
2023-10-17 18:44:51,231 [03ee06a5-cfcc-4ac1-a3c7-afad1436935a-groupManagement] INFO  server.RaftServerConfigKeys (ConfUtils.java:logGet(46)) - raft.server.log.queue.element-limit = 1024 (custom)
2023-10-17 18:44:51,231 [03ee06a5-cfcc-4ac1-a3c7-afad1436935a-groupManagement] INFO  server.RaftServerConfigKeys (ConfUtils.java:logGet(46)) - raft.server.log.segment.size.max = 1048576 (custom)
2023-10-17 18:44:51,231 [03ee06a5-cfcc-4ac1-a3c7-afad1436935a-groupManagement] INFO  server.RaftServerConfigKeys (ConfUtils.java:logGet(46)) - raft.server.log.preallocated.size = 16384 (custom)
2023-10-17 18:44:51,231 [03ee06a5-cfcc-4ac1-a3c7-afad1436935a-groupManagement] INFO  server.RaftServerConfigKeys (ConfUtils.java:logGet(46)) - raft.server.log.force.sync.num = 128 (default)
2023-10-17 18:44:51,231 [03ee06a5-cfcc-4ac1-a3c7-afad1436935a-groupManagement] INFO  server.RaftServerConfigKeys (ConfUtils.java:logGet(46)) - raft.server.log.statemachine.data.sync = true (default)
2023-10-17 18:44:51,231 [03ee06a5-cfcc-4ac1-a3c7-afad1436935a-groupManagement] INFO  server.RaftServerConfigKeys (ConfUtils.java:logGet(46)) - raft.server.log.statemachine.data.sync.timeout = 10s (default)
2023-10-17 18:44:51,231 [03ee06a5-cfcc-4ac1-a3c7-afad1436935a-groupManagement] INFO  server.RaftServerConfigKeys (ConfUtils.java:logGet(46)) - raft.server.log.statemachine.data.sync.timeout.retry = -1 (default)
2023-10-17 18:44:51,231 [03ee06a5-cfcc-4ac1-a3c7-afad1436935a-groupManagement] INFO  server.RaftServerConfigKeys (ConfUtils.java:logGet(46)) - raft.server.log.write.buffer.size = 1048576 (custom)
2023-10-17 18:44:51,231 [03ee06a5-cfcc-4ac1-a3c7-afad1436935a-groupManagement] INFO  server.RaftServerConfigKeys (ConfUtils.java:logGet(46)) - raft.server.log.appender.buffer.byte-limit = 33554432 (custom)
2023-10-17 18:44:51,240 [03ee06a5-cfcc-4ac1-a3c7-afad1436935a-groupManagement] INFO  server.RaftServerConfigKeys (ConfUtils.java:logGet(46)) - raft.server.log.unsafe-flush.enabled = false (default)
2023-10-17 18:44:51,240 [03ee06a5-cfcc-4ac1-a3c7-afad1436935a-groupManagement] INFO  server.RaftServerConfigKeys (ConfUtils.java:logGet(46)) - raft.server.log.async-flush.enabled = false (default)
2023-10-17 18:44:51,240 [03ee06a5-cfcc-4ac1-a3c7-afad1436935a-groupManagement] INFO  server.RaftServerConfigKeys (ConfUtils.java:logGet(46)) - raft.server.log.statemachine.data.caching.enabled = true (custom)
2023-10-17 18:44:51,240 [03ee06a5-cfcc-4ac1-a3c7-afad1436935a-groupManagement] INFO  segmented.SegmentedRaftLogWorker (SegmentedRaftLogWorker.java:lambda$new$0(135)) - 03ee06a5-cfcc-4ac1-a3c7-afad1436935a@group-0571E2346807-SegmentedRaftLogWorker: flushIndex: setUnconditionally 0 -> -1
2023-10-17 18:44:51,240 [03ee06a5-cfcc-4ac1-a3c7-afad1436935a-groupManagement] INFO  segmented.SegmentedRaftLogWorker (SegmentedRaftLogWorker.java:lambda$new$0(135)) - 03ee06a5-cfcc-4ac1-a3c7-afad1436935a@group-0571E2346807-SegmentedRaftLogWorker: safeCacheEvictIndex: setUnconditionally 0 -> -1
2023-10-17 18:44:51,242 [03ee06a5-cfcc-4ac1-a3c7-afad1436935a-groupManagement] INFO  server.RaftServer$Division (RaftServerImpl.java:start(342)) - 03ee06a5-cfcc-4ac1-a3c7-afad1436935a@group-0571E2346807: start as a follower, conf=-1: peers:[6bf4bd27-d28f-421a-802a-00940bdb9945|rpc:10.1.0.25:15171|admin:10.1.0.25:15170|client:10.1.0.25:15169|dataStream:10.1.0.25:15172|priority:0|startupRole:FOLLOWER, a09c5a64-4ee1-447f-bdad-955dc0571893|rpc:10.1.0.25:15162|admin:10.1.0.25:15161|client:10.1.0.25:15160|dataStream:10.1.0.25:15163|priority:0|startupRole:FOLLOWER, 03ee06a5-cfcc-4ac1-a3c7-afad1436935a|rpc:10.1.0.25:15153|admin:10.1.0.25:15152|client:10.1.0.25:15151|dataStream:10.1.0.25:15154|priority:1|startupRole:FOLLOWER]|listeners:[], old=null
2023-10-17 18:44:51,242 [03ee06a5-cfcc-4ac1-a3c7-afad1436935a-groupManagement] INFO  server.RaftServer$Division (RaftServerImpl.java:setRole(329)) - 03ee06a5-cfcc-4ac1-a3c7-afad1436935a@group-0571E2346807: changes role from      null to FOLLOWER at term 0 for startAsFollower
2023-10-17 18:44:51,242 [03ee06a5-cfcc-4ac1-a3c7-afad1436935a-groupManagement] INFO  impl.RoleInfo (RoleInfo.java:updateAndGet(139)) - 03ee06a5-cfcc-4ac1-a3c7-afad1436935a: start 03ee06a5-cfcc-4ac1-a3c7-afad1436935a@group-0571E2346807-FollowerState
2023-10-17 18:44:51,245 [03ee06a5-cfcc-4ac1-a3c7-afad1436935a-groupManagement] INFO  util.JmxRegister (JmxRegister.java:tryRegister(44)) - Successfully registered JMX Bean with object name Ratis:service=RaftServer,group=group-0571E2346807,id=03ee06a5-cfcc-4ac1-a3c7-afad1436935a
2023-10-17 18:44:51,245 [03ee06a5-cfcc-4ac1-a3c7-afad1436935a-groupManagement] INFO  server.RaftServerConfigKeys (ConfUtils.java:logGet(46)) - raft.server.snapshot.auto.trigger.enabled = true (custom)
2023-10-17 18:44:51,245 [03ee06a5-cfcc-4ac1-a3c7-afad1436935a-groupManagement] INFO  server.RaftServerConfigKeys (ConfUtils.java:logGet(46)) - raft.server.snapshot.auto.trigger.threshold = 10000 (custom)
2023-10-17 18:44:51,245 [03ee06a5-cfcc-4ac1-a3c7-afad1436935a-groupManagement] INFO  server.RaftServerConfigKeys (ConfUtils.java:logGet(46)) - raft.server.snapshot.retention.file.num = 5 (custom)
2023-10-17 18:44:51,245 [03ee06a5-cfcc-4ac1-a3c7-afad1436935a-groupManagement] INFO  server.RaftServerConfigKeys (ConfUtils.java:logGet(46)) - raft.server.log.purge.upto.snapshot.index = false (default)
2023-10-17 18:44:51,245 [03ee06a5-cfcc-4ac1-a3c7-afad1436935a@group-0571E2346807-FollowerState] INFO  server.RaftServerConfigKeys (ConfUtils.java:logFallback(53)) - raft.server.rpc.first-election.timeout.min = 5s (fallback to raft.server.rpc.timeout.min)
2023-10-17 18:44:51,245 [03ee06a5-cfcc-4ac1-a3c7-afad1436935a@group-0571E2346807-FollowerState] INFO  server.RaftServerConfigKeys (ConfUtils.java:logFallback(53)) - raft.server.rpc.first-election.timeout.max = 5200ms (fallback to raft.server.rpc.timeout.max)
2023-10-17 18:44:51,246 [PipelineCommandHandlerThread-0] INFO  ratis.XceiverServerRatis (XceiverServerRatis.java:addGroup(804)) - Created group PipelineID=62e6cc5a-97d2-4a66-be11-0571e2346807
2023-10-17 18:44:51,270 [grpc-default-executor-0] INFO  server.RaftServer (RaftServerProxy.java:addNew(98)) - 6bf4bd27-d28f-421a-802a-00940bdb9945: addNew group-0571E2346807:[6bf4bd27-d28f-421a-802a-00940bdb9945|rpc:10.1.0.25:15171|admin:10.1.0.25:15170|client:10.1.0.25:15169|dataStream:10.1.0.25:15172|priority:0|startupRole:FOLLOWER, a09c5a64-4ee1-447f-bdad-955dc0571893|rpc:10.1.0.25:15162|admin:10.1.0.25:15161|client:10.1.0.25:15160|dataStream:10.1.0.25:15163|priority:0|startupRole:FOLLOWER, 03ee06a5-cfcc-4ac1-a3c7-afad1436935a|rpc:10.1.0.25:15153|admin:10.1.0.25:15152|client:10.1.0.25:15151|dataStream:10.1.0.25:15154|priority:1|startupRole:FOLLOWER] returns group-0571E2346807:java.util.concurrent.CompletableFuture@c5fb054[Not completed]
2023-10-17 18:44:51,272 [6bf4bd27-d28f-421a-802a-00940bdb9945-groupManagement] INFO  server.RaftServer$Division (RaftServerImpl.java:<init>(198)) - 6bf4bd27-d28f-421a-802a-00940bdb9945: new RaftServerImpl for group-0571E2346807:[6bf4bd27-d28f-421a-802a-00940bdb9945|rpc:10.1.0.25:15171|admin:10.1.0.25:15170|client:10.1.0.25:15169|dataStream:10.1.0.25:15172|priority:0|startupRole:FOLLOWER, a09c5a64-4ee1-447f-bdad-955dc0571893|rpc:10.1.0.25:15162|admin:10.1.0.25:15161|client:10.1.0.25:15160|dataStream:10.1.0.25:15163|priority:0|startupRole:FOLLOWER, 03ee06a5-cfcc-4ac1-a3c7-afad1436935a|rpc:10.1.0.25:15153|admin:10.1.0.25:15152|client:10.1.0.25:15151|dataStream:10.1.0.25:15154|priority:1|startupRole:FOLLOWER] with ContainerStateMachine:uninitialized
2023-10-17 18:44:51,272 [6bf4bd27-d28f-421a-802a-00940bdb9945-groupManagement] INFO  server.RaftServerConfigKeys (ConfUtils.java:logGet(46)) - raft.server.rpc.timeout.min = 5s (custom)
2023-10-17 18:44:51,272 [6bf4bd27-d28f-421a-802a-00940bdb9945-groupManagement] INFO  server.RaftServerConfigKeys (ConfUtils.java:logGet(46)) - raft.server.rpc.timeout.max = 5200ms (custom)
2023-10-17 18:44:51,272 [6bf4bd27-d28f-421a-802a-00940bdb9945-groupManagement] INFO  server.RaftServerConfigKeys (ConfUtils.java:logGet(46)) - raft.server.rpc.sleep.time = 25ms (default)
2023-10-17 18:44:51,272 [6bf4bd27-d28f-421a-802a-00940bdb9945-groupManagement] INFO  server.RaftServerConfigKeys (ConfUtils.java:logGet(46)) - raft.server.rpc.slowness.timeout = 300s (custom)
2023-10-17 18:44:51,272 [6bf4bd27-d28f-421a-802a-00940bdb9945-groupManagement] INFO  server.RaftServerConfigKeys (ConfUtils.java:logGet(46)) - raft.server.leaderelection.leader.step-down.wait-time = 10s (default)
2023-10-17 18:44:51,272 [6bf4bd27-d28f-421a-802a-00940bdb9945-groupManagement] INFO  server.RaftServerConfigKeys (ConfUtils.java:logGet(46)) - raft.server.sleep.deviation.threshold = 300ms (default)
2023-10-17 18:44:51,272 [6bf4bd27-d28f-421a-802a-00940bdb9945-groupManagement] INFO  server.RaftServer$Division (ServerState.java:<init>(120)) - 6bf4bd27-d28f-421a-802a-00940bdb9945@group-0571E2346807: ConfigurationManager, init=-1: peers:[6bf4bd27-d28f-421a-802a-00940bdb9945|rpc:10.1.0.25:15171|admin:10.1.0.25:15170|client:10.1.0.25:15169|dataStream:10.1.0.25:15172|priority:0|startupRole:FOLLOWER, a09c5a64-4ee1-447f-bdad-955dc0571893|rpc:10.1.0.25:15162|admin:10.1.0.25:15161|client:10.1.0.25:15160|dataStream:10.1.0.25:15163|priority:0|startupRole:FOLLOWER, 03ee06a5-cfcc-4ac1-a3c7-afad1436935a|rpc:10.1.0.25:15153|admin:10.1.0.25:15152|client:10.1.0.25:15151|dataStream:10.1.0.25:15154|priority:1|startupRole:FOLLOWER]|listeners:[], old=null, confs=<EMPTY_MAP>
2023-10-17 18:44:51,272 [6bf4bd27-d28f-421a-802a-00940bdb9945-groupManagement] INFO  server.RaftServerConfigKeys (ConfUtils.java:logGet(46)) - raft.server.storage.dir = [/home/runner/work/ozone/ozone/hadoop-ozone/integration-test/target/test-dir/MiniOzoneClusterImpl-d744795c-134c-47f3-98d5-5c735d9275da/datanode-2/data/ratis] (custom)
2023-10-17 18:44:51,273 [6bf4bd27-d28f-421a-802a-00940bdb9945-groupManagement] INFO  server.RaftServerConfigKeys (ConfUtils.java:logGet(46)) - raft.server.log.corruption.policy = EXCEPTION (default)
2023-10-17 18:44:51,273 [6bf4bd27-d28f-421a-802a-00940bdb9945-groupManagement] INFO  server.RaftServerConfigKeys (ConfUtils.java:logGet(46)) - raft.server.storage.free-space.min = 0MB (=0) (default)
2023-10-17 18:44:51,273 [6bf4bd27-d28f-421a-802a-00940bdb9945-groupManagement] INFO  server.RaftServerConfigKeys (ConfUtils.java:logGet(46)) - raft.server.notification.no-leader.timeout = 300s (custom)
2023-10-17 18:44:51,273 [6bf4bd27-d28f-421a-802a-00940bdb9945-groupManagement] INFO  server.RaftServerConfigKeys (ConfUtils.java:logGet(46)) - raft.server.read.timeout = 10s (default)
2023-10-17 18:44:51,273 [6bf4bd27-d28f-421a-802a-00940bdb9945-groupManagement] INFO  server.RaftServerConfigKeys (ConfUtils.java:logGet(46)) - raft.server.retrycache.expirytime = 600000ms (custom)
2023-10-17 18:44:51,273 [6bf4bd27-d28f-421a-802a-00940bdb9945-groupManagement] INFO  server.RaftServerConfigKeys (ConfUtils.java:logGet(46)) - raft.server.retrycache.statistics.expirytime = 100μs (default)
2023-10-17 18:44:51,273 [6bf4bd27-d28f-421a-802a-00940bdb9945-groupManagement] INFO  server.RaftServerConfigKeys (ConfUtils.java:logGet(46)) - raft.server.read.option = DEFAULT (default)
2023-10-17 18:44:51,274 [6bf4bd27-d28f-421a-802a-00940bdb9945-groupManagement] INFO  server.RaftServerConfigKeys (ConfUtils.java:logGet(46)) - raft.server.rpc.request.timeout = 60s (custom)
2023-10-17 18:44:51,274 [6bf4bd27-d28f-421a-802a-00940bdb9945-groupManagement] INFO  server.RaftServerConfigKeys (ConfUtils.java:logGet(46)) - raft.server.log.appender.install.snapshot.enabled = false (custom)
2023-10-17 18:44:51,274 [6bf4bd27-d28f-421a-802a-00940bdb9945-groupManagement] INFO  server.RaftServerConfigKeys (ConfUtils.java:logGet(46)) - raft.server.threadpool.server.cached = true (default)
2023-10-17 18:44:51,274 [6bf4bd27-d28f-421a-802a-00940bdb9945-groupManagement] INFO  server.RaftServerConfigKeys (ConfUtils.java:logGet(46)) - raft.server.threadpool.server.size = 0 (default)
2023-10-17 18:44:51,274 [6bf4bd27-d28f-421a-802a-00940bdb9945-groupManagement] INFO  server.RaftServerConfigKeys (ConfUtils.java:logGet(46)) - raft.server.threadpool.client.cached = true (default)
2023-10-17 18:44:51,274 [6bf4bd27-d28f-421a-802a-00940bdb9945-groupManagement] INFO  server.RaftServerConfigKeys (ConfUtils.java:logGet(46)) - raft.server.threadpool.client.size = 0 (default)
2023-10-17 18:44:51,275 [6bf4bd27-d28f-421a-802a-00940bdb9945-groupManagement] INFO  storage.RaftStorageDirectory (RaftStorageDirectoryImpl.java:analyzeStorage(137)) - The storage directory /home/runner/work/ozone/ozone/hadoop-ozone/integration-test/target/test-dir/MiniOzoneClusterImpl-d744795c-134c-47f3-98d5-5c735d9275da/datanode-2/data/ratis/62e6cc5a-97d2-4a66-be11-0571e2346807 does not exist. Creating ...
2023-10-17 18:44:51,276 [6bf4bd27-d28f-421a-802a-00940bdb9945-groupManagement] INFO  storage.RaftStorageDirectory (RaftStorageDirectoryImpl.java:tryLock(231)) - Lock on /home/runner/work/ozone/ozone/hadoop-ozone/integration-test/target/test-dir/MiniOzoneClusterImpl-d744795c-134c-47f3-98d5-5c735d9275da/datanode-2/data/ratis/62e6cc5a-97d2-4a66-be11-0571e2346807/in_use.lock acquired by nodename 31914@fv-az189-115
2023-10-17 18:44:51,277 [6bf4bd27-d28f-421a-802a-00940bdb9945-groupManagement] INFO  storage.RaftStorage (RaftStorageImpl.java:format(96)) - Storage directory /home/runner/work/ozone/ozone/hadoop-ozone/integration-test/target/test-dir/MiniOzoneClusterImpl-d744795c-134c-47f3-98d5-5c735d9275da/datanode-2/data/ratis/62e6cc5a-97d2-4a66-be11-0571e2346807 has been successfully formatted.
2023-10-17 18:44:51,279 [6bf4bd27-d28f-421a-802a-00940bdb9945-groupManagement] INFO  ratis.ContainerStateMachine (ContainerStateMachine.java:loadSnapshot(262)) - group-0571E2346807: The snapshot info is null. Setting the last applied indexto:(t:0, i:~)
2023-10-17 18:44:51,281 [6bf4bd27-d28f-421a-802a-00940bdb9945-groupManagement] INFO  server.RaftServerConfigKeys (ConfUtils.java:logGet(46)) - raft.server.log.use.memory = false (default)
2023-10-17 18:44:51,281 [6bf4bd27-d28f-421a-802a-00940bdb9945-groupManagement] INFO  server.RaftServerConfigKeys (ConfUtils.java:logGet(46)) - raft.server.log.purge.gap = 1000000 (custom)
2023-10-17 18:44:51,282 [6bf4bd27-d28f-421a-802a-00940bdb9945-groupManagement] INFO  server.RaftServerConfigKeys (ConfUtils.java:logGet(46)) - raft.server.log.appender.buffer.byte-limit = 33554432 (custom)
2023-10-17 18:44:51,282 [6bf4bd27-d28f-421a-802a-00940bdb9945-groupManagement] INFO  server.RaftServerConfigKeys (ConfUtils.java:logGet(46)) - raft.server.log.statemachine.data.read.timeout = 1000ms (default)
2023-10-17 18:44:51,282 [6bf4bd27-d28f-421a-802a-00940bdb9945-groupManagement] INFO  server.RaftServerConfigKeys (ConfUtils.java:logGet(46)) - raft.server.log.purge.preservation.log.num = 0 (default)
2023-10-17 18:44:51,282 [6bf4bd27-d28f-421a-802a-00940bdb9945-groupManagement] INFO  server.RaftServerConfigKeys (ConfUtils.java:logGet(46)) - raft.server.log.segment.size.max = 1048576 (custom)
2023-10-17 18:44:51,282 [6bf4bd27-d28f-421a-802a-00940bdb9945-groupManagement] INFO  server.RaftServerConfigKeys (ConfUtils.java:logGet(46)) - raft.server.log.segment.cache.num.max = 2 (custom)
2023-10-17 18:44:51,282 [6bf4bd27-d28f-421a-802a-00940bdb9945-groupManagement] INFO  server.RaftServerConfigKeys (ConfUtils.java:logGet(46)) - raft.server.log.segment.cache.size.max = 200MB (=209715200) (default)
2023-10-17 18:44:51,282 [6bf4bd27-d28f-421a-802a-00940bdb9945-groupManagement] INFO  server.RaftServerConfigKeys (ConfUtils.java:logGet(46)) - raft.server.log.appender.buffer.byte-limit = 33554432 (custom)
2023-10-17 18:44:51,283 [6bf4bd27-d28f-421a-802a-00940bdb9945-groupManagement] INFO  segmented.SegmentedRaftLogWorker (SegmentedRaftLogWorker.java:<init>(188)) - new 6bf4bd27-d28f-421a-802a-00940bdb9945@group-0571E2346807-SegmentedRaftLogWorker for RaftStorageImpl:Storage Directory /home/runner/work/ozone/ozone/hadoop-ozone/integration-test/target/test-dir/MiniOzoneClusterImpl-d744795c-134c-47f3-98d5-5c735d9275da/datanode-2/data/ratis/62e6cc5a-97d2-4a66-be11-0571e2346807
2023-10-17 18:44:51,283 [6bf4bd27-d28f-421a-802a-00940bdb9945-groupManagement] INFO  server.RaftServerConfigKeys (ConfUtils.java:logGet(46)) - raft.server.log.queue.byte-limit = 4294967296 (custom)
2023-10-17 18:44:51,283 [6bf4bd27-d28f-421a-802a-00940bdb9945-groupManagement] INFO  server.RaftServerConfigKeys (ConfUtils.java:logGet(46)) - raft.server.log.queue.element-limit = 1024 (custom)
2023-10-17 18:44:51,283 [6bf4bd27-d28f-421a-802a-00940bdb9945-groupManagement] INFO  server.RaftServerConfigKeys (ConfUtils.java:logGet(46)) - raft.server.log.segment.size.max = 1048576 (custom)
2023-10-17 18:44:51,283 [6bf4bd27-d28f-421a-802a-00940bdb9945-groupManagement] INFO  server.RaftServerConfigKeys (ConfUtils.java:logGet(46)) - raft.server.log.preallocated.size = 16384 (custom)
2023-10-17 18:44:51,283 [6bf4bd27-d28f-421a-802a-00940bdb9945-groupManagement] INFO  server.RaftServerConfigKeys (ConfUtils.java:logGet(46)) - raft.server.log.force.sync.num = 128 (default)
2023-10-17 18:44:51,283 [6bf4bd27-d28f-421a-802a-00940bdb9945-groupManagement] INFO  server.RaftServerConfigKeys (ConfUtils.java:logGet(46)) - raft.server.log.statemachine.data.sync = true (default)
2023-10-17 18:44:51,283 [6bf4bd27-d28f-421a-802a-00940bdb9945-groupManagement] INFO  server.RaftServerConfigKeys (ConfUtils.java:logGet(46)) - raft.server.log.statemachine.data.sync.timeout = 10s (default)
2023-10-17 18:44:51,283 [6bf4bd27-d28f-421a-802a-00940bdb9945-groupManagement] INFO  server.RaftServerConfigKeys (ConfUtils.java:logGet(46)) - raft.server.log.statemachine.data.sync.timeout.retry = -1 (default)
2023-10-17 18:44:51,283 [6bf4bd27-d28f-421a-802a-00940bdb9945-groupManagement] INFO  server.RaftServerConfigKeys (ConfUtils.java:logGet(46)) - raft.server.log.write.buffer.size = 1048576 (custom)
2023-10-17 18:44:51,284 [6bf4bd27-d28f-421a-802a-00940bdb9945-groupManagement] INFO  server.RaftServerConfigKeys (ConfUtils.java:logGet(46)) - raft.server.log.appender.buffer.byte-limit = 33554432 (custom)
2023-10-17 18:44:51,367 [6bf4bd27-d28f-421a-802a-00940bdb9945-groupManagement] INFO  server.RaftServerConfigKeys (ConfUtils.java:logGet(46)) - raft.server.log.unsafe-flush.enabled = false (default)
2023-10-17 18:44:51,368 [6bf4bd27-d28f-421a-802a-00940bdb9945-groupManagement] INFO  server.RaftServerConfigKeys (ConfUtils.java:logGet(46)) - raft.server.log.async-flush.enabled = false (default)
2023-10-17 18:44:51,368 [6bf4bd27-d28f-421a-802a-00940bdb9945-groupManagement] INFO  server.RaftServerConfigKeys (ConfUtils.java:logGet(46)) - raft.server.log.statemachine.data.caching.enabled = true (custom)
2023-10-17 18:44:51,368 [6bf4bd27-d28f-421a-802a-00940bdb9945-groupManagement] INFO  segmented.SegmentedRaftLogWorker (SegmentedRaftLogWorker.java:lambda$new$0(135)) - 6bf4bd27-d28f-421a-802a-00940bdb9945@group-0571E2346807-SegmentedRaftLogWorker: flushIndex: setUnconditionally 0 -> -1
2023-10-17 18:44:51,368 [6bf4bd27-d28f-421a-802a-00940bdb9945-groupManagement] INFO  segmented.SegmentedRaftLogWorker (SegmentedRaftLogWorker.java:lambda$new$0(135)) - 6bf4bd27-d28f-421a-802a-00940bdb9945@group-0571E2346807-SegmentedRaftLogWorker: safeCacheEvictIndex: setUnconditionally 0 -> -1
2023-10-17 18:44:51,368 [6bf4bd27-d28f-421a-802a-00940bdb9945-groupManagement] INFO  server.RaftServer$Division (RaftServerImpl.java:start(342)) - 6bf4bd27-d28f-421a-802a-00940bdb9945@group-0571E2346807: start as a follower, conf=-1: peers:[6bf4bd27-d28f-421a-802a-00940bdb9945|rpc:10.1.0.25:15171|admin:10.1.0.25:15170|client:10.1.0.25:15169|dataStream:10.1.0.25:15172|priority:0|startupRole:FOLLOWER, a09c5a64-4ee1-447f-bdad-955dc0571893|rpc:10.1.0.25:15162|admin:10.1.0.25:15161|client:10.1.0.25:15160|dataStream:10.1.0.25:15163|priority:0|startupRole:FOLLOWER, 03ee06a5-cfcc-4ac1-a3c7-afad1436935a|rpc:10.1.0.25:15153|admin:10.1.0.25:15152|client:10.1.0.25:15151|dataStream:10.1.0.25:15154|priority:1|startupRole:FOLLOWER]|listeners:[], old=null
2023-10-17 18:44:51,368 [6bf4bd27-d28f-421a-802a-00940bdb9945-groupManagement] INFO  server.RaftServer$Division (RaftServerImpl.java:setRole(329)) - 6bf4bd27-d28f-421a-802a-00940bdb9945@group-0571E2346807: changes role from      null to FOLLOWER at term 0 for startAsFollower
2023-10-17 18:44:51,368 [6bf4bd27-d28f-421a-802a-00940bdb9945-groupManagement] INFO  impl.RoleInfo (RoleInfo.java:updateAndGet(139)) - 6bf4bd27-d28f-421a-802a-00940bdb9945: start 6bf4bd27-d28f-421a-802a-00940bdb9945@group-0571E2346807-FollowerState
2023-10-17 18:44:51,369 [6bf4bd27-d28f-421a-802a-00940bdb9945-groupManagement] INFO  util.JmxRegister (JmxRegister.java:tryRegister(44)) - Successfully registered JMX Bean with object name Ratis:service=RaftServer,group=group-0571E2346807,id=6bf4bd27-d28f-421a-802a-00940bdb9945
2023-10-17 18:44:51,369 [6bf4bd27-d28f-421a-802a-00940bdb9945-groupManagement] INFO  server.RaftServerConfigKeys (ConfUtils.java:logGet(46)) - raft.server.snapshot.auto.trigger.enabled = true (custom)
2023-10-17 18:44:51,369 [6bf4bd27-d28f-421a-802a-00940bdb9945-groupManagement] INFO  server.RaftServerConfigKeys (ConfUtils.java:logGet(46)) - raft.server.snapshot.auto.trigger.threshold = 10000 (custom)
2023-10-17 18:44:51,369 [6bf4bd27-d28f-421a-802a-00940bdb9945-groupManagement] INFO  server.RaftServerConfigKeys (ConfUtils.java:logGet(46)) - raft.server.snapshot.retention.file.num = 5 (custom)
2023-10-17 18:44:51,369 [6bf4bd27-d28f-421a-802a-00940bdb9945-groupManagement] INFO  server.RaftServerConfigKeys (ConfUtils.java:logGet(46)) - raft.server.log.purge.upto.snapshot.index = false (default)
2023-10-17 18:44:51,369 [6bf4bd27-d28f-421a-802a-00940bdb9945@group-0571E2346807-FollowerState] INFO  server.RaftServerConfigKeys (ConfUtils.java:logFallback(53)) - raft.server.rpc.first-election.timeout.min = 5s (fallback to raft.server.rpc.timeout.min)
2023-10-17 18:44:51,369 [6bf4bd27-d28f-421a-802a-00940bdb9945@group-0571E2346807-FollowerState] INFO  server.RaftServerConfigKeys (ConfUtils.java:logFallback(53)) - raft.server.rpc.first-election.timeout.max = 5200ms (fallback to raft.server.rpc.timeout.max)
2023-10-17 18:44:51,398 [grpc-default-executor-0] INFO  server.RaftServer (RaftServerProxy.java:addNew(98)) - a09c5a64-4ee1-447f-bdad-955dc0571893: addNew group-0571E2346807:[6bf4bd27-d28f-421a-802a-00940bdb9945|rpc:10.1.0.25:15171|admin:10.1.0.25:15170|client:10.1.0.25:15169|dataStream:10.1.0.25:15172|priority:0|startupRole:FOLLOWER, a09c5a64-4ee1-447f-bdad-955dc0571893|rpc:10.1.0.25:15162|admin:10.1.0.25:15161|client:10.1.0.25:15160|dataStream:10.1.0.25:15163|priority:0|startupRole:FOLLOWER, 03ee06a5-cfcc-4ac1-a3c7-afad1436935a|rpc:10.1.0.25:15153|admin:10.1.0.25:15152|client:10.1.0.25:15151|dataStream:10.1.0.25:15154|priority:1|startupRole:FOLLOWER] returns group-0571E2346807:java.util.concurrent.CompletableFuture@f1253dd[Not completed]
2023-10-17 18:44:51,401 [a09c5a64-4ee1-447f-bdad-955dc0571893-groupManagement] INFO  server.RaftServer$Division (RaftServerImpl.java:<init>(198)) - a09c5a64-4ee1-447f-bdad-955dc0571893: new RaftServerImpl for group-0571E2346807:[6bf4bd27-d28f-421a-802a-00940bdb9945|rpc:10.1.0.25:15171|admin:10.1.0.25:15170|client:10.1.0.25:15169|dataStream:10.1.0.25:15172|priority:0|startupRole:FOLLOWER, a09c5a64-4ee1-447f-bdad-955dc0571893|rpc:10.1.0.25:15162|admin:10.1.0.25:15161|client:10.1.0.25:15160|dataStream:10.1.0.25:15163|priority:0|startupRole:FOLLOWER, 03ee06a5-cfcc-4ac1-a3c7-afad1436935a|rpc:10.1.0.25:15153|admin:10.1.0.25:15152|client:10.1.0.25:15151|dataStream:10.1.0.25:15154|priority:1|startupRole:FOLLOWER] with ContainerStateMachine:uninitialized
2023-10-17 18:44:51,402 [a09c5a64-4ee1-447f-bdad-955dc0571893-groupManagement] INFO  server.RaftServerConfigKeys (ConfUtils.java:logGet(46)) - raft.server.rpc.timeout.min = 5s (custom)
2023-10-17 18:44:51,402 [a09c5a64-4ee1-447f-bdad-955dc0571893-groupManagement] INFO  server.RaftServerConfigKeys (ConfUtils.java:logGet(46)) - raft.server.rpc.timeout.max = 5200ms (custom)
2023-10-17 18:44:51,402 [a09c5a64-4ee1-447f-bdad-955dc0571893-groupManagement] INFO  server.RaftServerConfigKeys (ConfUtils.java:logGet(46)) - raft.server.rpc.sleep.time = 25ms (default)
2023-10-17 18:44:51,402 [a09c5a64-4ee1-447f-bdad-955dc0571893-groupManagement] INFO  server.RaftServerConfigKeys (ConfUtils.java:logGet(46)) - raft.server.rpc.slowness.timeout = 300s (custom)
2023-10-17 18:44:51,402 [a09c5a64-4ee1-447f-bdad-955dc0571893-groupManagement] INFO  server.RaftServerConfigKeys (ConfUtils.java:logGet(46)) - raft.server.leaderelection.leader.step-down.wait-time = 10s (default)
2023-10-17 18:44:51,402 [a09c5a64-4ee1-447f-bdad-955dc0571893-groupManagement] INFO  server.RaftServerConfigKeys (ConfUtils.java:logGet(46)) - raft.server.sleep.deviation.threshold = 300ms (default)
2023-10-17 18:44:51,402 [a09c5a64-4ee1-447f-bdad-955dc0571893-groupManagement] INFO  server.RaftServer$Division (ServerState.java:<init>(120)) - a09c5a64-4ee1-447f-bdad-955dc0571893@group-0571E2346807: ConfigurationManager, init=-1: peers:[6bf4bd27-d28f-421a-802a-00940bdb9945|rpc:10.1.0.25:15171|admin:10.1.0.25:15170|client:10.1.0.25:15169|dataStream:10.1.0.25:15172|priority:0|startupRole:FOLLOWER, a09c5a64-4ee1-447f-bdad-955dc0571893|rpc:10.1.0.25:15162|admin:10.1.0.25:15161|client:10.1.0.25:15160|dataStream:10.1.0.25:15163|priority:0|startupRole:FOLLOWER, 03ee06a5-cfcc-4ac1-a3c7-afad1436935a|rpc:10.1.0.25:15153|admin:10.1.0.25:15152|client:10.1.0.25:15151|dataStream:10.1.0.25:15154|priority:1|startupRole:FOLLOWER]|listeners:[], old=null, confs=<EMPTY_MAP>
2023-10-17 18:44:51,403 [a09c5a64-4ee1-447f-bdad-955dc0571893-groupManagement] INFO  server.RaftServerConfigKeys (ConfUtils.java:logGet(46)) - raft.server.storage.dir = [/home/runner/work/ozone/ozone/hadoop-ozone/integration-test/target/test-dir/MiniOzoneClusterImpl-d744795c-134c-47f3-98d5-5c735d9275da/datanode-1/data/ratis] (custom)
2023-10-17 18:44:51,403 [a09c5a64-4ee1-447f-bdad-955dc0571893-groupManagement] INFO  server.RaftServerConfigKeys (ConfUtils.java:logGet(46)) - raft.server.log.corruption.policy = EXCEPTION (default)
2023-10-17 18:44:51,403 [a09c5a64-4ee1-447f-bdad-955dc0571893-groupManagement] INFO  server.RaftServerConfigKeys (ConfUtils.java:logGet(46)) - raft.server.storage.free-space.min = 0MB (=0) (default)
2023-10-17 18:44:51,403 [a09c5a64-4ee1-447f-bdad-955dc0571893-groupManagement] INFO  server.RaftServerConfigKeys (ConfUtils.java:logGet(46)) - raft.server.notification.no-leader.timeout = 300s (custom)
2023-10-17 18:44:51,403 [a09c5a64-4ee1-447f-bdad-955dc0571893-groupManagement] INFO  server.RaftServerConfigKeys (ConfUtils.java:logGet(46)) - raft.server.read.timeout = 10s (default)
2023-10-17 18:44:51,403 [a09c5a64-4ee1-447f-bdad-955dc0571893-groupManagement] INFO  server.RaftServerConfigKeys (ConfUtils.java:logGet(46)) - raft.server.retrycache.expirytime = 600000ms (custom)
2023-10-17 18:44:51,404 [a09c5a64-4ee1-447f-bdad-955dc0571893-groupManagement] INFO  server.RaftServerConfigKeys (ConfUtils.java:logGet(46)) - raft.server.retrycache.statistics.expirytime = 100μs (default)
2023-10-17 18:44:51,404 [a09c5a64-4ee1-447f-bdad-955dc0571893-groupManagement] INFO  server.RaftServerConfigKeys (ConfUtils.java:logGet(46)) - raft.server.read.option = DEFAULT (default)
2023-10-17 18:44:51,405 [a09c5a64-4ee1-447f-bdad-955dc0571893-groupManagement] INFO  server.RaftServerConfigKeys (ConfUtils.java:logGet(46)) - raft.server.rpc.request.timeout = 60s (custom)
2023-10-17 18:44:51,405 [a09c5a64-4ee1-447f-bdad-955dc0571893-groupManagement] INFO  server.RaftServerConfigKeys (ConfUtils.java:logGet(46)) - raft.server.log.appender.install.snapshot.enabled = false (custom)
2023-10-17 18:44:51,405 [a09c5a64-4ee1-447f-bdad-955dc0571893-groupManagement] INFO  server.RaftServerConfigKeys (ConfUtils.java:logGet(46)) - raft.server.threadpool.server.cached = true (default)
2023-10-17 18:44:51,405 [a09c5a64-4ee1-447f-bdad-955dc0571893-groupManagement] INFO  server.RaftServerConfigKeys (ConfUtils.java:logGet(46)) - raft.server.threadpool.server.size = 0 (default)
2023-10-17 18:44:51,405 [a09c5a64-4ee1-447f-bdad-955dc0571893-groupManagement] INFO  server.RaftServerConfigKeys (ConfUtils.java:logGet(46)) - raft.server.threadpool.client.cached = true (default)
2023-10-17 18:44:51,405 [a09c5a64-4ee1-447f-bdad-955dc0571893-groupManagement] INFO  server.RaftServerConfigKeys (ConfUtils.java:logGet(46)) - raft.server.threadpool.client.size = 0 (default)
2023-10-17 18:44:51,405 [a09c5a64-4ee1-447f-bdad-955dc0571893-groupManagement] INFO  storage.RaftStorageDirectory (RaftStorageDirectoryImpl.java:analyzeStorage(137)) - The storage directory /home/runner/work/ozone/ozone/hadoop-ozone/integration-test/target/test-dir/MiniOzoneClusterImpl-d744795c-134c-47f3-98d5-5c735d9275da/datanode-1/data/ratis/62e6cc5a-97d2-4a66-be11-0571e2346807 does not exist. Creating ...
2023-10-17 18:44:51,406 [a09c5a64-4ee1-447f-bdad-955dc0571893-groupManagement] INFO  storage.RaftStorageDirectory (RaftStorageDirectoryImpl.java:tryLock(231)) - Lock on /home/runner/work/ozone/ozone/hadoop-ozone/integration-test/target/test-dir/MiniOzoneClusterImpl-d744795c-134c-47f3-98d5-5c735d9275da/datanode-1/data/ratis/62e6cc5a-97d2-4a66-be11-0571e2346807/in_use.lock acquired by nodename 31914@fv-az189-115
2023-10-17 18:44:51,408 [a09c5a64-4ee1-447f-bdad-955dc0571893-groupManagement] INFO  storage.RaftStorage (RaftStorageImpl.java:format(96)) - Storage directory /home/runner/work/ozone/ozone/hadoop-ozone/integration-test/target/test-dir/MiniOzoneClusterImpl-d744795c-134c-47f3-98d5-5c735d9275da/datanode-1/data/ratis/62e6cc5a-97d2-4a66-be11-0571e2346807 has been successfully formatted.
2023-10-17 18:44:51,409 [a09c5a64-4ee1-447f-bdad-955dc0571893-groupManagement] INFO  ratis.ContainerStateMachine (ContainerStateMachine.java:loadSnapshot(262)) - group-0571E2346807: The snapshot info is null. Setting the last applied indexto:(t:0, i:~)
2023-10-17 18:44:51,409 [a09c5a64-4ee1-447f-bdad-955dc0571893-groupManagement] INFO  server.RaftServerConfigKeys (ConfUtils.java:logGet(46)) - raft.server.log.use.memory = false (default)
2023-10-17 18:44:51,409 [a09c5a64-4ee1-447f-bdad-955dc0571893-groupManagement] INFO  server.RaftServerConfigKeys (ConfUtils.java:logGet(46)) - raft.server.log.purge.gap = 1000000 (custom)
2023-10-17 18:44:51,409 [a09c5a64-4ee1-447f-bdad-955dc0571893-groupManagement] INFO  server.RaftServerConfigKeys (ConfUtils.java:logGet(46)) - raft.server.log.appender.buffer.byte-limit = 33554432 (custom)
2023-10-17 18:44:51,409 [a09c5a64-4ee1-447f-bdad-955dc0571893-groupManagement] INFO  server.RaftServerConfigKeys (ConfUtils.java:logGet(46)) - raft.server.log.statemachine.data.read.timeout = 1000ms (default)
2023-10-17 18:44:51,410 [a09c5a64-4ee1-447f-bdad-955dc0571893-groupManagement] INFO  server.RaftServerConfigKeys (ConfUtils.java:logGet(46)) - raft.server.log.purge.preservation.log.num = 0 (default)
2023-10-17 18:44:51,410 [a09c5a64-4ee1-447f-bdad-955dc0571893-groupManagement] INFO  server.RaftServerConfigKeys (ConfUtils.java:logGet(46)) - raft.server.log.segment.size.max = 1048576 (custom)
2023-10-17 18:44:51,410 [a09c5a64-4ee1-447f-bdad-955dc0571893-groupManagement] INFO  server.RaftServerConfigKeys (ConfUtils.java:logGet(46)) - raft.server.log.segment.cache.num.max = 2 (custom)
2023-10-17 18:44:51,410 [a09c5a64-4ee1-447f-bdad-955dc0571893-groupManagement] INFO  server.RaftServerConfigKeys (ConfUtils.java:logGet(46)) - raft.server.log.segment.cache.size.max = 200MB (=209715200) (default)
2023-10-17 18:44:51,410 [a09c5a64-4ee1-447f-bdad-955dc0571893-groupManagement] INFO  server.RaftServerConfigKeys (ConfUtils.java:logGet(46)) - raft.server.log.appender.buffer.byte-limit = 33554432 (custom)
2023-10-17 18:44:51,410 [a09c5a64-4ee1-447f-bdad-955dc0571893-groupManagement] INFO  segmented.SegmentedRaftLogWorker (SegmentedRaftLogWorker.java:<init>(188)) - new a09c5a64-4ee1-447f-bdad-955dc0571893@group-0571E2346807-SegmentedRaftLogWorker for RaftStorageImpl:Storage Directory /home/runner/work/ozone/ozone/hadoop-ozone/integration-test/target/test-dir/MiniOzoneClusterImpl-d744795c-134c-47f3-98d5-5c735d9275da/datanode-1/data/ratis/62e6cc5a-97d2-4a66-be11-0571e2346807
2023-10-17 18:44:51,410 [a09c5a64-4ee1-447f-bdad-955dc0571893-groupManagement] INFO  server.RaftServerConfigKeys (ConfUtils.java:logGet(46)) - raft.server.log.queue.byte-limit = 4294967296 (custom)
2023-10-17 18:44:51,410 [a09c5a64-4ee1-447f-bdad-955dc0571893-groupManagement] INFO  server.RaftServerConfigKeys (ConfUtils.java:logGet(46)) - raft.server.log.queue.element-limit = 1024 (custom)
2023-10-17 18:44:51,410 [a09c5a64-4ee1-447f-bdad-955dc0571893-groupManagement] INFO  server.RaftServerConfigKeys (ConfUtils.java:logGet(46)) - raft.server.log.segment.size.max = 1048576 (custom)
2023-10-17 18:44:51,410 [a09c5a64-4ee1-447f-bdad-955dc0571893-groupManagement] INFO  server.RaftServerConfigKeys (ConfUtils.java:logGet(46)) - raft.server.log.preallocated.size = 16384 (custom)
2023-10-17 18:44:51,411 [a09c5a64-4ee1-447f-bdad-955dc0571893-groupManagement] INFO  server.RaftServerConfigKeys (ConfUtils.java:logGet(46)) - raft.server.log.force.sync.num = 128 (default)
2023-10-17 18:44:51,411 [a09c5a64-4ee1-447f-bdad-955dc0571893-groupManagement] INFO  server.RaftServerConfigKeys (ConfUtils.java:logGet(46)) - raft.server.log.statemachine.data.sync = true (default)
2023-10-17 18:44:51,411 [a09c5a64-4ee1-447f-bdad-955dc0571893-groupManagement] INFO  server.RaftServerConfigKeys (ConfUtils.java:logGet(46)) - raft.server.log.statemachine.data.sync.timeout = 10s (default)
2023-10-17 18:44:51,411 [a09c5a64-4ee1-447f-bdad-955dc0571893-groupManagement] INFO  server.RaftServerConfigKeys (ConfUtils.java:logGet(46)) - raft.server.log.statemachine.data.sync.timeout.retry = -1 (default)
2023-10-17 18:44:51,411 [a09c5a64-4ee1-447f-bdad-955dc0571893-groupManagement] INFO  server.RaftServerConfigKeys (ConfUtils.java:logGet(46)) - raft.server.log.write.buffer.size = 1048576 (custom)
2023-10-17 18:44:51,412 [a09c5a64-4ee1-447f-bdad-955dc0571893-groupManagement] INFO  server.RaftServerConfigKeys (ConfUtils.java:logGet(46)) - raft.server.log.appender.buffer.byte-limit = 33554432 (custom)
2023-10-17 18:44:51,417 [a09c5a64-4ee1-447f-bdad-955dc0571893-groupManagement] INFO  server.RaftServerConfigKeys (ConfUtils.java:logGet(46)) - raft.server.log.unsafe-flush.enabled = false (default)
2023-10-17 18:44:51,417 [a09c5a64-4ee1-447f-bdad-955dc0571893-groupManagement] INFO  server.RaftServerConfigKeys (ConfUtils.java:logGet(46)) - raft.server.log.async-flush.enabled = false (default)
2023-10-17 18:44:51,417 [a09c5a64-4ee1-447f-bdad-955dc0571893-groupManagement] INFO  server.RaftServerConfigKeys (ConfUtils.java:logGet(46)) - raft.server.log.statemachine.data.caching.enabled = true (custom)
2023-10-17 18:44:51,417 [a09c5a64-4ee1-447f-bdad-955dc0571893-groupManagement] INFO  segmented.SegmentedRaftLogWorker (SegmentedRaftLogWorker.java:lambda$new$0(135)) - a09c5a64-4ee1-447f-bdad-955dc0571893@group-0571E2346807-SegmentedRaftLogWorker: flushIndex: setUnconditionally 0 -> -1
2023-10-17 18:44:51,417 [a09c5a64-4ee1-447f-bdad-955dc0571893-groupManagement] INFO  segmented.SegmentedRaftLogWorker (SegmentedRaftLogWorker.java:lambda$new$0(135)) - a09c5a64-4ee1-447f-bdad-955dc0571893@group-0571E2346807-SegmentedRaftLogWorker: safeCacheEvictIndex: setUnconditionally 0 -> -1
2023-10-17 18:44:51,418 [a09c5a64-4ee1-447f-bdad-955dc0571893-groupManagement] INFO  server.RaftServer$Division (RaftServerImpl.java:start(342)) - a09c5a64-4ee1-447f-bdad-955dc0571893@group-0571E2346807: start as a follower, conf=-1: peers:[6bf4bd27-d28f-421a-802a-00940bdb9945|rpc:10.1.0.25:15171|admin:10.1.0.25:15170|client:10.1.0.25:15169|dataStream:10.1.0.25:15172|priority:0|startupRole:FOLLOWER, a09c5a64-4ee1-447f-bdad-955dc0571893|rpc:10.1.0.25:15162|admin:10.1.0.25:15161|client:10.1.0.25:15160|dataStream:10.1.0.25:15163|priority:0|startupRole:FOLLOWER, 03ee06a5-cfcc-4ac1-a3c7-afad1436935a|rpc:10.1.0.25:15153|admin:10.1.0.25:15152|client:10.1.0.25:15151|dataStream:10.1.0.25:15154|priority:1|startupRole:FOLLOWER]|listeners:[], old=null
2023-10-17 18:44:51,418 [a09c5a64-4ee1-447f-bdad-955dc0571893-groupManagement] INFO  server.RaftServer$Division (RaftServerImpl.java:setRole(329)) - a09c5a64-4ee1-447f-bdad-955dc0571893@group-0571E2346807: changes role from      null to FOLLOWER at term 0 for startAsFollower
2023-10-17 18:44:51,418 [a09c5a64-4ee1-447f-bdad-955dc0571893-groupManagement] INFO  impl.RoleInfo (RoleInfo.java:updateAndGet(139)) - a09c5a64-4ee1-447f-bdad-955dc0571893: start a09c5a64-4ee1-447f-bdad-955dc0571893@group-0571E2346807-FollowerState
2023-10-17 18:44:51,418 [a09c5a64-4ee1-447f-bdad-955dc0571893-groupManagement] INFO  util.JmxRegister (JmxRegister.java:tryRegister(44)) - Successfully registered JMX Bean with object name Ratis:service=RaftServer,group=group-0571E2346807,id=a09c5a64-4ee1-447f-bdad-955dc0571893
2023-10-17 18:44:51,418 [a09c5a64-4ee1-447f-bdad-955dc0571893-groupManagement] INFO  server.RaftServerConfigKeys (ConfUtils.java:logGet(46)) - raft.server.snapshot.auto.trigger.enabled = true (custom)
2023-10-17 18:44:51,418 [a09c5a64-4ee1-447f-bdad-955dc0571893-groupManagement] INFO  server.RaftServerConfigKeys (ConfUtils.java:logGet(46)) - raft.server.snapshot.auto.trigger.threshold = 10000 (custom)
2023-10-17 18:44:51,418 [a09c5a64-4ee1-447f-bdad-955dc0571893-groupManagement] INFO  server.RaftServerConfigKeys (ConfUtils.java:logGet(46)) - raft.server.snapshot.retention.file.num = 5 (custom)
2023-10-17 18:44:51,418 [a09c5a64-4ee1-447f-bdad-955dc0571893-groupManagement] INFO  server.RaftServerConfigKeys (ConfUtils.java:logGet(46)) - raft.server.log.purge.upto.snapshot.index = false (default)
2023-10-17 18:44:51,419 [a09c5a64-4ee1-447f-bdad-955dc0571893@group-0571E2346807-FollowerState] INFO  server.RaftServerConfigKeys (ConfUtils.java:logFallback(53)) - raft.server.rpc.first-election.timeout.min = 5s (fallback to raft.server.rpc.timeout.min)
2023-10-17 18:44:51,419 [a09c5a64-4ee1-447f-bdad-955dc0571893@group-0571E2346807-FollowerState] INFO  server.RaftServerConfigKeys (ConfUtils.java:logFallback(53)) - raft.server.rpc.first-election.timeout.max = 5200ms (fallback to raft.server.rpc.timeout.max)
2023-10-17 18:44:51,435 [PipelineCommandHandlerThread-0] INFO  commandhandler.CreatePipelineCommandHandler (CreatePipelineCommandHandler.java:lambda$handle$2(124)) - Created Pipeline RATIS THREE PipelineID=62e6cc5a-97d2-4a66-be11-0571e2346807.
2023-10-17 18:44:51,435 [PipelineCommandHandlerThread-0] INFO  server.RaftServer (RaftServerProxy.java:addNew(98)) - 03ee06a5-cfcc-4ac1-a3c7-afad1436935a: addNew group-8A1AC0108D31:[6bf4bd27-d28f-421a-802a-00940bdb9945|rpc:10.1.0.25:15171|admin:10.1.0.25:15170|client:10.1.0.25:15169|dataStream:10.1.0.25:15172|priority:0|startupRole:FOLLOWER, a09c5a64-4ee1-447f-bdad-955dc0571893|rpc:10.1.0.25:15162|admin:10.1.0.25:15161|client:10.1.0.25:15160|dataStream:10.1.0.25:15163|priority:1|startupRole:FOLLOWER, 03ee06a5-cfcc-4ac1-a3c7-afad1436935a|rpc:10.1.0.25:15153|admin:10.1.0.25:15152|client:10.1.0.25:15151|dataStream:10.1.0.25:15154|priority:0|startupRole:FOLLOWER] returns group-8A1AC0108D31:java.util.concurrent.CompletableFuture@1375ad27[Not completed]
2023-10-17 18:44:51,436 [03ee06a5-cfcc-4ac1-a3c7-afad1436935a-groupManagement] INFO  server.RaftServer$Division (RaftServerImpl.java:<init>(198)) - 03ee06a5-cfcc-4ac1-a3c7-afad1436935a: new RaftServerImpl for group-8A1AC0108D31:[6bf4bd27-d28f-421a-802a-00940bdb9945|rpc:10.1.0.25:15171|admin:10.1.0.25:15170|client:10.1.0.25:15169|dataStream:10.1.0.25:15172|priority:0|startupRole:FOLLOWER, a09c5a64-4ee1-447f-bdad-955dc0571893|rpc:10.1.0.25:15162|admin:10.1.0.25:15161|client:10.1.0.25:15160|dataStream:10.1.0.25:15163|priority:1|startupRole:FOLLOWER, 03ee06a5-cfcc-4ac1-a3c7-afad1436935a|rpc:10.1.0.25:15153|admin:10.1.0.25:15152|client:10.1.0.25:15151|dataStream:10.1.0.25:15154|priority:0|startupRole:FOLLOWER] with ContainerStateMachine:uninitialized
2023-10-17 18:44:51,436 [03ee06a5-cfcc-4ac1-a3c7-afad1436935a-groupManagement] INFO  server.RaftServerConfigKeys (ConfUtils.java:logGet(46)) - raft.server.rpc.timeout.min = 5s (custom)
2023-10-17 18:44:51,436 [03ee06a5-cfcc-4ac1-a3c7-afad1436935a-groupManagement] INFO  server.RaftServerConfigKeys (ConfUtils.java:logGet(46)) - raft.server.rpc.timeout.max = 5200ms (custom)
2023-10-17 18:44:51,436 [03ee06a5-cfcc-4ac1-a3c7-afad1436935a-groupManagement] INFO  server.RaftServerConfigKeys (ConfUtils.java:logGet(46)) - raft.server.rpc.sleep.time = 25ms (default)
2023-10-17 18:44:51,436 [03ee06a5-cfcc-4ac1-a3c7-afad1436935a-groupManagement] INFO  server.RaftServerConfigKeys (ConfUtils.java:logGet(46)) - raft.server.rpc.slowness.timeout = 300s (custom)
2023-10-17 18:44:51,436 [03ee06a5-cfcc-4ac1-a3c7-afad1436935a-groupManagement] INFO  server.RaftServerConfigKeys (ConfUtils.java:logGet(46)) - raft.server.leaderelection.leader.step-down.wait-time = 10s (default)
2023-10-17 18:44:51,436 [03ee06a5-cfcc-4ac1-a3c7-afad1436935a-groupManagement] INFO  server.RaftServerConfigKeys (ConfUtils.java:logGet(46)) - raft.server.sleep.deviation.threshold = 300ms (default)
2023-10-17 18:44:51,436 [03ee06a5-cfcc-4ac1-a3c7-afad1436935a-groupManagement] INFO  server.RaftServer$Division (ServerState.java:<init>(120)) - 03ee06a5-cfcc-4ac1-a3c7-afad1436935a@group-8A1AC0108D31: ConfigurationManager, init=-1: peers:[6bf4bd27-d28f-421a-802a-00940bdb9945|rpc:10.1.0.25:15171|admin:10.1.0.25:15170|client:10.1.0.25:15169|dataStream:10.1.0.25:15172|priority:0|startupRole:FOLLOWER, a09c5a64-4ee1-447f-bdad-955dc0571893|rpc:10.1.0.25:15162|admin:10.1.0.25:15161|client:10.1.0.25:15160|dataStream:10.1.0.25:15163|priority:1|startupRole:FOLLOWER, 03ee06a5-cfcc-4ac1-a3c7-afad1436935a|rpc:10.1.0.25:15153|admin:10.1.0.25:15152|client:10.1.0.25:15151|dataStream:10.1.0.25:15154|priority:0|startupRole:FOLLOWER]|listeners:[], old=null, confs=<EMPTY_MAP>
2023-10-17 18:44:51,436 [03ee06a5-cfcc-4ac1-a3c7-afad1436935a-groupManagement] INFO  server.RaftServerConfigKeys (ConfUtils.java:logGet(46)) - raft.server.storage.dir = [/home/runner/work/ozone/ozone/hadoop-ozone/integration-test/target/test-dir/MiniOzoneClusterImpl-d744795c-134c-47f3-98d5-5c735d9275da/datanode-0/data/ratis] (custom)
2023-10-17 18:44:51,436 [03ee06a5-cfcc-4ac1-a3c7-afad1436935a-groupManagement] INFO  server.RaftServerConfigKeys (ConfUtils.java:logGet(46)) - raft.server.log.corruption.policy = EXCEPTION (default)
2023-10-17 18:44:51,436 [03ee06a5-cfcc-4ac1-a3c7-afad1436935a-groupManagement] INFO  server.RaftServerConfigKeys (ConfUtils.java:logGet(46)) - raft.server.storage.free-space.min = 0MB (=0) (default)
2023-10-17 18:44:51,436 [03ee06a5-cfcc-4ac1-a3c7-afad1436935a-groupManagement] INFO  server.RaftServerConfigKeys (ConfUtils.java:logGet(46)) - raft.server.notification.no-leader.timeout = 300s (custom)
2023-10-17 18:44:51,436 [03ee06a5-cfcc-4ac1-a3c7-afad1436935a-groupManagement] INFO  server.RaftServerConfigKeys (ConfUtils.java:logGet(46)) - raft.server.read.timeout = 10s (default)
2023-10-17 18:44:51,436 [03ee06a5-cfcc-4ac1-a3c7-afad1436935a-groupManagement] INFO  server.RaftServerConfigKeys (ConfUtils.java:logGet(46)) - raft.server.retrycache.expirytime = 600000ms (custom)
2023-10-17 18:44:51,437 [03ee06a5-cfcc-4ac1-a3c7-afad1436935a-groupManagement] INFO  server.RaftServerConfigKeys (ConfUtils.java:logGet(46)) - raft.server.retrycache.statistics.expirytime = 100μs (default)
2023-10-17 18:44:51,437 [03ee06a5-cfcc-4ac1-a3c7-afad1436935a-groupManagement] INFO  server.RaftServerConfigKeys (ConfUtils.java:logGet(46)) - raft.server.read.option = DEFAULT (default)
2023-10-17 18:44:51,437 [03ee06a5-cfcc-4ac1-a3c7-afad1436935a-groupManagement] INFO  server.RaftServerConfigKeys (ConfUtils.java:logGet(46)) - raft.server.rpc.request.timeout = 60s (custom)
2023-10-17 18:44:51,437 [03ee06a5-cfcc-4ac1-a3c7-afad1436935a-groupManagement] INFO  server.RaftServerConfigKeys (ConfUtils.java:logGet(46)) - raft.server.log.appender.install.snapshot.enabled = false (custom)
2023-10-17 18:44:51,437 [03ee06a5-cfcc-4ac1-a3c7-afad1436935a-groupManagement] INFO  server.RaftServerConfigKeys (ConfUtils.java:logGet(46)) - raft.server.threadpool.server.cached = true (default)
2023-10-17 18:44:51,437 [03ee06a5-cfcc-4ac1-a3c7-afad1436935a-groupManagement] INFO  server.RaftServerConfigKeys (ConfUtils.java:logGet(46)) - raft.server.threadpool.server.size = 0 (default)
2023-10-17 18:44:51,437 [03ee06a5-cfcc-4ac1-a3c7-afad1436935a-groupManagement] INFO  server.RaftServerConfigKeys (ConfUtils.java:logGet(46)) - raft.server.threadpool.client.cached = true (default)
2023-10-17 18:44:51,437 [03ee06a5-cfcc-4ac1-a3c7-afad1436935a-groupManagement] INFO  server.RaftServerConfigKeys (ConfUtils.java:logGet(46)) - raft.server.threadpool.client.size = 0 (default)
2023-10-17 18:44:51,437 [03ee06a5-cfcc-4ac1-a3c7-afad1436935a-groupManagement] INFO  storage.RaftStorageDirectory (RaftStorageDirectoryImpl.java:analyzeStorage(137)) - The storage directory /home/runner/work/ozone/ozone/hadoop-ozone/integration-test/target/test-dir/MiniOzoneClusterImpl-d744795c-134c-47f3-98d5-5c735d9275da/datanode-0/data/ratis/37bcaca1-812d-40bb-a910-8a1ac0108d31 does not exist. Creating ...
2023-10-17 18:44:51,440 [03ee06a5-cfcc-4ac1-a3c7-afad1436935a-groupManagement] INFO  storage.RaftStorageDirectory (RaftStorageDirectoryImpl.java:tryLock(231)) - Lock on /home/runner/work/ozone/ozone/hadoop-ozone/integration-test/target/test-dir/MiniOzoneClusterImpl-d744795c-134c-47f3-98d5-5c735d9275da/datanode-0/data/ratis/37bcaca1-812d-40bb-a910-8a1ac0108d31/in_use.lock acquired by nodename 31914@fv-az189-115
2023-10-17 18:44:51,441 [03ee06a5-cfcc-4ac1-a3c7-afad1436935a-groupManagement] INFO  storage.RaftStorage (RaftStorageImpl.java:format(96)) - Storage directory /home/runner/work/ozone/ozone/hadoop-ozone/integration-test/target/test-dir/MiniOzoneClusterImpl-d744795c-134c-47f3-98d5-5c735d9275da/datanode-0/data/ratis/37bcaca1-812d-40bb-a910-8a1ac0108d31 has been successfully formatted.
2023-10-17 18:44:51,442 [03ee06a5-cfcc-4ac1-a3c7-afad1436935a-groupManagement] INFO  ratis.ContainerStateMachine (ContainerStateMachine.java:loadSnapshot(262)) - group-8A1AC0108D31: The snapshot info is null. Setting the last applied indexto:(t:0, i:~)
2023-10-17 18:44:51,442 [03ee06a5-cfcc-4ac1-a3c7-afad1436935a-groupManagement] INFO  server.RaftServerConfigKeys (ConfUtils.java:logGet(46)) - raft.server.log.use.memory = false (default)
2023-10-17 18:44:51,442 [03ee06a5-cfcc-4ac1-a3c7-afad1436935a-groupManagement] INFO  server.RaftServerConfigKeys (ConfUtils.java:logGet(46)) - raft.server.log.purge.gap = 1000000 (custom)
2023-10-17 18:44:51,442 [03ee06a5-cfcc-4ac1-a3c7-afad1436935a-groupManagement] INFO  server.RaftServerConfigKeys (ConfUtils.java:logGet(46)) - raft.server.log.appender.buffer.byte-limit = 33554432 (custom)
2023-10-17 18:44:51,442 [03ee06a5-cfcc-4ac1-a3c7-afad1436935a-groupManagement] INFO  server.RaftServerConfigKeys (ConfUtils.java:logGet(46)) - raft.server.log.statemachine.data.read.timeout = 1000ms (default)
2023-10-17 18:44:51,442 [03ee06a5-cfcc-4ac1-a3c7-afad1436935a-groupManagement] INFO  server.RaftServerConfigKeys (ConfUtils.java:logGet(46)) - raft.server.log.purge.preservation.log.num = 0 (default)
2023-10-17 18:44:51,442 [03ee06a5-cfcc-4ac1-a3c7-afad1436935a-groupManagement] INFO  server.RaftServerConfigKeys (ConfUtils.java:logGet(46)) - raft.server.log.segment.size.max = 1048576 (custom)
2023-10-17 18:44:51,442 [03ee06a5-cfcc-4ac1-a3c7-afad1436935a-groupManagement] INFO  server.RaftServerConfigKeys (ConfUtils.java:logGet(46)) - raft.server.log.segment.cache.num.max = 2 (custom)
2023-10-17 18:44:51,442 [03ee06a5-cfcc-4ac1-a3c7-afad1436935a-groupManagement] INFO  server.RaftServerConfigKeys (ConfUtils.java:logGet(46)) - raft.server.log.segment.cache.size.max = 200MB (=209715200) (default)
2023-10-17 18:44:51,442 [03ee06a5-cfcc-4ac1-a3c7-afad1436935a-groupManagement] INFO  server.RaftServerConfigKeys (ConfUtils.java:logGet(46)) - raft.server.log.appender.buffer.byte-limit = 33554432 (custom)
2023-10-17 18:44:51,442 [03ee06a5-cfcc-4ac1-a3c7-afad1436935a-groupManagement] INFO  segmented.SegmentedRaftLogWorker (SegmentedRaftLogWorker.java:<init>(188)) - new 03ee06a5-cfcc-4ac1-a3c7-afad1436935a@group-8A1AC0108D31-SegmentedRaftLogWorker for RaftStorageImpl:Storage Directory /home/runner/work/ozone/ozone/hadoop-ozone/integration-test/target/test-dir/MiniOzoneClusterImpl-d744795c-134c-47f3-98d5-5c735d9275da/datanode-0/data/ratis/37bcaca1-812d-40bb-a910-8a1ac0108d31
2023-10-17 18:44:51,442 [03ee06a5-cfcc-4ac1-a3c7-afad1436935a-groupManagement] INFO  server.RaftServerConfigKeys (ConfUtils.java:logGet(46)) - raft.server.log.queue.byte-limit = 4294967296 (custom)
2023-10-17 18:44:51,443 [EventQueue-OpenPipelineForHealthyPipelineSafeModeRule] INFO  safemode.SCMSafeModeManager (HealthyPipelineSafeModeRule.java:process(137)) - SCM in safe mode. Healthy pipelines reported count is 0, required healthy pipeline reported count is 1
2023-10-17 18:44:51,444 [03ee06a5-cfcc-4ac1-a3c7-afad1436935a-groupManagement] INFO  server.RaftServerConfigKeys (ConfUtils.java:logGet(46)) - raft.server.log.queue.element-limit = 1024 (custom)
2023-10-17 18:44:51,444 [03ee06a5-cfcc-4ac1-a3c7-afad1436935a-groupManagement] INFO  server.RaftServerConfigKeys (ConfUtils.java:logGet(46)) - raft.server.log.segment.size.max = 1048576 (custom)
2023-10-17 18:44:51,445 [03ee06a5-cfcc-4ac1-a3c7-afad1436935a-groupManagement] INFO  server.RaftServerConfigKeys (ConfUtils.java:logGet(46)) - raft.server.log.preallocated.size = 16384 (custom)
2023-10-17 18:44:51,445 [03ee06a5-cfcc-4ac1-a3c7-afad1436935a-groupManagement] INFO  server.RaftServerConfigKeys (ConfUtils.java:logGet(46)) - raft.server.log.force.sync.num = 128 (default)
2023-10-17 18:44:51,445 [03ee06a5-cfcc-4ac1-a3c7-afad1436935a-groupManagement] INFO  server.RaftServerConfigKeys (ConfUtils.java:logGet(46)) - raft.server.log.statemachine.data.sync = true (default)
2023-10-17 18:44:51,445 [03ee06a5-cfcc-4ac1-a3c7-afad1436935a-groupManagement] INFO  server.RaftServerConfigKeys (ConfUtils.java:logGet(46)) - raft.server.log.statemachine.data.sync.timeout = 10s (default)
2023-10-17 18:44:51,445 [03ee06a5-cfcc-4ac1-a3c7-afad1436935a-groupManagement] INFO  server.RaftServerConfigKeys (ConfUtils.java:logGet(46)) - raft.server.log.statemachine.data.sync.timeout.retry = -1 (default)
2023-10-17 18:44:51,445 [03ee06a5-cfcc-4ac1-a3c7-afad1436935a-groupManagement] INFO  server.RaftServerConfigKeys (ConfUtils.java:logGet(46)) - raft.server.log.write.buffer.size = 1048576 (custom)
2023-10-17 18:44:51,447 [03ee06a5-cfcc-4ac1-a3c7-afad1436935a-groupManagement] INFO  server.RaftServerConfigKeys (ConfUtils.java:logGet(46)) - raft.server.log.appender.buffer.byte-limit = 33554432 (custom)
2023-10-17 18:44:51,456 [03ee06a5-cfcc-4ac1-a3c7-afad1436935a-groupManagement] INFO  server.RaftServerConfigKeys (ConfUtils.java:logGet(46)) - raft.server.log.unsafe-flush.enabled = false (default)
2023-10-17 18:44:51,456 [03ee06a5-cfcc-4ac1-a3c7-afad1436935a-groupManagement] INFO  server.RaftServerConfigKeys (ConfUtils.java:logGet(46)) - raft.server.log.async-flush.enabled = false (default)
2023-10-17 18:44:51,457 [03ee06a5-cfcc-4ac1-a3c7-afad1436935a-groupManagement] INFO  server.RaftServerConfigKeys (ConfUtils.java:logGet(46)) - raft.server.log.statemachine.data.caching.enabled = true (custom)
2023-10-17 18:44:51,457 [03ee06a5-cfcc-4ac1-a3c7-afad1436935a-groupManagement] INFO  segmented.SegmentedRaftLogWorker (SegmentedRaftLogWorker.java:lambda$new$0(135)) - 03ee06a5-cfcc-4ac1-a3c7-afad1436935a@group-8A1AC0108D31-SegmentedRaftLogWorker: flushIndex: setUnconditionally 0 -> -1
2023-10-17 18:44:51,457 [03ee06a5-cfcc-4ac1-a3c7-afad1436935a-groupManagement] INFO  segmented.SegmentedRaftLogWorker (SegmentedRaftLogWorker.java:lambda$new$0(135)) - 03ee06a5-cfcc-4ac1-a3c7-afad1436935a@group-8A1AC0108D31-SegmentedRaftLogWorker: safeCacheEvictIndex: setUnconditionally 0 -> -1
2023-10-17 18:44:51,459 [03ee06a5-cfcc-4ac1-a3c7-afad1436935a-groupManagement] INFO  server.RaftServer$Division (RaftServerImpl.java:start(342)) - 03ee06a5-cfcc-4ac1-a3c7-afad1436935a@group-8A1AC0108D31: start as a follower, conf=-1: peers:[6bf4bd27-d28f-421a-802a-00940bdb9945|rpc:10.1.0.25:15171|admin:10.1.0.25:15170|client:10.1.0.25:15169|dataStream:10.1.0.25:15172|priority:0|startupRole:FOLLOWER, a09c5a64-4ee1-447f-bdad-955dc0571893|rpc:10.1.0.25:15162|admin:10.1.0.25:15161|client:10.1.0.25:15160|dataStream:10.1.0.25:15163|priority:1|startupRole:FOLLOWER, 03ee06a5-cfcc-4ac1-a3c7-afad1436935a|rpc:10.1.0.25:15153|admin:10.1.0.25:15152|client:10.1.0.25:15151|dataStream:10.1.0.25:15154|priority:0|startupRole:FOLLOWER]|listeners:[], old=null
2023-10-17 18:44:51,459 [03ee06a5-cfcc-4ac1-a3c7-afad1436935a-groupManagement] INFO  server.RaftServer$Division (RaftServerImpl.java:setRole(329)) - 03ee06a5-cfcc-4ac1-a3c7-afad1436935a@group-8A1AC0108D31: changes role from      null to FOLLOWER at term 0 for startAsFollower
2023-10-17 18:44:51,459 [03ee06a5-cfcc-4ac1-a3c7-afad1436935a-groupManagement] INFO  impl.RoleInfo (RoleInfo.java:updateAndGet(139)) - 03ee06a5-cfcc-4ac1-a3c7-afad1436935a: start 03ee06a5-cfcc-4ac1-a3c7-afad1436935a@group-8A1AC0108D31-FollowerState
2023-10-17 18:44:51,459 [03ee06a5-cfcc-4ac1-a3c7-afad1436935a-groupManagement] INFO  util.JmxRegister (JmxRegister.java:tryRegister(44)) - Successfully registered JMX Bean with object name Ratis:service=RaftServer,group=group-8A1AC0108D31,id=03ee06a5-cfcc-4ac1-a3c7-afad1436935a
2023-10-17 18:44:51,459 [03ee06a5-cfcc-4ac1-a3c7-afad1436935a-groupManagement] INFO  server.RaftServerConfigKeys (ConfUtils.java:logGet(46)) - raft.server.snapshot.auto.trigger.enabled = true (custom)
2023-10-17 18:44:51,459 [03ee06a5-cfcc-4ac1-a3c7-afad1436935a-groupManagement] INFO  server.RaftServerConfigKeys (ConfUtils.java:logGet(46)) - raft.server.snapshot.auto.trigger.threshold = 10000 (custom)
2023-10-17 18:44:51,459 [03ee06a5-cfcc-4ac1-a3c7-afad1436935a-groupManagement] INFO  server.RaftServerConfigKeys (ConfUtils.java:logGet(46)) - raft.server.snapshot.retention.file.num = 5 (custom)
2023-10-17 18:44:51,460 [03ee06a5-cfcc-4ac1-a3c7-afad1436935a-groupManagement] INFO  server.RaftServerConfigKeys (ConfUtils.java:logGet(46)) - raft.server.log.purge.upto.snapshot.index = false (default)
2023-10-17 18:44:51,460 [03ee06a5-cfcc-4ac1-a3c7-afad1436935a@group-8A1AC0108D31-FollowerState] INFO  server.RaftServerConfigKeys (ConfUtils.java:logFallback(53)) - raft.server.rpc.first-election.timeout.min = 5s (fallback to raft.server.rpc.timeout.min)
2023-10-17 18:44:51,460 [03ee06a5-cfcc-4ac1-a3c7-afad1436935a@group-8A1AC0108D31-FollowerState] INFO  server.RaftServerConfigKeys (ConfUtils.java:logFallback(53)) - raft.server.rpc.first-election.timeout.max = 5200ms (fallback to raft.server.rpc.timeout.max)
2023-10-17 18:44:51,460 [PipelineCommandHandlerThread-0] INFO  ratis.XceiverServerRatis (XceiverServerRatis.java:addGroup(804)) - Created group PipelineID=37bcaca1-812d-40bb-a910-8a1ac0108d31
2023-10-17 18:44:51,475 [grpc-default-executor-0] INFO  server.RaftServer (RaftServerProxy.java:addNew(98)) - a09c5a64-4ee1-447f-bdad-955dc0571893: addNew group-8A1AC0108D31:[6bf4bd27-d28f-421a-802a-00940bdb9945|rpc:10.1.0.25:15171|admin:10.1.0.25:15170|client:10.1.0.25:15169|dataStream:10.1.0.25:15172|priority:0|startupRole:FOLLOWER, a09c5a64-4ee1-447f-bdad-955dc0571893|rpc:10.1.0.25:15162|admin:10.1.0.25:15161|client:10.1.0.25:15160|dataStream:10.1.0.25:15163|priority:1|startupRole:FOLLOWER, 03ee06a5-cfcc-4ac1-a3c7-afad1436935a|rpc:10.1.0.25:15153|admin:10.1.0.25:15152|client:10.1.0.25:15151|dataStream:10.1.0.25:15154|priority:0|startupRole:FOLLOWER] returns group-8A1AC0108D31:java.util.concurrent.CompletableFuture@4c0fc172[Not completed]
2023-10-17 18:44:51,475 [a09c5a64-4ee1-447f-bdad-955dc0571893-groupManagement] INFO  server.RaftServer$Division (RaftServerImpl.java:<init>(198)) - a09c5a64-4ee1-447f-bdad-955dc0571893: new RaftServerImpl for group-8A1AC0108D31:[6bf4bd27-d28f-421a-802a-00940bdb9945|rpc:10.1.0.25:15171|admin:10.1.0.25:15170|client:10.1.0.25:15169|dataStream:10.1.0.25:15172|priority:0|startupRole:FOLLOWER, a09c5a64-4ee1-447f-bdad-955dc0571893|rpc:10.1.0.25:15162|admin:10.1.0.25:15161|client:10.1.0.25:15160|dataStream:10.1.0.25:15163|priority:1|startupRole:FOLLOWER, 03ee06a5-cfcc-4ac1-a3c7-afad1436935a|rpc:10.1.0.25:15153|admin:10.1.0.25:15152|client:10.1.0.25:15151|dataStream:10.1.0.25:15154|priority:0|startupRole:FOLLOWER] with ContainerStateMachine:uninitialized
2023-10-17 18:44:51,475 [a09c5a64-4ee1-447f-bdad-955dc0571893-groupManagement] INFO  server.RaftServerConfigKeys (ConfUtils.java:logGet(46)) - raft.server.rpc.timeout.min = 5s (custom)
2023-10-17 18:44:51,476 [a09c5a64-4ee1-447f-bdad-955dc0571893-groupManagement] INFO  server.RaftServerConfigKeys (ConfUtils.java:logGet(46)) - raft.server.rpc.timeout.max = 5200ms (custom)
2023-10-17 18:44:51,476 [a09c5a64-4ee1-447f-bdad-955dc0571893-groupManagement] INFO  server.RaftServerConfigKeys (ConfUtils.java:logGet(46)) - raft.server.rpc.sleep.time = 25ms (default)
2023-10-17 18:44:51,476 [a09c5a64-4ee1-447f-bdad-955dc0571893-groupManagement] INFO  server.RaftServerConfigKeys (ConfUtils.java:logGet(46)) - raft.server.rpc.slowness.timeout = 300s (custom)
2023-10-17 18:44:51,476 [a09c5a64-4ee1-447f-bdad-955dc0571893-groupManagement] INFO  server.RaftServerConfigKeys (ConfUtils.java:logGet(46)) - raft.server.leaderelection.leader.step-down.wait-time = 10s (default)
2023-10-17 18:44:51,476 [a09c5a64-4ee1-447f-bdad-955dc0571893-groupManagement] INFO  server.RaftServerConfigKeys (ConfUtils.java:logGet(46)) - raft.server.sleep.deviation.threshold = 300ms (default)
2023-10-17 18:44:51,476 [a09c5a64-4ee1-447f-bdad-955dc0571893-groupManagement] INFO  server.RaftServer$Division (ServerState.java:<init>(120)) - a09c5a64-4ee1-447f-bdad-955dc0571893@group-8A1AC0108D31: ConfigurationManager, init=-1: peers:[6bf4bd27-d28f-421a-802a-00940bdb9945|rpc:10.1.0.25:15171|admin:10.1.0.25:15170|client:10.1.0.25:15169|dataStream:10.1.0.25:15172|priority:0|startupRole:FOLLOWER, a09c5a64-4ee1-447f-bdad-955dc0571893|rpc:10.1.0.25:15162|admin:10.1.0.25:15161|client:10.1.0.25:15160|dataStream:10.1.0.25:15163|priority:1|startupRole:FOLLOWER, 03ee06a5-cfcc-4ac1-a3c7-afad1436935a|rpc:10.1.0.25:15153|admin:10.1.0.25:15152|client:10.1.0.25:15151|dataStream:10.1.0.25:15154|priority:0|startupRole:FOLLOWER]|listeners:[], old=null, confs=<EMPTY_MAP>
2023-10-17 18:44:51,476 [a09c5a64-4ee1-447f-bdad-955dc0571893-groupManagement] INFO  server.RaftServerConfigKeys (ConfUtils.java:logGet(46)) - raft.server.storage.dir = [/home/runner/work/ozone/ozone/hadoop-ozone/integration-test/target/test-dir/MiniOzoneClusterImpl-d744795c-134c-47f3-98d5-5c735d9275da/datanode-1/data/ratis] (custom)
2023-10-17 18:44:51,476 [a09c5a64-4ee1-447f-bdad-955dc0571893-groupManagement] INFO  server.RaftServerConfigKeys (ConfUtils.java:logGet(46)) - raft.server.log.corruption.policy = EXCEPTION (default)
2023-10-17 18:44:51,476 [a09c5a64-4ee1-447f-bdad-955dc0571893-groupManagement] INFO  server.RaftServerConfigKeys (ConfUtils.java:logGet(46)) - raft.server.storage.free-space.min = 0MB (=0) (default)
2023-10-17 18:44:51,476 [a09c5a64-4ee1-447f-bdad-955dc0571893-groupManagement] INFO  server.RaftServerConfigKeys (ConfUtils.java:logGet(46)) - raft.server.notification.no-leader.timeout = 300s (custom)
2023-10-17 18:44:51,476 [a09c5a64-4ee1-447f-bdad-955dc0571893-groupManagement] INFO  server.RaftServerConfigKeys (ConfUtils.java:logGet(46)) - raft.server.read.timeout = 10s (default)
2023-10-17 18:44:51,476 [a09c5a64-4ee1-447f-bdad-955dc0571893-groupManagement] INFO  server.RaftServerConfigKeys (ConfUtils.java:logGet(46)) - raft.server.retrycache.expirytime = 600000ms (custom)
2023-10-17 18:44:51,476 [a09c5a64-4ee1-447f-bdad-955dc0571893-groupManagement] INFO  server.RaftServerConfigKeys (ConfUtils.java:logGet(46)) - raft.server.retrycache.statistics.expirytime = 100μs (default)
2023-10-17 18:44:51,476 [a09c5a64-4ee1-447f-bdad-955dc0571893-groupManagement] INFO  server.RaftServerConfigKeys (ConfUtils.java:logGet(46)) - raft.server.read.option = DEFAULT (default)
2023-10-17 18:44:51,477 [a09c5a64-4ee1-447f-bdad-955dc0571893-groupManagement] INFO  server.RaftServerConfigKeys (ConfUtils.java:logGet(46)) - raft.server.rpc.request.timeout = 60s (custom)
2023-10-17 18:44:51,477 [a09c5a64-4ee1-447f-bdad-955dc0571893-groupManagement] INFO  server.RaftServerConfigKeys (ConfUtils.java:logGet(46)) - raft.server.log.appender.install.snapshot.enabled = false (custom)
2023-10-17 18:44:51,477 [a09c5a64-4ee1-447f-bdad-955dc0571893-groupManagement] INFO  server.RaftServerConfigKeys (ConfUtils.java:logGet(46)) - raft.server.threadpool.server.cached = true (default)
2023-10-17 18:44:51,477 [a09c5a64-4ee1-447f-bdad-955dc0571893-groupManagement] INFO  server.RaftServerConfigKeys (ConfUtils.java:logGet(46)) - raft.server.threadpool.server.size = 0 (default)
2023-10-17 18:44:51,477 [a09c5a64-4ee1-447f-bdad-955dc0571893-groupManagement] INFO  server.RaftServerConfigKeys (ConfUtils.java:logGet(46)) - raft.server.threadpool.client.cached = true (default)
2023-10-17 18:44:51,477 [a09c5a64-4ee1-447f-bdad-955dc0571893-groupManagement] INFO  server.RaftServerConfigKeys (ConfUtils.java:logGet(46)) - raft.server.threadpool.client.size = 0 (default)
2023-10-17 18:44:51,477 [a09c5a64-4ee1-447f-bdad-955dc0571893-groupManagement] INFO  storage.RaftStorageDirectory (RaftStorageDirectoryImpl.java:analyzeStorage(137)) - The storage directory /home/runner/work/ozone/ozone/hadoop-ozone/integration-test/target/test-dir/MiniOzoneClusterImpl-d744795c-134c-47f3-98d5-5c735d9275da/datanode-1/data/ratis/37bcaca1-812d-40bb-a910-8a1ac0108d31 does not exist. Creating ...
2023-10-17 18:44:51,478 [PipelineCommandHandlerThread-0] INFO  server.RaftServer (RaftServerProxy.java:addNew(98)) - a09c5a64-4ee1-447f-bdad-955dc0571893: addNew group-9C4CB96F1DD3:[a09c5a64-4ee1-447f-bdad-955dc0571893|rpc:10.1.0.25:15162|admin:10.1.0.25:15161|client:10.1.0.25:15160|dataStream:10.1.0.25:15163|priority:1|startupRole:FOLLOWER] returns group-9C4CB96F1DD3:java.util.concurrent.CompletableFuture@5fe1d2c[Not completed]
2023-10-17 18:44:51,478 [a09c5a64-4ee1-447f-bdad-955dc0571893-groupManagement] INFO  storage.RaftStorageDirectory (RaftStorageDirectoryImpl.java:tryLock(231)) - Lock on /home/runner/work/ozone/ozone/hadoop-ozone/integration-test/target/test-dir/MiniOzoneClusterImpl-d744795c-134c-47f3-98d5-5c735d9275da/datanode-1/data/ratis/37bcaca1-812d-40bb-a910-8a1ac0108d31/in_use.lock acquired by nodename 31914@fv-az189-115
2023-10-17 18:44:51,479 [a09c5a64-4ee1-447f-bdad-955dc0571893-groupManagement] INFO  storage.RaftStorage (RaftStorageImpl.java:format(96)) - Storage directory /home/runner/work/ozone/ozone/hadoop-ozone/integration-test/target/test-dir/MiniOzoneClusterImpl-d744795c-134c-47f3-98d5-5c735d9275da/datanode-1/data/ratis/37bcaca1-812d-40bb-a910-8a1ac0108d31 has been successfully formatted.
2023-10-17 18:44:51,480 [a09c5a64-4ee1-447f-bdad-955dc0571893-groupManagement] INFO  ratis.ContainerStateMachine (ContainerStateMachine.java:loadSnapshot(262)) - group-8A1AC0108D31: The snapshot info is null. Setting the last applied indexto:(t:0, i:~)
2023-10-17 18:44:51,480 [a09c5a64-4ee1-447f-bdad-955dc0571893-groupManagement] INFO  server.RaftServerConfigKeys (ConfUtils.java:logGet(46)) - raft.server.log.use.memory = false (default)
2023-10-17 18:44:51,480 [a09c5a64-4ee1-447f-bdad-955dc0571893-groupManagement] INFO  server.RaftServerConfigKeys (ConfUtils.java:logGet(46)) - raft.server.log.purge.gap = 1000000 (custom)
2023-10-17 18:44:51,480 [a09c5a64-4ee1-447f-bdad-955dc0571893-groupManagement] INFO  server.RaftServerConfigKeys (ConfUtils.java:logGet(46)) - raft.server.log.appender.buffer.byte-limit = 33554432 (custom)
2023-10-17 18:44:51,480 [a09c5a64-4ee1-447f-bdad-955dc0571893-groupManagement] INFO  server.RaftServerConfigKeys (ConfUtils.java:logGet(46)) - raft.server.log.statemachine.data.read.timeout = 1000ms (default)
2023-10-17 18:44:51,481 [a09c5a64-4ee1-447f-bdad-955dc0571893-groupManagement] INFO  server.RaftServerConfigKeys (ConfUtils.java:logGet(46)) - raft.server.log.purge.preservation.log.num = 0 (default)
2023-10-17 18:44:51,481 [a09c5a64-4ee1-447f-bdad-955dc0571893-groupManagement] INFO  server.RaftServerConfigKeys (ConfUtils.java:logGet(46)) - raft.server.log.segment.size.max = 1048576 (custom)
2023-10-17 18:44:51,481 [a09c5a64-4ee1-447f-bdad-955dc0571893-groupManagement] INFO  server.RaftServerConfigKeys (ConfUtils.java:logGet(46)) - raft.server.log.segment.cache.num.max = 2 (custom)
2023-10-17 18:44:51,481 [a09c5a64-4ee1-447f-bdad-955dc0571893-groupManagement] INFO  server.RaftServerConfigKeys (ConfUtils.java:logGet(46)) - raft.server.log.segment.cache.size.max = 200MB (=209715200) (default)
2023-10-17 18:44:51,481 [a09c5a64-4ee1-447f-bdad-955dc0571893-groupManagement] INFO  server.RaftServerConfigKeys (ConfUtils.java:logGet(46)) - raft.server.log.appender.buffer.byte-limit = 33554432 (custom)
2023-10-17 18:44:51,481 [a09c5a64-4ee1-447f-bdad-955dc0571893-groupManagement] INFO  segmented.SegmentedRaftLogWorker (SegmentedRaftLogWorker.java:<init>(188)) - new a09c5a64-4ee1-447f-bdad-955dc0571893@group-8A1AC0108D31-SegmentedRaftLogWorker for RaftStorageImpl:Storage Directory /home/runner/work/ozone/ozone/hadoop-ozone/integration-test/target/test-dir/MiniOzoneClusterImpl-d744795c-134c-47f3-98d5-5c735d9275da/datanode-1/data/ratis/37bcaca1-812d-40bb-a910-8a1ac0108d31
2023-10-17 18:44:51,481 [a09c5a64-4ee1-447f-bdad-955dc0571893-groupManagement] INFO  server.RaftServerConfigKeys (ConfUtils.java:logGet(46)) - raft.server.log.queue.byte-limit = 4294967296 (custom)
2023-10-17 18:44:51,481 [a09c5a64-4ee1-447f-bdad-955dc0571893-groupManagement] INFO  server.RaftServerConfigKeys (ConfUtils.java:logGet(46)) - raft.server.log.queue.element-limit = 1024 (custom)
2023-10-17 18:44:51,481 [a09c5a64-4ee1-447f-bdad-955dc0571893-groupManagement] INFO  server.RaftServerConfigKeys (ConfUtils.java:logGet(46)) - raft.server.log.segment.size.max = 1048576 (custom)
2023-10-17 18:44:51,481 [a09c5a64-4ee1-447f-bdad-955dc0571893-groupManagement] INFO  server.RaftServerConfigKeys (ConfUtils.java:logGet(46)) - raft.server.log.preallocated.size = 16384 (custom)
2023-10-17 18:44:51,481 [a09c5a64-4ee1-447f-bdad-955dc0571893-groupManagement] INFO  server.RaftServerConfigKeys (ConfUtils.java:logGet(46)) - raft.server.log.force.sync.num = 128 (default)
2023-10-17 18:44:51,481 [a09c5a64-4ee1-447f-bdad-955dc0571893-groupManagement] INFO  server.RaftServerConfigKeys (ConfUtils.java:logGet(46)) - raft.server.log.statemachine.data.sync = true (default)
2023-10-17 18:44:51,481 [a09c5a64-4ee1-447f-bdad-955dc0571893-groupManagement] INFO  server.RaftServerConfigKeys (ConfUtils.java:logGet(46)) - raft.server.log.statemachine.data.sync.timeout = 10s (default)
2023-10-17 18:44:51,481 [a09c5a64-4ee1-447f-bdad-955dc0571893-groupManagement] INFO  server.RaftServerConfigKeys (ConfUtils.java:logGet(46)) - raft.server.log.statemachine.data.sync.timeout.retry = -1 (default)
2023-10-17 18:44:51,482 [a09c5a64-4ee1-447f-bdad-955dc0571893-groupManagement] INFO  server.RaftServerConfigKeys (ConfUtils.java:logGet(46)) - raft.server.log.write.buffer.size = 1048576 (custom)
2023-10-17 18:44:51,482 [EventQueue-PipelineReportForPipelineReportHandler] INFO  pipeline.PipelineReportHandler (PipelineReportHandler.java:processPipelineReport(136)) - Opened pipeline PipelineID=6f4c846c-1fa1-4a6a-b536-9c4cb96f1dd3
2023-10-17 18:44:51,482 [EventQueue-OpenPipelineForHealthyPipelineSafeModeRule] INFO  safemode.SCMSafeModeManager (HealthyPipelineSafeModeRule.java:process(137)) - SCM in safe mode. Healthy pipelines reported count is 0, required healthy pipeline reported count is 1
2023-10-17 18:44:51,483 [a09c5a64-4ee1-447f-bdad-955dc0571893-groupManagement] INFO  server.RaftServerConfigKeys (ConfUtils.java:logGet(46)) - raft.server.log.appender.buffer.byte-limit = 33554432 (custom)
2023-10-17 18:44:51,489 [a09c5a64-4ee1-447f-bdad-955dc0571893-groupManagement] INFO  server.RaftServerConfigKeys (ConfUtils.java:logGet(46)) - raft.server.log.unsafe-flush.enabled = false (default)
2023-10-17 18:44:51,489 [a09c5a64-4ee1-447f-bdad-955dc0571893-groupManagement] INFO  server.RaftServerConfigKeys (ConfUtils.java:logGet(46)) - raft.server.log.async-flush.enabled = false (default)
2023-10-17 18:44:51,489 [a09c5a64-4ee1-447f-bdad-955dc0571893-groupManagement] INFO  server.RaftServerConfigKeys (ConfUtils.java:logGet(46)) - raft.server.log.statemachine.data.caching.enabled = true (custom)
2023-10-17 18:44:51,489 [a09c5a64-4ee1-447f-bdad-955dc0571893-groupManagement] INFO  segmented.SegmentedRaftLogWorker (SegmentedRaftLogWorker.java:lambda$new$0(135)) - a09c5a64-4ee1-447f-bdad-955dc0571893@group-8A1AC0108D31-SegmentedRaftLogWorker: flushIndex: setUnconditionally 0 -> -1
2023-10-17 18:44:51,489 [a09c5a64-4ee1-447f-bdad-955dc0571893-groupManagement] INFO  segmented.SegmentedRaftLogWorker (SegmentedRaftLogWorker.java:lambda$new$0(135)) - a09c5a64-4ee1-447f-bdad-955dc0571893@group-8A1AC0108D31-SegmentedRaftLogWorker: safeCacheEvictIndex: setUnconditionally 0 -> -1
2023-10-17 18:44:51,489 [a09c5a64-4ee1-447f-bdad-955dc0571893-groupManagement] INFO  server.RaftServer$Division (RaftServerImpl.java:start(342)) - a09c5a64-4ee1-447f-bdad-955dc0571893@group-8A1AC0108D31: start as a follower, conf=-1: peers:[6bf4bd27-d28f-421a-802a-00940bdb9945|rpc:10.1.0.25:15171|admin:10.1.0.25:15170|client:10.1.0.25:15169|dataStream:10.1.0.25:15172|priority:0|startupRole:FOLLOWER, a09c5a64-4ee1-447f-bdad-955dc0571893|rpc:10.1.0.25:15162|admin:10.1.0.25:15161|client:10.1.0.25:15160|dataStream:10.1.0.25:15163|priority:1|startupRole:FOLLOWER, 03ee06a5-cfcc-4ac1-a3c7-afad1436935a|rpc:10.1.0.25:15153|admin:10.1.0.25:15152|client:10.1.0.25:15151|dataStream:10.1.0.25:15154|priority:0|startupRole:FOLLOWER]|listeners:[], old=null
2023-10-17 18:44:51,489 [a09c5a64-4ee1-447f-bdad-955dc0571893-groupManagement] INFO  server.RaftServer$Division (RaftServerImpl.java:setRole(329)) - a09c5a64-4ee1-447f-bdad-955dc0571893@group-8A1AC0108D31: changes role from      null to FOLLOWER at term 0 for startAsFollower
2023-10-17 18:44:51,489 [a09c5a64-4ee1-447f-bdad-955dc0571893-groupManagement] INFO  impl.RoleInfo (RoleInfo.java:updateAndGet(139)) - a09c5a64-4ee1-447f-bdad-955dc0571893: start a09c5a64-4ee1-447f-bdad-955dc0571893@group-8A1AC0108D31-FollowerState
2023-10-17 18:44:51,490 [a09c5a64-4ee1-447f-bdad-955dc0571893-groupManagement] INFO  util.JmxRegister (JmxRegister.java:tryRegister(44)) - Successfully registered JMX Bean with object name Ratis:service=RaftServer,group=group-8A1AC0108D31,id=a09c5a64-4ee1-447f-bdad-955dc0571893
2023-10-17 18:44:51,490 [a09c5a64-4ee1-447f-bdad-955dc0571893-groupManagement] INFO  server.RaftServerConfigKeys (ConfUtils.java:logGet(46)) - raft.server.snapshot.auto.trigger.enabled = true (custom)
2023-10-17 18:44:51,490 [a09c5a64-4ee1-447f-bdad-955dc0571893-groupManagement] INFO  server.RaftServerConfigKeys (ConfUtils.java:logGet(46)) - raft.server.snapshot.auto.trigger.threshold = 10000 (custom)
2023-10-17 18:44:51,490 [a09c5a64-4ee1-447f-bdad-955dc0571893-groupManagement] INFO  server.RaftServerConfigKeys (ConfUtils.java:logGet(46)) - raft.server.snapshot.retention.file.num = 5 (custom)
2023-10-17 18:44:51,490 [a09c5a64-4ee1-447f-bdad-955dc0571893-groupManagement] INFO  server.RaftServerConfigKeys (ConfUtils.java:logGet(46)) - raft.server.log.purge.upto.snapshot.index = false (default)
2023-10-17 18:44:51,490 [a09c5a64-4ee1-447f-bdad-955dc0571893@group-8A1AC0108D31-FollowerState] INFO  server.RaftServerConfigKeys (ConfUtils.java:logFallback(53)) - raft.server.rpc.first-election.timeout.min = 5s (fallback to raft.server.rpc.timeout.min)
2023-10-17 18:44:51,491 [a09c5a64-4ee1-447f-bdad-955dc0571893@group-8A1AC0108D31-FollowerState] INFO  server.RaftServerConfigKeys (ConfUtils.java:logFallback(53)) - raft.server.rpc.first-election.timeout.max = 5200ms (fallback to raft.server.rpc.timeout.max)
2023-10-17 18:44:51,492 [a09c5a64-4ee1-447f-bdad-955dc0571893-groupManagement] INFO  server.RaftServer$Division (RaftServerImpl.java:<init>(198)) - a09c5a64-4ee1-447f-bdad-955dc0571893: new RaftServerImpl for group-9C4CB96F1DD3:[a09c5a64-4ee1-447f-bdad-955dc0571893|rpc:10.1.0.25:15162|admin:10.1.0.25:15161|client:10.1.0.25:15160|dataStream:10.1.0.25:15163|priority:1|startupRole:FOLLOWER] with ContainerStateMachine:uninitialized
2023-10-17 18:44:51,492 [a09c5a64-4ee1-447f-bdad-955dc0571893-groupManagement] INFO  server.RaftServerConfigKeys (ConfUtils.java:logGet(46)) - raft.server.rpc.timeout.min = 5s (custom)
2023-10-17 18:44:51,492 [a09c5a64-4ee1-447f-bdad-955dc0571893-groupManagement] INFO  server.RaftServerConfigKeys (ConfUtils.java:logGet(46)) - raft.server.rpc.timeout.max = 5200ms (custom)
2023-10-17 18:44:51,492 [a09c5a64-4ee1-447f-bdad-955dc0571893-groupManagement] INFO  server.RaftServerConfigKeys (ConfUtils.java:logGet(46)) - raft.server.rpc.sleep.time = 25ms (default)
2023-10-17 18:44:51,492 [a09c5a64-4ee1-447f-bdad-955dc0571893-groupManagement] INFO  server.RaftServerConfigKeys (ConfUtils.java:logGet(46)) - raft.server.rpc.slowness.timeout = 300s (custom)
2023-10-17 18:44:51,492 [a09c5a64-4ee1-447f-bdad-955dc0571893-groupManagement] INFO  server.RaftServerConfigKeys (ConfUtils.java:logGet(46)) - raft.server.leaderelection.leader.step-down.wait-time = 10s (default)
2023-10-17 18:44:51,492 [a09c5a64-4ee1-447f-bdad-955dc0571893-groupManagement] INFO  server.RaftServerConfigKeys (ConfUtils.java:logGet(46)) - raft.server.sleep.deviation.threshold = 300ms (default)
2023-10-17 18:44:51,492 [a09c5a64-4ee1-447f-bdad-955dc0571893-groupManagement] INFO  server.RaftServer$Division (ServerState.java:<init>(120)) - a09c5a64-4ee1-447f-bdad-955dc0571893@group-9C4CB96F1DD3: ConfigurationManager, init=-1: peers:[a09c5a64-4ee1-447f-bdad-955dc0571893|rpc:10.1.0.25:15162|admin:10.1.0.25:15161|client:10.1.0.25:15160|dataStream:10.1.0.25:15163|priority:1|startupRole:FOLLOWER]|listeners:[], old=null, confs=<EMPTY_MAP>
2023-10-17 18:44:51,492 [a09c5a64-4ee1-447f-bdad-955dc0571893-groupManagement] INFO  server.RaftServerConfigKeys (ConfUtils.java:logGet(46)) - raft.server.storage.dir = [/home/runner/work/ozone/ozone/hadoop-ozone/integration-test/target/test-dir/MiniOzoneClusterImpl-d744795c-134c-47f3-98d5-5c735d9275da/datanode-1/data/ratis] (custom)
2023-10-17 18:44:51,492 [a09c5a64-4ee1-447f-bdad-955dc0571893-groupManagement] INFO  server.RaftServerConfigKeys (ConfUtils.java:logGet(46)) - raft.server.log.corruption.policy = EXCEPTION (default)
2023-10-17 18:44:51,492 [a09c5a64-4ee1-447f-bdad-955dc0571893-groupManagement] INFO  server.RaftServerConfigKeys (ConfUtils.java:logGet(46)) - raft.server.storage.free-space.min = 0MB (=0) (default)
2023-10-17 18:44:51,492 [a09c5a64-4ee1-447f-bdad-955dc0571893-groupManagement] INFO  server.RaftServerConfigKeys (ConfUtils.java:logGet(46)) - raft.server.notification.no-leader.timeout = 300s (custom)
2023-10-17 18:44:51,492 [a09c5a64-4ee1-447f-bdad-955dc0571893-groupManagement] INFO  server.RaftServerConfigKeys (ConfUtils.java:logGet(46)) - raft.server.read.timeout = 10s (default)
2023-10-17 18:44:51,492 [a09c5a64-4ee1-447f-bdad-955dc0571893-groupManagement] INFO  server.RaftServerConfigKeys (ConfUtils.java:logGet(46)) - raft.server.retrycache.expirytime = 600000ms (custom)
2023-10-17 18:44:51,492 [a09c5a64-4ee1-447f-bdad-955dc0571893-groupManagement] INFO  server.RaftServerConfigKeys (ConfUtils.java:logGet(46)) - raft.server.retrycache.statistics.expirytime = 100μs (default)
2023-10-17 18:44:51,492 [a09c5a64-4ee1-447f-bdad-955dc0571893-groupManagement] INFO  server.RaftServerConfigKeys (ConfUtils.java:logGet(46)) - raft.server.read.option = DEFAULT (default)
2023-10-17 18:44:51,493 [a09c5a64-4ee1-447f-bdad-955dc0571893-groupManagement] INFO  server.RaftServerConfigKeys (ConfUtils.java:logGet(46)) - raft.server.rpc.request.timeout = 60s (custom)
2023-10-17 18:44:51,493 [a09c5a64-4ee1-447f-bdad-955dc0571893-groupManagement] INFO  server.RaftServerConfigKeys (ConfUtils.java:logGet(46)) - raft.server.log.appender.install.snapshot.enabled = false (custom)
2023-10-17 18:44:51,493 [a09c5a64-4ee1-447f-bdad-955dc0571893-groupManagement] INFO  server.RaftServerConfigKeys (ConfUtils.java:logGet(46)) - raft.server.threadpool.server.cached = true (default)
2023-10-17 18:44:51,493 [a09c5a64-4ee1-447f-bdad-955dc0571893-groupManagement] INFO  server.RaftServerConfigKeys (ConfUtils.java:logGet(46)) - raft.server.threadpool.server.size = 0 (default)
2023-10-17 18:44:51,493 [a09c5a64-4ee1-447f-bdad-955dc0571893-groupManagement] INFO  server.RaftServerConfigKeys (ConfUtils.java:logGet(46)) - raft.server.threadpool.client.cached = true (default)
2023-10-17 18:44:51,493 [a09c5a64-4ee1-447f-bdad-955dc0571893-groupManagement] INFO  server.RaftServerConfigKeys (ConfUtils.java:logGet(46)) - raft.server.threadpool.client.size = 0 (default)
2023-10-17 18:44:51,493 [a09c5a64-4ee1-447f-bdad-955dc0571893-groupManagement] INFO  storage.RaftStorageDirectory (RaftStorageDirectoryImpl.java:analyzeStorage(137)) - The storage directory /home/runner/work/ozone/ozone/hadoop-ozone/integration-test/target/test-dir/MiniOzoneClusterImpl-d744795c-134c-47f3-98d5-5c735d9275da/datanode-1/data/ratis/6f4c846c-1fa1-4a6a-b536-9c4cb96f1dd3 does not exist. Creating ...
2023-10-17 18:44:51,494 [a09c5a64-4ee1-447f-bdad-955dc0571893-groupManagement] INFO  storage.RaftStorageDirectory (RaftStorageDirectoryImpl.java:tryLock(231)) - Lock on /home/runner/work/ozone/ozone/hadoop-ozone/integration-test/target/test-dir/MiniOzoneClusterImpl-d744795c-134c-47f3-98d5-5c735d9275da/datanode-1/data/ratis/6f4c846c-1fa1-4a6a-b536-9c4cb96f1dd3/in_use.lock acquired by nodename 31914@fv-az189-115
2023-10-17 18:44:51,495 [a09c5a64-4ee1-447f-bdad-955dc0571893-groupManagement] INFO  storage.RaftStorage (RaftStorageImpl.java:format(96)) - Storage directory /home/runner/work/ozone/ozone/hadoop-ozone/integration-test/target/test-dir/MiniOzoneClusterImpl-d744795c-134c-47f3-98d5-5c735d9275da/datanode-1/data/ratis/6f4c846c-1fa1-4a6a-b536-9c4cb96f1dd3 has been successfully formatted.
2023-10-17 18:44:51,496 [a09c5a64-4ee1-447f-bdad-955dc0571893-groupManagement] INFO  ratis.ContainerStateMachine (ContainerStateMachine.java:loadSnapshot(262)) - group-9C4CB96F1DD3: The snapshot info is null. Setting the last applied indexto:(t:0, i:~)
2023-10-17 18:44:51,496 [a09c5a64-4ee1-447f-bdad-955dc0571893-groupManagement] INFO  server.RaftServerConfigKeys (ConfUtils.java:logGet(46)) - raft.server.log.use.memory = false (default)
2023-10-17 18:44:51,496 [a09c5a64-4ee1-447f-bdad-955dc0571893-groupManagement] INFO  server.RaftServerConfigKeys (ConfUtils.java:logGet(46)) - raft.server.log.purge.gap = 1000000 (custom)
2023-10-17 18:44:51,496 [a09c5a64-4ee1-447f-bdad-955dc0571893-groupManagement] INFO  server.RaftServerConfigKeys (ConfUtils.java:logGet(46)) - raft.server.log.appender.buffer.byte-limit = 33554432 (custom)
2023-10-17 18:44:51,496 [a09c5a64-4ee1-447f-bdad-955dc0571893-groupManagement] INFO  server.RaftServerConfigKeys (ConfUtils.java:logGet(46)) - raft.server.log.statemachine.data.read.timeout = 1000ms (default)
2023-10-17 18:44:51,496 [a09c5a64-4ee1-447f-bdad-955dc0571893-groupManagement] INFO  server.RaftServerConfigKeys (ConfUtils.java:logGet(46)) - raft.server.log.purge.preservation.log.num = 0 (default)
2023-10-17 18:44:51,496 [a09c5a64-4ee1-447f-bdad-955dc0571893-groupManagement] INFO  server.RaftServerConfigKeys (ConfUtils.java:logGet(46)) - raft.server.log.segment.size.max = 1048576 (custom)
2023-10-17 18:44:51,496 [a09c5a64-4ee1-447f-bdad-955dc0571893-groupManagement] INFO  server.RaftServerConfigKeys (ConfUtils.java:logGet(46)) - raft.server.log.segment.cache.num.max = 2 (custom)
2023-10-17 18:44:51,496 [a09c5a64-4ee1-447f-bdad-955dc0571893-groupManagement] INFO  server.RaftServerConfigKeys (ConfUtils.java:logGet(46)) - raft.server.log.segment.cache.size.max = 200MB (=209715200) (default)
2023-10-17 18:44:51,496 [a09c5a64-4ee1-447f-bdad-955dc0571893-groupManagement] INFO  server.RaftServerConfigKeys (ConfUtils.java:logGet(46)) - raft.server.log.appender.buffer.byte-limit = 33554432 (custom)
2023-10-17 18:44:51,496 [a09c5a64-4ee1-447f-bdad-955dc0571893-groupManagement] INFO  segmented.SegmentedRaftLogWorker (SegmentedRaftLogWorker.java:<init>(188)) - new a09c5a64-4ee1-447f-bdad-955dc0571893@group-9C4CB96F1DD3-SegmentedRaftLogWorker for RaftStorageImpl:Storage Directory /home/runner/work/ozone/ozone/hadoop-ozone/integration-test/target/test-dir/MiniOzoneClusterImpl-d744795c-134c-47f3-98d5-5c735d9275da/datanode-1/data/ratis/6f4c846c-1fa1-4a6a-b536-9c4cb96f1dd3
2023-10-17 18:44:51,496 [a09c5a64-4ee1-447f-bdad-955dc0571893-groupManagement] INFO  server.RaftServerConfigKeys (ConfUtils.java:logGet(46)) - raft.server.log.queue.byte-limit = 4294967296 (custom)
2023-10-17 18:44:51,496 [a09c5a64-4ee1-447f-bdad-955dc0571893-groupManagement] INFO  server.RaftServerConfigKeys (ConfUtils.java:logGet(46)) - raft.server.log.queue.element-limit = 1024 (custom)
2023-10-17 18:44:51,496 [a09c5a64-4ee1-447f-bdad-955dc0571893-groupManagement] INFO  server.RaftServerConfigKeys (ConfUtils.java:logGet(46)) - raft.server.log.segment.size.max = 1048576 (custom)
2023-10-17 18:44:51,496 [a09c5a64-4ee1-447f-bdad-955dc0571893-groupManagement] INFO  server.RaftServerConfigKeys (ConfUtils.java:logGet(46)) - raft.server.log.preallocated.size = 16384 (custom)
2023-10-17 18:44:51,496 [a09c5a64-4ee1-447f-bdad-955dc0571893-groupManagement] INFO  server.RaftServerConfigKeys (ConfUtils.java:logGet(46)) - raft.server.log.force.sync.num = 128 (default)
2023-10-17 18:44:51,496 [a09c5a64-4ee1-447f-bdad-955dc0571893-groupManagement] INFO  server.RaftServerConfigKeys (ConfUtils.java:logGet(46)) - raft.server.log.statemachine.data.sync = true (default)
2023-10-17 18:44:51,497 [a09c5a64-4ee1-447f-bdad-955dc0571893-groupManagement] INFO  server.RaftServerConfigKeys (ConfUtils.java:logGet(46)) - raft.server.log.statemachine.data.sync.timeout = 10s (default)
2023-10-17 18:44:51,497 [a09c5a64-4ee1-447f-bdad-955dc0571893-groupManagement] INFO  server.RaftServerConfigKeys (ConfUtils.java:logGet(46)) - raft.server.log.statemachine.data.sync.timeout.retry = -1 (default)
2023-10-17 18:44:51,499 [a09c5a64-4ee1-447f-bdad-955dc0571893-groupManagement] INFO  server.RaftServerConfigKeys (ConfUtils.java:logGet(46)) - raft.server.log.write.buffer.size = 1048576 (custom)
2023-10-17 18:44:51,500 [EventQueue-OpenPipelineForHealthyPipelineSafeModeRule] INFO  safemode.SCMSafeModeManager (HealthyPipelineSafeModeRule.java:process(137)) - SCM in safe mode. Healthy pipelines reported count is 0, required healthy pipeline reported count is 1
2023-10-17 18:44:51,503 [a09c5a64-4ee1-447f-bdad-955dc0571893-groupManagement] INFO  server.RaftServerConfigKeys (ConfUtils.java:logGet(46)) - raft.server.log.appender.buffer.byte-limit = 33554432 (custom)
2023-10-17 18:44:51,508 [a09c5a64-4ee1-447f-bdad-955dc0571893-groupManagement] INFO  server.RaftServerConfigKeys (ConfUtils.java:logGet(46)) - raft.server.log.unsafe-flush.enabled = false (default)
2023-10-17 18:44:51,508 [a09c5a64-4ee1-447f-bdad-955dc0571893-groupManagement] INFO  server.RaftServerConfigKeys (ConfUtils.java:logGet(46)) - raft.server.log.async-flush.enabled = false (default)
2023-10-17 18:44:51,508 [a09c5a64-4ee1-447f-bdad-955dc0571893-groupManagement] INFO  server.RaftServerConfigKeys (ConfUtils.java:logGet(46)) - raft.server.log.statemachine.data.caching.enabled = true (custom)
2023-10-17 18:44:51,508 [a09c5a64-4ee1-447f-bdad-955dc0571893-groupManagement] INFO  segmented.SegmentedRaftLogWorker (SegmentedRaftLogWorker.java:lambda$new$0(135)) - a09c5a64-4ee1-447f-bdad-955dc0571893@group-9C4CB96F1DD3-SegmentedRaftLogWorker: flushIndex: setUnconditionally 0 -> -1
2023-10-17 18:44:51,508 [a09c5a64-4ee1-447f-bdad-955dc0571893-groupManagement] INFO  segmented.SegmentedRaftLogWorker (SegmentedRaftLogWorker.java:lambda$new$0(135)) - a09c5a64-4ee1-447f-bdad-955dc0571893@group-9C4CB96F1DD3-SegmentedRaftLogWorker: safeCacheEvictIndex: setUnconditionally 0 -> -1
2023-10-17 18:44:51,508 [a09c5a64-4ee1-447f-bdad-955dc0571893-groupManagement] INFO  server.RaftServer$Division (RaftServerImpl.java:start(342)) - a09c5a64-4ee1-447f-bdad-955dc0571893@group-9C4CB96F1DD3: start as a follower, conf=-1: peers:[a09c5a64-4ee1-447f-bdad-955dc0571893|rpc:10.1.0.25:15162|admin:10.1.0.25:15161|client:10.1.0.25:15160|dataStream:10.1.0.25:15163|priority:1|startupRole:FOLLOWER]|listeners:[], old=null
2023-10-17 18:44:51,508 [a09c5a64-4ee1-447f-bdad-955dc0571893-groupManagement] INFO  server.RaftServer$Division (RaftServerImpl.java:setRole(329)) - a09c5a64-4ee1-447f-bdad-955dc0571893@group-9C4CB96F1DD3: changes role from      null to FOLLOWER at term 0 for startAsFollower
2023-10-17 18:44:51,513 [a09c5a64-4ee1-447f-bdad-955dc0571893-groupManagement] INFO  impl.RoleInfo (RoleInfo.java:updateAndGet(139)) - a09c5a64-4ee1-447f-bdad-955dc0571893: start a09c5a64-4ee1-447f-bdad-955dc0571893@group-9C4CB96F1DD3-FollowerState
2023-10-17 18:44:51,516 [a09c5a64-4ee1-447f-bdad-955dc0571893-groupManagement] INFO  util.JmxRegister (JmxRegister.java:tryRegister(44)) - Successfully registered JMX Bean with object name Ratis:service=RaftServer,group=group-9C4CB96F1DD3,id=a09c5a64-4ee1-447f-bdad-955dc0571893
2023-10-17 18:44:51,516 [a09c5a64-4ee1-447f-bdad-955dc0571893-groupManagement] INFO  server.RaftServerConfigKeys (ConfUtils.java:logGet(46)) - raft.server.snapshot.auto.trigger.enabled = true (custom)
2023-10-17 18:44:51,516 [a09c5a64-4ee1-447f-bdad-955dc0571893-groupManagement] INFO  server.RaftServerConfigKeys (ConfUtils.java:logGet(46)) - raft.server.snapshot.auto.trigger.threshold = 10000 (custom)
2023-10-17 18:44:51,516 [a09c5a64-4ee1-447f-bdad-955dc0571893-groupManagement] INFO  server.RaftServerConfigKeys (ConfUtils.java:logGet(46)) - raft.server.snapshot.retention.file.num = 5 (custom)
2023-10-17 18:44:51,516 [a09c5a64-4ee1-447f-bdad-955dc0571893-groupManagement] INFO  server.RaftServerConfigKeys (ConfUtils.java:logGet(46)) - raft.server.log.purge.upto.snapshot.index = false (default)
2023-10-17 18:44:51,516 [a09c5a64-4ee1-447f-bdad-955dc0571893@group-9C4CB96F1DD3-FollowerState] INFO  server.RaftServerConfigKeys (ConfUtils.java:logFallback(53)) - raft.server.rpc.first-election.timeout.min = 5s (fallback to raft.server.rpc.timeout.min)
2023-10-17 18:44:51,516 [a09c5a64-4ee1-447f-bdad-955dc0571893@group-9C4CB96F1DD3-FollowerState] INFO  server.RaftServerConfigKeys (ConfUtils.java:logFallback(53)) - raft.server.rpc.first-election.timeout.max = 5200ms (fallback to raft.server.rpc.timeout.max)
2023-10-17 18:44:51,519 [PipelineCommandHandlerThread-0] INFO  ratis.XceiverServerRatis (XceiverServerRatis.java:addGroup(804)) - Created group PipelineID=6f4c846c-1fa1-4a6a-b536-9c4cb96f1dd3
2023-10-17 18:44:51,519 [PipelineCommandHandlerThread-0] INFO  commandhandler.CreatePipelineCommandHandler (CreatePipelineCommandHandler.java:lambda$handle$2(124)) - Created Pipeline RATIS ONE PipelineID=6f4c846c-1fa1-4a6a-b536-9c4cb96f1dd3.
2023-10-17 18:44:51,532 [grpc-default-executor-0] INFO  server.RaftServer (RaftServerProxy.java:addNew(98)) - 6bf4bd27-d28f-421a-802a-00940bdb9945: addNew group-8A1AC0108D31:[6bf4bd27-d28f-421a-802a-00940bdb9945|rpc:10.1.0.25:15171|admin:10.1.0.25:15170|client:10.1.0.25:15169|dataStream:10.1.0.25:15172|priority:0|startupRole:FOLLOWER, a09c5a64-4ee1-447f-bdad-955dc0571893|rpc:10.1.0.25:15162|admin:10.1.0.25:15161|client:10.1.0.25:15160|dataStream:10.1.0.25:15163|priority:1|startupRole:FOLLOWER, 03ee06a5-cfcc-4ac1-a3c7-afad1436935a|rpc:10.1.0.25:15153|admin:10.1.0.25:15152|client:10.1.0.25:15151|dataStream:10.1.0.25:15154|priority:0|startupRole:FOLLOWER] returns group-8A1AC0108D31:java.util.concurrent.CompletableFuture@1da2cd4[Not completed]
2023-10-17 18:44:51,533 [6bf4bd27-d28f-421a-802a-00940bdb9945-groupManagement] INFO  server.RaftServer$Division (RaftServerImpl.java:<init>(198)) - 6bf4bd27-d28f-421a-802a-00940bdb9945: new RaftServerImpl for group-8A1AC0108D31:[6bf4bd27-d28f-421a-802a-00940bdb9945|rpc:10.1.0.25:15171|admin:10.1.0.25:15170|client:10.1.0.25:15169|dataStream:10.1.0.25:15172|priority:0|startupRole:FOLLOWER, a09c5a64-4ee1-447f-bdad-955dc0571893|rpc:10.1.0.25:15162|admin:10.1.0.25:15161|client:10.1.0.25:15160|dataStream:10.1.0.25:15163|priority:1|startupRole:FOLLOWER, 03ee06a5-cfcc-4ac1-a3c7-afad1436935a|rpc:10.1.0.25:15153|admin:10.1.0.25:15152|client:10.1.0.25:15151|dataStream:10.1.0.25:15154|priority:0|startupRole:FOLLOWER] with ContainerStateMachine:uninitialized
2023-10-17 18:44:51,533 [6bf4bd27-d28f-421a-802a-00940bdb9945-groupManagement] INFO  server.RaftServerConfigKeys (ConfUtils.java:logGet(46)) - raft.server.rpc.timeout.min = 5s (custom)
2023-10-17 18:44:51,533 [6bf4bd27-d28f-421a-802a-00940bdb9945-groupManagement] INFO  server.RaftServerConfigKeys (ConfUtils.java:logGet(46)) - raft.server.rpc.timeout.max = 5200ms (custom)
2023-10-17 18:44:51,533 [6bf4bd27-d28f-421a-802a-00940bdb9945-groupManagement] INFO  server.RaftServerConfigKeys (ConfUtils.java:logGet(46)) - raft.server.rpc.sleep.time = 25ms (default)
2023-10-17 18:44:51,533 [6bf4bd27-d28f-421a-802a-00940bdb9945-groupManagement] INFO  server.RaftServerConfigKeys (ConfUtils.java:logGet(46)) - raft.server.rpc.slowness.timeout = 300s (custom)
2023-10-17 18:44:51,534 [6bf4bd27-d28f-421a-802a-00940bdb9945-groupManagement] INFO  server.RaftServerConfigKeys (ConfUtils.java:logGet(46)) - raft.server.leaderelection.leader.step-down.wait-time = 10s (default)
2023-10-17 18:44:51,534 [6bf4bd27-d28f-421a-802a-00940bdb9945-groupManagement] INFO  server.RaftServerConfigKeys (ConfUtils.java:logGet(46)) - raft.server.sleep.deviation.threshold = 300ms (default)
2023-10-17 18:44:51,534 [6bf4bd27-d28f-421a-802a-00940bdb9945-groupManagement] INFO  server.RaftServer$Division (ServerState.java:<init>(120)) - 6bf4bd27-d28f-421a-802a-00940bdb9945@group-8A1AC0108D31: ConfigurationManager, init=-1: peers:[6bf4bd27-d28f-421a-802a-00940bdb9945|rpc:10.1.0.25:15171|admin:10.1.0.25:15170|client:10.1.0.25:15169|dataStream:10.1.0.25:15172|priority:0|startupRole:FOLLOWER, a09c5a64-4ee1-447f-bdad-955dc0571893|rpc:10.1.0.25:15162|admin:10.1.0.25:15161|client:10.1.0.25:15160|dataStream:10.1.0.25:15163|priority:1|startupRole:FOLLOWER, 03ee06a5-cfcc-4ac1-a3c7-afad1436935a|rpc:10.1.0.25:15153|admin:10.1.0.25:15152|client:10.1.0.25:15151|dataStream:10.1.0.25:15154|priority:0|startupRole:FOLLOWER]|listeners:[], old=null, confs=<EMPTY_MAP>
2023-10-17 18:44:51,534 [6bf4bd27-d28f-421a-802a-00940bdb9945-groupManagement] INFO  server.RaftServerConfigKeys (ConfUtils.java:logGet(46)) - raft.server.storage.dir = [/home/runner/work/ozone/ozone/hadoop-ozone/integration-test/target/test-dir/MiniOzoneClusterImpl-d744795c-134c-47f3-98d5-5c735d9275da/datanode-2/data/ratis] (custom)
2023-10-17 18:44:51,534 [6bf4bd27-d28f-421a-802a-00940bdb9945-groupManagement] INFO  server.RaftServerConfigKeys (ConfUtils.java:logGet(46)) - raft.server.log.corruption.policy = EXCEPTION (default)
2023-10-17 18:44:51,534 [6bf4bd27-d28f-421a-802a-00940bdb9945-groupManagement] INFO  server.RaftServerConfigKeys (ConfUtils.java:logGet(46)) - raft.server.storage.free-space.min = 0MB (=0) (default)
2023-10-17 18:44:51,534 [6bf4bd27-d28f-421a-802a-00940bdb9945-groupManagement] INFO  server.RaftServerConfigKeys (ConfUtils.java:logGet(46)) - raft.server.notification.no-leader.timeout = 300s (custom)
2023-10-17 18:44:51,534 [6bf4bd27-d28f-421a-802a-00940bdb9945-groupManagement] INFO  server.RaftServerConfigKeys (ConfUtils.java:logGet(46)) - raft.server.read.timeout = 10s (default)
2023-10-17 18:44:51,534 [6bf4bd27-d28f-421a-802a-00940bdb9945-groupManagement] INFO  server.RaftServerConfigKeys (ConfUtils.java:logGet(46)) - raft.server.retrycache.expirytime = 600000ms (custom)
2023-10-17 18:44:51,534 [6bf4bd27-d28f-421a-802a-00940bdb9945-groupManagement] INFO  server.RaftServerConfigKeys (ConfUtils.java:logGet(46)) - raft.server.retrycache.statistics.expirytime = 100μs (default)
2023-10-17 18:44:51,534 [6bf4bd27-d28f-421a-802a-00940bdb9945-groupManagement] INFO  server.RaftServerConfigKeys (ConfUtils.java:logGet(46)) - raft.server.read.option = DEFAULT (default)
2023-10-17 18:44:51,535 [6bf4bd27-d28f-421a-802a-00940bdb9945-groupManagement] INFO  server.RaftServerConfigKeys (ConfUtils.java:logGet(46)) - raft.server.rpc.request.timeout = 60s (custom)
2023-10-17 18:44:51,535 [6bf4bd27-d28f-421a-802a-00940bdb9945-groupManagement] INFO  server.RaftServerConfigKeys (ConfUtils.java:logGet(46)) - raft.server.log.appender.install.snapshot.enabled = false (custom)
2023-10-17 18:44:51,535 [6bf4bd27-d28f-421a-802a-00940bdb9945-groupManagement] INFO  server.RaftServerConfigKeys (ConfUtils.java:logGet(46)) - raft.server.threadpool.server.cached = true (default)
2023-10-17 18:44:51,535 [6bf4bd27-d28f-421a-802a-00940bdb9945-groupManagement] INFO  server.RaftServerConfigKeys (ConfUtils.java:logGet(46)) - raft.server.threadpool.server.size = 0 (default)
2023-10-17 18:44:51,535 [6bf4bd27-d28f-421a-802a-00940bdb9945-groupManagement] INFO  server.RaftServerConfigKeys (ConfUtils.java:logGet(46)) - raft.server.threadpool.client.cached = true (default)
2023-10-17 18:44:51,535 [6bf4bd27-d28f-421a-802a-00940bdb9945-groupManagement] INFO  server.RaftServerConfigKeys (ConfUtils.java:logGet(46)) - raft.server.threadpool.client.size = 0 (default)
2023-10-17 18:44:51,535 [6bf4bd27-d28f-421a-802a-00940bdb9945-groupManagement] INFO  storage.RaftStorageDirectory (RaftStorageDirectoryImpl.java:analyzeStorage(137)) - The storage directory /home/runner/work/ozone/ozone/hadoop-ozone/integration-test/target/test-dir/MiniOzoneClusterImpl-d744795c-134c-47f3-98d5-5c735d9275da/datanode-2/data/ratis/37bcaca1-812d-40bb-a910-8a1ac0108d31 does not exist. Creating ...
2023-10-17 18:44:51,536 [6bf4bd27-d28f-421a-802a-00940bdb9945-groupManagement] INFO  storage.RaftStorageDirectory (RaftStorageDirectoryImpl.java:tryLock(231)) - Lock on /home/runner/work/ozone/ozone/hadoop-ozone/integration-test/target/test-dir/MiniOzoneClusterImpl-d744795c-134c-47f3-98d5-5c735d9275da/datanode-2/data/ratis/37bcaca1-812d-40bb-a910-8a1ac0108d31/in_use.lock acquired by nodename 31914@fv-az189-115
2023-10-17 18:44:51,537 [6bf4bd27-d28f-421a-802a-00940bdb9945-groupManagement] INFO  storage.RaftStorage (RaftStorageImpl.java:format(96)) - Storage directory /home/runner/work/ozone/ozone/hadoop-ozone/integration-test/target/test-dir/MiniOzoneClusterImpl-d744795c-134c-47f3-98d5-5c735d9275da/datanode-2/data/ratis/37bcaca1-812d-40bb-a910-8a1ac0108d31 has been successfully formatted.
2023-10-17 18:44:51,538 [6bf4bd27-d28f-421a-802a-00940bdb9945-groupManagement] INFO  ratis.ContainerStateMachine (ContainerStateMachine.java:loadSnapshot(262)) - group-8A1AC0108D31: The snapshot info is null. Setting the last applied indexto:(t:0, i:~)
2023-10-17 18:44:51,538 [6bf4bd27-d28f-421a-802a-00940bdb9945-groupManagement] INFO  server.RaftServerConfigKeys (ConfUtils.java:logGet(46)) - raft.server.log.use.memory = false (default)
2023-10-17 18:44:51,538 [6bf4bd27-d28f-421a-802a-00940bdb9945-groupManagement] INFO  server.RaftServerConfigKeys (ConfUtils.java:logGet(46)) - raft.server.log.purge.gap = 1000000 (custom)
2023-10-17 18:44:51,538 [6bf4bd27-d28f-421a-802a-00940bdb9945-groupManagement] INFO  server.RaftServerConfigKeys (ConfUtils.java:logGet(46)) - raft.server.log.appender.buffer.byte-limit = 33554432 (custom)
2023-10-17 18:44:51,538 [6bf4bd27-d28f-421a-802a-00940bdb9945-groupManagement] INFO  server.RaftServerConfigKeys (ConfUtils.java:logGet(46)) - raft.server.log.statemachine.data.read.timeout = 1000ms (default)
2023-10-17 18:44:51,538 [6bf4bd27-d28f-421a-802a-00940bdb9945-groupManagement] INFO  server.RaftServerConfigKeys (ConfUtils.java:logGet(46)) - raft.server.log.purge.preservation.log.num = 0 (default)
2023-10-17 18:44:51,539 [6bf4bd27-d28f-421a-802a-00940bdb9945-groupManagement] INFO  server.RaftServerConfigKeys (ConfUtils.java:logGet(46)) - raft.server.log.segment.size.max = 1048576 (custom)
2023-10-17 18:44:51,539 [6bf4bd27-d28f-421a-802a-00940bdb9945-groupManagement] INFO  server.RaftServerConfigKeys (ConfUtils.java:logGet(46)) - raft.server.log.segment.cache.num.max = 2 (custom)
2023-10-17 18:44:51,539 [6bf4bd27-d28f-421a-802a-00940bdb9945-groupManagement] INFO  server.RaftServerConfigKeys (ConfUtils.java:logGet(46)) - raft.server.log.segment.cache.size.max = 200MB (=209715200) (default)
2023-10-17 18:44:51,539 [6bf4bd27-d28f-421a-802a-00940bdb9945-groupManagement] INFO  server.RaftServerConfigKeys (ConfUtils.java:logGet(46)) - raft.server.log.appender.buffer.byte-limit = 33554432 (custom)
2023-10-17 18:44:51,539 [6bf4bd27-d28f-421a-802a-00940bdb9945-groupManagement] INFO  segmented.SegmentedRaftLogWorker (SegmentedRaftLogWorker.java:<init>(188)) - new 6bf4bd27-d28f-421a-802a-00940bdb9945@group-8A1AC0108D31-SegmentedRaftLogWorker for RaftStorageImpl:Storage Directory /home/runner/work/ozone/ozone/hadoop-ozone/integration-test/target/test-dir/MiniOzoneClusterImpl-d744795c-134c-47f3-98d5-5c735d9275da/datanode-2/data/ratis/37bcaca1-812d-40bb-a910-8a1ac0108d31
2023-10-17 18:44:51,539 [6bf4bd27-d28f-421a-802a-00940bdb9945-groupManagement] INFO  server.RaftServerConfigKeys (ConfUtils.java:logGet(46)) - raft.server.log.queue.byte-limit = 4294967296 (custom)
2023-10-17 18:44:51,539 [6bf4bd27-d28f-421a-802a-00940bdb9945-groupManagement] INFO  server.RaftServerConfigKeys (ConfUtils.java:logGet(46)) - raft.server.log.queue.element-limit = 1024 (custom)
2023-10-17 18:44:51,539 [6bf4bd27-d28f-421a-802a-00940bdb9945-groupManagement] INFO  server.RaftServerConfigKeys (ConfUtils.java:logGet(46)) - raft.server.log.segment.size.max = 1048576 (custom)
2023-10-17 18:44:51,539 [6bf4bd27-d28f-421a-802a-00940bdb9945-groupManagement] INFO  server.RaftServerConfigKeys (ConfUtils.java:logGet(46)) - raft.server.log.preallocated.size = 16384 (custom)
2023-10-17 18:44:51,539 [6bf4bd27-d28f-421a-802a-00940bdb9945-groupManagement] INFO  server.RaftServerConfigKeys (ConfUtils.java:logGet(46)) - raft.server.log.force.sync.num = 128 (default)
2023-10-17 18:44:51,539 [6bf4bd27-d28f-421a-802a-00940bdb9945-groupManagement] INFO  server.RaftServerConfigKeys (ConfUtils.java:logGet(46)) - raft.server.log.statemachine.data.sync = true (default)
2023-10-17 18:44:51,539 [6bf4bd27-d28f-421a-802a-00940bdb9945-groupManagement] INFO  server.RaftServerConfigKeys (ConfUtils.java:logGet(46)) - raft.server.log.statemachine.data.sync.timeout = 10s (default)
2023-10-17 18:44:51,539 [6bf4bd27-d28f-421a-802a-00940bdb9945-groupManagement] INFO  server.RaftServerConfigKeys (ConfUtils.java:logGet(46)) - raft.server.log.statemachine.data.sync.timeout.retry = -1 (default)
2023-10-17 18:44:51,540 [6bf4bd27-d28f-421a-802a-00940bdb9945-groupManagement] INFO  server.RaftServerConfigKeys (ConfUtils.java:logGet(46)) - raft.server.log.write.buffer.size = 1048576 (custom)
2023-10-17 18:44:51,540 [6bf4bd27-d28f-421a-802a-00940bdb9945-groupManagement] INFO  server.RaftServerConfigKeys (ConfUtils.java:logGet(46)) - raft.server.log.appender.buffer.byte-limit = 33554432 (custom)
2023-10-17 18:44:51,546 [6bf4bd27-d28f-421a-802a-00940bdb9945-groupManagement] INFO  server.RaftServerConfigKeys (ConfUtils.java:logGet(46)) - raft.server.log.unsafe-flush.enabled = false (default)
2023-10-17 18:44:51,546 [6bf4bd27-d28f-421a-802a-00940bdb9945-groupManagement] INFO  server.RaftServerConfigKeys (ConfUtils.java:logGet(46)) - raft.server.log.async-flush.enabled = false (default)
2023-10-17 18:44:51,546 [6bf4bd27-d28f-421a-802a-00940bdb9945-groupManagement] INFO  server.RaftServerConfigKeys (ConfUtils.java:logGet(46)) - raft.server.log.statemachine.data.caching.enabled = true (custom)
2023-10-17 18:44:51,546 [6bf4bd27-d28f-421a-802a-00940bdb9945-groupManagement] INFO  segmented.SegmentedRaftLogWorker (SegmentedRaftLogWorker.java:lambda$new$0(135)) - 6bf4bd27-d28f-421a-802a-00940bdb9945@group-8A1AC0108D31-SegmentedRaftLogWorker: flushIndex: setUnconditionally 0 -> -1
2023-10-17 18:44:51,546 [6bf4bd27-d28f-421a-802a-00940bdb9945-groupManagement] INFO  segmented.SegmentedRaftLogWorker (SegmentedRaftLogWorker.java:lambda$new$0(135)) - 6bf4bd27-d28f-421a-802a-00940bdb9945@group-8A1AC0108D31-SegmentedRaftLogWorker: safeCacheEvictIndex: setUnconditionally 0 -> -1
2023-10-17 18:44:51,550 [6bf4bd27-d28f-421a-802a-00940bdb9945-groupManagement] INFO  server.RaftServer$Division (RaftServerImpl.java:start(342)) - 6bf4bd27-d28f-421a-802a-00940bdb9945@group-8A1AC0108D31: start as a follower, conf=-1: peers:[6bf4bd27-d28f-421a-802a-00940bdb9945|rpc:10.1.0.25:15171|admin:10.1.0.25:15170|client:10.1.0.25:15169|dataStream:10.1.0.25:15172|priority:0|startupRole:FOLLOWER, a09c5a64-4ee1-447f-bdad-955dc0571893|rpc:10.1.0.25:15162|admin:10.1.0.25:15161|client:10.1.0.25:15160|dataStream:10.1.0.25:15163|priority:1|startupRole:FOLLOWER, 03ee06a5-cfcc-4ac1-a3c7-afad1436935a|rpc:10.1.0.25:15153|admin:10.1.0.25:15152|client:10.1.0.25:15151|dataStream:10.1.0.25:15154|priority:0|startupRole:FOLLOWER]|listeners:[], old=null
2023-10-17 18:44:51,550 [6bf4bd27-d28f-421a-802a-00940bdb9945-groupManagement] INFO  server.RaftServer$Division (RaftServerImpl.java:setRole(329)) - 6bf4bd27-d28f-421a-802a-00940bdb9945@group-8A1AC0108D31: changes role from      null to FOLLOWER at term 0 for startAsFollower
2023-10-17 18:44:51,550 [6bf4bd27-d28f-421a-802a-00940bdb9945-groupManagement] INFO  impl.RoleInfo (RoleInfo.java:updateAndGet(139)) - 6bf4bd27-d28f-421a-802a-00940bdb9945: start 6bf4bd27-d28f-421a-802a-00940bdb9945@group-8A1AC0108D31-FollowerState
2023-10-17 18:44:51,550 [6bf4bd27-d28f-421a-802a-00940bdb9945-groupManagement] INFO  util.JmxRegister (JmxRegister.java:tryRegister(44)) - Successfully registered JMX Bean with object name Ratis:service=RaftServer,group=group-8A1AC0108D31,id=6bf4bd27-d28f-421a-802a-00940bdb9945
2023-10-17 18:44:51,550 [6bf4bd27-d28f-421a-802a-00940bdb9945-groupManagement] INFO  server.RaftServerConfigKeys (ConfUtils.java:logGet(46)) - raft.server.snapshot.auto.trigger.enabled = true (custom)
2023-10-17 18:44:51,550 [6bf4bd27-d28f-421a-802a-00940bdb9945-groupManagement] INFO  server.RaftServerConfigKeys (ConfUtils.java:logGet(46)) - raft.server.snapshot.auto.trigger.threshold = 10000 (custom)
2023-10-17 18:44:51,550 [6bf4bd27-d28f-421a-802a-00940bdb9945-groupManagement] INFO  server.RaftServerConfigKeys (ConfUtils.java:logGet(46)) - raft.server.snapshot.retention.file.num = 5 (custom)
2023-10-17 18:44:51,550 [6bf4bd27-d28f-421a-802a-00940bdb9945-groupManagement] INFO  server.RaftServerConfigKeys (ConfUtils.java:logGet(46)) - raft.server.log.purge.upto.snapshot.index = false (default)
2023-10-17 18:44:51,551 [6bf4bd27-d28f-421a-802a-00940bdb9945@group-8A1AC0108D31-FollowerState] INFO  server.RaftServerConfigKeys (ConfUtils.java:logFallback(53)) - raft.server.rpc.first-election.timeout.min = 5s (fallback to raft.server.rpc.timeout.min)
2023-10-17 18:44:51,551 [6bf4bd27-d28f-421a-802a-00940bdb9945@group-8A1AC0108D31-FollowerState] INFO  server.RaftServerConfigKeys (ConfUtils.java:logFallback(53)) - raft.server.rpc.first-election.timeout.max = 5200ms (fallback to raft.server.rpc.timeout.max)
2023-10-17 18:44:51,566 [PipelineCommandHandlerThread-0] INFO  commandhandler.CreatePipelineCommandHandler (CreatePipelineCommandHandler.java:lambda$handle$2(124)) - Created Pipeline RATIS THREE PipelineID=37bcaca1-812d-40bb-a910-8a1ac0108d31.
2023-10-17 18:44:51,733 [PipelineCommandHandlerThread-0] INFO  server.RaftServer (RaftServerProxy.java:addNew(98)) - 6bf4bd27-d28f-421a-802a-00940bdb9945: addNew group-800DE3AD42FC:[6bf4bd27-d28f-421a-802a-00940bdb9945|rpc:10.1.0.25:15171|admin:10.1.0.25:15170|client:10.1.0.25:15169|dataStream:10.1.0.25:15172|priority:1|startupRole:FOLLOWER] returns group-800DE3AD42FC:java.util.concurrent.CompletableFuture@457ddf8a[Not completed]
2023-10-17 18:44:51,735 [6bf4bd27-d28f-421a-802a-00940bdb9945-groupManagement] INFO  server.RaftServer$Division (RaftServerImpl.java:<init>(198)) - 6bf4bd27-d28f-421a-802a-00940bdb9945: new RaftServerImpl for group-800DE3AD42FC:[6bf4bd27-d28f-421a-802a-00940bdb9945|rpc:10.1.0.25:15171|admin:10.1.0.25:15170|client:10.1.0.25:15169|dataStream:10.1.0.25:15172|priority:1|startupRole:FOLLOWER] with ContainerStateMachine:uninitialized
2023-10-17 18:44:51,735 [6bf4bd27-d28f-421a-802a-00940bdb9945-groupManagement] INFO  server.RaftServerConfigKeys (ConfUtils.java:logGet(46)) - raft.server.rpc.timeout.min = 5s (custom)
2023-10-17 18:44:51,735 [6bf4bd27-d28f-421a-802a-00940bdb9945-groupManagement] INFO  server.RaftServerConfigKeys (ConfUtils.java:logGet(46)) - raft.server.rpc.timeout.max = 5200ms (custom)
2023-10-17 18:44:51,735 [6bf4bd27-d28f-421a-802a-00940bdb9945-groupManagement] INFO  server.RaftServerConfigKeys (ConfUtils.java:logGet(46)) - raft.server.rpc.sleep.time = 25ms (default)
2023-10-17 18:44:51,735 [6bf4bd27-d28f-421a-802a-00940bdb9945-groupManagement] INFO  server.RaftServerConfigKeys (ConfUtils.java:logGet(46)) - raft.server.rpc.slowness.timeout = 300s (custom)
2023-10-17 18:44:51,735 [6bf4bd27-d28f-421a-802a-00940bdb9945-groupManagement] INFO  server.RaftServerConfigKeys (ConfUtils.java:logGet(46)) - raft.server.leaderelection.leader.step-down.wait-time = 10s (default)
2023-10-17 18:44:51,735 [6bf4bd27-d28f-421a-802a-00940bdb9945-groupManagement] INFO  server.RaftServerConfigKeys (ConfUtils.java:logGet(46)) - raft.server.sleep.deviation.threshold = 300ms (default)
2023-10-17 18:44:51,735 [6bf4bd27-d28f-421a-802a-00940bdb9945-groupManagement] INFO  server.RaftServer$Division (ServerState.java:<init>(120)) - 6bf4bd27-d28f-421a-802a-00940bdb9945@group-800DE3AD42FC: ConfigurationManager, init=-1: peers:[6bf4bd27-d28f-421a-802a-00940bdb9945|rpc:10.1.0.25:15171|admin:10.1.0.25:15170|client:10.1.0.25:15169|dataStream:10.1.0.25:15172|priority:1|startupRole:FOLLOWER]|listeners:[], old=null, confs=<EMPTY_MAP>
2023-10-17 18:44:51,735 [6bf4bd27-d28f-421a-802a-00940bdb9945-groupManagement] INFO  server.RaftServerConfigKeys (ConfUtils.java:logGet(46)) - raft.server.storage.dir = [/home/runner/work/ozone/ozone/hadoop-ozone/integration-test/target/test-dir/MiniOzoneClusterImpl-d744795c-134c-47f3-98d5-5c735d9275da/datanode-2/data/ratis] (custom)
2023-10-17 18:44:51,736 [6bf4bd27-d28f-421a-802a-00940bdb9945-groupManagement] INFO  server.RaftServerConfigKeys (ConfUtils.java:logGet(46)) - raft.server.log.corruption.policy = EXCEPTION (default)
2023-10-17 18:44:51,736 [6bf4bd27-d28f-421a-802a-00940bdb9945-groupManagement] INFO  server.RaftServerConfigKeys (ConfUtils.java:logGet(46)) - raft.server.storage.free-space.min = 0MB (=0) (default)
2023-10-17 18:44:51,736 [6bf4bd27-d28f-421a-802a-00940bdb9945-groupManagement] INFO  server.RaftServerConfigKeys (ConfUtils.java:logGet(46)) - raft.server.notification.no-leader.timeout = 300s (custom)
2023-10-17 18:44:51,736 [6bf4bd27-d28f-421a-802a-00940bdb9945-groupManagement] INFO  server.RaftServerConfigKeys (ConfUtils.java:logGet(46)) - raft.server.read.timeout = 10s (default)
2023-10-17 18:44:51,736 [6bf4bd27-d28f-421a-802a-00940bdb9945-groupManagement] INFO  server.RaftServerConfigKeys (ConfUtils.java:logGet(46)) - raft.server.retrycache.expirytime = 600000ms (custom)
2023-10-17 18:44:51,736 [6bf4bd27-d28f-421a-802a-00940bdb9945-groupManagement] INFO  server.RaftServerConfigKeys (ConfUtils.java:logGet(46)) - raft.server.retrycache.statistics.expirytime = 100μs (default)
2023-10-17 18:44:51,736 [6bf4bd27-d28f-421a-802a-00940bdb9945-groupManagement] INFO  server.RaftServerConfigKeys (ConfUtils.java:logGet(46)) - raft.server.read.option = DEFAULT (default)
2023-10-17 18:44:51,737 [6bf4bd27-d28f-421a-802a-00940bdb9945-groupManagement] INFO  server.RaftServerConfigKeys (ConfUtils.java:logGet(46)) - raft.server.rpc.request.timeout = 60s (custom)
2023-10-17 18:44:51,737 [6bf4bd27-d28f-421a-802a-00940bdb9945-groupManagement] INFO  server.RaftServerConfigKeys (ConfUtils.java:logGet(46)) - raft.server.log.appender.install.snapshot.enabled = false (custom)
2023-10-17 18:44:51,737 [6bf4bd27-d28f-421a-802a-00940bdb9945-groupManagement] INFO  server.RaftServerConfigKeys (ConfUtils.java:logGet(46)) - raft.server.threadpool.server.cached = true (default)
2023-10-17 18:44:51,737 [6bf4bd27-d28f-421a-802a-00940bdb9945-groupManagement] INFO  server.RaftServerConfigKeys (ConfUtils.java:logGet(46)) - raft.server.threadpool.server.size = 0 (default)
2023-10-17 18:44:51,737 [6bf4bd27-d28f-421a-802a-00940bdb9945-groupManagement] INFO  server.RaftServerConfigKeys (ConfUtils.java:logGet(46)) - raft.server.threadpool.client.cached = true (default)
2023-10-17 18:44:51,737 [6bf4bd27-d28f-421a-802a-00940bdb9945-groupManagement] INFO  server.RaftServerConfigKeys (ConfUtils.java:logGet(46)) - raft.server.threadpool.client.size = 0 (default)
2023-10-17 18:44:51,737 [6bf4bd27-d28f-421a-802a-00940bdb9945-groupManagement] INFO  storage.RaftStorageDirectory (RaftStorageDirectoryImpl.java:analyzeStorage(137)) - The storage directory /home/runner/work/ozone/ozone/hadoop-ozone/integration-test/target/test-dir/MiniOzoneClusterImpl-d744795c-134c-47f3-98d5-5c735d9275da/datanode-2/data/ratis/ce628324-7922-4db9-aa71-800de3ad42fc does not exist. Creating ...
2023-10-17 18:44:51,737 [Time-limited test] INFO  ozone.MiniOzoneClusterImpl (MiniOzoneClusterImpl.java:lambda$waitForClusterToBeReady$0(229)) - Nodes are ready. Got 3 of 3 DN Heartbeats.
2023-10-17 18:44:51,737 [Time-limited test] INFO  ozone.MiniOzoneClusterImpl (MiniOzoneClusterImpl.java:lambda$waitForClusterToBeReady$0(232)) - Waiting for cluster to exit safe mode
2023-10-17 18:44:51,738 [Time-limited test] INFO  ozone.MiniOzoneClusterImpl (MiniOzoneClusterImpl.java:lambda$waitForClusterToBeReady$0(234)) - SCM became leader
2023-10-17 18:44:51,738 [6bf4bd27-d28f-421a-802a-00940bdb9945-groupManagement] INFO  storage.RaftStorageDirectory (RaftStorageDirectoryImpl.java:tryLock(231)) - Lock on /home/runner/work/ozone/ozone/hadoop-ozone/integration-test/target/test-dir/MiniOzoneClusterImpl-d744795c-134c-47f3-98d5-5c735d9275da/datanode-2/data/ratis/ce628324-7922-4db9-aa71-800de3ad42fc/in_use.lock acquired by nodename 31914@fv-az189-115
2023-10-17 18:44:51,739 [6bf4bd27-d28f-421a-802a-00940bdb9945-groupManagement] INFO  storage.RaftStorage (RaftStorageImpl.java:format(96)) - Storage directory /home/runner/work/ozone/ozone/hadoop-ozone/integration-test/target/test-dir/MiniOzoneClusterImpl-d744795c-134c-47f3-98d5-5c735d9275da/datanode-2/data/ratis/ce628324-7922-4db9-aa71-800de3ad42fc has been successfully formatted.
2023-10-17 18:44:51,740 [6bf4bd27-d28f-421a-802a-00940bdb9945-groupManagement] INFO  ratis.ContainerStateMachine (ContainerStateMachine.java:loadSnapshot(262)) - group-800DE3AD42FC: The snapshot info is null. Setting the last applied indexto:(t:0, i:~)
2023-10-17 18:44:51,740 [6bf4bd27-d28f-421a-802a-00940bdb9945-groupManagement] INFO  server.RaftServerConfigKeys (ConfUtils.java:logGet(46)) - raft.server.log.use.memory = false (default)
2023-10-17 18:44:51,740 [6bf4bd27-d28f-421a-802a-00940bdb9945-groupManagement] INFO  server.RaftServerConfigKeys (ConfUtils.java:logGet(46)) - raft.server.log.purge.gap = 1000000 (custom)
2023-10-17 18:44:51,740 [6bf4bd27-d28f-421a-802a-00940bdb9945-groupManagement] INFO  server.RaftServerConfigKeys (ConfUtils.java:logGet(46)) - raft.server.log.appender.buffer.byte-limit = 33554432 (custom)
2023-10-17 18:44:51,741 [6bf4bd27-d28f-421a-802a-00940bdb9945-groupManagement] INFO  server.RaftServerConfigKeys (ConfUtils.java:logGet(46)) - raft.server.log.statemachine.data.read.timeout = 1000ms (default)
2023-10-17 18:44:51,741 [6bf4bd27-d28f-421a-802a-00940bdb9945-groupManagement] INFO  server.RaftServerConfigKeys (ConfUtils.java:logGet(46)) - raft.server.log.purge.preservation.log.num = 0 (default)
2023-10-17 18:44:51,743 [EventQueue-PipelineReportForPipelineReportHandler] INFO  pipeline.PipelineReportHandler (PipelineReportHandler.java:processPipelineReport(136)) - Opened pipeline PipelineID=ce628324-7922-4db9-aa71-800de3ad42fc
2023-10-17 18:44:51,743 [EventQueue-OpenPipelineForHealthyPipelineSafeModeRule] INFO  safemode.SCMSafeModeManager (HealthyPipelineSafeModeRule.java:process(137)) - SCM in safe mode. Healthy pipelines reported count is 0, required healthy pipeline reported count is 1
2023-10-17 18:44:51,745 [6bf4bd27-d28f-421a-802a-00940bdb9945-groupManagement] INFO  server.RaftServerConfigKeys (ConfUtils.java:logGet(46)) - raft.server.log.segment.size.max = 1048576 (custom)
2023-10-17 18:44:51,745 [6bf4bd27-d28f-421a-802a-00940bdb9945-groupManagement] INFO  server.RaftServerConfigKeys (ConfUtils.java:logGet(46)) - raft.server.log.segment.cache.num.max = 2 (custom)
2023-10-17 18:44:51,745 [6bf4bd27-d28f-421a-802a-00940bdb9945-groupManagement] INFO  server.RaftServerConfigKeys (ConfUtils.java:logGet(46)) - raft.server.log.segment.cache.size.max = 200MB (=209715200) (default)
2023-10-17 18:44:51,745 [6bf4bd27-d28f-421a-802a-00940bdb9945-groupManagement] INFO  server.RaftServerConfigKeys (ConfUtils.java:logGet(46)) - raft.server.log.appender.buffer.byte-limit = 33554432 (custom)
2023-10-17 18:44:51,745 [6bf4bd27-d28f-421a-802a-00940bdb9945-groupManagement] INFO  segmented.SegmentedRaftLogWorker (SegmentedRaftLogWorker.java:<init>(188)) - new 6bf4bd27-d28f-421a-802a-00940bdb9945@group-800DE3AD42FC-SegmentedRaftLogWorker for RaftStorageImpl:Storage Directory /home/runner/work/ozone/ozone/hadoop-ozone/integration-test/target/test-dir/MiniOzoneClusterImpl-d744795c-134c-47f3-98d5-5c735d9275da/datanode-2/data/ratis/ce628324-7922-4db9-aa71-800de3ad42fc
2023-10-17 18:44:51,745 [6bf4bd27-d28f-421a-802a-00940bdb9945-groupManagement] INFO  server.RaftServerConfigKeys (ConfUtils.java:logGet(46)) - raft.server.log.queue.byte-limit = 4294967296 (custom)
2023-10-17 18:44:51,745 [6bf4bd27-d28f-421a-802a-00940bdb9945-groupManagement] INFO  server.RaftServerConfigKeys (ConfUtils.java:logGet(46)) - raft.server.log.queue.element-limit = 1024 (custom)
2023-10-17 18:44:51,745 [6bf4bd27-d28f-421a-802a-00940bdb9945-groupManagement] INFO  server.RaftServerConfigKeys (ConfUtils.java:logGet(46)) - raft.server.log.segment.size.max = 1048576 (custom)
2023-10-17 18:44:51,745 [6bf4bd27-d28f-421a-802a-00940bdb9945-groupManagement] INFO  server.RaftServerConfigKeys (ConfUtils.java:logGet(46)) - raft.server.log.preallocated.size = 16384 (custom)
2023-10-17 18:44:51,745 [6bf4bd27-d28f-421a-802a-00940bdb9945-groupManagement] INFO  server.RaftServerConfigKeys (ConfUtils.java:logGet(46)) - raft.server.log.force.sync.num = 128 (default)
2023-10-17 18:44:51,746 [6bf4bd27-d28f-421a-802a-00940bdb9945-groupManagement] INFO  server.RaftServerConfigKeys (ConfUtils.java:logGet(46)) - raft.server.log.statemachine.data.sync = true (default)
2023-10-17 18:44:51,746 [6bf4bd27-d28f-421a-802a-00940bdb9945-groupManagement] INFO  server.RaftServerConfigKeys (ConfUtils.java:logGet(46)) - raft.server.log.statemachine.data.sync.timeout = 10s (default)
2023-10-17 18:44:51,746 [6bf4bd27-d28f-421a-802a-00940bdb9945-groupManagement] INFO  server.RaftServerConfigKeys (ConfUtils.java:logGet(46)) - raft.server.log.statemachine.data.sync.timeout.retry = -1 (default)
2023-10-17 18:44:51,747 [6bf4bd27-d28f-421a-802a-00940bdb9945-groupManagement] INFO  server.RaftServerConfigKeys (ConfUtils.java:logGet(46)) - raft.server.log.write.buffer.size = 1048576 (custom)
2023-10-17 18:44:51,748 [6bf4bd27-d28f-421a-802a-00940bdb9945-groupManagement] INFO  server.RaftServerConfigKeys (ConfUtils.java:logGet(46)) - raft.server.log.appender.buffer.byte-limit = 33554432 (custom)
2023-10-17 18:44:51,753 [6bf4bd27-d28f-421a-802a-00940bdb9945-groupManagement] INFO  server.RaftServerConfigKeys (ConfUtils.java:logGet(46)) - raft.server.log.unsafe-flush.enabled = false (default)
2023-10-17 18:44:51,753 [6bf4bd27-d28f-421a-802a-00940bdb9945-groupManagement] INFO  server.RaftServerConfigKeys (ConfUtils.java:logGet(46)) - raft.server.log.async-flush.enabled = false (default)
2023-10-17 18:44:51,753 [6bf4bd27-d28f-421a-802a-00940bdb9945-groupManagement] INFO  server.RaftServerConfigKeys (ConfUtils.java:logGet(46)) - raft.server.log.statemachine.data.caching.enabled = true (custom)
2023-10-17 18:44:51,753 [6bf4bd27-d28f-421a-802a-00940bdb9945-groupManagement] INFO  segmented.SegmentedRaftLogWorker (SegmentedRaftLogWorker.java:lambda$new$0(135)) - 6bf4bd27-d28f-421a-802a-00940bdb9945@group-800DE3AD42FC-SegmentedRaftLogWorker: flushIndex: setUnconditionally 0 -> -1
2023-10-17 18:44:51,753 [6bf4bd27-d28f-421a-802a-00940bdb9945-groupManagement] INFO  segmented.SegmentedRaftLogWorker (SegmentedRaftLogWorker.java:lambda$new$0(135)) - 6bf4bd27-d28f-421a-802a-00940bdb9945@group-800DE3AD42FC-SegmentedRaftLogWorker: safeCacheEvictIndex: setUnconditionally 0 -> -1
2023-10-17 18:44:51,753 [6bf4bd27-d28f-421a-802a-00940bdb9945-groupManagement] INFO  server.RaftServer$Division (RaftServerImpl.java:start(342)) - 6bf4bd27-d28f-421a-802a-00940bdb9945@group-800DE3AD42FC: start as a follower, conf=-1: peers:[6bf4bd27-d28f-421a-802a-00940bdb9945|rpc:10.1.0.25:15171|admin:10.1.0.25:15170|client:10.1.0.25:15169|dataStream:10.1.0.25:15172|priority:1|startupRole:FOLLOWER]|listeners:[], old=null
2023-10-17 18:44:51,753 [6bf4bd27-d28f-421a-802a-00940bdb9945-groupManagement] INFO  server.RaftServer$Division (RaftServerImpl.java:setRole(329)) - 6bf4bd27-d28f-421a-802a-00940bdb9945@group-800DE3AD42FC: changes role from      null to FOLLOWER at term 0 for startAsFollower
2023-10-17 18:44:51,753 [6bf4bd27-d28f-421a-802a-00940bdb9945-groupManagement] INFO  impl.RoleInfo (RoleInfo.java:updateAndGet(139)) - 6bf4bd27-d28f-421a-802a-00940bdb9945: start 6bf4bd27-d28f-421a-802a-00940bdb9945@group-800DE3AD42FC-FollowerState
2023-10-17 18:44:51,756 [6bf4bd27-d28f-421a-802a-00940bdb9945@group-800DE3AD42FC-FollowerState] INFO  server.RaftServerConfigKeys (ConfUtils.java:logFallback(53)) - raft.server.rpc.first-election.timeout.min = 5s (fallback to raft.server.rpc.timeout.min)
2023-10-17 18:44:51,756 [6bf4bd27-d28f-421a-802a-00940bdb9945-groupManagement] INFO  util.JmxRegister (JmxRegister.java:tryRegister(44)) - Successfully registered JMX Bean with object name Ratis:service=RaftServer,group=group-800DE3AD42FC,id=6bf4bd27-d28f-421a-802a-00940bdb9945
2023-10-17 18:44:51,756 [6bf4bd27-d28f-421a-802a-00940bdb9945@group-800DE3AD42FC-FollowerState] INFO  server.RaftServerConfigKeys (ConfUtils.java:logFallback(53)) - raft.server.rpc.first-election.timeout.max = 5200ms (fallback to raft.server.rpc.timeout.max)
2023-10-17 18:44:51,756 [6bf4bd27-d28f-421a-802a-00940bdb9945-groupManagement] INFO  server.RaftServerConfigKeys (ConfUtils.java:logGet(46)) - raft.server.snapshot.auto.trigger.enabled = true (custom)
2023-10-17 18:44:51,756 [6bf4bd27-d28f-421a-802a-00940bdb9945-groupManagement] INFO  server.RaftServerConfigKeys (ConfUtils.java:logGet(46)) - raft.server.snapshot.auto.trigger.threshold = 10000 (custom)
2023-10-17 18:44:51,756 [6bf4bd27-d28f-421a-802a-00940bdb9945-groupManagement] INFO  server.RaftServerConfigKeys (ConfUtils.java:logGet(46)) - raft.server.snapshot.retention.file.num = 5 (custom)
2023-10-17 18:44:51,756 [6bf4bd27-d28f-421a-802a-00940bdb9945-groupManagement] INFO  server.RaftServerConfigKeys (ConfUtils.java:logGet(46)) - raft.server.log.purge.upto.snapshot.index = false (default)
2023-10-17 18:44:51,757 [PipelineCommandHandlerThread-0] INFO  ratis.XceiverServerRatis (XceiverServerRatis.java:addGroup(804)) - Created group PipelineID=ce628324-7922-4db9-aa71-800de3ad42fc
2023-10-17 18:44:51,757 [PipelineCommandHandlerThread-0] INFO  commandhandler.CreatePipelineCommandHandler (CreatePipelineCommandHandler.java:lambda$handle$2(124)) - Created Pipeline RATIS ONE PipelineID=ce628324-7922-4db9-aa71-800de3ad42fc.
2023-10-17 18:44:52,738 [Time-limited test] INFO  ozone.MiniOzoneClusterImpl (MiniOzoneClusterImpl.java:lambda$waitForClusterToBeReady$0(229)) - Nodes are ready. Got 3 of 3 DN Heartbeats.
2023-10-17 18:44:52,738 [Time-limited test] INFO  ozone.MiniOzoneClusterImpl (MiniOzoneClusterImpl.java:lambda$waitForClusterToBeReady$0(232)) - Waiting for cluster to exit safe mode
2023-10-17 18:44:52,738 [Time-limited test] INFO  ozone.MiniOzoneClusterImpl (MiniOzoneClusterImpl.java:lambda$waitForClusterToBeReady$0(234)) - SCM became leader
2023-10-17 18:44:53,738 [Time-limited test] INFO  ozone.MiniOzoneClusterImpl (MiniOzoneClusterImpl.java:lambda$waitForClusterToBeReady$0(229)) - Nodes are ready. Got 3 of 3 DN Heartbeats.
2023-10-17 18:44:53,738 [Time-limited test] INFO  ozone.MiniOzoneClusterImpl (MiniOzoneClusterImpl.java:lambda$waitForClusterToBeReady$0(232)) - Waiting for cluster to exit safe mode
2023-10-17 18:44:53,739 [Time-limited test] INFO  ozone.MiniOzoneClusterImpl (MiniOzoneClusterImpl.java:lambda$waitForClusterToBeReady$0(234)) - SCM became leader
2023-10-17 18:44:54,739 [Time-limited test] INFO  ozone.MiniOzoneClusterImpl (MiniOzoneClusterImpl.java:lambda$waitForClusterToBeReady$0(229)) - Nodes are ready. Got 3 of 3 DN Heartbeats.
2023-10-17 18:44:54,739 [Time-limited test] INFO  ozone.MiniOzoneClusterImpl (MiniOzoneClusterImpl.java:lambda$waitForClusterToBeReady$0(232)) - Waiting for cluster to exit safe mode
2023-10-17 18:44:54,739 [Time-limited test] INFO  ozone.MiniOzoneClusterImpl (MiniOzoneClusterImpl.java:lambda$waitForClusterToBeReady$0(234)) - SCM became leader
2023-10-17 18:44:55,739 [Time-limited test] INFO  ozone.MiniOzoneClusterImpl (MiniOzoneClusterImpl.java:lambda$waitForClusterToBeReady$0(229)) - Nodes are ready. Got 3 of 3 DN Heartbeats.
2023-10-17 18:44:55,739 [Time-limited test] INFO  ozone.MiniOzoneClusterImpl (MiniOzoneClusterImpl.java:lambda$waitForClusterToBeReady$0(232)) - Waiting for cluster to exit safe mode
2023-10-17 18:44:55,739 [Time-limited test] INFO  ozone.MiniOzoneClusterImpl (MiniOzoneClusterImpl.java:lambda$waitForClusterToBeReady$0(234)) - SCM became leader
2023-10-17 18:44:56,315 [03ee06a5-cfcc-4ac1-a3c7-afad1436935a@group-0571E2346807-FollowerState] INFO  impl.FollowerState (FollowerState.java:run(143)) - 03ee06a5-cfcc-4ac1-a3c7-afad1436935a@group-0571E2346807-FollowerState: change to CANDIDATE, lastRpcElapsedTime:5072297220ns, electionTimeout:5069ms
2023-10-17 18:44:56,315 [03ee06a5-cfcc-4ac1-a3c7-afad1436935a@group-0571E2346807-FollowerState] INFO  impl.RoleInfo (RoleInfo.java:shutdownFollowerState(110)) - 03ee06a5-cfcc-4ac1-a3c7-afad1436935a: shutdown 03ee06a5-cfcc-4ac1-a3c7-afad1436935a@group-0571E2346807-FollowerState
2023-10-17 18:44:56,315 [03ee06a5-cfcc-4ac1-a3c7-afad1436935a@group-0571E2346807-FollowerState] INFO  server.RaftServer$Division (RaftServerImpl.java:setRole(329)) - 03ee06a5-cfcc-4ac1-a3c7-afad1436935a@group-0571E2346807: changes role from  FOLLOWER to CANDIDATE at term 0 for changeToCandidate
2023-10-17 18:44:56,315 [03ee06a5-cfcc-4ac1-a3c7-afad1436935a@group-0571E2346807-FollowerState] INFO  server.RaftServerConfigKeys (ConfUtils.java:logGet(46)) - raft.server.leaderelection.pre-vote = true (default)
2023-10-17 18:44:56,315 [03ee06a5-cfcc-4ac1-a3c7-afad1436935a@group-0571E2346807-FollowerState] INFO  impl.RoleInfo (RoleInfo.java:updateAndGet(139)) - 03ee06a5-cfcc-4ac1-a3c7-afad1436935a: start 03ee06a5-cfcc-4ac1-a3c7-afad1436935a@group-0571E2346807-LeaderElection29
2023-10-17 18:44:56,320 [03ee06a5-cfcc-4ac1-a3c7-afad1436935a@group-0571E2346807-LeaderElection29] INFO  impl.LeaderElection (LeaderElection.java:askForVotes(321)) - 03ee06a5-cfcc-4ac1-a3c7-afad1436935a@group-0571E2346807-LeaderElection29 PRE_VOTE round 0: submit vote requests at term 0 for -1: peers:[6bf4bd27-d28f-421a-802a-00940bdb9945|rpc:10.1.0.25:15171|admin:10.1.0.25:15170|client:10.1.0.25:15169|dataStream:10.1.0.25:15172|priority:0|startupRole:FOLLOWER, a09c5a64-4ee1-447f-bdad-955dc0571893|rpc:10.1.0.25:15162|admin:10.1.0.25:15161|client:10.1.0.25:15160|dataStream:10.1.0.25:15163|priority:0|startupRole:FOLLOWER, 03ee06a5-cfcc-4ac1-a3c7-afad1436935a|rpc:10.1.0.25:15153|admin:10.1.0.25:15152|client:10.1.0.25:15151|dataStream:10.1.0.25:15154|priority:1|startupRole:FOLLOWER]|listeners:[], old=null
2023-10-17 18:44:56,321 [03ee06a5-cfcc-4ac1-a3c7-afad1436935a@group-0571E2346807-LeaderElection29-1] INFO  server.GrpcServerProtocolClient (GrpcServerProtocolClient.java:<init>(65)) - Build channel for 6bf4bd27-d28f-421a-802a-00940bdb9945
2023-10-17 18:44:56,326 [03ee06a5-cfcc-4ac1-a3c7-afad1436935a@group-0571E2346807-LeaderElection29] INFO  server.RaftServerConfigKeys (ConfUtils.java:logFallback(53)) - raft.server.rpc.first-election.timeout.min = 5s (fallback to raft.server.rpc.timeout.min)
2023-10-17 18:44:56,326 [03ee06a5-cfcc-4ac1-a3c7-afad1436935a@group-0571E2346807-LeaderElection29-2] INFO  server.GrpcServerProtocolClient (GrpcServerProtocolClient.java:<init>(65)) - Build channel for a09c5a64-4ee1-447f-bdad-955dc0571893
2023-10-17 18:44:56,326 [03ee06a5-cfcc-4ac1-a3c7-afad1436935a@group-0571E2346807-LeaderElection29] INFO  server.RaftServerConfigKeys (ConfUtils.java:logFallback(53)) - raft.server.rpc.first-election.timeout.max = 5200ms (fallback to raft.server.rpc.timeout.max)
2023-10-17 18:44:56,339 [grpc-default-executor-0] INFO  server.RaftServer$Division (RaftServerImpl.java:requestVote(1302)) - 6bf4bd27-d28f-421a-802a-00940bdb9945@group-0571E2346807: receive requestVote(PRE_VOTE, 03ee06a5-cfcc-4ac1-a3c7-afad1436935a, group-0571E2346807, 0, (t:0, i:0))
2023-10-17 18:44:56,339 [grpc-default-executor-0] INFO  impl.VoteContext (VoteContext.java:log(49)) - 6bf4bd27-d28f-421a-802a-00940bdb9945@group-0571E2346807-FOLLOWER: accept PRE_VOTE from 03ee06a5-cfcc-4ac1-a3c7-afad1436935a: our priority 0 <= candidate's priority 1
2023-10-17 18:44:56,339 [grpc-default-executor-0] INFO  server.RaftServer$Division (RaftServerImpl.java:requestVote(1335)) - 6bf4bd27-d28f-421a-802a-00940bdb9945@group-0571E2346807 replies to PRE_VOTE vote request: 03ee06a5-cfcc-4ac1-a3c7-afad1436935a<-6bf4bd27-d28f-421a-802a-00940bdb9945#0:OK-t0. Peer's state: 6bf4bd27-d28f-421a-802a-00940bdb9945@group-0571E2346807:t0, leader=null, voted=, raftlog=Memoized:6bf4bd27-d28f-421a-802a-00940bdb9945@group-0571E2346807-SegmentedRaftLog:OPENED:c-1, conf=-1: peers:[6bf4bd27-d28f-421a-802a-00940bdb9945|rpc:10.1.0.25:15171|admin:10.1.0.25:15170|client:10.1.0.25:15169|dataStream:10.1.0.25:15172|priority:0|startupRole:FOLLOWER, a09c5a64-4ee1-447f-bdad-955dc0571893|rpc:10.1.0.25:15162|admin:10.1.0.25:15161|client:10.1.0.25:15160|dataStream:10.1.0.25:15163|priority:0|startupRole:FOLLOWER, 03ee06a5-cfcc-4ac1-a3c7-afad1436935a|rpc:10.1.0.25:15153|admin:10.1.0.25:15152|client:10.1.0.25:15151|dataStream:10.1.0.25:15154|priority:1|startupRole:FOLLOWER]|listeners:[], old=null
2023-10-17 18:44:56,346 [03ee06a5-cfcc-4ac1-a3c7-afad1436935a@group-0571E2346807-LeaderElection29] INFO  impl.LeaderElection (LeaderElection.java:logAndReturn(90)) - 03ee06a5-cfcc-4ac1-a3c7-afad1436935a@group-0571E2346807-LeaderElection29: PRE_VOTE PASSED received 1 response(s) and 0 exception(s):
2023-10-17 18:44:56,346 [03ee06a5-cfcc-4ac1-a3c7-afad1436935a@group-0571E2346807-LeaderElection29] INFO  impl.LeaderElection (LeaderElection.java:logAndReturn(94)) -   Response 0: 03ee06a5-cfcc-4ac1-a3c7-afad1436935a<-6bf4bd27-d28f-421a-802a-00940bdb9945#0:OK-t0
2023-10-17 18:44:56,346 [03ee06a5-cfcc-4ac1-a3c7-afad1436935a@group-0571E2346807-LeaderElection29] INFO  impl.LeaderElection (LeaderElection.java:askForVotes(323)) - 03ee06a5-cfcc-4ac1-a3c7-afad1436935a@group-0571E2346807-LeaderElection29 PRE_VOTE round 0: result PASSED
2023-10-17 18:44:56,347 [grpc-default-executor-0] INFO  server.RaftServer$Division (RaftServerImpl.java:requestVote(1302)) - a09c5a64-4ee1-447f-bdad-955dc0571893@group-0571E2346807: receive requestVote(PRE_VOTE, 03ee06a5-cfcc-4ac1-a3c7-afad1436935a, group-0571E2346807, 0, (t:0, i:0))
2023-10-17 18:44:56,347 [grpc-default-executor-0] INFO  impl.VoteContext (VoteContext.java:log(49)) - a09c5a64-4ee1-447f-bdad-955dc0571893@group-0571E2346807-FOLLOWER: accept PRE_VOTE from 03ee06a5-cfcc-4ac1-a3c7-afad1436935a: our priority 0 <= candidate's priority 1
2023-10-17 18:44:56,347 [grpc-default-executor-0] INFO  server.RaftServer$Division (RaftServerImpl.java:requestVote(1335)) - a09c5a64-4ee1-447f-bdad-955dc0571893@group-0571E2346807 replies to PRE_VOTE vote request: 03ee06a5-cfcc-4ac1-a3c7-afad1436935a<-a09c5a64-4ee1-447f-bdad-955dc0571893#0:OK-t0. Peer's state: a09c5a64-4ee1-447f-bdad-955dc0571893@group-0571E2346807:t0, leader=null, voted=, raftlog=Memoized:a09c5a64-4ee1-447f-bdad-955dc0571893@group-0571E2346807-SegmentedRaftLog:OPENED:c-1, conf=-1: peers:[6bf4bd27-d28f-421a-802a-00940bdb9945|rpc:10.1.0.25:15171|admin:10.1.0.25:15170|client:10.1.0.25:15169|dataStream:10.1.0.25:15172|priority:0|startupRole:FOLLOWER, a09c5a64-4ee1-447f-bdad-955dc0571893|rpc:10.1.0.25:15162|admin:10.1.0.25:15161|client:10.1.0.25:15160|dataStream:10.1.0.25:15163|priority:0|startupRole:FOLLOWER, 03ee06a5-cfcc-4ac1-a3c7-afad1436935a|rpc:10.1.0.25:15153|admin:10.1.0.25:15152|client:10.1.0.25:15151|dataStream:10.1.0.25:15154|priority:1|startupRole:FOLLOWER]|listeners:[], old=null
2023-10-17 18:44:56,348 [03ee06a5-cfcc-4ac1-a3c7-afad1436935a@group-0571E2346807-LeaderElection29] INFO  impl.LeaderElection (LeaderElection.java:askForVotes(321)) - 03ee06a5-cfcc-4ac1-a3c7-afad1436935a@group-0571E2346807-LeaderElection29 ELECTION round 0: submit vote requests at term 1 for -1: peers:[6bf4bd27-d28f-421a-802a-00940bdb9945|rpc:10.1.0.25:15171|admin:10.1.0.25:15170|client:10.1.0.25:15169|dataStream:10.1.0.25:15172|priority:0|startupRole:FOLLOWER, a09c5a64-4ee1-447f-bdad-955dc0571893|rpc:10.1.0.25:15162|admin:10.1.0.25:15161|client:10.1.0.25:15160|dataStream:10.1.0.25:15163|priority:0|startupRole:FOLLOWER, 03ee06a5-cfcc-4ac1-a3c7-afad1436935a|rpc:10.1.0.25:15153|admin:10.1.0.25:15152|client:10.1.0.25:15151|dataStream:10.1.0.25:15154|priority:1|startupRole:FOLLOWER]|listeners:[], old=null
2023-10-17 18:44:56,350 [03ee06a5-cfcc-4ac1-a3c7-afad1436935a@group-0571E2346807-LeaderElection29] INFO  server.RaftServerConfigKeys (ConfUtils.java:logFallback(53)) - raft.server.rpc.first-election.timeout.min = 5s (fallback to raft.server.rpc.timeout.min)
2023-10-17 18:44:56,351 [03ee06a5-cfcc-4ac1-a3c7-afad1436935a@group-0571E2346807-LeaderElection29] INFO  server.RaftServerConfigKeys (ConfUtils.java:logFallback(53)) - raft.server.rpc.first-election.timeout.max = 5200ms (fallback to raft.server.rpc.timeout.max)
2023-10-17 18:44:56,355 [grpc-default-executor-0] INFO  server.RaftServer$Division (RaftServerImpl.java:requestVote(1302)) - a09c5a64-4ee1-447f-bdad-955dc0571893@group-0571E2346807: receive requestVote(ELECTION, 03ee06a5-cfcc-4ac1-a3c7-afad1436935a, group-0571E2346807, 1, (t:0, i:0))
2023-10-17 18:44:56,355 [grpc-default-executor-0] INFO  impl.VoteContext (VoteContext.java:log(49)) - a09c5a64-4ee1-447f-bdad-955dc0571893@group-0571E2346807-FOLLOWER: accept ELECTION from 03ee06a5-cfcc-4ac1-a3c7-afad1436935a: our priority 0 <= candidate's priority 1
2023-10-17 18:44:56,355 [grpc-default-executor-0] INFO  server.RaftServer$Division (RaftServerImpl.java:setRole(329)) - a09c5a64-4ee1-447f-bdad-955dc0571893@group-0571E2346807: changes role from  FOLLOWER to FOLLOWER at term 1 for candidate:03ee06a5-cfcc-4ac1-a3c7-afad1436935a
2023-10-17 18:44:56,355 [grpc-default-executor-0] INFO  impl.RoleInfo (RoleInfo.java:shutdownFollowerState(110)) - a09c5a64-4ee1-447f-bdad-955dc0571893: shutdown a09c5a64-4ee1-447f-bdad-955dc0571893@group-0571E2346807-FollowerState
2023-10-17 18:44:56,358 [grpc-default-executor-0] INFO  impl.RoleInfo (RoleInfo.java:updateAndGet(139)) - a09c5a64-4ee1-447f-bdad-955dc0571893: start a09c5a64-4ee1-447f-bdad-955dc0571893@group-0571E2346807-FollowerState
2023-10-17 18:44:56,358 [a09c5a64-4ee1-447f-bdad-955dc0571893@group-0571E2346807-FollowerState] INFO  impl.FollowerState (FollowerState.java:run(152)) - a09c5a64-4ee1-447f-bdad-955dc0571893@group-0571E2346807-FollowerState was interrupted
2023-10-17 18:44:56,358 [grpc-default-executor-1] INFO  server.RaftServer$Division (RaftServerImpl.java:requestVote(1302)) - 6bf4bd27-d28f-421a-802a-00940bdb9945@group-0571E2346807: receive requestVote(ELECTION, 03ee06a5-cfcc-4ac1-a3c7-afad1436935a, group-0571E2346807, 1, (t:0, i:0))
2023-10-17 18:44:56,362 [grpc-default-executor-1] INFO  impl.VoteContext (VoteContext.java:log(49)) - 6bf4bd27-d28f-421a-802a-00940bdb9945@group-0571E2346807-FOLLOWER: accept ELECTION from 03ee06a5-cfcc-4ac1-a3c7-afad1436935a: our priority 0 <= candidate's priority 1
2023-10-17 18:44:56,362 [grpc-default-executor-1] INFO  server.RaftServer$Division (RaftServerImpl.java:setRole(329)) - 6bf4bd27-d28f-421a-802a-00940bdb9945@group-0571E2346807: changes role from  FOLLOWER to FOLLOWER at term 1 for candidate:03ee06a5-cfcc-4ac1-a3c7-afad1436935a
2023-10-17 18:44:56,362 [grpc-default-executor-1] INFO  impl.RoleInfo (RoleInfo.java:shutdownFollowerState(110)) - 6bf4bd27-d28f-421a-802a-00940bdb9945: shutdown 6bf4bd27-d28f-421a-802a-00940bdb9945@group-0571E2346807-FollowerState
2023-10-17 18:44:56,362 [6bf4bd27-d28f-421a-802a-00940bdb9945@group-0571E2346807-FollowerState] INFO  impl.FollowerState (FollowerState.java:run(152)) - 6bf4bd27-d28f-421a-802a-00940bdb9945@group-0571E2346807-FollowerState was interrupted
2023-10-17 18:44:56,365 [grpc-default-executor-1] INFO  impl.RoleInfo (RoleInfo.java:updateAndGet(139)) - 6bf4bd27-d28f-421a-802a-00940bdb9945: start 6bf4bd27-d28f-421a-802a-00940bdb9945@group-0571E2346807-FollowerState
2023-10-17 18:44:56,365 [grpc-default-executor-0] INFO  server.RaftServer$Division (RaftServerImpl.java:requestVote(1335)) - a09c5a64-4ee1-447f-bdad-955dc0571893@group-0571E2346807 replies to ELECTION vote request: 03ee06a5-cfcc-4ac1-a3c7-afad1436935a<-a09c5a64-4ee1-447f-bdad-955dc0571893#0:OK-t1. Peer's state: a09c5a64-4ee1-447f-bdad-955dc0571893@group-0571E2346807:t1, leader=null, voted=03ee06a5-cfcc-4ac1-a3c7-afad1436935a, raftlog=Memoized:a09c5a64-4ee1-447f-bdad-955dc0571893@group-0571E2346807-SegmentedRaftLog:OPENED:c-1, conf=-1: peers:[6bf4bd27-d28f-421a-802a-00940bdb9945|rpc:10.1.0.25:15171|admin:10.1.0.25:15170|client:10.1.0.25:15169|dataStream:10.1.0.25:15172|priority:0|startupRole:FOLLOWER, a09c5a64-4ee1-447f-bdad-955dc0571893|rpc:10.1.0.25:15162|admin:10.1.0.25:15161|client:10.1.0.25:15160|dataStream:10.1.0.25:15163|priority:0|startupRole:FOLLOWER, 03ee06a5-cfcc-4ac1-a3c7-afad1436935a|rpc:10.1.0.25:15153|admin:10.1.0.25:15152|client:10.1.0.25:15151|dataStream:10.1.0.25:15154|priority:1|startupRole:FOLLOWER]|listeners:[], old=null
2023-10-17 18:44:56,368 [03ee06a5-cfcc-4ac1-a3c7-afad1436935a@group-AB198594C4B3-FollowerState] INFO  impl.FollowerState (FollowerState.java:run(143)) - 03ee06a5-cfcc-4ac1-a3c7-afad1436935a@group-AB198594C4B3-FollowerState: change to CANDIDATE, lastRpcElapsedTime:5157937381ns, electionTimeout:5144ms
2023-10-17 18:44:56,369 [03ee06a5-cfcc-4ac1-a3c7-afad1436935a@group-AB198594C4B3-FollowerState] INFO  impl.RoleInfo (RoleInfo.java:shutdownFollowerState(110)) - 03ee06a5-cfcc-4ac1-a3c7-afad1436935a: shutdown 03ee06a5-cfcc-4ac1-a3c7-afad1436935a@group-AB198594C4B3-FollowerState
2023-10-17 18:44:56,369 [03ee06a5-cfcc-4ac1-a3c7-afad1436935a@group-AB198594C4B3-FollowerState] INFO  server.RaftServer$Division (RaftServerImpl.java:setRole(329)) - 03ee06a5-cfcc-4ac1-a3c7-afad1436935a@group-AB198594C4B3: changes role from  FOLLOWER to CANDIDATE at term 0 for changeToCandidate
2023-10-17 18:44:56,370 [03ee06a5-cfcc-4ac1-a3c7-afad1436935a@group-AB198594C4B3-FollowerState] INFO  server.RaftServerConfigKeys (ConfUtils.java:logGet(46)) - raft.server.leaderelection.pre-vote = true (default)
2023-10-17 18:44:56,370 [03ee06a5-cfcc-4ac1-a3c7-afad1436935a@group-AB198594C4B3-FollowerState] INFO  impl.RoleInfo (RoleInfo.java:updateAndGet(139)) - 03ee06a5-cfcc-4ac1-a3c7-afad1436935a: start 03ee06a5-cfcc-4ac1-a3c7-afad1436935a@group-AB198594C4B3-LeaderElection30
2023-10-17 18:44:56,372 [grpc-default-executor-1] INFO  server.RaftServer$Division (RaftServerImpl.java:requestVote(1335)) - 6bf4bd27-d28f-421a-802a-00940bdb9945@group-0571E2346807 replies to ELECTION vote request: 03ee06a5-cfcc-4ac1-a3c7-afad1436935a<-6bf4bd27-d28f-421a-802a-00940bdb9945#0:OK-t1. Peer's state: 6bf4bd27-d28f-421a-802a-00940bdb9945@group-0571E2346807:t1, leader=null, voted=03ee06a5-cfcc-4ac1-a3c7-afad1436935a, raftlog=Memoized:6bf4bd27-d28f-421a-802a-00940bdb9945@group-0571E2346807-SegmentedRaftLog:OPENED:c-1, conf=-1: peers:[6bf4bd27-d28f-421a-802a-00940bdb9945|rpc:10.1.0.25:15171|admin:10.1.0.25:15170|client:10.1.0.25:15169|dataStream:10.1.0.25:15172|priority:0|startupRole:FOLLOWER, a09c5a64-4ee1-447f-bdad-955dc0571893|rpc:10.1.0.25:15162|admin:10.1.0.25:15161|client:10.1.0.25:15160|dataStream:10.1.0.25:15163|priority:0|startupRole:FOLLOWER, 03ee06a5-cfcc-4ac1-a3c7-afad1436935a|rpc:10.1.0.25:15153|admin:10.1.0.25:15152|client:10.1.0.25:15151|dataStream:10.1.0.25:15154|priority:1|startupRole:FOLLOWER]|listeners:[], old=null
2023-10-17 18:44:56,373 [03ee06a5-cfcc-4ac1-a3c7-afad1436935a@group-0571E2346807-LeaderElection29] INFO  impl.LeaderElection (LeaderElection.java:logAndReturn(90)) - 03ee06a5-cfcc-4ac1-a3c7-afad1436935a@group-0571E2346807-LeaderElection29: ELECTION PASSED received 1 response(s) and 0 exception(s):
2023-10-17 18:44:56,373 [03ee06a5-cfcc-4ac1-a3c7-afad1436935a@group-0571E2346807-LeaderElection29] INFO  impl.LeaderElection (LeaderElection.java:logAndReturn(94)) -   Response 0: 03ee06a5-cfcc-4ac1-a3c7-afad1436935a<-a09c5a64-4ee1-447f-bdad-955dc0571893#0:OK-t1
2023-10-17 18:44:56,373 [03ee06a5-cfcc-4ac1-a3c7-afad1436935a@group-0571E2346807-LeaderElection29] INFO  impl.LeaderElection (LeaderElection.java:askForVotes(323)) - 03ee06a5-cfcc-4ac1-a3c7-afad1436935a@group-0571E2346807-LeaderElection29 ELECTION round 0: result PASSED
2023-10-17 18:44:56,373 [03ee06a5-cfcc-4ac1-a3c7-afad1436935a@group-0571E2346807-LeaderElection29] INFO  impl.RoleInfo (RoleInfo.java:shutdownLeaderElection(130)) - 03ee06a5-cfcc-4ac1-a3c7-afad1436935a: shutdown 03ee06a5-cfcc-4ac1-a3c7-afad1436935a@group-0571E2346807-LeaderElection29
2023-10-17 18:44:56,373 [03ee06a5-cfcc-4ac1-a3c7-afad1436935a@group-0571E2346807-LeaderElection29] INFO  server.RaftServer$Division (RaftServerImpl.java:setRole(329)) - 03ee06a5-cfcc-4ac1-a3c7-afad1436935a@group-0571E2346807: changes role from CANDIDATE to LEADER at term 1 for changeToLeader
2023-10-17 18:44:56,373 [03ee06a5-cfcc-4ac1-a3c7-afad1436935a@group-0571E2346807-LeaderElection29] INFO  ratis.XceiverServerRatis (XceiverServerRatis.java:handleLeaderChangedNotification(902)) - Leader change notification received for group: group-0571E2346807 with new leaderId: 03ee06a5-cfcc-4ac1-a3c7-afad1436935a
2023-10-17 18:44:56,373 [03ee06a5-cfcc-4ac1-a3c7-afad1436935a@group-0571E2346807-LeaderElection29] INFO  server.RaftServer$Division (ServerState.java:setLeader(317)) - 03ee06a5-cfcc-4ac1-a3c7-afad1436935a@group-0571E2346807: change Leader from null to 03ee06a5-cfcc-4ac1-a3c7-afad1436935a at term 1 for becomeLeader, leader elected after 5151ms
2023-10-17 18:44:56,373 [03ee06a5-cfcc-4ac1-a3c7-afad1436935a@group-0571E2346807-LeaderElection29] INFO  server.RaftServerConfigKeys (ConfUtils.java:logGet(46)) - raft.server.staging.catchup.gap = 1000 (default)
2023-10-17 18:44:56,374 [03ee06a5-cfcc-4ac1-a3c7-afad1436935a@group-0571E2346807-LeaderElection29] INFO  server.RaftServerConfigKeys (ConfUtils.java:logGet(46)) - raft.server.write.element-limit = 1024 (custom)
2023-10-17 18:44:56,374 [03ee06a5-cfcc-4ac1-a3c7-afad1436935a@group-0571E2346807-LeaderElection29] INFO  server.RaftServerConfigKeys (ConfUtils.java:logGet(46)) - raft.server.write.byte-limit = 1024 M (=1073741824) (custom)
2023-10-17 18:44:56,374 [03ee06a5-cfcc-4ac1-a3c7-afad1436935a@group-0571E2346807-LeaderElection29] INFO  server.RaftServerConfigKeys (ConfUtils.java:logGet(46)) - raft.server.watch.timeout = 180s (custom)
2023-10-17 18:44:56,374 [03ee06a5-cfcc-4ac1-a3c7-afad1436935a@group-0571E2346807-LeaderElection29] INFO  server.RaftServerConfigKeys (ConfUtils.java:logGet(46)) - raft.server.watch.timeout.denomination = 1s (default)
2023-10-17 18:44:56,374 [03ee06a5-cfcc-4ac1-a3c7-afad1436935a@group-0571E2346807-LeaderElection29] INFO  server.RaftServerConfigKeys (ConfUtils.java:logGet(46)) - raft.server.watch.element-limit = 65536 (default)
2023-10-17 18:44:56,374 [03ee06a5-cfcc-4ac1-a3c7-afad1436935a@group-0571E2346807-LeaderElection29] INFO  server.RaftServerConfigKeys (ConfUtils.java:logGet(46)) - raft.server.write.element-limit = 1024 (custom)
2023-10-17 18:44:56,374 [03ee06a5-cfcc-4ac1-a3c7-afad1436935a@group-0571E2346807-LeaderElection29] INFO  server.RaftServerConfigKeys (ConfUtils.java:logGet(46)) - raft.server.write.follower.gap.ratio.max = -1.0 (default)
2023-10-17 18:44:56,374 [03ee06a5-cfcc-4ac1-a3c7-afad1436935a@group-0571E2346807-LeaderElection29] INFO  server.RaftServerConfigKeys (ConfUtils.java:logGet(46)) - raft.server.log.appender.snapshot.chunk.size.max = 16MB (=16777216) (default)
2023-10-17 18:44:56,375 [03ee06a5-cfcc-4ac1-a3c7-afad1436935a@group-0571E2346807-LeaderElection29] INFO  server.RaftServerConfigKeys (ConfUtils.java:logGet(46)) - raft.server.log.appender.buffer.byte-limit = 33554432 (custom)
2023-10-17 18:44:56,375 [03ee06a5-cfcc-4ac1-a3c7-afad1436935a@group-0571E2346807-LeaderElection29] INFO  server.RaftServerConfigKeys (ConfUtils.java:logGet(46)) - raft.server.log.appender.buffer.element-limit = 1 (custom)
2023-10-17 18:44:56,375 [03ee06a5-cfcc-4ac1-a3c7-afad1436935a@group-0571E2346807-LeaderElection29] INFO  server.RaftServerConfigKeys (ConfUtils.java:logGet(46)) - raft.server.log.appender.wait-time.min = 1ms (custom)
2023-10-17 18:44:56,375 [03ee06a5-cfcc-4ac1-a3c7-afad1436935a@group-0571E2346807-LeaderElection29] INFO  grpc.GrpcConfigKeys (ConfUtils.java:logGet(46)) - raft.grpc.server.leader.outstanding.appends.max = 128 (default)
2023-10-17 18:44:56,375 [03ee06a5-cfcc-4ac1-a3c7-afad1436935a@group-0571E2346807-LeaderElection29] INFO  server.RaftServerConfigKeys (ConfUtils.java:logGet(46)) - raft.server.rpc.request.timeout = 60s (custom)
2023-10-17 18:44:56,375 [03ee06a5-cfcc-4ac1-a3c7-afad1436935a@group-0571E2346807-LeaderElection29] INFO  grpc.GrpcConfigKeys (ConfUtils.java:logGet(46)) - raft.grpc.server.install_snapshot.request.element-limit = 8 (default)
2023-10-17 18:44:56,375 [03ee06a5-cfcc-4ac1-a3c7-afad1436935a@group-0571E2346807-LeaderElection29] INFO  grpc.GrpcConfigKeys (ConfUtils.java:logGet(46)) - raft.grpc.server.install_snapshot.request.timeout = 3000ms (default)
2023-10-17 18:44:56,375 [03ee06a5-cfcc-4ac1-a3c7-afad1436935a@group-0571E2346807-LeaderElection29] INFO  server.RaftServerConfigKeys (ConfUtils.java:logGet(46)) - raft.server.log.appender.install.snapshot.enabled = false (custom)
2023-10-17 18:44:56,375 [03ee06a5-cfcc-4ac1-a3c7-afad1436935a@group-0571E2346807-LeaderElection29] INFO  grpc.GrpcConfigKeys (ConfUtils.java:logGet(46)) - raft.grpc.server.heartbeat.channel = true (default)
2023-10-17 18:44:56,375 [03ee06a5-cfcc-4ac1-a3c7-afad1436935a@group-0571E2346807-LeaderElection29] INFO  server.RaftServerConfigKeys (ConfUtils.java:logGet(46)) - raft.server.log.appender.snapshot.chunk.size.max = 16MB (=16777216) (default)
2023-10-17 18:44:56,375 [03ee06a5-cfcc-4ac1-a3c7-afad1436935a@group-0571E2346807-LeaderElection29] INFO  server.RaftServerConfigKeys (ConfUtils.java:logGet(46)) - raft.server.log.appender.buffer.byte-limit = 33554432 (custom)
2023-10-17 18:44:56,375 [03ee06a5-cfcc-4ac1-a3c7-afad1436935a@group-0571E2346807-LeaderElection29] INFO  server.RaftServerConfigKeys (ConfUtils.java:logGet(46)) - raft.server.log.appender.buffer.element-limit = 1 (custom)
2023-10-17 18:44:56,375 [03ee06a5-cfcc-4ac1-a3c7-afad1436935a@group-0571E2346807-LeaderElection29] INFO  server.RaftServerConfigKeys (ConfUtils.java:logGet(46)) - raft.server.log.appender.wait-time.min = 1ms (custom)
2023-10-17 18:44:56,376 [03ee06a5-cfcc-4ac1-a3c7-afad1436935a@group-0571E2346807-LeaderElection29] INFO  grpc.GrpcConfigKeys (ConfUtils.java:logGet(46)) - raft.grpc.server.leader.outstanding.appends.max = 128 (default)
2023-10-17 18:44:56,376 [03ee06a5-cfcc-4ac1-a3c7-afad1436935a@group-0571E2346807-LeaderElection29] INFO  server.RaftServerConfigKeys (ConfUtils.java:logGet(46)) - raft.server.rpc.request.timeout = 60s (custom)
2023-10-17 18:44:56,376 [03ee06a5-cfcc-4ac1-a3c7-afad1436935a@group-0571E2346807-LeaderElection29] INFO  grpc.GrpcConfigKeys (ConfUtils.java:logGet(46)) - raft.grpc.server.install_snapshot.request.element-limit = 8 (default)
2023-10-17 18:44:56,376 [03ee06a5-cfcc-4ac1-a3c7-afad1436935a@group-0571E2346807-LeaderElection29] INFO  grpc.GrpcConfigKeys (ConfUtils.java:logGet(46)) - raft.grpc.server.install_snapshot.request.timeout = 3000ms (default)
2023-10-17 18:44:56,376 [03ee06a5-cfcc-4ac1-a3c7-afad1436935a@group-0571E2346807-LeaderElection29] INFO  server.RaftServerConfigKeys (ConfUtils.java:logGet(46)) - raft.server.log.appender.install.snapshot.enabled = false (custom)
2023-10-17 18:44:56,376 [03ee06a5-cfcc-4ac1-a3c7-afad1436935a@group-0571E2346807-LeaderElection29] INFO  grpc.GrpcConfigKeys (ConfUtils.java:logGet(46)) - raft.grpc.server.heartbeat.channel = true (default)
2023-10-17 18:44:56,376 [03ee06a5-cfcc-4ac1-a3c7-afad1436935a@group-0571E2346807-LeaderElection29] INFO  impl.RoleInfo (RoleInfo.java:updateAndGet(139)) - 03ee06a5-cfcc-4ac1-a3c7-afad1436935a: start 03ee06a5-cfcc-4ac1-a3c7-afad1436935a@group-0571E2346807-LeaderStateImpl
2023-10-17 18:44:56,376 [03ee06a5-cfcc-4ac1-a3c7-afad1436935a@group-0571E2346807-LeaderElection29] INFO  segmented.SegmentedRaftLogWorker (SegmentedRaftLogWorker.java:startLogSegment(447)) - 03ee06a5-cfcc-4ac1-a3c7-afad1436935a@group-0571E2346807-SegmentedRaftLogWorker: Starting segment from index:0
2023-10-17 18:44:56,378 [EventQueue-OpenPipelineForHealthyPipelineSafeModeRule] INFO  safemode.SCMSafeModeManager (HealthyPipelineSafeModeRule.java:process(137)) - SCM in safe mode. Healthy pipelines reported count is 0, required healthy pipeline reported count is 1
2023-10-17 18:44:56,378 [EventQueue-PipelineReportForPipelineReportHandler] INFO  pipeline.PipelineReportHandler (PipelineReportHandler.java:processPipelineReport(136)) - Opened pipeline PipelineID=62e6cc5a-97d2-4a66-be11-0571e2346807
2023-10-17 18:44:56,378 [EventQueue-OpenPipelineForHealthyPipelineSafeModeRule] INFO  safemode.SCMSafeModeManager (HealthyPipelineSafeModeRule.java:process(137)) - SCM in safe mode. Healthy pipelines reported count is 1, required healthy pipeline reported count is 1
2023-10-17 18:44:56,378 [EventQueue-OpenPipelineForHealthyPipelineSafeModeRule] INFO  safemode.SCMSafeModeManager (SCMSafeModeManager.java:validateSafeModeExitRules(200)) - HealthyPipelineSafeModeRule rule is successfully validated
2023-10-17 18:44:56,378 [EventQueue-OpenPipelineForHealthyPipelineSafeModeRule] INFO  safemode.SCMSafeModeManager (SCMSafeModeManager.java:validateSafeModeExitRules(215)) - ScmSafeModeManager, all rules are successfully validated
2023-10-17 18:44:56,378 [EventQueue-OpenPipelineForHealthyPipelineSafeModeRule] INFO  safemode.SCMSafeModeManager (SCMSafeModeManager.java:exitSafeMode(244)) - SCM exiting safe mode.
2023-10-17 18:44:56,379 [EventQueue-OpenPipelineForHealthyPipelineSafeModeRule] INFO  ha.SCMContext (SCMContext.java:updateSafeModeStatus(230)) - Update SafeModeStatus from SafeModeStatus{safeModeStatus=true, preCheckPassed=true} to SafeModeStatus{safeModeStatus=false, preCheckPassed=true}.
2023-10-17 18:44:56,379 [EventQueue-OpenPipelineForHealthyPipelineSafeModeRule] INFO  pipeline.BackgroundPipelineCreator (BackgroundPipelineCreator.java:notifyStatusChanged(255)) - Service BackgroundPipelineCreator transitions to RUNNING.
2023-10-17 18:44:56,379 [EventQueue-OpenPipelineForHealthyPipelineSafeModeRule] INFO  BackgroundPipelineScrubber (BackgroundSCMService.java:notifyStatusChanged(82)) - Service BackgroundPipelineScrubber transitions to RUNNING.
2023-10-17 18:44:56,379 [EventQueue-OpenPipelineForHealthyPipelineSafeModeRule] INFO  ExpiredContainerReplicaOpScrubber (BackgroundSCMService.java:notifyStatusChanged(82)) - Service ExpiredContainerReplicaOpScrubber transitions to RUNNING.
2023-10-17 18:44:56,379 [EventQueue-OpenPipelineForHealthyPipelineSafeModeRule] INFO  replication.ReplicationManager (ReplicationManager.java:notifyStatusChanged(1370)) - Service ReplicationManager transitions to RUNNING.
2023-10-17 18:44:56,379 [03ee06a5-cfcc-4ac1-a3c7-afad1436935a@group-0571E2346807-SegmentedRaftLogWorker] INFO  segmented.SegmentedRaftLogWorker (SegmentedRaftLogWorker.java:execute(651)) - 03ee06a5-cfcc-4ac1-a3c7-afad1436935a@group-0571E2346807-SegmentedRaftLogWorker: created new log segment /home/runner/work/ozone/ozone/hadoop-ozone/integration-test/target/test-dir/MiniOzoneClusterImpl-d744795c-134c-47f3-98d5-5c735d9275da/datanode-0/data/ratis/62e6cc5a-97d2-4a66-be11-0571e2346807/current/log_inprogress_0
2023-10-17 18:44:56,379 [EventQueue-OpenPipelineForHealthyPipelineSafeModeRule] WARN  balancer.ContainerBalancer (ContainerBalancer.java:shouldRun(134)) - Could not find persisted configuration for ContainerBalancer when checking if ContainerBalancer should run. ContainerBalancer should not run now.
2023-10-17 18:44:56,383 [03ee06a5-cfcc-4ac1-a3c7-afad1436935a@group-AB198594C4B3-LeaderElection30] INFO  impl.LeaderElection (LeaderElection.java:askForVotes(321)) - 03ee06a5-cfcc-4ac1-a3c7-afad1436935a@group-AB198594C4B3-LeaderElection30 PRE_VOTE round 0: submit vote requests at term 0 for -1: peers:[03ee06a5-cfcc-4ac1-a3c7-afad1436935a|rpc:10.1.0.25:15153|admin:10.1.0.25:15152|client:10.1.0.25:15151|dataStream:10.1.0.25:15154|priority:1|startupRole:FOLLOWER]|listeners:[], old=null
2023-10-17 18:44:56,383 [03ee06a5-cfcc-4ac1-a3c7-afad1436935a@group-AB198594C4B3-LeaderElection30] INFO  impl.LeaderElection (LeaderElection.java:askForVotes(323)) - 03ee06a5-cfcc-4ac1-a3c7-afad1436935a@group-AB198594C4B3-LeaderElection30 PRE_VOTE round 0: result PASSED (term=0)
2023-10-17 18:44:56,385 [03ee06a5-cfcc-4ac1-a3c7-afad1436935a@group-AB198594C4B3-LeaderElection30] INFO  impl.LeaderElection (LeaderElection.java:askForVotes(321)) - 03ee06a5-cfcc-4ac1-a3c7-afad1436935a@group-AB198594C4B3-LeaderElection30 ELECTION round 0: submit vote requests at term 1 for -1: peers:[03ee06a5-cfcc-4ac1-a3c7-afad1436935a|rpc:10.1.0.25:15153|admin:10.1.0.25:15152|client:10.1.0.25:15151|dataStream:10.1.0.25:15154|priority:1|startupRole:FOLLOWER]|listeners:[], old=null
2023-10-17 18:44:56,385 [03ee06a5-cfcc-4ac1-a3c7-afad1436935a@group-AB198594C4B3-LeaderElection30] INFO  impl.LeaderElection (LeaderElection.java:askForVotes(323)) - 03ee06a5-cfcc-4ac1-a3c7-afad1436935a@group-AB198594C4B3-LeaderElection30 ELECTION round 0: result PASSED (term=1)
2023-10-17 18:44:56,385 [03ee06a5-cfcc-4ac1-a3c7-afad1436935a@group-AB198594C4B3-LeaderElection30] INFO  impl.RoleInfo (RoleInfo.java:shutdownLeaderElection(130)) - 03ee06a5-cfcc-4ac1-a3c7-afad1436935a: shutdown 03ee06a5-cfcc-4ac1-a3c7-afad1436935a@group-AB198594C4B3-LeaderElection30
2023-10-17 18:44:56,385 [03ee06a5-cfcc-4ac1-a3c7-afad1436935a@group-AB198594C4B3-LeaderElection30] INFO  server.RaftServer$Division (RaftServerImpl.java:setRole(329)) - 03ee06a5-cfcc-4ac1-a3c7-afad1436935a@group-AB198594C4B3: changes role from CANDIDATE to LEADER at term 1 for changeToLeader
2023-10-17 18:44:56,385 [03ee06a5-cfcc-4ac1-a3c7-afad1436935a@group-AB198594C4B3-LeaderElection30] INFO  ratis.XceiverServerRatis (XceiverServerRatis.java:handleLeaderChangedNotification(902)) - Leader change notification received for group: group-AB198594C4B3 with new leaderId: 03ee06a5-cfcc-4ac1-a3c7-afad1436935a
2023-10-17 18:44:56,397 [03ee06a5-cfcc-4ac1-a3c7-afad1436935a@group-AB198594C4B3-LeaderElection30] INFO  server.RaftServer$Division (ServerState.java:setLeader(317)) - 03ee06a5-cfcc-4ac1-a3c7-afad1436935a@group-AB198594C4B3: change Leader from null to 03ee06a5-cfcc-4ac1-a3c7-afad1436935a at term 1 for becomeLeader, leader elected after 5187ms
2023-10-17 18:44:56,397 [03ee06a5-cfcc-4ac1-a3c7-afad1436935a@group-0571E2346807-LeaderElection29] INFO  server.RaftServer$Division (ServerState.java:setRaftConf(434)) - 03ee06a5-cfcc-4ac1-a3c7-afad1436935a@group-0571E2346807: set configuration 0: peers:[6bf4bd27-d28f-421a-802a-00940bdb9945|rpc:10.1.0.25:15171|admin:10.1.0.25:15170|client:10.1.0.25:15169|dataStream:10.1.0.25:15172|priority:0|startupRole:FOLLOWER, a09c5a64-4ee1-447f-bdad-955dc0571893|rpc:10.1.0.25:15162|admin:10.1.0.25:15161|client:10.1.0.25:15160|dataStream:10.1.0.25:15163|priority:0|startupRole:FOLLOWER, 03ee06a5-cfcc-4ac1-a3c7-afad1436935a|rpc:10.1.0.25:15153|admin:10.1.0.25:15152|client:10.1.0.25:15151|dataStream:10.1.0.25:15154|priority:1|startupRole:FOLLOWER]|listeners:[], old=null
2023-10-17 18:44:56,397 [03ee06a5-cfcc-4ac1-a3c7-afad1436935a@group-AB198594C4B3-LeaderElection30] INFO  server.RaftServerConfigKeys (ConfUtils.java:logGet(46)) - raft.server.staging.catchup.gap = 1000 (default)
2023-10-17 18:44:56,397 [03ee06a5-cfcc-4ac1-a3c7-afad1436935a@group-AB198594C4B3-LeaderElection30] INFO  server.RaftServerConfigKeys (ConfUtils.java:logGet(46)) - raft.server.write.element-limit = 1024 (custom)
2023-10-17 18:44:56,397 [03ee06a5-cfcc-4ac1-a3c7-afad1436935a@group-AB198594C4B3-LeaderElection30] INFO  server.RaftServerConfigKeys (ConfUtils.java:logGet(46)) - raft.server.write.byte-limit = 1024 M (=1073741824) (custom)
2023-10-17 18:44:56,397 [03ee06a5-cfcc-4ac1-a3c7-afad1436935a@group-AB198594C4B3-LeaderElection30] INFO  server.RaftServerConfigKeys (ConfUtils.java:logGet(46)) - raft.server.watch.timeout = 180s (custom)
2023-10-17 18:44:56,397 [03ee06a5-cfcc-4ac1-a3c7-afad1436935a@group-AB198594C4B3-LeaderElection30] INFO  server.RaftServerConfigKeys (ConfUtils.java:logGet(46)) - raft.server.watch.timeout.denomination = 1s (default)
2023-10-17 18:44:56,397 [03ee06a5-cfcc-4ac1-a3c7-afad1436935a@group-AB198594C4B3-LeaderElection30] INFO  server.RaftServerConfigKeys (ConfUtils.java:logGet(46)) - raft.server.watch.element-limit = 65536 (default)
2023-10-17 18:44:56,397 [03ee06a5-cfcc-4ac1-a3c7-afad1436935a@group-AB198594C4B3-LeaderElection30] INFO  server.RaftServerConfigKeys (ConfUtils.java:logGet(46)) - raft.server.write.element-limit = 1024 (custom)
2023-10-17 18:44:56,397 [03ee06a5-cfcc-4ac1-a3c7-afad1436935a@group-AB198594C4B3-LeaderElection30] INFO  server.RaftServerConfigKeys (ConfUtils.java:logGet(46)) - raft.server.write.follower.gap.ratio.max = -1.0 (default)
2023-10-17 18:44:56,400 [03ee06a5-cfcc-4ac1-a3c7-afad1436935a@group-AB198594C4B3-LeaderElection30] INFO  impl.RoleInfo (RoleInfo.java:updateAndGet(139)) - 03ee06a5-cfcc-4ac1-a3c7-afad1436935a: start 03ee06a5-cfcc-4ac1-a3c7-afad1436935a@group-AB198594C4B3-LeaderStateImpl
2023-10-17 18:44:56,400 [03ee06a5-cfcc-4ac1-a3c7-afad1436935a@group-AB198594C4B3-LeaderElection30] INFO  segmented.SegmentedRaftLogWorker (SegmentedRaftLogWorker.java:startLogSegment(447)) - 03ee06a5-cfcc-4ac1-a3c7-afad1436935a@group-AB198594C4B3-SegmentedRaftLogWorker: Starting segment from index:0
2023-10-17 18:44:56,402 [03ee06a5-cfcc-4ac1-a3c7-afad1436935a@group-AB198594C4B3-SegmentedRaftLogWorker] INFO  segmented.SegmentedRaftLogWorker (SegmentedRaftLogWorker.java:execute(651)) - 03ee06a5-cfcc-4ac1-a3c7-afad1436935a@group-AB198594C4B3-SegmentedRaftLogWorker: created new log segment /home/runner/work/ozone/ozone/hadoop-ozone/integration-test/target/test-dir/MiniOzoneClusterImpl-d744795c-134c-47f3-98d5-5c735d9275da/datanode-0/data/ratis/6e840e8c-c1c1-4682-8ba0-ab198594c4b3/current/log_inprogress_0
2023-10-17 18:44:56,408 [6bf4bd27-d28f-421a-802a-00940bdb9945-server-thread1] INFO  ratis.XceiverServerRatis (XceiverServerRatis.java:handleLeaderChangedNotification(902)) - Leader change notification received for group: group-0571E2346807 with new leaderId: 03ee06a5-cfcc-4ac1-a3c7-afad1436935a
2023-10-17 18:44:56,408 [6bf4bd27-d28f-421a-802a-00940bdb9945-server-thread1] INFO  server.RaftServer$Division (ServerState.java:setLeader(317)) - 6bf4bd27-d28f-421a-802a-00940bdb9945@group-0571E2346807: change Leader from null to 03ee06a5-cfcc-4ac1-a3c7-afad1436935a at term 1 for appendEntries, leader elected after 5135ms
2023-10-17 18:44:56,415 [03ee06a5-cfcc-4ac1-a3c7-afad1436935a@group-AB198594C4B3-LeaderElection30] INFO  server.RaftServer$Division (ServerState.java:setRaftConf(434)) - 03ee06a5-cfcc-4ac1-a3c7-afad1436935a@group-AB198594C4B3: set configuration 0: peers:[03ee06a5-cfcc-4ac1-a3c7-afad1436935a|rpc:10.1.0.25:15153|admin:10.1.0.25:15152|client:10.1.0.25:15151|dataStream:10.1.0.25:15154|priority:1|startupRole:FOLLOWER]|listeners:[], old=null
2023-10-17 18:44:56,415 [6bf4bd27-d28f-421a-802a-00940bdb9945-server-thread1] INFO  server.RaftServer$Division (ServerState.java:setRaftConf(434)) - 6bf4bd27-d28f-421a-802a-00940bdb9945@group-0571E2346807: set configuration 0: peers:[6bf4bd27-d28f-421a-802a-00940bdb9945|rpc:10.1.0.25:15171|admin:10.1.0.25:15170|client:10.1.0.25:15169|dataStream:10.1.0.25:15172|priority:0|startupRole:FOLLOWER, a09c5a64-4ee1-447f-bdad-955dc0571893|rpc:10.1.0.25:15162|admin:10.1.0.25:15161|client:10.1.0.25:15160|dataStream:10.1.0.25:15163|priority:0|startupRole:FOLLOWER, 03ee06a5-cfcc-4ac1-a3c7-afad1436935a|rpc:10.1.0.25:15153|admin:10.1.0.25:15152|client:10.1.0.25:15151|dataStream:10.1.0.25:15154|priority:1|startupRole:FOLLOWER]|listeners:[], old=null
2023-10-17 18:44:56,415 [6bf4bd27-d28f-421a-802a-00940bdb9945-server-thread1] INFO  segmented.SegmentedRaftLogWorker (SegmentedRaftLogWorker.java:startLogSegment(447)) - 6bf4bd27-d28f-421a-802a-00940bdb9945@group-0571E2346807-SegmentedRaftLogWorker: Starting segment from index:0
2023-10-17 18:44:56,420 [6bf4bd27-d28f-421a-802a-00940bdb9945@group-0571E2346807-SegmentedRaftLogWorker] INFO  segmented.SegmentedRaftLogWorker (SegmentedRaftLogWorker.java:execute(651)) - 6bf4bd27-d28f-421a-802a-00940bdb9945@group-0571E2346807-SegmentedRaftLogWorker: created new log segment /home/runner/work/ozone/ozone/hadoop-ozone/integration-test/target/test-dir/MiniOzoneClusterImpl-d744795c-134c-47f3-98d5-5c735d9275da/datanode-2/data/ratis/62e6cc5a-97d2-4a66-be11-0571e2346807/current/log_inprogress_0
2023-10-17 18:44:56,447 [a09c5a64-4ee1-447f-bdad-955dc0571893-server-thread2] INFO  ratis.XceiverServerRatis (XceiverServerRatis.java:handleLeaderChangedNotification(902)) - Leader change notification received for group: group-0571E2346807 with new leaderId: 03ee06a5-cfcc-4ac1-a3c7-afad1436935a
2023-10-17 18:44:56,447 [a09c5a64-4ee1-447f-bdad-955dc0571893-server-thread2] INFO  server.RaftServer$Division (ServerState.java:setLeader(317)) - a09c5a64-4ee1-447f-bdad-955dc0571893@group-0571E2346807: change Leader from null to 03ee06a5-cfcc-4ac1-a3c7-afad1436935a at term 1 for appendEntries, leader elected after 5043ms
2023-10-17 18:44:56,456 [a09c5a64-4ee1-447f-bdad-955dc0571893-server-thread1] INFO  server.RaftServer$Division (ServerState.java:setRaftConf(434)) - a09c5a64-4ee1-447f-bdad-955dc0571893@group-0571E2346807: set configuration 0: peers:[6bf4bd27-d28f-421a-802a-00940bdb9945|rpc:10.1.0.25:15171|admin:10.1.0.25:15170|client:10.1.0.25:15169|dataStream:10.1.0.25:15172|priority:0|startupRole:FOLLOWER, a09c5a64-4ee1-447f-bdad-955dc0571893|rpc:10.1.0.25:15162|admin:10.1.0.25:15161|client:10.1.0.25:15160|dataStream:10.1.0.25:15163|priority:0|startupRole:FOLLOWER, 03ee06a5-cfcc-4ac1-a3c7-afad1436935a|rpc:10.1.0.25:15153|admin:10.1.0.25:15152|client:10.1.0.25:15151|dataStream:10.1.0.25:15154|priority:1|startupRole:FOLLOWER]|listeners:[], old=null
2023-10-17 18:44:56,456 [a09c5a64-4ee1-447f-bdad-955dc0571893-server-thread1] INFO  segmented.SegmentedRaftLogWorker (SegmentedRaftLogWorker.java:startLogSegment(447)) - a09c5a64-4ee1-447f-bdad-955dc0571893@group-0571E2346807-SegmentedRaftLogWorker: Starting segment from index:0
2023-10-17 18:44:56,458 [a09c5a64-4ee1-447f-bdad-955dc0571893@group-0571E2346807-SegmentedRaftLogWorker] INFO  segmented.SegmentedRaftLogWorker (SegmentedRaftLogWorker.java:execute(651)) - a09c5a64-4ee1-447f-bdad-955dc0571893@group-0571E2346807-SegmentedRaftLogWorker: created new log segment /home/runner/work/ozone/ozone/hadoop-ozone/integration-test/target/test-dir/MiniOzoneClusterImpl-d744795c-134c-47f3-98d5-5c735d9275da/datanode-1/data/ratis/62e6cc5a-97d2-4a66-be11-0571e2346807/current/log_inprogress_0
2023-10-17 18:44:56,556 [6bf4bd27-d28f-421a-802a-00940bdb9945@group-8A1AC0108D31-FollowerState] INFO  impl.FollowerState (FollowerState.java:run(143)) - 6bf4bd27-d28f-421a-802a-00940bdb9945@group-8A1AC0108D31-FollowerState: change to CANDIDATE, lastRpcElapsedTime:5006139262ns, electionTimeout:5005ms
2023-10-17 18:44:56,556 [6bf4bd27-d28f-421a-802a-00940bdb9945@group-8A1AC0108D31-FollowerState] INFO  impl.RoleInfo (RoleInfo.java:shutdownFollowerState(110)) - 6bf4bd27-d28f-421a-802a-00940bdb9945: shutdown 6bf4bd27-d28f-421a-802a-00940bdb9945@group-8A1AC0108D31-FollowerState
2023-10-17 18:44:56,556 [6bf4bd27-d28f-421a-802a-00940bdb9945@group-8A1AC0108D31-FollowerState] INFO  server.RaftServer$Division (RaftServerImpl.java:setRole(329)) - 6bf4bd27-d28f-421a-802a-00940bdb9945@group-8A1AC0108D31: changes role from  FOLLOWER to CANDIDATE at term 0 for changeToCandidate
2023-10-17 18:44:56,556 [6bf4bd27-d28f-421a-802a-00940bdb9945@group-8A1AC0108D31-FollowerState] INFO  server.RaftServerConfigKeys (ConfUtils.java:logGet(46)) - raft.server.leaderelection.pre-vote = true (default)
2023-10-17 18:44:56,556 [6bf4bd27-d28f-421a-802a-00940bdb9945@group-8A1AC0108D31-FollowerState] INFO  impl.RoleInfo (RoleInfo.java:updateAndGet(139)) - 6bf4bd27-d28f-421a-802a-00940bdb9945: start 6bf4bd27-d28f-421a-802a-00940bdb9945@group-8A1AC0108D31-LeaderElection31
2023-10-17 18:44:56,558 [6bf4bd27-d28f-421a-802a-00940bdb9945@group-8A1AC0108D31-LeaderElection31] INFO  impl.LeaderElection (LeaderElection.java:askForVotes(321)) - 6bf4bd27-d28f-421a-802a-00940bdb9945@group-8A1AC0108D31-LeaderElection31 PRE_VOTE round 0: submit vote requests at term 0 for -1: peers:[6bf4bd27-d28f-421a-802a-00940bdb9945|rpc:10.1.0.25:15171|admin:10.1.0.25:15170|client:10.1.0.25:15169|dataStream:10.1.0.25:15172|priority:0|startupRole:FOLLOWER, a09c5a64-4ee1-447f-bdad-955dc0571893|rpc:10.1.0.25:15162|admin:10.1.0.25:15161|client:10.1.0.25:15160|dataStream:10.1.0.25:15163|priority:1|startupRole:FOLLOWER, 03ee06a5-cfcc-4ac1-a3c7-afad1436935a|rpc:10.1.0.25:15153|admin:10.1.0.25:15152|client:10.1.0.25:15151|dataStream:10.1.0.25:15154|priority:0|startupRole:FOLLOWER]|listeners:[], old=null
2023-10-17 18:44:56,559 [6bf4bd27-d28f-421a-802a-00940bdb9945@group-8A1AC0108D31-LeaderElection31-1] INFO  server.GrpcServerProtocolClient (GrpcServerProtocolClient.java:<init>(65)) - Build channel for a09c5a64-4ee1-447f-bdad-955dc0571893
2023-10-17 18:44:56,562 [6bf4bd27-d28f-421a-802a-00940bdb9945@group-8A1AC0108D31-LeaderElection31] INFO  server.RaftServerConfigKeys (ConfUtils.java:logFallback(53)) - raft.server.rpc.first-election.timeout.min = 5s (fallback to raft.server.rpc.timeout.min)
2023-10-17 18:44:56,562 [6bf4bd27-d28f-421a-802a-00940bdb9945@group-8A1AC0108D31-LeaderElection31] INFO  server.RaftServerConfigKeys (ConfUtils.java:logFallback(53)) - raft.server.rpc.first-election.timeout.max = 5200ms (fallback to raft.server.rpc.timeout.max)
2023-10-17 18:44:56,562 [6bf4bd27-d28f-421a-802a-00940bdb9945@group-8A1AC0108D31-LeaderElection31-2] INFO  server.GrpcServerProtocolClient (GrpcServerProtocolClient.java:<init>(65)) - Build channel for 03ee06a5-cfcc-4ac1-a3c7-afad1436935a
2023-10-17 18:44:56,573 [grpc-default-executor-4] INFO  server.RaftServer$Division (RaftServerImpl.java:requestVote(1302)) - 03ee06a5-cfcc-4ac1-a3c7-afad1436935a@group-8A1AC0108D31: receive requestVote(PRE_VOTE, 6bf4bd27-d28f-421a-802a-00940bdb9945, group-8A1AC0108D31, 0, (t:0, i:0))
2023-10-17 18:44:56,573 [grpc-default-executor-4] INFO  impl.VoteContext (VoteContext.java:log(49)) - 03ee06a5-cfcc-4ac1-a3c7-afad1436935a@group-8A1AC0108D31-FOLLOWER: accept PRE_VOTE from 6bf4bd27-d28f-421a-802a-00940bdb9945: our priority 0 <= candidate's priority 0
2023-10-17 18:44:56,573 [grpc-default-executor-4] INFO  server.RaftServer$Division (RaftServerImpl.java:requestVote(1335)) - 03ee06a5-cfcc-4ac1-a3c7-afad1436935a@group-8A1AC0108D31 replies to PRE_VOTE vote request: 6bf4bd27-d28f-421a-802a-00940bdb9945<-03ee06a5-cfcc-4ac1-a3c7-afad1436935a#0:OK-t0. Peer's state: 03ee06a5-cfcc-4ac1-a3c7-afad1436935a@group-8A1AC0108D31:t0, leader=null, voted=, raftlog=Memoized:03ee06a5-cfcc-4ac1-a3c7-afad1436935a@group-8A1AC0108D31-SegmentedRaftLog:OPENED:c-1, conf=-1: peers:[6bf4bd27-d28f-421a-802a-00940bdb9945|rpc:10.1.0.25:15171|admin:10.1.0.25:15170|client:10.1.0.25:15169|dataStream:10.1.0.25:15172|priority:0|startupRole:FOLLOWER, a09c5a64-4ee1-447f-bdad-955dc0571893|rpc:10.1.0.25:15162|admin:10.1.0.25:15161|client:10.1.0.25:15160|dataStream:10.1.0.25:15163|priority:1|startupRole:FOLLOWER, 03ee06a5-cfcc-4ac1-a3c7-afad1436935a|rpc:10.1.0.25:15153|admin:10.1.0.25:15152|client:10.1.0.25:15151|dataStream:10.1.0.25:15154|priority:0|startupRole:FOLLOWER]|listeners:[], old=null
2023-10-17 18:44:56,579 [grpc-default-executor-4] INFO  server.RaftServer$Division (RaftServerImpl.java:requestVote(1302)) - a09c5a64-4ee1-447f-bdad-955dc0571893@group-8A1AC0108D31: receive requestVote(PRE_VOTE, 6bf4bd27-d28f-421a-802a-00940bdb9945, group-8A1AC0108D31, 0, (t:0, i:0))
2023-10-17 18:44:56,579 [grpc-default-executor-4] INFO  impl.VoteContext (VoteContext.java:log(49)) - a09c5a64-4ee1-447f-bdad-955dc0571893@group-8A1AC0108D31-FOLLOWER: reject PRE_VOTE from 6bf4bd27-d28f-421a-802a-00940bdb9945: our priority 1 > candidate's priority 0
2023-10-17 18:44:56,579 [grpc-default-executor-4] INFO  server.RaftServer$Division (RaftServerImpl.java:requestVote(1335)) - a09c5a64-4ee1-447f-bdad-955dc0571893@group-8A1AC0108D31 replies to PRE_VOTE vote request: 6bf4bd27-d28f-421a-802a-00940bdb9945<-a09c5a64-4ee1-447f-bdad-955dc0571893#0:FAIL-t0. Peer's state: a09c5a64-4ee1-447f-bdad-955dc0571893@group-8A1AC0108D31:t0, leader=null, voted=, raftlog=Memoized:a09c5a64-4ee1-447f-bdad-955dc0571893@group-8A1AC0108D31-SegmentedRaftLog:OPENED:c-1, conf=-1: peers:[6bf4bd27-d28f-421a-802a-00940bdb9945|rpc:10.1.0.25:15171|admin:10.1.0.25:15170|client:10.1.0.25:15169|dataStream:10.1.0.25:15172|priority:0|startupRole:FOLLOWER, a09c5a64-4ee1-447f-bdad-955dc0571893|rpc:10.1.0.25:15162|admin:10.1.0.25:15161|client:10.1.0.25:15160|dataStream:10.1.0.25:15163|priority:1|startupRole:FOLLOWER, 03ee06a5-cfcc-4ac1-a3c7-afad1436935a|rpc:10.1.0.25:15153|admin:10.1.0.25:15152|client:10.1.0.25:15151|dataStream:10.1.0.25:15154|priority:0|startupRole:FOLLOWER]|listeners:[], old=null
2023-10-17 18:44:56,580 [6bf4bd27-d28f-421a-802a-00940bdb9945@group-8A1AC0108D31-LeaderElection31] INFO  impl.LeaderElection (LeaderElection.java:logAndReturn(90)) - 6bf4bd27-d28f-421a-802a-00940bdb9945@group-8A1AC0108D31-LeaderElection31: PRE_VOTE REJECTED received 2 response(s) and 0 exception(s):
2023-10-17 18:44:56,580 [6bf4bd27-d28f-421a-802a-00940bdb9945@group-8A1AC0108D31-LeaderElection31] INFO  impl.LeaderElection (LeaderElection.java:logAndReturn(94)) -   Response 0: 6bf4bd27-d28f-421a-802a-00940bdb9945<-a09c5a64-4ee1-447f-bdad-955dc0571893#0:FAIL-t0
2023-10-17 18:44:56,580 [6bf4bd27-d28f-421a-802a-00940bdb9945@group-8A1AC0108D31-LeaderElection31] INFO  impl.LeaderElection (LeaderElection.java:logAndReturn(94)) -   Response 1: 6bf4bd27-d28f-421a-802a-00940bdb9945<-03ee06a5-cfcc-4ac1-a3c7-afad1436935a#0:OK-t0
2023-10-17 18:44:56,580 [6bf4bd27-d28f-421a-802a-00940bdb9945@group-8A1AC0108D31-LeaderElection31] INFO  impl.LeaderElection (LeaderElection.java:askForVotes(323)) - 6bf4bd27-d28f-421a-802a-00940bdb9945@group-8A1AC0108D31-LeaderElection31 PRE_VOTE round 0: result REJECTED
2023-10-17 18:44:56,580 [6bf4bd27-d28f-421a-802a-00940bdb9945@group-8A1AC0108D31-LeaderElection31] INFO  server.RaftServer$Division (RaftServerImpl.java:setRole(329)) - 6bf4bd27-d28f-421a-802a-00940bdb9945@group-8A1AC0108D31: changes role from CANDIDATE to FOLLOWER at term 0 for REJECTED
2023-10-17 18:44:56,580 [6bf4bd27-d28f-421a-802a-00940bdb9945@group-8A1AC0108D31-LeaderElection31] INFO  impl.RoleInfo (RoleInfo.java:shutdownLeaderElection(130)) - 6bf4bd27-d28f-421a-802a-00940bdb9945: shutdown 6bf4bd27-d28f-421a-802a-00940bdb9945@group-8A1AC0108D31-LeaderElection31
2023-10-17 18:44:56,580 [6bf4bd27-d28f-421a-802a-00940bdb9945@group-8A1AC0108D31-LeaderElection31] INFO  impl.RoleInfo (RoleInfo.java:updateAndGet(139)) - 6bf4bd27-d28f-421a-802a-00940bdb9945: start 6bf4bd27-d28f-421a-802a-00940bdb9945@group-8A1AC0108D31-FollowerState
2023-10-17 18:44:56,583 [a09c5a64-4ee1-447f-bdad-955dc0571893@group-9C4CB96F1DD3-FollowerState] INFO  impl.FollowerState (FollowerState.java:run(143)) - a09c5a64-4ee1-447f-bdad-955dc0571893@group-9C4CB96F1DD3-FollowerState: change to CANDIDATE, lastRpcElapsedTime:5070198680ns, electionTimeout:5067ms
2023-10-17 18:44:56,583 [a09c5a64-4ee1-447f-bdad-955dc0571893@group-9C4CB96F1DD3-FollowerState] INFO  impl.RoleInfo (RoleInfo.java:shutdownFollowerState(110)) - a09c5a64-4ee1-447f-bdad-955dc0571893: shutdown a09c5a64-4ee1-447f-bdad-955dc0571893@group-9C4CB96F1DD3-FollowerState
2023-10-17 18:44:56,584 [a09c5a64-4ee1-447f-bdad-955dc0571893@group-9C4CB96F1DD3-FollowerState] INFO  server.RaftServer$Division (RaftServerImpl.java:setRole(329)) - a09c5a64-4ee1-447f-bdad-955dc0571893@group-9C4CB96F1DD3: changes role from  FOLLOWER to CANDIDATE at term 0 for changeToCandidate
2023-10-17 18:44:56,584 [a09c5a64-4ee1-447f-bdad-955dc0571893@group-9C4CB96F1DD3-FollowerState] INFO  server.RaftServerConfigKeys (ConfUtils.java:logGet(46)) - raft.server.leaderelection.pre-vote = true (default)
2023-10-17 18:44:56,584 [a09c5a64-4ee1-447f-bdad-955dc0571893@group-9C4CB96F1DD3-FollowerState] INFO  impl.RoleInfo (RoleInfo.java:updateAndGet(139)) - a09c5a64-4ee1-447f-bdad-955dc0571893: start a09c5a64-4ee1-447f-bdad-955dc0571893@group-9C4CB96F1DD3-LeaderElection32
2023-10-17 18:44:56,585 [a09c5a64-4ee1-447f-bdad-955dc0571893@group-9C4CB96F1DD3-LeaderElection32] INFO  impl.LeaderElection (LeaderElection.java:askForVotes(321)) - a09c5a64-4ee1-447f-bdad-955dc0571893@group-9C4CB96F1DD3-LeaderElection32 PRE_VOTE round 0: submit vote requests at term 0 for -1: peers:[a09c5a64-4ee1-447f-bdad-955dc0571893|rpc:10.1.0.25:15162|admin:10.1.0.25:15161|client:10.1.0.25:15160|dataStream:10.1.0.25:15163|priority:1|startupRole:FOLLOWER]|listeners:[], old=null
2023-10-17 18:44:56,585 [a09c5a64-4ee1-447f-bdad-955dc0571893@group-9C4CB96F1DD3-LeaderElection32] INFO  impl.LeaderElection (LeaderElection.java:askForVotes(323)) - a09c5a64-4ee1-447f-bdad-955dc0571893@group-9C4CB96F1DD3-LeaderElection32 PRE_VOTE round 0: result PASSED (term=0)
2023-10-17 18:44:56,587 [a09c5a64-4ee1-447f-bdad-955dc0571893@group-9C4CB96F1DD3-LeaderElection32] INFO  impl.LeaderElection (LeaderElection.java:askForVotes(321)) - a09c5a64-4ee1-447f-bdad-955dc0571893@group-9C4CB96F1DD3-LeaderElection32 ELECTION round 0: submit vote requests at term 1 for -1: peers:[a09c5a64-4ee1-447f-bdad-955dc0571893|rpc:10.1.0.25:15162|admin:10.1.0.25:15161|client:10.1.0.25:15160|dataStream:10.1.0.25:15163|priority:1|startupRole:FOLLOWER]|listeners:[], old=null
2023-10-17 18:44:56,587 [a09c5a64-4ee1-447f-bdad-955dc0571893@group-9C4CB96F1DD3-LeaderElection32] INFO  impl.LeaderElection (LeaderElection.java:askForVotes(323)) - a09c5a64-4ee1-447f-bdad-955dc0571893@group-9C4CB96F1DD3-LeaderElection32 ELECTION round 0: result PASSED (term=1)
2023-10-17 18:44:56,587 [a09c5a64-4ee1-447f-bdad-955dc0571893@group-9C4CB96F1DD3-LeaderElection32] INFO  impl.RoleInfo (RoleInfo.java:shutdownLeaderElection(130)) - a09c5a64-4ee1-447f-bdad-955dc0571893: shutdown a09c5a64-4ee1-447f-bdad-955dc0571893@group-9C4CB96F1DD3-LeaderElection32
2023-10-17 18:44:56,587 [a09c5a64-4ee1-447f-bdad-955dc0571893@group-9C4CB96F1DD3-LeaderElection32] INFO  server.RaftServer$Division (RaftServerImpl.java:setRole(329)) - a09c5a64-4ee1-447f-bdad-955dc0571893@group-9C4CB96F1DD3: changes role from CANDIDATE to LEADER at term 1 for changeToLeader
2023-10-17 18:44:56,587 [a09c5a64-4ee1-447f-bdad-955dc0571893@group-9C4CB96F1DD3-LeaderElection32] INFO  ratis.XceiverServerRatis (XceiverServerRatis.java:handleLeaderChangedNotification(902)) - Leader change notification received for group: group-9C4CB96F1DD3 with new leaderId: a09c5a64-4ee1-447f-bdad-955dc0571893
2023-10-17 18:44:56,590 [a09c5a64-4ee1-447f-bdad-955dc0571893@group-9C4CB96F1DD3-LeaderElection32] INFO  server.RaftServer$Division (ServerState.java:setLeader(317)) - a09c5a64-4ee1-447f-bdad-955dc0571893@group-9C4CB96F1DD3: change Leader from null to a09c5a64-4ee1-447f-bdad-955dc0571893 at term 1 for becomeLeader, leader elected after 5094ms
2023-10-17 18:44:56,590 [a09c5a64-4ee1-447f-bdad-955dc0571893@group-9C4CB96F1DD3-LeaderElection32] INFO  server.RaftServerConfigKeys (ConfUtils.java:logGet(46)) - raft.server.staging.catchup.gap = 1000 (default)
2023-10-17 18:44:56,590 [a09c5a64-4ee1-447f-bdad-955dc0571893@group-9C4CB96F1DD3-LeaderElection32] INFO  server.RaftServerConfigKeys (ConfUtils.java:logGet(46)) - raft.server.write.element-limit = 1024 (custom)
2023-10-17 18:44:56,590 [a09c5a64-4ee1-447f-bdad-955dc0571893@group-9C4CB96F1DD3-LeaderElection32] INFO  server.RaftServerConfigKeys (ConfUtils.java:logGet(46)) - raft.server.write.byte-limit = 1024 M (=1073741824) (custom)
2023-10-17 18:44:56,590 [a09c5a64-4ee1-447f-bdad-955dc0571893@group-9C4CB96F1DD3-LeaderElection32] INFO  server.RaftServerConfigKeys (ConfUtils.java:logGet(46)) - raft.server.watch.timeout = 180s (custom)
2023-10-17 18:44:56,590 [a09c5a64-4ee1-447f-bdad-955dc0571893@group-9C4CB96F1DD3-LeaderElection32] INFO  server.RaftServerConfigKeys (ConfUtils.java:logGet(46)) - raft.server.watch.timeout.denomination = 1s (default)
2023-10-17 18:44:56,590 [a09c5a64-4ee1-447f-bdad-955dc0571893@group-9C4CB96F1DD3-LeaderElection32] INFO  server.RaftServerConfigKeys (ConfUtils.java:logGet(46)) - raft.server.watch.element-limit = 65536 (default)
2023-10-17 18:44:56,591 [a09c5a64-4ee1-447f-bdad-955dc0571893@group-9C4CB96F1DD3-LeaderElection32] INFO  server.RaftServerConfigKeys (ConfUtils.java:logGet(46)) - raft.server.write.element-limit = 1024 (custom)
2023-10-17 18:44:56,591 [a09c5a64-4ee1-447f-bdad-955dc0571893@group-9C4CB96F1DD3-LeaderElection32] INFO  server.RaftServerConfigKeys (ConfUtils.java:logGet(46)) - raft.server.write.follower.gap.ratio.max = -1.0 (default)
2023-10-17 18:44:56,591 [a09c5a64-4ee1-447f-bdad-955dc0571893@group-9C4CB96F1DD3-LeaderElection32] INFO  impl.RoleInfo (RoleInfo.java:updateAndGet(139)) - a09c5a64-4ee1-447f-bdad-955dc0571893: start a09c5a64-4ee1-447f-bdad-955dc0571893@group-9C4CB96F1DD3-LeaderStateImpl
2023-10-17 18:44:56,592 [a09c5a64-4ee1-447f-bdad-955dc0571893@group-9C4CB96F1DD3-LeaderElection32] INFO  segmented.SegmentedRaftLogWorker (SegmentedRaftLogWorker.java:startLogSegment(447)) - a09c5a64-4ee1-447f-bdad-955dc0571893@group-9C4CB96F1DD3-SegmentedRaftLogWorker: Starting segment from index:0
2023-10-17 18:44:56,594 [a09c5a64-4ee1-447f-bdad-955dc0571893@group-9C4CB96F1DD3-SegmentedRaftLogWorker] INFO  segmented.SegmentedRaftLogWorker (SegmentedRaftLogWorker.java:execute(651)) - a09c5a64-4ee1-447f-bdad-955dc0571893@group-9C4CB96F1DD3-SegmentedRaftLogWorker: created new log segment /home/runner/work/ozone/ozone/hadoop-ozone/integration-test/target/test-dir/MiniOzoneClusterImpl-d744795c-134c-47f3-98d5-5c735d9275da/datanode-1/data/ratis/6f4c846c-1fa1-4a6a-b536-9c4cb96f1dd3/current/log_inprogress_0
2023-10-17 18:44:56,595 [a09c5a64-4ee1-447f-bdad-955dc0571893@group-9C4CB96F1DD3-LeaderElection32] INFO  server.RaftServer$Division (ServerState.java:setRaftConf(434)) - a09c5a64-4ee1-447f-bdad-955dc0571893@group-9C4CB96F1DD3: set configuration 0: peers:[a09c5a64-4ee1-447f-bdad-955dc0571893|rpc:10.1.0.25:15162|admin:10.1.0.25:15161|client:10.1.0.25:15160|dataStream:10.1.0.25:15163|priority:1|startupRole:FOLLOWER]|listeners:[], old=null
2023-10-17 18:44:56,612 [03ee06a5-cfcc-4ac1-a3c7-afad1436935a@group-8A1AC0108D31-FollowerState] INFO  server.RaftServerConfigKeys (ConfUtils.java:logFallback(53)) - raft.server.rpc.first-election.timeout.min = 5s (fallback to raft.server.rpc.timeout.min)
2023-10-17 18:44:56,612 [03ee06a5-cfcc-4ac1-a3c7-afad1436935a@group-8A1AC0108D31-FollowerState] INFO  server.RaftServerConfigKeys (ConfUtils.java:logFallback(53)) - raft.server.rpc.first-election.timeout.max = 5200ms (fallback to raft.server.rpc.timeout.max)
2023-10-17 18:44:56,662 [a09c5a64-4ee1-447f-bdad-955dc0571893@group-8A1AC0108D31-FollowerState] INFO  impl.FollowerState (FollowerState.java:run(143)) - a09c5a64-4ee1-447f-bdad-955dc0571893@group-8A1AC0108D31-FollowerState: change to CANDIDATE, lastRpcElapsedTime:5172080099ns, electionTimeout:5170ms
2023-10-17 18:44:56,662 [a09c5a64-4ee1-447f-bdad-955dc0571893@group-8A1AC0108D31-FollowerState] INFO  impl.RoleInfo (RoleInfo.java:shutdownFollowerState(110)) - a09c5a64-4ee1-447f-bdad-955dc0571893: shutdown a09c5a64-4ee1-447f-bdad-955dc0571893@group-8A1AC0108D31-FollowerState
2023-10-17 18:44:56,662 [a09c5a64-4ee1-447f-bdad-955dc0571893@group-8A1AC0108D31-FollowerState] INFO  server.RaftServer$Division (RaftServerImpl.java:setRole(329)) - a09c5a64-4ee1-447f-bdad-955dc0571893@group-8A1AC0108D31: changes role from  FOLLOWER to CANDIDATE at term 0 for changeToCandidate
2023-10-17 18:44:56,662 [a09c5a64-4ee1-447f-bdad-955dc0571893@group-8A1AC0108D31-FollowerState] INFO  server.RaftServerConfigKeys (ConfUtils.java:logGet(46)) - raft.server.leaderelection.pre-vote = true (default)
2023-10-17 18:44:56,662 [a09c5a64-4ee1-447f-bdad-955dc0571893@group-8A1AC0108D31-FollowerState] INFO  impl.RoleInfo (RoleInfo.java:updateAndGet(139)) - a09c5a64-4ee1-447f-bdad-955dc0571893: start a09c5a64-4ee1-447f-bdad-955dc0571893@group-8A1AC0108D31-LeaderElection33
2023-10-17 18:44:56,662 [a09c5a64-4ee1-447f-bdad-955dc0571893@group-8A1AC0108D31-LeaderElection33] INFO  impl.LeaderElection (LeaderElection.java:askForVotes(321)) - a09c5a64-4ee1-447f-bdad-955dc0571893@group-8A1AC0108D31-LeaderElection33 PRE_VOTE round 0: submit vote requests at term 0 for -1: peers:[6bf4bd27-d28f-421a-802a-00940bdb9945|rpc:10.1.0.25:15171|admin:10.1.0.25:15170|client:10.1.0.25:15169|dataStream:10.1.0.25:15172|priority:0|startupRole:FOLLOWER, a09c5a64-4ee1-447f-bdad-955dc0571893|rpc:10.1.0.25:15162|admin:10.1.0.25:15161|client:10.1.0.25:15160|dataStream:10.1.0.25:15163|priority:1|startupRole:FOLLOWER, 03ee06a5-cfcc-4ac1-a3c7-afad1436935a|rpc:10.1.0.25:15153|admin:10.1.0.25:15152|client:10.1.0.25:15151|dataStream:10.1.0.25:15154|priority:0|startupRole:FOLLOWER]|listeners:[], old=null
2023-10-17 18:44:56,663 [a09c5a64-4ee1-447f-bdad-955dc0571893@group-8A1AC0108D31-LeaderElection33-1] INFO  server.GrpcServerProtocolClient (GrpcServerProtocolClient.java:<init>(65)) - Build channel for 6bf4bd27-d28f-421a-802a-00940bdb9945
2023-10-17 18:44:56,666 [a09c5a64-4ee1-447f-bdad-955dc0571893@group-8A1AC0108D31-LeaderElection33] INFO  server.RaftServerConfigKeys (ConfUtils.java:logFallback(53)) - raft.server.rpc.first-election.timeout.min = 5s (fallback to raft.server.rpc.timeout.min)
2023-10-17 18:44:56,666 [a09c5a64-4ee1-447f-bdad-955dc0571893@group-8A1AC0108D31-LeaderElection33] INFO  server.RaftServerConfigKeys (ConfUtils.java:logFallback(53)) - raft.server.rpc.first-election.timeout.max = 5200ms (fallback to raft.server.rpc.timeout.max)
2023-10-17 18:44:56,666 [a09c5a64-4ee1-447f-bdad-955dc0571893@group-8A1AC0108D31-LeaderElection33-2] INFO  server.GrpcServerProtocolClient (GrpcServerProtocolClient.java:<init>(65)) - Build channel for 03ee06a5-cfcc-4ac1-a3c7-afad1436935a
2023-10-17 18:44:56,673 [grpc-default-executor-4] INFO  server.RaftServer$Division (RaftServerImpl.java:requestVote(1302)) - 6bf4bd27-d28f-421a-802a-00940bdb9945@group-8A1AC0108D31: receive requestVote(PRE_VOTE, a09c5a64-4ee1-447f-bdad-955dc0571893, group-8A1AC0108D31, 0, (t:0, i:0))
2023-10-17 18:44:56,674 [grpc-default-executor-4] INFO  impl.VoteContext (VoteContext.java:log(49)) - 6bf4bd27-d28f-421a-802a-00940bdb9945@group-8A1AC0108D31-FOLLOWER: accept PRE_VOTE from a09c5a64-4ee1-447f-bdad-955dc0571893: our priority 0 <= candidate's priority 1
2023-10-17 18:44:56,674 [grpc-default-executor-4] INFO  server.RaftServer$Division (RaftServerImpl.java:requestVote(1335)) - 6bf4bd27-d28f-421a-802a-00940bdb9945@group-8A1AC0108D31 replies to PRE_VOTE vote request: a09c5a64-4ee1-447f-bdad-955dc0571893<-6bf4bd27-d28f-421a-802a-00940bdb9945#0:OK-t0. Peer's state: 6bf4bd27-d28f-421a-802a-00940bdb9945@group-8A1AC0108D31:t0, leader=null, voted=, raftlog=Memoized:6bf4bd27-d28f-421a-802a-00940bdb9945@group-8A1AC0108D31-SegmentedRaftLog:OPENED:c-1, conf=-1: peers:[6bf4bd27-d28f-421a-802a-00940bdb9945|rpc:10.1.0.25:15171|admin:10.1.0.25:15170|client:10.1.0.25:15169|dataStream:10.1.0.25:15172|priority:0|startupRole:FOLLOWER, a09c5a64-4ee1-447f-bdad-955dc0571893|rpc:10.1.0.25:15162|admin:10.1.0.25:15161|client:10.1.0.25:15160|dataStream:10.1.0.25:15163|priority:1|startupRole:FOLLOWER, 03ee06a5-cfcc-4ac1-a3c7-afad1436935a|rpc:10.1.0.25:15153|admin:10.1.0.25:15152|client:10.1.0.25:15151|dataStream:10.1.0.25:15154|priority:0|startupRole:FOLLOWER]|listeners:[], old=null
2023-10-17 18:44:56,676 [a09c5a64-4ee1-447f-bdad-955dc0571893@group-8A1AC0108D31-LeaderElection33] INFO  impl.LeaderElection (LeaderElection.java:logAndReturn(90)) - a09c5a64-4ee1-447f-bdad-955dc0571893@group-8A1AC0108D31-LeaderElection33: PRE_VOTE PASSED received 1 response(s) and 0 exception(s):
2023-10-17 18:44:56,676 [a09c5a64-4ee1-447f-bdad-955dc0571893@group-8A1AC0108D31-LeaderElection33] INFO  impl.LeaderElection (LeaderElection.java:logAndReturn(94)) -   Response 0: a09c5a64-4ee1-447f-bdad-955dc0571893<-6bf4bd27-d28f-421a-802a-00940bdb9945#0:OK-t0
2023-10-17 18:44:56,676 [a09c5a64-4ee1-447f-bdad-955dc0571893@group-8A1AC0108D31-LeaderElection33] INFO  impl.LeaderElection (LeaderElection.java:askForVotes(323)) - a09c5a64-4ee1-447f-bdad-955dc0571893@group-8A1AC0108D31-LeaderElection33 PRE_VOTE round 0: result PASSED
2023-10-17 18:44:56,679 [grpc-default-executor-4] INFO  server.RaftServer$Division (RaftServerImpl.java:requestVote(1302)) - 03ee06a5-cfcc-4ac1-a3c7-afad1436935a@group-8A1AC0108D31: receive requestVote(PRE_VOTE, a09c5a64-4ee1-447f-bdad-955dc0571893, group-8A1AC0108D31, 0, (t:0, i:0))
2023-10-17 18:44:56,679 [grpc-default-executor-4] INFO  impl.VoteContext (VoteContext.java:log(49)) - 03ee06a5-cfcc-4ac1-a3c7-afad1436935a@group-8A1AC0108D31-FOLLOWER: accept PRE_VOTE from a09c5a64-4ee1-447f-bdad-955dc0571893: our priority 0 <= candidate's priority 1
2023-10-17 18:44:56,679 [grpc-default-executor-4] INFO  server.RaftServer$Division (RaftServerImpl.java:requestVote(1335)) - 03ee06a5-cfcc-4ac1-a3c7-afad1436935a@group-8A1AC0108D31 replies to PRE_VOTE vote request: a09c5a64-4ee1-447f-bdad-955dc0571893<-03ee06a5-cfcc-4ac1-a3c7-afad1436935a#0:OK-t0. Peer's state: 03ee06a5-cfcc-4ac1-a3c7-afad1436935a@group-8A1AC0108D31:t0, leader=null, voted=, raftlog=Memoized:03ee06a5-cfcc-4ac1-a3c7-afad1436935a@group-8A1AC0108D31-SegmentedRaftLog:OPENED:c-1, conf=-1: peers:[6bf4bd27-d28f-421a-802a-00940bdb9945|rpc:10.1.0.25:15171|admin:10.1.0.25:15170|client:10.1.0.25:15169|dataStream:10.1.0.25:15172|priority:0|startupRole:FOLLOWER, a09c5a64-4ee1-447f-bdad-955dc0571893|rpc:10.1.0.25:15162|admin:10.1.0.25:15161|client:10.1.0.25:15160|dataStream:10.1.0.25:15163|priority:1|startupRole:FOLLOWER, 03ee06a5-cfcc-4ac1-a3c7-afad1436935a|rpc:10.1.0.25:15153|admin:10.1.0.25:15152|client:10.1.0.25:15151|dataStream:10.1.0.25:15154|priority:0|startupRole:FOLLOWER]|listeners:[], old=null
2023-10-17 18:44:56,680 [a09c5a64-4ee1-447f-bdad-955dc0571893@group-8A1AC0108D31-LeaderElection33] INFO  impl.LeaderElection (LeaderElection.java:askForVotes(321)) - a09c5a64-4ee1-447f-bdad-955dc0571893@group-8A1AC0108D31-LeaderElection33 ELECTION round 0: submit vote requests at term 1 for -1: peers:[6bf4bd27-d28f-421a-802a-00940bdb9945|rpc:10.1.0.25:15171|admin:10.1.0.25:15170|client:10.1.0.25:15169|dataStream:10.1.0.25:15172|priority:0|startupRole:FOLLOWER, a09c5a64-4ee1-447f-bdad-955dc0571893|rpc:10.1.0.25:15162|admin:10.1.0.25:15161|client:10.1.0.25:15160|dataStream:10.1.0.25:15163|priority:1|startupRole:FOLLOWER, 03ee06a5-cfcc-4ac1-a3c7-afad1436935a|rpc:10.1.0.25:15153|admin:10.1.0.25:15152|client:10.1.0.25:15151|dataStream:10.1.0.25:15154|priority:0|startupRole:FOLLOWER]|listeners:[], old=null
2023-10-17 18:44:56,687 [grpc-default-executor-4] INFO  server.RaftServer$Division (RaftServerImpl.java:requestVote(1302)) - 6bf4bd27-d28f-421a-802a-00940bdb9945@group-8A1AC0108D31: receive requestVote(ELECTION, a09c5a64-4ee1-447f-bdad-955dc0571893, group-8A1AC0108D31, 1, (t:0, i:0))
2023-10-17 18:44:56,687 [grpc-default-executor-4] INFO  impl.VoteContext (VoteContext.java:log(49)) - 6bf4bd27-d28f-421a-802a-00940bdb9945@group-8A1AC0108D31-FOLLOWER: accept ELECTION from a09c5a64-4ee1-447f-bdad-955dc0571893: our priority 0 <= candidate's priority 1
2023-10-17 18:44:56,687 [grpc-default-executor-4] INFO  server.RaftServer$Division (RaftServerImpl.java:setRole(329)) - 6bf4bd27-d28f-421a-802a-00940bdb9945@group-8A1AC0108D31: changes role from  FOLLOWER to FOLLOWER at term 1 for candidate:a09c5a64-4ee1-447f-bdad-955dc0571893
2023-10-17 18:44:56,687 [grpc-default-executor-4] INFO  impl.RoleInfo (RoleInfo.java:shutdownFollowerState(110)) - 6bf4bd27-d28f-421a-802a-00940bdb9945: shutdown 6bf4bd27-d28f-421a-802a-00940bdb9945@group-8A1AC0108D31-FollowerState
2023-10-17 18:44:56,689 [a09c5a64-4ee1-447f-bdad-955dc0571893@group-8A1AC0108D31-LeaderElection33] INFO  server.RaftServerConfigKeys (ConfUtils.java:logFallback(53)) - raft.server.rpc.first-election.timeout.min = 5s (fallback to raft.server.rpc.timeout.min)
2023-10-17 18:44:56,689 [6bf4bd27-d28f-421a-802a-00940bdb9945@group-8A1AC0108D31-FollowerState] INFO  impl.FollowerState (FollowerState.java:run(152)) - 6bf4bd27-d28f-421a-802a-00940bdb9945@group-8A1AC0108D31-FollowerState was interrupted
2023-10-17 18:44:56,689 [grpc-default-executor-4] INFO  impl.RoleInfo (RoleInfo.java:updateAndGet(139)) - 6bf4bd27-d28f-421a-802a-00940bdb9945: start 6bf4bd27-d28f-421a-802a-00940bdb9945@group-8A1AC0108D31-FollowerState
2023-10-17 18:44:56,689 [a09c5a64-4ee1-447f-bdad-955dc0571893@group-8A1AC0108D31-LeaderElection33] INFO  server.RaftServerConfigKeys (ConfUtils.java:logFallback(53)) - raft.server.rpc.first-election.timeout.max = 5200ms (fallback to raft.server.rpc.timeout.max)
2023-10-17 18:44:56,692 [grpc-default-executor-4] INFO  server.RaftServer$Division (RaftServerImpl.java:requestVote(1335)) - 6bf4bd27-d28f-421a-802a-00940bdb9945@group-8A1AC0108D31 replies to ELECTION vote request: a09c5a64-4ee1-447f-bdad-955dc0571893<-6bf4bd27-d28f-421a-802a-00940bdb9945#0:OK-t1. Peer's state: 6bf4bd27-d28f-421a-802a-00940bdb9945@group-8A1AC0108D31:t1, leader=null, voted=a09c5a64-4ee1-447f-bdad-955dc0571893, raftlog=Memoized:6bf4bd27-d28f-421a-802a-00940bdb9945@group-8A1AC0108D31-SegmentedRaftLog:OPENED:c-1, conf=-1: peers:[6bf4bd27-d28f-421a-802a-00940bdb9945|rpc:10.1.0.25:15171|admin:10.1.0.25:15170|client:10.1.0.25:15169|dataStream:10.1.0.25:15172|priority:0|startupRole:FOLLOWER, a09c5a64-4ee1-447f-bdad-955dc0571893|rpc:10.1.0.25:15162|admin:10.1.0.25:15161|client:10.1.0.25:15160|dataStream:10.1.0.25:15163|priority:1|startupRole:FOLLOWER, 03ee06a5-cfcc-4ac1-a3c7-afad1436935a|rpc:10.1.0.25:15153|admin:10.1.0.25:15152|client:10.1.0.25:15151|dataStream:10.1.0.25:15154|priority:0|startupRole:FOLLOWER]|listeners:[], old=null
2023-10-17 18:44:56,692 [grpc-default-executor-5] INFO  server.RaftServer$Division (RaftServerImpl.java:requestVote(1302)) - 03ee06a5-cfcc-4ac1-a3c7-afad1436935a@group-8A1AC0108D31: receive requestVote(ELECTION, a09c5a64-4ee1-447f-bdad-955dc0571893, group-8A1AC0108D31, 1, (t:0, i:0))
2023-10-17 18:44:56,693 [grpc-default-executor-5] INFO  impl.VoteContext (VoteContext.java:log(49)) - 03ee06a5-cfcc-4ac1-a3c7-afad1436935a@group-8A1AC0108D31-FOLLOWER: accept ELECTION from a09c5a64-4ee1-447f-bdad-955dc0571893: our priority 0 <= candidate's priority 1
2023-10-17 18:44:56,693 [grpc-default-executor-5] INFO  server.RaftServer$Division (RaftServerImpl.java:setRole(329)) - 03ee06a5-cfcc-4ac1-a3c7-afad1436935a@group-8A1AC0108D31: changes role from  FOLLOWER to FOLLOWER at term 1 for candidate:a09c5a64-4ee1-447f-bdad-955dc0571893
2023-10-17 18:44:56,693 [grpc-default-executor-5] INFO  impl.RoleInfo (RoleInfo.java:shutdownFollowerState(110)) - 03ee06a5-cfcc-4ac1-a3c7-afad1436935a: shutdown 03ee06a5-cfcc-4ac1-a3c7-afad1436935a@group-8A1AC0108D31-FollowerState
2023-10-17 18:44:56,693 [grpc-default-executor-5] INFO  impl.RoleInfo (RoleInfo.java:updateAndGet(139)) - 03ee06a5-cfcc-4ac1-a3c7-afad1436935a: start 03ee06a5-cfcc-4ac1-a3c7-afad1436935a@group-8A1AC0108D31-FollowerState
2023-10-17 18:44:56,693 [03ee06a5-cfcc-4ac1-a3c7-afad1436935a@group-8A1AC0108D31-FollowerState] INFO  impl.FollowerState (FollowerState.java:run(152)) - 03ee06a5-cfcc-4ac1-a3c7-afad1436935a@group-8A1AC0108D31-FollowerState was interrupted
2023-10-17 18:44:56,697 [a09c5a64-4ee1-447f-bdad-955dc0571893@group-8A1AC0108D31-LeaderElection33] INFO  impl.LeaderElection (LeaderElection.java:logAndReturn(90)) - a09c5a64-4ee1-447f-bdad-955dc0571893@group-8A1AC0108D31-LeaderElection33: ELECTION PASSED received 1 response(s) and 0 exception(s):
2023-10-17 18:44:56,697 [a09c5a64-4ee1-447f-bdad-955dc0571893@group-8A1AC0108D31-LeaderElection33] INFO  impl.LeaderElection (LeaderElection.java:logAndReturn(94)) -   Response 0: a09c5a64-4ee1-447f-bdad-955dc0571893<-6bf4bd27-d28f-421a-802a-00940bdb9945#0:OK-t1
2023-10-17 18:44:56,698 [a09c5a64-4ee1-447f-bdad-955dc0571893@group-8A1AC0108D31-LeaderElection33] INFO  impl.LeaderElection (LeaderElection.java:askForVotes(323)) - a09c5a64-4ee1-447f-bdad-955dc0571893@group-8A1AC0108D31-LeaderElection33 ELECTION round 0: result PASSED
2023-10-17 18:44:56,698 [a09c5a64-4ee1-447f-bdad-955dc0571893@group-8A1AC0108D31-LeaderElection33] INFO  impl.RoleInfo (RoleInfo.java:shutdownLeaderElection(130)) - a09c5a64-4ee1-447f-bdad-955dc0571893: shutdown a09c5a64-4ee1-447f-bdad-955dc0571893@group-8A1AC0108D31-LeaderElection33
2023-10-17 18:44:56,698 [a09c5a64-4ee1-447f-bdad-955dc0571893@group-8A1AC0108D31-LeaderElection33] INFO  server.RaftServer$Division (RaftServerImpl.java:setRole(329)) - a09c5a64-4ee1-447f-bdad-955dc0571893@group-8A1AC0108D31: changes role from CANDIDATE to LEADER at term 1 for changeToLeader
2023-10-17 18:44:56,698 [a09c5a64-4ee1-447f-bdad-955dc0571893@group-8A1AC0108D31-LeaderElection33] INFO  ratis.XceiverServerRatis (XceiverServerRatis.java:handleLeaderChangedNotification(902)) - Leader change notification received for group: group-8A1AC0108D31 with new leaderId: a09c5a64-4ee1-447f-bdad-955dc0571893
2023-10-17 18:44:56,698 [a09c5a64-4ee1-447f-bdad-955dc0571893@group-8A1AC0108D31-LeaderElection33] INFO  server.RaftServer$Division (ServerState.java:setLeader(317)) - a09c5a64-4ee1-447f-bdad-955dc0571893@group-8A1AC0108D31: change Leader from null to a09c5a64-4ee1-447f-bdad-955dc0571893 at term 1 for becomeLeader, leader elected after 5221ms
2023-10-17 18:44:56,698 [a09c5a64-4ee1-447f-bdad-955dc0571893@group-8A1AC0108D31-LeaderElection33] INFO  server.RaftServerConfigKeys (ConfUtils.java:logGet(46)) - raft.server.staging.catchup.gap = 1000 (default)
2023-10-17 18:44:56,698 [a09c5a64-4ee1-447f-bdad-955dc0571893@group-8A1AC0108D31-LeaderElection33] INFO  server.RaftServerConfigKeys (ConfUtils.java:logGet(46)) - raft.server.write.element-limit = 1024 (custom)
2023-10-17 18:44:56,698 [a09c5a64-4ee1-447f-bdad-955dc0571893@group-8A1AC0108D31-LeaderElection33] INFO  server.RaftServerConfigKeys (ConfUtils.java:logGet(46)) - raft.server.write.byte-limit = 1024 M (=1073741824) (custom)
2023-10-17 18:44:56,698 [a09c5a64-4ee1-447f-bdad-955dc0571893@group-8A1AC0108D31-LeaderElection33] INFO  server.RaftServerConfigKeys (ConfUtils.java:logGet(46)) - raft.server.watch.timeout = 180s (custom)
2023-10-17 18:44:56,698 [a09c5a64-4ee1-447f-bdad-955dc0571893@group-8A1AC0108D31-LeaderElection33] INFO  server.RaftServerConfigKeys (ConfUtils.java:logGet(46)) - raft.server.watch.timeout.denomination = 1s (default)
2023-10-17 18:44:56,698 [a09c5a64-4ee1-447f-bdad-955dc0571893@group-8A1AC0108D31-LeaderElection33] INFO  server.RaftServerConfigKeys (ConfUtils.java:logGet(46)) - raft.server.watch.element-limit = 65536 (default)
2023-10-17 18:44:56,698 [a09c5a64-4ee1-447f-bdad-955dc0571893@group-8A1AC0108D31-LeaderElection33] INFO  server.RaftServerConfigKeys (ConfUtils.java:logGet(46)) - raft.server.write.element-limit = 1024 (custom)
2023-10-17 18:44:56,698 [a09c5a64-4ee1-447f-bdad-955dc0571893@group-8A1AC0108D31-LeaderElection33] INFO  server.RaftServerConfigKeys (ConfUtils.java:logGet(46)) - raft.server.write.follower.gap.ratio.max = -1.0 (default)
2023-10-17 18:44:56,699 [a09c5a64-4ee1-447f-bdad-955dc0571893@group-8A1AC0108D31-LeaderElection33] INFO  server.RaftServerConfigKeys (ConfUtils.java:logGet(46)) - raft.server.log.appender.snapshot.chunk.size.max = 16MB (=16777216) (default)
2023-10-17 18:44:56,699 [a09c5a64-4ee1-447f-bdad-955dc0571893@group-8A1AC0108D31-LeaderElection33] INFO  server.RaftServerConfigKeys (ConfUtils.java:logGet(46)) - raft.server.log.appender.buffer.byte-limit = 33554432 (custom)
2023-10-17 18:44:56,699 [a09c5a64-4ee1-447f-bdad-955dc0571893@group-8A1AC0108D31-LeaderElection33] INFO  server.RaftServerConfigKeys (ConfUtils.java:logGet(46)) - raft.server.log.appender.buffer.element-limit = 1 (custom)
2023-10-17 18:44:56,699 [a09c5a64-4ee1-447f-bdad-955dc0571893@group-8A1AC0108D31-LeaderElection33] INFO  server.RaftServerConfigKeys (ConfUtils.java:logGet(46)) - raft.server.log.appender.wait-time.min = 1ms (custom)
2023-10-17 18:44:56,699 [a09c5a64-4ee1-447f-bdad-955dc0571893@group-8A1AC0108D31-LeaderElection33] INFO  grpc.GrpcConfigKeys (ConfUtils.java:logGet(46)) - raft.grpc.server.leader.outstanding.appends.max = 128 (default)
2023-10-17 18:44:56,699 [a09c5a64-4ee1-447f-bdad-955dc0571893@group-8A1AC0108D31-LeaderElection33] INFO  server.RaftServerConfigKeys (ConfUtils.java:logGet(46)) - raft.server.rpc.request.timeout = 60s (custom)
2023-10-17 18:44:56,699 [a09c5a64-4ee1-447f-bdad-955dc0571893@group-8A1AC0108D31-LeaderElection33] INFO  grpc.GrpcConfigKeys (ConfUtils.java:logGet(46)) - raft.grpc.server.install_snapshot.request.element-limit = 8 (default)
2023-10-17 18:44:56,699 [a09c5a64-4ee1-447f-bdad-955dc0571893@group-8A1AC0108D31-LeaderElection33] INFO  grpc.GrpcConfigKeys (ConfUtils.java:logGet(46)) - raft.grpc.server.install_snapshot.request.timeout = 3000ms (default)
2023-10-17 18:44:56,699 [a09c5a64-4ee1-447f-bdad-955dc0571893@group-8A1AC0108D31-LeaderElection33] INFO  server.RaftServerConfigKeys (ConfUtils.java:logGet(46)) - raft.server.log.appender.install.snapshot.enabled = false (custom)
2023-10-17 18:44:56,699 [a09c5a64-4ee1-447f-bdad-955dc0571893@group-8A1AC0108D31-LeaderElection33] INFO  grpc.GrpcConfigKeys (ConfUtils.java:logGet(46)) - raft.grpc.server.heartbeat.channel = true (default)
2023-10-17 18:44:56,700 [a09c5a64-4ee1-447f-bdad-955dc0571893@group-8A1AC0108D31-LeaderElection33] INFO  server.RaftServerConfigKeys (ConfUtils.java:logGet(46)) - raft.server.log.appender.snapshot.chunk.size.max = 16MB (=16777216) (default)
2023-10-17 18:44:56,700 [a09c5a64-4ee1-447f-bdad-955dc0571893@group-8A1AC0108D31-LeaderElection33] INFO  server.RaftServerConfigKeys (ConfUtils.java:logGet(46)) - raft.server.log.appender.buffer.byte-limit = 33554432 (custom)
2023-10-17 18:44:56,700 [a09c5a64-4ee1-447f-bdad-955dc0571893@group-8A1AC0108D31-LeaderElection33] INFO  server.RaftServerConfigKeys (ConfUtils.java:logGet(46)) - raft.server.log.appender.buffer.element-limit = 1 (custom)
2023-10-17 18:44:56,700 [a09c5a64-4ee1-447f-bdad-955dc0571893@group-8A1AC0108D31-LeaderElection33] INFO  server.RaftServerConfigKeys (ConfUtils.java:logGet(46)) - raft.server.log.appender.wait-time.min = 1ms (custom)
2023-10-17 18:44:56,700 [a09c5a64-4ee1-447f-bdad-955dc0571893@group-8A1AC0108D31-LeaderElection33] INFO  grpc.GrpcConfigKeys (ConfUtils.java:logGet(46)) - raft.grpc.server.leader.outstanding.appends.max = 128 (default)
2023-10-17 18:44:56,700 [a09c5a64-4ee1-447f-bdad-955dc0571893@group-8A1AC0108D31-LeaderElection33] INFO  server.RaftServerConfigKeys (ConfUtils.java:logGet(46)) - raft.server.rpc.request.timeout = 60s (custom)
2023-10-17 18:44:56,700 [a09c5a64-4ee1-447f-bdad-955dc0571893@group-8A1AC0108D31-LeaderElection33] INFO  grpc.GrpcConfigKeys (ConfUtils.java:logGet(46)) - raft.grpc.server.install_snapshot.request.element-limit = 8 (default)
2023-10-17 18:44:56,700 [a09c5a64-4ee1-447f-bdad-955dc0571893@group-8A1AC0108D31-LeaderElection33] INFO  grpc.GrpcConfigKeys (ConfUtils.java:logGet(46)) - raft.grpc.server.install_snapshot.request.timeout = 3000ms (default)
2023-10-17 18:44:56,700 [a09c5a64-4ee1-447f-bdad-955dc0571893@group-8A1AC0108D31-LeaderElection33] INFO  server.RaftServerConfigKeys (ConfUtils.java:logGet(46)) - raft.server.log.appender.install.snapshot.enabled = false (custom)
2023-10-17 18:44:56,700 [a09c5a64-4ee1-447f-bdad-955dc0571893@group-8A1AC0108D31-LeaderElection33] INFO  grpc.GrpcConfigKeys (ConfUtils.java:logGet(46)) - raft.grpc.server.heartbeat.channel = true (default)
2023-10-17 18:44:56,700 [a09c5a64-4ee1-447f-bdad-955dc0571893@group-8A1AC0108D31-LeaderElection33] INFO  impl.RoleInfo (RoleInfo.java:updateAndGet(139)) - a09c5a64-4ee1-447f-bdad-955dc0571893: start a09c5a64-4ee1-447f-bdad-955dc0571893@group-8A1AC0108D31-LeaderStateImpl
2023-10-17 18:44:56,700 [a09c5a64-4ee1-447f-bdad-955dc0571893@group-8A1AC0108D31-LeaderElection33] INFO  segmented.SegmentedRaftLogWorker (SegmentedRaftLogWorker.java:startLogSegment(447)) - a09c5a64-4ee1-447f-bdad-955dc0571893@group-8A1AC0108D31-SegmentedRaftLogWorker: Starting segment from index:0
2023-10-17 18:44:56,702 [grpc-default-executor-5] INFO  server.RaftServer$Division (RaftServerImpl.java:requestVote(1335)) - 03ee06a5-cfcc-4ac1-a3c7-afad1436935a@group-8A1AC0108D31 replies to ELECTION vote request: a09c5a64-4ee1-447f-bdad-955dc0571893<-03ee06a5-cfcc-4ac1-a3c7-afad1436935a#0:OK-t1. Peer's state: 03ee06a5-cfcc-4ac1-a3c7-afad1436935a@group-8A1AC0108D31:t1, leader=null, voted=a09c5a64-4ee1-447f-bdad-955dc0571893, raftlog=Memoized:03ee06a5-cfcc-4ac1-a3c7-afad1436935a@group-8A1AC0108D31-SegmentedRaftLog:OPENED:c-1, conf=-1: peers:[6bf4bd27-d28f-421a-802a-00940bdb9945|rpc:10.1.0.25:15171|admin:10.1.0.25:15170|client:10.1.0.25:15169|dataStream:10.1.0.25:15172|priority:0|startupRole:FOLLOWER, a09c5a64-4ee1-447f-bdad-955dc0571893|rpc:10.1.0.25:15162|admin:10.1.0.25:15161|client:10.1.0.25:15160|dataStream:10.1.0.25:15163|priority:1|startupRole:FOLLOWER, 03ee06a5-cfcc-4ac1-a3c7-afad1436935a|rpc:10.1.0.25:15153|admin:10.1.0.25:15152|client:10.1.0.25:15151|dataStream:10.1.0.25:15154|priority:0|startupRole:FOLLOWER]|listeners:[], old=null
2023-10-17 18:44:56,702 [EventQueue-PipelineReportForPipelineReportHandler] INFO  pipeline.PipelineReportHandler (PipelineReportHandler.java:processPipelineReport(136)) - Opened pipeline PipelineID=37bcaca1-812d-40bb-a910-8a1ac0108d31
2023-10-17 18:44:56,702 [a09c5a64-4ee1-447f-bdad-955dc0571893@group-8A1AC0108D31-SegmentedRaftLogWorker] INFO  segmented.SegmentedRaftLogWorker (SegmentedRaftLogWorker.java:execute(651)) - a09c5a64-4ee1-447f-bdad-955dc0571893@group-8A1AC0108D31-SegmentedRaftLogWorker: created new log segment /home/runner/work/ozone/ozone/hadoop-ozone/integration-test/target/test-dir/MiniOzoneClusterImpl-d744795c-134c-47f3-98d5-5c735d9275da/datanode-1/data/ratis/37bcaca1-812d-40bb-a910-8a1ac0108d31/current/log_inprogress_0
2023-10-17 18:44:56,713 [a09c5a64-4ee1-447f-bdad-955dc0571893@group-8A1AC0108D31-LeaderElection33] INFO  server.RaftServer$Division (ServerState.java:setRaftConf(434)) - a09c5a64-4ee1-447f-bdad-955dc0571893@group-8A1AC0108D31: set configuration 0: peers:[6bf4bd27-d28f-421a-802a-00940bdb9945|rpc:10.1.0.25:15171|admin:10.1.0.25:15170|client:10.1.0.25:15169|dataStream:10.1.0.25:15172|priority:0|startupRole:FOLLOWER, a09c5a64-4ee1-447f-bdad-955dc0571893|rpc:10.1.0.25:15162|admin:10.1.0.25:15161|client:10.1.0.25:15160|dataStream:10.1.0.25:15163|priority:1|startupRole:FOLLOWER, 03ee06a5-cfcc-4ac1-a3c7-afad1436935a|rpc:10.1.0.25:15153|admin:10.1.0.25:15152|client:10.1.0.25:15151|dataStream:10.1.0.25:15154|priority:0|startupRole:FOLLOWER]|listeners:[], old=null
2023-10-17 18:44:56,728 [03ee06a5-cfcc-4ac1-a3c7-afad1436935a-server-thread2] INFO  ratis.XceiverServerRatis (XceiverServerRatis.java:handleLeaderChangedNotification(902)) - Leader change notification received for group: group-8A1AC0108D31 with new leaderId: a09c5a64-4ee1-447f-bdad-955dc0571893
2023-10-17 18:44:56,728 [03ee06a5-cfcc-4ac1-a3c7-afad1436935a-server-thread2] INFO  server.RaftServer$Division (ServerState.java:setLeader(317)) - 03ee06a5-cfcc-4ac1-a3c7-afad1436935a@group-8A1AC0108D31: change Leader from null to a09c5a64-4ee1-447f-bdad-955dc0571893 at term 1 for appendEntries, leader elected after 5291ms
2023-10-17 18:44:56,736 [03ee06a5-cfcc-4ac1-a3c7-afad1436935a-server-thread1] INFO  server.RaftServer$Division (ServerState.java:setRaftConf(434)) - 03ee06a5-cfcc-4ac1-a3c7-afad1436935a@group-8A1AC0108D31: set configuration 0: peers:[6bf4bd27-d28f-421a-802a-00940bdb9945|rpc:10.1.0.25:15171|admin:10.1.0.25:15170|client:10.1.0.25:15169|dataStream:10.1.0.25:15172|priority:0|startupRole:FOLLOWER, a09c5a64-4ee1-447f-bdad-955dc0571893|rpc:10.1.0.25:15162|admin:10.1.0.25:15161|client:10.1.0.25:15160|dataStream:10.1.0.25:15163|priority:1|startupRole:FOLLOWER, 03ee06a5-cfcc-4ac1-a3c7-afad1436935a|rpc:10.1.0.25:15153|admin:10.1.0.25:15152|client:10.1.0.25:15151|dataStream:10.1.0.25:15154|priority:0|startupRole:FOLLOWER]|listeners:[], old=null
2023-10-17 18:44:56,736 [6bf4bd27-d28f-421a-802a-00940bdb9945-server-thread1] INFO  ratis.XceiverServerRatis (XceiverServerRatis.java:handleLeaderChangedNotification(902)) - Leader change notification received for group: group-8A1AC0108D31 with new leaderId: a09c5a64-4ee1-447f-bdad-955dc0571893
2023-10-17 18:44:56,736 [6bf4bd27-d28f-421a-802a-00940bdb9945-server-thread1] INFO  server.RaftServer$Division (ServerState.java:setLeader(317)) - 6bf4bd27-d28f-421a-802a-00940bdb9945@group-8A1AC0108D31: change Leader from null to a09c5a64-4ee1-447f-bdad-955dc0571893 at term 1 for appendEntries, leader elected after 5201ms
2023-10-17 18:44:56,736 [03ee06a5-cfcc-4ac1-a3c7-afad1436935a-server-thread1] INFO  segmented.SegmentedRaftLogWorker (SegmentedRaftLogWorker.java:startLogSegment(447)) - 03ee06a5-cfcc-4ac1-a3c7-afad1436935a@group-8A1AC0108D31-SegmentedRaftLogWorker: Starting segment from index:0
2023-10-17 18:44:56,744 [6bf4bd27-d28f-421a-802a-00940bdb9945-server-thread2] INFO  server.RaftServer$Division (ServerState.java:setRaftConf(434)) - 6bf4bd27-d28f-421a-802a-00940bdb9945@group-8A1AC0108D31: set configuration 0: peers:[6bf4bd27-d28f-421a-802a-00940bdb9945|rpc:10.1.0.25:15171|admin:10.1.0.25:15170|client:10.1.0.25:15169|dataStream:10.1.0.25:15172|priority:0|startupRole:FOLLOWER, a09c5a64-4ee1-447f-bdad-955dc0571893|rpc:10.1.0.25:15162|admin:10.1.0.25:15161|client:10.1.0.25:15160|dataStream:10.1.0.25:15163|priority:1|startupRole:FOLLOWER, 03ee06a5-cfcc-4ac1-a3c7-afad1436935a|rpc:10.1.0.25:15153|admin:10.1.0.25:15152|client:10.1.0.25:15151|dataStream:10.1.0.25:15154|priority:0|startupRole:FOLLOWER]|listeners:[], old=null
2023-10-17 18:44:56,745 [6bf4bd27-d28f-421a-802a-00940bdb9945-server-thread2] INFO  segmented.SegmentedRaftLogWorker (SegmentedRaftLogWorker.java:startLogSegment(447)) - 6bf4bd27-d28f-421a-802a-00940bdb9945@group-8A1AC0108D31-SegmentedRaftLogWorker: Starting segment from index:0
2023-10-17 18:44:56,745 [Time-limited test] INFO  ozone.MiniOzoneClusterImpl (MiniOzoneClusterImpl.java:lambda$waitForClusterToBeReady$0(229)) - Nodes are ready. Got 3 of 3 DN Heartbeats.
2023-10-17 18:44:56,745 [Time-limited test] INFO  ozone.MiniOzoneClusterImpl (MiniOzoneClusterImpl.java:lambda$waitForClusterToBeReady$0(232)) - Cluster exits safe mode
2023-10-17 18:44:56,746 [Time-limited test] INFO  ozone.MiniOzoneClusterImpl (MiniOzoneClusterImpl.java:lambda$waitForClusterToBeReady$0(234)) - SCM became leader
2023-10-17 18:44:56,747 [03ee06a5-cfcc-4ac1-a3c7-afad1436935a@group-8A1AC0108D31-SegmentedRaftLogWorker] INFO  segmented.SegmentedRaftLogWorker (SegmentedRaftLogWorker.java:execute(651)) - 03ee06a5-cfcc-4ac1-a3c7-afad1436935a@group-8A1AC0108D31-SegmentedRaftLogWorker: created new log segment /home/runner/work/ozone/ozone/hadoop-ozone/integration-test/target/test-dir/MiniOzoneClusterImpl-d744795c-134c-47f3-98d5-5c735d9275da/datanode-0/data/ratis/37bcaca1-812d-40bb-a910-8a1ac0108d31/current/log_inprogress_0
2023-10-17 18:44:56,748 [6bf4bd27-d28f-421a-802a-00940bdb9945@group-8A1AC0108D31-SegmentedRaftLogWorker] INFO  segmented.SegmentedRaftLogWorker (SegmentedRaftLogWorker.java:execute(651)) - 6bf4bd27-d28f-421a-802a-00940bdb9945@group-8A1AC0108D31-SegmentedRaftLogWorker: created new log segment /home/runner/work/ozone/ozone/hadoop-ozone/integration-test/target/test-dir/MiniOzoneClusterImpl-d744795c-134c-47f3-98d5-5c735d9275da/datanode-2/data/ratis/37bcaca1-812d-40bb-a910-8a1ac0108d31/current/log_inprogress_0
18:44:56.748 [Time-limited test] ERROR SCMAudit - user=unknownUser | ip=null | op=DELETE_CONTAINER {remoteUser=unknownUser, containerID=111251835895676966} | ret=FAILURE
org.apache.hadoop.security.AccessControlException: Access denied for user unknownUser. SCM superuser privilege is required.
	at org.apache.hadoop.hdds.scm.server.StorageContainerManager.checkAdminAccess(StorageContainerManager.java:1904) ~[hdds-server-scm-1.4.0-SNAPSHOT.jar:?]
	at org.apache.hadoop.hdds.scm.server.SCMClientProtocolServer.deleteContainer(SCMClientProtocolServer.java:577) [hdds-server-scm-1.4.0-SNAPSHOT.jar:?]
	at sun.reflect.NativeMethodAccessorImpl.invoke0(Native Method) ~[?:1.8.0_382]
	at sun.reflect.NativeMethodAccessorImpl.invoke(NativeMethodAccessorImpl.java:62) ~[?:1.8.0_382]
	at sun.reflect.DelegatingMethodAccessorImpl.invoke(DelegatingMethodAccessorImpl.java:43) ~[?:1.8.0_382]
	at java.lang.reflect.Method.invoke(Method.java:498) ~[?:1.8.0_382]
	at org.mockito.internal.util.reflection.ReflectionMemberAccessor.invoke(ReflectionMemberAccessor.java:45) [mockito-core-3.5.9.jar:?]
	at org.mockito.internal.creation.bytebuddy.MockMethodAdvice.tryInvoke(MockMethodAdvice.java:329) [mockito-core-3.5.9.jar:?]
	at org.mockito.internal.creation.bytebuddy.MockMethodAdvice.access$500(MockMethodAdvice.java:56) [mockito-core-3.5.9.jar:?]
	at org.mockito.internal.creation.bytebuddy.MockMethodAdvice$RealMethodCall.invoke(MockMethodAdvice.java:249) [mockito-core-3.5.9.jar:?]
	at org.mockito.internal.invocation.InterceptedInvocation.callRealMethod(InterceptedInvocation.java:141) [mockito-core-3.5.9.jar:?]
	at org.mockito.internal.stubbing.answers.CallsRealMethods.answer(CallsRealMethods.java:44) [mockito-core-3.5.9.jar:?]
	at org.mockito.Answers.answer(Answers.java:98) [mockito-core-3.5.9.jar:?]
	at org.mockito.internal.handler.MockHandlerImpl.handle(MockHandlerImpl.java:106) [mockito-core-3.5.9.jar:?]
	at org.mockito.internal.handler.NullResultGuardian.handle(NullResultGuardian.java:29) [mockito-core-3.5.9.jar:?]
	at org.mockito.internal.handler.InvocationNotifierHandler.handle(InvocationNotifierHandler.java:33) [mockito-core-3.5.9.jar:?]
	at org.mockito.internal.creation.bytebuddy.MockMethodInterceptor.doIntercept(MockMethodInterceptor.java:57) [mockito-core-3.5.9.jar:?]
	at org.mockito.internal.creation.bytebuddy.MockMethodAdvice.handle(MockMethodAdvice.java:147) [mockito-core-3.5.9.jar:?]
	at org.apache.hadoop.hdds.scm.server.SCMClientProtocolServer.deleteContainer(SCMClientProtocolServer.java:572) [hdds-server-scm-1.4.0-SNAPSHOT.jar:?]
	at org.apache.hadoop.ozone.scm.TestStorageContainerManager.testRpcPermissionWithConf(TestStorageContainerManager.java:218) [test-classes/:?]
	at org.apache.hadoop.ozone.scm.TestStorageContainerManager.testRpcPermission(TestStorageContainerManager.java:200) [test-classes/:?]
	at sun.reflect.NativeMethodAccessorImpl.invoke0(Native Method) ~[?:1.8.0_382]
	at sun.reflect.NativeMethodAccessorImpl.invoke(NativeMethodAccessorImpl.java:62) ~[?:1.8.0_382]
	at sun.reflect.DelegatingMethodAccessorImpl.invoke(DelegatingMethodAccessorImpl.java:43) ~[?:1.8.0_382]
	at java.lang.reflect.Method.invoke(Method.java:498) ~[?:1.8.0_382]
	at org.junit.runners.model.FrameworkMethod$1.runReflectiveCall(FrameworkMethod.java:59) [junit-4.13.1.jar:4.13.1]
	at org.junit.internal.runners.model.ReflectiveCallable.run(ReflectiveCallable.java:12) [junit-4.13.1.jar:4.13.1]
	at org.junit.runners.model.FrameworkMethod.invokeExplosively(FrameworkMethod.java:56) [junit-4.13.1.jar:4.13.1]
	at org.junit.internal.runners.statements.InvokeMethod.evaluate(InvokeMethod.java:17) [junit-4.13.1.jar:4.13.1]
	at org.junit.internal.runners.statements.RunAfters.evaluate(RunAfters.java:27) [junit-4.13.1.jar:4.13.1]
	at org.junit.rules.ExpectedException$ExpectedExceptionStatement.evaluate(ExpectedException.java:258) [junit-4.13.1.jar:4.13.1]
	at org.junit.internal.runners.statements.FailOnTimeout$CallableStatement.call(FailOnTimeout.java:288) [junit-4.13.1.jar:4.13.1]
	at org.junit.internal.runners.statements.FailOnTimeout$CallableStatement.call(FailOnTimeout.java:282) [junit-4.13.1.jar:4.13.1]
	at java.util.concurrent.FutureTask.run(FutureTask.java:266) [?:1.8.0_382]
	at java.lang.Thread.run(Thread.java:750) [?:1.8.0_382]
2023-10-17 18:44:56,750 [Time-limited test] INFO  ozone.MiniOzoneClusterImpl (MiniOzoneClusterImpl.java:shutdown(448)) - Shutting down the Mini Ozone Cluster
2023-10-17 18:44:56,750 [Time-limited test] INFO  ozone.MiniOzoneClusterImpl (MiniOzoneClusterImpl.java:stop(465)) - Stopping the Mini Ozone Cluster
2023-10-17 18:44:56,750 [Time-limited test] INFO  ozone.MiniOzoneClusterImpl (MiniOzoneClusterImpl.java:stopOM(556)) - Stopping the OzoneManager
2023-10-17 18:44:56,750 [Time-limited test] INFO  om.OzoneManager (OzoneManager.java:stop(2206)) - om1[localhost:15143]: Stopping Ozone Manager
2023-10-17 18:44:56,750 [Time-limited test] INFO  ipc.Server (Server.java:stop(3523)) - Stopping server on 15143
2023-10-17 18:44:56,757 [IPC Server listener on 15143] INFO  ipc.Server (Server.java:run(1434)) - Stopping IPC Server listener on 15143
2023-10-17 18:44:56,757 [IPC Server Responder] INFO  ipc.Server (Server.java:run(1567)) - Stopping IPC Server Responder
2023-10-17 18:44:56,760 [Time-limited test] INFO  server.RaftServer (RaftServerProxy.java:lambda$close$6(416)) - om1: close
2023-10-17 18:44:56,760 [Time-limited test] INFO  server.GrpcService (GrpcService.java:closeImpl(311)) - om1: shutdown server GrpcServerProtocolService now
2023-10-17 18:44:56,760 [om1-impl-thread1] INFO  server.RaftServer$Division (RaftServerImpl.java:lambda$close$4(466)) - om1@group-C5BA1605619E: shutdown
2023-10-17 18:44:56,760 [om1-impl-thread1] INFO  util.JmxRegister (JmxRegister.java:unregister(73)) - Successfully un-registered JMX Bean with object name Ratis:service=RaftServer,group=group-C5BA1605619E,id=om1
2023-10-17 18:44:56,760 [om1-impl-thread1] INFO  impl.RoleInfo (RoleInfo.java:shutdownLeaderState(93)) - om1: shutdown om1@group-C5BA1605619E-LeaderStateImpl
2023-10-17 18:44:56,760 [om1-impl-thread1] INFO  impl.PendingRequests (PendingRequests.java:sendNotLeaderResponses(289)) - om1@group-C5BA1605619E-PendingRequests: sendNotLeaderResponses
2023-10-17 18:44:56,763 [om1-impl-thread1] INFO  impl.StateMachineUpdater (StateMachineUpdater.java:stopAndJoin(155)) - om1@group-C5BA1605619E-StateMachineUpdater: set stopIndex = 0
2023-10-17 18:44:56,763 [om1@group-C5BA1605619E-StateMachineUpdater] INFO  ratis.OzoneManagerStateMachine (OzoneManagerStateMachine.java:takeSnapshot(483)) - Current Snapshot Index (t:1, i:0)
2023-10-17 18:44:56,765 [Time-limited test] INFO  server.GrpcService (GrpcService.java:closeImpl(320)) - om1: shutdown server GrpcServerProtocolService successfully
2023-10-17 18:44:56,772 [om1@group-C5BA1605619E-StateMachineUpdater] INFO  impl.StateMachineUpdater (StateMachineUpdater.java:takeSnapshot(291)) - om1@group-C5BA1605619E-StateMachineUpdater: Took a snapshot at index 0
2023-10-17 18:44:56,772 [om1@group-C5BA1605619E-StateMachineUpdater] INFO  impl.StateMachineUpdater (StateMachineUpdater.java:lambda$new$0(97)) - om1@group-C5BA1605619E-StateMachineUpdater: snapshotIndex: updateIncreasingly -1 -> 0
2023-10-17 18:44:56,772 [om1@group-C5BA1605619E-StateMachineUpdater] INFO  ratis.OzoneManagerStateMachine (OzoneManagerStateMachine.java:close(537)) - StateMachine has shutdown. Shutdown OzoneManager if not already shutdown.
2023-10-17 18:44:56,772 [om1@group-C5BA1605619E-StateMachineUpdater] INFO  ratis.OzoneManagerDoubleBuffer (OzoneManagerDoubleBuffer.java:stopDaemon(551)) - Stopping OMDoubleBuffer flush thread
2023-10-17 18:44:56,772 [OMDoubleBufferFlushThread] INFO  ratis.OzoneManagerDoubleBuffer (OzoneManagerDoubleBuffer.java:canFlush(638)) - OMDoubleBuffer flush thread OMDoubleBufferFlushThread is interrupted and will exit.
2023-10-17 18:44:56,773 [om1-impl-thread1] INFO  server.RaftServer$Division (ServerState.java:close(472)) - om1@group-C5BA1605619E: closes. applyIndex: 0
2023-10-17 18:44:56,850 [6bf4bd27-d28f-421a-802a-00940bdb9945@group-800DE3AD42FC-FollowerState] INFO  impl.FollowerState (FollowerState.java:run(143)) - 6bf4bd27-d28f-421a-802a-00940bdb9945@group-800DE3AD42FC-FollowerState: change to CANDIDATE, lastRpcElapsedTime:5096766396ns, electionTimeout:5094ms
2023-10-17 18:44:56,850 [6bf4bd27-d28f-421a-802a-00940bdb9945@group-800DE3AD42FC-FollowerState] INFO  impl.RoleInfo (RoleInfo.java:shutdownFollowerState(110)) - 6bf4bd27-d28f-421a-802a-00940bdb9945: shutdown 6bf4bd27-d28f-421a-802a-00940bdb9945@group-800DE3AD42FC-FollowerState
2023-10-17 18:44:56,850 [6bf4bd27-d28f-421a-802a-00940bdb9945@group-800DE3AD42FC-FollowerState] INFO  server.RaftServer$Division (RaftServerImpl.java:setRole(329)) - 6bf4bd27-d28f-421a-802a-00940bdb9945@group-800DE3AD42FC: changes role from  FOLLOWER to CANDIDATE at term 0 for changeToCandidate
2023-10-17 18:44:56,851 [6bf4bd27-d28f-421a-802a-00940bdb9945@group-800DE3AD42FC-FollowerState] INFO  server.RaftServerConfigKeys (ConfUtils.java:logGet(46)) - raft.server.leaderelection.pre-vote = true (default)
2023-10-17 18:44:56,851 [6bf4bd27-d28f-421a-802a-00940bdb9945@group-800DE3AD42FC-FollowerState] INFO  impl.RoleInfo (RoleInfo.java:updateAndGet(139)) - 6bf4bd27-d28f-421a-802a-00940bdb9945: start 6bf4bd27-d28f-421a-802a-00940bdb9945@group-800DE3AD42FC-LeaderElection34
2023-10-17 18:44:56,854 [6bf4bd27-d28f-421a-802a-00940bdb9945@group-800DE3AD42FC-LeaderElection34] INFO  impl.LeaderElection (LeaderElection.java:askForVotes(321)) - 6bf4bd27-d28f-421a-802a-00940bdb9945@group-800DE3AD42FC-LeaderElection34 PRE_VOTE round 0: submit vote requests at term 0 for -1: peers:[6bf4bd27-d28f-421a-802a-00940bdb9945|rpc:10.1.0.25:15171|admin:10.1.0.25:15170|client:10.1.0.25:15169|dataStream:10.1.0.25:15172|priority:1|startupRole:FOLLOWER]|listeners:[], old=null
2023-10-17 18:44:56,854 [6bf4bd27-d28f-421a-802a-00940bdb9945@group-800DE3AD42FC-LeaderElection34] INFO  impl.LeaderElection (LeaderElection.java:askForVotes(323)) - 6bf4bd27-d28f-421a-802a-00940bdb9945@group-800DE3AD42FC-LeaderElection34 PRE_VOTE round 0: result PASSED (term=0)
2023-10-17 18:44:56,855 [6bf4bd27-d28f-421a-802a-00940bdb9945@group-800DE3AD42FC-LeaderElection34] INFO  impl.LeaderElection (LeaderElection.java:askForVotes(321)) - 6bf4bd27-d28f-421a-802a-00940bdb9945@group-800DE3AD42FC-LeaderElection34 ELECTION round 0: submit vote requests at term 1 for -1: peers:[6bf4bd27-d28f-421a-802a-00940bdb9945|rpc:10.1.0.25:15171|admin:10.1.0.25:15170|client:10.1.0.25:15169|dataStream:10.1.0.25:15172|priority:1|startupRole:FOLLOWER]|listeners:[], old=null
2023-10-17 18:44:56,855 [6bf4bd27-d28f-421a-802a-00940bdb9945@group-800DE3AD42FC-LeaderElection34] INFO  impl.LeaderElection (LeaderElection.java:askForVotes(323)) - 6bf4bd27-d28f-421a-802a-00940bdb9945@group-800DE3AD42FC-LeaderElection34 ELECTION round 0: result PASSED (term=1)
2023-10-17 18:44:56,855 [6bf4bd27-d28f-421a-802a-00940bdb9945@group-800DE3AD42FC-LeaderElection34] INFO  impl.RoleInfo (RoleInfo.java:shutdownLeaderElection(130)) - 6bf4bd27-d28f-421a-802a-00940bdb9945: shutdown 6bf4bd27-d28f-421a-802a-00940bdb9945@group-800DE3AD42FC-LeaderElection34
2023-10-17 18:44:56,855 [6bf4bd27-d28f-421a-802a-00940bdb9945@group-800DE3AD42FC-LeaderElection34] INFO  server.RaftServer$Division (RaftServerImpl.java:setRole(329)) - 6bf4bd27-d28f-421a-802a-00940bdb9945@group-800DE3AD42FC: changes role from CANDIDATE to LEADER at term 1 for changeToLeader
2023-10-17 18:44:56,855 [6bf4bd27-d28f-421a-802a-00940bdb9945@group-800DE3AD42FC-LeaderElection34] INFO  ratis.XceiverServerRatis (XceiverServerRatis.java:handleLeaderChangedNotification(902)) - Leader change notification received for group: group-800DE3AD42FC with new leaderId: 6bf4bd27-d28f-421a-802a-00940bdb9945
2023-10-17 18:44:56,855 [6bf4bd27-d28f-421a-802a-00940bdb9945@group-800DE3AD42FC-LeaderElection34] INFO  server.RaftServer$Division (ServerState.java:setLeader(317)) - 6bf4bd27-d28f-421a-802a-00940bdb9945@group-800DE3AD42FC: change Leader from null to 6bf4bd27-d28f-421a-802a-00940bdb9945 at term 1 for becomeLeader, leader elected after 5119ms
2023-10-17 18:44:56,855 [6bf4bd27-d28f-421a-802a-00940bdb9945@group-800DE3AD42FC-LeaderElection34] INFO  server.RaftServerConfigKeys (ConfUtils.java:logGet(46)) - raft.server.staging.catchup.gap = 1000 (default)
2023-10-17 18:44:56,857 [6bf4bd27-d28f-421a-802a-00940bdb9945@group-800DE3AD42FC-LeaderElection34] INFO  server.RaftServerConfigKeys (ConfUtils.java:logGet(46)) - raft.server.write.element-limit = 1024 (custom)
2023-10-17 18:44:56,858 [6bf4bd27-d28f-421a-802a-00940bdb9945@group-800DE3AD42FC-LeaderElection34] INFO  server.RaftServerConfigKeys (ConfUtils.java:logGet(46)) - raft.server.write.byte-limit = 1024 M (=1073741824) (custom)
2023-10-17 18:44:56,858 [6bf4bd27-d28f-421a-802a-00940bdb9945@group-800DE3AD42FC-LeaderElection34] INFO  server.RaftServerConfigKeys (ConfUtils.java:logGet(46)) - raft.server.watch.timeout = 180s (custom)
2023-10-17 18:44:56,858 [6bf4bd27-d28f-421a-802a-00940bdb9945@group-800DE3AD42FC-LeaderElection34] INFO  server.RaftServerConfigKeys (ConfUtils.java:logGet(46)) - raft.server.watch.timeout.denomination = 1s (default)
2023-10-17 18:44:56,858 [6bf4bd27-d28f-421a-802a-00940bdb9945@group-800DE3AD42FC-LeaderElection34] INFO  server.RaftServerConfigKeys (ConfUtils.java:logGet(46)) - raft.server.watch.element-limit = 65536 (default)
2023-10-17 18:44:56,858 [6bf4bd27-d28f-421a-802a-00940bdb9945@group-800DE3AD42FC-LeaderElection34] INFO  server.RaftServerConfigKeys (ConfUtils.java:logGet(46)) - raft.server.write.element-limit = 1024 (custom)
2023-10-17 18:44:56,858 [6bf4bd27-d28f-421a-802a-00940bdb9945@group-800DE3AD42FC-LeaderElection34] INFO  server.RaftServerConfigKeys (ConfUtils.java:logGet(46)) - raft.server.write.follower.gap.ratio.max = -1.0 (default)
2023-10-17 18:44:56,858 [6bf4bd27-d28f-421a-802a-00940bdb9945@group-800DE3AD42FC-LeaderElection34] INFO  impl.RoleInfo (RoleInfo.java:updateAndGet(139)) - 6bf4bd27-d28f-421a-802a-00940bdb9945: start 6bf4bd27-d28f-421a-802a-00940bdb9945@group-800DE3AD42FC-LeaderStateImpl
2023-10-17 18:44:56,858 [6bf4bd27-d28f-421a-802a-00940bdb9945@group-800DE3AD42FC-LeaderElection34] INFO  segmented.SegmentedRaftLogWorker (SegmentedRaftLogWorker.java:startLogSegment(447)) - 6bf4bd27-d28f-421a-802a-00940bdb9945@group-800DE3AD42FC-SegmentedRaftLogWorker: Starting segment from index:0
2023-10-17 18:44:56,862 [6bf4bd27-d28f-421a-802a-00940bdb9945@group-800DE3AD42FC-LeaderElection34] INFO  server.RaftServer$Division (ServerState.java:setRaftConf(434)) - 6bf4bd27-d28f-421a-802a-00940bdb9945@group-800DE3AD42FC: set configuration 0: peers:[6bf4bd27-d28f-421a-802a-00940bdb9945|rpc:10.1.0.25:15171|admin:10.1.0.25:15170|client:10.1.0.25:15169|dataStream:10.1.0.25:15172|priority:1|startupRole:FOLLOWER]|listeners:[], old=null
2023-10-17 18:44:56,862 [6bf4bd27-d28f-421a-802a-00940bdb9945@group-800DE3AD42FC-SegmentedRaftLogWorker] INFO  segmented.SegmentedRaftLogWorker (SegmentedRaftLogWorker.java:execute(651)) - 6bf4bd27-d28f-421a-802a-00940bdb9945@group-800DE3AD42FC-SegmentedRaftLogWorker: created new log segment /home/runner/work/ozone/ozone/hadoop-ozone/integration-test/target/test-dir/MiniOzoneClusterImpl-d744795c-134c-47f3-98d5-5c735d9275da/datanode-2/data/ratis/ce628324-7922-4db9-aa71-800de3ad42fc/current/log_inprogress_0
2023-10-17 18:44:57,007 [om1-impl-thread1] INFO  segmented.SegmentedRaftLogWorker (SegmentedRaftLogWorker.java:close(252)) - om1@group-C5BA1605619E-SegmentedRaftLogWorker close()
2023-10-17 18:44:57,008 [JvmPauseMonitor23] INFO  util.JvmPauseMonitor (JvmPauseMonitor.java:run(109)) - JvmPauseMonitor-om1: Stopped
2023-10-17 18:44:57,008 [Time-limited test] INFO  ratis.OzoneManagerStateMachine (OzoneManagerStateMachine.java:close(537)) - StateMachine has shutdown. Shutdown OzoneManager if not already shutdown.
2023-10-17 18:44:57,008 [Time-limited test] INFO  ratis.OzoneManagerDoubleBuffer (OzoneManagerDoubleBuffer.java:stopDaemon(560)) - OMDoubleBuffer flush thread is not running.
2023-10-17 18:44:57,009 [Time-limited test] INFO  utils.BackgroundService (BackgroundService.java:shutdown(160)) - Shutting down service KeyDeletingService
2023-10-17 18:44:57,009 [Time-limited test] INFO  utils.BackgroundService (BackgroundService.java:shutdown(160)) - Shutting down service KeyDeletingService
2023-10-17 18:44:57,009 [Time-limited test] INFO  utils.BackgroundService (BackgroundService.java:shutdown(160)) - Shutting down service OpenKeyCleanupService
2023-10-17 18:44:57,009 [Time-limited test] INFO  utils.BackgroundService (BackgroundService.java:shutdown(160)) - Shutting down service SstFilteringService
2023-10-17 18:44:57,009 [Time-limited test] INFO  utils.BackgroundService (BackgroundService.java:shutdown(160)) - Shutting down service SnapshotDeletingService
2023-10-17 18:44:57,009 [Time-limited test] INFO  utils.BackgroundService (BackgroundService.java:shutdown(160)) - Shutting down service MultipartUploadCleanupService
2023-10-17 18:44:57,010 [Time-limited test] INFO  handler.ContextHandler (ContextHandler.java:doStop(1159)) - Stopped o.e.j.w.WebAppContext@34baf0c0{ozoneManager,/,null,STOPPED}{file:/home/runner/work/ozone/ozone/hadoop-ozone/integration-test/target/test-classes/webapps/ozoneManager}
2023-10-17 18:44:57,010 [Time-limited test] INFO  server.AbstractConnector (AbstractConnector.java:doStop(383)) - Stopped ServerConnector@4161687f{HTTP/1.1, (http/1.1)}{0.0.0.0:15144}
2023-10-17 18:44:57,010 [Time-limited test] INFO  server.session (HouseKeeper.java:stopScavenging(149)) - node0 Stopped scavenging
2023-10-17 18:44:57,011 [Time-limited test] INFO  handler.ContextHandler (ContextHandler.java:doStop(1159)) - Stopped o.e.j.s.ServletContextHandler@5bc5cbc1{static,/static,file:///home/runner/work/ozone/ozone/hadoop-ozone/integration-test/target/test-classes/webapps/static,STOPPED}
2023-10-17 18:44:57,011 [Time-limited test] INFO  handler.ContextHandler (ContextHandler.java:doStop(1159)) - Stopped o.e.j.s.ServletContextHandler@211896c6{logs,/logs,file:///home/runner/work/ozone/ozone/hadoop-ozone/integration-test/target/log,STOPPED}
2023-10-17 18:44:57,012 [Time-limited test] INFO  rocksdiff.RocksDBCheckpointDiffer (RocksDBCheckpointDiffer.java:close(312)) - Shutting down CompactionDagPruningService.
2023-10-17 18:44:57,013 [Time-limited test] INFO  snapshot.SnapshotDiffManager (SnapshotDiffManager.java:closeExecutorService(1720)) - Shutting down executorService: 'SnapDiffExecutor'
2023-10-17 18:44:57,013 [Time-limited test] INFO  snapshot.SnapshotDiffManager (SnapshotDiffManager.java:closeExecutorService(1720)) - Shutting down executorService: 'SstDumpToolExecutor'
2023-10-17 18:44:57,013 [Time-limited test] INFO  utils.BackgroundService (BackgroundService.java:shutdown(160)) - Shutting down service SnapshotDiffCleanupService
2023-10-17 18:44:57,015 [Time-limited test] INFO  ozone.MiniOzoneClusterImpl (MiniOzoneClusterImpl.java:stopDatanodes(533)) - Stopping the HddsDatanodes
2023-10-17 18:44:57,017 [Time-limited test] INFO  ozoneimpl.OzoneContainer (OzoneContainer.java:stop(453)) - Attempting to stop container services.
2023-10-17 18:44:57,018 [ForkJoinPool.commonPool-worker-2] INFO  ozoneimpl.OzoneContainer (OzoneContainer.java:stop(453)) - Attempting to stop container services.
2023-10-17 18:44:57,018 [ForkJoinPool.commonPool-worker-2] INFO  server.RaftServer (RaftServerProxy.java:lambda$close$6(416)) - 03ee06a5-cfcc-4ac1-a3c7-afad1436935a: close
2023-10-17 18:44:57,018 [03ee06a5-cfcc-4ac1-a3c7-afad1436935a-impl-thread1] INFO  server.RaftServer$Division (RaftServerImpl.java:lambda$close$4(466)) - 03ee06a5-cfcc-4ac1-a3c7-afad1436935a@group-8A1AC0108D31: shutdown
2023-10-17 18:44:57,018 [03ee06a5-cfcc-4ac1-a3c7-afad1436935a-impl-thread1] INFO  util.JmxRegister (JmxRegister.java:unregister(73)) - Successfully un-registered JMX Bean with object name Ratis:service=RaftServer,group=group-8A1AC0108D31,id=03ee06a5-cfcc-4ac1-a3c7-afad1436935a
2023-10-17 18:44:57,018 [03ee06a5-cfcc-4ac1-a3c7-afad1436935a-impl-thread1] INFO  impl.RoleInfo (RoleInfo.java:shutdownFollowerState(110)) - 03ee06a5-cfcc-4ac1-a3c7-afad1436935a: shutdown 03ee06a5-cfcc-4ac1-a3c7-afad1436935a@group-8A1AC0108D31-FollowerState
2023-10-17 18:44:57,018 [03ee06a5-cfcc-4ac1-a3c7-afad1436935a-impl-thread2] INFO  server.RaftServer$Division (RaftServerImpl.java:lambda$close$4(466)) - 03ee06a5-cfcc-4ac1-a3c7-afad1436935a@group-AB198594C4B3: shutdown
2023-10-17 18:44:57,019 [03ee06a5-cfcc-4ac1-a3c7-afad1436935a-impl-thread2] INFO  util.JmxRegister (JmxRegister.java:unregister(73)) - Successfully un-registered JMX Bean with object name Ratis:service=RaftServer,group=group-AB198594C4B3,id=03ee06a5-cfcc-4ac1-a3c7-afad1436935a
2023-10-17 18:44:57,019 [03ee06a5-cfcc-4ac1-a3c7-afad1436935a-impl-thread2] INFO  impl.RoleInfo (RoleInfo.java:shutdownLeaderState(93)) - 03ee06a5-cfcc-4ac1-a3c7-afad1436935a: shutdown 03ee06a5-cfcc-4ac1-a3c7-afad1436935a@group-AB198594C4B3-LeaderStateImpl
2023-10-17 18:44:57,019 [03ee06a5-cfcc-4ac1-a3c7-afad1436935a-impl-thread2] INFO  impl.PendingRequests (PendingRequests.java:sendNotLeaderResponses(289)) - 03ee06a5-cfcc-4ac1-a3c7-afad1436935a@group-AB198594C4B3-PendingRequests: sendNotLeaderResponses
2023-10-17 18:44:57,019 [03ee06a5-cfcc-4ac1-a3c7-afad1436935a-impl-thread2] INFO  impl.StateMachineUpdater (StateMachineUpdater.java:stopAndJoin(155)) - 03ee06a5-cfcc-4ac1-a3c7-afad1436935a@group-AB198594C4B3-StateMachineUpdater: set stopIndex = 0
2023-10-17 18:44:57,019 [ForkJoinPool.commonPool-worker-2] INFO  server.GrpcService (GrpcService.java:closeImpl(311)) - 03ee06a5-cfcc-4ac1-a3c7-afad1436935a: shutdown server org.apache.ratis.grpc.server.GrpcClientProtocolService now
2023-10-17 18:44:57,019 [03ee06a5-cfcc-4ac1-a3c7-afad1436935a@group-AB198594C4B3-StateMachineUpdater] INFO  ratis.ContainerStateMachine (ContainerStateMachine.java:takeSnapshot(330)) - group-AB198594C4B3: Taking a snapshot at:(t:1, i:0) file /home/runner/work/ozone/ozone/hadoop-ozone/integration-test/target/test-dir/MiniOzoneClusterImpl-d744795c-134c-47f3-98d5-5c735d9275da/datanode-0/data/ratis/6e840e8c-c1c1-4682-8ba0-ab198594c4b3/sm/snapshot.1_0
2023-10-17 18:44:57,019 [03ee06a5-cfcc-4ac1-a3c7-afad1436935a-impl-thread3] INFO  server.RaftServer$Division (RaftServerImpl.java:lambda$close$4(466)) - 03ee06a5-cfcc-4ac1-a3c7-afad1436935a@group-0571E2346807: shutdown
2023-10-17 18:44:57,019 [03ee06a5-cfcc-4ac1-a3c7-afad1436935a-impl-thread3] INFO  util.JmxRegister (JmxRegister.java:unregister(73)) - Successfully un-registered JMX Bean with object name Ratis:service=RaftServer,group=group-0571E2346807,id=03ee06a5-cfcc-4ac1-a3c7-afad1436935a
2023-10-17 18:44:57,019 [03ee06a5-cfcc-4ac1-a3c7-afad1436935a-impl-thread3] INFO  impl.RoleInfo (RoleInfo.java:shutdownLeaderState(93)) - 03ee06a5-cfcc-4ac1-a3c7-afad1436935a: shutdown 03ee06a5-cfcc-4ac1-a3c7-afad1436935a@group-0571E2346807-LeaderStateImpl
2023-10-17 18:44:57,020 [03ee06a5-cfcc-4ac1-a3c7-afad1436935a@group-0571E2346807->6bf4bd27-d28f-421a-802a-00940bdb9945-GrpcLogAppender-LogAppenderDaemon] WARN  server.GrpcLogAppender (GrpcLogAppender.java:mayWait(199)) - 03ee06a5-cfcc-4ac1-a3c7-afad1436935a@group-0571E2346807->6bf4bd27-d28f-421a-802a-00940bdb9945-GrpcLogAppender: Wait interrupted by java.lang.InterruptedException
2023-10-17 18:44:57,020 [03ee06a5-cfcc-4ac1-a3c7-afad1436935a@group-0571E2346807->a09c5a64-4ee1-447f-bdad-955dc0571893-GrpcLogAppender-LogAppenderDaemon] WARN  server.GrpcLogAppender (GrpcLogAppender.java:mayWait(199)) - 03ee06a5-cfcc-4ac1-a3c7-afad1436935a@group-0571E2346807->a09c5a64-4ee1-447f-bdad-955dc0571893-GrpcLogAppender: Wait interrupted by java.lang.InterruptedException
2023-10-17 18:44:57,020 [03ee06a5-cfcc-4ac1-a3c7-afad1436935a-impl-thread3] INFO  impl.PendingRequests (PendingRequests.java:sendNotLeaderResponses(289)) - 03ee06a5-cfcc-4ac1-a3c7-afad1436935a@group-0571E2346807-PendingRequests: sendNotLeaderResponses
2023-10-17 18:44:57,021 [03ee06a5-cfcc-4ac1-a3c7-afad1436935a-impl-thread1] INFO  impl.StateMachineUpdater (StateMachineUpdater.java:stopAndJoin(155)) - 03ee06a5-cfcc-4ac1-a3c7-afad1436935a@group-8A1AC0108D31-StateMachineUpdater: set stopIndex = -1
2023-10-17 18:44:57,021 [03ee06a5-cfcc-4ac1-a3c7-afad1436935a@group-8A1AC0108D31-FollowerState] INFO  impl.FollowerState (FollowerState.java:run(152)) - 03ee06a5-cfcc-4ac1-a3c7-afad1436935a@group-8A1AC0108D31-FollowerState was interrupted
2023-10-17 18:44:57,021 [03ee06a5-cfcc-4ac1-a3c7-afad1436935a-impl-thread1] INFO  server.RaftServer$Division (ServerState.java:close(472)) - 03ee06a5-cfcc-4ac1-a3c7-afad1436935a@group-8A1AC0108D31: closes. applyIndex: -1
2023-10-17 18:44:57,022 [grpc-default-executor-5] INFO  server.GrpcServerProtocolService (GrpcServerProtocolService.java:onCompleted(155)) - 6bf4bd27-d28f-421a-802a-00940bdb9945: Completed APPEND_ENTRIES, lastRequest: 03ee06a5-cfcc-4ac1-a3c7-afad1436935a->6bf4bd27-d28f-421a-802a-00940bdb9945#1-t1,previous=(t:0, i:0),leaderCommit=-1,initializing? true,entries: size=1, first=(t:1, i:0), CONFIGURATIONENTRY(current:id: "6bf4bd27-d28f-421a-802a-00940bdb9945"
address: "10.1.0.25:15171"
dataStreamAddress: "10.1.0.25:15172"
clientAddress: "10.1.0.25:15169"
adminAddress: "10.1.0.25:15170"
startupRole: FOLLOWER
,id: "a09c5a64-4ee1-447f-bdad-955dc0571893"
address: "10.1.0.25:15162"
dataStreamAddress: "10.1.0.25:15163"
clientAddress: "10.1.0.25:15160"
adminAddress: "10.1.0.25:15161"
startupRole: FOLLOWER
,id: "03ee06a5-cfcc-4ac1-a3c7-afad1436935a"
address: "10.1.0.25:15153"
priority: 1
dataStreamAddress: "10.1.0.25:15154"
clientAddress: "10.1.0.25:15151"
adminAddress: "10.1.0.25:15152"
startupRole: FOLLOWER
, old:)
2023-10-17 18:44:57,022 [grpc-default-executor-1] INFO  server.GrpcServerProtocolService (GrpcServerProtocolService.java:onCompleted(155)) - a09c5a64-4ee1-447f-bdad-955dc0571893: Completed APPEND_ENTRIES, lastRequest: null
2023-10-17 18:44:57,023 [grpc-default-executor-1] INFO  server.GrpcServerProtocolService (GrpcServerProtocolService.java:lambda$onCompleted$5(157)) - a09c5a64-4ee1-447f-bdad-955dc0571893: Completed APPEND_ENTRIES, lastReply: serverReply {
  requestorId: "03ee06a5-cfcc-4ac1-a3c7-afad1436935a"
  replyId: "a09c5a64-4ee1-447f-bdad-955dc0571893"
  raftGroupId {
    id: "b\346\314Z\227\322Jf\276\021\005q\3424h\a"
  }
  callId: 2
  success: true
}
term: 1
nextIndex: 1
followerCommit: 18446744073709551615
matchIndex: 18446744073709551615
isHearbeat: true

2023-10-17 18:44:57,021 [03ee06a5-cfcc-4ac1-a3c7-afad1436935a@group-AB198594C4B3-StateMachineUpdater] INFO  ratis.ContainerStateMachine (ContainerStateMachine.java:takeSnapshot(341)) - group-AB198594C4B3: Finished taking a snapshot at:(t:1, i:0) file:/home/runner/work/ozone/ozone/hadoop-ozone/integration-test/target/test-dir/MiniOzoneClusterImpl-d744795c-134c-47f3-98d5-5c735d9275da/datanode-0/data/ratis/6e840e8c-c1c1-4682-8ba0-ab198594c4b3/sm/snapshot.1_0 took: 2 ms
2023-10-17 18:44:57,023 [03ee06a5-cfcc-4ac1-a3c7-afad1436935a@group-AB198594C4B3-StateMachineUpdater] INFO  impl.StateMachineUpdater (StateMachineUpdater.java:takeSnapshot(291)) - 03ee06a5-cfcc-4ac1-a3c7-afad1436935a@group-AB198594C4B3-StateMachineUpdater: Took a snapshot at index 0
2023-10-17 18:44:57,023 [03ee06a5-cfcc-4ac1-a3c7-afad1436935a@group-AB198594C4B3-StateMachineUpdater] INFO  impl.StateMachineUpdater (StateMachineUpdater.java:lambda$new$0(97)) - 03ee06a5-cfcc-4ac1-a3c7-afad1436935a@group-AB198594C4B3-StateMachineUpdater: snapshotIndex: updateIncreasingly -1 -> 0
2023-10-17 18:44:57,023 [03ee06a5-cfcc-4ac1-a3c7-afad1436935a@group-0571E2346807-StateMachineUpdater] INFO  ratis.ContainerStateMachine (ContainerStateMachine.java:takeSnapshot(330)) - group-0571E2346807: Taking a snapshot at:(t:1, i:0) file /home/runner/work/ozone/ozone/hadoop-ozone/integration-test/target/test-dir/MiniOzoneClusterImpl-d744795c-134c-47f3-98d5-5c735d9275da/datanode-0/data/ratis/62e6cc5a-97d2-4a66-be11-0571e2346807/sm/snapshot.1_0
2023-10-17 18:44:57,023 [03ee06a5-cfcc-4ac1-a3c7-afad1436935a-impl-thread3] INFO  impl.StateMachineUpdater (StateMachineUpdater.java:stopAndJoin(155)) - 03ee06a5-cfcc-4ac1-a3c7-afad1436935a@group-0571E2346807-StateMachineUpdater: set stopIndex = 0
2023-10-17 18:44:57,022 [grpc-default-executor-2] INFO  server.GrpcServerProtocolService (GrpcServerProtocolService.java:onCompleted(155)) - a09c5a64-4ee1-447f-bdad-955dc0571893: Completed APPEND_ENTRIES, lastRequest: 03ee06a5-cfcc-4ac1-a3c7-afad1436935a->a09c5a64-4ee1-447f-bdad-955dc0571893#1-t1,previous=(t:0, i:0),leaderCommit=-1,initializing? true,entries: size=1, first=(t:1, i:0), CONFIGURATIONENTRY(current:id: "6bf4bd27-d28f-421a-802a-00940bdb9945"
address: "10.1.0.25:15171"
dataStreamAddress: "10.1.0.25:15172"
clientAddress: "10.1.0.25:15169"
adminAddress: "10.1.0.25:15170"
startupRole: FOLLOWER
,id: "a09c5a64-4ee1-447f-bdad-955dc0571893"
address: "10.1.0.25:15162"
dataStreamAddress: "10.1.0.25:15163"
clientAddress: "10.1.0.25:15160"
adminAddress: "10.1.0.25:15161"
startupRole: FOLLOWER
,id: "03ee06a5-cfcc-4ac1-a3c7-afad1436935a"
address: "10.1.0.25:15153"
priority: 1
dataStreamAddress: "10.1.0.25:15154"
clientAddress: "10.1.0.25:15151"
adminAddress: "10.1.0.25:15152"
startupRole: FOLLOWER
, old:)
2023-10-17 18:44:57,024 [grpc-default-executor-2] INFO  server.GrpcServerProtocolService (GrpcServerProtocolService.java:lambda$onCompleted$5(157)) - a09c5a64-4ee1-447f-bdad-955dc0571893: Completed APPEND_ENTRIES, lastReply: null
2023-10-17 18:44:57,022 [grpc-default-executor-4] INFO  server.GrpcServerProtocolService (GrpcServerProtocolService.java:onCompleted(155)) - 6bf4bd27-d28f-421a-802a-00940bdb9945: Completed APPEND_ENTRIES, lastRequest: null
2023-10-17 18:44:57,024 [03ee06a5-cfcc-4ac1-a3c7-afad1436935a@group-0571E2346807-StateMachineUpdater] INFO  ratis.ContainerStateMachine (ContainerStateMachine.java:takeSnapshot(341)) - group-0571E2346807: Finished taking a snapshot at:(t:1, i:0) file:/home/runner/work/ozone/ozone/hadoop-ozone/integration-test/target/test-dir/MiniOzoneClusterImpl-d744795c-134c-47f3-98d5-5c735d9275da/datanode-0/data/ratis/62e6cc5a-97d2-4a66-be11-0571e2346807/sm/snapshot.1_0 took: 1 ms
2023-10-17 18:44:57,022 [grpc-default-executor-5] INFO  server.GrpcServerProtocolService (GrpcServerProtocolService.java:lambda$onCompleted$5(157)) - 6bf4bd27-d28f-421a-802a-00940bdb9945: Completed APPEND_ENTRIES, lastReply: null
2023-10-17 18:44:57,024 [03ee06a5-cfcc-4ac1-a3c7-afad1436935a@group-0571E2346807-StateMachineUpdater] INFO  impl.StateMachineUpdater (StateMachineUpdater.java:takeSnapshot(291)) - 03ee06a5-cfcc-4ac1-a3c7-afad1436935a@group-0571E2346807-StateMachineUpdater: Took a snapshot at index 0
2023-10-17 18:44:57,024 [grpc-default-executor-4] INFO  server.GrpcServerProtocolService (GrpcServerProtocolService.java:lambda$onCompleted$5(157)) - 6bf4bd27-d28f-421a-802a-00940bdb9945: Completed APPEND_ENTRIES, lastReply: serverReply {
  requestorId: "03ee06a5-cfcc-4ac1-a3c7-afad1436935a"
  replyId: "6bf4bd27-d28f-421a-802a-00940bdb9945"
  raftGroupId {
    id: "b\346\314Z\227\322Jf\276\021\005q\3424h\a"
  }
  success: true
}
term: 1
nextIndex: 1
followerCommit: 18446744073709551615
matchIndex: 18446744073709551615
isHearbeat: true

2023-10-17 18:44:57,024 [03ee06a5-cfcc-4ac1-a3c7-afad1436935a@group-0571E2346807-StateMachineUpdater] INFO  impl.StateMachineUpdater (StateMachineUpdater.java:lambda$new$0(97)) - 03ee06a5-cfcc-4ac1-a3c7-afad1436935a@group-0571E2346807-StateMachineUpdater: snapshotIndex: updateIncreasingly -1 -> 0
2023-10-17 18:44:57,025 [grpc-default-executor-2] INFO  server.GrpcLogAppender (GrpcLogAppender.java:onCompleted(428)) - 03ee06a5-cfcc-4ac1-a3c7-afad1436935a@group-0571E2346807->6bf4bd27-d28f-421a-802a-00940bdb9945-AppendLogResponseHandler: follower responses appendEntries COMPLETED
2023-10-17 18:44:57,025 [grpc-default-executor-2] INFO  leader.FollowerInfo (FollowerInfoImpl.java:lambda$new$0(52)) - 03ee06a5-cfcc-4ac1-a3c7-afad1436935a@group-0571E2346807->6bf4bd27-d28f-421a-802a-00940bdb9945: decreaseNextIndex nextIndex: updateUnconditionally 1 -> 0
2023-10-17 18:44:57,026 [grpc-default-executor-5] INFO  server.GrpcLogAppender (GrpcLogAppender.java:onCompleted(428)) - 03ee06a5-cfcc-4ac1-a3c7-afad1436935a@group-0571E2346807->a09c5a64-4ee1-447f-bdad-955dc0571893-AppendLogResponseHandler: follower responses appendEntries COMPLETED
2023-10-17 18:44:57,026 [grpc-default-executor-5] INFO  leader.FollowerInfo (FollowerInfoImpl.java:lambda$new$0(52)) - 03ee06a5-cfcc-4ac1-a3c7-afad1436935a@group-0571E2346807->a09c5a64-4ee1-447f-bdad-955dc0571893: decreaseNextIndex nextIndex: updateUnconditionally 1 -> 0
2023-10-17 18:44:57,026 [grpc-default-executor-2] INFO  server.GrpcLogAppender (GrpcLogAppender.java:onCompleted(428)) - 03ee06a5-cfcc-4ac1-a3c7-afad1436935a@group-0571E2346807->6bf4bd27-d28f-421a-802a-00940bdb9945-AppendLogResponseHandler: follower responses appendEntries COMPLETED
2023-10-17 18:44:57,026 [03ee06a5-cfcc-4ac1-a3c7-afad1436935a-impl-thread2] INFO  server.RaftServer$Division (ServerState.java:close(472)) - 03ee06a5-cfcc-4ac1-a3c7-afad1436935a@group-AB198594C4B3: closes. applyIndex: 0
2023-10-17 18:44:57,027 [03ee06a5-cfcc-4ac1-a3c7-afad1436935a-impl-thread3] INFO  server.RaftServer$Division (ServerState.java:close(472)) - 03ee06a5-cfcc-4ac1-a3c7-afad1436935a@group-0571E2346807: closes. applyIndex: 0
2023-10-17 18:44:57,030 [grpc-default-executor-3] INFO  server.GrpcLogAppender (GrpcLogAppender.java:onCompleted(428)) - 03ee06a5-cfcc-4ac1-a3c7-afad1436935a@group-0571E2346807->a09c5a64-4ee1-447f-bdad-955dc0571893-AppendLogResponseHandler: follower responses appendEntries COMPLETED
2023-10-17 18:44:57,031 [Thread-2397] INFO  server.GrpcServerProtocolClient (GrpcServerProtocolClient.java:close(103)) - a09c5a64-4ee1-447f-bdad-955dc0571893 Close channels
2023-10-17 18:44:57,036 [Thread-2396] INFO  server.GrpcServerProtocolClient (GrpcServerProtocolClient.java:close(103)) - 6bf4bd27-d28f-421a-802a-00940bdb9945 Close channels
2023-10-17 18:44:57,036 [Time-limited test] INFO  server.RaftServer (RaftServerProxy.java:lambda$close$6(416)) - a09c5a64-4ee1-447f-bdad-955dc0571893: close
2023-10-17 18:44:57,038 [a09c5a64-4ee1-447f-bdad-955dc0571893-impl-thread1] INFO  server.RaftServer$Division (RaftServerImpl.java:lambda$close$4(466)) - a09c5a64-4ee1-447f-bdad-955dc0571893@group-8A1AC0108D31: shutdown
2023-10-17 18:44:57,038 [a09c5a64-4ee1-447f-bdad-955dc0571893-impl-thread1] INFO  util.JmxRegister (JmxRegister.java:unregister(73)) - Successfully un-registered JMX Bean with object name Ratis:service=RaftServer,group=group-8A1AC0108D31,id=a09c5a64-4ee1-447f-bdad-955dc0571893
2023-10-17 18:44:57,038 [a09c5a64-4ee1-447f-bdad-955dc0571893-impl-thread1] INFO  impl.RoleInfo (RoleInfo.java:shutdownLeaderState(93)) - a09c5a64-4ee1-447f-bdad-955dc0571893: shutdown a09c5a64-4ee1-447f-bdad-955dc0571893@group-8A1AC0108D31-LeaderStateImpl
2023-10-17 18:44:57,039 [a09c5a64-4ee1-447f-bdad-955dc0571893-impl-thread2] INFO  server.RaftServer$Division (RaftServerImpl.java:lambda$close$4(466)) - a09c5a64-4ee1-447f-bdad-955dc0571893@group-0571E2346807: shutdown
2023-10-17 18:44:57,039 [a09c5a64-4ee1-447f-bdad-955dc0571893-impl-thread2] INFO  util.JmxRegister (JmxRegister.java:unregister(73)) - Successfully un-registered JMX Bean with object name Ratis:service=RaftServer,group=group-0571E2346807,id=a09c5a64-4ee1-447f-bdad-955dc0571893
2023-10-17 18:44:57,039 [a09c5a64-4ee1-447f-bdad-955dc0571893-impl-thread2] INFO  impl.RoleInfo (RoleInfo.java:shutdownFollowerState(110)) - a09c5a64-4ee1-447f-bdad-955dc0571893: shutdown a09c5a64-4ee1-447f-bdad-955dc0571893@group-0571E2346807-FollowerState
2023-10-17 18:44:57,039 [Time-limited test] INFO  server.GrpcService (GrpcService.java:closeImpl(311)) - a09c5a64-4ee1-447f-bdad-955dc0571893: shutdown server org.apache.ratis.grpc.server.GrpcClientProtocolService now
2023-10-17 18:44:57,039 [a09c5a64-4ee1-447f-bdad-955dc0571893-impl-thread2] INFO  impl.StateMachineUpdater (StateMachineUpdater.java:stopAndJoin(155)) - a09c5a64-4ee1-447f-bdad-955dc0571893@group-0571E2346807-StateMachineUpdater: set stopIndex = -1
2023-10-17 18:44:57,039 [a09c5a64-4ee1-447f-bdad-955dc0571893-impl-thread1] INFO  impl.PendingRequests (PendingRequests.java:sendNotLeaderResponses(289)) - a09c5a64-4ee1-447f-bdad-955dc0571893@group-8A1AC0108D31-PendingRequests: sendNotLeaderResponses
2023-10-17 18:44:57,039 [a09c5a64-4ee1-447f-bdad-955dc0571893-impl-thread3] INFO  server.RaftServer$Division (RaftServerImpl.java:lambda$close$4(466)) - a09c5a64-4ee1-447f-bdad-955dc0571893@group-9C4CB96F1DD3: shutdown
2023-10-17 18:44:57,040 [a09c5a64-4ee1-447f-bdad-955dc0571893@group-8A1AC0108D31->6bf4bd27-d28f-421a-802a-00940bdb9945-GrpcLogAppender-LogAppenderDaemon] WARN  server.GrpcLogAppender (GrpcLogAppender.java:mayWait(199)) - a09c5a64-4ee1-447f-bdad-955dc0571893@group-8A1AC0108D31->6bf4bd27-d28f-421a-802a-00940bdb9945-GrpcLogAppender: Wait interrupted by java.lang.InterruptedException
2023-10-17 18:44:57,040 [a09c5a64-4ee1-447f-bdad-955dc0571893-impl-thread3] INFO  util.JmxRegister (JmxRegister.java:unregister(73)) - Successfully un-registered JMX Bean with object name Ratis:service=RaftServer,group=group-9C4CB96F1DD3,id=a09c5a64-4ee1-447f-bdad-955dc0571893
2023-10-17 18:44:57,040 [a09c5a64-4ee1-447f-bdad-955dc0571893-impl-thread3] INFO  impl.RoleInfo (RoleInfo.java:shutdownLeaderState(93)) - a09c5a64-4ee1-447f-bdad-955dc0571893: shutdown a09c5a64-4ee1-447f-bdad-955dc0571893@group-9C4CB96F1DD3-LeaderStateImpl
2023-10-17 18:44:57,040 [a09c5a64-4ee1-447f-bdad-955dc0571893-impl-thread3] INFO  impl.PendingRequests (PendingRequests.java:sendNotLeaderResponses(289)) - a09c5a64-4ee1-447f-bdad-955dc0571893@group-9C4CB96F1DD3-PendingRequests: sendNotLeaderResponses
2023-10-17 18:44:57,040 [a09c5a64-4ee1-447f-bdad-955dc0571893@group-0571E2346807-FollowerState] INFO  impl.FollowerState (FollowerState.java:run(152)) - a09c5a64-4ee1-447f-bdad-955dc0571893@group-0571E2346807-FollowerState was interrupted
2023-10-17 18:44:57,040 [a09c5a64-4ee1-447f-bdad-955dc0571893@group-9C4CB96F1DD3-StateMachineUpdater] INFO  ratis.ContainerStateMachine (ContainerStateMachine.java:takeSnapshot(330)) - group-9C4CB96F1DD3: Taking a snapshot at:(t:1, i:0) file /home/runner/work/ozone/ozone/hadoop-ozone/integration-test/target/test-dir/MiniOzoneClusterImpl-d744795c-134c-47f3-98d5-5c735d9275da/datanode-1/data/ratis/6f4c846c-1fa1-4a6a-b536-9c4cb96f1dd3/sm/snapshot.1_0
2023-10-17 18:44:57,040 [a09c5a64-4ee1-447f-bdad-955dc0571893@group-8A1AC0108D31->03ee06a5-cfcc-4ac1-a3c7-afad1436935a-GrpcLogAppender-LogAppenderDaemon] WARN  server.GrpcLogAppender (GrpcLogAppender.java:mayWait(199)) - a09c5a64-4ee1-447f-bdad-955dc0571893@group-8A1AC0108D31->03ee06a5-cfcc-4ac1-a3c7-afad1436935a-GrpcLogAppender: Wait interrupted by java.lang.InterruptedException
2023-10-17 18:44:57,040 [a09c5a64-4ee1-447f-bdad-955dc0571893-impl-thread3] INFO  impl.StateMachineUpdater (StateMachineUpdater.java:stopAndJoin(155)) - a09c5a64-4ee1-447f-bdad-955dc0571893@group-9C4CB96F1DD3-StateMachineUpdater: set stopIndex = 0
2023-10-17 18:44:57,041 [a09c5a64-4ee1-447f-bdad-955dc0571893@group-9C4CB96F1DD3-StateMachineUpdater] INFO  ratis.ContainerStateMachine (ContainerStateMachine.java:takeSnapshot(341)) - group-9C4CB96F1DD3: Finished taking a snapshot at:(t:1, i:0) file:/home/runner/work/ozone/ozone/hadoop-ozone/integration-test/target/test-dir/MiniOzoneClusterImpl-d744795c-134c-47f3-98d5-5c735d9275da/datanode-1/data/ratis/6f4c846c-1fa1-4a6a-b536-9c4cb96f1dd3/sm/snapshot.1_0 took: 1 ms
2023-10-17 18:44:57,041 [a09c5a64-4ee1-447f-bdad-955dc0571893-impl-thread2] INFO  server.RaftServer$Division (ServerState.java:close(472)) - a09c5a64-4ee1-447f-bdad-955dc0571893@group-0571E2346807: closes. applyIndex: -1
2023-10-17 18:44:57,042 [a09c5a64-4ee1-447f-bdad-955dc0571893@group-9C4CB96F1DD3-StateMachineUpdater] INFO  impl.StateMachineUpdater (StateMachineUpdater.java:takeSnapshot(291)) - a09c5a64-4ee1-447f-bdad-955dc0571893@group-9C4CB96F1DD3-StateMachineUpdater: Took a snapshot at index 0
2023-10-17 18:44:57,042 [a09c5a64-4ee1-447f-bdad-955dc0571893@group-9C4CB96F1DD3-StateMachineUpdater] INFO  impl.StateMachineUpdater (StateMachineUpdater.java:lambda$new$0(97)) - a09c5a64-4ee1-447f-bdad-955dc0571893@group-9C4CB96F1DD3-StateMachineUpdater: snapshotIndex: updateIncreasingly -1 -> 0
2023-10-17 18:44:57,043 [Thread-2401] INFO  server.GrpcServerProtocolClient (GrpcServerProtocolClient.java:close(103)) - 6bf4bd27-d28f-421a-802a-00940bdb9945 Close channels
2023-10-17 18:44:57,049 [Thread-2403] INFO  server.GrpcServerProtocolClient (GrpcServerProtocolClient.java:close(103)) - 03ee06a5-cfcc-4ac1-a3c7-afad1436935a Close channels
2023-10-17 18:44:57,050 [grpc-default-executor-3] INFO  server.GrpcServerProtocolService (GrpcServerProtocolService.java:onCompleted(155)) - 6bf4bd27-d28f-421a-802a-00940bdb9945: Completed APPEND_ENTRIES, lastRequest: null
2023-10-17 18:44:57,050 [a09c5a64-4ee1-447f-bdad-955dc0571893-impl-thread1] INFO  impl.StateMachineUpdater (StateMachineUpdater.java:stopAndJoin(155)) - a09c5a64-4ee1-447f-bdad-955dc0571893@group-8A1AC0108D31-StateMachineUpdater: set stopIndex = 0
2023-10-17 18:44:57,050 [grpc-default-executor-2] INFO  server.GrpcServerProtocolService (GrpcServerProtocolService.java:onCompleted(155)) - 03ee06a5-cfcc-4ac1-a3c7-afad1436935a: Completed APPEND_ENTRIES, lastRequest: null
2023-10-17 18:44:57,051 [grpc-default-executor-2] INFO  server.GrpcServerProtocolService (GrpcServerProtocolService.java:lambda$onCompleted$5(157)) - 03ee06a5-cfcc-4ac1-a3c7-afad1436935a: Completed APPEND_ENTRIES, lastReply: serverReply {
  requestorId: "a09c5a64-4ee1-447f-bdad-955dc0571893"
  replyId: "03ee06a5-cfcc-4ac1-a3c7-afad1436935a"
  raftGroupId {
    id: "7\274\254\241\201-@\273\251\020\212\032\300\020\2151"
  }
  success: true
}
term: 1
nextIndex: 1
followerCommit: 18446744073709551615
matchIndex: 18446744073709551615
isHearbeat: true

2023-10-17 18:44:57,050 [grpc-default-executor-3] INFO  server.GrpcServerProtocolService (GrpcServerProtocolService.java:lambda$onCompleted$5(157)) - 6bf4bd27-d28f-421a-802a-00940bdb9945: Completed APPEND_ENTRIES, lastReply: serverReply {
  requestorId: "a09c5a64-4ee1-447f-bdad-955dc0571893"
  replyId: "6bf4bd27-d28f-421a-802a-00940bdb9945"
  raftGroupId {
    id: "7\274\254\241\201-@\273\251\020\212\032\300\020\2151"
  }
  success: true
}
term: 1
nextIndex: 1
followerCommit: 18446744073709551615
matchIndex: 18446744073709551615
isHearbeat: true

2023-10-17 18:44:57,051 [a09c5a64-4ee1-447f-bdad-955dc0571893-impl-thread3] INFO  server.RaftServer$Division (ServerState.java:close(472)) - a09c5a64-4ee1-447f-bdad-955dc0571893@group-9C4CB96F1DD3: closes. applyIndex: 0
2023-10-17 18:44:57,051 [a09c5a64-4ee1-447f-bdad-955dc0571893@group-8A1AC0108D31-StateMachineUpdater] INFO  ratis.ContainerStateMachine (ContainerStateMachine.java:takeSnapshot(330)) - group-8A1AC0108D31: Taking a snapshot at:(t:1, i:0) file /home/runner/work/ozone/ozone/hadoop-ozone/integration-test/target/test-dir/MiniOzoneClusterImpl-d744795c-134c-47f3-98d5-5c735d9275da/datanode-1/data/ratis/37bcaca1-812d-40bb-a910-8a1ac0108d31/sm/snapshot.1_0
2023-10-17 18:44:57,052 [a09c5a64-4ee1-447f-bdad-955dc0571893@group-8A1AC0108D31-StateMachineUpdater] INFO  ratis.ContainerStateMachine (ContainerStateMachine.java:takeSnapshot(341)) - group-8A1AC0108D31: Finished taking a snapshot at:(t:1, i:0) file:/home/runner/work/ozone/ozone/hadoop-ozone/integration-test/target/test-dir/MiniOzoneClusterImpl-d744795c-134c-47f3-98d5-5c735d9275da/datanode-1/data/ratis/37bcaca1-812d-40bb-a910-8a1ac0108d31/sm/snapshot.1_0 took: 1 ms
2023-10-17 18:44:57,052 [ForkJoinPool.commonPool-worker-3] INFO  ozoneimpl.OzoneContainer (OzoneContainer.java:stop(453)) - Attempting to stop container services.
2023-10-17 18:44:57,052 [a09c5a64-4ee1-447f-bdad-955dc0571893@group-8A1AC0108D31-StateMachineUpdater] INFO  impl.StateMachineUpdater (StateMachineUpdater.java:takeSnapshot(291)) - a09c5a64-4ee1-447f-bdad-955dc0571893@group-8A1AC0108D31-StateMachineUpdater: Took a snapshot at index 0
2023-10-17 18:44:57,052 [a09c5a64-4ee1-447f-bdad-955dc0571893@group-8A1AC0108D31-StateMachineUpdater] INFO  impl.StateMachineUpdater (StateMachineUpdater.java:lambda$new$0(97)) - a09c5a64-4ee1-447f-bdad-955dc0571893@group-8A1AC0108D31-StateMachineUpdater: snapshotIndex: updateIncreasingly -1 -> 0
2023-10-17 18:44:57,053 [a09c5a64-4ee1-447f-bdad-955dc0571893-impl-thread1] INFO  server.RaftServer$Division (ServerState.java:close(472)) - a09c5a64-4ee1-447f-bdad-955dc0571893@group-8A1AC0108D31: closes. applyIndex: 0
2023-10-17 18:44:57,053 [ForkJoinPool.commonPool-worker-3] INFO  server.RaftServer (RaftServerProxy.java:lambda$close$6(416)) - 6bf4bd27-d28f-421a-802a-00940bdb9945: close
2023-10-17 18:44:57,053 [grpc-default-executor-2] INFO  server.GrpcServerProtocolService (GrpcServerProtocolService.java:onCompleted(155)) - 03ee06a5-cfcc-4ac1-a3c7-afad1436935a: Completed APPEND_ENTRIES, lastRequest: a09c5a64-4ee1-447f-bdad-955dc0571893->03ee06a5-cfcc-4ac1-a3c7-afad1436935a#1-t1,previous=(t:0, i:0),leaderCommit=-1,initializing? true,entries: size=1, first=(t:1, i:0), CONFIGURATIONENTRY(current:id: "6bf4bd27-d28f-421a-802a-00940bdb9945"
address: "10.1.0.25:15171"
dataStreamAddress: "10.1.0.25:15172"
clientAddress: "10.1.0.25:15169"
adminAddress: "10.1.0.25:15170"
startupRole: FOLLOWER
,id: "a09c5a64-4ee1-447f-bdad-955dc0571893"
address: "10.1.0.25:15162"
priority: 1
dataStreamAddress: "10.1.0.25:15163"
clientAddress: "10.1.0.25:15160"
adminAddress: "10.1.0.25:15161"
startupRole: FOLLOWER
,id: "03ee06a5-cfcc-4ac1-a3c7-afad1436935a"
address: "10.1.0.25:15153"
dataStreamAddress: "10.1.0.25:15154"
clientAddress: "10.1.0.25:15151"
adminAddress: "10.1.0.25:15152"
startupRole: FOLLOWER
, old:)
2023-10-17 18:44:57,053 [grpc-default-executor-2] INFO  server.GrpcServerProtocolService (GrpcServerProtocolService.java:lambda$onCompleted$5(157)) - 03ee06a5-cfcc-4ac1-a3c7-afad1436935a: Completed APPEND_ENTRIES, lastReply: null
2023-10-17 18:44:57,053 [6bf4bd27-d28f-421a-802a-00940bdb9945-impl-thread2] INFO  server.RaftServer$Division (RaftServerImpl.java:lambda$close$4(466)) - 6bf4bd27-d28f-421a-802a-00940bdb9945@group-800DE3AD42FC: shutdown
2023-10-17 18:44:57,053 [6bf4bd27-d28f-421a-802a-00940bdb9945-impl-thread1] INFO  server.RaftServer$Division (RaftServerImpl.java:lambda$close$4(466)) - 6bf4bd27-d28f-421a-802a-00940bdb9945@group-8A1AC0108D31: shutdown
2023-10-17 18:44:57,053 [6bf4bd27-d28f-421a-802a-00940bdb9945-impl-thread2] INFO  util.JmxRegister (JmxRegister.java:unregister(73)) - Successfully un-registered JMX Bean with object name Ratis:service=RaftServer,group=group-800DE3AD42FC,id=6bf4bd27-d28f-421a-802a-00940bdb9945
2023-10-17 18:44:57,053 [6bf4bd27-d28f-421a-802a-00940bdb9945-impl-thread1] INFO  util.JmxRegister (JmxRegister.java:unregister(73)) - Successfully un-registered JMX Bean with object name Ratis:service=RaftServer,group=group-8A1AC0108D31,id=6bf4bd27-d28f-421a-802a-00940bdb9945
2023-10-17 18:44:57,053 [6bf4bd27-d28f-421a-802a-00940bdb9945-impl-thread1] INFO  impl.RoleInfo (RoleInfo.java:shutdownFollowerState(110)) - 6bf4bd27-d28f-421a-802a-00940bdb9945: shutdown 6bf4bd27-d28f-421a-802a-00940bdb9945@group-8A1AC0108D31-FollowerState
2023-10-17 18:44:57,053 [6bf4bd27-d28f-421a-802a-00940bdb9945-impl-thread2] INFO  impl.RoleInfo (RoleInfo.java:shutdownLeaderState(93)) - 6bf4bd27-d28f-421a-802a-00940bdb9945: shutdown 6bf4bd27-d28f-421a-802a-00940bdb9945@group-800DE3AD42FC-LeaderStateImpl
2023-10-17 18:44:57,053 [6bf4bd27-d28f-421a-802a-00940bdb9945@group-8A1AC0108D31-FollowerState] INFO  impl.FollowerState (FollowerState.java:run(152)) - 6bf4bd27-d28f-421a-802a-00940bdb9945@group-8A1AC0108D31-FollowerState was interrupted
2023-10-17 18:44:57,053 [6bf4bd27-d28f-421a-802a-00940bdb9945-impl-thread1] INFO  impl.StateMachineUpdater (StateMachineUpdater.java:stopAndJoin(155)) - 6bf4bd27-d28f-421a-802a-00940bdb9945@group-8A1AC0108D31-StateMachineUpdater: set stopIndex = -1
2023-10-17 18:44:57,053 [ForkJoinPool.commonPool-worker-3] INFO  server.GrpcService (GrpcService.java:closeImpl(311)) - 6bf4bd27-d28f-421a-802a-00940bdb9945: shutdown server org.apache.ratis.grpc.server.GrpcClientProtocolService now
2023-10-17 18:44:57,059 [6bf4bd27-d28f-421a-802a-00940bdb9945-impl-thread1] INFO  server.RaftServer$Division (ServerState.java:close(472)) - 6bf4bd27-d28f-421a-802a-00940bdb9945@group-8A1AC0108D31: closes. applyIndex: -1
2023-10-17 18:44:57,061 [Thread-2407] INFO  server.GrpcServerProtocolClient (GrpcServerProtocolClient.java:close(103)) - a09c5a64-4ee1-447f-bdad-955dc0571893 Close channels
2023-10-17 18:44:57,061 [Thread-2408] INFO  server.GrpcServerProtocolClient (GrpcServerProtocolClient.java:close(103)) - 03ee06a5-cfcc-4ac1-a3c7-afad1436935a Close channels
2023-10-17 18:44:57,062 [6bf4bd27-d28f-421a-802a-00940bdb9945-impl-thread2] INFO  impl.PendingRequests (PendingRequests.java:sendNotLeaderResponses(289)) - 6bf4bd27-d28f-421a-802a-00940bdb9945@group-800DE3AD42FC-PendingRequests: sendNotLeaderResponses
2023-10-17 18:44:57,063 [grpc-default-executor-1] INFO  server.GrpcLogAppender (GrpcLogAppender.java:onCompleted(428)) - a09c5a64-4ee1-447f-bdad-955dc0571893@group-8A1AC0108D31->6bf4bd27-d28f-421a-802a-00940bdb9945-AppendLogResponseHandler: follower responses appendEntries COMPLETED
2023-10-17 18:44:57,063 [grpc-default-executor-5] INFO  server.GrpcLogAppender (GrpcLogAppender.java:onCompleted(428)) - a09c5a64-4ee1-447f-bdad-955dc0571893@group-8A1AC0108D31->03ee06a5-cfcc-4ac1-a3c7-afad1436935a-AppendLogResponseHandler: follower responses appendEntries COMPLETED
2023-10-17 18:44:57,063 [6bf4bd27-d28f-421a-802a-00940bdb9945-impl-thread3] INFO  server.RaftServer$Division (RaftServerImpl.java:lambda$close$4(466)) - 6bf4bd27-d28f-421a-802a-00940bdb9945@group-0571E2346807: shutdown
2023-10-17 18:44:57,063 [6bf4bd27-d28f-421a-802a-00940bdb9945-impl-thread3] INFO  util.JmxRegister (JmxRegister.java:unregister(73)) - Successfully un-registered JMX Bean with object name Ratis:service=RaftServer,group=group-0571E2346807,id=6bf4bd27-d28f-421a-802a-00940bdb9945
2023-10-17 18:44:57,063 [6bf4bd27-d28f-421a-802a-00940bdb9945-impl-thread3] INFO  impl.RoleInfo (RoleInfo.java:shutdownFollowerState(110)) - 6bf4bd27-d28f-421a-802a-00940bdb9945: shutdown 6bf4bd27-d28f-421a-802a-00940bdb9945@group-0571E2346807-FollowerState
2023-10-17 18:44:57,063 [6bf4bd27-d28f-421a-802a-00940bdb9945-impl-thread3] INFO  impl.StateMachineUpdater (StateMachineUpdater.java:stopAndJoin(155)) - 6bf4bd27-d28f-421a-802a-00940bdb9945@group-0571E2346807-StateMachineUpdater: set stopIndex = -1
2023-10-17 18:44:57,063 [6bf4bd27-d28f-421a-802a-00940bdb9945@group-0571E2346807-FollowerState] INFO  impl.FollowerState (FollowerState.java:run(152)) - 6bf4bd27-d28f-421a-802a-00940bdb9945@group-0571E2346807-FollowerState was interrupted
2023-10-17 18:44:57,064 [6bf4bd27-d28f-421a-802a-00940bdb9945-impl-thread2] INFO  impl.StateMachineUpdater (StateMachineUpdater.java:stopAndJoin(155)) - 6bf4bd27-d28f-421a-802a-00940bdb9945@group-800DE3AD42FC-StateMachineUpdater: set stopIndex = 0
2023-10-17 18:44:57,064 [6bf4bd27-d28f-421a-802a-00940bdb9945@group-800DE3AD42FC-StateMachineUpdater] INFO  ratis.ContainerStateMachine (ContainerStateMachine.java:takeSnapshot(330)) - group-800DE3AD42FC: Taking a snapshot at:(t:1, i:0) file /home/runner/work/ozone/ozone/hadoop-ozone/integration-test/target/test-dir/MiniOzoneClusterImpl-d744795c-134c-47f3-98d5-5c735d9275da/datanode-2/data/ratis/ce628324-7922-4db9-aa71-800de3ad42fc/sm/snapshot.1_0
2023-10-17 18:44:57,064 [6bf4bd27-d28f-421a-802a-00940bdb9945-impl-thread3] INFO  server.RaftServer$Division (ServerState.java:close(472)) - 6bf4bd27-d28f-421a-802a-00940bdb9945@group-0571E2346807: closes. applyIndex: -1
2023-10-17 18:44:57,065 [6bf4bd27-d28f-421a-802a-00940bdb9945@group-800DE3AD42FC-StateMachineUpdater] INFO  ratis.ContainerStateMachine (ContainerStateMachine.java:takeSnapshot(341)) - group-800DE3AD42FC: Finished taking a snapshot at:(t:1, i:0) file:/home/runner/work/ozone/ozone/hadoop-ozone/integration-test/target/test-dir/MiniOzoneClusterImpl-d744795c-134c-47f3-98d5-5c735d9275da/datanode-2/data/ratis/ce628324-7922-4db9-aa71-800de3ad42fc/sm/snapshot.1_0 took: 1 ms
2023-10-17 18:44:57,065 [6bf4bd27-d28f-421a-802a-00940bdb9945@group-800DE3AD42FC-StateMachineUpdater] INFO  impl.StateMachineUpdater (StateMachineUpdater.java:takeSnapshot(291)) - 6bf4bd27-d28f-421a-802a-00940bdb9945@group-800DE3AD42FC-StateMachineUpdater: Took a snapshot at index 0
2023-10-17 18:44:57,065 [grpc-default-executor-2] INFO  server.GrpcServerProtocolService (GrpcServerProtocolService.java:onCompleted(155)) - 6bf4bd27-d28f-421a-802a-00940bdb9945: Completed APPEND_ENTRIES, lastRequest: a09c5a64-4ee1-447f-bdad-955dc0571893->6bf4bd27-d28f-421a-802a-00940bdb9945#1-t1,previous=(t:0, i:0),leaderCommit=-1,initializing? true,entries: size=1, first=(t:1, i:0), CONFIGURATIONENTRY(current:id: "6bf4bd27-d28f-421a-802a-00940bdb9945"
address: "10.1.0.25:15171"
dataStreamAddress: "10.1.0.25:15172"
clientAddress: "10.1.0.25:15169"
adminAddress: "10.1.0.25:15170"
startupRole: FOLLOWER
,id: "a09c5a64-4ee1-447f-bdad-955dc0571893"
address: "10.1.0.25:15162"
priority: 1
dataStreamAddress: "10.1.0.25:15163"
clientAddress: "10.1.0.25:15160"
adminAddress: "10.1.0.25:15161"
startupRole: FOLLOWER
,id: "03ee06a5-cfcc-4ac1-a3c7-afad1436935a"
address: "10.1.0.25:15153"
dataStreamAddress: "10.1.0.25:15154"
clientAddress: "10.1.0.25:15151"
adminAddress: "10.1.0.25:15152"
startupRole: FOLLOWER
, old:)
2023-10-17 18:44:57,065 [grpc-default-executor-2] INFO  server.GrpcServerProtocolService (GrpcServerProtocolService.java:lambda$onCompleted$5(157)) - 6bf4bd27-d28f-421a-802a-00940bdb9945: Completed APPEND_ENTRIES, lastReply: null
2023-10-17 18:44:57,065 [grpc-default-executor-1] WARN  server.GrpcLogAppender (GrpcLogAppender.java:resetClient(137)) - a09c5a64-4ee1-447f-bdad-955dc0571893@group-8A1AC0108D31->6bf4bd27-d28f-421a-802a-00940bdb9945-GrpcLogAppender: Failed to getClient for 6bf4bd27-d28f-421a-802a-00940bdb9945
org.apache.ratis.protocol.exceptions.AlreadyClosedException: a09c5a64-4ee1-447f-bdad-955dc0571893 is already CLOSED
	at org.apache.ratis.util.PeerProxyMap$PeerAndProxy.getProxy(PeerProxyMap.java:61)
	at org.apache.ratis.util.PeerProxyMap.getProxy(PeerProxyMap.java:115)
	at org.apache.ratis.grpc.server.GrpcLogAppender.getClient(GrpcLogAppender.java:112)
	at org.apache.ratis.grpc.server.GrpcLogAppender.resetClient(GrpcLogAppender.java:117)
	at org.apache.ratis.grpc.server.GrpcLogAppender.access$500(GrpcLogAppender.java:56)
	at org.apache.ratis.grpc.server.GrpcLogAppender$AppendLogResponseHandler.onCompleted(GrpcLogAppender.java:429)
	at org.apache.ratis.thirdparty.io.grpc.stub.ClientCalls$StreamObserverToCallListenerAdapter.onClose(ClientCalls.java:485)
	at org.apache.ratis.thirdparty.io.grpc.internal.ClientCallImpl.closeObserver(ClientCallImpl.java:563)
	at org.apache.ratis.thirdparty.io.grpc.internal.ClientCallImpl.access$300(ClientCallImpl.java:70)
	at org.apache.ratis.thirdparty.io.grpc.internal.ClientCallImpl$ClientStreamListenerImpl$1StreamClosed.runInternal(ClientCallImpl.java:744)
	at org.apache.ratis.thirdparty.io.grpc.internal.ClientCallImpl$ClientStreamListenerImpl$1StreamClosed.runInContext(ClientCallImpl.java:723)
	at org.apache.ratis.thirdparty.io.grpc.internal.ContextRunnable.run(ContextRunnable.java:37)
	at org.apache.ratis.thirdparty.io.grpc.internal.SerializingExecutor.run(SerializingExecutor.java:133)
	at java.util.concurrent.ThreadPoolExecutor.runWorker(ThreadPoolExecutor.java:1149)
	at java.util.concurrent.ThreadPoolExecutor$Worker.run(ThreadPoolExecutor.java:624)
	at java.lang.Thread.run(Thread.java:750)
2023-10-17 18:44:57,065 [grpc-default-executor-5] WARN  server.GrpcLogAppender (GrpcLogAppender.java:resetClient(137)) - a09c5a64-4ee1-447f-bdad-955dc0571893@group-8A1AC0108D31->03ee06a5-cfcc-4ac1-a3c7-afad1436935a-GrpcLogAppender: Failed to getClient for 03ee06a5-cfcc-4ac1-a3c7-afad1436935a
org.apache.ratis.protocol.exceptions.AlreadyClosedException: a09c5a64-4ee1-447f-bdad-955dc0571893 is already CLOSED
	at org.apache.ratis.util.PeerProxyMap$PeerAndProxy.getProxy(PeerProxyMap.java:61)
	at org.apache.ratis.util.PeerProxyMap.getProxy(PeerProxyMap.java:115)
	at org.apache.ratis.grpc.server.GrpcLogAppender.getClient(GrpcLogAppender.java:112)
	at org.apache.ratis.grpc.server.GrpcLogAppender.resetClient(GrpcLogAppender.java:117)
	at org.apache.ratis.grpc.server.GrpcLogAppender.access$500(GrpcLogAppender.java:56)
	at org.apache.ratis.grpc.server.GrpcLogAppender$AppendLogResponseHandler.onCompleted(GrpcLogAppender.java:429)
	at org.apache.ratis.thirdparty.io.grpc.stub.ClientCalls$StreamObserverToCallListenerAdapter.onClose(ClientCalls.java:485)
	at org.apache.ratis.thirdparty.io.grpc.internal.ClientCallImpl.closeObserver(ClientCallImpl.java:563)
	at org.apache.ratis.thirdparty.io.grpc.internal.ClientCallImpl.access$300(ClientCallImpl.java:70)
	at org.apache.ratis.thirdparty.io.grpc.internal.ClientCallImpl$ClientStreamListenerImpl$1StreamClosed.runInternal(ClientCallImpl.java:744)
	at org.apache.ratis.thirdparty.io.grpc.internal.ClientCallImpl$ClientStreamListenerImpl$1StreamClosed.runInContext(ClientCallImpl.java:723)
	at org.apache.ratis.thirdparty.io.grpc.internal.ContextRunnable.run(ContextRunnable.java:37)
	at org.apache.ratis.thirdparty.io.grpc.internal.SerializingExecutor.run(SerializingExecutor.java:133)
	at java.util.concurrent.ThreadPoolExecutor.runWorker(ThreadPoolExecutor.java:1149)
	at java.util.concurrent.ThreadPoolExecutor$Worker.run(ThreadPoolExecutor.java:624)
	at java.lang.Thread.run(Thread.java:750)
2023-10-17 18:44:57,066 [ForkJoinPool.commonPool-worker-3] INFO  server.GrpcService (GrpcService.java:closeImpl(320)) - 6bf4bd27-d28f-421a-802a-00940bdb9945: shutdown server org.apache.ratis.grpc.server.GrpcClientProtocolService successfully
2023-10-17 18:44:57,066 [ForkJoinPool.commonPool-worker-3] INFO  server.GrpcService (GrpcService.java:closeImpl(311)) - 6bf4bd27-d28f-421a-802a-00940bdb9945: shutdown server GrpcServerProtocolService now
2023-10-17 18:44:57,065 [6bf4bd27-d28f-421a-802a-00940bdb9945@group-800DE3AD42FC-StateMachineUpdater] INFO  impl.StateMachineUpdater (StateMachineUpdater.java:lambda$new$0(97)) - 6bf4bd27-d28f-421a-802a-00940bdb9945@group-800DE3AD42FC-StateMachineUpdater: snapshotIndex: updateIncreasingly -1 -> 0
2023-10-17 18:44:57,067 [6bf4bd27-d28f-421a-802a-00940bdb9945-impl-thread2] INFO  server.RaftServer$Division (ServerState.java:close(472)) - 6bf4bd27-d28f-421a-802a-00940bdb9945@group-800DE3AD42FC: closes. applyIndex: 0
2023-10-17 18:44:57,067 [grpc-default-executor-2] INFO  server.GrpcLogAppender (GrpcLogAppender.java:onCompleted(428)) - a09c5a64-4ee1-447f-bdad-955dc0571893@group-8A1AC0108D31->03ee06a5-cfcc-4ac1-a3c7-afad1436935a-AppendLogResponseHandler: follower responses appendEntries COMPLETED
2023-10-17 18:44:57,067 [grpc-default-executor-2] WARN  server.GrpcLogAppender (GrpcLogAppender.java:resetClient(137)) - a09c5a64-4ee1-447f-bdad-955dc0571893@group-8A1AC0108D31->03ee06a5-cfcc-4ac1-a3c7-afad1436935a-GrpcLogAppender: Failed to getClient for 03ee06a5-cfcc-4ac1-a3c7-afad1436935a
org.apache.ratis.protocol.exceptions.AlreadyClosedException: a09c5a64-4ee1-447f-bdad-955dc0571893 is already CLOSED
	at org.apache.ratis.util.PeerProxyMap$PeerAndProxy.getProxy(PeerProxyMap.java:61)
	at org.apache.ratis.util.PeerProxyMap.getProxy(PeerProxyMap.java:115)
	at org.apache.ratis.grpc.server.GrpcLogAppender.getClient(GrpcLogAppender.java:112)
	at org.apache.ratis.grpc.server.GrpcLogAppender.resetClient(GrpcLogAppender.java:117)
	at org.apache.ratis.grpc.server.GrpcLogAppender.access$500(GrpcLogAppender.java:56)
	at org.apache.ratis.grpc.server.GrpcLogAppender$AppendLogResponseHandler.onCompleted(GrpcLogAppender.java:429)
	at org.apache.ratis.thirdparty.io.grpc.stub.ClientCalls$StreamObserverToCallListenerAdapter.onClose(ClientCalls.java:485)
	at org.apache.ratis.thirdparty.io.grpc.internal.ClientCallImpl.closeObserver(ClientCallImpl.java:563)
	at org.apache.ratis.thirdparty.io.grpc.internal.ClientCallImpl.access$300(ClientCallImpl.java:70)
	at org.apache.ratis.thirdparty.io.grpc.internal.ClientCallImpl$ClientStreamListenerImpl$1StreamClosed.runInternal(ClientCallImpl.java:744)
	at org.apache.ratis.thirdparty.io.grpc.internal.ClientCallImpl$ClientStreamListenerImpl$1StreamClosed.runInContext(ClientCallImpl.java:723)
	at org.apache.ratis.thirdparty.io.grpc.internal.ContextRunnable.run(ContextRunnable.java:37)
	at org.apache.ratis.thirdparty.io.grpc.internal.SerializingExecutor.run(SerializingExecutor.java:133)
	at java.util.concurrent.ThreadPoolExecutor.runWorker(ThreadPoolExecutor.java:1149)
	at java.util.concurrent.ThreadPoolExecutor$Worker.run(ThreadPoolExecutor.java:624)
	at java.lang.Thread.run(Thread.java:750)
2023-10-17 18:44:57,067 [grpc-default-executor-5] INFO  server.GrpcLogAppender (GrpcLogAppender.java:onCompleted(428)) - a09c5a64-4ee1-447f-bdad-955dc0571893@group-8A1AC0108D31->6bf4bd27-d28f-421a-802a-00940bdb9945-AppendLogResponseHandler: follower responses appendEntries COMPLETED
2023-10-17 18:44:57,068 [grpc-default-executor-5] WARN  server.GrpcLogAppender (GrpcLogAppender.java:resetClient(137)) - a09c5a64-4ee1-447f-bdad-955dc0571893@group-8A1AC0108D31->6bf4bd27-d28f-421a-802a-00940bdb9945-GrpcLogAppender: Failed to getClient for 6bf4bd27-d28f-421a-802a-00940bdb9945
org.apache.ratis.protocol.exceptions.AlreadyClosedException: a09c5a64-4ee1-447f-bdad-955dc0571893 is already CLOSED
	at org.apache.ratis.util.PeerProxyMap$PeerAndProxy.getProxy(PeerProxyMap.java:61)
	at org.apache.ratis.util.PeerProxyMap.getProxy(PeerProxyMap.java:115)
	at org.apache.ratis.grpc.server.GrpcLogAppender.getClient(GrpcLogAppender.java:112)
	at org.apache.ratis.grpc.server.GrpcLogAppender.resetClient(GrpcLogAppender.java:117)
	at org.apache.ratis.grpc.server.GrpcLogAppender.access$500(GrpcLogAppender.java:56)
	at org.apache.ratis.grpc.server.GrpcLogAppender$AppendLogResponseHandler.onCompleted(GrpcLogAppender.java:429)
	at org.apache.ratis.thirdparty.io.grpc.stub.ClientCalls$StreamObserverToCallListenerAdapter.onClose(ClientCalls.java:485)
	at org.apache.ratis.thirdparty.io.grpc.internal.ClientCallImpl.closeObserver(ClientCallImpl.java:563)
	at org.apache.ratis.thirdparty.io.grpc.internal.ClientCallImpl.access$300(ClientCallImpl.java:70)
	at org.apache.ratis.thirdparty.io.grpc.internal.ClientCallImpl$ClientStreamListenerImpl$1StreamClosed.runInternal(ClientCallImpl.java:744)
	at org.apache.ratis.thirdparty.io.grpc.internal.ClientCallImpl$ClientStreamListenerImpl$1StreamClosed.runInContext(ClientCallImpl.java:723)
	at org.apache.ratis.thirdparty.io.grpc.internal.ContextRunnable.run(ContextRunnable.java:37)
	at org.apache.ratis.thirdparty.io.grpc.internal.SerializingExecutor.run(SerializingExecutor.java:133)
	at java.util.concurrent.ThreadPoolExecutor.runWorker(ThreadPoolExecutor.java:1149)
	at java.util.concurrent.ThreadPoolExecutor$Worker.run(ThreadPoolExecutor.java:624)
	at java.lang.Thread.run(Thread.java:750)
2023-10-17 18:44:57,067 [ForkJoinPool.commonPool-worker-2] INFO  server.GrpcService (GrpcService.java:closeImpl(320)) - 03ee06a5-cfcc-4ac1-a3c7-afad1436935a: shutdown server org.apache.ratis.grpc.server.GrpcClientProtocolService successfully
2023-10-17 18:44:57,068 [ForkJoinPool.commonPool-worker-2] INFO  server.GrpcService (GrpcService.java:closeImpl(311)) - 03ee06a5-cfcc-4ac1-a3c7-afad1436935a: shutdown server GrpcServerProtocolService now
2023-10-17 18:44:57,071 [Time-limited test] INFO  server.GrpcService (GrpcService.java:closeImpl(320)) - a09c5a64-4ee1-447f-bdad-955dc0571893: shutdown server org.apache.ratis.grpc.server.GrpcClientProtocolService successfully
2023-10-17 18:44:57,071 [Time-limited test] INFO  server.GrpcService (GrpcService.java:closeImpl(311)) - a09c5a64-4ee1-447f-bdad-955dc0571893: shutdown server GrpcServerProtocolService now
2023-10-17 18:44:57,090 [Time-limited test] INFO  server.GrpcService (GrpcService.java:closeImpl(320)) - a09c5a64-4ee1-447f-bdad-955dc0571893: shutdown server GrpcServerProtocolService successfully
2023-10-17 18:44:57,090 [ForkJoinPool.commonPool-worker-2] INFO  server.GrpcService (GrpcService.java:closeImpl(320)) - 03ee06a5-cfcc-4ac1-a3c7-afad1436935a: shutdown server GrpcServerProtocolService successfully
2023-10-17 18:44:57,090 [ForkJoinPool.commonPool-worker-3] INFO  server.GrpcService (GrpcService.java:closeImpl(320)) - 6bf4bd27-d28f-421a-802a-00940bdb9945: shutdown server GrpcServerProtocolService successfully
2023-10-17 18:44:57,090 [ForkJoinPool.commonPool-worker-3] INFO  server.GrpcService (GrpcService.java:closeImpl(311)) - 6bf4bd27-d28f-421a-802a-00940bdb9945: shutdown server org.apache.ratis.grpc.server.GrpcAdminProtocolService now
2023-10-17 18:44:57,090 [Time-limited test] INFO  server.GrpcService (GrpcService.java:closeImpl(311)) - a09c5a64-4ee1-447f-bdad-955dc0571893: shutdown server org.apache.ratis.grpc.server.GrpcAdminProtocolService now
2023-10-17 18:44:57,091 [ForkJoinPool.commonPool-worker-2] INFO  server.GrpcService (GrpcService.java:closeImpl(311)) - 03ee06a5-cfcc-4ac1-a3c7-afad1436935a: shutdown server org.apache.ratis.grpc.server.GrpcAdminProtocolService now
2023-10-17 18:44:57,097 [ForkJoinPool.commonPool-worker-3] INFO  server.GrpcService (GrpcService.java:closeImpl(320)) - 6bf4bd27-d28f-421a-802a-00940bdb9945: shutdown server org.apache.ratis.grpc.server.GrpcAdminProtocolService successfully
2023-10-17 18:44:57,098 [6bf4bd27-d28f-421a-802a-00940bdb9945-NettyServerStreamRpc-bossGroup--thread1] INFO  logging.LoggingHandler (AbstractInternalLogger.java:log(148)) - [id: 0x3319234d, L:/0:0:0:0:0:0:0:0:15172] CLOSE
2023-10-17 18:44:57,098 [6bf4bd27-d28f-421a-802a-00940bdb9945-NettyServerStreamRpc-bossGroup--thread1] INFO  logging.LoggingHandler (AbstractInternalLogger.java:log(148)) - [id: 0x3319234d, L:/0:0:0:0:0:0:0:0:15172] INACTIVE
2023-10-17 18:44:57,098 [6bf4bd27-d28f-421a-802a-00940bdb9945-NettyServerStreamRpc-bossGroup--thread1] INFO  logging.LoggingHandler (AbstractInternalLogger.java:log(148)) - [id: 0x3319234d, L:/0:0:0:0:0:0:0:0:15172] UNREGISTERED
2023-10-17 18:44:57,101 [Time-limited test] INFO  server.GrpcService (GrpcService.java:closeImpl(320)) - a09c5a64-4ee1-447f-bdad-955dc0571893: shutdown server org.apache.ratis.grpc.server.GrpcAdminProtocolService successfully
2023-10-17 18:44:57,101 [a09c5a64-4ee1-447f-bdad-955dc0571893-NettyServerStreamRpc-bossGroup--thread1] INFO  logging.LoggingHandler (AbstractInternalLogger.java:log(148)) - [id: 0x4b9e27a7, L:/0:0:0:0:0:0:0:0:15163] CLOSE
2023-10-17 18:44:57,101 [a09c5a64-4ee1-447f-bdad-955dc0571893-NettyServerStreamRpc-bossGroup--thread1] INFO  logging.LoggingHandler (AbstractInternalLogger.java:log(148)) - [id: 0x4b9e27a7, L:/0:0:0:0:0:0:0:0:15163] INACTIVE
2023-10-17 18:44:57,102 [a09c5a64-4ee1-447f-bdad-955dc0571893-NettyServerStreamRpc-bossGroup--thread1] INFO  logging.LoggingHandler (AbstractInternalLogger.java:log(148)) - [id: 0x4b9e27a7, L:/0:0:0:0:0:0:0:0:15163] UNREGISTERED
2023-10-17 18:44:57,112 [ForkJoinPool.commonPool-worker-2] INFO  server.GrpcService (GrpcService.java:closeImpl(320)) - 03ee06a5-cfcc-4ac1-a3c7-afad1436935a: shutdown server org.apache.ratis.grpc.server.GrpcAdminProtocolService successfully
2023-10-17 18:44:57,113 [03ee06a5-cfcc-4ac1-a3c7-afad1436935a-NettyServerStreamRpc-bossGroup--thread1] INFO  logging.LoggingHandler (AbstractInternalLogger.java:log(148)) - [id: 0xd3bbfef8, L:/0:0:0:0:0:0:0:0:15154] CLOSE
2023-10-17 18:44:57,113 [03ee06a5-cfcc-4ac1-a3c7-afad1436935a-NettyServerStreamRpc-bossGroup--thread1] INFO  logging.LoggingHandler (AbstractInternalLogger.java:log(148)) - [id: 0xd3bbfef8, L:/0:0:0:0:0:0:0:0:15154] INACTIVE
2023-10-17 18:44:57,113 [03ee06a5-cfcc-4ac1-a3c7-afad1436935a-NettyServerStreamRpc-bossGroup--thread1] INFO  logging.LoggingHandler (AbstractInternalLogger.java:log(148)) - [id: 0xd3bbfef8, L:/0:0:0:0:0:0:0:0:15154] UNREGISTERED
2023-10-17 18:44:57,381 [03ee06a5-cfcc-4ac1-a3c7-afad1436935a-impl-thread3] INFO  segmented.SegmentedRaftLogWorker (SegmentedRaftLogWorker.java:close(252)) - 03ee06a5-cfcc-4ac1-a3c7-afad1436935a@group-0571E2346807-SegmentedRaftLogWorker close()
2023-10-17 18:44:57,404 [03ee06a5-cfcc-4ac1-a3c7-afad1436935a-impl-thread2] INFO  segmented.SegmentedRaftLogWorker (SegmentedRaftLogWorker.java:close(252)) - 03ee06a5-cfcc-4ac1-a3c7-afad1436935a@group-AB198594C4B3-SegmentedRaftLogWorker close()
2023-10-17 18:44:57,425 [6bf4bd27-d28f-421a-802a-00940bdb9945-impl-thread3] INFO  segmented.SegmentedRaftLogWorker (SegmentedRaftLogWorker.java:close(252)) - 6bf4bd27-d28f-421a-802a-00940bdb9945@group-0571E2346807-SegmentedRaftLogWorker close()
2023-10-17 18:44:57,460 [a09c5a64-4ee1-447f-bdad-955dc0571893-impl-thread2] INFO  segmented.SegmentedRaftLogWorker (SegmentedRaftLogWorker.java:close(252)) - a09c5a64-4ee1-447f-bdad-955dc0571893@group-0571E2346807-SegmentedRaftLogWorker close()
2023-10-17 18:44:57,596 [a09c5a64-4ee1-447f-bdad-955dc0571893-impl-thread3] INFO  segmented.SegmentedRaftLogWorker (SegmentedRaftLogWorker.java:close(252)) - a09c5a64-4ee1-447f-bdad-955dc0571893@group-9C4CB96F1DD3-SegmentedRaftLogWorker close()
2023-10-17 18:44:57,706 [a09c5a64-4ee1-447f-bdad-955dc0571893-impl-thread1] INFO  segmented.SegmentedRaftLogWorker (SegmentedRaftLogWorker.java:close(252)) - a09c5a64-4ee1-447f-bdad-955dc0571893@group-8A1AC0108D31-SegmentedRaftLogWorker close()
2023-10-17 18:44:57,707 [JvmPauseMonitor25] INFO  util.JvmPauseMonitor (JvmPauseMonitor.java:run(109)) - JvmPauseMonitor-a09c5a64-4ee1-447f-bdad-955dc0571893: Stopped
2023-10-17 18:44:57,749 [03ee06a5-cfcc-4ac1-a3c7-afad1436935a-impl-thread1] INFO  segmented.SegmentedRaftLogWorker (SegmentedRaftLogWorker.java:close(252)) - 03ee06a5-cfcc-4ac1-a3c7-afad1436935a@group-8A1AC0108D31-SegmentedRaftLogWorker close()
2023-10-17 18:44:57,751 [6bf4bd27-d28f-421a-802a-00940bdb9945-impl-thread1] INFO  segmented.SegmentedRaftLogWorker (SegmentedRaftLogWorker.java:close(252)) - 6bf4bd27-d28f-421a-802a-00940bdb9945@group-8A1AC0108D31-SegmentedRaftLogWorker close()
2023-10-17 18:44:57,752 [JvmPauseMonitor24] INFO  util.JvmPauseMonitor (JvmPauseMonitor.java:run(109)) - JvmPauseMonitor-03ee06a5-cfcc-4ac1-a3c7-afad1436935a: Stopped
2023-10-17 18:44:57,865 [6bf4bd27-d28f-421a-802a-00940bdb9945-impl-thread2] INFO  segmented.SegmentedRaftLogWorker (SegmentedRaftLogWorker.java:close(252)) - 6bf4bd27-d28f-421a-802a-00940bdb9945@group-800DE3AD42FC-SegmentedRaftLogWorker close()
2023-10-17 18:44:57,866 [JvmPauseMonitor26] INFO  util.JvmPauseMonitor (JvmPauseMonitor.java:run(109)) - JvmPauseMonitor-6bf4bd27-d28f-421a-802a-00940bdb9945: Stopped
2023-10-17 18:44:59,710 [Time-limited test] INFO  utils.DatanodeStoreCache (DatanodeStoreCache.java:shutdownCache(110)) - Skip clearing cache in mini cluster mode. Entries left: [/home/runner/work/ozone/ozone/hadoop-ozone/integration-test/target/test-dir/MiniOzoneClusterImpl-d744795c-134c-47f3-98d5-5c735d9275da/datanode-0/data-0/containers/hdds/d744795c-134c-47f3-98d5-5c735d9275da/DS-b8fd8187-eb2e-424b-a6e9-91ef84f80a03/container.db, /home/runner/work/ozone/ozone/hadoop-ozone/integration-test/target/test-dir/MiniOzoneClusterImpl-d744795c-134c-47f3-98d5-5c735d9275da/datanode-1/data-0/containers/hdds/d744795c-134c-47f3-98d5-5c735d9275da/DS-cc212ab8-c5de-435e-9a0a-4ec913ae7681/container.db, /home/runner/work/ozone/ozone/hadoop-ozone/integration-test/target/test-dir/MiniOzoneClusterImpl-d744795c-134c-47f3-98d5-5c735d9275da/datanode-2/data-0/containers/hdds/d744795c-134c-47f3-98d5-5c735d9275da/DS-0fcfe639-6e06-47ef-a410-670565284519/container.db]
2023-10-17 18:44:59,713 [Time-limited test] INFO  utils.DatanodeStoreCache (DatanodeStoreCache.java:removeDB(104)) - Removed db /home/runner/work/ozone/ozone/hadoop-ozone/integration-test/target/test-dir/MiniOzoneClusterImpl-d744795c-134c-47f3-98d5-5c735d9275da/datanode-1/data-0/containers/hdds/d744795c-134c-47f3-98d5-5c735d9275da/DS-cc212ab8-c5de-435e-9a0a-4ec913ae7681/container.db from cache
2023-10-17 18:44:59,713 [Time-limited test] INFO  volume.HddsVolume (HddsVolume.java:closeDbStore(453)) - SchemaV3 db is stopped at /home/runner/work/ozone/ozone/hadoop-ozone/integration-test/target/test-dir/MiniOzoneClusterImpl-d744795c-134c-47f3-98d5-5c735d9275da/datanode-1/data-0/containers/hdds/d744795c-134c-47f3-98d5-5c735d9275da/DS-cc212ab8-c5de-435e-9a0a-4ec913ae7681/container.db for volume DS-cc212ab8-c5de-435e-9a0a-4ec913ae7681
2023-10-17 18:44:59,713 [Time-limited test] INFO  utils.BackgroundService (BackgroundService.java:shutdown(160)) - Shutting down service BlockDeletingService
2023-10-17 18:44:59,718 [Time-limited test] INFO  utils.BackgroundService (BackgroundService.java:shutdown(160)) - Shutting down service StaleRecoveringContainerScrubbingService
2023-10-17 18:44:59,718 [Time-limited test] INFO  statemachine.DatanodeStateMachine (DatanodeStateMachine.java:stopDaemon(628)) - Ozone container server stopped.
2023-10-17 18:44:59,729 [Time-limited test] INFO  handler.ContextHandler (ContextHandler.java:doStop(1159)) - Stopped o.e.j.w.WebAppContext@247443fb{hddsDatanode,/,null,STOPPED}{jar:file:/home/runner/.m2/repository/org/apache/ozone/hdds-container-service/1.4.0-SNAPSHOT/hdds-container-service-1.4.0-SNAPSHOT.jar!/webapps/hddsDatanode}
2023-10-17 18:44:59,730 [Time-limited test] INFO  server.AbstractConnector (AbstractConnector.java:doStop(383)) - Stopped ServerConnector@7b3d4d13{HTTP/1.1, (http/1.1)}{0.0.0.0:15157}
2023-10-17 18:44:59,730 [Time-limited test] INFO  server.session (HouseKeeper.java:stopScavenging(149)) - node0 Stopped scavenging
2023-10-17 18:44:59,730 [Time-limited test] INFO  handler.ContextHandler (ContextHandler.java:doStop(1159)) - Stopped o.e.j.s.ServletContextHandler@7ca3529{static,/static,jar:file:/home/runner/.m2/repository/org/apache/ozone/hdds-container-service/1.4.0-SNAPSHOT/hdds-container-service-1.4.0-SNAPSHOT.jar!/webapps/static,STOPPED}
2023-10-17 18:44:59,731 [Time-limited test] INFO  handler.ContextHandler (ContextHandler.java:doStop(1159)) - Stopped o.e.j.s.ServletContextHandler@5dd7777d{logs,/logs,file:///home/runner/work/ozone/ozone/hadoop-ozone/integration-test/target/log,STOPPED}
2023-10-17 18:44:59,731 [Time-limited test] INFO  ozone.HddsDatanodeClientProtocolServer (HddsDatanodeClientProtocolServer.java:stop(78)) - Stopping the RPC server for Client Protocol
2023-10-17 18:44:59,731 [Time-limited test] INFO  ipc.Server (Server.java:stop(3523)) - Stopping server on 15158
2023-10-17 18:44:59,733 [IPC Server listener on 15158] INFO  ipc.Server (Server.java:run(1434)) - Stopping IPC Server listener on 15158
2023-10-17 18:44:59,733 [IPC Server Responder] INFO  ipc.Server (Server.java:run(1567)) - Stopping IPC Server Responder
2023-10-17 18:44:59,756 [ForkJoinPool.commonPool-worker-2] INFO  utils.DatanodeStoreCache (DatanodeStoreCache.java:shutdownCache(110)) - Skip clearing cache in mini cluster mode. Entries left: [/home/runner/work/ozone/ozone/hadoop-ozone/integration-test/target/test-dir/MiniOzoneClusterImpl-d744795c-134c-47f3-98d5-5c735d9275da/datanode-0/data-0/containers/hdds/d744795c-134c-47f3-98d5-5c735d9275da/DS-b8fd8187-eb2e-424b-a6e9-91ef84f80a03/container.db, /home/runner/work/ozone/ozone/hadoop-ozone/integration-test/target/test-dir/MiniOzoneClusterImpl-d744795c-134c-47f3-98d5-5c735d9275da/datanode-2/data-0/containers/hdds/d744795c-134c-47f3-98d5-5c735d9275da/DS-0fcfe639-6e06-47ef-a410-670565284519/container.db]
2023-10-17 18:44:59,758 [ForkJoinPool.commonPool-worker-2] INFO  utils.DatanodeStoreCache (DatanodeStoreCache.java:removeDB(104)) - Removed db /home/runner/work/ozone/ozone/hadoop-ozone/integration-test/target/test-dir/MiniOzoneClusterImpl-d744795c-134c-47f3-98d5-5c735d9275da/datanode-0/data-0/containers/hdds/d744795c-134c-47f3-98d5-5c735d9275da/DS-b8fd8187-eb2e-424b-a6e9-91ef84f80a03/container.db from cache
2023-10-17 18:44:59,758 [ForkJoinPool.commonPool-worker-2] INFO  volume.HddsVolume (HddsVolume.java:closeDbStore(453)) - SchemaV3 db is stopped at /home/runner/work/ozone/ozone/hadoop-ozone/integration-test/target/test-dir/MiniOzoneClusterImpl-d744795c-134c-47f3-98d5-5c735d9275da/datanode-0/data-0/containers/hdds/d744795c-134c-47f3-98d5-5c735d9275da/DS-b8fd8187-eb2e-424b-a6e9-91ef84f80a03/container.db for volume DS-b8fd8187-eb2e-424b-a6e9-91ef84f80a03
2023-10-17 18:44:59,759 [ForkJoinPool.commonPool-worker-2] INFO  utils.BackgroundService (BackgroundService.java:shutdown(160)) - Shutting down service BlockDeletingService
2023-10-17 18:44:59,760 [ForkJoinPool.commonPool-worker-2] INFO  utils.BackgroundService (BackgroundService.java:shutdown(160)) - Shutting down service StaleRecoveringContainerScrubbingService
2023-10-17 18:44:59,760 [ForkJoinPool.commonPool-worker-2] INFO  statemachine.DatanodeStateMachine (DatanodeStateMachine.java:stopDaemon(628)) - Ozone container server stopped.
2023-10-17 18:44:59,770 [ForkJoinPool.commonPool-worker-2] INFO  handler.ContextHandler (ContextHandler.java:doStop(1159)) - Stopped o.e.j.w.WebAppContext@5cbcfa21{hddsDatanode,/,null,STOPPED}{jar:file:/home/runner/.m2/repository/org/apache/ozone/hdds-container-service/1.4.0-SNAPSHOT/hdds-container-service-1.4.0-SNAPSHOT.jar!/webapps/hddsDatanode}
2023-10-17 18:44:59,774 [ForkJoinPool.commonPool-worker-2] INFO  server.AbstractConnector (AbstractConnector.java:doStop(383)) - Stopped ServerConnector@5b62de93{HTTP/1.1, (http/1.1)}{0.0.0.0:15148}
2023-10-17 18:44:59,774 [ForkJoinPool.commonPool-worker-2] INFO  server.session (HouseKeeper.java:stopScavenging(149)) - node0 Stopped scavenging
2023-10-17 18:44:59,775 [ForkJoinPool.commonPool-worker-2] INFO  handler.ContextHandler (ContextHandler.java:doStop(1159)) - Stopped o.e.j.s.ServletContextHandler@2c69c996{static,/static,jar:file:/home/runner/.m2/repository/org/apache/ozone/hdds-container-service/1.4.0-SNAPSHOT/hdds-container-service-1.4.0-SNAPSHOT.jar!/webapps/static,STOPPED}
2023-10-17 18:44:59,776 [ForkJoinPool.commonPool-worker-2] INFO  handler.ContextHandler (ContextHandler.java:doStop(1159)) - Stopped o.e.j.s.ServletContextHandler@31172ff0{logs,/logs,file:///home/runner/work/ozone/ozone/hadoop-ozone/integration-test/target/log,STOPPED}
2023-10-17 18:44:59,779 [ForkJoinPool.commonPool-worker-2] INFO  ozone.HddsDatanodeClientProtocolServer (HddsDatanodeClientProtocolServer.java:stop(78)) - Stopping the RPC server for Client Protocol
2023-10-17 18:44:59,779 [ForkJoinPool.commonPool-worker-2] INFO  ipc.Server (Server.java:stop(3523)) - Stopping server on 15149
2023-10-17 18:44:59,780 [IPC Server Responder] INFO  ipc.Server (Server.java:run(1567)) - Stopping IPC Server Responder
2023-10-17 18:44:59,780 [IPC Server listener on 15149] INFO  ipc.Server (Server.java:run(1434)) - Stopping IPC Server listener on 15149
2023-10-17 18:44:59,869 [ForkJoinPool.commonPool-worker-3] INFO  utils.DatanodeStoreCache (DatanodeStoreCache.java:shutdownCache(110)) - Skip clearing cache in mini cluster mode. Entries left: [/home/runner/work/ozone/ozone/hadoop-ozone/integration-test/target/test-dir/MiniOzoneClusterImpl-d744795c-134c-47f3-98d5-5c735d9275da/datanode-2/data-0/containers/hdds/d744795c-134c-47f3-98d5-5c735d9275da/DS-0fcfe639-6e06-47ef-a410-670565284519/container.db]
2023-10-17 18:44:59,873 [ForkJoinPool.commonPool-worker-3] INFO  utils.DatanodeStoreCache (DatanodeStoreCache.java:removeDB(104)) - Removed db /home/runner/work/ozone/ozone/hadoop-ozone/integration-test/target/test-dir/MiniOzoneClusterImpl-d744795c-134c-47f3-98d5-5c735d9275da/datanode-2/data-0/containers/hdds/d744795c-134c-47f3-98d5-5c735d9275da/DS-0fcfe639-6e06-47ef-a410-670565284519/container.db from cache
2023-10-17 18:44:59,873 [ForkJoinPool.commonPool-worker-3] INFO  volume.HddsVolume (HddsVolume.java:closeDbStore(453)) - SchemaV3 db is stopped at /home/runner/work/ozone/ozone/hadoop-ozone/integration-test/target/test-dir/MiniOzoneClusterImpl-d744795c-134c-47f3-98d5-5c735d9275da/datanode-2/data-0/containers/hdds/d744795c-134c-47f3-98d5-5c735d9275da/DS-0fcfe639-6e06-47ef-a410-670565284519/container.db for volume DS-0fcfe639-6e06-47ef-a410-670565284519
2023-10-17 18:44:59,873 [ForkJoinPool.commonPool-worker-3] INFO  utils.BackgroundService (BackgroundService.java:shutdown(160)) - Shutting down service BlockDeletingService
2023-10-17 18:44:59,874 [ForkJoinPool.commonPool-worker-3] INFO  utils.BackgroundService (BackgroundService.java:shutdown(160)) - Shutting down service StaleRecoveringContainerScrubbingService
2023-10-17 18:44:59,874 [ForkJoinPool.commonPool-worker-3] INFO  statemachine.DatanodeStateMachine (DatanodeStateMachine.java:stopDaemon(628)) - Ozone container server stopped.
2023-10-17 18:44:59,884 [ForkJoinPool.commonPool-worker-3] INFO  handler.ContextHandler (ContextHandler.java:doStop(1159)) - Stopped o.e.j.w.WebAppContext@32a5279{hddsDatanode,/,null,STOPPED}{jar:file:/home/runner/.m2/repository/org/apache/ozone/hdds-container-service/1.4.0-SNAPSHOT/hdds-container-service-1.4.0-SNAPSHOT.jar!/webapps/hddsDatanode}
2023-10-17 18:44:59,885 [ForkJoinPool.commonPool-worker-3] INFO  server.AbstractConnector (AbstractConnector.java:doStop(383)) - Stopped ServerConnector@785be871{HTTP/1.1, (http/1.1)}{0.0.0.0:15166}
2023-10-17 18:44:59,885 [ForkJoinPool.commonPool-worker-3] INFO  server.session (HouseKeeper.java:stopScavenging(149)) - node0 Stopped scavenging
2023-10-17 18:44:59,885 [ForkJoinPool.commonPool-worker-3] INFO  handler.ContextHandler (ContextHandler.java:doStop(1159)) - Stopped o.e.j.s.ServletContextHandler@7074749e{static,/static,jar:file:/home/runner/.m2/repository/org/apache/ozone/hdds-container-service/1.4.0-SNAPSHOT/hdds-container-service-1.4.0-SNAPSHOT.jar!/webapps/static,STOPPED}
2023-10-17 18:44:59,885 [ForkJoinPool.commonPool-worker-3] INFO  handler.ContextHandler (ContextHandler.java:doStop(1159)) - Stopped o.e.j.s.ServletContextHandler@4a31c5a0{logs,/logs,file:///home/runner/work/ozone/ozone/hadoop-ozone/integration-test/target/log,STOPPED}
2023-10-17 18:44:59,886 [ForkJoinPool.commonPool-worker-3] INFO  ozone.HddsDatanodeClientProtocolServer (HddsDatanodeClientProtocolServer.java:stop(78)) - Stopping the RPC server for Client Protocol
2023-10-17 18:44:59,886 [ForkJoinPool.commonPool-worker-3] INFO  ipc.Server (Server.java:stop(3523)) - Stopping server on 15167
2023-10-17 18:44:59,886 [IPC Server listener on 15167] INFO  ipc.Server (Server.java:run(1434)) - Stopping IPC Server listener on 15167
2023-10-17 18:44:59,887 [IPC Server Responder] INFO  ipc.Server (Server.java:run(1567)) - Stopping IPC Server Responder
2023-10-17 18:44:59,892 [Time-limited test] INFO  ozone.MiniOzoneClusterImpl (MiniOzoneClusterImpl.java:stopSCM(548)) - Stopping the StorageContainerManager
2023-10-17 18:44:59,893 [Time-limited test] INFO  server.StorageContainerManager (StorageContainerManager.java:stop(1600)) - Container Balancer is not running.
2023-10-17 18:44:59,893 [Time-limited test] INFO  server.StorageContainerManager (StorageContainerManager.java:stopReplicationManager(1733)) - Stopping Replication Manager Service.
2023-10-17 18:44:59,893 [Time-limited test] INFO  replication.ReplicationManager (ReplicationManager.java:stop(323)) - Stopping Replication Monitor Thread.
2023-10-17 18:44:59,893 [Time-limited test] INFO  server.StorageContainerManager (StorageContainerManager.java:stop(1609)) - Stopping the Datanode Admin Monitor.
2023-10-17 18:44:59,893 [Under Replicated Processor] WARN  replication.UnhealthyReplicationProcessor (UnhealthyReplicationProcessor.java:run(180)) - Under Replicated Processor interrupted. Exiting...
2023-10-17 18:44:59,893 [Time-limited test] INFO  server.StorageContainerManager (StorageContainerManager.java:stop(1616)) - Stopping datanode service RPC server
2023-10-17 18:44:59,893 [Time-limited test] INFO  server.SCMDatanodeProtocolServer (SCMDatanodeProtocolServer.java:stop(424)) - Stopping the RPC server for DataNodes
2023-10-17 18:44:59,893 [Time-limited test] INFO  ipc.Server (Server.java:stop(3523)) - Stopping server on 15141
2023-10-17 18:44:59,893 [ReplicationMonitor] INFO  replication.ReplicationManager (ReplicationManager.java:run(921)) - Replication Monitor Thread is stopped
2023-10-17 18:44:59,893 [Over Replicated Processor] WARN  replication.UnhealthyReplicationProcessor (UnhealthyReplicationProcessor.java:run(180)) - Over Replicated Processor interrupted. Exiting...
2023-10-17 18:44:59,894 [IPC Server Responder] INFO  ipc.Server (Server.java:run(1567)) - Stopping IPC Server Responder
2023-10-17 18:44:59,894 [IPC Server listener on 15141] INFO  ipc.Server (Server.java:run(1434)) - Stopping IPC Server listener on 15141
2023-10-17 18:44:59,992 [SCM Heartbeat Processing Thread - 0] WARN  node.NodeStateManager (NodeStateManager.java:scheduleNextHealthCheck(874)) - Current Thread is interrupted, shutting down HB processing thread for Node Manager.
2023-10-17 18:44:59,993 [Time-limited test] INFO  server.StorageContainerManager (StorageContainerManager.java:stop(1624)) - Stopping block service RPC server
2023-10-17 18:44:59,993 [Time-limited test] INFO  server.SCMBlockProtocolServer (SCMBlockProtocolServer.java:stop(163)) - Stopping the RPC server for Block Protocol
2023-10-17 18:44:59,993 [Time-limited test] INFO  ipc.Server (Server.java:stop(3523)) - Stopping server on 15140
2023-10-17 18:44:59,995 [IPC Server listener on 15140] INFO  ipc.Server (Server.java:run(1434)) - Stopping IPC Server listener on 15140
2023-10-17 18:44:59,996 [Time-limited test] INFO  server.StorageContainerManager (StorageContainerManager.java:stop(1631)) - Stopping the StorageContainerLocationProtocol RPC server
2023-10-17 18:44:59,996 [IPC Server Responder] INFO  ipc.Server (Server.java:run(1567)) - Stopping IPC Server Responder
2023-10-17 18:44:59,996 [Time-limited test] INFO  server.SCMClientProtocolServer (SCMClientProtocolServer.java:stop(210)) - Stopping the RPC server for Client Protocol
2023-10-17 18:44:59,996 [Time-limited test] INFO  ipc.Server (Server.java:stop(3523)) - Stopping server on 15139
2023-10-17 18:44:59,997 [IPC Server Responder] INFO  ipc.Server (Server.java:run(1567)) - Stopping IPC Server Responder
2023-10-17 18:44:59,997 [IPC Server listener on 15139] INFO  ipc.Server (Server.java:run(1434)) - Stopping IPC Server listener on 15139
2023-10-17 18:44:59,997 [Time-limited test] INFO  server.StorageContainerManager (StorageContainerManager.java:stop(1638)) - Stopping Storage Container Manager HTTP server.
2023-10-17 18:44:59,998 [Time-limited test] INFO  handler.ContextHandler (ContextHandler.java:doStop(1159)) - Stopped o.e.j.w.WebAppContext@35022aec{scm,/,null,STOPPED}{file:/home/runner/work/ozone/ozone/hadoop-ozone/integration-test/target/test-classes/webapps/scm}
2023-10-17 18:44:59,999 [Time-limited test] INFO  server.AbstractConnector (AbstractConnector.java:doStop(383)) - Stopped ServerConnector@7316ee57{HTTP/1.1, (http/1.1)}{0.0.0.0:15142}
2023-10-17 18:44:59,999 [Time-limited test] INFO  server.session (HouseKeeper.java:stopScavenging(149)) - node0 Stopped scavenging
2023-10-17 18:44:59,999 [Time-limited test] INFO  handler.ContextHandler (ContextHandler.java:doStop(1159)) - Stopped o.e.j.s.ServletContextHandler@2ea3c2ad{static,/static,file:///home/runner/work/ozone/ozone/hadoop-ozone/integration-test/target/test-classes/webapps/static,STOPPED}
2023-10-17 18:44:59,999 [Time-limited test] INFO  handler.ContextHandler (ContextHandler.java:doStop(1159)) - Stopped o.e.j.s.ServletContextHandler@77744f3a{logs,/logs,file:///home/runner/work/ozone/ozone/hadoop-ozone/integration-test/target/log,STOPPED}
2023-10-17 18:45:00,000 [Time-limited test] INFO  server.StorageContainerManager (StorageContainerManager.java:stop(1646)) - Stopping SCM LayoutVersionManager Service.
2023-10-17 18:45:00,000 [Time-limited test] INFO  server.StorageContainerManager (StorageContainerManager.java:stop(1658)) - Stopping Block Manager Service.
2023-10-17 18:45:00,000 [Time-limited test] INFO  utils.BackgroundService (BackgroundService.java:shutdown(160)) - Shutting down service SCMBlockDeletingService
2023-10-17 18:45:00,000 [Time-limited test] INFO  utils.BackgroundService (BackgroundService.java:shutdown(160)) - Shutting down service SCMBlockDeletingService
2023-10-17 18:45:00,000 [Time-limited test] INFO  server.StorageContainerManager (StorageContainerManager.java:stop(1678)) - Stopping SCM Event Queue.
2023-10-17 18:45:00,001 [JvmPauseMonitor22] INFO  util.JvmPauseMonitor (JvmPauseMonitor.java:run(109)) - JvmPauseMonitor-ea1d22ae-08e0-4438-8eab-3e42a71ef6f0: Stopped
2023-10-17 18:45:00,001 [Time-limited test] INFO  server.StorageContainerManager (StorageContainerManager.java:stop(1689)) - Stopping SCM HA services.
2023-10-17 18:45:00,001 [Time-limited test] INFO  pipeline.BackgroundPipelineCreator (BackgroundPipelineCreator.java:stop(149)) - Stopping RatisPipelineUtilsThread.
2023-10-17 18:45:00,001 [RatisPipelineUtilsThread - 0] WARN  pipeline.BackgroundPipelineCreator (BackgroundPipelineCreator.java:run(180)) - RatisPipelineUtilsThread is interrupted.
2023-10-17 18:45:00,002 [Time-limited test] INFO  BackgroundPipelineScrubber (BackgroundSCMService.java:stop(131)) - Stopping BackgroundPipelineScrubber Service.
2023-10-17 18:45:00,002 [BackgroundPipelineScrubberThread] WARN  BackgroundPipelineScrubber (BackgroundSCMService.java:run(115)) - BackgroundPipelineScrubber is interrupted, exit
2023-10-17 18:45:00,002 [Time-limited test] INFO  impl.MetricsSystemImpl (MetricsSystemImpl.java:stop(210)) - Stopping HddsDatanode metrics system...
2023-10-17 18:45:00,004 [prometheus] INFO  impl.MetricsSinkAdapter (MetricsSinkAdapter.java:publishMetricsFromQueue(141)) - prometheus thread interrupted.
2023-10-17 18:45:00,004 [Time-limited test] INFO  impl.MetricsSystemImpl (MetricsSystemImpl.java:stop(216)) - HddsDatanode metrics system stopped.
2023-10-17 18:45:00,006 [Time-limited test] WARN  pipeline.BackgroundPipelineCreator (BackgroundPipelineCreator.java:stop(145)) - RatisPipelineUtilsThread is not running, just ignore.
2023-10-17 18:45:00,006 [Time-limited test] INFO  BackgroundPipelineScrubber (BackgroundSCMService.java:stop(126)) - BackgroundPipelineScrubber Service is not running, skip stop.
2023-10-17 18:45:00,006 [Time-limited test] INFO  ExpiredContainerReplicaOpScrubber (BackgroundSCMService.java:stop(131)) - Stopping ExpiredContainerReplicaOpScrubber Service.
2023-10-17 18:45:00,006 [Time-limited test] INFO  utils.BackgroundService (BackgroundService.java:shutdown(160)) - Shutting down service SCMBlockDeletingService
2023-10-17 18:45:00,006 [ExpiredContainerReplicaOpScrubberThread] WARN  ExpiredContainerReplicaOpScrubber (BackgroundSCMService.java:run(115)) - ExpiredContainerReplicaOpScrubber is interrupted, exit
2023-10-17 18:45:00,006 [Time-limited test] INFO  replication.ReplicationManager (ReplicationManager.java:stop(333)) - Replication Monitor Thread is not running.
2023-10-17 18:45:00,006 [Time-limited test] WARN  balancer.ContainerBalancer (ContainerBalancer.java:stop(326)) - Cannot stop Container Balancer because it's not running or stopping
2023-10-17 18:45:00,007 [LeaseManager#LeaseMonitor] WARN  lease.LeaseManager (LeaseManager.java:run(287)) - Lease manager is interrupted. Shutting down...
java.lang.InterruptedException
	at java.util.concurrent.locks.AbstractQueuedSynchronizer.doAcquireSharedNanos(AbstractQueuedSynchronizer.java:1039)
	at java.util.concurrent.locks.AbstractQueuedSynchronizer.tryAcquireSharedNanos(AbstractQueuedSynchronizer.java:1328)
	at java.util.concurrent.Semaphore.tryAcquire(Semaphore.java:409)
	at org.apache.hadoop.ozone.lease.LeaseManager$LeaseMonitor.run(LeaseManager.java:285)
	at java.lang.Thread.run(Thread.java:750)
2023-10-17 18:45:00,007 [Time-limited test] INFO  server.StorageContainerManager (StorageContainerManager.java:stop(1724)) - Stopping SCM MetadataStore.
2023-10-17 18:45:00,026 [Time-limited test] INFO  db.CodecTestUtil (CodecTestUtil.java:gc(47)) - gc 0
2023-10-17 18:45:00,365 [Time-limited test] WARN  server.ServerUtils (ServerUtils.java:getScmDbDir(155)) - ozone.scm.db.dirs is not configured. We recommend adding this setting. Falling back to ozone.metadata.dirs instead.
2023-10-17 18:45:00,369 [Time-limited test] WARN  server.ServerUtils (ServerUtils.java:getScmDbDir(155)) - ozone.scm.db.dirs is not configured. We recommend adding this setting. Falling back to ozone.metadata.dirs instead.
2023-10-17 18:45:00,369 [Time-limited test] INFO  ha.SCMHANodeDetails (SCMHANodeDetails.java:loadSCMHAConfig(210)) - ServiceID for StorageContainerManager is null
2023-10-17 18:45:00,369 [Time-limited test] INFO  ha.SCMHANodeDetails (SCMHANodeDetails.java:loadSCMHAConfig(215)) - ozone.scm.default.service.id is not defined, falling back to ozone.scm.service.ids to find serviceID for StorageContainerManager if it is HA enabled cluster
2023-10-17 18:45:00,370 [Time-limited test] WARN  utils.HAUtils (HAUtils.java:getMetaDir(339)) - ozone.scm.db.dirs is not configured. We recommend adding this setting. Falling back to ozone.metadata.dirs instead.
2023-10-17 18:45:00,370 [Time-limited test] WARN  db.DBStoreBuilder (DBStoreBuilder.java:applyDBDefinition(167)) - ozone.scm.db.dirs is not configured. We recommend adding this setting. Falling back to ozone.metadata.dirs instead.
2023-10-17 18:45:00,474 [Time-limited test] INFO  net.NodeSchemaLoader (NodeSchemaLoader.java:loadSchemaFromFile(129)) - Loading schema from [jar:file:/home/runner/.m2/repository/org/apache/ozone/hdds-common/1.4.0-SNAPSHOT/hdds-common-1.4.0-SNAPSHOT.jar!/network-topology-default.xml]
2023-10-17 18:45:00,474 [Time-limited test] INFO  net.NodeSchemaLoader (NodeSchemaLoader.java:loadSchema(176)) - Loading network topology layer schema file
2023-10-17 18:45:00,476 [Time-limited test] INFO  upgrade.AbstractLayoutVersionManager (AbstractLayoutVersionManager.java:init(83)) - Initializing Layout version manager with metadata layout = HADOOP_PRC_PORTS_IN_DATANODEDETAILS (version = 7), software layout = HADOOP_PRC_PORTS_IN_DATANODEDETAILS (version = 7)
2023-10-17 18:45:00,478 [Time-limited test] INFO  ha.SequenceIdGenerator (SequenceIdGenerator.java:upgradeToSequenceId(365)) - upgrade localId to 111677748019200000
2023-10-17 18:45:00,479 [Time-limited test] INFO  ha.SequenceIdGenerator (SequenceIdGenerator.java:upgradeToSequenceId(375)) - upgrade delTxnId to 0
2023-10-17 18:45:00,479 [Time-limited test] INFO  ha.SequenceIdGenerator (SequenceIdGenerator.java:upgradeToSequenceId(392)) - upgrade containerId to 0
2023-10-17 18:45:00,480 [Time-limited test] INFO  ha.SequenceIdGenerator (SequenceIdGenerator.java:upgradeToSequenceId(428)) - upgrade rootCertificateId to 1
2023-10-17 18:45:00,480 [Time-limited test] INFO  ha.SequenceIdGenerator (SequenceIdGenerator.java:<init>(236)) - Init the HA SequenceIdGenerator.
2023-10-17 18:45:00,480 [Time-limited test] WARN  server.ServerUtils (ServerUtils.java:sanitizeUserArgs(80)) - ozone.scm.stale.node.interval value = 300000 is larger than max = 100000 based on the key value of ozone.scm.heartbeat.thread.interval, reset to the max value 100000.
2023-10-17 18:45:00,480 [Time-limited test] WARN  server.ServerUtils (ServerUtils.java:sanitizeUserArgs(80)) - ozone.scm.stale.node.interval value = 300000 is larger than max = 100000 based on the key value of ozone.scm.heartbeat.thread.interval, reset to the max value 100000.
2023-10-17 18:45:00,481 [Time-limited test] INFO  node.SCMNodeManager (SCMNodeManager.java:<init>(157)) - Entering startup safe mode.
2023-10-17 18:45:00,481 [Time-limited test] INFO  algorithms.ContainerPlacementPolicyFactory (ContainerPlacementPolicyFactory.java:getPolicyInternal(86)) - Create container placement policy of type org.apache.hadoop.hdds.scm.container.placement.algorithms.SCMContainerPlacementRackAware
2023-10-17 18:45:00,481 [Time-limited test] INFO  algorithms.ContainerPlacementPolicyFactory (ContainerPlacementPolicyFactory.java:getPolicyInternal(86)) - Create container placement policy of type org.apache.hadoop.hdds.scm.container.placement.algorithms.SCMContainerPlacementRackScatter
2023-10-17 18:45:00,482 [Time-limited test] INFO  pipeline.PipelineStateManagerImpl (PipelineStateManagerImpl.java:initialize(78)) - No pipeline exists in current db
2023-10-17 18:45:00,482 [Time-limited test] INFO  algorithms.LeaderChoosePolicyFactory (LeaderChoosePolicyFactory.java:getPolicy(57)) - Create leader choose policy of type org.apache.hadoop.hdds.scm.pipeline.leader.choose.algorithms.MinLeaderCountChoosePolicy
2023-10-17 18:45:00,482 [Time-limited test] INFO  algorithms.ContainerPlacementPolicyFactory (ContainerPlacementPolicyFactory.java:getPolicyInternal(86)) - Create container placement policy of type org.apache.hadoop.hdds.scm.container.placement.algorithms.SCMContainerPlacementRackScatter
2023-10-17 18:45:00,482 [Time-limited test] INFO  ha.SCMServiceManager (SCMServiceManager.java:register(42)) - Registering service BackgroundPipelineCreator.
2023-10-17 18:45:00,482 [Time-limited test] INFO  pipeline.BackgroundPipelineCreator (BackgroundPipelineCreator.java:start(124)) - Starting RatisPipelineUtilsThread.
2023-10-17 18:45:00,487 [Time-limited test] INFO  BackgroundPipelineScrubber (BackgroundSCMService.java:start(68)) - Starting BackgroundPipelineScrubber Service.
2023-10-17 18:45:00,487 [Time-limited test] INFO  ha.SCMServiceManager (SCMServiceManager.java:register(42)) - Registering service BackgroundPipelineScrubber.
2023-10-17 18:45:00,487 [Time-limited test] INFO  ExpiredContainerReplicaOpScrubber (BackgroundSCMService.java:start(68)) - Starting ExpiredContainerReplicaOpScrubber Service.
2023-10-17 18:45:00,488 [Time-limited test] INFO  ha.SCMServiceManager (SCMServiceManager.java:register(42)) - Registering service ExpiredContainerReplicaOpScrubber.
2023-10-17 18:45:00,488 [Time-limited test] INFO  algorithms.PipelineChoosePolicyFactory (PipelineChoosePolicyFactory.java:createPipelineChoosePolicyFromClass(78)) - Create pipeline choose policy of type org.apache.hadoop.hdds.scm.pipeline.choose.algorithms.RandomPipelineChoosePolicy
2023-10-17 18:45:00,489 [Time-limited test] INFO  algorithms.PipelineChoosePolicyFactory (PipelineChoosePolicyFactory.java:createPipelineChoosePolicyFromClass(78)) - Create pipeline choose policy of type org.apache.hadoop.hdds.scm.pipeline.choose.algorithms.RandomPipelineChoosePolicy
2023-10-17 18:45:00,489 [Time-limited test] INFO  ha.SCMServiceManager (SCMServiceManager.java:register(42)) - Registering service SCMBlockDeletingService.
2023-10-17 18:45:00,490 [Time-limited test] INFO  replication.ReplicationManager (ReplicationManager.java:start(291)) - Starting Replication Monitor Thread.
2023-10-17 18:45:00,491 [Time-limited test] INFO  ha.SCMServiceManager (SCMServiceManager.java:register(42)) - Registering service ReplicationManager.
2023-10-17 18:45:00,494 [ReplicationMonitor] INFO  replication.ReplicationManager (ReplicationManager.java:processAll(365)) - Replication Manager is not ready to run until 3000ms after safemode exit
2023-10-17 18:45:00,494 [Time-limited test] INFO  safemode.ContainerSafeModeRule (ContainerSafeModeRule.java:<init>(90)) - containers with one replica threshold count 0
2023-10-17 18:45:00,495 [Time-limited test] INFO  safemode.HealthyPipelineSafeModeRule (HealthyPipelineSafeModeRule.java:initializeRule(169)) - Total pipeline count is 0, healthy pipeline threshold count is 1
2023-10-17 18:45:00,495 [Time-limited test] INFO  safemode.OneReplicaPipelineSafeModeRule (OneReplicaPipelineSafeModeRule.java:initializeRule(180)) - Total pipeline count is 0, pipeline's with at least one datanode reported threshold count is 0
2023-10-17 18:45:00,495 [Time-limited test] INFO  server.StorageContainerManager (StorageContainerManager.java:<init>(427)) - SCM start with adminUsers: [adminUser1, adminUser2, runner]
2023-10-17 18:45:00,495 [Time-limited test] INFO  ipc.CallQueueManager (CallQueueManager.java:<init>(90)) - Using callQueue: class java.util.concurrent.LinkedBlockingQueue, queueCapacity: 2000, scheduler: class org.apache.hadoop.ipc.DefaultRpcScheduler, ipcBackoff: false.
2023-10-17 18:45:00,496 [Time-limited test] INFO  ipc.Server (Server.java:<init>(1287)) - Listener at 0.0.0.0:15176
2023-10-17 18:45:00,496 [Socket Reader #1 for port 15176] INFO  ipc.Server (Server.java:run(1323)) - Starting Socket Reader #1 for port 15176
2023-10-17 18:45:00,503 [Time-limited test] INFO  ipc.CallQueueManager (CallQueueManager.java:<init>(90)) - Using callQueue: class java.util.concurrent.LinkedBlockingQueue, queueCapacity: 2000, scheduler: class org.apache.hadoop.ipc.DefaultRpcScheduler, ipcBackoff: false.
2023-10-17 18:45:00,504 [Time-limited test] INFO  ipc.Server (Server.java:<init>(1287)) - Listener at 0.0.0.0:15175
2023-10-17 18:45:00,504 [Socket Reader #1 for port 15175] INFO  ipc.Server (Server.java:run(1323)) - Starting Socket Reader #1 for port 15175
2023-10-17 18:45:00,505 [Time-limited test] INFO  ipc.CallQueueManager (CallQueueManager.java:<init>(90)) - Using callQueue: class java.util.concurrent.LinkedBlockingQueue, queueCapacity: 2000, scheduler: class org.apache.hadoop.ipc.DefaultRpcScheduler, ipcBackoff: false.
2023-10-17 18:45:00,506 [Time-limited test] INFO  ipc.Server (Server.java:<init>(1287)) - Listener at 0.0.0.0:15174
2023-10-17 18:45:00,506 [Socket Reader #1 for port 15174] INFO  ipc.Server (Server.java:run(1323)) - Starting Socket Reader #1 for port 15174
2023-10-17 18:45:00,510 [Time-limited test] INFO  ha.SCMServiceManager (SCMServiceManager.java:register(42)) - Registering service ContainerBalancer.
2023-10-17 18:45:00,510 [Time-limited test] INFO  server.StorageContainerManager (StorageContainerManager.java:<init>(440)) - 
Container Balancer status:
Key                            Value
Running                        false
Container Balancer Configuration values:
Key                                                Value
Threshold                                          10
Max Datanodes to Involve per Iteration(percent)    20
Max Size to Move per Iteration                     500GB
Max Size Entering Target per Iteration             26GB
Max Size Leaving Source per Iteration              26GB
Number of Iterations                               10
Time Limit for Single Container's Movement         65min
Time Limit for Single Container's Replication      50min
Interval between each Iteration                    70min
Whether to Enable Network Topology                 false
Whether to Trigger Refresh Datanode Usage Info     false
Container IDs to Exclude from Balancing            None
Datanodes Specified to be Balanced                 None
Datanodes Excluded from Balancing                  None

2023-10-17 18:45:00,510 [Time-limited test] INFO  ha.SCMContext (SCMContext.java:updateSafeModeStatus(230)) - Update SafeModeStatus from SafeModeStatus{safeModeStatus=true, preCheckPassed=false} to SafeModeStatus{safeModeStatus=true, preCheckPassed=false}.
2023-10-17 18:45:00,511 [Time-limited test] INFO  server.StorageContainerManager (StorageContainerManager.java:start(1492)) - StorageContainerLocationProtocol RPC server is listening at /0.0.0.0:15174
2023-10-17 18:45:00,512 [Time-limited test] WARN  impl.MetricsConfig (MetricsConfig.java:loadFirst(136)) - Cannot locate configuration: tried hadoop-metrics2-storagecontainermanager.properties,hadoop-metrics2.properties
2023-10-17 18:45:00,515 [Time-limited test] INFO  impl.MetricsSystemImpl (MetricsSystemImpl.java:startTimer(378)) - Scheduled Metric snapshot period at 10 second(s).
2023-10-17 18:45:00,515 [Time-limited test] INFO  impl.MetricsSystemImpl (MetricsSystemImpl.java:start(191)) - StorageContainerManager metrics system started
2023-10-17 18:45:00,532 [Time-limited test] INFO  impl.MetricsSinkAdapter (MetricsSinkAdapter.java:start(204)) - Sink prometheus started
2023-10-17 18:45:00,532 [Time-limited test] INFO  impl.MetricsSystemImpl (MetricsSystemImpl.java:registerSink(305)) - Registered sink prometheus
2023-10-17 18:45:00,556 [Time-limited test] INFO  server.SCMClientProtocolServer (SCMClientProtocolServer.java:start(201)) - RPC server for Client  is listening at /0.0.0.0:15174
2023-10-17 18:45:00,557 [IPC Server Responder] INFO  ipc.Server (Server.java:run(1562)) - IPC Server Responder: starting
2023-10-17 18:45:00,557 [IPC Server listener on 15174] INFO  ipc.Server (Server.java:run(1402)) - IPC Server listener on 15174: starting
2023-10-17 18:45:00,558 [Time-limited test] INFO  server.StorageContainerManager (StorageContainerManager.java:start(1505)) - ScmBlockLocationProtocol RPC server is listening at /0.0.0.0:15175
2023-10-17 18:45:00,559 [Time-limited test] INFO  server.SCMBlockProtocolServer (SCMBlockProtocolServer.java:start(154)) - RPC server for Block Protocol is listening at /0.0.0.0:15175
2023-10-17 18:45:00,559 [IPC Server Responder] INFO  ipc.Server (Server.java:run(1562)) - IPC Server Responder: starting
2023-10-17 18:45:00,559 [IPC Server listener on 15175] INFO  ipc.Server (Server.java:run(1402)) - IPC Server listener on 15175: starting
2023-10-17 18:45:00,561 [Time-limited test] INFO  server.SCMDatanodeProtocolServer (SCMDatanodeProtocolServer.java:start(193)) - ScmDatanodeProtocol RPC server for DataNodes is listening at /0.0.0.0:15176
2023-10-17 18:45:00,561 [IPC Server Responder] INFO  ipc.Server (Server.java:run(1562)) - IPC Server Responder: starting
2023-10-17 18:45:00,561 [IPC Server listener on 15176] INFO  ipc.Server (Server.java:run(1402)) - IPC Server listener on 15176: starting
2023-10-17 18:45:00,568 [Time-limited test] INFO  http.BaseHttpServer (BaseHttpServer.java:newHttpServer2BuilderForOzone(223)) - Starting Web-server for scm at: http://0.0.0.0:15177
2023-10-17 18:45:00,568 [Time-limited test] INFO  http.BaseHttpServer (BaseHttpServer.java:<init>(110)) - Hadoop Security Enabled: false Ozone Security Enabled: false Ozone HTTP Security Enabled: false 
2023-10-17 18:45:00,571 [Time-limited test] WARN  server.AuthenticationFilter (AuthenticationFilter.java:constructSecretProvider(240)) - Unable to initialize FileSignerSecretProvider, falling back to use random secrets. Reason: Could not read signature secret file: /home/runner/hadoop-http-auth-signature-secret
2023-10-17 18:45:00,572 [JvmPauseMonitor27] INFO  util.JvmPauseMonitor (JvmPauseMonitor.java:run(103)) - JvmPauseMonitor-ce6fb03e-55d6-47ee-9c76-82924f88ea1e: Started
2023-10-17 18:45:00,574 [Time-limited test] INFO  http.HttpRequestLog (HttpRequestLog.java:getRequestLog(86)) - Http request log for http.requests.scm is not defined
2023-10-17 18:45:00,576 [Time-limited test] INFO  http.HttpServer2 (HttpServer2.java:addGlobalFilter(1031)) - Added global filter 'safety' (class=org.apache.hadoop.hdds.server.http.HttpServer2$QuotingInputFilter)
2023-10-17 18:45:00,577 [Time-limited test] INFO  http.HttpServer2 (HttpServer2.java:addFilter(1007)) - Added filter static_user_filter (class=org.apache.hadoop.http.lib.StaticUserWebFilter$StaticUserFilter) to context scm
2023-10-17 18:45:00,577 [Time-limited test] INFO  http.HttpServer2 (HttpServer2.java:addFilter(1015)) - Added filter static_user_filter (class=org.apache.hadoop.http.lib.StaticUserWebFilter$StaticUserFilter) to context static
2023-10-17 18:45:00,577 [Time-limited test] INFO  http.HttpServer2 (HttpServer2.java:addFilter(1015)) - Added filter static_user_filter (class=org.apache.hadoop.http.lib.StaticUserWebFilter$StaticUserFilter) to context logs
2023-10-17 18:45:00,577 [Time-limited test] INFO  http.BaseHttpServer (BaseHttpServer.java:<init>(189)) - HTTP server of scm uses base directory /home/runner/work/ozone/ozone/hadoop-ozone/integration-test/target/test-dir/MiniOzoneClusterImpl-14327f45-78e1-4847-8051-3610e19f479d/ozone-meta/webserver
2023-10-17 18:45:00,578 [Time-limited test] INFO  http.HttpServer2 (HttpServer2.java:bindListener(1231)) - Jetty bound to port 15177
2023-10-17 18:45:00,578 [Time-limited test] INFO  server.Server (Server.java:doStart(375)) - jetty-9.4.53.v20231009; built: 2023-10-09T12:29:09.265Z; git: 27bde00a0b95a1d5bbee0eae7984f891d2d0f8c9; jvm 1.8.0_382-b05
2023-10-17 18:45:00,582 [Time-limited test] INFO  server.session (DefaultSessionIdManager.java:doStart(334)) - DefaultSessionIdManager workerName=node0
2023-10-17 18:45:00,582 [Time-limited test] INFO  server.session (DefaultSessionIdManager.java:doStart(339)) - No SessionScavenger set, using defaults
2023-10-17 18:45:00,582 [Time-limited test] INFO  server.session (HouseKeeper.java:startScavenging(132)) - node0 Scavenging every 660000ms
2023-10-17 18:45:00,583 [Time-limited test] INFO  handler.ContextHandler (ContextHandler.java:doStart(921)) - Started o.e.j.s.ServletContextHandler@76caba8f{logs,/logs,file:///home/runner/work/ozone/ozone/hadoop-ozone/integration-test/target/log,AVAILABLE}
2023-10-17 18:45:00,583 [Time-limited test] INFO  handler.ContextHandler (ContextHandler.java:doStart(921)) - Started o.e.j.s.ServletContextHandler@1e89448{static,/static,file:///home/runner/work/ozone/ozone/hadoop-ozone/integration-test/target/test-classes/webapps/static,AVAILABLE}
2023-10-17 18:45:00,585 [Time-limited test] INFO  handler.ContextHandler (ContextHandler.java:doStart(921)) - Started o.e.j.w.WebAppContext@25eb7353{scm,/,file:///home/runner/work/ozone/ozone/hadoop-ozone/integration-test/target/test-classes/webapps/scm/,AVAILABLE}{file:/home/runner/work/ozone/ozone/hadoop-ozone/integration-test/target/test-classes/webapps/scm}
2023-10-17 18:45:00,595 [Time-limited test] INFO  server.AbstractConnector (AbstractConnector.java:doStart(333)) - Started ServerConnector@27d2b46c{HTTP/1.1, (http/1.1)}{0.0.0.0:15177}
2023-10-17 18:45:00,595 [Time-limited test] INFO  server.Server (Server.java:doStart(415)) - Started @161309ms
2023-10-17 18:45:00,595 [Time-limited test] WARN  impl.MetricsSystemImpl (MetricsSystemImpl.java:register(279)) - Sink prometheus already exists!
2023-10-17 18:45:00,596 [Time-limited test] INFO  http.BaseHttpServer (BaseHttpServer.java:updateConnectorAddress(354)) - HTTP server of scm listening at http://0.0.0.0:15177
2023-10-17 18:45:00,596 [Time-limited test] WARN  server.ServerUtils (ServerUtils.java:getDBPath(311)) - ozone.om.db.dirs is not configured. We recommend adding this setting. Falling back to ozone.metadata.dirs instead.
2023-10-17 18:45:00,598 [Time-limited test] INFO  ha.OMHANodeDetails (OMHANodeDetails.java:loadOMHAConfig(115)) - ozone.om.internal.service.id is not defined, falling back to ozone.om.service.ids to find serviceID for OzoneManager if it is HA enabled cluster
2023-10-17 18:45:00,598 [Time-limited test] INFO  ha.OMHANodeDetails (OMHANodeDetails.java:loadOMHAConfig(226)) - Configuration does not have ozone.om.address set. Falling back to the default OM address /127.0.0.1:15178
2023-10-17 18:45:00,598 [Time-limited test] INFO  ha.OMHANodeDetails (OMHANodeDetails.java:getOMNodeDetailsForNonHA(254)) - OM Service ID is not set. Setting it to the default ID: omServiceIdDefault
2023-10-17 18:45:00,598 [Time-limited test] INFO  ha.OMHANodeDetails (OMHANodeDetails.java:getOMNodeDetailsForNonHA(261)) - OM Node ID is not set. Setting it to the default ID: om1
2023-10-17 18:45:00,598 [Time-limited test] WARN  server.ServerUtils (ServerUtils.java:getDBPath(311)) - ozone.om.db.dirs is not configured. We recommend adding this setting. Falling back to ozone.metadata.dirs instead.
2023-10-17 18:45:00,600 [Time-limited test] INFO  upgrade.AbstractLayoutVersionManager (AbstractLayoutVersionManager.java:init(83)) - Initializing Layout version manager with metadata layout = QUOTA (version = 6), software layout = QUOTA (version = 6)
2023-10-17 18:45:00,677 [Time-limited test] INFO  reflections.Reflections (Reflections.java:scan(232)) - Reflections took 76 ms to scan 2 urls, producing 190 keys and 532 values [using 2 cores]
2023-10-17 18:45:00,677 [Time-limited test] INFO  upgrade.OMLayoutVersionManager (OMLayoutVersionManager.java:lambda$0(115)) - Skipping Upgrade Action MockOmUpgradeAction since it has been finalized.
2023-10-17 18:45:00,677 [Time-limited test] INFO  upgrade.OMLayoutVersionManager (OMLayoutVersionManager.java:lambda$0(115)) - Skipping Upgrade Action QuotaRepairUpgradeAction since it has been finalized.
2023-10-17 18:45:00,678 [Time-limited test] WARN  server.ServerUtils (ServerUtils.java:getDBPath(311)) - ozone.om.db.dirs is not configured. We recommend adding this setting. Falling back to ozone.metadata.dirs instead.
2023-10-17 18:45:00,678 [Time-limited test] INFO  proxy.SCMBlockLocationFailoverProxyProvider (SCMBlockLocationFailoverProxyProvider.java:<init>(114)) - Created block location fail-over proxy with 1 nodes: [nodeId=scmNodeId,nodeAddress=/0.0.0.0:15175]
2023-10-17 18:45:00,680 [Time-limited test] INFO  proxy.SCMBlockLocationFailoverProxyProvider (SCMBlockLocationFailoverProxyProvider.java:<init>(114)) - Created block location fail-over proxy with 1 nodes: [nodeId=scmNodeId,nodeAddress=/0.0.0.0:15175]
2023-10-17 18:45:00,686 [Time-limited test] INFO  om.OzoneManager (OzoneManager.java:<init>(671)) - OM start with adminUsers: [adminUser1, adminUser2, runner]
2023-10-17 18:45:00,687 [Time-limited test] WARN  server.ServerUtils (ServerUtils.java:getDBPath(311)) - ozone.om.db.dirs is not configured. We recommend adding this setting. Falling back to ozone.metadata.dirs instead.
2023-10-17 18:45:00,687 [Time-limited test] INFO  helpers.OmKeyInfo (OmKeyInfo.java:getCodec(71)) - OmKeyInfo.getCodec ignorePipeline = true
2023-10-17 18:45:00,877 [Time-limited test] INFO  om.OzoneManager (OzoneManager.java:instantiateServices(800)) - S3 Multi-Tenancy is disabled
2023-10-17 18:45:00,877 [Time-limited test] INFO  om.OmSnapshotManager (OmSnapshotManager.java:<init>(174)) - Ozone filesystem snapshot feature is enabled.
2023-10-17 18:45:00,877 [Time-limited test] WARN  server.ServerUtils (ServerUtils.java:getDBPath(311)) - ozone.om.snapshot.diff.db.dir is not configured. We recommend adding this setting. Falling back to ozone.metadata.dirs instead.
2023-10-17 18:45:00,897 [Time-limited test] INFO  snapshot.SnapshotDiffManager (SnapshotDiffManager.java:closeExecutorService(1720)) - Shutting down executorService: 'SstDumpToolExecutor'
2023-10-17 18:45:00,901 [Time-limited test] INFO  om.OzoneManager (OzoneManager.java:addS3GVolumeToDB(4376)) - Created Volume s3v With Owner runner required for S3Gateway operations.
2023-10-17 18:45:00,901 [Time-limited test] WARN  server.ServerUtils (ServerUtils.java:getDefaultRatisDirectory(323)) - Storage directory for Ratis is not configured. It is a good idea to map this to an SSD disk. Falling back to ozone.metadata.dirs
2023-10-17 18:45:00,901 [Time-limited test] WARN  utils.OzoneManagerRatisUtils (OzoneManagerRatisUtils.java:getOMRatisSnapshotDirectory(470)) - ozone.om.ratis.snapshot.dir is not configured. Falling back to ozone.metadata.dirs config
2023-10-17 18:45:00,902 [Time-limited test] WARN  server.ServerUtils (ServerUtils.java:getDefaultRatisDirectory(323)) - Storage directory for Ratis is not configured. It is a good idea to map this to an SSD disk. Falling back to ozone.metadata.dirs
2023-10-17 18:45:00,903 [Time-limited test] INFO  ratis.OzoneManagerRatisServer (OzoneManagerRatisServer.java:<init>(164)) - Instantiating OM Ratis server with groupID: omServiceIdDefault and peers: localhost:15181
2023-10-17 18:45:00,903 [Time-limited test] INFO  ratis.OzoneManagerStateMachine (OzoneManagerStateMachine.java:loadSnapshotInfoFromDB(691)) - LastAppliedIndex is set from TransactionInfo from OM DB as (t:0, i:~)
2023-10-17 18:45:00,904 [Time-limited test] INFO  server.RaftServer (ConfUtils.java:logGet(46)) - raft.rpc.type = GRPC (default)
2023-10-17 18:45:00,904 [Time-limited test] INFO  grpc.GrpcConfigKeys (ConfUtils.java:logFallback(53)) - raft.grpc.admin.host = null (fallback to raft.grpc.server.host)
2023-10-17 18:45:00,904 [Time-limited test] INFO  grpc.GrpcConfigKeys (ConfUtils.java:logFallback(53)) - raft.grpc.admin.port = 15181 (fallback to raft.grpc.server.port)
2023-10-17 18:45:00,904 [Time-limited test] INFO  grpc.GrpcConfigKeys (ConfUtils.java:logFallback(53)) - raft.grpc.client.host = null (fallback to raft.grpc.server.host)
2023-10-17 18:45:00,904 [Time-limited test] INFO  grpc.GrpcConfigKeys (ConfUtils.java:logFallback(53)) - raft.grpc.client.port = 15181 (fallback to raft.grpc.server.port)
2023-10-17 18:45:00,905 [Time-limited test] INFO  grpc.GrpcConfigKeys (ConfUtils.java:logGet(46)) - raft.grpc.server.host = null (default)
2023-10-17 18:45:00,905 [Time-limited test] INFO  grpc.GrpcConfigKeys (ConfUtils.java:logGet(46)) - raft.grpc.server.port = 15181 (custom)
2023-10-17 18:45:00,905 [Time-limited test] INFO  server.GrpcService (ConfUtils.java:logGet(46)) - raft.grpc.message.size.max = 33554432 (custom)
2023-10-17 18:45:00,905 [Time-limited test] INFO  server.RaftServerConfigKeys (ConfUtils.java:logGet(46)) - raft.server.log.appender.buffer.byte-limit = 33554432 (custom)
2023-10-17 18:45:00,905 [Time-limited test] INFO  server.GrpcService (ConfUtils.java:logGet(46)) - raft.grpc.flow.control.window = 1MB (=1048576) (default)
2023-10-17 18:45:00,905 [Time-limited test] INFO  server.RaftServerConfigKeys (ConfUtils.java:logGet(46)) - raft.server.rpc.request.timeout = 3000ms (default)
2023-10-17 18:45:00,905 [Time-limited test] INFO  grpc.GrpcConfigKeys (ConfUtils.java:logGet(46)) - raft.grpc.server.heartbeat.channel = true (default)
2023-10-17 18:45:00,905 [Time-limited test] INFO  grpc.GrpcConfigKeys (ConfUtils.java:logGet(46)) - raft.grpc.server.async.request.thread.pool.cached = true (default)
2023-10-17 18:45:00,905 [Time-limited test] INFO  grpc.GrpcConfigKeys (ConfUtils.java:logGet(46)) - raft.grpc.server.async.request.thread.pool.size = 32 (default)
2023-10-17 18:45:00,909 [Time-limited test] INFO  impl.DataStreamServerImpl (ConfUtils.java:logGet(46)) - raft.datastream.type = DISABLED (default)
2023-10-17 18:45:00,909 [Time-limited test] INFO  server.RaftServerConfigKeys (ConfUtils.java:logGet(46)) - raft.server.threadpool.proxy.cached = true (default)
2023-10-17 18:45:00,909 [Time-limited test] INFO  server.RaftServerConfigKeys (ConfUtils.java:logGet(46)) - raft.server.threadpool.proxy.size = 0 (default)
2023-10-17 18:45:00,909 [Time-limited test] INFO  server.RaftServerConfigKeys (ConfUtils.java:logGet(46)) - raft.server.rpc.slowness.timeout = 120s (custom)
2023-10-17 18:45:00,909 [Time-limited test] INFO  server.RaftServerConfigKeys (ConfUtils.java:logGet(46)) - raft.server.leaderelection.leader.step-down.wait-time = 10s (default)
2023-10-17 18:45:00,909 [Time-limited test] INFO  server.RaftServerConfigKeys (ConfUtils.java:logGet(46)) - raft.server.storage.dir = [/home/runner/work/ozone/ozone/hadoop-ozone/integration-test/target/test-dir/MiniOzoneClusterImpl-14327f45-78e1-4847-8051-3610e19f479d/ozone-meta/ratis] (custom)
2023-10-17 18:45:00,910 [Time-limited test] INFO  server.RaftServer (RaftServerProxy.java:addNew(98)) - om1: addNew group-C5BA1605619E:[om1|rpc:localhost:15181|priority:0|startupRole:FOLLOWER] returns group-C5BA1605619E:java.util.concurrent.CompletableFuture@5d10edd8[Not completed]
2023-10-17 18:45:00,910 [Time-limited test] INFO  om.OzoneManager (OzoneManager.java:initializeRatisServer(2147)) - OzoneManager Ratis server initialized at port 15181
2023-10-17 18:45:00,910 [Time-limited test] INFO  om.OzoneManager (OzoneManager.java:getRpcServer(1202)) - Creating RPC Server
2023-10-17 18:45:00,910 [om1-groupManagement] INFO  server.RaftServer$Division (RaftServerImpl.java:<init>(198)) - om1: new RaftServerImpl for group-C5BA1605619E:[om1|rpc:localhost:15181|priority:0|startupRole:FOLLOWER] with OzoneManagerStateMachine:uninitialized
2023-10-17 18:45:00,911 [om1-groupManagement] INFO  server.RaftServerConfigKeys (ConfUtils.java:logGet(46)) - raft.server.rpc.timeout.min = 1s (custom)
2023-10-17 18:45:00,911 [om1-groupManagement] INFO  server.RaftServerConfigKeys (ConfUtils.java:logGet(46)) - raft.server.rpc.timeout.max = 1200ms (custom)
2023-10-17 18:45:00,911 [om1-groupManagement] INFO  server.RaftServerConfigKeys (ConfUtils.java:logGet(46)) - raft.server.rpc.sleep.time = 25ms (default)
2023-10-17 18:45:00,911 [om1-groupManagement] INFO  server.RaftServerConfigKeys (ConfUtils.java:logGet(46)) - raft.server.rpc.slowness.timeout = 120s (custom)
2023-10-17 18:45:00,911 [om1-groupManagement] INFO  server.RaftServerConfigKeys (ConfUtils.java:logGet(46)) - raft.server.leaderelection.leader.step-down.wait-time = 10s (default)
2023-10-17 18:45:00,911 [om1-groupManagement] INFO  server.RaftServerConfigKeys (ConfUtils.java:logGet(46)) - raft.server.sleep.deviation.threshold = 300ms (default)
2023-10-17 18:45:00,912 [om1-groupManagement] INFO  server.RaftServer$Division (ServerState.java:<init>(120)) - om1@group-C5BA1605619E: ConfigurationManager, init=-1: peers:[om1|rpc:localhost:15181|priority:0|startupRole:FOLLOWER]|listeners:[], old=null, confs=<EMPTY_MAP>
2023-10-17 18:45:00,912 [om1-groupManagement] INFO  server.RaftServerConfigKeys (ConfUtils.java:logGet(46)) - raft.server.storage.dir = [/home/runner/work/ozone/ozone/hadoop-ozone/integration-test/target/test-dir/MiniOzoneClusterImpl-14327f45-78e1-4847-8051-3610e19f479d/ozone-meta/ratis] (custom)
2023-10-17 18:45:00,912 [om1-groupManagement] INFO  server.RaftServerConfigKeys (ConfUtils.java:logGet(46)) - raft.server.log.corruption.policy = EXCEPTION (default)
2023-10-17 18:45:00,912 [om1-groupManagement] INFO  server.RaftServerConfigKeys (ConfUtils.java:logGet(46)) - raft.server.storage.free-space.min = 0MB (=0) (default)
2023-10-17 18:45:00,912 [om1-groupManagement] INFO  server.RaftServerConfigKeys (ConfUtils.java:logGet(46)) - raft.server.notification.no-leader.timeout = 120s (custom)
2023-10-17 18:45:00,912 [om1-groupManagement] INFO  server.RaftServerConfigKeys (ConfUtils.java:logGet(46)) - raft.server.read.timeout = 10s (default)
2023-10-17 18:45:00,912 [om1-groupManagement] INFO  server.RaftServerConfigKeys (ConfUtils.java:logGet(46)) - raft.server.retrycache.expirytime = 300s (custom)
2023-10-17 18:45:00,912 [om1-groupManagement] INFO  server.RaftServerConfigKeys (ConfUtils.java:logGet(46)) - raft.server.retrycache.statistics.expirytime = 100μs (default)
2023-10-17 18:45:00,913 [om1-groupManagement] INFO  server.RaftServerConfigKeys (ConfUtils.java:logGet(46)) - raft.server.read.option = DEFAULT (default)
2023-10-17 18:45:00,913 [om1-groupManagement] INFO  server.RaftServerConfigKeys (ConfUtils.java:logGet(46)) - raft.server.rpc.request.timeout = 3000ms (default)
2023-10-17 18:45:00,913 [om1-groupManagement] INFO  server.RaftServerConfigKeys (ConfUtils.java:logGet(46)) - raft.server.log.appender.install.snapshot.enabled = false (custom)
2023-10-17 18:45:00,913 [om1-groupManagement] INFO  server.RaftServerConfigKeys (ConfUtils.java:logGet(46)) - raft.server.threadpool.server.cached = true (default)
2023-10-17 18:45:00,913 [om1-groupManagement] INFO  server.RaftServerConfigKeys (ConfUtils.java:logGet(46)) - raft.server.threadpool.server.size = 0 (default)
2023-10-17 18:45:00,914 [om1-groupManagement] INFO  server.RaftServerConfigKeys (ConfUtils.java:logGet(46)) - raft.server.threadpool.client.cached = true (default)
2023-10-17 18:45:00,914 [om1-groupManagement] INFO  server.RaftServerConfigKeys (ConfUtils.java:logGet(46)) - raft.server.threadpool.client.size = 0 (default)
2023-10-17 18:45:01,339 [Time-limited test] INFO  reflections.Reflections (Reflections.java:scan(232)) - Reflections took 425 ms to scan 20 urls, producing 71 keys and 6047 values [using 2 cores]
2023-10-17 18:45:01,340 [Time-limited test] INFO  ipc.CallQueueManager (CallQueueManager.java:<init>(90)) - Using callQueue: class java.util.concurrent.LinkedBlockingQueue, queueCapacity: 2000, scheduler: class org.apache.hadoop.ipc.DefaultRpcScheduler, ipcBackoff: false.
2023-10-17 18:45:01,341 [Time-limited test] INFO  ipc.Server (Server.java:<init>(1287)) - Listener at 127.0.0.1:15178
2023-10-17 18:45:01,341 [Socket Reader #1 for port 15178] INFO  ipc.Server (Server.java:run(1323)) - Starting Socket Reader #1 for port 15178
2023-10-17 18:45:01,366 [Time-limited test] INFO  impl.MetricsSystemImpl (MetricsSystemImpl.java:init(158)) - OzoneManager metrics system started (again)
2023-10-17 18:45:01,378 [Time-limited test] INFO  om.OzoneManager (OzoneManager.java:start(1635)) - OzoneManager RPC server is listening at localhost/127.0.0.1:15178
2023-10-17 18:45:01,378 [Time-limited test] INFO  ratis.OzoneManagerRatisServer (OzoneManagerRatisServer.java:start(559)) - Starting OzoneManagerRatisServer om1 at port 15181
2023-10-17 18:45:01,378 [om1-impl-thread1] INFO  storage.RaftStorageDirectory (RaftStorageDirectoryImpl.java:analyzeStorage(137)) - The storage directory /home/runner/work/ozone/ozone/hadoop-ozone/integration-test/target/test-dir/MiniOzoneClusterImpl-14327f45-78e1-4847-8051-3610e19f479d/ozone-meta/ratis/bf265839-605b-3f16-9796-c5ba1605619e does not exist. Creating ...
2023-10-17 18:45:01,380 [om1-impl-thread1] INFO  storage.RaftStorageDirectory (RaftStorageDirectoryImpl.java:tryLock(231)) - Lock on /home/runner/work/ozone/ozone/hadoop-ozone/integration-test/target/test-dir/MiniOzoneClusterImpl-14327f45-78e1-4847-8051-3610e19f479d/ozone-meta/ratis/bf265839-605b-3f16-9796-c5ba1605619e/in_use.lock acquired by nodename 31914@fv-az189-115
2023-10-17 18:45:01,381 [om1-impl-thread1] INFO  storage.RaftStorage (RaftStorageImpl.java:format(96)) - Storage directory /home/runner/work/ozone/ozone/hadoop-ozone/integration-test/target/test-dir/MiniOzoneClusterImpl-14327f45-78e1-4847-8051-3610e19f479d/ozone-meta/ratis/bf265839-605b-3f16-9796-c5ba1605619e has been successfully formatted.
2023-10-17 18:45:01,382 [om1-impl-thread1] INFO  server.RaftServerConfigKeys (ConfUtils.java:logGet(46)) - raft.server.log.use.memory = false (default)
2023-10-17 18:45:01,382 [om1-impl-thread1] INFO  server.RaftServerConfigKeys (ConfUtils.java:logGet(46)) - raft.server.log.purge.gap = 1000000 (custom)
2023-10-17 18:45:01,382 [om1-impl-thread1] INFO  server.RaftServerConfigKeys (ConfUtils.java:logGet(46)) - raft.server.log.appender.buffer.byte-limit = 33554432 (custom)
2023-10-17 18:45:01,382 [om1-impl-thread1] INFO  server.RaftServerConfigKeys (ConfUtils.java:logGet(46)) - raft.server.log.statemachine.data.read.timeout = 1000ms (default)
2023-10-17 18:45:01,382 [om1-impl-thread1] INFO  server.RaftServerConfigKeys (ConfUtils.java:logGet(46)) - raft.server.log.purge.preservation.log.num = 0 (default)
2023-10-17 18:45:01,382 [om1-impl-thread1] INFO  server.RaftServerConfigKeys (ConfUtils.java:logGet(46)) - raft.server.log.segment.size.max = 4194304 (custom)
2023-10-17 18:45:01,382 [om1-impl-thread1] INFO  server.RaftServerConfigKeys (ConfUtils.java:logGet(46)) - raft.server.log.segment.cache.num.max = 2 (custom)
2023-10-17 18:45:01,382 [om1-impl-thread1] INFO  server.RaftServerConfigKeys (ConfUtils.java:logGet(46)) - raft.server.log.segment.cache.size.max = 200MB (=209715200) (default)
2023-10-17 18:45:01,382 [om1-impl-thread1] INFO  server.RaftServerConfigKeys (ConfUtils.java:logGet(46)) - raft.server.log.appender.buffer.byte-limit = 33554432 (custom)
2023-10-17 18:45:01,382 [om1-impl-thread1] INFO  segmented.SegmentedRaftLogWorker (SegmentedRaftLogWorker.java:<init>(188)) - new om1@group-C5BA1605619E-SegmentedRaftLogWorker for RaftStorageImpl:Storage Directory /home/runner/work/ozone/ozone/hadoop-ozone/integration-test/target/test-dir/MiniOzoneClusterImpl-14327f45-78e1-4847-8051-3610e19f479d/ozone-meta/ratis/bf265839-605b-3f16-9796-c5ba1605619e
2023-10-17 18:45:01,382 [om1-impl-thread1] INFO  server.RaftServerConfigKeys (ConfUtils.java:logGet(46)) - raft.server.log.queue.byte-limit = 64MB (=67108864) (default)
2023-10-17 18:45:01,382 [om1-impl-thread1] INFO  server.RaftServerConfigKeys (ConfUtils.java:logGet(46)) - raft.server.log.queue.element-limit = 4096 (default)
2023-10-17 18:45:01,382 [om1-impl-thread1] INFO  server.RaftServerConfigKeys (ConfUtils.java:logGet(46)) - raft.server.log.segment.size.max = 4194304 (custom)
2023-10-17 18:45:01,382 [om1-impl-thread1] INFO  server.RaftServerConfigKeys (ConfUtils.java:logGet(46)) - raft.server.log.preallocated.size = 4194304 (custom)
2023-10-17 18:45:01,382 [om1-impl-thread1] INFO  server.RaftServerConfigKeys (ConfUtils.java:logGet(46)) - raft.server.log.force.sync.num = 128 (default)
2023-10-17 18:45:01,383 [om1-impl-thread1] INFO  server.RaftServerConfigKeys (ConfUtils.java:logGet(46)) - raft.server.log.statemachine.data.sync = true (default)
2023-10-17 18:45:01,383 [om1-impl-thread1] INFO  server.RaftServerConfigKeys (ConfUtils.java:logGet(46)) - raft.server.log.statemachine.data.sync.timeout = 10s (default)
2023-10-17 18:45:01,383 [om1-impl-thread1] INFO  server.RaftServerConfigKeys (ConfUtils.java:logGet(46)) - raft.server.log.statemachine.data.sync.timeout.retry = -1 (default)
2023-10-17 18:45:01,383 [om1-impl-thread1] INFO  server.RaftServerConfigKeys (ConfUtils.java:logGet(46)) - raft.server.log.write.buffer.size = 64KB (=65536) (default)
2023-10-17 18:45:01,383 [om1-impl-thread1] INFO  server.RaftServerConfigKeys (ConfUtils.java:logGet(46)) - raft.server.log.appender.buffer.byte-limit = 33554432 (custom)
2023-10-17 18:45:01,388 [om1-impl-thread1] INFO  server.RaftServerConfigKeys (ConfUtils.java:logGet(46)) - raft.server.log.unsafe-flush.enabled = false (default)
2023-10-17 18:45:01,388 [om1-impl-thread1] INFO  server.RaftServerConfigKeys (ConfUtils.java:logGet(46)) - raft.server.log.async-flush.enabled = false (default)
2023-10-17 18:45:01,388 [om1-impl-thread1] INFO  server.RaftServerConfigKeys (ConfUtils.java:logGet(46)) - raft.server.log.statemachine.data.caching.enabled = false (default)
2023-10-17 18:45:01,388 [om1-impl-thread1] INFO  segmented.SegmentedRaftLogWorker (SegmentedRaftLogWorker.java:lambda$new$0(135)) - om1@group-C5BA1605619E-SegmentedRaftLogWorker: flushIndex: setUnconditionally 0 -> -1
2023-10-17 18:45:01,388 [om1-impl-thread1] INFO  segmented.SegmentedRaftLogWorker (SegmentedRaftLogWorker.java:lambda$new$0(135)) - om1@group-C5BA1605619E-SegmentedRaftLogWorker: safeCacheEvictIndex: setUnconditionally 0 -> -1
2023-10-17 18:45:01,390 [om1-impl-thread1] INFO  server.RaftServer$Division (RaftServerImpl.java:start(342)) - om1@group-C5BA1605619E: start as a follower, conf=-1: peers:[om1|rpc:localhost:15181|priority:0|startupRole:FOLLOWER]|listeners:[], old=null
2023-10-17 18:45:01,390 [om1-impl-thread1] INFO  server.RaftServer$Division (RaftServerImpl.java:setRole(329)) - om1@group-C5BA1605619E: changes role from      null to FOLLOWER at term 0 for startAsFollower
2023-10-17 18:45:01,390 [om1-impl-thread1] INFO  impl.RoleInfo (RoleInfo.java:updateAndGet(139)) - om1: start om1@group-C5BA1605619E-FollowerState
2023-10-17 18:45:01,391 [om1-impl-thread1] INFO  util.JmxRegister (JmxRegister.java:tryRegister(44)) - Successfully registered JMX Bean with object name Ratis:service=RaftServer,group=group-C5BA1605619E,id=om1
2023-10-17 18:45:01,391 [om1-impl-thread1] INFO  server.RaftServerConfigKeys (ConfUtils.java:logGet(46)) - raft.server.snapshot.auto.trigger.enabled = true (custom)
2023-10-17 18:45:01,391 [om1-impl-thread1] INFO  server.RaftServerConfigKeys (ConfUtils.java:logGet(46)) - raft.server.snapshot.auto.trigger.threshold = 400000 (default)
2023-10-17 18:45:01,391 [om1-impl-thread1] INFO  server.RaftServerConfigKeys (ConfUtils.java:logGet(46)) - raft.server.snapshot.retention.file.num = -1 (default)
2023-10-17 18:45:01,391 [om1-impl-thread1] INFO  server.RaftServerConfigKeys (ConfUtils.java:logGet(46)) - raft.server.log.purge.upto.snapshot.index = true (custom)
2023-10-17 18:45:01,391 [om1@group-C5BA1605619E-FollowerState] INFO  server.RaftServerConfigKeys (ConfUtils.java:logFallback(53)) - raft.server.rpc.first-election.timeout.min = 1s (fallback to raft.server.rpc.timeout.min)
2023-10-17 18:45:01,391 [om1@group-C5BA1605619E-FollowerState] INFO  server.RaftServerConfigKeys (ConfUtils.java:logFallback(53)) - raft.server.rpc.first-election.timeout.max = 1200ms (fallback to raft.server.rpc.timeout.max)
2023-10-17 18:45:01,393 [Time-limited test] INFO  server.RaftServer (RaftServerProxy.java:startImpl(400)) - om1: start RPC server
2023-10-17 18:45:01,396 [Time-limited test] INFO  server.GrpcService (GrpcService.java:startImpl(302)) - om1: GrpcService started, listening on 15181
2023-10-17 18:45:01,396 [Time-limited test] INFO  om.OzoneManager (OzoneManager.java:start(1651)) - Version File has different layout version (6) than OM DB (null). That is expected if this OM has never been finalized to a newer layout version.
2023-10-17 18:45:01,397 [JvmPauseMonitor28] INFO  util.JvmPauseMonitor (JvmPauseMonitor.java:run(103)) - JvmPauseMonitor-om1: Started
2023-10-17 18:45:01,403 [Time-limited test] INFO  http.BaseHttpServer (BaseHttpServer.java:newHttpServer2BuilderForOzone(223)) - Starting Web-server for ozoneManager at: http://0.0.0.0:15179
2023-10-17 18:45:01,403 [Time-limited test] INFO  http.BaseHttpServer (BaseHttpServer.java:<init>(110)) - Hadoop Security Enabled: false Ozone Security Enabled: false Ozone HTTP Security Enabled: false 
2023-10-17 18:45:01,404 [Time-limited test] WARN  server.AuthenticationFilter (AuthenticationFilter.java:constructSecretProvider(240)) - Unable to initialize FileSignerSecretProvider, falling back to use random secrets. Reason: Could not read signature secret file: /home/runner/hadoop-http-auth-signature-secret
2023-10-17 18:45:01,406 [Time-limited test] INFO  http.HttpRequestLog (HttpRequestLog.java:getRequestLog(86)) - Http request log for http.requests.ozoneManager is not defined
2023-10-17 18:45:01,407 [Time-limited test] INFO  http.HttpServer2 (HttpServer2.java:addGlobalFilter(1031)) - Added global filter 'safety' (class=org.apache.hadoop.hdds.server.http.HttpServer2$QuotingInputFilter)
2023-10-17 18:45:01,408 [Time-limited test] INFO  http.HttpServer2 (HttpServer2.java:addFilter(1007)) - Added filter static_user_filter (class=org.apache.hadoop.http.lib.StaticUserWebFilter$StaticUserFilter) to context ozoneManager
2023-10-17 18:45:01,408 [Time-limited test] INFO  http.HttpServer2 (HttpServer2.java:addFilter(1015)) - Added filter static_user_filter (class=org.apache.hadoop.http.lib.StaticUserWebFilter$StaticUserFilter) to context static
2023-10-17 18:45:01,408 [Time-limited test] INFO  http.HttpServer2 (HttpServer2.java:addFilter(1015)) - Added filter static_user_filter (class=org.apache.hadoop.http.lib.StaticUserWebFilter$StaticUserFilter) to context logs
2023-10-17 18:45:01,408 [Time-limited test] INFO  http.BaseHttpServer (BaseHttpServer.java:<init>(189)) - HTTP server of ozoneManager uses base directory /home/runner/work/ozone/ozone/hadoop-ozone/integration-test/target/test-dir/MiniOzoneClusterImpl-14327f45-78e1-4847-8051-3610e19f479d/ozone-meta/webserver
2023-10-17 18:45:01,408 [Time-limited test] INFO  http.HttpServer2 (HttpServer2.java:bindListener(1231)) - Jetty bound to port 15179
2023-10-17 18:45:01,408 [Time-limited test] INFO  server.Server (Server.java:doStart(375)) - jetty-9.4.53.v20231009; built: 2023-10-09T12:29:09.265Z; git: 27bde00a0b95a1d5bbee0eae7984f891d2d0f8c9; jvm 1.8.0_382-b05
2023-10-17 18:45:01,412 [Time-limited test] INFO  server.session (DefaultSessionIdManager.java:doStart(334)) - DefaultSessionIdManager workerName=node0
2023-10-17 18:45:01,412 [Time-limited test] INFO  server.session (DefaultSessionIdManager.java:doStart(339)) - No SessionScavenger set, using defaults
2023-10-17 18:45:01,413 [Time-limited test] INFO  server.session (HouseKeeper.java:startScavenging(132)) - node0 Scavenging every 600000ms
2023-10-17 18:45:01,414 [Time-limited test] INFO  handler.ContextHandler (ContextHandler.java:doStart(921)) - Started o.e.j.s.ServletContextHandler@d03fc64{logs,/logs,file:///home/runner/work/ozone/ozone/hadoop-ozone/integration-test/target/log,AVAILABLE}
2023-10-17 18:45:01,414 [Time-limited test] INFO  handler.ContextHandler (ContextHandler.java:doStart(921)) - Started o.e.j.s.ServletContextHandler@413181d7{static,/static,file:///home/runner/work/ozone/ozone/hadoop-ozone/integration-test/target/test-classes/webapps/static,AVAILABLE}
2023-10-17 18:45:01,416 [Time-limited test] INFO  handler.ContextHandler (ContextHandler.java:doStart(921)) - Started o.e.j.w.WebAppContext@4686e45c{ozoneManager,/,file:///home/runner/work/ozone/ozone/hadoop-ozone/integration-test/target/test-classes/webapps/ozoneManager/,AVAILABLE}{file:/home/runner/work/ozone/ozone/hadoop-ozone/integration-test/target/test-classes/webapps/ozoneManager}
2023-10-17 18:45:01,424 [Time-limited test] INFO  server.AbstractConnector (AbstractConnector.java:doStart(333)) - Started ServerConnector@559e79f0{HTTP/1.1, (http/1.1)}{0.0.0.0:15179}
2023-10-17 18:45:01,424 [Time-limited test] INFO  server.Server (Server.java:doStart(415)) - Started @162138ms
2023-10-17 18:45:01,424 [Time-limited test] WARN  impl.MetricsSystemImpl (MetricsSystemImpl.java:register(279)) - Sink prometheus already exists!
2023-10-17 18:45:01,425 [Time-limited test] INFO  http.BaseHttpServer (BaseHttpServer.java:updateConnectorAddress(354)) - HTTP server of ozoneManager listening at http://0.0.0.0:15179
2023-10-17 18:45:01,425 [IPC Server Responder] INFO  ipc.Server (Server.java:run(1562)) - IPC Server Responder: starting
2023-10-17 18:45:01,425 [IPC Server listener on 15178] INFO  ipc.Server (Server.java:run(1402)) - IPC Server listener on 15178: starting
2023-10-17 18:45:01,427 [Time-limited test] INFO  om.OzoneManager (OzoneManager.java:startTrashEmptier(2100)) - Trash Interval set to 0. Files deleted won't move to trash
2023-10-17 18:45:01,443 [Time-limited test] WARN  impl.MetricRegistriesImpl (MetricRegistriesImpl.java:addReporterRegistration(111)) - New reporters are added after registries were created. Some metrics will be missing from the reporter. Please add reporter before adding any new registry.
2023-10-17 18:45:01,443 [Time-limited test] WARN  impl.MetricRegistriesImpl (MetricRegistriesImpl.java:addReporterRegistration(111)) - New reporters are added after registries were created. Some metrics will be missing from the reporter. Please add reporter before adding any new registry.
2023-10-17 18:45:01,443 [Time-limited test] INFO  impl.MetricsSystemImpl (MetricsSystemImpl.java:init(158)) - HddsDatanode metrics system started (again)
2023-10-17 18:45:01,463 [Time-limited test] INFO  ozone.HddsDatanodeService (HddsDatanodeService.java:start(240)) - HddsDatanodeService host:fv-az189-115 ip:10.1.0.25
2023-10-17 18:45:01,483 [Time-limited test] INFO  upgrade.AbstractLayoutVersionManager (AbstractLayoutVersionManager.java:init(83)) - Initializing Layout version manager with metadata layout = HADOOP_PRC_PORTS_IN_DATANODEDETAILS (version = 7), software layout = HADOOP_PRC_PORTS_IN_DATANODEDETAILS (version = 7)
2023-10-17 18:45:01,484 [Time-limited test] INFO  statemachine.DatanodeStateMachine (DatanodeStateMachine.java:getEndPointTaskThreadPoolSize(290)) - Datanode State Machine Task Thread Pool size 2
2023-10-17 18:45:01,489 [Time-limited test] INFO  volume.HddsVolume (HddsVolume.java:<init>(126)) - Creating HddsVolume: /home/runner/work/ozone/ozone/hadoop-ozone/integration-test/target/test-dir/MiniOzoneClusterImpl-14327f45-78e1-4847-8051-3610e19f479d/datanode-0/data-0/containers/hdds of storage type : DISK capacity : 9223372036854775807
2023-10-17 18:45:01,489 [Time-limited test] INFO  volume.MutableVolumeSet (MutableVolumeSet.java:initializeVolumeSet(173)) - Added Volume : /home/runner/work/ozone/ozone/hadoop-ozone/integration-test/target/test-dir/MiniOzoneClusterImpl-14327f45-78e1-4847-8051-3610e19f479d/datanode-0/data-0/containers/hdds to VolumeSet
2023-10-17 18:45:01,490 [Time-limited test] INFO  volume.MutableVolumeSet (MutableVolumeSet.java:initializeVolumeSet(173)) - Added Volume : /home/runner/work/ozone/ozone/hadoop-ozone/integration-test/target/test-dir/MiniOzoneClusterImpl-14327f45-78e1-4847-8051-3610e19f479d/datanode-0/data/ratis to VolumeSet
2023-10-17 18:45:01,490 [Thread-2643] INFO  ozoneimpl.ContainerReader (ContainerReader.java:readVolume(177)) - Finish verifying containers on volume /home/runner/work/ozone/ozone/hadoop-ozone/integration-test/target/test-dir/MiniOzoneClusterImpl-14327f45-78e1-4847-8051-3610e19f479d/datanode-0/data-0/containers/hdds
2023-10-17 18:45:01,490 [Time-limited test] INFO  ozoneimpl.OzoneContainer (OzoneContainer.java:buildContainerSet(316)) - Build ContainerSet costs 0s
2023-10-17 18:45:01,492 [Time-limited test] INFO  server.RaftServer (ConfUtils.java:logGet(46)) - raft.rpc.type = GRPC (default)
2023-10-17 18:45:01,492 [Time-limited test] INFO  grpc.GrpcConfigKeys (ConfUtils.java:logFallback(53)) - raft.grpc.admin.host = null (fallback to raft.grpc.server.host)
2023-10-17 18:45:01,492 [Time-limited test] INFO  grpc.GrpcConfigKeys (ConfUtils.java:logGet(46)) - raft.grpc.admin.port = 15187 (custom)
2023-10-17 18:45:01,492 [Time-limited test] INFO  grpc.GrpcConfigKeys (ConfUtils.java:logFallback(53)) - raft.grpc.client.host = null (fallback to raft.grpc.server.host)
2023-10-17 18:45:01,492 [Time-limited test] INFO  grpc.GrpcConfigKeys (ConfUtils.java:logGet(46)) - raft.grpc.client.port = 15186 (custom)
2023-10-17 18:45:01,492 [Time-limited test] INFO  grpc.GrpcConfigKeys (ConfUtils.java:logGet(46)) - raft.grpc.server.host = null (default)
2023-10-17 18:45:01,492 [Time-limited test] INFO  grpc.GrpcConfigKeys (ConfUtils.java:logGet(46)) - raft.grpc.server.port = 15188 (custom)
2023-10-17 18:45:01,493 [Time-limited test] INFO  server.GrpcService (ConfUtils.java:logGet(46)) - raft.grpc.message.size.max = 32MB (=33554432) (custom)
2023-10-17 18:45:01,493 [Time-limited test] INFO  server.RaftServerConfigKeys (ConfUtils.java:logGet(46)) - raft.server.log.appender.buffer.byte-limit = 33554432 (custom)
2023-10-17 18:45:01,493 [Time-limited test] INFO  server.GrpcService (ConfUtils.java:logGet(46)) - raft.grpc.flow.control.window = 5MB (=5242880) (custom)
2023-10-17 18:45:01,493 [Time-limited test] INFO  server.RaftServerConfigKeys (ConfUtils.java:logGet(46)) - raft.server.rpc.request.timeout = 60s (custom)
2023-10-17 18:45:01,493 [Time-limited test] INFO  grpc.GrpcConfigKeys (ConfUtils.java:logGet(46)) - raft.grpc.server.heartbeat.channel = true (default)
2023-10-17 18:45:01,493 [Time-limited test] INFO  grpc.GrpcConfigKeys (ConfUtils.java:logGet(46)) - raft.grpc.server.async.request.thread.pool.cached = true (default)
2023-10-17 18:45:01,493 [Time-limited test] INFO  grpc.GrpcConfigKeys (ConfUtils.java:logGet(46)) - raft.grpc.server.async.request.thread.pool.size = 32 (default)
2023-10-17 18:45:01,496 [Time-limited test] INFO  impl.DataStreamServerImpl (ConfUtils.java:logGet(46)) - raft.datastream.type = NETTY (custom)
2023-10-17 18:45:01,497 [Time-limited test] INFO  server.RaftServerConfigKeys (ConfUtils.java:logGet(46)) - raft.server.data-stream.async.request.thread.pool.cached = false (default)
2023-10-17 18:45:01,497 [Time-limited test] INFO  server.RaftServerConfigKeys (ConfUtils.java:logGet(46)) - raft.server.data-stream.async.request.thread.pool.size = 20 (custom)
2023-10-17 18:45:01,497 [Time-limited test] INFO  server.RaftServerConfigKeys (ConfUtils.java:logGet(46)) - raft.server.data-stream.async.write.thread.pool.size = 16 (default)
2023-10-17 18:45:01,497 [Time-limited test] INFO  server.RaftServerConfigKeys (ConfUtils.java:logGet(46)) - raft.server.data-stream.client.pool.size = 10 (default)
2023-10-17 18:45:01,497 [Time-limited test] INFO  netty.NettyConfigKeys$DataStream (ConfUtils.java:logGet(46)) - raft.netty.dataStream.server.use-epoll = false (default)
2023-10-17 18:45:01,497 [Time-limited test] INFO  netty.NettyConfigKeys$DataStream (ConfUtils.java:logGet(46)) - raft.netty.dataStream.server.boss-group.size = 0 (default)
2023-10-17 18:45:01,497 [Time-limited test] INFO  netty.NettyConfigKeys$DataStream (ConfUtils.java:logGet(46)) - raft.netty.dataStream.server.worker-group.size = 0 (default)
2023-10-17 18:45:01,498 [Time-limited test] INFO  netty.NettyConfigKeys$DataStream (ConfUtils.java:logGet(46)) - raft.netty.dataStream.server.tls.conf = null (default)
2023-10-17 18:45:01,498 [Time-limited test] INFO  netty.NettyConfigKeys$DataStream (ConfUtils.java:logGet(46)) - raft.netty.dataStream.host = null (default)
2023-10-17 18:45:01,498 [Time-limited test] INFO  netty.NettyConfigKeys$DataStream (ConfUtils.java:logGet(46)) - raft.netty.dataStream.port = 15189 (custom)
2023-10-17 18:45:01,498 [Time-limited test] INFO  server.RaftServerConfigKeys (ConfUtils.java:logGet(46)) - raft.server.threadpool.proxy.cached = true (default)
2023-10-17 18:45:01,498 [Time-limited test] INFO  server.RaftServerConfigKeys (ConfUtils.java:logGet(46)) - raft.server.threadpool.proxy.size = 0 (default)
2023-10-17 18:45:01,498 [Time-limited test] INFO  server.RaftServerConfigKeys (ConfUtils.java:logGet(46)) - raft.server.rpc.slowness.timeout = 300s (custom)
2023-10-17 18:45:01,498 [Time-limited test] INFO  server.RaftServerConfigKeys (ConfUtils.java:logGet(46)) - raft.server.leaderelection.leader.step-down.wait-time = 10s (default)
2023-10-17 18:45:01,499 [Time-limited test] INFO  server.RaftServerConfigKeys (ConfUtils.java:logGet(46)) - raft.server.storage.dir = [/home/runner/work/ozone/ozone/hadoop-ozone/integration-test/target/test-dir/MiniOzoneClusterImpl-14327f45-78e1-4847-8051-3610e19f479d/datanode-0/data/ratis] (custom)
2023-10-17 18:45:01,499 [57da0847-4950-4ea9-a1de-cd2dacb809d4-NettyServerStreamRpc-bossGroup--thread1] INFO  logging.LoggingHandler (AbstractInternalLogger.java:log(148)) - [id: 0xb4708312] REGISTERED
2023-10-17 18:45:01,499 [57da0847-4950-4ea9-a1de-cd2dacb809d4-NettyServerStreamRpc-bossGroup--thread1] INFO  logging.LoggingHandler (AbstractInternalLogger.java:log(148)) - [id: 0xb4708312] BIND: 0.0.0.0/0.0.0.0:15189
2023-10-17 18:45:01,499 [57da0847-4950-4ea9-a1de-cd2dacb809d4-NettyServerStreamRpc-bossGroup--thread1] INFO  logging.LoggingHandler (AbstractInternalLogger.java:log(148)) - [id: 0xb4708312, L:/0:0:0:0:0:0:0:0:15189] ACTIVE
2023-10-17 18:45:01,502 [57da0847-4950-4ea9-a1de-cd2dacb809d4-impl-thread1] INFO  server.RaftServer (RaftServerProxy.java:initGroupDir(258)) - 57da0847-4950-4ea9-a1de-cd2dacb809d4: found a subdirectory /home/runner/work/ozone/ozone/hadoop-ozone/integration-test/target/test-dir/MiniOzoneClusterImpl-14327f45-78e1-4847-8051-3610e19f479d/datanode-0/data/ratis/tmp
2023-10-17 18:45:01,502 [57da0847-4950-4ea9-a1de-cd2dacb809d4-impl-thread1] INFO  server.RaftServer (RaftServerProxy.java:initGroupDir(263)) - 57da0847-4950-4ea9-a1de-cd2dacb809d4: The directory /home/runner/work/ozone/ozone/hadoop-ozone/integration-test/target/test-dir/MiniOzoneClusterImpl-14327f45-78e1-4847-8051-3610e19f479d/datanode-0/data/ratis/tmp is not a group directory; ignoring it. 
2023-10-17 18:45:01,503 [Time-limited test] INFO  replication.ReplicationServer (ReplicationServer.java:<init>(83)) - Initializing replication server with thread count = 10 queue length = 4096
2023-10-17 18:45:01,504 [Time-limited test] INFO  server.XceiverServerGrpc (XceiverServerGrpc.java:<init>(132)) - GrpcServer channel type EpollServerSocketChannel
2023-10-17 18:45:01,505 [Time-limited test] INFO  replication.ReplicationSupervisor (ReplicationSupervisor.java:build(155)) - Initializing replication supervisor with thread count = 10
2023-10-17 18:45:01,505 [Time-limited test] INFO  replication.ReplicationSupervisor (ReplicationSupervisor.java:nodeStateUpdated(307)) - Node state updated to IN_SERVICE, scaling executor pool size to 10
2023-10-17 18:45:01,509 [Time-limited test] INFO  http.BaseHttpServer (BaseHttpServer.java:newHttpServer2BuilderForOzone(223)) - Starting Web-server for hddsDatanode at: http://0.0.0.0:15183
2023-10-17 18:45:01,509 [Time-limited test] INFO  http.BaseHttpServer (BaseHttpServer.java:<init>(110)) - Hadoop Security Enabled: false Ozone Security Enabled: false Ozone HTTP Security Enabled: false 
2023-10-17 18:45:01,511 [Time-limited test] WARN  server.AuthenticationFilter (AuthenticationFilter.java:constructSecretProvider(240)) - Unable to initialize FileSignerSecretProvider, falling back to use random secrets. Reason: Could not read signature secret file: /home/runner/hadoop-http-auth-signature-secret
2023-10-17 18:45:01,513 [Time-limited test] INFO  http.HttpRequestLog (HttpRequestLog.java:getRequestLog(86)) - Http request log for http.requests.hddsDatanode is not defined
2023-10-17 18:45:01,516 [Time-limited test] INFO  http.HttpServer2 (HttpServer2.java:addGlobalFilter(1031)) - Added global filter 'safety' (class=org.apache.hadoop.hdds.server.http.HttpServer2$QuotingInputFilter)
2023-10-17 18:45:01,517 [Time-limited test] INFO  http.HttpServer2 (HttpServer2.java:addFilter(1007)) - Added filter static_user_filter (class=org.apache.hadoop.http.lib.StaticUserWebFilter$StaticUserFilter) to context hddsDatanode
2023-10-17 18:45:01,517 [Time-limited test] INFO  http.HttpServer2 (HttpServer2.java:addFilter(1015)) - Added filter static_user_filter (class=org.apache.hadoop.http.lib.StaticUserWebFilter$StaticUserFilter) to context logs
2023-10-17 18:45:01,517 [Time-limited test] INFO  http.HttpServer2 (HttpServer2.java:addFilter(1015)) - Added filter static_user_filter (class=org.apache.hadoop.http.lib.StaticUserWebFilter$StaticUserFilter) to context static
2023-10-17 18:45:01,517 [Time-limited test] INFO  http.BaseHttpServer (BaseHttpServer.java:<init>(189)) - HTTP server of hddsDatanode uses base directory /home/runner/work/ozone/ozone/hadoop-ozone/integration-test/target/test-dir/MiniOzoneClusterImpl-14327f45-78e1-4847-8051-3610e19f479d/datanode-0/meta/webserver
2023-10-17 18:45:01,517 [Time-limited test] INFO  http.HttpServer2 (HttpServer2.java:bindListener(1231)) - Jetty bound to port 15183
2023-10-17 18:45:01,517 [Time-limited test] INFO  server.Server (Server.java:doStart(375)) - jetty-9.4.53.v20231009; built: 2023-10-09T12:29:09.265Z; git: 27bde00a0b95a1d5bbee0eae7984f891d2d0f8c9; jvm 1.8.0_382-b05
2023-10-17 18:45:01,519 [Time-limited test] INFO  server.session (DefaultSessionIdManager.java:doStart(334)) - DefaultSessionIdManager workerName=node0
2023-10-17 18:45:01,520 [Time-limited test] INFO  server.session (DefaultSessionIdManager.java:doStart(339)) - No SessionScavenger set, using defaults
2023-10-17 18:45:01,520 [Time-limited test] INFO  server.session (HouseKeeper.java:startScavenging(132)) - node0 Scavenging every 660000ms
2023-10-17 18:45:01,520 [Time-limited test] INFO  handler.ContextHandler (ContextHandler.java:doStart(921)) - Started o.e.j.s.ServletContextHandler@23bb6092{logs,/logs,file:///home/runner/work/ozone/ozone/hadoop-ozone/integration-test/target/log,AVAILABLE}
2023-10-17 18:45:01,521 [Time-limited test] INFO  handler.ContextHandler (ContextHandler.java:doStart(921)) - Started o.e.j.s.ServletContextHandler@6d10275d{static,/static,jar:file:/home/runner/.m2/repository/org/apache/ozone/hdds-container-service/1.4.0-SNAPSHOT/hdds-container-service-1.4.0-SNAPSHOT.jar!/webapps/static,AVAILABLE}
2023-10-17 18:45:01,732 [Time-limited test] INFO  handler.ContextHandler (ContextHandler.java:doStart(921)) - Started o.e.j.w.WebAppContext@477fad3{hddsDatanode,/,file:///home/runner/work/ozone/ozone/hadoop-ozone/integration-test/target/test-dir/MiniOzoneClusterImpl-14327f45-78e1-4847-8051-3610e19f479d/datanode-0/meta/webserver/jetty-0_0_0_0-15183-hdds-container-service-1_4_0-SNAPSHOT_jar-_-any-3094053655003466383/webapp/,AVAILABLE}{jar:file:/home/runner/.m2/repository/org/apache/ozone/hdds-container-service/1.4.0-SNAPSHOT/hdds-container-service-1.4.0-SNAPSHOT.jar!/webapps/hddsDatanode}
2023-10-17 18:45:01,733 [Time-limited test] INFO  server.AbstractConnector (AbstractConnector.java:doStart(333)) - Started ServerConnector@c85c186{HTTP/1.1, (http/1.1)}{0.0.0.0:15183}
2023-10-17 18:45:01,733 [Time-limited test] INFO  server.Server (Server.java:doStart(415)) - Started @162448ms
2023-10-17 18:45:01,733 [Time-limited test] WARN  impl.MetricsSystemImpl (MetricsSystemImpl.java:register(279)) - Sink prometheus already exists!
2023-10-17 18:45:01,734 [Time-limited test] INFO  http.BaseHttpServer (BaseHttpServer.java:updateConnectorAddress(354)) - HTTP server of hddsDatanode listening at http://0.0.0.0:15183
2023-10-17 18:45:01,734 [Time-limited test] INFO  ipc.CallQueueManager (CallQueueManager.java:<init>(90)) - Using callQueue: class java.util.concurrent.LinkedBlockingQueue, queueCapacity: 100, scheduler: class org.apache.hadoop.ipc.DefaultRpcScheduler, ipcBackoff: false.
2023-10-17 18:45:01,735 [Time-limited test] INFO  ipc.Server (Server.java:<init>(1287)) - Listener at 0.0.0.0:15184
2023-10-17 18:45:01,735 [Socket Reader #1 for port 15184] INFO  ipc.Server (Server.java:run(1323)) - Starting Socket Reader #1 for port 15184
2023-10-17 18:45:01,741 [Time-limited test] INFO  ozone.HddsDatanodeService (HddsDatanodeService.java:start(325)) - Datanode start with admins: [adminUser1, adminUser2, runner]
2023-10-17 18:45:01,741 [Time-limited test] INFO  ozone.HddsDatanodeClientProtocolServer (HddsDatanodeClientProtocolServer.java:start(72)) - RPC server for Client /0.0.0.0:15184
2023-10-17 18:45:01,741 [IPC Server Responder] INFO  ipc.Server (Server.java:run(1562)) - IPC Server Responder: starting
2023-10-17 18:45:01,742 [IPC Server listener on 15184] INFO  ipc.Server (Server.java:run(1402)) - IPC Server listener on 15184: starting
2023-10-17 18:45:01,742 [Time-limited test] WARN  impl.MetricRegistriesImpl (MetricRegistriesImpl.java:addReporterRegistration(111)) - New reporters are added after registries were created. Some metrics will be missing from the reporter. Please add reporter before adding any new registry.
2023-10-17 18:45:01,742 [Time-limited test] WARN  impl.MetricRegistriesImpl (MetricRegistriesImpl.java:addReporterRegistration(111)) - New reporters are added after registries were created. Some metrics will be missing from the reporter. Please add reporter before adding any new registry.
2023-10-17 18:45:01,742 [Time-limited test] INFO  impl.MetricsSystemImpl (MetricsSystemImpl.java:init(158)) - HddsDatanode metrics system started (again)
2023-10-17 18:45:01,754 [Datanode State Machine Daemon Thread] INFO  statemachine.DatanodeStateMachine (DatanodeStateMachine.java:lambda$startDaemon$1(546)) - Ozone container server started.
2023-10-17 18:45:01,763 [Datanode State Machine Task Thread - 0] INFO  datanode.InitDatanodeState (InitDatanodeState.java:persistContainerDatanodeDetails(138)) - DatanodeDetails is persisted to /home/runner/work/ozone/ozone/hadoop-ozone/integration-test/target/test-dir/MiniOzoneClusterImpl-14327f45-78e1-4847-8051-3610e19f479d/datanode-0/meta/datanode.id
2023-10-17 18:45:01,767 [Time-limited test] INFO  ozone.HddsDatanodeService (HddsDatanodeService.java:start(240)) - HddsDatanodeService host:fv-az189-115 ip:10.1.0.25
2023-10-17 18:45:01,802 [Time-limited test] INFO  upgrade.AbstractLayoutVersionManager (AbstractLayoutVersionManager.java:init(83)) - Initializing Layout version manager with metadata layout = HADOOP_PRC_PORTS_IN_DATANODEDETAILS (version = 7), software layout = HADOOP_PRC_PORTS_IN_DATANODEDETAILS (version = 7)
2023-10-17 18:45:01,803 [Time-limited test] INFO  statemachine.DatanodeStateMachine (DatanodeStateMachine.java:getEndPointTaskThreadPoolSize(290)) - Datanode State Machine Task Thread Pool size 2
2023-10-17 18:45:01,804 [Time-limited test] INFO  volume.HddsVolume (HddsVolume.java:<init>(126)) - Creating HddsVolume: /home/runner/work/ozone/ozone/hadoop-ozone/integration-test/target/test-dir/MiniOzoneClusterImpl-14327f45-78e1-4847-8051-3610e19f479d/datanode-1/data-0/containers/hdds of storage type : DISK capacity : 9223372036854775807
2023-10-17 18:45:01,804 [Time-limited test] INFO  volume.MutableVolumeSet (MutableVolumeSet.java:initializeVolumeSet(173)) - Added Volume : /home/runner/work/ozone/ozone/hadoop-ozone/integration-test/target/test-dir/MiniOzoneClusterImpl-14327f45-78e1-4847-8051-3610e19f479d/datanode-1/data-0/containers/hdds to VolumeSet
2023-10-17 18:45:01,805 [Time-limited test] INFO  volume.MutableVolumeSet (MutableVolumeSet.java:initializeVolumeSet(173)) - Added Volume : /home/runner/work/ozone/ozone/hadoop-ozone/integration-test/target/test-dir/MiniOzoneClusterImpl-14327f45-78e1-4847-8051-3610e19f479d/datanode-1/data/ratis to VolumeSet
2023-10-17 18:45:01,805 [Thread-2660] INFO  ozoneimpl.ContainerReader (ContainerReader.java:readVolume(177)) - Finish verifying containers on volume /home/runner/work/ozone/ozone/hadoop-ozone/integration-test/target/test-dir/MiniOzoneClusterImpl-14327f45-78e1-4847-8051-3610e19f479d/datanode-1/data-0/containers/hdds
2023-10-17 18:45:01,806 [Time-limited test] INFO  ozoneimpl.OzoneContainer (OzoneContainer.java:buildContainerSet(316)) - Build ContainerSet costs 0s
2023-10-17 18:45:01,807 [Time-limited test] INFO  server.RaftServer (ConfUtils.java:logGet(46)) - raft.rpc.type = GRPC (default)
2023-10-17 18:45:01,808 [Time-limited test] INFO  grpc.GrpcConfigKeys (ConfUtils.java:logFallback(53)) - raft.grpc.admin.host = null (fallback to raft.grpc.server.host)
2023-10-17 18:45:01,808 [Time-limited test] INFO  grpc.GrpcConfigKeys (ConfUtils.java:logGet(46)) - raft.grpc.admin.port = 15196 (custom)
2023-10-17 18:45:01,808 [Time-limited test] INFO  grpc.GrpcConfigKeys (ConfUtils.java:logFallback(53)) - raft.grpc.client.host = null (fallback to raft.grpc.server.host)
2023-10-17 18:45:01,808 [Time-limited test] INFO  grpc.GrpcConfigKeys (ConfUtils.java:logGet(46)) - raft.grpc.client.port = 15195 (custom)
2023-10-17 18:45:01,808 [Time-limited test] INFO  grpc.GrpcConfigKeys (ConfUtils.java:logGet(46)) - raft.grpc.server.host = null (default)
2023-10-17 18:45:01,808 [Time-limited test] INFO  grpc.GrpcConfigKeys (ConfUtils.java:logGet(46)) - raft.grpc.server.port = 15197 (custom)
2023-10-17 18:45:01,808 [Time-limited test] INFO  server.GrpcService (ConfUtils.java:logGet(46)) - raft.grpc.message.size.max = 32MB (=33554432) (custom)
2023-10-17 18:45:01,808 [Time-limited test] INFO  server.RaftServerConfigKeys (ConfUtils.java:logGet(46)) - raft.server.log.appender.buffer.byte-limit = 33554432 (custom)
2023-10-17 18:45:01,808 [Time-limited test] INFO  server.GrpcService (ConfUtils.java:logGet(46)) - raft.grpc.flow.control.window = 5MB (=5242880) (custom)
2023-10-17 18:45:01,808 [Time-limited test] INFO  server.RaftServerConfigKeys (ConfUtils.java:logGet(46)) - raft.server.rpc.request.timeout = 60s (custom)
2023-10-17 18:45:01,808 [Time-limited test] INFO  grpc.GrpcConfigKeys (ConfUtils.java:logGet(46)) - raft.grpc.server.heartbeat.channel = true (default)
2023-10-17 18:45:01,808 [Time-limited test] INFO  grpc.GrpcConfigKeys (ConfUtils.java:logGet(46)) - raft.grpc.server.async.request.thread.pool.cached = true (default)
2023-10-17 18:45:01,808 [Time-limited test] INFO  grpc.GrpcConfigKeys (ConfUtils.java:logGet(46)) - raft.grpc.server.async.request.thread.pool.size = 32 (default)
2023-10-17 18:45:01,811 [Time-limited test] INFO  impl.DataStreamServerImpl (ConfUtils.java:logGet(46)) - raft.datastream.type = NETTY (custom)
2023-10-17 18:45:01,811 [Time-limited test] INFO  server.RaftServerConfigKeys (ConfUtils.java:logGet(46)) - raft.server.data-stream.async.request.thread.pool.cached = false (default)
2023-10-17 18:45:01,811 [Time-limited test] INFO  server.RaftServerConfigKeys (ConfUtils.java:logGet(46)) - raft.server.data-stream.async.request.thread.pool.size = 20 (custom)
2023-10-17 18:45:01,811 [Time-limited test] INFO  server.RaftServerConfigKeys (ConfUtils.java:logGet(46)) - raft.server.data-stream.async.write.thread.pool.size = 16 (default)
2023-10-17 18:45:01,811 [Time-limited test] INFO  server.RaftServerConfigKeys (ConfUtils.java:logGet(46)) - raft.server.data-stream.client.pool.size = 10 (default)
2023-10-17 18:45:01,811 [Time-limited test] INFO  netty.NettyConfigKeys$DataStream (ConfUtils.java:logGet(46)) - raft.netty.dataStream.server.use-epoll = false (default)
2023-10-17 18:45:01,811 [Time-limited test] INFO  netty.NettyConfigKeys$DataStream (ConfUtils.java:logGet(46)) - raft.netty.dataStream.server.boss-group.size = 0 (default)
2023-10-17 18:45:01,812 [Time-limited test] INFO  netty.NettyConfigKeys$DataStream (ConfUtils.java:logGet(46)) - raft.netty.dataStream.server.worker-group.size = 0 (default)
2023-10-17 18:45:01,812 [Time-limited test] INFO  netty.NettyConfigKeys$DataStream (ConfUtils.java:logGet(46)) - raft.netty.dataStream.server.tls.conf = null (default)
2023-10-17 18:45:01,812 [Time-limited test] INFO  netty.NettyConfigKeys$DataStream (ConfUtils.java:logGet(46)) - raft.netty.dataStream.host = null (default)
2023-10-17 18:45:01,812 [Time-limited test] INFO  netty.NettyConfigKeys$DataStream (ConfUtils.java:logGet(46)) - raft.netty.dataStream.port = 15198 (custom)
2023-10-17 18:45:01,813 [Time-limited test] INFO  server.RaftServerConfigKeys (ConfUtils.java:logGet(46)) - raft.server.threadpool.proxy.cached = true (default)
2023-10-17 18:45:01,813 [Time-limited test] INFO  server.RaftServerConfigKeys (ConfUtils.java:logGet(46)) - raft.server.threadpool.proxy.size = 0 (default)
2023-10-17 18:45:01,813 [Time-limited test] INFO  server.RaftServerConfigKeys (ConfUtils.java:logGet(46)) - raft.server.rpc.slowness.timeout = 300s (custom)
2023-10-17 18:45:01,813 [Time-limited test] INFO  server.RaftServerConfigKeys (ConfUtils.java:logGet(46)) - raft.server.leaderelection.leader.step-down.wait-time = 10s (default)
2023-10-17 18:45:01,813 [Time-limited test] INFO  server.RaftServerConfigKeys (ConfUtils.java:logGet(46)) - raft.server.storage.dir = [/home/runner/work/ozone/ozone/hadoop-ozone/integration-test/target/test-dir/MiniOzoneClusterImpl-14327f45-78e1-4847-8051-3610e19f479d/datanode-1/data/ratis] (custom)
2023-10-17 18:45:01,813 [f2d55db1-4d7a-4f26-8f17-39f168379328-NettyServerStreamRpc-bossGroup--thread1] INFO  logging.LoggingHandler (AbstractInternalLogger.java:log(148)) - [id: 0x49cf9f4b] REGISTERED
2023-10-17 18:45:01,813 [f2d55db1-4d7a-4f26-8f17-39f168379328-NettyServerStreamRpc-bossGroup--thread1] INFO  logging.LoggingHandler (AbstractInternalLogger.java:log(148)) - [id: 0x49cf9f4b] BIND: 0.0.0.0/0.0.0.0:15198
2023-10-17 18:45:01,814 [f2d55db1-4d7a-4f26-8f17-39f168379328-NettyServerStreamRpc-bossGroup--thread1] INFO  logging.LoggingHandler (AbstractInternalLogger.java:log(148)) - [id: 0x49cf9f4b, L:/0:0:0:0:0:0:0:0:15198] ACTIVE
2023-10-17 18:45:01,814 [f2d55db1-4d7a-4f26-8f17-39f168379328-impl-thread1] INFO  server.RaftServer (RaftServerProxy.java:initGroupDir(258)) - f2d55db1-4d7a-4f26-8f17-39f168379328: found a subdirectory /home/runner/work/ozone/ozone/hadoop-ozone/integration-test/target/test-dir/MiniOzoneClusterImpl-14327f45-78e1-4847-8051-3610e19f479d/datanode-1/data/ratis/tmp
2023-10-17 18:45:01,814 [f2d55db1-4d7a-4f26-8f17-39f168379328-impl-thread1] INFO  server.RaftServer (RaftServerProxy.java:initGroupDir(263)) - f2d55db1-4d7a-4f26-8f17-39f168379328: The directory /home/runner/work/ozone/ozone/hadoop-ozone/integration-test/target/test-dir/MiniOzoneClusterImpl-14327f45-78e1-4847-8051-3610e19f479d/datanode-1/data/ratis/tmp is not a group directory; ignoring it. 
2023-10-17 18:45:01,814 [Time-limited test] INFO  replication.ReplicationServer (ReplicationServer.java:<init>(83)) - Initializing replication server with thread count = 10 queue length = 4096
2023-10-17 18:45:01,815 [Time-limited test] INFO  server.XceiverServerGrpc (XceiverServerGrpc.java:<init>(132)) - GrpcServer channel type EpollServerSocketChannel
2023-10-17 18:45:01,817 [Time-limited test] INFO  replication.ReplicationSupervisor (ReplicationSupervisor.java:build(155)) - Initializing replication supervisor with thread count = 10
2023-10-17 18:45:01,817 [Time-limited test] INFO  replication.ReplicationSupervisor (ReplicationSupervisor.java:nodeStateUpdated(307)) - Node state updated to IN_SERVICE, scaling executor pool size to 10
2023-10-17 18:45:01,819 [Time-limited test] INFO  http.BaseHttpServer (BaseHttpServer.java:newHttpServer2BuilderForOzone(223)) - Starting Web-server for hddsDatanode at: http://0.0.0.0:15192
2023-10-17 18:45:01,819 [Time-limited test] INFO  http.BaseHttpServer (BaseHttpServer.java:<init>(110)) - Hadoop Security Enabled: false Ozone Security Enabled: false Ozone HTTP Security Enabled: false 
2023-10-17 18:45:01,820 [Time-limited test] WARN  server.AuthenticationFilter (AuthenticationFilter.java:constructSecretProvider(240)) - Unable to initialize FileSignerSecretProvider, falling back to use random secrets. Reason: Could not read signature secret file: /home/runner/hadoop-http-auth-signature-secret
2023-10-17 18:45:01,822 [Time-limited test] INFO  http.HttpRequestLog (HttpRequestLog.java:getRequestLog(86)) - Http request log for http.requests.hddsDatanode is not defined
2023-10-17 18:45:01,823 [Time-limited test] INFO  http.HttpServer2 (HttpServer2.java:addGlobalFilter(1031)) - Added global filter 'safety' (class=org.apache.hadoop.hdds.server.http.HttpServer2$QuotingInputFilter)
2023-10-17 18:45:01,823 [Time-limited test] INFO  http.HttpServer2 (HttpServer2.java:addFilter(1007)) - Added filter static_user_filter (class=org.apache.hadoop.http.lib.StaticUserWebFilter$StaticUserFilter) to context hddsDatanode
2023-10-17 18:45:01,823 [Time-limited test] INFO  http.HttpServer2 (HttpServer2.java:addFilter(1015)) - Added filter static_user_filter (class=org.apache.hadoop.http.lib.StaticUserWebFilter$StaticUserFilter) to context logs
2023-10-17 18:45:01,824 [Time-limited test] INFO  http.HttpServer2 (HttpServer2.java:addFilter(1015)) - Added filter static_user_filter (class=org.apache.hadoop.http.lib.StaticUserWebFilter$StaticUserFilter) to context static
2023-10-17 18:45:01,824 [Time-limited test] INFO  http.BaseHttpServer (BaseHttpServer.java:<init>(189)) - HTTP server of hddsDatanode uses base directory /home/runner/work/ozone/ozone/hadoop-ozone/integration-test/target/test-dir/MiniOzoneClusterImpl-14327f45-78e1-4847-8051-3610e19f479d/datanode-1/meta/webserver
2023-10-17 18:45:01,824 [Time-limited test] INFO  http.HttpServer2 (HttpServer2.java:bindListener(1231)) - Jetty bound to port 15192
2023-10-17 18:45:01,824 [Time-limited test] INFO  server.Server (Server.java:doStart(375)) - jetty-9.4.53.v20231009; built: 2023-10-09T12:29:09.265Z; git: 27bde00a0b95a1d5bbee0eae7984f891d2d0f8c9; jvm 1.8.0_382-b05
2023-10-17 18:45:01,832 [Time-limited test] INFO  server.session (DefaultSessionIdManager.java:doStart(334)) - DefaultSessionIdManager workerName=node0
2023-10-17 18:45:01,832 [Time-limited test] INFO  server.session (DefaultSessionIdManager.java:doStart(339)) - No SessionScavenger set, using defaults
2023-10-17 18:45:01,832 [Time-limited test] INFO  server.session (HouseKeeper.java:startScavenging(132)) - node0 Scavenging every 660000ms
2023-10-17 18:45:01,833 [Time-limited test] INFO  handler.ContextHandler (ContextHandler.java:doStart(921)) - Started o.e.j.s.ServletContextHandler@5703d91{logs,/logs,file:///home/runner/work/ozone/ozone/hadoop-ozone/integration-test/target/log,AVAILABLE}
2023-10-17 18:45:01,833 [Time-limited test] INFO  handler.ContextHandler (ContextHandler.java:doStart(921)) - Started o.e.j.s.ServletContextHandler@2ab08461{static,/static,jar:file:/home/runner/.m2/repository/org/apache/ozone/hdds-container-service/1.4.0-SNAPSHOT/hdds-container-service-1.4.0-SNAPSHOT.jar!/webapps/static,AVAILABLE}
2023-10-17 18:45:02,030 [Time-limited test] INFO  handler.ContextHandler (ContextHandler.java:doStart(921)) - Started o.e.j.w.WebAppContext@c4dfa61{hddsDatanode,/,file:///home/runner/work/ozone/ozone/hadoop-ozone/integration-test/target/test-dir/MiniOzoneClusterImpl-14327f45-78e1-4847-8051-3610e19f479d/datanode-1/meta/webserver/jetty-0_0_0_0-15192-hdds-container-service-1_4_0-SNAPSHOT_jar-_-any-8571298297413450318/webapp/,AVAILABLE}{jar:file:/home/runner/.m2/repository/org/apache/ozone/hdds-container-service/1.4.0-SNAPSHOT/hdds-container-service-1.4.0-SNAPSHOT.jar!/webapps/hddsDatanode}
2023-10-17 18:45:02,031 [Time-limited test] INFO  server.AbstractConnector (AbstractConnector.java:doStart(333)) - Started ServerConnector@33e6da7a{HTTP/1.1, (http/1.1)}{0.0.0.0:15192}
2023-10-17 18:45:02,032 [Time-limited test] INFO  server.Server (Server.java:doStart(415)) - Started @162746ms
2023-10-17 18:45:02,032 [Time-limited test] WARN  impl.MetricsSystemImpl (MetricsSystemImpl.java:register(279)) - Sink prometheus already exists!
2023-10-17 18:45:02,032 [Time-limited test] INFO  http.BaseHttpServer (BaseHttpServer.java:updateConnectorAddress(354)) - HTTP server of hddsDatanode listening at http://0.0.0.0:15192
2023-10-17 18:45:02,032 [Time-limited test] INFO  ipc.CallQueueManager (CallQueueManager.java:<init>(90)) - Using callQueue: class java.util.concurrent.LinkedBlockingQueue, queueCapacity: 100, scheduler: class org.apache.hadoop.ipc.DefaultRpcScheduler, ipcBackoff: false.
2023-10-17 18:45:02,033 [Time-limited test] INFO  ipc.Server (Server.java:<init>(1287)) - Listener at 0.0.0.0:15193
2023-10-17 18:45:02,033 [Socket Reader #1 for port 15193] INFO  ipc.Server (Server.java:run(1323)) - Starting Socket Reader #1 for port 15193
2023-10-17 18:45:02,036 [Time-limited test] INFO  ozone.HddsDatanodeService (HddsDatanodeService.java:start(325)) - Datanode start with admins: [adminUser1, adminUser2, runner]
2023-10-17 18:45:02,036 [Time-limited test] INFO  ozone.HddsDatanodeClientProtocolServer (HddsDatanodeClientProtocolServer.java:start(72)) - RPC server for Client /0.0.0.0:15193
2023-10-17 18:45:02,037 [IPC Server Responder] INFO  ipc.Server (Server.java:run(1562)) - IPC Server Responder: starting
2023-10-17 18:45:02,041 [IPC Server listener on 15193] INFO  ipc.Server (Server.java:run(1402)) - IPC Server listener on 15193: starting
2023-10-17 18:45:02,046 [Time-limited test] WARN  impl.MetricRegistriesImpl (MetricRegistriesImpl.java:addReporterRegistration(111)) - New reporters are added after registries were created. Some metrics will be missing from the reporter. Please add reporter before adding any new registry.
2023-10-17 18:45:02,046 [Time-limited test] WARN  impl.MetricRegistriesImpl (MetricRegistriesImpl.java:addReporterRegistration(111)) - New reporters are added after registries were created. Some metrics will be missing from the reporter. Please add reporter before adding any new registry.
2023-10-17 18:45:02,047 [Time-limited test] INFO  impl.MetricsSystemImpl (MetricsSystemImpl.java:init(158)) - HddsDatanode metrics system started (again)
2023-10-17 18:45:02,050 [Datanode State Machine Daemon Thread] INFO  statemachine.DatanodeStateMachine (DatanodeStateMachine.java:lambda$startDaemon$1(546)) - Ozone container server started.
2023-10-17 18:45:02,056 [Datanode State Machine Task Thread - 0] INFO  datanode.InitDatanodeState (InitDatanodeState.java:persistContainerDatanodeDetails(138)) - DatanodeDetails is persisted to /home/runner/work/ozone/ozone/hadoop-ozone/integration-test/target/test-dir/MiniOzoneClusterImpl-14327f45-78e1-4847-8051-3610e19f479d/datanode-1/meta/datanode.id
2023-10-17 18:45:02,063 [Time-limited test] INFO  ozone.HddsDatanodeService (HddsDatanodeService.java:start(240)) - HddsDatanodeService host:fv-az189-115 ip:10.1.0.25
2023-10-17 18:45:02,087 [Time-limited test] INFO  upgrade.AbstractLayoutVersionManager (AbstractLayoutVersionManager.java:init(83)) - Initializing Layout version manager with metadata layout = HADOOP_PRC_PORTS_IN_DATANODEDETAILS (version = 7), software layout = HADOOP_PRC_PORTS_IN_DATANODEDETAILS (version = 7)
2023-10-17 18:45:02,088 [Time-limited test] INFO  statemachine.DatanodeStateMachine (DatanodeStateMachine.java:getEndPointTaskThreadPoolSize(290)) - Datanode State Machine Task Thread Pool size 2
2023-10-17 18:45:02,089 [Time-limited test] INFO  volume.HddsVolume (HddsVolume.java:<init>(126)) - Creating HddsVolume: /home/runner/work/ozone/ozone/hadoop-ozone/integration-test/target/test-dir/MiniOzoneClusterImpl-14327f45-78e1-4847-8051-3610e19f479d/datanode-2/data-0/containers/hdds of storage type : DISK capacity : 9223372036854775807
2023-10-17 18:45:02,089 [Time-limited test] INFO  volume.MutableVolumeSet (MutableVolumeSet.java:initializeVolumeSet(173)) - Added Volume : /home/runner/work/ozone/ozone/hadoop-ozone/integration-test/target/test-dir/MiniOzoneClusterImpl-14327f45-78e1-4847-8051-3610e19f479d/datanode-2/data-0/containers/hdds to VolumeSet
2023-10-17 18:45:02,089 [Time-limited test] INFO  volume.MutableVolumeSet (MutableVolumeSet.java:initializeVolumeSet(173)) - Added Volume : /home/runner/work/ozone/ozone/hadoop-ozone/integration-test/target/test-dir/MiniOzoneClusterImpl-14327f45-78e1-4847-8051-3610e19f479d/datanode-2/data/ratis to VolumeSet
2023-10-17 18:45:02,102 [Thread-2677] INFO  ozoneimpl.ContainerReader (ContainerReader.java:readVolume(177)) - Finish verifying containers on volume /home/runner/work/ozone/ozone/hadoop-ozone/integration-test/target/test-dir/MiniOzoneClusterImpl-14327f45-78e1-4847-8051-3610e19f479d/datanode-2/data-0/containers/hdds
2023-10-17 18:45:02,102 [Time-limited test] INFO  ozoneimpl.OzoneContainer (OzoneContainer.java:buildContainerSet(316)) - Build ContainerSet costs 0s
2023-10-17 18:45:02,104 [Time-limited test] INFO  server.RaftServer (ConfUtils.java:logGet(46)) - raft.rpc.type = GRPC (default)
2023-10-17 18:45:02,104 [Time-limited test] INFO  grpc.GrpcConfigKeys (ConfUtils.java:logFallback(53)) - raft.grpc.admin.host = null (fallback to raft.grpc.server.host)
2023-10-17 18:45:02,104 [Time-limited test] INFO  grpc.GrpcConfigKeys (ConfUtils.java:logGet(46)) - raft.grpc.admin.port = 15205 (custom)
2023-10-17 18:45:02,104 [Time-limited test] INFO  grpc.GrpcConfigKeys (ConfUtils.java:logFallback(53)) - raft.grpc.client.host = null (fallback to raft.grpc.server.host)
2023-10-17 18:45:02,104 [Time-limited test] INFO  grpc.GrpcConfigKeys (ConfUtils.java:logGet(46)) - raft.grpc.client.port = 15204 (custom)
2023-10-17 18:45:02,104 [Time-limited test] INFO  grpc.GrpcConfigKeys (ConfUtils.java:logGet(46)) - raft.grpc.server.host = null (default)
2023-10-17 18:45:02,104 [Time-limited test] INFO  grpc.GrpcConfigKeys (ConfUtils.java:logGet(46)) - raft.grpc.server.port = 15206 (custom)
2023-10-17 18:45:02,105 [Time-limited test] INFO  server.GrpcService (ConfUtils.java:logGet(46)) - raft.grpc.message.size.max = 32MB (=33554432) (custom)
2023-10-17 18:45:02,105 [Time-limited test] INFO  server.RaftServerConfigKeys (ConfUtils.java:logGet(46)) - raft.server.log.appender.buffer.byte-limit = 33554432 (custom)
2023-10-17 18:45:02,105 [Time-limited test] INFO  server.GrpcService (ConfUtils.java:logGet(46)) - raft.grpc.flow.control.window = 5MB (=5242880) (custom)
2023-10-17 18:45:02,105 [Time-limited test] INFO  server.RaftServerConfigKeys (ConfUtils.java:logGet(46)) - raft.server.rpc.request.timeout = 60s (custom)
2023-10-17 18:45:02,105 [Time-limited test] INFO  grpc.GrpcConfigKeys (ConfUtils.java:logGet(46)) - raft.grpc.server.heartbeat.channel = true (default)
2023-10-17 18:45:02,105 [Time-limited test] INFO  grpc.GrpcConfigKeys (ConfUtils.java:logGet(46)) - raft.grpc.server.async.request.thread.pool.cached = true (default)
2023-10-17 18:45:02,105 [Time-limited test] INFO  grpc.GrpcConfigKeys (ConfUtils.java:logGet(46)) - raft.grpc.server.async.request.thread.pool.size = 32 (default)
2023-10-17 18:45:02,107 [Time-limited test] INFO  impl.DataStreamServerImpl (ConfUtils.java:logGet(46)) - raft.datastream.type = NETTY (custom)
2023-10-17 18:45:02,108 [Time-limited test] INFO  server.RaftServerConfigKeys (ConfUtils.java:logGet(46)) - raft.server.data-stream.async.request.thread.pool.cached = false (default)
2023-10-17 18:45:02,108 [Time-limited test] INFO  server.RaftServerConfigKeys (ConfUtils.java:logGet(46)) - raft.server.data-stream.async.request.thread.pool.size = 20 (custom)
2023-10-17 18:45:02,108 [Time-limited test] INFO  server.RaftServerConfigKeys (ConfUtils.java:logGet(46)) - raft.server.data-stream.async.write.thread.pool.size = 16 (default)
2023-10-17 18:45:02,108 [Time-limited test] INFO  server.RaftServerConfigKeys (ConfUtils.java:logGet(46)) - raft.server.data-stream.client.pool.size = 10 (default)
2023-10-17 18:45:02,108 [Time-limited test] INFO  netty.NettyConfigKeys$DataStream (ConfUtils.java:logGet(46)) - raft.netty.dataStream.server.use-epoll = false (default)
2023-10-17 18:45:02,108 [Time-limited test] INFO  netty.NettyConfigKeys$DataStream (ConfUtils.java:logGet(46)) - raft.netty.dataStream.server.boss-group.size = 0 (default)
2023-10-17 18:45:02,109 [Time-limited test] INFO  netty.NettyConfigKeys$DataStream (ConfUtils.java:logGet(46)) - raft.netty.dataStream.server.worker-group.size = 0 (default)
2023-10-17 18:45:02,110 [Time-limited test] INFO  netty.NettyConfigKeys$DataStream (ConfUtils.java:logGet(46)) - raft.netty.dataStream.server.tls.conf = null (default)
2023-10-17 18:45:02,110 [Time-limited test] INFO  netty.NettyConfigKeys$DataStream (ConfUtils.java:logGet(46)) - raft.netty.dataStream.host = null (default)
2023-10-17 18:45:02,110 [Time-limited test] INFO  netty.NettyConfigKeys$DataStream (ConfUtils.java:logGet(46)) - raft.netty.dataStream.port = 15207 (custom)
2023-10-17 18:45:02,111 [Time-limited test] INFO  server.RaftServerConfigKeys (ConfUtils.java:logGet(46)) - raft.server.threadpool.proxy.cached = true (default)
2023-10-17 18:45:02,111 [Time-limited test] INFO  server.RaftServerConfigKeys (ConfUtils.java:logGet(46)) - raft.server.threadpool.proxy.size = 0 (default)
2023-10-17 18:45:02,111 [Time-limited test] INFO  server.RaftServerConfigKeys (ConfUtils.java:logGet(46)) - raft.server.rpc.slowness.timeout = 300s (custom)
2023-10-17 18:45:02,111 [Time-limited test] INFO  server.RaftServerConfigKeys (ConfUtils.java:logGet(46)) - raft.server.leaderelection.leader.step-down.wait-time = 10s (default)
2023-10-17 18:45:02,111 [f3b37029-1869-41d6-8bc8-d85a9541d8ef-NettyServerStreamRpc-bossGroup--thread1] INFO  logging.LoggingHandler (AbstractInternalLogger.java:log(148)) - [id: 0xaccf0ee3] REGISTERED
2023-10-17 18:45:02,111 [Time-limited test] INFO  server.RaftServerConfigKeys (ConfUtils.java:logGet(46)) - raft.server.storage.dir = [/home/runner/work/ozone/ozone/hadoop-ozone/integration-test/target/test-dir/MiniOzoneClusterImpl-14327f45-78e1-4847-8051-3610e19f479d/datanode-2/data/ratis] (custom)
2023-10-17 18:45:02,111 [f3b37029-1869-41d6-8bc8-d85a9541d8ef-NettyServerStreamRpc-bossGroup--thread1] INFO  logging.LoggingHandler (AbstractInternalLogger.java:log(148)) - [id: 0xaccf0ee3] BIND: 0.0.0.0/0.0.0.0:15207
2023-10-17 18:45:02,111 [f3b37029-1869-41d6-8bc8-d85a9541d8ef-NettyServerStreamRpc-bossGroup--thread1] INFO  logging.LoggingHandler (AbstractInternalLogger.java:log(148)) - [id: 0xaccf0ee3, L:/0:0:0:0:0:0:0:0:15207] ACTIVE
2023-10-17 18:45:02,111 [f3b37029-1869-41d6-8bc8-d85a9541d8ef-impl-thread1] INFO  server.RaftServer (RaftServerProxy.java:initGroupDir(258)) - f3b37029-1869-41d6-8bc8-d85a9541d8ef: found a subdirectory /home/runner/work/ozone/ozone/hadoop-ozone/integration-test/target/test-dir/MiniOzoneClusterImpl-14327f45-78e1-4847-8051-3610e19f479d/datanode-2/data/ratis/tmp
2023-10-17 18:45:02,112 [f3b37029-1869-41d6-8bc8-d85a9541d8ef-impl-thread1] INFO  server.RaftServer (RaftServerProxy.java:initGroupDir(263)) - f3b37029-1869-41d6-8bc8-d85a9541d8ef: The directory /home/runner/work/ozone/ozone/hadoop-ozone/integration-test/target/test-dir/MiniOzoneClusterImpl-14327f45-78e1-4847-8051-3610e19f479d/datanode-2/data/ratis/tmp is not a group directory; ignoring it. 
2023-10-17 18:45:02,112 [Time-limited test] INFO  replication.ReplicationServer (ReplicationServer.java:<init>(83)) - Initializing replication server with thread count = 10 queue length = 4096
2023-10-17 18:45:02,113 [Time-limited test] INFO  server.XceiverServerGrpc (XceiverServerGrpc.java:<init>(132)) - GrpcServer channel type EpollServerSocketChannel
2023-10-17 18:45:02,114 [Time-limited test] INFO  replication.ReplicationSupervisor (ReplicationSupervisor.java:build(155)) - Initializing replication supervisor with thread count = 10
2023-10-17 18:45:02,114 [Time-limited test] INFO  replication.ReplicationSupervisor (ReplicationSupervisor.java:nodeStateUpdated(307)) - Node state updated to IN_SERVICE, scaling executor pool size to 10
2023-10-17 18:45:02,116 [Time-limited test] INFO  http.BaseHttpServer (BaseHttpServer.java:newHttpServer2BuilderForOzone(223)) - Starting Web-server for hddsDatanode at: http://0.0.0.0:15201
2023-10-17 18:45:02,116 [Time-limited test] INFO  http.BaseHttpServer (BaseHttpServer.java:<init>(110)) - Hadoop Security Enabled: false Ozone Security Enabled: false Ozone HTTP Security Enabled: false 
2023-10-17 18:45:02,117 [Time-limited test] WARN  server.AuthenticationFilter (AuthenticationFilter.java:constructSecretProvider(240)) - Unable to initialize FileSignerSecretProvider, falling back to use random secrets. Reason: Could not read signature secret file: /home/runner/hadoop-http-auth-signature-secret
2023-10-17 18:45:02,118 [Time-limited test] INFO  http.HttpRequestLog (HttpRequestLog.java:getRequestLog(86)) - Http request log for http.requests.hddsDatanode is not defined
2023-10-17 18:45:02,119 [Time-limited test] INFO  http.HttpServer2 (HttpServer2.java:addGlobalFilter(1031)) - Added global filter 'safety' (class=org.apache.hadoop.hdds.server.http.HttpServer2$QuotingInputFilter)
2023-10-17 18:45:02,119 [Time-limited test] INFO  http.HttpServer2 (HttpServer2.java:addFilter(1007)) - Added filter static_user_filter (class=org.apache.hadoop.http.lib.StaticUserWebFilter$StaticUserFilter) to context hddsDatanode
2023-10-17 18:45:02,119 [Time-limited test] INFO  http.HttpServer2 (HttpServer2.java:addFilter(1015)) - Added filter static_user_filter (class=org.apache.hadoop.http.lib.StaticUserWebFilter$StaticUserFilter) to context static
2023-10-17 18:45:02,119 [Time-limited test] INFO  http.HttpServer2 (HttpServer2.java:addFilter(1015)) - Added filter static_user_filter (class=org.apache.hadoop.http.lib.StaticUserWebFilter$StaticUserFilter) to context logs
2023-10-17 18:45:02,120 [Time-limited test] INFO  http.BaseHttpServer (BaseHttpServer.java:<init>(189)) - HTTP server of hddsDatanode uses base directory /home/runner/work/ozone/ozone/hadoop-ozone/integration-test/target/test-dir/MiniOzoneClusterImpl-14327f45-78e1-4847-8051-3610e19f479d/datanode-2/meta/webserver
2023-10-17 18:45:02,120 [Time-limited test] INFO  http.HttpServer2 (HttpServer2.java:bindListener(1231)) - Jetty bound to port 15201
2023-10-17 18:45:02,120 [Time-limited test] INFO  server.Server (Server.java:doStart(375)) - jetty-9.4.53.v20231009; built: 2023-10-09T12:29:09.265Z; git: 27bde00a0b95a1d5bbee0eae7984f891d2d0f8c9; jvm 1.8.0_382-b05
2023-10-17 18:45:02,125 [Time-limited test] INFO  server.session (DefaultSessionIdManager.java:doStart(334)) - DefaultSessionIdManager workerName=node0
2023-10-17 18:45:02,126 [Time-limited test] INFO  server.session (DefaultSessionIdManager.java:doStart(339)) - No SessionScavenger set, using defaults
2023-10-17 18:45:02,126 [Time-limited test] INFO  server.session (HouseKeeper.java:startScavenging(132)) - node0 Scavenging every 660000ms
2023-10-17 18:45:02,131 [Time-limited test] INFO  handler.ContextHandler (ContextHandler.java:doStart(921)) - Started o.e.j.s.ServletContextHandler@33195446{logs,/logs,file:///home/runner/work/ozone/ozone/hadoop-ozone/integration-test/target/log,AVAILABLE}
2023-10-17 18:45:02,131 [Time-limited test] INFO  handler.ContextHandler (ContextHandler.java:doStart(921)) - Started o.e.j.s.ServletContextHandler@18161614{static,/static,jar:file:/home/runner/.m2/repository/org/apache/ozone/hdds-container-service/1.4.0-SNAPSHOT/hdds-container-service-1.4.0-SNAPSHOT.jar!/webapps/static,AVAILABLE}
2023-10-17 18:45:02,331 [Time-limited test] INFO  handler.ContextHandler (ContextHandler.java:doStart(921)) - Started o.e.j.w.WebAppContext@34a44962{hddsDatanode,/,file:///home/runner/work/ozone/ozone/hadoop-ozone/integration-test/target/test-dir/MiniOzoneClusterImpl-14327f45-78e1-4847-8051-3610e19f479d/datanode-2/meta/webserver/jetty-0_0_0_0-15201-hdds-container-service-1_4_0-SNAPSHOT_jar-_-any-9054892974356046698/webapp/,AVAILABLE}{jar:file:/home/runner/.m2/repository/org/apache/ozone/hdds-container-service/1.4.0-SNAPSHOT/hdds-container-service-1.4.0-SNAPSHOT.jar!/webapps/hddsDatanode}
2023-10-17 18:45:02,335 [Time-limited test] INFO  server.AbstractConnector (AbstractConnector.java:doStart(333)) - Started ServerConnector@25b0f887{HTTP/1.1, (http/1.1)}{0.0.0.0:15201}
2023-10-17 18:45:02,335 [Time-limited test] INFO  server.Server (Server.java:doStart(415)) - Started @163049ms
2023-10-17 18:45:02,335 [Time-limited test] WARN  impl.MetricsSystemImpl (MetricsSystemImpl.java:register(279)) - Sink prometheus already exists!
2023-10-17 18:45:02,336 [Time-limited test] INFO  http.BaseHttpServer (BaseHttpServer.java:updateConnectorAddress(354)) - HTTP server of hddsDatanode listening at http://0.0.0.0:15201
2023-10-17 18:45:02,336 [Time-limited test] INFO  ipc.CallQueueManager (CallQueueManager.java:<init>(90)) - Using callQueue: class java.util.concurrent.LinkedBlockingQueue, queueCapacity: 100, scheduler: class org.apache.hadoop.ipc.DefaultRpcScheduler, ipcBackoff: false.
2023-10-17 18:45:02,336 [Time-limited test] INFO  ipc.Server (Server.java:<init>(1287)) - Listener at 0.0.0.0:15202
2023-10-17 18:45:02,337 [Socket Reader #1 for port 15202] INFO  ipc.Server (Server.java:run(1323)) - Starting Socket Reader #1 for port 15202
2023-10-17 18:45:02,339 [Time-limited test] INFO  ozone.HddsDatanodeService (HddsDatanodeService.java:start(325)) - Datanode start with admins: [adminUser1, adminUser2, runner]
2023-10-17 18:45:02,339 [Time-limited test] INFO  ozone.HddsDatanodeClientProtocolServer (HddsDatanodeClientProtocolServer.java:start(72)) - RPC server for Client /0.0.0.0:15202
2023-10-17 18:45:02,339 [IPC Server Responder] INFO  ipc.Server (Server.java:run(1562)) - IPC Server Responder: starting
2023-10-17 18:45:02,343 [Datanode State Machine Daemon Thread] INFO  statemachine.DatanodeStateMachine (DatanodeStateMachine.java:lambda$startDaemon$1(546)) - Ozone container server started.
2023-10-17 18:45:02,343 [IPC Server listener on 15202] INFO  ipc.Server (Server.java:run(1402)) - IPC Server listener on 15202: starting
2023-10-17 18:45:02,343 [Time-limited test] INFO  ozone.MiniOzoneClusterImpl (MiniOzoneClusterImpl.java:lambda$waitForClusterToBeReady$0(229)) - Waiting for nodes to be ready. Got 0 of 3 DN Heartbeats.
2023-10-17 18:45:02,343 [Time-limited test] INFO  ozone.MiniOzoneClusterImpl (MiniOzoneClusterImpl.java:lambda$waitForClusterToBeReady$0(232)) - Waiting for cluster to exit safe mode
2023-10-17 18:45:02,343 [Time-limited test] INFO  ozone.MiniOzoneClusterImpl (MiniOzoneClusterImpl.java:lambda$waitForClusterToBeReady$0(234)) - SCM became leader
2023-10-17 18:45:02,347 [Datanode State Machine Task Thread - 0] INFO  datanode.InitDatanodeState (InitDatanodeState.java:persistContainerDatanodeDetails(138)) - DatanodeDetails is persisted to /home/runner/work/ozone/ozone/hadoop-ozone/integration-test/target/test-dir/MiniOzoneClusterImpl-14327f45-78e1-4847-8051-3610e19f479d/datanode-2/meta/datanode.id
2023-10-17 18:45:02,534 [om1@group-C5BA1605619E-FollowerState] INFO  impl.FollowerState (FollowerState.java:run(143)) - om1@group-C5BA1605619E-FollowerState: change to CANDIDATE, lastRpcElapsedTime:1144380569ns, electionTimeout:1143ms
2023-10-17 18:45:02,535 [om1@group-C5BA1605619E-FollowerState] INFO  impl.RoleInfo (RoleInfo.java:shutdownFollowerState(110)) - om1: shutdown om1@group-C5BA1605619E-FollowerState
2023-10-17 18:45:02,535 [om1@group-C5BA1605619E-FollowerState] INFO  server.RaftServer$Division (RaftServerImpl.java:setRole(329)) - om1@group-C5BA1605619E: changes role from  FOLLOWER to CANDIDATE at term 0 for changeToCandidate
2023-10-17 18:45:02,535 [om1@group-C5BA1605619E-FollowerState] INFO  server.RaftServerConfigKeys (ConfUtils.java:logGet(46)) - raft.server.leaderelection.pre-vote = true (default)
2023-10-17 18:45:02,535 [om1@group-C5BA1605619E-FollowerState] INFO  impl.RoleInfo (RoleInfo.java:updateAndGet(139)) - om1: start om1@group-C5BA1605619E-LeaderElection35
2023-10-17 18:45:02,536 [om1@group-C5BA1605619E-LeaderElection35] INFO  impl.LeaderElection (LeaderElection.java:askForVotes(321)) - om1@group-C5BA1605619E-LeaderElection35 PRE_VOTE round 0: submit vote requests at term 0 for -1: peers:[om1|rpc:localhost:15181|priority:0|startupRole:FOLLOWER]|listeners:[], old=null
2023-10-17 18:45:02,537 [om1@group-C5BA1605619E-LeaderElection35] INFO  impl.LeaderElection (LeaderElection.java:askForVotes(323)) - om1@group-C5BA1605619E-LeaderElection35 PRE_VOTE round 0: result PASSED (term=0)
2023-10-17 18:45:02,540 [om1@group-C5BA1605619E-LeaderElection35] INFO  impl.LeaderElection (LeaderElection.java:askForVotes(321)) - om1@group-C5BA1605619E-LeaderElection35 ELECTION round 0: submit vote requests at term 1 for -1: peers:[om1|rpc:localhost:15181|priority:0|startupRole:FOLLOWER]|listeners:[], old=null
2023-10-17 18:45:02,540 [om1@group-C5BA1605619E-LeaderElection35] INFO  impl.LeaderElection (LeaderElection.java:askForVotes(323)) - om1@group-C5BA1605619E-LeaderElection35 ELECTION round 0: result PASSED (term=1)
2023-10-17 18:45:02,540 [om1@group-C5BA1605619E-LeaderElection35] INFO  impl.RoleInfo (RoleInfo.java:shutdownLeaderElection(130)) - om1: shutdown om1@group-C5BA1605619E-LeaderElection35
2023-10-17 18:45:02,540 [om1@group-C5BA1605619E-LeaderElection35] INFO  server.RaftServer$Division (RaftServerImpl.java:setRole(329)) - om1@group-C5BA1605619E: changes role from CANDIDATE to LEADER at term 1 for changeToLeader
2023-10-17 18:45:02,540 [om1@group-C5BA1605619E-LeaderElection35] INFO  server.RaftServer$Division (ServerState.java:setLeader(317)) - om1@group-C5BA1605619E: change Leader from null to om1 at term 1 for becomeLeader, leader elected after 1627ms
2023-10-17 18:45:02,540 [om1@group-C5BA1605619E-LeaderElection35] INFO  server.RaftServerConfigKeys (ConfUtils.java:logGet(46)) - raft.server.staging.catchup.gap = 1000 (default)
2023-10-17 18:45:02,540 [om1@group-C5BA1605619E-LeaderElection35] INFO  server.RaftServerConfigKeys (ConfUtils.java:logGet(46)) - raft.server.write.element-limit = 4096 (default)
2023-10-17 18:45:02,540 [om1@group-C5BA1605619E-LeaderElection35] INFO  server.RaftServerConfigKeys (ConfUtils.java:logGet(46)) - raft.server.write.byte-limit = 64MB (=67108864) (default)
2023-10-17 18:45:02,541 [om1@group-C5BA1605619E-LeaderElection35] INFO  server.RaftServerConfigKeys (ConfUtils.java:logGet(46)) - raft.server.watch.timeout = 10s (default)
2023-10-17 18:45:02,541 [om1@group-C5BA1605619E-LeaderElection35] INFO  server.RaftServerConfigKeys (ConfUtils.java:logGet(46)) - raft.server.watch.timeout.denomination = 1s (default)
2023-10-17 18:45:02,541 [om1@group-C5BA1605619E-LeaderElection35] INFO  server.RaftServerConfigKeys (ConfUtils.java:logGet(46)) - raft.server.watch.element-limit = 65536 (default)
2023-10-17 18:45:02,541 [om1@group-C5BA1605619E-LeaderElection35] INFO  server.RaftServerConfigKeys (ConfUtils.java:logGet(46)) - raft.server.write.element-limit = 4096 (default)
2023-10-17 18:45:02,541 [om1@group-C5BA1605619E-LeaderElection35] INFO  server.RaftServerConfigKeys (ConfUtils.java:logGet(46)) - raft.server.write.follower.gap.ratio.max = -1.0 (default)
2023-10-17 18:45:02,541 [om1@group-C5BA1605619E-LeaderElection35] INFO  impl.RoleInfo (RoleInfo.java:updateAndGet(139)) - om1: start om1@group-C5BA1605619E-LeaderStateImpl
2023-10-17 18:45:02,541 [om1@group-C5BA1605619E-LeaderElection35] INFO  segmented.SegmentedRaftLogWorker (SegmentedRaftLogWorker.java:startLogSegment(447)) - om1@group-C5BA1605619E-SegmentedRaftLogWorker: Starting segment from index:0
2023-10-17 18:45:02,551 [om1@group-C5BA1605619E-LeaderElection35] INFO  server.RaftServer$Division (ServerState.java:setRaftConf(434)) - om1@group-C5BA1605619E: set configuration 0: peers:[om1|rpc:localhost:15181|admin:|client:|dataStream:|priority:0|startupRole:FOLLOWER]|listeners:[], old=null
2023-10-17 18:45:02,556 [om1@group-C5BA1605619E-SegmentedRaftLogWorker] INFO  segmented.SegmentedRaftLogWorker (SegmentedRaftLogWorker.java:execute(651)) - om1@group-C5BA1605619E-SegmentedRaftLogWorker: created new log segment /home/runner/work/ozone/ozone/hadoop-ozone/integration-test/target/test-dir/MiniOzoneClusterImpl-14327f45-78e1-4847-8051-3610e19f479d/ozone-meta/ratis/bf265839-605b-3f16-9796-c5ba1605619e/current/log_inprogress_0
2023-10-17 18:45:02,557 [om1@group-C5BA1605619E-StateMachineUpdater] INFO  ratis.OzoneManagerStateMachine (OzoneManagerStateMachine.java:notifyConfigurationChanged(202)) - Received Configuration change notification from Ratis. New Peer list:
[id: "om1"
address: "localhost:15181"
startupRole: FOLLOWER
]
2023-10-17 18:45:03,343 [Time-limited test] INFO  ozone.MiniOzoneClusterImpl (MiniOzoneClusterImpl.java:lambda$waitForClusterToBeReady$0(229)) - Waiting for nodes to be ready. Got 0 of 3 DN Heartbeats.
2023-10-17 18:45:03,344 [Time-limited test] INFO  ozone.MiniOzoneClusterImpl (MiniOzoneClusterImpl.java:lambda$waitForClusterToBeReady$0(232)) - Waiting for cluster to exit safe mode
2023-10-17 18:45:03,344 [Time-limited test] INFO  ozone.MiniOzoneClusterImpl (MiniOzoneClusterImpl.java:lambda$waitForClusterToBeReady$0(234)) - SCM became leader
2023-10-17 18:45:03,790 [EndpointStateMachine task thread for /0.0.0.0:15176 - 0 ] INFO  utils.DatanodeStoreCache (DatanodeStoreCache.java:addDB(66)) - Added db /home/runner/work/ozone/ozone/hadoop-ozone/integration-test/target/test-dir/MiniOzoneClusterImpl-14327f45-78e1-4847-8051-3610e19f479d/datanode-0/data-0/containers/hdds/14327f45-78e1-4847-8051-3610e19f479d/DS-4a7b291d-0e64-4aab-8306-3cbb56d396fe/container.db to cache
2023-10-17 18:45:03,791 [EndpointStateMachine task thread for /0.0.0.0:15176 - 0 ] INFO  volume.HddsVolume (HddsVolume.java:createDbStore(422)) - SchemaV3 db is created and loaded at /home/runner/work/ozone/ozone/hadoop-ozone/integration-test/target/test-dir/MiniOzoneClusterImpl-14327f45-78e1-4847-8051-3610e19f479d/datanode-0/data-0/containers/hdds/14327f45-78e1-4847-8051-3610e19f479d/DS-4a7b291d-0e64-4aab-8306-3cbb56d396fe/container.db for volume DS-4a7b291d-0e64-4aab-8306-3cbb56d396fe
2023-10-17 18:45:03,791 [EndpointStateMachine task thread for /0.0.0.0:15176 - 0 ] INFO  volume.ThrottledAsyncChecker (ThrottledAsyncChecker.java:schedule(141)) - Scheduling a check for /home/runner/work/ozone/ozone/hadoop-ozone/integration-test/target/test-dir/MiniOzoneClusterImpl-14327f45-78e1-4847-8051-3610e19f479d/datanode-0/data-0/containers/hdds
2023-10-17 18:45:03,792 [EndpointStateMachine task thread for /0.0.0.0:15176 - 0 ] INFO  volume.StorageVolumeChecker (StorageVolumeChecker.java:checkAllVolumes(213)) - Scheduled health check for volume /home/runner/work/ozone/ozone/hadoop-ozone/integration-test/target/test-dir/MiniOzoneClusterImpl-14327f45-78e1-4847-8051-3610e19f479d/datanode-0/data-0/containers/hdds
2023-10-17 18:45:03,795 [EndpointStateMachine task thread for /0.0.0.0:15176 - 0 ] INFO  volume.ThrottledAsyncChecker (ThrottledAsyncChecker.java:schedule(141)) - Scheduling a check for /home/runner/work/ozone/ozone/hadoop-ozone/integration-test/target/test-dir/MiniOzoneClusterImpl-14327f45-78e1-4847-8051-3610e19f479d/datanode-0/data/ratis
2023-10-17 18:45:03,795 [EndpointStateMachine task thread for /0.0.0.0:15176 - 0 ] INFO  volume.StorageVolumeChecker (StorageVolumeChecker.java:checkAllVolumes(213)) - Scheduled health check for volume /home/runner/work/ozone/ozone/hadoop-ozone/integration-test/target/test-dir/MiniOzoneClusterImpl-14327f45-78e1-4847-8051-3610e19f479d/datanode-0/data/ratis
2023-10-17 18:45:03,796 [EndpointStateMachine task thread for /0.0.0.0:15176 - 0 ] INFO  ozoneimpl.OzoneContainer (OzoneContainer.java:start(431)) - Attempting to start container services.
2023-10-17 18:45:03,796 [EndpointStateMachine task thread for /0.0.0.0:15176 - 0 ] INFO  ozoneimpl.OzoneContainer (OzoneContainer.java:startContainerScrub(327)) - Scheduled background container scanners and the on-demand container scanner have been disabled.
2023-10-17 18:45:03,797 [EndpointStateMachine task thread for /0.0.0.0:15176 - 0 ] INFO  replication.ReplicationServer (ReplicationServer.java:start(134)) - ReplicationServer is started using port 15190
2023-10-17 18:45:03,797 [EndpointStateMachine task thread for /0.0.0.0:15176 - 0 ] INFO  ratis.XceiverServerRatis (XceiverServerRatis.java:start(517)) - Starting XceiverServerRatis 57da0847-4950-4ea9-a1de-cd2dacb809d4
2023-10-17 18:45:03,801 [EndpointStateMachine task thread for /0.0.0.0:15176 - 0 ] INFO  server.RaftServer (RaftServerProxy.java:startImpl(400)) - 57da0847-4950-4ea9-a1de-cd2dacb809d4: start RPC server
2023-10-17 18:45:03,802 [EndpointStateMachine task thread for /0.0.0.0:15176 - 0 ] INFO  server.GrpcService (GrpcService.java:startImpl(302)) - 57da0847-4950-4ea9-a1de-cd2dacb809d4: GrpcService started, listening on 15186
2023-10-17 18:45:03,802 [EndpointStateMachine task thread for /0.0.0.0:15176 - 0 ] INFO  server.GrpcService (GrpcService.java:startImpl(302)) - 57da0847-4950-4ea9-a1de-cd2dacb809d4: GrpcService started, listening on 15188
2023-10-17 18:45:03,803 [EndpointStateMachine task thread for /0.0.0.0:15176 - 0 ] INFO  server.GrpcService (GrpcService.java:startImpl(302)) - 57da0847-4950-4ea9-a1de-cd2dacb809d4: GrpcService started, listening on 15187
2023-10-17 18:45:03,805 [EndpointStateMachine task thread for /0.0.0.0:15176 - 0 ] INFO  ratis.XceiverServerRatis (XceiverServerRatis.java:getRealPort(543)) - XceiverServerRatis 57da0847-4950-4ea9-a1de-cd2dacb809d4 is started using port 15186 for RATIS
2023-10-17 18:45:03,806 [JvmPauseMonitor29] INFO  util.JvmPauseMonitor (JvmPauseMonitor.java:run(103)) - JvmPauseMonitor-57da0847-4950-4ea9-a1de-cd2dacb809d4: Started
2023-10-17 18:45:03,806 [EndpointStateMachine task thread for /0.0.0.0:15176 - 0 ] INFO  ratis.XceiverServerRatis (XceiverServerRatis.java:getRealPort(543)) - XceiverServerRatis 57da0847-4950-4ea9-a1de-cd2dacb809d4 is started using port 15187 for RATIS_ADMIN
2023-10-17 18:45:03,806 [EndpointStateMachine task thread for /0.0.0.0:15176 - 0 ] INFO  ratis.XceiverServerRatis (XceiverServerRatis.java:getRealPort(543)) - XceiverServerRatis 57da0847-4950-4ea9-a1de-cd2dacb809d4 is started using port 15188 for RATIS_SERVER
2023-10-17 18:45:03,806 [EndpointStateMachine task thread for /0.0.0.0:15176 - 0 ] INFO  ratis.XceiverServerRatis (XceiverServerRatis.java:getRealPort(543)) - XceiverServerRatis 57da0847-4950-4ea9-a1de-cd2dacb809d4 is started using port 15189 for RATIS_DATASTREAM
2023-10-17 18:45:03,811 [57da0847-4950-4ea9-a1de-cd2dacb809d4-BlockDeletingService#0] INFO  interfaces.ContainerDeletionChoosingPolicyTemplate (ContainerDeletionChoosingPolicyTemplate.java:chooseContainerForBlockDeletion(85)) - Chosen 0/5000 blocks from 0 candidate containers.
2023-10-17 18:45:04,088 [EndpointStateMachine task thread for /0.0.0.0:15176 - 0 ] INFO  utils.DatanodeStoreCache (DatanodeStoreCache.java:addDB(66)) - Added db /home/runner/work/ozone/ozone/hadoop-ozone/integration-test/target/test-dir/MiniOzoneClusterImpl-14327f45-78e1-4847-8051-3610e19f479d/datanode-1/data-0/containers/hdds/14327f45-78e1-4847-8051-3610e19f479d/DS-678816fa-e065-449c-b996-a1a5d7c20c7c/container.db to cache
2023-10-17 18:45:04,088 [EndpointStateMachine task thread for /0.0.0.0:15176 - 0 ] INFO  volume.HddsVolume (HddsVolume.java:createDbStore(422)) - SchemaV3 db is created and loaded at /home/runner/work/ozone/ozone/hadoop-ozone/integration-test/target/test-dir/MiniOzoneClusterImpl-14327f45-78e1-4847-8051-3610e19f479d/datanode-1/data-0/containers/hdds/14327f45-78e1-4847-8051-3610e19f479d/DS-678816fa-e065-449c-b996-a1a5d7c20c7c/container.db for volume DS-678816fa-e065-449c-b996-a1a5d7c20c7c
2023-10-17 18:45:04,089 [EndpointStateMachine task thread for /0.0.0.0:15176 - 0 ] INFO  volume.ThrottledAsyncChecker (ThrottledAsyncChecker.java:schedule(141)) - Scheduling a check for /home/runner/work/ozone/ozone/hadoop-ozone/integration-test/target/test-dir/MiniOzoneClusterImpl-14327f45-78e1-4847-8051-3610e19f479d/datanode-1/data-0/containers/hdds
2023-10-17 18:45:04,092 [EndpointStateMachine task thread for /0.0.0.0:15176 - 0 ] INFO  volume.StorageVolumeChecker (StorageVolumeChecker.java:checkAllVolumes(213)) - Scheduled health check for volume /home/runner/work/ozone/ozone/hadoop-ozone/integration-test/target/test-dir/MiniOzoneClusterImpl-14327f45-78e1-4847-8051-3610e19f479d/datanode-1/data-0/containers/hdds
2023-10-17 18:45:04,096 [EndpointStateMachine task thread for /0.0.0.0:15176 - 0 ] INFO  volume.ThrottledAsyncChecker (ThrottledAsyncChecker.java:schedule(141)) - Scheduling a check for /home/runner/work/ozone/ozone/hadoop-ozone/integration-test/target/test-dir/MiniOzoneClusterImpl-14327f45-78e1-4847-8051-3610e19f479d/datanode-1/data/ratis
2023-10-17 18:45:04,096 [EndpointStateMachine task thread for /0.0.0.0:15176 - 0 ] INFO  volume.StorageVolumeChecker (StorageVolumeChecker.java:checkAllVolumes(213)) - Scheduled health check for volume /home/runner/work/ozone/ozone/hadoop-ozone/integration-test/target/test-dir/MiniOzoneClusterImpl-14327f45-78e1-4847-8051-3610e19f479d/datanode-1/data/ratis
2023-10-17 18:45:04,097 [EndpointStateMachine task thread for /0.0.0.0:15176 - 0 ] INFO  ozoneimpl.OzoneContainer (OzoneContainer.java:start(431)) - Attempting to start container services.
2023-10-17 18:45:04,098 [EndpointStateMachine task thread for /0.0.0.0:15176 - 0 ] INFO  ozoneimpl.OzoneContainer (OzoneContainer.java:startContainerScrub(327)) - Scheduled background container scanners and the on-demand container scanner have been disabled.
2023-10-17 18:45:04,098 [EndpointStateMachine task thread for /0.0.0.0:15176 - 0 ] INFO  replication.ReplicationServer (ReplicationServer.java:start(134)) - ReplicationServer is started using port 15199
2023-10-17 18:45:04,098 [EndpointStateMachine task thread for /0.0.0.0:15176 - 0 ] INFO  ratis.XceiverServerRatis (XceiverServerRatis.java:start(517)) - Starting XceiverServerRatis f2d55db1-4d7a-4f26-8f17-39f168379328
2023-10-17 18:45:04,100 [EndpointStateMachine task thread for /0.0.0.0:15176 - 0 ] INFO  server.RaftServer (RaftServerProxy.java:startImpl(400)) - f2d55db1-4d7a-4f26-8f17-39f168379328: start RPC server
2023-10-17 18:45:04,101 [EndpointStateMachine task thread for /0.0.0.0:15176 - 0 ] INFO  server.GrpcService (GrpcService.java:startImpl(302)) - f2d55db1-4d7a-4f26-8f17-39f168379328: GrpcService started, listening on 15195
2023-10-17 18:45:04,103 [EndpointStateMachine task thread for /0.0.0.0:15176 - 0 ] INFO  server.GrpcService (GrpcService.java:startImpl(302)) - f2d55db1-4d7a-4f26-8f17-39f168379328: GrpcService started, listening on 15197
2023-10-17 18:45:04,104 [EndpointStateMachine task thread for /0.0.0.0:15176 - 0 ] INFO  server.GrpcService (GrpcService.java:startImpl(302)) - f2d55db1-4d7a-4f26-8f17-39f168379328: GrpcService started, listening on 15196
2023-10-17 18:45:04,104 [EndpointStateMachine task thread for /0.0.0.0:15176 - 0 ] INFO  ratis.XceiverServerRatis (XceiverServerRatis.java:getRealPort(543)) - XceiverServerRatis f2d55db1-4d7a-4f26-8f17-39f168379328 is started using port 15195 for RATIS
2023-10-17 18:45:04,104 [EndpointStateMachine task thread for /0.0.0.0:15176 - 0 ] INFO  ratis.XceiverServerRatis (XceiverServerRatis.java:getRealPort(543)) - XceiverServerRatis f2d55db1-4d7a-4f26-8f17-39f168379328 is started using port 15196 for RATIS_ADMIN
2023-10-17 18:45:04,104 [JvmPauseMonitor30] INFO  util.JvmPauseMonitor (JvmPauseMonitor.java:run(103)) - JvmPauseMonitor-f2d55db1-4d7a-4f26-8f17-39f168379328: Started
2023-10-17 18:45:04,104 [EndpointStateMachine task thread for /0.0.0.0:15176 - 0 ] INFO  ratis.XceiverServerRatis (XceiverServerRatis.java:getRealPort(543)) - XceiverServerRatis f2d55db1-4d7a-4f26-8f17-39f168379328 is started using port 15197 for RATIS_SERVER
2023-10-17 18:45:04,104 [EndpointStateMachine task thread for /0.0.0.0:15176 - 0 ] INFO  ratis.XceiverServerRatis (XceiverServerRatis.java:getRealPort(543)) - XceiverServerRatis f2d55db1-4d7a-4f26-8f17-39f168379328 is started using port 15198 for RATIS_DATASTREAM
2023-10-17 18:45:04,105 [f2d55db1-4d7a-4f26-8f17-39f168379328-BlockDeletingService#0] INFO  interfaces.ContainerDeletionChoosingPolicyTemplate (ContainerDeletionChoosingPolicyTemplate.java:chooseContainerForBlockDeletion(85)) - Chosen 0/5000 blocks from 0 candidate containers.
2023-10-17 18:45:04,344 [Time-limited test] INFO  ozone.MiniOzoneClusterImpl (MiniOzoneClusterImpl.java:lambda$waitForClusterToBeReady$0(229)) - Waiting for nodes to be ready. Got 0 of 3 DN Heartbeats.
2023-10-17 18:45:04,344 [Time-limited test] INFO  ozone.MiniOzoneClusterImpl (MiniOzoneClusterImpl.java:lambda$waitForClusterToBeReady$0(232)) - Waiting for cluster to exit safe mode
2023-10-17 18:45:04,344 [Time-limited test] INFO  ozone.MiniOzoneClusterImpl (MiniOzoneClusterImpl.java:lambda$waitForClusterToBeReady$0(234)) - SCM became leader
2023-10-17 18:45:04,376 [EndpointStateMachine task thread for /0.0.0.0:15176 - 0 ] INFO  utils.DatanodeStoreCache (DatanodeStoreCache.java:addDB(66)) - Added db /home/runner/work/ozone/ozone/hadoop-ozone/integration-test/target/test-dir/MiniOzoneClusterImpl-14327f45-78e1-4847-8051-3610e19f479d/datanode-2/data-0/containers/hdds/14327f45-78e1-4847-8051-3610e19f479d/DS-bffb3eda-4194-4398-994e-cc3206fd5aaf/container.db to cache
2023-10-17 18:45:04,376 [EndpointStateMachine task thread for /0.0.0.0:15176 - 0 ] INFO  volume.HddsVolume (HddsVolume.java:createDbStore(422)) - SchemaV3 db is created and loaded at /home/runner/work/ozone/ozone/hadoop-ozone/integration-test/target/test-dir/MiniOzoneClusterImpl-14327f45-78e1-4847-8051-3610e19f479d/datanode-2/data-0/containers/hdds/14327f45-78e1-4847-8051-3610e19f479d/DS-bffb3eda-4194-4398-994e-cc3206fd5aaf/container.db for volume DS-bffb3eda-4194-4398-994e-cc3206fd5aaf
2023-10-17 18:45:04,377 [EndpointStateMachine task thread for /0.0.0.0:15176 - 0 ] INFO  volume.ThrottledAsyncChecker (ThrottledAsyncChecker.java:schedule(141)) - Scheduling a check for /home/runner/work/ozone/ozone/hadoop-ozone/integration-test/target/test-dir/MiniOzoneClusterImpl-14327f45-78e1-4847-8051-3610e19f479d/datanode-2/data-0/containers/hdds
2023-10-17 18:45:04,377 [EndpointStateMachine task thread for /0.0.0.0:15176 - 0 ] INFO  volume.StorageVolumeChecker (StorageVolumeChecker.java:checkAllVolumes(213)) - Scheduled health check for volume /home/runner/work/ozone/ozone/hadoop-ozone/integration-test/target/test-dir/MiniOzoneClusterImpl-14327f45-78e1-4847-8051-3610e19f479d/datanode-2/data-0/containers/hdds
2023-10-17 18:45:04,380 [EndpointStateMachine task thread for /0.0.0.0:15176 - 0 ] INFO  volume.ThrottledAsyncChecker (ThrottledAsyncChecker.java:schedule(141)) - Scheduling a check for /home/runner/work/ozone/ozone/hadoop-ozone/integration-test/target/test-dir/MiniOzoneClusterImpl-14327f45-78e1-4847-8051-3610e19f479d/datanode-2/data/ratis
2023-10-17 18:45:04,380 [EndpointStateMachine task thread for /0.0.0.0:15176 - 0 ] INFO  volume.StorageVolumeChecker (StorageVolumeChecker.java:checkAllVolumes(213)) - Scheduled health check for volume /home/runner/work/ozone/ozone/hadoop-ozone/integration-test/target/test-dir/MiniOzoneClusterImpl-14327f45-78e1-4847-8051-3610e19f479d/datanode-2/data/ratis
2023-10-17 18:45:04,381 [EndpointStateMachine task thread for /0.0.0.0:15176 - 0 ] INFO  ozoneimpl.OzoneContainer (OzoneContainer.java:start(431)) - Attempting to start container services.
2023-10-17 18:45:04,381 [EndpointStateMachine task thread for /0.0.0.0:15176 - 0 ] INFO  ozoneimpl.OzoneContainer (OzoneContainer.java:startContainerScrub(327)) - Scheduled background container scanners and the on-demand container scanner have been disabled.
2023-10-17 18:45:04,381 [EndpointStateMachine task thread for /0.0.0.0:15176 - 0 ] INFO  replication.ReplicationServer (ReplicationServer.java:start(134)) - ReplicationServer is started using port 15208
2023-10-17 18:45:04,381 [EndpointStateMachine task thread for /0.0.0.0:15176 - 0 ] INFO  ratis.XceiverServerRatis (XceiverServerRatis.java:start(517)) - Starting XceiverServerRatis f3b37029-1869-41d6-8bc8-d85a9541d8ef
2023-10-17 18:45:04,382 [EndpointStateMachine task thread for /0.0.0.0:15176 - 0 ] INFO  server.RaftServer (RaftServerProxy.java:startImpl(400)) - f3b37029-1869-41d6-8bc8-d85a9541d8ef: start RPC server
2023-10-17 18:45:04,382 [EndpointStateMachine task thread for /0.0.0.0:15176 - 0 ] INFO  server.GrpcService (GrpcService.java:startImpl(302)) - f3b37029-1869-41d6-8bc8-d85a9541d8ef: GrpcService started, listening on 15204
2023-10-17 18:45:04,386 [EndpointStateMachine task thread for /0.0.0.0:15176 - 0 ] INFO  server.GrpcService (GrpcService.java:startImpl(302)) - f3b37029-1869-41d6-8bc8-d85a9541d8ef: GrpcService started, listening on 15206
2023-10-17 18:45:04,386 [EndpointStateMachine task thread for /0.0.0.0:15176 - 0 ] INFO  server.GrpcService (GrpcService.java:startImpl(302)) - f3b37029-1869-41d6-8bc8-d85a9541d8ef: GrpcService started, listening on 15205
2023-10-17 18:45:04,386 [EndpointStateMachine task thread for /0.0.0.0:15176 - 0 ] INFO  ratis.XceiverServerRatis (XceiverServerRatis.java:getRealPort(543)) - XceiverServerRatis f3b37029-1869-41d6-8bc8-d85a9541d8ef is started using port 15204 for RATIS
2023-10-17 18:45:04,387 [EndpointStateMachine task thread for /0.0.0.0:15176 - 0 ] INFO  ratis.XceiverServerRatis (XceiverServerRatis.java:getRealPort(543)) - XceiverServerRatis f3b37029-1869-41d6-8bc8-d85a9541d8ef is started using port 15205 for RATIS_ADMIN
2023-10-17 18:45:04,387 [EndpointStateMachine task thread for /0.0.0.0:15176 - 0 ] INFO  ratis.XceiverServerRatis (XceiverServerRatis.java:getRealPort(543)) - XceiverServerRatis f3b37029-1869-41d6-8bc8-d85a9541d8ef is started using port 15206 for RATIS_SERVER
2023-10-17 18:45:04,387 [JvmPauseMonitor31] INFO  util.JvmPauseMonitor (JvmPauseMonitor.java:run(103)) - JvmPauseMonitor-f3b37029-1869-41d6-8bc8-d85a9541d8ef: Started
2023-10-17 18:45:04,387 [EndpointStateMachine task thread for /0.0.0.0:15176 - 0 ] INFO  ratis.XceiverServerRatis (XceiverServerRatis.java:getRealPort(543)) - XceiverServerRatis f3b37029-1869-41d6-8bc8-d85a9541d8ef is started using port 15207 for RATIS_DATASTREAM
2023-10-17 18:45:04,388 [f3b37029-1869-41d6-8bc8-d85a9541d8ef-BlockDeletingService#0] INFO  interfaces.ContainerDeletionChoosingPolicyTemplate (ContainerDeletionChoosingPolicyTemplate.java:chooseContainerForBlockDeletion(85)) - Chosen 0/5000 blocks from 0 candidate containers.
2023-10-17 18:45:05,344 [Time-limited test] INFO  ozone.MiniOzoneClusterImpl (MiniOzoneClusterImpl.java:lambda$waitForClusterToBeReady$0(229)) - Waiting for nodes to be ready. Got 0 of 3 DN Heartbeats.
2023-10-17 18:45:05,344 [Time-limited test] INFO  ozone.MiniOzoneClusterImpl (MiniOzoneClusterImpl.java:lambda$waitForClusterToBeReady$0(232)) - Waiting for cluster to exit safe mode
2023-10-17 18:45:05,344 [Time-limited test] INFO  ozone.MiniOzoneClusterImpl (MiniOzoneClusterImpl.java:lambda$waitForClusterToBeReady$0(234)) - SCM became leader
2023-10-17 18:45:05,758 [IPC Server handler 0 on default port 15176] INFO  net.NetworkTopologyImpl (NetworkTopologyImpl.java:add(112)) - Added a new node: /default-rack/57da0847-4950-4ea9-a1de-cd2dacb809d4
2023-10-17 18:45:05,758 [IPC Server handler 0 on default port 15176] INFO  node.SCMNodeManager (SCMNodeManager.java:register(405)) - Registered Data node : 57da0847-4950-4ea9-a1de-cd2dacb809d4{ip: 10.1.0.25, host: fv-az189-115, ports: [HTTP=15183, CLIENT_RPC=15184, REPLICATION=15190, RATIS=15186, RATIS_ADMIN=15187, RATIS_SERVER=15188, RATIS_DATASTREAM=15189, STANDALONE=15185], networkLocation: /default-rack, certSerialId: null, persistedOpState: null, persistedOpStateExpiryEpochSec: 0}
2023-10-17 18:45:05,761 [EventQueue-NodeRegistrationContainerReportForContainerSafeModeRule] INFO  safemode.SCMSafeModeManager (SCMSafeModeManager.java:validateSafeModeExitRules(200)) - ContainerSafeModeRule rule is successfully validated
2023-10-17 18:45:05,764 [EventQueue-NodeRegistrationContainerReportForDataNodeSafeModeRule] INFO  safemode.SCMSafeModeManager (DataNodeSafeModeRule.java:process(71)) - SCM in safe mode. 1 DataNodes registered, 3 required.
2023-10-17 18:45:05,767 [EventQueue-NewNodeForNewNodeHandler] INFO  pipeline.BackgroundPipelineCreator (BackgroundPipelineCreator.java:notifyEventTriggered(277)) - trigger a one-shot run on RatisPipelineUtilsThread.
2023-10-17 18:45:05,768 [RatisPipelineUtilsThread - 0] INFO  pipeline.RatisPipelineProvider (RatisPipelineProvider.java:lambda$create$0(206)) - Sending CreatePipelineCommand for pipeline:PipelineID=fc40adfc-3a43-499a-a0d4-d28988d642c9 to datanode:57da0847-4950-4ea9-a1de-cd2dacb809d4
2023-10-17 18:45:05,771 [RatisPipelineUtilsThread - 0] INFO  pipeline.BackgroundPipelineCreator (BackgroundPipelineCreator.java:createPipelines(233)) - Created new pipeline Pipeline[ Id: fc40adfc-3a43-499a-a0d4-d28988d642c9, Nodes: 57da0847-4950-4ea9-a1de-cd2dacb809d4(fv-az189-115/10.1.0.25), ReplicationConfig: RATIS/ONE, State:ALLOCATED, leaderId:, CreationTimestamp2023-10-17T18:45:05.768Z[Etc/UTC]]
2023-10-17 18:45:05,771 [EventQueue-PipelineReportForOneReplicaPipelineSafeModeRule] INFO  safemode.SCMSafeModeManager (SCMSafeModeManager.java:validateSafeModeExitRules(200)) - AtleastOneDatanodeReportedRule rule is successfully validated
2023-10-17 18:45:06,056 [IPC Server handler 1 on default port 15176] INFO  net.NetworkTopologyImpl (NetworkTopologyImpl.java:add(112)) - Added a new node: /default-rack/f2d55db1-4d7a-4f26-8f17-39f168379328
2023-10-17 18:45:06,056 [IPC Server handler 1 on default port 15176] INFO  node.SCMNodeManager (SCMNodeManager.java:register(405)) - Registered Data node : f2d55db1-4d7a-4f26-8f17-39f168379328{ip: 10.1.0.25, host: fv-az189-115, ports: [HTTP=15192, CLIENT_RPC=15193, REPLICATION=15199, RATIS=15195, RATIS_ADMIN=15196, RATIS_SERVER=15197, RATIS_DATASTREAM=15198, STANDALONE=15194], networkLocation: /default-rack, certSerialId: null, persistedOpState: null, persistedOpStateExpiryEpochSec: 0}
2023-10-17 18:45:06,057 [EventQueue-NodeRegistrationContainerReportForDataNodeSafeModeRule] INFO  safemode.SCMSafeModeManager (DataNodeSafeModeRule.java:process(71)) - SCM in safe mode. 2 DataNodes registered, 3 required.
2023-10-17 18:45:06,057 [EventQueue-NewNodeForNewNodeHandler] INFO  pipeline.BackgroundPipelineCreator (BackgroundPipelineCreator.java:notifyEventTriggered(277)) - trigger a one-shot run on RatisPipelineUtilsThread.
2023-10-17 18:45:06,058 [RatisPipelineUtilsThread - 0] INFO  pipeline.RatisPipelineProvider (RatisPipelineProvider.java:lambda$create$0(206)) - Sending CreatePipelineCommand for pipeline:PipelineID=26eac058-0763-4bc6-8f04-27cec22d2fa1 to datanode:f2d55db1-4d7a-4f26-8f17-39f168379328
2023-10-17 18:45:06,058 [RatisPipelineUtilsThread - 0] INFO  pipeline.BackgroundPipelineCreator (BackgroundPipelineCreator.java:createPipelines(233)) - Created new pipeline Pipeline[ Id: 26eac058-0763-4bc6-8f04-27cec22d2fa1, Nodes: f2d55db1-4d7a-4f26-8f17-39f168379328(fv-az189-115/10.1.0.25), ReplicationConfig: RATIS/ONE, State:ALLOCATED, leaderId:, CreationTimestamp2023-10-17T18:45:06.058Z[Etc/UTC]]
2023-10-17 18:45:06,345 [Time-limited test] INFO  ozone.MiniOzoneClusterImpl (MiniOzoneClusterImpl.java:lambda$waitForClusterToBeReady$0(229)) - Waiting for nodes to be ready. Got 2 of 3 DN Heartbeats.
2023-10-17 18:45:06,345 [Time-limited test] INFO  ozone.MiniOzoneClusterImpl (MiniOzoneClusterImpl.java:lambda$waitForClusterToBeReady$0(232)) - Waiting for cluster to exit safe mode
2023-10-17 18:45:06,345 [Time-limited test] INFO  ozone.MiniOzoneClusterImpl (MiniOzoneClusterImpl.java:lambda$waitForClusterToBeReady$0(234)) - SCM became leader
2023-10-17 18:45:06,346 [IPC Server handler 2 on default port 15176] INFO  net.NetworkTopologyImpl (NetworkTopologyImpl.java:add(112)) - Added a new node: /default-rack/f3b37029-1869-41d6-8bc8-d85a9541d8ef
2023-10-17 18:45:06,346 [IPC Server handler 2 on default port 15176] INFO  node.SCMNodeManager (SCMNodeManager.java:register(405)) - Registered Data node : f3b37029-1869-41d6-8bc8-d85a9541d8ef{ip: 10.1.0.25, host: fv-az189-115, ports: [HTTP=15201, CLIENT_RPC=15202, REPLICATION=15208, RATIS=15204, RATIS_ADMIN=15205, RATIS_SERVER=15206, RATIS_DATASTREAM=15207, STANDALONE=15203], networkLocation: /default-rack, certSerialId: null, persistedOpState: null, persistedOpStateExpiryEpochSec: 0}
2023-10-17 18:45:06,346 [EventQueue-NewNodeForNewNodeHandler] INFO  pipeline.BackgroundPipelineCreator (BackgroundPipelineCreator.java:notifyEventTriggered(277)) - trigger a one-shot run on RatisPipelineUtilsThread.
2023-10-17 18:45:06,346 [EventQueue-NodeRegistrationContainerReportForDataNodeSafeModeRule] INFO  safemode.SCMSafeModeManager (DataNodeSafeModeRule.java:process(71)) - SCM in safe mode. 3 DataNodes registered, 3 required.
2023-10-17 18:45:06,346 [EventQueue-NodeRegistrationContainerReportForDataNodeSafeModeRule] INFO  safemode.SCMSafeModeManager (SCMSafeModeManager.java:validateSafeModeExitRules(200)) - DataNodeSafeModeRule rule is successfully validated
2023-10-17 18:45:06,346 [EventQueue-NodeRegistrationContainerReportForDataNodeSafeModeRule] INFO  safemode.SCMSafeModeManager (SCMSafeModeManager.java:completePreCheck(229)) - All SCM safe mode pre check rules have passed
2023-10-17 18:45:06,347 [EventQueue-NodeRegistrationContainerReportForDataNodeSafeModeRule] INFO  ha.SCMContext (SCMContext.java:updateSafeModeStatus(230)) - Update SafeModeStatus from SafeModeStatus{safeModeStatus=true, preCheckPassed=false} to SafeModeStatus{safeModeStatus=true, preCheckPassed=true}.
2023-10-17 18:45:06,347 [EventQueue-NodeRegistrationContainerReportForDataNodeSafeModeRule] INFO  pipeline.BackgroundPipelineCreator (BackgroundPipelineCreator.java:notifyEventTriggered(277)) - trigger a one-shot run on RatisPipelineUtilsThread.
2023-10-17 18:45:06,347 [RatisPipelineUtilsThread - 0] INFO  pipeline.RatisPipelineProvider (RatisPipelineProvider.java:lambda$create$0(206)) - Sending CreatePipelineCommand for pipeline:PipelineID=4d4e85d4-ac96-4df5-8029-a97c69daea39 to datanode:f3b37029-1869-41d6-8bc8-d85a9541d8ef
2023-10-17 18:45:06,348 [RatisPipelineUtilsThread - 0] INFO  pipeline.BackgroundPipelineCreator (BackgroundPipelineCreator.java:createPipelines(233)) - Created new pipeline Pipeline[ Id: 4d4e85d4-ac96-4df5-8029-a97c69daea39, Nodes: f3b37029-1869-41d6-8bc8-d85a9541d8ef(fv-az189-115/10.1.0.25), ReplicationConfig: RATIS/ONE, State:ALLOCATED, leaderId:, CreationTimestamp2023-10-17T18:45:06.347Z[Etc/UTC]]
2023-10-17 18:45:06,348 [RatisPipelineUtilsThread - 0] INFO  pipeline.RatisPipelineProvider (RatisPipelineProvider.java:lambda$create$0(206)) - Sending CreatePipelineCommand for pipeline:PipelineID=437f5971-21fe-4035-bc47-aecf0c411497 to datanode:57da0847-4950-4ea9-a1de-cd2dacb809d4
2023-10-17 18:45:06,348 [RatisPipelineUtilsThread - 0] INFO  pipeline.RatisPipelineProvider (RatisPipelineProvider.java:lambda$create$0(206)) - Sending CreatePipelineCommand for pipeline:PipelineID=437f5971-21fe-4035-bc47-aecf0c411497 to datanode:f3b37029-1869-41d6-8bc8-d85a9541d8ef
2023-10-17 18:45:06,348 [RatisPipelineUtilsThread - 0] INFO  pipeline.RatisPipelineProvider (RatisPipelineProvider.java:lambda$create$0(206)) - Sending CreatePipelineCommand for pipeline:PipelineID=437f5971-21fe-4035-bc47-aecf0c411497 to datanode:f2d55db1-4d7a-4f26-8f17-39f168379328
2023-10-17 18:45:06,349 [RatisPipelineUtilsThread - 0] INFO  pipeline.BackgroundPipelineCreator (BackgroundPipelineCreator.java:createPipelines(233)) - Created new pipeline Pipeline[ Id: 437f5971-21fe-4035-bc47-aecf0c411497, Nodes: 57da0847-4950-4ea9-a1de-cd2dacb809d4(fv-az189-115/10.1.0.25)f3b37029-1869-41d6-8bc8-d85a9541d8ef(fv-az189-115/10.1.0.25)f2d55db1-4d7a-4f26-8f17-39f168379328(fv-az189-115/10.1.0.25), ReplicationConfig: RATIS/THREE, State:ALLOCATED, leaderId:, CreationTimestamp2023-10-17T18:45:06.348Z[Etc/UTC]]
2023-10-17 18:45:06,349 [RatisPipelineUtilsThread - 0] INFO  pipeline.RatisPipelineProvider (RatisPipelineProvider.java:lambda$create$0(206)) - Sending CreatePipelineCommand for pipeline:PipelineID=c17d4717-ad27-4244-88a7-df4abae40fc1 to datanode:57da0847-4950-4ea9-a1de-cd2dacb809d4
2023-10-17 18:45:06,350 [RatisPipelineUtilsThread - 0] INFO  pipeline.RatisPipelineProvider (RatisPipelineProvider.java:lambda$create$0(206)) - Sending CreatePipelineCommand for pipeline:PipelineID=c17d4717-ad27-4244-88a7-df4abae40fc1 to datanode:f3b37029-1869-41d6-8bc8-d85a9541d8ef
2023-10-17 18:45:06,350 [RatisPipelineUtilsThread - 0] INFO  pipeline.RatisPipelineProvider (RatisPipelineProvider.java:lambda$create$0(206)) - Sending CreatePipelineCommand for pipeline:PipelineID=c17d4717-ad27-4244-88a7-df4abae40fc1 to datanode:f2d55db1-4d7a-4f26-8f17-39f168379328
2023-10-17 18:45:06,350 [RatisPipelineUtilsThread - 0] INFO  pipeline.PipelineManagerImpl (PipelineManagerImpl.java:recordMetricsForPipeline(895)) - Pipeline: PipelineID=c17d4717-ad27-4244-88a7-df4abae40fc1 contains same datanodes as previous pipelines: PipelineID=437f5971-21fe-4035-bc47-aecf0c411497 nodeIds: 57da0847-4950-4ea9-a1de-cd2dacb809d4, f3b37029-1869-41d6-8bc8-d85a9541d8ef, f2d55db1-4d7a-4f26-8f17-39f168379328
2023-10-17 18:45:06,350 [RatisPipelineUtilsThread - 0] INFO  pipeline.BackgroundPipelineCreator (BackgroundPipelineCreator.java:createPipelines(233)) - Created new pipeline Pipeline[ Id: c17d4717-ad27-4244-88a7-df4abae40fc1, Nodes: 57da0847-4950-4ea9-a1de-cd2dacb809d4(fv-az189-115/10.1.0.25)f3b37029-1869-41d6-8bc8-d85a9541d8ef(fv-az189-115/10.1.0.25)f2d55db1-4d7a-4f26-8f17-39f168379328(fv-az189-115/10.1.0.25), ReplicationConfig: RATIS/THREE, State:ALLOCATED, leaderId:, CreationTimestamp2023-10-17T18:45:06.349Z[Etc/UTC]]
2023-10-17 18:45:07,345 [Time-limited test] INFO  ozone.MiniOzoneClusterImpl (MiniOzoneClusterImpl.java:lambda$waitForClusterToBeReady$0(229)) - Nodes are ready. Got 3 of 3 DN Heartbeats.
2023-10-17 18:45:07,345 [Time-limited test] INFO  ozone.MiniOzoneClusterImpl (MiniOzoneClusterImpl.java:lambda$waitForClusterToBeReady$0(232)) - Waiting for cluster to exit safe mode
2023-10-17 18:45:07,345 [Time-limited test] INFO  ozone.MiniOzoneClusterImpl (MiniOzoneClusterImpl.java:lambda$waitForClusterToBeReady$0(234)) - SCM became leader
2023-10-17 18:45:08,345 [Time-limited test] INFO  ozone.MiniOzoneClusterImpl (MiniOzoneClusterImpl.java:lambda$waitForClusterToBeReady$0(229)) - Nodes are ready. Got 3 of 3 DN Heartbeats.
2023-10-17 18:45:08,346 [Time-limited test] INFO  ozone.MiniOzoneClusterImpl (MiniOzoneClusterImpl.java:lambda$waitForClusterToBeReady$0(232)) - Waiting for cluster to exit safe mode
2023-10-17 18:45:08,346 [Time-limited test] INFO  ozone.MiniOzoneClusterImpl (MiniOzoneClusterImpl.java:lambda$waitForClusterToBeReady$0(234)) - SCM became leader
2023-10-17 18:45:08,758 [PipelineCommandHandlerThread-0] INFO  server.RaftServer (RaftServerProxy.java:addNew(98)) - 57da0847-4950-4ea9-a1de-cd2dacb809d4: addNew group-D28988D642C9:[57da0847-4950-4ea9-a1de-cd2dacb809d4|rpc:10.1.0.25:15188|admin:10.1.0.25:15187|client:10.1.0.25:15186|dataStream:10.1.0.25:15189|priority:1|startupRole:FOLLOWER] returns group-D28988D642C9:java.util.concurrent.CompletableFuture@db0c9e4[Not completed]
2023-10-17 18:45:08,760 [57da0847-4950-4ea9-a1de-cd2dacb809d4-groupManagement] INFO  server.RaftServer$Division (RaftServerImpl.java:<init>(198)) - 57da0847-4950-4ea9-a1de-cd2dacb809d4: new RaftServerImpl for group-D28988D642C9:[57da0847-4950-4ea9-a1de-cd2dacb809d4|rpc:10.1.0.25:15188|admin:10.1.0.25:15187|client:10.1.0.25:15186|dataStream:10.1.0.25:15189|priority:1|startupRole:FOLLOWER] with ContainerStateMachine:uninitialized
2023-10-17 18:45:08,761 [57da0847-4950-4ea9-a1de-cd2dacb809d4-groupManagement] INFO  server.RaftServerConfigKeys (ConfUtils.java:logGet(46)) - raft.server.rpc.timeout.min = 5s (custom)
2023-10-17 18:45:08,761 [57da0847-4950-4ea9-a1de-cd2dacb809d4-groupManagement] INFO  server.RaftServerConfigKeys (ConfUtils.java:logGet(46)) - raft.server.rpc.timeout.max = 5200ms (custom)
2023-10-17 18:45:08,761 [57da0847-4950-4ea9-a1de-cd2dacb809d4-groupManagement] INFO  server.RaftServerConfigKeys (ConfUtils.java:logGet(46)) - raft.server.rpc.sleep.time = 25ms (default)
2023-10-17 18:45:08,761 [57da0847-4950-4ea9-a1de-cd2dacb809d4-groupManagement] INFO  server.RaftServerConfigKeys (ConfUtils.java:logGet(46)) - raft.server.rpc.slowness.timeout = 300s (custom)
2023-10-17 18:45:08,761 [57da0847-4950-4ea9-a1de-cd2dacb809d4-groupManagement] INFO  server.RaftServerConfigKeys (ConfUtils.java:logGet(46)) - raft.server.leaderelection.leader.step-down.wait-time = 10s (default)
2023-10-17 18:45:08,761 [57da0847-4950-4ea9-a1de-cd2dacb809d4-groupManagement] INFO  server.RaftServerConfigKeys (ConfUtils.java:logGet(46)) - raft.server.sleep.deviation.threshold = 300ms (default)
2023-10-17 18:45:08,761 [57da0847-4950-4ea9-a1de-cd2dacb809d4-groupManagement] INFO  server.RaftServer$Division (ServerState.java:<init>(120)) - 57da0847-4950-4ea9-a1de-cd2dacb809d4@group-D28988D642C9: ConfigurationManager, init=-1: peers:[57da0847-4950-4ea9-a1de-cd2dacb809d4|rpc:10.1.0.25:15188|admin:10.1.0.25:15187|client:10.1.0.25:15186|dataStream:10.1.0.25:15189|priority:1|startupRole:FOLLOWER]|listeners:[], old=null, confs=<EMPTY_MAP>
2023-10-17 18:45:08,761 [57da0847-4950-4ea9-a1de-cd2dacb809d4-groupManagement] INFO  server.RaftServerConfigKeys (ConfUtils.java:logGet(46)) - raft.server.storage.dir = [/home/runner/work/ozone/ozone/hadoop-ozone/integration-test/target/test-dir/MiniOzoneClusterImpl-14327f45-78e1-4847-8051-3610e19f479d/datanode-0/data/ratis] (custom)
2023-10-17 18:45:08,761 [57da0847-4950-4ea9-a1de-cd2dacb809d4-groupManagement] INFO  server.RaftServerConfigKeys (ConfUtils.java:logGet(46)) - raft.server.log.corruption.policy = EXCEPTION (default)
2023-10-17 18:45:08,761 [57da0847-4950-4ea9-a1de-cd2dacb809d4-groupManagement] INFO  server.RaftServerConfigKeys (ConfUtils.java:logGet(46)) - raft.server.storage.free-space.min = 0MB (=0) (default)
2023-10-17 18:45:08,762 [57da0847-4950-4ea9-a1de-cd2dacb809d4-groupManagement] INFO  server.RaftServerConfigKeys (ConfUtils.java:logGet(46)) - raft.server.notification.no-leader.timeout = 300s (custom)
2023-10-17 18:45:08,762 [57da0847-4950-4ea9-a1de-cd2dacb809d4-groupManagement] INFO  server.RaftServerConfigKeys (ConfUtils.java:logGet(46)) - raft.server.read.timeout = 10s (default)
2023-10-17 18:45:08,762 [57da0847-4950-4ea9-a1de-cd2dacb809d4-groupManagement] INFO  server.RaftServerConfigKeys (ConfUtils.java:logGet(46)) - raft.server.retrycache.expirytime = 600000ms (custom)
2023-10-17 18:45:08,762 [57da0847-4950-4ea9-a1de-cd2dacb809d4-groupManagement] INFO  server.RaftServerConfigKeys (ConfUtils.java:logGet(46)) - raft.server.retrycache.statistics.expirytime = 100μs (default)
2023-10-17 18:45:08,762 [57da0847-4950-4ea9-a1de-cd2dacb809d4-groupManagement] INFO  server.RaftServerConfigKeys (ConfUtils.java:logGet(46)) - raft.server.read.option = DEFAULT (default)
2023-10-17 18:45:08,763 [57da0847-4950-4ea9-a1de-cd2dacb809d4-groupManagement] INFO  server.RaftServerConfigKeys (ConfUtils.java:logGet(46)) - raft.server.rpc.request.timeout = 60s (custom)
2023-10-17 18:45:08,763 [57da0847-4950-4ea9-a1de-cd2dacb809d4-groupManagement] INFO  server.RaftServerConfigKeys (ConfUtils.java:logGet(46)) - raft.server.log.appender.install.snapshot.enabled = false (custom)
2023-10-17 18:45:08,763 [57da0847-4950-4ea9-a1de-cd2dacb809d4-groupManagement] INFO  server.RaftServerConfigKeys (ConfUtils.java:logGet(46)) - raft.server.threadpool.server.cached = true (default)
2023-10-17 18:45:08,763 [57da0847-4950-4ea9-a1de-cd2dacb809d4-groupManagement] INFO  server.RaftServerConfigKeys (ConfUtils.java:logGet(46)) - raft.server.threadpool.server.size = 0 (default)
2023-10-17 18:45:08,763 [57da0847-4950-4ea9-a1de-cd2dacb809d4-groupManagement] INFO  server.RaftServerConfigKeys (ConfUtils.java:logGet(46)) - raft.server.threadpool.client.cached = true (default)
2023-10-17 18:45:08,763 [57da0847-4950-4ea9-a1de-cd2dacb809d4-groupManagement] INFO  server.RaftServerConfigKeys (ConfUtils.java:logGet(46)) - raft.server.threadpool.client.size = 0 (default)
2023-10-17 18:45:08,763 [57da0847-4950-4ea9-a1de-cd2dacb809d4-groupManagement] INFO  storage.RaftStorageDirectory (RaftStorageDirectoryImpl.java:analyzeStorage(137)) - The storage directory /home/runner/work/ozone/ozone/hadoop-ozone/integration-test/target/test-dir/MiniOzoneClusterImpl-14327f45-78e1-4847-8051-3610e19f479d/datanode-0/data/ratis/fc40adfc-3a43-499a-a0d4-d28988d642c9 does not exist. Creating ...
2023-10-17 18:45:08,764 [57da0847-4950-4ea9-a1de-cd2dacb809d4-groupManagement] INFO  storage.RaftStorageDirectory (RaftStorageDirectoryImpl.java:tryLock(231)) - Lock on /home/runner/work/ozone/ozone/hadoop-ozone/integration-test/target/test-dir/MiniOzoneClusterImpl-14327f45-78e1-4847-8051-3610e19f479d/datanode-0/data/ratis/fc40adfc-3a43-499a-a0d4-d28988d642c9/in_use.lock acquired by nodename 31914@fv-az189-115
2023-10-17 18:45:08,769 [57da0847-4950-4ea9-a1de-cd2dacb809d4-groupManagement] INFO  storage.RaftStorage (RaftStorageImpl.java:format(96)) - Storage directory /home/runner/work/ozone/ozone/hadoop-ozone/integration-test/target/test-dir/MiniOzoneClusterImpl-14327f45-78e1-4847-8051-3610e19f479d/datanode-0/data/ratis/fc40adfc-3a43-499a-a0d4-d28988d642c9 has been successfully formatted.
2023-10-17 18:45:08,770 [57da0847-4950-4ea9-a1de-cd2dacb809d4-groupManagement] INFO  ratis.ContainerStateMachine (ContainerStateMachine.java:loadSnapshot(262)) - group-D28988D642C9: The snapshot info is null. Setting the last applied indexto:(t:0, i:~)
2023-10-17 18:45:08,770 [57da0847-4950-4ea9-a1de-cd2dacb809d4-groupManagement] INFO  server.RaftServerConfigKeys (ConfUtils.java:logGet(46)) - raft.server.log.use.memory = false (default)
2023-10-17 18:45:08,770 [57da0847-4950-4ea9-a1de-cd2dacb809d4-groupManagement] INFO  server.RaftServerConfigKeys (ConfUtils.java:logGet(46)) - raft.server.log.purge.gap = 1000000 (custom)
2023-10-17 18:45:08,770 [57da0847-4950-4ea9-a1de-cd2dacb809d4-groupManagement] INFO  server.RaftServerConfigKeys (ConfUtils.java:logGet(46)) - raft.server.log.appender.buffer.byte-limit = 33554432 (custom)
2023-10-17 18:45:08,770 [57da0847-4950-4ea9-a1de-cd2dacb809d4-groupManagement] INFO  server.RaftServerConfigKeys (ConfUtils.java:logGet(46)) - raft.server.log.statemachine.data.read.timeout = 1000ms (default)
2023-10-17 18:45:08,770 [57da0847-4950-4ea9-a1de-cd2dacb809d4-groupManagement] INFO  server.RaftServerConfigKeys (ConfUtils.java:logGet(46)) - raft.server.log.purge.preservation.log.num = 0 (default)
2023-10-17 18:45:08,771 [57da0847-4950-4ea9-a1de-cd2dacb809d4-groupManagement] INFO  server.RaftServerConfigKeys (ConfUtils.java:logGet(46)) - raft.server.log.segment.size.max = 1048576 (custom)
2023-10-17 18:45:08,771 [57da0847-4950-4ea9-a1de-cd2dacb809d4-groupManagement] INFO  server.RaftServerConfigKeys (ConfUtils.java:logGet(46)) - raft.server.log.segment.cache.num.max = 2 (custom)
2023-10-17 18:45:08,771 [57da0847-4950-4ea9-a1de-cd2dacb809d4-groupManagement] INFO  server.RaftServerConfigKeys (ConfUtils.java:logGet(46)) - raft.server.log.segment.cache.size.max = 200MB (=209715200) (default)
2023-10-17 18:45:08,771 [57da0847-4950-4ea9-a1de-cd2dacb809d4-groupManagement] INFO  server.RaftServerConfigKeys (ConfUtils.java:logGet(46)) - raft.server.log.appender.buffer.byte-limit = 33554432 (custom)
2023-10-17 18:45:08,771 [57da0847-4950-4ea9-a1de-cd2dacb809d4-groupManagement] INFO  segmented.SegmentedRaftLogWorker (SegmentedRaftLogWorker.java:<init>(188)) - new 57da0847-4950-4ea9-a1de-cd2dacb809d4@group-D28988D642C9-SegmentedRaftLogWorker for RaftStorageImpl:Storage Directory /home/runner/work/ozone/ozone/hadoop-ozone/integration-test/target/test-dir/MiniOzoneClusterImpl-14327f45-78e1-4847-8051-3610e19f479d/datanode-0/data/ratis/fc40adfc-3a43-499a-a0d4-d28988d642c9
2023-10-17 18:45:08,771 [57da0847-4950-4ea9-a1de-cd2dacb809d4-groupManagement] INFO  server.RaftServerConfigKeys (ConfUtils.java:logGet(46)) - raft.server.log.queue.byte-limit = 4294967296 (custom)
2023-10-17 18:45:08,771 [57da0847-4950-4ea9-a1de-cd2dacb809d4-groupManagement] INFO  server.RaftServerConfigKeys (ConfUtils.java:logGet(46)) - raft.server.log.queue.element-limit = 1024 (custom)
2023-10-17 18:45:08,771 [57da0847-4950-4ea9-a1de-cd2dacb809d4-groupManagement] INFO  server.RaftServerConfigKeys (ConfUtils.java:logGet(46)) - raft.server.log.segment.size.max = 1048576 (custom)
2023-10-17 18:45:08,771 [57da0847-4950-4ea9-a1de-cd2dacb809d4-groupManagement] INFO  server.RaftServerConfigKeys (ConfUtils.java:logGet(46)) - raft.server.log.preallocated.size = 16384 (custom)
2023-10-17 18:45:08,771 [57da0847-4950-4ea9-a1de-cd2dacb809d4-groupManagement] INFO  server.RaftServerConfigKeys (ConfUtils.java:logGet(46)) - raft.server.log.force.sync.num = 128 (default)
2023-10-17 18:45:08,771 [57da0847-4950-4ea9-a1de-cd2dacb809d4-groupManagement] INFO  server.RaftServerConfigKeys (ConfUtils.java:logGet(46)) - raft.server.log.statemachine.data.sync = true (default)
2023-10-17 18:45:08,771 [57da0847-4950-4ea9-a1de-cd2dacb809d4-groupManagement] INFO  server.RaftServerConfigKeys (ConfUtils.java:logGet(46)) - raft.server.log.statemachine.data.sync.timeout = 10s (default)
2023-10-17 18:45:08,771 [57da0847-4950-4ea9-a1de-cd2dacb809d4-groupManagement] INFO  server.RaftServerConfigKeys (ConfUtils.java:logGet(46)) - raft.server.log.statemachine.data.sync.timeout.retry = -1 (default)
2023-10-17 18:45:08,772 [57da0847-4950-4ea9-a1de-cd2dacb809d4-groupManagement] INFO  server.RaftServerConfigKeys (ConfUtils.java:logGet(46)) - raft.server.log.write.buffer.size = 1048576 (custom)
2023-10-17 18:45:08,772 [57da0847-4950-4ea9-a1de-cd2dacb809d4-groupManagement] INFO  server.RaftServerConfigKeys (ConfUtils.java:logGet(46)) - raft.server.log.appender.buffer.byte-limit = 33554432 (custom)
2023-10-17 18:45:08,776 [EventQueue-PipelineReportForPipelineReportHandler] INFO  pipeline.PipelineReportHandler (PipelineReportHandler.java:processPipelineReport(136)) - Opened pipeline PipelineID=fc40adfc-3a43-499a-a0d4-d28988d642c9
2023-10-17 18:45:08,777 [57da0847-4950-4ea9-a1de-cd2dacb809d4-groupManagement] INFO  server.RaftServerConfigKeys (ConfUtils.java:logGet(46)) - raft.server.log.unsafe-flush.enabled = false (default)
2023-10-17 18:45:08,777 [57da0847-4950-4ea9-a1de-cd2dacb809d4-groupManagement] INFO  server.RaftServerConfigKeys (ConfUtils.java:logGet(46)) - raft.server.log.async-flush.enabled = false (default)
2023-10-17 18:45:08,777 [57da0847-4950-4ea9-a1de-cd2dacb809d4-groupManagement] INFO  server.RaftServerConfigKeys (ConfUtils.java:logGet(46)) - raft.server.log.statemachine.data.caching.enabled = true (custom)
2023-10-17 18:45:08,778 [57da0847-4950-4ea9-a1de-cd2dacb809d4-groupManagement] INFO  segmented.SegmentedRaftLogWorker (SegmentedRaftLogWorker.java:lambda$new$0(135)) - 57da0847-4950-4ea9-a1de-cd2dacb809d4@group-D28988D642C9-SegmentedRaftLogWorker: flushIndex: setUnconditionally 0 -> -1
2023-10-17 18:45:08,778 [57da0847-4950-4ea9-a1de-cd2dacb809d4-groupManagement] INFO  segmented.SegmentedRaftLogWorker (SegmentedRaftLogWorker.java:lambda$new$0(135)) - 57da0847-4950-4ea9-a1de-cd2dacb809d4@group-D28988D642C9-SegmentedRaftLogWorker: safeCacheEvictIndex: setUnconditionally 0 -> -1
2023-10-17 18:45:08,783 [EventQueue-OpenPipelineForHealthyPipelineSafeModeRule] INFO  safemode.SCMSafeModeManager (HealthyPipelineSafeModeRule.java:process(137)) - SCM in safe mode. Healthy pipelines reported count is 0, required healthy pipeline reported count is 1
2023-10-17 18:45:08,783 [57da0847-4950-4ea9-a1de-cd2dacb809d4-groupManagement] INFO  server.RaftServer$Division (RaftServerImpl.java:start(342)) - 57da0847-4950-4ea9-a1de-cd2dacb809d4@group-D28988D642C9: start as a follower, conf=-1: peers:[57da0847-4950-4ea9-a1de-cd2dacb809d4|rpc:10.1.0.25:15188|admin:10.1.0.25:15187|client:10.1.0.25:15186|dataStream:10.1.0.25:15189|priority:1|startupRole:FOLLOWER]|listeners:[], old=null
2023-10-17 18:45:08,783 [57da0847-4950-4ea9-a1de-cd2dacb809d4-groupManagement] INFO  server.RaftServer$Division (RaftServerImpl.java:setRole(329)) - 57da0847-4950-4ea9-a1de-cd2dacb809d4@group-D28988D642C9: changes role from      null to FOLLOWER at term 0 for startAsFollower
2023-10-17 18:45:08,783 [57da0847-4950-4ea9-a1de-cd2dacb809d4-groupManagement] INFO  impl.RoleInfo (RoleInfo.java:updateAndGet(139)) - 57da0847-4950-4ea9-a1de-cd2dacb809d4: start 57da0847-4950-4ea9-a1de-cd2dacb809d4@group-D28988D642C9-FollowerState
2023-10-17 18:45:08,785 [57da0847-4950-4ea9-a1de-cd2dacb809d4-groupManagement] INFO  util.JmxRegister (JmxRegister.java:tryRegister(44)) - Successfully registered JMX Bean with object name Ratis:service=RaftServer,group=group-D28988D642C9,id=57da0847-4950-4ea9-a1de-cd2dacb809d4
2023-10-17 18:45:08,785 [57da0847-4950-4ea9-a1de-cd2dacb809d4@group-D28988D642C9-FollowerState] INFO  server.RaftServerConfigKeys (ConfUtils.java:logFallback(53)) - raft.server.rpc.first-election.timeout.min = 5s (fallback to raft.server.rpc.timeout.min)
2023-10-17 18:45:08,785 [57da0847-4950-4ea9-a1de-cd2dacb809d4-groupManagement] INFO  server.RaftServerConfigKeys (ConfUtils.java:logGet(46)) - raft.server.snapshot.auto.trigger.enabled = true (custom)
2023-10-17 18:45:08,785 [57da0847-4950-4ea9-a1de-cd2dacb809d4@group-D28988D642C9-FollowerState] INFO  server.RaftServerConfigKeys (ConfUtils.java:logFallback(53)) - raft.server.rpc.first-election.timeout.max = 5200ms (fallback to raft.server.rpc.timeout.max)
2023-10-17 18:45:08,785 [57da0847-4950-4ea9-a1de-cd2dacb809d4-groupManagement] INFO  server.RaftServerConfigKeys (ConfUtils.java:logGet(46)) - raft.server.snapshot.auto.trigger.threshold = 10000 (custom)
2023-10-17 18:45:08,785 [57da0847-4950-4ea9-a1de-cd2dacb809d4-groupManagement] INFO  server.RaftServerConfigKeys (ConfUtils.java:logGet(46)) - raft.server.snapshot.retention.file.num = 5 (custom)
2023-10-17 18:45:08,785 [57da0847-4950-4ea9-a1de-cd2dacb809d4-groupManagement] INFO  server.RaftServerConfigKeys (ConfUtils.java:logGet(46)) - raft.server.log.purge.upto.snapshot.index = false (default)
2023-10-17 18:45:08,786 [PipelineCommandHandlerThread-0] INFO  ratis.XceiverServerRatis (XceiverServerRatis.java:addGroup(804)) - Created group PipelineID=fc40adfc-3a43-499a-a0d4-d28988d642c9
2023-10-17 18:45:08,786 [PipelineCommandHandlerThread-0] INFO  commandhandler.CreatePipelineCommandHandler (CreatePipelineCommandHandler.java:lambda$handle$2(124)) - Created Pipeline RATIS ONE PipelineID=fc40adfc-3a43-499a-a0d4-d28988d642c9.
2023-10-17 18:45:08,786 [PipelineCommandHandlerThread-0] INFO  server.RaftServer (RaftServerProxy.java:addNew(98)) - 57da0847-4950-4ea9-a1de-cd2dacb809d4: addNew group-AECF0C411497:[f3b37029-1869-41d6-8bc8-d85a9541d8ef|rpc:10.1.0.25:15206|admin:10.1.0.25:15205|client:10.1.0.25:15204|dataStream:10.1.0.25:15207|priority:0|startupRole:FOLLOWER, 57da0847-4950-4ea9-a1de-cd2dacb809d4|rpc:10.1.0.25:15188|admin:10.1.0.25:15187|client:10.1.0.25:15186|dataStream:10.1.0.25:15189|priority:0|startupRole:FOLLOWER, f2d55db1-4d7a-4f26-8f17-39f168379328|rpc:10.1.0.25:15197|admin:10.1.0.25:15196|client:10.1.0.25:15195|dataStream:10.1.0.25:15198|priority:1|startupRole:FOLLOWER] returns group-AECF0C411497:java.util.concurrent.CompletableFuture@98f4c8a[Not completed]
2023-10-17 18:45:08,787 [57da0847-4950-4ea9-a1de-cd2dacb809d4-groupManagement] INFO  server.RaftServer$Division (RaftServerImpl.java:<init>(198)) - 57da0847-4950-4ea9-a1de-cd2dacb809d4: new RaftServerImpl for group-AECF0C411497:[f3b37029-1869-41d6-8bc8-d85a9541d8ef|rpc:10.1.0.25:15206|admin:10.1.0.25:15205|client:10.1.0.25:15204|dataStream:10.1.0.25:15207|priority:0|startupRole:FOLLOWER, 57da0847-4950-4ea9-a1de-cd2dacb809d4|rpc:10.1.0.25:15188|admin:10.1.0.25:15187|client:10.1.0.25:15186|dataStream:10.1.0.25:15189|priority:0|startupRole:FOLLOWER, f2d55db1-4d7a-4f26-8f17-39f168379328|rpc:10.1.0.25:15197|admin:10.1.0.25:15196|client:10.1.0.25:15195|dataStream:10.1.0.25:15198|priority:1|startupRole:FOLLOWER] with ContainerStateMachine:uninitialized
2023-10-17 18:45:08,787 [57da0847-4950-4ea9-a1de-cd2dacb809d4-groupManagement] INFO  server.RaftServerConfigKeys (ConfUtils.java:logGet(46)) - raft.server.rpc.timeout.min = 5s (custom)
2023-10-17 18:45:08,787 [57da0847-4950-4ea9-a1de-cd2dacb809d4-groupManagement] INFO  server.RaftServerConfigKeys (ConfUtils.java:logGet(46)) - raft.server.rpc.timeout.max = 5200ms (custom)
2023-10-17 18:45:08,787 [57da0847-4950-4ea9-a1de-cd2dacb809d4-groupManagement] INFO  server.RaftServerConfigKeys (ConfUtils.java:logGet(46)) - raft.server.rpc.sleep.time = 25ms (default)
2023-10-17 18:45:08,787 [57da0847-4950-4ea9-a1de-cd2dacb809d4-groupManagement] INFO  server.RaftServerConfigKeys (ConfUtils.java:logGet(46)) - raft.server.rpc.slowness.timeout = 300s (custom)
2023-10-17 18:45:08,787 [57da0847-4950-4ea9-a1de-cd2dacb809d4-groupManagement] INFO  server.RaftServerConfigKeys (ConfUtils.java:logGet(46)) - raft.server.leaderelection.leader.step-down.wait-time = 10s (default)
2023-10-17 18:45:08,787 [57da0847-4950-4ea9-a1de-cd2dacb809d4-groupManagement] INFO  server.RaftServerConfigKeys (ConfUtils.java:logGet(46)) - raft.server.sleep.deviation.threshold = 300ms (default)
2023-10-17 18:45:08,787 [57da0847-4950-4ea9-a1de-cd2dacb809d4-groupManagement] INFO  server.RaftServer$Division (ServerState.java:<init>(120)) - 57da0847-4950-4ea9-a1de-cd2dacb809d4@group-AECF0C411497: ConfigurationManager, init=-1: peers:[f3b37029-1869-41d6-8bc8-d85a9541d8ef|rpc:10.1.0.25:15206|admin:10.1.0.25:15205|client:10.1.0.25:15204|dataStream:10.1.0.25:15207|priority:0|startupRole:FOLLOWER, 57da0847-4950-4ea9-a1de-cd2dacb809d4|rpc:10.1.0.25:15188|admin:10.1.0.25:15187|client:10.1.0.25:15186|dataStream:10.1.0.25:15189|priority:0|startupRole:FOLLOWER, f2d55db1-4d7a-4f26-8f17-39f168379328|rpc:10.1.0.25:15197|admin:10.1.0.25:15196|client:10.1.0.25:15195|dataStream:10.1.0.25:15198|priority:1|startupRole:FOLLOWER]|listeners:[], old=null, confs=<EMPTY_MAP>
2023-10-17 18:45:08,787 [57da0847-4950-4ea9-a1de-cd2dacb809d4-groupManagement] INFO  server.RaftServerConfigKeys (ConfUtils.java:logGet(46)) - raft.server.storage.dir = [/home/runner/work/ozone/ozone/hadoop-ozone/integration-test/target/test-dir/MiniOzoneClusterImpl-14327f45-78e1-4847-8051-3610e19f479d/datanode-0/data/ratis] (custom)
2023-10-17 18:45:08,787 [57da0847-4950-4ea9-a1de-cd2dacb809d4-groupManagement] INFO  server.RaftServerConfigKeys (ConfUtils.java:logGet(46)) - raft.server.log.corruption.policy = EXCEPTION (default)
2023-10-17 18:45:08,787 [57da0847-4950-4ea9-a1de-cd2dacb809d4-groupManagement] INFO  server.RaftServerConfigKeys (ConfUtils.java:logGet(46)) - raft.server.storage.free-space.min = 0MB (=0) (default)
2023-10-17 18:45:08,788 [57da0847-4950-4ea9-a1de-cd2dacb809d4-groupManagement] INFO  server.RaftServerConfigKeys (ConfUtils.java:logGet(46)) - raft.server.notification.no-leader.timeout = 300s (custom)
2023-10-17 18:45:08,788 [57da0847-4950-4ea9-a1de-cd2dacb809d4-groupManagement] INFO  server.RaftServerConfigKeys (ConfUtils.java:logGet(46)) - raft.server.read.timeout = 10s (default)
2023-10-17 18:45:08,788 [57da0847-4950-4ea9-a1de-cd2dacb809d4-groupManagement] INFO  server.RaftServerConfigKeys (ConfUtils.java:logGet(46)) - raft.server.retrycache.expirytime = 600000ms (custom)
2023-10-17 18:45:08,788 [57da0847-4950-4ea9-a1de-cd2dacb809d4-groupManagement] INFO  server.RaftServerConfigKeys (ConfUtils.java:logGet(46)) - raft.server.retrycache.statistics.expirytime = 100μs (default)
2023-10-17 18:45:08,788 [57da0847-4950-4ea9-a1de-cd2dacb809d4-groupManagement] INFO  server.RaftServerConfigKeys (ConfUtils.java:logGet(46)) - raft.server.read.option = DEFAULT (default)
2023-10-17 18:45:08,788 [57da0847-4950-4ea9-a1de-cd2dacb809d4-groupManagement] INFO  server.RaftServerConfigKeys (ConfUtils.java:logGet(46)) - raft.server.rpc.request.timeout = 60s (custom)
2023-10-17 18:45:08,788 [57da0847-4950-4ea9-a1de-cd2dacb809d4-groupManagement] INFO  server.RaftServerConfigKeys (ConfUtils.java:logGet(46)) - raft.server.log.appender.install.snapshot.enabled = false (custom)
2023-10-17 18:45:08,788 [57da0847-4950-4ea9-a1de-cd2dacb809d4-groupManagement] INFO  server.RaftServerConfigKeys (ConfUtils.java:logGet(46)) - raft.server.threadpool.server.cached = true (default)
2023-10-17 18:45:08,788 [57da0847-4950-4ea9-a1de-cd2dacb809d4-groupManagement] INFO  server.RaftServerConfigKeys (ConfUtils.java:logGet(46)) - raft.server.threadpool.server.size = 0 (default)
2023-10-17 18:45:08,788 [57da0847-4950-4ea9-a1de-cd2dacb809d4-groupManagement] INFO  server.RaftServerConfigKeys (ConfUtils.java:logGet(46)) - raft.server.threadpool.client.cached = true (default)
2023-10-17 18:45:08,788 [57da0847-4950-4ea9-a1de-cd2dacb809d4-groupManagement] INFO  server.RaftServerConfigKeys (ConfUtils.java:logGet(46)) - raft.server.threadpool.client.size = 0 (default)
2023-10-17 18:45:08,789 [57da0847-4950-4ea9-a1de-cd2dacb809d4-groupManagement] INFO  storage.RaftStorageDirectory (RaftStorageDirectoryImpl.java:analyzeStorage(137)) - The storage directory /home/runner/work/ozone/ozone/hadoop-ozone/integration-test/target/test-dir/MiniOzoneClusterImpl-14327f45-78e1-4847-8051-3610e19f479d/datanode-0/data/ratis/437f5971-21fe-4035-bc47-aecf0c411497 does not exist. Creating ...
2023-10-17 18:45:08,790 [57da0847-4950-4ea9-a1de-cd2dacb809d4-groupManagement] INFO  storage.RaftStorageDirectory (RaftStorageDirectoryImpl.java:tryLock(231)) - Lock on /home/runner/work/ozone/ozone/hadoop-ozone/integration-test/target/test-dir/MiniOzoneClusterImpl-14327f45-78e1-4847-8051-3610e19f479d/datanode-0/data/ratis/437f5971-21fe-4035-bc47-aecf0c411497/in_use.lock acquired by nodename 31914@fv-az189-115
2023-10-17 18:45:08,791 [57da0847-4950-4ea9-a1de-cd2dacb809d4-groupManagement] INFO  storage.RaftStorage (RaftStorageImpl.java:format(96)) - Storage directory /home/runner/work/ozone/ozone/hadoop-ozone/integration-test/target/test-dir/MiniOzoneClusterImpl-14327f45-78e1-4847-8051-3610e19f479d/datanode-0/data/ratis/437f5971-21fe-4035-bc47-aecf0c411497 has been successfully formatted.
2023-10-17 18:45:08,791 [57da0847-4950-4ea9-a1de-cd2dacb809d4-groupManagement] INFO  ratis.ContainerStateMachine (ContainerStateMachine.java:loadSnapshot(262)) - group-AECF0C411497: The snapshot info is null. Setting the last applied indexto:(t:0, i:~)
2023-10-17 18:45:08,791 [57da0847-4950-4ea9-a1de-cd2dacb809d4-groupManagement] INFO  server.RaftServerConfigKeys (ConfUtils.java:logGet(46)) - raft.server.log.use.memory = false (default)
2023-10-17 18:45:08,791 [57da0847-4950-4ea9-a1de-cd2dacb809d4-groupManagement] INFO  server.RaftServerConfigKeys (ConfUtils.java:logGet(46)) - raft.server.log.purge.gap = 1000000 (custom)
2023-10-17 18:45:08,791 [57da0847-4950-4ea9-a1de-cd2dacb809d4-groupManagement] INFO  server.RaftServerConfigKeys (ConfUtils.java:logGet(46)) - raft.server.log.appender.buffer.byte-limit = 33554432 (custom)
2023-10-17 18:45:08,791 [57da0847-4950-4ea9-a1de-cd2dacb809d4-groupManagement] INFO  server.RaftServerConfigKeys (ConfUtils.java:logGet(46)) - raft.server.log.statemachine.data.read.timeout = 1000ms (default)
2023-10-17 18:45:08,791 [57da0847-4950-4ea9-a1de-cd2dacb809d4-groupManagement] INFO  server.RaftServerConfigKeys (ConfUtils.java:logGet(46)) - raft.server.log.purge.preservation.log.num = 0 (default)
2023-10-17 18:45:08,791 [57da0847-4950-4ea9-a1de-cd2dacb809d4-groupManagement] INFO  server.RaftServerConfigKeys (ConfUtils.java:logGet(46)) - raft.server.log.segment.size.max = 1048576 (custom)
2023-10-17 18:45:08,792 [57da0847-4950-4ea9-a1de-cd2dacb809d4-groupManagement] INFO  server.RaftServerConfigKeys (ConfUtils.java:logGet(46)) - raft.server.log.segment.cache.num.max = 2 (custom)
2023-10-17 18:45:08,792 [57da0847-4950-4ea9-a1de-cd2dacb809d4-groupManagement] INFO  server.RaftServerConfigKeys (ConfUtils.java:logGet(46)) - raft.server.log.segment.cache.size.max = 200MB (=209715200) (default)
2023-10-17 18:45:08,792 [57da0847-4950-4ea9-a1de-cd2dacb809d4-groupManagement] INFO  server.RaftServerConfigKeys (ConfUtils.java:logGet(46)) - raft.server.log.appender.buffer.byte-limit = 33554432 (custom)
2023-10-17 18:45:08,792 [57da0847-4950-4ea9-a1de-cd2dacb809d4-groupManagement] INFO  segmented.SegmentedRaftLogWorker (SegmentedRaftLogWorker.java:<init>(188)) - new 57da0847-4950-4ea9-a1de-cd2dacb809d4@group-AECF0C411497-SegmentedRaftLogWorker for RaftStorageImpl:Storage Directory /home/runner/work/ozone/ozone/hadoop-ozone/integration-test/target/test-dir/MiniOzoneClusterImpl-14327f45-78e1-4847-8051-3610e19f479d/datanode-0/data/ratis/437f5971-21fe-4035-bc47-aecf0c411497
2023-10-17 18:45:08,792 [57da0847-4950-4ea9-a1de-cd2dacb809d4-groupManagement] INFO  server.RaftServerConfigKeys (ConfUtils.java:logGet(46)) - raft.server.log.queue.byte-limit = 4294967296 (custom)
2023-10-17 18:45:08,792 [57da0847-4950-4ea9-a1de-cd2dacb809d4-groupManagement] INFO  server.RaftServerConfigKeys (ConfUtils.java:logGet(46)) - raft.server.log.queue.element-limit = 1024 (custom)
2023-10-17 18:45:08,792 [57da0847-4950-4ea9-a1de-cd2dacb809d4-groupManagement] INFO  server.RaftServerConfigKeys (ConfUtils.java:logGet(46)) - raft.server.log.segment.size.max = 1048576 (custom)
2023-10-17 18:45:08,792 [57da0847-4950-4ea9-a1de-cd2dacb809d4-groupManagement] INFO  server.RaftServerConfigKeys (ConfUtils.java:logGet(46)) - raft.server.log.preallocated.size = 16384 (custom)
2023-10-17 18:45:08,792 [57da0847-4950-4ea9-a1de-cd2dacb809d4-groupManagement] INFO  server.RaftServerConfigKeys (ConfUtils.java:logGet(46)) - raft.server.log.force.sync.num = 128 (default)
2023-10-17 18:45:08,792 [57da0847-4950-4ea9-a1de-cd2dacb809d4-groupManagement] INFO  server.RaftServerConfigKeys (ConfUtils.java:logGet(46)) - raft.server.log.statemachine.data.sync = true (default)
2023-10-17 18:45:08,792 [57da0847-4950-4ea9-a1de-cd2dacb809d4-groupManagement] INFO  server.RaftServerConfigKeys (ConfUtils.java:logGet(46)) - raft.server.log.statemachine.data.sync.timeout = 10s (default)
2023-10-17 18:45:08,792 [57da0847-4950-4ea9-a1de-cd2dacb809d4-groupManagement] INFO  server.RaftServerConfigKeys (ConfUtils.java:logGet(46)) - raft.server.log.statemachine.data.sync.timeout.retry = -1 (default)
2023-10-17 18:45:08,792 [EventQueue-OpenPipelineForHealthyPipelineSafeModeRule] INFO  safemode.SCMSafeModeManager (HealthyPipelineSafeModeRule.java:process(137)) - SCM in safe mode. Healthy pipelines reported count is 0, required healthy pipeline reported count is 1
2023-10-17 18:45:08,792 [57da0847-4950-4ea9-a1de-cd2dacb809d4-groupManagement] INFO  server.RaftServerConfigKeys (ConfUtils.java:logGet(46)) - raft.server.log.write.buffer.size = 1048576 (custom)
2023-10-17 18:45:08,793 [57da0847-4950-4ea9-a1de-cd2dacb809d4-groupManagement] INFO  server.RaftServerConfigKeys (ConfUtils.java:logGet(46)) - raft.server.log.appender.buffer.byte-limit = 33554432 (custom)
2023-10-17 18:45:08,798 [57da0847-4950-4ea9-a1de-cd2dacb809d4-groupManagement] INFO  server.RaftServerConfigKeys (ConfUtils.java:logGet(46)) - raft.server.log.unsafe-flush.enabled = false (default)
2023-10-17 18:45:08,798 [57da0847-4950-4ea9-a1de-cd2dacb809d4-groupManagement] INFO  server.RaftServerConfigKeys (ConfUtils.java:logGet(46)) - raft.server.log.async-flush.enabled = false (default)
2023-10-17 18:45:08,798 [57da0847-4950-4ea9-a1de-cd2dacb809d4-groupManagement] INFO  server.RaftServerConfigKeys (ConfUtils.java:logGet(46)) - raft.server.log.statemachine.data.caching.enabled = true (custom)
2023-10-17 18:45:08,798 [57da0847-4950-4ea9-a1de-cd2dacb809d4-groupManagement] INFO  segmented.SegmentedRaftLogWorker (SegmentedRaftLogWorker.java:lambda$new$0(135)) - 57da0847-4950-4ea9-a1de-cd2dacb809d4@group-AECF0C411497-SegmentedRaftLogWorker: flushIndex: setUnconditionally 0 -> -1
2023-10-17 18:45:08,798 [57da0847-4950-4ea9-a1de-cd2dacb809d4-groupManagement] INFO  segmented.SegmentedRaftLogWorker (SegmentedRaftLogWorker.java:lambda$new$0(135)) - 57da0847-4950-4ea9-a1de-cd2dacb809d4@group-AECF0C411497-SegmentedRaftLogWorker: safeCacheEvictIndex: setUnconditionally 0 -> -1
2023-10-17 18:45:08,798 [57da0847-4950-4ea9-a1de-cd2dacb809d4-groupManagement] INFO  server.RaftServer$Division (RaftServerImpl.java:start(342)) - 57da0847-4950-4ea9-a1de-cd2dacb809d4@group-AECF0C411497: start as a follower, conf=-1: peers:[f3b37029-1869-41d6-8bc8-d85a9541d8ef|rpc:10.1.0.25:15206|admin:10.1.0.25:15205|client:10.1.0.25:15204|dataStream:10.1.0.25:15207|priority:0|startupRole:FOLLOWER, 57da0847-4950-4ea9-a1de-cd2dacb809d4|rpc:10.1.0.25:15188|admin:10.1.0.25:15187|client:10.1.0.25:15186|dataStream:10.1.0.25:15189|priority:0|startupRole:FOLLOWER, f2d55db1-4d7a-4f26-8f17-39f168379328|rpc:10.1.0.25:15197|admin:10.1.0.25:15196|client:10.1.0.25:15195|dataStream:10.1.0.25:15198|priority:1|startupRole:FOLLOWER]|listeners:[], old=null
2023-10-17 18:45:08,798 [57da0847-4950-4ea9-a1de-cd2dacb809d4-groupManagement] INFO  server.RaftServer$Division (RaftServerImpl.java:setRole(329)) - 57da0847-4950-4ea9-a1de-cd2dacb809d4@group-AECF0C411497: changes role from      null to FOLLOWER at term 0 for startAsFollower
2023-10-17 18:45:08,798 [57da0847-4950-4ea9-a1de-cd2dacb809d4-groupManagement] INFO  impl.RoleInfo (RoleInfo.java:updateAndGet(139)) - 57da0847-4950-4ea9-a1de-cd2dacb809d4: start 57da0847-4950-4ea9-a1de-cd2dacb809d4@group-AECF0C411497-FollowerState
2023-10-17 18:45:08,802 [57da0847-4950-4ea9-a1de-cd2dacb809d4-groupManagement] INFO  util.JmxRegister (JmxRegister.java:tryRegister(44)) - Successfully registered JMX Bean with object name Ratis:service=RaftServer,group=group-AECF0C411497,id=57da0847-4950-4ea9-a1de-cd2dacb809d4
2023-10-17 18:45:08,802 [57da0847-4950-4ea9-a1de-cd2dacb809d4-groupManagement] INFO  server.RaftServerConfigKeys (ConfUtils.java:logGet(46)) - raft.server.snapshot.auto.trigger.enabled = true (custom)
2023-10-17 18:45:08,802 [57da0847-4950-4ea9-a1de-cd2dacb809d4-groupManagement] INFO  server.RaftServerConfigKeys (ConfUtils.java:logGet(46)) - raft.server.snapshot.auto.trigger.threshold = 10000 (custom)
2023-10-17 18:45:08,802 [57da0847-4950-4ea9-a1de-cd2dacb809d4-groupManagement] INFO  server.RaftServerConfigKeys (ConfUtils.java:logGet(46)) - raft.server.snapshot.retention.file.num = 5 (custom)
2023-10-17 18:45:08,802 [57da0847-4950-4ea9-a1de-cd2dacb809d4-groupManagement] INFO  server.RaftServerConfigKeys (ConfUtils.java:logGet(46)) - raft.server.log.purge.upto.snapshot.index = false (default)
2023-10-17 18:45:08,805 [PipelineCommandHandlerThread-0] INFO  ratis.XceiverServerRatis (XceiverServerRatis.java:addGroup(804)) - Created group PipelineID=437f5971-21fe-4035-bc47-aecf0c411497
2023-10-17 18:45:08,809 [57da0847-4950-4ea9-a1de-cd2dacb809d4@group-AECF0C411497-FollowerState] INFO  server.RaftServerConfigKeys (ConfUtils.java:logFallback(53)) - raft.server.rpc.first-election.timeout.min = 5s (fallback to raft.server.rpc.timeout.min)
2023-10-17 18:45:08,809 [57da0847-4950-4ea9-a1de-cd2dacb809d4@group-AECF0C411497-FollowerState] INFO  server.RaftServerConfigKeys (ConfUtils.java:logFallback(53)) - raft.server.rpc.first-election.timeout.max = 5200ms (fallback to raft.server.rpc.timeout.max)
2023-10-17 18:45:08,824 [grpc-default-executor-1] INFO  server.RaftServer (RaftServerProxy.java:addNew(98)) - f3b37029-1869-41d6-8bc8-d85a9541d8ef: addNew group-AECF0C411497:[f3b37029-1869-41d6-8bc8-d85a9541d8ef|rpc:10.1.0.25:15206|admin:10.1.0.25:15205|client:10.1.0.25:15204|dataStream:10.1.0.25:15207|priority:0|startupRole:FOLLOWER, 57da0847-4950-4ea9-a1de-cd2dacb809d4|rpc:10.1.0.25:15188|admin:10.1.0.25:15187|client:10.1.0.25:15186|dataStream:10.1.0.25:15189|priority:0|startupRole:FOLLOWER, f2d55db1-4d7a-4f26-8f17-39f168379328|rpc:10.1.0.25:15197|admin:10.1.0.25:15196|client:10.1.0.25:15195|dataStream:10.1.0.25:15198|priority:1|startupRole:FOLLOWER] returns group-AECF0C411497:java.util.concurrent.CompletableFuture@668602ae[Not completed]
2023-10-17 18:45:08,825 [f3b37029-1869-41d6-8bc8-d85a9541d8ef-groupManagement] INFO  server.RaftServer$Division (RaftServerImpl.java:<init>(198)) - f3b37029-1869-41d6-8bc8-d85a9541d8ef: new RaftServerImpl for group-AECF0C411497:[f3b37029-1869-41d6-8bc8-d85a9541d8ef|rpc:10.1.0.25:15206|admin:10.1.0.25:15205|client:10.1.0.25:15204|dataStream:10.1.0.25:15207|priority:0|startupRole:FOLLOWER, 57da0847-4950-4ea9-a1de-cd2dacb809d4|rpc:10.1.0.25:15188|admin:10.1.0.25:15187|client:10.1.0.25:15186|dataStream:10.1.0.25:15189|priority:0|startupRole:FOLLOWER, f2d55db1-4d7a-4f26-8f17-39f168379328|rpc:10.1.0.25:15197|admin:10.1.0.25:15196|client:10.1.0.25:15195|dataStream:10.1.0.25:15198|priority:1|startupRole:FOLLOWER] with ContainerStateMachine:uninitialized
2023-10-17 18:45:08,825 [f3b37029-1869-41d6-8bc8-d85a9541d8ef-groupManagement] INFO  server.RaftServerConfigKeys (ConfUtils.java:logGet(46)) - raft.server.rpc.timeout.min = 5s (custom)
2023-10-17 18:45:08,825 [f3b37029-1869-41d6-8bc8-d85a9541d8ef-groupManagement] INFO  server.RaftServerConfigKeys (ConfUtils.java:logGet(46)) - raft.server.rpc.timeout.max = 5200ms (custom)
2023-10-17 18:45:08,826 [f3b37029-1869-41d6-8bc8-d85a9541d8ef-groupManagement] INFO  server.RaftServerConfigKeys (ConfUtils.java:logGet(46)) - raft.server.rpc.sleep.time = 25ms (default)
2023-10-17 18:45:08,826 [f3b37029-1869-41d6-8bc8-d85a9541d8ef-groupManagement] INFO  server.RaftServerConfigKeys (ConfUtils.java:logGet(46)) - raft.server.rpc.slowness.timeout = 300s (custom)
2023-10-17 18:45:08,826 [f3b37029-1869-41d6-8bc8-d85a9541d8ef-groupManagement] INFO  server.RaftServerConfigKeys (ConfUtils.java:logGet(46)) - raft.server.leaderelection.leader.step-down.wait-time = 10s (default)
2023-10-17 18:45:08,826 [f3b37029-1869-41d6-8bc8-d85a9541d8ef-groupManagement] INFO  server.RaftServerConfigKeys (ConfUtils.java:logGet(46)) - raft.server.sleep.deviation.threshold = 300ms (default)
2023-10-17 18:45:08,826 [f3b37029-1869-41d6-8bc8-d85a9541d8ef-groupManagement] INFO  server.RaftServer$Division (ServerState.java:<init>(120)) - f3b37029-1869-41d6-8bc8-d85a9541d8ef@group-AECF0C411497: ConfigurationManager, init=-1: peers:[f3b37029-1869-41d6-8bc8-d85a9541d8ef|rpc:10.1.0.25:15206|admin:10.1.0.25:15205|client:10.1.0.25:15204|dataStream:10.1.0.25:15207|priority:0|startupRole:FOLLOWER, 57da0847-4950-4ea9-a1de-cd2dacb809d4|rpc:10.1.0.25:15188|admin:10.1.0.25:15187|client:10.1.0.25:15186|dataStream:10.1.0.25:15189|priority:0|startupRole:FOLLOWER, f2d55db1-4d7a-4f26-8f17-39f168379328|rpc:10.1.0.25:15197|admin:10.1.0.25:15196|client:10.1.0.25:15195|dataStream:10.1.0.25:15198|priority:1|startupRole:FOLLOWER]|listeners:[], old=null, confs=<EMPTY_MAP>
2023-10-17 18:45:08,826 [f3b37029-1869-41d6-8bc8-d85a9541d8ef-groupManagement] INFO  server.RaftServerConfigKeys (ConfUtils.java:logGet(46)) - raft.server.storage.dir = [/home/runner/work/ozone/ozone/hadoop-ozone/integration-test/target/test-dir/MiniOzoneClusterImpl-14327f45-78e1-4847-8051-3610e19f479d/datanode-2/data/ratis] (custom)
2023-10-17 18:45:08,826 [f3b37029-1869-41d6-8bc8-d85a9541d8ef-groupManagement] INFO  server.RaftServerConfigKeys (ConfUtils.java:logGet(46)) - raft.server.log.corruption.policy = EXCEPTION (default)
2023-10-17 18:45:08,826 [f3b37029-1869-41d6-8bc8-d85a9541d8ef-groupManagement] INFO  server.RaftServerConfigKeys (ConfUtils.java:logGet(46)) - raft.server.storage.free-space.min = 0MB (=0) (default)
2023-10-17 18:45:08,826 [f3b37029-1869-41d6-8bc8-d85a9541d8ef-groupManagement] INFO  server.RaftServerConfigKeys (ConfUtils.java:logGet(46)) - raft.server.notification.no-leader.timeout = 300s (custom)
2023-10-17 18:45:08,826 [f3b37029-1869-41d6-8bc8-d85a9541d8ef-groupManagement] INFO  server.RaftServerConfigKeys (ConfUtils.java:logGet(46)) - raft.server.read.timeout = 10s (default)
2023-10-17 18:45:08,826 [f3b37029-1869-41d6-8bc8-d85a9541d8ef-groupManagement] INFO  server.RaftServerConfigKeys (ConfUtils.java:logGet(46)) - raft.server.retrycache.expirytime = 600000ms (custom)
2023-10-17 18:45:08,826 [f3b37029-1869-41d6-8bc8-d85a9541d8ef-groupManagement] INFO  server.RaftServerConfigKeys (ConfUtils.java:logGet(46)) - raft.server.retrycache.statistics.expirytime = 100μs (default)
2023-10-17 18:45:08,826 [f3b37029-1869-41d6-8bc8-d85a9541d8ef-groupManagement] INFO  server.RaftServerConfigKeys (ConfUtils.java:logGet(46)) - raft.server.read.option = DEFAULT (default)
2023-10-17 18:45:08,827 [f3b37029-1869-41d6-8bc8-d85a9541d8ef-groupManagement] INFO  server.RaftServerConfigKeys (ConfUtils.java:logGet(46)) - raft.server.rpc.request.timeout = 60s (custom)
2023-10-17 18:45:08,827 [f3b37029-1869-41d6-8bc8-d85a9541d8ef-groupManagement] INFO  server.RaftServerConfigKeys (ConfUtils.java:logGet(46)) - raft.server.log.appender.install.snapshot.enabled = false (custom)
2023-10-17 18:45:08,827 [f3b37029-1869-41d6-8bc8-d85a9541d8ef-groupManagement] INFO  server.RaftServerConfigKeys (ConfUtils.java:logGet(46)) - raft.server.threadpool.server.cached = true (default)
2023-10-17 18:45:08,827 [f3b37029-1869-41d6-8bc8-d85a9541d8ef-groupManagement] INFO  server.RaftServerConfigKeys (ConfUtils.java:logGet(46)) - raft.server.threadpool.server.size = 0 (default)
2023-10-17 18:45:08,827 [f3b37029-1869-41d6-8bc8-d85a9541d8ef-groupManagement] INFO  server.RaftServerConfigKeys (ConfUtils.java:logGet(46)) - raft.server.threadpool.client.cached = true (default)
2023-10-17 18:45:08,827 [f3b37029-1869-41d6-8bc8-d85a9541d8ef-groupManagement] INFO  server.RaftServerConfigKeys (ConfUtils.java:logGet(46)) - raft.server.threadpool.client.size = 0 (default)
2023-10-17 18:45:08,827 [f3b37029-1869-41d6-8bc8-d85a9541d8ef-groupManagement] INFO  storage.RaftStorageDirectory (RaftStorageDirectoryImpl.java:analyzeStorage(137)) - The storage directory /home/runner/work/ozone/ozone/hadoop-ozone/integration-test/target/test-dir/MiniOzoneClusterImpl-14327f45-78e1-4847-8051-3610e19f479d/datanode-2/data/ratis/437f5971-21fe-4035-bc47-aecf0c411497 does not exist. Creating ...
2023-10-17 18:45:08,829 [f3b37029-1869-41d6-8bc8-d85a9541d8ef-groupManagement] INFO  storage.RaftStorageDirectory (RaftStorageDirectoryImpl.java:tryLock(231)) - Lock on /home/runner/work/ozone/ozone/hadoop-ozone/integration-test/target/test-dir/MiniOzoneClusterImpl-14327f45-78e1-4847-8051-3610e19f479d/datanode-2/data/ratis/437f5971-21fe-4035-bc47-aecf0c411497/in_use.lock acquired by nodename 31914@fv-az189-115
2023-10-17 18:45:08,830 [f3b37029-1869-41d6-8bc8-d85a9541d8ef-groupManagement] INFO  storage.RaftStorage (RaftStorageImpl.java:format(96)) - Storage directory /home/runner/work/ozone/ozone/hadoop-ozone/integration-test/target/test-dir/MiniOzoneClusterImpl-14327f45-78e1-4847-8051-3610e19f479d/datanode-2/data/ratis/437f5971-21fe-4035-bc47-aecf0c411497 has been successfully formatted.
2023-10-17 18:45:08,831 [f3b37029-1869-41d6-8bc8-d85a9541d8ef-groupManagement] INFO  ratis.ContainerStateMachine (ContainerStateMachine.java:loadSnapshot(262)) - group-AECF0C411497: The snapshot info is null. Setting the last applied indexto:(t:0, i:~)
2023-10-17 18:45:08,831 [f3b37029-1869-41d6-8bc8-d85a9541d8ef-groupManagement] INFO  server.RaftServerConfigKeys (ConfUtils.java:logGet(46)) - raft.server.log.use.memory = false (default)
2023-10-17 18:45:08,831 [f3b37029-1869-41d6-8bc8-d85a9541d8ef-groupManagement] INFO  server.RaftServerConfigKeys (ConfUtils.java:logGet(46)) - raft.server.log.purge.gap = 1000000 (custom)
2023-10-17 18:45:08,831 [f3b37029-1869-41d6-8bc8-d85a9541d8ef-groupManagement] INFO  server.RaftServerConfigKeys (ConfUtils.java:logGet(46)) - raft.server.log.appender.buffer.byte-limit = 33554432 (custom)
2023-10-17 18:45:08,832 [f3b37029-1869-41d6-8bc8-d85a9541d8ef-groupManagement] INFO  server.RaftServerConfigKeys (ConfUtils.java:logGet(46)) - raft.server.log.statemachine.data.read.timeout = 1000ms (default)
2023-10-17 18:45:08,832 [f3b37029-1869-41d6-8bc8-d85a9541d8ef-groupManagement] INFO  server.RaftServerConfigKeys (ConfUtils.java:logGet(46)) - raft.server.log.purge.preservation.log.num = 0 (default)
2023-10-17 18:45:08,835 [f3b37029-1869-41d6-8bc8-d85a9541d8ef-groupManagement] INFO  server.RaftServerConfigKeys (ConfUtils.java:logGet(46)) - raft.server.log.segment.size.max = 1048576 (custom)
2023-10-17 18:45:08,835 [f3b37029-1869-41d6-8bc8-d85a9541d8ef-groupManagement] INFO  server.RaftServerConfigKeys (ConfUtils.java:logGet(46)) - raft.server.log.segment.cache.num.max = 2 (custom)
2023-10-17 18:45:08,835 [f3b37029-1869-41d6-8bc8-d85a9541d8ef-groupManagement] INFO  server.RaftServerConfigKeys (ConfUtils.java:logGet(46)) - raft.server.log.segment.cache.size.max = 200MB (=209715200) (default)
2023-10-17 18:45:08,835 [f3b37029-1869-41d6-8bc8-d85a9541d8ef-groupManagement] INFO  server.RaftServerConfigKeys (ConfUtils.java:logGet(46)) - raft.server.log.appender.buffer.byte-limit = 33554432 (custom)
2023-10-17 18:45:08,835 [f3b37029-1869-41d6-8bc8-d85a9541d8ef-groupManagement] INFO  segmented.SegmentedRaftLogWorker (SegmentedRaftLogWorker.java:<init>(188)) - new f3b37029-1869-41d6-8bc8-d85a9541d8ef@group-AECF0C411497-SegmentedRaftLogWorker for RaftStorageImpl:Storage Directory /home/runner/work/ozone/ozone/hadoop-ozone/integration-test/target/test-dir/MiniOzoneClusterImpl-14327f45-78e1-4847-8051-3610e19f479d/datanode-2/data/ratis/437f5971-21fe-4035-bc47-aecf0c411497
2023-10-17 18:45:08,835 [f3b37029-1869-41d6-8bc8-d85a9541d8ef-groupManagement] INFO  server.RaftServerConfigKeys (ConfUtils.java:logGet(46)) - raft.server.log.queue.byte-limit = 4294967296 (custom)
2023-10-17 18:45:08,835 [f3b37029-1869-41d6-8bc8-d85a9541d8ef-groupManagement] INFO  server.RaftServerConfigKeys (ConfUtils.java:logGet(46)) - raft.server.log.queue.element-limit = 1024 (custom)
2023-10-17 18:45:08,835 [f3b37029-1869-41d6-8bc8-d85a9541d8ef-groupManagement] INFO  server.RaftServerConfigKeys (ConfUtils.java:logGet(46)) - raft.server.log.segment.size.max = 1048576 (custom)
2023-10-17 18:45:08,835 [f3b37029-1869-41d6-8bc8-d85a9541d8ef-groupManagement] INFO  server.RaftServerConfigKeys (ConfUtils.java:logGet(46)) - raft.server.log.preallocated.size = 16384 (custom)
2023-10-17 18:45:08,835 [f3b37029-1869-41d6-8bc8-d85a9541d8ef-groupManagement] INFO  server.RaftServerConfigKeys (ConfUtils.java:logGet(46)) - raft.server.log.force.sync.num = 128 (default)
2023-10-17 18:45:08,835 [f3b37029-1869-41d6-8bc8-d85a9541d8ef-groupManagement] INFO  server.RaftServerConfigKeys (ConfUtils.java:logGet(46)) - raft.server.log.statemachine.data.sync = true (default)
2023-10-17 18:45:08,835 [f3b37029-1869-41d6-8bc8-d85a9541d8ef-groupManagement] INFO  server.RaftServerConfigKeys (ConfUtils.java:logGet(46)) - raft.server.log.statemachine.data.sync.timeout = 10s (default)
2023-10-17 18:45:08,835 [f3b37029-1869-41d6-8bc8-d85a9541d8ef-groupManagement] INFO  server.RaftServerConfigKeys (ConfUtils.java:logGet(46)) - raft.server.log.statemachine.data.sync.timeout.retry = -1 (default)
2023-10-17 18:45:08,836 [f3b37029-1869-41d6-8bc8-d85a9541d8ef-groupManagement] INFO  server.RaftServerConfigKeys (ConfUtils.java:logGet(46)) - raft.server.log.write.buffer.size = 1048576 (custom)
2023-10-17 18:45:08,836 [f3b37029-1869-41d6-8bc8-d85a9541d8ef-groupManagement] INFO  server.RaftServerConfigKeys (ConfUtils.java:logGet(46)) - raft.server.log.appender.buffer.byte-limit = 33554432 (custom)
2023-10-17 18:45:08,841 [f3b37029-1869-41d6-8bc8-d85a9541d8ef-groupManagement] INFO  server.RaftServerConfigKeys (ConfUtils.java:logGet(46)) - raft.server.log.unsafe-flush.enabled = false (default)
2023-10-17 18:45:08,841 [f3b37029-1869-41d6-8bc8-d85a9541d8ef-groupManagement] INFO  server.RaftServerConfigKeys (ConfUtils.java:logGet(46)) - raft.server.log.async-flush.enabled = false (default)
2023-10-17 18:45:08,841 [f3b37029-1869-41d6-8bc8-d85a9541d8ef-groupManagement] INFO  server.RaftServerConfigKeys (ConfUtils.java:logGet(46)) - raft.server.log.statemachine.data.caching.enabled = true (custom)
2023-10-17 18:45:08,841 [f3b37029-1869-41d6-8bc8-d85a9541d8ef-groupManagement] INFO  segmented.SegmentedRaftLogWorker (SegmentedRaftLogWorker.java:lambda$new$0(135)) - f3b37029-1869-41d6-8bc8-d85a9541d8ef@group-AECF0C411497-SegmentedRaftLogWorker: flushIndex: setUnconditionally 0 -> -1
2023-10-17 18:45:08,841 [f3b37029-1869-41d6-8bc8-d85a9541d8ef-groupManagement] INFO  segmented.SegmentedRaftLogWorker (SegmentedRaftLogWorker.java:lambda$new$0(135)) - f3b37029-1869-41d6-8bc8-d85a9541d8ef@group-AECF0C411497-SegmentedRaftLogWorker: safeCacheEvictIndex: setUnconditionally 0 -> -1
2023-10-17 18:45:08,841 [f3b37029-1869-41d6-8bc8-d85a9541d8ef-groupManagement] INFO  server.RaftServer$Division (RaftServerImpl.java:start(342)) - f3b37029-1869-41d6-8bc8-d85a9541d8ef@group-AECF0C411497: start as a follower, conf=-1: peers:[f3b37029-1869-41d6-8bc8-d85a9541d8ef|rpc:10.1.0.25:15206|admin:10.1.0.25:15205|client:10.1.0.25:15204|dataStream:10.1.0.25:15207|priority:0|startupRole:FOLLOWER, 57da0847-4950-4ea9-a1de-cd2dacb809d4|rpc:10.1.0.25:15188|admin:10.1.0.25:15187|client:10.1.0.25:15186|dataStream:10.1.0.25:15189|priority:0|startupRole:FOLLOWER, f2d55db1-4d7a-4f26-8f17-39f168379328|rpc:10.1.0.25:15197|admin:10.1.0.25:15196|client:10.1.0.25:15195|dataStream:10.1.0.25:15198|priority:1|startupRole:FOLLOWER]|listeners:[], old=null
2023-10-17 18:45:08,841 [f3b37029-1869-41d6-8bc8-d85a9541d8ef-groupManagement] INFO  server.RaftServer$Division (RaftServerImpl.java:setRole(329)) - f3b37029-1869-41d6-8bc8-d85a9541d8ef@group-AECF0C411497: changes role from      null to FOLLOWER at term 0 for startAsFollower
2023-10-17 18:45:08,842 [f3b37029-1869-41d6-8bc8-d85a9541d8ef-groupManagement] INFO  impl.RoleInfo (RoleInfo.java:updateAndGet(139)) - f3b37029-1869-41d6-8bc8-d85a9541d8ef: start f3b37029-1869-41d6-8bc8-d85a9541d8ef@group-AECF0C411497-FollowerState
2023-10-17 18:45:08,845 [f3b37029-1869-41d6-8bc8-d85a9541d8ef-groupManagement] INFO  util.JmxRegister (JmxRegister.java:tryRegister(44)) - Successfully registered JMX Bean with object name Ratis:service=RaftServer,group=group-AECF0C411497,id=f3b37029-1869-41d6-8bc8-d85a9541d8ef
2023-10-17 18:45:08,845 [f3b37029-1869-41d6-8bc8-d85a9541d8ef-groupManagement] INFO  server.RaftServerConfigKeys (ConfUtils.java:logGet(46)) - raft.server.snapshot.auto.trigger.enabled = true (custom)
2023-10-17 18:45:08,845 [f3b37029-1869-41d6-8bc8-d85a9541d8ef-groupManagement] INFO  server.RaftServerConfigKeys (ConfUtils.java:logGet(46)) - raft.server.snapshot.auto.trigger.threshold = 10000 (custom)
2023-10-17 18:45:08,845 [f3b37029-1869-41d6-8bc8-d85a9541d8ef-groupManagement] INFO  server.RaftServerConfigKeys (ConfUtils.java:logGet(46)) - raft.server.snapshot.retention.file.num = 5 (custom)
2023-10-17 18:45:08,845 [f3b37029-1869-41d6-8bc8-d85a9541d8ef-groupManagement] INFO  server.RaftServerConfigKeys (ConfUtils.java:logGet(46)) - raft.server.log.purge.upto.snapshot.index = false (default)
2023-10-17 18:45:08,845 [f3b37029-1869-41d6-8bc8-d85a9541d8ef@group-AECF0C411497-FollowerState] INFO  server.RaftServerConfigKeys (ConfUtils.java:logFallback(53)) - raft.server.rpc.first-election.timeout.min = 5s (fallback to raft.server.rpc.timeout.min)
2023-10-17 18:45:08,845 [f3b37029-1869-41d6-8bc8-d85a9541d8ef@group-AECF0C411497-FollowerState] INFO  server.RaftServerConfigKeys (ConfUtils.java:logFallback(53)) - raft.server.rpc.first-election.timeout.max = 5200ms (fallback to raft.server.rpc.timeout.max)
2023-10-17 18:45:08,867 [grpc-default-executor-1] INFO  server.RaftServer (RaftServerProxy.java:addNew(98)) - f2d55db1-4d7a-4f26-8f17-39f168379328: addNew group-AECF0C411497:[f3b37029-1869-41d6-8bc8-d85a9541d8ef|rpc:10.1.0.25:15206|admin:10.1.0.25:15205|client:10.1.0.25:15204|dataStream:10.1.0.25:15207|priority:0|startupRole:FOLLOWER, 57da0847-4950-4ea9-a1de-cd2dacb809d4|rpc:10.1.0.25:15188|admin:10.1.0.25:15187|client:10.1.0.25:15186|dataStream:10.1.0.25:15189|priority:0|startupRole:FOLLOWER, f2d55db1-4d7a-4f26-8f17-39f168379328|rpc:10.1.0.25:15197|admin:10.1.0.25:15196|client:10.1.0.25:15195|dataStream:10.1.0.25:15198|priority:1|startupRole:FOLLOWER] returns group-AECF0C411497:java.util.concurrent.CompletableFuture@e08acb2[Not completed]
2023-10-17 18:45:08,868 [f2d55db1-4d7a-4f26-8f17-39f168379328-groupManagement] INFO  server.RaftServer$Division (RaftServerImpl.java:<init>(198)) - f2d55db1-4d7a-4f26-8f17-39f168379328: new RaftServerImpl for group-AECF0C411497:[f3b37029-1869-41d6-8bc8-d85a9541d8ef|rpc:10.1.0.25:15206|admin:10.1.0.25:15205|client:10.1.0.25:15204|dataStream:10.1.0.25:15207|priority:0|startupRole:FOLLOWER, 57da0847-4950-4ea9-a1de-cd2dacb809d4|rpc:10.1.0.25:15188|admin:10.1.0.25:15187|client:10.1.0.25:15186|dataStream:10.1.0.25:15189|priority:0|startupRole:FOLLOWER, f2d55db1-4d7a-4f26-8f17-39f168379328|rpc:10.1.0.25:15197|admin:10.1.0.25:15196|client:10.1.0.25:15195|dataStream:10.1.0.25:15198|priority:1|startupRole:FOLLOWER] with ContainerStateMachine:uninitialized
2023-10-17 18:45:08,869 [f2d55db1-4d7a-4f26-8f17-39f168379328-groupManagement] INFO  server.RaftServerConfigKeys (ConfUtils.java:logGet(46)) - raft.server.rpc.timeout.min = 5s (custom)
2023-10-17 18:45:08,869 [f2d55db1-4d7a-4f26-8f17-39f168379328-groupManagement] INFO  server.RaftServerConfigKeys (ConfUtils.java:logGet(46)) - raft.server.rpc.timeout.max = 5200ms (custom)
2023-10-17 18:45:08,869 [f2d55db1-4d7a-4f26-8f17-39f168379328-groupManagement] INFO  server.RaftServerConfigKeys (ConfUtils.java:logGet(46)) - raft.server.rpc.sleep.time = 25ms (default)
2023-10-17 18:45:08,869 [f2d55db1-4d7a-4f26-8f17-39f168379328-groupManagement] INFO  server.RaftServerConfigKeys (ConfUtils.java:logGet(46)) - raft.server.rpc.slowness.timeout = 300s (custom)
2023-10-17 18:45:08,869 [f2d55db1-4d7a-4f26-8f17-39f168379328-groupManagement] INFO  server.RaftServerConfigKeys (ConfUtils.java:logGet(46)) - raft.server.leaderelection.leader.step-down.wait-time = 10s (default)
2023-10-17 18:45:08,869 [f2d55db1-4d7a-4f26-8f17-39f168379328-groupManagement] INFO  server.RaftServerConfigKeys (ConfUtils.java:logGet(46)) - raft.server.sleep.deviation.threshold = 300ms (default)
2023-10-17 18:45:08,869 [f2d55db1-4d7a-4f26-8f17-39f168379328-groupManagement] INFO  server.RaftServer$Division (ServerState.java:<init>(120)) - f2d55db1-4d7a-4f26-8f17-39f168379328@group-AECF0C411497: ConfigurationManager, init=-1: peers:[f3b37029-1869-41d6-8bc8-d85a9541d8ef|rpc:10.1.0.25:15206|admin:10.1.0.25:15205|client:10.1.0.25:15204|dataStream:10.1.0.25:15207|priority:0|startupRole:FOLLOWER, 57da0847-4950-4ea9-a1de-cd2dacb809d4|rpc:10.1.0.25:15188|admin:10.1.0.25:15187|client:10.1.0.25:15186|dataStream:10.1.0.25:15189|priority:0|startupRole:FOLLOWER, f2d55db1-4d7a-4f26-8f17-39f168379328|rpc:10.1.0.25:15197|admin:10.1.0.25:15196|client:10.1.0.25:15195|dataStream:10.1.0.25:15198|priority:1|startupRole:FOLLOWER]|listeners:[], old=null, confs=<EMPTY_MAP>
2023-10-17 18:45:08,869 [f2d55db1-4d7a-4f26-8f17-39f168379328-groupManagement] INFO  server.RaftServerConfigKeys (ConfUtils.java:logGet(46)) - raft.server.storage.dir = [/home/runner/work/ozone/ozone/hadoop-ozone/integration-test/target/test-dir/MiniOzoneClusterImpl-14327f45-78e1-4847-8051-3610e19f479d/datanode-1/data/ratis] (custom)
2023-10-17 18:45:08,869 [f2d55db1-4d7a-4f26-8f17-39f168379328-groupManagement] INFO  server.RaftServerConfigKeys (ConfUtils.java:logGet(46)) - raft.server.log.corruption.policy = EXCEPTION (default)
2023-10-17 18:45:08,869 [f2d55db1-4d7a-4f26-8f17-39f168379328-groupManagement] INFO  server.RaftServerConfigKeys (ConfUtils.java:logGet(46)) - raft.server.storage.free-space.min = 0MB (=0) (default)
2023-10-17 18:45:08,869 [f2d55db1-4d7a-4f26-8f17-39f168379328-groupManagement] INFO  server.RaftServerConfigKeys (ConfUtils.java:logGet(46)) - raft.server.notification.no-leader.timeout = 300s (custom)
2023-10-17 18:45:08,869 [f2d55db1-4d7a-4f26-8f17-39f168379328-groupManagement] INFO  server.RaftServerConfigKeys (ConfUtils.java:logGet(46)) - raft.server.read.timeout = 10s (default)
2023-10-17 18:45:08,869 [f2d55db1-4d7a-4f26-8f17-39f168379328-groupManagement] INFO  server.RaftServerConfigKeys (ConfUtils.java:logGet(46)) - raft.server.retrycache.expirytime = 600000ms (custom)
2023-10-17 18:45:08,869 [f2d55db1-4d7a-4f26-8f17-39f168379328-groupManagement] INFO  server.RaftServerConfigKeys (ConfUtils.java:logGet(46)) - raft.server.retrycache.statistics.expirytime = 100μs (default)
2023-10-17 18:45:08,869 [f2d55db1-4d7a-4f26-8f17-39f168379328-groupManagement] INFO  server.RaftServerConfigKeys (ConfUtils.java:logGet(46)) - raft.server.read.option = DEFAULT (default)
2023-10-17 18:45:08,870 [f2d55db1-4d7a-4f26-8f17-39f168379328-groupManagement] INFO  server.RaftServerConfigKeys (ConfUtils.java:logGet(46)) - raft.server.rpc.request.timeout = 60s (custom)
2023-10-17 18:45:08,870 [f2d55db1-4d7a-4f26-8f17-39f168379328-groupManagement] INFO  server.RaftServerConfigKeys (ConfUtils.java:logGet(46)) - raft.server.log.appender.install.snapshot.enabled = false (custom)
2023-10-17 18:45:08,870 [f2d55db1-4d7a-4f26-8f17-39f168379328-groupManagement] INFO  server.RaftServerConfigKeys (ConfUtils.java:logGet(46)) - raft.server.threadpool.server.cached = true (default)
2023-10-17 18:45:08,870 [f2d55db1-4d7a-4f26-8f17-39f168379328-groupManagement] INFO  server.RaftServerConfigKeys (ConfUtils.java:logGet(46)) - raft.server.threadpool.server.size = 0 (default)
2023-10-17 18:45:08,870 [f2d55db1-4d7a-4f26-8f17-39f168379328-groupManagement] INFO  server.RaftServerConfigKeys (ConfUtils.java:logGet(46)) - raft.server.threadpool.client.cached = true (default)
2023-10-17 18:45:08,870 [f2d55db1-4d7a-4f26-8f17-39f168379328-groupManagement] INFO  server.RaftServerConfigKeys (ConfUtils.java:logGet(46)) - raft.server.threadpool.client.size = 0 (default)
2023-10-17 18:45:08,870 [f2d55db1-4d7a-4f26-8f17-39f168379328-groupManagement] INFO  storage.RaftStorageDirectory (RaftStorageDirectoryImpl.java:analyzeStorage(137)) - The storage directory /home/runner/work/ozone/ozone/hadoop-ozone/integration-test/target/test-dir/MiniOzoneClusterImpl-14327f45-78e1-4847-8051-3610e19f479d/datanode-1/data/ratis/437f5971-21fe-4035-bc47-aecf0c411497 does not exist. Creating ...
2023-10-17 18:45:08,872 [f2d55db1-4d7a-4f26-8f17-39f168379328-groupManagement] INFO  storage.RaftStorageDirectory (RaftStorageDirectoryImpl.java:tryLock(231)) - Lock on /home/runner/work/ozone/ozone/hadoop-ozone/integration-test/target/test-dir/MiniOzoneClusterImpl-14327f45-78e1-4847-8051-3610e19f479d/datanode-1/data/ratis/437f5971-21fe-4035-bc47-aecf0c411497/in_use.lock acquired by nodename 31914@fv-az189-115
2023-10-17 18:45:08,873 [f2d55db1-4d7a-4f26-8f17-39f168379328-groupManagement] INFO  storage.RaftStorage (RaftStorageImpl.java:format(96)) - Storage directory /home/runner/work/ozone/ozone/hadoop-ozone/integration-test/target/test-dir/MiniOzoneClusterImpl-14327f45-78e1-4847-8051-3610e19f479d/datanode-1/data/ratis/437f5971-21fe-4035-bc47-aecf0c411497 has been successfully formatted.
2023-10-17 18:45:08,874 [f2d55db1-4d7a-4f26-8f17-39f168379328-groupManagement] INFO  ratis.ContainerStateMachine (ContainerStateMachine.java:loadSnapshot(262)) - group-AECF0C411497: The snapshot info is null. Setting the last applied indexto:(t:0, i:~)
2023-10-17 18:45:08,875 [f2d55db1-4d7a-4f26-8f17-39f168379328-groupManagement] INFO  server.RaftServerConfigKeys (ConfUtils.java:logGet(46)) - raft.server.log.use.memory = false (default)
2023-10-17 18:45:08,875 [f2d55db1-4d7a-4f26-8f17-39f168379328-groupManagement] INFO  server.RaftServerConfigKeys (ConfUtils.java:logGet(46)) - raft.server.log.purge.gap = 1000000 (custom)
2023-10-17 18:45:08,875 [f2d55db1-4d7a-4f26-8f17-39f168379328-groupManagement] INFO  server.RaftServerConfigKeys (ConfUtils.java:logGet(46)) - raft.server.log.appender.buffer.byte-limit = 33554432 (custom)
2023-10-17 18:45:08,875 [f2d55db1-4d7a-4f26-8f17-39f168379328-groupManagement] INFO  server.RaftServerConfigKeys (ConfUtils.java:logGet(46)) - raft.server.log.statemachine.data.read.timeout = 1000ms (default)
2023-10-17 18:45:08,875 [f2d55db1-4d7a-4f26-8f17-39f168379328-groupManagement] INFO  server.RaftServerConfigKeys (ConfUtils.java:logGet(46)) - raft.server.log.purge.preservation.log.num = 0 (default)
2023-10-17 18:45:08,875 [f2d55db1-4d7a-4f26-8f17-39f168379328-groupManagement] INFO  server.RaftServerConfigKeys (ConfUtils.java:logGet(46)) - raft.server.log.segment.size.max = 1048576 (custom)
2023-10-17 18:45:08,875 [f2d55db1-4d7a-4f26-8f17-39f168379328-groupManagement] INFO  server.RaftServerConfigKeys (ConfUtils.java:logGet(46)) - raft.server.log.segment.cache.num.max = 2 (custom)
2023-10-17 18:45:08,876 [f2d55db1-4d7a-4f26-8f17-39f168379328-groupManagement] INFO  server.RaftServerConfigKeys (ConfUtils.java:logGet(46)) - raft.server.log.segment.cache.size.max = 200MB (=209715200) (default)
2023-10-17 18:45:08,876 [f2d55db1-4d7a-4f26-8f17-39f168379328-groupManagement] INFO  server.RaftServerConfigKeys (ConfUtils.java:logGet(46)) - raft.server.log.appender.buffer.byte-limit = 33554432 (custom)
2023-10-17 18:45:08,876 [f2d55db1-4d7a-4f26-8f17-39f168379328-groupManagement] INFO  segmented.SegmentedRaftLogWorker (SegmentedRaftLogWorker.java:<init>(188)) - new f2d55db1-4d7a-4f26-8f17-39f168379328@group-AECF0C411497-SegmentedRaftLogWorker for RaftStorageImpl:Storage Directory /home/runner/work/ozone/ozone/hadoop-ozone/integration-test/target/test-dir/MiniOzoneClusterImpl-14327f45-78e1-4847-8051-3610e19f479d/datanode-1/data/ratis/437f5971-21fe-4035-bc47-aecf0c411497
2023-10-17 18:45:08,876 [f2d55db1-4d7a-4f26-8f17-39f168379328-groupManagement] INFO  server.RaftServerConfigKeys (ConfUtils.java:logGet(46)) - raft.server.log.queue.byte-limit = 4294967296 (custom)
2023-10-17 18:45:08,880 [f2d55db1-4d7a-4f26-8f17-39f168379328-groupManagement] INFO  server.RaftServerConfigKeys (ConfUtils.java:logGet(46)) - raft.server.log.queue.element-limit = 1024 (custom)
2023-10-17 18:45:08,880 [f2d55db1-4d7a-4f26-8f17-39f168379328-groupManagement] INFO  server.RaftServerConfigKeys (ConfUtils.java:logGet(46)) - raft.server.log.segment.size.max = 1048576 (custom)
2023-10-17 18:45:08,880 [f2d55db1-4d7a-4f26-8f17-39f168379328-groupManagement] INFO  server.RaftServerConfigKeys (ConfUtils.java:logGet(46)) - raft.server.log.preallocated.size = 16384 (custom)
2023-10-17 18:45:08,881 [f2d55db1-4d7a-4f26-8f17-39f168379328-groupManagement] INFO  server.RaftServerConfigKeys (ConfUtils.java:logGet(46)) - raft.server.log.force.sync.num = 128 (default)
2023-10-17 18:45:08,881 [f2d55db1-4d7a-4f26-8f17-39f168379328-groupManagement] INFO  server.RaftServerConfigKeys (ConfUtils.java:logGet(46)) - raft.server.log.statemachine.data.sync = true (default)
2023-10-17 18:45:08,881 [f2d55db1-4d7a-4f26-8f17-39f168379328-groupManagement] INFO  server.RaftServerConfigKeys (ConfUtils.java:logGet(46)) - raft.server.log.statemachine.data.sync.timeout = 10s (default)
2023-10-17 18:45:08,881 [f2d55db1-4d7a-4f26-8f17-39f168379328-groupManagement] INFO  server.RaftServerConfigKeys (ConfUtils.java:logGet(46)) - raft.server.log.statemachine.data.sync.timeout.retry = -1 (default)
2023-10-17 18:45:08,881 [f2d55db1-4d7a-4f26-8f17-39f168379328-groupManagement] INFO  server.RaftServerConfigKeys (ConfUtils.java:logGet(46)) - raft.server.log.write.buffer.size = 1048576 (custom)
2023-10-17 18:45:08,884 [f2d55db1-4d7a-4f26-8f17-39f168379328-groupManagement] INFO  server.RaftServerConfigKeys (ConfUtils.java:logGet(46)) - raft.server.log.appender.buffer.byte-limit = 33554432 (custom)
2023-10-17 18:45:08,894 [f2d55db1-4d7a-4f26-8f17-39f168379328-groupManagement] INFO  server.RaftServerConfigKeys (ConfUtils.java:logGet(46)) - raft.server.log.unsafe-flush.enabled = false (default)
2023-10-17 18:45:08,894 [f2d55db1-4d7a-4f26-8f17-39f168379328-groupManagement] INFO  server.RaftServerConfigKeys (ConfUtils.java:logGet(46)) - raft.server.log.async-flush.enabled = false (default)
2023-10-17 18:45:08,894 [f2d55db1-4d7a-4f26-8f17-39f168379328-groupManagement] INFO  server.RaftServerConfigKeys (ConfUtils.java:logGet(46)) - raft.server.log.statemachine.data.caching.enabled = true (custom)
2023-10-17 18:45:08,894 [f2d55db1-4d7a-4f26-8f17-39f168379328-groupManagement] INFO  segmented.SegmentedRaftLogWorker (SegmentedRaftLogWorker.java:lambda$new$0(135)) - f2d55db1-4d7a-4f26-8f17-39f168379328@group-AECF0C411497-SegmentedRaftLogWorker: flushIndex: setUnconditionally 0 -> -1
2023-10-17 18:45:08,894 [f2d55db1-4d7a-4f26-8f17-39f168379328-groupManagement] INFO  segmented.SegmentedRaftLogWorker (SegmentedRaftLogWorker.java:lambda$new$0(135)) - f2d55db1-4d7a-4f26-8f17-39f168379328@group-AECF0C411497-SegmentedRaftLogWorker: safeCacheEvictIndex: setUnconditionally 0 -> -1
2023-10-17 18:45:08,894 [f2d55db1-4d7a-4f26-8f17-39f168379328-groupManagement] INFO  server.RaftServer$Division (RaftServerImpl.java:start(342)) - f2d55db1-4d7a-4f26-8f17-39f168379328@group-AECF0C411497: start as a follower, conf=-1: peers:[f3b37029-1869-41d6-8bc8-d85a9541d8ef|rpc:10.1.0.25:15206|admin:10.1.0.25:15205|client:10.1.0.25:15204|dataStream:10.1.0.25:15207|priority:0|startupRole:FOLLOWER, 57da0847-4950-4ea9-a1de-cd2dacb809d4|rpc:10.1.0.25:15188|admin:10.1.0.25:15187|client:10.1.0.25:15186|dataStream:10.1.0.25:15189|priority:0|startupRole:FOLLOWER, f2d55db1-4d7a-4f26-8f17-39f168379328|rpc:10.1.0.25:15197|admin:10.1.0.25:15196|client:10.1.0.25:15195|dataStream:10.1.0.25:15198|priority:1|startupRole:FOLLOWER]|listeners:[], old=null
2023-10-17 18:45:08,895 [f2d55db1-4d7a-4f26-8f17-39f168379328-groupManagement] INFO  server.RaftServer$Division (RaftServerImpl.java:setRole(329)) - f2d55db1-4d7a-4f26-8f17-39f168379328@group-AECF0C411497: changes role from      null to FOLLOWER at term 0 for startAsFollower
2023-10-17 18:45:08,895 [f2d55db1-4d7a-4f26-8f17-39f168379328-groupManagement] INFO  impl.RoleInfo (RoleInfo.java:updateAndGet(139)) - f2d55db1-4d7a-4f26-8f17-39f168379328: start f2d55db1-4d7a-4f26-8f17-39f168379328@group-AECF0C411497-FollowerState
2023-10-17 18:45:08,898 [f2d55db1-4d7a-4f26-8f17-39f168379328-groupManagement] INFO  util.JmxRegister (JmxRegister.java:tryRegister(44)) - Successfully registered JMX Bean with object name Ratis:service=RaftServer,group=group-AECF0C411497,id=f2d55db1-4d7a-4f26-8f17-39f168379328
2023-10-17 18:45:08,898 [f2d55db1-4d7a-4f26-8f17-39f168379328-groupManagement] INFO  server.RaftServerConfigKeys (ConfUtils.java:logGet(46)) - raft.server.snapshot.auto.trigger.enabled = true (custom)
2023-10-17 18:45:08,898 [f2d55db1-4d7a-4f26-8f17-39f168379328-groupManagement] INFO  server.RaftServerConfigKeys (ConfUtils.java:logGet(46)) - raft.server.snapshot.auto.trigger.threshold = 10000 (custom)
2023-10-17 18:45:08,898 [f2d55db1-4d7a-4f26-8f17-39f168379328-groupManagement] INFO  server.RaftServerConfigKeys (ConfUtils.java:logGet(46)) - raft.server.snapshot.retention.file.num = 5 (custom)
2023-10-17 18:45:08,898 [f2d55db1-4d7a-4f26-8f17-39f168379328-groupManagement] INFO  server.RaftServerConfigKeys (ConfUtils.java:logGet(46)) - raft.server.log.purge.upto.snapshot.index = false (default)
2023-10-17 18:45:08,899 [f2d55db1-4d7a-4f26-8f17-39f168379328@group-AECF0C411497-FollowerState] INFO  server.RaftServerConfigKeys (ConfUtils.java:logFallback(53)) - raft.server.rpc.first-election.timeout.min = 5s (fallback to raft.server.rpc.timeout.min)
2023-10-17 18:45:08,899 [f2d55db1-4d7a-4f26-8f17-39f168379328@group-AECF0C411497-FollowerState] INFO  server.RaftServerConfigKeys (ConfUtils.java:logFallback(53)) - raft.server.rpc.first-election.timeout.max = 5200ms (fallback to raft.server.rpc.timeout.max)
2023-10-17 18:45:08,908 [PipelineCommandHandlerThread-0] INFO  commandhandler.CreatePipelineCommandHandler (CreatePipelineCommandHandler.java:lambda$handle$2(124)) - Created Pipeline RATIS THREE PipelineID=437f5971-21fe-4035-bc47-aecf0c411497.
2023-10-17 18:45:08,908 [PipelineCommandHandlerThread-0] INFO  server.RaftServer (RaftServerProxy.java:addNew(98)) - 57da0847-4950-4ea9-a1de-cd2dacb809d4: addNew group-DF4ABAE40FC1:[f3b37029-1869-41d6-8bc8-d85a9541d8ef|rpc:10.1.0.25:15206|admin:10.1.0.25:15205|client:10.1.0.25:15204|dataStream:10.1.0.25:15207|priority:1|startupRole:FOLLOWER, 57da0847-4950-4ea9-a1de-cd2dacb809d4|rpc:10.1.0.25:15188|admin:10.1.0.25:15187|client:10.1.0.25:15186|dataStream:10.1.0.25:15189|priority:0|startupRole:FOLLOWER, f2d55db1-4d7a-4f26-8f17-39f168379328|rpc:10.1.0.25:15197|admin:10.1.0.25:15196|client:10.1.0.25:15195|dataStream:10.1.0.25:15198|priority:0|startupRole:FOLLOWER] returns group-DF4ABAE40FC1:java.util.concurrent.CompletableFuture@2ca6d3f0[Not completed]
2023-10-17 18:45:08,909 [57da0847-4950-4ea9-a1de-cd2dacb809d4-groupManagement] INFO  server.RaftServer$Division (RaftServerImpl.java:<init>(198)) - 57da0847-4950-4ea9-a1de-cd2dacb809d4: new RaftServerImpl for group-DF4ABAE40FC1:[f3b37029-1869-41d6-8bc8-d85a9541d8ef|rpc:10.1.0.25:15206|admin:10.1.0.25:15205|client:10.1.0.25:15204|dataStream:10.1.0.25:15207|priority:1|startupRole:FOLLOWER, 57da0847-4950-4ea9-a1de-cd2dacb809d4|rpc:10.1.0.25:15188|admin:10.1.0.25:15187|client:10.1.0.25:15186|dataStream:10.1.0.25:15189|priority:0|startupRole:FOLLOWER, f2d55db1-4d7a-4f26-8f17-39f168379328|rpc:10.1.0.25:15197|admin:10.1.0.25:15196|client:10.1.0.25:15195|dataStream:10.1.0.25:15198|priority:0|startupRole:FOLLOWER] with ContainerStateMachine:uninitialized
2023-10-17 18:45:08,909 [57da0847-4950-4ea9-a1de-cd2dacb809d4-groupManagement] INFO  server.RaftServerConfigKeys (ConfUtils.java:logGet(46)) - raft.server.rpc.timeout.min = 5s (custom)
2023-10-17 18:45:08,909 [57da0847-4950-4ea9-a1de-cd2dacb809d4-groupManagement] INFO  server.RaftServerConfigKeys (ConfUtils.java:logGet(46)) - raft.server.rpc.timeout.max = 5200ms (custom)
2023-10-17 18:45:08,909 [57da0847-4950-4ea9-a1de-cd2dacb809d4-groupManagement] INFO  server.RaftServerConfigKeys (ConfUtils.java:logGet(46)) - raft.server.rpc.sleep.time = 25ms (default)
2023-10-17 18:45:08,909 [57da0847-4950-4ea9-a1de-cd2dacb809d4-groupManagement] INFO  server.RaftServerConfigKeys (ConfUtils.java:logGet(46)) - raft.server.rpc.slowness.timeout = 300s (custom)
2023-10-17 18:45:08,909 [57da0847-4950-4ea9-a1de-cd2dacb809d4-groupManagement] INFO  server.RaftServerConfigKeys (ConfUtils.java:logGet(46)) - raft.server.leaderelection.leader.step-down.wait-time = 10s (default)
2023-10-17 18:45:08,909 [57da0847-4950-4ea9-a1de-cd2dacb809d4-groupManagement] INFO  server.RaftServerConfigKeys (ConfUtils.java:logGet(46)) - raft.server.sleep.deviation.threshold = 300ms (default)
2023-10-17 18:45:08,909 [57da0847-4950-4ea9-a1de-cd2dacb809d4-groupManagement] INFO  server.RaftServer$Division (ServerState.java:<init>(120)) - 57da0847-4950-4ea9-a1de-cd2dacb809d4@group-DF4ABAE40FC1: ConfigurationManager, init=-1: peers:[f3b37029-1869-41d6-8bc8-d85a9541d8ef|rpc:10.1.0.25:15206|admin:10.1.0.25:15205|client:10.1.0.25:15204|dataStream:10.1.0.25:15207|priority:1|startupRole:FOLLOWER, 57da0847-4950-4ea9-a1de-cd2dacb809d4|rpc:10.1.0.25:15188|admin:10.1.0.25:15187|client:10.1.0.25:15186|dataStream:10.1.0.25:15189|priority:0|startupRole:FOLLOWER, f2d55db1-4d7a-4f26-8f17-39f168379328|rpc:10.1.0.25:15197|admin:10.1.0.25:15196|client:10.1.0.25:15195|dataStream:10.1.0.25:15198|priority:0|startupRole:FOLLOWER]|listeners:[], old=null, confs=<EMPTY_MAP>
2023-10-17 18:45:08,909 [57da0847-4950-4ea9-a1de-cd2dacb809d4-groupManagement] INFO  server.RaftServerConfigKeys (ConfUtils.java:logGet(46)) - raft.server.storage.dir = [/home/runner/work/ozone/ozone/hadoop-ozone/integration-test/target/test-dir/MiniOzoneClusterImpl-14327f45-78e1-4847-8051-3610e19f479d/datanode-0/data/ratis] (custom)
2023-10-17 18:45:08,909 [57da0847-4950-4ea9-a1de-cd2dacb809d4-groupManagement] INFO  server.RaftServerConfigKeys (ConfUtils.java:logGet(46)) - raft.server.log.corruption.policy = EXCEPTION (default)
2023-10-17 18:45:08,909 [57da0847-4950-4ea9-a1de-cd2dacb809d4-groupManagement] INFO  server.RaftServerConfigKeys (ConfUtils.java:logGet(46)) - raft.server.storage.free-space.min = 0MB (=0) (default)
2023-10-17 18:45:08,909 [57da0847-4950-4ea9-a1de-cd2dacb809d4-groupManagement] INFO  server.RaftServerConfigKeys (ConfUtils.java:logGet(46)) - raft.server.notification.no-leader.timeout = 300s (custom)
2023-10-17 18:45:08,909 [57da0847-4950-4ea9-a1de-cd2dacb809d4-groupManagement] INFO  server.RaftServerConfigKeys (ConfUtils.java:logGet(46)) - raft.server.read.timeout = 10s (default)
2023-10-17 18:45:08,909 [57da0847-4950-4ea9-a1de-cd2dacb809d4-groupManagement] INFO  server.RaftServerConfigKeys (ConfUtils.java:logGet(46)) - raft.server.retrycache.expirytime = 600000ms (custom)
2023-10-17 18:45:08,909 [57da0847-4950-4ea9-a1de-cd2dacb809d4-groupManagement] INFO  server.RaftServerConfigKeys (ConfUtils.java:logGet(46)) - raft.server.retrycache.statistics.expirytime = 100μs (default)
2023-10-17 18:45:08,909 [57da0847-4950-4ea9-a1de-cd2dacb809d4-groupManagement] INFO  server.RaftServerConfigKeys (ConfUtils.java:logGet(46)) - raft.server.read.option = DEFAULT (default)
2023-10-17 18:45:08,910 [57da0847-4950-4ea9-a1de-cd2dacb809d4-groupManagement] INFO  server.RaftServerConfigKeys (ConfUtils.java:logGet(46)) - raft.server.rpc.request.timeout = 60s (custom)
2023-10-17 18:45:08,910 [57da0847-4950-4ea9-a1de-cd2dacb809d4-groupManagement] INFO  server.RaftServerConfigKeys (ConfUtils.java:logGet(46)) - raft.server.log.appender.install.snapshot.enabled = false (custom)
2023-10-17 18:45:08,910 [57da0847-4950-4ea9-a1de-cd2dacb809d4-groupManagement] INFO  server.RaftServerConfigKeys (ConfUtils.java:logGet(46)) - raft.server.threadpool.server.cached = true (default)
2023-10-17 18:45:08,910 [57da0847-4950-4ea9-a1de-cd2dacb809d4-groupManagement] INFO  server.RaftServerConfigKeys (ConfUtils.java:logGet(46)) - raft.server.threadpool.server.size = 0 (default)
2023-10-17 18:45:08,910 [57da0847-4950-4ea9-a1de-cd2dacb809d4-groupManagement] INFO  server.RaftServerConfigKeys (ConfUtils.java:logGet(46)) - raft.server.threadpool.client.cached = true (default)
2023-10-17 18:45:08,910 [57da0847-4950-4ea9-a1de-cd2dacb809d4-groupManagement] INFO  server.RaftServerConfigKeys (ConfUtils.java:logGet(46)) - raft.server.threadpool.client.size = 0 (default)
2023-10-17 18:45:08,910 [57da0847-4950-4ea9-a1de-cd2dacb809d4-groupManagement] INFO  storage.RaftStorageDirectory (RaftStorageDirectoryImpl.java:analyzeStorage(137)) - The storage directory /home/runner/work/ozone/ozone/hadoop-ozone/integration-test/target/test-dir/MiniOzoneClusterImpl-14327f45-78e1-4847-8051-3610e19f479d/datanode-0/data/ratis/c17d4717-ad27-4244-88a7-df4abae40fc1 does not exist. Creating ...
2023-10-17 18:45:08,913 [57da0847-4950-4ea9-a1de-cd2dacb809d4-groupManagement] INFO  storage.RaftStorageDirectory (RaftStorageDirectoryImpl.java:tryLock(231)) - Lock on /home/runner/work/ozone/ozone/hadoop-ozone/integration-test/target/test-dir/MiniOzoneClusterImpl-14327f45-78e1-4847-8051-3610e19f479d/datanode-0/data/ratis/c17d4717-ad27-4244-88a7-df4abae40fc1/in_use.lock acquired by nodename 31914@fv-az189-115
2023-10-17 18:45:08,914 [57da0847-4950-4ea9-a1de-cd2dacb809d4-groupManagement] INFO  storage.RaftStorage (RaftStorageImpl.java:format(96)) - Storage directory /home/runner/work/ozone/ozone/hadoop-ozone/integration-test/target/test-dir/MiniOzoneClusterImpl-14327f45-78e1-4847-8051-3610e19f479d/datanode-0/data/ratis/c17d4717-ad27-4244-88a7-df4abae40fc1 has been successfully formatted.
2023-10-17 18:45:08,917 [EventQueue-OpenPipelineForHealthyPipelineSafeModeRule] INFO  safemode.SCMSafeModeManager (HealthyPipelineSafeModeRule.java:process(137)) - SCM in safe mode. Healthy pipelines reported count is 0, required healthy pipeline reported count is 1
2023-10-17 18:45:08,917 [57da0847-4950-4ea9-a1de-cd2dacb809d4-groupManagement] INFO  ratis.ContainerStateMachine (ContainerStateMachine.java:loadSnapshot(262)) - group-DF4ABAE40FC1: The snapshot info is null. Setting the last applied indexto:(t:0, i:~)
2023-10-17 18:45:08,917 [57da0847-4950-4ea9-a1de-cd2dacb809d4-groupManagement] INFO  server.RaftServerConfigKeys (ConfUtils.java:logGet(46)) - raft.server.log.use.memory = false (default)
2023-10-17 18:45:08,917 [57da0847-4950-4ea9-a1de-cd2dacb809d4-groupManagement] INFO  server.RaftServerConfigKeys (ConfUtils.java:logGet(46)) - raft.server.log.purge.gap = 1000000 (custom)
2023-10-17 18:45:08,917 [57da0847-4950-4ea9-a1de-cd2dacb809d4-groupManagement] INFO  server.RaftServerConfigKeys (ConfUtils.java:logGet(46)) - raft.server.log.appender.buffer.byte-limit = 33554432 (custom)
2023-10-17 18:45:08,917 [57da0847-4950-4ea9-a1de-cd2dacb809d4-groupManagement] INFO  server.RaftServerConfigKeys (ConfUtils.java:logGet(46)) - raft.server.log.statemachine.data.read.timeout = 1000ms (default)
2023-10-17 18:45:08,917 [57da0847-4950-4ea9-a1de-cd2dacb809d4-groupManagement] INFO  server.RaftServerConfigKeys (ConfUtils.java:logGet(46)) - raft.server.log.purge.preservation.log.num = 0 (default)
2023-10-17 18:45:08,917 [57da0847-4950-4ea9-a1de-cd2dacb809d4-groupManagement] INFO  server.RaftServerConfigKeys (ConfUtils.java:logGet(46)) - raft.server.log.segment.size.max = 1048576 (custom)
2023-10-17 18:45:08,918 [57da0847-4950-4ea9-a1de-cd2dacb809d4-groupManagement] INFO  server.RaftServerConfigKeys (ConfUtils.java:logGet(46)) - raft.server.log.segment.cache.num.max = 2 (custom)
2023-10-17 18:45:08,918 [57da0847-4950-4ea9-a1de-cd2dacb809d4-groupManagement] INFO  server.RaftServerConfigKeys (ConfUtils.java:logGet(46)) - raft.server.log.segment.cache.size.max = 200MB (=209715200) (default)
2023-10-17 18:45:08,918 [57da0847-4950-4ea9-a1de-cd2dacb809d4-groupManagement] INFO  server.RaftServerConfigKeys (ConfUtils.java:logGet(46)) - raft.server.log.appender.buffer.byte-limit = 33554432 (custom)
2023-10-17 18:45:08,918 [57da0847-4950-4ea9-a1de-cd2dacb809d4-groupManagement] INFO  segmented.SegmentedRaftLogWorker (SegmentedRaftLogWorker.java:<init>(188)) - new 57da0847-4950-4ea9-a1de-cd2dacb809d4@group-DF4ABAE40FC1-SegmentedRaftLogWorker for RaftStorageImpl:Storage Directory /home/runner/work/ozone/ozone/hadoop-ozone/integration-test/target/test-dir/MiniOzoneClusterImpl-14327f45-78e1-4847-8051-3610e19f479d/datanode-0/data/ratis/c17d4717-ad27-4244-88a7-df4abae40fc1
2023-10-17 18:45:08,920 [57da0847-4950-4ea9-a1de-cd2dacb809d4-groupManagement] INFO  server.RaftServerConfigKeys (ConfUtils.java:logGet(46)) - raft.server.log.queue.byte-limit = 4294967296 (custom)
2023-10-17 18:45:08,920 [57da0847-4950-4ea9-a1de-cd2dacb809d4-groupManagement] INFO  server.RaftServerConfigKeys (ConfUtils.java:logGet(46)) - raft.server.log.queue.element-limit = 1024 (custom)
2023-10-17 18:45:08,920 [57da0847-4950-4ea9-a1de-cd2dacb809d4-groupManagement] INFO  server.RaftServerConfigKeys (ConfUtils.java:logGet(46)) - raft.server.log.segment.size.max = 1048576 (custom)
2023-10-17 18:45:08,920 [57da0847-4950-4ea9-a1de-cd2dacb809d4-groupManagement] INFO  server.RaftServerConfigKeys (ConfUtils.java:logGet(46)) - raft.server.log.preallocated.size = 16384 (custom)
2023-10-17 18:45:08,920 [57da0847-4950-4ea9-a1de-cd2dacb809d4-groupManagement] INFO  server.RaftServerConfigKeys (ConfUtils.java:logGet(46)) - raft.server.log.force.sync.num = 128 (default)
2023-10-17 18:45:08,920 [57da0847-4950-4ea9-a1de-cd2dacb809d4-groupManagement] INFO  server.RaftServerConfigKeys (ConfUtils.java:logGet(46)) - raft.server.log.statemachine.data.sync = true (default)
2023-10-17 18:45:08,920 [57da0847-4950-4ea9-a1de-cd2dacb809d4-groupManagement] INFO  server.RaftServerConfigKeys (ConfUtils.java:logGet(46)) - raft.server.log.statemachine.data.sync.timeout = 10s (default)
2023-10-17 18:45:08,920 [57da0847-4950-4ea9-a1de-cd2dacb809d4-groupManagement] INFO  server.RaftServerConfigKeys (ConfUtils.java:logGet(46)) - raft.server.log.statemachine.data.sync.timeout.retry = -1 (default)
2023-10-17 18:45:08,921 [57da0847-4950-4ea9-a1de-cd2dacb809d4-groupManagement] INFO  server.RaftServerConfigKeys (ConfUtils.java:logGet(46)) - raft.server.log.write.buffer.size = 1048576 (custom)
2023-10-17 18:45:08,921 [57da0847-4950-4ea9-a1de-cd2dacb809d4-groupManagement] INFO  server.RaftServerConfigKeys (ConfUtils.java:logGet(46)) - raft.server.log.appender.buffer.byte-limit = 33554432 (custom)
2023-10-17 18:45:08,997 [57da0847-4950-4ea9-a1de-cd2dacb809d4-groupManagement] INFO  server.RaftServerConfigKeys (ConfUtils.java:logGet(46)) - raft.server.log.unsafe-flush.enabled = false (default)
2023-10-17 18:45:08,997 [57da0847-4950-4ea9-a1de-cd2dacb809d4-groupManagement] INFO  server.RaftServerConfigKeys (ConfUtils.java:logGet(46)) - raft.server.log.async-flush.enabled = false (default)
2023-10-17 18:45:08,997 [57da0847-4950-4ea9-a1de-cd2dacb809d4-groupManagement] INFO  server.RaftServerConfigKeys (ConfUtils.java:logGet(46)) - raft.server.log.statemachine.data.caching.enabled = true (custom)
2023-10-17 18:45:08,997 [57da0847-4950-4ea9-a1de-cd2dacb809d4-groupManagement] INFO  segmented.SegmentedRaftLogWorker (SegmentedRaftLogWorker.java:lambda$new$0(135)) - 57da0847-4950-4ea9-a1de-cd2dacb809d4@group-DF4ABAE40FC1-SegmentedRaftLogWorker: flushIndex: setUnconditionally 0 -> -1
2023-10-17 18:45:08,997 [57da0847-4950-4ea9-a1de-cd2dacb809d4-groupManagement] INFO  segmented.SegmentedRaftLogWorker (SegmentedRaftLogWorker.java:lambda$new$0(135)) - 57da0847-4950-4ea9-a1de-cd2dacb809d4@group-DF4ABAE40FC1-SegmentedRaftLogWorker: safeCacheEvictIndex: setUnconditionally 0 -> -1
2023-10-17 18:45:08,998 [57da0847-4950-4ea9-a1de-cd2dacb809d4-groupManagement] INFO  server.RaftServer$Division (RaftServerImpl.java:start(342)) - 57da0847-4950-4ea9-a1de-cd2dacb809d4@group-DF4ABAE40FC1: start as a follower, conf=-1: peers:[f3b37029-1869-41d6-8bc8-d85a9541d8ef|rpc:10.1.0.25:15206|admin:10.1.0.25:15205|client:10.1.0.25:15204|dataStream:10.1.0.25:15207|priority:1|startupRole:FOLLOWER, 57da0847-4950-4ea9-a1de-cd2dacb809d4|rpc:10.1.0.25:15188|admin:10.1.0.25:15187|client:10.1.0.25:15186|dataStream:10.1.0.25:15189|priority:0|startupRole:FOLLOWER, f2d55db1-4d7a-4f26-8f17-39f168379328|rpc:10.1.0.25:15197|admin:10.1.0.25:15196|client:10.1.0.25:15195|dataStream:10.1.0.25:15198|priority:0|startupRole:FOLLOWER]|listeners:[], old=null
2023-10-17 18:45:08,998 [57da0847-4950-4ea9-a1de-cd2dacb809d4-groupManagement] INFO  server.RaftServer$Division (RaftServerImpl.java:setRole(329)) - 57da0847-4950-4ea9-a1de-cd2dacb809d4@group-DF4ABAE40FC1: changes role from      null to FOLLOWER at term 0 for startAsFollower
2023-10-17 18:45:08,998 [57da0847-4950-4ea9-a1de-cd2dacb809d4-groupManagement] INFO  impl.RoleInfo (RoleInfo.java:updateAndGet(139)) - 57da0847-4950-4ea9-a1de-cd2dacb809d4: start 57da0847-4950-4ea9-a1de-cd2dacb809d4@group-DF4ABAE40FC1-FollowerState
2023-10-17 18:45:09,002 [57da0847-4950-4ea9-a1de-cd2dacb809d4-groupManagement] INFO  util.JmxRegister (JmxRegister.java:tryRegister(44)) - Successfully registered JMX Bean with object name Ratis:service=RaftServer,group=group-DF4ABAE40FC1,id=57da0847-4950-4ea9-a1de-cd2dacb809d4
2023-10-17 18:45:09,002 [57da0847-4950-4ea9-a1de-cd2dacb809d4-groupManagement] INFO  server.RaftServerConfigKeys (ConfUtils.java:logGet(46)) - raft.server.snapshot.auto.trigger.enabled = true (custom)
2023-10-17 18:45:09,002 [57da0847-4950-4ea9-a1de-cd2dacb809d4-groupManagement] INFO  server.RaftServerConfigKeys (ConfUtils.java:logGet(46)) - raft.server.snapshot.auto.trigger.threshold = 10000 (custom)
2023-10-17 18:45:09,002 [57da0847-4950-4ea9-a1de-cd2dacb809d4-groupManagement] INFO  server.RaftServerConfigKeys (ConfUtils.java:logGet(46)) - raft.server.snapshot.retention.file.num = 5 (custom)
2023-10-17 18:45:09,002 [57da0847-4950-4ea9-a1de-cd2dacb809d4-groupManagement] INFO  server.RaftServerConfigKeys (ConfUtils.java:logGet(46)) - raft.server.log.purge.upto.snapshot.index = false (default)
2023-10-17 18:45:09,002 [57da0847-4950-4ea9-a1de-cd2dacb809d4@group-DF4ABAE40FC1-FollowerState] INFO  server.RaftServerConfigKeys (ConfUtils.java:logFallback(53)) - raft.server.rpc.first-election.timeout.min = 5s (fallback to raft.server.rpc.timeout.min)
2023-10-17 18:45:09,002 [57da0847-4950-4ea9-a1de-cd2dacb809d4@group-DF4ABAE40FC1-FollowerState] INFO  server.RaftServerConfigKeys (ConfUtils.java:logFallback(53)) - raft.server.rpc.first-election.timeout.max = 5200ms (fallback to raft.server.rpc.timeout.max)
2023-10-17 18:45:09,006 [PipelineCommandHandlerThread-0] INFO  ratis.XceiverServerRatis (XceiverServerRatis.java:addGroup(804)) - Created group PipelineID=c17d4717-ad27-4244-88a7-df4abae40fc1
2023-10-17 18:45:09,020 [grpc-default-executor-1] INFO  server.RaftServer (RaftServerProxy.java:addNew(98)) - f3b37029-1869-41d6-8bc8-d85a9541d8ef: addNew group-DF4ABAE40FC1:[f3b37029-1869-41d6-8bc8-d85a9541d8ef|rpc:10.1.0.25:15206|admin:10.1.0.25:15205|client:10.1.0.25:15204|dataStream:10.1.0.25:15207|priority:1|startupRole:FOLLOWER, 57da0847-4950-4ea9-a1de-cd2dacb809d4|rpc:10.1.0.25:15188|admin:10.1.0.25:15187|client:10.1.0.25:15186|dataStream:10.1.0.25:15189|priority:0|startupRole:FOLLOWER, f2d55db1-4d7a-4f26-8f17-39f168379328|rpc:10.1.0.25:15197|admin:10.1.0.25:15196|client:10.1.0.25:15195|dataStream:10.1.0.25:15198|priority:0|startupRole:FOLLOWER] returns group-DF4ABAE40FC1:java.util.concurrent.CompletableFuture@7d7d75b4[Not completed]
2023-10-17 18:45:09,021 [f3b37029-1869-41d6-8bc8-d85a9541d8ef-groupManagement] INFO  server.RaftServer$Division (RaftServerImpl.java:<init>(198)) - f3b37029-1869-41d6-8bc8-d85a9541d8ef: new RaftServerImpl for group-DF4ABAE40FC1:[f3b37029-1869-41d6-8bc8-d85a9541d8ef|rpc:10.1.0.25:15206|admin:10.1.0.25:15205|client:10.1.0.25:15204|dataStream:10.1.0.25:15207|priority:1|startupRole:FOLLOWER, 57da0847-4950-4ea9-a1de-cd2dacb809d4|rpc:10.1.0.25:15188|admin:10.1.0.25:15187|client:10.1.0.25:15186|dataStream:10.1.0.25:15189|priority:0|startupRole:FOLLOWER, f2d55db1-4d7a-4f26-8f17-39f168379328|rpc:10.1.0.25:15197|admin:10.1.0.25:15196|client:10.1.0.25:15195|dataStream:10.1.0.25:15198|priority:0|startupRole:FOLLOWER] with ContainerStateMachine:uninitialized
2023-10-17 18:45:09,021 [f3b37029-1869-41d6-8bc8-d85a9541d8ef-groupManagement] INFO  server.RaftServerConfigKeys (ConfUtils.java:logGet(46)) - raft.server.rpc.timeout.min = 5s (custom)
2023-10-17 18:45:09,021 [f3b37029-1869-41d6-8bc8-d85a9541d8ef-groupManagement] INFO  server.RaftServerConfigKeys (ConfUtils.java:logGet(46)) - raft.server.rpc.timeout.max = 5200ms (custom)
2023-10-17 18:45:09,021 [f3b37029-1869-41d6-8bc8-d85a9541d8ef-groupManagement] INFO  server.RaftServerConfigKeys (ConfUtils.java:logGet(46)) - raft.server.rpc.sleep.time = 25ms (default)
2023-10-17 18:45:09,021 [f3b37029-1869-41d6-8bc8-d85a9541d8ef-groupManagement] INFO  server.RaftServerConfigKeys (ConfUtils.java:logGet(46)) - raft.server.rpc.slowness.timeout = 300s (custom)
2023-10-17 18:45:09,021 [f3b37029-1869-41d6-8bc8-d85a9541d8ef-groupManagement] INFO  server.RaftServerConfigKeys (ConfUtils.java:logGet(46)) - raft.server.leaderelection.leader.step-down.wait-time = 10s (default)
2023-10-17 18:45:09,021 [f3b37029-1869-41d6-8bc8-d85a9541d8ef-groupManagement] INFO  server.RaftServerConfigKeys (ConfUtils.java:logGet(46)) - raft.server.sleep.deviation.threshold = 300ms (default)
2023-10-17 18:45:09,021 [f3b37029-1869-41d6-8bc8-d85a9541d8ef-groupManagement] INFO  server.RaftServer$Division (ServerState.java:<init>(120)) - f3b37029-1869-41d6-8bc8-d85a9541d8ef@group-DF4ABAE40FC1: ConfigurationManager, init=-1: peers:[f3b37029-1869-41d6-8bc8-d85a9541d8ef|rpc:10.1.0.25:15206|admin:10.1.0.25:15205|client:10.1.0.25:15204|dataStream:10.1.0.25:15207|priority:1|startupRole:FOLLOWER, 57da0847-4950-4ea9-a1de-cd2dacb809d4|rpc:10.1.0.25:15188|admin:10.1.0.25:15187|client:10.1.0.25:15186|dataStream:10.1.0.25:15189|priority:0|startupRole:FOLLOWER, f2d55db1-4d7a-4f26-8f17-39f168379328|rpc:10.1.0.25:15197|admin:10.1.0.25:15196|client:10.1.0.25:15195|dataStream:10.1.0.25:15198|priority:0|startupRole:FOLLOWER]|listeners:[], old=null, confs=<EMPTY_MAP>
2023-10-17 18:45:09,021 [f3b37029-1869-41d6-8bc8-d85a9541d8ef-groupManagement] INFO  server.RaftServerConfigKeys (ConfUtils.java:logGet(46)) - raft.server.storage.dir = [/home/runner/work/ozone/ozone/hadoop-ozone/integration-test/target/test-dir/MiniOzoneClusterImpl-14327f45-78e1-4847-8051-3610e19f479d/datanode-2/data/ratis] (custom)
2023-10-17 18:45:09,021 [f3b37029-1869-41d6-8bc8-d85a9541d8ef-groupManagement] INFO  server.RaftServerConfigKeys (ConfUtils.java:logGet(46)) - raft.server.log.corruption.policy = EXCEPTION (default)
2023-10-17 18:45:09,021 [f3b37029-1869-41d6-8bc8-d85a9541d8ef-groupManagement] INFO  server.RaftServerConfigKeys (ConfUtils.java:logGet(46)) - raft.server.storage.free-space.min = 0MB (=0) (default)
2023-10-17 18:45:09,021 [f3b37029-1869-41d6-8bc8-d85a9541d8ef-groupManagement] INFO  server.RaftServerConfigKeys (ConfUtils.java:logGet(46)) - raft.server.notification.no-leader.timeout = 300s (custom)
2023-10-17 18:45:09,021 [f3b37029-1869-41d6-8bc8-d85a9541d8ef-groupManagement] INFO  server.RaftServerConfigKeys (ConfUtils.java:logGet(46)) - raft.server.read.timeout = 10s (default)
2023-10-17 18:45:09,021 [f3b37029-1869-41d6-8bc8-d85a9541d8ef-groupManagement] INFO  server.RaftServerConfigKeys (ConfUtils.java:logGet(46)) - raft.server.retrycache.expirytime = 600000ms (custom)
2023-10-17 18:45:09,021 [f3b37029-1869-41d6-8bc8-d85a9541d8ef-groupManagement] INFO  server.RaftServerConfigKeys (ConfUtils.java:logGet(46)) - raft.server.retrycache.statistics.expirytime = 100μs (default)
2023-10-17 18:45:09,022 [f3b37029-1869-41d6-8bc8-d85a9541d8ef-groupManagement] INFO  server.RaftServerConfigKeys (ConfUtils.java:logGet(46)) - raft.server.read.option = DEFAULT (default)
2023-10-17 18:45:09,022 [f3b37029-1869-41d6-8bc8-d85a9541d8ef-groupManagement] INFO  server.RaftServerConfigKeys (ConfUtils.java:logGet(46)) - raft.server.rpc.request.timeout = 60s (custom)
2023-10-17 18:45:09,022 [f3b37029-1869-41d6-8bc8-d85a9541d8ef-groupManagement] INFO  server.RaftServerConfigKeys (ConfUtils.java:logGet(46)) - raft.server.log.appender.install.snapshot.enabled = false (custom)
2023-10-17 18:45:09,022 [f3b37029-1869-41d6-8bc8-d85a9541d8ef-groupManagement] INFO  server.RaftServerConfigKeys (ConfUtils.java:logGet(46)) - raft.server.threadpool.server.cached = true (default)
2023-10-17 18:45:09,022 [f3b37029-1869-41d6-8bc8-d85a9541d8ef-groupManagement] INFO  server.RaftServerConfigKeys (ConfUtils.java:logGet(46)) - raft.server.threadpool.server.size = 0 (default)
2023-10-17 18:45:09,022 [f3b37029-1869-41d6-8bc8-d85a9541d8ef-groupManagement] INFO  server.RaftServerConfigKeys (ConfUtils.java:logGet(46)) - raft.server.threadpool.client.cached = true (default)
2023-10-17 18:45:09,022 [f3b37029-1869-41d6-8bc8-d85a9541d8ef-groupManagement] INFO  server.RaftServerConfigKeys (ConfUtils.java:logGet(46)) - raft.server.threadpool.client.size = 0 (default)
2023-10-17 18:45:09,022 [f3b37029-1869-41d6-8bc8-d85a9541d8ef-groupManagement] INFO  storage.RaftStorageDirectory (RaftStorageDirectoryImpl.java:analyzeStorage(137)) - The storage directory /home/runner/work/ozone/ozone/hadoop-ozone/integration-test/target/test-dir/MiniOzoneClusterImpl-14327f45-78e1-4847-8051-3610e19f479d/datanode-2/data/ratis/c17d4717-ad27-4244-88a7-df4abae40fc1 does not exist. Creating ...
2023-10-17 18:45:09,024 [f3b37029-1869-41d6-8bc8-d85a9541d8ef-groupManagement] INFO  storage.RaftStorageDirectory (RaftStorageDirectoryImpl.java:tryLock(231)) - Lock on /home/runner/work/ozone/ozone/hadoop-ozone/integration-test/target/test-dir/MiniOzoneClusterImpl-14327f45-78e1-4847-8051-3610e19f479d/datanode-2/data/ratis/c17d4717-ad27-4244-88a7-df4abae40fc1/in_use.lock acquired by nodename 31914@fv-az189-115
2023-10-17 18:45:09,026 [f3b37029-1869-41d6-8bc8-d85a9541d8ef-groupManagement] INFO  storage.RaftStorage (RaftStorageImpl.java:format(96)) - Storage directory /home/runner/work/ozone/ozone/hadoop-ozone/integration-test/target/test-dir/MiniOzoneClusterImpl-14327f45-78e1-4847-8051-3610e19f479d/datanode-2/data/ratis/c17d4717-ad27-4244-88a7-df4abae40fc1 has been successfully formatted.
2023-10-17 18:45:09,026 [f3b37029-1869-41d6-8bc8-d85a9541d8ef-groupManagement] INFO  ratis.ContainerStateMachine (ContainerStateMachine.java:loadSnapshot(262)) - group-DF4ABAE40FC1: The snapshot info is null. Setting the last applied indexto:(t:0, i:~)
2023-10-17 18:45:09,027 [f3b37029-1869-41d6-8bc8-d85a9541d8ef-groupManagement] INFO  server.RaftServerConfigKeys (ConfUtils.java:logGet(46)) - raft.server.log.use.memory = false (default)
2023-10-17 18:45:09,027 [f3b37029-1869-41d6-8bc8-d85a9541d8ef-groupManagement] INFO  server.RaftServerConfigKeys (ConfUtils.java:logGet(46)) - raft.server.log.purge.gap = 1000000 (custom)
2023-10-17 18:45:09,027 [f3b37029-1869-41d6-8bc8-d85a9541d8ef-groupManagement] INFO  server.RaftServerConfigKeys (ConfUtils.java:logGet(46)) - raft.server.log.appender.buffer.byte-limit = 33554432 (custom)
2023-10-17 18:45:09,027 [f3b37029-1869-41d6-8bc8-d85a9541d8ef-groupManagement] INFO  server.RaftServerConfigKeys (ConfUtils.java:logGet(46)) - raft.server.log.statemachine.data.read.timeout = 1000ms (default)
2023-10-17 18:45:09,027 [f3b37029-1869-41d6-8bc8-d85a9541d8ef-groupManagement] INFO  server.RaftServerConfigKeys (ConfUtils.java:logGet(46)) - raft.server.log.purge.preservation.log.num = 0 (default)
2023-10-17 18:45:09,027 [f3b37029-1869-41d6-8bc8-d85a9541d8ef-groupManagement] INFO  server.RaftServerConfigKeys (ConfUtils.java:logGet(46)) - raft.server.log.segment.size.max = 1048576 (custom)
2023-10-17 18:45:09,028 [f3b37029-1869-41d6-8bc8-d85a9541d8ef-groupManagement] INFO  server.RaftServerConfigKeys (ConfUtils.java:logGet(46)) - raft.server.log.segment.cache.num.max = 2 (custom)
2023-10-17 18:45:09,029 [f3b37029-1869-41d6-8bc8-d85a9541d8ef-groupManagement] INFO  server.RaftServerConfigKeys (ConfUtils.java:logGet(46)) - raft.server.log.segment.cache.size.max = 200MB (=209715200) (default)
2023-10-17 18:45:09,029 [f3b37029-1869-41d6-8bc8-d85a9541d8ef-groupManagement] INFO  server.RaftServerConfigKeys (ConfUtils.java:logGet(46)) - raft.server.log.appender.buffer.byte-limit = 33554432 (custom)
2023-10-17 18:45:09,029 [f3b37029-1869-41d6-8bc8-d85a9541d8ef-groupManagement] INFO  segmented.SegmentedRaftLogWorker (SegmentedRaftLogWorker.java:<init>(188)) - new f3b37029-1869-41d6-8bc8-d85a9541d8ef@group-DF4ABAE40FC1-SegmentedRaftLogWorker for RaftStorageImpl:Storage Directory /home/runner/work/ozone/ozone/hadoop-ozone/integration-test/target/test-dir/MiniOzoneClusterImpl-14327f45-78e1-4847-8051-3610e19f479d/datanode-2/data/ratis/c17d4717-ad27-4244-88a7-df4abae40fc1
2023-10-17 18:45:09,029 [f3b37029-1869-41d6-8bc8-d85a9541d8ef-groupManagement] INFO  server.RaftServerConfigKeys (ConfUtils.java:logGet(46)) - raft.server.log.queue.byte-limit = 4294967296 (custom)
2023-10-17 18:45:09,029 [f3b37029-1869-41d6-8bc8-d85a9541d8ef-groupManagement] INFO  server.RaftServerConfigKeys (ConfUtils.java:logGet(46)) - raft.server.log.queue.element-limit = 1024 (custom)
2023-10-17 18:45:09,029 [f3b37029-1869-41d6-8bc8-d85a9541d8ef-groupManagement] INFO  server.RaftServerConfigKeys (ConfUtils.java:logGet(46)) - raft.server.log.segment.size.max = 1048576 (custom)
2023-10-17 18:45:09,030 [f3b37029-1869-41d6-8bc8-d85a9541d8ef-groupManagement] INFO  server.RaftServerConfigKeys (ConfUtils.java:logGet(46)) - raft.server.log.preallocated.size = 16384 (custom)
2023-10-17 18:45:09,030 [f3b37029-1869-41d6-8bc8-d85a9541d8ef-groupManagement] INFO  server.RaftServerConfigKeys (ConfUtils.java:logGet(46)) - raft.server.log.force.sync.num = 128 (default)
2023-10-17 18:45:09,030 [f3b37029-1869-41d6-8bc8-d85a9541d8ef-groupManagement] INFO  server.RaftServerConfigKeys (ConfUtils.java:logGet(46)) - raft.server.log.statemachine.data.sync = true (default)
2023-10-17 18:45:09,030 [f3b37029-1869-41d6-8bc8-d85a9541d8ef-groupManagement] INFO  server.RaftServerConfigKeys (ConfUtils.java:logGet(46)) - raft.server.log.statemachine.data.sync.timeout = 10s (default)
2023-10-17 18:45:09,030 [f3b37029-1869-41d6-8bc8-d85a9541d8ef-groupManagement] INFO  server.RaftServerConfigKeys (ConfUtils.java:logGet(46)) - raft.server.log.statemachine.data.sync.timeout.retry = -1 (default)
2023-10-17 18:45:09,031 [f3b37029-1869-41d6-8bc8-d85a9541d8ef-groupManagement] INFO  server.RaftServerConfigKeys (ConfUtils.java:logGet(46)) - raft.server.log.write.buffer.size = 1048576 (custom)
2023-10-17 18:45:09,031 [f3b37029-1869-41d6-8bc8-d85a9541d8ef-groupManagement] INFO  server.RaftServerConfigKeys (ConfUtils.java:logGet(46)) - raft.server.log.appender.buffer.byte-limit = 33554432 (custom)
2023-10-17 18:45:09,036 [f3b37029-1869-41d6-8bc8-d85a9541d8ef-groupManagement] INFO  server.RaftServerConfigKeys (ConfUtils.java:logGet(46)) - raft.server.log.unsafe-flush.enabled = false (default)
2023-10-17 18:45:09,036 [f3b37029-1869-41d6-8bc8-d85a9541d8ef-groupManagement] INFO  server.RaftServerConfigKeys (ConfUtils.java:logGet(46)) - raft.server.log.async-flush.enabled = false (default)
2023-10-17 18:45:09,036 [f3b37029-1869-41d6-8bc8-d85a9541d8ef-groupManagement] INFO  server.RaftServerConfigKeys (ConfUtils.java:logGet(46)) - raft.server.log.statemachine.data.caching.enabled = true (custom)
2023-10-17 18:45:09,036 [f3b37029-1869-41d6-8bc8-d85a9541d8ef-groupManagement] INFO  segmented.SegmentedRaftLogWorker (SegmentedRaftLogWorker.java:lambda$new$0(135)) - f3b37029-1869-41d6-8bc8-d85a9541d8ef@group-DF4ABAE40FC1-SegmentedRaftLogWorker: flushIndex: setUnconditionally 0 -> -1
2023-10-17 18:45:09,036 [f3b37029-1869-41d6-8bc8-d85a9541d8ef-groupManagement] INFO  segmented.SegmentedRaftLogWorker (SegmentedRaftLogWorker.java:lambda$new$0(135)) - f3b37029-1869-41d6-8bc8-d85a9541d8ef@group-DF4ABAE40FC1-SegmentedRaftLogWorker: safeCacheEvictIndex: setUnconditionally 0 -> -1
2023-10-17 18:45:09,036 [f3b37029-1869-41d6-8bc8-d85a9541d8ef-groupManagement] INFO  server.RaftServer$Division (RaftServerImpl.java:start(342)) - f3b37029-1869-41d6-8bc8-d85a9541d8ef@group-DF4ABAE40FC1: start as a follower, conf=-1: peers:[f3b37029-1869-41d6-8bc8-d85a9541d8ef|rpc:10.1.0.25:15206|admin:10.1.0.25:15205|client:10.1.0.25:15204|dataStream:10.1.0.25:15207|priority:1|startupRole:FOLLOWER, 57da0847-4950-4ea9-a1de-cd2dacb809d4|rpc:10.1.0.25:15188|admin:10.1.0.25:15187|client:10.1.0.25:15186|dataStream:10.1.0.25:15189|priority:0|startupRole:FOLLOWER, f2d55db1-4d7a-4f26-8f17-39f168379328|rpc:10.1.0.25:15197|admin:10.1.0.25:15196|client:10.1.0.25:15195|dataStream:10.1.0.25:15198|priority:0|startupRole:FOLLOWER]|listeners:[], old=null
2023-10-17 18:45:09,036 [f3b37029-1869-41d6-8bc8-d85a9541d8ef-groupManagement] INFO  server.RaftServer$Division (RaftServerImpl.java:setRole(329)) - f3b37029-1869-41d6-8bc8-d85a9541d8ef@group-DF4ABAE40FC1: changes role from      null to FOLLOWER at term 0 for startAsFollower
2023-10-17 18:45:09,036 [f3b37029-1869-41d6-8bc8-d85a9541d8ef-groupManagement] INFO  impl.RoleInfo (RoleInfo.java:updateAndGet(139)) - f3b37029-1869-41d6-8bc8-d85a9541d8ef: start f3b37029-1869-41d6-8bc8-d85a9541d8ef@group-DF4ABAE40FC1-FollowerState
2023-10-17 18:45:09,037 [f3b37029-1869-41d6-8bc8-d85a9541d8ef-groupManagement] INFO  util.JmxRegister (JmxRegister.java:tryRegister(44)) - Successfully registered JMX Bean with object name Ratis:service=RaftServer,group=group-DF4ABAE40FC1,id=f3b37029-1869-41d6-8bc8-d85a9541d8ef
2023-10-17 18:45:09,037 [f3b37029-1869-41d6-8bc8-d85a9541d8ef-groupManagement] INFO  server.RaftServerConfigKeys (ConfUtils.java:logGet(46)) - raft.server.snapshot.auto.trigger.enabled = true (custom)
2023-10-17 18:45:09,037 [f3b37029-1869-41d6-8bc8-d85a9541d8ef-groupManagement] INFO  server.RaftServerConfigKeys (ConfUtils.java:logGet(46)) - raft.server.snapshot.auto.trigger.threshold = 10000 (custom)
2023-10-17 18:45:09,037 [f3b37029-1869-41d6-8bc8-d85a9541d8ef-groupManagement] INFO  server.RaftServerConfigKeys (ConfUtils.java:logGet(46)) - raft.server.snapshot.retention.file.num = 5 (custom)
2023-10-17 18:45:09,037 [f3b37029-1869-41d6-8bc8-d85a9541d8ef-groupManagement] INFO  server.RaftServerConfigKeys (ConfUtils.java:logGet(46)) - raft.server.log.purge.upto.snapshot.index = false (default)
2023-10-17 18:45:09,037 [f3b37029-1869-41d6-8bc8-d85a9541d8ef@group-DF4ABAE40FC1-FollowerState] INFO  server.RaftServerConfigKeys (ConfUtils.java:logFallback(53)) - raft.server.rpc.first-election.timeout.min = 5s (fallback to raft.server.rpc.timeout.min)
2023-10-17 18:45:09,037 [f3b37029-1869-41d6-8bc8-d85a9541d8ef@group-DF4ABAE40FC1-FollowerState] INFO  server.RaftServerConfigKeys (ConfUtils.java:logFallback(53)) - raft.server.rpc.first-election.timeout.max = 5200ms (fallback to raft.server.rpc.timeout.max)
2023-10-17 18:45:09,049 [grpc-default-executor-1] INFO  server.RaftServer (RaftServerProxy.java:addNew(98)) - f2d55db1-4d7a-4f26-8f17-39f168379328: addNew group-DF4ABAE40FC1:[f3b37029-1869-41d6-8bc8-d85a9541d8ef|rpc:10.1.0.25:15206|admin:10.1.0.25:15205|client:10.1.0.25:15204|dataStream:10.1.0.25:15207|priority:1|startupRole:FOLLOWER, 57da0847-4950-4ea9-a1de-cd2dacb809d4|rpc:10.1.0.25:15188|admin:10.1.0.25:15187|client:10.1.0.25:15186|dataStream:10.1.0.25:15189|priority:0|startupRole:FOLLOWER, f2d55db1-4d7a-4f26-8f17-39f168379328|rpc:10.1.0.25:15197|admin:10.1.0.25:15196|client:10.1.0.25:15195|dataStream:10.1.0.25:15198|priority:0|startupRole:FOLLOWER] returns group-DF4ABAE40FC1:java.util.concurrent.CompletableFuture@5d796fb4[Not completed]
2023-10-17 18:45:09,050 [f2d55db1-4d7a-4f26-8f17-39f168379328-groupManagement] INFO  server.RaftServer$Division (RaftServerImpl.java:<init>(198)) - f2d55db1-4d7a-4f26-8f17-39f168379328: new RaftServerImpl for group-DF4ABAE40FC1:[f3b37029-1869-41d6-8bc8-d85a9541d8ef|rpc:10.1.0.25:15206|admin:10.1.0.25:15205|client:10.1.0.25:15204|dataStream:10.1.0.25:15207|priority:1|startupRole:FOLLOWER, 57da0847-4950-4ea9-a1de-cd2dacb809d4|rpc:10.1.0.25:15188|admin:10.1.0.25:15187|client:10.1.0.25:15186|dataStream:10.1.0.25:15189|priority:0|startupRole:FOLLOWER, f2d55db1-4d7a-4f26-8f17-39f168379328|rpc:10.1.0.25:15197|admin:10.1.0.25:15196|client:10.1.0.25:15195|dataStream:10.1.0.25:15198|priority:0|startupRole:FOLLOWER] with ContainerStateMachine:uninitialized
2023-10-17 18:45:09,050 [f2d55db1-4d7a-4f26-8f17-39f168379328-groupManagement] INFO  server.RaftServerConfigKeys (ConfUtils.java:logGet(46)) - raft.server.rpc.timeout.min = 5s (custom)
2023-10-17 18:45:09,050 [f2d55db1-4d7a-4f26-8f17-39f168379328-groupManagement] INFO  server.RaftServerConfigKeys (ConfUtils.java:logGet(46)) - raft.server.rpc.timeout.max = 5200ms (custom)
2023-10-17 18:45:09,050 [f2d55db1-4d7a-4f26-8f17-39f168379328-groupManagement] INFO  server.RaftServerConfigKeys (ConfUtils.java:logGet(46)) - raft.server.rpc.sleep.time = 25ms (default)
2023-10-17 18:45:09,050 [f2d55db1-4d7a-4f26-8f17-39f168379328-groupManagement] INFO  server.RaftServerConfigKeys (ConfUtils.java:logGet(46)) - raft.server.rpc.slowness.timeout = 300s (custom)
2023-10-17 18:45:09,050 [f2d55db1-4d7a-4f26-8f17-39f168379328-groupManagement] INFO  server.RaftServerConfigKeys (ConfUtils.java:logGet(46)) - raft.server.leaderelection.leader.step-down.wait-time = 10s (default)
2023-10-17 18:45:09,050 [f2d55db1-4d7a-4f26-8f17-39f168379328-groupManagement] INFO  server.RaftServerConfigKeys (ConfUtils.java:logGet(46)) - raft.server.sleep.deviation.threshold = 300ms (default)
2023-10-17 18:45:09,051 [f2d55db1-4d7a-4f26-8f17-39f168379328-groupManagement] INFO  server.RaftServer$Division (ServerState.java:<init>(120)) - f2d55db1-4d7a-4f26-8f17-39f168379328@group-DF4ABAE40FC1: ConfigurationManager, init=-1: peers:[f3b37029-1869-41d6-8bc8-d85a9541d8ef|rpc:10.1.0.25:15206|admin:10.1.0.25:15205|client:10.1.0.25:15204|dataStream:10.1.0.25:15207|priority:1|startupRole:FOLLOWER, 57da0847-4950-4ea9-a1de-cd2dacb809d4|rpc:10.1.0.25:15188|admin:10.1.0.25:15187|client:10.1.0.25:15186|dataStream:10.1.0.25:15189|priority:0|startupRole:FOLLOWER, f2d55db1-4d7a-4f26-8f17-39f168379328|rpc:10.1.0.25:15197|admin:10.1.0.25:15196|client:10.1.0.25:15195|dataStream:10.1.0.25:15198|priority:0|startupRole:FOLLOWER]|listeners:[], old=null, confs=<EMPTY_MAP>
2023-10-17 18:45:09,051 [f2d55db1-4d7a-4f26-8f17-39f168379328-groupManagement] INFO  server.RaftServerConfigKeys (ConfUtils.java:logGet(46)) - raft.server.storage.dir = [/home/runner/work/ozone/ozone/hadoop-ozone/integration-test/target/test-dir/MiniOzoneClusterImpl-14327f45-78e1-4847-8051-3610e19f479d/datanode-1/data/ratis] (custom)
2023-10-17 18:45:09,051 [f2d55db1-4d7a-4f26-8f17-39f168379328-groupManagement] INFO  server.RaftServerConfigKeys (ConfUtils.java:logGet(46)) - raft.server.log.corruption.policy = EXCEPTION (default)
2023-10-17 18:45:09,051 [f2d55db1-4d7a-4f26-8f17-39f168379328-groupManagement] INFO  server.RaftServerConfigKeys (ConfUtils.java:logGet(46)) - raft.server.storage.free-space.min = 0MB (=0) (default)
2023-10-17 18:45:09,051 [f2d55db1-4d7a-4f26-8f17-39f168379328-groupManagement] INFO  server.RaftServerConfigKeys (ConfUtils.java:logGet(46)) - raft.server.notification.no-leader.timeout = 300s (custom)
2023-10-17 18:45:09,051 [f2d55db1-4d7a-4f26-8f17-39f168379328-groupManagement] INFO  server.RaftServerConfigKeys (ConfUtils.java:logGet(46)) - raft.server.read.timeout = 10s (default)
2023-10-17 18:45:09,051 [f2d55db1-4d7a-4f26-8f17-39f168379328-groupManagement] INFO  server.RaftServerConfigKeys (ConfUtils.java:logGet(46)) - raft.server.retrycache.expirytime = 600000ms (custom)
2023-10-17 18:45:09,051 [f2d55db1-4d7a-4f26-8f17-39f168379328-groupManagement] INFO  server.RaftServerConfigKeys (ConfUtils.java:logGet(46)) - raft.server.retrycache.statistics.expirytime = 100μs (default)
2023-10-17 18:45:09,051 [f2d55db1-4d7a-4f26-8f17-39f168379328-groupManagement] INFO  server.RaftServerConfigKeys (ConfUtils.java:logGet(46)) - raft.server.read.option = DEFAULT (default)
2023-10-17 18:45:09,051 [f2d55db1-4d7a-4f26-8f17-39f168379328-groupManagement] INFO  server.RaftServerConfigKeys (ConfUtils.java:logGet(46)) - raft.server.rpc.request.timeout = 60s (custom)
2023-10-17 18:45:09,052 [f2d55db1-4d7a-4f26-8f17-39f168379328-groupManagement] INFO  server.RaftServerConfigKeys (ConfUtils.java:logGet(46)) - raft.server.log.appender.install.snapshot.enabled = false (custom)
2023-10-17 18:45:09,052 [f2d55db1-4d7a-4f26-8f17-39f168379328-groupManagement] INFO  server.RaftServerConfigKeys (ConfUtils.java:logGet(46)) - raft.server.threadpool.server.cached = true (default)
2023-10-17 18:45:09,052 [f2d55db1-4d7a-4f26-8f17-39f168379328-groupManagement] INFO  server.RaftServerConfigKeys (ConfUtils.java:logGet(46)) - raft.server.threadpool.server.size = 0 (default)
2023-10-17 18:45:09,052 [f2d55db1-4d7a-4f26-8f17-39f168379328-groupManagement] INFO  server.RaftServerConfigKeys (ConfUtils.java:logGet(46)) - raft.server.threadpool.client.cached = true (default)
2023-10-17 18:45:09,052 [f2d55db1-4d7a-4f26-8f17-39f168379328-groupManagement] INFO  server.RaftServerConfigKeys (ConfUtils.java:logGet(46)) - raft.server.threadpool.client.size = 0 (default)
2023-10-17 18:45:09,052 [f2d55db1-4d7a-4f26-8f17-39f168379328-groupManagement] INFO  storage.RaftStorageDirectory (RaftStorageDirectoryImpl.java:analyzeStorage(137)) - The storage directory /home/runner/work/ozone/ozone/hadoop-ozone/integration-test/target/test-dir/MiniOzoneClusterImpl-14327f45-78e1-4847-8051-3610e19f479d/datanode-1/data/ratis/c17d4717-ad27-4244-88a7-df4abae40fc1 does not exist. Creating ...
2023-10-17 18:45:09,053 [f2d55db1-4d7a-4f26-8f17-39f168379328-groupManagement] INFO  storage.RaftStorageDirectory (RaftStorageDirectoryImpl.java:tryLock(231)) - Lock on /home/runner/work/ozone/ozone/hadoop-ozone/integration-test/target/test-dir/MiniOzoneClusterImpl-14327f45-78e1-4847-8051-3610e19f479d/datanode-1/data/ratis/c17d4717-ad27-4244-88a7-df4abae40fc1/in_use.lock acquired by nodename 31914@fv-az189-115
2023-10-17 18:45:09,054 [f2d55db1-4d7a-4f26-8f17-39f168379328-groupManagement] INFO  storage.RaftStorage (RaftStorageImpl.java:format(96)) - Storage directory /home/runner/work/ozone/ozone/hadoop-ozone/integration-test/target/test-dir/MiniOzoneClusterImpl-14327f45-78e1-4847-8051-3610e19f479d/datanode-1/data/ratis/c17d4717-ad27-4244-88a7-df4abae40fc1 has been successfully formatted.
2023-10-17 18:45:09,055 [f2d55db1-4d7a-4f26-8f17-39f168379328-groupManagement] INFO  ratis.ContainerStateMachine (ContainerStateMachine.java:loadSnapshot(262)) - group-DF4ABAE40FC1: The snapshot info is null. Setting the last applied indexto:(t:0, i:~)
2023-10-17 18:45:09,055 [f2d55db1-4d7a-4f26-8f17-39f168379328-groupManagement] INFO  server.RaftServerConfigKeys (ConfUtils.java:logGet(46)) - raft.server.log.use.memory = false (default)
2023-10-17 18:45:09,055 [f2d55db1-4d7a-4f26-8f17-39f168379328-groupManagement] INFO  server.RaftServerConfigKeys (ConfUtils.java:logGet(46)) - raft.server.log.purge.gap = 1000000 (custom)
2023-10-17 18:45:09,055 [f2d55db1-4d7a-4f26-8f17-39f168379328-groupManagement] INFO  server.RaftServerConfigKeys (ConfUtils.java:logGet(46)) - raft.server.log.appender.buffer.byte-limit = 33554432 (custom)
2023-10-17 18:45:09,055 [f2d55db1-4d7a-4f26-8f17-39f168379328-groupManagement] INFO  server.RaftServerConfigKeys (ConfUtils.java:logGet(46)) - raft.server.log.statemachine.data.read.timeout = 1000ms (default)
2023-10-17 18:45:09,055 [f2d55db1-4d7a-4f26-8f17-39f168379328-groupManagement] INFO  server.RaftServerConfigKeys (ConfUtils.java:logGet(46)) - raft.server.log.purge.preservation.log.num = 0 (default)
2023-10-17 18:45:09,055 [f2d55db1-4d7a-4f26-8f17-39f168379328-groupManagement] INFO  server.RaftServerConfigKeys (ConfUtils.java:logGet(46)) - raft.server.log.segment.size.max = 1048576 (custom)
2023-10-17 18:45:09,055 [f2d55db1-4d7a-4f26-8f17-39f168379328-groupManagement] INFO  server.RaftServerConfigKeys (ConfUtils.java:logGet(46)) - raft.server.log.segment.cache.num.max = 2 (custom)
2023-10-17 18:45:09,055 [f2d55db1-4d7a-4f26-8f17-39f168379328-groupManagement] INFO  server.RaftServerConfigKeys (ConfUtils.java:logGet(46)) - raft.server.log.segment.cache.size.max = 200MB (=209715200) (default)
2023-10-17 18:45:09,055 [f2d55db1-4d7a-4f26-8f17-39f168379328-groupManagement] INFO  server.RaftServerConfigKeys (ConfUtils.java:logGet(46)) - raft.server.log.appender.buffer.byte-limit = 33554432 (custom)
2023-10-17 18:45:09,056 [f2d55db1-4d7a-4f26-8f17-39f168379328-groupManagement] INFO  segmented.SegmentedRaftLogWorker (SegmentedRaftLogWorker.java:<init>(188)) - new f2d55db1-4d7a-4f26-8f17-39f168379328@group-DF4ABAE40FC1-SegmentedRaftLogWorker for RaftStorageImpl:Storage Directory /home/runner/work/ozone/ozone/hadoop-ozone/integration-test/target/test-dir/MiniOzoneClusterImpl-14327f45-78e1-4847-8051-3610e19f479d/datanode-1/data/ratis/c17d4717-ad27-4244-88a7-df4abae40fc1
2023-10-17 18:45:09,056 [f2d55db1-4d7a-4f26-8f17-39f168379328-groupManagement] INFO  server.RaftServerConfigKeys (ConfUtils.java:logGet(46)) - raft.server.log.queue.byte-limit = 4294967296 (custom)
2023-10-17 18:45:09,056 [f2d55db1-4d7a-4f26-8f17-39f168379328-groupManagement] INFO  server.RaftServerConfigKeys (ConfUtils.java:logGet(46)) - raft.server.log.queue.element-limit = 1024 (custom)
2023-10-17 18:45:09,056 [f2d55db1-4d7a-4f26-8f17-39f168379328-groupManagement] INFO  server.RaftServerConfigKeys (ConfUtils.java:logGet(46)) - raft.server.log.segment.size.max = 1048576 (custom)
2023-10-17 18:45:09,056 [f2d55db1-4d7a-4f26-8f17-39f168379328-groupManagement] INFO  server.RaftServerConfigKeys (ConfUtils.java:logGet(46)) - raft.server.log.preallocated.size = 16384 (custom)
2023-10-17 18:45:09,056 [f2d55db1-4d7a-4f26-8f17-39f168379328-groupManagement] INFO  server.RaftServerConfigKeys (ConfUtils.java:logGet(46)) - raft.server.log.force.sync.num = 128 (default)
2023-10-17 18:45:09,056 [f2d55db1-4d7a-4f26-8f17-39f168379328-groupManagement] INFO  server.RaftServerConfigKeys (ConfUtils.java:logGet(46)) - raft.server.log.statemachine.data.sync = true (default)
2023-10-17 18:45:09,056 [f2d55db1-4d7a-4f26-8f17-39f168379328-groupManagement] INFO  server.RaftServerConfigKeys (ConfUtils.java:logGet(46)) - raft.server.log.statemachine.data.sync.timeout = 10s (default)
2023-10-17 18:45:09,056 [f2d55db1-4d7a-4f26-8f17-39f168379328-groupManagement] INFO  server.RaftServerConfigKeys (ConfUtils.java:logGet(46)) - raft.server.log.statemachine.data.sync.timeout.retry = -1 (default)
2023-10-17 18:45:09,056 [f2d55db1-4d7a-4f26-8f17-39f168379328-groupManagement] INFO  server.RaftServerConfigKeys (ConfUtils.java:logGet(46)) - raft.server.log.write.buffer.size = 1048576 (custom)
2023-10-17 18:45:09,056 [f2d55db1-4d7a-4f26-8f17-39f168379328-groupManagement] INFO  server.RaftServerConfigKeys (ConfUtils.java:logGet(46)) - raft.server.log.appender.buffer.byte-limit = 33554432 (custom)
2023-10-17 18:45:09,060 [PipelineCommandHandlerThread-0] INFO  server.RaftServer (RaftServerProxy.java:addNew(98)) - f2d55db1-4d7a-4f26-8f17-39f168379328: addNew group-27CEC22D2FA1:[f2d55db1-4d7a-4f26-8f17-39f168379328|rpc:10.1.0.25:15197|admin:10.1.0.25:15196|client:10.1.0.25:15195|dataStream:10.1.0.25:15198|priority:1|startupRole:FOLLOWER] returns group-27CEC22D2FA1:java.util.concurrent.CompletableFuture@21bcb5c[Not completed]
2023-10-17 18:45:09,062 [f2d55db1-4d7a-4f26-8f17-39f168379328-groupManagement] INFO  server.RaftServerConfigKeys (ConfUtils.java:logGet(46)) - raft.server.log.unsafe-flush.enabled = false (default)
2023-10-17 18:45:09,062 [f2d55db1-4d7a-4f26-8f17-39f168379328-groupManagement] INFO  server.RaftServerConfigKeys (ConfUtils.java:logGet(46)) - raft.server.log.async-flush.enabled = false (default)
2023-10-17 18:45:09,062 [f2d55db1-4d7a-4f26-8f17-39f168379328-groupManagement] INFO  server.RaftServerConfigKeys (ConfUtils.java:logGet(46)) - raft.server.log.statemachine.data.caching.enabled = true (custom)
2023-10-17 18:45:09,062 [f2d55db1-4d7a-4f26-8f17-39f168379328-groupManagement] INFO  segmented.SegmentedRaftLogWorker (SegmentedRaftLogWorker.java:lambda$new$0(135)) - f2d55db1-4d7a-4f26-8f17-39f168379328@group-DF4ABAE40FC1-SegmentedRaftLogWorker: flushIndex: setUnconditionally 0 -> -1
2023-10-17 18:45:09,062 [f2d55db1-4d7a-4f26-8f17-39f168379328-groupManagement] INFO  segmented.SegmentedRaftLogWorker (SegmentedRaftLogWorker.java:lambda$new$0(135)) - f2d55db1-4d7a-4f26-8f17-39f168379328@group-DF4ABAE40FC1-SegmentedRaftLogWorker: safeCacheEvictIndex: setUnconditionally 0 -> -1
2023-10-17 18:45:09,066 [f2d55db1-4d7a-4f26-8f17-39f168379328-groupManagement] INFO  server.RaftServer$Division (RaftServerImpl.java:start(342)) - f2d55db1-4d7a-4f26-8f17-39f168379328@group-DF4ABAE40FC1: start as a follower, conf=-1: peers:[f3b37029-1869-41d6-8bc8-d85a9541d8ef|rpc:10.1.0.25:15206|admin:10.1.0.25:15205|client:10.1.0.25:15204|dataStream:10.1.0.25:15207|priority:1|startupRole:FOLLOWER, 57da0847-4950-4ea9-a1de-cd2dacb809d4|rpc:10.1.0.25:15188|admin:10.1.0.25:15187|client:10.1.0.25:15186|dataStream:10.1.0.25:15189|priority:0|startupRole:FOLLOWER, f2d55db1-4d7a-4f26-8f17-39f168379328|rpc:10.1.0.25:15197|admin:10.1.0.25:15196|client:10.1.0.25:15195|dataStream:10.1.0.25:15198|priority:0|startupRole:FOLLOWER]|listeners:[], old=null
2023-10-17 18:45:09,066 [f2d55db1-4d7a-4f26-8f17-39f168379328-groupManagement] INFO  server.RaftServer$Division (RaftServerImpl.java:setRole(329)) - f2d55db1-4d7a-4f26-8f17-39f168379328@group-DF4ABAE40FC1: changes role from      null to FOLLOWER at term 0 for startAsFollower
2023-10-17 18:45:09,066 [f2d55db1-4d7a-4f26-8f17-39f168379328-groupManagement] INFO  impl.RoleInfo (RoleInfo.java:updateAndGet(139)) - f2d55db1-4d7a-4f26-8f17-39f168379328: start f2d55db1-4d7a-4f26-8f17-39f168379328@group-DF4ABAE40FC1-FollowerState
2023-10-17 18:45:09,066 [f2d55db1-4d7a-4f26-8f17-39f168379328-groupManagement] INFO  util.JmxRegister (JmxRegister.java:tryRegister(44)) - Successfully registered JMX Bean with object name Ratis:service=RaftServer,group=group-DF4ABAE40FC1,id=f2d55db1-4d7a-4f26-8f17-39f168379328
2023-10-17 18:45:09,066 [f2d55db1-4d7a-4f26-8f17-39f168379328-groupManagement] INFO  server.RaftServerConfigKeys (ConfUtils.java:logGet(46)) - raft.server.snapshot.auto.trigger.enabled = true (custom)
2023-10-17 18:45:09,067 [f2d55db1-4d7a-4f26-8f17-39f168379328-groupManagement] INFO  server.RaftServerConfigKeys (ConfUtils.java:logGet(46)) - raft.server.snapshot.auto.trigger.threshold = 10000 (custom)
2023-10-17 18:45:09,067 [f2d55db1-4d7a-4f26-8f17-39f168379328-groupManagement] INFO  server.RaftServerConfigKeys (ConfUtils.java:logGet(46)) - raft.server.snapshot.retention.file.num = 5 (custom)
2023-10-17 18:45:09,067 [f2d55db1-4d7a-4f26-8f17-39f168379328-groupManagement] INFO  server.RaftServerConfigKeys (ConfUtils.java:logGet(46)) - raft.server.log.purge.upto.snapshot.index = false (default)
2023-10-17 18:45:09,067 [f2d55db1-4d7a-4f26-8f17-39f168379328@group-DF4ABAE40FC1-FollowerState] INFO  server.RaftServerConfigKeys (ConfUtils.java:logFallback(53)) - raft.server.rpc.first-election.timeout.min = 5s (fallback to raft.server.rpc.timeout.min)
2023-10-17 18:45:09,067 [f2d55db1-4d7a-4f26-8f17-39f168379328@group-DF4ABAE40FC1-FollowerState] INFO  server.RaftServerConfigKeys (ConfUtils.java:logFallback(53)) - raft.server.rpc.first-election.timeout.max = 5200ms (fallback to raft.server.rpc.timeout.max)
2023-10-17 18:45:09,068 [f2d55db1-4d7a-4f26-8f17-39f168379328-groupManagement] INFO  server.RaftServer$Division (RaftServerImpl.java:<init>(198)) - f2d55db1-4d7a-4f26-8f17-39f168379328: new RaftServerImpl for group-27CEC22D2FA1:[f2d55db1-4d7a-4f26-8f17-39f168379328|rpc:10.1.0.25:15197|admin:10.1.0.25:15196|client:10.1.0.25:15195|dataStream:10.1.0.25:15198|priority:1|startupRole:FOLLOWER] with ContainerStateMachine:uninitialized
2023-10-17 18:45:09,068 [f2d55db1-4d7a-4f26-8f17-39f168379328-groupManagement] INFO  server.RaftServerConfigKeys (ConfUtils.java:logGet(46)) - raft.server.rpc.timeout.min = 5s (custom)
2023-10-17 18:45:09,068 [f2d55db1-4d7a-4f26-8f17-39f168379328-groupManagement] INFO  server.RaftServerConfigKeys (ConfUtils.java:logGet(46)) - raft.server.rpc.timeout.max = 5200ms (custom)
2023-10-17 18:45:09,068 [f2d55db1-4d7a-4f26-8f17-39f168379328-groupManagement] INFO  server.RaftServerConfigKeys (ConfUtils.java:logGet(46)) - raft.server.rpc.sleep.time = 25ms (default)
2023-10-17 18:45:09,068 [f2d55db1-4d7a-4f26-8f17-39f168379328-groupManagement] INFO  server.RaftServerConfigKeys (ConfUtils.java:logGet(46)) - raft.server.rpc.slowness.timeout = 300s (custom)
2023-10-17 18:45:09,068 [f2d55db1-4d7a-4f26-8f17-39f168379328-groupManagement] INFO  server.RaftServerConfigKeys (ConfUtils.java:logGet(46)) - raft.server.leaderelection.leader.step-down.wait-time = 10s (default)
2023-10-17 18:45:09,068 [f2d55db1-4d7a-4f26-8f17-39f168379328-groupManagement] INFO  server.RaftServerConfigKeys (ConfUtils.java:logGet(46)) - raft.server.sleep.deviation.threshold = 300ms (default)
2023-10-17 18:45:09,068 [f2d55db1-4d7a-4f26-8f17-39f168379328-groupManagement] INFO  server.RaftServer$Division (ServerState.java:<init>(120)) - f2d55db1-4d7a-4f26-8f17-39f168379328@group-27CEC22D2FA1: ConfigurationManager, init=-1: peers:[f2d55db1-4d7a-4f26-8f17-39f168379328|rpc:10.1.0.25:15197|admin:10.1.0.25:15196|client:10.1.0.25:15195|dataStream:10.1.0.25:15198|priority:1|startupRole:FOLLOWER]|listeners:[], old=null, confs=<EMPTY_MAP>
2023-10-17 18:45:09,068 [f2d55db1-4d7a-4f26-8f17-39f168379328-groupManagement] INFO  server.RaftServerConfigKeys (ConfUtils.java:logGet(46)) - raft.server.storage.dir = [/home/runner/work/ozone/ozone/hadoop-ozone/integration-test/target/test-dir/MiniOzoneClusterImpl-14327f45-78e1-4847-8051-3610e19f479d/datanode-1/data/ratis] (custom)
2023-10-17 18:45:09,069 [f2d55db1-4d7a-4f26-8f17-39f168379328-groupManagement] INFO  server.RaftServerConfigKeys (ConfUtils.java:logGet(46)) - raft.server.log.corruption.policy = EXCEPTION (default)
2023-10-17 18:45:09,069 [f2d55db1-4d7a-4f26-8f17-39f168379328-groupManagement] INFO  server.RaftServerConfigKeys (ConfUtils.java:logGet(46)) - raft.server.storage.free-space.min = 0MB (=0) (default)
2023-10-17 18:45:09,069 [f2d55db1-4d7a-4f26-8f17-39f168379328-groupManagement] INFO  server.RaftServerConfigKeys (ConfUtils.java:logGet(46)) - raft.server.notification.no-leader.timeout = 300s (custom)
2023-10-17 18:45:09,069 [f2d55db1-4d7a-4f26-8f17-39f168379328-groupManagement] INFO  server.RaftServerConfigKeys (ConfUtils.java:logGet(46)) - raft.server.read.timeout = 10s (default)
2023-10-17 18:45:09,069 [f2d55db1-4d7a-4f26-8f17-39f168379328-groupManagement] INFO  server.RaftServerConfigKeys (ConfUtils.java:logGet(46)) - raft.server.retrycache.expirytime = 600000ms (custom)
2023-10-17 18:45:09,069 [f2d55db1-4d7a-4f26-8f17-39f168379328-groupManagement] INFO  server.RaftServerConfigKeys (ConfUtils.java:logGet(46)) - raft.server.retrycache.statistics.expirytime = 100μs (default)
2023-10-17 18:45:09,069 [f2d55db1-4d7a-4f26-8f17-39f168379328-groupManagement] INFO  server.RaftServerConfigKeys (ConfUtils.java:logGet(46)) - raft.server.read.option = DEFAULT (default)
2023-10-17 18:45:09,069 [f2d55db1-4d7a-4f26-8f17-39f168379328-groupManagement] INFO  server.RaftServerConfigKeys (ConfUtils.java:logGet(46)) - raft.server.rpc.request.timeout = 60s (custom)
2023-10-17 18:45:09,069 [f2d55db1-4d7a-4f26-8f17-39f168379328-groupManagement] INFO  server.RaftServerConfigKeys (ConfUtils.java:logGet(46)) - raft.server.log.appender.install.snapshot.enabled = false (custom)
2023-10-17 18:45:09,069 [f2d55db1-4d7a-4f26-8f17-39f168379328-groupManagement] INFO  server.RaftServerConfigKeys (ConfUtils.java:logGet(46)) - raft.server.threadpool.server.cached = true (default)
2023-10-17 18:45:09,069 [f2d55db1-4d7a-4f26-8f17-39f168379328-groupManagement] INFO  server.RaftServerConfigKeys (ConfUtils.java:logGet(46)) - raft.server.threadpool.server.size = 0 (default)
2023-10-17 18:45:09,069 [f2d55db1-4d7a-4f26-8f17-39f168379328-groupManagement] INFO  server.RaftServerConfigKeys (ConfUtils.java:logGet(46)) - raft.server.threadpool.client.cached = true (default)
2023-10-17 18:45:09,069 [f2d55db1-4d7a-4f26-8f17-39f168379328-groupManagement] INFO  server.RaftServerConfigKeys (ConfUtils.java:logGet(46)) - raft.server.threadpool.client.size = 0 (default)
2023-10-17 18:45:09,070 [f2d55db1-4d7a-4f26-8f17-39f168379328-groupManagement] INFO  storage.RaftStorageDirectory (RaftStorageDirectoryImpl.java:analyzeStorage(137)) - The storage directory /home/runner/work/ozone/ozone/hadoop-ozone/integration-test/target/test-dir/MiniOzoneClusterImpl-14327f45-78e1-4847-8051-3610e19f479d/datanode-1/data/ratis/26eac058-0763-4bc6-8f04-27cec22d2fa1 does not exist. Creating ...
2023-10-17 18:45:09,073 [f2d55db1-4d7a-4f26-8f17-39f168379328-groupManagement] INFO  storage.RaftStorageDirectory (RaftStorageDirectoryImpl.java:tryLock(231)) - Lock on /home/runner/work/ozone/ozone/hadoop-ozone/integration-test/target/test-dir/MiniOzoneClusterImpl-14327f45-78e1-4847-8051-3610e19f479d/datanode-1/data/ratis/26eac058-0763-4bc6-8f04-27cec22d2fa1/in_use.lock acquired by nodename 31914@fv-az189-115
2023-10-17 18:45:09,074 [f2d55db1-4d7a-4f26-8f17-39f168379328-groupManagement] INFO  storage.RaftStorage (RaftStorageImpl.java:format(96)) - Storage directory /home/runner/work/ozone/ozone/hadoop-ozone/integration-test/target/test-dir/MiniOzoneClusterImpl-14327f45-78e1-4847-8051-3610e19f479d/datanode-1/data/ratis/26eac058-0763-4bc6-8f04-27cec22d2fa1 has been successfully formatted.
2023-10-17 18:45:09,077 [f2d55db1-4d7a-4f26-8f17-39f168379328-groupManagement] INFO  ratis.ContainerStateMachine (ContainerStateMachine.java:loadSnapshot(262)) - group-27CEC22D2FA1: The snapshot info is null. Setting the last applied indexto:(t:0, i:~)
2023-10-17 18:45:09,077 [f2d55db1-4d7a-4f26-8f17-39f168379328-groupManagement] INFO  server.RaftServerConfigKeys (ConfUtils.java:logGet(46)) - raft.server.log.use.memory = false (default)
2023-10-17 18:45:09,077 [f2d55db1-4d7a-4f26-8f17-39f168379328-groupManagement] INFO  server.RaftServerConfigKeys (ConfUtils.java:logGet(46)) - raft.server.log.purge.gap = 1000000 (custom)
2023-10-17 18:45:09,077 [f2d55db1-4d7a-4f26-8f17-39f168379328-groupManagement] INFO  server.RaftServerConfigKeys (ConfUtils.java:logGet(46)) - raft.server.log.appender.buffer.byte-limit = 33554432 (custom)
2023-10-17 18:45:09,077 [f2d55db1-4d7a-4f26-8f17-39f168379328-groupManagement] INFO  server.RaftServerConfigKeys (ConfUtils.java:logGet(46)) - raft.server.log.statemachine.data.read.timeout = 1000ms (default)
2023-10-17 18:45:09,077 [f2d55db1-4d7a-4f26-8f17-39f168379328-groupManagement] INFO  server.RaftServerConfigKeys (ConfUtils.java:logGet(46)) - raft.server.log.purge.preservation.log.num = 0 (default)
2023-10-17 18:45:09,077 [f2d55db1-4d7a-4f26-8f17-39f168379328-groupManagement] INFO  server.RaftServerConfigKeys (ConfUtils.java:logGet(46)) - raft.server.log.segment.size.max = 1048576 (custom)
2023-10-17 18:45:09,078 [f2d55db1-4d7a-4f26-8f17-39f168379328-groupManagement] INFO  server.RaftServerConfigKeys (ConfUtils.java:logGet(46)) - raft.server.log.segment.cache.num.max = 2 (custom)
2023-10-17 18:45:09,078 [f2d55db1-4d7a-4f26-8f17-39f168379328-groupManagement] INFO  server.RaftServerConfigKeys (ConfUtils.java:logGet(46)) - raft.server.log.segment.cache.size.max = 200MB (=209715200) (default)
2023-10-17 18:45:09,078 [f2d55db1-4d7a-4f26-8f17-39f168379328-groupManagement] INFO  server.RaftServerConfigKeys (ConfUtils.java:logGet(46)) - raft.server.log.appender.buffer.byte-limit = 33554432 (custom)
2023-10-17 18:45:09,078 [f2d55db1-4d7a-4f26-8f17-39f168379328-groupManagement] INFO  segmented.SegmentedRaftLogWorker (SegmentedRaftLogWorker.java:<init>(188)) - new f2d55db1-4d7a-4f26-8f17-39f168379328@group-27CEC22D2FA1-SegmentedRaftLogWorker for RaftStorageImpl:Storage Directory /home/runner/work/ozone/ozone/hadoop-ozone/integration-test/target/test-dir/MiniOzoneClusterImpl-14327f45-78e1-4847-8051-3610e19f479d/datanode-1/data/ratis/26eac058-0763-4bc6-8f04-27cec22d2fa1
2023-10-17 18:45:09,078 [f2d55db1-4d7a-4f26-8f17-39f168379328-groupManagement] INFO  server.RaftServerConfigKeys (ConfUtils.java:logGet(46)) - raft.server.log.queue.byte-limit = 4294967296 (custom)
2023-10-17 18:45:09,078 [f2d55db1-4d7a-4f26-8f17-39f168379328-groupManagement] INFO  server.RaftServerConfigKeys (ConfUtils.java:logGet(46)) - raft.server.log.queue.element-limit = 1024 (custom)
2023-10-17 18:45:09,078 [f2d55db1-4d7a-4f26-8f17-39f168379328-groupManagement] INFO  server.RaftServerConfigKeys (ConfUtils.java:logGet(46)) - raft.server.log.segment.size.max = 1048576 (custom)
2023-10-17 18:45:09,078 [f2d55db1-4d7a-4f26-8f17-39f168379328-groupManagement] INFO  server.RaftServerConfigKeys (ConfUtils.java:logGet(46)) - raft.server.log.preallocated.size = 16384 (custom)
2023-10-17 18:45:09,078 [f2d55db1-4d7a-4f26-8f17-39f168379328-groupManagement] INFO  server.RaftServerConfigKeys (ConfUtils.java:logGet(46)) - raft.server.log.force.sync.num = 128 (default)
2023-10-17 18:45:09,078 [f2d55db1-4d7a-4f26-8f17-39f168379328-groupManagement] INFO  server.RaftServerConfigKeys (ConfUtils.java:logGet(46)) - raft.server.log.statemachine.data.sync = true (default)
2023-10-17 18:45:09,078 [f2d55db1-4d7a-4f26-8f17-39f168379328-groupManagement] INFO  server.RaftServerConfigKeys (ConfUtils.java:logGet(46)) - raft.server.log.statemachine.data.sync.timeout = 10s (default)
2023-10-17 18:45:09,078 [f2d55db1-4d7a-4f26-8f17-39f168379328-groupManagement] INFO  server.RaftServerConfigKeys (ConfUtils.java:logGet(46)) - raft.server.log.statemachine.data.sync.timeout.retry = -1 (default)
2023-10-17 18:45:09,079 [f2d55db1-4d7a-4f26-8f17-39f168379328-groupManagement] INFO  server.RaftServerConfigKeys (ConfUtils.java:logGet(46)) - raft.server.log.write.buffer.size = 1048576 (custom)
2023-10-17 18:45:09,079 [f2d55db1-4d7a-4f26-8f17-39f168379328-groupManagement] INFO  server.RaftServerConfigKeys (ConfUtils.java:logGet(46)) - raft.server.log.appender.buffer.byte-limit = 33554432 (custom)
2023-10-17 18:45:09,079 [EventQueue-PipelineReportForPipelineReportHandler] INFO  pipeline.PipelineReportHandler (PipelineReportHandler.java:processPipelineReport(136)) - Opened pipeline PipelineID=26eac058-0763-4bc6-8f04-27cec22d2fa1
2023-10-17 18:45:09,079 [EventQueue-OpenPipelineForHealthyPipelineSafeModeRule] INFO  safemode.SCMSafeModeManager (HealthyPipelineSafeModeRule.java:process(137)) - SCM in safe mode. Healthy pipelines reported count is 0, required healthy pipeline reported count is 1
2023-10-17 18:45:09,085 [f2d55db1-4d7a-4f26-8f17-39f168379328-groupManagement] INFO  server.RaftServerConfigKeys (ConfUtils.java:logGet(46)) - raft.server.log.unsafe-flush.enabled = false (default)
2023-10-17 18:45:09,086 [PipelineCommandHandlerThread-0] INFO  commandhandler.CreatePipelineCommandHandler (CreatePipelineCommandHandler.java:lambda$handle$2(124)) - Created Pipeline RATIS THREE PipelineID=c17d4717-ad27-4244-88a7-df4abae40fc1.
2023-10-17 18:45:09,087 [f2d55db1-4d7a-4f26-8f17-39f168379328-groupManagement] INFO  server.RaftServerConfigKeys (ConfUtils.java:logGet(46)) - raft.server.log.async-flush.enabled = false (default)
2023-10-17 18:45:09,087 [f2d55db1-4d7a-4f26-8f17-39f168379328-groupManagement] INFO  server.RaftServerConfigKeys (ConfUtils.java:logGet(46)) - raft.server.log.statemachine.data.caching.enabled = true (custom)
2023-10-17 18:45:09,087 [f2d55db1-4d7a-4f26-8f17-39f168379328-groupManagement] INFO  segmented.SegmentedRaftLogWorker (SegmentedRaftLogWorker.java:lambda$new$0(135)) - f2d55db1-4d7a-4f26-8f17-39f168379328@group-27CEC22D2FA1-SegmentedRaftLogWorker: flushIndex: setUnconditionally 0 -> -1
2023-10-17 18:45:09,087 [f2d55db1-4d7a-4f26-8f17-39f168379328-groupManagement] INFO  segmented.SegmentedRaftLogWorker (SegmentedRaftLogWorker.java:lambda$new$0(135)) - f2d55db1-4d7a-4f26-8f17-39f168379328@group-27CEC22D2FA1-SegmentedRaftLogWorker: safeCacheEvictIndex: setUnconditionally 0 -> -1
2023-10-17 18:45:09,087 [f2d55db1-4d7a-4f26-8f17-39f168379328-groupManagement] INFO  server.RaftServer$Division (RaftServerImpl.java:start(342)) - f2d55db1-4d7a-4f26-8f17-39f168379328@group-27CEC22D2FA1: start as a follower, conf=-1: peers:[f2d55db1-4d7a-4f26-8f17-39f168379328|rpc:10.1.0.25:15197|admin:10.1.0.25:15196|client:10.1.0.25:15195|dataStream:10.1.0.25:15198|priority:1|startupRole:FOLLOWER]|listeners:[], old=null
2023-10-17 18:45:09,087 [f2d55db1-4d7a-4f26-8f17-39f168379328-groupManagement] INFO  server.RaftServer$Division (RaftServerImpl.java:setRole(329)) - f2d55db1-4d7a-4f26-8f17-39f168379328@group-27CEC22D2FA1: changes role from      null to FOLLOWER at term 0 for startAsFollower
2023-10-17 18:45:09,087 [f2d55db1-4d7a-4f26-8f17-39f168379328-groupManagement] INFO  impl.RoleInfo (RoleInfo.java:updateAndGet(139)) - f2d55db1-4d7a-4f26-8f17-39f168379328: start f2d55db1-4d7a-4f26-8f17-39f168379328@group-27CEC22D2FA1-FollowerState
2023-10-17 18:45:09,087 [f2d55db1-4d7a-4f26-8f17-39f168379328-groupManagement] INFO  util.JmxRegister (JmxRegister.java:tryRegister(44)) - Successfully registered JMX Bean with object name Ratis:service=RaftServer,group=group-27CEC22D2FA1,id=f2d55db1-4d7a-4f26-8f17-39f168379328
2023-10-17 18:45:09,087 [f2d55db1-4d7a-4f26-8f17-39f168379328-groupManagement] INFO  server.RaftServerConfigKeys (ConfUtils.java:logGet(46)) - raft.server.snapshot.auto.trigger.enabled = true (custom)
2023-10-17 18:45:09,087 [f2d55db1-4d7a-4f26-8f17-39f168379328-groupManagement] INFO  server.RaftServerConfigKeys (ConfUtils.java:logGet(46)) - raft.server.snapshot.auto.trigger.threshold = 10000 (custom)
2023-10-17 18:45:09,087 [f2d55db1-4d7a-4f26-8f17-39f168379328-groupManagement] INFO  server.RaftServerConfigKeys (ConfUtils.java:logGet(46)) - raft.server.snapshot.retention.file.num = 5 (custom)
2023-10-17 18:45:09,088 [f2d55db1-4d7a-4f26-8f17-39f168379328-groupManagement] INFO  server.RaftServerConfigKeys (ConfUtils.java:logGet(46)) - raft.server.log.purge.upto.snapshot.index = false (default)
2023-10-17 18:45:09,088 [f2d55db1-4d7a-4f26-8f17-39f168379328@group-27CEC22D2FA1-FollowerState] INFO  server.RaftServerConfigKeys (ConfUtils.java:logFallback(53)) - raft.server.rpc.first-election.timeout.min = 5s (fallback to raft.server.rpc.timeout.min)
2023-10-17 18:45:09,088 [f2d55db1-4d7a-4f26-8f17-39f168379328@group-27CEC22D2FA1-FollowerState] INFO  server.RaftServerConfigKeys (ConfUtils.java:logFallback(53)) - raft.server.rpc.first-election.timeout.max = 5200ms (fallback to raft.server.rpc.timeout.max)
2023-10-17 18:45:09,088 [PipelineCommandHandlerThread-0] INFO  ratis.XceiverServerRatis (XceiverServerRatis.java:addGroup(804)) - Created group PipelineID=26eac058-0763-4bc6-8f04-27cec22d2fa1
2023-10-17 18:45:09,088 [PipelineCommandHandlerThread-0] INFO  commandhandler.CreatePipelineCommandHandler (CreatePipelineCommandHandler.java:lambda$handle$2(124)) - Created Pipeline RATIS ONE PipelineID=26eac058-0763-4bc6-8f04-27cec22d2fa1.
2023-10-17 18:45:09,345 [PipelineCommandHandlerThread-0] INFO  server.RaftServer (RaftServerProxy.java:addNew(98)) - f3b37029-1869-41d6-8bc8-d85a9541d8ef: addNew group-A97C69DAEA39:[f3b37029-1869-41d6-8bc8-d85a9541d8ef|rpc:10.1.0.25:15206|admin:10.1.0.25:15205|client:10.1.0.25:15204|dataStream:10.1.0.25:15207|priority:1|startupRole:FOLLOWER] returns group-A97C69DAEA39:java.util.concurrent.CompletableFuture@26e6ec[Not completed]
2023-10-17 18:45:09,346 [f3b37029-1869-41d6-8bc8-d85a9541d8ef-groupManagement] INFO  server.RaftServer$Division (RaftServerImpl.java:<init>(198)) - f3b37029-1869-41d6-8bc8-d85a9541d8ef: new RaftServerImpl for group-A97C69DAEA39:[f3b37029-1869-41d6-8bc8-d85a9541d8ef|rpc:10.1.0.25:15206|admin:10.1.0.25:15205|client:10.1.0.25:15204|dataStream:10.1.0.25:15207|priority:1|startupRole:FOLLOWER] with ContainerStateMachine:uninitialized
2023-10-17 18:45:09,346 [Time-limited test] INFO  ozone.MiniOzoneClusterImpl (MiniOzoneClusterImpl.java:lambda$waitForClusterToBeReady$0(229)) - Nodes are ready. Got 3 of 3 DN Heartbeats.
2023-10-17 18:45:09,346 [Time-limited test] INFO  ozone.MiniOzoneClusterImpl (MiniOzoneClusterImpl.java:lambda$waitForClusterToBeReady$0(232)) - Waiting for cluster to exit safe mode
2023-10-17 18:45:09,346 [Time-limited test] INFO  ozone.MiniOzoneClusterImpl (MiniOzoneClusterImpl.java:lambda$waitForClusterToBeReady$0(234)) - SCM became leader
2023-10-17 18:45:09,346 [f3b37029-1869-41d6-8bc8-d85a9541d8ef-groupManagement] INFO  server.RaftServerConfigKeys (ConfUtils.java:logGet(46)) - raft.server.rpc.timeout.min = 5s (custom)
2023-10-17 18:45:09,346 [f3b37029-1869-41d6-8bc8-d85a9541d8ef-groupManagement] INFO  server.RaftServerConfigKeys (ConfUtils.java:logGet(46)) - raft.server.rpc.timeout.max = 5200ms (custom)
2023-10-17 18:45:09,346 [f3b37029-1869-41d6-8bc8-d85a9541d8ef-groupManagement] INFO  server.RaftServerConfigKeys (ConfUtils.java:logGet(46)) - raft.server.rpc.sleep.time = 25ms (default)
2023-10-17 18:45:09,346 [f3b37029-1869-41d6-8bc8-d85a9541d8ef-groupManagement] INFO  server.RaftServerConfigKeys (ConfUtils.java:logGet(46)) - raft.server.rpc.slowness.timeout = 300s (custom)
2023-10-17 18:45:09,346 [f3b37029-1869-41d6-8bc8-d85a9541d8ef-groupManagement] INFO  server.RaftServerConfigKeys (ConfUtils.java:logGet(46)) - raft.server.leaderelection.leader.step-down.wait-time = 10s (default)
2023-10-17 18:45:09,346 [f3b37029-1869-41d6-8bc8-d85a9541d8ef-groupManagement] INFO  server.RaftServerConfigKeys (ConfUtils.java:logGet(46)) - raft.server.sleep.deviation.threshold = 300ms (default)
2023-10-17 18:45:09,346 [f3b37029-1869-41d6-8bc8-d85a9541d8ef-groupManagement] INFO  server.RaftServer$Division (ServerState.java:<init>(120)) - f3b37029-1869-41d6-8bc8-d85a9541d8ef@group-A97C69DAEA39: ConfigurationManager, init=-1: peers:[f3b37029-1869-41d6-8bc8-d85a9541d8ef|rpc:10.1.0.25:15206|admin:10.1.0.25:15205|client:10.1.0.25:15204|dataStream:10.1.0.25:15207|priority:1|startupRole:FOLLOWER]|listeners:[], old=null, confs=<EMPTY_MAP>
2023-10-17 18:45:09,346 [f3b37029-1869-41d6-8bc8-d85a9541d8ef-groupManagement] INFO  server.RaftServerConfigKeys (ConfUtils.java:logGet(46)) - raft.server.storage.dir = [/home/runner/work/ozone/ozone/hadoop-ozone/integration-test/target/test-dir/MiniOzoneClusterImpl-14327f45-78e1-4847-8051-3610e19f479d/datanode-2/data/ratis] (custom)
2023-10-17 18:45:09,347 [f3b37029-1869-41d6-8bc8-d85a9541d8ef-groupManagement] INFO  server.RaftServerConfigKeys (ConfUtils.java:logGet(46)) - raft.server.log.corruption.policy = EXCEPTION (default)
2023-10-17 18:45:09,347 [f3b37029-1869-41d6-8bc8-d85a9541d8ef-groupManagement] INFO  server.RaftServerConfigKeys (ConfUtils.java:logGet(46)) - raft.server.storage.free-space.min = 0MB (=0) (default)
2023-10-17 18:45:09,347 [f3b37029-1869-41d6-8bc8-d85a9541d8ef-groupManagement] INFO  server.RaftServerConfigKeys (ConfUtils.java:logGet(46)) - raft.server.notification.no-leader.timeout = 300s (custom)
2023-10-17 18:45:09,347 [f3b37029-1869-41d6-8bc8-d85a9541d8ef-groupManagement] INFO  server.RaftServerConfigKeys (ConfUtils.java:logGet(46)) - raft.server.read.timeout = 10s (default)
2023-10-17 18:45:09,347 [f3b37029-1869-41d6-8bc8-d85a9541d8ef-groupManagement] INFO  server.RaftServerConfigKeys (ConfUtils.java:logGet(46)) - raft.server.retrycache.expirytime = 600000ms (custom)
2023-10-17 18:45:09,347 [f3b37029-1869-41d6-8bc8-d85a9541d8ef-groupManagement] INFO  server.RaftServerConfigKeys (ConfUtils.java:logGet(46)) - raft.server.retrycache.statistics.expirytime = 100μs (default)
2023-10-17 18:45:09,347 [f3b37029-1869-41d6-8bc8-d85a9541d8ef-groupManagement] INFO  server.RaftServerConfigKeys (ConfUtils.java:logGet(46)) - raft.server.read.option = DEFAULT (default)
2023-10-17 18:45:09,347 [f3b37029-1869-41d6-8bc8-d85a9541d8ef-groupManagement] INFO  server.RaftServerConfigKeys (ConfUtils.java:logGet(46)) - raft.server.rpc.request.timeout = 60s (custom)
2023-10-17 18:45:09,348 [f3b37029-1869-41d6-8bc8-d85a9541d8ef-groupManagement] INFO  server.RaftServerConfigKeys (ConfUtils.java:logGet(46)) - raft.server.log.appender.install.snapshot.enabled = false (custom)
2023-10-17 18:45:09,348 [f3b37029-1869-41d6-8bc8-d85a9541d8ef-groupManagement] INFO  server.RaftServerConfigKeys (ConfUtils.java:logGet(46)) - raft.server.threadpool.server.cached = true (default)
2023-10-17 18:45:09,348 [f3b37029-1869-41d6-8bc8-d85a9541d8ef-groupManagement] INFO  server.RaftServerConfigKeys (ConfUtils.java:logGet(46)) - raft.server.threadpool.server.size = 0 (default)
2023-10-17 18:45:09,348 [f3b37029-1869-41d6-8bc8-d85a9541d8ef-groupManagement] INFO  server.RaftServerConfigKeys (ConfUtils.java:logGet(46)) - raft.server.threadpool.client.cached = true (default)
2023-10-17 18:45:09,348 [f3b37029-1869-41d6-8bc8-d85a9541d8ef-groupManagement] INFO  server.RaftServerConfigKeys (ConfUtils.java:logGet(46)) - raft.server.threadpool.client.size = 0 (default)
2023-10-17 18:45:09,348 [f3b37029-1869-41d6-8bc8-d85a9541d8ef-groupManagement] INFO  storage.RaftStorageDirectory (RaftStorageDirectoryImpl.java:analyzeStorage(137)) - The storage directory /home/runner/work/ozone/ozone/hadoop-ozone/integration-test/target/test-dir/MiniOzoneClusterImpl-14327f45-78e1-4847-8051-3610e19f479d/datanode-2/data/ratis/4d4e85d4-ac96-4df5-8029-a97c69daea39 does not exist. Creating ...
2023-10-17 18:45:09,349 [f3b37029-1869-41d6-8bc8-d85a9541d8ef-groupManagement] INFO  storage.RaftStorageDirectory (RaftStorageDirectoryImpl.java:tryLock(231)) - Lock on /home/runner/work/ozone/ozone/hadoop-ozone/integration-test/target/test-dir/MiniOzoneClusterImpl-14327f45-78e1-4847-8051-3610e19f479d/datanode-2/data/ratis/4d4e85d4-ac96-4df5-8029-a97c69daea39/in_use.lock acquired by nodename 31914@fv-az189-115
2023-10-17 18:45:09,350 [f3b37029-1869-41d6-8bc8-d85a9541d8ef-groupManagement] INFO  storage.RaftStorage (RaftStorageImpl.java:format(96)) - Storage directory /home/runner/work/ozone/ozone/hadoop-ozone/integration-test/target/test-dir/MiniOzoneClusterImpl-14327f45-78e1-4847-8051-3610e19f479d/datanode-2/data/ratis/4d4e85d4-ac96-4df5-8029-a97c69daea39 has been successfully formatted.
2023-10-17 18:45:09,351 [f3b37029-1869-41d6-8bc8-d85a9541d8ef-groupManagement] INFO  ratis.ContainerStateMachine (ContainerStateMachine.java:loadSnapshot(262)) - group-A97C69DAEA39: The snapshot info is null. Setting the last applied indexto:(t:0, i:~)
2023-10-17 18:45:09,351 [f3b37029-1869-41d6-8bc8-d85a9541d8ef-groupManagement] INFO  server.RaftServerConfigKeys (ConfUtils.java:logGet(46)) - raft.server.log.use.memory = false (default)
2023-10-17 18:45:09,351 [f3b37029-1869-41d6-8bc8-d85a9541d8ef-groupManagement] INFO  server.RaftServerConfigKeys (ConfUtils.java:logGet(46)) - raft.server.log.purge.gap = 1000000 (custom)
2023-10-17 18:45:09,351 [f3b37029-1869-41d6-8bc8-d85a9541d8ef-groupManagement] INFO  server.RaftServerConfigKeys (ConfUtils.java:logGet(46)) - raft.server.log.appender.buffer.byte-limit = 33554432 (custom)
2023-10-17 18:45:09,351 [f3b37029-1869-41d6-8bc8-d85a9541d8ef-groupManagement] INFO  server.RaftServerConfigKeys (ConfUtils.java:logGet(46)) - raft.server.log.statemachine.data.read.timeout = 1000ms (default)
2023-10-17 18:45:09,351 [f3b37029-1869-41d6-8bc8-d85a9541d8ef-groupManagement] INFO  server.RaftServerConfigKeys (ConfUtils.java:logGet(46)) - raft.server.log.purge.preservation.log.num = 0 (default)
2023-10-17 18:45:09,351 [f3b37029-1869-41d6-8bc8-d85a9541d8ef-groupManagement] INFO  server.RaftServerConfigKeys (ConfUtils.java:logGet(46)) - raft.server.log.segment.size.max = 1048576 (custom)
2023-10-17 18:45:09,351 [f3b37029-1869-41d6-8bc8-d85a9541d8ef-groupManagement] INFO  server.RaftServerConfigKeys (ConfUtils.java:logGet(46)) - raft.server.log.segment.cache.num.max = 2 (custom)
2023-10-17 18:45:09,351 [f3b37029-1869-41d6-8bc8-d85a9541d8ef-groupManagement] INFO  server.RaftServerConfigKeys (ConfUtils.java:logGet(46)) - raft.server.log.segment.cache.size.max = 200MB (=209715200) (default)
2023-10-17 18:45:09,351 [f3b37029-1869-41d6-8bc8-d85a9541d8ef-groupManagement] INFO  server.RaftServerConfigKeys (ConfUtils.java:logGet(46)) - raft.server.log.appender.buffer.byte-limit = 33554432 (custom)
2023-10-17 18:45:09,351 [f3b37029-1869-41d6-8bc8-d85a9541d8ef-groupManagement] INFO  segmented.SegmentedRaftLogWorker (SegmentedRaftLogWorker.java:<init>(188)) - new f3b37029-1869-41d6-8bc8-d85a9541d8ef@group-A97C69DAEA39-SegmentedRaftLogWorker for RaftStorageImpl:Storage Directory /home/runner/work/ozone/ozone/hadoop-ozone/integration-test/target/test-dir/MiniOzoneClusterImpl-14327f45-78e1-4847-8051-3610e19f479d/datanode-2/data/ratis/4d4e85d4-ac96-4df5-8029-a97c69daea39
2023-10-17 18:45:09,352 [f3b37029-1869-41d6-8bc8-d85a9541d8ef-groupManagement] INFO  server.RaftServerConfigKeys (ConfUtils.java:logGet(46)) - raft.server.log.queue.byte-limit = 4294967296 (custom)
2023-10-17 18:45:09,352 [f3b37029-1869-41d6-8bc8-d85a9541d8ef-groupManagement] INFO  server.RaftServerConfigKeys (ConfUtils.java:logGet(46)) - raft.server.log.queue.element-limit = 1024 (custom)
2023-10-17 18:45:09,352 [f3b37029-1869-41d6-8bc8-d85a9541d8ef-groupManagement] INFO  server.RaftServerConfigKeys (ConfUtils.java:logGet(46)) - raft.server.log.segment.size.max = 1048576 (custom)
2023-10-17 18:45:09,352 [f3b37029-1869-41d6-8bc8-d85a9541d8ef-groupManagement] INFO  server.RaftServerConfigKeys (ConfUtils.java:logGet(46)) - raft.server.log.preallocated.size = 16384 (custom)
2023-10-17 18:45:09,353 [f3b37029-1869-41d6-8bc8-d85a9541d8ef-groupManagement] INFO  server.RaftServerConfigKeys (ConfUtils.java:logGet(46)) - raft.server.log.force.sync.num = 128 (default)
2023-10-17 18:45:09,354 [EventQueue-PipelineReportForPipelineReportHandler] INFO  pipeline.PipelineReportHandler (PipelineReportHandler.java:processPipelineReport(136)) - Opened pipeline PipelineID=4d4e85d4-ac96-4df5-8029-a97c69daea39
2023-10-17 18:45:09,354 [EventQueue-OpenPipelineForHealthyPipelineSafeModeRule] INFO  safemode.SCMSafeModeManager (HealthyPipelineSafeModeRule.java:process(137)) - SCM in safe mode. Healthy pipelines reported count is 0, required healthy pipeline reported count is 1
2023-10-17 18:45:09,354 [f3b37029-1869-41d6-8bc8-d85a9541d8ef-groupManagement] INFO  server.RaftServerConfigKeys (ConfUtils.java:logGet(46)) - raft.server.log.statemachine.data.sync = true (default)
2023-10-17 18:45:09,354 [f3b37029-1869-41d6-8bc8-d85a9541d8ef-groupManagement] INFO  server.RaftServerConfigKeys (ConfUtils.java:logGet(46)) - raft.server.log.statemachine.data.sync.timeout = 10s (default)
2023-10-17 18:45:09,354 [f3b37029-1869-41d6-8bc8-d85a9541d8ef-groupManagement] INFO  server.RaftServerConfigKeys (ConfUtils.java:logGet(46)) - raft.server.log.statemachine.data.sync.timeout.retry = -1 (default)
2023-10-17 18:45:09,354 [f3b37029-1869-41d6-8bc8-d85a9541d8ef-groupManagement] INFO  server.RaftServerConfigKeys (ConfUtils.java:logGet(46)) - raft.server.log.write.buffer.size = 1048576 (custom)
2023-10-17 18:45:09,355 [f3b37029-1869-41d6-8bc8-d85a9541d8ef-groupManagement] INFO  server.RaftServerConfigKeys (ConfUtils.java:logGet(46)) - raft.server.log.appender.buffer.byte-limit = 33554432 (custom)
2023-10-17 18:45:09,360 [f3b37029-1869-41d6-8bc8-d85a9541d8ef-groupManagement] INFO  server.RaftServerConfigKeys (ConfUtils.java:logGet(46)) - raft.server.log.unsafe-flush.enabled = false (default)
2023-10-17 18:45:09,360 [f3b37029-1869-41d6-8bc8-d85a9541d8ef-groupManagement] INFO  server.RaftServerConfigKeys (ConfUtils.java:logGet(46)) - raft.server.log.async-flush.enabled = false (default)
2023-10-17 18:45:09,360 [f3b37029-1869-41d6-8bc8-d85a9541d8ef-groupManagement] INFO  server.RaftServerConfigKeys (ConfUtils.java:logGet(46)) - raft.server.log.statemachine.data.caching.enabled = true (custom)
2023-10-17 18:45:09,360 [f3b37029-1869-41d6-8bc8-d85a9541d8ef-groupManagement] INFO  segmented.SegmentedRaftLogWorker (SegmentedRaftLogWorker.java:lambda$new$0(135)) - f3b37029-1869-41d6-8bc8-d85a9541d8ef@group-A97C69DAEA39-SegmentedRaftLogWorker: flushIndex: setUnconditionally 0 -> -1
2023-10-17 18:45:09,360 [f3b37029-1869-41d6-8bc8-d85a9541d8ef-groupManagement] INFO  segmented.SegmentedRaftLogWorker (SegmentedRaftLogWorker.java:lambda$new$0(135)) - f3b37029-1869-41d6-8bc8-d85a9541d8ef@group-A97C69DAEA39-SegmentedRaftLogWorker: safeCacheEvictIndex: setUnconditionally 0 -> -1
2023-10-17 18:45:09,360 [f3b37029-1869-41d6-8bc8-d85a9541d8ef-groupManagement] INFO  server.RaftServer$Division (RaftServerImpl.java:start(342)) - f3b37029-1869-41d6-8bc8-d85a9541d8ef@group-A97C69DAEA39: start as a follower, conf=-1: peers:[f3b37029-1869-41d6-8bc8-d85a9541d8ef|rpc:10.1.0.25:15206|admin:10.1.0.25:15205|client:10.1.0.25:15204|dataStream:10.1.0.25:15207|priority:1|startupRole:FOLLOWER]|listeners:[], old=null
2023-10-17 18:45:09,360 [f3b37029-1869-41d6-8bc8-d85a9541d8ef-groupManagement] INFO  server.RaftServer$Division (RaftServerImpl.java:setRole(329)) - f3b37029-1869-41d6-8bc8-d85a9541d8ef@group-A97C69DAEA39: changes role from      null to FOLLOWER at term 0 for startAsFollower
2023-10-17 18:45:09,360 [f3b37029-1869-41d6-8bc8-d85a9541d8ef-groupManagement] INFO  impl.RoleInfo (RoleInfo.java:updateAndGet(139)) - f3b37029-1869-41d6-8bc8-d85a9541d8ef: start f3b37029-1869-41d6-8bc8-d85a9541d8ef@group-A97C69DAEA39-FollowerState
2023-10-17 18:45:09,361 [f3b37029-1869-41d6-8bc8-d85a9541d8ef-groupManagement] INFO  util.JmxRegister (JmxRegister.java:tryRegister(44)) - Successfully registered JMX Bean with object name Ratis:service=RaftServer,group=group-A97C69DAEA39,id=f3b37029-1869-41d6-8bc8-d85a9541d8ef
2023-10-17 18:45:09,361 [f3b37029-1869-41d6-8bc8-d85a9541d8ef-groupManagement] INFO  server.RaftServerConfigKeys (ConfUtils.java:logGet(46)) - raft.server.snapshot.auto.trigger.enabled = true (custom)
2023-10-17 18:45:09,361 [f3b37029-1869-41d6-8bc8-d85a9541d8ef-groupManagement] INFO  server.RaftServerConfigKeys (ConfUtils.java:logGet(46)) - raft.server.snapshot.auto.trigger.threshold = 10000 (custom)
2023-10-17 18:45:09,361 [f3b37029-1869-41d6-8bc8-d85a9541d8ef-groupManagement] INFO  server.RaftServerConfigKeys (ConfUtils.java:logGet(46)) - raft.server.snapshot.retention.file.num = 5 (custom)
2023-10-17 18:45:09,361 [f3b37029-1869-41d6-8bc8-d85a9541d8ef-groupManagement] INFO  server.RaftServerConfigKeys (ConfUtils.java:logGet(46)) - raft.server.log.purge.upto.snapshot.index = false (default)
2023-10-17 18:45:09,361 [f3b37029-1869-41d6-8bc8-d85a9541d8ef@group-A97C69DAEA39-FollowerState] INFO  server.RaftServerConfigKeys (ConfUtils.java:logFallback(53)) - raft.server.rpc.first-election.timeout.min = 5s (fallback to raft.server.rpc.timeout.min)
2023-10-17 18:45:09,361 [f3b37029-1869-41d6-8bc8-d85a9541d8ef@group-A97C69DAEA39-FollowerState] INFO  server.RaftServerConfigKeys (ConfUtils.java:logFallback(53)) - raft.server.rpc.first-election.timeout.max = 5200ms (fallback to raft.server.rpc.timeout.max)
2023-10-17 18:45:09,364 [PipelineCommandHandlerThread-0] INFO  ratis.XceiverServerRatis (XceiverServerRatis.java:addGroup(804)) - Created group PipelineID=4d4e85d4-ac96-4df5-8029-a97c69daea39
2023-10-17 18:45:09,364 [PipelineCommandHandlerThread-0] INFO  commandhandler.CreatePipelineCommandHandler (CreatePipelineCommandHandler.java:lambda$handle$2(124)) - Created Pipeline RATIS ONE PipelineID=4d4e85d4-ac96-4df5-8029-a97c69daea39.
2023-10-17 18:45:10,346 [Time-limited test] INFO  ozone.MiniOzoneClusterImpl (MiniOzoneClusterImpl.java:lambda$waitForClusterToBeReady$0(229)) - Nodes are ready. Got 3 of 3 DN Heartbeats.
2023-10-17 18:45:10,347 [Time-limited test] INFO  ozone.MiniOzoneClusterImpl (MiniOzoneClusterImpl.java:lambda$waitForClusterToBeReady$0(232)) - Waiting for cluster to exit safe mode
2023-10-17 18:45:10,347 [Time-limited test] INFO  ozone.MiniOzoneClusterImpl (MiniOzoneClusterImpl.java:lambda$waitForClusterToBeReady$0(234)) - SCM became leader
2023-10-17 18:45:11,347 [Time-limited test] INFO  ozone.MiniOzoneClusterImpl (MiniOzoneClusterImpl.java:lambda$waitForClusterToBeReady$0(229)) - Nodes are ready. Got 3 of 3 DN Heartbeats.
2023-10-17 18:45:11,347 [Time-limited test] INFO  ozone.MiniOzoneClusterImpl (MiniOzoneClusterImpl.java:lambda$waitForClusterToBeReady$0(232)) - Waiting for cluster to exit safe mode
2023-10-17 18:45:11,347 [Time-limited test] INFO  ozone.MiniOzoneClusterImpl (MiniOzoneClusterImpl.java:lambda$waitForClusterToBeReady$0(234)) - SCM became leader
2023-10-17 18:45:12,348 [Time-limited test] INFO  ozone.MiniOzoneClusterImpl (MiniOzoneClusterImpl.java:lambda$waitForClusterToBeReady$0(229)) - Nodes are ready. Got 3 of 3 DN Heartbeats.
2023-10-17 18:45:12,348 [Time-limited test] INFO  ozone.MiniOzoneClusterImpl (MiniOzoneClusterImpl.java:lambda$waitForClusterToBeReady$0(232)) - Waiting for cluster to exit safe mode
2023-10-17 18:45:12,348 [Time-limited test] INFO  ozone.MiniOzoneClusterImpl (MiniOzoneClusterImpl.java:lambda$waitForClusterToBeReady$0(234)) - SCM became leader
2023-10-17 18:45:13,348 [Time-limited test] INFO  ozone.MiniOzoneClusterImpl (MiniOzoneClusterImpl.java:lambda$waitForClusterToBeReady$0(229)) - Nodes are ready. Got 3 of 3 DN Heartbeats.
2023-10-17 18:45:13,348 [Time-limited test] INFO  ozone.MiniOzoneClusterImpl (MiniOzoneClusterImpl.java:lambda$waitForClusterToBeReady$0(232)) - Waiting for cluster to exit safe mode
2023-10-17 18:45:13,348 [Time-limited test] INFO  ozone.MiniOzoneClusterImpl (MiniOzoneClusterImpl.java:lambda$waitForClusterToBeReady$0(234)) - SCM became leader
2023-10-17 18:45:13,800 [57da0847-4950-4ea9-a1de-cd2dacb809d4@group-D28988D642C9-FollowerState] INFO  impl.FollowerState (FollowerState.java:run(143)) - 57da0847-4950-4ea9-a1de-cd2dacb809d4@group-D28988D642C9-FollowerState: change to CANDIDATE, lastRpcElapsedTime:5017378523ns, electionTimeout:5015ms
2023-10-17 18:45:13,801 [57da0847-4950-4ea9-a1de-cd2dacb809d4@group-D28988D642C9-FollowerState] INFO  impl.RoleInfo (RoleInfo.java:shutdownFollowerState(110)) - 57da0847-4950-4ea9-a1de-cd2dacb809d4: shutdown 57da0847-4950-4ea9-a1de-cd2dacb809d4@group-D28988D642C9-FollowerState
2023-10-17 18:45:13,801 [57da0847-4950-4ea9-a1de-cd2dacb809d4@group-D28988D642C9-FollowerState] INFO  server.RaftServer$Division (RaftServerImpl.java:setRole(329)) - 57da0847-4950-4ea9-a1de-cd2dacb809d4@group-D28988D642C9: changes role from  FOLLOWER to CANDIDATE at term 0 for changeToCandidate
2023-10-17 18:45:13,801 [57da0847-4950-4ea9-a1de-cd2dacb809d4@group-D28988D642C9-FollowerState] INFO  server.RaftServerConfigKeys (ConfUtils.java:logGet(46)) - raft.server.leaderelection.pre-vote = true (default)
2023-10-17 18:45:13,801 [57da0847-4950-4ea9-a1de-cd2dacb809d4@group-D28988D642C9-FollowerState] INFO  impl.RoleInfo (RoleInfo.java:updateAndGet(139)) - 57da0847-4950-4ea9-a1de-cd2dacb809d4: start 57da0847-4950-4ea9-a1de-cd2dacb809d4@group-D28988D642C9-LeaderElection36
2023-10-17 18:45:13,804 [57da0847-4950-4ea9-a1de-cd2dacb809d4@group-D28988D642C9-LeaderElection36] INFO  impl.LeaderElection (LeaderElection.java:askForVotes(321)) - 57da0847-4950-4ea9-a1de-cd2dacb809d4@group-D28988D642C9-LeaderElection36 PRE_VOTE round 0: submit vote requests at term 0 for -1: peers:[57da0847-4950-4ea9-a1de-cd2dacb809d4|rpc:10.1.0.25:15188|admin:10.1.0.25:15187|client:10.1.0.25:15186|dataStream:10.1.0.25:15189|priority:1|startupRole:FOLLOWER]|listeners:[], old=null
2023-10-17 18:45:13,804 [57da0847-4950-4ea9-a1de-cd2dacb809d4@group-D28988D642C9-LeaderElection36] INFO  impl.LeaderElection (LeaderElection.java:askForVotes(323)) - 57da0847-4950-4ea9-a1de-cd2dacb809d4@group-D28988D642C9-LeaderElection36 PRE_VOTE round 0: result PASSED (term=0)
2023-10-17 18:45:13,805 [57da0847-4950-4ea9-a1de-cd2dacb809d4@group-D28988D642C9-LeaderElection36] INFO  impl.LeaderElection (LeaderElection.java:askForVotes(321)) - 57da0847-4950-4ea9-a1de-cd2dacb809d4@group-D28988D642C9-LeaderElection36 ELECTION round 0: submit vote requests at term 1 for -1: peers:[57da0847-4950-4ea9-a1de-cd2dacb809d4|rpc:10.1.0.25:15188|admin:10.1.0.25:15187|client:10.1.0.25:15186|dataStream:10.1.0.25:15189|priority:1|startupRole:FOLLOWER]|listeners:[], old=null
2023-10-17 18:45:13,805 [57da0847-4950-4ea9-a1de-cd2dacb809d4@group-D28988D642C9-LeaderElection36] INFO  impl.LeaderElection (LeaderElection.java:askForVotes(323)) - 57da0847-4950-4ea9-a1de-cd2dacb809d4@group-D28988D642C9-LeaderElection36 ELECTION round 0: result PASSED (term=1)
2023-10-17 18:45:13,805 [57da0847-4950-4ea9-a1de-cd2dacb809d4@group-D28988D642C9-LeaderElection36] INFO  impl.RoleInfo (RoleInfo.java:shutdownLeaderElection(130)) - 57da0847-4950-4ea9-a1de-cd2dacb809d4: shutdown 57da0847-4950-4ea9-a1de-cd2dacb809d4@group-D28988D642C9-LeaderElection36
2023-10-17 18:45:13,805 [57da0847-4950-4ea9-a1de-cd2dacb809d4@group-D28988D642C9-LeaderElection36] INFO  server.RaftServer$Division (RaftServerImpl.java:setRole(329)) - 57da0847-4950-4ea9-a1de-cd2dacb809d4@group-D28988D642C9: changes role from CANDIDATE to LEADER at term 1 for changeToLeader
2023-10-17 18:45:13,805 [57da0847-4950-4ea9-a1de-cd2dacb809d4@group-D28988D642C9-LeaderElection36] INFO  ratis.XceiverServerRatis (XceiverServerRatis.java:handleLeaderChangedNotification(902)) - Leader change notification received for group: group-D28988D642C9 with new leaderId: 57da0847-4950-4ea9-a1de-cd2dacb809d4
2023-10-17 18:45:13,806 [57da0847-4950-4ea9-a1de-cd2dacb809d4@group-D28988D642C9-LeaderElection36] INFO  server.RaftServer$Division (ServerState.java:setLeader(317)) - 57da0847-4950-4ea9-a1de-cd2dacb809d4@group-D28988D642C9: change Leader from null to 57da0847-4950-4ea9-a1de-cd2dacb809d4 at term 1 for becomeLeader, leader elected after 5043ms
2023-10-17 18:45:13,806 [57da0847-4950-4ea9-a1de-cd2dacb809d4@group-D28988D642C9-LeaderElection36] INFO  server.RaftServerConfigKeys (ConfUtils.java:logGet(46)) - raft.server.staging.catchup.gap = 1000 (default)
2023-10-17 18:45:13,806 [57da0847-4950-4ea9-a1de-cd2dacb809d4@group-D28988D642C9-LeaderElection36] INFO  server.RaftServerConfigKeys (ConfUtils.java:logGet(46)) - raft.server.write.element-limit = 1024 (custom)
2023-10-17 18:45:13,806 [57da0847-4950-4ea9-a1de-cd2dacb809d4@group-D28988D642C9-LeaderElection36] INFO  server.RaftServerConfigKeys (ConfUtils.java:logGet(46)) - raft.server.write.byte-limit = 1024 M (=1073741824) (custom)
2023-10-17 18:45:13,806 [57da0847-4950-4ea9-a1de-cd2dacb809d4@group-D28988D642C9-LeaderElection36] INFO  server.RaftServerConfigKeys (ConfUtils.java:logGet(46)) - raft.server.watch.timeout = 180s (custom)
2023-10-17 18:45:13,806 [57da0847-4950-4ea9-a1de-cd2dacb809d4@group-D28988D642C9-LeaderElection36] INFO  server.RaftServerConfigKeys (ConfUtils.java:logGet(46)) - raft.server.watch.timeout.denomination = 1s (default)
2023-10-17 18:45:13,806 [57da0847-4950-4ea9-a1de-cd2dacb809d4@group-D28988D642C9-LeaderElection36] INFO  server.RaftServerConfigKeys (ConfUtils.java:logGet(46)) - raft.server.watch.element-limit = 65536 (default)
2023-10-17 18:45:13,806 [57da0847-4950-4ea9-a1de-cd2dacb809d4@group-D28988D642C9-LeaderElection36] INFO  server.RaftServerConfigKeys (ConfUtils.java:logGet(46)) - raft.server.write.element-limit = 1024 (custom)
2023-10-17 18:45:13,807 [EventQueue-OpenPipelineForHealthyPipelineSafeModeRule] INFO  safemode.SCMSafeModeManager (HealthyPipelineSafeModeRule.java:process(137)) - SCM in safe mode. Healthy pipelines reported count is 0, required healthy pipeline reported count is 1
2023-10-17 18:45:13,810 [57da0847-4950-4ea9-a1de-cd2dacb809d4@group-D28988D642C9-LeaderElection36] INFO  server.RaftServerConfigKeys (ConfUtils.java:logGet(46)) - raft.server.write.follower.gap.ratio.max = -1.0 (default)
2023-10-17 18:45:13,810 [57da0847-4950-4ea9-a1de-cd2dacb809d4@group-D28988D642C9-LeaderElection36] INFO  impl.RoleInfo (RoleInfo.java:updateAndGet(139)) - 57da0847-4950-4ea9-a1de-cd2dacb809d4: start 57da0847-4950-4ea9-a1de-cd2dacb809d4@group-D28988D642C9-LeaderStateImpl
2023-10-17 18:45:13,810 [57da0847-4950-4ea9-a1de-cd2dacb809d4@group-D28988D642C9-LeaderElection36] INFO  segmented.SegmentedRaftLogWorker (SegmentedRaftLogWorker.java:startLogSegment(447)) - 57da0847-4950-4ea9-a1de-cd2dacb809d4@group-D28988D642C9-SegmentedRaftLogWorker: Starting segment from index:0
2023-10-17 18:45:13,818 [57da0847-4950-4ea9-a1de-cd2dacb809d4@group-D28988D642C9-LeaderElection36] INFO  server.RaftServer$Division (ServerState.java:setRaftConf(434)) - 57da0847-4950-4ea9-a1de-cd2dacb809d4@group-D28988D642C9: set configuration 0: peers:[57da0847-4950-4ea9-a1de-cd2dacb809d4|rpc:10.1.0.25:15188|admin:10.1.0.25:15187|client:10.1.0.25:15186|dataStream:10.1.0.25:15189|priority:1|startupRole:FOLLOWER]|listeners:[], old=null
2023-10-17 18:45:13,818 [57da0847-4950-4ea9-a1de-cd2dacb809d4@group-D28988D642C9-SegmentedRaftLogWorker] INFO  segmented.SegmentedRaftLogWorker (SegmentedRaftLogWorker.java:execute(651)) - 57da0847-4950-4ea9-a1de-cd2dacb809d4@group-D28988D642C9-SegmentedRaftLogWorker: created new log segment /home/runner/work/ozone/ozone/hadoop-ozone/integration-test/target/test-dir/MiniOzoneClusterImpl-14327f45-78e1-4847-8051-3610e19f479d/datanode-0/data/ratis/fc40adfc-3a43-499a-a0d4-d28988d642c9/current/log_inprogress_0
2023-10-17 18:45:13,842 [57da0847-4950-4ea9-a1de-cd2dacb809d4@group-AECF0C411497-FollowerState] INFO  impl.FollowerState (FollowerState.java:run(143)) - 57da0847-4950-4ea9-a1de-cd2dacb809d4@group-AECF0C411497-FollowerState: change to CANDIDATE, lastRpcElapsedTime:5043616142ns, electionTimeout:5033ms
2023-10-17 18:45:13,842 [57da0847-4950-4ea9-a1de-cd2dacb809d4@group-AECF0C411497-FollowerState] INFO  impl.RoleInfo (RoleInfo.java:shutdownFollowerState(110)) - 57da0847-4950-4ea9-a1de-cd2dacb809d4: shutdown 57da0847-4950-4ea9-a1de-cd2dacb809d4@group-AECF0C411497-FollowerState
2023-10-17 18:45:13,842 [57da0847-4950-4ea9-a1de-cd2dacb809d4@group-AECF0C411497-FollowerState] INFO  server.RaftServer$Division (RaftServerImpl.java:setRole(329)) - 57da0847-4950-4ea9-a1de-cd2dacb809d4@group-AECF0C411497: changes role from  FOLLOWER to CANDIDATE at term 0 for changeToCandidate
2023-10-17 18:45:13,842 [57da0847-4950-4ea9-a1de-cd2dacb809d4@group-AECF0C411497-FollowerState] INFO  server.RaftServerConfigKeys (ConfUtils.java:logGet(46)) - raft.server.leaderelection.pre-vote = true (default)
2023-10-17 18:45:13,842 [57da0847-4950-4ea9-a1de-cd2dacb809d4@group-AECF0C411497-FollowerState] INFO  impl.RoleInfo (RoleInfo.java:updateAndGet(139)) - 57da0847-4950-4ea9-a1de-cd2dacb809d4: start 57da0847-4950-4ea9-a1de-cd2dacb809d4@group-AECF0C411497-LeaderElection37
2023-10-17 18:45:13,847 [57da0847-4950-4ea9-a1de-cd2dacb809d4@group-AECF0C411497-LeaderElection37] INFO  impl.LeaderElection (LeaderElection.java:askForVotes(321)) - 57da0847-4950-4ea9-a1de-cd2dacb809d4@group-AECF0C411497-LeaderElection37 PRE_VOTE round 0: submit vote requests at term 0 for -1: peers:[f3b37029-1869-41d6-8bc8-d85a9541d8ef|rpc:10.1.0.25:15206|admin:10.1.0.25:15205|client:10.1.0.25:15204|dataStream:10.1.0.25:15207|priority:0|startupRole:FOLLOWER, 57da0847-4950-4ea9-a1de-cd2dacb809d4|rpc:10.1.0.25:15188|admin:10.1.0.25:15187|client:10.1.0.25:15186|dataStream:10.1.0.25:15189|priority:0|startupRole:FOLLOWER, f2d55db1-4d7a-4f26-8f17-39f168379328|rpc:10.1.0.25:15197|admin:10.1.0.25:15196|client:10.1.0.25:15195|dataStream:10.1.0.25:15198|priority:1|startupRole:FOLLOWER]|listeners:[], old=null
2023-10-17 18:45:13,848 [57da0847-4950-4ea9-a1de-cd2dacb809d4@group-AECF0C411497-LeaderElection37-1] INFO  server.GrpcServerProtocolClient (GrpcServerProtocolClient.java:<init>(65)) - Build channel for f3b37029-1869-41d6-8bc8-d85a9541d8ef
2023-10-17 18:45:13,854 [57da0847-4950-4ea9-a1de-cd2dacb809d4@group-AECF0C411497-LeaderElection37] INFO  server.RaftServerConfigKeys (ConfUtils.java:logFallback(53)) - raft.server.rpc.first-election.timeout.min = 5s (fallback to raft.server.rpc.timeout.min)
2023-10-17 18:45:13,854 [grpc-default-executor-1] INFO  server.RaftServer$Division (RaftServerImpl.java:requestVote(1302)) - f3b37029-1869-41d6-8bc8-d85a9541d8ef@group-AECF0C411497: receive requestVote(PRE_VOTE, 57da0847-4950-4ea9-a1de-cd2dacb809d4, group-AECF0C411497, 0, (t:0, i:0))
2023-10-17 18:45:13,854 [57da0847-4950-4ea9-a1de-cd2dacb809d4@group-AECF0C411497-LeaderElection37-2] INFO  server.GrpcServerProtocolClient (GrpcServerProtocolClient.java:<init>(65)) - Build channel for f2d55db1-4d7a-4f26-8f17-39f168379328
2023-10-17 18:45:13,854 [grpc-default-executor-1] INFO  impl.VoteContext (VoteContext.java:log(49)) - f3b37029-1869-41d6-8bc8-d85a9541d8ef@group-AECF0C411497-FOLLOWER: accept PRE_VOTE from 57da0847-4950-4ea9-a1de-cd2dacb809d4: our priority 0 <= candidate's priority 0
2023-10-17 18:45:13,854 [grpc-default-executor-1] INFO  server.RaftServer$Division (RaftServerImpl.java:requestVote(1335)) - f3b37029-1869-41d6-8bc8-d85a9541d8ef@group-AECF0C411497 replies to PRE_VOTE vote request: 57da0847-4950-4ea9-a1de-cd2dacb809d4<-f3b37029-1869-41d6-8bc8-d85a9541d8ef#0:OK-t0. Peer's state: f3b37029-1869-41d6-8bc8-d85a9541d8ef@group-AECF0C411497:t0, leader=null, voted=, raftlog=Memoized:f3b37029-1869-41d6-8bc8-d85a9541d8ef@group-AECF0C411497-SegmentedRaftLog:OPENED:c-1, conf=-1: peers:[f3b37029-1869-41d6-8bc8-d85a9541d8ef|rpc:10.1.0.25:15206|admin:10.1.0.25:15205|client:10.1.0.25:15204|dataStream:10.1.0.25:15207|priority:0|startupRole:FOLLOWER, 57da0847-4950-4ea9-a1de-cd2dacb809d4|rpc:10.1.0.25:15188|admin:10.1.0.25:15187|client:10.1.0.25:15186|dataStream:10.1.0.25:15189|priority:0|startupRole:FOLLOWER, f2d55db1-4d7a-4f26-8f17-39f168379328|rpc:10.1.0.25:15197|admin:10.1.0.25:15196|client:10.1.0.25:15195|dataStream:10.1.0.25:15198|priority:1|startupRole:FOLLOWER]|listeners:[], old=null
2023-10-17 18:45:13,854 [57da0847-4950-4ea9-a1de-cd2dacb809d4@group-AECF0C411497-LeaderElection37] INFO  server.RaftServerConfigKeys (ConfUtils.java:logFallback(53)) - raft.server.rpc.first-election.timeout.max = 5200ms (fallback to raft.server.rpc.timeout.max)
2023-10-17 18:45:13,859 [grpc-default-executor-1] INFO  server.RaftServer$Division (RaftServerImpl.java:requestVote(1302)) - f2d55db1-4d7a-4f26-8f17-39f168379328@group-AECF0C411497: receive requestVote(PRE_VOTE, 57da0847-4950-4ea9-a1de-cd2dacb809d4, group-AECF0C411497, 0, (t:0, i:0))
2023-10-17 18:45:13,859 [grpc-default-executor-1] INFO  impl.VoteContext (VoteContext.java:log(49)) - f2d55db1-4d7a-4f26-8f17-39f168379328@group-AECF0C411497-FOLLOWER: reject PRE_VOTE from 57da0847-4950-4ea9-a1de-cd2dacb809d4: our priority 1 > candidate's priority 0
2023-10-17 18:45:13,859 [grpc-default-executor-1] INFO  server.RaftServer$Division (RaftServerImpl.java:requestVote(1335)) - f2d55db1-4d7a-4f26-8f17-39f168379328@group-AECF0C411497 replies to PRE_VOTE vote request: 57da0847-4950-4ea9-a1de-cd2dacb809d4<-f2d55db1-4d7a-4f26-8f17-39f168379328#0:FAIL-t0. Peer's state: f2d55db1-4d7a-4f26-8f17-39f168379328@group-AECF0C411497:t0, leader=null, voted=, raftlog=Memoized:f2d55db1-4d7a-4f26-8f17-39f168379328@group-AECF0C411497-SegmentedRaftLog:OPENED:c-1, conf=-1: peers:[f3b37029-1869-41d6-8bc8-d85a9541d8ef|rpc:10.1.0.25:15206|admin:10.1.0.25:15205|client:10.1.0.25:15204|dataStream:10.1.0.25:15207|priority:0|startupRole:FOLLOWER, 57da0847-4950-4ea9-a1de-cd2dacb809d4|rpc:10.1.0.25:15188|admin:10.1.0.25:15187|client:10.1.0.25:15186|dataStream:10.1.0.25:15189|priority:0|startupRole:FOLLOWER, f2d55db1-4d7a-4f26-8f17-39f168379328|rpc:10.1.0.25:15197|admin:10.1.0.25:15196|client:10.1.0.25:15195|dataStream:10.1.0.25:15198|priority:1|startupRole:FOLLOWER]|listeners:[], old=null
2023-10-17 18:45:13,861 [57da0847-4950-4ea9-a1de-cd2dacb809d4@group-AECF0C411497-LeaderElection37] INFO  impl.LeaderElection (LeaderElection.java:logAndReturn(90)) - 57da0847-4950-4ea9-a1de-cd2dacb809d4@group-AECF0C411497-LeaderElection37: PRE_VOTE REJECTED received 2 response(s) and 0 exception(s):
2023-10-17 18:45:13,861 [57da0847-4950-4ea9-a1de-cd2dacb809d4@group-AECF0C411497-LeaderElection37] INFO  impl.LeaderElection (LeaderElection.java:logAndReturn(94)) -   Response 0: 57da0847-4950-4ea9-a1de-cd2dacb809d4<-f3b37029-1869-41d6-8bc8-d85a9541d8ef#0:OK-t0
2023-10-17 18:45:13,861 [57da0847-4950-4ea9-a1de-cd2dacb809d4@group-AECF0C411497-LeaderElection37] INFO  impl.LeaderElection (LeaderElection.java:logAndReturn(94)) -   Response 1: 57da0847-4950-4ea9-a1de-cd2dacb809d4<-f2d55db1-4d7a-4f26-8f17-39f168379328#0:FAIL-t0
2023-10-17 18:45:13,861 [57da0847-4950-4ea9-a1de-cd2dacb809d4@group-AECF0C411497-LeaderElection37] INFO  impl.LeaderElection (LeaderElection.java:askForVotes(323)) - 57da0847-4950-4ea9-a1de-cd2dacb809d4@group-AECF0C411497-LeaderElection37 PRE_VOTE round 0: result REJECTED
2023-10-17 18:45:13,861 [57da0847-4950-4ea9-a1de-cd2dacb809d4@group-AECF0C411497-LeaderElection37] INFO  server.RaftServer$Division (RaftServerImpl.java:setRole(329)) - 57da0847-4950-4ea9-a1de-cd2dacb809d4@group-AECF0C411497: changes role from CANDIDATE to FOLLOWER at term 0 for REJECTED
2023-10-17 18:45:13,861 [57da0847-4950-4ea9-a1de-cd2dacb809d4@group-AECF0C411497-LeaderElection37] INFO  impl.RoleInfo (RoleInfo.java:shutdownLeaderElection(130)) - 57da0847-4950-4ea9-a1de-cd2dacb809d4: shutdown 57da0847-4950-4ea9-a1de-cd2dacb809d4@group-AECF0C411497-LeaderElection37
2023-10-17 18:45:13,861 [57da0847-4950-4ea9-a1de-cd2dacb809d4@group-AECF0C411497-LeaderElection37] INFO  impl.RoleInfo (RoleInfo.java:updateAndGet(139)) - 57da0847-4950-4ea9-a1de-cd2dacb809d4: start 57da0847-4950-4ea9-a1de-cd2dacb809d4@group-AECF0C411497-FollowerState
2023-10-17 18:45:13,907 [f2d55db1-4d7a-4f26-8f17-39f168379328@group-AECF0C411497-FollowerState] INFO  impl.FollowerState (FollowerState.java:run(143)) - f2d55db1-4d7a-4f26-8f17-39f168379328@group-AECF0C411497-FollowerState: change to CANDIDATE, lastRpcElapsedTime:5012795158ns, electionTimeout:5007ms
2023-10-17 18:45:13,908 [f2d55db1-4d7a-4f26-8f17-39f168379328@group-AECF0C411497-FollowerState] INFO  impl.RoleInfo (RoleInfo.java:shutdownFollowerState(110)) - f2d55db1-4d7a-4f26-8f17-39f168379328: shutdown f2d55db1-4d7a-4f26-8f17-39f168379328@group-AECF0C411497-FollowerState
2023-10-17 18:45:13,908 [f2d55db1-4d7a-4f26-8f17-39f168379328@group-AECF0C411497-FollowerState] INFO  server.RaftServer$Division (RaftServerImpl.java:setRole(329)) - f2d55db1-4d7a-4f26-8f17-39f168379328@group-AECF0C411497: changes role from  FOLLOWER to CANDIDATE at term 0 for changeToCandidate
2023-10-17 18:45:13,908 [f2d55db1-4d7a-4f26-8f17-39f168379328@group-AECF0C411497-FollowerState] INFO  server.RaftServerConfigKeys (ConfUtils.java:logGet(46)) - raft.server.leaderelection.pre-vote = true (default)
2023-10-17 18:45:13,908 [f2d55db1-4d7a-4f26-8f17-39f168379328@group-AECF0C411497-FollowerState] INFO  impl.RoleInfo (RoleInfo.java:updateAndGet(139)) - f2d55db1-4d7a-4f26-8f17-39f168379328: start f2d55db1-4d7a-4f26-8f17-39f168379328@group-AECF0C411497-LeaderElection38
2023-10-17 18:45:13,910 [f2d55db1-4d7a-4f26-8f17-39f168379328@group-AECF0C411497-LeaderElection38] INFO  impl.LeaderElection (LeaderElection.java:askForVotes(321)) - f2d55db1-4d7a-4f26-8f17-39f168379328@group-AECF0C411497-LeaderElection38 PRE_VOTE round 0: submit vote requests at term 0 for -1: peers:[f3b37029-1869-41d6-8bc8-d85a9541d8ef|rpc:10.1.0.25:15206|admin:10.1.0.25:15205|client:10.1.0.25:15204|dataStream:10.1.0.25:15207|priority:0|startupRole:FOLLOWER, 57da0847-4950-4ea9-a1de-cd2dacb809d4|rpc:10.1.0.25:15188|admin:10.1.0.25:15187|client:10.1.0.25:15186|dataStream:10.1.0.25:15189|priority:0|startupRole:FOLLOWER, f2d55db1-4d7a-4f26-8f17-39f168379328|rpc:10.1.0.25:15197|admin:10.1.0.25:15196|client:10.1.0.25:15195|dataStream:10.1.0.25:15198|priority:1|startupRole:FOLLOWER]|listeners:[], old=null
2023-10-17 18:45:13,910 [f2d55db1-4d7a-4f26-8f17-39f168379328@group-AECF0C411497-LeaderElection38-1] INFO  server.GrpcServerProtocolClient (GrpcServerProtocolClient.java:<init>(65)) - Build channel for f3b37029-1869-41d6-8bc8-d85a9541d8ef
2023-10-17 18:45:13,910 [f2d55db1-4d7a-4f26-8f17-39f168379328@group-AECF0C411497-LeaderElection38] INFO  server.RaftServerConfigKeys (ConfUtils.java:logFallback(53)) - raft.server.rpc.first-election.timeout.min = 5s (fallback to raft.server.rpc.timeout.min)
2023-10-17 18:45:13,910 [f2d55db1-4d7a-4f26-8f17-39f168379328@group-AECF0C411497-LeaderElection38] INFO  server.RaftServerConfigKeys (ConfUtils.java:logFallback(53)) - raft.server.rpc.first-election.timeout.max = 5200ms (fallback to raft.server.rpc.timeout.max)
2023-10-17 18:45:13,910 [f2d55db1-4d7a-4f26-8f17-39f168379328@group-AECF0C411497-LeaderElection38-2] INFO  server.GrpcServerProtocolClient (GrpcServerProtocolClient.java:<init>(65)) - Build channel for 57da0847-4950-4ea9-a1de-cd2dacb809d4
2023-10-17 18:45:13,919 [grpc-default-executor-1] INFO  server.RaftServer$Division (RaftServerImpl.java:requestVote(1302)) - f3b37029-1869-41d6-8bc8-d85a9541d8ef@group-AECF0C411497: receive requestVote(PRE_VOTE, f2d55db1-4d7a-4f26-8f17-39f168379328, group-AECF0C411497, 0, (t:0, i:0))
2023-10-17 18:45:13,920 [grpc-default-executor-1] INFO  impl.VoteContext (VoteContext.java:log(49)) - f3b37029-1869-41d6-8bc8-d85a9541d8ef@group-AECF0C411497-FOLLOWER: accept PRE_VOTE from f2d55db1-4d7a-4f26-8f17-39f168379328: our priority 0 <= candidate's priority 1
2023-10-17 18:45:13,920 [grpc-default-executor-1] INFO  server.RaftServer$Division (RaftServerImpl.java:requestVote(1335)) - f3b37029-1869-41d6-8bc8-d85a9541d8ef@group-AECF0C411497 replies to PRE_VOTE vote request: f2d55db1-4d7a-4f26-8f17-39f168379328<-f3b37029-1869-41d6-8bc8-d85a9541d8ef#0:OK-t0. Peer's state: f3b37029-1869-41d6-8bc8-d85a9541d8ef@group-AECF0C411497:t0, leader=null, voted=, raftlog=Memoized:f3b37029-1869-41d6-8bc8-d85a9541d8ef@group-AECF0C411497-SegmentedRaftLog:OPENED:c-1, conf=-1: peers:[f3b37029-1869-41d6-8bc8-d85a9541d8ef|rpc:10.1.0.25:15206|admin:10.1.0.25:15205|client:10.1.0.25:15204|dataStream:10.1.0.25:15207|priority:0|startupRole:FOLLOWER, 57da0847-4950-4ea9-a1de-cd2dacb809d4|rpc:10.1.0.25:15188|admin:10.1.0.25:15187|client:10.1.0.25:15186|dataStream:10.1.0.25:15189|priority:0|startupRole:FOLLOWER, f2d55db1-4d7a-4f26-8f17-39f168379328|rpc:10.1.0.25:15197|admin:10.1.0.25:15196|client:10.1.0.25:15195|dataStream:10.1.0.25:15198|priority:1|startupRole:FOLLOWER]|listeners:[], old=null
2023-10-17 18:45:13,920 [grpc-default-executor-1] INFO  server.RaftServer$Division (RaftServerImpl.java:requestVote(1302)) - 57da0847-4950-4ea9-a1de-cd2dacb809d4@group-AECF0C411497: receive requestVote(PRE_VOTE, f2d55db1-4d7a-4f26-8f17-39f168379328, group-AECF0C411497, 0, (t:0, i:0))
2023-10-17 18:45:13,921 [grpc-default-executor-1] INFO  impl.VoteContext (VoteContext.java:log(49)) - 57da0847-4950-4ea9-a1de-cd2dacb809d4@group-AECF0C411497-FOLLOWER: accept PRE_VOTE from f2d55db1-4d7a-4f26-8f17-39f168379328: our priority 0 <= candidate's priority 1
2023-10-17 18:45:13,921 [f2d55db1-4d7a-4f26-8f17-39f168379328@group-AECF0C411497-LeaderElection38] INFO  impl.LeaderElection (LeaderElection.java:logAndReturn(90)) - f2d55db1-4d7a-4f26-8f17-39f168379328@group-AECF0C411497-LeaderElection38: PRE_VOTE PASSED received 1 response(s) and 0 exception(s):
2023-10-17 18:45:13,921 [grpc-default-executor-1] INFO  server.RaftServer$Division (RaftServerImpl.java:requestVote(1335)) - 57da0847-4950-4ea9-a1de-cd2dacb809d4@group-AECF0C411497 replies to PRE_VOTE vote request: f2d55db1-4d7a-4f26-8f17-39f168379328<-57da0847-4950-4ea9-a1de-cd2dacb809d4#0:OK-t0. Peer's state: 57da0847-4950-4ea9-a1de-cd2dacb809d4@group-AECF0C411497:t0, leader=null, voted=, raftlog=Memoized:57da0847-4950-4ea9-a1de-cd2dacb809d4@group-AECF0C411497-SegmentedRaftLog:OPENED:c-1, conf=-1: peers:[f3b37029-1869-41d6-8bc8-d85a9541d8ef|rpc:10.1.0.25:15206|admin:10.1.0.25:15205|client:10.1.0.25:15204|dataStream:10.1.0.25:15207|priority:0|startupRole:FOLLOWER, 57da0847-4950-4ea9-a1de-cd2dacb809d4|rpc:10.1.0.25:15188|admin:10.1.0.25:15187|client:10.1.0.25:15186|dataStream:10.1.0.25:15189|priority:0|startupRole:FOLLOWER, f2d55db1-4d7a-4f26-8f17-39f168379328|rpc:10.1.0.25:15197|admin:10.1.0.25:15196|client:10.1.0.25:15195|dataStream:10.1.0.25:15198|priority:1|startupRole:FOLLOWER]|listeners:[], old=null
2023-10-17 18:45:13,921 [f2d55db1-4d7a-4f26-8f17-39f168379328@group-AECF0C411497-LeaderElection38] INFO  impl.LeaderElection (LeaderElection.java:logAndReturn(94)) -   Response 0: f2d55db1-4d7a-4f26-8f17-39f168379328<-f3b37029-1869-41d6-8bc8-d85a9541d8ef#0:OK-t0
2023-10-17 18:45:13,921 [f2d55db1-4d7a-4f26-8f17-39f168379328@group-AECF0C411497-LeaderElection38] INFO  impl.LeaderElection (LeaderElection.java:askForVotes(323)) - f2d55db1-4d7a-4f26-8f17-39f168379328@group-AECF0C411497-LeaderElection38 PRE_VOTE round 0: result PASSED
2023-10-17 18:45:13,922 [f2d55db1-4d7a-4f26-8f17-39f168379328@group-AECF0C411497-LeaderElection38] INFO  impl.LeaderElection (LeaderElection.java:askForVotes(321)) - f2d55db1-4d7a-4f26-8f17-39f168379328@group-AECF0C411497-LeaderElection38 ELECTION round 0: submit vote requests at term 1 for -1: peers:[f3b37029-1869-41d6-8bc8-d85a9541d8ef|rpc:10.1.0.25:15206|admin:10.1.0.25:15205|client:10.1.0.25:15204|dataStream:10.1.0.25:15207|priority:0|startupRole:FOLLOWER, 57da0847-4950-4ea9-a1de-cd2dacb809d4|rpc:10.1.0.25:15188|admin:10.1.0.25:15187|client:10.1.0.25:15186|dataStream:10.1.0.25:15189|priority:0|startupRole:FOLLOWER, f2d55db1-4d7a-4f26-8f17-39f168379328|rpc:10.1.0.25:15197|admin:10.1.0.25:15196|client:10.1.0.25:15195|dataStream:10.1.0.25:15198|priority:1|startupRole:FOLLOWER]|listeners:[], old=null
2023-10-17 18:45:13,923 [grpc-default-executor-1] INFO  server.RaftServer$Division (RaftServerImpl.java:requestVote(1302)) - f3b37029-1869-41d6-8bc8-d85a9541d8ef@group-AECF0C411497: receive requestVote(ELECTION, f2d55db1-4d7a-4f26-8f17-39f168379328, group-AECF0C411497, 1, (t:0, i:0))
2023-10-17 18:45:13,923 [grpc-default-executor-1] INFO  impl.VoteContext (VoteContext.java:log(49)) - f3b37029-1869-41d6-8bc8-d85a9541d8ef@group-AECF0C411497-FOLLOWER: accept ELECTION from f2d55db1-4d7a-4f26-8f17-39f168379328: our priority 0 <= candidate's priority 1
2023-10-17 18:45:13,923 [grpc-default-executor-1] INFO  server.RaftServer$Division (RaftServerImpl.java:setRole(329)) - f3b37029-1869-41d6-8bc8-d85a9541d8ef@group-AECF0C411497: changes role from  FOLLOWER to FOLLOWER at term 1 for candidate:f2d55db1-4d7a-4f26-8f17-39f168379328
2023-10-17 18:45:13,923 [grpc-default-executor-1] INFO  impl.RoleInfo (RoleInfo.java:shutdownFollowerState(110)) - f3b37029-1869-41d6-8bc8-d85a9541d8ef: shutdown f3b37029-1869-41d6-8bc8-d85a9541d8ef@group-AECF0C411497-FollowerState
2023-10-17 18:45:13,928 [f2d55db1-4d7a-4f26-8f17-39f168379328@group-AECF0C411497-LeaderElection38] INFO  server.RaftServerConfigKeys (ConfUtils.java:logFallback(53)) - raft.server.rpc.first-election.timeout.min = 5s (fallback to raft.server.rpc.timeout.min)
2023-10-17 18:45:13,928 [grpc-default-executor-1] INFO  impl.RoleInfo (RoleInfo.java:updateAndGet(139)) - f3b37029-1869-41d6-8bc8-d85a9541d8ef: start f3b37029-1869-41d6-8bc8-d85a9541d8ef@group-AECF0C411497-FollowerState
2023-10-17 18:45:13,929 [f3b37029-1869-41d6-8bc8-d85a9541d8ef@group-AECF0C411497-FollowerState] INFO  impl.FollowerState (FollowerState.java:run(152)) - f3b37029-1869-41d6-8bc8-d85a9541d8ef@group-AECF0C411497-FollowerState was interrupted
2023-10-17 18:45:13,928 [f2d55db1-4d7a-4f26-8f17-39f168379328@group-AECF0C411497-LeaderElection38] INFO  server.RaftServerConfigKeys (ConfUtils.java:logFallback(53)) - raft.server.rpc.first-election.timeout.max = 5200ms (fallback to raft.server.rpc.timeout.max)
2023-10-17 18:45:13,930 [grpc-default-executor-0] INFO  server.RaftServer$Division (RaftServerImpl.java:requestVote(1302)) - 57da0847-4950-4ea9-a1de-cd2dacb809d4@group-AECF0C411497: receive requestVote(ELECTION, f2d55db1-4d7a-4f26-8f17-39f168379328, group-AECF0C411497, 1, (t:0, i:0))
2023-10-17 18:45:13,930 [grpc-default-executor-0] INFO  impl.VoteContext (VoteContext.java:log(49)) - 57da0847-4950-4ea9-a1de-cd2dacb809d4@group-AECF0C411497-FOLLOWER: accept ELECTION from f2d55db1-4d7a-4f26-8f17-39f168379328: our priority 0 <= candidate's priority 1
2023-10-17 18:45:13,930 [grpc-default-executor-0] INFO  server.RaftServer$Division (RaftServerImpl.java:setRole(329)) - 57da0847-4950-4ea9-a1de-cd2dacb809d4@group-AECF0C411497: changes role from  FOLLOWER to FOLLOWER at term 1 for candidate:f2d55db1-4d7a-4f26-8f17-39f168379328
2023-10-17 18:45:13,930 [grpc-default-executor-0] INFO  impl.RoleInfo (RoleInfo.java:shutdownFollowerState(110)) - 57da0847-4950-4ea9-a1de-cd2dacb809d4: shutdown 57da0847-4950-4ea9-a1de-cd2dacb809d4@group-AECF0C411497-FollowerState
2023-10-17 18:45:13,930 [grpc-default-executor-0] INFO  impl.RoleInfo (RoleInfo.java:updateAndGet(139)) - 57da0847-4950-4ea9-a1de-cd2dacb809d4: start 57da0847-4950-4ea9-a1de-cd2dacb809d4@group-AECF0C411497-FollowerState
2023-10-17 18:45:13,930 [57da0847-4950-4ea9-a1de-cd2dacb809d4@group-AECF0C411497-FollowerState] INFO  impl.FollowerState (FollowerState.java:run(152)) - 57da0847-4950-4ea9-a1de-cd2dacb809d4@group-AECF0C411497-FollowerState was interrupted
2023-10-17 18:45:13,935 [grpc-default-executor-1] INFO  server.RaftServer$Division (RaftServerImpl.java:requestVote(1335)) - f3b37029-1869-41d6-8bc8-d85a9541d8ef@group-AECF0C411497 replies to ELECTION vote request: f2d55db1-4d7a-4f26-8f17-39f168379328<-f3b37029-1869-41d6-8bc8-d85a9541d8ef#0:OK-t1. Peer's state: f3b37029-1869-41d6-8bc8-d85a9541d8ef@group-AECF0C411497:t1, leader=null, voted=f2d55db1-4d7a-4f26-8f17-39f168379328, raftlog=Memoized:f3b37029-1869-41d6-8bc8-d85a9541d8ef@group-AECF0C411497-SegmentedRaftLog:OPENED:c-1, conf=-1: peers:[f3b37029-1869-41d6-8bc8-d85a9541d8ef|rpc:10.1.0.25:15206|admin:10.1.0.25:15205|client:10.1.0.25:15204|dataStream:10.1.0.25:15207|priority:0|startupRole:FOLLOWER, 57da0847-4950-4ea9-a1de-cd2dacb809d4|rpc:10.1.0.25:15188|admin:10.1.0.25:15187|client:10.1.0.25:15186|dataStream:10.1.0.25:15189|priority:0|startupRole:FOLLOWER, f2d55db1-4d7a-4f26-8f17-39f168379328|rpc:10.1.0.25:15197|admin:10.1.0.25:15196|client:10.1.0.25:15195|dataStream:10.1.0.25:15198|priority:1|startupRole:FOLLOWER]|listeners:[], old=null
2023-10-17 18:45:13,935 [grpc-default-executor-0] INFO  server.RaftServer$Division (RaftServerImpl.java:requestVote(1335)) - 57da0847-4950-4ea9-a1de-cd2dacb809d4@group-AECF0C411497 replies to ELECTION vote request: f2d55db1-4d7a-4f26-8f17-39f168379328<-57da0847-4950-4ea9-a1de-cd2dacb809d4#0:OK-t1. Peer's state: 57da0847-4950-4ea9-a1de-cd2dacb809d4@group-AECF0C411497:t1, leader=null, voted=f2d55db1-4d7a-4f26-8f17-39f168379328, raftlog=Memoized:57da0847-4950-4ea9-a1de-cd2dacb809d4@group-AECF0C411497-SegmentedRaftLog:OPENED:c-1, conf=-1: peers:[f3b37029-1869-41d6-8bc8-d85a9541d8ef|rpc:10.1.0.25:15206|admin:10.1.0.25:15205|client:10.1.0.25:15204|dataStream:10.1.0.25:15207|priority:0|startupRole:FOLLOWER, 57da0847-4950-4ea9-a1de-cd2dacb809d4|rpc:10.1.0.25:15188|admin:10.1.0.25:15187|client:10.1.0.25:15186|dataStream:10.1.0.25:15189|priority:0|startupRole:FOLLOWER, f2d55db1-4d7a-4f26-8f17-39f168379328|rpc:10.1.0.25:15197|admin:10.1.0.25:15196|client:10.1.0.25:15195|dataStream:10.1.0.25:15198|priority:1|startupRole:FOLLOWER]|listeners:[], old=null
2023-10-17 18:45:13,938 [f2d55db1-4d7a-4f26-8f17-39f168379328@group-AECF0C411497-LeaderElection38] INFO  impl.LeaderElection (LeaderElection.java:logAndReturn(90)) - f2d55db1-4d7a-4f26-8f17-39f168379328@group-AECF0C411497-LeaderElection38: ELECTION PASSED received 1 response(s) and 0 exception(s):
2023-10-17 18:45:13,938 [f2d55db1-4d7a-4f26-8f17-39f168379328@group-AECF0C411497-LeaderElection38] INFO  impl.LeaderElection (LeaderElection.java:logAndReturn(94)) -   Response 0: f2d55db1-4d7a-4f26-8f17-39f168379328<-57da0847-4950-4ea9-a1de-cd2dacb809d4#0:OK-t1
2023-10-17 18:45:13,938 [f2d55db1-4d7a-4f26-8f17-39f168379328@group-AECF0C411497-LeaderElection38] INFO  impl.LeaderElection (LeaderElection.java:askForVotes(323)) - f2d55db1-4d7a-4f26-8f17-39f168379328@group-AECF0C411497-LeaderElection38 ELECTION round 0: result PASSED
2023-10-17 18:45:13,938 [f2d55db1-4d7a-4f26-8f17-39f168379328@group-AECF0C411497-LeaderElection38] INFO  impl.RoleInfo (RoleInfo.java:shutdownLeaderElection(130)) - f2d55db1-4d7a-4f26-8f17-39f168379328: shutdown f2d55db1-4d7a-4f26-8f17-39f168379328@group-AECF0C411497-LeaderElection38
2023-10-17 18:45:13,938 [f2d55db1-4d7a-4f26-8f17-39f168379328@group-AECF0C411497-LeaderElection38] INFO  server.RaftServer$Division (RaftServerImpl.java:setRole(329)) - f2d55db1-4d7a-4f26-8f17-39f168379328@group-AECF0C411497: changes role from CANDIDATE to LEADER at term 1 for changeToLeader
2023-10-17 18:45:13,938 [f2d55db1-4d7a-4f26-8f17-39f168379328@group-AECF0C411497-LeaderElection38] INFO  ratis.XceiverServerRatis (XceiverServerRatis.java:handleLeaderChangedNotification(902)) - Leader change notification received for group: group-AECF0C411497 with new leaderId: f2d55db1-4d7a-4f26-8f17-39f168379328
2023-10-17 18:45:13,938 [f2d55db1-4d7a-4f26-8f17-39f168379328@group-AECF0C411497-LeaderElection38] INFO  server.RaftServer$Division (ServerState.java:setLeader(317)) - f2d55db1-4d7a-4f26-8f17-39f168379328@group-AECF0C411497: change Leader from null to f2d55db1-4d7a-4f26-8f17-39f168379328 at term 1 for becomeLeader, leader elected after 5069ms
2023-10-17 18:45:13,938 [f2d55db1-4d7a-4f26-8f17-39f168379328@group-AECF0C411497-LeaderElection38] INFO  server.RaftServerConfigKeys (ConfUtils.java:logGet(46)) - raft.server.staging.catchup.gap = 1000 (default)
2023-10-17 18:45:13,939 [f2d55db1-4d7a-4f26-8f17-39f168379328@group-AECF0C411497-LeaderElection38] INFO  server.RaftServerConfigKeys (ConfUtils.java:logGet(46)) - raft.server.write.element-limit = 1024 (custom)
2023-10-17 18:45:13,939 [f2d55db1-4d7a-4f26-8f17-39f168379328@group-AECF0C411497-LeaderElection38] INFO  server.RaftServerConfigKeys (ConfUtils.java:logGet(46)) - raft.server.write.byte-limit = 1024 M (=1073741824) (custom)
2023-10-17 18:45:13,939 [f2d55db1-4d7a-4f26-8f17-39f168379328@group-AECF0C411497-LeaderElection38] INFO  server.RaftServerConfigKeys (ConfUtils.java:logGet(46)) - raft.server.watch.timeout = 180s (custom)
2023-10-17 18:45:13,939 [f2d55db1-4d7a-4f26-8f17-39f168379328@group-AECF0C411497-LeaderElection38] INFO  server.RaftServerConfigKeys (ConfUtils.java:logGet(46)) - raft.server.watch.timeout.denomination = 1s (default)
2023-10-17 18:45:13,939 [f2d55db1-4d7a-4f26-8f17-39f168379328@group-AECF0C411497-LeaderElection38] INFO  server.RaftServerConfigKeys (ConfUtils.java:logGet(46)) - raft.server.watch.element-limit = 65536 (default)
2023-10-17 18:45:13,939 [f2d55db1-4d7a-4f26-8f17-39f168379328@group-AECF0C411497-LeaderElection38] INFO  server.RaftServerConfigKeys (ConfUtils.java:logGet(46)) - raft.server.write.element-limit = 1024 (custom)
2023-10-17 18:45:13,939 [f2d55db1-4d7a-4f26-8f17-39f168379328@group-AECF0C411497-LeaderElection38] INFO  server.RaftServerConfigKeys (ConfUtils.java:logGet(46)) - raft.server.write.follower.gap.ratio.max = -1.0 (default)
2023-10-17 18:45:13,939 [f2d55db1-4d7a-4f26-8f17-39f168379328@group-AECF0C411497-LeaderElection38] INFO  server.RaftServerConfigKeys (ConfUtils.java:logGet(46)) - raft.server.log.appender.snapshot.chunk.size.max = 16MB (=16777216) (default)
2023-10-17 18:45:13,939 [f2d55db1-4d7a-4f26-8f17-39f168379328@group-AECF0C411497-LeaderElection38] INFO  server.RaftServerConfigKeys (ConfUtils.java:logGet(46)) - raft.server.log.appender.buffer.byte-limit = 33554432 (custom)
2023-10-17 18:45:13,939 [f2d55db1-4d7a-4f26-8f17-39f168379328@group-AECF0C411497-LeaderElection38] INFO  server.RaftServerConfigKeys (ConfUtils.java:logGet(46)) - raft.server.log.appender.buffer.element-limit = 1 (custom)
2023-10-17 18:45:13,939 [f2d55db1-4d7a-4f26-8f17-39f168379328@group-AECF0C411497-LeaderElection38] INFO  server.RaftServerConfigKeys (ConfUtils.java:logGet(46)) - raft.server.log.appender.wait-time.min = 1ms (custom)
2023-10-17 18:45:13,940 [f2d55db1-4d7a-4f26-8f17-39f168379328@group-AECF0C411497-LeaderElection38] INFO  grpc.GrpcConfigKeys (ConfUtils.java:logGet(46)) - raft.grpc.server.leader.outstanding.appends.max = 128 (default)
2023-10-17 18:45:13,940 [f2d55db1-4d7a-4f26-8f17-39f168379328@group-AECF0C411497-LeaderElection38] INFO  server.RaftServerConfigKeys (ConfUtils.java:logGet(46)) - raft.server.rpc.request.timeout = 60s (custom)
2023-10-17 18:45:13,940 [f2d55db1-4d7a-4f26-8f17-39f168379328@group-AECF0C411497-LeaderElection38] INFO  grpc.GrpcConfigKeys (ConfUtils.java:logGet(46)) - raft.grpc.server.install_snapshot.request.element-limit = 8 (default)
2023-10-17 18:45:13,940 [f2d55db1-4d7a-4f26-8f17-39f168379328@group-AECF0C411497-LeaderElection38] INFO  grpc.GrpcConfigKeys (ConfUtils.java:logGet(46)) - raft.grpc.server.install_snapshot.request.timeout = 3000ms (default)
2023-10-17 18:45:13,940 [f2d55db1-4d7a-4f26-8f17-39f168379328@group-AECF0C411497-LeaderElection38] INFO  server.RaftServerConfigKeys (ConfUtils.java:logGet(46)) - raft.server.log.appender.install.snapshot.enabled = false (custom)
2023-10-17 18:45:13,940 [f2d55db1-4d7a-4f26-8f17-39f168379328@group-AECF0C411497-LeaderElection38] INFO  grpc.GrpcConfigKeys (ConfUtils.java:logGet(46)) - raft.grpc.server.heartbeat.channel = true (default)
2023-10-17 18:45:13,940 [f2d55db1-4d7a-4f26-8f17-39f168379328@group-AECF0C411497-LeaderElection38] INFO  server.RaftServerConfigKeys (ConfUtils.java:logGet(46)) - raft.server.log.appender.snapshot.chunk.size.max = 16MB (=16777216) (default)
2023-10-17 18:45:13,940 [f2d55db1-4d7a-4f26-8f17-39f168379328@group-AECF0C411497-LeaderElection38] INFO  server.RaftServerConfigKeys (ConfUtils.java:logGet(46)) - raft.server.log.appender.buffer.byte-limit = 33554432 (custom)
2023-10-17 18:45:13,940 [f2d55db1-4d7a-4f26-8f17-39f168379328@group-AECF0C411497-LeaderElection38] INFO  server.RaftServerConfigKeys (ConfUtils.java:logGet(46)) - raft.server.log.appender.buffer.element-limit = 1 (custom)
2023-10-17 18:45:13,940 [f2d55db1-4d7a-4f26-8f17-39f168379328@group-AECF0C411497-LeaderElection38] INFO  server.RaftServerConfigKeys (ConfUtils.java:logGet(46)) - raft.server.log.appender.wait-time.min = 1ms (custom)
2023-10-17 18:45:13,940 [f2d55db1-4d7a-4f26-8f17-39f168379328@group-AECF0C411497-LeaderElection38] INFO  grpc.GrpcConfigKeys (ConfUtils.java:logGet(46)) - raft.grpc.server.leader.outstanding.appends.max = 128 (default)
2023-10-17 18:45:13,940 [f2d55db1-4d7a-4f26-8f17-39f168379328@group-AECF0C411497-LeaderElection38] INFO  server.RaftServerConfigKeys (ConfUtils.java:logGet(46)) - raft.server.rpc.request.timeout = 60s (custom)
2023-10-17 18:45:13,940 [f2d55db1-4d7a-4f26-8f17-39f168379328@group-AECF0C411497-LeaderElection38] INFO  grpc.GrpcConfigKeys (ConfUtils.java:logGet(46)) - raft.grpc.server.install_snapshot.request.element-limit = 8 (default)
2023-10-17 18:45:13,940 [f2d55db1-4d7a-4f26-8f17-39f168379328@group-AECF0C411497-LeaderElection38] INFO  grpc.GrpcConfigKeys (ConfUtils.java:logGet(46)) - raft.grpc.server.install_snapshot.request.timeout = 3000ms (default)
2023-10-17 18:45:13,940 [f2d55db1-4d7a-4f26-8f17-39f168379328@group-AECF0C411497-LeaderElection38] INFO  server.RaftServerConfigKeys (ConfUtils.java:logGet(46)) - raft.server.log.appender.install.snapshot.enabled = false (custom)
2023-10-17 18:45:13,940 [f2d55db1-4d7a-4f26-8f17-39f168379328@group-AECF0C411497-LeaderElection38] INFO  grpc.GrpcConfigKeys (ConfUtils.java:logGet(46)) - raft.grpc.server.heartbeat.channel = true (default)
2023-10-17 18:45:13,941 [f2d55db1-4d7a-4f26-8f17-39f168379328@group-AECF0C411497-LeaderElection38] INFO  impl.RoleInfo (RoleInfo.java:updateAndGet(139)) - f2d55db1-4d7a-4f26-8f17-39f168379328: start f2d55db1-4d7a-4f26-8f17-39f168379328@group-AECF0C411497-LeaderStateImpl
2023-10-17 18:45:13,941 [f2d55db1-4d7a-4f26-8f17-39f168379328@group-AECF0C411497-LeaderElection38] INFO  segmented.SegmentedRaftLogWorker (SegmentedRaftLogWorker.java:startLogSegment(447)) - f2d55db1-4d7a-4f26-8f17-39f168379328@group-AECF0C411497-SegmentedRaftLogWorker: Starting segment from index:0
2023-10-17 18:45:13,942 [EventQueue-OpenPipelineForHealthyPipelineSafeModeRule] INFO  safemode.SCMSafeModeManager (HealthyPipelineSafeModeRule.java:process(137)) - SCM in safe mode. Healthy pipelines reported count is 0, required healthy pipeline reported count is 1
2023-10-17 18:45:13,942 [EventQueue-PipelineReportForPipelineReportHandler] INFO  pipeline.PipelineReportHandler (PipelineReportHandler.java:processPipelineReport(136)) - Opened pipeline PipelineID=437f5971-21fe-4035-bc47-aecf0c411497
2023-10-17 18:45:13,942 [f2d55db1-4d7a-4f26-8f17-39f168379328@group-AECF0C411497-SegmentedRaftLogWorker] INFO  segmented.SegmentedRaftLogWorker (SegmentedRaftLogWorker.java:execute(651)) - f2d55db1-4d7a-4f26-8f17-39f168379328@group-AECF0C411497-SegmentedRaftLogWorker: created new log segment /home/runner/work/ozone/ozone/hadoop-ozone/integration-test/target/test-dir/MiniOzoneClusterImpl-14327f45-78e1-4847-8051-3610e19f479d/datanode-1/data/ratis/437f5971-21fe-4035-bc47-aecf0c411497/current/log_inprogress_0
2023-10-17 18:45:13,943 [EventQueue-OpenPipelineForHealthyPipelineSafeModeRule] INFO  safemode.SCMSafeModeManager (HealthyPipelineSafeModeRule.java:process(137)) - SCM in safe mode. Healthy pipelines reported count is 1, required healthy pipeline reported count is 1
2023-10-17 18:45:13,943 [EventQueue-OpenPipelineForHealthyPipelineSafeModeRule] INFO  safemode.SCMSafeModeManager (SCMSafeModeManager.java:validateSafeModeExitRules(200)) - HealthyPipelineSafeModeRule rule is successfully validated
2023-10-17 18:45:13,943 [EventQueue-OpenPipelineForHealthyPipelineSafeModeRule] INFO  safemode.SCMSafeModeManager (SCMSafeModeManager.java:validateSafeModeExitRules(215)) - ScmSafeModeManager, all rules are successfully validated
2023-10-17 18:45:13,943 [EventQueue-OpenPipelineForHealthyPipelineSafeModeRule] INFO  safemode.SCMSafeModeManager (SCMSafeModeManager.java:exitSafeMode(244)) - SCM exiting safe mode.
2023-10-17 18:45:13,943 [EventQueue-OpenPipelineForHealthyPipelineSafeModeRule] INFO  ha.SCMContext (SCMContext.java:updateSafeModeStatus(230)) - Update SafeModeStatus from SafeModeStatus{safeModeStatus=true, preCheckPassed=true} to SafeModeStatus{safeModeStatus=false, preCheckPassed=true}.
2023-10-17 18:45:13,943 [EventQueue-OpenPipelineForHealthyPipelineSafeModeRule] INFO  pipeline.BackgroundPipelineCreator (BackgroundPipelineCreator.java:notifyStatusChanged(255)) - Service BackgroundPipelineCreator transitions to RUNNING.
2023-10-17 18:45:13,943 [EventQueue-OpenPipelineForHealthyPipelineSafeModeRule] INFO  BackgroundPipelineScrubber (BackgroundSCMService.java:notifyStatusChanged(82)) - Service BackgroundPipelineScrubber transitions to RUNNING.
2023-10-17 18:45:13,943 [EventQueue-OpenPipelineForHealthyPipelineSafeModeRule] INFO  ExpiredContainerReplicaOpScrubber (BackgroundSCMService.java:notifyStatusChanged(82)) - Service ExpiredContainerReplicaOpScrubber transitions to RUNNING.
2023-10-17 18:45:13,944 [EventQueue-OpenPipelineForHealthyPipelineSafeModeRule] INFO  replication.ReplicationManager (ReplicationManager.java:notifyStatusChanged(1370)) - Service ReplicationManager transitions to RUNNING.
2023-10-17 18:45:13,944 [EventQueue-OpenPipelineForHealthyPipelineSafeModeRule] WARN  balancer.ContainerBalancer (ContainerBalancer.java:shouldRun(134)) - Could not find persisted configuration for ContainerBalancer when checking if ContainerBalancer should run. ContainerBalancer should not run now.
2023-10-17 18:45:13,948 [f2d55db1-4d7a-4f26-8f17-39f168379328@group-AECF0C411497-LeaderElection38] INFO  server.RaftServer$Division (ServerState.java:setRaftConf(434)) - f2d55db1-4d7a-4f26-8f17-39f168379328@group-AECF0C411497: set configuration 0: peers:[f3b37029-1869-41d6-8bc8-d85a9541d8ef|rpc:10.1.0.25:15206|admin:10.1.0.25:15205|client:10.1.0.25:15204|dataStream:10.1.0.25:15207|priority:0|startupRole:FOLLOWER, 57da0847-4950-4ea9-a1de-cd2dacb809d4|rpc:10.1.0.25:15188|admin:10.1.0.25:15187|client:10.1.0.25:15186|dataStream:10.1.0.25:15189|priority:0|startupRole:FOLLOWER, f2d55db1-4d7a-4f26-8f17-39f168379328|rpc:10.1.0.25:15197|admin:10.1.0.25:15196|client:10.1.0.25:15195|dataStream:10.1.0.25:15198|priority:1|startupRole:FOLLOWER]|listeners:[], old=null
2023-10-17 18:45:13,967 [f3b37029-1869-41d6-8bc8-d85a9541d8ef-server-thread1] INFO  ratis.XceiverServerRatis (XceiverServerRatis.java:handleLeaderChangedNotification(902)) - Leader change notification received for group: group-AECF0C411497 with new leaderId: f2d55db1-4d7a-4f26-8f17-39f168379328
2023-10-17 18:45:13,967 [f3b37029-1869-41d6-8bc8-d85a9541d8ef-server-thread1] INFO  server.RaftServer$Division (ServerState.java:setLeader(317)) - f3b37029-1869-41d6-8bc8-d85a9541d8ef@group-AECF0C411497: change Leader from null to f2d55db1-4d7a-4f26-8f17-39f168379328 at term 1 for appendEntries, leader elected after 5140ms
2023-10-17 18:45:13,967 [f3b37029-1869-41d6-8bc8-d85a9541d8ef-server-thread1] INFO  server.RaftServer$Division (ServerState.java:setRaftConf(434)) - f3b37029-1869-41d6-8bc8-d85a9541d8ef@group-AECF0C411497: set configuration 0: peers:[f3b37029-1869-41d6-8bc8-d85a9541d8ef|rpc:10.1.0.25:15206|admin:10.1.0.25:15205|client:10.1.0.25:15204|dataStream:10.1.0.25:15207|priority:0|startupRole:FOLLOWER, 57da0847-4950-4ea9-a1de-cd2dacb809d4|rpc:10.1.0.25:15188|admin:10.1.0.25:15187|client:10.1.0.25:15186|dataStream:10.1.0.25:15189|priority:0|startupRole:FOLLOWER, f2d55db1-4d7a-4f26-8f17-39f168379328|rpc:10.1.0.25:15197|admin:10.1.0.25:15196|client:10.1.0.25:15195|dataStream:10.1.0.25:15198|priority:1|startupRole:FOLLOWER]|listeners:[], old=null
2023-10-17 18:45:13,968 [f3b37029-1869-41d6-8bc8-d85a9541d8ef-server-thread1] INFO  segmented.SegmentedRaftLogWorker (SegmentedRaftLogWorker.java:startLogSegment(447)) - f3b37029-1869-41d6-8bc8-d85a9541d8ef@group-AECF0C411497-SegmentedRaftLogWorker: Starting segment from index:0
2023-10-17 18:45:13,971 [f3b37029-1869-41d6-8bc8-d85a9541d8ef@group-AECF0C411497-SegmentedRaftLogWorker] INFO  segmented.SegmentedRaftLogWorker (SegmentedRaftLogWorker.java:execute(651)) - f3b37029-1869-41d6-8bc8-d85a9541d8ef@group-AECF0C411497-SegmentedRaftLogWorker: created new log segment /home/runner/work/ozone/ozone/hadoop-ozone/integration-test/target/test-dir/MiniOzoneClusterImpl-14327f45-78e1-4847-8051-3610e19f479d/datanode-2/data/ratis/437f5971-21fe-4035-bc47-aecf0c411497/current/log_inprogress_0
2023-10-17 18:45:13,972 [57da0847-4950-4ea9-a1de-cd2dacb809d4-server-thread2] INFO  ratis.XceiverServerRatis (XceiverServerRatis.java:handleLeaderChangedNotification(902)) - Leader change notification received for group: group-AECF0C411497 with new leaderId: f2d55db1-4d7a-4f26-8f17-39f168379328
2023-10-17 18:45:13,972 [57da0847-4950-4ea9-a1de-cd2dacb809d4-server-thread2] INFO  server.RaftServer$Division (ServerState.java:setLeader(317)) - 57da0847-4950-4ea9-a1de-cd2dacb809d4@group-AECF0C411497: change Leader from null to f2d55db1-4d7a-4f26-8f17-39f168379328 at term 1 for appendEntries, leader elected after 5184ms
2023-10-17 18:45:13,975 [57da0847-4950-4ea9-a1de-cd2dacb809d4-server-thread1] INFO  server.RaftServer$Division (ServerState.java:setRaftConf(434)) - 57da0847-4950-4ea9-a1de-cd2dacb809d4@group-AECF0C411497: set configuration 0: peers:[f3b37029-1869-41d6-8bc8-d85a9541d8ef|rpc:10.1.0.25:15206|admin:10.1.0.25:15205|client:10.1.0.25:15204|dataStream:10.1.0.25:15207|priority:0|startupRole:FOLLOWER, 57da0847-4950-4ea9-a1de-cd2dacb809d4|rpc:10.1.0.25:15188|admin:10.1.0.25:15187|client:10.1.0.25:15186|dataStream:10.1.0.25:15189|priority:0|startupRole:FOLLOWER, f2d55db1-4d7a-4f26-8f17-39f168379328|rpc:10.1.0.25:15197|admin:10.1.0.25:15196|client:10.1.0.25:15195|dataStream:10.1.0.25:15198|priority:1|startupRole:FOLLOWER]|listeners:[], old=null
2023-10-17 18:45:13,975 [57da0847-4950-4ea9-a1de-cd2dacb809d4-server-thread1] INFO  segmented.SegmentedRaftLogWorker (SegmentedRaftLogWorker.java:startLogSegment(447)) - 57da0847-4950-4ea9-a1de-cd2dacb809d4@group-AECF0C411497-SegmentedRaftLogWorker: Starting segment from index:0
2023-10-17 18:45:13,979 [57da0847-4950-4ea9-a1de-cd2dacb809d4@group-AECF0C411497-SegmentedRaftLogWorker] INFO  segmented.SegmentedRaftLogWorker (SegmentedRaftLogWorker.java:execute(651)) - 57da0847-4950-4ea9-a1de-cd2dacb809d4@group-AECF0C411497-SegmentedRaftLogWorker: created new log segment /home/runner/work/ozone/ozone/hadoop-ozone/integration-test/target/test-dir/MiniOzoneClusterImpl-14327f45-78e1-4847-8051-3610e19f479d/datanode-0/data/ratis/437f5971-21fe-4035-bc47-aecf0c411497/current/log_inprogress_0
2023-10-17 18:45:14,057 [57da0847-4950-4ea9-a1de-cd2dacb809d4@group-DF4ABAE40FC1-FollowerState] INFO  impl.FollowerState (FollowerState.java:run(143)) - 57da0847-4950-4ea9-a1de-cd2dacb809d4@group-DF4ABAE40FC1-FollowerState: change to CANDIDATE, lastRpcElapsedTime:5058832999ns, electionTimeout:5054ms
2023-10-17 18:45:14,057 [57da0847-4950-4ea9-a1de-cd2dacb809d4@group-DF4ABAE40FC1-FollowerState] INFO  impl.RoleInfo (RoleInfo.java:shutdownFollowerState(110)) - 57da0847-4950-4ea9-a1de-cd2dacb809d4: shutdown 57da0847-4950-4ea9-a1de-cd2dacb809d4@group-DF4ABAE40FC1-FollowerState
2023-10-17 18:45:14,057 [57da0847-4950-4ea9-a1de-cd2dacb809d4@group-DF4ABAE40FC1-FollowerState] INFO  server.RaftServer$Division (RaftServerImpl.java:setRole(329)) - 57da0847-4950-4ea9-a1de-cd2dacb809d4@group-DF4ABAE40FC1: changes role from  FOLLOWER to CANDIDATE at term 0 for changeToCandidate
2023-10-17 18:45:14,057 [57da0847-4950-4ea9-a1de-cd2dacb809d4@group-DF4ABAE40FC1-FollowerState] INFO  server.RaftServerConfigKeys (ConfUtils.java:logGet(46)) - raft.server.leaderelection.pre-vote = true (default)
2023-10-17 18:45:14,057 [57da0847-4950-4ea9-a1de-cd2dacb809d4@group-DF4ABAE40FC1-FollowerState] INFO  impl.RoleInfo (RoleInfo.java:updateAndGet(139)) - 57da0847-4950-4ea9-a1de-cd2dacb809d4: start 57da0847-4950-4ea9-a1de-cd2dacb809d4@group-DF4ABAE40FC1-LeaderElection39
2023-10-17 18:45:14,059 [57da0847-4950-4ea9-a1de-cd2dacb809d4@group-DF4ABAE40FC1-LeaderElection39] INFO  impl.LeaderElection (LeaderElection.java:askForVotes(321)) - 57da0847-4950-4ea9-a1de-cd2dacb809d4@group-DF4ABAE40FC1-LeaderElection39 PRE_VOTE round 0: submit vote requests at term 0 for -1: peers:[f3b37029-1869-41d6-8bc8-d85a9541d8ef|rpc:10.1.0.25:15206|admin:10.1.0.25:15205|client:10.1.0.25:15204|dataStream:10.1.0.25:15207|priority:1|startupRole:FOLLOWER, 57da0847-4950-4ea9-a1de-cd2dacb809d4|rpc:10.1.0.25:15188|admin:10.1.0.25:15187|client:10.1.0.25:15186|dataStream:10.1.0.25:15189|priority:0|startupRole:FOLLOWER, f2d55db1-4d7a-4f26-8f17-39f168379328|rpc:10.1.0.25:15197|admin:10.1.0.25:15196|client:10.1.0.25:15195|dataStream:10.1.0.25:15198|priority:0|startupRole:FOLLOWER]|listeners:[], old=null
2023-10-17 18:45:14,060 [57da0847-4950-4ea9-a1de-cd2dacb809d4@group-DF4ABAE40FC1-LeaderElection39] INFO  server.RaftServerConfigKeys (ConfUtils.java:logFallback(53)) - raft.server.rpc.first-election.timeout.min = 5s (fallback to raft.server.rpc.timeout.min)
2023-10-17 18:45:14,060 [57da0847-4950-4ea9-a1de-cd2dacb809d4@group-DF4ABAE40FC1-LeaderElection39] INFO  server.RaftServerConfigKeys (ConfUtils.java:logFallback(53)) - raft.server.rpc.first-election.timeout.max = 5200ms (fallback to raft.server.rpc.timeout.max)
2023-10-17 18:45:14,062 [grpc-default-executor-3] INFO  server.RaftServer$Division (RaftServerImpl.java:requestVote(1302)) - f2d55db1-4d7a-4f26-8f17-39f168379328@group-DF4ABAE40FC1: receive requestVote(PRE_VOTE, 57da0847-4950-4ea9-a1de-cd2dacb809d4, group-DF4ABAE40FC1, 0, (t:0, i:0))
2023-10-17 18:45:14,062 [grpc-default-executor-3] INFO  impl.VoteContext (VoteContext.java:log(49)) - f2d55db1-4d7a-4f26-8f17-39f168379328@group-DF4ABAE40FC1-FOLLOWER: accept PRE_VOTE from 57da0847-4950-4ea9-a1de-cd2dacb809d4: our priority 0 <= candidate's priority 0
2023-10-17 18:45:14,062 [grpc-default-executor-3] INFO  server.RaftServer$Division (RaftServerImpl.java:requestVote(1335)) - f2d55db1-4d7a-4f26-8f17-39f168379328@group-DF4ABAE40FC1 replies to PRE_VOTE vote request: 57da0847-4950-4ea9-a1de-cd2dacb809d4<-f2d55db1-4d7a-4f26-8f17-39f168379328#0:OK-t0. Peer's state: f2d55db1-4d7a-4f26-8f17-39f168379328@group-DF4ABAE40FC1:t0, leader=null, voted=, raftlog=Memoized:f2d55db1-4d7a-4f26-8f17-39f168379328@group-DF4ABAE40FC1-SegmentedRaftLog:OPENED:c-1, conf=-1: peers:[f3b37029-1869-41d6-8bc8-d85a9541d8ef|rpc:10.1.0.25:15206|admin:10.1.0.25:15205|client:10.1.0.25:15204|dataStream:10.1.0.25:15207|priority:1|startupRole:FOLLOWER, 57da0847-4950-4ea9-a1de-cd2dacb809d4|rpc:10.1.0.25:15188|admin:10.1.0.25:15187|client:10.1.0.25:15186|dataStream:10.1.0.25:15189|priority:0|startupRole:FOLLOWER, f2d55db1-4d7a-4f26-8f17-39f168379328|rpc:10.1.0.25:15197|admin:10.1.0.25:15196|client:10.1.0.25:15195|dataStream:10.1.0.25:15198|priority:0|startupRole:FOLLOWER]|listeners:[], old=null
2023-10-17 18:45:14,065 [grpc-default-executor-4] INFO  server.RaftServer$Division (RaftServerImpl.java:requestVote(1302)) - f3b37029-1869-41d6-8bc8-d85a9541d8ef@group-DF4ABAE40FC1: receive requestVote(PRE_VOTE, 57da0847-4950-4ea9-a1de-cd2dacb809d4, group-DF4ABAE40FC1, 0, (t:0, i:0))
2023-10-17 18:45:14,065 [grpc-default-executor-4] INFO  impl.VoteContext (VoteContext.java:log(49)) - f3b37029-1869-41d6-8bc8-d85a9541d8ef@group-DF4ABAE40FC1-FOLLOWER: reject PRE_VOTE from 57da0847-4950-4ea9-a1de-cd2dacb809d4: our priority 1 > candidate's priority 0
2023-10-17 18:45:14,065 [grpc-default-executor-4] INFO  server.RaftServer$Division (RaftServerImpl.java:requestVote(1335)) - f3b37029-1869-41d6-8bc8-d85a9541d8ef@group-DF4ABAE40FC1 replies to PRE_VOTE vote request: 57da0847-4950-4ea9-a1de-cd2dacb809d4<-f3b37029-1869-41d6-8bc8-d85a9541d8ef#0:FAIL-t0. Peer's state: f3b37029-1869-41d6-8bc8-d85a9541d8ef@group-DF4ABAE40FC1:t0, leader=null, voted=, raftlog=Memoized:f3b37029-1869-41d6-8bc8-d85a9541d8ef@group-DF4ABAE40FC1-SegmentedRaftLog:OPENED:c-1, conf=-1: peers:[f3b37029-1869-41d6-8bc8-d85a9541d8ef|rpc:10.1.0.25:15206|admin:10.1.0.25:15205|client:10.1.0.25:15204|dataStream:10.1.0.25:15207|priority:1|startupRole:FOLLOWER, 57da0847-4950-4ea9-a1de-cd2dacb809d4|rpc:10.1.0.25:15188|admin:10.1.0.25:15187|client:10.1.0.25:15186|dataStream:10.1.0.25:15189|priority:0|startupRole:FOLLOWER, f2d55db1-4d7a-4f26-8f17-39f168379328|rpc:10.1.0.25:15197|admin:10.1.0.25:15196|client:10.1.0.25:15195|dataStream:10.1.0.25:15198|priority:0|startupRole:FOLLOWER]|listeners:[], old=null
2023-10-17 18:45:14,068 [57da0847-4950-4ea9-a1de-cd2dacb809d4@group-DF4ABAE40FC1-LeaderElection39] INFO  impl.LeaderElection (LeaderElection.java:logAndReturn(90)) - 57da0847-4950-4ea9-a1de-cd2dacb809d4@group-DF4ABAE40FC1-LeaderElection39: PRE_VOTE REJECTED received 2 response(s) and 0 exception(s):
2023-10-17 18:45:14,068 [57da0847-4950-4ea9-a1de-cd2dacb809d4@group-DF4ABAE40FC1-LeaderElection39] INFO  impl.LeaderElection (LeaderElection.java:logAndReturn(94)) -   Response 0: 57da0847-4950-4ea9-a1de-cd2dacb809d4<-f3b37029-1869-41d6-8bc8-d85a9541d8ef#0:FAIL-t0
2023-10-17 18:45:14,068 [57da0847-4950-4ea9-a1de-cd2dacb809d4@group-DF4ABAE40FC1-LeaderElection39] INFO  impl.LeaderElection (LeaderElection.java:logAndReturn(94)) -   Response 1: 57da0847-4950-4ea9-a1de-cd2dacb809d4<-f2d55db1-4d7a-4f26-8f17-39f168379328#0:OK-t0
2023-10-17 18:45:14,068 [57da0847-4950-4ea9-a1de-cd2dacb809d4@group-DF4ABAE40FC1-LeaderElection39] INFO  impl.LeaderElection (LeaderElection.java:askForVotes(323)) - 57da0847-4950-4ea9-a1de-cd2dacb809d4@group-DF4ABAE40FC1-LeaderElection39 PRE_VOTE round 0: result REJECTED
2023-10-17 18:45:14,068 [57da0847-4950-4ea9-a1de-cd2dacb809d4@group-DF4ABAE40FC1-LeaderElection39] INFO  server.RaftServer$Division (RaftServerImpl.java:setRole(329)) - 57da0847-4950-4ea9-a1de-cd2dacb809d4@group-DF4ABAE40FC1: changes role from CANDIDATE to FOLLOWER at term 0 for REJECTED
2023-10-17 18:45:14,068 [57da0847-4950-4ea9-a1de-cd2dacb809d4@group-DF4ABAE40FC1-LeaderElection39] INFO  impl.RoleInfo (RoleInfo.java:shutdownLeaderElection(130)) - 57da0847-4950-4ea9-a1de-cd2dacb809d4: shutdown 57da0847-4950-4ea9-a1de-cd2dacb809d4@group-DF4ABAE40FC1-LeaderElection39
2023-10-17 18:45:14,068 [57da0847-4950-4ea9-a1de-cd2dacb809d4@group-DF4ABAE40FC1-LeaderElection39] INFO  impl.RoleInfo (RoleInfo.java:updateAndGet(139)) - 57da0847-4950-4ea9-a1de-cd2dacb809d4: start 57da0847-4950-4ea9-a1de-cd2dacb809d4@group-DF4ABAE40FC1-FollowerState
2023-10-17 18:45:14,097 [f3b37029-1869-41d6-8bc8-d85a9541d8ef@group-DF4ABAE40FC1-FollowerState] INFO  impl.FollowerState (FollowerState.java:run(143)) - f3b37029-1869-41d6-8bc8-d85a9541d8ef@group-DF4ABAE40FC1-FollowerState: change to CANDIDATE, lastRpcElapsedTime:5061012537ns, electionTimeout:5059ms
2023-10-17 18:45:14,098 [f3b37029-1869-41d6-8bc8-d85a9541d8ef@group-DF4ABAE40FC1-FollowerState] INFO  impl.RoleInfo (RoleInfo.java:shutdownFollowerState(110)) - f3b37029-1869-41d6-8bc8-d85a9541d8ef: shutdown f3b37029-1869-41d6-8bc8-d85a9541d8ef@group-DF4ABAE40FC1-FollowerState
2023-10-17 18:45:14,098 [f3b37029-1869-41d6-8bc8-d85a9541d8ef@group-DF4ABAE40FC1-FollowerState] INFO  server.RaftServer$Division (RaftServerImpl.java:setRole(329)) - f3b37029-1869-41d6-8bc8-d85a9541d8ef@group-DF4ABAE40FC1: changes role from  FOLLOWER to CANDIDATE at term 0 for changeToCandidate
2023-10-17 18:45:14,098 [f3b37029-1869-41d6-8bc8-d85a9541d8ef@group-DF4ABAE40FC1-FollowerState] INFO  server.RaftServerConfigKeys (ConfUtils.java:logGet(46)) - raft.server.leaderelection.pre-vote = true (default)
2023-10-17 18:45:14,098 [f3b37029-1869-41d6-8bc8-d85a9541d8ef@group-DF4ABAE40FC1-FollowerState] INFO  impl.RoleInfo (RoleInfo.java:updateAndGet(139)) - f3b37029-1869-41d6-8bc8-d85a9541d8ef: start f3b37029-1869-41d6-8bc8-d85a9541d8ef@group-DF4ABAE40FC1-LeaderElection40
2023-10-17 18:45:14,106 [f3b37029-1869-41d6-8bc8-d85a9541d8ef@group-DF4ABAE40FC1-LeaderElection40] INFO  impl.LeaderElection (LeaderElection.java:askForVotes(321)) - f3b37029-1869-41d6-8bc8-d85a9541d8ef@group-DF4ABAE40FC1-LeaderElection40 PRE_VOTE round 0: submit vote requests at term 0 for -1: peers:[f3b37029-1869-41d6-8bc8-d85a9541d8ef|rpc:10.1.0.25:15206|admin:10.1.0.25:15205|client:10.1.0.25:15204|dataStream:10.1.0.25:15207|priority:1|startupRole:FOLLOWER, 57da0847-4950-4ea9-a1de-cd2dacb809d4|rpc:10.1.0.25:15188|admin:10.1.0.25:15187|client:10.1.0.25:15186|dataStream:10.1.0.25:15189|priority:0|startupRole:FOLLOWER, f2d55db1-4d7a-4f26-8f17-39f168379328|rpc:10.1.0.25:15197|admin:10.1.0.25:15196|client:10.1.0.25:15195|dataStream:10.1.0.25:15198|priority:0|startupRole:FOLLOWER]|listeners:[], old=null
2023-10-17 18:45:14,107 [f3b37029-1869-41d6-8bc8-d85a9541d8ef@group-DF4ABAE40FC1-LeaderElection40] INFO  server.RaftServerConfigKeys (ConfUtils.java:logFallback(53)) - raft.server.rpc.first-election.timeout.min = 5s (fallback to raft.server.rpc.timeout.min)
2023-10-17 18:45:14,107 [f3b37029-1869-41d6-8bc8-d85a9541d8ef@group-DF4ABAE40FC1-LeaderElection40-1] INFO  server.GrpcServerProtocolClient (GrpcServerProtocolClient.java:<init>(65)) - Build channel for 57da0847-4950-4ea9-a1de-cd2dacb809d4
2023-10-17 18:45:14,107 [f3b37029-1869-41d6-8bc8-d85a9541d8ef@group-DF4ABAE40FC1-LeaderElection40] INFO  server.RaftServerConfigKeys (ConfUtils.java:logFallback(53)) - raft.server.rpc.first-election.timeout.max = 5200ms (fallback to raft.server.rpc.timeout.max)
2023-10-17 18:45:14,107 [f3b37029-1869-41d6-8bc8-d85a9541d8ef@group-DF4ABAE40FC1-LeaderElection40-2] INFO  server.GrpcServerProtocolClient (GrpcServerProtocolClient.java:<init>(65)) - Build channel for f2d55db1-4d7a-4f26-8f17-39f168379328
2023-10-17 18:45:14,117 [grpc-default-executor-4] INFO  server.RaftServer$Division (RaftServerImpl.java:requestVote(1302)) - 57da0847-4950-4ea9-a1de-cd2dacb809d4@group-DF4ABAE40FC1: receive requestVote(PRE_VOTE, f3b37029-1869-41d6-8bc8-d85a9541d8ef, group-DF4ABAE40FC1, 0, (t:0, i:0))
2023-10-17 18:45:14,118 [grpc-default-executor-4] INFO  impl.VoteContext (VoteContext.java:log(49)) - 57da0847-4950-4ea9-a1de-cd2dacb809d4@group-DF4ABAE40FC1-FOLLOWER: accept PRE_VOTE from f3b37029-1869-41d6-8bc8-d85a9541d8ef: our priority 0 <= candidate's priority 1
2023-10-17 18:45:14,118 [grpc-default-executor-4] INFO  server.RaftServer$Division (RaftServerImpl.java:requestVote(1335)) - 57da0847-4950-4ea9-a1de-cd2dacb809d4@group-DF4ABAE40FC1 replies to PRE_VOTE vote request: f3b37029-1869-41d6-8bc8-d85a9541d8ef<-57da0847-4950-4ea9-a1de-cd2dacb809d4#0:OK-t0. Peer's state: 57da0847-4950-4ea9-a1de-cd2dacb809d4@group-DF4ABAE40FC1:t0, leader=null, voted=, raftlog=Memoized:57da0847-4950-4ea9-a1de-cd2dacb809d4@group-DF4ABAE40FC1-SegmentedRaftLog:OPENED:c-1, conf=-1: peers:[f3b37029-1869-41d6-8bc8-d85a9541d8ef|rpc:10.1.0.25:15206|admin:10.1.0.25:15205|client:10.1.0.25:15204|dataStream:10.1.0.25:15207|priority:1|startupRole:FOLLOWER, 57da0847-4950-4ea9-a1de-cd2dacb809d4|rpc:10.1.0.25:15188|admin:10.1.0.25:15187|client:10.1.0.25:15186|dataStream:10.1.0.25:15189|priority:0|startupRole:FOLLOWER, f2d55db1-4d7a-4f26-8f17-39f168379328|rpc:10.1.0.25:15197|admin:10.1.0.25:15196|client:10.1.0.25:15195|dataStream:10.1.0.25:15198|priority:0|startupRole:FOLLOWER]|listeners:[], old=null
2023-10-17 18:45:14,120 [grpc-default-executor-4] INFO  server.RaftServer$Division (RaftServerImpl.java:requestVote(1302)) - f2d55db1-4d7a-4f26-8f17-39f168379328@group-DF4ABAE40FC1: receive requestVote(PRE_VOTE, f3b37029-1869-41d6-8bc8-d85a9541d8ef, group-DF4ABAE40FC1, 0, (t:0, i:0))
2023-10-17 18:45:14,121 [grpc-default-executor-4] INFO  impl.VoteContext (VoteContext.java:log(49)) - f2d55db1-4d7a-4f26-8f17-39f168379328@group-DF4ABAE40FC1-FOLLOWER: accept PRE_VOTE from f3b37029-1869-41d6-8bc8-d85a9541d8ef: our priority 0 <= candidate's priority 1
2023-10-17 18:45:14,121 [grpc-default-executor-4] INFO  server.RaftServer$Division (RaftServerImpl.java:requestVote(1335)) - f2d55db1-4d7a-4f26-8f17-39f168379328@group-DF4ABAE40FC1 replies to PRE_VOTE vote request: f3b37029-1869-41d6-8bc8-d85a9541d8ef<-f2d55db1-4d7a-4f26-8f17-39f168379328#0:OK-t0. Peer's state: f2d55db1-4d7a-4f26-8f17-39f168379328@group-DF4ABAE40FC1:t0, leader=null, voted=, raftlog=Memoized:f2d55db1-4d7a-4f26-8f17-39f168379328@group-DF4ABAE40FC1-SegmentedRaftLog:OPENED:c-1, conf=-1: peers:[f3b37029-1869-41d6-8bc8-d85a9541d8ef|rpc:10.1.0.25:15206|admin:10.1.0.25:15205|client:10.1.0.25:15204|dataStream:10.1.0.25:15207|priority:1|startupRole:FOLLOWER, 57da0847-4950-4ea9-a1de-cd2dacb809d4|rpc:10.1.0.25:15188|admin:10.1.0.25:15187|client:10.1.0.25:15186|dataStream:10.1.0.25:15189|priority:0|startupRole:FOLLOWER, f2d55db1-4d7a-4f26-8f17-39f168379328|rpc:10.1.0.25:15197|admin:10.1.0.25:15196|client:10.1.0.25:15195|dataStream:10.1.0.25:15198|priority:0|startupRole:FOLLOWER]|listeners:[], old=null
2023-10-17 18:45:14,122 [f3b37029-1869-41d6-8bc8-d85a9541d8ef@group-DF4ABAE40FC1-LeaderElection40] INFO  impl.LeaderElection (LeaderElection.java:logAndReturn(90)) - f3b37029-1869-41d6-8bc8-d85a9541d8ef@group-DF4ABAE40FC1-LeaderElection40: PRE_VOTE PASSED received 1 response(s) and 0 exception(s):
2023-10-17 18:45:14,122 [f3b37029-1869-41d6-8bc8-d85a9541d8ef@group-DF4ABAE40FC1-LeaderElection40] INFO  impl.LeaderElection (LeaderElection.java:logAndReturn(94)) -   Response 0: f3b37029-1869-41d6-8bc8-d85a9541d8ef<-f2d55db1-4d7a-4f26-8f17-39f168379328#0:OK-t0
2023-10-17 18:45:14,122 [f3b37029-1869-41d6-8bc8-d85a9541d8ef@group-DF4ABAE40FC1-LeaderElection40] INFO  impl.LeaderElection (LeaderElection.java:askForVotes(323)) - f3b37029-1869-41d6-8bc8-d85a9541d8ef@group-DF4ABAE40FC1-LeaderElection40 PRE_VOTE round 0: result PASSED
2023-10-17 18:45:14,123 [f3b37029-1869-41d6-8bc8-d85a9541d8ef@group-DF4ABAE40FC1-LeaderElection40] INFO  impl.LeaderElection (LeaderElection.java:askForVotes(321)) - f3b37029-1869-41d6-8bc8-d85a9541d8ef@group-DF4ABAE40FC1-LeaderElection40 ELECTION round 0: submit vote requests at term 1 for -1: peers:[f3b37029-1869-41d6-8bc8-d85a9541d8ef|rpc:10.1.0.25:15206|admin:10.1.0.25:15205|client:10.1.0.25:15204|dataStream:10.1.0.25:15207|priority:1|startupRole:FOLLOWER, 57da0847-4950-4ea9-a1de-cd2dacb809d4|rpc:10.1.0.25:15188|admin:10.1.0.25:15187|client:10.1.0.25:15186|dataStream:10.1.0.25:15189|priority:0|startupRole:FOLLOWER, f2d55db1-4d7a-4f26-8f17-39f168379328|rpc:10.1.0.25:15197|admin:10.1.0.25:15196|client:10.1.0.25:15195|dataStream:10.1.0.25:15198|priority:0|startupRole:FOLLOWER]|listeners:[], old=null
2023-10-17 18:45:14,124 [grpc-default-executor-4] INFO  server.RaftServer$Division (RaftServerImpl.java:requestVote(1302)) - 57da0847-4950-4ea9-a1de-cd2dacb809d4@group-DF4ABAE40FC1: receive requestVote(ELECTION, f3b37029-1869-41d6-8bc8-d85a9541d8ef, group-DF4ABAE40FC1, 1, (t:0, i:0))
2023-10-17 18:45:14,124 [grpc-default-executor-4] INFO  impl.VoteContext (VoteContext.java:log(49)) - 57da0847-4950-4ea9-a1de-cd2dacb809d4@group-DF4ABAE40FC1-FOLLOWER: accept ELECTION from f3b37029-1869-41d6-8bc8-d85a9541d8ef: our priority 0 <= candidate's priority 1
2023-10-17 18:45:14,124 [grpc-default-executor-4] INFO  server.RaftServer$Division (RaftServerImpl.java:setRole(329)) - 57da0847-4950-4ea9-a1de-cd2dacb809d4@group-DF4ABAE40FC1: changes role from  FOLLOWER to FOLLOWER at term 1 for candidate:f3b37029-1869-41d6-8bc8-d85a9541d8ef
2023-10-17 18:45:14,124 [grpc-default-executor-4] INFO  impl.RoleInfo (RoleInfo.java:shutdownFollowerState(110)) - 57da0847-4950-4ea9-a1de-cd2dacb809d4: shutdown 57da0847-4950-4ea9-a1de-cd2dacb809d4@group-DF4ABAE40FC1-FollowerState
2023-10-17 18:45:14,126 [f3b37029-1869-41d6-8bc8-d85a9541d8ef@group-DF4ABAE40FC1-LeaderElection40] INFO  server.RaftServerConfigKeys (ConfUtils.java:logFallback(53)) - raft.server.rpc.first-election.timeout.min = 5s (fallback to raft.server.rpc.timeout.min)
2023-10-17 18:45:14,126 [f3b37029-1869-41d6-8bc8-d85a9541d8ef@group-DF4ABAE40FC1-LeaderElection40] INFO  server.RaftServerConfigKeys (ConfUtils.java:logFallback(53)) - raft.server.rpc.first-election.timeout.max = 5200ms (fallback to raft.server.rpc.timeout.max)
2023-10-17 18:45:14,126 [grpc-default-executor-4] INFO  impl.RoleInfo (RoleInfo.java:updateAndGet(139)) - 57da0847-4950-4ea9-a1de-cd2dacb809d4: start 57da0847-4950-4ea9-a1de-cd2dacb809d4@group-DF4ABAE40FC1-FollowerState
2023-10-17 18:45:14,126 [57da0847-4950-4ea9-a1de-cd2dacb809d4@group-DF4ABAE40FC1-FollowerState] INFO  impl.FollowerState (FollowerState.java:run(152)) - 57da0847-4950-4ea9-a1de-cd2dacb809d4@group-DF4ABAE40FC1-FollowerState was interrupted
2023-10-17 18:45:14,127 [grpc-default-executor-3] INFO  server.RaftServer$Division (RaftServerImpl.java:requestVote(1302)) - f2d55db1-4d7a-4f26-8f17-39f168379328@group-DF4ABAE40FC1: receive requestVote(ELECTION, f3b37029-1869-41d6-8bc8-d85a9541d8ef, group-DF4ABAE40FC1, 1, (t:0, i:0))
2023-10-17 18:45:14,127 [grpc-default-executor-3] INFO  impl.VoteContext (VoteContext.java:log(49)) - f2d55db1-4d7a-4f26-8f17-39f168379328@group-DF4ABAE40FC1-FOLLOWER: accept ELECTION from f3b37029-1869-41d6-8bc8-d85a9541d8ef: our priority 0 <= candidate's priority 1
2023-10-17 18:45:14,127 [grpc-default-executor-3] INFO  server.RaftServer$Division (RaftServerImpl.java:setRole(329)) - f2d55db1-4d7a-4f26-8f17-39f168379328@group-DF4ABAE40FC1: changes role from  FOLLOWER to FOLLOWER at term 1 for candidate:f3b37029-1869-41d6-8bc8-d85a9541d8ef
2023-10-17 18:45:14,128 [grpc-default-executor-3] INFO  impl.RoleInfo (RoleInfo.java:shutdownFollowerState(110)) - f2d55db1-4d7a-4f26-8f17-39f168379328: shutdown f2d55db1-4d7a-4f26-8f17-39f168379328@group-DF4ABAE40FC1-FollowerState
2023-10-17 18:45:14,128 [grpc-default-executor-3] INFO  impl.RoleInfo (RoleInfo.java:updateAndGet(139)) - f2d55db1-4d7a-4f26-8f17-39f168379328: start f2d55db1-4d7a-4f26-8f17-39f168379328@group-DF4ABAE40FC1-FollowerState
2023-10-17 18:45:14,129 [f2d55db1-4d7a-4f26-8f17-39f168379328@group-DF4ABAE40FC1-FollowerState] INFO  impl.FollowerState (FollowerState.java:run(152)) - f2d55db1-4d7a-4f26-8f17-39f168379328@group-DF4ABAE40FC1-FollowerState was interrupted
2023-10-17 18:45:14,130 [grpc-default-executor-4] INFO  server.RaftServer$Division (RaftServerImpl.java:requestVote(1335)) - 57da0847-4950-4ea9-a1de-cd2dacb809d4@group-DF4ABAE40FC1 replies to ELECTION vote request: f3b37029-1869-41d6-8bc8-d85a9541d8ef<-57da0847-4950-4ea9-a1de-cd2dacb809d4#0:OK-t1. Peer's state: 57da0847-4950-4ea9-a1de-cd2dacb809d4@group-DF4ABAE40FC1:t1, leader=null, voted=f3b37029-1869-41d6-8bc8-d85a9541d8ef, raftlog=Memoized:57da0847-4950-4ea9-a1de-cd2dacb809d4@group-DF4ABAE40FC1-SegmentedRaftLog:OPENED:c-1, conf=-1: peers:[f3b37029-1869-41d6-8bc8-d85a9541d8ef|rpc:10.1.0.25:15206|admin:10.1.0.25:15205|client:10.1.0.25:15204|dataStream:10.1.0.25:15207|priority:1|startupRole:FOLLOWER, 57da0847-4950-4ea9-a1de-cd2dacb809d4|rpc:10.1.0.25:15188|admin:10.1.0.25:15187|client:10.1.0.25:15186|dataStream:10.1.0.25:15189|priority:0|startupRole:FOLLOWER, f2d55db1-4d7a-4f26-8f17-39f168379328|rpc:10.1.0.25:15197|admin:10.1.0.25:15196|client:10.1.0.25:15195|dataStream:10.1.0.25:15198|priority:0|startupRole:FOLLOWER]|listeners:[], old=null
2023-10-17 18:45:14,132 [grpc-default-executor-3] INFO  server.RaftServer$Division (RaftServerImpl.java:requestVote(1335)) - f2d55db1-4d7a-4f26-8f17-39f168379328@group-DF4ABAE40FC1 replies to ELECTION vote request: f3b37029-1869-41d6-8bc8-d85a9541d8ef<-f2d55db1-4d7a-4f26-8f17-39f168379328#0:OK-t1. Peer's state: f2d55db1-4d7a-4f26-8f17-39f168379328@group-DF4ABAE40FC1:t1, leader=null, voted=f3b37029-1869-41d6-8bc8-d85a9541d8ef, raftlog=Memoized:f2d55db1-4d7a-4f26-8f17-39f168379328@group-DF4ABAE40FC1-SegmentedRaftLog:OPENED:c-1, conf=-1: peers:[f3b37029-1869-41d6-8bc8-d85a9541d8ef|rpc:10.1.0.25:15206|admin:10.1.0.25:15205|client:10.1.0.25:15204|dataStream:10.1.0.25:15207|priority:1|startupRole:FOLLOWER, 57da0847-4950-4ea9-a1de-cd2dacb809d4|rpc:10.1.0.25:15188|admin:10.1.0.25:15187|client:10.1.0.25:15186|dataStream:10.1.0.25:15189|priority:0|startupRole:FOLLOWER, f2d55db1-4d7a-4f26-8f17-39f168379328|rpc:10.1.0.25:15197|admin:10.1.0.25:15196|client:10.1.0.25:15195|dataStream:10.1.0.25:15198|priority:0|startupRole:FOLLOWER]|listeners:[], old=null
2023-10-17 18:45:14,132 [f3b37029-1869-41d6-8bc8-d85a9541d8ef@group-DF4ABAE40FC1-LeaderElection40] INFO  impl.LeaderElection (LeaderElection.java:logAndReturn(90)) - f3b37029-1869-41d6-8bc8-d85a9541d8ef@group-DF4ABAE40FC1-LeaderElection40: ELECTION PASSED received 1 response(s) and 0 exception(s):
2023-10-17 18:45:14,132 [f3b37029-1869-41d6-8bc8-d85a9541d8ef@group-DF4ABAE40FC1-LeaderElection40] INFO  impl.LeaderElection (LeaderElection.java:logAndReturn(94)) -   Response 0: f3b37029-1869-41d6-8bc8-d85a9541d8ef<-57da0847-4950-4ea9-a1de-cd2dacb809d4#0:OK-t1
2023-10-17 18:45:14,132 [f3b37029-1869-41d6-8bc8-d85a9541d8ef@group-DF4ABAE40FC1-LeaderElection40] INFO  impl.LeaderElection (LeaderElection.java:askForVotes(323)) - f3b37029-1869-41d6-8bc8-d85a9541d8ef@group-DF4ABAE40FC1-LeaderElection40 ELECTION round 0: result PASSED
2023-10-17 18:45:14,132 [f3b37029-1869-41d6-8bc8-d85a9541d8ef@group-DF4ABAE40FC1-LeaderElection40] INFO  impl.RoleInfo (RoleInfo.java:shutdownLeaderElection(130)) - f3b37029-1869-41d6-8bc8-d85a9541d8ef: shutdown f3b37029-1869-41d6-8bc8-d85a9541d8ef@group-DF4ABAE40FC1-LeaderElection40
2023-10-17 18:45:14,132 [f3b37029-1869-41d6-8bc8-d85a9541d8ef@group-DF4ABAE40FC1-LeaderElection40] INFO  server.RaftServer$Division (RaftServerImpl.java:setRole(329)) - f3b37029-1869-41d6-8bc8-d85a9541d8ef@group-DF4ABAE40FC1: changes role from CANDIDATE to LEADER at term 1 for changeToLeader
2023-10-17 18:45:14,132 [f3b37029-1869-41d6-8bc8-d85a9541d8ef@group-DF4ABAE40FC1-LeaderElection40] INFO  ratis.XceiverServerRatis (XceiverServerRatis.java:handleLeaderChangedNotification(902)) - Leader change notification received for group: group-DF4ABAE40FC1 with new leaderId: f3b37029-1869-41d6-8bc8-d85a9541d8ef
2023-10-17 18:45:14,132 [f3b37029-1869-41d6-8bc8-d85a9541d8ef@group-DF4ABAE40FC1-LeaderElection40] INFO  server.RaftServer$Division (ServerState.java:setLeader(317)) - f3b37029-1869-41d6-8bc8-d85a9541d8ef@group-DF4ABAE40FC1: change Leader from null to f3b37029-1869-41d6-8bc8-d85a9541d8ef at term 1 for becomeLeader, leader elected after 5110ms
2023-10-17 18:45:14,132 [f3b37029-1869-41d6-8bc8-d85a9541d8ef@group-DF4ABAE40FC1-LeaderElection40] INFO  server.RaftServerConfigKeys (ConfUtils.java:logGet(46)) - raft.server.staging.catchup.gap = 1000 (default)
2023-10-17 18:45:14,132 [f3b37029-1869-41d6-8bc8-d85a9541d8ef@group-DF4ABAE40FC1-LeaderElection40] INFO  server.RaftServerConfigKeys (ConfUtils.java:logGet(46)) - raft.server.write.element-limit = 1024 (custom)
2023-10-17 18:45:14,133 [f3b37029-1869-41d6-8bc8-d85a9541d8ef@group-DF4ABAE40FC1-LeaderElection40] INFO  server.RaftServerConfigKeys (ConfUtils.java:logGet(46)) - raft.server.write.byte-limit = 1024 M (=1073741824) (custom)
2023-10-17 18:45:14,133 [f3b37029-1869-41d6-8bc8-d85a9541d8ef@group-DF4ABAE40FC1-LeaderElection40] INFO  server.RaftServerConfigKeys (ConfUtils.java:logGet(46)) - raft.server.watch.timeout = 180s (custom)
2023-10-17 18:45:14,133 [f3b37029-1869-41d6-8bc8-d85a9541d8ef@group-DF4ABAE40FC1-LeaderElection40] INFO  server.RaftServerConfigKeys (ConfUtils.java:logGet(46)) - raft.server.watch.timeout.denomination = 1s (default)
2023-10-17 18:45:14,133 [f3b37029-1869-41d6-8bc8-d85a9541d8ef@group-DF4ABAE40FC1-LeaderElection40] INFO  server.RaftServerConfigKeys (ConfUtils.java:logGet(46)) - raft.server.watch.element-limit = 65536 (default)
2023-10-17 18:45:14,133 [f3b37029-1869-41d6-8bc8-d85a9541d8ef@group-DF4ABAE40FC1-LeaderElection40] INFO  server.RaftServerConfigKeys (ConfUtils.java:logGet(46)) - raft.server.write.element-limit = 1024 (custom)
2023-10-17 18:45:14,133 [f3b37029-1869-41d6-8bc8-d85a9541d8ef@group-DF4ABAE40FC1-LeaderElection40] INFO  server.RaftServerConfigKeys (ConfUtils.java:logGet(46)) - raft.server.write.follower.gap.ratio.max = -1.0 (default)
2023-10-17 18:45:14,133 [f3b37029-1869-41d6-8bc8-d85a9541d8ef@group-DF4ABAE40FC1-LeaderElection40] INFO  server.RaftServerConfigKeys (ConfUtils.java:logGet(46)) - raft.server.log.appender.snapshot.chunk.size.max = 16MB (=16777216) (default)
2023-10-17 18:45:14,133 [f3b37029-1869-41d6-8bc8-d85a9541d8ef@group-DF4ABAE40FC1-LeaderElection40] INFO  server.RaftServerConfigKeys (ConfUtils.java:logGet(46)) - raft.server.log.appender.buffer.byte-limit = 33554432 (custom)
2023-10-17 18:45:14,133 [f3b37029-1869-41d6-8bc8-d85a9541d8ef@group-DF4ABAE40FC1-LeaderElection40] INFO  server.RaftServerConfigKeys (ConfUtils.java:logGet(46)) - raft.server.log.appender.buffer.element-limit = 1 (custom)
2023-10-17 18:45:14,133 [f3b37029-1869-41d6-8bc8-d85a9541d8ef@group-DF4ABAE40FC1-LeaderElection40] INFO  server.RaftServerConfigKeys (ConfUtils.java:logGet(46)) - raft.server.log.appender.wait-time.min = 1ms (custom)
2023-10-17 18:45:14,133 [f3b37029-1869-41d6-8bc8-d85a9541d8ef@group-DF4ABAE40FC1-LeaderElection40] INFO  grpc.GrpcConfigKeys (ConfUtils.java:logGet(46)) - raft.grpc.server.leader.outstanding.appends.max = 128 (default)
2023-10-17 18:45:14,134 [f3b37029-1869-41d6-8bc8-d85a9541d8ef@group-DF4ABAE40FC1-LeaderElection40] INFO  server.RaftServerConfigKeys (ConfUtils.java:logGet(46)) - raft.server.rpc.request.timeout = 60s (custom)
2023-10-17 18:45:14,134 [f3b37029-1869-41d6-8bc8-d85a9541d8ef@group-DF4ABAE40FC1-LeaderElection40] INFO  grpc.GrpcConfigKeys (ConfUtils.java:logGet(46)) - raft.grpc.server.install_snapshot.request.element-limit = 8 (default)
2023-10-17 18:45:14,134 [f3b37029-1869-41d6-8bc8-d85a9541d8ef@group-DF4ABAE40FC1-LeaderElection40] INFO  grpc.GrpcConfigKeys (ConfUtils.java:logGet(46)) - raft.grpc.server.install_snapshot.request.timeout = 3000ms (default)
2023-10-17 18:45:14,134 [f3b37029-1869-41d6-8bc8-d85a9541d8ef@group-DF4ABAE40FC1-LeaderElection40] INFO  server.RaftServerConfigKeys (ConfUtils.java:logGet(46)) - raft.server.log.appender.install.snapshot.enabled = false (custom)
2023-10-17 18:45:14,134 [f3b37029-1869-41d6-8bc8-d85a9541d8ef@group-DF4ABAE40FC1-LeaderElection40] INFO  grpc.GrpcConfigKeys (ConfUtils.java:logGet(46)) - raft.grpc.server.heartbeat.channel = true (default)
2023-10-17 18:45:14,134 [f3b37029-1869-41d6-8bc8-d85a9541d8ef@group-DF4ABAE40FC1-LeaderElection40] INFO  server.RaftServerConfigKeys (ConfUtils.java:logGet(46)) - raft.server.log.appender.snapshot.chunk.size.max = 16MB (=16777216) (default)
2023-10-17 18:45:14,134 [f3b37029-1869-41d6-8bc8-d85a9541d8ef@group-DF4ABAE40FC1-LeaderElection40] INFO  server.RaftServerConfigKeys (ConfUtils.java:logGet(46)) - raft.server.log.appender.buffer.byte-limit = 33554432 (custom)
2023-10-17 18:45:14,134 [f3b37029-1869-41d6-8bc8-d85a9541d8ef@group-DF4ABAE40FC1-LeaderElection40] INFO  server.RaftServerConfigKeys (ConfUtils.java:logGet(46)) - raft.server.log.appender.buffer.element-limit = 1 (custom)
2023-10-17 18:45:14,134 [f3b37029-1869-41d6-8bc8-d85a9541d8ef@group-DF4ABAE40FC1-LeaderElection40] INFO  server.RaftServerConfigKeys (ConfUtils.java:logGet(46)) - raft.server.log.appender.wait-time.min = 1ms (custom)
2023-10-17 18:45:14,134 [f3b37029-1869-41d6-8bc8-d85a9541d8ef@group-DF4ABAE40FC1-LeaderElection40] INFO  grpc.GrpcConfigKeys (ConfUtils.java:logGet(46)) - raft.grpc.server.leader.outstanding.appends.max = 128 (default)
2023-10-17 18:45:14,134 [f3b37029-1869-41d6-8bc8-d85a9541d8ef@group-DF4ABAE40FC1-LeaderElection40] INFO  server.RaftServerConfigKeys (ConfUtils.java:logGet(46)) - raft.server.rpc.request.timeout = 60s (custom)
2023-10-17 18:45:14,134 [f3b37029-1869-41d6-8bc8-d85a9541d8ef@group-DF4ABAE40FC1-LeaderElection40] INFO  grpc.GrpcConfigKeys (ConfUtils.java:logGet(46)) - raft.grpc.server.install_snapshot.request.element-limit = 8 (default)
2023-10-17 18:45:14,135 [f3b37029-1869-41d6-8bc8-d85a9541d8ef@group-DF4ABAE40FC1-LeaderElection40] INFO  grpc.GrpcConfigKeys (ConfUtils.java:logGet(46)) - raft.grpc.server.install_snapshot.request.timeout = 3000ms (default)
2023-10-17 18:45:14,135 [f3b37029-1869-41d6-8bc8-d85a9541d8ef@group-DF4ABAE40FC1-LeaderElection40] INFO  server.RaftServerConfigKeys (ConfUtils.java:logGet(46)) - raft.server.log.appender.install.snapshot.enabled = false (custom)
2023-10-17 18:45:14,135 [f3b37029-1869-41d6-8bc8-d85a9541d8ef@group-DF4ABAE40FC1-LeaderElection40] INFO  grpc.GrpcConfigKeys (ConfUtils.java:logGet(46)) - raft.grpc.server.heartbeat.channel = true (default)
2023-10-17 18:45:14,135 [f3b37029-1869-41d6-8bc8-d85a9541d8ef@group-DF4ABAE40FC1-LeaderElection40] INFO  impl.RoleInfo (RoleInfo.java:updateAndGet(139)) - f3b37029-1869-41d6-8bc8-d85a9541d8ef: start f3b37029-1869-41d6-8bc8-d85a9541d8ef@group-DF4ABAE40FC1-LeaderStateImpl
2023-10-17 18:45:14,135 [f3b37029-1869-41d6-8bc8-d85a9541d8ef@group-DF4ABAE40FC1-LeaderElection40] INFO  segmented.SegmentedRaftLogWorker (SegmentedRaftLogWorker.java:startLogSegment(447)) - f3b37029-1869-41d6-8bc8-d85a9541d8ef@group-DF4ABAE40FC1-SegmentedRaftLogWorker: Starting segment from index:0
2023-10-17 18:45:14,139 [EventQueue-PipelineReportForPipelineReportHandler] INFO  pipeline.PipelineReportHandler (PipelineReportHandler.java:processPipelineReport(136)) - Opened pipeline PipelineID=c17d4717-ad27-4244-88a7-df4abae40fc1
2023-10-17 18:45:14,140 [f3b37029-1869-41d6-8bc8-d85a9541d8ef@group-DF4ABAE40FC1-SegmentedRaftLogWorker] INFO  segmented.SegmentedRaftLogWorker (SegmentedRaftLogWorker.java:execute(651)) - f3b37029-1869-41d6-8bc8-d85a9541d8ef@group-DF4ABAE40FC1-SegmentedRaftLogWorker: created new log segment /home/runner/work/ozone/ozone/hadoop-ozone/integration-test/target/test-dir/MiniOzoneClusterImpl-14327f45-78e1-4847-8051-3610e19f479d/datanode-2/data/ratis/c17d4717-ad27-4244-88a7-df4abae40fc1/current/log_inprogress_0
2023-10-17 18:45:14,155 [f3b37029-1869-41d6-8bc8-d85a9541d8ef@group-DF4ABAE40FC1-LeaderElection40] INFO  server.RaftServer$Division (ServerState.java:setRaftConf(434)) - f3b37029-1869-41d6-8bc8-d85a9541d8ef@group-DF4ABAE40FC1: set configuration 0: peers:[f3b37029-1869-41d6-8bc8-d85a9541d8ef|rpc:10.1.0.25:15206|admin:10.1.0.25:15205|client:10.1.0.25:15204|dataStream:10.1.0.25:15207|priority:1|startupRole:FOLLOWER, 57da0847-4950-4ea9-a1de-cd2dacb809d4|rpc:10.1.0.25:15188|admin:10.1.0.25:15187|client:10.1.0.25:15186|dataStream:10.1.0.25:15189|priority:0|startupRole:FOLLOWER, f2d55db1-4d7a-4f26-8f17-39f168379328|rpc:10.1.0.25:15197|admin:10.1.0.25:15196|client:10.1.0.25:15195|dataStream:10.1.0.25:15198|priority:0|startupRole:FOLLOWER]|listeners:[], old=null
2023-10-17 18:45:14,164 [57da0847-4950-4ea9-a1de-cd2dacb809d4-server-thread1] INFO  ratis.XceiverServerRatis (XceiverServerRatis.java:handleLeaderChangedNotification(902)) - Leader change notification received for group: group-DF4ABAE40FC1 with new leaderId: f3b37029-1869-41d6-8bc8-d85a9541d8ef
2023-10-17 18:45:14,165 [57da0847-4950-4ea9-a1de-cd2dacb809d4-server-thread1] INFO  server.RaftServer$Division (ServerState.java:setLeader(317)) - 57da0847-4950-4ea9-a1de-cd2dacb809d4@group-DF4ABAE40FC1: change Leader from null to f3b37029-1869-41d6-8bc8-d85a9541d8ef at term 1 for appendEntries, leader elected after 5255ms
2023-10-17 18:45:14,170 [f2d55db1-4d7a-4f26-8f17-39f168379328-server-thread1] INFO  ratis.XceiverServerRatis (XceiverServerRatis.java:handleLeaderChangedNotification(902)) - Leader change notification received for group: group-DF4ABAE40FC1 with new leaderId: f3b37029-1869-41d6-8bc8-d85a9541d8ef
2023-10-17 18:45:14,170 [f2d55db1-4d7a-4f26-8f17-39f168379328-server-thread1] INFO  server.RaftServer$Division (ServerState.java:setLeader(317)) - f2d55db1-4d7a-4f26-8f17-39f168379328@group-DF4ABAE40FC1: change Leader from null to f3b37029-1869-41d6-8bc8-d85a9541d8ef at term 1 for appendEntries, leader elected after 5119ms
2023-10-17 18:45:14,171 [57da0847-4950-4ea9-a1de-cd2dacb809d4-server-thread2] INFO  server.RaftServer$Division (ServerState.java:setRaftConf(434)) - 57da0847-4950-4ea9-a1de-cd2dacb809d4@group-DF4ABAE40FC1: set configuration 0: peers:[f3b37029-1869-41d6-8bc8-d85a9541d8ef|rpc:10.1.0.25:15206|admin:10.1.0.25:15205|client:10.1.0.25:15204|dataStream:10.1.0.25:15207|priority:1|startupRole:FOLLOWER, 57da0847-4950-4ea9-a1de-cd2dacb809d4|rpc:10.1.0.25:15188|admin:10.1.0.25:15187|client:10.1.0.25:15186|dataStream:10.1.0.25:15189|priority:0|startupRole:FOLLOWER, f2d55db1-4d7a-4f26-8f17-39f168379328|rpc:10.1.0.25:15197|admin:10.1.0.25:15196|client:10.1.0.25:15195|dataStream:10.1.0.25:15198|priority:0|startupRole:FOLLOWER]|listeners:[], old=null
2023-10-17 18:45:14,171 [57da0847-4950-4ea9-a1de-cd2dacb809d4-server-thread2] INFO  segmented.SegmentedRaftLogWorker (SegmentedRaftLogWorker.java:startLogSegment(447)) - 57da0847-4950-4ea9-a1de-cd2dacb809d4@group-DF4ABAE40FC1-SegmentedRaftLogWorker: Starting segment from index:0
2023-10-17 18:45:14,173 [57da0847-4950-4ea9-a1de-cd2dacb809d4@group-DF4ABAE40FC1-SegmentedRaftLogWorker] INFO  segmented.SegmentedRaftLogWorker (SegmentedRaftLogWorker.java:execute(651)) - 57da0847-4950-4ea9-a1de-cd2dacb809d4@group-DF4ABAE40FC1-SegmentedRaftLogWorker: created new log segment /home/runner/work/ozone/ozone/hadoop-ozone/integration-test/target/test-dir/MiniOzoneClusterImpl-14327f45-78e1-4847-8051-3610e19f479d/datanode-0/data/ratis/c17d4717-ad27-4244-88a7-df4abae40fc1/current/log_inprogress_0
2023-10-17 18:45:14,183 [f2d55db1-4d7a-4f26-8f17-39f168379328-server-thread3] INFO  server.RaftServer$Division (ServerState.java:setRaftConf(434)) - f2d55db1-4d7a-4f26-8f17-39f168379328@group-DF4ABAE40FC1: set configuration 0: peers:[f3b37029-1869-41d6-8bc8-d85a9541d8ef|rpc:10.1.0.25:15206|admin:10.1.0.25:15205|client:10.1.0.25:15204|dataStream:10.1.0.25:15207|priority:1|startupRole:FOLLOWER, 57da0847-4950-4ea9-a1de-cd2dacb809d4|rpc:10.1.0.25:15188|admin:10.1.0.25:15187|client:10.1.0.25:15186|dataStream:10.1.0.25:15189|priority:0|startupRole:FOLLOWER, f2d55db1-4d7a-4f26-8f17-39f168379328|rpc:10.1.0.25:15197|admin:10.1.0.25:15196|client:10.1.0.25:15195|dataStream:10.1.0.25:15198|priority:0|startupRole:FOLLOWER]|listeners:[], old=null
2023-10-17 18:45:14,183 [f2d55db1-4d7a-4f26-8f17-39f168379328-server-thread3] INFO  segmented.SegmentedRaftLogWorker (SegmentedRaftLogWorker.java:startLogSegment(447)) - f2d55db1-4d7a-4f26-8f17-39f168379328@group-DF4ABAE40FC1-SegmentedRaftLogWorker: Starting segment from index:0
2023-10-17 18:45:14,188 [f2d55db1-4d7a-4f26-8f17-39f168379328@group-DF4ABAE40FC1-SegmentedRaftLogWorker] INFO  segmented.SegmentedRaftLogWorker (SegmentedRaftLogWorker.java:execute(651)) - f2d55db1-4d7a-4f26-8f17-39f168379328@group-DF4ABAE40FC1-SegmentedRaftLogWorker: created new log segment /home/runner/work/ozone/ozone/hadoop-ozone/integration-test/target/test-dir/MiniOzoneClusterImpl-14327f45-78e1-4847-8051-3610e19f479d/datanode-1/data/ratis/c17d4717-ad27-4244-88a7-df4abae40fc1/current/log_inprogress_0
2023-10-17 18:45:14,250 [f2d55db1-4d7a-4f26-8f17-39f168379328@group-27CEC22D2FA1-FollowerState] INFO  impl.FollowerState (FollowerState.java:run(143)) - f2d55db1-4d7a-4f26-8f17-39f168379328@group-27CEC22D2FA1-FollowerState: change to CANDIDATE, lastRpcElapsedTime:5163015565ns, electionTimeout:5162ms
2023-10-17 18:45:14,250 [f2d55db1-4d7a-4f26-8f17-39f168379328@group-27CEC22D2FA1-FollowerState] INFO  impl.RoleInfo (RoleInfo.java:shutdownFollowerState(110)) - f2d55db1-4d7a-4f26-8f17-39f168379328: shutdown f2d55db1-4d7a-4f26-8f17-39f168379328@group-27CEC22D2FA1-FollowerState
2023-10-17 18:45:14,250 [f2d55db1-4d7a-4f26-8f17-39f168379328@group-27CEC22D2FA1-FollowerState] INFO  server.RaftServer$Division (RaftServerImpl.java:setRole(329)) - f2d55db1-4d7a-4f26-8f17-39f168379328@group-27CEC22D2FA1: changes role from  FOLLOWER to CANDIDATE at term 0 for changeToCandidate
2023-10-17 18:45:14,250 [f2d55db1-4d7a-4f26-8f17-39f168379328@group-27CEC22D2FA1-FollowerState] INFO  server.RaftServerConfigKeys (ConfUtils.java:logGet(46)) - raft.server.leaderelection.pre-vote = true (default)
2023-10-17 18:45:14,251 [f2d55db1-4d7a-4f26-8f17-39f168379328@group-27CEC22D2FA1-FollowerState] INFO  impl.RoleInfo (RoleInfo.java:updateAndGet(139)) - f2d55db1-4d7a-4f26-8f17-39f168379328: start f2d55db1-4d7a-4f26-8f17-39f168379328@group-27CEC22D2FA1-LeaderElection41
2023-10-17 18:45:14,259 [f2d55db1-4d7a-4f26-8f17-39f168379328@group-27CEC22D2FA1-LeaderElection41] INFO  impl.LeaderElection (LeaderElection.java:askForVotes(321)) - f2d55db1-4d7a-4f26-8f17-39f168379328@group-27CEC22D2FA1-LeaderElection41 PRE_VOTE round 0: submit vote requests at term 0 for -1: peers:[f2d55db1-4d7a-4f26-8f17-39f168379328|rpc:10.1.0.25:15197|admin:10.1.0.25:15196|client:10.1.0.25:15195|dataStream:10.1.0.25:15198|priority:1|startupRole:FOLLOWER]|listeners:[], old=null
2023-10-17 18:45:14,259 [f2d55db1-4d7a-4f26-8f17-39f168379328@group-27CEC22D2FA1-LeaderElection41] INFO  impl.LeaderElection (LeaderElection.java:askForVotes(323)) - f2d55db1-4d7a-4f26-8f17-39f168379328@group-27CEC22D2FA1-LeaderElection41 PRE_VOTE round 0: result PASSED (term=0)
2023-10-17 18:45:14,261 [f2d55db1-4d7a-4f26-8f17-39f168379328@group-27CEC22D2FA1-LeaderElection41] INFO  impl.LeaderElection (LeaderElection.java:askForVotes(321)) - f2d55db1-4d7a-4f26-8f17-39f168379328@group-27CEC22D2FA1-LeaderElection41 ELECTION round 0: submit vote requests at term 1 for -1: peers:[f2d55db1-4d7a-4f26-8f17-39f168379328|rpc:10.1.0.25:15197|admin:10.1.0.25:15196|client:10.1.0.25:15195|dataStream:10.1.0.25:15198|priority:1|startupRole:FOLLOWER]|listeners:[], old=null
2023-10-17 18:45:14,261 [f2d55db1-4d7a-4f26-8f17-39f168379328@group-27CEC22D2FA1-LeaderElection41] INFO  impl.LeaderElection (LeaderElection.java:askForVotes(323)) - f2d55db1-4d7a-4f26-8f17-39f168379328@group-27CEC22D2FA1-LeaderElection41 ELECTION round 0: result PASSED (term=1)
2023-10-17 18:45:14,261 [f2d55db1-4d7a-4f26-8f17-39f168379328@group-27CEC22D2FA1-LeaderElection41] INFO  impl.RoleInfo (RoleInfo.java:shutdownLeaderElection(130)) - f2d55db1-4d7a-4f26-8f17-39f168379328: shutdown f2d55db1-4d7a-4f26-8f17-39f168379328@group-27CEC22D2FA1-LeaderElection41
2023-10-17 18:45:14,261 [f2d55db1-4d7a-4f26-8f17-39f168379328@group-27CEC22D2FA1-LeaderElection41] INFO  server.RaftServer$Division (RaftServerImpl.java:setRole(329)) - f2d55db1-4d7a-4f26-8f17-39f168379328@group-27CEC22D2FA1: changes role from CANDIDATE to LEADER at term 1 for changeToLeader
2023-10-17 18:45:14,261 [f2d55db1-4d7a-4f26-8f17-39f168379328@group-27CEC22D2FA1-LeaderElection41] INFO  ratis.XceiverServerRatis (XceiverServerRatis.java:handleLeaderChangedNotification(902)) - Leader change notification received for group: group-27CEC22D2FA1 with new leaderId: f2d55db1-4d7a-4f26-8f17-39f168379328
2023-10-17 18:45:14,261 [f2d55db1-4d7a-4f26-8f17-39f168379328@group-27CEC22D2FA1-LeaderElection41] INFO  server.RaftServer$Division (ServerState.java:setLeader(317)) - f2d55db1-4d7a-4f26-8f17-39f168379328@group-27CEC22D2FA1: change Leader from null to f2d55db1-4d7a-4f26-8f17-39f168379328 at term 1 for becomeLeader, leader elected after 5192ms
2023-10-17 18:45:14,263 [f2d55db1-4d7a-4f26-8f17-39f168379328@group-27CEC22D2FA1-LeaderElection41] INFO  server.RaftServerConfigKeys (ConfUtils.java:logGet(46)) - raft.server.staging.catchup.gap = 1000 (default)
2023-10-17 18:45:14,263 [f2d55db1-4d7a-4f26-8f17-39f168379328@group-27CEC22D2FA1-LeaderElection41] INFO  server.RaftServerConfigKeys (ConfUtils.java:logGet(46)) - raft.server.write.element-limit = 1024 (custom)
2023-10-17 18:45:14,263 [f2d55db1-4d7a-4f26-8f17-39f168379328@group-27CEC22D2FA1-LeaderElection41] INFO  server.RaftServerConfigKeys (ConfUtils.java:logGet(46)) - raft.server.write.byte-limit = 1024 M (=1073741824) (custom)
2023-10-17 18:45:14,263 [f2d55db1-4d7a-4f26-8f17-39f168379328@group-27CEC22D2FA1-LeaderElection41] INFO  server.RaftServerConfigKeys (ConfUtils.java:logGet(46)) - raft.server.watch.timeout = 180s (custom)
2023-10-17 18:45:14,263 [f2d55db1-4d7a-4f26-8f17-39f168379328@group-27CEC22D2FA1-LeaderElection41] INFO  server.RaftServerConfigKeys (ConfUtils.java:logGet(46)) - raft.server.watch.timeout.denomination = 1s (default)
2023-10-17 18:45:14,263 [f2d55db1-4d7a-4f26-8f17-39f168379328@group-27CEC22D2FA1-LeaderElection41] INFO  server.RaftServerConfigKeys (ConfUtils.java:logGet(46)) - raft.server.watch.element-limit = 65536 (default)
2023-10-17 18:45:14,263 [f2d55db1-4d7a-4f26-8f17-39f168379328@group-27CEC22D2FA1-LeaderElection41] INFO  server.RaftServerConfigKeys (ConfUtils.java:logGet(46)) - raft.server.write.element-limit = 1024 (custom)
2023-10-17 18:45:14,264 [f2d55db1-4d7a-4f26-8f17-39f168379328@group-27CEC22D2FA1-LeaderElection41] INFO  server.RaftServerConfigKeys (ConfUtils.java:logGet(46)) - raft.server.write.follower.gap.ratio.max = -1.0 (default)
2023-10-17 18:45:14,264 [f2d55db1-4d7a-4f26-8f17-39f168379328@group-27CEC22D2FA1-LeaderElection41] INFO  impl.RoleInfo (RoleInfo.java:updateAndGet(139)) - f2d55db1-4d7a-4f26-8f17-39f168379328: start f2d55db1-4d7a-4f26-8f17-39f168379328@group-27CEC22D2FA1-LeaderStateImpl
2023-10-17 18:45:14,264 [f2d55db1-4d7a-4f26-8f17-39f168379328@group-27CEC22D2FA1-LeaderElection41] INFO  segmented.SegmentedRaftLogWorker (SegmentedRaftLogWorker.java:startLogSegment(447)) - f2d55db1-4d7a-4f26-8f17-39f168379328@group-27CEC22D2FA1-SegmentedRaftLogWorker: Starting segment from index:0
2023-10-17 18:45:14,275 [f2d55db1-4d7a-4f26-8f17-39f168379328@group-27CEC22D2FA1-SegmentedRaftLogWorker] INFO  segmented.SegmentedRaftLogWorker (SegmentedRaftLogWorker.java:execute(651)) - f2d55db1-4d7a-4f26-8f17-39f168379328@group-27CEC22D2FA1-SegmentedRaftLogWorker: created new log segment /home/runner/work/ozone/ozone/hadoop-ozone/integration-test/target/test-dir/MiniOzoneClusterImpl-14327f45-78e1-4847-8051-3610e19f479d/datanode-1/data/ratis/26eac058-0763-4bc6-8f04-27cec22d2fa1/current/log_inprogress_0
2023-10-17 18:45:14,275 [f2d55db1-4d7a-4f26-8f17-39f168379328@group-27CEC22D2FA1-LeaderElection41] INFO  server.RaftServer$Division (ServerState.java:setRaftConf(434)) - f2d55db1-4d7a-4f26-8f17-39f168379328@group-27CEC22D2FA1: set configuration 0: peers:[f2d55db1-4d7a-4f26-8f17-39f168379328|rpc:10.1.0.25:15197|admin:10.1.0.25:15196|client:10.1.0.25:15195|dataStream:10.1.0.25:15198|priority:1|startupRole:FOLLOWER]|listeners:[], old=null
2023-10-17 18:45:14,348 [Time-limited test] INFO  ozone.MiniOzoneClusterImpl (MiniOzoneClusterImpl.java:lambda$waitForClusterToBeReady$0(229)) - Nodes are ready. Got 3 of 3 DN Heartbeats.
2023-10-17 18:45:14,349 [Time-limited test] INFO  ozone.MiniOzoneClusterImpl (MiniOzoneClusterImpl.java:lambda$waitForClusterToBeReady$0(232)) - Cluster exits safe mode
2023-10-17 18:45:14,349 [Time-limited test] INFO  ozone.MiniOzoneClusterImpl (MiniOzoneClusterImpl.java:lambda$waitForClusterToBeReady$0(234)) - SCM became leader
18:45:14.350 [Time-limited test] ERROR SCMAudit - user=adminUser2 | ip=null | op=DELETE_CONTAINER {remoteUser=adminUser2, containerID=111251837049176105} | ret=FAILURE
org.apache.hadoop.hdds.scm.container.ContainerNotFoundException: Container with id #111251837049176105 not found.
	at org.apache.hadoop.hdds.scm.container.ContainerManagerImpl.throwContainerNotFoundException(ContainerManagerImpl.java:429) ~[hdds-server-scm-1.4.0-SNAPSHOT.jar:?]
	at org.apache.hadoop.hdds.scm.container.ContainerManagerImpl.deleteContainer(ContainerManagerImpl.java:418) ~[hdds-server-scm-1.4.0-SNAPSHOT.jar:?]
	at org.apache.hadoop.hdds.scm.server.SCMClientProtocolServer.deleteContainer(SCMClientProtocolServer.java:578) [hdds-server-scm-1.4.0-SNAPSHOT.jar:?]
	at sun.reflect.NativeMethodAccessorImpl.invoke0(Native Method) ~[?:1.8.0_382]
	at sun.reflect.NativeMethodAccessorImpl.invoke(NativeMethodAccessorImpl.java:62) ~[?:1.8.0_382]
	at sun.reflect.DelegatingMethodAccessorImpl.invoke(DelegatingMethodAccessorImpl.java:43) ~[?:1.8.0_382]
	at java.lang.reflect.Method.invoke(Method.java:498) ~[?:1.8.0_382]
	at org.mockito.internal.util.reflection.ReflectionMemberAccessor.invoke(ReflectionMemberAccessor.java:45) [mockito-core-3.5.9.jar:?]
	at org.mockito.internal.creation.bytebuddy.MockMethodAdvice.tryInvoke(MockMethodAdvice.java:329) [mockito-core-3.5.9.jar:?]
	at org.mockito.internal.creation.bytebuddy.MockMethodAdvice.access$500(MockMethodAdvice.java:56) [mockito-core-3.5.9.jar:?]
	at org.mockito.internal.creation.bytebuddy.MockMethodAdvice$RealMethodCall.invoke(MockMethodAdvice.java:249) [mockito-core-3.5.9.jar:?]
	at org.mockito.internal.invocation.InterceptedInvocation.callRealMethod(InterceptedInvocation.java:141) [mockito-core-3.5.9.jar:?]
	at org.mockito.internal.stubbing.answers.CallsRealMethods.answer(CallsRealMethods.java:44) [mockito-core-3.5.9.jar:?]
	at org.mockito.Answers.answer(Answers.java:98) [mockito-core-3.5.9.jar:?]
	at org.mockito.internal.handler.MockHandlerImpl.handle(MockHandlerImpl.java:106) [mockito-core-3.5.9.jar:?]
	at org.mockito.internal.handler.NullResultGuardian.handle(NullResultGuardian.java:29) [mockito-core-3.5.9.jar:?]
	at org.mockito.internal.handler.InvocationNotifierHandler.handle(InvocationNotifierHandler.java:33) [mockito-core-3.5.9.jar:?]
	at org.mockito.internal.creation.bytebuddy.MockMethodInterceptor.doIntercept(MockMethodInterceptor.java:57) [mockito-core-3.5.9.jar:?]
	at org.mockito.internal.creation.bytebuddy.MockMethodAdvice.handle(MockMethodAdvice.java:147) [mockito-core-3.5.9.jar:?]
	at org.apache.hadoop.hdds.scm.server.SCMClientProtocolServer.deleteContainer(SCMClientProtocolServer.java:572) [hdds-server-scm-1.4.0-SNAPSHOT.jar:?]
	at org.apache.hadoop.ozone.scm.TestStorageContainerManager.testRpcPermissionWithConf(TestStorageContainerManager.java:218) [test-classes/:?]
	at org.apache.hadoop.ozone.scm.TestStorageContainerManager.testRpcPermission(TestStorageContainerManager.java:202) [test-classes/:?]
	at sun.reflect.NativeMethodAccessorImpl.invoke0(Native Method) ~[?:1.8.0_382]
	at sun.reflect.NativeMethodAccessorImpl.invoke(NativeMethodAccessorImpl.java:62) ~[?:1.8.0_382]
	at sun.reflect.DelegatingMethodAccessorImpl.invoke(DelegatingMethodAccessorImpl.java:43) ~[?:1.8.0_382]
	at java.lang.reflect.Method.invoke(Method.java:498) ~[?:1.8.0_382]
	at org.junit.runners.model.FrameworkMethod$1.runReflectiveCall(FrameworkMethod.java:59) [junit-4.13.1.jar:4.13.1]
	at org.junit.internal.runners.model.ReflectiveCallable.run(ReflectiveCallable.java:12) [junit-4.13.1.jar:4.13.1]
	at org.junit.runners.model.FrameworkMethod.invokeExplosively(FrameworkMethod.java:56) [junit-4.13.1.jar:4.13.1]
	at org.junit.internal.runners.statements.InvokeMethod.evaluate(InvokeMethod.java:17) [junit-4.13.1.jar:4.13.1]
	at org.junit.internal.runners.statements.RunAfters.evaluate(RunAfters.java:27) [junit-4.13.1.jar:4.13.1]
	at org.junit.rules.ExpectedException$ExpectedExceptionStatement.evaluate(ExpectedException.java:258) [junit-4.13.1.jar:4.13.1]
	at org.junit.internal.runners.statements.FailOnTimeout$CallableStatement.call(FailOnTimeout.java:288) [junit-4.13.1.jar:4.13.1]
	at org.junit.internal.runners.statements.FailOnTimeout$CallableStatement.call(FailOnTimeout.java:282) [junit-4.13.1.jar:4.13.1]
	at java.util.concurrent.FutureTask.run(FutureTask.java:266) [?:1.8.0_382]
	at java.lang.Thread.run(Thread.java:750) [?:1.8.0_382]
2023-10-17 18:45:14,360 [Time-limited test] INFO  ha.SequenceIdGenerator (SequenceIdGenerator.java:getNextId(140)) - Allocate a batch for containerId, change lastId from 0 to 1000.
18:45:14.362 [Time-limited test] ERROR SCMAudit - user=adminUser2 | ip=null | op=GET_CONTAINER {containerID=111251837050028074} | ret=FAILURE
org.apache.hadoop.hdds.scm.container.ContainerNotFoundException: ID #111251837050028074
	at org.apache.hadoop.hdds.scm.container.ContainerManagerImpl.lambda$getContainer$0(ContainerManagerImpl.java:140) ~[hdds-server-scm-1.4.0-SNAPSHOT.jar:?]
	at java.util.Optional.orElseThrow(Optional.java:290) ~[?:1.8.0_382]
	at org.apache.hadoop.hdds.scm.container.ContainerManagerImpl.getContainer(ContainerManagerImpl.java:140) ~[hdds-server-scm-1.4.0-SNAPSHOT.jar:?]
	at org.apache.hadoop.hdds.scm.server.SCMClientProtocolServer.getContainer(SCMClientProtocolServer.java:249) [hdds-server-scm-1.4.0-SNAPSHOT.jar:?]
	at sun.reflect.NativeMethodAccessorImpl.invoke0(Native Method) ~[?:1.8.0_382]
	at sun.reflect.NativeMethodAccessorImpl.invoke(NativeMethodAccessorImpl.java:62) ~[?:1.8.0_382]
	at sun.reflect.DelegatingMethodAccessorImpl.invoke(DelegatingMethodAccessorImpl.java:43) ~[?:1.8.0_382]
	at java.lang.reflect.Method.invoke(Method.java:498) ~[?:1.8.0_382]
	at org.mockito.internal.util.reflection.ReflectionMemberAccessor.invoke(ReflectionMemberAccessor.java:45) [mockito-core-3.5.9.jar:?]
	at org.mockito.internal.creation.bytebuddy.MockMethodAdvice.tryInvoke(MockMethodAdvice.java:329) [mockito-core-3.5.9.jar:?]
	at org.mockito.internal.creation.bytebuddy.MockMethodAdvice.access$500(MockMethodAdvice.java:56) [mockito-core-3.5.9.jar:?]
	at org.mockito.internal.creation.bytebuddy.MockMethodAdvice$RealMethodCall.invoke(MockMethodAdvice.java:249) [mockito-core-3.5.9.jar:?]
	at org.mockito.internal.invocation.InterceptedInvocation.callRealMethod(InterceptedInvocation.java:141) [mockito-core-3.5.9.jar:?]
	at org.mockito.internal.stubbing.answers.CallsRealMethods.answer(CallsRealMethods.java:44) [mockito-core-3.5.9.jar:?]
	at org.mockito.Answers.answer(Answers.java:98) [mockito-core-3.5.9.jar:?]
	at org.mockito.internal.handler.MockHandlerImpl.handle(MockHandlerImpl.java:106) [mockito-core-3.5.9.jar:?]
	at org.mockito.internal.handler.NullResultGuardian.handle(NullResultGuardian.java:29) [mockito-core-3.5.9.jar:?]
	at org.mockito.internal.handler.InvocationNotifierHandler.handle(InvocationNotifierHandler.java:33) [mockito-core-3.5.9.jar:?]
	at org.mockito.internal.creation.bytebuddy.MockMethodInterceptor.doIntercept(MockMethodInterceptor.java:57) [mockito-core-3.5.9.jar:?]
	at org.mockito.internal.creation.bytebuddy.MockMethodAdvice.handle(MockMethodAdvice.java:147) [mockito-core-3.5.9.jar:?]
	at org.apache.hadoop.hdds.scm.server.SCMClientProtocolServer.getContainer(SCMClientProtocolServer.java:243) [hdds-server-scm-1.4.0-SNAPSHOT.jar:?]
	at org.apache.hadoop.ozone.scm.TestStorageContainerManager.testRpcPermissionWithConf(TestStorageContainerManager.java:258) [test-classes/:?]
	at org.apache.hadoop.ozone.scm.TestStorageContainerManager.testRpcPermission(TestStorageContainerManager.java:202) [test-classes/:?]
	at sun.reflect.NativeMethodAccessorImpl.invoke0(Native Method) ~[?:1.8.0_382]
	at sun.reflect.NativeMethodAccessorImpl.invoke(NativeMethodAccessorImpl.java:62) ~[?:1.8.0_382]
	at sun.reflect.DelegatingMethodAccessorImpl.invoke(DelegatingMethodAccessorImpl.java:43) ~[?:1.8.0_382]
	at java.lang.reflect.Method.invoke(Method.java:498) ~[?:1.8.0_382]
	at org.junit.runners.model.FrameworkMethod$1.runReflectiveCall(FrameworkMethod.java:59) [junit-4.13.1.jar:4.13.1]
	at org.junit.internal.runners.model.ReflectiveCallable.run(ReflectiveCallable.java:12) [junit-4.13.1.jar:4.13.1]
	at org.junit.runners.model.FrameworkMethod.invokeExplosively(FrameworkMethod.java:56) [junit-4.13.1.jar:4.13.1]
	at org.junit.internal.runners.statements.InvokeMethod.evaluate(InvokeMethod.java:17) [junit-4.13.1.jar:4.13.1]
	at org.junit.internal.runners.statements.RunAfters.evaluate(RunAfters.java:27) [junit-4.13.1.jar:4.13.1]
	at org.junit.rules.ExpectedException$ExpectedExceptionStatement.evaluate(ExpectedException.java:258) [junit-4.13.1.jar:4.13.1]
	at org.junit.internal.runners.statements.FailOnTimeout$CallableStatement.call(FailOnTimeout.java:288) [junit-4.13.1.jar:4.13.1]
	at org.junit.internal.runners.statements.FailOnTimeout$CallableStatement.call(FailOnTimeout.java:282) [junit-4.13.1.jar:4.13.1]
	at java.util.concurrent.FutureTask.run(FutureTask.java:266) [?:1.8.0_382]
	at java.lang.Thread.run(Thread.java:750) [?:1.8.0_382]
2023-10-17 18:45:14,363 [Time-limited test] INFO  ozone.MiniOzoneClusterImpl (MiniOzoneClusterImpl.java:shutdown(448)) - Shutting down the Mini Ozone Cluster
2023-10-17 18:45:14,363 [Time-limited test] INFO  ozone.MiniOzoneClusterImpl (MiniOzoneClusterImpl.java:stop(465)) - Stopping the Mini Ozone Cluster
2023-10-17 18:45:14,363 [Time-limited test] INFO  ozone.MiniOzoneClusterImpl (MiniOzoneClusterImpl.java:stopOM(556)) - Stopping the OzoneManager
2023-10-17 18:45:14,363 [Time-limited test] INFO  om.OzoneManager (OzoneManager.java:stop(2206)) - om1[localhost:15178]: Stopping Ozone Manager
2023-10-17 18:45:14,365 [Time-limited test] INFO  ipc.Server (Server.java:stop(3523)) - Stopping server on 15178
2023-10-17 18:45:14,367 [IPC Server listener on 15178] INFO  ipc.Server (Server.java:run(1434)) - Stopping IPC Server listener on 15178
2023-10-17 18:45:14,374 [IPC Server Responder] INFO  ipc.Server (Server.java:run(1567)) - Stopping IPC Server Responder
2023-10-17 18:45:14,375 [Time-limited test] INFO  server.RaftServer (RaftServerProxy.java:lambda$close$6(416)) - om1: close
2023-10-17 18:45:14,375 [Time-limited test] INFO  server.GrpcService (GrpcService.java:closeImpl(311)) - om1: shutdown server GrpcServerProtocolService now
2023-10-17 18:45:14,375 [om1-impl-thread1] INFO  server.RaftServer$Division (RaftServerImpl.java:lambda$close$4(466)) - om1@group-C5BA1605619E: shutdown
2023-10-17 18:45:14,375 [om1-impl-thread1] INFO  util.JmxRegister (JmxRegister.java:unregister(73)) - Successfully un-registered JMX Bean with object name Ratis:service=RaftServer,group=group-C5BA1605619E,id=om1
2023-10-17 18:45:14,375 [om1-impl-thread1] INFO  impl.RoleInfo (RoleInfo.java:shutdownLeaderState(93)) - om1: shutdown om1@group-C5BA1605619E-LeaderStateImpl
2023-10-17 18:45:14,376 [om1-impl-thread1] INFO  impl.PendingRequests (PendingRequests.java:sendNotLeaderResponses(289)) - om1@group-C5BA1605619E-PendingRequests: sendNotLeaderResponses
2023-10-17 18:45:14,376 [om1-impl-thread1] INFO  impl.StateMachineUpdater (StateMachineUpdater.java:stopAndJoin(155)) - om1@group-C5BA1605619E-StateMachineUpdater: set stopIndex = 0
2023-10-17 18:45:14,376 [om1@group-C5BA1605619E-StateMachineUpdater] INFO  ratis.OzoneManagerStateMachine (OzoneManagerStateMachine.java:takeSnapshot(483)) - Current Snapshot Index (t:1, i:0)
2023-10-17 18:45:14,377 [Time-limited test] INFO  server.GrpcService (GrpcService.java:closeImpl(320)) - om1: shutdown server GrpcServerProtocolService successfully
2023-10-17 18:45:14,386 [om1@group-C5BA1605619E-StateMachineUpdater] INFO  impl.StateMachineUpdater (StateMachineUpdater.java:takeSnapshot(291)) - om1@group-C5BA1605619E-StateMachineUpdater: Took a snapshot at index 0
2023-10-17 18:45:14,386 [om1@group-C5BA1605619E-StateMachineUpdater] INFO  impl.StateMachineUpdater (StateMachineUpdater.java:lambda$new$0(97)) - om1@group-C5BA1605619E-StateMachineUpdater: snapshotIndex: updateIncreasingly -1 -> 0
2023-10-17 18:45:14,386 [om1@group-C5BA1605619E-StateMachineUpdater] INFO  ratis.OzoneManagerStateMachine (OzoneManagerStateMachine.java:close(537)) - StateMachine has shutdown. Shutdown OzoneManager if not already shutdown.
2023-10-17 18:45:14,386 [om1@group-C5BA1605619E-StateMachineUpdater] INFO  ratis.OzoneManagerDoubleBuffer (OzoneManagerDoubleBuffer.java:stopDaemon(551)) - Stopping OMDoubleBuffer flush thread
2023-10-17 18:45:14,386 [OMDoubleBufferFlushThread] INFO  ratis.OzoneManagerDoubleBuffer (OzoneManagerDoubleBuffer.java:canFlush(638)) - OMDoubleBuffer flush thread OMDoubleBufferFlushThread is interrupted and will exit.
2023-10-17 18:45:14,387 [om1-impl-thread1] INFO  server.RaftServer$Division (ServerState.java:close(472)) - om1@group-C5BA1605619E: closes. applyIndex: 0
2023-10-17 18:45:14,559 [f3b37029-1869-41d6-8bc8-d85a9541d8ef@group-A97C69DAEA39-FollowerState] INFO  impl.FollowerState (FollowerState.java:run(143)) - f3b37029-1869-41d6-8bc8-d85a9541d8ef@group-A97C69DAEA39-FollowerState: change to CANDIDATE, lastRpcElapsedTime:5198341747ns, electionTimeout:5197ms
2023-10-17 18:45:14,559 [f3b37029-1869-41d6-8bc8-d85a9541d8ef@group-A97C69DAEA39-FollowerState] INFO  impl.RoleInfo (RoleInfo.java:shutdownFollowerState(110)) - f3b37029-1869-41d6-8bc8-d85a9541d8ef: shutdown f3b37029-1869-41d6-8bc8-d85a9541d8ef@group-A97C69DAEA39-FollowerState
2023-10-17 18:45:14,559 [f3b37029-1869-41d6-8bc8-d85a9541d8ef@group-A97C69DAEA39-FollowerState] INFO  server.RaftServer$Division (RaftServerImpl.java:setRole(329)) - f3b37029-1869-41d6-8bc8-d85a9541d8ef@group-A97C69DAEA39: changes role from  FOLLOWER to CANDIDATE at term 0 for changeToCandidate
2023-10-17 18:45:14,559 [f3b37029-1869-41d6-8bc8-d85a9541d8ef@group-A97C69DAEA39-FollowerState] INFO  server.RaftServerConfigKeys (ConfUtils.java:logGet(46)) - raft.server.leaderelection.pre-vote = true (default)
2023-10-17 18:45:14,559 [f3b37029-1869-41d6-8bc8-d85a9541d8ef@group-A97C69DAEA39-FollowerState] INFO  impl.RoleInfo (RoleInfo.java:updateAndGet(139)) - f3b37029-1869-41d6-8bc8-d85a9541d8ef: start f3b37029-1869-41d6-8bc8-d85a9541d8ef@group-A97C69DAEA39-LeaderElection42
2023-10-17 18:45:14,560 [om1-impl-thread1] INFO  segmented.SegmentedRaftLogWorker (SegmentedRaftLogWorker.java:close(252)) - om1@group-C5BA1605619E-SegmentedRaftLogWorker close()
2023-10-17 18:45:14,561 [JvmPauseMonitor28] INFO  util.JvmPauseMonitor (JvmPauseMonitor.java:run(109)) - JvmPauseMonitor-om1: Stopped
2023-10-17 18:45:14,561 [Time-limited test] INFO  ratis.OzoneManagerStateMachine (OzoneManagerStateMachine.java:close(537)) - StateMachine has shutdown. Shutdown OzoneManager if not already shutdown.
2023-10-17 18:45:14,562 [f3b37029-1869-41d6-8bc8-d85a9541d8ef@group-A97C69DAEA39-LeaderElection42] INFO  impl.LeaderElection (LeaderElection.java:askForVotes(321)) - f3b37029-1869-41d6-8bc8-d85a9541d8ef@group-A97C69DAEA39-LeaderElection42 PRE_VOTE round 0: submit vote requests at term 0 for -1: peers:[f3b37029-1869-41d6-8bc8-d85a9541d8ef|rpc:10.1.0.25:15206|admin:10.1.0.25:15205|client:10.1.0.25:15204|dataStream:10.1.0.25:15207|priority:1|startupRole:FOLLOWER]|listeners:[], old=null
2023-10-17 18:45:14,562 [Time-limited test] INFO  ratis.OzoneManagerDoubleBuffer (OzoneManagerDoubleBuffer.java:stopDaemon(560)) - OMDoubleBuffer flush thread is not running.
2023-10-17 18:45:14,562 [f3b37029-1869-41d6-8bc8-d85a9541d8ef@group-A97C69DAEA39-LeaderElection42] INFO  impl.LeaderElection (LeaderElection.java:askForVotes(323)) - f3b37029-1869-41d6-8bc8-d85a9541d8ef@group-A97C69DAEA39-LeaderElection42 PRE_VOTE round 0: result PASSED (term=0)
2023-10-17 18:45:14,562 [Time-limited test] INFO  utils.BackgroundService (BackgroundService.java:shutdown(160)) - Shutting down service KeyDeletingService
2023-10-17 18:45:14,562 [Time-limited test] INFO  utils.BackgroundService (BackgroundService.java:shutdown(160)) - Shutting down service KeyDeletingService
2023-10-17 18:45:14,562 [Time-limited test] INFO  utils.BackgroundService (BackgroundService.java:shutdown(160)) - Shutting down service OpenKeyCleanupService
2023-10-17 18:45:14,562 [Time-limited test] INFO  utils.BackgroundService (BackgroundService.java:shutdown(160)) - Shutting down service SstFilteringService
2023-10-17 18:45:14,562 [Time-limited test] INFO  utils.BackgroundService (BackgroundService.java:shutdown(160)) - Shutting down service SnapshotDeletingService
2023-10-17 18:45:14,563 [Time-limited test] INFO  utils.BackgroundService (BackgroundService.java:shutdown(160)) - Shutting down service MultipartUploadCleanupService
2023-10-17 18:45:14,563 [Time-limited test] INFO  handler.ContextHandler (ContextHandler.java:doStop(1159)) - Stopped o.e.j.w.WebAppContext@4686e45c{ozoneManager,/,null,STOPPED}{file:/home/runner/work/ozone/ozone/hadoop-ozone/integration-test/target/test-classes/webapps/ozoneManager}
2023-10-17 18:45:14,564 [Time-limited test] INFO  server.AbstractConnector (AbstractConnector.java:doStop(383)) - Stopped ServerConnector@559e79f0{HTTP/1.1, (http/1.1)}{0.0.0.0:15179}
2023-10-17 18:45:14,564 [Time-limited test] INFO  server.session (HouseKeeper.java:stopScavenging(149)) - node0 Stopped scavenging
2023-10-17 18:45:14,564 [Time-limited test] INFO  handler.ContextHandler (ContextHandler.java:doStop(1159)) - Stopped o.e.j.s.ServletContextHandler@413181d7{static,/static,file:///home/runner/work/ozone/ozone/hadoop-ozone/integration-test/target/test-classes/webapps/static,STOPPED}
2023-10-17 18:45:14,564 [Time-limited test] INFO  handler.ContextHandler (ContextHandler.java:doStop(1159)) - Stopped o.e.j.s.ServletContextHandler@d03fc64{logs,/logs,file:///home/runner/work/ozone/ozone/hadoop-ozone/integration-test/target/log,STOPPED}
2023-10-17 18:45:14,565 [Time-limited test] INFO  rocksdiff.RocksDBCheckpointDiffer (RocksDBCheckpointDiffer.java:close(312)) - Shutting down CompactionDagPruningService.
2023-10-17 18:45:14,565 [f3b37029-1869-41d6-8bc8-d85a9541d8ef@group-A97C69DAEA39-LeaderElection42] INFO  impl.LeaderElection (LeaderElection.java:askForVotes(321)) - f3b37029-1869-41d6-8bc8-d85a9541d8ef@group-A97C69DAEA39-LeaderElection42 ELECTION round 0: submit vote requests at term 1 for -1: peers:[f3b37029-1869-41d6-8bc8-d85a9541d8ef|rpc:10.1.0.25:15206|admin:10.1.0.25:15205|client:10.1.0.25:15204|dataStream:10.1.0.25:15207|priority:1|startupRole:FOLLOWER]|listeners:[], old=null
2023-10-17 18:45:14,565 [f3b37029-1869-41d6-8bc8-d85a9541d8ef@group-A97C69DAEA39-LeaderElection42] INFO  impl.LeaderElection (LeaderElection.java:askForVotes(323)) - f3b37029-1869-41d6-8bc8-d85a9541d8ef@group-A97C69DAEA39-LeaderElection42 ELECTION round 0: result PASSED (term=1)
2023-10-17 18:45:14,565 [f3b37029-1869-41d6-8bc8-d85a9541d8ef@group-A97C69DAEA39-LeaderElection42] INFO  impl.RoleInfo (RoleInfo.java:shutdownLeaderElection(130)) - f3b37029-1869-41d6-8bc8-d85a9541d8ef: shutdown f3b37029-1869-41d6-8bc8-d85a9541d8ef@group-A97C69DAEA39-LeaderElection42
2023-10-17 18:45:14,565 [f3b37029-1869-41d6-8bc8-d85a9541d8ef@group-A97C69DAEA39-LeaderElection42] INFO  server.RaftServer$Division (RaftServerImpl.java:setRole(329)) - f3b37029-1869-41d6-8bc8-d85a9541d8ef@group-A97C69DAEA39: changes role from CANDIDATE to LEADER at term 1 for changeToLeader
2023-10-17 18:45:14,565 [f3b37029-1869-41d6-8bc8-d85a9541d8ef@group-A97C69DAEA39-LeaderElection42] INFO  ratis.XceiverServerRatis (XceiverServerRatis.java:handleLeaderChangedNotification(902)) - Leader change notification received for group: group-A97C69DAEA39 with new leaderId: f3b37029-1869-41d6-8bc8-d85a9541d8ef
2023-10-17 18:45:14,567 [Time-limited test] INFO  snapshot.SnapshotDiffManager (SnapshotDiffManager.java:closeExecutorService(1720)) - Shutting down executorService: 'SnapDiffExecutor'
2023-10-17 18:45:14,567 [Time-limited test] INFO  snapshot.SnapshotDiffManager (SnapshotDiffManager.java:closeExecutorService(1720)) - Shutting down executorService: 'SstDumpToolExecutor'
2023-10-17 18:45:14,567 [Time-limited test] INFO  utils.BackgroundService (BackgroundService.java:shutdown(160)) - Shutting down service SnapshotDiffCleanupService
2023-10-17 18:45:14,568 [f3b37029-1869-41d6-8bc8-d85a9541d8ef@group-A97C69DAEA39-LeaderElection42] INFO  server.RaftServer$Division (ServerState.java:setLeader(317)) - f3b37029-1869-41d6-8bc8-d85a9541d8ef@group-A97C69DAEA39: change Leader from null to f3b37029-1869-41d6-8bc8-d85a9541d8ef at term 1 for becomeLeader, leader elected after 5218ms
2023-10-17 18:45:14,570 [f3b37029-1869-41d6-8bc8-d85a9541d8ef@group-A97C69DAEA39-LeaderElection42] INFO  server.RaftServerConfigKeys (ConfUtils.java:logGet(46)) - raft.server.staging.catchup.gap = 1000 (default)
2023-10-17 18:45:14,571 [f3b37029-1869-41d6-8bc8-d85a9541d8ef@group-A97C69DAEA39-LeaderElection42] INFO  server.RaftServerConfigKeys (ConfUtils.java:logGet(46)) - raft.server.write.element-limit = 1024 (custom)
2023-10-17 18:45:14,570 [Time-limited test] INFO  ozone.MiniOzoneClusterImpl (MiniOzoneClusterImpl.java:stopDatanodes(533)) - Stopping the HddsDatanodes
2023-10-17 18:45:14,571 [f3b37029-1869-41d6-8bc8-d85a9541d8ef@group-A97C69DAEA39-LeaderElection42] INFO  server.RaftServerConfigKeys (ConfUtils.java:logGet(46)) - raft.server.write.byte-limit = 1024 M (=1073741824) (custom)
2023-10-17 18:45:14,571 [f3b37029-1869-41d6-8bc8-d85a9541d8ef@group-A97C69DAEA39-LeaderElection42] INFO  server.RaftServerConfigKeys (ConfUtils.java:logGet(46)) - raft.server.watch.timeout = 180s (custom)
2023-10-17 18:45:14,572 [f3b37029-1869-41d6-8bc8-d85a9541d8ef@group-A97C69DAEA39-LeaderElection42] INFO  server.RaftServerConfigKeys (ConfUtils.java:logGet(46)) - raft.server.watch.timeout.denomination = 1s (default)
2023-10-17 18:45:14,572 [f3b37029-1869-41d6-8bc8-d85a9541d8ef@group-A97C69DAEA39-LeaderElection42] INFO  server.RaftServerConfigKeys (ConfUtils.java:logGet(46)) - raft.server.watch.element-limit = 65536 (default)
2023-10-17 18:45:14,572 [ForkJoinPool.commonPool-worker-2] INFO  ozoneimpl.OzoneContainer (OzoneContainer.java:stop(453)) - Attempting to stop container services.
2023-10-17 18:45:14,572 [f3b37029-1869-41d6-8bc8-d85a9541d8ef@group-A97C69DAEA39-LeaderElection42] INFO  server.RaftServerConfigKeys (ConfUtils.java:logGet(46)) - raft.server.write.element-limit = 1024 (custom)
2023-10-17 18:45:14,572 [f3b37029-1869-41d6-8bc8-d85a9541d8ef@group-A97C69DAEA39-LeaderElection42] INFO  server.RaftServerConfigKeys (ConfUtils.java:logGet(46)) - raft.server.write.follower.gap.ratio.max = -1.0 (default)
2023-10-17 18:45:14,572 [f3b37029-1869-41d6-8bc8-d85a9541d8ef@group-A97C69DAEA39-LeaderElection42] INFO  impl.RoleInfo (RoleInfo.java:updateAndGet(139)) - f3b37029-1869-41d6-8bc8-d85a9541d8ef: start f3b37029-1869-41d6-8bc8-d85a9541d8ef@group-A97C69DAEA39-LeaderStateImpl
2023-10-17 18:45:14,572 [f3b37029-1869-41d6-8bc8-d85a9541d8ef@group-A97C69DAEA39-LeaderElection42] INFO  segmented.SegmentedRaftLogWorker (SegmentedRaftLogWorker.java:startLogSegment(447)) - f3b37029-1869-41d6-8bc8-d85a9541d8ef@group-A97C69DAEA39-SegmentedRaftLogWorker: Starting segment from index:0
2023-10-17 18:45:14,575 [f3b37029-1869-41d6-8bc8-d85a9541d8ef@group-A97C69DAEA39-LeaderElection42] INFO  server.RaftServer$Division (ServerState.java:setRaftConf(434)) - f3b37029-1869-41d6-8bc8-d85a9541d8ef@group-A97C69DAEA39: set configuration 0: peers:[f3b37029-1869-41d6-8bc8-d85a9541d8ef|rpc:10.1.0.25:15206|admin:10.1.0.25:15205|client:10.1.0.25:15204|dataStream:10.1.0.25:15207|priority:1|startupRole:FOLLOWER]|listeners:[], old=null
2023-10-17 18:45:14,576 [ForkJoinPool.commonPool-worker-2] INFO  server.RaftServer (RaftServerProxy.java:lambda$close$6(416)) - 57da0847-4950-4ea9-a1de-cd2dacb809d4: close
2023-10-17 18:45:14,576 [57da0847-4950-4ea9-a1de-cd2dacb809d4-impl-thread1] INFO  server.RaftServer$Division (RaftServerImpl.java:lambda$close$4(466)) - 57da0847-4950-4ea9-a1de-cd2dacb809d4@group-DF4ABAE40FC1: shutdown
2023-10-17 18:45:14,576 [57da0847-4950-4ea9-a1de-cd2dacb809d4-impl-thread1] INFO  util.JmxRegister (JmxRegister.java:unregister(73)) - Successfully un-registered JMX Bean with object name Ratis:service=RaftServer,group=group-DF4ABAE40FC1,id=57da0847-4950-4ea9-a1de-cd2dacb809d4
2023-10-17 18:45:14,576 [57da0847-4950-4ea9-a1de-cd2dacb809d4-impl-thread1] INFO  impl.RoleInfo (RoleInfo.java:shutdownFollowerState(110)) - 57da0847-4950-4ea9-a1de-cd2dacb809d4: shutdown 57da0847-4950-4ea9-a1de-cd2dacb809d4@group-DF4ABAE40FC1-FollowerState
2023-10-17 18:45:14,577 [57da0847-4950-4ea9-a1de-cd2dacb809d4-impl-thread2] INFO  server.RaftServer$Division (RaftServerImpl.java:lambda$close$4(466)) - 57da0847-4950-4ea9-a1de-cd2dacb809d4@group-D28988D642C9: shutdown
2023-10-17 18:45:14,577 [57da0847-4950-4ea9-a1de-cd2dacb809d4-impl-thread2] INFO  util.JmxRegister (JmxRegister.java:unregister(73)) - Successfully un-registered JMX Bean with object name Ratis:service=RaftServer,group=group-D28988D642C9,id=57da0847-4950-4ea9-a1de-cd2dacb809d4
2023-10-17 18:45:14,577 [57da0847-4950-4ea9-a1de-cd2dacb809d4-impl-thread2] INFO  impl.RoleInfo (RoleInfo.java:shutdownLeaderState(93)) - 57da0847-4950-4ea9-a1de-cd2dacb809d4: shutdown 57da0847-4950-4ea9-a1de-cd2dacb809d4@group-D28988D642C9-LeaderStateImpl
2023-10-17 18:45:14,577 [57da0847-4950-4ea9-a1de-cd2dacb809d4-impl-thread2] INFO  impl.PendingRequests (PendingRequests.java:sendNotLeaderResponses(289)) - 57da0847-4950-4ea9-a1de-cd2dacb809d4@group-D28988D642C9-PendingRequests: sendNotLeaderResponses
2023-10-17 18:45:14,577 [57da0847-4950-4ea9-a1de-cd2dacb809d4-impl-thread2] INFO  impl.StateMachineUpdater (StateMachineUpdater.java:stopAndJoin(155)) - 57da0847-4950-4ea9-a1de-cd2dacb809d4@group-D28988D642C9-StateMachineUpdater: set stopIndex = 0
2023-10-17 18:45:14,577 [57da0847-4950-4ea9-a1de-cd2dacb809d4@group-D28988D642C9-StateMachineUpdater] INFO  ratis.ContainerStateMachine (ContainerStateMachine.java:takeSnapshot(330)) - group-D28988D642C9: Taking a snapshot at:(t:1, i:0) file /home/runner/work/ozone/ozone/hadoop-ozone/integration-test/target/test-dir/MiniOzoneClusterImpl-14327f45-78e1-4847-8051-3610e19f479d/datanode-0/data/ratis/fc40adfc-3a43-499a-a0d4-d28988d642c9/sm/snapshot.1_0
2023-10-17 18:45:14,577 [ForkJoinPool.commonPool-worker-2] INFO  server.GrpcService (GrpcService.java:closeImpl(311)) - 57da0847-4950-4ea9-a1de-cd2dacb809d4: shutdown server org.apache.ratis.grpc.server.GrpcClientProtocolService now
2023-10-17 18:45:14,577 [57da0847-4950-4ea9-a1de-cd2dacb809d4-impl-thread1] INFO  impl.StateMachineUpdater (StateMachineUpdater.java:stopAndJoin(155)) - 57da0847-4950-4ea9-a1de-cd2dacb809d4@group-DF4ABAE40FC1-StateMachineUpdater: set stopIndex = -1
2023-10-17 18:45:14,578 [57da0847-4950-4ea9-a1de-cd2dacb809d4@group-DF4ABAE40FC1-FollowerState] INFO  impl.FollowerState (FollowerState.java:run(152)) - 57da0847-4950-4ea9-a1de-cd2dacb809d4@group-DF4ABAE40FC1-FollowerState was interrupted
2023-10-17 18:45:14,584 [57da0847-4950-4ea9-a1de-cd2dacb809d4-impl-thread1] INFO  server.RaftServer$Division (ServerState.java:close(472)) - 57da0847-4950-4ea9-a1de-cd2dacb809d4@group-DF4ABAE40FC1: closes. applyIndex: -1
2023-10-17 18:45:14,584 [Time-limited test] INFO  ozoneimpl.OzoneContainer (OzoneContainer.java:stop(453)) - Attempting to stop container services.
2023-10-17 18:45:14,584 [f3b37029-1869-41d6-8bc8-d85a9541d8ef@group-A97C69DAEA39-SegmentedRaftLogWorker] INFO  segmented.SegmentedRaftLogWorker (SegmentedRaftLogWorker.java:execute(651)) - f3b37029-1869-41d6-8bc8-d85a9541d8ef@group-A97C69DAEA39-SegmentedRaftLogWorker: created new log segment /home/runner/work/ozone/ozone/hadoop-ozone/integration-test/target/test-dir/MiniOzoneClusterImpl-14327f45-78e1-4847-8051-3610e19f479d/datanode-2/data/ratis/4d4e85d4-ac96-4df5-8029-a97c69daea39/current/log_inprogress_0
2023-10-17 18:45:14,585 [57da0847-4950-4ea9-a1de-cd2dacb809d4@group-D28988D642C9-StateMachineUpdater] INFO  ratis.ContainerStateMachine (ContainerStateMachine.java:takeSnapshot(341)) - group-D28988D642C9: Finished taking a snapshot at:(t:1, i:0) file:/home/runner/work/ozone/ozone/hadoop-ozone/integration-test/target/test-dir/MiniOzoneClusterImpl-14327f45-78e1-4847-8051-3610e19f479d/datanode-0/data/ratis/fc40adfc-3a43-499a-a0d4-d28988d642c9/sm/snapshot.1_0 took: 8 ms
2023-10-17 18:45:14,585 [57da0847-4950-4ea9-a1de-cd2dacb809d4@group-D28988D642C9-StateMachineUpdater] INFO  impl.StateMachineUpdater (StateMachineUpdater.java:takeSnapshot(291)) - 57da0847-4950-4ea9-a1de-cd2dacb809d4@group-D28988D642C9-StateMachineUpdater: Took a snapshot at index 0
2023-10-17 18:45:14,585 [57da0847-4950-4ea9-a1de-cd2dacb809d4@group-D28988D642C9-StateMachineUpdater] INFO  impl.StateMachineUpdater (StateMachineUpdater.java:lambda$new$0(97)) - 57da0847-4950-4ea9-a1de-cd2dacb809d4@group-D28988D642C9-StateMachineUpdater: snapshotIndex: updateIncreasingly -1 -> 0
2023-10-17 18:45:14,586 [57da0847-4950-4ea9-a1de-cd2dacb809d4-impl-thread2] INFO  server.RaftServer$Division (ServerState.java:close(472)) - 57da0847-4950-4ea9-a1de-cd2dacb809d4@group-D28988D642C9: closes. applyIndex: 0
2023-10-17 18:45:14,587 [Time-limited test] INFO  server.RaftServer (RaftServerProxy.java:lambda$close$6(416)) - f2d55db1-4d7a-4f26-8f17-39f168379328: close
2023-10-17 18:45:14,587 [f2d55db1-4d7a-4f26-8f17-39f168379328-impl-thread1] INFO  server.RaftServer$Division (RaftServerImpl.java:lambda$close$4(466)) - f2d55db1-4d7a-4f26-8f17-39f168379328@group-DF4ABAE40FC1: shutdown
2023-10-17 18:45:14,587 [f2d55db1-4d7a-4f26-8f17-39f168379328-impl-thread1] INFO  util.JmxRegister (JmxRegister.java:unregister(73)) - Successfully un-registered JMX Bean with object name Ratis:service=RaftServer,group=group-DF4ABAE40FC1,id=f2d55db1-4d7a-4f26-8f17-39f168379328
2023-10-17 18:45:14,587 [f2d55db1-4d7a-4f26-8f17-39f168379328-impl-thread1] INFO  impl.RoleInfo (RoleInfo.java:shutdownFollowerState(110)) - f2d55db1-4d7a-4f26-8f17-39f168379328: shutdown f2d55db1-4d7a-4f26-8f17-39f168379328@group-DF4ABAE40FC1-FollowerState
2023-10-17 18:45:14,587 [f2d55db1-4d7a-4f26-8f17-39f168379328-impl-thread1] INFO  impl.StateMachineUpdater (StateMachineUpdater.java:stopAndJoin(155)) - f2d55db1-4d7a-4f26-8f17-39f168379328@group-DF4ABAE40FC1-StateMachineUpdater: set stopIndex = -1
2023-10-17 18:45:14,587 [f2d55db1-4d7a-4f26-8f17-39f168379328@group-DF4ABAE40FC1-FollowerState] INFO  impl.FollowerState (FollowerState.java:run(152)) - f2d55db1-4d7a-4f26-8f17-39f168379328@group-DF4ABAE40FC1-FollowerState was interrupted
2023-10-17 18:45:14,587 [f2d55db1-4d7a-4f26-8f17-39f168379328-impl-thread1] INFO  server.RaftServer$Division (ServerState.java:close(472)) - f2d55db1-4d7a-4f26-8f17-39f168379328@group-DF4ABAE40FC1: closes. applyIndex: -1
2023-10-17 18:45:14,588 [57da0847-4950-4ea9-a1de-cd2dacb809d4-impl-thread3] INFO  server.RaftServer$Division (RaftServerImpl.java:lambda$close$4(466)) - 57da0847-4950-4ea9-a1de-cd2dacb809d4@group-AECF0C411497: shutdown
2023-10-17 18:45:14,588 [57da0847-4950-4ea9-a1de-cd2dacb809d4-impl-thread3] INFO  util.JmxRegister (JmxRegister.java:unregister(73)) - Successfully un-registered JMX Bean with object name Ratis:service=RaftServer,group=group-AECF0C411497,id=57da0847-4950-4ea9-a1de-cd2dacb809d4
2023-10-17 18:45:14,588 [57da0847-4950-4ea9-a1de-cd2dacb809d4-impl-thread3] INFO  impl.RoleInfo (RoleInfo.java:shutdownFollowerState(110)) - 57da0847-4950-4ea9-a1de-cd2dacb809d4: shutdown 57da0847-4950-4ea9-a1de-cd2dacb809d4@group-AECF0C411497-FollowerState
2023-10-17 18:45:14,590 [57da0847-4950-4ea9-a1de-cd2dacb809d4-impl-thread3] INFO  impl.StateMachineUpdater (StateMachineUpdater.java:stopAndJoin(155)) - 57da0847-4950-4ea9-a1de-cd2dacb809d4@group-AECF0C411497-StateMachineUpdater: set stopIndex = -1
2023-10-17 18:45:14,590 [57da0847-4950-4ea9-a1de-cd2dacb809d4@group-AECF0C411497-FollowerState] INFO  impl.FollowerState (FollowerState.java:run(152)) - 57da0847-4950-4ea9-a1de-cd2dacb809d4@group-AECF0C411497-FollowerState was interrupted
2023-10-17 18:45:14,590 [57da0847-4950-4ea9-a1de-cd2dacb809d4-impl-thread3] INFO  server.RaftServer$Division (ServerState.java:close(472)) - 57da0847-4950-4ea9-a1de-cd2dacb809d4@group-AECF0C411497: closes. applyIndex: -1
2023-10-17 18:45:14,590 [Time-limited test] INFO  server.GrpcService (GrpcService.java:closeImpl(311)) - f2d55db1-4d7a-4f26-8f17-39f168379328: shutdown server org.apache.ratis.grpc.server.GrpcClientProtocolService now
2023-10-17 18:45:14,595 [Thread-2853] INFO  server.GrpcServerProtocolClient (GrpcServerProtocolClient.java:close(103)) - f3b37029-1869-41d6-8bc8-d85a9541d8ef Close channels
2023-10-17 18:45:14,596 [ForkJoinPool.commonPool-worker-3] INFO  ozoneimpl.OzoneContainer (OzoneContainer.java:stop(453)) - Attempting to stop container services.
2023-10-17 18:45:14,596 [Thread-2855] INFO  server.GrpcServerProtocolClient (GrpcServerProtocolClient.java:close(103)) - f2d55db1-4d7a-4f26-8f17-39f168379328 Close channels
2023-10-17 18:45:14,597 [ForkJoinPool.commonPool-worker-3] INFO  server.RaftServer (RaftServerProxy.java:lambda$close$6(416)) - f3b37029-1869-41d6-8bc8-d85a9541d8ef: close
2023-10-17 18:45:14,597 [f3b37029-1869-41d6-8bc8-d85a9541d8ef-impl-thread1] INFO  server.RaftServer$Division (RaftServerImpl.java:lambda$close$4(466)) - f3b37029-1869-41d6-8bc8-d85a9541d8ef@group-DF4ABAE40FC1: shutdown
2023-10-17 18:45:14,597 [f3b37029-1869-41d6-8bc8-d85a9541d8ef-impl-thread1] INFO  util.JmxRegister (JmxRegister.java:unregister(73)) - Successfully un-registered JMX Bean with object name Ratis:service=RaftServer,group=group-DF4ABAE40FC1,id=f3b37029-1869-41d6-8bc8-d85a9541d8ef
2023-10-17 18:45:14,597 [f3b37029-1869-41d6-8bc8-d85a9541d8ef-impl-thread1] INFO  impl.RoleInfo (RoleInfo.java:shutdownLeaderState(93)) - f3b37029-1869-41d6-8bc8-d85a9541d8ef: shutdown f3b37029-1869-41d6-8bc8-d85a9541d8ef@group-DF4ABAE40FC1-LeaderStateImpl
2023-10-17 18:45:14,597 [Thread-2859] INFO  server.GrpcServerProtocolClient (GrpcServerProtocolClient.java:close(103)) - 57da0847-4950-4ea9-a1de-cd2dacb809d4 Close channels
2023-10-17 18:45:14,598 [f3b37029-1869-41d6-8bc8-d85a9541d8ef-impl-thread2] INFO  server.RaftServer$Division (RaftServerImpl.java:lambda$close$4(466)) - f3b37029-1869-41d6-8bc8-d85a9541d8ef@group-AECF0C411497: shutdown
2023-10-17 18:45:14,598 [f3b37029-1869-41d6-8bc8-d85a9541d8ef-impl-thread2] INFO  util.JmxRegister (JmxRegister.java:unregister(73)) - Successfully un-registered JMX Bean with object name Ratis:service=RaftServer,group=group-AECF0C411497,id=f3b37029-1869-41d6-8bc8-d85a9541d8ef
2023-10-17 18:45:14,598 [f3b37029-1869-41d6-8bc8-d85a9541d8ef-impl-thread2] INFO  impl.RoleInfo (RoleInfo.java:shutdownFollowerState(110)) - f3b37029-1869-41d6-8bc8-d85a9541d8ef: shutdown f3b37029-1869-41d6-8bc8-d85a9541d8ef@group-AECF0C411497-FollowerState
2023-10-17 18:45:14,598 [ForkJoinPool.commonPool-worker-3] INFO  server.GrpcService (GrpcService.java:closeImpl(311)) - f3b37029-1869-41d6-8bc8-d85a9541d8ef: shutdown server org.apache.ratis.grpc.server.GrpcClientProtocolService now
2023-10-17 18:45:14,598 [f3b37029-1869-41d6-8bc8-d85a9541d8ef-impl-thread3] INFO  server.RaftServer$Division (RaftServerImpl.java:lambda$close$4(466)) - f3b37029-1869-41d6-8bc8-d85a9541d8ef@group-A97C69DAEA39: shutdown
2023-10-17 18:45:14,598 [f3b37029-1869-41d6-8bc8-d85a9541d8ef-impl-thread3] INFO  util.JmxRegister (JmxRegister.java:unregister(73)) - Successfully un-registered JMX Bean with object name Ratis:service=RaftServer,group=group-A97C69DAEA39,id=f3b37029-1869-41d6-8bc8-d85a9541d8ef
2023-10-17 18:45:14,598 [f3b37029-1869-41d6-8bc8-d85a9541d8ef-impl-thread3] INFO  impl.RoleInfo (RoleInfo.java:shutdownLeaderState(93)) - f3b37029-1869-41d6-8bc8-d85a9541d8ef: shutdown f3b37029-1869-41d6-8bc8-d85a9541d8ef@group-A97C69DAEA39-LeaderStateImpl
2023-10-17 18:45:14,598 [f3b37029-1869-41d6-8bc8-d85a9541d8ef-impl-thread3] INFO  impl.PendingRequests (PendingRequests.java:sendNotLeaderResponses(289)) - f3b37029-1869-41d6-8bc8-d85a9541d8ef@group-A97C69DAEA39-PendingRequests: sendNotLeaderResponses
2023-10-17 18:45:14,599 [f3b37029-1869-41d6-8bc8-d85a9541d8ef@group-A97C69DAEA39-StateMachineUpdater] INFO  ratis.ContainerStateMachine (ContainerStateMachine.java:takeSnapshot(330)) - group-A97C69DAEA39: Taking a snapshot at:(t:1, i:0) file /home/runner/work/ozone/ozone/hadoop-ozone/integration-test/target/test-dir/MiniOzoneClusterImpl-14327f45-78e1-4847-8051-3610e19f479d/datanode-2/data/ratis/4d4e85d4-ac96-4df5-8029-a97c69daea39/sm/snapshot.1_0
2023-10-17 18:45:14,599 [f3b37029-1869-41d6-8bc8-d85a9541d8ef-impl-thread3] INFO  impl.StateMachineUpdater (StateMachineUpdater.java:stopAndJoin(155)) - f3b37029-1869-41d6-8bc8-d85a9541d8ef@group-A97C69DAEA39-StateMachineUpdater: set stopIndex = 0
2023-10-17 18:45:14,599 [f2d55db1-4d7a-4f26-8f17-39f168379328-impl-thread2] INFO  server.RaftServer$Division (RaftServerImpl.java:lambda$close$4(466)) - f2d55db1-4d7a-4f26-8f17-39f168379328@group-27CEC22D2FA1: shutdown
2023-10-17 18:45:14,600 [f3b37029-1869-41d6-8bc8-d85a9541d8ef@group-A97C69DAEA39-StateMachineUpdater] INFO  ratis.ContainerStateMachine (ContainerStateMachine.java:takeSnapshot(341)) - group-A97C69DAEA39: Finished taking a snapshot at:(t:1, i:0) file:/home/runner/work/ozone/ozone/hadoop-ozone/integration-test/target/test-dir/MiniOzoneClusterImpl-14327f45-78e1-4847-8051-3610e19f479d/datanode-2/data/ratis/4d4e85d4-ac96-4df5-8029-a97c69daea39/sm/snapshot.1_0 took: 1 ms
2023-10-17 18:45:14,600 [f2d55db1-4d7a-4f26-8f17-39f168379328-impl-thread3] INFO  server.RaftServer$Division (RaftServerImpl.java:lambda$close$4(466)) - f2d55db1-4d7a-4f26-8f17-39f168379328@group-AECF0C411497: shutdown
2023-10-17 18:45:14,600 [f2d55db1-4d7a-4f26-8f17-39f168379328-impl-thread3] INFO  util.JmxRegister (JmxRegister.java:unregister(73)) - Successfully un-registered JMX Bean with object name Ratis:service=RaftServer,group=group-AECF0C411497,id=f2d55db1-4d7a-4f26-8f17-39f168379328
2023-10-17 18:45:14,600 [f2d55db1-4d7a-4f26-8f17-39f168379328-impl-thread3] INFO  impl.RoleInfo (RoleInfo.java:shutdownLeaderState(93)) - f2d55db1-4d7a-4f26-8f17-39f168379328: shutdown f2d55db1-4d7a-4f26-8f17-39f168379328@group-AECF0C411497-LeaderStateImpl
2023-10-17 18:45:14,600 [f3b37029-1869-41d6-8bc8-d85a9541d8ef@group-A97C69DAEA39-StateMachineUpdater] INFO  impl.StateMachineUpdater (StateMachineUpdater.java:takeSnapshot(291)) - f3b37029-1869-41d6-8bc8-d85a9541d8ef@group-A97C69DAEA39-StateMachineUpdater: Took a snapshot at index 0
2023-10-17 18:45:14,600 [f3b37029-1869-41d6-8bc8-d85a9541d8ef@group-A97C69DAEA39-StateMachineUpdater] INFO  impl.StateMachineUpdater (StateMachineUpdater.java:lambda$new$0(97)) - f3b37029-1869-41d6-8bc8-d85a9541d8ef@group-A97C69DAEA39-StateMachineUpdater: snapshotIndex: updateIncreasingly -1 -> 0
2023-10-17 18:45:14,600 [f2d55db1-4d7a-4f26-8f17-39f168379328@group-AECF0C411497->f3b37029-1869-41d6-8bc8-d85a9541d8ef-GrpcLogAppender-LogAppenderDaemon] WARN  server.GrpcLogAppender (GrpcLogAppender.java:mayWait(199)) - f2d55db1-4d7a-4f26-8f17-39f168379328@group-AECF0C411497->f3b37029-1869-41d6-8bc8-d85a9541d8ef-GrpcLogAppender: Wait interrupted by java.lang.InterruptedException
2023-10-17 18:45:14,600 [f2d55db1-4d7a-4f26-8f17-39f168379328-impl-thread2] INFO  util.JmxRegister (JmxRegister.java:unregister(73)) - Successfully un-registered JMX Bean with object name Ratis:service=RaftServer,group=group-27CEC22D2FA1,id=f2d55db1-4d7a-4f26-8f17-39f168379328
2023-10-17 18:45:14,600 [f2d55db1-4d7a-4f26-8f17-39f168379328-impl-thread2] INFO  impl.RoleInfo (RoleInfo.java:shutdownLeaderState(93)) - f2d55db1-4d7a-4f26-8f17-39f168379328: shutdown f2d55db1-4d7a-4f26-8f17-39f168379328@group-27CEC22D2FA1-LeaderStateImpl
2023-10-17 18:45:14,600 [f3b37029-1869-41d6-8bc8-d85a9541d8ef-impl-thread3] INFO  server.RaftServer$Division (ServerState.java:close(472)) - f3b37029-1869-41d6-8bc8-d85a9541d8ef@group-A97C69DAEA39: closes. applyIndex: 0
2023-10-17 18:45:14,600 [f2d55db1-4d7a-4f26-8f17-39f168379328-impl-thread2] INFO  impl.PendingRequests (PendingRequests.java:sendNotLeaderResponses(289)) - f2d55db1-4d7a-4f26-8f17-39f168379328@group-27CEC22D2FA1-PendingRequests: sendNotLeaderResponses
2023-10-17 18:45:14,600 [f2d55db1-4d7a-4f26-8f17-39f168379328@group-AECF0C411497->57da0847-4950-4ea9-a1de-cd2dacb809d4-GrpcLogAppender-LogAppenderDaemon] WARN  server.GrpcLogAppender (GrpcLogAppender.java:mayWait(199)) - f2d55db1-4d7a-4f26-8f17-39f168379328@group-AECF0C411497->57da0847-4950-4ea9-a1de-cd2dacb809d4-GrpcLogAppender: Wait interrupted by java.lang.InterruptedException
2023-10-17 18:45:14,601 [f2d55db1-4d7a-4f26-8f17-39f168379328-impl-thread3] INFO  impl.PendingRequests (PendingRequests.java:sendNotLeaderResponses(289)) - f2d55db1-4d7a-4f26-8f17-39f168379328@group-AECF0C411497-PendingRequests: sendNotLeaderResponses
2023-10-17 18:45:14,601 [f2d55db1-4d7a-4f26-8f17-39f168379328@group-AECF0C411497-StateMachineUpdater] INFO  ratis.ContainerStateMachine (ContainerStateMachine.java:takeSnapshot(330)) - group-AECF0C411497: Taking a snapshot at:(t:1, i:0) file /home/runner/work/ozone/ozone/hadoop-ozone/integration-test/target/test-dir/MiniOzoneClusterImpl-14327f45-78e1-4847-8051-3610e19f479d/datanode-1/data/ratis/437f5971-21fe-4035-bc47-aecf0c411497/sm/snapshot.1_0
2023-10-17 18:45:14,601 [f2d55db1-4d7a-4f26-8f17-39f168379328-impl-thread3] INFO  impl.StateMachineUpdater (StateMachineUpdater.java:stopAndJoin(155)) - f2d55db1-4d7a-4f26-8f17-39f168379328@group-AECF0C411497-StateMachineUpdater: set stopIndex = 0
2023-10-17 18:45:14,601 [f2d55db1-4d7a-4f26-8f17-39f168379328@group-27CEC22D2FA1-StateMachineUpdater] INFO  ratis.ContainerStateMachine (ContainerStateMachine.java:takeSnapshot(330)) - group-27CEC22D2FA1: Taking a snapshot at:(t:1, i:0) file /home/runner/work/ozone/ozone/hadoop-ozone/integration-test/target/test-dir/MiniOzoneClusterImpl-14327f45-78e1-4847-8051-3610e19f479d/datanode-1/data/ratis/26eac058-0763-4bc6-8f04-27cec22d2fa1/sm/snapshot.1_0
2023-10-17 18:45:14,601 [f2d55db1-4d7a-4f26-8f17-39f168379328-impl-thread2] INFO  impl.StateMachineUpdater (StateMachineUpdater.java:stopAndJoin(155)) - f2d55db1-4d7a-4f26-8f17-39f168379328@group-27CEC22D2FA1-StateMachineUpdater: set stopIndex = 0
2023-10-17 18:45:14,602 [f2d55db1-4d7a-4f26-8f17-39f168379328@group-AECF0C411497-StateMachineUpdater] INFO  ratis.ContainerStateMachine (ContainerStateMachine.java:takeSnapshot(341)) - group-AECF0C411497: Finished taking a snapshot at:(t:1, i:0) file:/home/runner/work/ozone/ozone/hadoop-ozone/integration-test/target/test-dir/MiniOzoneClusterImpl-14327f45-78e1-4847-8051-3610e19f479d/datanode-1/data/ratis/437f5971-21fe-4035-bc47-aecf0c411497/sm/snapshot.1_0 took: 1 ms
2023-10-17 18:45:14,602 [f2d55db1-4d7a-4f26-8f17-39f168379328@group-AECF0C411497-StateMachineUpdater] INFO  impl.StateMachineUpdater (StateMachineUpdater.java:takeSnapshot(291)) - f2d55db1-4d7a-4f26-8f17-39f168379328@group-AECF0C411497-StateMachineUpdater: Took a snapshot at index 0
2023-10-17 18:45:14,602 [f2d55db1-4d7a-4f26-8f17-39f168379328@group-AECF0C411497-StateMachineUpdater] INFO  impl.StateMachineUpdater (StateMachineUpdater.java:lambda$new$0(97)) - f2d55db1-4d7a-4f26-8f17-39f168379328@group-AECF0C411497-StateMachineUpdater: snapshotIndex: updateIncreasingly -1 -> 0
2023-10-17 18:45:14,602 [f2d55db1-4d7a-4f26-8f17-39f168379328@group-27CEC22D2FA1-StateMachineUpdater] INFO  ratis.ContainerStateMachine (ContainerStateMachine.java:takeSnapshot(341)) - group-27CEC22D2FA1: Finished taking a snapshot at:(t:1, i:0) file:/home/runner/work/ozone/ozone/hadoop-ozone/integration-test/target/test-dir/MiniOzoneClusterImpl-14327f45-78e1-4847-8051-3610e19f479d/datanode-1/data/ratis/26eac058-0763-4bc6-8f04-27cec22d2fa1/sm/snapshot.1_0 took: 1 ms
2023-10-17 18:45:14,602 [f2d55db1-4d7a-4f26-8f17-39f168379328@group-27CEC22D2FA1-StateMachineUpdater] INFO  impl.StateMachineUpdater (StateMachineUpdater.java:takeSnapshot(291)) - f2d55db1-4d7a-4f26-8f17-39f168379328@group-27CEC22D2FA1-StateMachineUpdater: Took a snapshot at index 0
2023-10-17 18:45:14,602 [f2d55db1-4d7a-4f26-8f17-39f168379328@group-27CEC22D2FA1-StateMachineUpdater] INFO  impl.StateMachineUpdater (StateMachineUpdater.java:lambda$new$0(97)) - f2d55db1-4d7a-4f26-8f17-39f168379328@group-27CEC22D2FA1-StateMachineUpdater: snapshotIndex: updateIncreasingly -1 -> 0
2023-10-17 18:45:14,603 [f3b37029-1869-41d6-8bc8-d85a9541d8ef-impl-thread2] INFO  impl.StateMachineUpdater (StateMachineUpdater.java:stopAndJoin(155)) - f3b37029-1869-41d6-8bc8-d85a9541d8ef@group-AECF0C411497-StateMachineUpdater: set stopIndex = 0
2023-10-17 18:45:14,603 [f2d55db1-4d7a-4f26-8f17-39f168379328-impl-thread3] INFO  server.RaftServer$Division (ServerState.java:close(472)) - f2d55db1-4d7a-4f26-8f17-39f168379328@group-AECF0C411497: closes. applyIndex: 0
2023-10-17 18:45:14,603 [f2d55db1-4d7a-4f26-8f17-39f168379328-impl-thread2] INFO  server.RaftServer$Division (ServerState.java:close(472)) - f2d55db1-4d7a-4f26-8f17-39f168379328@group-27CEC22D2FA1: closes. applyIndex: 0
2023-10-17 18:45:14,603 [f3b37029-1869-41d6-8bc8-d85a9541d8ef@group-AECF0C411497-FollowerState] INFO  impl.FollowerState (FollowerState.java:run(152)) - f3b37029-1869-41d6-8bc8-d85a9541d8ef@group-AECF0C411497-FollowerState was interrupted
2023-10-17 18:45:14,605 [f3b37029-1869-41d6-8bc8-d85a9541d8ef@group-DF4ABAE40FC1->57da0847-4950-4ea9-a1de-cd2dacb809d4-GrpcLogAppender-LogAppenderDaemon] WARN  server.GrpcLogAppender (GrpcLogAppender.java:mayWait(199)) - f3b37029-1869-41d6-8bc8-d85a9541d8ef@group-DF4ABAE40FC1->57da0847-4950-4ea9-a1de-cd2dacb809d4-GrpcLogAppender: Wait interrupted by java.lang.InterruptedException
2023-10-17 18:45:14,605 [f3b37029-1869-41d6-8bc8-d85a9541d8ef-impl-thread1] INFO  impl.PendingRequests (PendingRequests.java:sendNotLeaderResponses(289)) - f3b37029-1869-41d6-8bc8-d85a9541d8ef@group-DF4ABAE40FC1-PendingRequests: sendNotLeaderResponses
2023-10-17 18:45:14,606 [f3b37029-1869-41d6-8bc8-d85a9541d8ef-impl-thread1] INFO  impl.StateMachineUpdater (StateMachineUpdater.java:stopAndJoin(155)) - f3b37029-1869-41d6-8bc8-d85a9541d8ef@group-DF4ABAE40FC1-StateMachineUpdater: set stopIndex = 0
2023-10-17 18:45:14,606 [f3b37029-1869-41d6-8bc8-d85a9541d8ef@group-DF4ABAE40FC1->f2d55db1-4d7a-4f26-8f17-39f168379328-GrpcLogAppender-LogAppenderDaemon] WARN  server.GrpcLogAppender (GrpcLogAppender.java:mayWait(199)) - f3b37029-1869-41d6-8bc8-d85a9541d8ef@group-DF4ABAE40FC1->f2d55db1-4d7a-4f26-8f17-39f168379328-GrpcLogAppender: Wait interrupted by java.lang.InterruptedException
2023-10-17 18:45:14,606 [f3b37029-1869-41d6-8bc8-d85a9541d8ef@group-DF4ABAE40FC1-StateMachineUpdater] INFO  ratis.ContainerStateMachine (ContainerStateMachine.java:takeSnapshot(330)) - group-DF4ABAE40FC1: Taking a snapshot at:(t:1, i:0) file /home/runner/work/ozone/ozone/hadoop-ozone/integration-test/target/test-dir/MiniOzoneClusterImpl-14327f45-78e1-4847-8051-3610e19f479d/datanode-2/data/ratis/c17d4717-ad27-4244-88a7-df4abae40fc1/sm/snapshot.1_0
2023-10-17 18:45:14,607 [Thread-2864] INFO  server.GrpcServerProtocolClient (GrpcServerProtocolClient.java:close(103)) - 57da0847-4950-4ea9-a1de-cd2dacb809d4 Close channels
2023-10-17 18:45:14,607 [f3b37029-1869-41d6-8bc8-d85a9541d8ef@group-AECF0C411497-StateMachineUpdater] INFO  ratis.ContainerStateMachine (ContainerStateMachine.java:takeSnapshot(330)) - group-AECF0C411497: Taking a snapshot at:(t:1, i:0) file /home/runner/work/ozone/ozone/hadoop-ozone/integration-test/target/test-dir/MiniOzoneClusterImpl-14327f45-78e1-4847-8051-3610e19f479d/datanode-2/data/ratis/437f5971-21fe-4035-bc47-aecf0c411497/sm/snapshot.1_0
2023-10-17 18:45:14,608 [f3b37029-1869-41d6-8bc8-d85a9541d8ef@group-DF4ABAE40FC1-StateMachineUpdater] INFO  ratis.ContainerStateMachine (ContainerStateMachine.java:takeSnapshot(341)) - group-DF4ABAE40FC1: Finished taking a snapshot at:(t:1, i:0) file:/home/runner/work/ozone/ozone/hadoop-ozone/integration-test/target/test-dir/MiniOzoneClusterImpl-14327f45-78e1-4847-8051-3610e19f479d/datanode-2/data/ratis/c17d4717-ad27-4244-88a7-df4abae40fc1/sm/snapshot.1_0 took: 2 ms
2023-10-17 18:45:14,608 [f3b37029-1869-41d6-8bc8-d85a9541d8ef@group-DF4ABAE40FC1-StateMachineUpdater] INFO  impl.StateMachineUpdater (StateMachineUpdater.java:takeSnapshot(291)) - f3b37029-1869-41d6-8bc8-d85a9541d8ef@group-DF4ABAE40FC1-StateMachineUpdater: Took a snapshot at index 0
2023-10-17 18:45:14,608 [f3b37029-1869-41d6-8bc8-d85a9541d8ef@group-DF4ABAE40FC1-StateMachineUpdater] INFO  impl.StateMachineUpdater (StateMachineUpdater.java:lambda$new$0(97)) - f3b37029-1869-41d6-8bc8-d85a9541d8ef@group-DF4ABAE40FC1-StateMachineUpdater: snapshotIndex: updateIncreasingly -1 -> 0
2023-10-17 18:45:14,608 [f3b37029-1869-41d6-8bc8-d85a9541d8ef@group-AECF0C411497-StateMachineUpdater] INFO  ratis.ContainerStateMachine (ContainerStateMachine.java:takeSnapshot(341)) - group-AECF0C411497: Finished taking a snapshot at:(t:1, i:0) file:/home/runner/work/ozone/ozone/hadoop-ozone/integration-test/target/test-dir/MiniOzoneClusterImpl-14327f45-78e1-4847-8051-3610e19f479d/datanode-2/data/ratis/437f5971-21fe-4035-bc47-aecf0c411497/sm/snapshot.1_0 took: 2 ms
2023-10-17 18:45:14,609 [f3b37029-1869-41d6-8bc8-d85a9541d8ef@group-AECF0C411497-StateMachineUpdater] INFO  impl.StateMachineUpdater (StateMachineUpdater.java:takeSnapshot(291)) - f3b37029-1869-41d6-8bc8-d85a9541d8ef@group-AECF0C411497-StateMachineUpdater: Took a snapshot at index 0
2023-10-17 18:45:14,609 [f3b37029-1869-41d6-8bc8-d85a9541d8ef@group-AECF0C411497-StateMachineUpdater] INFO  impl.StateMachineUpdater (StateMachineUpdater.java:lambda$new$0(97)) - f3b37029-1869-41d6-8bc8-d85a9541d8ef@group-AECF0C411497-StateMachineUpdater: snapshotIndex: updateIncreasingly -1 -> 0
2023-10-17 18:45:14,609 [f3b37029-1869-41d6-8bc8-d85a9541d8ef-impl-thread2] INFO  server.RaftServer$Division (ServerState.java:close(472)) - f3b37029-1869-41d6-8bc8-d85a9541d8ef@group-AECF0C411497: closes. applyIndex: 0
2023-10-17 18:45:14,611 [grpc-default-executor-5] INFO  server.GrpcServerProtocolService (GrpcServerProtocolService.java:onCompleted(155)) - f3b37029-1869-41d6-8bc8-d85a9541d8ef: Completed APPEND_ENTRIES, lastRequest: f2d55db1-4d7a-4f26-8f17-39f168379328->f3b37029-1869-41d6-8bc8-d85a9541d8ef#1-t1,previous=(t:0, i:0),leaderCommit=-1,initializing? true,entries: size=1, first=(t:1, i:0), CONFIGURATIONENTRY(current:id: "f3b37029-1869-41d6-8bc8-d85a9541d8ef"
address: "10.1.0.25:15206"
dataStreamAddress: "10.1.0.25:15207"
clientAddress: "10.1.0.25:15204"
adminAddress: "10.1.0.25:15205"
startupRole: FOLLOWER
,id: "57da0847-4950-4ea9-a1de-cd2dacb809d4"
address: "10.1.0.25:15188"
dataStreamAddress: "10.1.0.25:15189"
clientAddress: "10.1.0.25:15186"
adminAddress: "10.1.0.25:15187"
startupRole: FOLLOWER
,id: "f2d55db1-4d7a-4f26-8f17-39f168379328"
address: "10.1.0.25:15197"
priority: 1
dataStreamAddress: "10.1.0.25:15198"
clientAddress: "10.1.0.25:15195"
adminAddress: "10.1.0.25:15196"
startupRole: FOLLOWER
, old:)
2023-10-17 18:45:14,611 [grpc-default-executor-5] INFO  server.GrpcServerProtocolService (GrpcServerProtocolService.java:lambda$onCompleted$5(157)) - f3b37029-1869-41d6-8bc8-d85a9541d8ef: Completed APPEND_ENTRIES, lastReply: null
2023-10-17 18:45:14,612 [grpc-default-executor-0] INFO  server.GrpcServerProtocolService (GrpcServerProtocolService.java:onCompleted(155)) - 57da0847-4950-4ea9-a1de-cd2dacb809d4: Completed APPEND_ENTRIES, lastRequest: f2d55db1-4d7a-4f26-8f17-39f168379328->57da0847-4950-4ea9-a1de-cd2dacb809d4#1-t1,previous=(t:0, i:0),leaderCommit=-1,initializing? true,entries: size=1, first=(t:1, i:0), CONFIGURATIONENTRY(current:id: "f3b37029-1869-41d6-8bc8-d85a9541d8ef"
address: "10.1.0.25:15206"
dataStreamAddress: "10.1.0.25:15207"
clientAddress: "10.1.0.25:15204"
adminAddress: "10.1.0.25:15205"
startupRole: FOLLOWER
,id: "57da0847-4950-4ea9-a1de-cd2dacb809d4"
address: "10.1.0.25:15188"
dataStreamAddress: "10.1.0.25:15189"
clientAddress: "10.1.0.25:15186"
adminAddress: "10.1.0.25:15187"
startupRole: FOLLOWER
,id: "f2d55db1-4d7a-4f26-8f17-39f168379328"
address: "10.1.0.25:15197"
priority: 1
dataStreamAddress: "10.1.0.25:15198"
clientAddress: "10.1.0.25:15195"
adminAddress: "10.1.0.25:15196"
startupRole: FOLLOWER
, old:)
2023-10-17 18:45:14,612 [grpc-default-executor-0] INFO  server.GrpcServerProtocolService (GrpcServerProtocolService.java:lambda$onCompleted$5(157)) - 57da0847-4950-4ea9-a1de-cd2dacb809d4: Completed APPEND_ENTRIES, lastReply: null
2023-10-17 18:45:14,612 [grpc-default-executor-3] INFO  server.GrpcServerProtocolService (GrpcServerProtocolService.java:onCompleted(155)) - 57da0847-4950-4ea9-a1de-cd2dacb809d4: Completed APPEND_ENTRIES, lastRequest: f3b37029-1869-41d6-8bc8-d85a9541d8ef->57da0847-4950-4ea9-a1de-cd2dacb809d4#1-t1,previous=(t:0, i:0),leaderCommit=-1,initializing? true,entries: size=1, first=(t:1, i:0), CONFIGURATIONENTRY(current:id: "f3b37029-1869-41d6-8bc8-d85a9541d8ef"
address: "10.1.0.25:15206"
priority: 1
dataStreamAddress: "10.1.0.25:15207"
clientAddress: "10.1.0.25:15204"
adminAddress: "10.1.0.25:15205"
startupRole: FOLLOWER
,id: "57da0847-4950-4ea9-a1de-cd2dacb809d4"
address: "10.1.0.25:15188"
dataStreamAddress: "10.1.0.25:15189"
clientAddress: "10.1.0.25:15186"
adminAddress: "10.1.0.25:15187"
startupRole: FOLLOWER
,id: "f2d55db1-4d7a-4f26-8f17-39f168379328"
address: "10.1.0.25:15197"
dataStreamAddress: "10.1.0.25:15198"
clientAddress: "10.1.0.25:15195"
adminAddress: "10.1.0.25:15196"
startupRole: FOLLOWER
, old:)
2023-10-17 18:45:14,612 [grpc-default-executor-3] INFO  server.GrpcServerProtocolService (GrpcServerProtocolService.java:lambda$onCompleted$5(157)) - 57da0847-4950-4ea9-a1de-cd2dacb809d4: Completed APPEND_ENTRIES, lastReply: null
2023-10-17 18:45:14,612 [f3b37029-1869-41d6-8bc8-d85a9541d8ef-impl-thread1] INFO  server.RaftServer$Division (ServerState.java:close(472)) - f3b37029-1869-41d6-8bc8-d85a9541d8ef@group-DF4ABAE40FC1: closes. applyIndex: 0
2023-10-17 18:45:14,613 [grpc-default-executor-3] INFO  server.GrpcServerProtocolService (GrpcServerProtocolService.java:onCompleted(155)) - f2d55db1-4d7a-4f26-8f17-39f168379328: Completed APPEND_ENTRIES, lastRequest: null
2023-10-17 18:45:14,614 [grpc-default-executor-3] INFO  server.GrpcServerProtocolService (GrpcServerProtocolService.java:lambda$onCompleted$5(157)) - f2d55db1-4d7a-4f26-8f17-39f168379328: Completed APPEND_ENTRIES, lastReply: serverReply {
  requestorId: "f3b37029-1869-41d6-8bc8-d85a9541d8ef"
  replyId: "f2d55db1-4d7a-4f26-8f17-39f168379328"
  raftGroupId {
    id: "\301}G\027\255\'BD\210\247\337J\272\344\017\301"
  }
  callId: 2
  success: true
}
term: 1
nextIndex: 1
followerCommit: 18446744073709551615
matchIndex: 18446744073709551615
isHearbeat: true

2023-10-17 18:45:14,615 [Thread-2865] INFO  server.GrpcServerProtocolClient (GrpcServerProtocolClient.java:close(103)) - f2d55db1-4d7a-4f26-8f17-39f168379328 Close channels
2023-10-17 18:45:14,615 [Thread-2858] INFO  server.GrpcServerProtocolClient (GrpcServerProtocolClient.java:close(103)) - f3b37029-1869-41d6-8bc8-d85a9541d8ef Close channels
2023-10-17 18:45:14,616 [grpc-default-executor-2] INFO  server.GrpcLogAppender (GrpcLogAppender.java:onCompleted(428)) - f2d55db1-4d7a-4f26-8f17-39f168379328@group-AECF0C411497->f3b37029-1869-41d6-8bc8-d85a9541d8ef-AppendLogResponseHandler: follower responses appendEntries COMPLETED
2023-10-17 18:45:14,616 [grpc-default-executor-2] WARN  server.GrpcLogAppender (GrpcLogAppender.java:resetClient(137)) - f2d55db1-4d7a-4f26-8f17-39f168379328@group-AECF0C411497->f3b37029-1869-41d6-8bc8-d85a9541d8ef-GrpcLogAppender: Failed to getClient for f3b37029-1869-41d6-8bc8-d85a9541d8ef
org.apache.ratis.protocol.exceptions.AlreadyClosedException: f2d55db1-4d7a-4f26-8f17-39f168379328 is already CLOSED
	at org.apache.ratis.util.PeerProxyMap$PeerAndProxy.getProxy(PeerProxyMap.java:61)
	at org.apache.ratis.util.PeerProxyMap.getProxy(PeerProxyMap.java:115)
	at org.apache.ratis.grpc.server.GrpcLogAppender.getClient(GrpcLogAppender.java:112)
	at org.apache.ratis.grpc.server.GrpcLogAppender.resetClient(GrpcLogAppender.java:117)
	at org.apache.ratis.grpc.server.GrpcLogAppender.access$500(GrpcLogAppender.java:56)
	at org.apache.ratis.grpc.server.GrpcLogAppender$AppendLogResponseHandler.onCompleted(GrpcLogAppender.java:429)
	at org.apache.ratis.thirdparty.io.grpc.stub.ClientCalls$StreamObserverToCallListenerAdapter.onClose(ClientCalls.java:485)
	at org.apache.ratis.thirdparty.io.grpc.internal.ClientCallImpl.closeObserver(ClientCallImpl.java:563)
	at org.apache.ratis.thirdparty.io.grpc.internal.ClientCallImpl.access$300(ClientCallImpl.java:70)
	at org.apache.ratis.thirdparty.io.grpc.internal.ClientCallImpl$ClientStreamListenerImpl$1StreamClosed.runInternal(ClientCallImpl.java:744)
	at org.apache.ratis.thirdparty.io.grpc.internal.ClientCallImpl$ClientStreamListenerImpl$1StreamClosed.runInContext(ClientCallImpl.java:723)
	at org.apache.ratis.thirdparty.io.grpc.internal.ContextRunnable.run(ContextRunnable.java:37)
	at org.apache.ratis.thirdparty.io.grpc.internal.SerializingExecutor.run(SerializingExecutor.java:133)
	at java.util.concurrent.ThreadPoolExecutor.runWorker(ThreadPoolExecutor.java:1149)
	at java.util.concurrent.ThreadPoolExecutor$Worker.run(ThreadPoolExecutor.java:624)
	at java.lang.Thread.run(Thread.java:750)
2023-10-17 18:45:14,617 [grpc-default-executor-1] INFO  server.GrpcLogAppender (GrpcLogAppender.java:onCompleted(428)) - f2d55db1-4d7a-4f26-8f17-39f168379328@group-AECF0C411497->57da0847-4950-4ea9-a1de-cd2dacb809d4-AppendLogResponseHandler: follower responses appendEntries COMPLETED
2023-10-17 18:45:14,617 [grpc-default-executor-1] WARN  server.GrpcLogAppender (GrpcLogAppender.java:resetClient(137)) - f2d55db1-4d7a-4f26-8f17-39f168379328@group-AECF0C411497->57da0847-4950-4ea9-a1de-cd2dacb809d4-GrpcLogAppender: Failed to getClient for 57da0847-4950-4ea9-a1de-cd2dacb809d4
org.apache.ratis.protocol.exceptions.AlreadyClosedException: f2d55db1-4d7a-4f26-8f17-39f168379328 is already CLOSED
	at org.apache.ratis.util.PeerProxyMap$PeerAndProxy.getProxy(PeerProxyMap.java:61)
	at org.apache.ratis.util.PeerProxyMap.getProxy(PeerProxyMap.java:115)
	at org.apache.ratis.grpc.server.GrpcLogAppender.getClient(GrpcLogAppender.java:112)
	at org.apache.ratis.grpc.server.GrpcLogAppender.resetClient(GrpcLogAppender.java:117)
	at org.apache.ratis.grpc.server.GrpcLogAppender.access$500(GrpcLogAppender.java:56)
	at org.apache.ratis.grpc.server.GrpcLogAppender$AppendLogResponseHandler.onCompleted(GrpcLogAppender.java:429)
	at org.apache.ratis.thirdparty.io.grpc.stub.ClientCalls$StreamObserverToCallListenerAdapter.onClose(ClientCalls.java:485)
	at org.apache.ratis.thirdparty.io.grpc.internal.ClientCallImpl.closeObserver(ClientCallImpl.java:563)
	at org.apache.ratis.thirdparty.io.grpc.internal.ClientCallImpl.access$300(ClientCallImpl.java:70)
	at org.apache.ratis.thirdparty.io.grpc.internal.ClientCallImpl$ClientStreamListenerImpl$1StreamClosed.runInternal(ClientCallImpl.java:744)
	at org.apache.ratis.thirdparty.io.grpc.internal.ClientCallImpl$ClientStreamListenerImpl$1StreamClosed.runInContext(ClientCallImpl.java:723)
	at org.apache.ratis.thirdparty.io.grpc.internal.ContextRunnable.run(ContextRunnable.java:37)
	at org.apache.ratis.thirdparty.io.grpc.internal.SerializingExecutor.run(SerializingExecutor.java:133)
	at java.util.concurrent.ThreadPoolExecutor.runWorker(ThreadPoolExecutor.java:1149)
	at java.util.concurrent.ThreadPoolExecutor$Worker.run(ThreadPoolExecutor.java:624)
	at java.lang.Thread.run(Thread.java:750)
2023-10-17 18:45:14,617 [ForkJoinPool.commonPool-worker-2] INFO  server.GrpcService (GrpcService.java:closeImpl(320)) - 57da0847-4950-4ea9-a1de-cd2dacb809d4: shutdown server org.apache.ratis.grpc.server.GrpcClientProtocolService successfully
2023-10-17 18:45:14,617 [ForkJoinPool.commonPool-worker-2] INFO  server.GrpcService (GrpcService.java:closeImpl(311)) - 57da0847-4950-4ea9-a1de-cd2dacb809d4: shutdown server GrpcServerProtocolService now
2023-10-17 18:45:14,617 [grpc-default-executor-4] INFO  server.GrpcServerProtocolService (GrpcServerProtocolService.java:onCompleted(155)) - f2d55db1-4d7a-4f26-8f17-39f168379328: Completed APPEND_ENTRIES, lastRequest: f3b37029-1869-41d6-8bc8-d85a9541d8ef->f2d55db1-4d7a-4f26-8f17-39f168379328#1-t1,previous=(t:0, i:0),leaderCommit=-1,initializing? true,entries: size=1, first=(t:1, i:0), CONFIGURATIONENTRY(current:id: "f3b37029-1869-41d6-8bc8-d85a9541d8ef"
address: "10.1.0.25:15206"
priority: 1
dataStreamAddress: "10.1.0.25:15207"
clientAddress: "10.1.0.25:15204"
adminAddress: "10.1.0.25:15205"
startupRole: FOLLOWER
,id: "57da0847-4950-4ea9-a1de-cd2dacb809d4"
address: "10.1.0.25:15188"
dataStreamAddress: "10.1.0.25:15189"
clientAddress: "10.1.0.25:15186"
adminAddress: "10.1.0.25:15187"
startupRole: FOLLOWER
,id: "f2d55db1-4d7a-4f26-8f17-39f168379328"
address: "10.1.0.25:15197"
dataStreamAddress: "10.1.0.25:15198"
clientAddress: "10.1.0.25:15195"
adminAddress: "10.1.0.25:15196"
startupRole: FOLLOWER
, old:)
2023-10-17 18:45:14,617 [grpc-default-executor-4] INFO  server.GrpcServerProtocolService (GrpcServerProtocolService.java:lambda$onCompleted$5(157)) - f2d55db1-4d7a-4f26-8f17-39f168379328: Completed APPEND_ENTRIES, lastReply: null
2023-10-17 18:45:14,618 [grpc-default-executor-0] INFO  server.GrpcServerProtocolService (GrpcServerProtocolService.java:onCompleted(155)) - 57da0847-4950-4ea9-a1de-cd2dacb809d4: Completed APPEND_ENTRIES, lastRequest: null
2023-10-17 18:45:14,618 [grpc-default-executor-0] INFO  server.GrpcServerProtocolService (GrpcServerProtocolService.java:lambda$onCompleted$5(157)) - 57da0847-4950-4ea9-a1de-cd2dacb809d4: Completed APPEND_ENTRIES, lastReply: serverReply {
  requestorId: "f3b37029-1869-41d6-8bc8-d85a9541d8ef"
  replyId: "57da0847-4950-4ea9-a1de-cd2dacb809d4"
  raftGroupId {
    id: "\301}G\027\255\'BD\210\247\337J\272\344\017\301"
  }
  success: true
}
term: 1
nextIndex: 1
followerCommit: 18446744073709551615
matchIndex: 18446744073709551615
isHearbeat: true

2023-10-17 18:45:14,618 [grpc-default-executor-5] INFO  server.GrpcServerProtocolService (GrpcServerProtocolService.java:onCompleted(155)) - f3b37029-1869-41d6-8bc8-d85a9541d8ef: Completed APPEND_ENTRIES, lastRequest: null
2023-10-17 18:45:14,618 [grpc-default-executor-5] INFO  server.GrpcServerProtocolService (GrpcServerProtocolService.java:lambda$onCompleted$5(157)) - f3b37029-1869-41d6-8bc8-d85a9541d8ef: Completed APPEND_ENTRIES, lastReply: serverReply {
  requestorId: "f2d55db1-4d7a-4f26-8f17-39f168379328"
  replyId: "f3b37029-1869-41d6-8bc8-d85a9541d8ef"
  raftGroupId {
    id: "C\177Yq!\376@5\274G\256\317\fA\024\227"
  }
  callId: 2
  success: true
}
term: 1
nextIndex: 1
matchIndex: 18446744073709551615
isHearbeat: true

2023-10-17 18:45:14,619 [grpc-default-executor-3] INFO  server.GrpcServerProtocolService (GrpcServerProtocolService.java:onCompleted(155)) - 57da0847-4950-4ea9-a1de-cd2dacb809d4: Completed APPEND_ENTRIES, lastRequest: null
2023-10-17 18:45:14,619 [grpc-default-executor-3] INFO  server.GrpcServerProtocolService (GrpcServerProtocolService.java:lambda$onCompleted$5(157)) - 57da0847-4950-4ea9-a1de-cd2dacb809d4: Completed APPEND_ENTRIES, lastReply: serverReply {
  requestorId: "f2d55db1-4d7a-4f26-8f17-39f168379328"
  replyId: "57da0847-4950-4ea9-a1de-cd2dacb809d4"
  raftGroupId {
    id: "C\177Yq!\376@5\274G\256\317\fA\024\227"
  }
  success: true
}
term: 1
nextIndex: 1
followerCommit: 18446744073709551615
matchIndex: 18446744073709551615
isHearbeat: true

2023-10-17 18:45:14,621 [grpc-default-executor-2] INFO  server.GrpcLogAppender (GrpcLogAppender.java:onError(417)) - f3b37029-1869-41d6-8bc8-d85a9541d8ef@group-DF4ABAE40FC1->57da0847-4950-4ea9-a1de-cd2dacb809d4-GrpcLogAppender is already stopped
2023-10-17 18:45:14,621 [grpc-default-executor-1] INFO  server.GrpcLogAppender (GrpcLogAppender.java:onError(417)) - f2d55db1-4d7a-4f26-8f17-39f168379328@group-AECF0C411497->57da0847-4950-4ea9-a1de-cd2dacb809d4-GrpcLogAppender is already stopped
2023-10-17 18:45:14,621 [grpc-default-executor-3] INFO  server.GrpcLogAppender (GrpcLogAppender.java:onCompleted(428)) - f3b37029-1869-41d6-8bc8-d85a9541d8ef@group-DF4ABAE40FC1->f2d55db1-4d7a-4f26-8f17-39f168379328-AppendLogResponseHandler: follower responses appendEntries COMPLETED
2023-10-17 18:45:14,621 [grpc-default-executor-3] WARN  server.GrpcLogAppender (GrpcLogAppender.java:resetClient(137)) - f3b37029-1869-41d6-8bc8-d85a9541d8ef@group-DF4ABAE40FC1->f2d55db1-4d7a-4f26-8f17-39f168379328-GrpcLogAppender: Failed to getClient for f2d55db1-4d7a-4f26-8f17-39f168379328
org.apache.ratis.protocol.exceptions.AlreadyClosedException: f3b37029-1869-41d6-8bc8-d85a9541d8ef is already CLOSED
	at org.apache.ratis.util.PeerProxyMap$PeerAndProxy.getProxy(PeerProxyMap.java:61)
	at org.apache.ratis.util.PeerProxyMap.getProxy(PeerProxyMap.java:115)
	at org.apache.ratis.grpc.server.GrpcLogAppender.getClient(GrpcLogAppender.java:112)
	at org.apache.ratis.grpc.server.GrpcLogAppender.resetClient(GrpcLogAppender.java:117)
	at org.apache.ratis.grpc.server.GrpcLogAppender.access$500(GrpcLogAppender.java:56)
	at org.apache.ratis.grpc.server.GrpcLogAppender$AppendLogResponseHandler.onCompleted(GrpcLogAppender.java:429)
	at org.apache.ratis.thirdparty.io.grpc.stub.ClientCalls$StreamObserverToCallListenerAdapter.onClose(ClientCalls.java:485)
	at org.apache.ratis.thirdparty.io.grpc.internal.ClientCallImpl.closeObserver(ClientCallImpl.java:563)
	at org.apache.ratis.thirdparty.io.grpc.internal.ClientCallImpl.access$300(ClientCallImpl.java:70)
	at org.apache.ratis.thirdparty.io.grpc.internal.ClientCallImpl$ClientStreamListenerImpl$1StreamClosed.runInternal(ClientCallImpl.java:744)
	at org.apache.ratis.thirdparty.io.grpc.internal.ClientCallImpl$ClientStreamListenerImpl$1StreamClosed.runInContext(ClientCallImpl.java:723)
	at org.apache.ratis.thirdparty.io.grpc.internal.ContextRunnable.run(ContextRunnable.java:37)
	at org.apache.ratis.thirdparty.io.grpc.internal.SerializingExecutor.run(SerializingExecutor.java:133)
	at java.util.concurrent.ThreadPoolExecutor.runWorker(ThreadPoolExecutor.java:1149)
	at java.util.concurrent.ThreadPoolExecutor$Worker.run(ThreadPoolExecutor.java:624)
	at java.lang.Thread.run(Thread.java:750)
2023-10-17 18:45:14,621 [grpc-default-executor-6] INFO  server.GrpcLogAppender (GrpcLogAppender.java:onCompleted(428)) - f3b37029-1869-41d6-8bc8-d85a9541d8ef@group-DF4ABAE40FC1->57da0847-4950-4ea9-a1de-cd2dacb809d4-AppendLogResponseHandler: follower responses appendEntries COMPLETED
2023-10-17 18:45:14,621 [grpc-default-executor-6] WARN  server.GrpcLogAppender (GrpcLogAppender.java:resetClient(137)) - f3b37029-1869-41d6-8bc8-d85a9541d8ef@group-DF4ABAE40FC1->57da0847-4950-4ea9-a1de-cd2dacb809d4-GrpcLogAppender: Failed to getClient for 57da0847-4950-4ea9-a1de-cd2dacb809d4
org.apache.ratis.protocol.exceptions.AlreadyClosedException: f3b37029-1869-41d6-8bc8-d85a9541d8ef is already CLOSED
	at org.apache.ratis.util.PeerProxyMap$PeerAndProxy.getProxy(PeerProxyMap.java:61)
	at org.apache.ratis.util.PeerProxyMap.getProxy(PeerProxyMap.java:115)
	at org.apache.ratis.grpc.server.GrpcLogAppender.getClient(GrpcLogAppender.java:112)
	at org.apache.ratis.grpc.server.GrpcLogAppender.resetClient(GrpcLogAppender.java:117)
	at org.apache.ratis.grpc.server.GrpcLogAppender.access$500(GrpcLogAppender.java:56)
	at org.apache.ratis.grpc.server.GrpcLogAppender$AppendLogResponseHandler.onCompleted(GrpcLogAppender.java:429)
	at org.apache.ratis.thirdparty.io.grpc.stub.ClientCalls$StreamObserverToCallListenerAdapter.onClose(ClientCalls.java:485)
	at org.apache.ratis.thirdparty.io.grpc.internal.ClientCallImpl.closeObserver(ClientCallImpl.java:563)
	at org.apache.ratis.thirdparty.io.grpc.internal.ClientCallImpl.access$300(ClientCallImpl.java:70)
	at org.apache.ratis.thirdparty.io.grpc.internal.ClientCallImpl$ClientStreamListenerImpl$1StreamClosed.runInternal(ClientCallImpl.java:744)
	at org.apache.ratis.thirdparty.io.grpc.internal.ClientCallImpl$ClientStreamListenerImpl$1StreamClosed.runInContext(ClientCallImpl.java:723)
	at org.apache.ratis.thirdparty.io.grpc.internal.ContextRunnable.run(ContextRunnable.java:37)
	at org.apache.ratis.thirdparty.io.grpc.internal.SerializingExecutor.run(SerializingExecutor.java:133)
	at java.util.concurrent.ThreadPoolExecutor.runWorker(ThreadPoolExecutor.java:1149)
	at java.util.concurrent.ThreadPoolExecutor$Worker.run(ThreadPoolExecutor.java:624)
	at java.lang.Thread.run(Thread.java:750)
2023-10-17 18:45:14,634 [ForkJoinPool.commonPool-worker-2] INFO  server.GrpcService (GrpcService.java:closeImpl(320)) - 57da0847-4950-4ea9-a1de-cd2dacb809d4: shutdown server GrpcServerProtocolService successfully
2023-10-17 18:45:14,634 [ForkJoinPool.commonPool-worker-2] INFO  server.GrpcService (GrpcService.java:closeImpl(311)) - 57da0847-4950-4ea9-a1de-cd2dacb809d4: shutdown server org.apache.ratis.grpc.server.GrpcAdminProtocolService now
2023-10-17 18:45:14,634 [grpc-default-executor-7] INFO  server.GrpcLogAppender (GrpcLogAppender.java:onCompleted(428)) - f3b37029-1869-41d6-8bc8-d85a9541d8ef@group-DF4ABAE40FC1->f2d55db1-4d7a-4f26-8f17-39f168379328-AppendLogResponseHandler: follower responses appendEntries COMPLETED
2023-10-17 18:45:14,634 [grpc-default-executor-7] WARN  server.GrpcLogAppender (GrpcLogAppender.java:resetClient(137)) - f3b37029-1869-41d6-8bc8-d85a9541d8ef@group-DF4ABAE40FC1->f2d55db1-4d7a-4f26-8f17-39f168379328-GrpcLogAppender: Failed to getClient for f2d55db1-4d7a-4f26-8f17-39f168379328
org.apache.ratis.protocol.exceptions.AlreadyClosedException: f3b37029-1869-41d6-8bc8-d85a9541d8ef is already CLOSED
	at org.apache.ratis.util.PeerProxyMap$PeerAndProxy.getProxy(PeerProxyMap.java:61)
	at org.apache.ratis.util.PeerProxyMap.getProxy(PeerProxyMap.java:115)
	at org.apache.ratis.grpc.server.GrpcLogAppender.getClient(GrpcLogAppender.java:112)
	at org.apache.ratis.grpc.server.GrpcLogAppender.resetClient(GrpcLogAppender.java:117)
	at org.apache.ratis.grpc.server.GrpcLogAppender.access$500(GrpcLogAppender.java:56)
	at org.apache.ratis.grpc.server.GrpcLogAppender$AppendLogResponseHandler.onCompleted(GrpcLogAppender.java:429)
	at org.apache.ratis.thirdparty.io.grpc.stub.ClientCalls$StreamObserverToCallListenerAdapter.onClose(ClientCalls.java:485)
	at org.apache.ratis.thirdparty.io.grpc.internal.ClientCallImpl.closeObserver(ClientCallImpl.java:563)
	at org.apache.ratis.thirdparty.io.grpc.internal.ClientCallImpl.access$300(ClientCallImpl.java:70)
	at org.apache.ratis.thirdparty.io.grpc.internal.ClientCallImpl$ClientStreamListenerImpl$1StreamClosed.runInternal(ClientCallImpl.java:744)
	at org.apache.ratis.thirdparty.io.grpc.internal.ClientCallImpl$ClientStreamListenerImpl$1StreamClosed.runInContext(ClientCallImpl.java:723)
	at org.apache.ratis.thirdparty.io.grpc.internal.ContextRunnable.run(ContextRunnable.java:37)
	at org.apache.ratis.thirdparty.io.grpc.internal.SerializingExecutor.run(SerializingExecutor.java:133)
	at java.util.concurrent.ThreadPoolExecutor.runWorker(ThreadPoolExecutor.java:1149)
	at java.util.concurrent.ThreadPoolExecutor$Worker.run(ThreadPoolExecutor.java:624)
	at java.lang.Thread.run(Thread.java:750)
2023-10-17 18:45:14,635 [grpc-default-executor-6] INFO  server.GrpcLogAppender (GrpcLogAppender.java:onCompleted(428)) - f2d55db1-4d7a-4f26-8f17-39f168379328@group-AECF0C411497->f3b37029-1869-41d6-8bc8-d85a9541d8ef-AppendLogResponseHandler: follower responses appendEntries COMPLETED
2023-10-17 18:45:14,635 [grpc-default-executor-6] WARN  server.GrpcLogAppender (GrpcLogAppender.java:resetClient(137)) - f2d55db1-4d7a-4f26-8f17-39f168379328@group-AECF0C411497->f3b37029-1869-41d6-8bc8-d85a9541d8ef-GrpcLogAppender: Failed to getClient for f3b37029-1869-41d6-8bc8-d85a9541d8ef
org.apache.ratis.protocol.exceptions.AlreadyClosedException: f2d55db1-4d7a-4f26-8f17-39f168379328 is already CLOSED
	at org.apache.ratis.util.PeerProxyMap$PeerAndProxy.getProxy(PeerProxyMap.java:61)
	at org.apache.ratis.util.PeerProxyMap.getProxy(PeerProxyMap.java:115)
	at org.apache.ratis.grpc.server.GrpcLogAppender.getClient(GrpcLogAppender.java:112)
	at org.apache.ratis.grpc.server.GrpcLogAppender.resetClient(GrpcLogAppender.java:117)
	at org.apache.ratis.grpc.server.GrpcLogAppender.access$500(GrpcLogAppender.java:56)
	at org.apache.ratis.grpc.server.GrpcLogAppender$AppendLogResponseHandler.onCompleted(GrpcLogAppender.java:429)
	at org.apache.ratis.thirdparty.io.grpc.stub.ClientCalls$StreamObserverToCallListenerAdapter.onClose(ClientCalls.java:485)
	at org.apache.ratis.thirdparty.io.grpc.internal.ClientCallImpl.closeObserver(ClientCallImpl.java:563)
	at org.apache.ratis.thirdparty.io.grpc.internal.ClientCallImpl.access$300(ClientCallImpl.java:70)
	at org.apache.ratis.thirdparty.io.grpc.internal.ClientCallImpl$ClientStreamListenerImpl$1StreamClosed.runInternal(ClientCallImpl.java:744)
	at org.apache.ratis.thirdparty.io.grpc.internal.ClientCallImpl$ClientStreamListenerImpl$1StreamClosed.runInContext(ClientCallImpl.java:723)
	at org.apache.ratis.thirdparty.io.grpc.internal.ContextRunnable.run(ContextRunnable.java:37)
	at org.apache.ratis.thirdparty.io.grpc.internal.SerializingExecutor.run(SerializingExecutor.java:133)
	at java.util.concurrent.ThreadPoolExecutor.runWorker(ThreadPoolExecutor.java:1149)
	at java.util.concurrent.ThreadPoolExecutor$Worker.run(ThreadPoolExecutor.java:624)
	at java.lang.Thread.run(Thread.java:750)
2023-10-17 18:45:14,649 [ForkJoinPool.commonPool-worker-2] INFO  server.GrpcService (GrpcService.java:closeImpl(320)) - 57da0847-4950-4ea9-a1de-cd2dacb809d4: shutdown server org.apache.ratis.grpc.server.GrpcAdminProtocolService successfully
2023-10-17 18:45:14,649 [57da0847-4950-4ea9-a1de-cd2dacb809d4-NettyServerStreamRpc-bossGroup--thread1] INFO  logging.LoggingHandler (AbstractInternalLogger.java:log(148)) - [id: 0xb4708312, L:/0:0:0:0:0:0:0:0:15189] CLOSE
2023-10-17 18:45:14,649 [57da0847-4950-4ea9-a1de-cd2dacb809d4-NettyServerStreamRpc-bossGroup--thread1] INFO  logging.LoggingHandler (AbstractInternalLogger.java:log(148)) - [id: 0xb4708312, L:/0:0:0:0:0:0:0:0:15189] INACTIVE
2023-10-17 18:45:14,649 [57da0847-4950-4ea9-a1de-cd2dacb809d4-NettyServerStreamRpc-bossGroup--thread1] INFO  logging.LoggingHandler (AbstractInternalLogger.java:log(148)) - [id: 0xb4708312, L:/0:0:0:0:0:0:0:0:15189] UNREGISTERED
2023-10-17 18:45:14,650 [ForkJoinPool.commonPool-worker-3] INFO  server.GrpcService (GrpcService.java:closeImpl(320)) - f3b37029-1869-41d6-8bc8-d85a9541d8ef: shutdown server org.apache.ratis.grpc.server.GrpcClientProtocolService successfully
2023-10-17 18:45:14,650 [ForkJoinPool.commonPool-worker-3] INFO  server.GrpcService (GrpcService.java:closeImpl(311)) - f3b37029-1869-41d6-8bc8-d85a9541d8ef: shutdown server GrpcServerProtocolService now
2023-10-17 18:45:14,651 [Time-limited test] INFO  server.GrpcService (GrpcService.java:closeImpl(320)) - f2d55db1-4d7a-4f26-8f17-39f168379328: shutdown server org.apache.ratis.grpc.server.GrpcClientProtocolService successfully
2023-10-17 18:45:14,651 [Time-limited test] INFO  server.GrpcService (GrpcService.java:closeImpl(311)) - f2d55db1-4d7a-4f26-8f17-39f168379328: shutdown server GrpcServerProtocolService now
2023-10-17 18:45:14,658 [Time-limited test] INFO  server.GrpcService (GrpcService.java:closeImpl(320)) - f2d55db1-4d7a-4f26-8f17-39f168379328: shutdown server GrpcServerProtocolService successfully
2023-10-17 18:45:14,658 [Time-limited test] INFO  server.GrpcService (GrpcService.java:closeImpl(311)) - f2d55db1-4d7a-4f26-8f17-39f168379328: shutdown server org.apache.ratis.grpc.server.GrpcAdminProtocolService now
2023-10-17 18:45:14,660 [ForkJoinPool.commonPool-worker-3] INFO  server.GrpcService (GrpcService.java:closeImpl(320)) - f3b37029-1869-41d6-8bc8-d85a9541d8ef: shutdown server GrpcServerProtocolService successfully
2023-10-17 18:45:14,660 [ForkJoinPool.commonPool-worker-3] INFO  server.GrpcService (GrpcService.java:closeImpl(311)) - f3b37029-1869-41d6-8bc8-d85a9541d8ef: shutdown server org.apache.ratis.grpc.server.GrpcAdminProtocolService now
2023-10-17 18:45:14,667 [Time-limited test] INFO  server.GrpcService (GrpcService.java:closeImpl(320)) - f2d55db1-4d7a-4f26-8f17-39f168379328: shutdown server org.apache.ratis.grpc.server.GrpcAdminProtocolService successfully
2023-10-17 18:45:14,667 [f2d55db1-4d7a-4f26-8f17-39f168379328-NettyServerStreamRpc-bossGroup--thread1] INFO  logging.LoggingHandler (AbstractInternalLogger.java:log(148)) - [id: 0x49cf9f4b, L:/0:0:0:0:0:0:0:0:15198] CLOSE
2023-10-17 18:45:14,668 [f2d55db1-4d7a-4f26-8f17-39f168379328-NettyServerStreamRpc-bossGroup--thread1] INFO  logging.LoggingHandler (AbstractInternalLogger.java:log(148)) - [id: 0x49cf9f4b, L:/0:0:0:0:0:0:0:0:15198] INACTIVE
2023-10-17 18:45:14,668 [f2d55db1-4d7a-4f26-8f17-39f168379328-NettyServerStreamRpc-bossGroup--thread1] INFO  logging.LoggingHandler (AbstractInternalLogger.java:log(148)) - [id: 0x49cf9f4b, L:/0:0:0:0:0:0:0:0:15198] UNREGISTERED
2023-10-17 18:45:14,674 [ForkJoinPool.commonPool-worker-3] INFO  server.GrpcService (GrpcService.java:closeImpl(320)) - f3b37029-1869-41d6-8bc8-d85a9541d8ef: shutdown server org.apache.ratis.grpc.server.GrpcAdminProtocolService successfully
2023-10-17 18:45:14,674 [f3b37029-1869-41d6-8bc8-d85a9541d8ef-NettyServerStreamRpc-bossGroup--thread1] INFO  logging.LoggingHandler (AbstractInternalLogger.java:log(148)) - [id: 0xaccf0ee3, L:/0:0:0:0:0:0:0:0:15207] CLOSE
2023-10-17 18:45:14,680 [f3b37029-1869-41d6-8bc8-d85a9541d8ef-NettyServerStreamRpc-bossGroup--thread1] INFO  logging.LoggingHandler (AbstractInternalLogger.java:log(148)) - [id: 0xaccf0ee3, L:/0:0:0:0:0:0:0:0:15207] INACTIVE
2023-10-17 18:45:14,680 [f3b37029-1869-41d6-8bc8-d85a9541d8ef-NettyServerStreamRpc-bossGroup--thread1] INFO  logging.LoggingHandler (AbstractInternalLogger.java:log(148)) - [id: 0xaccf0ee3, L:/0:0:0:0:0:0:0:0:15207] UNREGISTERED
2023-10-17 18:45:14,820 [57da0847-4950-4ea9-a1de-cd2dacb809d4-impl-thread2] INFO  segmented.SegmentedRaftLogWorker (SegmentedRaftLogWorker.java:close(252)) - 57da0847-4950-4ea9-a1de-cd2dacb809d4@group-D28988D642C9-SegmentedRaftLogWorker close()
2023-10-17 18:45:14,945 [f2d55db1-4d7a-4f26-8f17-39f168379328-impl-thread3] INFO  segmented.SegmentedRaftLogWorker (SegmentedRaftLogWorker.java:close(252)) - f2d55db1-4d7a-4f26-8f17-39f168379328@group-AECF0C411497-SegmentedRaftLogWorker close()
2023-10-17 18:45:14,975 [f3b37029-1869-41d6-8bc8-d85a9541d8ef-impl-thread2] INFO  segmented.SegmentedRaftLogWorker (SegmentedRaftLogWorker.java:close(252)) - f3b37029-1869-41d6-8bc8-d85a9541d8ef@group-AECF0C411497-SegmentedRaftLogWorker close()
2023-10-17 18:45:14,981 [57da0847-4950-4ea9-a1de-cd2dacb809d4-impl-thread3] INFO  segmented.SegmentedRaftLogWorker (SegmentedRaftLogWorker.java:close(252)) - 57da0847-4950-4ea9-a1de-cd2dacb809d4@group-AECF0C411497-SegmentedRaftLogWorker close()
2023-10-17 18:45:15,142 [f3b37029-1869-41d6-8bc8-d85a9541d8ef-impl-thread1] INFO  segmented.SegmentedRaftLogWorker (SegmentedRaftLogWorker.java:close(252)) - f3b37029-1869-41d6-8bc8-d85a9541d8ef@group-DF4ABAE40FC1-SegmentedRaftLogWorker close()
2023-10-17 18:45:15,181 [57da0847-4950-4ea9-a1de-cd2dacb809d4-impl-thread1] INFO  segmented.SegmentedRaftLogWorker (SegmentedRaftLogWorker.java:close(252)) - 57da0847-4950-4ea9-a1de-cd2dacb809d4@group-DF4ABAE40FC1-SegmentedRaftLogWorker close()
2023-10-17 18:45:15,183 [JvmPauseMonitor29] INFO  util.JvmPauseMonitor (JvmPauseMonitor.java:run(109)) - JvmPauseMonitor-57da0847-4950-4ea9-a1de-cd2dacb809d4: Stopped
2023-10-17 18:45:15,191 [f2d55db1-4d7a-4f26-8f17-39f168379328-impl-thread1] INFO  segmented.SegmentedRaftLogWorker (SegmentedRaftLogWorker.java:close(252)) - f2d55db1-4d7a-4f26-8f17-39f168379328@group-DF4ABAE40FC1-SegmentedRaftLogWorker close()
2023-10-17 18:45:15,277 [f2d55db1-4d7a-4f26-8f17-39f168379328-impl-thread2] INFO  segmented.SegmentedRaftLogWorker (SegmentedRaftLogWorker.java:close(252)) - f2d55db1-4d7a-4f26-8f17-39f168379328@group-27CEC22D2FA1-SegmentedRaftLogWorker close()
2023-10-17 18:45:15,278 [JvmPauseMonitor30] INFO  util.JvmPauseMonitor (JvmPauseMonitor.java:run(109)) - JvmPauseMonitor-f2d55db1-4d7a-4f26-8f17-39f168379328: Stopped
2023-10-17 18:45:15,586 [f3b37029-1869-41d6-8bc8-d85a9541d8ef-impl-thread3] INFO  segmented.SegmentedRaftLogWorker (SegmentedRaftLogWorker.java:close(252)) - f3b37029-1869-41d6-8bc8-d85a9541d8ef@group-A97C69DAEA39-SegmentedRaftLogWorker close()
2023-10-17 18:45:15,587 [JvmPauseMonitor31] INFO  util.JvmPauseMonitor (JvmPauseMonitor.java:run(109)) - JvmPauseMonitor-f3b37029-1869-41d6-8bc8-d85a9541d8ef: Stopped
2023-10-17 18:45:17,186 [ForkJoinPool.commonPool-worker-2] INFO  utils.DatanodeStoreCache (DatanodeStoreCache.java:shutdownCache(110)) - Skip clearing cache in mini cluster mode. Entries left: [/home/runner/work/ozone/ozone/hadoop-ozone/integration-test/target/test-dir/MiniOzoneClusterImpl-14327f45-78e1-4847-8051-3610e19f479d/datanode-0/data-0/containers/hdds/14327f45-78e1-4847-8051-3610e19f479d/DS-4a7b291d-0e64-4aab-8306-3cbb56d396fe/container.db, /home/runner/work/ozone/ozone/hadoop-ozone/integration-test/target/test-dir/MiniOzoneClusterImpl-14327f45-78e1-4847-8051-3610e19f479d/datanode-1/data-0/containers/hdds/14327f45-78e1-4847-8051-3610e19f479d/DS-678816fa-e065-449c-b996-a1a5d7c20c7c/container.db, /home/runner/work/ozone/ozone/hadoop-ozone/integration-test/target/test-dir/MiniOzoneClusterImpl-14327f45-78e1-4847-8051-3610e19f479d/datanode-2/data-0/containers/hdds/14327f45-78e1-4847-8051-3610e19f479d/DS-bffb3eda-4194-4398-994e-cc3206fd5aaf/container.db]
2023-10-17 18:45:17,189 [ForkJoinPool.commonPool-worker-2] INFO  utils.DatanodeStoreCache (DatanodeStoreCache.java:removeDB(104)) - Removed db /home/runner/work/ozone/ozone/hadoop-ozone/integration-test/target/test-dir/MiniOzoneClusterImpl-14327f45-78e1-4847-8051-3610e19f479d/datanode-0/data-0/containers/hdds/14327f45-78e1-4847-8051-3610e19f479d/DS-4a7b291d-0e64-4aab-8306-3cbb56d396fe/container.db from cache
2023-10-17 18:45:17,189 [ForkJoinPool.commonPool-worker-2] INFO  volume.HddsVolume (HddsVolume.java:closeDbStore(453)) - SchemaV3 db is stopped at /home/runner/work/ozone/ozone/hadoop-ozone/integration-test/target/test-dir/MiniOzoneClusterImpl-14327f45-78e1-4847-8051-3610e19f479d/datanode-0/data-0/containers/hdds/14327f45-78e1-4847-8051-3610e19f479d/DS-4a7b291d-0e64-4aab-8306-3cbb56d396fe/container.db for volume DS-4a7b291d-0e64-4aab-8306-3cbb56d396fe
2023-10-17 18:45:17,190 [ForkJoinPool.commonPool-worker-2] INFO  utils.BackgroundService (BackgroundService.java:shutdown(160)) - Shutting down service BlockDeletingService
2023-10-17 18:45:17,190 [ForkJoinPool.commonPool-worker-2] INFO  utils.BackgroundService (BackgroundService.java:shutdown(160)) - Shutting down service StaleRecoveringContainerScrubbingService
2023-10-17 18:45:17,191 [ForkJoinPool.commonPool-worker-2] INFO  statemachine.DatanodeStateMachine (DatanodeStateMachine.java:stopDaemon(628)) - Ozone container server stopped.
2023-10-17 18:45:17,200 [ForkJoinPool.commonPool-worker-2] INFO  handler.ContextHandler (ContextHandler.java:doStop(1159)) - Stopped o.e.j.w.WebAppContext@477fad3{hddsDatanode,/,null,STOPPED}{jar:file:/home/runner/.m2/repository/org/apache/ozone/hdds-container-service/1.4.0-SNAPSHOT/hdds-container-service-1.4.0-SNAPSHOT.jar!/webapps/hddsDatanode}
2023-10-17 18:45:17,201 [ForkJoinPool.commonPool-worker-2] INFO  server.AbstractConnector (AbstractConnector.java:doStop(383)) - Stopped ServerConnector@c85c186{HTTP/1.1, (http/1.1)}{0.0.0.0:15183}
2023-10-17 18:45:17,201 [ForkJoinPool.commonPool-worker-2] INFO  server.session (HouseKeeper.java:stopScavenging(149)) - node0 Stopped scavenging
2023-10-17 18:45:17,202 [ForkJoinPool.commonPool-worker-2] INFO  handler.ContextHandler (ContextHandler.java:doStop(1159)) - Stopped o.e.j.s.ServletContextHandler@6d10275d{static,/static,jar:file:/home/runner/.m2/repository/org/apache/ozone/hdds-container-service/1.4.0-SNAPSHOT/hdds-container-service-1.4.0-SNAPSHOT.jar!/webapps/static,STOPPED}
2023-10-17 18:45:17,202 [ForkJoinPool.commonPool-worker-2] INFO  handler.ContextHandler (ContextHandler.java:doStop(1159)) - Stopped o.e.j.s.ServletContextHandler@23bb6092{logs,/logs,file:///home/runner/work/ozone/ozone/hadoop-ozone/integration-test/target/log,STOPPED}
2023-10-17 18:45:17,203 [ForkJoinPool.commonPool-worker-2] INFO  ozone.HddsDatanodeClientProtocolServer (HddsDatanodeClientProtocolServer.java:stop(78)) - Stopping the RPC server for Client Protocol
2023-10-17 18:45:17,203 [ForkJoinPool.commonPool-worker-2] INFO  ipc.Server (Server.java:stop(3523)) - Stopping server on 15184
2023-10-17 18:45:17,203 [IPC Server listener on 15184] INFO  ipc.Server (Server.java:run(1434)) - Stopping IPC Server listener on 15184
2023-10-17 18:45:17,204 [IPC Server Responder] INFO  ipc.Server (Server.java:run(1567)) - Stopping IPC Server Responder
2023-10-17 18:45:17,281 [Time-limited test] INFO  utils.DatanodeStoreCache (DatanodeStoreCache.java:shutdownCache(110)) - Skip clearing cache in mini cluster mode. Entries left: [/home/runner/work/ozone/ozone/hadoop-ozone/integration-test/target/test-dir/MiniOzoneClusterImpl-14327f45-78e1-4847-8051-3610e19f479d/datanode-1/data-0/containers/hdds/14327f45-78e1-4847-8051-3610e19f479d/DS-678816fa-e065-449c-b996-a1a5d7c20c7c/container.db, /home/runner/work/ozone/ozone/hadoop-ozone/integration-test/target/test-dir/MiniOzoneClusterImpl-14327f45-78e1-4847-8051-3610e19f479d/datanode-2/data-0/containers/hdds/14327f45-78e1-4847-8051-3610e19f479d/DS-bffb3eda-4194-4398-994e-cc3206fd5aaf/container.db]
2023-10-17 18:45:17,283 [Time-limited test] INFO  utils.DatanodeStoreCache (DatanodeStoreCache.java:removeDB(104)) - Removed db /home/runner/work/ozone/ozone/hadoop-ozone/integration-test/target/test-dir/MiniOzoneClusterImpl-14327f45-78e1-4847-8051-3610e19f479d/datanode-1/data-0/containers/hdds/14327f45-78e1-4847-8051-3610e19f479d/DS-678816fa-e065-449c-b996-a1a5d7c20c7c/container.db from cache
2023-10-17 18:45:17,283 [Time-limited test] INFO  volume.HddsVolume (HddsVolume.java:closeDbStore(453)) - SchemaV3 db is stopped at /home/runner/work/ozone/ozone/hadoop-ozone/integration-test/target/test-dir/MiniOzoneClusterImpl-14327f45-78e1-4847-8051-3610e19f479d/datanode-1/data-0/containers/hdds/14327f45-78e1-4847-8051-3610e19f479d/DS-678816fa-e065-449c-b996-a1a5d7c20c7c/container.db for volume DS-678816fa-e065-449c-b996-a1a5d7c20c7c
2023-10-17 18:45:17,283 [Time-limited test] INFO  utils.BackgroundService (BackgroundService.java:shutdown(160)) - Shutting down service BlockDeletingService
2023-10-17 18:45:17,283 [Time-limited test] INFO  utils.BackgroundService (BackgroundService.java:shutdown(160)) - Shutting down service StaleRecoveringContainerScrubbingService
2023-10-17 18:45:17,284 [Time-limited test] INFO  statemachine.DatanodeStateMachine (DatanodeStateMachine.java:stopDaemon(628)) - Ozone container server stopped.
2023-10-17 18:45:17,293 [Time-limited test] INFO  handler.ContextHandler (ContextHandler.java:doStop(1159)) - Stopped o.e.j.w.WebAppContext@c4dfa61{hddsDatanode,/,null,STOPPED}{jar:file:/home/runner/.m2/repository/org/apache/ozone/hdds-container-service/1.4.0-SNAPSHOT/hdds-container-service-1.4.0-SNAPSHOT.jar!/webapps/hddsDatanode}
2023-10-17 18:45:17,293 [Time-limited test] INFO  server.AbstractConnector (AbstractConnector.java:doStop(383)) - Stopped ServerConnector@33e6da7a{HTTP/1.1, (http/1.1)}{0.0.0.0:15192}
2023-10-17 18:45:17,294 [Time-limited test] INFO  server.session (HouseKeeper.java:stopScavenging(149)) - node0 Stopped scavenging
2023-10-17 18:45:17,294 [Time-limited test] INFO  handler.ContextHandler (ContextHandler.java:doStop(1159)) - Stopped o.e.j.s.ServletContextHandler@2ab08461{static,/static,jar:file:/home/runner/.m2/repository/org/apache/ozone/hdds-container-service/1.4.0-SNAPSHOT/hdds-container-service-1.4.0-SNAPSHOT.jar!/webapps/static,STOPPED}
2023-10-17 18:45:17,294 [Time-limited test] INFO  handler.ContextHandler (ContextHandler.java:doStop(1159)) - Stopped o.e.j.s.ServletContextHandler@5703d91{logs,/logs,file:///home/runner/work/ozone/ozone/hadoop-ozone/integration-test/target/log,STOPPED}
2023-10-17 18:45:17,294 [Time-limited test] INFO  ozone.HddsDatanodeClientProtocolServer (HddsDatanodeClientProtocolServer.java:stop(78)) - Stopping the RPC server for Client Protocol
2023-10-17 18:45:17,295 [Time-limited test] INFO  ipc.Server (Server.java:stop(3523)) - Stopping server on 15193
2023-10-17 18:45:17,295 [IPC Server listener on 15193] INFO  ipc.Server (Server.java:run(1434)) - Stopping IPC Server listener on 15193
2023-10-17 18:45:17,300 [IPC Server Responder] INFO  ipc.Server (Server.java:run(1567)) - Stopping IPC Server Responder
2023-10-17 18:45:17,590 [ForkJoinPool.commonPool-worker-3] INFO  utils.DatanodeStoreCache (DatanodeStoreCache.java:shutdownCache(110)) - Skip clearing cache in mini cluster mode. Entries left: [/home/runner/work/ozone/ozone/hadoop-ozone/integration-test/target/test-dir/MiniOzoneClusterImpl-14327f45-78e1-4847-8051-3610e19f479d/datanode-2/data-0/containers/hdds/14327f45-78e1-4847-8051-3610e19f479d/DS-bffb3eda-4194-4398-994e-cc3206fd5aaf/container.db]
2023-10-17 18:45:17,592 [ForkJoinPool.commonPool-worker-3] INFO  utils.DatanodeStoreCache (DatanodeStoreCache.java:removeDB(104)) - Removed db /home/runner/work/ozone/ozone/hadoop-ozone/integration-test/target/test-dir/MiniOzoneClusterImpl-14327f45-78e1-4847-8051-3610e19f479d/datanode-2/data-0/containers/hdds/14327f45-78e1-4847-8051-3610e19f479d/DS-bffb3eda-4194-4398-994e-cc3206fd5aaf/container.db from cache
2023-10-17 18:45:17,592 [ForkJoinPool.commonPool-worker-3] INFO  volume.HddsVolume (HddsVolume.java:closeDbStore(453)) - SchemaV3 db is stopped at /home/runner/work/ozone/ozone/hadoop-ozone/integration-test/target/test-dir/MiniOzoneClusterImpl-14327f45-78e1-4847-8051-3610e19f479d/datanode-2/data-0/containers/hdds/14327f45-78e1-4847-8051-3610e19f479d/DS-bffb3eda-4194-4398-994e-cc3206fd5aaf/container.db for volume DS-bffb3eda-4194-4398-994e-cc3206fd5aaf
2023-10-17 18:45:17,593 [ForkJoinPool.commonPool-worker-3] INFO  utils.BackgroundService (BackgroundService.java:shutdown(160)) - Shutting down service BlockDeletingService
2023-10-17 18:45:17,593 [ForkJoinPool.commonPool-worker-3] INFO  utils.BackgroundService (BackgroundService.java:shutdown(160)) - Shutting down service StaleRecoveringContainerScrubbingService
2023-10-17 18:45:17,594 [ForkJoinPool.commonPool-worker-3] INFO  statemachine.DatanodeStateMachine (DatanodeStateMachine.java:stopDaemon(628)) - Ozone container server stopped.
2023-10-17 18:45:17,605 [ForkJoinPool.commonPool-worker-3] INFO  handler.ContextHandler (ContextHandler.java:doStop(1159)) - Stopped o.e.j.w.WebAppContext@34a44962{hddsDatanode,/,null,STOPPED}{jar:file:/home/runner/.m2/repository/org/apache/ozone/hdds-container-service/1.4.0-SNAPSHOT/hdds-container-service-1.4.0-SNAPSHOT.jar!/webapps/hddsDatanode}
2023-10-17 18:45:17,605 [ForkJoinPool.commonPool-worker-3] INFO  server.AbstractConnector (AbstractConnector.java:doStop(383)) - Stopped ServerConnector@25b0f887{HTTP/1.1, (http/1.1)}{0.0.0.0:15201}
2023-10-17 18:45:17,605 [ForkJoinPool.commonPool-worker-3] INFO  server.session (HouseKeeper.java:stopScavenging(149)) - node0 Stopped scavenging
2023-10-17 18:45:17,606 [ForkJoinPool.commonPool-worker-3] INFO  handler.ContextHandler (ContextHandler.java:doStop(1159)) - Stopped o.e.j.s.ServletContextHandler@18161614{static,/static,jar:file:/home/runner/.m2/repository/org/apache/ozone/hdds-container-service/1.4.0-SNAPSHOT/hdds-container-service-1.4.0-SNAPSHOT.jar!/webapps/static,STOPPED}
2023-10-17 18:45:17,608 [ForkJoinPool.commonPool-worker-3] INFO  handler.ContextHandler (ContextHandler.java:doStop(1159)) - Stopped o.e.j.s.ServletContextHandler@33195446{logs,/logs,file:///home/runner/work/ozone/ozone/hadoop-ozone/integration-test/target/log,STOPPED}
2023-10-17 18:45:17,609 [ForkJoinPool.commonPool-worker-3] INFO  ozone.HddsDatanodeClientProtocolServer (HddsDatanodeClientProtocolServer.java:stop(78)) - Stopping the RPC server for Client Protocol
2023-10-17 18:45:17,609 [ForkJoinPool.commonPool-worker-3] INFO  ipc.Server (Server.java:stop(3523)) - Stopping server on 15202
2023-10-17 18:45:17,610 [IPC Server listener on 15202] INFO  ipc.Server (Server.java:run(1434)) - Stopping IPC Server listener on 15202
2023-10-17 18:45:17,610 [IPC Server Responder] INFO  ipc.Server (Server.java:run(1567)) - Stopping IPC Server Responder
2023-10-17 18:45:17,611 [Time-limited test] INFO  ozone.MiniOzoneClusterImpl (MiniOzoneClusterImpl.java:stopSCM(548)) - Stopping the StorageContainerManager
2023-10-17 18:45:17,611 [Time-limited test] INFO  server.StorageContainerManager (StorageContainerManager.java:stop(1600)) - Container Balancer is not running.
2023-10-17 18:45:17,611 [Time-limited test] INFO  server.StorageContainerManager (StorageContainerManager.java:stopReplicationManager(1733)) - Stopping Replication Manager Service.
2023-10-17 18:45:17,611 [Time-limited test] INFO  replication.ReplicationManager (ReplicationManager.java:stop(323)) - Stopping Replication Monitor Thread.
2023-10-17 18:45:17,612 [Under Replicated Processor] WARN  replication.UnhealthyReplicationProcessor (UnhealthyReplicationProcessor.java:run(180)) - Under Replicated Processor interrupted. Exiting...
2023-10-17 18:45:17,612 [ReplicationMonitor] INFO  replication.ReplicationManager (ReplicationManager.java:run(921)) - Replication Monitor Thread is stopped
2023-10-17 18:45:17,612 [Over Replicated Processor] WARN  replication.UnhealthyReplicationProcessor (UnhealthyReplicationProcessor.java:run(180)) - Over Replicated Processor interrupted. Exiting...
2023-10-17 18:45:17,612 [Time-limited test] INFO  server.StorageContainerManager (StorageContainerManager.java:stop(1609)) - Stopping the Datanode Admin Monitor.
2023-10-17 18:45:17,612 [Time-limited test] INFO  server.StorageContainerManager (StorageContainerManager.java:stop(1616)) - Stopping datanode service RPC server
2023-10-17 18:45:17,612 [Time-limited test] INFO  server.SCMDatanodeProtocolServer (SCMDatanodeProtocolServer.java:stop(424)) - Stopping the RPC server for DataNodes
2023-10-17 18:45:17,612 [Time-limited test] INFO  ipc.Server (Server.java:stop(3523)) - Stopping server on 15176
2023-10-17 18:45:17,614 [IPC Server listener on 15176] INFO  ipc.Server (Server.java:run(1434)) - Stopping IPC Server listener on 15176
2023-10-17 18:45:17,615 [IPC Server Responder] INFO  ipc.Server (Server.java:run(1567)) - Stopping IPC Server Responder
2023-10-17 18:45:17,701 [SCM Heartbeat Processing Thread - 0] WARN  node.NodeStateManager (NodeStateManager.java:scheduleNextHealthCheck(874)) - Current Thread is interrupted, shutting down HB processing thread for Node Manager.
2023-10-17 18:45:17,702 [Time-limited test] INFO  server.StorageContainerManager (StorageContainerManager.java:stop(1624)) - Stopping block service RPC server
2023-10-17 18:45:17,702 [Time-limited test] INFO  server.SCMBlockProtocolServer (SCMBlockProtocolServer.java:stop(163)) - Stopping the RPC server for Block Protocol
2023-10-17 18:45:17,702 [Time-limited test] INFO  ipc.Server (Server.java:stop(3523)) - Stopping server on 15175
2023-10-17 18:45:17,703 [IPC Server Responder] INFO  ipc.Server (Server.java:run(1567)) - Stopping IPC Server Responder
2023-10-17 18:45:17,704 [IPC Server listener on 15175] INFO  ipc.Server (Server.java:run(1434)) - Stopping IPC Server listener on 15175
2023-10-17 18:45:17,704 [Time-limited test] INFO  server.StorageContainerManager (StorageContainerManager.java:stop(1631)) - Stopping the StorageContainerLocationProtocol RPC server
2023-10-17 18:45:17,705 [Time-limited test] INFO  server.SCMClientProtocolServer (SCMClientProtocolServer.java:stop(210)) - Stopping the RPC server for Client Protocol
2023-10-17 18:45:17,705 [Time-limited test] INFO  ipc.Server (Server.java:stop(3523)) - Stopping server on 15174
2023-10-17 18:45:17,705 [IPC Server listener on 15174] INFO  ipc.Server (Server.java:run(1434)) - Stopping IPC Server listener on 15174
2023-10-17 18:45:17,706 [IPC Server Responder] INFO  ipc.Server (Server.java:run(1567)) - Stopping IPC Server Responder
2023-10-17 18:45:17,708 [Time-limited test] INFO  server.StorageContainerManager (StorageContainerManager.java:stop(1638)) - Stopping Storage Container Manager HTTP server.
2023-10-17 18:45:17,708 [Time-limited test] INFO  handler.ContextHandler (ContextHandler.java:doStop(1159)) - Stopped o.e.j.w.WebAppContext@25eb7353{scm,/,null,STOPPED}{file:/home/runner/work/ozone/ozone/hadoop-ozone/integration-test/target/test-classes/webapps/scm}
2023-10-17 18:45:17,709 [Time-limited test] INFO  server.AbstractConnector (AbstractConnector.java:doStop(383)) - Stopped ServerConnector@27d2b46c{HTTP/1.1, (http/1.1)}{0.0.0.0:15177}
2023-10-17 18:45:17,709 [Time-limited test] INFO  server.session (HouseKeeper.java:stopScavenging(149)) - node0 Stopped scavenging
2023-10-17 18:45:17,709 [Time-limited test] INFO  handler.ContextHandler (ContextHandler.java:doStop(1159)) - Stopped o.e.j.s.ServletContextHandler@1e89448{static,/static,file:///home/runner/work/ozone/ozone/hadoop-ozone/integration-test/target/test-classes/webapps/static,STOPPED}
2023-10-17 18:45:17,709 [Time-limited test] INFO  handler.ContextHandler (ContextHandler.java:doStop(1159)) - Stopped o.e.j.s.ServletContextHandler@76caba8f{logs,/logs,file:///home/runner/work/ozone/ozone/hadoop-ozone/integration-test/target/log,STOPPED}
2023-10-17 18:45:17,710 [Time-limited test] INFO  server.StorageContainerManager (StorageContainerManager.java:stop(1646)) - Stopping SCM LayoutVersionManager Service.
2023-10-17 18:45:17,710 [Time-limited test] INFO  server.StorageContainerManager (StorageContainerManager.java:stop(1658)) - Stopping Block Manager Service.
2023-10-17 18:45:17,710 [Time-limited test] INFO  utils.BackgroundService (BackgroundService.java:shutdown(160)) - Shutting down service SCMBlockDeletingService
2023-10-17 18:45:17,711 [Time-limited test] INFO  utils.BackgroundService (BackgroundService.java:shutdown(160)) - Shutting down service SCMBlockDeletingService
2023-10-17 18:45:17,711 [Time-limited test] INFO  server.StorageContainerManager (StorageContainerManager.java:stop(1678)) - Stopping SCM Event Queue.
2023-10-17 18:45:17,711 [JvmPauseMonitor27] INFO  util.JvmPauseMonitor (JvmPauseMonitor.java:run(109)) - JvmPauseMonitor-ce6fb03e-55d6-47ee-9c76-82924f88ea1e: Stopped
2023-10-17 18:45:17,711 [Time-limited test] INFO  server.StorageContainerManager (StorageContainerManager.java:stop(1689)) - Stopping SCM HA services.
2023-10-17 18:45:17,712 [Time-limited test] INFO  pipeline.BackgroundPipelineCreator (BackgroundPipelineCreator.java:stop(149)) - Stopping RatisPipelineUtilsThread.
2023-10-17 18:45:17,712 [RatisPipelineUtilsThread - 0] WARN  pipeline.BackgroundPipelineCreator (BackgroundPipelineCreator.java:run(180)) - RatisPipelineUtilsThread is interrupted.
2023-10-17 18:45:17,712 [BackgroundPipelineScrubberThread] WARN  BackgroundPipelineScrubber (BackgroundSCMService.java:run(115)) - BackgroundPipelineScrubber is interrupted, exit
2023-10-17 18:45:17,712 [Time-limited test] INFO  BackgroundPipelineScrubber (BackgroundSCMService.java:stop(131)) - Stopping BackgroundPipelineScrubber Service.
2023-10-17 18:45:17,713 [Time-limited test] INFO  impl.MetricsSystemImpl (MetricsSystemImpl.java:stop(210)) - Stopping HddsDatanode metrics system...
2023-10-17 18:45:17,714 [prometheus] INFO  impl.MetricsSinkAdapter (MetricsSinkAdapter.java:publishMetricsFromQueue(141)) - prometheus thread interrupted.
2023-10-17 18:45:17,714 [Time-limited test] INFO  impl.MetricsSystemImpl (MetricsSystemImpl.java:stop(216)) - HddsDatanode metrics system stopped.
2023-10-17 18:45:17,714 [Time-limited test] WARN  pipeline.BackgroundPipelineCreator (BackgroundPipelineCreator.java:stop(145)) - RatisPipelineUtilsThread is not running, just ignore.
2023-10-17 18:45:17,714 [Time-limited test] INFO  BackgroundPipelineScrubber (BackgroundSCMService.java:stop(126)) - BackgroundPipelineScrubber Service is not running, skip stop.
2023-10-17 18:45:17,714 [ExpiredContainerReplicaOpScrubberThread] WARN  ExpiredContainerReplicaOpScrubber (BackgroundSCMService.java:run(115)) - ExpiredContainerReplicaOpScrubber is interrupted, exit
2023-10-17 18:45:17,716 [Time-limited test] INFO  ExpiredContainerReplicaOpScrubber (BackgroundSCMService.java:stop(131)) - Stopping ExpiredContainerReplicaOpScrubber Service.
2023-10-17 18:45:17,716 [Time-limited test] INFO  utils.BackgroundService (BackgroundService.java:shutdown(160)) - Shutting down service SCMBlockDeletingService
2023-10-17 18:45:17,716 [Time-limited test] INFO  replication.ReplicationManager (ReplicationManager.java:stop(333)) - Replication Monitor Thread is not running.
2023-10-17 18:45:17,716 [Time-limited test] WARN  balancer.ContainerBalancer (ContainerBalancer.java:stop(326)) - Cannot stop Container Balancer because it's not running or stopping
2023-10-17 18:45:17,716 [Time-limited test] INFO  server.StorageContainerManager (StorageContainerManager.java:stop(1724)) - Stopping SCM MetadataStore.
2023-10-17 18:45:17,738 [Time-limited test] INFO  db.CodecTestUtil (CodecTestUtil.java:gc(47)) - gc 0
]]></system-out>
  </testcase>
  <testcase name="testOldDNRegistersToReInitialisedSCM" classname="org.apache.hadoop.ozone.scm.TestStorageContainerManager" time="16.905">
    <system-out><![CDATA[2023-10-17 18:45:18,098 [Time-limited test] WARN  server.ServerUtils (ServerUtils.java:getScmDbDir(155)) - ozone.scm.db.dirs is not configured. We recommend adding this setting. Falling back to ozone.metadata.dirs instead.
2023-10-17 18:45:18,102 [Time-limited test] WARN  server.ServerUtils (ServerUtils.java:getScmDbDir(155)) - ozone.scm.db.dirs is not configured. We recommend adding this setting. Falling back to ozone.metadata.dirs instead.
2023-10-17 18:45:18,102 [Time-limited test] INFO  ha.SCMHANodeDetails (SCMHANodeDetails.java:loadSCMHAConfig(210)) - ServiceID for StorageContainerManager is null
2023-10-17 18:45:18,103 [Time-limited test] WARN  ha.SCMHANodeDetails (SCMHANodeDetails.java:validateSCMHAConfig(183)) - Invalid config ozone.scm.ratis.enable. The config was not specified, but the default value true conflicts with the expected config value false. Falling back to the expected value. Current State of SCM: SCM is running in Non-HA without Ratis Ratis SCM -> Non Ratis SCM or Non HA SCM -> HA SCM is not supported
2023-10-17 18:45:18,103 [Time-limited test] INFO  ha.SCMHANodeDetails (SCMHANodeDetails.java:loadSCMHAConfig(215)) - ozone.scm.default.service.id is not defined, falling back to ozone.scm.service.ids to find serviceID for StorageContainerManager if it is HA enabled cluster
2023-10-17 18:45:18,103 [Time-limited test] WARN  utils.HAUtils (HAUtils.java:getMetaDir(339)) - ozone.scm.db.dirs is not configured. We recommend adding this setting. Falling back to ozone.metadata.dirs instead.
2023-10-17 18:45:18,103 [Time-limited test] WARN  db.DBStoreBuilder (DBStoreBuilder.java:applyDBDefinition(167)) - ozone.scm.db.dirs is not configured. We recommend adding this setting. Falling back to ozone.metadata.dirs instead.
2023-10-17 18:45:18,204 [Time-limited test] INFO  net.NodeSchemaLoader (NodeSchemaLoader.java:loadSchemaFromFile(129)) - Loading schema from [jar:file:/home/runner/.m2/repository/org/apache/ozone/hdds-common/1.4.0-SNAPSHOT/hdds-common-1.4.0-SNAPSHOT.jar!/network-topology-default.xml]
2023-10-17 18:45:18,204 [Time-limited test] INFO  net.NodeSchemaLoader (NodeSchemaLoader.java:loadSchema(176)) - Loading network topology layer schema file
2023-10-17 18:45:18,211 [Time-limited test] INFO  upgrade.AbstractLayoutVersionManager (AbstractLayoutVersionManager.java:init(83)) - Initializing Layout version manager with metadata layout = HADOOP_PRC_PORTS_IN_DATANODEDETAILS (version = 7), software layout = HADOOP_PRC_PORTS_IN_DATANODEDETAILS (version = 7)
2023-10-17 18:45:18,218 [Time-limited test] INFO  ha.SequenceIdGenerator (SequenceIdGenerator.java:upgradeToSequenceId(365)) - upgrade localId to 111677748019200000
2023-10-17 18:45:18,219 [Time-limited test] INFO  ha.SequenceIdGenerator (SequenceIdGenerator.java:upgradeToSequenceId(375)) - upgrade delTxnId to 0
2023-10-17 18:45:18,219 [Time-limited test] INFO  ha.SequenceIdGenerator (SequenceIdGenerator.java:upgradeToSequenceId(392)) - upgrade containerId to 0
2023-10-17 18:45:18,219 [Time-limited test] INFO  ha.SequenceIdGenerator (SequenceIdGenerator.java:upgradeToSequenceId(428)) - upgrade rootCertificateId to 1
2023-10-17 18:45:18,220 [Time-limited test] INFO  ha.SequenceIdGenerator (SequenceIdGenerator.java:<init>(236)) - Init the HA SequenceIdGenerator.
2023-10-17 18:45:18,222 [Time-limited test] INFO  node.SCMNodeManager (SCMNodeManager.java:<init>(157)) - Entering startup safe mode.
2023-10-17 18:45:18,222 [Time-limited test] INFO  algorithms.ContainerPlacementPolicyFactory (ContainerPlacementPolicyFactory.java:getPolicyInternal(86)) - Create container placement policy of type org.apache.hadoop.hdds.scm.container.placement.algorithms.SCMContainerPlacementRackAware
2023-10-17 18:45:18,223 [Time-limited test] INFO  algorithms.ContainerPlacementPolicyFactory (ContainerPlacementPolicyFactory.java:getPolicyInternal(86)) - Create container placement policy of type org.apache.hadoop.hdds.scm.container.placement.algorithms.SCMContainerPlacementRackScatter
2023-10-17 18:45:18,223 [Time-limited test] INFO  pipeline.PipelineStateManagerImpl (PipelineStateManagerImpl.java:initialize(78)) - No pipeline exists in current db
2023-10-17 18:45:18,223 [Time-limited test] INFO  algorithms.LeaderChoosePolicyFactory (LeaderChoosePolicyFactory.java:getPolicy(57)) - Create leader choose policy of type org.apache.hadoop.hdds.scm.pipeline.leader.choose.algorithms.MinLeaderCountChoosePolicy
2023-10-17 18:45:18,223 [Time-limited test] INFO  algorithms.ContainerPlacementPolicyFactory (ContainerPlacementPolicyFactory.java:getPolicyInternal(86)) - Create container placement policy of type org.apache.hadoop.hdds.scm.container.placement.algorithms.SCMContainerPlacementRackScatter
2023-10-17 18:45:18,223 [Time-limited test] INFO  ha.SCMServiceManager (SCMServiceManager.java:register(42)) - Registering service BackgroundPipelineCreator.
2023-10-17 18:45:18,223 [Time-limited test] INFO  pipeline.BackgroundPipelineCreator (BackgroundPipelineCreator.java:start(124)) - Starting RatisPipelineUtilsThread.
2023-10-17 18:45:18,226 [Time-limited test] INFO  BackgroundPipelineScrubber (BackgroundSCMService.java:start(68)) - Starting BackgroundPipelineScrubber Service.
2023-10-17 18:45:18,227 [Time-limited test] INFO  ha.SCMServiceManager (SCMServiceManager.java:register(42)) - Registering service BackgroundPipelineScrubber.
2023-10-17 18:45:18,227 [Time-limited test] INFO  ExpiredContainerReplicaOpScrubber (BackgroundSCMService.java:start(68)) - Starting ExpiredContainerReplicaOpScrubber Service.
2023-10-17 18:45:18,230 [Time-limited test] INFO  ha.SCMServiceManager (SCMServiceManager.java:register(42)) - Registering service ExpiredContainerReplicaOpScrubber.
2023-10-17 18:45:18,231 [Time-limited test] INFO  algorithms.PipelineChoosePolicyFactory (PipelineChoosePolicyFactory.java:createPipelineChoosePolicyFromClass(78)) - Create pipeline choose policy of type org.apache.hadoop.hdds.scm.pipeline.choose.algorithms.RandomPipelineChoosePolicy
2023-10-17 18:45:18,231 [Time-limited test] INFO  algorithms.PipelineChoosePolicyFactory (PipelineChoosePolicyFactory.java:createPipelineChoosePolicyFromClass(78)) - Create pipeline choose policy of type org.apache.hadoop.hdds.scm.pipeline.choose.algorithms.RandomPipelineChoosePolicy
2023-10-17 18:45:18,231 [Time-limited test] INFO  ha.SCMServiceManager (SCMServiceManager.java:register(42)) - Registering service SCMBlockDeletingService.
2023-10-17 18:45:18,232 [Time-limited test] INFO  replication.ReplicationManager (ReplicationManager.java:start(291)) - Starting Replication Monitor Thread.
2023-10-17 18:45:18,236 [Time-limited test] INFO  ha.SCMServiceManager (SCMServiceManager.java:register(42)) - Registering service ReplicationManager.
2023-10-17 18:45:18,237 [Time-limited test] INFO  safemode.ContainerSafeModeRule (ContainerSafeModeRule.java:<init>(90)) - containers with one replica threshold count 0
2023-10-17 18:45:18,237 [Time-limited test] INFO  safemode.HealthyPipelineSafeModeRule (HealthyPipelineSafeModeRule.java:initializeRule(169)) - Total pipeline count is 0, healthy pipeline threshold count is 0
2023-10-17 18:45:18,237 [Time-limited test] INFO  safemode.OneReplicaPipelineSafeModeRule (OneReplicaPipelineSafeModeRule.java:initializeRule(180)) - Total pipeline count is 0, pipeline's with at least one datanode reported threshold count is 0
2023-10-17 18:45:18,237 [Time-limited test] INFO  server.StorageContainerManager (StorageContainerManager.java:<init>(427)) - SCM start with adminUsers: [runner]
2023-10-17 18:45:18,238 [Time-limited test] INFO  ipc.CallQueueManager (CallQueueManager.java:<init>(90)) - Using callQueue: class java.util.concurrent.LinkedBlockingQueue, queueCapacity: 2000, scheduler: class org.apache.hadoop.ipc.DefaultRpcScheduler, ipcBackoff: false.
2023-10-17 18:45:18,238 [Time-limited test] INFO  ipc.Server (Server.java:<init>(1287)) - Listener at 0.0.0.0:15211
2023-10-17 18:45:18,242 [ReplicationMonitor] INFO  replication.ReplicationManager (ReplicationManager.java:processAll(365)) - Replication Manager is not ready to run until 3000ms after safemode exit
2023-10-17 18:45:18,243 [Socket Reader #1 for port 15211] INFO  ipc.Server (Server.java:run(1323)) - Starting Socket Reader #1 for port 15211
2023-10-17 18:45:18,243 [Time-limited test] INFO  ipc.CallQueueManager (CallQueueManager.java:<init>(90)) - Using callQueue: class java.util.concurrent.LinkedBlockingQueue, queueCapacity: 2000, scheduler: class org.apache.hadoop.ipc.DefaultRpcScheduler, ipcBackoff: false.
2023-10-17 18:45:18,243 [Time-limited test] INFO  ipc.Server (Server.java:<init>(1287)) - Listener at 0.0.0.0:15210
2023-10-17 18:45:18,244 [Socket Reader #1 for port 15210] INFO  ipc.Server (Server.java:run(1323)) - Starting Socket Reader #1 for port 15210
2023-10-17 18:45:18,244 [Time-limited test] INFO  ipc.CallQueueManager (CallQueueManager.java:<init>(90)) - Using callQueue: class java.util.concurrent.LinkedBlockingQueue, queueCapacity: 2000, scheduler: class org.apache.hadoop.ipc.DefaultRpcScheduler, ipcBackoff: false.
2023-10-17 18:45:18,244 [Time-limited test] INFO  ipc.Server (Server.java:<init>(1287)) - Listener at 0.0.0.0:15209
2023-10-17 18:45:18,245 [Socket Reader #1 for port 15209] INFO  ipc.Server (Server.java:run(1323)) - Starting Socket Reader #1 for port 15209
2023-10-17 18:45:18,248 [Time-limited test] INFO  ha.SCMServiceManager (SCMServiceManager.java:register(42)) - Registering service ContainerBalancer.
2023-10-17 18:45:18,248 [Time-limited test] INFO  server.StorageContainerManager (StorageContainerManager.java:<init>(440)) - 
Container Balancer status:
Key                            Value
Running                        false
Container Balancer Configuration values:
Key                                                Value
Threshold                                          10
Max Datanodes to Involve per Iteration(percent)    20
Max Size to Move per Iteration                     500GB
Max Size Entering Target per Iteration             26GB
Max Size Leaving Source per Iteration              26GB
Number of Iterations                               10
Time Limit for Single Container's Movement         65min
Time Limit for Single Container's Replication      50min
Interval between each Iteration                    70min
Whether to Enable Network Topology                 false
Whether to Trigger Refresh Datanode Usage Info     false
Container IDs to Exclude from Balancing            None
Datanodes Specified to be Balanced                 None
Datanodes Excluded from Balancing                  None

2023-10-17 18:45:18,248 [Time-limited test] INFO  ha.SCMContext (SCMContext.java:updateSafeModeStatus(230)) - Update SafeModeStatus from SafeModeStatus{safeModeStatus=true, preCheckPassed=false} to SafeModeStatus{safeModeStatus=true, preCheckPassed=false}.
2023-10-17 18:45:18,249 [Time-limited test] INFO  server.StorageContainerManager (StorageContainerManager.java:start(1492)) - StorageContainerLocationProtocol RPC server is listening at /0.0.0.0:15209
2023-10-17 18:45:18,251 [Time-limited test] WARN  impl.MetricsConfig (MetricsConfig.java:loadFirst(136)) - Cannot locate configuration: tried hadoop-metrics2-storagecontainermanager.properties,hadoop-metrics2.properties
2023-10-17 18:45:18,252 [Time-limited test] INFO  impl.MetricsSystemImpl (MetricsSystemImpl.java:startTimer(378)) - Scheduled Metric snapshot period at 10 second(s).
2023-10-17 18:45:18,252 [Time-limited test] INFO  impl.MetricsSystemImpl (MetricsSystemImpl.java:start(191)) - StorageContainerManager metrics system started
2023-10-17 18:45:18,263 [Time-limited test] INFO  impl.MetricsSinkAdapter (MetricsSinkAdapter.java:start(204)) - Sink prometheus started
2023-10-17 18:45:18,263 [Time-limited test] INFO  impl.MetricsSystemImpl (MetricsSystemImpl.java:registerSink(305)) - Registered sink prometheus
2023-10-17 18:45:18,279 [Time-limited test] INFO  server.SCMClientProtocolServer (SCMClientProtocolServer.java:start(201)) - RPC server for Client  is listening at /0.0.0.0:15209
2023-10-17 18:45:18,279 [IPC Server Responder] INFO  ipc.Server (Server.java:run(1562)) - IPC Server Responder: starting
2023-10-17 18:45:18,279 [IPC Server listener on 15209] INFO  ipc.Server (Server.java:run(1402)) - IPC Server listener on 15209: starting
2023-10-17 18:45:18,281 [Time-limited test] INFO  server.StorageContainerManager (StorageContainerManager.java:start(1505)) - ScmBlockLocationProtocol RPC server is listening at /0.0.0.0:15210
2023-10-17 18:45:18,281 [Time-limited test] INFO  server.SCMBlockProtocolServer (SCMBlockProtocolServer.java:start(154)) - RPC server for Block Protocol is listening at /0.0.0.0:15210
2023-10-17 18:45:18,281 [IPC Server Responder] INFO  ipc.Server (Server.java:run(1562)) - IPC Server Responder: starting
2023-10-17 18:45:18,282 [IPC Server listener on 15210] INFO  ipc.Server (Server.java:run(1402)) - IPC Server listener on 15210: starting
2023-10-17 18:45:18,283 [Time-limited test] INFO  server.SCMDatanodeProtocolServer (SCMDatanodeProtocolServer.java:start(193)) - ScmDatanodeProtocol RPC server for DataNodes is listening at /0.0.0.0:15211
2023-10-17 18:45:18,283 [IPC Server Responder] INFO  ipc.Server (Server.java:run(1562)) - IPC Server Responder: starting
2023-10-17 18:45:18,284 [IPC Server listener on 15211] INFO  ipc.Server (Server.java:run(1402)) - IPC Server listener on 15211: starting
2023-10-17 18:45:18,290 [Time-limited test] INFO  http.BaseHttpServer (BaseHttpServer.java:newHttpServer2BuilderForOzone(223)) - Starting Web-server for scm at: http://0.0.0.0:15212
2023-10-17 18:45:18,291 [Time-limited test] INFO  http.BaseHttpServer (BaseHttpServer.java:<init>(110)) - Hadoop Security Enabled: false Ozone Security Enabled: false Ozone HTTP Security Enabled: false 
2023-10-17 18:45:18,292 [Time-limited test] WARN  server.AuthenticationFilter (AuthenticationFilter.java:constructSecretProvider(240)) - Unable to initialize FileSignerSecretProvider, falling back to use random secrets. Reason: Could not read signature secret file: /home/runner/hadoop-http-auth-signature-secret
2023-10-17 18:45:18,292 [Time-limited test] INFO  http.HttpRequestLog (HttpRequestLog.java:getRequestLog(86)) - Http request log for http.requests.scm is not defined
2023-10-17 18:45:18,293 [JvmPauseMonitor32] INFO  util.JvmPauseMonitor (JvmPauseMonitor.java:run(103)) - JvmPauseMonitor-0fcae548-2079-4b4a-8c4a-eefc696a7109: Started
2023-10-17 18:45:18,295 [Time-limited test] INFO  http.HttpServer2 (HttpServer2.java:addGlobalFilter(1031)) - Added global filter 'safety' (class=org.apache.hadoop.hdds.server.http.HttpServer2$QuotingInputFilter)
2023-10-17 18:45:18,295 [Time-limited test] INFO  http.HttpServer2 (HttpServer2.java:addFilter(1007)) - Added filter static_user_filter (class=org.apache.hadoop.http.lib.StaticUserWebFilter$StaticUserFilter) to context scm
2023-10-17 18:45:18,296 [Time-limited test] INFO  http.HttpServer2 (HttpServer2.java:addFilter(1015)) - Added filter static_user_filter (class=org.apache.hadoop.http.lib.StaticUserWebFilter$StaticUserFilter) to context static
2023-10-17 18:45:18,296 [Time-limited test] INFO  http.HttpServer2 (HttpServer2.java:addFilter(1015)) - Added filter static_user_filter (class=org.apache.hadoop.http.lib.StaticUserWebFilter$StaticUserFilter) to context logs
2023-10-17 18:45:18,297 [Time-limited test] INFO  http.BaseHttpServer (BaseHttpServer.java:<init>(189)) - HTTP server of scm uses base directory /home/runner/work/ozone/ozone/hadoop-ozone/integration-test/target/test-dir/MiniOzoneClusterImpl-e5f4ccb8-de05-4544-bc9a-1ec8e0e8441c/ozone-meta/webserver
2023-10-17 18:45:18,297 [Time-limited test] INFO  http.HttpServer2 (HttpServer2.java:bindListener(1231)) - Jetty bound to port 15212
2023-10-17 18:45:18,297 [Time-limited test] INFO  server.Server (Server.java:doStart(375)) - jetty-9.4.53.v20231009; built: 2023-10-09T12:29:09.265Z; git: 27bde00a0b95a1d5bbee0eae7984f891d2d0f8c9; jvm 1.8.0_382-b05
2023-10-17 18:45:18,298 [Time-limited test] INFO  server.session (DefaultSessionIdManager.java:doStart(334)) - DefaultSessionIdManager workerName=node0
2023-10-17 18:45:18,298 [Time-limited test] INFO  server.session (DefaultSessionIdManager.java:doStart(339)) - No SessionScavenger set, using defaults
2023-10-17 18:45:18,298 [Time-limited test] INFO  server.session (HouseKeeper.java:startScavenging(132)) - node0 Scavenging every 660000ms
2023-10-17 18:45:18,299 [Time-limited test] INFO  handler.ContextHandler (ContextHandler.java:doStart(921)) - Started o.e.j.s.ServletContextHandler@5e69bba5{logs,/logs,file:///home/runner/work/ozone/ozone/hadoop-ozone/integration-test/target/log,AVAILABLE}
2023-10-17 18:45:18,300 [Time-limited test] INFO  handler.ContextHandler (ContextHandler.java:doStart(921)) - Started o.e.j.s.ServletContextHandler@3284f95e{static,/static,file:///home/runner/work/ozone/ozone/hadoop-ozone/integration-test/target/test-classes/webapps/static,AVAILABLE}
2023-10-17 18:45:18,302 [Time-limited test] INFO  handler.ContextHandler (ContextHandler.java:doStart(921)) - Started o.e.j.w.WebAppContext@1cda23aa{scm,/,file:///home/runner/work/ozone/ozone/hadoop-ozone/integration-test/target/test-classes/webapps/scm/,AVAILABLE}{file:/home/runner/work/ozone/ozone/hadoop-ozone/integration-test/target/test-classes/webapps/scm}
2023-10-17 18:45:18,305 [Time-limited test] INFO  server.AbstractConnector (AbstractConnector.java:doStart(333)) - Started ServerConnector@3d2eeac7{HTTP/1.1, (http/1.1)}{0.0.0.0:15212}
2023-10-17 18:45:18,305 [Time-limited test] INFO  server.Server (Server.java:doStart(415)) - Started @179020ms
2023-10-17 18:45:18,305 [Time-limited test] WARN  impl.MetricsSystemImpl (MetricsSystemImpl.java:register(279)) - Sink prometheus already exists!
2023-10-17 18:45:18,306 [Time-limited test] INFO  http.BaseHttpServer (BaseHttpServer.java:updateConnectorAddress(354)) - HTTP server of scm listening at http://0.0.0.0:15212
2023-10-17 18:45:18,307 [Time-limited test] WARN  server.ServerUtils (ServerUtils.java:getDBPath(311)) - ozone.om.db.dirs is not configured. We recommend adding this setting. Falling back to ozone.metadata.dirs instead.
2023-10-17 18:45:18,308 [Time-limited test] INFO  ha.OMHANodeDetails (OMHANodeDetails.java:loadOMHAConfig(115)) - ozone.om.internal.service.id is not defined, falling back to ozone.om.service.ids to find serviceID for OzoneManager if it is HA enabled cluster
2023-10-17 18:45:18,308 [Time-limited test] INFO  ha.OMHANodeDetails (OMHANodeDetails.java:loadOMHAConfig(226)) - Configuration does not have ozone.om.address set. Falling back to the default OM address /127.0.0.1:15213
2023-10-17 18:45:18,308 [Time-limited test] INFO  ha.OMHANodeDetails (OMHANodeDetails.java:getOMNodeDetailsForNonHA(254)) - OM Service ID is not set. Setting it to the default ID: omServiceIdDefault
2023-10-17 18:45:18,309 [Time-limited test] INFO  ha.OMHANodeDetails (OMHANodeDetails.java:getOMNodeDetailsForNonHA(261)) - OM Node ID is not set. Setting it to the default ID: om1
2023-10-17 18:45:18,309 [Time-limited test] WARN  server.ServerUtils (ServerUtils.java:getDBPath(311)) - ozone.om.db.dirs is not configured. We recommend adding this setting. Falling back to ozone.metadata.dirs instead.
2023-10-17 18:45:18,310 [Time-limited test] INFO  upgrade.AbstractLayoutVersionManager (AbstractLayoutVersionManager.java:init(83)) - Initializing Layout version manager with metadata layout = QUOTA (version = 6), software layout = QUOTA (version = 6)
2023-10-17 18:45:18,378 [Time-limited test] INFO  reflections.Reflections (Reflections.java:scan(232)) - Reflections took 67 ms to scan 2 urls, producing 190 keys and 532 values [using 2 cores]
2023-10-17 18:45:18,379 [Time-limited test] INFO  upgrade.OMLayoutVersionManager (OMLayoutVersionManager.java:lambda$0(115)) - Skipping Upgrade Action MockOmUpgradeAction since it has been finalized.
2023-10-17 18:45:18,379 [Time-limited test] INFO  upgrade.OMLayoutVersionManager (OMLayoutVersionManager.java:lambda$0(115)) - Skipping Upgrade Action QuotaRepairUpgradeAction since it has been finalized.
2023-10-17 18:45:18,379 [Time-limited test] WARN  server.ServerUtils (ServerUtils.java:getDBPath(311)) - ozone.om.db.dirs is not configured. We recommend adding this setting. Falling back to ozone.metadata.dirs instead.
2023-10-17 18:45:18,379 [Time-limited test] INFO  proxy.SCMBlockLocationFailoverProxyProvider (SCMBlockLocationFailoverProxyProvider.java:<init>(114)) - Created block location fail-over proxy with 1 nodes: [nodeId=scmNodeId,nodeAddress=/0.0.0.0:15210]
2023-10-17 18:45:18,382 [Time-limited test] INFO  proxy.SCMBlockLocationFailoverProxyProvider (SCMBlockLocationFailoverProxyProvider.java:<init>(114)) - Created block location fail-over proxy with 1 nodes: [nodeId=scmNodeId,nodeAddress=/0.0.0.0:15210]
2023-10-17 18:45:18,389 [Time-limited test] INFO  om.OzoneManager (OzoneManager.java:<init>(671)) - OM start with adminUsers: [runner]
2023-10-17 18:45:18,390 [Time-limited test] WARN  server.ServerUtils (ServerUtils.java:getDBPath(311)) - ozone.om.db.dirs is not configured. We recommend adding this setting. Falling back to ozone.metadata.dirs instead.
2023-10-17 18:45:18,390 [Time-limited test] INFO  helpers.OmKeyInfo (OmKeyInfo.java:getCodec(71)) - OmKeyInfo.getCodec ignorePipeline = true
2023-10-17 18:45:18,587 [Time-limited test] INFO  om.OzoneManager (OzoneManager.java:instantiateServices(800)) - S3 Multi-Tenancy is disabled
2023-10-17 18:45:18,588 [Time-limited test] INFO  om.OmSnapshotManager (OmSnapshotManager.java:<init>(174)) - Ozone filesystem snapshot feature is enabled.
2023-10-17 18:45:18,588 [Time-limited test] WARN  server.ServerUtils (ServerUtils.java:getDBPath(311)) - ozone.om.snapshot.diff.db.dir is not configured. We recommend adding this setting. Falling back to ozone.metadata.dirs instead.
2023-10-17 18:45:18,606 [Time-limited test] INFO  snapshot.SnapshotDiffManager (SnapshotDiffManager.java:closeExecutorService(1720)) - Shutting down executorService: 'SstDumpToolExecutor'
2023-10-17 18:45:18,609 [Time-limited test] INFO  om.OzoneManager (OzoneManager.java:addS3GVolumeToDB(4376)) - Created Volume s3v With Owner runner required for S3Gateway operations.
2023-10-17 18:45:18,609 [Time-limited test] WARN  server.ServerUtils (ServerUtils.java:getDefaultRatisDirectory(323)) - Storage directory for Ratis is not configured. It is a good idea to map this to an SSD disk. Falling back to ozone.metadata.dirs
2023-10-17 18:45:18,609 [Time-limited test] WARN  utils.OzoneManagerRatisUtils (OzoneManagerRatisUtils.java:getOMRatisSnapshotDirectory(470)) - ozone.om.ratis.snapshot.dir is not configured. Falling back to ozone.metadata.dirs config
2023-10-17 18:45:18,609 [Time-limited test] WARN  server.ServerUtils (ServerUtils.java:getDefaultRatisDirectory(323)) - Storage directory for Ratis is not configured. It is a good idea to map this to an SSD disk. Falling back to ozone.metadata.dirs
2023-10-17 18:45:18,610 [Time-limited test] INFO  ratis.OzoneManagerRatisServer (OzoneManagerRatisServer.java:<init>(164)) - Instantiating OM Ratis server with groupID: omServiceIdDefault and peers: localhost:15216
2023-10-17 18:45:18,610 [Time-limited test] INFO  ratis.OzoneManagerStateMachine (OzoneManagerStateMachine.java:loadSnapshotInfoFromDB(691)) - LastAppliedIndex is set from TransactionInfo from OM DB as (t:0, i:~)
2023-10-17 18:45:18,611 [Time-limited test] INFO  server.RaftServer (ConfUtils.java:logGet(46)) - raft.rpc.type = GRPC (default)
2023-10-17 18:45:18,611 [Time-limited test] INFO  grpc.GrpcConfigKeys (ConfUtils.java:logFallback(53)) - raft.grpc.admin.host = null (fallback to raft.grpc.server.host)
2023-10-17 18:45:18,611 [Time-limited test] INFO  grpc.GrpcConfigKeys (ConfUtils.java:logFallback(53)) - raft.grpc.admin.port = 15216 (fallback to raft.grpc.server.port)
2023-10-17 18:45:18,611 [Time-limited test] INFO  grpc.GrpcConfigKeys (ConfUtils.java:logFallback(53)) - raft.grpc.client.host = null (fallback to raft.grpc.server.host)
2023-10-17 18:45:18,611 [Time-limited test] INFO  grpc.GrpcConfigKeys (ConfUtils.java:logFallback(53)) - raft.grpc.client.port = 15216 (fallback to raft.grpc.server.port)
2023-10-17 18:45:18,611 [Time-limited test] INFO  grpc.GrpcConfigKeys (ConfUtils.java:logGet(46)) - raft.grpc.server.host = null (default)
2023-10-17 18:45:18,611 [Time-limited test] INFO  grpc.GrpcConfigKeys (ConfUtils.java:logGet(46)) - raft.grpc.server.port = 15216 (custom)
2023-10-17 18:45:18,611 [Time-limited test] INFO  server.GrpcService (ConfUtils.java:logGet(46)) - raft.grpc.message.size.max = 33554432 (custom)
2023-10-17 18:45:18,611 [Time-limited test] INFO  server.RaftServerConfigKeys (ConfUtils.java:logGet(46)) - raft.server.log.appender.buffer.byte-limit = 33554432 (custom)
2023-10-17 18:45:18,611 [Time-limited test] INFO  server.GrpcService (ConfUtils.java:logGet(46)) - raft.grpc.flow.control.window = 1MB (=1048576) (default)
2023-10-17 18:45:18,611 [Time-limited test] INFO  server.RaftServerConfigKeys (ConfUtils.java:logGet(46)) - raft.server.rpc.request.timeout = 3000ms (default)
2023-10-17 18:45:18,611 [Time-limited test] INFO  grpc.GrpcConfigKeys (ConfUtils.java:logGet(46)) - raft.grpc.server.heartbeat.channel = true (default)
2023-10-17 18:45:18,612 [Time-limited test] INFO  grpc.GrpcConfigKeys (ConfUtils.java:logGet(46)) - raft.grpc.server.async.request.thread.pool.cached = true (default)
2023-10-17 18:45:18,612 [Time-limited test] INFO  grpc.GrpcConfigKeys (ConfUtils.java:logGet(46)) - raft.grpc.server.async.request.thread.pool.size = 32 (default)
2023-10-17 18:45:18,613 [Time-limited test] INFO  impl.DataStreamServerImpl (ConfUtils.java:logGet(46)) - raft.datastream.type = DISABLED (default)
2023-10-17 18:45:18,613 [Time-limited test] INFO  server.RaftServerConfigKeys (ConfUtils.java:logGet(46)) - raft.server.threadpool.proxy.cached = true (default)
2023-10-17 18:45:18,614 [Time-limited test] INFO  server.RaftServerConfigKeys (ConfUtils.java:logGet(46)) - raft.server.threadpool.proxy.size = 0 (default)
2023-10-17 18:45:18,614 [Time-limited test] INFO  server.RaftServerConfigKeys (ConfUtils.java:logGet(46)) - raft.server.rpc.slowness.timeout = 120s (custom)
2023-10-17 18:45:18,614 [Time-limited test] INFO  server.RaftServerConfigKeys (ConfUtils.java:logGet(46)) - raft.server.leaderelection.leader.step-down.wait-time = 10s (default)
2023-10-17 18:45:18,614 [Time-limited test] INFO  server.RaftServerConfigKeys (ConfUtils.java:logGet(46)) - raft.server.storage.dir = [/home/runner/work/ozone/ozone/hadoop-ozone/integration-test/target/test-dir/MiniOzoneClusterImpl-e5f4ccb8-de05-4544-bc9a-1ec8e0e8441c/ozone-meta/ratis] (custom)
2023-10-17 18:45:18,619 [Time-limited test] INFO  server.RaftServer (RaftServerProxy.java:addNew(98)) - om1: addNew group-C5BA1605619E:[om1|rpc:localhost:15216|priority:0|startupRole:FOLLOWER] returns group-C5BA1605619E:java.util.concurrent.CompletableFuture@7f926d18[Not completed]
2023-10-17 18:45:18,619 [Time-limited test] INFO  om.OzoneManager (OzoneManager.java:initializeRatisServer(2147)) - OzoneManager Ratis server initialized at port 15216
2023-10-17 18:45:18,620 [Time-limited test] INFO  om.OzoneManager (OzoneManager.java:getRpcServer(1202)) - Creating RPC Server
2023-10-17 18:45:18,621 [om1-groupManagement] INFO  server.RaftServer$Division (RaftServerImpl.java:<init>(198)) - om1: new RaftServerImpl for group-C5BA1605619E:[om1|rpc:localhost:15216|priority:0|startupRole:FOLLOWER] with OzoneManagerStateMachine:uninitialized
2023-10-17 18:45:18,621 [om1-groupManagement] INFO  server.RaftServerConfigKeys (ConfUtils.java:logGet(46)) - raft.server.rpc.timeout.min = 1s (custom)
2023-10-17 18:45:18,621 [om1-groupManagement] INFO  server.RaftServerConfigKeys (ConfUtils.java:logGet(46)) - raft.server.rpc.timeout.max = 1200ms (custom)
2023-10-17 18:45:18,621 [om1-groupManagement] INFO  server.RaftServerConfigKeys (ConfUtils.java:logGet(46)) - raft.server.rpc.sleep.time = 25ms (default)
2023-10-17 18:45:18,621 [om1-groupManagement] INFO  server.RaftServerConfigKeys (ConfUtils.java:logGet(46)) - raft.server.rpc.slowness.timeout = 120s (custom)
2023-10-17 18:45:18,621 [om1-groupManagement] INFO  server.RaftServerConfigKeys (ConfUtils.java:logGet(46)) - raft.server.leaderelection.leader.step-down.wait-time = 10s (default)
2023-10-17 18:45:18,621 [om1-groupManagement] INFO  server.RaftServerConfigKeys (ConfUtils.java:logGet(46)) - raft.server.sleep.deviation.threshold = 300ms (default)
2023-10-17 18:45:18,621 [om1-groupManagement] INFO  server.RaftServer$Division (ServerState.java:<init>(120)) - om1@group-C5BA1605619E: ConfigurationManager, init=-1: peers:[om1|rpc:localhost:15216|priority:0|startupRole:FOLLOWER]|listeners:[], old=null, confs=<EMPTY_MAP>
2023-10-17 18:45:18,621 [om1-groupManagement] INFO  server.RaftServerConfigKeys (ConfUtils.java:logGet(46)) - raft.server.storage.dir = [/home/runner/work/ozone/ozone/hadoop-ozone/integration-test/target/test-dir/MiniOzoneClusterImpl-e5f4ccb8-de05-4544-bc9a-1ec8e0e8441c/ozone-meta/ratis] (custom)
2023-10-17 18:45:18,621 [om1-groupManagement] INFO  server.RaftServerConfigKeys (ConfUtils.java:logGet(46)) - raft.server.log.corruption.policy = EXCEPTION (default)
2023-10-17 18:45:18,621 [om1-groupManagement] INFO  server.RaftServerConfigKeys (ConfUtils.java:logGet(46)) - raft.server.storage.free-space.min = 0MB (=0) (default)
2023-10-17 18:45:18,621 [om1-groupManagement] INFO  server.RaftServerConfigKeys (ConfUtils.java:logGet(46)) - raft.server.notification.no-leader.timeout = 120s (custom)
2023-10-17 18:45:18,621 [om1-groupManagement] INFO  server.RaftServerConfigKeys (ConfUtils.java:logGet(46)) - raft.server.read.timeout = 10s (default)
2023-10-17 18:45:18,621 [om1-groupManagement] INFO  server.RaftServerConfigKeys (ConfUtils.java:logGet(46)) - raft.server.retrycache.expirytime = 300s (custom)
2023-10-17 18:45:18,621 [om1-groupManagement] INFO  server.RaftServerConfigKeys (ConfUtils.java:logGet(46)) - raft.server.retrycache.statistics.expirytime = 100μs (default)
2023-10-17 18:45:18,622 [om1-groupManagement] INFO  server.RaftServerConfigKeys (ConfUtils.java:logGet(46)) - raft.server.read.option = DEFAULT (default)
2023-10-17 18:45:18,622 [om1-groupManagement] INFO  server.RaftServerConfigKeys (ConfUtils.java:logGet(46)) - raft.server.rpc.request.timeout = 3000ms (default)
2023-10-17 18:45:18,622 [om1-groupManagement] INFO  server.RaftServerConfigKeys (ConfUtils.java:logGet(46)) - raft.server.log.appender.install.snapshot.enabled = false (custom)
2023-10-17 18:45:18,622 [om1-groupManagement] INFO  server.RaftServerConfigKeys (ConfUtils.java:logGet(46)) - raft.server.threadpool.server.cached = true (default)
2023-10-17 18:45:18,622 [om1-groupManagement] INFO  server.RaftServerConfigKeys (ConfUtils.java:logGet(46)) - raft.server.threadpool.server.size = 0 (default)
2023-10-17 18:45:18,622 [om1-groupManagement] INFO  server.RaftServerConfigKeys (ConfUtils.java:logGet(46)) - raft.server.threadpool.client.cached = true (default)
2023-10-17 18:45:18,622 [om1-groupManagement] INFO  server.RaftServerConfigKeys (ConfUtils.java:logGet(46)) - raft.server.threadpool.client.size = 0 (default)
2023-10-17 18:45:18,987 [Time-limited test] INFO  reflections.Reflections (Reflections.java:scan(232)) - Reflections took 367 ms to scan 20 urls, producing 71 keys and 6047 values [using 2 cores]
2023-10-17 18:45:18,988 [Time-limited test] INFO  ipc.CallQueueManager (CallQueueManager.java:<init>(90)) - Using callQueue: class java.util.concurrent.LinkedBlockingQueue, queueCapacity: 2000, scheduler: class org.apache.hadoop.ipc.DefaultRpcScheduler, ipcBackoff: false.
2023-10-17 18:45:18,989 [Time-limited test] INFO  ipc.Server (Server.java:<init>(1287)) - Listener at 127.0.0.1:15213
2023-10-17 18:45:18,992 [Socket Reader #1 for port 15213] INFO  ipc.Server (Server.java:run(1323)) - Starting Socket Reader #1 for port 15213
2023-10-17 18:45:19,015 [Time-limited test] INFO  impl.MetricsSystemImpl (MetricsSystemImpl.java:init(158)) - OzoneManager metrics system started (again)
2023-10-17 18:45:19,027 [Time-limited test] INFO  om.OzoneManager (OzoneManager.java:start(1635)) - OzoneManager RPC server is listening at localhost/127.0.0.1:15213
2023-10-17 18:45:19,027 [Time-limited test] INFO  ratis.OzoneManagerRatisServer (OzoneManagerRatisServer.java:start(559)) - Starting OzoneManagerRatisServer om1 at port 15216
2023-10-17 18:45:19,027 [om1-impl-thread1] INFO  storage.RaftStorageDirectory (RaftStorageDirectoryImpl.java:analyzeStorage(137)) - The storage directory /home/runner/work/ozone/ozone/hadoop-ozone/integration-test/target/test-dir/MiniOzoneClusterImpl-e5f4ccb8-de05-4544-bc9a-1ec8e0e8441c/ozone-meta/ratis/bf265839-605b-3f16-9796-c5ba1605619e does not exist. Creating ...
2023-10-17 18:45:19,029 [om1-impl-thread1] INFO  storage.RaftStorageDirectory (RaftStorageDirectoryImpl.java:tryLock(231)) - Lock on /home/runner/work/ozone/ozone/hadoop-ozone/integration-test/target/test-dir/MiniOzoneClusterImpl-e5f4ccb8-de05-4544-bc9a-1ec8e0e8441c/ozone-meta/ratis/bf265839-605b-3f16-9796-c5ba1605619e/in_use.lock acquired by nodename 31914@fv-az189-115
2023-10-17 18:45:19,030 [om1-impl-thread1] INFO  storage.RaftStorage (RaftStorageImpl.java:format(96)) - Storage directory /home/runner/work/ozone/ozone/hadoop-ozone/integration-test/target/test-dir/MiniOzoneClusterImpl-e5f4ccb8-de05-4544-bc9a-1ec8e0e8441c/ozone-meta/ratis/bf265839-605b-3f16-9796-c5ba1605619e has been successfully formatted.
2023-10-17 18:45:19,030 [om1-impl-thread1] INFO  server.RaftServerConfigKeys (ConfUtils.java:logGet(46)) - raft.server.log.use.memory = false (default)
2023-10-17 18:45:19,030 [om1-impl-thread1] INFO  server.RaftServerConfigKeys (ConfUtils.java:logGet(46)) - raft.server.log.purge.gap = 1000000 (custom)
2023-10-17 18:45:19,030 [om1-impl-thread1] INFO  server.RaftServerConfigKeys (ConfUtils.java:logGet(46)) - raft.server.log.appender.buffer.byte-limit = 33554432 (custom)
2023-10-17 18:45:19,030 [om1-impl-thread1] INFO  server.RaftServerConfigKeys (ConfUtils.java:logGet(46)) - raft.server.log.statemachine.data.read.timeout = 1000ms (default)
2023-10-17 18:45:19,030 [om1-impl-thread1] INFO  server.RaftServerConfigKeys (ConfUtils.java:logGet(46)) - raft.server.log.purge.preservation.log.num = 0 (default)
2023-10-17 18:45:19,031 [om1-impl-thread1] INFO  server.RaftServerConfigKeys (ConfUtils.java:logGet(46)) - raft.server.log.segment.size.max = 4194304 (custom)
2023-10-17 18:45:19,031 [om1-impl-thread1] INFO  server.RaftServerConfigKeys (ConfUtils.java:logGet(46)) - raft.server.log.segment.cache.num.max = 2 (custom)
2023-10-17 18:45:19,031 [om1-impl-thread1] INFO  server.RaftServerConfigKeys (ConfUtils.java:logGet(46)) - raft.server.log.segment.cache.size.max = 200MB (=209715200) (default)
2023-10-17 18:45:19,031 [om1-impl-thread1] INFO  server.RaftServerConfigKeys (ConfUtils.java:logGet(46)) - raft.server.log.appender.buffer.byte-limit = 33554432 (custom)
2023-10-17 18:45:19,031 [om1-impl-thread1] INFO  segmented.SegmentedRaftLogWorker (SegmentedRaftLogWorker.java:<init>(188)) - new om1@group-C5BA1605619E-SegmentedRaftLogWorker for RaftStorageImpl:Storage Directory /home/runner/work/ozone/ozone/hadoop-ozone/integration-test/target/test-dir/MiniOzoneClusterImpl-e5f4ccb8-de05-4544-bc9a-1ec8e0e8441c/ozone-meta/ratis/bf265839-605b-3f16-9796-c5ba1605619e
2023-10-17 18:45:19,031 [om1-impl-thread1] INFO  server.RaftServerConfigKeys (ConfUtils.java:logGet(46)) - raft.server.log.queue.byte-limit = 64MB (=67108864) (default)
2023-10-17 18:45:19,031 [om1-impl-thread1] INFO  server.RaftServerConfigKeys (ConfUtils.java:logGet(46)) - raft.server.log.queue.element-limit = 4096 (default)
2023-10-17 18:45:19,031 [om1-impl-thread1] INFO  server.RaftServerConfigKeys (ConfUtils.java:logGet(46)) - raft.server.log.segment.size.max = 4194304 (custom)
2023-10-17 18:45:19,031 [om1-impl-thread1] INFO  server.RaftServerConfigKeys (ConfUtils.java:logGet(46)) - raft.server.log.preallocated.size = 4194304 (custom)
2023-10-17 18:45:19,031 [om1-impl-thread1] INFO  server.RaftServerConfigKeys (ConfUtils.java:logGet(46)) - raft.server.log.force.sync.num = 128 (default)
2023-10-17 18:45:19,031 [om1-impl-thread1] INFO  server.RaftServerConfigKeys (ConfUtils.java:logGet(46)) - raft.server.log.statemachine.data.sync = true (default)
2023-10-17 18:45:19,031 [om1-impl-thread1] INFO  server.RaftServerConfigKeys (ConfUtils.java:logGet(46)) - raft.server.log.statemachine.data.sync.timeout = 10s (default)
2023-10-17 18:45:19,031 [om1-impl-thread1] INFO  server.RaftServerConfigKeys (ConfUtils.java:logGet(46)) - raft.server.log.statemachine.data.sync.timeout.retry = -1 (default)
2023-10-17 18:45:19,031 [om1-impl-thread1] INFO  server.RaftServerConfigKeys (ConfUtils.java:logGet(46)) - raft.server.log.write.buffer.size = 64KB (=65536) (default)
2023-10-17 18:45:19,031 [om1-impl-thread1] INFO  server.RaftServerConfigKeys (ConfUtils.java:logGet(46)) - raft.server.log.appender.buffer.byte-limit = 33554432 (custom)
2023-10-17 18:45:19,037 [om1-impl-thread1] INFO  server.RaftServerConfigKeys (ConfUtils.java:logGet(46)) - raft.server.log.unsafe-flush.enabled = false (default)
2023-10-17 18:45:19,037 [om1-impl-thread1] INFO  server.RaftServerConfigKeys (ConfUtils.java:logGet(46)) - raft.server.log.async-flush.enabled = false (default)
2023-10-17 18:45:19,037 [om1-impl-thread1] INFO  server.RaftServerConfigKeys (ConfUtils.java:logGet(46)) - raft.server.log.statemachine.data.caching.enabled = false (default)
2023-10-17 18:45:19,038 [om1-impl-thread1] INFO  segmented.SegmentedRaftLogWorker (SegmentedRaftLogWorker.java:lambda$new$0(135)) - om1@group-C5BA1605619E-SegmentedRaftLogWorker: flushIndex: setUnconditionally 0 -> -1
2023-10-17 18:45:19,038 [om1-impl-thread1] INFO  segmented.SegmentedRaftLogWorker (SegmentedRaftLogWorker.java:lambda$new$0(135)) - om1@group-C5BA1605619E-SegmentedRaftLogWorker: safeCacheEvictIndex: setUnconditionally 0 -> -1
2023-10-17 18:45:19,038 [om1-impl-thread1] INFO  server.RaftServer$Division (RaftServerImpl.java:start(342)) - om1@group-C5BA1605619E: start as a follower, conf=-1: peers:[om1|rpc:localhost:15216|priority:0|startupRole:FOLLOWER]|listeners:[], old=null
2023-10-17 18:45:19,038 [om1-impl-thread1] INFO  server.RaftServer$Division (RaftServerImpl.java:setRole(329)) - om1@group-C5BA1605619E: changes role from      null to FOLLOWER at term 0 for startAsFollower
2023-10-17 18:45:19,038 [om1-impl-thread1] INFO  impl.RoleInfo (RoleInfo.java:updateAndGet(139)) - om1: start om1@group-C5BA1605619E-FollowerState
2023-10-17 18:45:19,039 [om1@group-C5BA1605619E-FollowerState] INFO  server.RaftServerConfigKeys (ConfUtils.java:logFallback(53)) - raft.server.rpc.first-election.timeout.min = 1s (fallback to raft.server.rpc.timeout.min)
2023-10-17 18:45:19,040 [om1@group-C5BA1605619E-FollowerState] INFO  server.RaftServerConfigKeys (ConfUtils.java:logFallback(53)) - raft.server.rpc.first-election.timeout.max = 1200ms (fallback to raft.server.rpc.timeout.max)
2023-10-17 18:45:19,040 [om1-impl-thread1] INFO  util.JmxRegister (JmxRegister.java:tryRegister(44)) - Successfully registered JMX Bean with object name Ratis:service=RaftServer,group=group-C5BA1605619E,id=om1
2023-10-17 18:45:19,040 [om1-impl-thread1] INFO  server.RaftServerConfigKeys (ConfUtils.java:logGet(46)) - raft.server.snapshot.auto.trigger.enabled = true (custom)
2023-10-17 18:45:19,040 [om1-impl-thread1] INFO  server.RaftServerConfigKeys (ConfUtils.java:logGet(46)) - raft.server.snapshot.auto.trigger.threshold = 400000 (default)
2023-10-17 18:45:19,040 [om1-impl-thread1] INFO  server.RaftServerConfigKeys (ConfUtils.java:logGet(46)) - raft.server.snapshot.retention.file.num = -1 (default)
2023-10-17 18:45:19,040 [om1-impl-thread1] INFO  server.RaftServerConfigKeys (ConfUtils.java:logGet(46)) - raft.server.log.purge.upto.snapshot.index = true (custom)
2023-10-17 18:45:19,042 [Time-limited test] INFO  server.RaftServer (RaftServerProxy.java:startImpl(400)) - om1: start RPC server
2023-10-17 18:45:19,043 [Time-limited test] INFO  server.GrpcService (GrpcService.java:startImpl(302)) - om1: GrpcService started, listening on 15216
2023-10-17 18:45:19,043 [JvmPauseMonitor33] INFO  util.JvmPauseMonitor (JvmPauseMonitor.java:run(103)) - JvmPauseMonitor-om1: Started
2023-10-17 18:45:19,043 [Time-limited test] INFO  om.OzoneManager (OzoneManager.java:start(1651)) - Version File has different layout version (6) than OM DB (null). That is expected if this OM has never been finalized to a newer layout version.
2023-10-17 18:45:19,049 [Time-limited test] INFO  http.BaseHttpServer (BaseHttpServer.java:newHttpServer2BuilderForOzone(223)) - Starting Web-server for ozoneManager at: http://0.0.0.0:15214
2023-10-17 18:45:19,049 [Time-limited test] INFO  http.BaseHttpServer (BaseHttpServer.java:<init>(110)) - Hadoop Security Enabled: false Ozone Security Enabled: false Ozone HTTP Security Enabled: false 
2023-10-17 18:45:19,050 [Time-limited test] WARN  server.AuthenticationFilter (AuthenticationFilter.java:constructSecretProvider(240)) - Unable to initialize FileSignerSecretProvider, falling back to use random secrets. Reason: Could not read signature secret file: /home/runner/hadoop-http-auth-signature-secret
2023-10-17 18:45:19,051 [Time-limited test] INFO  http.HttpRequestLog (HttpRequestLog.java:getRequestLog(86)) - Http request log for http.requests.ozoneManager is not defined
2023-10-17 18:45:19,052 [Time-limited test] INFO  http.HttpServer2 (HttpServer2.java:addGlobalFilter(1031)) - Added global filter 'safety' (class=org.apache.hadoop.hdds.server.http.HttpServer2$QuotingInputFilter)
2023-10-17 18:45:19,052 [Time-limited test] INFO  http.HttpServer2 (HttpServer2.java:addFilter(1007)) - Added filter static_user_filter (class=org.apache.hadoop.http.lib.StaticUserWebFilter$StaticUserFilter) to context ozoneManager
2023-10-17 18:45:19,052 [Time-limited test] INFO  http.HttpServer2 (HttpServer2.java:addFilter(1015)) - Added filter static_user_filter (class=org.apache.hadoop.http.lib.StaticUserWebFilter$StaticUserFilter) to context logs
2023-10-17 18:45:19,052 [Time-limited test] INFO  http.HttpServer2 (HttpServer2.java:addFilter(1015)) - Added filter static_user_filter (class=org.apache.hadoop.http.lib.StaticUserWebFilter$StaticUserFilter) to context static
2023-10-17 18:45:19,053 [Time-limited test] INFO  http.BaseHttpServer (BaseHttpServer.java:<init>(189)) - HTTP server of ozoneManager uses base directory /home/runner/work/ozone/ozone/hadoop-ozone/integration-test/target/test-dir/MiniOzoneClusterImpl-e5f4ccb8-de05-4544-bc9a-1ec8e0e8441c/ozone-meta/webserver
2023-10-17 18:45:19,053 [Time-limited test] INFO  http.HttpServer2 (HttpServer2.java:bindListener(1231)) - Jetty bound to port 15214
2023-10-17 18:45:19,053 [Time-limited test] INFO  server.Server (Server.java:doStart(375)) - jetty-9.4.53.v20231009; built: 2023-10-09T12:29:09.265Z; git: 27bde00a0b95a1d5bbee0eae7984f891d2d0f8c9; jvm 1.8.0_382-b05
2023-10-17 18:45:19,055 [Time-limited test] INFO  server.session (DefaultSessionIdManager.java:doStart(334)) - DefaultSessionIdManager workerName=node0
2023-10-17 18:45:19,055 [Time-limited test] INFO  server.session (DefaultSessionIdManager.java:doStart(339)) - No SessionScavenger set, using defaults
2023-10-17 18:45:19,056 [Time-limited test] INFO  server.session (HouseKeeper.java:startScavenging(132)) - node0 Scavenging every 600000ms
2023-10-17 18:45:19,056 [Time-limited test] INFO  handler.ContextHandler (ContextHandler.java:doStart(921)) - Started o.e.j.s.ServletContextHandler@2502da60{logs,/logs,file:///home/runner/work/ozone/ozone/hadoop-ozone/integration-test/target/log,AVAILABLE}
2023-10-17 18:45:19,056 [Time-limited test] INFO  handler.ContextHandler (ContextHandler.java:doStart(921)) - Started o.e.j.s.ServletContextHandler@ed25c8b{static,/static,file:///home/runner/work/ozone/ozone/hadoop-ozone/integration-test/target/test-classes/webapps/static,AVAILABLE}
2023-10-17 18:45:19,059 [Time-limited test] INFO  handler.ContextHandler (ContextHandler.java:doStart(921)) - Started o.e.j.w.WebAppContext@7ef2f1cd{ozoneManager,/,file:///home/runner/work/ozone/ozone/hadoop-ozone/integration-test/target/test-classes/webapps/ozoneManager/,AVAILABLE}{file:/home/runner/work/ozone/ozone/hadoop-ozone/integration-test/target/test-classes/webapps/ozoneManager}
2023-10-17 18:45:19,061 [Time-limited test] INFO  server.AbstractConnector (AbstractConnector.java:doStart(333)) - Started ServerConnector@46c8e9ac{HTTP/1.1, (http/1.1)}{0.0.0.0:15214}
2023-10-17 18:45:19,061 [Time-limited test] INFO  server.Server (Server.java:doStart(415)) - Started @179776ms
2023-10-17 18:45:19,061 [Time-limited test] WARN  impl.MetricsSystemImpl (MetricsSystemImpl.java:register(279)) - Sink prometheus already exists!
2023-10-17 18:45:19,063 [Time-limited test] INFO  http.BaseHttpServer (BaseHttpServer.java:updateConnectorAddress(354)) - HTTP server of ozoneManager listening at http://0.0.0.0:15214
2023-10-17 18:45:19,064 [IPC Server Responder] INFO  ipc.Server (Server.java:run(1562)) - IPC Server Responder: starting
2023-10-17 18:45:19,072 [IPC Server listener on 15213] INFO  ipc.Server (Server.java:run(1402)) - IPC Server listener on 15213: starting
2023-10-17 18:45:19,078 [Time-limited test] INFO  om.OzoneManager (OzoneManager.java:startTrashEmptier(2100)) - Trash Interval set to 0. Files deleted won't move to trash
2023-10-17 18:45:19,082 [Time-limited test] WARN  impl.MetricRegistriesImpl (MetricRegistriesImpl.java:addReporterRegistration(111)) - New reporters are added after registries were created. Some metrics will be missing from the reporter. Please add reporter before adding any new registry.
2023-10-17 18:45:19,082 [Time-limited test] WARN  impl.MetricRegistriesImpl (MetricRegistriesImpl.java:addReporterRegistration(111)) - New reporters are added after registries were created. Some metrics will be missing from the reporter. Please add reporter before adding any new registry.
2023-10-17 18:45:19,082 [Time-limited test] INFO  impl.MetricsSystemImpl (MetricsSystemImpl.java:init(158)) - HddsDatanode metrics system started (again)
2023-10-17 18:45:19,093 [Time-limited test] INFO  ozone.HddsDatanodeService (HddsDatanodeService.java:start(240)) - HddsDatanodeService host:fv-az189-115 ip:10.1.0.25
2023-10-17 18:45:19,118 [Time-limited test] INFO  upgrade.AbstractLayoutVersionManager (AbstractLayoutVersionManager.java:init(83)) - Initializing Layout version manager with metadata layout = HADOOP_PRC_PORTS_IN_DATANODEDETAILS (version = 7), software layout = HADOOP_PRC_PORTS_IN_DATANODEDETAILS (version = 7)
2023-10-17 18:45:19,119 [Time-limited test] INFO  statemachine.DatanodeStateMachine (DatanodeStateMachine.java:getEndPointTaskThreadPoolSize(290)) - Datanode State Machine Task Thread Pool size 2
2023-10-17 18:45:19,122 [Time-limited test] INFO  volume.HddsVolume (HddsVolume.java:<init>(126)) - Creating HddsVolume: /home/runner/work/ozone/ozone/hadoop-ozone/integration-test/target/test-dir/MiniOzoneClusterImpl-e5f4ccb8-de05-4544-bc9a-1ec8e0e8441c/datanode-0/data-0/containers/hdds of storage type : DISK capacity : 9223372036854775807
2023-10-17 18:45:19,122 [Time-limited test] INFO  volume.MutableVolumeSet (MutableVolumeSet.java:initializeVolumeSet(173)) - Added Volume : /home/runner/work/ozone/ozone/hadoop-ozone/integration-test/target/test-dir/MiniOzoneClusterImpl-e5f4ccb8-de05-4544-bc9a-1ec8e0e8441c/datanode-0/data-0/containers/hdds to VolumeSet
2023-10-17 18:45:19,123 [Time-limited test] INFO  volume.MutableVolumeSet (MutableVolumeSet.java:initializeVolumeSet(173)) - Added Volume : /home/runner/work/ozone/ozone/hadoop-ozone/integration-test/target/test-dir/MiniOzoneClusterImpl-e5f4ccb8-de05-4544-bc9a-1ec8e0e8441c/datanode-0/data/ratis to VolumeSet
2023-10-17 18:45:19,126 [Thread-3100] INFO  ozoneimpl.ContainerReader (ContainerReader.java:readVolume(177)) - Finish verifying containers on volume /home/runner/work/ozone/ozone/hadoop-ozone/integration-test/target/test-dir/MiniOzoneClusterImpl-e5f4ccb8-de05-4544-bc9a-1ec8e0e8441c/datanode-0/data-0/containers/hdds
2023-10-17 18:45:19,126 [Time-limited test] INFO  ozoneimpl.OzoneContainer (OzoneContainer.java:buildContainerSet(316)) - Build ContainerSet costs 0s
2023-10-17 18:45:19,129 [Time-limited test] INFO  server.RaftServer (ConfUtils.java:logGet(46)) - raft.rpc.type = GRPC (default)
2023-10-17 18:45:19,130 [Time-limited test] INFO  grpc.GrpcConfigKeys (ConfUtils.java:logFallback(53)) - raft.grpc.admin.host = null (fallback to raft.grpc.server.host)
2023-10-17 18:45:19,130 [Time-limited test] INFO  grpc.GrpcConfigKeys (ConfUtils.java:logGet(46)) - raft.grpc.admin.port = 15222 (custom)
2023-10-17 18:45:19,130 [Time-limited test] INFO  grpc.GrpcConfigKeys (ConfUtils.java:logFallback(53)) - raft.grpc.client.host = null (fallback to raft.grpc.server.host)
2023-10-17 18:45:19,130 [Time-limited test] INFO  grpc.GrpcConfigKeys (ConfUtils.java:logGet(46)) - raft.grpc.client.port = 15221 (custom)
2023-10-17 18:45:19,130 [Time-limited test] INFO  grpc.GrpcConfigKeys (ConfUtils.java:logGet(46)) - raft.grpc.server.host = null (default)
2023-10-17 18:45:19,130 [Time-limited test] INFO  grpc.GrpcConfigKeys (ConfUtils.java:logGet(46)) - raft.grpc.server.port = 15223 (custom)
2023-10-17 18:45:19,130 [Time-limited test] INFO  server.GrpcService (ConfUtils.java:logGet(46)) - raft.grpc.message.size.max = 32MB (=33554432) (custom)
2023-10-17 18:45:19,130 [Time-limited test] INFO  server.RaftServerConfigKeys (ConfUtils.java:logGet(46)) - raft.server.log.appender.buffer.byte-limit = 33554432 (custom)
2023-10-17 18:45:19,132 [Time-limited test] INFO  server.GrpcService (ConfUtils.java:logGet(46)) - raft.grpc.flow.control.window = 5MB (=5242880) (custom)
2023-10-17 18:45:19,132 [Time-limited test] INFO  server.RaftServerConfigKeys (ConfUtils.java:logGet(46)) - raft.server.rpc.request.timeout = 60s (custom)
2023-10-17 18:45:19,132 [Time-limited test] INFO  grpc.GrpcConfigKeys (ConfUtils.java:logGet(46)) - raft.grpc.server.heartbeat.channel = true (default)
2023-10-17 18:45:19,132 [Time-limited test] INFO  grpc.GrpcConfigKeys (ConfUtils.java:logGet(46)) - raft.grpc.server.async.request.thread.pool.cached = true (default)
2023-10-17 18:45:19,132 [Time-limited test] INFO  grpc.GrpcConfigKeys (ConfUtils.java:logGet(46)) - raft.grpc.server.async.request.thread.pool.size = 32 (default)
2023-10-17 18:45:19,135 [Time-limited test] INFO  impl.DataStreamServerImpl (ConfUtils.java:logGet(46)) - raft.datastream.type = NETTY (custom)
2023-10-17 18:45:19,135 [Time-limited test] INFO  server.RaftServerConfigKeys (ConfUtils.java:logGet(46)) - raft.server.data-stream.async.request.thread.pool.cached = false (default)
2023-10-17 18:45:19,135 [Time-limited test] INFO  server.RaftServerConfigKeys (ConfUtils.java:logGet(46)) - raft.server.data-stream.async.request.thread.pool.size = 20 (custom)
2023-10-17 18:45:19,135 [Time-limited test] INFO  server.RaftServerConfigKeys (ConfUtils.java:logGet(46)) - raft.server.data-stream.async.write.thread.pool.size = 16 (default)
2023-10-17 18:45:19,135 [Time-limited test] INFO  server.RaftServerConfigKeys (ConfUtils.java:logGet(46)) - raft.server.data-stream.client.pool.size = 10 (default)
2023-10-17 18:45:19,136 [Time-limited test] INFO  netty.NettyConfigKeys$DataStream (ConfUtils.java:logGet(46)) - raft.netty.dataStream.server.use-epoll = false (default)
2023-10-17 18:45:19,136 [Time-limited test] INFO  netty.NettyConfigKeys$DataStream (ConfUtils.java:logGet(46)) - raft.netty.dataStream.server.boss-group.size = 0 (default)
2023-10-17 18:45:19,136 [Time-limited test] INFO  netty.NettyConfigKeys$DataStream (ConfUtils.java:logGet(46)) - raft.netty.dataStream.server.worker-group.size = 0 (default)
2023-10-17 18:45:19,136 [Time-limited test] INFO  netty.NettyConfigKeys$DataStream (ConfUtils.java:logGet(46)) - raft.netty.dataStream.server.tls.conf = null (default)
2023-10-17 18:45:19,136 [Time-limited test] INFO  netty.NettyConfigKeys$DataStream (ConfUtils.java:logGet(46)) - raft.netty.dataStream.host = null (default)
2023-10-17 18:45:19,136 [Time-limited test] INFO  netty.NettyConfigKeys$DataStream (ConfUtils.java:logGet(46)) - raft.netty.dataStream.port = 15224 (custom)
2023-10-17 18:45:19,137 [Time-limited test] INFO  server.RaftServerConfigKeys (ConfUtils.java:logGet(46)) - raft.server.threadpool.proxy.cached = true (default)
2023-10-17 18:45:19,137 [Time-limited test] INFO  server.RaftServerConfigKeys (ConfUtils.java:logGet(46)) - raft.server.threadpool.proxy.size = 0 (default)
2023-10-17 18:45:19,137 [87d6953f-678e-47bc-912c-0795febd9f4f-NettyServerStreamRpc-bossGroup--thread1] INFO  logging.LoggingHandler (AbstractInternalLogger.java:log(148)) - [id: 0x29ac8629] REGISTERED
2023-10-17 18:45:19,137 [Time-limited test] INFO  server.RaftServerConfigKeys (ConfUtils.java:logGet(46)) - raft.server.rpc.slowness.timeout = 300s (custom)
2023-10-17 18:45:19,137 [Time-limited test] INFO  server.RaftServerConfigKeys (ConfUtils.java:logGet(46)) - raft.server.leaderelection.leader.step-down.wait-time = 10s (default)
2023-10-17 18:45:19,137 [87d6953f-678e-47bc-912c-0795febd9f4f-NettyServerStreamRpc-bossGroup--thread1] INFO  logging.LoggingHandler (AbstractInternalLogger.java:log(148)) - [id: 0x29ac8629] BIND: 0.0.0.0/0.0.0.0:15224
2023-10-17 18:45:19,138 [Time-limited test] INFO  server.RaftServerConfigKeys (ConfUtils.java:logGet(46)) - raft.server.storage.dir = [/home/runner/work/ozone/ozone/hadoop-ozone/integration-test/target/test-dir/MiniOzoneClusterImpl-e5f4ccb8-de05-4544-bc9a-1ec8e0e8441c/datanode-0/data/ratis] (custom)
2023-10-17 18:45:19,138 [87d6953f-678e-47bc-912c-0795febd9f4f-NettyServerStreamRpc-bossGroup--thread1] INFO  logging.LoggingHandler (AbstractInternalLogger.java:log(148)) - [id: 0x29ac8629, L:/0:0:0:0:0:0:0:0:15224] ACTIVE
2023-10-17 18:45:19,138 [87d6953f-678e-47bc-912c-0795febd9f4f-impl-thread1] INFO  server.RaftServer (RaftServerProxy.java:initGroupDir(258)) - 87d6953f-678e-47bc-912c-0795febd9f4f: found a subdirectory /home/runner/work/ozone/ozone/hadoop-ozone/integration-test/target/test-dir/MiniOzoneClusterImpl-e5f4ccb8-de05-4544-bc9a-1ec8e0e8441c/datanode-0/data/ratis/tmp
2023-10-17 18:45:19,138 [87d6953f-678e-47bc-912c-0795febd9f4f-impl-thread1] INFO  server.RaftServer (RaftServerProxy.java:initGroupDir(263)) - 87d6953f-678e-47bc-912c-0795febd9f4f: The directory /home/runner/work/ozone/ozone/hadoop-ozone/integration-test/target/test-dir/MiniOzoneClusterImpl-e5f4ccb8-de05-4544-bc9a-1ec8e0e8441c/datanode-0/data/ratis/tmp is not a group directory; ignoring it. 
2023-10-17 18:45:19,138 [Time-limited test] INFO  replication.ReplicationServer (ReplicationServer.java:<init>(83)) - Initializing replication server with thread count = 10 queue length = 4096
2023-10-17 18:45:19,139 [Time-limited test] INFO  server.XceiverServerGrpc (XceiverServerGrpc.java:<init>(132)) - GrpcServer channel type EpollServerSocketChannel
2023-10-17 18:45:19,141 [Time-limited test] INFO  replication.ReplicationSupervisor (ReplicationSupervisor.java:build(155)) - Initializing replication supervisor with thread count = 10
2023-10-17 18:45:19,141 [Time-limited test] INFO  replication.ReplicationSupervisor (ReplicationSupervisor.java:nodeStateUpdated(307)) - Node state updated to IN_SERVICE, scaling executor pool size to 10
2023-10-17 18:45:19,143 [Time-limited test] INFO  http.BaseHttpServer (BaseHttpServer.java:newHttpServer2BuilderForOzone(223)) - Starting Web-server for hddsDatanode at: http://0.0.0.0:15218
2023-10-17 18:45:19,143 [Time-limited test] INFO  http.BaseHttpServer (BaseHttpServer.java:<init>(110)) - Hadoop Security Enabled: false Ozone Security Enabled: false Ozone HTTP Security Enabled: false 
2023-10-17 18:45:19,144 [Time-limited test] WARN  server.AuthenticationFilter (AuthenticationFilter.java:constructSecretProvider(240)) - Unable to initialize FileSignerSecretProvider, falling back to use random secrets. Reason: Could not read signature secret file: /home/runner/hadoop-http-auth-signature-secret
2023-10-17 18:45:19,144 [Time-limited test] INFO  http.HttpRequestLog (HttpRequestLog.java:getRequestLog(86)) - Http request log for http.requests.hddsDatanode is not defined
2023-10-17 18:45:19,145 [Time-limited test] INFO  http.HttpServer2 (HttpServer2.java:addGlobalFilter(1031)) - Added global filter 'safety' (class=org.apache.hadoop.hdds.server.http.HttpServer2$QuotingInputFilter)
2023-10-17 18:45:19,146 [Time-limited test] INFO  http.HttpServer2 (HttpServer2.java:addFilter(1007)) - Added filter static_user_filter (class=org.apache.hadoop.http.lib.StaticUserWebFilter$StaticUserFilter) to context hddsDatanode
2023-10-17 18:45:19,146 [Time-limited test] INFO  http.HttpServer2 (HttpServer2.java:addFilter(1015)) - Added filter static_user_filter (class=org.apache.hadoop.http.lib.StaticUserWebFilter$StaticUserFilter) to context static
2023-10-17 18:45:19,146 [Time-limited test] INFO  http.HttpServer2 (HttpServer2.java:addFilter(1015)) - Added filter static_user_filter (class=org.apache.hadoop.http.lib.StaticUserWebFilter$StaticUserFilter) to context logs
2023-10-17 18:45:19,148 [Time-limited test] INFO  http.BaseHttpServer (BaseHttpServer.java:<init>(189)) - HTTP server of hddsDatanode uses base directory /home/runner/work/ozone/ozone/hadoop-ozone/integration-test/target/test-dir/MiniOzoneClusterImpl-e5f4ccb8-de05-4544-bc9a-1ec8e0e8441c/datanode-0/meta/webserver
2023-10-17 18:45:19,148 [Time-limited test] INFO  http.HttpServer2 (HttpServer2.java:bindListener(1231)) - Jetty bound to port 15218
2023-10-17 18:45:19,148 [Time-limited test] INFO  server.Server (Server.java:doStart(375)) - jetty-9.4.53.v20231009; built: 2023-10-09T12:29:09.265Z; git: 27bde00a0b95a1d5bbee0eae7984f891d2d0f8c9; jvm 1.8.0_382-b05
2023-10-17 18:45:19,149 [Time-limited test] INFO  server.session (DefaultSessionIdManager.java:doStart(334)) - DefaultSessionIdManager workerName=node0
2023-10-17 18:45:19,149 [Time-limited test] INFO  server.session (DefaultSessionIdManager.java:doStart(339)) - No SessionScavenger set, using defaults
2023-10-17 18:45:19,149 [Time-limited test] INFO  server.session (HouseKeeper.java:startScavenging(132)) - node0 Scavenging every 600000ms
2023-10-17 18:45:19,149 [Time-limited test] INFO  handler.ContextHandler (ContextHandler.java:doStart(921)) - Started o.e.j.s.ServletContextHandler@1d81392c{logs,/logs,file:///home/runner/work/ozone/ozone/hadoop-ozone/integration-test/target/log,AVAILABLE}
2023-10-17 18:45:19,150 [Time-limited test] INFO  handler.ContextHandler (ContextHandler.java:doStart(921)) - Started o.e.j.s.ServletContextHandler@130f76e5{static,/static,jar:file:/home/runner/.m2/repository/org/apache/ozone/hdds-container-service/1.4.0-SNAPSHOT/hdds-container-service-1.4.0-SNAPSHOT.jar!/webapps/static,AVAILABLE}
2023-10-17 18:45:19,344 [Time-limited test] INFO  handler.ContextHandler (ContextHandler.java:doStart(921)) - Started o.e.j.w.WebAppContext@7a733b4{hddsDatanode,/,file:///home/runner/work/ozone/ozone/hadoop-ozone/integration-test/target/test-dir/MiniOzoneClusterImpl-e5f4ccb8-de05-4544-bc9a-1ec8e0e8441c/datanode-0/meta/webserver/jetty-0_0_0_0-15218-hdds-container-service-1_4_0-SNAPSHOT_jar-_-any-2061974914015097730/webapp/,AVAILABLE}{jar:file:/home/runner/.m2/repository/org/apache/ozone/hdds-container-service/1.4.0-SNAPSHOT/hdds-container-service-1.4.0-SNAPSHOT.jar!/webapps/hddsDatanode}
2023-10-17 18:45:19,346 [Time-limited test] INFO  server.AbstractConnector (AbstractConnector.java:doStart(333)) - Started ServerConnector@6c5edbb3{HTTP/1.1, (http/1.1)}{0.0.0.0:15218}
2023-10-17 18:45:19,346 [Time-limited test] INFO  server.Server (Server.java:doStart(415)) - Started @180060ms
2023-10-17 18:45:19,346 [Time-limited test] WARN  impl.MetricsSystemImpl (MetricsSystemImpl.java:register(279)) - Sink prometheus already exists!
2023-10-17 18:45:19,347 [Time-limited test] INFO  http.BaseHttpServer (BaseHttpServer.java:updateConnectorAddress(354)) - HTTP server of hddsDatanode listening at http://0.0.0.0:15218
2023-10-17 18:45:19,347 [Time-limited test] INFO  ipc.CallQueueManager (CallQueueManager.java:<init>(90)) - Using callQueue: class java.util.concurrent.LinkedBlockingQueue, queueCapacity: 100, scheduler: class org.apache.hadoop.ipc.DefaultRpcScheduler, ipcBackoff: false.
2023-10-17 18:45:19,347 [Time-limited test] INFO  ipc.Server (Server.java:<init>(1287)) - Listener at 0.0.0.0:15219
2023-10-17 18:45:19,347 [Socket Reader #1 for port 15219] INFO  ipc.Server (Server.java:run(1323)) - Starting Socket Reader #1 for port 15219
2023-10-17 18:45:19,354 [Time-limited test] INFO  ozone.HddsDatanodeService (HddsDatanodeService.java:start(325)) - Datanode start with admins: [runner]
2023-10-17 18:45:19,354 [Time-limited test] INFO  ozone.HddsDatanodeClientProtocolServer (HddsDatanodeClientProtocolServer.java:start(72)) - RPC server for Client /0.0.0.0:15219
2023-10-17 18:45:19,358 [IPC Server Responder] INFO  ipc.Server (Server.java:run(1562)) - IPC Server Responder: starting
2023-10-17 18:45:19,358 [IPC Server listener on 15219] INFO  ipc.Server (Server.java:run(1402)) - IPC Server listener on 15219: starting
2023-10-17 18:45:19,360 [Datanode State Machine Daemon Thread] INFO  statemachine.DatanodeStateMachine (DatanodeStateMachine.java:lambda$startDaemon$1(546)) - Ozone container server started.
2023-10-17 18:45:19,361 [Time-limited test] INFO  ozone.MiniOzoneClusterImpl (MiniOzoneClusterImpl.java:lambda$waitForClusterToBeReady$0(229)) - Waiting for nodes to be ready. Got 0 of 1 DN Heartbeats.
2023-10-17 18:45:19,361 [Time-limited test] INFO  ozone.MiniOzoneClusterImpl (MiniOzoneClusterImpl.java:lambda$waitForClusterToBeReady$0(232)) - Waiting for cluster to exit safe mode
2023-10-17 18:45:19,361 [Time-limited test] INFO  ozone.MiniOzoneClusterImpl (MiniOzoneClusterImpl.java:lambda$waitForClusterToBeReady$0(234)) - SCM became leader
2023-10-17 18:45:19,379 [Datanode State Machine Task Thread - 0] INFO  datanode.InitDatanodeState (InitDatanodeState.java:persistContainerDatanodeDetails(138)) - DatanodeDetails is persisted to /home/runner/work/ozone/ozone/hadoop-ozone/integration-test/target/test-dir/MiniOzoneClusterImpl-e5f4ccb8-de05-4544-bc9a-1ec8e0e8441c/datanode-0/meta/datanode.id
2023-10-17 18:45:20,105 [om1@group-C5BA1605619E-FollowerState] INFO  impl.FollowerState (FollowerState.java:run(143)) - om1@group-C5BA1605619E-FollowerState: change to CANDIDATE, lastRpcElapsedTime:1066947276ns, electionTimeout:1064ms
2023-10-17 18:45:20,106 [om1@group-C5BA1605619E-FollowerState] INFO  impl.RoleInfo (RoleInfo.java:shutdownFollowerState(110)) - om1: shutdown om1@group-C5BA1605619E-FollowerState
2023-10-17 18:45:20,106 [om1@group-C5BA1605619E-FollowerState] INFO  server.RaftServer$Division (RaftServerImpl.java:setRole(329)) - om1@group-C5BA1605619E: changes role from  FOLLOWER to CANDIDATE at term 0 for changeToCandidate
2023-10-17 18:45:20,106 [om1@group-C5BA1605619E-FollowerState] INFO  server.RaftServerConfigKeys (ConfUtils.java:logGet(46)) - raft.server.leaderelection.pre-vote = true (default)
2023-10-17 18:45:20,106 [om1@group-C5BA1605619E-FollowerState] INFO  impl.RoleInfo (RoleInfo.java:updateAndGet(139)) - om1: start om1@group-C5BA1605619E-LeaderElection43
2023-10-17 18:45:20,108 [om1@group-C5BA1605619E-LeaderElection43] INFO  impl.LeaderElection (LeaderElection.java:askForVotes(321)) - om1@group-C5BA1605619E-LeaderElection43 PRE_VOTE round 0: submit vote requests at term 0 for -1: peers:[om1|rpc:localhost:15216|priority:0|startupRole:FOLLOWER]|listeners:[], old=null
2023-10-17 18:45:20,108 [om1@group-C5BA1605619E-LeaderElection43] INFO  impl.LeaderElection (LeaderElection.java:askForVotes(323)) - om1@group-C5BA1605619E-LeaderElection43 PRE_VOTE round 0: result PASSED (term=0)
2023-10-17 18:45:20,111 [om1@group-C5BA1605619E-LeaderElection43] INFO  impl.LeaderElection (LeaderElection.java:askForVotes(321)) - om1@group-C5BA1605619E-LeaderElection43 ELECTION round 0: submit vote requests at term 1 for -1: peers:[om1|rpc:localhost:15216|priority:0|startupRole:FOLLOWER]|listeners:[], old=null
2023-10-17 18:45:20,111 [om1@group-C5BA1605619E-LeaderElection43] INFO  impl.LeaderElection (LeaderElection.java:askForVotes(323)) - om1@group-C5BA1605619E-LeaderElection43 ELECTION round 0: result PASSED (term=1)
2023-10-17 18:45:20,111 [om1@group-C5BA1605619E-LeaderElection43] INFO  impl.RoleInfo (RoleInfo.java:shutdownLeaderElection(130)) - om1: shutdown om1@group-C5BA1605619E-LeaderElection43
2023-10-17 18:45:20,111 [om1@group-C5BA1605619E-LeaderElection43] INFO  server.RaftServer$Division (RaftServerImpl.java:setRole(329)) - om1@group-C5BA1605619E: changes role from CANDIDATE to LEADER at term 1 for changeToLeader
2023-10-17 18:45:20,112 [om1@group-C5BA1605619E-LeaderElection43] INFO  server.RaftServer$Division (ServerState.java:setLeader(317)) - om1@group-C5BA1605619E: change Leader from null to om1 at term 1 for becomeLeader, leader elected after 1490ms
2023-10-17 18:45:20,112 [om1@group-C5BA1605619E-LeaderElection43] INFO  server.RaftServerConfigKeys (ConfUtils.java:logGet(46)) - raft.server.staging.catchup.gap = 1000 (default)
2023-10-17 18:45:20,112 [om1@group-C5BA1605619E-LeaderElection43] INFO  server.RaftServerConfigKeys (ConfUtils.java:logGet(46)) - raft.server.write.element-limit = 4096 (default)
2023-10-17 18:45:20,112 [om1@group-C5BA1605619E-LeaderElection43] INFO  server.RaftServerConfigKeys (ConfUtils.java:logGet(46)) - raft.server.write.byte-limit = 64MB (=67108864) (default)
2023-10-17 18:45:20,112 [om1@group-C5BA1605619E-LeaderElection43] INFO  server.RaftServerConfigKeys (ConfUtils.java:logGet(46)) - raft.server.watch.timeout = 10s (default)
2023-10-17 18:45:20,112 [om1@group-C5BA1605619E-LeaderElection43] INFO  server.RaftServerConfigKeys (ConfUtils.java:logGet(46)) - raft.server.watch.timeout.denomination = 1s (default)
2023-10-17 18:45:20,112 [om1@group-C5BA1605619E-LeaderElection43] INFO  server.RaftServerConfigKeys (ConfUtils.java:logGet(46)) - raft.server.watch.element-limit = 65536 (default)
2023-10-17 18:45:20,112 [om1@group-C5BA1605619E-LeaderElection43] INFO  server.RaftServerConfigKeys (ConfUtils.java:logGet(46)) - raft.server.write.element-limit = 4096 (default)
2023-10-17 18:45:20,112 [om1@group-C5BA1605619E-LeaderElection43] INFO  server.RaftServerConfigKeys (ConfUtils.java:logGet(46)) - raft.server.write.follower.gap.ratio.max = -1.0 (default)
2023-10-17 18:45:20,112 [om1@group-C5BA1605619E-LeaderElection43] INFO  impl.RoleInfo (RoleInfo.java:updateAndGet(139)) - om1: start om1@group-C5BA1605619E-LeaderStateImpl
2023-10-17 18:45:20,112 [om1@group-C5BA1605619E-LeaderElection43] INFO  segmented.SegmentedRaftLogWorker (SegmentedRaftLogWorker.java:startLogSegment(447)) - om1@group-C5BA1605619E-SegmentedRaftLogWorker: Starting segment from index:0
2023-10-17 18:45:20,117 [om1@group-C5BA1605619E-LeaderElection43] INFO  server.RaftServer$Division (ServerState.java:setRaftConf(434)) - om1@group-C5BA1605619E: set configuration 0: peers:[om1|rpc:localhost:15216|admin:|client:|dataStream:|priority:0|startupRole:FOLLOWER]|listeners:[], old=null
2023-10-17 18:45:20,122 [om1@group-C5BA1605619E-SegmentedRaftLogWorker] INFO  segmented.SegmentedRaftLogWorker (SegmentedRaftLogWorker.java:execute(651)) - om1@group-C5BA1605619E-SegmentedRaftLogWorker: created new log segment /home/runner/work/ozone/ozone/hadoop-ozone/integration-test/target/test-dir/MiniOzoneClusterImpl-e5f4ccb8-de05-4544-bc9a-1ec8e0e8441c/ozone-meta/ratis/bf265839-605b-3f16-9796-c5ba1605619e/current/log_inprogress_0
2023-10-17 18:45:20,124 [om1@group-C5BA1605619E-StateMachineUpdater] INFO  ratis.OzoneManagerStateMachine (OzoneManagerStateMachine.java:notifyConfigurationChanged(202)) - Received Configuration change notification from Ratis. New Peer list:
[id: "om1"
address: "localhost:15216"
startupRole: FOLLOWER
]
2023-10-17 18:45:20,361 [Time-limited test] INFO  ozone.MiniOzoneClusterImpl (MiniOzoneClusterImpl.java:lambda$waitForClusterToBeReady$0(229)) - Waiting for nodes to be ready. Got 0 of 1 DN Heartbeats.
2023-10-17 18:45:20,361 [Time-limited test] INFO  ozone.MiniOzoneClusterImpl (MiniOzoneClusterImpl.java:lambda$waitForClusterToBeReady$0(232)) - Waiting for cluster to exit safe mode
2023-10-17 18:45:20,361 [Time-limited test] INFO  ozone.MiniOzoneClusterImpl (MiniOzoneClusterImpl.java:lambda$waitForClusterToBeReady$0(234)) - SCM became leader
2023-10-17 18:45:21,362 [Time-limited test] INFO  ozone.MiniOzoneClusterImpl (MiniOzoneClusterImpl.java:lambda$waitForClusterToBeReady$0(229)) - Waiting for nodes to be ready. Got 0 of 1 DN Heartbeats.
2023-10-17 18:45:21,362 [Time-limited test] INFO  ozone.MiniOzoneClusterImpl (MiniOzoneClusterImpl.java:lambda$waitForClusterToBeReady$0(232)) - Waiting for cluster to exit safe mode
2023-10-17 18:45:21,362 [Time-limited test] INFO  ozone.MiniOzoneClusterImpl (MiniOzoneClusterImpl.java:lambda$waitForClusterToBeReady$0(234)) - SCM became leader
2023-10-17 18:45:21,399 [EndpointStateMachine task thread for /0.0.0.0:15211 - 0 ] INFO  utils.DatanodeStoreCache (DatanodeStoreCache.java:addDB(66)) - Added db /home/runner/work/ozone/ozone/hadoop-ozone/integration-test/target/test-dir/MiniOzoneClusterImpl-e5f4ccb8-de05-4544-bc9a-1ec8e0e8441c/datanode-0/data-0/containers/hdds/e5f4ccb8-de05-4544-bc9a-1ec8e0e8441c/DS-03c44e80-c502-49b5-9dd2-8b656137daa2/container.db to cache
2023-10-17 18:45:21,399 [EndpointStateMachine task thread for /0.0.0.0:15211 - 0 ] INFO  volume.HddsVolume (HddsVolume.java:createDbStore(422)) - SchemaV3 db is created and loaded at /home/runner/work/ozone/ozone/hadoop-ozone/integration-test/target/test-dir/MiniOzoneClusterImpl-e5f4ccb8-de05-4544-bc9a-1ec8e0e8441c/datanode-0/data-0/containers/hdds/e5f4ccb8-de05-4544-bc9a-1ec8e0e8441c/DS-03c44e80-c502-49b5-9dd2-8b656137daa2/container.db for volume DS-03c44e80-c502-49b5-9dd2-8b656137daa2
2023-10-17 18:45:21,399 [EndpointStateMachine task thread for /0.0.0.0:15211 - 0 ] INFO  volume.ThrottledAsyncChecker (ThrottledAsyncChecker.java:schedule(141)) - Scheduling a check for /home/runner/work/ozone/ozone/hadoop-ozone/integration-test/target/test-dir/MiniOzoneClusterImpl-e5f4ccb8-de05-4544-bc9a-1ec8e0e8441c/datanode-0/data-0/containers/hdds
2023-10-17 18:45:21,400 [EndpointStateMachine task thread for /0.0.0.0:15211 - 0 ] INFO  volume.StorageVolumeChecker (StorageVolumeChecker.java:checkAllVolumes(213)) - Scheduled health check for volume /home/runner/work/ozone/ozone/hadoop-ozone/integration-test/target/test-dir/MiniOzoneClusterImpl-e5f4ccb8-de05-4544-bc9a-1ec8e0e8441c/datanode-0/data-0/containers/hdds
2023-10-17 18:45:21,402 [EndpointStateMachine task thread for /0.0.0.0:15211 - 0 ] INFO  volume.ThrottledAsyncChecker (ThrottledAsyncChecker.java:schedule(141)) - Scheduling a check for /home/runner/work/ozone/ozone/hadoop-ozone/integration-test/target/test-dir/MiniOzoneClusterImpl-e5f4ccb8-de05-4544-bc9a-1ec8e0e8441c/datanode-0/data/ratis
2023-10-17 18:45:21,402 [EndpointStateMachine task thread for /0.0.0.0:15211 - 0 ] INFO  volume.StorageVolumeChecker (StorageVolumeChecker.java:checkAllVolumes(213)) - Scheduled health check for volume /home/runner/work/ozone/ozone/hadoop-ozone/integration-test/target/test-dir/MiniOzoneClusterImpl-e5f4ccb8-de05-4544-bc9a-1ec8e0e8441c/datanode-0/data/ratis
2023-10-17 18:45:21,403 [EndpointStateMachine task thread for /0.0.0.0:15211 - 0 ] INFO  ozoneimpl.OzoneContainer (OzoneContainer.java:start(431)) - Attempting to start container services.
2023-10-17 18:45:21,403 [EndpointStateMachine task thread for /0.0.0.0:15211 - 0 ] INFO  ozoneimpl.OzoneContainer (OzoneContainer.java:startContainerScrub(327)) - Scheduled background container scanners and the on-demand container scanner have been disabled.
2023-10-17 18:45:21,403 [EndpointStateMachine task thread for /0.0.0.0:15211 - 0 ] INFO  replication.ReplicationServer (ReplicationServer.java:start(134)) - ReplicationServer is started using port 15225
2023-10-17 18:45:21,403 [EndpointStateMachine task thread for /0.0.0.0:15211 - 0 ] INFO  ratis.XceiverServerRatis (XceiverServerRatis.java:start(517)) - Starting XceiverServerRatis 87d6953f-678e-47bc-912c-0795febd9f4f
2023-10-17 18:45:21,404 [EndpointStateMachine task thread for /0.0.0.0:15211 - 0 ] INFO  server.RaftServer (RaftServerProxy.java:startImpl(400)) - 87d6953f-678e-47bc-912c-0795febd9f4f: start RPC server
2023-10-17 18:45:21,404 [EndpointStateMachine task thread for /0.0.0.0:15211 - 0 ] INFO  server.GrpcService (GrpcService.java:startImpl(302)) - 87d6953f-678e-47bc-912c-0795febd9f4f: GrpcService started, listening on 15221
2023-10-17 18:45:21,404 [EndpointStateMachine task thread for /0.0.0.0:15211 - 0 ] INFO  server.GrpcService (GrpcService.java:startImpl(302)) - 87d6953f-678e-47bc-912c-0795febd9f4f: GrpcService started, listening on 15223
2023-10-17 18:45:21,404 [EndpointStateMachine task thread for /0.0.0.0:15211 - 0 ] INFO  server.GrpcService (GrpcService.java:startImpl(302)) - 87d6953f-678e-47bc-912c-0795febd9f4f: GrpcService started, listening on 15222
2023-10-17 18:45:21,405 [EndpointStateMachine task thread for /0.0.0.0:15211 - 0 ] INFO  ratis.XceiverServerRatis (XceiverServerRatis.java:getRealPort(543)) - XceiverServerRatis 87d6953f-678e-47bc-912c-0795febd9f4f is started using port 15221 for RATIS
2023-10-17 18:45:21,405 [EndpointStateMachine task thread for /0.0.0.0:15211 - 0 ] INFO  ratis.XceiverServerRatis (XceiverServerRatis.java:getRealPort(543)) - XceiverServerRatis 87d6953f-678e-47bc-912c-0795febd9f4f is started using port 15222 for RATIS_ADMIN
2023-10-17 18:45:21,405 [JvmPauseMonitor34] INFO  util.JvmPauseMonitor (JvmPauseMonitor.java:run(103)) - JvmPauseMonitor-87d6953f-678e-47bc-912c-0795febd9f4f: Started
2023-10-17 18:45:21,405 [EndpointStateMachine task thread for /0.0.0.0:15211 - 0 ] INFO  ratis.XceiverServerRatis (XceiverServerRatis.java:getRealPort(543)) - XceiverServerRatis 87d6953f-678e-47bc-912c-0795febd9f4f is started using port 15223 for RATIS_SERVER
2023-10-17 18:45:21,405 [EndpointStateMachine task thread for /0.0.0.0:15211 - 0 ] INFO  ratis.XceiverServerRatis (XceiverServerRatis.java:getRealPort(543)) - XceiverServerRatis 87d6953f-678e-47bc-912c-0795febd9f4f is started using port 15224 for RATIS_DATASTREAM
2023-10-17 18:45:21,406 [87d6953f-678e-47bc-912c-0795febd9f4f-BlockDeletingService#0] INFO  interfaces.ContainerDeletionChoosingPolicyTemplate (ContainerDeletionChoosingPolicyTemplate.java:chooseContainerForBlockDeletion(85)) - Chosen 0/5000 blocks from 0 candidate containers.
2023-10-17 18:45:22,362 [Time-limited test] INFO  ozone.MiniOzoneClusterImpl (MiniOzoneClusterImpl.java:lambda$waitForClusterToBeReady$0(229)) - Waiting for nodes to be ready. Got 0 of 1 DN Heartbeats.
2023-10-17 18:45:22,362 [Time-limited test] INFO  ozone.MiniOzoneClusterImpl (MiniOzoneClusterImpl.java:lambda$waitForClusterToBeReady$0(232)) - Waiting for cluster to exit safe mode
2023-10-17 18:45:22,362 [Time-limited test] INFO  ozone.MiniOzoneClusterImpl (MiniOzoneClusterImpl.java:lambda$waitForClusterToBeReady$0(234)) - SCM became leader
2023-10-17 18:45:23,362 [Time-limited test] INFO  ozone.MiniOzoneClusterImpl (MiniOzoneClusterImpl.java:lambda$waitForClusterToBeReady$0(229)) - Waiting for nodes to be ready. Got 0 of 1 DN Heartbeats.
2023-10-17 18:45:23,363 [Time-limited test] INFO  ozone.MiniOzoneClusterImpl (MiniOzoneClusterImpl.java:lambda$waitForClusterToBeReady$0(232)) - Waiting for cluster to exit safe mode
2023-10-17 18:45:23,363 [Time-limited test] INFO  ozone.MiniOzoneClusterImpl (MiniOzoneClusterImpl.java:lambda$waitForClusterToBeReady$0(234)) - SCM became leader
2023-10-17 18:45:23,365 [IPC Server handler 0 on default port 15211] INFO  net.NetworkTopologyImpl (NetworkTopologyImpl.java:add(112)) - Added a new node: /default-rack/87d6953f-678e-47bc-912c-0795febd9f4f
2023-10-17 18:45:23,365 [IPC Server handler 0 on default port 15211] INFO  node.SCMNodeManager (SCMNodeManager.java:register(405)) - Registered Data node : 87d6953f-678e-47bc-912c-0795febd9f4f{ip: 10.1.0.25, host: fv-az189-115, ports: [HTTP=15218, CLIENT_RPC=15219, REPLICATION=15225, RATIS=15221, RATIS_ADMIN=15222, RATIS_SERVER=15223, RATIS_DATASTREAM=15224, STANDALONE=15220], networkLocation: /default-rack, certSerialId: null, persistedOpState: null, persistedOpStateExpiryEpochSec: 0}
2023-10-17 18:45:23,371 [EventQueue-NodeRegistrationContainerReportForDataNodeSafeModeRule] INFO  safemode.SCMSafeModeManager (DataNodeSafeModeRule.java:process(71)) - SCM in safe mode. 1 DataNodes registered, 1 required.
2023-10-17 18:45:23,371 [EventQueue-NodeRegistrationContainerReportForDataNodeSafeModeRule] INFO  safemode.SCMSafeModeManager (SCMSafeModeManager.java:validateSafeModeExitRules(200)) - DataNodeSafeModeRule rule is successfully validated
2023-10-17 18:45:23,371 [EventQueue-NodeRegistrationContainerReportForDataNodeSafeModeRule] INFO  safemode.SCMSafeModeManager (SCMSafeModeManager.java:completePreCheck(229)) - All SCM safe mode pre check rules have passed
2023-10-17 18:45:23,371 [EventQueue-NodeRegistrationContainerReportForDataNodeSafeModeRule] INFO  ha.SCMContext (SCMContext.java:updateSafeModeStatus(230)) - Update SafeModeStatus from SafeModeStatus{safeModeStatus=true, preCheckPassed=false} to SafeModeStatus{safeModeStatus=true, preCheckPassed=true}.
2023-10-17 18:45:23,374 [EventQueue-NodeRegistrationContainerReportForDataNodeSafeModeRule] INFO  pipeline.BackgroundPipelineCreator (BackgroundPipelineCreator.java:notifyEventTriggered(277)) - trigger a one-shot run on RatisPipelineUtilsThread.
2023-10-17 18:45:23,375 [RatisPipelineUtilsThread - 0] INFO  pipeline.RatisPipelineProvider (RatisPipelineProvider.java:lambda$create$0(206)) - Sending CreatePipelineCommand for pipeline:PipelineID=f0abc1ab-5897-4e9b-8113-976c258c4e0a to datanode:87d6953f-678e-47bc-912c-0795febd9f4f
2023-10-17 18:45:23,375 [EventQueue-NodeRegistrationContainerReportForContainerSafeModeRule] INFO  safemode.SCMSafeModeManager (SCMSafeModeManager.java:validateSafeModeExitRules(200)) - ContainerSafeModeRule rule is successfully validated
2023-10-17 18:45:23,375 [EventQueue-PipelineReportForOneReplicaPipelineSafeModeRule] INFO  safemode.SCMSafeModeManager (SCMSafeModeManager.java:validateSafeModeExitRules(200)) - AtleastOneDatanodeReportedRule rule is successfully validated
2023-10-17 18:45:23,376 [RatisPipelineUtilsThread - 0] INFO  pipeline.BackgroundPipelineCreator (BackgroundPipelineCreator.java:createPipelines(233)) - Created new pipeline Pipeline[ Id: f0abc1ab-5897-4e9b-8113-976c258c4e0a, Nodes: 87d6953f-678e-47bc-912c-0795febd9f4f(fv-az189-115/10.1.0.25), ReplicationConfig: RATIS/ONE, State:ALLOCATED, leaderId:, CreationTimestamp2023-10-17T18:45:23.375Z[Etc/UTC]]
2023-10-17 18:45:23,376 [RatisPipelineUtilsThread - 0] ERROR scm.SCMCommonPlacementPolicy (SCMCommonPlacementPolicy.java:filterNodesWithSpace(286)) - Unable to find enough nodes that meet the space requirement of 1073741824 bytes for metadata and 5368709120 bytes for data in healthy node set. Required 3. Found 1.
2023-10-17 18:45:23,376 [EventQueue-NewNodeForNewNodeHandler] INFO  pipeline.BackgroundPipelineCreator (BackgroundPipelineCreator.java:notifyEventTriggered(277)) - trigger a one-shot run on RatisPipelineUtilsThread.
2023-10-17 18:45:23,377 [RatisPipelineUtilsThread - 0] ERROR scm.SCMCommonPlacementPolicy (SCMCommonPlacementPolicy.java:filterNodesWithSpace(286)) - Unable to find enough nodes that meet the space requirement of 1073741824 bytes for metadata and 5368709120 bytes for data in healthy node set. Required 3. Found 1.
2023-10-17 18:45:24,363 [Time-limited test] INFO  ozone.MiniOzoneClusterImpl (MiniOzoneClusterImpl.java:lambda$waitForClusterToBeReady$0(229)) - Nodes are ready. Got 1 of 1 DN Heartbeats.
2023-10-17 18:45:24,363 [Time-limited test] INFO  ozone.MiniOzoneClusterImpl (MiniOzoneClusterImpl.java:lambda$waitForClusterToBeReady$0(232)) - Waiting for cluster to exit safe mode
2023-10-17 18:45:24,363 [Time-limited test] INFO  ozone.MiniOzoneClusterImpl (MiniOzoneClusterImpl.java:lambda$waitForClusterToBeReady$0(234)) - SCM became leader
2023-10-17 18:45:25,363 [Time-limited test] INFO  ozone.MiniOzoneClusterImpl (MiniOzoneClusterImpl.java:lambda$waitForClusterToBeReady$0(229)) - Nodes are ready. Got 1 of 1 DN Heartbeats.
2023-10-17 18:45:25,363 [Time-limited test] INFO  ozone.MiniOzoneClusterImpl (MiniOzoneClusterImpl.java:lambda$waitForClusterToBeReady$0(232)) - Waiting for cluster to exit safe mode
2023-10-17 18:45:25,363 [Time-limited test] INFO  ozone.MiniOzoneClusterImpl (MiniOzoneClusterImpl.java:lambda$waitForClusterToBeReady$0(234)) - SCM became leader
2023-10-17 18:45:26,364 [Time-limited test] INFO  ozone.MiniOzoneClusterImpl (MiniOzoneClusterImpl.java:lambda$waitForClusterToBeReady$0(229)) - Nodes are ready. Got 1 of 1 DN Heartbeats.
2023-10-17 18:45:26,364 [Time-limited test] INFO  ozone.MiniOzoneClusterImpl (MiniOzoneClusterImpl.java:lambda$waitForClusterToBeReady$0(232)) - Waiting for cluster to exit safe mode
2023-10-17 18:45:26,364 [Time-limited test] INFO  ozone.MiniOzoneClusterImpl (MiniOzoneClusterImpl.java:lambda$waitForClusterToBeReady$0(234)) - SCM became leader
2023-10-17 18:45:26,372 [PipelineCommandHandlerThread-0] INFO  server.RaftServer (RaftServerProxy.java:addNew(98)) - 87d6953f-678e-47bc-912c-0795febd9f4f: addNew group-976C258C4E0A:[87d6953f-678e-47bc-912c-0795febd9f4f|rpc:10.1.0.25:15223|admin:10.1.0.25:15222|client:10.1.0.25:15221|dataStream:10.1.0.25:15224|priority:1|startupRole:FOLLOWER] returns group-976C258C4E0A:java.util.concurrent.CompletableFuture@1d032e03[Not completed]
2023-10-17 18:45:26,373 [87d6953f-678e-47bc-912c-0795febd9f4f-groupManagement] INFO  server.RaftServer$Division (RaftServerImpl.java:<init>(198)) - 87d6953f-678e-47bc-912c-0795febd9f4f: new RaftServerImpl for group-976C258C4E0A:[87d6953f-678e-47bc-912c-0795febd9f4f|rpc:10.1.0.25:15223|admin:10.1.0.25:15222|client:10.1.0.25:15221|dataStream:10.1.0.25:15224|priority:1|startupRole:FOLLOWER] with ContainerStateMachine:uninitialized
2023-10-17 18:45:26,373 [87d6953f-678e-47bc-912c-0795febd9f4f-groupManagement] INFO  server.RaftServerConfigKeys (ConfUtils.java:logGet(46)) - raft.server.rpc.timeout.min = 5s (custom)
2023-10-17 18:45:26,373 [87d6953f-678e-47bc-912c-0795febd9f4f-groupManagement] INFO  server.RaftServerConfigKeys (ConfUtils.java:logGet(46)) - raft.server.rpc.timeout.max = 5200ms (custom)
2023-10-17 18:45:26,373 [87d6953f-678e-47bc-912c-0795febd9f4f-groupManagement] INFO  server.RaftServerConfigKeys (ConfUtils.java:logGet(46)) - raft.server.rpc.sleep.time = 25ms (default)
2023-10-17 18:45:26,373 [87d6953f-678e-47bc-912c-0795febd9f4f-groupManagement] INFO  server.RaftServerConfigKeys (ConfUtils.java:logGet(46)) - raft.server.rpc.slowness.timeout = 300s (custom)
2023-10-17 18:45:26,373 [87d6953f-678e-47bc-912c-0795febd9f4f-groupManagement] INFO  server.RaftServerConfigKeys (ConfUtils.java:logGet(46)) - raft.server.leaderelection.leader.step-down.wait-time = 10s (default)
2023-10-17 18:45:26,373 [87d6953f-678e-47bc-912c-0795febd9f4f-groupManagement] INFO  server.RaftServerConfigKeys (ConfUtils.java:logGet(46)) - raft.server.sleep.deviation.threshold = 300ms (default)
2023-10-17 18:45:26,373 [87d6953f-678e-47bc-912c-0795febd9f4f-groupManagement] INFO  server.RaftServer$Division (ServerState.java:<init>(120)) - 87d6953f-678e-47bc-912c-0795febd9f4f@group-976C258C4E0A: ConfigurationManager, init=-1: peers:[87d6953f-678e-47bc-912c-0795febd9f4f|rpc:10.1.0.25:15223|admin:10.1.0.25:15222|client:10.1.0.25:15221|dataStream:10.1.0.25:15224|priority:1|startupRole:FOLLOWER]|listeners:[], old=null, confs=<EMPTY_MAP>
2023-10-17 18:45:26,373 [87d6953f-678e-47bc-912c-0795febd9f4f-groupManagement] INFO  server.RaftServerConfigKeys (ConfUtils.java:logGet(46)) - raft.server.storage.dir = [/home/runner/work/ozone/ozone/hadoop-ozone/integration-test/target/test-dir/MiniOzoneClusterImpl-e5f4ccb8-de05-4544-bc9a-1ec8e0e8441c/datanode-0/data/ratis] (custom)
2023-10-17 18:45:26,373 [87d6953f-678e-47bc-912c-0795febd9f4f-groupManagement] INFO  server.RaftServerConfigKeys (ConfUtils.java:logGet(46)) - raft.server.log.corruption.policy = EXCEPTION (default)
2023-10-17 18:45:26,373 [87d6953f-678e-47bc-912c-0795febd9f4f-groupManagement] INFO  server.RaftServerConfigKeys (ConfUtils.java:logGet(46)) - raft.server.storage.free-space.min = 0MB (=0) (default)
2023-10-17 18:45:26,373 [87d6953f-678e-47bc-912c-0795febd9f4f-groupManagement] INFO  server.RaftServerConfigKeys (ConfUtils.java:logGet(46)) - raft.server.notification.no-leader.timeout = 300s (custom)
2023-10-17 18:45:26,373 [87d6953f-678e-47bc-912c-0795febd9f4f-groupManagement] INFO  server.RaftServerConfigKeys (ConfUtils.java:logGet(46)) - raft.server.read.timeout = 10s (default)
2023-10-17 18:45:26,373 [87d6953f-678e-47bc-912c-0795febd9f4f-groupManagement] INFO  server.RaftServerConfigKeys (ConfUtils.java:logGet(46)) - raft.server.retrycache.expirytime = 600000ms (custom)
2023-10-17 18:45:26,373 [87d6953f-678e-47bc-912c-0795febd9f4f-groupManagement] INFO  server.RaftServerConfigKeys (ConfUtils.java:logGet(46)) - raft.server.retrycache.statistics.expirytime = 100μs (default)
2023-10-17 18:45:26,373 [87d6953f-678e-47bc-912c-0795febd9f4f-groupManagement] INFO  server.RaftServerConfigKeys (ConfUtils.java:logGet(46)) - raft.server.read.option = DEFAULT (default)
2023-10-17 18:45:26,374 [87d6953f-678e-47bc-912c-0795febd9f4f-groupManagement] INFO  server.RaftServerConfigKeys (ConfUtils.java:logGet(46)) - raft.server.rpc.request.timeout = 60s (custom)
2023-10-17 18:45:26,374 [87d6953f-678e-47bc-912c-0795febd9f4f-groupManagement] INFO  server.RaftServerConfigKeys (ConfUtils.java:logGet(46)) - raft.server.log.appender.install.snapshot.enabled = false (custom)
2023-10-17 18:45:26,374 [87d6953f-678e-47bc-912c-0795febd9f4f-groupManagement] INFO  server.RaftServerConfigKeys (ConfUtils.java:logGet(46)) - raft.server.threadpool.server.cached = true (default)
2023-10-17 18:45:26,374 [87d6953f-678e-47bc-912c-0795febd9f4f-groupManagement] INFO  server.RaftServerConfigKeys (ConfUtils.java:logGet(46)) - raft.server.threadpool.server.size = 0 (default)
2023-10-17 18:45:26,374 [87d6953f-678e-47bc-912c-0795febd9f4f-groupManagement] INFO  server.RaftServerConfigKeys (ConfUtils.java:logGet(46)) - raft.server.threadpool.client.cached = true (default)
2023-10-17 18:45:26,374 [87d6953f-678e-47bc-912c-0795febd9f4f-groupManagement] INFO  server.RaftServerConfigKeys (ConfUtils.java:logGet(46)) - raft.server.threadpool.client.size = 0 (default)
2023-10-17 18:45:26,374 [87d6953f-678e-47bc-912c-0795febd9f4f-groupManagement] INFO  storage.RaftStorageDirectory (RaftStorageDirectoryImpl.java:analyzeStorage(137)) - The storage directory /home/runner/work/ozone/ozone/hadoop-ozone/integration-test/target/test-dir/MiniOzoneClusterImpl-e5f4ccb8-de05-4544-bc9a-1ec8e0e8441c/datanode-0/data/ratis/f0abc1ab-5897-4e9b-8113-976c258c4e0a does not exist. Creating ...
2023-10-17 18:45:26,375 [87d6953f-678e-47bc-912c-0795febd9f4f-groupManagement] INFO  storage.RaftStorageDirectory (RaftStorageDirectoryImpl.java:tryLock(231)) - Lock on /home/runner/work/ozone/ozone/hadoop-ozone/integration-test/target/test-dir/MiniOzoneClusterImpl-e5f4ccb8-de05-4544-bc9a-1ec8e0e8441c/datanode-0/data/ratis/f0abc1ab-5897-4e9b-8113-976c258c4e0a/in_use.lock acquired by nodename 31914@fv-az189-115
2023-10-17 18:45:26,376 [87d6953f-678e-47bc-912c-0795febd9f4f-groupManagement] INFO  storage.RaftStorage (RaftStorageImpl.java:format(96)) - Storage directory /home/runner/work/ozone/ozone/hadoop-ozone/integration-test/target/test-dir/MiniOzoneClusterImpl-e5f4ccb8-de05-4544-bc9a-1ec8e0e8441c/datanode-0/data/ratis/f0abc1ab-5897-4e9b-8113-976c258c4e0a has been successfully formatted.
2023-10-17 18:45:26,377 [87d6953f-678e-47bc-912c-0795febd9f4f-groupManagement] INFO  ratis.ContainerStateMachine (ContainerStateMachine.java:loadSnapshot(262)) - group-976C258C4E0A: The snapshot info is null. Setting the last applied indexto:(t:0, i:~)
2023-10-17 18:45:26,377 [87d6953f-678e-47bc-912c-0795febd9f4f-groupManagement] INFO  server.RaftServerConfigKeys (ConfUtils.java:logGet(46)) - raft.server.log.use.memory = false (default)
2023-10-17 18:45:26,377 [87d6953f-678e-47bc-912c-0795febd9f4f-groupManagement] INFO  server.RaftServerConfigKeys (ConfUtils.java:logGet(46)) - raft.server.log.purge.gap = 1000000 (custom)
2023-10-17 18:45:26,377 [87d6953f-678e-47bc-912c-0795febd9f4f-groupManagement] INFO  server.RaftServerConfigKeys (ConfUtils.java:logGet(46)) - raft.server.log.appender.buffer.byte-limit = 33554432 (custom)
2023-10-17 18:45:26,378 [87d6953f-678e-47bc-912c-0795febd9f4f-groupManagement] INFO  server.RaftServerConfigKeys (ConfUtils.java:logGet(46)) - raft.server.log.statemachine.data.read.timeout = 1000ms (default)
2023-10-17 18:45:26,379 [EventQueue-PipelineReportForPipelineReportHandler] INFO  pipeline.PipelineReportHandler (PipelineReportHandler.java:processPipelineReport(136)) - Opened pipeline PipelineID=f0abc1ab-5897-4e9b-8113-976c258c4e0a
2023-10-17 18:45:26,387 [87d6953f-678e-47bc-912c-0795febd9f4f-groupManagement] INFO  server.RaftServerConfigKeys (ConfUtils.java:logGet(46)) - raft.server.log.purge.preservation.log.num = 0 (default)
2023-10-17 18:45:26,387 [87d6953f-678e-47bc-912c-0795febd9f4f-groupManagement] INFO  server.RaftServerConfigKeys (ConfUtils.java:logGet(46)) - raft.server.log.segment.size.max = 1048576 (custom)
2023-10-17 18:45:26,387 [87d6953f-678e-47bc-912c-0795febd9f4f-groupManagement] INFO  server.RaftServerConfigKeys (ConfUtils.java:logGet(46)) - raft.server.log.segment.cache.num.max = 2 (custom)
2023-10-17 18:45:26,387 [87d6953f-678e-47bc-912c-0795febd9f4f-groupManagement] INFO  server.RaftServerConfigKeys (ConfUtils.java:logGet(46)) - raft.server.log.segment.cache.size.max = 200MB (=209715200) (default)
2023-10-17 18:45:26,388 [87d6953f-678e-47bc-912c-0795febd9f4f-groupManagement] INFO  server.RaftServerConfigKeys (ConfUtils.java:logGet(46)) - raft.server.log.appender.buffer.byte-limit = 33554432 (custom)
2023-10-17 18:45:26,388 [87d6953f-678e-47bc-912c-0795febd9f4f-groupManagement] INFO  segmented.SegmentedRaftLogWorker (SegmentedRaftLogWorker.java:<init>(188)) - new 87d6953f-678e-47bc-912c-0795febd9f4f@group-976C258C4E0A-SegmentedRaftLogWorker for RaftStorageImpl:Storage Directory /home/runner/work/ozone/ozone/hadoop-ozone/integration-test/target/test-dir/MiniOzoneClusterImpl-e5f4ccb8-de05-4544-bc9a-1ec8e0e8441c/datanode-0/data/ratis/f0abc1ab-5897-4e9b-8113-976c258c4e0a
2023-10-17 18:45:26,388 [87d6953f-678e-47bc-912c-0795febd9f4f-groupManagement] INFO  server.RaftServerConfigKeys (ConfUtils.java:logGet(46)) - raft.server.log.queue.byte-limit = 4294967296 (custom)
2023-10-17 18:45:26,388 [87d6953f-678e-47bc-912c-0795febd9f4f-groupManagement] INFO  server.RaftServerConfigKeys (ConfUtils.java:logGet(46)) - raft.server.log.queue.element-limit = 1024 (custom)
2023-10-17 18:45:26,388 [87d6953f-678e-47bc-912c-0795febd9f4f-groupManagement] INFO  server.RaftServerConfigKeys (ConfUtils.java:logGet(46)) - raft.server.log.segment.size.max = 1048576 (custom)
2023-10-17 18:45:26,388 [87d6953f-678e-47bc-912c-0795febd9f4f-groupManagement] INFO  server.RaftServerConfigKeys (ConfUtils.java:logGet(46)) - raft.server.log.preallocated.size = 16384 (custom)
2023-10-17 18:45:26,388 [87d6953f-678e-47bc-912c-0795febd9f4f-groupManagement] INFO  server.RaftServerConfigKeys (ConfUtils.java:logGet(46)) - raft.server.log.force.sync.num = 128 (default)
2023-10-17 18:45:26,388 [87d6953f-678e-47bc-912c-0795febd9f4f-groupManagement] INFO  server.RaftServerConfigKeys (ConfUtils.java:logGet(46)) - raft.server.log.statemachine.data.sync = true (default)
2023-10-17 18:45:26,388 [87d6953f-678e-47bc-912c-0795febd9f4f-groupManagement] INFO  server.RaftServerConfigKeys (ConfUtils.java:logGet(46)) - raft.server.log.statemachine.data.sync.timeout = 10s (default)
2023-10-17 18:45:26,388 [87d6953f-678e-47bc-912c-0795febd9f4f-groupManagement] INFO  server.RaftServerConfigKeys (ConfUtils.java:logGet(46)) - raft.server.log.statemachine.data.sync.timeout.retry = -1 (default)
2023-10-17 18:45:26,388 [87d6953f-678e-47bc-912c-0795febd9f4f-groupManagement] INFO  server.RaftServerConfigKeys (ConfUtils.java:logGet(46)) - raft.server.log.write.buffer.size = 1048576 (custom)
2023-10-17 18:45:26,388 [87d6953f-678e-47bc-912c-0795febd9f4f-groupManagement] INFO  server.RaftServerConfigKeys (ConfUtils.java:logGet(46)) - raft.server.log.appender.buffer.byte-limit = 33554432 (custom)
2023-10-17 18:45:26,393 [87d6953f-678e-47bc-912c-0795febd9f4f-groupManagement] INFO  server.RaftServerConfigKeys (ConfUtils.java:logGet(46)) - raft.server.log.unsafe-flush.enabled = false (default)
2023-10-17 18:45:26,393 [87d6953f-678e-47bc-912c-0795febd9f4f-groupManagement] INFO  server.RaftServerConfigKeys (ConfUtils.java:logGet(46)) - raft.server.log.async-flush.enabled = false (default)
2023-10-17 18:45:26,393 [87d6953f-678e-47bc-912c-0795febd9f4f-groupManagement] INFO  server.RaftServerConfigKeys (ConfUtils.java:logGet(46)) - raft.server.log.statemachine.data.caching.enabled = true (custom)
2023-10-17 18:45:26,393 [EventQueue-OpenPipelineForHealthyPipelineSafeModeRule] INFO  safemode.SCMSafeModeManager (SCMSafeModeManager.java:validateSafeModeExitRules(200)) - HealthyPipelineSafeModeRule rule is successfully validated
2023-10-17 18:45:26,393 [EventQueue-OpenPipelineForHealthyPipelineSafeModeRule] INFO  safemode.SCMSafeModeManager (SCMSafeModeManager.java:validateSafeModeExitRules(215)) - ScmSafeModeManager, all rules are successfully validated
2023-10-17 18:45:26,393 [EventQueue-OpenPipelineForHealthyPipelineSafeModeRule] INFO  safemode.SCMSafeModeManager (SCMSafeModeManager.java:exitSafeMode(244)) - SCM exiting safe mode.
2023-10-17 18:45:26,393 [87d6953f-678e-47bc-912c-0795febd9f4f-groupManagement] INFO  segmented.SegmentedRaftLogWorker (SegmentedRaftLogWorker.java:lambda$new$0(135)) - 87d6953f-678e-47bc-912c-0795febd9f4f@group-976C258C4E0A-SegmentedRaftLogWorker: flushIndex: setUnconditionally 0 -> -1
2023-10-17 18:45:26,393 [EventQueue-OpenPipelineForHealthyPipelineSafeModeRule] INFO  ha.SCMContext (SCMContext.java:updateSafeModeStatus(230)) - Update SafeModeStatus from SafeModeStatus{safeModeStatus=true, preCheckPassed=true} to SafeModeStatus{safeModeStatus=false, preCheckPassed=true}.
2023-10-17 18:45:26,393 [87d6953f-678e-47bc-912c-0795febd9f4f-groupManagement] INFO  segmented.SegmentedRaftLogWorker (SegmentedRaftLogWorker.java:lambda$new$0(135)) - 87d6953f-678e-47bc-912c-0795febd9f4f@group-976C258C4E0A-SegmentedRaftLogWorker: safeCacheEvictIndex: setUnconditionally 0 -> -1
2023-10-17 18:45:26,394 [EventQueue-OpenPipelineForHealthyPipelineSafeModeRule] INFO  pipeline.BackgroundPipelineCreator (BackgroundPipelineCreator.java:notifyStatusChanged(255)) - Service BackgroundPipelineCreator transitions to RUNNING.
2023-10-17 18:45:26,394 [EventQueue-OpenPipelineForHealthyPipelineSafeModeRule] INFO  BackgroundPipelineScrubber (BackgroundSCMService.java:notifyStatusChanged(82)) - Service BackgroundPipelineScrubber transitions to RUNNING.
2023-10-17 18:45:26,394 [EventQueue-OpenPipelineForHealthyPipelineSafeModeRule] INFO  ExpiredContainerReplicaOpScrubber (BackgroundSCMService.java:notifyStatusChanged(82)) - Service ExpiredContainerReplicaOpScrubber transitions to RUNNING.
2023-10-17 18:45:26,394 [EventQueue-OpenPipelineForHealthyPipelineSafeModeRule] INFO  replication.ReplicationManager (ReplicationManager.java:notifyStatusChanged(1370)) - Service ReplicationManager transitions to RUNNING.
2023-10-17 18:45:26,394 [87d6953f-678e-47bc-912c-0795febd9f4f-groupManagement] INFO  server.RaftServer$Division (RaftServerImpl.java:start(342)) - 87d6953f-678e-47bc-912c-0795febd9f4f@group-976C258C4E0A: start as a follower, conf=-1: peers:[87d6953f-678e-47bc-912c-0795febd9f4f|rpc:10.1.0.25:15223|admin:10.1.0.25:15222|client:10.1.0.25:15221|dataStream:10.1.0.25:15224|priority:1|startupRole:FOLLOWER]|listeners:[], old=null
2023-10-17 18:45:26,394 [87d6953f-678e-47bc-912c-0795febd9f4f-groupManagement] INFO  server.RaftServer$Division (RaftServerImpl.java:setRole(329)) - 87d6953f-678e-47bc-912c-0795febd9f4f@group-976C258C4E0A: changes role from      null to FOLLOWER at term 0 for startAsFollower
2023-10-17 18:45:26,394 [87d6953f-678e-47bc-912c-0795febd9f4f-groupManagement] INFO  impl.RoleInfo (RoleInfo.java:updateAndGet(139)) - 87d6953f-678e-47bc-912c-0795febd9f4f: start 87d6953f-678e-47bc-912c-0795febd9f4f@group-976C258C4E0A-FollowerState
2023-10-17 18:45:26,394 [EventQueue-OpenPipelineForHealthyPipelineSafeModeRule] WARN  balancer.ContainerBalancer (ContainerBalancer.java:shouldRun(134)) - Could not find persisted configuration for ContainerBalancer when checking if ContainerBalancer should run. ContainerBalancer should not run now.
2023-10-17 18:45:26,394 [87d6953f-678e-47bc-912c-0795febd9f4f-groupManagement] INFO  util.JmxRegister (JmxRegister.java:tryRegister(44)) - Successfully registered JMX Bean with object name Ratis:service=RaftServer,group=group-976C258C4E0A,id=87d6953f-678e-47bc-912c-0795febd9f4f
2023-10-17 18:45:26,394 [87d6953f-678e-47bc-912c-0795febd9f4f-groupManagement] INFO  server.RaftServerConfigKeys (ConfUtils.java:logGet(46)) - raft.server.snapshot.auto.trigger.enabled = true (custom)
2023-10-17 18:45:26,394 [87d6953f-678e-47bc-912c-0795febd9f4f-groupManagement] INFO  server.RaftServerConfigKeys (ConfUtils.java:logGet(46)) - raft.server.snapshot.auto.trigger.threshold = 10000 (custom)
2023-10-17 18:45:26,394 [87d6953f-678e-47bc-912c-0795febd9f4f-groupManagement] INFO  server.RaftServerConfigKeys (ConfUtils.java:logGet(46)) - raft.server.snapshot.retention.file.num = 5 (custom)
2023-10-17 18:45:26,394 [87d6953f-678e-47bc-912c-0795febd9f4f-groupManagement] INFO  server.RaftServerConfigKeys (ConfUtils.java:logGet(46)) - raft.server.log.purge.upto.snapshot.index = false (default)
2023-10-17 18:45:26,395 [PipelineCommandHandlerThread-0] INFO  ratis.XceiverServerRatis (XceiverServerRatis.java:addGroup(804)) - Created group PipelineID=f0abc1ab-5897-4e9b-8113-976c258c4e0a
2023-10-17 18:45:26,395 [PipelineCommandHandlerThread-0] INFO  commandhandler.CreatePipelineCommandHandler (CreatePipelineCommandHandler.java:lambda$handle$2(124)) - Created Pipeline RATIS ONE PipelineID=f0abc1ab-5897-4e9b-8113-976c258c4e0a.
2023-10-17 18:45:26,395 [87d6953f-678e-47bc-912c-0795febd9f4f@group-976C258C4E0A-FollowerState] INFO  server.RaftServerConfigKeys (ConfUtils.java:logFallback(53)) - raft.server.rpc.first-election.timeout.min = 5s (fallback to raft.server.rpc.timeout.min)
2023-10-17 18:45:26,395 [87d6953f-678e-47bc-912c-0795febd9f4f@group-976C258C4E0A-FollowerState] INFO  server.RaftServerConfigKeys (ConfUtils.java:logFallback(53)) - raft.server.rpc.first-election.timeout.max = 5200ms (fallback to raft.server.rpc.timeout.max)
2023-10-17 18:45:27,364 [Time-limited test] INFO  ozone.MiniOzoneClusterImpl (MiniOzoneClusterImpl.java:lambda$waitForClusterToBeReady$0(229)) - Nodes are ready. Got 1 of 1 DN Heartbeats.
2023-10-17 18:45:27,364 [Time-limited test] INFO  ozone.MiniOzoneClusterImpl (MiniOzoneClusterImpl.java:lambda$waitForClusterToBeReady$0(232)) - Cluster exits safe mode
2023-10-17 18:45:27,364 [Time-limited test] INFO  ozone.MiniOzoneClusterImpl (MiniOzoneClusterImpl.java:lambda$waitForClusterToBeReady$0(234)) - SCM became leader
2023-10-17 18:45:27,364 [Time-limited test] INFO  server.StorageContainerManager (StorageContainerManager.java:stop(1600)) - Container Balancer is not running.
2023-10-17 18:45:27,364 [Time-limited test] INFO  server.StorageContainerManager (StorageContainerManager.java:stopReplicationManager(1733)) - Stopping Replication Manager Service.
2023-10-17 18:45:27,364 [Time-limited test] INFO  replication.ReplicationManager (ReplicationManager.java:stop(323)) - Stopping Replication Monitor Thread.
2023-10-17 18:45:27,365 [Time-limited test] INFO  server.StorageContainerManager (StorageContainerManager.java:stop(1609)) - Stopping the Datanode Admin Monitor.
2023-10-17 18:45:27,365 [Under Replicated Processor] WARN  replication.UnhealthyReplicationProcessor (UnhealthyReplicationProcessor.java:run(180)) - Under Replicated Processor interrupted. Exiting...
2023-10-17 18:45:27,365 [Over Replicated Processor] WARN  replication.UnhealthyReplicationProcessor (UnhealthyReplicationProcessor.java:run(180)) - Over Replicated Processor interrupted. Exiting...
2023-10-17 18:45:27,365 [ReplicationMonitor] INFO  replication.ReplicationManager (ReplicationManager.java:run(921)) - Replication Monitor Thread is stopped
2023-10-17 18:45:27,365 [Time-limited test] INFO  server.StorageContainerManager (StorageContainerManager.java:stop(1616)) - Stopping datanode service RPC server
2023-10-17 18:45:27,365 [Time-limited test] INFO  server.SCMDatanodeProtocolServer (SCMDatanodeProtocolServer.java:stop(424)) - Stopping the RPC server for DataNodes
2023-10-17 18:45:27,365 [Time-limited test] INFO  ipc.Server (Server.java:stop(3523)) - Stopping server on 15211
2023-10-17 18:45:27,367 [IPC Server Responder] INFO  ipc.Server (Server.java:run(1567)) - Stopping IPC Server Responder
2023-10-17 18:45:27,367 [IPC Server listener on 15211] INFO  ipc.Server (Server.java:run(1434)) - Stopping IPC Server listener on 15211
2023-10-17 18:45:27,379 [EndpointStateMachine task thread for /0.0.0.0:15211 - 0 ] WARN  statemachine.EndpointStateMachine (EndpointStateMachine.java:logIfNeeded(242)) - Unable to communicate to SCM server at 0.0.0.0:15211 for past 0 seconds.
java.io.EOFException: End of File Exception between local host is: "fv-az189-115/10.1.0.25"; destination host is: "0.0.0.0":15211; : java.io.EOFException; For more details see:  http://wiki.apache.org/hadoop/EOFException
	at sun.reflect.NativeConstructorAccessorImpl.newInstance0(Native Method)
	at sun.reflect.NativeConstructorAccessorImpl.newInstance(NativeConstructorAccessorImpl.java:62)
	at sun.reflect.DelegatingConstructorAccessorImpl.newInstance(DelegatingConstructorAccessorImpl.java:45)
	at java.lang.reflect.Constructor.newInstance(Constructor.java:423)
	at org.apache.hadoop.net.NetUtils.wrapWithMessage(NetUtils.java:930)
	at org.apache.hadoop.net.NetUtils.wrapException(NetUtils.java:879)
	at org.apache.hadoop.ipc.Client.getRpcResponse(Client.java:1571)
	at org.apache.hadoop.ipc.Client.call(Client.java:1513)
	at org.apache.hadoop.ipc.Client.call(Client.java:1410)
	at org.apache.hadoop.ipc.ProtobufRpcEngine$Invoker.invoke(ProtobufRpcEngine.java:250)
	at org.apache.hadoop.ipc.ProtobufRpcEngine$Invoker.invoke(ProtobufRpcEngine.java:132)
	at com.sun.proxy.$Proxy52.submitRequest(Unknown Source)
	at org.apache.hadoop.ozone.protocolPB.StorageContainerDatanodeProtocolClientSideTranslatorPB.submitRequest(StorageContainerDatanodeProtocolClientSideTranslatorPB.java:117)
	at org.apache.hadoop.ozone.protocolPB.StorageContainerDatanodeProtocolClientSideTranslatorPB.sendHeartbeat(StorageContainerDatanodeProtocolClientSideTranslatorPB.java:149)
	at org.apache.hadoop.ozone.container.common.states.endpoint.HeartbeatEndpointTask.call(HeartbeatEndpointTask.java:185)
	at org.apache.hadoop.ozone.container.common.states.endpoint.HeartbeatEndpointTask.call(HeartbeatEndpointTask.java:87)
	at java.util.concurrent.FutureTask.run(FutureTask.java:266)
	at java.util.concurrent.ThreadPoolExecutor.runWorker(ThreadPoolExecutor.java:1149)
	at java.util.concurrent.ThreadPoolExecutor$Worker.run(ThreadPoolExecutor.java:624)
	at java.lang.Thread.run(Thread.java:750)
Caused by: java.io.EOFException
	at java.io.DataInputStream.readInt(DataInputStream.java:392)
	at org.apache.hadoop.ipc.Client$IpcStreams.readResponse(Client.java:1906)
	at org.apache.hadoop.ipc.Client$Connection.receiveRpcResponse(Client.java:1187)
	at org.apache.hadoop.ipc.Client$Connection.run(Client.java:1078)
2023-10-17 18:45:29,380 [EndpointStateMachine task thread for /0.0.0.0:15211 - 0 ] INFO  ipc.Client (Client.java:handleConnectionFailure(950)) - Retrying connect to server: 0.0.0.0/0.0.0.0:15211. Already tried 0 time(s); retry policy is RetryUpToMaximumCountWithFixedSleep(maxRetries=15, sleepTime=1000 MILLISECONDS)
2023-10-17 18:45:30,222 [SCM Heartbeat Processing Thread - 0] WARN  node.NodeStateManager (NodeStateManager.java:scheduleNextHealthCheck(874)) - Current Thread is interrupted, shutting down HB processing thread for Node Manager.
2023-10-17 18:45:30,222 [Time-limited test] INFO  server.StorageContainerManager (StorageContainerManager.java:stop(1624)) - Stopping block service RPC server
2023-10-17 18:45:30,222 [Time-limited test] INFO  server.SCMBlockProtocolServer (SCMBlockProtocolServer.java:stop(163)) - Stopping the RPC server for Block Protocol
2023-10-17 18:45:30,222 [Time-limited test] INFO  ipc.Server (Server.java:stop(3523)) - Stopping server on 15210
2023-10-17 18:45:30,224 [IPC Server listener on 15210] INFO  ipc.Server (Server.java:run(1434)) - Stopping IPC Server listener on 15210
2023-10-17 18:45:30,225 [IPC Server Responder] INFO  ipc.Server (Server.java:run(1567)) - Stopping IPC Server Responder
2023-10-17 18:45:30,225 [Time-limited test] INFO  server.StorageContainerManager (StorageContainerManager.java:stop(1631)) - Stopping the StorageContainerLocationProtocol RPC server
2023-10-17 18:45:30,225 [Time-limited test] INFO  server.SCMClientProtocolServer (SCMClientProtocolServer.java:stop(210)) - Stopping the RPC server for Client Protocol
2023-10-17 18:45:30,225 [Time-limited test] INFO  ipc.Server (Server.java:stop(3523)) - Stopping server on 15209
2023-10-17 18:45:30,230 [IPC Server listener on 15209] INFO  ipc.Server (Server.java:run(1434)) - Stopping IPC Server listener on 15209
2023-10-17 18:45:30,230 [IPC Server Responder] INFO  ipc.Server (Server.java:run(1567)) - Stopping IPC Server Responder
2023-10-17 18:45:30,230 [Time-limited test] INFO  server.StorageContainerManager (StorageContainerManager.java:stop(1638)) - Stopping Storage Container Manager HTTP server.
2023-10-17 18:45:30,231 [Time-limited test] INFO  handler.ContextHandler (ContextHandler.java:doStop(1159)) - Stopped o.e.j.w.WebAppContext@1cda23aa{scm,/,null,STOPPED}{file:/home/runner/work/ozone/ozone/hadoop-ozone/integration-test/target/test-classes/webapps/scm}
2023-10-17 18:45:30,232 [Time-limited test] INFO  server.AbstractConnector (AbstractConnector.java:doStop(383)) - Stopped ServerConnector@3d2eeac7{HTTP/1.1, (http/1.1)}{0.0.0.0:15212}
2023-10-17 18:45:30,232 [Time-limited test] INFO  server.session (HouseKeeper.java:stopScavenging(149)) - node0 Stopped scavenging
2023-10-17 18:45:30,233 [Time-limited test] INFO  handler.ContextHandler (ContextHandler.java:doStop(1159)) - Stopped o.e.j.s.ServletContextHandler@3284f95e{static,/static,file:///home/runner/work/ozone/ozone/hadoop-ozone/integration-test/target/test-classes/webapps/static,STOPPED}
2023-10-17 18:45:30,233 [Time-limited test] INFO  handler.ContextHandler (ContextHandler.java:doStop(1159)) - Stopped o.e.j.s.ServletContextHandler@5e69bba5{logs,/logs,file:///home/runner/work/ozone/ozone/hadoop-ozone/integration-test/target/log,STOPPED}
2023-10-17 18:45:30,233 [Time-limited test] INFO  server.StorageContainerManager (StorageContainerManager.java:stop(1646)) - Stopping SCM LayoutVersionManager Service.
2023-10-17 18:45:30,234 [Time-limited test] INFO  server.StorageContainerManager (StorageContainerManager.java:stop(1658)) - Stopping Block Manager Service.
2023-10-17 18:45:30,234 [Time-limited test] INFO  utils.BackgroundService (BackgroundService.java:shutdown(160)) - Shutting down service SCMBlockDeletingService
2023-10-17 18:45:30,234 [Time-limited test] INFO  utils.BackgroundService (BackgroundService.java:shutdown(160)) - Shutting down service SCMBlockDeletingService
2023-10-17 18:45:30,234 [Time-limited test] INFO  server.StorageContainerManager (StorageContainerManager.java:stop(1678)) - Stopping SCM Event Queue.
2023-10-17 18:45:30,234 [JvmPauseMonitor32] INFO  util.JvmPauseMonitor (JvmPauseMonitor.java:run(109)) - JvmPauseMonitor-0fcae548-2079-4b4a-8c4a-eefc696a7109: Stopped
2023-10-17 18:45:30,234 [Time-limited test] INFO  server.StorageContainerManager (StorageContainerManager.java:stop(1689)) - Stopping SCM HA services.
2023-10-17 18:45:30,235 [Time-limited test] INFO  pipeline.BackgroundPipelineCreator (BackgroundPipelineCreator.java:stop(149)) - Stopping RatisPipelineUtilsThread.
2023-10-17 18:45:30,235 [RatisPipelineUtilsThread - 0] WARN  pipeline.BackgroundPipelineCreator (BackgroundPipelineCreator.java:run(180)) - RatisPipelineUtilsThread is interrupted.
2023-10-17 18:45:30,235 [Time-limited test] INFO  BackgroundPipelineScrubber (BackgroundSCMService.java:stop(131)) - Stopping BackgroundPipelineScrubber Service.
2023-10-17 18:45:30,235 [BackgroundPipelineScrubberThread] WARN  BackgroundPipelineScrubber (BackgroundSCMService.java:run(115)) - BackgroundPipelineScrubber is interrupted, exit
2023-10-17 18:45:30,235 [Time-limited test] INFO  impl.MetricsSystemImpl (MetricsSystemImpl.java:stop(210)) - Stopping HddsDatanode metrics system...
2023-10-17 18:45:30,238 [prometheus] INFO  impl.MetricsSinkAdapter (MetricsSinkAdapter.java:publishMetricsFromQueue(141)) - prometheus thread interrupted.
2023-10-17 18:45:30,238 [Time-limited test] INFO  impl.MetricsSystemImpl (MetricsSystemImpl.java:stop(216)) - HddsDatanode metrics system stopped.
2023-10-17 18:45:30,238 [Time-limited test] WARN  pipeline.BackgroundPipelineCreator (BackgroundPipelineCreator.java:stop(145)) - RatisPipelineUtilsThread is not running, just ignore.
2023-10-17 18:45:30,238 [Time-limited test] INFO  BackgroundPipelineScrubber (BackgroundSCMService.java:stop(126)) - BackgroundPipelineScrubber Service is not running, skip stop.
2023-10-17 18:45:30,238 [Time-limited test] INFO  ExpiredContainerReplicaOpScrubber (BackgroundSCMService.java:stop(131)) - Stopping ExpiredContainerReplicaOpScrubber Service.
2023-10-17 18:45:30,238 [ExpiredContainerReplicaOpScrubberThread] WARN  ExpiredContainerReplicaOpScrubber (BackgroundSCMService.java:run(115)) - ExpiredContainerReplicaOpScrubber is interrupted, exit
2023-10-17 18:45:30,238 [Time-limited test] INFO  utils.BackgroundService (BackgroundService.java:shutdown(160)) - Shutting down service SCMBlockDeletingService
2023-10-17 18:45:30,238 [Time-limited test] INFO  replication.ReplicationManager (ReplicationManager.java:stop(333)) - Replication Monitor Thread is not running.
2023-10-17 18:45:30,238 [Time-limited test] WARN  balancer.ContainerBalancer (ContainerBalancer.java:stop(326)) - Cannot stop Container Balancer because it's not running or stopping
2023-10-17 18:45:30,238 [LeaseManager#LeaseMonitor] WARN  lease.LeaseManager (LeaseManager.java:run(287)) - Lease manager is interrupted. Shutting down...
java.lang.InterruptedException
	at java.util.concurrent.locks.AbstractQueuedSynchronizer.doAcquireSharedNanos(AbstractQueuedSynchronizer.java:1039)
	at java.util.concurrent.locks.AbstractQueuedSynchronizer.tryAcquireSharedNanos(AbstractQueuedSynchronizer.java:1328)
	at java.util.concurrent.Semaphore.tryAcquire(Semaphore.java:409)
	at org.apache.hadoop.ozone.lease.LeaseManager$LeaseMonitor.run(LeaseManager.java:285)
	at java.lang.Thread.run(Thread.java:750)
2023-10-17 18:45:30,238 [Time-limited test] INFO  server.StorageContainerManager (StorageContainerManager.java:stop(1724)) - Stopping SCM MetadataStore.
2023-10-17 18:45:30,240 [Time-limited test] WARN  server.ServerUtils (ServerUtils.java:getScmDbDir(155)) - ozone.scm.db.dirs is not configured. We recommend adding this setting. Falling back to ozone.metadata.dirs instead.
2023-10-17 18:45:30,240 [Time-limited test] INFO  ha.SCMHANodeDetails (SCMHANodeDetails.java:loadSCMHAConfig(210)) - ServiceID for StorageContainerManager is null
2023-10-17 18:45:30,240 [Time-limited test] INFO  ha.SCMHANodeDetails (SCMHANodeDetails.java:loadSCMHAConfig(215)) - ozone.scm.default.service.id is not defined, falling back to ozone.scm.service.ids to find serviceID for StorageContainerManager if it is HA enabled cluster
2023-10-17 18:45:30,242 [Time-limited test] INFO  server.StorageContainerManager (StorageContainerManager.java:scmInit(1291)) - SCM initialization succeeded. Current cluster id for sd=/home/runner/work/ozone/ozone/hadoop-ozone/integration-test/target/test-dir/MiniOzoneClusterImpl-e5f4ccb8-de05-4544-bc9a-1ec8e0e8441c/ozone-meta/scm; cid=564da9ec-f096-4c2a-8caf-985940a39038; layoutVersion=7; scmId=8db6ae11-0f1e-4bf7-b251-e81228abd1e8
2023-10-17 18:45:30,242 [Time-limited test] WARN  server.ServerUtils (ServerUtils.java:getScmDbDir(155)) - ozone.scm.db.dirs is not configured. We recommend adding this setting. Falling back to ozone.metadata.dirs instead.
2023-10-17 18:45:30,242 [Time-limited test] INFO  ha.SCMHANodeDetails (SCMHANodeDetails.java:loadSCMHAConfig(210)) - ServiceID for StorageContainerManager is null
2023-10-17 18:45:30,242 [Time-limited test] INFO  ha.SCMHANodeDetails (SCMHANodeDetails.java:loadSCMHAConfig(215)) - ozone.scm.default.service.id is not defined, falling back to ozone.scm.service.ids to find serviceID for StorageContainerManager if it is HA enabled cluster
2023-10-17 18:45:30,242 [Time-limited test] WARN  utils.HAUtils (HAUtils.java:getMetaDir(339)) - ozone.scm.db.dirs is not configured. We recommend adding this setting. Falling back to ozone.metadata.dirs instead.
2023-10-17 18:45:30,243 [Time-limited test] WARN  db.DBStoreBuilder (DBStoreBuilder.java:applyDBDefinition(167)) - ozone.scm.db.dirs is not configured. We recommend adding this setting. Falling back to ozone.metadata.dirs instead.
2023-10-17 18:45:30,276 [Time-limited test] INFO  net.NodeSchemaLoader (NodeSchemaLoader.java:loadSchemaFromFile(129)) - Loading schema from [jar:file:/home/runner/.m2/repository/org/apache/ozone/hdds-common/1.4.0-SNAPSHOT/hdds-common-1.4.0-SNAPSHOT.jar!/network-topology-default.xml]
2023-10-17 18:45:30,276 [Time-limited test] INFO  net.NodeSchemaLoader (NodeSchemaLoader.java:loadSchema(176)) - Loading network topology layer schema file
2023-10-17 18:45:30,278 [Time-limited test] INFO  upgrade.AbstractLayoutVersionManager (AbstractLayoutVersionManager.java:init(83)) - Initializing Layout version manager with metadata layout = HADOOP_PRC_PORTS_IN_DATANODEDETAILS (version = 7), software layout = HADOOP_PRC_PORTS_IN_DATANODEDETAILS (version = 7)
2023-10-17 18:45:30,279 [Time-limited test] INFO  ha.SequenceIdGenerator (SequenceIdGenerator.java:<init>(236)) - Init the HA SequenceIdGenerator.
2023-10-17 18:45:30,283 [Time-limited test] INFO  node.SCMNodeManager (SCMNodeManager.java:<init>(157)) - Entering startup safe mode.
2023-10-17 18:45:30,284 [Time-limited test] INFO  algorithms.ContainerPlacementPolicyFactory (ContainerPlacementPolicyFactory.java:getPolicyInternal(86)) - Create container placement policy of type org.apache.hadoop.hdds.scm.container.placement.algorithms.SCMContainerPlacementRackAware
2023-10-17 18:45:30,284 [Time-limited test] INFO  algorithms.ContainerPlacementPolicyFactory (ContainerPlacementPolicyFactory.java:getPolicyInternal(86)) - Create container placement policy of type org.apache.hadoop.hdds.scm.container.placement.algorithms.SCMContainerPlacementRackScatter
2023-10-17 18:45:30,285 [Time-limited test] INFO  algorithms.LeaderChoosePolicyFactory (LeaderChoosePolicyFactory.java:getPolicy(57)) - Create leader choose policy of type org.apache.hadoop.hdds.scm.pipeline.leader.choose.algorithms.MinLeaderCountChoosePolicy
2023-10-17 18:45:30,285 [Time-limited test] INFO  algorithms.ContainerPlacementPolicyFactory (ContainerPlacementPolicyFactory.java:getPolicyInternal(86)) - Create container placement policy of type org.apache.hadoop.hdds.scm.container.placement.algorithms.SCMContainerPlacementRackScatter
2023-10-17 18:45:30,285 [Time-limited test] INFO  ha.SCMServiceManager (SCMServiceManager.java:register(42)) - Registering service BackgroundPipelineCreator.
2023-10-17 18:45:30,285 [Time-limited test] INFO  pipeline.BackgroundPipelineCreator (BackgroundPipelineCreator.java:start(124)) - Starting RatisPipelineUtilsThread.
2023-10-17 18:45:30,285 [Time-limited test] INFO  BackgroundPipelineScrubber (BackgroundSCMService.java:start(68)) - Starting BackgroundPipelineScrubber Service.
2023-10-17 18:45:30,285 [Time-limited test] INFO  ha.SCMServiceManager (SCMServiceManager.java:register(42)) - Registering service BackgroundPipelineScrubber.
2023-10-17 18:45:30,285 [Time-limited test] INFO  ExpiredContainerReplicaOpScrubber (BackgroundSCMService.java:start(68)) - Starting ExpiredContainerReplicaOpScrubber Service.
2023-10-17 18:45:30,285 [Time-limited test] INFO  ha.SCMServiceManager (SCMServiceManager.java:register(42)) - Registering service ExpiredContainerReplicaOpScrubber.
2023-10-17 18:45:30,286 [Time-limited test] INFO  algorithms.PipelineChoosePolicyFactory (PipelineChoosePolicyFactory.java:createPipelineChoosePolicyFromClass(78)) - Create pipeline choose policy of type org.apache.hadoop.hdds.scm.pipeline.choose.algorithms.RandomPipelineChoosePolicy
2023-10-17 18:45:30,286 [Time-limited test] INFO  algorithms.PipelineChoosePolicyFactory (PipelineChoosePolicyFactory.java:createPipelineChoosePolicyFromClass(78)) - Create pipeline choose policy of type org.apache.hadoop.hdds.scm.pipeline.choose.algorithms.RandomPipelineChoosePolicy
2023-10-17 18:45:30,287 [Time-limited test] INFO  ha.SCMServiceManager (SCMServiceManager.java:register(42)) - Registering service SCMBlockDeletingService.
2023-10-17 18:45:30,287 [Time-limited test] INFO  replication.ReplicationManager (ReplicationManager.java:start(291)) - Starting Replication Monitor Thread.
2023-10-17 18:45:30,290 [Time-limited test] INFO  ha.SCMServiceManager (SCMServiceManager.java:register(42)) - Registering service ReplicationManager.
2023-10-17 18:45:30,290 [Time-limited test] INFO  safemode.ContainerSafeModeRule (ContainerSafeModeRule.java:<init>(90)) - containers with one replica threshold count 0
2023-10-17 18:45:30,291 [ReplicationMonitor] INFO  replication.ReplicationManager (ReplicationManager.java:processAll(365)) - Replication Manager is not ready to run until 3000ms after safemode exit
2023-10-17 18:45:30,291 [Time-limited test] INFO  safemode.HealthyPipelineSafeModeRule (HealthyPipelineSafeModeRule.java:initializeRule(169)) - Total pipeline count is 0, healthy pipeline threshold count is 0
2023-10-17 18:45:30,291 [Time-limited test] INFO  safemode.OneReplicaPipelineSafeModeRule (OneReplicaPipelineSafeModeRule.java:initializeRule(180)) - Total pipeline count is 0, pipeline's with at least one datanode reported threshold count is 0
2023-10-17 18:45:30,291 [Time-limited test] INFO  server.StorageContainerManager (StorageContainerManager.java:<init>(427)) - SCM start with adminUsers: [runner]
2023-10-17 18:45:30,292 [Time-limited test] INFO  ipc.CallQueueManager (CallQueueManager.java:<init>(90)) - Using callQueue: class java.util.concurrent.LinkedBlockingQueue, queueCapacity: 2000, scheduler: class org.apache.hadoop.ipc.DefaultRpcScheduler, ipcBackoff: false.
2023-10-17 18:45:30,292 [Time-limited test] INFO  ipc.Server (Server.java:<init>(1287)) - Listener at 0.0.0.0:15211
2023-10-17 18:45:30,292 [Socket Reader #1 for port 15211] INFO  ipc.Server (Server.java:run(1323)) - Starting Socket Reader #1 for port 15211
2023-10-17 18:45:30,293 [Time-limited test] INFO  ipc.CallQueueManager (CallQueueManager.java:<init>(90)) - Using callQueue: class java.util.concurrent.LinkedBlockingQueue, queueCapacity: 2000, scheduler: class org.apache.hadoop.ipc.DefaultRpcScheduler, ipcBackoff: false.
2023-10-17 18:45:30,293 [Time-limited test] INFO  ipc.Server (Server.java:<init>(1287)) - Listener at 0.0.0.0:15210
2023-10-17 18:45:30,294 [Time-limited test] INFO  ipc.CallQueueManager (CallQueueManager.java:<init>(90)) - Using callQueue: class java.util.concurrent.LinkedBlockingQueue, queueCapacity: 2000, scheduler: class org.apache.hadoop.ipc.DefaultRpcScheduler, ipcBackoff: false.
2023-10-17 18:45:30,294 [Time-limited test] INFO  ipc.Server (Server.java:<init>(1287)) - Listener at 0.0.0.0:15209
2023-10-17 18:45:30,294 [Socket Reader #1 for port 15209] INFO  ipc.Server (Server.java:run(1323)) - Starting Socket Reader #1 for port 15209
2023-10-17 18:45:30,294 [Socket Reader #1 for port 15210] INFO  ipc.Server (Server.java:run(1323)) - Starting Socket Reader #1 for port 15210
2023-10-17 18:45:30,297 [Time-limited test] INFO  ha.SCMServiceManager (SCMServiceManager.java:register(42)) - Registering service ContainerBalancer.
2023-10-17 18:45:30,297 [Time-limited test] INFO  server.StorageContainerManager (StorageContainerManager.java:<init>(440)) - 
Container Balancer status:
Key                            Value
Running                        false
Container Balancer Configuration values:
Key                                                Value
Threshold                                          10
Max Datanodes to Involve per Iteration(percent)    20
Max Size to Move per Iteration                     500GB
Max Size Entering Target per Iteration             26GB
Max Size Leaving Source per Iteration              26GB
Number of Iterations                               10
Time Limit for Single Container's Movement         65min
Time Limit for Single Container's Replication      50min
Interval between each Iteration                    70min
Whether to Enable Network Topology                 false
Whether to Trigger Refresh Datanode Usage Info     false
Container IDs to Exclude from Balancing            None
Datanodes Specified to be Balanced                 None
Datanodes Excluded from Balancing                  None

2023-10-17 18:45:30,297 [Time-limited test] INFO  ha.SCMContext (SCMContext.java:updateSafeModeStatus(230)) - Update SafeModeStatus from SafeModeStatus{safeModeStatus=true, preCheckPassed=false} to SafeModeStatus{safeModeStatus=true, preCheckPassed=false}.
2023-10-17 18:45:30,299 [Time-limited test] INFO  server.StorageContainerManager (StorageContainerManager.java:start(1492)) - StorageContainerLocationProtocol RPC server is listening at /0.0.0.0:15209
2023-10-17 18:45:30,300 [Time-limited test] WARN  impl.MetricsConfig (MetricsConfig.java:loadFirst(136)) - Cannot locate configuration: tried hadoop-metrics2-storagecontainermanager.properties,hadoop-metrics2.properties
2023-10-17 18:45:30,301 [Time-limited test] INFO  impl.MetricsSystemImpl (MetricsSystemImpl.java:startTimer(378)) - Scheduled Metric snapshot period at 10 second(s).
2023-10-17 18:45:30,301 [Time-limited test] INFO  impl.MetricsSystemImpl (MetricsSystemImpl.java:start(191)) - StorageContainerManager metrics system started
2023-10-17 18:45:30,308 [Time-limited test] INFO  impl.MetricsSinkAdapter (MetricsSinkAdapter.java:start(204)) - Sink prometheus started
2023-10-17 18:45:30,308 [Time-limited test] INFO  impl.MetricsSystemImpl (MetricsSystemImpl.java:registerSink(305)) - Registered sink prometheus
2023-10-17 18:45:30,326 [Time-limited test] INFO  server.SCMClientProtocolServer (SCMClientProtocolServer.java:start(201)) - RPC server for Client  is listening at /0.0.0.0:15209
2023-10-17 18:45:30,327 [IPC Server Responder] INFO  ipc.Server (Server.java:run(1562)) - IPC Server Responder: starting
2023-10-17 18:45:30,335 [Time-limited test] INFO  server.StorageContainerManager (StorageContainerManager.java:start(1505)) - ScmBlockLocationProtocol RPC server is listening at /0.0.0.0:15210
2023-10-17 18:45:30,335 [Time-limited test] INFO  server.SCMBlockProtocolServer (SCMBlockProtocolServer.java:start(154)) - RPC server for Block Protocol is listening at /0.0.0.0:15210
2023-10-17 18:45:30,336 [IPC Server Responder] INFO  ipc.Server (Server.java:run(1562)) - IPC Server Responder: starting
2023-10-17 18:45:30,336 [IPC Server listener on 15210] INFO  ipc.Server (Server.java:run(1402)) - IPC Server listener on 15210: starting
2023-10-17 18:45:30,337 [Time-limited test] INFO  server.SCMDatanodeProtocolServer (SCMDatanodeProtocolServer.java:start(193)) - ScmDatanodeProtocol RPC server for DataNodes is listening at /0.0.0.0:15211
2023-10-17 18:45:30,338 [IPC Server Responder] INFO  ipc.Server (Server.java:run(1562)) - IPC Server Responder: starting
2023-10-17 18:45:30,338 [IPC Server listener on 15211] INFO  ipc.Server (Server.java:run(1402)) - IPC Server listener on 15211: starting
2023-10-17 18:45:30,341 [IPC Server listener on 15209] INFO  ipc.Server (Server.java:run(1402)) - IPC Server listener on 15209: starting
2023-10-17 18:45:30,341 [Time-limited test] INFO  http.BaseHttpServer (BaseHttpServer.java:newHttpServer2BuilderForOzone(223)) - Starting Web-server for scm at: http://0.0.0.0:15212
2023-10-17 18:45:30,341 [Time-limited test] INFO  http.BaseHttpServer (BaseHttpServer.java:<init>(110)) - Hadoop Security Enabled: false Ozone Security Enabled: false Ozone HTTP Security Enabled: false 
2023-10-17 18:45:30,342 [Time-limited test] WARN  server.AuthenticationFilter (AuthenticationFilter.java:constructSecretProvider(240)) - Unable to initialize FileSignerSecretProvider, falling back to use random secrets. Reason: Could not read signature secret file: /home/runner/hadoop-http-auth-signature-secret
2023-10-17 18:45:30,343 [JvmPauseMonitor35] INFO  util.JvmPauseMonitor (JvmPauseMonitor.java:run(103)) - JvmPauseMonitor-8db6ae11-0f1e-4bf7-b251-e81228abd1e8: Started
2023-10-17 18:45:30,345 [Time-limited test] INFO  http.HttpRequestLog (HttpRequestLog.java:getRequestLog(86)) - Http request log for http.requests.scm is not defined
2023-10-17 18:45:30,346 [Time-limited test] INFO  http.HttpServer2 (HttpServer2.java:addGlobalFilter(1031)) - Added global filter 'safety' (class=org.apache.hadoop.hdds.server.http.HttpServer2$QuotingInputFilter)
2023-10-17 18:45:30,347 [Time-limited test] INFO  http.HttpServer2 (HttpServer2.java:addFilter(1007)) - Added filter static_user_filter (class=org.apache.hadoop.http.lib.StaticUserWebFilter$StaticUserFilter) to context scm
2023-10-17 18:45:30,347 [Time-limited test] INFO  http.HttpServer2 (HttpServer2.java:addFilter(1015)) - Added filter static_user_filter (class=org.apache.hadoop.http.lib.StaticUserWebFilter$StaticUserFilter) to context logs
2023-10-17 18:45:30,347 [Time-limited test] INFO  http.HttpServer2 (HttpServer2.java:addFilter(1015)) - Added filter static_user_filter (class=org.apache.hadoop.http.lib.StaticUserWebFilter$StaticUserFilter) to context static
2023-10-17 18:45:30,347 [Time-limited test] INFO  http.BaseHttpServer (BaseHttpServer.java:<init>(189)) - HTTP server of scm uses base directory /home/runner/work/ozone/ozone/hadoop-ozone/integration-test/target/test-dir/MiniOzoneClusterImpl-e5f4ccb8-de05-4544-bc9a-1ec8e0e8441c/ozone-meta/webserver
2023-10-17 18:45:30,348 [Time-limited test] INFO  http.HttpServer2 (HttpServer2.java:bindListener(1231)) - Jetty bound to port 15212
2023-10-17 18:45:30,348 [Time-limited test] INFO  server.Server (Server.java:doStart(375)) - jetty-9.4.53.v20231009; built: 2023-10-09T12:29:09.265Z; git: 27bde00a0b95a1d5bbee0eae7984f891d2d0f8c9; jvm 1.8.0_382-b05
2023-10-17 18:45:30,351 [Time-limited test] INFO  server.session (DefaultSessionIdManager.java:doStart(334)) - DefaultSessionIdManager workerName=node0
2023-10-17 18:45:30,351 [Time-limited test] INFO  server.session (DefaultSessionIdManager.java:doStart(339)) - No SessionScavenger set, using defaults
2023-10-17 18:45:30,351 [Time-limited test] INFO  server.session (HouseKeeper.java:startScavenging(132)) - node0 Scavenging every 600000ms
2023-10-17 18:45:30,351 [Time-limited test] INFO  handler.ContextHandler (ContextHandler.java:doStart(921)) - Started o.e.j.s.ServletContextHandler@450ee82f{logs,/logs,file:///home/runner/work/ozone/ozone/hadoop-ozone/integration-test/target/log,AVAILABLE}
2023-10-17 18:45:30,352 [Time-limited test] INFO  handler.ContextHandler (ContextHandler.java:doStart(921)) - Started o.e.j.s.ServletContextHandler@1d6e0c07{static,/static,file:///home/runner/work/ozone/ozone/hadoop-ozone/integration-test/target/test-classes/webapps/static,AVAILABLE}
2023-10-17 18:45:30,353 [Time-limited test] INFO  handler.ContextHandler (ContextHandler.java:doStart(921)) - Started o.e.j.w.WebAppContext@4be988ec{scm,/,file:///home/runner/work/ozone/ozone/hadoop-ozone/integration-test/target/test-classes/webapps/scm/,AVAILABLE}{file:/home/runner/work/ozone/ozone/hadoop-ozone/integration-test/target/test-classes/webapps/scm}
2023-10-17 18:45:30,355 [Time-limited test] INFO  server.AbstractConnector (AbstractConnector.java:doStart(333)) - Started ServerConnector@627df619{HTTP/1.1, (http/1.1)}{0.0.0.0:15212}
2023-10-17 18:45:30,355 [Time-limited test] INFO  server.Server (Server.java:doStart(415)) - Started @191069ms
2023-10-17 18:45:30,355 [Time-limited test] WARN  impl.MetricsSystemImpl (MetricsSystemImpl.java:register(279)) - Sink prometheus already exists!
2023-10-17 18:45:30,356 [Time-limited test] INFO  http.BaseHttpServer (BaseHttpServer.java:updateConnectorAddress(354)) - HTTP server of scm listening at http://0.0.0.0:15212
2023-10-17 18:45:30,381 [EndpointStateMachine task thread for /0.0.0.0:15211 - 0 ] INFO  ipc.Client (Client.java:handleConnectionFailure(950)) - Retrying connect to server: 0.0.0.0/0.0.0.0:15211. Already tried 1 time(s); retry policy is RetryUpToMaximumCountWithFixedSleep(maxRetries=15, sleepTime=1000 MILLISECONDS)
2023-10-17 18:45:30,388 [IPC Server handler 0 on default port 15211] INFO  server.SCMDatanodeHeartbeatDispatcher (SCMDatanodeHeartbeatDispatcher.java:dispatch(106)) - SCM received heartbeat from an unregistered datanode 87d6953f-678e-47bc-912c-0795febd9f4f(fv-az189-115/10.1.0.25). Asking datanode to re-register.
2023-10-17 18:45:30,389 [EndpointStateMachine task thread for /0.0.0.0:15211 - 0 ] DEBUG endpoint.HeartbeatEndpointTask (HeartbeatEndpointTask.java:processReregisterCommand(452)) - Received SCM notification to register. Interrupt HEARTBEAT and transit to GETVERSION state.
2023-10-17 18:45:30,392 [EndpointStateMachine task thread for /0.0.0.0:15211 - 0 ] DEBUG endpoint.HeartbeatEndpointTask (HeartbeatEndpointTask.java:call(182)) - Sending heartbeat message :: datanodeDetails {
  uuid: "87d6953f-678e-47bc-912c-0795febd9f4f"
  ipAddress: "10.1.0.25"
  hostName: "fv-az189-115"
  ports {
    name: "HTTP"
    value: 15218
  }
  ports {
    name: "CLIENT_RPC"
    value: 15219
  }
  ports {
    name: "REPLICATION"
    value: 15225
  }
  ports {
    name: "RATIS"
    value: 15221
  }
  ports {
    name: "RATIS_ADMIN"
    value: 15222
  }
  ports {
    name: "RATIS_SERVER"
    value: 15223
  }
  ports {
    name: "RATIS_DATASTREAM"
    value: 15224
  }
  ports {
    name: "STANDALONE"
    value: 15220
  }
  networkName: "87d6953f-678e-47bc-912c-0795febd9f4f"
  networkLocation: "/default-rack"
  persistedOpStateExpiry: 0
  uuid128 {
    mostSigBits: -8658569134020343876
    leastSigBits: -7985999698429370545
  }
}
dataNodeLayoutVersion {
  metadataLayoutVersion: 7
  softwareLayoutVersion: 7
}
commandQueueReport {
  command: createPipelineCommand
  command: deleteBlocksCommand
  command: closeContainerCommand
  command: replicateContainerCommand
  command: deleteContainerCommand
  command: closePipelineCommand
  command: setNodeOperationalStateCommand
  command: finalizeNewLayoutVersionCommand
  command: reconstructECContainersCommand
  command: refreshVolumeUsageInfo
  count: 0
  count: 0
  count: 0
  count: 0
  count: 0
  count: 0
  count: 0
  count: 0
  count: 0
  count: 0
}

2023-10-17 18:45:30,393 [IPC Server handler 1 on default port 15211] INFO  server.SCMDatanodeHeartbeatDispatcher (SCMDatanodeHeartbeatDispatcher.java:dispatch(106)) - SCM received heartbeat from an unregistered datanode 87d6953f-678e-47bc-912c-0795febd9f4f(fv-az189-115/10.1.0.25). Asking datanode to re-register.
2023-10-17 18:45:30,394 [EndpointStateMachine task thread for /0.0.0.0:15211 - 0 ] DEBUG endpoint.HeartbeatEndpointTask (HeartbeatEndpointTask.java:processReregisterCommand(458)) - Illegal state GETVERSION found, expecting HEARTBEAT.
2023-10-17 18:45:30,395 [EndpointStateMachine task thread for /0.0.0.0:15211 - 0 ] DEBUG endpoint.HeartbeatEndpointTask (HeartbeatEndpointTask.java:call(182)) - Sending heartbeat message :: datanodeDetails {
  uuid: "87d6953f-678e-47bc-912c-0795febd9f4f"
  ipAddress: "10.1.0.25"
  hostName: "fv-az189-115"
  ports {
    name: "HTTP"
    value: 15218
  }
  ports {
    name: "CLIENT_RPC"
    value: 15219
  }
  ports {
    name: "REPLICATION"
    value: 15225
  }
  ports {
    name: "RATIS"
    value: 15221
  }
  ports {
    name: "RATIS_ADMIN"
    value: 15222
  }
  ports {
    name: "RATIS_SERVER"
    value: 15223
  }
  ports {
    name: "RATIS_DATASTREAM"
    value: 15224
  }
  ports {
    name: "STANDALONE"
    value: 15220
  }
  networkName: "87d6953f-678e-47bc-912c-0795febd9f4f"
  networkLocation: "/default-rack"
  persistedOpStateExpiry: 0
  uuid128 {
    mostSigBits: -8658569134020343876
    leastSigBits: -7985999698429370545
  }
}
dataNodeLayoutVersion {
  metadataLayoutVersion: 7
  softwareLayoutVersion: 7
}
commandQueueReport {
  command: createPipelineCommand
  command: deleteBlocksCommand
  command: closeContainerCommand
  command: replicateContainerCommand
  command: deleteContainerCommand
  command: closePipelineCommand
  command: setNodeOperationalStateCommand
  command: finalizeNewLayoutVersionCommand
  command: reconstructECContainersCommand
  command: refreshVolumeUsageInfo
  count: 0
  count: 0
  count: 0
  count: 0
  count: 0
  count: 0
  count: 0
  count: 0
  count: 0
  count: 0
}

2023-10-17 18:45:30,395 [IPC Server handler 2 on default port 15211] INFO  server.SCMDatanodeHeartbeatDispatcher (SCMDatanodeHeartbeatDispatcher.java:dispatch(106)) - SCM received heartbeat from an unregistered datanode 87d6953f-678e-47bc-912c-0795febd9f4f(fv-az189-115/10.1.0.25). Asking datanode to re-register.
2023-10-17 18:45:30,396 [EndpointStateMachine task thread for /0.0.0.0:15211 - 0 ] DEBUG endpoint.HeartbeatEndpointTask (HeartbeatEndpointTask.java:processReregisterCommand(458)) - Illegal state GETVERSION found, expecting HEARTBEAT.
2023-10-17 18:45:31,384 [EndpointStateMachine task thread for /0.0.0.0:15211 - 0 ] INFO  utils.DatanodeStoreCache (DatanodeStoreCache.java:removeDB(104)) - Removed db /home/runner/work/ozone/ozone/hadoop-ozone/integration-test/target/test-dir/MiniOzoneClusterImpl-e5f4ccb8-de05-4544-bc9a-1ec8e0e8441c/datanode-0/data-0/containers/hdds/e5f4ccb8-de05-4544-bc9a-1ec8e0e8441c/DS-03c44e80-c502-49b5-9dd2-8b656137daa2/container.db from cache
2023-10-17 18:45:31,384 [EndpointStateMachine task thread for /0.0.0.0:15211 - 0 ] INFO  volume.HddsVolume (HddsVolume.java:closeDbStore(453)) - SchemaV3 db is stopped at /home/runner/work/ozone/ozone/hadoop-ozone/integration-test/target/test-dir/MiniOzoneClusterImpl-e5f4ccb8-de05-4544-bc9a-1ec8e0e8441c/datanode-0/data-0/containers/hdds/e5f4ccb8-de05-4544-bc9a-1ec8e0e8441c/DS-03c44e80-c502-49b5-9dd2-8b656137daa2/container.db for volume DS-03c44e80-c502-49b5-9dd2-8b656137daa2
2023-10-17 18:45:31,384 [EndpointStateMachine task thread for /0.0.0.0:15211 - 0 ] ERROR endpoint.VersionEndpointTask (StorageVolumeUtil.java:checkVolume(208)) - Error during formatting volume /home/runner/work/ozone/ozone/hadoop-ozone/integration-test/target/test-dir/MiniOzoneClusterImpl-e5f4ccb8-de05-4544-bc9a-1ec8e0e8441c/datanode-0/data-0/containers/hdds.
org.apache.hadoop.ozone.common.InconsistentStorageStateException: Mismatched ClusterIDs. Version File : /home/runner/work/ozone/ozone/hadoop-ozone/integration-test/target/test-dir/MiniOzoneClusterImpl-e5f4ccb8-de05-4544-bc9a-1ec8e0e8441c/datanode-0/data-0/containers/hdds/VERSION has clusterID: e5f4ccb8-de05-4544-bc9a-1ec8e0e8441c and Datanode has clusterID: 564da9ec-f096-4c2a-8caf-985940a39038
	at org.apache.hadoop.ozone.container.common.utils.StorageVolumeUtil.getClusterID(StorageVolumeUtil.java:105)
	at org.apache.hadoop.ozone.container.common.volume.StorageVolume.readVersionFile(StorageVolume.java:359)
	at org.apache.hadoop.ozone.container.common.volume.StorageVolume.initializeImpl(StorageVolume.java:216)
	at org.apache.hadoop.ozone.container.common.volume.StorageVolume.initialize(StorageVolume.java:191)
	at org.apache.hadoop.ozone.container.common.volume.StorageVolume.format(StorageVolume.java:180)
	at org.apache.hadoop.ozone.container.common.utils.StorageVolumeUtil.checkVolume(StorageVolumeUtil.java:206)
	at org.apache.hadoop.ozone.container.common.states.endpoint.VersionEndpointTask.checkVolumeSet(VersionEndpointTask.java:127)
	at org.apache.hadoop.ozone.container.common.states.endpoint.VersionEndpointTask.call(VersionEndpointTask.java:93)
	at org.apache.hadoop.ozone.container.common.states.endpoint.VersionEndpointTask.call(VersionEndpointTask.java:41)
	at java.util.concurrent.FutureTask.run(FutureTask.java:266)
	at java.util.concurrent.ThreadPoolExecutor.runWorker(ThreadPoolExecutor.java:1149)
	at java.util.concurrent.ThreadPoolExecutor$Worker.run(ThreadPoolExecutor.java:624)
	at java.lang.Thread.run(Thread.java:750)
2023-10-17 18:45:31,386 [EndpointStateMachine task thread for /0.0.0.0:15211 - 0 ] INFO  volume.MutableVolumeSet (MutableVolumeSet.java:failVolume(368)) - Moving Volume : /home/runner/work/ozone/ozone/hadoop-ozone/integration-test/target/test-dir/MiniOzoneClusterImpl-e5f4ccb8-de05-4544-bc9a-1ec8e0e8441c/datanode-0/data-0/containers/hdds to failed Volumes
2023-10-17 18:45:31,386 [Datanode State Machine Daemon Thread] ERROR statemachine.StateContext (StateContext.java:execute(680)) - Critical error occurred in StateMachine, setting shutDownMachine
2023-10-17 18:45:31,462 [Time-limited test] INFO  ozone.MiniOzoneClusterImpl (MiniOzoneClusterImpl.java:shutdown(448)) - Shutting down the Mini Ozone Cluster
2023-10-17 18:45:31,462 [Time-limited test] INFO  ozone.MiniOzoneClusterImpl (MiniOzoneClusterImpl.java:stop(465)) - Stopping the Mini Ozone Cluster
2023-10-17 18:45:31,462 [Time-limited test] INFO  ozone.MiniOzoneClusterImpl (MiniOzoneClusterImpl.java:stopOM(556)) - Stopping the OzoneManager
2023-10-17 18:45:31,462 [Time-limited test] INFO  om.OzoneManager (OzoneManager.java:stop(2206)) - om1[localhost:15213]: Stopping Ozone Manager
2023-10-17 18:45:31,462 [Time-limited test] INFO  ipc.Server (Server.java:stop(3523)) - Stopping server on 15213
2023-10-17 18:45:31,464 [IPC Server listener on 15213] INFO  ipc.Server (Server.java:run(1434)) - Stopping IPC Server listener on 15213
2023-10-17 18:45:31,465 [IPC Server Responder] INFO  ipc.Server (Server.java:run(1567)) - Stopping IPC Server Responder
2023-10-17 18:45:31,465 [Time-limited test] INFO  server.RaftServer (RaftServerProxy.java:lambda$close$6(416)) - om1: close
2023-10-17 18:45:31,466 [Time-limited test] INFO  server.GrpcService (GrpcService.java:closeImpl(311)) - om1: shutdown server GrpcServerProtocolService now
2023-10-17 18:45:31,466 [om1-impl-thread1] INFO  server.RaftServer$Division (RaftServerImpl.java:lambda$close$4(466)) - om1@group-C5BA1605619E: shutdown
2023-10-17 18:45:31,466 [om1-impl-thread1] INFO  util.JmxRegister (JmxRegister.java:unregister(73)) - Successfully un-registered JMX Bean with object name Ratis:service=RaftServer,group=group-C5BA1605619E,id=om1
2023-10-17 18:45:31,466 [om1-impl-thread1] INFO  impl.RoleInfo (RoleInfo.java:shutdownLeaderState(93)) - om1: shutdown om1@group-C5BA1605619E-LeaderStateImpl
2023-10-17 18:45:31,466 [om1-impl-thread1] INFO  impl.PendingRequests (PendingRequests.java:sendNotLeaderResponses(289)) - om1@group-C5BA1605619E-PendingRequests: sendNotLeaderResponses
2023-10-17 18:45:31,466 [om1-impl-thread1] INFO  impl.StateMachineUpdater (StateMachineUpdater.java:stopAndJoin(155)) - om1@group-C5BA1605619E-StateMachineUpdater: set stopIndex = 0
2023-10-17 18:45:31,466 [om1@group-C5BA1605619E-StateMachineUpdater] INFO  ratis.OzoneManagerStateMachine (OzoneManagerStateMachine.java:takeSnapshot(483)) - Current Snapshot Index (t:1, i:0)
2023-10-17 18:45:31,467 [Time-limited test] INFO  server.GrpcService (GrpcService.java:closeImpl(320)) - om1: shutdown server GrpcServerProtocolService successfully
2023-10-17 18:45:31,476 [om1@group-C5BA1605619E-StateMachineUpdater] INFO  impl.StateMachineUpdater (StateMachineUpdater.java:takeSnapshot(291)) - om1@group-C5BA1605619E-StateMachineUpdater: Took a snapshot at index 0
2023-10-17 18:45:31,476 [om1@group-C5BA1605619E-StateMachineUpdater] INFO  impl.StateMachineUpdater (StateMachineUpdater.java:lambda$new$0(97)) - om1@group-C5BA1605619E-StateMachineUpdater: snapshotIndex: updateIncreasingly -1 -> 0
2023-10-17 18:45:31,476 [om1@group-C5BA1605619E-StateMachineUpdater] INFO  ratis.OzoneManagerStateMachine (OzoneManagerStateMachine.java:close(537)) - StateMachine has shutdown. Shutdown OzoneManager if not already shutdown.
2023-10-17 18:45:31,476 [om1@group-C5BA1605619E-StateMachineUpdater] INFO  ratis.OzoneManagerDoubleBuffer (OzoneManagerDoubleBuffer.java:stopDaemon(551)) - Stopping OMDoubleBuffer flush thread
2023-10-17 18:45:31,476 [OMDoubleBufferFlushThread] INFO  ratis.OzoneManagerDoubleBuffer (OzoneManagerDoubleBuffer.java:canFlush(638)) - OMDoubleBuffer flush thread OMDoubleBufferFlushThread is interrupted and will exit.
2023-10-17 18:45:31,476 [om1-impl-thread1] INFO  server.RaftServer$Division (ServerState.java:close(472)) - om1@group-C5BA1605619E: closes. applyIndex: 0
2023-10-17 18:45:31,556 [87d6953f-678e-47bc-912c-0795febd9f4f@group-976C258C4E0A-FollowerState] INFO  impl.FollowerState (FollowerState.java:run(143)) - 87d6953f-678e-47bc-912c-0795febd9f4f@group-976C258C4E0A-FollowerState: change to CANDIDATE, lastRpcElapsedTime:5162213459ns, electionTimeout:5161ms
2023-10-17 18:45:31,556 [87d6953f-678e-47bc-912c-0795febd9f4f@group-976C258C4E0A-FollowerState] INFO  impl.RoleInfo (RoleInfo.java:shutdownFollowerState(110)) - 87d6953f-678e-47bc-912c-0795febd9f4f: shutdown 87d6953f-678e-47bc-912c-0795febd9f4f@group-976C258C4E0A-FollowerState
2023-10-17 18:45:31,556 [87d6953f-678e-47bc-912c-0795febd9f4f@group-976C258C4E0A-FollowerState] INFO  server.RaftServer$Division (RaftServerImpl.java:setRole(329)) - 87d6953f-678e-47bc-912c-0795febd9f4f@group-976C258C4E0A: changes role from  FOLLOWER to CANDIDATE at term 0 for changeToCandidate
2023-10-17 18:45:31,556 [87d6953f-678e-47bc-912c-0795febd9f4f@group-976C258C4E0A-FollowerState] INFO  server.RaftServerConfigKeys (ConfUtils.java:logGet(46)) - raft.server.leaderelection.pre-vote = true (default)
2023-10-17 18:45:31,557 [87d6953f-678e-47bc-912c-0795febd9f4f@group-976C258C4E0A-FollowerState] INFO  impl.RoleInfo (RoleInfo.java:updateAndGet(139)) - 87d6953f-678e-47bc-912c-0795febd9f4f: start 87d6953f-678e-47bc-912c-0795febd9f4f@group-976C258C4E0A-LeaderElection44
2023-10-17 18:45:31,557 [87d6953f-678e-47bc-912c-0795febd9f4f@group-976C258C4E0A-LeaderElection44] INFO  impl.LeaderElection (LeaderElection.java:askForVotes(321)) - 87d6953f-678e-47bc-912c-0795febd9f4f@group-976C258C4E0A-LeaderElection44 PRE_VOTE round 0: submit vote requests at term 0 for -1: peers:[87d6953f-678e-47bc-912c-0795febd9f4f|rpc:10.1.0.25:15223|admin:10.1.0.25:15222|client:10.1.0.25:15221|dataStream:10.1.0.25:15224|priority:1|startupRole:FOLLOWER]|listeners:[], old=null
2023-10-17 18:45:31,558 [87d6953f-678e-47bc-912c-0795febd9f4f@group-976C258C4E0A-LeaderElection44] INFO  impl.LeaderElection (LeaderElection.java:askForVotes(323)) - 87d6953f-678e-47bc-912c-0795febd9f4f@group-976C258C4E0A-LeaderElection44 PRE_VOTE round 0: result PASSED (term=0)
2023-10-17 18:45:31,559 [87d6953f-678e-47bc-912c-0795febd9f4f@group-976C258C4E0A-LeaderElection44] INFO  impl.LeaderElection (LeaderElection.java:askForVotes(321)) - 87d6953f-678e-47bc-912c-0795febd9f4f@group-976C258C4E0A-LeaderElection44 ELECTION round 0: submit vote requests at term 1 for -1: peers:[87d6953f-678e-47bc-912c-0795febd9f4f|rpc:10.1.0.25:15223|admin:10.1.0.25:15222|client:10.1.0.25:15221|dataStream:10.1.0.25:15224|priority:1|startupRole:FOLLOWER]|listeners:[], old=null
2023-10-17 18:45:31,559 [87d6953f-678e-47bc-912c-0795febd9f4f@group-976C258C4E0A-LeaderElection44] INFO  impl.LeaderElection (LeaderElection.java:askForVotes(323)) - 87d6953f-678e-47bc-912c-0795febd9f4f@group-976C258C4E0A-LeaderElection44 ELECTION round 0: result PASSED (term=1)
2023-10-17 18:45:31,559 [87d6953f-678e-47bc-912c-0795febd9f4f@group-976C258C4E0A-LeaderElection44] INFO  impl.RoleInfo (RoleInfo.java:shutdownLeaderElection(130)) - 87d6953f-678e-47bc-912c-0795febd9f4f: shutdown 87d6953f-678e-47bc-912c-0795febd9f4f@group-976C258C4E0A-LeaderElection44
2023-10-17 18:45:31,559 [87d6953f-678e-47bc-912c-0795febd9f4f@group-976C258C4E0A-LeaderElection44] INFO  server.RaftServer$Division (RaftServerImpl.java:setRole(329)) - 87d6953f-678e-47bc-912c-0795febd9f4f@group-976C258C4E0A: changes role from CANDIDATE to LEADER at term 1 for changeToLeader
2023-10-17 18:45:31,559 [87d6953f-678e-47bc-912c-0795febd9f4f@group-976C258C4E0A-LeaderElection44] INFO  ratis.XceiverServerRatis (XceiverServerRatis.java:handleLeaderChangedNotification(902)) - Leader change notification received for group: group-976C258C4E0A with new leaderId: 87d6953f-678e-47bc-912c-0795febd9f4f
2023-10-17 18:45:31,559 [87d6953f-678e-47bc-912c-0795febd9f4f@group-976C258C4E0A-LeaderElection44] INFO  server.RaftServer$Division (ServerState.java:setLeader(317)) - 87d6953f-678e-47bc-912c-0795febd9f4f@group-976C258C4E0A: change Leader from null to 87d6953f-678e-47bc-912c-0795febd9f4f at term 1 for becomeLeader, leader elected after 5185ms
2023-10-17 18:45:31,559 [87d6953f-678e-47bc-912c-0795febd9f4f@group-976C258C4E0A-LeaderElection44] INFO  server.RaftServerConfigKeys (ConfUtils.java:logGet(46)) - raft.server.staging.catchup.gap = 1000 (default)
2023-10-17 18:45:31,559 [87d6953f-678e-47bc-912c-0795febd9f4f@group-976C258C4E0A-LeaderElection44] INFO  server.RaftServerConfigKeys (ConfUtils.java:logGet(46)) - raft.server.write.element-limit = 1024 (custom)
2023-10-17 18:45:31,560 [87d6953f-678e-47bc-912c-0795febd9f4f@group-976C258C4E0A-LeaderElection44] INFO  server.RaftServerConfigKeys (ConfUtils.java:logGet(46)) - raft.server.write.byte-limit = 1024 M (=1073741824) (custom)
2023-10-17 18:45:31,560 [87d6953f-678e-47bc-912c-0795febd9f4f@group-976C258C4E0A-LeaderElection44] INFO  server.RaftServerConfigKeys (ConfUtils.java:logGet(46)) - raft.server.watch.timeout = 180s (custom)
2023-10-17 18:45:31,560 [87d6953f-678e-47bc-912c-0795febd9f4f@group-976C258C4E0A-LeaderElection44] INFO  server.RaftServerConfigKeys (ConfUtils.java:logGet(46)) - raft.server.watch.timeout.denomination = 1s (default)
2023-10-17 18:45:31,560 [87d6953f-678e-47bc-912c-0795febd9f4f@group-976C258C4E0A-LeaderElection44] INFO  server.RaftServerConfigKeys (ConfUtils.java:logGet(46)) - raft.server.watch.element-limit = 65536 (default)
2023-10-17 18:45:31,560 [87d6953f-678e-47bc-912c-0795febd9f4f@group-976C258C4E0A-LeaderElection44] INFO  server.RaftServerConfigKeys (ConfUtils.java:logGet(46)) - raft.server.write.element-limit = 1024 (custom)
2023-10-17 18:45:31,560 [87d6953f-678e-47bc-912c-0795febd9f4f@group-976C258C4E0A-LeaderElection44] INFO  server.RaftServerConfigKeys (ConfUtils.java:logGet(46)) - raft.server.write.follower.gap.ratio.max = -1.0 (default)
2023-10-17 18:45:31,560 [87d6953f-678e-47bc-912c-0795febd9f4f@group-976C258C4E0A-LeaderElection44] INFO  impl.RoleInfo (RoleInfo.java:updateAndGet(139)) - 87d6953f-678e-47bc-912c-0795febd9f4f: start 87d6953f-678e-47bc-912c-0795febd9f4f@group-976C258C4E0A-LeaderStateImpl
2023-10-17 18:45:31,560 [87d6953f-678e-47bc-912c-0795febd9f4f@group-976C258C4E0A-LeaderElection44] INFO  segmented.SegmentedRaftLogWorker (SegmentedRaftLogWorker.java:startLogSegment(447)) - 87d6953f-678e-47bc-912c-0795febd9f4f@group-976C258C4E0A-SegmentedRaftLogWorker: Starting segment from index:0
2023-10-17 18:45:31,561 [87d6953f-678e-47bc-912c-0795febd9f4f@group-976C258C4E0A-LeaderElection44] INFO  server.RaftServer$Division (ServerState.java:setRaftConf(434)) - 87d6953f-678e-47bc-912c-0795febd9f4f@group-976C258C4E0A: set configuration 0: peers:[87d6953f-678e-47bc-912c-0795febd9f4f|rpc:10.1.0.25:15223|admin:10.1.0.25:15222|client:10.1.0.25:15221|dataStream:10.1.0.25:15224|priority:1|startupRole:FOLLOWER]|listeners:[], old=null
2023-10-17 18:45:31,561 [87d6953f-678e-47bc-912c-0795febd9f4f@group-976C258C4E0A-SegmentedRaftLogWorker] INFO  segmented.SegmentedRaftLogWorker (SegmentedRaftLogWorker.java:execute(651)) - 87d6953f-678e-47bc-912c-0795febd9f4f@group-976C258C4E0A-SegmentedRaftLogWorker: created new log segment /home/runner/work/ozone/ozone/hadoop-ozone/integration-test/target/test-dir/MiniOzoneClusterImpl-e5f4ccb8-de05-4544-bc9a-1ec8e0e8441c/datanode-0/data/ratis/f0abc1ab-5897-4e9b-8113-976c258c4e0a/current/log_inprogress_0
2023-10-17 18:45:32,128 [om1-impl-thread1] INFO  segmented.SegmentedRaftLogWorker (SegmentedRaftLogWorker.java:close(252)) - om1@group-C5BA1605619E-SegmentedRaftLogWorker close()
2023-10-17 18:45:32,128 [JvmPauseMonitor33] INFO  util.JvmPauseMonitor (JvmPauseMonitor.java:run(109)) - JvmPauseMonitor-om1: Stopped
2023-10-17 18:45:32,128 [Time-limited test] INFO  ratis.OzoneManagerStateMachine (OzoneManagerStateMachine.java:close(537)) - StateMachine has shutdown. Shutdown OzoneManager if not already shutdown.
2023-10-17 18:45:32,128 [Time-limited test] INFO  ratis.OzoneManagerDoubleBuffer (OzoneManagerDoubleBuffer.java:stopDaemon(560)) - OMDoubleBuffer flush thread is not running.
2023-10-17 18:45:32,128 [Time-limited test] INFO  utils.BackgroundService (BackgroundService.java:shutdown(160)) - Shutting down service KeyDeletingService
2023-10-17 18:45:32,128 [Time-limited test] INFO  utils.BackgroundService (BackgroundService.java:shutdown(160)) - Shutting down service KeyDeletingService
2023-10-17 18:45:32,128 [Time-limited test] INFO  utils.BackgroundService (BackgroundService.java:shutdown(160)) - Shutting down service OpenKeyCleanupService
2023-10-17 18:45:32,129 [Time-limited test] INFO  utils.BackgroundService (BackgroundService.java:shutdown(160)) - Shutting down service SstFilteringService
2023-10-17 18:45:32,129 [Time-limited test] INFO  utils.BackgroundService (BackgroundService.java:shutdown(160)) - Shutting down service SnapshotDeletingService
2023-10-17 18:45:32,129 [Time-limited test] INFO  utils.BackgroundService (BackgroundService.java:shutdown(160)) - Shutting down service MultipartUploadCleanupService
2023-10-17 18:45:32,129 [Time-limited test] INFO  handler.ContextHandler (ContextHandler.java:doStop(1159)) - Stopped o.e.j.w.WebAppContext@7ef2f1cd{ozoneManager,/,null,STOPPED}{file:/home/runner/work/ozone/ozone/hadoop-ozone/integration-test/target/test-classes/webapps/ozoneManager}
2023-10-17 18:45:32,130 [Time-limited test] INFO  server.AbstractConnector (AbstractConnector.java:doStop(383)) - Stopped ServerConnector@46c8e9ac{HTTP/1.1, (http/1.1)}{0.0.0.0:15214}
2023-10-17 18:45:32,130 [Time-limited test] INFO  server.session (HouseKeeper.java:stopScavenging(149)) - node0 Stopped scavenging
2023-10-17 18:45:32,130 [Time-limited test] INFO  handler.ContextHandler (ContextHandler.java:doStop(1159)) - Stopped o.e.j.s.ServletContextHandler@ed25c8b{static,/static,file:///home/runner/work/ozone/ozone/hadoop-ozone/integration-test/target/test-classes/webapps/static,STOPPED}
2023-10-17 18:45:32,130 [Time-limited test] INFO  handler.ContextHandler (ContextHandler.java:doStop(1159)) - Stopped o.e.j.s.ServletContextHandler@2502da60{logs,/logs,file:///home/runner/work/ozone/ozone/hadoop-ozone/integration-test/target/log,STOPPED}
2023-10-17 18:45:32,131 [Time-limited test] INFO  rocksdiff.RocksDBCheckpointDiffer (RocksDBCheckpointDiffer.java:close(312)) - Shutting down CompactionDagPruningService.
2023-10-17 18:45:32,133 [Time-limited test] INFO  snapshot.SnapshotDiffManager (SnapshotDiffManager.java:closeExecutorService(1720)) - Shutting down executorService: 'SnapDiffExecutor'
2023-10-17 18:45:32,133 [Time-limited test] INFO  snapshot.SnapshotDiffManager (SnapshotDiffManager.java:closeExecutorService(1720)) - Shutting down executorService: 'SstDumpToolExecutor'
2023-10-17 18:45:32,133 [Time-limited test] INFO  utils.BackgroundService (BackgroundService.java:shutdown(160)) - Shutting down service SnapshotDiffCleanupService
2023-10-17 18:45:32,134 [Time-limited test] INFO  ozone.MiniOzoneClusterImpl (MiniOzoneClusterImpl.java:stopDatanodes(533)) - Stopping the HddsDatanodes
2023-10-17 18:45:32,134 [Datanode State Machine Daemon Thread] ERROR statemachine.DatanodeStateMachine (DatanodeStateMachine.java:startStateMachineThread(373)) - DatanodeStateMachine Shutdown due to an critical error
2023-10-17 18:45:32,135 [Datanode State Machine Daemon Thread] INFO  util.ExitUtil (ExitUtil.java:terminate(241)) - Exiting with status 1: ExitException
2023-10-17 18:45:32,135 [Datanode State Machine Daemon Thread] ERROR util.ExitUtil (ExitUtil.java:terminate(253)) - Terminate called
1: ExitException
	at org.apache.hadoop.util.ExitUtil.terminate(ExitUtil.java:381)
	at org.apache.hadoop.util.ExitUtil.terminate(ExitUtil.java:369)
	at org.apache.hadoop.ozone.HddsDatanodeService.terminateDatanode(HddsDatanodeService.java:555)
	at org.apache.hadoop.ozone.container.common.statemachine.DatanodeStateMachine.startStateMachineThread(DatanodeStateMachine.java:374)
	at org.apache.hadoop.ozone.container.common.statemachine.DatanodeStateMachine.lambda$startDaemon$1(DatanodeStateMachine.java:547)
	at java.lang.Thread.run(Thread.java:750)
2023-10-17 18:45:32,135 [Datanode State Machine Daemon Thread] ERROR statemachine.DatanodeStateMachine (DatanodeStateMachine.java:lambda$startDaemon$1(549)) - Unable to start the DatanodeState Machine
1: ExitException
	at org.apache.hadoop.util.ExitUtil.terminate(ExitUtil.java:381)
	at org.apache.hadoop.util.ExitUtil.terminate(ExitUtil.java:369)
	at org.apache.hadoop.ozone.HddsDatanodeService.terminateDatanode(HddsDatanodeService.java:555)
	at org.apache.hadoop.ozone.container.common.statemachine.DatanodeStateMachine.startStateMachineThread(DatanodeStateMachine.java:374)
	at org.apache.hadoop.ozone.container.common.statemachine.DatanodeStateMachine.lambda$startDaemon$1(DatanodeStateMachine.java:547)
	at java.lang.Thread.run(Thread.java:750)
2023-10-17 18:45:32,135 [Time-limited test] INFO  ozoneimpl.OzoneContainer (OzoneContainer.java:stop(453)) - Attempting to stop container services.
2023-10-17 18:45:32,136 [Time-limited test] INFO  server.RaftServer (RaftServerProxy.java:lambda$close$6(416)) - 87d6953f-678e-47bc-912c-0795febd9f4f: close
2023-10-17 18:45:32,137 [Time-limited test] INFO  server.GrpcService (GrpcService.java:closeImpl(311)) - 87d6953f-678e-47bc-912c-0795febd9f4f: shutdown server org.apache.ratis.grpc.server.GrpcClientProtocolService now
2023-10-17 18:45:32,137 [87d6953f-678e-47bc-912c-0795febd9f4f-impl-thread1] INFO  server.RaftServer$Division (RaftServerImpl.java:lambda$close$4(466)) - 87d6953f-678e-47bc-912c-0795febd9f4f@group-976C258C4E0A: shutdown
2023-10-17 18:45:32,137 [87d6953f-678e-47bc-912c-0795febd9f4f-impl-thread1] INFO  util.JmxRegister (JmxRegister.java:unregister(73)) - Successfully un-registered JMX Bean with object name Ratis:service=RaftServer,group=group-976C258C4E0A,id=87d6953f-678e-47bc-912c-0795febd9f4f
2023-10-17 18:45:32,137 [87d6953f-678e-47bc-912c-0795febd9f4f-impl-thread1] INFO  impl.RoleInfo (RoleInfo.java:shutdownLeaderState(93)) - 87d6953f-678e-47bc-912c-0795febd9f4f: shutdown 87d6953f-678e-47bc-912c-0795febd9f4f@group-976C258C4E0A-LeaderStateImpl
2023-10-17 18:45:32,138 [87d6953f-678e-47bc-912c-0795febd9f4f-impl-thread1] INFO  impl.PendingRequests (PendingRequests.java:sendNotLeaderResponses(289)) - 87d6953f-678e-47bc-912c-0795febd9f4f@group-976C258C4E0A-PendingRequests: sendNotLeaderResponses
2023-10-17 18:45:32,138 [87d6953f-678e-47bc-912c-0795febd9f4f-impl-thread1] INFO  impl.StateMachineUpdater (StateMachineUpdater.java:stopAndJoin(155)) - 87d6953f-678e-47bc-912c-0795febd9f4f@group-976C258C4E0A-StateMachineUpdater: set stopIndex = 0
2023-10-17 18:45:32,137 [Time-limited test] INFO  server.GrpcService (GrpcService.java:closeImpl(320)) - 87d6953f-678e-47bc-912c-0795febd9f4f: shutdown server org.apache.ratis.grpc.server.GrpcClientProtocolService successfully
2023-10-17 18:45:32,138 [Time-limited test] INFO  server.GrpcService (GrpcService.java:closeImpl(311)) - 87d6953f-678e-47bc-912c-0795febd9f4f: shutdown server GrpcServerProtocolService now
2023-10-17 18:45:32,138 [87d6953f-678e-47bc-912c-0795febd9f4f@group-976C258C4E0A-StateMachineUpdater] INFO  ratis.ContainerStateMachine (ContainerStateMachine.java:takeSnapshot(330)) - group-976C258C4E0A: Taking a snapshot at:(t:1, i:0) file /home/runner/work/ozone/ozone/hadoop-ozone/integration-test/target/test-dir/MiniOzoneClusterImpl-e5f4ccb8-de05-4544-bc9a-1ec8e0e8441c/datanode-0/data/ratis/f0abc1ab-5897-4e9b-8113-976c258c4e0a/sm/snapshot.1_0
2023-10-17 18:45:32,139 [Time-limited test] INFO  server.GrpcService (GrpcService.java:closeImpl(320)) - 87d6953f-678e-47bc-912c-0795febd9f4f: shutdown server GrpcServerProtocolService successfully
2023-10-17 18:45:32,139 [Time-limited test] INFO  server.GrpcService (GrpcService.java:closeImpl(311)) - 87d6953f-678e-47bc-912c-0795febd9f4f: shutdown server org.apache.ratis.grpc.server.GrpcAdminProtocolService now
2023-10-17 18:45:32,139 [87d6953f-678e-47bc-912c-0795febd9f4f@group-976C258C4E0A-StateMachineUpdater] INFO  ratis.ContainerStateMachine (ContainerStateMachine.java:takeSnapshot(341)) - group-976C258C4E0A: Finished taking a snapshot at:(t:1, i:0) file:/home/runner/work/ozone/ozone/hadoop-ozone/integration-test/target/test-dir/MiniOzoneClusterImpl-e5f4ccb8-de05-4544-bc9a-1ec8e0e8441c/datanode-0/data/ratis/f0abc1ab-5897-4e9b-8113-976c258c4e0a/sm/snapshot.1_0 took: 1 ms
2023-10-17 18:45:32,140 [87d6953f-678e-47bc-912c-0795febd9f4f@group-976C258C4E0A-StateMachineUpdater] INFO  impl.StateMachineUpdater (StateMachineUpdater.java:takeSnapshot(291)) - 87d6953f-678e-47bc-912c-0795febd9f4f@group-976C258C4E0A-StateMachineUpdater: Took a snapshot at index 0
2023-10-17 18:45:32,140 [87d6953f-678e-47bc-912c-0795febd9f4f@group-976C258C4E0A-StateMachineUpdater] INFO  impl.StateMachineUpdater (StateMachineUpdater.java:lambda$new$0(97)) - 87d6953f-678e-47bc-912c-0795febd9f4f@group-976C258C4E0A-StateMachineUpdater: snapshotIndex: updateIncreasingly -1 -> 0
2023-10-17 18:45:32,140 [87d6953f-678e-47bc-912c-0795febd9f4f-impl-thread1] INFO  server.RaftServer$Division (ServerState.java:close(472)) - 87d6953f-678e-47bc-912c-0795febd9f4f@group-976C258C4E0A: closes. applyIndex: 0
2023-10-17 18:45:32,142 [Time-limited test] INFO  server.GrpcService (GrpcService.java:closeImpl(320)) - 87d6953f-678e-47bc-912c-0795febd9f4f: shutdown server org.apache.ratis.grpc.server.GrpcAdminProtocolService successfully
2023-10-17 18:45:32,142 [87d6953f-678e-47bc-912c-0795febd9f4f-NettyServerStreamRpc-bossGroup--thread1] INFO  logging.LoggingHandler (AbstractInternalLogger.java:log(148)) - [id: 0x29ac8629, L:/0:0:0:0:0:0:0:0:15224] CLOSE
2023-10-17 18:45:32,142 [87d6953f-678e-47bc-912c-0795febd9f4f-NettyServerStreamRpc-bossGroup--thread1] INFO  logging.LoggingHandler (AbstractInternalLogger.java:log(148)) - [id: 0x29ac8629, L:/0:0:0:0:0:0:0:0:15224] INACTIVE
2023-10-17 18:45:32,143 [87d6953f-678e-47bc-912c-0795febd9f4f-NettyServerStreamRpc-bossGroup--thread1] INFO  logging.LoggingHandler (AbstractInternalLogger.java:log(148)) - [id: 0x29ac8629, L:/0:0:0:0:0:0:0:0:15224] UNREGISTERED
2023-10-17 18:45:32,562 [87d6953f-678e-47bc-912c-0795febd9f4f-impl-thread1] INFO  segmented.SegmentedRaftLogWorker (SegmentedRaftLogWorker.java:close(252)) - 87d6953f-678e-47bc-912c-0795febd9f4f@group-976C258C4E0A-SegmentedRaftLogWorker close()
2023-10-17 18:45:32,563 [JvmPauseMonitor34] INFO  util.JvmPauseMonitor (JvmPauseMonitor.java:run(109)) - JvmPauseMonitor-87d6953f-678e-47bc-912c-0795febd9f4f: Stopped
2023-10-17 18:45:34,568 [Time-limited test] INFO  utils.BackgroundService (BackgroundService.java:shutdown(160)) - Shutting down service BlockDeletingService
2023-10-17 18:45:34,568 [Time-limited test] INFO  utils.BackgroundService (BackgroundService.java:shutdown(160)) - Shutting down service StaleRecoveringContainerScrubbingService
2023-10-17 18:45:34,569 [Time-limited test] INFO  statemachine.DatanodeStateMachine (DatanodeStateMachine.java:stopDaemon(628)) - Ozone container server stopped.
2023-10-17 18:45:34,579 [Time-limited test] INFO  handler.ContextHandler (ContextHandler.java:doStop(1159)) - Stopped o.e.j.w.WebAppContext@7a733b4{hddsDatanode,/,null,STOPPED}{jar:file:/home/runner/.m2/repository/org/apache/ozone/hdds-container-service/1.4.0-SNAPSHOT/hdds-container-service-1.4.0-SNAPSHOT.jar!/webapps/hddsDatanode}
2023-10-17 18:45:34,580 [Time-limited test] INFO  server.AbstractConnector (AbstractConnector.java:doStop(383)) - Stopped ServerConnector@6c5edbb3{HTTP/1.1, (http/1.1)}{0.0.0.0:15218}
2023-10-17 18:45:34,580 [Time-limited test] INFO  server.session (HouseKeeper.java:stopScavenging(149)) - node0 Stopped scavenging
2023-10-17 18:45:34,581 [Time-limited test] INFO  handler.ContextHandler (ContextHandler.java:doStop(1159)) - Stopped o.e.j.s.ServletContextHandler@130f76e5{static,/static,jar:file:/home/runner/.m2/repository/org/apache/ozone/hdds-container-service/1.4.0-SNAPSHOT/hdds-container-service-1.4.0-SNAPSHOT.jar!/webapps/static,STOPPED}
2023-10-17 18:45:34,581 [Time-limited test] INFO  handler.ContextHandler (ContextHandler.java:doStop(1159)) - Stopped o.e.j.s.ServletContextHandler@1d81392c{logs,/logs,file:///home/runner/work/ozone/ozone/hadoop-ozone/integration-test/target/log,STOPPED}
2023-10-17 18:45:34,582 [Time-limited test] INFO  ozone.HddsDatanodeClientProtocolServer (HddsDatanodeClientProtocolServer.java:stop(78)) - Stopping the RPC server for Client Protocol
2023-10-17 18:45:34,582 [Time-limited test] INFO  ipc.Server (Server.java:stop(3523)) - Stopping server on 15219
2023-10-17 18:45:34,587 [IPC Server listener on 15219] INFO  ipc.Server (Server.java:run(1434)) - Stopping IPC Server listener on 15219
2023-10-17 18:45:34,587 [IPC Server Responder] INFO  ipc.Server (Server.java:run(1567)) - Stopping IPC Server Responder
2023-10-17 18:45:34,591 [Time-limited test] INFO  ozone.MiniOzoneClusterImpl (MiniOzoneClusterImpl.java:stopSCM(548)) - Stopping the StorageContainerManager
2023-10-17 18:45:34,591 [Time-limited test] INFO  server.StorageContainerManager (StorageContainerManager.java:stop(1589)) - Storage Container Manager is not running.
2023-10-17 18:45:34,591 [Time-limited test] INFO  server.StorageContainerManager (StorageContainerManager.java:stopReplicationManager(1733)) - Stopping Replication Manager Service.
2023-10-17 18:45:34,591 [Time-limited test] INFO  replication.ReplicationManager (ReplicationManager.java:stop(333)) - Replication Monitor Thread is not running.
2023-10-17 18:45:34,603 [Time-limited test] INFO  db.CodecTestUtil (CodecTestUtil.java:gc(47)) - gc 0
]]></system-out>
  </testcase>
  <testcase name="testSCMInitializationFailure" classname="org.apache.hadoop.ozone.scm.TestStorageContainerManager" time="0.026">
    <system-out><![CDATA[2023-10-17 18:45:35,006 [Time-limited test] WARN  server.ServerUtils (ServerUtils.java:getScmDbDir(155)) - ozone.scm.db.dirs is not configured. We recommend adding this setting. Falling back to ozone.metadata.dirs instead.
2023-10-17 18:45:35,007 [Time-limited test] INFO  ha.SCMHANodeDetails (SCMHANodeDetails.java:loadSCMHAConfig(210)) - ServiceID for StorageContainerManager is null
2023-10-17 18:45:35,007 [Time-limited test] INFO  ha.SCMHANodeDetails (SCMHANodeDetails.java:loadSCMHAConfig(215)) - ozone.scm.default.service.id is not defined, falling back to ozone.scm.service.ids to find serviceID for StorageContainerManager if it is HA enabled cluster
2023-10-17 18:45:35,008 [Time-limited test] ERROR server.StorageContainerManager (StorageContainerManager.java:<init>(370)) - Please make sure you have run 'ozone scm --init' command to generate all the required metadata to /home/runner/work/ozone/ozone/hadoop-ozone/integration-test/target/test-dir/804e68e5-c284-4f7d-ac88-02da57e91d94/scm-meta/scm or make sure you have run 'ozone scm --bootstrap' cmd to add the SCM to existing SCM HA group.
]]></system-out>
  </testcase>
  <testcase name="testSCMInitialization" classname="org.apache.hadoop.ozone.scm.TestStorageContainerManager" time="6.158">
    <system-out><![CDATA[2023-10-17 18:45:35,027 [Time-limited test] WARN  server.ServerUtils (ServerUtils.java:getScmDbDir(155)) - ozone.scm.db.dirs is not configured. We recommend adding this setting. Falling back to ozone.metadata.dirs instead.
2023-10-17 18:45:35,028 [Time-limited test] INFO  ha.SCMHANodeDetails (SCMHANodeDetails.java:loadSCMHAConfig(210)) - ServiceID for StorageContainerManager is null
2023-10-17 18:45:35,028 [Time-limited test] INFO  ha.SCMHANodeDetails (SCMHANodeDetails.java:loadSCMHAConfig(215)) - ozone.scm.default.service.id is not defined, falling back to ozone.scm.service.ids to find serviceID for StorageContainerManager if it is HA enabled cluster
2023-10-17 18:45:35,041 [Time-limited test] INFO  server.RaftServer (ConfUtils.java:logGet(46)) - raft.rpc.type = GRPC (default)
2023-10-17 18:45:35,041 [Time-limited test] INFO  grpc.GrpcConfigKeys (ConfUtils.java:logFallback(53)) - raft.grpc.admin.host = null (fallback to raft.grpc.server.host)
2023-10-17 18:45:35,041 [Time-limited test] INFO  grpc.GrpcConfigKeys (ConfUtils.java:logFallback(53)) - raft.grpc.admin.port = 9894 (fallback to raft.grpc.server.port)
2023-10-17 18:45:35,041 [Time-limited test] INFO  grpc.GrpcConfigKeys (ConfUtils.java:logFallback(53)) - raft.grpc.client.host = null (fallback to raft.grpc.server.host)
2023-10-17 18:45:35,041 [Time-limited test] INFO  grpc.GrpcConfigKeys (ConfUtils.java:logFallback(53)) - raft.grpc.client.port = 9894 (fallback to raft.grpc.server.port)
2023-10-17 18:45:35,041 [Time-limited test] INFO  grpc.GrpcConfigKeys (ConfUtils.java:logGet(46)) - raft.grpc.server.host = null (default)
2023-10-17 18:45:35,041 [Time-limited test] INFO  grpc.GrpcConfigKeys (ConfUtils.java:logGet(46)) - raft.grpc.server.port = 9894 (custom)
2023-10-17 18:45:35,041 [Time-limited test] INFO  server.GrpcService (ConfUtils.java:logGet(46)) - raft.grpc.message.size.max = 32m (=33554432) (custom)
2023-10-17 18:45:35,041 [Time-limited test] INFO  server.RaftServerConfigKeys (ConfUtils.java:logGet(46)) - raft.server.log.appender.buffer.byte-limit = 33554432 (custom)
2023-10-17 18:45:35,041 [Time-limited test] INFO  server.GrpcService (ConfUtils.java:logGet(46)) - raft.grpc.flow.control.window = 1MB (=1048576) (default)
2023-10-17 18:45:35,041 [Time-limited test] INFO  server.RaftServerConfigKeys (ConfUtils.java:logGet(46)) - raft.server.rpc.request.timeout = 30000ms (custom)
2023-10-17 18:45:35,041 [Time-limited test] INFO  grpc.GrpcConfigKeys (ConfUtils.java:logGet(46)) - raft.grpc.server.heartbeat.channel = true (default)
2023-10-17 18:45:35,042 [Time-limited test] INFO  grpc.GrpcConfigKeys (ConfUtils.java:logGet(46)) - raft.grpc.server.async.request.thread.pool.cached = true (default)
2023-10-17 18:45:35,042 [Time-limited test] INFO  grpc.GrpcConfigKeys (ConfUtils.java:logGet(46)) - raft.grpc.server.async.request.thread.pool.size = 32 (default)
2023-10-17 18:45:35,043 [Time-limited test] INFO  impl.DataStreamServerImpl (ConfUtils.java:logGet(46)) - raft.datastream.type = DISABLED (default)
2023-10-17 18:45:35,043 [Time-limited test] INFO  server.RaftServerConfigKeys (ConfUtils.java:logGet(46)) - raft.server.threadpool.proxy.cached = true (default)
2023-10-17 18:45:35,043 [Time-limited test] INFO  server.RaftServerConfigKeys (ConfUtils.java:logGet(46)) - raft.server.threadpool.proxy.size = 0 (default)
2023-10-17 18:45:35,043 [Time-limited test] INFO  server.RaftServerConfigKeys (ConfUtils.java:logGet(46)) - raft.server.rpc.slowness.timeout = 120000ms (custom)
2023-10-17 18:45:35,043 [Time-limited test] INFO  server.RaftServerConfigKeys (ConfUtils.java:logGet(46)) - raft.server.leaderelection.leader.step-down.wait-time = 10s (default)
2023-10-17 18:45:35,043 [Time-limited test] INFO  server.RaftServerConfigKeys (ConfUtils.java:logGet(46)) - raft.server.storage.dir = [/home/runner/work/ozone/ozone/hadoop-ozone/integration-test/target/test-dir/690d0e32-e608-47de-9b89-a87006a1c701/scm-meta/scm-ha] (custom)
2023-10-17 18:45:35,047 [Time-limited test] INFO  server.RaftServer (RaftServerProxy.java:addNew(98)) - 40ac8b77-1749-45a9-808c-582fd09d1f32: addNew group-27AA8EF9EFF9:[40ac8b77-1749-45a9-808c-582fd09d1f32|rpc:fv-az189-115:9894|priority:0|startupRole:FOLLOWER] returns group-27AA8EF9EFF9:java.util.concurrent.CompletableFuture@397b7c77[Not completed]
2023-10-17 18:45:35,051 [40ac8b77-1749-45a9-808c-582fd09d1f32-groupManagement] INFO  server.RaftServer$Division (RaftServerImpl.java:<init>(198)) - 40ac8b77-1749-45a9-808c-582fd09d1f32: new RaftServerImpl for group-27AA8EF9EFF9:[40ac8b77-1749-45a9-808c-582fd09d1f32|rpc:fv-az189-115:9894|priority:0|startupRole:FOLLOWER] with SCMStateMachine:uninitialized
2023-10-17 18:45:35,051 [40ac8b77-1749-45a9-808c-582fd09d1f32-groupManagement] INFO  server.RaftServerConfigKeys (ConfUtils.java:logGet(46)) - raft.server.rpc.timeout.min = 5000ms (custom)
2023-10-17 18:45:35,051 [40ac8b77-1749-45a9-808c-582fd09d1f32-groupManagement] INFO  server.RaftServerConfigKeys (ConfUtils.java:logGet(46)) - raft.server.rpc.timeout.max = 5200ms (custom)
2023-10-17 18:45:35,051 [40ac8b77-1749-45a9-808c-582fd09d1f32-groupManagement] INFO  server.RaftServerConfigKeys (ConfUtils.java:logGet(46)) - raft.server.rpc.sleep.time = 25ms (default)
2023-10-17 18:45:35,051 [40ac8b77-1749-45a9-808c-582fd09d1f32-groupManagement] INFO  server.RaftServerConfigKeys (ConfUtils.java:logGet(46)) - raft.server.rpc.slowness.timeout = 120000ms (custom)
2023-10-17 18:45:35,051 [40ac8b77-1749-45a9-808c-582fd09d1f32-groupManagement] INFO  server.RaftServerConfigKeys (ConfUtils.java:logGet(46)) - raft.server.leaderelection.leader.step-down.wait-time = 10s (default)
2023-10-17 18:45:35,051 [40ac8b77-1749-45a9-808c-582fd09d1f32-groupManagement] INFO  server.RaftServerConfigKeys (ConfUtils.java:logGet(46)) - raft.server.sleep.deviation.threshold = 300ms (default)
2023-10-17 18:45:35,051 [40ac8b77-1749-45a9-808c-582fd09d1f32-groupManagement] INFO  server.RaftServer$Division (ServerState.java:<init>(120)) - 40ac8b77-1749-45a9-808c-582fd09d1f32@group-27AA8EF9EFF9: ConfigurationManager, init=-1: peers:[40ac8b77-1749-45a9-808c-582fd09d1f32|rpc:fv-az189-115:9894|priority:0|startupRole:FOLLOWER]|listeners:[], old=null, confs=<EMPTY_MAP>
2023-10-17 18:45:35,052 [40ac8b77-1749-45a9-808c-582fd09d1f32-groupManagement] INFO  server.RaftServerConfigKeys (ConfUtils.java:logGet(46)) - raft.server.storage.dir = [/home/runner/work/ozone/ozone/hadoop-ozone/integration-test/target/test-dir/690d0e32-e608-47de-9b89-a87006a1c701/scm-meta/scm-ha] (custom)
2023-10-17 18:45:35,052 [40ac8b77-1749-45a9-808c-582fd09d1f32-groupManagement] INFO  server.RaftServerConfigKeys (ConfUtils.java:logGet(46)) - raft.server.log.corruption.policy = EXCEPTION (default)
2023-10-17 18:45:35,052 [40ac8b77-1749-45a9-808c-582fd09d1f32-groupManagement] INFO  server.RaftServerConfigKeys (ConfUtils.java:logGet(46)) - raft.server.storage.free-space.min = 0MB (=0) (default)
2023-10-17 18:45:35,052 [40ac8b77-1749-45a9-808c-582fd09d1f32-groupManagement] INFO  server.RaftServerConfigKeys (ConfUtils.java:logGet(46)) - raft.server.notification.no-leader.timeout = 60s (default)
2023-10-17 18:45:35,052 [40ac8b77-1749-45a9-808c-582fd09d1f32-groupManagement] INFO  server.RaftServerConfigKeys (ConfUtils.java:logGet(46)) - raft.server.read.timeout = 10s (default)
2023-10-17 18:45:35,052 [40ac8b77-1749-45a9-808c-582fd09d1f32-groupManagement] INFO  server.RaftServerConfigKeys (ConfUtils.java:logGet(46)) - raft.server.retrycache.expirytime = 60000ms (default)
2023-10-17 18:45:35,052 [40ac8b77-1749-45a9-808c-582fd09d1f32-groupManagement] INFO  server.RaftServerConfigKeys (ConfUtils.java:logGet(46)) - raft.server.retrycache.statistics.expirytime = 100μs (default)
2023-10-17 18:45:35,052 [40ac8b77-1749-45a9-808c-582fd09d1f32-groupManagement] INFO  server.RaftServerConfigKeys (ConfUtils.java:logGet(46)) - raft.server.read.option = DEFAULT (default)
2023-10-17 18:45:35,052 [40ac8b77-1749-45a9-808c-582fd09d1f32-groupManagement] INFO  server.RaftServerConfigKeys (ConfUtils.java:logGet(46)) - raft.server.rpc.request.timeout = 30000ms (custom)
2023-10-17 18:45:35,052 [40ac8b77-1749-45a9-808c-582fd09d1f32-groupManagement] INFO  server.RaftServerConfigKeys (ConfUtils.java:logGet(46)) - raft.server.log.appender.install.snapshot.enabled = false (custom)
2023-10-17 18:45:35,052 [40ac8b77-1749-45a9-808c-582fd09d1f32-groupManagement] INFO  server.RaftServerConfigKeys (ConfUtils.java:logGet(46)) - raft.server.threadpool.server.cached = true (default)
2023-10-17 18:45:35,052 [40ac8b77-1749-45a9-808c-582fd09d1f32-groupManagement] INFO  server.RaftServerConfigKeys (ConfUtils.java:logGet(46)) - raft.server.threadpool.server.size = 0 (default)
2023-10-17 18:45:35,052 [40ac8b77-1749-45a9-808c-582fd09d1f32-groupManagement] INFO  server.RaftServerConfigKeys (ConfUtils.java:logGet(46)) - raft.server.threadpool.client.cached = true (default)
2023-10-17 18:45:35,052 [40ac8b77-1749-45a9-808c-582fd09d1f32-groupManagement] INFO  server.RaftServerConfigKeys (ConfUtils.java:logGet(46)) - raft.server.threadpool.client.size = 0 (default)
2023-10-17 18:45:35,053 [40ac8b77-1749-45a9-808c-582fd09d1f32-impl-thread1] INFO  storage.RaftStorageDirectory (RaftStorageDirectoryImpl.java:analyzeStorage(137)) - The storage directory /home/runner/work/ozone/ozone/hadoop-ozone/integration-test/target/test-dir/690d0e32-e608-47de-9b89-a87006a1c701/scm-meta/scm-ha/3a5fc258-41ad-40a6-9f5b-27aa8ef9eff9 does not exist. Creating ...
2023-10-17 18:45:35,054 [40ac8b77-1749-45a9-808c-582fd09d1f32-impl-thread1] INFO  storage.RaftStorageDirectory (RaftStorageDirectoryImpl.java:tryLock(231)) - Lock on /home/runner/work/ozone/ozone/hadoop-ozone/integration-test/target/test-dir/690d0e32-e608-47de-9b89-a87006a1c701/scm-meta/scm-ha/3a5fc258-41ad-40a6-9f5b-27aa8ef9eff9/in_use.lock acquired by nodename 31914@fv-az189-115
2023-10-17 18:45:35,055 [40ac8b77-1749-45a9-808c-582fd09d1f32-impl-thread1] INFO  storage.RaftStorage (RaftStorageImpl.java:format(96)) - Storage directory /home/runner/work/ozone/ozone/hadoop-ozone/integration-test/target/test-dir/690d0e32-e608-47de-9b89-a87006a1c701/scm-meta/scm-ha/3a5fc258-41ad-40a6-9f5b-27aa8ef9eff9 has been successfully formatted.
2023-10-17 18:45:35,055 [40ac8b77-1749-45a9-808c-582fd09d1f32-impl-thread1] INFO  server.RaftServerConfigKeys (ConfUtils.java:logGet(46)) - raft.server.log.use.memory = false (default)
2023-10-17 18:45:35,056 [40ac8b77-1749-45a9-808c-582fd09d1f32-impl-thread1] INFO  server.RaftServerConfigKeys (ConfUtils.java:logGet(46)) - raft.server.log.purge.gap = 1000000 (custom)
2023-10-17 18:45:35,056 [40ac8b77-1749-45a9-808c-582fd09d1f32-impl-thread1] INFO  server.RaftServerConfigKeys (ConfUtils.java:logGet(46)) - raft.server.log.appender.buffer.byte-limit = 33554432 (custom)
2023-10-17 18:45:35,056 [40ac8b77-1749-45a9-808c-582fd09d1f32-impl-thread1] INFO  server.RaftServerConfigKeys (ConfUtils.java:logGet(46)) - raft.server.log.statemachine.data.read.timeout = 1000ms (default)
2023-10-17 18:45:35,056 [40ac8b77-1749-45a9-808c-582fd09d1f32-impl-thread1] INFO  server.RaftServerConfigKeys (ConfUtils.java:logGet(46)) - raft.server.log.purge.preservation.log.num = 0 (default)
2023-10-17 18:45:35,056 [40ac8b77-1749-45a9-808c-582fd09d1f32-impl-thread1] INFO  server.RaftServerConfigKeys (ConfUtils.java:logGet(46)) - raft.server.log.segment.size.max = 4194304 (custom)
2023-10-17 18:45:35,056 [40ac8b77-1749-45a9-808c-582fd09d1f32-impl-thread1] INFO  server.RaftServerConfigKeys (ConfUtils.java:logGet(46)) - raft.server.log.segment.cache.num.max = 2 (custom)
2023-10-17 18:45:35,056 [40ac8b77-1749-45a9-808c-582fd09d1f32-impl-thread1] INFO  server.RaftServerConfigKeys (ConfUtils.java:logGet(46)) - raft.server.log.segment.cache.size.max = 200MB (=209715200) (default)
2023-10-17 18:45:35,056 [40ac8b77-1749-45a9-808c-582fd09d1f32-impl-thread1] INFO  server.RaftServerConfigKeys (ConfUtils.java:logGet(46)) - raft.server.log.appender.buffer.byte-limit = 33554432 (custom)
2023-10-17 18:45:35,056 [40ac8b77-1749-45a9-808c-582fd09d1f32-impl-thread1] INFO  segmented.SegmentedRaftLogWorker (SegmentedRaftLogWorker.java:<init>(188)) - new 40ac8b77-1749-45a9-808c-582fd09d1f32@group-27AA8EF9EFF9-SegmentedRaftLogWorker for RaftStorageImpl:Storage Directory /home/runner/work/ozone/ozone/hadoop-ozone/integration-test/target/test-dir/690d0e32-e608-47de-9b89-a87006a1c701/scm-meta/scm-ha/3a5fc258-41ad-40a6-9f5b-27aa8ef9eff9
2023-10-17 18:45:35,056 [40ac8b77-1749-45a9-808c-582fd09d1f32-impl-thread1] INFO  server.RaftServerConfigKeys (ConfUtils.java:logGet(46)) - raft.server.log.queue.byte-limit = 64MB (=67108864) (default)
2023-10-17 18:45:35,056 [40ac8b77-1749-45a9-808c-582fd09d1f32-impl-thread1] INFO  server.RaftServerConfigKeys (ConfUtils.java:logGet(46)) - raft.server.log.queue.element-limit = 4096 (default)
2023-10-17 18:45:35,056 [40ac8b77-1749-45a9-808c-582fd09d1f32-impl-thread1] INFO  server.RaftServerConfigKeys (ConfUtils.java:logGet(46)) - raft.server.log.segment.size.max = 4194304 (custom)
2023-10-17 18:45:35,056 [40ac8b77-1749-45a9-808c-582fd09d1f32-impl-thread1] INFO  server.RaftServerConfigKeys (ConfUtils.java:logGet(46)) - raft.server.log.preallocated.size = 4194304 (custom)
2023-10-17 18:45:35,056 [40ac8b77-1749-45a9-808c-582fd09d1f32-impl-thread1] INFO  server.RaftServerConfigKeys (ConfUtils.java:logGet(46)) - raft.server.log.force.sync.num = 128 (default)
2023-10-17 18:45:35,056 [40ac8b77-1749-45a9-808c-582fd09d1f32-impl-thread1] INFO  server.RaftServerConfigKeys (ConfUtils.java:logGet(46)) - raft.server.log.statemachine.data.sync = true (default)
2023-10-17 18:45:35,056 [40ac8b77-1749-45a9-808c-582fd09d1f32-impl-thread1] INFO  server.RaftServerConfigKeys (ConfUtils.java:logGet(46)) - raft.server.log.statemachine.data.sync.timeout = 10s (default)
2023-10-17 18:45:35,056 [40ac8b77-1749-45a9-808c-582fd09d1f32-impl-thread1] INFO  server.RaftServerConfigKeys (ConfUtils.java:logGet(46)) - raft.server.log.statemachine.data.sync.timeout.retry = -1 (default)
2023-10-17 18:45:35,056 [40ac8b77-1749-45a9-808c-582fd09d1f32-impl-thread1] INFO  server.RaftServerConfigKeys (ConfUtils.java:logGet(46)) - raft.server.log.write.buffer.size = 64KB (=65536) (default)
2023-10-17 18:45:35,056 [40ac8b77-1749-45a9-808c-582fd09d1f32-impl-thread1] INFO  server.RaftServerConfigKeys (ConfUtils.java:logGet(46)) - raft.server.log.appender.buffer.byte-limit = 33554432 (custom)
2023-10-17 18:45:35,061 [40ac8b77-1749-45a9-808c-582fd09d1f32-impl-thread1] INFO  server.RaftServerConfigKeys (ConfUtils.java:logGet(46)) - raft.server.log.unsafe-flush.enabled = false (default)
2023-10-17 18:45:35,061 [40ac8b77-1749-45a9-808c-582fd09d1f32-impl-thread1] INFO  server.RaftServerConfigKeys (ConfUtils.java:logGet(46)) - raft.server.log.async-flush.enabled = false (default)
2023-10-17 18:45:35,061 [40ac8b77-1749-45a9-808c-582fd09d1f32-impl-thread1] INFO  server.RaftServerConfigKeys (ConfUtils.java:logGet(46)) - raft.server.log.statemachine.data.caching.enabled = false (default)
2023-10-17 18:45:35,062 [40ac8b77-1749-45a9-808c-582fd09d1f32-impl-thread1] INFO  segmented.SegmentedRaftLogWorker (SegmentedRaftLogWorker.java:lambda$new$0(135)) - 40ac8b77-1749-45a9-808c-582fd09d1f32@group-27AA8EF9EFF9-SegmentedRaftLogWorker: flushIndex: setUnconditionally 0 -> -1
2023-10-17 18:45:35,062 [40ac8b77-1749-45a9-808c-582fd09d1f32-impl-thread1] INFO  segmented.SegmentedRaftLogWorker (SegmentedRaftLogWorker.java:lambda$new$0(135)) - 40ac8b77-1749-45a9-808c-582fd09d1f32@group-27AA8EF9EFF9-SegmentedRaftLogWorker: safeCacheEvictIndex: setUnconditionally 0 -> -1
2023-10-17 18:45:35,062 [40ac8b77-1749-45a9-808c-582fd09d1f32-impl-thread1] INFO  server.RaftServer$Division (RaftServerImpl.java:start(342)) - 40ac8b77-1749-45a9-808c-582fd09d1f32@group-27AA8EF9EFF9: start as a follower, conf=-1: peers:[40ac8b77-1749-45a9-808c-582fd09d1f32|rpc:fv-az189-115:9894|priority:0|startupRole:FOLLOWER]|listeners:[], old=null
2023-10-17 18:45:35,062 [40ac8b77-1749-45a9-808c-582fd09d1f32-impl-thread1] INFO  server.RaftServer$Division (RaftServerImpl.java:setRole(329)) - 40ac8b77-1749-45a9-808c-582fd09d1f32@group-27AA8EF9EFF9: changes role from      null to FOLLOWER at term 0 for startAsFollower
2023-10-17 18:45:35,062 [40ac8b77-1749-45a9-808c-582fd09d1f32-impl-thread1] INFO  impl.RoleInfo (RoleInfo.java:updateAndGet(139)) - 40ac8b77-1749-45a9-808c-582fd09d1f32: start 40ac8b77-1749-45a9-808c-582fd09d1f32@group-27AA8EF9EFF9-FollowerState
2023-10-17 18:45:35,066 [40ac8b77-1749-45a9-808c-582fd09d1f32-impl-thread1] INFO  util.JmxRegister (JmxRegister.java:tryRegister(44)) - Successfully registered JMX Bean with object name Ratis:service=RaftServer,group=group-27AA8EF9EFF9,id=40ac8b77-1749-45a9-808c-582fd09d1f32
2023-10-17 18:45:35,066 [40ac8b77-1749-45a9-808c-582fd09d1f32-impl-thread1] INFO  server.RaftServerConfigKeys (ConfUtils.java:logGet(46)) - raft.server.snapshot.auto.trigger.enabled = true (custom)
2023-10-17 18:45:35,067 [40ac8b77-1749-45a9-808c-582fd09d1f32-impl-thread1] INFO  server.RaftServerConfigKeys (ConfUtils.java:logGet(46)) - raft.server.snapshot.auto.trigger.threshold = 1000 (custom)
2023-10-17 18:45:35,067 [40ac8b77-1749-45a9-808c-582fd09d1f32-impl-thread1] INFO  server.RaftServerConfigKeys (ConfUtils.java:logGet(46)) - raft.server.snapshot.retention.file.num = -1 (default)
2023-10-17 18:45:35,067 [40ac8b77-1749-45a9-808c-582fd09d1f32-impl-thread1] INFO  server.RaftServerConfigKeys (ConfUtils.java:logGet(46)) - raft.server.log.purge.upto.snapshot.index = false (default)
2023-10-17 18:45:35,067 [40ac8b77-1749-45a9-808c-582fd09d1f32@group-27AA8EF9EFF9-FollowerState] INFO  server.RaftServerConfigKeys (ConfUtils.java:logFallback(53)) - raft.server.rpc.first-election.timeout.min = 5000ms (fallback to raft.server.rpc.timeout.min)
2023-10-17 18:45:35,067 [40ac8b77-1749-45a9-808c-582fd09d1f32@group-27AA8EF9EFF9-FollowerState] INFO  server.RaftServerConfigKeys (ConfUtils.java:logFallback(53)) - raft.server.rpc.first-election.timeout.max = 5200ms (fallback to raft.server.rpc.timeout.max)
2023-10-17 18:45:35,069 [Time-limited test] INFO  server.RaftServer (RaftServerProxy.java:startImpl(400)) - 40ac8b77-1749-45a9-808c-582fd09d1f32: start RPC server
2023-10-17 18:45:35,072 [Time-limited test] INFO  server.GrpcService (GrpcService.java:startImpl(302)) - 40ac8b77-1749-45a9-808c-582fd09d1f32: GrpcService started, listening on 9894
2023-10-17 18:45:35,073 [JvmPauseMonitor36] INFO  util.JvmPauseMonitor (JvmPauseMonitor.java:run(103)) - JvmPauseMonitor-40ac8b77-1749-45a9-808c-582fd09d1f32: Started
2023-10-17 18:45:40,144 [40ac8b77-1749-45a9-808c-582fd09d1f32@group-27AA8EF9EFF9-FollowerState] INFO  impl.FollowerState (FollowerState.java:run(143)) - 40ac8b77-1749-45a9-808c-582fd09d1f32@group-27AA8EF9EFF9-FollowerState: change to CANDIDATE, lastRpcElapsedTime:5082247016ns, electionTimeout:5077ms
2023-10-17 18:45:40,144 [40ac8b77-1749-45a9-808c-582fd09d1f32@group-27AA8EF9EFF9-FollowerState] INFO  impl.RoleInfo (RoleInfo.java:shutdownFollowerState(110)) - 40ac8b77-1749-45a9-808c-582fd09d1f32: shutdown 40ac8b77-1749-45a9-808c-582fd09d1f32@group-27AA8EF9EFF9-FollowerState
2023-10-17 18:45:40,144 [40ac8b77-1749-45a9-808c-582fd09d1f32@group-27AA8EF9EFF9-FollowerState] INFO  server.RaftServer$Division (RaftServerImpl.java:setRole(329)) - 40ac8b77-1749-45a9-808c-582fd09d1f32@group-27AA8EF9EFF9: changes role from  FOLLOWER to CANDIDATE at term 0 for changeToCandidate
2023-10-17 18:45:40,144 [40ac8b77-1749-45a9-808c-582fd09d1f32@group-27AA8EF9EFF9-FollowerState] INFO  server.RaftServerConfigKeys (ConfUtils.java:logGet(46)) - raft.server.leaderelection.pre-vote = true (default)
2023-10-17 18:45:40,145 [40ac8b77-1749-45a9-808c-582fd09d1f32@group-27AA8EF9EFF9-FollowerState] INFO  impl.RoleInfo (RoleInfo.java:updateAndGet(139)) - 40ac8b77-1749-45a9-808c-582fd09d1f32: start 40ac8b77-1749-45a9-808c-582fd09d1f32@group-27AA8EF9EFF9-LeaderElection45
2023-10-17 18:45:40,145 [40ac8b77-1749-45a9-808c-582fd09d1f32@group-27AA8EF9EFF9-LeaderElection45] INFO  impl.LeaderElection (LeaderElection.java:askForVotes(321)) - 40ac8b77-1749-45a9-808c-582fd09d1f32@group-27AA8EF9EFF9-LeaderElection45 PRE_VOTE round 0: submit vote requests at term 0 for -1: peers:[40ac8b77-1749-45a9-808c-582fd09d1f32|rpc:fv-az189-115:9894|priority:0|startupRole:FOLLOWER]|listeners:[], old=null
2023-10-17 18:45:40,146 [40ac8b77-1749-45a9-808c-582fd09d1f32@group-27AA8EF9EFF9-LeaderElection45] INFO  impl.LeaderElection (LeaderElection.java:askForVotes(323)) - 40ac8b77-1749-45a9-808c-582fd09d1f32@group-27AA8EF9EFF9-LeaderElection45 PRE_VOTE round 0: result PASSED (term=0)
2023-10-17 18:45:40,147 [40ac8b77-1749-45a9-808c-582fd09d1f32@group-27AA8EF9EFF9-LeaderElection45] INFO  impl.LeaderElection (LeaderElection.java:askForVotes(321)) - 40ac8b77-1749-45a9-808c-582fd09d1f32@group-27AA8EF9EFF9-LeaderElection45 ELECTION round 0: submit vote requests at term 1 for -1: peers:[40ac8b77-1749-45a9-808c-582fd09d1f32|rpc:fv-az189-115:9894|priority:0|startupRole:FOLLOWER]|listeners:[], old=null
2023-10-17 18:45:40,148 [40ac8b77-1749-45a9-808c-582fd09d1f32@group-27AA8EF9EFF9-LeaderElection45] INFO  impl.LeaderElection (LeaderElection.java:askForVotes(323)) - 40ac8b77-1749-45a9-808c-582fd09d1f32@group-27AA8EF9EFF9-LeaderElection45 ELECTION round 0: result PASSED (term=1)
2023-10-17 18:45:40,148 [40ac8b77-1749-45a9-808c-582fd09d1f32@group-27AA8EF9EFF9-LeaderElection45] INFO  impl.RoleInfo (RoleInfo.java:shutdownLeaderElection(130)) - 40ac8b77-1749-45a9-808c-582fd09d1f32: shutdown 40ac8b77-1749-45a9-808c-582fd09d1f32@group-27AA8EF9EFF9-LeaderElection45
2023-10-17 18:45:40,148 [40ac8b77-1749-45a9-808c-582fd09d1f32@group-27AA8EF9EFF9-LeaderElection45] INFO  server.RaftServer$Division (RaftServerImpl.java:setRole(329)) - 40ac8b77-1749-45a9-808c-582fd09d1f32@group-27AA8EF9EFF9: changes role from CANDIDATE to LEADER at term 1 for changeToLeader
2023-10-17 18:45:40,148 [40ac8b77-1749-45a9-808c-582fd09d1f32@group-27AA8EF9EFF9-LeaderElection45] INFO  server.RaftServer$Division (ServerState.java:setLeader(317)) - 40ac8b77-1749-45a9-808c-582fd09d1f32@group-27AA8EF9EFF9: change Leader from null to 40ac8b77-1749-45a9-808c-582fd09d1f32 at term 1 for becomeLeader, leader elected after 5095ms
2023-10-17 18:45:40,148 [40ac8b77-1749-45a9-808c-582fd09d1f32@group-27AA8EF9EFF9-LeaderElection45] INFO  server.RaftServerConfigKeys (ConfUtils.java:logGet(46)) - raft.server.staging.catchup.gap = 1000 (default)
2023-10-17 18:45:40,148 [40ac8b77-1749-45a9-808c-582fd09d1f32@group-27AA8EF9EFF9-LeaderElection45] INFO  server.RaftServerConfigKeys (ConfUtils.java:logGet(46)) - raft.server.write.element-limit = 4096 (default)
2023-10-17 18:45:40,148 [40ac8b77-1749-45a9-808c-582fd09d1f32@group-27AA8EF9EFF9-LeaderElection45] INFO  server.RaftServerConfigKeys (ConfUtils.java:logGet(46)) - raft.server.write.byte-limit = 64MB (=67108864) (default)
2023-10-17 18:45:40,148 [40ac8b77-1749-45a9-808c-582fd09d1f32@group-27AA8EF9EFF9-LeaderElection45] INFO  server.RaftServerConfigKeys (ConfUtils.java:logGet(46)) - raft.server.watch.timeout = 10s (default)
2023-10-17 18:45:40,148 [40ac8b77-1749-45a9-808c-582fd09d1f32@group-27AA8EF9EFF9-LeaderElection45] INFO  server.RaftServerConfigKeys (ConfUtils.java:logGet(46)) - raft.server.watch.timeout.denomination = 1s (default)
2023-10-17 18:45:40,148 [40ac8b77-1749-45a9-808c-582fd09d1f32@group-27AA8EF9EFF9-LeaderElection45] INFO  server.RaftServerConfigKeys (ConfUtils.java:logGet(46)) - raft.server.watch.element-limit = 65536 (default)
2023-10-17 18:45:40,148 [40ac8b77-1749-45a9-808c-582fd09d1f32@group-27AA8EF9EFF9-LeaderElection45] INFO  server.RaftServerConfigKeys (ConfUtils.java:logGet(46)) - raft.server.write.element-limit = 4096 (default)
2023-10-17 18:45:40,148 [40ac8b77-1749-45a9-808c-582fd09d1f32@group-27AA8EF9EFF9-LeaderElection45] INFO  server.RaftServerConfigKeys (ConfUtils.java:logGet(46)) - raft.server.write.follower.gap.ratio.max = -1.0 (default)
2023-10-17 18:45:40,148 [40ac8b77-1749-45a9-808c-582fd09d1f32@group-27AA8EF9EFF9-LeaderElection45] INFO  impl.RoleInfo (RoleInfo.java:updateAndGet(139)) - 40ac8b77-1749-45a9-808c-582fd09d1f32: start 40ac8b77-1749-45a9-808c-582fd09d1f32@group-27AA8EF9EFF9-LeaderStateImpl
2023-10-17 18:45:40,149 [40ac8b77-1749-45a9-808c-582fd09d1f32@group-27AA8EF9EFF9-LeaderElection45] INFO  segmented.SegmentedRaftLogWorker (SegmentedRaftLogWorker.java:startLogSegment(447)) - 40ac8b77-1749-45a9-808c-582fd09d1f32@group-27AA8EF9EFF9-SegmentedRaftLogWorker: Starting segment from index:0
2023-10-17 18:45:40,154 [40ac8b77-1749-45a9-808c-582fd09d1f32@group-27AA8EF9EFF9-LeaderElection45] INFO  server.RaftServer$Division (ServerState.java:setRaftConf(434)) - 40ac8b77-1749-45a9-808c-582fd09d1f32@group-27AA8EF9EFF9: set configuration 0: peers:[40ac8b77-1749-45a9-808c-582fd09d1f32|rpc:fv-az189-115:9894|admin:|client:|dataStream:|priority:0|startupRole:FOLLOWER]|listeners:[], old=null
2023-10-17 18:45:40,164 [40ac8b77-1749-45a9-808c-582fd09d1f32@group-27AA8EF9EFF9-SegmentedRaftLogWorker] INFO  segmented.SegmentedRaftLogWorker (SegmentedRaftLogWorker.java:execute(651)) - 40ac8b77-1749-45a9-808c-582fd09d1f32@group-27AA8EF9EFF9-SegmentedRaftLogWorker: created new log segment /home/runner/work/ozone/ozone/hadoop-ozone/integration-test/target/test-dir/690d0e32-e608-47de-9b89-a87006a1c701/scm-meta/scm-ha/3a5fc258-41ad-40a6-9f5b-27aa8ef9eff9/current/log_inprogress_0
2023-10-17 18:45:41,073 [Time-limited test] INFO  server.RaftServer (RaftServerProxy.java:lambda$close$6(416)) - 40ac8b77-1749-45a9-808c-582fd09d1f32: close
2023-10-17 18:45:41,074 [Time-limited test] INFO  server.GrpcService (GrpcService.java:closeImpl(311)) - 40ac8b77-1749-45a9-808c-582fd09d1f32: shutdown server GrpcServerProtocolService now
2023-10-17 18:45:41,074 [40ac8b77-1749-45a9-808c-582fd09d1f32-impl-thread1] INFO  server.RaftServer$Division (RaftServerImpl.java:lambda$close$4(466)) - 40ac8b77-1749-45a9-808c-582fd09d1f32@group-27AA8EF9EFF9: shutdown
2023-10-17 18:45:41,074 [40ac8b77-1749-45a9-808c-582fd09d1f32-impl-thread1] INFO  util.JmxRegister (JmxRegister.java:unregister(73)) - Successfully un-registered JMX Bean with object name Ratis:service=RaftServer,group=group-27AA8EF9EFF9,id=40ac8b77-1749-45a9-808c-582fd09d1f32
2023-10-17 18:45:41,074 [40ac8b77-1749-45a9-808c-582fd09d1f32-impl-thread1] INFO  impl.RoleInfo (RoleInfo.java:shutdownLeaderState(93)) - 40ac8b77-1749-45a9-808c-582fd09d1f32: shutdown 40ac8b77-1749-45a9-808c-582fd09d1f32@group-27AA8EF9EFF9-LeaderStateImpl
2023-10-17 18:45:41,074 [40ac8b77-1749-45a9-808c-582fd09d1f32-impl-thread1] INFO  impl.PendingRequests (PendingRequests.java:sendNotLeaderResponses(289)) - 40ac8b77-1749-45a9-808c-582fd09d1f32@group-27AA8EF9EFF9-PendingRequests: sendNotLeaderResponses
2023-10-17 18:45:41,074 [40ac8b77-1749-45a9-808c-582fd09d1f32-impl-thread1] INFO  impl.StateMachineUpdater (StateMachineUpdater.java:stopAndJoin(155)) - 40ac8b77-1749-45a9-808c-582fd09d1f32@group-27AA8EF9EFF9-StateMachineUpdater: set stopIndex = 0
2023-10-17 18:45:41,074 [40ac8b77-1749-45a9-808c-582fd09d1f32@group-27AA8EF9EFF9-StateMachineUpdater] INFO  impl.StateMachineUpdater (StateMachineUpdater.java:takeSnapshot(291)) - 40ac8b77-1749-45a9-808c-582fd09d1f32@group-27AA8EF9EFF9-StateMachineUpdater: Took a snapshot at index 0
2023-10-17 18:45:41,075 [40ac8b77-1749-45a9-808c-582fd09d1f32@group-27AA8EF9EFF9-StateMachineUpdater] INFO  impl.StateMachineUpdater (StateMachineUpdater.java:lambda$new$0(97)) - 40ac8b77-1749-45a9-808c-582fd09d1f32@group-27AA8EF9EFF9-StateMachineUpdater: snapshotIndex: updateIncreasingly -1 -> 0
2023-10-17 18:45:41,076 [40ac8b77-1749-45a9-808c-582fd09d1f32-impl-thread1] INFO  server.RaftServer$Division (ServerState.java:close(472)) - 40ac8b77-1749-45a9-808c-582fd09d1f32@group-27AA8EF9EFF9: closes. applyIndex: 0
2023-10-17 18:45:41,077 [Time-limited test] INFO  server.GrpcService (GrpcService.java:closeImpl(320)) - 40ac8b77-1749-45a9-808c-582fd09d1f32: shutdown server GrpcServerProtocolService successfully
2023-10-17 18:45:41,166 [40ac8b77-1749-45a9-808c-582fd09d1f32-impl-thread1] INFO  segmented.SegmentedRaftLogWorker (SegmentedRaftLogWorker.java:close(252)) - 40ac8b77-1749-45a9-808c-582fd09d1f32@group-27AA8EF9EFF9-SegmentedRaftLogWorker close()
2023-10-17 18:45:41,166 [JvmPauseMonitor36] INFO  util.JvmPauseMonitor (JvmPauseMonitor.java:run(109)) - JvmPauseMonitor-40ac8b77-1749-45a9-808c-582fd09d1f32: Stopped
2023-10-17 18:45:41,166 [Time-limited test] WARN  server.ServerUtils (ServerUtils.java:getScmDbDir(155)) - ozone.scm.db.dirs is not configured. We recommend adding this setting. Falling back to ozone.metadata.dirs instead.
2023-10-17 18:45:41,168 [Time-limited test] INFO  server.StorageContainerManager (StorageContainerManager.java:scmInit(1291)) - SCM initialization succeeded. Current cluster id for sd=/home/runner/work/ozone/ozone/hadoop-ozone/integration-test/target/test-dir/690d0e32-e608-47de-9b89-a87006a1c701/scm-meta/scm; cid=3a5fc258-41ad-40a6-9f5b-27aa8ef9eff9; layoutVersion=7; scmId=40ac8b77-1749-45a9-808c-582fd09d1f32
2023-10-17 18:45:41,168 [Time-limited test] WARN  server.ServerUtils (ServerUtils.java:getScmDbDir(155)) - ozone.scm.db.dirs is not configured. We recommend adding this setting. Falling back to ozone.metadata.dirs instead.
2023-10-17 18:45:41,168 [Time-limited test] WARN  server.ServerUtils (ServerUtils.java:getScmDbDir(155)) - ozone.scm.db.dirs is not configured. We recommend adding this setting. Falling back to ozone.metadata.dirs instead.
2023-10-17 18:45:41,168 [Time-limited test] INFO  ha.SCMHANodeDetails (SCMHANodeDetails.java:loadSCMHAConfig(210)) - ServiceID for StorageContainerManager is null
2023-10-17 18:45:41,169 [Time-limited test] INFO  ha.SCMHANodeDetails (SCMHANodeDetails.java:loadSCMHAConfig(215)) - ozone.scm.default.service.id is not defined, falling back to ozone.scm.service.ids to find serviceID for StorageContainerManager if it is HA enabled cluster
2023-10-17 18:45:41,169 [Time-limited test] INFO  upgrade.AbstractLayoutVersionManager (AbstractLayoutVersionManager.java:init(83)) - Initializing Layout version manager with metadata layout = HADOOP_PRC_PORTS_IN_DATANODEDETAILS (version = 7), software layout = HADOOP_PRC_PORTS_IN_DATANODEDETAILS (version = 7)
2023-10-17 18:45:41,169 [Time-limited test] INFO  server.StorageContainerManager (StorageContainerManager.java:scmInit(1323)) - SCM already initialized. Reusing existing cluster id for sd=/home/runner/work/ozone/ozone/hadoop-ozone/integration-test/target/test-dir/690d0e32-e608-47de-9b89-a87006a1c701/scm-meta/scm;cid=3a5fc258-41ad-40a6-9f5b-27aa8ef9eff9; layoutVersion=7; HAEnabled=true
]]></system-out>
  </testcase>
  <testcase name="testContainerReportQueueTakingMoreTime" classname="org.apache.hadoop.ozone.scm.TestStorageContainerManager" time="3.014">
    <failure type="java.lang.AssertionError"><![CDATA[java.lang.AssertionError
	at org.junit.Assert.fail(Assert.java:87)
	at org.junit.Assert.assertTrue(Assert.java:42)
	at org.junit.Assert.assertTrue(Assert.java:53)
	at org.apache.hadoop.ozone.scm.TestStorageContainerManager.testContainerReportQueueTakingMoreTime(TestStorageContainerManager.java:1034)
	at sun.reflect.NativeMethodAccessorImpl.invoke0(Native Method)
	at sun.reflect.NativeMethodAccessorImpl.invoke(NativeMethodAccessorImpl.java:62)
	at sun.reflect.DelegatingMethodAccessorImpl.invoke(DelegatingMethodAccessorImpl.java:43)
	at java.lang.reflect.Method.invoke(Method.java:498)
	at org.junit.runners.model.FrameworkMethod$1.runReflectiveCall(FrameworkMethod.java:59)
	at org.junit.internal.runners.model.ReflectiveCallable.run(ReflectiveCallable.java:12)
	at org.junit.runners.model.FrameworkMethod.invokeExplosively(FrameworkMethod.java:56)
	at org.junit.internal.runners.statements.InvokeMethod.evaluate(InvokeMethod.java:17)
	at org.junit.internal.runners.statements.RunAfters.evaluate(RunAfters.java:27)
	at org.junit.rules.ExpectedException$ExpectedExceptionStatement.evaluate(ExpectedException.java:258)
	at org.junit.internal.runners.statements.FailOnTimeout$CallableStatement.call(FailOnTimeout.java:288)
	at org.junit.internal.runners.statements.FailOnTimeout$CallableStatement.call(FailOnTimeout.java:282)
	at java.util.concurrent.FutureTask.run(FutureTask.java:266)
	at java.lang.Thread.run(Thread.java:750)
]]></failure>
    <system-out><![CDATA[2023-10-17 18:45:42,179 [FixedThreadPoolWithAffinityExecutor-0-0] WARN  events.FixedThreadPoolWithAffinityExecutor (FixedThreadPoolWithAffinityExecutor.java:run(289)) - Event taken long execution time 1003 millisec, 2e169492-a17b-4d8e-87fb-2924e3d6eff1(null/null), {type: FCR, size: 0}
2023-10-17 18:45:43,180 [FixedThreadPoolWithAffinityExecutor-0-0] WARN  events.FixedThreadPoolWithAffinityExecutor (FixedThreadPoolWithAffinityExecutor.java:run(289)) - Event taken long execution time 2001 millisec, 21019dd5-ebff-4a0b-b6b5-46ee1445eb57(null/null), {type: FCR, size: 0}
]]></system-out>
  </testcase>
  <testcase name="testScmProcessDatanodeHeartbeat" classname="org.apache.hadoop.ozone.scm.TestStorageContainerManager" time="29.413">
    <system-out><![CDATA[2023-10-17 18:45:44,207 [Time-limited test] WARN  server.ServerUtils (ServerUtils.java:getScmDbDir(155)) - ozone.scm.db.dirs is not configured. We recommend adding this setting. Falling back to ozone.metadata.dirs instead.
2023-10-17 18:45:44,209 [Time-limited test] WARN  server.ServerUtils (ServerUtils.java:getScmDbDir(155)) - ozone.scm.db.dirs is not configured. We recommend adding this setting. Falling back to ozone.metadata.dirs instead.
2023-10-17 18:45:44,209 [Time-limited test] INFO  ha.SCMHANodeDetails (SCMHANodeDetails.java:loadSCMHAConfig(210)) - ServiceID for StorageContainerManager is null
2023-10-17 18:45:44,209 [Time-limited test] WARN  ha.SCMHANodeDetails (SCMHANodeDetails.java:validateSCMHAConfig(183)) - Invalid config ozone.scm.ratis.enable. The config was not specified, but the default value true conflicts with the expected config value false. Falling back to the expected value. Current State of SCM: SCM is running in Non-HA without Ratis Ratis SCM -> Non Ratis SCM or Non HA SCM -> HA SCM is not supported
2023-10-17 18:45:44,209 [Time-limited test] INFO  ha.SCMHANodeDetails (SCMHANodeDetails.java:loadSCMHAConfig(215)) - ozone.scm.default.service.id is not defined, falling back to ozone.scm.service.ids to find serviceID for StorageContainerManager if it is HA enabled cluster
2023-10-17 18:45:44,210 [Time-limited test] WARN  utils.HAUtils (HAUtils.java:getMetaDir(339)) - ozone.scm.db.dirs is not configured. We recommend adding this setting. Falling back to ozone.metadata.dirs instead.
2023-10-17 18:45:44,210 [Time-limited test] WARN  db.DBStoreBuilder (DBStoreBuilder.java:applyDBDefinition(167)) - ozone.scm.db.dirs is not configured. We recommend adding this setting. Falling back to ozone.metadata.dirs instead.
2023-10-17 18:45:44,305 [Time-limited test] INFO  net.NodeSchemaLoader (NodeSchemaLoader.java:loadSchemaFromFile(129)) - Loading schema from [jar:file:/home/runner/.m2/repository/org/apache/ozone/hdds-common/1.4.0-SNAPSHOT/hdds-common-1.4.0-SNAPSHOT.jar!/network-topology-default.xml]
2023-10-17 18:45:44,306 [Time-limited test] INFO  net.NodeSchemaLoader (NodeSchemaLoader.java:loadSchema(176)) - Loading network topology layer schema file
2023-10-17 18:45:44,310 [Time-limited test] INFO  upgrade.AbstractLayoutVersionManager (AbstractLayoutVersionManager.java:init(83)) - Initializing Layout version manager with metadata layout = HADOOP_PRC_PORTS_IN_DATANODEDETAILS (version = 7), software layout = HADOOP_PRC_PORTS_IN_DATANODEDETAILS (version = 7)
2023-10-17 18:45:44,312 [Time-limited test] INFO  ha.SequenceIdGenerator (SequenceIdGenerator.java:upgradeToSequenceId(365)) - upgrade localId to 111677748019200000
2023-10-17 18:45:44,315 [Time-limited test] INFO  ha.SequenceIdGenerator (SequenceIdGenerator.java:upgradeToSequenceId(375)) - upgrade delTxnId to 0
2023-10-17 18:45:44,315 [Time-limited test] INFO  ha.SequenceIdGenerator (SequenceIdGenerator.java:upgradeToSequenceId(392)) - upgrade containerId to 0
2023-10-17 18:45:44,316 [Time-limited test] INFO  ha.SequenceIdGenerator (SequenceIdGenerator.java:upgradeToSequenceId(428)) - upgrade rootCertificateId to 1
2023-10-17 18:45:44,316 [Time-limited test] INFO  ha.SequenceIdGenerator (SequenceIdGenerator.java:<init>(236)) - Init the HA SequenceIdGenerator.
2023-10-17 18:45:44,316 [Time-limited test] WARN  server.ServerUtils (ServerUtils.java:sanitizeUserArgs(80)) - ozone.scm.stale.node.interval value = 300000 is larger than max = 100000 based on the key value of ozone.scm.heartbeat.thread.interval, reset to the max value 100000.
2023-10-17 18:45:44,317 [Time-limited test] WARN  server.ServerUtils (ServerUtils.java:sanitizeUserArgs(80)) - ozone.scm.stale.node.interval value = 300000 is larger than max = 100000 based on the key value of ozone.scm.heartbeat.thread.interval, reset to the max value 100000.
2023-10-17 18:45:44,318 [Time-limited test] INFO  node.SCMNodeManager (SCMNodeManager.java:<init>(157)) - Entering startup safe mode.
2023-10-17 18:45:44,319 [Time-limited test] INFO  Configuration.deprecation (Configuration.java:logDeprecation(1442)) - hadoop.configured.node.mapping is deprecated. Instead, use net.topology.configured.node.mapping
2023-10-17 18:45:44,319 [Time-limited test] INFO  algorithms.ContainerPlacementPolicyFactory (ContainerPlacementPolicyFactory.java:getPolicyInternal(86)) - Create container placement policy of type org.apache.hadoop.hdds.scm.container.placement.algorithms.SCMContainerPlacementRackAware
2023-10-17 18:45:44,319 [Time-limited test] INFO  algorithms.ContainerPlacementPolicyFactory (ContainerPlacementPolicyFactory.java:getPolicyInternal(86)) - Create container placement policy of type org.apache.hadoop.hdds.scm.container.placement.algorithms.SCMContainerPlacementRackScatter
2023-10-17 18:45:44,319 [Time-limited test] INFO  pipeline.PipelineStateManagerImpl (PipelineStateManagerImpl.java:initialize(78)) - No pipeline exists in current db
2023-10-17 18:45:44,319 [Time-limited test] INFO  algorithms.LeaderChoosePolicyFactory (LeaderChoosePolicyFactory.java:getPolicy(57)) - Create leader choose policy of type org.apache.hadoop.hdds.scm.pipeline.leader.choose.algorithms.MinLeaderCountChoosePolicy
2023-10-17 18:45:44,319 [Time-limited test] INFO  algorithms.ContainerPlacementPolicyFactory (ContainerPlacementPolicyFactory.java:getPolicyInternal(86)) - Create container placement policy of type org.apache.hadoop.hdds.scm.container.placement.algorithms.SCMContainerPlacementRackScatter
2023-10-17 18:45:44,319 [Time-limited test] INFO  ha.SCMServiceManager (SCMServiceManager.java:register(42)) - Registering service BackgroundPipelineCreator.
2023-10-17 18:45:44,319 [Time-limited test] INFO  pipeline.BackgroundPipelineCreator (BackgroundPipelineCreator.java:start(124)) - Starting RatisPipelineUtilsThread.
2023-10-17 18:45:44,322 [Time-limited test] INFO  BackgroundPipelineScrubber (BackgroundSCMService.java:start(68)) - Starting BackgroundPipelineScrubber Service.
2023-10-17 18:45:44,325 [Time-limited test] INFO  ha.SCMServiceManager (SCMServiceManager.java:register(42)) - Registering service BackgroundPipelineScrubber.
2023-10-17 18:45:44,325 [Time-limited test] INFO  ExpiredContainerReplicaOpScrubber (BackgroundSCMService.java:start(68)) - Starting ExpiredContainerReplicaOpScrubber Service.
2023-10-17 18:45:44,326 [Time-limited test] INFO  ha.SCMServiceManager (SCMServiceManager.java:register(42)) - Registering service ExpiredContainerReplicaOpScrubber.
2023-10-17 18:45:44,326 [Time-limited test] INFO  algorithms.PipelineChoosePolicyFactory (PipelineChoosePolicyFactory.java:createPipelineChoosePolicyFromClass(78)) - Create pipeline choose policy of type org.apache.hadoop.hdds.scm.pipeline.choose.algorithms.RandomPipelineChoosePolicy
2023-10-17 18:45:44,326 [Time-limited test] INFO  algorithms.PipelineChoosePolicyFactory (PipelineChoosePolicyFactory.java:createPipelineChoosePolicyFromClass(78)) - Create pipeline choose policy of type org.apache.hadoop.hdds.scm.pipeline.choose.algorithms.RandomPipelineChoosePolicy
2023-10-17 18:45:44,327 [Time-limited test] INFO  ha.SCMServiceManager (SCMServiceManager.java:register(42)) - Registering service SCMBlockDeletingService.
2023-10-17 18:45:44,327 [Time-limited test] INFO  replication.ReplicationManager (ReplicationManager.java:start(291)) - Starting Replication Monitor Thread.
2023-10-17 18:45:44,331 [Time-limited test] INFO  ha.SCMServiceManager (SCMServiceManager.java:register(42)) - Registering service ReplicationManager.
2023-10-17 18:45:44,332 [Time-limited test] INFO  safemode.ContainerSafeModeRule (ContainerSafeModeRule.java:<init>(90)) - containers with one replica threshold count 0
2023-10-17 18:45:44,332 [Time-limited test] INFO  safemode.HealthyPipelineSafeModeRule (HealthyPipelineSafeModeRule.java:initializeRule(169)) - Total pipeline count is 0, healthy pipeline threshold count is 1
2023-10-17 18:45:44,332 [Time-limited test] INFO  safemode.OneReplicaPipelineSafeModeRule (OneReplicaPipelineSafeModeRule.java:initializeRule(180)) - Total pipeline count is 0, pipeline's with at least one datanode reported threshold count is 0
2023-10-17 18:45:44,333 [Time-limited test] INFO  server.StorageContainerManager (StorageContainerManager.java:<init>(427)) - SCM start with adminUsers: [runner]
2023-10-17 18:45:44,333 [Time-limited test] INFO  ipc.CallQueueManager (CallQueueManager.java:<init>(90)) - Using callQueue: class java.util.concurrent.LinkedBlockingQueue, queueCapacity: 2000, scheduler: class org.apache.hadoop.ipc.DefaultRpcScheduler, ipcBackoff: false.
2023-10-17 18:45:44,333 [Time-limited test] INFO  ipc.Server (Server.java:<init>(1287)) - Listener at 0.0.0.0:15228
2023-10-17 18:45:44,335 [Socket Reader #1 for port 15228] INFO  ipc.Server (Server.java:run(1323)) - Starting Socket Reader #1 for port 15228
2023-10-17 18:45:44,336 [Time-limited test] INFO  ipc.CallQueueManager (CallQueueManager.java:<init>(90)) - Using callQueue: class java.util.concurrent.LinkedBlockingQueue, queueCapacity: 2000, scheduler: class org.apache.hadoop.ipc.DefaultRpcScheduler, ipcBackoff: false.
2023-10-17 18:45:44,336 [Time-limited test] INFO  ipc.Server (Server.java:<init>(1287)) - Listener at 0.0.0.0:15227
2023-10-17 18:45:44,337 [Socket Reader #1 for port 15227] INFO  ipc.Server (Server.java:run(1323)) - Starting Socket Reader #1 for port 15227
2023-10-17 18:45:44,339 [Time-limited test] INFO  ipc.CallQueueManager (CallQueueManager.java:<init>(90)) - Using callQueue: class java.util.concurrent.LinkedBlockingQueue, queueCapacity: 2000, scheduler: class org.apache.hadoop.ipc.DefaultRpcScheduler, ipcBackoff: false.
2023-10-17 18:45:44,339 [Time-limited test] INFO  ipc.Server (Server.java:<init>(1287)) - Listener at 0.0.0.0:15226
2023-10-17 18:45:44,340 [Socket Reader #1 for port 15226] INFO  ipc.Server (Server.java:run(1323)) - Starting Socket Reader #1 for port 15226
2023-10-17 18:45:44,344 [Time-limited test] INFO  ha.SCMServiceManager (SCMServiceManager.java:register(42)) - Registering service ContainerBalancer.
2023-10-17 18:45:44,344 [Time-limited test] INFO  server.StorageContainerManager (StorageContainerManager.java:<init>(440)) - 
Container Balancer status:
Key                            Value
Running                        false
Container Balancer Configuration values:
Key                                                Value
Threshold                                          10
Max Datanodes to Involve per Iteration(percent)    20
Max Size to Move per Iteration                     500GB
Max Size Entering Target per Iteration             26GB
Max Size Leaving Source per Iteration              26GB
Number of Iterations                               10
Time Limit for Single Container's Movement         65min
Time Limit for Single Container's Replication      50min
Interval between each Iteration                    70min
Whether to Enable Network Topology                 false
Whether to Trigger Refresh Datanode Usage Info     false
Container IDs to Exclude from Balancing            None
Datanodes Specified to be Balanced                 None
Datanodes Excluded from Balancing                  None

2023-10-17 18:45:44,344 [Time-limited test] INFO  ha.SCMContext (SCMContext.java:updateSafeModeStatus(230)) - Update SafeModeStatus from SafeModeStatus{safeModeStatus=true, preCheckPassed=false} to SafeModeStatus{safeModeStatus=true, preCheckPassed=false}.
2023-10-17 18:45:44,344 [Time-limited test] INFO  server.StorageContainerManager (StorageContainerManager.java:start(1492)) - StorageContainerLocationProtocol RPC server is listening at /0.0.0.0:15226
2023-10-17 18:45:44,344 [Time-limited test] INFO  impl.MetricsSystemImpl (MetricsSystemImpl.java:init(158)) - StorageContainerManager metrics system started (again)
2023-10-17 18:45:44,358 [ReplicationMonitor] INFO  replication.ReplicationManager (ReplicationManager.java:processAll(365)) - Replication Manager is not ready to run until 3000ms after safemode exit
2023-10-17 18:45:44,362 [Time-limited test] INFO  server.SCMClientProtocolServer (SCMClientProtocolServer.java:start(201)) - RPC server for Client  is listening at /0.0.0.0:15226
2023-10-17 18:45:44,363 [IPC Server Responder] INFO  ipc.Server (Server.java:run(1562)) - IPC Server Responder: starting
2023-10-17 18:45:44,363 [IPC Server listener on 15226] INFO  ipc.Server (Server.java:run(1402)) - IPC Server listener on 15226: starting
2023-10-17 18:45:44,365 [Time-limited test] INFO  server.StorageContainerManager (StorageContainerManager.java:start(1505)) - ScmBlockLocationProtocol RPC server is listening at /0.0.0.0:15227
2023-10-17 18:45:44,365 [Time-limited test] INFO  server.SCMBlockProtocolServer (SCMBlockProtocolServer.java:start(154)) - RPC server for Block Protocol is listening at /0.0.0.0:15227
2023-10-17 18:45:44,366 [IPC Server Responder] INFO  ipc.Server (Server.java:run(1562)) - IPC Server Responder: starting
2023-10-17 18:45:44,366 [IPC Server listener on 15227] INFO  ipc.Server (Server.java:run(1402)) - IPC Server listener on 15227: starting
2023-10-17 18:45:44,367 [Time-limited test] INFO  server.SCMDatanodeProtocolServer (SCMDatanodeProtocolServer.java:start(193)) - ScmDatanodeProtocol RPC server for DataNodes is listening at /0.0.0.0:15228
2023-10-17 18:45:44,368 [IPC Server Responder] INFO  ipc.Server (Server.java:run(1562)) - IPC Server Responder: starting
2023-10-17 18:45:44,368 [IPC Server listener on 15228] INFO  ipc.Server (Server.java:run(1402)) - IPC Server listener on 15228: starting
2023-10-17 18:45:44,370 [JvmPauseMonitor37] INFO  util.JvmPauseMonitor (JvmPauseMonitor.java:run(103)) - JvmPauseMonitor-3fe806f4-21fa-499e-ae13-15fea0bb1cac: Started
2023-10-17 18:45:44,371 [Time-limited test] INFO  http.BaseHttpServer (BaseHttpServer.java:newHttpServer2BuilderForOzone(223)) - Starting Web-server for scm at: http://0.0.0.0:15229
2023-10-17 18:45:44,371 [Time-limited test] INFO  http.BaseHttpServer (BaseHttpServer.java:<init>(110)) - Hadoop Security Enabled: false Ozone Security Enabled: false Ozone HTTP Security Enabled: false 
2023-10-17 18:45:44,372 [Time-limited test] WARN  server.AuthenticationFilter (AuthenticationFilter.java:constructSecretProvider(240)) - Unable to initialize FileSignerSecretProvider, falling back to use random secrets. Reason: Could not read signature secret file: /home/runner/hadoop-http-auth-signature-secret
2023-10-17 18:45:44,373 [Time-limited test] INFO  http.HttpRequestLog (HttpRequestLog.java:getRequestLog(86)) - Http request log for http.requests.scm is not defined
2023-10-17 18:45:44,376 [Time-limited test] INFO  http.HttpServer2 (HttpServer2.java:addGlobalFilter(1031)) - Added global filter 'safety' (class=org.apache.hadoop.hdds.server.http.HttpServer2$QuotingInputFilter)
2023-10-17 18:45:44,376 [Time-limited test] INFO  http.HttpServer2 (HttpServer2.java:addFilter(1007)) - Added filter static_user_filter (class=org.apache.hadoop.http.lib.StaticUserWebFilter$StaticUserFilter) to context scm
2023-10-17 18:45:44,376 [Time-limited test] INFO  http.HttpServer2 (HttpServer2.java:addFilter(1015)) - Added filter static_user_filter (class=org.apache.hadoop.http.lib.StaticUserWebFilter$StaticUserFilter) to context static
2023-10-17 18:45:44,377 [Time-limited test] INFO  http.HttpServer2 (HttpServer2.java:addFilter(1015)) - Added filter static_user_filter (class=org.apache.hadoop.http.lib.StaticUserWebFilter$StaticUserFilter) to context logs
2023-10-17 18:45:44,378 [Time-limited test] INFO  http.BaseHttpServer (BaseHttpServer.java:<init>(189)) - HTTP server of scm uses base directory /home/runner/work/ozone/ozone/hadoop-ozone/integration-test/target/test-dir/MiniOzoneClusterImpl-1ddacd7d-4aab-443e-9cce-7616e57ab4b1/ozone-meta/webserver
2023-10-17 18:45:44,378 [Time-limited test] INFO  http.HttpServer2 (HttpServer2.java:bindListener(1231)) - Jetty bound to port 15229
2023-10-17 18:45:44,378 [Time-limited test] INFO  server.Server (Server.java:doStart(375)) - jetty-9.4.53.v20231009; built: 2023-10-09T12:29:09.265Z; git: 27bde00a0b95a1d5bbee0eae7984f891d2d0f8c9; jvm 1.8.0_382-b05
2023-10-17 18:45:44,382 [Time-limited test] INFO  server.session (DefaultSessionIdManager.java:doStart(334)) - DefaultSessionIdManager workerName=node0
2023-10-17 18:45:44,382 [Time-limited test] INFO  server.session (DefaultSessionIdManager.java:doStart(339)) - No SessionScavenger set, using defaults
2023-10-17 18:45:44,382 [Time-limited test] INFO  server.session (HouseKeeper.java:startScavenging(132)) - node0 Scavenging every 660000ms
2023-10-17 18:45:44,383 [Time-limited test] INFO  handler.ContextHandler (ContextHandler.java:doStart(921)) - Started o.e.j.s.ServletContextHandler@51ee9d3b{logs,/logs,file:///home/runner/work/ozone/ozone/hadoop-ozone/integration-test/target/log,AVAILABLE}
2023-10-17 18:45:44,383 [Time-limited test] INFO  handler.ContextHandler (ContextHandler.java:doStart(921)) - Started o.e.j.s.ServletContextHandler@64604594{static,/static,file:///home/runner/work/ozone/ozone/hadoop-ozone/integration-test/target/test-classes/webapps/static,AVAILABLE}
2023-10-17 18:45:44,385 [Time-limited test] INFO  handler.ContextHandler (ContextHandler.java:doStart(921)) - Started o.e.j.w.WebAppContext@520fbb1e{scm,/,file:///home/runner/work/ozone/ozone/hadoop-ozone/integration-test/target/test-classes/webapps/scm/,AVAILABLE}{file:/home/runner/work/ozone/ozone/hadoop-ozone/integration-test/target/test-classes/webapps/scm}
2023-10-17 18:45:44,395 [Time-limited test] INFO  server.AbstractConnector (AbstractConnector.java:doStart(333)) - Started ServerConnector@7f55da4{HTTP/1.1, (http/1.1)}{0.0.0.0:15229}
2023-10-17 18:45:44,396 [Time-limited test] INFO  server.Server (Server.java:doStart(415)) - Started @205110ms
2023-10-17 18:45:44,396 [Time-limited test] WARN  impl.MetricsSystemImpl (MetricsSystemImpl.java:register(279)) - Sink prometheus already exists!
2023-10-17 18:45:44,396 [Time-limited test] INFO  http.BaseHttpServer (BaseHttpServer.java:updateConnectorAddress(354)) - HTTP server of scm listening at http://0.0.0.0:15229
2023-10-17 18:45:44,396 [Time-limited test] WARN  server.ServerUtils (ServerUtils.java:getDBPath(311)) - ozone.om.db.dirs is not configured. We recommend adding this setting. Falling back to ozone.metadata.dirs instead.
2023-10-17 18:45:44,398 [Time-limited test] INFO  ha.OMHANodeDetails (OMHANodeDetails.java:loadOMHAConfig(115)) - ozone.om.internal.service.id is not defined, falling back to ozone.om.service.ids to find serviceID for OzoneManager if it is HA enabled cluster
2023-10-17 18:45:44,398 [Time-limited test] INFO  ha.OMHANodeDetails (OMHANodeDetails.java:loadOMHAConfig(226)) - Configuration does not have ozone.om.address set. Falling back to the default OM address /127.0.0.1:15230
2023-10-17 18:45:44,398 [Time-limited test] INFO  ha.OMHANodeDetails (OMHANodeDetails.java:getOMNodeDetailsForNonHA(254)) - OM Service ID is not set. Setting it to the default ID: omServiceIdDefault
2023-10-17 18:45:44,398 [Time-limited test] INFO  ha.OMHANodeDetails (OMHANodeDetails.java:getOMNodeDetailsForNonHA(261)) - OM Node ID is not set. Setting it to the default ID: om1
2023-10-17 18:45:44,399 [Time-limited test] WARN  server.ServerUtils (ServerUtils.java:getDBPath(311)) - ozone.om.db.dirs is not configured. We recommend adding this setting. Falling back to ozone.metadata.dirs instead.
2023-10-17 18:45:44,399 [Time-limited test] INFO  upgrade.AbstractLayoutVersionManager (AbstractLayoutVersionManager.java:init(83)) - Initializing Layout version manager with metadata layout = QUOTA (version = 6), software layout = QUOTA (version = 6)
2023-10-17 18:45:44,478 [Time-limited test] INFO  reflections.Reflections (Reflections.java:scan(232)) - Reflections took 78 ms to scan 2 urls, producing 190 keys and 532 values [using 2 cores]
2023-10-17 18:45:44,478 [Time-limited test] INFO  upgrade.OMLayoutVersionManager (OMLayoutVersionManager.java:lambda$0(115)) - Skipping Upgrade Action MockOmUpgradeAction since it has been finalized.
2023-10-17 18:45:44,478 [Time-limited test] INFO  upgrade.OMLayoutVersionManager (OMLayoutVersionManager.java:lambda$0(115)) - Skipping Upgrade Action QuotaRepairUpgradeAction since it has been finalized.
2023-10-17 18:45:44,478 [Time-limited test] WARN  server.ServerUtils (ServerUtils.java:getDBPath(311)) - ozone.om.db.dirs is not configured. We recommend adding this setting. Falling back to ozone.metadata.dirs instead.
2023-10-17 18:45:44,479 [Time-limited test] INFO  proxy.SCMBlockLocationFailoverProxyProvider (SCMBlockLocationFailoverProxyProvider.java:<init>(114)) - Created block location fail-over proxy with 1 nodes: [nodeId=scmNodeId,nodeAddress=/0.0.0.0:15227]
2023-10-17 18:45:44,480 [Time-limited test] INFO  proxy.SCMBlockLocationFailoverProxyProvider (SCMBlockLocationFailoverProxyProvider.java:<init>(114)) - Created block location fail-over proxy with 1 nodes: [nodeId=scmNodeId,nodeAddress=/0.0.0.0:15227]
2023-10-17 18:45:44,487 [Time-limited test] INFO  om.OzoneManager (OzoneManager.java:<init>(671)) - OM start with adminUsers: [runner]
2023-10-17 18:45:44,487 [Time-limited test] WARN  server.ServerUtils (ServerUtils.java:getDBPath(311)) - ozone.om.db.dirs is not configured. We recommend adding this setting. Falling back to ozone.metadata.dirs instead.
2023-10-17 18:45:44,487 [Time-limited test] INFO  helpers.OmKeyInfo (OmKeyInfo.java:getCodec(71)) - OmKeyInfo.getCodec ignorePipeline = true
2023-10-17 18:45:44,685 [Time-limited test] INFO  om.OzoneManager (OzoneManager.java:instantiateServices(800)) - S3 Multi-Tenancy is disabled
2023-10-17 18:45:44,685 [Time-limited test] INFO  om.OmSnapshotManager (OmSnapshotManager.java:<init>(174)) - Ozone filesystem snapshot feature is enabled.
2023-10-17 18:45:44,685 [Time-limited test] WARN  server.ServerUtils (ServerUtils.java:getDBPath(311)) - ozone.om.snapshot.diff.db.dir is not configured. We recommend adding this setting. Falling back to ozone.metadata.dirs instead.
2023-10-17 18:45:44,714 [Time-limited test] INFO  snapshot.SnapshotDiffManager (SnapshotDiffManager.java:closeExecutorService(1720)) - Shutting down executorService: 'SstDumpToolExecutor'
2023-10-17 18:45:44,716 [Time-limited test] INFO  om.OzoneManager (OzoneManager.java:addS3GVolumeToDB(4376)) - Created Volume s3v With Owner runner required for S3Gateway operations.
2023-10-17 18:45:44,716 [Time-limited test] WARN  server.ServerUtils (ServerUtils.java:getDefaultRatisDirectory(323)) - Storage directory for Ratis is not configured. It is a good idea to map this to an SSD disk. Falling back to ozone.metadata.dirs
2023-10-17 18:45:44,716 [Time-limited test] WARN  utils.OzoneManagerRatisUtils (OzoneManagerRatisUtils.java:getOMRatisSnapshotDirectory(470)) - ozone.om.ratis.snapshot.dir is not configured. Falling back to ozone.metadata.dirs config
2023-10-17 18:45:44,717 [Time-limited test] WARN  server.ServerUtils (ServerUtils.java:getDefaultRatisDirectory(323)) - Storage directory for Ratis is not configured. It is a good idea to map this to an SSD disk. Falling back to ozone.metadata.dirs
2023-10-17 18:45:44,718 [Time-limited test] INFO  ratis.OzoneManagerRatisServer (OzoneManagerRatisServer.java:<init>(164)) - Instantiating OM Ratis server with groupID: omServiceIdDefault and peers: localhost:15233
2023-10-17 18:45:44,718 [Time-limited test] INFO  ratis.OzoneManagerStateMachine (OzoneManagerStateMachine.java:loadSnapshotInfoFromDB(691)) - LastAppliedIndex is set from TransactionInfo from OM DB as (t:0, i:~)
2023-10-17 18:45:44,718 [Time-limited test] INFO  server.RaftServer (ConfUtils.java:logGet(46)) - raft.rpc.type = GRPC (default)
2023-10-17 18:45:44,718 [Time-limited test] INFO  grpc.GrpcConfigKeys (ConfUtils.java:logFallback(53)) - raft.grpc.admin.host = null (fallback to raft.grpc.server.host)
2023-10-17 18:45:44,718 [Time-limited test] INFO  grpc.GrpcConfigKeys (ConfUtils.java:logFallback(53)) - raft.grpc.admin.port = 15233 (fallback to raft.grpc.server.port)
2023-10-17 18:45:44,719 [Time-limited test] INFO  grpc.GrpcConfigKeys (ConfUtils.java:logFallback(53)) - raft.grpc.client.host = null (fallback to raft.grpc.server.host)
2023-10-17 18:45:44,719 [Time-limited test] INFO  grpc.GrpcConfigKeys (ConfUtils.java:logFallback(53)) - raft.grpc.client.port = 15233 (fallback to raft.grpc.server.port)
2023-10-17 18:45:44,719 [Time-limited test] INFO  grpc.GrpcConfigKeys (ConfUtils.java:logGet(46)) - raft.grpc.server.host = null (default)
2023-10-17 18:45:44,719 [Time-limited test] INFO  grpc.GrpcConfigKeys (ConfUtils.java:logGet(46)) - raft.grpc.server.port = 15233 (custom)
2023-10-17 18:45:44,719 [Time-limited test] INFO  server.GrpcService (ConfUtils.java:logGet(46)) - raft.grpc.message.size.max = 33554432 (custom)
2023-10-17 18:45:44,719 [Time-limited test] INFO  server.RaftServerConfigKeys (ConfUtils.java:logGet(46)) - raft.server.log.appender.buffer.byte-limit = 33554432 (custom)
2023-10-17 18:45:44,719 [Time-limited test] INFO  server.GrpcService (ConfUtils.java:logGet(46)) - raft.grpc.flow.control.window = 1MB (=1048576) (default)
2023-10-17 18:45:44,719 [Time-limited test] INFO  server.RaftServerConfigKeys (ConfUtils.java:logGet(46)) - raft.server.rpc.request.timeout = 3000ms (default)
2023-10-17 18:45:44,719 [Time-limited test] INFO  grpc.GrpcConfigKeys (ConfUtils.java:logGet(46)) - raft.grpc.server.heartbeat.channel = true (default)
2023-10-17 18:45:44,719 [Time-limited test] INFO  grpc.GrpcConfigKeys (ConfUtils.java:logGet(46)) - raft.grpc.server.async.request.thread.pool.cached = true (default)
2023-10-17 18:45:44,719 [Time-limited test] INFO  grpc.GrpcConfigKeys (ConfUtils.java:logGet(46)) - raft.grpc.server.async.request.thread.pool.size = 32 (default)
2023-10-17 18:45:44,721 [Time-limited test] INFO  impl.DataStreamServerImpl (ConfUtils.java:logGet(46)) - raft.datastream.type = DISABLED (default)
2023-10-17 18:45:44,721 [Time-limited test] INFO  server.RaftServerConfigKeys (ConfUtils.java:logGet(46)) - raft.server.threadpool.proxy.cached = true (default)
2023-10-17 18:45:44,721 [Time-limited test] INFO  server.RaftServerConfigKeys (ConfUtils.java:logGet(46)) - raft.server.threadpool.proxy.size = 0 (default)
2023-10-17 18:45:44,721 [Time-limited test] INFO  server.RaftServerConfigKeys (ConfUtils.java:logGet(46)) - raft.server.rpc.slowness.timeout = 120s (custom)
2023-10-17 18:45:44,721 [Time-limited test] INFO  server.RaftServerConfigKeys (ConfUtils.java:logGet(46)) - raft.server.leaderelection.leader.step-down.wait-time = 10s (default)
2023-10-17 18:45:44,721 [Time-limited test] INFO  server.RaftServerConfigKeys (ConfUtils.java:logGet(46)) - raft.server.storage.dir = [/home/runner/work/ozone/ozone/hadoop-ozone/integration-test/target/test-dir/MiniOzoneClusterImpl-1ddacd7d-4aab-443e-9cce-7616e57ab4b1/ozone-meta/ratis] (custom)
2023-10-17 18:45:44,722 [Time-limited test] INFO  server.RaftServer (RaftServerProxy.java:addNew(98)) - om1: addNew group-C5BA1605619E:[om1|rpc:localhost:15233|priority:0|startupRole:FOLLOWER] returns group-C5BA1605619E:java.util.concurrent.CompletableFuture@333c7922[Not completed]
2023-10-17 18:45:44,722 [om1-groupManagement] INFO  server.RaftServer$Division (RaftServerImpl.java:<init>(198)) - om1: new RaftServerImpl for group-C5BA1605619E:[om1|rpc:localhost:15233|priority:0|startupRole:FOLLOWER] with OzoneManagerStateMachine:uninitialized
2023-10-17 18:45:44,722 [Time-limited test] INFO  om.OzoneManager (OzoneManager.java:initializeRatisServer(2147)) - OzoneManager Ratis server initialized at port 15233
2023-10-17 18:45:44,722 [om1-groupManagement] INFO  server.RaftServerConfigKeys (ConfUtils.java:logGet(46)) - raft.server.rpc.timeout.min = 1s (custom)
2023-10-17 18:45:44,722 [Time-limited test] INFO  om.OzoneManager (OzoneManager.java:getRpcServer(1202)) - Creating RPC Server
2023-10-17 18:45:44,722 [om1-groupManagement] INFO  server.RaftServerConfigKeys (ConfUtils.java:logGet(46)) - raft.server.rpc.timeout.max = 1200ms (custom)
2023-10-17 18:45:44,723 [om1-groupManagement] INFO  server.RaftServerConfigKeys (ConfUtils.java:logGet(46)) - raft.server.rpc.sleep.time = 25ms (default)
2023-10-17 18:45:44,723 [om1-groupManagement] INFO  server.RaftServerConfigKeys (ConfUtils.java:logGet(46)) - raft.server.rpc.slowness.timeout = 120s (custom)
2023-10-17 18:45:44,723 [om1-groupManagement] INFO  server.RaftServerConfigKeys (ConfUtils.java:logGet(46)) - raft.server.leaderelection.leader.step-down.wait-time = 10s (default)
2023-10-17 18:45:44,723 [om1-groupManagement] INFO  server.RaftServerConfigKeys (ConfUtils.java:logGet(46)) - raft.server.sleep.deviation.threshold = 300ms (default)
2023-10-17 18:45:44,723 [om1-groupManagement] INFO  server.RaftServer$Division (ServerState.java:<init>(120)) - om1@group-C5BA1605619E: ConfigurationManager, init=-1: peers:[om1|rpc:localhost:15233|priority:0|startupRole:FOLLOWER]|listeners:[], old=null, confs=<EMPTY_MAP>
2023-10-17 18:45:44,723 [om1-groupManagement] INFO  server.RaftServerConfigKeys (ConfUtils.java:logGet(46)) - raft.server.storage.dir = [/home/runner/work/ozone/ozone/hadoop-ozone/integration-test/target/test-dir/MiniOzoneClusterImpl-1ddacd7d-4aab-443e-9cce-7616e57ab4b1/ozone-meta/ratis] (custom)
2023-10-17 18:45:44,723 [om1-groupManagement] INFO  server.RaftServerConfigKeys (ConfUtils.java:logGet(46)) - raft.server.log.corruption.policy = EXCEPTION (default)
2023-10-17 18:45:44,723 [om1-groupManagement] INFO  server.RaftServerConfigKeys (ConfUtils.java:logGet(46)) - raft.server.storage.free-space.min = 0MB (=0) (default)
2023-10-17 18:45:44,723 [om1-groupManagement] INFO  server.RaftServerConfigKeys (ConfUtils.java:logGet(46)) - raft.server.notification.no-leader.timeout = 120s (custom)
2023-10-17 18:45:44,724 [om1-groupManagement] INFO  server.RaftServerConfigKeys (ConfUtils.java:logGet(46)) - raft.server.read.timeout = 10s (default)
2023-10-17 18:45:44,724 [om1-groupManagement] INFO  server.RaftServerConfigKeys (ConfUtils.java:logGet(46)) - raft.server.retrycache.expirytime = 300s (custom)
2023-10-17 18:45:44,724 [om1-groupManagement] INFO  server.RaftServerConfigKeys (ConfUtils.java:logGet(46)) - raft.server.retrycache.statistics.expirytime = 100μs (default)
2023-10-17 18:45:44,724 [om1-groupManagement] INFO  server.RaftServerConfigKeys (ConfUtils.java:logGet(46)) - raft.server.read.option = DEFAULT (default)
2023-10-17 18:45:44,724 [om1-groupManagement] INFO  server.RaftServerConfigKeys (ConfUtils.java:logGet(46)) - raft.server.rpc.request.timeout = 3000ms (default)
2023-10-17 18:45:44,724 [om1-groupManagement] INFO  server.RaftServerConfigKeys (ConfUtils.java:logGet(46)) - raft.server.log.appender.install.snapshot.enabled = false (custom)
2023-10-17 18:45:44,724 [om1-groupManagement] INFO  server.RaftServerConfigKeys (ConfUtils.java:logGet(46)) - raft.server.threadpool.server.cached = true (default)
2023-10-17 18:45:44,724 [om1-groupManagement] INFO  server.RaftServerConfigKeys (ConfUtils.java:logGet(46)) - raft.server.threadpool.server.size = 0 (default)
2023-10-17 18:45:44,724 [om1-groupManagement] INFO  server.RaftServerConfigKeys (ConfUtils.java:logGet(46)) - raft.server.threadpool.client.cached = true (default)
2023-10-17 18:45:44,724 [om1-groupManagement] INFO  server.RaftServerConfigKeys (ConfUtils.java:logGet(46)) - raft.server.threadpool.client.size = 0 (default)
2023-10-17 18:45:45,067 [Time-limited test] INFO  reflections.Reflections (Reflections.java:scan(232)) - Reflections took 344 ms to scan 20 urls, producing 71 keys and 6047 values [using 2 cores]
2023-10-17 18:45:45,068 [Time-limited test] INFO  ipc.CallQueueManager (CallQueueManager.java:<init>(90)) - Using callQueue: class java.util.concurrent.LinkedBlockingQueue, queueCapacity: 2000, scheduler: class org.apache.hadoop.ipc.DefaultRpcScheduler, ipcBackoff: false.
2023-10-17 18:45:45,068 [Time-limited test] INFO  ipc.Server (Server.java:<init>(1287)) - Listener at 127.0.0.1:15230
2023-10-17 18:45:45,069 [Socket Reader #1 for port 15230] INFO  ipc.Server (Server.java:run(1323)) - Starting Socket Reader #1 for port 15230
2023-10-17 18:45:45,096 [Time-limited test] INFO  impl.MetricsSystemImpl (MetricsSystemImpl.java:init(158)) - OzoneManager metrics system started (again)
2023-10-17 18:45:45,106 [Time-limited test] INFO  om.OzoneManager (OzoneManager.java:start(1635)) - OzoneManager RPC server is listening at localhost/127.0.0.1:15230
2023-10-17 18:45:45,106 [Time-limited test] INFO  ratis.OzoneManagerRatisServer (OzoneManagerRatisServer.java:start(559)) - Starting OzoneManagerRatisServer om1 at port 15233
2023-10-17 18:45:45,106 [om1-impl-thread1] INFO  storage.RaftStorageDirectory (RaftStorageDirectoryImpl.java:analyzeStorage(137)) - The storage directory /home/runner/work/ozone/ozone/hadoop-ozone/integration-test/target/test-dir/MiniOzoneClusterImpl-1ddacd7d-4aab-443e-9cce-7616e57ab4b1/ozone-meta/ratis/bf265839-605b-3f16-9796-c5ba1605619e does not exist. Creating ...
2023-10-17 18:45:45,108 [om1-impl-thread1] INFO  storage.RaftStorageDirectory (RaftStorageDirectoryImpl.java:tryLock(231)) - Lock on /home/runner/work/ozone/ozone/hadoop-ozone/integration-test/target/test-dir/MiniOzoneClusterImpl-1ddacd7d-4aab-443e-9cce-7616e57ab4b1/ozone-meta/ratis/bf265839-605b-3f16-9796-c5ba1605619e/in_use.lock acquired by nodename 31914@fv-az189-115
2023-10-17 18:45:45,109 [om1-impl-thread1] INFO  storage.RaftStorage (RaftStorageImpl.java:format(96)) - Storage directory /home/runner/work/ozone/ozone/hadoop-ozone/integration-test/target/test-dir/MiniOzoneClusterImpl-1ddacd7d-4aab-443e-9cce-7616e57ab4b1/ozone-meta/ratis/bf265839-605b-3f16-9796-c5ba1605619e has been successfully formatted.
2023-10-17 18:45:45,109 [om1-impl-thread1] INFO  server.RaftServerConfigKeys (ConfUtils.java:logGet(46)) - raft.server.log.use.memory = false (default)
2023-10-17 18:45:45,109 [om1-impl-thread1] INFO  server.RaftServerConfigKeys (ConfUtils.java:logGet(46)) - raft.server.log.purge.gap = 1000000 (custom)
2023-10-17 18:45:45,109 [om1-impl-thread1] INFO  server.RaftServerConfigKeys (ConfUtils.java:logGet(46)) - raft.server.log.appender.buffer.byte-limit = 33554432 (custom)
2023-10-17 18:45:45,109 [om1-impl-thread1] INFO  server.RaftServerConfigKeys (ConfUtils.java:logGet(46)) - raft.server.log.statemachine.data.read.timeout = 1000ms (default)
2023-10-17 18:45:45,109 [om1-impl-thread1] INFO  server.RaftServerConfigKeys (ConfUtils.java:logGet(46)) - raft.server.log.purge.preservation.log.num = 0 (default)
2023-10-17 18:45:45,109 [om1-impl-thread1] INFO  server.RaftServerConfigKeys (ConfUtils.java:logGet(46)) - raft.server.log.segment.size.max = 4194304 (custom)
2023-10-17 18:45:45,110 [om1-impl-thread1] INFO  server.RaftServerConfigKeys (ConfUtils.java:logGet(46)) - raft.server.log.segment.cache.num.max = 2 (custom)
2023-10-17 18:45:45,110 [om1-impl-thread1] INFO  server.RaftServerConfigKeys (ConfUtils.java:logGet(46)) - raft.server.log.segment.cache.size.max = 200MB (=209715200) (default)
2023-10-17 18:45:45,110 [om1-impl-thread1] INFO  server.RaftServerConfigKeys (ConfUtils.java:logGet(46)) - raft.server.log.appender.buffer.byte-limit = 33554432 (custom)
2023-10-17 18:45:45,110 [om1-impl-thread1] INFO  segmented.SegmentedRaftLogWorker (SegmentedRaftLogWorker.java:<init>(188)) - new om1@group-C5BA1605619E-SegmentedRaftLogWorker for RaftStorageImpl:Storage Directory /home/runner/work/ozone/ozone/hadoop-ozone/integration-test/target/test-dir/MiniOzoneClusterImpl-1ddacd7d-4aab-443e-9cce-7616e57ab4b1/ozone-meta/ratis/bf265839-605b-3f16-9796-c5ba1605619e
2023-10-17 18:45:45,110 [om1-impl-thread1] INFO  server.RaftServerConfigKeys (ConfUtils.java:logGet(46)) - raft.server.log.queue.byte-limit = 64MB (=67108864) (default)
2023-10-17 18:45:45,110 [om1-impl-thread1] INFO  server.RaftServerConfigKeys (ConfUtils.java:logGet(46)) - raft.server.log.queue.element-limit = 4096 (default)
2023-10-17 18:45:45,110 [om1-impl-thread1] INFO  server.RaftServerConfigKeys (ConfUtils.java:logGet(46)) - raft.server.log.segment.size.max = 4194304 (custom)
2023-10-17 18:45:45,110 [om1-impl-thread1] INFO  server.RaftServerConfigKeys (ConfUtils.java:logGet(46)) - raft.server.log.preallocated.size = 4194304 (custom)
2023-10-17 18:45:45,110 [om1-impl-thread1] INFO  server.RaftServerConfigKeys (ConfUtils.java:logGet(46)) - raft.server.log.force.sync.num = 128 (default)
2023-10-17 18:45:45,110 [om1-impl-thread1] INFO  server.RaftServerConfigKeys (ConfUtils.java:logGet(46)) - raft.server.log.statemachine.data.sync = true (default)
2023-10-17 18:45:45,110 [om1-impl-thread1] INFO  server.RaftServerConfigKeys (ConfUtils.java:logGet(46)) - raft.server.log.statemachine.data.sync.timeout = 10s (default)
2023-10-17 18:45:45,110 [om1-impl-thread1] INFO  server.RaftServerConfigKeys (ConfUtils.java:logGet(46)) - raft.server.log.statemachine.data.sync.timeout.retry = -1 (default)
2023-10-17 18:45:45,110 [om1-impl-thread1] INFO  server.RaftServerConfigKeys (ConfUtils.java:logGet(46)) - raft.server.log.write.buffer.size = 64KB (=65536) (default)
2023-10-17 18:45:45,110 [om1-impl-thread1] INFO  server.RaftServerConfigKeys (ConfUtils.java:logGet(46)) - raft.server.log.appender.buffer.byte-limit = 33554432 (custom)
2023-10-17 18:45:45,115 [om1-impl-thread1] INFO  server.RaftServerConfigKeys (ConfUtils.java:logGet(46)) - raft.server.log.unsafe-flush.enabled = false (default)
2023-10-17 18:45:45,115 [om1-impl-thread1] INFO  server.RaftServerConfigKeys (ConfUtils.java:logGet(46)) - raft.server.log.async-flush.enabled = false (default)
2023-10-17 18:45:45,115 [om1-impl-thread1] INFO  server.RaftServerConfigKeys (ConfUtils.java:logGet(46)) - raft.server.log.statemachine.data.caching.enabled = false (default)
2023-10-17 18:45:45,116 [om1-impl-thread1] INFO  segmented.SegmentedRaftLogWorker (SegmentedRaftLogWorker.java:lambda$new$0(135)) - om1@group-C5BA1605619E-SegmentedRaftLogWorker: flushIndex: setUnconditionally 0 -> -1
2023-10-17 18:45:45,116 [om1-impl-thread1] INFO  segmented.SegmentedRaftLogWorker (SegmentedRaftLogWorker.java:lambda$new$0(135)) - om1@group-C5BA1605619E-SegmentedRaftLogWorker: safeCacheEvictIndex: setUnconditionally 0 -> -1
2023-10-17 18:45:45,116 [om1-impl-thread1] INFO  server.RaftServer$Division (RaftServerImpl.java:start(342)) - om1@group-C5BA1605619E: start as a follower, conf=-1: peers:[om1|rpc:localhost:15233|priority:0|startupRole:FOLLOWER]|listeners:[], old=null
2023-10-17 18:45:45,116 [om1-impl-thread1] INFO  server.RaftServer$Division (RaftServerImpl.java:setRole(329)) - om1@group-C5BA1605619E: changes role from      null to FOLLOWER at term 0 for startAsFollower
2023-10-17 18:45:45,117 [om1-impl-thread1] INFO  impl.RoleInfo (RoleInfo.java:updateAndGet(139)) - om1: start om1@group-C5BA1605619E-FollowerState
2023-10-17 18:45:45,117 [om1@group-C5BA1605619E-FollowerState] INFO  server.RaftServerConfigKeys (ConfUtils.java:logFallback(53)) - raft.server.rpc.first-election.timeout.min = 1s (fallback to raft.server.rpc.timeout.min)
2023-10-17 18:45:45,117 [om1-impl-thread1] INFO  util.JmxRegister (JmxRegister.java:tryRegister(44)) - Successfully registered JMX Bean with object name Ratis:service=RaftServer,group=group-C5BA1605619E,id=om1
2023-10-17 18:45:45,118 [om1@group-C5BA1605619E-FollowerState] INFO  server.RaftServerConfigKeys (ConfUtils.java:logFallback(53)) - raft.server.rpc.first-election.timeout.max = 1200ms (fallback to raft.server.rpc.timeout.max)
2023-10-17 18:45:45,118 [om1-impl-thread1] INFO  server.RaftServerConfigKeys (ConfUtils.java:logGet(46)) - raft.server.snapshot.auto.trigger.enabled = true (custom)
2023-10-17 18:45:45,118 [om1-impl-thread1] INFO  server.RaftServerConfigKeys (ConfUtils.java:logGet(46)) - raft.server.snapshot.auto.trigger.threshold = 400000 (default)
2023-10-17 18:45:45,119 [om1-impl-thread1] INFO  server.RaftServerConfigKeys (ConfUtils.java:logGet(46)) - raft.server.snapshot.retention.file.num = -1 (default)
2023-10-17 18:45:45,119 [om1-impl-thread1] INFO  server.RaftServerConfigKeys (ConfUtils.java:logGet(46)) - raft.server.log.purge.upto.snapshot.index = true (custom)
2023-10-17 18:45:45,119 [Time-limited test] INFO  server.RaftServer (RaftServerProxy.java:startImpl(400)) - om1: start RPC server
2023-10-17 18:45:45,120 [Time-limited test] INFO  server.GrpcService (GrpcService.java:startImpl(302)) - om1: GrpcService started, listening on 15233
2023-10-17 18:45:45,120 [JvmPauseMonitor38] INFO  util.JvmPauseMonitor (JvmPauseMonitor.java:run(103)) - JvmPauseMonitor-om1: Started
2023-10-17 18:45:45,120 [Time-limited test] INFO  om.OzoneManager (OzoneManager.java:start(1651)) - Version File has different layout version (6) than OM DB (null). That is expected if this OM has never been finalized to a newer layout version.
2023-10-17 18:45:45,129 [Time-limited test] INFO  http.BaseHttpServer (BaseHttpServer.java:newHttpServer2BuilderForOzone(223)) - Starting Web-server for ozoneManager at: http://0.0.0.0:15231
2023-10-17 18:45:45,129 [Time-limited test] INFO  http.BaseHttpServer (BaseHttpServer.java:<init>(110)) - Hadoop Security Enabled: false Ozone Security Enabled: false Ozone HTTP Security Enabled: false 
2023-10-17 18:45:45,130 [Time-limited test] WARN  server.AuthenticationFilter (AuthenticationFilter.java:constructSecretProvider(240)) - Unable to initialize FileSignerSecretProvider, falling back to use random secrets. Reason: Could not read signature secret file: /home/runner/hadoop-http-auth-signature-secret
2023-10-17 18:45:45,131 [Time-limited test] INFO  http.HttpRequestLog (HttpRequestLog.java:getRequestLog(86)) - Http request log for http.requests.ozoneManager is not defined
2023-10-17 18:45:45,133 [Time-limited test] INFO  http.HttpServer2 (HttpServer2.java:addGlobalFilter(1031)) - Added global filter 'safety' (class=org.apache.hadoop.hdds.server.http.HttpServer2$QuotingInputFilter)
2023-10-17 18:45:45,134 [Time-limited test] INFO  http.HttpServer2 (HttpServer2.java:addFilter(1007)) - Added filter static_user_filter (class=org.apache.hadoop.http.lib.StaticUserWebFilter$StaticUserFilter) to context ozoneManager
2023-10-17 18:45:45,134 [Time-limited test] INFO  http.HttpServer2 (HttpServer2.java:addFilter(1015)) - Added filter static_user_filter (class=org.apache.hadoop.http.lib.StaticUserWebFilter$StaticUserFilter) to context logs
2023-10-17 18:45:45,134 [Time-limited test] INFO  http.HttpServer2 (HttpServer2.java:addFilter(1015)) - Added filter static_user_filter (class=org.apache.hadoop.http.lib.StaticUserWebFilter$StaticUserFilter) to context static
2023-10-17 18:45:45,134 [Time-limited test] INFO  http.BaseHttpServer (BaseHttpServer.java:<init>(189)) - HTTP server of ozoneManager uses base directory /home/runner/work/ozone/ozone/hadoop-ozone/integration-test/target/test-dir/MiniOzoneClusterImpl-1ddacd7d-4aab-443e-9cce-7616e57ab4b1/ozone-meta/webserver
2023-10-17 18:45:45,135 [Time-limited test] INFO  http.HttpServer2 (HttpServer2.java:bindListener(1231)) - Jetty bound to port 15231
2023-10-17 18:45:45,135 [Time-limited test] INFO  server.Server (Server.java:doStart(375)) - jetty-9.4.53.v20231009; built: 2023-10-09T12:29:09.265Z; git: 27bde00a0b95a1d5bbee0eae7984f891d2d0f8c9; jvm 1.8.0_382-b05
2023-10-17 18:45:45,136 [Time-limited test] INFO  server.session (DefaultSessionIdManager.java:doStart(334)) - DefaultSessionIdManager workerName=node0
2023-10-17 18:45:45,136 [Time-limited test] INFO  server.session (DefaultSessionIdManager.java:doStart(339)) - No SessionScavenger set, using defaults
2023-10-17 18:45:45,136 [Time-limited test] INFO  server.session (HouseKeeper.java:startScavenging(132)) - node0 Scavenging every 660000ms
2023-10-17 18:45:45,136 [Time-limited test] INFO  handler.ContextHandler (ContextHandler.java:doStart(921)) - Started o.e.j.s.ServletContextHandler@4c6fb09b{logs,/logs,file:///home/runner/work/ozone/ozone/hadoop-ozone/integration-test/target/log,AVAILABLE}
2023-10-17 18:45:45,137 [Time-limited test] INFO  handler.ContextHandler (ContextHandler.java:doStart(921)) - Started o.e.j.s.ServletContextHandler@7876f3c8{static,/static,file:///home/runner/work/ozone/ozone/hadoop-ozone/integration-test/target/test-classes/webapps/static,AVAILABLE}
2023-10-17 18:45:45,139 [Time-limited test] INFO  handler.ContextHandler (ContextHandler.java:doStart(921)) - Started o.e.j.w.WebAppContext@16d1faa{ozoneManager,/,file:///home/runner/work/ozone/ozone/hadoop-ozone/integration-test/target/test-classes/webapps/ozoneManager/,AVAILABLE}{file:/home/runner/work/ozone/ozone/hadoop-ozone/integration-test/target/test-classes/webapps/ozoneManager}
2023-10-17 18:45:45,141 [Time-limited test] INFO  server.AbstractConnector (AbstractConnector.java:doStart(333)) - Started ServerConnector@6dc4e192{HTTP/1.1, (http/1.1)}{0.0.0.0:15231}
2023-10-17 18:45:45,141 [Time-limited test] INFO  server.Server (Server.java:doStart(415)) - Started @205855ms
2023-10-17 18:45:45,141 [Time-limited test] WARN  impl.MetricsSystemImpl (MetricsSystemImpl.java:register(279)) - Sink prometheus already exists!
2023-10-17 18:45:45,142 [Time-limited test] INFO  http.BaseHttpServer (BaseHttpServer.java:updateConnectorAddress(354)) - HTTP server of ozoneManager listening at http://0.0.0.0:15231
2023-10-17 18:45:45,142 [IPC Server Responder] INFO  ipc.Server (Server.java:run(1562)) - IPC Server Responder: starting
2023-10-17 18:45:45,142 [IPC Server listener on 15230] INFO  ipc.Server (Server.java:run(1402)) - IPC Server listener on 15230: starting
2023-10-17 18:45:45,144 [Time-limited test] INFO  om.OzoneManager (OzoneManager.java:startTrashEmptier(2100)) - Trash Interval set to 0. Files deleted won't move to trash
2023-10-17 18:45:45,158 [Time-limited test] WARN  impl.MetricRegistriesImpl (MetricRegistriesImpl.java:addReporterRegistration(111)) - New reporters are added after registries were created. Some metrics will be missing from the reporter. Please add reporter before adding any new registry.
2023-10-17 18:45:45,158 [Time-limited test] WARN  impl.MetricRegistriesImpl (MetricRegistriesImpl.java:addReporterRegistration(111)) - New reporters are added after registries were created. Some metrics will be missing from the reporter. Please add reporter before adding any new registry.
2023-10-17 18:45:45,158 [Time-limited test] INFO  impl.MetricsSystemImpl (MetricsSystemImpl.java:init(158)) - HddsDatanode metrics system started (again)
2023-10-17 18:45:45,172 [Time-limited test] INFO  ozone.HddsDatanodeService (HddsDatanodeService.java:start(240)) - HddsDatanodeService host:fv-az189-115 ip:10.1.0.25
2023-10-17 18:45:45,190 [Time-limited test] INFO  upgrade.AbstractLayoutVersionManager (AbstractLayoutVersionManager.java:init(83)) - Initializing Layout version manager with metadata layout = HADOOP_PRC_PORTS_IN_DATANODEDETAILS (version = 7), software layout = HADOOP_PRC_PORTS_IN_DATANODEDETAILS (version = 7)
2023-10-17 18:45:45,190 [Time-limited test] INFO  statemachine.DatanodeStateMachine (DatanodeStateMachine.java:getEndPointTaskThreadPoolSize(290)) - Datanode State Machine Task Thread Pool size 2
2023-10-17 18:45:45,193 [Time-limited test] INFO  volume.HddsVolume (HddsVolume.java:<init>(126)) - Creating HddsVolume: /home/runner/work/ozone/ozone/hadoop-ozone/integration-test/target/test-dir/MiniOzoneClusterImpl-1ddacd7d-4aab-443e-9cce-7616e57ab4b1/datanode-0/data-0/containers/hdds of storage type : DISK capacity : 9223372036854775807
2023-10-17 18:45:45,193 [Time-limited test] INFO  volume.MutableVolumeSet (MutableVolumeSet.java:initializeVolumeSet(173)) - Added Volume : /home/runner/work/ozone/ozone/hadoop-ozone/integration-test/target/test-dir/MiniOzoneClusterImpl-1ddacd7d-4aab-443e-9cce-7616e57ab4b1/datanode-0/data-0/containers/hdds to VolumeSet
2023-10-17 18:45:45,195 [Time-limited test] INFO  volume.MutableVolumeSet (MutableVolumeSet.java:initializeVolumeSet(173)) - Added Volume : /home/runner/work/ozone/ozone/hadoop-ozone/integration-test/target/test-dir/MiniOzoneClusterImpl-1ddacd7d-4aab-443e-9cce-7616e57ab4b1/datanode-0/data/ratis to VolumeSet
2023-10-17 18:45:45,196 [Thread-3416] INFO  ozoneimpl.ContainerReader (ContainerReader.java:readVolume(177)) - Finish verifying containers on volume /home/runner/work/ozone/ozone/hadoop-ozone/integration-test/target/test-dir/MiniOzoneClusterImpl-1ddacd7d-4aab-443e-9cce-7616e57ab4b1/datanode-0/data-0/containers/hdds
2023-10-17 18:45:45,196 [Time-limited test] INFO  ozoneimpl.OzoneContainer (OzoneContainer.java:buildContainerSet(316)) - Build ContainerSet costs 0s
2023-10-17 18:45:45,197 [Time-limited test] INFO  server.RaftServer (ConfUtils.java:logGet(46)) - raft.rpc.type = GRPC (default)
2023-10-17 18:45:45,198 [Time-limited test] INFO  grpc.GrpcConfigKeys (ConfUtils.java:logFallback(53)) - raft.grpc.admin.host = null (fallback to raft.grpc.server.host)
2023-10-17 18:45:45,198 [Time-limited test] INFO  grpc.GrpcConfigKeys (ConfUtils.java:logGet(46)) - raft.grpc.admin.port = 15239 (custom)
2023-10-17 18:45:45,198 [Time-limited test] INFO  grpc.GrpcConfigKeys (ConfUtils.java:logFallback(53)) - raft.grpc.client.host = null (fallback to raft.grpc.server.host)
2023-10-17 18:45:45,198 [Time-limited test] INFO  grpc.GrpcConfigKeys (ConfUtils.java:logGet(46)) - raft.grpc.client.port = 15238 (custom)
2023-10-17 18:45:45,198 [Time-limited test] INFO  grpc.GrpcConfigKeys (ConfUtils.java:logGet(46)) - raft.grpc.server.host = null (default)
2023-10-17 18:45:45,198 [Time-limited test] INFO  grpc.GrpcConfigKeys (ConfUtils.java:logGet(46)) - raft.grpc.server.port = 15240 (custom)
2023-10-17 18:45:45,198 [Time-limited test] INFO  server.GrpcService (ConfUtils.java:logGet(46)) - raft.grpc.message.size.max = 32MB (=33554432) (custom)
2023-10-17 18:45:45,198 [Time-limited test] INFO  server.RaftServerConfigKeys (ConfUtils.java:logGet(46)) - raft.server.log.appender.buffer.byte-limit = 33554432 (custom)
2023-10-17 18:45:45,198 [Time-limited test] INFO  server.GrpcService (ConfUtils.java:logGet(46)) - raft.grpc.flow.control.window = 5MB (=5242880) (custom)
2023-10-17 18:45:45,198 [Time-limited test] INFO  server.RaftServerConfigKeys (ConfUtils.java:logGet(46)) - raft.server.rpc.request.timeout = 60s (custom)
2023-10-17 18:45:45,198 [Time-limited test] INFO  grpc.GrpcConfigKeys (ConfUtils.java:logGet(46)) - raft.grpc.server.heartbeat.channel = true (default)
2023-10-17 18:45:45,198 [Time-limited test] INFO  grpc.GrpcConfigKeys (ConfUtils.java:logGet(46)) - raft.grpc.server.async.request.thread.pool.cached = true (default)
2023-10-17 18:45:45,198 [Time-limited test] INFO  grpc.GrpcConfigKeys (ConfUtils.java:logGet(46)) - raft.grpc.server.async.request.thread.pool.size = 32 (default)
2023-10-17 18:45:45,201 [Time-limited test] INFO  impl.DataStreamServerImpl (ConfUtils.java:logGet(46)) - raft.datastream.type = NETTY (custom)
2023-10-17 18:45:45,201 [Time-limited test] INFO  server.RaftServerConfigKeys (ConfUtils.java:logGet(46)) - raft.server.data-stream.async.request.thread.pool.cached = false (default)
2023-10-17 18:45:45,201 [Time-limited test] INFO  server.RaftServerConfigKeys (ConfUtils.java:logGet(46)) - raft.server.data-stream.async.request.thread.pool.size = 20 (custom)
2023-10-17 18:45:45,201 [Time-limited test] INFO  server.RaftServerConfigKeys (ConfUtils.java:logGet(46)) - raft.server.data-stream.async.write.thread.pool.size = 16 (default)
2023-10-17 18:45:45,201 [Time-limited test] INFO  server.RaftServerConfigKeys (ConfUtils.java:logGet(46)) - raft.server.data-stream.client.pool.size = 10 (default)
2023-10-17 18:45:45,201 [Time-limited test] INFO  netty.NettyConfigKeys$DataStream (ConfUtils.java:logGet(46)) - raft.netty.dataStream.server.use-epoll = false (default)
2023-10-17 18:45:45,201 [Time-limited test] INFO  netty.NettyConfigKeys$DataStream (ConfUtils.java:logGet(46)) - raft.netty.dataStream.server.boss-group.size = 0 (default)
2023-10-17 18:45:45,201 [Time-limited test] INFO  netty.NettyConfigKeys$DataStream (ConfUtils.java:logGet(46)) - raft.netty.dataStream.server.worker-group.size = 0 (default)
2023-10-17 18:45:45,202 [Time-limited test] INFO  netty.NettyConfigKeys$DataStream (ConfUtils.java:logGet(46)) - raft.netty.dataStream.server.tls.conf = null (default)
2023-10-17 18:45:45,202 [Time-limited test] INFO  netty.NettyConfigKeys$DataStream (ConfUtils.java:logGet(46)) - raft.netty.dataStream.host = null (default)
2023-10-17 18:45:45,202 [Time-limited test] INFO  netty.NettyConfigKeys$DataStream (ConfUtils.java:logGet(46)) - raft.netty.dataStream.port = 15241 (custom)
2023-10-17 18:45:45,202 [Time-limited test] INFO  server.RaftServerConfigKeys (ConfUtils.java:logGet(46)) - raft.server.threadpool.proxy.cached = true (default)
2023-10-17 18:45:45,202 [Time-limited test] INFO  server.RaftServerConfigKeys (ConfUtils.java:logGet(46)) - raft.server.threadpool.proxy.size = 0 (default)
2023-10-17 18:45:45,202 [Time-limited test] INFO  server.RaftServerConfigKeys (ConfUtils.java:logGet(46)) - raft.server.rpc.slowness.timeout = 300s (custom)
2023-10-17 18:45:45,203 [Time-limited test] INFO  server.RaftServerConfigKeys (ConfUtils.java:logGet(46)) - raft.server.leaderelection.leader.step-down.wait-time = 10s (default)
2023-10-17 18:45:45,203 [Time-limited test] INFO  server.RaftServerConfigKeys (ConfUtils.java:logGet(46)) - raft.server.storage.dir = [/home/runner/work/ozone/ozone/hadoop-ozone/integration-test/target/test-dir/MiniOzoneClusterImpl-1ddacd7d-4aab-443e-9cce-7616e57ab4b1/datanode-0/data/ratis] (custom)
2023-10-17 18:45:45,204 [6484543a-767b-4be3-933a-0df7ebf5f58a-NettyServerStreamRpc-bossGroup--thread1] INFO  logging.LoggingHandler (AbstractInternalLogger.java:log(148)) - [id: 0x0c8e26dd] REGISTERED
2023-10-17 18:45:45,204 [6484543a-767b-4be3-933a-0df7ebf5f58a-NettyServerStreamRpc-bossGroup--thread1] INFO  logging.LoggingHandler (AbstractInternalLogger.java:log(148)) - [id: 0x0c8e26dd] BIND: 0.0.0.0/0.0.0.0:15241
2023-10-17 18:45:45,204 [6484543a-767b-4be3-933a-0df7ebf5f58a-NettyServerStreamRpc-bossGroup--thread1] INFO  logging.LoggingHandler (AbstractInternalLogger.java:log(148)) - [id: 0x0c8e26dd, L:/0:0:0:0:0:0:0:0:15241] ACTIVE
2023-10-17 18:45:45,206 [6484543a-767b-4be3-933a-0df7ebf5f58a-impl-thread1] INFO  server.RaftServer (RaftServerProxy.java:initGroupDir(258)) - 6484543a-767b-4be3-933a-0df7ebf5f58a: found a subdirectory /home/runner/work/ozone/ozone/hadoop-ozone/integration-test/target/test-dir/MiniOzoneClusterImpl-1ddacd7d-4aab-443e-9cce-7616e57ab4b1/datanode-0/data/ratis/tmp
2023-10-17 18:45:45,206 [6484543a-767b-4be3-933a-0df7ebf5f58a-impl-thread1] INFO  server.RaftServer (RaftServerProxy.java:initGroupDir(263)) - 6484543a-767b-4be3-933a-0df7ebf5f58a: The directory /home/runner/work/ozone/ozone/hadoop-ozone/integration-test/target/test-dir/MiniOzoneClusterImpl-1ddacd7d-4aab-443e-9cce-7616e57ab4b1/datanode-0/data/ratis/tmp is not a group directory; ignoring it. 
2023-10-17 18:45:45,206 [Time-limited test] INFO  replication.ReplicationServer (ReplicationServer.java:<init>(83)) - Initializing replication server with thread count = 10 queue length = 4096
2023-10-17 18:45:45,207 [Time-limited test] INFO  server.XceiverServerGrpc (XceiverServerGrpc.java:<init>(132)) - GrpcServer channel type EpollServerSocketChannel
2023-10-17 18:45:45,209 [Time-limited test] INFO  replication.ReplicationSupervisor (ReplicationSupervisor.java:build(155)) - Initializing replication supervisor with thread count = 10
2023-10-17 18:45:45,209 [Time-limited test] INFO  replication.ReplicationSupervisor (ReplicationSupervisor.java:nodeStateUpdated(307)) - Node state updated to IN_SERVICE, scaling executor pool size to 10
2023-10-17 18:45:45,211 [Time-limited test] INFO  http.BaseHttpServer (BaseHttpServer.java:newHttpServer2BuilderForOzone(223)) - Starting Web-server for hddsDatanode at: http://0.0.0.0:15235
2023-10-17 18:45:45,211 [Time-limited test] INFO  http.BaseHttpServer (BaseHttpServer.java:<init>(110)) - Hadoop Security Enabled: false Ozone Security Enabled: false Ozone HTTP Security Enabled: false 
2023-10-17 18:45:45,213 [Time-limited test] WARN  server.AuthenticationFilter (AuthenticationFilter.java:constructSecretProvider(240)) - Unable to initialize FileSignerSecretProvider, falling back to use random secrets. Reason: Could not read signature secret file: /home/runner/hadoop-http-auth-signature-secret
2023-10-17 18:45:45,218 [Time-limited test] INFO  http.HttpRequestLog (HttpRequestLog.java:getRequestLog(86)) - Http request log for http.requests.hddsDatanode is not defined
2023-10-17 18:45:45,219 [Time-limited test] INFO  http.HttpServer2 (HttpServer2.java:addGlobalFilter(1031)) - Added global filter 'safety' (class=org.apache.hadoop.hdds.server.http.HttpServer2$QuotingInputFilter)
2023-10-17 18:45:45,219 [Time-limited test] INFO  http.HttpServer2 (HttpServer2.java:addFilter(1007)) - Added filter static_user_filter (class=org.apache.hadoop.http.lib.StaticUserWebFilter$StaticUserFilter) to context hddsDatanode
2023-10-17 18:45:45,219 [Time-limited test] INFO  http.HttpServer2 (HttpServer2.java:addFilter(1015)) - Added filter static_user_filter (class=org.apache.hadoop.http.lib.StaticUserWebFilter$StaticUserFilter) to context logs
2023-10-17 18:45:45,219 [Time-limited test] INFO  http.HttpServer2 (HttpServer2.java:addFilter(1015)) - Added filter static_user_filter (class=org.apache.hadoop.http.lib.StaticUserWebFilter$StaticUserFilter) to context static
2023-10-17 18:45:45,220 [Time-limited test] INFO  http.BaseHttpServer (BaseHttpServer.java:<init>(189)) - HTTP server of hddsDatanode uses base directory /home/runner/work/ozone/ozone/hadoop-ozone/integration-test/target/test-dir/MiniOzoneClusterImpl-1ddacd7d-4aab-443e-9cce-7616e57ab4b1/datanode-0/meta/webserver
2023-10-17 18:45:45,220 [Time-limited test] INFO  http.HttpServer2 (HttpServer2.java:bindListener(1231)) - Jetty bound to port 15235
2023-10-17 18:45:45,220 [Time-limited test] INFO  server.Server (Server.java:doStart(375)) - jetty-9.4.53.v20231009; built: 2023-10-09T12:29:09.265Z; git: 27bde00a0b95a1d5bbee0eae7984f891d2d0f8c9; jvm 1.8.0_382-b05
2023-10-17 18:45:45,225 [Time-limited test] INFO  server.session (DefaultSessionIdManager.java:doStart(334)) - DefaultSessionIdManager workerName=node0
2023-10-17 18:45:45,225 [Time-limited test] INFO  server.session (DefaultSessionIdManager.java:doStart(339)) - No SessionScavenger set, using defaults
2023-10-17 18:45:45,225 [Time-limited test] INFO  server.session (HouseKeeper.java:startScavenging(132)) - node0 Scavenging every 600000ms
2023-10-17 18:45:45,226 [Time-limited test] INFO  handler.ContextHandler (ContextHandler.java:doStart(921)) - Started o.e.j.s.ServletContextHandler@1c999f70{logs,/logs,file:///home/runner/work/ozone/ozone/hadoop-ozone/integration-test/target/log,AVAILABLE}
2023-10-17 18:45:45,226 [Time-limited test] INFO  handler.ContextHandler (ContextHandler.java:doStart(921)) - Started o.e.j.s.ServletContextHandler@707b0d00{static,/static,jar:file:/home/runner/.m2/repository/org/apache/ozone/hdds-container-service/1.4.0-SNAPSHOT/hdds-container-service-1.4.0-SNAPSHOT.jar!/webapps/static,AVAILABLE}
2023-10-17 18:45:45,420 [Time-limited test] INFO  handler.ContextHandler (ContextHandler.java:doStart(921)) - Started o.e.j.w.WebAppContext@734cf732{hddsDatanode,/,file:///home/runner/work/ozone/ozone/hadoop-ozone/integration-test/target/test-dir/MiniOzoneClusterImpl-1ddacd7d-4aab-443e-9cce-7616e57ab4b1/datanode-0/meta/webserver/jetty-0_0_0_0-15235-hdds-container-service-1_4_0-SNAPSHOT_jar-_-any-979167326215269433/webapp/,AVAILABLE}{jar:file:/home/runner/.m2/repository/org/apache/ozone/hdds-container-service/1.4.0-SNAPSHOT/hdds-container-service-1.4.0-SNAPSHOT.jar!/webapps/hddsDatanode}
2023-10-17 18:45:45,421 [Time-limited test] INFO  server.AbstractConnector (AbstractConnector.java:doStart(333)) - Started ServerConnector@5ac06d35{HTTP/1.1, (http/1.1)}{0.0.0.0:15235}
2023-10-17 18:45:45,421 [Time-limited test] INFO  server.Server (Server.java:doStart(415)) - Started @206136ms
2023-10-17 18:45:45,421 [Time-limited test] WARN  impl.MetricsSystemImpl (MetricsSystemImpl.java:register(279)) - Sink prometheus already exists!
2023-10-17 18:45:45,422 [Time-limited test] INFO  http.BaseHttpServer (BaseHttpServer.java:updateConnectorAddress(354)) - HTTP server of hddsDatanode listening at http://0.0.0.0:15235
2023-10-17 18:45:45,422 [Time-limited test] INFO  ipc.CallQueueManager (CallQueueManager.java:<init>(90)) - Using callQueue: class java.util.concurrent.LinkedBlockingQueue, queueCapacity: 100, scheduler: class org.apache.hadoop.ipc.DefaultRpcScheduler, ipcBackoff: false.
2023-10-17 18:45:45,422 [Time-limited test] INFO  ipc.Server (Server.java:<init>(1287)) - Listener at 0.0.0.0:15236
2023-10-17 18:45:45,423 [Socket Reader #1 for port 15236] INFO  ipc.Server (Server.java:run(1323)) - Starting Socket Reader #1 for port 15236
2023-10-17 18:45:45,430 [Time-limited test] INFO  ozone.HddsDatanodeService (HddsDatanodeService.java:start(325)) - Datanode start with admins: [runner]
2023-10-17 18:45:45,430 [Time-limited test] INFO  ozone.HddsDatanodeClientProtocolServer (HddsDatanodeClientProtocolServer.java:start(72)) - RPC server for Client /0.0.0.0:15236
2023-10-17 18:45:45,434 [IPC Server Responder] INFO  ipc.Server (Server.java:run(1562)) - IPC Server Responder: starting
2023-10-17 18:45:45,434 [IPC Server listener on 15236] INFO  ipc.Server (Server.java:run(1402)) - IPC Server listener on 15236: starting
2023-10-17 18:45:45,435 [Time-limited test] WARN  impl.MetricRegistriesImpl (MetricRegistriesImpl.java:addReporterRegistration(111)) - New reporters are added after registries were created. Some metrics will be missing from the reporter. Please add reporter before adding any new registry.
2023-10-17 18:45:45,435 [Time-limited test] WARN  impl.MetricRegistriesImpl (MetricRegistriesImpl.java:addReporterRegistration(111)) - New reporters are added after registries were created. Some metrics will be missing from the reporter. Please add reporter before adding any new registry.
2023-10-17 18:45:45,435 [Time-limited test] INFO  impl.MetricsSystemImpl (MetricsSystemImpl.java:init(158)) - HddsDatanode metrics system started (again)
2023-10-17 18:45:45,443 [Datanode State Machine Daemon Thread] INFO  statemachine.DatanodeStateMachine (DatanodeStateMachine.java:lambda$startDaemon$1(546)) - Ozone container server started.
2023-10-17 18:45:45,461 [Time-limited test] INFO  ozone.HddsDatanodeService (HddsDatanodeService.java:start(240)) - HddsDatanodeService host:fv-az189-115 ip:10.1.0.25
2023-10-17 18:45:45,466 [Datanode State Machine Task Thread - 0] INFO  datanode.InitDatanodeState (InitDatanodeState.java:persistContainerDatanodeDetails(138)) - DatanodeDetails is persisted to /home/runner/work/ozone/ozone/hadoop-ozone/integration-test/target/test-dir/MiniOzoneClusterImpl-1ddacd7d-4aab-443e-9cce-7616e57ab4b1/datanode-0/meta/datanode.id
2023-10-17 18:45:45,488 [Time-limited test] INFO  upgrade.AbstractLayoutVersionManager (AbstractLayoutVersionManager.java:init(83)) - Initializing Layout version manager with metadata layout = HADOOP_PRC_PORTS_IN_DATANODEDETAILS (version = 7), software layout = HADOOP_PRC_PORTS_IN_DATANODEDETAILS (version = 7)
2023-10-17 18:45:45,489 [Time-limited test] INFO  statemachine.DatanodeStateMachine (DatanodeStateMachine.java:getEndPointTaskThreadPoolSize(290)) - Datanode State Machine Task Thread Pool size 2
2023-10-17 18:45:45,490 [Time-limited test] INFO  volume.HddsVolume (HddsVolume.java:<init>(126)) - Creating HddsVolume: /home/runner/work/ozone/ozone/hadoop-ozone/integration-test/target/test-dir/MiniOzoneClusterImpl-1ddacd7d-4aab-443e-9cce-7616e57ab4b1/datanode-1/data-0/containers/hdds of storage type : DISK capacity : 9223372036854775807
2023-10-17 18:45:45,490 [Time-limited test] INFO  volume.MutableVolumeSet (MutableVolumeSet.java:initializeVolumeSet(173)) - Added Volume : /home/runner/work/ozone/ozone/hadoop-ozone/integration-test/target/test-dir/MiniOzoneClusterImpl-1ddacd7d-4aab-443e-9cce-7616e57ab4b1/datanode-1/data-0/containers/hdds to VolumeSet
2023-10-17 18:45:45,491 [Time-limited test] INFO  volume.MutableVolumeSet (MutableVolumeSet.java:initializeVolumeSet(173)) - Added Volume : /home/runner/work/ozone/ozone/hadoop-ozone/integration-test/target/test-dir/MiniOzoneClusterImpl-1ddacd7d-4aab-443e-9cce-7616e57ab4b1/datanode-1/data/ratis to VolumeSet
2023-10-17 18:45:45,492 [Thread-3433] INFO  ozoneimpl.ContainerReader (ContainerReader.java:readVolume(177)) - Finish verifying containers on volume /home/runner/work/ozone/ozone/hadoop-ozone/integration-test/target/test-dir/MiniOzoneClusterImpl-1ddacd7d-4aab-443e-9cce-7616e57ab4b1/datanode-1/data-0/containers/hdds
2023-10-17 18:45:45,492 [Time-limited test] INFO  ozoneimpl.OzoneContainer (OzoneContainer.java:buildContainerSet(316)) - Build ContainerSet costs 0s
2023-10-17 18:45:45,494 [Time-limited test] INFO  server.RaftServer (ConfUtils.java:logGet(46)) - raft.rpc.type = GRPC (default)
2023-10-17 18:45:45,494 [Time-limited test] INFO  grpc.GrpcConfigKeys (ConfUtils.java:logFallback(53)) - raft.grpc.admin.host = null (fallback to raft.grpc.server.host)
2023-10-17 18:45:45,494 [Time-limited test] INFO  grpc.GrpcConfigKeys (ConfUtils.java:logGet(46)) - raft.grpc.admin.port = 15248 (custom)
2023-10-17 18:45:45,494 [Time-limited test] INFO  grpc.GrpcConfigKeys (ConfUtils.java:logFallback(53)) - raft.grpc.client.host = null (fallback to raft.grpc.server.host)
2023-10-17 18:45:45,494 [Time-limited test] INFO  grpc.GrpcConfigKeys (ConfUtils.java:logGet(46)) - raft.grpc.client.port = 15247 (custom)
2023-10-17 18:45:45,494 [Time-limited test] INFO  grpc.GrpcConfigKeys (ConfUtils.java:logGet(46)) - raft.grpc.server.host = null (default)
2023-10-17 18:45:45,494 [Time-limited test] INFO  grpc.GrpcConfigKeys (ConfUtils.java:logGet(46)) - raft.grpc.server.port = 15249 (custom)
2023-10-17 18:45:45,495 [Time-limited test] INFO  server.GrpcService (ConfUtils.java:logGet(46)) - raft.grpc.message.size.max = 32MB (=33554432) (custom)
2023-10-17 18:45:45,495 [Time-limited test] INFO  server.RaftServerConfigKeys (ConfUtils.java:logGet(46)) - raft.server.log.appender.buffer.byte-limit = 33554432 (custom)
2023-10-17 18:45:45,495 [Time-limited test] INFO  server.GrpcService (ConfUtils.java:logGet(46)) - raft.grpc.flow.control.window = 5MB (=5242880) (custom)
2023-10-17 18:45:45,495 [Time-limited test] INFO  server.RaftServerConfigKeys (ConfUtils.java:logGet(46)) - raft.server.rpc.request.timeout = 60s (custom)
2023-10-17 18:45:45,495 [Time-limited test] INFO  grpc.GrpcConfigKeys (ConfUtils.java:logGet(46)) - raft.grpc.server.heartbeat.channel = true (default)
2023-10-17 18:45:45,495 [Time-limited test] INFO  grpc.GrpcConfigKeys (ConfUtils.java:logGet(46)) - raft.grpc.server.async.request.thread.pool.cached = true (default)
2023-10-17 18:45:45,495 [Time-limited test] INFO  grpc.GrpcConfigKeys (ConfUtils.java:logGet(46)) - raft.grpc.server.async.request.thread.pool.size = 32 (default)
2023-10-17 18:45:45,498 [Time-limited test] INFO  impl.DataStreamServerImpl (ConfUtils.java:logGet(46)) - raft.datastream.type = NETTY (custom)
2023-10-17 18:45:45,498 [Time-limited test] INFO  server.RaftServerConfigKeys (ConfUtils.java:logGet(46)) - raft.server.data-stream.async.request.thread.pool.cached = false (default)
2023-10-17 18:45:45,498 [Time-limited test] INFO  server.RaftServerConfigKeys (ConfUtils.java:logGet(46)) - raft.server.data-stream.async.request.thread.pool.size = 20 (custom)
2023-10-17 18:45:45,498 [Time-limited test] INFO  server.RaftServerConfigKeys (ConfUtils.java:logGet(46)) - raft.server.data-stream.async.write.thread.pool.size = 16 (default)
2023-10-17 18:45:45,498 [Time-limited test] INFO  server.RaftServerConfigKeys (ConfUtils.java:logGet(46)) - raft.server.data-stream.client.pool.size = 10 (default)
2023-10-17 18:45:45,498 [Time-limited test] INFO  netty.NettyConfigKeys$DataStream (ConfUtils.java:logGet(46)) - raft.netty.dataStream.server.use-epoll = false (default)
2023-10-17 18:45:45,498 [Time-limited test] INFO  netty.NettyConfigKeys$DataStream (ConfUtils.java:logGet(46)) - raft.netty.dataStream.server.boss-group.size = 0 (default)
2023-10-17 18:45:45,499 [Time-limited test] INFO  netty.NettyConfigKeys$DataStream (ConfUtils.java:logGet(46)) - raft.netty.dataStream.server.worker-group.size = 0 (default)
2023-10-17 18:45:45,499 [Time-limited test] INFO  netty.NettyConfigKeys$DataStream (ConfUtils.java:logGet(46)) - raft.netty.dataStream.server.tls.conf = null (default)
2023-10-17 18:45:45,499 [Time-limited test] INFO  netty.NettyConfigKeys$DataStream (ConfUtils.java:logGet(46)) - raft.netty.dataStream.host = null (default)
2023-10-17 18:45:45,499 [Time-limited test] INFO  netty.NettyConfigKeys$DataStream (ConfUtils.java:logGet(46)) - raft.netty.dataStream.port = 15250 (custom)
2023-10-17 18:45:45,500 [Time-limited test] INFO  server.RaftServerConfigKeys (ConfUtils.java:logGet(46)) - raft.server.threadpool.proxy.cached = true (default)
2023-10-17 18:45:45,500 [Time-limited test] INFO  server.RaftServerConfigKeys (ConfUtils.java:logGet(46)) - raft.server.threadpool.proxy.size = 0 (default)
2023-10-17 18:45:45,500 [Time-limited test] INFO  server.RaftServerConfigKeys (ConfUtils.java:logGet(46)) - raft.server.rpc.slowness.timeout = 300s (custom)
2023-10-17 18:45:45,500 [Time-limited test] INFO  server.RaftServerConfigKeys (ConfUtils.java:logGet(46)) - raft.server.leaderelection.leader.step-down.wait-time = 10s (default)
2023-10-17 18:45:45,500 [Time-limited test] INFO  server.RaftServerConfigKeys (ConfUtils.java:logGet(46)) - raft.server.storage.dir = [/home/runner/work/ozone/ozone/hadoop-ozone/integration-test/target/test-dir/MiniOzoneClusterImpl-1ddacd7d-4aab-443e-9cce-7616e57ab4b1/datanode-1/data/ratis] (custom)
2023-10-17 18:45:45,501 [eb2139cf-2f93-40e0-8f6b-119ef4e9cafb-impl-thread1] INFO  server.RaftServer (RaftServerProxy.java:initGroupDir(258)) - eb2139cf-2f93-40e0-8f6b-119ef4e9cafb: found a subdirectory /home/runner/work/ozone/ozone/hadoop-ozone/integration-test/target/test-dir/MiniOzoneClusterImpl-1ddacd7d-4aab-443e-9cce-7616e57ab4b1/datanode-1/data/ratis/tmp
2023-10-17 18:45:45,501 [eb2139cf-2f93-40e0-8f6b-119ef4e9cafb-NettyServerStreamRpc-bossGroup--thread1] INFO  logging.LoggingHandler (AbstractInternalLogger.java:log(148)) - [id: 0x8854fa2a] REGISTERED
2023-10-17 18:45:45,501 [eb2139cf-2f93-40e0-8f6b-119ef4e9cafb-impl-thread1] INFO  server.RaftServer (RaftServerProxy.java:initGroupDir(263)) - eb2139cf-2f93-40e0-8f6b-119ef4e9cafb: The directory /home/runner/work/ozone/ozone/hadoop-ozone/integration-test/target/test-dir/MiniOzoneClusterImpl-1ddacd7d-4aab-443e-9cce-7616e57ab4b1/datanode-1/data/ratis/tmp is not a group directory; ignoring it. 
2023-10-17 18:45:45,501 [eb2139cf-2f93-40e0-8f6b-119ef4e9cafb-NettyServerStreamRpc-bossGroup--thread1] INFO  logging.LoggingHandler (AbstractInternalLogger.java:log(148)) - [id: 0x8854fa2a] BIND: 0.0.0.0/0.0.0.0:15250
2023-10-17 18:45:45,501 [Time-limited test] INFO  replication.ReplicationServer (ReplicationServer.java:<init>(83)) - Initializing replication server with thread count = 10 queue length = 4096
2023-10-17 18:45:45,501 [eb2139cf-2f93-40e0-8f6b-119ef4e9cafb-NettyServerStreamRpc-bossGroup--thread1] INFO  logging.LoggingHandler (AbstractInternalLogger.java:log(148)) - [id: 0x8854fa2a, L:/0:0:0:0:0:0:0:0:15250] ACTIVE
2023-10-17 18:45:45,502 [Time-limited test] INFO  server.XceiverServerGrpc (XceiverServerGrpc.java:<init>(132)) - GrpcServer channel type EpollServerSocketChannel
2023-10-17 18:45:45,503 [Time-limited test] INFO  replication.ReplicationSupervisor (ReplicationSupervisor.java:build(155)) - Initializing replication supervisor with thread count = 10
2023-10-17 18:45:45,503 [Time-limited test] INFO  replication.ReplicationSupervisor (ReplicationSupervisor.java:nodeStateUpdated(307)) - Node state updated to IN_SERVICE, scaling executor pool size to 10
2023-10-17 18:45:45,507 [Time-limited test] INFO  http.BaseHttpServer (BaseHttpServer.java:newHttpServer2BuilderForOzone(223)) - Starting Web-server for hddsDatanode at: http://0.0.0.0:15244
2023-10-17 18:45:45,507 [Time-limited test] INFO  http.BaseHttpServer (BaseHttpServer.java:<init>(110)) - Hadoop Security Enabled: false Ozone Security Enabled: false Ozone HTTP Security Enabled: false 
2023-10-17 18:45:45,508 [Time-limited test] WARN  server.AuthenticationFilter (AuthenticationFilter.java:constructSecretProvider(240)) - Unable to initialize FileSignerSecretProvider, falling back to use random secrets. Reason: Could not read signature secret file: /home/runner/hadoop-http-auth-signature-secret
2023-10-17 18:45:45,508 [Time-limited test] INFO  http.HttpRequestLog (HttpRequestLog.java:getRequestLog(86)) - Http request log for http.requests.hddsDatanode is not defined
2023-10-17 18:45:45,509 [Time-limited test] INFO  http.HttpServer2 (HttpServer2.java:addGlobalFilter(1031)) - Added global filter 'safety' (class=org.apache.hadoop.hdds.server.http.HttpServer2$QuotingInputFilter)
2023-10-17 18:45:45,509 [Time-limited test] INFO  http.HttpServer2 (HttpServer2.java:addFilter(1007)) - Added filter static_user_filter (class=org.apache.hadoop.http.lib.StaticUserWebFilter$StaticUserFilter) to context hddsDatanode
2023-10-17 18:45:45,510 [Time-limited test] INFO  http.HttpServer2 (HttpServer2.java:addFilter(1015)) - Added filter static_user_filter (class=org.apache.hadoop.http.lib.StaticUserWebFilter$StaticUserFilter) to context static
2023-10-17 18:45:45,510 [Time-limited test] INFO  http.HttpServer2 (HttpServer2.java:addFilter(1015)) - Added filter static_user_filter (class=org.apache.hadoop.http.lib.StaticUserWebFilter$StaticUserFilter) to context logs
2023-10-17 18:45:45,510 [Time-limited test] INFO  http.BaseHttpServer (BaseHttpServer.java:<init>(189)) - HTTP server of hddsDatanode uses base directory /home/runner/work/ozone/ozone/hadoop-ozone/integration-test/target/test-dir/MiniOzoneClusterImpl-1ddacd7d-4aab-443e-9cce-7616e57ab4b1/datanode-1/meta/webserver
2023-10-17 18:45:45,510 [Time-limited test] INFO  http.HttpServer2 (HttpServer2.java:bindListener(1231)) - Jetty bound to port 15244
2023-10-17 18:45:45,510 [Time-limited test] INFO  server.Server (Server.java:doStart(375)) - jetty-9.4.53.v20231009; built: 2023-10-09T12:29:09.265Z; git: 27bde00a0b95a1d5bbee0eae7984f891d2d0f8c9; jvm 1.8.0_382-b05
2023-10-17 18:45:45,511 [Time-limited test] INFO  server.session (DefaultSessionIdManager.java:doStart(334)) - DefaultSessionIdManager workerName=node0
2023-10-17 18:45:45,511 [Time-limited test] INFO  server.session (DefaultSessionIdManager.java:doStart(339)) - No SessionScavenger set, using defaults
2023-10-17 18:45:45,512 [Time-limited test] INFO  server.session (HouseKeeper.java:startScavenging(132)) - node0 Scavenging every 660000ms
2023-10-17 18:45:45,512 [Time-limited test] INFO  handler.ContextHandler (ContextHandler.java:doStart(921)) - Started o.e.j.s.ServletContextHandler@2867482a{logs,/logs,file:///home/runner/work/ozone/ozone/hadoop-ozone/integration-test/target/log,AVAILABLE}
2023-10-17 18:45:45,512 [Time-limited test] INFO  handler.ContextHandler (ContextHandler.java:doStart(921)) - Started o.e.j.s.ServletContextHandler@46da435a{static,/static,jar:file:/home/runner/.m2/repository/org/apache/ozone/hdds-container-service/1.4.0-SNAPSHOT/hdds-container-service-1.4.0-SNAPSHOT.jar!/webapps/static,AVAILABLE}
2023-10-17 18:45:45,704 [Time-limited test] INFO  handler.ContextHandler (ContextHandler.java:doStart(921)) - Started o.e.j.w.WebAppContext@1f3b1e8d{hddsDatanode,/,file:///home/runner/work/ozone/ozone/hadoop-ozone/integration-test/target/test-dir/MiniOzoneClusterImpl-1ddacd7d-4aab-443e-9cce-7616e57ab4b1/datanode-1/meta/webserver/jetty-0_0_0_0-15244-hdds-container-service-1_4_0-SNAPSHOT_jar-_-any-3164035465936185058/webapp/,AVAILABLE}{jar:file:/home/runner/.m2/repository/org/apache/ozone/hdds-container-service/1.4.0-SNAPSHOT/hdds-container-service-1.4.0-SNAPSHOT.jar!/webapps/hddsDatanode}
2023-10-17 18:45:45,706 [Time-limited test] INFO  server.AbstractConnector (AbstractConnector.java:doStart(333)) - Started ServerConnector@758fe650{HTTP/1.1, (http/1.1)}{0.0.0.0:15244}
2023-10-17 18:45:45,706 [Time-limited test] INFO  server.Server (Server.java:doStart(415)) - Started @206420ms
2023-10-17 18:45:45,706 [Time-limited test] WARN  impl.MetricsSystemImpl (MetricsSystemImpl.java:register(279)) - Sink prometheus already exists!
2023-10-17 18:45:45,707 [Time-limited test] INFO  http.BaseHttpServer (BaseHttpServer.java:updateConnectorAddress(354)) - HTTP server of hddsDatanode listening at http://0.0.0.0:15244
2023-10-17 18:45:45,707 [Time-limited test] INFO  ipc.CallQueueManager (CallQueueManager.java:<init>(90)) - Using callQueue: class java.util.concurrent.LinkedBlockingQueue, queueCapacity: 100, scheduler: class org.apache.hadoop.ipc.DefaultRpcScheduler, ipcBackoff: false.
2023-10-17 18:45:45,707 [Time-limited test] INFO  ipc.Server (Server.java:<init>(1287)) - Listener at 0.0.0.0:15245
2023-10-17 18:45:45,708 [Socket Reader #1 for port 15245] INFO  ipc.Server (Server.java:run(1323)) - Starting Socket Reader #1 for port 15245
2023-10-17 18:45:45,711 [Time-limited test] INFO  ozone.HddsDatanodeService (HddsDatanodeService.java:start(325)) - Datanode start with admins: [runner]
2023-10-17 18:45:45,711 [Time-limited test] INFO  ozone.HddsDatanodeClientProtocolServer (HddsDatanodeClientProtocolServer.java:start(72)) - RPC server for Client /0.0.0.0:15245
2023-10-17 18:45:45,711 [IPC Server Responder] INFO  ipc.Server (Server.java:run(1562)) - IPC Server Responder: starting
2023-10-17 18:45:45,711 [IPC Server listener on 15245] INFO  ipc.Server (Server.java:run(1402)) - IPC Server listener on 15245: starting
2023-10-17 18:45:45,711 [Datanode State Machine Daemon Thread] INFO  statemachine.DatanodeStateMachine (DatanodeStateMachine.java:lambda$startDaemon$1(546)) - Ozone container server started.
2023-10-17 18:45:45,712 [Time-limited test] WARN  impl.MetricRegistriesImpl (MetricRegistriesImpl.java:addReporterRegistration(111)) - New reporters are added after registries were created. Some metrics will be missing from the reporter. Please add reporter before adding any new registry.
2023-10-17 18:45:45,712 [Time-limited test] WARN  impl.MetricRegistriesImpl (MetricRegistriesImpl.java:addReporterRegistration(111)) - New reporters are added after registries were created. Some metrics will be missing from the reporter. Please add reporter before adding any new registry.
2023-10-17 18:45:45,712 [Time-limited test] INFO  impl.MetricsSystemImpl (MetricsSystemImpl.java:init(158)) - HddsDatanode metrics system started (again)
2023-10-17 18:45:45,726 [Time-limited test] INFO  ozone.HddsDatanodeService (HddsDatanodeService.java:start(240)) - HddsDatanodeService host:fv-az189-115 ip:10.1.0.25
2023-10-17 18:45:45,743 [Datanode State Machine Task Thread - 0] INFO  datanode.InitDatanodeState (InitDatanodeState.java:persistContainerDatanodeDetails(138)) - DatanodeDetails is persisted to /home/runner/work/ozone/ozone/hadoop-ozone/integration-test/target/test-dir/MiniOzoneClusterImpl-1ddacd7d-4aab-443e-9cce-7616e57ab4b1/datanode-1/meta/datanode.id
2023-10-17 18:45:45,749 [Time-limited test] INFO  upgrade.AbstractLayoutVersionManager (AbstractLayoutVersionManager.java:init(83)) - Initializing Layout version manager with metadata layout = HADOOP_PRC_PORTS_IN_DATANODEDETAILS (version = 7), software layout = HADOOP_PRC_PORTS_IN_DATANODEDETAILS (version = 7)
2023-10-17 18:45:45,750 [Time-limited test] INFO  statemachine.DatanodeStateMachine (DatanodeStateMachine.java:getEndPointTaskThreadPoolSize(290)) - Datanode State Machine Task Thread Pool size 2
2023-10-17 18:45:45,751 [Time-limited test] INFO  volume.HddsVolume (HddsVolume.java:<init>(126)) - Creating HddsVolume: /home/runner/work/ozone/ozone/hadoop-ozone/integration-test/target/test-dir/MiniOzoneClusterImpl-1ddacd7d-4aab-443e-9cce-7616e57ab4b1/datanode-2/data-0/containers/hdds of storage type : DISK capacity : 9223372036854775807
2023-10-17 18:45:45,751 [Time-limited test] INFO  volume.MutableVolumeSet (MutableVolumeSet.java:initializeVolumeSet(173)) - Added Volume : /home/runner/work/ozone/ozone/hadoop-ozone/integration-test/target/test-dir/MiniOzoneClusterImpl-1ddacd7d-4aab-443e-9cce-7616e57ab4b1/datanode-2/data-0/containers/hdds to VolumeSet
2023-10-17 18:45:45,752 [Time-limited test] INFO  volume.MutableVolumeSet (MutableVolumeSet.java:initializeVolumeSet(173)) - Added Volume : /home/runner/work/ozone/ozone/hadoop-ozone/integration-test/target/test-dir/MiniOzoneClusterImpl-1ddacd7d-4aab-443e-9cce-7616e57ab4b1/datanode-2/data/ratis to VolumeSet
2023-10-17 18:45:45,753 [Thread-3450] INFO  ozoneimpl.ContainerReader (ContainerReader.java:readVolume(177)) - Finish verifying containers on volume /home/runner/work/ozone/ozone/hadoop-ozone/integration-test/target/test-dir/MiniOzoneClusterImpl-1ddacd7d-4aab-443e-9cce-7616e57ab4b1/datanode-2/data-0/containers/hdds
2023-10-17 18:45:45,753 [Time-limited test] INFO  ozoneimpl.OzoneContainer (OzoneContainer.java:buildContainerSet(316)) - Build ContainerSet costs 0s
2023-10-17 18:45:45,754 [Time-limited test] INFO  server.RaftServer (ConfUtils.java:logGet(46)) - raft.rpc.type = GRPC (default)
2023-10-17 18:45:45,754 [Time-limited test] INFO  grpc.GrpcConfigKeys (ConfUtils.java:logFallback(53)) - raft.grpc.admin.host = null (fallback to raft.grpc.server.host)
2023-10-17 18:45:45,754 [Time-limited test] INFO  grpc.GrpcConfigKeys (ConfUtils.java:logGet(46)) - raft.grpc.admin.port = 15257 (custom)
2023-10-17 18:45:45,754 [Time-limited test] INFO  grpc.GrpcConfigKeys (ConfUtils.java:logFallback(53)) - raft.grpc.client.host = null (fallback to raft.grpc.server.host)
2023-10-17 18:45:45,755 [Time-limited test] INFO  grpc.GrpcConfigKeys (ConfUtils.java:logGet(46)) - raft.grpc.client.port = 15256 (custom)
2023-10-17 18:45:45,755 [Time-limited test] INFO  grpc.GrpcConfigKeys (ConfUtils.java:logGet(46)) - raft.grpc.server.host = null (default)
2023-10-17 18:45:45,755 [Time-limited test] INFO  grpc.GrpcConfigKeys (ConfUtils.java:logGet(46)) - raft.grpc.server.port = 15258 (custom)
2023-10-17 18:45:45,755 [Time-limited test] INFO  server.GrpcService (ConfUtils.java:logGet(46)) - raft.grpc.message.size.max = 32MB (=33554432) (custom)
2023-10-17 18:45:45,755 [Time-limited test] INFO  server.RaftServerConfigKeys (ConfUtils.java:logGet(46)) - raft.server.log.appender.buffer.byte-limit = 33554432 (custom)
2023-10-17 18:45:45,755 [Time-limited test] INFO  server.GrpcService (ConfUtils.java:logGet(46)) - raft.grpc.flow.control.window = 5MB (=5242880) (custom)
2023-10-17 18:45:45,755 [Time-limited test] INFO  server.RaftServerConfigKeys (ConfUtils.java:logGet(46)) - raft.server.rpc.request.timeout = 60s (custom)
2023-10-17 18:45:45,755 [Time-limited test] INFO  grpc.GrpcConfigKeys (ConfUtils.java:logGet(46)) - raft.grpc.server.heartbeat.channel = true (default)
2023-10-17 18:45:45,755 [Time-limited test] INFO  grpc.GrpcConfigKeys (ConfUtils.java:logGet(46)) - raft.grpc.server.async.request.thread.pool.cached = true (default)
2023-10-17 18:45:45,755 [Time-limited test] INFO  grpc.GrpcConfigKeys (ConfUtils.java:logGet(46)) - raft.grpc.server.async.request.thread.pool.size = 32 (default)
2023-10-17 18:45:45,757 [Time-limited test] INFO  impl.DataStreamServerImpl (ConfUtils.java:logGet(46)) - raft.datastream.type = NETTY (custom)
2023-10-17 18:45:45,760 [Time-limited test] INFO  server.RaftServerConfigKeys (ConfUtils.java:logGet(46)) - raft.server.data-stream.async.request.thread.pool.cached = false (default)
2023-10-17 18:45:45,760 [Time-limited test] INFO  server.RaftServerConfigKeys (ConfUtils.java:logGet(46)) - raft.server.data-stream.async.request.thread.pool.size = 20 (custom)
2023-10-17 18:45:45,760 [Time-limited test] INFO  server.RaftServerConfigKeys (ConfUtils.java:logGet(46)) - raft.server.data-stream.async.write.thread.pool.size = 16 (default)
2023-10-17 18:45:45,761 [Time-limited test] INFO  server.RaftServerConfigKeys (ConfUtils.java:logGet(46)) - raft.server.data-stream.client.pool.size = 10 (default)
2023-10-17 18:45:45,761 [Time-limited test] INFO  netty.NettyConfigKeys$DataStream (ConfUtils.java:logGet(46)) - raft.netty.dataStream.server.use-epoll = false (default)
2023-10-17 18:45:45,761 [Time-limited test] INFO  netty.NettyConfigKeys$DataStream (ConfUtils.java:logGet(46)) - raft.netty.dataStream.server.boss-group.size = 0 (default)
2023-10-17 18:45:45,761 [Time-limited test] INFO  netty.NettyConfigKeys$DataStream (ConfUtils.java:logGet(46)) - raft.netty.dataStream.server.worker-group.size = 0 (default)
2023-10-17 18:45:45,762 [Time-limited test] INFO  netty.NettyConfigKeys$DataStream (ConfUtils.java:logGet(46)) - raft.netty.dataStream.server.tls.conf = null (default)
2023-10-17 18:45:45,763 [Time-limited test] INFO  netty.NettyConfigKeys$DataStream (ConfUtils.java:logGet(46)) - raft.netty.dataStream.host = null (default)
2023-10-17 18:45:45,763 [Time-limited test] INFO  netty.NettyConfigKeys$DataStream (ConfUtils.java:logGet(46)) - raft.netty.dataStream.port = 15259 (custom)
2023-10-17 18:45:45,763 [Time-limited test] INFO  server.RaftServerConfigKeys (ConfUtils.java:logGet(46)) - raft.server.threadpool.proxy.cached = true (default)
2023-10-17 18:45:45,763 [Time-limited test] INFO  server.RaftServerConfigKeys (ConfUtils.java:logGet(46)) - raft.server.threadpool.proxy.size = 0 (default)
2023-10-17 18:45:45,763 [Time-limited test] INFO  server.RaftServerConfigKeys (ConfUtils.java:logGet(46)) - raft.server.rpc.slowness.timeout = 300s (custom)
2023-10-17 18:45:45,763 [Time-limited test] INFO  server.RaftServerConfigKeys (ConfUtils.java:logGet(46)) - raft.server.leaderelection.leader.step-down.wait-time = 10s (default)
2023-10-17 18:45:45,763 [Time-limited test] INFO  server.RaftServerConfigKeys (ConfUtils.java:logGet(46)) - raft.server.storage.dir = [/home/runner/work/ozone/ozone/hadoop-ozone/integration-test/target/test-dir/MiniOzoneClusterImpl-1ddacd7d-4aab-443e-9cce-7616e57ab4b1/datanode-2/data/ratis] (custom)
2023-10-17 18:45:45,764 [7abc303f-f695-4fbc-aa63-fcdea332bcbc-NettyServerStreamRpc-bossGroup--thread1] INFO  logging.LoggingHandler (AbstractInternalLogger.java:log(148)) - [id: 0x01f250ab] REGISTERED
2023-10-17 18:45:45,764 [7abc303f-f695-4fbc-aa63-fcdea332bcbc-NettyServerStreamRpc-bossGroup--thread1] INFO  logging.LoggingHandler (AbstractInternalLogger.java:log(148)) - [id: 0x01f250ab] BIND: 0.0.0.0/0.0.0.0:15259
2023-10-17 18:45:45,764 [7abc303f-f695-4fbc-aa63-fcdea332bcbc-NettyServerStreamRpc-bossGroup--thread1] INFO  logging.LoggingHandler (AbstractInternalLogger.java:log(148)) - [id: 0x01f250ab, L:/0:0:0:0:0:0:0:0:15259] ACTIVE
2023-10-17 18:45:45,765 [7abc303f-f695-4fbc-aa63-fcdea332bcbc-impl-thread1] INFO  server.RaftServer (RaftServerProxy.java:initGroupDir(258)) - 7abc303f-f695-4fbc-aa63-fcdea332bcbc: found a subdirectory /home/runner/work/ozone/ozone/hadoop-ozone/integration-test/target/test-dir/MiniOzoneClusterImpl-1ddacd7d-4aab-443e-9cce-7616e57ab4b1/datanode-2/data/ratis/tmp
2023-10-17 18:45:45,765 [7abc303f-f695-4fbc-aa63-fcdea332bcbc-impl-thread1] INFO  server.RaftServer (RaftServerProxy.java:initGroupDir(263)) - 7abc303f-f695-4fbc-aa63-fcdea332bcbc: The directory /home/runner/work/ozone/ozone/hadoop-ozone/integration-test/target/test-dir/MiniOzoneClusterImpl-1ddacd7d-4aab-443e-9cce-7616e57ab4b1/datanode-2/data/ratis/tmp is not a group directory; ignoring it. 
2023-10-17 18:45:45,765 [Time-limited test] INFO  replication.ReplicationServer (ReplicationServer.java:<init>(83)) - Initializing replication server with thread count = 10 queue length = 4096
2023-10-17 18:45:45,766 [Time-limited test] INFO  server.XceiverServerGrpc (XceiverServerGrpc.java:<init>(132)) - GrpcServer channel type EpollServerSocketChannel
2023-10-17 18:45:45,768 [Time-limited test] INFO  replication.ReplicationSupervisor (ReplicationSupervisor.java:build(155)) - Initializing replication supervisor with thread count = 10
2023-10-17 18:45:45,768 [Time-limited test] INFO  replication.ReplicationSupervisor (ReplicationSupervisor.java:nodeStateUpdated(307)) - Node state updated to IN_SERVICE, scaling executor pool size to 10
2023-10-17 18:45:45,771 [Time-limited test] INFO  http.BaseHttpServer (BaseHttpServer.java:newHttpServer2BuilderForOzone(223)) - Starting Web-server for hddsDatanode at: http://0.0.0.0:15253
2023-10-17 18:45:45,772 [Time-limited test] INFO  http.BaseHttpServer (BaseHttpServer.java:<init>(110)) - Hadoop Security Enabled: false Ozone Security Enabled: false Ozone HTTP Security Enabled: false 
2023-10-17 18:45:45,772 [Time-limited test] WARN  server.AuthenticationFilter (AuthenticationFilter.java:constructSecretProvider(240)) - Unable to initialize FileSignerSecretProvider, falling back to use random secrets. Reason: Could not read signature secret file: /home/runner/hadoop-http-auth-signature-secret
2023-10-17 18:45:45,773 [Time-limited test] INFO  http.HttpRequestLog (HttpRequestLog.java:getRequestLog(86)) - Http request log for http.requests.hddsDatanode is not defined
2023-10-17 18:45:45,774 [Time-limited test] INFO  http.HttpServer2 (HttpServer2.java:addGlobalFilter(1031)) - Added global filter 'safety' (class=org.apache.hadoop.hdds.server.http.HttpServer2$QuotingInputFilter)
2023-10-17 18:45:45,774 [Time-limited test] INFO  http.HttpServer2 (HttpServer2.java:addFilter(1007)) - Added filter static_user_filter (class=org.apache.hadoop.http.lib.StaticUserWebFilter$StaticUserFilter) to context hddsDatanode
2023-10-17 18:45:45,774 [Time-limited test] INFO  http.HttpServer2 (HttpServer2.java:addFilter(1015)) - Added filter static_user_filter (class=org.apache.hadoop.http.lib.StaticUserWebFilter$StaticUserFilter) to context static
2023-10-17 18:45:45,774 [Time-limited test] INFO  http.HttpServer2 (HttpServer2.java:addFilter(1015)) - Added filter static_user_filter (class=org.apache.hadoop.http.lib.StaticUserWebFilter$StaticUserFilter) to context logs
2023-10-17 18:45:45,775 [Time-limited test] INFO  http.BaseHttpServer (BaseHttpServer.java:<init>(189)) - HTTP server of hddsDatanode uses base directory /home/runner/work/ozone/ozone/hadoop-ozone/integration-test/target/test-dir/MiniOzoneClusterImpl-1ddacd7d-4aab-443e-9cce-7616e57ab4b1/datanode-2/meta/webserver
2023-10-17 18:45:45,775 [Time-limited test] INFO  http.HttpServer2 (HttpServer2.java:bindListener(1231)) - Jetty bound to port 15253
2023-10-17 18:45:45,775 [Time-limited test] INFO  server.Server (Server.java:doStart(375)) - jetty-9.4.53.v20231009; built: 2023-10-09T12:29:09.265Z; git: 27bde00a0b95a1d5bbee0eae7984f891d2d0f8c9; jvm 1.8.0_382-b05
2023-10-17 18:45:45,776 [Time-limited test] INFO  server.session (DefaultSessionIdManager.java:doStart(334)) - DefaultSessionIdManager workerName=node0
2023-10-17 18:45:45,776 [Time-limited test] INFO  server.session (DefaultSessionIdManager.java:doStart(339)) - No SessionScavenger set, using defaults
2023-10-17 18:45:45,776 [Time-limited test] INFO  server.session (HouseKeeper.java:startScavenging(132)) - node0 Scavenging every 660000ms
2023-10-17 18:45:45,776 [Time-limited test] INFO  handler.ContextHandler (ContextHandler.java:doStart(921)) - Started o.e.j.s.ServletContextHandler@5bcedcc7{logs,/logs,file:///home/runner/work/ozone/ozone/hadoop-ozone/integration-test/target/log,AVAILABLE}
2023-10-17 18:45:45,777 [Time-limited test] INFO  handler.ContextHandler (ContextHandler.java:doStart(921)) - Started o.e.j.s.ServletContextHandler@5e890791{static,/static,jar:file:/home/runner/.m2/repository/org/apache/ozone/hdds-container-service/1.4.0-SNAPSHOT/hdds-container-service-1.4.0-SNAPSHOT.jar!/webapps/static,AVAILABLE}
2023-10-17 18:45:45,968 [Time-limited test] INFO  handler.ContextHandler (ContextHandler.java:doStart(921)) - Started o.e.j.w.WebAppContext@4055d6b2{hddsDatanode,/,file:///home/runner/work/ozone/ozone/hadoop-ozone/integration-test/target/test-dir/MiniOzoneClusterImpl-1ddacd7d-4aab-443e-9cce-7616e57ab4b1/datanode-2/meta/webserver/jetty-0_0_0_0-15253-hdds-container-service-1_4_0-SNAPSHOT_jar-_-any-7443839745555919050/webapp/,AVAILABLE}{jar:file:/home/runner/.m2/repository/org/apache/ozone/hdds-container-service/1.4.0-SNAPSHOT/hdds-container-service-1.4.0-SNAPSHOT.jar!/webapps/hddsDatanode}
2023-10-17 18:45:45,970 [Time-limited test] INFO  server.AbstractConnector (AbstractConnector.java:doStart(333)) - Started ServerConnector@7ab389f7{HTTP/1.1, (http/1.1)}{0.0.0.0:15253}
2023-10-17 18:45:45,970 [Time-limited test] INFO  server.Server (Server.java:doStart(415)) - Started @206684ms
2023-10-17 18:45:45,970 [Time-limited test] WARN  impl.MetricsSystemImpl (MetricsSystemImpl.java:register(279)) - Sink prometheus already exists!
2023-10-17 18:45:45,970 [Time-limited test] INFO  http.BaseHttpServer (BaseHttpServer.java:updateConnectorAddress(354)) - HTTP server of hddsDatanode listening at http://0.0.0.0:15253
2023-10-17 18:45:45,971 [Time-limited test] INFO  ipc.CallQueueManager (CallQueueManager.java:<init>(90)) - Using callQueue: class java.util.concurrent.LinkedBlockingQueue, queueCapacity: 100, scheduler: class org.apache.hadoop.ipc.DefaultRpcScheduler, ipcBackoff: false.
2023-10-17 18:45:45,971 [Time-limited test] INFO  ipc.Server (Server.java:<init>(1287)) - Listener at 0.0.0.0:15254
2023-10-17 18:45:45,971 [Socket Reader #1 for port 15254] INFO  ipc.Server (Server.java:run(1323)) - Starting Socket Reader #1 for port 15254
2023-10-17 18:45:45,976 [Time-limited test] INFO  ozone.HddsDatanodeService (HddsDatanodeService.java:start(325)) - Datanode start with admins: [runner]
2023-10-17 18:45:45,976 [Time-limited test] INFO  ozone.HddsDatanodeClientProtocolServer (HddsDatanodeClientProtocolServer.java:start(72)) - RPC server for Client /0.0.0.0:15254
2023-10-17 18:45:45,977 [IPC Server Responder] INFO  ipc.Server (Server.java:run(1562)) - IPC Server Responder: starting
2023-10-17 18:45:45,977 [IPC Server listener on 15254] INFO  ipc.Server (Server.java:run(1402)) - IPC Server listener on 15254: starting
2023-10-17 18:45:45,977 [Datanode State Machine Daemon Thread] INFO  statemachine.DatanodeStateMachine (DatanodeStateMachine.java:lambda$startDaemon$1(546)) - Ozone container server started.
2023-10-17 18:45:45,977 [Time-limited test] INFO  ozone.MiniOzoneClusterImpl (MiniOzoneClusterImpl.java:lambda$waitForClusterToBeReady$0(229)) - Waiting for nodes to be ready. Got 0 of 3 DN Heartbeats.
2023-10-17 18:45:45,978 [Time-limited test] INFO  ozone.MiniOzoneClusterImpl (MiniOzoneClusterImpl.java:lambda$waitForClusterToBeReady$0(232)) - Waiting for cluster to exit safe mode
2023-10-17 18:45:45,978 [Time-limited test] INFO  ozone.MiniOzoneClusterImpl (MiniOzoneClusterImpl.java:lambda$waitForClusterToBeReady$0(234)) - SCM became leader
2023-10-17 18:45:45,983 [Datanode State Machine Task Thread - 0] INFO  datanode.InitDatanodeState (InitDatanodeState.java:persistContainerDatanodeDetails(138)) - DatanodeDetails is persisted to /home/runner/work/ozone/ozone/hadoop-ozone/integration-test/target/test-dir/MiniOzoneClusterImpl-1ddacd7d-4aab-443e-9cce-7616e57ab4b1/datanode-2/meta/datanode.id
2023-10-17 18:45:46,196 [om1@group-C5BA1605619E-FollowerState] INFO  impl.FollowerState (FollowerState.java:run(143)) - om1@group-C5BA1605619E-FollowerState: change to CANDIDATE, lastRpcElapsedTime:1079509554ns, electionTimeout:1078ms
2023-10-17 18:45:46,197 [om1@group-C5BA1605619E-FollowerState] INFO  impl.RoleInfo (RoleInfo.java:shutdownFollowerState(110)) - om1: shutdown om1@group-C5BA1605619E-FollowerState
2023-10-17 18:45:46,197 [om1@group-C5BA1605619E-FollowerState] INFO  server.RaftServer$Division (RaftServerImpl.java:setRole(329)) - om1@group-C5BA1605619E: changes role from  FOLLOWER to CANDIDATE at term 0 for changeToCandidate
2023-10-17 18:45:46,197 [om1@group-C5BA1605619E-FollowerState] INFO  server.RaftServerConfigKeys (ConfUtils.java:logGet(46)) - raft.server.leaderelection.pre-vote = true (default)
2023-10-17 18:45:46,197 [om1@group-C5BA1605619E-FollowerState] INFO  impl.RoleInfo (RoleInfo.java:updateAndGet(139)) - om1: start om1@group-C5BA1605619E-LeaderElection46
2023-10-17 18:45:46,198 [om1@group-C5BA1605619E-LeaderElection46] INFO  impl.LeaderElection (LeaderElection.java:askForVotes(321)) - om1@group-C5BA1605619E-LeaderElection46 PRE_VOTE round 0: submit vote requests at term 0 for -1: peers:[om1|rpc:localhost:15233|priority:0|startupRole:FOLLOWER]|listeners:[], old=null
2023-10-17 18:45:46,198 [om1@group-C5BA1605619E-LeaderElection46] INFO  impl.LeaderElection (LeaderElection.java:askForVotes(323)) - om1@group-C5BA1605619E-LeaderElection46 PRE_VOTE round 0: result PASSED (term=0)
2023-10-17 18:45:46,201 [om1@group-C5BA1605619E-LeaderElection46] INFO  impl.LeaderElection (LeaderElection.java:askForVotes(321)) - om1@group-C5BA1605619E-LeaderElection46 ELECTION round 0: submit vote requests at term 1 for -1: peers:[om1|rpc:localhost:15233|priority:0|startupRole:FOLLOWER]|listeners:[], old=null
2023-10-17 18:45:46,201 [om1@group-C5BA1605619E-LeaderElection46] INFO  impl.LeaderElection (LeaderElection.java:askForVotes(323)) - om1@group-C5BA1605619E-LeaderElection46 ELECTION round 0: result PASSED (term=1)
2023-10-17 18:45:46,201 [om1@group-C5BA1605619E-LeaderElection46] INFO  impl.RoleInfo (RoleInfo.java:shutdownLeaderElection(130)) - om1: shutdown om1@group-C5BA1605619E-LeaderElection46
2023-10-17 18:45:46,201 [om1@group-C5BA1605619E-LeaderElection46] INFO  server.RaftServer$Division (RaftServerImpl.java:setRole(329)) - om1@group-C5BA1605619E: changes role from CANDIDATE to LEADER at term 1 for changeToLeader
2023-10-17 18:45:46,201 [om1@group-C5BA1605619E-LeaderElection46] INFO  server.RaftServer$Division (ServerState.java:setLeader(317)) - om1@group-C5BA1605619E: change Leader from null to om1 at term 1 for becomeLeader, leader elected after 1477ms
2023-10-17 18:45:46,201 [om1@group-C5BA1605619E-LeaderElection46] INFO  server.RaftServerConfigKeys (ConfUtils.java:logGet(46)) - raft.server.staging.catchup.gap = 1000 (default)
2023-10-17 18:45:46,201 [om1@group-C5BA1605619E-LeaderElection46] INFO  server.RaftServerConfigKeys (ConfUtils.java:logGet(46)) - raft.server.write.element-limit = 4096 (default)
2023-10-17 18:45:46,201 [om1@group-C5BA1605619E-LeaderElection46] INFO  server.RaftServerConfigKeys (ConfUtils.java:logGet(46)) - raft.server.write.byte-limit = 64MB (=67108864) (default)
2023-10-17 18:45:46,201 [om1@group-C5BA1605619E-LeaderElection46] INFO  server.RaftServerConfigKeys (ConfUtils.java:logGet(46)) - raft.server.watch.timeout = 10s (default)
2023-10-17 18:45:46,201 [om1@group-C5BA1605619E-LeaderElection46] INFO  server.RaftServerConfigKeys (ConfUtils.java:logGet(46)) - raft.server.watch.timeout.denomination = 1s (default)
2023-10-17 18:45:46,201 [om1@group-C5BA1605619E-LeaderElection46] INFO  server.RaftServerConfigKeys (ConfUtils.java:logGet(46)) - raft.server.watch.element-limit = 65536 (default)
2023-10-17 18:45:46,202 [om1@group-C5BA1605619E-LeaderElection46] INFO  server.RaftServerConfigKeys (ConfUtils.java:logGet(46)) - raft.server.write.element-limit = 4096 (default)
2023-10-17 18:45:46,202 [om1@group-C5BA1605619E-LeaderElection46] INFO  server.RaftServerConfigKeys (ConfUtils.java:logGet(46)) - raft.server.write.follower.gap.ratio.max = -1.0 (default)
2023-10-17 18:45:46,202 [om1@group-C5BA1605619E-LeaderElection46] INFO  impl.RoleInfo (RoleInfo.java:updateAndGet(139)) - om1: start om1@group-C5BA1605619E-LeaderStateImpl
2023-10-17 18:45:46,202 [om1@group-C5BA1605619E-LeaderElection46] INFO  segmented.SegmentedRaftLogWorker (SegmentedRaftLogWorker.java:startLogSegment(447)) - om1@group-C5BA1605619E-SegmentedRaftLogWorker: Starting segment from index:0
2023-10-17 18:45:46,207 [om1@group-C5BA1605619E-LeaderElection46] INFO  server.RaftServer$Division (ServerState.java:setRaftConf(434)) - om1@group-C5BA1605619E: set configuration 0: peers:[om1|rpc:localhost:15233|admin:|client:|dataStream:|priority:0|startupRole:FOLLOWER]|listeners:[], old=null
2023-10-17 18:45:46,215 [om1@group-C5BA1605619E-SegmentedRaftLogWorker] INFO  segmented.SegmentedRaftLogWorker (SegmentedRaftLogWorker.java:execute(651)) - om1@group-C5BA1605619E-SegmentedRaftLogWorker: created new log segment /home/runner/work/ozone/ozone/hadoop-ozone/integration-test/target/test-dir/MiniOzoneClusterImpl-1ddacd7d-4aab-443e-9cce-7616e57ab4b1/ozone-meta/ratis/bf265839-605b-3f16-9796-c5ba1605619e/current/log_inprogress_0
2023-10-17 18:45:46,216 [om1@group-C5BA1605619E-StateMachineUpdater] INFO  ratis.OzoneManagerStateMachine (OzoneManagerStateMachine.java:notifyConfigurationChanged(202)) - Received Configuration change notification from Ratis. New Peer list:
[id: "om1"
address: "localhost:15233"
startupRole: FOLLOWER
]
2023-10-17 18:45:46,978 [Time-limited test] INFO  ozone.MiniOzoneClusterImpl (MiniOzoneClusterImpl.java:lambda$waitForClusterToBeReady$0(229)) - Waiting for nodes to be ready. Got 0 of 3 DN Heartbeats.
2023-10-17 18:45:46,978 [Time-limited test] INFO  ozone.MiniOzoneClusterImpl (MiniOzoneClusterImpl.java:lambda$waitForClusterToBeReady$0(232)) - Waiting for cluster to exit safe mode
2023-10-17 18:45:46,978 [Time-limited test] INFO  ozone.MiniOzoneClusterImpl (MiniOzoneClusterImpl.java:lambda$waitForClusterToBeReady$0(234)) - SCM became leader
2023-10-17 18:45:47,497 [EndpointStateMachine task thread for /0.0.0.0:15228 - 0 ] INFO  utils.DatanodeStoreCache (DatanodeStoreCache.java:addDB(66)) - Added db /home/runner/work/ozone/ozone/hadoop-ozone/integration-test/target/test-dir/MiniOzoneClusterImpl-1ddacd7d-4aab-443e-9cce-7616e57ab4b1/datanode-0/data-0/containers/hdds/1ddacd7d-4aab-443e-9cce-7616e57ab4b1/DS-2c019df6-b6e5-452b-9b14-fd78d3fed541/container.db to cache
2023-10-17 18:45:47,497 [EndpointStateMachine task thread for /0.0.0.0:15228 - 0 ] INFO  volume.HddsVolume (HddsVolume.java:createDbStore(422)) - SchemaV3 db is created and loaded at /home/runner/work/ozone/ozone/hadoop-ozone/integration-test/target/test-dir/MiniOzoneClusterImpl-1ddacd7d-4aab-443e-9cce-7616e57ab4b1/datanode-0/data-0/containers/hdds/1ddacd7d-4aab-443e-9cce-7616e57ab4b1/DS-2c019df6-b6e5-452b-9b14-fd78d3fed541/container.db for volume DS-2c019df6-b6e5-452b-9b14-fd78d3fed541
2023-10-17 18:45:47,498 [EndpointStateMachine task thread for /0.0.0.0:15228 - 0 ] INFO  volume.ThrottledAsyncChecker (ThrottledAsyncChecker.java:schedule(141)) - Scheduling a check for /home/runner/work/ozone/ozone/hadoop-ozone/integration-test/target/test-dir/MiniOzoneClusterImpl-1ddacd7d-4aab-443e-9cce-7616e57ab4b1/datanode-0/data-0/containers/hdds
2023-10-17 18:45:47,498 [EndpointStateMachine task thread for /0.0.0.0:15228 - 0 ] INFO  volume.StorageVolumeChecker (StorageVolumeChecker.java:checkAllVolumes(213)) - Scheduled health check for volume /home/runner/work/ozone/ozone/hadoop-ozone/integration-test/target/test-dir/MiniOzoneClusterImpl-1ddacd7d-4aab-443e-9cce-7616e57ab4b1/datanode-0/data-0/containers/hdds
2023-10-17 18:45:47,500 [EndpointStateMachine task thread for /0.0.0.0:15228 - 0 ] INFO  volume.ThrottledAsyncChecker (ThrottledAsyncChecker.java:schedule(141)) - Scheduling a check for /home/runner/work/ozone/ozone/hadoop-ozone/integration-test/target/test-dir/MiniOzoneClusterImpl-1ddacd7d-4aab-443e-9cce-7616e57ab4b1/datanode-0/data/ratis
2023-10-17 18:45:47,500 [EndpointStateMachine task thread for /0.0.0.0:15228 - 0 ] INFO  volume.StorageVolumeChecker (StorageVolumeChecker.java:checkAllVolumes(213)) - Scheduled health check for volume /home/runner/work/ozone/ozone/hadoop-ozone/integration-test/target/test-dir/MiniOzoneClusterImpl-1ddacd7d-4aab-443e-9cce-7616e57ab4b1/datanode-0/data/ratis
2023-10-17 18:45:47,504 [EndpointStateMachine task thread for /0.0.0.0:15228 - 0 ] INFO  ozoneimpl.OzoneContainer (OzoneContainer.java:start(431)) - Attempting to start container services.
2023-10-17 18:45:47,504 [EndpointStateMachine task thread for /0.0.0.0:15228 - 0 ] INFO  ozoneimpl.OzoneContainer (OzoneContainer.java:startContainerScrub(327)) - Scheduled background container scanners and the on-demand container scanner have been disabled.
2023-10-17 18:45:47,505 [EndpointStateMachine task thread for /0.0.0.0:15228 - 0 ] INFO  replication.ReplicationServer (ReplicationServer.java:start(134)) - ReplicationServer is started using port 15242
2023-10-17 18:45:47,505 [EndpointStateMachine task thread for /0.0.0.0:15228 - 0 ] INFO  ratis.XceiverServerRatis (XceiverServerRatis.java:start(517)) - Starting XceiverServerRatis 6484543a-767b-4be3-933a-0df7ebf5f58a
2023-10-17 18:45:47,505 [EndpointStateMachine task thread for /0.0.0.0:15228 - 0 ] INFO  server.RaftServer (RaftServerProxy.java:startImpl(400)) - 6484543a-767b-4be3-933a-0df7ebf5f58a: start RPC server
2023-10-17 18:45:47,506 [EndpointStateMachine task thread for /0.0.0.0:15228 - 0 ] INFO  server.GrpcService (GrpcService.java:startImpl(302)) - 6484543a-767b-4be3-933a-0df7ebf5f58a: GrpcService started, listening on 15238
2023-10-17 18:45:47,506 [EndpointStateMachine task thread for /0.0.0.0:15228 - 0 ] INFO  server.GrpcService (GrpcService.java:startImpl(302)) - 6484543a-767b-4be3-933a-0df7ebf5f58a: GrpcService started, listening on 15240
2023-10-17 18:45:47,506 [EndpointStateMachine task thread for /0.0.0.0:15228 - 0 ] INFO  server.GrpcService (GrpcService.java:startImpl(302)) - 6484543a-767b-4be3-933a-0df7ebf5f58a: GrpcService started, listening on 15239
2023-10-17 18:45:47,509 [EndpointStateMachine task thread for /0.0.0.0:15228 - 0 ] INFO  ratis.XceiverServerRatis (XceiverServerRatis.java:getRealPort(543)) - XceiverServerRatis 6484543a-767b-4be3-933a-0df7ebf5f58a is started using port 15238 for RATIS
2023-10-17 18:45:47,509 [JvmPauseMonitor39] INFO  util.JvmPauseMonitor (JvmPauseMonitor.java:run(103)) - JvmPauseMonitor-6484543a-767b-4be3-933a-0df7ebf5f58a: Started
2023-10-17 18:45:47,509 [EndpointStateMachine task thread for /0.0.0.0:15228 - 0 ] INFO  ratis.XceiverServerRatis (XceiverServerRatis.java:getRealPort(543)) - XceiverServerRatis 6484543a-767b-4be3-933a-0df7ebf5f58a is started using port 15239 for RATIS_ADMIN
2023-10-17 18:45:47,509 [EndpointStateMachine task thread for /0.0.0.0:15228 - 0 ] INFO  ratis.XceiverServerRatis (XceiverServerRatis.java:getRealPort(543)) - XceiverServerRatis 6484543a-767b-4be3-933a-0df7ebf5f58a is started using port 15240 for RATIS_SERVER
2023-10-17 18:45:47,509 [EndpointStateMachine task thread for /0.0.0.0:15228 - 0 ] INFO  ratis.XceiverServerRatis (XceiverServerRatis.java:getRealPort(543)) - XceiverServerRatis 6484543a-767b-4be3-933a-0df7ebf5f58a is started using port 15241 for RATIS_DATASTREAM
2023-10-17 18:45:47,510 [6484543a-767b-4be3-933a-0df7ebf5f58a-BlockDeletingService#0] INFO  interfaces.ContainerDeletionChoosingPolicyTemplate (ContainerDeletionChoosingPolicyTemplate.java:chooseContainerForBlockDeletion(85)) - Chosen 0/5000 blocks from 0 candidate containers.
2023-10-17 18:45:47,764 [EndpointStateMachine task thread for /0.0.0.0:15228 - 0 ] INFO  utils.DatanodeStoreCache (DatanodeStoreCache.java:addDB(66)) - Added db /home/runner/work/ozone/ozone/hadoop-ozone/integration-test/target/test-dir/MiniOzoneClusterImpl-1ddacd7d-4aab-443e-9cce-7616e57ab4b1/datanode-1/data-0/containers/hdds/1ddacd7d-4aab-443e-9cce-7616e57ab4b1/DS-3322b0c6-4d74-493c-95f5-a7359da4b822/container.db to cache
2023-10-17 18:45:47,764 [EndpointStateMachine task thread for /0.0.0.0:15228 - 0 ] INFO  volume.HddsVolume (HddsVolume.java:createDbStore(422)) - SchemaV3 db is created and loaded at /home/runner/work/ozone/ozone/hadoop-ozone/integration-test/target/test-dir/MiniOzoneClusterImpl-1ddacd7d-4aab-443e-9cce-7616e57ab4b1/datanode-1/data-0/containers/hdds/1ddacd7d-4aab-443e-9cce-7616e57ab4b1/DS-3322b0c6-4d74-493c-95f5-a7359da4b822/container.db for volume DS-3322b0c6-4d74-493c-95f5-a7359da4b822
2023-10-17 18:45:47,765 [EndpointStateMachine task thread for /0.0.0.0:15228 - 0 ] INFO  volume.ThrottledAsyncChecker (ThrottledAsyncChecker.java:schedule(141)) - Scheduling a check for /home/runner/work/ozone/ozone/hadoop-ozone/integration-test/target/test-dir/MiniOzoneClusterImpl-1ddacd7d-4aab-443e-9cce-7616e57ab4b1/datanode-1/data-0/containers/hdds
2023-10-17 18:45:47,765 [EndpointStateMachine task thread for /0.0.0.0:15228 - 0 ] INFO  volume.StorageVolumeChecker (StorageVolumeChecker.java:checkAllVolumes(213)) - Scheduled health check for volume /home/runner/work/ozone/ozone/hadoop-ozone/integration-test/target/test-dir/MiniOzoneClusterImpl-1ddacd7d-4aab-443e-9cce-7616e57ab4b1/datanode-1/data-0/containers/hdds
2023-10-17 18:45:47,769 [EndpointStateMachine task thread for /0.0.0.0:15228 - 0 ] INFO  volume.ThrottledAsyncChecker (ThrottledAsyncChecker.java:schedule(141)) - Scheduling a check for /home/runner/work/ozone/ozone/hadoop-ozone/integration-test/target/test-dir/MiniOzoneClusterImpl-1ddacd7d-4aab-443e-9cce-7616e57ab4b1/datanode-1/data/ratis
2023-10-17 18:45:47,769 [EndpointStateMachine task thread for /0.0.0.0:15228 - 0 ] INFO  volume.StorageVolumeChecker (StorageVolumeChecker.java:checkAllVolumes(213)) - Scheduled health check for volume /home/runner/work/ozone/ozone/hadoop-ozone/integration-test/target/test-dir/MiniOzoneClusterImpl-1ddacd7d-4aab-443e-9cce-7616e57ab4b1/datanode-1/data/ratis
2023-10-17 18:45:47,770 [EndpointStateMachine task thread for /0.0.0.0:15228 - 0 ] INFO  ozoneimpl.OzoneContainer (OzoneContainer.java:start(431)) - Attempting to start container services.
2023-10-17 18:45:47,770 [EndpointStateMachine task thread for /0.0.0.0:15228 - 0 ] INFO  ozoneimpl.OzoneContainer (OzoneContainer.java:startContainerScrub(327)) - Scheduled background container scanners and the on-demand container scanner have been disabled.
2023-10-17 18:45:47,770 [EndpointStateMachine task thread for /0.0.0.0:15228 - 0 ] INFO  replication.ReplicationServer (ReplicationServer.java:start(134)) - ReplicationServer is started using port 15251
2023-10-17 18:45:47,771 [EndpointStateMachine task thread for /0.0.0.0:15228 - 0 ] INFO  ratis.XceiverServerRatis (XceiverServerRatis.java:start(517)) - Starting XceiverServerRatis eb2139cf-2f93-40e0-8f6b-119ef4e9cafb
2023-10-17 18:45:47,771 [EndpointStateMachine task thread for /0.0.0.0:15228 - 0 ] INFO  server.RaftServer (RaftServerProxy.java:startImpl(400)) - eb2139cf-2f93-40e0-8f6b-119ef4e9cafb: start RPC server
2023-10-17 18:45:47,772 [EndpointStateMachine task thread for /0.0.0.0:15228 - 0 ] INFO  server.GrpcService (GrpcService.java:startImpl(302)) - eb2139cf-2f93-40e0-8f6b-119ef4e9cafb: GrpcService started, listening on 15247
2023-10-17 18:45:47,772 [EndpointStateMachine task thread for /0.0.0.0:15228 - 0 ] INFO  server.GrpcService (GrpcService.java:startImpl(302)) - eb2139cf-2f93-40e0-8f6b-119ef4e9cafb: GrpcService started, listening on 15249
2023-10-17 18:45:47,772 [EndpointStateMachine task thread for /0.0.0.0:15228 - 0 ] INFO  server.GrpcService (GrpcService.java:startImpl(302)) - eb2139cf-2f93-40e0-8f6b-119ef4e9cafb: GrpcService started, listening on 15248
2023-10-17 18:45:47,773 [EndpointStateMachine task thread for /0.0.0.0:15228 - 0 ] INFO  ratis.XceiverServerRatis (XceiverServerRatis.java:getRealPort(543)) - XceiverServerRatis eb2139cf-2f93-40e0-8f6b-119ef4e9cafb is started using port 15247 for RATIS
2023-10-17 18:45:47,773 [EndpointStateMachine task thread for /0.0.0.0:15228 - 0 ] INFO  ratis.XceiverServerRatis (XceiverServerRatis.java:getRealPort(543)) - XceiverServerRatis eb2139cf-2f93-40e0-8f6b-119ef4e9cafb is started using port 15248 for RATIS_ADMIN
2023-10-17 18:45:47,773 [EndpointStateMachine task thread for /0.0.0.0:15228 - 0 ] INFO  ratis.XceiverServerRatis (XceiverServerRatis.java:getRealPort(543)) - XceiverServerRatis eb2139cf-2f93-40e0-8f6b-119ef4e9cafb is started using port 15249 for RATIS_SERVER
2023-10-17 18:45:47,773 [EndpointStateMachine task thread for /0.0.0.0:15228 - 0 ] INFO  ratis.XceiverServerRatis (XceiverServerRatis.java:getRealPort(543)) - XceiverServerRatis eb2139cf-2f93-40e0-8f6b-119ef4e9cafb is started using port 15250 for RATIS_DATASTREAM
2023-10-17 18:45:47,773 [JvmPauseMonitor40] INFO  util.JvmPauseMonitor (JvmPauseMonitor.java:run(103)) - JvmPauseMonitor-eb2139cf-2f93-40e0-8f6b-119ef4e9cafb: Started
2023-10-17 18:45:47,774 [eb2139cf-2f93-40e0-8f6b-119ef4e9cafb-BlockDeletingService#0] INFO  interfaces.ContainerDeletionChoosingPolicyTemplate (ContainerDeletionChoosingPolicyTemplate.java:chooseContainerForBlockDeletion(85)) - Chosen 0/5000 blocks from 0 candidate containers.
2023-10-17 18:45:47,978 [Time-limited test] INFO  ozone.MiniOzoneClusterImpl (MiniOzoneClusterImpl.java:lambda$waitForClusterToBeReady$0(229)) - Waiting for nodes to be ready. Got 0 of 3 DN Heartbeats.
2023-10-17 18:45:47,978 [Time-limited test] INFO  ozone.MiniOzoneClusterImpl (MiniOzoneClusterImpl.java:lambda$waitForClusterToBeReady$0(232)) - Waiting for cluster to exit safe mode
2023-10-17 18:45:47,978 [Time-limited test] INFO  ozone.MiniOzoneClusterImpl (MiniOzoneClusterImpl.java:lambda$waitForClusterToBeReady$0(234)) - SCM became leader
2023-10-17 18:45:48,010 [EndpointStateMachine task thread for /0.0.0.0:15228 - 0 ] INFO  utils.DatanodeStoreCache (DatanodeStoreCache.java:addDB(66)) - Added db /home/runner/work/ozone/ozone/hadoop-ozone/integration-test/target/test-dir/MiniOzoneClusterImpl-1ddacd7d-4aab-443e-9cce-7616e57ab4b1/datanode-2/data-0/containers/hdds/1ddacd7d-4aab-443e-9cce-7616e57ab4b1/DS-197e4dbf-1f18-4f14-a33d-6ce3aa195b0c/container.db to cache
2023-10-17 18:45:48,010 [EndpointStateMachine task thread for /0.0.0.0:15228 - 0 ] INFO  volume.HddsVolume (HddsVolume.java:createDbStore(422)) - SchemaV3 db is created and loaded at /home/runner/work/ozone/ozone/hadoop-ozone/integration-test/target/test-dir/MiniOzoneClusterImpl-1ddacd7d-4aab-443e-9cce-7616e57ab4b1/datanode-2/data-0/containers/hdds/1ddacd7d-4aab-443e-9cce-7616e57ab4b1/DS-197e4dbf-1f18-4f14-a33d-6ce3aa195b0c/container.db for volume DS-197e4dbf-1f18-4f14-a33d-6ce3aa195b0c
2023-10-17 18:45:48,011 [EndpointStateMachine task thread for /0.0.0.0:15228 - 0 ] INFO  volume.ThrottledAsyncChecker (ThrottledAsyncChecker.java:schedule(141)) - Scheduling a check for /home/runner/work/ozone/ozone/hadoop-ozone/integration-test/target/test-dir/MiniOzoneClusterImpl-1ddacd7d-4aab-443e-9cce-7616e57ab4b1/datanode-2/data-0/containers/hdds
2023-10-17 18:45:48,011 [EndpointStateMachine task thread for /0.0.0.0:15228 - 0 ] INFO  volume.StorageVolumeChecker (StorageVolumeChecker.java:checkAllVolumes(213)) - Scheduled health check for volume /home/runner/work/ozone/ozone/hadoop-ozone/integration-test/target/test-dir/MiniOzoneClusterImpl-1ddacd7d-4aab-443e-9cce-7616e57ab4b1/datanode-2/data-0/containers/hdds
2023-10-17 18:45:48,014 [EndpointStateMachine task thread for /0.0.0.0:15228 - 0 ] INFO  volume.ThrottledAsyncChecker (ThrottledAsyncChecker.java:schedule(141)) - Scheduling a check for /home/runner/work/ozone/ozone/hadoop-ozone/integration-test/target/test-dir/MiniOzoneClusterImpl-1ddacd7d-4aab-443e-9cce-7616e57ab4b1/datanode-2/data/ratis
2023-10-17 18:45:48,014 [EndpointStateMachine task thread for /0.0.0.0:15228 - 0 ] INFO  volume.StorageVolumeChecker (StorageVolumeChecker.java:checkAllVolumes(213)) - Scheduled health check for volume /home/runner/work/ozone/ozone/hadoop-ozone/integration-test/target/test-dir/MiniOzoneClusterImpl-1ddacd7d-4aab-443e-9cce-7616e57ab4b1/datanode-2/data/ratis
2023-10-17 18:45:48,015 [EndpointStateMachine task thread for /0.0.0.0:15228 - 0 ] INFO  ozoneimpl.OzoneContainer (OzoneContainer.java:start(431)) - Attempting to start container services.
2023-10-17 18:45:48,015 [EndpointStateMachine task thread for /0.0.0.0:15228 - 0 ] INFO  ozoneimpl.OzoneContainer (OzoneContainer.java:startContainerScrub(327)) - Scheduled background container scanners and the on-demand container scanner have been disabled.
2023-10-17 18:45:48,016 [EndpointStateMachine task thread for /0.0.0.0:15228 - 0 ] INFO  replication.ReplicationServer (ReplicationServer.java:start(134)) - ReplicationServer is started using port 15260
2023-10-17 18:45:48,016 [EndpointStateMachine task thread for /0.0.0.0:15228 - 0 ] INFO  ratis.XceiverServerRatis (XceiverServerRatis.java:start(517)) - Starting XceiverServerRatis 7abc303f-f695-4fbc-aa63-fcdea332bcbc
2023-10-17 18:45:48,016 [EndpointStateMachine task thread for /0.0.0.0:15228 - 0 ] INFO  server.RaftServer (RaftServerProxy.java:startImpl(400)) - 7abc303f-f695-4fbc-aa63-fcdea332bcbc: start RPC server
2023-10-17 18:45:48,017 [EndpointStateMachine task thread for /0.0.0.0:15228 - 0 ] INFO  server.GrpcService (GrpcService.java:startImpl(302)) - 7abc303f-f695-4fbc-aa63-fcdea332bcbc: GrpcService started, listening on 15256
2023-10-17 18:45:48,017 [EndpointStateMachine task thread for /0.0.0.0:15228 - 0 ] INFO  server.GrpcService (GrpcService.java:startImpl(302)) - 7abc303f-f695-4fbc-aa63-fcdea332bcbc: GrpcService started, listening on 15258
2023-10-17 18:45:48,017 [EndpointStateMachine task thread for /0.0.0.0:15228 - 0 ] INFO  server.GrpcService (GrpcService.java:startImpl(302)) - 7abc303f-f695-4fbc-aa63-fcdea332bcbc: GrpcService started, listening on 15257
2023-10-17 18:45:48,018 [EndpointStateMachine task thread for /0.0.0.0:15228 - 0 ] INFO  ratis.XceiverServerRatis (XceiverServerRatis.java:getRealPort(543)) - XceiverServerRatis 7abc303f-f695-4fbc-aa63-fcdea332bcbc is started using port 15256 for RATIS
2023-10-17 18:45:48,018 [EndpointStateMachine task thread for /0.0.0.0:15228 - 0 ] INFO  ratis.XceiverServerRatis (XceiverServerRatis.java:getRealPort(543)) - XceiverServerRatis 7abc303f-f695-4fbc-aa63-fcdea332bcbc is started using port 15257 for RATIS_ADMIN
2023-10-17 18:45:48,018 [EndpointStateMachine task thread for /0.0.0.0:15228 - 0 ] INFO  ratis.XceiverServerRatis (XceiverServerRatis.java:getRealPort(543)) - XceiverServerRatis 7abc303f-f695-4fbc-aa63-fcdea332bcbc is started using port 15258 for RATIS_SERVER
2023-10-17 18:45:48,018 [EndpointStateMachine task thread for /0.0.0.0:15228 - 0 ] INFO  ratis.XceiverServerRatis (XceiverServerRatis.java:getRealPort(543)) - XceiverServerRatis 7abc303f-f695-4fbc-aa63-fcdea332bcbc is started using port 15259 for RATIS_DATASTREAM
2023-10-17 18:45:48,018 [JvmPauseMonitor41] INFO  util.JvmPauseMonitor (JvmPauseMonitor.java:run(103)) - JvmPauseMonitor-7abc303f-f695-4fbc-aa63-fcdea332bcbc: Started
2023-10-17 18:45:48,019 [7abc303f-f695-4fbc-aa63-fcdea332bcbc-BlockDeletingService#0] INFO  interfaces.ContainerDeletionChoosingPolicyTemplate (ContainerDeletionChoosingPolicyTemplate.java:chooseContainerForBlockDeletion(85)) - Chosen 0/5000 blocks from 0 candidate containers.
2023-10-17 18:45:48,978 [Time-limited test] INFO  ozone.MiniOzoneClusterImpl (MiniOzoneClusterImpl.java:lambda$waitForClusterToBeReady$0(229)) - Waiting for nodes to be ready. Got 0 of 3 DN Heartbeats.
2023-10-17 18:45:48,979 [Time-limited test] INFO  ozone.MiniOzoneClusterImpl (MiniOzoneClusterImpl.java:lambda$waitForClusterToBeReady$0(232)) - Waiting for cluster to exit safe mode
2023-10-17 18:45:48,979 [Time-limited test] INFO  ozone.MiniOzoneClusterImpl (MiniOzoneClusterImpl.java:lambda$waitForClusterToBeReady$0(234)) - SCM became leader
2023-10-17 18:45:49,457 [IPC Server handler 0 on default port 15228] INFO  net.NetworkTopologyImpl (NetworkTopologyImpl.java:add(112)) - Added a new node: /rack1/6484543a-767b-4be3-933a-0df7ebf5f58a
2023-10-17 18:45:49,457 [IPC Server handler 0 on default port 15228] INFO  node.SCMNodeManager (SCMNodeManager.java:register(405)) - Registered Data node : 6484543a-767b-4be3-933a-0df7ebf5f58a{ip: 10.1.0.25, host: fv-az189-115, ports: [HTTP=15235, CLIENT_RPC=15236, REPLICATION=15242, RATIS=15238, RATIS_ADMIN=15239, RATIS_SERVER=15240, RATIS_DATASTREAM=15241, STANDALONE=15237], networkLocation: /rack1, certSerialId: null, persistedOpState: null, persistedOpStateExpiryEpochSec: 0}
2023-10-17 18:45:49,459 [EventQueue-NodeRegistrationContainerReportForContainerSafeModeRule] INFO  safemode.SCMSafeModeManager (SCMSafeModeManager.java:validateSafeModeExitRules(200)) - ContainerSafeModeRule rule is successfully validated
2023-10-17 18:45:49,459 [EventQueue-NodeRegistrationContainerReportForDataNodeSafeModeRule] INFO  safemode.SCMSafeModeManager (DataNodeSafeModeRule.java:process(71)) - SCM in safe mode. 1 DataNodes registered, 3 required.
2023-10-17 18:45:49,462 [EventQueue-NewNodeForNewNodeHandler] INFO  pipeline.BackgroundPipelineCreator (BackgroundPipelineCreator.java:notifyEventTriggered(277)) - trigger a one-shot run on RatisPipelineUtilsThread.
2023-10-17 18:45:49,463 [RatisPipelineUtilsThread - 0] INFO  pipeline.RatisPipelineProvider (RatisPipelineProvider.java:lambda$create$0(206)) - Sending CreatePipelineCommand for pipeline:PipelineID=470f416f-e437-4778-a579-d90dc10088d6 to datanode:6484543a-767b-4be3-933a-0df7ebf5f58a
2023-10-17 18:45:49,463 [EventQueue-PipelineReportForOneReplicaPipelineSafeModeRule] INFO  safemode.SCMSafeModeManager (SCMSafeModeManager.java:validateSafeModeExitRules(200)) - AtleastOneDatanodeReportedRule rule is successfully validated
2023-10-17 18:45:49,465 [RatisPipelineUtilsThread - 0] INFO  pipeline.BackgroundPipelineCreator (BackgroundPipelineCreator.java:createPipelines(233)) - Created new pipeline Pipeline[ Id: 470f416f-e437-4778-a579-d90dc10088d6, Nodes: 6484543a-767b-4be3-933a-0df7ebf5f58a(fv-az189-115/10.1.0.25), ReplicationConfig: RATIS/ONE, State:ALLOCATED, leaderId:, CreationTimestamp2023-10-17T18:45:49.463Z[Etc/UTC]]
2023-10-17 18:45:49,729 [IPC Server handler 1 on default port 15228] INFO  net.NetworkTopologyImpl (NetworkTopologyImpl.java:add(112)) - Added a new node: /rack1/eb2139cf-2f93-40e0-8f6b-119ef4e9cafb
2023-10-17 18:45:49,729 [IPC Server handler 1 on default port 15228] INFO  node.SCMNodeManager (SCMNodeManager.java:register(405)) - Registered Data node : eb2139cf-2f93-40e0-8f6b-119ef4e9cafb{ip: 10.1.0.25, host: fv-az189-115, ports: [HTTP=15244, CLIENT_RPC=15245, REPLICATION=15251, RATIS=15247, RATIS_ADMIN=15248, RATIS_SERVER=15249, RATIS_DATASTREAM=15250, STANDALONE=15246], networkLocation: /rack1, certSerialId: null, persistedOpState: null, persistedOpStateExpiryEpochSec: 0}
2023-10-17 18:45:49,730 [EventQueue-NewNodeForNewNodeHandler] INFO  pipeline.BackgroundPipelineCreator (BackgroundPipelineCreator.java:notifyEventTriggered(277)) - trigger a one-shot run on RatisPipelineUtilsThread.
2023-10-17 18:45:49,730 [RatisPipelineUtilsThread - 0] INFO  pipeline.RatisPipelineProvider (RatisPipelineProvider.java:lambda$create$0(206)) - Sending CreatePipelineCommand for pipeline:PipelineID=0cdbbf1d-a43a-4ba0-889b-9d5c6c4fd5ca to datanode:eb2139cf-2f93-40e0-8f6b-119ef4e9cafb
2023-10-17 18:45:49,735 [RatisPipelineUtilsThread - 0] INFO  pipeline.BackgroundPipelineCreator (BackgroundPipelineCreator.java:createPipelines(233)) - Created new pipeline Pipeline[ Id: 0cdbbf1d-a43a-4ba0-889b-9d5c6c4fd5ca, Nodes: eb2139cf-2f93-40e0-8f6b-119ef4e9cafb(fv-az189-115/10.1.0.25), ReplicationConfig: RATIS/ONE, State:ALLOCATED, leaderId:, CreationTimestamp2023-10-17T18:45:49.730Z[Etc/UTC]]
2023-10-17 18:45:49,738 [EventQueue-NodeRegistrationContainerReportForDataNodeSafeModeRule] INFO  safemode.SCMSafeModeManager (DataNodeSafeModeRule.java:process(71)) - SCM in safe mode. 2 DataNodes registered, 3 required.
2023-10-17 18:45:49,979 [Time-limited test] INFO  ozone.MiniOzoneClusterImpl (MiniOzoneClusterImpl.java:lambda$waitForClusterToBeReady$0(229)) - Waiting for nodes to be ready. Got 2 of 3 DN Heartbeats.
2023-10-17 18:45:49,979 [Time-limited test] INFO  ozone.MiniOzoneClusterImpl (MiniOzoneClusterImpl.java:lambda$waitForClusterToBeReady$0(232)) - Waiting for cluster to exit safe mode
2023-10-17 18:45:49,979 [Time-limited test] INFO  ozone.MiniOzoneClusterImpl (MiniOzoneClusterImpl.java:lambda$waitForClusterToBeReady$0(234)) - SCM became leader
2023-10-17 18:45:49,981 [IPC Server handler 2 on default port 15228] INFO  net.NetworkTopologyImpl (NetworkTopologyImpl.java:add(112)) - Added a new node: /rack1/7abc303f-f695-4fbc-aa63-fcdea332bcbc
2023-10-17 18:45:49,981 [IPC Server handler 2 on default port 15228] INFO  node.SCMNodeManager (SCMNodeManager.java:register(405)) - Registered Data node : 7abc303f-f695-4fbc-aa63-fcdea332bcbc{ip: 10.1.0.25, host: fv-az189-115, ports: [HTTP=15253, CLIENT_RPC=15254, REPLICATION=15260, RATIS=15256, RATIS_ADMIN=15257, RATIS_SERVER=15258, RATIS_DATASTREAM=15259, STANDALONE=15255], networkLocation: /rack1, certSerialId: null, persistedOpState: null, persistedOpStateExpiryEpochSec: 0}
2023-10-17 18:45:49,982 [EventQueue-NewNodeForNewNodeHandler] INFO  pipeline.BackgroundPipelineCreator (BackgroundPipelineCreator.java:notifyEventTriggered(277)) - trigger a one-shot run on RatisPipelineUtilsThread.
2023-10-17 18:45:49,983 [EventQueue-NodeRegistrationContainerReportForDataNodeSafeModeRule] INFO  safemode.SCMSafeModeManager (DataNodeSafeModeRule.java:process(71)) - SCM in safe mode. 3 DataNodes registered, 3 required.
2023-10-17 18:45:49,983 [EventQueue-NodeRegistrationContainerReportForDataNodeSafeModeRule] INFO  safemode.SCMSafeModeManager (SCMSafeModeManager.java:validateSafeModeExitRules(200)) - DataNodeSafeModeRule rule is successfully validated
2023-10-17 18:45:49,983 [EventQueue-NodeRegistrationContainerReportForDataNodeSafeModeRule] INFO  safemode.SCMSafeModeManager (SCMSafeModeManager.java:completePreCheck(229)) - All SCM safe mode pre check rules have passed
2023-10-17 18:45:49,983 [EventQueue-NodeRegistrationContainerReportForDataNodeSafeModeRule] INFO  ha.SCMContext (SCMContext.java:updateSafeModeStatus(230)) - Update SafeModeStatus from SafeModeStatus{safeModeStatus=true, preCheckPassed=false} to SafeModeStatus{safeModeStatus=true, preCheckPassed=true}.
2023-10-17 18:45:49,983 [EventQueue-NodeRegistrationContainerReportForDataNodeSafeModeRule] INFO  pipeline.BackgroundPipelineCreator (BackgroundPipelineCreator.java:notifyEventTriggered(277)) - trigger a one-shot run on RatisPipelineUtilsThread.
2023-10-17 18:45:49,984 [RatisPipelineUtilsThread - 0] INFO  pipeline.RatisPipelineProvider (RatisPipelineProvider.java:lambda$create$0(206)) - Sending CreatePipelineCommand for pipeline:PipelineID=570764fe-283e-416f-81d9-a1d9142b5b6e to datanode:7abc303f-f695-4fbc-aa63-fcdea332bcbc
2023-10-17 18:45:49,984 [RatisPipelineUtilsThread - 0] INFO  pipeline.BackgroundPipelineCreator (BackgroundPipelineCreator.java:createPipelines(233)) - Created new pipeline Pipeline[ Id: 570764fe-283e-416f-81d9-a1d9142b5b6e, Nodes: 7abc303f-f695-4fbc-aa63-fcdea332bcbc(fv-az189-115/10.1.0.25), ReplicationConfig: RATIS/ONE, State:ALLOCATED, leaderId:, CreationTimestamp2023-10-17T18:45:49.984Z[Etc/UTC]]
2023-10-17 18:45:49,985 [RatisPipelineUtilsThread - 0] INFO  pipeline.RatisPipelineProvider (RatisPipelineProvider.java:lambda$create$0(206)) - Sending CreatePipelineCommand for pipeline:PipelineID=f96e4181-aff9-4e8f-9558-d969b0d801aa to datanode:7abc303f-f695-4fbc-aa63-fcdea332bcbc
2023-10-17 18:45:49,985 [RatisPipelineUtilsThread - 0] INFO  pipeline.RatisPipelineProvider (RatisPipelineProvider.java:lambda$create$0(206)) - Sending CreatePipelineCommand for pipeline:PipelineID=f96e4181-aff9-4e8f-9558-d969b0d801aa to datanode:eb2139cf-2f93-40e0-8f6b-119ef4e9cafb
2023-10-17 18:45:49,985 [RatisPipelineUtilsThread - 0] INFO  pipeline.RatisPipelineProvider (RatisPipelineProvider.java:lambda$create$0(206)) - Sending CreatePipelineCommand for pipeline:PipelineID=f96e4181-aff9-4e8f-9558-d969b0d801aa to datanode:6484543a-767b-4be3-933a-0df7ebf5f58a
2023-10-17 18:45:49,985 [RatisPipelineUtilsThread - 0] INFO  pipeline.BackgroundPipelineCreator (BackgroundPipelineCreator.java:createPipelines(233)) - Created new pipeline Pipeline[ Id: f96e4181-aff9-4e8f-9558-d969b0d801aa, Nodes: 7abc303f-f695-4fbc-aa63-fcdea332bcbc(fv-az189-115/10.1.0.25)eb2139cf-2f93-40e0-8f6b-119ef4e9cafb(fv-az189-115/10.1.0.25)6484543a-767b-4be3-933a-0df7ebf5f58a(fv-az189-115/10.1.0.25), ReplicationConfig: RATIS/THREE, State:ALLOCATED, leaderId:, CreationTimestamp2023-10-17T18:45:49.985Z[Etc/UTC]]
2023-10-17 18:45:49,986 [RatisPipelineUtilsThread - 0] INFO  pipeline.RatisPipelineProvider (RatisPipelineProvider.java:lambda$create$0(206)) - Sending CreatePipelineCommand for pipeline:PipelineID=f5eb600c-7ac4-4c4b-8b4e-67dd6ffdd51e to datanode:6484543a-767b-4be3-933a-0df7ebf5f58a
2023-10-17 18:45:49,986 [RatisPipelineUtilsThread - 0] INFO  pipeline.RatisPipelineProvider (RatisPipelineProvider.java:lambda$create$0(206)) - Sending CreatePipelineCommand for pipeline:PipelineID=f5eb600c-7ac4-4c4b-8b4e-67dd6ffdd51e to datanode:7abc303f-f695-4fbc-aa63-fcdea332bcbc
2023-10-17 18:45:49,986 [RatisPipelineUtilsThread - 0] INFO  pipeline.RatisPipelineProvider (RatisPipelineProvider.java:lambda$create$0(206)) - Sending CreatePipelineCommand for pipeline:PipelineID=f5eb600c-7ac4-4c4b-8b4e-67dd6ffdd51e to datanode:eb2139cf-2f93-40e0-8f6b-119ef4e9cafb
2023-10-17 18:45:49,987 [RatisPipelineUtilsThread - 0] INFO  pipeline.PipelineManagerImpl (PipelineManagerImpl.java:recordMetricsForPipeline(895)) - Pipeline: PipelineID=f5eb600c-7ac4-4c4b-8b4e-67dd6ffdd51e contains same datanodes as previous pipelines: PipelineID=f96e4181-aff9-4e8f-9558-d969b0d801aa nodeIds: 6484543a-767b-4be3-933a-0df7ebf5f58a, 7abc303f-f695-4fbc-aa63-fcdea332bcbc, eb2139cf-2f93-40e0-8f6b-119ef4e9cafb
2023-10-17 18:45:49,987 [RatisPipelineUtilsThread - 0] INFO  pipeline.BackgroundPipelineCreator (BackgroundPipelineCreator.java:createPipelines(233)) - Created new pipeline Pipeline[ Id: f5eb600c-7ac4-4c4b-8b4e-67dd6ffdd51e, Nodes: 6484543a-767b-4be3-933a-0df7ebf5f58a(fv-az189-115/10.1.0.25)7abc303f-f695-4fbc-aa63-fcdea332bcbc(fv-az189-115/10.1.0.25)eb2139cf-2f93-40e0-8f6b-119ef4e9cafb(fv-az189-115/10.1.0.25), ReplicationConfig: RATIS/THREE, State:ALLOCATED, leaderId:, CreationTimestamp2023-10-17T18:45:49.986Z[Etc/UTC]]
2023-10-17 18:45:50,979 [Time-limited test] INFO  ozone.MiniOzoneClusterImpl (MiniOzoneClusterImpl.java:lambda$waitForClusterToBeReady$0(229)) - Nodes are ready. Got 3 of 3 DN Heartbeats.
2023-10-17 18:45:50,979 [Time-limited test] INFO  ozone.MiniOzoneClusterImpl (MiniOzoneClusterImpl.java:lambda$waitForClusterToBeReady$0(232)) - Waiting for cluster to exit safe mode
2023-10-17 18:45:50,980 [Time-limited test] INFO  ozone.MiniOzoneClusterImpl (MiniOzoneClusterImpl.java:lambda$waitForClusterToBeReady$0(234)) - SCM became leader
2023-10-17 18:45:51,456 [EndpointStateMachine task thread for /0.0.0.0:15228 - 0 ] DEBUG endpoint.HeartbeatEndpointTask (HeartbeatEndpointTask.java:call(182)) - Sending heartbeat message :: datanodeDetails {
  uuid: "6484543a-767b-4be3-933a-0df7ebf5f58a"
  ipAddress: "10.1.0.25"
  hostName: "fv-az189-115"
  ports {
    name: "HTTP"
    value: 15235
  }
  ports {
    name: "CLIENT_RPC"
    value: 15236
  }
  ports {
    name: "REPLICATION"
    value: 15242
  }
  ports {
    name: "RATIS"
    value: 15238
  }
  ports {
    name: "RATIS_ADMIN"
    value: 15239
  }
  ports {
    name: "RATIS_SERVER"
    value: 15240
  }
  ports {
    name: "RATIS_DATASTREAM"
    value: 15241
  }
  ports {
    name: "STANDALONE"
    value: 15237
  }
  networkName: "6484543a-767b-4be3-933a-0df7ebf5f58a"
  networkLocation: "/rack1"
  persistedOpStateExpiry: 0
  uuid128 {
    mostSigBits: 7243006710791228387
    leastSigBits: -7837936843018078838
  }
}
dataNodeLayoutVersion {
  metadataLayoutVersion: 7
  softwareLayoutVersion: 7
}
commandQueueReport {
  command: createPipelineCommand
  command: deleteBlocksCommand
  command: closeContainerCommand
  command: replicateContainerCommand
  command: deleteContainerCommand
  command: closePipelineCommand
  command: setNodeOperationalStateCommand
  command: finalizeNewLayoutVersionCommand
  command: reconstructECContainersCommand
  command: refreshVolumeUsageInfo
  count: 0
  count: 0
  count: 0
  count: 0
  count: 0
  count: 0
  count: 0
  count: 0
  count: 0
  count: 0
}

2023-10-17 18:45:51,461 [EndpointStateMachine task thread for /0.0.0.0:15228 - 0 ] DEBUG endpoint.HeartbeatEndpointTask (HeartbeatEndpointTask.java:processResponse(377)) - Received SCM create pipeline request PipelineID=470f416f-e437-4778-a579-d90dc10088d6
2023-10-17 18:45:51,461 [EndpointStateMachine task thread for /0.0.0.0:15228 - 0 ] DEBUG endpoint.HeartbeatEndpointTask (HeartbeatEndpointTask.java:processResponse(377)) - Received SCM create pipeline request PipelineID=f96e4181-aff9-4e8f-9558-d969b0d801aa
2023-10-17 18:45:51,461 [EndpointStateMachine task thread for /0.0.0.0:15228 - 0 ] DEBUG endpoint.HeartbeatEndpointTask (HeartbeatEndpointTask.java:processResponse(377)) - Received SCM create pipeline request PipelineID=f5eb600c-7ac4-4c4b-8b4e-67dd6ffdd51e
2023-10-17 18:45:51,729 [EndpointStateMachine task thread for /0.0.0.0:15228 - 0 ] DEBUG endpoint.HeartbeatEndpointTask (HeartbeatEndpointTask.java:call(182)) - Sending heartbeat message :: datanodeDetails {
  uuid: "eb2139cf-2f93-40e0-8f6b-119ef4e9cafb"
  ipAddress: "10.1.0.25"
  hostName: "fv-az189-115"
  ports {
    name: "HTTP"
    value: 15244
  }
  ports {
    name: "CLIENT_RPC"
    value: 15245
  }
  ports {
    name: "REPLICATION"
    value: 15251
  }
  ports {
    name: "RATIS"
    value: 15247
  }
  ports {
    name: "RATIS_ADMIN"
    value: 15248
  }
  ports {
    name: "RATIS_SERVER"
    value: 15249
  }
  ports {
    name: "RATIS_DATASTREAM"
    value: 15250
  }
  ports {
    name: "STANDALONE"
    value: 15246
  }
  networkName: "eb2139cf-2f93-40e0-8f6b-119ef4e9cafb"
  networkLocation: "/rack1"
  persistedOpStateExpiry: 0
  uuid128 {
    mostSigBits: -1503857238545841952
    leastSigBits: -8112370929366349061
  }
}
dataNodeLayoutVersion {
  metadataLayoutVersion: 7
  softwareLayoutVersion: 7
}
commandQueueReport {
  command: createPipelineCommand
  command: deleteBlocksCommand
  command: closeContainerCommand
  command: replicateContainerCommand
  command: deleteContainerCommand
  command: closePipelineCommand
  command: setNodeOperationalStateCommand
  command: finalizeNewLayoutVersionCommand
  command: reconstructECContainersCommand
  command: refreshVolumeUsageInfo
  count: 0
  count: 0
  count: 0
  count: 0
  count: 0
  count: 0
  count: 0
  count: 0
  count: 0
  count: 0
}

2023-10-17 18:45:51,731 [EndpointStateMachine task thread for /0.0.0.0:15228 - 0 ] DEBUG endpoint.HeartbeatEndpointTask (HeartbeatEndpointTask.java:processResponse(377)) - Received SCM create pipeline request PipelineID=0cdbbf1d-a43a-4ba0-889b-9d5c6c4fd5ca
2023-10-17 18:45:51,731 [EndpointStateMachine task thread for /0.0.0.0:15228 - 0 ] DEBUG endpoint.HeartbeatEndpointTask (HeartbeatEndpointTask.java:processResponse(377)) - Received SCM create pipeline request PipelineID=f96e4181-aff9-4e8f-9558-d969b0d801aa
2023-10-17 18:45:51,731 [EndpointStateMachine task thread for /0.0.0.0:15228 - 0 ] DEBUG endpoint.HeartbeatEndpointTask (HeartbeatEndpointTask.java:processResponse(377)) - Received SCM create pipeline request PipelineID=f5eb600c-7ac4-4c4b-8b4e-67dd6ffdd51e
2023-10-17 18:45:51,980 [Time-limited test] INFO  ozone.MiniOzoneClusterImpl (MiniOzoneClusterImpl.java:lambda$waitForClusterToBeReady$0(229)) - Nodes are ready. Got 3 of 3 DN Heartbeats.
2023-10-17 18:45:51,980 [Time-limited test] INFO  ozone.MiniOzoneClusterImpl (MiniOzoneClusterImpl.java:lambda$waitForClusterToBeReady$0(232)) - Waiting for cluster to exit safe mode
2023-10-17 18:45:51,980 [Time-limited test] INFO  ozone.MiniOzoneClusterImpl (MiniOzoneClusterImpl.java:lambda$waitForClusterToBeReady$0(234)) - SCM became leader
2023-10-17 18:45:51,980 [EndpointStateMachine task thread for /0.0.0.0:15228 - 0 ] DEBUG endpoint.HeartbeatEndpointTask (HeartbeatEndpointTask.java:call(182)) - Sending heartbeat message :: datanodeDetails {
  uuid: "7abc303f-f695-4fbc-aa63-fcdea332bcbc"
  ipAddress: "10.1.0.25"
  hostName: "fv-az189-115"
  ports {
    name: "HTTP"
    value: 15253
  }
  ports {
    name: "CLIENT_RPC"
    value: 15254
  }
  ports {
    name: "REPLICATION"
    value: 15260
  }
  ports {
    name: "RATIS"
    value: 15256
  }
  ports {
    name: "RATIS_ADMIN"
    value: 15257
  }
  ports {
    name: "RATIS_SERVER"
    value: 15258
  }
  ports {
    name: "RATIS_DATASTREAM"
    value: 15259
  }
  ports {
    name: "STANDALONE"
    value: 15255
  }
  networkName: "7abc303f-f695-4fbc-aa63-fcdea332bcbc"
  networkLocation: "/rack1"
  persistedOpStateExpiry: 0
  uuid128 {
    mostSigBits: 8843996819526864828
    leastSigBits: -6168809031416496964
  }
}
dataNodeLayoutVersion {
  metadataLayoutVersion: 7
  softwareLayoutVersion: 7
}
commandQueueReport {
  command: createPipelineCommand
  command: deleteBlocksCommand
  command: closeContainerCommand
  command: replicateContainerCommand
  command: deleteContainerCommand
  command: closePipelineCommand
  command: setNodeOperationalStateCommand
  command: finalizeNewLayoutVersionCommand
  command: reconstructECContainersCommand
  command: refreshVolumeUsageInfo
  count: 0
  count: 0
  count: 0
  count: 0
  count: 0
  count: 0
  count: 0
  count: 0
  count: 0
  count: 0
}

2023-10-17 18:45:51,983 [EndpointStateMachine task thread for /0.0.0.0:15228 - 0 ] DEBUG endpoint.HeartbeatEndpointTask (HeartbeatEndpointTask.java:processResponse(377)) - Received SCM create pipeline request PipelineID=570764fe-283e-416f-81d9-a1d9142b5b6e
2023-10-17 18:45:51,983 [EndpointStateMachine task thread for /0.0.0.0:15228 - 0 ] DEBUG endpoint.HeartbeatEndpointTask (HeartbeatEndpointTask.java:processResponse(377)) - Received SCM create pipeline request PipelineID=f96e4181-aff9-4e8f-9558-d969b0d801aa
2023-10-17 18:45:51,983 [EndpointStateMachine task thread for /0.0.0.0:15228 - 0 ] DEBUG endpoint.HeartbeatEndpointTask (HeartbeatEndpointTask.java:processResponse(377)) - Received SCM create pipeline request PipelineID=f5eb600c-7ac4-4c4b-8b4e-67dd6ffdd51e
2023-10-17 18:45:52,455 [EndpointStateMachine task thread for /0.0.0.0:15228 - 0 ] DEBUG endpoint.HeartbeatEndpointTask (HeartbeatEndpointTask.java:call(182)) - Sending heartbeat message :: datanodeDetails {
  uuid: "6484543a-767b-4be3-933a-0df7ebf5f58a"
  ipAddress: "10.1.0.25"
  hostName: "fv-az189-115"
  ports {
    name: "HTTP"
    value: 15235
  }
  ports {
    name: "CLIENT_RPC"
    value: 15236
  }
  ports {
    name: "REPLICATION"
    value: 15242
  }
  ports {
    name: "RATIS"
    value: 15238
  }
  ports {
    name: "RATIS_ADMIN"
    value: 15239
  }
  ports {
    name: "RATIS_SERVER"
    value: 15240
  }
  ports {
    name: "RATIS_DATASTREAM"
    value: 15241
  }
  ports {
    name: "STANDALONE"
    value: 15237
  }
  networkName: "6484543a-767b-4be3-933a-0df7ebf5f58a"
  networkLocation: "/rack1"
  persistedOpStateExpiry: 0
  uuid128 {
    mostSigBits: 7243006710791228387
    leastSigBits: -7837936843018078838
  }
}
dataNodeLayoutVersion {
  metadataLayoutVersion: 7
  softwareLayoutVersion: 7
}
commandQueueReport {
  command: createPipelineCommand
  command: deleteBlocksCommand
  command: closeContainerCommand
  command: replicateContainerCommand
  command: deleteContainerCommand
  command: closePipelineCommand
  command: setNodeOperationalStateCommand
  command: finalizeNewLayoutVersionCommand
  command: reconstructECContainersCommand
  command: refreshVolumeUsageInfo
  count: 3
  count: 0
  count: 0
  count: 0
  count: 0
  count: 0
  count: 0
  count: 0
  count: 0
  count: 0
}

2023-10-17 18:45:52,462 [PipelineCommandHandlerThread-0] INFO  server.RaftServer (RaftServerProxy.java:addNew(98)) - 6484543a-767b-4be3-933a-0df7ebf5f58a: addNew group-D90DC10088D6:[6484543a-767b-4be3-933a-0df7ebf5f58a|rpc:10.1.0.25:15240|admin:10.1.0.25:15239|client:10.1.0.25:15238|dataStream:10.1.0.25:15241|priority:1|startupRole:FOLLOWER] returns group-D90DC10088D6:java.util.concurrent.CompletableFuture@5deadc8e[Not completed]
2023-10-17 18:45:52,463 [6484543a-767b-4be3-933a-0df7ebf5f58a-groupManagement] INFO  server.RaftServer$Division (RaftServerImpl.java:<init>(198)) - 6484543a-767b-4be3-933a-0df7ebf5f58a: new RaftServerImpl for group-D90DC10088D6:[6484543a-767b-4be3-933a-0df7ebf5f58a|rpc:10.1.0.25:15240|admin:10.1.0.25:15239|client:10.1.0.25:15238|dataStream:10.1.0.25:15241|priority:1|startupRole:FOLLOWER] with ContainerStateMachine:uninitialized
2023-10-17 18:45:52,463 [6484543a-767b-4be3-933a-0df7ebf5f58a-groupManagement] INFO  server.RaftServerConfigKeys (ConfUtils.java:logGet(46)) - raft.server.rpc.timeout.min = 5s (custom)
2023-10-17 18:45:52,463 [6484543a-767b-4be3-933a-0df7ebf5f58a-groupManagement] INFO  server.RaftServerConfigKeys (ConfUtils.java:logGet(46)) - raft.server.rpc.timeout.max = 5200ms (custom)
2023-10-17 18:45:52,463 [6484543a-767b-4be3-933a-0df7ebf5f58a-groupManagement] INFO  server.RaftServerConfigKeys (ConfUtils.java:logGet(46)) - raft.server.rpc.sleep.time = 25ms (default)
2023-10-17 18:45:52,464 [6484543a-767b-4be3-933a-0df7ebf5f58a-groupManagement] INFO  server.RaftServerConfigKeys (ConfUtils.java:logGet(46)) - raft.server.rpc.slowness.timeout = 300s (custom)
2023-10-17 18:45:52,464 [6484543a-767b-4be3-933a-0df7ebf5f58a-groupManagement] INFO  server.RaftServerConfigKeys (ConfUtils.java:logGet(46)) - raft.server.leaderelection.leader.step-down.wait-time = 10s (default)
2023-10-17 18:45:52,464 [6484543a-767b-4be3-933a-0df7ebf5f58a-groupManagement] INFO  server.RaftServerConfigKeys (ConfUtils.java:logGet(46)) - raft.server.sleep.deviation.threshold = 300ms (default)
2023-10-17 18:45:52,464 [6484543a-767b-4be3-933a-0df7ebf5f58a-groupManagement] INFO  server.RaftServer$Division (ServerState.java:<init>(120)) - 6484543a-767b-4be3-933a-0df7ebf5f58a@group-D90DC10088D6: ConfigurationManager, init=-1: peers:[6484543a-767b-4be3-933a-0df7ebf5f58a|rpc:10.1.0.25:15240|admin:10.1.0.25:15239|client:10.1.0.25:15238|dataStream:10.1.0.25:15241|priority:1|startupRole:FOLLOWER]|listeners:[], old=null, confs=<EMPTY_MAP>
2023-10-17 18:45:52,464 [6484543a-767b-4be3-933a-0df7ebf5f58a-groupManagement] INFO  server.RaftServerConfigKeys (ConfUtils.java:logGet(46)) - raft.server.storage.dir = [/home/runner/work/ozone/ozone/hadoop-ozone/integration-test/target/test-dir/MiniOzoneClusterImpl-1ddacd7d-4aab-443e-9cce-7616e57ab4b1/datanode-0/data/ratis] (custom)
2023-10-17 18:45:52,464 [6484543a-767b-4be3-933a-0df7ebf5f58a-groupManagement] INFO  server.RaftServerConfigKeys (ConfUtils.java:logGet(46)) - raft.server.log.corruption.policy = EXCEPTION (default)
2023-10-17 18:45:52,464 [6484543a-767b-4be3-933a-0df7ebf5f58a-groupManagement] INFO  server.RaftServerConfigKeys (ConfUtils.java:logGet(46)) - raft.server.storage.free-space.min = 0MB (=0) (default)
2023-10-17 18:45:52,464 [6484543a-767b-4be3-933a-0df7ebf5f58a-groupManagement] INFO  server.RaftServerConfigKeys (ConfUtils.java:logGet(46)) - raft.server.notification.no-leader.timeout = 300s (custom)
2023-10-17 18:45:52,464 [6484543a-767b-4be3-933a-0df7ebf5f58a-groupManagement] INFO  server.RaftServerConfigKeys (ConfUtils.java:logGet(46)) - raft.server.read.timeout = 10s (default)
2023-10-17 18:45:52,464 [6484543a-767b-4be3-933a-0df7ebf5f58a-groupManagement] INFO  server.RaftServerConfigKeys (ConfUtils.java:logGet(46)) - raft.server.retrycache.expirytime = 600000ms (custom)
2023-10-17 18:45:52,464 [6484543a-767b-4be3-933a-0df7ebf5f58a-groupManagement] INFO  server.RaftServerConfigKeys (ConfUtils.java:logGet(46)) - raft.server.retrycache.statistics.expirytime = 100μs (default)
2023-10-17 18:45:52,464 [6484543a-767b-4be3-933a-0df7ebf5f58a-groupManagement] INFO  server.RaftServerConfigKeys (ConfUtils.java:logGet(46)) - raft.server.read.option = DEFAULT (default)
2023-10-17 18:45:52,465 [6484543a-767b-4be3-933a-0df7ebf5f58a-groupManagement] INFO  server.RaftServerConfigKeys (ConfUtils.java:logGet(46)) - raft.server.rpc.request.timeout = 60s (custom)
2023-10-17 18:45:52,465 [6484543a-767b-4be3-933a-0df7ebf5f58a-groupManagement] INFO  server.RaftServerConfigKeys (ConfUtils.java:logGet(46)) - raft.server.log.appender.install.snapshot.enabled = false (custom)
2023-10-17 18:45:52,465 [6484543a-767b-4be3-933a-0df7ebf5f58a-groupManagement] INFO  server.RaftServerConfigKeys (ConfUtils.java:logGet(46)) - raft.server.threadpool.server.cached = true (default)
2023-10-17 18:45:52,465 [6484543a-767b-4be3-933a-0df7ebf5f58a-groupManagement] INFO  server.RaftServerConfigKeys (ConfUtils.java:logGet(46)) - raft.server.threadpool.server.size = 0 (default)
2023-10-17 18:45:52,465 [6484543a-767b-4be3-933a-0df7ebf5f58a-groupManagement] INFO  server.RaftServerConfigKeys (ConfUtils.java:logGet(46)) - raft.server.threadpool.client.cached = true (default)
2023-10-17 18:45:52,465 [6484543a-767b-4be3-933a-0df7ebf5f58a-groupManagement] INFO  server.RaftServerConfigKeys (ConfUtils.java:logGet(46)) - raft.server.threadpool.client.size = 0 (default)
2023-10-17 18:45:52,465 [6484543a-767b-4be3-933a-0df7ebf5f58a-groupManagement] INFO  storage.RaftStorageDirectory (RaftStorageDirectoryImpl.java:analyzeStorage(137)) - The storage directory /home/runner/work/ozone/ozone/hadoop-ozone/integration-test/target/test-dir/MiniOzoneClusterImpl-1ddacd7d-4aab-443e-9cce-7616e57ab4b1/datanode-0/data/ratis/470f416f-e437-4778-a579-d90dc10088d6 does not exist. Creating ...
2023-10-17 18:45:52,467 [6484543a-767b-4be3-933a-0df7ebf5f58a-groupManagement] INFO  storage.RaftStorageDirectory (RaftStorageDirectoryImpl.java:tryLock(231)) - Lock on /home/runner/work/ozone/ozone/hadoop-ozone/integration-test/target/test-dir/MiniOzoneClusterImpl-1ddacd7d-4aab-443e-9cce-7616e57ab4b1/datanode-0/data/ratis/470f416f-e437-4778-a579-d90dc10088d6/in_use.lock acquired by nodename 31914@fv-az189-115
2023-10-17 18:45:52,468 [6484543a-767b-4be3-933a-0df7ebf5f58a-groupManagement] INFO  storage.RaftStorage (RaftStorageImpl.java:format(96)) - Storage directory /home/runner/work/ozone/ozone/hadoop-ozone/integration-test/target/test-dir/MiniOzoneClusterImpl-1ddacd7d-4aab-443e-9cce-7616e57ab4b1/datanode-0/data/ratis/470f416f-e437-4778-a579-d90dc10088d6 has been successfully formatted.
2023-10-17 18:45:52,473 [EndpointStateMachine task thread for /0.0.0.0:15228 - 0 ] DEBUG endpoint.HeartbeatEndpointTask (HeartbeatEndpointTask.java:call(182)) - Sending heartbeat message :: datanodeDetails {
  uuid: "6484543a-767b-4be3-933a-0df7ebf5f58a"
  ipAddress: "10.1.0.25"
  hostName: "fv-az189-115"
  ports {
    name: "HTTP"
    value: 15235
  }
  ports {
    name: "CLIENT_RPC"
    value: 15236
  }
  ports {
    name: "REPLICATION"
    value: 15242
  }
  ports {
    name: "RATIS"
    value: 15238
  }
  ports {
    name: "RATIS_ADMIN"
    value: 15239
  }
  ports {
    name: "RATIS_SERVER"
    value: 15240
  }
  ports {
    name: "RATIS_DATASTREAM"
    value: 15241
  }
  ports {
    name: "STANDALONE"
    value: 15237
  }
  networkName: "6484543a-767b-4be3-933a-0df7ebf5f58a"
  networkLocation: "/rack1"
  persistedOpStateExpiry: 0
  uuid128 {
    mostSigBits: 7243006710791228387
    leastSigBits: -7837936843018078838
  }
}
pipelineReports {
  pipelineReport {
    pipelineID {
      id: "470f416f-e437-4778-a579-d90dc10088d6"
      uuid128 {
        mostSigBits: 5120383250169546616
        leastSigBits: -6522943932173612842
      }
    }
    isLeader: false
    bytesWritten: 0
  }
}
dataNodeLayoutVersion {
  metadataLayoutVersion: 7
  softwareLayoutVersion: 7
}
commandQueueReport {
  command: createPipelineCommand
  command: deleteBlocksCommand
  command: closeContainerCommand
  command: replicateContainerCommand
  command: deleteContainerCommand
  command: closePipelineCommand
  command: setNodeOperationalStateCommand
  command: finalizeNewLayoutVersionCommand
  command: reconstructECContainersCommand
  command: refreshVolumeUsageInfo
  count: 3
  count: 0
  count: 0
  count: 0
  count: 0
  count: 0
  count: 0
  count: 0
  count: 0
  count: 0
}

2023-10-17 18:45:52,473 [6484543a-767b-4be3-933a-0df7ebf5f58a-groupManagement] INFO  ratis.ContainerStateMachine (ContainerStateMachine.java:loadSnapshot(262)) - group-D90DC10088D6: The snapshot info is null. Setting the last applied indexto:(t:0, i:~)
2023-10-17 18:45:52,473 [6484543a-767b-4be3-933a-0df7ebf5f58a-groupManagement] INFO  server.RaftServerConfigKeys (ConfUtils.java:logGet(46)) - raft.server.log.use.memory = false (default)
2023-10-17 18:45:52,473 [6484543a-767b-4be3-933a-0df7ebf5f58a-groupManagement] INFO  server.RaftServerConfigKeys (ConfUtils.java:logGet(46)) - raft.server.log.purge.gap = 1000000 (custom)
2023-10-17 18:45:52,474 [6484543a-767b-4be3-933a-0df7ebf5f58a-groupManagement] INFO  server.RaftServerConfigKeys (ConfUtils.java:logGet(46)) - raft.server.log.appender.buffer.byte-limit = 33554432 (custom)
2023-10-17 18:45:52,474 [6484543a-767b-4be3-933a-0df7ebf5f58a-groupManagement] INFO  server.RaftServerConfigKeys (ConfUtils.java:logGet(46)) - raft.server.log.statemachine.data.read.timeout = 1000ms (default)
2023-10-17 18:45:52,474 [6484543a-767b-4be3-933a-0df7ebf5f58a-groupManagement] INFO  server.RaftServerConfigKeys (ConfUtils.java:logGet(46)) - raft.server.log.purge.preservation.log.num = 0 (default)
2023-10-17 18:45:52,475 [EventQueue-PipelineReportForPipelineReportHandler] INFO  pipeline.PipelineReportHandler (PipelineReportHandler.java:processPipelineReport(136)) - Opened pipeline PipelineID=470f416f-e437-4778-a579-d90dc10088d6
2023-10-17 18:45:52,485 [6484543a-767b-4be3-933a-0df7ebf5f58a-groupManagement] INFO  server.RaftServerConfigKeys (ConfUtils.java:logGet(46)) - raft.server.log.segment.size.max = 1048576 (custom)
2023-10-17 18:45:52,486 [6484543a-767b-4be3-933a-0df7ebf5f58a-groupManagement] INFO  server.RaftServerConfigKeys (ConfUtils.java:logGet(46)) - raft.server.log.segment.cache.num.max = 2 (custom)
2023-10-17 18:45:52,486 [6484543a-767b-4be3-933a-0df7ebf5f58a-groupManagement] INFO  server.RaftServerConfigKeys (ConfUtils.java:logGet(46)) - raft.server.log.segment.cache.size.max = 200MB (=209715200) (default)
2023-10-17 18:45:52,486 [6484543a-767b-4be3-933a-0df7ebf5f58a-groupManagement] INFO  server.RaftServerConfigKeys (ConfUtils.java:logGet(46)) - raft.server.log.appender.buffer.byte-limit = 33554432 (custom)
2023-10-17 18:45:52,486 [6484543a-767b-4be3-933a-0df7ebf5f58a-groupManagement] INFO  segmented.SegmentedRaftLogWorker (SegmentedRaftLogWorker.java:<init>(188)) - new 6484543a-767b-4be3-933a-0df7ebf5f58a@group-D90DC10088D6-SegmentedRaftLogWorker for RaftStorageImpl:Storage Directory /home/runner/work/ozone/ozone/hadoop-ozone/integration-test/target/test-dir/MiniOzoneClusterImpl-1ddacd7d-4aab-443e-9cce-7616e57ab4b1/datanode-0/data/ratis/470f416f-e437-4778-a579-d90dc10088d6
2023-10-17 18:45:52,486 [6484543a-767b-4be3-933a-0df7ebf5f58a-groupManagement] INFO  server.RaftServerConfigKeys (ConfUtils.java:logGet(46)) - raft.server.log.queue.byte-limit = 4294967296 (custom)
2023-10-17 18:45:52,486 [6484543a-767b-4be3-933a-0df7ebf5f58a-groupManagement] INFO  server.RaftServerConfigKeys (ConfUtils.java:logGet(46)) - raft.server.log.queue.element-limit = 1024 (custom)
2023-10-17 18:45:52,486 [6484543a-767b-4be3-933a-0df7ebf5f58a-groupManagement] INFO  server.RaftServerConfigKeys (ConfUtils.java:logGet(46)) - raft.server.log.segment.size.max = 1048576 (custom)
2023-10-17 18:45:52,486 [6484543a-767b-4be3-933a-0df7ebf5f58a-groupManagement] INFO  server.RaftServerConfigKeys (ConfUtils.java:logGet(46)) - raft.server.log.preallocated.size = 16384 (custom)
2023-10-17 18:45:52,486 [6484543a-767b-4be3-933a-0df7ebf5f58a-groupManagement] INFO  server.RaftServerConfigKeys (ConfUtils.java:logGet(46)) - raft.server.log.force.sync.num = 128 (default)
2023-10-17 18:45:52,486 [6484543a-767b-4be3-933a-0df7ebf5f58a-groupManagement] INFO  server.RaftServerConfigKeys (ConfUtils.java:logGet(46)) - raft.server.log.statemachine.data.sync = true (default)
2023-10-17 18:45:52,486 [6484543a-767b-4be3-933a-0df7ebf5f58a-groupManagement] INFO  server.RaftServerConfigKeys (ConfUtils.java:logGet(46)) - raft.server.log.statemachine.data.sync.timeout = 10s (default)
2023-10-17 18:45:52,486 [6484543a-767b-4be3-933a-0df7ebf5f58a-groupManagement] INFO  server.RaftServerConfigKeys (ConfUtils.java:logGet(46)) - raft.server.log.statemachine.data.sync.timeout.retry = -1 (default)
2023-10-17 18:45:52,487 [6484543a-767b-4be3-933a-0df7ebf5f58a-groupManagement] INFO  server.RaftServerConfigKeys (ConfUtils.java:logGet(46)) - raft.server.log.write.buffer.size = 1048576 (custom)
2023-10-17 18:45:52,487 [6484543a-767b-4be3-933a-0df7ebf5f58a-groupManagement] INFO  server.RaftServerConfigKeys (ConfUtils.java:logGet(46)) - raft.server.log.appender.buffer.byte-limit = 33554432 (custom)
2023-10-17 18:45:52,492 [6484543a-767b-4be3-933a-0df7ebf5f58a-groupManagement] INFO  server.RaftServerConfigKeys (ConfUtils.java:logGet(46)) - raft.server.log.unsafe-flush.enabled = false (default)
2023-10-17 18:45:52,492 [6484543a-767b-4be3-933a-0df7ebf5f58a-groupManagement] INFO  server.RaftServerConfigKeys (ConfUtils.java:logGet(46)) - raft.server.log.async-flush.enabled = false (default)
2023-10-17 18:45:52,492 [6484543a-767b-4be3-933a-0df7ebf5f58a-groupManagement] INFO  server.RaftServerConfigKeys (ConfUtils.java:logGet(46)) - raft.server.log.statemachine.data.caching.enabled = true (custom)
2023-10-17 18:45:52,492 [6484543a-767b-4be3-933a-0df7ebf5f58a-groupManagement] INFO  segmented.SegmentedRaftLogWorker (SegmentedRaftLogWorker.java:lambda$new$0(135)) - 6484543a-767b-4be3-933a-0df7ebf5f58a@group-D90DC10088D6-SegmentedRaftLogWorker: flushIndex: setUnconditionally 0 -> -1
2023-10-17 18:45:52,492 [6484543a-767b-4be3-933a-0df7ebf5f58a-groupManagement] INFO  segmented.SegmentedRaftLogWorker (SegmentedRaftLogWorker.java:lambda$new$0(135)) - 6484543a-767b-4be3-933a-0df7ebf5f58a@group-D90DC10088D6-SegmentedRaftLogWorker: safeCacheEvictIndex: setUnconditionally 0 -> -1
2023-10-17 18:45:52,502 [6484543a-767b-4be3-933a-0df7ebf5f58a-groupManagement] INFO  server.RaftServer$Division (RaftServerImpl.java:start(342)) - 6484543a-767b-4be3-933a-0df7ebf5f58a@group-D90DC10088D6: start as a follower, conf=-1: peers:[6484543a-767b-4be3-933a-0df7ebf5f58a|rpc:10.1.0.25:15240|admin:10.1.0.25:15239|client:10.1.0.25:15238|dataStream:10.1.0.25:15241|priority:1|startupRole:FOLLOWER]|listeners:[], old=null
2023-10-17 18:45:52,502 [6484543a-767b-4be3-933a-0df7ebf5f58a-groupManagement] INFO  server.RaftServer$Division (RaftServerImpl.java:setRole(329)) - 6484543a-767b-4be3-933a-0df7ebf5f58a@group-D90DC10088D6: changes role from      null to FOLLOWER at term 0 for startAsFollower
2023-10-17 18:45:52,502 [6484543a-767b-4be3-933a-0df7ebf5f58a-groupManagement] INFO  impl.RoleInfo (RoleInfo.java:updateAndGet(139)) - 6484543a-767b-4be3-933a-0df7ebf5f58a: start 6484543a-767b-4be3-933a-0df7ebf5f58a@group-D90DC10088D6-FollowerState
2023-10-17 18:45:52,511 [6484543a-767b-4be3-933a-0df7ebf5f58a-groupManagement] INFO  util.JmxRegister (JmxRegister.java:tryRegister(44)) - Successfully registered JMX Bean with object name Ratis:service=RaftServer,group=group-D90DC10088D6,id=6484543a-767b-4be3-933a-0df7ebf5f58a
2023-10-17 18:45:52,511 [6484543a-767b-4be3-933a-0df7ebf5f58a@group-D90DC10088D6-FollowerState] INFO  server.RaftServerConfigKeys (ConfUtils.java:logFallback(53)) - raft.server.rpc.first-election.timeout.min = 5s (fallback to raft.server.rpc.timeout.min)
2023-10-17 18:45:52,511 [EventQueue-OpenPipelineForHealthyPipelineSafeModeRule] INFO  safemode.SCMSafeModeManager (HealthyPipelineSafeModeRule.java:process(137)) - SCM in safe mode. Healthy pipelines reported count is 0, required healthy pipeline reported count is 1
2023-10-17 18:45:52,511 [6484543a-767b-4be3-933a-0df7ebf5f58a@group-D90DC10088D6-FollowerState] INFO  server.RaftServerConfigKeys (ConfUtils.java:logFallback(53)) - raft.server.rpc.first-election.timeout.max = 5200ms (fallback to raft.server.rpc.timeout.max)
2023-10-17 18:45:52,511 [6484543a-767b-4be3-933a-0df7ebf5f58a-groupManagement] INFO  server.RaftServerConfigKeys (ConfUtils.java:logGet(46)) - raft.server.snapshot.auto.trigger.enabled = true (custom)
2023-10-17 18:45:52,511 [6484543a-767b-4be3-933a-0df7ebf5f58a-groupManagement] INFO  server.RaftServerConfigKeys (ConfUtils.java:logGet(46)) - raft.server.snapshot.auto.trigger.threshold = 10000 (custom)
2023-10-17 18:45:52,511 [6484543a-767b-4be3-933a-0df7ebf5f58a-groupManagement] INFO  server.RaftServerConfigKeys (ConfUtils.java:logGet(46)) - raft.server.snapshot.retention.file.num = 5 (custom)
2023-10-17 18:45:52,511 [6484543a-767b-4be3-933a-0df7ebf5f58a-groupManagement] INFO  server.RaftServerConfigKeys (ConfUtils.java:logGet(46)) - raft.server.log.purge.upto.snapshot.index = false (default)
2023-10-17 18:45:52,512 [PipelineCommandHandlerThread-0] INFO  ratis.XceiverServerRatis (XceiverServerRatis.java:addGroup(804)) - Created group PipelineID=470f416f-e437-4778-a579-d90dc10088d6
2023-10-17 18:45:52,512 [PipelineCommandHandlerThread-0] INFO  commandhandler.CreatePipelineCommandHandler (CreatePipelineCommandHandler.java:lambda$handle$2(124)) - Created Pipeline RATIS ONE PipelineID=470f416f-e437-4778-a579-d90dc10088d6.
2023-10-17 18:45:52,512 [PipelineCommandHandlerThread-0] INFO  server.RaftServer (RaftServerProxy.java:addNew(98)) - 6484543a-767b-4be3-933a-0df7ebf5f58a: addNew group-D969B0D801AA:[eb2139cf-2f93-40e0-8f6b-119ef4e9cafb|rpc:10.1.0.25:15249|admin:10.1.0.25:15248|client:10.1.0.25:15247|dataStream:10.1.0.25:15250|priority:0|startupRole:FOLLOWER, 7abc303f-f695-4fbc-aa63-fcdea332bcbc|rpc:10.1.0.25:15258|admin:10.1.0.25:15257|client:10.1.0.25:15256|dataStream:10.1.0.25:15259|priority:0|startupRole:FOLLOWER, 6484543a-767b-4be3-933a-0df7ebf5f58a|rpc:10.1.0.25:15240|admin:10.1.0.25:15239|client:10.1.0.25:15238|dataStream:10.1.0.25:15241|priority:1|startupRole:FOLLOWER] returns group-D969B0D801AA:java.util.concurrent.CompletableFuture@59d553eb[Not completed]
2023-10-17 18:45:52,513 [6484543a-767b-4be3-933a-0df7ebf5f58a-groupManagement] INFO  server.RaftServer$Division (RaftServerImpl.java:<init>(198)) - 6484543a-767b-4be3-933a-0df7ebf5f58a: new RaftServerImpl for group-D969B0D801AA:[eb2139cf-2f93-40e0-8f6b-119ef4e9cafb|rpc:10.1.0.25:15249|admin:10.1.0.25:15248|client:10.1.0.25:15247|dataStream:10.1.0.25:15250|priority:0|startupRole:FOLLOWER, 7abc303f-f695-4fbc-aa63-fcdea332bcbc|rpc:10.1.0.25:15258|admin:10.1.0.25:15257|client:10.1.0.25:15256|dataStream:10.1.0.25:15259|priority:0|startupRole:FOLLOWER, 6484543a-767b-4be3-933a-0df7ebf5f58a|rpc:10.1.0.25:15240|admin:10.1.0.25:15239|client:10.1.0.25:15238|dataStream:10.1.0.25:15241|priority:1|startupRole:FOLLOWER] with ContainerStateMachine:uninitialized
2023-10-17 18:45:52,513 [6484543a-767b-4be3-933a-0df7ebf5f58a-groupManagement] INFO  server.RaftServerConfigKeys (ConfUtils.java:logGet(46)) - raft.server.rpc.timeout.min = 5s (custom)
2023-10-17 18:45:52,513 [6484543a-767b-4be3-933a-0df7ebf5f58a-groupManagement] INFO  server.RaftServerConfigKeys (ConfUtils.java:logGet(46)) - raft.server.rpc.timeout.max = 5200ms (custom)
2023-10-17 18:45:52,513 [6484543a-767b-4be3-933a-0df7ebf5f58a-groupManagement] INFO  server.RaftServerConfigKeys (ConfUtils.java:logGet(46)) - raft.server.rpc.sleep.time = 25ms (default)
2023-10-17 18:45:52,513 [6484543a-767b-4be3-933a-0df7ebf5f58a-groupManagement] INFO  server.RaftServerConfigKeys (ConfUtils.java:logGet(46)) - raft.server.rpc.slowness.timeout = 300s (custom)
2023-10-17 18:45:52,513 [6484543a-767b-4be3-933a-0df7ebf5f58a-groupManagement] INFO  server.RaftServerConfigKeys (ConfUtils.java:logGet(46)) - raft.server.leaderelection.leader.step-down.wait-time = 10s (default)
2023-10-17 18:45:52,513 [6484543a-767b-4be3-933a-0df7ebf5f58a-groupManagement] INFO  server.RaftServerConfigKeys (ConfUtils.java:logGet(46)) - raft.server.sleep.deviation.threshold = 300ms (default)
2023-10-17 18:45:52,513 [6484543a-767b-4be3-933a-0df7ebf5f58a-groupManagement] INFO  server.RaftServer$Division (ServerState.java:<init>(120)) - 6484543a-767b-4be3-933a-0df7ebf5f58a@group-D969B0D801AA: ConfigurationManager, init=-1: peers:[eb2139cf-2f93-40e0-8f6b-119ef4e9cafb|rpc:10.1.0.25:15249|admin:10.1.0.25:15248|client:10.1.0.25:15247|dataStream:10.1.0.25:15250|priority:0|startupRole:FOLLOWER, 7abc303f-f695-4fbc-aa63-fcdea332bcbc|rpc:10.1.0.25:15258|admin:10.1.0.25:15257|client:10.1.0.25:15256|dataStream:10.1.0.25:15259|priority:0|startupRole:FOLLOWER, 6484543a-767b-4be3-933a-0df7ebf5f58a|rpc:10.1.0.25:15240|admin:10.1.0.25:15239|client:10.1.0.25:15238|dataStream:10.1.0.25:15241|priority:1|startupRole:FOLLOWER]|listeners:[], old=null, confs=<EMPTY_MAP>
2023-10-17 18:45:52,513 [6484543a-767b-4be3-933a-0df7ebf5f58a-groupManagement] INFO  server.RaftServerConfigKeys (ConfUtils.java:logGet(46)) - raft.server.storage.dir = [/home/runner/work/ozone/ozone/hadoop-ozone/integration-test/target/test-dir/MiniOzoneClusterImpl-1ddacd7d-4aab-443e-9cce-7616e57ab4b1/datanode-0/data/ratis] (custom)
2023-10-17 18:45:52,513 [6484543a-767b-4be3-933a-0df7ebf5f58a-groupManagement] INFO  server.RaftServerConfigKeys (ConfUtils.java:logGet(46)) - raft.server.log.corruption.policy = EXCEPTION (default)
2023-10-17 18:45:52,514 [6484543a-767b-4be3-933a-0df7ebf5f58a-groupManagement] INFO  server.RaftServerConfigKeys (ConfUtils.java:logGet(46)) - raft.server.storage.free-space.min = 0MB (=0) (default)
2023-10-17 18:45:52,514 [6484543a-767b-4be3-933a-0df7ebf5f58a-groupManagement] INFO  server.RaftServerConfigKeys (ConfUtils.java:logGet(46)) - raft.server.notification.no-leader.timeout = 300s (custom)
2023-10-17 18:45:52,514 [6484543a-767b-4be3-933a-0df7ebf5f58a-groupManagement] INFO  server.RaftServerConfigKeys (ConfUtils.java:logGet(46)) - raft.server.read.timeout = 10s (default)
2023-10-17 18:45:52,514 [6484543a-767b-4be3-933a-0df7ebf5f58a-groupManagement] INFO  server.RaftServerConfigKeys (ConfUtils.java:logGet(46)) - raft.server.retrycache.expirytime = 600000ms (custom)
2023-10-17 18:45:52,514 [6484543a-767b-4be3-933a-0df7ebf5f58a-groupManagement] INFO  server.RaftServerConfigKeys (ConfUtils.java:logGet(46)) - raft.server.retrycache.statistics.expirytime = 100μs (default)
2023-10-17 18:45:52,514 [6484543a-767b-4be3-933a-0df7ebf5f58a-groupManagement] INFO  server.RaftServerConfigKeys (ConfUtils.java:logGet(46)) - raft.server.read.option = DEFAULT (default)
2023-10-17 18:45:52,514 [6484543a-767b-4be3-933a-0df7ebf5f58a-groupManagement] INFO  server.RaftServerConfigKeys (ConfUtils.java:logGet(46)) - raft.server.rpc.request.timeout = 60s (custom)
2023-10-17 18:45:52,514 [6484543a-767b-4be3-933a-0df7ebf5f58a-groupManagement] INFO  server.RaftServerConfigKeys (ConfUtils.java:logGet(46)) - raft.server.log.appender.install.snapshot.enabled = false (custom)
2023-10-17 18:45:52,514 [6484543a-767b-4be3-933a-0df7ebf5f58a-groupManagement] INFO  server.RaftServerConfigKeys (ConfUtils.java:logGet(46)) - raft.server.threadpool.server.cached = true (default)
2023-10-17 18:45:52,514 [6484543a-767b-4be3-933a-0df7ebf5f58a-groupManagement] INFO  server.RaftServerConfigKeys (ConfUtils.java:logGet(46)) - raft.server.threadpool.server.size = 0 (default)
2023-10-17 18:45:52,515 [6484543a-767b-4be3-933a-0df7ebf5f58a-groupManagement] INFO  server.RaftServerConfigKeys (ConfUtils.java:logGet(46)) - raft.server.threadpool.client.cached = true (default)
2023-10-17 18:45:52,515 [6484543a-767b-4be3-933a-0df7ebf5f58a-groupManagement] INFO  server.RaftServerConfigKeys (ConfUtils.java:logGet(46)) - raft.server.threadpool.client.size = 0 (default)
2023-10-17 18:45:52,515 [6484543a-767b-4be3-933a-0df7ebf5f58a-groupManagement] INFO  storage.RaftStorageDirectory (RaftStorageDirectoryImpl.java:analyzeStorage(137)) - The storage directory /home/runner/work/ozone/ozone/hadoop-ozone/integration-test/target/test-dir/MiniOzoneClusterImpl-1ddacd7d-4aab-443e-9cce-7616e57ab4b1/datanode-0/data/ratis/f96e4181-aff9-4e8f-9558-d969b0d801aa does not exist. Creating ...
2023-10-17 18:45:52,516 [6484543a-767b-4be3-933a-0df7ebf5f58a-groupManagement] INFO  storage.RaftStorageDirectory (RaftStorageDirectoryImpl.java:tryLock(231)) - Lock on /home/runner/work/ozone/ozone/hadoop-ozone/integration-test/target/test-dir/MiniOzoneClusterImpl-1ddacd7d-4aab-443e-9cce-7616e57ab4b1/datanode-0/data/ratis/f96e4181-aff9-4e8f-9558-d969b0d801aa/in_use.lock acquired by nodename 31914@fv-az189-115
2023-10-17 18:45:52,517 [6484543a-767b-4be3-933a-0df7ebf5f58a-groupManagement] INFO  storage.RaftStorage (RaftStorageImpl.java:format(96)) - Storage directory /home/runner/work/ozone/ozone/hadoop-ozone/integration-test/target/test-dir/MiniOzoneClusterImpl-1ddacd7d-4aab-443e-9cce-7616e57ab4b1/datanode-0/data/ratis/f96e4181-aff9-4e8f-9558-d969b0d801aa has been successfully formatted.
2023-10-17 18:45:52,517 [6484543a-767b-4be3-933a-0df7ebf5f58a-groupManagement] INFO  ratis.ContainerStateMachine (ContainerStateMachine.java:loadSnapshot(262)) - group-D969B0D801AA: The snapshot info is null. Setting the last applied indexto:(t:0, i:~)
2023-10-17 18:45:52,517 [6484543a-767b-4be3-933a-0df7ebf5f58a-groupManagement] INFO  server.RaftServerConfigKeys (ConfUtils.java:logGet(46)) - raft.server.log.use.memory = false (default)
2023-10-17 18:45:52,518 [6484543a-767b-4be3-933a-0df7ebf5f58a-groupManagement] INFO  server.RaftServerConfigKeys (ConfUtils.java:logGet(46)) - raft.server.log.purge.gap = 1000000 (custom)
2023-10-17 18:45:52,518 [6484543a-767b-4be3-933a-0df7ebf5f58a-groupManagement] INFO  server.RaftServerConfigKeys (ConfUtils.java:logGet(46)) - raft.server.log.appender.buffer.byte-limit = 33554432 (custom)
2023-10-17 18:45:52,518 [6484543a-767b-4be3-933a-0df7ebf5f58a-groupManagement] INFO  server.RaftServerConfigKeys (ConfUtils.java:logGet(46)) - raft.server.log.statemachine.data.read.timeout = 1000ms (default)
2023-10-17 18:45:52,518 [6484543a-767b-4be3-933a-0df7ebf5f58a-groupManagement] INFO  server.RaftServerConfigKeys (ConfUtils.java:logGet(46)) - raft.server.log.purge.preservation.log.num = 0 (default)
2023-10-17 18:45:52,518 [EndpointStateMachine task thread for /0.0.0.0:15228 - 0 ] DEBUG endpoint.HeartbeatEndpointTask (ConfUtils.java:logGet(46)) - raft.server.log.segment.size.max = 1048576 (custom)
2023-10-17 18:45:52,518 [EndpointStateMachine task thread for /0.0.0.0:15228 - 0 ] DEBUG endpoint.HeartbeatEndpointTask (HeartbeatEndpointTask.java:call(182)) - Sending heartbeat message :: datanodeDetails {
  uuid: "6484543a-767b-4be3-933a-0df7ebf5f58a"
  ipAddress: "10.1.0.25"
  hostName: "fv-az189-115"
  ports {
    name: "HTTP"
    value: 15235
  }
  ports {
    name: "CLIENT_RPC"
    value: 15236
  }
  ports {
    name: "REPLICATION"
    value: 15242
  }
  ports {
    name: "RATIS"
    value: 15238
  }
  ports {
    name: "RATIS_ADMIN"
    value: 15239
  }
  ports {
    name: "RATIS_SERVER"
    value: 15240
  }
  ports {
    name: "RATIS_DATASTREAM"
    value: 15241
  }
  ports {
    name: "STANDALONE"
    value: 15237
  }
  networkName: "6484543a-767b-4be3-933a-0df7ebf5f58a"
  networkLocation: "/rack1"
  persistedOpStateExpiry: 0
  uuid128 {
    mostSigBits: 7243006710791228387
    leastSigBits: -7837936843018078838
  }
}
pipelineReports {
  pipelineReport {
    pipelineID {
      id: "f96e4181-aff9-4e8f-9558-d969b0d801aa"
      uuid128 {
        mostSigBits: -473368885568385393
        leastSigBits: -7685153716146011734
      }
    }
    isLeader: false
    bytesWritten: 0
  }
  pipelineReport {
    pipelineID {
      id: "470f416f-e437-4778-a579-d90dc10088d6"
      uuid128 {
        mostSigBits: 5120383250169546616
        leastSigBits: -6522943932173612842
      }
    }
    isLeader: false
    bytesWritten: 0
  }
}
dataNodeLayoutVersion {
  metadataLayoutVersion: 7
  softwareLayoutVersion: 7
}
commandQueueReport {
  command: createPipelineCommand
  command: deleteBlocksCommand
  command: closeContainerCommand
  command: replicateContainerCommand
  command: deleteContainerCommand
  command: closePipelineCommand
  command: setNodeOperationalStateCommand
  command: finalizeNewLayoutVersionCommand
  command: reconstructECContainersCommand
  command: refreshVolumeUsageInfo
  count: 2
  count: 0
  count: 0
  count: 0
  count: 0
  count: 0
  count: 0
  count: 0
  count: 0
  count: 0
}

2023-10-17 18:45:52,518 [6484543a-767b-4be3-933a-0df7ebf5f58a-groupManagement] INFO  server.RaftServerConfigKeys (ConfUtils.java:logGet(46)) - raft.server.log.segment.cache.num.max = 2 (custom)
2023-10-17 18:45:52,518 [6484543a-767b-4be3-933a-0df7ebf5f58a-groupManagement] INFO  server.RaftServerConfigKeys (ConfUtils.java:logGet(46)) - raft.server.log.segment.cache.size.max = 200MB (=209715200) (default)
2023-10-17 18:45:52,518 [6484543a-767b-4be3-933a-0df7ebf5f58a-groupManagement] INFO  server.RaftServerConfigKeys (ConfUtils.java:logGet(46)) - raft.server.log.appender.buffer.byte-limit = 33554432 (custom)
2023-10-17 18:45:52,518 [6484543a-767b-4be3-933a-0df7ebf5f58a-groupManagement] INFO  segmented.SegmentedRaftLogWorker (SegmentedRaftLogWorker.java:<init>(188)) - new 6484543a-767b-4be3-933a-0df7ebf5f58a@group-D969B0D801AA-SegmentedRaftLogWorker for RaftStorageImpl:Storage Directory /home/runner/work/ozone/ozone/hadoop-ozone/integration-test/target/test-dir/MiniOzoneClusterImpl-1ddacd7d-4aab-443e-9cce-7616e57ab4b1/datanode-0/data/ratis/f96e4181-aff9-4e8f-9558-d969b0d801aa
2023-10-17 18:45:52,518 [6484543a-767b-4be3-933a-0df7ebf5f58a-groupManagement] INFO  server.RaftServerConfigKeys (ConfUtils.java:logGet(46)) - raft.server.log.queue.byte-limit = 4294967296 (custom)
2023-10-17 18:45:52,518 [6484543a-767b-4be3-933a-0df7ebf5f58a-groupManagement] INFO  server.RaftServerConfigKeys (ConfUtils.java:logGet(46)) - raft.server.log.queue.element-limit = 1024 (custom)
2023-10-17 18:45:52,519 [6484543a-767b-4be3-933a-0df7ebf5f58a-groupManagement] INFO  server.RaftServerConfigKeys (ConfUtils.java:logGet(46)) - raft.server.log.segment.size.max = 1048576 (custom)
2023-10-17 18:45:52,519 [6484543a-767b-4be3-933a-0df7ebf5f58a-groupManagement] INFO  server.RaftServerConfigKeys (ConfUtils.java:logGet(46)) - raft.server.log.preallocated.size = 16384 (custom)
2023-10-17 18:45:52,519 [6484543a-767b-4be3-933a-0df7ebf5f58a-groupManagement] INFO  server.RaftServerConfigKeys (ConfUtils.java:logGet(46)) - raft.server.log.force.sync.num = 128 (default)
2023-10-17 18:45:52,519 [6484543a-767b-4be3-933a-0df7ebf5f58a-groupManagement] INFO  server.RaftServerConfigKeys (ConfUtils.java:logGet(46)) - raft.server.log.statemachine.data.sync = true (default)
2023-10-17 18:45:52,519 [6484543a-767b-4be3-933a-0df7ebf5f58a-groupManagement] INFO  server.RaftServerConfigKeys (ConfUtils.java:logGet(46)) - raft.server.log.statemachine.data.sync.timeout = 10s (default)
2023-10-17 18:45:52,519 [6484543a-767b-4be3-933a-0df7ebf5f58a-groupManagement] INFO  server.RaftServerConfigKeys (ConfUtils.java:logGet(46)) - raft.server.log.statemachine.data.sync.timeout.retry = -1 (default)
2023-10-17 18:45:52,519 [6484543a-767b-4be3-933a-0df7ebf5f58a-groupManagement] INFO  server.RaftServerConfigKeys (ConfUtils.java:logGet(46)) - raft.server.log.write.buffer.size = 1048576 (custom)
2023-10-17 18:45:52,519 [6484543a-767b-4be3-933a-0df7ebf5f58a-groupManagement] INFO  server.RaftServerConfigKeys (ConfUtils.java:logGet(46)) - raft.server.log.appender.buffer.byte-limit = 33554432 (custom)
2023-10-17 18:45:52,630 [JvmPauseMonitor41] WARN  util.JvmPauseMonitor (JvmPauseMonitor.java:detectPause(124)) - JvmPauseMonitor-7abc303f-f695-4fbc-aa63-fcdea332bcbc: Detected pause in JVM or host machine approximately 0.110s with 0.106s GC time.
GC pool 'PS Scavenge' had collection(s): count=1 time=106ms
2023-10-17 18:45:52,632 [6484543a-767b-4be3-933a-0df7ebf5f58a-groupManagement] INFO  server.RaftServerConfigKeys (ConfUtils.java:logGet(46)) - raft.server.log.unsafe-flush.enabled = false (default)
2023-10-17 18:45:52,632 [6484543a-767b-4be3-933a-0df7ebf5f58a-groupManagement] INFO  server.RaftServerConfigKeys (ConfUtils.java:logGet(46)) - raft.server.log.async-flush.enabled = false (default)
2023-10-17 18:45:52,632 [6484543a-767b-4be3-933a-0df7ebf5f58a-groupManagement] INFO  server.RaftServerConfigKeys (ConfUtils.java:logGet(46)) - raft.server.log.statemachine.data.caching.enabled = true (custom)
2023-10-17 18:45:52,632 [6484543a-767b-4be3-933a-0df7ebf5f58a-groupManagement] INFO  segmented.SegmentedRaftLogWorker (SegmentedRaftLogWorker.java:lambda$new$0(135)) - 6484543a-767b-4be3-933a-0df7ebf5f58a@group-D969B0D801AA-SegmentedRaftLogWorker: flushIndex: setUnconditionally 0 -> -1
2023-10-17 18:45:52,633 [6484543a-767b-4be3-933a-0df7ebf5f58a-groupManagement] INFO  segmented.SegmentedRaftLogWorker (SegmentedRaftLogWorker.java:lambda$new$0(135)) - 6484543a-767b-4be3-933a-0df7ebf5f58a@group-D969B0D801AA-SegmentedRaftLogWorker: safeCacheEvictIndex: setUnconditionally 0 -> -1
2023-10-17 18:45:52,633 [EventQueue-OpenPipelineForHealthyPipelineSafeModeRule] INFO  safemode.SCMSafeModeManager (HealthyPipelineSafeModeRule.java:process(137)) - SCM in safe mode. Healthy pipelines reported count is 0, required healthy pipeline reported count is 1
2023-10-17 18:45:52,634 [6484543a-767b-4be3-933a-0df7ebf5f58a-groupManagement] INFO  server.RaftServer$Division (RaftServerImpl.java:start(342)) - 6484543a-767b-4be3-933a-0df7ebf5f58a@group-D969B0D801AA: start as a follower, conf=-1: peers:[eb2139cf-2f93-40e0-8f6b-119ef4e9cafb|rpc:10.1.0.25:15249|admin:10.1.0.25:15248|client:10.1.0.25:15247|dataStream:10.1.0.25:15250|priority:0|startupRole:FOLLOWER, 7abc303f-f695-4fbc-aa63-fcdea332bcbc|rpc:10.1.0.25:15258|admin:10.1.0.25:15257|client:10.1.0.25:15256|dataStream:10.1.0.25:15259|priority:0|startupRole:FOLLOWER, 6484543a-767b-4be3-933a-0df7ebf5f58a|rpc:10.1.0.25:15240|admin:10.1.0.25:15239|client:10.1.0.25:15238|dataStream:10.1.0.25:15241|priority:1|startupRole:FOLLOWER]|listeners:[], old=null
2023-10-17 18:45:52,634 [6484543a-767b-4be3-933a-0df7ebf5f58a-groupManagement] INFO  server.RaftServer$Division (RaftServerImpl.java:setRole(329)) - 6484543a-767b-4be3-933a-0df7ebf5f58a@group-D969B0D801AA: changes role from      null to FOLLOWER at term 0 for startAsFollower
2023-10-17 18:45:52,634 [6484543a-767b-4be3-933a-0df7ebf5f58a-groupManagement] INFO  impl.RoleInfo (RoleInfo.java:updateAndGet(139)) - 6484543a-767b-4be3-933a-0df7ebf5f58a: start 6484543a-767b-4be3-933a-0df7ebf5f58a@group-D969B0D801AA-FollowerState
2023-10-17 18:45:52,635 [6484543a-767b-4be3-933a-0df7ebf5f58a-groupManagement] INFO  util.JmxRegister (JmxRegister.java:tryRegister(44)) - Successfully registered JMX Bean with object name Ratis:service=RaftServer,group=group-D969B0D801AA,id=6484543a-767b-4be3-933a-0df7ebf5f58a
2023-10-17 18:45:52,635 [6484543a-767b-4be3-933a-0df7ebf5f58a-groupManagement] INFO  server.RaftServerConfigKeys (ConfUtils.java:logGet(46)) - raft.server.snapshot.auto.trigger.enabled = true (custom)
2023-10-17 18:45:52,635 [6484543a-767b-4be3-933a-0df7ebf5f58a-groupManagement] INFO  server.RaftServerConfigKeys (ConfUtils.java:logGet(46)) - raft.server.snapshot.auto.trigger.threshold = 10000 (custom)
2023-10-17 18:45:52,635 [6484543a-767b-4be3-933a-0df7ebf5f58a-groupManagement] INFO  server.RaftServerConfigKeys (ConfUtils.java:logGet(46)) - raft.server.snapshot.retention.file.num = 5 (custom)
2023-10-17 18:45:52,635 [6484543a-767b-4be3-933a-0df7ebf5f58a-groupManagement] INFO  server.RaftServerConfigKeys (ConfUtils.java:logGet(46)) - raft.server.log.purge.upto.snapshot.index = false (default)
2023-10-17 18:45:52,635 [6484543a-767b-4be3-933a-0df7ebf5f58a@group-D969B0D801AA-FollowerState] INFO  server.RaftServerConfigKeys (ConfUtils.java:logFallback(53)) - raft.server.rpc.first-election.timeout.min = 5s (fallback to raft.server.rpc.timeout.min)
2023-10-17 18:45:52,636 [6484543a-767b-4be3-933a-0df7ebf5f58a@group-D969B0D801AA-FollowerState] INFO  server.RaftServerConfigKeys (ConfUtils.java:logFallback(53)) - raft.server.rpc.first-election.timeout.max = 5200ms (fallback to raft.server.rpc.timeout.max)
2023-10-17 18:45:52,647 [PipelineCommandHandlerThread-0] INFO  ratis.XceiverServerRatis (XceiverServerRatis.java:addGroup(804)) - Created group PipelineID=f96e4181-aff9-4e8f-9558-d969b0d801aa
2023-10-17 18:45:52,675 [grpc-default-executor-0] INFO  server.RaftServer (RaftServerProxy.java:addNew(98)) - 7abc303f-f695-4fbc-aa63-fcdea332bcbc: addNew group-D969B0D801AA:[eb2139cf-2f93-40e0-8f6b-119ef4e9cafb|rpc:10.1.0.25:15249|admin:10.1.0.25:15248|client:10.1.0.25:15247|dataStream:10.1.0.25:15250|priority:0|startupRole:FOLLOWER, 7abc303f-f695-4fbc-aa63-fcdea332bcbc|rpc:10.1.0.25:15258|admin:10.1.0.25:15257|client:10.1.0.25:15256|dataStream:10.1.0.25:15259|priority:0|startupRole:FOLLOWER, 6484543a-767b-4be3-933a-0df7ebf5f58a|rpc:10.1.0.25:15240|admin:10.1.0.25:15239|client:10.1.0.25:15238|dataStream:10.1.0.25:15241|priority:1|startupRole:FOLLOWER] returns group-D969B0D801AA:java.util.concurrent.CompletableFuture@494dd242[Not completed]
2023-10-17 18:45:52,676 [7abc303f-f695-4fbc-aa63-fcdea332bcbc-groupManagement] INFO  server.RaftServer$Division (RaftServerImpl.java:<init>(198)) - 7abc303f-f695-4fbc-aa63-fcdea332bcbc: new RaftServerImpl for group-D969B0D801AA:[eb2139cf-2f93-40e0-8f6b-119ef4e9cafb|rpc:10.1.0.25:15249|admin:10.1.0.25:15248|client:10.1.0.25:15247|dataStream:10.1.0.25:15250|priority:0|startupRole:FOLLOWER, 7abc303f-f695-4fbc-aa63-fcdea332bcbc|rpc:10.1.0.25:15258|admin:10.1.0.25:15257|client:10.1.0.25:15256|dataStream:10.1.0.25:15259|priority:0|startupRole:FOLLOWER, 6484543a-767b-4be3-933a-0df7ebf5f58a|rpc:10.1.0.25:15240|admin:10.1.0.25:15239|client:10.1.0.25:15238|dataStream:10.1.0.25:15241|priority:1|startupRole:FOLLOWER] with ContainerStateMachine:uninitialized
2023-10-17 18:45:52,676 [7abc303f-f695-4fbc-aa63-fcdea332bcbc-groupManagement] INFO  server.RaftServerConfigKeys (ConfUtils.java:logGet(46)) - raft.server.rpc.timeout.min = 5s (custom)
2023-10-17 18:45:52,676 [7abc303f-f695-4fbc-aa63-fcdea332bcbc-groupManagement] INFO  server.RaftServerConfigKeys (ConfUtils.java:logGet(46)) - raft.server.rpc.timeout.max = 5200ms (custom)
2023-10-17 18:45:52,676 [7abc303f-f695-4fbc-aa63-fcdea332bcbc-groupManagement] INFO  server.RaftServerConfigKeys (ConfUtils.java:logGet(46)) - raft.server.rpc.sleep.time = 25ms (default)
2023-10-17 18:45:52,676 [7abc303f-f695-4fbc-aa63-fcdea332bcbc-groupManagement] INFO  server.RaftServerConfigKeys (ConfUtils.java:logGet(46)) - raft.server.rpc.slowness.timeout = 300s (custom)
2023-10-17 18:45:52,676 [7abc303f-f695-4fbc-aa63-fcdea332bcbc-groupManagement] INFO  server.RaftServerConfigKeys (ConfUtils.java:logGet(46)) - raft.server.leaderelection.leader.step-down.wait-time = 10s (default)
2023-10-17 18:45:52,676 [7abc303f-f695-4fbc-aa63-fcdea332bcbc-groupManagement] INFO  server.RaftServerConfigKeys (ConfUtils.java:logGet(46)) - raft.server.sleep.deviation.threshold = 300ms (default)
2023-10-17 18:45:52,676 [7abc303f-f695-4fbc-aa63-fcdea332bcbc-groupManagement] INFO  server.RaftServer$Division (ServerState.java:<init>(120)) - 7abc303f-f695-4fbc-aa63-fcdea332bcbc@group-D969B0D801AA: ConfigurationManager, init=-1: peers:[eb2139cf-2f93-40e0-8f6b-119ef4e9cafb|rpc:10.1.0.25:15249|admin:10.1.0.25:15248|client:10.1.0.25:15247|dataStream:10.1.0.25:15250|priority:0|startupRole:FOLLOWER, 7abc303f-f695-4fbc-aa63-fcdea332bcbc|rpc:10.1.0.25:15258|admin:10.1.0.25:15257|client:10.1.0.25:15256|dataStream:10.1.0.25:15259|priority:0|startupRole:FOLLOWER, 6484543a-767b-4be3-933a-0df7ebf5f58a|rpc:10.1.0.25:15240|admin:10.1.0.25:15239|client:10.1.0.25:15238|dataStream:10.1.0.25:15241|priority:1|startupRole:FOLLOWER]|listeners:[], old=null, confs=<EMPTY_MAP>
2023-10-17 18:45:52,676 [7abc303f-f695-4fbc-aa63-fcdea332bcbc-groupManagement] INFO  server.RaftServerConfigKeys (ConfUtils.java:logGet(46)) - raft.server.storage.dir = [/home/runner/work/ozone/ozone/hadoop-ozone/integration-test/target/test-dir/MiniOzoneClusterImpl-1ddacd7d-4aab-443e-9cce-7616e57ab4b1/datanode-2/data/ratis] (custom)
2023-10-17 18:45:52,676 [7abc303f-f695-4fbc-aa63-fcdea332bcbc-groupManagement] INFO  server.RaftServerConfigKeys (ConfUtils.java:logGet(46)) - raft.server.log.corruption.policy = EXCEPTION (default)
2023-10-17 18:45:52,676 [7abc303f-f695-4fbc-aa63-fcdea332bcbc-groupManagement] INFO  server.RaftServerConfigKeys (ConfUtils.java:logGet(46)) - raft.server.storage.free-space.min = 0MB (=0) (default)
2023-10-17 18:45:52,677 [7abc303f-f695-4fbc-aa63-fcdea332bcbc-groupManagement] INFO  server.RaftServerConfigKeys (ConfUtils.java:logGet(46)) - raft.server.notification.no-leader.timeout = 300s (custom)
2023-10-17 18:45:52,677 [7abc303f-f695-4fbc-aa63-fcdea332bcbc-groupManagement] INFO  server.RaftServerConfigKeys (ConfUtils.java:logGet(46)) - raft.server.read.timeout = 10s (default)
2023-10-17 18:45:52,677 [7abc303f-f695-4fbc-aa63-fcdea332bcbc-groupManagement] INFO  server.RaftServerConfigKeys (ConfUtils.java:logGet(46)) - raft.server.retrycache.expirytime = 600000ms (custom)
2023-10-17 18:45:52,677 [7abc303f-f695-4fbc-aa63-fcdea332bcbc-groupManagement] INFO  server.RaftServerConfigKeys (ConfUtils.java:logGet(46)) - raft.server.retrycache.statistics.expirytime = 100μs (default)
2023-10-17 18:45:52,677 [7abc303f-f695-4fbc-aa63-fcdea332bcbc-groupManagement] INFO  server.RaftServerConfigKeys (ConfUtils.java:logGet(46)) - raft.server.read.option = DEFAULT (default)
2023-10-17 18:45:52,677 [7abc303f-f695-4fbc-aa63-fcdea332bcbc-groupManagement] INFO  server.RaftServerConfigKeys (ConfUtils.java:logGet(46)) - raft.server.rpc.request.timeout = 60s (custom)
2023-10-17 18:45:52,677 [7abc303f-f695-4fbc-aa63-fcdea332bcbc-groupManagement] INFO  server.RaftServerConfigKeys (ConfUtils.java:logGet(46)) - raft.server.log.appender.install.snapshot.enabled = false (custom)
2023-10-17 18:45:52,677 [7abc303f-f695-4fbc-aa63-fcdea332bcbc-groupManagement] INFO  server.RaftServerConfigKeys (ConfUtils.java:logGet(46)) - raft.server.threadpool.server.cached = true (default)
2023-10-17 18:45:52,677 [7abc303f-f695-4fbc-aa63-fcdea332bcbc-groupManagement] INFO  server.RaftServerConfigKeys (ConfUtils.java:logGet(46)) - raft.server.threadpool.server.size = 0 (default)
2023-10-17 18:45:52,678 [7abc303f-f695-4fbc-aa63-fcdea332bcbc-groupManagement] INFO  server.RaftServerConfigKeys (ConfUtils.java:logGet(46)) - raft.server.threadpool.client.cached = true (default)
2023-10-17 18:45:52,678 [7abc303f-f695-4fbc-aa63-fcdea332bcbc-groupManagement] INFO  server.RaftServerConfigKeys (ConfUtils.java:logGet(46)) - raft.server.threadpool.client.size = 0 (default)
2023-10-17 18:45:52,678 [7abc303f-f695-4fbc-aa63-fcdea332bcbc-groupManagement] INFO  storage.RaftStorageDirectory (RaftStorageDirectoryImpl.java:analyzeStorage(137)) - The storage directory /home/runner/work/ozone/ozone/hadoop-ozone/integration-test/target/test-dir/MiniOzoneClusterImpl-1ddacd7d-4aab-443e-9cce-7616e57ab4b1/datanode-2/data/ratis/f96e4181-aff9-4e8f-9558-d969b0d801aa does not exist. Creating ...
2023-10-17 18:45:52,679 [7abc303f-f695-4fbc-aa63-fcdea332bcbc-groupManagement] INFO  storage.RaftStorageDirectory (RaftStorageDirectoryImpl.java:tryLock(231)) - Lock on /home/runner/work/ozone/ozone/hadoop-ozone/integration-test/target/test-dir/MiniOzoneClusterImpl-1ddacd7d-4aab-443e-9cce-7616e57ab4b1/datanode-2/data/ratis/f96e4181-aff9-4e8f-9558-d969b0d801aa/in_use.lock acquired by nodename 31914@fv-az189-115
2023-10-17 18:45:52,680 [7abc303f-f695-4fbc-aa63-fcdea332bcbc-groupManagement] INFO  storage.RaftStorage (RaftStorageImpl.java:format(96)) - Storage directory /home/runner/work/ozone/ozone/hadoop-ozone/integration-test/target/test-dir/MiniOzoneClusterImpl-1ddacd7d-4aab-443e-9cce-7616e57ab4b1/datanode-2/data/ratis/f96e4181-aff9-4e8f-9558-d969b0d801aa has been successfully formatted.
2023-10-17 18:45:52,681 [7abc303f-f695-4fbc-aa63-fcdea332bcbc-groupManagement] INFO  ratis.ContainerStateMachine (ContainerStateMachine.java:loadSnapshot(262)) - group-D969B0D801AA: The snapshot info is null. Setting the last applied indexto:(t:0, i:~)
2023-10-17 18:45:52,682 [7abc303f-f695-4fbc-aa63-fcdea332bcbc-groupManagement] INFO  server.RaftServerConfigKeys (ConfUtils.java:logGet(46)) - raft.server.log.use.memory = false (default)
2023-10-17 18:45:52,682 [7abc303f-f695-4fbc-aa63-fcdea332bcbc-groupManagement] INFO  server.RaftServerConfigKeys (ConfUtils.java:logGet(46)) - raft.server.log.purge.gap = 1000000 (custom)
2023-10-17 18:45:52,683 [7abc303f-f695-4fbc-aa63-fcdea332bcbc-groupManagement] INFO  server.RaftServerConfigKeys (ConfUtils.java:logGet(46)) - raft.server.log.appender.buffer.byte-limit = 33554432 (custom)
ConfUtils.java:logGet(46)) - raft.server.log.statemachine.data.read.timeout = 1000ms (default)
2023-10-17 18:45:52,683 [7abc303f-f695-4fbc-aa63-fcdea332bcbc-groupManagement] INFO  server.RaftServerConfigKeys (ConfUtils.java:logGet(46)) - raft.server.log.purge.preservation.log.num = 0 (default)
2023-10-17 18:45:52,683 [EndpointStateMachine task thread for /0.0.0.0:15228 - 0 ] DEBUG endpoint.HeartbeatEndpointTask (HeartbeatEndpointTask.java:call(182)) - Sending heartbeat message :: datanodeDetails {
  uuid: "7abc303f-f695-4fbc-aa63-fcdea332bcbc"
  ipAddress: "10.1.0.25"
  hostName: "fv-az189-115"
  ports {
    name: "HTTP"
    value: 15253
  }
  ports {
    name: "CLIENT_RPC"
    value: 15254
  }
  ports {
    name: "REPLICATION"
    value: 15260
  }
  ports {
    name: "RATIS"
    value: 15256
  }
  ports {
    name: "RATIS_ADMIN"
    value: 15257
  }
  ports {
    name: "RATIS_SERVER"
    value: 15258
  }
  ports {
    name: "RATIS_DATASTREAM"
    value: 15259
  }
  ports {
    name: "STANDALONE"
    value: 15255
  }
  networkName: "7abc303f-f695-4fbc-aa63-fcdea332bcbc"
  networkLocation: "/rack1"
  persistedOpStateExpiry: 0
  uuid128 {
    mostSigBits: 8843996819526864828
    leastSigBits: -6168809031416496964
  }
}
pipelineReports {
  pipelineReport {
    pipelineID {
      id: "f96e4181-aff9-4e8f-9558-d969b0d801aa"
      uuid128 {
        mostSigBits: -473368885568385393
        leastSigBits: -7685153716146011734
      }
    }
    isLeader: false
    bytesWritten: 0
  }
}
dataNodeLayoutVersion {
  metadataLayoutVersion: 7
  softwareLayoutVersion: 7
}
commandQueueReport {
  command: createPipelineCommand
  command: deleteBlocksCommand
  command: closeContainerCommand
  command: replicateContainerCommand
  command: deleteContainerCommand
  command: closePipelineCommand
  command: setNodeOperationalStateCommand
  command: finalizeNewLayoutVersionCommand
  command: reconstructECContainersCommand
  command: refreshVolumeUsageInfo
  count: 3
  count: 0
  count: 0
  count: 0
  count: 0
  count: 0
  count: 0
  count: 0
  count: 0
  count: 0
}

2023-10-17 18:45:52,683 [7abc303f-f695-4fbc-aa63-fcdea332bcbc-groupManagement] INFO  server.RaftServerConfigKeys (ConfUtils.java:logGet(46)) - raft.server.log.segment.size.max = 1048576 (custom)
2023-10-17 18:45:52,683 [7abc303f-f695-4fbc-aa63-fcdea332bcbc-groupManagement] INFO  server.RaftServerConfigKeys (ConfUtils.java:logGet(46)) - raft.server.log.segment.cache.num.max = 2 (custom)
2023-10-17 18:45:52,683 [7abc303f-f695-4fbc-aa63-fcdea332bcbc-groupManagement] INFO  server.RaftServerConfigKeys (ConfUtils.java:logGet(46)) - raft.server.log.segment.cache.size.max = 200MB (=209715200) (default)
2023-10-17 18:45:52,683 [7abc303f-f695-4fbc-aa63-fcdea332bcbc-groupManagement] INFO  server.RaftServerConfigKeys (ConfUtils.java:logGet(46)) - raft.server.log.appender.buffer.byte-limit = 33554432 (custom)
2023-10-17 18:45:52,683 [7abc303f-f695-4fbc-aa63-fcdea332bcbc-groupManagement] INFO  segmented.SegmentedRaftLogWorker (SegmentedRaftLogWorker.java:<init>(188)) - new 7abc303f-f695-4fbc-aa63-fcdea332bcbc@group-D969B0D801AA-SegmentedRaftLogWorker for RaftStorageImpl:Storage Directory /home/runner/work/ozone/ozone/hadoop-ozone/integration-test/target/test-dir/MiniOzoneClusterImpl-1ddacd7d-4aab-443e-9cce-7616e57ab4b1/datanode-2/data/ratis/f96e4181-aff9-4e8f-9558-d969b0d801aa
2023-10-17 18:45:52,683 [7abc303f-f695-4fbc-aa63-fcdea332bcbc-groupManagement] INFO  server.RaftServerConfigKeys (ConfUtils.java:logGet(46)) - raft.server.log.queue.byte-limit = 4294967296 (custom)
2023-10-17 18:45:52,683 [7abc303f-f695-4fbc-aa63-fcdea332bcbc-groupManagement] INFO  server.RaftServerConfigKeys (ConfUtils.java:logGet(46)) - raft.server.log.queue.element-limit = 1024 (custom)
2023-10-17 18:45:52,683 [7abc303f-f695-4fbc-aa63-fcdea332bcbc-groupManagement] INFO  server.RaftServerConfigKeys (ConfUtils.java:logGet(46)) - raft.server.log.segment.size.max = 1048576 (custom)
2023-10-17 18:45:52,683 [7abc303f-f695-4fbc-aa63-fcdea332bcbc-groupManagement] INFO  server.RaftServerConfigKeys (ConfUtils.java:logGet(46)) - raft.server.log.preallocated.size = 16384 (custom)
2023-10-17 18:45:52,684 [7abc303f-f695-4fbc-aa63-fcdea332bcbc-groupManagement] INFO  server.RaftServerConfigKeys (ConfUtils.java:logGet(46)) - raft.server.log.force.sync.num = 128 (default)
2023-10-17 18:45:52,684 [7abc303f-f695-4fbc-aa63-fcdea332bcbc-groupManagement] INFO  server.RaftServerConfigKeys (ConfUtils.java:logGet(46)) - raft.server.log.statemachine.data.sync = true (default)
2023-10-17 18:45:52,684 [7abc303f-f695-4fbc-aa63-fcdea332bcbc-groupManagement] INFO  server.RaftServerConfigKeys (ConfUtils.java:logGet(46)) - raft.server.log.statemachine.data.sync.timeout = 10s (default)
2023-10-17 18:45:52,684 [7abc303f-f695-4fbc-aa63-fcdea332bcbc-groupManagement] INFO  server.RaftServerConfigKeys (ConfUtils.java:logGet(46)) - raft.server.log.statemachine.data.sync.timeout.retry = -1 (default)
2023-10-17 18:45:52,684 [7abc303f-f695-4fbc-aa63-fcdea332bcbc-groupManagement] INFO  server.RaftServerConfigKeys (ConfUtils.java:logGet(46)) - raft.server.log.write.buffer.size = 1048576 (custom)
2023-10-17 18:45:52,685 [7abc303f-f695-4fbc-aa63-fcdea332bcbc-groupManagement] INFO  server.RaftServerConfigKeys (ConfUtils.java:logGet(46)) - raft.server.log.appender.buffer.byte-limit = 33554432 (custom)
2023-10-17 18:45:52,690 [7abc303f-f695-4fbc-aa63-fcdea332bcbc-groupManagement] INFO  server.RaftServerConfigKeys (ConfUtils.java:logGet(46)) - raft.server.log.unsafe-flush.enabled = false (default)
2023-10-17 18:45:52,690 [7abc303f-f695-4fbc-aa63-fcdea332bcbc-groupManagement] INFO  server.RaftServerConfigKeys (ConfUtils.java:logGet(46)) - raft.server.log.async-flush.enabled = false (default)
2023-10-17 18:45:52,690 [7abc303f-f695-4fbc-aa63-fcdea332bcbc-groupManagement] INFO  server.RaftServerConfigKeys (ConfUtils.java:logGet(46)) - raft.server.log.statemachine.data.caching.enabled = true (custom)
2023-10-17 18:45:52,691 [7abc303f-f695-4fbc-aa63-fcdea332bcbc-groupManagement] INFO  segmented.SegmentedRaftLogWorker (SegmentedRaftLogWorker.java:lambda$new$0(135)) - 7abc303f-f695-4fbc-aa63-fcdea332bcbc@group-D969B0D801AA-SegmentedRaftLogWorker: flushIndex: setUnconditionally 0 -> -1
2023-10-17 18:45:52,691 [7abc303f-f695-4fbc-aa63-fcdea332bcbc-groupManagement] INFO  segmented.SegmentedRaftLogWorker (SegmentedRaftLogWorker.java:lambda$new$0(135)) - 7abc303f-f695-4fbc-aa63-fcdea332bcbc@group-D969B0D801AA-SegmentedRaftLogWorker: safeCacheEvictIndex: setUnconditionally 0 -> -1
2023-10-17 18:45:52,691 [7abc303f-f695-4fbc-aa63-fcdea332bcbc-groupManagement] INFO  server.RaftServer$Division (RaftServerImpl.java:start(342)) - 7abc303f-f695-4fbc-aa63-fcdea332bcbc@group-D969B0D801AA: start as a follower, conf=-1: peers:[eb2139cf-2f93-40e0-8f6b-119ef4e9cafb|rpc:10.1.0.25:15249|admin:10.1.0.25:15248|client:10.1.0.25:15247|dataStream:10.1.0.25:15250|priority:0|startupRole:FOLLOWER, 7abc303f-f695-4fbc-aa63-fcdea332bcbc|rpc:10.1.0.25:15258|admin:10.1.0.25:15257|client:10.1.0.25:15256|dataStream:10.1.0.25:15259|priority:0|startupRole:FOLLOWER, 6484543a-767b-4be3-933a-0df7ebf5f58a|rpc:10.1.0.25:15240|admin:10.1.0.25:15239|client:10.1.0.25:15238|dataStream:10.1.0.25:15241|priority:1|startupRole:FOLLOWER]|listeners:[], old=null
2023-10-17 18:45:52,691 [7abc303f-f695-4fbc-aa63-fcdea332bcbc-groupManagement] INFO  server.RaftServer$Division (RaftServerImpl.java:setRole(329)) - 7abc303f-f695-4fbc-aa63-fcdea332bcbc@group-D969B0D801AA: changes role from      null to FOLLOWER at term 0 for startAsFollower
2023-10-17 18:45:52,691 [7abc303f-f695-4fbc-aa63-fcdea332bcbc-groupManagement] INFO  impl.RoleInfo (RoleInfo.java:updateAndGet(139)) - 7abc303f-f695-4fbc-aa63-fcdea332bcbc: start 7abc303f-f695-4fbc-aa63-fcdea332bcbc@group-D969B0D801AA-FollowerState
2023-10-17 18:45:52,694 [7abc303f-f695-4fbc-aa63-fcdea332bcbc-groupManagement] INFO  util.JmxRegister (JmxRegister.java:tryRegister(44)) - Successfully registered JMX Bean with object name Ratis:service=RaftServer,group=group-D969B0D801AA,id=7abc303f-f695-4fbc-aa63-fcdea332bcbc
2023-10-17 18:45:52,694 [7abc303f-f695-4fbc-aa63-fcdea332bcbc-groupManagement] INFO  server.RaftServerConfigKeys (ConfUtils.java:logGet(46)) - raft.server.snapshot.auto.trigger.enabled = true (custom)
2023-10-17 18:45:52,694 [7abc303f-f695-4fbc-aa63-fcdea332bcbc-groupManagement] INFO  server.RaftServerConfigKeys (ConfUtils.java:logGet(46)) - raft.server.snapshot.auto.trigger.threshold = 10000 (custom)
2023-10-17 18:45:52,694 [7abc303f-f695-4fbc-aa63-fcdea332bcbc-groupManagement] INFO  server.RaftServerConfigKeys (ConfUtils.java:logGet(46)) - raft.server.snapshot.retention.file.num = 5 (custom)
2023-10-17 18:45:52,694 [7abc303f-f695-4fbc-aa63-fcdea332bcbc-groupManagement] INFO  server.RaftServerConfigKeys (ConfUtils.java:logGet(46)) - raft.server.log.purge.upto.snapshot.index = false (default)
2023-10-17 18:45:52,695 [7abc303f-f695-4fbc-aa63-fcdea332bcbc@group-D969B0D801AA-FollowerState] INFO  server.RaftServerConfigKeys (ConfUtils.java:logFallback(53)) - raft.server.rpc.first-election.timeout.min = 5s (fallback to raft.server.rpc.timeout.min)
2023-10-17 18:45:52,695 [7abc303f-f695-4fbc-aa63-fcdea332bcbc@group-D969B0D801AA-FollowerState] INFO  server.RaftServerConfigKeys (ConfUtils.java:logFallback(53)) - raft.server.rpc.first-election.timeout.max = 5200ms (fallback to raft.server.rpc.timeout.max)
2023-10-17 18:45:52,709 [grpc-default-executor-0] INFO  server.RaftServer (RaftServerProxy.java:addNew(98)) - eb2139cf-2f93-40e0-8f6b-119ef4e9cafb: addNew group-D969B0D801AA:[eb2139cf-2f93-40e0-8f6b-119ef4e9cafb|rpc:10.1.0.25:15249|admin:10.1.0.25:15248|client:10.1.0.25:15247|dataStream:10.1.0.25:15250|priority:0|startupRole:FOLLOWER, 7abc303f-f695-4fbc-aa63-fcdea332bcbc|rpc:10.1.0.25:15258|admin:10.1.0.25:15257|client:10.1.0.25:15256|dataStream:10.1.0.25:15259|priority:0|startupRole:FOLLOWER, 6484543a-767b-4be3-933a-0df7ebf5f58a|rpc:10.1.0.25:15240|admin:10.1.0.25:15239|client:10.1.0.25:15238|dataStream:10.1.0.25:15241|priority:1|startupRole:FOLLOWER] returns group-D969B0D801AA:java.util.concurrent.CompletableFuture@24cf3163[Not completed]
2023-10-17 18:45:52,710 [eb2139cf-2f93-40e0-8f6b-119ef4e9cafb-groupManagement] INFO  server.RaftServer$Division (RaftServerImpl.java:<init>(198)) - eb2139cf-2f93-40e0-8f6b-119ef4e9cafb: new RaftServerImpl for group-D969B0D801AA:[eb2139cf-2f93-40e0-8f6b-119ef4e9cafb|rpc:10.1.0.25:15249|admin:10.1.0.25:15248|client:10.1.0.25:15247|dataStream:10.1.0.25:15250|priority:0|startupRole:FOLLOWER, 7abc303f-f695-4fbc-aa63-fcdea332bcbc|rpc:10.1.0.25:15258|admin:10.1.0.25:15257|client:10.1.0.25:15256|dataStream:10.1.0.25:15259|priority:0|startupRole:FOLLOWER, 6484543a-767b-4be3-933a-0df7ebf5f58a|rpc:10.1.0.25:15240|admin:10.1.0.25:15239|client:10.1.0.25:15238|dataStream:10.1.0.25:15241|priority:1|startupRole:FOLLOWER] with ContainerStateMachine:uninitialized
2023-10-17 18:45:52,711 [eb2139cf-2f93-40e0-8f6b-119ef4e9cafb-groupManagement] INFO  server.RaftServerConfigKeys (ConfUtils.java:logGet(46)) - raft.server.rpc.timeout.min = 5s (custom)
2023-10-17 18:45:52,711 [eb2139cf-2f93-40e0-8f6b-119ef4e9cafb-groupManagement] INFO  server.RaftServerConfigKeys (ConfUtils.java:logGet(46)) - raft.server.rpc.timeout.max = 5200ms (custom)
2023-10-17 18:45:52,711 [eb2139cf-2f93-40e0-8f6b-119ef4e9cafb-groupManagement] INFO  server.RaftServerConfigKeys (ConfUtils.java:logGet(46)) - raft.server.rpc.sleep.time = 25ms (default)
2023-10-17 18:45:52,711 [eb2139cf-2f93-40e0-8f6b-119ef4e9cafb-groupManagement] INFO  server.RaftServerConfigKeys (ConfUtils.java:logGet(46)) - raft.server.rpc.slowness.timeout = 300s (custom)
2023-10-17 18:45:52,711 [eb2139cf-2f93-40e0-8f6b-119ef4e9cafb-groupManagement] INFO  server.RaftServerConfigKeys (ConfUtils.java:logGet(46)) - raft.server.leaderelection.leader.step-down.wait-time = 10s (default)
2023-10-17 18:45:52,711 [eb2139cf-2f93-40e0-8f6b-119ef4e9cafb-groupManagement] INFO  server.RaftServerConfigKeys (ConfUtils.java:logGet(46)) - raft.server.sleep.deviation.threshold = 300ms (default)
2023-10-17 18:45:52,711 [eb2139cf-2f93-40e0-8f6b-119ef4e9cafb-groupManagement] INFO  server.RaftServer$Division (ServerState.java:<init>(120)) - eb2139cf-2f93-40e0-8f6b-119ef4e9cafb@group-D969B0D801AA: ConfigurationManager, init=-1: peers:[eb2139cf-2f93-40e0-8f6b-119ef4e9cafb|rpc:10.1.0.25:15249|admin:10.1.0.25:15248|client:10.1.0.25:15247|dataStream:10.1.0.25:15250|priority:0|startupRole:FOLLOWER, 7abc303f-f695-4fbc-aa63-fcdea332bcbc|rpc:10.1.0.25:15258|admin:10.1.0.25:15257|client:10.1.0.25:15256|dataStream:10.1.0.25:15259|priority:0|startupRole:FOLLOWER, 6484543a-767b-4be3-933a-0df7ebf5f58a|rpc:10.1.0.25:15240|admin:10.1.0.25:15239|client:10.1.0.25:15238|dataStream:10.1.0.25:15241|priority:1|startupRole:FOLLOWER]|listeners:[], old=null, confs=<EMPTY_MAP>
2023-10-17 18:45:52,711 [eb2139cf-2f93-40e0-8f6b-119ef4e9cafb-groupManagement] INFO  server.RaftServerConfigKeys (ConfUtils.java:logGet(46)) - raft.server.storage.dir = [/home/runner/work/ozone/ozone/hadoop-ozone/integration-test/target/test-dir/MiniOzoneClusterImpl-1ddacd7d-4aab-443e-9cce-7616e57ab4b1/datanode-1/data/ratis] (custom)
2023-10-17 18:45:52,711 [eb2139cf-2f93-40e0-8f6b-119ef4e9cafb-groupManagement] INFO  server.RaftServerConfigKeys (ConfUtils.java:logGet(46)) - raft.server.log.corruption.policy = EXCEPTION (default)
2023-10-17 18:45:52,711 [eb2139cf-2f93-40e0-8f6b-119ef4e9cafb-groupManagement] INFO  server.RaftServerConfigKeys (ConfUtils.java:logGet(46)) - raft.server.storage.free-space.min = 0MB (=0) (default)
2023-10-17 18:45:52,711 [eb2139cf-2f93-40e0-8f6b-119ef4e9cafb-groupManagement] INFO  server.RaftServerConfigKeys (ConfUtils.java:logGet(46)) - raft.server.notification.no-leader.timeout = 300s (custom)
2023-10-17 18:45:52,711 [eb2139cf-2f93-40e0-8f6b-119ef4e9cafb-groupManagement] INFO  server.RaftServerConfigKeys (ConfUtils.java:logGet(46)) - raft.server.read.timeout = 10s (default)
2023-10-17 18:45:52,711 [eb2139cf-2f93-40e0-8f6b-119ef4e9cafb-groupManagement] INFO  server.RaftServerConfigKeys (ConfUtils.java:logGet(46)) - raft.server.retrycache.expirytime = 600000ms (custom)
2023-10-17 18:45:52,711 [eb2139cf-2f93-40e0-8f6b-119ef4e9cafb-groupManagement] INFO  server.RaftServerConfigKeys (ConfUtils.java:logGet(46)) - raft.server.retrycache.statistics.expirytime = 100μs (default)
2023-10-17 18:45:52,711 [eb2139cf-2f93-40e0-8f6b-119ef4e9cafb-groupManagement] INFO  server.RaftServerConfigKeys (ConfUtils.java:logGet(46)) - raft.server.read.option = DEFAULT (default)
2023-10-17 18:45:52,712 [eb2139cf-2f93-40e0-8f6b-119ef4e9cafb-groupManagement] INFO  server.RaftServerConfigKeys (ConfUtils.java:logGet(46)) - raft.server.rpc.request.timeout = 60s (custom)
2023-10-17 18:45:52,712 [eb2139cf-2f93-40e0-8f6b-119ef4e9cafb-groupManagement] INFO  server.RaftServerConfigKeys (ConfUtils.java:logGet(46)) - raft.server.log.appender.install.snapshot.enabled = false (custom)
2023-10-17 18:45:52,712 [eb2139cf-2f93-40e0-8f6b-119ef4e9cafb-groupManagement] INFO  server.RaftServerConfigKeys (ConfUtils.java:logGet(46)) - raft.server.threadpool.server.cached = true (default)
2023-10-17 18:45:52,712 [eb2139cf-2f93-40e0-8f6b-119ef4e9cafb-groupManagement] INFO  server.RaftServerConfigKeys (ConfUtils.java:logGet(46)) - raft.server.threadpool.server.size = 0 (default)
2023-10-17 18:45:52,712 [eb2139cf-2f93-40e0-8f6b-119ef4e9cafb-groupManagement] INFO  server.RaftServerConfigKeys (ConfUtils.java:logGet(46)) - raft.server.threadpool.client.cached = true (default)
2023-10-17 18:45:52,712 [eb2139cf-2f93-40e0-8f6b-119ef4e9cafb-groupManagement] INFO  server.RaftServerConfigKeys (ConfUtils.java:logGet(46)) - raft.server.threadpool.client.size = 0 (default)
2023-10-17 18:45:52,712 [eb2139cf-2f93-40e0-8f6b-119ef4e9cafb-groupManagement] INFO  storage.RaftStorageDirectory (RaftStorageDirectoryImpl.java:analyzeStorage(137)) - The storage directory /home/runner/work/ozone/ozone/hadoop-ozone/integration-test/target/test-dir/MiniOzoneClusterImpl-1ddacd7d-4aab-443e-9cce-7616e57ab4b1/datanode-1/data/ratis/f96e4181-aff9-4e8f-9558-d969b0d801aa does not exist. Creating ...
2023-10-17 18:45:52,713 [eb2139cf-2f93-40e0-8f6b-119ef4e9cafb-groupManagement] INFO  storage.RaftStorageDirectory (RaftStorageDirectoryImpl.java:tryLock(231)) - Lock on /home/runner/work/ozone/ozone/hadoop-ozone/integration-test/target/test-dir/MiniOzoneClusterImpl-1ddacd7d-4aab-443e-9cce-7616e57ab4b1/datanode-1/data/ratis/f96e4181-aff9-4e8f-9558-d969b0d801aa/in_use.lock acquired by nodename 31914@fv-az189-115
2023-10-17 18:45:52,714 [eb2139cf-2f93-40e0-8f6b-119ef4e9cafb-groupManagement] INFO  storage.RaftStorage (RaftStorageImpl.java:format(96)) - Storage directory /home/runner/work/ozone/ozone/hadoop-ozone/integration-test/target/test-dir/MiniOzoneClusterImpl-1ddacd7d-4aab-443e-9cce-7616e57ab4b1/datanode-1/data/ratis/f96e4181-aff9-4e8f-9558-d969b0d801aa has been successfully formatted.
2023-10-17 18:45:52,716 [eb2139cf-2f93-40e0-8f6b-119ef4e9cafb-groupManagement] INFO  ratis.ContainerStateMachine (ContainerStateMachine.java:loadSnapshot(262)) - group-D969B0D801AA: The snapshot info is null. Setting the last applied indexto:(t:0, i:~)
2023-10-17 18:45:52,716 [eb2139cf-2f93-40e0-8f6b-119ef4e9cafb-groupManagement] INFO  server.RaftServerConfigKeys (ConfUtils.java:logGet(46)) - raft.server.log.use.memory = false (default)
2023-10-17 18:45:52,717 [EndpointStateMachine task thread for /0.0.0.0:15228 - 0 ] DEBUG endpoint.HeartbeatEndpointTask (ConfUtils.java:logGet(46)) - raft.server.log.purge.gap = 1000000 (custom)
2023-10-17 18:45:52,717 [eb2139cf-2f93-40e0-8f6b-119ef4e9cafb-groupManagement] INFO  server.RaftServerConfigKeys (HeartbeatEndpointTask.java:call(182)) - Sending heartbeat message :: datanodeDetails {
  uuid: "eb2139cf-2f93-40e0-8f6b-119ef4e9cafb"
  ipAddress: "10.1.0.25"
  hostName: "fv-az189-115"
  ports {
    name: "HTTP"
    value: 15244
  }
  ports {
    name: "CLIENT_RPC"
    value: 15245
  }
  ports {
    name: "REPLICATION"
    value: 15251
  }
  ports {
    name: "RATIS"
    value: 15247
  }
  ports {
    name: "RATIS_ADMIN"
    value: 15248
  }
  ports {
    name: "RATIS_SERVER"
    value: 15249
  }
  ports {
    name: "RATIS_DATASTREAM"
    value: 15250
  }
  ports {
    name: "STANDALONE"
    value: 15246
  }
  networkName: "eb2139cf-2f93-40e0-8f6b-119ef4e9cafb"
  networkLocation: "/rack1"
  persistedOpStateExpiry: 0
  uuid128 {
    mostSigBits: -1503857238545841952
    leastSigBits: -8112370929366349061
  }
}
pipelineReports {
  pipelineReport {
    pipelineID {
      id: "f96e4181-aff9-4e8f-9558-d969b0d801aa"
      uuid128 {
        mostSigBits: -473368885568385393
        leastSigBits: -7685153716146011734
      }
    }
    isLeader: false
    bytesWritten: 0
  }
}
dataNodeLayoutVersion {
  metadataLayoutVersion: 7
  softwareLayoutVersion: 7
}
commandQueueReport {
  command: createPipelineCommand
  command: deleteBlocksCommand
  command: closeContainerCommand
  command: replicateContainerCommand
  command: deleteContainerCommand
  command: closePipelineCommand
  command: setNodeOperationalStateCommand
  command: finalizeNewLayoutVersionCommand
  command: reconstructECContainersCommand
  command: refreshVolumeUsageInfo
  count: 3
  count: 0
  count: 0
  count: 0
  count: 0
  count: 0
  count: 0
  count: 0
  count: 0
  count: 0
}

ConfUtils.java:logGet(46)) - raft.server.log.appender.buffer.byte-limit = 33554432 (custom)
2023-10-17 18:45:52,717 [EndpointStateMachine task thread for /0.0.0.0:15228 - 0 ] DEBUG endpoint.HeartbeatEndpointTask (HeartbeatEndpointTask.java:call(182)) - Sending heartbeat message :: datanodeDetails {
  uuid: "eb2139cf-2f93-40e0-8f6b-119ef4e9cafb"
  ipAddress: "10.1.0.25"
  hostName: "fv-az189-115"
  ports {
    name: "HTTP"
    value: 15244
  }
  ports {
    name: "CLIENT_RPC"
    value: 15245
  }
  ports {
    name: "REPLICATION"
    value: 15251
  }
  ports {
    name: "RATIS"
    value: 15247
  }
  ports {
    name: "RATIS_ADMIN"
    value: 15248
  }
  ports {
    name: "RATIS_SERVER"
    value: 15249
  }
  ports {
    name: "RATIS_DATASTREAM"
    value: 15250
  }
  ports {
    name: "STANDALONE"
    value: 15246
  }
  networkName: "eb2139cf-2f93-40e0-8f6b-119ef4e9cafb"
  networkLocation: "/rack1"
  persistedOpStateExpiry: 0
  uuid128 {
    mostSigBits: -1503857238545841952
    leastSigBits: -8112370929366349061
  }
}
pipelineReports {
  pipelineReport {
    pipelineID {
      id: "f96e4181-aff9-4e8f-9558-d969b0d801aa"
      uuid128 {
        mostSigBits: -473368885568385393
        leastSigBits: -7685153716146011734
      }
    }
    isLeader: false
    bytesWritten: 0
  }
}
dataNodeLayoutVersion {
  metadataLayoutVersion: 7
  softwareLayoutVersion: 7
}
commandQueueReport {
  command: createPipelineCommand
  command: deleteBlocksCommand
  command: closeContainerCommand
  command: replicateContainerCommand
  command: deleteContainerCommand
  command: closePipelineCommand
  command: setNodeOperationalStateCommand
  command: finalizeNewLayoutVersionCommand
  command: reconstructECContainersCommand
  command: refreshVolumeUsageInfo
  count: 3
  count: 0
  count: 0
  count: 0
  count: 0
  count: 0
  count: 0
  count: 0
  count: 0
  count: 0
}

2023-10-17 18:45:52,717 [eb2139cf-2f93-40e0-8f6b-119ef4e9cafb-groupManagement] INFO  server.RaftServerConfigKeys (ConfUtils.java:logGet(46)) - raft.server.log.statemachine.data.read.timeout = 1000ms (default)
2023-10-17 18:45:52,717 [eb2139cf-2f93-40e0-8f6b-119ef4e9cafb-groupManagement] INFO  server.RaftServerConfigKeys (ConfUtils.java:logGet(46)) - raft.server.log.purge.preservation.log.num = 0 (default)
2023-10-17 18:45:52,717 [eb2139cf-2f93-40e0-8f6b-119ef4e9cafb-groupManagement] INFO  server.RaftServerConfigKeys (ConfUtils.java:logGet(46)) - raft.server.log.segment.size.max = 1048576 (custom)
2023-10-17 18:45:52,718 [eb2139cf-2f93-40e0-8f6b-119ef4e9cafb-groupManagement] INFO  server.RaftServerConfigKeys (ConfUtils.java:logGet(46)) - raft.server.log.segment.cache.num.max = 2 (custom)
2023-10-17 18:45:52,718 [eb2139cf-2f93-40e0-8f6b-119ef4e9cafb-groupManagement] INFO  server.RaftServerConfigKeys (ConfUtils.java:logGet(46)) - raft.server.log.segment.cache.size.max = 200MB (=209715200) (default)
2023-10-17 18:45:52,718 [eb2139cf-2f93-40e0-8f6b-119ef4e9cafb-groupManagement] INFO  server.RaftServerConfigKeys (ConfUtils.java:logGet(46)) - raft.server.log.appender.buffer.byte-limit = 33554432 (custom)
2023-10-17 18:45:52,718 [eb2139cf-2f93-40e0-8f6b-119ef4e9cafb-groupManagement] INFO  segmented.SegmentedRaftLogWorker (SegmentedRaftLogWorker.java:<init>(188)) - new eb2139cf-2f93-40e0-8f6b-119ef4e9cafb@group-D969B0D801AA-SegmentedRaftLogWorker for RaftStorageImpl:Storage Directory /home/runner/work/ozone/ozone/hadoop-ozone/integration-test/target/test-dir/MiniOzoneClusterImpl-1ddacd7d-4aab-443e-9cce-7616e57ab4b1/datanode-1/data/ratis/f96e4181-aff9-4e8f-9558-d969b0d801aa
2023-10-17 18:45:52,718 [eb2139cf-2f93-40e0-8f6b-119ef4e9cafb-groupManagement] INFO  server.RaftServerConfigKeys (ConfUtils.java:logGet(46)) - raft.server.log.queue.byte-limit = 4294967296 (custom)
2023-10-17 18:45:52,718 [eb2139cf-2f93-40e0-8f6b-119ef4e9cafb-groupManagement] INFO  server.RaftServerConfigKeys (ConfUtils.java:logGet(46)) - raft.server.log.queue.element-limit = 1024 (custom)
2023-10-17 18:45:52,718 [eb2139cf-2f93-40e0-8f6b-119ef4e9cafb-groupManagement] INFO  server.RaftServerConfigKeys (ConfUtils.java:logGet(46)) - raft.server.log.segment.size.max = 1048576 (custom)
2023-10-17 18:45:52,718 [eb2139cf-2f93-40e0-8f6b-119ef4e9cafb-groupManagement] INFO  server.RaftServerConfigKeys (ConfUtils.java:logGet(46)) - raft.server.log.preallocated.size = 16384 (custom)
2023-10-17 18:45:52,718 [eb2139cf-2f93-40e0-8f6b-119ef4e9cafb-groupManagement] INFO  server.RaftServerConfigKeys (ConfUtils.java:logGet(46)) - raft.server.log.force.sync.num = 128 (default)
2023-10-17 18:45:52,718 [eb2139cf-2f93-40e0-8f6b-119ef4e9cafb-groupManagement] INFO  server.RaftServerConfigKeys (ConfUtils.java:logGet(46)) - raft.server.log.statemachine.data.sync = true (default)
2023-10-17 18:45:52,719 [eb2139cf-2f93-40e0-8f6b-119ef4e9cafb-groupManagement] INFO  server.RaftServerConfigKeys (ConfUtils.java:logGet(46)) - raft.server.log.statemachine.data.sync.timeout = 10s (default)
2023-10-17 18:45:52,719 [eb2139cf-2f93-40e0-8f6b-119ef4e9cafb-groupManagement] INFO  server.RaftServerConfigKeys (ConfUtils.java:logGet(46)) - raft.server.log.statemachine.data.sync.timeout.retry = -1 (default)
2023-10-17 18:45:52,719 [eb2139cf-2f93-40e0-8f6b-119ef4e9cafb-groupManagement] INFO  server.RaftServerConfigKeys (ConfUtils.java:logGet(46)) - raft.server.log.write.buffer.size = 1048576 (custom)
2023-10-17 18:45:52,720 [eb2139cf-2f93-40e0-8f6b-119ef4e9cafb-groupManagement] INFO  server.RaftServerConfigKeys (ConfUtils.java:logGet(46)) - raft.server.log.appender.buffer.byte-limit = 33554432 (custom)
2023-10-17 18:45:52,725 [eb2139cf-2f93-40e0-8f6b-119ef4e9cafb-groupManagement] INFO  server.RaftServerConfigKeys (ConfUtils.java:logGet(46)) - raft.server.log.unsafe-flush.enabled = false (default)
2023-10-17 18:45:52,725 [eb2139cf-2f93-40e0-8f6b-119ef4e9cafb-groupManagement] INFO  server.RaftServerConfigKeys (ConfUtils.java:logGet(46)) - raft.server.log.async-flush.enabled = false (default)
2023-10-17 18:45:52,725 [eb2139cf-2f93-40e0-8f6b-119ef4e9cafb-groupManagement] INFO  server.RaftServerConfigKeys (ConfUtils.java:logGet(46)) - raft.server.log.statemachine.data.caching.enabled = true (custom)
2023-10-17 18:45:52,725 [eb2139cf-2f93-40e0-8f6b-119ef4e9cafb-groupManagement] INFO  segmented.SegmentedRaftLogWorker (SegmentedRaftLogWorker.java:lambda$new$0(135)) - eb2139cf-2f93-40e0-8f6b-119ef4e9cafb@group-D969B0D801AA-SegmentedRaftLogWorker: flushIndex: setUnconditionally 0 -> -1
2023-10-17 18:45:52,725 [eb2139cf-2f93-40e0-8f6b-119ef4e9cafb-groupManagement] INFO  segmented.SegmentedRaftLogWorker (SegmentedRaftLogWorker.java:lambda$new$0(135)) - eb2139cf-2f93-40e0-8f6b-119ef4e9cafb@group-D969B0D801AA-SegmentedRaftLogWorker: safeCacheEvictIndex: setUnconditionally 0 -> -1
2023-10-17 18:45:52,730 [eb2139cf-2f93-40e0-8f6b-119ef4e9cafb-groupManagement] INFO  server.RaftServer$Division (RaftServerImpl.java:start(342)) - eb2139cf-2f93-40e0-8f6b-119ef4e9cafb@group-D969B0D801AA: start as a follower, conf=-1: peers:[eb2139cf-2f93-40e0-8f6b-119ef4e9cafb|rpc:10.1.0.25:15249|admin:10.1.0.25:15248|client:10.1.0.25:15247|dataStream:10.1.0.25:15250|priority:0|startupRole:FOLLOWER, 7abc303f-f695-4fbc-aa63-fcdea332bcbc|rpc:10.1.0.25:15258|admin:10.1.0.25:15257|client:10.1.0.25:15256|dataStream:10.1.0.25:15259|priority:0|startupRole:FOLLOWER, 6484543a-767b-4be3-933a-0df7ebf5f58a|rpc:10.1.0.25:15240|admin:10.1.0.25:15239|client:10.1.0.25:15238|dataStream:10.1.0.25:15241|priority:1|startupRole:FOLLOWER]|listeners:[], old=null
2023-10-17 18:45:52,730 [eb2139cf-2f93-40e0-8f6b-119ef4e9cafb-groupManagement] INFO  server.RaftServer$Division (RaftServerImpl.java:setRole(329)) - eb2139cf-2f93-40e0-8f6b-119ef4e9cafb@group-D969B0D801AA: changes role from      null to FOLLOWER at term 0 for startAsFollower
2023-10-17 18:45:52,730 [eb2139cf-2f93-40e0-8f6b-119ef4e9cafb-groupManagement] INFO  impl.RoleInfo (RoleInfo.java:updateAndGet(139)) - eb2139cf-2f93-40e0-8f6b-119ef4e9cafb: start eb2139cf-2f93-40e0-8f6b-119ef4e9cafb@group-D969B0D801AA-FollowerState
2023-10-17 18:45:52,730 [eb2139cf-2f93-40e0-8f6b-119ef4e9cafb-groupManagement] INFO  util.JmxRegister (JmxRegister.java:tryRegister(44)) - Successfully registered JMX Bean with object name Ratis:service=RaftServer,group=group-D969B0D801AA,id=eb2139cf-2f93-40e0-8f6b-119ef4e9cafb
2023-10-17 18:45:52,730 [eb2139cf-2f93-40e0-8f6b-119ef4e9cafb-groupManagement] INFO  server.RaftServerConfigKeys (ConfUtils.java:logGet(46)) - raft.server.snapshot.auto.trigger.enabled = true (custom)
2023-10-17 18:45:52,730 [eb2139cf-2f93-40e0-8f6b-119ef4e9cafb-groupManagement] INFO  server.RaftServerConfigKeys (ConfUtils.java:logGet(46)) - raft.server.snapshot.auto.trigger.threshold = 10000 (custom)
2023-10-17 18:45:52,730 [eb2139cf-2f93-40e0-8f6b-119ef4e9cafb-groupManagement] INFO  server.RaftServerConfigKeys (ConfUtils.java:logGet(46)) - raft.server.snapshot.retention.file.num = 5 (custom)
2023-10-17 18:45:52,730 [eb2139cf-2f93-40e0-8f6b-119ef4e9cafb-groupManagement] INFO  server.RaftServerConfigKeys (ConfUtils.java:logGet(46)) - raft.server.log.purge.upto.snapshot.index = false (default)
2023-10-17 18:45:52,731 [eb2139cf-2f93-40e0-8f6b-119ef4e9cafb@group-D969B0D801AA-FollowerState] INFO  server.RaftServerConfigKeys (ConfUtils.java:logFallback(53)) - raft.server.rpc.first-election.timeout.min = 5s (fallback to raft.server.rpc.timeout.min)
2023-10-17 18:45:52,731 [eb2139cf-2f93-40e0-8f6b-119ef4e9cafb@group-D969B0D801AA-FollowerState] INFO  server.RaftServerConfigKeys (ConfUtils.java:logFallback(53)) - raft.server.rpc.first-election.timeout.max = 5200ms (fallback to raft.server.rpc.timeout.max)
2023-10-17 18:45:52,732 [PipelineCommandHandlerThread-0] INFO  server.RaftServer (RaftServerProxy.java:addNew(98)) - eb2139cf-2f93-40e0-8f6b-119ef4e9cafb: addNew group-9D5C6C4FD5CA:[eb2139cf-2f93-40e0-8f6b-119ef4e9cafb|rpc:10.1.0.25:15249|admin:10.1.0.25:15248|client:10.1.0.25:15247|dataStream:10.1.0.25:15250|priority:1|startupRole:FOLLOWER] returns group-9D5C6C4FD5CA:java.util.concurrent.CompletableFuture@83dd304[Not completed]
2023-10-17 18:45:52,734 [eb2139cf-2f93-40e0-8f6b-119ef4e9cafb-groupManagement] INFO  server.RaftServer$Division (RaftServerImpl.java:<init>(198)) - eb2139cf-2f93-40e0-8f6b-119ef4e9cafb: new RaftServerImpl for group-9D5C6C4FD5CA:[eb2139cf-2f93-40e0-8f6b-119ef4e9cafb|rpc:10.1.0.25:15249|admin:10.1.0.25:15248|client:10.1.0.25:15247|dataStream:10.1.0.25:15250|priority:1|startupRole:FOLLOWER] with ContainerStateMachine:uninitialized
2023-10-17 18:45:52,748 [eb2139cf-2f93-40e0-8f6b-119ef4e9cafb-groupManagement] INFO  server.RaftServerConfigKeys (ConfUtils.java:logGet(46)) - raft.server.rpc.timeout.min = 5s (custom)
2023-10-17 18:45:52,748 [eb2139cf-2f93-40e0-8f6b-119ef4e9cafb-groupManagement] INFO  server.RaftServerConfigKeys (ConfUtils.java:logGet(46)) - raft.server.rpc.timeout.max = 5200ms (custom)
2023-10-17 18:45:52,748 [eb2139cf-2f93-40e0-8f6b-119ef4e9cafb-groupManagement] INFO  server.RaftServerConfigKeys (ConfUtils.java:logGet(46)) - raft.server.rpc.sleep.time = 25ms (default)
2023-10-17 18:45:52,748 [eb2139cf-2f93-40e0-8f6b-119ef4e9cafb-groupManagement] INFO  server.RaftServerConfigKeys (ConfUtils.java:logGet(46)) - raft.server.rpc.slowness.timeout = 300s (custom)
2023-10-17 18:45:52,748 [eb2139cf-2f93-40e0-8f6b-119ef4e9cafb-groupManagement] INFO  server.RaftServerConfigKeys (ConfUtils.java:logGet(46)) - raft.server.leaderelection.leader.step-down.wait-time = 10s (default)
2023-10-17 18:45:52,748 [eb2139cf-2f93-40e0-8f6b-119ef4e9cafb-groupManagement] INFO  server.RaftServerConfigKeys (ConfUtils.java:logGet(46)) - raft.server.sleep.deviation.threshold = 300ms (default)
2023-10-17 18:45:52,748 [eb2139cf-2f93-40e0-8f6b-119ef4e9cafb-groupManagement] INFO  server.RaftServer$Division (ServerState.java:<init>(120)) - eb2139cf-2f93-40e0-8f6b-119ef4e9cafb@group-9D5C6C4FD5CA: ConfigurationManager, init=-1: peers:[eb2139cf-2f93-40e0-8f6b-119ef4e9cafb|rpc:10.1.0.25:15249|admin:10.1.0.25:15248|client:10.1.0.25:15247|dataStream:10.1.0.25:15250|priority:1|startupRole:FOLLOWER]|listeners:[], old=null, confs=<EMPTY_MAP>
2023-10-17 18:45:52,748 [eb2139cf-2f93-40e0-8f6b-119ef4e9cafb-groupManagement] INFO  server.RaftServerConfigKeys (ConfUtils.java:logGet(46)) - raft.server.storage.dir = [/home/runner/work/ozone/ozone/hadoop-ozone/integration-test/target/test-dir/MiniOzoneClusterImpl-1ddacd7d-4aab-443e-9cce-7616e57ab4b1/datanode-1/data/ratis] (custom)
2023-10-17 18:45:52,748 [eb2139cf-2f93-40e0-8f6b-119ef4e9cafb-groupManagement] INFO  server.RaftServerConfigKeys (ConfUtils.java:logGet(46)) - raft.server.log.corruption.policy = EXCEPTION (default)
2023-10-17 18:45:52,748 [eb2139cf-2f93-40e0-8f6b-119ef4e9cafb-groupManagement] INFO  server.RaftServerConfigKeys (ConfUtils.java:logGet(46)) - raft.server.storage.free-space.min = 0MB (=0) (default)
2023-10-17 18:45:52,748 [eb2139cf-2f93-40e0-8f6b-119ef4e9cafb-groupManagement] INFO  server.RaftServerConfigKeys (ConfUtils.java:logGet(46)) - raft.server.notification.no-leader.timeout = 300s (custom)
2023-10-17 18:45:52,748 [eb2139cf-2f93-40e0-8f6b-119ef4e9cafb-groupManagement] INFO  server.RaftServerConfigKeys (ConfUtils.java:logGet(46)) - raft.server.read.timeout = 10s (default)
2023-10-17 18:45:52,748 [eb2139cf-2f93-40e0-8f6b-119ef4e9cafb-groupManagement] INFO  server.RaftServerConfigKeys (ConfUtils.java:logGet(46)) - raft.server.retrycache.expirytime = 600000ms (custom)
2023-10-17 18:45:52,749 [eb2139cf-2f93-40e0-8f6b-119ef4e9cafb-groupManagement] INFO  server.RaftServerConfigKeys (ConfUtils.java:logGet(46)) - raft.server.retrycache.statistics.expirytime = 100μs (default)
2023-10-17 18:45:52,749 [eb2139cf-2f93-40e0-8f6b-119ef4e9cafb-groupManagement] INFO  server.RaftServerConfigKeys (ConfUtils.java:logGet(46)) - raft.server.read.option = DEFAULT (default)
2023-10-17 18:45:52,749 [eb2139cf-2f93-40e0-8f6b-119ef4e9cafb-groupManagement] INFO  server.RaftServerConfigKeys (ConfUtils.java:logGet(46)) - raft.server.rpc.request.timeout = 60s (custom)
2023-10-17 18:45:52,749 [eb2139cf-2f93-40e0-8f6b-119ef4e9cafb-groupManagement] INFO  server.RaftServerConfigKeys (ConfUtils.java:logGet(46)) - raft.server.log.appender.install.snapshot.enabled = false (custom)
2023-10-17 18:45:52,749 [eb2139cf-2f93-40e0-8f6b-119ef4e9cafb-groupManagement] INFO  server.RaftServerConfigKeys (ConfUtils.java:logGet(46)) - raft.server.threadpool.server.cached = true (default)
2023-10-17 18:45:52,749 [eb2139cf-2f93-40e0-8f6b-119ef4e9cafb-groupManagement] INFO  server.RaftServerConfigKeys (ConfUtils.java:logGet(46)) - raft.server.threadpool.server.size = 0 (default)
2023-10-17 18:45:52,749 [eb2139cf-2f93-40e0-8f6b-119ef4e9cafb-groupManagement] INFO  server.RaftServerConfigKeys (ConfUtils.java:logGet(46)) - raft.server.threadpool.client.cached = true (default)
2023-10-17 18:45:52,749 [eb2139cf-2f93-40e0-8f6b-119ef4e9cafb-groupManagement] INFO  server.RaftServerConfigKeys (ConfUtils.java:logGet(46)) - raft.server.threadpool.client.size = 0 (default)
2023-10-17 18:45:52,749 [eb2139cf-2f93-40e0-8f6b-119ef4e9cafb-groupManagement] INFO  storage.RaftStorageDirectory (RaftStorageDirectoryImpl.java:analyzeStorage(137)) - The storage directory /home/runner/work/ozone/ozone/hadoop-ozone/integration-test/target/test-dir/MiniOzoneClusterImpl-1ddacd7d-4aab-443e-9cce-7616e57ab4b1/datanode-1/data/ratis/0cdbbf1d-a43a-4ba0-889b-9d5c6c4fd5ca does not exist. Creating ...
2023-10-17 18:45:52,751 [eb2139cf-2f93-40e0-8f6b-119ef4e9cafb-groupManagement] INFO  storage.RaftStorageDirectory (RaftStorageDirectoryImpl.java:tryLock(231)) - Lock on /home/runner/work/ozone/ozone/hadoop-ozone/integration-test/target/test-dir/MiniOzoneClusterImpl-1ddacd7d-4aab-443e-9cce-7616e57ab4b1/datanode-1/data/ratis/0cdbbf1d-a43a-4ba0-889b-9d5c6c4fd5ca/in_use.lock acquired by nodename 31914@fv-az189-115
2023-10-17 18:45:52,762 [eb2139cf-2f93-40e0-8f6b-119ef4e9cafb-groupManagement] INFO  storage.RaftStorage (RaftStorageImpl.java:format(96)) - Storage directory /home/runner/work/ozone/ozone/hadoop-ozone/integration-test/target/test-dir/MiniOzoneClusterImpl-1ddacd7d-4aab-443e-9cce-7616e57ab4b1/datanode-1/data/ratis/0cdbbf1d-a43a-4ba0-889b-9d5c6c4fd5ca has been successfully formatted.
2023-10-17 18:45:52,762 [eb2139cf-2f93-40e0-8f6b-119ef4e9cafb-groupManagement] INFO  ratis.ContainerStateMachine (ContainerStateMachine.java:loadSnapshot(262)) - group-9D5C6C4FD5CA: The snapshot info is null. Setting the last applied indexto:(t:0, i:~)
2023-10-17 18:45:52,762 [eb2139cf-2f93-40e0-8f6b-119ef4e9cafb-groupManagement] INFO  server.RaftServerConfigKeys (ConfUtils.java:logGet(46)) - raft.server.log.use.memory = false (default)
2023-10-17 18:45:52,762 [eb2139cf-2f93-40e0-8f6b-119ef4e9cafb-groupManagement] INFO  server.RaftServerConfigKeys (ConfUtils.java:logGet(46)) - raft.server.log.purge.gap = 1000000 (custom)
2023-10-17 18:45:52,762 [eb2139cf-2f93-40e0-8f6b-119ef4e9cafb-groupManagement] INFO  server.RaftServerConfigKeys (ConfUtils.java:logGet(46)) - raft.server.log.appender.buffer.byte-limit = 33554432 (custom)
2023-10-17 18:45:52,762 [eb2139cf-2f93-40e0-8f6b-119ef4e9cafb-groupManagement] INFO  server.RaftServerConfigKeys (ConfUtils.java:logGet(46)) - raft.server.log.statemachine.data.read.timeout = 1000ms (default)
2023-10-17 18:45:52,762 [eb2139cf-2f93-40e0-8f6b-119ef4e9cafb-groupManagement] INFO  server.RaftServerConfigKeys (ConfUtils.java:logGet(46)) - raft.server.log.purge.preservation.log.num = 0 (default)
2023-10-17 18:45:52,763 [eb2139cf-2f93-40e0-8f6b-119ef4e9cafb-groupManagement] INFO  server.RaftServerConfigKeys (ConfUtils.java:logGet(46)) - raft.server.log.segment.size.max = 1048576 (custom)
2023-10-17 18:45:52,763 [eb2139cf-2f93-40e0-8f6b-119ef4e9cafb-groupManagement] INFO  server.RaftServerConfigKeys (ConfUtils.java:logGet(46)) - raft.server.log.segment.cache.num.max = 2 (custom)
2023-10-17 18:45:52,763 [eb2139cf-2f93-40e0-8f6b-119ef4e9cafb-groupManagement] INFO  server.RaftServerConfigKeys (ConfUtils.java:logGet(46)) - raft.server.log.segment.cache.size.max = 200MB (=209715200) (default)
2023-10-17 18:45:52,763 [eb2139cf-2f93-40e0-8f6b-119ef4e9cafb-groupManagement] INFO  server.RaftServerConfigKeys (ConfUtils.java:logGet(46)) - raft.server.log.appender.buffer.byte-limit = 33554432 (custom)
2023-10-17 18:45:52,763 [eb2139cf-2f93-40e0-8f6b-119ef4e9cafb-groupManagement] INFO  segmented.SegmentedRaftLogWorker (SegmentedRaftLogWorker.java:<init>(188)) - new eb2139cf-2f93-40e0-8f6b-119ef4e9cafb@group-9D5C6C4FD5CA-SegmentedRaftLogWorker for RaftStorageImpl:Storage Directory /home/runner/work/ozone/ozone/hadoop-ozone/integration-test/target/test-dir/MiniOzoneClusterImpl-1ddacd7d-4aab-443e-9cce-7616e57ab4b1/datanode-1/data/ratis/0cdbbf1d-a43a-4ba0-889b-9d5c6c4fd5ca
2023-10-17 18:45:52,763 [eb2139cf-2f93-40e0-8f6b-119ef4e9cafb-groupManagement] INFO  server.RaftServerConfigKeys (ConfUtils.java:logGet(46)) - raft.server.log.queue.byte-limit = 4294967296 (custom)
2023-10-17 18:45:52,763 [eb2139cf-2f93-40e0-8f6b-119ef4e9cafb-groupManagement] INFO  server.RaftServerConfigKeys (ConfUtils.java:logGet(46)) - raft.server.log.queue.element-limit = 1024 (custom)
2023-10-17 18:45:52,763 [eb2139cf-2f93-40e0-8f6b-119ef4e9cafb-groupManagement] INFO  server.RaftServerConfigKeys (ConfUtils.java:logGet(46)) - raft.server.log.segment.size.max = 1048576 (custom)
2023-10-17 18:45:52,763 [eb2139cf-2f93-40e0-8f6b-119ef4e9cafb-groupManagement] INFO  server.RaftServerConfigKeys (ConfUtils.java:logGet(46)) - raft.server.log.preallocated.size = 16384 (custom)
2023-10-17 18:45:52,763 [eb2139cf-2f93-40e0-8f6b-119ef4e9cafb-groupManagement] INFO  server.RaftServerConfigKeys (ConfUtils.java:logGet(46)) - raft.server.log.force.sync.num = 128 (default)
2023-10-17 18:45:52,763 [eb2139cf-2f93-40e0-8f6b-119ef4e9cafb-groupManagement] INFO  server.RaftServerConfigKeys (ConfUtils.java:logGet(46)) - raft.server.log.statemachine.data.sync = true (default)
2023-10-17 18:45:52,763 [eb2139cf-2f93-40e0-8f6b-119ef4e9cafb-groupManagement] INFO  server.RaftServerConfigKeys (ConfUtils.java:logGet(46)) - raft.server.log.statemachine.data.sync.timeout = 10s (default)
2023-10-17 18:45:52,763 [eb2139cf-2f93-40e0-8f6b-119ef4e9cafb-groupManagement] INFO  server.RaftServerConfigKeys (ConfUtils.java:logGet(46)) - raft.server.log.statemachine.data.sync.timeout.retry = -1 (default)
2023-10-17 18:45:52,763 [eb2139cf-2f93-40e0-8f6b-119ef4e9cafb-groupManagement] INFO  server.RaftServerConfigKeys (ConfUtils.java:logGet(46)) - raft.server.log.write.buffer.size = 1048576 (custom)
2023-10-17 18:45:52,764 [eb2139cf-2f93-40e0-8f6b-119ef4e9cafb-groupManagement] INFO  server.RaftServerConfigKeys (ConfUtils.java:logGet(46)) - raft.server.log.appender.buffer.byte-limit = 33554432 (custom)
2023-10-17 18:45:52,766 [PipelineCommandHandlerThread-0] INFO  commandhandler.CreatePipelineCommandHandler (CreatePipelineCommandHandler.java:lambda$handle$2(124)) - Created Pipeline RATIS THREE PipelineID=f96e4181-aff9-4e8f-9558-d969b0d801aa.
2023-10-17 18:45:52,766 [PipelineCommandHandlerThread-0] INFO  server.RaftServer (RaftServerProxy.java:addNew(98)) - 6484543a-767b-4be3-933a-0df7ebf5f58a: addNew group-67DD6FFDD51E:[eb2139cf-2f93-40e0-8f6b-119ef4e9cafb|rpc:10.1.0.25:15249|admin:10.1.0.25:15248|client:10.1.0.25:15247|dataStream:10.1.0.25:15250|priority:0|startupRole:FOLLOWER, 7abc303f-f695-4fbc-aa63-fcdea332bcbc|rpc:10.1.0.25:15258|admin:10.1.0.25:15257|client:10.1.0.25:15256|dataStream:10.1.0.25:15259|priority:1|startupRole:FOLLOWER, 6484543a-767b-4be3-933a-0df7ebf5f58a|rpc:10.1.0.25:15240|admin:10.1.0.25:15239|client:10.1.0.25:15238|dataStream:10.1.0.25:15241|priority:0|startupRole:FOLLOWER] returns group-67DD6FFDD51E:java.util.concurrent.CompletableFuture@637e0781[Not completed]
2023-10-17 18:45:52,767 [EndpointStateMachine task thread for /0.0.0.0:15228 - 0 ] DEBUG endpoint.HeartbeatEndpointTask (HeartbeatEndpointTask.java:call(182)) - Sending heartbeat message :: datanodeDetails {
  uuid: "eb2139cf-2f93-40e0-8f6b-119ef4e9cafb"
  ipAddress: "10.1.0.25"
  hostName: "fv-az189-115"
  ports {
    name: "HTTP"
    value: 15244
  }
  ports {
    name: "CLIENT_RPC"
    value: 15245
  }
  ports {
    name: "REPLICATION"
    value: 15251
  }
  ports {
    name: "RATIS"
    value: 15247
  }
  ports {
    name: "RATIS_ADMIN"
    value: 15248
  }
  ports {
    name: "RATIS_SERVER"
    value: 15249
  }
  ports {
    name: "RATIS_DATASTREAM"
    value: 15250
  }
  ports {
    name: "STANDALONE"
    value: 15246
  }
  networkName: "eb2139cf-2f93-40e0-8f6b-119ef4e9cafb"
  networkLocation: "/rack1"
  persistedOpStateExpiry: 0
  uuid128 {
    mostSigBits: -1503857238545841952
    leastSigBits: -8112370929366349061
  }
}
pipelineReports {
  pipelineReport {
    pipelineID {
      id: "f96e4181-aff9-4e8f-9558-d969b0d801aa"
      uuid128 {
        mostSigBits: -473368885568385393
        leastSigBits: -7685153716146011734
      }
    }
    isLeader: false
    bytesWritten: 0
  }
  pipelineReport {
    pipelineID {
      id: "0cdbbf1d-a43a-4ba0-889b-9d5c6c4fd5ca"
      uuid128 {
        mostSigBits: 926544282385009568
        leastSigBits: -8603109642881477174
      }
    }
    isLeader: false
    bytesWritten: 0
  }
}
dataNodeLayoutVersion {
  metadataLayoutVersion: 7
  softwareLayoutVersion: 7
}
commandQueueReport {
  command: createPipelineCommand
  command: deleteBlocksCommand
  command: closeContainerCommand
  command: replicateContainerCommand
  command: deleteContainerCommand
  command: closePipelineCommand
  command: setNodeOperationalStateCommand
  command: finalizeNewLayoutVersionCommand
  command: reconstructECContainersCommand
  command: refreshVolumeUsageInfo
  count: 3
  count: 0
  count: 0
  count: 0
  count: 0
  count: 0
  count: 0
  count: 0
  count: 0
  count: 0
}

2023-10-17 18:45:52,768 [6484543a-767b-4be3-933a-0df7ebf5f58a-groupManagement] INFO  server.RaftServer$Division (RaftServerImpl.java:<init>(198)) - 6484543a-767b-4be3-933a-0df7ebf5f58a: new RaftServerImpl for group-67DD6FFDD51E:[eb2139cf-2f93-40e0-8f6b-119ef4e9cafb|rpc:10.1.0.25:15249|admin:10.1.0.25:15248|client:10.1.0.25:15247|dataStream:10.1.0.25:15250|priority:0|startupRole:FOLLOWER, 7abc303f-f695-4fbc-aa63-fcdea332bcbc|rpc:10.1.0.25:15258|admin:10.1.0.25:15257|client:10.1.0.25:15256|dataStream:10.1.0.25:15259|priority:1|startupRole:FOLLOWER, 6484543a-767b-4be3-933a-0df7ebf5f58a|rpc:10.1.0.25:15240|admin:10.1.0.25:15239|client:10.1.0.25:15238|dataStream:10.1.0.25:15241|priority:0|startupRole:FOLLOWER] with ContainerStateMachine:uninitialized
2023-10-17 18:45:52,768 [6484543a-767b-4be3-933a-0df7ebf5f58a-groupManagement] INFO  server.RaftServerConfigKeys (ConfUtils.java:logGet(46)) - raft.server.rpc.timeout.min = 5s (custom)
2023-10-17 18:45:52,768 [6484543a-767b-4be3-933a-0df7ebf5f58a-groupManagement] INFO  server.RaftServerConfigKeys (ConfUtils.java:logGet(46)) - raft.server.rpc.timeout.max = 5200ms (custom)
2023-10-17 18:45:52,768 [6484543a-767b-4be3-933a-0df7ebf5f58a-groupManagement] INFO  server.RaftServerConfigKeys (ConfUtils.java:logGet(46)) - raft.server.rpc.sleep.time = 25ms (default)
2023-10-17 18:45:52,768 [6484543a-767b-4be3-933a-0df7ebf5f58a-groupManagement] INFO  server.RaftServerConfigKeys (ConfUtils.java:logGet(46)) - raft.server.rpc.slowness.timeout = 300s (custom)
2023-10-17 18:45:52,768 [6484543a-767b-4be3-933a-0df7ebf5f58a-groupManagement] INFO  server.RaftServerConfigKeys (ConfUtils.java:logGet(46)) - raft.server.leaderelection.leader.step-down.wait-time = 10s (default)
2023-10-17 18:45:52,768 [6484543a-767b-4be3-933a-0df7ebf5f58a-groupManagement] INFO  server.RaftServerConfigKeys (ConfUtils.java:logGet(46)) - raft.server.sleep.deviation.threshold = 300ms (default)
2023-10-17 18:45:52,768 [6484543a-767b-4be3-933a-0df7ebf5f58a-groupManagement] INFO  server.RaftServer$Division (ServerState.java:<init>(120)) - 6484543a-767b-4be3-933a-0df7ebf5f58a@group-67DD6FFDD51E: ConfigurationManager, init=-1: peers:[eb2139cf-2f93-40e0-8f6b-119ef4e9cafb|rpc:10.1.0.25:15249|admin:10.1.0.25:15248|client:10.1.0.25:15247|dataStream:10.1.0.25:15250|priority:0|startupRole:FOLLOWER, 7abc303f-f695-4fbc-aa63-fcdea332bcbc|rpc:10.1.0.25:15258|admin:10.1.0.25:15257|client:10.1.0.25:15256|dataStream:10.1.0.25:15259|priority:1|startupRole:FOLLOWER, 6484543a-767b-4be3-933a-0df7ebf5f58a|rpc:10.1.0.25:15240|admin:10.1.0.25:15239|client:10.1.0.25:15238|dataStream:10.1.0.25:15241|priority:0|startupRole:FOLLOWER]|listeners:[], old=null, confs=<EMPTY_MAP>
2023-10-17 18:45:52,768 [6484543a-767b-4be3-933a-0df7ebf5f58a-groupManagement] INFO  server.RaftServerConfigKeys (ConfUtils.java:logGet(46)) - raft.server.storage.dir = [/home/runner/work/ozone/ozone/hadoop-ozone/integration-test/target/test-dir/MiniOzoneClusterImpl-1ddacd7d-4aab-443e-9cce-7616e57ab4b1/datanode-0/data/ratis] (custom)
2023-10-17 18:45:52,769 [6484543a-767b-4be3-933a-0df7ebf5f58a-groupManagement] INFO  server.RaftServerConfigKeys (ConfUtils.java:logGet(46)) - raft.server.log.corruption.policy = EXCEPTION (default)
2023-10-17 18:45:52,769 [6484543a-767b-4be3-933a-0df7ebf5f58a-groupManagement] INFO  server.RaftServerConfigKeys (ConfUtils.java:logGet(46)) - raft.server.storage.free-space.min = 0MB (=0) (default)
2023-10-17 18:45:52,769 [6484543a-767b-4be3-933a-0df7ebf5f58a-groupManagement] INFO  server.RaftServerConfigKeys (ConfUtils.java:logGet(46)) - raft.server.notification.no-leader.timeout = 300s (custom)
2023-10-17 18:45:52,769 [6484543a-767b-4be3-933a-0df7ebf5f58a-groupManagement] INFO  server.RaftServerConfigKeys (ConfUtils.java:logGet(46)) - raft.server.read.timeout = 10s (default)
2023-10-17 18:45:52,769 [6484543a-767b-4be3-933a-0df7ebf5f58a-groupManagement] INFO  server.RaftServerConfigKeys (ConfUtils.java:logGet(46)) - raft.server.retrycache.expirytime = 600000ms (custom)
2023-10-17 18:45:52,769 [6484543a-767b-4be3-933a-0df7ebf5f58a-groupManagement] INFO  server.RaftServerConfigKeys (ConfUtils.java:logGet(46)) - raft.server.retrycache.statistics.expirytime = 100μs (default)
2023-10-17 18:45:52,769 [6484543a-767b-4be3-933a-0df7ebf5f58a-groupManagement] INFO  server.RaftServerConfigKeys (ConfUtils.java:logGet(46)) - raft.server.read.option = DEFAULT (default)
2023-10-17 18:45:52,769 [6484543a-767b-4be3-933a-0df7ebf5f58a-groupManagement] INFO  server.RaftServerConfigKeys (ConfUtils.java:logGet(46)) - raft.server.rpc.request.timeout = 60s (custom)
2023-10-17 18:45:52,769 [6484543a-767b-4be3-933a-0df7ebf5f58a-groupManagement] INFO  server.RaftServerConfigKeys (ConfUtils.java:logGet(46)) - raft.server.log.appender.install.snapshot.enabled = false (custom)
2023-10-17 18:45:52,769 [6484543a-767b-4be3-933a-0df7ebf5f58a-groupManagement] INFO  server.RaftServerConfigKeys (ConfUtils.java:logGet(46)) - raft.server.threadpool.server.cached = true (default)
2023-10-17 18:45:52,769 [6484543a-767b-4be3-933a-0df7ebf5f58a-groupManagement] INFO  server.RaftServerConfigKeys (ConfUtils.java:logGet(46)) - raft.server.threadpool.server.size = 0 (default)
2023-10-17 18:45:52,770 [6484543a-767b-4be3-933a-0df7ebf5f58a-groupManagement] INFO  server.RaftServerConfigKeys (ConfUtils.java:logGet(46)) - raft.server.threadpool.client.cached = true (default)
2023-10-17 18:45:52,770 [6484543a-767b-4be3-933a-0df7ebf5f58a-groupManagement] INFO  server.RaftServerConfigKeys (ConfUtils.java:logGet(46)) - raft.server.threadpool.client.size = 0 (default)
2023-10-17 18:45:52,770 [6484543a-767b-4be3-933a-0df7ebf5f58a-groupManagement] INFO  storage.RaftStorageDirectory (RaftStorageDirectoryImpl.java:analyzeStorage(137)) - The storage directory /home/runner/work/ozone/ozone/hadoop-ozone/integration-test/target/test-dir/MiniOzoneClusterImpl-1ddacd7d-4aab-443e-9cce-7616e57ab4b1/datanode-0/data/ratis/f5eb600c-7ac4-4c4b-8b4e-67dd6ffdd51e does not exist. Creating ...
2023-10-17 18:45:52,771 [6484543a-767b-4be3-933a-0df7ebf5f58a-groupManagement] INFO  storage.RaftStorageDirectory (RaftStorageDirectoryImpl.java:tryLock(231)) - Lock on /home/runner/work/ozone/ozone/hadoop-ozone/integration-test/target/test-dir/MiniOzoneClusterImpl-1ddacd7d-4aab-443e-9cce-7616e57ab4b1/datanode-0/data/ratis/f5eb600c-7ac4-4c4b-8b4e-67dd6ffdd51e/in_use.lock acquired by nodename 31914@fv-az189-115
2023-10-17 18:45:52,772 [EventQueue-PipelineReportForPipelineReportHandler] INFO  pipeline.PipelineReportHandler (PipelineReportHandler.java:processPipelineReport(136)) - Opened pipeline PipelineID=0cdbbf1d-a43a-4ba0-889b-9d5c6c4fd5ca
2023-10-17 18:45:52,772 [EventQueue-OpenPipelineForHealthyPipelineSafeModeRule] INFO  safemode.SCMSafeModeManager (HealthyPipelineSafeModeRule.java:process(137)) - SCM in safe mode. Healthy pipelines reported count is 0, required healthy pipeline reported count is 1
2023-10-17 18:45:52,773 [6484543a-767b-4be3-933a-0df7ebf5f58a-groupManagement] INFO  storage.RaftStorage (RaftStorageImpl.java:format(96)) - Storage directory /home/runner/work/ozone/ozone/hadoop-ozone/integration-test/target/test-dir/MiniOzoneClusterImpl-1ddacd7d-4aab-443e-9cce-7616e57ab4b1/datanode-0/data/ratis/f5eb600c-7ac4-4c4b-8b4e-67dd6ffdd51e has been successfully formatted.
2023-10-17 18:45:52,773 [6484543a-767b-4be3-933a-0df7ebf5f58a-groupManagement] INFO  ratis.ContainerStateMachine (ContainerStateMachine.java:loadSnapshot(262)) - group-67DD6FFDD51E: The snapshot info is null. Setting the last applied indexto:(t:0, i:~)
2023-10-17 18:45:52,773 [6484543a-767b-4be3-933a-0df7ebf5f58a-groupManagement] INFO  server.RaftServerConfigKeys (ConfUtils.java:logGet(46)) - raft.server.log.use.memory = false (default)
2023-10-17 18:45:52,774 [6484543a-767b-4be3-933a-0df7ebf5f58a-groupManagement] INFO  server.RaftServerConfigKeys (ConfUtils.java:logGet(46)) - raft.server.log.purge.gap = 1000000 (custom)
2023-10-17 18:45:52,774 [6484543a-767b-4be3-933a-0df7ebf5f58a-groupManagement] INFO  server.RaftServerConfigKeys (ConfUtils.java:logGet(46)) - raft.server.log.appender.buffer.byte-limit = 33554432 (custom)
2023-10-17 18:45:52,774 [6484543a-767b-4be3-933a-0df7ebf5f58a-groupManagement] INFO  server.RaftServerConfigKeys (ConfUtils.java:logGet(46)) - raft.server.log.statemachine.data.read.timeout = 1000ms (default)
2023-10-17 18:45:52,774 [6484543a-767b-4be3-933a-0df7ebf5f58a-groupManagement] INFO  server.RaftServerConfigKeys (ConfUtils.java:logGet(46)) - raft.server.log.purge.preservation.log.num = 0 (default)
2023-10-17 18:45:52,774 [6484543a-767b-4be3-933a-0df7ebf5f58a-groupManagement] INFO  server.RaftServerConfigKeys (HeartbeatEndpointTask.java:call(182)) - Sending heartbeat message :: datanodeDetails {
  uuid: "6484543a-767b-4be3-933a-0df7ebf5f58a"
  ipAddress: "10.1.0.25"
  hostName: "fv-az189-115"
  ports {
    name: "HTTP"
    value: 15235
  }
  ports {
    name: "CLIENT_RPC"
    value: 15236
  }
  ports {
    name: "REPLICATION"
    value: 15242
  }
  ports {
    name: "RATIS"
    value: 15238
  }
  ports {
    name: "RATIS_ADMIN"
    value: 15239
  }
  ports {
    name: "RATIS_SERVER"
    value: 15240
  }
  ports {
    name: "RATIS_DATASTREAM"
    value: 15241
  }
  ports {
    name: "STANDALONE"
    value: 15237
  }
  networkName: "6484543a-767b-4be3-933a-0df7ebf5f58a"
  networkLocation: "/rack1"
  persistedOpStateExpiry: 0
  uuid128 {
    mostSigBits: 7243006710791228387
    leastSigBits: -7837936843018078838
  }
}
pipelineReports {
  pipelineReport {
    pipelineID {
      id: "f5eb600c-7ac4-4c4b-8b4e-67dd6ffdd51e"
      uuid128 {
        mostSigBits: -726381308174644149
        leastSigBits: -8408669253489797858
      }
    }
    isLeader: false
    bytesWritten: 0
  }
  pipelineReport {
    pipelineID {
      id: "f96e4181-aff9-4e8f-9558-d969b0d801aa"
      uuid128 {
        mostSigBits: -473368885568385393
        leastSigBits: -7685153716146011734
      }
    }
    isLeader: false
    bytesWritten: 0
  }
  pipelineReport {
    pipelineID {
      id: "470f416f-e437-4778-a579-d90dc10088d6"
      uuid128 {
        mostSigBits: 5120383250169546616
        leastSigBits: -6522943932173612842
      }
    }
    isLeader: false
    bytesWritten: 0
  }
}
dataNodeLayoutVersion {
  metadataLayoutVersion: 7
  softwareLayoutVersion: 7
}
commandQueueReport {
  command: createPipelineCommand
  command: deleteBlocksCommand
  command: closeContainerCommand
  command: replicateContainerCommand
  command: deleteContainerCommand
  command: closePipelineCommand
  command: setNodeOperationalStateCommand
  command: finalizeNewLayoutVersionCommand
  command: reconstructECContainersCommand
  command: refreshVolumeUsageInfo
  count: 1
  count: 0
  count: 0
  count: 0
  count: 0
  count: 0
  count: 0
  count: 0
  count: 0
  count: 0
}

ConfUtils.java:logGet(46)) - raft.server.log.segment.size.max = 1048576 (custom)
2023-10-17 18:45:52,774 [EndpointStateMachine task thread for /0.0.0.0:15228 - 0 ] DEBUG endpoint.HeartbeatEndpointTask (HeartbeatEndpointTask.java:call(182)) - Sending heartbeat message :: datanodeDetails {
  uuid: "6484543a-767b-4be3-933a-0df7ebf5f58a"
  ipAddress: "10.1.0.25"
  hostName: "fv-az189-115"
  ports {
    name: "HTTP"
    value: 15235
  }
  ports {
    name: "CLIENT_RPC"
    value: 15236
  }
  ports {
    name: "REPLICATION"
    value: 15242
  }
  ports {
    name: "RATIS"
    value: 15238
  }
  ports {
    name: "RATIS_ADMIN"
    value: 15239
  }
  ports {
    name: "RATIS_SERVER"
    value: 15240
  }
  ports {
    name: "RATIS_DATASTREAM"
    value: 15241
  }
  ports {
    name: "STANDALONE"
    value: 15237
  }
  networkName: "6484543a-767b-4be3-933a-0df7ebf5f58a"
  networkLocation: "/rack1"
  persistedOpStateExpiry: 0
  uuid128 {
    mostSigBits: 7243006710791228387
    leastSigBits: -7837936843018078838
  }
}
pipelineReports {
  pipelineReport {
    pipelineID {
      id: "f5eb600c-7ac4-4c4b-8b4e-67dd6ffdd51e"
      uuid128 {
        mostSigBits: -726381308174644149
        leastSigBits: -8408669253489797858
      }
    }
    isLeader: false
    bytesWritten: 0
  }
  pipelineReport {
    pipelineID {
      id: "f96e4181-aff9-4e8f-9558-d969b0d801aa"
      uuid128 {
        mostSigBits: -473368885568385393
        leastSigBits: -7685153716146011734
      }
    }
    isLeader: false
    bytesWritten: 0
  }
  pipelineReport {
    pipelineID {
      id: "470f416f-e437-4778-a579-d90dc10088d6"
      uuid128 {
        mostSigBits: 5120383250169546616
        leastSigBits: -6522943932173612842
      }
    }
    isLeader: false
    bytesWritten: 0
  }
}
dataNodeLayoutVersion {
  metadataLayoutVersion: 7
  softwareLayoutVersion: 7
}
commandQueueReport {
  command: createPipelineCommand
  command: deleteBlocksCommand
  command: closeContainerCommand
  command: replicateContainerCommand
  command: deleteContainerCommand
  command: closePipelineCommand
  command: setNodeOperationalStateCommand
  command: finalizeNewLayoutVersionCommand
  command: reconstructECContainersCommand
  command: refreshVolumeUsageInfo
  count: 1
  count: 0
  count: 0
  count: 0
  count: 0
  count: 0
  count: 0
  count: 0
  count: 0
  count: 0
}

2023-10-17 18:45:52,774 [6484543a-767b-4be3-933a-0df7ebf5f58a-groupManagement] INFO  server.RaftServerConfigKeys (ConfUtils.java:logGet(46)) - raft.server.log.segment.cache.num.max = 2 (custom)
2023-10-17 18:45:52,774 [6484543a-767b-4be3-933a-0df7ebf5f58a-groupManagement] INFO  server.RaftServerConfigKeys (ConfUtils.java:logGet(46)) - raft.server.log.segment.cache.size.max = 200MB (=209715200) (default)
2023-10-17 18:45:52,774 [6484543a-767b-4be3-933a-0df7ebf5f58a-groupManagement] INFO  server.RaftServerConfigKeys (ConfUtils.java:logGet(46)) - raft.server.log.appender.buffer.byte-limit = 33554432 (custom)
2023-10-17 18:45:52,774 [6484543a-767b-4be3-933a-0df7ebf5f58a-groupManagement] INFO  segmented.SegmentedRaftLogWorker (SegmentedRaftLogWorker.java:<init>(188)) - new 6484543a-767b-4be3-933a-0df7ebf5f58a@group-67DD6FFDD51E-SegmentedRaftLogWorker for RaftStorageImpl:Storage Directory /home/runner/work/ozone/ozone/hadoop-ozone/integration-test/target/test-dir/MiniOzoneClusterImpl-1ddacd7d-4aab-443e-9cce-7616e57ab4b1/datanode-0/data/ratis/f5eb600c-7ac4-4c4b-8b4e-67dd6ffdd51e
2023-10-17 18:45:52,774 [6484543a-767b-4be3-933a-0df7ebf5f58a-groupManagement] INFO  server.RaftServerConfigKeys (ConfUtils.java:logGet(46)) - raft.server.log.queue.byte-limit = 4294967296 (custom)
2023-10-17 18:45:52,774 [6484543a-767b-4be3-933a-0df7ebf5f58a-groupManagement] INFO  server.RaftServerConfigKeys (ConfUtils.java:logGet(46)) - raft.server.log.queue.element-limit = 1024 (custom)
2023-10-17 18:45:52,775 [6484543a-767b-4be3-933a-0df7ebf5f58a-groupManagement] INFO  server.RaftServerConfigKeys (ConfUtils.java:logGet(46)) - raft.server.log.segment.size.max = 1048576 (custom)
2023-10-17 18:45:52,775 [6484543a-767b-4be3-933a-0df7ebf5f58a-groupManagement] INFO  server.RaftServerConfigKeys (ConfUtils.java:logGet(46)) - raft.server.log.preallocated.size = 16384 (custom)
2023-10-17 18:45:52,775 [EventQueue-OpenPipelineForHealthyPipelineSafeModeRule] INFO  safemode.SCMSafeModeManager (HealthyPipelineSafeModeRule.java:process(137)) - SCM in safe mode. Healthy pipelines reported count is 0, required healthy pipeline reported count is 1
2023-10-17 18:45:52,775 [6484543a-767b-4be3-933a-0df7ebf5f58a-groupManagement] INFO  server.RaftServerConfigKeys (ConfUtils.java:logGet(46)) - raft.server.log.force.sync.num = 128 (default)
2023-10-17 18:45:52,775 [6484543a-767b-4be3-933a-0df7ebf5f58a-groupManagement] INFO  server.RaftServerConfigKeys (ConfUtils.java:logGet(46)) - raft.server.log.statemachine.data.sync = true (default)
2023-10-17 18:45:52,775 [6484543a-767b-4be3-933a-0df7ebf5f58a-groupManagement] INFO  server.RaftServerConfigKeys (ConfUtils.java:logGet(46)) - raft.server.log.statemachine.data.sync.timeout = 10s (default)
2023-10-17 18:45:52,775 [6484543a-767b-4be3-933a-0df7ebf5f58a-groupManagement] INFO  server.RaftServerConfigKeys (ConfUtils.java:logGet(46)) - raft.server.log.statemachine.data.sync.timeout.retry = -1 (default)
2023-10-17 18:45:52,775 [6484543a-767b-4be3-933a-0df7ebf5f58a-groupManagement] INFO  server.RaftServerConfigKeys (ConfUtils.java:logGet(46)) - raft.server.log.write.buffer.size = 1048576 (custom)
2023-10-17 18:45:52,776 [6484543a-767b-4be3-933a-0df7ebf5f58a-groupManagement] INFO  server.RaftServerConfigKeys (ConfUtils.java:logGet(46)) - raft.server.log.appender.buffer.byte-limit = 33554432 (custom)
2023-10-17 18:45:52,778 [eb2139cf-2f93-40e0-8f6b-119ef4e9cafb-groupManagement] INFO  server.RaftServerConfigKeys (ConfUtils.java:logGet(46)) - raft.server.log.unsafe-flush.enabled = false (default)
2023-10-17 18:45:52,778 [eb2139cf-2f93-40e0-8f6b-119ef4e9cafb-groupManagement] INFO  server.RaftServerConfigKeys (ConfUtils.java:logGet(46)) - raft.server.log.async-flush.enabled = false (default)
2023-10-17 18:45:52,778 [eb2139cf-2f93-40e0-8f6b-119ef4e9cafb-groupManagement] INFO  server.RaftServerConfigKeys (ConfUtils.java:logGet(46)) - raft.server.log.statemachine.data.caching.enabled = true (custom)
2023-10-17 18:45:52,778 [eb2139cf-2f93-40e0-8f6b-119ef4e9cafb-groupManagement] INFO  segmented.SegmentedRaftLogWorker (SegmentedRaftLogWorker.java:lambda$new$0(135)) - eb2139cf-2f93-40e0-8f6b-119ef4e9cafb@group-9D5C6C4FD5CA-SegmentedRaftLogWorker: flushIndex: setUnconditionally 0 -> -1
2023-10-17 18:45:52,779 [eb2139cf-2f93-40e0-8f6b-119ef4e9cafb-groupManagement] INFO  segmented.SegmentedRaftLogWorker (SegmentedRaftLogWorker.java:lambda$new$0(135)) - eb2139cf-2f93-40e0-8f6b-119ef4e9cafb@group-9D5C6C4FD5CA-SegmentedRaftLogWorker: safeCacheEvictIndex: setUnconditionally 0 -> -1
2023-10-17 18:45:52,779 [eb2139cf-2f93-40e0-8f6b-119ef4e9cafb-groupManagement] INFO  server.RaftServer$Division (RaftServerImpl.java:start(342)) - eb2139cf-2f93-40e0-8f6b-119ef4e9cafb@group-9D5C6C4FD5CA: start as a follower, conf=-1: peers:[eb2139cf-2f93-40e0-8f6b-119ef4e9cafb|rpc:10.1.0.25:15249|admin:10.1.0.25:15248|client:10.1.0.25:15247|dataStream:10.1.0.25:15250|priority:1|startupRole:FOLLOWER]|listeners:[], old=null
2023-10-17 18:45:52,779 [eb2139cf-2f93-40e0-8f6b-119ef4e9cafb-groupManagement] INFO  server.RaftServer$Division (RaftServerImpl.java:setRole(329)) - eb2139cf-2f93-40e0-8f6b-119ef4e9cafb@group-9D5C6C4FD5CA: changes role from      null to FOLLOWER at term 0 for startAsFollower
2023-10-17 18:45:52,779 [eb2139cf-2f93-40e0-8f6b-119ef4e9cafb-groupManagement] INFO  impl.RoleInfo (RoleInfo.java:updateAndGet(139)) - eb2139cf-2f93-40e0-8f6b-119ef4e9cafb: start eb2139cf-2f93-40e0-8f6b-119ef4e9cafb@group-9D5C6C4FD5CA-FollowerState
2023-10-17 18:45:52,782 [eb2139cf-2f93-40e0-8f6b-119ef4e9cafb-groupManagement] INFO  util.JmxRegister (JmxRegister.java:tryRegister(44)) - Successfully registered JMX Bean with object name Ratis:service=RaftServer,group=group-9D5C6C4FD5CA,id=eb2139cf-2f93-40e0-8f6b-119ef4e9cafb
2023-10-17 18:45:52,782 [eb2139cf-2f93-40e0-8f6b-119ef4e9cafb-groupManagement] INFO  server.RaftServerConfigKeys (ConfUtils.java:logGet(46)) - raft.server.snapshot.auto.trigger.enabled = true (custom)
2023-10-17 18:45:52,782 [eb2139cf-2f93-40e0-8f6b-119ef4e9cafb-groupManagement] INFO  server.RaftServerConfigKeys (ConfUtils.java:logGet(46)) - raft.server.snapshot.auto.trigger.threshold = 10000 (custom)
2023-10-17 18:45:52,782 [eb2139cf-2f93-40e0-8f6b-119ef4e9cafb-groupManagement] INFO  server.RaftServerConfigKeys (ConfUtils.java:logGet(46)) - raft.server.snapshot.retention.file.num = 5 (custom)
2023-10-17 18:45:52,782 [eb2139cf-2f93-40e0-8f6b-119ef4e9cafb-groupManagement] INFO  server.RaftServerConfigKeys (ConfUtils.java:logGet(46)) - raft.server.log.purge.upto.snapshot.index = false (default)
2023-10-17 18:45:52,783 [eb2139cf-2f93-40e0-8f6b-119ef4e9cafb@group-9D5C6C4FD5CA-FollowerState] INFO  server.RaftServerConfigKeys (ConfUtils.java:logFallback(53)) - raft.server.rpc.first-election.timeout.min = 5s (fallback to raft.server.rpc.timeout.min)
2023-10-17 18:45:52,783 [eb2139cf-2f93-40e0-8f6b-119ef4e9cafb@group-9D5C6C4FD5CA-FollowerState] INFO  server.RaftServerConfigKeys (ConfUtils.java:logFallback(53)) - raft.server.rpc.first-election.timeout.max = 5200ms (fallback to raft.server.rpc.timeout.max)
2023-10-17 18:45:52,783 [6484543a-767b-4be3-933a-0df7ebf5f58a-groupManagement] INFO  server.RaftServerConfigKeys (ConfUtils.java:logGet(46)) - raft.server.log.unsafe-flush.enabled = false (default)
2023-10-17 18:45:52,783 [6484543a-767b-4be3-933a-0df7ebf5f58a-groupManagement] INFO  server.RaftServerConfigKeys (ConfUtils.java:logGet(46)) - raft.server.log.async-flush.enabled = false (default)
2023-10-17 18:45:52,783 [6484543a-767b-4be3-933a-0df7ebf5f58a-groupManagement] INFO  server.RaftServerConfigKeys (ConfUtils.java:logGet(46)) - raft.server.log.statemachine.data.caching.enabled = true (custom)
2023-10-17 18:45:52,783 [6484543a-767b-4be3-933a-0df7ebf5f58a-groupManagement] INFO  segmented.SegmentedRaftLogWorker (SegmentedRaftLogWorker.java:lambda$new$0(135)) - 6484543a-767b-4be3-933a-0df7ebf5f58a@group-67DD6FFDD51E-SegmentedRaftLogWorker: flushIndex: setUnconditionally 0 -> -1
2023-10-17 18:45:52,783 [6484543a-767b-4be3-933a-0df7ebf5f58a-groupManagement] INFO  segmented.SegmentedRaftLogWorker (SegmentedRaftLogWorker.java:lambda$new$0(135)) - 6484543a-767b-4be3-933a-0df7ebf5f58a@group-67DD6FFDD51E-SegmentedRaftLogWorker: safeCacheEvictIndex: setUnconditionally 0 -> -1
2023-10-17 18:45:52,784 [PipelineCommandHandlerThread-0] INFO  ratis.XceiverServerRatis (XceiverServerRatis.java:addGroup(804)) - Created group PipelineID=0cdbbf1d-a43a-4ba0-889b-9d5c6c4fd5ca
2023-10-17 18:45:52,784 [PipelineCommandHandlerThread-0] INFO  commandhandler.CreatePipelineCommandHandler (CreatePipelineCommandHandler.java:lambda$handle$2(124)) - Created Pipeline RATIS ONE PipelineID=0cdbbf1d-a43a-4ba0-889b-9d5c6c4fd5ca.
2023-10-17 18:45:52,784 [PipelineCommandHandlerThread-0] INFO  server.RaftServer (RaftServerProxy.java:addNew(98)) - eb2139cf-2f93-40e0-8f6b-119ef4e9cafb: addNew group-67DD6FFDD51E:[eb2139cf-2f93-40e0-8f6b-119ef4e9cafb|rpc:10.1.0.25:15249|admin:10.1.0.25:15248|client:10.1.0.25:15247|dataStream:10.1.0.25:15250|priority:0|startupRole:FOLLOWER, 7abc303f-f695-4fbc-aa63-fcdea332bcbc|rpc:10.1.0.25:15258|admin:10.1.0.25:15257|client:10.1.0.25:15256|dataStream:10.1.0.25:15259|priority:1|startupRole:FOLLOWER, 6484543a-767b-4be3-933a-0df7ebf5f58a|rpc:10.1.0.25:15240|admin:10.1.0.25:15239|client:10.1.0.25:15238|dataStream:10.1.0.25:15241|priority:0|startupRole:FOLLOWER] returns group-67DD6FFDD51E:java.util.concurrent.CompletableFuture@6fa3c73[Not completed]
2023-10-17 18:45:52,784 [6484543a-767b-4be3-933a-0df7ebf5f58a-groupManagement] INFO  server.RaftServer$Division (RaftServerImpl.java:start(342)) - 6484543a-767b-4be3-933a-0df7ebf5f58a@group-67DD6FFDD51E: start as a follower, conf=-1: peers:[eb2139cf-2f93-40e0-8f6b-119ef4e9cafb|rpc:10.1.0.25:15249|admin:10.1.0.25:15248|client:10.1.0.25:15247|dataStream:10.1.0.25:15250|priority:0|startupRole:FOLLOWER, 7abc303f-f695-4fbc-aa63-fcdea332bcbc|rpc:10.1.0.25:15258|admin:10.1.0.25:15257|client:10.1.0.25:15256|dataStream:10.1.0.25:15259|priority:1|startupRole:FOLLOWER, 6484543a-767b-4be3-933a-0df7ebf5f58a|rpc:10.1.0.25:15240|admin:10.1.0.25:15239|client:10.1.0.25:15238|dataStream:10.1.0.25:15241|priority:0|startupRole:FOLLOWER]|listeners:[], old=null
2023-10-17 18:45:52,785 [6484543a-767b-4be3-933a-0df7ebf5f58a-groupManagement] INFO  server.RaftServer$Division (RaftServerImpl.java:setRole(329)) - 6484543a-767b-4be3-933a-0df7ebf5f58a@group-67DD6FFDD51E: changes role from      null to FOLLOWER at term 0 for startAsFollower
2023-10-17 18:45:52,785 [6484543a-767b-4be3-933a-0df7ebf5f58a-groupManagement] INFO  impl.RoleInfo (RoleInfo.java:updateAndGet(139)) - 6484543a-767b-4be3-933a-0df7ebf5f58a: start 6484543a-767b-4be3-933a-0df7ebf5f58a@group-67DD6FFDD51E-FollowerState
2023-10-17 18:45:52,785 [eb2139cf-2f93-40e0-8f6b-119ef4e9cafb-groupManagement] INFO  server.RaftServer$Division (RaftServerImpl.java:<init>(198)) - eb2139cf-2f93-40e0-8f6b-119ef4e9cafb: new RaftServerImpl for group-67DD6FFDD51E:[eb2139cf-2f93-40e0-8f6b-119ef4e9cafb|rpc:10.1.0.25:15249|admin:10.1.0.25:15248|client:10.1.0.25:15247|dataStream:10.1.0.25:15250|priority:0|startupRole:FOLLOWER, 7abc303f-f695-4fbc-aa63-fcdea332bcbc|rpc:10.1.0.25:15258|admin:10.1.0.25:15257|client:10.1.0.25:15256|dataStream:10.1.0.25:15259|priority:1|startupRole:FOLLOWER, 6484543a-767b-4be3-933a-0df7ebf5f58a|rpc:10.1.0.25:15240|admin:10.1.0.25:15239|client:10.1.0.25:15238|dataStream:10.1.0.25:15241|priority:0|startupRole:FOLLOWER] with ContainerStateMachine:uninitialized
2023-10-17 18:45:52,785 [6484543a-767b-4be3-933a-0df7ebf5f58a-groupManagement] INFO  util.JmxRegister (JmxRegister.java:tryRegister(44)) - Successfully registered JMX Bean with object name Ratis:service=RaftServer,group=group-67DD6FFDD51E,id=6484543a-767b-4be3-933a-0df7ebf5f58a
2023-10-17 18:45:52,785 [6484543a-767b-4be3-933a-0df7ebf5f58a-groupManagement] INFO  server.RaftServerConfigKeys (ConfUtils.java:logGet(46)) - raft.server.snapshot.auto.trigger.enabled = true (custom)
2023-10-17 18:45:52,785 [6484543a-767b-4be3-933a-0df7ebf5f58a-groupManagement] INFO  server.RaftServerConfigKeys (ConfUtils.java:logGet(46)) - raft.server.snapshot.auto.trigger.threshold = 10000 (custom)
2023-10-17 18:45:52,785 [6484543a-767b-4be3-933a-0df7ebf5f58a-groupManagement] INFO  server.RaftServerConfigKeys (ConfUtils.java:logGet(46)) - raft.server.snapshot.retention.file.num = 5 (custom)
2023-10-17 18:45:52,785 [6484543a-767b-4be3-933a-0df7ebf5f58a-groupManagement] INFO  server.RaftServerConfigKeys (ConfUtils.java:logGet(46)) - raft.server.log.purge.upto.snapshot.index = false (default)
2023-10-17 18:45:52,786 [6484543a-767b-4be3-933a-0df7ebf5f58a@group-67DD6FFDD51E-FollowerState] INFO  server.RaftServerConfigKeys (ConfUtils.java:logFallback(53)) - raft.server.rpc.first-election.timeout.min = 5s (fallback to raft.server.rpc.timeout.min)
2023-10-17 18:45:52,786 [6484543a-767b-4be3-933a-0df7ebf5f58a@group-67DD6FFDD51E-FollowerState] INFO  server.RaftServerConfigKeys (ConfUtils.java:logFallback(53)) - raft.server.rpc.first-election.timeout.max = 5200ms (fallback to raft.server.rpc.timeout.max)
2023-10-17 18:45:52,785 [eb2139cf-2f93-40e0-8f6b-119ef4e9cafb-groupManagement] INFO  server.RaftServerConfigKeys (ConfUtils.java:logGet(46)) - raft.server.rpc.timeout.min = 5s (custom)
2023-10-17 18:45:52,786 [eb2139cf-2f93-40e0-8f6b-119ef4e9cafb-groupManagement] INFO  server.RaftServerConfigKeys (ConfUtils.java:logGet(46)) - raft.server.rpc.timeout.max = 5200ms (custom)
2023-10-17 18:45:52,786 [eb2139cf-2f93-40e0-8f6b-119ef4e9cafb-groupManagement] INFO  server.RaftServerConfigKeys (ConfUtils.java:logGet(46)) - raft.server.rpc.sleep.time = 25ms (default)
2023-10-17 18:45:52,786 [eb2139cf-2f93-40e0-8f6b-119ef4e9cafb-groupManagement] INFO  server.RaftServerConfigKeys (ConfUtils.java:logGet(46)) - raft.server.rpc.slowness.timeout = 300s (custom)
2023-10-17 18:45:52,786 [eb2139cf-2f93-40e0-8f6b-119ef4e9cafb-groupManagement] INFO  server.RaftServerConfigKeys (ConfUtils.java:logGet(46)) - raft.server.leaderelection.leader.step-down.wait-time = 10s (default)
2023-10-17 18:45:52,786 [eb2139cf-2f93-40e0-8f6b-119ef4e9cafb-groupManagement] INFO  server.RaftServerConfigKeys (ConfUtils.java:logGet(46)) - raft.server.sleep.deviation.threshold = 300ms (default)
2023-10-17 18:45:52,786 [eb2139cf-2f93-40e0-8f6b-119ef4e9cafb-groupManagement] INFO  server.RaftServer$Division (ServerState.java:<init>(120)) - eb2139cf-2f93-40e0-8f6b-119ef4e9cafb@group-67DD6FFDD51E: ConfigurationManager, init=-1: peers:[eb2139cf-2f93-40e0-8f6b-119ef4e9cafb|rpc:10.1.0.25:15249|admin:10.1.0.25:15248|client:10.1.0.25:15247|dataStream:10.1.0.25:15250|priority:0|startupRole:FOLLOWER, 7abc303f-f695-4fbc-aa63-fcdea332bcbc|rpc:10.1.0.25:15258|admin:10.1.0.25:15257|client:10.1.0.25:15256|dataStream:10.1.0.25:15259|priority:1|startupRole:FOLLOWER, 6484543a-767b-4be3-933a-0df7ebf5f58a|rpc:10.1.0.25:15240|admin:10.1.0.25:15239|client:10.1.0.25:15238|dataStream:10.1.0.25:15241|priority:0|startupRole:FOLLOWER]|listeners:[], old=null, confs=<EMPTY_MAP>
2023-10-17 18:45:52,786 [eb2139cf-2f93-40e0-8f6b-119ef4e9cafb-groupManagement] INFO  server.RaftServerConfigKeys (ConfUtils.java:logGet(46)) - raft.server.storage.dir = [/home/runner/work/ozone/ozone/hadoop-ozone/integration-test/target/test-dir/MiniOzoneClusterImpl-1ddacd7d-4aab-443e-9cce-7616e57ab4b1/datanode-1/data/ratis] (custom)
2023-10-17 18:45:52,787 [eb2139cf-2f93-40e0-8f6b-119ef4e9cafb-groupManagement] INFO  server.RaftServerConfigKeys (ConfUtils.java:logGet(46)) - raft.server.log.corruption.policy = EXCEPTION (default)
2023-10-17 18:45:52,787 [eb2139cf-2f93-40e0-8f6b-119ef4e9cafb-groupManagement] INFO  server.RaftServerConfigKeys (ConfUtils.java:logGet(46)) - raft.server.storage.free-space.min = 0MB (=0) (default)
2023-10-17 18:45:52,787 [eb2139cf-2f93-40e0-8f6b-119ef4e9cafb-groupManagement] INFO  server.RaftServerConfigKeys (ConfUtils.java:logGet(46)) - raft.server.notification.no-leader.timeout = 300s (custom)
2023-10-17 18:45:52,787 [eb2139cf-2f93-40e0-8f6b-119ef4e9cafb-groupManagement] INFO  server.RaftServerConfigKeys (ConfUtils.java:logGet(46)) - raft.server.read.timeout = 10s (default)
2023-10-17 18:45:52,787 [eb2139cf-2f93-40e0-8f6b-119ef4e9cafb-groupManagement] INFO  server.RaftServerConfigKeys (ConfUtils.java:logGet(46)) - raft.server.retrycache.expirytime = 600000ms (custom)
2023-10-17 18:45:52,787 [PipelineCommandHandlerThread-0] INFO  ratis.XceiverServerRatis (XceiverServerRatis.java:addGroup(804)) - Created group PipelineID=f5eb600c-7ac4-4c4b-8b4e-67dd6ffdd51e
2023-10-17 18:45:52,787 [eb2139cf-2f93-40e0-8f6b-119ef4e9cafb-groupManagement] INFO  server.RaftServerConfigKeys (ConfUtils.java:logGet(46)) - raft.server.retrycache.statistics.expirytime = 100μs (default)
2023-10-17 18:45:52,788 [eb2139cf-2f93-40e0-8f6b-119ef4e9cafb-groupManagement] INFO  server.RaftServerConfigKeys (ConfUtils.java:logGet(46)) - raft.server.read.option = DEFAULT (default)
2023-10-17 18:45:52,794 [grpc-default-executor-0] INFO  server.RaftServer (RaftServerProxy.java:addNew(98)) - 7abc303f-f695-4fbc-aa63-fcdea332bcbc: addNew group-67DD6FFDD51E:[eb2139cf-2f93-40e0-8f6b-119ef4e9cafb|rpc:10.1.0.25:15249|admin:10.1.0.25:15248|client:10.1.0.25:15247|dataStream:10.1.0.25:15250|priority:0|startupRole:FOLLOWER, 7abc303f-f695-4fbc-aa63-fcdea332bcbc|rpc:10.1.0.25:15258|admin:10.1.0.25:15257|client:10.1.0.25:15256|dataStream:10.1.0.25:15259|priority:1|startupRole:FOLLOWER, 6484543a-767b-4be3-933a-0df7ebf5f58a|rpc:10.1.0.25:15240|admin:10.1.0.25:15239|client:10.1.0.25:15238|dataStream:10.1.0.25:15241|priority:0|startupRole:FOLLOWER] returns group-67DD6FFDD51E:java.util.concurrent.CompletableFuture@2fec107c[Not completed]
2023-10-17 18:45:52,795 [7abc303f-f695-4fbc-aa63-fcdea332bcbc-groupManagement] INFO  server.RaftServer$Division (RaftServerImpl.java:<init>(198)) - 7abc303f-f695-4fbc-aa63-fcdea332bcbc: new RaftServerImpl for group-67DD6FFDD51E:[eb2139cf-2f93-40e0-8f6b-119ef4e9cafb|rpc:10.1.0.25:15249|admin:10.1.0.25:15248|client:10.1.0.25:15247|dataStream:10.1.0.25:15250|priority:0|startupRole:FOLLOWER, 7abc303f-f695-4fbc-aa63-fcdea332bcbc|rpc:10.1.0.25:15258|admin:10.1.0.25:15257|client:10.1.0.25:15256|dataStream:10.1.0.25:15259|priority:1|startupRole:FOLLOWER, 6484543a-767b-4be3-933a-0df7ebf5f58a|rpc:10.1.0.25:15240|admin:10.1.0.25:15239|client:10.1.0.25:15238|dataStream:10.1.0.25:15241|priority:0|startupRole:FOLLOWER] with ContainerStateMachine:uninitialized
2023-10-17 18:45:52,795 [7abc303f-f695-4fbc-aa63-fcdea332bcbc-groupManagement] INFO  server.RaftServerConfigKeys (ConfUtils.java:logGet(46)) - raft.server.rpc.timeout.min = 5s (custom)
2023-10-17 18:45:52,795 [7abc303f-f695-4fbc-aa63-fcdea332bcbc-groupManagement] INFO  server.RaftServerConfigKeys (ConfUtils.java:logGet(46)) - raft.server.rpc.timeout.max = 5200ms (custom)
2023-10-17 18:45:52,795 [7abc303f-f695-4fbc-aa63-fcdea332bcbc-groupManagement] INFO  server.RaftServerConfigKeys (ConfUtils.java:logGet(46)) - raft.server.rpc.sleep.time = 25ms (default)
2023-10-17 18:45:52,795 [7abc303f-f695-4fbc-aa63-fcdea332bcbc-groupManagement] INFO  server.RaftServerConfigKeys (ConfUtils.java:logGet(46)) - raft.server.rpc.slowness.timeout = 300s (custom)
2023-10-17 18:45:52,795 [7abc303f-f695-4fbc-aa63-fcdea332bcbc-groupManagement] INFO  server.RaftServerConfigKeys (ConfUtils.java:logGet(46)) - raft.server.leaderelection.leader.step-down.wait-time = 10s (default)
2023-10-17 18:45:52,795 [7abc303f-f695-4fbc-aa63-fcdea332bcbc-groupManagement] INFO  server.RaftServerConfigKeys (ConfUtils.java:logGet(46)) - raft.server.sleep.deviation.threshold = 300ms (default)
2023-10-17 18:45:52,795 [7abc303f-f695-4fbc-aa63-fcdea332bcbc-groupManagement] INFO  server.RaftServer$Division (ServerState.java:<init>(120)) - 7abc303f-f695-4fbc-aa63-fcdea332bcbc@group-67DD6FFDD51E: ConfigurationManager, init=-1: peers:[eb2139cf-2f93-40e0-8f6b-119ef4e9cafb|rpc:10.1.0.25:15249|admin:10.1.0.25:15248|client:10.1.0.25:15247|dataStream:10.1.0.25:15250|priority:0|startupRole:FOLLOWER, 7abc303f-f695-4fbc-aa63-fcdea332bcbc|rpc:10.1.0.25:15258|admin:10.1.0.25:15257|client:10.1.0.25:15256|dataStream:10.1.0.25:15259|priority:1|startupRole:FOLLOWER, 6484543a-767b-4be3-933a-0df7ebf5f58a|rpc:10.1.0.25:15240|admin:10.1.0.25:15239|client:10.1.0.25:15238|dataStream:10.1.0.25:15241|priority:0|startupRole:FOLLOWER]|listeners:[], old=null, confs=<EMPTY_MAP>
2023-10-17 18:45:52,795 [7abc303f-f695-4fbc-aa63-fcdea332bcbc-groupManagement] INFO  server.RaftServerConfigKeys (ConfUtils.java:logGet(46)) - raft.server.storage.dir = [/home/runner/work/ozone/ozone/hadoop-ozone/integration-test/target/test-dir/MiniOzoneClusterImpl-1ddacd7d-4aab-443e-9cce-7616e57ab4b1/datanode-2/data/ratis] (custom)
2023-10-17 18:45:52,795 [7abc303f-f695-4fbc-aa63-fcdea332bcbc-groupManagement] INFO  server.RaftServerConfigKeys (ConfUtils.java:logGet(46)) - raft.server.log.corruption.policy = EXCEPTION (default)
2023-10-17 18:45:52,795 [7abc303f-f695-4fbc-aa63-fcdea332bcbc-groupManagement] INFO  server.RaftServerConfigKeys (ConfUtils.java:logGet(46)) - raft.server.storage.free-space.min = 0MB (=0) (default)
2023-10-17 18:45:52,795 [7abc303f-f695-4fbc-aa63-fcdea332bcbc-groupManagement] INFO  server.RaftServerConfigKeys (ConfUtils.java:logGet(46)) - raft.server.notification.no-leader.timeout = 300s (custom)
2023-10-17 18:45:52,796 [7abc303f-f695-4fbc-aa63-fcdea332bcbc-groupManagement] INFO  server.RaftServerConfigKeys (ConfUtils.java:logGet(46)) - raft.server.read.timeout = 10s (default)
2023-10-17 18:45:52,796 [7abc303f-f695-4fbc-aa63-fcdea332bcbc-groupManagement] INFO  server.RaftServerConfigKeys (ConfUtils.java:logGet(46)) - raft.server.retrycache.expirytime = 600000ms (custom)
2023-10-17 18:45:52,796 [7abc303f-f695-4fbc-aa63-fcdea332bcbc-groupManagement] INFO  server.RaftServerConfigKeys (ConfUtils.java:logGet(46)) - raft.server.retrycache.statistics.expirytime = 100μs (default)
2023-10-17 18:45:52,796 [7abc303f-f695-4fbc-aa63-fcdea332bcbc-groupManagement] INFO  server.RaftServerConfigKeys (ConfUtils.java:logGet(46)) - raft.server.read.option = DEFAULT (default)
2023-10-17 18:45:52,796 [7abc303f-f695-4fbc-aa63-fcdea332bcbc-groupManagement] INFO  server.RaftServerConfigKeys (ConfUtils.java:logGet(46)) - raft.server.rpc.request.timeout = 60s (custom)
2023-10-17 18:45:52,796 [7abc303f-f695-4fbc-aa63-fcdea332bcbc-groupManagement] INFO  server.RaftServerConfigKeys (ConfUtils.java:logGet(46)) - raft.server.log.appender.install.snapshot.enabled = false (custom)
2023-10-17 18:45:52,796 [7abc303f-f695-4fbc-aa63-fcdea332bcbc-groupManagement] INFO  server.RaftServerConfigKeys (ConfUtils.java:logGet(46)) - raft.server.threadpool.server.cached = true (default)
2023-10-17 18:45:52,796 [7abc303f-f695-4fbc-aa63-fcdea332bcbc-groupManagement] INFO  server.RaftServerConfigKeys (ConfUtils.java:logGet(46)) - raft.server.threadpool.server.size = 0 (default)
2023-10-17 18:45:52,796 [7abc303f-f695-4fbc-aa63-fcdea332bcbc-groupManagement] INFO  server.RaftServerConfigKeys (ConfUtils.java:logGet(46)) - raft.server.threadpool.client.cached = true (default)
2023-10-17 18:45:52,796 [7abc303f-f695-4fbc-aa63-fcdea332bcbc-groupManagement] INFO  server.RaftServerConfigKeys (ConfUtils.java:logGet(46)) - raft.server.threadpool.client.size = 0 (default)
2023-10-17 18:45:52,796 [7abc303f-f695-4fbc-aa63-fcdea332bcbc-groupManagement] INFO  storage.RaftStorageDirectory (RaftStorageDirectoryImpl.java:analyzeStorage(137)) - The storage directory /home/runner/work/ozone/ozone/hadoop-ozone/integration-test/target/test-dir/MiniOzoneClusterImpl-1ddacd7d-4aab-443e-9cce-7616e57ab4b1/datanode-2/data/ratis/f5eb600c-7ac4-4c4b-8b4e-67dd6ffdd51e does not exist. Creating ...
2023-10-17 18:45:52,797 [eb2139cf-2f93-40e0-8f6b-119ef4e9cafb-groupManagement] INFO  server.RaftServerConfigKeys (ConfUtils.java:logGet(46)) - raft.server.rpc.request.timeout = 60s (custom)
2023-10-17 18:45:52,797 [eb2139cf-2f93-40e0-8f6b-119ef4e9cafb-groupManagement] INFO  server.RaftServerConfigKeys (ConfUtils.java:logGet(46)) - raft.server.log.appender.install.snapshot.enabled = false (custom)
2023-10-17 18:45:52,797 [eb2139cf-2f93-40e0-8f6b-119ef4e9cafb-groupManagement] INFO  server.RaftServerConfigKeys (ConfUtils.java:logGet(46)) - raft.server.threadpool.server.cached = true (default)
2023-10-17 18:45:52,797 [eb2139cf-2f93-40e0-8f6b-119ef4e9cafb-groupManagement] INFO  server.RaftServerConfigKeys (ConfUtils.java:logGet(46)) - raft.server.threadpool.server.size = 0 (default)
2023-10-17 18:45:52,797 [eb2139cf-2f93-40e0-8f6b-119ef4e9cafb-groupManagement] INFO  server.RaftServerConfigKeys (ConfUtils.java:logGet(46)) - raft.server.threadpool.client.cached = true (default)
2023-10-17 18:45:52,797 [eb2139cf-2f93-40e0-8f6b-119ef4e9cafb-groupManagement] INFO  server.RaftServerConfigKeys (ConfUtils.java:logGet(46)) - raft.server.threadpool.client.size = 0 (default)
2023-10-17 18:45:52,797 [eb2139cf-2f93-40e0-8f6b-119ef4e9cafb-groupManagement] INFO  storage.RaftStorageDirectory (RaftStorageDirectoryImpl.java:analyzeStorage(137)) - The storage directory /home/runner/work/ozone/ozone/hadoop-ozone/integration-test/target/test-dir/MiniOzoneClusterImpl-1ddacd7d-4aab-443e-9cce-7616e57ab4b1/datanode-1/data/ratis/f5eb600c-7ac4-4c4b-8b4e-67dd6ffdd51e does not exist. Creating ...
2023-10-17 18:45:52,798 [7abc303f-f695-4fbc-aa63-fcdea332bcbc-groupManagement] INFO  storage.RaftStorageDirectory (RaftStorageDirectoryImpl.java:tryLock(231)) - Lock on /home/runner/work/ozone/ozone/hadoop-ozone/integration-test/target/test-dir/MiniOzoneClusterImpl-1ddacd7d-4aab-443e-9cce-7616e57ab4b1/datanode-2/data/ratis/f5eb600c-7ac4-4c4b-8b4e-67dd6ffdd51e/in_use.lock acquired by nodename 31914@fv-az189-115
2023-10-17 18:45:52,798 [eb2139cf-2f93-40e0-8f6b-119ef4e9cafb-groupManagement] INFO  storage.RaftStorageDirectory (RaftStorageDirectoryImpl.java:tryLock(231)) - Lock on /home/runner/work/ozone/ozone/hadoop-ozone/integration-test/target/test-dir/MiniOzoneClusterImpl-1ddacd7d-4aab-443e-9cce-7616e57ab4b1/datanode-1/data/ratis/f5eb600c-7ac4-4c4b-8b4e-67dd6ffdd51e/in_use.lock acquired by nodename 31914@fv-az189-115
2023-10-17 18:45:52,799 [7abc303f-f695-4fbc-aa63-fcdea332bcbc-groupManagement] INFO  storage.RaftStorage (RaftStorageImpl.java:format(96)) - Storage directory /home/runner/work/ozone/ozone/hadoop-ozone/integration-test/target/test-dir/MiniOzoneClusterImpl-1ddacd7d-4aab-443e-9cce-7616e57ab4b1/datanode-2/data/ratis/f5eb600c-7ac4-4c4b-8b4e-67dd6ffdd51e has been successfully formatted.
2023-10-17 18:45:52,800 [7abc303f-f695-4fbc-aa63-fcdea332bcbc-groupManagement] INFO  ratis.ContainerStateMachine (ContainerStateMachine.java:loadSnapshot(262)) - group-67DD6FFDD51E: The snapshot info is null. Setting the last applied indexto:(t:0, i:~)
2023-10-17 18:45:52,800 [7abc303f-f695-4fbc-aa63-fcdea332bcbc-groupManagement] INFO  server.RaftServerConfigKeys (ConfUtils.java:logGet(46)) - raft.server.log.use.memory = false (default)
2023-10-17 18:45:52,800 [7abc303f-f695-4fbc-aa63-fcdea332bcbc-groupManagement] INFO  server.RaftServerConfigKeys (ConfUtils.java:logGet(46)) - raft.server.log.purge.gap = 1000000 (custom)
2023-10-17 18:45:52,800 [7abc303f-f695-4fbc-aa63-fcdea332bcbc-groupManagement] INFO  server.RaftServerConfigKeys (ConfUtils.java:logGet(46)) - raft.server.log.appender.buffer.byte-limit = 33554432 (custom)
2023-10-17 18:45:52,800 [7abc303f-f695-4fbc-aa63-fcdea332bcbc-groupManagement] INFO  server.RaftServerConfigKeys (ConfUtils.java:logGet(46)) - raft.server.log.statemachine.data.read.timeout = 1000ms (default)
2023-10-17 18:45:52,800 [7abc303f-f695-4fbc-aa63-fcdea332bcbc-groupManagement] INFO  server.RaftServerConfigKeys (ConfUtils.java:logGet(46)) - raft.server.log.purge.preservation.log.num = 0 (default)
2023-10-17 18:45:52,800 [EndpointStateMachine task thread for /0.0.0.0:15228 - 0 ] DEBUG endpoint.HeartbeatEndpointTask (HeartbeatEndpointTask.java:call(182)) - Sending heartbeat message :: datanodeDetails {
  uuid: "7abc303f-f695-4fbc-aa63-fcdea332bcbc"
  ipAddress: "10.1.0.25"
  hostName: "fv-az189-115"
  ports {
    name: "HTTP"
    value: 15253
  }
  ports {
    name: "CLIENT_RPC"
    value: 15254
  }
  ports {
    name: "REPLICATION"
    value: 15260
  }
  ports {
    name: "RATIS"
    value: 15256
  }
  ports {
    name: "RATIS_ADMIN"
    value: 15257
  }
  ports {
    name: "RATIS_SERVER"
    value: 15258
  }
  ports {
    name: "RATIS_DATASTREAM"
    value: 15259
  }
  ports {
    name: "STANDALONE"
    value: 15255
  }
  networkName: "7abc303f-f695-4fbc-aa63-fcdea332bcbc"
  networkLocation: "/rack1"
  persistedOpStateExpiry: 0
  uuid128 {
    mostSigBits: 8843996819526864828
    leastSigBits: -6168809031416496964
  }
}
pipelineReports {
  pipelineReport {
    pipelineID {
      id: "f5eb600c-7ac4-4c4b-8b4e-67dd6ffdd51e"
      uuid128 {
        mostSigBits: -726381308174644149
        leastSigBits: -8408669253489797858
      }
    }
    isLeader: false
    bytesWritten: 0
  }
  pipelineReport {
    pipelineID {
      id: "f96e4181-aff9-4e8f-9558-d969b0d801aa"
      uuid128 {
        mostSigBits: -473368885568385393
        leastSigBits: -7685153716146011734
      }
    }
    isLeader: false
    bytesWritten: 0
  }
}
dataNodeLayoutVersion {
  metadataLayoutVersion: 7
  softwareLayoutVersion: 7
}
commandQueueReport {
  command: createPipelineCommand
  command: deleteBlocksCommand
  command: closeContainerCommand
  command: replicateContainerCommand
  command: deleteContainerCommand
  command: closePipelineCommand
  command: setNodeOperationalStateCommand
  command: finalizeNewLayoutVersionCommand
  command: reconstructECContainersCommand
  command: refreshVolumeUsageInfo
  count: 3
  count: 0
  count: 0
  count: 0
  count: 0
  count: 0
  count: 0
  count: 0
  count: 0
  count: 0
}

2023-10-17 18:45:52,800 [7abc303f-f695-4fbc-aa63-fcdea332bcbc-groupManagement] INFO  server.RaftServerConfigKeys (ConfUtils.java:logGet(46)) - raft.server.log.segment.size.max = 1048576 (custom)
2023-10-17 18:45:52,800 [7abc303f-f695-4fbc-aa63-fcdea332bcbc-groupManagement] INFO  server.RaftServerConfigKeys (ConfUtils.java:logGet(46)) - raft.server.log.segment.cache.num.max = 2 (custom)
2023-10-17 18:45:52,800 [7abc303f-f695-4fbc-aa63-fcdea332bcbc-groupManagement] INFO  server.RaftServerConfigKeys (ConfUtils.java:logGet(46)) - raft.server.log.segment.cache.size.max = 200MB (=209715200) (default)
2023-10-17 18:45:52,801 [7abc303f-f695-4fbc-aa63-fcdea332bcbc-groupManagement] INFO  server.RaftServerConfigKeys (ConfUtils.java:logGet(46)) - raft.server.log.appender.buffer.byte-limit = 33554432 (custom)
2023-10-17 18:45:52,801 [7abc303f-f695-4fbc-aa63-fcdea332bcbc-groupManagement] INFO  segmented.SegmentedRaftLogWorker (SegmentedRaftLogWorker.java:<init>(188)) - new 7abc303f-f695-4fbc-aa63-fcdea332bcbc@group-67DD6FFDD51E-SegmentedRaftLogWorker for RaftStorageImpl:Storage Directory /home/runner/work/ozone/ozone/hadoop-ozone/integration-test/target/test-dir/MiniOzoneClusterImpl-1ddacd7d-4aab-443e-9cce-7616e57ab4b1/datanode-2/data/ratis/f5eb600c-7ac4-4c4b-8b4e-67dd6ffdd51e
2023-10-17 18:45:52,801 [7abc303f-f695-4fbc-aa63-fcdea332bcbc-groupManagement] INFO  server.RaftServerConfigKeys (ConfUtils.java:logGet(46)) - raft.server.log.queue.byte-limit = 4294967296 (custom)
2023-10-17 18:45:52,801 [7abc303f-f695-4fbc-aa63-fcdea332bcbc-groupManagement] INFO  server.RaftServerConfigKeys (ConfUtils.java:logGet(46)) - raft.server.log.queue.element-limit = 1024 (custom)
2023-10-17 18:45:52,802 [7abc303f-f695-4fbc-aa63-fcdea332bcbc-groupManagement] INFO  server.RaftServerConfigKeys (ConfUtils.java:logGet(46)) - raft.server.log.segment.size.max = 1048576 (custom)
2023-10-17 18:45:52,802 [7abc303f-f695-4fbc-aa63-fcdea332bcbc-groupManagement] INFO  server.RaftServerConfigKeys (ConfUtils.java:logGet(46)) - raft.server.log.preallocated.size = 16384 (custom)
2023-10-17 18:45:52,802 [7abc303f-f695-4fbc-aa63-fcdea332bcbc-groupManagement] INFO  server.RaftServerConfigKeys (ConfUtils.java:logGet(46)) - raft.server.log.force.sync.num = 128 (default)
2023-10-17 18:45:52,802 [7abc303f-f695-4fbc-aa63-fcdea332bcbc-groupManagement] INFO  server.RaftServerConfigKeys (ConfUtils.java:logGet(46)) - raft.server.log.statemachine.data.sync = true (default)
2023-10-17 18:45:52,802 [7abc303f-f695-4fbc-aa63-fcdea332bcbc-groupManagement] INFO  server.RaftServerConfigKeys (ConfUtils.java:logGet(46)) - raft.server.log.statemachine.data.sync.timeout = 10s (default)
2023-10-17 18:45:52,802 [7abc303f-f695-4fbc-aa63-fcdea332bcbc-groupManagement] INFO  server.RaftServerConfigKeys (ConfUtils.java:logGet(46)) - raft.server.log.statemachine.data.sync.timeout.retry = -1 (default)
2023-10-17 18:45:52,802 [7abc303f-f695-4fbc-aa63-fcdea332bcbc-groupManagement] INFO  server.RaftServerConfigKeys (ConfUtils.java:logGet(46)) - raft.server.log.write.buffer.size = 1048576 (custom)
2023-10-17 18:45:52,802 [eb2139cf-2f93-40e0-8f6b-119ef4e9cafb-groupManagement] INFO  storage.RaftStorage (RaftStorageImpl.java:format(96)) - Storage directory /home/runner/work/ozone/ozone/hadoop-ozone/integration-test/target/test-dir/MiniOzoneClusterImpl-1ddacd7d-4aab-443e-9cce-7616e57ab4b1/datanode-1/data/ratis/f5eb600c-7ac4-4c4b-8b4e-67dd6ffdd51e has been successfully formatted.
2023-10-17 18:45:52,803 [eb2139cf-2f93-40e0-8f6b-119ef4e9cafb-groupManagement] INFO  ratis.ContainerStateMachine (ContainerStateMachine.java:loadSnapshot(262)) - group-67DD6FFDD51E: The snapshot info is null. Setting the last applied indexto:(t:0, i:~)
2023-10-17 18:45:52,803 [EndpointStateMachine task thread for /0.0.0.0:15228 - 0 ] DEBUG endpoint.HeartbeatEndpointTask (HeartbeatEndpointTask.java:call(182)) - Sending heartbeat message :: datanodeDetails {
  uuid: "eb2139cf-2f93-40e0-8f6b-119ef4e9cafb"
  ipAddress: "10.1.0.25"
  hostName: "fv-az189-115"
  ports {
    name: "HTTP"
    value: 15244
  }
  ports {
    name: "CLIENT_RPC"
    value: 15245
  }
  ports {
    name: "REPLICATION"
    value: 15251
  }
  ports {
    name: "RATIS"
    value: 15247
  }
  ports {
    name: "RATIS_ADMIN"
    value: 15248
  }
  ports {
    name: "RATIS_SERVER"
    value: 15249
  }
  ports {
    name: "RATIS_DATASTREAM"
    value: 15250
  }
  ports {
    name: "STANDALONE"
    value: 15246
  }
  networkName: "eb2139cf-2f93-40e0-8f6b-119ef4e9cafb"
  networkLocation: "/rack1"
  persistedOpStateExpiry: 0
  uuid128 {
    mostSigBits: -1503857238545841952
    leastSigBits: -8112370929366349061
  }
}
pipelineReports {
  pipelineReport {
    pipelineID {
      id: "f5eb600c-7ac4-4c4b-8b4e-67dd6ffdd51e"
      uuid128 {
        mostSigBits: -726381308174644149
        leastSigBits: -8408669253489797858
      }
    }
    isLeader: false
    bytesWritten: 0
  }
  pipelineReport {
    pipelineID {
      id: "f96e4181-aff9-4e8f-9558-d969b0d801aa"
      uuid128 {
        mostSigBits: -473368885568385393
        leastSigBits: -7685153716146011734
      }
    }
    isLeader: false
    bytesWritten: 0
  }
  pipelineReport {
    pipelineID {
      id: "0cdbbf1d-a43a-4ba0-889b-9d5c6c4fd5ca"
      uuid128 {
        mostSigBits: 926544282385009568
        leastSigBits: -8603109642881477174
      }
    }
    isLeader: false
    bytesWritten: 0
  }
}
dataNodeLayoutVersion {
  metadataLayoutVersion: 7
  softwareLayoutVersion: 7
}
commandQueueReport {
  command: createPipelineCommand
  command: deleteBlocksCommand
  command: closeContainerCommand
  command: replicateContainerCommand
  command: deleteContainerCommand
  command: closePipelineCommand
  command: setNodeOperationalStateCommand
  command: finalizeNewLayoutVersionCommand
  command: reconstructECContainersCommand
  command: refreshVolumeUsageInfo
  count: 1
  count: 0
  count: 0
  count: 0
  count: 0
  count: 0
  count: 0
  count: 0
  count: 0
  count: 0
}

ConfUtils.java:logGet(46)) - raft.server.log.use.memory = false (default)
2023-10-17 18:45:52,803 [EndpointStateMachine task thread for /0.0.0.0:15228 - 0 ] DEBUG endpoint.HeartbeatEndpointTask (HeartbeatEndpointTask.java:call(182)) - Sending heartbeat message :: datanodeDetails {
  uuid: "eb2139cf-2f93-40e0-8f6b-119ef4e9cafb"
  ipAddress: "10.1.0.25"
  hostName: "fv-az189-115"
  ports {
    name: "HTTP"
    value: 15244
  }
  ports {
    name: "CLIENT_RPC"
    value: 15245
  }
  ports {
    name: "REPLICATION"
    value: 15251
  }
  ports {
    name: "RATIS"
    value: 15247
  }
  ports {
    name: "RATIS_ADMIN"
    value: 15248
  }
  ports {
    name: "RATIS_SERVER"
    value: 15249
  }
  ports {
    name: "RATIS_DATASTREAM"
    value: 15250
  }
  ports {
    name: "STANDALONE"
    value: 15246
  }
  networkName: "eb2139cf-2f93-40e0-8f6b-119ef4e9cafb"
  networkLocation: "/rack1"
  persistedOpStateExpiry: 0
  uuid128 {
    mostSigBits: -1503857238545841952
    leastSigBits: -8112370929366349061
  }
}
pipelineReports {
  pipelineReport {
    pipelineID {
      id: "f5eb600c-7ac4-4c4b-8b4e-67dd6ffdd51e"
      uuid128 {
        mostSigBits: -726381308174644149
        leastSigBits: -8408669253489797858
      }
    }
    isLeader: false
    bytesWritten: 0
  }
  pipelineReport {
    pipelineID {
      id: "f96e4181-aff9-4e8f-9558-d969b0d801aa"
      uuid128 {
        mostSigBits: -473368885568385393
        leastSigBits: -7685153716146011734
      }
    }
    isLeader: false
    bytesWritten: 0
  }
  pipelineReport {
    pipelineID {
      id: "0cdbbf1d-a43a-4ba0-889b-9d5c6c4fd5ca"
      uuid128 {
        mostSigBits: 926544282385009568
        leastSigBits: -8603109642881477174
      }
    }
    isLeader: false
    bytesWritten: 0
  }
}
dataNodeLayoutVersion {
  metadataLayoutVersion: 7
  softwareLayoutVersion: 7
}
commandQueueReport {
  command: createPipelineCommand
  command: deleteBlocksCommand
  command: closeContainerCommand
  command: replicateContainerCommand
  command: deleteContainerCommand
  command: closePipelineCommand
  command: setNodeOperationalStateCommand
  command: finalizeNewLayoutVersionCommand
  command: reconstructECContainersCommand
  command: refreshVolumeUsageInfo
  count: 1
  count: 0
  count: 0
  count: 0
  count: 0
  count: 0
  count: 0
  count: 0
  count: 0
  count: 0
}

2023-10-17 18:45:52,804 [eb2139cf-2f93-40e0-8f6b-119ef4e9cafb-groupManagement] INFO  server.RaftServerConfigKeys (ConfUtils.java:logGet(46)) - raft.server.log.purge.gap = 1000000 (custom)
2023-10-17 18:45:52,804 [eb2139cf-2f93-40e0-8f6b-119ef4e9cafb-groupManagement] INFO  server.RaftServerConfigKeys (ConfUtils.java:logGet(46)) - raft.server.log.appender.buffer.byte-limit = 33554432 (custom)
2023-10-17 18:45:52,804 [eb2139cf-2f93-40e0-8f6b-119ef4e9cafb-groupManagement] INFO  server.RaftServerConfigKeys (ConfUtils.java:logGet(46)) - raft.server.log.statemachine.data.read.timeout = 1000ms (default)
2023-10-17 18:45:52,804 [eb2139cf-2f93-40e0-8f6b-119ef4e9cafb-groupManagement] INFO  server.RaftServerConfigKeys (ConfUtils.java:logGet(46)) - raft.server.log.purge.preservation.log.num = 0 (default)
2023-10-17 18:45:52,804 [EventQueue-OpenPipelineForHealthyPipelineSafeModeRule] INFO  safemode.SCMSafeModeManager (HealthyPipelineSafeModeRule.java:process(137)) - SCM in safe mode. Healthy pipelines reported count is 0, required healthy pipeline reported count is 1
2023-10-17 18:45:52,804 [eb2139cf-2f93-40e0-8f6b-119ef4e9cafb-groupManagement] INFO  server.RaftServerConfigKeys (ConfUtils.java:logGet(46)) - raft.server.log.segment.size.max = 1048576 (custom)
2023-10-17 18:45:52,805 [eb2139cf-2f93-40e0-8f6b-119ef4e9cafb-groupManagement] INFO  server.RaftServerConfigKeys (ConfUtils.java:logGet(46)) - raft.server.log.segment.cache.num.max = 2 (custom)
2023-10-17 18:45:52,805 [eb2139cf-2f93-40e0-8f6b-119ef4e9cafb-groupManagement] INFO  server.RaftServerConfigKeys (ConfUtils.java:logGet(46)) - raft.server.log.segment.cache.size.max = 200MB (=209715200) (default)
2023-10-17 18:45:52,805 [eb2139cf-2f93-40e0-8f6b-119ef4e9cafb-groupManagement] INFO  server.RaftServerConfigKeys (ConfUtils.java:logGet(46)) - raft.server.log.appender.buffer.byte-limit = 33554432 (custom)
2023-10-17 18:45:52,805 [eb2139cf-2f93-40e0-8f6b-119ef4e9cafb-groupManagement] INFO  segmented.SegmentedRaftLogWorker (SegmentedRaftLogWorker.java:<init>(188)) - new eb2139cf-2f93-40e0-8f6b-119ef4e9cafb@group-67DD6FFDD51E-SegmentedRaftLogWorker for RaftStorageImpl:Storage Directory /home/runner/work/ozone/ozone/hadoop-ozone/integration-test/target/test-dir/MiniOzoneClusterImpl-1ddacd7d-4aab-443e-9cce-7616e57ab4b1/datanode-1/data/ratis/f5eb600c-7ac4-4c4b-8b4e-67dd6ffdd51e
2023-10-17 18:45:52,805 [eb2139cf-2f93-40e0-8f6b-119ef4e9cafb-groupManagement] INFO  server.RaftServerConfigKeys (ConfUtils.java:logGet(46)) - raft.server.log.queue.byte-limit = 4294967296 (custom)
2023-10-17 18:45:52,805 [eb2139cf-2f93-40e0-8f6b-119ef4e9cafb-groupManagement] INFO  server.RaftServerConfigKeys (ConfUtils.java:logGet(46)) - raft.server.log.queue.element-limit = 1024 (custom)
2023-10-17 18:45:52,805 [eb2139cf-2f93-40e0-8f6b-119ef4e9cafb-groupManagement] INFO  server.RaftServerConfigKeys (ConfUtils.java:logGet(46)) - raft.server.log.segment.size.max = 1048576 (custom)
2023-10-17 18:45:52,805 [eb2139cf-2f93-40e0-8f6b-119ef4e9cafb-groupManagement] INFO  server.RaftServerConfigKeys (ConfUtils.java:logGet(46)) - raft.server.log.preallocated.size = 16384 (custom)
2023-10-17 18:45:52,805 [eb2139cf-2f93-40e0-8f6b-119ef4e9cafb-groupManagement] INFO  server.RaftServerConfigKeys (ConfUtils.java:logGet(46)) - raft.server.log.force.sync.num = 128 (default)
2023-10-17 18:45:52,805 [eb2139cf-2f93-40e0-8f6b-119ef4e9cafb-groupManagement] INFO  server.RaftServerConfigKeys (ConfUtils.java:logGet(46)) - raft.server.log.statemachine.data.sync = true (default)
2023-10-17 18:45:52,805 [eb2139cf-2f93-40e0-8f6b-119ef4e9cafb-groupManagement] INFO  server.RaftServerConfigKeys (ConfUtils.java:logGet(46)) - raft.server.log.statemachine.data.sync.timeout = 10s (default)
2023-10-17 18:45:52,805 [eb2139cf-2f93-40e0-8f6b-119ef4e9cafb-groupManagement] INFO  server.RaftServerConfigKeys (ConfUtils.java:logGet(46)) - raft.server.log.statemachine.data.sync.timeout.retry = -1 (default)
2023-10-17 18:45:52,806 [eb2139cf-2f93-40e0-8f6b-119ef4e9cafb-groupManagement] INFO  server.RaftServerConfigKeys (ConfUtils.java:logGet(46)) - raft.server.log.write.buffer.size = 1048576 (custom)
2023-10-17 18:45:52,805 [7abc303f-f695-4fbc-aa63-fcdea332bcbc-groupManagement] INFO  server.RaftServerConfigKeys (ConfUtils.java:logGet(46)) - raft.server.log.appender.buffer.byte-limit = 33554432 (custom)
2023-10-17 18:45:52,807 [eb2139cf-2f93-40e0-8f6b-119ef4e9cafb-groupManagement] INFO  server.RaftServerConfigKeys (ConfUtils.java:logGet(46)) - raft.server.log.appender.buffer.byte-limit = 33554432 (custom)
2023-10-17 18:45:52,815 [7abc303f-f695-4fbc-aa63-fcdea332bcbc-groupManagement] INFO  server.RaftServerConfigKeys (ConfUtils.java:logGet(46)) - raft.server.log.unsafe-flush.enabled = false (default)
2023-10-17 18:45:52,815 [7abc303f-f695-4fbc-aa63-fcdea332bcbc-groupManagement] INFO  server.RaftServerConfigKeys (ConfUtils.java:logGet(46)) - raft.server.log.async-flush.enabled = false (default)
2023-10-17 18:45:52,815 [7abc303f-f695-4fbc-aa63-fcdea332bcbc-groupManagement] INFO  server.RaftServerConfigKeys (ConfUtils.java:logGet(46)) - raft.server.log.statemachine.data.caching.enabled = true (custom)
2023-10-17 18:45:52,816 [7abc303f-f695-4fbc-aa63-fcdea332bcbc-groupManagement] INFO  segmented.SegmentedRaftLogWorker (SegmentedRaftLogWorker.java:lambda$new$0(135)) - 7abc303f-f695-4fbc-aa63-fcdea332bcbc@group-67DD6FFDD51E-SegmentedRaftLogWorker: flushIndex: setUnconditionally 0 -> -1
2023-10-17 18:45:52,817 [7abc303f-f695-4fbc-aa63-fcdea332bcbc-groupManagement] INFO  segmented.SegmentedRaftLogWorker (SegmentedRaftLogWorker.java:lambda$new$0(135)) - 7abc303f-f695-4fbc-aa63-fcdea332bcbc@group-67DD6FFDD51E-SegmentedRaftLogWorker: safeCacheEvictIndex: setUnconditionally 0 -> -1
2023-10-17 18:45:52,816 [eb2139cf-2f93-40e0-8f6b-119ef4e9cafb-groupManagement] INFO  server.RaftServerConfigKeys (ConfUtils.java:logGet(46)) - raft.server.log.unsafe-flush.enabled = false (default)
2023-10-17 18:45:52,817 [eb2139cf-2f93-40e0-8f6b-119ef4e9cafb-groupManagement] INFO  server.RaftServerConfigKeys (ConfUtils.java:logGet(46)) - raft.server.log.async-flush.enabled = false (default)
2023-10-17 18:45:52,817 [eb2139cf-2f93-40e0-8f6b-119ef4e9cafb-groupManagement] INFO  server.RaftServerConfigKeys (ConfUtils.java:logGet(46)) - raft.server.log.statemachine.data.caching.enabled = true (custom)
2023-10-17 18:45:52,817 [eb2139cf-2f93-40e0-8f6b-119ef4e9cafb-groupManagement] INFO  segmented.SegmentedRaftLogWorker (SegmentedRaftLogWorker.java:lambda$new$0(135)) - eb2139cf-2f93-40e0-8f6b-119ef4e9cafb@group-67DD6FFDD51E-SegmentedRaftLogWorker: flushIndex: setUnconditionally 0 -> -1
2023-10-17 18:45:52,817 [eb2139cf-2f93-40e0-8f6b-119ef4e9cafb-groupManagement] INFO  segmented.SegmentedRaftLogWorker (SegmentedRaftLogWorker.java:lambda$new$0(135)) - eb2139cf-2f93-40e0-8f6b-119ef4e9cafb@group-67DD6FFDD51E-SegmentedRaftLogWorker: safeCacheEvictIndex: setUnconditionally 0 -> -1
2023-10-17 18:45:52,817 [7abc303f-f695-4fbc-aa63-fcdea332bcbc-groupManagement] INFO  server.RaftServer$Division (RaftServerImpl.java:start(342)) - 7abc303f-f695-4fbc-aa63-fcdea332bcbc@group-67DD6FFDD51E: start as a follower, conf=-1: peers:[eb2139cf-2f93-40e0-8f6b-119ef4e9cafb|rpc:10.1.0.25:15249|admin:10.1.0.25:15248|client:10.1.0.25:15247|dataStream:10.1.0.25:15250|priority:0|startupRole:FOLLOWER, 7abc303f-f695-4fbc-aa63-fcdea332bcbc|rpc:10.1.0.25:15258|admin:10.1.0.25:15257|client:10.1.0.25:15256|dataStream:10.1.0.25:15259|priority:1|startupRole:FOLLOWER, 6484543a-767b-4be3-933a-0df7ebf5f58a|rpc:10.1.0.25:15240|admin:10.1.0.25:15239|client:10.1.0.25:15238|dataStream:10.1.0.25:15241|priority:0|startupRole:FOLLOWER]|listeners:[], old=null
2023-10-17 18:45:52,817 [7abc303f-f695-4fbc-aa63-fcdea332bcbc-groupManagement] INFO  server.RaftServer$Division (RaftServerImpl.java:setRole(329)) - 7abc303f-f695-4fbc-aa63-fcdea332bcbc@group-67DD6FFDD51E: changes role from      null to FOLLOWER at term 0 for startAsFollower
2023-10-17 18:45:52,817 [7abc303f-f695-4fbc-aa63-fcdea332bcbc-groupManagement] INFO  impl.RoleInfo (RoleInfo.java:updateAndGet(139)) - 7abc303f-f695-4fbc-aa63-fcdea332bcbc: start 7abc303f-f695-4fbc-aa63-fcdea332bcbc@group-67DD6FFDD51E-FollowerState
2023-10-17 18:45:52,818 [7abc303f-f695-4fbc-aa63-fcdea332bcbc-groupManagement] INFO  util.JmxRegister (JmxRegister.java:tryRegister(44)) - Successfully registered JMX Bean with object name Ratis:service=RaftServer,group=group-67DD6FFDD51E,id=7abc303f-f695-4fbc-aa63-fcdea332bcbc
2023-10-17 18:45:52,818 [7abc303f-f695-4fbc-aa63-fcdea332bcbc-groupManagement] INFO  server.RaftServerConfigKeys (ConfUtils.java:logGet(46)) - raft.server.snapshot.auto.trigger.enabled = true (custom)
2023-10-17 18:45:52,818 [7abc303f-f695-4fbc-aa63-fcdea332bcbc-groupManagement] INFO  server.RaftServerConfigKeys (ConfUtils.java:logGet(46)) - raft.server.snapshot.auto.trigger.threshold = 10000 (custom)
2023-10-17 18:45:52,818 [7abc303f-f695-4fbc-aa63-fcdea332bcbc-groupManagement] INFO  server.RaftServerConfigKeys (ConfUtils.java:logGet(46)) - raft.server.snapshot.retention.file.num = 5 (custom)
2023-10-17 18:45:52,818 [7abc303f-f695-4fbc-aa63-fcdea332bcbc-groupManagement] INFO  server.RaftServerConfigKeys (ConfUtils.java:logGet(46)) - raft.server.log.purge.upto.snapshot.index = false (default)
2023-10-17 18:45:52,818 [7abc303f-f695-4fbc-aa63-fcdea332bcbc@group-67DD6FFDD51E-FollowerState] INFO  server.RaftServerConfigKeys (ConfUtils.java:logFallback(53)) - raft.server.rpc.first-election.timeout.min = 5s (fallback to raft.server.rpc.timeout.min)
2023-10-17 18:45:52,818 [7abc303f-f695-4fbc-aa63-fcdea332bcbc@group-67DD6FFDD51E-FollowerState] INFO  server.RaftServerConfigKeys (ConfUtils.java:logFallback(53)) - raft.server.rpc.first-election.timeout.max = 5200ms (fallback to raft.server.rpc.timeout.max)
2023-10-17 18:45:52,818 [eb2139cf-2f93-40e0-8f6b-119ef4e9cafb-groupManagement] INFO  server.RaftServer$Division (RaftServerImpl.java:start(342)) - eb2139cf-2f93-40e0-8f6b-119ef4e9cafb@group-67DD6FFDD51E: start as a follower, conf=-1: peers:[eb2139cf-2f93-40e0-8f6b-119ef4e9cafb|rpc:10.1.0.25:15249|admin:10.1.0.25:15248|client:10.1.0.25:15247|dataStream:10.1.0.25:15250|priority:0|startupRole:FOLLOWER, 7abc303f-f695-4fbc-aa63-fcdea332bcbc|rpc:10.1.0.25:15258|admin:10.1.0.25:15257|client:10.1.0.25:15256|dataStream:10.1.0.25:15259|priority:1|startupRole:FOLLOWER, 6484543a-767b-4be3-933a-0df7ebf5f58a|rpc:10.1.0.25:15240|admin:10.1.0.25:15239|client:10.1.0.25:15238|dataStream:10.1.0.25:15241|priority:0|startupRole:FOLLOWER]|listeners:[], old=null
2023-10-17 18:45:52,818 [eb2139cf-2f93-40e0-8f6b-119ef4e9cafb-groupManagement] INFO  server.RaftServer$Division (RaftServerImpl.java:setRole(329)) - eb2139cf-2f93-40e0-8f6b-119ef4e9cafb@group-67DD6FFDD51E: changes role from      null to FOLLOWER at term 0 for startAsFollower
2023-10-17 18:45:52,818 [eb2139cf-2f93-40e0-8f6b-119ef4e9cafb-groupManagement] INFO  impl.RoleInfo (RoleInfo.java:updateAndGet(139)) - eb2139cf-2f93-40e0-8f6b-119ef4e9cafb: start eb2139cf-2f93-40e0-8f6b-119ef4e9cafb@group-67DD6FFDD51E-FollowerState
2023-10-17 18:45:52,819 [eb2139cf-2f93-40e0-8f6b-119ef4e9cafb-groupManagement] INFO  util.JmxRegister (JmxRegister.java:tryRegister(44)) - Successfully registered JMX Bean with object name Ratis:service=RaftServer,group=group-67DD6FFDD51E,id=eb2139cf-2f93-40e0-8f6b-119ef4e9cafb
2023-10-17 18:45:52,819 [eb2139cf-2f93-40e0-8f6b-119ef4e9cafb-groupManagement] INFO  server.RaftServerConfigKeys (ConfUtils.java:logGet(46)) - raft.server.snapshot.auto.trigger.enabled = true (custom)
2023-10-17 18:45:52,819 [eb2139cf-2f93-40e0-8f6b-119ef4e9cafb-groupManagement] INFO  server.RaftServerConfigKeys (ConfUtils.java:logGet(46)) - raft.server.snapshot.auto.trigger.threshold = 10000 (custom)
2023-10-17 18:45:52,819 [eb2139cf-2f93-40e0-8f6b-119ef4e9cafb-groupManagement] INFO  server.RaftServerConfigKeys (ConfUtils.java:logGet(46)) - raft.server.snapshot.retention.file.num = 5 (custom)
2023-10-17 18:45:52,819 [eb2139cf-2f93-40e0-8f6b-119ef4e9cafb-groupManagement] INFO  server.RaftServerConfigKeys (ConfUtils.java:logGet(46)) - raft.server.log.purge.upto.snapshot.index = false (default)
2023-10-17 18:45:52,819 [eb2139cf-2f93-40e0-8f6b-119ef4e9cafb@group-67DD6FFDD51E-FollowerState] INFO  server.RaftServerConfigKeys (ConfUtils.java:logFallback(53)) - raft.server.rpc.first-election.timeout.min = 5s (fallback to raft.server.rpc.timeout.min)
2023-10-17 18:45:52,819 [eb2139cf-2f93-40e0-8f6b-119ef4e9cafb@group-67DD6FFDD51E-FollowerState] INFO  server.RaftServerConfigKeys (ConfUtils.java:logFallback(53)) - raft.server.rpc.first-election.timeout.max = 5200ms (fallback to raft.server.rpc.timeout.max)
2023-10-17 18:45:52,820 [PipelineCommandHandlerThread-0] INFO  ratis.XceiverServerRatis (XceiverServerRatis.java:addGroup(804)) - Created group PipelineID=f5eb600c-7ac4-4c4b-8b4e-67dd6ffdd51e
2023-10-17 18:45:52,865 [PipelineCommandHandlerThread-0] INFO  commandhandler.CreatePipelineCommandHandler (CreatePipelineCommandHandler.java:lambda$handle$2(124)) - Created Pipeline RATIS THREE PipelineID=f5eb600c-7ac4-4c4b-8b4e-67dd6ffdd51e.
2023-10-17 18:45:52,866 [PipelineCommandHandlerThread-0] INFO  commandhandler.CreatePipelineCommandHandler (CreatePipelineCommandHandler.java:lambda$handle$2(124)) - Created Pipeline RATIS THREE PipelineID=f5eb600c-7ac4-4c4b-8b4e-67dd6ffdd51e.
2023-10-17 18:45:52,980 [PipelineCommandHandlerThread-0] INFO  server.RaftServer (RaftServerProxy.java:addNew(98)) - 7abc303f-f695-4fbc-aa63-fcdea332bcbc: addNew group-A1D9142B5B6E:[7abc303f-f695-4fbc-aa63-fcdea332bcbc|rpc:10.1.0.25:15258|admin:10.1.0.25:15257|client:10.1.0.25:15256|dataStream:10.1.0.25:15259|priority:1|startupRole:FOLLOWER] returns group-A1D9142B5B6E:java.util.concurrent.CompletableFuture@51448cb8[Not completed]
2023-10-17 18:45:52,980 [Time-limited test] INFO  ozone.MiniOzoneClusterImpl (MiniOzoneClusterImpl.java:lambda$waitForClusterToBeReady$0(229)) - Nodes are ready. Got 3 of 3 DN Heartbeats.
2023-10-17 18:45:52,980 [Time-limited test] INFO  ozone.MiniOzoneClusterImpl (MiniOzoneClusterImpl.java:lambda$waitForClusterToBeReady$0(232)) - Waiting for cluster to exit safe mode
2023-10-17 18:45:52,980 [Time-limited test] INFO  ozone.MiniOzoneClusterImpl (MiniOzoneClusterImpl.java:lambda$waitForClusterToBeReady$0(234)) - SCM became leader
2023-10-17 18:45:52,981 [7abc303f-f695-4fbc-aa63-fcdea332bcbc-groupManagement] INFO  server.RaftServer$Division (RaftServerImpl.java:<init>(198)) - 7abc303f-f695-4fbc-aa63-fcdea332bcbc: new RaftServerImpl for group-A1D9142B5B6E:[7abc303f-f695-4fbc-aa63-fcdea332bcbc|rpc:10.1.0.25:15258|admin:10.1.0.25:15257|client:10.1.0.25:15256|dataStream:10.1.0.25:15259|priority:1|startupRole:FOLLOWER] with ContainerStateMachine:uninitialized
2023-10-17 18:45:52,981 [7abc303f-f695-4fbc-aa63-fcdea332bcbc-groupManagement] INFO  server.RaftServerConfigKeys (ConfUtils.java:logGet(46)) - raft.server.rpc.timeout.min = 5s (custom)
2023-10-17 18:45:52,981 [7abc303f-f695-4fbc-aa63-fcdea332bcbc-groupManagement] INFO  server.RaftServerConfigKeys (ConfUtils.java:logGet(46)) - raft.server.rpc.timeout.max = 5200ms (custom)
2023-10-17 18:45:52,981 [7abc303f-f695-4fbc-aa63-fcdea332bcbc-groupManagement] INFO  server.RaftServerConfigKeys (ConfUtils.java:logGet(46)) - raft.server.rpc.sleep.time = 25ms (default)
2023-10-17 18:45:52,981 [7abc303f-f695-4fbc-aa63-fcdea332bcbc-groupManagement] INFO  server.RaftServerConfigKeys (ConfUtils.java:logGet(46)) - raft.server.rpc.slowness.timeout = 300s (custom)
2023-10-17 18:45:52,981 [7abc303f-f695-4fbc-aa63-fcdea332bcbc-groupManagement] INFO  server.RaftServerConfigKeys (ConfUtils.java:logGet(46)) - raft.server.leaderelection.leader.step-down.wait-time = 10s (default)
2023-10-17 18:45:52,981 [7abc303f-f695-4fbc-aa63-fcdea332bcbc-groupManagement] INFO  server.RaftServerConfigKeys (ConfUtils.java:logGet(46)) - raft.server.sleep.deviation.threshold = 300ms (default)
2023-10-17 18:45:52,981 [7abc303f-f695-4fbc-aa63-fcdea332bcbc-groupManagement] INFO  server.RaftServer$Division (ServerState.java:<init>(120)) - 7abc303f-f695-4fbc-aa63-fcdea332bcbc@group-A1D9142B5B6E: ConfigurationManager, init=-1: peers:[7abc303f-f695-4fbc-aa63-fcdea332bcbc|rpc:10.1.0.25:15258|admin:10.1.0.25:15257|client:10.1.0.25:15256|dataStream:10.1.0.25:15259|priority:1|startupRole:FOLLOWER]|listeners:[], old=null, confs=<EMPTY_MAP>
2023-10-17 18:45:52,981 [7abc303f-f695-4fbc-aa63-fcdea332bcbc-groupManagement] INFO  server.RaftServerConfigKeys (ConfUtils.java:logGet(46)) - raft.server.storage.dir = [/home/runner/work/ozone/ozone/hadoop-ozone/integration-test/target/test-dir/MiniOzoneClusterImpl-1ddacd7d-4aab-443e-9cce-7616e57ab4b1/datanode-2/data/ratis] (custom)
2023-10-17 18:45:52,981 [7abc303f-f695-4fbc-aa63-fcdea332bcbc-groupManagement] INFO  server.RaftServerConfigKeys (ConfUtils.java:logGet(46)) - raft.server.log.corruption.policy = EXCEPTION (default)
2023-10-17 18:45:52,981 [7abc303f-f695-4fbc-aa63-fcdea332bcbc-groupManagement] INFO  server.RaftServerConfigKeys (ConfUtils.java:logGet(46)) - raft.server.storage.free-space.min = 0MB (=0) (default)
2023-10-17 18:45:52,981 [7abc303f-f695-4fbc-aa63-fcdea332bcbc-groupManagement] INFO  server.RaftServerConfigKeys (ConfUtils.java:logGet(46)) - raft.server.notification.no-leader.timeout = 300s (custom)
2023-10-17 18:45:52,981 [7abc303f-f695-4fbc-aa63-fcdea332bcbc-groupManagement] INFO  server.RaftServerConfigKeys (ConfUtils.java:logGet(46)) - raft.server.read.timeout = 10s (default)
2023-10-17 18:45:52,981 [7abc303f-f695-4fbc-aa63-fcdea332bcbc-groupManagement] INFO  server.RaftServerConfigKeys (ConfUtils.java:logGet(46)) - raft.server.retrycache.expirytime = 600000ms (custom)
2023-10-17 18:45:52,981 [7abc303f-f695-4fbc-aa63-fcdea332bcbc-groupManagement] INFO  server.RaftServerConfigKeys (ConfUtils.java:logGet(46)) - raft.server.retrycache.statistics.expirytime = 100μs (default)
2023-10-17 18:45:52,982 [7abc303f-f695-4fbc-aa63-fcdea332bcbc-groupManagement] INFO  server.RaftServerConfigKeys (ConfUtils.java:logGet(46)) - raft.server.read.option = DEFAULT (default)
2023-10-17 18:45:52,982 [7abc303f-f695-4fbc-aa63-fcdea332bcbc-groupManagement] INFO  server.RaftServerConfigKeys (ConfUtils.java:logGet(46)) - raft.server.rpc.request.timeout = 60s (custom)
2023-10-17 18:45:52,982 [7abc303f-f695-4fbc-aa63-fcdea332bcbc-groupManagement] INFO  server.RaftServerConfigKeys (ConfUtils.java:logGet(46)) - raft.server.log.appender.install.snapshot.enabled = false (custom)
2023-10-17 18:45:52,982 [7abc303f-f695-4fbc-aa63-fcdea332bcbc-groupManagement] INFO  server.RaftServerConfigKeys (ConfUtils.java:logGet(46)) - raft.server.threadpool.server.cached = true (default)
2023-10-17 18:45:52,982 [7abc303f-f695-4fbc-aa63-fcdea332bcbc-groupManagement] INFO  server.RaftServerConfigKeys (ConfUtils.java:logGet(46)) - raft.server.threadpool.server.size = 0 (default)
2023-10-17 18:45:52,982 [7abc303f-f695-4fbc-aa63-fcdea332bcbc-groupManagement] INFO  server.RaftServerConfigKeys (ConfUtils.java:logGet(46)) - raft.server.threadpool.client.cached = true (default)
2023-10-17 18:45:52,982 [7abc303f-f695-4fbc-aa63-fcdea332bcbc-groupManagement] INFO  server.RaftServerConfigKeys (ConfUtils.java:logGet(46)) - raft.server.threadpool.client.size = 0 (default)
2023-10-17 18:45:52,982 [7abc303f-f695-4fbc-aa63-fcdea332bcbc-groupManagement] INFO  storage.RaftStorageDirectory (RaftStorageDirectoryImpl.java:analyzeStorage(137)) - The storage directory /home/runner/work/ozone/ozone/hadoop-ozone/integration-test/target/test-dir/MiniOzoneClusterImpl-1ddacd7d-4aab-443e-9cce-7616e57ab4b1/datanode-2/data/ratis/570764fe-283e-416f-81d9-a1d9142b5b6e does not exist. Creating ...
2023-10-17 18:45:52,984 [7abc303f-f695-4fbc-aa63-fcdea332bcbc-groupManagement] INFO  storage.RaftStorageDirectory (RaftStorageDirectoryImpl.java:tryLock(231)) - Lock on /home/runner/work/ozone/ozone/hadoop-ozone/integration-test/target/test-dir/MiniOzoneClusterImpl-1ddacd7d-4aab-443e-9cce-7616e57ab4b1/datanode-2/data/ratis/570764fe-283e-416f-81d9-a1d9142b5b6e/in_use.lock acquired by nodename 31914@fv-az189-115
2023-10-17 18:45:52,985 [7abc303f-f695-4fbc-aa63-fcdea332bcbc-groupManagement] INFO  storage.RaftStorage (RaftStorageImpl.java:format(96)) - Storage directory /home/runner/work/ozone/ozone/hadoop-ozone/integration-test/target/test-dir/MiniOzoneClusterImpl-1ddacd7d-4aab-443e-9cce-7616e57ab4b1/datanode-2/data/ratis/570764fe-283e-416f-81d9-a1d9142b5b6e has been successfully formatted.
2023-10-17 18:45:52,985 [7abc303f-f695-4fbc-aa63-fcdea332bcbc-groupManagement] INFO  ratis.ContainerStateMachine (ContainerStateMachine.java:loadSnapshot(262)) - group-A1D9142B5B6E: The snapshot info is null. Setting the last applied indexto:(t:0, i:~)
2023-10-17 18:45:52,985 [7abc303f-f695-4fbc-aa63-fcdea332bcbc-groupManagement] INFO  server.RaftServerConfigKeys (ConfUtils.java:logGet(46)) - raft.server.log.use.memory = false (default)
2023-10-17 18:45:52,986 [7abc303f-f695-4fbc-aa63-fcdea332bcbc-groupManagement] INFO  server.RaftServerConfigKeys (ConfUtils.java:logGet(46)) - raft.server.log.purge.gap = 1000000 (custom)
2023-10-17 18:45:52,986 [7abc303f-f695-4fbc-aa63-fcdea332bcbc-groupManagement] INFO  server.RaftServerConfigKeys (ConfUtils.java:logGet(46)) - raft.server.log.appender.buffer.byte-limit = 33554432 (custom)
2023-10-17 18:45:52,986 [7abc303f-f695-4fbc-aa63-fcdea332bcbc-groupManagement] INFO  server.RaftServerConfigKeys (ConfUtils.java:logGet(46)) - raft.server.log.statemachine.data.read.timeout = 1000ms (default)
2023-10-17 18:45:52,986 [7abc303f-f695-4fbc-aa63-fcdea332bcbc-groupManagement] INFO  server.RaftServerConfigKeys (ConfUtils.java:logGet(46)) - raft.server.log.purge.preservation.log.num = 0 (default)
2023-10-17 18:45:52,986 [7abc303f-f695-4fbc-aa63-fcdea332bcbc-groupManagement] INFO  server.RaftServerConfigKeys (ConfUtils.java:logGet(46)) - raft.server.log.segment.size.max = 1048576 (custom)
2023-10-17 18:45:52,986 [7abc303f-f695-4fbc-aa63-fcdea332bcbc-groupManagement] INFO  server.RaftServerConfigKeys (ConfUtils.java:logGet(46)) - raft.server.log.segment.cache.num.max = 2 (custom)
2023-10-17 18:45:52,986 [7abc303f-f695-4fbc-aa63-fcdea332bcbc-groupManagement] INFO  server.RaftServerConfigKeys (ConfUtils.java:logGet(46)) - raft.server.log.segment.cache.size.max = 200MB (=209715200) (default)
2023-10-17 18:45:52,986 [7abc303f-f695-4fbc-aa63-fcdea332bcbc-groupManagement] INFO  server.RaftServerConfigKeys (ConfUtils.java:logGet(46)) - raft.server.log.appender.buffer.byte-limit = 33554432 (custom)
2023-10-17 18:45:52,986 [7abc303f-f695-4fbc-aa63-fcdea332bcbc-groupManagement] INFO  segmented.SegmentedRaftLogWorker (SegmentedRaftLogWorker.java:<init>(188)) - new 7abc303f-f695-4fbc-aa63-fcdea332bcbc@group-A1D9142B5B6E-SegmentedRaftLogWorker for RaftStorageImpl:Storage Directory /home/runner/work/ozone/ozone/hadoop-ozone/integration-test/target/test-dir/MiniOzoneClusterImpl-1ddacd7d-4aab-443e-9cce-7616e57ab4b1/datanode-2/data/ratis/570764fe-283e-416f-81d9-a1d9142b5b6e
2023-10-17 18:45:52,986 [7abc303f-f695-4fbc-aa63-fcdea332bcbc-groupManagement] INFO  server.RaftServerConfigKeys (ConfUtils.java:logGet(46)) - raft.server.log.queue.byte-limit = 4294967296 (custom)
2023-10-17 18:45:52,986 [7abc303f-f695-4fbc-aa63-fcdea332bcbc-groupManagement] INFO  server.RaftServerConfigKeys (ConfUtils.java:logGet(46)) - raft.server.log.queue.element-limit = 1024 (custom)
2023-10-17 18:45:52,986 [7abc303f-f695-4fbc-aa63-fcdea332bcbc-groupManagement] INFO  server.RaftServerConfigKeys (ConfUtils.java:logGet(46)) - raft.server.log.segment.size.max = 1048576 (custom)
2023-10-17 18:45:52,986 [7abc303f-f695-4fbc-aa63-fcdea332bcbc-groupManagement] INFO  server.RaftServerConfigKeys (ConfUtils.java:logGet(46)) - raft.server.log.preallocated.size = 16384 (custom)
2023-10-17 18:45:52,986 [7abc303f-f695-4fbc-aa63-fcdea332bcbc-groupManagement] INFO  server.RaftServerConfigKeys (ConfUtils.java:logGet(46)) - raft.server.log.force.sync.num = 128 (default)
2023-10-17 18:45:52,986 [7abc303f-f695-4fbc-aa63-fcdea332bcbc-groupManagement] INFO  server.RaftServerConfigKeys (ConfUtils.java:logGet(46)) - raft.server.log.statemachine.data.sync = true (default)
2023-10-17 18:45:52,987 [7abc303f-f695-4fbc-aa63-fcdea332bcbc-groupManagement] INFO  server.RaftServerConfigKeys (ConfUtils.java:logGet(46)) - raft.server.log.statemachine.data.sync.timeout = 10s (default)
2023-10-17 18:45:52,987 [7abc303f-f695-4fbc-aa63-fcdea332bcbc-groupManagement] INFO  server.RaftServerConfigKeys (ConfUtils.java:logGet(46)) - raft.server.log.statemachine.data.sync.timeout.retry = -1 (default)
2023-10-17 18:45:52,987 [7abc303f-f695-4fbc-aa63-fcdea332bcbc-groupManagement] INFO  server.RaftServerConfigKeys (ConfUtils.java:logGet(46)) - raft.server.log.write.buffer.size = 1048576 (custom)
2023-10-17 18:45:52,987 [EndpointStateMachine task thread for /0.0.0.0:15228 - 0 ] DEBUG endpoint.HeartbeatEndpointTask (HeartbeatEndpointTask.java:call(182)) - Sending heartbeat message :: datanodeDetails {
  uuid: "7abc303f-f695-4fbc-aa63-fcdea332bcbc"
  ipAddress: "10.1.0.25"
  hostName: "fv-az189-115"
  ports {
    name: "HTTP"
    value: 15253
  }
  ports {
    name: "CLIENT_RPC"
    value: 15254
  }
  ports {
    name: "REPLICATION"
    value: 15260
  }
  ports {
    name: "RATIS"
    value: 15256
  }
  ports {
    name: "RATIS_ADMIN"
    value: 15257
  }
  ports {
    name: "RATIS_SERVER"
    value: 15258
  }
  ports {
    name: "RATIS_DATASTREAM"
    value: 15259
  }
  ports {
    name: "STANDALONE"
    value: 15255
  }
  networkName: "7abc303f-f695-4fbc-aa63-fcdea332bcbc"
  networkLocation: "/rack1"
  persistedOpStateExpiry: 0
  uuid128 {
    mostSigBits: 8843996819526864828
    leastSigBits: -6168809031416496964
  }
}
pipelineReports {
  pipelineReport {
    pipelineID {
      id: "f5eb600c-7ac4-4c4b-8b4e-67dd6ffdd51e"
      uuid128 {
        mostSigBits: -726381308174644149
        leastSigBits: -8408669253489797858
      }
    }
    isLeader: false
    bytesWritten: 0
  }
  pipelineReport {
    pipelineID {
      id: "f96e4181-aff9-4e8f-9558-d969b0d801aa"
      uuid128 {
        mostSigBits: -473368885568385393
        leastSigBits: -7685153716146011734
      }
    }
    isLeader: false
    bytesWritten: 0
  }
  pipelineReport {
    pipelineID {
      id: "570764fe-283e-416f-81d9-a1d9142b5b6e"
      uuid128 {
        mostSigBits: 6271092048896344431
        leastSigBits: -9090056419152274578
      }
    }
    isLeader: false
    bytesWritten: 0
  }
}
dataNodeLayoutVersion {
  metadataLayoutVersion: 7
  softwareLayoutVersion: 7
}
commandQueueReport {
  command: createPipelineCommand
  command: deleteBlocksCommand
  command: closeContainerCommand
  command: replicateContainerCommand
  command: deleteContainerCommand
  command: closePipelineCommand
  command: setNodeOperationalStateCommand
  command: finalizeNewLayoutVersionCommand
  command: reconstructECContainersCommand
  command: refreshVolumeUsageInfo
  count: 3
  count: 0
  count: 0
  count: 0
  count: 0
  count: 0
  count: 0
  count: 0
  count: 0
  count: 0
}

2023-10-17 18:45:52,989 [EventQueue-PipelineReportForPipelineReportHandler] INFO  pipeline.PipelineReportHandler (PipelineReportHandler.java:processPipelineReport(136)) - Opened pipeline PipelineID=570764fe-283e-416f-81d9-a1d9142b5b6e
2023-10-17 18:45:52,989 [EventQueue-OpenPipelineForHealthyPipelineSafeModeRule] INFO  safemode.SCMSafeModeManager (HealthyPipelineSafeModeRule.java:process(137)) - SCM in safe mode. Healthy pipelines reported count is 0, required healthy pipeline reported count is 1
2023-10-17 18:45:52,989 [7abc303f-f695-4fbc-aa63-fcdea332bcbc-groupManagement] INFO  server.RaftServerConfigKeys (ConfUtils.java:logGet(46)) - raft.server.log.appender.buffer.byte-limit = 33554432 (custom)
2023-10-17 18:45:52,994 [7abc303f-f695-4fbc-aa63-fcdea332bcbc-groupManagement] INFO  server.RaftServerConfigKeys (ConfUtils.java:logGet(46)) - raft.server.log.unsafe-flush.enabled = false (default)
2023-10-17 18:45:52,996 [7abc303f-f695-4fbc-aa63-fcdea332bcbc-groupManagement] INFO  server.RaftServerConfigKeys (ConfUtils.java:logGet(46)) - raft.server.log.async-flush.enabled = false (default)
2023-10-17 18:45:52,996 [7abc303f-f695-4fbc-aa63-fcdea332bcbc-groupManagement] INFO  server.RaftServerConfigKeys (ConfUtils.java:logGet(46)) - raft.server.log.statemachine.data.caching.enabled = true (custom)
2023-10-17 18:45:52,996 [7abc303f-f695-4fbc-aa63-fcdea332bcbc-groupManagement] INFO  segmented.SegmentedRaftLogWorker (SegmentedRaftLogWorker.java:lambda$new$0(135)) - 7abc303f-f695-4fbc-aa63-fcdea332bcbc@group-A1D9142B5B6E-SegmentedRaftLogWorker: flushIndex: setUnconditionally 0 -> -1
2023-10-17 18:45:52,996 [7abc303f-f695-4fbc-aa63-fcdea332bcbc-groupManagement] INFO  segmented.SegmentedRaftLogWorker (SegmentedRaftLogWorker.java:lambda$new$0(135)) - 7abc303f-f695-4fbc-aa63-fcdea332bcbc@group-A1D9142B5B6E-SegmentedRaftLogWorker: safeCacheEvictIndex: setUnconditionally 0 -> -1
2023-10-17 18:45:52,996 [7abc303f-f695-4fbc-aa63-fcdea332bcbc-groupManagement] INFO  server.RaftServer$Division (RaftServerImpl.java:start(342)) - 7abc303f-f695-4fbc-aa63-fcdea332bcbc@group-A1D9142B5B6E: start as a follower, conf=-1: peers:[7abc303f-f695-4fbc-aa63-fcdea332bcbc|rpc:10.1.0.25:15258|admin:10.1.0.25:15257|client:10.1.0.25:15256|dataStream:10.1.0.25:15259|priority:1|startupRole:FOLLOWER]|listeners:[], old=null
2023-10-17 18:45:52,996 [7abc303f-f695-4fbc-aa63-fcdea332bcbc-groupManagement] INFO  server.RaftServer$Division (RaftServerImpl.java:setRole(329)) - 7abc303f-f695-4fbc-aa63-fcdea332bcbc@group-A1D9142B5B6E: changes role from      null to FOLLOWER at term 0 for startAsFollower
2023-10-17 18:45:52,996 [7abc303f-f695-4fbc-aa63-fcdea332bcbc-groupManagement] INFO  impl.RoleInfo (RoleInfo.java:updateAndGet(139)) - 7abc303f-f695-4fbc-aa63-fcdea332bcbc: start 7abc303f-f695-4fbc-aa63-fcdea332bcbc@group-A1D9142B5B6E-FollowerState
2023-10-17 18:45:52,996 [7abc303f-f695-4fbc-aa63-fcdea332bcbc-groupManagement] INFO  util.JmxRegister (JmxRegister.java:tryRegister(44)) - Successfully registered JMX Bean with object name Ratis:service=RaftServer,group=group-A1D9142B5B6E,id=7abc303f-f695-4fbc-aa63-fcdea332bcbc
2023-10-17 18:45:52,996 [7abc303f-f695-4fbc-aa63-fcdea332bcbc@group-A1D9142B5B6E-FollowerState] INFO  server.RaftServerConfigKeys (ConfUtils.java:logFallback(53)) - raft.server.rpc.first-election.timeout.min = 5s (fallback to raft.server.rpc.timeout.min)
2023-10-17 18:45:52,996 [7abc303f-f695-4fbc-aa63-fcdea332bcbc-groupManagement] INFO  server.RaftServerConfigKeys (ConfUtils.java:logGet(46)) - raft.server.snapshot.auto.trigger.enabled = true (custom)
2023-10-17 18:45:52,997 [7abc303f-f695-4fbc-aa63-fcdea332bcbc@group-A1D9142B5B6E-FollowerState] INFO  server.RaftServerConfigKeys (ConfUtils.java:logFallback(53)) - raft.server.rpc.first-election.timeout.max = 5200ms (fallback to raft.server.rpc.timeout.max)
2023-10-17 18:45:52,997 [7abc303f-f695-4fbc-aa63-fcdea332bcbc-groupManagement] INFO  server.RaftServerConfigKeys (ConfUtils.java:logGet(46)) - raft.server.snapshot.auto.trigger.threshold = 10000 (custom)
2023-10-17 18:45:52,997 [7abc303f-f695-4fbc-aa63-fcdea332bcbc-groupManagement] INFO  server.RaftServerConfigKeys (ConfUtils.java:logGet(46)) - raft.server.snapshot.retention.file.num = 5 (custom)
2023-10-17 18:45:52,997 [7abc303f-f695-4fbc-aa63-fcdea332bcbc-groupManagement] INFO  server.RaftServerConfigKeys (ConfUtils.java:logGet(46)) - raft.server.log.purge.upto.snapshot.index = false (default)
2023-10-17 18:45:52,997 [PipelineCommandHandlerThread-0] INFO  ratis.XceiverServerRatis (XceiverServerRatis.java:addGroup(804)) - Created group PipelineID=570764fe-283e-416f-81d9-a1d9142b5b6e
2023-10-17 18:45:52,997 [PipelineCommandHandlerThread-0] INFO  commandhandler.CreatePipelineCommandHandler (CreatePipelineCommandHandler.java:lambda$handle$2(124)) - Created Pipeline RATIS ONE PipelineID=570764fe-283e-416f-81d9-a1d9142b5b6e.
2023-10-17 18:45:53,779 [EndpointStateMachine task thread for /0.0.0.0:15228 - 0 ] DEBUG endpoint.HeartbeatEndpointTask (HeartbeatEndpointTask.java:call(182)) - Sending heartbeat message :: datanodeDetails {
  uuid: "6484543a-767b-4be3-933a-0df7ebf5f58a"
  ipAddress: "10.1.0.25"
  hostName: "fv-az189-115"
  ports {
    name: "HTTP"
    value: 15235
  }
  ports {
    name: "CLIENT_RPC"
    value: 15236
  }
  ports {
    name: "REPLICATION"
    value: 15242
  }
  ports {
    name: "RATIS"
    value: 15238
  }
  ports {
    name: "RATIS_ADMIN"
    value: 15239
  }
  ports {
    name: "RATIS_SERVER"
    value: 15240
  }
  ports {
    name: "RATIS_DATASTREAM"
    value: 15241
  }
  ports {
    name: "STANDALONE"
    value: 15237
  }
  networkName: "6484543a-767b-4be3-933a-0df7ebf5f58a"
  networkLocation: "/rack1"
  persistedOpStateExpiry: 0
  uuid128 {
    mostSigBits: 7243006710791228387
    leastSigBits: -7837936843018078838
  }
}
dataNodeLayoutVersion {
  metadataLayoutVersion: 7
  softwareLayoutVersion: 7
}
commandQueueReport {
  command: createPipelineCommand
  command: deleteBlocksCommand
  command: closeContainerCommand
  command: replicateContainerCommand
  command: deleteContainerCommand
  command: closePipelineCommand
  command: setNodeOperationalStateCommand
  command: finalizeNewLayoutVersionCommand
  command: reconstructECContainersCommand
  command: refreshVolumeUsageInfo
  count: 0
  count: 0
  count: 0
  count: 0
  count: 0
  count: 0
  count: 0
  count: 0
  count: 0
  count: 0
}

2023-10-17 18:45:53,803 [EndpointStateMachine task thread for /0.0.0.0:15228 - 0 ] DEBUG endpoint.HeartbeatEndpointTask (HeartbeatEndpointTask.java:call(182)) - Sending heartbeat message :: datanodeDetails {
  uuid: "eb2139cf-2f93-40e0-8f6b-119ef4e9cafb"
  ipAddress: "10.1.0.25"
  hostName: "fv-az189-115"
  ports {
    name: "HTTP"
    value: 15244
  }
  ports {
    name: "CLIENT_RPC"
    value: 15245
  }
  ports {
    name: "REPLICATION"
    value: 15251
  }
  ports {
    name: "RATIS"
    value: 15247
  }
  ports {
    name: "RATIS_ADMIN"
    value: 15248
  }
  ports {
    name: "RATIS_SERVER"
    value: 15249
  }
  ports {
    name: "RATIS_DATASTREAM"
    value: 15250
  }
  ports {
    name: "STANDALONE"
    value: 15246
  }
  networkName: "eb2139cf-2f93-40e0-8f6b-119ef4e9cafb"
  networkLocation: "/rack1"
  persistedOpStateExpiry: 0
  uuid128 {
    mostSigBits: -1503857238545841952
    leastSigBits: -8112370929366349061
  }
}
dataNodeLayoutVersion {
  metadataLayoutVersion: 7
  softwareLayoutVersion: 7
}
commandQueueReport {
  command: createPipelineCommand
  command: deleteBlocksCommand
  command: closeContainerCommand
  command: replicateContainerCommand
  command: deleteContainerCommand
  command: closePipelineCommand
  command: setNodeOperationalStateCommand
  command: finalizeNewLayoutVersionCommand
  command: reconstructECContainersCommand
  command: refreshVolumeUsageInfo
  count: 0
  count: 0
  count: 0
  count: 0
  count: 0
  count: 0
  count: 0
  count: 0
  count: 0
  count: 0
}

2023-10-17 18:45:53,980 [Time-limited test] INFO  ozone.MiniOzoneClusterImpl (MiniOzoneClusterImpl.java:lambda$waitForClusterToBeReady$0(229)) - Nodes are ready. Got 3 of 3 DN Heartbeats.
2023-10-17 18:45:53,981 [Time-limited test] INFO  ozone.MiniOzoneClusterImpl (MiniOzoneClusterImpl.java:lambda$waitForClusterToBeReady$0(232)) - Waiting for cluster to exit safe mode
2023-10-17 18:45:53,981 [Time-limited test] INFO  ozone.MiniOzoneClusterImpl (MiniOzoneClusterImpl.java:lambda$waitForClusterToBeReady$0(234)) - SCM became leader
2023-10-17 18:45:53,986 [EndpointStateMachine task thread for /0.0.0.0:15228 - 0 ] DEBUG endpoint.HeartbeatEndpointTask (HeartbeatEndpointTask.java:call(182)) - Sending heartbeat message :: datanodeDetails {
  uuid: "7abc303f-f695-4fbc-aa63-fcdea332bcbc"
  ipAddress: "10.1.0.25"
  hostName: "fv-az189-115"
  ports {
    name: "HTTP"
    value: 15253
  }
  ports {
    name: "CLIENT_RPC"
    value: 15254
  }
  ports {
    name: "REPLICATION"
    value: 15260
  }
  ports {
    name: "RATIS"
    value: 15256
  }
  ports {
    name: "RATIS_ADMIN"
    value: 15257
  }
  ports {
    name: "RATIS_SERVER"
    value: 15258
  }
  ports {
    name: "RATIS_DATASTREAM"
    value: 15259
  }
  ports {
    name: "STANDALONE"
    value: 15255
  }
  networkName: "7abc303f-f695-4fbc-aa63-fcdea332bcbc"
  networkLocation: "/rack1"
  persistedOpStateExpiry: 0
  uuid128 {
    mostSigBits: 8843996819526864828
    leastSigBits: -6168809031416496964
  }
}
dataNodeLayoutVersion {
  metadataLayoutVersion: 7
  softwareLayoutVersion: 7
}
commandQueueReport {
  command: createPipelineCommand
  command: deleteBlocksCommand
  command: closeContainerCommand
  command: replicateContainerCommand
  command: deleteContainerCommand
  command: closePipelineCommand
  command: setNodeOperationalStateCommand
  command: finalizeNewLayoutVersionCommand
  command: reconstructECContainersCommand
  command: refreshVolumeUsageInfo
  count: 0
  count: 0
  count: 0
  count: 0
  count: 0
  count: 0
  count: 0
  count: 0
  count: 0
  count: 0
}

2023-10-17 18:45:54,775 [EndpointStateMachine task thread for /0.0.0.0:15228 - 0 ] DEBUG endpoint.HeartbeatEndpointTask (HeartbeatEndpointTask.java:call(182)) - Sending heartbeat message :: datanodeDetails {
  uuid: "6484543a-767b-4be3-933a-0df7ebf5f58a"
  ipAddress: "10.1.0.25"
  hostName: "fv-az189-115"
  ports {
    name: "HTTP"
    value: 15235
  }
  ports {
    name: "CLIENT_RPC"
    value: 15236
  }
  ports {
    name: "REPLICATION"
    value: 15242
  }
  ports {
    name: "RATIS"
    value: 15238
  }
  ports {
    name: "RATIS_ADMIN"
    value: 15239
  }
  ports {
    name: "RATIS_SERVER"
    value: 15240
  }
  ports {
    name: "RATIS_DATASTREAM"
    value: 15241
  }
  ports {
    name: "STANDALONE"
    value: 15237
  }
  networkName: "6484543a-767b-4be3-933a-0df7ebf5f58a"
  networkLocation: "/rack1"
  persistedOpStateExpiry: 0
  uuid128 {
    mostSigBits: 7243006710791228387
    leastSigBits: -7837936843018078838
  }
}
dataNodeLayoutVersion {
  metadataLayoutVersion: 7
  softwareLayoutVersion: 7
}
commandQueueReport {
  command: createPipelineCommand
  command: deleteBlocksCommand
  command: closeContainerCommand
  command: replicateContainerCommand
  command: deleteContainerCommand
  command: closePipelineCommand
  command: setNodeOperationalStateCommand
  command: finalizeNewLayoutVersionCommand
  command: reconstructECContainersCommand
  command: refreshVolumeUsageInfo
  count: 0
  count: 0
  count: 0
  count: 0
  count: 0
  count: 0
  count: 0
  count: 0
  count: 0
  count: 0
}

2023-10-17 18:45:54,803 [EndpointStateMachine task thread for /0.0.0.0:15228 - 0 ] DEBUG endpoint.HeartbeatEndpointTask (HeartbeatEndpointTask.java:call(182)) - Sending heartbeat message :: datanodeDetails {
  uuid: "eb2139cf-2f93-40e0-8f6b-119ef4e9cafb"
  ipAddress: "10.1.0.25"
  hostName: "fv-az189-115"
  ports {
    name: "HTTP"
    value: 15244
  }
  ports {
    name: "CLIENT_RPC"
    value: 15245
  }
  ports {
    name: "REPLICATION"
    value: 15251
  }
  ports {
    name: "RATIS"
    value: 15247
  }
  ports {
    name: "RATIS_ADMIN"
    value: 15248
  }
  ports {
    name: "RATIS_SERVER"
    value: 15249
  }
  ports {
    name: "RATIS_DATASTREAM"
    value: 15250
  }
  ports {
    name: "STANDALONE"
    value: 15246
  }
  networkName: "eb2139cf-2f93-40e0-8f6b-119ef4e9cafb"
  networkLocation: "/rack1"
  persistedOpStateExpiry: 0
  uuid128 {
    mostSigBits: -1503857238545841952
    leastSigBits: -8112370929366349061
  }
}
dataNodeLayoutVersion {
  metadataLayoutVersion: 7
  softwareLayoutVersion: 7
}
commandQueueReport {
  command: createPipelineCommand
  command: deleteBlocksCommand
  command: closeContainerCommand
  command: replicateContainerCommand
  command: deleteContainerCommand
  command: closePipelineCommand
  command: setNodeOperationalStateCommand
  command: finalizeNewLayoutVersionCommand
  command: reconstructECContainersCommand
  command: refreshVolumeUsageInfo
  count: 0
  count: 0
  count: 0
  count: 0
  count: 0
  count: 0
  count: 0
  count: 0
  count: 0
  count: 0
}

2023-10-17 18:45:54,981 [Time-limited test] INFO  ozone.MiniOzoneClusterImpl (MiniOzoneClusterImpl.java:lambda$waitForClusterToBeReady$0(229)) - Nodes are ready. Got 3 of 3 DN Heartbeats.
2023-10-17 18:45:54,981 [Time-limited test] INFO  ozone.MiniOzoneClusterImpl (MiniOzoneClusterImpl.java:lambda$waitForClusterToBeReady$0(232)) - Waiting for cluster to exit safe mode
2023-10-17 18:45:54,981 [Time-limited test] INFO  ozone.MiniOzoneClusterImpl (MiniOzoneClusterImpl.java:lambda$waitForClusterToBeReady$0(234)) - SCM became leader
2023-10-17 18:45:54,987 [EndpointStateMachine task thread for /0.0.0.0:15228 - 0 ] DEBUG endpoint.HeartbeatEndpointTask (HeartbeatEndpointTask.java:call(182)) - Sending heartbeat message :: datanodeDetails {
  uuid: "7abc303f-f695-4fbc-aa63-fcdea332bcbc"
  ipAddress: "10.1.0.25"
  hostName: "fv-az189-115"
  ports {
    name: "HTTP"
    value: 15253
  }
  ports {
    name: "CLIENT_RPC"
    value: 15254
  }
  ports {
    name: "REPLICATION"
    value: 15260
  }
  ports {
    name: "RATIS"
    value: 15256
  }
  ports {
    name: "RATIS_ADMIN"
    value: 15257
  }
  ports {
    name: "RATIS_SERVER"
    value: 15258
  }
  ports {
    name: "RATIS_DATASTREAM"
    value: 15259
  }
  ports {
    name: "STANDALONE"
    value: 15255
  }
  networkName: "7abc303f-f695-4fbc-aa63-fcdea332bcbc"
  networkLocation: "/rack1"
  persistedOpStateExpiry: 0
  uuid128 {
    mostSigBits: 8843996819526864828
    leastSigBits: -6168809031416496964
  }
}
dataNodeLayoutVersion {
  metadataLayoutVersion: 7
  softwareLayoutVersion: 7
}
commandQueueReport {
  command: createPipelineCommand
  command: deleteBlocksCommand
  command: closeContainerCommand
  command: replicateContainerCommand
  command: deleteContainerCommand
  command: closePipelineCommand
  command: setNodeOperationalStateCommand
  command: finalizeNewLayoutVersionCommand
  command: reconstructECContainersCommand
  command: refreshVolumeUsageInfo
  count: 0
  count: 0
  count: 0
  count: 0
  count: 0
  count: 0
  count: 0
  count: 0
  count: 0
  count: 0
}

2023-10-17 18:45:55,775 [EndpointStateMachine task thread for /0.0.0.0:15228 - 0 ] DEBUG endpoint.HeartbeatEndpointTask (HeartbeatEndpointTask.java:call(182)) - Sending heartbeat message :: datanodeDetails {
  uuid: "6484543a-767b-4be3-933a-0df7ebf5f58a"
  ipAddress: "10.1.0.25"
  hostName: "fv-az189-115"
  ports {
    name: "HTTP"
    value: 15235
  }
  ports {
    name: "CLIENT_RPC"
    value: 15236
  }
  ports {
    name: "REPLICATION"
    value: 15242
  }
  ports {
    name: "RATIS"
    value: 15238
  }
  ports {
    name: "RATIS_ADMIN"
    value: 15239
  }
  ports {
    name: "RATIS_SERVER"
    value: 15240
  }
  ports {
    name: "RATIS_DATASTREAM"
    value: 15241
  }
  ports {
    name: "STANDALONE"
    value: 15237
  }
  networkName: "6484543a-767b-4be3-933a-0df7ebf5f58a"
  networkLocation: "/rack1"
  persistedOpStateExpiry: 0
  uuid128 {
    mostSigBits: 7243006710791228387
    leastSigBits: -7837936843018078838
  }
}
dataNodeLayoutVersion {
  metadataLayoutVersion: 7
  softwareLayoutVersion: 7
}
commandQueueReport {
  command: createPipelineCommand
  command: deleteBlocksCommand
  command: closeContainerCommand
  command: replicateContainerCommand
  command: deleteContainerCommand
  command: closePipelineCommand
  command: setNodeOperationalStateCommand
  command: finalizeNewLayoutVersionCommand
  command: reconstructECContainersCommand
  command: refreshVolumeUsageInfo
  count: 0
  count: 0
  count: 0
  count: 0
  count: 0
  count: 0
  count: 0
  count: 0
  count: 0
  count: 0
}

2023-10-17 18:45:55,803 [EndpointStateMachine task thread for /0.0.0.0:15228 - 0 ] DEBUG endpoint.HeartbeatEndpointTask (HeartbeatEndpointTask.java:call(182)) - Sending heartbeat message :: datanodeDetails {
  uuid: "eb2139cf-2f93-40e0-8f6b-119ef4e9cafb"
  ipAddress: "10.1.0.25"
  hostName: "fv-az189-115"
  ports {
    name: "HTTP"
    value: 15244
  }
  ports {
    name: "CLIENT_RPC"
    value: 15245
  }
  ports {
    name: "REPLICATION"
    value: 15251
  }
  ports {
    name: "RATIS"
    value: 15247
  }
  ports {
    name: "RATIS_ADMIN"
    value: 15248
  }
  ports {
    name: "RATIS_SERVER"
    value: 15249
  }
  ports {
    name: "RATIS_DATASTREAM"
    value: 15250
  }
  ports {
    name: "STANDALONE"
    value: 15246
  }
  networkName: "eb2139cf-2f93-40e0-8f6b-119ef4e9cafb"
  networkLocation: "/rack1"
  persistedOpStateExpiry: 0
  uuid128 {
    mostSigBits: -1503857238545841952
    leastSigBits: -8112370929366349061
  }
}
dataNodeLayoutVersion {
  metadataLayoutVersion: 7
  softwareLayoutVersion: 7
}
commandQueueReport {
  command: createPipelineCommand
  command: deleteBlocksCommand
  command: closeContainerCommand
  command: replicateContainerCommand
  command: deleteContainerCommand
  command: closePipelineCommand
  command: setNodeOperationalStateCommand
  command: finalizeNewLayoutVersionCommand
  command: reconstructECContainersCommand
  command: refreshVolumeUsageInfo
  count: 0
  count: 0
  count: 0
  count: 0
  count: 0
  count: 0
  count: 0
  count: 0
  count: 0
  count: 0
}

2023-10-17 18:45:55,981 [Time-limited test] INFO  ozone.MiniOzoneClusterImpl (MiniOzoneClusterImpl.java:lambda$waitForClusterToBeReady$0(229)) - Nodes are ready. Got 3 of 3 DN Heartbeats.
2023-10-17 18:45:55,981 [Time-limited test] INFO  ozone.MiniOzoneClusterImpl (MiniOzoneClusterImpl.java:lambda$waitForClusterToBeReady$0(232)) - Waiting for cluster to exit safe mode
2023-10-17 18:45:55,981 [Time-limited test] INFO  ozone.MiniOzoneClusterImpl (MiniOzoneClusterImpl.java:lambda$waitForClusterToBeReady$0(234)) - SCM became leader
2023-10-17 18:45:55,986 [EndpointStateMachine task thread for /0.0.0.0:15228 - 0 ] DEBUG endpoint.HeartbeatEndpointTask (HeartbeatEndpointTask.java:call(182)) - Sending heartbeat message :: datanodeDetails {
  uuid: "7abc303f-f695-4fbc-aa63-fcdea332bcbc"
  ipAddress: "10.1.0.25"
  hostName: "fv-az189-115"
  ports {
    name: "HTTP"
    value: 15253
  }
  ports {
    name: "CLIENT_RPC"
    value: 15254
  }
  ports {
    name: "REPLICATION"
    value: 15260
  }
  ports {
    name: "RATIS"
    value: 15256
  }
  ports {
    name: "RATIS_ADMIN"
    value: 15257
  }
  ports {
    name: "RATIS_SERVER"
    value: 15258
  }
  ports {
    name: "RATIS_DATASTREAM"
    value: 15259
  }
  ports {
    name: "STANDALONE"
    value: 15255
  }
  networkName: "7abc303f-f695-4fbc-aa63-fcdea332bcbc"
  networkLocation: "/rack1"
  persistedOpStateExpiry: 0
  uuid128 {
    mostSigBits: 8843996819526864828
    leastSigBits: -6168809031416496964
  }
}
dataNodeLayoutVersion {
  metadataLayoutVersion: 7
  softwareLayoutVersion: 7
}
commandQueueReport {
  command: createPipelineCommand
  command: deleteBlocksCommand
  command: closeContainerCommand
  command: replicateContainerCommand
  command: deleteContainerCommand
  command: closePipelineCommand
  command: setNodeOperationalStateCommand
  command: finalizeNewLayoutVersionCommand
  command: reconstructECContainersCommand
  command: refreshVolumeUsageInfo
  count: 0
  count: 0
  count: 0
  count: 0
  count: 0
  count: 0
  count: 0
  count: 0
  count: 0
  count: 0
}

2023-10-17 18:45:56,776 [EndpointStateMachine task thread for /0.0.0.0:15228 - 0 ] DEBUG endpoint.HeartbeatEndpointTask (HeartbeatEndpointTask.java:call(182)) - Sending heartbeat message :: datanodeDetails {
  uuid: "6484543a-767b-4be3-933a-0df7ebf5f58a"
  ipAddress: "10.1.0.25"
  hostName: "fv-az189-115"
  ports {
    name: "HTTP"
    value: 15235
  }
  ports {
    name: "CLIENT_RPC"
    value: 15236
  }
  ports {
    name: "REPLICATION"
    value: 15242
  }
  ports {
    name: "RATIS"
    value: 15238
  }
  ports {
    name: "RATIS_ADMIN"
    value: 15239
  }
  ports {
    name: "RATIS_SERVER"
    value: 15240
  }
  ports {
    name: "RATIS_DATASTREAM"
    value: 15241
  }
  ports {
    name: "STANDALONE"
    value: 15237
  }
  networkName: "6484543a-767b-4be3-933a-0df7ebf5f58a"
  networkLocation: "/rack1"
  persistedOpStateExpiry: 0
  uuid128 {
    mostSigBits: 7243006710791228387
    leastSigBits: -7837936843018078838
  }
}
dataNodeLayoutVersion {
  metadataLayoutVersion: 7
  softwareLayoutVersion: 7
}
commandQueueReport {
  command: createPipelineCommand
  command: deleteBlocksCommand
  command: closeContainerCommand
  command: replicateContainerCommand
  command: deleteContainerCommand
  command: closePipelineCommand
  command: setNodeOperationalStateCommand
  command: finalizeNewLayoutVersionCommand
  command: reconstructECContainersCommand
  command: refreshVolumeUsageInfo
  count: 0
  count: 0
  count: 0
  count: 0
  count: 0
  count: 0
  count: 0
  count: 0
  count: 0
  count: 0
}

2023-10-17 18:45:56,803 [EndpointStateMachine task thread for /0.0.0.0:15228 - 0 ] DEBUG endpoint.HeartbeatEndpointTask (HeartbeatEndpointTask.java:call(182)) - Sending heartbeat message :: datanodeDetails {
  uuid: "eb2139cf-2f93-40e0-8f6b-119ef4e9cafb"
  ipAddress: "10.1.0.25"
  hostName: "fv-az189-115"
  ports {
    name: "HTTP"
    value: 15244
  }
  ports {
    name: "CLIENT_RPC"
    value: 15245
  }
  ports {
    name: "REPLICATION"
    value: 15251
  }
  ports {
    name: "RATIS"
    value: 15247
  }
  ports {
    name: "RATIS_ADMIN"
    value: 15248
  }
  ports {
    name: "RATIS_SERVER"
    value: 15249
  }
  ports {
    name: "RATIS_DATASTREAM"
    value: 15250
  }
  ports {
    name: "STANDALONE"
    value: 15246
  }
  networkName: "eb2139cf-2f93-40e0-8f6b-119ef4e9cafb"
  networkLocation: "/rack1"
  persistedOpStateExpiry: 0
  uuid128 {
    mostSigBits: -1503857238545841952
    leastSigBits: -8112370929366349061
  }
}
dataNodeLayoutVersion {
  metadataLayoutVersion: 7
  softwareLayoutVersion: 7
}
commandQueueReport {
  command: createPipelineCommand
  command: deleteBlocksCommand
  command: closeContainerCommand
  command: replicateContainerCommand
  command: deleteContainerCommand
  command: closePipelineCommand
  command: setNodeOperationalStateCommand
  command: finalizeNewLayoutVersionCommand
  command: reconstructECContainersCommand
  command: refreshVolumeUsageInfo
  count: 0
  count: 0
  count: 0
  count: 0
  count: 0
  count: 0
  count: 0
  count: 0
  count: 0
  count: 0
}

2023-10-17 18:45:56,982 [Time-limited test] INFO  ozone.MiniOzoneClusterImpl (MiniOzoneClusterImpl.java:lambda$waitForClusterToBeReady$0(229)) - Nodes are ready. Got 3 of 3 DN Heartbeats.
2023-10-17 18:45:56,982 [Time-limited test] INFO  ozone.MiniOzoneClusterImpl (MiniOzoneClusterImpl.java:lambda$waitForClusterToBeReady$0(232)) - Waiting for cluster to exit safe mode
2023-10-17 18:45:56,982 [Time-limited test] INFO  ozone.MiniOzoneClusterImpl (MiniOzoneClusterImpl.java:lambda$waitForClusterToBeReady$0(234)) - SCM became leader
2023-10-17 18:45:56,987 [EndpointStateMachine task thread for /0.0.0.0:15228 - 0 ] DEBUG endpoint.HeartbeatEndpointTask (HeartbeatEndpointTask.java:call(182)) - Sending heartbeat message :: datanodeDetails {
  uuid: "7abc303f-f695-4fbc-aa63-fcdea332bcbc"
  ipAddress: "10.1.0.25"
  hostName: "fv-az189-115"
  ports {
    name: "HTTP"
    value: 15253
  }
  ports {
    name: "CLIENT_RPC"
    value: 15254
  }
  ports {
    name: "REPLICATION"
    value: 15260
  }
  ports {
    name: "RATIS"
    value: 15256
  }
  ports {
    name: "RATIS_ADMIN"
    value: 15257
  }
  ports {
    name: "RATIS_SERVER"
    value: 15258
  }
  ports {
    name: "RATIS_DATASTREAM"
    value: 15259
  }
  ports {
    name: "STANDALONE"
    value: 15255
  }
  networkName: "7abc303f-f695-4fbc-aa63-fcdea332bcbc"
  networkLocation: "/rack1"
  persistedOpStateExpiry: 0
  uuid128 {
    mostSigBits: 8843996819526864828
    leastSigBits: -6168809031416496964
  }
}
dataNodeLayoutVersion {
  metadataLayoutVersion: 7
  softwareLayoutVersion: 7
}
commandQueueReport {
  command: createPipelineCommand
  command: deleteBlocksCommand
  command: closeContainerCommand
  command: replicateContainerCommand
  command: deleteContainerCommand
  command: closePipelineCommand
  command: setNodeOperationalStateCommand
  command: finalizeNewLayoutVersionCommand
  command: reconstructECContainersCommand
  command: refreshVolumeUsageInfo
  count: 0
  count: 0
  count: 0
  count: 0
  count: 0
  count: 0
  count: 0
  count: 0
  count: 0
  count: 0
}

2023-10-17 18:45:57,590 [6484543a-767b-4be3-933a-0df7ebf5f58a@group-D90DC10088D6-FollowerState] INFO  impl.FollowerState (FollowerState.java:run(143)) - 6484543a-767b-4be3-933a-0df7ebf5f58a@group-D90DC10088D6-FollowerState: change to CANDIDATE, lastRpcElapsedTime:5087994111ns, electionTimeout:5079ms
2023-10-17 18:45:57,590 [6484543a-767b-4be3-933a-0df7ebf5f58a@group-D90DC10088D6-FollowerState] INFO  impl.RoleInfo (RoleInfo.java:shutdownFollowerState(110)) - 6484543a-767b-4be3-933a-0df7ebf5f58a: shutdown 6484543a-767b-4be3-933a-0df7ebf5f58a@group-D90DC10088D6-FollowerState
2023-10-17 18:45:57,590 [6484543a-767b-4be3-933a-0df7ebf5f58a@group-D90DC10088D6-FollowerState] INFO  server.RaftServer$Division (RaftServerImpl.java:setRole(329)) - 6484543a-767b-4be3-933a-0df7ebf5f58a@group-D90DC10088D6: changes role from  FOLLOWER to CANDIDATE at term 0 for changeToCandidate
2023-10-17 18:45:57,591 [6484543a-767b-4be3-933a-0df7ebf5f58a@group-D90DC10088D6-FollowerState] INFO  server.RaftServerConfigKeys (ConfUtils.java:logGet(46)) - raft.server.leaderelection.pre-vote = true (default)
2023-10-17 18:45:57,591 [6484543a-767b-4be3-933a-0df7ebf5f58a@group-D90DC10088D6-FollowerState] INFO  impl.RoleInfo (RoleInfo.java:updateAndGet(139)) - 6484543a-767b-4be3-933a-0df7ebf5f58a: start 6484543a-767b-4be3-933a-0df7ebf5f58a@group-D90DC10088D6-LeaderElection47
2023-10-17 18:45:57,592 [6484543a-767b-4be3-933a-0df7ebf5f58a@group-D90DC10088D6-LeaderElection47] INFO  impl.LeaderElection (LeaderElection.java:askForVotes(321)) - 6484543a-767b-4be3-933a-0df7ebf5f58a@group-D90DC10088D6-LeaderElection47 PRE_VOTE round 0: submit vote requests at term 0 for -1: peers:[6484543a-767b-4be3-933a-0df7ebf5f58a|rpc:10.1.0.25:15240|admin:10.1.0.25:15239|client:10.1.0.25:15238|dataStream:10.1.0.25:15241|priority:1|startupRole:FOLLOWER]|listeners:[], old=null
2023-10-17 18:45:57,592 [6484543a-767b-4be3-933a-0df7ebf5f58a@group-D90DC10088D6-LeaderElection47] INFO  impl.LeaderElection (LeaderElection.java:askForVotes(323)) - 6484543a-767b-4be3-933a-0df7ebf5f58a@group-D90DC10088D6-LeaderElection47 PRE_VOTE round 0: result PASSED (term=0)
2023-10-17 18:45:57,593 [6484543a-767b-4be3-933a-0df7ebf5f58a@group-D90DC10088D6-LeaderElection47] INFO  impl.LeaderElection (LeaderElection.java:askForVotes(321)) - 6484543a-767b-4be3-933a-0df7ebf5f58a@group-D90DC10088D6-LeaderElection47 ELECTION round 0: submit vote requests at term 1 for -1: peers:[6484543a-767b-4be3-933a-0df7ebf5f58a|rpc:10.1.0.25:15240|admin:10.1.0.25:15239|client:10.1.0.25:15238|dataStream:10.1.0.25:15241|priority:1|startupRole:FOLLOWER]|listeners:[], old=null
2023-10-17 18:45:57,594 [6484543a-767b-4be3-933a-0df7ebf5f58a@group-D90DC10088D6-LeaderElection47] INFO  impl.LeaderElection (LeaderElection.java:askForVotes(323)) - 6484543a-767b-4be3-933a-0df7ebf5f58a@group-D90DC10088D6-LeaderElection47 ELECTION round 0: result PASSED (term=1)
2023-10-17 18:45:57,594 [6484543a-767b-4be3-933a-0df7ebf5f58a@group-D90DC10088D6-LeaderElection47] INFO  impl.RoleInfo (RoleInfo.java:shutdownLeaderElection(130)) - 6484543a-767b-4be3-933a-0df7ebf5f58a: shutdown 6484543a-767b-4be3-933a-0df7ebf5f58a@group-D90DC10088D6-LeaderElection47
2023-10-17 18:45:57,594 [6484543a-767b-4be3-933a-0df7ebf5f58a@group-D90DC10088D6-LeaderElection47] INFO  server.RaftServer$Division (RaftServerImpl.java:setRole(329)) - 6484543a-767b-4be3-933a-0df7ebf5f58a@group-D90DC10088D6: changes role from CANDIDATE to LEADER at term 1 for changeToLeader
2023-10-17 18:45:57,594 [6484543a-767b-4be3-933a-0df7ebf5f58a@group-D90DC10088D6-LeaderElection47] INFO  ratis.XceiverServerRatis (XceiverServerRatis.java:handleLeaderChangedNotification(902)) - Leader change notification received for group: group-D90DC10088D6 with new leaderId: 6484543a-767b-4be3-933a-0df7ebf5f58a
2023-10-17 18:45:57,594 [6484543a-767b-4be3-933a-0df7ebf5f58a@group-D90DC10088D6-LeaderElection47] INFO  server.RaftServer$Division (ServerState.java:setLeader(317)) - 6484543a-767b-4be3-933a-0df7ebf5f58a@group-D90DC10088D6: change Leader from null to 6484543a-767b-4be3-933a-0df7ebf5f58a at term 1 for becomeLeader, leader elected after 5129ms
2023-10-17 18:45:57,594 [6484543a-767b-4be3-933a-0df7ebf5f58a@group-D90DC10088D6-LeaderElection47] INFO  server.RaftServerConfigKeys (ConfUtils.java:logGet(46)) - raft.server.staging.catchup.gap = 1000 (default)
2023-10-17 18:45:57,594 [6484543a-767b-4be3-933a-0df7ebf5f58a@group-D90DC10088D6-LeaderElection47] INFO  server.RaftServerConfigKeys (ConfUtils.java:logGet(46)) - raft.server.write.element-limit = 1024 (custom)
2023-10-17 18:45:57,594 [6484543a-767b-4be3-933a-0df7ebf5f58a@group-D90DC10088D6-LeaderElection47] INFO  server.RaftServerConfigKeys (ConfUtils.java:logGet(46)) - raft.server.write.byte-limit = 1024 M (=1073741824) (custom)
2023-10-17 18:45:57,595 [6484543a-767b-4be3-933a-0df7ebf5f58a@group-D90DC10088D6-LeaderElection47] INFO  server.RaftServerConfigKeys (HeartbeatEndpointTask.java:call(182)) - Sending heartbeat message :: datanodeDetails {
  uuid: "6484543a-767b-4be3-933a-0df7ebf5f58a"
  ipAddress: "10.1.0.25"
  hostName: "fv-az189-115"
  ports {
    name: "HTTP"
    value: 15235
  }
  ports {
    name: "CLIENT_RPC"
    value: 15236
  }
  ports {
    name: "REPLICATION"
    value: 15242
  }
  ports {
    name: "RATIS"
    value: 15238
  }
  ports {
    name: "RATIS_ADMIN"
    value: 15239
  }
  ports {
    name: "RATIS_SERVER"
    value: 15240
  }
  ports {
    name: "RATIS_DATASTREAM"
    value: 15241
  }
  ports {
    name: "STANDALONE"
    value: 15237
  }
  networkName: "6484543a-767b-4be3-933a-0df7ebf5f58a"
  networkLocation: "/rack1"
  persistedOpStateExpiry: 0
  uuid128 {
    mostSigBits: 7243006710791228387
    leastSigBits: -7837936843018078838
  }
}
pipelineReports {
  pipelineReport {
    pipelineID {
      id: "f5eb600c-7ac4-4c4b-8b4e-67dd6ffdd51e"
      uuid128 {
        mostSigBits: -726381308174644149
        leastSigBits: -8408669253489797858
      }
    }
    isLeader: false
    bytesWritten: 0
  }
  pipelineReport {
    pipelineID {
      id: "f96e4181-aff9-4e8f-9558-d969b0d801aa"
      uuid128 {
        mostSigBits: -473368885568385393
        leastSigBits: -7685153716146011734
      }
    }
    isLeader: false
    bytesWritten: 0
  }
  pipelineReport {
    pipelineID {
      id: "470f416f-e437-4778-a579-d90dc10088d6"
      uuid128 {
        mostSigBits: 5120383250169546616
        leastSigBits: -6522943932173612842
      }
    }
    isLeader: true
    bytesWritten: 0
  }
}
dataNodeLayoutVersion {
  metadataLayoutVersion: 7
  softwareLayoutVersion: 7
}
commandQueueReport {
  command: createPipelineCommand
  command: deleteBlocksCommand
  command: closeContainerCommand
  command: replicateContainerCommand
  command: deleteContainerCommand
  command: closePipelineCommand
  command: setNodeOperationalStateCommand
  command: finalizeNewLayoutVersionCommand
  command: reconstructECContainersCommand
  command: refreshVolumeUsageInfo
  count: 0
  count: 0
  count: 0
  count: 0
  count: 0
  count: 0
  count: 0
  count: 0
  count: 0
  count: 0
}

ConfUtils.java:logGet(46)) - raft.server.watch.timeout = 180s (custom)
2023-10-17 18:45:57,595 [6484543a-767b-4be3-933a-0df7ebf5f58a@group-D90DC10088D6-LeaderElection47] INFO  server.RaftServerConfigKeys (ConfUtils.java:logGet(46)) - raft.server.watch.timeout.denomination = 1s (default)
2023-10-17 18:45:57,595 [6484543a-767b-4be3-933a-0df7ebf5f58a@group-D90DC10088D6-LeaderElection47] INFO  server.RaftServerConfigKeys (ConfUtils.java:logGet(46)) - raft.server.watch.element-limit = 65536 (default)
2023-10-17 18:45:57,595 [6484543a-767b-4be3-933a-0df7ebf5f58a@group-D90DC10088D6-LeaderElection47] INFO  server.RaftServerConfigKeys (ConfUtils.java:logGet(46)) - raft.server.write.element-limit = 1024 (custom)
2023-10-17 18:45:57,595 [6484543a-767b-4be3-933a-0df7ebf5f58a@group-D90DC10088D6-LeaderElection47] INFO  server.RaftServerConfigKeys (ConfUtils.java:logGet(46)) - raft.server.write.follower.gap.ratio.max = -1.0 (default)
2023-10-17 18:45:57,595 [EndpointStateMachine task thread for /0.0.0.0:15228 - 0 ] DEBUG endpoint.HeartbeatEndpointTask (HeartbeatEndpointTask.java:call(182)) - Sending heartbeat message :: datanodeDetails {
  uuid: "6484543a-767b-4be3-933a-0df7ebf5f58a"
  ipAddress: "10.1.0.25"
  hostName: "fv-az189-115"
  ports {
    name: "HTTP"
    value: 15235
  }
  ports {
    name: "CLIENT_RPC"
    value: 15236
  }
  ports {
    name: "REPLICATION"
    value: 15242
  }
  ports {
    name: "RATIS"
    value: 15238
  }
  ports {
    name: "RATIS_ADMIN"
    value: 15239
  }
  ports {
    name: "RATIS_SERVER"
    value: 15240
  }
  ports {
    name: "RATIS_DATASTREAM"
    value: 15241
  }
  ports {
    name: "STANDALONE"
    value: 15237
  }
  networkName: "6484543a-767b-4be3-933a-0df7ebf5f58a"
  networkLocation: "/rack1"
  persistedOpStateExpiry: 0
  uuid128 {
    mostSigBits: 7243006710791228387
    leastSigBits: -7837936843018078838
  }
}
pipelineReports {
  pipelineReport {
    pipelineID {
      id: "f5eb600c-7ac4-4c4b-8b4e-67dd6ffdd51e"
      uuid128 {
        mostSigBits: -726381308174644149
        leastSigBits: -8408669253489797858
      }
    }
    isLeader: false
    bytesWritten: 0
  }
  pipelineReport {
    pipelineID {
      id: "f96e4181-aff9-4e8f-9558-d969b0d801aa"
      uuid128 {
        mostSigBits: -473368885568385393
        leastSigBits: -7685153716146011734
      }
    }
    isLeader: false
    bytesWritten: 0
  }
  pipelineReport {
    pipelineID {
      id: "470f416f-e437-4778-a579-d90dc10088d6"
      uuid128 {
        mostSigBits: 5120383250169546616
        leastSigBits: -6522943932173612842
      }
    }
    isLeader: true
    bytesWritten: 0
  }
}
dataNodeLayoutVersion {
  metadataLayoutVersion: 7
  softwareLayoutVersion: 7
}
commandQueueReport {
  command: createPipelineCommand
  command: deleteBlocksCommand
  command: closeContainerCommand
  command: replicateContainerCommand
  command: deleteContainerCommand
  command: closePipelineCommand
  command: setNodeOperationalStateCommand
  command: finalizeNewLayoutVersionCommand
  command: reconstructECContainersCommand
  command: refreshVolumeUsageInfo
  count: 0
  count: 0
  count: 0
  count: 0
  count: 0
  count: 0
  count: 0
  count: 0
  count: 0
  count: 0
}

2023-10-17 18:45:57,597 [6484543a-767b-4be3-933a-0df7ebf5f58a@group-D90DC10088D6-LeaderElection47] INFO  impl.RoleInfo (RoleInfo.java:updateAndGet(139)) - 6484543a-767b-4be3-933a-0df7ebf5f58a: start 6484543a-767b-4be3-933a-0df7ebf5f58a@group-D90DC10088D6-LeaderStateImpl
2023-10-17 18:45:57,597 [6484543a-767b-4be3-933a-0df7ebf5f58a@group-D90DC10088D6-LeaderElection47] INFO  segmented.SegmentedRaftLogWorker (SegmentedRaftLogWorker.java:startLogSegment(447)) - 6484543a-767b-4be3-933a-0df7ebf5f58a@group-D90DC10088D6-SegmentedRaftLogWorker: Starting segment from index:0
2023-10-17 18:45:57,598 [EventQueue-OpenPipelineForHealthyPipelineSafeModeRule] INFO  safemode.SCMSafeModeManager (HealthyPipelineSafeModeRule.java:process(137)) - SCM in safe mode. Healthy pipelines reported count is 0, required healthy pipeline reported count is 1
2023-10-17 18:45:57,598 [6484543a-767b-4be3-933a-0df7ebf5f58a@group-D90DC10088D6-SegmentedRaftLogWorker] INFO  segmented.SegmentedRaftLogWorker (SegmentedRaftLogWorker.java:execute(651)) - 6484543a-767b-4be3-933a-0df7ebf5f58a@group-D90DC10088D6-SegmentedRaftLogWorker: created new log segment /home/runner/work/ozone/ozone/hadoop-ozone/integration-test/target/test-dir/MiniOzoneClusterImpl-1ddacd7d-4aab-443e-9cce-7616e57ab4b1/datanode-0/data/ratis/470f416f-e437-4778-a579-d90dc10088d6/current/log_inprogress_0
2023-10-17 18:45:57,603 [6484543a-767b-4be3-933a-0df7ebf5f58a@group-D90DC10088D6-LeaderElection47] INFO  server.RaftServer$Division (ServerState.java:setRaftConf(434)) - 6484543a-767b-4be3-933a-0df7ebf5f58a@group-D90DC10088D6: set configuration 0: peers:[6484543a-767b-4be3-933a-0df7ebf5f58a|rpc:10.1.0.25:15240|admin:10.1.0.25:15239|client:10.1.0.25:15238|dataStream:10.1.0.25:15241|priority:1|startupRole:FOLLOWER]|listeners:[], old=null
2023-10-17 18:45:57,714 [6484543a-767b-4be3-933a-0df7ebf5f58a@group-D969B0D801AA-FollowerState] INFO  impl.FollowerState (FollowerState.java:run(143)) - 6484543a-767b-4be3-933a-0df7ebf5f58a@group-D969B0D801AA-FollowerState: change to CANDIDATE, lastRpcElapsedTime:5079558977ns, electionTimeout:5078ms
2023-10-17 18:45:57,714 [6484543a-767b-4be3-933a-0df7ebf5f58a@group-D969B0D801AA-FollowerState] INFO  impl.RoleInfo (RoleInfo.java:shutdownFollowerState(110)) - 6484543a-767b-4be3-933a-0df7ebf5f58a: shutdown 6484543a-767b-4be3-933a-0df7ebf5f58a@group-D969B0D801AA-FollowerState
2023-10-17 18:45:57,714 [6484543a-767b-4be3-933a-0df7ebf5f58a@group-D969B0D801AA-FollowerState] INFO  server.RaftServer$Division (RaftServerImpl.java:setRole(329)) - 6484543a-767b-4be3-933a-0df7ebf5f58a@group-D969B0D801AA: changes role from  FOLLOWER to CANDIDATE at term 0 for changeToCandidate
2023-10-17 18:45:57,714 [6484543a-767b-4be3-933a-0df7ebf5f58a@group-D969B0D801AA-FollowerState] INFO  server.RaftServerConfigKeys (ConfUtils.java:logGet(46)) - raft.server.leaderelection.pre-vote = true (default)
2023-10-17 18:45:57,714 [6484543a-767b-4be3-933a-0df7ebf5f58a@group-D969B0D801AA-FollowerState] INFO  impl.RoleInfo (RoleInfo.java:updateAndGet(139)) - 6484543a-767b-4be3-933a-0df7ebf5f58a: start 6484543a-767b-4be3-933a-0df7ebf5f58a@group-D969B0D801AA-LeaderElection48
2023-10-17 18:45:57,716 [6484543a-767b-4be3-933a-0df7ebf5f58a@group-D969B0D801AA-LeaderElection48] INFO  impl.LeaderElection (LeaderElection.java:askForVotes(321)) - 6484543a-767b-4be3-933a-0df7ebf5f58a@group-D969B0D801AA-LeaderElection48 PRE_VOTE round 0: submit vote requests at term 0 for -1: peers:[eb2139cf-2f93-40e0-8f6b-119ef4e9cafb|rpc:10.1.0.25:15249|admin:10.1.0.25:15248|client:10.1.0.25:15247|dataStream:10.1.0.25:15250|priority:0|startupRole:FOLLOWER, 7abc303f-f695-4fbc-aa63-fcdea332bcbc|rpc:10.1.0.25:15258|admin:10.1.0.25:15257|client:10.1.0.25:15256|dataStream:10.1.0.25:15259|priority:0|startupRole:FOLLOWER, 6484543a-767b-4be3-933a-0df7ebf5f58a|rpc:10.1.0.25:15240|admin:10.1.0.25:15239|client:10.1.0.25:15238|dataStream:10.1.0.25:15241|priority:1|startupRole:FOLLOWER]|listeners:[], old=null
2023-10-17 18:45:57,716 [6484543a-767b-4be3-933a-0df7ebf5f58a@group-D969B0D801AA-LeaderElection48] INFO  server.RaftServerConfigKeys (ConfUtils.java:logFallback(53)) - raft.server.rpc.first-election.timeout.min = 5s (fallback to raft.server.rpc.timeout.min)
2023-10-17 18:45:57,716 [6484543a-767b-4be3-933a-0df7ebf5f58a@group-D969B0D801AA-LeaderElection48-1] INFO  server.GrpcServerProtocolClient (GrpcServerProtocolClient.java:<init>(65)) - Build channel for eb2139cf-2f93-40e0-8f6b-119ef4e9cafb
2023-10-17 18:45:57,716 [6484543a-767b-4be3-933a-0df7ebf5f58a@group-D969B0D801AA-LeaderElection48] INFO  server.RaftServerConfigKeys (ConfUtils.java:logFallback(53)) - raft.server.rpc.first-election.timeout.max = 5200ms (fallback to raft.server.rpc.timeout.max)
2023-10-17 18:45:57,717 [6484543a-767b-4be3-933a-0df7ebf5f58a@group-D969B0D801AA-LeaderElection48-2] INFO  server.GrpcServerProtocolClient (GrpcServerProtocolClient.java:<init>(65)) - Build channel for 7abc303f-f695-4fbc-aa63-fcdea332bcbc
2023-10-17 18:45:57,731 [grpc-default-executor-0] INFO  server.RaftServer$Division (RaftServerImpl.java:requestVote(1302)) - 7abc303f-f695-4fbc-aa63-fcdea332bcbc@group-D969B0D801AA: receive requestVote(PRE_VOTE, 6484543a-767b-4be3-933a-0df7ebf5f58a, group-D969B0D801AA, 0, (t:0, i:0))
2023-10-17 18:45:57,732 [grpc-default-executor-0] INFO  impl.VoteContext (VoteContext.java:log(49)) - 7abc303f-f695-4fbc-aa63-fcdea332bcbc@group-D969B0D801AA-FOLLOWER: accept PRE_VOTE from 6484543a-767b-4be3-933a-0df7ebf5f58a: our priority 0 <= candidate's priority 1
2023-10-17 18:45:57,732 [grpc-default-executor-0] INFO  server.RaftServer$Division (RaftServerImpl.java:requestVote(1335)) - 7abc303f-f695-4fbc-aa63-fcdea332bcbc@group-D969B0D801AA replies to PRE_VOTE vote request: 6484543a-767b-4be3-933a-0df7ebf5f58a<-7abc303f-f695-4fbc-aa63-fcdea332bcbc#0:OK-t0. Peer's state: 7abc303f-f695-4fbc-aa63-fcdea332bcbc@group-D969B0D801AA:t0, leader=null, voted=, raftlog=Memoized:7abc303f-f695-4fbc-aa63-fcdea332bcbc@group-D969B0D801AA-SegmentedRaftLog:OPENED:c-1, conf=-1: peers:[eb2139cf-2f93-40e0-8f6b-119ef4e9cafb|rpc:10.1.0.25:15249|admin:10.1.0.25:15248|client:10.1.0.25:15247|dataStream:10.1.0.25:15250|priority:0|startupRole:FOLLOWER, 7abc303f-f695-4fbc-aa63-fcdea332bcbc|rpc:10.1.0.25:15258|admin:10.1.0.25:15257|client:10.1.0.25:15256|dataStream:10.1.0.25:15259|priority:0|startupRole:FOLLOWER, 6484543a-767b-4be3-933a-0df7ebf5f58a|rpc:10.1.0.25:15240|admin:10.1.0.25:15239|client:10.1.0.25:15238|dataStream:10.1.0.25:15241|priority:1|startupRole:FOLLOWER]|listeners:[], old=null
2023-10-17 18:45:57,735 [grpc-default-executor-0] INFO  server.RaftServer$Division (RaftServerImpl.java:requestVote(1302)) - eb2139cf-2f93-40e0-8f6b-119ef4e9cafb@group-D969B0D801AA: receive requestVote(PRE_VOTE, 6484543a-767b-4be3-933a-0df7ebf5f58a, group-D969B0D801AA, 0, (t:0, i:0))
2023-10-17 18:45:57,736 [grpc-default-executor-0] INFO  impl.VoteContext (VoteContext.java:log(49)) - eb2139cf-2f93-40e0-8f6b-119ef4e9cafb@group-D969B0D801AA-FOLLOWER: accept PRE_VOTE from 6484543a-767b-4be3-933a-0df7ebf5f58a: our priority 0 <= candidate's priority 1
2023-10-17 18:45:57,736 [grpc-default-executor-0] INFO  server.RaftServer$Division (RaftServerImpl.java:requestVote(1335)) - eb2139cf-2f93-40e0-8f6b-119ef4e9cafb@group-D969B0D801AA replies to PRE_VOTE vote request: 6484543a-767b-4be3-933a-0df7ebf5f58a<-eb2139cf-2f93-40e0-8f6b-119ef4e9cafb#0:OK-t0. Peer's state: eb2139cf-2f93-40e0-8f6b-119ef4e9cafb@group-D969B0D801AA:t0, leader=null, voted=, raftlog=Memoized:eb2139cf-2f93-40e0-8f6b-119ef4e9cafb@group-D969B0D801AA-SegmentedRaftLog:OPENED:c-1, conf=-1: peers:[eb2139cf-2f93-40e0-8f6b-119ef4e9cafb|rpc:10.1.0.25:15249|admin:10.1.0.25:15248|client:10.1.0.25:15247|dataStream:10.1.0.25:15250|priority:0|startupRole:FOLLOWER, 7abc303f-f695-4fbc-aa63-fcdea332bcbc|rpc:10.1.0.25:15258|admin:10.1.0.25:15257|client:10.1.0.25:15256|dataStream:10.1.0.25:15259|priority:0|startupRole:FOLLOWER, 6484543a-767b-4be3-933a-0df7ebf5f58a|rpc:10.1.0.25:15240|admin:10.1.0.25:15239|client:10.1.0.25:15238|dataStream:10.1.0.25:15241|priority:1|startupRole:FOLLOWER]|listeners:[], old=null
2023-10-17 18:45:57,737 [6484543a-767b-4be3-933a-0df7ebf5f58a@group-D969B0D801AA-LeaderElection48] INFO  impl.LeaderElection (LeaderElection.java:logAndReturn(90)) - 6484543a-767b-4be3-933a-0df7ebf5f58a@group-D969B0D801AA-LeaderElection48: PRE_VOTE PASSED received 1 response(s) and 0 exception(s):
2023-10-17 18:45:57,737 [6484543a-767b-4be3-933a-0df7ebf5f58a@group-D969B0D801AA-LeaderElection48] INFO  impl.LeaderElection (LeaderElection.java:logAndReturn(94)) -   Response 0: 6484543a-767b-4be3-933a-0df7ebf5f58a<-7abc303f-f695-4fbc-aa63-fcdea332bcbc#0:OK-t0
2023-10-17 18:45:57,737 [6484543a-767b-4be3-933a-0df7ebf5f58a@group-D969B0D801AA-LeaderElection48] INFO  impl.LeaderElection (LeaderElection.java:askForVotes(323)) - 6484543a-767b-4be3-933a-0df7ebf5f58a@group-D969B0D801AA-LeaderElection48 PRE_VOTE round 0: result PASSED
2023-10-17 18:45:57,738 [6484543a-767b-4be3-933a-0df7ebf5f58a@group-D969B0D801AA-LeaderElection48] INFO  impl.LeaderElection (LeaderElection.java:askForVotes(321)) - 6484543a-767b-4be3-933a-0df7ebf5f58a@group-D969B0D801AA-LeaderElection48 ELECTION round 0: submit vote requests at term 1 for -1: peers:[eb2139cf-2f93-40e0-8f6b-119ef4e9cafb|rpc:10.1.0.25:15249|admin:10.1.0.25:15248|client:10.1.0.25:15247|dataStream:10.1.0.25:15250|priority:0|startupRole:FOLLOWER, 7abc303f-f695-4fbc-aa63-fcdea332bcbc|rpc:10.1.0.25:15258|admin:10.1.0.25:15257|client:10.1.0.25:15256|dataStream:10.1.0.25:15259|priority:0|startupRole:FOLLOWER, 6484543a-767b-4be3-933a-0df7ebf5f58a|rpc:10.1.0.25:15240|admin:10.1.0.25:15239|client:10.1.0.25:15238|dataStream:10.1.0.25:15241|priority:1|startupRole:FOLLOWER]|listeners:[], old=null
2023-10-17 18:45:57,743 [grpc-default-executor-0] INFO  server.RaftServer$Division (RaftServerImpl.java:requestVote(1302)) - eb2139cf-2f93-40e0-8f6b-119ef4e9cafb@group-D969B0D801AA: receive requestVote(ELECTION, 6484543a-767b-4be3-933a-0df7ebf5f58a, group-D969B0D801AA, 1, (t:0, i:0))
2023-10-17 18:45:57,743 [grpc-default-executor-0] INFO  impl.VoteContext (VoteContext.java:log(49)) - eb2139cf-2f93-40e0-8f6b-119ef4e9cafb@group-D969B0D801AA-FOLLOWER: accept ELECTION from 6484543a-767b-4be3-933a-0df7ebf5f58a: our priority 0 <= candidate's priority 1
2023-10-17 18:45:57,743 [grpc-default-executor-0] INFO  server.RaftServer$Division (RaftServerImpl.java:setRole(329)) - eb2139cf-2f93-40e0-8f6b-119ef4e9cafb@group-D969B0D801AA: changes role from  FOLLOWER to FOLLOWER at term 1 for candidate:6484543a-767b-4be3-933a-0df7ebf5f58a
2023-10-17 18:45:57,744 [grpc-default-executor-0] INFO  impl.RoleInfo (RoleInfo.java:shutdownFollowerState(110)) - eb2139cf-2f93-40e0-8f6b-119ef4e9cafb: shutdown eb2139cf-2f93-40e0-8f6b-119ef4e9cafb@group-D969B0D801AA-FollowerState
2023-10-17 18:45:57,747 [6484543a-767b-4be3-933a-0df7ebf5f58a@group-D969B0D801AA-LeaderElection48] INFO  server.RaftServerConfigKeys (ConfUtils.java:logFallback(53)) - raft.server.rpc.first-election.timeout.min = 5s (fallback to raft.server.rpc.timeout.min)
2023-10-17 18:45:57,747 [6484543a-767b-4be3-933a-0df7ebf5f58a@group-D969B0D801AA-LeaderElection48] INFO  server.RaftServerConfigKeys (ConfUtils.java:logFallback(53)) - raft.server.rpc.first-election.timeout.max = 5200ms (fallback to raft.server.rpc.timeout.max)
2023-10-17 18:45:57,747 [grpc-default-executor-0] INFO  impl.RoleInfo (RoleInfo.java:updateAndGet(139)) - eb2139cf-2f93-40e0-8f6b-119ef4e9cafb: start eb2139cf-2f93-40e0-8f6b-119ef4e9cafb@group-D969B0D801AA-FollowerState
2023-10-17 18:45:57,747 [eb2139cf-2f93-40e0-8f6b-119ef4e9cafb@group-D969B0D801AA-FollowerState] INFO  impl.FollowerState (FollowerState.java:run(152)) - eb2139cf-2f93-40e0-8f6b-119ef4e9cafb@group-D969B0D801AA-FollowerState was interrupted
2023-10-17 18:45:57,749 [grpc-default-executor-1] INFO  server.RaftServer$Division (RaftServerImpl.java:requestVote(1302)) - 7abc303f-f695-4fbc-aa63-fcdea332bcbc@group-D969B0D801AA: receive requestVote(ELECTION, 6484543a-767b-4be3-933a-0df7ebf5f58a, group-D969B0D801AA, 1, (t:0, i:0))
2023-10-17 18:45:57,751 [grpc-default-executor-1] INFO  impl.VoteContext (VoteContext.java:log(49)) - 7abc303f-f695-4fbc-aa63-fcdea332bcbc@group-D969B0D801AA-FOLLOWER: accept ELECTION from 6484543a-767b-4be3-933a-0df7ebf5f58a: our priority 0 <= candidate's priority 1
2023-10-17 18:45:57,751 [grpc-default-executor-0] INFO  server.RaftServer$Division (RaftServerImpl.java:requestVote(1335)) - eb2139cf-2f93-40e0-8f6b-119ef4e9cafb@group-D969B0D801AA replies to ELECTION vote request: 6484543a-767b-4be3-933a-0df7ebf5f58a<-eb2139cf-2f93-40e0-8f6b-119ef4e9cafb#0:OK-t1. Peer's state: eb2139cf-2f93-40e0-8f6b-119ef4e9cafb@group-D969B0D801AA:t1, leader=null, voted=6484543a-767b-4be3-933a-0df7ebf5f58a, raftlog=Memoized:eb2139cf-2f93-40e0-8f6b-119ef4e9cafb@group-D969B0D801AA-SegmentedRaftLog:OPENED:c-1, conf=-1: peers:[eb2139cf-2f93-40e0-8f6b-119ef4e9cafb|rpc:10.1.0.25:15249|admin:10.1.0.25:15248|client:10.1.0.25:15247|dataStream:10.1.0.25:15250|priority:0|startupRole:FOLLOWER, 7abc303f-f695-4fbc-aa63-fcdea332bcbc|rpc:10.1.0.25:15258|admin:10.1.0.25:15257|client:10.1.0.25:15256|dataStream:10.1.0.25:15259|priority:0|startupRole:FOLLOWER, 6484543a-767b-4be3-933a-0df7ebf5f58a|rpc:10.1.0.25:15240|admin:10.1.0.25:15239|client:10.1.0.25:15238|dataStream:10.1.0.25:15241|priority:1|startupRole:FOLLOWER]|listeners:[], old=null
2023-10-17 18:45:57,751 [grpc-default-executor-1] INFO  server.RaftServer$Division (RaftServerImpl.java:setRole(329)) - 7abc303f-f695-4fbc-aa63-fcdea332bcbc@group-D969B0D801AA: changes role from  FOLLOWER to FOLLOWER at term 1 for candidate:6484543a-767b-4be3-933a-0df7ebf5f58a
2023-10-17 18:45:57,751 [grpc-default-executor-1] INFO  impl.RoleInfo (RoleInfo.java:shutdownFollowerState(110)) - 7abc303f-f695-4fbc-aa63-fcdea332bcbc: shutdown 7abc303f-f695-4fbc-aa63-fcdea332bcbc@group-D969B0D801AA-FollowerState
2023-10-17 18:45:57,751 [grpc-default-executor-1] INFO  impl.RoleInfo (RoleInfo.java:updateAndGet(139)) - 7abc303f-f695-4fbc-aa63-fcdea332bcbc: start 7abc303f-f695-4fbc-aa63-fcdea332bcbc@group-D969B0D801AA-FollowerState
2023-10-17 18:45:57,751 [7abc303f-f695-4fbc-aa63-fcdea332bcbc@group-D969B0D801AA-FollowerState] INFO  impl.FollowerState (FollowerState.java:run(152)) - 7abc303f-f695-4fbc-aa63-fcdea332bcbc@group-D969B0D801AA-FollowerState was interrupted
2023-10-17 18:45:57,753 [6484543a-767b-4be3-933a-0df7ebf5f58a@group-D969B0D801AA-LeaderElection48] INFO  impl.LeaderElection (LeaderElection.java:logAndReturn(90)) - 6484543a-767b-4be3-933a-0df7ebf5f58a@group-D969B0D801AA-LeaderElection48: ELECTION PASSED received 1 response(s) and 0 exception(s):
2023-10-17 18:45:57,753 [6484543a-767b-4be3-933a-0df7ebf5f58a@group-D969B0D801AA-LeaderElection48] INFO  impl.LeaderElection (LeaderElection.java:logAndReturn(94)) -   Response 0: 6484543a-767b-4be3-933a-0df7ebf5f58a<-eb2139cf-2f93-40e0-8f6b-119ef4e9cafb#0:OK-t1
2023-10-17 18:45:57,753 [6484543a-767b-4be3-933a-0df7ebf5f58a@group-D969B0D801AA-LeaderElection48] INFO  impl.LeaderElection (LeaderElection.java:askForVotes(323)) - 6484543a-767b-4be3-933a-0df7ebf5f58a@group-D969B0D801AA-LeaderElection48 ELECTION round 0: result PASSED
2023-10-17 18:45:57,753 [6484543a-767b-4be3-933a-0df7ebf5f58a@group-D969B0D801AA-LeaderElection48] INFO  impl.RoleInfo (RoleInfo.java:shutdownLeaderElection(130)) - 6484543a-767b-4be3-933a-0df7ebf5f58a: shutdown 6484543a-767b-4be3-933a-0df7ebf5f58a@group-D969B0D801AA-LeaderElection48
2023-10-17 18:45:57,753 [6484543a-767b-4be3-933a-0df7ebf5f58a@group-D969B0D801AA-LeaderElection48] INFO  server.RaftServer$Division (RaftServerImpl.java:setRole(329)) - 6484543a-767b-4be3-933a-0df7ebf5f58a@group-D969B0D801AA: changes role from CANDIDATE to LEADER at term 1 for changeToLeader
2023-10-17 18:45:57,753 [6484543a-767b-4be3-933a-0df7ebf5f58a@group-D969B0D801AA-LeaderElection48] INFO  ratis.XceiverServerRatis (XceiverServerRatis.java:handleLeaderChangedNotification(902)) - Leader change notification received for group: group-D969B0D801AA with new leaderId: 6484543a-767b-4be3-933a-0df7ebf5f58a
2023-10-17 18:45:57,754 [6484543a-767b-4be3-933a-0df7ebf5f58a@group-D969B0D801AA-LeaderElection48] INFO  server.RaftServer$Division (ServerState.java:setLeader(317)) - 6484543a-767b-4be3-933a-0df7ebf5f58a@group-D969B0D801AA: change Leader from null to 6484543a-767b-4be3-933a-0df7ebf5f58a at term 1 for becomeLeader, leader elected after 5239ms
2023-10-17 18:45:57,754 [6484543a-767b-4be3-933a-0df7ebf5f58a@group-D969B0D801AA-LeaderElection48] INFO  server.RaftServerConfigKeys (ConfUtils.java:logGet(46)) - raft.server.staging.catchup.gap = 1000 (default)
2023-10-17 18:45:57,754 [6484543a-767b-4be3-933a-0df7ebf5f58a@group-D969B0D801AA-LeaderElection48] INFO  server.RaftServerConfigKeys (ConfUtils.java:logGet(46)) - raft.server.write.element-limit = 1024 (custom)
2023-10-17 18:45:57,754 [6484543a-767b-4be3-933a-0df7ebf5f58a@group-D969B0D801AA-LeaderElection48] INFO  server.RaftServerConfigKeys (ConfUtils.java:logGet(46)) - raft.server.write.byte-limit = 1024 M (=1073741824) (custom)
2023-10-17 18:45:57,755 [6484543a-767b-4be3-933a-0df7ebf5f58a@group-D969B0D801AA-LeaderElection48] INFO  server.RaftServerConfigKeys (ConfUtils.java:logGet(46)) - raft.server.watch.timeout = 180s (custom)
2023-10-17 18:45:57,755 [6484543a-767b-4be3-933a-0df7ebf5f58a@group-D969B0D801AA-LeaderElection48] INFO  server.RaftServerConfigKeys (ConfUtils.java:logGet(46)) - raft.server.watch.timeout.denomination = 1s (default)
2023-10-17 18:45:57,755 [6484543a-767b-4be3-933a-0df7ebf5f58a@group-D969B0D801AA-LeaderElection48] INFO  server.RaftServerConfigKeys (ConfUtils.java:logGet(46)) - raft.server.watch.element-limit = 65536 (default)
2023-10-17 18:45:57,755 [6484543a-767b-4be3-933a-0df7ebf5f58a@group-D969B0D801AA-LeaderElection48] INFO  server.RaftServerConfigKeys (ConfUtils.java:logGet(46)) - raft.server.write.element-limit = 1024 (custom)
2023-10-17 18:45:57,755 [6484543a-767b-4be3-933a-0df7ebf5f58a@group-D969B0D801AA-LeaderElection48] INFO  server.RaftServerConfigKeys (ConfUtils.java:logGet(46)) - raft.server.write.follower.gap.ratio.max = -1.0 (default)
2023-10-17 18:45:57,755 [6484543a-767b-4be3-933a-0df7ebf5f58a@group-D969B0D801AA-LeaderElection48] INFO  server.RaftServerConfigKeys (ConfUtils.java:logGet(46)) - raft.server.log.appender.snapshot.chunk.size.max = 16MB (=16777216) (default)
2023-10-17 18:45:57,755 [6484543a-767b-4be3-933a-0df7ebf5f58a@group-D969B0D801AA-LeaderElection48] INFO  server.RaftServerConfigKeys (ConfUtils.java:logGet(46)) - raft.server.log.appender.buffer.byte-limit = 33554432 (custom)
2023-10-17 18:45:57,755 [6484543a-767b-4be3-933a-0df7ebf5f58a@group-D969B0D801AA-LeaderElection48] INFO  server.RaftServerConfigKeys (ConfUtils.java:logGet(46)) - raft.server.log.appender.buffer.element-limit = 1 (custom)
2023-10-17 18:45:57,755 [6484543a-767b-4be3-933a-0df7ebf5f58a@group-D969B0D801AA-LeaderElection48] INFO  server.RaftServerConfigKeys (ConfUtils.java:logGet(46)) - raft.server.log.appender.wait-time.min = 1ms (custom)
2023-10-17 18:45:57,755 [6484543a-767b-4be3-933a-0df7ebf5f58a@group-D969B0D801AA-LeaderElection48] INFO  grpc.GrpcConfigKeys (ConfUtils.java:logGet(46)) - raft.grpc.server.leader.outstanding.appends.max = 128 (default)
2023-10-17 18:45:57,755 [6484543a-767b-4be3-933a-0df7ebf5f58a@group-D969B0D801AA-LeaderElection48] INFO  server.RaftServerConfigKeys (ConfUtils.java:logGet(46)) - raft.server.rpc.request.timeout = 60s (custom)
2023-10-17 18:45:57,755 [6484543a-767b-4be3-933a-0df7ebf5f58a@group-D969B0D801AA-LeaderElection48] INFO  grpc.GrpcConfigKeys (ConfUtils.java:logGet(46)) - raft.grpc.server.install_snapshot.request.element-limit = 8 (default)
2023-10-17 18:45:57,755 [6484543a-767b-4be3-933a-0df7ebf5f58a@group-D969B0D801AA-LeaderElection48] INFO  grpc.GrpcConfigKeys (ConfUtils.java:logGet(46)) - raft.grpc.server.install_snapshot.request.timeout = 3000ms (default)
2023-10-17 18:45:57,756 [6484543a-767b-4be3-933a-0df7ebf5f58a@group-D969B0D801AA-LeaderElection48] INFO  server.RaftServerConfigKeys (ConfUtils.java:logGet(46)) - raft.server.log.appender.install.snapshot.enabled = false (custom)
2023-10-17 18:45:57,756 [6484543a-767b-4be3-933a-0df7ebf5f58a@group-D969B0D801AA-LeaderElection48] INFO  grpc.GrpcConfigKeys (ConfUtils.java:logGet(46)) - raft.grpc.server.heartbeat.channel = true (default)
2023-10-17 18:45:57,756 [6484543a-767b-4be3-933a-0df7ebf5f58a@group-D969B0D801AA-LeaderElection48] INFO  server.RaftServerConfigKeys (ConfUtils.java:logGet(46)) - raft.server.log.appender.snapshot.chunk.size.max = 16MB (=16777216) (default)
2023-10-17 18:45:57,756 [6484543a-767b-4be3-933a-0df7ebf5f58a@group-D969B0D801AA-LeaderElection48] INFO  server.RaftServerConfigKeys (ConfUtils.java:logGet(46)) - raft.server.log.appender.buffer.byte-limit = 33554432 (custom)
2023-10-17 18:45:57,756 [6484543a-767b-4be3-933a-0df7ebf5f58a@group-D969B0D801AA-LeaderElection48] INFO  server.RaftServerConfigKeys (ConfUtils.java:logGet(46)) - raft.server.log.appender.buffer.element-limit = 1 (custom)
2023-10-17 18:45:57,756 [6484543a-767b-4be3-933a-0df7ebf5f58a@group-D969B0D801AA-LeaderElection48] INFO  server.RaftServerConfigKeys (ConfUtils.java:logGet(46)) - raft.server.log.appender.wait-time.min = 1ms (custom)
2023-10-17 18:45:57,756 [6484543a-767b-4be3-933a-0df7ebf5f58a@group-D969B0D801AA-LeaderElection48] INFO  grpc.GrpcConfigKeys (ConfUtils.java:logGet(46)) - raft.grpc.server.leader.outstanding.appends.max = 128 (default)
2023-10-17 18:45:57,756 [6484543a-767b-4be3-933a-0df7ebf5f58a@group-D969B0D801AA-LeaderElection48] INFO  server.RaftServerConfigKeys (ConfUtils.java:logGet(46)) - raft.server.rpc.request.timeout = 60s (custom)
2023-10-17 18:45:57,756 [6484543a-767b-4be3-933a-0df7ebf5f58a@group-D969B0D801AA-LeaderElection48] INFO  grpc.GrpcConfigKeys (ConfUtils.java:logGet(46)) - raft.grpc.server.install_snapshot.request.element-limit = 8 (default)
2023-10-17 18:45:57,756 [6484543a-767b-4be3-933a-0df7ebf5f58a@group-D969B0D801AA-LeaderElection48] INFO  grpc.GrpcConfigKeys (ConfUtils.java:logGet(46)) - raft.grpc.server.install_snapshot.request.timeout = 3000ms (default)
2023-10-17 18:45:57,756 [6484543a-767b-4be3-933a-0df7ebf5f58a@group-D969B0D801AA-LeaderElection48] INFO  server.RaftServerConfigKeys (ConfUtils.java:logGet(46)) - raft.server.log.appender.install.snapshot.enabled = false (custom)
2023-10-17 18:45:57,756 [6484543a-767b-4be3-933a-0df7ebf5f58a@group-D969B0D801AA-LeaderElection48] INFO  grpc.GrpcConfigKeys (ConfUtils.java:logGet(46)) - raft.grpc.server.heartbeat.channel = true (default)
2023-10-17 18:45:57,756 [6484543a-767b-4be3-933a-0df7ebf5f58a@group-D969B0D801AA-LeaderElection48] INFO  impl.RoleInfo (RoleInfo.java:updateAndGet(139)) - 6484543a-767b-4be3-933a-0df7ebf5f58a: start 6484543a-767b-4be3-933a-0df7ebf5f58a@group-D969B0D801AA-LeaderStateImpl
2023-10-17 18:45:57,757 [6484543a-767b-4be3-933a-0df7ebf5f58a@group-D969B0D801AA-LeaderElection48] INFO  segmented.SegmentedRaftLogWorker (SegmentedRaftLogWorker.java:startLogSegment(447)) - 6484543a-767b-4be3-933a-0df7ebf5f58a@group-D969B0D801AA-SegmentedRaftLogWorker: Starting segment from index:0
2023-10-17 18:45:57,753 [grpc-default-executor-1] INFO  server.RaftServer$Division (RaftServerImpl.java:requestVote(1335)) - 7abc303f-f695-4fbc-aa63-fcdea332bcbc@group-D969B0D801AA replies to ELECTION vote request: 6484543a-767b-4be3-933a-0df7ebf5f58a<-7abc303f-f695-4fbc-aa63-fcdea332bcbc#0:OK-t1. Peer's state: 7abc303f-f695-4fbc-aa63-fcdea332bcbc@group-D969B0D801AA:t1, leader=null, voted=6484543a-767b-4be3-933a-0df7ebf5f58a, raftlog=Memoized:7abc303f-f695-4fbc-aa63-fcdea332bcbc@group-D969B0D801AA-SegmentedRaftLog:OPENED:c-1, conf=-1: peers:[eb2139cf-2f93-40e0-8f6b-119ef4e9cafb|rpc:10.1.0.25:15249|admin:10.1.0.25:15248|client:10.1.0.25:15247|dataStream:10.1.0.25:15250|priority:0|startupRole:FOLLOWER, 7abc303f-f695-4fbc-aa63-fcdea332bcbc|rpc:10.1.0.25:15258|admin:10.1.0.25:15257|client:10.1.0.25:15256|dataStream:10.1.0.25:15259|priority:0|startupRole:FOLLOWER, 6484543a-767b-4be3-933a-0df7ebf5f58a|rpc:10.1.0.25:15240|admin:10.1.0.25:15239|client:10.1.0.25:15238|dataStream:10.1.0.25:15241|priority:1|startupRole:FOLLOWER]|listeners:[], old=null
2023-10-17 18:45:57,757 [EndpointStateMachine task thread for /0.0.0.0:15228 - 0 ] DEBUG endpoint.HeartbeatEndpointTask (HeartbeatEndpointTask.java:call(182)) - Sending heartbeat message :: datanodeDetails {
  uuid: "6484543a-767b-4be3-933a-0df7ebf5f58a"
  ipAddress: "10.1.0.25"
  hostName: "fv-az189-115"
  ports {
    name: "HTTP"
    value: 15235
  }
  ports {
    name: "CLIENT_RPC"
    value: 15236
  }
  ports {
    name: "REPLICATION"
    value: 15242
  }
  ports {
    name: "RATIS"
    value: 15238
  }
  ports {
    name: "RATIS_ADMIN"
    value: 15239
  }
  ports {
    name: "RATIS_SERVER"
    value: 15240
  }
  ports {
    name: "RATIS_DATASTREAM"
    value: 15241
  }
  ports {
    name: "STANDALONE"
    value: 15237
  }
  networkName: "6484543a-767b-4be3-933a-0df7ebf5f58a"
  networkLocation: "/rack1"
  persistedOpStateExpiry: 0
  uuid128 {
    mostSigBits: 7243006710791228387
    leastSigBits: -7837936843018078838
  }
}
pipelineReports {
  pipelineReport {
    pipelineID {
      id: "f5eb600c-7ac4-4c4b-8b4e-67dd6ffdd51e"
      uuid128 {
        mostSigBits: -726381308174644149
        leastSigBits: -8408669253489797858
      }
    }
    isLeader: false
    bytesWritten: 0
  }
  pipelineReport {
    pipelineID {
      id: "f96e4181-aff9-4e8f-9558-d969b0d801aa"
      uuid128 {
        mostSigBits: -473368885568385393
        leastSigBits: -7685153716146011734
      }
    }
    isLeader: true
    bytesWritten: 0
  }
  pipelineReport {
    pipelineID {
      id: "470f416f-e437-4778-a579-d90dc10088d6"
      uuid128 {
        mostSigBits: 5120383250169546616
        leastSigBits: -6522943932173612842
      }
    }
    isLeader: true
    bytesWritten: 0
  }
}
dataNodeLayoutVersion {
  metadataLayoutVersion: 7
  softwareLayoutVersion: 7
}
commandQueueReport {
  command: createPipelineCommand
  command: deleteBlocksCommand
  command: closeContainerCommand
  command: replicateContainerCommand
  command: deleteContainerCommand
  command: closePipelineCommand
  command: setNodeOperationalStateCommand
  command: finalizeNewLayoutVersionCommand
  command: reconstructECContainersCommand
  command: refreshVolumeUsageInfo
  count: 0
  count: 0
  count: 0
  count: 0
  count: 0
  count: 0
  count: 0
  count: 0
  count: 0
  count: 0
}

2023-10-17 18:45:57,759 [EventQueue-PipelineReportForPipelineReportHandler] INFO  pipeline.PipelineReportHandler (PipelineReportHandler.java:processPipelineReport(136)) - Opened pipeline PipelineID=f96e4181-aff9-4e8f-9558-d969b0d801aa
2023-10-17 18:45:57,759 [EventQueue-OpenPipelineForHealthyPipelineSafeModeRule] INFO  safemode.SCMSafeModeManager (HealthyPipelineSafeModeRule.java:process(137)) - SCM in safe mode. Healthy pipelines reported count is 1, required healthy pipeline reported count is 1
2023-10-17 18:45:57,759 [EventQueue-OpenPipelineForHealthyPipelineSafeModeRule] INFO  safemode.SCMSafeModeManager (SCMSafeModeManager.java:validateSafeModeExitRules(200)) - HealthyPipelineSafeModeRule rule is successfully validated
2023-10-17 18:45:57,759 [EventQueue-OpenPipelineForHealthyPipelineSafeModeRule] INFO  safemode.SCMSafeModeManager (SCMSafeModeManager.java:validateSafeModeExitRules(215)) - ScmSafeModeManager, all rules are successfully validated
2023-10-17 18:45:57,759 [EventQueue-OpenPipelineForHealthyPipelineSafeModeRule] INFO  safemode.SCMSafeModeManager (SCMSafeModeManager.java:exitSafeMode(244)) - SCM exiting safe mode.
2023-10-17 18:45:57,759 [EventQueue-OpenPipelineForHealthyPipelineSafeModeRule] INFO  ha.SCMContext (SCMContext.java:updateSafeModeStatus(230)) - Update SafeModeStatus from SafeModeStatus{safeModeStatus=true, preCheckPassed=true} to SafeModeStatus{safeModeStatus=false, preCheckPassed=true}.
2023-10-17 18:45:57,759 [EventQueue-OpenPipelineForHealthyPipelineSafeModeRule] INFO  pipeline.BackgroundPipelineCreator (BackgroundPipelineCreator.java:notifyStatusChanged(255)) - Service BackgroundPipelineCreator transitions to RUNNING.
2023-10-17 18:45:57,759 [EventQueue-OpenPipelineForHealthyPipelineSafeModeRule] INFO  BackgroundPipelineScrubber (BackgroundSCMService.java:notifyStatusChanged(82)) - Service BackgroundPipelineScrubber transitions to RUNNING.
2023-10-17 18:45:57,759 [EventQueue-OpenPipelineForHealthyPipelineSafeModeRule] INFO  ExpiredContainerReplicaOpScrubber (BackgroundSCMService.java:notifyStatusChanged(82)) - Service ExpiredContainerReplicaOpScrubber transitions to RUNNING.
2023-10-17 18:45:57,759 [EventQueue-OpenPipelineForHealthyPipelineSafeModeRule] INFO  replication.ReplicationManager (ReplicationManager.java:notifyStatusChanged(1370)) - Service ReplicationManager transitions to RUNNING.
2023-10-17 18:45:57,760 [EventQueue-OpenPipelineForHealthyPipelineSafeModeRule] WARN  balancer.ContainerBalancer (ContainerBalancer.java:shouldRun(134)) - Could not find persisted configuration for ContainerBalancer when checking if ContainerBalancer should run. ContainerBalancer should not run now.
2023-10-17 18:45:57,760 [6484543a-767b-4be3-933a-0df7ebf5f58a@group-D969B0D801AA-SegmentedRaftLogWorker] INFO  segmented.SegmentedRaftLogWorker (SegmentedRaftLogWorker.java:execute(651)) - 6484543a-767b-4be3-933a-0df7ebf5f58a@group-D969B0D801AA-SegmentedRaftLogWorker: created new log segment /home/runner/work/ozone/ozone/hadoop-ozone/integration-test/target/test-dir/MiniOzoneClusterImpl-1ddacd7d-4aab-443e-9cce-7616e57ab4b1/datanode-0/data/ratis/f96e4181-aff9-4e8f-9558-d969b0d801aa/current/log_inprogress_0
2023-10-17 18:45:57,771 [6484543a-767b-4be3-933a-0df7ebf5f58a@group-D969B0D801AA-LeaderElection48] INFO  server.RaftServer$Division (ServerState.java:setRaftConf(434)) - 6484543a-767b-4be3-933a-0df7ebf5f58a@group-D969B0D801AA: set configuration 0: peers:[eb2139cf-2f93-40e0-8f6b-119ef4e9cafb|rpc:10.1.0.25:15249|admin:10.1.0.25:15248|client:10.1.0.25:15247|dataStream:10.1.0.25:15250|priority:0|startupRole:FOLLOWER, 7abc303f-f695-4fbc-aa63-fcdea332bcbc|rpc:10.1.0.25:15258|admin:10.1.0.25:15257|client:10.1.0.25:15256|dataStream:10.1.0.25:15259|priority:0|startupRole:FOLLOWER, 6484543a-767b-4be3-933a-0df7ebf5f58a|rpc:10.1.0.25:15240|admin:10.1.0.25:15239|client:10.1.0.25:15238|dataStream:10.1.0.25:15241|priority:1|startupRole:FOLLOWER]|listeners:[], old=null
2023-10-17 18:45:57,784 [eb2139cf-2f93-40e0-8f6b-119ef4e9cafb-server-thread1] INFO  ratis.XceiverServerRatis (XceiverServerRatis.java:handleLeaderChangedNotification(902)) - Leader change notification received for group: group-D969B0D801AA with new leaderId: 6484543a-767b-4be3-933a-0df7ebf5f58a
2023-10-17 18:45:57,785 [eb2139cf-2f93-40e0-8f6b-119ef4e9cafb-server-thread1] INFO  server.RaftServer$Division (ServerState.java:setLeader(317)) - eb2139cf-2f93-40e0-8f6b-119ef4e9cafb@group-D969B0D801AA: change Leader from null to 6484543a-767b-4be3-933a-0df7ebf5f58a at term 1 for appendEntries, leader elected after 5073ms
2023-10-17 18:45:57,791 [7abc303f-f695-4fbc-aa63-fcdea332bcbc-server-thread1] INFO  ratis.XceiverServerRatis (XceiverServerRatis.java:handleLeaderChangedNotification(902)) - Leader change notification received for group: group-D969B0D801AA with new leaderId: 6484543a-767b-4be3-933a-0df7ebf5f58a
2023-10-17 18:45:57,791 [7abc303f-f695-4fbc-aa63-fcdea332bcbc-server-thread1] INFO  server.RaftServer$Division (ServerState.java:setLeader(317)) - 7abc303f-f695-4fbc-aa63-fcdea332bcbc@group-D969B0D801AA: change Leader from null to 6484543a-767b-4be3-933a-0df7ebf5f58a at term 1 for appendEntries, leader elected after 5114ms
2023-10-17 18:45:57,798 [eb2139cf-2f93-40e0-8f6b-119ef4e9cafb-server-thread1] INFO  server.RaftServer$Division (ServerState.java:setRaftConf(434)) - eb2139cf-2f93-40e0-8f6b-119ef4e9cafb@group-D969B0D801AA: set configuration 0: peers:[eb2139cf-2f93-40e0-8f6b-119ef4e9cafb|rpc:10.1.0.25:15249|admin:10.1.0.25:15248|client:10.1.0.25:15247|dataStream:10.1.0.25:15250|priority:0|startupRole:FOLLOWER, 7abc303f-f695-4fbc-aa63-fcdea332bcbc|rpc:10.1.0.25:15258|admin:10.1.0.25:15257|client:10.1.0.25:15256|dataStream:10.1.0.25:15259|priority:0|startupRole:FOLLOWER, 6484543a-767b-4be3-933a-0df7ebf5f58a|rpc:10.1.0.25:15240|admin:10.1.0.25:15239|client:10.1.0.25:15238|dataStream:10.1.0.25:15241|priority:1|startupRole:FOLLOWER]|listeners:[], old=null
2023-10-17 18:45:57,798 [eb2139cf-2f93-40e0-8f6b-119ef4e9cafb-server-thread1] INFO  segmented.SegmentedRaftLogWorker (SegmentedRaftLogWorker.java:startLogSegment(447)) - eb2139cf-2f93-40e0-8f6b-119ef4e9cafb@group-D969B0D801AA-SegmentedRaftLogWorker: Starting segment from index:0
2023-10-17 18:45:57,799 [7abc303f-f695-4fbc-aa63-fcdea332bcbc-server-thread2] INFO  server.RaftServer$Division (ServerState.java:setRaftConf(434)) - 7abc303f-f695-4fbc-aa63-fcdea332bcbc@group-D969B0D801AA: set configuration 0: peers:[eb2139cf-2f93-40e0-8f6b-119ef4e9cafb|rpc:10.1.0.25:15249|admin:10.1.0.25:15248|client:10.1.0.25:15247|dataStream:10.1.0.25:15250|priority:0|startupRole:FOLLOWER, 7abc303f-f695-4fbc-aa63-fcdea332bcbc|rpc:10.1.0.25:15258|admin:10.1.0.25:15257|client:10.1.0.25:15256|dataStream:10.1.0.25:15259|priority:0|startupRole:FOLLOWER, 6484543a-767b-4be3-933a-0df7ebf5f58a|rpc:10.1.0.25:15240|admin:10.1.0.25:15239|client:10.1.0.25:15238|dataStream:10.1.0.25:15241|priority:1|startupRole:FOLLOWER]|listeners:[], old=null
2023-10-17 18:45:57,799 [7abc303f-f695-4fbc-aa63-fcdea332bcbc-server-thread2] INFO  segmented.SegmentedRaftLogWorker (SegmentedRaftLogWorker.java:startLogSegment(447)) - 7abc303f-f695-4fbc-aa63-fcdea332bcbc@group-D969B0D801AA-SegmentedRaftLogWorker: Starting segment from index:0
2023-10-17 18:45:57,800 [eb2139cf-2f93-40e0-8f6b-119ef4e9cafb@group-D969B0D801AA-SegmentedRaftLogWorker] INFO  segmented.SegmentedRaftLogWorker (SegmentedRaftLogWorker.java:execute(651)) - eb2139cf-2f93-40e0-8f6b-119ef4e9cafb@group-D969B0D801AA-SegmentedRaftLogWorker: created new log segment /home/runner/work/ozone/ozone/hadoop-ozone/integration-test/target/test-dir/MiniOzoneClusterImpl-1ddacd7d-4aab-443e-9cce-7616e57ab4b1/datanode-1/data/ratis/f96e4181-aff9-4e8f-9558-d969b0d801aa/current/log_inprogress_0
2023-10-17 18:45:57,801 [7abc303f-f695-4fbc-aa63-fcdea332bcbc@group-D969B0D801AA-SegmentedRaftLogWorker] INFO  segmented.SegmentedRaftLogWorker (SegmentedRaftLogWorker.java:execute(651)) - 7abc303f-f695-4fbc-aa63-fcdea332bcbc@group-D969B0D801AA-SegmentedRaftLogWorker: created new log segment /home/runner/work/ozone/ozone/hadoop-ozone/integration-test/target/test-dir/MiniOzoneClusterImpl-1ddacd7d-4aab-443e-9cce-7616e57ab4b1/datanode-2/data/ratis/f96e4181-aff9-4e8f-9558-d969b0d801aa/current/log_inprogress_0
2023-10-17 18:45:57,803 [EndpointStateMachine task thread for /0.0.0.0:15228 - 0 ] DEBUG endpoint.HeartbeatEndpointTask (HeartbeatEndpointTask.java:call(182)) - Sending heartbeat message :: datanodeDetails {
  uuid: "eb2139cf-2f93-40e0-8f6b-119ef4e9cafb"
  ipAddress: "10.1.0.25"
  hostName: "fv-az189-115"
  ports {
    name: "HTTP"
    value: 15244
  }
  ports {
    name: "CLIENT_RPC"
    value: 15245
  }
  ports {
    name: "REPLICATION"
    value: 15251
  }
  ports {
    name: "RATIS"
    value: 15247
  }
  ports {
    name: "RATIS_ADMIN"
    value: 15248
  }
  ports {
    name: "RATIS_SERVER"
    value: 15249
  }
  ports {
    name: "RATIS_DATASTREAM"
    value: 15250
  }
  ports {
    name: "STANDALONE"
    value: 15246
  }
  networkName: "eb2139cf-2f93-40e0-8f6b-119ef4e9cafb"
  networkLocation: "/rack1"
  persistedOpStateExpiry: 0
  uuid128 {
    mostSigBits: -1503857238545841952
    leastSigBits: -8112370929366349061
  }
}
dataNodeLayoutVersion {
  metadataLayoutVersion: 7
  softwareLayoutVersion: 7
}
commandQueueReport {
  command: createPipelineCommand
  command: deleteBlocksCommand
  command: closeContainerCommand
  command: replicateContainerCommand
  command: deleteContainerCommand
  command: closePipelineCommand
  command: setNodeOperationalStateCommand
  command: finalizeNewLayoutVersionCommand
  command: reconstructECContainersCommand
  command: refreshVolumeUsageInfo
  count: 0
  count: 0
  count: 0
  count: 0
  count: 0
  count: 0
  count: 0
  count: 0
  count: 0
  count: 0
}

2023-10-17 18:45:57,892 [7abc303f-f695-4fbc-aa63-fcdea332bcbc@group-67DD6FFDD51E-FollowerState] INFO  impl.FollowerState (FollowerState.java:run(143)) - 7abc303f-f695-4fbc-aa63-fcdea332bcbc@group-67DD6FFDD51E-FollowerState: change to CANDIDATE, lastRpcElapsedTime:5075149906ns, electionTimeout:5074ms
2023-10-17 18:45:57,893 [7abc303f-f695-4fbc-aa63-fcdea332bcbc@group-67DD6FFDD51E-FollowerState] INFO  impl.RoleInfo (RoleInfo.java:shutdownFollowerState(110)) - 7abc303f-f695-4fbc-aa63-fcdea332bcbc: shutdown 7abc303f-f695-4fbc-aa63-fcdea332bcbc@group-67DD6FFDD51E-FollowerState
2023-10-17 18:45:57,893 [7abc303f-f695-4fbc-aa63-fcdea332bcbc@group-67DD6FFDD51E-FollowerState] INFO  server.RaftServer$Division (RaftServerImpl.java:setRole(329)) - 7abc303f-f695-4fbc-aa63-fcdea332bcbc@group-67DD6FFDD51E: changes role from  FOLLOWER to CANDIDATE at term 0 for changeToCandidate
2023-10-17 18:45:57,893 [7abc303f-f695-4fbc-aa63-fcdea332bcbc@group-67DD6FFDD51E-FollowerState] INFO  server.RaftServerConfigKeys (ConfUtils.java:logGet(46)) - raft.server.leaderelection.pre-vote = true (default)
2023-10-17 18:45:57,893 [7abc303f-f695-4fbc-aa63-fcdea332bcbc@group-67DD6FFDD51E-FollowerState] INFO  impl.RoleInfo (RoleInfo.java:updateAndGet(139)) - 7abc303f-f695-4fbc-aa63-fcdea332bcbc: start 7abc303f-f695-4fbc-aa63-fcdea332bcbc@group-67DD6FFDD51E-LeaderElection49
2023-10-17 18:45:57,895 [7abc303f-f695-4fbc-aa63-fcdea332bcbc@group-67DD6FFDD51E-LeaderElection49] INFO  impl.LeaderElection (LeaderElection.java:askForVotes(321)) - 7abc303f-f695-4fbc-aa63-fcdea332bcbc@group-67DD6FFDD51E-LeaderElection49 PRE_VOTE round 0: submit vote requests at term 0 for -1: peers:[eb2139cf-2f93-40e0-8f6b-119ef4e9cafb|rpc:10.1.0.25:15249|admin:10.1.0.25:15248|client:10.1.0.25:15247|dataStream:10.1.0.25:15250|priority:0|startupRole:FOLLOWER, 7abc303f-f695-4fbc-aa63-fcdea332bcbc|rpc:10.1.0.25:15258|admin:10.1.0.25:15257|client:10.1.0.25:15256|dataStream:10.1.0.25:15259|priority:1|startupRole:FOLLOWER, 6484543a-767b-4be3-933a-0df7ebf5f58a|rpc:10.1.0.25:15240|admin:10.1.0.25:15239|client:10.1.0.25:15238|dataStream:10.1.0.25:15241|priority:0|startupRole:FOLLOWER]|listeners:[], old=null
2023-10-17 18:45:57,895 [7abc303f-f695-4fbc-aa63-fcdea332bcbc@group-67DD6FFDD51E-LeaderElection49] INFO  server.RaftServerConfigKeys (ConfUtils.java:logFallback(53)) - raft.server.rpc.first-election.timeout.min = 5s (fallback to raft.server.rpc.timeout.min)
2023-10-17 18:45:57,895 [7abc303f-f695-4fbc-aa63-fcdea332bcbc@group-67DD6FFDD51E-LeaderElection49-1] INFO  server.GrpcServerProtocolClient (GrpcServerProtocolClient.java:<init>(65)) - Build channel for eb2139cf-2f93-40e0-8f6b-119ef4e9cafb
2023-10-17 18:45:57,895 [7abc303f-f695-4fbc-aa63-fcdea332bcbc@group-67DD6FFDD51E-LeaderElection49] INFO  server.RaftServerConfigKeys (ConfUtils.java:logFallback(53)) - raft.server.rpc.first-election.timeout.max = 5200ms (fallback to raft.server.rpc.timeout.max)
2023-10-17 18:45:57,895 [7abc303f-f695-4fbc-aa63-fcdea332bcbc@group-67DD6FFDD51E-LeaderElection49-2] INFO  server.GrpcServerProtocolClient (GrpcServerProtocolClient.java:<init>(65)) - Build channel for 6484543a-767b-4be3-933a-0df7ebf5f58a
2023-10-17 18:45:57,904 [grpc-default-executor-4] INFO  server.RaftServer$Division (RaftServerImpl.java:requestVote(1302)) - 6484543a-767b-4be3-933a-0df7ebf5f58a@group-67DD6FFDD51E: receive requestVote(PRE_VOTE, 7abc303f-f695-4fbc-aa63-fcdea332bcbc, group-67DD6FFDD51E, 0, (t:0, i:0))
2023-10-17 18:45:57,904 [grpc-default-executor-4] INFO  impl.VoteContext (VoteContext.java:log(49)) - 6484543a-767b-4be3-933a-0df7ebf5f58a@group-67DD6FFDD51E-FOLLOWER: accept PRE_VOTE from 7abc303f-f695-4fbc-aa63-fcdea332bcbc: our priority 0 <= candidate's priority 1
2023-10-17 18:45:57,904 [grpc-default-executor-4] INFO  server.RaftServer$Division (RaftServerImpl.java:requestVote(1335)) - 6484543a-767b-4be3-933a-0df7ebf5f58a@group-67DD6FFDD51E replies to PRE_VOTE vote request: 7abc303f-f695-4fbc-aa63-fcdea332bcbc<-6484543a-767b-4be3-933a-0df7ebf5f58a#0:OK-t0. Peer's state: 6484543a-767b-4be3-933a-0df7ebf5f58a@group-67DD6FFDD51E:t0, leader=null, voted=, raftlog=Memoized:6484543a-767b-4be3-933a-0df7ebf5f58a@group-67DD6FFDD51E-SegmentedRaftLog:OPENED:c-1, conf=-1: peers:[eb2139cf-2f93-40e0-8f6b-119ef4e9cafb|rpc:10.1.0.25:15249|admin:10.1.0.25:15248|client:10.1.0.25:15247|dataStream:10.1.0.25:15250|priority:0|startupRole:FOLLOWER, 7abc303f-f695-4fbc-aa63-fcdea332bcbc|rpc:10.1.0.25:15258|admin:10.1.0.25:15257|client:10.1.0.25:15256|dataStream:10.1.0.25:15259|priority:1|startupRole:FOLLOWER, 6484543a-767b-4be3-933a-0df7ebf5f58a|rpc:10.1.0.25:15240|admin:10.1.0.25:15239|client:10.1.0.25:15238|dataStream:10.1.0.25:15241|priority:0|startupRole:FOLLOWER]|listeners:[], old=null
2023-10-17 18:45:57,906 [7abc303f-f695-4fbc-aa63-fcdea332bcbc@group-67DD6FFDD51E-LeaderElection49] INFO  impl.LeaderElection (LeaderElection.java:logAndReturn(90)) - 7abc303f-f695-4fbc-aa63-fcdea332bcbc@group-67DD6FFDD51E-LeaderElection49: PRE_VOTE PASSED received 1 response(s) and 0 exception(s):
2023-10-17 18:45:57,906 [7abc303f-f695-4fbc-aa63-fcdea332bcbc@group-67DD6FFDD51E-LeaderElection49] INFO  impl.LeaderElection (LeaderElection.java:logAndReturn(94)) -   Response 0: 7abc303f-f695-4fbc-aa63-fcdea332bcbc<-6484543a-767b-4be3-933a-0df7ebf5f58a#0:OK-t0
2023-10-17 18:45:57,906 [7abc303f-f695-4fbc-aa63-fcdea332bcbc@group-67DD6FFDD51E-LeaderElection49] INFO  impl.LeaderElection (LeaderElection.java:askForVotes(323)) - 7abc303f-f695-4fbc-aa63-fcdea332bcbc@group-67DD6FFDD51E-LeaderElection49 PRE_VOTE round 0: result PASSED
2023-10-17 18:45:57,906 [grpc-default-executor-4] INFO  server.RaftServer$Division (RaftServerImpl.java:requestVote(1302)) - eb2139cf-2f93-40e0-8f6b-119ef4e9cafb@group-67DD6FFDD51E: receive requestVote(PRE_VOTE, 7abc303f-f695-4fbc-aa63-fcdea332bcbc, group-67DD6FFDD51E, 0, (t:0, i:0))
2023-10-17 18:45:57,906 [grpc-default-executor-4] INFO  impl.VoteContext (VoteContext.java:log(49)) - eb2139cf-2f93-40e0-8f6b-119ef4e9cafb@group-67DD6FFDD51E-FOLLOWER: accept PRE_VOTE from 7abc303f-f695-4fbc-aa63-fcdea332bcbc: our priority 0 <= candidate's priority 1
2023-10-17 18:45:57,906 [grpc-default-executor-4] INFO  server.RaftServer$Division (RaftServerImpl.java:requestVote(1335)) - eb2139cf-2f93-40e0-8f6b-119ef4e9cafb@group-67DD6FFDD51E replies to PRE_VOTE vote request: 7abc303f-f695-4fbc-aa63-fcdea332bcbc<-eb2139cf-2f93-40e0-8f6b-119ef4e9cafb#0:OK-t0. Peer's state: eb2139cf-2f93-40e0-8f6b-119ef4e9cafb@group-67DD6FFDD51E:t0, leader=null, voted=, raftlog=Memoized:eb2139cf-2f93-40e0-8f6b-119ef4e9cafb@group-67DD6FFDD51E-SegmentedRaftLog:OPENED:c-1, conf=-1: peers:[eb2139cf-2f93-40e0-8f6b-119ef4e9cafb|rpc:10.1.0.25:15249|admin:10.1.0.25:15248|client:10.1.0.25:15247|dataStream:10.1.0.25:15250|priority:0|startupRole:FOLLOWER, 7abc303f-f695-4fbc-aa63-fcdea332bcbc|rpc:10.1.0.25:15258|admin:10.1.0.25:15257|client:10.1.0.25:15256|dataStream:10.1.0.25:15259|priority:1|startupRole:FOLLOWER, 6484543a-767b-4be3-933a-0df7ebf5f58a|rpc:10.1.0.25:15240|admin:10.1.0.25:15239|client:10.1.0.25:15238|dataStream:10.1.0.25:15241|priority:0|startupRole:FOLLOWER]|listeners:[], old=null
2023-10-17 18:45:57,909 [7abc303f-f695-4fbc-aa63-fcdea332bcbc@group-67DD6FFDD51E-LeaderElection49] INFO  impl.LeaderElection (LeaderElection.java:askForVotes(321)) - 7abc303f-f695-4fbc-aa63-fcdea332bcbc@group-67DD6FFDD51E-LeaderElection49 ELECTION round 0: submit vote requests at term 1 for -1: peers:[eb2139cf-2f93-40e0-8f6b-119ef4e9cafb|rpc:10.1.0.25:15249|admin:10.1.0.25:15248|client:10.1.0.25:15247|dataStream:10.1.0.25:15250|priority:0|startupRole:FOLLOWER, 7abc303f-f695-4fbc-aa63-fcdea332bcbc|rpc:10.1.0.25:15258|admin:10.1.0.25:15257|client:10.1.0.25:15256|dataStream:10.1.0.25:15259|priority:1|startupRole:FOLLOWER, 6484543a-767b-4be3-933a-0df7ebf5f58a|rpc:10.1.0.25:15240|admin:10.1.0.25:15239|client:10.1.0.25:15238|dataStream:10.1.0.25:15241|priority:0|startupRole:FOLLOWER]|listeners:[], old=null
2023-10-17 18:45:57,910 [grpc-default-executor-4] INFO  server.RaftServer$Division (RaftServerImpl.java:requestVote(1302)) - eb2139cf-2f93-40e0-8f6b-119ef4e9cafb@group-67DD6FFDD51E: receive requestVote(ELECTION, 7abc303f-f695-4fbc-aa63-fcdea332bcbc, group-67DD6FFDD51E, 1, (t:0, i:0))
2023-10-17 18:45:57,910 [grpc-default-executor-4] INFO  impl.VoteContext (VoteContext.java:log(49)) - eb2139cf-2f93-40e0-8f6b-119ef4e9cafb@group-67DD6FFDD51E-FOLLOWER: accept ELECTION from 7abc303f-f695-4fbc-aa63-fcdea332bcbc: our priority 0 <= candidate's priority 1
2023-10-17 18:45:57,910 [grpc-default-executor-4] INFO  server.RaftServer$Division (RaftServerImpl.java:setRole(329)) - eb2139cf-2f93-40e0-8f6b-119ef4e9cafb@group-67DD6FFDD51E: changes role from  FOLLOWER to FOLLOWER at term 1 for candidate:7abc303f-f695-4fbc-aa63-fcdea332bcbc
2023-10-17 18:45:57,910 [grpc-default-executor-4] INFO  impl.RoleInfo (RoleInfo.java:shutdownFollowerState(110)) - eb2139cf-2f93-40e0-8f6b-119ef4e9cafb: shutdown eb2139cf-2f93-40e0-8f6b-119ef4e9cafb@group-67DD6FFDD51E-FollowerState
2023-10-17 18:45:57,910 [grpc-default-executor-4] INFO  impl.RoleInfo (RoleInfo.java:updateAndGet(139)) - eb2139cf-2f93-40e0-8f6b-119ef4e9cafb: start eb2139cf-2f93-40e0-8f6b-119ef4e9cafb@group-67DD6FFDD51E-FollowerState
2023-10-17 18:45:57,910 [7abc303f-f695-4fbc-aa63-fcdea332bcbc@group-67DD6FFDD51E-LeaderElection49] INFO  server.RaftServerConfigKeys (ConfUtils.java:logFallback(53)) - raft.server.rpc.first-election.timeout.min = 5s (fallback to raft.server.rpc.timeout.min)
2023-10-17 18:45:57,911 [7abc303f-f695-4fbc-aa63-fcdea332bcbc@group-67DD6FFDD51E-LeaderElection49] INFO  server.RaftServerConfigKeys (ConfUtils.java:logFallback(53)) - raft.server.rpc.first-election.timeout.max = 5200ms (fallback to raft.server.rpc.timeout.max)
2023-10-17 18:45:57,911 [eb2139cf-2f93-40e0-8f6b-119ef4e9cafb@group-67DD6FFDD51E-FollowerState] INFO  impl.FollowerState (FollowerState.java:run(152)) - eb2139cf-2f93-40e0-8f6b-119ef4e9cafb@group-67DD6FFDD51E-FollowerState was interrupted
2023-10-17 18:45:57,912 [grpc-default-executor-4] INFO  server.RaftServer$Division (RaftServerImpl.java:requestVote(1335)) - eb2139cf-2f93-40e0-8f6b-119ef4e9cafb@group-67DD6FFDD51E replies to ELECTION vote request: 7abc303f-f695-4fbc-aa63-fcdea332bcbc<-eb2139cf-2f93-40e0-8f6b-119ef4e9cafb#0:OK-t1. Peer's state: eb2139cf-2f93-40e0-8f6b-119ef4e9cafb@group-67DD6FFDD51E:t1, leader=null, voted=7abc303f-f695-4fbc-aa63-fcdea332bcbc, raftlog=Memoized:eb2139cf-2f93-40e0-8f6b-119ef4e9cafb@group-67DD6FFDD51E-SegmentedRaftLog:OPENED:c-1, conf=-1: peers:[eb2139cf-2f93-40e0-8f6b-119ef4e9cafb|rpc:10.1.0.25:15249|admin:10.1.0.25:15248|client:10.1.0.25:15247|dataStream:10.1.0.25:15250|priority:0|startupRole:FOLLOWER, 7abc303f-f695-4fbc-aa63-fcdea332bcbc|rpc:10.1.0.25:15258|admin:10.1.0.25:15257|client:10.1.0.25:15256|dataStream:10.1.0.25:15259|priority:1|startupRole:FOLLOWER, 6484543a-767b-4be3-933a-0df7ebf5f58a|rpc:10.1.0.25:15240|admin:10.1.0.25:15239|client:10.1.0.25:15238|dataStream:10.1.0.25:15241|priority:0|startupRole:FOLLOWER]|listeners:[], old=null
2023-10-17 18:45:57,912 [7abc303f-f695-4fbc-aa63-fcdea332bcbc@group-67DD6FFDD51E-LeaderElection49] INFO  impl.LeaderElection (LeaderElection.java:logAndReturn(90)) - 7abc303f-f695-4fbc-aa63-fcdea332bcbc@group-67DD6FFDD51E-LeaderElection49: ELECTION PASSED received 1 response(s) and 0 exception(s):
2023-10-17 18:45:57,912 [7abc303f-f695-4fbc-aa63-fcdea332bcbc@group-67DD6FFDD51E-LeaderElection49] INFO  impl.LeaderElection (LeaderElection.java:logAndReturn(94)) -   Response 0: 7abc303f-f695-4fbc-aa63-fcdea332bcbc<-eb2139cf-2f93-40e0-8f6b-119ef4e9cafb#0:OK-t1
2023-10-17 18:45:57,912 [7abc303f-f695-4fbc-aa63-fcdea332bcbc@group-67DD6FFDD51E-LeaderElection49] INFO  impl.LeaderElection (LeaderElection.java:askForVotes(323)) - 7abc303f-f695-4fbc-aa63-fcdea332bcbc@group-67DD6FFDD51E-LeaderElection49 ELECTION round 0: result PASSED
2023-10-17 18:45:57,912 [7abc303f-f695-4fbc-aa63-fcdea332bcbc@group-67DD6FFDD51E-LeaderElection49] INFO  impl.RoleInfo (RoleInfo.java:shutdownLeaderElection(130)) - 7abc303f-f695-4fbc-aa63-fcdea332bcbc: shutdown 7abc303f-f695-4fbc-aa63-fcdea332bcbc@group-67DD6FFDD51E-LeaderElection49
2023-10-17 18:45:57,913 [7abc303f-f695-4fbc-aa63-fcdea332bcbc@group-67DD6FFDD51E-LeaderElection49] INFO  server.RaftServer$Division (RaftServerImpl.java:setRole(329)) - 7abc303f-f695-4fbc-aa63-fcdea332bcbc@group-67DD6FFDD51E: changes role from CANDIDATE to LEADER at term 1 for changeToLeader
2023-10-17 18:45:57,913 [7abc303f-f695-4fbc-aa63-fcdea332bcbc@group-67DD6FFDD51E-LeaderElection49] INFO  ratis.XceiverServerRatis (XceiverServerRatis.java:handleLeaderChangedNotification(902)) - Leader change notification received for group: group-67DD6FFDD51E with new leaderId: 7abc303f-f695-4fbc-aa63-fcdea332bcbc
2023-10-17 18:45:57,913 [7abc303f-f695-4fbc-aa63-fcdea332bcbc@group-67DD6FFDD51E-LeaderElection49] INFO  server.RaftServer$Division (ServerState.java:setLeader(317)) - 7abc303f-f695-4fbc-aa63-fcdea332bcbc@group-67DD6FFDD51E: change Leader from null to 7abc303f-f695-4fbc-aa63-fcdea332bcbc at term 1 for becomeLeader, leader elected after 5117ms
2023-10-17 18:45:57,913 [7abc303f-f695-4fbc-aa63-fcdea332bcbc@group-67DD6FFDD51E-LeaderElection49] INFO  server.RaftServerConfigKeys (ConfUtils.java:logGet(46)) - raft.server.staging.catchup.gap = 1000 (default)
2023-10-17 18:45:57,913 [7abc303f-f695-4fbc-aa63-fcdea332bcbc@group-67DD6FFDD51E-LeaderElection49] INFO  server.RaftServerConfigKeys (ConfUtils.java:logGet(46)) - raft.server.write.element-limit = 1024 (custom)
2023-10-17 18:45:57,913 [7abc303f-f695-4fbc-aa63-fcdea332bcbc@group-67DD6FFDD51E-LeaderElection49] INFO  server.RaftServerConfigKeys (ConfUtils.java:logGet(46)) - raft.server.write.byte-limit = 1024 M (=1073741824) (custom)
2023-10-17 18:45:57,913 [7abc303f-f695-4fbc-aa63-fcdea332bcbc@group-67DD6FFDD51E-LeaderElection49] INFO  server.RaftServerConfigKeys (ConfUtils.java:logGet(46)) - raft.server.watch.timeout = 180s (custom)
2023-10-17 18:45:57,913 [7abc303f-f695-4fbc-aa63-fcdea332bcbc@group-67DD6FFDD51E-LeaderElection49] INFO  server.RaftServerConfigKeys (ConfUtils.java:logGet(46)) - raft.server.watch.timeout.denomination = 1s (default)
2023-10-17 18:45:57,913 [7abc303f-f695-4fbc-aa63-fcdea332bcbc@group-67DD6FFDD51E-LeaderElection49] INFO  server.RaftServerConfigKeys (ConfUtils.java:logGet(46)) - raft.server.watch.element-limit = 65536 (default)
2023-10-17 18:45:57,913 [7abc303f-f695-4fbc-aa63-fcdea332bcbc@group-67DD6FFDD51E-LeaderElection49] INFO  server.RaftServerConfigKeys (ConfUtils.java:logGet(46)) - raft.server.write.element-limit = 1024 (custom)
2023-10-17 18:45:57,913 [7abc303f-f695-4fbc-aa63-fcdea332bcbc@group-67DD6FFDD51E-LeaderElection49] INFO  server.RaftServerConfigKeys (ConfUtils.java:logGet(46)) - raft.server.write.follower.gap.ratio.max = -1.0 (default)
2023-10-17 18:45:57,914 [7abc303f-f695-4fbc-aa63-fcdea332bcbc@group-67DD6FFDD51E-LeaderElection49] INFO  server.RaftServerConfigKeys (ConfUtils.java:logGet(46)) - raft.server.log.appender.snapshot.chunk.size.max = 16MB (=16777216) (default)
2023-10-17 18:45:57,914 [EndpointStateMachine task thread for /0.0.0.0:15228 - 0 ] DEBUG endpoint.HeartbeatEndpointTask (ConfUtils.java:logGet(46)) - raft.server.log.appender.buffer.byte-limit = 33554432 (custom)
2023-10-17 18:45:57,914 [7abc303f-f695-4fbc-aa63-fcdea332bcbc@group-67DD6FFDD51E-LeaderElection49] INFO  server.RaftServerConfigKeys (HeartbeatEndpointTask.java:call(182)) - Sending heartbeat message :: datanodeDetails {
  uuid: "7abc303f-f695-4fbc-aa63-fcdea332bcbc"
  ipAddress: "10.1.0.25"
  hostName: "fv-az189-115"
  ports {
    name: "HTTP"
    value: 15253
  }
  ports {
    name: "CLIENT_RPC"
    value: 15254
  }
  ports {
    name: "REPLICATION"
    value: 15260
  }
  ports {
    name: "RATIS"
    value: 15256
  }
  ports {
    name: "RATIS_ADMIN"
    value: 15257
  }
  ports {
    name: "RATIS_SERVER"
    value: 15258
  }
  ports {
    name: "RATIS_DATASTREAM"
    value: 15259
  }
  ports {
    name: "STANDALONE"
    value: 15255
  }
  networkName: "7abc303f-f695-4fbc-aa63-fcdea332bcbc"
  networkLocation: "/rack1"
  persistedOpStateExpiry: 0
  uuid128 {
    mostSigBits: 8843996819526864828
    leastSigBits: -6168809031416496964
  }
}
pipelineReports {
  pipelineReport {
    pipelineID {
      id: "f5eb600c-7ac4-4c4b-8b4e-67dd6ffdd51e"
      uuid128 {
        mostSigBits: -726381308174644149
        leastSigBits: -8408669253489797858
      }
    }
    isLeader: true
    bytesWritten: 0
  }
  pipelineReport {
    pipelineID {
      id: "f96e4181-aff9-4e8f-9558-d969b0d801aa"
      uuid128 {
        mostSigBits: -473368885568385393
        leastSigBits: -7685153716146011734
      }
    }
    isLeader: false
    bytesWritten: 0
  }
  pipelineReport {
    pipelineID {
      id: "570764fe-283e-416f-81d9-a1d9142b5b6e"
      uuid128 {
        mostSigBits: 6271092048896344431
        leastSigBits: -9090056419152274578
      }
    }
    isLeader: false
    bytesWritten: 0
  }
}
dataNodeLayoutVersion {
  metadataLayoutVersion: 7
  softwareLayoutVersion: 7
}
commandQueueReport {
  command: createPipelineCommand
  command: deleteBlocksCommand
  command: closeContainerCommand
  command: replicateContainerCommand
  command: deleteContainerCommand
  command: closePipelineCommand
  command: setNodeOperationalStateCommand
  command: finalizeNewLayoutVersionCommand
  command: reconstructECContainersCommand
  command: refreshVolumeUsageInfo
  count: 0
  count: 0
  count: 0
  count: 0
  count: 0
  count: 0
  count: 0
  count: 0
  count: 0
  count: 0
}

ConfUtils.java:logGet(46)) - raft.server.log.appender.buffer.element-limit = 1 (custom)
2023-10-17 18:45:57,914 [EndpointStateMachine task thread for /0.0.0.0:15228 - 0 ] DEBUG endpoint.HeartbeatEndpointTask (HeartbeatEndpointTask.java:call(182)) - Sending heartbeat message :: datanodeDetails {
  uuid: "7abc303f-f695-4fbc-aa63-fcdea332bcbc"
  ipAddress: "10.1.0.25"
  hostName: "fv-az189-115"
  ports {
    name: "HTTP"
    value: 15253
  }
  ports {
    name: "CLIENT_RPC"
    value: 15254
  }
  ports {
    name: "REPLICATION"
    value: 15260
  }
  ports {
    name: "RATIS"
    value: 15256
  }
  ports {
    name: "RATIS_ADMIN"
    value: 15257
  }
  ports {
    name: "RATIS_SERVER"
    value: 15258
  }
  ports {
    name: "RATIS_DATASTREAM"
    value: 15259
  }
  ports {
    name: "STANDALONE"
    value: 15255
  }
  networkName: "7abc303f-f695-4fbc-aa63-fcdea332bcbc"
  networkLocation: "/rack1"
  persistedOpStateExpiry: 0
  uuid128 {
    mostSigBits: 8843996819526864828
    leastSigBits: -6168809031416496964
  }
}
pipelineReports {
  pipelineReport {
    pipelineID {
      id: "f5eb600c-7ac4-4c4b-8b4e-67dd6ffdd51e"
      uuid128 {
        mostSigBits: -726381308174644149
        leastSigBits: -8408669253489797858
      }
    }
    isLeader: true
    bytesWritten: 0
  }
  pipelineReport {
    pipelineID {
      id: "f96e4181-aff9-4e8f-9558-d969b0d801aa"
      uuid128 {
        mostSigBits: -473368885568385393
        leastSigBits: -7685153716146011734
      }
    }
    isLeader: false
    bytesWritten: 0
  }
  pipelineReport {
    pipelineID {
      id: "570764fe-283e-416f-81d9-a1d9142b5b6e"
      uuid128 {
        mostSigBits: 6271092048896344431
        leastSigBits: -9090056419152274578
      }
    }
    isLeader: false
    bytesWritten: 0
  }
}
dataNodeLayoutVersion {
  metadataLayoutVersion: 7
  softwareLayoutVersion: 7
}
commandQueueReport {
  command: createPipelineCommand
  command: deleteBlocksCommand
  command: closeContainerCommand
  command: replicateContainerCommand
  command: deleteContainerCommand
  command: closePipelineCommand
  command: setNodeOperationalStateCommand
  command: finalizeNewLayoutVersionCommand
  command: reconstructECContainersCommand
  command: refreshVolumeUsageInfo
  count: 0
  count: 0
  count: 0
  count: 0
  count: 0
  count: 0
  count: 0
  count: 0
  count: 0
  count: 0
}

2023-10-17 18:45:57,914 [7abc303f-f695-4fbc-aa63-fcdea332bcbc@group-67DD6FFDD51E-LeaderElection49] INFO  server.RaftServerConfigKeys (ConfUtils.java:logGet(46)) - raft.server.log.appender.wait-time.min = 1ms (custom)
2023-10-17 18:45:57,914 [7abc303f-f695-4fbc-aa63-fcdea332bcbc@group-67DD6FFDD51E-LeaderElection49] INFO  grpc.GrpcConfigKeys (ConfUtils.java:logGet(46)) - raft.grpc.server.leader.outstanding.appends.max = 128 (default)
2023-10-17 18:45:57,914 [7abc303f-f695-4fbc-aa63-fcdea332bcbc@group-67DD6FFDD51E-LeaderElection49] INFO  server.RaftServerConfigKeys (ConfUtils.java:logGet(46)) - raft.server.rpc.request.timeout = 60s (custom)
2023-10-17 18:45:57,914 [7abc303f-f695-4fbc-aa63-fcdea332bcbc@group-67DD6FFDD51E-LeaderElection49] INFO  grpc.GrpcConfigKeys (ConfUtils.java:logGet(46)) - raft.grpc.server.install_snapshot.request.element-limit = 8 (default)
2023-10-17 18:45:57,914 [7abc303f-f695-4fbc-aa63-fcdea332bcbc@group-67DD6FFDD51E-LeaderElection49] INFO  grpc.GrpcConfigKeys (ConfUtils.java:logGet(46)) - raft.grpc.server.install_snapshot.request.timeout = 3000ms (default)
2023-10-17 18:45:57,914 [7abc303f-f695-4fbc-aa63-fcdea332bcbc@group-67DD6FFDD51E-LeaderElection49] INFO  server.RaftServerConfigKeys (ConfUtils.java:logGet(46)) - raft.server.log.appender.install.snapshot.enabled = false (custom)
2023-10-17 18:45:57,914 [7abc303f-f695-4fbc-aa63-fcdea332bcbc@group-67DD6FFDD51E-LeaderElection49] INFO  grpc.GrpcConfigKeys (ConfUtils.java:logGet(46)) - raft.grpc.server.heartbeat.channel = true (default)
2023-10-17 18:45:57,915 [EventQueue-PipelineReportForPipelineReportHandler] INFO  pipeline.PipelineReportHandler (PipelineReportHandler.java:processPipelineReport(136)) - Opened pipeline PipelineID=f5eb600c-7ac4-4c4b-8b4e-67dd6ffdd51e
2023-10-17 18:45:57,915 [7abc303f-f695-4fbc-aa63-fcdea332bcbc@group-67DD6FFDD51E-LeaderElection49] INFO  server.RaftServerConfigKeys (ConfUtils.java:logGet(46)) - raft.server.log.appender.snapshot.chunk.size.max = 16MB (=16777216) (default)
2023-10-17 18:45:57,916 [7abc303f-f695-4fbc-aa63-fcdea332bcbc@group-67DD6FFDD51E-LeaderElection49] INFO  server.RaftServerConfigKeys (ConfUtils.java:logGet(46)) - raft.server.log.appender.buffer.byte-limit = 33554432 (custom)
2023-10-17 18:45:57,916 [7abc303f-f695-4fbc-aa63-fcdea332bcbc@group-67DD6FFDD51E-LeaderElection49] INFO  server.RaftServerConfigKeys (ConfUtils.java:logGet(46)) - raft.server.log.appender.buffer.element-limit = 1 (custom)
2023-10-17 18:45:57,916 [7abc303f-f695-4fbc-aa63-fcdea332bcbc@group-67DD6FFDD51E-LeaderElection49] INFO  server.RaftServerConfigKeys (ConfUtils.java:logGet(46)) - raft.server.log.appender.wait-time.min = 1ms (custom)
2023-10-17 18:45:57,916 [7abc303f-f695-4fbc-aa63-fcdea332bcbc@group-67DD6FFDD51E-LeaderElection49] INFO  grpc.GrpcConfigKeys (ConfUtils.java:logGet(46)) - raft.grpc.server.leader.outstanding.appends.max = 128 (default)
2023-10-17 18:45:57,916 [7abc303f-f695-4fbc-aa63-fcdea332bcbc@group-67DD6FFDD51E-LeaderElection49] INFO  server.RaftServerConfigKeys (ConfUtils.java:logGet(46)) - raft.server.rpc.request.timeout = 60s (custom)
2023-10-17 18:45:57,916 [7abc303f-f695-4fbc-aa63-fcdea332bcbc@group-67DD6FFDD51E-LeaderElection49] INFO  grpc.GrpcConfigKeys (ConfUtils.java:logGet(46)) - raft.grpc.server.install_snapshot.request.element-limit = 8 (default)
2023-10-17 18:45:57,916 [7abc303f-f695-4fbc-aa63-fcdea332bcbc@group-67DD6FFDD51E-LeaderElection49] INFO  grpc.GrpcConfigKeys (ConfUtils.java:logGet(46)) - raft.grpc.server.install_snapshot.request.timeout = 3000ms (default)
2023-10-17 18:45:57,916 [7abc303f-f695-4fbc-aa63-fcdea332bcbc@group-67DD6FFDD51E-LeaderElection49] INFO  server.RaftServerConfigKeys (ConfUtils.java:logGet(46)) - raft.server.log.appender.install.snapshot.enabled = false (custom)
2023-10-17 18:45:57,916 [7abc303f-f695-4fbc-aa63-fcdea332bcbc@group-67DD6FFDD51E-LeaderElection49] INFO  grpc.GrpcConfigKeys (ConfUtils.java:logGet(46)) - raft.grpc.server.heartbeat.channel = true (default)
2023-10-17 18:45:57,916 [7abc303f-f695-4fbc-aa63-fcdea332bcbc@group-67DD6FFDD51E-LeaderElection49] INFO  impl.RoleInfo (RoleInfo.java:updateAndGet(139)) - 7abc303f-f695-4fbc-aa63-fcdea332bcbc: start 7abc303f-f695-4fbc-aa63-fcdea332bcbc@group-67DD6FFDD51E-LeaderStateImpl
2023-10-17 18:45:57,916 [7abc303f-f695-4fbc-aa63-fcdea332bcbc@group-67DD6FFDD51E-LeaderElection49] INFO  segmented.SegmentedRaftLogWorker (SegmentedRaftLogWorker.java:startLogSegment(447)) - 7abc303f-f695-4fbc-aa63-fcdea332bcbc@group-67DD6FFDD51E-SegmentedRaftLogWorker: Starting segment from index:0
2023-10-17 18:45:57,917 [7abc303f-f695-4fbc-aa63-fcdea332bcbc@group-67DD6FFDD51E-SegmentedRaftLogWorker] INFO  segmented.SegmentedRaftLogWorker (SegmentedRaftLogWorker.java:execute(651)) - 7abc303f-f695-4fbc-aa63-fcdea332bcbc@group-67DD6FFDD51E-SegmentedRaftLogWorker: created new log segment /home/runner/work/ozone/ozone/hadoop-ozone/integration-test/target/test-dir/MiniOzoneClusterImpl-1ddacd7d-4aab-443e-9cce-7616e57ab4b1/datanode-2/data/ratis/f5eb600c-7ac4-4c4b-8b4e-67dd6ffdd51e/current/log_inprogress_0
2023-10-17 18:45:57,919 [grpc-default-executor-4] INFO  server.RaftServer$Division (RaftServerImpl.java:requestVote(1302)) - 6484543a-767b-4be3-933a-0df7ebf5f58a@group-67DD6FFDD51E: receive requestVote(ELECTION, 7abc303f-f695-4fbc-aa63-fcdea332bcbc, group-67DD6FFDD51E, 1, (t:0, i:0))
2023-10-17 18:45:57,919 [grpc-default-executor-4] INFO  impl.VoteContext (VoteContext.java:log(49)) - 6484543a-767b-4be3-933a-0df7ebf5f58a@group-67DD6FFDD51E-FOLLOWER: accept ELECTION from 7abc303f-f695-4fbc-aa63-fcdea332bcbc: our priority 0 <= candidate's priority 1
2023-10-17 18:45:57,919 [grpc-default-executor-4] INFO  server.RaftServer$Division (RaftServerImpl.java:setRole(329)) - 6484543a-767b-4be3-933a-0df7ebf5f58a@group-67DD6FFDD51E: changes role from  FOLLOWER to FOLLOWER at term 1 for candidate:7abc303f-f695-4fbc-aa63-fcdea332bcbc
2023-10-17 18:45:57,919 [grpc-default-executor-4] INFO  impl.RoleInfo (RoleInfo.java:shutdownFollowerState(110)) - 6484543a-767b-4be3-933a-0df7ebf5f58a: shutdown 6484543a-767b-4be3-933a-0df7ebf5f58a@group-67DD6FFDD51E-FollowerState
2023-10-17 18:45:57,920 [6484543a-767b-4be3-933a-0df7ebf5f58a@group-67DD6FFDD51E-FollowerState] INFO  impl.FollowerState (FollowerState.java:shouldRun(117)) - 6484543a-767b-4be3-933a-0df7ebf5f58a@group-67DD6FFDD51E-FollowerState: Stopping now (isRunning? false, role = FOLLOWER)
2023-10-17 18:45:57,932 [grpc-default-executor-4] INFO  impl.RoleInfo (RoleInfo.java:updateAndGet(139)) - 6484543a-767b-4be3-933a-0df7ebf5f58a: start 6484543a-767b-4be3-933a-0df7ebf5f58a@group-67DD6FFDD51E-FollowerState
2023-10-17 18:45:57,932 [7abc303f-f695-4fbc-aa63-fcdea332bcbc@group-67DD6FFDD51E-LeaderElection49] INFO  server.RaftServer$Division (ServerState.java:setRaftConf(434)) - 7abc303f-f695-4fbc-aa63-fcdea332bcbc@group-67DD6FFDD51E: set configuration 0: peers:[eb2139cf-2f93-40e0-8f6b-119ef4e9cafb|rpc:10.1.0.25:15249|admin:10.1.0.25:15248|client:10.1.0.25:15247|dataStream:10.1.0.25:15250|priority:0|startupRole:FOLLOWER, 7abc303f-f695-4fbc-aa63-fcdea332bcbc|rpc:10.1.0.25:15258|admin:10.1.0.25:15257|client:10.1.0.25:15256|dataStream:10.1.0.25:15259|priority:1|startupRole:FOLLOWER, 6484543a-767b-4be3-933a-0df7ebf5f58a|rpc:10.1.0.25:15240|admin:10.1.0.25:15239|client:10.1.0.25:15238|dataStream:10.1.0.25:15241|priority:0|startupRole:FOLLOWER]|listeners:[], old=null
2023-10-17 18:45:57,933 [grpc-default-executor-4] INFO  server.RaftServer$Division (RaftServerImpl.java:requestVote(1335)) - 6484543a-767b-4be3-933a-0df7ebf5f58a@group-67DD6FFDD51E replies to ELECTION vote request: 7abc303f-f695-4fbc-aa63-fcdea332bcbc<-6484543a-767b-4be3-933a-0df7ebf5f58a#0:OK-t1. Peer's state: 6484543a-767b-4be3-933a-0df7ebf5f58a@group-67DD6FFDD51E:t1, leader=null, voted=7abc303f-f695-4fbc-aa63-fcdea332bcbc, raftlog=Memoized:6484543a-767b-4be3-933a-0df7ebf5f58a@group-67DD6FFDD51E-SegmentedRaftLog:OPENED:c-1, conf=-1: peers:[eb2139cf-2f93-40e0-8f6b-119ef4e9cafb|rpc:10.1.0.25:15249|admin:10.1.0.25:15248|client:10.1.0.25:15247|dataStream:10.1.0.25:15250|priority:0|startupRole:FOLLOWER, 7abc303f-f695-4fbc-aa63-fcdea332bcbc|rpc:10.1.0.25:15258|admin:10.1.0.25:15257|client:10.1.0.25:15256|dataStream:10.1.0.25:15259|priority:1|startupRole:FOLLOWER, 6484543a-767b-4be3-933a-0df7ebf5f58a|rpc:10.1.0.25:15240|admin:10.1.0.25:15239|client:10.1.0.25:15238|dataStream:10.1.0.25:15241|priority:0|startupRole:FOLLOWER]|listeners:[], old=null
2023-10-17 18:45:57,942 [eb2139cf-2f93-40e0-8f6b-119ef4e9cafb-server-thread1] INFO  ratis.XceiverServerRatis (XceiverServerRatis.java:handleLeaderChangedNotification(902)) - Leader change notification received for group: group-67DD6FFDD51E with new leaderId: 7abc303f-f695-4fbc-aa63-fcdea332bcbc
2023-10-17 18:45:57,942 [eb2139cf-2f93-40e0-8f6b-119ef4e9cafb-server-thread1] INFO  server.RaftServer$Division (ServerState.java:setLeader(317)) - eb2139cf-2f93-40e0-8f6b-119ef4e9cafb@group-67DD6FFDD51E: change Leader from null to 7abc303f-f695-4fbc-aa63-fcdea332bcbc at term 1 for appendEntries, leader elected after 5155ms
2023-10-17 18:45:57,942 [6484543a-767b-4be3-933a-0df7ebf5f58a-server-thread1] INFO  ratis.XceiverServerRatis (XceiverServerRatis.java:handleLeaderChangedNotification(902)) - Leader change notification received for group: group-67DD6FFDD51E with new leaderId: 7abc303f-f695-4fbc-aa63-fcdea332bcbc
2023-10-17 18:45:57,942 [6484543a-767b-4be3-933a-0df7ebf5f58a-server-thread1] INFO  server.RaftServer$Division (ServerState.java:setLeader(317)) - 6484543a-767b-4be3-933a-0df7ebf5f58a@group-67DD6FFDD51E: change Leader from null to 7abc303f-f695-4fbc-aa63-fcdea332bcbc at term 1 for appendEntries, leader elected after 5173ms
2023-10-17 18:45:57,943 [6484543a-767b-4be3-933a-0df7ebf5f58a-server-thread1] INFO  server.RaftServer$Division (ServerState.java:setRaftConf(434)) - 6484543a-767b-4be3-933a-0df7ebf5f58a@group-67DD6FFDD51E: set configuration 0: peers:[eb2139cf-2f93-40e0-8f6b-119ef4e9cafb|rpc:10.1.0.25:15249|admin:10.1.0.25:15248|client:10.1.0.25:15247|dataStream:10.1.0.25:15250|priority:0|startupRole:FOLLOWER, 7abc303f-f695-4fbc-aa63-fcdea332bcbc|rpc:10.1.0.25:15258|admin:10.1.0.25:15257|client:10.1.0.25:15256|dataStream:10.1.0.25:15259|priority:1|startupRole:FOLLOWER, 6484543a-767b-4be3-933a-0df7ebf5f58a|rpc:10.1.0.25:15240|admin:10.1.0.25:15239|client:10.1.0.25:15238|dataStream:10.1.0.25:15241|priority:0|startupRole:FOLLOWER]|listeners:[], old=null
2023-10-17 18:45:57,944 [6484543a-767b-4be3-933a-0df7ebf5f58a-server-thread1] INFO  segmented.SegmentedRaftLogWorker (SegmentedRaftLogWorker.java:startLogSegment(447)) - 6484543a-767b-4be3-933a-0df7ebf5f58a@group-67DD6FFDD51E-SegmentedRaftLogWorker: Starting segment from index:0
2023-10-17 18:45:57,946 [6484543a-767b-4be3-933a-0df7ebf5f58a@group-67DD6FFDD51E-SegmentedRaftLogWorker] INFO  segmented.SegmentedRaftLogWorker (SegmentedRaftLogWorker.java:execute(651)) - 6484543a-767b-4be3-933a-0df7ebf5f58a@group-67DD6FFDD51E-SegmentedRaftLogWorker: created new log segment /home/runner/work/ozone/ozone/hadoop-ozone/integration-test/target/test-dir/MiniOzoneClusterImpl-1ddacd7d-4aab-443e-9cce-7616e57ab4b1/datanode-0/data/ratis/f5eb600c-7ac4-4c4b-8b4e-67dd6ffdd51e/current/log_inprogress_0
2023-10-17 18:45:57,948 [eb2139cf-2f93-40e0-8f6b-119ef4e9cafb-server-thread2] INFO  server.RaftServer$Division (ServerState.java:setRaftConf(434)) - eb2139cf-2f93-40e0-8f6b-119ef4e9cafb@group-67DD6FFDD51E: set configuration 0: peers:[eb2139cf-2f93-40e0-8f6b-119ef4e9cafb|rpc:10.1.0.25:15249|admin:10.1.0.25:15248|client:10.1.0.25:15247|dataStream:10.1.0.25:15250|priority:0|startupRole:FOLLOWER, 7abc303f-f695-4fbc-aa63-fcdea332bcbc|rpc:10.1.0.25:15258|admin:10.1.0.25:15257|client:10.1.0.25:15256|dataStream:10.1.0.25:15259|priority:1|startupRole:FOLLOWER, 6484543a-767b-4be3-933a-0df7ebf5f58a|rpc:10.1.0.25:15240|admin:10.1.0.25:15239|client:10.1.0.25:15238|dataStream:10.1.0.25:15241|priority:0|startupRole:FOLLOWER]|listeners:[], old=null
2023-10-17 18:45:57,948 [eb2139cf-2f93-40e0-8f6b-119ef4e9cafb-server-thread2] INFO  segmented.SegmentedRaftLogWorker (SegmentedRaftLogWorker.java:startLogSegment(447)) - eb2139cf-2f93-40e0-8f6b-119ef4e9cafb@group-67DD6FFDD51E-SegmentedRaftLogWorker: Starting segment from index:0
2023-10-17 18:45:57,952 [eb2139cf-2f93-40e0-8f6b-119ef4e9cafb@group-67DD6FFDD51E-SegmentedRaftLogWorker] INFO  segmented.SegmentedRaftLogWorker (SegmentedRaftLogWorker.java:execute(651)) - eb2139cf-2f93-40e0-8f6b-119ef4e9cafb@group-67DD6FFDD51E-SegmentedRaftLogWorker: created new log segment /home/runner/work/ozone/ozone/hadoop-ozone/integration-test/target/test-dir/MiniOzoneClusterImpl-1ddacd7d-4aab-443e-9cce-7616e57ab4b1/datanode-1/data/ratis/f5eb600c-7ac4-4c4b-8b4e-67dd6ffdd51e/current/log_inprogress_0
2023-10-17 18:45:57,976 [eb2139cf-2f93-40e0-8f6b-119ef4e9cafb@group-9D5C6C4FD5CA-FollowerState] INFO  impl.FollowerState (FollowerState.java:run(143)) - eb2139cf-2f93-40e0-8f6b-119ef4e9cafb@group-9D5C6C4FD5CA-FollowerState: change to CANDIDATE, lastRpcElapsedTime:5196781945ns, electionTimeout:5193ms
2023-10-17 18:45:57,976 [eb2139cf-2f93-40e0-8f6b-119ef4e9cafb@group-9D5C6C4FD5CA-FollowerState] INFO  impl.RoleInfo (RoleInfo.java:shutdownFollowerState(110)) - eb2139cf-2f93-40e0-8f6b-119ef4e9cafb: shutdown eb2139cf-2f93-40e0-8f6b-119ef4e9cafb@group-9D5C6C4FD5CA-FollowerState
2023-10-17 18:45:57,976 [eb2139cf-2f93-40e0-8f6b-119ef4e9cafb@group-9D5C6C4FD5CA-FollowerState] INFO  server.RaftServer$Division (RaftServerImpl.java:setRole(329)) - eb2139cf-2f93-40e0-8f6b-119ef4e9cafb@group-9D5C6C4FD5CA: changes role from  FOLLOWER to CANDIDATE at term 0 for changeToCandidate
2023-10-17 18:45:57,976 [eb2139cf-2f93-40e0-8f6b-119ef4e9cafb@group-9D5C6C4FD5CA-FollowerState] INFO  server.RaftServerConfigKeys (ConfUtils.java:logGet(46)) - raft.server.leaderelection.pre-vote = true (default)
2023-10-17 18:45:57,976 [eb2139cf-2f93-40e0-8f6b-119ef4e9cafb@group-9D5C6C4FD5CA-FollowerState] INFO  impl.RoleInfo (RoleInfo.java:updateAndGet(139)) - eb2139cf-2f93-40e0-8f6b-119ef4e9cafb: start eb2139cf-2f93-40e0-8f6b-119ef4e9cafb@group-9D5C6C4FD5CA-LeaderElection50
2023-10-17 18:45:57,977 [eb2139cf-2f93-40e0-8f6b-119ef4e9cafb@group-9D5C6C4FD5CA-LeaderElection50] INFO  impl.LeaderElection (LeaderElection.java:askForVotes(321)) - eb2139cf-2f93-40e0-8f6b-119ef4e9cafb@group-9D5C6C4FD5CA-LeaderElection50 PRE_VOTE round 0: submit vote requests at term 0 for -1: peers:[eb2139cf-2f93-40e0-8f6b-119ef4e9cafb|rpc:10.1.0.25:15249|admin:10.1.0.25:15248|client:10.1.0.25:15247|dataStream:10.1.0.25:15250|priority:1|startupRole:FOLLOWER]|listeners:[], old=null
2023-10-17 18:45:57,977 [eb2139cf-2f93-40e0-8f6b-119ef4e9cafb@group-9D5C6C4FD5CA-LeaderElection50] INFO  impl.LeaderElection (LeaderElection.java:askForVotes(323)) - eb2139cf-2f93-40e0-8f6b-119ef4e9cafb@group-9D5C6C4FD5CA-LeaderElection50 PRE_VOTE round 0: result PASSED (term=0)
2023-10-17 18:45:57,978 [eb2139cf-2f93-40e0-8f6b-119ef4e9cafb@group-9D5C6C4FD5CA-LeaderElection50] INFO  impl.LeaderElection (LeaderElection.java:askForVotes(321)) - eb2139cf-2f93-40e0-8f6b-119ef4e9cafb@group-9D5C6C4FD5CA-LeaderElection50 ELECTION round 0: submit vote requests at term 1 for -1: peers:[eb2139cf-2f93-40e0-8f6b-119ef4e9cafb|rpc:10.1.0.25:15249|admin:10.1.0.25:15248|client:10.1.0.25:15247|dataStream:10.1.0.25:15250|priority:1|startupRole:FOLLOWER]|listeners:[], old=null
2023-10-17 18:45:57,979 [eb2139cf-2f93-40e0-8f6b-119ef4e9cafb@group-9D5C6C4FD5CA-LeaderElection50] INFO  impl.LeaderElection (LeaderElection.java:askForVotes(323)) - eb2139cf-2f93-40e0-8f6b-119ef4e9cafb@group-9D5C6C4FD5CA-LeaderElection50 ELECTION round 0: result PASSED (term=1)
2023-10-17 18:45:57,979 [eb2139cf-2f93-40e0-8f6b-119ef4e9cafb@group-9D5C6C4FD5CA-LeaderElection50] INFO  impl.RoleInfo (RoleInfo.java:shutdownLeaderElection(130)) - eb2139cf-2f93-40e0-8f6b-119ef4e9cafb: shutdown eb2139cf-2f93-40e0-8f6b-119ef4e9cafb@group-9D5C6C4FD5CA-LeaderElection50
2023-10-17 18:45:57,979 [eb2139cf-2f93-40e0-8f6b-119ef4e9cafb@group-9D5C6C4FD5CA-LeaderElection50] INFO  server.RaftServer$Division (RaftServerImpl.java:setRole(329)) - eb2139cf-2f93-40e0-8f6b-119ef4e9cafb@group-9D5C6C4FD5CA: changes role from CANDIDATE to LEADER at term 1 for changeToLeader
2023-10-17 18:45:57,979 [eb2139cf-2f93-40e0-8f6b-119ef4e9cafb@group-9D5C6C4FD5CA-LeaderElection50] INFO  ratis.XceiverServerRatis (XceiverServerRatis.java:handleLeaderChangedNotification(902)) - Leader change notification received for group: group-9D5C6C4FD5CA with new leaderId: eb2139cf-2f93-40e0-8f6b-119ef4e9cafb
2023-10-17 18:45:57,979 [eb2139cf-2f93-40e0-8f6b-119ef4e9cafb@group-9D5C6C4FD5CA-LeaderElection50] INFO  server.RaftServer$Division (ServerState.java:setLeader(317)) - eb2139cf-2f93-40e0-8f6b-119ef4e9cafb@group-9D5C6C4FD5CA: change Leader from null to eb2139cf-2f93-40e0-8f6b-119ef4e9cafb at term 1 for becomeLeader, leader elected after 5230ms
2023-10-17 18:45:57,979 [eb2139cf-2f93-40e0-8f6b-119ef4e9cafb@group-9D5C6C4FD5CA-LeaderElection50] INFO  server.RaftServerConfigKeys (ConfUtils.java:logGet(46)) - raft.server.staging.catchup.gap = 1000 (default)
2023-10-17 18:45:57,979 [EndpointStateMachine task thread for /0.0.0.0:15228 - 0 ] DEBUG endpoint.HeartbeatEndpointTask (HeartbeatEndpointTask.java:call(182)) - Sending heartbeat message :: datanodeDetails {
  uuid: "eb2139cf-2f93-40e0-8f6b-119ef4e9cafb"
  ipAddress: "10.1.0.25"
  hostName: "fv-az189-115"
  ports {
    name: "HTTP"
    value: 15244
  }
  ports {
    name: "CLIENT_RPC"
    value: 15245
  }
  ports {
    name: "REPLICATION"
    value: 15251
  }
  ports {
    name: "RATIS"
    value: 15247
  }
  ports {
    name: "RATIS_ADMIN"
    value: 15248
  }
  ports {
    name: "RATIS_SERVER"
    value: 15249
  }
  ports {
    name: "RATIS_DATASTREAM"
    value: 15250
  }
  ports {
    name: "STANDALONE"
    value: 15246
  }
  networkName: "eb2139cf-2f93-40e0-8f6b-119ef4e9cafb"
  networkLocation: "/rack1"
  persistedOpStateExpiry: 0
  uuid128 {
    mostSigBits: -1503857238545841952
    leastSigBits: -8112370929366349061
  }
}
pipelineReports {
  pipelineReport {
    pipelineID {
      id: "f5eb600c-7ac4-4c4b-8b4e-67dd6ffdd51e"
      uuid128 {
        mostSigBits: -726381308174644149
        leastSigBits: -8408669253489797858
      }
    }
    isLeader: false
    bytesWritten: 0
  }
  pipelineReport {
    pipelineID {
      id: "f96e4181-aff9-4e8f-9558-d969b0d801aa"
      uuid128 {
        mostSigBits: -473368885568385393
        leastSigBits: -7685153716146011734
      }
    }
    isLeader: false
    bytesWritten: 0
  }
  pipelineReport {
    pipelineID {
      id: "0cdbbf1d-a43a-4ba0-889b-9d5c6c4fd5ca"
      uuid128 {
        mostSigBits: 926544282385009568
        leastSigBits: -8603109642881477174
      }
    }
    isLeader: true
    bytesWritten: 0
  }
}
dataNodeLayoutVersion {
  metadataLayoutVersion: 7
  softwareLayoutVersion: 7
}
commandQueueReport {
  command: createPipelineCommand
  command: deleteBlocksCommand
  command: closeContainerCommand
  command: replicateContainerCommand
  command: deleteContainerCommand
  command: closePipelineCommand
  command: setNodeOperationalStateCommand
  command: finalizeNewLayoutVersionCommand
  command: reconstructECContainersCommand
  command: refreshVolumeUsageInfo
  count: 0
  count: 0
  count: 0
  count: 0
  count: 0
  count: 0
  count: 0
  count: 0
  count: 0
  count: 0
}

2023-10-17 18:45:57,982 [Time-limited test] INFO  ozone.MiniOzoneClusterImpl (MiniOzoneClusterImpl.java:lambda$waitForClusterToBeReady$0(229)) - Nodes are ready. Got 3 of 3 DN Heartbeats.
2023-10-17 18:45:57,982 [Time-limited test] INFO  ozone.MiniOzoneClusterImpl (MiniOzoneClusterImpl.java:lambda$waitForClusterToBeReady$0(232)) - Cluster exits safe mode
2023-10-17 18:45:57,982 [Time-limited test] INFO  ozone.MiniOzoneClusterImpl (MiniOzoneClusterImpl.java:lambda$waitForClusterToBeReady$0(234)) - SCM became leader
2023-10-17 18:45:57,983 [eb2139cf-2f93-40e0-8f6b-119ef4e9cafb@group-9D5C6C4FD5CA-LeaderElection50] INFO  server.RaftServerConfigKeys (ConfUtils.java:logGet(46)) - raft.server.write.element-limit = 1024 (custom)
2023-10-17 18:45:57,983 [eb2139cf-2f93-40e0-8f6b-119ef4e9cafb@group-9D5C6C4FD5CA-LeaderElection50] INFO  server.RaftServerConfigKeys (ConfUtils.java:logGet(46)) - raft.server.write.byte-limit = 1024 M (=1073741824) (custom)
2023-10-17 18:45:57,983 [eb2139cf-2f93-40e0-8f6b-119ef4e9cafb@group-9D5C6C4FD5CA-LeaderElection50] INFO  server.RaftServerConfigKeys (ConfUtils.java:logGet(46)) - raft.server.watch.timeout = 180s (custom)
2023-10-17 18:45:57,983 [eb2139cf-2f93-40e0-8f6b-119ef4e9cafb@group-9D5C6C4FD5CA-LeaderElection50] INFO  server.RaftServerConfigKeys (ConfUtils.java:logGet(46)) - raft.server.watch.timeout.denomination = 1s (default)
2023-10-17 18:45:57,983 [eb2139cf-2f93-40e0-8f6b-119ef4e9cafb@group-9D5C6C4FD5CA-LeaderElection50] INFO  server.RaftServerConfigKeys (ConfUtils.java:logGet(46)) - raft.server.watch.element-limit = 65536 (default)
2023-10-17 18:45:57,983 [eb2139cf-2f93-40e0-8f6b-119ef4e9cafb@group-9D5C6C4FD5CA-LeaderElection50] INFO  server.RaftServerConfigKeys (ConfUtils.java:logGet(46)) - raft.server.write.element-limit = 1024 (custom)
2023-10-17 18:45:57,983 [eb2139cf-2f93-40e0-8f6b-119ef4e9cafb@group-9D5C6C4FD5CA-LeaderElection50] INFO  server.RaftServerConfigKeys (ConfUtils.java:logGet(46)) - raft.server.write.follower.gap.ratio.max = -1.0 (default)
2023-10-17 18:45:57,983 [eb2139cf-2f93-40e0-8f6b-119ef4e9cafb@group-9D5C6C4FD5CA-LeaderElection50] INFO  impl.RoleInfo (RoleInfo.java:updateAndGet(139)) - eb2139cf-2f93-40e0-8f6b-119ef4e9cafb: start eb2139cf-2f93-40e0-8f6b-119ef4e9cafb@group-9D5C6C4FD5CA-LeaderStateImpl
2023-10-17 18:45:57,984 [eb2139cf-2f93-40e0-8f6b-119ef4e9cafb@group-9D5C6C4FD5CA-LeaderElection50] INFO  segmented.SegmentedRaftLogWorker (SegmentedRaftLogWorker.java:startLogSegment(447)) - eb2139cf-2f93-40e0-8f6b-119ef4e9cafb@group-9D5C6C4FD5CA-SegmentedRaftLogWorker: Starting segment from index:0
2023-10-17 18:45:57,985 [eb2139cf-2f93-40e0-8f6b-119ef4e9cafb@group-9D5C6C4FD5CA-SegmentedRaftLogWorker] INFO  segmented.SegmentedRaftLogWorker (SegmentedRaftLogWorker.java:execute(651)) - eb2139cf-2f93-40e0-8f6b-119ef4e9cafb@group-9D5C6C4FD5CA-SegmentedRaftLogWorker: created new log segment /home/runner/work/ozone/ozone/hadoop-ozone/integration-test/target/test-dir/MiniOzoneClusterImpl-1ddacd7d-4aab-443e-9cce-7616e57ab4b1/datanode-1/data/ratis/0cdbbf1d-a43a-4ba0-889b-9d5c6c4fd5ca/current/log_inprogress_0
2023-10-17 18:45:57,988 [eb2139cf-2f93-40e0-8f6b-119ef4e9cafb@group-9D5C6C4FD5CA-LeaderElection50] INFO  server.RaftServer$Division (ServerState.java:setRaftConf(434)) - eb2139cf-2f93-40e0-8f6b-119ef4e9cafb@group-9D5C6C4FD5CA: set configuration 0: peers:[eb2139cf-2f93-40e0-8f6b-119ef4e9cafb|rpc:10.1.0.25:15249|admin:10.1.0.25:15248|client:10.1.0.25:15247|dataStream:10.1.0.25:15250|priority:1|startupRole:FOLLOWER]|listeners:[], old=null
2023-10-17 18:45:58,018 [7abc303f-f695-4fbc-aa63-fcdea332bcbc@group-A1D9142B5B6E-FollowerState] INFO  impl.FollowerState (FollowerState.java:run(143)) - 7abc303f-f695-4fbc-aa63-fcdea332bcbc@group-A1D9142B5B6E-FollowerState: change to CANDIDATE, lastRpcElapsedTime:5021553852ns, electionTimeout:5021ms
2023-10-17 18:45:58,018 [7abc303f-f695-4fbc-aa63-fcdea332bcbc@group-A1D9142B5B6E-FollowerState] INFO  impl.RoleInfo (RoleInfo.java:shutdownFollowerState(110)) - 7abc303f-f695-4fbc-aa63-fcdea332bcbc: shutdown 7abc303f-f695-4fbc-aa63-fcdea332bcbc@group-A1D9142B5B6E-FollowerState
2023-10-17 18:45:58,018 [7abc303f-f695-4fbc-aa63-fcdea332bcbc@group-A1D9142B5B6E-FollowerState] INFO  server.RaftServer$Division (RaftServerImpl.java:setRole(329)) - 7abc303f-f695-4fbc-aa63-fcdea332bcbc@group-A1D9142B5B6E: changes role from  FOLLOWER to CANDIDATE at term 0 for changeToCandidate
2023-10-17 18:45:58,018 [7abc303f-f695-4fbc-aa63-fcdea332bcbc@group-A1D9142B5B6E-FollowerState] INFO  server.RaftServerConfigKeys (ConfUtils.java:logGet(46)) - raft.server.leaderelection.pre-vote = true (default)
2023-10-17 18:45:58,018 [7abc303f-f695-4fbc-aa63-fcdea332bcbc@group-A1D9142B5B6E-FollowerState] INFO  impl.RoleInfo (RoleInfo.java:updateAndGet(139)) - 7abc303f-f695-4fbc-aa63-fcdea332bcbc: start 7abc303f-f695-4fbc-aa63-fcdea332bcbc@group-A1D9142B5B6E-LeaderElection51
2023-10-17 18:45:58,019 [7abc303f-f695-4fbc-aa63-fcdea332bcbc@group-A1D9142B5B6E-LeaderElection51] INFO  impl.LeaderElection (LeaderElection.java:askForVotes(321)) - 7abc303f-f695-4fbc-aa63-fcdea332bcbc@group-A1D9142B5B6E-LeaderElection51 PRE_VOTE round 0: submit vote requests at term 0 for -1: peers:[7abc303f-f695-4fbc-aa63-fcdea332bcbc|rpc:10.1.0.25:15258|admin:10.1.0.25:15257|client:10.1.0.25:15256|dataStream:10.1.0.25:15259|priority:1|startupRole:FOLLOWER]|listeners:[], old=null
2023-10-17 18:45:58,019 [7abc303f-f695-4fbc-aa63-fcdea332bcbc@group-A1D9142B5B6E-LeaderElection51] INFO  impl.LeaderElection (LeaderElection.java:askForVotes(323)) - 7abc303f-f695-4fbc-aa63-fcdea332bcbc@group-A1D9142B5B6E-LeaderElection51 PRE_VOTE round 0: result PASSED (term=0)
2023-10-17 18:45:58,021 [7abc303f-f695-4fbc-aa63-fcdea332bcbc@group-A1D9142B5B6E-LeaderElection51] INFO  impl.LeaderElection (LeaderElection.java:askForVotes(321)) - 7abc303f-f695-4fbc-aa63-fcdea332bcbc@group-A1D9142B5B6E-LeaderElection51 ELECTION round 0: submit vote requests at term 1 for -1: peers:[7abc303f-f695-4fbc-aa63-fcdea332bcbc|rpc:10.1.0.25:15258|admin:10.1.0.25:15257|client:10.1.0.25:15256|dataStream:10.1.0.25:15259|priority:1|startupRole:FOLLOWER]|listeners:[], old=null
2023-10-17 18:45:58,021 [7abc303f-f695-4fbc-aa63-fcdea332bcbc@group-A1D9142B5B6E-LeaderElection51] INFO  impl.LeaderElection (LeaderElection.java:askForVotes(323)) - 7abc303f-f695-4fbc-aa63-fcdea332bcbc@group-A1D9142B5B6E-LeaderElection51 ELECTION round 0: result PASSED (term=1)
2023-10-17 18:45:58,021 [7abc303f-f695-4fbc-aa63-fcdea332bcbc@group-A1D9142B5B6E-LeaderElection51] INFO  impl.RoleInfo (RoleInfo.java:shutdownLeaderElection(130)) - 7abc303f-f695-4fbc-aa63-fcdea332bcbc: shutdown 7abc303f-f695-4fbc-aa63-fcdea332bcbc@group-A1D9142B5B6E-LeaderElection51
2023-10-17 18:45:58,021 [7abc303f-f695-4fbc-aa63-fcdea332bcbc@group-A1D9142B5B6E-LeaderElection51] INFO  server.RaftServer$Division (RaftServerImpl.java:setRole(329)) - 7abc303f-f695-4fbc-aa63-fcdea332bcbc@group-A1D9142B5B6E: changes role from CANDIDATE to LEADER at term 1 for changeToLeader
2023-10-17 18:45:58,021 [7abc303f-f695-4fbc-aa63-fcdea332bcbc@group-A1D9142B5B6E-LeaderElection51] INFO  ratis.XceiverServerRatis (XceiverServerRatis.java:handleLeaderChangedNotification(902)) - Leader change notification received for group: group-A1D9142B5B6E with new leaderId: 7abc303f-f695-4fbc-aa63-fcdea332bcbc
2023-10-17 18:45:58,021 [7abc303f-f695-4fbc-aa63-fcdea332bcbc@group-A1D9142B5B6E-LeaderElection51] INFO  server.RaftServer$Division (ServerState.java:setLeader(317)) - 7abc303f-f695-4fbc-aa63-fcdea332bcbc@group-A1D9142B5B6E: change Leader from null to 7abc303f-f695-4fbc-aa63-fcdea332bcbc at term 1 for becomeLeader, leader elected after 5039ms
2023-10-17 18:45:58,021 [7abc303f-f695-4fbc-aa63-fcdea332bcbc@group-A1D9142B5B6E-LeaderElection51] INFO  server.RaftServerConfigKeys (ConfUtils.java:logGet(46)) - raft.server.staging.catchup.gap = 1000 (default)
2023-10-17 18:45:58,021 [7abc303f-f695-4fbc-aa63-fcdea332bcbc@group-A1D9142B5B6E-LeaderElection51] INFO  server.RaftServerConfigKeys (ConfUtils.java:logGet(46)) - raft.server.write.element-limit = 1024 (custom)
2023-10-17 18:45:58,021 [7abc303f-f695-4fbc-aa63-fcdea332bcbc@group-A1D9142B5B6E-LeaderElection51] INFO  server.RaftServerConfigKeys (ConfUtils.java:logGet(46)) - raft.server.write.byte-limit = 1024 M (=1073741824) (custom)
2023-10-17 18:45:58,022 [EndpointStateMachine task thread for /0.0.0.0:15228 - 0 ] DEBUG endpoint.HeartbeatEndpointTask (HeartbeatEndpointTask.java:call(182)) - Sending heartbeat message :: datanodeDetails {
  uuid: "7abc303f-f695-4fbc-aa63-fcdea332bcbc"
  ipAddress: "10.1.0.25"
  hostName: "fv-az189-115"
  ports {
    name: "HTTP"
    value: 15253
  }
  ports {
    name: "CLIENT_RPC"
    value: 15254
  }
  ports {
    name: "REPLICATION"
    value: 15260
  }
  ports {
    name: "RATIS"
    value: 15256
  }
  ports {
    name: "RATIS_ADMIN"
    value: 15257
  }
  ports {
    name: "RATIS_SERVER"
    value: 15258
  }
  ports {
    name: "RATIS_DATASTREAM"
    value: 15259
  }
  ports {
    name: "STANDALONE"
    value: 15255
  }
  networkName: "7abc303f-f695-4fbc-aa63-fcdea332bcbc"
  networkLocation: "/rack1"
  persistedOpStateExpiry: 0
  uuid128 {
    mostSigBits: 8843996819526864828
    leastSigBits: -6168809031416496964
  }
}
pipelineReports {
  pipelineReport {
    pipelineID {
      id: "f5eb600c-7ac4-4c4b-8b4e-67dd6ffdd51e"
      uuid128 {
        mostSigBits: -726381308174644149
        leastSigBits: -8408669253489797858
      }
    }
    isLeader: true
    bytesWritten: 0
  }
  pipelineReport {
    pipelineID {
      id: "f96e4181-aff9-4e8f-9558-d969b0d801aa"
      uuid128 {
        mostSigBits: -473368885568385393
        leastSigBits: -7685153716146011734
      }
    }
    isLeader: false
    bytesWritten: 0
  }
  pipelineReport {
    pipelineID {
      id: "570764fe-283e-416f-81d9-a1d9142b5b6e"
      uuid128 {
        mostSigBits: 6271092048896344431
        leastSigBits: -9090056419152274578
      }
    }
    isLeader: true
    bytesWritten: 0
  }
}
dataNodeLayoutVersion {
  metadataLayoutVersion: 7
  softwareLayoutVersion: 7
}
commandQueueReport {
  command: createPipelineCommand
  command: deleteBlocksCommand
  command: closeContainerCommand
  command: replicateContainerCommand
  command: deleteContainerCommand
  command: closePipelineCommand
  command: setNodeOperationalStateCommand
  command: finalizeNewLayoutVersionCommand
  command: reconstructECContainersCommand
  command: refreshVolumeUsageInfo
  count: 0
  count: 0
  count: 0
  count: 0
  count: 0
  count: 0
  count: 0
  count: 0
  count: 0
  count: 0
}

2023-10-17 18:45:58,030 [7abc303f-f695-4fbc-aa63-fcdea332bcbc@group-A1D9142B5B6E-LeaderElection51] INFO  server.RaftServerConfigKeys (ConfUtils.java:logGet(46)) - raft.server.watch.timeout = 180s (custom)
2023-10-17 18:45:58,030 [7abc303f-f695-4fbc-aa63-fcdea332bcbc@group-A1D9142B5B6E-LeaderElection51] INFO  server.RaftServerConfigKeys (ConfUtils.java:logGet(46)) - raft.server.watch.timeout.denomination = 1s (default)
2023-10-17 18:45:58,030 [7abc303f-f695-4fbc-aa63-fcdea332bcbc@group-A1D9142B5B6E-LeaderElection51] INFO  server.RaftServerConfigKeys (ConfUtils.java:logGet(46)) - raft.server.watch.element-limit = 65536 (default)
2023-10-17 18:45:58,031 [7abc303f-f695-4fbc-aa63-fcdea332bcbc@group-A1D9142B5B6E-LeaderElection51] INFO  server.RaftServerConfigKeys (ConfUtils.java:logGet(46)) - raft.server.write.element-limit = 1024 (custom)
2023-10-17 18:45:58,031 [7abc303f-f695-4fbc-aa63-fcdea332bcbc@group-A1D9142B5B6E-LeaderElection51] INFO  server.RaftServerConfigKeys (ConfUtils.java:logGet(46)) - raft.server.write.follower.gap.ratio.max = -1.0 (default)
2023-10-17 18:45:58,031 [7abc303f-f695-4fbc-aa63-fcdea332bcbc@group-A1D9142B5B6E-LeaderElection51] INFO  impl.RoleInfo (RoleInfo.java:updateAndGet(139)) - 7abc303f-f695-4fbc-aa63-fcdea332bcbc: start 7abc303f-f695-4fbc-aa63-fcdea332bcbc@group-A1D9142B5B6E-LeaderStateImpl
2023-10-17 18:45:58,031 [7abc303f-f695-4fbc-aa63-fcdea332bcbc@group-A1D9142B5B6E-LeaderElection51] INFO  segmented.SegmentedRaftLogWorker (SegmentedRaftLogWorker.java:startLogSegment(447)) - 7abc303f-f695-4fbc-aa63-fcdea332bcbc@group-A1D9142B5B6E-SegmentedRaftLogWorker: Starting segment from index:0
2023-10-17 18:45:58,032 [7abc303f-f695-4fbc-aa63-fcdea332bcbc@group-A1D9142B5B6E-SegmentedRaftLogWorker] INFO  segmented.SegmentedRaftLogWorker (SegmentedRaftLogWorker.java:execute(651)) - 7abc303f-f695-4fbc-aa63-fcdea332bcbc@group-A1D9142B5B6E-SegmentedRaftLogWorker: created new log segment /home/runner/work/ozone/ozone/hadoop-ozone/integration-test/target/test-dir/MiniOzoneClusterImpl-1ddacd7d-4aab-443e-9cce-7616e57ab4b1/datanode-2/data/ratis/570764fe-283e-416f-81d9-a1d9142b5b6e/current/log_inprogress_0
2023-10-17 18:45:58,036 [7abc303f-f695-4fbc-aa63-fcdea332bcbc@group-A1D9142B5B6E-LeaderElection51] INFO  server.RaftServer$Division (ServerState.java:setRaftConf(434)) - 7abc303f-f695-4fbc-aa63-fcdea332bcbc@group-A1D9142B5B6E: set configuration 0: peers:[7abc303f-f695-4fbc-aa63-fcdea332bcbc|rpc:10.1.0.25:15258|admin:10.1.0.25:15257|client:10.1.0.25:15256|dataStream:10.1.0.25:15259|priority:1|startupRole:FOLLOWER]|listeners:[], old=null
2023-10-17 18:45:58,758 [EndpointStateMachine task thread for /0.0.0.0:15228 - 0 ] DEBUG endpoint.HeartbeatEndpointTask (HeartbeatEndpointTask.java:call(182)) - Sending heartbeat message :: datanodeDetails {
  uuid: "6484543a-767b-4be3-933a-0df7ebf5f58a"
  ipAddress: "10.1.0.25"
  hostName: "fv-az189-115"
  ports {
    name: "HTTP"
    value: 15235
  }
  ports {
    name: "CLIENT_RPC"
    value: 15236
  }
  ports {
    name: "REPLICATION"
    value: 15242
  }
  ports {
    name: "RATIS"
    value: 15238
  }
  ports {
    name: "RATIS_ADMIN"
    value: 15239
  }
  ports {
    name: "RATIS_SERVER"
    value: 15240
  }
  ports {
    name: "RATIS_DATASTREAM"
    value: 15241
  }
  ports {
    name: "STANDALONE"
    value: 15237
  }
  networkName: "6484543a-767b-4be3-933a-0df7ebf5f58a"
  networkLocation: "/rack1"
  persistedOpStateExpiry: 0
  uuid128 {
    mostSigBits: 7243006710791228387
    leastSigBits: -7837936843018078838
  }
}
dataNodeLayoutVersion {
  metadataLayoutVersion: 7
  softwareLayoutVersion: 7
}
commandQueueReport {
  command: createPipelineCommand
  command: deleteBlocksCommand
  command: closeContainerCommand
  command: replicateContainerCommand
  command: deleteContainerCommand
  command: closePipelineCommand
  command: setNodeOperationalStateCommand
  command: finalizeNewLayoutVersionCommand
  command: reconstructECContainersCommand
  command: refreshVolumeUsageInfo
  count: 0
  count: 0
  count: 0
  count: 0
  count: 0
  count: 0
  count: 0
  count: 0
  count: 0
  count: 0
}

2023-10-17 18:45:58,979 [EndpointStateMachine task thread for /0.0.0.0:15228 - 0 ] DEBUG endpoint.HeartbeatEndpointTask (HeartbeatEndpointTask.java:call(182)) - Sending heartbeat message :: datanodeDetails {
  uuid: "eb2139cf-2f93-40e0-8f6b-119ef4e9cafb"
  ipAddress: "10.1.0.25"
  hostName: "fv-az189-115"
  ports {
    name: "HTTP"
    value: 15244
  }
  ports {
    name: "CLIENT_RPC"
    value: 15245
  }
  ports {
    name: "REPLICATION"
    value: 15251
  }
  ports {
    name: "RATIS"
    value: 15247
  }
  ports {
    name: "RATIS_ADMIN"
    value: 15248
  }
  ports {
    name: "RATIS_SERVER"
    value: 15249
  }
  ports {
    name: "RATIS_DATASTREAM"
    value: 15250
  }
  ports {
    name: "STANDALONE"
    value: 15246
  }
  networkName: "eb2139cf-2f93-40e0-8f6b-119ef4e9cafb"
  networkLocation: "/rack1"
  persistedOpStateExpiry: 0
  uuid128 {
    mostSigBits: -1503857238545841952
    leastSigBits: -8112370929366349061
  }
}
dataNodeLayoutVersion {
  metadataLayoutVersion: 7
  softwareLayoutVersion: 7
}
commandQueueReport {
  command: createPipelineCommand
  command: deleteBlocksCommand
  command: closeContainerCommand
  command: replicateContainerCommand
  command: deleteContainerCommand
  command: closePipelineCommand
  command: setNodeOperationalStateCommand
  command: finalizeNewLayoutVersionCommand
  command: reconstructECContainersCommand
  command: refreshVolumeUsageInfo
  count: 0
  count: 0
  count: 0
  count: 0
  count: 0
  count: 0
  count: 0
  count: 0
  count: 0
  count: 0
}

2023-10-17 18:45:59,022 [EndpointStateMachine task thread for /0.0.0.0:15228 - 0 ] DEBUG endpoint.HeartbeatEndpointTask (HeartbeatEndpointTask.java:call(182)) - Sending heartbeat message :: datanodeDetails {
  uuid: "7abc303f-f695-4fbc-aa63-fcdea332bcbc"
  ipAddress: "10.1.0.25"
  hostName: "fv-az189-115"
  ports {
    name: "HTTP"
    value: 15253
  }
  ports {
    name: "CLIENT_RPC"
    value: 15254
  }
  ports {
    name: "REPLICATION"
    value: 15260
  }
  ports {
    name: "RATIS"
    value: 15256
  }
  ports {
    name: "RATIS_ADMIN"
    value: 15257
  }
  ports {
    name: "RATIS_SERVER"
    value: 15258
  }
  ports {
    name: "RATIS_DATASTREAM"
    value: 15259
  }
  ports {
    name: "STANDALONE"
    value: 15255
  }
  networkName: "7abc303f-f695-4fbc-aa63-fcdea332bcbc"
  networkLocation: "/rack1"
  persistedOpStateExpiry: 0
  uuid128 {
    mostSigBits: 8843996819526864828
    leastSigBits: -6168809031416496964
  }
}
dataNodeLayoutVersion {
  metadataLayoutVersion: 7
  softwareLayoutVersion: 7
}
commandQueueReport {
  command: createPipelineCommand
  command: deleteBlocksCommand
  command: closeContainerCommand
  command: replicateContainerCommand
  command: deleteContainerCommand
  command: closePipelineCommand
  command: setNodeOperationalStateCommand
  command: finalizeNewLayoutVersionCommand
  command: reconstructECContainersCommand
  command: refreshVolumeUsageInfo
  count: 0
  count: 0
  count: 0
  count: 0
  count: 0
  count: 0
  count: 0
  count: 0
  count: 0
  count: 0
}

2023-10-17 18:45:59,758 [EndpointStateMachine task thread for /0.0.0.0:15228 - 0 ] DEBUG endpoint.HeartbeatEndpointTask (HeartbeatEndpointTask.java:call(182)) - Sending heartbeat message :: datanodeDetails {
  uuid: "6484543a-767b-4be3-933a-0df7ebf5f58a"
  ipAddress: "10.1.0.25"
  hostName: "fv-az189-115"
  ports {
    name: "HTTP"
    value: 15235
  }
  ports {
    name: "CLIENT_RPC"
    value: 15236
  }
  ports {
    name: "REPLICATION"
    value: 15242
  }
  ports {
    name: "RATIS"
    value: 15238
  }
  ports {
    name: "RATIS_ADMIN"
    value: 15239
  }
  ports {
    name: "RATIS_SERVER"
    value: 15240
  }
  ports {
    name: "RATIS_DATASTREAM"
    value: 15241
  }
  ports {
    name: "STANDALONE"
    value: 15237
  }
  networkName: "6484543a-767b-4be3-933a-0df7ebf5f58a"
  networkLocation: "/rack1"
  persistedOpStateExpiry: 0
  uuid128 {
    mostSigBits: 7243006710791228387
    leastSigBits: -7837936843018078838
  }
}
dataNodeLayoutVersion {
  metadataLayoutVersion: 7
  softwareLayoutVersion: 7
}
commandQueueReport {
  command: createPipelineCommand
  command: deleteBlocksCommand
  command: closeContainerCommand
  command: replicateContainerCommand
  command: deleteContainerCommand
  command: closePipelineCommand
  command: setNodeOperationalStateCommand
  command: finalizeNewLayoutVersionCommand
  command: reconstructECContainersCommand
  command: refreshVolumeUsageInfo
  count: 0
  count: 0
  count: 0
  count: 0
  count: 0
  count: 0
  count: 0
  count: 0
  count: 0
  count: 0
}

2023-10-17 18:45:59,979 [EndpointStateMachine task thread for /0.0.0.0:15228 - 0 ] DEBUG endpoint.HeartbeatEndpointTask (HeartbeatEndpointTask.java:call(182)) - Sending heartbeat message :: datanodeDetails {
  uuid: "eb2139cf-2f93-40e0-8f6b-119ef4e9cafb"
  ipAddress: "10.1.0.25"
  hostName: "fv-az189-115"
  ports {
    name: "HTTP"
    value: 15244
  }
  ports {
    name: "CLIENT_RPC"
    value: 15245
  }
  ports {
    name: "REPLICATION"
    value: 15251
  }
  ports {
    name: "RATIS"
    value: 15247
  }
  ports {
    name: "RATIS_ADMIN"
    value: 15248
  }
  ports {
    name: "RATIS_SERVER"
    value: 15249
  }
  ports {
    name: "RATIS_DATASTREAM"
    value: 15250
  }
  ports {
    name: "STANDALONE"
    value: 15246
  }
  networkName: "eb2139cf-2f93-40e0-8f6b-119ef4e9cafb"
  networkLocation: "/rack1"
  persistedOpStateExpiry: 0
  uuid128 {
    mostSigBits: -1503857238545841952
    leastSigBits: -8112370929366349061
  }
}
dataNodeLayoutVersion {
  metadataLayoutVersion: 7
  softwareLayoutVersion: 7
}
commandQueueReport {
  command: createPipelineCommand
  command: deleteBlocksCommand
  command: closeContainerCommand
  command: replicateContainerCommand
  command: deleteContainerCommand
  command: closePipelineCommand
  command: setNodeOperationalStateCommand
  command: finalizeNewLayoutVersionCommand
  command: reconstructECContainersCommand
  command: refreshVolumeUsageInfo
  count: 0
  count: 0
  count: 0
  count: 0
  count: 0
  count: 0
  count: 0
  count: 0
  count: 0
  count: 0
}

2023-10-17 18:46:00,022 [EndpointStateMachine task thread for /0.0.0.0:15228 - 0 ] DEBUG endpoint.HeartbeatEndpointTask (HeartbeatEndpointTask.java:call(182)) - Sending heartbeat message :: datanodeDetails {
  uuid: "7abc303f-f695-4fbc-aa63-fcdea332bcbc"
  ipAddress: "10.1.0.25"
  hostName: "fv-az189-115"
  ports {
    name: "HTTP"
    value: 15253
  }
  ports {
    name: "CLIENT_RPC"
    value: 15254
  }
  ports {
    name: "REPLICATION"
    value: 15260
  }
  ports {
    name: "RATIS"
    value: 15256
  }
  ports {
    name: "RATIS_ADMIN"
    value: 15257
  }
  ports {
    name: "RATIS_SERVER"
    value: 15258
  }
  ports {
    name: "RATIS_DATASTREAM"
    value: 15259
  }
  ports {
    name: "STANDALONE"
    value: 15255
  }
  networkName: "7abc303f-f695-4fbc-aa63-fcdea332bcbc"
  networkLocation: "/rack1"
  persistedOpStateExpiry: 0
  uuid128 {
    mostSigBits: 8843996819526864828
    leastSigBits: -6168809031416496964
  }
}
dataNodeLayoutVersion {
  metadataLayoutVersion: 7
  softwareLayoutVersion: 7
}
commandQueueReport {
  command: createPipelineCommand
  command: deleteBlocksCommand
  command: closeContainerCommand
  command: replicateContainerCommand
  command: deleteContainerCommand
  command: closePipelineCommand
  command: setNodeOperationalStateCommand
  command: finalizeNewLayoutVersionCommand
  command: reconstructECContainersCommand
  command: refreshVolumeUsageInfo
  count: 0
  count: 0
  count: 0
  count: 0
  count: 0
  count: 0
  count: 0
  count: 0
  count: 0
  count: 0
}

2023-10-17 18:46:00,758 [EndpointStateMachine task thread for /0.0.0.0:15228 - 0 ] DEBUG endpoint.HeartbeatEndpointTask (HeartbeatEndpointTask.java:call(182)) - Sending heartbeat message :: datanodeDetails {
  uuid: "6484543a-767b-4be3-933a-0df7ebf5f58a"
  ipAddress: "10.1.0.25"
  hostName: "fv-az189-115"
  ports {
    name: "HTTP"
    value: 15235
  }
  ports {
    name: "CLIENT_RPC"
    value: 15236
  }
  ports {
    name: "REPLICATION"
    value: 15242
  }
  ports {
    name: "RATIS"
    value: 15238
  }
  ports {
    name: "RATIS_ADMIN"
    value: 15239
  }
  ports {
    name: "RATIS_SERVER"
    value: 15240
  }
  ports {
    name: "RATIS_DATASTREAM"
    value: 15241
  }
  ports {
    name: "STANDALONE"
    value: 15237
  }
  networkName: "6484543a-767b-4be3-933a-0df7ebf5f58a"
  networkLocation: "/rack1"
  persistedOpStateExpiry: 0
  uuid128 {
    mostSigBits: 7243006710791228387
    leastSigBits: -7837936843018078838
  }
}
dataNodeLayoutVersion {
  metadataLayoutVersion: 7
  softwareLayoutVersion: 7
}
commandQueueReport {
  command: createPipelineCommand
  command: deleteBlocksCommand
  command: closeContainerCommand
  command: replicateContainerCommand
  command: deleteContainerCommand
  command: closePipelineCommand
  command: setNodeOperationalStateCommand
  command: finalizeNewLayoutVersionCommand
  command: reconstructECContainersCommand
  command: refreshVolumeUsageInfo
  count: 0
  count: 0
  count: 0
  count: 0
  count: 0
  count: 0
  count: 0
  count: 0
  count: 0
  count: 0
}

2023-10-17 18:46:00,979 [EndpointStateMachine task thread for /0.0.0.0:15228 - 0 ] DEBUG endpoint.HeartbeatEndpointTask (HeartbeatEndpointTask.java:call(182)) - Sending heartbeat message :: datanodeDetails {
  uuid: "eb2139cf-2f93-40e0-8f6b-119ef4e9cafb"
  ipAddress: "10.1.0.25"
  hostName: "fv-az189-115"
  ports {
    name: "HTTP"
    value: 15244
  }
  ports {
    name: "CLIENT_RPC"
    value: 15245
  }
  ports {
    name: "REPLICATION"
    value: 15251
  }
  ports {
    name: "RATIS"
    value: 15247
  }
  ports {
    name: "RATIS_ADMIN"
    value: 15248
  }
  ports {
    name: "RATIS_SERVER"
    value: 15249
  }
  ports {
    name: "RATIS_DATASTREAM"
    value: 15250
  }
  ports {
    name: "STANDALONE"
    value: 15246
  }
  networkName: "eb2139cf-2f93-40e0-8f6b-119ef4e9cafb"
  networkLocation: "/rack1"
  persistedOpStateExpiry: 0
  uuid128 {
    mostSigBits: -1503857238545841952
    leastSigBits: -8112370929366349061
  }
}
dataNodeLayoutVersion {
  metadataLayoutVersion: 7
  softwareLayoutVersion: 7
}
commandQueueReport {
  command: createPipelineCommand
  command: deleteBlocksCommand
  command: closeContainerCommand
  command: replicateContainerCommand
  command: deleteContainerCommand
  command: closePipelineCommand
  command: setNodeOperationalStateCommand
  command: finalizeNewLayoutVersionCommand
  command: reconstructECContainersCommand
  command: refreshVolumeUsageInfo
  count: 0
  count: 0
  count: 0
  count: 0
  count: 0
  count: 0
  count: 0
  count: 0
  count: 0
  count: 0
}

2023-10-17 18:46:01,022 [EndpointStateMachine task thread for /0.0.0.0:15228 - 0 ] DEBUG endpoint.HeartbeatEndpointTask (HeartbeatEndpointTask.java:call(182)) - Sending heartbeat message :: datanodeDetails {
  uuid: "7abc303f-f695-4fbc-aa63-fcdea332bcbc"
  ipAddress: "10.1.0.25"
  hostName: "fv-az189-115"
  ports {
    name: "HTTP"
    value: 15253
  }
  ports {
    name: "CLIENT_RPC"
    value: 15254
  }
  ports {
    name: "REPLICATION"
    value: 15260
  }
  ports {
    name: "RATIS"
    value: 15256
  }
  ports {
    name: "RATIS_ADMIN"
    value: 15257
  }
  ports {
    name: "RATIS_SERVER"
    value: 15258
  }
  ports {
    name: "RATIS_DATASTREAM"
    value: 15259
  }
  ports {
    name: "STANDALONE"
    value: 15255
  }
  networkName: "7abc303f-f695-4fbc-aa63-fcdea332bcbc"
  networkLocation: "/rack1"
  persistedOpStateExpiry: 0
  uuid128 {
    mostSigBits: 8843996819526864828
    leastSigBits: -6168809031416496964
  }
}
dataNodeLayoutVersion {
  metadataLayoutVersion: 7
  softwareLayoutVersion: 7
}
commandQueueReport {
  command: createPipelineCommand
  command: deleteBlocksCommand
  command: closeContainerCommand
  command: replicateContainerCommand
  command: deleteContainerCommand
  command: closePipelineCommand
  command: setNodeOperationalStateCommand
  command: finalizeNewLayoutVersionCommand
  command: reconstructECContainersCommand
  command: refreshVolumeUsageInfo
  count: 0
  count: 0
  count: 0
  count: 0
  count: 0
  count: 0
  count: 0
  count: 0
  count: 0
  count: 0
}

2023-10-17 18:46:01,758 [EndpointStateMachine task thread for /0.0.0.0:15228 - 0 ] DEBUG endpoint.HeartbeatEndpointTask (HeartbeatEndpointTask.java:call(182)) - Sending heartbeat message :: datanodeDetails {
  uuid: "6484543a-767b-4be3-933a-0df7ebf5f58a"
  ipAddress: "10.1.0.25"
  hostName: "fv-az189-115"
  ports {
    name: "HTTP"
    value: 15235
  }
  ports {
    name: "CLIENT_RPC"
    value: 15236
  }
  ports {
    name: "REPLICATION"
    value: 15242
  }
  ports {
    name: "RATIS"
    value: 15238
  }
  ports {
    name: "RATIS_ADMIN"
    value: 15239
  }
  ports {
    name: "RATIS_SERVER"
    value: 15240
  }
  ports {
    name: "RATIS_DATASTREAM"
    value: 15241
  }
  ports {
    name: "STANDALONE"
    value: 15237
  }
  networkName: "6484543a-767b-4be3-933a-0df7ebf5f58a"
  networkLocation: "/rack1"
  persistedOpStateExpiry: 0
  uuid128 {
    mostSigBits: 7243006710791228387
    leastSigBits: -7837936843018078838
  }
}
dataNodeLayoutVersion {
  metadataLayoutVersion: 7
  softwareLayoutVersion: 7
}
commandQueueReport {
  command: createPipelineCommand
  command: deleteBlocksCommand
  command: closeContainerCommand
  command: replicateContainerCommand
  command: deleteContainerCommand
  command: closePipelineCommand
  command: setNodeOperationalStateCommand
  command: finalizeNewLayoutVersionCommand
  command: reconstructECContainersCommand
  command: refreshVolumeUsageInfo
  count: 0
  count: 0
  count: 0
  count: 0
  count: 0
  count: 0
  count: 0
  count: 0
  count: 0
  count: 0
}

2023-10-17 18:46:01,979 [EndpointStateMachine task thread for /0.0.0.0:15228 - 0 ] DEBUG endpoint.HeartbeatEndpointTask (HeartbeatEndpointTask.java:call(182)) - Sending heartbeat message :: datanodeDetails {
  uuid: "eb2139cf-2f93-40e0-8f6b-119ef4e9cafb"
  ipAddress: "10.1.0.25"
  hostName: "fv-az189-115"
  ports {
    name: "HTTP"
    value: 15244
  }
  ports {
    name: "CLIENT_RPC"
    value: 15245
  }
  ports {
    name: "REPLICATION"
    value: 15251
  }
  ports {
    name: "RATIS"
    value: 15247
  }
  ports {
    name: "RATIS_ADMIN"
    value: 15248
  }
  ports {
    name: "RATIS_SERVER"
    value: 15249
  }
  ports {
    name: "RATIS_DATASTREAM"
    value: 15250
  }
  ports {
    name: "STANDALONE"
    value: 15246
  }
  networkName: "eb2139cf-2f93-40e0-8f6b-119ef4e9cafb"
  networkLocation: "/rack1"
  persistedOpStateExpiry: 0
  uuid128 {
    mostSigBits: -1503857238545841952
    leastSigBits: -8112370929366349061
  }
}
dataNodeLayoutVersion {
  metadataLayoutVersion: 7
  softwareLayoutVersion: 7
}
commandQueueReport {
  command: createPipelineCommand
  command: deleteBlocksCommand
  command: closeContainerCommand
  command: replicateContainerCommand
  command: deleteContainerCommand
  command: closePipelineCommand
  command: setNodeOperationalStateCommand
  command: finalizeNewLayoutVersionCommand
  command: reconstructECContainersCommand
  command: refreshVolumeUsageInfo
  count: 0
  count: 0
  count: 0
  count: 0
  count: 0
  count: 0
  count: 0
  count: 0
  count: 0
  count: 0
}

2023-10-17 18:46:02,022 [EndpointStateMachine task thread for /0.0.0.0:15228 - 0 ] DEBUG endpoint.HeartbeatEndpointTask (HeartbeatEndpointTask.java:call(182)) - Sending heartbeat message :: datanodeDetails {
  uuid: "7abc303f-f695-4fbc-aa63-fcdea332bcbc"
  ipAddress: "10.1.0.25"
  hostName: "fv-az189-115"
  ports {
    name: "HTTP"
    value: 15253
  }
  ports {
    name: "CLIENT_RPC"
    value: 15254
  }
  ports {
    name: "REPLICATION"
    value: 15260
  }
  ports {
    name: "RATIS"
    value: 15256
  }
  ports {
    name: "RATIS_ADMIN"
    value: 15257
  }
  ports {
    name: "RATIS_SERVER"
    value: 15258
  }
  ports {
    name: "RATIS_DATASTREAM"
    value: 15259
  }
  ports {
    name: "STANDALONE"
    value: 15255
  }
  networkName: "7abc303f-f695-4fbc-aa63-fcdea332bcbc"
  networkLocation: "/rack1"
  persistedOpStateExpiry: 0
  uuid128 {
    mostSigBits: 8843996819526864828
    leastSigBits: -6168809031416496964
  }
}
dataNodeLayoutVersion {
  metadataLayoutVersion: 7
  softwareLayoutVersion: 7
}
commandQueueReport {
  command: createPipelineCommand
  command: deleteBlocksCommand
  command: closeContainerCommand
  command: replicateContainerCommand
  command: deleteContainerCommand
  command: closePipelineCommand
  command: setNodeOperationalStateCommand
  command: finalizeNewLayoutVersionCommand
  command: reconstructECContainersCommand
  command: refreshVolumeUsageInfo
  count: 0
  count: 0
  count: 0
  count: 0
  count: 0
  count: 0
  count: 0
  count: 0
  count: 0
  count: 0
}

2023-10-17 18:46:02,758 [EndpointStateMachine task thread for /0.0.0.0:15228 - 0 ] DEBUG endpoint.HeartbeatEndpointTask (HeartbeatEndpointTask.java:call(182)) - Sending heartbeat message :: datanodeDetails {
  uuid: "6484543a-767b-4be3-933a-0df7ebf5f58a"
  ipAddress: "10.1.0.25"
  hostName: "fv-az189-115"
  ports {
    name: "HTTP"
    value: 15235
  }
  ports {
    name: "CLIENT_RPC"
    value: 15236
  }
  ports {
    name: "REPLICATION"
    value: 15242
  }
  ports {
    name: "RATIS"
    value: 15238
  }
  ports {
    name: "RATIS_ADMIN"
    value: 15239
  }
  ports {
    name: "RATIS_SERVER"
    value: 15240
  }
  ports {
    name: "RATIS_DATASTREAM"
    value: 15241
  }
  ports {
    name: "STANDALONE"
    value: 15237
  }
  networkName: "6484543a-767b-4be3-933a-0df7ebf5f58a"
  networkLocation: "/rack1"
  persistedOpStateExpiry: 0
  uuid128 {
    mostSigBits: 7243006710791228387
    leastSigBits: -7837936843018078838
  }
}
dataNodeLayoutVersion {
  metadataLayoutVersion: 7
  softwareLayoutVersion: 7
}
commandQueueReport {
  command: createPipelineCommand
  command: deleteBlocksCommand
  command: closeContainerCommand
  command: replicateContainerCommand
  command: deleteContainerCommand
  command: closePipelineCommand
  command: setNodeOperationalStateCommand
  command: finalizeNewLayoutVersionCommand
  command: reconstructECContainersCommand
  command: refreshVolumeUsageInfo
  count: 0
  count: 0
  count: 0
  count: 0
  count: 0
  count: 0
  count: 0
  count: 0
  count: 0
  count: 0
}

2023-10-17 18:46:02,979 [EndpointStateMachine task thread for /0.0.0.0:15228 - 0 ] DEBUG endpoint.HeartbeatEndpointTask (HeartbeatEndpointTask.java:call(182)) - Sending heartbeat message :: datanodeDetails {
  uuid: "eb2139cf-2f93-40e0-8f6b-119ef4e9cafb"
  ipAddress: "10.1.0.25"
  hostName: "fv-az189-115"
  ports {
    name: "HTTP"
    value: 15244
  }
  ports {
    name: "CLIENT_RPC"
    value: 15245
  }
  ports {
    name: "REPLICATION"
    value: 15251
  }
  ports {
    name: "RATIS"
    value: 15247
  }
  ports {
    name: "RATIS_ADMIN"
    value: 15248
  }
  ports {
    name: "RATIS_SERVER"
    value: 15249
  }
  ports {
    name: "RATIS_DATASTREAM"
    value: 15250
  }
  ports {
    name: "STANDALONE"
    value: 15246
  }
  networkName: "eb2139cf-2f93-40e0-8f6b-119ef4e9cafb"
  networkLocation: "/rack1"
  persistedOpStateExpiry: 0
  uuid128 {
    mostSigBits: -1503857238545841952
    leastSigBits: -8112370929366349061
  }
}
dataNodeLayoutVersion {
  metadataLayoutVersion: 7
  softwareLayoutVersion: 7
}
commandQueueReport {
  command: createPipelineCommand
  command: deleteBlocksCommand
  command: closeContainerCommand
  command: replicateContainerCommand
  command: deleteContainerCommand
  command: closePipelineCommand
  command: setNodeOperationalStateCommand
  command: finalizeNewLayoutVersionCommand
  command: reconstructECContainersCommand
  command: refreshVolumeUsageInfo
  count: 0
  count: 0
  count: 0
  count: 0
  count: 0
  count: 0
  count: 0
  count: 0
  count: 0
  count: 0
}

2023-10-17 18:46:03,023 [EndpointStateMachine task thread for /0.0.0.0:15228 - 0 ] DEBUG endpoint.HeartbeatEndpointTask (HeartbeatEndpointTask.java:call(182)) - Sending heartbeat message :: datanodeDetails {
  uuid: "7abc303f-f695-4fbc-aa63-fcdea332bcbc"
  ipAddress: "10.1.0.25"
  hostName: "fv-az189-115"
  ports {
    name: "HTTP"
    value: 15253
  }
  ports {
    name: "CLIENT_RPC"
    value: 15254
  }
  ports {
    name: "REPLICATION"
    value: 15260
  }
  ports {
    name: "RATIS"
    value: 15256
  }
  ports {
    name: "RATIS_ADMIN"
    value: 15257
  }
  ports {
    name: "RATIS_SERVER"
    value: 15258
  }
  ports {
    name: "RATIS_DATASTREAM"
    value: 15259
  }
  ports {
    name: "STANDALONE"
    value: 15255
  }
  networkName: "7abc303f-f695-4fbc-aa63-fcdea332bcbc"
  networkLocation: "/rack1"
  persistedOpStateExpiry: 0
  uuid128 {
    mostSigBits: 8843996819526864828
    leastSigBits: -6168809031416496964
  }
}
dataNodeLayoutVersion {
  metadataLayoutVersion: 7
  softwareLayoutVersion: 7
}
commandQueueReport {
  command: createPipelineCommand
  command: deleteBlocksCommand
  command: closeContainerCommand
  command: replicateContainerCommand
  command: deleteContainerCommand
  command: closePipelineCommand
  command: setNodeOperationalStateCommand
  command: finalizeNewLayoutVersionCommand
  command: reconstructECContainersCommand
  command: refreshVolumeUsageInfo
  count: 0
  count: 0
  count: 0
  count: 0
  count: 0
  count: 0
  count: 0
  count: 0
  count: 0
  count: 0
}

2023-10-17 18:46:03,758 [EndpointStateMachine task thread for /0.0.0.0:15228 - 0 ] DEBUG endpoint.HeartbeatEndpointTask (HeartbeatEndpointTask.java:call(182)) - Sending heartbeat message :: datanodeDetails {
  uuid: "6484543a-767b-4be3-933a-0df7ebf5f58a"
  ipAddress: "10.1.0.25"
  hostName: "fv-az189-115"
  ports {
    name: "HTTP"
    value: 15235
  }
  ports {
    name: "CLIENT_RPC"
    value: 15236
  }
  ports {
    name: "REPLICATION"
    value: 15242
  }
  ports {
    name: "RATIS"
    value: 15238
  }
  ports {
    name: "RATIS_ADMIN"
    value: 15239
  }
  ports {
    name: "RATIS_SERVER"
    value: 15240
  }
  ports {
    name: "RATIS_DATASTREAM"
    value: 15241
  }
  ports {
    name: "STANDALONE"
    value: 15237
  }
  networkName: "6484543a-767b-4be3-933a-0df7ebf5f58a"
  networkLocation: "/rack1"
  persistedOpStateExpiry: 0
  uuid128 {
    mostSigBits: 7243006710791228387
    leastSigBits: -7837936843018078838
  }
}
dataNodeLayoutVersion {
  metadataLayoutVersion: 7
  softwareLayoutVersion: 7
}
commandQueueReport {
  command: createPipelineCommand
  command: deleteBlocksCommand
  command: closeContainerCommand
  command: replicateContainerCommand
  command: deleteContainerCommand
  command: closePipelineCommand
  command: setNodeOperationalStateCommand
  command: finalizeNewLayoutVersionCommand
  command: reconstructECContainersCommand
  command: refreshVolumeUsageInfo
  count: 0
  count: 0
  count: 0
  count: 0
  count: 0
  count: 0
  count: 0
  count: 0
  count: 0
  count: 0
}

2023-10-17 18:46:03,979 [EndpointStateMachine task thread for /0.0.0.0:15228 - 0 ] DEBUG endpoint.HeartbeatEndpointTask (HeartbeatEndpointTask.java:call(182)) - Sending heartbeat message :: datanodeDetails {
  uuid: "eb2139cf-2f93-40e0-8f6b-119ef4e9cafb"
  ipAddress: "10.1.0.25"
  hostName: "fv-az189-115"
  ports {
    name: "HTTP"
    value: 15244
  }
  ports {
    name: "CLIENT_RPC"
    value: 15245
  }
  ports {
    name: "REPLICATION"
    value: 15251
  }
  ports {
    name: "RATIS"
    value: 15247
  }
  ports {
    name: "RATIS_ADMIN"
    value: 15248
  }
  ports {
    name: "RATIS_SERVER"
    value: 15249
  }
  ports {
    name: "RATIS_DATASTREAM"
    value: 15250
  }
  ports {
    name: "STANDALONE"
    value: 15246
  }
  networkName: "eb2139cf-2f93-40e0-8f6b-119ef4e9cafb"
  networkLocation: "/rack1"
  persistedOpStateExpiry: 0
  uuid128 {
    mostSigBits: -1503857238545841952
    leastSigBits: -8112370929366349061
  }
}
dataNodeLayoutVersion {
  metadataLayoutVersion: 7
  softwareLayoutVersion: 7
}
commandQueueReport {
  command: createPipelineCommand
  command: deleteBlocksCommand
  command: closeContainerCommand
  command: replicateContainerCommand
  command: deleteContainerCommand
  command: closePipelineCommand
  command: setNodeOperationalStateCommand
  command: finalizeNewLayoutVersionCommand
  command: reconstructECContainersCommand
  command: refreshVolumeUsageInfo
  count: 0
  count: 0
  count: 0
  count: 0
  count: 0
  count: 0
  count: 0
  count: 0
  count: 0
  count: 0
}

2023-10-17 18:46:04,023 [EndpointStateMachine task thread for /0.0.0.0:15228 - 0 ] DEBUG endpoint.HeartbeatEndpointTask (HeartbeatEndpointTask.java:call(182)) - Sending heartbeat message :: datanodeDetails {
  uuid: "7abc303f-f695-4fbc-aa63-fcdea332bcbc"
  ipAddress: "10.1.0.25"
  hostName: "fv-az189-115"
  ports {
    name: "HTTP"
    value: 15253
  }
  ports {
    name: "CLIENT_RPC"
    value: 15254
  }
  ports {
    name: "REPLICATION"
    value: 15260
  }
  ports {
    name: "RATIS"
    value: 15256
  }
  ports {
    name: "RATIS_ADMIN"
    value: 15257
  }
  ports {
    name: "RATIS_SERVER"
    value: 15258
  }
  ports {
    name: "RATIS_DATASTREAM"
    value: 15259
  }
  ports {
    name: "STANDALONE"
    value: 15255
  }
  networkName: "7abc303f-f695-4fbc-aa63-fcdea332bcbc"
  networkLocation: "/rack1"
  persistedOpStateExpiry: 0
  uuid128 {
    mostSigBits: 8843996819526864828
    leastSigBits: -6168809031416496964
  }
}
dataNodeLayoutVersion {
  metadataLayoutVersion: 7
  softwareLayoutVersion: 7
}
commandQueueReport {
  command: createPipelineCommand
  command: deleteBlocksCommand
  command: closeContainerCommand
  command: replicateContainerCommand
  command: deleteContainerCommand
  command: closePipelineCommand
  command: setNodeOperationalStateCommand
  command: finalizeNewLayoutVersionCommand
  command: reconstructECContainersCommand
  command: refreshVolumeUsageInfo
  count: 0
  count: 0
  count: 0
  count: 0
  count: 0
  count: 0
  count: 0
  count: 0
  count: 0
  count: 0
}

2023-10-17 18:46:04,758 [EndpointStateMachine task thread for /0.0.0.0:15228 - 0 ] DEBUG endpoint.HeartbeatEndpointTask (HeartbeatEndpointTask.java:call(182)) - Sending heartbeat message :: datanodeDetails {
  uuid: "6484543a-767b-4be3-933a-0df7ebf5f58a"
  ipAddress: "10.1.0.25"
  hostName: "fv-az189-115"
  ports {
    name: "HTTP"
    value: 15235
  }
  ports {
    name: "CLIENT_RPC"
    value: 15236
  }
  ports {
    name: "REPLICATION"
    value: 15242
  }
  ports {
    name: "RATIS"
    value: 15238
  }
  ports {
    name: "RATIS_ADMIN"
    value: 15239
  }
  ports {
    name: "RATIS_SERVER"
    value: 15240
  }
  ports {
    name: "RATIS_DATASTREAM"
    value: 15241
  }
  ports {
    name: "STANDALONE"
    value: 15237
  }
  networkName: "6484543a-767b-4be3-933a-0df7ebf5f58a"
  networkLocation: "/rack1"
  persistedOpStateExpiry: 0
  uuid128 {
    mostSigBits: 7243006710791228387
    leastSigBits: -7837936843018078838
  }
}
dataNodeLayoutVersion {
  metadataLayoutVersion: 7
  softwareLayoutVersion: 7
}
commandQueueReport {
  command: createPipelineCommand
  command: deleteBlocksCommand
  command: closeContainerCommand
  command: replicateContainerCommand
  command: deleteContainerCommand
  command: closePipelineCommand
  command: setNodeOperationalStateCommand
  command: finalizeNewLayoutVersionCommand
  command: reconstructECContainersCommand
  command: refreshVolumeUsageInfo
  count: 0
  count: 0
  count: 0
  count: 0
  count: 0
  count: 0
  count: 0
  count: 0
  count: 0
  count: 0
}

2023-10-17 18:46:04,979 [EndpointStateMachine task thread for /0.0.0.0:15228 - 0 ] DEBUG endpoint.HeartbeatEndpointTask (HeartbeatEndpointTask.java:call(182)) - Sending heartbeat message :: datanodeDetails {
  uuid: "eb2139cf-2f93-40e0-8f6b-119ef4e9cafb"
  ipAddress: "10.1.0.25"
  hostName: "fv-az189-115"
  ports {
    name: "HTTP"
    value: 15244
  }
  ports {
    name: "CLIENT_RPC"
    value: 15245
  }
  ports {
    name: "REPLICATION"
    value: 15251
  }
  ports {
    name: "RATIS"
    value: 15247
  }
  ports {
    name: "RATIS_ADMIN"
    value: 15248
  }
  ports {
    name: "RATIS_SERVER"
    value: 15249
  }
  ports {
    name: "RATIS_DATASTREAM"
    value: 15250
  }
  ports {
    name: "STANDALONE"
    value: 15246
  }
  networkName: "eb2139cf-2f93-40e0-8f6b-119ef4e9cafb"
  networkLocation: "/rack1"
  persistedOpStateExpiry: 0
  uuid128 {
    mostSigBits: -1503857238545841952
    leastSigBits: -8112370929366349061
  }
}
dataNodeLayoutVersion {
  metadataLayoutVersion: 7
  softwareLayoutVersion: 7
}
commandQueueReport {
  command: createPipelineCommand
  command: deleteBlocksCommand
  command: closeContainerCommand
  command: replicateContainerCommand
  command: deleteContainerCommand
  command: closePipelineCommand
  command: setNodeOperationalStateCommand
  command: finalizeNewLayoutVersionCommand
  command: reconstructECContainersCommand
  command: refreshVolumeUsageInfo
  count: 0
  count: 0
  count: 0
  count: 0
  count: 0
  count: 0
  count: 0
  count: 0
  count: 0
  count: 0
}

2023-10-17 18:46:05,023 [EndpointStateMachine task thread for /0.0.0.0:15228 - 0 ] DEBUG endpoint.HeartbeatEndpointTask (HeartbeatEndpointTask.java:call(182)) - Sending heartbeat message :: datanodeDetails {
  uuid: "7abc303f-f695-4fbc-aa63-fcdea332bcbc"
  ipAddress: "10.1.0.25"
  hostName: "fv-az189-115"
  ports {
    name: "HTTP"
    value: 15253
  }
  ports {
    name: "CLIENT_RPC"
    value: 15254
  }
  ports {
    name: "REPLICATION"
    value: 15260
  }
  ports {
    name: "RATIS"
    value: 15256
  }
  ports {
    name: "RATIS_ADMIN"
    value: 15257
  }
  ports {
    name: "RATIS_SERVER"
    value: 15258
  }
  ports {
    name: "RATIS_DATASTREAM"
    value: 15259
  }
  ports {
    name: "STANDALONE"
    value: 15255
  }
  networkName: "7abc303f-f695-4fbc-aa63-fcdea332bcbc"
  networkLocation: "/rack1"
  persistedOpStateExpiry: 0
  uuid128 {
    mostSigBits: 8843996819526864828
    leastSigBits: -6168809031416496964
  }
}
dataNodeLayoutVersion {
  metadataLayoutVersion: 7
  softwareLayoutVersion: 7
}
commandQueueReport {
  command: createPipelineCommand
  command: deleteBlocksCommand
  command: closeContainerCommand
  command: replicateContainerCommand
  command: deleteContainerCommand
  command: closePipelineCommand
  command: setNodeOperationalStateCommand
  command: finalizeNewLayoutVersionCommand
  command: reconstructECContainersCommand
  command: refreshVolumeUsageInfo
  count: 0
  count: 0
  count: 0
  count: 0
  count: 0
  count: 0
  count: 0
  count: 0
  count: 0
  count: 0
}

2023-10-17 18:46:05,758 [EndpointStateMachine task thread for /0.0.0.0:15228 - 0 ] DEBUG endpoint.HeartbeatEndpointTask (HeartbeatEndpointTask.java:call(182)) - Sending heartbeat message :: datanodeDetails {
  uuid: "6484543a-767b-4be3-933a-0df7ebf5f58a"
  ipAddress: "10.1.0.25"
  hostName: "fv-az189-115"
  ports {
    name: "HTTP"
    value: 15235
  }
  ports {
    name: "CLIENT_RPC"
    value: 15236
  }
  ports {
    name: "REPLICATION"
    value: 15242
  }
  ports {
    name: "RATIS"
    value: 15238
  }
  ports {
    name: "RATIS_ADMIN"
    value: 15239
  }
  ports {
    name: "RATIS_SERVER"
    value: 15240
  }
  ports {
    name: "RATIS_DATASTREAM"
    value: 15241
  }
  ports {
    name: "STANDALONE"
    value: 15237
  }
  networkName: "6484543a-767b-4be3-933a-0df7ebf5f58a"
  networkLocation: "/rack1"
  persistedOpStateExpiry: 0
  uuid128 {
    mostSigBits: 7243006710791228387
    leastSigBits: -7837936843018078838
  }
}
dataNodeLayoutVersion {
  metadataLayoutVersion: 7
  softwareLayoutVersion: 7
}
commandQueueReport {
  command: createPipelineCommand
  command: deleteBlocksCommand
  command: closeContainerCommand
  command: replicateContainerCommand
  command: deleteContainerCommand
  command: closePipelineCommand
  command: setNodeOperationalStateCommand
  command: finalizeNewLayoutVersionCommand
  command: reconstructECContainersCommand
  command: refreshVolumeUsageInfo
  count: 0
  count: 0
  count: 0
  count: 0
  count: 0
  count: 0
  count: 0
  count: 0
  count: 0
  count: 0
}

2023-10-17 18:46:05,979 [EndpointStateMachine task thread for /0.0.0.0:15228 - 0 ] DEBUG endpoint.HeartbeatEndpointTask (HeartbeatEndpointTask.java:call(182)) - Sending heartbeat message :: datanodeDetails {
  uuid: "eb2139cf-2f93-40e0-8f6b-119ef4e9cafb"
  ipAddress: "10.1.0.25"
  hostName: "fv-az189-115"
  ports {
    name: "HTTP"
    value: 15244
  }
  ports {
    name: "CLIENT_RPC"
    value: 15245
  }
  ports {
    name: "REPLICATION"
    value: 15251
  }
  ports {
    name: "RATIS"
    value: 15247
  }
  ports {
    name: "RATIS_ADMIN"
    value: 15248
  }
  ports {
    name: "RATIS_SERVER"
    value: 15249
  }
  ports {
    name: "RATIS_DATASTREAM"
    value: 15250
  }
  ports {
    name: "STANDALONE"
    value: 15246
  }
  networkName: "eb2139cf-2f93-40e0-8f6b-119ef4e9cafb"
  networkLocation: "/rack1"
  persistedOpStateExpiry: 0
  uuid128 {
    mostSigBits: -1503857238545841952
    leastSigBits: -8112370929366349061
  }
}
dataNodeLayoutVersion {
  metadataLayoutVersion: 7
  softwareLayoutVersion: 7
}
commandQueueReport {
  command: createPipelineCommand
  command: deleteBlocksCommand
  command: closeContainerCommand
  command: replicateContainerCommand
  command: deleteContainerCommand
  command: closePipelineCommand
  command: setNodeOperationalStateCommand
  command: finalizeNewLayoutVersionCommand
  command: reconstructECContainersCommand
  command: refreshVolumeUsageInfo
  count: 0
  count: 0
  count: 0
  count: 0
  count: 0
  count: 0
  count: 0
  count: 0
  count: 0
  count: 0
}

2023-10-17 18:46:06,023 [EndpointStateMachine task thread for /0.0.0.0:15228 - 0 ] DEBUG endpoint.HeartbeatEndpointTask (HeartbeatEndpointTask.java:call(182)) - Sending heartbeat message :: datanodeDetails {
  uuid: "7abc303f-f695-4fbc-aa63-fcdea332bcbc"
  ipAddress: "10.1.0.25"
  hostName: "fv-az189-115"
  ports {
    name: "HTTP"
    value: 15253
  }
  ports {
    name: "CLIENT_RPC"
    value: 15254
  }
  ports {
    name: "REPLICATION"
    value: 15260
  }
  ports {
    name: "RATIS"
    value: 15256
  }
  ports {
    name: "RATIS_ADMIN"
    value: 15257
  }
  ports {
    name: "RATIS_SERVER"
    value: 15258
  }
  ports {
    name: "RATIS_DATASTREAM"
    value: 15259
  }
  ports {
    name: "STANDALONE"
    value: 15255
  }
  networkName: "7abc303f-f695-4fbc-aa63-fcdea332bcbc"
  networkLocation: "/rack1"
  persistedOpStateExpiry: 0
  uuid128 {
    mostSigBits: 8843996819526864828
    leastSigBits: -6168809031416496964
  }
}
dataNodeLayoutVersion {
  metadataLayoutVersion: 7
  softwareLayoutVersion: 7
}
commandQueueReport {
  command: createPipelineCommand
  command: deleteBlocksCommand
  command: closeContainerCommand
  command: replicateContainerCommand
  command: deleteContainerCommand
  command: closePipelineCommand
  command: setNodeOperationalStateCommand
  command: finalizeNewLayoutVersionCommand
  command: reconstructECContainersCommand
  command: refreshVolumeUsageInfo
  count: 0
  count: 0
  count: 0
  count: 0
  count: 0
  count: 0
  count: 0
  count: 0
  count: 0
  count: 0
}

2023-10-17 18:46:06,758 [EndpointStateMachine task thread for /0.0.0.0:15228 - 0 ] DEBUG endpoint.HeartbeatEndpointTask (HeartbeatEndpointTask.java:call(182)) - Sending heartbeat message :: datanodeDetails {
  uuid: "6484543a-767b-4be3-933a-0df7ebf5f58a"
  ipAddress: "10.1.0.25"
  hostName: "fv-az189-115"
  ports {
    name: "HTTP"
    value: 15235
  }
  ports {
    name: "CLIENT_RPC"
    value: 15236
  }
  ports {
    name: "REPLICATION"
    value: 15242
  }
  ports {
    name: "RATIS"
    value: 15238
  }
  ports {
    name: "RATIS_ADMIN"
    value: 15239
  }
  ports {
    name: "RATIS_SERVER"
    value: 15240
  }
  ports {
    name: "RATIS_DATASTREAM"
    value: 15241
  }
  ports {
    name: "STANDALONE"
    value: 15237
  }
  networkName: "6484543a-767b-4be3-933a-0df7ebf5f58a"
  networkLocation: "/rack1"
  persistedOpStateExpiry: 0
  uuid128 {
    mostSigBits: 7243006710791228387
    leastSigBits: -7837936843018078838
  }
}
dataNodeLayoutVersion {
  metadataLayoutVersion: 7
  softwareLayoutVersion: 7
}
commandQueueReport {
  command: createPipelineCommand
  command: deleteBlocksCommand
  command: closeContainerCommand
  command: replicateContainerCommand
  command: deleteContainerCommand
  command: closePipelineCommand
  command: setNodeOperationalStateCommand
  command: finalizeNewLayoutVersionCommand
  command: reconstructECContainersCommand
  command: refreshVolumeUsageInfo
  count: 0
  count: 0
  count: 0
  count: 0
  count: 0
  count: 0
  count: 0
  count: 0
  count: 0
  count: 0
}

2023-10-17 18:46:06,979 [EndpointStateMachine task thread for /0.0.0.0:15228 - 0 ] DEBUG endpoint.HeartbeatEndpointTask (HeartbeatEndpointTask.java:call(182)) - Sending heartbeat message :: datanodeDetails {
  uuid: "eb2139cf-2f93-40e0-8f6b-119ef4e9cafb"
  ipAddress: "10.1.0.25"
  hostName: "fv-az189-115"
  ports {
    name: "HTTP"
    value: 15244
  }
  ports {
    name: "CLIENT_RPC"
    value: 15245
  }
  ports {
    name: "REPLICATION"
    value: 15251
  }
  ports {
    name: "RATIS"
    value: 15247
  }
  ports {
    name: "RATIS_ADMIN"
    value: 15248
  }
  ports {
    name: "RATIS_SERVER"
    value: 15249
  }
  ports {
    name: "RATIS_DATASTREAM"
    value: 15250
  }
  ports {
    name: "STANDALONE"
    value: 15246
  }
  networkName: "eb2139cf-2f93-40e0-8f6b-119ef4e9cafb"
  networkLocation: "/rack1"
  persistedOpStateExpiry: 0
  uuid128 {
    mostSigBits: -1503857238545841952
    leastSigBits: -8112370929366349061
  }
}
dataNodeLayoutVersion {
  metadataLayoutVersion: 7
  softwareLayoutVersion: 7
}
commandQueueReport {
  command: createPipelineCommand
  command: deleteBlocksCommand
  command: closeContainerCommand
  command: replicateContainerCommand
  command: deleteContainerCommand
  command: closePipelineCommand
  command: setNodeOperationalStateCommand
  command: finalizeNewLayoutVersionCommand
  command: reconstructECContainersCommand
  command: refreshVolumeUsageInfo
  count: 0
  count: 0
  count: 0
  count: 0
  count: 0
  count: 0
  count: 0
  count: 0
  count: 0
  count: 0
}

2023-10-17 18:46:07,023 [EndpointStateMachine task thread for /0.0.0.0:15228 - 0 ] DEBUG endpoint.HeartbeatEndpointTask (HeartbeatEndpointTask.java:call(182)) - Sending heartbeat message :: datanodeDetails {
  uuid: "7abc303f-f695-4fbc-aa63-fcdea332bcbc"
  ipAddress: "10.1.0.25"
  hostName: "fv-az189-115"
  ports {
    name: "HTTP"
    value: 15253
  }
  ports {
    name: "CLIENT_RPC"
    value: 15254
  }
  ports {
    name: "REPLICATION"
    value: 15260
  }
  ports {
    name: "RATIS"
    value: 15256
  }
  ports {
    name: "RATIS_ADMIN"
    value: 15257
  }
  ports {
    name: "RATIS_SERVER"
    value: 15258
  }
  ports {
    name: "RATIS_DATASTREAM"
    value: 15259
  }
  ports {
    name: "STANDALONE"
    value: 15255
  }
  networkName: "7abc303f-f695-4fbc-aa63-fcdea332bcbc"
  networkLocation: "/rack1"
  persistedOpStateExpiry: 0
  uuid128 {
    mostSigBits: 8843996819526864828
    leastSigBits: -6168809031416496964
  }
}
dataNodeLayoutVersion {
  metadataLayoutVersion: 7
  softwareLayoutVersion: 7
}
commandQueueReport {
  command: createPipelineCommand
  command: deleteBlocksCommand
  command: closeContainerCommand
  command: replicateContainerCommand
  command: deleteContainerCommand
  command: closePipelineCommand
  command: setNodeOperationalStateCommand
  command: finalizeNewLayoutVersionCommand
  command: reconstructECContainersCommand
  command: refreshVolumeUsageInfo
  count: 0
  count: 0
  count: 0
  count: 0
  count: 0
  count: 0
  count: 0
  count: 0
  count: 0
  count: 0
}

2023-10-17 18:46:07,758 [EndpointStateMachine task thread for /0.0.0.0:15228 - 0 ] DEBUG endpoint.HeartbeatEndpointTask (HeartbeatEndpointTask.java:call(182)) - Sending heartbeat message :: datanodeDetails {
  uuid: "6484543a-767b-4be3-933a-0df7ebf5f58a"
  ipAddress: "10.1.0.25"
  hostName: "fv-az189-115"
  ports {
    name: "HTTP"
    value: 15235
  }
  ports {
    name: "CLIENT_RPC"
    value: 15236
  }
  ports {
    name: "REPLICATION"
    value: 15242
  }
  ports {
    name: "RATIS"
    value: 15238
  }
  ports {
    name: "RATIS_ADMIN"
    value: 15239
  }
  ports {
    name: "RATIS_SERVER"
    value: 15240
  }
  ports {
    name: "RATIS_DATASTREAM"
    value: 15241
  }
  ports {
    name: "STANDALONE"
    value: 15237
  }
  networkName: "6484543a-767b-4be3-933a-0df7ebf5f58a"
  networkLocation: "/rack1"
  persistedOpStateExpiry: 0
  uuid128 {
    mostSigBits: 7243006710791228387
    leastSigBits: -7837936843018078838
  }
}
dataNodeLayoutVersion {
  metadataLayoutVersion: 7
  softwareLayoutVersion: 7
}
commandQueueReport {
  command: createPipelineCommand
  command: deleteBlocksCommand
  command: closeContainerCommand
  command: replicateContainerCommand
  command: deleteContainerCommand
  command: closePipelineCommand
  command: setNodeOperationalStateCommand
  command: finalizeNewLayoutVersionCommand
  command: reconstructECContainersCommand
  command: refreshVolumeUsageInfo
  count: 0
  count: 0
  count: 0
  count: 0
  count: 0
  count: 0
  count: 0
  count: 0
  count: 0
  count: 0
}

2023-10-17 18:46:07,979 [EndpointStateMachine task thread for /0.0.0.0:15228 - 0 ] DEBUG endpoint.HeartbeatEndpointTask (HeartbeatEndpointTask.java:call(182)) - Sending heartbeat message :: datanodeDetails {
  uuid: "eb2139cf-2f93-40e0-8f6b-119ef4e9cafb"
  ipAddress: "10.1.0.25"
  hostName: "fv-az189-115"
  ports {
    name: "HTTP"
    value: 15244
  }
  ports {
    name: "CLIENT_RPC"
    value: 15245
  }
  ports {
    name: "REPLICATION"
    value: 15251
  }
  ports {
    name: "RATIS"
    value: 15247
  }
  ports {
    name: "RATIS_ADMIN"
    value: 15248
  }
  ports {
    name: "RATIS_SERVER"
    value: 15249
  }
  ports {
    name: "RATIS_DATASTREAM"
    value: 15250
  }
  ports {
    name: "STANDALONE"
    value: 15246
  }
  networkName: "eb2139cf-2f93-40e0-8f6b-119ef4e9cafb"
  networkLocation: "/rack1"
  persistedOpStateExpiry: 0
  uuid128 {
    mostSigBits: -1503857238545841952
    leastSigBits: -8112370929366349061
  }
}
dataNodeLayoutVersion {
  metadataLayoutVersion: 7
  softwareLayoutVersion: 7
}
commandQueueReport {
  command: createPipelineCommand
  command: deleteBlocksCommand
  command: closeContainerCommand
  command: replicateContainerCommand
  command: deleteContainerCommand
  command: closePipelineCommand
  command: setNodeOperationalStateCommand
  command: finalizeNewLayoutVersionCommand
  command: reconstructECContainersCommand
  command: refreshVolumeUsageInfo
  count: 0
  count: 0
  count: 0
  count: 0
  count: 0
  count: 0
  count: 0
  count: 0
  count: 0
  count: 0
}

2023-10-17 18:46:08,023 [EndpointStateMachine task thread for /0.0.0.0:15228 - 0 ] DEBUG endpoint.HeartbeatEndpointTask (HeartbeatEndpointTask.java:call(182)) - Sending heartbeat message :: datanodeDetails {
  uuid: "7abc303f-f695-4fbc-aa63-fcdea332bcbc"
  ipAddress: "10.1.0.25"
  hostName: "fv-az189-115"
  ports {
    name: "HTTP"
    value: 15253
  }
  ports {
    name: "CLIENT_RPC"
    value: 15254
  }
  ports {
    name: "REPLICATION"
    value: 15260
  }
  ports {
    name: "RATIS"
    value: 15256
  }
  ports {
    name: "RATIS_ADMIN"
    value: 15257
  }
  ports {
    name: "RATIS_SERVER"
    value: 15258
  }
  ports {
    name: "RATIS_DATASTREAM"
    value: 15259
  }
  ports {
    name: "STANDALONE"
    value: 15255
  }
  networkName: "7abc303f-f695-4fbc-aa63-fcdea332bcbc"
  networkLocation: "/rack1"
  persistedOpStateExpiry: 0
  uuid128 {
    mostSigBits: 8843996819526864828
    leastSigBits: -6168809031416496964
  }
}
dataNodeLayoutVersion {
  metadataLayoutVersion: 7
  softwareLayoutVersion: 7
}
commandQueueReport {
  command: createPipelineCommand
  command: deleteBlocksCommand
  command: closeContainerCommand
  command: replicateContainerCommand
  command: deleteContainerCommand
  command: closePipelineCommand
  command: setNodeOperationalStateCommand
  command: finalizeNewLayoutVersionCommand
  command: reconstructECContainersCommand
  command: refreshVolumeUsageInfo
  count: 0
  count: 0
  count: 0
  count: 0
  count: 0
  count: 0
  count: 0
  count: 0
  count: 0
  count: 0
}

2023-10-17 18:46:08,757 [EndpointStateMachine task thread for /0.0.0.0:15228 - 0 ] DEBUG endpoint.HeartbeatEndpointTask (HeartbeatEndpointTask.java:call(182)) - Sending heartbeat message :: datanodeDetails {
  uuid: "6484543a-767b-4be3-933a-0df7ebf5f58a"
  ipAddress: "10.1.0.25"
  hostName: "fv-az189-115"
  ports {
    name: "HTTP"
    value: 15235
  }
  ports {
    name: "CLIENT_RPC"
    value: 15236
  }
  ports {
    name: "REPLICATION"
    value: 15242
  }
  ports {
    name: "RATIS"
    value: 15238
  }
  ports {
    name: "RATIS_ADMIN"
    value: 15239
  }
  ports {
    name: "RATIS_SERVER"
    value: 15240
  }
  ports {
    name: "RATIS_DATASTREAM"
    value: 15241
  }
  ports {
    name: "STANDALONE"
    value: 15237
  }
  networkName: "6484543a-767b-4be3-933a-0df7ebf5f58a"
  networkLocation: "/rack1"
  persistedOpStateExpiry: 0
  uuid128 {
    mostSigBits: 7243006710791228387
    leastSigBits: -7837936843018078838
  }
}
dataNodeLayoutVersion {
  metadataLayoutVersion: 7
  softwareLayoutVersion: 7
}
commandQueueReport {
  command: createPipelineCommand
  command: deleteBlocksCommand
  command: closeContainerCommand
  command: replicateContainerCommand
  command: deleteContainerCommand
  command: closePipelineCommand
  command: setNodeOperationalStateCommand
  command: finalizeNewLayoutVersionCommand
  command: reconstructECContainersCommand
  command: refreshVolumeUsageInfo
  count: 0
  count: 0
  count: 0
  count: 0
  count: 0
  count: 0
  count: 0
  count: 0
  count: 0
  count: 0
}

2023-10-17 18:46:08,978 [EndpointStateMachine task thread for /0.0.0.0:15228 - 0 ] DEBUG endpoint.HeartbeatEndpointTask (HeartbeatEndpointTask.java:call(182)) - Sending heartbeat message :: datanodeDetails {
  uuid: "eb2139cf-2f93-40e0-8f6b-119ef4e9cafb"
  ipAddress: "10.1.0.25"
  hostName: "fv-az189-115"
  ports {
    name: "HTTP"
    value: 15244
  }
  ports {
    name: "CLIENT_RPC"
    value: 15245
  }
  ports {
    name: "REPLICATION"
    value: 15251
  }
  ports {
    name: "RATIS"
    value: 15247
  }
  ports {
    name: "RATIS_ADMIN"
    value: 15248
  }
  ports {
    name: "RATIS_SERVER"
    value: 15249
  }
  ports {
    name: "RATIS_DATASTREAM"
    value: 15250
  }
  ports {
    name: "STANDALONE"
    value: 15246
  }
  networkName: "eb2139cf-2f93-40e0-8f6b-119ef4e9cafb"
  networkLocation: "/rack1"
  persistedOpStateExpiry: 0
  uuid128 {
    mostSigBits: -1503857238545841952
    leastSigBits: -8112370929366349061
  }
}
dataNodeLayoutVersion {
  metadataLayoutVersion: 7
  softwareLayoutVersion: 7
}
commandQueueReport {
  command: createPipelineCommand
  command: deleteBlocksCommand
  command: closeContainerCommand
  command: replicateContainerCommand
  command: deleteContainerCommand
  command: closePipelineCommand
  command: setNodeOperationalStateCommand
  command: finalizeNewLayoutVersionCommand
  command: reconstructECContainersCommand
  command: refreshVolumeUsageInfo
  count: 0
  count: 0
  count: 0
  count: 0
  count: 0
  count: 0
  count: 0
  count: 0
  count: 0
  count: 0
}

2023-10-17 18:46:09,023 [EndpointStateMachine task thread for /0.0.0.0:15228 - 0 ] DEBUG endpoint.HeartbeatEndpointTask (HeartbeatEndpointTask.java:call(182)) - Sending heartbeat message :: datanodeDetails {
  uuid: "7abc303f-f695-4fbc-aa63-fcdea332bcbc"
  ipAddress: "10.1.0.25"
  hostName: "fv-az189-115"
  ports {
    name: "HTTP"
    value: 15253
  }
  ports {
    name: "CLIENT_RPC"
    value: 15254
  }
  ports {
    name: "REPLICATION"
    value: 15260
  }
  ports {
    name: "RATIS"
    value: 15256
  }
  ports {
    name: "RATIS_ADMIN"
    value: 15257
  }
  ports {
    name: "RATIS_SERVER"
    value: 15258
  }
  ports {
    name: "RATIS_DATASTREAM"
    value: 15259
  }
  ports {
    name: "STANDALONE"
    value: 15255
  }
  networkName: "7abc303f-f695-4fbc-aa63-fcdea332bcbc"
  networkLocation: "/rack1"
  persistedOpStateExpiry: 0
  uuid128 {
    mostSigBits: 8843996819526864828
    leastSigBits: -6168809031416496964
  }
}
dataNodeLayoutVersion {
  metadataLayoutVersion: 7
  softwareLayoutVersion: 7
}
commandQueueReport {
  command: createPipelineCommand
  command: deleteBlocksCommand
  command: closeContainerCommand
  command: replicateContainerCommand
  command: deleteContainerCommand
  command: closePipelineCommand
  command: setNodeOperationalStateCommand
  command: finalizeNewLayoutVersionCommand
  command: reconstructECContainersCommand
  command: refreshVolumeUsageInfo
  count: 0
  count: 0
  count: 0
  count: 0
  count: 0
  count: 0
  count: 0
  count: 0
  count: 0
  count: 0
}

2023-10-17 18:46:09,757 [EndpointStateMachine task thread for /0.0.0.0:15228 - 0 ] DEBUG endpoint.HeartbeatEndpointTask (HeartbeatEndpointTask.java:call(182)) - Sending heartbeat message :: datanodeDetails {
  uuid: "6484543a-767b-4be3-933a-0df7ebf5f58a"
  ipAddress: "10.1.0.25"
  hostName: "fv-az189-115"
  ports {
    name: "HTTP"
    value: 15235
  }
  ports {
    name: "CLIENT_RPC"
    value: 15236
  }
  ports {
    name: "REPLICATION"
    value: 15242
  }
  ports {
    name: "RATIS"
    value: 15238
  }
  ports {
    name: "RATIS_ADMIN"
    value: 15239
  }
  ports {
    name: "RATIS_SERVER"
    value: 15240
  }
  ports {
    name: "RATIS_DATASTREAM"
    value: 15241
  }
  ports {
    name: "STANDALONE"
    value: 15237
  }
  networkName: "6484543a-767b-4be3-933a-0df7ebf5f58a"
  networkLocation: "/rack1"
  persistedOpStateExpiry: 0
  uuid128 {
    mostSigBits: 7243006710791228387
    leastSigBits: -7837936843018078838
  }
}
dataNodeLayoutVersion {
  metadataLayoutVersion: 7
  softwareLayoutVersion: 7
}
commandQueueReport {
  command: createPipelineCommand
  command: deleteBlocksCommand
  command: closeContainerCommand
  command: replicateContainerCommand
  command: deleteContainerCommand
  command: closePipelineCommand
  command: setNodeOperationalStateCommand
  command: finalizeNewLayoutVersionCommand
  command: reconstructECContainersCommand
  command: refreshVolumeUsageInfo
  count: 0
  count: 0
  count: 0
  count: 0
  count: 0
  count: 0
  count: 0
  count: 0
  count: 0
  count: 0
}

2023-10-17 18:46:09,979 [EndpointStateMachine task thread for /0.0.0.0:15228 - 0 ] DEBUG endpoint.HeartbeatEndpointTask (HeartbeatEndpointTask.java:call(182)) - Sending heartbeat message :: datanodeDetails {
  uuid: "eb2139cf-2f93-40e0-8f6b-119ef4e9cafb"
  ipAddress: "10.1.0.25"
  hostName: "fv-az189-115"
  ports {
    name: "HTTP"
    value: 15244
  }
  ports {
    name: "CLIENT_RPC"
    value: 15245
  }
  ports {
    name: "REPLICATION"
    value: 15251
  }
  ports {
    name: "RATIS"
    value: 15247
  }
  ports {
    name: "RATIS_ADMIN"
    value: 15248
  }
  ports {
    name: "RATIS_SERVER"
    value: 15249
  }
  ports {
    name: "RATIS_DATASTREAM"
    value: 15250
  }
  ports {
    name: "STANDALONE"
    value: 15246
  }
  networkName: "eb2139cf-2f93-40e0-8f6b-119ef4e9cafb"
  networkLocation: "/rack1"
  persistedOpStateExpiry: 0
  uuid128 {
    mostSigBits: -1503857238545841952
    leastSigBits: -8112370929366349061
  }
}
dataNodeLayoutVersion {
  metadataLayoutVersion: 7
  softwareLayoutVersion: 7
}
commandQueueReport {
  command: createPipelineCommand
  command: deleteBlocksCommand
  command: closeContainerCommand
  command: replicateContainerCommand
  command: deleteContainerCommand
  command: closePipelineCommand
  command: setNodeOperationalStateCommand
  command: finalizeNewLayoutVersionCommand
  command: reconstructECContainersCommand
  command: refreshVolumeUsageInfo
  count: 0
  count: 0
  count: 0
  count: 0
  count: 0
  count: 0
  count: 0
  count: 0
  count: 0
  count: 0
}

2023-10-17 18:46:09,983 [Time-limited test] INFO  ozone.MiniOzoneClusterImpl (MiniOzoneClusterImpl.java:shutdown(448)) - Shutting down the Mini Ozone Cluster
2023-10-17 18:46:09,983 [Time-limited test] INFO  ozone.MiniOzoneClusterImpl (MiniOzoneClusterImpl.java:stop(465)) - Stopping the Mini Ozone Cluster
2023-10-17 18:46:09,983 [Time-limited test] INFO  ozone.MiniOzoneClusterImpl (MiniOzoneClusterImpl.java:stopOM(556)) - Stopping the OzoneManager
2023-10-17 18:46:09,983 [Time-limited test] INFO  om.OzoneManager (OzoneManager.java:stop(2206)) - om1[localhost:15230]: Stopping Ozone Manager
2023-10-17 18:46:09,983 [Time-limited test] INFO  ipc.Server (Server.java:stop(3523)) - Stopping server on 15230
2023-10-17 18:46:09,988 [IPC Server Responder] INFO  ipc.Server (Server.java:run(1567)) - Stopping IPC Server Responder
2023-10-17 18:46:09,989 [Time-limited test] INFO  server.RaftServer (RaftServerProxy.java:lambda$close$6(416)) - om1: close
2023-10-17 18:46:09,989 [IPC Server listener on 15230] INFO  ipc.Server (Server.java:run(1434)) - Stopping IPC Server listener on 15230
2023-10-17 18:46:09,989 [Time-limited test] INFO  server.GrpcService (GrpcService.java:closeImpl(311)) - om1: shutdown server GrpcServerProtocolService now
2023-10-17 18:46:09,989 [om1-impl-thread1] INFO  server.RaftServer$Division (RaftServerImpl.java:lambda$close$4(466)) - om1@group-C5BA1605619E: shutdown
2023-10-17 18:46:09,989 [om1-impl-thread1] INFO  util.JmxRegister (JmxRegister.java:unregister(73)) - Successfully un-registered JMX Bean with object name Ratis:service=RaftServer,group=group-C5BA1605619E,id=om1
2023-10-17 18:46:09,989 [om1-impl-thread1] INFO  impl.RoleInfo (RoleInfo.java:shutdownLeaderState(93)) - om1: shutdown om1@group-C5BA1605619E-LeaderStateImpl
2023-10-17 18:46:09,990 [om1-impl-thread1] INFO  impl.PendingRequests (PendingRequests.java:sendNotLeaderResponses(289)) - om1@group-C5BA1605619E-PendingRequests: sendNotLeaderResponses
2023-10-17 18:46:09,990 [om1-impl-thread1] INFO  impl.StateMachineUpdater (StateMachineUpdater.java:stopAndJoin(155)) - om1@group-C5BA1605619E-StateMachineUpdater: set stopIndex = 0
2023-10-17 18:46:09,991 [om1@group-C5BA1605619E-StateMachineUpdater] INFO  ratis.OzoneManagerStateMachine (OzoneManagerStateMachine.java:takeSnapshot(483)) - Current Snapshot Index (t:1, i:0)
2023-10-17 18:46:09,992 [Time-limited test] INFO  server.GrpcService (GrpcService.java:closeImpl(320)) - om1: shutdown server GrpcServerProtocolService successfully
2023-10-17 18:46:09,999 [om1@group-C5BA1605619E-StateMachineUpdater] INFO  impl.StateMachineUpdater (StateMachineUpdater.java:takeSnapshot(291)) - om1@group-C5BA1605619E-StateMachineUpdater: Took a snapshot at index 0
2023-10-17 18:46:09,999 [om1@group-C5BA1605619E-StateMachineUpdater] INFO  impl.StateMachineUpdater (StateMachineUpdater.java:lambda$new$0(97)) - om1@group-C5BA1605619E-StateMachineUpdater: snapshotIndex: updateIncreasingly -1 -> 0
2023-10-17 18:46:10,000 [om1@group-C5BA1605619E-StateMachineUpdater] INFO  ratis.OzoneManagerStateMachine (OzoneManagerStateMachine.java:close(537)) - StateMachine has shutdown. Shutdown OzoneManager if not already shutdown.
2023-10-17 18:46:10,000 [om1@group-C5BA1605619E-StateMachineUpdater] INFO  ratis.OzoneManagerDoubleBuffer (OzoneManagerDoubleBuffer.java:stopDaemon(551)) - Stopping OMDoubleBuffer flush thread
2023-10-17 18:46:10,000 [OMDoubleBufferFlushThread] INFO  ratis.OzoneManagerDoubleBuffer (OzoneManagerDoubleBuffer.java:canFlush(638)) - OMDoubleBuffer flush thread OMDoubleBufferFlushThread is interrupted and will exit.
2023-10-17 18:46:10,000 [om1-impl-thread1] INFO  server.RaftServer$Division (ServerState.java:close(472)) - om1@group-C5BA1605619E: closes. applyIndex: 0
2023-10-17 18:46:10,023 [EndpointStateMachine task thread for /0.0.0.0:15228 - 0 ] DEBUG endpoint.HeartbeatEndpointTask (HeartbeatEndpointTask.java:call(182)) - Sending heartbeat message :: datanodeDetails {
  uuid: "7abc303f-f695-4fbc-aa63-fcdea332bcbc"
  ipAddress: "10.1.0.25"
  hostName: "fv-az189-115"
  ports {
    name: "HTTP"
    value: 15253
  }
  ports {
    name: "CLIENT_RPC"
    value: 15254
  }
  ports {
    name: "REPLICATION"
    value: 15260
  }
  ports {
    name: "RATIS"
    value: 15256
  }
  ports {
    name: "RATIS_ADMIN"
    value: 15257
  }
  ports {
    name: "RATIS_SERVER"
    value: 15258
  }
  ports {
    name: "RATIS_DATASTREAM"
    value: 15259
  }
  ports {
    name: "STANDALONE"
    value: 15255
  }
  networkName: "7abc303f-f695-4fbc-aa63-fcdea332bcbc"
  networkLocation: "/rack1"
  persistedOpStateExpiry: 0
  uuid128 {
    mostSigBits: 8843996819526864828
    leastSigBits: -6168809031416496964
  }
}
dataNodeLayoutVersion {
  metadataLayoutVersion: 7
  softwareLayoutVersion: 7
}
commandQueueReport {
  command: createPipelineCommand
  command: deleteBlocksCommand
  command: closeContainerCommand
  command: replicateContainerCommand
  command: deleteContainerCommand
  command: closePipelineCommand
  command: setNodeOperationalStateCommand
  command: finalizeNewLayoutVersionCommand
  command: reconstructECContainersCommand
  command: refreshVolumeUsageInfo
  count: 0
  count: 0
  count: 0
  count: 0
  count: 0
  count: 0
  count: 0
  count: 0
  count: 0
  count: 0
}

2023-10-17 18:46:10,220 [om1-impl-thread1] INFO  segmented.SegmentedRaftLogWorker (SegmentedRaftLogWorker.java:close(252)) - om1@group-C5BA1605619E-SegmentedRaftLogWorker close()
2023-10-17 18:46:10,220 [JvmPauseMonitor38] INFO  util.JvmPauseMonitor (JvmPauseMonitor.java:run(109)) - JvmPauseMonitor-om1: Stopped
2023-10-17 18:46:10,220 [Time-limited test] INFO  ratis.OzoneManagerStateMachine (OzoneManagerStateMachine.java:close(537)) - StateMachine has shutdown. Shutdown OzoneManager if not already shutdown.
2023-10-17 18:46:10,220 [Time-limited test] INFO  ratis.OzoneManagerDoubleBuffer (OzoneManagerDoubleBuffer.java:stopDaemon(560)) - OMDoubleBuffer flush thread is not running.
2023-10-17 18:46:10,220 [Time-limited test] INFO  utils.BackgroundService (BackgroundService.java:shutdown(160)) - Shutting down service KeyDeletingService
2023-10-17 18:46:10,220 [Time-limited test] INFO  utils.BackgroundService (BackgroundService.java:shutdown(160)) - Shutting down service KeyDeletingService
2023-10-17 18:46:10,221 [Time-limited test] INFO  utils.BackgroundService (BackgroundService.java:shutdown(160)) - Shutting down service OpenKeyCleanupService
2023-10-17 18:46:10,221 [Time-limited test] INFO  utils.BackgroundService (BackgroundService.java:shutdown(160)) - Shutting down service SstFilteringService
2023-10-17 18:46:10,221 [Time-limited test] INFO  utils.BackgroundService (BackgroundService.java:shutdown(160)) - Shutting down service SnapshotDeletingService
2023-10-17 18:46:10,221 [Time-limited test] INFO  utils.BackgroundService (BackgroundService.java:shutdown(160)) - Shutting down service MultipartUploadCleanupService
2023-10-17 18:46:10,223 [Time-limited test] INFO  handler.ContextHandler (ContextHandler.java:doStop(1159)) - Stopped o.e.j.w.WebAppContext@16d1faa{ozoneManager,/,null,STOPPED}{file:/home/runner/work/ozone/ozone/hadoop-ozone/integration-test/target/test-classes/webapps/ozoneManager}
2023-10-17 18:46:10,223 [Time-limited test] INFO  server.AbstractConnector (AbstractConnector.java:doStop(383)) - Stopped ServerConnector@6dc4e192{HTTP/1.1, (http/1.1)}{0.0.0.0:15231}
2023-10-17 18:46:10,223 [Time-limited test] INFO  server.session (HouseKeeper.java:stopScavenging(149)) - node0 Stopped scavenging
2023-10-17 18:46:10,224 [Time-limited test] INFO  handler.ContextHandler (ContextHandler.java:doStop(1159)) - Stopped o.e.j.s.ServletContextHandler@7876f3c8{static,/static,file:///home/runner/work/ozone/ozone/hadoop-ozone/integration-test/target/test-classes/webapps/static,STOPPED}
2023-10-17 18:46:10,224 [Time-limited test] INFO  handler.ContextHandler (ContextHandler.java:doStop(1159)) - Stopped o.e.j.s.ServletContextHandler@4c6fb09b{logs,/logs,file:///home/runner/work/ozone/ozone/hadoop-ozone/integration-test/target/log,STOPPED}
2023-10-17 18:46:10,225 [Time-limited test] INFO  rocksdiff.RocksDBCheckpointDiffer (RocksDBCheckpointDiffer.java:close(312)) - Shutting down CompactionDagPruningService.
2023-10-17 18:46:10,226 [Time-limited test] INFO  snapshot.SnapshotDiffManager (SnapshotDiffManager.java:closeExecutorService(1720)) - Shutting down executorService: 'SnapDiffExecutor'
2023-10-17 18:46:10,227 [Time-limited test] INFO  snapshot.SnapshotDiffManager (SnapshotDiffManager.java:closeExecutorService(1720)) - Shutting down executorService: 'SstDumpToolExecutor'
2023-10-17 18:46:10,227 [Time-limited test] INFO  utils.BackgroundService (BackgroundService.java:shutdown(160)) - Shutting down service SnapshotDiffCleanupService
2023-10-17 18:46:10,227 [Time-limited test] INFO  ozone.MiniOzoneClusterImpl (MiniOzoneClusterImpl.java:stopDatanodes(533)) - Stopping the HddsDatanodes
2023-10-17 18:46:10,230 [Time-limited test] INFO  ozoneimpl.OzoneContainer (OzoneContainer.java:stop(453)) - Attempting to stop container services.
2023-10-17 18:46:10,231 [Time-limited test] INFO  server.RaftServer (RaftServerProxy.java:lambda$close$6(416)) - eb2139cf-2f93-40e0-8f6b-119ef4e9cafb: close
2023-10-17 18:46:10,231 [eb2139cf-2f93-40e0-8f6b-119ef4e9cafb-impl-thread1] INFO  server.RaftServer$Division (RaftServerImpl.java:lambda$close$4(466)) - eb2139cf-2f93-40e0-8f6b-119ef4e9cafb@group-67DD6FFDD51E: shutdown
2023-10-17 18:46:10,231 [eb2139cf-2f93-40e0-8f6b-119ef4e9cafb-impl-thread1] INFO  util.JmxRegister (JmxRegister.java:unregister(73)) - Successfully un-registered JMX Bean with object name Ratis:service=RaftServer,group=group-67DD6FFDD51E,id=eb2139cf-2f93-40e0-8f6b-119ef4e9cafb
2023-10-17 18:46:10,232 [eb2139cf-2f93-40e0-8f6b-119ef4e9cafb-impl-thread1] INFO  impl.RoleInfo (RoleInfo.java:shutdownFollowerState(110)) - eb2139cf-2f93-40e0-8f6b-119ef4e9cafb: shutdown eb2139cf-2f93-40e0-8f6b-119ef4e9cafb@group-67DD6FFDD51E-FollowerState
2023-10-17 18:46:10,232 [eb2139cf-2f93-40e0-8f6b-119ef4e9cafb-impl-thread2] INFO  server.RaftServer$Division (RaftServerImpl.java:lambda$close$4(466)) - eb2139cf-2f93-40e0-8f6b-119ef4e9cafb@group-D969B0D801AA: shutdown
2023-10-17 18:46:10,232 [eb2139cf-2f93-40e0-8f6b-119ef4e9cafb-impl-thread2] INFO  util.JmxRegister (JmxRegister.java:unregister(73)) - Successfully un-registered JMX Bean with object name Ratis:service=RaftServer,group=group-D969B0D801AA,id=eb2139cf-2f93-40e0-8f6b-119ef4e9cafb
2023-10-17 18:46:10,232 [eb2139cf-2f93-40e0-8f6b-119ef4e9cafb-impl-thread2] INFO  impl.RoleInfo (RoleInfo.java:shutdownFollowerState(110)) - eb2139cf-2f93-40e0-8f6b-119ef4e9cafb: shutdown eb2139cf-2f93-40e0-8f6b-119ef4e9cafb@group-D969B0D801AA-FollowerState
2023-10-17 18:46:10,234 [Time-limited test] INFO  server.GrpcService (GrpcService.java:closeImpl(311)) - eb2139cf-2f93-40e0-8f6b-119ef4e9cafb: shutdown server org.apache.ratis.grpc.server.GrpcClientProtocolService now
2023-10-17 18:46:10,234 [eb2139cf-2f93-40e0-8f6b-119ef4e9cafb-impl-thread3] INFO  server.RaftServer$Division (RaftServerImpl.java:lambda$close$4(466)) - eb2139cf-2f93-40e0-8f6b-119ef4e9cafb@group-9D5C6C4FD5CA: shutdown
2023-10-17 18:46:10,234 [eb2139cf-2f93-40e0-8f6b-119ef4e9cafb-impl-thread1] INFO  impl.StateMachineUpdater (StateMachineUpdater.java:stopAndJoin(155)) - eb2139cf-2f93-40e0-8f6b-119ef4e9cafb@group-67DD6FFDD51E-StateMachineUpdater: set stopIndex = 0
2023-10-17 18:46:10,234 [eb2139cf-2f93-40e0-8f6b-119ef4e9cafb@group-67DD6FFDD51E-FollowerState] INFO  impl.FollowerState (FollowerState.java:run(152)) - eb2139cf-2f93-40e0-8f6b-119ef4e9cafb@group-67DD6FFDD51E-FollowerState was interrupted
2023-10-17 18:46:10,235 [eb2139cf-2f93-40e0-8f6b-119ef4e9cafb-impl-thread2] INFO  impl.StateMachineUpdater (StateMachineUpdater.java:stopAndJoin(155)) - eb2139cf-2f93-40e0-8f6b-119ef4e9cafb@group-D969B0D801AA-StateMachineUpdater: set stopIndex = 0
2023-10-17 18:46:10,235 [eb2139cf-2f93-40e0-8f6b-119ef4e9cafb@group-D969B0D801AA-FollowerState] INFO  impl.FollowerState (FollowerState.java:run(152)) - eb2139cf-2f93-40e0-8f6b-119ef4e9cafb@group-D969B0D801AA-FollowerState was interrupted
2023-10-17 18:46:10,236 [eb2139cf-2f93-40e0-8f6b-119ef4e9cafb-impl-thread3] INFO  util.JmxRegister (JmxRegister.java:unregister(73)) - Successfully un-registered JMX Bean with object name Ratis:service=RaftServer,group=group-9D5C6C4FD5CA,id=eb2139cf-2f93-40e0-8f6b-119ef4e9cafb
2023-10-17 18:46:10,236 [eb2139cf-2f93-40e0-8f6b-119ef4e9cafb-impl-thread3] INFO  impl.RoleInfo (RoleInfo.java:shutdownLeaderState(93)) - eb2139cf-2f93-40e0-8f6b-119ef4e9cafb: shutdown eb2139cf-2f93-40e0-8f6b-119ef4e9cafb@group-9D5C6C4FD5CA-LeaderStateImpl
2023-10-17 18:46:10,236 [eb2139cf-2f93-40e0-8f6b-119ef4e9cafb-impl-thread3] INFO  impl.PendingRequests (PendingRequests.java:sendNotLeaderResponses(289)) - eb2139cf-2f93-40e0-8f6b-119ef4e9cafb@group-9D5C6C4FD5CA-PendingRequests: sendNotLeaderResponses
2023-10-17 18:46:10,236 [ForkJoinPool.commonPool-worker-2] INFO  ozoneimpl.OzoneContainer (OzoneContainer.java:stop(453)) - Attempting to stop container services.
2023-10-17 18:46:10,237 [ForkJoinPool.commonPool-worker-2] INFO  server.RaftServer (RaftServerProxy.java:lambda$close$6(416)) - 6484543a-767b-4be3-933a-0df7ebf5f58a: close
2023-10-17 18:46:10,237 [6484543a-767b-4be3-933a-0df7ebf5f58a-impl-thread1] INFO  server.RaftServer$Division (RaftServerImpl.java:lambda$close$4(466)) - 6484543a-767b-4be3-933a-0df7ebf5f58a@group-67DD6FFDD51E: shutdown
2023-10-17 18:46:10,237 [6484543a-767b-4be3-933a-0df7ebf5f58a-impl-thread2] INFO  server.RaftServer$Division (RaftServerImpl.java:lambda$close$4(466)) - 6484543a-767b-4be3-933a-0df7ebf5f58a@group-D969B0D801AA: shutdown
2023-10-17 18:46:10,238 [ForkJoinPool.commonPool-worker-2] INFO  server.GrpcService (GrpcService.java:closeImpl(311)) - 6484543a-767b-4be3-933a-0df7ebf5f58a: shutdown server org.apache.ratis.grpc.server.GrpcClientProtocolService now
2023-10-17 18:46:10,238 [6484543a-767b-4be3-933a-0df7ebf5f58a-impl-thread3] INFO  server.RaftServer$Division (RaftServerImpl.java:lambda$close$4(466)) - 6484543a-767b-4be3-933a-0df7ebf5f58a@group-D90DC10088D6: shutdown
2023-10-17 18:46:10,238 [Thread-3626] INFO  server.GrpcServerProtocolClient (GrpcServerProtocolClient.java:close(103)) - eb2139cf-2f93-40e0-8f6b-119ef4e9cafb Close channels
2023-10-17 18:46:10,238 [Thread-3627] INFO  server.GrpcServerProtocolClient (GrpcServerProtocolClient.java:close(103)) - 7abc303f-f695-4fbc-aa63-fcdea332bcbc Close channels
2023-10-17 18:46:10,240 [6484543a-767b-4be3-933a-0df7ebf5f58a-impl-thread1] INFO  util.JmxRegister (JmxRegister.java:unregister(73)) - Successfully un-registered JMX Bean with object name Ratis:service=RaftServer,group=group-67DD6FFDD51E,id=6484543a-767b-4be3-933a-0df7ebf5f58a
2023-10-17 18:46:10,240 [6484543a-767b-4be3-933a-0df7ebf5f58a-impl-thread1] INFO  impl.RoleInfo (RoleInfo.java:shutdownFollowerState(110)) - 6484543a-767b-4be3-933a-0df7ebf5f58a: shutdown 6484543a-767b-4be3-933a-0df7ebf5f58a@group-67DD6FFDD51E-FollowerState
2023-10-17 18:46:10,240 [eb2139cf-2f93-40e0-8f6b-119ef4e9cafb@group-67DD6FFDD51E-StateMachineUpdater] INFO  ratis.ContainerStateMachine (ContainerStateMachine.java:takeSnapshot(330)) - group-67DD6FFDD51E: Taking a snapshot at:(t:1, i:0) file /home/runner/work/ozone/ozone/hadoop-ozone/integration-test/target/test-dir/MiniOzoneClusterImpl-1ddacd7d-4aab-443e-9cce-7616e57ab4b1/datanode-1/data/ratis/f5eb600c-7ac4-4c4b-8b4e-67dd6ffdd51e/sm/snapshot.1_0
2023-10-17 18:46:10,240 [eb2139cf-2f93-40e0-8f6b-119ef4e9cafb@group-D969B0D801AA-StateMachineUpdater] INFO  ratis.ContainerStateMachine (ContainerStateMachine.java:takeSnapshot(330)) - group-D969B0D801AA: Taking a snapshot at:(t:1, i:0) file /home/runner/work/ozone/ozone/hadoop-ozone/integration-test/target/test-dir/MiniOzoneClusterImpl-1ddacd7d-4aab-443e-9cce-7616e57ab4b1/datanode-1/data/ratis/f96e4181-aff9-4e8f-9558-d969b0d801aa/sm/snapshot.1_0
2023-10-17 18:46:10,240 [6484543a-767b-4be3-933a-0df7ebf5f58a-impl-thread3] INFO  util.JmxRegister (JmxRegister.java:unregister(73)) - Successfully un-registered JMX Bean with object name Ratis:service=RaftServer,group=group-D90DC10088D6,id=6484543a-767b-4be3-933a-0df7ebf5f58a
2023-10-17 18:46:10,240 [6484543a-767b-4be3-933a-0df7ebf5f58a-impl-thread3] INFO  impl.RoleInfo (RoleInfo.java:shutdownLeaderState(93)) - 6484543a-767b-4be3-933a-0df7ebf5f58a: shutdown 6484543a-767b-4be3-933a-0df7ebf5f58a@group-D90DC10088D6-LeaderStateImpl
2023-10-17 18:46:10,240 [eb2139cf-2f93-40e0-8f6b-119ef4e9cafb-impl-thread3] INFO  impl.StateMachineUpdater (StateMachineUpdater.java:stopAndJoin(155)) - eb2139cf-2f93-40e0-8f6b-119ef4e9cafb@group-9D5C6C4FD5CA-StateMachineUpdater: set stopIndex = 0
2023-10-17 18:46:10,240 [6484543a-767b-4be3-933a-0df7ebf5f58a-impl-thread3] INFO  impl.PendingRequests (PendingRequests.java:sendNotLeaderResponses(289)) - 6484543a-767b-4be3-933a-0df7ebf5f58a@group-D90DC10088D6-PendingRequests: sendNotLeaderResponses
2023-10-17 18:46:10,240 [eb2139cf-2f93-40e0-8f6b-119ef4e9cafb@group-9D5C6C4FD5CA-StateMachineUpdater] INFO  ratis.ContainerStateMachine (ContainerStateMachine.java:takeSnapshot(330)) - group-9D5C6C4FD5CA: Taking a snapshot at:(t:1, i:0) file /home/runner/work/ozone/ozone/hadoop-ozone/integration-test/target/test-dir/MiniOzoneClusterImpl-1ddacd7d-4aab-443e-9cce-7616e57ab4b1/datanode-1/data/ratis/0cdbbf1d-a43a-4ba0-889b-9d5c6c4fd5ca/sm/snapshot.1_0
2023-10-17 18:46:10,240 [6484543a-767b-4be3-933a-0df7ebf5f58a-impl-thread3] INFO  impl.StateMachineUpdater (StateMachineUpdater.java:stopAndJoin(155)) - 6484543a-767b-4be3-933a-0df7ebf5f58a@group-D90DC10088D6-StateMachineUpdater: set stopIndex = 0
2023-10-17 18:46:10,241 [eb2139cf-2f93-40e0-8f6b-119ef4e9cafb@group-D969B0D801AA-StateMachineUpdater] INFO  ratis.ContainerStateMachine (ContainerStateMachine.java:takeSnapshot(341)) - group-D969B0D801AA: Finished taking a snapshot at:(t:1, i:0) file:/home/runner/work/ozone/ozone/hadoop-ozone/integration-test/target/test-dir/MiniOzoneClusterImpl-1ddacd7d-4aab-443e-9cce-7616e57ab4b1/datanode-1/data/ratis/f96e4181-aff9-4e8f-9558-d969b0d801aa/sm/snapshot.1_0 took: 2 ms
2023-10-17 18:46:10,241 [6484543a-767b-4be3-933a-0df7ebf5f58a@group-D90DC10088D6-StateMachineUpdater] INFO  ratis.ContainerStateMachine (ContainerStateMachine.java:takeSnapshot(330)) - group-D90DC10088D6: Taking a snapshot at:(t:1, i:0) file /home/runner/work/ozone/ozone/hadoop-ozone/integration-test/target/test-dir/MiniOzoneClusterImpl-1ddacd7d-4aab-443e-9cce-7616e57ab4b1/datanode-0/data/ratis/470f416f-e437-4778-a579-d90dc10088d6/sm/snapshot.1_0
2023-10-17 18:46:10,241 [eb2139cf-2f93-40e0-8f6b-119ef4e9cafb@group-9D5C6C4FD5CA-StateMachineUpdater] INFO  ratis.ContainerStateMachine (ContainerStateMachine.java:takeSnapshot(341)) - group-9D5C6C4FD5CA: Finished taking a snapshot at:(t:1, i:0) file:/home/runner/work/ozone/ozone/hadoop-ozone/integration-test/target/test-dir/MiniOzoneClusterImpl-1ddacd7d-4aab-443e-9cce-7616e57ab4b1/datanode-1/data/ratis/0cdbbf1d-a43a-4ba0-889b-9d5c6c4fd5ca/sm/snapshot.1_0 took: 1 ms
2023-10-17 18:46:10,242 [eb2139cf-2f93-40e0-8f6b-119ef4e9cafb@group-67DD6FFDD51E-StateMachineUpdater] INFO  ratis.ContainerStateMachine (ContainerStateMachine.java:takeSnapshot(341)) - group-67DD6FFDD51E: Finished taking a snapshot at:(t:1, i:0) file:/home/runner/work/ozone/ozone/hadoop-ozone/integration-test/target/test-dir/MiniOzoneClusterImpl-1ddacd7d-4aab-443e-9cce-7616e57ab4b1/datanode-1/data/ratis/f5eb600c-7ac4-4c4b-8b4e-67dd6ffdd51e/sm/snapshot.1_0 took: 2 ms
2023-10-17 18:46:10,241 [eb2139cf-2f93-40e0-8f6b-119ef4e9cafb@group-D969B0D801AA-StateMachineUpdater] INFO  impl.StateMachineUpdater (StateMachineUpdater.java:takeSnapshot(291)) - eb2139cf-2f93-40e0-8f6b-119ef4e9cafb@group-D969B0D801AA-StateMachineUpdater: Took a snapshot at index 0
2023-10-17 18:46:10,242 [eb2139cf-2f93-40e0-8f6b-119ef4e9cafb@group-D969B0D801AA-StateMachineUpdater] INFO  impl.StateMachineUpdater (StateMachineUpdater.java:lambda$new$0(97)) - eb2139cf-2f93-40e0-8f6b-119ef4e9cafb@group-D969B0D801AA-StateMachineUpdater: snapshotIndex: updateIncreasingly -1 -> 0
2023-10-17 18:46:10,240 [6484543a-767b-4be3-933a-0df7ebf5f58a-impl-thread2] INFO  util.JmxRegister (JmxRegister.java:unregister(73)) - Successfully un-registered JMX Bean with object name Ratis:service=RaftServer,group=group-D969B0D801AA,id=6484543a-767b-4be3-933a-0df7ebf5f58a
2023-10-17 18:46:10,242 [6484543a-767b-4be3-933a-0df7ebf5f58a-impl-thread2] INFO  impl.RoleInfo (RoleInfo.java:shutdownLeaderState(93)) - 6484543a-767b-4be3-933a-0df7ebf5f58a: shutdown 6484543a-767b-4be3-933a-0df7ebf5f58a@group-D969B0D801AA-LeaderStateImpl
2023-10-17 18:46:10,242 [eb2139cf-2f93-40e0-8f6b-119ef4e9cafb@group-9D5C6C4FD5CA-StateMachineUpdater] INFO  impl.StateMachineUpdater (StateMachineUpdater.java:takeSnapshot(291)) - eb2139cf-2f93-40e0-8f6b-119ef4e9cafb@group-9D5C6C4FD5CA-StateMachineUpdater: Took a snapshot at index 0
2023-10-17 18:46:10,242 [eb2139cf-2f93-40e0-8f6b-119ef4e9cafb@group-9D5C6C4FD5CA-StateMachineUpdater] INFO  impl.StateMachineUpdater (StateMachineUpdater.java:lambda$new$0(97)) - eb2139cf-2f93-40e0-8f6b-119ef4e9cafb@group-9D5C6C4FD5CA-StateMachineUpdater: snapshotIndex: updateIncreasingly -1 -> 0
2023-10-17 18:46:10,242 [eb2139cf-2f93-40e0-8f6b-119ef4e9cafb-impl-thread3] INFO  server.RaftServer$Division (ServerState.java:close(472)) - eb2139cf-2f93-40e0-8f6b-119ef4e9cafb@group-9D5C6C4FD5CA: closes. applyIndex: 0
2023-10-17 18:46:10,242 [eb2139cf-2f93-40e0-8f6b-119ef4e9cafb@group-67DD6FFDD51E-StateMachineUpdater] INFO  impl.StateMachineUpdater (StateMachineUpdater.java:takeSnapshot(291)) - eb2139cf-2f93-40e0-8f6b-119ef4e9cafb@group-67DD6FFDD51E-StateMachineUpdater: Took a snapshot at index 0
2023-10-17 18:46:10,242 [eb2139cf-2f93-40e0-8f6b-119ef4e9cafb@group-67DD6FFDD51E-StateMachineUpdater] INFO  impl.StateMachineUpdater (StateMachineUpdater.java:lambda$new$0(97)) - eb2139cf-2f93-40e0-8f6b-119ef4e9cafb@group-67DD6FFDD51E-StateMachineUpdater: snapshotIndex: updateIncreasingly -1 -> 0
2023-10-17 18:46:10,243 [eb2139cf-2f93-40e0-8f6b-119ef4e9cafb-impl-thread1] INFO  server.RaftServer$Division (ServerState.java:close(472)) - eb2139cf-2f93-40e0-8f6b-119ef4e9cafb@group-67DD6FFDD51E: closes. applyIndex: 0
2023-10-17 18:46:10,242 [6484543a-767b-4be3-933a-0df7ebf5f58a@group-D90DC10088D6-StateMachineUpdater] INFO  ratis.ContainerStateMachine (ContainerStateMachine.java:takeSnapshot(341)) - group-D90DC10088D6: Finished taking a snapshot at:(t:1, i:0) file:/home/runner/work/ozone/ozone/hadoop-ozone/integration-test/target/test-dir/MiniOzoneClusterImpl-1ddacd7d-4aab-443e-9cce-7616e57ab4b1/datanode-0/data/ratis/470f416f-e437-4778-a579-d90dc10088d6/sm/snapshot.1_0 took: 1 ms
2023-10-17 18:46:10,243 [6484543a-767b-4be3-933a-0df7ebf5f58a@group-D90DC10088D6-StateMachineUpdater] INFO  impl.StateMachineUpdater (StateMachineUpdater.java:takeSnapshot(291)) - 6484543a-767b-4be3-933a-0df7ebf5f58a@group-D90DC10088D6-StateMachineUpdater: Took a snapshot at index 0
2023-10-17 18:46:10,243 [6484543a-767b-4be3-933a-0df7ebf5f58a@group-D90DC10088D6-StateMachineUpdater] INFO  impl.StateMachineUpdater (StateMachineUpdater.java:lambda$new$0(97)) - 6484543a-767b-4be3-933a-0df7ebf5f58a@group-D90DC10088D6-StateMachineUpdater: snapshotIndex: updateIncreasingly -1 -> 0
2023-10-17 18:46:10,242 [eb2139cf-2f93-40e0-8f6b-119ef4e9cafb-impl-thread2] INFO  server.RaftServer$Division (ServerState.java:close(472)) - eb2139cf-2f93-40e0-8f6b-119ef4e9cafb@group-D969B0D801AA: closes. applyIndex: 0
2023-10-17 18:46:10,245 [6484543a-767b-4be3-933a-0df7ebf5f58a-impl-thread3] INFO  server.RaftServer$Division (ServerState.java:close(472)) - 6484543a-767b-4be3-933a-0df7ebf5f58a@group-D90DC10088D6: closes. applyIndex: 0
2023-10-17 18:46:10,246 [Time-limited test] INFO  server.GrpcService (GrpcService.java:closeImpl(320)) - eb2139cf-2f93-40e0-8f6b-119ef4e9cafb: shutdown server org.apache.ratis.grpc.server.GrpcClientProtocolService successfully
2023-10-17 18:46:10,246 [Time-limited test] INFO  server.GrpcService (GrpcService.java:closeImpl(311)) - eb2139cf-2f93-40e0-8f6b-119ef4e9cafb: shutdown server GrpcServerProtocolService now
2023-10-17 18:46:10,248 [grpc-default-executor-1] WARN  server.GrpcServerProtocolService (LogUtils.java:warn(122)) - eb2139cf-2f93-40e0-8f6b-119ef4e9cafb: APPEND_ENTRIES onError, lastRequest: null: org.apache.ratis.thirdparty.io.grpc.StatusRuntimeException: CANCELLED: client cancelled
2023-10-17 18:46:10,248 [grpc-default-executor-0] WARN  server.GrpcServerProtocolService (LogUtils.java:warn(122)) - eb2139cf-2f93-40e0-8f6b-119ef4e9cafb: APPEND_ENTRIES onError, lastRequest: null: org.apache.ratis.thirdparty.io.grpc.StatusRuntimeException: CANCELLED: client cancelled
2023-10-17 18:46:10,251 [6484543a-767b-4be3-933a-0df7ebf5f58a-impl-thread2] INFO  impl.PendingRequests (PendingRequests.java:sendNotLeaderResponses(289)) - 6484543a-767b-4be3-933a-0df7ebf5f58a@group-D969B0D801AA-PendingRequests: sendNotLeaderResponses
2023-10-17 18:46:10,251 [6484543a-767b-4be3-933a-0df7ebf5f58a@group-67DD6FFDD51E-FollowerState] INFO  impl.FollowerState (FollowerState.java:run(152)) - 6484543a-767b-4be3-933a-0df7ebf5f58a@group-67DD6FFDD51E-FollowerState was interrupted
2023-10-17 18:46:10,251 [6484543a-767b-4be3-933a-0df7ebf5f58a@group-D969B0D801AA->eb2139cf-2f93-40e0-8f6b-119ef4e9cafb-GrpcLogAppender-LogAppenderDaemon] WARN  server.GrpcLogAppender (GrpcLogAppender.java:mayWait(199)) - 6484543a-767b-4be3-933a-0df7ebf5f58a@group-D969B0D801AA->eb2139cf-2f93-40e0-8f6b-119ef4e9cafb-GrpcLogAppender: Wait interrupted by java.lang.InterruptedException
2023-10-17 18:46:10,251 [6484543a-767b-4be3-933a-0df7ebf5f58a@group-D969B0D801AA->7abc303f-f695-4fbc-aa63-fcdea332bcbc-GrpcLogAppender-LogAppenderDaemon] WARN  server.GrpcLogAppender (GrpcLogAppender.java:mayWait(199)) - 6484543a-767b-4be3-933a-0df7ebf5f58a@group-D969B0D801AA->7abc303f-f695-4fbc-aa63-fcdea332bcbc-GrpcLogAppender: Wait interrupted by java.lang.InterruptedException
2023-10-17 18:46:10,251 [6484543a-767b-4be3-933a-0df7ebf5f58a-impl-thread1] INFO  impl.StateMachineUpdater (StateMachineUpdater.java:stopAndJoin(155)) - 6484543a-767b-4be3-933a-0df7ebf5f58a@group-67DD6FFDD51E-StateMachineUpdater: set stopIndex = 0
2023-10-17 18:46:10,252 [6484543a-767b-4be3-933a-0df7ebf5f58a@group-67DD6FFDD51E-StateMachineUpdater] INFO  ratis.ContainerStateMachine (ContainerStateMachine.java:takeSnapshot(330)) - group-67DD6FFDD51E: Taking a snapshot at:(t:1, i:0) file /home/runner/work/ozone/ozone/hadoop-ozone/integration-test/target/test-dir/MiniOzoneClusterImpl-1ddacd7d-4aab-443e-9cce-7616e57ab4b1/datanode-0/data/ratis/f5eb600c-7ac4-4c4b-8b4e-67dd6ffdd51e/sm/snapshot.1_0
2023-10-17 18:46:10,251 [6484543a-767b-4be3-933a-0df7ebf5f58a-impl-thread2] INFO  impl.StateMachineUpdater (StateMachineUpdater.java:stopAndJoin(155)) - 6484543a-767b-4be3-933a-0df7ebf5f58a@group-D969B0D801AA-StateMachineUpdater: set stopIndex = 0
2023-10-17 18:46:10,252 [grpc-default-executor-3] INFO  server.GrpcLogAppender (GrpcLogAppender.java:onError(417)) - 6484543a-767b-4be3-933a-0df7ebf5f58a@group-D969B0D801AA->eb2139cf-2f93-40e0-8f6b-119ef4e9cafb-GrpcLogAppender is already stopped
2023-10-17 18:46:10,252 [6484543a-767b-4be3-933a-0df7ebf5f58a@group-D969B0D801AA-StateMachineUpdater] INFO  ratis.ContainerStateMachine (ContainerStateMachine.java:takeSnapshot(330)) - group-D969B0D801AA: Taking a snapshot at:(t:1, i:0) file /home/runner/work/ozone/ozone/hadoop-ozone/integration-test/target/test-dir/MiniOzoneClusterImpl-1ddacd7d-4aab-443e-9cce-7616e57ab4b1/datanode-0/data/ratis/f96e4181-aff9-4e8f-9558-d969b0d801aa/sm/snapshot.1_0
2023-10-17 18:46:10,252 [6484543a-767b-4be3-933a-0df7ebf5f58a@group-67DD6FFDD51E-StateMachineUpdater] INFO  ratis.ContainerStateMachine (ContainerStateMachine.java:takeSnapshot(341)) - group-67DD6FFDD51E: Finished taking a snapshot at:(t:1, i:0) file:/home/runner/work/ozone/ozone/hadoop-ozone/integration-test/target/test-dir/MiniOzoneClusterImpl-1ddacd7d-4aab-443e-9cce-7616e57ab4b1/datanode-0/data/ratis/f5eb600c-7ac4-4c4b-8b4e-67dd6ffdd51e/sm/snapshot.1_0 took: 1 ms
2023-10-17 18:46:10,253 [6484543a-767b-4be3-933a-0df7ebf5f58a@group-67DD6FFDD51E-StateMachineUpdater] INFO  impl.StateMachineUpdater (StateMachineUpdater.java:takeSnapshot(291)) - 6484543a-767b-4be3-933a-0df7ebf5f58a@group-67DD6FFDD51E-StateMachineUpdater: Took a snapshot at index 0
2023-10-17 18:46:10,253 [6484543a-767b-4be3-933a-0df7ebf5f58a@group-67DD6FFDD51E-StateMachineUpdater] INFO  impl.StateMachineUpdater (StateMachineUpdater.java:lambda$new$0(97)) - 6484543a-767b-4be3-933a-0df7ebf5f58a@group-67DD6FFDD51E-StateMachineUpdater: snapshotIndex: updateIncreasingly -1 -> 0
2023-10-17 18:46:10,253 [6484543a-767b-4be3-933a-0df7ebf5f58a-impl-thread1] INFO  server.RaftServer$Division (ServerState.java:close(472)) - 6484543a-767b-4be3-933a-0df7ebf5f58a@group-67DD6FFDD51E: closes. applyIndex: 0
2023-10-17 18:46:10,253 [6484543a-767b-4be3-933a-0df7ebf5f58a@group-D969B0D801AA-StateMachineUpdater] INFO  ratis.ContainerStateMachine (ContainerStateMachine.java:takeSnapshot(341)) - group-D969B0D801AA: Finished taking a snapshot at:(t:1, i:0) file:/home/runner/work/ozone/ozone/hadoop-ozone/integration-test/target/test-dir/MiniOzoneClusterImpl-1ddacd7d-4aab-443e-9cce-7616e57ab4b1/datanode-0/data/ratis/f96e4181-aff9-4e8f-9558-d969b0d801aa/sm/snapshot.1_0 took: 1 ms
2023-10-17 18:46:10,253 [6484543a-767b-4be3-933a-0df7ebf5f58a@group-D969B0D801AA-StateMachineUpdater] INFO  impl.StateMachineUpdater (StateMachineUpdater.java:takeSnapshot(291)) - 6484543a-767b-4be3-933a-0df7ebf5f58a@group-D969B0D801AA-StateMachineUpdater: Took a snapshot at index 0
2023-10-17 18:46:10,253 [6484543a-767b-4be3-933a-0df7ebf5f58a@group-D969B0D801AA-StateMachineUpdater] INFO  impl.StateMachineUpdater (StateMachineUpdater.java:lambda$new$0(97)) - 6484543a-767b-4be3-933a-0df7ebf5f58a@group-D969B0D801AA-StateMachineUpdater: snapshotIndex: updateIncreasingly -1 -> 0
2023-10-17 18:46:10,253 [6484543a-767b-4be3-933a-0df7ebf5f58a-impl-thread2] INFO  server.RaftServer$Division (ServerState.java:close(472)) - 6484543a-767b-4be3-933a-0df7ebf5f58a@group-D969B0D801AA: closes. applyIndex: 0
2023-10-17 18:46:10,254 [grpc-default-executor-3] WARN  server.GrpcLogAppender (LogUtils.java:warn(122)) - 7abc303f-f695-4fbc-aa63-fcdea332bcbc@group-67DD6FFDD51E->eb2139cf-2f93-40e0-8f6b-119ef4e9cafb-AppendLogResponseHandler: Failed appendEntries: org.apache.ratis.thirdparty.io.grpc.StatusRuntimeException: CANCELLED: RST_STREAM closed stream. HTTP/2 error code: CANCEL
2023-10-17 18:46:10,254 [grpc-default-executor-3] WARN  server.GrpcLogAppender (GrpcLogAppender.java:resetClient(128)) - 7abc303f-f695-4fbc-aa63-fcdea332bcbc@group-67DD6FFDD51E->eb2139cf-2f93-40e0-8f6b-119ef4e9cafb-GrpcLogAppender: Follower failed when matchIndex == 0,  keep nextIndex (1) unchanged and retry.
2023-10-17 18:46:10,256 [grpc-default-executor-5] WARN  server.GrpcServerProtocolService (LogUtils.java:warn(122)) - eb2139cf-2f93-40e0-8f6b-119ef4e9cafb: APPEND_ENTRIES onError, lastRequest: 7abc303f-f695-4fbc-aa63-fcdea332bcbc->eb2139cf-2f93-40e0-8f6b-119ef4e9cafb#1-t1,previous=(t:0, i:0),leaderCommit=-1,initializing? true,entries: size=1, first=(t:1, i:0), CONFIGURATIONENTRY(current:id: "eb2139cf-2f93-40e0-8f6b-119ef4e9cafb"
address: "10.1.0.25:15249"
dataStreamAddress: "10.1.0.25:15250"
clientAddress: "10.1.0.25:15247"
adminAddress: "10.1.0.25:15248"
startupRole: FOLLOWER
,id: "7abc303f-f695-4fbc-aa63-fcdea332bcbc"
address: "10.1.0.25:15258"
priority: 1
dataStreamAddress: "10.1.0.25:15259"
clientAddress: "10.1.0.25:15256"
adminAddress: "10.1.0.25:15257"
startupRole: FOLLOWER
,id: "6484543a-767b-4be3-933a-0df7ebf5f58a"
address: "10.1.0.25:15240"
dataStreamAddress: "10.1.0.25:15241"
clientAddress: "10.1.0.25:15238"
adminAddress: "10.1.0.25:15239"
startupRole: FOLLOWER
, old:): org.apache.ratis.thirdparty.io.grpc.StatusRuntimeException: CANCELLED: client cancelled
2023-10-17 18:46:10,261 [Time-limited test] INFO  server.GrpcService (GrpcService.java:closeImpl(320)) - eb2139cf-2f93-40e0-8f6b-119ef4e9cafb: shutdown server GrpcServerProtocolService successfully
2023-10-17 18:46:10,261 [Time-limited test] INFO  server.GrpcService (GrpcService.java:closeImpl(311)) - eb2139cf-2f93-40e0-8f6b-119ef4e9cafb: shutdown server org.apache.ratis.grpc.server.GrpcAdminProtocolService now
2023-10-17 18:46:10,269 [grpc-default-executor-5] WARN  server.GrpcServerProtocolService (LogUtils.java:warn(122)) - eb2139cf-2f93-40e0-8f6b-119ef4e9cafb: APPEND_ENTRIES onError, lastRequest: 6484543a-767b-4be3-933a-0df7ebf5f58a->eb2139cf-2f93-40e0-8f6b-119ef4e9cafb#1-t1,previous=(t:0, i:0),leaderCommit=-1,initializing? true,entries: size=1, first=(t:1, i:0), CONFIGURATIONENTRY(current:id: "eb2139cf-2f93-40e0-8f6b-119ef4e9cafb"
address: "10.1.0.25:15249"
dataStreamAddress: "10.1.0.25:15250"
clientAddress: "10.1.0.25:15247"
adminAddress: "10.1.0.25:15248"
startupRole: FOLLOWER
,id: "7abc303f-f695-4fbc-aa63-fcdea332bcbc"
address: "10.1.0.25:15258"
dataStreamAddress: "10.1.0.25:15259"
clientAddress: "10.1.0.25:15256"
adminAddress: "10.1.0.25:15257"
startupRole: FOLLOWER
,id: "6484543a-767b-4be3-933a-0df7ebf5f58a"
address: "10.1.0.25:15240"
priority: 1
dataStreamAddress: "10.1.0.25:15241"
clientAddress: "10.1.0.25:15238"
adminAddress: "10.1.0.25:15239"
startupRole: FOLLOWER
, old:): org.apache.ratis.thirdparty.io.grpc.StatusRuntimeException: CANCELLED: client cancelled
2023-10-17 18:46:10,270 [grpc-default-executor-3] WARN  server.GrpcLogAppender (LogUtils.java:warn(122)) - 7abc303f-f695-4fbc-aa63-fcdea332bcbc@group-67DD6FFDD51E->eb2139cf-2f93-40e0-8f6b-119ef4e9cafb-AppendLogResponseHandler: Failed appendEntries: org.apache.ratis.thirdparty.io.grpc.StatusRuntimeException: CANCELLED: RST_STREAM closed stream. HTTP/2 error code: CANCEL
2023-10-17 18:46:10,270 [grpc-default-executor-3] WARN  server.GrpcLogAppender (GrpcLogAppender.java:resetClient(128)) - 7abc303f-f695-4fbc-aa63-fcdea332bcbc@group-67DD6FFDD51E->eb2139cf-2f93-40e0-8f6b-119ef4e9cafb-GrpcLogAppender: Follower failed when matchIndex == 0,  keep nextIndex (1) unchanged and retry.
2023-10-17 18:46:10,272 [ForkJoinPool.commonPool-worker-3] INFO  ozoneimpl.OzoneContainer (OzoneContainer.java:stop(453)) - Attempting to stop container services.
2023-10-17 18:46:10,273 [grpc-default-executor-6] INFO  server.GrpcServerProtocolService (GrpcServerProtocolService.java:onCompleted(155)) - 7abc303f-f695-4fbc-aa63-fcdea332bcbc: Completed APPEND_ENTRIES, lastRequest: 6484543a-767b-4be3-933a-0df7ebf5f58a->7abc303f-f695-4fbc-aa63-fcdea332bcbc#1-t1,previous=(t:0, i:0),leaderCommit=-1,initializing? true,entries: size=1, first=(t:1, i:0), CONFIGURATIONENTRY(current:id: "eb2139cf-2f93-40e0-8f6b-119ef4e9cafb"
address: "10.1.0.25:15249"
dataStreamAddress: "10.1.0.25:15250"
clientAddress: "10.1.0.25:15247"
adminAddress: "10.1.0.25:15248"
startupRole: FOLLOWER
,id: "7abc303f-f695-4fbc-aa63-fcdea332bcbc"
address: "10.1.0.25:15258"
dataStreamAddress: "10.1.0.25:15259"
clientAddress: "10.1.0.25:15256"
adminAddress: "10.1.0.25:15257"
startupRole: FOLLOWER
,id: "6484543a-767b-4be3-933a-0df7ebf5f58a"
address: "10.1.0.25:15240"
priority: 1
dataStreamAddress: "10.1.0.25:15241"
clientAddress: "10.1.0.25:15238"
adminAddress: "10.1.0.25:15239"
startupRole: FOLLOWER
, old:)
2023-10-17 18:46:10,273 [ForkJoinPool.commonPool-worker-3] INFO  server.RaftServer (RaftServerProxy.java:lambda$close$6(416)) - 7abc303f-f695-4fbc-aa63-fcdea332bcbc: close
2023-10-17 18:46:10,273 [7abc303f-f695-4fbc-aa63-fcdea332bcbc-impl-thread1] INFO  server.RaftServer$Division (RaftServerImpl.java:lambda$close$4(466)) - 7abc303f-f695-4fbc-aa63-fcdea332bcbc@group-67DD6FFDD51E: shutdown
2023-10-17 18:46:10,273 [7abc303f-f695-4fbc-aa63-fcdea332bcbc-impl-thread1] INFO  util.JmxRegister (JmxRegister.java:unregister(73)) - Successfully un-registered JMX Bean with object name Ratis:service=RaftServer,group=group-67DD6FFDD51E,id=7abc303f-f695-4fbc-aa63-fcdea332bcbc
2023-10-17 18:46:10,273 [7abc303f-f695-4fbc-aa63-fcdea332bcbc-impl-thread1] INFO  impl.RoleInfo (RoleInfo.java:shutdownLeaderState(93)) - 7abc303f-f695-4fbc-aa63-fcdea332bcbc: shutdown 7abc303f-f695-4fbc-aa63-fcdea332bcbc@group-67DD6FFDD51E-LeaderStateImpl
2023-10-17 18:46:10,273 [grpc-default-executor-3] INFO  server.GrpcLogAppender (GrpcLogAppender.java:onError(417)) - 6484543a-767b-4be3-933a-0df7ebf5f58a@group-D969B0D801AA->eb2139cf-2f93-40e0-8f6b-119ef4e9cafb-GrpcLogAppender is already stopped
2023-10-17 18:46:10,273 [grpc-default-executor-5] INFO  server.GrpcServerProtocolService (GrpcServerProtocolService.java:onCompleted(155)) - 7abc303f-f695-4fbc-aa63-fcdea332bcbc: Completed APPEND_ENTRIES, lastRequest: null
2023-10-17 18:46:10,274 [grpc-default-executor-5] INFO  server.GrpcServerProtocolService (GrpcServerProtocolService.java:lambda$onCompleted$5(157)) - 7abc303f-f695-4fbc-aa63-fcdea332bcbc: Completed APPEND_ENTRIES, lastReply: serverReply {
  requestorId: "6484543a-767b-4be3-933a-0df7ebf5f58a"
  replyId: "7abc303f-f695-4fbc-aa63-fcdea332bcbc"
  raftGroupId {
    id: "\371nA\201\257\371N\217\225X\331i\260\330\001\252"
  }
  callId: 7
  success: true
}
term: 1
nextIndex: 1
matchIndex: 18446744073709551615
isHearbeat: true

2023-10-17 18:46:10,273 [grpc-default-executor-6] INFO  server.GrpcServerProtocolService (GrpcServerProtocolService.java:lambda$onCompleted$5(157)) - 7abc303f-f695-4fbc-aa63-fcdea332bcbc: Completed APPEND_ENTRIES, lastReply: null
2023-10-17 18:46:10,275 [Time-limited test] INFO  server.GrpcService (GrpcService.java:closeImpl(320)) - eb2139cf-2f93-40e0-8f6b-119ef4e9cafb: shutdown server org.apache.ratis.grpc.server.GrpcAdminProtocolService successfully
2023-10-17 18:46:10,275 [eb2139cf-2f93-40e0-8f6b-119ef4e9cafb-NettyServerStreamRpc-bossGroup--thread1] INFO  logging.LoggingHandler (AbstractInternalLogger.java:log(148)) - [id: 0x8854fa2a, L:/0:0:0:0:0:0:0:0:15250] CLOSE
2023-10-17 18:46:10,275 [eb2139cf-2f93-40e0-8f6b-119ef4e9cafb-NettyServerStreamRpc-bossGroup--thread1] INFO  logging.LoggingHandler (AbstractInternalLogger.java:log(148)) - [id: 0x8854fa2a, L:/0:0:0:0:0:0:0:0:15250] INACTIVE
2023-10-17 18:46:10,275 [eb2139cf-2f93-40e0-8f6b-119ef4e9cafb-NettyServerStreamRpc-bossGroup--thread1] INFO  logging.LoggingHandler (AbstractInternalLogger.java:log(148)) - [id: 0x8854fa2a, L:/0:0:0:0:0:0:0:0:15250] UNREGISTERED
2023-10-17 18:46:10,277 [7abc303f-f695-4fbc-aa63-fcdea332bcbc-impl-thread2] INFO  server.RaftServer$Division (RaftServerImpl.java:lambda$close$4(466)) - 7abc303f-f695-4fbc-aa63-fcdea332bcbc@group-D969B0D801AA: shutdown
2023-10-17 18:46:10,277 [7abc303f-f695-4fbc-aa63-fcdea332bcbc-impl-thread2] INFO  util.JmxRegister (JmxRegister.java:unregister(73)) - Successfully un-registered JMX Bean with object name Ratis:service=RaftServer,group=group-D969B0D801AA,id=7abc303f-f695-4fbc-aa63-fcdea332bcbc
2023-10-17 18:46:10,277 [7abc303f-f695-4fbc-aa63-fcdea332bcbc-impl-thread2] INFO  impl.RoleInfo (RoleInfo.java:shutdownFollowerState(110)) - 7abc303f-f695-4fbc-aa63-fcdea332bcbc: shutdown 7abc303f-f695-4fbc-aa63-fcdea332bcbc@group-D969B0D801AA-FollowerState
2023-10-17 18:46:10,288 [grpc-default-executor-3] INFO  server.GrpcLogAppender (GrpcLogAppender.java:onCompleted(428)) - 6484543a-767b-4be3-933a-0df7ebf5f58a@group-D969B0D801AA->7abc303f-f695-4fbc-aa63-fcdea332bcbc-AppendLogResponseHandler: follower responses appendEntries COMPLETED
2023-10-17 18:46:10,288 [ForkJoinPool.commonPool-worker-2] INFO  server.GrpcService (GrpcService.java:closeImpl(320)) - 6484543a-767b-4be3-933a-0df7ebf5f58a: shutdown server org.apache.ratis.grpc.server.GrpcClientProtocolService successfully
2023-10-17 18:46:10,288 [ForkJoinPool.commonPool-worker-2] INFO  server.GrpcService (GrpcService.java:closeImpl(311)) - 6484543a-767b-4be3-933a-0df7ebf5f58a: shutdown server GrpcServerProtocolService now
2023-10-17 18:46:10,288 [grpc-default-executor-5] INFO  server.GrpcLogAppender (GrpcLogAppender.java:onCompleted(428)) - 6484543a-767b-4be3-933a-0df7ebf5f58a@group-D969B0D801AA->7abc303f-f695-4fbc-aa63-fcdea332bcbc-AppendLogResponseHandler: follower responses appendEntries COMPLETED
2023-10-17 18:46:10,288 [grpc-default-executor-5] WARN  server.GrpcLogAppender (GrpcLogAppender.java:resetClient(137)) - 6484543a-767b-4be3-933a-0df7ebf5f58a@group-D969B0D801AA->7abc303f-f695-4fbc-aa63-fcdea332bcbc-GrpcLogAppender: Failed to getClient for 7abc303f-f695-4fbc-aa63-fcdea332bcbc
org.apache.ratis.protocol.exceptions.AlreadyClosedException: 6484543a-767b-4be3-933a-0df7ebf5f58a is already CLOSED
	at org.apache.ratis.util.PeerProxyMap$PeerAndProxy.getProxy(PeerProxyMap.java:61)
	at org.apache.ratis.util.PeerProxyMap.getProxy(PeerProxyMap.java:115)
	at org.apache.ratis.grpc.server.GrpcLogAppender.getClient(GrpcLogAppender.java:112)
	at org.apache.ratis.grpc.server.GrpcLogAppender.resetClient(GrpcLogAppender.java:117)
	at org.apache.ratis.grpc.server.GrpcLogAppender.access$500(GrpcLogAppender.java:56)
	at org.apache.ratis.grpc.server.GrpcLogAppender$AppendLogResponseHandler.onCompleted(GrpcLogAppender.java:429)
	at org.apache.ratis.thirdparty.io.grpc.stub.ClientCalls$StreamObserverToCallListenerAdapter.onClose(ClientCalls.java:485)
	at org.apache.ratis.thirdparty.io.grpc.internal.ClientCallImpl.closeObserver(ClientCallImpl.java:563)
	at org.apache.ratis.thirdparty.io.grpc.internal.ClientCallImpl.access$300(ClientCallImpl.java:70)
	at org.apache.ratis.thirdparty.io.grpc.internal.ClientCallImpl$ClientStreamListenerImpl$1StreamClosed.runInternal(ClientCallImpl.java:744)
	at org.apache.ratis.thirdparty.io.grpc.internal.ClientCallImpl$ClientStreamListenerImpl$1StreamClosed.runInContext(ClientCallImpl.java:723)
	at org.apache.ratis.thirdparty.io.grpc.internal.ContextRunnable.run(ContextRunnable.java:37)
	at org.apache.ratis.thirdparty.io.grpc.internal.SerializingExecutor.run(SerializingExecutor.java:133)
	at java.util.concurrent.ThreadPoolExecutor.runWorker(ThreadPoolExecutor.java:1149)
	at java.util.concurrent.ThreadPoolExecutor$Worker.run(ThreadPoolExecutor.java:624)
	at java.lang.Thread.run(Thread.java:750)
2023-10-17 18:46:10,288 [grpc-default-executor-3] WARN  server.GrpcLogAppender (GrpcLogAppender.java:resetClient(137)) - 6484543a-767b-4be3-933a-0df7ebf5f58a@group-D969B0D801AA->7abc303f-f695-4fbc-aa63-fcdea332bcbc-GrpcLogAppender: Failed to getClient for 7abc303f-f695-4fbc-aa63-fcdea332bcbc
org.apache.ratis.protocol.exceptions.AlreadyClosedException: 6484543a-767b-4be3-933a-0df7ebf5f58a is already CLOSED
	at org.apache.ratis.util.PeerProxyMap$PeerAndProxy.getProxy(PeerProxyMap.java:61)
	at org.apache.ratis.util.PeerProxyMap.getProxy(PeerProxyMap.java:115)
	at org.apache.ratis.grpc.server.GrpcLogAppender.getClient(GrpcLogAppender.java:112)
	at org.apache.ratis.grpc.server.GrpcLogAppender.resetClient(GrpcLogAppender.java:117)
	at org.apache.ratis.grpc.server.GrpcLogAppender.access$500(GrpcLogAppender.java:56)
	at org.apache.ratis.grpc.server.GrpcLogAppender$AppendLogResponseHandler.onCompleted(GrpcLogAppender.java:429)
	at org.apache.ratis.thirdparty.io.grpc.stub.ClientCalls$StreamObserverToCallListenerAdapter.onClose(ClientCalls.java:485)
	at org.apache.ratis.thirdparty.io.grpc.internal.DelayedClientCall$DelayedListener$3.run(DelayedClientCall.java:471)
	at org.apache.ratis.thirdparty.io.grpc.internal.DelayedClientCall$DelayedListener.delayOrExecute(DelayedClientCall.java:435)
	at org.apache.ratis.thirdparty.io.grpc.internal.DelayedClientCall$DelayedListener.onClose(DelayedClientCall.java:468)
	at org.apache.ratis.thirdparty.io.grpc.internal.ClientCallImpl.closeObserver(ClientCallImpl.java:563)
	at org.apache.ratis.thirdparty.io.grpc.internal.ClientCallImpl.access$300(ClientCallImpl.java:70)
	at org.apache.ratis.thirdparty.io.grpc.internal.ClientCallImpl$ClientStreamListenerImpl$1StreamClosed.runInternal(ClientCallImpl.java:744)
	at org.apache.ratis.thirdparty.io.grpc.internal.ClientCallImpl$ClientStreamListenerImpl$1StreamClosed.runInContext(ClientCallImpl.java:723)
	at org.apache.ratis.thirdparty.io.grpc.internal.ContextRunnable.run(ContextRunnable.java:37)
	at org.apache.ratis.thirdparty.io.grpc.internal.SerializingExecutor.run(SerializingExecutor.java:133)
	at java.util.concurrent.ThreadPoolExecutor.runWorker(ThreadPoolExecutor.java:1149)
	at java.util.concurrent.ThreadPoolExecutor$Worker.run(ThreadPoolExecutor.java:624)
	at java.lang.Thread.run(Thread.java:750)
2023-10-17 18:46:10,288 [7abc303f-f695-4fbc-aa63-fcdea332bcbc@group-67DD6FFDD51E->6484543a-767b-4be3-933a-0df7ebf5f58a-GrpcLogAppender-LogAppenderDaemon] WARN  server.GrpcLogAppender (GrpcLogAppender.java:mayWait(199)) - 7abc303f-f695-4fbc-aa63-fcdea332bcbc@group-67DD6FFDD51E->6484543a-767b-4be3-933a-0df7ebf5f58a-GrpcLogAppender: Wait interrupted by java.lang.InterruptedException
2023-10-17 18:46:10,289 [7abc303f-f695-4fbc-aa63-fcdea332bcbc@group-67DD6FFDD51E->eb2139cf-2f93-40e0-8f6b-119ef4e9cafb-GrpcLogAppender-LogAppenderDaemon] WARN  server.GrpcLogAppender (GrpcLogAppender.java:mayWait(199)) - 7abc303f-f695-4fbc-aa63-fcdea332bcbc@group-67DD6FFDD51E->eb2139cf-2f93-40e0-8f6b-119ef4e9cafb-GrpcLogAppender: Wait interrupted by java.lang.InterruptedException
2023-10-17 18:46:10,288 [7abc303f-f695-4fbc-aa63-fcdea332bcbc-impl-thread1] INFO  impl.PendingRequests (PendingRequests.java:sendNotLeaderResponses(289)) - 7abc303f-f695-4fbc-aa63-fcdea332bcbc@group-67DD6FFDD51E-PendingRequests: sendNotLeaderResponses
2023-10-17 18:46:10,289 [7abc303f-f695-4fbc-aa63-fcdea332bcbc-impl-thread1] INFO  impl.StateMachineUpdater (StateMachineUpdater.java:stopAndJoin(155)) - 7abc303f-f695-4fbc-aa63-fcdea332bcbc@group-67DD6FFDD51E-StateMachineUpdater: set stopIndex = 0
2023-10-17 18:46:10,290 [7abc303f-f695-4fbc-aa63-fcdea332bcbc@group-67DD6FFDD51E-StateMachineUpdater] INFO  ratis.ContainerStateMachine (ContainerStateMachine.java:takeSnapshot(330)) - group-67DD6FFDD51E: Taking a snapshot at:(t:1, i:0) file /home/runner/work/ozone/ozone/hadoop-ozone/integration-test/target/test-dir/MiniOzoneClusterImpl-1ddacd7d-4aab-443e-9cce-7616e57ab4b1/datanode-2/data/ratis/f5eb600c-7ac4-4c4b-8b4e-67dd6ffdd51e/sm/snapshot.1_0
2023-10-17 18:46:10,290 [grpc-default-executor-6] WARN  server.GrpcServerProtocolService (LogUtils.java:warn(122)) - 6484543a-767b-4be3-933a-0df7ebf5f58a: APPEND_ENTRIES onError, lastRequest: null: org.apache.ratis.thirdparty.io.grpc.StatusRuntimeException: CANCELLED: client cancelled
2023-10-17 18:46:10,290 [grpc-default-executor-3] INFO  server.GrpcServerProtocolService (GrpcServerProtocolService.java:onCompleted(155)) - 6484543a-767b-4be3-933a-0df7ebf5f58a: Completed APPEND_ENTRIES, lastRequest: 7abc303f-f695-4fbc-aa63-fcdea332bcbc->6484543a-767b-4be3-933a-0df7ebf5f58a#1-t1,previous=(t:0, i:0),leaderCommit=-1,initializing? true,entries: size=1, first=(t:1, i:0), CONFIGURATIONENTRY(current:id: "eb2139cf-2f93-40e0-8f6b-119ef4e9cafb"
address: "10.1.0.25:15249"
dataStreamAddress: "10.1.0.25:15250"
clientAddress: "10.1.0.25:15247"
adminAddress: "10.1.0.25:15248"
startupRole: FOLLOWER
,id: "7abc303f-f695-4fbc-aa63-fcdea332bcbc"
address: "10.1.0.25:15258"
priority: 1
dataStreamAddress: "10.1.0.25:15259"
clientAddress: "10.1.0.25:15256"
adminAddress: "10.1.0.25:15257"
startupRole: FOLLOWER
,id: "6484543a-767b-4be3-933a-0df7ebf5f58a"
address: "10.1.0.25:15240"
dataStreamAddress: "10.1.0.25:15241"
clientAddress: "10.1.0.25:15238"
adminAddress: "10.1.0.25:15239"
startupRole: FOLLOWER
, old:)
2023-10-17 18:46:10,290 [grpc-default-executor-3] INFO  server.GrpcServerProtocolService (GrpcServerProtocolService.java:lambda$onCompleted$5(157)) - 6484543a-767b-4be3-933a-0df7ebf5f58a: Completed APPEND_ENTRIES, lastReply: null
2023-10-17 18:46:10,290 [grpc-default-executor-2] INFO  server.GrpcLogAppender (GrpcLogAppender.java:onError(417)) - 7abc303f-f695-4fbc-aa63-fcdea332bcbc@group-67DD6FFDD51E->6484543a-767b-4be3-933a-0df7ebf5f58a-GrpcLogAppender is already stopped
2023-10-17 18:46:10,290 [7abc303f-f695-4fbc-aa63-fcdea332bcbc@group-67DD6FFDD51E-StateMachineUpdater] INFO  ratis.ContainerStateMachine (ContainerStateMachine.java:takeSnapshot(341)) - group-67DD6FFDD51E: Finished taking a snapshot at:(t:1, i:0) file:/home/runner/work/ozone/ozone/hadoop-ozone/integration-test/target/test-dir/MiniOzoneClusterImpl-1ddacd7d-4aab-443e-9cce-7616e57ab4b1/datanode-2/data/ratis/f5eb600c-7ac4-4c4b-8b4e-67dd6ffdd51e/sm/snapshot.1_0 took: 1 ms
2023-10-17 18:46:10,291 [7abc303f-f695-4fbc-aa63-fcdea332bcbc@group-67DD6FFDD51E-StateMachineUpdater] INFO  impl.StateMachineUpdater (StateMachineUpdater.java:takeSnapshot(291)) - 7abc303f-f695-4fbc-aa63-fcdea332bcbc@group-67DD6FFDD51E-StateMachineUpdater: Took a snapshot at index 0
2023-10-17 18:46:10,291 [7abc303f-f695-4fbc-aa63-fcdea332bcbc@group-67DD6FFDD51E-StateMachineUpdater] INFO  impl.StateMachineUpdater (StateMachineUpdater.java:lambda$new$0(97)) - 7abc303f-f695-4fbc-aa63-fcdea332bcbc@group-67DD6FFDD51E-StateMachineUpdater: snapshotIndex: updateIncreasingly -1 -> 0
2023-10-17 18:46:10,291 [7abc303f-f695-4fbc-aa63-fcdea332bcbc-impl-thread1] INFO  server.RaftServer$Division (ServerState.java:close(472)) - 7abc303f-f695-4fbc-aa63-fcdea332bcbc@group-67DD6FFDD51E: closes. applyIndex: 0
2023-10-17 18:46:10,292 [ForkJoinPool.commonPool-worker-2] INFO  server.GrpcService (GrpcService.java:closeImpl(320)) - 6484543a-767b-4be3-933a-0df7ebf5f58a: shutdown server GrpcServerProtocolService successfully
2023-10-17 18:46:10,292 [ForkJoinPool.commonPool-worker-2] INFO  server.GrpcService (GrpcService.java:closeImpl(311)) - 6484543a-767b-4be3-933a-0df7ebf5f58a: shutdown server org.apache.ratis.grpc.server.GrpcAdminProtocolService now
2023-10-17 18:46:10,292 [7abc303f-f695-4fbc-aa63-fcdea332bcbc-impl-thread2] INFO  impl.StateMachineUpdater (StateMachineUpdater.java:stopAndJoin(155)) - 7abc303f-f695-4fbc-aa63-fcdea332bcbc@group-D969B0D801AA-StateMachineUpdater: set stopIndex = 0
2023-10-17 18:46:10,293 [7abc303f-f695-4fbc-aa63-fcdea332bcbc@group-D969B0D801AA-StateMachineUpdater] INFO  ratis.ContainerStateMachine (ContainerStateMachine.java:takeSnapshot(330)) - group-D969B0D801AA: Taking a snapshot at:(t:1, i:0) file /home/runner/work/ozone/ozone/hadoop-ozone/integration-test/target/test-dir/MiniOzoneClusterImpl-1ddacd7d-4aab-443e-9cce-7616e57ab4b1/datanode-2/data/ratis/f96e4181-aff9-4e8f-9558-d969b0d801aa/sm/snapshot.1_0
2023-10-17 18:46:10,293 [7abc303f-f695-4fbc-aa63-fcdea332bcbc@group-D969B0D801AA-FollowerState] INFO  impl.FollowerState (FollowerState.java:run(152)) - 7abc303f-f695-4fbc-aa63-fcdea332bcbc@group-D969B0D801AA-FollowerState was interrupted
2023-10-17 18:46:10,293 [ForkJoinPool.commonPool-worker-3] INFO  server.GrpcService (GrpcService.java:closeImpl(311)) - 7abc303f-f695-4fbc-aa63-fcdea332bcbc: shutdown server org.apache.ratis.grpc.server.GrpcClientProtocolService now
2023-10-17 18:46:10,293 [7abc303f-f695-4fbc-aa63-fcdea332bcbc@group-D969B0D801AA-StateMachineUpdater] INFO  ratis.ContainerStateMachine (ContainerStateMachine.java:takeSnapshot(341)) - group-D969B0D801AA: Finished taking a snapshot at:(t:1, i:0) file:/home/runner/work/ozone/ozone/hadoop-ozone/integration-test/target/test-dir/MiniOzoneClusterImpl-1ddacd7d-4aab-443e-9cce-7616e57ab4b1/datanode-2/data/ratis/f96e4181-aff9-4e8f-9558-d969b0d801aa/sm/snapshot.1_0 took: 1 ms
2023-10-17 18:46:10,293 [7abc303f-f695-4fbc-aa63-fcdea332bcbc@group-D969B0D801AA-StateMachineUpdater] INFO  impl.StateMachineUpdater (StateMachineUpdater.java:takeSnapshot(291)) - 7abc303f-f695-4fbc-aa63-fcdea332bcbc@group-D969B0D801AA-StateMachineUpdater: Took a snapshot at index 0
2023-10-17 18:46:10,293 [7abc303f-f695-4fbc-aa63-fcdea332bcbc@group-D969B0D801AA-StateMachineUpdater] INFO  impl.StateMachineUpdater (StateMachineUpdater.java:lambda$new$0(97)) - 7abc303f-f695-4fbc-aa63-fcdea332bcbc@group-D969B0D801AA-StateMachineUpdater: snapshotIndex: updateIncreasingly -1 -> 0
2023-10-17 18:46:10,294 [7abc303f-f695-4fbc-aa63-fcdea332bcbc-impl-thread2] INFO  server.RaftServer$Division (ServerState.java:close(472)) - 7abc303f-f695-4fbc-aa63-fcdea332bcbc@group-D969B0D801AA: closes. applyIndex: 0
2023-10-17 18:46:10,294 [7abc303f-f695-4fbc-aa63-fcdea332bcbc-impl-thread3] INFO  server.RaftServer$Division (RaftServerImpl.java:lambda$close$4(466)) - 7abc303f-f695-4fbc-aa63-fcdea332bcbc@group-A1D9142B5B6E: shutdown
2023-10-17 18:46:10,294 [7abc303f-f695-4fbc-aa63-fcdea332bcbc-impl-thread3] INFO  util.JmxRegister (JmxRegister.java:unregister(73)) - Successfully un-registered JMX Bean with object name Ratis:service=RaftServer,group=group-A1D9142B5B6E,id=7abc303f-f695-4fbc-aa63-fcdea332bcbc
2023-10-17 18:46:10,294 [7abc303f-f695-4fbc-aa63-fcdea332bcbc-impl-thread3] INFO  impl.RoleInfo (RoleInfo.java:shutdownLeaderState(93)) - 7abc303f-f695-4fbc-aa63-fcdea332bcbc: shutdown 7abc303f-f695-4fbc-aa63-fcdea332bcbc@group-A1D9142B5B6E-LeaderStateImpl
2023-10-17 18:46:10,294 [7abc303f-f695-4fbc-aa63-fcdea332bcbc-impl-thread3] INFO  impl.PendingRequests (PendingRequests.java:sendNotLeaderResponses(289)) - 7abc303f-f695-4fbc-aa63-fcdea332bcbc@group-A1D9142B5B6E-PendingRequests: sendNotLeaderResponses
2023-10-17 18:46:10,294 [7abc303f-f695-4fbc-aa63-fcdea332bcbc-impl-thread3] INFO  impl.StateMachineUpdater (StateMachineUpdater.java:stopAndJoin(155)) - 7abc303f-f695-4fbc-aa63-fcdea332bcbc@group-A1D9142B5B6E-StateMachineUpdater: set stopIndex = 0
2023-10-17 18:46:10,294 [7abc303f-f695-4fbc-aa63-fcdea332bcbc@group-A1D9142B5B6E-StateMachineUpdater] INFO  ratis.ContainerStateMachine (ContainerStateMachine.java:takeSnapshot(330)) - group-A1D9142B5B6E: Taking a snapshot at:(t:1, i:0) file /home/runner/work/ozone/ozone/hadoop-ozone/integration-test/target/test-dir/MiniOzoneClusterImpl-1ddacd7d-4aab-443e-9cce-7616e57ab4b1/datanode-2/data/ratis/570764fe-283e-416f-81d9-a1d9142b5b6e/sm/snapshot.1_0
2023-10-17 18:46:10,295 [7abc303f-f695-4fbc-aa63-fcdea332bcbc@group-A1D9142B5B6E-StateMachineUpdater] INFO  ratis.ContainerStateMachine (ContainerStateMachine.java:takeSnapshot(341)) - group-A1D9142B5B6E: Finished taking a snapshot at:(t:1, i:0) file:/home/runner/work/ozone/ozone/hadoop-ozone/integration-test/target/test-dir/MiniOzoneClusterImpl-1ddacd7d-4aab-443e-9cce-7616e57ab4b1/datanode-2/data/ratis/570764fe-283e-416f-81d9-a1d9142b5b6e/sm/snapshot.1_0 took: 1 ms
2023-10-17 18:46:10,295 [7abc303f-f695-4fbc-aa63-fcdea332bcbc@group-A1D9142B5B6E-StateMachineUpdater] INFO  impl.StateMachineUpdater (StateMachineUpdater.java:takeSnapshot(291)) - 7abc303f-f695-4fbc-aa63-fcdea332bcbc@group-A1D9142B5B6E-StateMachineUpdater: Took a snapshot at index 0
2023-10-17 18:46:10,295 [7abc303f-f695-4fbc-aa63-fcdea332bcbc@group-A1D9142B5B6E-StateMachineUpdater] INFO  impl.StateMachineUpdater (StateMachineUpdater.java:lambda$new$0(97)) - 7abc303f-f695-4fbc-aa63-fcdea332bcbc@group-A1D9142B5B6E-StateMachineUpdater: snapshotIndex: updateIncreasingly -1 -> 0
2023-10-17 18:46:10,296 [7abc303f-f695-4fbc-aa63-fcdea332bcbc-impl-thread3] INFO  server.RaftServer$Division (ServerState.java:close(472)) - 7abc303f-f695-4fbc-aa63-fcdea332bcbc@group-A1D9142B5B6E: closes. applyIndex: 0
2023-10-17 18:46:10,297 [grpc-default-executor-1] INFO  server.GrpcLogAppender (GrpcLogAppender.java:onError(417)) - 7abc303f-f695-4fbc-aa63-fcdea332bcbc@group-67DD6FFDD51E->6484543a-767b-4be3-933a-0df7ebf5f58a-GrpcLogAppender is already stopped
2023-10-17 18:46:10,298 [Thread-3658] INFO  server.GrpcServerProtocolClient (GrpcServerProtocolClient.java:close(103)) - eb2139cf-2f93-40e0-8f6b-119ef4e9cafb Close channels
2023-10-17 18:46:10,298 [Thread-3660] INFO  server.GrpcServerProtocolClient (GrpcServerProtocolClient.java:close(103)) - 6484543a-767b-4be3-933a-0df7ebf5f58a Close channels
2023-10-17 18:46:10,299 [ForkJoinPool.commonPool-worker-3] INFO  server.GrpcService (GrpcService.java:closeImpl(320)) - 7abc303f-f695-4fbc-aa63-fcdea332bcbc: shutdown server org.apache.ratis.grpc.server.GrpcClientProtocolService successfully
2023-10-17 18:46:10,299 [ForkJoinPool.commonPool-worker-3] INFO  server.GrpcService (GrpcService.java:closeImpl(311)) - 7abc303f-f695-4fbc-aa63-fcdea332bcbc: shutdown server GrpcServerProtocolService now
2023-10-17 18:46:10,308 [ForkJoinPool.commonPool-worker-2] INFO  server.GrpcService (GrpcService.java:closeImpl(320)) - 6484543a-767b-4be3-933a-0df7ebf5f58a: shutdown server org.apache.ratis.grpc.server.GrpcAdminProtocolService successfully
2023-10-17 18:46:10,308 [6484543a-767b-4be3-933a-0df7ebf5f58a-NettyServerStreamRpc-bossGroup--thread1] INFO  logging.LoggingHandler (AbstractInternalLogger.java:log(148)) - [id: 0x0c8e26dd, L:/0:0:0:0:0:0:0:0:15241] CLOSE
2023-10-17 18:46:10,309 [6484543a-767b-4be3-933a-0df7ebf5f58a-NettyServerStreamRpc-bossGroup--thread1] INFO  logging.LoggingHandler (AbstractInternalLogger.java:log(148)) - [id: 0x0c8e26dd, L:/0:0:0:0:0:0:0:0:15241] INACTIVE
2023-10-17 18:46:10,309 [6484543a-767b-4be3-933a-0df7ebf5f58a-NettyServerStreamRpc-bossGroup--thread1] INFO  logging.LoggingHandler (AbstractInternalLogger.java:log(148)) - [id: 0x0c8e26dd, L:/0:0:0:0:0:0:0:0:15241] UNREGISTERED
2023-10-17 18:46:10,309 [ForkJoinPool.commonPool-worker-3] INFO  server.GrpcService (GrpcService.java:closeImpl(320)) - 7abc303f-f695-4fbc-aa63-fcdea332bcbc: shutdown server GrpcServerProtocolService successfully
2023-10-17 18:46:10,310 [ForkJoinPool.commonPool-worker-3] INFO  server.GrpcService (GrpcService.java:closeImpl(311)) - 7abc303f-f695-4fbc-aa63-fcdea332bcbc: shutdown server org.apache.ratis.grpc.server.GrpcAdminProtocolService now
2023-10-17 18:46:10,341 [ForkJoinPool.commonPool-worker-3] INFO  server.GrpcService (GrpcService.java:closeImpl(320)) - 7abc303f-f695-4fbc-aa63-fcdea332bcbc: shutdown server org.apache.ratis.grpc.server.GrpcAdminProtocolService successfully
2023-10-17 18:46:10,342 [7abc303f-f695-4fbc-aa63-fcdea332bcbc-NettyServerStreamRpc-bossGroup--thread1] INFO  logging.LoggingHandler (AbstractInternalLogger.java:log(148)) - [id: 0x01f250ab, L:/0:0:0:0:0:0:0:0:15259] CLOSE
2023-10-17 18:46:10,342 [7abc303f-f695-4fbc-aa63-fcdea332bcbc-NettyServerStreamRpc-bossGroup--thread1] INFO  logging.LoggingHandler (AbstractInternalLogger.java:log(148)) - [id: 0x01f250ab, L:/0:0:0:0:0:0:0:0:15259] INACTIVE
2023-10-17 18:46:10,342 [7abc303f-f695-4fbc-aa63-fcdea332bcbc-NettyServerStreamRpc-bossGroup--thread1] INFO  logging.LoggingHandler (AbstractInternalLogger.java:log(148)) - [id: 0x01f250ab, L:/0:0:0:0:0:0:0:0:15259] UNREGISTERED
2023-10-17 18:46:10,604 [6484543a-767b-4be3-933a-0df7ebf5f58a-impl-thread3] INFO  segmented.SegmentedRaftLogWorker (SegmentedRaftLogWorker.java:close(252)) - 6484543a-767b-4be3-933a-0df7ebf5f58a@group-D90DC10088D6-SegmentedRaftLogWorker close()
2023-10-17 18:46:10,763 [6484543a-767b-4be3-933a-0df7ebf5f58a-impl-thread2] INFO  segmented.SegmentedRaftLogWorker (SegmentedRaftLogWorker.java:close(252)) - 6484543a-767b-4be3-933a-0df7ebf5f58a@group-D969B0D801AA-SegmentedRaftLogWorker close()
2023-10-17 18:46:10,802 [eb2139cf-2f93-40e0-8f6b-119ef4e9cafb-impl-thread2] INFO  segmented.SegmentedRaftLogWorker (SegmentedRaftLogWorker.java:close(252)) - eb2139cf-2f93-40e0-8f6b-119ef4e9cafb@group-D969B0D801AA-SegmentedRaftLogWorker close()
2023-10-17 18:46:10,804 [7abc303f-f695-4fbc-aa63-fcdea332bcbc-impl-thread2] INFO  segmented.SegmentedRaftLogWorker (SegmentedRaftLogWorker.java:close(252)) - 7abc303f-f695-4fbc-aa63-fcdea332bcbc@group-D969B0D801AA-SegmentedRaftLogWorker close()
2023-10-17 18:46:10,935 [7abc303f-f695-4fbc-aa63-fcdea332bcbc-impl-thread1] INFO  segmented.SegmentedRaftLogWorker (SegmentedRaftLogWorker.java:close(252)) - 7abc303f-f695-4fbc-aa63-fcdea332bcbc@group-67DD6FFDD51E-SegmentedRaftLogWorker close()
2023-10-17 18:46:10,948 [6484543a-767b-4be3-933a-0df7ebf5f58a-impl-thread1] INFO  segmented.SegmentedRaftLogWorker (SegmentedRaftLogWorker.java:close(252)) - 6484543a-767b-4be3-933a-0df7ebf5f58a@group-67DD6FFDD51E-SegmentedRaftLogWorker close()
2023-10-17 18:46:10,949 [JvmPauseMonitor39] INFO  util.JvmPauseMonitor (JvmPauseMonitor.java:run(109)) - JvmPauseMonitor-6484543a-767b-4be3-933a-0df7ebf5f58a: Stopped
2023-10-17 18:46:10,954 [eb2139cf-2f93-40e0-8f6b-119ef4e9cafb-impl-thread1] INFO  segmented.SegmentedRaftLogWorker (SegmentedRaftLogWorker.java:close(252)) - eb2139cf-2f93-40e0-8f6b-119ef4e9cafb@group-67DD6FFDD51E-SegmentedRaftLogWorker close()
2023-10-17 18:46:10,990 [eb2139cf-2f93-40e0-8f6b-119ef4e9cafb-impl-thread3] INFO  segmented.SegmentedRaftLogWorker (SegmentedRaftLogWorker.java:close(252)) - eb2139cf-2f93-40e0-8f6b-119ef4e9cafb@group-9D5C6C4FD5CA-SegmentedRaftLogWorker close()
2023-10-17 18:46:10,991 [JvmPauseMonitor40] INFO  util.JvmPauseMonitor (JvmPauseMonitor.java:run(109)) - JvmPauseMonitor-eb2139cf-2f93-40e0-8f6b-119ef4e9cafb: Stopped
2023-10-17 18:46:11,035 [7abc303f-f695-4fbc-aa63-fcdea332bcbc-impl-thread3] INFO  segmented.SegmentedRaftLogWorker (SegmentedRaftLogWorker.java:close(252)) - 7abc303f-f695-4fbc-aa63-fcdea332bcbc@group-A1D9142B5B6E-SegmentedRaftLogWorker close()
2023-10-17 18:46:11,036 [JvmPauseMonitor41] INFO  util.JvmPauseMonitor (JvmPauseMonitor.java:run(109)) - JvmPauseMonitor-7abc303f-f695-4fbc-aa63-fcdea332bcbc: Stopped
2023-10-17 18:46:12,952 [ForkJoinPool.commonPool-worker-2] INFO  utils.DatanodeStoreCache (DatanodeStoreCache.java:shutdownCache(110)) - Skip clearing cache in mini cluster mode. Entries left: [/home/runner/work/ozone/ozone/hadoop-ozone/integration-test/target/test-dir/MiniOzoneClusterImpl-1ddacd7d-4aab-443e-9cce-7616e57ab4b1/datanode-0/data-0/containers/hdds/1ddacd7d-4aab-443e-9cce-7616e57ab4b1/DS-2c019df6-b6e5-452b-9b14-fd78d3fed541/container.db, /home/runner/work/ozone/ozone/hadoop-ozone/integration-test/target/test-dir/MiniOzoneClusterImpl-1ddacd7d-4aab-443e-9cce-7616e57ab4b1/datanode-1/data-0/containers/hdds/1ddacd7d-4aab-443e-9cce-7616e57ab4b1/DS-3322b0c6-4d74-493c-95f5-a7359da4b822/container.db, /home/runner/work/ozone/ozone/hadoop-ozone/integration-test/target/test-dir/MiniOzoneClusterImpl-1ddacd7d-4aab-443e-9cce-7616e57ab4b1/datanode-2/data-0/containers/hdds/1ddacd7d-4aab-443e-9cce-7616e57ab4b1/DS-197e4dbf-1f18-4f14-a33d-6ce3aa195b0c/container.db]
2023-10-17 18:46:12,954 [ForkJoinPool.commonPool-worker-2] INFO  utils.DatanodeStoreCache (DatanodeStoreCache.java:removeDB(104)) - Removed db /home/runner/work/ozone/ozone/hadoop-ozone/integration-test/target/test-dir/MiniOzoneClusterImpl-1ddacd7d-4aab-443e-9cce-7616e57ab4b1/datanode-0/data-0/containers/hdds/1ddacd7d-4aab-443e-9cce-7616e57ab4b1/DS-2c019df6-b6e5-452b-9b14-fd78d3fed541/container.db from cache
2023-10-17 18:46:12,954 [ForkJoinPool.commonPool-worker-2] INFO  volume.HddsVolume (HddsVolume.java:closeDbStore(453)) - SchemaV3 db is stopped at /home/runner/work/ozone/ozone/hadoop-ozone/integration-test/target/test-dir/MiniOzoneClusterImpl-1ddacd7d-4aab-443e-9cce-7616e57ab4b1/datanode-0/data-0/containers/hdds/1ddacd7d-4aab-443e-9cce-7616e57ab4b1/DS-2c019df6-b6e5-452b-9b14-fd78d3fed541/container.db for volume DS-2c019df6-b6e5-452b-9b14-fd78d3fed541
2023-10-17 18:46:12,955 [ForkJoinPool.commonPool-worker-2] INFO  utils.BackgroundService (BackgroundService.java:shutdown(160)) - Shutting down service BlockDeletingService
2023-10-17 18:46:12,955 [ForkJoinPool.commonPool-worker-2] INFO  utils.BackgroundService (BackgroundService.java:shutdown(160)) - Shutting down service StaleRecoveringContainerScrubbingService
2023-10-17 18:46:12,956 [ForkJoinPool.commonPool-worker-2] INFO  statemachine.DatanodeStateMachine (DatanodeStateMachine.java:stopDaemon(628)) - Ozone container server stopped.
2023-10-17 18:46:12,966 [ForkJoinPool.commonPool-worker-2] INFO  handler.ContextHandler (ContextHandler.java:doStop(1159)) - Stopped o.e.j.w.WebAppContext@734cf732{hddsDatanode,/,null,STOPPED}{jar:file:/home/runner/.m2/repository/org/apache/ozone/hdds-container-service/1.4.0-SNAPSHOT/hdds-container-service-1.4.0-SNAPSHOT.jar!/webapps/hddsDatanode}
2023-10-17 18:46:12,967 [ForkJoinPool.commonPool-worker-2] INFO  server.AbstractConnector (AbstractConnector.java:doStop(383)) - Stopped ServerConnector@5ac06d35{HTTP/1.1, (http/1.1)}{0.0.0.0:15235}
2023-10-17 18:46:12,967 [ForkJoinPool.commonPool-worker-2] INFO  server.session (HouseKeeper.java:stopScavenging(149)) - node0 Stopped scavenging
2023-10-17 18:46:12,968 [ForkJoinPool.commonPool-worker-2] INFO  handler.ContextHandler (ContextHandler.java:doStop(1159)) - Stopped o.e.j.s.ServletContextHandler@707b0d00{static,/static,jar:file:/home/runner/.m2/repository/org/apache/ozone/hdds-container-service/1.4.0-SNAPSHOT/hdds-container-service-1.4.0-SNAPSHOT.jar!/webapps/static,STOPPED}
2023-10-17 18:46:12,968 [ForkJoinPool.commonPool-worker-2] INFO  handler.ContextHandler (ContextHandler.java:doStop(1159)) - Stopped o.e.j.s.ServletContextHandler@1c999f70{logs,/logs,file:///home/runner/work/ozone/ozone/hadoop-ozone/integration-test/target/log,STOPPED}
2023-10-17 18:46:12,969 [ForkJoinPool.commonPool-worker-2] INFO  ozone.HddsDatanodeClientProtocolServer (HddsDatanodeClientProtocolServer.java:stop(78)) - Stopping the RPC server for Client Protocol
2023-10-17 18:46:12,969 [ForkJoinPool.commonPool-worker-2] INFO  ipc.Server (Server.java:stop(3523)) - Stopping server on 15236
2023-10-17 18:46:12,970 [IPC Server Responder] INFO  ipc.Server (Server.java:run(1567)) - Stopping IPC Server Responder
2023-10-17 18:46:12,973 [IPC Server listener on 15236] INFO  ipc.Server (Server.java:run(1434)) - Stopping IPC Server listener on 15236
2023-10-17 18:46:12,994 [Time-limited test] INFO  utils.DatanodeStoreCache (DatanodeStoreCache.java:shutdownCache(110)) - Skip clearing cache in mini cluster mode. Entries left: [/home/runner/work/ozone/ozone/hadoop-ozone/integration-test/target/test-dir/MiniOzoneClusterImpl-1ddacd7d-4aab-443e-9cce-7616e57ab4b1/datanode-1/data-0/containers/hdds/1ddacd7d-4aab-443e-9cce-7616e57ab4b1/DS-3322b0c6-4d74-493c-95f5-a7359da4b822/container.db, /home/runner/work/ozone/ozone/hadoop-ozone/integration-test/target/test-dir/MiniOzoneClusterImpl-1ddacd7d-4aab-443e-9cce-7616e57ab4b1/datanode-2/data-0/containers/hdds/1ddacd7d-4aab-443e-9cce-7616e57ab4b1/DS-197e4dbf-1f18-4f14-a33d-6ce3aa195b0c/container.db]
2023-10-17 18:46:12,995 [Time-limited test] INFO  utils.DatanodeStoreCache (DatanodeStoreCache.java:removeDB(104)) - Removed db /home/runner/work/ozone/ozone/hadoop-ozone/integration-test/target/test-dir/MiniOzoneClusterImpl-1ddacd7d-4aab-443e-9cce-7616e57ab4b1/datanode-1/data-0/containers/hdds/1ddacd7d-4aab-443e-9cce-7616e57ab4b1/DS-3322b0c6-4d74-493c-95f5-a7359da4b822/container.db from cache
2023-10-17 18:46:12,995 [Time-limited test] INFO  volume.HddsVolume (HddsVolume.java:closeDbStore(453)) - SchemaV3 db is stopped at /home/runner/work/ozone/ozone/hadoop-ozone/integration-test/target/test-dir/MiniOzoneClusterImpl-1ddacd7d-4aab-443e-9cce-7616e57ab4b1/datanode-1/data-0/containers/hdds/1ddacd7d-4aab-443e-9cce-7616e57ab4b1/DS-3322b0c6-4d74-493c-95f5-a7359da4b822/container.db for volume DS-3322b0c6-4d74-493c-95f5-a7359da4b822
2023-10-17 18:46:12,995 [Time-limited test] INFO  utils.BackgroundService (BackgroundService.java:shutdown(160)) - Shutting down service BlockDeletingService
2023-10-17 18:46:12,995 [Time-limited test] INFO  utils.BackgroundService (BackgroundService.java:shutdown(160)) - Shutting down service StaleRecoveringContainerScrubbingService
2023-10-17 18:46:12,996 [Time-limited test] INFO  statemachine.DatanodeStateMachine (DatanodeStateMachine.java:stopDaemon(628)) - Ozone container server stopped.
2023-10-17 18:46:13,005 [Time-limited test] INFO  handler.ContextHandler (ContextHandler.java:doStop(1159)) - Stopped o.e.j.w.WebAppContext@1f3b1e8d{hddsDatanode,/,null,STOPPED}{jar:file:/home/runner/.m2/repository/org/apache/ozone/hdds-container-service/1.4.0-SNAPSHOT/hdds-container-service-1.4.0-SNAPSHOT.jar!/webapps/hddsDatanode}
2023-10-17 18:46:13,005 [Time-limited test] INFO  server.AbstractConnector (AbstractConnector.java:doStop(383)) - Stopped ServerConnector@758fe650{HTTP/1.1, (http/1.1)}{0.0.0.0:15244}
2023-10-17 18:46:13,005 [Time-limited test] INFO  server.session (HouseKeeper.java:stopScavenging(149)) - node0 Stopped scavenging
2023-10-17 18:46:13,005 [Time-limited test] INFO  handler.ContextHandler (ContextHandler.java:doStop(1159)) - Stopped o.e.j.s.ServletContextHandler@46da435a{static,/static,jar:file:/home/runner/.m2/repository/org/apache/ozone/hdds-container-service/1.4.0-SNAPSHOT/hdds-container-service-1.4.0-SNAPSHOT.jar!/webapps/static,STOPPED}
2023-10-17 18:46:13,005 [Time-limited test] INFO  handler.ContextHandler (ContextHandler.java:doStop(1159)) - Stopped o.e.j.s.ServletContextHandler@2867482a{logs,/logs,file:///home/runner/work/ozone/ozone/hadoop-ozone/integration-test/target/log,STOPPED}
2023-10-17 18:46:13,006 [Time-limited test] INFO  ozone.HddsDatanodeClientProtocolServer (HddsDatanodeClientProtocolServer.java:stop(78)) - Stopping the RPC server for Client Protocol
2023-10-17 18:46:13,006 [Time-limited test] INFO  ipc.Server (Server.java:stop(3523)) - Stopping server on 15245
2023-10-17 18:46:13,006 [IPC Server listener on 15245] INFO  ipc.Server (Server.java:run(1434)) - Stopping IPC Server listener on 15245
2023-10-17 18:46:13,007 [IPC Server Responder] INFO  ipc.Server (Server.java:run(1567)) - Stopping IPC Server Responder
2023-10-17 18:46:13,040 [ForkJoinPool.commonPool-worker-3] INFO  utils.DatanodeStoreCache (DatanodeStoreCache.java:shutdownCache(110)) - Skip clearing cache in mini cluster mode. Entries left: [/home/runner/work/ozone/ozone/hadoop-ozone/integration-test/target/test-dir/MiniOzoneClusterImpl-1ddacd7d-4aab-443e-9cce-7616e57ab4b1/datanode-2/data-0/containers/hdds/1ddacd7d-4aab-443e-9cce-7616e57ab4b1/DS-197e4dbf-1f18-4f14-a33d-6ce3aa195b0c/container.db]
2023-10-17 18:46:13,042 [ForkJoinPool.commonPool-worker-3] INFO  utils.DatanodeStoreCache (DatanodeStoreCache.java:removeDB(104)) - Removed db /home/runner/work/ozone/ozone/hadoop-ozone/integration-test/target/test-dir/MiniOzoneClusterImpl-1ddacd7d-4aab-443e-9cce-7616e57ab4b1/datanode-2/data-0/containers/hdds/1ddacd7d-4aab-443e-9cce-7616e57ab4b1/DS-197e4dbf-1f18-4f14-a33d-6ce3aa195b0c/container.db from cache
2023-10-17 18:46:13,042 [ForkJoinPool.commonPool-worker-3] INFO  volume.HddsVolume (HddsVolume.java:closeDbStore(453)) - SchemaV3 db is stopped at /home/runner/work/ozone/ozone/hadoop-ozone/integration-test/target/test-dir/MiniOzoneClusterImpl-1ddacd7d-4aab-443e-9cce-7616e57ab4b1/datanode-2/data-0/containers/hdds/1ddacd7d-4aab-443e-9cce-7616e57ab4b1/DS-197e4dbf-1f18-4f14-a33d-6ce3aa195b0c/container.db for volume DS-197e4dbf-1f18-4f14-a33d-6ce3aa195b0c
2023-10-17 18:46:13,042 [ForkJoinPool.commonPool-worker-3] INFO  utils.BackgroundService (BackgroundService.java:shutdown(160)) - Shutting down service BlockDeletingService
2023-10-17 18:46:13,043 [ForkJoinPool.commonPool-worker-3] INFO  utils.BackgroundService (BackgroundService.java:shutdown(160)) - Shutting down service StaleRecoveringContainerScrubbingService
2023-10-17 18:46:13,043 [ForkJoinPool.commonPool-worker-3] INFO  statemachine.DatanodeStateMachine (DatanodeStateMachine.java:stopDaemon(628)) - Ozone container server stopped.
2023-10-17 18:46:13,056 [ForkJoinPool.commonPool-worker-3] INFO  handler.ContextHandler (ContextHandler.java:doStop(1159)) - Stopped o.e.j.w.WebAppContext@4055d6b2{hddsDatanode,/,null,STOPPED}{jar:file:/home/runner/.m2/repository/org/apache/ozone/hdds-container-service/1.4.0-SNAPSHOT/hdds-container-service-1.4.0-SNAPSHOT.jar!/webapps/hddsDatanode}
2023-10-17 18:46:13,056 [ForkJoinPool.commonPool-worker-3] INFO  server.AbstractConnector (AbstractConnector.java:doStop(383)) - Stopped ServerConnector@7ab389f7{HTTP/1.1, (http/1.1)}{0.0.0.0:15253}
2023-10-17 18:46:13,056 [ForkJoinPool.commonPool-worker-3] INFO  server.session (HouseKeeper.java:stopScavenging(149)) - node0 Stopped scavenging
2023-10-17 18:46:13,057 [ForkJoinPool.commonPool-worker-3] INFO  handler.ContextHandler (ContextHandler.java:doStop(1159)) - Stopped o.e.j.s.ServletContextHandler@5e890791{static,/static,jar:file:/home/runner/.m2/repository/org/apache/ozone/hdds-container-service/1.4.0-SNAPSHOT/hdds-container-service-1.4.0-SNAPSHOT.jar!/webapps/static,STOPPED}
2023-10-17 18:46:13,057 [ForkJoinPool.commonPool-worker-3] INFO  handler.ContextHandler (ContextHandler.java:doStop(1159)) - Stopped o.e.j.s.ServletContextHandler@5bcedcc7{logs,/logs,file:///home/runner/work/ozone/ozone/hadoop-ozone/integration-test/target/log,STOPPED}
2023-10-17 18:46:13,058 [ForkJoinPool.commonPool-worker-3] INFO  ozone.HddsDatanodeClientProtocolServer (HddsDatanodeClientProtocolServer.java:stop(78)) - Stopping the RPC server for Client Protocol
2023-10-17 18:46:13,059 [ForkJoinPool.commonPool-worker-3] INFO  ipc.Server (Server.java:stop(3523)) - Stopping server on 15254
2023-10-17 18:46:13,059 [IPC Server listener on 15254] INFO  ipc.Server (Server.java:run(1434)) - Stopping IPC Server listener on 15254
2023-10-17 18:46:13,060 [IPC Server Responder] INFO  ipc.Server (Server.java:run(1567)) - Stopping IPC Server Responder
2023-10-17 18:46:13,060 [Time-limited test] INFO  ozone.MiniOzoneClusterImpl (MiniOzoneClusterImpl.java:stopSCM(548)) - Stopping the StorageContainerManager
2023-10-17 18:46:13,060 [Time-limited test] INFO  server.StorageContainerManager (StorageContainerManager.java:stop(1600)) - Container Balancer is not running.
2023-10-17 18:46:13,060 [Time-limited test] INFO  server.StorageContainerManager (StorageContainerManager.java:stopReplicationManager(1733)) - Stopping Replication Manager Service.
2023-10-17 18:46:13,060 [Time-limited test] INFO  replication.ReplicationManager (ReplicationManager.java:stop(323)) - Stopping Replication Monitor Thread.
2023-10-17 18:46:13,060 [Over Replicated Processor] WARN  replication.UnhealthyReplicationProcessor (UnhealthyReplicationProcessor.java:run(180)) - Over Replicated Processor interrupted. Exiting...
2023-10-17 18:46:13,060 [Under Replicated Processor] WARN  replication.UnhealthyReplicationProcessor (UnhealthyReplicationProcessor.java:run(180)) - Under Replicated Processor interrupted. Exiting...
2023-10-17 18:46:13,061 [Time-limited test] INFO  server.StorageContainerManager (StorageContainerManager.java:stop(1609)) - Stopping the Datanode Admin Monitor.
2023-10-17 18:46:13,061 [ReplicationMonitor] INFO  replication.ReplicationManager (ReplicationManager.java:run(921)) - Replication Monitor Thread is stopped
2023-10-17 18:46:13,061 [Time-limited test] INFO  server.StorageContainerManager (StorageContainerManager.java:stop(1616)) - Stopping datanode service RPC server
2023-10-17 18:46:13,061 [Time-limited test] INFO  server.SCMDatanodeProtocolServer (SCMDatanodeProtocolServer.java:stop(424)) - Stopping the RPC server for DataNodes
2023-10-17 18:46:13,061 [Time-limited test] INFO  ipc.Server (Server.java:stop(3523)) - Stopping server on 15228
2023-10-17 18:46:13,061 [IPC Server listener on 15228] INFO  ipc.Server (Server.java:run(1434)) - Stopping IPC Server listener on 15228
2023-10-17 18:46:13,067 [IPC Server Responder] INFO  ipc.Server (Server.java:run(1567)) - Stopping IPC Server Responder
2023-10-17 18:46:13,148 [SCM Heartbeat Processing Thread - 0] WARN  node.NodeStateManager (NodeStateManager.java:scheduleNextHealthCheck(874)) - Current Thread is interrupted, shutting down HB processing thread for Node Manager.
2023-10-17 18:46:13,149 [Time-limited test] INFO  server.StorageContainerManager (StorageContainerManager.java:stop(1624)) - Stopping block service RPC server
2023-10-17 18:46:13,149 [Time-limited test] INFO  server.SCMBlockProtocolServer (SCMBlockProtocolServer.java:stop(163)) - Stopping the RPC server for Block Protocol
2023-10-17 18:46:13,149 [Time-limited test] INFO  ipc.Server (Server.java:stop(3523)) - Stopping server on 15227
2023-10-17 18:46:13,152 [IPC Server listener on 15227] INFO  ipc.Server (Server.java:run(1434)) - Stopping IPC Server listener on 15227
2023-10-17 18:46:13,152 [IPC Server Responder] INFO  ipc.Server (Server.java:run(1567)) - Stopping IPC Server Responder
2023-10-17 18:46:13,153 [Time-limited test] INFO  server.StorageContainerManager (StorageContainerManager.java:stop(1631)) - Stopping the StorageContainerLocationProtocol RPC server
2023-10-17 18:46:13,153 [Time-limited test] INFO  server.SCMClientProtocolServer (SCMClientProtocolServer.java:stop(210)) - Stopping the RPC server for Client Protocol
2023-10-17 18:46:13,153 [Time-limited test] INFO  ipc.Server (Server.java:stop(3523)) - Stopping server on 15226
2023-10-17 18:46:13,154 [IPC Server listener on 15226] INFO  ipc.Server (Server.java:run(1434)) - Stopping IPC Server listener on 15226
2023-10-17 18:46:13,154 [IPC Server Responder] INFO  ipc.Server (Server.java:run(1567)) - Stopping IPC Server Responder
2023-10-17 18:46:13,155 [Time-limited test] INFO  server.StorageContainerManager (StorageContainerManager.java:stop(1638)) - Stopping Storage Container Manager HTTP server.
2023-10-17 18:46:13,156 [Time-limited test] INFO  handler.ContextHandler (ContextHandler.java:doStop(1159)) - Stopped o.e.j.w.WebAppContext@520fbb1e{scm,/,null,STOPPED}{file:/home/runner/work/ozone/ozone/hadoop-ozone/integration-test/target/test-classes/webapps/scm}
2023-10-17 18:46:13,157 [Time-limited test] INFO  server.AbstractConnector (AbstractConnector.java:doStop(383)) - Stopped ServerConnector@7f55da4{HTTP/1.1, (http/1.1)}{0.0.0.0:15229}
2023-10-17 18:46:13,157 [Time-limited test] INFO  server.session (HouseKeeper.java:stopScavenging(149)) - node0 Stopped scavenging
2023-10-17 18:46:13,157 [Time-limited test] INFO  handler.ContextHandler (ContextHandler.java:doStop(1159)) - Stopped o.e.j.s.ServletContextHandler@64604594{static,/static,file:///home/runner/work/ozone/ozone/hadoop-ozone/integration-test/target/test-classes/webapps/static,STOPPED}
2023-10-17 18:46:13,157 [Time-limited test] INFO  handler.ContextHandler (ContextHandler.java:doStop(1159)) - Stopped o.e.j.s.ServletContextHandler@51ee9d3b{logs,/logs,file:///home/runner/work/ozone/ozone/hadoop-ozone/integration-test/target/log,STOPPED}
2023-10-17 18:46:13,158 [Time-limited test] INFO  server.StorageContainerManager (StorageContainerManager.java:stop(1646)) - Stopping SCM LayoutVersionManager Service.
2023-10-17 18:46:13,158 [Time-limited test] INFO  server.StorageContainerManager (StorageContainerManager.java:stop(1658)) - Stopping Block Manager Service.
2023-10-17 18:46:13,158 [Time-limited test] INFO  utils.BackgroundService (BackgroundService.java:shutdown(160)) - Shutting down service SCMBlockDeletingService
2023-10-17 18:46:13,159 [Time-limited test] INFO  utils.BackgroundService (BackgroundService.java:shutdown(160)) - Shutting down service SCMBlockDeletingService
2023-10-17 18:46:13,159 [Time-limited test] INFO  server.StorageContainerManager (StorageContainerManager.java:stop(1678)) - Stopping SCM Event Queue.
2023-10-17 18:46:13,160 [JvmPauseMonitor37] INFO  util.JvmPauseMonitor (JvmPauseMonitor.java:run(109)) - JvmPauseMonitor-3fe806f4-21fa-499e-ae13-15fea0bb1cac: Stopped
2023-10-17 18:46:13,160 [Time-limited test] INFO  server.StorageContainerManager (StorageContainerManager.java:stop(1689)) - Stopping SCM HA services.
2023-10-17 18:46:13,160 [Time-limited test] INFO  pipeline.BackgroundPipelineCreator (BackgroundPipelineCreator.java:stop(149)) - Stopping RatisPipelineUtilsThread.
2023-10-17 18:46:13,160 [RatisPipelineUtilsThread - 0] WARN  pipeline.BackgroundPipelineCreator (BackgroundPipelineCreator.java:run(180)) - RatisPipelineUtilsThread is interrupted.
2023-10-17 18:46:13,160 [Time-limited test] INFO  BackgroundPipelineScrubber (BackgroundSCMService.java:stop(131)) - Stopping BackgroundPipelineScrubber Service.
2023-10-17 18:46:13,160 [BackgroundPipelineScrubberThread] WARN  BackgroundPipelineScrubber (BackgroundSCMService.java:run(115)) - BackgroundPipelineScrubber is interrupted, exit
2023-10-17 18:46:13,161 [Time-limited test] INFO  impl.MetricsSystemImpl (MetricsSystemImpl.java:stop(210)) - Stopping HddsDatanode metrics system...
2023-10-17 18:46:13,162 [prometheus] INFO  impl.MetricsSinkAdapter (MetricsSinkAdapter.java:publishMetricsFromQueue(141)) - prometheus thread interrupted.
2023-10-17 18:46:13,166 [Time-limited test] INFO  impl.MetricsSystemImpl (MetricsSystemImpl.java:stop(216)) - HddsDatanode metrics system stopped.
2023-10-17 18:46:13,166 [Time-limited test] WARN  pipeline.BackgroundPipelineCreator (BackgroundPipelineCreator.java:stop(145)) - RatisPipelineUtilsThread is not running, just ignore.
2023-10-17 18:46:13,166 [Time-limited test] INFO  BackgroundPipelineScrubber (BackgroundSCMService.java:stop(126)) - BackgroundPipelineScrubber Service is not running, skip stop.
2023-10-17 18:46:13,166 [ExpiredContainerReplicaOpScrubberThread] WARN  ExpiredContainerReplicaOpScrubber (BackgroundSCMService.java:run(115)) - ExpiredContainerReplicaOpScrubber is interrupted, exit
2023-10-17 18:46:13,167 [Time-limited test] INFO  ExpiredContainerReplicaOpScrubber (BackgroundSCMService.java:stop(131)) - Stopping ExpiredContainerReplicaOpScrubber Service.
2023-10-17 18:46:13,167 [Time-limited test] INFO  utils.BackgroundService (BackgroundService.java:shutdown(160)) - Shutting down service SCMBlockDeletingService
2023-10-17 18:46:13,167 [Time-limited test] INFO  replication.ReplicationManager (ReplicationManager.java:stop(333)) - Replication Monitor Thread is not running.
2023-10-17 18:46:13,167 [Time-limited test] WARN  balancer.ContainerBalancer (ContainerBalancer.java:stop(326)) - Cannot stop Container Balancer because it's not running or stopping
2023-10-17 18:46:13,167 [Time-limited test] INFO  server.StorageContainerManager (StorageContainerManager.java:stop(1724)) - Stopping SCM MetadataStore.
2023-10-17 18:46:13,185 [Time-limited test] INFO  db.CodecTestUtil (CodecTestUtil.java:gc(47)) - gc 0
2023-10-17 18:46:13,499 [JvmPauseMonitor35] WARN  util.JvmPauseMonitor (JvmPauseMonitor.java:detectPause(124)) - JvmPauseMonitor-8db6ae11-0f1e-4bf7-b251-e81228abd1e8: Detected pause in JVM or host machine approximately 0.107s with 0.312s GC time.
GC pool 'PS MarkSweep' had collection(s): count=1 time=301ms
GC pool 'PS Scavenge' had collection(s): count=1 time=11ms
]]></system-out>
  </testcase>
  <testcase name="testIncrementalContainerReportQueue" classname="org.apache.hadoop.ozone.scm.TestStorageContainerManager" time="3.098"/>
  <testcase name="testSCMInitializationWithHAEnabled" classname="org.apache.hadoop.ozone.scm.TestStorageContainerManager" time="6.213">
    <system-out><![CDATA[2023-10-17 18:46:16,719 [Time-limited test] WARN  server.ServerUtils (ServerUtils.java:getScmDbDir(155)) - ozone.scm.db.dirs is not configured. We recommend adding this setting. Falling back to ozone.metadata.dirs instead.
2023-10-17 18:46:16,720 [Time-limited test] INFO  ha.SCMHANodeDetails (SCMHANodeDetails.java:loadSCMHAConfig(210)) - ServiceID for StorageContainerManager is null
2023-10-17 18:46:16,720 [Time-limited test] INFO  ha.SCMHANodeDetails (SCMHANodeDetails.java:loadSCMHAConfig(215)) - ozone.scm.default.service.id is not defined, falling back to ozone.scm.service.ids to find serviceID for StorageContainerManager if it is HA enabled cluster
2023-10-17 18:46:16,723 [Time-limited test] INFO  server.RaftServer (ConfUtils.java:logGet(46)) - raft.rpc.type = GRPC (default)
2023-10-17 18:46:16,723 [Time-limited test] INFO  grpc.GrpcConfigKeys (ConfUtils.java:logFallback(53)) - raft.grpc.admin.host = null (fallback to raft.grpc.server.host)
2023-10-17 18:46:16,724 [Time-limited test] INFO  grpc.GrpcConfigKeys (ConfUtils.java:logFallback(53)) - raft.grpc.admin.port = 9894 (fallback to raft.grpc.server.port)
2023-10-17 18:46:16,724 [Time-limited test] INFO  grpc.GrpcConfigKeys (ConfUtils.java:logFallback(53)) - raft.grpc.client.host = null (fallback to raft.grpc.server.host)
2023-10-17 18:46:16,724 [Time-limited test] INFO  grpc.GrpcConfigKeys (ConfUtils.java:logFallback(53)) - raft.grpc.client.port = 9894 (fallback to raft.grpc.server.port)
2023-10-17 18:46:16,724 [Time-limited test] INFO  grpc.GrpcConfigKeys (ConfUtils.java:logGet(46)) - raft.grpc.server.host = null (default)
2023-10-17 18:46:16,724 [Time-limited test] INFO  grpc.GrpcConfigKeys (ConfUtils.java:logGet(46)) - raft.grpc.server.port = 9894 (custom)
2023-10-17 18:46:16,724 [Time-limited test] INFO  server.GrpcService (ConfUtils.java:logGet(46)) - raft.grpc.message.size.max = 32m (=33554432) (custom)
2023-10-17 18:46:16,724 [Time-limited test] INFO  server.RaftServerConfigKeys (ConfUtils.java:logGet(46)) - raft.server.log.appender.buffer.byte-limit = 33554432 (custom)
2023-10-17 18:46:16,724 [Time-limited test] INFO  server.GrpcService (ConfUtils.java:logGet(46)) - raft.grpc.flow.control.window = 1MB (=1048576) (default)
2023-10-17 18:46:16,724 [Time-limited test] INFO  server.RaftServerConfigKeys (ConfUtils.java:logGet(46)) - raft.server.rpc.request.timeout = 30000ms (custom)
2023-10-17 18:46:16,724 [Time-limited test] INFO  grpc.GrpcConfigKeys (ConfUtils.java:logGet(46)) - raft.grpc.server.heartbeat.channel = true (default)
2023-10-17 18:46:16,724 [Time-limited test] INFO  grpc.GrpcConfigKeys (ConfUtils.java:logGet(46)) - raft.grpc.server.async.request.thread.pool.cached = true (default)
2023-10-17 18:46:16,724 [Time-limited test] INFO  grpc.GrpcConfigKeys (ConfUtils.java:logGet(46)) - raft.grpc.server.async.request.thread.pool.size = 32 (default)
2023-10-17 18:46:16,726 [Time-limited test] INFO  impl.DataStreamServerImpl (ConfUtils.java:logGet(46)) - raft.datastream.type = DISABLED (default)
2023-10-17 18:46:16,726 [Time-limited test] INFO  server.RaftServerConfigKeys (ConfUtils.java:logGet(46)) - raft.server.threadpool.proxy.cached = true (default)
2023-10-17 18:46:16,726 [Time-limited test] INFO  server.RaftServerConfigKeys (ConfUtils.java:logGet(46)) - raft.server.threadpool.proxy.size = 0 (default)
2023-10-17 18:46:16,726 [Time-limited test] INFO  server.RaftServerConfigKeys (ConfUtils.java:logGet(46)) - raft.server.rpc.slowness.timeout = 120000ms (custom)
2023-10-17 18:46:16,726 [Time-limited test] INFO  server.RaftServerConfigKeys (ConfUtils.java:logGet(46)) - raft.server.leaderelection.leader.step-down.wait-time = 10s (default)
2023-10-17 18:46:16,726 [Time-limited test] INFO  server.RaftServerConfigKeys (ConfUtils.java:logGet(46)) - raft.server.storage.dir = [/home/runner/work/ozone/ozone/hadoop-ozone/integration-test/target/test-dir/a2487dcb-94a9-491c-868a-9c8b5135f293/scm-meta/scm-ha] (custom)
2023-10-17 18:46:16,727 [Time-limited test] INFO  server.RaftServer (RaftServerProxy.java:addNew(98)) - 8e4dc9fb-008d-400d-b493-9d4c321f8328: addNew group-2B9EBA6F1428:[8e4dc9fb-008d-400d-b493-9d4c321f8328|rpc:fv-az189-115:9894|priority:0|startupRole:FOLLOWER] returns group-2B9EBA6F1428:java.util.concurrent.CompletableFuture@32c6ee30[Not completed]
2023-10-17 18:46:16,727 [8e4dc9fb-008d-400d-b493-9d4c321f8328-groupManagement] INFO  server.RaftServer$Division (RaftServerImpl.java:<init>(198)) - 8e4dc9fb-008d-400d-b493-9d4c321f8328: new RaftServerImpl for group-2B9EBA6F1428:[8e4dc9fb-008d-400d-b493-9d4c321f8328|rpc:fv-az189-115:9894|priority:0|startupRole:FOLLOWER] with SCMStateMachine:uninitialized
2023-10-17 18:46:16,727 [8e4dc9fb-008d-400d-b493-9d4c321f8328-groupManagement] INFO  server.RaftServerConfigKeys (ConfUtils.java:logGet(46)) - raft.server.rpc.timeout.min = 5000ms (custom)
2023-10-17 18:46:16,727 [8e4dc9fb-008d-400d-b493-9d4c321f8328-groupManagement] INFO  server.RaftServerConfigKeys (ConfUtils.java:logGet(46)) - raft.server.rpc.timeout.max = 5200ms (custom)
2023-10-17 18:46:16,727 [8e4dc9fb-008d-400d-b493-9d4c321f8328-groupManagement] INFO  server.RaftServerConfigKeys (ConfUtils.java:logGet(46)) - raft.server.rpc.sleep.time = 25ms (default)
2023-10-17 18:46:16,727 [8e4dc9fb-008d-400d-b493-9d4c321f8328-groupManagement] INFO  server.RaftServerConfigKeys (ConfUtils.java:logGet(46)) - raft.server.rpc.slowness.timeout = 120000ms (custom)
2023-10-17 18:46:16,728 [8e4dc9fb-008d-400d-b493-9d4c321f8328-groupManagement] INFO  server.RaftServerConfigKeys (ConfUtils.java:logGet(46)) - raft.server.leaderelection.leader.step-down.wait-time = 10s (default)
2023-10-17 18:46:16,728 [8e4dc9fb-008d-400d-b493-9d4c321f8328-groupManagement] INFO  server.RaftServerConfigKeys (ConfUtils.java:logGet(46)) - raft.server.sleep.deviation.threshold = 300ms (default)
2023-10-17 18:46:16,728 [8e4dc9fb-008d-400d-b493-9d4c321f8328-groupManagement] INFO  server.RaftServer$Division (ServerState.java:<init>(120)) - 8e4dc9fb-008d-400d-b493-9d4c321f8328@group-2B9EBA6F1428: ConfigurationManager, init=-1: peers:[8e4dc9fb-008d-400d-b493-9d4c321f8328|rpc:fv-az189-115:9894|priority:0|startupRole:FOLLOWER]|listeners:[], old=null, confs=<EMPTY_MAP>
2023-10-17 18:46:16,728 [8e4dc9fb-008d-400d-b493-9d4c321f8328-groupManagement] INFO  server.RaftServerConfigKeys (ConfUtils.java:logGet(46)) - raft.server.storage.dir = [/home/runner/work/ozone/ozone/hadoop-ozone/integration-test/target/test-dir/a2487dcb-94a9-491c-868a-9c8b5135f293/scm-meta/scm-ha] (custom)
2023-10-17 18:46:16,729 [8e4dc9fb-008d-400d-b493-9d4c321f8328-groupManagement] INFO  server.RaftServerConfigKeys (ConfUtils.java:logGet(46)) - raft.server.log.corruption.policy = EXCEPTION (default)
2023-10-17 18:46:16,729 [8e4dc9fb-008d-400d-b493-9d4c321f8328-groupManagement] INFO  server.RaftServerConfigKeys (ConfUtils.java:logGet(46)) - raft.server.storage.free-space.min = 0MB (=0) (default)
2023-10-17 18:46:16,729 [8e4dc9fb-008d-400d-b493-9d4c321f8328-groupManagement] INFO  server.RaftServerConfigKeys (ConfUtils.java:logGet(46)) - raft.server.notification.no-leader.timeout = 60s (default)
2023-10-17 18:46:16,729 [8e4dc9fb-008d-400d-b493-9d4c321f8328-groupManagement] INFO  server.RaftServerConfigKeys (ConfUtils.java:logGet(46)) - raft.server.read.timeout = 10s (default)
2023-10-17 18:46:16,729 [8e4dc9fb-008d-400d-b493-9d4c321f8328-groupManagement] INFO  server.RaftServerConfigKeys (ConfUtils.java:logGet(46)) - raft.server.retrycache.expirytime = 60000ms (default)
2023-10-17 18:46:16,729 [8e4dc9fb-008d-400d-b493-9d4c321f8328-groupManagement] INFO  server.RaftServerConfigKeys (ConfUtils.java:logGet(46)) - raft.server.retrycache.statistics.expirytime = 100μs (default)
2023-10-17 18:46:16,729 [8e4dc9fb-008d-400d-b493-9d4c321f8328-groupManagement] INFO  server.RaftServerConfigKeys (ConfUtils.java:logGet(46)) - raft.server.read.option = DEFAULT (default)
2023-10-17 18:46:16,730 [8e4dc9fb-008d-400d-b493-9d4c321f8328-groupManagement] INFO  server.RaftServerConfigKeys (ConfUtils.java:logGet(46)) - raft.server.rpc.request.timeout = 30000ms (custom)
2023-10-17 18:46:16,730 [8e4dc9fb-008d-400d-b493-9d4c321f8328-groupManagement] INFO  server.RaftServerConfigKeys (ConfUtils.java:logGet(46)) - raft.server.log.appender.install.snapshot.enabled = false (custom)
2023-10-17 18:46:16,730 [8e4dc9fb-008d-400d-b493-9d4c321f8328-groupManagement] INFO  server.RaftServerConfigKeys (ConfUtils.java:logGet(46)) - raft.server.threadpool.server.cached = true (default)
2023-10-17 18:46:16,730 [8e4dc9fb-008d-400d-b493-9d4c321f8328-groupManagement] INFO  server.RaftServerConfigKeys (ConfUtils.java:logGet(46)) - raft.server.threadpool.server.size = 0 (default)
2023-10-17 18:46:16,730 [8e4dc9fb-008d-400d-b493-9d4c321f8328-groupManagement] INFO  server.RaftServerConfigKeys (ConfUtils.java:logGet(46)) - raft.server.threadpool.client.cached = true (default)
2023-10-17 18:46:16,730 [8e4dc9fb-008d-400d-b493-9d4c321f8328-groupManagement] INFO  server.RaftServerConfigKeys (ConfUtils.java:logGet(46)) - raft.server.threadpool.client.size = 0 (default)
2023-10-17 18:46:16,730 [8e4dc9fb-008d-400d-b493-9d4c321f8328-impl-thread1] INFO  storage.RaftStorageDirectory (RaftStorageDirectoryImpl.java:analyzeStorage(137)) - The storage directory /home/runner/work/ozone/ozone/hadoop-ozone/integration-test/target/test-dir/a2487dcb-94a9-491c-868a-9c8b5135f293/scm-meta/scm-ha/3f3bf299-6bad-4edf-a20d-2b9eba6f1428 does not exist. Creating ...
2023-10-17 18:46:16,731 [8e4dc9fb-008d-400d-b493-9d4c321f8328-impl-thread1] INFO  storage.RaftStorageDirectory (RaftStorageDirectoryImpl.java:tryLock(231)) - Lock on /home/runner/work/ozone/ozone/hadoop-ozone/integration-test/target/test-dir/a2487dcb-94a9-491c-868a-9c8b5135f293/scm-meta/scm-ha/3f3bf299-6bad-4edf-a20d-2b9eba6f1428/in_use.lock acquired by nodename 31914@fv-az189-115
2023-10-17 18:46:16,732 [8e4dc9fb-008d-400d-b493-9d4c321f8328-impl-thread1] INFO  storage.RaftStorage (RaftStorageImpl.java:format(96)) - Storage directory /home/runner/work/ozone/ozone/hadoop-ozone/integration-test/target/test-dir/a2487dcb-94a9-491c-868a-9c8b5135f293/scm-meta/scm-ha/3f3bf299-6bad-4edf-a20d-2b9eba6f1428 has been successfully formatted.
2023-10-17 18:46:16,733 [8e4dc9fb-008d-400d-b493-9d4c321f8328-impl-thread1] INFO  server.RaftServerConfigKeys (ConfUtils.java:logGet(46)) - raft.server.log.use.memory = false (default)
2023-10-17 18:46:16,733 [8e4dc9fb-008d-400d-b493-9d4c321f8328-impl-thread1] INFO  server.RaftServerConfigKeys (ConfUtils.java:logGet(46)) - raft.server.log.purge.gap = 1000000 (custom)
2023-10-17 18:46:16,733 [8e4dc9fb-008d-400d-b493-9d4c321f8328-impl-thread1] INFO  server.RaftServerConfigKeys (ConfUtils.java:logGet(46)) - raft.server.log.appender.buffer.byte-limit = 33554432 (custom)
2023-10-17 18:46:16,733 [8e4dc9fb-008d-400d-b493-9d4c321f8328-impl-thread1] INFO  server.RaftServerConfigKeys (ConfUtils.java:logGet(46)) - raft.server.log.statemachine.data.read.timeout = 1000ms (default)
2023-10-17 18:46:16,733 [8e4dc9fb-008d-400d-b493-9d4c321f8328-impl-thread1] INFO  server.RaftServerConfigKeys (ConfUtils.java:logGet(46)) - raft.server.log.purge.preservation.log.num = 0 (default)
2023-10-17 18:46:16,733 [8e4dc9fb-008d-400d-b493-9d4c321f8328-impl-thread1] INFO  server.RaftServerConfigKeys (ConfUtils.java:logGet(46)) - raft.server.log.segment.size.max = 4194304 (custom)
2023-10-17 18:46:16,733 [8e4dc9fb-008d-400d-b493-9d4c321f8328-impl-thread1] INFO  server.RaftServerConfigKeys (ConfUtils.java:logGet(46)) - raft.server.log.segment.cache.num.max = 2 (custom)
2023-10-17 18:46:16,733 [8e4dc9fb-008d-400d-b493-9d4c321f8328-impl-thread1] INFO  server.RaftServerConfigKeys (ConfUtils.java:logGet(46)) - raft.server.log.segment.cache.size.max = 200MB (=209715200) (default)
2023-10-17 18:46:16,733 [8e4dc9fb-008d-400d-b493-9d4c321f8328-impl-thread1] INFO  server.RaftServerConfigKeys (ConfUtils.java:logGet(46)) - raft.server.log.appender.buffer.byte-limit = 33554432 (custom)
2023-10-17 18:46:16,733 [8e4dc9fb-008d-400d-b493-9d4c321f8328-impl-thread1] INFO  segmented.SegmentedRaftLogWorker (SegmentedRaftLogWorker.java:<init>(188)) - new 8e4dc9fb-008d-400d-b493-9d4c321f8328@group-2B9EBA6F1428-SegmentedRaftLogWorker for RaftStorageImpl:Storage Directory /home/runner/work/ozone/ozone/hadoop-ozone/integration-test/target/test-dir/a2487dcb-94a9-491c-868a-9c8b5135f293/scm-meta/scm-ha/3f3bf299-6bad-4edf-a20d-2b9eba6f1428
2023-10-17 18:46:16,733 [8e4dc9fb-008d-400d-b493-9d4c321f8328-impl-thread1] INFO  server.RaftServerConfigKeys (ConfUtils.java:logGet(46)) - raft.server.log.queue.byte-limit = 64MB (=67108864) (default)
2023-10-17 18:46:16,733 [8e4dc9fb-008d-400d-b493-9d4c321f8328-impl-thread1] INFO  server.RaftServerConfigKeys (ConfUtils.java:logGet(46)) - raft.server.log.queue.element-limit = 4096 (default)
2023-10-17 18:46:16,733 [8e4dc9fb-008d-400d-b493-9d4c321f8328-impl-thread1] INFO  server.RaftServerConfigKeys (ConfUtils.java:logGet(46)) - raft.server.log.segment.size.max = 4194304 (custom)
2023-10-17 18:46:16,734 [8e4dc9fb-008d-400d-b493-9d4c321f8328-impl-thread1] INFO  server.RaftServerConfigKeys (ConfUtils.java:logGet(46)) - raft.server.log.preallocated.size = 4194304 (custom)
2023-10-17 18:46:16,734 [8e4dc9fb-008d-400d-b493-9d4c321f8328-impl-thread1] INFO  server.RaftServerConfigKeys (ConfUtils.java:logGet(46)) - raft.server.log.force.sync.num = 128 (default)
2023-10-17 18:46:16,734 [8e4dc9fb-008d-400d-b493-9d4c321f8328-impl-thread1] INFO  server.RaftServerConfigKeys (ConfUtils.java:logGet(46)) - raft.server.log.statemachine.data.sync = true (default)
2023-10-17 18:46:16,734 [8e4dc9fb-008d-400d-b493-9d4c321f8328-impl-thread1] INFO  server.RaftServerConfigKeys (ConfUtils.java:logGet(46)) - raft.server.log.statemachine.data.sync.timeout = 10s (default)
2023-10-17 18:46:16,734 [8e4dc9fb-008d-400d-b493-9d4c321f8328-impl-thread1] INFO  server.RaftServerConfigKeys (ConfUtils.java:logGet(46)) - raft.server.log.statemachine.data.sync.timeout.retry = -1 (default)
2023-10-17 18:46:16,734 [8e4dc9fb-008d-400d-b493-9d4c321f8328-impl-thread1] INFO  server.RaftServerConfigKeys (ConfUtils.java:logGet(46)) - raft.server.log.write.buffer.size = 64KB (=65536) (default)
2023-10-17 18:46:16,734 [8e4dc9fb-008d-400d-b493-9d4c321f8328-impl-thread1] INFO  server.RaftServerConfigKeys (ConfUtils.java:logGet(46)) - raft.server.log.appender.buffer.byte-limit = 33554432 (custom)
2023-10-17 18:46:16,739 [8e4dc9fb-008d-400d-b493-9d4c321f8328-impl-thread1] INFO  server.RaftServerConfigKeys (ConfUtils.java:logGet(46)) - raft.server.log.unsafe-flush.enabled = false (default)
2023-10-17 18:46:16,739 [8e4dc9fb-008d-400d-b493-9d4c321f8328-impl-thread1] INFO  server.RaftServerConfigKeys (ConfUtils.java:logGet(46)) - raft.server.log.async-flush.enabled = false (default)
2023-10-17 18:46:16,739 [8e4dc9fb-008d-400d-b493-9d4c321f8328-impl-thread1] INFO  server.RaftServerConfigKeys (ConfUtils.java:logGet(46)) - raft.server.log.statemachine.data.caching.enabled = false (default)
2023-10-17 18:46:16,739 [8e4dc9fb-008d-400d-b493-9d4c321f8328-impl-thread1] INFO  segmented.SegmentedRaftLogWorker (SegmentedRaftLogWorker.java:lambda$new$0(135)) - 8e4dc9fb-008d-400d-b493-9d4c321f8328@group-2B9EBA6F1428-SegmentedRaftLogWorker: flushIndex: setUnconditionally 0 -> -1
2023-10-17 18:46:16,739 [8e4dc9fb-008d-400d-b493-9d4c321f8328-impl-thread1] INFO  segmented.SegmentedRaftLogWorker (SegmentedRaftLogWorker.java:lambda$new$0(135)) - 8e4dc9fb-008d-400d-b493-9d4c321f8328@group-2B9EBA6F1428-SegmentedRaftLogWorker: safeCacheEvictIndex: setUnconditionally 0 -> -1
2023-10-17 18:46:16,740 [8e4dc9fb-008d-400d-b493-9d4c321f8328-impl-thread1] INFO  server.RaftServer$Division (RaftServerImpl.java:start(342)) - 8e4dc9fb-008d-400d-b493-9d4c321f8328@group-2B9EBA6F1428: start as a follower, conf=-1: peers:[8e4dc9fb-008d-400d-b493-9d4c321f8328|rpc:fv-az189-115:9894|priority:0|startupRole:FOLLOWER]|listeners:[], old=null
2023-10-17 18:46:16,740 [8e4dc9fb-008d-400d-b493-9d4c321f8328-impl-thread1] INFO  server.RaftServer$Division (RaftServerImpl.java:setRole(329)) - 8e4dc9fb-008d-400d-b493-9d4c321f8328@group-2B9EBA6F1428: changes role from      null to FOLLOWER at term 0 for startAsFollower
2023-10-17 18:46:16,740 [8e4dc9fb-008d-400d-b493-9d4c321f8328-impl-thread1] INFO  impl.RoleInfo (RoleInfo.java:updateAndGet(139)) - 8e4dc9fb-008d-400d-b493-9d4c321f8328: start 8e4dc9fb-008d-400d-b493-9d4c321f8328@group-2B9EBA6F1428-FollowerState
2023-10-17 18:46:16,740 [8e4dc9fb-008d-400d-b493-9d4c321f8328@group-2B9EBA6F1428-FollowerState] INFO  server.RaftServerConfigKeys (ConfUtils.java:logFallback(53)) - raft.server.rpc.first-election.timeout.min = 5000ms (fallback to raft.server.rpc.timeout.min)
2023-10-17 18:46:16,740 [8e4dc9fb-008d-400d-b493-9d4c321f8328@group-2B9EBA6F1428-FollowerState] INFO  server.RaftServerConfigKeys (ConfUtils.java:logFallback(53)) - raft.server.rpc.first-election.timeout.max = 5200ms (fallback to raft.server.rpc.timeout.max)
2023-10-17 18:46:16,742 [8e4dc9fb-008d-400d-b493-9d4c321f8328-impl-thread1] INFO  util.JmxRegister (JmxRegister.java:tryRegister(44)) - Successfully registered JMX Bean with object name Ratis:service=RaftServer,group=group-2B9EBA6F1428,id=8e4dc9fb-008d-400d-b493-9d4c321f8328
2023-10-17 18:46:16,742 [8e4dc9fb-008d-400d-b493-9d4c321f8328-impl-thread1] INFO  server.RaftServerConfigKeys (ConfUtils.java:logGet(46)) - raft.server.snapshot.auto.trigger.enabled = true (custom)
2023-10-17 18:46:16,742 [8e4dc9fb-008d-400d-b493-9d4c321f8328-impl-thread1] INFO  server.RaftServerConfigKeys (ConfUtils.java:logGet(46)) - raft.server.snapshot.auto.trigger.threshold = 1000 (custom)
2023-10-17 18:46:16,742 [8e4dc9fb-008d-400d-b493-9d4c321f8328-impl-thread1] INFO  server.RaftServerConfigKeys (ConfUtils.java:logGet(46)) - raft.server.snapshot.retention.file.num = -1 (default)
2023-10-17 18:46:16,742 [8e4dc9fb-008d-400d-b493-9d4c321f8328-impl-thread1] INFO  server.RaftServerConfigKeys (ConfUtils.java:logGet(46)) - raft.server.log.purge.upto.snapshot.index = false (default)
2023-10-17 18:46:16,743 [Time-limited test] INFO  server.RaftServer (RaftServerProxy.java:startImpl(400)) - 8e4dc9fb-008d-400d-b493-9d4c321f8328: start RPC server
2023-10-17 18:46:16,745 [Time-limited test] INFO  server.GrpcService (GrpcService.java:startImpl(302)) - 8e4dc9fb-008d-400d-b493-9d4c321f8328: GrpcService started, listening on 9894
2023-10-17 18:46:16,745 [JvmPauseMonitor42] INFO  util.JvmPauseMonitor (JvmPauseMonitor.java:run(103)) - JvmPauseMonitor-8e4dc9fb-008d-400d-b493-9d4c321f8328: Started
2023-10-17 18:46:21,885 [8e4dc9fb-008d-400d-b493-9d4c321f8328@group-2B9EBA6F1428-FollowerState] INFO  impl.FollowerState (FollowerState.java:run(143)) - 8e4dc9fb-008d-400d-b493-9d4c321f8328@group-2B9EBA6F1428-FollowerState: change to CANDIDATE, lastRpcElapsedTime:5145519561ns, electionTimeout:5145ms
2023-10-17 18:46:21,886 [8e4dc9fb-008d-400d-b493-9d4c321f8328@group-2B9EBA6F1428-FollowerState] INFO  impl.RoleInfo (RoleInfo.java:shutdownFollowerState(110)) - 8e4dc9fb-008d-400d-b493-9d4c321f8328: shutdown 8e4dc9fb-008d-400d-b493-9d4c321f8328@group-2B9EBA6F1428-FollowerState
2023-10-17 18:46:21,886 [8e4dc9fb-008d-400d-b493-9d4c321f8328@group-2B9EBA6F1428-FollowerState] INFO  server.RaftServer$Division (RaftServerImpl.java:setRole(329)) - 8e4dc9fb-008d-400d-b493-9d4c321f8328@group-2B9EBA6F1428: changes role from  FOLLOWER to CANDIDATE at term 0 for changeToCandidate
2023-10-17 18:46:21,886 [8e4dc9fb-008d-400d-b493-9d4c321f8328@group-2B9EBA6F1428-FollowerState] INFO  server.RaftServerConfigKeys (ConfUtils.java:logGet(46)) - raft.server.leaderelection.pre-vote = true (default)
2023-10-17 18:46:21,886 [8e4dc9fb-008d-400d-b493-9d4c321f8328@group-2B9EBA6F1428-FollowerState] INFO  impl.RoleInfo (RoleInfo.java:updateAndGet(139)) - 8e4dc9fb-008d-400d-b493-9d4c321f8328: start 8e4dc9fb-008d-400d-b493-9d4c321f8328@group-2B9EBA6F1428-LeaderElection52
2023-10-17 18:46:21,887 [8e4dc9fb-008d-400d-b493-9d4c321f8328@group-2B9EBA6F1428-LeaderElection52] INFO  impl.LeaderElection (LeaderElection.java:askForVotes(321)) - 8e4dc9fb-008d-400d-b493-9d4c321f8328@group-2B9EBA6F1428-LeaderElection52 PRE_VOTE round 0: submit vote requests at term 0 for -1: peers:[8e4dc9fb-008d-400d-b493-9d4c321f8328|rpc:fv-az189-115:9894|priority:0|startupRole:FOLLOWER]|listeners:[], old=null
2023-10-17 18:46:21,887 [8e4dc9fb-008d-400d-b493-9d4c321f8328@group-2B9EBA6F1428-LeaderElection52] INFO  impl.LeaderElection (LeaderElection.java:askForVotes(323)) - 8e4dc9fb-008d-400d-b493-9d4c321f8328@group-2B9EBA6F1428-LeaderElection52 PRE_VOTE round 0: result PASSED (term=0)
2023-10-17 18:46:21,888 [8e4dc9fb-008d-400d-b493-9d4c321f8328@group-2B9EBA6F1428-LeaderElection52] INFO  impl.LeaderElection (LeaderElection.java:askForVotes(321)) - 8e4dc9fb-008d-400d-b493-9d4c321f8328@group-2B9EBA6F1428-LeaderElection52 ELECTION round 0: submit vote requests at term 1 for -1: peers:[8e4dc9fb-008d-400d-b493-9d4c321f8328|rpc:fv-az189-115:9894|priority:0|startupRole:FOLLOWER]|listeners:[], old=null
2023-10-17 18:46:21,888 [8e4dc9fb-008d-400d-b493-9d4c321f8328@group-2B9EBA6F1428-LeaderElection52] INFO  impl.LeaderElection (LeaderElection.java:askForVotes(323)) - 8e4dc9fb-008d-400d-b493-9d4c321f8328@group-2B9EBA6F1428-LeaderElection52 ELECTION round 0: result PASSED (term=1)
2023-10-17 18:46:21,888 [8e4dc9fb-008d-400d-b493-9d4c321f8328@group-2B9EBA6F1428-LeaderElection52] INFO  impl.RoleInfo (RoleInfo.java:shutdownLeaderElection(130)) - 8e4dc9fb-008d-400d-b493-9d4c321f8328: shutdown 8e4dc9fb-008d-400d-b493-9d4c321f8328@group-2B9EBA6F1428-LeaderElection52
2023-10-17 18:46:21,888 [8e4dc9fb-008d-400d-b493-9d4c321f8328@group-2B9EBA6F1428-LeaderElection52] INFO  server.RaftServer$Division (RaftServerImpl.java:setRole(329)) - 8e4dc9fb-008d-400d-b493-9d4c321f8328@group-2B9EBA6F1428: changes role from CANDIDATE to LEADER at term 1 for changeToLeader
2023-10-17 18:46:21,888 [8e4dc9fb-008d-400d-b493-9d4c321f8328@group-2B9EBA6F1428-LeaderElection52] INFO  server.RaftServer$Division (ServerState.java:setLeader(317)) - 8e4dc9fb-008d-400d-b493-9d4c321f8328@group-2B9EBA6F1428: change Leader from null to 8e4dc9fb-008d-400d-b493-9d4c321f8328 at term 1 for becomeLeader, leader elected after 5159ms
2023-10-17 18:46:21,888 [8e4dc9fb-008d-400d-b493-9d4c321f8328@group-2B9EBA6F1428-LeaderElection52] INFO  server.RaftServerConfigKeys (ConfUtils.java:logGet(46)) - raft.server.staging.catchup.gap = 1000 (default)
2023-10-17 18:46:21,888 [8e4dc9fb-008d-400d-b493-9d4c321f8328@group-2B9EBA6F1428-LeaderElection52] INFO  server.RaftServerConfigKeys (ConfUtils.java:logGet(46)) - raft.server.write.element-limit = 4096 (default)
2023-10-17 18:46:21,888 [8e4dc9fb-008d-400d-b493-9d4c321f8328@group-2B9EBA6F1428-LeaderElection52] INFO  server.RaftServerConfigKeys (ConfUtils.java:logGet(46)) - raft.server.write.byte-limit = 64MB (=67108864) (default)
2023-10-17 18:46:21,889 [8e4dc9fb-008d-400d-b493-9d4c321f8328@group-2B9EBA6F1428-LeaderElection52] INFO  server.RaftServerConfigKeys (ConfUtils.java:logGet(46)) - raft.server.watch.timeout = 10s (default)
2023-10-17 18:46:21,889 [8e4dc9fb-008d-400d-b493-9d4c321f8328@group-2B9EBA6F1428-LeaderElection52] INFO  server.RaftServerConfigKeys (ConfUtils.java:logGet(46)) - raft.server.watch.timeout.denomination = 1s (default)
2023-10-17 18:46:21,889 [8e4dc9fb-008d-400d-b493-9d4c321f8328@group-2B9EBA6F1428-LeaderElection52] INFO  server.RaftServerConfigKeys (ConfUtils.java:logGet(46)) - raft.server.watch.element-limit = 65536 (default)
2023-10-17 18:46:21,889 [8e4dc9fb-008d-400d-b493-9d4c321f8328@group-2B9EBA6F1428-LeaderElection52] INFO  server.RaftServerConfigKeys (ConfUtils.java:logGet(46)) - raft.server.write.element-limit = 4096 (default)
2023-10-17 18:46:21,889 [8e4dc9fb-008d-400d-b493-9d4c321f8328@group-2B9EBA6F1428-LeaderElection52] INFO  server.RaftServerConfigKeys (ConfUtils.java:logGet(46)) - raft.server.write.follower.gap.ratio.max = -1.0 (default)
2023-10-17 18:46:21,889 [8e4dc9fb-008d-400d-b493-9d4c321f8328@group-2B9EBA6F1428-LeaderElection52] INFO  impl.RoleInfo (RoleInfo.java:updateAndGet(139)) - 8e4dc9fb-008d-400d-b493-9d4c321f8328: start 8e4dc9fb-008d-400d-b493-9d4c321f8328@group-2B9EBA6F1428-LeaderStateImpl
2023-10-17 18:46:21,889 [8e4dc9fb-008d-400d-b493-9d4c321f8328@group-2B9EBA6F1428-LeaderElection52] INFO  segmented.SegmentedRaftLogWorker (SegmentedRaftLogWorker.java:startLogSegment(447)) - 8e4dc9fb-008d-400d-b493-9d4c321f8328@group-2B9EBA6F1428-SegmentedRaftLogWorker: Starting segment from index:0
2023-10-17 18:46:21,894 [8e4dc9fb-008d-400d-b493-9d4c321f8328@group-2B9EBA6F1428-LeaderElection52] INFO  server.RaftServer$Division (ServerState.java:setRaftConf(434)) - 8e4dc9fb-008d-400d-b493-9d4c321f8328@group-2B9EBA6F1428: set configuration 0: peers:[8e4dc9fb-008d-400d-b493-9d4c321f8328|rpc:fv-az189-115:9894|admin:|client:|dataStream:|priority:0|startupRole:FOLLOWER]|listeners:[], old=null
2023-10-17 18:46:21,904 [8e4dc9fb-008d-400d-b493-9d4c321f8328@group-2B9EBA6F1428-SegmentedRaftLogWorker] INFO  segmented.SegmentedRaftLogWorker (SegmentedRaftLogWorker.java:execute(651)) - 8e4dc9fb-008d-400d-b493-9d4c321f8328@group-2B9EBA6F1428-SegmentedRaftLogWorker: created new log segment /home/runner/work/ozone/ozone/hadoop-ozone/integration-test/target/test-dir/a2487dcb-94a9-491c-868a-9c8b5135f293/scm-meta/scm-ha/3f3bf299-6bad-4edf-a20d-2b9eba6f1428/current/log_inprogress_0
2023-10-17 18:46:22,746 [Time-limited test] INFO  server.RaftServer (RaftServerProxy.java:lambda$close$6(416)) - 8e4dc9fb-008d-400d-b493-9d4c321f8328: close
2023-10-17 18:46:22,746 [Time-limited test] INFO  server.GrpcService (GrpcService.java:closeImpl(311)) - 8e4dc9fb-008d-400d-b493-9d4c321f8328: shutdown server GrpcServerProtocolService now
2023-10-17 18:46:22,746 [8e4dc9fb-008d-400d-b493-9d4c321f8328-impl-thread1] INFO  server.RaftServer$Division (RaftServerImpl.java:lambda$close$4(466)) - 8e4dc9fb-008d-400d-b493-9d4c321f8328@group-2B9EBA6F1428: shutdown
2023-10-17 18:46:22,747 [8e4dc9fb-008d-400d-b493-9d4c321f8328-impl-thread1] INFO  util.JmxRegister (JmxRegister.java:unregister(73)) - Successfully un-registered JMX Bean with object name Ratis:service=RaftServer,group=group-2B9EBA6F1428,id=8e4dc9fb-008d-400d-b493-9d4c321f8328
2023-10-17 18:46:22,747 [8e4dc9fb-008d-400d-b493-9d4c321f8328-impl-thread1] INFO  impl.RoleInfo (RoleInfo.java:shutdownLeaderState(93)) - 8e4dc9fb-008d-400d-b493-9d4c321f8328: shutdown 8e4dc9fb-008d-400d-b493-9d4c321f8328@group-2B9EBA6F1428-LeaderStateImpl
2023-10-17 18:46:22,747 [8e4dc9fb-008d-400d-b493-9d4c321f8328-impl-thread1] INFO  impl.PendingRequests (PendingRequests.java:sendNotLeaderResponses(289)) - 8e4dc9fb-008d-400d-b493-9d4c321f8328@group-2B9EBA6F1428-PendingRequests: sendNotLeaderResponses
2023-10-17 18:46:22,747 [8e4dc9fb-008d-400d-b493-9d4c321f8328-impl-thread1] INFO  impl.StateMachineUpdater (StateMachineUpdater.java:stopAndJoin(155)) - 8e4dc9fb-008d-400d-b493-9d4c321f8328@group-2B9EBA6F1428-StateMachineUpdater: set stopIndex = 0
2023-10-17 18:46:22,748 [Time-limited test] INFO  server.GrpcService (GrpcService.java:closeImpl(320)) - 8e4dc9fb-008d-400d-b493-9d4c321f8328: shutdown server GrpcServerProtocolService successfully
2023-10-17 18:46:22,748 [8e4dc9fb-008d-400d-b493-9d4c321f8328@group-2B9EBA6F1428-StateMachineUpdater] INFO  impl.StateMachineUpdater (StateMachineUpdater.java:takeSnapshot(291)) - 8e4dc9fb-008d-400d-b493-9d4c321f8328@group-2B9EBA6F1428-StateMachineUpdater: Took a snapshot at index 0
2023-10-17 18:46:22,748 [8e4dc9fb-008d-400d-b493-9d4c321f8328@group-2B9EBA6F1428-StateMachineUpdater] INFO  impl.StateMachineUpdater (StateMachineUpdater.java:lambda$new$0(97)) - 8e4dc9fb-008d-400d-b493-9d4c321f8328@group-2B9EBA6F1428-StateMachineUpdater: snapshotIndex: updateIncreasingly -1 -> 0
2023-10-17 18:46:22,748 [8e4dc9fb-008d-400d-b493-9d4c321f8328-impl-thread1] INFO  server.RaftServer$Division (ServerState.java:close(472)) - 8e4dc9fb-008d-400d-b493-9d4c321f8328@group-2B9EBA6F1428: closes. applyIndex: 0
2023-10-17 18:46:22,908 [8e4dc9fb-008d-400d-b493-9d4c321f8328-impl-thread1] INFO  segmented.SegmentedRaftLogWorker (SegmentedRaftLogWorker.java:close(252)) - 8e4dc9fb-008d-400d-b493-9d4c321f8328@group-2B9EBA6F1428-SegmentedRaftLogWorker close()
2023-10-17 18:46:22,908 [JvmPauseMonitor42] INFO  util.JvmPauseMonitor (JvmPauseMonitor.java:run(109)) - JvmPauseMonitor-8e4dc9fb-008d-400d-b493-9d4c321f8328: Stopped
2023-10-17 18:46:22,909 [Time-limited test] WARN  server.ServerUtils (ServerUtils.java:getScmDbDir(155)) - ozone.scm.db.dirs is not configured. We recommend adding this setting. Falling back to ozone.metadata.dirs instead.
2023-10-17 18:46:22,910 [Time-limited test] INFO  server.StorageContainerManager (StorageContainerManager.java:scmInit(1291)) - SCM initialization succeeded. Current cluster id for sd=/home/runner/work/ozone/ozone/hadoop-ozone/integration-test/target/test-dir/a2487dcb-94a9-491c-868a-9c8b5135f293/scm-meta/scm; cid=3f3bf299-6bad-4edf-a20d-2b9eba6f1428; layoutVersion=7; scmId=8e4dc9fb-008d-400d-b493-9d4c321f8328
2023-10-17 18:46:22,910 [Time-limited test] WARN  server.ServerUtils (ServerUtils.java:getScmDbDir(155)) - ozone.scm.db.dirs is not configured. We recommend adding this setting. Falling back to ozone.metadata.dirs instead.
2023-10-17 18:46:22,911 [Time-limited test] INFO  server.RaftServerConfigKeys (ConfUtils.java:logGet(46)) - raft.server.storage.dir = [/home/runner/work/ozone/ozone/hadoop-ozone/integration-test/target/test-dir/a2487dcb-94a9-491c-868a-9c8b5135f293/scm-meta/scm-ha] (custom)
2023-10-17 18:46:22,913 [Time-limited test] INFO  scm.TestStorageContainerManager (TestStorageContainerManager.java:lambda$null$8(690)) - group-2B9EBA6F1428: found a subdirectory /home/runner/work/ozone/ozone/hadoop-ozone/integration-test/target/test-dir/a2487dcb-94a9-491c-868a-9c8b5135f293/scm-meta/scm-ha/3f3bf299-6bad-4edf-a20d-2b9eba6f1428
2023-10-17 18:46:22,914 [Time-limited test] INFO  scm.TestStorageContainerManager (TestStorageContainerManager.java:lambda$null$8(700)) - group-2B9EBA6F1428 : The directory /home/runner/work/ozone/ozone/hadoop-ozone/integration-test/target/test-dir/a2487dcb-94a9-491c-868a-9c8b5135f293/scm-meta/scm-ha/3f3bf299-6bad-4edf-a20d-2b9eba6f1428 found a group directory for cluster 3f3bf299-6bad-4edf-a20d-2b9eba6f1428
]]></system-out>
  </testcase>
  <testcase name="testScmInfo" classname="org.apache.hadoop.ozone.scm.TestStorageContainerManager" time="0.165">
    <system-out><![CDATA[2023-10-17 18:46:22,940 [Time-limited test] WARN  server.ServerUtils (ServerUtils.java:getScmDbDir(155)) - ozone.scm.db.dirs is not configured. We recommend adding this setting. Falling back to ozone.metadata.dirs instead.
2023-10-17 18:46:22,941 [Time-limited test] WARN  server.ServerUtils (ServerUtils.java:getScmDbDir(155)) - ozone.scm.db.dirs is not configured. We recommend adding this setting. Falling back to ozone.metadata.dirs instead.
2023-10-17 18:46:22,942 [Time-limited test] INFO  ha.SCMHANodeDetails (SCMHANodeDetails.java:loadSCMHAConfig(210)) - ServiceID for StorageContainerManager is null
2023-10-17 18:46:22,942 [Time-limited test] WARN  ha.SCMHANodeDetails (SCMHANodeDetails.java:validateSCMHAConfig(183)) - Invalid config ozone.scm.ratis.enable. The config was not specified, but the default value true conflicts with the expected config value false. Falling back to the expected value. Current State of SCM: SCM is running in Non-HA without Ratis Ratis SCM -> Non Ratis SCM or Non HA SCM -> HA SCM is not supported
2023-10-17 18:46:22,942 [Time-limited test] INFO  ha.SCMHANodeDetails (SCMHANodeDetails.java:loadSCMHAConfig(215)) - ozone.scm.default.service.id is not defined, falling back to ozone.scm.service.ids to find serviceID for StorageContainerManager if it is HA enabled cluster
2023-10-17 18:46:22,942 [Time-limited test] WARN  utils.HAUtils (HAUtils.java:getMetaDir(339)) - ozone.scm.db.dirs is not configured. We recommend adding this setting. Falling back to ozone.metadata.dirs instead.
2023-10-17 18:46:22,943 [Time-limited test] WARN  db.DBStoreBuilder (DBStoreBuilder.java:applyDBDefinition(167)) - ozone.scm.db.dirs is not configured. We recommend adding this setting. Falling back to ozone.metadata.dirs instead.
2023-10-17 18:46:23,036 [Time-limited test] INFO  net.NodeSchemaLoader (NodeSchemaLoader.java:loadSchemaFromFile(129)) - Loading schema from [jar:file:/home/runner/.m2/repository/org/apache/ozone/hdds-common/1.4.0-SNAPSHOT/hdds-common-1.4.0-SNAPSHOT.jar!/network-topology-default.xml]
2023-10-17 18:46:23,036 [Time-limited test] INFO  net.NodeSchemaLoader (NodeSchemaLoader.java:loadSchema(176)) - Loading network topology layer schema file
2023-10-17 18:46:23,038 [Time-limited test] INFO  upgrade.AbstractLayoutVersionManager (AbstractLayoutVersionManager.java:init(83)) - Initializing Layout version manager with metadata layout = HADOOP_PRC_PORTS_IN_DATANODEDETAILS (version = 7), software layout = HADOOP_PRC_PORTS_IN_DATANODEDETAILS (version = 7)
2023-10-17 18:46:23,041 [Time-limited test] INFO  ha.SequenceIdGenerator (SequenceIdGenerator.java:upgradeToSequenceId(365)) - upgrade localId to 111677748019200000
2023-10-17 18:46:23,041 [Time-limited test] INFO  ha.SequenceIdGenerator (SequenceIdGenerator.java:upgradeToSequenceId(375)) - upgrade delTxnId to 0
2023-10-17 18:46:23,042 [Time-limited test] INFO  ha.SequenceIdGenerator (SequenceIdGenerator.java:upgradeToSequenceId(392)) - upgrade containerId to 0
2023-10-17 18:46:23,043 [Time-limited test] INFO  ha.SequenceIdGenerator (SequenceIdGenerator.java:upgradeToSequenceId(428)) - upgrade rootCertificateId to 1
2023-10-17 18:46:23,043 [Time-limited test] INFO  ha.SequenceIdGenerator (SequenceIdGenerator.java:<init>(236)) - Init the HA SequenceIdGenerator.
2023-10-17 18:46:23,048 [Time-limited test] INFO  node.SCMNodeManager (SCMNodeManager.java:<init>(157)) - Entering startup safe mode.
2023-10-17 18:46:23,049 [Time-limited test] INFO  algorithms.ContainerPlacementPolicyFactory (ContainerPlacementPolicyFactory.java:getPolicyInternal(86)) - Create container placement policy of type org.apache.hadoop.hdds.scm.container.placement.algorithms.SCMContainerPlacementRackAware
2023-10-17 18:46:23,049 [Time-limited test] INFO  algorithms.ContainerPlacementPolicyFactory (ContainerPlacementPolicyFactory.java:getPolicyInternal(86)) - Create container placement policy of type org.apache.hadoop.hdds.scm.container.placement.algorithms.SCMContainerPlacementRackScatter
2023-10-17 18:46:23,049 [Time-limited test] INFO  pipeline.PipelineStateManagerImpl (PipelineStateManagerImpl.java:initialize(78)) - No pipeline exists in current db
2023-10-17 18:46:23,049 [Time-limited test] INFO  algorithms.LeaderChoosePolicyFactory (LeaderChoosePolicyFactory.java:getPolicy(57)) - Create leader choose policy of type org.apache.hadoop.hdds.scm.pipeline.leader.choose.algorithms.MinLeaderCountChoosePolicy
2023-10-17 18:46:23,049 [Time-limited test] INFO  algorithms.ContainerPlacementPolicyFactory (ContainerPlacementPolicyFactory.java:getPolicyInternal(86)) - Create container placement policy of type org.apache.hadoop.hdds.scm.container.placement.algorithms.SCMContainerPlacementRackScatter
2023-10-17 18:46:23,049 [Time-limited test] INFO  ha.SCMServiceManager (SCMServiceManager.java:register(42)) - Registering service BackgroundPipelineCreator.
2023-10-17 18:46:23,049 [Time-limited test] INFO  pipeline.BackgroundPipelineCreator (BackgroundPipelineCreator.java:start(124)) - Starting RatisPipelineUtilsThread.
2023-10-17 18:46:23,050 [Time-limited test] INFO  BackgroundPipelineScrubber (BackgroundSCMService.java:start(68)) - Starting BackgroundPipelineScrubber Service.
2023-10-17 18:46:23,050 [Time-limited test] INFO  ha.SCMServiceManager (SCMServiceManager.java:register(42)) - Registering service BackgroundPipelineScrubber.
2023-10-17 18:46:23,050 [Time-limited test] INFO  ExpiredContainerReplicaOpScrubber (BackgroundSCMService.java:start(68)) - Starting ExpiredContainerReplicaOpScrubber Service.
2023-10-17 18:46:23,050 [Time-limited test] INFO  ha.SCMServiceManager (SCMServiceManager.java:register(42)) - Registering service ExpiredContainerReplicaOpScrubber.
2023-10-17 18:46:23,051 [Time-limited test] INFO  algorithms.PipelineChoosePolicyFactory (PipelineChoosePolicyFactory.java:createPipelineChoosePolicyFromClass(78)) - Create pipeline choose policy of type org.apache.hadoop.hdds.scm.pipeline.choose.algorithms.RandomPipelineChoosePolicy
2023-10-17 18:46:23,051 [Time-limited test] INFO  algorithms.PipelineChoosePolicyFactory (PipelineChoosePolicyFactory.java:createPipelineChoosePolicyFromClass(78)) - Create pipeline choose policy of type org.apache.hadoop.hdds.scm.pipeline.choose.algorithms.RandomPipelineChoosePolicy
2023-10-17 18:46:23,051 [Time-limited test] INFO  ha.SCMServiceManager (SCMServiceManager.java:register(42)) - Registering service SCMBlockDeletingService.
2023-10-17 18:46:23,052 [Time-limited test] INFO  replication.ReplicationManager (ReplicationManager.java:start(291)) - Starting Replication Monitor Thread.
2023-10-17 18:46:23,054 [Time-limited test] INFO  ha.SCMServiceManager (SCMServiceManager.java:register(42)) - Registering service ReplicationManager.
2023-10-17 18:46:23,054 [Time-limited test] INFO  safemode.ContainerSafeModeRule (ContainerSafeModeRule.java:<init>(90)) - containers with one replica threshold count 0
2023-10-17 18:46:23,054 [Time-limited test] INFO  safemode.HealthyPipelineSafeModeRule (HealthyPipelineSafeModeRule.java:initializeRule(169)) - Total pipeline count is 0, healthy pipeline threshold count is 0
2023-10-17 18:46:23,055 [Time-limited test] INFO  safemode.OneReplicaPipelineSafeModeRule (OneReplicaPipelineSafeModeRule.java:initializeRule(180)) - Total pipeline count is 0, pipeline's with at least one datanode reported threshold count is 0
2023-10-17 18:46:23,055 [ReplicationMonitor] INFO  replication.ReplicationManager (ReplicationManager.java:processAll(365)) - Replication Manager is not ready to run until 300000ms after safemode exit
2023-10-17 18:46:23,055 [Time-limited test] INFO  server.StorageContainerManager (StorageContainerManager.java:<init>(427)) - SCM start with adminUsers: [runner]
2023-10-17 18:46:23,055 [Time-limited test] INFO  ipc.CallQueueManager (CallQueueManager.java:<init>(90)) - Using callQueue: class java.util.concurrent.LinkedBlockingQueue, queueCapacity: 10000, scheduler: class org.apache.hadoop.ipc.DefaultRpcScheduler, ipcBackoff: false.
2023-10-17 18:46:23,055 [Time-limited test] INFO  ipc.Server (Server.java:<init>(1287)) - Listener at 0.0.0.0:9861
2023-10-17 18:46:23,056 [Socket Reader #1 for port 9861] INFO  ipc.Server (Server.java:run(1323)) - Starting Socket Reader #1 for port 9861
2023-10-17 18:46:23,063 [Time-limited test] INFO  ipc.CallQueueManager (CallQueueManager.java:<init>(90)) - Using callQueue: class java.util.concurrent.LinkedBlockingQueue, queueCapacity: 10000, scheduler: class org.apache.hadoop.ipc.DefaultRpcScheduler, ipcBackoff: false.
2023-10-17 18:46:23,063 [Time-limited test] INFO  ipc.Server (Server.java:<init>(1287)) - Listener at 0.0.0.0:9863
2023-10-17 18:46:23,064 [Time-limited test] INFO  ipc.CallQueueManager (CallQueueManager.java:<init>(90)) - Using callQueue: class java.util.concurrent.LinkedBlockingQueue, queueCapacity: 10000, scheduler: class org.apache.hadoop.ipc.DefaultRpcScheduler, ipcBackoff: false.
2023-10-17 18:46:23,064 [Time-limited test] INFO  ipc.Server (Server.java:<init>(1287)) - Listener at 0.0.0.0:9860
2023-10-17 18:46:23,064 [Socket Reader #1 for port 9863] INFO  ipc.Server (Server.java:run(1323)) - Starting Socket Reader #1 for port 9863
2023-10-17 18:46:23,074 [Time-limited test] INFO  ha.SCMServiceManager (SCMServiceManager.java:register(42)) - Registering service ContainerBalancer.
2023-10-17 18:46:23,074 [Time-limited test] INFO  server.StorageContainerManager (StorageContainerManager.java:<init>(440)) - 
Container Balancer status:
Key                            Value
Running                        false
Container Balancer Configuration values:
Key                                                Value
Threshold                                          10
Max Datanodes to Involve per Iteration(percent)    20
Max Size to Move per Iteration                     500GB
Max Size Entering Target per Iteration             26GB
Max Size Leaving Source per Iteration              26GB
Number of Iterations                               10
Time Limit for Single Container's Movement         65min
Time Limit for Single Container's Replication      50min
Interval between each Iteration                    70min
Whether to Enable Network Topology                 false
Whether to Trigger Refresh Datanode Usage Info     false
Container IDs to Exclude from Balancing            None
Datanodes Specified to be Balanced                 None
Datanodes Excluded from Balancing                  None

2023-10-17 18:46:23,074 [Time-limited test] INFO  ha.SCMContext (SCMContext.java:updateSafeModeStatus(230)) - Update SafeModeStatus from SafeModeStatus{safeModeStatus=true, preCheckPassed=false} to SafeModeStatus{safeModeStatus=true, preCheckPassed=false}.
2023-10-17 18:46:23,077 [Socket Reader #1 for port 9860] INFO  ipc.Server (Server.java:run(1323)) - Starting Socket Reader #1 for port 9860
]]></system-out>
  </testcase>
</testsuite>