<?xml version="1.0" encoding="UTF-8"?>
<testsuite xmlns:xsi="http://www.w3.org/2001/XMLSchema-instance" xsi:noNamespaceSchemaLocation="https://maven.apache.org/surefire/maven-surefire-plugin/xsd/surefire-test-report.xsd" name="org.apache.hadoop.ozone.om.TestAddRemoveOzoneManager" time="247.799" tests="4" errors="0" skipped="0" failures="1">
  <properties>
    <property name="awt.toolkit" value="sun.awt.X11.XToolkit"/>
    <property name="file.encoding.pkg" value="sun.io"/>
    <property name="java.specification.version" value="1.8"/>
    <property name="sun.cpu.isalist" value=""/>
    <property name="sun.jnu.encoding" value="UTF-8"/>
    <property name="java.class.path" value="/home/runner/work/ozone/ozone/hadoop-ozone/integration-test/target/test-classes:/home/runner/work/ozone/ozone/hadoop-ozone/integration-test/target/classes:/home/runner/.m2/repository/org/apache/ozone/ozone-common/1.3.0-SNAPSHOT/ozone-common-1.3.0-SNAPSHOT.jar:/home/runner/.m2/repository/org/apache/commons/commons-compress/1.21/commons-compress-1.21.jar:/home/runner/.m2/repository/org/apache/ozone/hdds-common/1.3.0-SNAPSHOT/hdds-common-1.3.0-SNAPSHOT.jar:/home/runner/.m2/repository/org/apache/ozone/hdds-client/1.3.0-SNAPSHOT/hdds-client-1.3.0-SNAPSHOT.jar:/home/runner/.m2/repository/org/apache/ozone/ozone-interface-client/1.3.0-SNAPSHOT/ozone-interface-client-1.3.0-SNAPSHOT.jar:/home/runner/.m2/repository/org/apache/ozone/hdds-test-utils/1.3.0-SNAPSHOT/hdds-test-utils-1.3.0-SNAPSHOT.jar:/home/runner/.m2/repository/com/google/guava/guava/30.1.1-jre/guava-30.1.1-jre.jar:/home/runner/.m2/repository/com/google/guava/failureaccess/1.0.1/failureaccess-1.0.1.jar:/home/runner/.m2/repository/com/google/guava/listenablefuture/9999.0-empty-to-avoid-conflict-with-guava/listenablefuture-9999.0-empty-to-avoid-conflict-with-guava.jar:/home/runner/.m2/repository/com/google/code/findbugs/jsr305/3.0.0/jsr305-3.0.0.jar:/home/runner/.m2/repository/org/checkerframework/checker-qual/3.8.0/checker-qual-3.8.0.jar:/home/runner/.m2/repository/com/google/errorprone/error_prone_annotations/2.2.0/error_prone_annotations-2.2.0.jar:/home/runner/.m2/repository/com/google/j2objc/j2objc-annotations/1.3/j2objc-annotations-1.3.jar:/home/runner/.m2/repository/commons-io/commons-io/2.11.0/commons-io-2.11.0.jar:/home/runner/.m2/repository/commons-logging/commons-logging/1.2/commons-logging-1.2.jar:/home/runner/.m2/repository/log4j/log4j/1.2.17/log4j-1.2.17.jar:/home/runner/.m2/repository/org/slf4j/slf4j-api/1.7.30/slf4j-api-1.7.30.jar:/home/runner/.m2/repository/org/apache/ozone/hdds-server-scm/1.3.0-SNAPSHOT/hdds-server-scm-1.3.0-SNAPSHOT.jar:/home/runner/.m2/repository/org/apache/ozone/hdds-container-service/1.3.0-SNAPSHOT/hdds-container-service-1.3.0-SNAPSHOT.jar:/home/runner/.m2/repository/org/apache/ozone/hdds-hadoop-dependency-server/1.3.0-SNAPSHOT/hdds-hadoop-dependency-server-1.3.0-SNAPSHOT.jar:/home/runner/.m2/repository/org/apache/hadoop/hadoop-hdfs/3.3.1/hadoop-hdfs-3.3.1.jar:/home/runner/.m2/repository/org/apache/ozone/hdds-server-framework/1.3.0-SNAPSHOT/hdds-server-framework-1.3.0-SNAPSHOT.jar:/home/runner/.m2/repository/org/apache/ozone/hdds-interface-server/1.3.0-SNAPSHOT/hdds-interface-server-1.3.0-SNAPSHOT.jar:/home/runner/.m2/repository/org/eclipse/jetty/jetty-servlet/9.4.43.v20210629/jetty-servlet-9.4.43.v20210629.jar:/home/runner/.m2/repository/org/eclipse/jetty/jetty-security/9.4.43.v20210629/jetty-security-9.4.43.v20210629.jar:/home/runner/.m2/repository/org/rocksdb/rocksdbjni/6.25.3/rocksdbjni-6.25.3.jar:/home/runner/.m2/repository/io/prometheus/simpleclient_dropwizard/0.7.0/simpleclient_dropwizard-0.7.0.jar:/home/runner/.m2/repository/io/prometheus/simpleclient/0.7.0/simpleclient-0.7.0.jar:/home/runner/.m2/repository/io/prometheus/simpleclient_common/0.7.0/simpleclient_common-0.7.0.jar:/home/runner/.m2/repository/com/fasterxml/jackson/datatype/jackson-datatype-jsr310/2.12.1/jackson-datatype-jsr310-2.12.1.jar:/home/runner/.m2/repository/io/dropwizard/metrics/metrics-core/3.2.4/metrics-core-3.2.4.jar:/home/runner/.m2/repository/org/apache/hadoop/hadoop-hdfs-client/3.3.1/hadoop-hdfs-client-3.3.1.jar:/home/runner/.m2/repository/org/bouncycastle/bcprov-jdk15on/1.67/bcprov-jdk15on-1.67.jar:/home/runner/.m2/repository/com/google/protobuf/protobuf-java/2.5.0/protobuf-java-2.5.0.jar:/home/runner/.m2/repository/org/apache/ozone/ozone-manager/1.3.0-SNAPSHOT/ozone-manager-1.3.0-SNAPSHOT.jar:/home/runner/.m2/repository/org/aspectj/aspectjrt/1.9.7/aspectjrt-1.9.7.jar:/home/runner/.m2/repository/org/aspectj/aspectjweaver/1.9.7/aspectjweaver-1.9.7.jar:/home/runner/.m2/repository/org/apache/ozone/hdds-interface-client/1.3.0-SNAPSHOT/hdds-interface-client-1.3.0-SNAPSHOT.jar:/home/runner/.m2/repository/org/apache/hadoop/thirdparty/hadoop-shaded-protobuf_3_7/1.1.1/hadoop-shaded-protobuf_3_7-1.1.1.jar:/home/runner/.m2/repository/org/apache/ozone/ozone-interface-storage/1.3.0-SNAPSHOT/ozone-interface-storage-1.3.0-SNAPSHOT.jar:/home/runner/.m2/repository/org/reflections/reflections/0.9.11/reflections-0.9.11.jar:/home/runner/.m2/repository/org/apache/hadoop/hadoop-minikdc/3.3.1/hadoop-minikdc-3.3.1.jar:/home/runner/.m2/repository/org/apache/kerby/kerb-simplekdc/1.0.1/kerb-simplekdc-1.0.1.jar:/home/runner/.m2/repository/org/apache/kerby/kerb-client/1.0.1/kerb-client-1.0.1.jar:/home/runner/.m2/repository/org/apache/kerby/kerby-config/1.0.1/kerby-config-1.0.1.jar:/home/runner/.m2/repository/org/apache/kerby/kerb-common/1.0.1/kerb-common-1.0.1.jar:/home/runner/.m2/repository/org/apache/kerby/kerb-crypto/1.0.1/kerb-crypto-1.0.1.jar:/home/runner/.m2/repository/org/apache/kerby/kerb-util/1.0.1/kerb-util-1.0.1.jar:/home/runner/.m2/repository/org/apache/kerby/token-provider/1.0.1/token-provider-1.0.1.jar:/home/runner/.m2/repository/org/apache/kerby/kerb-admin/1.0.1/kerb-admin-1.0.1.jar:/home/runner/.m2/repository/org/apache/kerby/kerb-server/1.0.1/kerb-server-1.0.1.jar:/home/runner/.m2/repository/org/apache/kerby/kerb-identity/1.0.1/kerb-identity-1.0.1.jar:/home/runner/.m2/repository/org/apache/kerby/kerby-xdr/1.0.1/kerby-xdr-1.0.1.jar:/home/runner/.m2/repository/org/slf4j/slf4j-log4j12/1.7.30/slf4j-log4j12-1.7.30.jar:/home/runner/.m2/repository/org/apache/ozone/ozone-s3gateway/1.3.0-SNAPSHOT/ozone-s3gateway-1.3.0-SNAPSHOT.jar:/home/runner/.m2/repository/org/javassist/javassist/3.21.0-GA/javassist-3.21.0-GA.jar:/home/runner/.m2/repository/org/jboss/weld/servlet/weld-servlet/2.4.7.Final/weld-servlet-2.4.7.Final.jar:/home/runner/.m2/repository/org/glassfish/jersey/containers/jersey-container-servlet-core/2.33/jersey-container-servlet-core-2.33.jar:/home/runner/.m2/repository/org/glassfish/hk2/external/jakarta.inject/2.6.1/jakarta.inject-2.6.1.jar:/home/runner/.m2/repository/org/glassfish/jersey/core/jersey-common/2.33/jersey-common-2.33.jar:/home/runner/.m2/repository/jakarta/ws/rs/jakarta.ws.rs-api/2.1.6/jakarta.ws.rs-api-2.1.6.jar:/home/runner/.m2/repository/org/glassfish/jersey/ext/cdi/jersey-cdi1x/2.33/jersey-cdi1x-2.33.jar:/home/runner/.m2/repository/org/glassfish/jersey/inject/jersey-hk2/2.33/jersey-hk2-2.33.jar:/home/runner/.m2/repository/org/glassfish/hk2/hk2-locator/2.6.1/hk2-locator-2.6.1.jar:/home/runner/.m2/repository/org/glassfish/jersey/media/jersey-media-jaxb/2.33/jersey-media-jaxb-2.33.jar:/home/runner/.m2/repository/org/glassfish/hk2/osgi-resource-locator/1.0.3/osgi-resource-locator-1.0.3.jar:/home/runner/.m2/repository/org/glassfish/hk2/hk2-api/2.5.0/hk2-api-2.5.0.jar:/home/runner/.m2/repository/org/glassfish/hk2/hk2-utils/2.5.0/hk2-utils-2.5.0.jar:/home/runner/.m2/repository/org/glassfish/hk2/external/aopalliance-repackaged/2.5.0/aopalliance-repackaged-2.5.0.jar:/home/runner/.m2/repository/com/fasterxml/jackson/dataformat/jackson-dataformat-xml/2.12.1/jackson-dataformat-xml-2.12.1.jar:/home/runner/.m2/repository/com/fasterxml/jackson/core/jackson-core/2.12.1/jackson-core-2.12.1.jar:/home/runner/.m2/repository/com/fasterxml/jackson/module/jackson-module-jaxb-annotations/2.12.1/jackson-module-jaxb-annotations-2.12.1.jar:/home/runner/.m2/repository/jakarta/xml/bind/jakarta.xml.bind-api/2.3.2/jakarta.xml.bind-api-2.3.2.jar:/home/runner/.m2/repository/org/codehaus/woodstox/stax2-api/3.1.4/stax2-api-3.1.4.jar:/home/runner/.m2/repository/com/fasterxml/woodstox/woodstox-core/5.0.3/woodstox-core-5.0.3.jar:/home/runner/.m2/repository/javax/enterprise/cdi-api/1.2/cdi-api-1.2.jar:/home/runner/.m2/repository/javax/el/javax.el-api/3.0.0/javax.el-api-3.0.0.jar:/home/runner/.m2/repository/javax/interceptor/javax.interceptor-api/1.2/javax.interceptor-api-1.2.jar:/home/runner/.m2/repository/javax/inject/javax.inject/1/javax.inject-1.jar:/home/runner/.m2/repository/javax/xml/bind/jaxb-api/2.3.0/jaxb-api-2.3.0.jar:/home/runner/.m2/repository/org/glassfish/jaxb/jaxb-runtime/2.3.0.1/jaxb-runtime-2.3.0.1.jar:/home/runner/.m2/repository/org/glassfish/jaxb/jaxb-core/2.3.0.1/jaxb-core-2.3.0.1.jar:/home/runner/.m2/repository/org/glassfish/jaxb/txw2/2.3.0.1/txw2-2.3.0.1.jar:/home/runner/.m2/repository/com/sun/istack/istack-commons-runtime/3.0.5/istack-commons-runtime-3.0.5.jar:/home/runner/.m2/repository/org/jvnet/staxex/stax-ex/1.7.8/stax-ex-1.7.8.jar:/home/runner/.m2/repository/com/sun/xml/fastinfoset/FastInfoset/1.2.13/FastInfoset-1.2.13.jar:/home/runner/.m2/repository/javax/activation/activation/1.1.1/activation-1.1.1.jar:/home/runner/.m2/repository/org/apache/ozone/ozone-csi/1.3.0-SNAPSHOT/ozone-csi-1.3.0-SNAPSHOT.jar:/home/runner/.m2/repository/com/google/protobuf/protobuf-java-util/3.12.0/protobuf-java-util-3.12.0.jar:/home/runner/.m2/repository/com/google/code/gson/gson/2.2.4/gson-2.2.4.jar:/home/runner/.m2/repository/org/apache/ozone/hdds-config/1.3.0-SNAPSHOT/hdds-config-1.3.0-SNAPSHOT.jar:/home/runner/.m2/repository/io/grpc/grpc-netty/1.33.0/grpc-netty-1.33.0.jar:/home/runner/.m2/repository/io/grpc/grpc-core/1.33.0/grpc-core-1.33.0.jar:/home/runner/.m2/repository/com/google/android/annotations/4.1.1.4/annotations-4.1.1.4.jar:/home/runner/.m2/repository/io/netty/netty-codec-http2/4.1.63.Final/netty-codec-http2-4.1.63.Final.jar:/home/runner/.m2/repository/io/netty/netty-codec-http/4.1.63.Final/netty-codec-http-4.1.63.Final.jar:/home/runner/.m2/repository/io/netty/netty-handler-proxy/4.1.63.Final/netty-handler-proxy-4.1.63.Final.jar:/home/runner/.m2/repository/io/netty/netty-codec-socks/4.1.63.Final/netty-codec-socks-4.1.63.Final.jar:/home/runner/.m2/repository/io/perfmark/perfmark-api/0.19.0/perfmark-api-0.19.0.jar:/home/runner/.m2/repository/org/codehaus/mojo/animal-sniffer-annotations/1.18/animal-sniffer-annotations-1.18.jar:/home/runner/.m2/repository/io/netty/netty-transport-native-epoll/4.1.63.Final/netty-transport-native-epoll-4.1.63.Final.jar:/home/runner/.m2/repository/io/netty/netty-common/4.1.63.Final/netty-common-4.1.63.Final.jar:/home/runner/.m2/repository/io/netty/netty-buffer/4.1.63.Final/netty-buffer-4.1.63.Final.jar:/home/runner/.m2/repository/io/netty/netty-transport-native-unix-common/4.1.63.Final/netty-transport-native-unix-common-4.1.63.Final.jar:/home/runner/.m2/repository/io/grpc/grpc-protobuf/1.33.0/grpc-protobuf-1.33.0.jar:/home/runner/.m2/repository/io/grpc/grpc-api/1.33.0/grpc-api-1.33.0.jar:/home/runner/.m2/repository/io/grpc/grpc-context/1.33.0/grpc-context-1.33.0.jar:/home/runner/.m2/repository/com/google/api/grpc/proto-google-common-protos/1.17.0/proto-google-common-protos-1.17.0.jar:/home/runner/.m2/repository/io/grpc/grpc-protobuf-lite/1.33.0/grpc-protobuf-lite-1.33.0.jar:/home/runner/.m2/repository/io/grpc/grpc-stub/1.33.0/grpc-stub-1.33.0.jar:/home/runner/.m2/repository/org/apache/ozone/ozone-recon/1.3.0-SNAPSHOT/ozone-recon-1.3.0-SNAPSHOT.jar:/home/runner/.m2/repository/org/apache/ozone/ozone-reconcodegen/1.3.0-SNAPSHOT/ozone-reconcodegen-1.3.0-SNAPSHOT.jar:/home/runner/.m2/repository/com/google/inject/extensions/guice-multibindings/4.0/guice-multibindings-4.0.jar:/home/runner/.m2/repository/com/google/inject/guice/4.0/guice-4.0.jar:/home/runner/.m2/repository/aopalliance/aopalliance/1.0/aopalliance-1.0.jar:/home/runner/.m2/repository/com/google/inject/extensions/guice-assistedinject/4.0/guice-assistedinject-4.0.jar:/home/runner/.m2/repository/com/google/inject/extensions/guice-servlet/4.0/guice-servlet-4.0.jar:/home/runner/.m2/repository/org/glassfish/jersey/containers/jersey-container-servlet/2.33/jersey-container-servlet-2.33.jar:/home/runner/.m2/repository/org/glassfish/hk2/guice-bridge/2.5.0/guice-bridge-2.5.0.jar:/home/runner/.m2/repository/org/glassfish/jersey/core/jersey-server/2.33/jersey-server-2.33.jar:/home/runner/.m2/repository/org/glassfish/jersey/core/jersey-client/2.33/jersey-client-2.33.jar:/home/runner/.m2/repository/jakarta/annotation/jakarta.annotation-api/1.3.5/jakarta.annotation-api-1.3.5.jar:/home/runner/.m2/repository/jakarta/validation/jakarta.validation-api/2.0.2/jakarta.validation-api-2.0.2.jar:/home/runner/.m2/repository/org/glassfish/jersey/media/jersey-media-json-jackson/2.33/jersey-media-json-jackson-2.33.jar:/home/runner/.m2/repository/org/glassfish/jersey/ext/jersey-entity-filtering/2.33/jersey-entity-filtering-2.33.jar:/home/runner/.m2/repository/org/jooq/jooq/3.11.10/jooq-3.11.10.jar:/home/runner/.m2/repository/org/jooq/jooq-meta/3.11.10/jooq-meta-3.11.10.jar:/home/runner/.m2/repository/org/jooq/jooq-codegen/3.11.10/jooq-codegen-3.11.10.jar:/home/runner/.m2/repository/com/jolbox/bonecp/0.8.0.RELEASE/bonecp-0.8.0.RELEASE.jar:/home/runner/.m2/repository/org/apache/derby/derby/10.14.2.0/derby-10.14.2.0.jar:/home/runner/.m2/repository/org/xerial/sqlite-jdbc/3.25.2/sqlite-jdbc-3.25.2.jar:/home/runner/.m2/repository/org/springframework/spring-jdbc/5.2.18.RELEASE/spring-jdbc-5.2.18.RELEASE.jar:/home/runner/.m2/repository/org/springframework/spring-beans/5.2.18.RELEASE/spring-beans-5.2.18.RELEASE.jar:/home/runner/.m2/repository/org/springframework/spring-core/5.2.18.RELEASE/spring-core-5.2.18.RELEASE.jar:/home/runner/.m2/repository/org/springframework/spring-jcl/5.2.18.RELEASE/spring-jcl-5.2.18.RELEASE.jar:/home/runner/.m2/repository/org/springframework/spring-tx/5.2.18.RELEASE/spring-tx-5.2.18.RELEASE.jar:/home/runner/.m2/repository/org/apache/ozone/ozone-client/1.3.0-SNAPSHOT/ozone-client-1.3.0-SNAPSHOT.jar:/home/runner/.m2/repository/org/apache/ozone/ozone-filesystem/1.3.0-SNAPSHOT/ozone-filesystem-1.3.0-SNAPSHOT.jar:/home/runner/.m2/repository/org/apache/ozone/ozone-filesystem-common/1.3.0-SNAPSHOT/ozone-filesystem-common-1.3.0-SNAPSHOT.jar:/home/runner/.m2/repository/org/apache/ozone/ozone-tools/1.3.0-SNAPSHOT/ozone-tools-1.3.0-SNAPSHOT.jar:/home/runner/.m2/repository/org/apache/ratis/ratis-tools/2.2.0/ratis-tools-2.2.0.jar:/home/runner/.m2/repository/com/amazonaws/aws-java-sdk-core/1.12.124/aws-java-sdk-core-1.12.124.jar:/home/runner/.m2/repository/org/apache/httpcomponents/httpclient/4.5.13/httpclient-4.5.13.jar:/home/runner/.m2/repository/org/apache/httpcomponents/httpcore/4.4.13/httpcore-4.4.13.jar:/home/runner/.m2/repository/software/amazon/ion/ion-java/1.0.2/ion-java-1.0.2.jar:/home/runner/.m2/repository/com/fasterxml/jackson/dataformat/jackson-dataformat-cbor/2.12.1/jackson-dataformat-cbor-2.12.1.jar:/home/runner/.m2/repository/joda-time/joda-time/2.8.1/joda-time-2.8.1.jar:/home/runner/.m2/repository/com/amazonaws/aws-java-sdk-s3/1.12.124/aws-java-sdk-s3-1.12.124.jar:/home/runner/.m2/repository/com/amazonaws/aws-java-sdk-kms/1.12.124/aws-java-sdk-kms-1.12.124.jar:/home/runner/.m2/repository/com/amazonaws/jmespath-java/1.12.124/jmespath-java-1.12.124.jar:/home/runner/.m2/repository/org/kohsuke/metainf-services/metainf-services/1.8/metainf-services-1.8.jar:/home/runner/.m2/repository/org/apache/ozone/hdds-tools/1.3.0-SNAPSHOT/hdds-tools-1.3.0-SNAPSHOT.jar:/home/runner/.m2/repository/commons-cli/commons-cli/1.2/commons-cli-1.2.jar:/home/runner/.m2/repository/org/apache/commons/commons-lang3/3.7/commons-lang3-3.7.jar:/home/runner/.m2/repository/org/apache/ozone/ozone-manager/1.3.0-SNAPSHOT/ozone-manager-1.3.0-SNAPSHOT-tests.jar:/home/runner/.m2/repository/org/apache/ozone/hdds-common/1.3.0-SNAPSHOT/hdds-common-1.3.0-SNAPSHOT-tests.jar:/home/runner/.m2/repository/org/apache/ozone/hdds-hadoop-dependency-client/1.3.0-SNAPSHOT/hdds-hadoop-dependency-client-1.3.0-SNAPSHOT.jar:/home/runner/.m2/repository/info/picocli/picocli/4.6.1/picocli-4.6.1.jar:/home/runner/.m2/repository/com/fasterxml/jackson/core/jackson-annotations/2.12.1/jackson-annotations-2.12.1.jar:/home/runner/.m2/repository/javax/annotation/javax.annotation-api/1.2/javax.annotation-api-1.2.jar:/home/runner/.m2/repository/org/apache/ratis/ratis-server/2.2.0/ratis-server-2.2.0.jar:/home/runner/.m2/repository/org/apache/ratis/ratis-client/2.2.0/ratis-client-2.2.0.jar:/home/runner/.m2/repository/org/apache/ratis/ratis-server-api/2.2.0/ratis-server-api-2.2.0.jar:/home/runner/.m2/repository/org/apache/ratis/ratis-metrics/2.2.0/ratis-metrics-2.2.0.jar:/home/runner/.m2/repository/org/apache/ratis/ratis-netty/2.2.0/ratis-netty-2.2.0.jar:/home/runner/.m2/repository/org/apache/ratis/ratis-grpc/2.2.0/ratis-grpc-2.2.0.jar:/home/runner/.m2/repository/org/apache/logging/log4j/log4j-api/2.17.1/log4j-api-2.17.1.jar:/home/runner/.m2/repository/org/apache/logging/log4j/log4j-core/2.17.1/log4j-core-2.17.1.jar:/home/runner/.m2/repository/com/lmax/disruptor/3.4.2/disruptor-3.4.2.jar:/home/runner/.m2/repository/org/apache/commons/commons-pool2/2.6.0/commons-pool2-2.6.0.jar:/home/runner/.m2/repository/org/bouncycastle/bcpkix-jdk15on/1.67/bcpkix-jdk15on-1.67.jar:/home/runner/.m2/repository/commons-validator/commons-validator/1.6/commons-validator-1.6.jar:/home/runner/.m2/repository/commons-beanutils/commons-beanutils/1.9.4/commons-beanutils-1.9.4.jar:/home/runner/.m2/repository/commons-digester/commons-digester/1.8.1/commons-digester-1.8.1.jar:/home/runner/.m2/repository/commons-collections/commons-collections/3.2.2/commons-collections-3.2.2.jar:/home/runner/.m2/repository/io/jaegertracing/jaeger-client/1.6.0/jaeger-client-1.6.0.jar:/home/runner/.m2/repository/io/jaegertracing/jaeger-thrift/1.6.0/jaeger-thrift-1.6.0.jar:/home/runner/.m2/repository/org/apache/thrift/libthrift/0.14.1/libthrift-0.14.1.jar:/home/runner/.m2/repository/com/squareup/okhttp3/okhttp/4.9.0/okhttp-4.9.0.jar:/home/runner/.m2/repository/com/squareup/okio/okio/2.8.0/okio-2.8.0.jar:/home/runner/.m2/repository/io/jaegertracing/jaeger-core/1.6.0/jaeger-core-1.6.0.jar:/home/runner/.m2/repository/io/jaegertracing/jaeger-tracerresolver/1.6.0/jaeger-tracerresolver-1.6.0.jar:/home/runner/.m2/repository/io/opentracing/contrib/opentracing-tracerresolver/0.1.8/opentracing-tracerresolver-0.1.8.jar:/home/runner/.m2/repository/org/jetbrains/kotlin/kotlin-stdlib/1.4.31/kotlin-stdlib-1.4.31.jar:/home/runner/.m2/repository/org/jetbrains/kotlin/kotlin-stdlib-common/1.4.31/kotlin-stdlib-common-1.4.31.jar:/home/runner/.m2/repository/org/jetbrains/annotations/13.0/annotations-13.0.jar:/home/runner/.m2/repository/io/opentracing/opentracing-util/0.33.0/opentracing-util-0.33.0.jar:/home/runner/.m2/repository/io/opentracing/opentracing-api/0.33.0/opentracing-api-0.33.0.jar:/home/runner/.m2/repository/io/opentracing/opentracing-noop/0.33.0/opentracing-noop-0.33.0.jar:/home/runner/.m2/repository/org/yaml/snakeyaml/1.26/snakeyaml-1.26.jar:/home/runner/.m2/repository/org/apache/ozone/hdds-interface-admin/1.3.0-SNAPSHOT/hdds-interface-admin-1.3.0-SNAPSHOT.jar:/home/runner/.m2/repository/junit/junit/4.13.1/junit-4.13.1.jar:/home/runner/.m2/repository/org/hamcrest/hamcrest-core/1.3/hamcrest-core-1.3.jar:/home/runner/.m2/repository/org/junit/jupiter/junit-jupiter-api/5.7.0/junit-jupiter-api-5.7.0.jar:/home/runner/.m2/repository/org/apiguardian/apiguardian-api/1.1.0/apiguardian-api-1.1.0.jar:/home/runner/.m2/repository/org/opentest4j/opentest4j/1.2.0/opentest4j-1.2.0.jar:/home/runner/.m2/repository/org/junit/platform/junit-platform-commons/1.7.0/junit-platform-commons-1.7.0.jar:/home/runner/.m2/repository/org/junit/jupiter/junit-jupiter-engine/5.7.0/junit-jupiter-engine-5.7.0.jar:/home/runner/.m2/repository/org/junit/platform/junit-platform-engine/1.7.0/junit-platform-engine-1.7.0.jar:/home/runner/.m2/repository/org/junit/vintage/junit-vintage-engine/5.7.0/junit-vintage-engine-5.7.0.jar:/home/runner/.m2/repository/org/junit/platform/junit-platform-launcher/1.7.0/junit-platform-launcher-1.7.0.jar:/home/runner/.m2/repository/org/mockito/mockito-core/2.28.2/mockito-core-2.28.2.jar:/home/runner/.m2/repository/net/bytebuddy/byte-buddy/1.9.10/byte-buddy-1.9.10.jar:/home/runner/.m2/repository/net/bytebuddy/byte-buddy-agent/1.9.10/byte-buddy-agent-1.9.10.jar:/home/runner/.m2/repository/org/objenesis/objenesis/1.0/objenesis-1.0.jar:/home/runner/.m2/repository/org/apache/hadoop/hadoop-kms/3.3.1/hadoop-kms-3.3.1.jar:/home/runner/.m2/repository/org/apache/hadoop/hadoop-auth/3.3.1/hadoop-auth-3.3.1.jar:/home/runner/.m2/repository/com/nimbusds/nimbus-jose-jwt/7.9/nimbus-jose-jwt-7.9.jar:/home/runner/.m2/repository/com/github/stephenc/jcip/jcip-annotations/1.0-1/jcip-annotations-1.0-1.jar:/home/runner/.m2/repository/net/minidev/json-smart/2.4.7/json-smart-2.4.7.jar:/home/runner/.m2/repository/net/minidev/accessors-smart/2.4.7/accessors-smart-2.4.7.jar:/home/runner/.m2/repository/org/ow2/asm/asm/5.0.4/asm-5.0.4.jar:/home/runner/.m2/repository/org/apache/zookeeper/zookeeper/3.5.6/zookeeper-3.5.6.jar:/home/runner/.m2/repository/org/apache/zookeeper/zookeeper-jute/3.5.6/zookeeper-jute-3.5.6.jar:/home/runner/.m2/repository/org/apache/yetus/audience-annotations/0.5.0/audience-annotations-0.5.0.jar:/home/runner/.m2/repository/org/apache/curator/curator-framework/4.2.0/curator-framework-4.2.0.jar:/home/runner/.m2/repository/org/apache/hadoop/thirdparty/hadoop-shaded-guava/1.1.1/hadoop-shaded-guava-1.1.1.jar:/home/runner/.m2/repository/com/sun/jersey/jersey-core/1.19/jersey-core-1.19.jar:/home/runner/.m2/repository/javax/ws/rs/jsr311-api/1.1.1/jsr311-api-1.1.1.jar:/home/runner/.m2/repository/com/sun/jersey/jersey-server/1.19/jersey-server-1.19.jar:/home/runner/.m2/repository/javax/servlet/javax.servlet-api/3.1.0/javax.servlet-api-3.1.0.jar:/home/runner/.m2/repository/org/eclipse/jetty/jetty-server/9.4.43.v20210629/jetty-server-9.4.43.v20210629.jar:/home/runner/.m2/repository/org/eclipse/jetty/jetty-http/9.4.43.v20210629/jetty-http-9.4.43.v20210629.jar:/home/runner/.m2/repository/org/eclipse/jetty/jetty-io/9.4.43.v20210629/jetty-io-9.4.43.v20210629.jar:/home/runner/.m2/repository/org/eclipse/jetty/jetty-webapp/9.4.43.v20210629/jetty-webapp-9.4.43.v20210629.jar:/home/runner/.m2/repository/org/eclipse/jetty/jetty-xml/9.4.43.v20210629/jetty-xml-9.4.43.v20210629.jar:/home/runner/.m2/repository/org/apache/hadoop/hadoop-common/3.3.1/hadoop-common-3.3.1.jar:/home/runner/.m2/repository/org/apache/commons/commons-math3/3.1.1/commons-math3-3.1.1.jar:/home/runner/.m2/repository/commons-net/commons-net/3.6/commons-net-3.6.jar:/home/runner/.m2/repository/jakarta/activation/jakarta.activation-api/1.2.1/jakarta.activation-api-1.2.1.jar:/home/runner/.m2/repository/com/sun/jersey/jersey-servlet/1.19/jersey-servlet-1.19.jar:/home/runner/.m2/repository/com/sun/jersey/jersey-json/1.19/jersey-json-1.19.jar:/home/runner/.m2/repository/org/codehaus/jettison/jettison/1.1/jettison-1.1.jar:/home/runner/.m2/repository/com/sun/xml/bind/jaxb-impl/2.2.3-1/jaxb-impl-2.2.3-1.jar:/home/runner/.m2/repository/org/codehaus/jackson/jackson-jaxrs/1.9.2/jackson-jaxrs-1.9.2.jar:/home/runner/.m2/repository/org/codehaus/jackson/jackson-xc/1.9.2/jackson-xc-1.9.2.jar:/home/runner/.m2/repository/org/apache/commons/commons-configuration2/2.1.1/commons-configuration2-2.1.1.jar:/home/runner/.m2/repository/org/apache/commons/commons-text/1.4/commons-text-1.4.jar:/home/runner/.m2/repository/com/google/re2j/re2j/1.1/re2j-1.1.jar:/home/runner/.m2/repository/com/jcraft/jsch/0.1.54/jsch-0.1.54.jar:/home/runner/.m2/repository/org/apache/curator/curator-client/4.2.0/curator-client-4.2.0.jar:/home/runner/.m2/repository/org/apache/curator/curator-recipes/4.2.0/curator-recipes-4.2.0.jar:/home/runner/.m2/repository/org/apache/kerby/kerb-core/1.0.1/kerb-core-1.0.1.jar:/home/runner/.m2/repository/org/apache/kerby/kerby-pkix/1.0.1/kerby-pkix-1.0.1.jar:/home/runner/.m2/repository/org/apache/kerby/kerby-asn1/1.0.1/kerby-asn1-1.0.1.jar:/home/runner/.m2/repository/org/apache/kerby/kerby-util/1.0.1/kerby-util-1.0.1.jar:/home/runner/.m2/repository/dnsjava/dnsjava/2.1.7/dnsjava-2.1.7.jar:/home/runner/.m2/repository/org/xerial/snappy/snappy-java/1.1.8.2/snappy-java-1.1.8.2.jar:/home/runner/.m2/repository/org/slf4j/jul-to-slf4j/1.7.30/jul-to-slf4j-1.7.30.jar:/home/runner/.m2/repository/org/eclipse/jetty/jetty-util/9.4.43.v20210629/jetty-util-9.4.43.v20210629.jar:/home/runner/.m2/repository/com/fasterxml/jackson/core/jackson-databind/2.12.1/jackson-databind-2.12.1.jar:/home/runner/.m2/repository/org/apache/hadoop/hadoop-kms/3.3.1/hadoop-kms-3.3.1-tests.jar:/home/runner/.m2/repository/org/apache/ozone/hdds-server-scm/1.3.0-SNAPSHOT/hdds-server-scm-1.3.0-SNAPSHOT-tests.jar:/home/runner/.m2/repository/org/apache/ozone/hdds-container-service/1.3.0-SNAPSHOT/hdds-container-service-1.3.0-SNAPSHOT-tests.jar:/home/runner/.m2/repository/commons-codec/commons-codec/1.11/commons-codec-1.11.jar:/home/runner/.m2/repository/io/netty/netty-transport/4.1.63.Final/netty-transport-4.1.63.Final.jar:/home/runner/.m2/repository/io/netty/netty-resolver/4.1.63.Final/netty-resolver-4.1.63.Final.jar:/home/runner/.m2/repository/io/netty/netty-codec/4.1.63.Final/netty-codec-4.1.63.Final.jar:/home/runner/.m2/repository/io/netty/netty-handler/4.1.63.Final/netty-handler-4.1.63.Final.jar:/home/runner/.m2/repository/org/apache/ozone/hdds-hadoop-dependency-test/1.3.0-SNAPSHOT/hdds-hadoop-dependency-test-1.3.0-SNAPSHOT.jar:/home/runner/.m2/repository/org/apache/hadoop/hadoop-common/3.3.1/hadoop-common-3.3.1-tests.jar:/home/runner/.m2/repository/org/assertj/assertj-core/3.12.2/assertj-core-3.12.2.jar:/home/runner/.m2/repository/org/apache/hadoop/hadoop-hdfs/3.3.1/hadoop-hdfs-3.3.1-tests.jar:/home/runner/.m2/repository/org/eclipse/jetty/jetty-util-ajax/9.4.43.v20210629/jetty-util-ajax-9.4.43.v20210629.jar:/home/runner/.m2/repository/commons-daemon/commons-daemon/1.0.13/commons-daemon-1.0.13.jar:/home/runner/.m2/repository/io/netty/netty/3.10.6.Final/netty-3.10.6.Final.jar:/home/runner/.m2/repository/io/netty/netty-all/4.1.63.Final/netty-all-4.1.63.Final.jar:/home/runner/.m2/repository/org/apache/htrace/htrace-core4/4.1.0-incubating/htrace-core4-4.1.0-incubating.jar:/home/runner/.m2/repository/org/fusesource/leveldbjni/leveldbjni-all/1.8/leveldbjni-all-1.8.jar:/home/runner/.m2/repository/org/apache/hadoop/hadoop-distcp/3.3.1/hadoop-distcp-3.3.1.jar:/home/runner/.m2/repository/org/apache/hadoop/hadoop-mapreduce-client-jobclient/3.3.1/hadoop-mapreduce-client-jobclient-3.3.1.jar:/home/runner/.m2/repository/org/apache/hadoop/hadoop-mapreduce-client-common/3.3.1/hadoop-mapreduce-client-common-3.3.1.jar:/home/runner/.m2/repository/org/apache/hadoop/hadoop-yarn-common/3.3.1/hadoop-yarn-common-3.3.1.jar:/home/runner/.m2/repository/org/apache/hadoop/hadoop-yarn-api/3.3.1/hadoop-yarn-api-3.3.1.jar:/home/runner/.m2/repository/com/sun/jersey/jersey-client/1.19/jersey-client-1.19.jar:/home/runner/.m2/repository/com/sun/jersey/contribs/jersey-guice/1.19/jersey-guice-1.19.jar:/home/runner/.m2/repository/com/fasterxml/jackson/jaxrs/jackson-jaxrs-json-provider/2.12.1/jackson-jaxrs-json-provider-2.12.1.jar:/home/runner/.m2/repository/com/fasterxml/jackson/jaxrs/jackson-jaxrs-base/2.12.1/jackson-jaxrs-base-2.12.1.jar:/home/runner/.m2/repository/org/apache/hadoop/hadoop-yarn-client/3.3.1/hadoop-yarn-client-3.3.1.jar:/home/runner/.m2/repository/org/eclipse/jetty/websocket/websocket-client/9.4.40.v20210413/websocket-client-9.4.40.v20210413.jar:/home/runner/.m2/repository/org/eclipse/jetty/jetty-client/9.4.40.v20210413/jetty-client-9.4.40.v20210413.jar:/home/runner/.m2/repository/org/eclipse/jetty/websocket/websocket-common/9.4.40.v20210413/websocket-common-9.4.40.v20210413.jar:/home/runner/.m2/repository/org/eclipse/jetty/websocket/websocket-api/9.4.40.v20210413/websocket-api-9.4.40.v20210413.jar:/home/runner/.m2/repository/org/jline/jline/3.9.0/jline-3.9.0.jar:/home/runner/.m2/repository/org/apache/hadoop/hadoop-mapreduce-client-core/3.3.1/hadoop-mapreduce-client-core-3.3.1.jar:/home/runner/.m2/repository/org/apache/avro/avro/1.7.7/avro-1.7.7.jar:/home/runner/.m2/repository/org/codehaus/jackson/jackson-core-asl/1.9.13/jackson-core-asl-1.9.13.jar:/home/runner/.m2/repository/org/codehaus/jackson/jackson-mapper-asl/1.9.13/jackson-mapper-asl-1.9.13.jar:/home/runner/.m2/repository/com/thoughtworks/paranamer/paranamer/2.3/paranamer-2.3.jar:/home/runner/.m2/repository/org/apache/hadoop/hadoop-annotations/3.3.1/hadoop-annotations-3.3.1.jar:/usr/lib/jvm/temurin-8-jdk-amd64/jre/../lib/tools.jar:/home/runner/.m2/repository/org/apache/hadoop/hadoop-distcp/3.3.1/hadoop-distcp-3.3.1-tests.jar:/home/runner/.m2/repository/org/apache/ratis/ratis-common/2.2.0/ratis-common-2.2.0.jar:/home/runner/.m2/repository/org/apache/ratis/ratis-thirdparty-misc/0.7.0/ratis-thirdparty-misc-0.7.0.jar:/home/runner/.m2/repository/org/apache/ratis/ratis-proto/2.2.0/ratis-proto-2.2.0.jar:"/>
    <property name="java.vm.vendor" value="Temurin"/>
    <property name="sun.arch.data.model" value="64"/>
    <property name="test.build.dir" value="/home/runner/work/ozone/ozone/hadoop-ozone/integration-test/target/test-dir"/>
    <property name="test.cache.data" value=""/>
    <property name="java.vendor.url" value="https://adoptium.net/"/>
    <property name="user.timezone" value=""/>
    <property name="java.vm.specification.version" value="1.8"/>
    <property name="os.name" value="Linux"/>
    <property name="test.build.data" value="/home/runner/work/ozone/ozone/hadoop-ozone/integration-test/target/test-dir"/>
    <property name="sun.java.launcher" value="SUN_STANDARD"/>
    <property name="sun.boot.library.path" value="/usr/lib/jvm/temurin-8-jdk-amd64/jre/lib/amd64"/>
    <property name="sun.java.command" value="/home/runner/work/ozone/ozone/hadoop-ozone/integration-test/target/surefire/surefirebooter949093308043982432.jar /home/runner/work/ozone/ozone/hadoop-ozone/integration-test/target/surefire 2022-03-09T22-43-23_741-jvmRun1 surefire6303900276197096552tmp surefire_337784692600322929964tmp"/>
    <property name="surefire.test.class.path" value="/home/runner/work/ozone/ozone/hadoop-ozone/integration-test/target/test-classes:/home/runner/work/ozone/ozone/hadoop-ozone/integration-test/target/classes:/home/runner/.m2/repository/org/apache/ozone/ozone-common/1.3.0-SNAPSHOT/ozone-common-1.3.0-SNAPSHOT.jar:/home/runner/.m2/repository/org/apache/commons/commons-compress/1.21/commons-compress-1.21.jar:/home/runner/.m2/repository/org/apache/ozone/hdds-common/1.3.0-SNAPSHOT/hdds-common-1.3.0-SNAPSHOT.jar:/home/runner/.m2/repository/org/apache/ozone/hdds-client/1.3.0-SNAPSHOT/hdds-client-1.3.0-SNAPSHOT.jar:/home/runner/.m2/repository/org/apache/ozone/ozone-interface-client/1.3.0-SNAPSHOT/ozone-interface-client-1.3.0-SNAPSHOT.jar:/home/runner/.m2/repository/org/apache/ozone/hdds-test-utils/1.3.0-SNAPSHOT/hdds-test-utils-1.3.0-SNAPSHOT.jar:/home/runner/.m2/repository/com/google/guava/guava/30.1.1-jre/guava-30.1.1-jre.jar:/home/runner/.m2/repository/com/google/guava/failureaccess/1.0.1/failureaccess-1.0.1.jar:/home/runner/.m2/repository/com/google/guava/listenablefuture/9999.0-empty-to-avoid-conflict-with-guava/listenablefuture-9999.0-empty-to-avoid-conflict-with-guava.jar:/home/runner/.m2/repository/com/google/code/findbugs/jsr305/3.0.0/jsr305-3.0.0.jar:/home/runner/.m2/repository/org/checkerframework/checker-qual/3.8.0/checker-qual-3.8.0.jar:/home/runner/.m2/repository/com/google/errorprone/error_prone_annotations/2.2.0/error_prone_annotations-2.2.0.jar:/home/runner/.m2/repository/com/google/j2objc/j2objc-annotations/1.3/j2objc-annotations-1.3.jar:/home/runner/.m2/repository/commons-io/commons-io/2.11.0/commons-io-2.11.0.jar:/home/runner/.m2/repository/commons-logging/commons-logging/1.2/commons-logging-1.2.jar:/home/runner/.m2/repository/log4j/log4j/1.2.17/log4j-1.2.17.jar:/home/runner/.m2/repository/org/slf4j/slf4j-api/1.7.30/slf4j-api-1.7.30.jar:/home/runner/.m2/repository/org/apache/ozone/hdds-server-scm/1.3.0-SNAPSHOT/hdds-server-scm-1.3.0-SNAPSHOT.jar:/home/runner/.m2/repository/org/apache/ozone/hdds-container-service/1.3.0-SNAPSHOT/hdds-container-service-1.3.0-SNAPSHOT.jar:/home/runner/.m2/repository/org/apache/ozone/hdds-hadoop-dependency-server/1.3.0-SNAPSHOT/hdds-hadoop-dependency-server-1.3.0-SNAPSHOT.jar:/home/runner/.m2/repository/org/apache/hadoop/hadoop-hdfs/3.3.1/hadoop-hdfs-3.3.1.jar:/home/runner/.m2/repository/org/apache/ozone/hdds-server-framework/1.3.0-SNAPSHOT/hdds-server-framework-1.3.0-SNAPSHOT.jar:/home/runner/.m2/repository/org/apache/ozone/hdds-interface-server/1.3.0-SNAPSHOT/hdds-interface-server-1.3.0-SNAPSHOT.jar:/home/runner/.m2/repository/org/eclipse/jetty/jetty-servlet/9.4.43.v20210629/jetty-servlet-9.4.43.v20210629.jar:/home/runner/.m2/repository/org/eclipse/jetty/jetty-security/9.4.43.v20210629/jetty-security-9.4.43.v20210629.jar:/home/runner/.m2/repository/org/rocksdb/rocksdbjni/6.25.3/rocksdbjni-6.25.3.jar:/home/runner/.m2/repository/io/prometheus/simpleclient_dropwizard/0.7.0/simpleclient_dropwizard-0.7.0.jar:/home/runner/.m2/repository/io/prometheus/simpleclient/0.7.0/simpleclient-0.7.0.jar:/home/runner/.m2/repository/io/prometheus/simpleclient_common/0.7.0/simpleclient_common-0.7.0.jar:/home/runner/.m2/repository/com/fasterxml/jackson/datatype/jackson-datatype-jsr310/2.12.1/jackson-datatype-jsr310-2.12.1.jar:/home/runner/.m2/repository/io/dropwizard/metrics/metrics-core/3.2.4/metrics-core-3.2.4.jar:/home/runner/.m2/repository/org/apache/hadoop/hadoop-hdfs-client/3.3.1/hadoop-hdfs-client-3.3.1.jar:/home/runner/.m2/repository/org/bouncycastle/bcprov-jdk15on/1.67/bcprov-jdk15on-1.67.jar:/home/runner/.m2/repository/com/google/protobuf/protobuf-java/2.5.0/protobuf-java-2.5.0.jar:/home/runner/.m2/repository/org/apache/ozone/ozone-manager/1.3.0-SNAPSHOT/ozone-manager-1.3.0-SNAPSHOT.jar:/home/runner/.m2/repository/org/aspectj/aspectjrt/1.9.7/aspectjrt-1.9.7.jar:/home/runner/.m2/repository/org/aspectj/aspectjweaver/1.9.7/aspectjweaver-1.9.7.jar:/home/runner/.m2/repository/org/apache/ozone/hdds-interface-client/1.3.0-SNAPSHOT/hdds-interface-client-1.3.0-SNAPSHOT.jar:/home/runner/.m2/repository/org/apache/hadoop/thirdparty/hadoop-shaded-protobuf_3_7/1.1.1/hadoop-shaded-protobuf_3_7-1.1.1.jar:/home/runner/.m2/repository/org/apache/ozone/ozone-interface-storage/1.3.0-SNAPSHOT/ozone-interface-storage-1.3.0-SNAPSHOT.jar:/home/runner/.m2/repository/org/reflections/reflections/0.9.11/reflections-0.9.11.jar:/home/runner/.m2/repository/org/apache/hadoop/hadoop-minikdc/3.3.1/hadoop-minikdc-3.3.1.jar:/home/runner/.m2/repository/org/apache/kerby/kerb-simplekdc/1.0.1/kerb-simplekdc-1.0.1.jar:/home/runner/.m2/repository/org/apache/kerby/kerb-client/1.0.1/kerb-client-1.0.1.jar:/home/runner/.m2/repository/org/apache/kerby/kerby-config/1.0.1/kerby-config-1.0.1.jar:/home/runner/.m2/repository/org/apache/kerby/kerb-common/1.0.1/kerb-common-1.0.1.jar:/home/runner/.m2/repository/org/apache/kerby/kerb-crypto/1.0.1/kerb-crypto-1.0.1.jar:/home/runner/.m2/repository/org/apache/kerby/kerb-util/1.0.1/kerb-util-1.0.1.jar:/home/runner/.m2/repository/org/apache/kerby/token-provider/1.0.1/token-provider-1.0.1.jar:/home/runner/.m2/repository/org/apache/kerby/kerb-admin/1.0.1/kerb-admin-1.0.1.jar:/home/runner/.m2/repository/org/apache/kerby/kerb-server/1.0.1/kerb-server-1.0.1.jar:/home/runner/.m2/repository/org/apache/kerby/kerb-identity/1.0.1/kerb-identity-1.0.1.jar:/home/runner/.m2/repository/org/apache/kerby/kerby-xdr/1.0.1/kerby-xdr-1.0.1.jar:/home/runner/.m2/repository/org/slf4j/slf4j-log4j12/1.7.30/slf4j-log4j12-1.7.30.jar:/home/runner/.m2/repository/org/apache/ozone/ozone-s3gateway/1.3.0-SNAPSHOT/ozone-s3gateway-1.3.0-SNAPSHOT.jar:/home/runner/.m2/repository/org/javassist/javassist/3.21.0-GA/javassist-3.21.0-GA.jar:/home/runner/.m2/repository/org/jboss/weld/servlet/weld-servlet/2.4.7.Final/weld-servlet-2.4.7.Final.jar:/home/runner/.m2/repository/org/glassfish/jersey/containers/jersey-container-servlet-core/2.33/jersey-container-servlet-core-2.33.jar:/home/runner/.m2/repository/org/glassfish/hk2/external/jakarta.inject/2.6.1/jakarta.inject-2.6.1.jar:/home/runner/.m2/repository/org/glassfish/jersey/core/jersey-common/2.33/jersey-common-2.33.jar:/home/runner/.m2/repository/jakarta/ws/rs/jakarta.ws.rs-api/2.1.6/jakarta.ws.rs-api-2.1.6.jar:/home/runner/.m2/repository/org/glassfish/jersey/ext/cdi/jersey-cdi1x/2.33/jersey-cdi1x-2.33.jar:/home/runner/.m2/repository/org/glassfish/jersey/inject/jersey-hk2/2.33/jersey-hk2-2.33.jar:/home/runner/.m2/repository/org/glassfish/hk2/hk2-locator/2.6.1/hk2-locator-2.6.1.jar:/home/runner/.m2/repository/org/glassfish/jersey/media/jersey-media-jaxb/2.33/jersey-media-jaxb-2.33.jar:/home/runner/.m2/repository/org/glassfish/hk2/osgi-resource-locator/1.0.3/osgi-resource-locator-1.0.3.jar:/home/runner/.m2/repository/org/glassfish/hk2/hk2-api/2.5.0/hk2-api-2.5.0.jar:/home/runner/.m2/repository/org/glassfish/hk2/hk2-utils/2.5.0/hk2-utils-2.5.0.jar:/home/runner/.m2/repository/org/glassfish/hk2/external/aopalliance-repackaged/2.5.0/aopalliance-repackaged-2.5.0.jar:/home/runner/.m2/repository/com/fasterxml/jackson/dataformat/jackson-dataformat-xml/2.12.1/jackson-dataformat-xml-2.12.1.jar:/home/runner/.m2/repository/com/fasterxml/jackson/core/jackson-core/2.12.1/jackson-core-2.12.1.jar:/home/runner/.m2/repository/com/fasterxml/jackson/module/jackson-module-jaxb-annotations/2.12.1/jackson-module-jaxb-annotations-2.12.1.jar:/home/runner/.m2/repository/jakarta/xml/bind/jakarta.xml.bind-api/2.3.2/jakarta.xml.bind-api-2.3.2.jar:/home/runner/.m2/repository/org/codehaus/woodstox/stax2-api/3.1.4/stax2-api-3.1.4.jar:/home/runner/.m2/repository/com/fasterxml/woodstox/woodstox-core/5.0.3/woodstox-core-5.0.3.jar:/home/runner/.m2/repository/javax/enterprise/cdi-api/1.2/cdi-api-1.2.jar:/home/runner/.m2/repository/javax/el/javax.el-api/3.0.0/javax.el-api-3.0.0.jar:/home/runner/.m2/repository/javax/interceptor/javax.interceptor-api/1.2/javax.interceptor-api-1.2.jar:/home/runner/.m2/repository/javax/inject/javax.inject/1/javax.inject-1.jar:/home/runner/.m2/repository/javax/xml/bind/jaxb-api/2.3.0/jaxb-api-2.3.0.jar:/home/runner/.m2/repository/org/glassfish/jaxb/jaxb-runtime/2.3.0.1/jaxb-runtime-2.3.0.1.jar:/home/runner/.m2/repository/org/glassfish/jaxb/jaxb-core/2.3.0.1/jaxb-core-2.3.0.1.jar:/home/runner/.m2/repository/org/glassfish/jaxb/txw2/2.3.0.1/txw2-2.3.0.1.jar:/home/runner/.m2/repository/com/sun/istack/istack-commons-runtime/3.0.5/istack-commons-runtime-3.0.5.jar:/home/runner/.m2/repository/org/jvnet/staxex/stax-ex/1.7.8/stax-ex-1.7.8.jar:/home/runner/.m2/repository/com/sun/xml/fastinfoset/FastInfoset/1.2.13/FastInfoset-1.2.13.jar:/home/runner/.m2/repository/javax/activation/activation/1.1.1/activation-1.1.1.jar:/home/runner/.m2/repository/org/apache/ozone/ozone-csi/1.3.0-SNAPSHOT/ozone-csi-1.3.0-SNAPSHOT.jar:/home/runner/.m2/repository/com/google/protobuf/protobuf-java-util/3.12.0/protobuf-java-util-3.12.0.jar:/home/runner/.m2/repository/com/google/code/gson/gson/2.2.4/gson-2.2.4.jar:/home/runner/.m2/repository/org/apache/ozone/hdds-config/1.3.0-SNAPSHOT/hdds-config-1.3.0-SNAPSHOT.jar:/home/runner/.m2/repository/io/grpc/grpc-netty/1.33.0/grpc-netty-1.33.0.jar:/home/runner/.m2/repository/io/grpc/grpc-core/1.33.0/grpc-core-1.33.0.jar:/home/runner/.m2/repository/com/google/android/annotations/4.1.1.4/annotations-4.1.1.4.jar:/home/runner/.m2/repository/io/netty/netty-codec-http2/4.1.63.Final/netty-codec-http2-4.1.63.Final.jar:/home/runner/.m2/repository/io/netty/netty-codec-http/4.1.63.Final/netty-codec-http-4.1.63.Final.jar:/home/runner/.m2/repository/io/netty/netty-handler-proxy/4.1.63.Final/netty-handler-proxy-4.1.63.Final.jar:/home/runner/.m2/repository/io/netty/netty-codec-socks/4.1.63.Final/netty-codec-socks-4.1.63.Final.jar:/home/runner/.m2/repository/io/perfmark/perfmark-api/0.19.0/perfmark-api-0.19.0.jar:/home/runner/.m2/repository/org/codehaus/mojo/animal-sniffer-annotations/1.18/animal-sniffer-annotations-1.18.jar:/home/runner/.m2/repository/io/netty/netty-transport-native-epoll/4.1.63.Final/netty-transport-native-epoll-4.1.63.Final.jar:/home/runner/.m2/repository/io/netty/netty-common/4.1.63.Final/netty-common-4.1.63.Final.jar:/home/runner/.m2/repository/io/netty/netty-buffer/4.1.63.Final/netty-buffer-4.1.63.Final.jar:/home/runner/.m2/repository/io/netty/netty-transport-native-unix-common/4.1.63.Final/netty-transport-native-unix-common-4.1.63.Final.jar:/home/runner/.m2/repository/io/grpc/grpc-protobuf/1.33.0/grpc-protobuf-1.33.0.jar:/home/runner/.m2/repository/io/grpc/grpc-api/1.33.0/grpc-api-1.33.0.jar:/home/runner/.m2/repository/io/grpc/grpc-context/1.33.0/grpc-context-1.33.0.jar:/home/runner/.m2/repository/com/google/api/grpc/proto-google-common-protos/1.17.0/proto-google-common-protos-1.17.0.jar:/home/runner/.m2/repository/io/grpc/grpc-protobuf-lite/1.33.0/grpc-protobuf-lite-1.33.0.jar:/home/runner/.m2/repository/io/grpc/grpc-stub/1.33.0/grpc-stub-1.33.0.jar:/home/runner/.m2/repository/org/apache/ozone/ozone-recon/1.3.0-SNAPSHOT/ozone-recon-1.3.0-SNAPSHOT.jar:/home/runner/.m2/repository/org/apache/ozone/ozone-reconcodegen/1.3.0-SNAPSHOT/ozone-reconcodegen-1.3.0-SNAPSHOT.jar:/home/runner/.m2/repository/com/google/inject/extensions/guice-multibindings/4.0/guice-multibindings-4.0.jar:/home/runner/.m2/repository/com/google/inject/guice/4.0/guice-4.0.jar:/home/runner/.m2/repository/aopalliance/aopalliance/1.0/aopalliance-1.0.jar:/home/runner/.m2/repository/com/google/inject/extensions/guice-assistedinject/4.0/guice-assistedinject-4.0.jar:/home/runner/.m2/repository/com/google/inject/extensions/guice-servlet/4.0/guice-servlet-4.0.jar:/home/runner/.m2/repository/org/glassfish/jersey/containers/jersey-container-servlet/2.33/jersey-container-servlet-2.33.jar:/home/runner/.m2/repository/org/glassfish/hk2/guice-bridge/2.5.0/guice-bridge-2.5.0.jar:/home/runner/.m2/repository/org/glassfish/jersey/core/jersey-server/2.33/jersey-server-2.33.jar:/home/runner/.m2/repository/org/glassfish/jersey/core/jersey-client/2.33/jersey-client-2.33.jar:/home/runner/.m2/repository/jakarta/annotation/jakarta.annotation-api/1.3.5/jakarta.annotation-api-1.3.5.jar:/home/runner/.m2/repository/jakarta/validation/jakarta.validation-api/2.0.2/jakarta.validation-api-2.0.2.jar:/home/runner/.m2/repository/org/glassfish/jersey/media/jersey-media-json-jackson/2.33/jersey-media-json-jackson-2.33.jar:/home/runner/.m2/repository/org/glassfish/jersey/ext/jersey-entity-filtering/2.33/jersey-entity-filtering-2.33.jar:/home/runner/.m2/repository/org/jooq/jooq/3.11.10/jooq-3.11.10.jar:/home/runner/.m2/repository/org/jooq/jooq-meta/3.11.10/jooq-meta-3.11.10.jar:/home/runner/.m2/repository/org/jooq/jooq-codegen/3.11.10/jooq-codegen-3.11.10.jar:/home/runner/.m2/repository/com/jolbox/bonecp/0.8.0.RELEASE/bonecp-0.8.0.RELEASE.jar:/home/runner/.m2/repository/org/apache/derby/derby/10.14.2.0/derby-10.14.2.0.jar:/home/runner/.m2/repository/org/xerial/sqlite-jdbc/3.25.2/sqlite-jdbc-3.25.2.jar:/home/runner/.m2/repository/org/springframework/spring-jdbc/5.2.18.RELEASE/spring-jdbc-5.2.18.RELEASE.jar:/home/runner/.m2/repository/org/springframework/spring-beans/5.2.18.RELEASE/spring-beans-5.2.18.RELEASE.jar:/home/runner/.m2/repository/org/springframework/spring-core/5.2.18.RELEASE/spring-core-5.2.18.RELEASE.jar:/home/runner/.m2/repository/org/springframework/spring-jcl/5.2.18.RELEASE/spring-jcl-5.2.18.RELEASE.jar:/home/runner/.m2/repository/org/springframework/spring-tx/5.2.18.RELEASE/spring-tx-5.2.18.RELEASE.jar:/home/runner/.m2/repository/org/apache/ozone/ozone-client/1.3.0-SNAPSHOT/ozone-client-1.3.0-SNAPSHOT.jar:/home/runner/.m2/repository/org/apache/ozone/ozone-filesystem/1.3.0-SNAPSHOT/ozone-filesystem-1.3.0-SNAPSHOT.jar:/home/runner/.m2/repository/org/apache/ozone/ozone-filesystem-common/1.3.0-SNAPSHOT/ozone-filesystem-common-1.3.0-SNAPSHOT.jar:/home/runner/.m2/repository/org/apache/ozone/ozone-tools/1.3.0-SNAPSHOT/ozone-tools-1.3.0-SNAPSHOT.jar:/home/runner/.m2/repository/org/apache/ratis/ratis-tools/2.2.0/ratis-tools-2.2.0.jar:/home/runner/.m2/repository/com/amazonaws/aws-java-sdk-core/1.12.124/aws-java-sdk-core-1.12.124.jar:/home/runner/.m2/repository/org/apache/httpcomponents/httpclient/4.5.13/httpclient-4.5.13.jar:/home/runner/.m2/repository/org/apache/httpcomponents/httpcore/4.4.13/httpcore-4.4.13.jar:/home/runner/.m2/repository/software/amazon/ion/ion-java/1.0.2/ion-java-1.0.2.jar:/home/runner/.m2/repository/com/fasterxml/jackson/dataformat/jackson-dataformat-cbor/2.12.1/jackson-dataformat-cbor-2.12.1.jar:/home/runner/.m2/repository/joda-time/joda-time/2.8.1/joda-time-2.8.1.jar:/home/runner/.m2/repository/com/amazonaws/aws-java-sdk-s3/1.12.124/aws-java-sdk-s3-1.12.124.jar:/home/runner/.m2/repository/com/amazonaws/aws-java-sdk-kms/1.12.124/aws-java-sdk-kms-1.12.124.jar:/home/runner/.m2/repository/com/amazonaws/jmespath-java/1.12.124/jmespath-java-1.12.124.jar:/home/runner/.m2/repository/org/kohsuke/metainf-services/metainf-services/1.8/metainf-services-1.8.jar:/home/runner/.m2/repository/org/apache/ozone/hdds-tools/1.3.0-SNAPSHOT/hdds-tools-1.3.0-SNAPSHOT.jar:/home/runner/.m2/repository/commons-cli/commons-cli/1.2/commons-cli-1.2.jar:/home/runner/.m2/repository/org/apache/commons/commons-lang3/3.7/commons-lang3-3.7.jar:/home/runner/.m2/repository/org/apache/ozone/ozone-manager/1.3.0-SNAPSHOT/ozone-manager-1.3.0-SNAPSHOT-tests.jar:/home/runner/.m2/repository/org/apache/ozone/hdds-common/1.3.0-SNAPSHOT/hdds-common-1.3.0-SNAPSHOT-tests.jar:/home/runner/.m2/repository/org/apache/ozone/hdds-hadoop-dependency-client/1.3.0-SNAPSHOT/hdds-hadoop-dependency-client-1.3.0-SNAPSHOT.jar:/home/runner/.m2/repository/info/picocli/picocli/4.6.1/picocli-4.6.1.jar:/home/runner/.m2/repository/com/fasterxml/jackson/core/jackson-annotations/2.12.1/jackson-annotations-2.12.1.jar:/home/runner/.m2/repository/javax/annotation/javax.annotation-api/1.2/javax.annotation-api-1.2.jar:/home/runner/.m2/repository/org/apache/ratis/ratis-server/2.2.0/ratis-server-2.2.0.jar:/home/runner/.m2/repository/org/apache/ratis/ratis-client/2.2.0/ratis-client-2.2.0.jar:/home/runner/.m2/repository/org/apache/ratis/ratis-server-api/2.2.0/ratis-server-api-2.2.0.jar:/home/runner/.m2/repository/org/apache/ratis/ratis-metrics/2.2.0/ratis-metrics-2.2.0.jar:/home/runner/.m2/repository/org/apache/ratis/ratis-netty/2.2.0/ratis-netty-2.2.0.jar:/home/runner/.m2/repository/org/apache/ratis/ratis-grpc/2.2.0/ratis-grpc-2.2.0.jar:/home/runner/.m2/repository/org/apache/logging/log4j/log4j-api/2.17.1/log4j-api-2.17.1.jar:/home/runner/.m2/repository/org/apache/logging/log4j/log4j-core/2.17.1/log4j-core-2.17.1.jar:/home/runner/.m2/repository/com/lmax/disruptor/3.4.2/disruptor-3.4.2.jar:/home/runner/.m2/repository/org/apache/commons/commons-pool2/2.6.0/commons-pool2-2.6.0.jar:/home/runner/.m2/repository/org/bouncycastle/bcpkix-jdk15on/1.67/bcpkix-jdk15on-1.67.jar:/home/runner/.m2/repository/commons-validator/commons-validator/1.6/commons-validator-1.6.jar:/home/runner/.m2/repository/commons-beanutils/commons-beanutils/1.9.4/commons-beanutils-1.9.4.jar:/home/runner/.m2/repository/commons-digester/commons-digester/1.8.1/commons-digester-1.8.1.jar:/home/runner/.m2/repository/commons-collections/commons-collections/3.2.2/commons-collections-3.2.2.jar:/home/runner/.m2/repository/io/jaegertracing/jaeger-client/1.6.0/jaeger-client-1.6.0.jar:/home/runner/.m2/repository/io/jaegertracing/jaeger-thrift/1.6.0/jaeger-thrift-1.6.0.jar:/home/runner/.m2/repository/org/apache/thrift/libthrift/0.14.1/libthrift-0.14.1.jar:/home/runner/.m2/repository/com/squareup/okhttp3/okhttp/4.9.0/okhttp-4.9.0.jar:/home/runner/.m2/repository/com/squareup/okio/okio/2.8.0/okio-2.8.0.jar:/home/runner/.m2/repository/io/jaegertracing/jaeger-core/1.6.0/jaeger-core-1.6.0.jar:/home/runner/.m2/repository/io/jaegertracing/jaeger-tracerresolver/1.6.0/jaeger-tracerresolver-1.6.0.jar:/home/runner/.m2/repository/io/opentracing/contrib/opentracing-tracerresolver/0.1.8/opentracing-tracerresolver-0.1.8.jar:/home/runner/.m2/repository/org/jetbrains/kotlin/kotlin-stdlib/1.4.31/kotlin-stdlib-1.4.31.jar:/home/runner/.m2/repository/org/jetbrains/kotlin/kotlin-stdlib-common/1.4.31/kotlin-stdlib-common-1.4.31.jar:/home/runner/.m2/repository/org/jetbrains/annotations/13.0/annotations-13.0.jar:/home/runner/.m2/repository/io/opentracing/opentracing-util/0.33.0/opentracing-util-0.33.0.jar:/home/runner/.m2/repository/io/opentracing/opentracing-api/0.33.0/opentracing-api-0.33.0.jar:/home/runner/.m2/repository/io/opentracing/opentracing-noop/0.33.0/opentracing-noop-0.33.0.jar:/home/runner/.m2/repository/org/yaml/snakeyaml/1.26/snakeyaml-1.26.jar:/home/runner/.m2/repository/org/apache/ozone/hdds-interface-admin/1.3.0-SNAPSHOT/hdds-interface-admin-1.3.0-SNAPSHOT.jar:/home/runner/.m2/repository/junit/junit/4.13.1/junit-4.13.1.jar:/home/runner/.m2/repository/org/hamcrest/hamcrest-core/1.3/hamcrest-core-1.3.jar:/home/runner/.m2/repository/org/junit/jupiter/junit-jupiter-api/5.7.0/junit-jupiter-api-5.7.0.jar:/home/runner/.m2/repository/org/apiguardian/apiguardian-api/1.1.0/apiguardian-api-1.1.0.jar:/home/runner/.m2/repository/org/opentest4j/opentest4j/1.2.0/opentest4j-1.2.0.jar:/home/runner/.m2/repository/org/junit/platform/junit-platform-commons/1.7.0/junit-platform-commons-1.7.0.jar:/home/runner/.m2/repository/org/junit/jupiter/junit-jupiter-engine/5.7.0/junit-jupiter-engine-5.7.0.jar:/home/runner/.m2/repository/org/junit/platform/junit-platform-engine/1.7.0/junit-platform-engine-1.7.0.jar:/home/runner/.m2/repository/org/junit/vintage/junit-vintage-engine/5.7.0/junit-vintage-engine-5.7.0.jar:/home/runner/.m2/repository/org/junit/platform/junit-platform-launcher/1.7.0/junit-platform-launcher-1.7.0.jar:/home/runner/.m2/repository/org/mockito/mockito-core/2.28.2/mockito-core-2.28.2.jar:/home/runner/.m2/repository/net/bytebuddy/byte-buddy/1.9.10/byte-buddy-1.9.10.jar:/home/runner/.m2/repository/net/bytebuddy/byte-buddy-agent/1.9.10/byte-buddy-agent-1.9.10.jar:/home/runner/.m2/repository/org/objenesis/objenesis/1.0/objenesis-1.0.jar:/home/runner/.m2/repository/org/apache/hadoop/hadoop-kms/3.3.1/hadoop-kms-3.3.1.jar:/home/runner/.m2/repository/org/apache/hadoop/hadoop-auth/3.3.1/hadoop-auth-3.3.1.jar:/home/runner/.m2/repository/com/nimbusds/nimbus-jose-jwt/7.9/nimbus-jose-jwt-7.9.jar:/home/runner/.m2/repository/com/github/stephenc/jcip/jcip-annotations/1.0-1/jcip-annotations-1.0-1.jar:/home/runner/.m2/repository/net/minidev/json-smart/2.4.7/json-smart-2.4.7.jar:/home/runner/.m2/repository/net/minidev/accessors-smart/2.4.7/accessors-smart-2.4.7.jar:/home/runner/.m2/repository/org/ow2/asm/asm/5.0.4/asm-5.0.4.jar:/home/runner/.m2/repository/org/apache/zookeeper/zookeeper/3.5.6/zookeeper-3.5.6.jar:/home/runner/.m2/repository/org/apache/zookeeper/zookeeper-jute/3.5.6/zookeeper-jute-3.5.6.jar:/home/runner/.m2/repository/org/apache/yetus/audience-annotations/0.5.0/audience-annotations-0.5.0.jar:/home/runner/.m2/repository/org/apache/curator/curator-framework/4.2.0/curator-framework-4.2.0.jar:/home/runner/.m2/repository/org/apache/hadoop/thirdparty/hadoop-shaded-guava/1.1.1/hadoop-shaded-guava-1.1.1.jar:/home/runner/.m2/repository/com/sun/jersey/jersey-core/1.19/jersey-core-1.19.jar:/home/runner/.m2/repository/javax/ws/rs/jsr311-api/1.1.1/jsr311-api-1.1.1.jar:/home/runner/.m2/repository/com/sun/jersey/jersey-server/1.19/jersey-server-1.19.jar:/home/runner/.m2/repository/javax/servlet/javax.servlet-api/3.1.0/javax.servlet-api-3.1.0.jar:/home/runner/.m2/repository/org/eclipse/jetty/jetty-server/9.4.43.v20210629/jetty-server-9.4.43.v20210629.jar:/home/runner/.m2/repository/org/eclipse/jetty/jetty-http/9.4.43.v20210629/jetty-http-9.4.43.v20210629.jar:/home/runner/.m2/repository/org/eclipse/jetty/jetty-io/9.4.43.v20210629/jetty-io-9.4.43.v20210629.jar:/home/runner/.m2/repository/org/eclipse/jetty/jetty-webapp/9.4.43.v20210629/jetty-webapp-9.4.43.v20210629.jar:/home/runner/.m2/repository/org/eclipse/jetty/jetty-xml/9.4.43.v20210629/jetty-xml-9.4.43.v20210629.jar:/home/runner/.m2/repository/org/apache/hadoop/hadoop-common/3.3.1/hadoop-common-3.3.1.jar:/home/runner/.m2/repository/org/apache/commons/commons-math3/3.1.1/commons-math3-3.1.1.jar:/home/runner/.m2/repository/commons-net/commons-net/3.6/commons-net-3.6.jar:/home/runner/.m2/repository/jakarta/activation/jakarta.activation-api/1.2.1/jakarta.activation-api-1.2.1.jar:/home/runner/.m2/repository/com/sun/jersey/jersey-servlet/1.19/jersey-servlet-1.19.jar:/home/runner/.m2/repository/com/sun/jersey/jersey-json/1.19/jersey-json-1.19.jar:/home/runner/.m2/repository/org/codehaus/jettison/jettison/1.1/jettison-1.1.jar:/home/runner/.m2/repository/com/sun/xml/bind/jaxb-impl/2.2.3-1/jaxb-impl-2.2.3-1.jar:/home/runner/.m2/repository/org/codehaus/jackson/jackson-jaxrs/1.9.2/jackson-jaxrs-1.9.2.jar:/home/runner/.m2/repository/org/codehaus/jackson/jackson-xc/1.9.2/jackson-xc-1.9.2.jar:/home/runner/.m2/repository/org/apache/commons/commons-configuration2/2.1.1/commons-configuration2-2.1.1.jar:/home/runner/.m2/repository/org/apache/commons/commons-text/1.4/commons-text-1.4.jar:/home/runner/.m2/repository/com/google/re2j/re2j/1.1/re2j-1.1.jar:/home/runner/.m2/repository/com/jcraft/jsch/0.1.54/jsch-0.1.54.jar:/home/runner/.m2/repository/org/apache/curator/curator-client/4.2.0/curator-client-4.2.0.jar:/home/runner/.m2/repository/org/apache/curator/curator-recipes/4.2.0/curator-recipes-4.2.0.jar:/home/runner/.m2/repository/org/apache/kerby/kerb-core/1.0.1/kerb-core-1.0.1.jar:/home/runner/.m2/repository/org/apache/kerby/kerby-pkix/1.0.1/kerby-pkix-1.0.1.jar:/home/runner/.m2/repository/org/apache/kerby/kerby-asn1/1.0.1/kerby-asn1-1.0.1.jar:/home/runner/.m2/repository/org/apache/kerby/kerby-util/1.0.1/kerby-util-1.0.1.jar:/home/runner/.m2/repository/dnsjava/dnsjava/2.1.7/dnsjava-2.1.7.jar:/home/runner/.m2/repository/org/xerial/snappy/snappy-java/1.1.8.2/snappy-java-1.1.8.2.jar:/home/runner/.m2/repository/org/slf4j/jul-to-slf4j/1.7.30/jul-to-slf4j-1.7.30.jar:/home/runner/.m2/repository/org/eclipse/jetty/jetty-util/9.4.43.v20210629/jetty-util-9.4.43.v20210629.jar:/home/runner/.m2/repository/com/fasterxml/jackson/core/jackson-databind/2.12.1/jackson-databind-2.12.1.jar:/home/runner/.m2/repository/org/apache/hadoop/hadoop-kms/3.3.1/hadoop-kms-3.3.1-tests.jar:/home/runner/.m2/repository/org/apache/ozone/hdds-server-scm/1.3.0-SNAPSHOT/hdds-server-scm-1.3.0-SNAPSHOT-tests.jar:/home/runner/.m2/repository/org/apache/ozone/hdds-container-service/1.3.0-SNAPSHOT/hdds-container-service-1.3.0-SNAPSHOT-tests.jar:/home/runner/.m2/repository/commons-codec/commons-codec/1.11/commons-codec-1.11.jar:/home/runner/.m2/repository/io/netty/netty-transport/4.1.63.Final/netty-transport-4.1.63.Final.jar:/home/runner/.m2/repository/io/netty/netty-resolver/4.1.63.Final/netty-resolver-4.1.63.Final.jar:/home/runner/.m2/repository/io/netty/netty-codec/4.1.63.Final/netty-codec-4.1.63.Final.jar:/home/runner/.m2/repository/io/netty/netty-handler/4.1.63.Final/netty-handler-4.1.63.Final.jar:/home/runner/.m2/repository/org/apache/ozone/hdds-hadoop-dependency-test/1.3.0-SNAPSHOT/hdds-hadoop-dependency-test-1.3.0-SNAPSHOT.jar:/home/runner/.m2/repository/org/apache/hadoop/hadoop-common/3.3.1/hadoop-common-3.3.1-tests.jar:/home/runner/.m2/repository/org/assertj/assertj-core/3.12.2/assertj-core-3.12.2.jar:/home/runner/.m2/repository/org/apache/hadoop/hadoop-hdfs/3.3.1/hadoop-hdfs-3.3.1-tests.jar:/home/runner/.m2/repository/org/eclipse/jetty/jetty-util-ajax/9.4.43.v20210629/jetty-util-ajax-9.4.43.v20210629.jar:/home/runner/.m2/repository/commons-daemon/commons-daemon/1.0.13/commons-daemon-1.0.13.jar:/home/runner/.m2/repository/io/netty/netty/3.10.6.Final/netty-3.10.6.Final.jar:/home/runner/.m2/repository/io/netty/netty-all/4.1.63.Final/netty-all-4.1.63.Final.jar:/home/runner/.m2/repository/org/apache/htrace/htrace-core4/4.1.0-incubating/htrace-core4-4.1.0-incubating.jar:/home/runner/.m2/repository/org/fusesource/leveldbjni/leveldbjni-all/1.8/leveldbjni-all-1.8.jar:/home/runner/.m2/repository/org/apache/hadoop/hadoop-distcp/3.3.1/hadoop-distcp-3.3.1.jar:/home/runner/.m2/repository/org/apache/hadoop/hadoop-mapreduce-client-jobclient/3.3.1/hadoop-mapreduce-client-jobclient-3.3.1.jar:/home/runner/.m2/repository/org/apache/hadoop/hadoop-mapreduce-client-common/3.3.1/hadoop-mapreduce-client-common-3.3.1.jar:/home/runner/.m2/repository/org/apache/hadoop/hadoop-yarn-common/3.3.1/hadoop-yarn-common-3.3.1.jar:/home/runner/.m2/repository/org/apache/hadoop/hadoop-yarn-api/3.3.1/hadoop-yarn-api-3.3.1.jar:/home/runner/.m2/repository/com/sun/jersey/jersey-client/1.19/jersey-client-1.19.jar:/home/runner/.m2/repository/com/sun/jersey/contribs/jersey-guice/1.19/jersey-guice-1.19.jar:/home/runner/.m2/repository/com/fasterxml/jackson/jaxrs/jackson-jaxrs-json-provider/2.12.1/jackson-jaxrs-json-provider-2.12.1.jar:/home/runner/.m2/repository/com/fasterxml/jackson/jaxrs/jackson-jaxrs-base/2.12.1/jackson-jaxrs-base-2.12.1.jar:/home/runner/.m2/repository/org/apache/hadoop/hadoop-yarn-client/3.3.1/hadoop-yarn-client-3.3.1.jar:/home/runner/.m2/repository/org/eclipse/jetty/websocket/websocket-client/9.4.40.v20210413/websocket-client-9.4.40.v20210413.jar:/home/runner/.m2/repository/org/eclipse/jetty/jetty-client/9.4.40.v20210413/jetty-client-9.4.40.v20210413.jar:/home/runner/.m2/repository/org/eclipse/jetty/websocket/websocket-common/9.4.40.v20210413/websocket-common-9.4.40.v20210413.jar:/home/runner/.m2/repository/org/eclipse/jetty/websocket/websocket-api/9.4.40.v20210413/websocket-api-9.4.40.v20210413.jar:/home/runner/.m2/repository/org/jline/jline/3.9.0/jline-3.9.0.jar:/home/runner/.m2/repository/org/apache/hadoop/hadoop-mapreduce-client-core/3.3.1/hadoop-mapreduce-client-core-3.3.1.jar:/home/runner/.m2/repository/org/apache/avro/avro/1.7.7/avro-1.7.7.jar:/home/runner/.m2/repository/org/codehaus/jackson/jackson-core-asl/1.9.13/jackson-core-asl-1.9.13.jar:/home/runner/.m2/repository/org/codehaus/jackson/jackson-mapper-asl/1.9.13/jackson-mapper-asl-1.9.13.jar:/home/runner/.m2/repository/com/thoughtworks/paranamer/paranamer/2.3/paranamer-2.3.jar:/home/runner/.m2/repository/org/apache/hadoop/hadoop-annotations/3.3.1/hadoop-annotations-3.3.1.jar:/usr/lib/jvm/temurin-8-jdk-amd64/jre/../lib/tools.jar:/home/runner/.m2/repository/org/apache/hadoop/hadoop-distcp/3.3.1/hadoop-distcp-3.3.1-tests.jar:/home/runner/.m2/repository/org/apache/ratis/ratis-common/2.2.0/ratis-common-2.2.0.jar:/home/runner/.m2/repository/org/apache/ratis/ratis-thirdparty-misc/0.7.0/ratis-thirdparty-misc-0.7.0.jar:/home/runner/.m2/repository/org/apache/ratis/ratis-proto/2.2.0/ratis-proto-2.2.0.jar:"/>
    <property name="sun.cpu.endian" value="little"/>
    <property name="user.home" value="/home/runner"/>
    <property name="user.language" value="en"/>
    <property name="java.specification.vendor" value="Oracle Corporation"/>
    <property name="java.home" value="/usr/lib/jvm/temurin-8-jdk-amd64/jre"/>
    <property name="java.security.krb5.conf" value="/home/runner/work/ozone/ozone/hadoop-ozone/integration-test/target/test-classes/krb5.conf"/>
    <property name="basedir" value="/home/runner/work/ozone/ozone/hadoop-ozone/integration-test"/>
    <property name="file.separator" value="/"/>
    <property name="line.separator" value="&#10;"/>
    <property name="java.vm.specification.vendor" value="Oracle Corporation"/>
    <property name="java.specification.name" value="Java Platform API Specification"/>
    <property name="java.awt.graphicsenv" value="sun.awt.X11GraphicsEnvironment"/>
    <property name="skip.installnpx" value="true"/>
    <property name="surefire.real.class.path" value="/home/runner/work/ozone/ozone/hadoop-ozone/integration-test/target/surefire/surefirebooter949093308043982432.jar:/home/runner/.m2/repository/org/jacoco/org.jacoco.agent/0.8.5/org.jacoco.agent-0.8.5-runtime.jar"/>
    <property name="hadoop.log.dir" value="/home/runner/work/ozone/ozone/hadoop-ozone/integration-test/target/log"/>
    <property name="sun.boot.class.path" value="/usr/lib/jvm/temurin-8-jdk-amd64/jre/lib/resources.jar:/usr/lib/jvm/temurin-8-jdk-amd64/jre/lib/rt.jar:/usr/lib/jvm/temurin-8-jdk-amd64/jre/lib/sunrsasign.jar:/usr/lib/jvm/temurin-8-jdk-amd64/jre/lib/jsse.jar:/usr/lib/jvm/temurin-8-jdk-amd64/jre/lib/jce.jar:/usr/lib/jvm/temurin-8-jdk-amd64/jre/lib/charsets.jar:/usr/lib/jvm/temurin-8-jdk-amd64/jre/lib/jfr.jar:/usr/lib/jvm/temurin-8-jdk-amd64/jre/classes"/>
    <property name="sun.management.compiler" value="HotSpot 64-Bit Tiered Compilers"/>
    <property name="skip.npx" value="true"/>
    <property name="java.runtime.version" value="1.8.0_322-b06"/>
    <property name="java.net.preferIPv4Stack" value="true"/>
    <property name="user.name" value="runner"/>
    <property name="path.separator" value=":"/>
    <property name="java.security.egd" value="file:///dev/urandom"/>
    <property name="os.version" value="5.4.0-1070-azure"/>
    <property name="java.endorsed.dirs" value="/usr/lib/jvm/temurin-8-jdk-amd64/jre/lib/endorsed"/>
    <property name="java.runtime.name" value="OpenJDK Runtime Environment"/>
    <property name="file.encoding" value="UTF-8"/>
    <property name="java.vm.name" value="OpenJDK 64-Bit Server VM"/>
    <property name="test.build.webapps" value=""/>
    <property name="localRepository" value="/home/runner/.m2/repository"/>
    <property name="java.vendor.url.bug" value="https://github.com/adoptium/adoptium-support/issues"/>
    <property name="java.io.tmpdir" value="/tmp"/>
    <property name="require.test.libhadoop" value=""/>
    <property name="java.version" value="1.8.0_322"/>
    <property name="user.dir" value="/home/runner/work/ozone/ozone/hadoop-ozone/integration-test"/>
    <property name="os.arch" value="amd64"/>
    <property name="java.vm.specification.name" value="Java Virtual Machine Specification"/>
    <property name="test.build.classes" value="/home/runner/work/ozone/ozone/hadoop-ozone/integration-test/target/test-classes"/>
    <property name="java.awt.printerjob" value="sun.print.PSPrinterJob"/>
    <property name="sun.os.patch.level" value="unknown"/>
    <property name="hadoop.tmp.dir" value="/home/runner/work/ozone/ozone/hadoop-ozone/integration-test/target/tmp"/>
    <property name="java.library.path" value="/usr/java/packages/lib/amd64:/usr/lib64:/lib64:/lib:/usr/lib"/>
    <property name="java.vm.info" value="mixed mode"/>
    <property name="java.vendor" value="Temurin"/>
    <property name="java.vm.version" value="25.322-b06"/>
    <property name="java.ext.dirs" value="/usr/lib/jvm/temurin-8-jdk-amd64/jre/lib/ext:/usr/java/packages/lib/ext"/>
    <property name="sun.io.unicode.encoding" value="UnicodeLittle"/>
    <property name="java.class.version" value="52.0"/>
  </properties>
  <testcase name="testForceBootstrap" classname="org.apache.hadoop.ozone.om.TestAddRemoveOzoneManager" time="70.748"/>
  <testcase name="testBootstrapWithoutConfigUpdate" classname="org.apache.hadoop.ozone.om.TestAddRemoveOzoneManager" time="53.859">
    <failure type="java.lang.AssertionError">java.lang.AssertionError
	at org.junit.Assert.fail(Assert.java:87)
	at org.junit.Assert.fail(Assert.java:96)
	at org.apache.hadoop.ozone.om.TestAddRemoveOzoneManager.testBootstrapWithoutConfigUpdate(TestAddRemoveOzoneManager.java:265)
	at sun.reflect.NativeMethodAccessorImpl.invoke0(Native Method)
	at sun.reflect.NativeMethodAccessorImpl.invoke(NativeMethodAccessorImpl.java:62)
	at sun.reflect.DelegatingMethodAccessorImpl.invoke(DelegatingMethodAccessorImpl.java:43)
	at java.lang.reflect.Method.invoke(Method.java:498)
	at org.junit.runners.model.FrameworkMethod$1.runReflectiveCall(FrameworkMethod.java:59)
	at org.junit.internal.runners.model.ReflectiveCallable.run(ReflectiveCallable.java:12)
	at org.junit.runners.model.FrameworkMethod.invokeExplosively(FrameworkMethod.java:56)
	at org.junit.internal.runners.statements.InvokeMethod.evaluate(InvokeMethod.java:17)
	at org.junit.internal.runners.statements.RunAfters.evaluate(RunAfters.java:27)
	at org.junit.rules.ExpectedException$ExpectedExceptionStatement.evaluate(ExpectedException.java:258)
	at org.junit.internal.runners.statements.FailOnTimeout$CallableStatement.call(FailOnTimeout.java:288)
	at org.junit.internal.runners.statements.FailOnTimeout$CallableStatement.call(FailOnTimeout.java:282)
	at java.util.concurrent.FutureTask.run(FutureTask.java:266)
	at java.lang.Thread.run(Thread.java:750)
</failure>
    <system-out><![CDATA[2022-03-09 23:21:47,367 [Time-limited test] WARN  server.ServerUtils (ServerUtils.java:getScmDbDir(148)) - ozone.scm.db.dirs is not configured. We recommend adding this setting. Falling back to ozone.metadata.dirs instead.
2022-03-09 23:21:47,368 [Time-limited test] INFO  ha.SCMHANodeDetails (SCMHANodeDetails.java:loadSCMHAConfig(157)) - ServiceID for StorageContainerManager is scmServiceId
2022-03-09 23:21:47,368 [Time-limited test] INFO  ha.SCMHANodeDetails (SCMHANodeDetails.java:loadSCMHAConfig(168)) - ServiceID for StorageContainerManager is scmServiceId
2022-03-09 23:21:47,368 [Time-limited test] INFO  ha.SCMHANodeDetails (SCMHANodeDetails.java:loadSCMHAConfig(250)) - Found matching SCM address with SCMServiceId: scmServiceId, SCMNodeId: scmNode-1, RPC Address: localhost:39949 and Ratis port: 39949
2022-03-09 23:21:47,368 [Time-limited test] INFO  ha.SCMHANodeDetails (ConfUtils.java:setNodeSpecificConfigs(108)) - Setting configuration key ozone.scm.datanode.address with value of key ozone.scm.datanode.address.scmServiceId.scmNode-1: 127.0.0.1:42271
2022-03-09 23:21:47,380 [Time-limited test] INFO  ha.SCMHANodeDetails (ConfUtils.java:setNodeSpecificConfigs(108)) - Setting configuration key ozone.scm.block.client.address with value of key ozone.scm.block.client.address.scmServiceId.scmNode-1: 127.0.0.1:40661
2022-03-09 23:21:47,380 [Time-limited test] INFO  ha.SCMHANodeDetails (ConfUtils.java:setNodeSpecificConfigs(108)) - Setting configuration key ozone.scm.client.address with value of key ozone.scm.client.address.scmServiceId.scmNode-1: 127.0.0.1:42627
2022-03-09 23:21:47,380 [Time-limited test] INFO  ha.SCMHANodeDetails (ConfUtils.java:setNodeSpecificConfigs(108)) - Setting configuration key ozone.scm.ratis.port with value of key ozone.scm.ratis.port.scmServiceId.scmNode-1: 39949
2022-03-09 23:21:47,380 [Time-limited test] INFO  ha.SCMHANodeDetails (ConfUtils.java:setNodeSpecificConfigs(108)) - Setting configuration key ozone.scm.grpc.port with value of key ozone.scm.grpc.port.scmServiceId.scmNode-1: 32849
2022-03-09 23:21:47,380 [Time-limited test] INFO  ha.SCMHANodeDetails (ConfUtils.java:setNodeSpecificConfigs(108)) - Setting configuration key ozone.scm.http-address with value of key ozone.scm.http-address.scmServiceId.scmNode-1: 127.0.0.1:38691
2022-03-09 23:21:47,380 [Time-limited test] INFO  ha.SCMHANodeDetails (ConfUtils.java:setNodeSpecificConfigs(108)) - Setting configuration key ozone.scm.https-address with value of key ozone.scm.https-address.scmServiceId.scmNode-1: 127.0.0.1:39317
2022-03-09 23:21:47,380 [Time-limited test] INFO  ha.SCMHANodeDetails (ConfUtils.java:setNodeSpecificConfigs(108)) - Setting configuration key ozone.scm.address with value of key ozone.scm.address.scmServiceId.scmNode-1: 127.0.0.1
2022-03-09 23:21:47,381 [Time-limited test] WARN  scm.ScmUtils (ScmUtils.java:logWarn(179)) - ConfigKey ozone.scm.block.client.address is deprecated, For configuring different ports for each SCM use PortConfigKey ozone.scm.block.client.port appended with serviceId and nodeId. If want to configure same port configure ozone.scm.block.client.port
2022-03-09 23:21:47,381 [Time-limited test] WARN  scm.ScmUtils (ScmUtils.java:logWarn(179)) - ConfigKey ozone.scm.client.address is deprecated, For configuring different ports for each SCM use PortConfigKey ozone.scm.client.port appended with serviceId and nodeId. If want to configure same port configure ozone.scm.client.port
2022-03-09 23:21:47,381 [Time-limited test] WARN  scm.ScmUtils (ScmUtils.java:logWarn(179)) - ConfigKey ozone.scm.datanode.address is deprecated, For configuring different ports for each SCM use PortConfigKey ozone.scm.datanode.port appended with serviceId and nodeId. If want to configure same port configure ozone.scm.datanode.port
2022-03-09 23:21:47,391 [Time-limited test] INFO  server.RaftServer (ConfUtils.java:logGet(44)) - raft.rpc.type = GRPC (default)
2022-03-09 23:21:47,392 [Time-limited test] INFO  grpc.GrpcFactory (GrpcFactory.java:checkPooledByteBufAllocatorUseCacheForAllThreads(48)) - PERFORMANCE WARNING: useCacheForAllThreads is true that may cause Netty to create a lot garbage objects and, as a result, trigger GC.
	It is recommended to disable useCacheForAllThreads by setting -Dorg.apache.ratis.thirdparty.io.netty.allocator.useCacheForAllThreads=false in command line.
2022-03-09 23:21:47,392 [Time-limited test] INFO  grpc.GrpcConfigKeys (ConfUtils.java:logGet(44)) - raft.grpc.admin.port = -1 (default)
2022-03-09 23:21:47,392 [Time-limited test] INFO  grpc.GrpcConfigKeys (ConfUtils.java:logGet(44)) - raft.grpc.server.port = 39949 (custom)
2022-03-09 23:21:47,392 [Time-limited test] INFO  grpc.GrpcConfigKeys (ConfUtils.java:logGet(44)) - raft.grpc.client.port = -1 (default)
2022-03-09 23:21:47,392 [Time-limited test] INFO  grpc.GrpcConfigKeys (ConfUtils.java:logGet(44)) - raft.grpc.server.port = 39949 (custom)
2022-03-09 23:21:47,392 [Time-limited test] INFO  grpc.GrpcConfigKeys (ConfUtils.java:logGet(44)) - raft.grpc.server.port = 39949 (custom)
2022-03-09 23:21:47,392 [Time-limited test] INFO  server.GrpcService (ConfUtils.java:logGet(44)) - raft.grpc.message.size.max = 32m (=33554432) (custom)
2022-03-09 23:21:47,392 [Time-limited test] INFO  server.RaftServerConfigKeys (ConfUtils.java:logGet(44)) - raft.server.log.appender.buffer.byte-limit = 33554432 (custom)
2022-03-09 23:21:47,392 [Time-limited test] INFO  server.GrpcService (ConfUtils.java:logGet(44)) - raft.grpc.flow.control.window = 1MB (=1048576) (default)
2022-03-09 23:21:47,392 [Time-limited test] INFO  server.RaftServerConfigKeys (ConfUtils.java:logGet(44)) - raft.server.rpc.request.timeout = 30000ms (custom)
2022-03-09 23:21:47,393 [Time-limited test] INFO  impl.DataStreamServerImpl (ConfUtils.java:logGet(44)) - raft.datastream.type = DISABLED (default)
2022-03-09 23:21:47,393 [Time-limited test] INFO  server.RaftServerConfigKeys (ConfUtils.java:logGet(44)) - raft.server.rpc.slowness.timeout = 120000ms (custom)
2022-03-09 23:21:47,393 [Time-limited test] INFO  server.RaftServerConfigKeys (ConfUtils.java:logGet(44)) - raft.server.leaderelection.leader.step-down.wait-time = 10s (default)
2022-03-09 23:21:47,394 [Time-limited test] INFO  server.RaftServerConfigKeys (ConfUtils.java:logGet(44)) - raft.server.storage.dir = [/home/runner/work/ozone/ozone/hadoop-ozone/integration-test/target/test-dir/MiniOzoneClusterImpl-4dc72195-aa51-421e-b53c-5a05ad500575/scmNode-1/scm-ha] (custom)
2022-03-09 23:21:47,412 [Time-limited test] INFO  server.RaftServer (RaftServerProxy.java:addNew(95)) - b64818b1-8873-42dd-a727-ccc2cc2b6dc9: addNew group-5A05AD500575:[b64818b1-8873-42dd-a727-ccc2cc2b6dc9|rpc:localhost:39949|priority:0] returns group-5A05AD500575:java.util.concurrent.CompletableFuture@4294b7b0[Not completed]
2022-03-09 23:21:47,412 [pool-236-thread-1] INFO  server.RaftServer$Division (RaftServerImpl.java:<init>(184)) - b64818b1-8873-42dd-a727-ccc2cc2b6dc9: new RaftServerImpl for group-5A05AD500575:[b64818b1-8873-42dd-a727-ccc2cc2b6dc9|rpc:localhost:39949|priority:0] with SCMStateMachine:uninitialized
2022-03-09 23:21:47,413 [pool-236-thread-1] INFO  server.RaftServerConfigKeys (ConfUtils.java:logGet(44)) - raft.server.rpc.timeout.min = 5000ms (custom)
2022-03-09 23:21:47,413 [pool-236-thread-1] INFO  server.RaftServerConfigKeys (ConfUtils.java:logGet(44)) - raft.server.rpc.timeout.max = 5200ms (custom)
2022-03-09 23:21:47,413 [pool-236-thread-1] INFO  server.RaftServerConfigKeys (ConfUtils.java:logGet(44)) - raft.server.rpc.sleep.time = 25ms (default)
2022-03-09 23:21:47,413 [pool-236-thread-1] INFO  server.RaftServerConfigKeys (ConfUtils.java:logGet(44)) - raft.server.rpc.slowness.timeout = 120000ms (custom)
2022-03-09 23:21:47,413 [pool-236-thread-1] INFO  server.RaftServerConfigKeys (ConfUtils.java:logGet(44)) - raft.server.leaderelection.leader.step-down.wait-time = 10s (default)
2022-03-09 23:21:47,413 [pool-236-thread-1] INFO  server.RaftServerConfigKeys (ConfUtils.java:logGet(44)) - raft.server.sleep.deviation.threshold = 300ms (default)
2022-03-09 23:21:47,413 [pool-236-thread-1] INFO  server.RaftServerConfigKeys (ConfUtils.java:logGet(44)) - raft.server.log.appender.install.snapshot.enabled = false (custom)
2022-03-09 23:21:47,413 [pool-236-thread-1] INFO  server.RaftServer$Division (ServerState.java:<init>(105)) - b64818b1-8873-42dd-a727-ccc2cc2b6dc9@group-5A05AD500575: ConfigurationManager, init=-1: [b64818b1-8873-42dd-a727-ccc2cc2b6dc9|rpc:localhost:39949|priority:0], old=null, confs=<EMPTY_MAP>
2022-03-09 23:21:47,413 [pool-236-thread-1] INFO  server.RaftServerConfigKeys (ConfUtils.java:logGet(44)) - raft.server.storage.dir = [/home/runner/work/ozone/ozone/hadoop-ozone/integration-test/target/test-dir/MiniOzoneClusterImpl-4dc72195-aa51-421e-b53c-5a05ad500575/scmNode-1/scm-ha] (custom)
2022-03-09 23:21:47,413 [pool-236-thread-1] INFO  server.RaftServerConfigKeys (ConfUtils.java:logGet(44)) - raft.server.log.corruption.policy = EXCEPTION (default)
2022-03-09 23:21:47,413 [pool-236-thread-1] INFO  server.RaftServerConfigKeys (ConfUtils.java:logGet(44)) - raft.server.storage.free-space.min = 0MB (=0) (default)
2022-03-09 23:21:47,413 [pool-236-thread-1] INFO  storage.RaftStorageDirectory (RaftStorageDirectoryImpl.java:analyzeStorage(135)) - The storage directory /home/runner/work/ozone/ozone/hadoop-ozone/integration-test/target/test-dir/MiniOzoneClusterImpl-4dc72195-aa51-421e-b53c-5a05ad500575/scmNode-1/scm-ha/4dc72195-aa51-421e-b53c-5a05ad500575 does not exist. Creating ...
2022-03-09 23:21:47,416 [pool-236-thread-1] INFO  storage.RaftStorageDirectory (RaftStorageDirectoryImpl.java:tryLock(230)) - Lock on /home/runner/work/ozone/ozone/hadoop-ozone/integration-test/target/test-dir/MiniOzoneClusterImpl-4dc72195-aa51-421e-b53c-5a05ad500575/scmNode-1/scm-ha/4dc72195-aa51-421e-b53c-5a05ad500575/in_use.lock acquired by nodename 18126@fv-az184-819
2022-03-09 23:21:47,417 [pool-236-thread-1] INFO  storage.RaftStorage (RaftStorageImpl.java:format(89)) - Storage directory /home/runner/work/ozone/ozone/hadoop-ozone/integration-test/target/test-dir/MiniOzoneClusterImpl-4dc72195-aa51-421e-b53c-5a05ad500575/scmNode-1/scm-ha/4dc72195-aa51-421e-b53c-5a05ad500575 has been successfully formatted.
2022-03-09 23:21:47,417 [pool-236-thread-1] INFO  server.RaftServerConfigKeys (ConfUtils.java:logGet(44)) - raft.server.notification.no-leader.timeout = 60s (default)
2022-03-09 23:21:47,418 [pool-236-thread-1] INFO  server.RaftServerConfigKeys (ConfUtils.java:logGet(44)) - raft.server.log.use.memory = false (default)
2022-03-09 23:21:47,418 [pool-236-thread-1] INFO  server.RaftServerConfigKeys (ConfUtils.java:logGet(44)) - raft.server.log.purge.gap = 1000000 (custom)
2022-03-09 23:21:47,418 [pool-236-thread-1] INFO  server.RaftServerConfigKeys (ConfUtils.java:logGet(44)) - raft.server.log.appender.buffer.byte-limit = 33554432 (custom)
2022-03-09 23:21:47,418 [pool-236-thread-1] INFO  server.RaftServerConfigKeys (ConfUtils.java:logGet(44)) - raft.server.log.segment.size.max = 4194304 (custom)
2022-03-09 23:21:47,418 [pool-236-thread-1] INFO  server.RaftServerConfigKeys (ConfUtils.java:logGet(44)) - raft.server.log.segment.cache.num.max = 2 (custom)
2022-03-09 23:21:47,418 [pool-236-thread-1] INFO  server.RaftServerConfigKeys (ConfUtils.java:logGet(44)) - raft.server.log.segment.cache.size.max = 200MB (=209715200) (default)
2022-03-09 23:21:47,419 [pool-236-thread-1] INFO  segmented.SegmentedRaftLogWorker (SegmentedRaftLogWorker.java:<init>(182)) - new b64818b1-8873-42dd-a727-ccc2cc2b6dc9@group-5A05AD500575-SegmentedRaftLogWorker for RaftStorageImpl:Storage Directory /home/runner/work/ozone/ozone/hadoop-ozone/integration-test/target/test-dir/MiniOzoneClusterImpl-4dc72195-aa51-421e-b53c-5a05ad500575/scmNode-1/scm-ha/4dc72195-aa51-421e-b53c-5a05ad500575
2022-03-09 23:21:47,419 [pool-236-thread-1] INFO  server.RaftServerConfigKeys (ConfUtils.java:logGet(44)) - raft.server.log.queue.byte-limit = 64MB (=67108864) (default)
2022-03-09 23:21:47,419 [pool-236-thread-1] INFO  server.RaftServerConfigKeys (ConfUtils.java:logGet(44)) - raft.server.log.queue.element-limit = 4096 (default)
2022-03-09 23:21:47,419 [pool-236-thread-1] INFO  server.RaftServerConfigKeys (ConfUtils.java:logGet(44)) - raft.server.log.segment.size.max = 4194304 (custom)
2022-03-09 23:21:47,419 [pool-236-thread-1] INFO  server.RaftServerConfigKeys (ConfUtils.java:logGet(44)) - raft.server.log.preallocated.size = 4194304 (custom)
2022-03-09 23:21:47,419 [pool-236-thread-1] INFO  server.RaftServerConfigKeys (ConfUtils.java:logGet(44)) - raft.server.log.force.sync.num = 128 (default)
2022-03-09 23:21:47,419 [pool-236-thread-1] INFO  server.RaftServerConfigKeys (ConfUtils.java:logGet(44)) - raft.server.log.statemachine.data.sync = true (default)
2022-03-09 23:21:47,419 [pool-236-thread-1] INFO  server.RaftServerConfigKeys (ConfUtils.java:logGet(44)) - raft.server.log.statemachine.data.sync.timeout = 10s (default)
2022-03-09 23:21:47,419 [pool-236-thread-1] INFO  server.RaftServerConfigKeys (ConfUtils.java:logGet(44)) - raft.server.log.statemachine.data.sync.timeout.retry = -1 (default)
2022-03-09 23:21:47,420 [pool-236-thread-1] INFO  server.RaftServerConfigKeys (ConfUtils.java:logGet(44)) - raft.server.log.write.buffer.size = 64KB (=65536) (default)
2022-03-09 23:21:47,420 [pool-236-thread-1] INFO  server.RaftServerConfigKeys (ConfUtils.java:logGet(44)) - raft.server.log.statemachine.data.caching.enabled = false (default)
2022-03-09 23:21:47,420 [pool-236-thread-1] INFO  segmented.SegmentedRaftLogWorker (SegmentedRaftLogWorker.java:lambda$new$0(133)) - b64818b1-8873-42dd-a727-ccc2cc2b6dc9@group-5A05AD500575-SegmentedRaftLogWorker: flushIndex: setUnconditionally 0 -> -1
2022-03-09 23:21:47,420 [pool-236-thread-1] INFO  segmented.SegmentedRaftLogWorker (SegmentedRaftLogWorker.java:lambda$new$0(133)) - b64818b1-8873-42dd-a727-ccc2cc2b6dc9@group-5A05AD500575-SegmentedRaftLogWorker: safeCacheEvictIndex: setUnconditionally 0 -> -1
2022-03-09 23:21:47,432 [pool-236-thread-1] INFO  server.RaftServerConfigKeys (ConfUtils.java:logGet(44)) - raft.server.snapshot.auto.trigger.enabled = true (custom)
2022-03-09 23:21:47,432 [pool-236-thread-1] INFO  server.RaftServerConfigKeys (ConfUtils.java:logGet(44)) - raft.server.snapshot.auto.trigger.threshold = 1000 (custom)
2022-03-09 23:21:47,432 [pool-236-thread-1] INFO  server.RaftServerConfigKeys (ConfUtils.java:logGet(44)) - raft.server.snapshot.retention.file.num = -1 (default)
2022-03-09 23:21:47,432 [pool-236-thread-1] INFO  server.RaftServerConfigKeys (ConfUtils.java:logGet(44)) - raft.server.log.purge.upto.snapshot.index = false (default)
2022-03-09 23:21:47,432 [pool-236-thread-1] INFO  server.RaftServerConfigKeys (ConfUtils.java:logGet(44)) - raft.server.retrycache.expirytime = 60000ms (default)
2022-03-09 23:21:47,432 [pool-236-thread-1] INFO  server.RaftServerConfigKeys (ConfUtils.java:logGet(44)) - raft.server.retrycache.statistics.expirytime = 100μs (default)
2022-03-09 23:21:47,433 [Time-limited test] INFO  server.RaftServer$Division (RaftServerImpl.java:start(301)) - b64818b1-8873-42dd-a727-ccc2cc2b6dc9@group-5A05AD500575: start as a follower, conf=-1: [b64818b1-8873-42dd-a727-ccc2cc2b6dc9|rpc:localhost:39949|priority:0], old=null
2022-03-09 23:21:47,434 [Time-limited test] INFO  server.RaftServer$Division (RaftServerImpl.java:setRole(290)) - b64818b1-8873-42dd-a727-ccc2cc2b6dc9@group-5A05AD500575: changes role from      null to FOLLOWER at term 0 for startAsFollower
2022-03-09 23:21:47,434 [Time-limited test] INFO  impl.RoleInfo (RoleInfo.java:updateAndGet(130)) - b64818b1-8873-42dd-a727-ccc2cc2b6dc9: start b64818b1-8873-42dd-a727-ccc2cc2b6dc9@group-5A05AD500575-FollowerState
2022-03-09 23:21:47,448 [Time-limited test] INFO  util.JmxRegister (JmxRegister.java:tryRegister(44)) - Successfully registered JMX Bean with object name Ratis:service=RaftServer,group=group-5A05AD500575,id=b64818b1-8873-42dd-a727-ccc2cc2b6dc9
2022-03-09 23:21:47,462 [Time-limited test] INFO  server.RaftServer (RaftServerProxy.java:lambda$start$5(374)) - b64818b1-8873-42dd-a727-ccc2cc2b6dc9: start RPC server
2022-03-09 23:21:47,463 [Time-limited test] INFO  server.GrpcService (GrpcService.java:startImpl(253)) - b64818b1-8873-42dd-a727-ccc2cc2b6dc9: GrpcService started, listening on 39949
2022-03-09 23:21:47,477 [org.apache.ratis.util.JvmPauseMonitor$$Lambda$435/1210881341@e9c345f] INFO  util.JvmPauseMonitor (JvmPauseMonitor.java:run(103)) - JvmPauseMonitor-b64818b1-8873-42dd-a727-ccc2cc2b6dc9: Started
2022-03-09 23:21:47,506 [EndpointStateMachine task thread for /127.0.0.1:43683 - 0 ] INFO  ipc.Client (Client.java:handleConnectionFailure(977)) - Retrying connect to server: localhost/127.0.0.1:43683. Already tried 4 time(s); retry policy is RetryUpToMaximumCountWithFixedSleep(maxRetries=15, sleepTime=1000 MILLISECONDS)
2022-03-09 23:21:48,507 [EndpointStateMachine task thread for /127.0.0.1:43683 - 0 ] INFO  ipc.Client (Client.java:handleConnectionFailure(977)) - Retrying connect to server: localhost/127.0.0.1:43683. Already tried 5 time(s); retry policy is RetryUpToMaximumCountWithFixedSleep(maxRetries=15, sleepTime=1000 MILLISECONDS)
2022-03-09 23:21:49,507 [EndpointStateMachine task thread for /127.0.0.1:43683 - 0 ] INFO  ipc.Client (Client.java:handleConnectionFailure(977)) - Retrying connect to server: localhost/127.0.0.1:43683. Already tried 6 time(s); retry policy is RetryUpToMaximumCountWithFixedSleep(maxRetries=15, sleepTime=1000 MILLISECONDS)
2022-03-09 23:21:50,508 [EndpointStateMachine task thread for /127.0.0.1:43683 - 0 ] INFO  ipc.Client (Client.java:handleConnectionFailure(977)) - Retrying connect to server: localhost/127.0.0.1:43683. Already tried 7 time(s); retry policy is RetryUpToMaximumCountWithFixedSleep(maxRetries=15, sleepTime=1000 MILLISECONDS)
2022-03-09 23:21:51,509 [EndpointStateMachine task thread for /127.0.0.1:43683 - 0 ] INFO  ipc.Client (Client.java:handleConnectionFailure(977)) - Retrying connect to server: localhost/127.0.0.1:43683. Already tried 8 time(s); retry policy is RetryUpToMaximumCountWithFixedSleep(maxRetries=15, sleepTime=1000 MILLISECONDS)
2022-03-09 23:21:52,457 [b64818b1-8873-42dd-a727-ccc2cc2b6dc9@group-5A05AD500575-FollowerState] INFO  impl.FollowerState (FollowerState.java:run(134)) - b64818b1-8873-42dd-a727-ccc2cc2b6dc9@group-5A05AD500575-FollowerState: change to CANDIDATE, lastRpcElapsedTime:5023542364ns, electionTimeout:5009ms
2022-03-09 23:21:52,458 [b64818b1-8873-42dd-a727-ccc2cc2b6dc9@group-5A05AD500575-FollowerState] INFO  impl.RoleInfo (RoleInfo.java:shutdownFollowerState(108)) - b64818b1-8873-42dd-a727-ccc2cc2b6dc9: shutdown b64818b1-8873-42dd-a727-ccc2cc2b6dc9@group-5A05AD500575-FollowerState
2022-03-09 23:21:52,458 [b64818b1-8873-42dd-a727-ccc2cc2b6dc9@group-5A05AD500575-FollowerState] INFO  server.RaftServer$Division (RaftServerImpl.java:setRole(290)) - b64818b1-8873-42dd-a727-ccc2cc2b6dc9@group-5A05AD500575: changes role from  FOLLOWER to CANDIDATE at term 0 for changeToCandidate
2022-03-09 23:21:52,458 [b64818b1-8873-42dd-a727-ccc2cc2b6dc9@group-5A05AD500575-FollowerState] INFO  server.RaftServerConfigKeys (ConfUtils.java:logGet(44)) - raft.server.leaderelection.pre-vote = false (custom)
2022-03-09 23:21:52,458 [b64818b1-8873-42dd-a727-ccc2cc2b6dc9@group-5A05AD500575-FollowerState] INFO  impl.RoleInfo (RoleInfo.java:updateAndGet(130)) - b64818b1-8873-42dd-a727-ccc2cc2b6dc9: start b64818b1-8873-42dd-a727-ccc2cc2b6dc9@group-5A05AD500575-LeaderElection20
2022-03-09 23:21:52,478 [b64818b1-8873-42dd-a727-ccc2cc2b6dc9@group-5A05AD500575-LeaderElection20] INFO  impl.LeaderElection (LeaderElection.java:askForVotes(306)) - b64818b1-8873-42dd-a727-ccc2cc2b6dc9@group-5A05AD500575-LeaderElection20 ELECTION round 0: submit vote requests at term 1 for -1: [b64818b1-8873-42dd-a727-ccc2cc2b6dc9|rpc:localhost:39949|priority:0], old=null
2022-03-09 23:21:52,478 [b64818b1-8873-42dd-a727-ccc2cc2b6dc9@group-5A05AD500575-LeaderElection20] INFO  impl.LeaderElection (LeaderElection.java:askForVotes(308)) - b64818b1-8873-42dd-a727-ccc2cc2b6dc9@group-5A05AD500575-LeaderElection20 ELECTION round 0: result PASSED (term=1)
2022-03-09 23:21:52,478 [b64818b1-8873-42dd-a727-ccc2cc2b6dc9@group-5A05AD500575-LeaderElection20] INFO  impl.RoleInfo (RoleInfo.java:shutdownLeaderElection(121)) - b64818b1-8873-42dd-a727-ccc2cc2b6dc9: shutdown b64818b1-8873-42dd-a727-ccc2cc2b6dc9@group-5A05AD500575-LeaderElection20
2022-03-09 23:21:52,478 [b64818b1-8873-42dd-a727-ccc2cc2b6dc9@group-5A05AD500575-LeaderElection20] INFO  server.RaftServer$Division (RaftServerImpl.java:setRole(290)) - b64818b1-8873-42dd-a727-ccc2cc2b6dc9@group-5A05AD500575: changes role from CANDIDATE to LEADER at term 1 for changeToLeader
2022-03-09 23:21:52,478 [b64818b1-8873-42dd-a727-ccc2cc2b6dc9@group-5A05AD500575-LeaderElection20] INFO  server.RaftServer$Division (ServerState.java:setLeader(285)) - b64818b1-8873-42dd-a727-ccc2cc2b6dc9@group-5A05AD500575: change Leader from null to b64818b1-8873-42dd-a727-ccc2cc2b6dc9 at term 1 for becomeLeader, leader elected after 5061ms
2022-03-09 23:21:52,479 [b64818b1-8873-42dd-a727-ccc2cc2b6dc9@group-5A05AD500575-LeaderElection20] INFO  server.RaftServerConfigKeys (ConfUtils.java:logGet(44)) - raft.server.staging.catchup.gap = 1000 (default)
2022-03-09 23:21:52,479 [b64818b1-8873-42dd-a727-ccc2cc2b6dc9@group-5A05AD500575-LeaderElection20] INFO  server.RaftServerConfigKeys (ConfUtils.java:logGet(44)) - raft.server.write.element-limit = 4096 (default)
2022-03-09 23:21:52,479 [b64818b1-8873-42dd-a727-ccc2cc2b6dc9@group-5A05AD500575-LeaderElection20] INFO  server.RaftServerConfigKeys (ConfUtils.java:logGet(44)) - raft.server.write.byte-limit = 64MB (=67108864) (default)
2022-03-09 23:21:52,479 [b64818b1-8873-42dd-a727-ccc2cc2b6dc9@group-5A05AD500575-LeaderElection20] INFO  server.RaftServerConfigKeys (ConfUtils.java:logGet(44)) - raft.server.watch.timeout = 10s (default)
2022-03-09 23:21:52,479 [b64818b1-8873-42dd-a727-ccc2cc2b6dc9@group-5A05AD500575-LeaderElection20] INFO  server.RaftServerConfigKeys (ConfUtils.java:logGet(44)) - raft.server.watch.timeout.denomination = 1s (default)
2022-03-09 23:21:52,479 [b64818b1-8873-42dd-a727-ccc2cc2b6dc9@group-5A05AD500575-LeaderElection20] INFO  server.RaftServerConfigKeys (ConfUtils.java:logGet(44)) - raft.server.watch.element-limit = 65536 (default)
2022-03-09 23:21:52,480 [b64818b1-8873-42dd-a727-ccc2cc2b6dc9@group-5A05AD500575-LeaderElection20] INFO  server.RaftServerConfigKeys (ConfUtils.java:logGet(44)) - raft.server.write.element-limit = 4096 (default)
2022-03-09 23:21:52,480 [b64818b1-8873-42dd-a727-ccc2cc2b6dc9@group-5A05AD500575-LeaderElection20] INFO  server.RaftServerConfigKeys (ConfUtils.java:logGet(44)) - raft.server.write.follower.gap.ratio.max = -1.0 (default)
2022-03-09 23:21:52,480 [b64818b1-8873-42dd-a727-ccc2cc2b6dc9@group-5A05AD500575-LeaderElection20] INFO  impl.RoleInfo (RoleInfo.java:updateAndGet(130)) - b64818b1-8873-42dd-a727-ccc2cc2b6dc9: start b64818b1-8873-42dd-a727-ccc2cc2b6dc9@group-5A05AD500575-LeaderStateImpl
2022-03-09 23:21:52,480 [b64818b1-8873-42dd-a727-ccc2cc2b6dc9@group-5A05AD500575-LeaderElection20] INFO  segmented.SegmentedRaftLogWorker (SegmentedRaftLogWorker.java:startLogSegment(394)) - b64818b1-8873-42dd-a727-ccc2cc2b6dc9@group-5A05AD500575-SegmentedRaftLogWorker: Starting segment from index:0
2022-03-09 23:21:52,485 [b64818b1-8873-42dd-a727-ccc2cc2b6dc9@group-5A05AD500575-LeaderElection20] INFO  server.RaftServer$Division (ServerState.java:setRaftConf(387)) - b64818b1-8873-42dd-a727-ccc2cc2b6dc9@group-5A05AD500575: set configuration 0: [b64818b1-8873-42dd-a727-ccc2cc2b6dc9|rpc:localhost:39949|admin:|client:|dataStream:|priority:0], old=null
2022-03-09 23:21:52,490 [b64818b1-8873-42dd-a727-ccc2cc2b6dc9@group-5A05AD500575-SegmentedRaftLogWorker] INFO  segmented.SegmentedRaftLogWorker (SegmentedRaftLogWorker.java:execute(601)) - b64818b1-8873-42dd-a727-ccc2cc2b6dc9@group-5A05AD500575-SegmentedRaftLogWorker: created new log segment /home/runner/work/ozone/ozone/hadoop-ozone/integration-test/target/test-dir/MiniOzoneClusterImpl-4dc72195-aa51-421e-b53c-5a05ad500575/scmNode-1/scm-ha/4dc72195-aa51-421e-b53c-5a05ad500575/current/log_inprogress_0
2022-03-09 23:21:52,510 [EndpointStateMachine task thread for /127.0.0.1:43683 - 0 ] INFO  ipc.Client (Client.java:handleConnectionFailure(977)) - Retrying connect to server: localhost/127.0.0.1:43683. Already tried 9 time(s); retry policy is RetryUpToMaximumCountWithFixedSleep(maxRetries=15, sleepTime=1000 MILLISECONDS)
2022-03-09 23:21:53,477 [Time-limited test] INFO  server.RaftServer (RaftServerProxy.java:lambda$close$6(391)) - b64818b1-8873-42dd-a727-ccc2cc2b6dc9: close
2022-03-09 23:21:53,477 [Time-limited test] INFO  server.RaftServer$Division (RaftServerImpl.java:lambda$close$4(412)) - b64818b1-8873-42dd-a727-ccc2cc2b6dc9@group-5A05AD500575: shutdown
2022-03-09 23:21:53,478 [Time-limited test] INFO  util.JmxRegister (JmxRegister.java:unregister(73)) - Successfully un-registered JMX Bean with object name Ratis:service=RaftServer,group=group-5A05AD500575,id=b64818b1-8873-42dd-a727-ccc2cc2b6dc9
2022-03-09 23:21:53,478 [Time-limited test] INFO  impl.RoleInfo (RoleInfo.java:shutdownLeaderState(91)) - b64818b1-8873-42dd-a727-ccc2cc2b6dc9: shutdown b64818b1-8873-42dd-a727-ccc2cc2b6dc9@group-5A05AD500575-LeaderStateImpl
2022-03-09 23:21:53,478 [Time-limited test] INFO  impl.PendingRequests (PendingRequests.java:sendNotLeaderResponses(282)) - b64818b1-8873-42dd-a727-ccc2cc2b6dc9@group-5A05AD500575-PendingRequests: sendNotLeaderResponses
2022-03-09 23:21:53,478 [Time-limited test] INFO  impl.StateMachineUpdater (StateMachineUpdater.java:stopAndJoin(149)) - b64818b1-8873-42dd-a727-ccc2cc2b6dc9@group-5A05AD500575-StateMachineUpdater: set stopIndex = 0
2022-03-09 23:21:53,479 [b64818b1-8873-42dd-a727-ccc2cc2b6dc9@group-5A05AD500575-StateMachineUpdater] INFO  impl.StateMachineUpdater (StateMachineUpdater.java:takeSnapshot(281)) - b64818b1-8873-42dd-a727-ccc2cc2b6dc9@group-5A05AD500575-StateMachineUpdater: Took a snapshot at index 0
2022-03-09 23:21:53,479 [b64818b1-8873-42dd-a727-ccc2cc2b6dc9@group-5A05AD500575-StateMachineUpdater] INFO  impl.StateMachineUpdater (StateMachineUpdater.java:lambda$new$0(89)) - b64818b1-8873-42dd-a727-ccc2cc2b6dc9@group-5A05AD500575-StateMachineUpdater: snapshotIndex: updateIncreasingly -1 -> 0
2022-03-09 23:21:53,480 [Time-limited test] INFO  server.RaftServer$Division (ServerState.java:close(419)) - b64818b1-8873-42dd-a727-ccc2cc2b6dc9@group-5A05AD500575: closes. applyIndex: 0
2022-03-09 23:21:53,480 [b64818b1-8873-42dd-a727-ccc2cc2b6dc9@group-5A05AD500575-SegmentedRaftLogWorker] INFO  segmented.SegmentedRaftLogWorker (SegmentedRaftLogWorker.java:run(327)) - b64818b1-8873-42dd-a727-ccc2cc2b6dc9@group-5A05AD500575-SegmentedRaftLogWorker was interrupted, exiting. There are 0 tasks remaining in the queue.
2022-03-09 23:21:53,482 [Time-limited test] INFO  segmented.SegmentedRaftLogWorker (SegmentedRaftLogWorker.java:close(237)) - b64818b1-8873-42dd-a727-ccc2cc2b6dc9@group-5A05AD500575-SegmentedRaftLogWorker close()
2022-03-09 23:21:53,482 [Time-limited test] INFO  server.GrpcService (GrpcService.java:closeImpl(262)) - b64818b1-8873-42dd-a727-ccc2cc2b6dc9: shutdown server with port 39949 now
2022-03-09 23:21:53,483 [Time-limited test] INFO  server.GrpcService (GrpcService.java:closeImpl(271)) - b64818b1-8873-42dd-a727-ccc2cc2b6dc9: shutdown server with port 39949 successfully
2022-03-09 23:21:53,483 [org.apache.ratis.util.JvmPauseMonitor$$Lambda$435/1210881341@e9c345f] INFO  util.JvmPauseMonitor (JvmPauseMonitor.java:run(109)) - JvmPauseMonitor-b64818b1-8873-42dd-a727-ccc2cc2b6dc9: Stopped
2022-03-09 23:21:53,483 [Time-limited test] WARN  server.ServerUtils (ServerUtils.java:getScmDbDir(148)) - ozone.scm.db.dirs is not configured. We recommend adding this setting. Falling back to ozone.metadata.dirs instead.
2022-03-09 23:21:53,485 [Time-limited test] INFO  server.StorageContainerManager (StorageContainerManager.java:scmInit(1107)) - SCM initialization succeeded. Current cluster id for sd=/home/runner/work/ozone/ozone/hadoop-ozone/integration-test/target/test-dir/MiniOzoneClusterImpl-4dc72195-aa51-421e-b53c-5a05ad500575/scmNode-1/scm; cid=4dc72195-aa51-421e-b53c-5a05ad500575; layoutVersion=2; scmId=b64818b1-8873-42dd-a727-ccc2cc2b6dc9
2022-03-09 23:21:53,485 [Time-limited test] INFO  ha.SCMHANodeDetails (SCMHANodeDetails.java:loadSCMHAConfig(157)) - ServiceID for StorageContainerManager is scmServiceId
2022-03-09 23:21:53,485 [Time-limited test] INFO  ha.SCMHANodeDetails (SCMHANodeDetails.java:loadSCMHAConfig(168)) - ServiceID for StorageContainerManager is scmServiceId
2022-03-09 23:21:53,485 [Time-limited test] INFO  ha.SCMHANodeDetails (SCMHANodeDetails.java:loadSCMHAConfig(250)) - Found matching SCM address with SCMServiceId: scmServiceId, SCMNodeId: scmNode-1, RPC Address: localhost:39949 and Ratis port: 39949
2022-03-09 23:21:53,485 [Time-limited test] INFO  ha.SCMHANodeDetails (ConfUtils.java:setNodeSpecificConfigs(108)) - Setting configuration key ozone.scm.datanode.address with value of key ozone.scm.datanode.address.scmServiceId.scmNode-1: 127.0.0.1:42271
2022-03-09 23:21:53,485 [Time-limited test] INFO  ha.SCMHANodeDetails (ConfUtils.java:setNodeSpecificConfigs(108)) - Setting configuration key ozone.scm.block.client.address with value of key ozone.scm.block.client.address.scmServiceId.scmNode-1: 127.0.0.1:40661
2022-03-09 23:21:53,485 [Time-limited test] INFO  ha.SCMHANodeDetails (ConfUtils.java:setNodeSpecificConfigs(108)) - Setting configuration key ozone.scm.client.address with value of key ozone.scm.client.address.scmServiceId.scmNode-1: 127.0.0.1:42627
2022-03-09 23:21:53,485 [Time-limited test] INFO  ha.SCMHANodeDetails (ConfUtils.java:setNodeSpecificConfigs(108)) - Setting configuration key ozone.scm.ratis.port with value of key ozone.scm.ratis.port.scmServiceId.scmNode-1: 39949
2022-03-09 23:21:53,485 [Time-limited test] INFO  ha.SCMHANodeDetails (ConfUtils.java:setNodeSpecificConfigs(108)) - Setting configuration key ozone.scm.grpc.port with value of key ozone.scm.grpc.port.scmServiceId.scmNode-1: 32849
2022-03-09 23:21:53,486 [Time-limited test] INFO  ha.SCMHANodeDetails (ConfUtils.java:setNodeSpecificConfigs(108)) - Setting configuration key ozone.scm.http-address with value of key ozone.scm.http-address.scmServiceId.scmNode-1: 127.0.0.1:38691
2022-03-09 23:21:53,486 [Time-limited test] INFO  ha.SCMHANodeDetails (ConfUtils.java:setNodeSpecificConfigs(108)) - Setting configuration key ozone.scm.https-address with value of key ozone.scm.https-address.scmServiceId.scmNode-1: 127.0.0.1:39317
2022-03-09 23:21:53,486 [Time-limited test] INFO  ha.SCMHANodeDetails (ConfUtils.java:setNodeSpecificConfigs(108)) - Setting configuration key ozone.scm.address with value of key ozone.scm.address.scmServiceId.scmNode-1: 127.0.0.1
2022-03-09 23:21:53,486 [Time-limited test] WARN  scm.ScmUtils (ScmUtils.java:logWarn(179)) - ConfigKey ozone.scm.block.client.address is deprecated, For configuring different ports for each SCM use PortConfigKey ozone.scm.block.client.port appended with serviceId and nodeId. If want to configure same port configure ozone.scm.block.client.port
2022-03-09 23:21:53,486 [Time-limited test] WARN  scm.ScmUtils (ScmUtils.java:logWarn(179)) - ConfigKey ozone.scm.client.address is deprecated, For configuring different ports for each SCM use PortConfigKey ozone.scm.client.port appended with serviceId and nodeId. If want to configure same port configure ozone.scm.client.port
2022-03-09 23:21:53,486 [Time-limited test] WARN  scm.ScmUtils (ScmUtils.java:logWarn(179)) - ConfigKey ozone.scm.datanode.address is deprecated, For configuring different ports for each SCM use PortConfigKey ozone.scm.datanode.port appended with serviceId and nodeId. If want to configure same port configure ozone.scm.datanode.port
2022-03-09 23:21:53,486 [Time-limited test] WARN  server.ServerUtils (ServerUtils.java:getScmDbDir(148)) - ozone.scm.db.dirs is not configured. We recommend adding this setting. Falling back to ozone.metadata.dirs instead.
2022-03-09 23:21:53,486 [Time-limited test] INFO  upgrade.AbstractLayoutVersionManager (AbstractLayoutVersionManager.java:init(79)) - Initializing Layout version manager with metadata layout = SCM_HA (version = 2), software layout = SCM_HA (version = 2)
2022-03-09 23:21:53,510 [EndpointStateMachine task thread for /127.0.0.1:43683 - 0 ] INFO  ipc.Client (Client.java:handleConnectionFailure(977)) - Retrying connect to server: localhost/127.0.0.1:43683. Already tried 10 time(s); retry policy is RetryUpToMaximumCountWithFixedSleep(maxRetries=15, sleepTime=1000 MILLISECONDS)
2022-03-09 23:21:53,609 [Time-limited test] INFO  reflections.Reflections (Reflections.java:scan(232)) - Reflections took 113 ms to scan 7 urls, producing 122 keys and 286 values 
2022-03-09 23:21:53,613 [Time-limited test] WARN  utils.HAUtils (HAUtils.java:getMetaDir(342)) - ozone.scm.db.dirs is not configured. We recommend adding this setting. Falling back to ozone.metadata.dirs instead.
2022-03-09 23:21:53,614 [Time-limited test] WARN  db.DBStoreBuilder (DBStoreBuilder.java:applyDBDefinition(145)) - ozone.scm.db.dirs is not configured. We recommend adding this setting. Falling back to ozone.metadata.dirs instead.
2022-03-09 23:21:53,768 [Time-limited test] INFO  net.NodeSchemaLoader (NodeSchemaLoader.java:loadSchemaFromFile(129)) - Loading schema from [jar:file:/home/runner/.m2/repository/org/apache/ozone/hdds-common/1.3.0-SNAPSHOT/hdds-common-1.3.0-SNAPSHOT.jar!/network-topology-default.xml]
2022-03-09 23:21:53,768 [Time-limited test] INFO  net.NodeSchemaLoader (NodeSchemaLoader.java:loadSchema(176)) - Loading network topology layer schema file
2022-03-09 23:21:53,772 [Time-limited test] WARN  impl.MetricRegistriesImpl (MetricRegistriesImpl.java:addReporterRegistration(111)) - New reporters are added after registries were created. Some metrics will be missing from the reporter. Please add reporter before adding any new registry.
2022-03-09 23:21:53,772 [Time-limited test] WARN  impl.MetricRegistriesImpl (MetricRegistriesImpl.java:addReporterRegistration(111)) - New reporters are added after registries were created. Some metrics will be missing from the reporter. Please add reporter before adding any new registry.
2022-03-09 23:21:53,773 [Time-limited test] INFO  ha.SCMRatisServerImpl (SCMRatisServerImpl.java:<init>(87)) - starting Raft server for scm:b64818b1-8873-42dd-a727-ccc2cc2b6dc9
2022-03-09 23:21:53,775 [Time-limited test] INFO  server.RaftServer (ConfUtils.java:logGet(44)) - raft.rpc.type = GRPC (default)
2022-03-09 23:21:53,775 [Time-limited test] INFO  grpc.GrpcFactory (GrpcFactory.java:checkPooledByteBufAllocatorUseCacheForAllThreads(48)) - PERFORMANCE WARNING: useCacheForAllThreads is true that may cause Netty to create a lot garbage objects and, as a result, trigger GC.
	It is recommended to disable useCacheForAllThreads by setting -Dorg.apache.ratis.thirdparty.io.netty.allocator.useCacheForAllThreads=false in command line.
2022-03-09 23:21:53,775 [Time-limited test] INFO  grpc.GrpcConfigKeys (ConfUtils.java:logGet(44)) - raft.grpc.admin.port = -1 (default)
2022-03-09 23:21:53,775 [Time-limited test] INFO  grpc.GrpcConfigKeys (ConfUtils.java:logGet(44)) - raft.grpc.server.port = 39949 (custom)
2022-03-09 23:21:53,775 [Time-limited test] INFO  grpc.GrpcConfigKeys (ConfUtils.java:logGet(44)) - raft.grpc.client.port = -1 (default)
2022-03-09 23:21:53,775 [Time-limited test] INFO  grpc.GrpcConfigKeys (ConfUtils.java:logGet(44)) - raft.grpc.server.port = 39949 (custom)
2022-03-09 23:21:53,775 [Time-limited test] INFO  grpc.GrpcConfigKeys (ConfUtils.java:logGet(44)) - raft.grpc.server.port = 39949 (custom)
2022-03-09 23:21:53,776 [Time-limited test] INFO  server.GrpcService (ConfUtils.java:logGet(44)) - raft.grpc.message.size.max = 32m (=33554432) (custom)
2022-03-09 23:21:53,776 [Time-limited test] INFO  server.RaftServerConfigKeys (ConfUtils.java:logGet(44)) - raft.server.log.appender.buffer.byte-limit = 33554432 (custom)
2022-03-09 23:21:53,776 [Time-limited test] INFO  server.GrpcService (ConfUtils.java:logGet(44)) - raft.grpc.flow.control.window = 1MB (=1048576) (default)
2022-03-09 23:21:53,776 [Time-limited test] INFO  server.RaftServerConfigKeys (ConfUtils.java:logGet(44)) - raft.server.rpc.request.timeout = 30000ms (custom)
2022-03-09 23:21:53,778 [Time-limited test] INFO  impl.DataStreamServerImpl (ConfUtils.java:logGet(44)) - raft.datastream.type = DISABLED (default)
2022-03-09 23:21:53,778 [Time-limited test] INFO  server.RaftServerConfigKeys (ConfUtils.java:logGet(44)) - raft.server.rpc.slowness.timeout = 120000ms (custom)
2022-03-09 23:21:53,778 [Time-limited test] INFO  server.RaftServerConfigKeys (ConfUtils.java:logGet(44)) - raft.server.leaderelection.leader.step-down.wait-time = 10s (default)
2022-03-09 23:21:53,778 [Time-limited test] INFO  server.RaftServerConfigKeys (ConfUtils.java:logGet(44)) - raft.server.storage.dir = [/home/runner/work/ozone/ozone/hadoop-ozone/integration-test/target/test-dir/MiniOzoneClusterImpl-4dc72195-aa51-421e-b53c-5a05ad500575/scmNode-1/scm-ha] (custom)
2022-03-09 23:21:53,778 [Time-limited test] INFO  server.RaftServer (RaftServerProxy.java:lambda$null$1(235)) - b64818b1-8873-42dd-a727-ccc2cc2b6dc9: found a subdirectory /home/runner/work/ozone/ozone/hadoop-ozone/integration-test/target/test-dir/MiniOzoneClusterImpl-4dc72195-aa51-421e-b53c-5a05ad500575/scmNode-1/scm-ha/4dc72195-aa51-421e-b53c-5a05ad500575
2022-03-09 23:21:53,785 [Time-limited test] INFO  server.RaftServer (RaftServerProxy.java:addNew(95)) - b64818b1-8873-42dd-a727-ccc2cc2b6dc9: addNew group-5A05AD500575:[] returns group-5A05AD500575:java.util.concurrent.CompletableFuture@3803787c[Not completed]
2022-03-09 23:21:53,785 [pool-249-thread-1] INFO  server.RaftServer$Division (RaftServerImpl.java:<init>(184)) - b64818b1-8873-42dd-a727-ccc2cc2b6dc9: new RaftServerImpl for group-5A05AD500575:[] with SCMStateMachine:uninitialized
2022-03-09 23:21:53,792 [pool-249-thread-1] INFO  server.RaftServerConfigKeys (ConfUtils.java:logGet(44)) - raft.server.rpc.timeout.min = 5000ms (custom)
2022-03-09 23:21:53,792 [pool-249-thread-1] INFO  server.RaftServerConfigKeys (ConfUtils.java:logGet(44)) - raft.server.rpc.timeout.max = 5200ms (custom)
2022-03-09 23:21:53,792 [pool-249-thread-1] INFO  server.RaftServerConfigKeys (ConfUtils.java:logGet(44)) - raft.server.rpc.sleep.time = 25ms (default)
2022-03-09 23:21:53,792 [pool-249-thread-1] INFO  server.RaftServerConfigKeys (ConfUtils.java:logGet(44)) - raft.server.rpc.slowness.timeout = 120000ms (custom)
2022-03-09 23:21:53,792 [pool-249-thread-1] INFO  server.RaftServerConfigKeys (ConfUtils.java:logGet(44)) - raft.server.leaderelection.leader.step-down.wait-time = 10s (default)
2022-03-09 23:21:53,792 [pool-249-thread-1] INFO  server.RaftServerConfigKeys (ConfUtils.java:logGet(44)) - raft.server.sleep.deviation.threshold = 300ms (default)
2022-03-09 23:21:53,792 [pool-249-thread-1] INFO  server.RaftServerConfigKeys (ConfUtils.java:logGet(44)) - raft.server.log.appender.install.snapshot.enabled = false (custom)
2022-03-09 23:21:53,792 [pool-249-thread-1] INFO  server.RaftServer$Division (ServerState.java:<init>(105)) - b64818b1-8873-42dd-a727-ccc2cc2b6dc9@group-5A05AD500575: ConfigurationManager, init=-1: [], old=null, confs=<EMPTY_MAP>
2022-03-09 23:21:53,792 [pool-249-thread-1] INFO  server.RaftServerConfigKeys (ConfUtils.java:logGet(44)) - raft.server.storage.dir = [/home/runner/work/ozone/ozone/hadoop-ozone/integration-test/target/test-dir/MiniOzoneClusterImpl-4dc72195-aa51-421e-b53c-5a05ad500575/scmNode-1/scm-ha] (custom)
2022-03-09 23:21:53,793 [pool-249-thread-1] INFO  server.RaftServerConfigKeys (ConfUtils.java:logGet(44)) - raft.server.log.corruption.policy = EXCEPTION (default)
2022-03-09 23:21:53,793 [pool-249-thread-1] INFO  server.RaftServerConfigKeys (ConfUtils.java:logGet(44)) - raft.server.storage.free-space.min = 0MB (=0) (default)
2022-03-09 23:21:53,794 [pool-249-thread-1] INFO  storage.RaftStorageDirectory (RaftStorageDirectoryImpl.java:tryLock(230)) - Lock on /home/runner/work/ozone/ozone/hadoop-ozone/integration-test/target/test-dir/MiniOzoneClusterImpl-4dc72195-aa51-421e-b53c-5a05ad500575/scmNode-1/scm-ha/4dc72195-aa51-421e-b53c-5a05ad500575/in_use.lock acquired by nodename 18126@fv-az184-819
2022-03-09 23:21:53,794 [pool-249-thread-1] INFO  storage.RaftStorage (RaftStorageImpl.java:analyzeAndRecoverStorage(110)) - Read RaftStorageMetadata{term=1, votedFor=b64818b1-8873-42dd-a727-ccc2cc2b6dc9} from /home/runner/work/ozone/ozone/hadoop-ozone/integration-test/target/test-dir/MiniOzoneClusterImpl-4dc72195-aa51-421e-b53c-5a05ad500575/scmNode-1/scm-ha/4dc72195-aa51-421e-b53c-5a05ad500575/current/raft-meta
2022-03-09 23:21:53,795 [pool-249-thread-1] INFO  server.RaftServer$Division (ServerState.java:setRaftConf(387)) - b64818b1-8873-42dd-a727-ccc2cc2b6dc9@group-5A05AD500575: set configuration 0: [b64818b1-8873-42dd-a727-ccc2cc2b6dc9|rpc:localhost:39949|admin:|client:|dataStream:|priority:0], old=null
2022-03-09 23:21:53,795 [pool-249-thread-1] INFO  server.RaftServerConfigKeys (ConfUtils.java:logGet(44)) - raft.server.notification.no-leader.timeout = 60s (default)
2022-03-09 23:21:53,795 [pool-249-thread-1] INFO  server.RaftServerConfigKeys (ConfUtils.java:logGet(44)) - raft.server.log.use.memory = false (default)
2022-03-09 23:21:53,795 [pool-249-thread-1] INFO  server.RaftServerConfigKeys (ConfUtils.java:logGet(44)) - raft.server.log.purge.gap = 1000000 (custom)
2022-03-09 23:21:53,795 [pool-249-thread-1] INFO  server.RaftServerConfigKeys (ConfUtils.java:logGet(44)) - raft.server.log.appender.buffer.byte-limit = 33554432 (custom)
2022-03-09 23:21:53,795 [pool-249-thread-1] INFO  server.RaftServerConfigKeys (ConfUtils.java:logGet(44)) - raft.server.log.segment.size.max = 4194304 (custom)
2022-03-09 23:21:53,795 [pool-249-thread-1] INFO  server.RaftServerConfigKeys (ConfUtils.java:logGet(44)) - raft.server.log.segment.cache.num.max = 2 (custom)
2022-03-09 23:21:53,796 [pool-249-thread-1] INFO  server.RaftServerConfigKeys (ConfUtils.java:logGet(44)) - raft.server.log.segment.cache.size.max = 200MB (=209715200) (default)
2022-03-09 23:21:53,796 [pool-249-thread-1] INFO  segmented.SegmentedRaftLogWorker (SegmentedRaftLogWorker.java:<init>(182)) - new b64818b1-8873-42dd-a727-ccc2cc2b6dc9@group-5A05AD500575-SegmentedRaftLogWorker for RaftStorageImpl:Storage Directory /home/runner/work/ozone/ozone/hadoop-ozone/integration-test/target/test-dir/MiniOzoneClusterImpl-4dc72195-aa51-421e-b53c-5a05ad500575/scmNode-1/scm-ha/4dc72195-aa51-421e-b53c-5a05ad500575
2022-03-09 23:21:53,796 [pool-249-thread-1] INFO  server.RaftServerConfigKeys (ConfUtils.java:logGet(44)) - raft.server.log.queue.byte-limit = 64MB (=67108864) (default)
2022-03-09 23:21:53,796 [pool-249-thread-1] INFO  server.RaftServerConfigKeys (ConfUtils.java:logGet(44)) - raft.server.log.queue.element-limit = 4096 (default)
2022-03-09 23:21:53,796 [pool-249-thread-1] INFO  server.RaftServerConfigKeys (ConfUtils.java:logGet(44)) - raft.server.log.segment.size.max = 4194304 (custom)
2022-03-09 23:21:53,796 [pool-249-thread-1] INFO  server.RaftServerConfigKeys (ConfUtils.java:logGet(44)) - raft.server.log.preallocated.size = 4194304 (custom)
2022-03-09 23:21:53,796 [pool-249-thread-1] INFO  server.RaftServerConfigKeys (ConfUtils.java:logGet(44)) - raft.server.log.force.sync.num = 128 (default)
2022-03-09 23:21:53,796 [pool-249-thread-1] INFO  server.RaftServerConfigKeys (ConfUtils.java:logGet(44)) - raft.server.log.statemachine.data.sync = true (default)
2022-03-09 23:21:53,796 [pool-249-thread-1] INFO  server.RaftServerConfigKeys (ConfUtils.java:logGet(44)) - raft.server.log.statemachine.data.sync.timeout = 10s (default)
2022-03-09 23:21:53,796 [pool-249-thread-1] INFO  server.RaftServerConfigKeys (ConfUtils.java:logGet(44)) - raft.server.log.statemachine.data.sync.timeout.retry = -1 (default)
2022-03-09 23:21:53,797 [pool-249-thread-1] INFO  server.RaftServerConfigKeys (ConfUtils.java:logGet(44)) - raft.server.log.write.buffer.size = 64KB (=65536) (default)
2022-03-09 23:21:53,797 [pool-249-thread-1] INFO  server.RaftServerConfigKeys (ConfUtils.java:logGet(44)) - raft.server.log.statemachine.data.caching.enabled = false (default)
2022-03-09 23:21:53,797 [pool-249-thread-1] INFO  server.RaftServer$Division (ServerState.java:setRaftConf(387)) - b64818b1-8873-42dd-a727-ccc2cc2b6dc9@group-5A05AD500575: set configuration 0: [b64818b1-8873-42dd-a727-ccc2cc2b6dc9|rpc:localhost:39949|admin:|client:|dataStream:|priority:0], old=null
2022-03-09 23:21:53,797 [pool-249-thread-1] INFO  segmented.LogSegment (LogSegment.java:loadSegment(173)) - Successfully read 1 entries from segment file /home/runner/work/ozone/ozone/hadoop-ozone/integration-test/target/test-dir/MiniOzoneClusterImpl-4dc72195-aa51-421e-b53c-5a05ad500575/scmNode-1/scm-ha/4dc72195-aa51-421e-b53c-5a05ad500575/current/log_inprogress_0
2022-03-09 23:21:53,798 [pool-249-thread-1] INFO  segmented.SegmentedRaftLogWorker (SegmentedRaftLogWorker.java:lambda$new$0(133)) - b64818b1-8873-42dd-a727-ccc2cc2b6dc9@group-5A05AD500575-SegmentedRaftLogWorker: flushIndex: setUnconditionally 0 -> 0
2022-03-09 23:21:53,798 [pool-249-thread-1] INFO  segmented.SegmentedRaftLogWorker (SegmentedRaftLogWorker.java:lambda$new$0(133)) - b64818b1-8873-42dd-a727-ccc2cc2b6dc9@group-5A05AD500575-SegmentedRaftLogWorker: safeCacheEvictIndex: setUnconditionally 0 -> -1
2022-03-09 23:21:53,816 [pool-249-thread-1] INFO  server.RaftServerConfigKeys (ConfUtils.java:logGet(44)) - raft.server.snapshot.auto.trigger.enabled = true (custom)
2022-03-09 23:21:53,816 [pool-249-thread-1] INFO  server.RaftServerConfigKeys (ConfUtils.java:logGet(44)) - raft.server.snapshot.auto.trigger.threshold = 1000 (custom)
2022-03-09 23:21:53,816 [pool-249-thread-1] INFO  server.RaftServerConfigKeys (ConfUtils.java:logGet(44)) - raft.server.snapshot.retention.file.num = -1 (default)
2022-03-09 23:21:53,816 [pool-249-thread-1] INFO  server.RaftServerConfigKeys (ConfUtils.java:logGet(44)) - raft.server.log.purge.upto.snapshot.index = false (default)
2022-03-09 23:21:53,816 [pool-249-thread-1] INFO  server.RaftServerConfigKeys (ConfUtils.java:logGet(44)) - raft.server.retrycache.expirytime = 60000ms (default)
2022-03-09 23:21:53,816 [pool-249-thread-1] INFO  server.RaftServerConfigKeys (ConfUtils.java:logGet(44)) - raft.server.retrycache.statistics.expirytime = 100μs (default)
2022-03-09 23:21:53,824 [Time-limited test] INFO  ha.SCMSnapshotProvider (SCMSnapshotProvider.java:<init>(66)) - Initializing SCM Snapshot Provider
2022-03-09 23:21:53,824 [Time-limited test] WARN  server.ServerUtils (ServerUtils.java:getDefaultRatisDirectory(237)) - Storage directory for Ratis is not configured. It is a good idea to map this to an SSD disk. Falling back to ozone.metadata.dirs
2022-03-09 23:21:53,824 [Time-limited test] WARN  ha.SCMHAUtils (SCMHAUtils.java:getSCMRatisSnapshotDirectory(151)) - SCM snapshot dir is not configured. Falling back to ozone.metadata.dirs config
2022-03-09 23:21:53,826 [Time-limited test] INFO  ha.SequenceIdGenerator (SequenceIdGenerator.java:upgradeToSequenceId(347)) - upgrade localId to 109611004723200000
2022-03-09 23:21:53,826 [Time-limited test] INFO  ha.SequenceIdGenerator (SequenceIdGenerator.java:upgradeToSequenceId(357)) - upgrade delTxnId to 0
2022-03-09 23:21:53,826 [Time-limited test] INFO  ha.SequenceIdGenerator (SequenceIdGenerator.java:upgradeToSequenceId(371)) - upgrade containerId to 0
2022-03-09 23:21:53,826 [Time-limited test] INFO  ha.SequenceIdGenerator (SequenceIdGenerator.java:<init>(218)) - Init the HA SequenceIdGenerator.
2022-03-09 23:21:53,836 [Time-limited test] INFO  node.SCMNodeManager (SCMNodeManager.java:<init>(146)) - Entering startup safe mode.
2022-03-09 23:21:53,836 [Time-limited test] INFO  algorithms.ContainerPlacementPolicyFactory (ContainerPlacementPolicyFactory.java:getPolicy(60)) - Create container placement policy of type org.apache.hadoop.hdds.scm.container.placement.algorithms.SCMContainerPlacementRandom
2022-03-09 23:21:53,837 [Time-limited test] INFO  pipeline.PipelineStateManagerImpl (PipelineStateManagerImpl.java:initialize(78)) - No pipeline exists in current db
2022-03-09 23:21:53,846 [Time-limited test] INFO  algorithms.LeaderChoosePolicyFactory (LeaderChoosePolicyFactory.java:getPolicy(57)) - Create leader choose policy of type org.apache.hadoop.hdds.scm.pipeline.leader.choose.algorithms.MinLeaderCountChoosePolicy
2022-03-09 23:21:53,846 [Time-limited test] INFO  ha.SCMServiceManager (SCMServiceManager.java:register(42)) - Registering service BackgroundPipelineCreator.
2022-03-09 23:21:53,846 [Time-limited test] INFO  pipeline.BackgroundPipelineCreator (BackgroundPipelineCreator.java:start(130)) - Starting RatisPipelineUtilsThread.
2022-03-09 23:21:53,856 [Time-limited test] INFO  algorithms.PipelineChoosePolicyFactory (PipelineChoosePolicyFactory.java:createPipelineChoosePolicyFromClass(73)) - Create pipeline choose policy of type org.apache.hadoop.hdds.scm.pipeline.choose.algorithms.RandomPipelineChoosePolicy
2022-03-09 23:21:53,857 [Time-limited test] INFO  ha.SCMServiceManager (SCMServiceManager.java:register(42)) - Registering service SCMBlockDeletingService.
2022-03-09 23:21:53,857 [Time-limited test] INFO  ha.SCMServiceManager (SCMServiceManager.java:register(42)) - Registering service ReplicationManager.
2022-03-09 23:21:53,857 [Time-limited test] INFO  container.ReplicationManager (ReplicationManager.java:start(326)) - Starting Replication Monitor Thread.
2022-03-09 23:21:53,865 [Time-limited test] INFO  safemode.ContainerSafeModeRule (ContainerSafeModeRule.java:<init>(89)) - containers with one replica threshold count 0
2022-03-09 23:21:53,865 [Time-limited test] INFO  safemode.HealthyPipelineSafeModeRule (HealthyPipelineSafeModeRule.java:initializeRule(156)) - Total pipeline count is 0, healthy pipeline threshold count is 1
2022-03-09 23:21:53,865 [Time-limited test] INFO  safemode.OneReplicaPipelineSafeModeRule (OneReplicaPipelineSafeModeRule.java:initializeRule(180)) - Total pipeline count is 0, pipeline's with at least one datanode reported threshold count is 0
2022-03-09 23:21:53,867 [Time-limited test] INFO  ipc.CallQueueManager (CallQueueManager.java:<init>(90)) - Using callQueue: class java.util.concurrent.LinkedBlockingQueue, queueCapacity: 10000, scheduler: class org.apache.hadoop.ipc.DefaultRpcScheduler, ipcBackoff: false.
2022-03-09 23:21:53,868 [ReplicationMonitor] INFO  container.ReplicationManager (ReplicationManager.java:processAll(374)) - Replication Manager is not ready to run until 300000ms after safemode exit
2022-03-09 23:21:53,869 [Socket Reader #1 for port 42271] INFO  ipc.Server (Server.java:run(1265)) - Starting Socket Reader #1 for port 42271
2022-03-09 23:21:53,869 [Listener at 0.0.0.0/42271] INFO  ipc.CallQueueManager (CallQueueManager.java:<init>(90)) - Using callQueue: class java.util.concurrent.LinkedBlockingQueue, queueCapacity: 10000, scheduler: class org.apache.hadoop.ipc.DefaultRpcScheduler, ipcBackoff: false.
2022-03-09 23:21:53,870 [Socket Reader #1 for port 40661] INFO  ipc.Server (Server.java:run(1265)) - Starting Socket Reader #1 for port 40661
2022-03-09 23:21:53,870 [Listener at 0.0.0.0/40661] INFO  ipc.CallQueueManager (CallQueueManager.java:<init>(90)) - Using callQueue: class java.util.concurrent.LinkedBlockingQueue, queueCapacity: 10000, scheduler: class org.apache.hadoop.ipc.DefaultRpcScheduler, ipcBackoff: false.
2022-03-09 23:21:53,871 [Socket Reader #1 for port 42627] INFO  ipc.Server (Server.java:run(1265)) - Starting Socket Reader #1 for port 42627
2022-03-09 23:21:53,908 [Listener at 0.0.0.0/42627] INFO  server.StorageContainerManager (StorageContainerManager.java:<init>(389)) - 
Container Balancer status:
Key                            Value
Running                        false
Container Balancer Configuration values:
Key                                                Value
Threshold                                          10
Max Datanodes to Involve per Iteration(percent)    20
Max Size to Move per Iteration                     500GB
Max Size Entering Target per Iteration             26GB
Max Size Leaving Source per Iteration              26GB

2022-03-09 23:21:53,912 [Listener at 0.0.0.0/42627] WARN  events.EventQueue (EventQueue.java:fireEvent(194)) - No event handler registered for event TypedEvent{payloadType=SafeModeStatus, name='Safe mode status'}
2022-03-09 23:21:53,912 [Listener at 0.0.0.0/42627] INFO  ha.SCMContext (SCMContext.java:updateSafeModeStatus(211)) - Update SafeModeStatus from SafeModeStatus{safeModeStatus=true, preCheckPassed=false} to SafeModeStatus{safeModeStatus=true, preCheckPassed=false}.
2022-03-09 23:21:53,912 [Listener at 0.0.0.0/42627] INFO  server.StorageContainerManager (StorageContainerManager.java:start(1327)) - StorageContainerLocationProtocol RPC server is listening at /0.0.0.0:42627
2022-03-09 23:21:53,912 [Listener at 0.0.0.0/42627] INFO  ha.SCMRatisServerImpl (SCMRatisServerImpl.java:start(177)) - starting ratis server 0.0.0.0:39949
2022-03-09 23:21:53,913 [Listener at 0.0.0.0/42627] INFO  server.RaftServer$Division (RaftServerImpl.java:start(301)) - b64818b1-8873-42dd-a727-ccc2cc2b6dc9@group-5A05AD500575: start as a follower, conf=0: [b64818b1-8873-42dd-a727-ccc2cc2b6dc9|rpc:localhost:39949|admin:|client:|dataStream:|priority:0], old=null
2022-03-09 23:21:53,913 [Listener at 0.0.0.0/42627] INFO  server.RaftServer$Division (RaftServerImpl.java:setRole(290)) - b64818b1-8873-42dd-a727-ccc2cc2b6dc9@group-5A05AD500575: changes role from      null to FOLLOWER at term 1 for startAsFollower
2022-03-09 23:21:53,913 [Listener at 0.0.0.0/42627] INFO  impl.RoleInfo (RoleInfo.java:updateAndGet(130)) - b64818b1-8873-42dd-a727-ccc2cc2b6dc9: start b64818b1-8873-42dd-a727-ccc2cc2b6dc9@group-5A05AD500575-FollowerState
2022-03-09 23:21:53,916 [Listener at 0.0.0.0/42627] INFO  util.JmxRegister (JmxRegister.java:tryRegister(44)) - Successfully registered JMX Bean with object name Ratis:service=RaftServer,group=group-5A05AD500575,id=b64818b1-8873-42dd-a727-ccc2cc2b6dc9
2022-03-09 23:21:53,917 [Listener at 0.0.0.0/42627] INFO  server.RaftServer (RaftServerProxy.java:lambda$start$5(374)) - b64818b1-8873-42dd-a727-ccc2cc2b6dc9: start RPC server
2022-03-09 23:21:53,917 [Listener at 0.0.0.0/42627] INFO  server.GrpcService (GrpcService.java:startImpl(253)) - b64818b1-8873-42dd-a727-ccc2cc2b6dc9: GrpcService started, listening on 39949
2022-03-09 23:21:53,924 [Listener at 0.0.0.0/42627] INFO  ha.SCMHAManagerImpl (SCMHAManagerImpl.java:start(121)) -  scm role is FOLLOWER peers [b64818b1-8873-42dd-a727-ccc2cc2b6dc9|rpc:localhost:39949|admin:|client:|dataStream:|priority:0]
2022-03-09 23:21:53,924 [org.apache.ratis.util.JvmPauseMonitor$$Lambda$435/1210881341@64810a5b] INFO  util.JvmPauseMonitor (JvmPauseMonitor.java:run(103)) - JvmPauseMonitor-b64818b1-8873-42dd-a727-ccc2cc2b6dc9: Started
2022-03-09 23:21:53,924 [Listener at 0.0.0.0/42627] INFO  ha.InterSCMGrpcService (InterSCMGrpcProtocolService.java:start(94)) - Starting SCM Grpc Service at port 32849
2022-03-09 23:21:53,933 [Listener at 0.0.0.0/42627] WARN  impl.MetricsConfig (MetricsConfig.java:loadFirst(136)) - Cannot locate configuration: tried hadoop-metrics2-storagecontainermanager.properties,hadoop-metrics2.properties
2022-03-09 23:21:53,940 [Listener at 0.0.0.0/42627] INFO  impl.MetricsSystemImpl (MetricsSystemImpl.java:startTimer(378)) - Scheduled Metric snapshot period at 10 second(s).
2022-03-09 23:21:53,940 [Listener at 0.0.0.0/42627] INFO  impl.MetricsSystemImpl (MetricsSystemImpl.java:start(191)) - StorageContainerManager metrics system started
2022-03-09 23:21:53,968 [Listener at 0.0.0.0/42627] INFO  impl.MetricsSinkAdapter (MetricsSinkAdapter.java:start(204)) - Sink prometheus started
2022-03-09 23:21:53,970 [Listener at 0.0.0.0/42627] INFO  impl.MetricsSystemImpl (MetricsSystemImpl.java:registerSink(305)) - Registered sink prometheus
2022-03-09 23:21:54,004 [Listener at 0.0.0.0/42627] INFO  server.SCMClientProtocolServer (SCMClientProtocolServer.java:start(165)) - RPC server for Client  is listening at /0.0.0.0:42627
2022-03-09 23:21:54,012 [IPC Server Responder] INFO  ipc.Server (Server.java:run(1507)) - IPC Server Responder: starting
2022-03-09 23:21:54,017 [IPC Server listener on 42627] INFO  ipc.Server (Server.java:run(1344)) - IPC Server listener on 42627: starting
2022-03-09 23:21:54,040 [Listener at 0.0.0.0/42627] INFO  server.StorageContainerManager (StorageContainerManager.java:start(1342)) - ScmBlockLocationProtocol RPC server is listening at /0.0.0.0:40661
2022-03-09 23:21:54,041 [Listener at 0.0.0.0/42627] INFO  server.SCMBlockProtocolServer (SCMBlockProtocolServer.java:start(151)) - RPC server for Block Protocol is listening at /0.0.0.0:40661
2022-03-09 23:21:54,053 [IPC Server Responder] INFO  ipc.Server (Server.java:run(1507)) - IPC Server Responder: starting
2022-03-09 23:21:54,053 [IPC Server listener on 40661] INFO  ipc.Server (Server.java:run(1344)) - IPC Server listener on 40661: starting
2022-03-09 23:21:54,072 [Listener at 0.0.0.0/42627] INFO  http.BaseHttpServer (BaseHttpServer.java:newHttpServer2BuilderForOzone(209)) - Starting Web-server for scm at: http://0.0.0.0:38691
2022-03-09 23:21:54,076 [Listener at 0.0.0.0/42627] INFO  http.BaseHttpServer (BaseHttpServer.java:<init>(107)) - Hadoop Security Enabled: false Ozone Security Enabled: false Ozone HTTP Security Enabled: false 
2022-03-09 23:21:54,076 [org.apache.hadoop.util.JvmPauseMonitor$Monitor@72e04e7] INFO  util.JvmPauseMonitor (JvmPauseMonitor.java:run(188)) - Starting JVM pause monitor
2022-03-09 23:21:54,078 [Listener at 0.0.0.0/42627] INFO  server.AuthenticationFilter (AuthenticationFilter.java:constructSecretProvider(240)) - Unable to initialize FileSignerSecretProvider, falling back to use random secrets.
2022-03-09 23:21:54,091 [Listener at 0.0.0.0/42627] WARN  http.HttpRequestLog (HttpRequestLog.java:getRequestLog(103)) - Jetty request log can only be enabled using Log4j
2022-03-09 23:21:54,092 [Listener at 0.0.0.0/42627] INFO  http.HttpServer2 (HttpServer2.java:addGlobalFilter(1030)) - Added global filter 'safety' (class=org.apache.hadoop.hdds.server.http.HttpServer2$QuotingInputFilter)
2022-03-09 23:21:54,093 [Listener at 0.0.0.0/42627] INFO  http.HttpServer2 (HttpServer2.java:addFilter(1006)) - Added filter static_user_filter (class=org.apache.hadoop.http.lib.StaticUserWebFilter$StaticUserFilter) to context scm
2022-03-09 23:21:54,093 [Listener at 0.0.0.0/42627] INFO  http.HttpServer2 (HttpServer2.java:addFilter(1014)) - Added filter static_user_filter (class=org.apache.hadoop.http.lib.StaticUserWebFilter$StaticUserFilter) to context logs
2022-03-09 23:21:54,093 [Listener at 0.0.0.0/42627] INFO  http.HttpServer2 (HttpServer2.java:addFilter(1014)) - Added filter static_user_filter (class=org.apache.hadoop.http.lib.StaticUserWebFilter$StaticUserFilter) to context static
2022-03-09 23:21:54,094 [Listener at 0.0.0.0/42627] INFO  http.HttpServer2 (HttpServer2.java:bindListener(1249)) - Jetty bound to port 38691
2022-03-09 23:21:54,094 [Listener at 0.0.0.0/42627] INFO  server.Server (Server.java:doStart(375)) - jetty-9.4.43.v20210629; built: 2021-06-30T11:07:22.254Z; git: 526006ecfa3af7f1a27ef3a288e2bef7ea9dd7e8; jvm 1.8.0_322-b06
2022-03-09 23:21:54,113 [Listener at 0.0.0.0/42627] INFO  server.session (DefaultSessionIdManager.java:doStart(334)) - DefaultSessionIdManager workerName=node0
2022-03-09 23:21:54,113 [Listener at 0.0.0.0/42627] INFO  server.session (DefaultSessionIdManager.java:doStart(339)) - No SessionScavenger set, using defaults
2022-03-09 23:21:54,114 [Listener at 0.0.0.0/42627] INFO  server.session (HouseKeeper.java:startScavenging(132)) - node0 Scavenging every 600000ms
2022-03-09 23:21:54,120 [Listener at 0.0.0.0/42627] INFO  handler.ContextHandler (ContextHandler.java:doStart(915)) - Started o.e.j.s.ServletContextHandler@1f63d1bb{logs,/logs,file:///home/runner/work/ozone/ozone/hadoop-ozone/integration-test/target/log,AVAILABLE}
2022-03-09 23:21:54,121 [Listener at 0.0.0.0/42627] INFO  handler.ContextHandler (ContextHandler.java:doStart(915)) - Started o.e.j.s.ServletContextHandler@7d73b95a{static,/static,file:///home/runner/work/ozone/ozone/hadoop-ozone/integration-test/target/test-classes/webapps/static,AVAILABLE}
2022-03-09 23:21:54,124 [Listener at 0.0.0.0/42627] INFO  handler.ContextHandler (ContextHandler.java:doStart(915)) - Started o.e.j.w.WebAppContext@725516b6{scm,/,file:///home/runner/work/ozone/ozone/hadoop-ozone/integration-test/target/test-classes/webapps/scm/,AVAILABLE}{file:/home/runner/work/ozone/ozone/hadoop-ozone/integration-test/target/test-classes/webapps/scm}
2022-03-09 23:21:54,127 [Listener at 0.0.0.0/42627] INFO  server.AbstractConnector (AbstractConnector.java:doStart(331)) - Started ServerConnector@b9a42ab{HTTP/1.1, (http/1.1)}{0.0.0.0:38691}
2022-03-09 23:21:54,127 [Listener at 0.0.0.0/42627] INFO  server.Server (Server.java:doStart(415)) - Started @78489ms
2022-03-09 23:21:54,127 [Listener at 0.0.0.0/42627] WARN  impl.MetricsSystemImpl (MetricsSystemImpl.java:register(279)) - Sink prometheus already exists!
2022-03-09 23:21:54,127 [Listener at 0.0.0.0/42627] INFO  http.BaseHttpServer (BaseHttpServer.java:updateConnectorAddress(329)) - HTTP server of scm listening at http://0.0.0.0:38691
2022-03-09 23:21:54,128 [Listener at 0.0.0.0/42627] INFO  ozone.MiniOzoneHAClusterImpl (MiniOzoneHAClusterImpl.java:createSCMService(600)) - Started SCM RPC server at /0.0.0.0:42627
2022-03-09 23:21:54,129 [Listener at 0.0.0.0/42627] INFO  ha.OMHANodeDetails (OMHANodeDetails.java:loadOMHAConfig(118)) - ServiceID for OzoneManager is om-add-remove
2022-03-09 23:21:54,130 [Listener at 0.0.0.0/42627] INFO  ha.OMHANodeDetails (OMHANodeDetails.java:loadOMHAConfig(193)) - Found matching OM address with OMServiceId: om-add-remove, OMNodeId: omNode-1, RPC Address: localhost:34785 and Ratis port: 46619
2022-03-09 23:21:54,130 [Listener at 0.0.0.0/42627] INFO  ha.OMHANodeDetails (ConfUtils.java:setNodeSpecificConfigs(108)) - Setting configuration key ozone.om.http-address with value of key ozone.om.http-address.om-add-remove.omNode-1: 127.0.0.1:42237
2022-03-09 23:21:54,130 [Listener at 0.0.0.0/42627] INFO  ha.OMHANodeDetails (ConfUtils.java:setNodeSpecificConfigs(108)) - Setting configuration key ozone.om.https-address with value of key ozone.om.https-address.om-add-remove.omNode-1: 127.0.0.1:36817
2022-03-09 23:21:54,130 [Listener at 0.0.0.0/42627] INFO  ha.OMHANodeDetails (ConfUtils.java:setNodeSpecificConfigs(108)) - Setting configuration key ozone.om.address with value of key ozone.om.address.om-add-remove.omNode-1: 127.0.0.1:34785
2022-03-09 23:21:54,130 [Listener at 0.0.0.0/42627] WARN  server.ServerUtils (ServerUtils.java:getDBPath(225)) - ozone.om.db.dirs is not configured. We recommend adding this setting. Falling back to ozone.metadata.dirs instead.
2022-03-09 23:21:54,131 [Listener at 0.0.0.0/42627] INFO  ha.SCMNodeInfo (SCMNodeInfo.java:getPort(197)) - ConfigKey ozone.scm.client.address is deprecated, For configuring different ports for each SCM use PortConfigKey ozone.scm.client.port appended with serviceId and nodeId
2022-03-09 23:21:54,131 [Listener at 0.0.0.0/42627] INFO  ha.SCMNodeInfo (SCMNodeInfo.java:getPort(197)) - ConfigKey ozone.scm.block.client.address is deprecated, For configuring different ports for each SCM use PortConfigKey ozone.scm.block.client.port appended with serviceId and nodeId
2022-03-09 23:21:54,131 [Listener at 0.0.0.0/42627] INFO  ha.SCMNodeInfo (SCMNodeInfo.java:getPort(197)) - ConfigKey ozone.scm.datanode.address is deprecated, For configuring different ports for each SCM use PortConfigKey ozone.scm.datanode.port appended with serviceId and nodeId
2022-03-09 23:21:54,511 [EndpointStateMachine task thread for /127.0.0.1:43683 - 0 ] INFO  ipc.Client (Client.java:handleConnectionFailure(977)) - Retrying connect to server: localhost/127.0.0.1:43683. Already tried 11 time(s); retry policy is RetryUpToMaximumCountWithFixedSleep(maxRetries=15, sleepTime=1000 MILLISECONDS)
2022-03-09 23:21:55,511 [EndpointStateMachine task thread for /127.0.0.1:43683 - 0 ] INFO  ipc.Client (Client.java:handleConnectionFailure(977)) - Retrying connect to server: localhost/127.0.0.1:43683. Already tried 12 time(s); retry policy is RetryUpToMaximumCountWithFixedSleep(maxRetries=15, sleepTime=1000 MILLISECONDS)
2022-03-09 23:21:56,158 [Listener at 0.0.0.0/42627] INFO  retry.RetryInvocationHandler (RetryInvocationHandler.java:log(411)) - com.google.protobuf.ServiceException: org.apache.hadoop.ipc.RemoteException(org.apache.hadoop.hdds.ratis.ServerNotLeaderException): Server:b64818b1-8873-42dd-a727-ccc2cc2b6dc9 is not the leader. Could not determine the leader node.
	at org.apache.hadoop.hdds.ratis.ServerNotLeaderException.convertToNotLeaderException(ServerNotLeaderException.java:109)
	at org.apache.hadoop.hdds.scm.ha.RatisUtil.checkRatisException(RatisUtil.java:246)
	at org.apache.hadoop.hdds.scm.protocol.ScmBlockLocationProtocolServerSideTranslatorPB.send(ScmBlockLocationProtocolServerSideTranslatorPB.java:108)
	at org.apache.hadoop.hdds.protocol.proto.ScmBlockLocationProtocolProtos$ScmBlockLocationProtocolService$2.callBlockingMethod(ScmBlockLocationProtocolProtos.java:13937)
	at org.apache.hadoop.ipc.ProtobufRpcEngine$Server.processCall(ProtobufRpcEngine.java:466)
	at org.apache.hadoop.ipc.ProtobufRpcEngine2$Server$ProtoBufRpcInvoker.call(ProtobufRpcEngine2.java:574)
	at org.apache.hadoop.ipc.ProtobufRpcEngine2$Server$ProtoBufRpcInvoker.call(ProtobufRpcEngine2.java:552)
	at org.apache.hadoop.ipc.RPC$Server.call(RPC.java:1093)
	at org.apache.hadoop.ipc.Server$RpcCall.run(Server.java:1035)
	at org.apache.hadoop.ipc.Server$RpcCall.run(Server.java:963)
	at java.security.AccessController.doPrivileged(Native Method)
	at javax.security.auth.Subject.doAs(Subject.java:422)
	at org.apache.hadoop.security.UserGroupInformation.doAs(UserGroupInformation.java:1878)
	at org.apache.hadoop.ipc.Server$Handler.run(Server.java:2966)
, while invoking $Proxy40.send over nodeId=scmNode-1,nodeAddress=/127.0.0.1:40661 after 1 failover attempts. Trying to failover after sleeping for 2000ms.
2022-03-09 23:21:56,512 [EndpointStateMachine task thread for /127.0.0.1:43683 - 0 ] INFO  ipc.Client (Client.java:handleConnectionFailure(977)) - Retrying connect to server: localhost/127.0.0.1:43683. Already tried 13 time(s); retry policy is RetryUpToMaximumCountWithFixedSleep(maxRetries=15, sleepTime=1000 MILLISECONDS)
2022-03-09 23:21:57,513 [EndpointStateMachine task thread for /127.0.0.1:43683 - 0 ] INFO  ipc.Client (Client.java:handleConnectionFailure(977)) - Retrying connect to server: localhost/127.0.0.1:43683. Already tried 14 time(s); retry policy is RetryUpToMaximumCountWithFixedSleep(maxRetries=15, sleepTime=1000 MILLISECONDS)
2022-03-09 23:21:58,162 [Listener at 0.0.0.0/42627] INFO  retry.RetryInvocationHandler (RetryInvocationHandler.java:log(411)) - com.google.protobuf.ServiceException: org.apache.hadoop.ipc.RemoteException(org.apache.hadoop.hdds.ratis.ServerNotLeaderException): Server:b64818b1-8873-42dd-a727-ccc2cc2b6dc9 is not the leader. Could not determine the leader node.
	at org.apache.hadoop.hdds.ratis.ServerNotLeaderException.convertToNotLeaderException(ServerNotLeaderException.java:109)
	at org.apache.hadoop.hdds.scm.ha.RatisUtil.checkRatisException(RatisUtil.java:246)
	at org.apache.hadoop.hdds.scm.protocol.ScmBlockLocationProtocolServerSideTranslatorPB.send(ScmBlockLocationProtocolServerSideTranslatorPB.java:108)
	at org.apache.hadoop.hdds.protocol.proto.ScmBlockLocationProtocolProtos$ScmBlockLocationProtocolService$2.callBlockingMethod(ScmBlockLocationProtocolProtos.java:13937)
	at org.apache.hadoop.ipc.ProtobufRpcEngine$Server.processCall(ProtobufRpcEngine.java:466)
	at org.apache.hadoop.ipc.ProtobufRpcEngine2$Server$ProtoBufRpcInvoker.call(ProtobufRpcEngine2.java:574)
	at org.apache.hadoop.ipc.ProtobufRpcEngine2$Server$ProtoBufRpcInvoker.call(ProtobufRpcEngine2.java:552)
	at org.apache.hadoop.ipc.RPC$Server.call(RPC.java:1093)
	at org.apache.hadoop.ipc.Server$RpcCall.run(Server.java:1035)
	at org.apache.hadoop.ipc.Server$RpcCall.run(Server.java:963)
	at java.security.AccessController.doPrivileged(Native Method)
	at javax.security.auth.Subject.doAs(Subject.java:422)
	at org.apache.hadoop.security.UserGroupInformation.doAs(UserGroupInformation.java:1878)
	at org.apache.hadoop.ipc.Server$Handler.run(Server.java:2966)
, while invoking $Proxy40.send over nodeId=scmNode-1,nodeAddress=/127.0.0.1:40661 after 2 failover attempts. Trying to failover after sleeping for 2000ms.
2022-03-09 23:21:58,514 [EndpointStateMachine task thread for /127.0.0.1:43683 - 0 ] INFO  ipc.Client (Client.java:handleConnectionFailure(977)) - Retrying connect to server: localhost/127.0.0.1:43683. Already tried 0 time(s); retry policy is RetryUpToMaximumCountWithFixedSleep(maxRetries=15, sleepTime=1000 MILLISECONDS)
2022-03-09 23:21:58,922 [b64818b1-8873-42dd-a727-ccc2cc2b6dc9@group-5A05AD500575-FollowerState] INFO  impl.FollowerState (FollowerState.java:run(134)) - b64818b1-8873-42dd-a727-ccc2cc2b6dc9@group-5A05AD500575-FollowerState: change to CANDIDATE, lastRpcElapsedTime:5008999270ns, electionTimeout:5005ms
2022-03-09 23:21:58,923 [b64818b1-8873-42dd-a727-ccc2cc2b6dc9@group-5A05AD500575-FollowerState] INFO  impl.RoleInfo (RoleInfo.java:shutdownFollowerState(108)) - b64818b1-8873-42dd-a727-ccc2cc2b6dc9: shutdown b64818b1-8873-42dd-a727-ccc2cc2b6dc9@group-5A05AD500575-FollowerState
2022-03-09 23:21:58,923 [b64818b1-8873-42dd-a727-ccc2cc2b6dc9@group-5A05AD500575-FollowerState] INFO  server.RaftServer$Division (RaftServerImpl.java:setRole(290)) - b64818b1-8873-42dd-a727-ccc2cc2b6dc9@group-5A05AD500575: changes role from  FOLLOWER to CANDIDATE at term 1 for changeToCandidate
2022-03-09 23:21:58,923 [b64818b1-8873-42dd-a727-ccc2cc2b6dc9@group-5A05AD500575-FollowerState] INFO  server.RaftServerConfigKeys (ConfUtils.java:logGet(44)) - raft.server.leaderelection.pre-vote = false (custom)
2022-03-09 23:21:58,923 [b64818b1-8873-42dd-a727-ccc2cc2b6dc9@group-5A05AD500575-FollowerState] INFO  impl.RoleInfo (RoleInfo.java:updateAndGet(130)) - b64818b1-8873-42dd-a727-ccc2cc2b6dc9: start b64818b1-8873-42dd-a727-ccc2cc2b6dc9@group-5A05AD500575-LeaderElection21
2022-03-09 23:21:58,941 [b64818b1-8873-42dd-a727-ccc2cc2b6dc9@group-5A05AD500575-LeaderElection21] INFO  impl.LeaderElection (LeaderElection.java:askForVotes(306)) - b64818b1-8873-42dd-a727-ccc2cc2b6dc9@group-5A05AD500575-LeaderElection21 ELECTION round 0: submit vote requests at term 2 for 0: [b64818b1-8873-42dd-a727-ccc2cc2b6dc9|rpc:localhost:39949|admin:|client:|dataStream:|priority:0], old=null
2022-03-09 23:21:58,941 [b64818b1-8873-42dd-a727-ccc2cc2b6dc9@group-5A05AD500575-LeaderElection21] INFO  impl.LeaderElection (LeaderElection.java:askForVotes(308)) - b64818b1-8873-42dd-a727-ccc2cc2b6dc9@group-5A05AD500575-LeaderElection21 ELECTION round 0: result PASSED (term=2)
2022-03-09 23:21:58,941 [b64818b1-8873-42dd-a727-ccc2cc2b6dc9@group-5A05AD500575-LeaderElection21] INFO  impl.RoleInfo (RoleInfo.java:shutdownLeaderElection(121)) - b64818b1-8873-42dd-a727-ccc2cc2b6dc9: shutdown b64818b1-8873-42dd-a727-ccc2cc2b6dc9@group-5A05AD500575-LeaderElection21
2022-03-09 23:21:58,941 [b64818b1-8873-42dd-a727-ccc2cc2b6dc9@group-5A05AD500575-LeaderElection21] INFO  server.RaftServer$Division (RaftServerImpl.java:setRole(290)) - b64818b1-8873-42dd-a727-ccc2cc2b6dc9@group-5A05AD500575: changes role from CANDIDATE to LEADER at term 2 for changeToLeader
2022-03-09 23:21:58,941 [b64818b1-8873-42dd-a727-ccc2cc2b6dc9@group-5A05AD500575-LeaderElection21] INFO  ha.SCMStateMachine (SCMStateMachine.java:notifyLeaderChanged(259)) - current SCM becomes leader of term 2.
2022-03-09 23:21:58,941 [b64818b1-8873-42dd-a727-ccc2cc2b6dc9@group-5A05AD500575-LeaderElection21] INFO  ha.SCMContext (SCMContext.java:updateLeaderAndTerm(90)) - update <isLeader,term> from <false,0> to <true,2>
2022-03-09 23:21:58,942 [b64818b1-8873-42dd-a727-ccc2cc2b6dc9@group-5A05AD500575-LeaderElection21] INFO  server.RaftServer$Division (ServerState.java:setLeader(285)) - b64818b1-8873-42dd-a727-ccc2cc2b6dc9@group-5A05AD500575: change Leader from null to b64818b1-8873-42dd-a727-ccc2cc2b6dc9 at term 2 for becomeLeader, leader elected after 5146ms
2022-03-09 23:21:58,942 [b64818b1-8873-42dd-a727-ccc2cc2b6dc9@group-5A05AD500575-LeaderElection21] INFO  server.RaftServerConfigKeys (ConfUtils.java:logGet(44)) - raft.server.staging.catchup.gap = 1000 (default)
2022-03-09 23:21:58,942 [b64818b1-8873-42dd-a727-ccc2cc2b6dc9@group-5A05AD500575-LeaderElection21] INFO  server.RaftServerConfigKeys (ConfUtils.java:logGet(44)) - raft.server.write.element-limit = 4096 (default)
2022-03-09 23:21:58,942 [b64818b1-8873-42dd-a727-ccc2cc2b6dc9@group-5A05AD500575-LeaderElection21] INFO  server.RaftServerConfigKeys (ConfUtils.java:logGet(44)) - raft.server.write.byte-limit = 64MB (=67108864) (default)
2022-03-09 23:21:58,942 [b64818b1-8873-42dd-a727-ccc2cc2b6dc9@group-5A05AD500575-LeaderElection21] INFO  server.RaftServerConfigKeys (ConfUtils.java:logGet(44)) - raft.server.watch.timeout = 10s (default)
2022-03-09 23:21:58,942 [b64818b1-8873-42dd-a727-ccc2cc2b6dc9@group-5A05AD500575-LeaderElection21] INFO  server.RaftServerConfigKeys (ConfUtils.java:logGet(44)) - raft.server.watch.timeout.denomination = 1s (default)
2022-03-09 23:21:58,942 [b64818b1-8873-42dd-a727-ccc2cc2b6dc9@group-5A05AD500575-LeaderElection21] INFO  server.RaftServerConfigKeys (ConfUtils.java:logGet(44)) - raft.server.watch.element-limit = 65536 (default)
2022-03-09 23:21:58,942 [b64818b1-8873-42dd-a727-ccc2cc2b6dc9@group-5A05AD500575-LeaderElection21] INFO  server.RaftServerConfigKeys (ConfUtils.java:logGet(44)) - raft.server.write.element-limit = 4096 (default)
2022-03-09 23:21:58,942 [b64818b1-8873-42dd-a727-ccc2cc2b6dc9@group-5A05AD500575-LeaderElection21] INFO  server.RaftServerConfigKeys (ConfUtils.java:logGet(44)) - raft.server.write.follower.gap.ratio.max = -1.0 (default)
2022-03-09 23:21:58,942 [b64818b1-8873-42dd-a727-ccc2cc2b6dc9@group-5A05AD500575-LeaderElection21] INFO  impl.RoleInfo (RoleInfo.java:updateAndGet(130)) - b64818b1-8873-42dd-a727-ccc2cc2b6dc9: start b64818b1-8873-42dd-a727-ccc2cc2b6dc9@group-5A05AD500575-LeaderStateImpl
2022-03-09 23:21:58,943 [b64818b1-8873-42dd-a727-ccc2cc2b6dc9@group-5A05AD500575-LeaderElection21] INFO  segmented.SegmentedRaftLogWorker (SegmentedRaftLogWorker.java:rollLogSegment(399)) - b64818b1-8873-42dd-a727-ccc2cc2b6dc9@group-5A05AD500575-SegmentedRaftLogWorker: Rolling segment log-0_0 to index:0
2022-03-09 23:21:58,944 [b64818b1-8873-42dd-a727-ccc2cc2b6dc9@group-5A05AD500575-SegmentedRaftLogWorker] INFO  segmented.SegmentedRaftLogWorker (SegmentedRaftLogWorker.java:execute(558)) - b64818b1-8873-42dd-a727-ccc2cc2b6dc9@group-5A05AD500575-SegmentedRaftLogWorker: Rolled log segment from /home/runner/work/ozone/ozone/hadoop-ozone/integration-test/target/test-dir/MiniOzoneClusterImpl-4dc72195-aa51-421e-b53c-5a05ad500575/scmNode-1/scm-ha/4dc72195-aa51-421e-b53c-5a05ad500575/current/log_inprogress_0 to /home/runner/work/ozone/ozone/hadoop-ozone/integration-test/target/test-dir/MiniOzoneClusterImpl-4dc72195-aa51-421e-b53c-5a05ad500575/scmNode-1/scm-ha/4dc72195-aa51-421e-b53c-5a05ad500575/current/log_0-0
2022-03-09 23:21:58,958 [b64818b1-8873-42dd-a727-ccc2cc2b6dc9@group-5A05AD500575-SegmentedRaftLogWorker] INFO  segmented.SegmentedRaftLogWorker (SegmentedRaftLogWorker.java:execute(601)) - b64818b1-8873-42dd-a727-ccc2cc2b6dc9@group-5A05AD500575-SegmentedRaftLogWorker: created new log segment /home/runner/work/ozone/ozone/hadoop-ozone/integration-test/target/test-dir/MiniOzoneClusterImpl-4dc72195-aa51-421e-b53c-5a05ad500575/scmNode-1/scm-ha/4dc72195-aa51-421e-b53c-5a05ad500575/current/log_inprogress_1
2022-03-09 23:21:58,958 [b64818b1-8873-42dd-a727-ccc2cc2b6dc9@group-5A05AD500575-LeaderElection21] INFO  server.RaftServer$Division (ServerState.java:setRaftConf(387)) - b64818b1-8873-42dd-a727-ccc2cc2b6dc9@group-5A05AD500575: set configuration 1: [b64818b1-8873-42dd-a727-ccc2cc2b6dc9|rpc:localhost:39949|admin:|client:|dataStream:|priority:0], old=null
2022-03-09 23:21:58,977 [b64818b1-8873-42dd-a727-ccc2cc2b6dc9@group-5A05AD500575-StateMachineUpdater] INFO  ha.SCMContext (SCMContext.java:setLeaderReady(117)) - update <isLeaderReady> from <false> to <true>
2022-03-09 23:21:58,980 [b64818b1-8873-42dd-a727-ccc2cc2b6dc9@group-5A05AD500575-StateMachineUpdater] INFO  pipeline.BackgroundPipelineCreator (BackgroundPipelineCreator.java:notifyStatusChanged(264)) - Service BackgroundPipelineCreator transitions to RUNNING.
2022-03-09 23:21:58,981 [b64818b1-8873-42dd-a727-ccc2cc2b6dc9@group-5A05AD500575-StateMachineUpdater] INFO  safemode.HealthyPipelineSafeModeRule (HealthyPipelineSafeModeRule.java:initializeRule(152)) - Refreshed total pipeline count is 0, healthy pipeline threshold count is 1
2022-03-09 23:21:58,981 [b64818b1-8873-42dd-a727-ccc2cc2b6dc9@group-5A05AD500575-StateMachineUpdater] INFO  safemode.ContainerSafeModeRule (ContainerSafeModeRule.java:reInitializeRule(177)) - Refreshed one replica container threshold 0, currentThreshold 0
2022-03-09 23:21:58,981 [b64818b1-8873-42dd-a727-ccc2cc2b6dc9@group-5A05AD500575-StateMachineUpdater] INFO  safemode.OneReplicaPipelineSafeModeRule (OneReplicaPipelineSafeModeRule.java:initializeRule(176)) - Refreshed Total pipeline count is 0, pipeline's with at least one datanode reported threshold count is 0
2022-03-09 23:21:58,981 [b64818b1-8873-42dd-a727-ccc2cc2b6dc9@group-5A05AD500575-StateMachineUpdater] INFO  server.SCMDatanodeProtocolServer (SCMDatanodeProtocolServer.java:start(183)) - ScmDatanodeProtocol RPC server for DataNodes is listening at /0.0.0.0:42271
2022-03-09 23:21:58,985 [IPC Server listener on 42271] INFO  ipc.Server (Server.java:run(1344)) - IPC Server listener on 42271: starting
2022-03-09 23:21:59,020 [IPC Server Responder] INFO  ipc.Server (Server.java:run(1507)) - IPC Server Responder: starting
2022-03-09 23:21:59,515 [EndpointStateMachine task thread for /127.0.0.1:43683 - 0 ] INFO  ipc.Client (Client.java:handleConnectionFailure(977)) - Retrying connect to server: localhost/127.0.0.1:43683. Already tried 1 time(s); retry policy is RetryUpToMaximumCountWithFixedSleep(maxRetries=15, sleepTime=1000 MILLISECONDS)
OM initialization succeeded.Current cluster id for sd=/home/runner/work/ozone/ozone/hadoop-ozone/integration-test/target/test-dir/MiniOzoneClusterImpl-4dc72195-aa51-421e-b53c-5a05ad500575/omNode-1/om;cid=4dc72195-aa51-421e-b53c-5a05ad500575;layoutVersion=0
2022-03-09 23:22:00,167 [Listener at 0.0.0.0/42627] INFO  ha.OMHANodeDetails (OMHANodeDetails.java:loadOMHAConfig(118)) - ServiceID for OzoneManager is om-add-remove
2022-03-09 23:22:00,168 [Listener at 0.0.0.0/42627] INFO  ha.OMHANodeDetails (OMHANodeDetails.java:loadOMHAConfig(193)) - Found matching OM address with OMServiceId: om-add-remove, OMNodeId: omNode-1, RPC Address: localhost:34785 and Ratis port: 46619
2022-03-09 23:22:00,168 [Listener at 0.0.0.0/42627] INFO  ha.OMHANodeDetails (ConfUtils.java:setNodeSpecificConfigs(108)) - Setting configuration key ozone.om.http-address with value of key ozone.om.http-address.om-add-remove.omNode-1: 127.0.0.1:42237
2022-03-09 23:22:00,168 [Listener at 0.0.0.0/42627] INFO  ha.OMHANodeDetails (ConfUtils.java:setNodeSpecificConfigs(108)) - Setting configuration key ozone.om.https-address with value of key ozone.om.https-address.om-add-remove.omNode-1: 127.0.0.1:36817
2022-03-09 23:22:00,168 [Listener at 0.0.0.0/42627] INFO  ha.OMHANodeDetails (ConfUtils.java:setNodeSpecificConfigs(108)) - Setting configuration key ozone.om.address with value of key ozone.om.address.om-add-remove.omNode-1: 127.0.0.1:34785
2022-03-09 23:22:00,168 [Listener at 0.0.0.0/42627] WARN  server.ServerUtils (ServerUtils.java:getDBPath(225)) - ozone.om.db.dirs is not configured. We recommend adding this setting. Falling back to ozone.metadata.dirs instead.
2022-03-09 23:22:00,168 [Listener at 0.0.0.0/42627] INFO  upgrade.AbstractLayoutVersionManager (AbstractLayoutVersionManager.java:init(79)) - Initializing Layout version manager with metadata layout = INITIAL_VERSION (version = 0), software layout = INITIAL_VERSION (version = 0)
2022-03-09 23:22:00,248 [Listener at 0.0.0.0/42627] INFO  reflections.Reflections (Reflections.java:scan(232)) - Reflections took 78 ms to scan 2 urls, producing 134 keys and 349 values [using 2 cores]
2022-03-09 23:22:00,249 [Listener at 0.0.0.0/42627] INFO  upgrade.OMLayoutVersionManager (OMLayoutVersionManager.java:lambda$0(115)) - Skipping Upgrade Action MockOmUpgradeAction since it has been finalized.
2022-03-09 23:22:00,249 [Listener at 0.0.0.0/42627] WARN  server.ServerUtils (ServerUtils.java:getDBPath(225)) - ozone.om.db.dirs is not configured. We recommend adding this setting. Falling back to ozone.metadata.dirs instead.
2022-03-09 23:22:00,249 [Listener at 0.0.0.0/42627] INFO  ha.SCMNodeInfo (SCMNodeInfo.java:getPort(197)) - ConfigKey ozone.scm.client.address is deprecated, For configuring different ports for each SCM use PortConfigKey ozone.scm.client.port appended with serviceId and nodeId
2022-03-09 23:22:00,249 [Listener at 0.0.0.0/42627] INFO  ha.SCMNodeInfo (SCMNodeInfo.java:getPort(197)) - ConfigKey ozone.scm.block.client.address is deprecated, For configuring different ports for each SCM use PortConfigKey ozone.scm.block.client.port appended with serviceId and nodeId
2022-03-09 23:22:00,250 [Listener at 0.0.0.0/42627] INFO  ha.SCMNodeInfo (SCMNodeInfo.java:getPort(197)) - ConfigKey ozone.scm.datanode.address is deprecated, For configuring different ports for each SCM use PortConfigKey ozone.scm.datanode.port appended with serviceId and nodeId
2022-03-09 23:22:00,252 [Listener at 0.0.0.0/42627] INFO  ha.SCMNodeInfo (SCMNodeInfo.java:getPort(197)) - ConfigKey ozone.scm.client.address is deprecated, For configuring different ports for each SCM use PortConfigKey ozone.scm.client.port appended with serviceId and nodeId
2022-03-09 23:22:00,252 [Listener at 0.0.0.0/42627] INFO  ha.SCMNodeInfo (SCMNodeInfo.java:getPort(197)) - ConfigKey ozone.scm.block.client.address is deprecated, For configuring different ports for each SCM use PortConfigKey ozone.scm.block.client.port appended with serviceId and nodeId
2022-03-09 23:22:00,252 [Listener at 0.0.0.0/42627] INFO  ha.SCMNodeInfo (SCMNodeInfo.java:getPort(197)) - ConfigKey ozone.scm.datanode.address is deprecated, For configuring different ports for each SCM use PortConfigKey ozone.scm.datanode.port appended with serviceId and nodeId
2022-03-09 23:22:00,253 [Listener at 0.0.0.0/42627] INFO  ha.SCMNodeInfo (SCMNodeInfo.java:getPort(197)) - ConfigKey ozone.scm.client.address is deprecated, For configuring different ports for each SCM use PortConfigKey ozone.scm.client.port appended with serviceId and nodeId
2022-03-09 23:22:00,253 [Listener at 0.0.0.0/42627] INFO  ha.SCMNodeInfo (SCMNodeInfo.java:getPort(197)) - ConfigKey ozone.scm.block.client.address is deprecated, For configuring different ports for each SCM use PortConfigKey ozone.scm.block.client.port appended with serviceId and nodeId
2022-03-09 23:22:00,253 [Listener at 0.0.0.0/42627] INFO  ha.SCMNodeInfo (SCMNodeInfo.java:getPort(197)) - ConfigKey ozone.scm.datanode.address is deprecated, For configuring different ports for each SCM use PortConfigKey ozone.scm.datanode.port appended with serviceId and nodeId
2022-03-09 23:22:00,277 [Listener at 0.0.0.0/42627] WARN  server.ServerUtils (ServerUtils.java:getDBPath(225)) - ozone.om.db.dirs is not configured. We recommend adding this setting. Falling back to ozone.metadata.dirs instead.
2022-03-09 23:22:00,277 [Listener at 0.0.0.0/42627] INFO  codec.OmKeyInfoCodec (OmKeyInfoCodec.java:<init>(50)) - OmKeyInfoCodec ignorePipeline = true
2022-03-09 23:22:00,277 [Listener at 0.0.0.0/42627] INFO  codec.RepeatedOmKeyInfoCodec (RepeatedOmKeyInfoCodec.java:<init>(42)) - RepeatedOmKeyInfoCodec ignorePipeline = true
2022-03-09 23:22:00,483 [Listener at 0.0.0.0/42627] INFO  om.OzoneManager (OzoneManager.java:addS3GVolumeToDB(3733)) - Created Volume s3v With Owner runner required for S3Gateway operations.
2022-03-09 23:22:00,488 [Listener at 0.0.0.0/42627] WARN  server.ServerUtils (ServerUtils.java:getDefaultRatisDirectory(237)) - Storage directory for Ratis is not configured. It is a good idea to map this to an SSD disk. Falling back to ozone.metadata.dirs
2022-03-09 23:22:00,488 [Listener at 0.0.0.0/42627] WARN  utils.OzoneManagerRatisUtils (OzoneManagerRatisUtils.java:getOMRatisSnapshotDirectory(330)) - ozone.om.ratis.snapshot.dir is not configured. Falling back to ozone.metadata.dirs config
2022-03-09 23:22:00,489 [Listener at 0.0.0.0/42627] WARN  impl.MetricRegistriesImpl (MetricRegistriesImpl.java:addReporterRegistration(111)) - New reporters are added after registries were created. Some metrics will be missing from the reporter. Please add reporter before adding any new registry.
2022-03-09 23:22:00,489 [Listener at 0.0.0.0/42627] WARN  impl.MetricRegistriesImpl (MetricRegistriesImpl.java:addReporterRegistration(111)) - New reporters are added after registries were created. Some metrics will be missing from the reporter. Please add reporter before adding any new registry.
2022-03-09 23:22:00,489 [Listener at 0.0.0.0/42627] WARN  server.ServerUtils (ServerUtils.java:getDefaultRatisDirectory(237)) - Storage directory for Ratis is not configured. It is a good idea to map this to an SSD disk. Falling back to ozone.metadata.dirs
2022-03-09 23:22:00,490 [Listener at 0.0.0.0/42627] INFO  ratis.OzoneManagerRatisServer (OzoneManagerRatisServer.java:<init>(159)) - Instantiating OM Ratis server with groupID: om-add-remove and peers: localhost:46619
2022-03-09 23:22:00,491 [Listener at 0.0.0.0/42627] INFO  ratis.OzoneManagerStateMachine (OzoneManagerStateMachine.java:loadSnapshotInfoFromDB(605)) - LastAppliedIndex is set from TransactionInfo from OM DB as (t:0, i:~)
2022-03-09 23:22:00,500 [Listener at 0.0.0.0/42627] INFO  server.RaftServer (ConfUtils.java:logGet(44)) - raft.rpc.type = GRPC (default)
2022-03-09 23:22:00,500 [Listener at 0.0.0.0/42627] INFO  grpc.GrpcFactory (GrpcFactory.java:checkPooledByteBufAllocatorUseCacheForAllThreads(48)) - PERFORMANCE WARNING: useCacheForAllThreads is true that may cause Netty to create a lot garbage objects and, as a result, trigger GC.
	It is recommended to disable useCacheForAllThreads by setting -Dorg.apache.ratis.thirdparty.io.netty.allocator.useCacheForAllThreads=false in command line.
2022-03-09 23:22:00,500 [Listener at 0.0.0.0/42627] INFO  grpc.GrpcConfigKeys (ConfUtils.java:logGet(44)) - raft.grpc.admin.port = -1 (default)
2022-03-09 23:22:00,500 [Listener at 0.0.0.0/42627] INFO  grpc.GrpcConfigKeys (ConfUtils.java:logGet(44)) - raft.grpc.server.port = 46619 (custom)
2022-03-09 23:22:00,500 [Listener at 0.0.0.0/42627] INFO  grpc.GrpcConfigKeys (ConfUtils.java:logGet(44)) - raft.grpc.client.port = -1 (default)
2022-03-09 23:22:00,501 [Listener at 0.0.0.0/42627] INFO  grpc.GrpcConfigKeys (ConfUtils.java:logGet(44)) - raft.grpc.server.port = 46619 (custom)
2022-03-09 23:22:00,501 [Listener at 0.0.0.0/42627] INFO  grpc.GrpcConfigKeys (ConfUtils.java:logGet(44)) - raft.grpc.server.port = 46619 (custom)
2022-03-09 23:22:00,501 [Listener at 0.0.0.0/42627] INFO  server.GrpcService (ConfUtils.java:logGet(44)) - raft.grpc.message.size.max = 33554432 (custom)
2022-03-09 23:22:00,501 [Listener at 0.0.0.0/42627] INFO  server.RaftServerConfigKeys (ConfUtils.java:logGet(44)) - raft.server.log.appender.buffer.byte-limit = 33554432 (custom)
2022-03-09 23:22:00,501 [Listener at 0.0.0.0/42627] INFO  server.GrpcService (ConfUtils.java:logGet(44)) - raft.grpc.flow.control.window = 1MB (=1048576) (default)
2022-03-09 23:22:00,501 [Listener at 0.0.0.0/42627] INFO  server.RaftServerConfigKeys (ConfUtils.java:logGet(44)) - raft.server.rpc.request.timeout = 3000ms (default)
2022-03-09 23:22:00,502 [Listener at 0.0.0.0/42627] INFO  impl.DataStreamServerImpl (ConfUtils.java:logGet(44)) - raft.datastream.type = DISABLED (default)
2022-03-09 23:22:00,502 [Listener at 0.0.0.0/42627] INFO  server.RaftServerConfigKeys (ConfUtils.java:logGet(44)) - raft.server.rpc.slowness.timeout = 2s (custom)
2022-03-09 23:22:00,502 [Listener at 0.0.0.0/42627] INFO  server.RaftServerConfigKeys (ConfUtils.java:logGet(44)) - raft.server.leaderelection.leader.step-down.wait-time = 10s (default)
2022-03-09 23:22:00,502 [Listener at 0.0.0.0/42627] INFO  server.RaftServerConfigKeys (ConfUtils.java:logGet(44)) - raft.server.storage.dir = [/home/runner/work/ozone/ozone/hadoop-ozone/integration-test/target/test-dir/MiniOzoneClusterImpl-4dc72195-aa51-421e-b53c-5a05ad500575/omNode-1/ratis] (custom)
2022-03-09 23:22:00,503 [Listener at 0.0.0.0/42627] INFO  server.RaftServer (RaftServerProxy.java:addNew(95)) - omNode-1: addNew group-0AAC5367B30E:[omNode-1|rpc:localhost:46619|priority:0] returns group-0AAC5367B30E:java.util.concurrent.CompletableFuture@6c3718f2[Not completed]
2022-03-09 23:22:00,503 [Listener at 0.0.0.0/42627] INFO  om.OzoneManager (OzoneManager.java:initializeRatisServer(1834)) - OzoneManager Ratis server initialized at port 46619
2022-03-09 23:22:00,504 [Listener at 0.0.0.0/42627] INFO  ipc.CallQueueManager (CallQueueManager.java:<init>(90)) - Using callQueue: class java.util.concurrent.LinkedBlockingQueue, queueCapacity: 2000, scheduler: class org.apache.hadoop.ipc.DefaultRpcScheduler, ipcBackoff: false.
2022-03-09 23:22:00,508 [pool-285-thread-1] INFO  server.RaftServer$Division (RaftServerImpl.java:<init>(184)) - omNode-1: new RaftServerImpl for group-0AAC5367B30E:[omNode-1|rpc:localhost:46619|priority:0] with OzoneManagerStateMachine:uninitialized
2022-03-09 23:22:00,509 [Socket Reader #1 for port 34785] INFO  ipc.Server (Server.java:run(1265)) - Starting Socket Reader #1 for port 34785
2022-03-09 23:22:00,516 [EndpointStateMachine task thread for /127.0.0.1:43683 - 0 ] INFO  ipc.Client (Client.java:handleConnectionFailure(977)) - Retrying connect to server: localhost/127.0.0.1:43683. Already tried 2 time(s); retry policy is RetryUpToMaximumCountWithFixedSleep(maxRetries=15, sleepTime=1000 MILLISECONDS)
2022-03-09 23:22:00,518 [pool-285-thread-1] INFO  server.RaftServerConfigKeys (ConfUtils.java:logGet(44)) - raft.server.rpc.timeout.min = 1s (custom)
2022-03-09 23:22:00,518 [pool-285-thread-1] INFO  server.RaftServerConfigKeys (ConfUtils.java:logGet(44)) - raft.server.rpc.timeout.max = 1200ms (custom)
2022-03-09 23:22:00,518 [pool-285-thread-1] INFO  server.RaftServerConfigKeys (ConfUtils.java:logGet(44)) - raft.server.rpc.sleep.time = 25ms (default)
2022-03-09 23:22:00,518 [pool-285-thread-1] INFO  server.RaftServerConfigKeys (ConfUtils.java:logGet(44)) - raft.server.rpc.slowness.timeout = 2s (custom)
2022-03-09 23:22:00,518 [pool-285-thread-1] INFO  server.RaftServerConfigKeys (ConfUtils.java:logGet(44)) - raft.server.leaderelection.leader.step-down.wait-time = 10s (default)
2022-03-09 23:22:00,518 [pool-285-thread-1] INFO  server.RaftServerConfigKeys (ConfUtils.java:logGet(44)) - raft.server.sleep.deviation.threshold = 300ms (default)
2022-03-09 23:22:00,518 [pool-285-thread-1] INFO  server.RaftServerConfigKeys (ConfUtils.java:logGet(44)) - raft.server.log.appender.install.snapshot.enabled = false (custom)
2022-03-09 23:22:00,518 [pool-285-thread-1] INFO  server.RaftServer$Division (ServerState.java:<init>(105)) - omNode-1@group-0AAC5367B30E: ConfigurationManager, init=-1: [omNode-1|rpc:localhost:46619|priority:0], old=null, confs=<EMPTY_MAP>
2022-03-09 23:22:00,518 [pool-285-thread-1] INFO  server.RaftServerConfigKeys (ConfUtils.java:logGet(44)) - raft.server.storage.dir = [/home/runner/work/ozone/ozone/hadoop-ozone/integration-test/target/test-dir/MiniOzoneClusterImpl-4dc72195-aa51-421e-b53c-5a05ad500575/omNode-1/ratis] (custom)
2022-03-09 23:22:00,518 [pool-285-thread-1] INFO  server.RaftServerConfigKeys (ConfUtils.java:logGet(44)) - raft.server.log.corruption.policy = EXCEPTION (default)
2022-03-09 23:22:00,518 [pool-285-thread-1] INFO  server.RaftServerConfigKeys (ConfUtils.java:logGet(44)) - raft.server.storage.free-space.min = 0MB (=0) (default)
2022-03-09 23:22:00,518 [pool-285-thread-1] INFO  storage.RaftStorageDirectory (RaftStorageDirectoryImpl.java:analyzeStorage(135)) - The storage directory /home/runner/work/ozone/ozone/hadoop-ozone/integration-test/target/test-dir/MiniOzoneClusterImpl-4dc72195-aa51-421e-b53c-5a05ad500575/omNode-1/ratis/0718e334-ffa1-36bc-8e9a-0aac5367b30e does not exist. Creating ...
2022-03-09 23:22:00,529 [pool-285-thread-1] INFO  storage.RaftStorageDirectory (RaftStorageDirectoryImpl.java:tryLock(230)) - Lock on /home/runner/work/ozone/ozone/hadoop-ozone/integration-test/target/test-dir/MiniOzoneClusterImpl-4dc72195-aa51-421e-b53c-5a05ad500575/omNode-1/ratis/0718e334-ffa1-36bc-8e9a-0aac5367b30e/in_use.lock acquired by nodename 18126@fv-az184-819
2022-03-09 23:22:00,530 [pool-285-thread-1] INFO  storage.RaftStorage (RaftStorageImpl.java:format(89)) - Storage directory /home/runner/work/ozone/ozone/hadoop-ozone/integration-test/target/test-dir/MiniOzoneClusterImpl-4dc72195-aa51-421e-b53c-5a05ad500575/omNode-1/ratis/0718e334-ffa1-36bc-8e9a-0aac5367b30e has been successfully formatted.
2022-03-09 23:22:00,530 [pool-285-thread-1] INFO  server.RaftServerConfigKeys (ConfUtils.java:logGet(44)) - raft.server.notification.no-leader.timeout = 2s (custom)
2022-03-09 23:22:00,530 [pool-285-thread-1] INFO  server.RaftServerConfigKeys (ConfUtils.java:logGet(44)) - raft.server.log.use.memory = false (default)
2022-03-09 23:22:00,530 [pool-285-thread-1] INFO  server.RaftServerConfigKeys (ConfUtils.java:logGet(44)) - raft.server.log.purge.gap = 1000000 (custom)
2022-03-09 23:22:00,530 [pool-285-thread-1] INFO  server.RaftServerConfigKeys (ConfUtils.java:logGet(44)) - raft.server.log.appender.buffer.byte-limit = 33554432 (custom)
2022-03-09 23:22:00,530 [pool-285-thread-1] INFO  server.RaftServerConfigKeys (ConfUtils.java:logGet(44)) - raft.server.log.segment.size.max = 4194304 (custom)
2022-03-09 23:22:00,531 [pool-285-thread-1] INFO  server.RaftServerConfigKeys (ConfUtils.java:logGet(44)) - raft.server.log.segment.cache.num.max = 2 (custom)
2022-03-09 23:22:00,531 [pool-285-thread-1] INFO  server.RaftServerConfigKeys (ConfUtils.java:logGet(44)) - raft.server.log.segment.cache.size.max = 200MB (=209715200) (default)
2022-03-09 23:22:00,531 [pool-285-thread-1] INFO  segmented.SegmentedRaftLogWorker (SegmentedRaftLogWorker.java:<init>(182)) - new omNode-1@group-0AAC5367B30E-SegmentedRaftLogWorker for RaftStorageImpl:Storage Directory /home/runner/work/ozone/ozone/hadoop-ozone/integration-test/target/test-dir/MiniOzoneClusterImpl-4dc72195-aa51-421e-b53c-5a05ad500575/omNode-1/ratis/0718e334-ffa1-36bc-8e9a-0aac5367b30e
2022-03-09 23:22:00,531 [pool-285-thread-1] INFO  server.RaftServerConfigKeys (ConfUtils.java:logGet(44)) - raft.server.log.queue.byte-limit = 64MB (=67108864) (default)
2022-03-09 23:22:00,531 [pool-285-thread-1] INFO  server.RaftServerConfigKeys (ConfUtils.java:logGet(44)) - raft.server.log.queue.element-limit = 4096 (default)
2022-03-09 23:22:00,531 [pool-285-thread-1] INFO  server.RaftServerConfigKeys (ConfUtils.java:logGet(44)) - raft.server.log.segment.size.max = 4194304 (custom)
2022-03-09 23:22:00,531 [pool-285-thread-1] INFO  server.RaftServerConfigKeys (ConfUtils.java:logGet(44)) - raft.server.log.preallocated.size = 4194304 (custom)
2022-03-09 23:22:00,531 [pool-285-thread-1] INFO  server.RaftServerConfigKeys (ConfUtils.java:logGet(44)) - raft.server.log.force.sync.num = 128 (default)
2022-03-09 23:22:00,531 [pool-285-thread-1] INFO  server.RaftServerConfigKeys (ConfUtils.java:logGet(44)) - raft.server.log.statemachine.data.sync = true (default)
2022-03-09 23:22:00,531 [pool-285-thread-1] INFO  server.RaftServerConfigKeys (ConfUtils.java:logGet(44)) - raft.server.log.statemachine.data.sync.timeout = 10s (default)
2022-03-09 23:22:00,531 [pool-285-thread-1] INFO  server.RaftServerConfigKeys (ConfUtils.java:logGet(44)) - raft.server.log.statemachine.data.sync.timeout.retry = -1 (default)
2022-03-09 23:22:00,532 [pool-285-thread-1] INFO  server.RaftServerConfigKeys (ConfUtils.java:logGet(44)) - raft.server.log.write.buffer.size = 64KB (=65536) (default)
2022-03-09 23:22:00,532 [pool-285-thread-1] INFO  server.RaftServerConfigKeys (ConfUtils.java:logGet(44)) - raft.server.log.statemachine.data.caching.enabled = false (default)
2022-03-09 23:22:00,532 [pool-285-thread-1] INFO  segmented.SegmentedRaftLogWorker (SegmentedRaftLogWorker.java:lambda$new$0(133)) - omNode-1@group-0AAC5367B30E-SegmentedRaftLogWorker: flushIndex: setUnconditionally 0 -> -1
2022-03-09 23:22:00,532 [pool-285-thread-1] INFO  segmented.SegmentedRaftLogWorker (SegmentedRaftLogWorker.java:lambda$new$0(133)) - omNode-1@group-0AAC5367B30E-SegmentedRaftLogWorker: safeCacheEvictIndex: setUnconditionally 0 -> -1
2022-03-09 23:22:00,548 [pool-285-thread-1] INFO  server.RaftServerConfigKeys (ConfUtils.java:logGet(44)) - raft.server.snapshot.auto.trigger.enabled = true (custom)
2022-03-09 23:22:00,548 [pool-285-thread-1] INFO  server.RaftServerConfigKeys (ConfUtils.java:logGet(44)) - raft.server.snapshot.auto.trigger.threshold = 400000 (default)
2022-03-09 23:22:00,548 [pool-285-thread-1] INFO  server.RaftServerConfigKeys (ConfUtils.java:logGet(44)) - raft.server.snapshot.retention.file.num = -1 (default)
2022-03-09 23:22:00,548 [pool-285-thread-1] INFO  server.RaftServerConfigKeys (ConfUtils.java:logGet(44)) - raft.server.log.purge.upto.snapshot.index = true (custom)
2022-03-09 23:22:00,548 [pool-285-thread-1] INFO  server.RaftServerConfigKeys (ConfUtils.java:logGet(44)) - raft.server.retrycache.expirytime = 300s (custom)
2022-03-09 23:22:00,548 [pool-285-thread-1] INFO  server.RaftServerConfigKeys (ConfUtils.java:logGet(44)) - raft.server.retrycache.statistics.expirytime = 100μs (default)
2022-03-09 23:22:00,568 [Listener at 127.0.0.1/34785] INFO  impl.MetricsSystemImpl (MetricsSystemImpl.java:init(158)) - OzoneManager metrics system started (again)
2022-03-09 23:22:00,579 [Listener at 127.0.0.1/34785] INFO  om.OzoneManager (OzoneManager.java:start(1365)) - OzoneManager RPC server is listening at localhost/127.0.0.1:34785
2022-03-09 23:22:00,586 [Listener at 127.0.0.1/34785] INFO  ratis.OzoneManagerRatisServer (OzoneManagerRatisServer.java:start(554)) - Starting OzoneManagerRatisServer omNode-1 at port 46619
2022-03-09 23:22:00,586 [Listener at 127.0.0.1/34785] INFO  server.RaftServer$Division (RaftServerImpl.java:start(301)) - omNode-1@group-0AAC5367B30E: start as a follower, conf=-1: [omNode-1|rpc:localhost:46619|priority:0], old=null
2022-03-09 23:22:00,587 [Listener at 127.0.0.1/34785] INFO  server.RaftServer$Division (RaftServerImpl.java:setRole(290)) - omNode-1@group-0AAC5367B30E: changes role from      null to FOLLOWER at term 0 for startAsFollower
2022-03-09 23:22:00,587 [Listener at 127.0.0.1/34785] INFO  impl.RoleInfo (RoleInfo.java:updateAndGet(130)) - omNode-1: start omNode-1@group-0AAC5367B30E-FollowerState
2022-03-09 23:22:00,592 [Listener at 127.0.0.1/34785] INFO  util.JmxRegister (JmxRegister.java:tryRegister(44)) - Successfully registered JMX Bean with object name Ratis:service=RaftServer,group=group-0AAC5367B30E,id=omNode-1
2022-03-09 23:22:00,596 [Listener at 127.0.0.1/34785] INFO  server.RaftServer (RaftServerProxy.java:lambda$start$5(374)) - omNode-1: start RPC server
2022-03-09 23:22:00,596 [Listener at 127.0.0.1/34785] INFO  server.GrpcService (GrpcService.java:startImpl(253)) - omNode-1: GrpcService started, listening on 46619
2022-03-09 23:22:00,597 [Listener at 127.0.0.1/34785] INFO  om.OzoneManager (OzoneManager.java:start(1381)) - Version File has different layout version (0) than OM DB (null). That is expected if this OM has never been finalized to a newer layout version.
2022-03-09 23:22:00,597 [org.apache.ratis.util.JvmPauseMonitor$$Lambda$435/1210881341@448beede] INFO  util.JvmPauseMonitor (JvmPauseMonitor.java:run(103)) - JvmPauseMonitor-omNode-1: Started
2022-03-09 23:22:00,621 [Listener at 127.0.0.1/34785] INFO  http.BaseHttpServer (BaseHttpServer.java:newHttpServer2BuilderForOzone(209)) - Starting Web-server for ozoneManager at: http://0.0.0.0:42237
2022-03-09 23:22:00,621 [Listener at 127.0.0.1/34785] INFO  http.BaseHttpServer (BaseHttpServer.java:<init>(107)) - Hadoop Security Enabled: false Ozone Security Enabled: false Ozone HTTP Security Enabled: false 
2022-03-09 23:22:00,623 [Listener at 127.0.0.1/34785] INFO  server.AuthenticationFilter (AuthenticationFilter.java:constructSecretProvider(240)) - Unable to initialize FileSignerSecretProvider, falling back to use random secrets.
2022-03-09 23:22:00,624 [Listener at 127.0.0.1/34785] WARN  http.HttpRequestLog (HttpRequestLog.java:getRequestLog(103)) - Jetty request log can only be enabled using Log4j
2022-03-09 23:22:00,625 [Listener at 127.0.0.1/34785] INFO  http.HttpServer2 (HttpServer2.java:addGlobalFilter(1030)) - Added global filter 'safety' (class=org.apache.hadoop.hdds.server.http.HttpServer2$QuotingInputFilter)
2022-03-09 23:22:00,629 [Listener at 127.0.0.1/34785] INFO  http.HttpServer2 (HttpServer2.java:addFilter(1006)) - Added filter static_user_filter (class=org.apache.hadoop.http.lib.StaticUserWebFilter$StaticUserFilter) to context ozoneManager
2022-03-09 23:22:00,629 [Listener at 127.0.0.1/34785] INFO  http.HttpServer2 (HttpServer2.java:addFilter(1014)) - Added filter static_user_filter (class=org.apache.hadoop.http.lib.StaticUserWebFilter$StaticUserFilter) to context static
2022-03-09 23:22:00,629 [Listener at 127.0.0.1/34785] INFO  http.HttpServer2 (HttpServer2.java:addFilter(1014)) - Added filter static_user_filter (class=org.apache.hadoop.http.lib.StaticUserWebFilter$StaticUserFilter) to context logs
2022-03-09 23:22:00,636 [Listener at 127.0.0.1/34785] INFO  http.HttpServer2 (HttpServer2.java:bindListener(1249)) - Jetty bound to port 42237
2022-03-09 23:22:00,636 [Listener at 127.0.0.1/34785] INFO  server.Server (Server.java:doStart(375)) - jetty-9.4.43.v20210629; built: 2021-06-30T11:07:22.254Z; git: 526006ecfa3af7f1a27ef3a288e2bef7ea9dd7e8; jvm 1.8.0_322-b06
2022-03-09 23:22:00,638 [Listener at 127.0.0.1/34785] INFO  server.session (DefaultSessionIdManager.java:doStart(334)) - DefaultSessionIdManager workerName=node0
2022-03-09 23:22:00,638 [Listener at 127.0.0.1/34785] INFO  server.session (DefaultSessionIdManager.java:doStart(339)) - No SessionScavenger set, using defaults
2022-03-09 23:22:00,638 [Listener at 127.0.0.1/34785] INFO  server.session (HouseKeeper.java:startScavenging(132)) - node0 Scavenging every 660000ms
2022-03-09 23:22:00,639 [Listener at 127.0.0.1/34785] INFO  handler.ContextHandler (ContextHandler.java:doStart(915)) - Started o.e.j.s.ServletContextHandler@638d25e0{logs,/logs,file:///home/runner/work/ozone/ozone/hadoop-ozone/integration-test/target/log,AVAILABLE}
2022-03-09 23:22:00,639 [Listener at 127.0.0.1/34785] INFO  handler.ContextHandler (ContextHandler.java:doStart(915)) - Started o.e.j.s.ServletContextHandler@5505a5a4{static,/static,file:///home/runner/work/ozone/ozone/hadoop-ozone/integration-test/target/test-classes/webapps/static,AVAILABLE}
2022-03-09 23:22:00,642 [Listener at 127.0.0.1/34785] INFO  handler.ContextHandler (ContextHandler.java:doStart(915)) - Started o.e.j.w.WebAppContext@2cf73272{ozoneManager,/,file:///home/runner/work/ozone/ozone/hadoop-ozone/integration-test/target/test-classes/webapps/ozoneManager/,AVAILABLE}{file:/home/runner/work/ozone/ozone/hadoop-ozone/integration-test/target/test-classes/webapps/ozoneManager}
2022-03-09 23:22:00,660 [Listener at 127.0.0.1/34785] INFO  server.AbstractConnector (AbstractConnector.java:doStart(331)) - Started ServerConnector@30ecfe0f{HTTP/1.1, (http/1.1)}{0.0.0.0:42237}
2022-03-09 23:22:00,660 [Listener at 127.0.0.1/34785] INFO  server.Server (Server.java:doStart(415)) - Started @85022ms
2022-03-09 23:22:00,660 [Listener at 127.0.0.1/34785] WARN  impl.MetricsSystemImpl (MetricsSystemImpl.java:register(279)) - Sink prometheus already exists!
2022-03-09 23:22:00,661 [Listener at 127.0.0.1/34785] INFO  http.BaseHttpServer (BaseHttpServer.java:updateConnectorAddress(329)) - HTTP server of ozoneManager listening at http://0.0.0.0:42237
2022-03-09 23:22:00,662 [IPC Server Responder] INFO  ipc.Server (Server.java:run(1507)) - IPC Server Responder: starting
2022-03-09 23:22:00,663 [IPC Server listener on 34785] INFO  ipc.Server (Server.java:run(1344)) - IPC Server listener on 34785: starting
2022-03-09 23:22:00,681 [Listener at 127.0.0.1/34785] INFO  om.OzoneManager (OzoneManager.java:startTrashEmptier(1792)) - Trash Interval set to 0. Files deleted will not move to trash
2022-03-09 23:22:00,682 [Listener at 127.0.0.1/34785] INFO  ozone.MiniOzoneHAClusterImpl (MiniOzoneHAClusterImpl.java:createOMService(522)) - Started OzoneManager omNode-1 RPC server at localhost/127.0.0.1:34785
2022-03-09 23:22:00,696 [org.apache.hadoop.util.JvmPauseMonitor$Monitor@57a23048] INFO  util.JvmPauseMonitor (JvmPauseMonitor.java:run(188)) - Starting JVM pause monitor
2022-03-09 23:22:00,702 [Listener at 127.0.0.1/34785] WARN  impl.MetricRegistriesImpl (MetricRegistriesImpl.java:addReporterRegistration(111)) - New reporters are added after registries were created. Some metrics will be missing from the reporter. Please add reporter before adding any new registry.
2022-03-09 23:22:00,702 [Listener at 127.0.0.1/34785] WARN  impl.MetricRegistriesImpl (MetricRegistriesImpl.java:addReporterRegistration(111)) - New reporters are added after registries were created. Some metrics will be missing from the reporter. Please add reporter before adding any new registry.
2022-03-09 23:22:00,707 [Listener at 127.0.0.1/34785] INFO  impl.MetricsSystemImpl (MetricsSystemImpl.java:init(158)) - HddsDatanode metrics system started (again)
2022-03-09 23:22:00,726 [Listener at 127.0.0.1/34785] INFO  ozone.HddsDatanodeService (HddsDatanodeService.java:start(233)) - HddsDatanodeService host:fv-az184-819.3ow45vhwbzuu5incsxmygykede.cx.internal.cloudapp.net ip:10.1.0.60
2022-03-09 23:22:00,767 [Listener at 127.0.0.1/34785] INFO  upgrade.AbstractLayoutVersionManager (AbstractLayoutVersionManager.java:init(79)) - Initializing Layout version manager with metadata layout = SCM_HA (version = 2), software layout = SCM_HA (version = 2)
2022-03-09 23:22:00,869 [Listener at 127.0.0.1/34785] INFO  reflections.Reflections (Reflections.java:scan(232)) - Reflections took 93 ms to scan 7 urls, producing 122 keys and 286 values 
2022-03-09 23:22:00,877 [Listener at 127.0.0.1/34785] INFO  ha.SCMNodeInfo (SCMNodeInfo.java:getPort(197)) - ConfigKey ozone.scm.client.address is deprecated, For configuring different ports for each SCM use PortConfigKey ozone.scm.client.port appended with serviceId and nodeId
2022-03-09 23:22:00,884 [Listener at 127.0.0.1/34785] INFO  ha.SCMNodeInfo (SCMNodeInfo.java:getPort(197)) - ConfigKey ozone.scm.block.client.address is deprecated, For configuring different ports for each SCM use PortConfigKey ozone.scm.block.client.port appended with serviceId and nodeId
2022-03-09 23:22:00,884 [Listener at 127.0.0.1/34785] INFO  ha.SCMNodeInfo (SCMNodeInfo.java:getPort(197)) - ConfigKey ozone.scm.datanode.address is deprecated, For configuring different ports for each SCM use PortConfigKey ozone.scm.datanode.port appended with serviceId and nodeId
2022-03-09 23:22:00,884 [Listener at 127.0.0.1/34785] INFO  statemachine.DatanodeStateMachine (DatanodeStateMachine.java:getEndPointTaskThreadPoolSize(222)) - Datanode State Machine Task Thread Pool size 2
2022-03-09 23:22:00,886 [Listener at 127.0.0.1/34785] INFO  volume.HddsVolume (HddsVolume.java:<init>(120)) - Creating HddsVolume: /home/runner/work/ozone/ozone/hadoop-ozone/integration-test/target/test-dir/MiniOzoneClusterImpl-4dc72195-aa51-421e-b53c-5a05ad500575/datanode-0/data-0/containers/hdds of storage type : DISK capacity : 9223372036854775807
2022-03-09 23:22:00,886 [Listener at 127.0.0.1/34785] INFO  volume.MutableVolumeSet (MutableVolumeSet.java:initializeVolumeSet(168)) - Added Volume : /home/runner/work/ozone/ozone/hadoop-ozone/integration-test/target/test-dir/MiniOzoneClusterImpl-4dc72195-aa51-421e-b53c-5a05ad500575/datanode-0/data-0/containers/hdds to VolumeSet
2022-03-09 23:22:00,886 [Listener at 127.0.0.1/34785] INFO  volume.ThrottledAsyncChecker (ThrottledAsyncChecker.java:schedule(141)) - Scheduling a check for /home/runner/work/ozone/ozone/hadoop-ozone/integration-test/target/test-dir/MiniOzoneClusterImpl-4dc72195-aa51-421e-b53c-5a05ad500575/datanode-0/data-0/containers/hdds
2022-03-09 23:22:00,896 [Listener at 127.0.0.1/34785] INFO  volume.StorageVolumeChecker (StorageVolumeChecker.java:checkAllVolumes(202)) - Scheduled health check for volume /home/runner/work/ozone/ozone/hadoop-ozone/integration-test/target/test-dir/MiniOzoneClusterImpl-4dc72195-aa51-421e-b53c-5a05ad500575/datanode-0/data-0/containers/hdds
2022-03-09 23:22:00,917 [Listener at 127.0.0.1/34785] INFO  volume.MutableVolumeSet (MutableVolumeSet.java:initializeVolumeSet(168)) - Added Volume : /home/runner/work/ozone/ozone/hadoop-ozone/integration-test/target/test-dir/MiniOzoneClusterImpl-4dc72195-aa51-421e-b53c-5a05ad500575/datanode-0/data/ratis to VolumeSet
2022-03-09 23:22:00,917 [Listener at 127.0.0.1/34785] INFO  volume.ThrottledAsyncChecker (ThrottledAsyncChecker.java:schedule(141)) - Scheduling a check for /home/runner/work/ozone/ozone/hadoop-ozone/integration-test/target/test-dir/MiniOzoneClusterImpl-4dc72195-aa51-421e-b53c-5a05ad500575/datanode-0/data/ratis
2022-03-09 23:22:00,917 [Listener at 127.0.0.1/34785] INFO  volume.StorageVolumeChecker (StorageVolumeChecker.java:checkAllVolumes(202)) - Scheduled health check for volume /home/runner/work/ozone/ozone/hadoop-ozone/integration-test/target/test-dir/MiniOzoneClusterImpl-4dc72195-aa51-421e-b53c-5a05ad500575/datanode-0/data/ratis
2022-03-09 23:22:00,928 [Thread-1225] INFO  ozoneimpl.ContainerReader (ContainerReader.java:readVolume(172)) - Finish verifying containers on volume /home/runner/work/ozone/ozone/hadoop-ozone/integration-test/target/test-dir/MiniOzoneClusterImpl-4dc72195-aa51-421e-b53c-5a05ad500575/datanode-0/data-0/containers/hdds
2022-03-09 23:22:00,928 [Listener at 127.0.0.1/34785] INFO  ozoneimpl.OzoneContainer (OzoneContainer.java:buildContainerSet(257)) - Build ContainerSet costs 0s
2022-03-09 23:22:00,933 [Listener at 127.0.0.1/34785] INFO  server.RaftServer (ConfUtils.java:logGet(44)) - raft.rpc.type = GRPC (default)
2022-03-09 23:22:00,933 [Listener at 127.0.0.1/34785] INFO  grpc.GrpcFactory (GrpcFactory.java:checkPooledByteBufAllocatorUseCacheForAllThreads(48)) - PERFORMANCE WARNING: useCacheForAllThreads is true that may cause Netty to create a lot garbage objects and, as a result, trigger GC.
	It is recommended to disable useCacheForAllThreads by setting -Dorg.apache.ratis.thirdparty.io.netty.allocator.useCacheForAllThreads=false in command line.
2022-03-09 23:22:00,933 [Listener at 127.0.0.1/34785] INFO  grpc.GrpcConfigKeys (ConfUtils.java:logGet(44)) - raft.grpc.admin.port = 0 (custom)
2022-03-09 23:22:00,933 [Listener at 127.0.0.1/34785] INFO  grpc.GrpcConfigKeys (ConfUtils.java:logGet(44)) - raft.grpc.client.port = 0 (custom)
2022-03-09 23:22:00,933 [Listener at 127.0.0.1/34785] INFO  grpc.GrpcConfigKeys (ConfUtils.java:logGet(44)) - raft.grpc.server.port = 0 (default)
2022-03-09 23:22:00,933 [Listener at 127.0.0.1/34785] INFO  server.GrpcService (ConfUtils.java:logGet(44)) - raft.grpc.message.size.max = 32MB (=33554432) (custom)
2022-03-09 23:22:00,933 [Listener at 127.0.0.1/34785] INFO  server.RaftServerConfigKeys (ConfUtils.java:logGet(44)) - raft.server.log.appender.buffer.byte-limit = 33554432 (custom)
2022-03-09 23:22:00,933 [Listener at 127.0.0.1/34785] INFO  server.GrpcService (ConfUtils.java:logGet(44)) - raft.grpc.flow.control.window = 5MB (=5242880) (custom)
2022-03-09 23:22:00,933 [Listener at 127.0.0.1/34785] INFO  server.RaftServerConfigKeys (ConfUtils.java:logGet(44)) - raft.server.rpc.request.timeout = 60s (custom)
2022-03-09 23:22:00,934 [Listener at 127.0.0.1/34785] INFO  impl.DataStreamServerImpl (ConfUtils.java:logGet(44)) - raft.datastream.type = DISABLED (default)
2022-03-09 23:22:00,934 [Listener at 127.0.0.1/34785] INFO  server.RaftServerConfigKeys (ConfUtils.java:logGet(44)) - raft.server.rpc.slowness.timeout = 300s (custom)
2022-03-09 23:22:00,934 [Listener at 127.0.0.1/34785] INFO  server.RaftServerConfigKeys (ConfUtils.java:logGet(44)) - raft.server.leaderelection.leader.step-down.wait-time = 10s (default)
2022-03-09 23:22:00,934 [Listener at 127.0.0.1/34785] INFO  server.RaftServerConfigKeys (ConfUtils.java:logGet(44)) - raft.server.storage.dir = [/home/runner/work/ozone/ozone/hadoop-ozone/integration-test/target/test-dir/MiniOzoneClusterImpl-4dc72195-aa51-421e-b53c-5a05ad500575/datanode-0/data/ratis] (custom)
2022-03-09 23:22:00,940 [Listener at 127.0.0.1/34785] INFO  server.XceiverServerGrpc (XceiverServerGrpc.java:<init>(132)) - GrpcServer channel type EpollServerSocketChannel
2022-03-09 23:22:00,957 [Listener at 127.0.0.1/34785] INFO  http.BaseHttpServer (BaseHttpServer.java:newHttpServer2BuilderForOzone(209)) - Starting Web-server for hddsDatanode at: http://0.0.0.0:0
2022-03-09 23:22:00,957 [Listener at 127.0.0.1/34785] INFO  http.BaseHttpServer (BaseHttpServer.java:<init>(107)) - Hadoop Security Enabled: false Ozone Security Enabled: false Ozone HTTP Security Enabled: false 
2022-03-09 23:22:00,960 [Listener at 127.0.0.1/34785] INFO  server.AuthenticationFilter (AuthenticationFilter.java:constructSecretProvider(240)) - Unable to initialize FileSignerSecretProvider, falling back to use random secrets.
2022-03-09 23:22:00,976 [Listener at 127.0.0.1/34785] WARN  http.HttpRequestLog (HttpRequestLog.java:getRequestLog(103)) - Jetty request log can only be enabled using Log4j
2022-03-09 23:22:00,977 [Listener at 127.0.0.1/34785] INFO  http.HttpServer2 (HttpServer2.java:addGlobalFilter(1030)) - Added global filter 'safety' (class=org.apache.hadoop.hdds.server.http.HttpServer2$QuotingInputFilter)
2022-03-09 23:22:00,978 [Listener at 127.0.0.1/34785] INFO  http.HttpServer2 (HttpServer2.java:addFilter(1006)) - Added filter static_user_filter (class=org.apache.hadoop.http.lib.StaticUserWebFilter$StaticUserFilter) to context hddsDatanode
2022-03-09 23:22:00,978 [Listener at 127.0.0.1/34785] INFO  http.HttpServer2 (HttpServer2.java:addFilter(1014)) - Added filter static_user_filter (class=org.apache.hadoop.http.lib.StaticUserWebFilter$StaticUserFilter) to context static
2022-03-09 23:22:00,978 [Listener at 127.0.0.1/34785] INFO  http.HttpServer2 (HttpServer2.java:addFilter(1014)) - Added filter static_user_filter (class=org.apache.hadoop.http.lib.StaticUserWebFilter$StaticUserFilter) to context logs
2022-03-09 23:22:00,978 [Listener at 127.0.0.1/34785] INFO  http.HttpServer2 (HttpServer2.java:bindListener(1249)) - Jetty bound to port 40721
2022-03-09 23:22:00,978 [Listener at 127.0.0.1/34785] INFO  server.Server (Server.java:doStart(375)) - jetty-9.4.43.v20210629; built: 2021-06-30T11:07:22.254Z; git: 526006ecfa3af7f1a27ef3a288e2bef7ea9dd7e8; jvm 1.8.0_322-b06
2022-03-09 23:22:01,048 [Listener at 127.0.0.1/34785] INFO  server.session (DefaultSessionIdManager.java:doStart(334)) - DefaultSessionIdManager workerName=node0
2022-03-09 23:22:01,048 [Listener at 127.0.0.1/34785] INFO  server.session (DefaultSessionIdManager.java:doStart(339)) - No SessionScavenger set, using defaults
2022-03-09 23:22:01,048 [Listener at 127.0.0.1/34785] INFO  server.session (HouseKeeper.java:startScavenging(132)) - node0 Scavenging every 660000ms
2022-03-09 23:22:01,049 [Listener at 127.0.0.1/34785] INFO  handler.ContextHandler (ContextHandler.java:doStart(915)) - Started o.e.j.s.ServletContextHandler@6e131738{logs,/logs,file:///home/runner/work/ozone/ozone/hadoop-ozone/integration-test/target/log,AVAILABLE}
2022-03-09 23:22:01,049 [Listener at 127.0.0.1/34785] INFO  handler.ContextHandler (ContextHandler.java:doStart(915)) - Started o.e.j.s.ServletContextHandler@24d7fa65{static,/static,jar:file:/home/runner/.m2/repository/org/apache/ozone/hdds-container-service/1.3.0-SNAPSHOT/hdds-container-service-1.3.0-SNAPSHOT.jar!/webapps/static,AVAILABLE}
2022-03-09 23:22:01,117 [Listener at 127.0.0.1/34785] INFO  handler.ContextHandler (ContextHandler.java:doStart(915)) - Started o.e.j.w.WebAppContext@3474a7f6{hddsDatanode,/,file:///tmp/jetty-0_0_0_0-40721-hdds-container-service-1_3_0-SNAPSHOT_jar-_-any-4653399467714760796/webapp/,AVAILABLE}{jar:file:/home/runner/.m2/repository/org/apache/ozone/hdds-container-service/1.3.0-SNAPSHOT/hdds-container-service-1.3.0-SNAPSHOT.jar!/webapps/hddsDatanode}
2022-03-09 23:22:01,119 [Listener at 127.0.0.1/34785] INFO  server.AbstractConnector (AbstractConnector.java:doStart(331)) - Started ServerConnector@5e6f4b94{HTTP/1.1, (http/1.1)}{0.0.0.0:40721}
2022-03-09 23:22:01,119 [Listener at 127.0.0.1/34785] INFO  server.Server (Server.java:doStart(415)) - Started @85481ms
2022-03-09 23:22:01,119 [Listener at 127.0.0.1/34785] WARN  impl.MetricsSystemImpl (MetricsSystemImpl.java:register(279)) - Sink prometheus already exists!
2022-03-09 23:22:01,120 [Listener at 127.0.0.1/34785] INFO  http.BaseHttpServer (BaseHttpServer.java:updateConnectorAddress(329)) - HTTP server of hddsDatanode listening at http://0.0.0.0:40721
2022-03-09 23:22:01,120 [Listener at 127.0.0.1/34785] WARN  impl.MetricRegistriesImpl (MetricRegistriesImpl.java:addReporterRegistration(111)) - New reporters are added after registries were created. Some metrics will be missing from the reporter. Please add reporter before adding any new registry.
2022-03-09 23:22:01,121 [Listener at 127.0.0.1/34785] WARN  impl.MetricRegistriesImpl (MetricRegistriesImpl.java:addReporterRegistration(111)) - New reporters are added after registries were created. Some metrics will be missing from the reporter. Please add reporter before adding any new registry.
2022-03-09 23:22:01,121 [Listener at 127.0.0.1/34785] INFO  impl.MetricsSystemImpl (MetricsSystemImpl.java:init(158)) - HddsDatanode metrics system started (again)
2022-03-09 23:22:01,131 [Listener at 127.0.0.1/34785] INFO  ozone.HddsDatanodeService (HddsDatanodeService.java:start(233)) - HddsDatanodeService host:fv-az184-819.3ow45vhwbzuu5incsxmygykede.cx.internal.cloudapp.net ip:10.1.0.60
2022-03-09 23:22:01,132 [Datanode State Machine Daemon Thread] INFO  statemachine.DatanodeStateMachine (DatanodeStateMachine.java:lambda$startDaemon$0(470)) - Ozone container server started.
2022-03-09 23:22:01,169 [org.apache.hadoop.util.JvmPauseMonitor$Monitor@2d0244e4] INFO  util.JvmPauseMonitor (JvmPauseMonitor.java:run(188)) - Starting JVM pause monitor
2022-03-09 23:22:01,172 [Datanode State Machine Task Thread - 0] INFO  ha.SCMNodeInfo (SCMNodeInfo.java:getPort(197)) - ConfigKey ozone.scm.client.address is deprecated, For configuring different ports for each SCM use PortConfigKey ozone.scm.client.port appended with serviceId and nodeId
2022-03-09 23:22:01,172 [Datanode State Machine Task Thread - 0] INFO  ha.SCMNodeInfo (SCMNodeInfo.java:getPort(197)) - ConfigKey ozone.scm.block.client.address is deprecated, For configuring different ports for each SCM use PortConfigKey ozone.scm.block.client.port appended with serviceId and nodeId
2022-03-09 23:22:01,172 [Datanode State Machine Task Thread - 0] INFO  ha.SCMNodeInfo (SCMNodeInfo.java:getPort(197)) - ConfigKey ozone.scm.datanode.address is deprecated, For configuring different ports for each SCM use PortConfigKey ozone.scm.datanode.port appended with serviceId and nodeId
2022-03-09 23:22:01,186 [Datanode State Machine Task Thread - 0] INFO  datanode.InitDatanodeState (InitDatanodeState.java:persistContainerDatanodeDetails(138)) - DatanodeDetails is persisted to /home/runner/work/ozone/ozone/hadoop-ozone/integration-test/target/test-dir/MiniOzoneClusterImpl-4dc72195-aa51-421e-b53c-5a05ad500575/datanode-0/meta/datanode.id
2022-03-09 23:22:01,204 [Listener at 127.0.0.1/34785] INFO  upgrade.AbstractLayoutVersionManager (AbstractLayoutVersionManager.java:init(79)) - Initializing Layout version manager with metadata layout = SCM_HA (version = 2), software layout = SCM_HA (version = 2)
2022-03-09 23:22:01,246 [Listener at 127.0.0.1/34785] INFO  reflections.Reflections (Reflections.java:scan(232)) - Reflections took 41 ms to scan 7 urls, producing 122 keys and 286 values 
2022-03-09 23:22:01,248 [Listener at 127.0.0.1/34785] INFO  ha.SCMNodeInfo (SCMNodeInfo.java:getPort(197)) - ConfigKey ozone.scm.client.address is deprecated, For configuring different ports for each SCM use PortConfigKey ozone.scm.client.port appended with serviceId and nodeId
2022-03-09 23:22:01,248 [Listener at 127.0.0.1/34785] INFO  ha.SCMNodeInfo (SCMNodeInfo.java:getPort(197)) - ConfigKey ozone.scm.block.client.address is deprecated, For configuring different ports for each SCM use PortConfigKey ozone.scm.block.client.port appended with serviceId and nodeId
2022-03-09 23:22:01,248 [Listener at 127.0.0.1/34785] INFO  ha.SCMNodeInfo (SCMNodeInfo.java:getPort(197)) - ConfigKey ozone.scm.datanode.address is deprecated, For configuring different ports for each SCM use PortConfigKey ozone.scm.datanode.port appended with serviceId and nodeId
2022-03-09 23:22:01,248 [Listener at 127.0.0.1/34785] INFO  statemachine.DatanodeStateMachine (DatanodeStateMachine.java:getEndPointTaskThreadPoolSize(222)) - Datanode State Machine Task Thread Pool size 2
2022-03-09 23:22:01,249 [Listener at 127.0.0.1/34785] INFO  volume.HddsVolume (HddsVolume.java:<init>(120)) - Creating HddsVolume: /home/runner/work/ozone/ozone/hadoop-ozone/integration-test/target/test-dir/MiniOzoneClusterImpl-4dc72195-aa51-421e-b53c-5a05ad500575/datanode-1/data-0/containers/hdds of storage type : DISK capacity : 9223372036854775807
2022-03-09 23:22:01,250 [Listener at 127.0.0.1/34785] INFO  volume.MutableVolumeSet (MutableVolumeSet.java:initializeVolumeSet(168)) - Added Volume : /home/runner/work/ozone/ozone/hadoop-ozone/integration-test/target/test-dir/MiniOzoneClusterImpl-4dc72195-aa51-421e-b53c-5a05ad500575/datanode-1/data-0/containers/hdds to VolumeSet
2022-03-09 23:22:01,250 [Listener at 127.0.0.1/34785] INFO  volume.ThrottledAsyncChecker (ThrottledAsyncChecker.java:schedule(141)) - Scheduling a check for /home/runner/work/ozone/ozone/hadoop-ozone/integration-test/target/test-dir/MiniOzoneClusterImpl-4dc72195-aa51-421e-b53c-5a05ad500575/datanode-1/data-0/containers/hdds
2022-03-09 23:22:01,256 [Listener at 127.0.0.1/34785] INFO  volume.StorageVolumeChecker (StorageVolumeChecker.java:checkAllVolumes(202)) - Scheduled health check for volume /home/runner/work/ozone/ozone/hadoop-ozone/integration-test/target/test-dir/MiniOzoneClusterImpl-4dc72195-aa51-421e-b53c-5a05ad500575/datanode-1/data-0/containers/hdds
2022-03-09 23:22:01,270 [Listener at 127.0.0.1/34785] INFO  volume.MutableVolumeSet (MutableVolumeSet.java:initializeVolumeSet(168)) - Added Volume : /home/runner/work/ozone/ozone/hadoop-ozone/integration-test/target/test-dir/MiniOzoneClusterImpl-4dc72195-aa51-421e-b53c-5a05ad500575/datanode-1/data/ratis to VolumeSet
2022-03-09 23:22:01,270 [Listener at 127.0.0.1/34785] INFO  volume.ThrottledAsyncChecker (ThrottledAsyncChecker.java:schedule(141)) - Scheduling a check for /home/runner/work/ozone/ozone/hadoop-ozone/integration-test/target/test-dir/MiniOzoneClusterImpl-4dc72195-aa51-421e-b53c-5a05ad500575/datanode-1/data/ratis
2022-03-09 23:22:01,270 [Listener at 127.0.0.1/34785] INFO  volume.StorageVolumeChecker (StorageVolumeChecker.java:checkAllVolumes(202)) - Scheduled health check for volume /home/runner/work/ozone/ozone/hadoop-ozone/integration-test/target/test-dir/MiniOzoneClusterImpl-4dc72195-aa51-421e-b53c-5a05ad500575/datanode-1/data/ratis
2022-03-09 23:22:01,281 [Thread-1237] INFO  ozoneimpl.ContainerReader (ContainerReader.java:readVolume(172)) - Finish verifying containers on volume /home/runner/work/ozone/ozone/hadoop-ozone/integration-test/target/test-dir/MiniOzoneClusterImpl-4dc72195-aa51-421e-b53c-5a05ad500575/datanode-1/data-0/containers/hdds
2022-03-09 23:22:01,281 [Listener at 127.0.0.1/34785] INFO  ozoneimpl.OzoneContainer (OzoneContainer.java:buildContainerSet(257)) - Build ContainerSet costs 0s
2022-03-09 23:22:01,283 [Listener at 127.0.0.1/34785] INFO  server.RaftServer (ConfUtils.java:logGet(44)) - raft.rpc.type = GRPC (default)
2022-03-09 23:22:01,283 [Listener at 127.0.0.1/34785] INFO  grpc.GrpcFactory (GrpcFactory.java:checkPooledByteBufAllocatorUseCacheForAllThreads(48)) - PERFORMANCE WARNING: useCacheForAllThreads is true that may cause Netty to create a lot garbage objects and, as a result, trigger GC.
	It is recommended to disable useCacheForAllThreads by setting -Dorg.apache.ratis.thirdparty.io.netty.allocator.useCacheForAllThreads=false in command line.
2022-03-09 23:22:01,283 [Listener at 127.0.0.1/34785] INFO  grpc.GrpcConfigKeys (ConfUtils.java:logGet(44)) - raft.grpc.admin.port = 0 (custom)
2022-03-09 23:22:01,283 [Listener at 127.0.0.1/34785] INFO  grpc.GrpcConfigKeys (ConfUtils.java:logGet(44)) - raft.grpc.client.port = 0 (custom)
2022-03-09 23:22:01,283 [Listener at 127.0.0.1/34785] INFO  grpc.GrpcConfigKeys (ConfUtils.java:logGet(44)) - raft.grpc.server.port = 0 (default)
2022-03-09 23:22:01,283 [Listener at 127.0.0.1/34785] INFO  server.GrpcService (ConfUtils.java:logGet(44)) - raft.grpc.message.size.max = 32MB (=33554432) (custom)
2022-03-09 23:22:01,284 [Listener at 127.0.0.1/34785] INFO  server.RaftServerConfigKeys (ConfUtils.java:logGet(44)) - raft.server.log.appender.buffer.byte-limit = 33554432 (custom)
2022-03-09 23:22:01,284 [Listener at 127.0.0.1/34785] INFO  server.GrpcService (ConfUtils.java:logGet(44)) - raft.grpc.flow.control.window = 5MB (=5242880) (custom)
2022-03-09 23:22:01,284 [Listener at 127.0.0.1/34785] INFO  server.RaftServerConfigKeys (ConfUtils.java:logGet(44)) - raft.server.rpc.request.timeout = 60s (custom)
2022-03-09 23:22:01,289 [Listener at 127.0.0.1/34785] INFO  impl.DataStreamServerImpl (ConfUtils.java:logGet(44)) - raft.datastream.type = DISABLED (default)
2022-03-09 23:22:01,290 [Listener at 127.0.0.1/34785] INFO  server.RaftServerConfigKeys (ConfUtils.java:logGet(44)) - raft.server.rpc.slowness.timeout = 300s (custom)
2022-03-09 23:22:01,290 [Listener at 127.0.0.1/34785] INFO  server.RaftServerConfigKeys (ConfUtils.java:logGet(44)) - raft.server.leaderelection.leader.step-down.wait-time = 10s (default)
2022-03-09 23:22:01,290 [Listener at 127.0.0.1/34785] INFO  server.RaftServerConfigKeys (ConfUtils.java:logGet(44)) - raft.server.storage.dir = [/home/runner/work/ozone/ozone/hadoop-ozone/integration-test/target/test-dir/MiniOzoneClusterImpl-4dc72195-aa51-421e-b53c-5a05ad500575/datanode-1/data/ratis] (custom)
2022-03-09 23:22:01,291 [Listener at 127.0.0.1/34785] INFO  server.XceiverServerGrpc (XceiverServerGrpc.java:<init>(132)) - GrpcServer channel type EpollServerSocketChannel
2022-03-09 23:22:01,295 [Listener at 127.0.0.1/34785] INFO  http.BaseHttpServer (BaseHttpServer.java:newHttpServer2BuilderForOzone(209)) - Starting Web-server for hddsDatanode at: http://0.0.0.0:0
2022-03-09 23:22:01,295 [Listener at 127.0.0.1/34785] INFO  http.BaseHttpServer (BaseHttpServer.java:<init>(107)) - Hadoop Security Enabled: false Ozone Security Enabled: false Ozone HTTP Security Enabled: false 
2022-03-09 23:22:01,296 [Listener at 127.0.0.1/34785] INFO  server.AuthenticationFilter (AuthenticationFilter.java:constructSecretProvider(240)) - Unable to initialize FileSignerSecretProvider, falling back to use random secrets.
2022-03-09 23:22:01,297 [Listener at 127.0.0.1/34785] WARN  http.HttpRequestLog (HttpRequestLog.java:getRequestLog(103)) - Jetty request log can only be enabled using Log4j
2022-03-09 23:22:01,298 [Listener at 127.0.0.1/34785] INFO  http.HttpServer2 (HttpServer2.java:addGlobalFilter(1030)) - Added global filter 'safety' (class=org.apache.hadoop.hdds.server.http.HttpServer2$QuotingInputFilter)
2022-03-09 23:22:01,298 [Listener at 127.0.0.1/34785] INFO  http.HttpServer2 (HttpServer2.java:addFilter(1006)) - Added filter static_user_filter (class=org.apache.hadoop.http.lib.StaticUserWebFilter$StaticUserFilter) to context hddsDatanode
2022-03-09 23:22:01,298 [Listener at 127.0.0.1/34785] INFO  http.HttpServer2 (HttpServer2.java:addFilter(1014)) - Added filter static_user_filter (class=org.apache.hadoop.http.lib.StaticUserWebFilter$StaticUserFilter) to context static
2022-03-09 23:22:01,298 [Listener at 127.0.0.1/34785] INFO  http.HttpServer2 (HttpServer2.java:addFilter(1014)) - Added filter static_user_filter (class=org.apache.hadoop.http.lib.StaticUserWebFilter$StaticUserFilter) to context logs
2022-03-09 23:22:01,299 [Listener at 127.0.0.1/34785] INFO  http.HttpServer2 (HttpServer2.java:bindListener(1249)) - Jetty bound to port 40685
2022-03-09 23:22:01,299 [Listener at 127.0.0.1/34785] INFO  server.Server (Server.java:doStart(375)) - jetty-9.4.43.v20210629; built: 2021-06-30T11:07:22.254Z; git: 526006ecfa3af7f1a27ef3a288e2bef7ea9dd7e8; jvm 1.8.0_322-b06
2022-03-09 23:22:01,301 [Listener at 127.0.0.1/34785] INFO  server.session (DefaultSessionIdManager.java:doStart(334)) - DefaultSessionIdManager workerName=node0
2022-03-09 23:22:01,301 [Listener at 127.0.0.1/34785] INFO  server.session (DefaultSessionIdManager.java:doStart(339)) - No SessionScavenger set, using defaults
2022-03-09 23:22:01,302 [Listener at 127.0.0.1/34785] INFO  server.session (HouseKeeper.java:startScavenging(132)) - node0 Scavenging every 660000ms
2022-03-09 23:22:01,302 [Listener at 127.0.0.1/34785] INFO  handler.ContextHandler (ContextHandler.java:doStart(915)) - Started o.e.j.s.ServletContextHandler@51fa1010{logs,/logs,file:///home/runner/work/ozone/ozone/hadoop-ozone/integration-test/target/log,AVAILABLE}
2022-03-09 23:22:01,303 [Listener at 127.0.0.1/34785] INFO  handler.ContextHandler (ContextHandler.java:doStart(915)) - Started o.e.j.s.ServletContextHandler@29602457{static,/static,jar:file:/home/runner/.m2/repository/org/apache/ozone/hdds-container-service/1.3.0-SNAPSHOT/hdds-container-service-1.3.0-SNAPSHOT.jar!/webapps/static,AVAILABLE}
2022-03-09 23:22:01,361 [Listener at 127.0.0.1/34785] INFO  handler.ContextHandler (ContextHandler.java:doStart(915)) - Started o.e.j.w.WebAppContext@50b3743e{hddsDatanode,/,file:///tmp/jetty-0_0_0_0-40685-hdds-container-service-1_3_0-SNAPSHOT_jar-_-any-7320080293741273569/webapp/,AVAILABLE}{jar:file:/home/runner/.m2/repository/org/apache/ozone/hdds-container-service/1.3.0-SNAPSHOT/hdds-container-service-1.3.0-SNAPSHOT.jar!/webapps/hddsDatanode}
2022-03-09 23:22:01,369 [Listener at 127.0.0.1/34785] INFO  server.AbstractConnector (AbstractConnector.java:doStart(331)) - Started ServerConnector@701c31f7{HTTP/1.1, (http/1.1)}{0.0.0.0:40685}
2022-03-09 23:22:01,370 [Listener at 127.0.0.1/34785] INFO  server.Server (Server.java:doStart(415)) - Started @85732ms
2022-03-09 23:22:01,370 [Listener at 127.0.0.1/34785] WARN  impl.MetricsSystemImpl (MetricsSystemImpl.java:register(279)) - Sink prometheus already exists!
2022-03-09 23:22:01,370 [Listener at 127.0.0.1/34785] INFO  http.BaseHttpServer (BaseHttpServer.java:updateConnectorAddress(329)) - HTTP server of hddsDatanode listening at http://0.0.0.0:40685
2022-03-09 23:22:01,372 [Listener at 127.0.0.1/34785] WARN  impl.MetricRegistriesImpl (MetricRegistriesImpl.java:addReporterRegistration(111)) - New reporters are added after registries were created. Some metrics will be missing from the reporter. Please add reporter before adding any new registry.
2022-03-09 23:22:01,372 [Listener at 127.0.0.1/34785] WARN  impl.MetricRegistriesImpl (MetricRegistriesImpl.java:addReporterRegistration(111)) - New reporters are added after registries were created. Some metrics will be missing from the reporter. Please add reporter before adding any new registry.
2022-03-09 23:22:01,372 [Listener at 127.0.0.1/34785] INFO  impl.MetricsSystemImpl (MetricsSystemImpl.java:init(158)) - HddsDatanode metrics system started (again)
2022-03-09 23:22:01,384 [Datanode State Machine Daemon Thread] INFO  statemachine.DatanodeStateMachine (DatanodeStateMachine.java:lambda$startDaemon$0(470)) - Ozone container server started.
2022-03-09 23:22:01,392 [Listener at 127.0.0.1/34785] INFO  ozone.HddsDatanodeService (HddsDatanodeService.java:start(233)) - HddsDatanodeService host:fv-az184-819.3ow45vhwbzuu5incsxmygykede.cx.internal.cloudapp.net ip:10.1.0.60
2022-03-09 23:22:01,435 [Listener at 127.0.0.1/34785] INFO  upgrade.AbstractLayoutVersionManager (AbstractLayoutVersionManager.java:init(79)) - Initializing Layout version manager with metadata layout = SCM_HA (version = 2), software layout = SCM_HA (version = 2)
2022-03-09 23:22:01,455 [org.apache.hadoop.util.JvmPauseMonitor$Monitor@5fd87be6] INFO  util.JvmPauseMonitor (JvmPauseMonitor.java:run(188)) - Starting JVM pause monitor
2022-03-09 23:22:01,457 [Datanode State Machine Task Thread - 0] INFO  ha.SCMNodeInfo (SCMNodeInfo.java:getPort(197)) - ConfigKey ozone.scm.client.address is deprecated, For configuring different ports for each SCM use PortConfigKey ozone.scm.client.port appended with serviceId and nodeId
2022-03-09 23:22:01,457 [Datanode State Machine Task Thread - 0] INFO  ha.SCMNodeInfo (SCMNodeInfo.java:getPort(197)) - ConfigKey ozone.scm.block.client.address is deprecated, For configuring different ports for each SCM use PortConfigKey ozone.scm.block.client.port appended with serviceId and nodeId
2022-03-09 23:22:01,457 [Datanode State Machine Task Thread - 0] INFO  ha.SCMNodeInfo (SCMNodeInfo.java:getPort(197)) - ConfigKey ozone.scm.datanode.address is deprecated, For configuring different ports for each SCM use PortConfigKey ozone.scm.datanode.port appended with serviceId and nodeId
2022-03-09 23:22:01,492 [Datanode State Machine Task Thread - 0] INFO  datanode.InitDatanodeState (InitDatanodeState.java:persistContainerDatanodeDetails(138)) - DatanodeDetails is persisted to /home/runner/work/ozone/ozone/hadoop-ozone/integration-test/target/test-dir/MiniOzoneClusterImpl-4dc72195-aa51-421e-b53c-5a05ad500575/datanode-1/meta/datanode.id
2022-03-09 23:22:01,519 [EndpointStateMachine task thread for /127.0.0.1:43683 - 0 ] INFO  ipc.Client (Client.java:handleConnectionFailure(977)) - Retrying connect to server: localhost/127.0.0.1:43683. Already tried 3 time(s); retry policy is RetryUpToMaximumCountWithFixedSleep(maxRetries=15, sleepTime=1000 MILLISECONDS)
2022-03-09 23:22:01,560 [Listener at 127.0.0.1/34785] INFO  reflections.Reflections (Reflections.java:scan(232)) - Reflections took 124 ms to scan 7 urls, producing 122 keys and 286 values 
2022-03-09 23:22:01,561 [Listener at 127.0.0.1/34785] INFO  ha.SCMNodeInfo (SCMNodeInfo.java:getPort(197)) - ConfigKey ozone.scm.client.address is deprecated, For configuring different ports for each SCM use PortConfigKey ozone.scm.client.port appended with serviceId and nodeId
2022-03-09 23:22:01,561 [Listener at 127.0.0.1/34785] INFO  ha.SCMNodeInfo (SCMNodeInfo.java:getPort(197)) - ConfigKey ozone.scm.block.client.address is deprecated, For configuring different ports for each SCM use PortConfigKey ozone.scm.block.client.port appended with serviceId and nodeId
2022-03-09 23:22:01,561 [Listener at 127.0.0.1/34785] INFO  ha.SCMNodeInfo (SCMNodeInfo.java:getPort(197)) - ConfigKey ozone.scm.datanode.address is deprecated, For configuring different ports for each SCM use PortConfigKey ozone.scm.datanode.port appended with serviceId and nodeId
2022-03-09 23:22:01,561 [Listener at 127.0.0.1/34785] INFO  statemachine.DatanodeStateMachine (DatanodeStateMachine.java:getEndPointTaskThreadPoolSize(222)) - Datanode State Machine Task Thread Pool size 2
2022-03-09 23:22:01,570 [Listener at 127.0.0.1/34785] INFO  volume.HddsVolume (HddsVolume.java:<init>(120)) - Creating HddsVolume: /home/runner/work/ozone/ozone/hadoop-ozone/integration-test/target/test-dir/MiniOzoneClusterImpl-4dc72195-aa51-421e-b53c-5a05ad500575/datanode-2/data-0/containers/hdds of storage type : DISK capacity : 9223372036854775807
2022-03-09 23:22:01,570 [Listener at 127.0.0.1/34785] INFO  volume.MutableVolumeSet (MutableVolumeSet.java:initializeVolumeSet(168)) - Added Volume : /home/runner/work/ozone/ozone/hadoop-ozone/integration-test/target/test-dir/MiniOzoneClusterImpl-4dc72195-aa51-421e-b53c-5a05ad500575/datanode-2/data-0/containers/hdds to VolumeSet
2022-03-09 23:22:01,570 [Listener at 127.0.0.1/34785] INFO  volume.ThrottledAsyncChecker (ThrottledAsyncChecker.java:schedule(141)) - Scheduling a check for /home/runner/work/ozone/ozone/hadoop-ozone/integration-test/target/test-dir/MiniOzoneClusterImpl-4dc72195-aa51-421e-b53c-5a05ad500575/datanode-2/data-0/containers/hdds
2022-03-09 23:22:01,576 [Listener at 127.0.0.1/34785] INFO  volume.StorageVolumeChecker (StorageVolumeChecker.java:checkAllVolumes(202)) - Scheduled health check for volume /home/runner/work/ozone/ozone/hadoop-ozone/integration-test/target/test-dir/MiniOzoneClusterImpl-4dc72195-aa51-421e-b53c-5a05ad500575/datanode-2/data-0/containers/hdds
2022-03-09 23:22:01,592 [Listener at 127.0.0.1/34785] INFO  volume.MutableVolumeSet (MutableVolumeSet.java:initializeVolumeSet(168)) - Added Volume : /home/runner/work/ozone/ozone/hadoop-ozone/integration-test/target/test-dir/MiniOzoneClusterImpl-4dc72195-aa51-421e-b53c-5a05ad500575/datanode-2/data/ratis to VolumeSet
2022-03-09 23:22:01,597 [Listener at 127.0.0.1/34785] INFO  volume.ThrottledAsyncChecker (ThrottledAsyncChecker.java:schedule(141)) - Scheduling a check for /home/runner/work/ozone/ozone/hadoop-ozone/integration-test/target/test-dir/MiniOzoneClusterImpl-4dc72195-aa51-421e-b53c-5a05ad500575/datanode-2/data/ratis
2022-03-09 23:22:01,600 [Listener at 127.0.0.1/34785] INFO  volume.StorageVolumeChecker (StorageVolumeChecker.java:checkAllVolumes(202)) - Scheduled health check for volume /home/runner/work/ozone/ozone/hadoop-ozone/integration-test/target/test-dir/MiniOzoneClusterImpl-4dc72195-aa51-421e-b53c-5a05ad500575/datanode-2/data/ratis
2022-03-09 23:22:01,615 [Thread-1249] INFO  ozoneimpl.ContainerReader (ContainerReader.java:readVolume(172)) - Finish verifying containers on volume /home/runner/work/ozone/ozone/hadoop-ozone/integration-test/target/test-dir/MiniOzoneClusterImpl-4dc72195-aa51-421e-b53c-5a05ad500575/datanode-2/data-0/containers/hdds
2022-03-09 23:22:01,615 [Listener at 127.0.0.1/34785] INFO  ozoneimpl.OzoneContainer (OzoneContainer.java:buildContainerSet(257)) - Build ContainerSet costs 0s
2022-03-09 23:22:01,617 [Listener at 127.0.0.1/34785] INFO  server.RaftServer (ConfUtils.java:logGet(44)) - raft.rpc.type = GRPC (default)
2022-03-09 23:22:01,617 [Listener at 127.0.0.1/34785] INFO  grpc.GrpcFactory (GrpcFactory.java:checkPooledByteBufAllocatorUseCacheForAllThreads(48)) - PERFORMANCE WARNING: useCacheForAllThreads is true that may cause Netty to create a lot garbage objects and, as a result, trigger GC.
	It is recommended to disable useCacheForAllThreads by setting -Dorg.apache.ratis.thirdparty.io.netty.allocator.useCacheForAllThreads=false in command line.
2022-03-09 23:22:01,618 [Listener at 127.0.0.1/34785] INFO  grpc.GrpcConfigKeys (ConfUtils.java:logGet(44)) - raft.grpc.admin.port = 0 (custom)
2022-03-09 23:22:01,618 [Listener at 127.0.0.1/34785] INFO  grpc.GrpcConfigKeys (ConfUtils.java:logGet(44)) - raft.grpc.client.port = 0 (custom)
2022-03-09 23:22:01,618 [Listener at 127.0.0.1/34785] INFO  grpc.GrpcConfigKeys (ConfUtils.java:logGet(44)) - raft.grpc.server.port = 0 (default)
2022-03-09 23:22:01,624 [Listener at 127.0.0.1/34785] INFO  server.GrpcService (ConfUtils.java:logGet(44)) - raft.grpc.message.size.max = 32MB (=33554432) (custom)
2022-03-09 23:22:01,624 [Listener at 127.0.0.1/34785] INFO  server.RaftServerConfigKeys (ConfUtils.java:logGet(44)) - raft.server.log.appender.buffer.byte-limit = 33554432 (custom)
2022-03-09 23:22:01,624 [Listener at 127.0.0.1/34785] INFO  server.GrpcService (ConfUtils.java:logGet(44)) - raft.grpc.flow.control.window = 5MB (=5242880) (custom)
2022-03-09 23:22:01,624 [Listener at 127.0.0.1/34785] INFO  server.RaftServerConfigKeys (ConfUtils.java:logGet(44)) - raft.server.rpc.request.timeout = 60s (custom)
2022-03-09 23:22:01,625 [Listener at 127.0.0.1/34785] INFO  impl.DataStreamServerImpl (ConfUtils.java:logGet(44)) - raft.datastream.type = DISABLED (default)
2022-03-09 23:22:01,626 [Listener at 127.0.0.1/34785] INFO  server.RaftServerConfigKeys (ConfUtils.java:logGet(44)) - raft.server.rpc.slowness.timeout = 300s (custom)
2022-03-09 23:22:01,626 [Listener at 127.0.0.1/34785] INFO  server.RaftServerConfigKeys (ConfUtils.java:logGet(44)) - raft.server.leaderelection.leader.step-down.wait-time = 10s (default)
2022-03-09 23:22:01,626 [Listener at 127.0.0.1/34785] INFO  server.RaftServerConfigKeys (ConfUtils.java:logGet(44)) - raft.server.storage.dir = [/home/runner/work/ozone/ozone/hadoop-ozone/integration-test/target/test-dir/MiniOzoneClusterImpl-4dc72195-aa51-421e-b53c-5a05ad500575/datanode-2/data/ratis] (custom)
2022-03-09 23:22:01,634 [Listener at 127.0.0.1/34785] INFO  server.XceiverServerGrpc (XceiverServerGrpc.java:<init>(132)) - GrpcServer channel type EpollServerSocketChannel
2022-03-09 23:22:01,638 [Listener at 127.0.0.1/34785] INFO  http.BaseHttpServer (BaseHttpServer.java:newHttpServer2BuilderForOzone(209)) - Starting Web-server for hddsDatanode at: http://0.0.0.0:0
2022-03-09 23:22:01,638 [Listener at 127.0.0.1/34785] INFO  http.BaseHttpServer (BaseHttpServer.java:<init>(107)) - Hadoop Security Enabled: false Ozone Security Enabled: false Ozone HTTP Security Enabled: false 
2022-03-09 23:22:01,639 [Listener at 127.0.0.1/34785] INFO  server.AuthenticationFilter (AuthenticationFilter.java:constructSecretProvider(240)) - Unable to initialize FileSignerSecretProvider, falling back to use random secrets.
2022-03-09 23:22:01,644 [Listener at 127.0.0.1/34785] WARN  http.HttpRequestLog (HttpRequestLog.java:getRequestLog(103)) - Jetty request log can only be enabled using Log4j
2022-03-09 23:22:01,645 [Listener at 127.0.0.1/34785] INFO  http.HttpServer2 (HttpServer2.java:addGlobalFilter(1030)) - Added global filter 'safety' (class=org.apache.hadoop.hdds.server.http.HttpServer2$QuotingInputFilter)
2022-03-09 23:22:01,646 [Listener at 127.0.0.1/34785] INFO  http.HttpServer2 (HttpServer2.java:addFilter(1006)) - Added filter static_user_filter (class=org.apache.hadoop.http.lib.StaticUserWebFilter$StaticUserFilter) to context hddsDatanode
2022-03-09 23:22:01,646 [Listener at 127.0.0.1/34785] INFO  http.HttpServer2 (HttpServer2.java:addFilter(1014)) - Added filter static_user_filter (class=org.apache.hadoop.http.lib.StaticUserWebFilter$StaticUserFilter) to context static
2022-03-09 23:22:01,646 [Listener at 127.0.0.1/34785] INFO  http.HttpServer2 (HttpServer2.java:addFilter(1014)) - Added filter static_user_filter (class=org.apache.hadoop.http.lib.StaticUserWebFilter$StaticUserFilter) to context logs
2022-03-09 23:22:01,646 [Listener at 127.0.0.1/34785] INFO  http.HttpServer2 (HttpServer2.java:bindListener(1249)) - Jetty bound to port 35653
2022-03-09 23:22:01,647 [Listener at 127.0.0.1/34785] INFO  server.Server (Server.java:doStart(375)) - jetty-9.4.43.v20210629; built: 2021-06-30T11:07:22.254Z; git: 526006ecfa3af7f1a27ef3a288e2bef7ea9dd7e8; jvm 1.8.0_322-b06
2022-03-09 23:22:01,669 [Listener at 127.0.0.1/34785] INFO  server.session (DefaultSessionIdManager.java:doStart(334)) - DefaultSessionIdManager workerName=node0
2022-03-09 23:22:01,669 [Listener at 127.0.0.1/34785] INFO  server.session (DefaultSessionIdManager.java:doStart(339)) - No SessionScavenger set, using defaults
2022-03-09 23:22:01,670 [Listener at 127.0.0.1/34785] INFO  server.session (HouseKeeper.java:startScavenging(132)) - node0 Scavenging every 600000ms
2022-03-09 23:22:01,676 [Listener at 127.0.0.1/34785] INFO  handler.ContextHandler (ContextHandler.java:doStart(915)) - Started o.e.j.s.ServletContextHandler@4a9e1dd6{logs,/logs,file:///home/runner/work/ozone/ozone/hadoop-ozone/integration-test/target/log,AVAILABLE}
2022-03-09 23:22:01,677 [Listener at 127.0.0.1/34785] INFO  handler.ContextHandler (ContextHandler.java:doStart(915)) - Started o.e.j.s.ServletContextHandler@32cf9a18{static,/static,jar:file:/home/runner/.m2/repository/org/apache/ozone/hdds-container-service/1.3.0-SNAPSHOT/hdds-container-service-1.3.0-SNAPSHOT.jar!/webapps/static,AVAILABLE}
2022-03-09 23:22:01,744 [omNode-1@group-0AAC5367B30E-FollowerState] INFO  impl.FollowerState (FollowerState.java:run(134)) - omNode-1@group-0AAC5367B30E-FollowerState: change to CANDIDATE, lastRpcElapsedTime:1157174829ns, electionTimeout:1148ms
2022-03-09 23:22:01,744 [omNode-1@group-0AAC5367B30E-FollowerState] INFO  impl.RoleInfo (RoleInfo.java:shutdownFollowerState(108)) - omNode-1: shutdown omNode-1@group-0AAC5367B30E-FollowerState
2022-03-09 23:22:01,744 [omNode-1@group-0AAC5367B30E-FollowerState] INFO  server.RaftServer$Division (RaftServerImpl.java:setRole(290)) - omNode-1@group-0AAC5367B30E: changes role from  FOLLOWER to CANDIDATE at term 0 for changeToCandidate
2022-03-09 23:22:01,744 [omNode-1@group-0AAC5367B30E-FollowerState] INFO  server.RaftServerConfigKeys (ConfUtils.java:logGet(44)) - raft.server.leaderelection.pre-vote = false (custom)
2022-03-09 23:22:01,744 [omNode-1@group-0AAC5367B30E-FollowerState] INFO  impl.RoleInfo (RoleInfo.java:updateAndGet(130)) - omNode-1: start omNode-1@group-0AAC5367B30E-LeaderElection22
2022-03-09 23:22:01,745 [Listener at 127.0.0.1/34785] INFO  handler.ContextHandler (ContextHandler.java:doStart(915)) - Started o.e.j.w.WebAppContext@71e0eede{hddsDatanode,/,file:///tmp/jetty-0_0_0_0-35653-hdds-container-service-1_3_0-SNAPSHOT_jar-_-any-3827985882783284030/webapp/,AVAILABLE}{jar:file:/home/runner/.m2/repository/org/apache/ozone/hdds-container-service/1.3.0-SNAPSHOT/hdds-container-service-1.3.0-SNAPSHOT.jar!/webapps/hddsDatanode}
2022-03-09 23:22:01,749 [Listener at 127.0.0.1/34785] INFO  server.AbstractConnector (AbstractConnector.java:doStart(331)) - Started ServerConnector@49b5a52a{HTTP/1.1, (http/1.1)}{0.0.0.0:35653}
2022-03-09 23:22:01,749 [Listener at 127.0.0.1/34785] INFO  server.Server (Server.java:doStart(415)) - Started @86111ms
2022-03-09 23:22:01,749 [Listener at 127.0.0.1/34785] WARN  impl.MetricsSystemImpl (MetricsSystemImpl.java:register(279)) - Sink prometheus already exists!
2022-03-09 23:22:01,753 [Listener at 127.0.0.1/34785] INFO  http.BaseHttpServer (BaseHttpServer.java:updateConnectorAddress(329)) - HTTP server of hddsDatanode listening at http://0.0.0.0:35653
2022-03-09 23:22:01,753 [Listener at 127.0.0.1/34785] INFO  ozone.MiniOzoneClusterImpl (MiniOzoneClusterImpl.java:lambda$waitForClusterToBeReady$0(219)) - Waiting for nodes to be ready. Got 0 of 3 DN Heartbeats.
2022-03-09 23:22:01,758 [Listener at 127.0.0.1/34785] INFO  ozone.MiniOzoneClusterImpl (MiniOzoneClusterImpl.java:lambda$waitForClusterToBeReady$0(222)) - Waiting for cluster to exit safe mode
2022-03-09 23:22:01,758 [Listener at 127.0.0.1/34785] INFO  ozone.MiniOzoneClusterImpl (MiniOzoneClusterImpl.java:lambda$waitForClusterToBeReady$0(224)) - SCM became leader
2022-03-09 23:22:01,754 [omNode-1@group-0AAC5367B30E-LeaderElection22] INFO  impl.LeaderElection (LeaderElection.java:askForVotes(306)) - omNode-1@group-0AAC5367B30E-LeaderElection22 ELECTION round 0: submit vote requests at term 1 for -1: [omNode-1|rpc:localhost:46619|priority:0], old=null
2022-03-09 23:22:01,758 [omNode-1@group-0AAC5367B30E-LeaderElection22] INFO  impl.LeaderElection (LeaderElection.java:askForVotes(308)) - omNode-1@group-0AAC5367B30E-LeaderElection22 ELECTION round 0: result PASSED (term=1)
2022-03-09 23:22:01,758 [omNode-1@group-0AAC5367B30E-LeaderElection22] INFO  impl.RoleInfo (RoleInfo.java:shutdownLeaderElection(121)) - omNode-1: shutdown omNode-1@group-0AAC5367B30E-LeaderElection22
2022-03-09 23:22:01,759 [omNode-1@group-0AAC5367B30E-LeaderElection22] INFO  server.RaftServer$Division (RaftServerImpl.java:setRole(290)) - omNode-1@group-0AAC5367B30E: changes role from CANDIDATE to LEADER at term 1 for changeToLeader
2022-03-09 23:22:01,759 [omNode-1@group-0AAC5367B30E-LeaderElection22] INFO  server.RaftServer$Division (ServerState.java:setLeader(285)) - omNode-1@group-0AAC5367B30E: change Leader from null to omNode-1 at term 1 for becomeLeader, leader elected after 1228ms
2022-03-09 23:22:01,759 [omNode-1@group-0AAC5367B30E-LeaderElection22] INFO  server.RaftServerConfigKeys (ConfUtils.java:logGet(44)) - raft.server.staging.catchup.gap = 1000 (default)
2022-03-09 23:22:01,759 [omNode-1@group-0AAC5367B30E-LeaderElection22] INFO  server.RaftServerConfigKeys (ConfUtils.java:logGet(44)) - raft.server.write.element-limit = 4096 (default)
2022-03-09 23:22:01,759 [omNode-1@group-0AAC5367B30E-LeaderElection22] INFO  server.RaftServerConfigKeys (ConfUtils.java:logGet(44)) - raft.server.write.byte-limit = 64MB (=67108864) (default)
2022-03-09 23:22:01,759 [omNode-1@group-0AAC5367B30E-LeaderElection22] INFO  server.RaftServerConfigKeys (ConfUtils.java:logGet(44)) - raft.server.watch.timeout = 10s (default)
2022-03-09 23:22:01,759 [omNode-1@group-0AAC5367B30E-LeaderElection22] INFO  server.RaftServerConfigKeys (ConfUtils.java:logGet(44)) - raft.server.watch.timeout.denomination = 1s (default)
2022-03-09 23:22:01,759 [omNode-1@group-0AAC5367B30E-LeaderElection22] INFO  server.RaftServerConfigKeys (ConfUtils.java:logGet(44)) - raft.server.watch.element-limit = 65536 (default)
2022-03-09 23:22:01,760 [omNode-1@group-0AAC5367B30E-LeaderElection22] INFO  server.RaftServerConfigKeys (ConfUtils.java:logGet(44)) - raft.server.write.element-limit = 4096 (default)
2022-03-09 23:22:01,760 [Datanode State Machine Daemon Thread] INFO  statemachine.DatanodeStateMachine (DatanodeStateMachine.java:lambda$startDaemon$0(470)) - Ozone container server started.
2022-03-09 23:22:01,761 [omNode-1@group-0AAC5367B30E-LeaderElection22] INFO  server.RaftServerConfigKeys (ConfUtils.java:logGet(44)) - raft.server.write.follower.gap.ratio.max = -1.0 (default)
2022-03-09 23:22:01,761 [omNode-1@group-0AAC5367B30E-LeaderElection22] INFO  impl.RoleInfo (RoleInfo.java:updateAndGet(130)) - omNode-1: start omNode-1@group-0AAC5367B30E-LeaderStateImpl
2022-03-09 23:22:01,768 [omNode-1@group-0AAC5367B30E-LeaderElection22] INFO  segmented.SegmentedRaftLogWorker (SegmentedRaftLogWorker.java:startLogSegment(394)) - omNode-1@group-0AAC5367B30E-SegmentedRaftLogWorker: Starting segment from index:0
2022-03-09 23:22:01,779 [omNode-1@group-0AAC5367B30E-SegmentedRaftLogWorker] INFO  segmented.SegmentedRaftLogWorker (SegmentedRaftLogWorker.java:execute(601)) - omNode-1@group-0AAC5367B30E-SegmentedRaftLogWorker: created new log segment /home/runner/work/ozone/ozone/hadoop-ozone/integration-test/target/test-dir/MiniOzoneClusterImpl-4dc72195-aa51-421e-b53c-5a05ad500575/omNode-1/ratis/0718e334-ffa1-36bc-8e9a-0aac5367b30e/current/log_inprogress_0
2022-03-09 23:22:01,792 [omNode-1@group-0AAC5367B30E-LeaderElection22] INFO  server.RaftServer$Division (ServerState.java:setRaftConf(387)) - omNode-1@group-0AAC5367B30E: set configuration 0: [omNode-1|rpc:localhost:46619|admin:|client:|dataStream:|priority:0], old=null
2022-03-09 23:22:01,810 [omNode-1@group-0AAC5367B30E-StateMachineUpdater] INFO  ratis.OzoneManagerStateMachine (OzoneManagerStateMachine.java:notifyConfigurationChanged(188)) - Received Configuration change notification from Ratis. New Peer list:
[id: "omNode-1"
address: "localhost:46619"
]
2022-03-09 23:22:01,854 [org.apache.hadoop.util.JvmPauseMonitor$Monitor@1eb0f512] INFO  util.JvmPauseMonitor (JvmPauseMonitor.java:run(188)) - Starting JVM pause monitor
2022-03-09 23:22:01,859 [Datanode State Machine Task Thread - 0] INFO  ha.SCMNodeInfo (SCMNodeInfo.java:getPort(197)) - ConfigKey ozone.scm.client.address is deprecated, For configuring different ports for each SCM use PortConfigKey ozone.scm.client.port appended with serviceId and nodeId
2022-03-09 23:22:01,859 [Datanode State Machine Task Thread - 0] INFO  ha.SCMNodeInfo (SCMNodeInfo.java:getPort(197)) - ConfigKey ozone.scm.block.client.address is deprecated, For configuring different ports for each SCM use PortConfigKey ozone.scm.block.client.port appended with serviceId and nodeId
2022-03-09 23:22:01,859 [Datanode State Machine Task Thread - 0] INFO  ha.SCMNodeInfo (SCMNodeInfo.java:getPort(197)) - ConfigKey ozone.scm.datanode.address is deprecated, For configuring different ports for each SCM use PortConfigKey ozone.scm.datanode.port appended with serviceId and nodeId
2022-03-09 23:22:01,862 [Datanode State Machine Task Thread - 0] INFO  datanode.InitDatanodeState (InitDatanodeState.java:persistContainerDatanodeDetails(138)) - DatanodeDetails is persisted to /home/runner/work/ozone/ozone/hadoop-ozone/integration-test/target/test-dir/MiniOzoneClusterImpl-4dc72195-aa51-421e-b53c-5a05ad500575/datanode-2/meta/datanode.id
2022-03-09 23:22:02,520 [EndpointStateMachine task thread for /127.0.0.1:43683 - 0 ] INFO  ipc.Client (Client.java:handleConnectionFailure(977)) - Retrying connect to server: localhost/127.0.0.1:43683. Already tried 4 time(s); retry policy is RetryUpToMaximumCountWithFixedSleep(maxRetries=15, sleepTime=1000 MILLISECONDS)
2022-03-09 23:22:02,758 [Listener at 127.0.0.1/34785] INFO  ozone.MiniOzoneClusterImpl (MiniOzoneClusterImpl.java:lambda$waitForClusterToBeReady$0(219)) - Waiting for nodes to be ready. Got 0 of 3 DN Heartbeats.
2022-03-09 23:22:02,758 [Listener at 127.0.0.1/34785] INFO  ozone.MiniOzoneClusterImpl (MiniOzoneClusterImpl.java:lambda$waitForClusterToBeReady$0(222)) - Waiting for cluster to exit safe mode
2022-03-09 23:22:02,759 [Listener at 127.0.0.1/34785] INFO  ozone.MiniOzoneClusterImpl (MiniOzoneClusterImpl.java:lambda$waitForClusterToBeReady$0(224)) - SCM became leader
2022-03-09 23:22:03,202 [EndpointStateMachine task thread for /127.0.0.1:42271 - 0 ] INFO  ozoneimpl.OzoneContainer (OzoneContainer.java:start(335)) - Attempting to start container services.
2022-03-09 23:22:03,202 [EndpointStateMachine task thread for /127.0.0.1:42271 - 0 ] INFO  ozoneimpl.OzoneContainer (OzoneContainer.java:startContainerScrub(270)) - Background container scanner has been disabled.
2022-03-09 23:22:03,203 [EndpointStateMachine task thread for /127.0.0.1:42271 - 0 ] INFO  replication.ReplicationServer (ReplicationServer.java:start(111)) - ReplicationServer is started using port 43043
2022-03-09 23:22:03,204 [EndpointStateMachine task thread for /127.0.0.1:42271 - 0 ] INFO  ratis.XceiverServerRatis (XceiverServerRatis.java:start(485)) - Starting XceiverServerRatis c63223b5-be61-406f-9e1d-de013a7c88f2
2022-03-09 23:22:03,209 [EndpointStateMachine task thread for /127.0.0.1:42271 - 0 ] INFO  server.RaftServer (RaftServerProxy.java:lambda$start$5(374)) - c63223b5-be61-406f-9e1d-de013a7c88f2: start RPC server
2022-03-09 23:22:03,209 [EndpointStateMachine task thread for /127.0.0.1:42271 - 0 ] INFO  server.GrpcService (GrpcService.java:startImpl(253)) - c63223b5-be61-406f-9e1d-de013a7c88f2: GrpcService started, listening on 36463
2022-03-09 23:22:03,213 [EndpointStateMachine task thread for /127.0.0.1:42271 - 0 ] INFO  ratis.XceiverServerRatis (XceiverServerRatis.java:getRealPort(506)) - XceiverServerRatis c63223b5-be61-406f-9e1d-de013a7c88f2 is started using port 36463 for RATIS
2022-03-09 23:22:03,213 [EndpointStateMachine task thread for /127.0.0.1:42271 - 0 ] INFO  ratis.XceiverServerRatis (XceiverServerRatis.java:getRealPort(506)) - XceiverServerRatis c63223b5-be61-406f-9e1d-de013a7c88f2 is started using port 36463 for RATIS_ADMIN
2022-03-09 23:22:03,213 [EndpointStateMachine task thread for /127.0.0.1:42271 - 0 ] INFO  ratis.XceiverServerRatis (XceiverServerRatis.java:getRealPort(506)) - XceiverServerRatis c63223b5-be61-406f-9e1d-de013a7c88f2 is started using port 36463 for RATIS_SERVER
2022-03-09 23:22:03,214 [org.apache.ratis.util.JvmPauseMonitor$$Lambda$435/1210881341@74e50c43] INFO  util.JvmPauseMonitor (JvmPauseMonitor.java:run(103)) - JvmPauseMonitor-c63223b5-be61-406f-9e1d-de013a7c88f2: Started
2022-03-09 23:22:03,218 [EndpointStateMachine task thread for /127.0.0.1:42271 - 0 ] INFO  server.XceiverServerGrpc (XceiverServerGrpc.java:start(180)) - XceiverServerGrpc c63223b5-be61-406f-9e1d-de013a7c88f2 is started using port 46797
2022-03-09 23:22:03,470 [EndpointStateMachine task thread for /127.0.0.1:42271 - 0 ] INFO  ozoneimpl.OzoneContainer (OzoneContainer.java:start(335)) - Attempting to start container services.
2022-03-09 23:22:03,470 [EndpointStateMachine task thread for /127.0.0.1:42271 - 0 ] INFO  ozoneimpl.OzoneContainer (OzoneContainer.java:startContainerScrub(270)) - Background container scanner has been disabled.
2022-03-09 23:22:03,475 [EndpointStateMachine task thread for /127.0.0.1:42271 - 0 ] INFO  replication.ReplicationServer (ReplicationServer.java:start(111)) - ReplicationServer is started using port 46683
2022-03-09 23:22:03,477 [EndpointStateMachine task thread for /127.0.0.1:42271 - 0 ] INFO  ratis.XceiverServerRatis (XceiverServerRatis.java:start(485)) - Starting XceiverServerRatis 7635f643-f2cd-4c2b-8e7b-e85076804bf4
2022-03-09 23:22:03,496 [EndpointStateMachine task thread for /127.0.0.1:42271 - 0 ] INFO  server.RaftServer (RaftServerProxy.java:lambda$start$5(374)) - 7635f643-f2cd-4c2b-8e7b-e85076804bf4: start RPC server
2022-03-09 23:22:03,504 [EndpointStateMachine task thread for /127.0.0.1:42271 - 0 ] INFO  server.GrpcService (GrpcService.java:startImpl(253)) - 7635f643-f2cd-4c2b-8e7b-e85076804bf4: GrpcService started, listening on 35693
2022-03-09 23:22:03,512 [EndpointStateMachine task thread for /127.0.0.1:42271 - 0 ] INFO  ratis.XceiverServerRatis (XceiverServerRatis.java:getRealPort(506)) - XceiverServerRatis 7635f643-f2cd-4c2b-8e7b-e85076804bf4 is started using port 35693 for RATIS
2022-03-09 23:22:03,512 [EndpointStateMachine task thread for /127.0.0.1:42271 - 0 ] INFO  ratis.XceiverServerRatis (XceiverServerRatis.java:getRealPort(506)) - XceiverServerRatis 7635f643-f2cd-4c2b-8e7b-e85076804bf4 is started using port 35693 for RATIS_ADMIN
2022-03-09 23:22:03,512 [EndpointStateMachine task thread for /127.0.0.1:42271 - 0 ] INFO  ratis.XceiverServerRatis (XceiverServerRatis.java:getRealPort(506)) - XceiverServerRatis 7635f643-f2cd-4c2b-8e7b-e85076804bf4 is started using port 35693 for RATIS_SERVER
2022-03-09 23:22:03,513 [org.apache.ratis.util.JvmPauseMonitor$$Lambda$435/1210881341@773c2ce] INFO  util.JvmPauseMonitor (JvmPauseMonitor.java:run(103)) - JvmPauseMonitor-7635f643-f2cd-4c2b-8e7b-e85076804bf4: Started
2022-03-09 23:22:03,520 [EndpointStateMachine task thread for /127.0.0.1:43683 - 0 ] INFO  ipc.Client (Client.java:handleConnectionFailure(977)) - Retrying connect to server: localhost/127.0.0.1:43683. Already tried 5 time(s); retry policy is RetryUpToMaximumCountWithFixedSleep(maxRetries=15, sleepTime=1000 MILLISECONDS)
2022-03-09 23:22:03,524 [EndpointStateMachine task thread for /127.0.0.1:42271 - 0 ] INFO  server.XceiverServerGrpc (XceiverServerGrpc.java:start(180)) - XceiverServerGrpc 7635f643-f2cd-4c2b-8e7b-e85076804bf4 is started using port 40979
2022-03-09 23:22:03,759 [Listener at 127.0.0.1/34785] INFO  ozone.MiniOzoneClusterImpl (MiniOzoneClusterImpl.java:lambda$waitForClusterToBeReady$0(219)) - Waiting for nodes to be ready. Got 0 of 3 DN Heartbeats.
2022-03-09 23:22:03,759 [Listener at 127.0.0.1/34785] INFO  ozone.MiniOzoneClusterImpl (MiniOzoneClusterImpl.java:lambda$waitForClusterToBeReady$0(222)) - Waiting for cluster to exit safe mode
2022-03-09 23:22:03,759 [Listener at 127.0.0.1/34785] INFO  ozone.MiniOzoneClusterImpl (MiniOzoneClusterImpl.java:lambda$waitForClusterToBeReady$0(224)) - SCM became leader
2022-03-09 23:22:03,870 [EndpointStateMachine task thread for /127.0.0.1:42271 - 0 ] INFO  ozoneimpl.OzoneContainer (OzoneContainer.java:start(335)) - Attempting to start container services.
2022-03-09 23:22:03,870 [EndpointStateMachine task thread for /127.0.0.1:42271 - 0 ] INFO  ozoneimpl.OzoneContainer (OzoneContainer.java:startContainerScrub(270)) - Background container scanner has been disabled.
2022-03-09 23:22:03,874 [EndpointStateMachine task thread for /127.0.0.1:42271 - 0 ] INFO  replication.ReplicationServer (ReplicationServer.java:start(111)) - ReplicationServer is started using port 43411
2022-03-09 23:22:03,881 [EndpointStateMachine task thread for /127.0.0.1:42271 - 0 ] INFO  ratis.XceiverServerRatis (XceiverServerRatis.java:start(485)) - Starting XceiverServerRatis f5a405b8-a725-4e34-a81f-28a4d919f7ae
2022-03-09 23:22:03,893 [EndpointStateMachine task thread for /127.0.0.1:42271 - 0 ] INFO  server.RaftServer (RaftServerProxy.java:lambda$start$5(374)) - f5a405b8-a725-4e34-a81f-28a4d919f7ae: start RPC server
2022-03-09 23:22:03,894 [EndpointStateMachine task thread for /127.0.0.1:42271 - 0 ] INFO  server.GrpcService (GrpcService.java:startImpl(253)) - f5a405b8-a725-4e34-a81f-28a4d919f7ae: GrpcService started, listening on 36687
2022-03-09 23:22:03,894 [EndpointStateMachine task thread for /127.0.0.1:42271 - 0 ] INFO  ratis.XceiverServerRatis (XceiverServerRatis.java:getRealPort(506)) - XceiverServerRatis f5a405b8-a725-4e34-a81f-28a4d919f7ae is started using port 36687 for RATIS
2022-03-09 23:22:03,894 [EndpointStateMachine task thread for /127.0.0.1:42271 - 0 ] INFO  ratis.XceiverServerRatis (XceiverServerRatis.java:getRealPort(506)) - XceiverServerRatis f5a405b8-a725-4e34-a81f-28a4d919f7ae is started using port 36687 for RATIS_ADMIN
2022-03-09 23:22:03,894 [EndpointStateMachine task thread for /127.0.0.1:42271 - 0 ] INFO  ratis.XceiverServerRatis (XceiverServerRatis.java:getRealPort(506)) - XceiverServerRatis f5a405b8-a725-4e34-a81f-28a4d919f7ae is started using port 36687 for RATIS_SERVER
2022-03-09 23:22:03,894 [org.apache.ratis.util.JvmPauseMonitor$$Lambda$435/1210881341@308a6849] INFO  util.JvmPauseMonitor (JvmPauseMonitor.java:run(103)) - JvmPauseMonitor-f5a405b8-a725-4e34-a81f-28a4d919f7ae: Started
2022-03-09 23:22:03,895 [EndpointStateMachine task thread for /127.0.0.1:42271 - 0 ] INFO  server.XceiverServerGrpc (XceiverServerGrpc.java:start(180)) - XceiverServerGrpc f5a405b8-a725-4e34-a81f-28a4d919f7ae is started using port 33607
2022-03-09 23:22:04,521 [EndpointStateMachine task thread for /127.0.0.1:43683 - 0 ] INFO  ipc.Client (Client.java:handleConnectionFailure(977)) - Retrying connect to server: localhost/127.0.0.1:43683. Already tried 6 time(s); retry policy is RetryUpToMaximumCountWithFixedSleep(maxRetries=15, sleepTime=1000 MILLISECONDS)
2022-03-09 23:22:04,759 [Listener at 127.0.0.1/34785] INFO  ozone.MiniOzoneClusterImpl (MiniOzoneClusterImpl.java:lambda$waitForClusterToBeReady$0(219)) - Waiting for nodes to be ready. Got 0 of 3 DN Heartbeats.
2022-03-09 23:22:04,759 [Listener at 127.0.0.1/34785] INFO  ozone.MiniOzoneClusterImpl (MiniOzoneClusterImpl.java:lambda$waitForClusterToBeReady$0(222)) - Waiting for cluster to exit safe mode
2022-03-09 23:22:04,759 [Listener at 127.0.0.1/34785] INFO  ozone.MiniOzoneClusterImpl (MiniOzoneClusterImpl.java:lambda$waitForClusterToBeReady$0(224)) - SCM became leader
2022-03-09 23:22:05,171 [IPC Server handler 0 on default port 42271] INFO  net.NetworkTopologyImpl (NetworkTopologyImpl.java:add(112)) - Added a new node: /default-rack/c63223b5-be61-406f-9e1d-de013a7c88f2
2022-03-09 23:22:05,171 [IPC Server handler 0 on default port 42271] INFO  node.SCMNodeManager (SCMNodeManager.java:register(391)) - Registered Data node : c63223b5-be61-406f-9e1d-de013a7c88f2{ip: 127.0.0.1, host: localhost, ports: [REPLICATION=43043, RATIS=36463, RATIS_ADMIN=36463, RATIS_SERVER=36463, STANDALONE=46797], networkLocation: /default-rack, certSerialId: null, persistedOpState: null, persistedOpStateExpiryEpochSec: 0}
2022-03-09 23:22:05,173 [EventQueue-NewNodeForNewNodeHandler] INFO  pipeline.BackgroundPipelineCreator (BackgroundPipelineCreator.java:notifyEventTriggered(285)) - trigger a one-shot run on RatisPipelineUtilsThread.
2022-03-09 23:22:05,174 [RatisPipelineUtilsThread - 0] INFO  pipeline.RatisPipelineProvider (RatisPipelineProvider.java:lambda$create$0(183)) - Sending CreatePipelineCommand for pipeline:PipelineID=6c5a24cf-3ac5-4968-8f3d-3a7dfc38f43b to datanode:c63223b5-be61-406f-9e1d-de013a7c88f2
2022-03-09 23:22:05,174 [EventQueue-NodeRegistrationContainerReportForDataNodeSafeModeRule] INFO  safemode.SCMSafeModeManager (DataNodeSafeModeRule.java:process(71)) - SCM in safe mode. 1 DataNodes registered, 3 required.
2022-03-09 23:22:05,177 [EventQueue-NodeRegistrationContainerReportForContainerSafeModeRule] INFO  safemode.SCMSafeModeManager (SCMSafeModeManager.java:validateSafeModeExitRules(204)) - ContainerSafeModeRule rule is successfully validated
2022-03-09 23:22:05,177 [EventQueue-PipelineReportForOneReplicaPipelineSafeModeRule] INFO  safemode.SCMSafeModeManager (SCMSafeModeManager.java:validateSafeModeExitRules(204)) - AtleastOneDatanodeReportedRule rule is successfully validated
2022-03-09 23:22:05,217 [b64818b1-8873-42dd-a727-ccc2cc2b6dc9@group-5A05AD500575-StateMachineUpdater] INFO  pipeline.PipelineStateManagerImpl (PipelineStateManagerImpl.java:addPipeline(101)) - Created pipeline Pipeline[ Id: 6c5a24cf-3ac5-4968-8f3d-3a7dfc38f43b, Nodes: c63223b5-be61-406f-9e1d-de013a7c88f2{ip: 127.0.0.1, host: localhost, ports: [REPLICATION=43043, RATIS=36463, RATIS_ADMIN=36463, RATIS_SERVER=36463, STANDALONE=46797], networkLocation: /default-rack, certSerialId: null, persistedOpState: IN_SERVICE, persistedOpStateExpiryEpochSec: 0}, ReplicationConfig: RATIS/ONE, State:ALLOCATED, leaderId:, CreationTimestamp2022-03-09T23:22:05.174Z[Etc/UTC]].
2022-03-09 23:22:05,217 [b64818b1-8873-42dd-a727-ccc2cc2b6dc9@group-5A05AD500575-StateMachineUpdater] INFO  safemode.HealthyPipelineSafeModeRule (HealthyPipelineSafeModeRule.java:initializeRule(152)) - Refreshed total pipeline count is 0, healthy pipeline threshold count is 1
2022-03-09 23:22:05,457 [IPC Server handler 1 on default port 42271] INFO  net.NetworkTopologyImpl (NetworkTopologyImpl.java:add(112)) - Added a new node: /default-rack/7635f643-f2cd-4c2b-8e7b-e85076804bf4
2022-03-09 23:22:05,458 [IPC Server handler 1 on default port 42271] INFO  node.SCMNodeManager (SCMNodeManager.java:register(391)) - Registered Data node : 7635f643-f2cd-4c2b-8e7b-e85076804bf4{ip: 127.0.0.1, host: localhost, ports: [REPLICATION=46683, RATIS=35693, RATIS_ADMIN=35693, RATIS_SERVER=35693, STANDALONE=40979], networkLocation: /default-rack, certSerialId: null, persistedOpState: null, persistedOpStateExpiryEpochSec: 0}
2022-03-09 23:22:05,459 [EventQueue-NewNodeForNewNodeHandler] INFO  pipeline.BackgroundPipelineCreator (BackgroundPipelineCreator.java:notifyEventTriggered(285)) - trigger a one-shot run on RatisPipelineUtilsThread.
2022-03-09 23:22:05,459 [EventQueue-NodeRegistrationContainerReportForDataNodeSafeModeRule] INFO  safemode.SCMSafeModeManager (DataNodeSafeModeRule.java:process(71)) - SCM in safe mode. 2 DataNodes registered, 3 required.
2022-03-09 23:22:05,460 [RatisPipelineUtilsThread - 0] INFO  pipeline.RatisPipelineProvider (RatisPipelineProvider.java:lambda$create$0(183)) - Sending CreatePipelineCommand for pipeline:PipelineID=1575d8f4-39cd-4123-a3a6-b23d8e9bc3a5 to datanode:7635f643-f2cd-4c2b-8e7b-e85076804bf4
2022-03-09 23:22:05,465 [b64818b1-8873-42dd-a727-ccc2cc2b6dc9@group-5A05AD500575-StateMachineUpdater] INFO  pipeline.PipelineStateManagerImpl (PipelineStateManagerImpl.java:addPipeline(101)) - Created pipeline Pipeline[ Id: 1575d8f4-39cd-4123-a3a6-b23d8e9bc3a5, Nodes: 7635f643-f2cd-4c2b-8e7b-e85076804bf4{ip: 127.0.0.1, host: localhost, ports: [REPLICATION=46683, RATIS=35693, RATIS_ADMIN=35693, RATIS_SERVER=35693, STANDALONE=40979], networkLocation: /default-rack, certSerialId: null, persistedOpState: IN_SERVICE, persistedOpStateExpiryEpochSec: 0}, ReplicationConfig: RATIS/ONE, State:ALLOCATED, leaderId:, CreationTimestamp2022-03-09T23:22:05.460Z[Etc/UTC]].
2022-03-09 23:22:05,465 [b64818b1-8873-42dd-a727-ccc2cc2b6dc9@group-5A05AD500575-StateMachineUpdater] INFO  safemode.HealthyPipelineSafeModeRule (HealthyPipelineSafeModeRule.java:initializeRule(152)) - Refreshed total pipeline count is 0, healthy pipeline threshold count is 1
2022-03-09 23:22:05,522 [EndpointStateMachine task thread for /127.0.0.1:43683 - 0 ] INFO  ipc.Client (Client.java:handleConnectionFailure(977)) - Retrying connect to server: localhost/127.0.0.1:43683. Already tried 7 time(s); retry policy is RetryUpToMaximumCountWithFixedSleep(maxRetries=15, sleepTime=1000 MILLISECONDS)
2022-03-09 23:22:05,760 [Listener at 127.0.0.1/34785] INFO  ozone.MiniOzoneClusterImpl (MiniOzoneClusterImpl.java:lambda$waitForClusterToBeReady$0(219)) - Waiting for nodes to be ready. Got 2 of 3 DN Heartbeats.
2022-03-09 23:22:05,760 [Listener at 127.0.0.1/34785] INFO  ozone.MiniOzoneClusterImpl (MiniOzoneClusterImpl.java:lambda$waitForClusterToBeReady$0(222)) - Waiting for cluster to exit safe mode
2022-03-09 23:22:05,760 [Listener at 127.0.0.1/34785] INFO  ozone.MiniOzoneClusterImpl (MiniOzoneClusterImpl.java:lambda$waitForClusterToBeReady$0(224)) - SCM became leader
2022-03-09 23:22:05,856 [IPC Server handler 2 on default port 42271] INFO  net.NetworkTopologyImpl (NetworkTopologyImpl.java:add(112)) - Added a new node: /default-rack/f5a405b8-a725-4e34-a81f-28a4d919f7ae
2022-03-09 23:22:05,857 [IPC Server handler 2 on default port 42271] INFO  node.SCMNodeManager (SCMNodeManager.java:register(391)) - Registered Data node : f5a405b8-a725-4e34-a81f-28a4d919f7ae{ip: 127.0.0.1, host: localhost, ports: [REPLICATION=43411, RATIS=36687, RATIS_ADMIN=36687, RATIS_SERVER=36687, STANDALONE=33607], networkLocation: /default-rack, certSerialId: null, persistedOpState: null, persistedOpStateExpiryEpochSec: 0}
2022-03-09 23:22:05,857 [EventQueue-NewNodeForNewNodeHandler] INFO  pipeline.BackgroundPipelineCreator (BackgroundPipelineCreator.java:notifyEventTriggered(285)) - trigger a one-shot run on RatisPipelineUtilsThread.
2022-03-09 23:22:05,866 [RatisPipelineUtilsThread - 0] INFO  pipeline.RatisPipelineProvider (RatisPipelineProvider.java:lambda$create$0(183)) - Sending CreatePipelineCommand for pipeline:PipelineID=ccf2bd87-4128-41b6-9bde-4f18bd09e878 to datanode:f5a405b8-a725-4e34-a81f-28a4d919f7ae
2022-03-09 23:22:05,866 [EventQueue-NodeRegistrationContainerReportForDataNodeSafeModeRule] INFO  safemode.SCMSafeModeManager (DataNodeSafeModeRule.java:process(71)) - SCM in safe mode. 3 DataNodes registered, 3 required.
2022-03-09 23:22:05,866 [EventQueue-NodeRegistrationContainerReportForDataNodeSafeModeRule] INFO  safemode.SCMSafeModeManager (SCMSafeModeManager.java:validateSafeModeExitRules(204)) - DataNodeSafeModeRule rule is successfully validated
2022-03-09 23:22:05,867 [EventQueue-NodeRegistrationContainerReportForDataNodeSafeModeRule] INFO  safemode.SCMSafeModeManager (SCMSafeModeManager.java:completePreCheck(233)) - All SCM safe mode pre check rules have passed
2022-03-09 23:22:05,867 [EventQueue-NodeRegistrationContainerReportForDataNodeSafeModeRule] WARN  events.EventQueue (EventQueue.java:fireEvent(194)) - No event handler registered for event TypedEvent{payloadType=SafeModeStatus, name='Safe mode status'}
2022-03-09 23:22:05,867 [EventQueue-NodeRegistrationContainerReportForDataNodeSafeModeRule] INFO  ha.SCMContext (SCMContext.java:updateSafeModeStatus(211)) - Update SafeModeStatus from SafeModeStatus{safeModeStatus=true, preCheckPassed=false} to SafeModeStatus{safeModeStatus=true, preCheckPassed=true}.
2022-03-09 23:22:05,867 [EventQueue-NodeRegistrationContainerReportForDataNodeSafeModeRule] INFO  pipeline.BackgroundPipelineCreator (BackgroundPipelineCreator.java:notifyEventTriggered(285)) - trigger a one-shot run on RatisPipelineUtilsThread.
2022-03-09 23:22:05,869 [b64818b1-8873-42dd-a727-ccc2cc2b6dc9@group-5A05AD500575-StateMachineUpdater] INFO  pipeline.PipelineStateManagerImpl (PipelineStateManagerImpl.java:addPipeline(101)) - Created pipeline Pipeline[ Id: ccf2bd87-4128-41b6-9bde-4f18bd09e878, Nodes: f5a405b8-a725-4e34-a81f-28a4d919f7ae{ip: 127.0.0.1, host: localhost, ports: [REPLICATION=43411, RATIS=36687, RATIS_ADMIN=36687, RATIS_SERVER=36687, STANDALONE=33607], networkLocation: /default-rack, certSerialId: null, persistedOpState: IN_SERVICE, persistedOpStateExpiryEpochSec: 0}, ReplicationConfig: RATIS/ONE, State:ALLOCATED, leaderId:, CreationTimestamp2022-03-09T23:22:05.866Z[Etc/UTC]].
2022-03-09 23:22:05,869 [b64818b1-8873-42dd-a727-ccc2cc2b6dc9@group-5A05AD500575-StateMachineUpdater] INFO  safemode.HealthyPipelineSafeModeRule (HealthyPipelineSafeModeRule.java:initializeRule(152)) - Refreshed total pipeline count is 0, healthy pipeline threshold count is 1
2022-03-09 23:22:05,870 [RatisPipelineUtilsThread - 0] INFO  pipeline.RatisPipelineProvider (RatisPipelineProvider.java:lambda$create$0(183)) - Sending CreatePipelineCommand for pipeline:PipelineID=703940b3-ddfe-4222-8dbe-b6dac33691c8 to datanode:f5a405b8-a725-4e34-a81f-28a4d919f7ae
2022-03-09 23:22:05,871 [RatisPipelineUtilsThread - 0] INFO  pipeline.RatisPipelineProvider (RatisPipelineProvider.java:lambda$create$0(183)) - Sending CreatePipelineCommand for pipeline:PipelineID=703940b3-ddfe-4222-8dbe-b6dac33691c8 to datanode:c63223b5-be61-406f-9e1d-de013a7c88f2
2022-03-09 23:22:05,871 [RatisPipelineUtilsThread - 0] INFO  pipeline.RatisPipelineProvider (RatisPipelineProvider.java:lambda$create$0(183)) - Sending CreatePipelineCommand for pipeline:PipelineID=703940b3-ddfe-4222-8dbe-b6dac33691c8 to datanode:7635f643-f2cd-4c2b-8e7b-e85076804bf4
2022-03-09 23:22:05,874 [b64818b1-8873-42dd-a727-ccc2cc2b6dc9@group-5A05AD500575-StateMachineUpdater] INFO  pipeline.PipelineStateManagerImpl (PipelineStateManagerImpl.java:addPipeline(101)) - Created pipeline Pipeline[ Id: 703940b3-ddfe-4222-8dbe-b6dac33691c8, Nodes: f5a405b8-a725-4e34-a81f-28a4d919f7ae{ip: 127.0.0.1, host: localhost, ports: [REPLICATION=43411, RATIS=36687, RATIS_ADMIN=36687, RATIS_SERVER=36687, STANDALONE=33607], networkLocation: /default-rack, certSerialId: null, persistedOpState: IN_SERVICE, persistedOpStateExpiryEpochSec: 0}c63223b5-be61-406f-9e1d-de013a7c88f2{ip: 127.0.0.1, host: localhost, ports: [REPLICATION=43043, RATIS=36463, RATIS_ADMIN=36463, RATIS_SERVER=36463, STANDALONE=46797], networkLocation: /default-rack, certSerialId: null, persistedOpState: IN_SERVICE, persistedOpStateExpiryEpochSec: 0}7635f643-f2cd-4c2b-8e7b-e85076804bf4{ip: 127.0.0.1, host: localhost, ports: [REPLICATION=46683, RATIS=35693, RATIS_ADMIN=35693, RATIS_SERVER=35693, STANDALONE=40979], networkLocation: /default-rack, certSerialId: null, persistedOpState: IN_SERVICE, persistedOpStateExpiryEpochSec: 0}, ReplicationConfig: RATIS/THREE, State:ALLOCATED, leaderId:, CreationTimestamp2022-03-09T23:22:05.870Z[Etc/UTC]].
2022-03-09 23:22:05,874 [b64818b1-8873-42dd-a727-ccc2cc2b6dc9@group-5A05AD500575-StateMachineUpdater] INFO  safemode.HealthyPipelineSafeModeRule (HealthyPipelineSafeModeRule.java:initializeRule(152)) - Refreshed total pipeline count is 0, healthy pipeline threshold count is 1
2022-03-09 23:22:05,875 [RatisPipelineUtilsThread - 0] INFO  pipeline.RatisPipelineProvider (RatisPipelineProvider.java:lambda$create$0(183)) - Sending CreatePipelineCommand for pipeline:PipelineID=d8be044a-68a3-49cd-bee2-90c48195e2e9 to datanode:7635f643-f2cd-4c2b-8e7b-e85076804bf4
2022-03-09 23:22:05,877 [RatisPipelineUtilsThread - 0] INFO  pipeline.RatisPipelineProvider (RatisPipelineProvider.java:lambda$create$0(183)) - Sending CreatePipelineCommand for pipeline:PipelineID=d8be044a-68a3-49cd-bee2-90c48195e2e9 to datanode:c63223b5-be61-406f-9e1d-de013a7c88f2
2022-03-09 23:22:05,877 [RatisPipelineUtilsThread - 0] INFO  pipeline.RatisPipelineProvider (RatisPipelineProvider.java:lambda$create$0(183)) - Sending CreatePipelineCommand for pipeline:PipelineID=d8be044a-68a3-49cd-bee2-90c48195e2e9 to datanode:f5a405b8-a725-4e34-a81f-28a4d919f7ae
2022-03-09 23:22:05,879 [b64818b1-8873-42dd-a727-ccc2cc2b6dc9@group-5A05AD500575-StateMachineUpdater] INFO  pipeline.PipelineStateManagerImpl (PipelineStateManagerImpl.java:addPipeline(101)) - Created pipeline Pipeline[ Id: d8be044a-68a3-49cd-bee2-90c48195e2e9, Nodes: 7635f643-f2cd-4c2b-8e7b-e85076804bf4{ip: 127.0.0.1, host: localhost, ports: [REPLICATION=46683, RATIS=35693, RATIS_ADMIN=35693, RATIS_SERVER=35693, STANDALONE=40979], networkLocation: /default-rack, certSerialId: null, persistedOpState: IN_SERVICE, persistedOpStateExpiryEpochSec: 0}c63223b5-be61-406f-9e1d-de013a7c88f2{ip: 127.0.0.1, host: localhost, ports: [REPLICATION=43043, RATIS=36463, RATIS_ADMIN=36463, RATIS_SERVER=36463, STANDALONE=46797], networkLocation: /default-rack, certSerialId: null, persistedOpState: IN_SERVICE, persistedOpStateExpiryEpochSec: 0}f5a405b8-a725-4e34-a81f-28a4d919f7ae{ip: 127.0.0.1, host: localhost, ports: [REPLICATION=43411, RATIS=36687, RATIS_ADMIN=36687, RATIS_SERVER=36687, STANDALONE=33607], networkLocation: /default-rack, certSerialId: null, persistedOpState: IN_SERVICE, persistedOpStateExpiryEpochSec: 0}, ReplicationConfig: RATIS/THREE, State:ALLOCATED, leaderId:, CreationTimestamp2022-03-09T23:22:05.875Z[Etc/UTC]].
2022-03-09 23:22:05,879 [b64818b1-8873-42dd-a727-ccc2cc2b6dc9@group-5A05AD500575-StateMachineUpdater] INFO  safemode.HealthyPipelineSafeModeRule (HealthyPipelineSafeModeRule.java:initializeRule(152)) - Refreshed total pipeline count is 0, healthy pipeline threshold count is 1
2022-03-09 23:22:05,879 [RatisPipelineUtilsThread - 0] INFO  pipeline.PipelineManagerImpl (PipelineManagerImpl.java:recordMetricsForPipeline(639)) - Pipeline: PipelineID=d8be044a-68a3-49cd-bee2-90c48195e2e9 contains same datanodes as previous pipelines: PipelineID=703940b3-ddfe-4222-8dbe-b6dac33691c8 nodeIds: 7635f643-f2cd-4c2b-8e7b-e85076804bf4, c63223b5-be61-406f-9e1d-de013a7c88f2, f5a405b8-a725-4e34-a81f-28a4d919f7ae
2022-03-09 23:22:06,529 [EndpointStateMachine task thread for /127.0.0.1:43683 - 0 ] INFO  ipc.Client (Client.java:handleConnectionFailure(977)) - Retrying connect to server: localhost/127.0.0.1:43683. Already tried 8 time(s); retry policy is RetryUpToMaximumCountWithFixedSleep(maxRetries=15, sleepTime=1000 MILLISECONDS)
2022-03-09 23:22:06,760 [Listener at 127.0.0.1/34785] INFO  ozone.MiniOzoneClusterImpl (MiniOzoneClusterImpl.java:lambda$waitForClusterToBeReady$0(219)) - Nodes are ready. Got 3 of 3 DN Heartbeats.
2022-03-09 23:22:06,760 [Listener at 127.0.0.1/34785] INFO  ozone.MiniOzoneClusterImpl (MiniOzoneClusterImpl.java:lambda$waitForClusterToBeReady$0(222)) - Waiting for cluster to exit safe mode
2022-03-09 23:22:06,760 [Listener at 127.0.0.1/34785] INFO  ozone.MiniOzoneClusterImpl (MiniOzoneClusterImpl.java:lambda$waitForClusterToBeReady$0(224)) - SCM became leader
2022-03-09 23:22:07,530 [EndpointStateMachine task thread for /127.0.0.1:43683 - 0 ] INFO  ipc.Client (Client.java:handleConnectionFailure(977)) - Retrying connect to server: localhost/127.0.0.1:43683. Already tried 9 time(s); retry policy is RetryUpToMaximumCountWithFixedSleep(maxRetries=15, sleepTime=1000 MILLISECONDS)
2022-03-09 23:22:07,761 [Listener at 127.0.0.1/34785] INFO  ozone.MiniOzoneClusterImpl (MiniOzoneClusterImpl.java:lambda$waitForClusterToBeReady$0(219)) - Nodes are ready. Got 3 of 3 DN Heartbeats.
2022-03-09 23:22:07,761 [Listener at 127.0.0.1/34785] INFO  ozone.MiniOzoneClusterImpl (MiniOzoneClusterImpl.java:lambda$waitForClusterToBeReady$0(222)) - Waiting for cluster to exit safe mode
2022-03-09 23:22:07,761 [Listener at 127.0.0.1/34785] INFO  ozone.MiniOzoneClusterImpl (MiniOzoneClusterImpl.java:lambda$waitForClusterToBeReady$0(224)) - SCM became leader
2022-03-09 23:22:08,171 [Command processor thread] INFO  server.RaftServer (RaftServerProxy.java:addNew(95)) - c63223b5-be61-406f-9e1d-de013a7c88f2: addNew group-3A7DFC38F43B:[c63223b5-be61-406f-9e1d-de013a7c88f2|rpc:127.0.0.1:36463|priority:1] returns group-3A7DFC38F43B:java.util.concurrent.CompletableFuture@25d0b08b[Not completed]
2022-03-09 23:22:08,185 [pool-298-thread-1] INFO  server.RaftServer$Division (RaftServerImpl.java:<init>(184)) - c63223b5-be61-406f-9e1d-de013a7c88f2: new RaftServerImpl for group-3A7DFC38F43B:[c63223b5-be61-406f-9e1d-de013a7c88f2|rpc:127.0.0.1:36463|priority:1] with ContainerStateMachine:uninitialized
2022-03-09 23:22:08,188 [pool-298-thread-1] INFO  server.RaftServerConfigKeys (ConfUtils.java:logGet(44)) - raft.server.rpc.timeout.min = 5s (custom)
2022-03-09 23:22:08,188 [pool-298-thread-1] INFO  server.RaftServerConfigKeys (ConfUtils.java:logGet(44)) - raft.server.rpc.timeout.max = 5200ms (custom)
2022-03-09 23:22:08,188 [pool-298-thread-1] INFO  server.RaftServerConfigKeys (ConfUtils.java:logGet(44)) - raft.server.rpc.sleep.time = 25ms (default)
2022-03-09 23:22:08,188 [pool-298-thread-1] INFO  server.RaftServerConfigKeys (ConfUtils.java:logGet(44)) - raft.server.rpc.slowness.timeout = 300s (custom)
2022-03-09 23:22:08,188 [pool-298-thread-1] INFO  server.RaftServerConfigKeys (ConfUtils.java:logGet(44)) - raft.server.leaderelection.leader.step-down.wait-time = 10s (default)
2022-03-09 23:22:08,188 [pool-298-thread-1] INFO  server.RaftServerConfigKeys (ConfUtils.java:logGet(44)) - raft.server.sleep.deviation.threshold = 300ms (default)
2022-03-09 23:22:08,188 [pool-298-thread-1] INFO  server.RaftServerConfigKeys (ConfUtils.java:logGet(44)) - raft.server.log.appender.install.snapshot.enabled = false (custom)
2022-03-09 23:22:08,189 [pool-298-thread-1] INFO  server.RaftServer$Division (ServerState.java:<init>(105)) - c63223b5-be61-406f-9e1d-de013a7c88f2@group-3A7DFC38F43B: ConfigurationManager, init=-1: [c63223b5-be61-406f-9e1d-de013a7c88f2|rpc:127.0.0.1:36463|priority:1], old=null, confs=<EMPTY_MAP>
2022-03-09 23:22:08,189 [pool-298-thread-1] INFO  server.RaftServerConfigKeys (ConfUtils.java:logGet(44)) - raft.server.storage.dir = [/home/runner/work/ozone/ozone/hadoop-ozone/integration-test/target/test-dir/MiniOzoneClusterImpl-4dc72195-aa51-421e-b53c-5a05ad500575/datanode-0/data/ratis] (custom)
2022-03-09 23:22:08,189 [pool-298-thread-1] INFO  server.RaftServerConfigKeys (ConfUtils.java:logGet(44)) - raft.server.log.corruption.policy = EXCEPTION (default)
2022-03-09 23:22:08,189 [pool-298-thread-1] INFO  server.RaftServerConfigKeys (ConfUtils.java:logGet(44)) - raft.server.storage.free-space.min = 0MB (=0) (default)
2022-03-09 23:22:08,189 [pool-298-thread-1] INFO  storage.RaftStorageDirectory (RaftStorageDirectoryImpl.java:analyzeStorage(135)) - The storage directory /home/runner/work/ozone/ozone/hadoop-ozone/integration-test/target/test-dir/MiniOzoneClusterImpl-4dc72195-aa51-421e-b53c-5a05ad500575/datanode-0/data/ratis/6c5a24cf-3ac5-4968-8f3d-3a7dfc38f43b does not exist. Creating ...
2022-03-09 23:22:08,190 [pool-298-thread-1] INFO  storage.RaftStorageDirectory (RaftStorageDirectoryImpl.java:tryLock(230)) - Lock on /home/runner/work/ozone/ozone/hadoop-ozone/integration-test/target/test-dir/MiniOzoneClusterImpl-4dc72195-aa51-421e-b53c-5a05ad500575/datanode-0/data/ratis/6c5a24cf-3ac5-4968-8f3d-3a7dfc38f43b/in_use.lock acquired by nodename 18126@fv-az184-819
2022-03-09 23:22:08,191 [pool-298-thread-1] INFO  storage.RaftStorage (RaftStorageImpl.java:format(89)) - Storage directory /home/runner/work/ozone/ozone/hadoop-ozone/integration-test/target/test-dir/MiniOzoneClusterImpl-4dc72195-aa51-421e-b53c-5a05ad500575/datanode-0/data/ratis/6c5a24cf-3ac5-4968-8f3d-3a7dfc38f43b has been successfully formatted.
2022-03-09 23:22:08,197 [EventQueue-PipelineReportForPipelineReportHandler] INFO  pipeline.PipelineManagerImpl (PipelineManagerImpl.java:openPipeline(291)) - Pipeline Pipeline[ Id: 6c5a24cf-3ac5-4968-8f3d-3a7dfc38f43b, Nodes: c63223b5-be61-406f-9e1d-de013a7c88f2{ip: 127.0.0.1, host: localhost, ports: [REPLICATION=43043, RATIS=36463, RATIS_ADMIN=36463, RATIS_SERVER=36463, STANDALONE=46797], networkLocation: /default-rack, certSerialId: null, persistedOpState: IN_SERVICE, persistedOpStateExpiryEpochSec: 0}, ReplicationConfig: RATIS/ONE, State:ALLOCATED, leaderId:c63223b5-be61-406f-9e1d-de013a7c88f2, CreationTimestamp2022-03-09T23:22:05.174Z[Etc/UTC]] moved to OPEN state
2022-03-09 23:22:08,205 [b64818b1-8873-42dd-a727-ccc2cc2b6dc9@group-5A05AD500575-StateMachineUpdater] INFO  safemode.HealthyPipelineSafeModeRule (HealthyPipelineSafeModeRule.java:initializeRule(152)) - Refreshed total pipeline count is 0, healthy pipeline threshold count is 1
2022-03-09 23:22:08,206 [EventQueue-OpenPipelineForHealthyPipelineSafeModeRule] INFO  safemode.SCMSafeModeManager (HealthyPipelineSafeModeRule.java:process(124)) - SCM in safe mode. Healthy pipelines reported count is 0, required healthy pipeline reported count is 1
2022-03-09 23:22:08,210 [pool-298-thread-1] INFO  ratis.ContainerStateMachine (ContainerStateMachine.java:loadSnapshot(236)) - group-3A7DFC38F43B: The snapshot info is null. Setting the last applied indexto:(t:0, i:~)
2022-03-09 23:22:08,215 [pool-298-thread-1] INFO  server.RaftServerConfigKeys (ConfUtils.java:logGet(44)) - raft.server.notification.no-leader.timeout = 300s (custom)
2022-03-09 23:22:08,215 [pool-298-thread-1] INFO  server.RaftServerConfigKeys (ConfUtils.java:logGet(44)) - raft.server.log.use.memory = false (default)
2022-03-09 23:22:08,215 [pool-298-thread-1] INFO  server.RaftServerConfigKeys (ConfUtils.java:logGet(44)) - raft.server.log.purge.gap = 1000000 (custom)
2022-03-09 23:22:08,215 [pool-298-thread-1] INFO  server.RaftServerConfigKeys (ConfUtils.java:logGet(44)) - raft.server.log.appender.buffer.byte-limit = 33554432 (custom)
2022-03-09 23:22:08,216 [pool-298-thread-1] INFO  server.RaftServerConfigKeys (ConfUtils.java:logGet(44)) - raft.server.log.segment.size.max = 1048576 (custom)
2022-03-09 23:22:08,216 [pool-298-thread-1] INFO  server.RaftServerConfigKeys (ConfUtils.java:logGet(44)) - raft.server.log.segment.cache.num.max = 2 (custom)
2022-03-09 23:22:08,216 [pool-298-thread-1] INFO  server.RaftServerConfigKeys (ConfUtils.java:logGet(44)) - raft.server.log.segment.cache.size.max = 200MB (=209715200) (default)
2022-03-09 23:22:08,216 [pool-298-thread-1] INFO  segmented.SegmentedRaftLogWorker (SegmentedRaftLogWorker.java:<init>(182)) - new c63223b5-be61-406f-9e1d-de013a7c88f2@group-3A7DFC38F43B-SegmentedRaftLogWorker for RaftStorageImpl:Storage Directory /home/runner/work/ozone/ozone/hadoop-ozone/integration-test/target/test-dir/MiniOzoneClusterImpl-4dc72195-aa51-421e-b53c-5a05ad500575/datanode-0/data/ratis/6c5a24cf-3ac5-4968-8f3d-3a7dfc38f43b
2022-03-09 23:22:08,216 [pool-298-thread-1] INFO  server.RaftServerConfigKeys (ConfUtils.java:logGet(44)) - raft.server.log.queue.byte-limit = 4294967296 (custom)
2022-03-09 23:22:08,216 [pool-298-thread-1] INFO  server.RaftServerConfigKeys (ConfUtils.java:logGet(44)) - raft.server.log.queue.element-limit = 1024 (custom)
2022-03-09 23:22:08,216 [pool-298-thread-1] INFO  server.RaftServerConfigKeys (ConfUtils.java:logGet(44)) - raft.server.log.segment.size.max = 1048576 (custom)
2022-03-09 23:22:08,216 [pool-298-thread-1] INFO  server.RaftServerConfigKeys (ConfUtils.java:logGet(44)) - raft.server.log.preallocated.size = 16384 (custom)
2022-03-09 23:22:08,216 [pool-298-thread-1] INFO  server.RaftServerConfigKeys (ConfUtils.java:logGet(44)) - raft.server.log.force.sync.num = 128 (default)
2022-03-09 23:22:08,216 [pool-298-thread-1] INFO  server.RaftServerConfigKeys (ConfUtils.java:logGet(44)) - raft.server.log.statemachine.data.sync = true (default)
2022-03-09 23:22:08,216 [pool-298-thread-1] INFO  server.RaftServerConfigKeys (ConfUtils.java:logGet(44)) - raft.server.log.statemachine.data.sync.timeout = 10s (default)
2022-03-09 23:22:08,217 [pool-298-thread-1] INFO  server.RaftServerConfigKeys (ConfUtils.java:logGet(44)) - raft.server.log.statemachine.data.sync.timeout.retry = -1 (default)
2022-03-09 23:22:08,217 [pool-298-thread-1] INFO  server.RaftServerConfigKeys (ConfUtils.java:logGet(44)) - raft.server.log.write.buffer.size = 1048576 (custom)
2022-03-09 23:22:08,218 [pool-298-thread-1] INFO  server.RaftServerConfigKeys (ConfUtils.java:logGet(44)) - raft.server.log.statemachine.data.caching.enabled = true (custom)
2022-03-09 23:22:08,218 [pool-298-thread-1] INFO  segmented.SegmentedRaftLogWorker (SegmentedRaftLogWorker.java:lambda$new$0(133)) - c63223b5-be61-406f-9e1d-de013a7c88f2@group-3A7DFC38F43B-SegmentedRaftLogWorker: flushIndex: setUnconditionally 0 -> -1
2022-03-09 23:22:08,218 [pool-298-thread-1] INFO  segmented.SegmentedRaftLogWorker (SegmentedRaftLogWorker.java:lambda$new$0(133)) - c63223b5-be61-406f-9e1d-de013a7c88f2@group-3A7DFC38F43B-SegmentedRaftLogWorker: safeCacheEvictIndex: setUnconditionally 0 -> -1
2022-03-09 23:22:08,220 [pool-298-thread-1] INFO  server.RaftServerConfigKeys (ConfUtils.java:logGet(44)) - raft.server.snapshot.auto.trigger.enabled = true (custom)
2022-03-09 23:22:08,220 [pool-298-thread-1] INFO  server.RaftServerConfigKeys (ConfUtils.java:logGet(44)) - raft.server.snapshot.auto.trigger.threshold = 10000 (custom)
2022-03-09 23:22:08,220 [pool-298-thread-1] INFO  server.RaftServerConfigKeys (ConfUtils.java:logGet(44)) - raft.server.snapshot.retention.file.num = 5 (custom)
2022-03-09 23:22:08,220 [pool-298-thread-1] INFO  server.RaftServerConfigKeys (ConfUtils.java:logGet(44)) - raft.server.log.purge.upto.snapshot.index = false (default)
2022-03-09 23:22:08,220 [pool-298-thread-1] INFO  server.RaftServerConfigKeys (ConfUtils.java:logGet(44)) - raft.server.retrycache.expirytime = 600000ms (custom)
2022-03-09 23:22:08,220 [pool-298-thread-1] INFO  server.RaftServerConfigKeys (ConfUtils.java:logGet(44)) - raft.server.retrycache.statistics.expirytime = 100μs (default)
2022-03-09 23:22:08,221 [pool-298-thread-1] INFO  server.RaftServer$Division (RaftServerImpl.java:start(301)) - c63223b5-be61-406f-9e1d-de013a7c88f2@group-3A7DFC38F43B: start as a follower, conf=-1: [c63223b5-be61-406f-9e1d-de013a7c88f2|rpc:127.0.0.1:36463|priority:1], old=null
2022-03-09 23:22:08,222 [pool-298-thread-1] INFO  server.RaftServer$Division (RaftServerImpl.java:setRole(290)) - c63223b5-be61-406f-9e1d-de013a7c88f2@group-3A7DFC38F43B: changes role from      null to FOLLOWER at term 0 for startAsFollower
2022-03-09 23:22:08,222 [pool-298-thread-1] INFO  impl.RoleInfo (RoleInfo.java:updateAndGet(130)) - c63223b5-be61-406f-9e1d-de013a7c88f2: start c63223b5-be61-406f-9e1d-de013a7c88f2@group-3A7DFC38F43B-FollowerState
2022-03-09 23:22:08,232 [pool-298-thread-1] INFO  util.JmxRegister (JmxRegister.java:tryRegister(44)) - Successfully registered JMX Bean with object name Ratis:service=RaftServer,group=group-3A7DFC38F43B,id=c63223b5-be61-406f-9e1d-de013a7c88f2
2022-03-09 23:22:08,236 [Command processor thread] INFO  ratis.XceiverServerRatis (XceiverServerRatis.java:addGroup(769)) - Created group PipelineID=6c5a24cf-3ac5-4968-8f3d-3a7dfc38f43b
2022-03-09 23:22:08,236 [Command processor thread] INFO  commandhandler.CreatePipelineCommandHandler (CreatePipelineCommandHandler.java:handle(106)) - Created Pipeline RATIS ONE PipelineID=6c5a24cf-3ac5-4968-8f3d-3a7dfc38f43b.
2022-03-09 23:22:08,236 [Command processor thread] INFO  server.RaftServer (RaftServerProxy.java:addNew(95)) - c63223b5-be61-406f-9e1d-de013a7c88f2: addNew group-B6DAC33691C8:[f5a405b8-a725-4e34-a81f-28a4d919f7ae|rpc:127.0.0.1:36687|priority:1, c63223b5-be61-406f-9e1d-de013a7c88f2|rpc:127.0.0.1:36463|priority:0, 7635f643-f2cd-4c2b-8e7b-e85076804bf4|rpc:127.0.0.1:35693|priority:0] returns group-B6DAC33691C8:java.util.concurrent.CompletableFuture@21ef30e9[Not completed]
2022-03-09 23:22:08,237 [pool-298-thread-1] INFO  server.RaftServer$Division (RaftServerImpl.java:<init>(184)) - c63223b5-be61-406f-9e1d-de013a7c88f2: new RaftServerImpl for group-B6DAC33691C8:[f5a405b8-a725-4e34-a81f-28a4d919f7ae|rpc:127.0.0.1:36687|priority:1, c63223b5-be61-406f-9e1d-de013a7c88f2|rpc:127.0.0.1:36463|priority:0, 7635f643-f2cd-4c2b-8e7b-e85076804bf4|rpc:127.0.0.1:35693|priority:0] with ContainerStateMachine:uninitialized
2022-03-09 23:22:08,237 [pool-298-thread-1] INFO  server.RaftServerConfigKeys (ConfUtils.java:logGet(44)) - raft.server.rpc.timeout.min = 5s (custom)
2022-03-09 23:22:08,237 [pool-298-thread-1] INFO  server.RaftServerConfigKeys (ConfUtils.java:logGet(44)) - raft.server.rpc.timeout.max = 5200ms (custom)
2022-03-09 23:22:08,237 [pool-298-thread-1] INFO  server.RaftServerConfigKeys (ConfUtils.java:logGet(44)) - raft.server.rpc.sleep.time = 25ms (default)
2022-03-09 23:22:08,237 [pool-298-thread-1] INFO  server.RaftServerConfigKeys (ConfUtils.java:logGet(44)) - raft.server.rpc.slowness.timeout = 300s (custom)
2022-03-09 23:22:08,238 [pool-298-thread-1] INFO  server.RaftServerConfigKeys (ConfUtils.java:logGet(44)) - raft.server.leaderelection.leader.step-down.wait-time = 10s (default)
2022-03-09 23:22:08,238 [pool-298-thread-1] INFO  server.RaftServerConfigKeys (ConfUtils.java:logGet(44)) - raft.server.sleep.deviation.threshold = 300ms (default)
2022-03-09 23:22:08,238 [pool-298-thread-1] INFO  server.RaftServerConfigKeys (ConfUtils.java:logGet(44)) - raft.server.log.appender.install.snapshot.enabled = false (custom)
2022-03-09 23:22:08,238 [pool-298-thread-1] INFO  server.RaftServer$Division (ServerState.java:<init>(105)) - c63223b5-be61-406f-9e1d-de013a7c88f2@group-B6DAC33691C8: ConfigurationManager, init=-1: [f5a405b8-a725-4e34-a81f-28a4d919f7ae|rpc:127.0.0.1:36687|priority:1, c63223b5-be61-406f-9e1d-de013a7c88f2|rpc:127.0.0.1:36463|priority:0, 7635f643-f2cd-4c2b-8e7b-e85076804bf4|rpc:127.0.0.1:35693|priority:0], old=null, confs=<EMPTY_MAP>
2022-03-09 23:22:08,238 [pool-298-thread-1] INFO  server.RaftServerConfigKeys (ConfUtils.java:logGet(44)) - raft.server.storage.dir = [/home/runner/work/ozone/ozone/hadoop-ozone/integration-test/target/test-dir/MiniOzoneClusterImpl-4dc72195-aa51-421e-b53c-5a05ad500575/datanode-0/data/ratis] (custom)
2022-03-09 23:22:08,238 [pool-298-thread-1] INFO  server.RaftServerConfigKeys (ConfUtils.java:logGet(44)) - raft.server.log.corruption.policy = EXCEPTION (default)
2022-03-09 23:22:08,238 [pool-298-thread-1] INFO  server.RaftServerConfigKeys (ConfUtils.java:logGet(44)) - raft.server.storage.free-space.min = 0MB (=0) (default)
2022-03-09 23:22:08,238 [pool-298-thread-1] INFO  storage.RaftStorageDirectory (RaftStorageDirectoryImpl.java:analyzeStorage(135)) - The storage directory /home/runner/work/ozone/ozone/hadoop-ozone/integration-test/target/test-dir/MiniOzoneClusterImpl-4dc72195-aa51-421e-b53c-5a05ad500575/datanode-0/data/ratis/703940b3-ddfe-4222-8dbe-b6dac33691c8 does not exist. Creating ...
2022-03-09 23:22:08,239 [pool-298-thread-1] INFO  storage.RaftStorageDirectory (RaftStorageDirectoryImpl.java:tryLock(230)) - Lock on /home/runner/work/ozone/ozone/hadoop-ozone/integration-test/target/test-dir/MiniOzoneClusterImpl-4dc72195-aa51-421e-b53c-5a05ad500575/datanode-0/data/ratis/703940b3-ddfe-4222-8dbe-b6dac33691c8/in_use.lock acquired by nodename 18126@fv-az184-819
2022-03-09 23:22:08,244 [pool-298-thread-1] INFO  storage.RaftStorage (RaftStorageImpl.java:format(89)) - Storage directory /home/runner/work/ozone/ozone/hadoop-ozone/integration-test/target/test-dir/MiniOzoneClusterImpl-4dc72195-aa51-421e-b53c-5a05ad500575/datanode-0/data/ratis/703940b3-ddfe-4222-8dbe-b6dac33691c8 has been successfully formatted.
2022-03-09 23:22:08,246 [pool-298-thread-1] INFO  ratis.ContainerStateMachine (ContainerStateMachine.java:loadSnapshot(236)) - group-B6DAC33691C8: The snapshot info is null. Setting the last applied indexto:(t:0, i:~)
2022-03-09 23:22:08,246 [pool-298-thread-1] INFO  server.RaftServerConfigKeys (ConfUtils.java:logGet(44)) - raft.server.notification.no-leader.timeout = 300s (custom)
2022-03-09 23:22:08,246 [pool-298-thread-1] INFO  server.RaftServerConfigKeys (ConfUtils.java:logGet(44)) - raft.server.log.use.memory = false (default)
2022-03-09 23:22:08,246 [pool-298-thread-1] INFO  server.RaftServerConfigKeys (ConfUtils.java:logGet(44)) - raft.server.log.purge.gap = 1000000 (custom)
2022-03-09 23:22:08,246 [pool-298-thread-1] INFO  server.RaftServerConfigKeys (ConfUtils.java:logGet(44)) - raft.server.log.appender.buffer.byte-limit = 33554432 (custom)
2022-03-09 23:22:08,246 [pool-298-thread-1] INFO  server.RaftServerConfigKeys (ConfUtils.java:logGet(44)) - raft.server.log.segment.size.max = 1048576 (custom)
2022-03-09 23:22:08,247 [EventQueue-OpenPipelineForHealthyPipelineSafeModeRule] INFO  safemode.SCMSafeModeManager (HealthyPipelineSafeModeRule.java:process(124)) - SCM in safe mode. Healthy pipelines reported count is 0, required healthy pipeline reported count is 1
2022-03-09 23:22:08,248 [pool-298-thread-1] INFO  server.RaftServerConfigKeys (ConfUtils.java:logGet(44)) - raft.server.log.segment.cache.num.max = 2 (custom)
2022-03-09 23:22:08,248 [pool-298-thread-1] INFO  server.RaftServerConfigKeys (ConfUtils.java:logGet(44)) - raft.server.log.segment.cache.size.max = 200MB (=209715200) (default)
2022-03-09 23:22:08,248 [pool-298-thread-1] INFO  segmented.SegmentedRaftLogWorker (SegmentedRaftLogWorker.java:<init>(182)) - new c63223b5-be61-406f-9e1d-de013a7c88f2@group-B6DAC33691C8-SegmentedRaftLogWorker for RaftStorageImpl:Storage Directory /home/runner/work/ozone/ozone/hadoop-ozone/integration-test/target/test-dir/MiniOzoneClusterImpl-4dc72195-aa51-421e-b53c-5a05ad500575/datanode-0/data/ratis/703940b3-ddfe-4222-8dbe-b6dac33691c8
2022-03-09 23:22:08,248 [pool-298-thread-1] INFO  server.RaftServerConfigKeys (ConfUtils.java:logGet(44)) - raft.server.log.queue.byte-limit = 4294967296 (custom)
2022-03-09 23:22:08,248 [pool-298-thread-1] INFO  server.RaftServerConfigKeys (ConfUtils.java:logGet(44)) - raft.server.log.queue.element-limit = 1024 (custom)
2022-03-09 23:22:08,248 [pool-298-thread-1] INFO  server.RaftServerConfigKeys (ConfUtils.java:logGet(44)) - raft.server.log.segment.size.max = 1048576 (custom)
2022-03-09 23:22:08,248 [pool-298-thread-1] INFO  server.RaftServerConfigKeys (ConfUtils.java:logGet(44)) - raft.server.log.preallocated.size = 16384 (custom)
2022-03-09 23:22:08,248 [pool-298-thread-1] INFO  server.RaftServerConfigKeys (ConfUtils.java:logGet(44)) - raft.server.log.force.sync.num = 128 (default)
2022-03-09 23:22:08,248 [pool-298-thread-1] INFO  server.RaftServerConfigKeys (ConfUtils.java:logGet(44)) - raft.server.log.statemachine.data.sync = true (default)
2022-03-09 23:22:08,248 [pool-298-thread-1] INFO  server.RaftServerConfigKeys (ConfUtils.java:logGet(44)) - raft.server.log.statemachine.data.sync.timeout = 10s (default)
2022-03-09 23:22:08,249 [pool-298-thread-1] INFO  server.RaftServerConfigKeys (ConfUtils.java:logGet(44)) - raft.server.log.statemachine.data.sync.timeout.retry = -1 (default)
2022-03-09 23:22:08,250 [pool-298-thread-1] INFO  server.RaftServerConfigKeys (ConfUtils.java:logGet(44)) - raft.server.log.write.buffer.size = 1048576 (custom)
2022-03-09 23:22:08,251 [pool-298-thread-1] INFO  server.RaftServerConfigKeys (ConfUtils.java:logGet(44)) - raft.server.log.statemachine.data.caching.enabled = true (custom)
2022-03-09 23:22:08,256 [pool-298-thread-1] INFO  segmented.SegmentedRaftLogWorker (SegmentedRaftLogWorker.java:lambda$new$0(133)) - c63223b5-be61-406f-9e1d-de013a7c88f2@group-B6DAC33691C8-SegmentedRaftLogWorker: flushIndex: setUnconditionally 0 -> -1
2022-03-09 23:22:08,256 [pool-298-thread-1] INFO  segmented.SegmentedRaftLogWorker (SegmentedRaftLogWorker.java:lambda$new$0(133)) - c63223b5-be61-406f-9e1d-de013a7c88f2@group-B6DAC33691C8-SegmentedRaftLogWorker: safeCacheEvictIndex: setUnconditionally 0 -> -1
2022-03-09 23:22:08,263 [pool-298-thread-1] INFO  server.RaftServerConfigKeys (ConfUtils.java:logGet(44)) - raft.server.snapshot.auto.trigger.enabled = true (custom)
2022-03-09 23:22:08,263 [pool-298-thread-1] INFO  server.RaftServerConfigKeys (ConfUtils.java:logGet(44)) - raft.server.snapshot.auto.trigger.threshold = 10000 (custom)
2022-03-09 23:22:08,263 [pool-298-thread-1] INFO  server.RaftServerConfigKeys (ConfUtils.java:logGet(44)) - raft.server.snapshot.retention.file.num = 5 (custom)
2022-03-09 23:22:08,264 [pool-298-thread-1] INFO  server.RaftServerConfigKeys (ConfUtils.java:logGet(44)) - raft.server.log.purge.upto.snapshot.index = false (default)
2022-03-09 23:22:08,264 [pool-298-thread-1] INFO  server.RaftServerConfigKeys (ConfUtils.java:logGet(44)) - raft.server.retrycache.expirytime = 600000ms (custom)
2022-03-09 23:22:08,264 [pool-298-thread-1] INFO  server.RaftServerConfigKeys (ConfUtils.java:logGet(44)) - raft.server.retrycache.statistics.expirytime = 100μs (default)
2022-03-09 23:22:08,265 [pool-298-thread-1] INFO  server.RaftServer$Division (RaftServerImpl.java:start(301)) - c63223b5-be61-406f-9e1d-de013a7c88f2@group-B6DAC33691C8: start as a follower, conf=-1: [f5a405b8-a725-4e34-a81f-28a4d919f7ae|rpc:127.0.0.1:36687|priority:1, c63223b5-be61-406f-9e1d-de013a7c88f2|rpc:127.0.0.1:36463|priority:0, 7635f643-f2cd-4c2b-8e7b-e85076804bf4|rpc:127.0.0.1:35693|priority:0], old=null
2022-03-09 23:22:08,265 [pool-298-thread-1] INFO  server.RaftServer$Division (RaftServerImpl.java:setRole(290)) - c63223b5-be61-406f-9e1d-de013a7c88f2@group-B6DAC33691C8: changes role from      null to FOLLOWER at term 0 for startAsFollower
2022-03-09 23:22:08,265 [pool-298-thread-1] INFO  impl.RoleInfo (RoleInfo.java:updateAndGet(130)) - c63223b5-be61-406f-9e1d-de013a7c88f2: start c63223b5-be61-406f-9e1d-de013a7c88f2@group-B6DAC33691C8-FollowerState
2022-03-09 23:22:08,277 [pool-298-thread-1] INFO  util.JmxRegister (JmxRegister.java:tryRegister(44)) - Successfully registered JMX Bean with object name Ratis:service=RaftServer,group=group-B6DAC33691C8,id=c63223b5-be61-406f-9e1d-de013a7c88f2
2022-03-09 23:22:08,280 [Command processor thread] INFO  ratis.XceiverServerRatis (XceiverServerRatis.java:addGroup(769)) - Created group PipelineID=703940b3-ddfe-4222-8dbe-b6dac33691c8
2022-03-09 23:22:08,309 [grpc-default-executor-5] INFO  server.RaftServer (RaftServerProxy.java:addNew(95)) - f5a405b8-a725-4e34-a81f-28a4d919f7ae: addNew group-B6DAC33691C8:[f5a405b8-a725-4e34-a81f-28a4d919f7ae|rpc:127.0.0.1:36687|dataStream:|priority:1, c63223b5-be61-406f-9e1d-de013a7c88f2|rpc:127.0.0.1:36463|dataStream:|priority:0, 7635f643-f2cd-4c2b-8e7b-e85076804bf4|rpc:127.0.0.1:35693|dataStream:|priority:0] returns group-B6DAC33691C8:java.util.concurrent.CompletableFuture@66a8f785[Not completed]
2022-03-09 23:22:08,321 [pool-340-thread-1] INFO  server.RaftServer$Division (RaftServerImpl.java:<init>(184)) - f5a405b8-a725-4e34-a81f-28a4d919f7ae: new RaftServerImpl for group-B6DAC33691C8:[f5a405b8-a725-4e34-a81f-28a4d919f7ae|rpc:127.0.0.1:36687|dataStream:|priority:1, c63223b5-be61-406f-9e1d-de013a7c88f2|rpc:127.0.0.1:36463|dataStream:|priority:0, 7635f643-f2cd-4c2b-8e7b-e85076804bf4|rpc:127.0.0.1:35693|dataStream:|priority:0] with ContainerStateMachine:uninitialized
2022-03-09 23:22:08,323 [pool-340-thread-1] INFO  server.RaftServerConfigKeys (ConfUtils.java:logGet(44)) - raft.server.rpc.timeout.min = 5s (custom)
2022-03-09 23:22:08,323 [pool-340-thread-1] INFO  server.RaftServerConfigKeys (ConfUtils.java:logGet(44)) - raft.server.rpc.timeout.max = 5200ms (custom)
2022-03-09 23:22:08,323 [pool-340-thread-1] INFO  server.RaftServerConfigKeys (ConfUtils.java:logGet(44)) - raft.server.rpc.sleep.time = 25ms (default)
2022-03-09 23:22:08,323 [pool-340-thread-1] INFO  server.RaftServerConfigKeys (ConfUtils.java:logGet(44)) - raft.server.rpc.slowness.timeout = 300s (custom)
2022-03-09 23:22:08,323 [pool-340-thread-1] INFO  server.RaftServerConfigKeys (ConfUtils.java:logGet(44)) - raft.server.leaderelection.leader.step-down.wait-time = 10s (default)
2022-03-09 23:22:08,323 [pool-340-thread-1] INFO  server.RaftServerConfigKeys (ConfUtils.java:logGet(44)) - raft.server.sleep.deviation.threshold = 300ms (default)
2022-03-09 23:22:08,323 [pool-340-thread-1] INFO  server.RaftServerConfigKeys (ConfUtils.java:logGet(44)) - raft.server.log.appender.install.snapshot.enabled = false (custom)
2022-03-09 23:22:08,323 [pool-340-thread-1] INFO  server.RaftServer$Division (ServerState.java:<init>(105)) - f5a405b8-a725-4e34-a81f-28a4d919f7ae@group-B6DAC33691C8: ConfigurationManager, init=-1: [f5a405b8-a725-4e34-a81f-28a4d919f7ae|rpc:127.0.0.1:36687|dataStream:|priority:1, c63223b5-be61-406f-9e1d-de013a7c88f2|rpc:127.0.0.1:36463|dataStream:|priority:0, 7635f643-f2cd-4c2b-8e7b-e85076804bf4|rpc:127.0.0.1:35693|dataStream:|priority:0], old=null, confs=<EMPTY_MAP>
2022-03-09 23:22:08,323 [pool-340-thread-1] INFO  server.RaftServerConfigKeys (ConfUtils.java:logGet(44)) - raft.server.storage.dir = [/home/runner/work/ozone/ozone/hadoop-ozone/integration-test/target/test-dir/MiniOzoneClusterImpl-4dc72195-aa51-421e-b53c-5a05ad500575/datanode-2/data/ratis] (custom)
2022-03-09 23:22:08,324 [pool-340-thread-1] INFO  server.RaftServerConfigKeys (ConfUtils.java:logGet(44)) - raft.server.log.corruption.policy = EXCEPTION (default)
2022-03-09 23:22:08,324 [pool-340-thread-1] INFO  server.RaftServerConfigKeys (ConfUtils.java:logGet(44)) - raft.server.storage.free-space.min = 0MB (=0) (default)
2022-03-09 23:22:08,324 [pool-340-thread-1] INFO  storage.RaftStorageDirectory (RaftStorageDirectoryImpl.java:analyzeStorage(135)) - The storage directory /home/runner/work/ozone/ozone/hadoop-ozone/integration-test/target/test-dir/MiniOzoneClusterImpl-4dc72195-aa51-421e-b53c-5a05ad500575/datanode-2/data/ratis/703940b3-ddfe-4222-8dbe-b6dac33691c8 does not exist. Creating ...
2022-03-09 23:22:08,332 [pool-340-thread-1] INFO  storage.RaftStorageDirectory (RaftStorageDirectoryImpl.java:tryLock(230)) - Lock on /home/runner/work/ozone/ozone/hadoop-ozone/integration-test/target/test-dir/MiniOzoneClusterImpl-4dc72195-aa51-421e-b53c-5a05ad500575/datanode-2/data/ratis/703940b3-ddfe-4222-8dbe-b6dac33691c8/in_use.lock acquired by nodename 18126@fv-az184-819
2022-03-09 23:22:08,337 [pool-340-thread-1] INFO  storage.RaftStorage (RaftStorageImpl.java:format(89)) - Storage directory /home/runner/work/ozone/ozone/hadoop-ozone/integration-test/target/test-dir/MiniOzoneClusterImpl-4dc72195-aa51-421e-b53c-5a05ad500575/datanode-2/data/ratis/703940b3-ddfe-4222-8dbe-b6dac33691c8 has been successfully formatted.
2022-03-09 23:22:08,340 [pool-340-thread-1] INFO  ratis.ContainerStateMachine (ContainerStateMachine.java:loadSnapshot(236)) - group-B6DAC33691C8: The snapshot info is null. Setting the last applied indexto:(t:0, i:~)
2022-03-09 23:22:08,341 [pool-340-thread-1] INFO  server.RaftServerConfigKeys (ConfUtils.java:logGet(44)) - raft.server.notification.no-leader.timeout = 300s (custom)
2022-03-09 23:22:08,341 [pool-340-thread-1] INFO  server.RaftServerConfigKeys (ConfUtils.java:logGet(44)) - raft.server.log.use.memory = false (default)
2022-03-09 23:22:08,341 [pool-340-thread-1] INFO  server.RaftServerConfigKeys (ConfUtils.java:logGet(44)) - raft.server.log.purge.gap = 1000000 (custom)
2022-03-09 23:22:08,341 [pool-340-thread-1] INFO  server.RaftServerConfigKeys (ConfUtils.java:logGet(44)) - raft.server.log.appender.buffer.byte-limit = 33554432 (custom)
2022-03-09 23:22:08,341 [pool-340-thread-1] INFO  server.RaftServerConfigKeys (ConfUtils.java:logGet(44)) - raft.server.log.segment.size.max = 1048576 (custom)
2022-03-09 23:22:08,346 [pool-340-thread-1] INFO  server.RaftServerConfigKeys (ConfUtils.java:logGet(44)) - raft.server.log.segment.cache.num.max = 2 (custom)
2022-03-09 23:22:08,346 [pool-340-thread-1] INFO  server.RaftServerConfigKeys (ConfUtils.java:logGet(44)) - raft.server.log.segment.cache.size.max = 200MB (=209715200) (default)
2022-03-09 23:22:08,346 [pool-340-thread-1] INFO  segmented.SegmentedRaftLogWorker (SegmentedRaftLogWorker.java:<init>(182)) - new f5a405b8-a725-4e34-a81f-28a4d919f7ae@group-B6DAC33691C8-SegmentedRaftLogWorker for RaftStorageImpl:Storage Directory /home/runner/work/ozone/ozone/hadoop-ozone/integration-test/target/test-dir/MiniOzoneClusterImpl-4dc72195-aa51-421e-b53c-5a05ad500575/datanode-2/data/ratis/703940b3-ddfe-4222-8dbe-b6dac33691c8
2022-03-09 23:22:08,346 [pool-340-thread-1] INFO  server.RaftServerConfigKeys (ConfUtils.java:logGet(44)) - raft.server.log.queue.byte-limit = 4294967296 (custom)
2022-03-09 23:22:08,347 [pool-340-thread-1] INFO  server.RaftServerConfigKeys (ConfUtils.java:logGet(44)) - raft.server.log.queue.element-limit = 1024 (custom)
2022-03-09 23:22:08,347 [pool-340-thread-1] INFO  server.RaftServerConfigKeys (ConfUtils.java:logGet(44)) - raft.server.log.segment.size.max = 1048576 (custom)
2022-03-09 23:22:08,347 [pool-340-thread-1] INFO  server.RaftServerConfigKeys (ConfUtils.java:logGet(44)) - raft.server.log.preallocated.size = 16384 (custom)
2022-03-09 23:22:08,348 [pool-340-thread-1] INFO  server.RaftServerConfigKeys (ConfUtils.java:logGet(44)) - raft.server.log.force.sync.num = 128 (default)
2022-03-09 23:22:08,348 [pool-340-thread-1] INFO  server.RaftServerConfigKeys (ConfUtils.java:logGet(44)) - raft.server.log.statemachine.data.sync = true (default)
2022-03-09 23:22:08,348 [pool-340-thread-1] INFO  server.RaftServerConfigKeys (ConfUtils.java:logGet(44)) - raft.server.log.statemachine.data.sync.timeout = 10s (default)
2022-03-09 23:22:08,348 [pool-340-thread-1] INFO  server.RaftServerConfigKeys (ConfUtils.java:logGet(44)) - raft.server.log.statemachine.data.sync.timeout.retry = -1 (default)
2022-03-09 23:22:08,349 [pool-340-thread-1] INFO  server.RaftServerConfigKeys (ConfUtils.java:logGet(44)) - raft.server.log.write.buffer.size = 1048576 (custom)
2022-03-09 23:22:08,350 [pool-340-thread-1] INFO  server.RaftServerConfigKeys (ConfUtils.java:logGet(44)) - raft.server.log.statemachine.data.caching.enabled = true (custom)
2022-03-09 23:22:08,352 [pool-340-thread-1] INFO  segmented.SegmentedRaftLogWorker (SegmentedRaftLogWorker.java:lambda$new$0(133)) - f5a405b8-a725-4e34-a81f-28a4d919f7ae@group-B6DAC33691C8-SegmentedRaftLogWorker: flushIndex: setUnconditionally 0 -> -1
2022-03-09 23:22:08,353 [pool-340-thread-1] INFO  segmented.SegmentedRaftLogWorker (SegmentedRaftLogWorker.java:lambda$new$0(133)) - f5a405b8-a725-4e34-a81f-28a4d919f7ae@group-B6DAC33691C8-SegmentedRaftLogWorker: safeCacheEvictIndex: setUnconditionally 0 -> -1
2022-03-09 23:22:08,356 [pool-340-thread-1] INFO  server.RaftServerConfigKeys (ConfUtils.java:logGet(44)) - raft.server.snapshot.auto.trigger.enabled = true (custom)
2022-03-09 23:22:08,356 [pool-340-thread-1] INFO  server.RaftServerConfigKeys (ConfUtils.java:logGet(44)) - raft.server.snapshot.auto.trigger.threshold = 10000 (custom)
2022-03-09 23:22:08,356 [pool-340-thread-1] INFO  server.RaftServerConfigKeys (ConfUtils.java:logGet(44)) - raft.server.snapshot.retention.file.num = 5 (custom)
2022-03-09 23:22:08,356 [pool-340-thread-1] INFO  server.RaftServerConfigKeys (ConfUtils.java:logGet(44)) - raft.server.log.purge.upto.snapshot.index = false (default)
2022-03-09 23:22:08,356 [pool-340-thread-1] INFO  server.RaftServerConfigKeys (ConfUtils.java:logGet(44)) - raft.server.retrycache.expirytime = 600000ms (custom)
2022-03-09 23:22:08,356 [pool-340-thread-1] INFO  server.RaftServerConfigKeys (ConfUtils.java:logGet(44)) - raft.server.retrycache.statistics.expirytime = 100μs (default)
2022-03-09 23:22:08,359 [pool-340-thread-1] INFO  server.RaftServer$Division (RaftServerImpl.java:start(301)) - f5a405b8-a725-4e34-a81f-28a4d919f7ae@group-B6DAC33691C8: start as a follower, conf=-1: [f5a405b8-a725-4e34-a81f-28a4d919f7ae|rpc:127.0.0.1:36687|dataStream:|priority:1, c63223b5-be61-406f-9e1d-de013a7c88f2|rpc:127.0.0.1:36463|dataStream:|priority:0, 7635f643-f2cd-4c2b-8e7b-e85076804bf4|rpc:127.0.0.1:35693|dataStream:|priority:0], old=null
2022-03-09 23:22:08,359 [pool-340-thread-1] INFO  server.RaftServer$Division (RaftServerImpl.java:setRole(290)) - f5a405b8-a725-4e34-a81f-28a4d919f7ae@group-B6DAC33691C8: changes role from      null to FOLLOWER at term 0 for startAsFollower
2022-03-09 23:22:08,359 [pool-340-thread-1] INFO  impl.RoleInfo (RoleInfo.java:updateAndGet(130)) - f5a405b8-a725-4e34-a81f-28a4d919f7ae: start f5a405b8-a725-4e34-a81f-28a4d919f7ae@group-B6DAC33691C8-FollowerState
2022-03-09 23:22:08,367 [pool-340-thread-1] INFO  util.JmxRegister (JmxRegister.java:tryRegister(44)) - Successfully registered JMX Bean with object name Ratis:service=RaftServer,group=group-B6DAC33691C8,id=f5a405b8-a725-4e34-a81f-28a4d919f7ae
2022-03-09 23:22:08,441 [grpc-default-executor-5] INFO  server.RaftServer (RaftServerProxy.java:addNew(95)) - 7635f643-f2cd-4c2b-8e7b-e85076804bf4: addNew group-B6DAC33691C8:[f5a405b8-a725-4e34-a81f-28a4d919f7ae|rpc:127.0.0.1:36687|dataStream:|priority:1, c63223b5-be61-406f-9e1d-de013a7c88f2|rpc:127.0.0.1:36463|dataStream:|priority:0, 7635f643-f2cd-4c2b-8e7b-e85076804bf4|rpc:127.0.0.1:35693|dataStream:|priority:0] returns group-B6DAC33691C8:java.util.concurrent.CompletableFuture@47fa5bd0[Not completed]
2022-03-09 23:22:08,442 [pool-319-thread-1] INFO  server.RaftServer$Division (RaftServerImpl.java:<init>(184)) - 7635f643-f2cd-4c2b-8e7b-e85076804bf4: new RaftServerImpl for group-B6DAC33691C8:[f5a405b8-a725-4e34-a81f-28a4d919f7ae|rpc:127.0.0.1:36687|dataStream:|priority:1, c63223b5-be61-406f-9e1d-de013a7c88f2|rpc:127.0.0.1:36463|dataStream:|priority:0, 7635f643-f2cd-4c2b-8e7b-e85076804bf4|rpc:127.0.0.1:35693|dataStream:|priority:0] with ContainerStateMachine:uninitialized
2022-03-09 23:22:08,456 [Command processor thread] INFO  server.RaftServer (RaftServerProxy.java:addNew(95)) - 7635f643-f2cd-4c2b-8e7b-e85076804bf4: addNew group-B23D8E9BC3A5:[7635f643-f2cd-4c2b-8e7b-e85076804bf4|rpc:127.0.0.1:35693|priority:1] returns group-B23D8E9BC3A5:java.util.concurrent.CompletableFuture@7e6a46f7[Not completed]
2022-03-09 23:22:08,456 [pool-319-thread-1] INFO  server.RaftServerConfigKeys (ConfUtils.java:logGet(44)) - raft.server.rpc.timeout.min = 5s (custom)
2022-03-09 23:22:08,456 [pool-319-thread-1] INFO  server.RaftServerConfigKeys (ConfUtils.java:logGet(44)) - raft.server.rpc.timeout.max = 5200ms (custom)
2022-03-09 23:22:08,456 [pool-319-thread-1] INFO  server.RaftServerConfigKeys (ConfUtils.java:logGet(44)) - raft.server.rpc.sleep.time = 25ms (default)
2022-03-09 23:22:08,457 [pool-319-thread-1] INFO  server.RaftServerConfigKeys (ConfUtils.java:logGet(44)) - raft.server.rpc.slowness.timeout = 300s (custom)
2022-03-09 23:22:08,457 [pool-319-thread-1] INFO  server.RaftServerConfigKeys (ConfUtils.java:logGet(44)) - raft.server.leaderelection.leader.step-down.wait-time = 10s (default)
2022-03-09 23:22:08,457 [pool-319-thread-1] INFO  server.RaftServerConfigKeys (ConfUtils.java:logGet(44)) - raft.server.sleep.deviation.threshold = 300ms (default)
2022-03-09 23:22:08,457 [pool-319-thread-1] INFO  server.RaftServerConfigKeys (ConfUtils.java:logGet(44)) - raft.server.log.appender.install.snapshot.enabled = false (custom)
2022-03-09 23:22:08,457 [pool-319-thread-1] INFO  server.RaftServer$Division (ServerState.java:<init>(105)) - 7635f643-f2cd-4c2b-8e7b-e85076804bf4@group-B6DAC33691C8: ConfigurationManager, init=-1: [f5a405b8-a725-4e34-a81f-28a4d919f7ae|rpc:127.0.0.1:36687|dataStream:|priority:1, c63223b5-be61-406f-9e1d-de013a7c88f2|rpc:127.0.0.1:36463|dataStream:|priority:0, 7635f643-f2cd-4c2b-8e7b-e85076804bf4|rpc:127.0.0.1:35693|dataStream:|priority:0], old=null, confs=<EMPTY_MAP>
2022-03-09 23:22:08,457 [pool-319-thread-1] INFO  server.RaftServerConfigKeys (ConfUtils.java:logGet(44)) - raft.server.storage.dir = [/home/runner/work/ozone/ozone/hadoop-ozone/integration-test/target/test-dir/MiniOzoneClusterImpl-4dc72195-aa51-421e-b53c-5a05ad500575/datanode-1/data/ratis] (custom)
2022-03-09 23:22:08,457 [pool-319-thread-1] INFO  server.RaftServerConfigKeys (ConfUtils.java:logGet(44)) - raft.server.log.corruption.policy = EXCEPTION (default)
2022-03-09 23:22:08,457 [pool-319-thread-1] INFO  server.RaftServerConfigKeys (ConfUtils.java:logGet(44)) - raft.server.storage.free-space.min = 0MB (=0) (default)
2022-03-09 23:22:08,457 [pool-319-thread-1] INFO  storage.RaftStorageDirectory (RaftStorageDirectoryImpl.java:analyzeStorage(135)) - The storage directory /home/runner/work/ozone/ozone/hadoop-ozone/integration-test/target/test-dir/MiniOzoneClusterImpl-4dc72195-aa51-421e-b53c-5a05ad500575/datanode-1/data/ratis/703940b3-ddfe-4222-8dbe-b6dac33691c8 does not exist. Creating ...
2022-03-09 23:22:08,458 [pool-319-thread-1] INFO  storage.RaftStorageDirectory (RaftStorageDirectoryImpl.java:tryLock(230)) - Lock on /home/runner/work/ozone/ozone/hadoop-ozone/integration-test/target/test-dir/MiniOzoneClusterImpl-4dc72195-aa51-421e-b53c-5a05ad500575/datanode-1/data/ratis/703940b3-ddfe-4222-8dbe-b6dac33691c8/in_use.lock acquired by nodename 18126@fv-az184-819
2022-03-09 23:22:08,459 [pool-319-thread-1] INFO  storage.RaftStorage (RaftStorageImpl.java:format(89)) - Storage directory /home/runner/work/ozone/ozone/hadoop-ozone/integration-test/target/test-dir/MiniOzoneClusterImpl-4dc72195-aa51-421e-b53c-5a05ad500575/datanode-1/data/ratis/703940b3-ddfe-4222-8dbe-b6dac33691c8 has been successfully formatted.
2022-03-09 23:22:08,460 [pool-319-thread-1] INFO  ratis.ContainerStateMachine (ContainerStateMachine.java:loadSnapshot(236)) - group-B6DAC33691C8: The snapshot info is null. Setting the last applied indexto:(t:0, i:~)
2022-03-09 23:22:08,460 [pool-319-thread-1] INFO  server.RaftServerConfigKeys (ConfUtils.java:logGet(44)) - raft.server.notification.no-leader.timeout = 300s (custom)
2022-03-09 23:22:08,460 [pool-319-thread-1] INFO  server.RaftServerConfigKeys (ConfUtils.java:logGet(44)) - raft.server.log.use.memory = false (default)
2022-03-09 23:22:08,460 [pool-319-thread-1] INFO  server.RaftServerConfigKeys (ConfUtils.java:logGet(44)) - raft.server.log.purge.gap = 1000000 (custom)
2022-03-09 23:22:08,460 [pool-319-thread-1] INFO  server.RaftServerConfigKeys (ConfUtils.java:logGet(44)) - raft.server.log.appender.buffer.byte-limit = 33554432 (custom)
2022-03-09 23:22:08,460 [pool-319-thread-1] INFO  server.RaftServerConfigKeys (ConfUtils.java:logGet(44)) - raft.server.log.segment.size.max = 1048576 (custom)
2022-03-09 23:22:08,461 [pool-319-thread-1] INFO  server.RaftServerConfigKeys (ConfUtils.java:logGet(44)) - raft.server.log.segment.cache.num.max = 2 (custom)
2022-03-09 23:22:08,461 [pool-319-thread-1] INFO  server.RaftServerConfigKeys (ConfUtils.java:logGet(44)) - raft.server.log.segment.cache.size.max = 200MB (=209715200) (default)
2022-03-09 23:22:08,461 [pool-319-thread-1] INFO  segmented.SegmentedRaftLogWorker (SegmentedRaftLogWorker.java:<init>(182)) - new 7635f643-f2cd-4c2b-8e7b-e85076804bf4@group-B6DAC33691C8-SegmentedRaftLogWorker for RaftStorageImpl:Storage Directory /home/runner/work/ozone/ozone/hadoop-ozone/integration-test/target/test-dir/MiniOzoneClusterImpl-4dc72195-aa51-421e-b53c-5a05ad500575/datanode-1/data/ratis/703940b3-ddfe-4222-8dbe-b6dac33691c8
2022-03-09 23:22:08,461 [pool-319-thread-1] INFO  server.RaftServerConfigKeys (ConfUtils.java:logGet(44)) - raft.server.log.queue.byte-limit = 4294967296 (custom)
2022-03-09 23:22:08,461 [pool-319-thread-1] INFO  server.RaftServerConfigKeys (ConfUtils.java:logGet(44)) - raft.server.log.queue.element-limit = 1024 (custom)
2022-03-09 23:22:08,461 [pool-319-thread-1] INFO  server.RaftServerConfigKeys (ConfUtils.java:logGet(44)) - raft.server.log.segment.size.max = 1048576 (custom)
2022-03-09 23:22:08,461 [pool-319-thread-1] INFO  server.RaftServerConfigKeys (ConfUtils.java:logGet(44)) - raft.server.log.preallocated.size = 16384 (custom)
2022-03-09 23:22:08,461 [pool-319-thread-1] INFO  server.RaftServerConfigKeys (ConfUtils.java:logGet(44)) - raft.server.log.force.sync.num = 128 (default)
2022-03-09 23:22:08,461 [pool-319-thread-1] INFO  server.RaftServerConfigKeys (ConfUtils.java:logGet(44)) - raft.server.log.statemachine.data.sync = true (default)
2022-03-09 23:22:08,461 [pool-319-thread-1] INFO  server.RaftServerConfigKeys (ConfUtils.java:logGet(44)) - raft.server.log.statemachine.data.sync.timeout = 10s (default)
2022-03-09 23:22:08,461 [pool-319-thread-1] INFO  server.RaftServerConfigKeys (ConfUtils.java:logGet(44)) - raft.server.log.statemachine.data.sync.timeout.retry = -1 (default)
2022-03-09 23:22:08,462 [pool-319-thread-1] INFO  server.RaftServerConfigKeys (ConfUtils.java:logGet(44)) - raft.server.log.write.buffer.size = 1048576 (custom)
2022-03-09 23:22:08,462 [pool-319-thread-1] INFO  server.RaftServerConfigKeys (ConfUtils.java:logGet(44)) - raft.server.log.statemachine.data.caching.enabled = true (custom)
2022-03-09 23:22:08,462 [EventQueue-PipelineReportForPipelineReportHandler] INFO  pipeline.PipelineManagerImpl (PipelineManagerImpl.java:openPipeline(291)) - Pipeline Pipeline[ Id: 1575d8f4-39cd-4123-a3a6-b23d8e9bc3a5, Nodes: 7635f643-f2cd-4c2b-8e7b-e85076804bf4{ip: 127.0.0.1, host: localhost, ports: [REPLICATION=46683, RATIS=35693, RATIS_ADMIN=35693, RATIS_SERVER=35693, STANDALONE=40979], networkLocation: /default-rack, certSerialId: null, persistedOpState: IN_SERVICE, persistedOpStateExpiryEpochSec: 0}, ReplicationConfig: RATIS/ONE, State:ALLOCATED, leaderId:7635f643-f2cd-4c2b-8e7b-e85076804bf4, CreationTimestamp2022-03-09T23:22:05.460Z[Etc/UTC]] moved to OPEN state
2022-03-09 23:22:08,462 [pool-319-thread-1] INFO  segmented.SegmentedRaftLogWorker (SegmentedRaftLogWorker.java:lambda$new$0(133)) - 7635f643-f2cd-4c2b-8e7b-e85076804bf4@group-B6DAC33691C8-SegmentedRaftLogWorker: flushIndex: setUnconditionally 0 -> -1
2022-03-09 23:22:08,462 [pool-319-thread-1] INFO  segmented.SegmentedRaftLogWorker (SegmentedRaftLogWorker.java:lambda$new$0(133)) - 7635f643-f2cd-4c2b-8e7b-e85076804bf4@group-B6DAC33691C8-SegmentedRaftLogWorker: safeCacheEvictIndex: setUnconditionally 0 -> -1
2022-03-09 23:22:08,464 [b64818b1-8873-42dd-a727-ccc2cc2b6dc9@group-5A05AD500575-StateMachineUpdater] INFO  safemode.HealthyPipelineSafeModeRule (HealthyPipelineSafeModeRule.java:initializeRule(152)) - Refreshed total pipeline count is 0, healthy pipeline threshold count is 1
2022-03-09 23:22:08,468 [pool-319-thread-1] INFO  server.RaftServerConfigKeys (ConfUtils.java:logGet(44)) - raft.server.snapshot.auto.trigger.enabled = true (custom)
2022-03-09 23:22:08,485 [EventQueue-OpenPipelineForHealthyPipelineSafeModeRule] INFO  safemode.SCMSafeModeManager (HealthyPipelineSafeModeRule.java:process(124)) - SCM in safe mode. Healthy pipelines reported count is 0, required healthy pipeline reported count is 1
2022-03-09 23:22:08,485 [pool-319-thread-1] INFO  server.RaftServerConfigKeys (ConfUtils.java:logGet(44)) - raft.server.snapshot.auto.trigger.threshold = 10000 (custom)
2022-03-09 23:22:08,485 [pool-319-thread-1] INFO  server.RaftServerConfigKeys (ConfUtils.java:logGet(44)) - raft.server.snapshot.retention.file.num = 5 (custom)
2022-03-09 23:22:08,485 [pool-319-thread-1] INFO  server.RaftServerConfigKeys (ConfUtils.java:logGet(44)) - raft.server.log.purge.upto.snapshot.index = false (default)
2022-03-09 23:22:08,485 [pool-319-thread-1] INFO  server.RaftServerConfigKeys (ConfUtils.java:logGet(44)) - raft.server.retrycache.expirytime = 600000ms (custom)
2022-03-09 23:22:08,486 [pool-319-thread-1] INFO  server.RaftServerConfigKeys (ConfUtils.java:logGet(44)) - raft.server.retrycache.statistics.expirytime = 100μs (default)
2022-03-09 23:22:08,487 [pool-319-thread-1] INFO  server.RaftServer$Division (RaftServerImpl.java:<init>(184)) - 7635f643-f2cd-4c2b-8e7b-e85076804bf4: new RaftServerImpl for group-B23D8E9BC3A5:[7635f643-f2cd-4c2b-8e7b-e85076804bf4|rpc:127.0.0.1:35693|priority:1] with ContainerStateMachine:uninitialized
2022-03-09 23:22:08,487 [pool-319-thread-1] INFO  server.RaftServerConfigKeys (ConfUtils.java:logGet(44)) - raft.server.rpc.timeout.min = 5s (custom)
2022-03-09 23:22:08,487 [pool-319-thread-1] INFO  server.RaftServerConfigKeys (ConfUtils.java:logGet(44)) - raft.server.rpc.timeout.max = 5200ms (custom)
2022-03-09 23:22:08,487 [pool-319-thread-1] INFO  server.RaftServerConfigKeys (ConfUtils.java:logGet(44)) - raft.server.rpc.sleep.time = 25ms (default)
2022-03-09 23:22:08,487 [pool-319-thread-1] INFO  server.RaftServerConfigKeys (ConfUtils.java:logGet(44)) - raft.server.rpc.slowness.timeout = 300s (custom)
2022-03-09 23:22:08,487 [pool-319-thread-1] INFO  server.RaftServerConfigKeys (ConfUtils.java:logGet(44)) - raft.server.leaderelection.leader.step-down.wait-time = 10s (default)
2022-03-09 23:22:08,487 [pool-319-thread-1] INFO  server.RaftServerConfigKeys (ConfUtils.java:logGet(44)) - raft.server.sleep.deviation.threshold = 300ms (default)
2022-03-09 23:22:08,488 [pool-319-thread-1] INFO  server.RaftServerConfigKeys (ConfUtils.java:logGet(44)) - raft.server.log.appender.install.snapshot.enabled = false (custom)
2022-03-09 23:22:08,488 [pool-319-thread-1] INFO  server.RaftServer$Division (ServerState.java:<init>(105)) - 7635f643-f2cd-4c2b-8e7b-e85076804bf4@group-B23D8E9BC3A5: ConfigurationManager, init=-1: [7635f643-f2cd-4c2b-8e7b-e85076804bf4|rpc:127.0.0.1:35693|priority:1], old=null, confs=<EMPTY_MAP>
2022-03-09 23:22:08,488 [pool-319-thread-1] INFO  server.RaftServerConfigKeys (ConfUtils.java:logGet(44)) - raft.server.storage.dir = [/home/runner/work/ozone/ozone/hadoop-ozone/integration-test/target/test-dir/MiniOzoneClusterImpl-4dc72195-aa51-421e-b53c-5a05ad500575/datanode-1/data/ratis] (custom)
2022-03-09 23:22:08,488 [pool-319-thread-1] INFO  server.RaftServerConfigKeys (ConfUtils.java:logGet(44)) - raft.server.log.corruption.policy = EXCEPTION (default)
2022-03-09 23:22:08,488 [pool-319-thread-1] INFO  server.RaftServerConfigKeys (ConfUtils.java:logGet(44)) - raft.server.storage.free-space.min = 0MB (=0) (default)
2022-03-09 23:22:08,488 [pool-319-thread-1] INFO  storage.RaftStorageDirectory (RaftStorageDirectoryImpl.java:analyzeStorage(135)) - The storage directory /home/runner/work/ozone/ozone/hadoop-ozone/integration-test/target/test-dir/MiniOzoneClusterImpl-4dc72195-aa51-421e-b53c-5a05ad500575/datanode-1/data/ratis/1575d8f4-39cd-4123-a3a6-b23d8e9bc3a5 does not exist. Creating ...
2022-03-09 23:22:08,489 [pool-319-thread-1] INFO  storage.RaftStorageDirectory (RaftStorageDirectoryImpl.java:tryLock(230)) - Lock on /home/runner/work/ozone/ozone/hadoop-ozone/integration-test/target/test-dir/MiniOzoneClusterImpl-4dc72195-aa51-421e-b53c-5a05ad500575/datanode-1/data/ratis/1575d8f4-39cd-4123-a3a6-b23d8e9bc3a5/in_use.lock acquired by nodename 18126@fv-az184-819
2022-03-09 23:22:08,490 [pool-319-thread-1] INFO  storage.RaftStorage (RaftStorageImpl.java:format(89)) - Storage directory /home/runner/work/ozone/ozone/hadoop-ozone/integration-test/target/test-dir/MiniOzoneClusterImpl-4dc72195-aa51-421e-b53c-5a05ad500575/datanode-1/data/ratis/1575d8f4-39cd-4123-a3a6-b23d8e9bc3a5 has been successfully formatted.
2022-03-09 23:22:08,490 [pool-319-thread-1] INFO  ratis.ContainerStateMachine (ContainerStateMachine.java:loadSnapshot(236)) - group-B23D8E9BC3A5: The snapshot info is null. Setting the last applied indexto:(t:0, i:~)
2022-03-09 23:22:08,490 [pool-319-thread-1] INFO  server.RaftServerConfigKeys (ConfUtils.java:logGet(44)) - raft.server.notification.no-leader.timeout = 300s (custom)
2022-03-09 23:22:08,491 [pool-319-thread-1] INFO  server.RaftServerConfigKeys (ConfUtils.java:logGet(44)) - raft.server.log.use.memory = false (default)
2022-03-09 23:22:08,491 [pool-319-thread-1] INFO  server.RaftServerConfigKeys (ConfUtils.java:logGet(44)) - raft.server.log.purge.gap = 1000000 (custom)
2022-03-09 23:22:08,491 [pool-319-thread-1] INFO  server.RaftServerConfigKeys (ConfUtils.java:logGet(44)) - raft.server.log.appender.buffer.byte-limit = 33554432 (custom)
2022-03-09 23:22:08,491 [pool-319-thread-1] INFO  server.RaftServerConfigKeys (ConfUtils.java:logGet(44)) - raft.server.log.segment.size.max = 1048576 (custom)
2022-03-09 23:22:08,491 [pool-319-thread-1] INFO  server.RaftServerConfigKeys (ConfUtils.java:logGet(44)) - raft.server.log.segment.cache.num.max = 2 (custom)
2022-03-09 23:22:08,491 [pool-319-thread-1] INFO  server.RaftServerConfigKeys (ConfUtils.java:logGet(44)) - raft.server.log.segment.cache.size.max = 200MB (=209715200) (default)
2022-03-09 23:22:08,491 [pool-319-thread-1] INFO  segmented.SegmentedRaftLogWorker (SegmentedRaftLogWorker.java:<init>(182)) - new 7635f643-f2cd-4c2b-8e7b-e85076804bf4@group-B23D8E9BC3A5-SegmentedRaftLogWorker for RaftStorageImpl:Storage Directory /home/runner/work/ozone/ozone/hadoop-ozone/integration-test/target/test-dir/MiniOzoneClusterImpl-4dc72195-aa51-421e-b53c-5a05ad500575/datanode-1/data/ratis/1575d8f4-39cd-4123-a3a6-b23d8e9bc3a5
2022-03-09 23:22:08,491 [pool-319-thread-1] INFO  server.RaftServerConfigKeys (ConfUtils.java:logGet(44)) - raft.server.log.queue.byte-limit = 4294967296 (custom)
2022-03-09 23:22:08,491 [pool-319-thread-1] INFO  server.RaftServerConfigKeys (ConfUtils.java:logGet(44)) - raft.server.log.queue.element-limit = 1024 (custom)
2022-03-09 23:22:08,492 [pool-319-thread-1] INFO  server.RaftServerConfigKeys (ConfUtils.java:logGet(44)) - raft.server.log.segment.size.max = 1048576 (custom)
2022-03-09 23:22:08,492 [pool-319-thread-1] INFO  server.RaftServerConfigKeys (ConfUtils.java:logGet(44)) - raft.server.log.preallocated.size = 16384 (custom)
2022-03-09 23:22:08,492 [pool-319-thread-1] INFO  server.RaftServerConfigKeys (ConfUtils.java:logGet(44)) - raft.server.log.force.sync.num = 128 (default)
2022-03-09 23:22:08,492 [pool-319-thread-1] INFO  server.RaftServerConfigKeys (ConfUtils.java:logGet(44)) - raft.server.log.statemachine.data.sync = true (default)
2022-03-09 23:22:08,492 [EventQueue-OpenPipelineForHealthyPipelineSafeModeRule] INFO  safemode.SCMSafeModeManager (HealthyPipelineSafeModeRule.java:process(124)) - SCM in safe mode. Healthy pipelines reported count is 0, required healthy pipeline reported count is 1
2022-03-09 23:22:08,492 [pool-319-thread-1] INFO  server.RaftServerConfigKeys (ConfUtils.java:logGet(44)) - raft.server.log.statemachine.data.sync.timeout = 10s (default)
2022-03-09 23:22:08,492 [pool-319-thread-1] INFO  server.RaftServerConfigKeys (ConfUtils.java:logGet(44)) - raft.server.log.statemachine.data.sync.timeout.retry = -1 (default)
2022-03-09 23:22:08,493 [pool-319-thread-1] INFO  server.RaftServerConfigKeys (ConfUtils.java:logGet(44)) - raft.server.log.write.buffer.size = 1048576 (custom)
2022-03-09 23:22:08,493 [pool-319-thread-1] INFO  server.RaftServerConfigKeys (ConfUtils.java:logGet(44)) - raft.server.log.statemachine.data.caching.enabled = true (custom)
2022-03-09 23:22:08,493 [pool-319-thread-1] INFO  segmented.SegmentedRaftLogWorker (SegmentedRaftLogWorker.java:lambda$new$0(133)) - 7635f643-f2cd-4c2b-8e7b-e85076804bf4@group-B23D8E9BC3A5-SegmentedRaftLogWorker: flushIndex: setUnconditionally 0 -> -1
2022-03-09 23:22:08,493 [pool-319-thread-1] INFO  segmented.SegmentedRaftLogWorker (SegmentedRaftLogWorker.java:lambda$new$0(133)) - 7635f643-f2cd-4c2b-8e7b-e85076804bf4@group-B23D8E9BC3A5-SegmentedRaftLogWorker: safeCacheEvictIndex: setUnconditionally 0 -> -1
2022-03-09 23:22:08,503 [pool-319-thread-1] INFO  server.RaftServerConfigKeys (ConfUtils.java:logGet(44)) - raft.server.snapshot.auto.trigger.enabled = true (custom)
2022-03-09 23:22:08,503 [pool-319-thread-1] INFO  server.RaftServerConfigKeys (ConfUtils.java:logGet(44)) - raft.server.snapshot.auto.trigger.threshold = 10000 (custom)
2022-03-09 23:22:08,503 [pool-319-thread-1] INFO  server.RaftServerConfigKeys (ConfUtils.java:logGet(44)) - raft.server.snapshot.retention.file.num = 5 (custom)
2022-03-09 23:22:08,503 [pool-319-thread-1] INFO  server.RaftServerConfigKeys (ConfUtils.java:logGet(44)) - raft.server.log.purge.upto.snapshot.index = false (default)
2022-03-09 23:22:08,503 [pool-319-thread-1] INFO  server.RaftServerConfigKeys (ConfUtils.java:logGet(44)) - raft.server.retrycache.expirytime = 600000ms (custom)
2022-03-09 23:22:08,503 [pool-319-thread-1] INFO  server.RaftServerConfigKeys (ConfUtils.java:logGet(44)) - raft.server.retrycache.statistics.expirytime = 100μs (default)
2022-03-09 23:22:08,504 [pool-319-thread-1] INFO  server.RaftServer$Division (RaftServerImpl.java:start(301)) - 7635f643-f2cd-4c2b-8e7b-e85076804bf4@group-B6DAC33691C8: start as a follower, conf=-1: [f5a405b8-a725-4e34-a81f-28a4d919f7ae|rpc:127.0.0.1:36687|dataStream:|priority:1, c63223b5-be61-406f-9e1d-de013a7c88f2|rpc:127.0.0.1:36463|dataStream:|priority:0, 7635f643-f2cd-4c2b-8e7b-e85076804bf4|rpc:127.0.0.1:35693|dataStream:|priority:0], old=null
2022-03-09 23:22:08,504 [pool-319-thread-1] INFO  server.RaftServer$Division (RaftServerImpl.java:setRole(290)) - 7635f643-f2cd-4c2b-8e7b-e85076804bf4@group-B6DAC33691C8: changes role from      null to FOLLOWER at term 0 for startAsFollower
2022-03-09 23:22:08,504 [pool-319-thread-1] INFO  impl.RoleInfo (RoleInfo.java:updateAndGet(130)) - 7635f643-f2cd-4c2b-8e7b-e85076804bf4: start 7635f643-f2cd-4c2b-8e7b-e85076804bf4@group-B6DAC33691C8-FollowerState
2022-03-09 23:22:08,508 [pool-319-thread-1] INFO  util.JmxRegister (JmxRegister.java:tryRegister(44)) - Successfully registered JMX Bean with object name Ratis:service=RaftServer,group=group-B6DAC33691C8,id=7635f643-f2cd-4c2b-8e7b-e85076804bf4
2022-03-09 23:22:08,522 [pool-319-thread-1] INFO  server.RaftServer$Division (RaftServerImpl.java:start(301)) - 7635f643-f2cd-4c2b-8e7b-e85076804bf4@group-B23D8E9BC3A5: start as a follower, conf=-1: [7635f643-f2cd-4c2b-8e7b-e85076804bf4|rpc:127.0.0.1:35693|priority:1], old=null
2022-03-09 23:22:08,522 [pool-319-thread-1] INFO  server.RaftServer$Division (RaftServerImpl.java:setRole(290)) - 7635f643-f2cd-4c2b-8e7b-e85076804bf4@group-B23D8E9BC3A5: changes role from      null to FOLLOWER at term 0 for startAsFollower
2022-03-09 23:22:08,523 [pool-319-thread-1] INFO  impl.RoleInfo (RoleInfo.java:updateAndGet(130)) - 7635f643-f2cd-4c2b-8e7b-e85076804bf4: start 7635f643-f2cd-4c2b-8e7b-e85076804bf4@group-B23D8E9BC3A5-FollowerState
2022-03-09 23:22:08,524 [pool-319-thread-1] INFO  util.JmxRegister (JmxRegister.java:tryRegister(44)) - Successfully registered JMX Bean with object name Ratis:service=RaftServer,group=group-B23D8E9BC3A5,id=7635f643-f2cd-4c2b-8e7b-e85076804bf4
2022-03-09 23:22:08,530 [Command processor thread] INFO  ratis.XceiverServerRatis (XceiverServerRatis.java:addGroup(769)) - Created group PipelineID=1575d8f4-39cd-4123-a3a6-b23d8e9bc3a5
2022-03-09 23:22:08,537 [Command processor thread] INFO  commandhandler.CreatePipelineCommandHandler (CreatePipelineCommandHandler.java:handle(106)) - Created Pipeline RATIS ONE PipelineID=1575d8f4-39cd-4123-a3a6-b23d8e9bc3a5.
2022-03-09 23:22:08,537 [Command processor thread] INFO  server.RaftServer (RaftServerProxy.java:addNew(95)) - 7635f643-f2cd-4c2b-8e7b-e85076804bf4: addNew group-90C48195E2E9:[f5a405b8-a725-4e34-a81f-28a4d919f7ae|rpc:127.0.0.1:36687|priority:0, 7635f643-f2cd-4c2b-8e7b-e85076804bf4|rpc:127.0.0.1:35693|priority:0, c63223b5-be61-406f-9e1d-de013a7c88f2|rpc:127.0.0.1:36463|priority:1] returns group-90C48195E2E9:java.util.concurrent.CompletableFuture@70ada74a[Not completed]
2022-03-09 23:22:08,538 [pool-319-thread-1] INFO  server.RaftServer$Division (RaftServerImpl.java:<init>(184)) - 7635f643-f2cd-4c2b-8e7b-e85076804bf4: new RaftServerImpl for group-90C48195E2E9:[f5a405b8-a725-4e34-a81f-28a4d919f7ae|rpc:127.0.0.1:36687|priority:0, 7635f643-f2cd-4c2b-8e7b-e85076804bf4|rpc:127.0.0.1:35693|priority:0, c63223b5-be61-406f-9e1d-de013a7c88f2|rpc:127.0.0.1:36463|priority:1] with ContainerStateMachine:uninitialized
2022-03-09 23:22:08,538 [pool-319-thread-1] INFO  server.RaftServerConfigKeys (ConfUtils.java:logGet(44)) - raft.server.rpc.timeout.min = 5s (custom)
2022-03-09 23:22:08,538 [pool-319-thread-1] INFO  server.RaftServerConfigKeys (ConfUtils.java:logGet(44)) - raft.server.rpc.timeout.max = 5200ms (custom)
2022-03-09 23:22:08,538 [pool-319-thread-1] INFO  server.RaftServerConfigKeys (ConfUtils.java:logGet(44)) - raft.server.rpc.sleep.time = 25ms (default)
2022-03-09 23:22:08,538 [pool-319-thread-1] INFO  server.RaftServerConfigKeys (ConfUtils.java:logGet(44)) - raft.server.rpc.slowness.timeout = 300s (custom)
2022-03-09 23:22:08,538 [pool-319-thread-1] INFO  server.RaftServerConfigKeys (ConfUtils.java:logGet(44)) - raft.server.leaderelection.leader.step-down.wait-time = 10s (default)
2022-03-09 23:22:08,538 [pool-319-thread-1] INFO  server.RaftServerConfigKeys (ConfUtils.java:logGet(44)) - raft.server.sleep.deviation.threshold = 300ms (default)
2022-03-09 23:22:08,538 [pool-319-thread-1] INFO  server.RaftServerConfigKeys (ConfUtils.java:logGet(44)) - raft.server.log.appender.install.snapshot.enabled = false (custom)
2022-03-09 23:22:08,538 [pool-319-thread-1] INFO  server.RaftServer$Division (ServerState.java:<init>(105)) - 7635f643-f2cd-4c2b-8e7b-e85076804bf4@group-90C48195E2E9: ConfigurationManager, init=-1: [f5a405b8-a725-4e34-a81f-28a4d919f7ae|rpc:127.0.0.1:36687|priority:0, 7635f643-f2cd-4c2b-8e7b-e85076804bf4|rpc:127.0.0.1:35693|priority:0, c63223b5-be61-406f-9e1d-de013a7c88f2|rpc:127.0.0.1:36463|priority:1], old=null, confs=<EMPTY_MAP>
2022-03-09 23:22:08,538 [pool-319-thread-1] INFO  server.RaftServerConfigKeys (ConfUtils.java:logGet(44)) - raft.server.storage.dir = [/home/runner/work/ozone/ozone/hadoop-ozone/integration-test/target/test-dir/MiniOzoneClusterImpl-4dc72195-aa51-421e-b53c-5a05ad500575/datanode-1/data/ratis] (custom)
2022-03-09 23:22:08,538 [pool-319-thread-1] INFO  server.RaftServerConfigKeys (ConfUtils.java:logGet(44)) - raft.server.log.corruption.policy = EXCEPTION (default)
2022-03-09 23:22:08,538 [pool-319-thread-1] INFO  server.RaftServerConfigKeys (ConfUtils.java:logGet(44)) - raft.server.storage.free-space.min = 0MB (=0) (default)
2022-03-09 23:22:08,539 [pool-319-thread-1] INFO  storage.RaftStorageDirectory (RaftStorageDirectoryImpl.java:analyzeStorage(135)) - The storage directory /home/runner/work/ozone/ozone/hadoop-ozone/integration-test/target/test-dir/MiniOzoneClusterImpl-4dc72195-aa51-421e-b53c-5a05ad500575/datanode-1/data/ratis/d8be044a-68a3-49cd-bee2-90c48195e2e9 does not exist. Creating ...
2022-03-09 23:22:08,540 [pool-319-thread-1] INFO  storage.RaftStorageDirectory (RaftStorageDirectoryImpl.java:tryLock(230)) - Lock on /home/runner/work/ozone/ozone/hadoop-ozone/integration-test/target/test-dir/MiniOzoneClusterImpl-4dc72195-aa51-421e-b53c-5a05ad500575/datanode-1/data/ratis/d8be044a-68a3-49cd-bee2-90c48195e2e9/in_use.lock acquired by nodename 18126@fv-az184-819
2022-03-09 23:22:08,541 [pool-319-thread-1] INFO  storage.RaftStorage (RaftStorageImpl.java:format(89)) - Storage directory /home/runner/work/ozone/ozone/hadoop-ozone/integration-test/target/test-dir/MiniOzoneClusterImpl-4dc72195-aa51-421e-b53c-5a05ad500575/datanode-1/data/ratis/d8be044a-68a3-49cd-bee2-90c48195e2e9 has been successfully formatted.
2022-03-09 23:22:08,541 [pool-319-thread-1] INFO  ratis.ContainerStateMachine (ContainerStateMachine.java:loadSnapshot(236)) - group-90C48195E2E9: The snapshot info is null. Setting the last applied indexto:(t:0, i:~)
2022-03-09 23:22:08,541 [pool-319-thread-1] INFO  server.RaftServerConfigKeys (ConfUtils.java:logGet(44)) - raft.server.notification.no-leader.timeout = 300s (custom)
2022-03-09 23:22:08,541 [pool-319-thread-1] INFO  server.RaftServerConfigKeys (ConfUtils.java:logGet(44)) - raft.server.log.use.memory = false (default)
2022-03-09 23:22:08,541 [pool-319-thread-1] INFO  server.RaftServerConfigKeys (ConfUtils.java:logGet(44)) - raft.server.log.purge.gap = 1000000 (custom)
2022-03-09 23:22:08,542 [pool-319-thread-1] INFO  server.RaftServerConfigKeys (ConfUtils.java:logGet(44)) - raft.server.log.appender.buffer.byte-limit = 33554432 (custom)
2022-03-09 23:22:08,542 [pool-319-thread-1] INFO  server.RaftServerConfigKeys (ConfUtils.java:logGet(44)) - raft.server.log.segment.size.max = 1048576 (custom)
2022-03-09 23:22:08,542 [pool-319-thread-1] INFO  server.RaftServerConfigKeys (ConfUtils.java:logGet(44)) - raft.server.log.segment.cache.num.max = 2 (custom)
2022-03-09 23:22:08,542 [pool-319-thread-1] INFO  server.RaftServerConfigKeys (ConfUtils.java:logGet(44)) - raft.server.log.segment.cache.size.max = 200MB (=209715200) (default)
2022-03-09 23:22:08,542 [pool-319-thread-1] INFO  segmented.SegmentedRaftLogWorker (SegmentedRaftLogWorker.java:<init>(182)) - new 7635f643-f2cd-4c2b-8e7b-e85076804bf4@group-90C48195E2E9-SegmentedRaftLogWorker for RaftStorageImpl:Storage Directory /home/runner/work/ozone/ozone/hadoop-ozone/integration-test/target/test-dir/MiniOzoneClusterImpl-4dc72195-aa51-421e-b53c-5a05ad500575/datanode-1/data/ratis/d8be044a-68a3-49cd-bee2-90c48195e2e9
2022-03-09 23:22:08,542 [pool-319-thread-1] INFO  server.RaftServerConfigKeys (ConfUtils.java:logGet(44)) - raft.server.log.queue.byte-limit = 4294967296 (custom)
2022-03-09 23:22:08,542 [pool-319-thread-1] INFO  server.RaftServerConfigKeys (ConfUtils.java:logGet(44)) - raft.server.log.queue.element-limit = 1024 (custom)
2022-03-09 23:22:08,542 [pool-319-thread-1] INFO  server.RaftServerConfigKeys (ConfUtils.java:logGet(44)) - raft.server.log.segment.size.max = 1048576 (custom)
2022-03-09 23:22:08,542 [EventQueue-OpenPipelineForHealthyPipelineSafeModeRule] INFO  safemode.SCMSafeModeManager (HealthyPipelineSafeModeRule.java:process(124)) - SCM in safe mode. Healthy pipelines reported count is 0, required healthy pipeline reported count is 1
2022-03-09 23:22:08,542 [pool-319-thread-1] INFO  server.RaftServerConfigKeys (ConfUtils.java:logGet(44)) - raft.server.log.preallocated.size = 16384 (custom)
2022-03-09 23:22:08,543 [pool-319-thread-1] INFO  server.RaftServerConfigKeys (ConfUtils.java:logGet(44)) - raft.server.log.force.sync.num = 128 (default)
2022-03-09 23:22:08,543 [pool-319-thread-1] INFO  server.RaftServerConfigKeys (ConfUtils.java:logGet(44)) - raft.server.log.statemachine.data.sync = true (default)
2022-03-09 23:22:08,543 [pool-319-thread-1] INFO  server.RaftServerConfigKeys (ConfUtils.java:logGet(44)) - raft.server.log.statemachine.data.sync.timeout = 10s (default)
2022-03-09 23:22:08,543 [pool-319-thread-1] INFO  server.RaftServerConfigKeys (ConfUtils.java:logGet(44)) - raft.server.log.statemachine.data.sync.timeout.retry = -1 (default)
2022-03-09 23:22:08,543 [pool-319-thread-1] INFO  server.RaftServerConfigKeys (ConfUtils.java:logGet(44)) - raft.server.log.write.buffer.size = 1048576 (custom)
2022-03-09 23:22:08,544 [pool-319-thread-1] INFO  server.RaftServerConfigKeys (ConfUtils.java:logGet(44)) - raft.server.log.statemachine.data.caching.enabled = true (custom)
2022-03-09 23:22:08,544 [pool-319-thread-1] INFO  segmented.SegmentedRaftLogWorker (SegmentedRaftLogWorker.java:lambda$new$0(133)) - 7635f643-f2cd-4c2b-8e7b-e85076804bf4@group-90C48195E2E9-SegmentedRaftLogWorker: flushIndex: setUnconditionally 0 -> -1
2022-03-09 23:22:08,544 [pool-319-thread-1] INFO  segmented.SegmentedRaftLogWorker (SegmentedRaftLogWorker.java:lambda$new$0(133)) - 7635f643-f2cd-4c2b-8e7b-e85076804bf4@group-90C48195E2E9-SegmentedRaftLogWorker: safeCacheEvictIndex: setUnconditionally 0 -> -1
2022-03-09 23:22:08,548 [pool-319-thread-1] INFO  server.RaftServerConfigKeys (ConfUtils.java:logGet(44)) - raft.server.snapshot.auto.trigger.enabled = true (custom)
2022-03-09 23:22:08,548 [pool-319-thread-1] INFO  server.RaftServerConfigKeys (ConfUtils.java:logGet(44)) - raft.server.snapshot.auto.trigger.threshold = 10000 (custom)
2022-03-09 23:22:08,548 [pool-319-thread-1] INFO  server.RaftServerConfigKeys (ConfUtils.java:logGet(44)) - raft.server.snapshot.retention.file.num = 5 (custom)
2022-03-09 23:22:08,548 [pool-319-thread-1] INFO  server.RaftServerConfigKeys (ConfUtils.java:logGet(44)) - raft.server.log.purge.upto.snapshot.index = false (default)
2022-03-09 23:22:08,548 [pool-319-thread-1] INFO  server.RaftServerConfigKeys (ConfUtils.java:logGet(44)) - raft.server.retrycache.expirytime = 600000ms (custom)
2022-03-09 23:22:08,548 [pool-319-thread-1] INFO  server.RaftServerConfigKeys (ConfUtils.java:logGet(44)) - raft.server.retrycache.statistics.expirytime = 100μs (default)
2022-03-09 23:22:08,549 [Command processor thread] INFO  commandhandler.CreatePipelineCommandHandler (CreatePipelineCommandHandler.java:handle(106)) - Created Pipeline RATIS THREE PipelineID=703940b3-ddfe-4222-8dbe-b6dac33691c8.
2022-03-09 23:22:08,549 [Command processor thread] INFO  server.RaftServer (RaftServerProxy.java:addNew(95)) - c63223b5-be61-406f-9e1d-de013a7c88f2: addNew group-90C48195E2E9:[f5a405b8-a725-4e34-a81f-28a4d919f7ae|rpc:127.0.0.1:36687|priority:0, 7635f643-f2cd-4c2b-8e7b-e85076804bf4|rpc:127.0.0.1:35693|priority:0, c63223b5-be61-406f-9e1d-de013a7c88f2|rpc:127.0.0.1:36463|priority:1] returns group-90C48195E2E9:java.util.concurrent.CompletableFuture@e418607[Not completed]
2022-03-09 23:22:08,550 [pool-298-thread-1] INFO  server.RaftServer$Division (RaftServerImpl.java:<init>(184)) - c63223b5-be61-406f-9e1d-de013a7c88f2: new RaftServerImpl for group-90C48195E2E9:[f5a405b8-a725-4e34-a81f-28a4d919f7ae|rpc:127.0.0.1:36687|priority:0, 7635f643-f2cd-4c2b-8e7b-e85076804bf4|rpc:127.0.0.1:35693|priority:0, c63223b5-be61-406f-9e1d-de013a7c88f2|rpc:127.0.0.1:36463|priority:1] with ContainerStateMachine:uninitialized
2022-03-09 23:22:08,550 [pool-298-thread-1] INFO  server.RaftServerConfigKeys (ConfUtils.java:logGet(44)) - raft.server.rpc.timeout.min = 5s (custom)
2022-03-09 23:22:08,550 [pool-298-thread-1] INFO  server.RaftServerConfigKeys (ConfUtils.java:logGet(44)) - raft.server.rpc.timeout.max = 5200ms (custom)
2022-03-09 23:22:08,550 [pool-298-thread-1] INFO  server.RaftServerConfigKeys (ConfUtils.java:logGet(44)) - raft.server.rpc.sleep.time = 25ms (default)
2022-03-09 23:22:08,550 [pool-298-thread-1] INFO  server.RaftServerConfigKeys (ConfUtils.java:logGet(44)) - raft.server.rpc.slowness.timeout = 300s (custom)
2022-03-09 23:22:08,550 [pool-298-thread-1] INFO  server.RaftServerConfigKeys (ConfUtils.java:logGet(44)) - raft.server.leaderelection.leader.step-down.wait-time = 10s (default)
2022-03-09 23:22:08,550 [pool-298-thread-1] INFO  server.RaftServerConfigKeys (ConfUtils.java:logGet(44)) - raft.server.sleep.deviation.threshold = 300ms (default)
2022-03-09 23:22:08,550 [pool-298-thread-1] INFO  server.RaftServerConfigKeys (ConfUtils.java:logGet(44)) - raft.server.log.appender.install.snapshot.enabled = false (custom)
2022-03-09 23:22:08,550 [pool-298-thread-1] INFO  server.RaftServer$Division (ServerState.java:<init>(105)) - c63223b5-be61-406f-9e1d-de013a7c88f2@group-90C48195E2E9: ConfigurationManager, init=-1: [f5a405b8-a725-4e34-a81f-28a4d919f7ae|rpc:127.0.0.1:36687|priority:0, 7635f643-f2cd-4c2b-8e7b-e85076804bf4|rpc:127.0.0.1:35693|priority:0, c63223b5-be61-406f-9e1d-de013a7c88f2|rpc:127.0.0.1:36463|priority:1], old=null, confs=<EMPTY_MAP>
2022-03-09 23:22:08,550 [pool-298-thread-1] INFO  server.RaftServerConfigKeys (ConfUtils.java:logGet(44)) - raft.server.storage.dir = [/home/runner/work/ozone/ozone/hadoop-ozone/integration-test/target/test-dir/MiniOzoneClusterImpl-4dc72195-aa51-421e-b53c-5a05ad500575/datanode-0/data/ratis] (custom)
2022-03-09 23:22:08,551 [pool-298-thread-1] INFO  server.RaftServerConfigKeys (ConfUtils.java:logGet(44)) - raft.server.log.corruption.policy = EXCEPTION (default)
2022-03-09 23:22:08,551 [pool-298-thread-1] INFO  server.RaftServerConfigKeys (ConfUtils.java:logGet(44)) - raft.server.storage.free-space.min = 0MB (=0) (default)
2022-03-09 23:22:08,551 [pool-298-thread-1] INFO  storage.RaftStorageDirectory (RaftStorageDirectoryImpl.java:analyzeStorage(135)) - The storage directory /home/runner/work/ozone/ozone/hadoop-ozone/integration-test/target/test-dir/MiniOzoneClusterImpl-4dc72195-aa51-421e-b53c-5a05ad500575/datanode-0/data/ratis/d8be044a-68a3-49cd-bee2-90c48195e2e9 does not exist. Creating ...
2022-03-09 23:22:08,551 [pool-319-thread-1] INFO  server.RaftServer$Division (RaftServerImpl.java:start(301)) - 7635f643-f2cd-4c2b-8e7b-e85076804bf4@group-90C48195E2E9: start as a follower, conf=-1: [f5a405b8-a725-4e34-a81f-28a4d919f7ae|rpc:127.0.0.1:36687|priority:0, 7635f643-f2cd-4c2b-8e7b-e85076804bf4|rpc:127.0.0.1:35693|priority:0, c63223b5-be61-406f-9e1d-de013a7c88f2|rpc:127.0.0.1:36463|priority:1], old=null
2022-03-09 23:22:08,552 [pool-298-thread-1] INFO  storage.RaftStorageDirectory (RaftStorageDirectoryImpl.java:tryLock(230)) - Lock on /home/runner/work/ozone/ozone/hadoop-ozone/integration-test/target/test-dir/MiniOzoneClusterImpl-4dc72195-aa51-421e-b53c-5a05ad500575/datanode-0/data/ratis/d8be044a-68a3-49cd-bee2-90c48195e2e9/in_use.lock acquired by nodename 18126@fv-az184-819
2022-03-09 23:22:08,552 [EndpointStateMachine task thread for /127.0.0.1:43683 - 0 ] INFO  ipc.Client (Client.java:handleConnectionFailure(977)) - Retrying connect to server: localhost/127.0.0.1:43683. Already tried 10 time(s); retry policy is RetryUpToMaximumCountWithFixedSleep(maxRetries=15, sleepTime=1000 MILLISECONDS)
2022-03-09 23:22:08,553 [pool-319-thread-1] INFO  server.RaftServer$Division (RaftServerImpl.java:setRole(290)) - 7635f643-f2cd-4c2b-8e7b-e85076804bf4@group-90C48195E2E9: changes role from      null to FOLLOWER at term 0 for startAsFollower
2022-03-09 23:22:08,553 [pool-319-thread-1] INFO  impl.RoleInfo (RoleInfo.java:updateAndGet(130)) - 7635f643-f2cd-4c2b-8e7b-e85076804bf4: start 7635f643-f2cd-4c2b-8e7b-e85076804bf4@group-90C48195E2E9-FollowerState
2022-03-09 23:22:08,554 [pool-298-thread-1] INFO  storage.RaftStorage (RaftStorageImpl.java:format(89)) - Storage directory /home/runner/work/ozone/ozone/hadoop-ozone/integration-test/target/test-dir/MiniOzoneClusterImpl-4dc72195-aa51-421e-b53c-5a05ad500575/datanode-0/data/ratis/d8be044a-68a3-49cd-bee2-90c48195e2e9 has been successfully formatted.
2022-03-09 23:22:08,560 [pool-319-thread-1] INFO  util.JmxRegister (JmxRegister.java:tryRegister(44)) - Successfully registered JMX Bean with object name Ratis:service=RaftServer,group=group-90C48195E2E9,id=7635f643-f2cd-4c2b-8e7b-e85076804bf4
2022-03-09 23:22:08,568 [pool-298-thread-1] INFO  ratis.ContainerStateMachine (ContainerStateMachine.java:loadSnapshot(236)) - group-90C48195E2E9: The snapshot info is null. Setting the last applied indexto:(t:0, i:~)
2022-03-09 23:22:08,568 [Command processor thread] INFO  ratis.XceiverServerRatis (XceiverServerRatis.java:addGroup(769)) - Created group PipelineID=d8be044a-68a3-49cd-bee2-90c48195e2e9
2022-03-09 23:22:08,572 [pool-298-thread-1] INFO  server.RaftServerConfigKeys (ConfUtils.java:logGet(44)) - raft.server.notification.no-leader.timeout = 300s (custom)
2022-03-09 23:22:08,572 [pool-298-thread-1] INFO  server.RaftServerConfigKeys (ConfUtils.java:logGet(44)) - raft.server.log.use.memory = false (default)
2022-03-09 23:22:08,572 [pool-298-thread-1] INFO  server.RaftServerConfigKeys (ConfUtils.java:logGet(44)) - raft.server.log.purge.gap = 1000000 (custom)
2022-03-09 23:22:08,572 [pool-298-thread-1] INFO  server.RaftServerConfigKeys (ConfUtils.java:logGet(44)) - raft.server.log.appender.buffer.byte-limit = 33554432 (custom)
2022-03-09 23:22:08,573 [pool-298-thread-1] INFO  server.RaftServerConfigKeys (ConfUtils.java:logGet(44)) - raft.server.log.segment.size.max = 1048576 (custom)
2022-03-09 23:22:08,573 [pool-298-thread-1] INFO  server.RaftServerConfigKeys (ConfUtils.java:logGet(44)) - raft.server.log.segment.cache.num.max = 2 (custom)
2022-03-09 23:22:08,573 [pool-298-thread-1] INFO  server.RaftServerConfigKeys (ConfUtils.java:logGet(44)) - raft.server.log.segment.cache.size.max = 200MB (=209715200) (default)
2022-03-09 23:22:08,573 [pool-298-thread-1] INFO  segmented.SegmentedRaftLogWorker (SegmentedRaftLogWorker.java:<init>(182)) - new c63223b5-be61-406f-9e1d-de013a7c88f2@group-90C48195E2E9-SegmentedRaftLogWorker for RaftStorageImpl:Storage Directory /home/runner/work/ozone/ozone/hadoop-ozone/integration-test/target/test-dir/MiniOzoneClusterImpl-4dc72195-aa51-421e-b53c-5a05ad500575/datanode-0/data/ratis/d8be044a-68a3-49cd-bee2-90c48195e2e9
2022-03-09 23:22:08,573 [pool-298-thread-1] INFO  server.RaftServerConfigKeys (ConfUtils.java:logGet(44)) - raft.server.log.queue.byte-limit = 4294967296 (custom)
2022-03-09 23:22:08,573 [pool-298-thread-1] INFO  server.RaftServerConfigKeys (ConfUtils.java:logGet(44)) - raft.server.log.queue.element-limit = 1024 (custom)
2022-03-09 23:22:08,573 [pool-298-thread-1] INFO  server.RaftServerConfigKeys (ConfUtils.java:logGet(44)) - raft.server.log.segment.size.max = 1048576 (custom)
2022-03-09 23:22:08,573 [pool-298-thread-1] INFO  server.RaftServerConfigKeys (ConfUtils.java:logGet(44)) - raft.server.log.preallocated.size = 16384 (custom)
2022-03-09 23:22:08,573 [pool-298-thread-1] INFO  server.RaftServerConfigKeys (ConfUtils.java:logGet(44)) - raft.server.log.force.sync.num = 128 (default)
2022-03-09 23:22:08,573 [pool-298-thread-1] INFO  server.RaftServerConfigKeys (ConfUtils.java:logGet(44)) - raft.server.log.statemachine.data.sync = true (default)
2022-03-09 23:22:08,573 [pool-298-thread-1] INFO  server.RaftServerConfigKeys (ConfUtils.java:logGet(44)) - raft.server.log.statemachine.data.sync.timeout = 10s (default)
2022-03-09 23:22:08,573 [pool-298-thread-1] INFO  server.RaftServerConfigKeys (ConfUtils.java:logGet(44)) - raft.server.log.statemachine.data.sync.timeout.retry = -1 (default)
2022-03-09 23:22:08,574 [pool-298-thread-1] INFO  server.RaftServerConfigKeys (ConfUtils.java:logGet(44)) - raft.server.log.write.buffer.size = 1048576 (custom)
2022-03-09 23:22:08,575 [pool-298-thread-1] INFO  server.RaftServerConfigKeys (ConfUtils.java:logGet(44)) - raft.server.log.statemachine.data.caching.enabled = true (custom)
2022-03-09 23:22:08,575 [pool-298-thread-1] INFO  segmented.SegmentedRaftLogWorker (SegmentedRaftLogWorker.java:lambda$new$0(133)) - c63223b5-be61-406f-9e1d-de013a7c88f2@group-90C48195E2E9-SegmentedRaftLogWorker: flushIndex: setUnconditionally 0 -> -1
2022-03-09 23:22:08,575 [pool-298-thread-1] INFO  segmented.SegmentedRaftLogWorker (SegmentedRaftLogWorker.java:lambda$new$0(133)) - c63223b5-be61-406f-9e1d-de013a7c88f2@group-90C48195E2E9-SegmentedRaftLogWorker: safeCacheEvictIndex: setUnconditionally 0 -> -1
2022-03-09 23:22:08,576 [EventQueue-OpenPipelineForHealthyPipelineSafeModeRule] INFO  safemode.SCMSafeModeManager (HealthyPipelineSafeModeRule.java:process(124)) - SCM in safe mode. Healthy pipelines reported count is 0, required healthy pipeline reported count is 1
2022-03-09 23:22:08,599 [pool-298-thread-1] INFO  server.RaftServerConfigKeys (ConfUtils.java:logGet(44)) - raft.server.snapshot.auto.trigger.enabled = true (custom)
2022-03-09 23:22:08,599 [pool-298-thread-1] INFO  server.RaftServerConfigKeys (ConfUtils.java:logGet(44)) - raft.server.snapshot.auto.trigger.threshold = 10000 (custom)
2022-03-09 23:22:08,599 [pool-298-thread-1] INFO  server.RaftServerConfigKeys (ConfUtils.java:logGet(44)) - raft.server.snapshot.retention.file.num = 5 (custom)
2022-03-09 23:22:08,599 [pool-298-thread-1] INFO  server.RaftServerConfigKeys (ConfUtils.java:logGet(44)) - raft.server.log.purge.upto.snapshot.index = false (default)
2022-03-09 23:22:08,600 [pool-298-thread-1] INFO  server.RaftServerConfigKeys (ConfUtils.java:logGet(44)) - raft.server.retrycache.expirytime = 600000ms (custom)
2022-03-09 23:22:08,600 [pool-298-thread-1] INFO  server.RaftServerConfigKeys (ConfUtils.java:logGet(44)) - raft.server.retrycache.statistics.expirytime = 100μs (default)
2022-03-09 23:22:08,603 [pool-298-thread-1] INFO  server.RaftServer$Division (RaftServerImpl.java:start(301)) - c63223b5-be61-406f-9e1d-de013a7c88f2@group-90C48195E2E9: start as a follower, conf=-1: [f5a405b8-a725-4e34-a81f-28a4d919f7ae|rpc:127.0.0.1:36687|priority:0, 7635f643-f2cd-4c2b-8e7b-e85076804bf4|rpc:127.0.0.1:35693|priority:0, c63223b5-be61-406f-9e1d-de013a7c88f2|rpc:127.0.0.1:36463|priority:1], old=null
2022-03-09 23:22:08,604 [pool-298-thread-1] INFO  server.RaftServer$Division (RaftServerImpl.java:setRole(290)) - c63223b5-be61-406f-9e1d-de013a7c88f2@group-90C48195E2E9: changes role from      null to FOLLOWER at term 0 for startAsFollower
2022-03-09 23:22:08,604 [pool-298-thread-1] INFO  impl.RoleInfo (RoleInfo.java:updateAndGet(130)) - c63223b5-be61-406f-9e1d-de013a7c88f2: start c63223b5-be61-406f-9e1d-de013a7c88f2@group-90C48195E2E9-FollowerState
2022-03-09 23:22:08,608 [pool-298-thread-1] INFO  util.JmxRegister (JmxRegister.java:tryRegister(44)) - Successfully registered JMX Bean with object name Ratis:service=RaftServer,group=group-90C48195E2E9,id=c63223b5-be61-406f-9e1d-de013a7c88f2
2022-03-09 23:22:08,620 [Command processor thread] INFO  ratis.XceiverServerRatis (XceiverServerRatis.java:addGroup(769)) - Created group PipelineID=d8be044a-68a3-49cd-bee2-90c48195e2e9
2022-03-09 23:22:08,716 [grpc-default-executor-0] INFO  server.RaftServer (RaftServerProxy.java:addNew(95)) - f5a405b8-a725-4e34-a81f-28a4d919f7ae: addNew group-90C48195E2E9:[f5a405b8-a725-4e34-a81f-28a4d919f7ae|rpc:127.0.0.1:36687|dataStream:|priority:0, 7635f643-f2cd-4c2b-8e7b-e85076804bf4|rpc:127.0.0.1:35693|dataStream:|priority:0, c63223b5-be61-406f-9e1d-de013a7c88f2|rpc:127.0.0.1:36463|dataStream:|priority:1] returns group-90C48195E2E9:java.util.concurrent.CompletableFuture@21dda4c[Not completed]
2022-03-09 23:22:08,717 [pool-340-thread-1] INFO  server.RaftServer$Division (RaftServerImpl.java:<init>(184)) - f5a405b8-a725-4e34-a81f-28a4d919f7ae: new RaftServerImpl for group-90C48195E2E9:[f5a405b8-a725-4e34-a81f-28a4d919f7ae|rpc:127.0.0.1:36687|dataStream:|priority:0, 7635f643-f2cd-4c2b-8e7b-e85076804bf4|rpc:127.0.0.1:35693|dataStream:|priority:0, c63223b5-be61-406f-9e1d-de013a7c88f2|rpc:127.0.0.1:36463|dataStream:|priority:1] with ContainerStateMachine:uninitialized
2022-03-09 23:22:08,717 [pool-340-thread-1] INFO  server.RaftServerConfigKeys (ConfUtils.java:logGet(44)) - raft.server.rpc.timeout.min = 5s (custom)
2022-03-09 23:22:08,717 [pool-340-thread-1] INFO  server.RaftServerConfigKeys (ConfUtils.java:logGet(44)) - raft.server.rpc.timeout.max = 5200ms (custom)
2022-03-09 23:22:08,717 [pool-340-thread-1] INFO  server.RaftServerConfigKeys (ConfUtils.java:logGet(44)) - raft.server.rpc.sleep.time = 25ms (default)
2022-03-09 23:22:08,717 [pool-340-thread-1] INFO  server.RaftServerConfigKeys (ConfUtils.java:logGet(44)) - raft.server.rpc.slowness.timeout = 300s (custom)
2022-03-09 23:22:08,717 [pool-340-thread-1] INFO  server.RaftServerConfigKeys (ConfUtils.java:logGet(44)) - raft.server.leaderelection.leader.step-down.wait-time = 10s (default)
2022-03-09 23:22:08,717 [pool-340-thread-1] INFO  server.RaftServerConfigKeys (ConfUtils.java:logGet(44)) - raft.server.sleep.deviation.threshold = 300ms (default)
2022-03-09 23:22:08,717 [pool-340-thread-1] INFO  server.RaftServerConfigKeys (ConfUtils.java:logGet(44)) - raft.server.log.appender.install.snapshot.enabled = false (custom)
2022-03-09 23:22:08,717 [pool-340-thread-1] INFO  server.RaftServer$Division (ServerState.java:<init>(105)) - f5a405b8-a725-4e34-a81f-28a4d919f7ae@group-90C48195E2E9: ConfigurationManager, init=-1: [f5a405b8-a725-4e34-a81f-28a4d919f7ae|rpc:127.0.0.1:36687|dataStream:|priority:0, 7635f643-f2cd-4c2b-8e7b-e85076804bf4|rpc:127.0.0.1:35693|dataStream:|priority:0, c63223b5-be61-406f-9e1d-de013a7c88f2|rpc:127.0.0.1:36463|dataStream:|priority:1], old=null, confs=<EMPTY_MAP>
2022-03-09 23:22:08,717 [pool-340-thread-1] INFO  server.RaftServerConfigKeys (ConfUtils.java:logGet(44)) - raft.server.storage.dir = [/home/runner/work/ozone/ozone/hadoop-ozone/integration-test/target/test-dir/MiniOzoneClusterImpl-4dc72195-aa51-421e-b53c-5a05ad500575/datanode-2/data/ratis] (custom)
2022-03-09 23:22:08,717 [pool-340-thread-1] INFO  server.RaftServerConfigKeys (ConfUtils.java:logGet(44)) - raft.server.log.corruption.policy = EXCEPTION (default)
2022-03-09 23:22:08,717 [pool-340-thread-1] INFO  server.RaftServerConfigKeys (ConfUtils.java:logGet(44)) - raft.server.storage.free-space.min = 0MB (=0) (default)
2022-03-09 23:22:08,717 [pool-340-thread-1] INFO  storage.RaftStorageDirectory (RaftStorageDirectoryImpl.java:analyzeStorage(135)) - The storage directory /home/runner/work/ozone/ozone/hadoop-ozone/integration-test/target/test-dir/MiniOzoneClusterImpl-4dc72195-aa51-421e-b53c-5a05ad500575/datanode-2/data/ratis/d8be044a-68a3-49cd-bee2-90c48195e2e9 does not exist. Creating ...
2022-03-09 23:22:08,732 [pool-340-thread-1] INFO  storage.RaftStorageDirectory (RaftStorageDirectoryImpl.java:tryLock(230)) - Lock on /home/runner/work/ozone/ozone/hadoop-ozone/integration-test/target/test-dir/MiniOzoneClusterImpl-4dc72195-aa51-421e-b53c-5a05ad500575/datanode-2/data/ratis/d8be044a-68a3-49cd-bee2-90c48195e2e9/in_use.lock acquired by nodename 18126@fv-az184-819
2022-03-09 23:22:08,736 [pool-340-thread-1] INFO  storage.RaftStorage (RaftStorageImpl.java:format(89)) - Storage directory /home/runner/work/ozone/ozone/hadoop-ozone/integration-test/target/test-dir/MiniOzoneClusterImpl-4dc72195-aa51-421e-b53c-5a05ad500575/datanode-2/data/ratis/d8be044a-68a3-49cd-bee2-90c48195e2e9 has been successfully formatted.
2022-03-09 23:22:08,736 [pool-340-thread-1] INFO  ratis.ContainerStateMachine (ContainerStateMachine.java:loadSnapshot(236)) - group-90C48195E2E9: The snapshot info is null. Setting the last applied indexto:(t:0, i:~)
2022-03-09 23:22:08,736 [pool-340-thread-1] INFO  server.RaftServerConfigKeys (ConfUtils.java:logGet(44)) - raft.server.notification.no-leader.timeout = 300s (custom)
2022-03-09 23:22:08,736 [pool-340-thread-1] INFO  server.RaftServerConfigKeys (ConfUtils.java:logGet(44)) - raft.server.log.use.memory = false (default)
2022-03-09 23:22:08,736 [pool-340-thread-1] INFO  server.RaftServerConfigKeys (ConfUtils.java:logGet(44)) - raft.server.log.purge.gap = 1000000 (custom)
2022-03-09 23:22:08,736 [pool-340-thread-1] INFO  server.RaftServerConfigKeys (ConfUtils.java:logGet(44)) - raft.server.log.appender.buffer.byte-limit = 33554432 (custom)
2022-03-09 23:22:08,737 [pool-340-thread-1] INFO  server.RaftServerConfigKeys (ConfUtils.java:logGet(44)) - raft.server.log.segment.size.max = 1048576 (custom)
2022-03-09 23:22:08,737 [pool-340-thread-1] INFO  server.RaftServerConfigKeys (ConfUtils.java:logGet(44)) - raft.server.log.segment.cache.num.max = 2 (custom)
2022-03-09 23:22:08,737 [pool-340-thread-1] INFO  server.RaftServerConfigKeys (ConfUtils.java:logGet(44)) - raft.server.log.segment.cache.size.max = 200MB (=209715200) (default)
2022-03-09 23:22:08,737 [pool-340-thread-1] INFO  segmented.SegmentedRaftLogWorker (SegmentedRaftLogWorker.java:<init>(182)) - new f5a405b8-a725-4e34-a81f-28a4d919f7ae@group-90C48195E2E9-SegmentedRaftLogWorker for RaftStorageImpl:Storage Directory /home/runner/work/ozone/ozone/hadoop-ozone/integration-test/target/test-dir/MiniOzoneClusterImpl-4dc72195-aa51-421e-b53c-5a05ad500575/datanode-2/data/ratis/d8be044a-68a3-49cd-bee2-90c48195e2e9
2022-03-09 23:22:08,737 [pool-340-thread-1] INFO  server.RaftServerConfigKeys (ConfUtils.java:logGet(44)) - raft.server.log.queue.byte-limit = 4294967296 (custom)
2022-03-09 23:22:08,737 [pool-340-thread-1] INFO  server.RaftServerConfigKeys (ConfUtils.java:logGet(44)) - raft.server.log.queue.element-limit = 1024 (custom)
2022-03-09 23:22:08,737 [pool-340-thread-1] INFO  server.RaftServerConfigKeys (ConfUtils.java:logGet(44)) - raft.server.log.segment.size.max = 1048576 (custom)
2022-03-09 23:22:08,737 [pool-340-thread-1] INFO  server.RaftServerConfigKeys (ConfUtils.java:logGet(44)) - raft.server.log.preallocated.size = 16384 (custom)
2022-03-09 23:22:08,737 [pool-340-thread-1] INFO  server.RaftServerConfigKeys (ConfUtils.java:logGet(44)) - raft.server.log.force.sync.num = 128 (default)
2022-03-09 23:22:08,737 [pool-340-thread-1] INFO  server.RaftServerConfigKeys (ConfUtils.java:logGet(44)) - raft.server.log.statemachine.data.sync = true (default)
2022-03-09 23:22:08,737 [pool-340-thread-1] INFO  server.RaftServerConfigKeys (ConfUtils.java:logGet(44)) - raft.server.log.statemachine.data.sync.timeout = 10s (default)
2022-03-09 23:22:08,737 [pool-340-thread-1] INFO  server.RaftServerConfigKeys (ConfUtils.java:logGet(44)) - raft.server.log.statemachine.data.sync.timeout.retry = -1 (default)
2022-03-09 23:22:08,738 [pool-340-thread-1] INFO  server.RaftServerConfigKeys (ConfUtils.java:logGet(44)) - raft.server.log.write.buffer.size = 1048576 (custom)
2022-03-09 23:22:08,739 [pool-340-thread-1] INFO  server.RaftServerConfigKeys (ConfUtils.java:logGet(44)) - raft.server.log.statemachine.data.caching.enabled = true (custom)
2022-03-09 23:22:08,739 [pool-340-thread-1] INFO  segmented.SegmentedRaftLogWorker (SegmentedRaftLogWorker.java:lambda$new$0(133)) - f5a405b8-a725-4e34-a81f-28a4d919f7ae@group-90C48195E2E9-SegmentedRaftLogWorker: flushIndex: setUnconditionally 0 -> -1
2022-03-09 23:22:08,739 [pool-340-thread-1] INFO  segmented.SegmentedRaftLogWorker (SegmentedRaftLogWorker.java:lambda$new$0(133)) - f5a405b8-a725-4e34-a81f-28a4d919f7ae@group-90C48195E2E9-SegmentedRaftLogWorker: safeCacheEvictIndex: setUnconditionally 0 -> -1
2022-03-09 23:22:08,739 [pool-340-thread-1] INFO  server.RaftServerConfigKeys (ConfUtils.java:logGet(44)) - raft.server.snapshot.auto.trigger.enabled = true (custom)
2022-03-09 23:22:08,739 [pool-340-thread-1] INFO  server.RaftServerConfigKeys (ConfUtils.java:logGet(44)) - raft.server.snapshot.auto.trigger.threshold = 10000 (custom)
2022-03-09 23:22:08,739 [pool-340-thread-1] INFO  server.RaftServerConfigKeys (ConfUtils.java:logGet(44)) - raft.server.snapshot.retention.file.num = 5 (custom)
2022-03-09 23:22:08,739 [pool-340-thread-1] INFO  server.RaftServerConfigKeys (ConfUtils.java:logGet(44)) - raft.server.log.purge.upto.snapshot.index = false (default)
2022-03-09 23:22:08,740 [pool-340-thread-1] INFO  server.RaftServerConfigKeys (ConfUtils.java:logGet(44)) - raft.server.retrycache.expirytime = 600000ms (custom)
2022-03-09 23:22:08,740 [pool-340-thread-1] INFO  server.RaftServerConfigKeys (ConfUtils.java:logGet(44)) - raft.server.retrycache.statistics.expirytime = 100μs (default)
2022-03-09 23:22:08,740 [pool-340-thread-1] INFO  server.RaftServer$Division (RaftServerImpl.java:start(301)) - f5a405b8-a725-4e34-a81f-28a4d919f7ae@group-90C48195E2E9: start as a follower, conf=-1: [f5a405b8-a725-4e34-a81f-28a4d919f7ae|rpc:127.0.0.1:36687|dataStream:|priority:0, 7635f643-f2cd-4c2b-8e7b-e85076804bf4|rpc:127.0.0.1:35693|dataStream:|priority:0, c63223b5-be61-406f-9e1d-de013a7c88f2|rpc:127.0.0.1:36463|dataStream:|priority:1], old=null
2022-03-09 23:22:08,741 [pool-340-thread-1] INFO  server.RaftServer$Division (RaftServerImpl.java:setRole(290)) - f5a405b8-a725-4e34-a81f-28a4d919f7ae@group-90C48195E2E9: changes role from      null to FOLLOWER at term 0 for startAsFollower
2022-03-09 23:22:08,741 [pool-340-thread-1] INFO  impl.RoleInfo (RoleInfo.java:updateAndGet(130)) - f5a405b8-a725-4e34-a81f-28a4d919f7ae: start f5a405b8-a725-4e34-a81f-28a4d919f7ae@group-90C48195E2E9-FollowerState
2022-03-09 23:22:08,741 [pool-340-thread-1] INFO  util.JmxRegister (JmxRegister.java:tryRegister(44)) - Successfully registered JMX Bean with object name Ratis:service=RaftServer,group=group-90C48195E2E9,id=f5a405b8-a725-4e34-a81f-28a4d919f7ae
2022-03-09 23:22:08,761 [Listener at 127.0.0.1/34785] INFO  ozone.MiniOzoneClusterImpl (MiniOzoneClusterImpl.java:lambda$waitForClusterToBeReady$0(219)) - Nodes are ready. Got 3 of 3 DN Heartbeats.
2022-03-09 23:22:08,761 [Listener at 127.0.0.1/34785] INFO  ozone.MiniOzoneClusterImpl (MiniOzoneClusterImpl.java:lambda$waitForClusterToBeReady$0(222)) - Waiting for cluster to exit safe mode
2022-03-09 23:22:08,761 [Listener at 127.0.0.1/34785] INFO  ozone.MiniOzoneClusterImpl (MiniOzoneClusterImpl.java:lambda$waitForClusterToBeReady$0(224)) - SCM became leader
2022-03-09 23:22:08,773 [Command processor thread] INFO  commandhandler.CreatePipelineCommandHandler (CreatePipelineCommandHandler.java:handle(106)) - Created Pipeline RATIS THREE PipelineID=d8be044a-68a3-49cd-bee2-90c48195e2e9.
2022-03-09 23:22:08,806 [Command processor thread] INFO  commandhandler.CreatePipelineCommandHandler (CreatePipelineCommandHandler.java:handle(106)) - Created Pipeline RATIS THREE PipelineID=d8be044a-68a3-49cd-bee2-90c48195e2e9.
2022-03-09 23:22:08,856 [Command processor thread] INFO  server.RaftServer (RaftServerProxy.java:addNew(95)) - f5a405b8-a725-4e34-a81f-28a4d919f7ae: addNew group-4F18BD09E878:[f5a405b8-a725-4e34-a81f-28a4d919f7ae|rpc:127.0.0.1:36687|priority:1] returns group-4F18BD09E878:java.util.concurrent.CompletableFuture@5646cd9a[Not completed]
2022-03-09 23:22:08,857 [pool-340-thread-1] INFO  server.RaftServer$Division (RaftServerImpl.java:<init>(184)) - f5a405b8-a725-4e34-a81f-28a4d919f7ae: new RaftServerImpl for group-4F18BD09E878:[f5a405b8-a725-4e34-a81f-28a4d919f7ae|rpc:127.0.0.1:36687|priority:1] with ContainerStateMachine:uninitialized
2022-03-09 23:22:08,857 [pool-340-thread-1] INFO  server.RaftServerConfigKeys (ConfUtils.java:logGet(44)) - raft.server.rpc.timeout.min = 5s (custom)
2022-03-09 23:22:08,857 [pool-340-thread-1] INFO  server.RaftServerConfigKeys (ConfUtils.java:logGet(44)) - raft.server.rpc.timeout.max = 5200ms (custom)
2022-03-09 23:22:08,857 [pool-340-thread-1] INFO  server.RaftServerConfigKeys (ConfUtils.java:logGet(44)) - raft.server.rpc.sleep.time = 25ms (default)
2022-03-09 23:22:08,857 [pool-340-thread-1] INFO  server.RaftServerConfigKeys (ConfUtils.java:logGet(44)) - raft.server.rpc.slowness.timeout = 300s (custom)
2022-03-09 23:22:08,857 [pool-340-thread-1] INFO  server.RaftServerConfigKeys (ConfUtils.java:logGet(44)) - raft.server.leaderelection.leader.step-down.wait-time = 10s (default)
2022-03-09 23:22:08,857 [pool-340-thread-1] INFO  server.RaftServerConfigKeys (ConfUtils.java:logGet(44)) - raft.server.sleep.deviation.threshold = 300ms (default)
2022-03-09 23:22:08,857 [pool-340-thread-1] INFO  server.RaftServerConfigKeys (ConfUtils.java:logGet(44)) - raft.server.log.appender.install.snapshot.enabled = false (custom)
2022-03-09 23:22:08,857 [pool-340-thread-1] INFO  server.RaftServer$Division (ServerState.java:<init>(105)) - f5a405b8-a725-4e34-a81f-28a4d919f7ae@group-4F18BD09E878: ConfigurationManager, init=-1: [f5a405b8-a725-4e34-a81f-28a4d919f7ae|rpc:127.0.0.1:36687|priority:1], old=null, confs=<EMPTY_MAP>
2022-03-09 23:22:08,857 [pool-340-thread-1] INFO  server.RaftServerConfigKeys (ConfUtils.java:logGet(44)) - raft.server.storage.dir = [/home/runner/work/ozone/ozone/hadoop-ozone/integration-test/target/test-dir/MiniOzoneClusterImpl-4dc72195-aa51-421e-b53c-5a05ad500575/datanode-2/data/ratis] (custom)
2022-03-09 23:22:08,857 [pool-340-thread-1] INFO  server.RaftServerConfigKeys (ConfUtils.java:logGet(44)) - raft.server.log.corruption.policy = EXCEPTION (default)
2022-03-09 23:22:08,857 [pool-340-thread-1] INFO  server.RaftServerConfigKeys (ConfUtils.java:logGet(44)) - raft.server.storage.free-space.min = 0MB (=0) (default)
2022-03-09 23:22:08,857 [pool-340-thread-1] INFO  storage.RaftStorageDirectory (RaftStorageDirectoryImpl.java:analyzeStorage(135)) - The storage directory /home/runner/work/ozone/ozone/hadoop-ozone/integration-test/target/test-dir/MiniOzoneClusterImpl-4dc72195-aa51-421e-b53c-5a05ad500575/datanode-2/data/ratis/ccf2bd87-4128-41b6-9bde-4f18bd09e878 does not exist. Creating ...
2022-03-09 23:22:08,858 [pool-340-thread-1] INFO  storage.RaftStorageDirectory (RaftStorageDirectoryImpl.java:tryLock(230)) - Lock on /home/runner/work/ozone/ozone/hadoop-ozone/integration-test/target/test-dir/MiniOzoneClusterImpl-4dc72195-aa51-421e-b53c-5a05ad500575/datanode-2/data/ratis/ccf2bd87-4128-41b6-9bde-4f18bd09e878/in_use.lock acquired by nodename 18126@fv-az184-819
2022-03-09 23:22:08,859 [pool-340-thread-1] INFO  storage.RaftStorage (RaftStorageImpl.java:format(89)) - Storage directory /home/runner/work/ozone/ozone/hadoop-ozone/integration-test/target/test-dir/MiniOzoneClusterImpl-4dc72195-aa51-421e-b53c-5a05ad500575/datanode-2/data/ratis/ccf2bd87-4128-41b6-9bde-4f18bd09e878 has been successfully formatted.
2022-03-09 23:22:08,860 [pool-340-thread-1] INFO  ratis.ContainerStateMachine (ContainerStateMachine.java:loadSnapshot(236)) - group-4F18BD09E878: The snapshot info is null. Setting the last applied indexto:(t:0, i:~)
2022-03-09 23:22:08,860 [pool-340-thread-1] INFO  server.RaftServerConfigKeys (ConfUtils.java:logGet(44)) - raft.server.notification.no-leader.timeout = 300s (custom)
2022-03-09 23:22:08,860 [pool-340-thread-1] INFO  server.RaftServerConfigKeys (ConfUtils.java:logGet(44)) - raft.server.log.use.memory = false (default)
2022-03-09 23:22:08,860 [pool-340-thread-1] INFO  server.RaftServerConfigKeys (ConfUtils.java:logGet(44)) - raft.server.log.purge.gap = 1000000 (custom)
2022-03-09 23:22:08,860 [pool-340-thread-1] INFO  server.RaftServerConfigKeys (ConfUtils.java:logGet(44)) - raft.server.log.appender.buffer.byte-limit = 33554432 (custom)
2022-03-09 23:22:08,861 [EventQueue-PipelineReportForPipelineReportHandler] INFO  pipeline.PipelineManagerImpl (PipelineManagerImpl.java:openPipeline(291)) - Pipeline Pipeline[ Id: ccf2bd87-4128-41b6-9bde-4f18bd09e878, Nodes: f5a405b8-a725-4e34-a81f-28a4d919f7ae{ip: 127.0.0.1, host: localhost, ports: [REPLICATION=43411, RATIS=36687, RATIS_ADMIN=36687, RATIS_SERVER=36687, STANDALONE=33607], networkLocation: /default-rack, certSerialId: null, persistedOpState: IN_SERVICE, persistedOpStateExpiryEpochSec: 0}, ReplicationConfig: RATIS/ONE, State:ALLOCATED, leaderId:f5a405b8-a725-4e34-a81f-28a4d919f7ae, CreationTimestamp2022-03-09T23:22:05.866Z[Etc/UTC]] moved to OPEN state
2022-03-09 23:22:08,863 [b64818b1-8873-42dd-a727-ccc2cc2b6dc9@group-5A05AD500575-StateMachineUpdater] INFO  safemode.HealthyPipelineSafeModeRule (HealthyPipelineSafeModeRule.java:initializeRule(152)) - Refreshed total pipeline count is 0, healthy pipeline threshold count is 1
2022-03-09 23:22:08,864 [EventQueue-OpenPipelineForHealthyPipelineSafeModeRule] INFO  safemode.SCMSafeModeManager (HealthyPipelineSafeModeRule.java:process(124)) - SCM in safe mode. Healthy pipelines reported count is 0, required healthy pipeline reported count is 1
2022-03-09 23:22:08,866 [pool-340-thread-1] INFO  server.RaftServerConfigKeys (ConfUtils.java:logGet(44)) - raft.server.log.segment.size.max = 1048576 (custom)
2022-03-09 23:22:08,866 [pool-340-thread-1] INFO  server.RaftServerConfigKeys (ConfUtils.java:logGet(44)) - raft.server.log.segment.cache.num.max = 2 (custom)
2022-03-09 23:22:08,866 [pool-340-thread-1] INFO  server.RaftServerConfigKeys (ConfUtils.java:logGet(44)) - raft.server.log.segment.cache.size.max = 200MB (=209715200) (default)
2022-03-09 23:22:08,866 [pool-340-thread-1] INFO  segmented.SegmentedRaftLogWorker (SegmentedRaftLogWorker.java:<init>(182)) - new f5a405b8-a725-4e34-a81f-28a4d919f7ae@group-4F18BD09E878-SegmentedRaftLogWorker for RaftStorageImpl:Storage Directory /home/runner/work/ozone/ozone/hadoop-ozone/integration-test/target/test-dir/MiniOzoneClusterImpl-4dc72195-aa51-421e-b53c-5a05ad500575/datanode-2/data/ratis/ccf2bd87-4128-41b6-9bde-4f18bd09e878
2022-03-09 23:22:08,867 [pool-340-thread-1] INFO  server.RaftServerConfigKeys (ConfUtils.java:logGet(44)) - raft.server.log.queue.byte-limit = 4294967296 (custom)
2022-03-09 23:22:08,867 [pool-340-thread-1] INFO  server.RaftServerConfigKeys (ConfUtils.java:logGet(44)) - raft.server.log.queue.element-limit = 1024 (custom)
2022-03-09 23:22:08,867 [pool-340-thread-1] INFO  server.RaftServerConfigKeys (ConfUtils.java:logGet(44)) - raft.server.log.segment.size.max = 1048576 (custom)
2022-03-09 23:22:08,867 [pool-340-thread-1] INFO  server.RaftServerConfigKeys (ConfUtils.java:logGet(44)) - raft.server.log.preallocated.size = 16384 (custom)
2022-03-09 23:22:08,867 [pool-340-thread-1] INFO  server.RaftServerConfigKeys (ConfUtils.java:logGet(44)) - raft.server.log.force.sync.num = 128 (default)
2022-03-09 23:22:08,867 [pool-340-thread-1] INFO  server.RaftServerConfigKeys (ConfUtils.java:logGet(44)) - raft.server.log.statemachine.data.sync = true (default)
2022-03-09 23:22:08,867 [pool-340-thread-1] INFO  server.RaftServerConfigKeys (ConfUtils.java:logGet(44)) - raft.server.log.statemachine.data.sync.timeout = 10s (default)
2022-03-09 23:22:08,867 [pool-340-thread-1] INFO  server.RaftServerConfigKeys (ConfUtils.java:logGet(44)) - raft.server.log.statemachine.data.sync.timeout.retry = -1 (default)
2022-03-09 23:22:08,867 [pool-340-thread-1] INFO  server.RaftServerConfigKeys (ConfUtils.java:logGet(44)) - raft.server.log.write.buffer.size = 1048576 (custom)
2022-03-09 23:22:08,868 [pool-340-thread-1] INFO  server.RaftServerConfigKeys (ConfUtils.java:logGet(44)) - raft.server.log.statemachine.data.caching.enabled = true (custom)
2022-03-09 23:22:08,868 [pool-340-thread-1] INFO  segmented.SegmentedRaftLogWorker (SegmentedRaftLogWorker.java:lambda$new$0(133)) - f5a405b8-a725-4e34-a81f-28a4d919f7ae@group-4F18BD09E878-SegmentedRaftLogWorker: flushIndex: setUnconditionally 0 -> -1
2022-03-09 23:22:08,868 [pool-340-thread-1] INFO  segmented.SegmentedRaftLogWorker (SegmentedRaftLogWorker.java:lambda$new$0(133)) - f5a405b8-a725-4e34-a81f-28a4d919f7ae@group-4F18BD09E878-SegmentedRaftLogWorker: safeCacheEvictIndex: setUnconditionally 0 -> -1
2022-03-09 23:22:08,869 [pool-340-thread-1] INFO  server.RaftServerConfigKeys (ConfUtils.java:logGet(44)) - raft.server.snapshot.auto.trigger.enabled = true (custom)
2022-03-09 23:22:08,869 [pool-340-thread-1] INFO  server.RaftServerConfigKeys (ConfUtils.java:logGet(44)) - raft.server.snapshot.auto.trigger.threshold = 10000 (custom)
2022-03-09 23:22:08,869 [pool-340-thread-1] INFO  server.RaftServerConfigKeys (ConfUtils.java:logGet(44)) - raft.server.snapshot.retention.file.num = 5 (custom)
2022-03-09 23:22:08,869 [pool-340-thread-1] INFO  server.RaftServerConfigKeys (ConfUtils.java:logGet(44)) - raft.server.log.purge.upto.snapshot.index = false (default)
2022-03-09 23:22:08,869 [pool-340-thread-1] INFO  server.RaftServerConfigKeys (ConfUtils.java:logGet(44)) - raft.server.retrycache.expirytime = 600000ms (custom)
2022-03-09 23:22:08,869 [pool-340-thread-1] INFO  server.RaftServerConfigKeys (ConfUtils.java:logGet(44)) - raft.server.retrycache.statistics.expirytime = 100μs (default)
2022-03-09 23:22:08,873 [pool-340-thread-1] INFO  server.RaftServer$Division (RaftServerImpl.java:start(301)) - f5a405b8-a725-4e34-a81f-28a4d919f7ae@group-4F18BD09E878: start as a follower, conf=-1: [f5a405b8-a725-4e34-a81f-28a4d919f7ae|rpc:127.0.0.1:36687|priority:1], old=null
2022-03-09 23:22:08,873 [pool-340-thread-1] INFO  server.RaftServer$Division (RaftServerImpl.java:setRole(290)) - f5a405b8-a725-4e34-a81f-28a4d919f7ae@group-4F18BD09E878: changes role from      null to FOLLOWER at term 0 for startAsFollower
2022-03-09 23:22:08,873 [pool-340-thread-1] INFO  impl.RoleInfo (RoleInfo.java:updateAndGet(130)) - f5a405b8-a725-4e34-a81f-28a4d919f7ae: start f5a405b8-a725-4e34-a81f-28a4d919f7ae@group-4F18BD09E878-FollowerState
2022-03-09 23:22:08,888 [pool-340-thread-1] INFO  util.JmxRegister (JmxRegister.java:tryRegister(44)) - Successfully registered JMX Bean with object name Ratis:service=RaftServer,group=group-4F18BD09E878,id=f5a405b8-a725-4e34-a81f-28a4d919f7ae
2022-03-09 23:22:08,896 [Command processor thread] INFO  ratis.XceiverServerRatis (XceiverServerRatis.java:addGroup(769)) - Created group PipelineID=ccf2bd87-4128-41b6-9bde-4f18bd09e878
2022-03-09 23:22:08,896 [Command processor thread] INFO  commandhandler.CreatePipelineCommandHandler (CreatePipelineCommandHandler.java:handle(106)) - Created Pipeline RATIS ONE PipelineID=ccf2bd87-4128-41b6-9bde-4f18bd09e878.
2022-03-09 23:22:09,553 [EndpointStateMachine task thread for /127.0.0.1:43683 - 0 ] INFO  ipc.Client (Client.java:handleConnectionFailure(977)) - Retrying connect to server: localhost/127.0.0.1:43683. Already tried 11 time(s); retry policy is RetryUpToMaximumCountWithFixedSleep(maxRetries=15, sleepTime=1000 MILLISECONDS)
2022-03-09 23:22:09,762 [Listener at 127.0.0.1/34785] INFO  ozone.MiniOzoneClusterImpl (MiniOzoneClusterImpl.java:lambda$waitForClusterToBeReady$0(219)) - Nodes are ready. Got 3 of 3 DN Heartbeats.
2022-03-09 23:22:09,762 [Listener at 127.0.0.1/34785] INFO  ozone.MiniOzoneClusterImpl (MiniOzoneClusterImpl.java:lambda$waitForClusterToBeReady$0(222)) - Waiting for cluster to exit safe mode
2022-03-09 23:22:09,762 [Listener at 127.0.0.1/34785] INFO  ozone.MiniOzoneClusterImpl (MiniOzoneClusterImpl.java:lambda$waitForClusterToBeReady$0(224)) - SCM became leader
2022-03-09 23:22:10,554 [EndpointStateMachine task thread for /127.0.0.1:43683 - 0 ] INFO  ipc.Client (Client.java:handleConnectionFailure(977)) - Retrying connect to server: localhost/127.0.0.1:43683. Already tried 12 time(s); retry policy is RetryUpToMaximumCountWithFixedSleep(maxRetries=15, sleepTime=1000 MILLISECONDS)
2022-03-09 23:22:10,762 [Listener at 127.0.0.1/34785] INFO  ozone.MiniOzoneClusterImpl (MiniOzoneClusterImpl.java:lambda$waitForClusterToBeReady$0(219)) - Nodes are ready. Got 3 of 3 DN Heartbeats.
2022-03-09 23:22:10,762 [Listener at 127.0.0.1/34785] INFO  ozone.MiniOzoneClusterImpl (MiniOzoneClusterImpl.java:lambda$waitForClusterToBeReady$0(222)) - Waiting for cluster to exit safe mode
2022-03-09 23:22:10,762 [Listener at 127.0.0.1/34785] INFO  ozone.MiniOzoneClusterImpl (MiniOzoneClusterImpl.java:lambda$waitForClusterToBeReady$0(224)) - SCM became leader
2022-03-09 23:22:11,555 [EndpointStateMachine task thread for /127.0.0.1:43683 - 0 ] INFO  ipc.Client (Client.java:handleConnectionFailure(977)) - Retrying connect to server: localhost/127.0.0.1:43683. Already tried 13 time(s); retry policy is RetryUpToMaximumCountWithFixedSleep(maxRetries=15, sleepTime=1000 MILLISECONDS)
2022-03-09 23:22:11,763 [Listener at 127.0.0.1/34785] INFO  ozone.MiniOzoneClusterImpl (MiniOzoneClusterImpl.java:lambda$waitForClusterToBeReady$0(219)) - Nodes are ready. Got 3 of 3 DN Heartbeats.
2022-03-09 23:22:11,763 [Listener at 127.0.0.1/34785] INFO  ozone.MiniOzoneClusterImpl (MiniOzoneClusterImpl.java:lambda$waitForClusterToBeReady$0(222)) - Waiting for cluster to exit safe mode
2022-03-09 23:22:11,763 [Listener at 127.0.0.1/34785] INFO  ozone.MiniOzoneClusterImpl (MiniOzoneClusterImpl.java:lambda$waitForClusterToBeReady$0(224)) - SCM became leader
2022-03-09 23:22:12,555 [EndpointStateMachine task thread for /127.0.0.1:43683 - 0 ] INFO  ipc.Client (Client.java:handleConnectionFailure(977)) - Retrying connect to server: localhost/127.0.0.1:43683. Already tried 14 time(s); retry policy is RetryUpToMaximumCountWithFixedSleep(maxRetries=15, sleepTime=1000 MILLISECONDS)
2022-03-09 23:22:12,763 [Listener at 127.0.0.1/34785] INFO  ozone.MiniOzoneClusterImpl (MiniOzoneClusterImpl.java:lambda$waitForClusterToBeReady$0(219)) - Nodes are ready. Got 3 of 3 DN Heartbeats.
2022-03-09 23:22:12,763 [Listener at 127.0.0.1/34785] INFO  ozone.MiniOzoneClusterImpl (MiniOzoneClusterImpl.java:lambda$waitForClusterToBeReady$0(222)) - Waiting for cluster to exit safe mode
2022-03-09 23:22:12,763 [Listener at 127.0.0.1/34785] INFO  ozone.MiniOzoneClusterImpl (MiniOzoneClusterImpl.java:lambda$waitForClusterToBeReady$0(224)) - SCM became leader
2022-03-09 23:22:13,253 [c63223b5-be61-406f-9e1d-de013a7c88f2@group-3A7DFC38F43B-FollowerState] INFO  impl.FollowerState (FollowerState.java:run(134)) - c63223b5-be61-406f-9e1d-de013a7c88f2@group-3A7DFC38F43B-FollowerState: change to CANDIDATE, lastRpcElapsedTime:5031225076ns, electionTimeout:5018ms
2022-03-09 23:22:13,253 [c63223b5-be61-406f-9e1d-de013a7c88f2@group-3A7DFC38F43B-FollowerState] INFO  impl.RoleInfo (RoleInfo.java:shutdownFollowerState(108)) - c63223b5-be61-406f-9e1d-de013a7c88f2: shutdown c63223b5-be61-406f-9e1d-de013a7c88f2@group-3A7DFC38F43B-FollowerState
2022-03-09 23:22:13,253 [c63223b5-be61-406f-9e1d-de013a7c88f2@group-3A7DFC38F43B-FollowerState] INFO  server.RaftServer$Division (RaftServerImpl.java:setRole(290)) - c63223b5-be61-406f-9e1d-de013a7c88f2@group-3A7DFC38F43B: changes role from  FOLLOWER to CANDIDATE at term 0 for changeToCandidate
2022-03-09 23:22:13,253 [c63223b5-be61-406f-9e1d-de013a7c88f2@group-3A7DFC38F43B-FollowerState] INFO  server.RaftServerConfigKeys (ConfUtils.java:logGet(44)) - raft.server.leaderelection.pre-vote = false (custom)
2022-03-09 23:22:13,253 [c63223b5-be61-406f-9e1d-de013a7c88f2@group-3A7DFC38F43B-FollowerState] INFO  impl.RoleInfo (RoleInfo.java:updateAndGet(130)) - c63223b5-be61-406f-9e1d-de013a7c88f2: start c63223b5-be61-406f-9e1d-de013a7c88f2@group-3A7DFC38F43B-LeaderElection23
2022-03-09 23:22:13,272 [c63223b5-be61-406f-9e1d-de013a7c88f2@group-3A7DFC38F43B-LeaderElection23] INFO  impl.LeaderElection (LeaderElection.java:askForVotes(306)) - c63223b5-be61-406f-9e1d-de013a7c88f2@group-3A7DFC38F43B-LeaderElection23 ELECTION round 0: submit vote requests at term 1 for -1: [c63223b5-be61-406f-9e1d-de013a7c88f2|rpc:127.0.0.1:36463|priority:1], old=null
2022-03-09 23:22:13,272 [c63223b5-be61-406f-9e1d-de013a7c88f2@group-3A7DFC38F43B-LeaderElection23] INFO  impl.LeaderElection (LeaderElection.java:askForVotes(308)) - c63223b5-be61-406f-9e1d-de013a7c88f2@group-3A7DFC38F43B-LeaderElection23 ELECTION round 0: result PASSED (term=1)
2022-03-09 23:22:13,272 [c63223b5-be61-406f-9e1d-de013a7c88f2@group-3A7DFC38F43B-LeaderElection23] INFO  impl.RoleInfo (RoleInfo.java:shutdownLeaderElection(121)) - c63223b5-be61-406f-9e1d-de013a7c88f2: shutdown c63223b5-be61-406f-9e1d-de013a7c88f2@group-3A7DFC38F43B-LeaderElection23
2022-03-09 23:22:13,272 [c63223b5-be61-406f-9e1d-de013a7c88f2@group-3A7DFC38F43B-LeaderElection23] INFO  server.RaftServer$Division (RaftServerImpl.java:setRole(290)) - c63223b5-be61-406f-9e1d-de013a7c88f2@group-3A7DFC38F43B: changes role from CANDIDATE to LEADER at term 1 for changeToLeader
2022-03-09 23:22:13,272 [c63223b5-be61-406f-9e1d-de013a7c88f2@group-3A7DFC38F43B-LeaderElection23] INFO  ratis.XceiverServerRatis (XceiverServerRatis.java:handleLeaderChangedNotification(867)) - Leader change notification received for group: group-3A7DFC38F43B with new leaderId: c63223b5-be61-406f-9e1d-de013a7c88f2
2022-03-09 23:22:13,272 [c63223b5-be61-406f-9e1d-de013a7c88f2@group-3A7DFC38F43B-LeaderElection23] INFO  server.RaftServer$Division (ServerState.java:setLeader(285)) - c63223b5-be61-406f-9e1d-de013a7c88f2@group-3A7DFC38F43B: change Leader from null to c63223b5-be61-406f-9e1d-de013a7c88f2 at term 1 for becomeLeader, leader elected after 5056ms
2022-03-09 23:22:13,272 [c63223b5-be61-406f-9e1d-de013a7c88f2@group-3A7DFC38F43B-LeaderElection23] INFO  server.RaftServerConfigKeys (ConfUtils.java:logGet(44)) - raft.server.staging.catchup.gap = 1000 (default)
2022-03-09 23:22:13,273 [c63223b5-be61-406f-9e1d-de013a7c88f2@group-3A7DFC38F43B-LeaderElection23] INFO  server.RaftServerConfigKeys (ConfUtils.java:logGet(44)) - raft.server.write.element-limit = 1024 (custom)
2022-03-09 23:22:13,273 [c63223b5-be61-406f-9e1d-de013a7c88f2@group-3A7DFC38F43B-LeaderElection23] INFO  server.RaftServerConfigKeys (ConfUtils.java:logGet(44)) - raft.server.write.byte-limit = 1024 M (=1073741824) (custom)
2022-03-09 23:22:13,273 [c63223b5-be61-406f-9e1d-de013a7c88f2@group-3A7DFC38F43B-LeaderElection23] INFO  server.RaftServerConfigKeys (ConfUtils.java:logGet(44)) - raft.server.watch.timeout = 180s (custom)
2022-03-09 23:22:13,273 [c63223b5-be61-406f-9e1d-de013a7c88f2@group-3A7DFC38F43B-LeaderElection23] INFO  server.RaftServerConfigKeys (ConfUtils.java:logGet(44)) - raft.server.watch.timeout.denomination = 1s (default)
2022-03-09 23:22:13,273 [c63223b5-be61-406f-9e1d-de013a7c88f2@group-3A7DFC38F43B-LeaderElection23] INFO  server.RaftServerConfigKeys (ConfUtils.java:logGet(44)) - raft.server.watch.element-limit = 65536 (default)
2022-03-09 23:22:13,273 [c63223b5-be61-406f-9e1d-de013a7c88f2@group-3A7DFC38F43B-LeaderElection23] INFO  server.RaftServerConfigKeys (ConfUtils.java:logGet(44)) - raft.server.write.element-limit = 1024 (custom)
2022-03-09 23:22:13,273 [c63223b5-be61-406f-9e1d-de013a7c88f2@group-3A7DFC38F43B-LeaderElection23] INFO  server.RaftServerConfigKeys (ConfUtils.java:logGet(44)) - raft.server.write.follower.gap.ratio.max = -1.0 (default)
2022-03-09 23:22:13,273 [c63223b5-be61-406f-9e1d-de013a7c88f2@group-3A7DFC38F43B-LeaderElection23] INFO  impl.RoleInfo (RoleInfo.java:updateAndGet(130)) - c63223b5-be61-406f-9e1d-de013a7c88f2: start c63223b5-be61-406f-9e1d-de013a7c88f2@group-3A7DFC38F43B-LeaderStateImpl
2022-03-09 23:22:13,273 [c63223b5-be61-406f-9e1d-de013a7c88f2@group-3A7DFC38F43B-LeaderElection23] INFO  segmented.SegmentedRaftLogWorker (SegmentedRaftLogWorker.java:startLogSegment(394)) - c63223b5-be61-406f-9e1d-de013a7c88f2@group-3A7DFC38F43B-SegmentedRaftLogWorker: Starting segment from index:0
2022-03-09 23:22:13,275 [c63223b5-be61-406f-9e1d-de013a7c88f2@group-3A7DFC38F43B-SegmentedRaftLogWorker] INFO  segmented.SegmentedRaftLogWorker (SegmentedRaftLogWorker.java:execute(601)) - c63223b5-be61-406f-9e1d-de013a7c88f2@group-3A7DFC38F43B-SegmentedRaftLogWorker: created new log segment /home/runner/work/ozone/ozone/hadoop-ozone/integration-test/target/test-dir/MiniOzoneClusterImpl-4dc72195-aa51-421e-b53c-5a05ad500575/datanode-0/data/ratis/6c5a24cf-3ac5-4968-8f3d-3a7dfc38f43b/current/log_inprogress_0
2022-03-09 23:22:13,279 [EventQueue-OpenPipelineForHealthyPipelineSafeModeRule] INFO  safemode.SCMSafeModeManager (HealthyPipelineSafeModeRule.java:process(124)) - SCM in safe mode. Healthy pipelines reported count is 0, required healthy pipeline reported count is 1
2022-03-09 23:22:13,281 [c63223b5-be61-406f-9e1d-de013a7c88f2@group-3A7DFC38F43B-LeaderElection23] INFO  server.RaftServer$Division (ServerState.java:setRaftConf(387)) - c63223b5-be61-406f-9e1d-de013a7c88f2@group-3A7DFC38F43B: set configuration 0: [c63223b5-be61-406f-9e1d-de013a7c88f2|rpc:127.0.0.1:36463|dataStream:|priority:1], old=null
2022-03-09 23:22:13,424 [c63223b5-be61-406f-9e1d-de013a7c88f2@group-B6DAC33691C8-FollowerState] INFO  impl.FollowerState (FollowerState.java:run(134)) - c63223b5-be61-406f-9e1d-de013a7c88f2@group-B6DAC33691C8-FollowerState: change to CANDIDATE, lastRpcElapsedTime:5159266082ns, electionTimeout:5147ms
2022-03-09 23:22:13,424 [c63223b5-be61-406f-9e1d-de013a7c88f2@group-B6DAC33691C8-FollowerState] INFO  impl.RoleInfo (RoleInfo.java:shutdownFollowerState(108)) - c63223b5-be61-406f-9e1d-de013a7c88f2: shutdown c63223b5-be61-406f-9e1d-de013a7c88f2@group-B6DAC33691C8-FollowerState
2022-03-09 23:22:13,425 [c63223b5-be61-406f-9e1d-de013a7c88f2@group-B6DAC33691C8-FollowerState] INFO  server.RaftServer$Division (RaftServerImpl.java:setRole(290)) - c63223b5-be61-406f-9e1d-de013a7c88f2@group-B6DAC33691C8: changes role from  FOLLOWER to CANDIDATE at term 0 for changeToCandidate
2022-03-09 23:22:13,425 [c63223b5-be61-406f-9e1d-de013a7c88f2@group-B6DAC33691C8-FollowerState] INFO  server.RaftServerConfigKeys (ConfUtils.java:logGet(44)) - raft.server.leaderelection.pre-vote = false (custom)
2022-03-09 23:22:13,425 [c63223b5-be61-406f-9e1d-de013a7c88f2@group-B6DAC33691C8-FollowerState] INFO  impl.RoleInfo (RoleInfo.java:updateAndGet(130)) - c63223b5-be61-406f-9e1d-de013a7c88f2: start c63223b5-be61-406f-9e1d-de013a7c88f2@group-B6DAC33691C8-LeaderElection24
2022-03-09 23:22:13,454 [c63223b5-be61-406f-9e1d-de013a7c88f2@group-B6DAC33691C8-LeaderElection24] INFO  impl.LeaderElection (LeaderElection.java:askForVotes(306)) - c63223b5-be61-406f-9e1d-de013a7c88f2@group-B6DAC33691C8-LeaderElection24 ELECTION round 0: submit vote requests at term 1 for -1: [f5a405b8-a725-4e34-a81f-28a4d919f7ae|rpc:127.0.0.1:36687|priority:1, c63223b5-be61-406f-9e1d-de013a7c88f2|rpc:127.0.0.1:36463|priority:0, 7635f643-f2cd-4c2b-8e7b-e85076804bf4|rpc:127.0.0.1:35693|priority:0], old=null
2022-03-09 23:22:13,479 [grpc-default-executor-0] INFO  server.RaftServer$Division (RaftServerImpl.java:requestVote(1046)) - f5a405b8-a725-4e34-a81f-28a4d919f7ae@group-B6DAC33691C8: receive requestVote(ELECTION, c63223b5-be61-406f-9e1d-de013a7c88f2, group-B6DAC33691C8, 1, (t:0, i:0))
2022-03-09 23:22:13,480 [grpc-default-executor-0] INFO  impl.VoteContext (VoteContext.java:log(48)) - f5a405b8-a725-4e34-a81f-28a4d919f7ae@group-B6DAC33691C8-FOLLOWER: reject ELECTION from c63223b5-be61-406f-9e1d-de013a7c88f2: our priority 1 > candidate's priority 0
2022-03-09 23:22:13,480 [grpc-default-executor-0] INFO  server.RaftServer$Division (RaftServerImpl.java:setRole(290)) - f5a405b8-a725-4e34-a81f-28a4d919f7ae@group-B6DAC33691C8: changes role from  FOLLOWER to FOLLOWER at term 1 for candidate:c63223b5-be61-406f-9e1d-de013a7c88f2
2022-03-09 23:22:13,480 [grpc-default-executor-0] INFO  impl.RoleInfo (RoleInfo.java:shutdownFollowerState(108)) - f5a405b8-a725-4e34-a81f-28a4d919f7ae: shutdown f5a405b8-a725-4e34-a81f-28a4d919f7ae@group-B6DAC33691C8-FollowerState
2022-03-09 23:22:13,480 [grpc-default-executor-0] INFO  impl.RoleInfo (RoleInfo.java:updateAndGet(130)) - f5a405b8-a725-4e34-a81f-28a4d919f7ae: start f5a405b8-a725-4e34-a81f-28a4d919f7ae@group-B6DAC33691C8-FollowerState
2022-03-09 23:22:13,481 [f5a405b8-a725-4e34-a81f-28a4d919f7ae@group-B6DAC33691C8-FollowerState] INFO  impl.FollowerState (FollowerState.java:run(143)) - f5a405b8-a725-4e34-a81f-28a4d919f7ae@group-B6DAC33691C8-FollowerState was interrupted: {}
java.lang.InterruptedException: sleep interrupted
	at java.lang.Thread.sleep(Native Method)
	at java.lang.Thread.sleep(Thread.java:342)
	at java.util.concurrent.TimeUnit.sleep(TimeUnit.java:386)
	at org.apache.ratis.util.TimeDuration.sleep(TimeDuration.java:324)
	at org.apache.ratis.util.TimeDuration.sleep(TimeDuration.java:309)
	at org.apache.ratis.server.impl.FollowerState.run(FollowerState.java:118)
2022-03-09 23:22:13,494 [grpc-default-executor-5] INFO  server.RaftServer$Division (RaftServerImpl.java:requestVote(1046)) - 7635f643-f2cd-4c2b-8e7b-e85076804bf4@group-B6DAC33691C8: receive requestVote(ELECTION, c63223b5-be61-406f-9e1d-de013a7c88f2, group-B6DAC33691C8, 1, (t:0, i:0))
2022-03-09 23:22:13,494 [grpc-default-executor-5] INFO  impl.VoteContext (VoteContext.java:log(48)) - 7635f643-f2cd-4c2b-8e7b-e85076804bf4@group-B6DAC33691C8-FOLLOWER: accept ELECTION from c63223b5-be61-406f-9e1d-de013a7c88f2: our priority 0 <= candidate's priority 0
2022-03-09 23:22:13,495 [grpc-default-executor-5] INFO  server.RaftServer$Division (RaftServerImpl.java:setRole(290)) - 7635f643-f2cd-4c2b-8e7b-e85076804bf4@group-B6DAC33691C8: changes role from  FOLLOWER to FOLLOWER at term 1 for candidate:c63223b5-be61-406f-9e1d-de013a7c88f2
2022-03-09 23:22:13,495 [grpc-default-executor-5] INFO  impl.RoleInfo (RoleInfo.java:shutdownFollowerState(108)) - 7635f643-f2cd-4c2b-8e7b-e85076804bf4: shutdown 7635f643-f2cd-4c2b-8e7b-e85076804bf4@group-B6DAC33691C8-FollowerState
2022-03-09 23:22:13,495 [grpc-default-executor-5] INFO  impl.RoleInfo (RoleInfo.java:updateAndGet(130)) - 7635f643-f2cd-4c2b-8e7b-e85076804bf4: start 7635f643-f2cd-4c2b-8e7b-e85076804bf4@group-B6DAC33691C8-FollowerState
2022-03-09 23:22:13,495 [7635f643-f2cd-4c2b-8e7b-e85076804bf4@group-B6DAC33691C8-FollowerState] INFO  impl.FollowerState (FollowerState.java:run(143)) - 7635f643-f2cd-4c2b-8e7b-e85076804bf4@group-B6DAC33691C8-FollowerState was interrupted: {}
java.lang.InterruptedException: sleep interrupted
	at java.lang.Thread.sleep(Native Method)
	at java.lang.Thread.sleep(Thread.java:342)
	at java.util.concurrent.TimeUnit.sleep(TimeUnit.java:386)
	at org.apache.ratis.util.TimeDuration.sleep(TimeDuration.java:324)
	at org.apache.ratis.util.TimeDuration.sleep(TimeDuration.java:309)
	at org.apache.ratis.server.impl.FollowerState.run(FollowerState.java:118)
2022-03-09 23:22:13,500 [grpc-default-executor-0] INFO  server.RaftServer$Division (RaftServerImpl.java:requestVote(1078)) - f5a405b8-a725-4e34-a81f-28a4d919f7ae@group-B6DAC33691C8 replies to ELECTION vote request: c63223b5-be61-406f-9e1d-de013a7c88f2<-f5a405b8-a725-4e34-a81f-28a4d919f7ae#0:FAIL-t1. Peer's state: f5a405b8-a725-4e34-a81f-28a4d919f7ae@group-B6DAC33691C8:t1, leader=null, voted=null, raftlog=f5a405b8-a725-4e34-a81f-28a4d919f7ae@group-B6DAC33691C8-SegmentedRaftLog:OPENED:c-1, conf=-1: [f5a405b8-a725-4e34-a81f-28a4d919f7ae|rpc:127.0.0.1:36687|dataStream:|priority:1, c63223b5-be61-406f-9e1d-de013a7c88f2|rpc:127.0.0.1:36463|dataStream:|priority:0, 7635f643-f2cd-4c2b-8e7b-e85076804bf4|rpc:127.0.0.1:35693|dataStream:|priority:0], old=null
2022-03-09 23:22:13,512 [grpc-default-executor-5] INFO  server.RaftServer$Division (RaftServerImpl.java:requestVote(1078)) - 7635f643-f2cd-4c2b-8e7b-e85076804bf4@group-B6DAC33691C8 replies to ELECTION vote request: c63223b5-be61-406f-9e1d-de013a7c88f2<-7635f643-f2cd-4c2b-8e7b-e85076804bf4#0:OK-t1. Peer's state: 7635f643-f2cd-4c2b-8e7b-e85076804bf4@group-B6DAC33691C8:t1, leader=null, voted=c63223b5-be61-406f-9e1d-de013a7c88f2, raftlog=7635f643-f2cd-4c2b-8e7b-e85076804bf4@group-B6DAC33691C8-SegmentedRaftLog:OPENED:c-1, conf=-1: [f5a405b8-a725-4e34-a81f-28a4d919f7ae|rpc:127.0.0.1:36687|dataStream:|priority:1, c63223b5-be61-406f-9e1d-de013a7c88f2|rpc:127.0.0.1:36463|dataStream:|priority:0, 7635f643-f2cd-4c2b-8e7b-e85076804bf4|rpc:127.0.0.1:35693|dataStream:|priority:0], old=null
2022-03-09 23:22:13,517 [c63223b5-be61-406f-9e1d-de013a7c88f2@group-B6DAC33691C8-LeaderElection24] INFO  impl.LeaderElection (LeaderElection.java:logAndReturn(89)) - c63223b5-be61-406f-9e1d-de013a7c88f2@group-B6DAC33691C8-LeaderElection24: ELECTION REJECTED received 1 response(s) and 0 exception(s):
2022-03-09 23:22:13,520 [c63223b5-be61-406f-9e1d-de013a7c88f2@group-B6DAC33691C8-LeaderElection24] INFO  impl.LeaderElection (LeaderElection.java:logAndReturn(93)) -   Response 0: c63223b5-be61-406f-9e1d-de013a7c88f2<-f5a405b8-a725-4e34-a81f-28a4d919f7ae#0:FAIL-t1
2022-03-09 23:22:13,520 [c63223b5-be61-406f-9e1d-de013a7c88f2@group-B6DAC33691C8-LeaderElection24] INFO  impl.LeaderElection (LeaderElection.java:askForVotes(308)) - c63223b5-be61-406f-9e1d-de013a7c88f2@group-B6DAC33691C8-LeaderElection24 ELECTION round 0: result REJECTED
2022-03-09 23:22:13,520 [c63223b5-be61-406f-9e1d-de013a7c88f2@group-B6DAC33691C8-LeaderElection24] INFO  server.RaftServer$Division (RaftServerImpl.java:setRole(290)) - c63223b5-be61-406f-9e1d-de013a7c88f2@group-B6DAC33691C8: changes role from CANDIDATE to FOLLOWER at term 1 for REJECTED
2022-03-09 23:22:13,520 [c63223b5-be61-406f-9e1d-de013a7c88f2@group-B6DAC33691C8-LeaderElection24] INFO  impl.RoleInfo (RoleInfo.java:shutdownLeaderElection(121)) - c63223b5-be61-406f-9e1d-de013a7c88f2: shutdown c63223b5-be61-406f-9e1d-de013a7c88f2@group-B6DAC33691C8-LeaderElection24
2022-03-09 23:22:13,520 [c63223b5-be61-406f-9e1d-de013a7c88f2@group-B6DAC33691C8-LeaderElection24] INFO  impl.RoleInfo (RoleInfo.java:updateAndGet(130)) - c63223b5-be61-406f-9e1d-de013a7c88f2: start c63223b5-be61-406f-9e1d-de013a7c88f2@group-B6DAC33691C8-FollowerState
2022-03-09 23:22:13,556 [EndpointStateMachine task thread for /127.0.0.1:43683 - 0 ] INFO  ipc.Client (Client.java:handleConnectionFailure(977)) - Retrying connect to server: localhost/127.0.0.1:43683. Already tried 0 time(s); retry policy is RetryUpToMaximumCountWithFixedSleep(maxRetries=15, sleepTime=1000 MILLISECONDS)
2022-03-09 23:22:13,609 [7635f643-f2cd-4c2b-8e7b-e85076804bf4@group-B23D8E9BC3A5-FollowerState] INFO  impl.FollowerState (FollowerState.java:run(134)) - 7635f643-f2cd-4c2b-8e7b-e85076804bf4@group-B23D8E9BC3A5-FollowerState: change to CANDIDATE, lastRpcElapsedTime:5086304106ns, electionTimeout:5084ms
2022-03-09 23:22:13,609 [7635f643-f2cd-4c2b-8e7b-e85076804bf4@group-B23D8E9BC3A5-FollowerState] INFO  impl.RoleInfo (RoleInfo.java:shutdownFollowerState(108)) - 7635f643-f2cd-4c2b-8e7b-e85076804bf4: shutdown 7635f643-f2cd-4c2b-8e7b-e85076804bf4@group-B23D8E9BC3A5-FollowerState
2022-03-09 23:22:13,609 [7635f643-f2cd-4c2b-8e7b-e85076804bf4@group-B23D8E9BC3A5-FollowerState] INFO  server.RaftServer$Division (RaftServerImpl.java:setRole(290)) - 7635f643-f2cd-4c2b-8e7b-e85076804bf4@group-B23D8E9BC3A5: changes role from  FOLLOWER to CANDIDATE at term 0 for changeToCandidate
2022-03-09 23:22:13,609 [7635f643-f2cd-4c2b-8e7b-e85076804bf4@group-B23D8E9BC3A5-FollowerState] INFO  server.RaftServerConfigKeys (ConfUtils.java:logGet(44)) - raft.server.leaderelection.pre-vote = false (custom)
2022-03-09 23:22:13,609 [7635f643-f2cd-4c2b-8e7b-e85076804bf4@group-B23D8E9BC3A5-FollowerState] INFO  impl.RoleInfo (RoleInfo.java:updateAndGet(130)) - 7635f643-f2cd-4c2b-8e7b-e85076804bf4: start 7635f643-f2cd-4c2b-8e7b-e85076804bf4@group-B23D8E9BC3A5-LeaderElection25
2022-03-09 23:22:13,625 [7635f643-f2cd-4c2b-8e7b-e85076804bf4@group-B23D8E9BC3A5-LeaderElection25] INFO  impl.LeaderElection (LeaderElection.java:askForVotes(306)) - 7635f643-f2cd-4c2b-8e7b-e85076804bf4@group-B23D8E9BC3A5-LeaderElection25 ELECTION round 0: submit vote requests at term 1 for -1: [7635f643-f2cd-4c2b-8e7b-e85076804bf4|rpc:127.0.0.1:35693|priority:1], old=null
2022-03-09 23:22:13,625 [7635f643-f2cd-4c2b-8e7b-e85076804bf4@group-B23D8E9BC3A5-LeaderElection25] INFO  impl.LeaderElection (LeaderElection.java:askForVotes(308)) - 7635f643-f2cd-4c2b-8e7b-e85076804bf4@group-B23D8E9BC3A5-LeaderElection25 ELECTION round 0: result PASSED (term=1)
2022-03-09 23:22:13,625 [7635f643-f2cd-4c2b-8e7b-e85076804bf4@group-B23D8E9BC3A5-LeaderElection25] INFO  impl.RoleInfo (RoleInfo.java:shutdownLeaderElection(121)) - 7635f643-f2cd-4c2b-8e7b-e85076804bf4: shutdown 7635f643-f2cd-4c2b-8e7b-e85076804bf4@group-B23D8E9BC3A5-LeaderElection25
2022-03-09 23:22:13,625 [7635f643-f2cd-4c2b-8e7b-e85076804bf4@group-B23D8E9BC3A5-LeaderElection25] INFO  server.RaftServer$Division (RaftServerImpl.java:setRole(290)) - 7635f643-f2cd-4c2b-8e7b-e85076804bf4@group-B23D8E9BC3A5: changes role from CANDIDATE to LEADER at term 1 for changeToLeader
2022-03-09 23:22:13,625 [7635f643-f2cd-4c2b-8e7b-e85076804bf4@group-B23D8E9BC3A5-LeaderElection25] INFO  ratis.XceiverServerRatis (XceiverServerRatis.java:handleLeaderChangedNotification(867)) - Leader change notification received for group: group-B23D8E9BC3A5 with new leaderId: 7635f643-f2cd-4c2b-8e7b-e85076804bf4
2022-03-09 23:22:13,625 [7635f643-f2cd-4c2b-8e7b-e85076804bf4@group-B23D8E9BC3A5-LeaderElection25] INFO  server.RaftServer$Division (ServerState.java:setLeader(285)) - 7635f643-f2cd-4c2b-8e7b-e85076804bf4@group-B23D8E9BC3A5: change Leader from null to 7635f643-f2cd-4c2b-8e7b-e85076804bf4 at term 1 for becomeLeader, leader elected after 5134ms
2022-03-09 23:22:13,625 [7635f643-f2cd-4c2b-8e7b-e85076804bf4@group-B23D8E9BC3A5-LeaderElection25] INFO  server.RaftServerConfigKeys (ConfUtils.java:logGet(44)) - raft.server.staging.catchup.gap = 1000 (default)
2022-03-09 23:22:13,625 [7635f643-f2cd-4c2b-8e7b-e85076804bf4@group-B23D8E9BC3A5-LeaderElection25] INFO  server.RaftServerConfigKeys (ConfUtils.java:logGet(44)) - raft.server.write.element-limit = 1024 (custom)
2022-03-09 23:22:13,625 [7635f643-f2cd-4c2b-8e7b-e85076804bf4@group-B23D8E9BC3A5-LeaderElection25] INFO  server.RaftServerConfigKeys (ConfUtils.java:logGet(44)) - raft.server.write.byte-limit = 1024 M (=1073741824) (custom)
2022-03-09 23:22:13,626 [7635f643-f2cd-4c2b-8e7b-e85076804bf4@group-B23D8E9BC3A5-LeaderElection25] INFO  server.RaftServerConfigKeys (ConfUtils.java:logGet(44)) - raft.server.watch.timeout = 180s (custom)
2022-03-09 23:22:13,626 [7635f643-f2cd-4c2b-8e7b-e85076804bf4@group-B23D8E9BC3A5-LeaderElection25] INFO  server.RaftServerConfigKeys (ConfUtils.java:logGet(44)) - raft.server.watch.timeout.denomination = 1s (default)
2022-03-09 23:22:13,626 [7635f643-f2cd-4c2b-8e7b-e85076804bf4@group-B23D8E9BC3A5-LeaderElection25] INFO  server.RaftServerConfigKeys (ConfUtils.java:logGet(44)) - raft.server.watch.element-limit = 65536 (default)
2022-03-09 23:22:13,626 [7635f643-f2cd-4c2b-8e7b-e85076804bf4@group-B23D8E9BC3A5-LeaderElection25] INFO  server.RaftServerConfigKeys (ConfUtils.java:logGet(44)) - raft.server.write.element-limit = 1024 (custom)
2022-03-09 23:22:13,626 [7635f643-f2cd-4c2b-8e7b-e85076804bf4@group-B23D8E9BC3A5-LeaderElection25] INFO  server.RaftServerConfigKeys (ConfUtils.java:logGet(44)) - raft.server.write.follower.gap.ratio.max = -1.0 (default)
2022-03-09 23:22:13,626 [7635f643-f2cd-4c2b-8e7b-e85076804bf4@group-B23D8E9BC3A5-LeaderElection25] INFO  impl.RoleInfo (RoleInfo.java:updateAndGet(130)) - 7635f643-f2cd-4c2b-8e7b-e85076804bf4: start 7635f643-f2cd-4c2b-8e7b-e85076804bf4@group-B23D8E9BC3A5-LeaderStateImpl
2022-03-09 23:22:13,626 [7635f643-f2cd-4c2b-8e7b-e85076804bf4@group-B23D8E9BC3A5-LeaderElection25] INFO  segmented.SegmentedRaftLogWorker (SegmentedRaftLogWorker.java:startLogSegment(394)) - 7635f643-f2cd-4c2b-8e7b-e85076804bf4@group-B23D8E9BC3A5-SegmentedRaftLogWorker: Starting segment from index:0
2022-03-09 23:22:13,628 [7635f643-f2cd-4c2b-8e7b-e85076804bf4@group-B23D8E9BC3A5-SegmentedRaftLogWorker] INFO  segmented.SegmentedRaftLogWorker (SegmentedRaftLogWorker.java:execute(601)) - 7635f643-f2cd-4c2b-8e7b-e85076804bf4@group-B23D8E9BC3A5-SegmentedRaftLogWorker: created new log segment /home/runner/work/ozone/ozone/hadoop-ozone/integration-test/target/test-dir/MiniOzoneClusterImpl-4dc72195-aa51-421e-b53c-5a05ad500575/datanode-1/data/ratis/1575d8f4-39cd-4123-a3a6-b23d8e9bc3a5/current/log_inprogress_0
2022-03-09 23:22:13,629 [EventQueue-OpenPipelineForHealthyPipelineSafeModeRule] INFO  safemode.SCMSafeModeManager (HealthyPipelineSafeModeRule.java:process(124)) - SCM in safe mode. Healthy pipelines reported count is 0, required healthy pipeline reported count is 1
2022-03-09 23:22:13,637 [7635f643-f2cd-4c2b-8e7b-e85076804bf4@group-B23D8E9BC3A5-LeaderElection25] INFO  server.RaftServer$Division (ServerState.java:setRaftConf(387)) - 7635f643-f2cd-4c2b-8e7b-e85076804bf4@group-B23D8E9BC3A5: set configuration 0: [7635f643-f2cd-4c2b-8e7b-e85076804bf4|rpc:127.0.0.1:35693|dataStream:|priority:1], old=null
2022-03-09 23:22:13,645 [7635f643-f2cd-4c2b-8e7b-e85076804bf4@group-90C48195E2E9-FollowerState] INFO  impl.FollowerState (FollowerState.java:run(134)) - 7635f643-f2cd-4c2b-8e7b-e85076804bf4@group-90C48195E2E9-FollowerState: change to CANDIDATE, lastRpcElapsedTime:5091400346ns, electionTimeout:5084ms
2022-03-09 23:22:13,645 [7635f643-f2cd-4c2b-8e7b-e85076804bf4@group-90C48195E2E9-FollowerState] INFO  impl.RoleInfo (RoleInfo.java:shutdownFollowerState(108)) - 7635f643-f2cd-4c2b-8e7b-e85076804bf4: shutdown 7635f643-f2cd-4c2b-8e7b-e85076804bf4@group-90C48195E2E9-FollowerState
2022-03-09 23:22:13,645 [7635f643-f2cd-4c2b-8e7b-e85076804bf4@group-90C48195E2E9-FollowerState] INFO  server.RaftServer$Division (RaftServerImpl.java:setRole(290)) - 7635f643-f2cd-4c2b-8e7b-e85076804bf4@group-90C48195E2E9: changes role from  FOLLOWER to CANDIDATE at term 0 for changeToCandidate
2022-03-09 23:22:13,645 [7635f643-f2cd-4c2b-8e7b-e85076804bf4@group-90C48195E2E9-FollowerState] INFO  server.RaftServerConfigKeys (ConfUtils.java:logGet(44)) - raft.server.leaderelection.pre-vote = false (custom)
2022-03-09 23:22:13,645 [7635f643-f2cd-4c2b-8e7b-e85076804bf4@group-90C48195E2E9-FollowerState] INFO  impl.RoleInfo (RoleInfo.java:updateAndGet(130)) - 7635f643-f2cd-4c2b-8e7b-e85076804bf4: start 7635f643-f2cd-4c2b-8e7b-e85076804bf4@group-90C48195E2E9-LeaderElection26
2022-03-09 23:22:13,656 [7635f643-f2cd-4c2b-8e7b-e85076804bf4@group-90C48195E2E9-LeaderElection26] INFO  impl.LeaderElection (LeaderElection.java:askForVotes(306)) - 7635f643-f2cd-4c2b-8e7b-e85076804bf4@group-90C48195E2E9-LeaderElection26 ELECTION round 0: submit vote requests at term 1 for -1: [f5a405b8-a725-4e34-a81f-28a4d919f7ae|rpc:127.0.0.1:36687|priority:0, 7635f643-f2cd-4c2b-8e7b-e85076804bf4|rpc:127.0.0.1:35693|priority:0, c63223b5-be61-406f-9e1d-de013a7c88f2|rpc:127.0.0.1:36463|priority:1], old=null
2022-03-09 23:22:13,673 [grpc-default-executor-5] INFO  server.RaftServer$Division (RaftServerImpl.java:requestVote(1046)) - f5a405b8-a725-4e34-a81f-28a4d919f7ae@group-90C48195E2E9: receive requestVote(ELECTION, 7635f643-f2cd-4c2b-8e7b-e85076804bf4, group-90C48195E2E9, 1, (t:0, i:0))
2022-03-09 23:22:13,673 [grpc-default-executor-5] INFO  impl.VoteContext (VoteContext.java:log(48)) - f5a405b8-a725-4e34-a81f-28a4d919f7ae@group-90C48195E2E9-FOLLOWER: accept ELECTION from 7635f643-f2cd-4c2b-8e7b-e85076804bf4: our priority 0 <= candidate's priority 0
2022-03-09 23:22:13,673 [grpc-default-executor-5] INFO  server.RaftServer$Division (RaftServerImpl.java:setRole(290)) - f5a405b8-a725-4e34-a81f-28a4d919f7ae@group-90C48195E2E9: changes role from  FOLLOWER to FOLLOWER at term 1 for candidate:7635f643-f2cd-4c2b-8e7b-e85076804bf4
2022-03-09 23:22:13,673 [grpc-default-executor-5] INFO  impl.RoleInfo (RoleInfo.java:shutdownFollowerState(108)) - f5a405b8-a725-4e34-a81f-28a4d919f7ae: shutdown f5a405b8-a725-4e34-a81f-28a4d919f7ae@group-90C48195E2E9-FollowerState
2022-03-09 23:22:13,673 [grpc-default-executor-5] INFO  impl.RoleInfo (RoleInfo.java:updateAndGet(130)) - f5a405b8-a725-4e34-a81f-28a4d919f7ae: start f5a405b8-a725-4e34-a81f-28a4d919f7ae@group-90C48195E2E9-FollowerState
2022-03-09 23:22:13,673 [f5a405b8-a725-4e34-a81f-28a4d919f7ae@group-90C48195E2E9-FollowerState] INFO  impl.FollowerState (FollowerState.java:run(143)) - f5a405b8-a725-4e34-a81f-28a4d919f7ae@group-90C48195E2E9-FollowerState was interrupted: {}
java.lang.InterruptedException: sleep interrupted
	at java.lang.Thread.sleep(Native Method)
	at java.lang.Thread.sleep(Thread.java:342)
	at java.util.concurrent.TimeUnit.sleep(TimeUnit.java:386)
	at org.apache.ratis.util.TimeDuration.sleep(TimeDuration.java:324)
	at org.apache.ratis.util.TimeDuration.sleep(TimeDuration.java:309)
	at org.apache.ratis.server.impl.FollowerState.run(FollowerState.java:118)
2022-03-09 23:22:13,677 [c63223b5-be61-406f-9e1d-de013a7c88f2@group-90C48195E2E9-FollowerState] INFO  impl.FollowerState (FollowerState.java:run(134)) - c63223b5-be61-406f-9e1d-de013a7c88f2@group-90C48195E2E9-FollowerState: change to CANDIDATE, lastRpcElapsedTime:5073427104ns, electionTimeout:5068ms
2022-03-09 23:22:13,677 [c63223b5-be61-406f-9e1d-de013a7c88f2@group-90C48195E2E9-FollowerState] INFO  impl.RoleInfo (RoleInfo.java:shutdownFollowerState(108)) - c63223b5-be61-406f-9e1d-de013a7c88f2: shutdown c63223b5-be61-406f-9e1d-de013a7c88f2@group-90C48195E2E9-FollowerState
2022-03-09 23:22:13,677 [c63223b5-be61-406f-9e1d-de013a7c88f2@group-90C48195E2E9-FollowerState] INFO  server.RaftServer$Division (RaftServerImpl.java:setRole(290)) - c63223b5-be61-406f-9e1d-de013a7c88f2@group-90C48195E2E9: changes role from  FOLLOWER to CANDIDATE at term 0 for changeToCandidate
2022-03-09 23:22:13,677 [c63223b5-be61-406f-9e1d-de013a7c88f2@group-90C48195E2E9-FollowerState] INFO  server.RaftServerConfigKeys (ConfUtils.java:logGet(44)) - raft.server.leaderelection.pre-vote = false (custom)
2022-03-09 23:22:13,677 [c63223b5-be61-406f-9e1d-de013a7c88f2@group-90C48195E2E9-FollowerState] INFO  impl.RoleInfo (RoleInfo.java:updateAndGet(130)) - c63223b5-be61-406f-9e1d-de013a7c88f2: start c63223b5-be61-406f-9e1d-de013a7c88f2@group-90C48195E2E9-LeaderElection27
2022-03-09 23:22:13,689 [grpc-default-executor-5] INFO  server.RaftServer$Division (RaftServerImpl.java:requestVote(1078)) - f5a405b8-a725-4e34-a81f-28a4d919f7ae@group-90C48195E2E9 replies to ELECTION vote request: 7635f643-f2cd-4c2b-8e7b-e85076804bf4<-f5a405b8-a725-4e34-a81f-28a4d919f7ae#0:OK-t1. Peer's state: f5a405b8-a725-4e34-a81f-28a4d919f7ae@group-90C48195E2E9:t1, leader=null, voted=7635f643-f2cd-4c2b-8e7b-e85076804bf4, raftlog=f5a405b8-a725-4e34-a81f-28a4d919f7ae@group-90C48195E2E9-SegmentedRaftLog:OPENED:c-1, conf=-1: [f5a405b8-a725-4e34-a81f-28a4d919f7ae|rpc:127.0.0.1:36687|dataStream:|priority:0, 7635f643-f2cd-4c2b-8e7b-e85076804bf4|rpc:127.0.0.1:35693|dataStream:|priority:0, c63223b5-be61-406f-9e1d-de013a7c88f2|rpc:127.0.0.1:36463|dataStream:|priority:1], old=null
2022-03-09 23:22:13,703 [grpc-default-executor-0] INFO  server.RaftServer$Division (RaftServerImpl.java:requestVote(1046)) - c63223b5-be61-406f-9e1d-de013a7c88f2@group-90C48195E2E9: receive requestVote(ELECTION, 7635f643-f2cd-4c2b-8e7b-e85076804bf4, group-90C48195E2E9, 1, (t:0, i:0))
2022-03-09 23:22:13,705 [grpc-default-executor-0] INFO  impl.VoteContext (VoteContext.java:log(48)) - c63223b5-be61-406f-9e1d-de013a7c88f2@group-90C48195E2E9-CANDIDATE: reject ELECTION from 7635f643-f2cd-4c2b-8e7b-e85076804bf4: already has voted for c63223b5-be61-406f-9e1d-de013a7c88f2 at current term 1
2022-03-09 23:22:13,705 [grpc-default-executor-0] INFO  server.RaftServer$Division (RaftServerImpl.java:requestVote(1078)) - c63223b5-be61-406f-9e1d-de013a7c88f2@group-90C48195E2E9 replies to ELECTION vote request: 7635f643-f2cd-4c2b-8e7b-e85076804bf4<-c63223b5-be61-406f-9e1d-de013a7c88f2#0:FAIL-t1. Peer's state: c63223b5-be61-406f-9e1d-de013a7c88f2@group-90C48195E2E9:t1, leader=null, voted=c63223b5-be61-406f-9e1d-de013a7c88f2, raftlog=c63223b5-be61-406f-9e1d-de013a7c88f2@group-90C48195E2E9-SegmentedRaftLog:OPENED:c-1, conf=-1: [f5a405b8-a725-4e34-a81f-28a4d919f7ae|rpc:127.0.0.1:36687|priority:0, 7635f643-f2cd-4c2b-8e7b-e85076804bf4|rpc:127.0.0.1:35693|priority:0, c63223b5-be61-406f-9e1d-de013a7c88f2|rpc:127.0.0.1:36463|priority:1], old=null
2022-03-09 23:22:13,706 [7635f643-f2cd-4c2b-8e7b-e85076804bf4@group-90C48195E2E9-LeaderElection26] INFO  impl.LeaderElection (LeaderElection.java:logAndReturn(89)) - 7635f643-f2cd-4c2b-8e7b-e85076804bf4@group-90C48195E2E9-LeaderElection26: ELECTION REJECTED received 2 response(s) and 0 exception(s):
2022-03-09 23:22:13,707 [7635f643-f2cd-4c2b-8e7b-e85076804bf4@group-90C48195E2E9-LeaderElection26] INFO  impl.LeaderElection (LeaderElection.java:logAndReturn(93)) -   Response 0: 7635f643-f2cd-4c2b-8e7b-e85076804bf4<-f5a405b8-a725-4e34-a81f-28a4d919f7ae#0:OK-t1
2022-03-09 23:22:13,707 [7635f643-f2cd-4c2b-8e7b-e85076804bf4@group-90C48195E2E9-LeaderElection26] INFO  impl.LeaderElection (LeaderElection.java:logAndReturn(93)) -   Response 1: 7635f643-f2cd-4c2b-8e7b-e85076804bf4<-c63223b5-be61-406f-9e1d-de013a7c88f2#0:FAIL-t1
2022-03-09 23:22:13,707 [7635f643-f2cd-4c2b-8e7b-e85076804bf4@group-90C48195E2E9-LeaderElection26] INFO  impl.LeaderElection (LeaderElection.java:askForVotes(308)) - 7635f643-f2cd-4c2b-8e7b-e85076804bf4@group-90C48195E2E9-LeaderElection26 ELECTION round 0: result REJECTED
2022-03-09 23:22:13,707 [7635f643-f2cd-4c2b-8e7b-e85076804bf4@group-90C48195E2E9-LeaderElection26] INFO  server.RaftServer$Division (RaftServerImpl.java:setRole(290)) - 7635f643-f2cd-4c2b-8e7b-e85076804bf4@group-90C48195E2E9: changes role from CANDIDATE to FOLLOWER at term 1 for REJECTED
2022-03-09 23:22:13,707 [7635f643-f2cd-4c2b-8e7b-e85076804bf4@group-90C48195E2E9-LeaderElection26] INFO  impl.RoleInfo (RoleInfo.java:shutdownLeaderElection(121)) - 7635f643-f2cd-4c2b-8e7b-e85076804bf4: shutdown 7635f643-f2cd-4c2b-8e7b-e85076804bf4@group-90C48195E2E9-LeaderElection26
2022-03-09 23:22:13,707 [7635f643-f2cd-4c2b-8e7b-e85076804bf4@group-90C48195E2E9-LeaderElection26] INFO  impl.RoleInfo (RoleInfo.java:updateAndGet(130)) - 7635f643-f2cd-4c2b-8e7b-e85076804bf4: start 7635f643-f2cd-4c2b-8e7b-e85076804bf4@group-90C48195E2E9-FollowerState
2022-03-09 23:22:13,709 [c63223b5-be61-406f-9e1d-de013a7c88f2@group-90C48195E2E9-LeaderElection27] INFO  impl.LeaderElection (LeaderElection.java:askForVotes(306)) - c63223b5-be61-406f-9e1d-de013a7c88f2@group-90C48195E2E9-LeaderElection27 ELECTION round 0: submit vote requests at term 1 for -1: [f5a405b8-a725-4e34-a81f-28a4d919f7ae|rpc:127.0.0.1:36687|priority:0, 7635f643-f2cd-4c2b-8e7b-e85076804bf4|rpc:127.0.0.1:35693|priority:0, c63223b5-be61-406f-9e1d-de013a7c88f2|rpc:127.0.0.1:36463|priority:1], old=null
2022-03-09 23:22:13,717 [grpc-default-executor-0] INFO  server.RaftServer$Division (RaftServerImpl.java:requestVote(1046)) - f5a405b8-a725-4e34-a81f-28a4d919f7ae@group-90C48195E2E9: receive requestVote(ELECTION, c63223b5-be61-406f-9e1d-de013a7c88f2, group-90C48195E2E9, 1, (t:0, i:0))
2022-03-09 23:22:13,717 [grpc-default-executor-5] INFO  server.RaftServer$Division (RaftServerImpl.java:requestVote(1046)) - 7635f643-f2cd-4c2b-8e7b-e85076804bf4@group-90C48195E2E9: receive requestVote(ELECTION, c63223b5-be61-406f-9e1d-de013a7c88f2, group-90C48195E2E9, 1, (t:0, i:0))
2022-03-09 23:22:13,717 [grpc-default-executor-5] INFO  impl.VoteContext (VoteContext.java:log(48)) - 7635f643-f2cd-4c2b-8e7b-e85076804bf4@group-90C48195E2E9-FOLLOWER: reject ELECTION from c63223b5-be61-406f-9e1d-de013a7c88f2: already has voted for 7635f643-f2cd-4c2b-8e7b-e85076804bf4 at current term 1
2022-03-09 23:22:13,717 [grpc-default-executor-5] INFO  server.RaftServer$Division (RaftServerImpl.java:requestVote(1078)) - 7635f643-f2cd-4c2b-8e7b-e85076804bf4@group-90C48195E2E9 replies to ELECTION vote request: c63223b5-be61-406f-9e1d-de013a7c88f2<-7635f643-f2cd-4c2b-8e7b-e85076804bf4#0:FAIL-t1. Peer's state: 7635f643-f2cd-4c2b-8e7b-e85076804bf4@group-90C48195E2E9:t1, leader=null, voted=7635f643-f2cd-4c2b-8e7b-e85076804bf4, raftlog=7635f643-f2cd-4c2b-8e7b-e85076804bf4@group-90C48195E2E9-SegmentedRaftLog:OPENED:c-1, conf=-1: [f5a405b8-a725-4e34-a81f-28a4d919f7ae|rpc:127.0.0.1:36687|priority:0, 7635f643-f2cd-4c2b-8e7b-e85076804bf4|rpc:127.0.0.1:35693|priority:0, c63223b5-be61-406f-9e1d-de013a7c88f2|rpc:127.0.0.1:36463|priority:1], old=null
2022-03-09 23:22:13,718 [grpc-default-executor-0] INFO  impl.VoteContext (VoteContext.java:log(48)) - f5a405b8-a725-4e34-a81f-28a4d919f7ae@group-90C48195E2E9-FOLLOWER: reject ELECTION from c63223b5-be61-406f-9e1d-de013a7c88f2: already has voted for 7635f643-f2cd-4c2b-8e7b-e85076804bf4 at current term 1
2022-03-09 23:22:13,718 [grpc-default-executor-0] INFO  server.RaftServer$Division (RaftServerImpl.java:requestVote(1078)) - f5a405b8-a725-4e34-a81f-28a4d919f7ae@group-90C48195E2E9 replies to ELECTION vote request: c63223b5-be61-406f-9e1d-de013a7c88f2<-f5a405b8-a725-4e34-a81f-28a4d919f7ae#0:FAIL-t1. Peer's state: f5a405b8-a725-4e34-a81f-28a4d919f7ae@group-90C48195E2E9:t1, leader=null, voted=7635f643-f2cd-4c2b-8e7b-e85076804bf4, raftlog=f5a405b8-a725-4e34-a81f-28a4d919f7ae@group-90C48195E2E9-SegmentedRaftLog:OPENED:c-1, conf=-1: [f5a405b8-a725-4e34-a81f-28a4d919f7ae|rpc:127.0.0.1:36687|dataStream:|priority:0, 7635f643-f2cd-4c2b-8e7b-e85076804bf4|rpc:127.0.0.1:35693|dataStream:|priority:0, c63223b5-be61-406f-9e1d-de013a7c88f2|rpc:127.0.0.1:36463|dataStream:|priority:1], old=null
2022-03-09 23:22:13,735 [c63223b5-be61-406f-9e1d-de013a7c88f2@group-90C48195E2E9-LeaderElection27] INFO  impl.LeaderElection (LeaderElection.java:logAndReturn(89)) - c63223b5-be61-406f-9e1d-de013a7c88f2@group-90C48195E2E9-LeaderElection27: ELECTION REJECTED received 2 response(s) and 0 exception(s):
2022-03-09 23:22:13,741 [c63223b5-be61-406f-9e1d-de013a7c88f2@group-90C48195E2E9-LeaderElection27] INFO  impl.LeaderElection (LeaderElection.java:logAndReturn(93)) -   Response 0: c63223b5-be61-406f-9e1d-de013a7c88f2<-f5a405b8-a725-4e34-a81f-28a4d919f7ae#0:FAIL-t1
2022-03-09 23:22:13,741 [c63223b5-be61-406f-9e1d-de013a7c88f2@group-90C48195E2E9-LeaderElection27] INFO  impl.LeaderElection (LeaderElection.java:logAndReturn(93)) -   Response 1: c63223b5-be61-406f-9e1d-de013a7c88f2<-7635f643-f2cd-4c2b-8e7b-e85076804bf4#0:FAIL-t1
2022-03-09 23:22:13,741 [c63223b5-be61-406f-9e1d-de013a7c88f2@group-90C48195E2E9-LeaderElection27] INFO  impl.LeaderElection (LeaderElection.java:askForVotes(308)) - c63223b5-be61-406f-9e1d-de013a7c88f2@group-90C48195E2E9-LeaderElection27 ELECTION round 0: result REJECTED
2022-03-09 23:22:13,741 [c63223b5-be61-406f-9e1d-de013a7c88f2@group-90C48195E2E9-LeaderElection27] INFO  server.RaftServer$Division (RaftServerImpl.java:setRole(290)) - c63223b5-be61-406f-9e1d-de013a7c88f2@group-90C48195E2E9: changes role from CANDIDATE to FOLLOWER at term 1 for REJECTED
2022-03-09 23:22:13,741 [c63223b5-be61-406f-9e1d-de013a7c88f2@group-90C48195E2E9-LeaderElection27] INFO  impl.RoleInfo (RoleInfo.java:shutdownLeaderElection(121)) - c63223b5-be61-406f-9e1d-de013a7c88f2: shutdown c63223b5-be61-406f-9e1d-de013a7c88f2@group-90C48195E2E9-LeaderElection27
2022-03-09 23:22:13,741 [c63223b5-be61-406f-9e1d-de013a7c88f2@group-90C48195E2E9-LeaderElection27] INFO  impl.RoleInfo (RoleInfo.java:updateAndGet(130)) - c63223b5-be61-406f-9e1d-de013a7c88f2: start c63223b5-be61-406f-9e1d-de013a7c88f2@group-90C48195E2E9-FollowerState
2022-03-09 23:22:13,764 [Listener at 127.0.0.1/34785] INFO  ozone.MiniOzoneClusterImpl (MiniOzoneClusterImpl.java:lambda$waitForClusterToBeReady$0(219)) - Nodes are ready. Got 3 of 3 DN Heartbeats.
2022-03-09 23:22:13,765 [Listener at 127.0.0.1/34785] INFO  ozone.MiniOzoneClusterImpl (MiniOzoneClusterImpl.java:lambda$waitForClusterToBeReady$0(222)) - Waiting for cluster to exit safe mode
2022-03-09 23:22:13,765 [Listener at 127.0.0.1/34785] INFO  ozone.MiniOzoneClusterImpl (MiniOzoneClusterImpl.java:lambda$waitForClusterToBeReady$0(224)) - SCM became leader
2022-03-09 23:22:13,989 [f5a405b8-a725-4e34-a81f-28a4d919f7ae@group-4F18BD09E878-FollowerState] INFO  impl.FollowerState (FollowerState.java:run(134)) - f5a405b8-a725-4e34-a81f-28a4d919f7ae@group-4F18BD09E878-FollowerState: change to CANDIDATE, lastRpcElapsedTime:5115589533ns, electionTimeout:5101ms
2022-03-09 23:22:13,989 [f5a405b8-a725-4e34-a81f-28a4d919f7ae@group-4F18BD09E878-FollowerState] INFO  impl.RoleInfo (RoleInfo.java:shutdownFollowerState(108)) - f5a405b8-a725-4e34-a81f-28a4d919f7ae: shutdown f5a405b8-a725-4e34-a81f-28a4d919f7ae@group-4F18BD09E878-FollowerState
2022-03-09 23:22:13,989 [f5a405b8-a725-4e34-a81f-28a4d919f7ae@group-4F18BD09E878-FollowerState] INFO  server.RaftServer$Division (RaftServerImpl.java:setRole(290)) - f5a405b8-a725-4e34-a81f-28a4d919f7ae@group-4F18BD09E878: changes role from  FOLLOWER to CANDIDATE at term 0 for changeToCandidate
2022-03-09 23:22:13,989 [f5a405b8-a725-4e34-a81f-28a4d919f7ae@group-4F18BD09E878-FollowerState] INFO  server.RaftServerConfigKeys (ConfUtils.java:logGet(44)) - raft.server.leaderelection.pre-vote = false (custom)
2022-03-09 23:22:13,989 [f5a405b8-a725-4e34-a81f-28a4d919f7ae@group-4F18BD09E878-FollowerState] INFO  impl.RoleInfo (RoleInfo.java:updateAndGet(130)) - f5a405b8-a725-4e34-a81f-28a4d919f7ae: start f5a405b8-a725-4e34-a81f-28a4d919f7ae@group-4F18BD09E878-LeaderElection28
2022-03-09 23:22:14,007 [f5a405b8-a725-4e34-a81f-28a4d919f7ae@group-4F18BD09E878-LeaderElection28] INFO  impl.LeaderElection (LeaderElection.java:askForVotes(306)) - f5a405b8-a725-4e34-a81f-28a4d919f7ae@group-4F18BD09E878-LeaderElection28 ELECTION round 0: submit vote requests at term 1 for -1: [f5a405b8-a725-4e34-a81f-28a4d919f7ae|rpc:127.0.0.1:36687|priority:1], old=null
2022-03-09 23:22:14,007 [f5a405b8-a725-4e34-a81f-28a4d919f7ae@group-4F18BD09E878-LeaderElection28] INFO  impl.LeaderElection (LeaderElection.java:askForVotes(308)) - f5a405b8-a725-4e34-a81f-28a4d919f7ae@group-4F18BD09E878-LeaderElection28 ELECTION round 0: result PASSED (term=1)
2022-03-09 23:22:14,007 [f5a405b8-a725-4e34-a81f-28a4d919f7ae@group-4F18BD09E878-LeaderElection28] INFO  impl.RoleInfo (RoleInfo.java:shutdownLeaderElection(121)) - f5a405b8-a725-4e34-a81f-28a4d919f7ae: shutdown f5a405b8-a725-4e34-a81f-28a4d919f7ae@group-4F18BD09E878-LeaderElection28
2022-03-09 23:22:14,007 [f5a405b8-a725-4e34-a81f-28a4d919f7ae@group-4F18BD09E878-LeaderElection28] INFO  server.RaftServer$Division (RaftServerImpl.java:setRole(290)) - f5a405b8-a725-4e34-a81f-28a4d919f7ae@group-4F18BD09E878: changes role from CANDIDATE to LEADER at term 1 for changeToLeader
2022-03-09 23:22:14,007 [f5a405b8-a725-4e34-a81f-28a4d919f7ae@group-4F18BD09E878-LeaderElection28] INFO  ratis.XceiverServerRatis (XceiverServerRatis.java:handleLeaderChangedNotification(867)) - Leader change notification received for group: group-4F18BD09E878 with new leaderId: f5a405b8-a725-4e34-a81f-28a4d919f7ae
2022-03-09 23:22:14,008 [f5a405b8-a725-4e34-a81f-28a4d919f7ae@group-4F18BD09E878-LeaderElection28] INFO  server.RaftServer$Division (ServerState.java:setLeader(285)) - f5a405b8-a725-4e34-a81f-28a4d919f7ae@group-4F18BD09E878: change Leader from null to f5a405b8-a725-4e34-a81f-28a4d919f7ae at term 1 for becomeLeader, leader elected after 5147ms
2022-03-09 23:22:14,008 [f5a405b8-a725-4e34-a81f-28a4d919f7ae@group-4F18BD09E878-LeaderElection28] INFO  server.RaftServerConfigKeys (ConfUtils.java:logGet(44)) - raft.server.staging.catchup.gap = 1000 (default)
2022-03-09 23:22:14,008 [f5a405b8-a725-4e34-a81f-28a4d919f7ae@group-4F18BD09E878-LeaderElection28] INFO  server.RaftServerConfigKeys (ConfUtils.java:logGet(44)) - raft.server.write.element-limit = 1024 (custom)
2022-03-09 23:22:14,008 [f5a405b8-a725-4e34-a81f-28a4d919f7ae@group-4F18BD09E878-LeaderElection28] INFO  server.RaftServerConfigKeys (ConfUtils.java:logGet(44)) - raft.server.write.byte-limit = 1024 M (=1073741824) (custom)
2022-03-09 23:22:14,008 [f5a405b8-a725-4e34-a81f-28a4d919f7ae@group-4F18BD09E878-LeaderElection28] INFO  server.RaftServerConfigKeys (ConfUtils.java:logGet(44)) - raft.server.watch.timeout = 180s (custom)
2022-03-09 23:22:14,008 [f5a405b8-a725-4e34-a81f-28a4d919f7ae@group-4F18BD09E878-LeaderElection28] INFO  server.RaftServerConfigKeys (ConfUtils.java:logGet(44)) - raft.server.watch.timeout.denomination = 1s (default)
2022-03-09 23:22:14,008 [f5a405b8-a725-4e34-a81f-28a4d919f7ae@group-4F18BD09E878-LeaderElection28] INFO  server.RaftServerConfigKeys (ConfUtils.java:logGet(44)) - raft.server.watch.element-limit = 65536 (default)
2022-03-09 23:22:14,008 [f5a405b8-a725-4e34-a81f-28a4d919f7ae@group-4F18BD09E878-LeaderElection28] INFO  server.RaftServerConfigKeys (ConfUtils.java:logGet(44)) - raft.server.write.element-limit = 1024 (custom)
2022-03-09 23:22:14,008 [f5a405b8-a725-4e34-a81f-28a4d919f7ae@group-4F18BD09E878-LeaderElection28] INFO  server.RaftServerConfigKeys (ConfUtils.java:logGet(44)) - raft.server.write.follower.gap.ratio.max = -1.0 (default)
2022-03-09 23:22:14,008 [f5a405b8-a725-4e34-a81f-28a4d919f7ae@group-4F18BD09E878-LeaderElection28] INFO  impl.RoleInfo (RoleInfo.java:updateAndGet(130)) - f5a405b8-a725-4e34-a81f-28a4d919f7ae: start f5a405b8-a725-4e34-a81f-28a4d919f7ae@group-4F18BD09E878-LeaderStateImpl
2022-03-09 23:22:14,011 [EventQueue-OpenPipelineForHealthyPipelineSafeModeRule] INFO  safemode.SCMSafeModeManager (HealthyPipelineSafeModeRule.java:process(124)) - SCM in safe mode. Healthy pipelines reported count is 0, required healthy pipeline reported count is 1
2022-03-09 23:22:14,012 [f5a405b8-a725-4e34-a81f-28a4d919f7ae@group-4F18BD09E878-LeaderElection28] INFO  segmented.SegmentedRaftLogWorker (SegmentedRaftLogWorker.java:startLogSegment(394)) - f5a405b8-a725-4e34-a81f-28a4d919f7ae@group-4F18BD09E878-SegmentedRaftLogWorker: Starting segment from index:0
2022-03-09 23:22:14,013 [f5a405b8-a725-4e34-a81f-28a4d919f7ae@group-4F18BD09E878-SegmentedRaftLogWorker] INFO  segmented.SegmentedRaftLogWorker (SegmentedRaftLogWorker.java:execute(601)) - f5a405b8-a725-4e34-a81f-28a4d919f7ae@group-4F18BD09E878-SegmentedRaftLogWorker: created new log segment /home/runner/work/ozone/ozone/hadoop-ozone/integration-test/target/test-dir/MiniOzoneClusterImpl-4dc72195-aa51-421e-b53c-5a05ad500575/datanode-2/data/ratis/ccf2bd87-4128-41b6-9bde-4f18bd09e878/current/log_inprogress_0
2022-03-09 23:22:14,025 [f5a405b8-a725-4e34-a81f-28a4d919f7ae@group-4F18BD09E878-LeaderElection28] INFO  server.RaftServer$Division (ServerState.java:setRaftConf(387)) - f5a405b8-a725-4e34-a81f-28a4d919f7ae@group-4F18BD09E878: set configuration 0: [f5a405b8-a725-4e34-a81f-28a4d919f7ae|rpc:127.0.0.1:36687|dataStream:|priority:1], old=null
2022-03-09 23:22:14,558 [EndpointStateMachine task thread for /127.0.0.1:43683 - 0 ] INFO  ipc.Client (Client.java:handleConnectionFailure(977)) - Retrying connect to server: localhost/127.0.0.1:43683. Already tried 1 time(s); retry policy is RetryUpToMaximumCountWithFixedSleep(maxRetries=15, sleepTime=1000 MILLISECONDS)
2022-03-09 23:22:14,765 [Listener at 127.0.0.1/34785] INFO  ozone.MiniOzoneClusterImpl (MiniOzoneClusterImpl.java:lambda$waitForClusterToBeReady$0(219)) - Nodes are ready. Got 3 of 3 DN Heartbeats.
2022-03-09 23:22:14,765 [Listener at 127.0.0.1/34785] INFO  ozone.MiniOzoneClusterImpl (MiniOzoneClusterImpl.java:lambda$waitForClusterToBeReady$0(222)) - Waiting for cluster to exit safe mode
2022-03-09 23:22:14,766 [Listener at 127.0.0.1/34785] INFO  ozone.MiniOzoneClusterImpl (MiniOzoneClusterImpl.java:lambda$waitForClusterToBeReady$0(224)) - SCM became leader
2022-03-09 23:22:15,558 [EndpointStateMachine task thread for /127.0.0.1:43683 - 0 ] INFO  ipc.Client (Client.java:handleConnectionFailure(977)) - Retrying connect to server: localhost/127.0.0.1:43683. Already tried 2 time(s); retry policy is RetryUpToMaximumCountWithFixedSleep(maxRetries=15, sleepTime=1000 MILLISECONDS)
2022-03-09 23:22:15,766 [Listener at 127.0.0.1/34785] INFO  ozone.MiniOzoneClusterImpl (MiniOzoneClusterImpl.java:lambda$waitForClusterToBeReady$0(219)) - Nodes are ready. Got 3 of 3 DN Heartbeats.
2022-03-09 23:22:15,766 [Listener at 127.0.0.1/34785] INFO  ozone.MiniOzoneClusterImpl (MiniOzoneClusterImpl.java:lambda$waitForClusterToBeReady$0(222)) - Waiting for cluster to exit safe mode
2022-03-09 23:22:15,766 [Listener at 127.0.0.1/34785] INFO  ozone.MiniOzoneClusterImpl (MiniOzoneClusterImpl.java:lambda$waitForClusterToBeReady$0(224)) - SCM became leader
2022-03-09 23:22:16,559 [EndpointStateMachine task thread for /127.0.0.1:43683 - 0 ] INFO  ipc.Client (Client.java:handleConnectionFailure(977)) - Retrying connect to server: localhost/127.0.0.1:43683. Already tried 3 time(s); retry policy is RetryUpToMaximumCountWithFixedSleep(maxRetries=15, sleepTime=1000 MILLISECONDS)
2022-03-09 23:22:16,766 [Listener at 127.0.0.1/34785] INFO  ozone.MiniOzoneClusterImpl (MiniOzoneClusterImpl.java:lambda$waitForClusterToBeReady$0(219)) - Nodes are ready. Got 3 of 3 DN Heartbeats.
2022-03-09 23:22:16,766 [Listener at 127.0.0.1/34785] INFO  ozone.MiniOzoneClusterImpl (MiniOzoneClusterImpl.java:lambda$waitForClusterToBeReady$0(222)) - Waiting for cluster to exit safe mode
2022-03-09 23:22:16,766 [Listener at 127.0.0.1/34785] INFO  ozone.MiniOzoneClusterImpl (MiniOzoneClusterImpl.java:lambda$waitForClusterToBeReady$0(224)) - SCM became leader
2022-03-09 23:22:17,560 [EndpointStateMachine task thread for /127.0.0.1:43683 - 0 ] INFO  ipc.Client (Client.java:handleConnectionFailure(977)) - Retrying connect to server: localhost/127.0.0.1:43683. Already tried 4 time(s); retry policy is RetryUpToMaximumCountWithFixedSleep(maxRetries=15, sleepTime=1000 MILLISECONDS)
2022-03-09 23:22:17,767 [Listener at 127.0.0.1/34785] INFO  ozone.MiniOzoneClusterImpl (MiniOzoneClusterImpl.java:lambda$waitForClusterToBeReady$0(219)) - Nodes are ready. Got 3 of 3 DN Heartbeats.
2022-03-09 23:22:17,767 [Listener at 127.0.0.1/34785] INFO  ozone.MiniOzoneClusterImpl (MiniOzoneClusterImpl.java:lambda$waitForClusterToBeReady$0(222)) - Waiting for cluster to exit safe mode
2022-03-09 23:22:17,767 [Listener at 127.0.0.1/34785] INFO  ozone.MiniOzoneClusterImpl (MiniOzoneClusterImpl.java:lambda$waitForClusterToBeReady$0(224)) - SCM became leader
2022-03-09 23:22:18,497 [f5a405b8-a725-4e34-a81f-28a4d919f7ae@group-B6DAC33691C8-FollowerState] INFO  impl.FollowerState (FollowerState.java:run(134)) - f5a405b8-a725-4e34-a81f-28a4d919f7ae@group-B6DAC33691C8-FollowerState: change to CANDIDATE, lastRpcElapsedTime:5017262106ns, electionTimeout:5004ms
2022-03-09 23:22:18,497 [f5a405b8-a725-4e34-a81f-28a4d919f7ae@group-B6DAC33691C8-FollowerState] INFO  impl.RoleInfo (RoleInfo.java:shutdownFollowerState(108)) - f5a405b8-a725-4e34-a81f-28a4d919f7ae: shutdown f5a405b8-a725-4e34-a81f-28a4d919f7ae@group-B6DAC33691C8-FollowerState
2022-03-09 23:22:18,497 [f5a405b8-a725-4e34-a81f-28a4d919f7ae@group-B6DAC33691C8-FollowerState] INFO  server.RaftServer$Division (RaftServerImpl.java:setRole(290)) - f5a405b8-a725-4e34-a81f-28a4d919f7ae@group-B6DAC33691C8: changes role from  FOLLOWER to CANDIDATE at term 1 for changeToCandidate
2022-03-09 23:22:18,498 [f5a405b8-a725-4e34-a81f-28a4d919f7ae@group-B6DAC33691C8-FollowerState] INFO  server.RaftServerConfigKeys (ConfUtils.java:logGet(44)) - raft.server.leaderelection.pre-vote = false (custom)
2022-03-09 23:22:18,498 [f5a405b8-a725-4e34-a81f-28a4d919f7ae@group-B6DAC33691C8-FollowerState] INFO  impl.RoleInfo (RoleInfo.java:updateAndGet(130)) - f5a405b8-a725-4e34-a81f-28a4d919f7ae: start f5a405b8-a725-4e34-a81f-28a4d919f7ae@group-B6DAC33691C8-LeaderElection29
2022-03-09 23:22:18,510 [f5a405b8-a725-4e34-a81f-28a4d919f7ae@group-B6DAC33691C8-LeaderElection29] INFO  impl.LeaderElection (LeaderElection.java:askForVotes(306)) - f5a405b8-a725-4e34-a81f-28a4d919f7ae@group-B6DAC33691C8-LeaderElection29 ELECTION round 0: submit vote requests at term 2 for -1: [f5a405b8-a725-4e34-a81f-28a4d919f7ae|rpc:127.0.0.1:36687|dataStream:|priority:1, c63223b5-be61-406f-9e1d-de013a7c88f2|rpc:127.0.0.1:36463|dataStream:|priority:0, 7635f643-f2cd-4c2b-8e7b-e85076804bf4|rpc:127.0.0.1:35693|dataStream:|priority:0], old=null
2022-03-09 23:22:18,514 [7635f643-f2cd-4c2b-8e7b-e85076804bf4@group-B6DAC33691C8-FollowerState] INFO  impl.FollowerState (FollowerState.java:run(134)) - 7635f643-f2cd-4c2b-8e7b-e85076804bf4@group-B6DAC33691C8-FollowerState: change to CANDIDATE, lastRpcElapsedTime:5002368089ns, electionTimeout:5002ms
2022-03-09 23:22:18,515 [7635f643-f2cd-4c2b-8e7b-e85076804bf4@group-B6DAC33691C8-FollowerState] INFO  impl.RoleInfo (RoleInfo.java:shutdownFollowerState(108)) - 7635f643-f2cd-4c2b-8e7b-e85076804bf4: shutdown 7635f643-f2cd-4c2b-8e7b-e85076804bf4@group-B6DAC33691C8-FollowerState
2022-03-09 23:22:18,515 [7635f643-f2cd-4c2b-8e7b-e85076804bf4@group-B6DAC33691C8-FollowerState] INFO  server.RaftServer$Division (RaftServerImpl.java:setRole(290)) - 7635f643-f2cd-4c2b-8e7b-e85076804bf4@group-B6DAC33691C8: changes role from  FOLLOWER to CANDIDATE at term 1 for changeToCandidate
2022-03-09 23:22:18,524 [7635f643-f2cd-4c2b-8e7b-e85076804bf4@group-B6DAC33691C8-FollowerState] INFO  server.RaftServerConfigKeys (ConfUtils.java:logGet(44)) - raft.server.leaderelection.pre-vote = false (custom)
2022-03-09 23:22:18,524 [7635f643-f2cd-4c2b-8e7b-e85076804bf4@group-B6DAC33691C8-FollowerState] INFO  impl.RoleInfo (RoleInfo.java:updateAndGet(130)) - 7635f643-f2cd-4c2b-8e7b-e85076804bf4: start 7635f643-f2cd-4c2b-8e7b-e85076804bf4@group-B6DAC33691C8-LeaderElection30
2022-03-09 23:22:18,545 [grpc-default-executor-0] INFO  server.RaftServer$Division (RaftServerImpl.java:requestVote(1046)) - 7635f643-f2cd-4c2b-8e7b-e85076804bf4@group-B6DAC33691C8: receive requestVote(ELECTION, f5a405b8-a725-4e34-a81f-28a4d919f7ae, group-B6DAC33691C8, 2, (t:0, i:0))
2022-03-09 23:22:18,545 [grpc-default-executor-5] INFO  server.RaftServer$Division (RaftServerImpl.java:requestVote(1046)) - c63223b5-be61-406f-9e1d-de013a7c88f2@group-B6DAC33691C8: receive requestVote(ELECTION, f5a405b8-a725-4e34-a81f-28a4d919f7ae, group-B6DAC33691C8, 2, (t:0, i:0))
2022-03-09 23:22:18,546 [grpc-default-executor-5] INFO  impl.VoteContext (VoteContext.java:log(48)) - c63223b5-be61-406f-9e1d-de013a7c88f2@group-B6DAC33691C8-FOLLOWER: accept ELECTION from f5a405b8-a725-4e34-a81f-28a4d919f7ae: our priority 0 <= candidate's priority 1
2022-03-09 23:22:18,546 [grpc-default-executor-5] INFO  server.RaftServer$Division (RaftServerImpl.java:setRole(290)) - c63223b5-be61-406f-9e1d-de013a7c88f2@group-B6DAC33691C8: changes role from  FOLLOWER to FOLLOWER at term 2 for candidate:f5a405b8-a725-4e34-a81f-28a4d919f7ae
2022-03-09 23:22:18,546 [grpc-default-executor-5] INFO  impl.RoleInfo (RoleInfo.java:shutdownFollowerState(108)) - c63223b5-be61-406f-9e1d-de013a7c88f2: shutdown c63223b5-be61-406f-9e1d-de013a7c88f2@group-B6DAC33691C8-FollowerState
2022-03-09 23:22:18,547 [grpc-default-executor-5] INFO  impl.RoleInfo (RoleInfo.java:updateAndGet(130)) - c63223b5-be61-406f-9e1d-de013a7c88f2: start c63223b5-be61-406f-9e1d-de013a7c88f2@group-B6DAC33691C8-FollowerState
2022-03-09 23:22:18,547 [c63223b5-be61-406f-9e1d-de013a7c88f2@group-B6DAC33691C8-FollowerState] INFO  impl.FollowerState (FollowerState.java:run(143)) - c63223b5-be61-406f-9e1d-de013a7c88f2@group-B6DAC33691C8-FollowerState was interrupted: {}
java.lang.InterruptedException: sleep interrupted
	at java.lang.Thread.sleep(Native Method)
	at java.lang.Thread.sleep(Thread.java:342)
	at java.util.concurrent.TimeUnit.sleep(TimeUnit.java:386)
	at org.apache.ratis.util.TimeDuration.sleep(TimeDuration.java:324)
	at org.apache.ratis.util.TimeDuration.sleep(TimeDuration.java:309)
	at org.apache.ratis.server.impl.FollowerState.run(FollowerState.java:118)
2022-03-09 23:22:18,548 [grpc-default-executor-0] INFO  impl.VoteContext (VoteContext.java:log(48)) - 7635f643-f2cd-4c2b-8e7b-e85076804bf4@group-B6DAC33691C8-CANDIDATE: accept ELECTION from f5a405b8-a725-4e34-a81f-28a4d919f7ae: our priority 0 <= candidate's priority 1
2022-03-09 23:22:18,548 [grpc-default-executor-0] INFO  server.RaftServer$Division (RaftServerImpl.java:setRole(290)) - 7635f643-f2cd-4c2b-8e7b-e85076804bf4@group-B6DAC33691C8: changes role from CANDIDATE to FOLLOWER at term 2 for candidate:f5a405b8-a725-4e34-a81f-28a4d919f7ae
2022-03-09 23:22:18,548 [grpc-default-executor-0] INFO  impl.RoleInfo (RoleInfo.java:shutdownLeaderElection(121)) - 7635f643-f2cd-4c2b-8e7b-e85076804bf4: shutdown 7635f643-f2cd-4c2b-8e7b-e85076804bf4@group-B6DAC33691C8-LeaderElection30
2022-03-09 23:22:18,548 [grpc-default-executor-0] INFO  impl.RoleInfo (RoleInfo.java:updateAndGet(130)) - 7635f643-f2cd-4c2b-8e7b-e85076804bf4: start 7635f643-f2cd-4c2b-8e7b-e85076804bf4@group-B6DAC33691C8-FollowerState
2022-03-09 23:22:18,557 [grpc-default-executor-5] INFO  server.RaftServer$Division (RaftServerImpl.java:requestVote(1078)) - c63223b5-be61-406f-9e1d-de013a7c88f2@group-B6DAC33691C8 replies to ELECTION vote request: f5a405b8-a725-4e34-a81f-28a4d919f7ae<-c63223b5-be61-406f-9e1d-de013a7c88f2#0:OK-t2. Peer's state: c63223b5-be61-406f-9e1d-de013a7c88f2@group-B6DAC33691C8:t2, leader=null, voted=f5a405b8-a725-4e34-a81f-28a4d919f7ae, raftlog=c63223b5-be61-406f-9e1d-de013a7c88f2@group-B6DAC33691C8-SegmentedRaftLog:OPENED:c-1, conf=-1: [f5a405b8-a725-4e34-a81f-28a4d919f7ae|rpc:127.0.0.1:36687|priority:1, c63223b5-be61-406f-9e1d-de013a7c88f2|rpc:127.0.0.1:36463|priority:0, 7635f643-f2cd-4c2b-8e7b-e85076804bf4|rpc:127.0.0.1:35693|priority:0], old=null
2022-03-09 23:22:18,558 [f5a405b8-a725-4e34-a81f-28a4d919f7ae@group-B6DAC33691C8-LeaderElection29] INFO  impl.LeaderElection (LeaderElection.java:logAndReturn(89)) - f5a405b8-a725-4e34-a81f-28a4d919f7ae@group-B6DAC33691C8-LeaderElection29: ELECTION PASSED received 1 response(s) and 0 exception(s):
2022-03-09 23:22:18,558 [f5a405b8-a725-4e34-a81f-28a4d919f7ae@group-B6DAC33691C8-LeaderElection29] INFO  impl.LeaderElection (LeaderElection.java:logAndReturn(93)) -   Response 0: f5a405b8-a725-4e34-a81f-28a4d919f7ae<-c63223b5-be61-406f-9e1d-de013a7c88f2#0:OK-t2
2022-03-09 23:22:18,558 [f5a405b8-a725-4e34-a81f-28a4d919f7ae@group-B6DAC33691C8-LeaderElection29] INFO  impl.LeaderElection (LeaderElection.java:askForVotes(308)) - f5a405b8-a725-4e34-a81f-28a4d919f7ae@group-B6DAC33691C8-LeaderElection29 ELECTION round 0: result PASSED
2022-03-09 23:22:18,558 [f5a405b8-a725-4e34-a81f-28a4d919f7ae@group-B6DAC33691C8-LeaderElection29] INFO  impl.RoleInfo (RoleInfo.java:shutdownLeaderElection(121)) - f5a405b8-a725-4e34-a81f-28a4d919f7ae: shutdown f5a405b8-a725-4e34-a81f-28a4d919f7ae@group-B6DAC33691C8-LeaderElection29
2022-03-09 23:22:18,558 [f5a405b8-a725-4e34-a81f-28a4d919f7ae@group-B6DAC33691C8-LeaderElection29] INFO  server.RaftServer$Division (RaftServerImpl.java:setRole(290)) - f5a405b8-a725-4e34-a81f-28a4d919f7ae@group-B6DAC33691C8: changes role from CANDIDATE to LEADER at term 2 for changeToLeader
2022-03-09 23:22:18,558 [f5a405b8-a725-4e34-a81f-28a4d919f7ae@group-B6DAC33691C8-LeaderElection29] INFO  ratis.XceiverServerRatis (XceiverServerRatis.java:handleLeaderChangedNotification(867)) - Leader change notification received for group: group-B6DAC33691C8 with new leaderId: f5a405b8-a725-4e34-a81f-28a4d919f7ae
2022-03-09 23:22:18,558 [f5a405b8-a725-4e34-a81f-28a4d919f7ae@group-B6DAC33691C8-LeaderElection29] INFO  server.RaftServer$Division (ServerState.java:setLeader(285)) - f5a405b8-a725-4e34-a81f-28a4d919f7ae@group-B6DAC33691C8: change Leader from null to f5a405b8-a725-4e34-a81f-28a4d919f7ae at term 2 for becomeLeader, leader elected after 10217ms
2022-03-09 23:22:18,558 [f5a405b8-a725-4e34-a81f-28a4d919f7ae@group-B6DAC33691C8-LeaderElection29] INFO  server.RaftServerConfigKeys (ConfUtils.java:logGet(44)) - raft.server.staging.catchup.gap = 1000 (default)
2022-03-09 23:22:18,559 [f5a405b8-a725-4e34-a81f-28a4d919f7ae@group-B6DAC33691C8-LeaderElection29] INFO  server.RaftServerConfigKeys (ConfUtils.java:logGet(44)) - raft.server.write.element-limit = 1024 (custom)
2022-03-09 23:22:18,559 [f5a405b8-a725-4e34-a81f-28a4d919f7ae@group-B6DAC33691C8-LeaderElection29] INFO  server.RaftServerConfigKeys (ConfUtils.java:logGet(44)) - raft.server.write.byte-limit = 1024 M (=1073741824) (custom)
2022-03-09 23:22:18,559 [f5a405b8-a725-4e34-a81f-28a4d919f7ae@group-B6DAC33691C8-LeaderElection29] INFO  server.RaftServerConfigKeys (ConfUtils.java:logGet(44)) - raft.server.watch.timeout = 180s (custom)
2022-03-09 23:22:18,559 [f5a405b8-a725-4e34-a81f-28a4d919f7ae@group-B6DAC33691C8-LeaderElection29] INFO  server.RaftServerConfigKeys (ConfUtils.java:logGet(44)) - raft.server.watch.timeout.denomination = 1s (default)
2022-03-09 23:22:18,559 [f5a405b8-a725-4e34-a81f-28a4d919f7ae@group-B6DAC33691C8-LeaderElection29] INFO  server.RaftServerConfigKeys (ConfUtils.java:logGet(44)) - raft.server.watch.element-limit = 65536 (default)
2022-03-09 23:22:18,559 [f5a405b8-a725-4e34-a81f-28a4d919f7ae@group-B6DAC33691C8-LeaderElection29] INFO  server.RaftServerConfigKeys (ConfUtils.java:logGet(44)) - raft.server.write.element-limit = 1024 (custom)
2022-03-09 23:22:18,559 [f5a405b8-a725-4e34-a81f-28a4d919f7ae@group-B6DAC33691C8-LeaderElection29] INFO  server.RaftServerConfigKeys (ConfUtils.java:logGet(44)) - raft.server.write.follower.gap.ratio.max = -1.0 (default)
2022-03-09 23:22:18,559 [f5a405b8-a725-4e34-a81f-28a4d919f7ae@group-B6DAC33691C8-LeaderElection29] INFO  server.RaftServerConfigKeys (ConfUtils.java:logGet(44)) - raft.server.log.appender.snapshot.chunk.size.max = 16MB (=16777216) (default)
2022-03-09 23:22:18,559 [f5a405b8-a725-4e34-a81f-28a4d919f7ae@group-B6DAC33691C8-LeaderElection29] INFO  server.RaftServerConfigKeys (ConfUtils.java:logGet(44)) - raft.server.log.appender.buffer.byte-limit = 33554432 (custom)
2022-03-09 23:22:18,559 [f5a405b8-a725-4e34-a81f-28a4d919f7ae@group-B6DAC33691C8-LeaderElection29] INFO  server.RaftServerConfigKeys (ConfUtils.java:logGet(44)) - raft.server.log.appender.buffer.element-limit = 1 (custom)
2022-03-09 23:22:18,559 [f5a405b8-a725-4e34-a81f-28a4d919f7ae@group-B6DAC33691C8-LeaderElection29] INFO  grpc.GrpcConfigKeys (ConfUtils.java:logGet(44)) - raft.grpc.server.leader.outstanding.appends.max = 128 (default)
2022-03-09 23:22:18,559 [f5a405b8-a725-4e34-a81f-28a4d919f7ae@group-B6DAC33691C8-LeaderElection29] INFO  server.RaftServerConfigKeys (ConfUtils.java:logGet(44)) - raft.server.rpc.request.timeout = 60s (custom)
2022-03-09 23:22:18,559 [f5a405b8-a725-4e34-a81f-28a4d919f7ae@group-B6DAC33691C8-LeaderElection29] INFO  server.RaftServerConfigKeys (ConfUtils.java:logGet(44)) - raft.server.log.appender.install.snapshot.enabled = false (custom)
2022-03-09 23:22:18,560 [EndpointStateMachine task thread for /127.0.0.1:43683 - 0 ] INFO  ipc.Client (Client.java:handleConnectionFailure(977)) - Retrying connect to server: localhost/127.0.0.1:43683. Already tried 5 time(s); retry policy is RetryUpToMaximumCountWithFixedSleep(maxRetries=15, sleepTime=1000 MILLISECONDS)
2022-03-09 23:22:18,572 [f5a405b8-a725-4e34-a81f-28a4d919f7ae@group-B6DAC33691C8-LeaderElection29] INFO  server.RaftServerConfigKeys (ConfUtils.java:logGet(44)) - raft.server.log.appender.snapshot.chunk.size.max = 16MB (=16777216) (default)
2022-03-09 23:22:18,572 [f5a405b8-a725-4e34-a81f-28a4d919f7ae@group-B6DAC33691C8-LeaderElection29] INFO  server.RaftServerConfigKeys (ConfUtils.java:logGet(44)) - raft.server.log.appender.buffer.byte-limit = 33554432 (custom)
2022-03-09 23:22:18,572 [f5a405b8-a725-4e34-a81f-28a4d919f7ae@group-B6DAC33691C8-LeaderElection29] INFO  server.RaftServerConfigKeys (ConfUtils.java:logGet(44)) - raft.server.log.appender.buffer.element-limit = 1 (custom)
2022-03-09 23:22:18,573 [f5a405b8-a725-4e34-a81f-28a4d919f7ae@group-B6DAC33691C8-LeaderElection29] INFO  grpc.GrpcConfigKeys (ConfUtils.java:logGet(44)) - raft.grpc.server.leader.outstanding.appends.max = 128 (default)
2022-03-09 23:22:18,573 [f5a405b8-a725-4e34-a81f-28a4d919f7ae@group-B6DAC33691C8-LeaderElection29] INFO  server.RaftServerConfigKeys (ConfUtils.java:logGet(44)) - raft.server.rpc.request.timeout = 60s (custom)
2022-03-09 23:22:18,573 [f5a405b8-a725-4e34-a81f-28a4d919f7ae@group-B6DAC33691C8-LeaderElection29] INFO  server.RaftServerConfigKeys (ConfUtils.java:logGet(44)) - raft.server.log.appender.install.snapshot.enabled = false (custom)
2022-03-09 23:22:18,573 [f5a405b8-a725-4e34-a81f-28a4d919f7ae@group-B6DAC33691C8-LeaderElection29] INFO  impl.RoleInfo (RoleInfo.java:updateAndGet(130)) - f5a405b8-a725-4e34-a81f-28a4d919f7ae: start f5a405b8-a725-4e34-a81f-28a4d919f7ae@group-B6DAC33691C8-LeaderStateImpl
2022-03-09 23:22:18,576 [EventQueue-PipelineReportForPipelineReportHandler] INFO  pipeline.PipelineManagerImpl (PipelineManagerImpl.java:openPipeline(291)) - Pipeline Pipeline[ Id: 703940b3-ddfe-4222-8dbe-b6dac33691c8, Nodes: f5a405b8-a725-4e34-a81f-28a4d919f7ae{ip: 127.0.0.1, host: localhost, ports: [REPLICATION=43411, RATIS=36687, RATIS_ADMIN=36687, RATIS_SERVER=36687, STANDALONE=33607], networkLocation: /default-rack, certSerialId: null, persistedOpState: IN_SERVICE, persistedOpStateExpiryEpochSec: 0}c63223b5-be61-406f-9e1d-de013a7c88f2{ip: 127.0.0.1, host: localhost, ports: [REPLICATION=43043, RATIS=36463, RATIS_ADMIN=36463, RATIS_SERVER=36463, STANDALONE=46797], networkLocation: /default-rack, certSerialId: null, persistedOpState: IN_SERVICE, persistedOpStateExpiryEpochSec: 0}7635f643-f2cd-4c2b-8e7b-e85076804bf4{ip: 127.0.0.1, host: localhost, ports: [REPLICATION=46683, RATIS=35693, RATIS_ADMIN=35693, RATIS_SERVER=35693, STANDALONE=40979], networkLocation: /default-rack, certSerialId: null, persistedOpState: IN_SERVICE, persistedOpStateExpiryEpochSec: 0}, ReplicationConfig: RATIS/THREE, State:ALLOCATED, leaderId:f5a405b8-a725-4e34-a81f-28a4d919f7ae, CreationTimestamp2022-03-09T23:22:05.870Z[Etc/UTC]] moved to OPEN state
2022-03-09 23:22:18,578 [b64818b1-8873-42dd-a727-ccc2cc2b6dc9@group-5A05AD500575-StateMachineUpdater] INFO  safemode.HealthyPipelineSafeModeRule (HealthyPipelineSafeModeRule.java:initializeRule(152)) - Refreshed total pipeline count is 1, healthy pipeline threshold count is 1
2022-03-09 23:22:18,578 [grpc-default-executor-0] INFO  server.RaftServer$Division (RaftServerImpl.java:requestVote(1078)) - 7635f643-f2cd-4c2b-8e7b-e85076804bf4@group-B6DAC33691C8 replies to ELECTION vote request: f5a405b8-a725-4e34-a81f-28a4d919f7ae<-7635f643-f2cd-4c2b-8e7b-e85076804bf4#0:OK-t2. Peer's state: 7635f643-f2cd-4c2b-8e7b-e85076804bf4@group-B6DAC33691C8:t2, leader=null, voted=f5a405b8-a725-4e34-a81f-28a4d919f7ae, raftlog=7635f643-f2cd-4c2b-8e7b-e85076804bf4@group-B6DAC33691C8-SegmentedRaftLog:OPENED:c-1, conf=-1: [f5a405b8-a725-4e34-a81f-28a4d919f7ae|rpc:127.0.0.1:36687|dataStream:|priority:1, c63223b5-be61-406f-9e1d-de013a7c88f2|rpc:127.0.0.1:36463|dataStream:|priority:0, 7635f643-f2cd-4c2b-8e7b-e85076804bf4|rpc:127.0.0.1:35693|dataStream:|priority:0], old=null
2022-03-09 23:22:18,579 [f5a405b8-a725-4e34-a81f-28a4d919f7ae@group-B6DAC33691C8-LeaderElection29] INFO  segmented.SegmentedRaftLogWorker (SegmentedRaftLogWorker.java:startLogSegment(394)) - f5a405b8-a725-4e34-a81f-28a4d919f7ae@group-B6DAC33691C8-SegmentedRaftLogWorker: Starting segment from index:0
2022-03-09 23:22:18,578 [EventQueue-OpenPipelineForHealthyPipelineSafeModeRule] INFO  safemode.SCMSafeModeManager (HealthyPipelineSafeModeRule.java:process(124)) - SCM in safe mode. Healthy pipelines reported count is 1, required healthy pipeline reported count is 1
2022-03-09 23:22:18,581 [EventQueue-OpenPipelineForHealthyPipelineSafeModeRule] INFO  safemode.SCMSafeModeManager (SCMSafeModeManager.java:validateSafeModeExitRules(204)) - HealthyPipelineSafeModeRule rule is successfully validated
2022-03-09 23:22:18,581 [EventQueue-OpenPipelineForHealthyPipelineSafeModeRule] INFO  safemode.SCMSafeModeManager (SCMSafeModeManager.java:validateSafeModeExitRules(219)) - ScmSafeModeManager, all rules are successfully validated
2022-03-09 23:22:18,581 [EventQueue-OpenPipelineForHealthyPipelineSafeModeRule] INFO  safemode.SCMSafeModeManager (SCMSafeModeManager.java:exitSafeMode(248)) - SCM exiting safe mode.
2022-03-09 23:22:18,581 [EventQueue-OpenPipelineForHealthyPipelineSafeModeRule] WARN  events.EventQueue (EventQueue.java:fireEvent(194)) - No event handler registered for event TypedEvent{payloadType=SafeModeStatus, name='Safe mode status'}
2022-03-09 23:22:18,581 [EventQueue-OpenPipelineForHealthyPipelineSafeModeRule] INFO  ha.SCMContext (SCMContext.java:updateSafeModeStatus(211)) - Update SafeModeStatus from SafeModeStatus{safeModeStatus=true, preCheckPassed=true} to SafeModeStatus{safeModeStatus=false, preCheckPassed=true}.
2022-03-09 23:22:18,581 [EventQueue-OpenPipelineForHealthyPipelineSafeModeRule] INFO  container.ReplicationManager (ReplicationManager.java:notifyStatusChanged(1807)) - Service ReplicationManager transitions to RUNNING.
2022-03-09 23:22:18,585 [f5a405b8-a725-4e34-a81f-28a4d919f7ae@group-B6DAC33691C8-SegmentedRaftLogWorker] INFO  segmented.SegmentedRaftLogWorker (SegmentedRaftLogWorker.java:execute(601)) - f5a405b8-a725-4e34-a81f-28a4d919f7ae@group-B6DAC33691C8-SegmentedRaftLogWorker: created new log segment /home/runner/work/ozone/ozone/hadoop-ozone/integration-test/target/test-dir/MiniOzoneClusterImpl-4dc72195-aa51-421e-b53c-5a05ad500575/datanode-2/data/ratis/703940b3-ddfe-4222-8dbe-b6dac33691c8/current/log_inprogress_0
2022-03-09 23:22:18,611 [grpc-default-executor-5] INFO  ratis.XceiverServerRatis (XceiverServerRatis.java:handleLeaderChangedNotification(867)) - Leader change notification received for group: group-B6DAC33691C8 with new leaderId: f5a405b8-a725-4e34-a81f-28a4d919f7ae
2022-03-09 23:22:18,611 [grpc-default-executor-5] INFO  server.RaftServer$Division (ServerState.java:setLeader(285)) - 7635f643-f2cd-4c2b-8e7b-e85076804bf4@group-B6DAC33691C8: change Leader from null to f5a405b8-a725-4e34-a81f-28a4d919f7ae at term 2 for appendEntries, leader elected after 10151ms
2022-03-09 23:22:18,627 [f5a405b8-a725-4e34-a81f-28a4d919f7ae@group-B6DAC33691C8-LeaderElection29] INFO  server.RaftServer$Division (ServerState.java:setRaftConf(387)) - f5a405b8-a725-4e34-a81f-28a4d919f7ae@group-B6DAC33691C8: set configuration 0: [f5a405b8-a725-4e34-a81f-28a4d919f7ae|rpc:127.0.0.1:36687|dataStream:|priority:1, c63223b5-be61-406f-9e1d-de013a7c88f2|rpc:127.0.0.1:36463|dataStream:|priority:0, 7635f643-f2cd-4c2b-8e7b-e85076804bf4|rpc:127.0.0.1:35693|dataStream:|priority:0], old=null
2022-03-09 23:22:18,633 [grpc-default-executor-0] INFO  ratis.XceiverServerRatis (XceiverServerRatis.java:handleLeaderChangedNotification(867)) - Leader change notification received for group: group-B6DAC33691C8 with new leaderId: f5a405b8-a725-4e34-a81f-28a4d919f7ae
2022-03-09 23:22:18,633 [grpc-default-executor-0] INFO  server.RaftServer$Division (ServerState.java:setLeader(285)) - c63223b5-be61-406f-9e1d-de013a7c88f2@group-B6DAC33691C8: change Leader from null to f5a405b8-a725-4e34-a81f-28a4d919f7ae at term 2 for appendEntries, leader elected after 10386ms
2022-03-09 23:22:18,638 [grpc-default-executor-5] INFO  server.RaftServer$Division (ServerState.java:setRaftConf(387)) - 7635f643-f2cd-4c2b-8e7b-e85076804bf4@group-B6DAC33691C8: set configuration 0: [f5a405b8-a725-4e34-a81f-28a4d919f7ae|rpc:127.0.0.1:36687|dataStream:|priority:1, c63223b5-be61-406f-9e1d-de013a7c88f2|rpc:127.0.0.1:36463|dataStream:|priority:0, 7635f643-f2cd-4c2b-8e7b-e85076804bf4|rpc:127.0.0.1:35693|dataStream:|priority:0], old=null
2022-03-09 23:22:18,638 [grpc-default-executor-5] INFO  segmented.SegmentedRaftLogWorker (SegmentedRaftLogWorker.java:startLogSegment(394)) - 7635f643-f2cd-4c2b-8e7b-e85076804bf4@group-B6DAC33691C8-SegmentedRaftLogWorker: Starting segment from index:0
2022-03-09 23:22:18,640 [7635f643-f2cd-4c2b-8e7b-e85076804bf4@group-B6DAC33691C8-SegmentedRaftLogWorker] INFO  segmented.SegmentedRaftLogWorker (SegmentedRaftLogWorker.java:execute(601)) - 7635f643-f2cd-4c2b-8e7b-e85076804bf4@group-B6DAC33691C8-SegmentedRaftLogWorker: created new log segment /home/runner/work/ozone/ozone/hadoop-ozone/integration-test/target/test-dir/MiniOzoneClusterImpl-4dc72195-aa51-421e-b53c-5a05ad500575/datanode-1/data/ratis/703940b3-ddfe-4222-8dbe-b6dac33691c8/current/log_inprogress_0
2022-03-09 23:22:18,641 [grpc-default-executor-5] INFO  server.RaftServer$Division (ServerState.java:setRaftConf(387)) - c63223b5-be61-406f-9e1d-de013a7c88f2@group-B6DAC33691C8: set configuration 0: [f5a405b8-a725-4e34-a81f-28a4d919f7ae|rpc:127.0.0.1:36687|dataStream:|priority:1, c63223b5-be61-406f-9e1d-de013a7c88f2|rpc:127.0.0.1:36463|dataStream:|priority:0, 7635f643-f2cd-4c2b-8e7b-e85076804bf4|rpc:127.0.0.1:35693|dataStream:|priority:0], old=null
2022-03-09 23:22:18,641 [grpc-default-executor-5] INFO  segmented.SegmentedRaftLogWorker (SegmentedRaftLogWorker.java:startLogSegment(394)) - c63223b5-be61-406f-9e1d-de013a7c88f2@group-B6DAC33691C8-SegmentedRaftLogWorker: Starting segment from index:0
2022-03-09 23:22:18,644 [c63223b5-be61-406f-9e1d-de013a7c88f2@group-B6DAC33691C8-SegmentedRaftLogWorker] INFO  segmented.SegmentedRaftLogWorker (SegmentedRaftLogWorker.java:execute(601)) - c63223b5-be61-406f-9e1d-de013a7c88f2@group-B6DAC33691C8-SegmentedRaftLogWorker: created new log segment /home/runner/work/ozone/ozone/hadoop-ozone/integration-test/target/test-dir/MiniOzoneClusterImpl-4dc72195-aa51-421e-b53c-5a05ad500575/datanode-0/data/ratis/703940b3-ddfe-4222-8dbe-b6dac33691c8/current/log_inprogress_0
2022-03-09 23:22:18,767 [Listener at 127.0.0.1/34785] INFO  ozone.MiniOzoneClusterImpl (MiniOzoneClusterImpl.java:lambda$waitForClusterToBeReady$0(219)) - Nodes are ready. Got 3 of 3 DN Heartbeats.
2022-03-09 23:22:18,767 [Listener at 127.0.0.1/34785] INFO  ozone.MiniOzoneClusterImpl (MiniOzoneClusterImpl.java:lambda$waitForClusterToBeReady$0(222)) - Cluster exits safe mode
2022-03-09 23:22:18,767 [Listener at 127.0.0.1/34785] INFO  ozone.MiniOzoneClusterImpl (MiniOzoneClusterImpl.java:lambda$waitForClusterToBeReady$0(224)) - SCM became leader
2022-03-09 23:22:18,769 [Listener at 127.0.0.1/34785] INFO  rpc.RpcClient (RpcClient.java:createVolume(399)) - Creating Volume: volume52883, with runner as owner and space quota set to -1 bytes, counts quota set to -1
2022-03-09 23:22:18,777 [c63223b5-be61-406f-9e1d-de013a7c88f2@group-90C48195E2E9-FollowerState] INFO  impl.FollowerState (FollowerState.java:run(134)) - c63223b5-be61-406f-9e1d-de013a7c88f2@group-90C48195E2E9-FollowerState: change to CANDIDATE, lastRpcElapsedTime:5035639347ns, electionTimeout:5029ms
2022-03-09 23:22:18,777 [c63223b5-be61-406f-9e1d-de013a7c88f2@group-90C48195E2E9-FollowerState] INFO  impl.RoleInfo (RoleInfo.java:shutdownFollowerState(108)) - c63223b5-be61-406f-9e1d-de013a7c88f2: shutdown c63223b5-be61-406f-9e1d-de013a7c88f2@group-90C48195E2E9-FollowerState
2022-03-09 23:22:18,777 [c63223b5-be61-406f-9e1d-de013a7c88f2@group-90C48195E2E9-FollowerState] INFO  server.RaftServer$Division (RaftServerImpl.java:setRole(290)) - c63223b5-be61-406f-9e1d-de013a7c88f2@group-90C48195E2E9: changes role from  FOLLOWER to CANDIDATE at term 1 for changeToCandidate
2022-03-09 23:22:18,780 [c63223b5-be61-406f-9e1d-de013a7c88f2@group-90C48195E2E9-FollowerState] INFO  server.RaftServerConfigKeys (ConfUtils.java:logGet(44)) - raft.server.leaderelection.pre-vote = false (custom)
2022-03-09 23:22:18,780 [c63223b5-be61-406f-9e1d-de013a7c88f2@group-90C48195E2E9-FollowerState] INFO  impl.RoleInfo (RoleInfo.java:updateAndGet(130)) - c63223b5-be61-406f-9e1d-de013a7c88f2: start c63223b5-be61-406f-9e1d-de013a7c88f2@group-90C48195E2E9-LeaderElection31
2022-03-09 23:22:18,795 [7635f643-f2cd-4c2b-8e7b-e85076804bf4@group-90C48195E2E9-FollowerState] INFO  impl.FollowerState (FollowerState.java:run(134)) - 7635f643-f2cd-4c2b-8e7b-e85076804bf4@group-90C48195E2E9-FollowerState: change to CANDIDATE, lastRpcElapsedTime:5087631556ns, electionTimeout:5087ms
2022-03-09 23:22:18,795 [7635f643-f2cd-4c2b-8e7b-e85076804bf4@group-90C48195E2E9-FollowerState] INFO  impl.RoleInfo (RoleInfo.java:shutdownFollowerState(108)) - 7635f643-f2cd-4c2b-8e7b-e85076804bf4: shutdown 7635f643-f2cd-4c2b-8e7b-e85076804bf4@group-90C48195E2E9-FollowerState
2022-03-09 23:22:18,795 [7635f643-f2cd-4c2b-8e7b-e85076804bf4@group-90C48195E2E9-FollowerState] INFO  server.RaftServer$Division (RaftServerImpl.java:setRole(290)) - 7635f643-f2cd-4c2b-8e7b-e85076804bf4@group-90C48195E2E9: changes role from  FOLLOWER to CANDIDATE at term 1 for changeToCandidate
2022-03-09 23:22:18,795 [7635f643-f2cd-4c2b-8e7b-e85076804bf4@group-90C48195E2E9-FollowerState] INFO  server.RaftServerConfigKeys (ConfUtils.java:logGet(44)) - raft.server.leaderelection.pre-vote = false (custom)
2022-03-09 23:22:18,795 [7635f643-f2cd-4c2b-8e7b-e85076804bf4@group-90C48195E2E9-FollowerState] INFO  impl.RoleInfo (RoleInfo.java:updateAndGet(130)) - 7635f643-f2cd-4c2b-8e7b-e85076804bf4: start 7635f643-f2cd-4c2b-8e7b-e85076804bf4@group-90C48195E2E9-LeaderElection32
2022-03-09 23:22:18,798 [c63223b5-be61-406f-9e1d-de013a7c88f2@group-90C48195E2E9-LeaderElection31] INFO  impl.LeaderElection (LeaderElection.java:askForVotes(306)) - c63223b5-be61-406f-9e1d-de013a7c88f2@group-90C48195E2E9-LeaderElection31 ELECTION round 0: submit vote requests at term 2 for -1: [f5a405b8-a725-4e34-a81f-28a4d919f7ae|rpc:127.0.0.1:36687|priority:0, 7635f643-f2cd-4c2b-8e7b-e85076804bf4|rpc:127.0.0.1:35693|priority:0, c63223b5-be61-406f-9e1d-de013a7c88f2|rpc:127.0.0.1:36463|priority:1], old=null
2022-03-09 23:22:18,799 [7635f643-f2cd-4c2b-8e7b-e85076804bf4@group-90C48195E2E9-LeaderElection32] INFO  impl.LeaderElection (LeaderElection.java:askForVotes(306)) - 7635f643-f2cd-4c2b-8e7b-e85076804bf4@group-90C48195E2E9-LeaderElection32 ELECTION round 0: submit vote requests at term 2 for -1: [f5a405b8-a725-4e34-a81f-28a4d919f7ae|rpc:127.0.0.1:36687|priority:0, 7635f643-f2cd-4c2b-8e7b-e85076804bf4|rpc:127.0.0.1:35693|priority:0, c63223b5-be61-406f-9e1d-de013a7c88f2|rpc:127.0.0.1:36463|priority:1], old=null
2022-03-09 23:22:18,799 [OM StateMachine ApplyTransaction Thread - 0] INFO  volume.OMVolumeCreateRequest (OMVolumeCreateRequest.java:validateAndUpdateCache(195)) - created volume:volume52883 for user:runner
2022-03-09 23:22:18,813 [f5a405b8-a725-4e34-a81f-28a4d919f7ae@group-90C48195E2E9-FollowerState] INFO  impl.FollowerState (FollowerState.java:run(134)) - f5a405b8-a725-4e34-a81f-28a4d919f7ae@group-90C48195E2E9-FollowerState: change to CANDIDATE, lastRpcElapsedTime:5124142942ns, electionTimeout:5123ms
2022-03-09 23:22:18,813 [f5a405b8-a725-4e34-a81f-28a4d919f7ae@group-90C48195E2E9-FollowerState] INFO  impl.RoleInfo (RoleInfo.java:shutdownFollowerState(108)) - f5a405b8-a725-4e34-a81f-28a4d919f7ae: shutdown f5a405b8-a725-4e34-a81f-28a4d919f7ae@group-90C48195E2E9-FollowerState
2022-03-09 23:22:18,813 [grpc-default-executor-5] INFO  server.RaftServer$Division (RaftServerImpl.java:requestVote(1046)) - f5a405b8-a725-4e34-a81f-28a4d919f7ae@group-90C48195E2E9: receive requestVote(ELECTION, c63223b5-be61-406f-9e1d-de013a7c88f2, group-90C48195E2E9, 2, (t:0, i:0))
2022-03-09 23:22:18,813 [f5a405b8-a725-4e34-a81f-28a4d919f7ae@group-90C48195E2E9-FollowerState] INFO  server.RaftServer$Division (RaftServerImpl.java:setRole(290)) - f5a405b8-a725-4e34-a81f-28a4d919f7ae@group-90C48195E2E9: changes role from  FOLLOWER to CANDIDATE at term 1 for changeToCandidate
2022-03-09 23:22:18,822 [f5a405b8-a725-4e34-a81f-28a4d919f7ae@group-90C48195E2E9-FollowerState] INFO  server.RaftServerConfigKeys (ConfUtils.java:logGet(44)) - raft.server.leaderelection.pre-vote = false (custom)
2022-03-09 23:22:18,822 [f5a405b8-a725-4e34-a81f-28a4d919f7ae@group-90C48195E2E9-FollowerState] INFO  impl.RoleInfo (RoleInfo.java:updateAndGet(130)) - f5a405b8-a725-4e34-a81f-28a4d919f7ae: start f5a405b8-a725-4e34-a81f-28a4d919f7ae@group-90C48195E2E9-LeaderElection33
2022-03-09 23:22:18,821 [Listener at 127.0.0.1/34785] INFO  rpc.RpcClient (RpcClient.java:createBucket(562)) - Creating Bucket: volume52883/bucket33634, with runner as owner and Versioning false and Storage Type set to DISK and Encryption set to false 
2022-03-09 23:22:18,821 [grpc-default-executor-0] INFO  server.RaftServer$Division (RaftServerImpl.java:requestVote(1046)) - 7635f643-f2cd-4c2b-8e7b-e85076804bf4@group-90C48195E2E9: receive requestVote(ELECTION, c63223b5-be61-406f-9e1d-de013a7c88f2, group-90C48195E2E9, 2, (t:0, i:0))
2022-03-09 23:22:18,823 [grpc-default-executor-0] INFO  impl.VoteContext (VoteContext.java:log(48)) - 7635f643-f2cd-4c2b-8e7b-e85076804bf4@group-90C48195E2E9-CANDIDATE: reject ELECTION from c63223b5-be61-406f-9e1d-de013a7c88f2: already has voted for 7635f643-f2cd-4c2b-8e7b-e85076804bf4 at current term 2
2022-03-09 23:22:18,823 [grpc-default-executor-0] INFO  server.RaftServer$Division (RaftServerImpl.java:requestVote(1078)) - 7635f643-f2cd-4c2b-8e7b-e85076804bf4@group-90C48195E2E9 replies to ELECTION vote request: c63223b5-be61-406f-9e1d-de013a7c88f2<-7635f643-f2cd-4c2b-8e7b-e85076804bf4#0:FAIL-t2. Peer's state: 7635f643-f2cd-4c2b-8e7b-e85076804bf4@group-90C48195E2E9:t2, leader=null, voted=7635f643-f2cd-4c2b-8e7b-e85076804bf4, raftlog=7635f643-f2cd-4c2b-8e7b-e85076804bf4@group-90C48195E2E9-SegmentedRaftLog:OPENED:c-1, conf=-1: [f5a405b8-a725-4e34-a81f-28a4d919f7ae|rpc:127.0.0.1:36687|priority:0, 7635f643-f2cd-4c2b-8e7b-e85076804bf4|rpc:127.0.0.1:35693|priority:0, c63223b5-be61-406f-9e1d-de013a7c88f2|rpc:127.0.0.1:36463|priority:1], old=null
2022-03-09 23:22:18,829 [grpc-default-executor-5] INFO  impl.VoteContext (VoteContext.java:log(48)) - f5a405b8-a725-4e34-a81f-28a4d919f7ae@group-90C48195E2E9-CANDIDATE: accept ELECTION from c63223b5-be61-406f-9e1d-de013a7c88f2: our priority 0 <= candidate's priority 1
2022-03-09 23:22:18,829 [grpc-default-executor-5] INFO  server.RaftServer$Division (RaftServerImpl.java:setRole(290)) - f5a405b8-a725-4e34-a81f-28a4d919f7ae@group-90C48195E2E9: changes role from CANDIDATE to FOLLOWER at term 2 for candidate:c63223b5-be61-406f-9e1d-de013a7c88f2
2022-03-09 23:22:18,829 [grpc-default-executor-5] INFO  impl.RoleInfo (RoleInfo.java:shutdownLeaderElection(121)) - f5a405b8-a725-4e34-a81f-28a4d919f7ae: shutdown f5a405b8-a725-4e34-a81f-28a4d919f7ae@group-90C48195E2E9-LeaderElection33
2022-03-09 23:22:18,829 [f5a405b8-a725-4e34-a81f-28a4d919f7ae@group-90C48195E2E9-LeaderElection33] INFO  impl.LeaderElection (LeaderElection.java:run(230)) - f5a405b8-a725-4e34-a81f-28a4d919f7ae@group-90C48195E2E9-LeaderElection33: skip running since this is already CLOSING
2022-03-09 23:22:18,842 [grpc-default-executor-5] INFO  impl.RoleInfo (RoleInfo.java:updateAndGet(130)) - f5a405b8-a725-4e34-a81f-28a4d919f7ae: start f5a405b8-a725-4e34-a81f-28a4d919f7ae@group-90C48195E2E9-FollowerState
2022-03-09 23:22:18,844 [grpc-default-executor-0] INFO  server.RaftServer$Division (RaftServerImpl.java:requestVote(1046)) - c63223b5-be61-406f-9e1d-de013a7c88f2@group-90C48195E2E9: receive requestVote(ELECTION, 7635f643-f2cd-4c2b-8e7b-e85076804bf4, group-90C48195E2E9, 2, (t:0, i:0))
2022-03-09 23:22:18,853 [grpc-default-executor-0] INFO  impl.VoteContext (VoteContext.java:log(48)) - c63223b5-be61-406f-9e1d-de013a7c88f2@group-90C48195E2E9-CANDIDATE: reject ELECTION from 7635f643-f2cd-4c2b-8e7b-e85076804bf4: already has voted for c63223b5-be61-406f-9e1d-de013a7c88f2 at current term 2
2022-03-09 23:22:18,853 [grpc-default-executor-0] INFO  server.RaftServer$Division (RaftServerImpl.java:requestVote(1078)) - c63223b5-be61-406f-9e1d-de013a7c88f2@group-90C48195E2E9 replies to ELECTION vote request: 7635f643-f2cd-4c2b-8e7b-e85076804bf4<-c63223b5-be61-406f-9e1d-de013a7c88f2#0:FAIL-t2. Peer's state: c63223b5-be61-406f-9e1d-de013a7c88f2@group-90C48195E2E9:t2, leader=null, voted=c63223b5-be61-406f-9e1d-de013a7c88f2, raftlog=c63223b5-be61-406f-9e1d-de013a7c88f2@group-90C48195E2E9-SegmentedRaftLog:OPENED:c-1, conf=-1: [f5a405b8-a725-4e34-a81f-28a4d919f7ae|rpc:127.0.0.1:36687|priority:0, 7635f643-f2cd-4c2b-8e7b-e85076804bf4|rpc:127.0.0.1:35693|priority:0, c63223b5-be61-406f-9e1d-de013a7c88f2|rpc:127.0.0.1:36463|priority:1], old=null
2022-03-09 23:22:18,863 [7635f643-f2cd-4c2b-8e7b-e85076804bf4@group-90C48195E2E9-LeaderElection32] INFO  impl.LeaderElection (LeaderElection.java:logAndReturn(89)) - 7635f643-f2cd-4c2b-8e7b-e85076804bf4@group-90C48195E2E9-LeaderElection32: ELECTION REJECTED received 1 response(s) and 0 exception(s):
2022-03-09 23:22:18,863 [7635f643-f2cd-4c2b-8e7b-e85076804bf4@group-90C48195E2E9-LeaderElection32] INFO  impl.LeaderElection (LeaderElection.java:logAndReturn(93)) -   Response 0: 7635f643-f2cd-4c2b-8e7b-e85076804bf4<-c63223b5-be61-406f-9e1d-de013a7c88f2#0:FAIL-t2
2022-03-09 23:22:18,863 [7635f643-f2cd-4c2b-8e7b-e85076804bf4@group-90C48195E2E9-LeaderElection32] INFO  impl.LeaderElection (LeaderElection.java:askForVotes(308)) - 7635f643-f2cd-4c2b-8e7b-e85076804bf4@group-90C48195E2E9-LeaderElection32 ELECTION round 0: result REJECTED
2022-03-09 23:22:18,863 [grpc-default-executor-2] INFO  server.RaftServer$Division (RaftServerImpl.java:requestVote(1046)) - f5a405b8-a725-4e34-a81f-28a4d919f7ae@group-90C48195E2E9: receive requestVote(ELECTION, 7635f643-f2cd-4c2b-8e7b-e85076804bf4, group-90C48195E2E9, 2, (t:0, i:0))
2022-03-09 23:22:18,863 [7635f643-f2cd-4c2b-8e7b-e85076804bf4@group-90C48195E2E9-LeaderElection32] INFO  server.RaftServer$Division (RaftServerImpl.java:setRole(290)) - 7635f643-f2cd-4c2b-8e7b-e85076804bf4@group-90C48195E2E9: changes role from CANDIDATE to FOLLOWER at term 2 for REJECTED
2022-03-09 23:22:18,869 [7635f643-f2cd-4c2b-8e7b-e85076804bf4@group-90C48195E2E9-LeaderElection32] INFO  impl.RoleInfo (RoleInfo.java:shutdownLeaderElection(121)) - 7635f643-f2cd-4c2b-8e7b-e85076804bf4: shutdown 7635f643-f2cd-4c2b-8e7b-e85076804bf4@group-90C48195E2E9-LeaderElection32
2022-03-09 23:22:18,887 [7635f643-f2cd-4c2b-8e7b-e85076804bf4@group-90C48195E2E9-LeaderElection32] INFO  impl.RoleInfo (RoleInfo.java:updateAndGet(130)) - 7635f643-f2cd-4c2b-8e7b-e85076804bf4: start 7635f643-f2cd-4c2b-8e7b-e85076804bf4@group-90C48195E2E9-FollowerState
2022-03-09 23:22:18,902 [IPC Server handler 7 on default port 40661] INFO  ha.SequenceIdGenerator (SequenceIdGenerator.java:getNextId(127)) - Allocate a batch for containerId, change lastId from 0 to 1000.
2022-03-09 23:22:18,905 [b64818b1-8873-42dd-a727-ccc2cc2b6dc9@group-5A05AD500575-StateMachineUpdater] WARN  ha.SequenceIdGenerator (SequenceIdGenerator.java:allocateBatch(235)) - Failed to allocate a batch for localId, expected lastId is 0, actual lastId is 109611004723200000.
2022-03-09 23:22:18,906 [IPC Server handler 7 on default port 40661] INFO  ha.SequenceIdGenerator (SequenceIdGenerator.java:getNextId(127)) - Allocate a batch for localId, change lastId from 109611004723200000 to 109611004723201000.
2022-03-09 23:22:18,915 [grpc-default-executor-5] INFO  server.RaftServer$Division (RaftServerImpl.java:requestVote(1078)) - f5a405b8-a725-4e34-a81f-28a4d919f7ae@group-90C48195E2E9 replies to ELECTION vote request: c63223b5-be61-406f-9e1d-de013a7c88f2<-f5a405b8-a725-4e34-a81f-28a4d919f7ae#0:OK-t2. Peer's state: f5a405b8-a725-4e34-a81f-28a4d919f7ae@group-90C48195E2E9:t2, leader=null, voted=c63223b5-be61-406f-9e1d-de013a7c88f2, raftlog=f5a405b8-a725-4e34-a81f-28a4d919f7ae@group-90C48195E2E9-SegmentedRaftLog:OPENED:c-1, conf=-1: [f5a405b8-a725-4e34-a81f-28a4d919f7ae|rpc:127.0.0.1:36687|dataStream:|priority:0, 7635f643-f2cd-4c2b-8e7b-e85076804bf4|rpc:127.0.0.1:35693|dataStream:|priority:0, c63223b5-be61-406f-9e1d-de013a7c88f2|rpc:127.0.0.1:36463|dataStream:|priority:1], old=null
2022-03-09 23:22:18,915 [grpc-default-executor-2] INFO  impl.VoteContext (VoteContext.java:log(48)) - f5a405b8-a725-4e34-a81f-28a4d919f7ae@group-90C48195E2E9-FOLLOWER: reject ELECTION from 7635f643-f2cd-4c2b-8e7b-e85076804bf4: already has voted for c63223b5-be61-406f-9e1d-de013a7c88f2 at current term 2
2022-03-09 23:22:18,915 [grpc-default-executor-2] INFO  server.RaftServer$Division (RaftServerImpl.java:requestVote(1078)) - f5a405b8-a725-4e34-a81f-28a4d919f7ae@group-90C48195E2E9 replies to ELECTION vote request: 7635f643-f2cd-4c2b-8e7b-e85076804bf4<-f5a405b8-a725-4e34-a81f-28a4d919f7ae#0:FAIL-t2. Peer's state: f5a405b8-a725-4e34-a81f-28a4d919f7ae@group-90C48195E2E9:t2, leader=null, voted=c63223b5-be61-406f-9e1d-de013a7c88f2, raftlog=f5a405b8-a725-4e34-a81f-28a4d919f7ae@group-90C48195E2E9-SegmentedRaftLog:OPENED:c-1, conf=-1: [f5a405b8-a725-4e34-a81f-28a4d919f7ae|rpc:127.0.0.1:36687|dataStream:|priority:0, 7635f643-f2cd-4c2b-8e7b-e85076804bf4|rpc:127.0.0.1:35693|dataStream:|priority:0, c63223b5-be61-406f-9e1d-de013a7c88f2|rpc:127.0.0.1:36463|dataStream:|priority:1], old=null
2022-03-09 23:22:18,941 [c63223b5-be61-406f-9e1d-de013a7c88f2@group-90C48195E2E9-LeaderElection31] INFO  impl.LeaderElection (LeaderElection.java:logAndReturn(89)) - c63223b5-be61-406f-9e1d-de013a7c88f2@group-90C48195E2E9-LeaderElection31: ELECTION PASSED received 2 response(s) and 0 exception(s):
2022-03-09 23:22:18,958 [c63223b5-be61-406f-9e1d-de013a7c88f2@group-90C48195E2E9-LeaderElection31] INFO  impl.LeaderElection (LeaderElection.java:logAndReturn(93)) -   Response 0: c63223b5-be61-406f-9e1d-de013a7c88f2<-f5a405b8-a725-4e34-a81f-28a4d919f7ae#0:OK-t2
2022-03-09 23:22:18,958 [c63223b5-be61-406f-9e1d-de013a7c88f2@group-90C48195E2E9-LeaderElection31] INFO  impl.LeaderElection (LeaderElection.java:logAndReturn(93)) -   Response 1: c63223b5-be61-406f-9e1d-de013a7c88f2<-7635f643-f2cd-4c2b-8e7b-e85076804bf4#0:FAIL-t2
2022-03-09 23:22:18,958 [c63223b5-be61-406f-9e1d-de013a7c88f2@group-90C48195E2E9-LeaderElection31] INFO  impl.LeaderElection (LeaderElection.java:askForVotes(308)) - c63223b5-be61-406f-9e1d-de013a7c88f2@group-90C48195E2E9-LeaderElection31 ELECTION round 0: result PASSED
2022-03-09 23:22:18,958 [c63223b5-be61-406f-9e1d-de013a7c88f2@group-90C48195E2E9-LeaderElection31] INFO  impl.RoleInfo (RoleInfo.java:shutdownLeaderElection(121)) - c63223b5-be61-406f-9e1d-de013a7c88f2: shutdown c63223b5-be61-406f-9e1d-de013a7c88f2@group-90C48195E2E9-LeaderElection31
2022-03-09 23:22:18,958 [c63223b5-be61-406f-9e1d-de013a7c88f2@group-90C48195E2E9-LeaderElection31] INFO  server.RaftServer$Division (RaftServerImpl.java:setRole(290)) - c63223b5-be61-406f-9e1d-de013a7c88f2@group-90C48195E2E9: changes role from CANDIDATE to LEADER at term 2 for changeToLeader
2022-03-09 23:22:18,958 [c63223b5-be61-406f-9e1d-de013a7c88f2@group-90C48195E2E9-LeaderElection31] INFO  ratis.XceiverServerRatis (XceiverServerRatis.java:handleLeaderChangedNotification(867)) - Leader change notification received for group: group-90C48195E2E9 with new leaderId: c63223b5-be61-406f-9e1d-de013a7c88f2
2022-03-09 23:22:18,958 [c63223b5-be61-406f-9e1d-de013a7c88f2@group-90C48195E2E9-LeaderElection31] INFO  server.RaftServer$Division (ServerState.java:setLeader(285)) - c63223b5-be61-406f-9e1d-de013a7c88f2@group-90C48195E2E9: change Leader from null to c63223b5-be61-406f-9e1d-de013a7c88f2 at term 2 for becomeLeader, leader elected after 10385ms
2022-03-09 23:22:18,958 [c63223b5-be61-406f-9e1d-de013a7c88f2@group-90C48195E2E9-LeaderElection31] INFO  server.RaftServerConfigKeys (ConfUtils.java:logGet(44)) - raft.server.staging.catchup.gap = 1000 (default)
2022-03-09 23:22:18,959 [c63223b5-be61-406f-9e1d-de013a7c88f2@group-90C48195E2E9-LeaderElection31] INFO  server.RaftServerConfigKeys (ConfUtils.java:logGet(44)) - raft.server.write.element-limit = 1024 (custom)
2022-03-09 23:22:18,959 [c63223b5-be61-406f-9e1d-de013a7c88f2@group-90C48195E2E9-LeaderElection31] INFO  server.RaftServerConfigKeys (ConfUtils.java:logGet(44)) - raft.server.write.byte-limit = 1024 M (=1073741824) (custom)
2022-03-09 23:22:18,959 [c63223b5-be61-406f-9e1d-de013a7c88f2@group-90C48195E2E9-LeaderElection31] INFO  server.RaftServerConfigKeys (ConfUtils.java:logGet(44)) - raft.server.watch.timeout = 180s (custom)
2022-03-09 23:22:18,959 [c63223b5-be61-406f-9e1d-de013a7c88f2@group-90C48195E2E9-LeaderElection31] INFO  server.RaftServerConfigKeys (ConfUtils.java:logGet(44)) - raft.server.watch.timeout.denomination = 1s (default)
2022-03-09 23:22:18,959 [c63223b5-be61-406f-9e1d-de013a7c88f2@group-90C48195E2E9-LeaderElection31] INFO  server.RaftServerConfigKeys (ConfUtils.java:logGet(44)) - raft.server.watch.element-limit = 65536 (default)
2022-03-09 23:22:18,959 [c63223b5-be61-406f-9e1d-de013a7c88f2@group-90C48195E2E9-LeaderElection31] INFO  server.RaftServerConfigKeys (ConfUtils.java:logGet(44)) - raft.server.write.element-limit = 1024 (custom)
2022-03-09 23:22:18,959 [c63223b5-be61-406f-9e1d-de013a7c88f2@group-90C48195E2E9-LeaderElection31] INFO  server.RaftServerConfigKeys (ConfUtils.java:logGet(44)) - raft.server.write.follower.gap.ratio.max = -1.0 (default)
2022-03-09 23:22:18,959 [c63223b5-be61-406f-9e1d-de013a7c88f2@group-90C48195E2E9-LeaderElection31] INFO  server.RaftServerConfigKeys (ConfUtils.java:logGet(44)) - raft.server.log.appender.snapshot.chunk.size.max = 16MB (=16777216) (default)
2022-03-09 23:22:18,959 [c63223b5-be61-406f-9e1d-de013a7c88f2@group-90C48195E2E9-LeaderElection31] INFO  server.RaftServerConfigKeys (ConfUtils.java:logGet(44)) - raft.server.log.appender.buffer.byte-limit = 33554432 (custom)
2022-03-09 23:22:18,959 [c63223b5-be61-406f-9e1d-de013a7c88f2@group-90C48195E2E9-LeaderElection31] INFO  server.RaftServerConfigKeys (ConfUtils.java:logGet(44)) - raft.server.log.appender.buffer.element-limit = 1 (custom)
2022-03-09 23:22:18,959 [c63223b5-be61-406f-9e1d-de013a7c88f2@group-90C48195E2E9-LeaderElection31] INFO  grpc.GrpcConfigKeys (ConfUtils.java:logGet(44)) - raft.grpc.server.leader.outstanding.appends.max = 128 (default)
2022-03-09 23:22:18,959 [c63223b5-be61-406f-9e1d-de013a7c88f2@group-90C48195E2E9-LeaderElection31] INFO  server.RaftServerConfigKeys (ConfUtils.java:logGet(44)) - raft.server.rpc.request.timeout = 60s (custom)
2022-03-09 23:22:18,959 [c63223b5-be61-406f-9e1d-de013a7c88f2@group-90C48195E2E9-LeaderElection31] INFO  server.RaftServerConfigKeys (ConfUtils.java:logGet(44)) - raft.server.log.appender.install.snapshot.enabled = false (custom)
2022-03-09 23:22:18,968 [c63223b5-be61-406f-9e1d-de013a7c88f2@group-90C48195E2E9-LeaderElection31] INFO  server.RaftServerConfigKeys (ConfUtils.java:logGet(44)) - raft.server.log.appender.snapshot.chunk.size.max = 16MB (=16777216) (default)
2022-03-09 23:22:18,968 [c63223b5-be61-406f-9e1d-de013a7c88f2@group-90C48195E2E9-LeaderElection31] INFO  server.RaftServerConfigKeys (ConfUtils.java:logGet(44)) - raft.server.log.appender.buffer.byte-limit = 33554432 (custom)
2022-03-09 23:22:18,968 [c63223b5-be61-406f-9e1d-de013a7c88f2@group-90C48195E2E9-LeaderElection31] INFO  server.RaftServerConfigKeys (ConfUtils.java:logGet(44)) - raft.server.log.appender.buffer.element-limit = 1 (custom)
2022-03-09 23:22:18,969 [EventQueue-PipelineReportForPipelineReportHandler] INFO  pipeline.PipelineManagerImpl (PipelineManagerImpl.java:openPipeline(291)) - Pipeline Pipeline[ Id: d8be044a-68a3-49cd-bee2-90c48195e2e9, Nodes: 7635f643-f2cd-4c2b-8e7b-e85076804bf4{ip: 127.0.0.1, host: localhost, ports: [REPLICATION=46683, RATIS=35693, RATIS_ADMIN=35693, RATIS_SERVER=35693, STANDALONE=40979], networkLocation: /default-rack, certSerialId: null, persistedOpState: IN_SERVICE, persistedOpStateExpiryEpochSec: 0}c63223b5-be61-406f-9e1d-de013a7c88f2{ip: 127.0.0.1, host: localhost, ports: [REPLICATION=43043, RATIS=36463, RATIS_ADMIN=36463, RATIS_SERVER=36463, STANDALONE=46797], networkLocation: /default-rack, certSerialId: null, persistedOpState: IN_SERVICE, persistedOpStateExpiryEpochSec: 0}f5a405b8-a725-4e34-a81f-28a4d919f7ae{ip: 127.0.0.1, host: localhost, ports: [REPLICATION=43411, RATIS=36687, RATIS_ADMIN=36687, RATIS_SERVER=36687, STANDALONE=33607], networkLocation: /default-rack, certSerialId: null, persistedOpState: IN_SERVICE, persistedOpStateExpiryEpochSec: 0}, ReplicationConfig: RATIS/THREE, State:ALLOCATED, leaderId:c63223b5-be61-406f-9e1d-de013a7c88f2, CreationTimestamp2022-03-09T23:22:05.875Z[Etc/UTC]] moved to OPEN state
2022-03-09 23:22:18,978 [c63223b5-be61-406f-9e1d-de013a7c88f2@group-90C48195E2E9-LeaderElection31] INFO  grpc.GrpcConfigKeys (ConfUtils.java:logGet(44)) - raft.grpc.server.leader.outstanding.appends.max = 128 (default)
2022-03-09 23:22:18,978 [c63223b5-be61-406f-9e1d-de013a7c88f2@group-90C48195E2E9-LeaderElection31] INFO  server.RaftServerConfigKeys (ConfUtils.java:logGet(44)) - raft.server.rpc.request.timeout = 60s (custom)
2022-03-09 23:22:18,978 [c63223b5-be61-406f-9e1d-de013a7c88f2@group-90C48195E2E9-LeaderElection31] INFO  server.RaftServerConfigKeys (ConfUtils.java:logGet(44)) - raft.server.log.appender.install.snapshot.enabled = false (custom)
2022-03-09 23:22:18,979 [c63223b5-be61-406f-9e1d-de013a7c88f2@group-90C48195E2E9-LeaderElection31] INFO  impl.RoleInfo (RoleInfo.java:updateAndGet(130)) - c63223b5-be61-406f-9e1d-de013a7c88f2: start c63223b5-be61-406f-9e1d-de013a7c88f2@group-90C48195E2E9-LeaderStateImpl
2022-03-09 23:22:18,979 [c63223b5-be61-406f-9e1d-de013a7c88f2@group-90C48195E2E9-LeaderElection31] INFO  segmented.SegmentedRaftLogWorker (SegmentedRaftLogWorker.java:startLogSegment(394)) - c63223b5-be61-406f-9e1d-de013a7c88f2@group-90C48195E2E9-SegmentedRaftLogWorker: Starting segment from index:0
2022-03-09 23:22:18,980 [c63223b5-be61-406f-9e1d-de013a7c88f2@group-90C48195E2E9-SegmentedRaftLogWorker] INFO  segmented.SegmentedRaftLogWorker (SegmentedRaftLogWorker.java:execute(601)) - c63223b5-be61-406f-9e1d-de013a7c88f2@group-90C48195E2E9-SegmentedRaftLogWorker: created new log segment /home/runner/work/ozone/ozone/hadoop-ozone/integration-test/target/test-dir/MiniOzoneClusterImpl-4dc72195-aa51-421e-b53c-5a05ad500575/datanode-0/data/ratis/d8be044a-68a3-49cd-bee2-90c48195e2e9/current/log_inprogress_0
2022-03-09 23:22:18,994 [c63223b5-be61-406f-9e1d-de013a7c88f2@group-90C48195E2E9-LeaderElection31] INFO  server.RaftServer$Division (ServerState.java:setRaftConf(387)) - c63223b5-be61-406f-9e1d-de013a7c88f2@group-90C48195E2E9: set configuration 0: [f5a405b8-a725-4e34-a81f-28a4d919f7ae|rpc:127.0.0.1:36687|dataStream:|priority:0, 7635f643-f2cd-4c2b-8e7b-e85076804bf4|rpc:127.0.0.1:35693|dataStream:|priority:0, c63223b5-be61-406f-9e1d-de013a7c88f2|rpc:127.0.0.1:36463|dataStream:|priority:1], old=null
2022-03-09 23:22:19,008 [grpc-default-executor-5] INFO  ratis.XceiverServerRatis (XceiverServerRatis.java:handleLeaderChangedNotification(867)) - Leader change notification received for group: group-90C48195E2E9 with new leaderId: c63223b5-be61-406f-9e1d-de013a7c88f2
2022-03-09 23:22:19,008 [grpc-default-executor-5] INFO  server.RaftServer$Division (ServerState.java:setLeader(285)) - 7635f643-f2cd-4c2b-8e7b-e85076804bf4@group-90C48195E2E9: change Leader from null to c63223b5-be61-406f-9e1d-de013a7c88f2 at term 2 for appendEntries, leader elected after 10466ms
2022-03-09 23:22:19,012 [grpc-default-executor-4] INFO  ratis.XceiverServerRatis (XceiverServerRatis.java:handleLeaderChangedNotification(867)) - Leader change notification received for group: group-90C48195E2E9 with new leaderId: c63223b5-be61-406f-9e1d-de013a7c88f2
2022-03-09 23:22:19,013 [grpc-default-executor-4] INFO  server.RaftServer$Division (ServerState.java:setLeader(285)) - f5a405b8-a725-4e34-a81f-28a4d919f7ae@group-90C48195E2E9: change Leader from null to c63223b5-be61-406f-9e1d-de013a7c88f2 at term 2 for appendEntries, leader elected after 10276ms
2022-03-09 23:22:19,013 [grpc-default-executor-2] INFO  server.RaftServer$Division (ServerState.java:setRaftConf(387)) - 7635f643-f2cd-4c2b-8e7b-e85076804bf4@group-90C48195E2E9: set configuration 0: [f5a405b8-a725-4e34-a81f-28a4d919f7ae|rpc:127.0.0.1:36687|dataStream:|priority:0, 7635f643-f2cd-4c2b-8e7b-e85076804bf4|rpc:127.0.0.1:35693|dataStream:|priority:0, c63223b5-be61-406f-9e1d-de013a7c88f2|rpc:127.0.0.1:36463|dataStream:|priority:1], old=null
2022-03-09 23:22:19,013 [grpc-default-executor-2] INFO  segmented.SegmentedRaftLogWorker (SegmentedRaftLogWorker.java:startLogSegment(394)) - 7635f643-f2cd-4c2b-8e7b-e85076804bf4@group-90C48195E2E9-SegmentedRaftLogWorker: Starting segment from index:0
2022-03-09 23:22:19,025 [7635f643-f2cd-4c2b-8e7b-e85076804bf4@group-90C48195E2E9-SegmentedRaftLogWorker] INFO  segmented.SegmentedRaftLogWorker (SegmentedRaftLogWorker.java:execute(601)) - 7635f643-f2cd-4c2b-8e7b-e85076804bf4@group-90C48195E2E9-SegmentedRaftLogWorker: created new log segment /home/runner/work/ozone/ozone/hadoop-ozone/integration-test/target/test-dir/MiniOzoneClusterImpl-4dc72195-aa51-421e-b53c-5a05ad500575/datanode-1/data/ratis/d8be044a-68a3-49cd-bee2-90c48195e2e9/current/log_inprogress_0
2022-03-09 23:22:19,026 [grpc-default-executor-4] INFO  server.RaftServer$Division (ServerState.java:setRaftConf(387)) - f5a405b8-a725-4e34-a81f-28a4d919f7ae@group-90C48195E2E9: set configuration 0: [f5a405b8-a725-4e34-a81f-28a4d919f7ae|rpc:127.0.0.1:36687|dataStream:|priority:0, 7635f643-f2cd-4c2b-8e7b-e85076804bf4|rpc:127.0.0.1:35693|dataStream:|priority:0, c63223b5-be61-406f-9e1d-de013a7c88f2|rpc:127.0.0.1:36463|dataStream:|priority:1], old=null
2022-03-09 23:22:19,026 [grpc-default-executor-4] INFO  segmented.SegmentedRaftLogWorker (SegmentedRaftLogWorker.java:startLogSegment(394)) - f5a405b8-a725-4e34-a81f-28a4d919f7ae@group-90C48195E2E9-SegmentedRaftLogWorker: Starting segment from index:0
2022-03-09 23:22:19,041 [f5a405b8-a725-4e34-a81f-28a4d919f7ae@group-90C48195E2E9-SegmentedRaftLogWorker] INFO  segmented.SegmentedRaftLogWorker (SegmentedRaftLogWorker.java:execute(601)) - f5a405b8-a725-4e34-a81f-28a4d919f7ae@group-90C48195E2E9-SegmentedRaftLogWorker: created new log segment /home/runner/work/ozone/ozone/hadoop-ozone/integration-test/target/test-dir/MiniOzoneClusterImpl-4dc72195-aa51-421e-b53c-5a05ad500575/datanode-2/data/ratis/d8be044a-68a3-49cd-bee2-90c48195e2e9/current/log_inprogress_0
2022-03-09 23:22:19,154 [Listener at 127.0.0.1/34785] INFO  ha.OMHANodeDetails (OMHANodeDetails.java:loadOMHAConfig(118)) - ServiceID for OzoneManager is om-add-remove
2022-03-09 23:22:19,154 [Listener at 127.0.0.1/34785] INFO  ha.OMHANodeDetails (OMHANodeDetails.java:loadOMHAConfig(193)) - Found matching OM address with OMServiceId: om-add-remove, OMNodeId: omNode-bootstrap-1, RPC Address: localhost:35231 and Ratis port: 39279
2022-03-09 23:22:19,154 [Listener at 127.0.0.1/34785] INFO  ha.OMHANodeDetails (ConfUtils.java:setNodeSpecificConfigs(108)) - Setting configuration key ozone.om.http-address with value of key ozone.om.http-address.om-add-remove.omNode-bootstrap-1: 127.0.0.1:42583
2022-03-09 23:22:19,154 [Listener at 127.0.0.1/34785] INFO  ha.OMHANodeDetails (ConfUtils.java:setNodeSpecificConfigs(108)) - Setting configuration key ozone.om.https-address with value of key ozone.om.https-address.om-add-remove.omNode-bootstrap-1: 127.0.0.1:36051
2022-03-09 23:22:19,154 [Listener at 127.0.0.1/34785] INFO  ha.OMHANodeDetails (ConfUtils.java:setNodeSpecificConfigs(108)) - Setting configuration key ozone.om.address with value of key ozone.om.address.om-add-remove.omNode-bootstrap-1: 127.0.0.1:35231
2022-03-09 23:22:19,154 [Listener at 127.0.0.1/34785] WARN  server.ServerUtils (ServerUtils.java:getDBPath(225)) - ozone.om.db.dirs is not configured. We recommend adding this setting. Falling back to ozone.metadata.dirs instead.
2022-03-09 23:22:19,155 [Listener at 127.0.0.1/34785] INFO  ha.SCMNodeInfo (SCMNodeInfo.java:getPort(197)) - ConfigKey ozone.scm.client.address is deprecated, For configuring different ports for each SCM use PortConfigKey ozone.scm.client.port appended with serviceId and nodeId
2022-03-09 23:22:19,155 [Listener at 127.0.0.1/34785] INFO  ha.SCMNodeInfo (SCMNodeInfo.java:getPort(197)) - ConfigKey ozone.scm.block.client.address is deprecated, For configuring different ports for each SCM use PortConfigKey ozone.scm.block.client.port appended with serviceId and nodeId
2022-03-09 23:22:19,155 [Listener at 127.0.0.1/34785] INFO  ha.SCMNodeInfo (SCMNodeInfo.java:getPort(197)) - ConfigKey ozone.scm.datanode.address is deprecated, For configuring different ports for each SCM use PortConfigKey ozone.scm.datanode.port appended with serviceId and nodeId
OM initialization succeeded.Current cluster id for sd=/home/runner/work/ozone/ozone/hadoop-ozone/integration-test/target/test-dir/MiniOzoneClusterImpl-4dc72195-aa51-421e-b53c-5a05ad500575/omNode-bootstrap-1/om;cid=4dc72195-aa51-421e-b53c-5a05ad500575;layoutVersion=0
2022-03-09 23:22:19,182 [Listener at 127.0.0.1/34785] INFO  ha.OMHANodeDetails (OMHANodeDetails.java:loadOMHAConfig(118)) - ServiceID for OzoneManager is om-add-remove
2022-03-09 23:22:19,183 [Listener at 127.0.0.1/34785] INFO  ha.OMHANodeDetails (OMHANodeDetails.java:loadOMHAConfig(193)) - Found matching OM address with OMServiceId: om-add-remove, OMNodeId: omNode-bootstrap-1, RPC Address: localhost:35231 and Ratis port: 39279
2022-03-09 23:22:19,183 [Listener at 127.0.0.1/34785] INFO  ha.OMHANodeDetails (ConfUtils.java:setNodeSpecificConfigs(108)) - Setting configuration key ozone.om.http-address with value of key ozone.om.http-address.om-add-remove.omNode-bootstrap-1: 127.0.0.1:42583
2022-03-09 23:22:19,183 [Listener at 127.0.0.1/34785] INFO  ha.OMHANodeDetails (ConfUtils.java:setNodeSpecificConfigs(108)) - Setting configuration key ozone.om.https-address with value of key ozone.om.https-address.om-add-remove.omNode-bootstrap-1: 127.0.0.1:36051
2022-03-09 23:22:19,183 [Listener at 127.0.0.1/34785] INFO  ha.OMHANodeDetails (ConfUtils.java:setNodeSpecificConfigs(108)) - Setting configuration key ozone.om.address with value of key ozone.om.address.om-add-remove.omNode-bootstrap-1: 127.0.0.1:35231
2022-03-09 23:22:19,183 [Listener at 127.0.0.1/34785] WARN  server.ServerUtils (ServerUtils.java:getDBPath(225)) - ozone.om.db.dirs is not configured. We recommend adding this setting. Falling back to ozone.metadata.dirs instead.
2022-03-09 23:22:19,183 [Listener at 127.0.0.1/34785] INFO  upgrade.AbstractLayoutVersionManager (AbstractLayoutVersionManager.java:init(79)) - Initializing Layout version manager with metadata layout = INITIAL_VERSION (version = 0), software layout = INITIAL_VERSION (version = 0)
2022-03-09 23:22:19,278 [Listener at 127.0.0.1/34785] INFO  reflections.Reflections (Reflections.java:scan(232)) - Reflections took 94 ms to scan 2 urls, producing 134 keys and 349 values [using 2 cores]
2022-03-09 23:22:19,279 [Listener at 127.0.0.1/34785] INFO  upgrade.OMLayoutVersionManager (OMLayoutVersionManager.java:lambda$0(115)) - Skipping Upgrade Action MockOmUpgradeAction since it has been finalized.
2022-03-09 23:22:19,279 [Listener at 127.0.0.1/34785] WARN  server.ServerUtils (ServerUtils.java:getDBPath(225)) - ozone.om.db.dirs is not configured. We recommend adding this setting. Falling back to ozone.metadata.dirs instead.
2022-03-09 23:22:19,279 [Listener at 127.0.0.1/34785] INFO  ha.SCMNodeInfo (SCMNodeInfo.java:getPort(197)) - ConfigKey ozone.scm.client.address is deprecated, For configuring different ports for each SCM use PortConfigKey ozone.scm.client.port appended with serviceId and nodeId
2022-03-09 23:22:19,279 [Listener at 127.0.0.1/34785] INFO  ha.SCMNodeInfo (SCMNodeInfo.java:getPort(197)) - ConfigKey ozone.scm.block.client.address is deprecated, For configuring different ports for each SCM use PortConfigKey ozone.scm.block.client.port appended with serviceId and nodeId
2022-03-09 23:22:19,279 [Listener at 127.0.0.1/34785] INFO  ha.SCMNodeInfo (SCMNodeInfo.java:getPort(197)) - ConfigKey ozone.scm.datanode.address is deprecated, For configuring different ports for each SCM use PortConfigKey ozone.scm.datanode.port appended with serviceId and nodeId
2022-03-09 23:22:19,279 [Listener at 127.0.0.1/34785] INFO  ha.SCMNodeInfo (SCMNodeInfo.java:getPort(197)) - ConfigKey ozone.scm.client.address is deprecated, For configuring different ports for each SCM use PortConfigKey ozone.scm.client.port appended with serviceId and nodeId
2022-03-09 23:22:19,280 [Listener at 127.0.0.1/34785] INFO  ha.SCMNodeInfo (SCMNodeInfo.java:getPort(197)) - ConfigKey ozone.scm.block.client.address is deprecated, For configuring different ports for each SCM use PortConfigKey ozone.scm.block.client.port appended with serviceId and nodeId
2022-03-09 23:22:19,280 [Listener at 127.0.0.1/34785] INFO  ha.SCMNodeInfo (SCMNodeInfo.java:getPort(197)) - ConfigKey ozone.scm.datanode.address is deprecated, For configuring different ports for each SCM use PortConfigKey ozone.scm.datanode.port appended with serviceId and nodeId
2022-03-09 23:22:19,280 [Listener at 127.0.0.1/34785] INFO  ha.SCMNodeInfo (SCMNodeInfo.java:getPort(197)) - ConfigKey ozone.scm.client.address is deprecated, For configuring different ports for each SCM use PortConfigKey ozone.scm.client.port appended with serviceId and nodeId
2022-03-09 23:22:19,280 [Listener at 127.0.0.1/34785] INFO  ha.SCMNodeInfo (SCMNodeInfo.java:getPort(197)) - ConfigKey ozone.scm.block.client.address is deprecated, For configuring different ports for each SCM use PortConfigKey ozone.scm.block.client.port appended with serviceId and nodeId
2022-03-09 23:22:19,281 [Listener at 127.0.0.1/34785] INFO  ha.SCMNodeInfo (SCMNodeInfo.java:getPort(197)) - ConfigKey ozone.scm.datanode.address is deprecated, For configuring different ports for each SCM use PortConfigKey ozone.scm.datanode.port appended with serviceId and nodeId
2022-03-09 23:22:19,313 [Listener at 127.0.0.1/34785] WARN  server.ServerUtils (ServerUtils.java:getDBPath(225)) - ozone.om.db.dirs is not configured. We recommend adding this setting. Falling back to ozone.metadata.dirs instead.
2022-03-09 23:22:19,313 [Listener at 127.0.0.1/34785] INFO  codec.OmKeyInfoCodec (OmKeyInfoCodec.java:<init>(50)) - OmKeyInfoCodec ignorePipeline = true
2022-03-09 23:22:19,313 [Listener at 127.0.0.1/34785] INFO  codec.RepeatedOmKeyInfoCodec (RepeatedOmKeyInfoCodec.java:<init>(42)) - RepeatedOmKeyInfoCodec ignorePipeline = true
2022-03-09 23:22:19,496 [Listener at 127.0.0.1/34785] INFO  om.OzoneManager (OzoneManager.java:addS3GVolumeToDB(3733)) - Created Volume s3v With Owner runner required for S3Gateway operations.
2022-03-09 23:22:19,496 [Listener at 127.0.0.1/34785] WARN  server.ServerUtils (ServerUtils.java:getDefaultRatisDirectory(237)) - Storage directory for Ratis is not configured. It is a good idea to map this to an SSD disk. Falling back to ozone.metadata.dirs
2022-03-09 23:22:19,497 [Listener at 127.0.0.1/34785] WARN  utils.OzoneManagerRatisUtils (OzoneManagerRatisUtils.java:getOMRatisSnapshotDirectory(330)) - ozone.om.ratis.snapshot.dir is not configured. Falling back to ozone.metadata.dirs config
2022-03-09 23:22:19,497 [Listener at 127.0.0.1/34785] INFO  snapshot.OzoneManagerSnapshotProvider (OzoneManagerSnapshotProvider.java:<init>(76)) - Initializing OM Snapshot Provider
2022-03-09 23:22:19,522 [Listener at 127.0.0.1/34785] WARN  impl.MetricRegistriesImpl (MetricRegistriesImpl.java:addReporterRegistration(111)) - New reporters are added after registries were created. Some metrics will be missing from the reporter. Please add reporter before adding any new registry.
2022-03-09 23:22:19,522 [Listener at 127.0.0.1/34785] WARN  impl.MetricRegistriesImpl (MetricRegistriesImpl.java:addReporterRegistration(111)) - New reporters are added after registries were created. Some metrics will be missing from the reporter. Please add reporter before adding any new registry.
2022-03-09 23:22:19,522 [Listener at 127.0.0.1/34785] WARN  server.ServerUtils (ServerUtils.java:getDefaultRatisDirectory(237)) - Storage directory for Ratis is not configured. It is a good idea to map this to an SSD disk. Falling back to ozone.metadata.dirs
2022-03-09 23:22:19,523 [Listener at 127.0.0.1/34785] INFO  ratis.OzoneManagerRatisServer (OzoneManagerRatisServer.java:<init>(152)) - OM started in Bootstrap mode. Instantiating OM Ratis server with groupID: om-add-remove
2022-03-09 23:22:19,523 [Listener at 127.0.0.1/34785] INFO  ratis.OzoneManagerStateMachine (OzoneManagerStateMachine.java:loadSnapshotInfoFromDB(605)) - LastAppliedIndex is set from TransactionInfo from OM DB as (t:0, i:~)
2022-03-09 23:22:19,523 [Listener at 127.0.0.1/34785] INFO  server.RaftServer (ConfUtils.java:logGet(44)) - raft.rpc.type = GRPC (default)
2022-03-09 23:22:19,523 [Listener at 127.0.0.1/34785] INFO  grpc.GrpcFactory (GrpcFactory.java:checkPooledByteBufAllocatorUseCacheForAllThreads(48)) - PERFORMANCE WARNING: useCacheForAllThreads is true that may cause Netty to create a lot garbage objects and, as a result, trigger GC.
	It is recommended to disable useCacheForAllThreads by setting -Dorg.apache.ratis.thirdparty.io.netty.allocator.useCacheForAllThreads=false in command line.
2022-03-09 23:22:19,523 [Listener at 127.0.0.1/34785] INFO  grpc.GrpcConfigKeys (ConfUtils.java:logGet(44)) - raft.grpc.admin.port = -1 (default)
2022-03-09 23:22:19,523 [Listener at 127.0.0.1/34785] INFO  grpc.GrpcConfigKeys (ConfUtils.java:logGet(44)) - raft.grpc.server.port = 39279 (custom)
2022-03-09 23:22:19,524 [Listener at 127.0.0.1/34785] INFO  grpc.GrpcConfigKeys (ConfUtils.java:logGet(44)) - raft.grpc.client.port = -1 (default)
2022-03-09 23:22:19,524 [Listener at 127.0.0.1/34785] INFO  grpc.GrpcConfigKeys (ConfUtils.java:logGet(44)) - raft.grpc.server.port = 39279 (custom)
2022-03-09 23:22:19,524 [Listener at 127.0.0.1/34785] INFO  grpc.GrpcConfigKeys (ConfUtils.java:logGet(44)) - raft.grpc.server.port = 39279 (custom)
2022-03-09 23:22:19,524 [Listener at 127.0.0.1/34785] INFO  server.GrpcService (ConfUtils.java:logGet(44)) - raft.grpc.message.size.max = 33554432 (custom)
2022-03-09 23:22:19,524 [Listener at 127.0.0.1/34785] INFO  server.RaftServerConfigKeys (ConfUtils.java:logGet(44)) - raft.server.log.appender.buffer.byte-limit = 33554432 (custom)
2022-03-09 23:22:19,524 [Listener at 127.0.0.1/34785] INFO  server.GrpcService (ConfUtils.java:logGet(44)) - raft.grpc.flow.control.window = 1MB (=1048576) (default)
2022-03-09 23:22:19,524 [Listener at 127.0.0.1/34785] INFO  server.RaftServerConfigKeys (ConfUtils.java:logGet(44)) - raft.server.rpc.request.timeout = 3000ms (default)
2022-03-09 23:22:19,525 [Listener at 127.0.0.1/34785] INFO  impl.DataStreamServerImpl (ConfUtils.java:logGet(44)) - raft.datastream.type = DISABLED (default)
2022-03-09 23:22:19,525 [Listener at 127.0.0.1/34785] INFO  server.RaftServerConfigKeys (ConfUtils.java:logGet(44)) - raft.server.rpc.slowness.timeout = 2s (custom)
2022-03-09 23:22:19,525 [Listener at 127.0.0.1/34785] INFO  server.RaftServerConfigKeys (ConfUtils.java:logGet(44)) - raft.server.leaderelection.leader.step-down.wait-time = 10s (default)
2022-03-09 23:22:19,525 [Listener at 127.0.0.1/34785] INFO  server.RaftServerConfigKeys (ConfUtils.java:logGet(44)) - raft.server.storage.dir = [/home/runner/work/ozone/ozone/hadoop-ozone/integration-test/target/test-dir/MiniOzoneClusterImpl-4dc72195-aa51-421e-b53c-5a05ad500575/omNode-bootstrap-1/ratis] (custom)
2022-03-09 23:22:19,526 [Listener at 127.0.0.1/34785] INFO  server.RaftServer (RaftServerProxy.java:addNew(95)) - omNode-bootstrap-1: addNew group-0AAC5367B30E:[] returns group-0AAC5367B30E:java.util.concurrent.CompletableFuture@7cc8d328[Not completed]
2022-03-09 23:22:19,526 [Listener at 127.0.0.1/34785] INFO  om.OzoneManager (OzoneManager.java:initializeRatisServer(1834)) - OzoneManager Ratis server initialized at port 39279
2022-03-09 23:22:19,527 [Listener at 127.0.0.1/34785] INFO  ipc.CallQueueManager (CallQueueManager.java:<init>(90)) - Using callQueue: class java.util.concurrent.LinkedBlockingQueue, queueCapacity: 2000, scheduler: class org.apache.hadoop.ipc.DefaultRpcScheduler, ipcBackoff: false.
2022-03-09 23:22:19,531 [pool-383-thread-1] INFO  server.RaftServer$Division (RaftServerImpl.java:<init>(184)) - omNode-bootstrap-1: new RaftServerImpl for group-0AAC5367B30E:[] with OzoneManagerStateMachine:uninitialized
2022-03-09 23:22:19,531 [Socket Reader #1 for port 35231] INFO  ipc.Server (Server.java:run(1265)) - Starting Socket Reader #1 for port 35231
2022-03-09 23:22:19,546 [pool-383-thread-1] INFO  server.RaftServerConfigKeys (ConfUtils.java:logGet(44)) - raft.server.rpc.timeout.min = 1s (custom)
2022-03-09 23:22:19,546 [pool-383-thread-1] INFO  server.RaftServerConfigKeys (ConfUtils.java:logGet(44)) - raft.server.rpc.timeout.max = 1200ms (custom)
2022-03-09 23:22:19,546 [pool-383-thread-1] INFO  server.RaftServerConfigKeys (ConfUtils.java:logGet(44)) - raft.server.rpc.sleep.time = 25ms (default)
2022-03-09 23:22:19,546 [pool-383-thread-1] INFO  server.RaftServerConfigKeys (ConfUtils.java:logGet(44)) - raft.server.rpc.slowness.timeout = 2s (custom)
2022-03-09 23:22:19,547 [pool-383-thread-1] INFO  server.RaftServerConfigKeys (ConfUtils.java:logGet(44)) - raft.server.leaderelection.leader.step-down.wait-time = 10s (default)
2022-03-09 23:22:19,547 [pool-383-thread-1] INFO  server.RaftServerConfigKeys (ConfUtils.java:logGet(44)) - raft.server.sleep.deviation.threshold = 300ms (default)
2022-03-09 23:22:19,547 [pool-383-thread-1] INFO  server.RaftServerConfigKeys (ConfUtils.java:logGet(44)) - raft.server.log.appender.install.snapshot.enabled = false (custom)
2022-03-09 23:22:19,547 [pool-383-thread-1] INFO  server.RaftServer$Division (ServerState.java:<init>(105)) - omNode-bootstrap-1@group-0AAC5367B30E: ConfigurationManager, init=-1: [], old=null, confs=<EMPTY_MAP>
2022-03-09 23:22:19,547 [pool-383-thread-1] INFO  server.RaftServerConfigKeys (ConfUtils.java:logGet(44)) - raft.server.storage.dir = [/home/runner/work/ozone/ozone/hadoop-ozone/integration-test/target/test-dir/MiniOzoneClusterImpl-4dc72195-aa51-421e-b53c-5a05ad500575/omNode-bootstrap-1/ratis] (custom)
2022-03-09 23:22:19,547 [pool-383-thread-1] INFO  server.RaftServerConfigKeys (ConfUtils.java:logGet(44)) - raft.server.log.corruption.policy = EXCEPTION (default)
2022-03-09 23:22:19,547 [pool-383-thread-1] INFO  server.RaftServerConfigKeys (ConfUtils.java:logGet(44)) - raft.server.storage.free-space.min = 0MB (=0) (default)
2022-03-09 23:22:19,547 [pool-383-thread-1] INFO  storage.RaftStorageDirectory (RaftStorageDirectoryImpl.java:analyzeStorage(135)) - The storage directory /home/runner/work/ozone/ozone/hadoop-ozone/integration-test/target/test-dir/MiniOzoneClusterImpl-4dc72195-aa51-421e-b53c-5a05ad500575/omNode-bootstrap-1/ratis/0718e334-ffa1-36bc-8e9a-0aac5367b30e does not exist. Creating ...
2022-03-09 23:22:19,548 [pool-383-thread-1] INFO  storage.RaftStorageDirectory (RaftStorageDirectoryImpl.java:tryLock(230)) - Lock on /home/runner/work/ozone/ozone/hadoop-ozone/integration-test/target/test-dir/MiniOzoneClusterImpl-4dc72195-aa51-421e-b53c-5a05ad500575/omNode-bootstrap-1/ratis/0718e334-ffa1-36bc-8e9a-0aac5367b30e/in_use.lock acquired by nodename 18126@fv-az184-819
2022-03-09 23:22:19,549 [pool-383-thread-1] INFO  storage.RaftStorage (RaftStorageImpl.java:format(89)) - Storage directory /home/runner/work/ozone/ozone/hadoop-ozone/integration-test/target/test-dir/MiniOzoneClusterImpl-4dc72195-aa51-421e-b53c-5a05ad500575/omNode-bootstrap-1/ratis/0718e334-ffa1-36bc-8e9a-0aac5367b30e has been successfully formatted.
2022-03-09 23:22:19,549 [pool-383-thread-1] INFO  server.RaftServerConfigKeys (ConfUtils.java:logGet(44)) - raft.server.notification.no-leader.timeout = 2s (custom)
2022-03-09 23:22:19,549 [pool-383-thread-1] INFO  server.RaftServerConfigKeys (ConfUtils.java:logGet(44)) - raft.server.log.use.memory = false (default)
2022-03-09 23:22:19,550 [pool-383-thread-1] INFO  server.RaftServerConfigKeys (ConfUtils.java:logGet(44)) - raft.server.log.purge.gap = 1000000 (custom)
2022-03-09 23:22:19,550 [pool-383-thread-1] INFO  server.RaftServerConfigKeys (ConfUtils.java:logGet(44)) - raft.server.log.appender.buffer.byte-limit = 33554432 (custom)
2022-03-09 23:22:19,550 [pool-383-thread-1] INFO  server.RaftServerConfigKeys (ConfUtils.java:logGet(44)) - raft.server.log.segment.size.max = 4194304 (custom)
2022-03-09 23:22:19,550 [pool-383-thread-1] INFO  server.RaftServerConfigKeys (ConfUtils.java:logGet(44)) - raft.server.log.segment.cache.num.max = 2 (custom)
2022-03-09 23:22:19,550 [pool-383-thread-1] INFO  server.RaftServerConfigKeys (ConfUtils.java:logGet(44)) - raft.server.log.segment.cache.size.max = 200MB (=209715200) (default)
2022-03-09 23:22:19,550 [pool-383-thread-1] INFO  segmented.SegmentedRaftLogWorker (SegmentedRaftLogWorker.java:<init>(182)) - new omNode-bootstrap-1@group-0AAC5367B30E-SegmentedRaftLogWorker for RaftStorageImpl:Storage Directory /home/runner/work/ozone/ozone/hadoop-ozone/integration-test/target/test-dir/MiniOzoneClusterImpl-4dc72195-aa51-421e-b53c-5a05ad500575/omNode-bootstrap-1/ratis/0718e334-ffa1-36bc-8e9a-0aac5367b30e
2022-03-09 23:22:19,550 [pool-383-thread-1] INFO  server.RaftServerConfigKeys (ConfUtils.java:logGet(44)) - raft.server.log.queue.byte-limit = 64MB (=67108864) (default)
2022-03-09 23:22:19,550 [pool-383-thread-1] INFO  server.RaftServerConfigKeys (ConfUtils.java:logGet(44)) - raft.server.log.queue.element-limit = 4096 (default)
2022-03-09 23:22:19,550 [pool-383-thread-1] INFO  server.RaftServerConfigKeys (ConfUtils.java:logGet(44)) - raft.server.log.segment.size.max = 4194304 (custom)
2022-03-09 23:22:19,550 [pool-383-thread-1] INFO  server.RaftServerConfigKeys (ConfUtils.java:logGet(44)) - raft.server.log.preallocated.size = 4194304 (custom)
2022-03-09 23:22:19,550 [pool-383-thread-1] INFO  server.RaftServerConfigKeys (ConfUtils.java:logGet(44)) - raft.server.log.force.sync.num = 128 (default)
2022-03-09 23:22:19,550 [pool-383-thread-1] INFO  server.RaftServerConfigKeys (ConfUtils.java:logGet(44)) - raft.server.log.statemachine.data.sync = true (default)
2022-03-09 23:22:19,550 [pool-383-thread-1] INFO  server.RaftServerConfigKeys (ConfUtils.java:logGet(44)) - raft.server.log.statemachine.data.sync.timeout = 10s (default)
2022-03-09 23:22:19,550 [pool-383-thread-1] INFO  server.RaftServerConfigKeys (ConfUtils.java:logGet(44)) - raft.server.log.statemachine.data.sync.timeout.retry = -1 (default)
2022-03-09 23:22:19,550 [pool-383-thread-1] INFO  server.RaftServerConfigKeys (ConfUtils.java:logGet(44)) - raft.server.log.write.buffer.size = 64KB (=65536) (default)
2022-03-09 23:22:19,550 [pool-383-thread-1] INFO  server.RaftServerConfigKeys (ConfUtils.java:logGet(44)) - raft.server.log.statemachine.data.caching.enabled = false (default)
2022-03-09 23:22:19,550 [pool-383-thread-1] INFO  segmented.SegmentedRaftLogWorker (SegmentedRaftLogWorker.java:lambda$new$0(133)) - omNode-bootstrap-1@group-0AAC5367B30E-SegmentedRaftLogWorker: flushIndex: setUnconditionally 0 -> -1
2022-03-09 23:22:19,550 [pool-383-thread-1] INFO  segmented.SegmentedRaftLogWorker (SegmentedRaftLogWorker.java:lambda$new$0(133)) - omNode-bootstrap-1@group-0AAC5367B30E-SegmentedRaftLogWorker: safeCacheEvictIndex: setUnconditionally 0 -> -1
2022-03-09 23:22:19,565 [pool-383-thread-1] INFO  server.RaftServerConfigKeys (ConfUtils.java:logGet(44)) - raft.server.snapshot.auto.trigger.enabled = true (custom)
2022-03-09 23:22:19,565 [pool-383-thread-1] INFO  server.RaftServerConfigKeys (ConfUtils.java:logGet(44)) - raft.server.snapshot.auto.trigger.threshold = 400000 (default)
2022-03-09 23:22:19,565 [pool-383-thread-1] INFO  server.RaftServerConfigKeys (ConfUtils.java:logGet(44)) - raft.server.snapshot.retention.file.num = -1 (default)
2022-03-09 23:22:19,565 [pool-383-thread-1] INFO  server.RaftServerConfigKeys (ConfUtils.java:logGet(44)) - raft.server.log.purge.upto.snapshot.index = true (custom)
2022-03-09 23:22:19,565 [pool-383-thread-1] INFO  server.RaftServerConfigKeys (ConfUtils.java:logGet(44)) - raft.server.retrycache.expirytime = 300s (custom)
2022-03-09 23:22:19,565 [pool-383-thread-1] INFO  server.RaftServerConfigKeys (ConfUtils.java:logGet(44)) - raft.server.retrycache.statistics.expirytime = 100μs (default)
2022-03-09 23:22:19,569 [EndpointStateMachine task thread for /127.0.0.1:43683 - 0 ] INFO  ipc.Client (Client.java:handleConnectionFailure(977)) - Retrying connect to server: localhost/127.0.0.1:43683. Already tried 6 time(s); retry policy is RetryUpToMaximumCountWithFixedSleep(maxRetries=15, sleepTime=1000 MILLISECONDS)
2022-03-09 23:22:19,589 [Listener at 127.0.0.1/35231] ERROR om.OzoneManager (OzoneManager.java:checkConfigBeforeBootstrap(1522)) - Remote OM config check failed on OM omNode-1
java.io.IOException: Remote OM omNode-1 does not have the bootstrapping OM(omNode-bootstrap-1) information on reloading configs or it could not resolve the address.
	at org.apache.hadoop.ozone.om.OzoneManager.checkRemoteOMConfig(OzoneManager.java:1554)
	at org.apache.hadoop.ozone.om.OzoneManager.checkConfigBeforeBootstrap(OzoneManager.java:1520)
	at org.apache.hadoop.ozone.om.OzoneManager.start(OzoneManager.java:1355)
	at org.apache.hadoop.ozone.MiniOzoneHAClusterImpl$MiniOzoneHAService.startInactiveService(MiniOzoneHAClusterImpl.java:1026)
	at org.apache.hadoop.ozone.MiniOzoneHAClusterImpl.startInactiveOM(MiniOzoneHAClusterImpl.java:212)
	at org.apache.hadoop.ozone.MiniOzoneHAClusterImpl.bootstrapNewOM(MiniOzoneHAClusterImpl.java:864)
	at org.apache.hadoop.ozone.MiniOzoneHAClusterImpl.bootstrapOzoneManager(MiniOzoneHAClusterImpl.java:774)
	at org.apache.hadoop.ozone.om.TestAddRemoveOzoneManager.testBootstrapWithoutConfigUpdate(TestAddRemoveOzoneManager.java:237)
	at sun.reflect.NativeMethodAccessorImpl.invoke0(Native Method)
	at sun.reflect.NativeMethodAccessorImpl.invoke(NativeMethodAccessorImpl.java:62)
	at sun.reflect.DelegatingMethodAccessorImpl.invoke(DelegatingMethodAccessorImpl.java:43)
	at java.lang.reflect.Method.invoke(Method.java:498)
	at org.junit.runners.model.FrameworkMethod$1.runReflectiveCall(FrameworkMethod.java:59)
	at org.junit.internal.runners.model.ReflectiveCallable.run(ReflectiveCallable.java:12)
	at org.junit.runners.model.FrameworkMethod.invokeExplosively(FrameworkMethod.java:56)
	at org.junit.internal.runners.statements.InvokeMethod.evaluate(InvokeMethod.java:17)
	at org.junit.internal.runners.statements.RunAfters.evaluate(RunAfters.java:27)
	at org.junit.rules.ExpectedException$ExpectedExceptionStatement.evaluate(ExpectedException.java:258)
	at org.junit.internal.runners.statements.FailOnTimeout$CallableStatement.call(FailOnTimeout.java:288)
	at org.junit.internal.runners.statements.FailOnTimeout$CallableStatement.call(FailOnTimeout.java:282)
	at java.util.concurrent.FutureTask.run(FutureTask.java:266)
	at java.lang.Thread.run(Thread.java:750)
2022-03-09 23:22:19,589 [Listener at 127.0.0.1/35231] ERROR ozone.MiniOzoneHAClusterImpl (MiniOzoneHAClusterImpl.java:exitSystem(1084)) - omNode-bootstrap-1 - System Exit: OM [omNode-1[localhost:34785]] do not have or have incorrect information of the bootstrapping OM. Update their ozone-site.xml before proceeding.
2022-03-09 23:22:19,589 [Listener at 127.0.0.1/35231] INFO  om.OzoneManager (OzoneManager.java:stop(1893)) - omNode-bootstrap-1[localhost:35231]: Stopping Ozone Manager
2022-03-09 23:22:19,589 [Listener at 127.0.0.1/35231] INFO  ipc.Server (Server.java:stop(3414)) - Stopping server on 35231
2022-03-09 23:22:19,590 [Listener at 127.0.0.1/35231] INFO  ratis.OzoneManagerDoubleBuffer (OzoneManagerDoubleBuffer.java:stop(437)) - Stopping OMDoubleBuffer flush thread
2022-03-09 23:22:19,590 [OMDoubleBufferFlushThread] INFO  ratis.OzoneManagerDoubleBuffer (OzoneManagerDoubleBuffer.java:flushTransactions(356)) - OMDoubleBuffer flush thread OMDoubleBufferFlushThread is interrupted and will exit. OMDoubleBufferFlushThread
2022-03-09 23:22:19,592 [Listener at 127.0.0.1/35231] INFO  ha.OMHANodeDetails (OMHANodeDetails.java:loadOMHAConfig(118)) - ServiceID for OzoneManager is om-add-remove
2022-03-09 23:22:19,593 [Listener at 127.0.0.1/35231] INFO  ha.OMHANodeDetails (OMHANodeDetails.java:loadOMHAConfig(193)) - Found matching OM address with OMServiceId: om-add-remove, OMNodeId: omNode-bootstrap-2, RPC Address: localhost:33727 and Ratis port: 37711
2022-03-09 23:22:19,593 [Listener at 127.0.0.1/35231] INFO  ha.OMHANodeDetails (ConfUtils.java:setNodeSpecificConfigs(108)) - Setting configuration key ozone.om.http-address with value of key ozone.om.http-address.om-add-remove.omNode-bootstrap-2: 127.0.0.1:44321
2022-03-09 23:22:19,593 [Listener at 127.0.0.1/35231] INFO  ha.OMHANodeDetails (ConfUtils.java:setNodeSpecificConfigs(108)) - Setting configuration key ozone.om.https-address with value of key ozone.om.https-address.om-add-remove.omNode-bootstrap-2: 127.0.0.1:44641
2022-03-09 23:22:19,593 [Listener at 127.0.0.1/35231] INFO  ha.OMHANodeDetails (ConfUtils.java:setNodeSpecificConfigs(108)) - Setting configuration key ozone.om.address with value of key ozone.om.address.om-add-remove.omNode-bootstrap-2: 127.0.0.1:33727
2022-03-09 23:22:19,593 [Listener at 127.0.0.1/35231] WARN  server.ServerUtils (ServerUtils.java:getDBPath(225)) - ozone.om.db.dirs is not configured. We recommend adding this setting. Falling back to ozone.metadata.dirs instead.
2022-03-09 23:22:19,601 [Listener at 127.0.0.1/35231] INFO  ha.SCMNodeInfo (SCMNodeInfo.java:getPort(197)) - ConfigKey ozone.scm.client.address is deprecated, For configuring different ports for each SCM use PortConfigKey ozone.scm.client.port appended with serviceId and nodeId
2022-03-09 23:22:19,601 [Listener at 127.0.0.1/35231] INFO  ha.SCMNodeInfo (SCMNodeInfo.java:getPort(197)) - ConfigKey ozone.scm.block.client.address is deprecated, For configuring different ports for each SCM use PortConfigKey ozone.scm.block.client.port appended with serviceId and nodeId
2022-03-09 23:22:19,601 [Listener at 127.0.0.1/35231] INFO  ha.SCMNodeInfo (SCMNodeInfo.java:getPort(197)) - ConfigKey ozone.scm.datanode.address is deprecated, For configuring different ports for each SCM use PortConfigKey ozone.scm.datanode.port appended with serviceId and nodeId
OM initialization succeeded.Current cluster id for sd=/home/runner/work/ozone/ozone/hadoop-ozone/integration-test/target/test-dir/MiniOzoneClusterImpl-4dc72195-aa51-421e-b53c-5a05ad500575/omNode-bootstrap-2/om;cid=4dc72195-aa51-421e-b53c-5a05ad500575;layoutVersion=0
2022-03-09 23:22:19,618 [Listener at 127.0.0.1/35231] INFO  ha.OMHANodeDetails (OMHANodeDetails.java:loadOMHAConfig(118)) - ServiceID for OzoneManager is om-add-remove
2022-03-09 23:22:19,618 [Listener at 127.0.0.1/35231] INFO  ha.OMHANodeDetails (OMHANodeDetails.java:loadOMHAConfig(193)) - Found matching OM address with OMServiceId: om-add-remove, OMNodeId: omNode-bootstrap-2, RPC Address: localhost:33727 and Ratis port: 37711
2022-03-09 23:22:19,618 [Listener at 127.0.0.1/35231] INFO  ha.OMHANodeDetails (ConfUtils.java:setNodeSpecificConfigs(108)) - Setting configuration key ozone.om.http-address with value of key ozone.om.http-address.om-add-remove.omNode-bootstrap-2: 127.0.0.1:44321
2022-03-09 23:22:19,618 [Listener at 127.0.0.1/35231] INFO  ha.OMHANodeDetails (ConfUtils.java:setNodeSpecificConfigs(108)) - Setting configuration key ozone.om.https-address with value of key ozone.om.https-address.om-add-remove.omNode-bootstrap-2: 127.0.0.1:44641
2022-03-09 23:22:19,618 [Listener at 127.0.0.1/35231] INFO  ha.OMHANodeDetails (ConfUtils.java:setNodeSpecificConfigs(108)) - Setting configuration key ozone.om.address with value of key ozone.om.address.om-add-remove.omNode-bootstrap-2: 127.0.0.1:33727
2022-03-09 23:22:19,618 [Listener at 127.0.0.1/35231] WARN  server.ServerUtils (ServerUtils.java:getDBPath(225)) - ozone.om.db.dirs is not configured. We recommend adding this setting. Falling back to ozone.metadata.dirs instead.
2022-03-09 23:22:19,619 [Listener at 127.0.0.1/35231] INFO  upgrade.AbstractLayoutVersionManager (AbstractLayoutVersionManager.java:init(79)) - Initializing Layout version manager with metadata layout = INITIAL_VERSION (version = 0), software layout = INITIAL_VERSION (version = 0)
2022-03-09 23:22:19,698 [Listener at 127.0.0.1/35231] INFO  reflections.Reflections (Reflections.java:scan(232)) - Reflections took 79 ms to scan 2 urls, producing 134 keys and 349 values [using 2 cores]
2022-03-09 23:22:19,698 [Listener at 127.0.0.1/35231] INFO  upgrade.OMLayoutVersionManager (OMLayoutVersionManager.java:lambda$0(115)) - Skipping Upgrade Action MockOmUpgradeAction since it has been finalized.
2022-03-09 23:22:19,698 [Listener at 127.0.0.1/35231] WARN  server.ServerUtils (ServerUtils.java:getDBPath(225)) - ozone.om.db.dirs is not configured. We recommend adding this setting. Falling back to ozone.metadata.dirs instead.
2022-03-09 23:22:19,699 [Listener at 127.0.0.1/35231] INFO  ha.SCMNodeInfo (SCMNodeInfo.java:getPort(197)) - ConfigKey ozone.scm.client.address is deprecated, For configuring different ports for each SCM use PortConfigKey ozone.scm.client.port appended with serviceId and nodeId
2022-03-09 23:22:19,699 [Listener at 127.0.0.1/35231] INFO  ha.SCMNodeInfo (SCMNodeInfo.java:getPort(197)) - ConfigKey ozone.scm.block.client.address is deprecated, For configuring different ports for each SCM use PortConfigKey ozone.scm.block.client.port appended with serviceId and nodeId
2022-03-09 23:22:19,699 [Listener at 127.0.0.1/35231] INFO  ha.SCMNodeInfo (SCMNodeInfo.java:getPort(197)) - ConfigKey ozone.scm.datanode.address is deprecated, For configuring different ports for each SCM use PortConfigKey ozone.scm.datanode.port appended with serviceId and nodeId
2022-03-09 23:22:19,699 [Listener at 127.0.0.1/35231] INFO  ha.SCMNodeInfo (SCMNodeInfo.java:getPort(197)) - ConfigKey ozone.scm.client.address is deprecated, For configuring different ports for each SCM use PortConfigKey ozone.scm.client.port appended with serviceId and nodeId
2022-03-09 23:22:19,700 [Listener at 127.0.0.1/35231] INFO  ha.SCMNodeInfo (SCMNodeInfo.java:getPort(197)) - ConfigKey ozone.scm.block.client.address is deprecated, For configuring different ports for each SCM use PortConfigKey ozone.scm.block.client.port appended with serviceId and nodeId
2022-03-09 23:22:19,700 [Listener at 127.0.0.1/35231] INFO  ha.SCMNodeInfo (SCMNodeInfo.java:getPort(197)) - ConfigKey ozone.scm.datanode.address is deprecated, For configuring different ports for each SCM use PortConfigKey ozone.scm.datanode.port appended with serviceId and nodeId
2022-03-09 23:22:19,700 [Listener at 127.0.0.1/35231] INFO  ha.SCMNodeInfo (SCMNodeInfo.java:getPort(197)) - ConfigKey ozone.scm.client.address is deprecated, For configuring different ports for each SCM use PortConfigKey ozone.scm.client.port appended with serviceId and nodeId
2022-03-09 23:22:19,700 [Listener at 127.0.0.1/35231] INFO  ha.SCMNodeInfo (SCMNodeInfo.java:getPort(197)) - ConfigKey ozone.scm.block.client.address is deprecated, For configuring different ports for each SCM use PortConfigKey ozone.scm.block.client.port appended with serviceId and nodeId
2022-03-09 23:22:19,701 [Listener at 127.0.0.1/35231] INFO  ha.SCMNodeInfo (SCMNodeInfo.java:getPort(197)) - ConfigKey ozone.scm.datanode.address is deprecated, For configuring different ports for each SCM use PortConfigKey ozone.scm.datanode.port appended with serviceId and nodeId
2022-03-09 23:22:19,719 [Listener at 127.0.0.1/35231] WARN  server.ServerUtils (ServerUtils.java:getDBPath(225)) - ozone.om.db.dirs is not configured. We recommend adding this setting. Falling back to ozone.metadata.dirs instead.
2022-03-09 23:22:19,720 [Listener at 127.0.0.1/35231] INFO  codec.OmKeyInfoCodec (OmKeyInfoCodec.java:<init>(50)) - OmKeyInfoCodec ignorePipeline = true
2022-03-09 23:22:19,720 [Listener at 127.0.0.1/35231] INFO  codec.RepeatedOmKeyInfoCodec (RepeatedOmKeyInfoCodec.java:<init>(42)) - RepeatedOmKeyInfoCodec ignorePipeline = true
2022-03-09 23:22:19,921 [Listener at 127.0.0.1/35231] INFO  om.OzoneManager (OzoneManager.java:addS3GVolumeToDB(3733)) - Created Volume s3v With Owner runner required for S3Gateway operations.
2022-03-09 23:22:19,933 [Listener at 127.0.0.1/35231] WARN  server.ServerUtils (ServerUtils.java:getDefaultRatisDirectory(237)) - Storage directory for Ratis is not configured. It is a good idea to map this to an SSD disk. Falling back to ozone.metadata.dirs
2022-03-09 23:22:19,933 [Listener at 127.0.0.1/35231] WARN  utils.OzoneManagerRatisUtils (OzoneManagerRatisUtils.java:getOMRatisSnapshotDirectory(330)) - ozone.om.ratis.snapshot.dir is not configured. Falling back to ozone.metadata.dirs config
2022-03-09 23:22:19,934 [Listener at 127.0.0.1/35231] INFO  snapshot.OzoneManagerSnapshotProvider (OzoneManagerSnapshotProvider.java:<init>(76)) - Initializing OM Snapshot Provider
2022-03-09 23:22:19,940 [Listener at 127.0.0.1/35231] WARN  impl.MetricRegistriesImpl (MetricRegistriesImpl.java:addReporterRegistration(111)) - New reporters are added after registries were created. Some metrics will be missing from the reporter. Please add reporter before adding any new registry.
2022-03-09 23:22:19,940 [Listener at 127.0.0.1/35231] WARN  impl.MetricRegistriesImpl (MetricRegistriesImpl.java:addReporterRegistration(111)) - New reporters are added after registries were created. Some metrics will be missing from the reporter. Please add reporter before adding any new registry.
2022-03-09 23:22:19,940 [Listener at 127.0.0.1/35231] WARN  server.ServerUtils (ServerUtils.java:getDefaultRatisDirectory(237)) - Storage directory for Ratis is not configured. It is a good idea to map this to an SSD disk. Falling back to ozone.metadata.dirs
2022-03-09 23:22:19,941 [Listener at 127.0.0.1/35231] INFO  ratis.OzoneManagerRatisServer (OzoneManagerRatisServer.java:<init>(152)) - OM started in Bootstrap mode. Instantiating OM Ratis server with groupID: om-add-remove
2022-03-09 23:22:19,941 [Listener at 127.0.0.1/35231] INFO  ratis.OzoneManagerStateMachine (OzoneManagerStateMachine.java:loadSnapshotInfoFromDB(605)) - LastAppliedIndex is set from TransactionInfo from OM DB as (t:0, i:~)
2022-03-09 23:22:19,942 [Listener at 127.0.0.1/35231] INFO  server.RaftServer (ConfUtils.java:logGet(44)) - raft.rpc.type = GRPC (default)
2022-03-09 23:22:19,942 [Listener at 127.0.0.1/35231] INFO  grpc.GrpcFactory (GrpcFactory.java:checkPooledByteBufAllocatorUseCacheForAllThreads(48)) - PERFORMANCE WARNING: useCacheForAllThreads is true that may cause Netty to create a lot garbage objects and, as a result, trigger GC.
	It is recommended to disable useCacheForAllThreads by setting -Dorg.apache.ratis.thirdparty.io.netty.allocator.useCacheForAllThreads=false in command line.
2022-03-09 23:22:19,942 [Listener at 127.0.0.1/35231] INFO  grpc.GrpcConfigKeys (ConfUtils.java:logGet(44)) - raft.grpc.admin.port = -1 (default)
2022-03-09 23:22:19,942 [Listener at 127.0.0.1/35231] INFO  grpc.GrpcConfigKeys (ConfUtils.java:logGet(44)) - raft.grpc.server.port = 37711 (custom)
2022-03-09 23:22:19,942 [Listener at 127.0.0.1/35231] INFO  grpc.GrpcConfigKeys (ConfUtils.java:logGet(44)) - raft.grpc.client.port = -1 (default)
2022-03-09 23:22:19,942 [Listener at 127.0.0.1/35231] INFO  grpc.GrpcConfigKeys (ConfUtils.java:logGet(44)) - raft.grpc.server.port = 37711 (custom)
2022-03-09 23:22:19,942 [Listener at 127.0.0.1/35231] INFO  grpc.GrpcConfigKeys (ConfUtils.java:logGet(44)) - raft.grpc.server.port = 37711 (custom)
2022-03-09 23:22:19,942 [Listener at 127.0.0.1/35231] INFO  server.GrpcService (ConfUtils.java:logGet(44)) - raft.grpc.message.size.max = 33554432 (custom)
2022-03-09 23:22:19,942 [Listener at 127.0.0.1/35231] INFO  server.RaftServerConfigKeys (ConfUtils.java:logGet(44)) - raft.server.log.appender.buffer.byte-limit = 33554432 (custom)
2022-03-09 23:22:19,942 [Listener at 127.0.0.1/35231] INFO  server.GrpcService (ConfUtils.java:logGet(44)) - raft.grpc.flow.control.window = 1MB (=1048576) (default)
2022-03-09 23:22:19,942 [Listener at 127.0.0.1/35231] INFO  server.RaftServerConfigKeys (ConfUtils.java:logGet(44)) - raft.server.rpc.request.timeout = 3000ms (default)
2022-03-09 23:22:19,944 [Listener at 127.0.0.1/35231] INFO  impl.DataStreamServerImpl (ConfUtils.java:logGet(44)) - raft.datastream.type = DISABLED (default)
2022-03-09 23:22:19,944 [Listener at 127.0.0.1/35231] INFO  server.RaftServerConfigKeys (ConfUtils.java:logGet(44)) - raft.server.rpc.slowness.timeout = 2s (custom)
2022-03-09 23:22:19,944 [Listener at 127.0.0.1/35231] INFO  server.RaftServerConfigKeys (ConfUtils.java:logGet(44)) - raft.server.leaderelection.leader.step-down.wait-time = 10s (default)
2022-03-09 23:22:19,944 [Listener at 127.0.0.1/35231] INFO  server.RaftServerConfigKeys (ConfUtils.java:logGet(44)) - raft.server.storage.dir = [/home/runner/work/ozone/ozone/hadoop-ozone/integration-test/target/test-dir/MiniOzoneClusterImpl-4dc72195-aa51-421e-b53c-5a05ad500575/omNode-bootstrap-2/ratis] (custom)
2022-03-09 23:22:19,950 [Listener at 127.0.0.1/35231] INFO  server.RaftServer (RaftServerProxy.java:addNew(95)) - omNode-bootstrap-2: addNew group-0AAC5367B30E:[] returns group-0AAC5367B30E:java.util.concurrent.CompletableFuture@237fb5aa[Not completed]
2022-03-09 23:22:19,950 [Listener at 127.0.0.1/35231] INFO  om.OzoneManager (OzoneManager.java:initializeRatisServer(1834)) - OzoneManager Ratis server initialized at port 37711
2022-03-09 23:22:19,951 [Listener at 127.0.0.1/35231] INFO  ipc.CallQueueManager (CallQueueManager.java:<init>(90)) - Using callQueue: class java.util.concurrent.LinkedBlockingQueue, queueCapacity: 2000, scheduler: class org.apache.hadoop.ipc.DefaultRpcScheduler, ipcBackoff: false.
2022-03-09 23:22:19,952 [pool-403-thread-1] INFO  server.RaftServer$Division (RaftServerImpl.java:<init>(184)) - omNode-bootstrap-2: new RaftServerImpl for group-0AAC5367B30E:[] with OzoneManagerStateMachine:uninitialized
2022-03-09 23:22:19,952 [Socket Reader #1 for port 33727] INFO  ipc.Server (Server.java:run(1265)) - Starting Socket Reader #1 for port 33727
2022-03-09 23:22:19,961 [pool-403-thread-1] INFO  server.RaftServerConfigKeys (ConfUtils.java:logGet(44)) - raft.server.rpc.timeout.min = 1s (custom)
2022-03-09 23:22:19,961 [pool-403-thread-1] INFO  server.RaftServerConfigKeys (ConfUtils.java:logGet(44)) - raft.server.rpc.timeout.max = 1200ms (custom)
2022-03-09 23:22:19,961 [pool-403-thread-1] INFO  server.RaftServerConfigKeys (ConfUtils.java:logGet(44)) - raft.server.rpc.sleep.time = 25ms (default)
2022-03-09 23:22:19,961 [pool-403-thread-1] INFO  server.RaftServerConfigKeys (ConfUtils.java:logGet(44)) - raft.server.rpc.slowness.timeout = 2s (custom)
2022-03-09 23:22:19,961 [pool-403-thread-1] INFO  server.RaftServerConfigKeys (ConfUtils.java:logGet(44)) - raft.server.leaderelection.leader.step-down.wait-time = 10s (default)
2022-03-09 23:22:19,961 [pool-403-thread-1] INFO  server.RaftServerConfigKeys (ConfUtils.java:logGet(44)) - raft.server.sleep.deviation.threshold = 300ms (default)
2022-03-09 23:22:19,962 [pool-403-thread-1] INFO  server.RaftServerConfigKeys (ConfUtils.java:logGet(44)) - raft.server.log.appender.install.snapshot.enabled = false (custom)
2022-03-09 23:22:19,962 [pool-403-thread-1] INFO  server.RaftServer$Division (ServerState.java:<init>(105)) - omNode-bootstrap-2@group-0AAC5367B30E: ConfigurationManager, init=-1: [], old=null, confs=<EMPTY_MAP>
2022-03-09 23:22:19,962 [pool-403-thread-1] INFO  server.RaftServerConfigKeys (ConfUtils.java:logGet(44)) - raft.server.storage.dir = [/home/runner/work/ozone/ozone/hadoop-ozone/integration-test/target/test-dir/MiniOzoneClusterImpl-4dc72195-aa51-421e-b53c-5a05ad500575/omNode-bootstrap-2/ratis] (custom)
2022-03-09 23:22:19,962 [pool-403-thread-1] INFO  server.RaftServerConfigKeys (ConfUtils.java:logGet(44)) - raft.server.log.corruption.policy = EXCEPTION (default)
2022-03-09 23:22:19,962 [pool-403-thread-1] INFO  server.RaftServerConfigKeys (ConfUtils.java:logGet(44)) - raft.server.storage.free-space.min = 0MB (=0) (default)
2022-03-09 23:22:19,962 [pool-403-thread-1] INFO  storage.RaftStorageDirectory (RaftStorageDirectoryImpl.java:analyzeStorage(135)) - The storage directory /home/runner/work/ozone/ozone/hadoop-ozone/integration-test/target/test-dir/MiniOzoneClusterImpl-4dc72195-aa51-421e-b53c-5a05ad500575/omNode-bootstrap-2/ratis/0718e334-ffa1-36bc-8e9a-0aac5367b30e does not exist. Creating ...
2022-03-09 23:22:19,964 [pool-403-thread-1] INFO  storage.RaftStorageDirectory (RaftStorageDirectoryImpl.java:tryLock(230)) - Lock on /home/runner/work/ozone/ozone/hadoop-ozone/integration-test/target/test-dir/MiniOzoneClusterImpl-4dc72195-aa51-421e-b53c-5a05ad500575/omNode-bootstrap-2/ratis/0718e334-ffa1-36bc-8e9a-0aac5367b30e/in_use.lock acquired by nodename 18126@fv-az184-819
2022-03-09 23:22:19,972 [pool-403-thread-1] INFO  storage.RaftStorage (RaftStorageImpl.java:format(89)) - Storage directory /home/runner/work/ozone/ozone/hadoop-ozone/integration-test/target/test-dir/MiniOzoneClusterImpl-4dc72195-aa51-421e-b53c-5a05ad500575/omNode-bootstrap-2/ratis/0718e334-ffa1-36bc-8e9a-0aac5367b30e has been successfully formatted.
2022-03-09 23:22:19,972 [pool-403-thread-1] INFO  server.RaftServerConfigKeys (ConfUtils.java:logGet(44)) - raft.server.notification.no-leader.timeout = 2s (custom)
2022-03-09 23:22:19,972 [pool-403-thread-1] INFO  server.RaftServerConfigKeys (ConfUtils.java:logGet(44)) - raft.server.log.use.memory = false (default)
2022-03-09 23:22:19,972 [pool-403-thread-1] INFO  server.RaftServerConfigKeys (ConfUtils.java:logGet(44)) - raft.server.log.purge.gap = 1000000 (custom)
2022-03-09 23:22:19,972 [pool-403-thread-1] INFO  server.RaftServerConfigKeys (ConfUtils.java:logGet(44)) - raft.server.log.appender.buffer.byte-limit = 33554432 (custom)
2022-03-09 23:22:19,973 [pool-403-thread-1] INFO  server.RaftServerConfigKeys (ConfUtils.java:logGet(44)) - raft.server.log.segment.size.max = 4194304 (custom)
2022-03-09 23:22:19,973 [pool-403-thread-1] INFO  server.RaftServerConfigKeys (ConfUtils.java:logGet(44)) - raft.server.log.segment.cache.num.max = 2 (custom)
2022-03-09 23:22:19,973 [pool-403-thread-1] INFO  server.RaftServerConfigKeys (ConfUtils.java:logGet(44)) - raft.server.log.segment.cache.size.max = 200MB (=209715200) (default)
2022-03-09 23:22:19,973 [pool-403-thread-1] INFO  segmented.SegmentedRaftLogWorker (SegmentedRaftLogWorker.java:<init>(182)) - new omNode-bootstrap-2@group-0AAC5367B30E-SegmentedRaftLogWorker for RaftStorageImpl:Storage Directory /home/runner/work/ozone/ozone/hadoop-ozone/integration-test/target/test-dir/MiniOzoneClusterImpl-4dc72195-aa51-421e-b53c-5a05ad500575/omNode-bootstrap-2/ratis/0718e334-ffa1-36bc-8e9a-0aac5367b30e
2022-03-09 23:22:19,973 [pool-403-thread-1] INFO  server.RaftServerConfigKeys (ConfUtils.java:logGet(44)) - raft.server.log.queue.byte-limit = 64MB (=67108864) (default)
2022-03-09 23:22:19,973 [pool-403-thread-1] INFO  server.RaftServerConfigKeys (ConfUtils.java:logGet(44)) - raft.server.log.queue.element-limit = 4096 (default)
2022-03-09 23:22:19,973 [pool-403-thread-1] INFO  server.RaftServerConfigKeys (ConfUtils.java:logGet(44)) - raft.server.log.segment.size.max = 4194304 (custom)
2022-03-09 23:22:19,973 [pool-403-thread-1] INFO  server.RaftServerConfigKeys (ConfUtils.java:logGet(44)) - raft.server.log.preallocated.size = 4194304 (custom)
2022-03-09 23:22:19,973 [pool-403-thread-1] INFO  server.RaftServerConfigKeys (ConfUtils.java:logGet(44)) - raft.server.log.force.sync.num = 128 (default)
2022-03-09 23:22:19,973 [pool-403-thread-1] INFO  server.RaftServerConfigKeys (ConfUtils.java:logGet(44)) - raft.server.log.statemachine.data.sync = true (default)
2022-03-09 23:22:19,973 [pool-403-thread-1] INFO  server.RaftServerConfigKeys (ConfUtils.java:logGet(44)) - raft.server.log.statemachine.data.sync.timeout = 10s (default)
2022-03-09 23:22:19,973 [pool-403-thread-1] INFO  server.RaftServerConfigKeys (ConfUtils.java:logGet(44)) - raft.server.log.statemachine.data.sync.timeout.retry = -1 (default)
2022-03-09 23:22:19,974 [pool-403-thread-1] INFO  server.RaftServerConfigKeys (ConfUtils.java:logGet(44)) - raft.server.log.write.buffer.size = 64KB (=65536) (default)
2022-03-09 23:22:19,974 [pool-403-thread-1] INFO  server.RaftServerConfigKeys (ConfUtils.java:logGet(44)) - raft.server.log.statemachine.data.caching.enabled = false (default)
2022-03-09 23:22:19,974 [pool-403-thread-1] INFO  segmented.SegmentedRaftLogWorker (SegmentedRaftLogWorker.java:lambda$new$0(133)) - omNode-bootstrap-2@group-0AAC5367B30E-SegmentedRaftLogWorker: flushIndex: setUnconditionally 0 -> -1
2022-03-09 23:22:19,974 [pool-403-thread-1] INFO  segmented.SegmentedRaftLogWorker (SegmentedRaftLogWorker.java:lambda$new$0(133)) - omNode-bootstrap-2@group-0AAC5367B30E-SegmentedRaftLogWorker: safeCacheEvictIndex: setUnconditionally 0 -> -1
2022-03-09 23:22:19,980 [pool-403-thread-1] INFO  server.RaftServerConfigKeys (ConfUtils.java:logGet(44)) - raft.server.snapshot.auto.trigger.enabled = true (custom)
2022-03-09 23:22:19,980 [pool-403-thread-1] INFO  server.RaftServerConfigKeys (ConfUtils.java:logGet(44)) - raft.server.snapshot.auto.trigger.threshold = 400000 (default)
2022-03-09 23:22:19,980 [pool-403-thread-1] INFO  server.RaftServerConfigKeys (ConfUtils.java:logGet(44)) - raft.server.snapshot.retention.file.num = -1 (default)
2022-03-09 23:22:19,980 [pool-403-thread-1] INFO  server.RaftServerConfigKeys (ConfUtils.java:logGet(44)) - raft.server.log.purge.upto.snapshot.index = true (custom)
2022-03-09 23:22:19,980 [pool-403-thread-1] INFO  server.RaftServerConfigKeys (ConfUtils.java:logGet(44)) - raft.server.retrycache.expirytime = 300s (custom)
2022-03-09 23:22:19,980 [pool-403-thread-1] INFO  server.RaftServerConfigKeys (ConfUtils.java:logGet(44)) - raft.server.retrycache.statistics.expirytime = 100μs (default)
2022-03-09 23:22:19,986 [Listener at 127.0.0.1/33727] WARN  om.OzoneManager (OzoneManager.java:start(1357)) - Skipped checking whether existing OM configs have been updated with this OM information as force bootstrap is called.
2022-03-09 23:22:19,987 [Listener at 127.0.0.1/33727] INFO  impl.MetricsSystemImpl (MetricsSystemImpl.java:init(158)) - OzoneManager metrics system started (again)
2022-03-09 23:22:20,009 [Listener at 127.0.0.1/33727] INFO  om.OzoneManager (OzoneManager.java:start(1365)) - OzoneManager RPC server is listening at localhost/127.0.0.1:33727
2022-03-09 23:22:20,009 [Listener at 127.0.0.1/33727] INFO  ratis.OzoneManagerRatisServer (OzoneManagerRatisServer.java:start(554)) - Starting OzoneManagerRatisServer omNode-bootstrap-2 at port 37711
2022-03-09 23:22:20,009 [Listener at 127.0.0.1/33727] INFO  server.RaftServer$Division (RaftServerImpl.java:start(304)) - omNode-bootstrap-2@group-0AAC5367B30E: start with initializing state, conf=-1: [], old=null
2022-03-09 23:22:20,009 [Listener at 127.0.0.1/33727] INFO  server.RaftServer$Division (RaftServerImpl.java:setRole(290)) - omNode-bootstrap-2@group-0AAC5367B30E: changes role from      null to FOLLOWER at term 0 for startInitializing
2022-03-09 23:22:20,010 [Listener at 127.0.0.1/33727] INFO  util.JmxRegister (JmxRegister.java:tryRegister(44)) - Successfully registered JMX Bean with object name Ratis:service=RaftServer,group=group-0AAC5367B30E,id=omNode-bootstrap-2
2022-03-09 23:22:20,012 [Listener at 127.0.0.1/33727] INFO  server.RaftServer (RaftServerProxy.java:lambda$start$5(374)) - omNode-bootstrap-2: start RPC server
2022-03-09 23:22:20,013 [Listener at 127.0.0.1/33727] INFO  server.GrpcService (GrpcService.java:startImpl(253)) - omNode-bootstrap-2: GrpcService started, listening on 37711
2022-03-09 23:22:20,013 [Listener at 127.0.0.1/33727] INFO  om.OzoneManager (OzoneManager.java:start(1381)) - Version File has different layout version (0) than OM DB (null). That is expected if this OM has never been finalized to a newer layout version.
2022-03-09 23:22:20,014 [org.apache.ratis.util.JvmPauseMonitor$$Lambda$435/1210881341@7d181baa] INFO  util.JvmPauseMonitor (JvmPauseMonitor.java:run(103)) - JvmPauseMonitor-omNode-bootstrap-2: Started
2022-03-09 23:22:20,026 [Listener at 127.0.0.1/33727] INFO  http.BaseHttpServer (BaseHttpServer.java:newHttpServer2BuilderForOzone(209)) - Starting Web-server for ozoneManager at: http://0.0.0.0:44321
2022-03-09 23:22:20,026 [Listener at 127.0.0.1/33727] INFO  http.BaseHttpServer (BaseHttpServer.java:<init>(107)) - Hadoop Security Enabled: false Ozone Security Enabled: false Ozone HTTP Security Enabled: false 
2022-03-09 23:22:20,027 [Listener at 127.0.0.1/33727] INFO  server.AuthenticationFilter (AuthenticationFilter.java:constructSecretProvider(240)) - Unable to initialize FileSignerSecretProvider, falling back to use random secrets.
2022-03-09 23:22:20,028 [Listener at 127.0.0.1/33727] WARN  http.HttpRequestLog (HttpRequestLog.java:getRequestLog(103)) - Jetty request log can only be enabled using Log4j
2022-03-09 23:22:20,028 [Listener at 127.0.0.1/33727] INFO  http.HttpServer2 (HttpServer2.java:addGlobalFilter(1030)) - Added global filter 'safety' (class=org.apache.hadoop.hdds.server.http.HttpServer2$QuotingInputFilter)
2022-03-09 23:22:20,029 [Listener at 127.0.0.1/33727] INFO  http.HttpServer2 (HttpServer2.java:addFilter(1006)) - Added filter static_user_filter (class=org.apache.hadoop.http.lib.StaticUserWebFilter$StaticUserFilter) to context ozoneManager
2022-03-09 23:22:20,029 [Listener at 127.0.0.1/33727] INFO  http.HttpServer2 (HttpServer2.java:addFilter(1014)) - Added filter static_user_filter (class=org.apache.hadoop.http.lib.StaticUserWebFilter$StaticUserFilter) to context logs
2022-03-09 23:22:20,029 [Listener at 127.0.0.1/33727] INFO  http.HttpServer2 (HttpServer2.java:addFilter(1014)) - Added filter static_user_filter (class=org.apache.hadoop.http.lib.StaticUserWebFilter$StaticUserFilter) to context static
2022-03-09 23:22:20,030 [Listener at 127.0.0.1/33727] INFO  http.HttpServer2 (HttpServer2.java:bindListener(1249)) - Jetty bound to port 44321
2022-03-09 23:22:20,030 [Listener at 127.0.0.1/33727] INFO  server.Server (Server.java:doStart(375)) - jetty-9.4.43.v20210629; built: 2021-06-30T11:07:22.254Z; git: 526006ecfa3af7f1a27ef3a288e2bef7ea9dd7e8; jvm 1.8.0_322-b06
2022-03-09 23:22:20,031 [Listener at 127.0.0.1/33727] INFO  server.session (DefaultSessionIdManager.java:doStart(334)) - DefaultSessionIdManager workerName=node0
2022-03-09 23:22:20,031 [Listener at 127.0.0.1/33727] INFO  server.session (DefaultSessionIdManager.java:doStart(339)) - No SessionScavenger set, using defaults
2022-03-09 23:22:20,031 [Listener at 127.0.0.1/33727] INFO  server.session (HouseKeeper.java:startScavenging(132)) - node0 Scavenging every 600000ms
2022-03-09 23:22:20,032 [Listener at 127.0.0.1/33727] INFO  handler.ContextHandler (ContextHandler.java:doStart(915)) - Started o.e.j.s.ServletContextHandler@8021a9d{logs,/logs,file:///home/runner/work/ozone/ozone/hadoop-ozone/integration-test/target/log,AVAILABLE}
2022-03-09 23:22:20,032 [Listener at 127.0.0.1/33727] INFO  handler.ContextHandler (ContextHandler.java:doStart(915)) - Started o.e.j.s.ServletContextHandler@3abda84{static,/static,file:///home/runner/work/ozone/ozone/hadoop-ozone/integration-test/target/test-classes/webapps/static,AVAILABLE}
2022-03-09 23:22:20,035 [Listener at 127.0.0.1/33727] INFO  handler.ContextHandler (ContextHandler.java:doStart(915)) - Started o.e.j.w.WebAppContext@6e155676{ozoneManager,/,file:///home/runner/work/ozone/ozone/hadoop-ozone/integration-test/target/test-classes/webapps/ozoneManager/,AVAILABLE}{file:/home/runner/work/ozone/ozone/hadoop-ozone/integration-test/target/test-classes/webapps/ozoneManager}
2022-03-09 23:22:20,041 [Listener at 127.0.0.1/33727] INFO  server.AbstractConnector (AbstractConnector.java:doStart(331)) - Started ServerConnector@3bf2b375{HTTP/1.1, (http/1.1)}{0.0.0.0:44321}
2022-03-09 23:22:20,041 [Listener at 127.0.0.1/33727] INFO  server.Server (Server.java:doStart(415)) - Started @104403ms
2022-03-09 23:22:20,041 [Listener at 127.0.0.1/33727] WARN  impl.MetricsSystemImpl (MetricsSystemImpl.java:register(279)) - Sink prometheus already exists!
2022-03-09 23:22:20,043 [Listener at 127.0.0.1/33727] INFO  http.BaseHttpServer (BaseHttpServer.java:updateConnectorAddress(329)) - HTTP server of ozoneManager listening at http://0.0.0.0:44321
2022-03-09 23:22:20,048 [IPC Server Responder] INFO  ipc.Server (Server.java:run(1507)) - IPC Server Responder: starting
2022-03-09 23:22:20,052 [Listener at 127.0.0.1/33727] INFO  om.OzoneManager (OzoneManager.java:startTrashEmptier(1792)) - Trash Interval set to 0. Files deleted will not move to trash
2022-03-09 23:22:20,053 [org.apache.hadoop.util.JvmPauseMonitor$Monitor@5e167342] INFO  util.JvmPauseMonitor (JvmPauseMonitor.java:run(188)) - Starting JVM pause monitor
2022-03-09 23:22:20,064 [IPC Server handler 7 on default port 34785] INFO  ratis.OzoneManagerRatisServer (OzoneManagerRatisServer.java:addOMToRatisRing(309)) - omNode-1: Submitting SetConfiguration request to Ratis server to add new OM peer omNode-bootstrap-2|rpc:localhost:37711|priority:0 to the Ratis group group-0AAC5367B30E:[omNode-1|rpc:localhost:46619|priority:0]
2022-03-09 23:22:20,064 [IPC Server handler 7 on default port 34785] INFO  server.RaftServer$Division (RaftServerImpl.java:setConfigurationAsync(974)) - omNode-1@group-0AAC5367B30E: receive setConfiguration SetConfigurationRequest:client-5AF1B815B3AC->omNode-1@group-0AAC5367B30E, cid=1, seq=0, RW, null, peers:[omNode-1|rpc:localhost:46619|priority:0, omNode-bootstrap-2|rpc:localhost:37711|priority:0]
2022-03-09 23:22:20,064 [IPC Server handler 7 on default port 34785] INFO  server.RaftServer$Division (LeaderStateImpl.java:startSetConfiguration(358)) - omNode-1@group-0AAC5367B30E-LeaderStateImpl: startSetConfiguration SetConfigurationRequest:client-5AF1B815B3AC->omNode-1@group-0AAC5367B30E, cid=1, seq=0, RW, null, peers:[omNode-1|rpc:localhost:46619|priority:0, omNode-bootstrap-2|rpc:localhost:37711|priority:0]
2022-03-09 23:22:20,065 [IPC Server handler 7 on default port 34785] INFO  server.RaftServerConfigKeys (ConfUtils.java:logGet(44)) - raft.server.log.appender.snapshot.chunk.size.max = 16MB (=16777216) (default)
2022-03-09 23:22:20,065 [IPC Server handler 7 on default port 34785] INFO  server.RaftServerConfigKeys (ConfUtils.java:logGet(44)) - raft.server.log.appender.buffer.byte-limit = 33554432 (custom)
2022-03-09 23:22:20,065 [IPC Server handler 7 on default port 34785] INFO  server.RaftServerConfigKeys (ConfUtils.java:logGet(44)) - raft.server.log.appender.buffer.element-limit = 1024 (custom)
2022-03-09 23:22:20,069 [IPC Server handler 7 on default port 34785] INFO  grpc.GrpcConfigKeys (ConfUtils.java:logGet(44)) - raft.grpc.server.leader.outstanding.appends.max = 128 (default)
2022-03-09 23:22:20,069 [IPC Server handler 7 on default port 34785] INFO  server.RaftServerConfigKeys (ConfUtils.java:logGet(44)) - raft.server.rpc.request.timeout = 3000ms (default)
2022-03-09 23:22:20,069 [IPC Server handler 7 on default port 34785] INFO  server.RaftServerConfigKeys (ConfUtils.java:logGet(44)) - raft.server.log.appender.install.snapshot.enabled = false (custom)
2022-03-09 23:22:20,071 [IPC Server listener on 33727] INFO  ipc.Server (Server.java:run(1344)) - IPC Server listener on 33727: starting
2022-03-09 23:22:20,103 [grpc-default-executor-2] INFO  server.RaftServer$Division (RaftServerImpl.java:installSnapshot(1332)) - omNode-bootstrap-2@group-0AAC5367B30E: receive installSnapshot: omNode-1->omNode-bootstrap-2#0-t1,notify:(t:1, i:8)
2022-03-09 23:22:20,104 [grpc-default-executor-2] INFO  server.RaftServer$Division (ServerState.java:setLeader(285)) - omNode-bootstrap-2@group-0AAC5367B30E: change Leader from null to omNode-1 at term 1 for installSnapshot, leader elected after 132ms
2022-03-09 23:22:20,104 [grpc-default-executor-2] INFO  server.RaftServer$Division (RaftServerImpl.java:notifyStateMachineToInstallSnapshot(1551)) - omNode-bootstrap-2@group-0AAC5367B30E: Received notification to install snapshot at index 8
2022-03-09 23:22:20,105 [grpc-default-executor-2] INFO  server.RaftServer$Division (RaftServerImpl.java:notifyStateMachineToInstallSnapshot(1582)) - omNode-bootstrap-2@group-0AAC5367B30E: notifyInstallSnapshot: nextIndex is 0 but the leader's first available index is 8.
2022-03-09 23:22:20,105 [grpc-default-executor-2] INFO  ratis.OzoneManagerStateMachine (OzoneManagerStateMachine.java:notifyInstallSnapshotFromLeader(446)) - Received install snapshot notification from OM leader: omNode-1 with term index: (t:1, i:8)
2022-03-09 23:22:20,151 [pool-402-thread-1] INFO  om.OzoneManager (OzoneManager.java:getDBCheckpointFromLeader(3276)) - Downloading checkpoint from leader OM omNode-1 and reloading state from the checkpoint.
2022-03-09 23:22:20,157 [pool-402-thread-1] INFO  snapshot.OzoneManagerSnapshotProvider (OzoneManagerSnapshotProvider.java:getOzoneManagerDBSnapshot(122)) - Downloading latest checkpoint from Leader OM omNode-1. Checkpoint URL: http://127.0.0.1:42237/dbCheckpoint?flushBeforeCheckpoint=true
2022-03-09 23:22:20,179 [qtp1907641203-1394] INFO  utils.DBCheckpointServlet (DBCheckpointServlet.java:doGet(110)) - Received request to obtain DB checkpoint snapshot
2022-03-09 23:22:20,192 [qtp1907641203-1394] INFO  db.RDBCheckpointManager (RDBCheckpointManager.java:createCheckpoint(86)) - Created checkpoint at /home/runner/work/ozone/ozone/hadoop-ozone/integration-test/target/test-dir/MiniOzoneClusterImpl-4dc72195-aa51-421e-b53c-5a05ad500575/omNode-1/db.checkpoints/om.db_checkpoint_1646868140179 in 13 milliseconds
2022-03-09 23:22:20,202 [qtp1907641203-1394] INFO  utils.DBCheckpointServlet (DBCheckpointServlet.java:doGet(183)) - Time taken to write the checkpoint to response output stream: 8 milliseconds
2022-03-09 23:22:20,202 [qtp1907641203-1394] INFO  db.RocksDBCheckpoint (RocksDBCheckpoint.java:cleanupCheckpoint(78)) - Cleaning up RocksDB checkpoint at /home/runner/work/ozone/ozone/hadoop-ozone/integration-test/target/test-dir/MiniOzoneClusterImpl-4dc72195-aa51-421e-b53c-5a05ad500575/omNode-1/db.checkpoints/om.db_checkpoint_1646868140179
2022-03-09 23:22:20,241 [pool-402-thread-1] INFO  snapshot.OzoneManagerSnapshotProvider (OzoneManagerSnapshotProvider.java:getOzoneManagerDBSnapshot(147)) - Successfully downloaded latest checkpoint from leader OM: omNode-1
2022-03-09 23:22:20,242 [pool-402-thread-1] INFO  om.OzoneManager (OzoneManager.java:installSnapshotFromLeader(3151)) - Downloaded checkpoint from Leader omNode-1 to the location /home/runner/work/ozone/ozone/hadoop-ozone/integration-test/target/test-dir/MiniOzoneClusterImpl-4dc72195-aa51-421e-b53c-5a05ad500575/omNode-bootstrap-2/snapshot/om.db-omNode-1-1646868140157
2022-03-09 23:22:20,352 [pool-402-thread-1] INFO  om.OzoneManager (OzoneManager.java:installCheckpoint(3176)) - Installing checkpoint with OMTransactionInfo 1#7
2022-03-09 23:22:20,353 [pool-402-thread-1] INFO  utils.BackgroundService (BackgroundService.java:shutdown(132)) - Shutting down service KeyDeletingService
2022-03-09 23:22:20,361 [pool-402-thread-1] INFO  utils.BackgroundService (BackgroundService.java:shutdown(132)) - Shutting down service DirectoryDeletingService
2022-03-09 23:22:20,362 [pool-402-thread-1] INFO  ratis.OzoneManagerDoubleBuffer (OzoneManagerDoubleBuffer.java:stop(437)) - Stopping OMDoubleBuffer flush thread
2022-03-09 23:22:20,364 [OMDoubleBufferFlushThread] INFO  ratis.OzoneManagerDoubleBuffer (OzoneManagerDoubleBuffer.java:flushTransactions(356)) - OMDoubleBuffer flush thread OMDoubleBufferFlushThread is interrupted and will exit. OMDoubleBufferFlushThread
2022-03-09 23:22:20,371 [pool-402-thread-1] INFO  om.OzoneManager (OzoneManager.java:installCheckpoint(3222)) - Replaced DB with checkpoint from OM: omNode-1, term: 1, index: 7
2022-03-09 23:22:20,371 [pool-402-thread-1] WARN  server.ServerUtils (ServerUtils.java:getDBPath(225)) - ozone.om.db.dirs is not configured. We recommend adding this setting. Falling back to ozone.metadata.dirs instead.
2022-03-09 23:22:20,373 [pool-402-thread-1] INFO  codec.OmKeyInfoCodec (OmKeyInfoCodec.java:<init>(50)) - OmKeyInfoCodec ignorePipeline = true
2022-03-09 23:22:20,373 [pool-402-thread-1] INFO  codec.RepeatedOmKeyInfoCodec (RepeatedOmKeyInfoCodec.java:<init>(42)) - RepeatedOmKeyInfoCodec ignorePipeline = true
2022-03-09 23:22:20,462 [pool-402-thread-1] INFO  om.OzoneManager (OzoneManager.java:startTrashEmptier(1792)) - Trash Interval set to 0. Files deleted will not move to trash
2022-03-09 23:22:20,466 [pool-402-thread-1] INFO  om.OzoneManager (OzoneManager.java:installCheckpoint(3240)) - Reloaded OM state with Term: 1 and Index: 7
2022-03-09 23:22:20,466 [pool-402-thread-1] INFO  server.RaftServer$Division (RaftServerImpl.java:lambda$notifyStateMachineToInstallSnapshot$30(1595)) - omNode-bootstrap-2@group-0AAC5367B30E: StateMachine successfully installed snapshot index 7. Reloading the StateMachine.
2022-03-09 23:22:20,466 [pool-402-thread-1] INFO  ratis.OzoneManagerDoubleBuffer (OzoneManagerDoubleBuffer.java:stop(437)) - Stopping OMDoubleBuffer flush thread
2022-03-09 23:22:20,466 [OMDoubleBufferFlushThread] INFO  ratis.OzoneManagerDoubleBuffer (OzoneManagerDoubleBuffer.java:flushTransactions(356)) - OMDoubleBuffer flush thread OMDoubleBufferFlushThread is interrupted and will exit. OMDoubleBufferFlushThread
2022-03-09 23:22:20,466 [pool-402-thread-1] INFO  segmented.SegmentedRaftLogWorker (SegmentedRaftLogWorker.java:lambda$new$0(133)) - omNode-bootstrap-2@group-0AAC5367B30E-SegmentedRaftLogWorker: flushIndex: setUnconditionally -1 -> 7
2022-03-09 23:22:20,466 [pool-402-thread-1] INFO  segmented.SegmentedRaftLogWorker (SegmentedRaftLogWorker.java:lambda$new$0(133)) - omNode-bootstrap-2@group-0AAC5367B30E-SegmentedRaftLogWorker: safeCacheEvictIndex: setUnconditionally -1 -> 7
2022-03-09 23:22:20,467 [pool-402-thread-1] INFO  raftlog.RaftLog (RaftLogBase.java:lambda$new$0(53)) - omNode-bootstrap-2@group-0AAC5367B30E-SegmentedRaftLog: snapshotIndex: updateIncreasingly -1 -> 7
2022-03-09 23:22:20,467 [grpc-default-executor-2] INFO  server.RaftServer$Division (RaftServerImpl.java:notifyStateMachineToInstallSnapshot(1638)) - omNode-bootstrap-2@group-0AAC5367B30E: InstallSnapshot notification result: SNAPSHOT_INSTALLED, at index: 7
2022-03-09 23:22:20,467 [omNode-bootstrap-2@group-0AAC5367B30E-StateMachineUpdater] INFO  ratis.OzoneManagerStateMachine (OzoneManagerStateMachine.java:loadSnapshotInfoFromDB(605)) - LastAppliedIndex is set from TransactionInfo from OM DB as (t:1, i:7)
2022-03-09 23:22:20,467 [grpc-default-executor-2] INFO  server.RaftServer$Division (RaftServerImpl.java:installSnapshotImpl(1462)) - omNode-bootstrap-2@group-0AAC5367B30E: set new configuration configurationEntry {
  peers {
    id: "omNode-1"
    address: "localhost:46619"
  }
}
 from snapshot
2022-03-09 23:22:20,467 [omNode-bootstrap-2@group-0AAC5367B30E-StateMachineUpdater] INFO  impl.StateMachineUpdater (StateMachineUpdater.java:lambda$new$0(89)) - omNode-bootstrap-2@group-0AAC5367B30E-StateMachineUpdater: snapshotIndex: setUnconditionally -1 -> 7
2022-03-09 23:22:20,467 [omNode-bootstrap-2@group-0AAC5367B30E-StateMachineUpdater] INFO  impl.StateMachineUpdater (StateMachineUpdater.java:lambda$new$0(89)) - omNode-bootstrap-2@group-0AAC5367B30E-StateMachineUpdater: appliedIndex: setUnconditionally -1 -> 7
2022-03-09 23:22:20,469 [grpc-default-executor-2] INFO  server.RaftServer$Division (ServerState.java:setRaftConf(387)) - omNode-bootstrap-2@group-0AAC5367B30E: set configuration 0: [omNode-1|rpc:localhost:46619|admin:|client:|dataStream:|priority:0], old=null
2022-03-09 23:22:20,469 [grpc-default-executor-2] INFO  ratis.OzoneManagerStateMachine (OzoneManagerStateMachine.java:notifyConfigurationChanged(188)) - Received Configuration change notification from Ratis. New Peer list:
[id: "omNode-1"
address: "localhost:46619"
]
2022-03-09 23:22:20,469 [grpc-default-executor-2] INFO  ratis.OzoneManagerRatisServer (OzoneManagerRatisServer.java:addRaftPeer(400)) - Added OM omNode-1 to Ratis Peers list.
2022-03-09 23:22:20,469 [grpc-default-executor-2] INFO  om.OzoneManager (OzoneManager.java:addOMNodeToPeers(1712)) - Added OM omNode-1 to the Peer list.
2022-03-09 23:22:20,470 [grpc-default-executor-2] INFO  server.RaftServer$Division (RaftServerImpl.java:installSnapshot(1343)) - omNode-bootstrap-2@group-0AAC5367B30E: reply installSnapshot: omNode-1<-omNode-bootstrap-2#0:FAIL-t0,SNAPSHOT_INSTALLED,snapshotIndex=7
2022-03-09 23:22:20,470 [grpc-default-executor-2] INFO  server.GrpcServerProtocolService (GrpcServerProtocolService.java:onCompleted(140)) - omNode-bootstrap-2: Completed INSTALL_SNAPSHOT, lastRequest: omNode-1->omNode-bootstrap-2#0-t1,notify:(t:1, i:8)
2022-03-09 23:22:20,474 [grpc-default-executor-2] INFO  impl.RoleInfo (RoleInfo.java:updateAndGet(130)) - omNode-bootstrap-2: start omNode-bootstrap-2@group-0AAC5367B30E-FollowerState
2022-03-09 23:22:20,489 [grpc-default-executor-2] INFO  segmented.SegmentedRaftLogWorker (SegmentedRaftLogWorker.java:startLogSegment(394)) - omNode-bootstrap-2@group-0AAC5367B30E-SegmentedRaftLogWorker: Starting segment from index:8
2022-03-09 23:22:20,500 [omNode-bootstrap-2@group-0AAC5367B30E-SegmentedRaftLogWorker] INFO  segmented.SegmentedRaftLogWorker (SegmentedRaftLogWorker.java:execute(601)) - omNode-bootstrap-2@group-0AAC5367B30E-SegmentedRaftLogWorker: created new log segment /home/runner/work/ozone/ozone/hadoop-ozone/integration-test/target/test-dir/MiniOzoneClusterImpl-4dc72195-aa51-421e-b53c-5a05ad500575/omNode-bootstrap-2/ratis/0718e334-ffa1-36bc-8e9a-0aac5367b30e/current/log_inprogress_8
2022-03-09 23:22:20,517 [omNode-1@group-0AAC5367B30E-LeaderStateImpl] INFO  server.RaftServer$Division (ServerState.java:setRaftConf(387)) - omNode-1@group-0AAC5367B30E: set configuration 9: [omNode-bootstrap-2|rpc:localhost:37711|priority:0, omNode-1|rpc:localhost:46619|priority:0], old=[omNode-1|rpc:localhost:46619|admin:|client:|dataStream:|priority:0]
2022-03-09 23:22:20,518 [grpc-default-executor-2] INFO  server.RaftServer$Division (ServerState.java:setRaftConf(387)) - omNode-bootstrap-2@group-0AAC5367B30E: set configuration 9: [omNode-bootstrap-2|rpc:localhost:37711|admin:|client:|dataStream:|priority:0, omNode-1|rpc:localhost:46619|admin:|client:|dataStream:|priority:0], old=[omNode-1|rpc:localhost:46619|admin:|client:|dataStream:|priority:0]
2022-03-09 23:22:20,525 [omNode-1@group-0AAC5367B30E-StateMachineUpdater] INFO  ratis.OzoneManagerStateMachine (OzoneManagerStateMachine.java:notifyConfigurationChanged(188)) - Received Configuration change notification from Ratis. New Peer list:
[id: "omNode-bootstrap-2"
address: "localhost:37711"
, id: "omNode-1"
address: "localhost:46619"
]
2022-03-09 23:22:20,526 [omNode-1@group-0AAC5367B30E-LeaderStateImpl] INFO  server.RaftServer$Division (ServerState.java:setRaftConf(387)) - omNode-1@group-0AAC5367B30E: set configuration 11: [omNode-bootstrap-2|rpc:localhost:37711|priority:0, omNode-1|rpc:localhost:46619|priority:0], old=null
2022-03-09 23:22:20,527 [grpc-default-executor-2] INFO  server.RaftServer$Division (ServerState.java:setRaftConf(387)) - omNode-bootstrap-2@group-0AAC5367B30E: set configuration 11: [omNode-bootstrap-2|rpc:localhost:37711|admin:|client:|dataStream:|priority:0, omNode-1|rpc:localhost:46619|admin:|client:|dataStream:|priority:0], old=null
2022-03-09 23:22:20,527 [omNode-1@group-0AAC5367B30E-StateMachineUpdater] ERROR om.OzoneManager (OzoneManager.java:addOMNodeToPeers(1699)) - omNode-1: Couldn't add OM omNode-bootstrap-2 to peer list.
2022-03-09 23:22:20,527 [omNode-1@group-0AAC5367B30E-StateMachineUpdater] ERROR ozone.MiniOzoneHAClusterImpl (MiniOzoneHAClusterImpl.java:exitSystem(1076)) - omNode-1 - System Exit: There is no OM configuration for node ID omNode-bootstrap-2 in ozone-site.xml.
java.io.IOException: There is no OM configuration for node ID omNode-bootstrap-2 in ozone-site.xml.
	at org.apache.hadoop.ozone.om.OzoneManager.addOMNodeToPeers(OzoneManager.java:1694)
	at org.apache.hadoop.ozone.om.OzoneManager.updatePeerList(OzoneManager.java:1635)
	at org.apache.hadoop.ozone.om.ratis.OzoneManagerStateMachine.notifyConfigurationChanged(OzoneManagerStateMachine.java:196)
	at org.apache.ratis.server.impl.RaftServerImpl.applyLogToStateMachine(RaftServerImpl.java:1708)
	at org.apache.ratis.server.impl.StateMachineUpdater.applyLog(StateMachineUpdater.java:234)
	at org.apache.ratis.server.impl.StateMachineUpdater.run(StateMachineUpdater.java:179)
	at java.lang.Thread.run(Thread.java:750)
2022-03-09 23:22:20,529 [omNode-1@group-0AAC5367B30E-StateMachineUpdater] INFO  om.OzoneManager (OzoneManager.java:stop(1893)) - omNode-1[localhost:34785]: Stopping Ozone Manager
2022-03-09 23:22:20,530 [omNode-1@group-0AAC5367B30E-StateMachineUpdater] INFO  ipc.Server (Server.java:stop(3414)) - Stopping server on 34785
2022-03-09 23:22:20,530 [omNode-bootstrap-2@group-0AAC5367B30E-StateMachineUpdater] INFO  ratis.OzoneManagerStateMachine (OzoneManagerStateMachine.java:notifyConfigurationChanged(188)) - Received Configuration change notification from Ratis. New Peer list:
[id: "omNode-bootstrap-2"
address: "localhost:37711"
, id: "omNode-1"
address: "localhost:46619"
]
2022-03-09 23:22:20,530 [omNode-bootstrap-2@group-0AAC5367B30E-StateMachineUpdater] INFO  ratis.OzoneManagerRatisServer (OzoneManagerRatisServer.java:addRaftPeer(400)) - Added OM omNode-bootstrap-2 to Ratis Peers list.
2022-03-09 23:22:20,531 [omNode-bootstrap-2@group-0AAC5367B30E-StateMachineUpdater] INFO  ratis.OzoneManagerRatisServer (OzoneManagerRatisServer.java:addRaftPeer(400)) - Added OM omNode-1 to Ratis Peers list.
2022-03-09 23:22:20,533 [IPC Server handler 7 on default port 34785] INFO  ratis.OzoneManagerRatisServer (OzoneManagerRatisServer.java:addOMToRatisRing(323)) - Added OM omNode-bootstrap-2 to Ratis group group-0AAC5367B30E.
2022-03-09 23:22:20,534 [Listener at 127.0.0.1/33727] INFO  om.OzoneManager (OzoneManager.java:bootstrap(1584)) - Successfully bootstrapped OM omNode-bootstrap-2 and joined the Ratis group group-0AAC5367B30E:[]
2022-03-09 23:22:20,534 [Listener at 127.0.0.1/33727] INFO  ozone.MiniOzoneHAClusterImpl (MiniOzoneHAClusterImpl.java:bootstrapOzoneManager(776)) - Bootstrapped OzoneManager omNode-bootstrap-2 RPC server at localhost/127.0.0.1:33727
2022-03-09 23:22:20,534 [Listener at 127.0.0.1/33727] INFO  ozone.MiniOzoneClusterImpl (MiniOzoneClusterImpl.java:shutdown(449)) - Shutting down the Mini Ozone Cluster
2022-03-09 23:22:20,535 [Listener at 127.0.0.1/33727] INFO  ozone.MiniOzoneHAClusterImpl (MiniOzoneHAClusterImpl.java:stop(308)) - Stopping the OzoneManager omNode-1
2022-03-09 23:22:20,535 [Listener at 127.0.0.1/33727] INFO  om.OzoneManager (OzoneManager.java:stop(1893)) - omNode-1[localhost:34785]: Stopping Ozone Manager
2022-03-09 23:22:20,539 [omNode-bootstrap-2@group-0AAC5367B30E-StateMachineUpdater] INFO  ratis.OzoneManagerStateMachine (OzoneManagerStateMachine.java:notifyConfigurationChanged(188)) - Received Configuration change notification from Ratis. New Peer list:
[id: "omNode-bootstrap-2"
address: "localhost:37711"
, id: "omNode-1"
address: "localhost:46619"
]
2022-03-09 23:22:20,548 [IPC Server listener on 34785] INFO  ipc.Server (Server.java:run(1376)) - Stopping IPC Server listener on 34785
2022-03-09 23:22:20,549 [Listener at 127.0.0.1/33727] INFO  ipc.Server (Server.java:stop(3414)) - Stopping server on 34785
2022-03-09 23:22:20,550 [IPC Server Responder] INFO  ipc.Server (Server.java:run(1512)) - Stopping IPC Server Responder
2022-03-09 23:22:20,552 [omNode-1@group-0AAC5367B30E-StateMachineUpdater] INFO  server.RaftServer (RaftServerProxy.java:lambda$close$6(391)) - omNode-1: close
2022-03-09 23:22:20,552 [org.apache.ratis.util.JvmPauseMonitor$$Lambda$435/1210881341@448beede] INFO  util.JvmPauseMonitor (JvmPauseMonitor.java:run(109)) - JvmPauseMonitor-omNode-1: Stopped
2022-03-09 23:22:20,552 [Listener at 127.0.0.1/33727] INFO  ratis.OzoneManagerDoubleBuffer (OzoneManagerDoubleBuffer.java:stop(437)) - Stopping OMDoubleBuffer flush thread
2022-03-09 23:22:20,553 [OMDoubleBufferFlushThread] INFO  ratis.OzoneManagerDoubleBuffer (OzoneManagerDoubleBuffer.java:flushTransactions(356)) - OMDoubleBuffer flush thread OMDoubleBufferFlushThread is interrupted and will exit. OMDoubleBufferFlushThread
2022-03-09 23:22:20,553 [Listener at 127.0.0.1/33727] INFO  utils.BackgroundService (BackgroundService.java:shutdown(132)) - Shutting down service KeyDeletingService
2022-03-09 23:22:20,553 [Listener at 127.0.0.1/33727] INFO  utils.BackgroundService (BackgroundService.java:shutdown(132)) - Shutting down service DirectoryDeletingService
2022-03-09 23:22:20,553 [Listener at 127.0.0.1/33727] INFO  handler.ContextHandler (ContextHandler.java:doStop(1153)) - Stopped o.e.j.w.WebAppContext@2cf73272{ozoneManager,/,null,STOPPED}{file:/home/runner/work/ozone/ozone/hadoop-ozone/integration-test/target/test-classes/webapps/ozoneManager}
2022-03-09 23:22:20,554 [Listener at 127.0.0.1/33727] INFO  server.AbstractConnector (AbstractConnector.java:doStop(381)) - Stopped ServerConnector@30ecfe0f{HTTP/1.1, (http/1.1)}{0.0.0.0:42237}
2022-03-09 23:22:20,554 [Listener at 127.0.0.1/33727] INFO  server.session (HouseKeeper.java:stopScavenging(149)) - node0 Stopped scavenging
2022-03-09 23:22:20,554 [Listener at 127.0.0.1/33727] INFO  handler.ContextHandler (ContextHandler.java:doStop(1153)) - Stopped o.e.j.s.ServletContextHandler@5505a5a4{static,/static,file:///home/runner/work/ozone/ozone/hadoop-ozone/integration-test/target/test-classes/webapps/static,STOPPED}
2022-03-09 23:22:20,554 [Listener at 127.0.0.1/33727] INFO  handler.ContextHandler (ContextHandler.java:doStop(1153)) - Stopped o.e.j.s.ServletContextHandler@638d25e0{logs,/logs,file:///home/runner/work/ozone/ozone/hadoop-ozone/integration-test/target/log,STOPPED}
2022-03-09 23:22:20,559 [omNode-1@group-0AAC5367B30E-StateMachineUpdater] INFO  server.RaftServer$Division (RaftServerImpl.java:lambda$close$4(412)) - omNode-1@group-0AAC5367B30E: shutdown
2022-03-09 23:22:20,559 [omNode-1@group-0AAC5367B30E-StateMachineUpdater] INFO  util.JmxRegister (JmxRegister.java:unregister(73)) - Successfully un-registered JMX Bean with object name Ratis:service=RaftServer,group=group-0AAC5367B30E,id=omNode-1
2022-03-09 23:22:20,559 [omNode-1@group-0AAC5367B30E-StateMachineUpdater] INFO  impl.RoleInfo (RoleInfo.java:shutdownLeaderState(91)) - omNode-1: shutdown omNode-1@group-0AAC5367B30E-LeaderStateImpl
2022-03-09 23:22:20,559 [omNode-1@group-0AAC5367B30E-StateMachineUpdater] INFO  impl.PendingRequests (PendingRequests.java:sendNotLeaderResponses(282)) - omNode-1@group-0AAC5367B30E-PendingRequests: sendNotLeaderResponses
2022-03-09 23:22:20,560 [grpc-default-executor-2] INFO  server.GrpcServerProtocolService (GrpcServerProtocolService.java:onCompleted(140)) - omNode-bootstrap-2: Completed APPEND_ENTRIES, lastRequest: omNode-1->omNode-bootstrap-2#8-t1,previous=(t:1, i:11),leaderCommit=11,initializing? true,entries: size=1, first=(t:1, i:12), METADATAENTRY(c:11)
2022-03-09 23:22:20,564 [omNode-1@group-0AAC5367B30E-StateMachineUpdater] INFO  impl.StateMachineUpdater (StateMachineUpdater.java:stopAndJoin(149)) - omNode-1@group-0AAC5367B30E-StateMachineUpdater: set stopIndex = 12
2022-03-09 23:22:20,564 [Listener at 127.0.0.1/33727] INFO  ozone.MiniOzoneHAClusterImpl (MiniOzoneHAClusterImpl.java:stop(308)) - Stopping the OzoneManager omNode-bootstrap-1
2022-03-09 23:22:20,569 [Listener at 127.0.0.1/33727] INFO  om.OzoneManager (OzoneManager.java:stop(1893)) - omNode-bootstrap-1[localhost:35231]: Stopping Ozone Manager
2022-03-09 23:22:20,569 [Listener at 127.0.0.1/33727] INFO  ipc.Server (Server.java:stop(3414)) - Stopping server on 35231
2022-03-09 23:22:20,569 [Listener at 127.0.0.1/33727] INFO  ozone.MiniOzoneHAClusterImpl (MiniOzoneHAClusterImpl.java:stop(308)) - Stopping the OzoneManager omNode-bootstrap-2
2022-03-09 23:22:20,569 [Listener at 127.0.0.1/33727] INFO  om.OzoneManager (OzoneManager.java:stop(1893)) - omNode-bootstrap-2[localhost:33727]: Stopping Ozone Manager
2022-03-09 23:22:20,569 [Listener at 127.0.0.1/33727] INFO  ipc.Server (Server.java:stop(3414)) - Stopping server on 33727
2022-03-09 23:22:20,570 [EndpointStateMachine task thread for /127.0.0.1:43683 - 0 ] INFO  ipc.Client (Client.java:handleConnectionFailure(977)) - Retrying connect to server: localhost/127.0.0.1:43683. Already tried 7 time(s); retry policy is RetryUpToMaximumCountWithFixedSleep(maxRetries=15, sleepTime=1000 MILLISECONDS)
2022-03-09 23:22:20,577 [IPC Server Responder] INFO  ipc.Server (Server.java:run(1512)) - Stopping IPC Server Responder
2022-03-09 23:22:20,577 [IPC Server listener on 33727] INFO  ipc.Server (Server.java:run(1376)) - Stopping IPC Server listener on 33727
2022-03-09 23:22:20,580 [Listener at 127.0.0.1/33727] INFO  server.RaftServer (RaftServerProxy.java:lambda$close$6(391)) - omNode-bootstrap-2: close
2022-03-09 23:22:20,580 [Listener at 127.0.0.1/33727] INFO  server.RaftServer$Division (RaftServerImpl.java:lambda$close$4(412)) - omNode-bootstrap-2@group-0AAC5367B30E: shutdown
2022-03-09 23:22:20,580 [Listener at 127.0.0.1/33727] INFO  util.JmxRegister (JmxRegister.java:unregister(73)) - Successfully un-registered JMX Bean with object name Ratis:service=RaftServer,group=group-0AAC5367B30E,id=omNode-bootstrap-2
2022-03-09 23:22:20,580 [Listener at 127.0.0.1/33727] INFO  impl.RoleInfo (RoleInfo.java:shutdownFollowerState(108)) - omNode-bootstrap-2: shutdown omNode-bootstrap-2@group-0AAC5367B30E-FollowerState
2022-03-09 23:22:20,580 [Listener at 127.0.0.1/33727] INFO  impl.StateMachineUpdater (StateMachineUpdater.java:stopAndJoin(149)) - omNode-bootstrap-2@group-0AAC5367B30E-StateMachineUpdater: set stopIndex = 11
2022-03-09 23:22:20,580 [omNode-bootstrap-2@group-0AAC5367B30E-StateMachineUpdater] INFO  ratis.OzoneManagerStateMachine (OzoneManagerStateMachine.java:takeSnapshot(417)) - Current Snapshot Index (t:1, i:11)
2022-03-09 23:22:20,581 [omNode-bootstrap-2@group-0AAC5367B30E-StateMachineUpdater] INFO  impl.StateMachineUpdater (StateMachineUpdater.java:takeSnapshot(281)) - omNode-bootstrap-2@group-0AAC5367B30E-StateMachineUpdater: Took a snapshot at index 11
2022-03-09 23:22:20,581 [omNode-bootstrap-2@group-0AAC5367B30E-StateMachineUpdater] INFO  impl.StateMachineUpdater (StateMachineUpdater.java:lambda$new$0(89)) - omNode-bootstrap-2@group-0AAC5367B30E-StateMachineUpdater: snapshotIndex: updateIncreasingly 7 -> 11
2022-03-09 23:22:20,581 [omNode-bootstrap-2@group-0AAC5367B30E-StateMachineUpdater] INFO  ratis.OzoneManagerStateMachine (OzoneManagerStateMachine.java:close(471)) - StateMachine has shutdown. Shutdown OzoneManager if not already shutdown.
2022-03-09 23:22:20,581 [Listener at 127.0.0.1/33727] INFO  server.RaftServer$Division (ServerState.java:close(419)) - omNode-bootstrap-2@group-0AAC5367B30E: closes. applyIndex: 11
2022-03-09 23:22:20,581 [omNode-bootstrap-2@group-0AAC5367B30E-SegmentedRaftLogWorker] INFO  segmented.SegmentedRaftLogWorker (SegmentedRaftLogWorker.java:run(327)) - omNode-bootstrap-2@group-0AAC5367B30E-SegmentedRaftLogWorker was interrupted, exiting. There are 0 tasks remaining in the queue.
2022-03-09 23:22:20,582 [Listener at 127.0.0.1/33727] INFO  segmented.SegmentedRaftLogWorker (SegmentedRaftLogWorker.java:close(237)) - omNode-bootstrap-2@group-0AAC5367B30E-SegmentedRaftLogWorker close()
2022-03-09 23:22:20,584 [Listener at 127.0.0.1/33727] INFO  server.GrpcService (GrpcService.java:closeImpl(262)) - omNode-bootstrap-2: shutdown server with port 37711 now
2022-03-09 23:22:20,586 [omNode-bootstrap-2@group-0AAC5367B30E-FollowerState] INFO  impl.FollowerState (FollowerState.java:run(143)) - omNode-bootstrap-2@group-0AAC5367B30E-FollowerState was interrupted: {}
java.lang.InterruptedException: sleep interrupted
	at java.lang.Thread.sleep(Native Method)
	at java.lang.Thread.sleep(Thread.java:342)
	at java.util.concurrent.TimeUnit.sleep(TimeUnit.java:386)
	at org.apache.ratis.util.TimeDuration.sleep(TimeDuration.java:324)
	at org.apache.ratis.util.TimeDuration.sleep(TimeDuration.java:309)
	at org.apache.ratis.server.impl.FollowerState.run(FollowerState.java:118)
2022-03-09 23:22:20,589 [Listener at 127.0.0.1/33727] INFO  server.GrpcService (GrpcService.java:closeImpl(271)) - omNode-bootstrap-2: shutdown server with port 37711 successfully
2022-03-09 23:22:20,590 [org.apache.ratis.util.JvmPauseMonitor$$Lambda$435/1210881341@7d181baa] INFO  util.JvmPauseMonitor (JvmPauseMonitor.java:run(109)) - JvmPauseMonitor-omNode-bootstrap-2: Stopped
2022-03-09 23:22:20,590 [Listener at 127.0.0.1/33727] INFO  ratis.OzoneManagerDoubleBuffer (OzoneManagerDoubleBuffer.java:stop(437)) - Stopping OMDoubleBuffer flush thread
2022-03-09 23:22:20,590 [OMDoubleBufferFlushThread] INFO  ratis.OzoneManagerDoubleBuffer (OzoneManagerDoubleBuffer.java:flushTransactions(356)) - OMDoubleBuffer flush thread OMDoubleBufferFlushThread is interrupted and will exit. OMDoubleBufferFlushThread
2022-03-09 23:22:20,592 [Listener at 127.0.0.1/33727] INFO  utils.BackgroundService (BackgroundService.java:shutdown(132)) - Shutting down service KeyDeletingService
2022-03-09 23:22:20,593 [Listener at 127.0.0.1/33727] INFO  utils.BackgroundService (BackgroundService.java:shutdown(132)) - Shutting down service DirectoryDeletingService
2022-03-09 23:22:20,597 [Listener at 127.0.0.1/33727] INFO  handler.ContextHandler (ContextHandler.java:doStop(1153)) - Stopped o.e.j.w.WebAppContext@6e155676{ozoneManager,/,null,STOPPED}{file:/home/runner/work/ozone/ozone/hadoop-ozone/integration-test/target/test-classes/webapps/ozoneManager}
2022-03-09 23:22:20,598 [Listener at 127.0.0.1/33727] INFO  server.AbstractConnector (AbstractConnector.java:doStop(381)) - Stopped ServerConnector@3bf2b375{HTTP/1.1, (http/1.1)}{0.0.0.0:44321}
2022-03-09 23:22:20,598 [Listener at 127.0.0.1/33727] INFO  server.session (HouseKeeper.java:stopScavenging(149)) - node0 Stopped scavenging
2022-03-09 23:22:20,598 [Listener at 127.0.0.1/33727] INFO  handler.ContextHandler (ContextHandler.java:doStop(1153)) - Stopped o.e.j.s.ServletContextHandler@3abda84{static,/static,file:///home/runner/work/ozone/ozone/hadoop-ozone/integration-test/target/test-classes/webapps/static,STOPPED}
2022-03-09 23:22:20,598 [Listener at 127.0.0.1/33727] INFO  handler.ContextHandler (ContextHandler.java:doStop(1153)) - Stopped o.e.j.s.ServletContextHandler@8021a9d{logs,/logs,file:///home/runner/work/ozone/ozone/hadoop-ozone/integration-test/target/log,STOPPED}
2022-03-09 23:22:20,602 [Listener at 127.0.0.1/33727] INFO  ozone.MiniOzoneHAClusterImpl (MiniOzoneHAClusterImpl.java:stop(316)) - Stopping the StorageContainerManager b64818b1-8873-42dd-a727-ccc2cc2b6dc9
2022-03-09 23:22:20,603 [Listener at 127.0.0.1/33727] INFO  server.StorageContainerManager (StorageContainerManager.java:stop(1414)) - Stopping Container Balancer service.
2022-03-09 23:22:20,603 [Listener at 127.0.0.1/33727] INFO  balancer.ContainerBalancer (ContainerBalancer.java:stop(802)) - Container Balancer is not running.
2022-03-09 23:22:20,603 [Listener at 127.0.0.1/33727] INFO  server.StorageContainerManager (StorageContainerManager.java:stop(1421)) - Stopping Replication Manager Service.
2022-03-09 23:22:20,603 [Listener at 127.0.0.1/33727] INFO  container.ReplicationManager (ReplicationManager.java:stop(357)) - Stopping Replication Monitor Thread.
2022-03-09 23:22:20,603 [Listener at 127.0.0.1/33727] INFO  server.StorageContainerManager (StorageContainerManager.java:stop(1428)) - Stopping the Datanode Admin Monitor.
2022-03-09 23:22:20,603 [Listener at 127.0.0.1/33727] INFO  server.StorageContainerManager (StorageContainerManager.java:stop(1435)) - Stopping Lease Manager of the command watchers
2022-03-09 23:22:20,603 [Listener at 127.0.0.1/33727] INFO  server.StorageContainerManager (StorageContainerManager.java:stop(1442)) - Stopping datanode service RPC server
2022-03-09 23:22:20,603 [Listener at 127.0.0.1/33727] INFO  server.SCMDatanodeProtocolServer (SCMDatanodeProtocolServer.java:stop(400)) - Stopping the RPC server for DataNodes
2022-03-09 23:22:20,611 [Listener at 127.0.0.1/33727] INFO  ipc.Server (Server.java:stop(3414)) - Stopping server on 42271
2022-03-09 23:22:20,621 [IPC Server listener on 42271] INFO  ipc.Server (Server.java:run(1376)) - Stopping IPC Server listener on 42271
2022-03-09 23:22:20,625 [IPC Server Responder] INFO  ipc.Server (Server.java:run(1512)) - Stopping IPC Server Responder
2022-03-09 23:22:20,828 [SCM Heartbeat Processing Thread - 0] WARN  node.NodeStateManager (NodeStateManager.java:scheduleNextHealthCheck(815)) - Current Thread is interrupted, shutting down HB processing thread for Node Manager.
2022-03-09 23:22:20,828 [Listener at 127.0.0.1/33727] INFO  server.StorageContainerManager (StorageContainerManager.java:stop(1450)) - Stopping block service RPC server
2022-03-09 23:22:20,828 [Listener at 127.0.0.1/33727] INFO  server.SCMBlockProtocolServer (SCMBlockProtocolServer.java:stop(160)) - Stopping the RPC server for Block Protocol
2022-03-09 23:22:20,828 [Listener at 127.0.0.1/33727] INFO  ipc.Server (Server.java:stop(3414)) - Stopping server on 40661
2022-03-09 23:22:20,840 [IPC Server listener on 40661] INFO  ipc.Server (Server.java:run(1376)) - Stopping IPC Server listener on 40661
2022-03-09 23:22:20,840 [Listener at 127.0.0.1/33727] INFO  server.StorageContainerManager (StorageContainerManager.java:stop(1457)) - Stopping the StorageContainerLocationProtocol RPC server
2022-03-09 23:22:20,840 [Listener at 127.0.0.1/33727] INFO  server.SCMClientProtocolServer (SCMClientProtocolServer.java:stop(174)) - Stopping the RPC server for Client Protocol
2022-03-09 23:22:20,840 [Listener at 127.0.0.1/33727] INFO  ipc.Server (Server.java:stop(3414)) - Stopping server on 42627
2022-03-09 23:22:20,841 [IPC Server Responder] INFO  ipc.Server (Server.java:run(1512)) - Stopping IPC Server Responder
2022-03-09 23:22:20,848 [IPC Server listener on 42627] INFO  ipc.Server (Server.java:run(1376)) - Stopping IPC Server listener on 42627
2022-03-09 23:22:20,848 [IPC Server Responder] INFO  ipc.Server (Server.java:run(1512)) - Stopping IPC Server Responder
2022-03-09 23:22:20,848 [Listener at 127.0.0.1/33727] INFO  server.StorageContainerManager (StorageContainerManager.java:stop(1464)) - Stopping Storage Container Manager HTTP server.
2022-03-09 23:22:20,850 [Listener at 127.0.0.1/33727] INFO  handler.ContextHandler (ContextHandler.java:doStop(1153)) - Stopped o.e.j.w.WebAppContext@725516b6{scm,/,null,STOPPED}{file:/home/runner/work/ozone/ozone/hadoop-ozone/integration-test/target/test-classes/webapps/scm}
2022-03-09 23:22:20,851 [Listener at 127.0.0.1/33727] INFO  server.AbstractConnector (AbstractConnector.java:doStop(381)) - Stopped ServerConnector@b9a42ab{HTTP/1.1, (http/1.1)}{0.0.0.0:38691}
2022-03-09 23:22:20,851 [Listener at 127.0.0.1/33727] INFO  server.session (HouseKeeper.java:stopScavenging(149)) - node0 Stopped scavenging
2022-03-09 23:22:20,851 [Listener at 127.0.0.1/33727] INFO  handler.ContextHandler (ContextHandler.java:doStop(1153)) - Stopped o.e.j.s.ServletContextHandler@7d73b95a{static,/static,file:///home/runner/work/ozone/ozone/hadoop-ozone/integration-test/target/test-classes/webapps/static,STOPPED}
2022-03-09 23:22:20,851 [Listener at 127.0.0.1/33727] INFO  handler.ContextHandler (ContextHandler.java:doStop(1153)) - Stopped o.e.j.s.ServletContextHandler@1f63d1bb{logs,/logs,file:///home/runner/work/ozone/ozone/hadoop-ozone/integration-test/target/log,STOPPED}
2022-03-09 23:22:20,852 [Listener at 127.0.0.1/33727] INFO  server.StorageContainerManager (StorageContainerManager.java:stop(1475)) - Stopping Block Manager Service.
2022-03-09 23:22:20,852 [Listener at 127.0.0.1/33727] INFO  utils.BackgroundService (BackgroundService.java:shutdown(132)) - Shutting down service SCMBlockDeletingService
2022-03-09 23:22:20,852 [Listener at 127.0.0.1/33727] INFO  utils.BackgroundService (BackgroundService.java:shutdown(132)) - Shutting down service SCMBlockDeletingService
2022-03-09 23:22:20,852 [Listener at 127.0.0.1/33727] INFO  server.StorageContainerManager (StorageContainerManager.java:stop(1502)) - Stopping SCM Event Queue.
2022-03-09 23:22:20,856 [Listener at 127.0.0.1/33727] INFO  server.StorageContainerManager (StorageContainerManager.java:stop(1513)) - Stopping SCM HA services.
2022-03-09 23:22:20,856 [Listener at 127.0.0.1/33727] INFO  ha.SCMRatisServerImpl (SCMRatisServerImpl.java:stop(236)) - stopping ratis server 0.0.0.0:39949
2022-03-09 23:22:20,856 [Listener at 127.0.0.1/33727] INFO  server.RaftServer (RaftServerProxy.java:lambda$close$6(391)) - b64818b1-8873-42dd-a727-ccc2cc2b6dc9: close
2022-03-09 23:22:20,856 [Listener at 127.0.0.1/33727] INFO  server.RaftServer$Division (RaftServerImpl.java:lambda$close$4(412)) - b64818b1-8873-42dd-a727-ccc2cc2b6dc9@group-5A05AD500575: shutdown
2022-03-09 23:22:20,856 [Listener at 127.0.0.1/33727] INFO  util.JmxRegister (JmxRegister.java:unregister(73)) - Successfully un-registered JMX Bean with object name Ratis:service=RaftServer,group=group-5A05AD500575,id=b64818b1-8873-42dd-a727-ccc2cc2b6dc9
2022-03-09 23:22:20,857 [Listener at 127.0.0.1/33727] INFO  impl.RoleInfo (RoleInfo.java:shutdownLeaderState(91)) - b64818b1-8873-42dd-a727-ccc2cc2b6dc9: shutdown b64818b1-8873-42dd-a727-ccc2cc2b6dc9@group-5A05AD500575-LeaderStateImpl
2022-03-09 23:22:20,857 [Listener at 127.0.0.1/33727] INFO  impl.PendingRequests (PendingRequests.java:sendNotLeaderResponses(282)) - b64818b1-8873-42dd-a727-ccc2cc2b6dc9@group-5A05AD500575-PendingRequests: sendNotLeaderResponses
2022-03-09 23:22:20,857 [Listener at 127.0.0.1/33727] INFO  ha.SCMStateMachine (SCMStateMachine.java:notifyNotLeader(190)) - current leader SCM steps down.
2022-03-09 23:22:20,857 [Listener at 127.0.0.1/33727] INFO  ha.SCMContext (SCMContext.java:updateLeaderAndTerm(90)) - update <isLeader,term> from <true,2> to <false,0>
2022-03-09 23:22:20,857 [Listener at 127.0.0.1/33727] INFO  ha.SCMContext (SCMContext.java:updateLeaderAndTerm(97)) - update <isLeaderReady> from <false> to <false>
2022-03-09 23:22:20,866 [Listener at 127.0.0.1/33727] INFO  impl.StateMachineUpdater (StateMachineUpdater.java:stopAndJoin(149)) - b64818b1-8873-42dd-a727-ccc2cc2b6dc9@group-5A05AD500575-StateMachineUpdater: set stopIndex = 30
2022-03-09 23:22:20,866 [b64818b1-8873-42dd-a727-ccc2cc2b6dc9@group-5A05AD500575-StateMachineUpdater] INFO  ha.SCMStateMachine (SCMStateMachine.java:takeSnapshot(297)) - Current Snapshot Index 30, takeSnapshot took 0 ms
2022-03-09 23:22:20,866 [b64818b1-8873-42dd-a727-ccc2cc2b6dc9@group-5A05AD500575-StateMachineUpdater] INFO  impl.StateMachineUpdater (StateMachineUpdater.java:takeSnapshot(281)) - b64818b1-8873-42dd-a727-ccc2cc2b6dc9@group-5A05AD500575-StateMachineUpdater: Took a snapshot at index 30
2022-03-09 23:22:20,866 [b64818b1-8873-42dd-a727-ccc2cc2b6dc9@group-5A05AD500575-StateMachineUpdater] INFO  impl.StateMachineUpdater (StateMachineUpdater.java:lambda$new$0(89)) - b64818b1-8873-42dd-a727-ccc2cc2b6dc9@group-5A05AD500575-StateMachineUpdater: snapshotIndex: updateIncreasingly -1 -> 30
2022-03-09 23:22:20,867 [Listener at 127.0.0.1/33727] INFO  server.RaftServer$Division (ServerState.java:close(419)) - b64818b1-8873-42dd-a727-ccc2cc2b6dc9@group-5A05AD500575: closes. applyIndex: 30
2022-03-09 23:22:20,876 [b64818b1-8873-42dd-a727-ccc2cc2b6dc9@group-5A05AD500575-SegmentedRaftLogWorker] INFO  segmented.SegmentedRaftLogWorker (SegmentedRaftLogWorker.java:run(327)) - b64818b1-8873-42dd-a727-ccc2cc2b6dc9@group-5A05AD500575-SegmentedRaftLogWorker was interrupted, exiting. There are 0 tasks remaining in the queue.
2022-03-09 23:22:20,877 [Listener at 127.0.0.1/33727] INFO  segmented.SegmentedRaftLogWorker (SegmentedRaftLogWorker.java:close(237)) - b64818b1-8873-42dd-a727-ccc2cc2b6dc9@group-5A05AD500575-SegmentedRaftLogWorker close()
2022-03-09 23:22:20,878 [Listener at 127.0.0.1/33727] INFO  server.GrpcService (GrpcService.java:closeImpl(262)) - b64818b1-8873-42dd-a727-ccc2cc2b6dc9: shutdown server with port 39949 now
2022-03-09 23:22:20,878 [Listener at 127.0.0.1/33727] INFO  server.GrpcService (GrpcService.java:closeImpl(271)) - b64818b1-8873-42dd-a727-ccc2cc2b6dc9: shutdown server with port 39949 successfully
2022-03-09 23:22:20,879 [org.apache.ratis.util.JvmPauseMonitor$$Lambda$435/1210881341@64810a5b] INFO  util.JvmPauseMonitor (JvmPauseMonitor.java:run(109)) - JvmPauseMonitor-b64818b1-8873-42dd-a727-ccc2cc2b6dc9: Stopped
2022-03-09 23:22:20,879 [Listener at 127.0.0.1/33727] INFO  pipeline.BackgroundPipelineCreator (BackgroundPipelineCreator.java:stop(158)) - Stopping RatisPipelineUtilsThread.
2022-03-09 23:22:20,879 [Listener at 127.0.0.1/33727] INFO  server.StorageContainerManager (StorageContainerManager.java:stop(1523)) - Stopping SCM MetadataStore.
2022-03-09 23:22:20,880 [Listener at 127.0.0.1/33727] INFO  impl.MetricsSystemImpl (MetricsSystemImpl.java:stop(210)) - Stopping OzoneManager metrics system...
2022-03-09 23:22:20,892 [prometheus] INFO  impl.MetricsSinkAdapter (MetricsSinkAdapter.java:publishMetricsFromQueue(141)) - prometheus thread interrupted.
2022-03-09 23:22:20,892 [Listener at 127.0.0.1/33727] INFO  impl.MetricsSystemImpl (MetricsSystemImpl.java:stop(216)) - OzoneManager metrics system stopped.
2022-03-09 23:22:20,892 [Listener at 127.0.0.1/33727] INFO  ozone.MiniOzoneClusterImpl (MiniOzoneClusterImpl.java:stop(464)) - Stopping the Mini Ozone Cluster
2022-03-09 23:22:20,892 [Listener at 127.0.0.1/33727] INFO  ozone.MiniOzoneClusterImpl (MiniOzoneClusterImpl.java:stopDatanodes(523)) - Stopping the HddsDatanodes
2022-03-09 23:22:21,570 [EndpointStateMachine task thread for /127.0.0.1:42271 - 0 ] WARN  statemachine.EndpointStateMachine (EndpointStateMachine.java:logIfNeeded(236)) - Unable to communicate to SCM server at 127.0.0.1:42271 for past 0 seconds.
java.io.EOFException: End of File Exception between local host is: "fv-az184-819/10.1.0.60"; destination host is: "localhost":42271; : java.io.EOFException; For more details see:  http://wiki.apache.org/hadoop/EOFException
	at sun.reflect.NativeConstructorAccessorImpl.newInstance0(Native Method)
	at sun.reflect.NativeConstructorAccessorImpl.newInstance(NativeConstructorAccessorImpl.java:62)
	at sun.reflect.DelegatingConstructorAccessorImpl.newInstance(DelegatingConstructorAccessorImpl.java:45)
	at java.lang.reflect.Constructor.newInstance(Constructor.java:423)
	at org.apache.hadoop.net.NetUtils.wrapWithMessage(NetUtils.java:913)
	at org.apache.hadoop.net.NetUtils.wrapException(NetUtils.java:862)
	at org.apache.hadoop.ipc.Client.getRpcResponse(Client.java:1577)
	at org.apache.hadoop.ipc.Client.call(Client.java:1519)
	at org.apache.hadoop.ipc.Client.call(Client.java:1416)
	at org.apache.hadoop.ipc.ProtobufRpcEngine$Invoker.invoke(ProtobufRpcEngine.java:236)
	at org.apache.hadoop.ipc.ProtobufRpcEngine$Invoker.invoke(ProtobufRpcEngine.java:123)
	at com.sun.proxy.$Proxy47.submitRequest(Unknown Source)
	at org.apache.hadoop.ozone.protocolPB.StorageContainerDatanodeProtocolClientSideTranslatorPB.submitRequest(StorageContainerDatanodeProtocolClientSideTranslatorPB.java:117)
	at org.apache.hadoop.ozone.protocolPB.StorageContainerDatanodeProtocolClientSideTranslatorPB.sendHeartbeat(StorageContainerDatanodeProtocolClientSideTranslatorPB.java:149)
	at org.apache.hadoop.ozone.container.common.states.endpoint.HeartbeatEndpointTask.call(HeartbeatEndpointTask.java:180)
	at org.apache.hadoop.ozone.container.common.states.endpoint.HeartbeatEndpointTask.call(HeartbeatEndpointTask.java:83)
	at java.util.concurrent.FutureTask.run(FutureTask.java:266)
	at java.util.concurrent.ThreadPoolExecutor.runWorker(ThreadPoolExecutor.java:1149)
	at java.util.concurrent.ThreadPoolExecutor$Worker.run(ThreadPoolExecutor.java:624)
	at java.lang.Thread.run(Thread.java:750)
Caused by: java.io.EOFException
	at java.io.DataInputStream.readInt(DataInputStream.java:392)
	at org.apache.hadoop.ipc.Client$IpcStreams.readResponse(Client.java:1892)
	at org.apache.hadoop.ipc.Client$Connection.receiveRpcResponse(Client.java:1202)
	at org.apache.hadoop.ipc.Client$Connection.run(Client.java:1098)
2022-03-09 23:22:21,571 [EndpointStateMachine task thread for /127.0.0.1:43683 - 0 ] INFO  ipc.Client (Client.java:handleConnectionFailure(977)) - Retrying connect to server: localhost/127.0.0.1:43683. Already tried 8 time(s); retry policy is RetryUpToMaximumCountWithFixedSleep(maxRetries=15, sleepTime=1000 MILLISECONDS)
2022-03-09 23:22:22,576 [EndpointStateMachine task thread for /127.0.0.1:43683 - 0 ] INFO  ipc.Client (Client.java:handleConnectionFailure(977)) - Retrying connect to server: localhost/127.0.0.1:43683. Already tried 9 time(s); retry policy is RetryUpToMaximumCountWithFixedSleep(maxRetries=15, sleepTime=1000 MILLISECONDS)
2022-03-09 23:22:23,570 [EndpointStateMachine task thread for /127.0.0.1:42271 - 0 ] INFO  ipc.Client (Client.java:handleConnectionFailure(977)) - Retrying connect to server: localhost/127.0.0.1:42271. Already tried 0 time(s); retry policy is RetryUpToMaximumCountWithFixedSleep(maxRetries=15, sleepTime=1000 MILLISECONDS)
2022-03-09 23:22:23,577 [EndpointStateMachine task thread for /127.0.0.1:43683 - 0 ] INFO  ipc.Client (Client.java:handleConnectionFailure(977)) - Retrying connect to server: localhost/127.0.0.1:43683. Already tried 10 time(s); retry policy is RetryUpToMaximumCountWithFixedSleep(maxRetries=15, sleepTime=1000 MILLISECONDS)
2022-03-09 23:22:24,571 [EndpointStateMachine task thread for /127.0.0.1:42271 - 0 ] INFO  ipc.Client (Client.java:handleConnectionFailure(977)) - Retrying connect to server: localhost/127.0.0.1:42271. Already tried 1 time(s); retry policy is RetryUpToMaximumCountWithFixedSleep(maxRetries=15, sleepTime=1000 MILLISECONDS)
2022-03-09 23:22:24,577 [EndpointStateMachine task thread for /127.0.0.1:43683 - 0 ] INFO  ipc.Client (Client.java:handleConnectionFailure(977)) - Retrying connect to server: localhost/127.0.0.1:43683. Already tried 11 time(s); retry policy is RetryUpToMaximumCountWithFixedSleep(maxRetries=15, sleepTime=1000 MILLISECONDS)
2022-03-09 23:22:25,572 [EndpointStateMachine task thread for /127.0.0.1:42271 - 0 ] INFO  ipc.Client (Client.java:handleConnectionFailure(977)) - Retrying connect to server: localhost/127.0.0.1:42271. Already tried 2 time(s); retry policy is RetryUpToMaximumCountWithFixedSleep(maxRetries=15, sleepTime=1000 MILLISECONDS)
2022-03-09 23:22:25,578 [EndpointStateMachine task thread for /127.0.0.1:43683 - 0 ] INFO  ipc.Client (Client.java:handleConnectionFailure(977)) - Retrying connect to server: localhost/127.0.0.1:43683. Already tried 12 time(s); retry policy is RetryUpToMaximumCountWithFixedSleep(maxRetries=15, sleepTime=1000 MILLISECONDS)
2022-03-09 23:22:25,893 [ForkJoinPool.commonPool-worker-1] INFO  ozoneimpl.OzoneContainer (OzoneContainer.java:stop(356)) - Attempting to stop container services.
2022-03-09 23:22:25,894 [Listener at 127.0.0.1/33727] INFO  ozoneimpl.OzoneContainer (OzoneContainer.java:stop(356)) - Attempting to stop container services.
2022-03-09 23:22:25,895 [ForkJoinPool.commonPool-worker-1] INFO  server.RaftServer (RaftServerProxy.java:lambda$close$6(391)) - c63223b5-be61-406f-9e1d-de013a7c88f2: close
2022-03-09 23:22:25,895 [ForkJoinPool.commonPool-worker-1] INFO  server.RaftServer$Division (RaftServerImpl.java:lambda$close$4(412)) - c63223b5-be61-406f-9e1d-de013a7c88f2@group-90C48195E2E9: shutdown
2022-03-09 23:22:25,895 [ForkJoinPool.commonPool-worker-1] INFO  util.JmxRegister (JmxRegister.java:unregister(73)) - Successfully un-registered JMX Bean with object name Ratis:service=RaftServer,group=group-90C48195E2E9,id=c63223b5-be61-406f-9e1d-de013a7c88f2
2022-03-09 23:22:25,895 [ForkJoinPool.commonPool-worker-1] INFO  impl.RoleInfo (RoleInfo.java:shutdownLeaderState(91)) - c63223b5-be61-406f-9e1d-de013a7c88f2: shutdown c63223b5-be61-406f-9e1d-de013a7c88f2@group-90C48195E2E9-LeaderStateImpl
2022-03-09 23:22:25,895 [Listener at 127.0.0.1/33727] INFO  server.RaftServer (RaftServerProxy.java:lambda$close$6(391)) - 7635f643-f2cd-4c2b-8e7b-e85076804bf4: close
2022-03-09 23:22:25,895 [Listener at 127.0.0.1/33727] INFO  server.RaftServer$Division (RaftServerImpl.java:lambda$close$4(412)) - 7635f643-f2cd-4c2b-8e7b-e85076804bf4@group-90C48195E2E9: shutdown
2022-03-09 23:22:25,895 [Listener at 127.0.0.1/33727] INFO  util.JmxRegister (JmxRegister.java:unregister(73)) - Successfully un-registered JMX Bean with object name Ratis:service=RaftServer,group=group-90C48195E2E9,id=7635f643-f2cd-4c2b-8e7b-e85076804bf4
2022-03-09 23:22:25,896 [Listener at 127.0.0.1/33727] INFO  impl.RoleInfo (RoleInfo.java:shutdownFollowerState(108)) - 7635f643-f2cd-4c2b-8e7b-e85076804bf4: shutdown 7635f643-f2cd-4c2b-8e7b-e85076804bf4@group-90C48195E2E9-FollowerState
2022-03-09 23:22:25,896 [Listener at 127.0.0.1/33727] INFO  impl.StateMachineUpdater (StateMachineUpdater.java:stopAndJoin(149)) - 7635f643-f2cd-4c2b-8e7b-e85076804bf4@group-90C48195E2E9-StateMachineUpdater: set stopIndex = 0
2022-03-09 23:22:25,896 [7635f643-f2cd-4c2b-8e7b-e85076804bf4@group-90C48195E2E9-FollowerState] INFO  impl.FollowerState (FollowerState.java:run(143)) - 7635f643-f2cd-4c2b-8e7b-e85076804bf4@group-90C48195E2E9-FollowerState was interrupted: {}
java.lang.InterruptedException: sleep interrupted
	at java.lang.Thread.sleep(Native Method)
	at java.lang.Thread.sleep(Thread.java:342)
	at java.util.concurrent.TimeUnit.sleep(TimeUnit.java:386)
	at org.apache.ratis.util.TimeDuration.sleep(TimeDuration.java:324)
	at org.apache.ratis.util.TimeDuration.sleep(TimeDuration.java:309)
	at org.apache.ratis.server.impl.FollowerState.run(FollowerState.java:118)
2022-03-09 23:22:25,895 [ForkJoinPool.commonPool-worker-1] INFO  impl.PendingRequests (PendingRequests.java:sendNotLeaderResponses(282)) - c63223b5-be61-406f-9e1d-de013a7c88f2@group-90C48195E2E9-PendingRequests: sendNotLeaderResponses
2022-03-09 23:22:25,902 [ForkJoinPool.commonPool-worker-1] INFO  impl.StateMachineUpdater (StateMachineUpdater.java:stopAndJoin(149)) - c63223b5-be61-406f-9e1d-de013a7c88f2@group-90C48195E2E9-StateMachineUpdater: set stopIndex = 0
2022-03-09 23:22:25,902 [c63223b5-be61-406f-9e1d-de013a7c88f2@group-90C48195E2E9-StateMachineUpdater] INFO  ratis.ContainerStateMachine (ContainerStateMachine.java:takeSnapshot(304)) - group-90C48195E2E9: Taking a snapshot at:(t:2, i:0) file /home/runner/work/ozone/ozone/hadoop-ozone/integration-test/target/test-dir/MiniOzoneClusterImpl-4dc72195-aa51-421e-b53c-5a05ad500575/datanode-0/data/ratis/d8be044a-68a3-49cd-bee2-90c48195e2e9/sm/snapshot.2_0
2022-03-09 23:22:25,903 [grpc-default-executor-0] INFO  server.GrpcServerProtocolService (GrpcServerProtocolService.java:onCompleted(140)) - f5a405b8-a725-4e34-a81f-28a4d919f7ae: Completed APPEND_ENTRIES, lastRequest: c63223b5-be61-406f-9e1d-de013a7c88f2->f5a405b8-a725-4e34-a81f-28a4d919f7ae#1-t2,previous=(t:0, i:0),leaderCommit=-1,initializing? true,entries: size=1, first=(t:2, i:0), CONFIGURATIONENTRY
2022-03-09 23:22:25,897 [grpc-default-executor-2] INFO  server.GrpcServerProtocolService (GrpcServerProtocolService.java:onCompleted(140)) - 7635f643-f2cd-4c2b-8e7b-e85076804bf4: Completed APPEND_ENTRIES, lastRequest: c63223b5-be61-406f-9e1d-de013a7c88f2->7635f643-f2cd-4c2b-8e7b-e85076804bf4#1-t2,previous=(t:0, i:0),leaderCommit=-1,initializing? true,entries: size=1, first=(t:2, i:0), CONFIGURATIONENTRY
2022-03-09 23:22:25,896 [7635f643-f2cd-4c2b-8e7b-e85076804bf4@group-90C48195E2E9-StateMachineUpdater] INFO  ratis.ContainerStateMachine (ContainerStateMachine.java:takeSnapshot(304)) - group-90C48195E2E9: Taking a snapshot at:(t:2, i:0) file /home/runner/work/ozone/ozone/hadoop-ozone/integration-test/target/test-dir/MiniOzoneClusterImpl-4dc72195-aa51-421e-b53c-5a05ad500575/datanode-1/data/ratis/d8be044a-68a3-49cd-bee2-90c48195e2e9/sm/snapshot.2_0
2022-03-09 23:22:25,904 [c63223b5-be61-406f-9e1d-de013a7c88f2@group-90C48195E2E9-StateMachineUpdater] INFO  ratis.ContainerStateMachine (ContainerStateMachine.java:takeSnapshot(315)) - group-90C48195E2E9: Finished taking a snapshot at:(t:2, i:0) file:/home/runner/work/ozone/ozone/hadoop-ozone/integration-test/target/test-dir/MiniOzoneClusterImpl-4dc72195-aa51-421e-b53c-5a05ad500575/datanode-0/data/ratis/d8be044a-68a3-49cd-bee2-90c48195e2e9/sm/snapshot.2_0 took: 2 ms
2022-03-09 23:22:25,904 [c63223b5-be61-406f-9e1d-de013a7c88f2@group-90C48195E2E9-StateMachineUpdater] INFO  impl.StateMachineUpdater (StateMachineUpdater.java:takeSnapshot(281)) - c63223b5-be61-406f-9e1d-de013a7c88f2@group-90C48195E2E9-StateMachineUpdater: Took a snapshot at index 0
2022-03-09 23:22:25,904 [c63223b5-be61-406f-9e1d-de013a7c88f2@group-90C48195E2E9-StateMachineUpdater] INFO  impl.StateMachineUpdater (StateMachineUpdater.java:lambda$new$0(89)) - c63223b5-be61-406f-9e1d-de013a7c88f2@group-90C48195E2E9-StateMachineUpdater: snapshotIndex: updateIncreasingly -1 -> 0
2022-03-09 23:22:25,907 [7635f643-f2cd-4c2b-8e7b-e85076804bf4@group-90C48195E2E9-StateMachineUpdater] INFO  ratis.ContainerStateMachine (ContainerStateMachine.java:takeSnapshot(315)) - group-90C48195E2E9: Finished taking a snapshot at:(t:2, i:0) file:/home/runner/work/ozone/ozone/hadoop-ozone/integration-test/target/test-dir/MiniOzoneClusterImpl-4dc72195-aa51-421e-b53c-5a05ad500575/datanode-1/data/ratis/d8be044a-68a3-49cd-bee2-90c48195e2e9/sm/snapshot.2_0 took: 10 ms
2022-03-09 23:22:25,907 [7635f643-f2cd-4c2b-8e7b-e85076804bf4@group-90C48195E2E9-StateMachineUpdater] INFO  impl.StateMachineUpdater (StateMachineUpdater.java:takeSnapshot(281)) - 7635f643-f2cd-4c2b-8e7b-e85076804bf4@group-90C48195E2E9-StateMachineUpdater: Took a snapshot at index 0
2022-03-09 23:22:25,907 [7635f643-f2cd-4c2b-8e7b-e85076804bf4@group-90C48195E2E9-StateMachineUpdater] INFO  impl.StateMachineUpdater (StateMachineUpdater.java:lambda$new$0(89)) - 7635f643-f2cd-4c2b-8e7b-e85076804bf4@group-90C48195E2E9-StateMachineUpdater: snapshotIndex: updateIncreasingly -1 -> 0
2022-03-09 23:22:25,907 [Listener at 127.0.0.1/33727] INFO  server.RaftServer$Division (ServerState.java:close(419)) - 7635f643-f2cd-4c2b-8e7b-e85076804bf4@group-90C48195E2E9: closes. applyIndex: 0
2022-03-09 23:22:25,908 [7635f643-f2cd-4c2b-8e7b-e85076804bf4@group-90C48195E2E9-SegmentedRaftLogWorker] INFO  segmented.SegmentedRaftLogWorker (SegmentedRaftLogWorker.java:run(327)) - 7635f643-f2cd-4c2b-8e7b-e85076804bf4@group-90C48195E2E9-SegmentedRaftLogWorker was interrupted, exiting. There are 0 tasks remaining in the queue.
2022-03-09 23:22:25,912 [ForkJoinPool.commonPool-worker-1] INFO  server.RaftServer$Division (ServerState.java:close(419)) - c63223b5-be61-406f-9e1d-de013a7c88f2@group-90C48195E2E9: closes. applyIndex: 0
2022-03-09 23:22:25,912 [c63223b5-be61-406f-9e1d-de013a7c88f2@group-90C48195E2E9-SegmentedRaftLogWorker] INFO  segmented.SegmentedRaftLogWorker (SegmentedRaftLogWorker.java:run(327)) - c63223b5-be61-406f-9e1d-de013a7c88f2@group-90C48195E2E9-SegmentedRaftLogWorker was interrupted, exiting. There are 0 tasks remaining in the queue.
2022-03-09 23:22:25,913 [Listener at 127.0.0.1/33727] INFO  segmented.SegmentedRaftLogWorker (SegmentedRaftLogWorker.java:close(237)) - 7635f643-f2cd-4c2b-8e7b-e85076804bf4@group-90C48195E2E9-SegmentedRaftLogWorker close()
2022-03-09 23:22:25,913 [ForkJoinPool.commonPool-worker-1] INFO  segmented.SegmentedRaftLogWorker (SegmentedRaftLogWorker.java:close(237)) - c63223b5-be61-406f-9e1d-de013a7c88f2@group-90C48195E2E9-SegmentedRaftLogWorker close()
2022-03-09 23:22:25,914 [ForkJoinPool.commonPool-worker-1] INFO  server.RaftServer$Division (RaftServerImpl.java:lambda$close$4(412)) - c63223b5-be61-406f-9e1d-de013a7c88f2@group-3A7DFC38F43B: shutdown
2022-03-09 23:22:25,914 [ForkJoinPool.commonPool-worker-1] INFO  util.JmxRegister (JmxRegister.java:unregister(73)) - Successfully un-registered JMX Bean with object name Ratis:service=RaftServer,group=group-3A7DFC38F43B,id=c63223b5-be61-406f-9e1d-de013a7c88f2
2022-03-09 23:22:25,914 [ForkJoinPool.commonPool-worker-1] INFO  impl.RoleInfo (RoleInfo.java:shutdownLeaderState(91)) - c63223b5-be61-406f-9e1d-de013a7c88f2: shutdown c63223b5-be61-406f-9e1d-de013a7c88f2@group-3A7DFC38F43B-LeaderStateImpl
2022-03-09 23:22:25,914 [ForkJoinPool.commonPool-worker-1] INFO  impl.PendingRequests (PendingRequests.java:sendNotLeaderResponses(282)) - c63223b5-be61-406f-9e1d-de013a7c88f2@group-3A7DFC38F43B-PendingRequests: sendNotLeaderResponses
2022-03-09 23:22:25,915 [c63223b5-be61-406f-9e1d-de013a7c88f2@group-3A7DFC38F43B-StateMachineUpdater] INFO  ratis.ContainerStateMachine (ContainerStateMachine.java:takeSnapshot(304)) - group-3A7DFC38F43B: Taking a snapshot at:(t:1, i:0) file /home/runner/work/ozone/ozone/hadoop-ozone/integration-test/target/test-dir/MiniOzoneClusterImpl-4dc72195-aa51-421e-b53c-5a05ad500575/datanode-0/data/ratis/6c5a24cf-3ac5-4968-8f3d-3a7dfc38f43b/sm/snapshot.1_0
2022-03-09 23:22:25,915 [ForkJoinPool.commonPool-worker-1] INFO  impl.StateMachineUpdater (StateMachineUpdater.java:stopAndJoin(149)) - c63223b5-be61-406f-9e1d-de013a7c88f2@group-3A7DFC38F43B-StateMachineUpdater: set stopIndex = 0
2022-03-09 23:22:25,914 [Listener at 127.0.0.1/33727] INFO  server.RaftServer$Division (RaftServerImpl.java:lambda$close$4(412)) - 7635f643-f2cd-4c2b-8e7b-e85076804bf4@group-B23D8E9BC3A5: shutdown
2022-03-09 23:22:25,915 [Listener at 127.0.0.1/33727] INFO  util.JmxRegister (JmxRegister.java:unregister(73)) - Successfully un-registered JMX Bean with object name Ratis:service=RaftServer,group=group-B23D8E9BC3A5,id=7635f643-f2cd-4c2b-8e7b-e85076804bf4
2022-03-09 23:22:25,916 [Listener at 127.0.0.1/33727] INFO  impl.RoleInfo (RoleInfo.java:shutdownLeaderState(91)) - 7635f643-f2cd-4c2b-8e7b-e85076804bf4: shutdown 7635f643-f2cd-4c2b-8e7b-e85076804bf4@group-B23D8E9BC3A5-LeaderStateImpl
2022-03-09 23:22:25,915 [c63223b5-be61-406f-9e1d-de013a7c88f2@group-3A7DFC38F43B-StateMachineUpdater] INFO  ratis.ContainerStateMachine (ContainerStateMachine.java:takeSnapshot(315)) - group-3A7DFC38F43B: Finished taking a snapshot at:(t:1, i:0) file:/home/runner/work/ozone/ozone/hadoop-ozone/integration-test/target/test-dir/MiniOzoneClusterImpl-4dc72195-aa51-421e-b53c-5a05ad500575/datanode-0/data/ratis/6c5a24cf-3ac5-4968-8f3d-3a7dfc38f43b/sm/snapshot.1_0 took: 0 ms
2022-03-09 23:22:25,916 [c63223b5-be61-406f-9e1d-de013a7c88f2@group-3A7DFC38F43B-StateMachineUpdater] INFO  impl.StateMachineUpdater (StateMachineUpdater.java:takeSnapshot(281)) - c63223b5-be61-406f-9e1d-de013a7c88f2@group-3A7DFC38F43B-StateMachineUpdater: Took a snapshot at index 0
2022-03-09 23:22:25,916 [c63223b5-be61-406f-9e1d-de013a7c88f2@group-3A7DFC38F43B-StateMachineUpdater] INFO  impl.StateMachineUpdater (StateMachineUpdater.java:lambda$new$0(89)) - c63223b5-be61-406f-9e1d-de013a7c88f2@group-3A7DFC38F43B-StateMachineUpdater: snapshotIndex: updateIncreasingly -1 -> 0
2022-03-09 23:22:25,916 [ForkJoinPool.commonPool-worker-1] INFO  server.RaftServer$Division (ServerState.java:close(419)) - c63223b5-be61-406f-9e1d-de013a7c88f2@group-3A7DFC38F43B: closes. applyIndex: 0
2022-03-09 23:22:25,916 [c63223b5-be61-406f-9e1d-de013a7c88f2@group-3A7DFC38F43B-SegmentedRaftLogWorker] INFO  segmented.SegmentedRaftLogWorker (SegmentedRaftLogWorker.java:run(327)) - c63223b5-be61-406f-9e1d-de013a7c88f2@group-3A7DFC38F43B-SegmentedRaftLogWorker was interrupted, exiting. There are 0 tasks remaining in the queue.
2022-03-09 23:22:25,916 [Listener at 127.0.0.1/33727] INFO  impl.PendingRequests (PendingRequests.java:sendNotLeaderResponses(282)) - 7635f643-f2cd-4c2b-8e7b-e85076804bf4@group-B23D8E9BC3A5-PendingRequests: sendNotLeaderResponses
2022-03-09 23:22:25,917 [ForkJoinPool.commonPool-worker-1] INFO  segmented.SegmentedRaftLogWorker (SegmentedRaftLogWorker.java:close(237)) - c63223b5-be61-406f-9e1d-de013a7c88f2@group-3A7DFC38F43B-SegmentedRaftLogWorker close()
2022-03-09 23:22:25,919 [ForkJoinPool.commonPool-worker-1] INFO  server.RaftServer$Division (RaftServerImpl.java:lambda$close$4(412)) - c63223b5-be61-406f-9e1d-de013a7c88f2@group-B6DAC33691C8: shutdown
2022-03-09 23:22:25,919 [ForkJoinPool.commonPool-worker-1] INFO  util.JmxRegister (JmxRegister.java:unregister(73)) - Successfully un-registered JMX Bean with object name Ratis:service=RaftServer,group=group-B6DAC33691C8,id=c63223b5-be61-406f-9e1d-de013a7c88f2
2022-03-09 23:22:25,920 [ForkJoinPool.commonPool-worker-1] INFO  impl.RoleInfo (RoleInfo.java:shutdownFollowerState(108)) - c63223b5-be61-406f-9e1d-de013a7c88f2: shutdown c63223b5-be61-406f-9e1d-de013a7c88f2@group-B6DAC33691C8-FollowerState
2022-03-09 23:22:25,920 [c63223b5-be61-406f-9e1d-de013a7c88f2@group-B6DAC33691C8-FollowerState] INFO  impl.FollowerState (FollowerState.java:run(143)) - c63223b5-be61-406f-9e1d-de013a7c88f2@group-B6DAC33691C8-FollowerState was interrupted: {}
java.lang.InterruptedException: sleep interrupted
	at java.lang.Thread.sleep(Native Method)
	at java.lang.Thread.sleep(Thread.java:342)
	at java.util.concurrent.TimeUnit.sleep(TimeUnit.java:386)
	at org.apache.ratis.util.TimeDuration.sleep(TimeDuration.java:324)
	at org.apache.ratis.util.TimeDuration.sleep(TimeDuration.java:309)
	at org.apache.ratis.server.impl.FollowerState.run(FollowerState.java:118)
2022-03-09 23:22:25,920 [c63223b5-be61-406f-9e1d-de013a7c88f2@group-B6DAC33691C8-StateMachineUpdater] INFO  ratis.ContainerStateMachine (ContainerStateMachine.java:takeSnapshot(304)) - group-B6DAC33691C8: Taking a snapshot at:(t:2, i:0) file /home/runner/work/ozone/ozone/hadoop-ozone/integration-test/target/test-dir/MiniOzoneClusterImpl-4dc72195-aa51-421e-b53c-5a05ad500575/datanode-0/data/ratis/703940b3-ddfe-4222-8dbe-b6dac33691c8/sm/snapshot.2_0
2022-03-09 23:22:25,920 [ForkJoinPool.commonPool-worker-1] INFO  impl.StateMachineUpdater (StateMachineUpdater.java:stopAndJoin(149)) - c63223b5-be61-406f-9e1d-de013a7c88f2@group-B6DAC33691C8-StateMachineUpdater: set stopIndex = 0
2022-03-09 23:22:25,920 [c63223b5-be61-406f-9e1d-de013a7c88f2@group-B6DAC33691C8-StateMachineUpdater] INFO  ratis.ContainerStateMachine (ContainerStateMachine.java:takeSnapshot(315)) - group-B6DAC33691C8: Finished taking a snapshot at:(t:2, i:0) file:/home/runner/work/ozone/ozone/hadoop-ozone/integration-test/target/test-dir/MiniOzoneClusterImpl-4dc72195-aa51-421e-b53c-5a05ad500575/datanode-0/data/ratis/703940b3-ddfe-4222-8dbe-b6dac33691c8/sm/snapshot.2_0 took: 0 ms
2022-03-09 23:22:25,921 [c63223b5-be61-406f-9e1d-de013a7c88f2@group-B6DAC33691C8-StateMachineUpdater] INFO  impl.StateMachineUpdater (StateMachineUpdater.java:takeSnapshot(281)) - c63223b5-be61-406f-9e1d-de013a7c88f2@group-B6DAC33691C8-StateMachineUpdater: Took a snapshot at index 0
2022-03-09 23:22:25,921 [c63223b5-be61-406f-9e1d-de013a7c88f2@group-B6DAC33691C8-StateMachineUpdater] INFO  impl.StateMachineUpdater (StateMachineUpdater.java:lambda$new$0(89)) - c63223b5-be61-406f-9e1d-de013a7c88f2@group-B6DAC33691C8-StateMachineUpdater: snapshotIndex: updateIncreasingly -1 -> 0
2022-03-09 23:22:25,921 [ForkJoinPool.commonPool-worker-1] INFO  server.RaftServer$Division (ServerState.java:close(419)) - c63223b5-be61-406f-9e1d-de013a7c88f2@group-B6DAC33691C8: closes. applyIndex: 0
2022-03-09 23:22:25,921 [c63223b5-be61-406f-9e1d-de013a7c88f2@group-B6DAC33691C8-SegmentedRaftLogWorker] INFO  segmented.SegmentedRaftLogWorker (SegmentedRaftLogWorker.java:run(327)) - c63223b5-be61-406f-9e1d-de013a7c88f2@group-B6DAC33691C8-SegmentedRaftLogWorker was interrupted, exiting. There are 0 tasks remaining in the queue.
2022-03-09 23:22:25,924 [ForkJoinPool.commonPool-worker-1] INFO  segmented.SegmentedRaftLogWorker (SegmentedRaftLogWorker.java:close(237)) - c63223b5-be61-406f-9e1d-de013a7c88f2@group-B6DAC33691C8-SegmentedRaftLogWorker close()
2022-03-09 23:22:25,926 [ForkJoinPool.commonPool-worker-1] INFO  server.GrpcService (GrpcService.java:closeImpl(262)) - c63223b5-be61-406f-9e1d-de013a7c88f2: shutdown server with port 36463 now
2022-03-09 23:22:25,928 [grpc-default-executor-2] WARN  server.GrpcServerProtocolService (LogUtils.java:warn(122)) - c63223b5-be61-406f-9e1d-de013a7c88f2: installSnapshot onError, lastRequest: f5a405b8-a725-4e34-a81f-28a4d919f7ae->c63223b5-be61-406f-9e1d-de013a7c88f2#1-t2,previous=(t:0, i:0),leaderCommit=0,initializing? true,entries: size=1, first=(t:2, i:0), CONFIGURATIONENTRY: org.apache.ratis.thirdparty.io.grpc.StatusRuntimeException: CANCELLED: client cancelled
2022-03-09 23:22:25,929 [Listener at 127.0.0.1/33727] INFO  impl.StateMachineUpdater (StateMachineUpdater.java:stopAndJoin(149)) - 7635f643-f2cd-4c2b-8e7b-e85076804bf4@group-B23D8E9BC3A5-StateMachineUpdater: set stopIndex = 3
2022-03-09 23:22:25,932 [7635f643-f2cd-4c2b-8e7b-e85076804bf4@group-B23D8E9BC3A5-StateMachineUpdater] INFO  ratis.ContainerStateMachine (ContainerStateMachine.java:takeSnapshot(304)) - group-B23D8E9BC3A5: Taking a snapshot at:(t:1, i:3) file /home/runner/work/ozone/ozone/hadoop-ozone/integration-test/target/test-dir/MiniOzoneClusterImpl-4dc72195-aa51-421e-b53c-5a05ad500575/datanode-1/data/ratis/1575d8f4-39cd-4123-a3a6-b23d8e9bc3a5/sm/snapshot.1_3
2022-03-09 23:22:25,936 [7635f643-f2cd-4c2b-8e7b-e85076804bf4@group-B23D8E9BC3A5-StateMachineUpdater] INFO  ratis.ContainerStateMachine (ContainerStateMachine.java:takeSnapshot(315)) - group-B23D8E9BC3A5: Finished taking a snapshot at:(t:1, i:3) file:/home/runner/work/ozone/ozone/hadoop-ozone/integration-test/target/test-dir/MiniOzoneClusterImpl-4dc72195-aa51-421e-b53c-5a05ad500575/datanode-1/data/ratis/1575d8f4-39cd-4123-a3a6-b23d8e9bc3a5/sm/snapshot.1_3 took: 4 ms
2022-03-09 23:22:25,937 [7635f643-f2cd-4c2b-8e7b-e85076804bf4@group-B23D8E9BC3A5-StateMachineUpdater] INFO  impl.StateMachineUpdater (StateMachineUpdater.java:takeSnapshot(281)) - 7635f643-f2cd-4c2b-8e7b-e85076804bf4@group-B23D8E9BC3A5-StateMachineUpdater: Took a snapshot at index 3
2022-03-09 23:22:25,937 [7635f643-f2cd-4c2b-8e7b-e85076804bf4@group-B23D8E9BC3A5-StateMachineUpdater] INFO  impl.StateMachineUpdater (StateMachineUpdater.java:lambda$new$0(89)) - 7635f643-f2cd-4c2b-8e7b-e85076804bf4@group-B23D8E9BC3A5-StateMachineUpdater: snapshotIndex: updateIncreasingly -1 -> 3
2022-03-09 23:22:25,937 [Listener at 127.0.0.1/33727] INFO  server.RaftServer$Division (ServerState.java:close(419)) - 7635f643-f2cd-4c2b-8e7b-e85076804bf4@group-B23D8E9BC3A5: closes. applyIndex: 3
2022-03-09 23:22:25,937 [7635f643-f2cd-4c2b-8e7b-e85076804bf4@group-B23D8E9BC3A5-SegmentedRaftLogWorker] INFO  segmented.SegmentedRaftLogWorker (SegmentedRaftLogWorker.java:run(327)) - 7635f643-f2cd-4c2b-8e7b-e85076804bf4@group-B23D8E9BC3A5-SegmentedRaftLogWorker was interrupted, exiting. There are 0 tasks remaining in the queue.
2022-03-09 23:22:25,941 [Listener at 127.0.0.1/33727] INFO  segmented.SegmentedRaftLogWorker (SegmentedRaftLogWorker.java:close(237)) - 7635f643-f2cd-4c2b-8e7b-e85076804bf4@group-B23D8E9BC3A5-SegmentedRaftLogWorker close()
2022-03-09 23:22:25,941 [ForkJoinPool.commonPool-worker-1] INFO  server.GrpcService (GrpcService.java:closeImpl(271)) - c63223b5-be61-406f-9e1d-de013a7c88f2: shutdown server with port 36463 successfully
2022-03-09 23:22:25,941 [org.apache.ratis.util.JvmPauseMonitor$$Lambda$435/1210881341@74e50c43] INFO  util.JvmPauseMonitor (JvmPauseMonitor.java:run(109)) - JvmPauseMonitor-c63223b5-be61-406f-9e1d-de013a7c88f2: Stopped
2022-03-09 23:22:25,942 [Listener at 127.0.0.1/33727] INFO  server.RaftServer$Division (RaftServerImpl.java:lambda$close$4(412)) - 7635f643-f2cd-4c2b-8e7b-e85076804bf4@group-B6DAC33691C8: shutdown
2022-03-09 23:22:25,942 [Listener at 127.0.0.1/33727] INFO  util.JmxRegister (JmxRegister.java:unregister(73)) - Successfully un-registered JMX Bean with object name Ratis:service=RaftServer,group=group-B6DAC33691C8,id=7635f643-f2cd-4c2b-8e7b-e85076804bf4
2022-03-09 23:22:25,943 [Listener at 127.0.0.1/33727] INFO  impl.RoleInfo (RoleInfo.java:shutdownFollowerState(108)) - 7635f643-f2cd-4c2b-8e7b-e85076804bf4: shutdown 7635f643-f2cd-4c2b-8e7b-e85076804bf4@group-B6DAC33691C8-FollowerState
2022-03-09 23:22:25,943 [Listener at 127.0.0.1/33727] INFO  impl.StateMachineUpdater (StateMachineUpdater.java:stopAndJoin(149)) - 7635f643-f2cd-4c2b-8e7b-e85076804bf4@group-B6DAC33691C8-StateMachineUpdater: set stopIndex = 0
2022-03-09 23:22:25,943 [7635f643-f2cd-4c2b-8e7b-e85076804bf4@group-B6DAC33691C8-FollowerState] INFO  impl.FollowerState (FollowerState.java:run(143)) - 7635f643-f2cd-4c2b-8e7b-e85076804bf4@group-B6DAC33691C8-FollowerState was interrupted: {}
java.lang.InterruptedException: sleep interrupted
	at java.lang.Thread.sleep(Native Method)
	at java.lang.Thread.sleep(Thread.java:342)
	at java.util.concurrent.TimeUnit.sleep(TimeUnit.java:386)
	at org.apache.ratis.util.TimeDuration.sleep(TimeDuration.java:324)
	at org.apache.ratis.util.TimeDuration.sleep(TimeDuration.java:309)
	at org.apache.ratis.server.impl.FollowerState.run(FollowerState.java:118)
2022-03-09 23:22:25,943 [7635f643-f2cd-4c2b-8e7b-e85076804bf4@group-B6DAC33691C8-StateMachineUpdater] INFO  ratis.ContainerStateMachine (ContainerStateMachine.java:takeSnapshot(304)) - group-B6DAC33691C8: Taking a snapshot at:(t:2, i:0) file /home/runner/work/ozone/ozone/hadoop-ozone/integration-test/target/test-dir/MiniOzoneClusterImpl-4dc72195-aa51-421e-b53c-5a05ad500575/datanode-1/data/ratis/703940b3-ddfe-4222-8dbe-b6dac33691c8/sm/snapshot.2_0
2022-03-09 23:22:25,944 [7635f643-f2cd-4c2b-8e7b-e85076804bf4@group-B6DAC33691C8-StateMachineUpdater] INFO  ratis.ContainerStateMachine (ContainerStateMachine.java:takeSnapshot(315)) - group-B6DAC33691C8: Finished taking a snapshot at:(t:2, i:0) file:/home/runner/work/ozone/ozone/hadoop-ozone/integration-test/target/test-dir/MiniOzoneClusterImpl-4dc72195-aa51-421e-b53c-5a05ad500575/datanode-1/data/ratis/703940b3-ddfe-4222-8dbe-b6dac33691c8/sm/snapshot.2_0 took: 0 ms
2022-03-09 23:22:25,944 [7635f643-f2cd-4c2b-8e7b-e85076804bf4@group-B6DAC33691C8-StateMachineUpdater] INFO  impl.StateMachineUpdater (StateMachineUpdater.java:takeSnapshot(281)) - 7635f643-f2cd-4c2b-8e7b-e85076804bf4@group-B6DAC33691C8-StateMachineUpdater: Took a snapshot at index 0
2022-03-09 23:22:25,944 [7635f643-f2cd-4c2b-8e7b-e85076804bf4@group-B6DAC33691C8-StateMachineUpdater] INFO  impl.StateMachineUpdater (StateMachineUpdater.java:lambda$new$0(89)) - 7635f643-f2cd-4c2b-8e7b-e85076804bf4@group-B6DAC33691C8-StateMachineUpdater: snapshotIndex: updateIncreasingly -1 -> 0
2022-03-09 23:22:25,944 [Listener at 127.0.0.1/33727] INFO  server.RaftServer$Division (ServerState.java:close(419)) - 7635f643-f2cd-4c2b-8e7b-e85076804bf4@group-B6DAC33691C8: closes. applyIndex: 0
2022-03-09 23:22:25,944 [7635f643-f2cd-4c2b-8e7b-e85076804bf4@group-B6DAC33691C8-SegmentedRaftLogWorker] INFO  segmented.SegmentedRaftLogWorker (SegmentedRaftLogWorker.java:run(327)) - 7635f643-f2cd-4c2b-8e7b-e85076804bf4@group-B6DAC33691C8-SegmentedRaftLogWorker was interrupted, exiting. There are 0 tasks remaining in the queue.
2022-03-09 23:22:25,955 [Listener at 127.0.0.1/33727] INFO  segmented.SegmentedRaftLogWorker (SegmentedRaftLogWorker.java:close(237)) - 7635f643-f2cd-4c2b-8e7b-e85076804bf4@group-B6DAC33691C8-SegmentedRaftLogWorker close()
2022-03-09 23:22:25,956 [Listener at 127.0.0.1/33727] INFO  server.GrpcService (GrpcService.java:closeImpl(262)) - 7635f643-f2cd-4c2b-8e7b-e85076804bf4: shutdown server with port 35693 now
2022-03-09 23:22:25,958 [grpc-default-executor-0] WARN  server.GrpcServerProtocolService (LogUtils.java:warn(122)) - 7635f643-f2cd-4c2b-8e7b-e85076804bf4: installSnapshot onError, lastRequest: f5a405b8-a725-4e34-a81f-28a4d919f7ae->7635f643-f2cd-4c2b-8e7b-e85076804bf4#1-t2,previous=(t:0, i:0),leaderCommit=0,initializing? true,entries: size=1, first=(t:2, i:0), CONFIGURATIONENTRY: org.apache.ratis.thirdparty.io.grpc.StatusRuntimeException: CANCELLED: client cancelled
2022-03-09 23:22:25,991 [Listener at 127.0.0.1/33727] INFO  server.GrpcService (GrpcService.java:closeImpl(271)) - 7635f643-f2cd-4c2b-8e7b-e85076804bf4: shutdown server with port 35693 successfully
2022-03-09 23:22:25,992 [org.apache.ratis.util.JvmPauseMonitor$$Lambda$435/1210881341@773c2ce] INFO  util.JvmPauseMonitor (JvmPauseMonitor.java:run(109)) - JvmPauseMonitor-7635f643-f2cd-4c2b-8e7b-e85076804bf4: Stopped
2022-03-09 23:22:26,572 [EndpointStateMachine task thread for /127.0.0.1:42271 - 0 ] INFO  ipc.Client (Client.java:handleConnectionFailure(977)) - Retrying connect to server: localhost/127.0.0.1:42271. Already tried 3 time(s); retry policy is RetryUpToMaximumCountWithFixedSleep(maxRetries=15, sleepTime=1000 MILLISECONDS)
2022-03-09 23:22:26,578 [EndpointStateMachine task thread for /127.0.0.1:43683 - 0 ] INFO  ipc.Client (Client.java:handleConnectionFailure(977)) - Retrying connect to server: localhost/127.0.0.1:43683. Already tried 13 time(s); retry policy is RetryUpToMaximumCountWithFixedSleep(maxRetries=15, sleepTime=1000 MILLISECONDS)
2022-03-09 23:22:27,573 [EndpointStateMachine task thread for /127.0.0.1:42271 - 0 ] INFO  ipc.Client (Client.java:handleConnectionFailure(977)) - Retrying connect to server: localhost/127.0.0.1:42271. Already tried 4 time(s); retry policy is RetryUpToMaximumCountWithFixedSleep(maxRetries=15, sleepTime=1000 MILLISECONDS)
2022-03-09 23:22:27,579 [EndpointStateMachine task thread for /127.0.0.1:43683 - 0 ] INFO  ipc.Client (Client.java:handleConnectionFailure(977)) - Retrying connect to server: localhost/127.0.0.1:43683. Already tried 14 time(s); retry policy is RetryUpToMaximumCountWithFixedSleep(maxRetries=15, sleepTime=1000 MILLISECONDS)
2022-03-09 23:22:27,998 [ForkJoinPool.commonPool-worker-1] INFO  utils.BackgroundService (BackgroundService.java:shutdown(132)) - Shutting down service BlockDeletingService
2022-03-09 23:22:28,056 [Listener at 127.0.0.1/33727] INFO  utils.BackgroundService (BackgroundService.java:shutdown(132)) - Shutting down service BlockDeletingService
2022-03-09 23:22:28,574 [EndpointStateMachine task thread for /127.0.0.1:42271 - 0 ] INFO  ipc.Client (Client.java:handleConnectionFailure(977)) - Retrying connect to server: localhost/127.0.0.1:42271. Already tried 5 time(s); retry policy is RetryUpToMaximumCountWithFixedSleep(maxRetries=15, sleepTime=1000 MILLISECONDS)
2022-03-09 23:22:28,617 [EndpointStateMachine task thread for /127.0.0.1:43683 - 0 ] INFO  ipc.Client (Client.java:handleConnectionFailure(977)) - Retrying connect to server: localhost/127.0.0.1:43683. Already tried 0 time(s); retry policy is RetryUpToMaximumCountWithFixedSleep(maxRetries=15, sleepTime=1000 MILLISECONDS)
2022-03-09 23:22:29,039 [f5a405b8-a725-4e34-a81f-28a4d919f7ae@group-B6DAC33691C8-LeaderStateImpl] WARN  server.RaftServer$Division (LeaderStateImpl.java:checkLeadership(974)) - f5a405b8-a725-4e34-a81f-28a4d919f7ae@group-B6DAC33691C8-LeaderStateImpl: Lost leadership on term: 2. Election timeout: 5200ms. In charge for: 10481ms. Conf: 0: [f5a405b8-a725-4e34-a81f-28a4d919f7ae|rpc:127.0.0.1:36687|dataStream:|priority:1, c63223b5-be61-406f-9e1d-de013a7c88f2|rpc:127.0.0.1:36463|dataStream:|priority:0, 7635f643-f2cd-4c2b-8e7b-e85076804bf4|rpc:127.0.0.1:35693|dataStream:|priority:0], old=null
2022-03-09 23:22:29,039 [f5a405b8-a725-4e34-a81f-28a4d919f7ae@group-B6DAC33691C8-LeaderStateImpl] WARN  server.RaftServer$Division (LeaderStateImpl.java:lambda$checkLeadership$15(978)) - Follower f5a405b8-a725-4e34-a81f-28a4d919f7ae@group-B6DAC33691C8->c63223b5-be61-406f-9e1d-de013a7c88f2(c0,m0,n1, attendVote=true, lastRpcSendTime=330, lastRpcResponseTime=5373)
2022-03-09 23:22:29,039 [f5a405b8-a725-4e34-a81f-28a4d919f7ae@group-B6DAC33691C8-LeaderStateImpl] WARN  server.RaftServer$Division (LeaderStateImpl.java:lambda$checkLeadership$15(978)) - Follower f5a405b8-a725-4e34-a81f-28a4d919f7ae@group-B6DAC33691C8->7635f643-f2cd-4c2b-8e7b-e85076804bf4(c0,m0,n1, attendVote=true, lastRpcSendTime=363, lastRpcResponseTime=5377)
2022-03-09 23:22:29,040 [f5a405b8-a725-4e34-a81f-28a4d919f7ae@group-B6DAC33691C8-LeaderStateImpl] INFO  server.RaftServer$Division (RaftServerImpl.java:setRole(290)) - f5a405b8-a725-4e34-a81f-28a4d919f7ae@group-B6DAC33691C8: changes role from    LEADER to FOLLOWER at term 2 for StepDownReason:LOST_MAJORITY_HEARTBEATS
2022-03-09 23:22:29,040 [f5a405b8-a725-4e34-a81f-28a4d919f7ae@group-B6DAC33691C8-LeaderStateImpl] INFO  impl.RoleInfo (RoleInfo.java:shutdownLeaderState(91)) - f5a405b8-a725-4e34-a81f-28a4d919f7ae: shutdown f5a405b8-a725-4e34-a81f-28a4d919f7ae@group-B6DAC33691C8-LeaderStateImpl
2022-03-09 23:22:29,040 [f5a405b8-a725-4e34-a81f-28a4d919f7ae@group-B6DAC33691C8-LeaderStateImpl] INFO  impl.PendingRequests (PendingRequests.java:sendNotLeaderResponses(282)) - f5a405b8-a725-4e34-a81f-28a4d919f7ae@group-B6DAC33691C8-PendingRequests: sendNotLeaderResponses
2022-03-09 23:22:29,040 [f5a405b8-a725-4e34-a81f-28a4d919f7ae@group-B6DAC33691C8-LeaderStateImpl] INFO  impl.RoleInfo (RoleInfo.java:updateAndGet(130)) - f5a405b8-a725-4e34-a81f-28a4d919f7ae: start f5a405b8-a725-4e34-a81f-28a4d919f7ae@group-B6DAC33691C8-FollowerState
2022-03-09 23:22:29,576 [EndpointStateMachine task thread for /127.0.0.1:42271 - 0 ] INFO  ipc.Client (Client.java:handleConnectionFailure(977)) - Retrying connect to server: localhost/127.0.0.1:42271. Already tried 6 time(s); retry policy is RetryUpToMaximumCountWithFixedSleep(maxRetries=15, sleepTime=1000 MILLISECONDS)
2022-03-09 23:22:29,617 [EndpointStateMachine task thread for /127.0.0.1:43683 - 0 ] INFO  ipc.Client (Client.java:handleConnectionFailure(977)) - Retrying connect to server: localhost/127.0.0.1:43683. Already tried 1 time(s); retry policy is RetryUpToMaximumCountWithFixedSleep(maxRetries=15, sleepTime=1000 MILLISECONDS)
2022-03-09 23:22:30,577 [EndpointStateMachine task thread for /127.0.0.1:42271 - 0 ] INFO  ipc.Client (Client.java:handleConnectionFailure(977)) - Retrying connect to server: localhost/127.0.0.1:42271. Already tried 7 time(s); retry policy is RetryUpToMaximumCountWithFixedSleep(maxRetries=15, sleepTime=1000 MILLISECONDS)
2022-03-09 23:22:30,618 [EndpointStateMachine task thread for /127.0.0.1:43683 - 0 ] INFO  ipc.Client (Client.java:handleConnectionFailure(977)) - Retrying connect to server: localhost/127.0.0.1:43683. Already tried 2 time(s); retry policy is RetryUpToMaximumCountWithFixedSleep(maxRetries=15, sleepTime=1000 MILLISECONDS)
2022-03-09 23:22:31,000 [ForkJoinPool.commonPool-worker-1] INFO  statemachine.DatanodeStateMachine (DatanodeStateMachine.java:stopDaemon(529)) - Ozone container server stopped.
2022-03-09 23:22:31,005 [ForkJoinPool.commonPool-worker-1] INFO  handler.ContextHandler (ContextHandler.java:doStop(1153)) - Stopped o.e.j.w.WebAppContext@3474a7f6{hddsDatanode,/,null,STOPPED}{jar:file:/home/runner/.m2/repository/org/apache/ozone/hdds-container-service/1.3.0-SNAPSHOT/hdds-container-service-1.3.0-SNAPSHOT.jar!/webapps/hddsDatanode}
2022-03-09 23:22:31,005 [ForkJoinPool.commonPool-worker-1] INFO  server.AbstractConnector (AbstractConnector.java:doStop(381)) - Stopped ServerConnector@5e6f4b94{HTTP/1.1, (http/1.1)}{0.0.0.0:0}
2022-03-09 23:22:31,005 [ForkJoinPool.commonPool-worker-1] INFO  server.session (HouseKeeper.java:stopScavenging(149)) - node0 Stopped scavenging
2022-03-09 23:22:31,006 [ForkJoinPool.commonPool-worker-1] INFO  handler.ContextHandler (ContextHandler.java:doStop(1153)) - Stopped o.e.j.s.ServletContextHandler@24d7fa65{static,/static,jar:file:/home/runner/.m2/repository/org/apache/ozone/hdds-container-service/1.3.0-SNAPSHOT/hdds-container-service-1.3.0-SNAPSHOT.jar!/webapps/static,STOPPED}
2022-03-09 23:22:31,006 [ForkJoinPool.commonPool-worker-1] INFO  handler.ContextHandler (ContextHandler.java:doStop(1153)) - Stopped o.e.j.s.ServletContextHandler@6e131738{logs,/logs,file:///home/runner/work/ozone/ozone/hadoop-ozone/integration-test/target/log,STOPPED}
2022-03-09 23:22:31,069 [Listener at 127.0.0.1/33727] INFO  statemachine.DatanodeStateMachine (DatanodeStateMachine.java:stopDaemon(529)) - Ozone container server stopped.
2022-03-09 23:22:31,070 [Listener at 127.0.0.1/33727] INFO  handler.ContextHandler (ContextHandler.java:doStop(1153)) - Stopped o.e.j.w.WebAppContext@50b3743e{hddsDatanode,/,null,STOPPED}{jar:file:/home/runner/.m2/repository/org/apache/ozone/hdds-container-service/1.3.0-SNAPSHOT/hdds-container-service-1.3.0-SNAPSHOT.jar!/webapps/hddsDatanode}
2022-03-09 23:22:31,071 [Listener at 127.0.0.1/33727] INFO  server.AbstractConnector (AbstractConnector.java:doStop(381)) - Stopped ServerConnector@701c31f7{HTTP/1.1, (http/1.1)}{0.0.0.0:0}
2022-03-09 23:22:31,071 [Listener at 127.0.0.1/33727] INFO  server.session (HouseKeeper.java:stopScavenging(149)) - node0 Stopped scavenging
2022-03-09 23:22:31,071 [Listener at 127.0.0.1/33727] INFO  handler.ContextHandler (ContextHandler.java:doStop(1153)) - Stopped o.e.j.s.ServletContextHandler@29602457{static,/static,jar:file:/home/runner/.m2/repository/org/apache/ozone/hdds-container-service/1.3.0-SNAPSHOT/hdds-container-service-1.3.0-SNAPSHOT.jar!/webapps/static,STOPPED}
2022-03-09 23:22:31,071 [Listener at 127.0.0.1/33727] INFO  handler.ContextHandler (ContextHandler.java:doStop(1153)) - Stopped o.e.j.s.ServletContextHandler@51fa1010{logs,/logs,file:///home/runner/work/ozone/ozone/hadoop-ozone/integration-test/target/log,STOPPED}
2022-03-09 23:22:31,578 [EndpointStateMachine task thread for /127.0.0.1:42271 - 0 ] INFO  ipc.Client (Client.java:handleConnectionFailure(977)) - Retrying connect to server: localhost/127.0.0.1:42271. Already tried 8 time(s); retry policy is RetryUpToMaximumCountWithFixedSleep(maxRetries=15, sleepTime=1000 MILLISECONDS)
2022-03-09 23:22:31,590 [Datanode State Machine Daemon Thread] WARN  statemachine.StateContext (StateContext.java:setState(250)) - Ignore disallowed transition from SHUTDOWN to RUNNING
2022-03-09 23:22:31,619 [EndpointStateMachine task thread for /127.0.0.1:43683 - 0 ] INFO  ipc.Client (Client.java:handleConnectionFailure(977)) - Retrying connect to server: localhost/127.0.0.1:43683. Already tried 3 time(s); retry policy is RetryUpToMaximumCountWithFixedSleep(maxRetries=15, sleepTime=1000 MILLISECONDS)
2022-03-09 23:22:32,579 [EndpointStateMachine task thread for /127.0.0.1:42271 - 0 ] INFO  ipc.Client (Client.java:handleConnectionFailure(977)) - Retrying connect to server: localhost/127.0.0.1:42271. Already tried 9 time(s); retry policy is RetryUpToMaximumCountWithFixedSleep(maxRetries=15, sleepTime=1000 MILLISECONDS)
2022-03-09 23:22:32,619 [EndpointStateMachine task thread for /127.0.0.1:43683 - 0 ] INFO  ipc.Client (Client.java:handleConnectionFailure(977)) - Retrying connect to server: localhost/127.0.0.1:43683. Already tried 4 time(s); retry policy is RetryUpToMaximumCountWithFixedSleep(maxRetries=15, sleepTime=1000 MILLISECONDS)
2022-03-09 23:22:33,579 [EndpointStateMachine task thread for /127.0.0.1:42271 - 0 ] INFO  ipc.Client (Client.java:handleConnectionFailure(977)) - Retrying connect to server: localhost/127.0.0.1:42271. Already tried 10 time(s); retry policy is RetryUpToMaximumCountWithFixedSleep(maxRetries=15, sleepTime=1000 MILLISECONDS)
2022-03-09 23:22:33,620 [EndpointStateMachine task thread for /127.0.0.1:43683 - 0 ] INFO  ipc.Client (Client.java:handleConnectionFailure(977)) - Retrying connect to server: localhost/127.0.0.1:43683. Already tried 5 time(s); retry policy is RetryUpToMaximumCountWithFixedSleep(maxRetries=15, sleepTime=1000 MILLISECONDS)
2022-03-09 23:22:34,152 [f5a405b8-a725-4e34-a81f-28a4d919f7ae@group-90C48195E2E9-FollowerState] INFO  impl.FollowerState (FollowerState.java:run(134)) - f5a405b8-a725-4e34-a81f-28a4d919f7ae@group-90C48195E2E9-FollowerState: change to CANDIDATE, lastRpcElapsedTime:10080279072ns, electionTimeout:5029ms
2022-03-09 23:22:34,153 [f5a405b8-a725-4e34-a81f-28a4d919f7ae@group-90C48195E2E9-FollowerState] INFO  impl.RoleInfo (RoleInfo.java:shutdownFollowerState(108)) - f5a405b8-a725-4e34-a81f-28a4d919f7ae: shutdown f5a405b8-a725-4e34-a81f-28a4d919f7ae@group-90C48195E2E9-FollowerState
2022-03-09 23:22:34,153 [f5a405b8-a725-4e34-a81f-28a4d919f7ae@group-90C48195E2E9-FollowerState] INFO  server.RaftServer$Division (RaftServerImpl.java:setRole(290)) - f5a405b8-a725-4e34-a81f-28a4d919f7ae@group-90C48195E2E9: changes role from  FOLLOWER to CANDIDATE at term 2 for changeToCandidate
2022-03-09 23:22:34,153 [f5a405b8-a725-4e34-a81f-28a4d919f7ae@group-90C48195E2E9-FollowerState] INFO  server.RaftServerConfigKeys (ConfUtils.java:logGet(44)) - raft.server.leaderelection.pre-vote = false (custom)
2022-03-09 23:22:34,153 [f5a405b8-a725-4e34-a81f-28a4d919f7ae@group-90C48195E2E9-FollowerState] INFO  impl.RoleInfo (RoleInfo.java:updateAndGet(130)) - f5a405b8-a725-4e34-a81f-28a4d919f7ae: start f5a405b8-a725-4e34-a81f-28a4d919f7ae@group-90C48195E2E9-LeaderElection34
2022-03-09 23:22:34,161 [f5a405b8-a725-4e34-a81f-28a4d919f7ae@group-90C48195E2E9-LeaderElection34] INFO  server.RaftServer$Division (ServerState.java:setLeader(285)) - f5a405b8-a725-4e34-a81f-28a4d919f7ae@group-90C48195E2E9: change Leader from c63223b5-be61-406f-9e1d-de013a7c88f2 to null at term 2 for ELECTION
2022-03-09 23:22:34,168 [f5a405b8-a725-4e34-a81f-28a4d919f7ae@group-90C48195E2E9-LeaderElection34] INFO  impl.LeaderElection (LeaderElection.java:askForVotes(306)) - f5a405b8-a725-4e34-a81f-28a4d919f7ae@group-90C48195E2E9-LeaderElection34 ELECTION round 0: submit vote requests at term 3 for 0: [f5a405b8-a725-4e34-a81f-28a4d919f7ae|rpc:127.0.0.1:36687|dataStream:|priority:0, 7635f643-f2cd-4c2b-8e7b-e85076804bf4|rpc:127.0.0.1:35693|dataStream:|priority:0, c63223b5-be61-406f-9e1d-de013a7c88f2|rpc:127.0.0.1:36463|dataStream:|priority:1], old=null
2022-03-09 23:22:34,176 [f5a405b8-a725-4e34-a81f-28a4d919f7ae@group-90C48195E2E9-LeaderElection34] INFO  impl.LeaderElection (LogUtils.java:infoOrTrace(137)) - f5a405b8-a725-4e34-a81f-28a4d919f7ae@group-90C48195E2E9-LeaderElection34 got exception when requesting votes: java.util.concurrent.ExecutionException: org.apache.ratis.thirdparty.io.grpc.StatusRuntimeException: UNAVAILABLE: io exception
2022-03-09 23:22:34,176 [f5a405b8-a725-4e34-a81f-28a4d919f7ae@group-90C48195E2E9-LeaderElection34] INFO  impl.LeaderElection (LogUtils.java:infoOrTrace(137)) - f5a405b8-a725-4e34-a81f-28a4d919f7ae@group-90C48195E2E9-LeaderElection34 got exception when requesting votes: java.util.concurrent.ExecutionException: org.apache.ratis.thirdparty.io.grpc.StatusRuntimeException: UNAVAILABLE: io exception
2022-03-09 23:22:34,177 [f5a405b8-a725-4e34-a81f-28a4d919f7ae@group-90C48195E2E9-LeaderElection34] INFO  impl.LeaderElection (LeaderElection.java:logAndReturn(89)) - f5a405b8-a725-4e34-a81f-28a4d919f7ae@group-90C48195E2E9-LeaderElection34: ELECTION REJECTED received 0 response(s) and 2 exception(s):
2022-03-09 23:22:34,177 [f5a405b8-a725-4e34-a81f-28a4d919f7ae@group-90C48195E2E9-LeaderElection34] INFO  impl.LeaderElection (LogUtils.java:infoOrTrace(137)) -   Exception 0: java.util.concurrent.ExecutionException: org.apache.ratis.thirdparty.io.grpc.StatusRuntimeException: UNAVAILABLE: io exception
2022-03-09 23:22:34,177 [f5a405b8-a725-4e34-a81f-28a4d919f7ae@group-90C48195E2E9-LeaderElection34] INFO  impl.LeaderElection (LogUtils.java:infoOrTrace(137)) -   Exception 1: java.util.concurrent.ExecutionException: org.apache.ratis.thirdparty.io.grpc.StatusRuntimeException: UNAVAILABLE: io exception
2022-03-09 23:22:34,177 [f5a405b8-a725-4e34-a81f-28a4d919f7ae@group-90C48195E2E9-LeaderElection34] INFO  impl.LeaderElection (LeaderElection.java:askForVotes(308)) - f5a405b8-a725-4e34-a81f-28a4d919f7ae@group-90C48195E2E9-LeaderElection34 ELECTION round 0: result REJECTED
2022-03-09 23:22:34,177 [f5a405b8-a725-4e34-a81f-28a4d919f7ae@group-90C48195E2E9-LeaderElection34] INFO  server.RaftServer$Division (RaftServerImpl.java:setRole(290)) - f5a405b8-a725-4e34-a81f-28a4d919f7ae@group-90C48195E2E9: changes role from CANDIDATE to FOLLOWER at term 3 for REJECTED
2022-03-09 23:22:34,177 [f5a405b8-a725-4e34-a81f-28a4d919f7ae@group-90C48195E2E9-LeaderElection34] INFO  impl.RoleInfo (RoleInfo.java:shutdownLeaderElection(121)) - f5a405b8-a725-4e34-a81f-28a4d919f7ae: shutdown f5a405b8-a725-4e34-a81f-28a4d919f7ae@group-90C48195E2E9-LeaderElection34
2022-03-09 23:22:34,177 [f5a405b8-a725-4e34-a81f-28a4d919f7ae@group-90C48195E2E9-LeaderElection34] INFO  impl.RoleInfo (RoleInfo.java:updateAndGet(130)) - f5a405b8-a725-4e34-a81f-28a4d919f7ae: start f5a405b8-a725-4e34-a81f-28a4d919f7ae@group-90C48195E2E9-FollowerState
2022-03-09 23:22:34,191 [f5a405b8-a725-4e34-a81f-28a4d919f7ae@group-B6DAC33691C8-FollowerState] INFO  impl.FollowerState (FollowerState.java:lostMajorityHeartbeatsRecently(107)) - f5a405b8-a725-4e34-a81f-28a4d919f7ae@group-B6DAC33691C8-FollowerState: Skipping leader election since it stepped down recently (elapsed = 5150ms < waitTime = 10s)
2022-03-09 23:22:34,580 [EndpointStateMachine task thread for /127.0.0.1:42271 - 0 ] INFO  ipc.Client (Client.java:handleConnectionFailure(977)) - Retrying connect to server: localhost/127.0.0.1:42271. Already tried 11 time(s); retry policy is RetryUpToMaximumCountWithFixedSleep(maxRetries=15, sleepTime=1000 MILLISECONDS)
2022-03-09 23:22:34,620 [EndpointStateMachine task thread for /127.0.0.1:43683 - 0 ] INFO  ipc.Client (Client.java:handleConnectionFailure(977)) - Retrying connect to server: localhost/127.0.0.1:43683. Already tried 6 time(s); retry policy is RetryUpToMaximumCountWithFixedSleep(maxRetries=15, sleepTime=1000 MILLISECONDS)
2022-03-09 23:22:35,581 [EndpointStateMachine task thread for /127.0.0.1:42271 - 0 ] INFO  ipc.Client (Client.java:handleConnectionFailure(977)) - Retrying connect to server: localhost/127.0.0.1:42271. Already tried 12 time(s); retry policy is RetryUpToMaximumCountWithFixedSleep(maxRetries=15, sleepTime=1000 MILLISECONDS)
2022-03-09 23:22:35,624 [EndpointStateMachine task thread for /127.0.0.1:43683 - 0 ] INFO  ipc.Client (Client.java:handleConnectionFailure(977)) - Retrying connect to server: localhost/127.0.0.1:43683. Already tried 7 time(s); retry policy is RetryUpToMaximumCountWithFixedSleep(maxRetries=15, sleepTime=1000 MILLISECONDS)
2022-03-09 23:22:36,008 [ForkJoinPool.commonPool-worker-1] INFO  ozoneimpl.OzoneContainer (OzoneContainer.java:stop(356)) - Attempting to stop container services.
2022-03-09 23:22:36,010 [ForkJoinPool.commonPool-worker-1] INFO  server.RaftServer (RaftServerProxy.java:lambda$close$6(391)) - f5a405b8-a725-4e34-a81f-28a4d919f7ae: close
2022-03-09 23:22:36,010 [ForkJoinPool.commonPool-worker-1] INFO  server.RaftServer$Division (RaftServerImpl.java:lambda$close$4(412)) - f5a405b8-a725-4e34-a81f-28a4d919f7ae@group-90C48195E2E9: shutdown
2022-03-09 23:22:36,010 [ForkJoinPool.commonPool-worker-1] INFO  util.JmxRegister (JmxRegister.java:unregister(73)) - Successfully un-registered JMX Bean with object name Ratis:service=RaftServer,group=group-90C48195E2E9,id=f5a405b8-a725-4e34-a81f-28a4d919f7ae
2022-03-09 23:22:36,010 [ForkJoinPool.commonPool-worker-1] INFO  impl.RoleInfo (RoleInfo.java:shutdownFollowerState(108)) - f5a405b8-a725-4e34-a81f-28a4d919f7ae: shutdown f5a405b8-a725-4e34-a81f-28a4d919f7ae@group-90C48195E2E9-FollowerState
2022-03-09 23:22:36,010 [ForkJoinPool.commonPool-worker-1] INFO  impl.StateMachineUpdater (StateMachineUpdater.java:stopAndJoin(149)) - f5a405b8-a725-4e34-a81f-28a4d919f7ae@group-90C48195E2E9-StateMachineUpdater: set stopIndex = 0
2022-03-09 23:22:36,010 [f5a405b8-a725-4e34-a81f-28a4d919f7ae@group-90C48195E2E9-FollowerState] INFO  impl.FollowerState (FollowerState.java:run(143)) - f5a405b8-a725-4e34-a81f-28a4d919f7ae@group-90C48195E2E9-FollowerState was interrupted: {}
java.lang.InterruptedException: sleep interrupted
	at java.lang.Thread.sleep(Native Method)
	at java.lang.Thread.sleep(Thread.java:342)
	at java.util.concurrent.TimeUnit.sleep(TimeUnit.java:386)
	at org.apache.ratis.util.TimeDuration.sleep(TimeDuration.java:324)
	at org.apache.ratis.util.TimeDuration.sleep(TimeDuration.java:309)
	at org.apache.ratis.server.impl.FollowerState.run(FollowerState.java:118)
2022-03-09 23:22:36,017 [f5a405b8-a725-4e34-a81f-28a4d919f7ae@group-90C48195E2E9-StateMachineUpdater] INFO  ratis.ContainerStateMachine (ContainerStateMachine.java:takeSnapshot(304)) - group-90C48195E2E9: Taking a snapshot at:(t:2, i:0) file /home/runner/work/ozone/ozone/hadoop-ozone/integration-test/target/test-dir/MiniOzoneClusterImpl-4dc72195-aa51-421e-b53c-5a05ad500575/datanode-2/data/ratis/d8be044a-68a3-49cd-bee2-90c48195e2e9/sm/snapshot.2_0
2022-03-09 23:22:36,018 [f5a405b8-a725-4e34-a81f-28a4d919f7ae@group-90C48195E2E9-StateMachineUpdater] INFO  ratis.ContainerStateMachine (ContainerStateMachine.java:takeSnapshot(315)) - group-90C48195E2E9: Finished taking a snapshot at:(t:2, i:0) file:/home/runner/work/ozone/ozone/hadoop-ozone/integration-test/target/test-dir/MiniOzoneClusterImpl-4dc72195-aa51-421e-b53c-5a05ad500575/datanode-2/data/ratis/d8be044a-68a3-49cd-bee2-90c48195e2e9/sm/snapshot.2_0 took: 8 ms
2022-03-09 23:22:36,018 [f5a405b8-a725-4e34-a81f-28a4d919f7ae@group-90C48195E2E9-StateMachineUpdater] INFO  impl.StateMachineUpdater (StateMachineUpdater.java:takeSnapshot(281)) - f5a405b8-a725-4e34-a81f-28a4d919f7ae@group-90C48195E2E9-StateMachineUpdater: Took a snapshot at index 0
2022-03-09 23:22:36,018 [f5a405b8-a725-4e34-a81f-28a4d919f7ae@group-90C48195E2E9-StateMachineUpdater] INFO  impl.StateMachineUpdater (StateMachineUpdater.java:lambda$new$0(89)) - f5a405b8-a725-4e34-a81f-28a4d919f7ae@group-90C48195E2E9-StateMachineUpdater: snapshotIndex: updateIncreasingly -1 -> 0
2022-03-09 23:22:36,019 [ForkJoinPool.commonPool-worker-1] INFO  server.RaftServer$Division (ServerState.java:close(419)) - f5a405b8-a725-4e34-a81f-28a4d919f7ae@group-90C48195E2E9: closes. applyIndex: 0
2022-03-09 23:22:36,019 [f5a405b8-a725-4e34-a81f-28a4d919f7ae@group-90C48195E2E9-SegmentedRaftLogWorker] INFO  segmented.SegmentedRaftLogWorker (SegmentedRaftLogWorker.java:run(327)) - f5a405b8-a725-4e34-a81f-28a4d919f7ae@group-90C48195E2E9-SegmentedRaftLogWorker was interrupted, exiting. There are 0 tasks remaining in the queue.
2022-03-09 23:22:36,020 [ForkJoinPool.commonPool-worker-1] INFO  segmented.SegmentedRaftLogWorker (SegmentedRaftLogWorker.java:close(237)) - f5a405b8-a725-4e34-a81f-28a4d919f7ae@group-90C48195E2E9-SegmentedRaftLogWorker close()
2022-03-09 23:22:36,021 [ForkJoinPool.commonPool-worker-1] INFO  server.RaftServer$Division (RaftServerImpl.java:lambda$close$4(412)) - f5a405b8-a725-4e34-a81f-28a4d919f7ae@group-B6DAC33691C8: shutdown
2022-03-09 23:22:36,021 [ForkJoinPool.commonPool-worker-1] INFO  util.JmxRegister (JmxRegister.java:unregister(73)) - Successfully un-registered JMX Bean with object name Ratis:service=RaftServer,group=group-B6DAC33691C8,id=f5a405b8-a725-4e34-a81f-28a4d919f7ae
2022-03-09 23:22:36,021 [ForkJoinPool.commonPool-worker-1] INFO  impl.RoleInfo (RoleInfo.java:shutdownFollowerState(108)) - f5a405b8-a725-4e34-a81f-28a4d919f7ae: shutdown f5a405b8-a725-4e34-a81f-28a4d919f7ae@group-B6DAC33691C8-FollowerState
2022-03-09 23:22:36,021 [ForkJoinPool.commonPool-worker-1] INFO  impl.StateMachineUpdater (StateMachineUpdater.java:stopAndJoin(149)) - f5a405b8-a725-4e34-a81f-28a4d919f7ae@group-B6DAC33691C8-StateMachineUpdater: set stopIndex = 0
2022-03-09 23:22:36,021 [f5a405b8-a725-4e34-a81f-28a4d919f7ae@group-B6DAC33691C8-FollowerState] INFO  impl.FollowerState (FollowerState.java:run(143)) - f5a405b8-a725-4e34-a81f-28a4d919f7ae@group-B6DAC33691C8-FollowerState was interrupted: {}
java.lang.InterruptedException: sleep interrupted
	at java.lang.Thread.sleep(Native Method)
	at java.lang.Thread.sleep(Thread.java:342)
	at java.util.concurrent.TimeUnit.sleep(TimeUnit.java:386)
	at org.apache.ratis.util.TimeDuration.sleep(TimeDuration.java:324)
	at org.apache.ratis.util.TimeDuration.sleep(TimeDuration.java:309)
	at org.apache.ratis.server.impl.FollowerState.run(FollowerState.java:118)
2022-03-09 23:22:36,021 [f5a405b8-a725-4e34-a81f-28a4d919f7ae@group-B6DAC33691C8-StateMachineUpdater] INFO  ratis.ContainerStateMachine (ContainerStateMachine.java:takeSnapshot(304)) - group-B6DAC33691C8: Taking a snapshot at:(t:2, i:0) file /home/runner/work/ozone/ozone/hadoop-ozone/integration-test/target/test-dir/MiniOzoneClusterImpl-4dc72195-aa51-421e-b53c-5a05ad500575/datanode-2/data/ratis/703940b3-ddfe-4222-8dbe-b6dac33691c8/sm/snapshot.2_0
2022-03-09 23:22:36,022 [f5a405b8-a725-4e34-a81f-28a4d919f7ae@group-B6DAC33691C8-StateMachineUpdater] INFO  ratis.ContainerStateMachine (ContainerStateMachine.java:takeSnapshot(315)) - group-B6DAC33691C8: Finished taking a snapshot at:(t:2, i:0) file:/home/runner/work/ozone/ozone/hadoop-ozone/integration-test/target/test-dir/MiniOzoneClusterImpl-4dc72195-aa51-421e-b53c-5a05ad500575/datanode-2/data/ratis/703940b3-ddfe-4222-8dbe-b6dac33691c8/sm/snapshot.2_0 took: 1 ms
2022-03-09 23:22:36,022 [f5a405b8-a725-4e34-a81f-28a4d919f7ae@group-B6DAC33691C8-StateMachineUpdater] INFO  impl.StateMachineUpdater (StateMachineUpdater.java:takeSnapshot(281)) - f5a405b8-a725-4e34-a81f-28a4d919f7ae@group-B6DAC33691C8-StateMachineUpdater: Took a snapshot at index 0
2022-03-09 23:22:36,022 [f5a405b8-a725-4e34-a81f-28a4d919f7ae@group-B6DAC33691C8-StateMachineUpdater] INFO  impl.StateMachineUpdater (StateMachineUpdater.java:lambda$new$0(89)) - f5a405b8-a725-4e34-a81f-28a4d919f7ae@group-B6DAC33691C8-StateMachineUpdater: snapshotIndex: updateIncreasingly -1 -> 0
2022-03-09 23:22:36,024 [ForkJoinPool.commonPool-worker-1] INFO  server.RaftServer$Division (ServerState.java:close(419)) - f5a405b8-a725-4e34-a81f-28a4d919f7ae@group-B6DAC33691C8: closes. applyIndex: 0
2022-03-09 23:22:36,025 [f5a405b8-a725-4e34-a81f-28a4d919f7ae@group-B6DAC33691C8-SegmentedRaftLogWorker] INFO  segmented.SegmentedRaftLogWorker (SegmentedRaftLogWorker.java:run(327)) - f5a405b8-a725-4e34-a81f-28a4d919f7ae@group-B6DAC33691C8-SegmentedRaftLogWorker was interrupted, exiting. There are 0 tasks remaining in the queue.
2022-03-09 23:22:36,025 [ForkJoinPool.commonPool-worker-1] INFO  segmented.SegmentedRaftLogWorker (SegmentedRaftLogWorker.java:close(237)) - f5a405b8-a725-4e34-a81f-28a4d919f7ae@group-B6DAC33691C8-SegmentedRaftLogWorker close()
2022-03-09 23:22:36,025 [ForkJoinPool.commonPool-worker-1] INFO  server.RaftServer$Division (RaftServerImpl.java:lambda$close$4(412)) - f5a405b8-a725-4e34-a81f-28a4d919f7ae@group-4F18BD09E878: shutdown
2022-03-09 23:22:36,025 [ForkJoinPool.commonPool-worker-1] INFO  util.JmxRegister (JmxRegister.java:unregister(73)) - Successfully un-registered JMX Bean with object name Ratis:service=RaftServer,group=group-4F18BD09E878,id=f5a405b8-a725-4e34-a81f-28a4d919f7ae
2022-03-09 23:22:36,025 [ForkJoinPool.commonPool-worker-1] INFO  impl.RoleInfo (RoleInfo.java:shutdownLeaderState(91)) - f5a405b8-a725-4e34-a81f-28a4d919f7ae: shutdown f5a405b8-a725-4e34-a81f-28a4d919f7ae@group-4F18BD09E878-LeaderStateImpl
2022-03-09 23:22:36,025 [ForkJoinPool.commonPool-worker-1] INFO  impl.PendingRequests (PendingRequests.java:sendNotLeaderResponses(282)) - f5a405b8-a725-4e34-a81f-28a4d919f7ae@group-4F18BD09E878-PendingRequests: sendNotLeaderResponses
2022-03-09 23:22:36,026 [ForkJoinPool.commonPool-worker-1] INFO  impl.StateMachineUpdater (StateMachineUpdater.java:stopAndJoin(149)) - f5a405b8-a725-4e34-a81f-28a4d919f7ae@group-4F18BD09E878-StateMachineUpdater: set stopIndex = 0
2022-03-09 23:22:36,026 [f5a405b8-a725-4e34-a81f-28a4d919f7ae@group-4F18BD09E878-StateMachineUpdater] INFO  ratis.ContainerStateMachine (ContainerStateMachine.java:takeSnapshot(304)) - group-4F18BD09E878: Taking a snapshot at:(t:1, i:0) file /home/runner/work/ozone/ozone/hadoop-ozone/integration-test/target/test-dir/MiniOzoneClusterImpl-4dc72195-aa51-421e-b53c-5a05ad500575/datanode-2/data/ratis/ccf2bd87-4128-41b6-9bde-4f18bd09e878/sm/snapshot.1_0
2022-03-09 23:22:36,027 [f5a405b8-a725-4e34-a81f-28a4d919f7ae@group-4F18BD09E878-StateMachineUpdater] INFO  ratis.ContainerStateMachine (ContainerStateMachine.java:takeSnapshot(315)) - group-4F18BD09E878: Finished taking a snapshot at:(t:1, i:0) file:/home/runner/work/ozone/ozone/hadoop-ozone/integration-test/target/test-dir/MiniOzoneClusterImpl-4dc72195-aa51-421e-b53c-5a05ad500575/datanode-2/data/ratis/ccf2bd87-4128-41b6-9bde-4f18bd09e878/sm/snapshot.1_0 took: 0 ms
2022-03-09 23:22:36,027 [f5a405b8-a725-4e34-a81f-28a4d919f7ae@group-4F18BD09E878-StateMachineUpdater] INFO  impl.StateMachineUpdater (StateMachineUpdater.java:takeSnapshot(281)) - f5a405b8-a725-4e34-a81f-28a4d919f7ae@group-4F18BD09E878-StateMachineUpdater: Took a snapshot at index 0
2022-03-09 23:22:36,027 [f5a405b8-a725-4e34-a81f-28a4d919f7ae@group-4F18BD09E878-StateMachineUpdater] INFO  impl.StateMachineUpdater (StateMachineUpdater.java:lambda$new$0(89)) - f5a405b8-a725-4e34-a81f-28a4d919f7ae@group-4F18BD09E878-StateMachineUpdater: snapshotIndex: updateIncreasingly -1 -> 0
2022-03-09 23:22:36,030 [ForkJoinPool.commonPool-worker-1] INFO  server.RaftServer$Division (ServerState.java:close(419)) - f5a405b8-a725-4e34-a81f-28a4d919f7ae@group-4F18BD09E878: closes. applyIndex: 0
2022-03-09 23:22:36,030 [f5a405b8-a725-4e34-a81f-28a4d919f7ae@group-4F18BD09E878-SegmentedRaftLogWorker] INFO  segmented.SegmentedRaftLogWorker (SegmentedRaftLogWorker.java:run(327)) - f5a405b8-a725-4e34-a81f-28a4d919f7ae@group-4F18BD09E878-SegmentedRaftLogWorker was interrupted, exiting. There are 0 tasks remaining in the queue.
2022-03-09 23:22:36,031 [ForkJoinPool.commonPool-worker-1] INFO  segmented.SegmentedRaftLogWorker (SegmentedRaftLogWorker.java:close(237)) - f5a405b8-a725-4e34-a81f-28a4d919f7ae@group-4F18BD09E878-SegmentedRaftLogWorker close()
2022-03-09 23:22:36,031 [ForkJoinPool.commonPool-worker-1] INFO  server.GrpcService (GrpcService.java:closeImpl(262)) - f5a405b8-a725-4e34-a81f-28a4d919f7ae: shutdown server with port 36687 now
2022-03-09 23:22:36,060 [ForkJoinPool.commonPool-worker-1] INFO  server.GrpcService (GrpcService.java:closeImpl(271)) - f5a405b8-a725-4e34-a81f-28a4d919f7ae: shutdown server with port 36687 successfully
2022-03-09 23:22:36,060 [org.apache.ratis.util.JvmPauseMonitor$$Lambda$435/1210881341@308a6849] INFO  util.JvmPauseMonitor (JvmPauseMonitor.java:run(109)) - JvmPauseMonitor-f5a405b8-a725-4e34-a81f-28a4d919f7ae: Stopped
2022-03-09 23:22:36,581 [EndpointStateMachine task thread for /127.0.0.1:42271 - 0 ] INFO  ipc.Client (Client.java:handleConnectionFailure(977)) - Retrying connect to server: localhost/127.0.0.1:42271. Already tried 13 time(s); retry policy is RetryUpToMaximumCountWithFixedSleep(maxRetries=15, sleepTime=1000 MILLISECONDS)
2022-03-09 23:22:36,625 [EndpointStateMachine task thread for /127.0.0.1:43683 - 0 ] INFO  ipc.Client (Client.java:handleConnectionFailure(977)) - Retrying connect to server: localhost/127.0.0.1:43683. Already tried 8 time(s); retry policy is RetryUpToMaximumCountWithFixedSleep(maxRetries=15, sleepTime=1000 MILLISECONDS)
2022-03-09 23:22:37,585 [EndpointStateMachine task thread for /127.0.0.1:42271 - 0 ] INFO  ipc.Client (Client.java:handleConnectionFailure(977)) - Retrying connect to server: localhost/127.0.0.1:42271. Already tried 14 time(s); retry policy is RetryUpToMaximumCountWithFixedSleep(maxRetries=15, sleepTime=1000 MILLISECONDS)
2022-03-09 23:22:37,625 [EndpointStateMachine task thread for /127.0.0.1:43683 - 0 ] INFO  ipc.Client (Client.java:handleConnectionFailure(977)) - Retrying connect to server: localhost/127.0.0.1:43683. Already tried 9 time(s); retry policy is RetryUpToMaximumCountWithFixedSleep(maxRetries=15, sleepTime=1000 MILLISECONDS)
2022-03-09 23:22:38,089 [ForkJoinPool.commonPool-worker-1] INFO  utils.BackgroundService (BackgroundService.java:shutdown(132)) - Shutting down service BlockDeletingService
2022-03-09 23:22:38,587 [EndpointStateMachine task thread for /127.0.0.1:42271 - 0 ] INFO  ipc.Client (Client.java:handleConnectionFailure(977)) - Retrying connect to server: localhost/127.0.0.1:42271. Already tried 0 time(s); retry policy is RetryUpToMaximumCountWithFixedSleep(maxRetries=15, sleepTime=1000 MILLISECONDS)
2022-03-09 23:22:38,626 [EndpointStateMachine task thread for /127.0.0.1:43683 - 0 ] INFO  ipc.Client (Client.java:handleConnectionFailure(977)) - Retrying connect to server: localhost/127.0.0.1:43683. Already tried 10 time(s); retry policy is RetryUpToMaximumCountWithFixedSleep(maxRetries=15, sleepTime=1000 MILLISECONDS)
2022-03-09 23:22:39,588 [EndpointStateMachine task thread for /127.0.0.1:42271 - 0 ] INFO  ipc.Client (Client.java:handleConnectionFailure(977)) - Retrying connect to server: localhost/127.0.0.1:42271. Already tried 1 time(s); retry policy is RetryUpToMaximumCountWithFixedSleep(maxRetries=15, sleepTime=1000 MILLISECONDS)
2022-03-09 23:22:39,626 [EndpointStateMachine task thread for /127.0.0.1:43683 - 0 ] INFO  ipc.Client (Client.java:handleConnectionFailure(977)) - Retrying connect to server: localhost/127.0.0.1:43683. Already tried 11 time(s); retry policy is RetryUpToMaximumCountWithFixedSleep(maxRetries=15, sleepTime=1000 MILLISECONDS)
2022-03-09 23:22:40,592 [EndpointStateMachine task thread for /127.0.0.1:42271 - 0 ] INFO  ipc.Client (Client.java:handleConnectionFailure(977)) - Retrying connect to server: localhost/127.0.0.1:42271. Already tried 2 time(s); retry policy is RetryUpToMaximumCountWithFixedSleep(maxRetries=15, sleepTime=1000 MILLISECONDS)
2022-03-09 23:22:40,627 [EndpointStateMachine task thread for /127.0.0.1:43683 - 0 ] INFO  ipc.Client (Client.java:handleConnectionFailure(977)) - Retrying connect to server: localhost/127.0.0.1:43683. Already tried 12 time(s); retry policy is RetryUpToMaximumCountWithFixedSleep(maxRetries=15, sleepTime=1000 MILLISECONDS)
2022-03-09 23:22:41,100 [ForkJoinPool.commonPool-worker-1] INFO  statemachine.DatanodeStateMachine (DatanodeStateMachine.java:stopDaemon(529)) - Ozone container server stopped.
2022-03-09 23:22:41,109 [ForkJoinPool.commonPool-worker-1] INFO  handler.ContextHandler (ContextHandler.java:doStop(1153)) - Stopped o.e.j.w.WebAppContext@71e0eede{hddsDatanode,/,null,STOPPED}{jar:file:/home/runner/.m2/repository/org/apache/ozone/hdds-container-service/1.3.0-SNAPSHOT/hdds-container-service-1.3.0-SNAPSHOT.jar!/webapps/hddsDatanode}
2022-03-09 23:22:41,109 [ForkJoinPool.commonPool-worker-1] INFO  server.AbstractConnector (AbstractConnector.java:doStop(381)) - Stopped ServerConnector@49b5a52a{HTTP/1.1, (http/1.1)}{0.0.0.0:0}
2022-03-09 23:22:41,109 [ForkJoinPool.commonPool-worker-1] INFO  server.session (HouseKeeper.java:stopScavenging(149)) - node0 Stopped scavenging
2022-03-09 23:22:41,110 [ForkJoinPool.commonPool-worker-1] INFO  handler.ContextHandler (ContextHandler.java:doStop(1153)) - Stopped o.e.j.s.ServletContextHandler@32cf9a18{static,/static,jar:file:/home/runner/.m2/repository/org/apache/ozone/hdds-container-service/1.3.0-SNAPSHOT/hdds-container-service-1.3.0-SNAPSHOT.jar!/webapps/static,STOPPED}
2022-03-09 23:22:41,110 [ForkJoinPool.commonPool-worker-1] INFO  handler.ContextHandler (ContextHandler.java:doStop(1153)) - Stopped o.e.j.s.ServletContextHandler@4a9e1dd6{logs,/logs,file:///home/runner/work/ozone/ozone/hadoop-ozone/integration-test/target/log,STOPPED}
]]></system-out>
  </testcase>
  <testcase name="testBootstrap" classname="org.apache.hadoop.ozone.om.TestAddRemoveOzoneManager" time="68.99"/>
  <testcase name="testDecommission" classname="org.apache.hadoop.ozone.om.TestAddRemoveOzoneManager" time="54.184"/>
</testsuite>