<?xml version="1.0" encoding="UTF-8"?>
<testsuite xmlns:xsi="http://www.w3.org/2001/XMLSchema-instance" xsi:noNamespaceSchemaLocation="https://maven.apache.org/surefire/maven-surefire-plugin/xsd/surefire-test-report-3.0.xsd" version="3.0" name="org.apache.hadoop.ozone.TestStorageContainerManager" time="232.304" tests="13" errors="1" skipped="0" failures="0">
  <properties>
    <property name="awt.toolkit" value="sun.awt.X11.XToolkit"/>
    <property name="file.encoding.pkg" value="sun.io"/>
    <property name="java.specification.version" value="1.8"/>
    <property name="sun.cpu.isalist" value=""/>
    <property name="sun.jnu.encoding" value="UTF-8"/>
    <property name="java.class.path" value="/home/runner/work/ozone/ozone/hadoop-ozone/integration-test/target/test-classes:/home/runner/work/ozone/ozone/hadoop-ozone/integration-test/target/classes:/home/runner/.m2/repository/org/apache/ozone/ozone-common/1.4.0-SNAPSHOT/ozone-common-1.4.0-SNAPSHOT.jar:/home/runner/.m2/repository/io/grpc/grpc-netty/1.51.1/grpc-netty-1.51.1.jar:/home/runner/.m2/repository/io/grpc/grpc-core/1.51.1/grpc-core-1.51.1.jar:/home/runner/.m2/repository/com/google/android/annotations/4.1.1.4/annotations-4.1.1.4.jar:/home/runner/.m2/repository/org/codehaus/mojo/animal-sniffer-annotations/1.21/animal-sniffer-annotations-1.21.jar:/home/runner/.m2/repository/com/google/errorprone/error_prone_annotations/2.2.0/error_prone_annotations-2.2.0.jar:/home/runner/.m2/repository/io/perfmark/perfmark-api/0.25.0/perfmark-api-0.25.0.jar:/home/runner/.m2/repository/io/netty/netty-codec-http2/4.1.86.Final/netty-codec-http2-4.1.86.Final.jar:/home/runner/.m2/repository/io/netty/netty-common/4.1.86.Final/netty-common-4.1.86.Final.jar:/home/runner/.m2/repository/io/netty/netty-buffer/4.1.86.Final/netty-buffer-4.1.86.Final.jar:/home/runner/.m2/repository/io/netty/netty-codec-http/4.1.86.Final/netty-codec-http-4.1.86.Final.jar:/home/runner/.m2/repository/io/netty/netty-handler-proxy/4.1.86.Final/netty-handler-proxy-4.1.86.Final.jar:/home/runner/.m2/repository/io/netty/netty-codec-socks/4.1.86.Final/netty-codec-socks-4.1.86.Final.jar:/home/runner/.m2/repository/io/netty/netty-tcnative-boringssl-static/2.0.54.Final/netty-tcnative-boringssl-static-2.0.54.Final.jar:/home/runner/.m2/repository/io/netty/netty-tcnative-classes/2.0.54.Final/netty-tcnative-classes-2.0.54.Final.jar:/home/runner/.m2/repository/io/netty/netty-tcnative-boringssl-static/2.0.54.Final/netty-tcnative-boringssl-static-2.0.54.Final-linux-x86_64.jar:/home/runner/.m2/repository/io/netty/netty-tcnative-boringssl-static/2.0.54.Final/netty-tcnative-boringssl-static-2.0.54.Final-linux-aarch_64.jar:/home/runner/.m2/repository/io/netty/netty-tcnative-boringssl-static/2.0.54.Final/netty-tcnative-boringssl-static-2.0.54.Final-osx-x86_64.jar:/home/runner/.m2/repository/io/netty/netty-tcnative-boringssl-static/2.0.54.Final/netty-tcnative-boringssl-static-2.0.54.Final-osx-aarch_64.jar:/home/runner/.m2/repository/io/netty/netty-tcnative-boringssl-static/2.0.54.Final/netty-tcnative-boringssl-static-2.0.54.Final-windows-x86_64.jar:/home/runner/.m2/repository/org/apache/commons/commons-compress/1.21/commons-compress-1.21.jar:/home/runner/.m2/repository/org/apache/ozone/hdds-common/1.4.0-SNAPSHOT/hdds-common-1.4.0-SNAPSHOT.jar:/home/runner/.m2/repository/org/apache/ozone/hdds-client/1.4.0-SNAPSHOT/hdds-client-1.4.0-SNAPSHOT.jar:/home/runner/.m2/repository/org/apache/ozone/ozone-interface-client/1.4.0-SNAPSHOT/ozone-interface-client-1.4.0-SNAPSHOT.jar:/home/runner/.m2/repository/org/apache/ozone/hdds-test-utils/1.4.0-SNAPSHOT/hdds-test-utils-1.4.0-SNAPSHOT.jar:/home/runner/.m2/repository/com/google/guava/guava/31.1-jre/guava-31.1-jre.jar:/home/runner/.m2/repository/com/google/guava/failureaccess/1.0.1/failureaccess-1.0.1.jar:/home/runner/.m2/repository/com/google/guava/listenablefuture/9999.0-empty-to-avoid-conflict-with-guava/listenablefuture-9999.0-empty-to-avoid-conflict-with-guava.jar:/home/runner/.m2/repository/com/google/code/findbugs/jsr305/3.0.0/jsr305-3.0.0.jar:/home/runner/.m2/repository/org/checkerframework/checker-qual/3.12.0/checker-qual-3.12.0.jar:/home/runner/.m2/repository/com/google/j2objc/j2objc-annotations/1.3/j2objc-annotations-1.3.jar:/home/runner/.m2/repository/commons-io/commons-io/2.11.0/commons-io-2.11.0.jar:/home/runner/.m2/repository/commons-logging/commons-logging/1.2/commons-logging-1.2.jar:/home/runner/.m2/repository/ch/qos/reload4j/reload4j/1.2.22/reload4j-1.2.22.jar:/home/runner/.m2/repository/org/slf4j/slf4j-api/1.7.36/slf4j-api-1.7.36.jar:/home/runner/.m2/repository/org/apache/ozone/hdds-server-scm/1.4.0-SNAPSHOT/hdds-server-scm-1.4.0-SNAPSHOT.jar:/home/runner/.m2/repository/org/apache/ozone/hdds-container-service/1.4.0-SNAPSHOT/hdds-container-service-1.4.0-SNAPSHOT.jar:/home/runner/.m2/repository/org/apache/ozone/hdds-hadoop-dependency-server/1.4.0-SNAPSHOT/hdds-hadoop-dependency-server-1.4.0-SNAPSHOT.jar:/home/runner/.m2/repository/org/apache/hadoop/hadoop-hdfs/3.3.4/hadoop-hdfs-3.3.4.jar:/home/runner/.m2/repository/commons-daemon/commons-daemon/1.0.13/commons-daemon-1.0.13.jar:/home/runner/.m2/repository/org/apache/ozone/hdds-server-framework/1.4.0-SNAPSHOT/hdds-server-framework-1.4.0-SNAPSHOT.jar:/home/runner/.m2/repository/io/dropwizard/metrics/metrics-core/3.2.4/metrics-core-3.2.4.jar:/home/runner/.m2/repository/org/apache/commons/commons-text/1.4/commons-text-1.4.jar:/home/runner/.m2/repository/org/apache/hadoop/hadoop-hdfs-client/3.3.4/hadoop-hdfs-client-3.3.4.jar:/home/runner/.m2/repository/com/squareup/okhttp3/okhttp/4.9.3/okhttp-4.9.3.jar:/home/runner/.m2/repository/com/squareup/okio/okio/2.8.0/okio-2.8.0.jar:/home/runner/.m2/repository/org/jetbrains/kotlin/kotlin-stdlib-common/1.6.21/kotlin-stdlib-common-1.6.21.jar:/home/runner/.m2/repository/org/bouncycastle/bcprov-jdk15on/1.67/bcprov-jdk15on-1.67.jar:/home/runner/.m2/repository/com/google/protobuf/protobuf-java/2.5.0/protobuf-java-2.5.0.jar:/home/runner/.m2/repository/org/apache/ozone/hdds-server-framework/1.4.0-SNAPSHOT/hdds-server-framework-1.4.0-SNAPSHOT-tests.jar:/home/runner/.m2/repository/org/apache/ozone/hdds-interface-server/1.4.0-SNAPSHOT/hdds-interface-server-1.4.0-SNAPSHOT.jar:/home/runner/.m2/repository/org/apache/ozone/hdds-interface-admin/1.4.0-SNAPSHOT/hdds-interface-admin-1.4.0-SNAPSHOT.jar:/home/runner/.m2/repository/org/apache/ozone/hdds-managed-rocksdb/1.4.0-SNAPSHOT/hdds-managed-rocksdb-1.4.0-SNAPSHOT.jar:/home/runner/.m2/repository/org/rocksdb/rocksdbjni/7.7.3/rocksdbjni-7.7.3.jar:/home/runner/.m2/repository/org/slf4j/slf4j-reload4j/1.7.36/slf4j-reload4j-1.7.36.jar:/home/runner/.m2/repository/org/apache/commons/commons-configuration2/2.1.1/commons-configuration2-2.1.1.jar:/home/runner/.m2/repository/org/apache/logging/log4j/log4j-core/2.17.1/log4j-core-2.17.1.jar:/home/runner/.m2/repository/com/lmax/disruptor/3.4.2/disruptor-3.4.2.jar:/home/runner/.m2/repository/org/eclipse/jetty/jetty-util/9.4.49.v20220914/jetty-util-9.4.49.v20220914.jar:/home/runner/.m2/repository/org/eclipse/jetty/jetty-server/9.4.49.v20220914/jetty-server-9.4.49.v20220914.jar:/home/runner/.m2/repository/org/eclipse/jetty/jetty-http/9.4.49.v20220914/jetty-http-9.4.49.v20220914.jar:/home/runner/.m2/repository/org/eclipse/jetty/jetty-io/9.4.49.v20220914/jetty-io-9.4.49.v20220914.jar:/home/runner/.m2/repository/org/eclipse/jetty/jetty-servlet/9.4.49.v20220914/jetty-servlet-9.4.49.v20220914.jar:/home/runner/.m2/repository/org/eclipse/jetty/jetty-security/9.4.49.v20220914/jetty-security-9.4.49.v20220914.jar:/home/runner/.m2/repository/org/eclipse/jetty/jetty-util-ajax/9.4.49.v20220914/jetty-util-ajax-9.4.49.v20220914.jar:/home/runner/.m2/repository/org/eclipse/jetty/jetty-webapp/9.4.49.v20220914/jetty-webapp-9.4.49.v20220914.jar:/home/runner/.m2/repository/org/eclipse/jetty/jetty-xml/9.4.49.v20220914/jetty-xml-9.4.49.v20220914.jar:/home/runner/.m2/repository/org/apache/ratis/ratis-server/2.4.2-8b8bdda-SNAPSHOT/ratis-server-2.4.2-8b8bdda-SNAPSHOT.jar:/home/runner/.m2/repository/org/apache/ratis/ratis-thirdparty-misc/1.0.3/ratis-thirdparty-misc-1.0.3.jar:/home/runner/.m2/repository/org/apache/ratis/ratis-proto/2.4.2-8b8bdda-SNAPSHOT/ratis-proto-2.4.2-8b8bdda-SNAPSHOT.jar:/home/runner/.m2/repository/org/apache/ratis/ratis-common/2.4.2-8b8bdda-SNAPSHOT/ratis-common-2.4.2-8b8bdda-SNAPSHOT.jar:/home/runner/.m2/repository/org/apache/ratis/ratis-client/2.4.2-8b8bdda-SNAPSHOT/ratis-client-2.4.2-8b8bdda-SNAPSHOT.jar:/home/runner/.m2/repository/org/apache/ratis/ratis-server-api/2.4.2-8b8bdda-SNAPSHOT/ratis-server-api-2.4.2-8b8bdda-SNAPSHOT.jar:/home/runner/.m2/repository/org/apache/ratis/ratis-metrics/2.4.2-8b8bdda-SNAPSHOT/ratis-metrics-2.4.2-8b8bdda-SNAPSHOT.jar:/home/runner/.m2/repository/io/prometheus/simpleclient_dropwizard/0.7.0/simpleclient_dropwizard-0.7.0.jar:/home/runner/.m2/repository/io/prometheus/simpleclient/0.7.0/simpleclient-0.7.0.jar:/home/runner/.m2/repository/io/prometheus/simpleclient_common/0.7.0/simpleclient_common-0.7.0.jar:/home/runner/.m2/repository/com/fasterxml/jackson/datatype/jackson-datatype-jsr310/2.13.4/jackson-datatype-jsr310-2.13.4.jar:/home/runner/.m2/repository/com/fasterxml/jackson/core/jackson-core/2.13.4/jackson-core-2.13.4.jar:/home/runner/.m2/repository/com/github/spotbugs/spotbugs-annotations/3.1.12/spotbugs-annotations-3.1.12.jar:/home/runner/.m2/repository/org/apache/ozone/rocksdb-checkpoint-differ/1.4.0-SNAPSHOT/rocksdb-checkpoint-differ-1.4.0-SNAPSHOT.jar:/home/runner/.m2/repository/org/awaitility/awaitility/4.2.0/awaitility-4.2.0.jar:/home/runner/.m2/repository/org/hamcrest/hamcrest/2.1/hamcrest-2.1.jar:/home/runner/.m2/repository/org/apache/ozone/ozone-manager/1.4.0-SNAPSHOT/ozone-manager-1.4.0-SNAPSHOT.jar:/home/runner/.m2/repository/org/aspectj/aspectjrt/1.9.7/aspectjrt-1.9.7.jar:/home/runner/.m2/repository/org/aspectj/aspectjweaver/1.9.7/aspectjweaver-1.9.7.jar:/home/runner/.m2/repository/org/apache/ozone/hdds-interface-client/1.4.0-SNAPSHOT/hdds-interface-client-1.4.0-SNAPSHOT.jar:/home/runner/.m2/repository/org/apache/hadoop/thirdparty/hadoop-shaded-protobuf_3_7/1.1.1/hadoop-shaded-protobuf_3_7-1.1.1.jar:/home/runner/.m2/repository/org/apache/ozone/ozone-interface-storage/1.4.0-SNAPSHOT/ozone-interface-storage-1.4.0-SNAPSHOT.jar:/home/runner/.m2/repository/org/reflections/reflections/0.9.11/reflections-0.9.11.jar:/home/runner/.m2/repository/com/sun/jersey/jersey-client/1.19/jersey-client-1.19.jar:/home/runner/.m2/repository/org/apache/ranger/ranger-intg/2.3.0/ranger-intg-2.3.0.jar:/home/runner/.m2/repository/org/apache/ranger/ranger-plugins-common/2.3.0/ranger-plugins-common-2.3.0.jar:/home/runner/.m2/repository/commons-lang/commons-lang/2.6/commons-lang-2.6.jar:/home/runner/.m2/repository/org/apache/ranger/ranger-plugins-cred/2.3.0/ranger-plugins-cred-2.3.0.jar:/home/runner/.m2/repository/org/apache/ranger/ranger-plugins-audit/2.3.0/ranger-plugins-audit-2.3.0.jar:/home/runner/.m2/repository/org/eclipse/jetty/jetty-client/9.4.49.v20220914/jetty-client-9.4.49.v20220914.jar:/home/runner/.m2/repository/org/apache/httpcomponents/httpmime/4.5.6/httpmime-4.5.6.jar:/home/runner/.m2/repository/org/apache/httpcomponents/httpcore-nio/4.4.13/httpcore-nio-4.4.13.jar:/home/runner/.m2/repository/org/apache/httpcomponents/httpasyncclient/4.1.3/httpasyncclient-4.1.3.jar:/home/runner/.m2/repository/com/carrotsearch/hppc/0.8.0/hppc-0.8.0.jar:/home/runner/.m2/repository/org/apache/orc/orc-core/1.5.8/orc-core-1.5.8.jar:/home/runner/.m2/repository/net/java/dev/jna/jna/5.2.0/jna-5.2.0.jar:/home/runner/.m2/repository/net/java/dev/jna/jna-platform/5.2.0/jna-platform-5.2.0.jar:/home/runner/.m2/repository/com/kstruct/gethostname4j/0.0.2/gethostname4j-0.0.2.jar:/home/runner/.m2/repository/org/apache/ranger/ranger-plugin-classloader/2.3.0/ranger-plugin-classloader-2.3.0.jar:/home/runner/.m2/repository/org/apache/hadoop/hadoop-minikdc/3.3.4/hadoop-minikdc-3.3.4.jar:/home/runner/.m2/repository/org/apache/kerby/kerb-simplekdc/1.0.1/kerb-simplekdc-1.0.1.jar:/home/runner/.m2/repository/org/apache/kerby/kerb-client/1.0.1/kerb-client-1.0.1.jar:/home/runner/.m2/repository/org/apache/kerby/kerby-config/1.0.1/kerby-config-1.0.1.jar:/home/runner/.m2/repository/org/apache/kerby/kerb-common/1.0.1/kerb-common-1.0.1.jar:/home/runner/.m2/repository/org/apache/kerby/kerb-crypto/1.0.1/kerb-crypto-1.0.1.jar:/home/runner/.m2/repository/org/apache/kerby/kerb-util/1.0.1/kerb-util-1.0.1.jar:/home/runner/.m2/repository/org/apache/kerby/token-provider/1.0.1/token-provider-1.0.1.jar:/home/runner/.m2/repository/org/apache/kerby/kerb-admin/1.0.1/kerb-admin-1.0.1.jar:/home/runner/.m2/repository/org/apache/kerby/kerb-server/1.0.1/kerb-server-1.0.1.jar:/home/runner/.m2/repository/org/apache/kerby/kerb-identity/1.0.1/kerb-identity-1.0.1.jar:/home/runner/.m2/repository/org/apache/kerby/kerby-xdr/1.0.1/kerby-xdr-1.0.1.jar:/home/runner/.m2/repository/org/apache/ozone/ozone-s3gateway/1.4.0-SNAPSHOT/ozone-s3gateway-1.4.0-SNAPSHOT.jar:/home/runner/.m2/repository/org/javassist/javassist/3.21.0-GA/javassist-3.21.0-GA.jar:/home/runner/.m2/repository/org/jboss/weld/servlet/weld-servlet-shaded/3.1.9.Final/weld-servlet-shaded-3.1.9.Final.jar:/home/runner/.m2/repository/org/glassfish/jersey/containers/jersey-container-servlet-core/2.34/jersey-container-servlet-core-2.34.jar:/home/runner/.m2/repository/org/glassfish/hk2/external/jakarta.inject/2.6.1/jakarta.inject-2.6.1.jar:/home/runner/.m2/repository/org/glassfish/jersey/core/jersey-common/2.34/jersey-common-2.34.jar:/home/runner/.m2/repository/jakarta/ws/rs/jakarta.ws.rs-api/2.1.6/jakarta.ws.rs-api-2.1.6.jar:/home/runner/.m2/repository/org/glassfish/jersey/ext/cdi/jersey-cdi1x/2.34/jersey-cdi1x-2.34.jar:/home/runner/.m2/repository/org/glassfish/jersey/inject/jersey-hk2/2.34/jersey-hk2-2.34.jar:/home/runner/.m2/repository/org/glassfish/hk2/hk2-locator/2.6.1/hk2-locator-2.6.1.jar:/home/runner/.m2/repository/org/glassfish/jersey/media/jersey-media-jaxb/2.34/jersey-media-jaxb-2.34.jar:/home/runner/.m2/repository/org/glassfish/hk2/osgi-resource-locator/1.0.3/osgi-resource-locator-1.0.3.jar:/home/runner/.m2/repository/org/glassfish/hk2/hk2-api/2.5.0/hk2-api-2.5.0.jar:/home/runner/.m2/repository/org/glassfish/hk2/hk2-utils/2.5.0/hk2-utils-2.5.0.jar:/home/runner/.m2/repository/org/glassfish/hk2/external/aopalliance-repackaged/2.5.0/aopalliance-repackaged-2.5.0.jar:/home/runner/.m2/repository/com/fasterxml/jackson/dataformat/jackson-dataformat-xml/2.13.4/jackson-dataformat-xml-2.13.4.jar:/home/runner/.m2/repository/org/codehaus/woodstox/stax2-api/4.2.1/stax2-api-4.2.1.jar:/home/runner/.m2/repository/com/fasterxml/woodstox/woodstox-core/5.4.0/woodstox-core-5.4.0.jar:/home/runner/.m2/repository/com/fasterxml/jackson/module/jackson-module-jaxb-annotations/2.13.4/jackson-module-jaxb-annotations-2.13.4.jar:/home/runner/.m2/repository/jakarta/xml/bind/jakarta.xml.bind-api/2.3.3/jakarta.xml.bind-api-2.3.3.jar:/home/runner/.m2/repository/jakarta/activation/jakarta.activation-api/1.2.2/jakarta.activation-api-1.2.2.jar:/home/runner/.m2/repository/javax/enterprise/cdi-api/2.0/cdi-api-2.0.jar:/home/runner/.m2/repository/javax/el/javax.el-api/3.0.0/javax.el-api-3.0.0.jar:/home/runner/.m2/repository/javax/interceptor/javax.interceptor-api/1.2/javax.interceptor-api-1.2.jar:/home/runner/.m2/repository/javax/inject/javax.inject/1/javax.inject-1.jar:/home/runner/.m2/repository/javax/xml/bind/jaxb-api/2.3.0/jaxb-api-2.3.0.jar:/home/runner/.m2/repository/org/glassfish/jaxb/jaxb-runtime/2.3.0.1/jaxb-runtime-2.3.0.1.jar:/home/runner/.m2/repository/org/glassfish/jaxb/jaxb-core/2.3.0.1/jaxb-core-2.3.0.1.jar:/home/runner/.m2/repository/org/glassfish/jaxb/txw2/2.3.0.1/txw2-2.3.0.1.jar:/home/runner/.m2/repository/com/sun/istack/istack-commons-runtime/3.0.5/istack-commons-runtime-3.0.5.jar:/home/runner/.m2/repository/org/jvnet/staxex/stax-ex/1.7.8/stax-ex-1.7.8.jar:/home/runner/.m2/repository/com/sun/xml/fastinfoset/FastInfoset/1.2.13/FastInfoset-1.2.13.jar:/home/runner/.m2/repository/javax/activation/activation/1.1.1/activation-1.1.1.jar:/home/runner/.m2/repository/io/grpc/grpc-protobuf/1.51.1/grpc-protobuf-1.51.1.jar:/home/runner/.m2/repository/io/grpc/grpc-api/1.51.1/grpc-api-1.51.1.jar:/home/runner/.m2/repository/io/grpc/grpc-context/1.51.1/grpc-context-1.51.1.jar:/home/runner/.m2/repository/com/google/api/grpc/proto-google-common-protos/2.9.0/proto-google-common-protos-2.9.0.jar:/home/runner/.m2/repository/io/grpc/grpc-protobuf-lite/1.51.1/grpc-protobuf-lite-1.51.1.jar:/home/runner/.m2/repository/io/grpc/grpc-stub/1.51.1/grpc-stub-1.51.1.jar:/home/runner/.m2/repository/io/netty/netty-transport/4.1.86.Final/netty-transport-4.1.86.Final.jar:/home/runner/.m2/repository/io/netty/netty-resolver/4.1.86.Final/netty-resolver-4.1.86.Final.jar:/home/runner/.m2/repository/org/apache/ozone/ozone-csi/1.4.0-SNAPSHOT/ozone-csi-1.4.0-SNAPSHOT.jar:/home/runner/.m2/repository/com/google/protobuf/protobuf-java-util/3.19.6/protobuf-java-util-3.19.6.jar:/home/runner/.m2/repository/com/google/code/gson/gson/2.9.0/gson-2.9.0.jar:/home/runner/.m2/repository/org/apache/ozone/hdds-config/1.4.0-SNAPSHOT/hdds-config-1.4.0-SNAPSHOT.jar:/home/runner/.m2/repository/io/netty/netty-transport-native-epoll/4.1.86.Final/netty-transport-native-epoll-4.1.86.Final-linux-x86_64.jar:/home/runner/.m2/repository/io/netty/netty-transport-classes-epoll/4.1.86.Final/netty-transport-classes-epoll-4.1.86.Final.jar:/home/runner/.m2/repository/io/netty/netty-transport-native-unix-common/4.1.86.Final/netty-transport-native-unix-common-4.1.86.Final.jar:/home/runner/.m2/repository/org/apache/ozone/ozone-recon/1.4.0-SNAPSHOT/ozone-recon-1.4.0-SNAPSHOT.jar:/home/runner/.m2/repository/org/apache/ozone/ozone-reconcodegen/1.4.0-SNAPSHOT/ozone-reconcodegen-1.4.0-SNAPSHOT.jar:/home/runner/.m2/repository/com/google/inject/guice/5.1.0/guice-5.1.0.jar:/home/runner/.m2/repository/aopalliance/aopalliance/1.0/aopalliance-1.0.jar:/home/runner/.m2/repository/com/google/inject/extensions/guice-assistedinject/5.1.0/guice-assistedinject-5.1.0.jar:/home/runner/.m2/repository/com/google/inject/extensions/guice-servlet/5.1.0/guice-servlet-5.1.0.jar:/home/runner/.m2/repository/org/glassfish/jersey/containers/jersey-container-servlet/2.34/jersey-container-servlet-2.34.jar:/home/runner/.m2/repository/org/glassfish/hk2/guice-bridge/2.5.0/guice-bridge-2.5.0.jar:/home/runner/.m2/repository/org/glassfish/jersey/core/jersey-server/2.34/jersey-server-2.34.jar:/home/runner/.m2/repository/org/glassfish/jersey/core/jersey-client/2.34/jersey-client-2.34.jar:/home/runner/.m2/repository/jakarta/annotation/jakarta.annotation-api/1.3.5/jakarta.annotation-api-1.3.5.jar:/home/runner/.m2/repository/jakarta/validation/jakarta.validation-api/2.0.2/jakarta.validation-api-2.0.2.jar:/home/runner/.m2/repository/org/glassfish/jersey/media/jersey-media-json-jackson/2.34/jersey-media-json-jackson-2.34.jar:/home/runner/.m2/repository/org/glassfish/jersey/ext/jersey-entity-filtering/2.34/jersey-entity-filtering-2.34.jar:/home/runner/.m2/repository/org/jooq/jooq/3.11.10/jooq-3.11.10.jar:/home/runner/.m2/repository/org/jooq/jooq-meta/3.11.10/jooq-meta-3.11.10.jar:/home/runner/.m2/repository/org/jooq/jooq-codegen/3.11.10/jooq-codegen-3.11.10.jar:/home/runner/.m2/repository/com/jolbox/bonecp/0.8.0.RELEASE/bonecp-0.8.0.RELEASE.jar:/home/runner/.m2/repository/org/apache/derby/derby/10.14.2.0/derby-10.14.2.0.jar:/home/runner/.m2/repository/org/xerial/sqlite-jdbc/3.25.2/sqlite-jdbc-3.25.2.jar:/home/runner/.m2/repository/org/springframework/spring-jdbc/5.3.23/spring-jdbc-5.3.23.jar:/home/runner/.m2/repository/org/springframework/spring-beans/5.3.23/spring-beans-5.3.23.jar:/home/runner/.m2/repository/org/springframework/spring-core/5.3.23/spring-core-5.3.23.jar:/home/runner/.m2/repository/org/springframework/spring-jcl/5.3.23/spring-jcl-5.3.23.jar:/home/runner/.m2/repository/org/springframework/spring-tx/5.3.23/spring-tx-5.3.23.jar:/home/runner/.m2/repository/org/apache/ozone/ozone-client/1.4.0-SNAPSHOT/ozone-client-1.4.0-SNAPSHOT.jar:/home/runner/.m2/repository/org/apache/ozone/hdds-erasurecode/1.4.0-SNAPSHOT/hdds-erasurecode-1.4.0-SNAPSHOT.jar:/home/runner/.m2/repository/org/apache/ozone/ozone-filesystem/1.4.0-SNAPSHOT/ozone-filesystem-1.4.0-SNAPSHOT.jar:/home/runner/.m2/repository/org/apache/ozone/ozone-filesystem-common/1.4.0-SNAPSHOT/ozone-filesystem-common-1.4.0-SNAPSHOT.jar:/home/runner/.m2/repository/org/apache/ozone/ozone-tools/1.4.0-SNAPSHOT/ozone-tools-1.4.0-SNAPSHOT.jar:/home/runner/.m2/repository/com/amazonaws/aws-java-sdk-core/1.12.261/aws-java-sdk-core-1.12.261.jar:/home/runner/.m2/repository/org/apache/httpcomponents/httpclient/4.5.13/httpclient-4.5.13.jar:/home/runner/.m2/repository/org/apache/httpcomponents/httpcore/4.4.13/httpcore-4.4.13.jar:/home/runner/.m2/repository/software/amazon/ion/ion-java/1.0.2/ion-java-1.0.2.jar:/home/runner/.m2/repository/com/fasterxml/jackson/dataformat/jackson-dataformat-cbor/2.13.4/jackson-dataformat-cbor-2.13.4.jar:/home/runner/.m2/repository/joda-time/joda-time/2.10.6/joda-time-2.10.6.jar:/home/runner/.m2/repository/com/amazonaws/aws-java-sdk-s3/1.12.261/aws-java-sdk-s3-1.12.261.jar:/home/runner/.m2/repository/com/amazonaws/aws-java-sdk-kms/1.12.261/aws-java-sdk-kms-1.12.261.jar:/home/runner/.m2/repository/com/amazonaws/jmespath-java/1.12.261/jmespath-java-1.12.261.jar:/home/runner/.m2/repository/org/kohsuke/metainf-services/metainf-services/1.8/metainf-services-1.8.jar:/home/runner/.m2/repository/org/apache/ozone/hdds-tools/1.4.0-SNAPSHOT/hdds-tools-1.4.0-SNAPSHOT.jar:/home/runner/.m2/repository/org/apache/ratis/ratis-tools/2.4.2-8b8bdda-SNAPSHOT/ratis-tools-2.4.2-8b8bdda-SNAPSHOT.jar:/home/runner/.m2/repository/commons-cli/commons-cli/1.2/commons-cli-1.2.jar:/home/runner/.m2/repository/org/apache/commons/commons-lang3/3.7/commons-lang3-3.7.jar:/home/runner/.m2/repository/org/apache/ozone/ozone-manager/1.4.0-SNAPSHOT/ozone-manager-1.4.0-SNAPSHOT-tests.jar:/home/runner/.m2/repository/org/apache/ozone/hdds-common/1.4.0-SNAPSHOT/hdds-common-1.4.0-SNAPSHOT-tests.jar:/home/runner/.m2/repository/org/apache/ozone/hdds-hadoop-dependency-client/1.4.0-SNAPSHOT/hdds-hadoop-dependency-client-1.4.0-SNAPSHOT.jar:/home/runner/.m2/repository/info/picocli/picocli/4.6.1/picocli-4.6.1.jar:/home/runner/.m2/repository/com/fasterxml/jackson/core/jackson-annotations/2.13.4/jackson-annotations-2.13.4.jar:/home/runner/.m2/repository/org/apache/ozone/hdds-annotation-processing/1.4.0-SNAPSHOT/hdds-annotation-processing-1.4.0-SNAPSHOT.jar:/home/runner/.m2/repository/javax/annotation/javax.annotation-api/1.2/javax.annotation-api-1.2.jar:/home/runner/.m2/repository/org/apache/ratis/ratis-netty/2.4.2-8b8bdda-SNAPSHOT/ratis-netty-2.4.2-8b8bdda-SNAPSHOT.jar:/home/runner/.m2/repository/org/apache/ratis/ratis-grpc/2.4.2-8b8bdda-SNAPSHOT/ratis-grpc-2.4.2-8b8bdda-SNAPSHOT.jar:/home/runner/.m2/repository/org/apache/logging/log4j/log4j-api/2.17.1/log4j-api-2.17.1.jar:/home/runner/.m2/repository/org/apache/commons/commons-pool2/2.6.0/commons-pool2-2.6.0.jar:/home/runner/.m2/repository/org/bouncycastle/bcpkix-jdk15on/1.67/bcpkix-jdk15on-1.67.jar:/home/runner/.m2/repository/commons-validator/commons-validator/1.6/commons-validator-1.6.jar:/home/runner/.m2/repository/commons-beanutils/commons-beanutils/1.9.4/commons-beanutils-1.9.4.jar:/home/runner/.m2/repository/commons-digester/commons-digester/1.8.1/commons-digester-1.8.1.jar:/home/runner/.m2/repository/commons-collections/commons-collections/3.2.2/commons-collections-3.2.2.jar:/home/runner/.m2/repository/io/jaegertracing/jaeger-client/1.6.0/jaeger-client-1.6.0.jar:/home/runner/.m2/repository/io/jaegertracing/jaeger-thrift/1.6.0/jaeger-thrift-1.6.0.jar:/home/runner/.m2/repository/org/apache/thrift/libthrift/0.14.1/libthrift-0.14.1.jar:/home/runner/.m2/repository/io/jaegertracing/jaeger-core/1.6.0/jaeger-core-1.6.0.jar:/home/runner/.m2/repository/io/jaegertracing/jaeger-tracerresolver/1.6.0/jaeger-tracerresolver-1.6.0.jar:/home/runner/.m2/repository/io/opentracing/contrib/opentracing-tracerresolver/0.1.8/opentracing-tracerresolver-0.1.8.jar:/home/runner/.m2/repository/org/jetbrains/kotlin/kotlin-stdlib/1.6.21/kotlin-stdlib-1.6.21.jar:/home/runner/.m2/repository/org/jetbrains/annotations/13.0/annotations-13.0.jar:/home/runner/.m2/repository/io/opentracing/opentracing-util/0.33.0/opentracing-util-0.33.0.jar:/home/runner/.m2/repository/io/opentracing/opentracing-api/0.33.0/opentracing-api-0.33.0.jar:/home/runner/.m2/repository/io/opentracing/opentracing-noop/0.33.0/opentracing-noop-0.33.0.jar:/home/runner/.m2/repository/org/yaml/snakeyaml/2.0/snakeyaml-2.0.jar:/home/runner/.m2/repository/junit/junit/4.13.1/junit-4.13.1.jar:/home/runner/.m2/repository/org/hamcrest/hamcrest-core/1.3/hamcrest-core-1.3.jar:/home/runner/.m2/repository/org/junit/jupiter/junit-jupiter-api/5.8.2/junit-jupiter-api-5.8.2.jar:/home/runner/.m2/repository/org/opentest4j/opentest4j/1.2.0/opentest4j-1.2.0.jar:/home/runner/.m2/repository/org/junit/platform/junit-platform-commons/1.8.2/junit-platform-commons-1.8.2.jar:/home/runner/.m2/repository/org/apiguardian/apiguardian-api/1.1.2/apiguardian-api-1.1.2.jar:/home/runner/.m2/repository/org/junit/jupiter/junit-jupiter-params/5.8.2/junit-jupiter-params-5.8.2.jar:/home/runner/.m2/repository/org/junit/jupiter/junit-jupiter-migrationsupport/5.8.2/junit-jupiter-migrationsupport-5.8.2.jar:/home/runner/.m2/repository/org/junit/jupiter/junit-jupiter-engine/5.8.2/junit-jupiter-engine-5.8.2.jar:/home/runner/.m2/repository/org/junit/platform/junit-platform-engine/1.8.2/junit-platform-engine-1.8.2.jar:/home/runner/.m2/repository/org/junit/vintage/junit-vintage-engine/5.8.2/junit-vintage-engine-5.8.2.jar:/home/runner/.m2/repository/org/junit/platform/junit-platform-launcher/1.8.2/junit-platform-launcher-1.8.2.jar:/home/runner/.m2/repository/org/mockito/mockito-core/2.28.2/mockito-core-2.28.2.jar:/home/runner/.m2/repository/net/bytebuddy/byte-buddy/1.9.10/byte-buddy-1.9.10.jar:/home/runner/.m2/repository/net/bytebuddy/byte-buddy-agent/1.9.10/byte-buddy-agent-1.9.10.jar:/home/runner/.m2/repository/org/objenesis/objenesis/1.0/objenesis-1.0.jar:/home/runner/.m2/repository/org/apache/hadoop/hadoop-kms/3.3.4/hadoop-kms-3.3.4.jar:/home/runner/.m2/repository/org/apache/hadoop/hadoop-auth/3.3.4/hadoop-auth-3.3.4.jar:/home/runner/.m2/repository/com/nimbusds/nimbus-jose-jwt/9.8.1/nimbus-jose-jwt-9.8.1.jar:/home/runner/.m2/repository/com/github/stephenc/jcip/jcip-annotations/1.0-1/jcip-annotations-1.0-1.jar:/home/runner/.m2/repository/net/minidev/json-smart/2.4.7/json-smart-2.4.7.jar:/home/runner/.m2/repository/net/minidev/accessors-smart/2.4.7/accessors-smart-2.4.7.jar:/home/runner/.m2/repository/org/ow2/asm/asm/5.0.4/asm-5.0.4.jar:/home/runner/.m2/repository/org/apache/zookeeper/zookeeper/3.5.6/zookeeper-3.5.6.jar:/home/runner/.m2/repository/org/apache/zookeeper/zookeeper-jute/3.5.6/zookeeper-jute-3.5.6.jar:/home/runner/.m2/repository/org/apache/yetus/audience-annotations/0.5.0/audience-annotations-0.5.0.jar:/home/runner/.m2/repository/org/apache/curator/curator-framework/4.2.0/curator-framework-4.2.0.jar:/home/runner/.m2/repository/org/apache/hadoop/thirdparty/hadoop-shaded-guava/1.1.1/hadoop-shaded-guava-1.1.1.jar:/home/runner/.m2/repository/com/sun/jersey/jersey-core/1.19/jersey-core-1.19.jar:/home/runner/.m2/repository/javax/ws/rs/jsr311-api/1.1.1/jsr311-api-1.1.1.jar:/home/runner/.m2/repository/com/sun/jersey/jersey-server/1.19/jersey-server-1.19.jar:/home/runner/.m2/repository/javax/servlet/javax.servlet-api/3.1.0/javax.servlet-api-3.1.0.jar:/home/runner/.m2/repository/org/apache/hadoop/hadoop-common/3.3.4/hadoop-common-3.3.4.jar:/home/runner/.m2/repository/org/apache/commons/commons-math3/3.1.1/commons-math3-3.1.1.jar:/home/runner/.m2/repository/commons-net/commons-net/3.9.0/commons-net-3.9.0.jar:/home/runner/.m2/repository/com/sun/jersey/jersey-servlet/1.19/jersey-servlet-1.19.jar:/home/runner/.m2/repository/com/sun/jersey/jersey-json/1.19/jersey-json-1.19.jar:/home/runner/.m2/repository/org/codehaus/jettison/jettison/1.1/jettison-1.1.jar:/home/runner/.m2/repository/com/sun/xml/bind/jaxb-impl/2.2.3-1/jaxb-impl-2.2.3-1.jar:/home/runner/.m2/repository/org/codehaus/jackson/jackson-jaxrs/1.9.2/jackson-jaxrs-1.9.2.jar:/home/runner/.m2/repository/org/codehaus/jackson/jackson-xc/1.9.2/jackson-xc-1.9.2.jar:/home/runner/.m2/repository/com/google/re2j/re2j/1.1/re2j-1.1.jar:/home/runner/.m2/repository/com/jcraft/jsch/0.1.54/jsch-0.1.54.jar:/home/runner/.m2/repository/org/apache/curator/curator-client/4.2.0/curator-client-4.2.0.jar:/home/runner/.m2/repository/org/apache/curator/curator-recipes/4.2.0/curator-recipes-4.2.0.jar:/home/runner/.m2/repository/org/apache/kerby/kerb-core/1.0.1/kerb-core-1.0.1.jar:/home/runner/.m2/repository/org/apache/kerby/kerby-pkix/1.0.1/kerby-pkix-1.0.1.jar:/home/runner/.m2/repository/org/apache/kerby/kerby-asn1/1.0.1/kerby-asn1-1.0.1.jar:/home/runner/.m2/repository/org/apache/kerby/kerby-util/1.0.1/kerby-util-1.0.1.jar:/home/runner/.m2/repository/dnsjava/dnsjava/2.1.7/dnsjava-2.1.7.jar:/home/runner/.m2/repository/org/xerial/snappy/snappy-java/1.1.8.2/snappy-java-1.1.8.2.jar:/home/runner/.m2/repository/com/fasterxml/jackson/core/jackson-databind/2.13.4.2/jackson-databind-2.13.4.2.jar:/home/runner/.m2/repository/org/apache/hadoop/hadoop-kms/3.3.4/hadoop-kms-3.3.4-tests.jar:/home/runner/.m2/repository/org/apache/ozone/hdds-server-scm/1.4.0-SNAPSHOT/hdds-server-scm-1.4.0-SNAPSHOT-tests.jar:/home/runner/.m2/repository/org/apache/ozone/hdds-container-service/1.4.0-SNAPSHOT/hdds-container-service-1.4.0-SNAPSHOT-tests.jar:/home/runner/.m2/repository/com/github/luben/zstd-jni/1.5.2-5/zstd-jni-1.5.2-5.jar:/home/runner/.m2/repository/commons-codec/commons-codec/1.15/commons-codec-1.15.jar:/home/runner/.m2/repository/io/netty/netty-codec/4.1.86.Final/netty-codec-4.1.86.Final.jar:/home/runner/.m2/repository/io/netty/netty-handler/4.1.86.Final/netty-handler-4.1.86.Final.jar:/home/runner/.m2/repository/org/apache/ozone/hdds-hadoop-dependency-test/1.4.0-SNAPSHOT/hdds-hadoop-dependency-test-1.4.0-SNAPSHOT.jar:/home/runner/.m2/repository/org/apache/hadoop/hadoop-common/3.3.4/hadoop-common-3.3.4-tests.jar:/home/runner/.m2/repository/org/apache/hadoop/hadoop-hdfs/3.3.4/hadoop-hdfs-3.3.4-tests.jar:/home/runner/.m2/repository/org/assertj/assertj-core/3.12.2/assertj-core-3.12.2.jar:/home/runner/.m2/repository/org/apache/hadoop/hadoop-distcp/3.3.4/hadoop-distcp-3.3.4.jar:/home/runner/.m2/repository/org/apache/hadoop/hadoop-mapreduce-client-jobclient/3.3.4/hadoop-mapreduce-client-jobclient-3.3.4.jar:/home/runner/.m2/repository/org/apache/hadoop/hadoop-mapreduce-client-common/3.3.4/hadoop-mapreduce-client-common-3.3.4.jar:/home/runner/.m2/repository/org/apache/hadoop/hadoop-yarn-common/3.3.4/hadoop-yarn-common-3.3.4.jar:/home/runner/.m2/repository/org/apache/hadoop/hadoop-yarn-api/3.3.4/hadoop-yarn-api-3.3.4.jar:/home/runner/.m2/repository/com/sun/jersey/contribs/jersey-guice/1.19/jersey-guice-1.19.jar:/home/runner/.m2/repository/com/fasterxml/jackson/jaxrs/jackson-jaxrs-json-provider/2.13.4/jackson-jaxrs-json-provider-2.13.4.jar:/home/runner/.m2/repository/com/fasterxml/jackson/jaxrs/jackson-jaxrs-base/2.13.4/jackson-jaxrs-base-2.13.4.jar:/home/runner/.m2/repository/org/apache/hadoop/hadoop-yarn-client/3.3.4/hadoop-yarn-client-3.3.4.jar:/home/runner/.m2/repository/org/eclipse/jetty/websocket/websocket-client/9.4.43.v20210629/websocket-client-9.4.43.v20210629.jar:/home/runner/.m2/repository/org/eclipse/jetty/websocket/websocket-common/9.4.43.v20210629/websocket-common-9.4.43.v20210629.jar:/home/runner/.m2/repository/org/eclipse/jetty/websocket/websocket-api/9.4.43.v20210629/websocket-api-9.4.43.v20210629.jar:/home/runner/.m2/repository/org/jline/jline/3.9.0/jline-3.9.0.jar:/home/runner/.m2/repository/org/apache/hadoop/hadoop-mapreduce-client-core/3.3.4/hadoop-mapreduce-client-core-3.3.4.jar:/home/runner/.m2/repository/org/apache/avro/avro/1.7.7/avro-1.7.7.jar:/home/runner/.m2/repository/org/codehaus/jackson/jackson-core-asl/1.9.13/jackson-core-asl-1.9.13.jar:/home/runner/.m2/repository/org/codehaus/jackson/jackson-mapper-asl/1.9.13/jackson-mapper-asl-1.9.13.jar:/home/runner/.m2/repository/com/thoughtworks/paranamer/paranamer/2.3/paranamer-2.3.jar:/home/runner/.m2/repository/org/apache/hadoop/hadoop-annotations/3.3.4/hadoop-annotations-3.3.4.jar:/usr/lib/jvm/temurin-8-jdk-amd64/jre/../lib/tools.jar:/home/runner/.m2/repository/io/netty/netty/3.10.6.Final/netty-3.10.6.Final.jar:/home/runner/.m2/repository/org/apache/hadoop/hadoop-distcp/3.3.4/hadoop-distcp-3.3.4-tests.jar:/home/runner/.m2/repository/org/slf4j/jul-to-slf4j/1.7.36/jul-to-slf4j-1.7.36.jar:"/>
    <property name="java.vm.vendor" value="Temurin"/>
    <property name="sun.arch.data.model" value="64"/>
    <property name="test.build.dir" value="/home/runner/work/ozone/ozone/hadoop-ozone/integration-test/target/test-dir"/>
    <property name="test.cache.data" value=""/>
    <property name="java.vendor.url" value="https://adoptium.net/"/>
    <property name="user.timezone" value="Etc/UTC"/>
    <property name="java.vm.specification.version" value="1.8"/>
    <property name="os.name" value="Linux"/>
    <property name="test.build.data" value="/home/runner/work/ozone/ozone/hadoop-ozone/integration-test/target/test-dir"/>
    <property name="sun.java.launcher" value="SUN_STANDARD"/>
    <property name="sun.boot.library.path" value="/usr/lib/jvm/temurin-8-jdk-amd64/jre/lib/amd64"/>
    <property name="sun.java.command" value="/home/runner/work/ozone/ozone/hadoop-ozone/integration-test/target/surefire/surefirebooter8011777106951097315.jar /home/runner/work/ozone/ozone/hadoop-ozone/integration-test/target/surefire 2023-03-29T20-42-26_225-jvmRun1 surefire8574227984516283870tmp surefire_356273666009035152048tmp"/>
    <property name="surefire.test.class.path" value="/home/runner/work/ozone/ozone/hadoop-ozone/integration-test/target/test-classes:/home/runner/work/ozone/ozone/hadoop-ozone/integration-test/target/classes:/home/runner/.m2/repository/org/apache/ozone/ozone-common/1.4.0-SNAPSHOT/ozone-common-1.4.0-SNAPSHOT.jar:/home/runner/.m2/repository/io/grpc/grpc-netty/1.51.1/grpc-netty-1.51.1.jar:/home/runner/.m2/repository/io/grpc/grpc-core/1.51.1/grpc-core-1.51.1.jar:/home/runner/.m2/repository/com/google/android/annotations/4.1.1.4/annotations-4.1.1.4.jar:/home/runner/.m2/repository/org/codehaus/mojo/animal-sniffer-annotations/1.21/animal-sniffer-annotations-1.21.jar:/home/runner/.m2/repository/com/google/errorprone/error_prone_annotations/2.2.0/error_prone_annotations-2.2.0.jar:/home/runner/.m2/repository/io/perfmark/perfmark-api/0.25.0/perfmark-api-0.25.0.jar:/home/runner/.m2/repository/io/netty/netty-codec-http2/4.1.86.Final/netty-codec-http2-4.1.86.Final.jar:/home/runner/.m2/repository/io/netty/netty-common/4.1.86.Final/netty-common-4.1.86.Final.jar:/home/runner/.m2/repository/io/netty/netty-buffer/4.1.86.Final/netty-buffer-4.1.86.Final.jar:/home/runner/.m2/repository/io/netty/netty-codec-http/4.1.86.Final/netty-codec-http-4.1.86.Final.jar:/home/runner/.m2/repository/io/netty/netty-handler-proxy/4.1.86.Final/netty-handler-proxy-4.1.86.Final.jar:/home/runner/.m2/repository/io/netty/netty-codec-socks/4.1.86.Final/netty-codec-socks-4.1.86.Final.jar:/home/runner/.m2/repository/io/netty/netty-tcnative-boringssl-static/2.0.54.Final/netty-tcnative-boringssl-static-2.0.54.Final.jar:/home/runner/.m2/repository/io/netty/netty-tcnative-classes/2.0.54.Final/netty-tcnative-classes-2.0.54.Final.jar:/home/runner/.m2/repository/io/netty/netty-tcnative-boringssl-static/2.0.54.Final/netty-tcnative-boringssl-static-2.0.54.Final-linux-x86_64.jar:/home/runner/.m2/repository/io/netty/netty-tcnative-boringssl-static/2.0.54.Final/netty-tcnative-boringssl-static-2.0.54.Final-linux-aarch_64.jar:/home/runner/.m2/repository/io/netty/netty-tcnative-boringssl-static/2.0.54.Final/netty-tcnative-boringssl-static-2.0.54.Final-osx-x86_64.jar:/home/runner/.m2/repository/io/netty/netty-tcnative-boringssl-static/2.0.54.Final/netty-tcnative-boringssl-static-2.0.54.Final-osx-aarch_64.jar:/home/runner/.m2/repository/io/netty/netty-tcnative-boringssl-static/2.0.54.Final/netty-tcnative-boringssl-static-2.0.54.Final-windows-x86_64.jar:/home/runner/.m2/repository/org/apache/commons/commons-compress/1.21/commons-compress-1.21.jar:/home/runner/.m2/repository/org/apache/ozone/hdds-common/1.4.0-SNAPSHOT/hdds-common-1.4.0-SNAPSHOT.jar:/home/runner/.m2/repository/org/apache/ozone/hdds-client/1.4.0-SNAPSHOT/hdds-client-1.4.0-SNAPSHOT.jar:/home/runner/.m2/repository/org/apache/ozone/ozone-interface-client/1.4.0-SNAPSHOT/ozone-interface-client-1.4.0-SNAPSHOT.jar:/home/runner/.m2/repository/org/apache/ozone/hdds-test-utils/1.4.0-SNAPSHOT/hdds-test-utils-1.4.0-SNAPSHOT.jar:/home/runner/.m2/repository/com/google/guava/guava/31.1-jre/guava-31.1-jre.jar:/home/runner/.m2/repository/com/google/guava/failureaccess/1.0.1/failureaccess-1.0.1.jar:/home/runner/.m2/repository/com/google/guava/listenablefuture/9999.0-empty-to-avoid-conflict-with-guava/listenablefuture-9999.0-empty-to-avoid-conflict-with-guava.jar:/home/runner/.m2/repository/com/google/code/findbugs/jsr305/3.0.0/jsr305-3.0.0.jar:/home/runner/.m2/repository/org/checkerframework/checker-qual/3.12.0/checker-qual-3.12.0.jar:/home/runner/.m2/repository/com/google/j2objc/j2objc-annotations/1.3/j2objc-annotations-1.3.jar:/home/runner/.m2/repository/commons-io/commons-io/2.11.0/commons-io-2.11.0.jar:/home/runner/.m2/repository/commons-logging/commons-logging/1.2/commons-logging-1.2.jar:/home/runner/.m2/repository/ch/qos/reload4j/reload4j/1.2.22/reload4j-1.2.22.jar:/home/runner/.m2/repository/org/slf4j/slf4j-api/1.7.36/slf4j-api-1.7.36.jar:/home/runner/.m2/repository/org/apache/ozone/hdds-server-scm/1.4.0-SNAPSHOT/hdds-server-scm-1.4.0-SNAPSHOT.jar:/home/runner/.m2/repository/org/apache/ozone/hdds-container-service/1.4.0-SNAPSHOT/hdds-container-service-1.4.0-SNAPSHOT.jar:/home/runner/.m2/repository/org/apache/ozone/hdds-hadoop-dependency-server/1.4.0-SNAPSHOT/hdds-hadoop-dependency-server-1.4.0-SNAPSHOT.jar:/home/runner/.m2/repository/org/apache/hadoop/hadoop-hdfs/3.3.4/hadoop-hdfs-3.3.4.jar:/home/runner/.m2/repository/commons-daemon/commons-daemon/1.0.13/commons-daemon-1.0.13.jar:/home/runner/.m2/repository/org/apache/ozone/hdds-server-framework/1.4.0-SNAPSHOT/hdds-server-framework-1.4.0-SNAPSHOT.jar:/home/runner/.m2/repository/io/dropwizard/metrics/metrics-core/3.2.4/metrics-core-3.2.4.jar:/home/runner/.m2/repository/org/apache/commons/commons-text/1.4/commons-text-1.4.jar:/home/runner/.m2/repository/org/apache/hadoop/hadoop-hdfs-client/3.3.4/hadoop-hdfs-client-3.3.4.jar:/home/runner/.m2/repository/com/squareup/okhttp3/okhttp/4.9.3/okhttp-4.9.3.jar:/home/runner/.m2/repository/com/squareup/okio/okio/2.8.0/okio-2.8.0.jar:/home/runner/.m2/repository/org/jetbrains/kotlin/kotlin-stdlib-common/1.6.21/kotlin-stdlib-common-1.6.21.jar:/home/runner/.m2/repository/org/bouncycastle/bcprov-jdk15on/1.67/bcprov-jdk15on-1.67.jar:/home/runner/.m2/repository/com/google/protobuf/protobuf-java/2.5.0/protobuf-java-2.5.0.jar:/home/runner/.m2/repository/org/apache/ozone/hdds-server-framework/1.4.0-SNAPSHOT/hdds-server-framework-1.4.0-SNAPSHOT-tests.jar:/home/runner/.m2/repository/org/apache/ozone/hdds-interface-server/1.4.0-SNAPSHOT/hdds-interface-server-1.4.0-SNAPSHOT.jar:/home/runner/.m2/repository/org/apache/ozone/hdds-interface-admin/1.4.0-SNAPSHOT/hdds-interface-admin-1.4.0-SNAPSHOT.jar:/home/runner/.m2/repository/org/apache/ozone/hdds-managed-rocksdb/1.4.0-SNAPSHOT/hdds-managed-rocksdb-1.4.0-SNAPSHOT.jar:/home/runner/.m2/repository/org/rocksdb/rocksdbjni/7.7.3/rocksdbjni-7.7.3.jar:/home/runner/.m2/repository/org/slf4j/slf4j-reload4j/1.7.36/slf4j-reload4j-1.7.36.jar:/home/runner/.m2/repository/org/apache/commons/commons-configuration2/2.1.1/commons-configuration2-2.1.1.jar:/home/runner/.m2/repository/org/apache/logging/log4j/log4j-core/2.17.1/log4j-core-2.17.1.jar:/home/runner/.m2/repository/com/lmax/disruptor/3.4.2/disruptor-3.4.2.jar:/home/runner/.m2/repository/org/eclipse/jetty/jetty-util/9.4.49.v20220914/jetty-util-9.4.49.v20220914.jar:/home/runner/.m2/repository/org/eclipse/jetty/jetty-server/9.4.49.v20220914/jetty-server-9.4.49.v20220914.jar:/home/runner/.m2/repository/org/eclipse/jetty/jetty-http/9.4.49.v20220914/jetty-http-9.4.49.v20220914.jar:/home/runner/.m2/repository/org/eclipse/jetty/jetty-io/9.4.49.v20220914/jetty-io-9.4.49.v20220914.jar:/home/runner/.m2/repository/org/eclipse/jetty/jetty-servlet/9.4.49.v20220914/jetty-servlet-9.4.49.v20220914.jar:/home/runner/.m2/repository/org/eclipse/jetty/jetty-security/9.4.49.v20220914/jetty-security-9.4.49.v20220914.jar:/home/runner/.m2/repository/org/eclipse/jetty/jetty-util-ajax/9.4.49.v20220914/jetty-util-ajax-9.4.49.v20220914.jar:/home/runner/.m2/repository/org/eclipse/jetty/jetty-webapp/9.4.49.v20220914/jetty-webapp-9.4.49.v20220914.jar:/home/runner/.m2/repository/org/eclipse/jetty/jetty-xml/9.4.49.v20220914/jetty-xml-9.4.49.v20220914.jar:/home/runner/.m2/repository/org/apache/ratis/ratis-server/2.4.2-8b8bdda-SNAPSHOT/ratis-server-2.4.2-8b8bdda-SNAPSHOT.jar:/home/runner/.m2/repository/org/apache/ratis/ratis-thirdparty-misc/1.0.3/ratis-thirdparty-misc-1.0.3.jar:/home/runner/.m2/repository/org/apache/ratis/ratis-proto/2.4.2-8b8bdda-SNAPSHOT/ratis-proto-2.4.2-8b8bdda-SNAPSHOT.jar:/home/runner/.m2/repository/org/apache/ratis/ratis-common/2.4.2-8b8bdda-SNAPSHOT/ratis-common-2.4.2-8b8bdda-SNAPSHOT.jar:/home/runner/.m2/repository/org/apache/ratis/ratis-client/2.4.2-8b8bdda-SNAPSHOT/ratis-client-2.4.2-8b8bdda-SNAPSHOT.jar:/home/runner/.m2/repository/org/apache/ratis/ratis-server-api/2.4.2-8b8bdda-SNAPSHOT/ratis-server-api-2.4.2-8b8bdda-SNAPSHOT.jar:/home/runner/.m2/repository/org/apache/ratis/ratis-metrics/2.4.2-8b8bdda-SNAPSHOT/ratis-metrics-2.4.2-8b8bdda-SNAPSHOT.jar:/home/runner/.m2/repository/io/prometheus/simpleclient_dropwizard/0.7.0/simpleclient_dropwizard-0.7.0.jar:/home/runner/.m2/repository/io/prometheus/simpleclient/0.7.0/simpleclient-0.7.0.jar:/home/runner/.m2/repository/io/prometheus/simpleclient_common/0.7.0/simpleclient_common-0.7.0.jar:/home/runner/.m2/repository/com/fasterxml/jackson/datatype/jackson-datatype-jsr310/2.13.4/jackson-datatype-jsr310-2.13.4.jar:/home/runner/.m2/repository/com/fasterxml/jackson/core/jackson-core/2.13.4/jackson-core-2.13.4.jar:/home/runner/.m2/repository/com/github/spotbugs/spotbugs-annotations/3.1.12/spotbugs-annotations-3.1.12.jar:/home/runner/.m2/repository/org/apache/ozone/rocksdb-checkpoint-differ/1.4.0-SNAPSHOT/rocksdb-checkpoint-differ-1.4.0-SNAPSHOT.jar:/home/runner/.m2/repository/org/awaitility/awaitility/4.2.0/awaitility-4.2.0.jar:/home/runner/.m2/repository/org/hamcrest/hamcrest/2.1/hamcrest-2.1.jar:/home/runner/.m2/repository/org/apache/ozone/ozone-manager/1.4.0-SNAPSHOT/ozone-manager-1.4.0-SNAPSHOT.jar:/home/runner/.m2/repository/org/aspectj/aspectjrt/1.9.7/aspectjrt-1.9.7.jar:/home/runner/.m2/repository/org/aspectj/aspectjweaver/1.9.7/aspectjweaver-1.9.7.jar:/home/runner/.m2/repository/org/apache/ozone/hdds-interface-client/1.4.0-SNAPSHOT/hdds-interface-client-1.4.0-SNAPSHOT.jar:/home/runner/.m2/repository/org/apache/hadoop/thirdparty/hadoop-shaded-protobuf_3_7/1.1.1/hadoop-shaded-protobuf_3_7-1.1.1.jar:/home/runner/.m2/repository/org/apache/ozone/ozone-interface-storage/1.4.0-SNAPSHOT/ozone-interface-storage-1.4.0-SNAPSHOT.jar:/home/runner/.m2/repository/org/reflections/reflections/0.9.11/reflections-0.9.11.jar:/home/runner/.m2/repository/com/sun/jersey/jersey-client/1.19/jersey-client-1.19.jar:/home/runner/.m2/repository/org/apache/ranger/ranger-intg/2.3.0/ranger-intg-2.3.0.jar:/home/runner/.m2/repository/org/apache/ranger/ranger-plugins-common/2.3.0/ranger-plugins-common-2.3.0.jar:/home/runner/.m2/repository/commons-lang/commons-lang/2.6/commons-lang-2.6.jar:/home/runner/.m2/repository/org/apache/ranger/ranger-plugins-cred/2.3.0/ranger-plugins-cred-2.3.0.jar:/home/runner/.m2/repository/org/apache/ranger/ranger-plugins-audit/2.3.0/ranger-plugins-audit-2.3.0.jar:/home/runner/.m2/repository/org/eclipse/jetty/jetty-client/9.4.49.v20220914/jetty-client-9.4.49.v20220914.jar:/home/runner/.m2/repository/org/apache/httpcomponents/httpmime/4.5.6/httpmime-4.5.6.jar:/home/runner/.m2/repository/org/apache/httpcomponents/httpcore-nio/4.4.13/httpcore-nio-4.4.13.jar:/home/runner/.m2/repository/org/apache/httpcomponents/httpasyncclient/4.1.3/httpasyncclient-4.1.3.jar:/home/runner/.m2/repository/com/carrotsearch/hppc/0.8.0/hppc-0.8.0.jar:/home/runner/.m2/repository/org/apache/orc/orc-core/1.5.8/orc-core-1.5.8.jar:/home/runner/.m2/repository/net/java/dev/jna/jna/5.2.0/jna-5.2.0.jar:/home/runner/.m2/repository/net/java/dev/jna/jna-platform/5.2.0/jna-platform-5.2.0.jar:/home/runner/.m2/repository/com/kstruct/gethostname4j/0.0.2/gethostname4j-0.0.2.jar:/home/runner/.m2/repository/org/apache/ranger/ranger-plugin-classloader/2.3.0/ranger-plugin-classloader-2.3.0.jar:/home/runner/.m2/repository/org/apache/hadoop/hadoop-minikdc/3.3.4/hadoop-minikdc-3.3.4.jar:/home/runner/.m2/repository/org/apache/kerby/kerb-simplekdc/1.0.1/kerb-simplekdc-1.0.1.jar:/home/runner/.m2/repository/org/apache/kerby/kerb-client/1.0.1/kerb-client-1.0.1.jar:/home/runner/.m2/repository/org/apache/kerby/kerby-config/1.0.1/kerby-config-1.0.1.jar:/home/runner/.m2/repository/org/apache/kerby/kerb-common/1.0.1/kerb-common-1.0.1.jar:/home/runner/.m2/repository/org/apache/kerby/kerb-crypto/1.0.1/kerb-crypto-1.0.1.jar:/home/runner/.m2/repository/org/apache/kerby/kerb-util/1.0.1/kerb-util-1.0.1.jar:/home/runner/.m2/repository/org/apache/kerby/token-provider/1.0.1/token-provider-1.0.1.jar:/home/runner/.m2/repository/org/apache/kerby/kerb-admin/1.0.1/kerb-admin-1.0.1.jar:/home/runner/.m2/repository/org/apache/kerby/kerb-server/1.0.1/kerb-server-1.0.1.jar:/home/runner/.m2/repository/org/apache/kerby/kerb-identity/1.0.1/kerb-identity-1.0.1.jar:/home/runner/.m2/repository/org/apache/kerby/kerby-xdr/1.0.1/kerby-xdr-1.0.1.jar:/home/runner/.m2/repository/org/apache/ozone/ozone-s3gateway/1.4.0-SNAPSHOT/ozone-s3gateway-1.4.0-SNAPSHOT.jar:/home/runner/.m2/repository/org/javassist/javassist/3.21.0-GA/javassist-3.21.0-GA.jar:/home/runner/.m2/repository/org/jboss/weld/servlet/weld-servlet-shaded/3.1.9.Final/weld-servlet-shaded-3.1.9.Final.jar:/home/runner/.m2/repository/org/glassfish/jersey/containers/jersey-container-servlet-core/2.34/jersey-container-servlet-core-2.34.jar:/home/runner/.m2/repository/org/glassfish/hk2/external/jakarta.inject/2.6.1/jakarta.inject-2.6.1.jar:/home/runner/.m2/repository/org/glassfish/jersey/core/jersey-common/2.34/jersey-common-2.34.jar:/home/runner/.m2/repository/jakarta/ws/rs/jakarta.ws.rs-api/2.1.6/jakarta.ws.rs-api-2.1.6.jar:/home/runner/.m2/repository/org/glassfish/jersey/ext/cdi/jersey-cdi1x/2.34/jersey-cdi1x-2.34.jar:/home/runner/.m2/repository/org/glassfish/jersey/inject/jersey-hk2/2.34/jersey-hk2-2.34.jar:/home/runner/.m2/repository/org/glassfish/hk2/hk2-locator/2.6.1/hk2-locator-2.6.1.jar:/home/runner/.m2/repository/org/glassfish/jersey/media/jersey-media-jaxb/2.34/jersey-media-jaxb-2.34.jar:/home/runner/.m2/repository/org/glassfish/hk2/osgi-resource-locator/1.0.3/osgi-resource-locator-1.0.3.jar:/home/runner/.m2/repository/org/glassfish/hk2/hk2-api/2.5.0/hk2-api-2.5.0.jar:/home/runner/.m2/repository/org/glassfish/hk2/hk2-utils/2.5.0/hk2-utils-2.5.0.jar:/home/runner/.m2/repository/org/glassfish/hk2/external/aopalliance-repackaged/2.5.0/aopalliance-repackaged-2.5.0.jar:/home/runner/.m2/repository/com/fasterxml/jackson/dataformat/jackson-dataformat-xml/2.13.4/jackson-dataformat-xml-2.13.4.jar:/home/runner/.m2/repository/org/codehaus/woodstox/stax2-api/4.2.1/stax2-api-4.2.1.jar:/home/runner/.m2/repository/com/fasterxml/woodstox/woodstox-core/5.4.0/woodstox-core-5.4.0.jar:/home/runner/.m2/repository/com/fasterxml/jackson/module/jackson-module-jaxb-annotations/2.13.4/jackson-module-jaxb-annotations-2.13.4.jar:/home/runner/.m2/repository/jakarta/xml/bind/jakarta.xml.bind-api/2.3.3/jakarta.xml.bind-api-2.3.3.jar:/home/runner/.m2/repository/jakarta/activation/jakarta.activation-api/1.2.2/jakarta.activation-api-1.2.2.jar:/home/runner/.m2/repository/javax/enterprise/cdi-api/2.0/cdi-api-2.0.jar:/home/runner/.m2/repository/javax/el/javax.el-api/3.0.0/javax.el-api-3.0.0.jar:/home/runner/.m2/repository/javax/interceptor/javax.interceptor-api/1.2/javax.interceptor-api-1.2.jar:/home/runner/.m2/repository/javax/inject/javax.inject/1/javax.inject-1.jar:/home/runner/.m2/repository/javax/xml/bind/jaxb-api/2.3.0/jaxb-api-2.3.0.jar:/home/runner/.m2/repository/org/glassfish/jaxb/jaxb-runtime/2.3.0.1/jaxb-runtime-2.3.0.1.jar:/home/runner/.m2/repository/org/glassfish/jaxb/jaxb-core/2.3.0.1/jaxb-core-2.3.0.1.jar:/home/runner/.m2/repository/org/glassfish/jaxb/txw2/2.3.0.1/txw2-2.3.0.1.jar:/home/runner/.m2/repository/com/sun/istack/istack-commons-runtime/3.0.5/istack-commons-runtime-3.0.5.jar:/home/runner/.m2/repository/org/jvnet/staxex/stax-ex/1.7.8/stax-ex-1.7.8.jar:/home/runner/.m2/repository/com/sun/xml/fastinfoset/FastInfoset/1.2.13/FastInfoset-1.2.13.jar:/home/runner/.m2/repository/javax/activation/activation/1.1.1/activation-1.1.1.jar:/home/runner/.m2/repository/io/grpc/grpc-protobuf/1.51.1/grpc-protobuf-1.51.1.jar:/home/runner/.m2/repository/io/grpc/grpc-api/1.51.1/grpc-api-1.51.1.jar:/home/runner/.m2/repository/io/grpc/grpc-context/1.51.1/grpc-context-1.51.1.jar:/home/runner/.m2/repository/com/google/api/grpc/proto-google-common-protos/2.9.0/proto-google-common-protos-2.9.0.jar:/home/runner/.m2/repository/io/grpc/grpc-protobuf-lite/1.51.1/grpc-protobuf-lite-1.51.1.jar:/home/runner/.m2/repository/io/grpc/grpc-stub/1.51.1/grpc-stub-1.51.1.jar:/home/runner/.m2/repository/io/netty/netty-transport/4.1.86.Final/netty-transport-4.1.86.Final.jar:/home/runner/.m2/repository/io/netty/netty-resolver/4.1.86.Final/netty-resolver-4.1.86.Final.jar:/home/runner/.m2/repository/org/apache/ozone/ozone-csi/1.4.0-SNAPSHOT/ozone-csi-1.4.0-SNAPSHOT.jar:/home/runner/.m2/repository/com/google/protobuf/protobuf-java-util/3.19.6/protobuf-java-util-3.19.6.jar:/home/runner/.m2/repository/com/google/code/gson/gson/2.9.0/gson-2.9.0.jar:/home/runner/.m2/repository/org/apache/ozone/hdds-config/1.4.0-SNAPSHOT/hdds-config-1.4.0-SNAPSHOT.jar:/home/runner/.m2/repository/io/netty/netty-transport-native-epoll/4.1.86.Final/netty-transport-native-epoll-4.1.86.Final-linux-x86_64.jar:/home/runner/.m2/repository/io/netty/netty-transport-classes-epoll/4.1.86.Final/netty-transport-classes-epoll-4.1.86.Final.jar:/home/runner/.m2/repository/io/netty/netty-transport-native-unix-common/4.1.86.Final/netty-transport-native-unix-common-4.1.86.Final.jar:/home/runner/.m2/repository/org/apache/ozone/ozone-recon/1.4.0-SNAPSHOT/ozone-recon-1.4.0-SNAPSHOT.jar:/home/runner/.m2/repository/org/apache/ozone/ozone-reconcodegen/1.4.0-SNAPSHOT/ozone-reconcodegen-1.4.0-SNAPSHOT.jar:/home/runner/.m2/repository/com/google/inject/guice/5.1.0/guice-5.1.0.jar:/home/runner/.m2/repository/aopalliance/aopalliance/1.0/aopalliance-1.0.jar:/home/runner/.m2/repository/com/google/inject/extensions/guice-assistedinject/5.1.0/guice-assistedinject-5.1.0.jar:/home/runner/.m2/repository/com/google/inject/extensions/guice-servlet/5.1.0/guice-servlet-5.1.0.jar:/home/runner/.m2/repository/org/glassfish/jersey/containers/jersey-container-servlet/2.34/jersey-container-servlet-2.34.jar:/home/runner/.m2/repository/org/glassfish/hk2/guice-bridge/2.5.0/guice-bridge-2.5.0.jar:/home/runner/.m2/repository/org/glassfish/jersey/core/jersey-server/2.34/jersey-server-2.34.jar:/home/runner/.m2/repository/org/glassfish/jersey/core/jersey-client/2.34/jersey-client-2.34.jar:/home/runner/.m2/repository/jakarta/annotation/jakarta.annotation-api/1.3.5/jakarta.annotation-api-1.3.5.jar:/home/runner/.m2/repository/jakarta/validation/jakarta.validation-api/2.0.2/jakarta.validation-api-2.0.2.jar:/home/runner/.m2/repository/org/glassfish/jersey/media/jersey-media-json-jackson/2.34/jersey-media-json-jackson-2.34.jar:/home/runner/.m2/repository/org/glassfish/jersey/ext/jersey-entity-filtering/2.34/jersey-entity-filtering-2.34.jar:/home/runner/.m2/repository/org/jooq/jooq/3.11.10/jooq-3.11.10.jar:/home/runner/.m2/repository/org/jooq/jooq-meta/3.11.10/jooq-meta-3.11.10.jar:/home/runner/.m2/repository/org/jooq/jooq-codegen/3.11.10/jooq-codegen-3.11.10.jar:/home/runner/.m2/repository/com/jolbox/bonecp/0.8.0.RELEASE/bonecp-0.8.0.RELEASE.jar:/home/runner/.m2/repository/org/apache/derby/derby/10.14.2.0/derby-10.14.2.0.jar:/home/runner/.m2/repository/org/xerial/sqlite-jdbc/3.25.2/sqlite-jdbc-3.25.2.jar:/home/runner/.m2/repository/org/springframework/spring-jdbc/5.3.23/spring-jdbc-5.3.23.jar:/home/runner/.m2/repository/org/springframework/spring-beans/5.3.23/spring-beans-5.3.23.jar:/home/runner/.m2/repository/org/springframework/spring-core/5.3.23/spring-core-5.3.23.jar:/home/runner/.m2/repository/org/springframework/spring-jcl/5.3.23/spring-jcl-5.3.23.jar:/home/runner/.m2/repository/org/springframework/spring-tx/5.3.23/spring-tx-5.3.23.jar:/home/runner/.m2/repository/org/apache/ozone/ozone-client/1.4.0-SNAPSHOT/ozone-client-1.4.0-SNAPSHOT.jar:/home/runner/.m2/repository/org/apache/ozone/hdds-erasurecode/1.4.0-SNAPSHOT/hdds-erasurecode-1.4.0-SNAPSHOT.jar:/home/runner/.m2/repository/org/apache/ozone/ozone-filesystem/1.4.0-SNAPSHOT/ozone-filesystem-1.4.0-SNAPSHOT.jar:/home/runner/.m2/repository/org/apache/ozone/ozone-filesystem-common/1.4.0-SNAPSHOT/ozone-filesystem-common-1.4.0-SNAPSHOT.jar:/home/runner/.m2/repository/org/apache/ozone/ozone-tools/1.4.0-SNAPSHOT/ozone-tools-1.4.0-SNAPSHOT.jar:/home/runner/.m2/repository/com/amazonaws/aws-java-sdk-core/1.12.261/aws-java-sdk-core-1.12.261.jar:/home/runner/.m2/repository/org/apache/httpcomponents/httpclient/4.5.13/httpclient-4.5.13.jar:/home/runner/.m2/repository/org/apache/httpcomponents/httpcore/4.4.13/httpcore-4.4.13.jar:/home/runner/.m2/repository/software/amazon/ion/ion-java/1.0.2/ion-java-1.0.2.jar:/home/runner/.m2/repository/com/fasterxml/jackson/dataformat/jackson-dataformat-cbor/2.13.4/jackson-dataformat-cbor-2.13.4.jar:/home/runner/.m2/repository/joda-time/joda-time/2.10.6/joda-time-2.10.6.jar:/home/runner/.m2/repository/com/amazonaws/aws-java-sdk-s3/1.12.261/aws-java-sdk-s3-1.12.261.jar:/home/runner/.m2/repository/com/amazonaws/aws-java-sdk-kms/1.12.261/aws-java-sdk-kms-1.12.261.jar:/home/runner/.m2/repository/com/amazonaws/jmespath-java/1.12.261/jmespath-java-1.12.261.jar:/home/runner/.m2/repository/org/kohsuke/metainf-services/metainf-services/1.8/metainf-services-1.8.jar:/home/runner/.m2/repository/org/apache/ozone/hdds-tools/1.4.0-SNAPSHOT/hdds-tools-1.4.0-SNAPSHOT.jar:/home/runner/.m2/repository/org/apache/ratis/ratis-tools/2.4.2-8b8bdda-SNAPSHOT/ratis-tools-2.4.2-8b8bdda-SNAPSHOT.jar:/home/runner/.m2/repository/commons-cli/commons-cli/1.2/commons-cli-1.2.jar:/home/runner/.m2/repository/org/apache/commons/commons-lang3/3.7/commons-lang3-3.7.jar:/home/runner/.m2/repository/org/apache/ozone/ozone-manager/1.4.0-SNAPSHOT/ozone-manager-1.4.0-SNAPSHOT-tests.jar:/home/runner/.m2/repository/org/apache/ozone/hdds-common/1.4.0-SNAPSHOT/hdds-common-1.4.0-SNAPSHOT-tests.jar:/home/runner/.m2/repository/org/apache/ozone/hdds-hadoop-dependency-client/1.4.0-SNAPSHOT/hdds-hadoop-dependency-client-1.4.0-SNAPSHOT.jar:/home/runner/.m2/repository/info/picocli/picocli/4.6.1/picocli-4.6.1.jar:/home/runner/.m2/repository/com/fasterxml/jackson/core/jackson-annotations/2.13.4/jackson-annotations-2.13.4.jar:/home/runner/.m2/repository/org/apache/ozone/hdds-annotation-processing/1.4.0-SNAPSHOT/hdds-annotation-processing-1.4.0-SNAPSHOT.jar:/home/runner/.m2/repository/javax/annotation/javax.annotation-api/1.2/javax.annotation-api-1.2.jar:/home/runner/.m2/repository/org/apache/ratis/ratis-netty/2.4.2-8b8bdda-SNAPSHOT/ratis-netty-2.4.2-8b8bdda-SNAPSHOT.jar:/home/runner/.m2/repository/org/apache/ratis/ratis-grpc/2.4.2-8b8bdda-SNAPSHOT/ratis-grpc-2.4.2-8b8bdda-SNAPSHOT.jar:/home/runner/.m2/repository/org/apache/logging/log4j/log4j-api/2.17.1/log4j-api-2.17.1.jar:/home/runner/.m2/repository/org/apache/commons/commons-pool2/2.6.0/commons-pool2-2.6.0.jar:/home/runner/.m2/repository/org/bouncycastle/bcpkix-jdk15on/1.67/bcpkix-jdk15on-1.67.jar:/home/runner/.m2/repository/commons-validator/commons-validator/1.6/commons-validator-1.6.jar:/home/runner/.m2/repository/commons-beanutils/commons-beanutils/1.9.4/commons-beanutils-1.9.4.jar:/home/runner/.m2/repository/commons-digester/commons-digester/1.8.1/commons-digester-1.8.1.jar:/home/runner/.m2/repository/commons-collections/commons-collections/3.2.2/commons-collections-3.2.2.jar:/home/runner/.m2/repository/io/jaegertracing/jaeger-client/1.6.0/jaeger-client-1.6.0.jar:/home/runner/.m2/repository/io/jaegertracing/jaeger-thrift/1.6.0/jaeger-thrift-1.6.0.jar:/home/runner/.m2/repository/org/apache/thrift/libthrift/0.14.1/libthrift-0.14.1.jar:/home/runner/.m2/repository/io/jaegertracing/jaeger-core/1.6.0/jaeger-core-1.6.0.jar:/home/runner/.m2/repository/io/jaegertracing/jaeger-tracerresolver/1.6.0/jaeger-tracerresolver-1.6.0.jar:/home/runner/.m2/repository/io/opentracing/contrib/opentracing-tracerresolver/0.1.8/opentracing-tracerresolver-0.1.8.jar:/home/runner/.m2/repository/org/jetbrains/kotlin/kotlin-stdlib/1.6.21/kotlin-stdlib-1.6.21.jar:/home/runner/.m2/repository/org/jetbrains/annotations/13.0/annotations-13.0.jar:/home/runner/.m2/repository/io/opentracing/opentracing-util/0.33.0/opentracing-util-0.33.0.jar:/home/runner/.m2/repository/io/opentracing/opentracing-api/0.33.0/opentracing-api-0.33.0.jar:/home/runner/.m2/repository/io/opentracing/opentracing-noop/0.33.0/opentracing-noop-0.33.0.jar:/home/runner/.m2/repository/org/yaml/snakeyaml/2.0/snakeyaml-2.0.jar:/home/runner/.m2/repository/junit/junit/4.13.1/junit-4.13.1.jar:/home/runner/.m2/repository/org/hamcrest/hamcrest-core/1.3/hamcrest-core-1.3.jar:/home/runner/.m2/repository/org/junit/jupiter/junit-jupiter-api/5.8.2/junit-jupiter-api-5.8.2.jar:/home/runner/.m2/repository/org/opentest4j/opentest4j/1.2.0/opentest4j-1.2.0.jar:/home/runner/.m2/repository/org/junit/platform/junit-platform-commons/1.8.2/junit-platform-commons-1.8.2.jar:/home/runner/.m2/repository/org/apiguardian/apiguardian-api/1.1.2/apiguardian-api-1.1.2.jar:/home/runner/.m2/repository/org/junit/jupiter/junit-jupiter-params/5.8.2/junit-jupiter-params-5.8.2.jar:/home/runner/.m2/repository/org/junit/jupiter/junit-jupiter-migrationsupport/5.8.2/junit-jupiter-migrationsupport-5.8.2.jar:/home/runner/.m2/repository/org/junit/jupiter/junit-jupiter-engine/5.8.2/junit-jupiter-engine-5.8.2.jar:/home/runner/.m2/repository/org/junit/platform/junit-platform-engine/1.8.2/junit-platform-engine-1.8.2.jar:/home/runner/.m2/repository/org/junit/vintage/junit-vintage-engine/5.8.2/junit-vintage-engine-5.8.2.jar:/home/runner/.m2/repository/org/junit/platform/junit-platform-launcher/1.8.2/junit-platform-launcher-1.8.2.jar:/home/runner/.m2/repository/org/mockito/mockito-core/2.28.2/mockito-core-2.28.2.jar:/home/runner/.m2/repository/net/bytebuddy/byte-buddy/1.9.10/byte-buddy-1.9.10.jar:/home/runner/.m2/repository/net/bytebuddy/byte-buddy-agent/1.9.10/byte-buddy-agent-1.9.10.jar:/home/runner/.m2/repository/org/objenesis/objenesis/1.0/objenesis-1.0.jar:/home/runner/.m2/repository/org/apache/hadoop/hadoop-kms/3.3.4/hadoop-kms-3.3.4.jar:/home/runner/.m2/repository/org/apache/hadoop/hadoop-auth/3.3.4/hadoop-auth-3.3.4.jar:/home/runner/.m2/repository/com/nimbusds/nimbus-jose-jwt/9.8.1/nimbus-jose-jwt-9.8.1.jar:/home/runner/.m2/repository/com/github/stephenc/jcip/jcip-annotations/1.0-1/jcip-annotations-1.0-1.jar:/home/runner/.m2/repository/net/minidev/json-smart/2.4.7/json-smart-2.4.7.jar:/home/runner/.m2/repository/net/minidev/accessors-smart/2.4.7/accessors-smart-2.4.7.jar:/home/runner/.m2/repository/org/ow2/asm/asm/5.0.4/asm-5.0.4.jar:/home/runner/.m2/repository/org/apache/zookeeper/zookeeper/3.5.6/zookeeper-3.5.6.jar:/home/runner/.m2/repository/org/apache/zookeeper/zookeeper-jute/3.5.6/zookeeper-jute-3.5.6.jar:/home/runner/.m2/repository/org/apache/yetus/audience-annotations/0.5.0/audience-annotations-0.5.0.jar:/home/runner/.m2/repository/org/apache/curator/curator-framework/4.2.0/curator-framework-4.2.0.jar:/home/runner/.m2/repository/org/apache/hadoop/thirdparty/hadoop-shaded-guava/1.1.1/hadoop-shaded-guava-1.1.1.jar:/home/runner/.m2/repository/com/sun/jersey/jersey-core/1.19/jersey-core-1.19.jar:/home/runner/.m2/repository/javax/ws/rs/jsr311-api/1.1.1/jsr311-api-1.1.1.jar:/home/runner/.m2/repository/com/sun/jersey/jersey-server/1.19/jersey-server-1.19.jar:/home/runner/.m2/repository/javax/servlet/javax.servlet-api/3.1.0/javax.servlet-api-3.1.0.jar:/home/runner/.m2/repository/org/apache/hadoop/hadoop-common/3.3.4/hadoop-common-3.3.4.jar:/home/runner/.m2/repository/org/apache/commons/commons-math3/3.1.1/commons-math3-3.1.1.jar:/home/runner/.m2/repository/commons-net/commons-net/3.9.0/commons-net-3.9.0.jar:/home/runner/.m2/repository/com/sun/jersey/jersey-servlet/1.19/jersey-servlet-1.19.jar:/home/runner/.m2/repository/com/sun/jersey/jersey-json/1.19/jersey-json-1.19.jar:/home/runner/.m2/repository/org/codehaus/jettison/jettison/1.1/jettison-1.1.jar:/home/runner/.m2/repository/com/sun/xml/bind/jaxb-impl/2.2.3-1/jaxb-impl-2.2.3-1.jar:/home/runner/.m2/repository/org/codehaus/jackson/jackson-jaxrs/1.9.2/jackson-jaxrs-1.9.2.jar:/home/runner/.m2/repository/org/codehaus/jackson/jackson-xc/1.9.2/jackson-xc-1.9.2.jar:/home/runner/.m2/repository/com/google/re2j/re2j/1.1/re2j-1.1.jar:/home/runner/.m2/repository/com/jcraft/jsch/0.1.54/jsch-0.1.54.jar:/home/runner/.m2/repository/org/apache/curator/curator-client/4.2.0/curator-client-4.2.0.jar:/home/runner/.m2/repository/org/apache/curator/curator-recipes/4.2.0/curator-recipes-4.2.0.jar:/home/runner/.m2/repository/org/apache/kerby/kerb-core/1.0.1/kerb-core-1.0.1.jar:/home/runner/.m2/repository/org/apache/kerby/kerby-pkix/1.0.1/kerby-pkix-1.0.1.jar:/home/runner/.m2/repository/org/apache/kerby/kerby-asn1/1.0.1/kerby-asn1-1.0.1.jar:/home/runner/.m2/repository/org/apache/kerby/kerby-util/1.0.1/kerby-util-1.0.1.jar:/home/runner/.m2/repository/dnsjava/dnsjava/2.1.7/dnsjava-2.1.7.jar:/home/runner/.m2/repository/org/xerial/snappy/snappy-java/1.1.8.2/snappy-java-1.1.8.2.jar:/home/runner/.m2/repository/com/fasterxml/jackson/core/jackson-databind/2.13.4.2/jackson-databind-2.13.4.2.jar:/home/runner/.m2/repository/org/apache/hadoop/hadoop-kms/3.3.4/hadoop-kms-3.3.4-tests.jar:/home/runner/.m2/repository/org/apache/ozone/hdds-server-scm/1.4.0-SNAPSHOT/hdds-server-scm-1.4.0-SNAPSHOT-tests.jar:/home/runner/.m2/repository/org/apache/ozone/hdds-container-service/1.4.0-SNAPSHOT/hdds-container-service-1.4.0-SNAPSHOT-tests.jar:/home/runner/.m2/repository/com/github/luben/zstd-jni/1.5.2-5/zstd-jni-1.5.2-5.jar:/home/runner/.m2/repository/commons-codec/commons-codec/1.15/commons-codec-1.15.jar:/home/runner/.m2/repository/io/netty/netty-codec/4.1.86.Final/netty-codec-4.1.86.Final.jar:/home/runner/.m2/repository/io/netty/netty-handler/4.1.86.Final/netty-handler-4.1.86.Final.jar:/home/runner/.m2/repository/org/apache/ozone/hdds-hadoop-dependency-test/1.4.0-SNAPSHOT/hdds-hadoop-dependency-test-1.4.0-SNAPSHOT.jar:/home/runner/.m2/repository/org/apache/hadoop/hadoop-common/3.3.4/hadoop-common-3.3.4-tests.jar:/home/runner/.m2/repository/org/apache/hadoop/hadoop-hdfs/3.3.4/hadoop-hdfs-3.3.4-tests.jar:/home/runner/.m2/repository/org/assertj/assertj-core/3.12.2/assertj-core-3.12.2.jar:/home/runner/.m2/repository/org/apache/hadoop/hadoop-distcp/3.3.4/hadoop-distcp-3.3.4.jar:/home/runner/.m2/repository/org/apache/hadoop/hadoop-mapreduce-client-jobclient/3.3.4/hadoop-mapreduce-client-jobclient-3.3.4.jar:/home/runner/.m2/repository/org/apache/hadoop/hadoop-mapreduce-client-common/3.3.4/hadoop-mapreduce-client-common-3.3.4.jar:/home/runner/.m2/repository/org/apache/hadoop/hadoop-yarn-common/3.3.4/hadoop-yarn-common-3.3.4.jar:/home/runner/.m2/repository/org/apache/hadoop/hadoop-yarn-api/3.3.4/hadoop-yarn-api-3.3.4.jar:/home/runner/.m2/repository/com/sun/jersey/contribs/jersey-guice/1.19/jersey-guice-1.19.jar:/home/runner/.m2/repository/com/fasterxml/jackson/jaxrs/jackson-jaxrs-json-provider/2.13.4/jackson-jaxrs-json-provider-2.13.4.jar:/home/runner/.m2/repository/com/fasterxml/jackson/jaxrs/jackson-jaxrs-base/2.13.4/jackson-jaxrs-base-2.13.4.jar:/home/runner/.m2/repository/org/apache/hadoop/hadoop-yarn-client/3.3.4/hadoop-yarn-client-3.3.4.jar:/home/runner/.m2/repository/org/eclipse/jetty/websocket/websocket-client/9.4.43.v20210629/websocket-client-9.4.43.v20210629.jar:/home/runner/.m2/repository/org/eclipse/jetty/websocket/websocket-common/9.4.43.v20210629/websocket-common-9.4.43.v20210629.jar:/home/runner/.m2/repository/org/eclipse/jetty/websocket/websocket-api/9.4.43.v20210629/websocket-api-9.4.43.v20210629.jar:/home/runner/.m2/repository/org/jline/jline/3.9.0/jline-3.9.0.jar:/home/runner/.m2/repository/org/apache/hadoop/hadoop-mapreduce-client-core/3.3.4/hadoop-mapreduce-client-core-3.3.4.jar:/home/runner/.m2/repository/org/apache/avro/avro/1.7.7/avro-1.7.7.jar:/home/runner/.m2/repository/org/codehaus/jackson/jackson-core-asl/1.9.13/jackson-core-asl-1.9.13.jar:/home/runner/.m2/repository/org/codehaus/jackson/jackson-mapper-asl/1.9.13/jackson-mapper-asl-1.9.13.jar:/home/runner/.m2/repository/com/thoughtworks/paranamer/paranamer/2.3/paranamer-2.3.jar:/home/runner/.m2/repository/org/apache/hadoop/hadoop-annotations/3.3.4/hadoop-annotations-3.3.4.jar:/usr/lib/jvm/temurin-8-jdk-amd64/jre/../lib/tools.jar:/home/runner/.m2/repository/io/netty/netty/3.10.6.Final/netty-3.10.6.Final.jar:/home/runner/.m2/repository/org/apache/hadoop/hadoop-distcp/3.3.4/hadoop-distcp-3.3.4-tests.jar:/home/runner/.m2/repository/org/slf4j/jul-to-slf4j/1.7.36/jul-to-slf4j-1.7.36.jar:"/>
    <property name="sun.cpu.endian" value="little"/>
    <property name="user.home" value="/home/runner"/>
    <property name="user.language" value="en"/>
    <property name="java.specification.vendor" value="Oracle Corporation"/>
    <property name="java.home" value="/usr/lib/jvm/temurin-8-jdk-amd64/jre"/>
    <property name="java.security.krb5.conf" value="/home/runner/work/ozone/ozone/hadoop-ozone/integration-test/target/test-classes/krb5.conf"/>
    <property name="basedir" value="/home/runner/work/ozone/ozone/hadoop-ozone/integration-test"/>
    <property name="file.separator" value="/"/>
    <property name="line.separator" value="&#10;"/>
    <property name="java.vm.specification.vendor" value="Oracle Corporation"/>
    <property name="java.specification.name" value="Java Platform API Specification"/>
    <property name="java.awt.graphicsenv" value="sun.awt.X11GraphicsEnvironment"/>
    <property name="skip.installnpx" value="true"/>
    <property name="surefire.real.class.path" value="/home/runner/work/ozone/ozone/hadoop-ozone/integration-test/target/surefire/surefirebooter8011777106951097315.jar:/home/runner/.m2/repository/org/jacoco/org.jacoco.agent/0.8.5/org.jacoco.agent-0.8.5-runtime.jar"/>
    <property name="hadoop.log.dir" value="/home/runner/work/ozone/ozone/hadoop-ozone/integration-test/target/log"/>
    <property name="sun.boot.class.path" value="/usr/lib/jvm/temurin-8-jdk-amd64/jre/lib/resources.jar:/usr/lib/jvm/temurin-8-jdk-amd64/jre/lib/rt.jar:/usr/lib/jvm/temurin-8-jdk-amd64/jre/lib/sunrsasign.jar:/usr/lib/jvm/temurin-8-jdk-amd64/jre/lib/jsse.jar:/usr/lib/jvm/temurin-8-jdk-amd64/jre/lib/jce.jar:/usr/lib/jvm/temurin-8-jdk-amd64/jre/lib/charsets.jar:/usr/lib/jvm/temurin-8-jdk-amd64/jre/lib/jfr.jar:/usr/lib/jvm/temurin-8-jdk-amd64/jre/classes"/>
    <property name="sun.management.compiler" value="HotSpot 64-Bit Tiered Compilers"/>
    <property name="skip.npx" value="true"/>
    <property name="java.runtime.version" value="1.8.0_362-b09"/>
    <property name="java.net.preferIPv4Stack" value="true"/>
    <property name="user.name" value="runner"/>
    <property name="path.separator" value=":"/>
    <property name="java.security.egd" value="file:///dev/urandom"/>
    <property name="os.version" value="5.15.0-1034-azure"/>
    <property name="java.endorsed.dirs" value="/usr/lib/jvm/temurin-8-jdk-amd64/jre/lib/endorsed"/>
    <property name="java.runtime.name" value="OpenJDK Runtime Environment"/>
    <property name="file.encoding" value="UTF-8"/>
    <property name="java.vm.name" value="OpenJDK 64-Bit Server VM"/>
    <property name="test.build.webapps" value=""/>
    <property name="localRepository" value="/home/runner/.m2/repository"/>
    <property name="jetty.git.hash" value="4231a3b2e4cb8548a412a789936d640a97b1aa0a"/>
    <property name="java.vendor.url.bug" value="https://github.com/adoptium/adoptium-support/issues"/>
    <property name="java.io.tmpdir" value="/tmp"/>
    <property name="require.test.libhadoop" value=""/>
    <property name="java.version" value="1.8.0_362"/>
    <property name="user.dir" value="/home/runner/work/ozone/ozone/hadoop-ozone/integration-test"/>
    <property name="os.arch" value="amd64"/>
    <property name="java.vm.specification.name" value="Java Virtual Machine Specification"/>
    <property name="test.build.classes" value="/home/runner/work/ozone/ozone/hadoop-ozone/integration-test/target/test-classes"/>
    <property name="java.awt.printerjob" value="sun.print.PSPrinterJob"/>
    <property name="sun.os.patch.level" value="unknown"/>
    <property name="org.apache.ratis.thirdparty.io.netty.allocator.useCacheForAllThreads" value="false"/>
    <property name="hadoop.tmp.dir" value="/home/runner/work/ozone/ozone/hadoop-ozone/integration-test/target/tmp"/>
    <property name="java.library.path" value="/usr/java/packages/lib/amd64:/usr/lib64:/lib64:/lib:/usr/lib"/>
    <property name="java.vm.info" value="mixed mode"/>
    <property name="java.vendor" value="Temurin"/>
    <property name="java.vm.version" value="25.362-b09"/>
    <property name="java.specification.maintenance.version" value="4"/>
    <property name="java.ext.dirs" value="/usr/lib/jvm/temurin-8-jdk-amd64/jre/lib/ext:/usr/java/packages/lib/ext"/>
    <property name="sun.io.unicode.encoding" value="UnicodeLittle"/>
    <property name="java.class.version" value="52.0"/>
  </properties>
  <testcase name="testBlockDeletionTransactions" classname="org.apache.hadoop.ozone.TestStorageContainerManager" time="37.203">
    <error type="java.util.concurrent.TimeoutException"><![CDATA[java.util.concurrent.TimeoutException: 
Timed out waiting for condition. Thread diagnostics:
Timestamp: 2023-03-29 09:16:20,231

"qtp680042540-148" daemon prio=5 tid=148 runnable
java.lang.Thread.State: RUNNABLE
        at sun.nio.ch.EPollArrayWrapper.epollWait(Native Method)
        at sun.nio.ch.EPollArrayWrapper.poll(EPollArrayWrapper.java:269)
        at sun.nio.ch.EPollSelectorImpl.doSelect(EPollSelectorImpl.java:93)
        at sun.nio.ch.SelectorImpl.lockAndDoSelect(SelectorImpl.java:86)
        at sun.nio.ch.SelectorImpl.select(SelectorImpl.java:97)
        at sun.nio.ch.SelectorImpl.select(SelectorImpl.java:101)
        at org.eclipse.jetty.io.ManagedSelector.nioSelect(ManagedSelector.java:183)
        at org.eclipse.jetty.io.ManagedSelector.select(ManagedSelector.java:190)
        at org.eclipse.jetty.io.ManagedSelector$SelectorProducer.select(ManagedSelector.java:606)
        at org.eclipse.jetty.io.ManagedSelector$SelectorProducer.produce(ManagedSelector.java:543)
        at org.eclipse.jetty.util.thread.strategy.EatWhatYouKill.produceTask(EatWhatYouKill.java:362)
        at org.eclipse.jetty.util.thread.strategy.EatWhatYouKill.doProduce(EatWhatYouKill.java:186)
        at org.eclipse.jetty.util.thread.strategy.EatWhatYouKill.tryProduce(EatWhatYouKill.java:173)
        at org.eclipse.jetty.util.thread.strategy.EatWhatYouKill.produce(EatWhatYouKill.java:137)
        at org.eclipse.jetty.io.ManagedSelector$$Lambda$398/847768796.run(Unknown Source)
        at org.eclipse.jetty.util.thread.QueuedThreadPool.runJob(QueuedThreadPool.java:883)
        at org.eclipse.jetty.util.thread.QueuedThreadPool$Runner.run(QueuedThreadPool.java:1034)
        at java.lang.Thread.run(Thread.java:750)
"Datanode State Machine Task Thread - 1"  prio=5 tid=287 in Object.wait()
java.lang.Thread.State: WAITING (on object monitor)
        at sun.misc.Unsafe.park(Native Method)
        at java.util.concurrent.locks.LockSupport.park(LockSupport.java:175)
        at java.util.concurrent.locks.AbstractQueuedSynchronizer$ConditionObject.await(AbstractQueuedSynchronizer.java:2039)
        at java.util.concurrent.LinkedBlockingQueue.take(LinkedBlockingQueue.java:442)
        at java.util.concurrent.ThreadPoolExecutor.getTask(ThreadPoolExecutor.java:1074)
        at java.util.concurrent.ThreadPoolExecutor.runWorker(ThreadPoolExecutor.java:1134)
        at java.util.concurrent.ThreadPoolExecutor$Worker.run(ThreadPoolExecutor.java:624)
        at java.lang.Thread.run(Thread.java:750)
"c5f0e82b-af1b-4789-ae30-308dce149649-server-thread1" daemon prio=5 tid=381 timed_waiting
java.lang.Thread.State: TIMED_WAITING
        at sun.misc.Unsafe.park(Native Method)
        at java.util.concurrent.locks.LockSupport.parkNanos(LockSupport.java:215)
        at java.util.concurrent.SynchronousQueue$TransferStack.awaitFulfill(SynchronousQueue.java:460)
        at java.util.concurrent.SynchronousQueue$TransferStack.transfer(SynchronousQueue.java:362)
        at java.util.concurrent.SynchronousQueue.poll(SynchronousQueue.java:941)
        at java.util.concurrent.ThreadPoolExecutor.getTask(ThreadPoolExecutor.java:1073)
        at java.util.concurrent.ThreadPoolExecutor.runWorker(ThreadPoolExecutor.java:1134)
        at java.util.concurrent.ThreadPoolExecutor$Worker.run(ThreadPoolExecutor.java:624)
        at java.lang.Thread.run(Thread.java:750)
"IPC Server handler 14 on default port 33237" daemon prio=5 tid=81 timed_waiting
java.lang.Thread.State: TIMED_WAITING
        at sun.misc.Unsafe.park(Native Method)
        at java.util.concurrent.locks.LockSupport.parkNanos(LockSupport.java:215)
        at java.util.concurrent.locks.AbstractQueuedSynchronizer$ConditionObject.awaitNanos(AbstractQueuedSynchronizer.java:2078)
        at java.util.concurrent.LinkedBlockingQueue.poll(LinkedBlockingQueue.java:467)
        at org.apache.hadoop.ipc.CallQueueManager.take(CallQueueManager.java:317)
        at org.apache.hadoop.ipc.Server$Handler.run(Server.java:2942)
"ChunkReader-ELG-0" daemon prio=5 tid=270 runnable
java.lang.Thread.State: RUNNABLE
        at org.apache.ratis.thirdparty.io.netty.channel.epoll.Native.epollWait(Native Method)
        at org.apache.ratis.thirdparty.io.netty.channel.epoll.Native.epollWait(Native.java:209)
        at org.apache.ratis.thirdparty.io.netty.channel.epoll.Native.epollWait(Native.java:202)
        at org.apache.ratis.thirdparty.io.netty.channel.epoll.EpollEventLoop.epollWaitNoTimerChange(EpollEventLoop.java:294)
        at org.apache.ratis.thirdparty.io.netty.channel.epoll.EpollEventLoop.run(EpollEventLoop.java:351)
        at org.apache.ratis.thirdparty.io.netty.util.concurrent.SingleThreadEventExecutor$4.run(SingleThreadEventExecutor.java:995)
        at org.apache.ratis.thirdparty.io.netty.util.internal.ThreadExecutorMap$2.run(ThreadExecutorMap.java:74)
        at java.lang.Thread.run(Thread.java:750)
"Datanode State Machine Daemon Thread" daemon prio=5 tid=253 timed_waiting
java.lang.Thread.State: TIMED_WAITING
        at java.lang.Thread.sleep(Native Method)
        at org.apache.hadoop.ozone.container.common.statemachine.DatanodeStateMachine.startStateMachineThread(DatanodeStateMachine.java:336)
        at org.apache.hadoop.ozone.container.common.statemachine.DatanodeStateMachine.lambda$startDaemon$0(DatanodeStateMachine.java:518)
        at org.apache.hadoop.ozone.container.common.statemachine.DatanodeStateMachine$$Lambda$747/396240074.run(Unknown Source)
        at java.lang.Thread.run(Thread.java:750)
"qtp937092109-189-acceptor-0@611b8162-ServerConnector@559c9c67{HTTP/1.1, (http/1.1)}{0.0.0.0:37521}" daemon prio=3 tid=189 runnable
java.lang.Thread.State: RUNNABLE
        at sun.nio.ch.ServerSocketChannelImpl.accept0(Native Method)
        at sun.nio.ch.ServerSocketChannelImpl.accept(ServerSocketChannelImpl.java:421)
        at sun.nio.ch.ServerSocketChannelImpl.accept(ServerSocketChannelImpl.java:249)
        at org.eclipse.jetty.server.ServerConnector.accept(ServerConnector.java:388)
        at org.eclipse.jetty.server.AbstractConnector$Acceptor.run(AbstractConnector.java:704)
        at org.eclipse.jetty.util.thread.QueuedThreadPool.runJob(QueuedThreadPool.java:883)
        at org.eclipse.jetty.util.thread.QueuedThreadPool$Runner.run(QueuedThreadPool.java:1034)
        at java.lang.Thread.run(Thread.java:750)
"grpc-default-worker-ELG-3-2" daemon prio=5 tid=317 runnable
java.lang.Thread.State: RUNNABLE
        at org.apache.ratis.thirdparty.io.netty.channel.epoll.Native.epollWait0(Native Method)
        at org.apache.ratis.thirdparty.io.netty.channel.epoll.Native.epollWait(Native.java:182)
        at org.apache.ratis.thirdparty.io.netty.channel.epoll.EpollEventLoop.epollWait(EpollEventLoop.java:290)
        at org.apache.ratis.thirdparty.io.netty.channel.epoll.EpollEventLoop.run(EpollEventLoop.java:354)
        at org.apache.ratis.thirdparty.io.netty.util.concurrent.SingleThreadEventExecutor$4.run(SingleThreadEventExecutor.java:995)
        at org.apache.ratis.thirdparty.io.netty.util.internal.ThreadExecutorMap$2.run(ThreadExecutorMap.java:74)
        at org.apache.ratis.thirdparty.io.netty.util.concurrent.FastThreadLocalRunnable.run(FastThreadLocalRunnable.java:30)
        at java.lang.Thread.run(Thread.java:750)
"ChunkWriter-0-0" daemon prio=5 tid=265 in Object.wait()
java.lang.Thread.State: WAITING (on object monitor)
        at sun.misc.Unsafe.park(Native Method)
        at java.util.concurrent.locks.LockSupport.park(LockSupport.java:175)
        at java.util.concurrent.locks.AbstractQueuedSynchronizer$ConditionObject.await(AbstractQueuedSynchronizer.java:2039)
        at java.util.concurrent.LinkedBlockingDeque.takeFirst(LinkedBlockingDeque.java:492)
        at java.util.concurrent.LinkedBlockingDeque.take(LinkedBlockingDeque.java:680)
        at java.util.concurrent.ThreadPoolExecutor.getTask(ThreadPoolExecutor.java:1074)
        at java.util.concurrent.ThreadPoolExecutor.runWorker(ThreadPoolExecutor.java:1134)
        at java.util.concurrent.ThreadPoolExecutor$Worker.run(ThreadPoolExecutor.java:624)
        at java.lang.Thread.run(Thread.java:750)
"IPC Server handler 12 on default port 35747" daemon prio=5 tid=169 timed_waiting
java.lang.Thread.State: TIMED_WAITING
        at sun.misc.Unsafe.park(Native Method)
        at java.util.concurrent.locks.LockSupport.parkNanos(LockSupport.java:215)
        at java.util.concurrent.locks.AbstractQueuedSynchronizer$ConditionObject.awaitNanos(AbstractQueuedSynchronizer.java:2078)
        at java.util.concurrent.LinkedBlockingQueue.poll(LinkedBlockingQueue.java:467)
        at org.apache.hadoop.ipc.CallQueueManager.take(CallQueueManager.java:317)
        at org.apache.hadoop.ipc.Server$Handler.run(Server.java:2942)
"pool-75-thread-1"  prio=5 tid=307 in Object.wait()
java.lang.Thread.State: WAITING (on object monitor)
        at sun.misc.Unsafe.park(Native Method)
        at java.util.concurrent.locks.LockSupport.park(LockSupport.java:175)
        at java.util.concurrent.locks.AbstractQueuedSynchronizer$ConditionObject.await(AbstractQueuedSynchronizer.java:2039)
        at java.util.concurrent.LinkedBlockingQueue.take(LinkedBlockingQueue.java:442)
        at java.util.concurrent.ThreadPoolExecutor.getTask(ThreadPoolExecutor.java:1074)
        at java.util.concurrent.ThreadPoolExecutor.runWorker(ThreadPoolExecutor.java:1134)
        at java.util.concurrent.ThreadPoolExecutor$Worker.run(ThreadPoolExecutor.java:624)
        at java.lang.Thread.run(Thread.java:750)
"IPC Server handler 7 on default port 35747" daemon prio=5 tid=164 timed_waiting
java.lang.Thread.State: TIMED_WAITING
        at sun.misc.Unsafe.park(Native Method)
        at java.util.concurrent.locks.LockSupport.parkNanos(LockSupport.java:215)
        at java.util.concurrent.locks.AbstractQueuedSynchronizer$ConditionObject.awaitNanos(AbstractQueuedSynchronizer.java:2078)
        at java.util.concurrent.LinkedBlockingQueue.poll(LinkedBlockingQueue.java:467)
        at org.apache.hadoop.ipc.CallQueueManager.take(CallQueueManager.java:317)
        at org.apache.hadoop.ipc.Server$Handler.run(Server.java:2942)
"EventQueue-DatanodeCommandForSCMNodeManager"  prio=5 tid=303 in Object.wait()
java.lang.Thread.State: WAITING (on object monitor)
        at sun.misc.Unsafe.park(Native Method)
        at java.util.concurrent.locks.LockSupport.park(LockSupport.java:175)
        at java.util.concurrent.locks.AbstractQueuedSynchronizer$ConditionObject.await(AbstractQueuedSynchronizer.java:2039)
        at java.util.concurrent.LinkedBlockingQueue.take(LinkedBlockingQueue.java:442)
        at java.util.concurrent.ThreadPoolExecutor.getTask(ThreadPoolExecutor.java:1074)
        at java.util.concurrent.ThreadPoolExecutor.runWorker(ThreadPoolExecutor.java:1134)
        at java.util.concurrent.ThreadPoolExecutor$Worker.run(ThreadPoolExecutor.java:624)
        at java.lang.Thread.run(Thread.java:750)
"qtp900301074-112" daemon prio=5 tid=112 timed_waiting
java.lang.Thread.State: TIMED_WAITING
        at sun.misc.Unsafe.park(Native Method)
        at java.util.concurrent.locks.LockSupport.parkNanos(LockSupport.java:215)
        at java.util.concurrent.locks.AbstractQueuedSynchronizer$ConditionObject.awaitNanos(AbstractQueuedSynchronizer.java:2078)
        at org.eclipse.jetty.util.BlockingArrayQueue.poll(BlockingArrayQueue.java:382)
        at org.eclipse.jetty.util.thread.QueuedThreadPool$Runner.idleJobPoll(QueuedThreadPool.java:974)
        at org.eclipse.jetty.util.thread.QueuedThreadPool$Runner.run(QueuedThreadPool.java:1018)
        at java.lang.Thread.run(Thread.java:750)
"ContainerOp-2836bafa-7548-4a50-b22c-4893eadf288c-1"  prio=5 tid=418 in Object.wait()
java.lang.Thread.State: WAITING (on object monitor)
        at sun.misc.Unsafe.park(Native Method)
        at java.util.concurrent.locks.LockSupport.park(LockSupport.java:175)
        at java.util.concurrent.locks.AbstractQueuedSynchronizer$ConditionObject.await(AbstractQueuedSynchronizer.java:2039)
        at java.util.concurrent.LinkedBlockingQueue.take(LinkedBlockingQueue.java:442)
        at java.util.concurrent.ThreadPoolExecutor.getTask(ThreadPoolExecutor.java:1074)
        at java.util.concurrent.ThreadPoolExecutor.runWorker(ThreadPoolExecutor.java:1134)
        at java.util.concurrent.ThreadPoolExecutor$Worker.run(ThreadPoolExecutor.java:624)
        at java.lang.Thread.run(Thread.java:750)
"Periodic HDDS volume checker" daemon prio=5 tid=207 timed_waiting
java.lang.Thread.State: TIMED_WAITING
        at sun.misc.Unsafe.park(Native Method)
        at java.util.concurrent.locks.LockSupport.parkNanos(LockSupport.java:215)
        at java.util.concurrent.locks.AbstractQueuedSynchronizer$ConditionObject.awaitNanos(AbstractQueuedSynchronizer.java:2078)
        at java.util.concurrent.ScheduledThreadPoolExecutor$DelayedWorkQueue.take(ScheduledThreadPoolExecutor.java:1093)
        at java.util.concurrent.ScheduledThreadPoolExecutor$DelayedWorkQueue.take(ScheduledThreadPoolExecutor.java:809)
        at java.util.concurrent.ThreadPoolExecutor.getTask(ThreadPoolExecutor.java:1074)
        at java.util.concurrent.ThreadPoolExecutor.runWorker(ThreadPoolExecutor.java:1134)
        at java.util.concurrent.ThreadPoolExecutor$Worker.run(ThreadPoolExecutor.java:624)
        at java.lang.Thread.run(Thread.java:750)
"EndpointStateMachine task thread for /0.0.0.0:37227 - 0 "  prio=5 tid=288 in Object.wait()
java.lang.Thread.State: WAITING (on object monitor)
        at sun.misc.Unsafe.park(Native Method)
        at java.util.concurrent.locks.LockSupport.park(LockSupport.java:175)
        at java.util.concurrent.locks.AbstractQueuedSynchronizer$ConditionObject.await(AbstractQueuedSynchronizer.java:2039)
        at java.util.concurrent.LinkedBlockingQueue.take(LinkedBlockingQueue.java:442)
        at java.util.concurrent.ThreadPoolExecutor.getTask(ThreadPoolExecutor.java:1074)
        at java.util.concurrent.ThreadPoolExecutor.runWorker(ThreadPoolExecutor.java:1134)
        at java.util.concurrent.ThreadPoolExecutor$Worker.run(ThreadPoolExecutor.java:624)
        at java.lang.Thread.run(Thread.java:750)
"IPC Server handler 13 on default port 34121" daemon prio=5 tid=60 timed_waiting
java.lang.Thread.State: TIMED_WAITING
        at sun.misc.Unsafe.park(Native Method)
        at java.util.concurrent.locks.LockSupport.parkNanos(LockSupport.java:215)
        at java.util.concurrent.locks.AbstractQueuedSynchronizer$ConditionObject.awaitNanos(AbstractQueuedSynchronizer.java:2078)
        at java.util.concurrent.LinkedBlockingQueue.poll(LinkedBlockingQueue.java:467)
        at org.apache.hadoop.ipc.CallQueueManager.take(CallQueueManager.java:317)
        at org.apache.hadoop.ipc.Server$Handler.run(Server.java:2942)
"qtp937092109-191" daemon prio=5 tid=191 timed_waiting
java.lang.Thread.State: TIMED_WAITING
        at sun.misc.Unsafe.park(Native Method)
        at java.util.concurrent.locks.LockSupport.parkNanos(LockSupport.java:215)
        at java.util.concurrent.locks.AbstractQueuedSynchronizer$ConditionObject.awaitNanos(AbstractQueuedSynchronizer.java:2078)
        at org.eclipse.jetty.util.BlockingArrayQueue.poll(BlockingArrayQueue.java:382)
        at org.eclipse.jetty.util.thread.QueuedThreadPool$Runner.idleJobPoll(QueuedThreadPool.java:974)
        at org.eclipse.jetty.util.thread.QueuedThreadPool$Runner.run(QueuedThreadPool.java:1018)
        at java.lang.Thread.run(Thread.java:750)
"StaleRecoveringContainerScrubbingService#0" daemon prio=5 tid=296 timed_waiting
java.lang.Thread.State: TIMED_WAITING
        at sun.misc.Unsafe.park(Native Method)
        at java.util.concurrent.locks.LockSupport.parkNanos(LockSupport.java:215)
        at java.util.concurrent.locks.AbstractQueuedSynchronizer$ConditionObject.awaitNanos(AbstractQueuedSynchronizer.java:2078)
        at java.util.concurrent.ScheduledThreadPoolExecutor$DelayedWorkQueue.take(ScheduledThreadPoolExecutor.java:1093)
        at java.util.concurrent.ScheduledThreadPoolExecutor$DelayedWorkQueue.take(ScheduledThreadPoolExecutor.java:809)
        at java.util.concurrent.ThreadPoolExecutor.getTask(ThreadPoolExecutor.java:1074)
        at java.util.concurrent.ThreadPoolExecutor.runWorker(ThreadPoolExecutor.java:1134)
        at java.util.concurrent.ThreadPoolExecutor$Worker.run(ThreadPoolExecutor.java:624)
        at java.lang.Thread.run(Thread.java:750)
"pool-33-thread-1"  prio=5 tid=124 timed_waiting
java.lang.Thread.State: TIMED_WAITING
        at sun.misc.Unsafe.park(Native Method)
        at java.util.concurrent.locks.LockSupport.parkNanos(LockSupport.java:215)
        at java.util.concurrent.locks.AbstractQueuedSynchronizer$ConditionObject.awaitNanos(AbstractQueuedSynchronizer.java:2078)
        at java.util.concurrent.ScheduledThreadPoolExecutor$DelayedWorkQueue.take(ScheduledThreadPoolExecutor.java:1093)
        at java.util.concurrent.ScheduledThreadPoolExecutor$DelayedWorkQueue.take(ScheduledThreadPoolExecutor.java:809)
        at java.util.concurrent.ThreadPoolExecutor.getTask(ThreadPoolExecutor.java:1074)
        at java.util.concurrent.ThreadPoolExecutor.runWorker(ThreadPoolExecutor.java:1134)
        at java.util.concurrent.ThreadPoolExecutor$Worker.run(ThreadPoolExecutor.java:624)
        at java.lang.Thread.run(Thread.java:750)
"Datanode ReportManager Thread - 3" daemon prio=5 tid=257 timed_waiting
java.lang.Thread.State: TIMED_WAITING
        at sun.misc.Unsafe.park(Native Method)
        at java.util.concurrent.locks.LockSupport.parkNanos(LockSupport.java:215)
        at java.util.concurrent.locks.AbstractQueuedSynchronizer$ConditionObject.awaitNanos(AbstractQueuedSynchronizer.java:2078)
        at java.util.concurrent.ScheduledThreadPoolExecutor$DelayedWorkQueue.take(ScheduledThreadPoolExecutor.java:1093)
        at java.util.concurrent.ScheduledThreadPoolExecutor$DelayedWorkQueue.take(ScheduledThreadPoolExecutor.java:809)
        at java.util.concurrent.ThreadPoolExecutor.getTask(ThreadPoolExecutor.java:1074)
        at java.util.concurrent.ThreadPoolExecutor.runWorker(ThreadPoolExecutor.java:1134)
        at java.util.concurrent.ThreadPoolExecutor$Worker.run(ThreadPoolExecutor.java:624)
        at java.lang.Thread.run(Thread.java:750)
"IPC Server handler 18 on default port 34121" daemon prio=5 tid=65 timed_waiting
java.lang.Thread.State: TIMED_WAITING
        at sun.misc.Unsafe.park(Native Method)
        at java.util.concurrent.locks.LockSupport.parkNanos(LockSupport.java:215)
        at java.util.concurrent.locks.AbstractQueuedSynchronizer$ConditionObject.awaitNanos(AbstractQueuedSynchronizer.java:2078)
        at java.util.concurrent.LinkedBlockingQueue.poll(LinkedBlockingQueue.java:467)
        at org.apache.hadoop.ipc.CallQueueManager.take(CallQueueManager.java:317)
        at org.apache.hadoop.ipc.Server$Handler.run(Server.java:2942)
"ContainerOp-2836bafa-7548-4a50-b22c-4893eadf288c-2"  prio=5 tid=421 in Object.wait()
java.lang.Thread.State: WAITING (on object monitor)
        at sun.misc.Unsafe.park(Native Method)
        at java.util.concurrent.locks.LockSupport.park(LockSupport.java:175)
        at java.util.concurrent.locks.AbstractQueuedSynchronizer$ConditionObject.await(AbstractQueuedSynchronizer.java:2039)
        at java.util.concurrent.LinkedBlockingQueue.take(LinkedBlockingQueue.java:442)
        at java.util.concurrent.ThreadPoolExecutor.getTask(ThreadPoolExecutor.java:1074)
        at java.util.concurrent.ThreadPoolExecutor.runWorker(ThreadPoolExecutor.java:1134)
        at java.util.concurrent.ThreadPoolExecutor$Worker.run(ThreadPoolExecutor.java:624)
        at java.lang.Thread.run(Thread.java:750)
"IPC Server handler 6 on default port 37227" daemon prio=5 tid=93 timed_waiting
java.lang.Thread.State: TIMED_WAITING
        at sun.misc.Unsafe.park(Native Method)
        at java.util.concurrent.locks.LockSupport.parkNanos(LockSupport.java:215)
        at java.util.concurrent.locks.AbstractQueuedSynchronizer$ConditionObject.awaitNanos(AbstractQueuedSynchronizer.java:2078)
        at java.util.concurrent.LinkedBlockingQueue.poll(LinkedBlockingQueue.java:467)
        at org.apache.hadoop.ipc.CallQueueManager.take(CallQueueManager.java:317)
        at org.apache.hadoop.ipc.Server$Handler.run(Server.java:2942)
"IPC Server handler 10 on default port 33237" daemon prio=5 tid=77 timed_waiting
java.lang.Thread.State: TIMED_WAITING
        at sun.misc.Unsafe.park(Native Method)
        at java.util.concurrent.locks.LockSupport.parkNanos(LockSupport.java:215)
        at java.util.concurrent.locks.AbstractQueuedSynchronizer$ConditionObject.awaitNanos(AbstractQueuedSynchronizer.java:2078)
        at java.util.concurrent.LinkedBlockingQueue.poll(LinkedBlockingQueue.java:467)
        at org.apache.hadoop.ipc.CallQueueManager.take(CallQueueManager.java:317)
        at org.apache.hadoop.ipc.Server$Handler.run(Server.java:2942)
"b7545b0c-a4b8-458e-a79e-332c552b3ba3-server-thread2" daemon prio=5 tid=402 timed_waiting
java.lang.Thread.State: TIMED_WAITING
        at sun.misc.Unsafe.park(Native Method)
        at java.util.concurrent.locks.LockSupport.parkNanos(LockSupport.java:215)
        at java.util.concurrent.SynchronousQueue$TransferStack.awaitFulfill(SynchronousQueue.java:460)
        at java.util.concurrent.SynchronousQueue$TransferStack.transfer(SynchronousQueue.java:362)
        at java.util.concurrent.SynchronousQueue.poll(SynchronousQueue.java:941)
        at java.util.concurrent.ThreadPoolExecutor.getTask(ThreadPoolExecutor.java:1073)
        at java.util.concurrent.ThreadPoolExecutor.runWorker(ThreadPoolExecutor.java:1134)
        at java.util.concurrent.ThreadPoolExecutor$Worker.run(ThreadPoolExecutor.java:624)
        at java.lang.Thread.run(Thread.java:750)
"FixedThreadPoolWithAffinityExecutor-4-0" daemon prio=5 tid=40 timed_waiting
java.lang.Thread.State: TIMED_WAITING
        at sun.misc.Unsafe.park(Native Method)
        at java.util.concurrent.locks.LockSupport.parkNanos(LockSupport.java:215)
        at java.util.concurrent.locks.AbstractQueuedSynchronizer$ConditionObject.awaitNanos(AbstractQueuedSynchronizer.java:2078)
        at java.util.concurrent.LinkedBlockingQueue.poll(LinkedBlockingQueue.java:467)
        at org.apache.hadoop.hdds.scm.server.ContainerReportQueue.poll(ContainerReportQueue.java:266)
        at org.apache.hadoop.hdds.scm.server.ContainerReportQueue.poll(ContainerReportQueue.java:42)
        at org.apache.hadoop.hdds.server.events.FixedThreadPoolWithAffinityExecutor$ContainerReportProcessTask.run(FixedThreadPoolWithAffinityExecutor.java:247)
        at java.util.concurrent.Executors$RunnableAdapter.call(Executors.java:511)
        at java.util.concurrent.FutureTask.run(FutureTask.java:266)
        at java.util.concurrent.ThreadPoolExecutor.runWorker(ThreadPoolExecutor.java:1149)
        at java.util.concurrent.ThreadPoolExecutor$Worker.run(ThreadPoolExecutor.java:624)
        at java.lang.Thread.run(Thread.java:750)
"pool-112-thread-1" daemon prio=5 tid=238 timed_waiting
java.lang.Thread.State: TIMED_WAITING
        at sun.misc.Unsafe.park(Native Method)
        at java.util.concurrent.locks.LockSupport.parkNanos(LockSupport.java:215)
        at java.util.concurrent.locks.AbstractQueuedSynchronizer$ConditionObject.awaitNanos(AbstractQueuedSynchronizer.java:2078)
        at java.util.concurrent.ScheduledThreadPoolExecutor$DelayedWorkQueue.take(ScheduledThreadPoolExecutor.java:1093)
        at java.util.concurrent.ScheduledThreadPoolExecutor$DelayedWorkQueue.take(ScheduledThreadPoolExecutor.java:809)
        at java.util.concurrent.ThreadPoolExecutor.getTask(ThreadPoolExecutor.java:1074)
        at java.util.concurrent.ThreadPoolExecutor.runWorker(ThreadPoolExecutor.java:1134)
        at java.util.concurrent.ThreadPoolExecutor$Worker.run(ThreadPoolExecutor.java:624)
        at java.lang.Thread.run(Thread.java:750)
"FixedThreadPoolWithAffinityExecutor-2-0" daemon prio=5 tid=38 timed_waiting
java.lang.Thread.State: TIMED_WAITING
        at sun.misc.Unsafe.park(Native Method)
        at java.util.concurrent.locks.LockSupport.parkNanos(LockSupport.java:215)
        at java.util.concurrent.locks.AbstractQueuedSynchronizer$ConditionObject.awaitNanos(AbstractQueuedSynchronizer.java:2078)
        at java.util.concurrent.LinkedBlockingQueue.poll(LinkedBlockingQueue.java:467)
        at org.apache.hadoop.hdds.scm.server.ContainerReportQueue.poll(ContainerReportQueue.java:266)
        at org.apache.hadoop.hdds.scm.server.ContainerReportQueue.poll(ContainerReportQueue.java:42)
        at org.apache.hadoop.hdds.server.events.FixedThreadPoolWithAffinityExecutor$ContainerReportProcessTask.run(FixedThreadPoolWithAffinityExecutor.java:247)
        at java.util.concurrent.Executors$RunnableAdapter.call(Executors.java:511)
        at java.util.concurrent.FutureTask.run(FutureTask.java:266)
        at java.util.concurrent.ThreadPoolExecutor.runWorker(ThreadPoolExecutor.java:1149)
        at java.util.concurrent.ThreadPoolExecutor$Worker.run(ThreadPoolExecutor.java:624)
        at java.lang.Thread.run(Thread.java:750)
"timer4" daemon prio=5 tid=384 timed_waiting
java.lang.Thread.State: TIMED_WAITING
        at java.lang.Object.wait(Native Method)
        at java.util.TimerThread.mainLoop(Timer.java:552)
        at java.util.TimerThread.run(Timer.java:505)
"c5f0e82b-af1b-4789-ae30-308dce149649-server-thread2" daemon prio=5 tid=400 timed_waiting
java.lang.Thread.State: TIMED_WAITING
        at sun.misc.Unsafe.park(Native Method)
        at java.util.concurrent.locks.LockSupport.parkNanos(LockSupport.java:215)
        at java.util.concurrent.SynchronousQueue$TransferStack.awaitFulfill(SynchronousQueue.java:460)
        at java.util.concurrent.SynchronousQueue$TransferStack.transfer(SynchronousQueue.java:362)
        at java.util.concurrent.SynchronousQueue.poll(SynchronousQueue.java:941)
        at java.util.concurrent.ThreadPoolExecutor.getTask(ThreadPoolExecutor.java:1073)
        at java.util.concurrent.ThreadPoolExecutor.runWorker(ThreadPoolExecutor.java:1134)
        at java.util.concurrent.ThreadPoolExecutor$Worker.run(ThreadPoolExecutor.java:624)
        at java.lang.Thread.run(Thread.java:750)
"IPC Server idle connection scanner for port 34121" daemon prio=5 tid=34 timed_waiting
java.lang.Thread.State: TIMED_WAITING
        at java.lang.Object.wait(Native Method)
        at java.util.TimerThread.mainLoop(Timer.java:552)
        at java.util.TimerThread.run(Timer.java:505)
"IPC Server handler 4 on default port 33237" daemon prio=5 tid=71 timed_waiting
java.lang.Thread.State: TIMED_WAITING
        at sun.misc.Unsafe.park(Native Method)
        at java.util.concurrent.locks.LockSupport.parkNanos(LockSupport.java:215)
        at java.util.concurrent.locks.AbstractQueuedSynchronizer$ConditionObject.awaitNanos(AbstractQueuedSynchronizer.java:2078)
        at java.util.concurrent.LinkedBlockingQueue.poll(LinkedBlockingQueue.java:467)
        at org.apache.hadoop.ipc.CallQueueManager.take(CallQueueManager.java:317)
        at org.apache.hadoop.ipc.Server$Handler.run(Server.java:2942)
"ContainerOp-2836bafa-7548-4a50-b22c-4893eadf288c-4"  prio=5 tid=429 in Object.wait()
java.lang.Thread.State: WAITING (on object monitor)
        at sun.misc.Unsafe.park(Native Method)
        at java.util.concurrent.locks.LockSupport.park(LockSupport.java:175)
        at java.util.concurrent.locks.AbstractQueuedSynchronizer$ConditionObject.await(AbstractQueuedSynchronizer.java:2039)
        at java.util.concurrent.LinkedBlockingQueue.take(LinkedBlockingQueue.java:442)
        at java.util.concurrent.ThreadPoolExecutor.getTask(ThreadPoolExecutor.java:1074)
        at java.util.concurrent.ThreadPoolExecutor.runWorker(ThreadPoolExecutor.java:1134)
        at java.util.concurrent.ThreadPoolExecutor$Worker.run(ThreadPoolExecutor.java:624)
        at java.lang.Thread.run(Thread.java:750)
"IPC Server handler 12 on default port 33237" daemon prio=5 tid=79 timed_waiting
java.lang.Thread.State: TIMED_WAITING
        at sun.misc.Unsafe.park(Native Method)
        at java.util.concurrent.locks.LockSupport.parkNanos(LockSupport.java:215)
        at java.util.concurrent.locks.AbstractQueuedSynchronizer$ConditionObject.awaitNanos(AbstractQueuedSynchronizer.java:2078)
        at java.util.concurrent.LinkedBlockingQueue.poll(LinkedBlockingQueue.java:467)
        at org.apache.hadoop.ipc.CallQueueManager.take(CallQueueManager.java:317)
        at org.apache.hadoop.ipc.Server$Handler.run(Server.java:2942)
"EventQueue-NodeRegistrationContainerReportForDataNodeSafeModeRule" daemon prio=5 tid=301 in Object.wait()
java.lang.Thread.State: WAITING (on object monitor)
        at sun.misc.Unsafe.park(Native Method)
        at java.util.concurrent.locks.LockSupport.park(LockSupport.java:175)
        at java.util.concurrent.locks.AbstractQueuedSynchronizer$ConditionObject.await(AbstractQueuedSynchronizer.java:2039)
        at java.util.concurrent.LinkedBlockingQueue.take(LinkedBlockingQueue.java:442)
        at java.util.concurrent.ThreadPoolExecutor.getTask(ThreadPoolExecutor.java:1074)
        at java.util.concurrent.ThreadPoolExecutor.runWorker(ThreadPoolExecutor.java:1134)
        at java.util.concurrent.ThreadPoolExecutor$Worker.run(ThreadPoolExecutor.java:624)
        at java.lang.Thread.run(Thread.java:750)
"IPC Server handler 17 on default port 37227" daemon prio=5 tid=104 timed_waiting
java.lang.Thread.State: TIMED_WAITING
        at sun.misc.Unsafe.park(Native Method)
        at java.util.concurrent.locks.LockSupport.parkNanos(LockSupport.java:215)
        at java.util.concurrent.locks.AbstractQueuedSynchronizer$ConditionObject.awaitNanos(AbstractQueuedSynchronizer.java:2078)
        at java.util.concurrent.LinkedBlockingQueue.poll(LinkedBlockingQueue.java:467)
        at org.apache.hadoop.ipc.CallQueueManager.take(CallQueueManager.java:317)
        at org.apache.hadoop.ipc.Server$Handler.run(Server.java:2942)
"ChunkWriter-2-0" daemon prio=5 tid=279 in Object.wait()
java.lang.Thread.State: WAITING (on object monitor)
        at sun.misc.Unsafe.park(Native Method)
        at java.util.concurrent.locks.LockSupport.park(LockSupport.java:175)
        at java.util.concurrent.locks.AbstractQueuedSynchronizer$ConditionObject.await(AbstractQueuedSynchronizer.java:2039)
        at java.util.concurrent.LinkedBlockingDeque.takeFirst(LinkedBlockingDeque.java:492)
        at java.util.concurrent.LinkedBlockingDeque.take(LinkedBlockingDeque.java:680)
        at java.util.concurrent.ThreadPoolExecutor.getTask(ThreadPoolExecutor.java:1074)
        at java.util.concurrent.ThreadPoolExecutor.runWorker(ThreadPoolExecutor.java:1134)
        at java.util.concurrent.ThreadPoolExecutor$Worker.run(ThreadPoolExecutor.java:624)
        at java.lang.Thread.run(Thread.java:750)
"grpc-default-executor-3" daemon prio=5 tid=374 timed_waiting
java.lang.Thread.State: TIMED_WAITING
        at sun.misc.Unsafe.park(Native Method)
        at java.util.concurrent.locks.LockSupport.parkNanos(LockSupport.java:215)
        at java.util.concurrent.SynchronousQueue$TransferStack.awaitFulfill(SynchronousQueue.java:460)
        at java.util.concurrent.SynchronousQueue$TransferStack.transfer(SynchronousQueue.java:362)
        at java.util.concurrent.SynchronousQueue.poll(SynchronousQueue.java:941)
        at java.util.concurrent.ThreadPoolExecutor.getTask(ThreadPoolExecutor.java:1073)
        at java.util.concurrent.ThreadPoolExecutor.runWorker(ThreadPoolExecutor.java:1134)
        at java.util.concurrent.ThreadPoolExecutor$Worker.run(ThreadPoolExecutor.java:624)
        at java.lang.Thread.run(Thread.java:750)
"Signal Dispatcher" daemon prio=9 tid=4 runnable
java.lang.Thread.State: RUNNABLE
"qtp1741199183-217" daemon prio=5 tid=217 runnable
java.lang.Thread.State: RUNNABLE
        at sun.nio.ch.EPollArrayWrapper.epollWait(Native Method)
        at sun.nio.ch.EPollArrayWrapper.poll(EPollArrayWrapper.java:269)
        at sun.nio.ch.EPollSelectorImpl.doSelect(EPollSelectorImpl.java:93)
        at sun.nio.ch.SelectorImpl.lockAndDoSelect(SelectorImpl.java:86)
        at sun.nio.ch.SelectorImpl.select(SelectorImpl.java:97)
        at sun.nio.ch.SelectorImpl.select(SelectorImpl.java:101)
        at org.eclipse.jetty.io.ManagedSelector.nioSelect(ManagedSelector.java:183)
        at org.eclipse.jetty.io.ManagedSelector.select(ManagedSelector.java:190)
        at org.eclipse.jetty.io.ManagedSelector$SelectorProducer.select(ManagedSelector.java:606)
        at org.eclipse.jetty.io.ManagedSelector$SelectorProducer.produce(ManagedSelector.java:543)
        at org.eclipse.jetty.util.thread.strategy.EatWhatYouKill.produceTask(EatWhatYouKill.java:362)
        at org.eclipse.jetty.util.thread.strategy.EatWhatYouKill.doProduce(EatWhatYouKill.java:186)
        at org.eclipse.jetty.util.thread.strategy.EatWhatYouKill.tryProduce(EatWhatYouKill.java:173)
        at org.eclipse.jetty.util.thread.strategy.EatWhatYouKill.produce(EatWhatYouKill.java:137)
        at org.eclipse.jetty.io.ManagedSelector$$Lambda$398/847768796.run(Unknown Source)
        at org.eclipse.jetty.util.thread.QueuedThreadPool.runJob(QueuedThreadPool.java:883)
        at org.eclipse.jetty.util.thread.QueuedThreadPool$Runner.run(QueuedThreadPool.java:1034)
        at java.lang.Thread.run(Thread.java:750)
"qtp680042540-149-acceptor-0@10babd00-ServerConnector@78308abb{HTTP/1.1, (http/1.1)}{0.0.0.0:43853}" daemon prio=3 tid=149 runnable
java.lang.Thread.State: RUNNABLE
        at sun.nio.ch.ServerSocketChannelImpl.accept0(Native Method)
        at sun.nio.ch.ServerSocketChannelImpl.accept(ServerSocketChannelImpl.java:421)
        at sun.nio.ch.ServerSocketChannelImpl.accept(ServerSocketChannelImpl.java:249)
        at org.eclipse.jetty.server.ServerConnector.accept(ServerConnector.java:388)
        at org.eclipse.jetty.server.AbstractConnector$Acceptor.run(AbstractConnector.java:704)
        at org.eclipse.jetty.util.thread.QueuedThreadPool.runJob(QueuedThreadPool.java:883)
        at org.eclipse.jetty.util.thread.QueuedThreadPool$Runner.run(QueuedThreadPool.java:1034)
        at java.lang.Thread.run(Thread.java:750)
"pool-97-thread-1"  prio=5 tid=318 in Object.wait()
java.lang.Thread.State: WAITING (on object monitor)
        at sun.misc.Unsafe.park(Native Method)
        at java.util.concurrent.locks.LockSupport.park(LockSupport.java:175)
        at java.util.concurrent.locks.AbstractQueuedSynchronizer$ConditionObject.await(AbstractQueuedSynchronizer.java:2039)
        at java.util.concurrent.LinkedBlockingQueue.take(LinkedBlockingQueue.java:442)
        at java.util.concurrent.ThreadPoolExecutor.getTask(ThreadPoolExecutor.java:1074)
        at java.util.concurrent.ThreadPoolExecutor.runWorker(ThreadPoolExecutor.java:1134)
        at java.util.concurrent.ThreadPoolExecutor$Worker.run(ThreadPoolExecutor.java:624)
        at java.lang.Thread.run(Thread.java:750)
"IPC Server handler 4 on default port 34121" daemon prio=5 tid=51 timed_waiting
java.lang.Thread.State: TIMED_WAITING
        at sun.misc.Unsafe.park(Native Method)
        at java.util.concurrent.locks.LockSupport.parkNanos(LockSupport.java:215)
        at java.util.concurrent.locks.AbstractQueuedSynchronizer$ConditionObject.awaitNanos(AbstractQueuedSynchronizer.java:2078)
        at java.util.concurrent.LinkedBlockingQueue.poll(LinkedBlockingQueue.java:467)
        at org.apache.hadoop.ipc.CallQueueManager.take(CallQueueManager.java:317)
        at org.apache.hadoop.ipc.Server$Handler.run(Server.java:2942)
"c5f0e82b-af1b-4789-ae30-308dce149649-client-thread1" daemon prio=5 tid=432 timed_waiting
java.lang.Thread.State: TIMED_WAITING
        at sun.misc.Unsafe.park(Native Method)
        at java.util.concurrent.locks.LockSupport.parkNanos(LockSupport.java:215)
        at java.util.concurrent.SynchronousQueue$TransferStack.awaitFulfill(SynchronousQueue.java:460)
        at java.util.concurrent.SynchronousQueue$TransferStack.transfer(SynchronousQueue.java:362)
        at java.util.concurrent.SynchronousQueue.poll(SynchronousQueue.java:941)
        at java.util.concurrent.ThreadPoolExecutor.getTask(ThreadPoolExecutor.java:1073)
        at java.util.concurrent.ThreadPoolExecutor.runWorker(ThreadPoolExecutor.java:1134)
        at java.util.concurrent.ThreadPoolExecutor$Worker.run(ThreadPoolExecutor.java:624)
        at java.lang.Thread.run(Thread.java:750)
"qtp680042540-153" daemon prio=5 tid=153 timed_waiting
java.lang.Thread.State: TIMED_WAITING
        at sun.misc.Unsafe.park(Native Method)
        at java.util.concurrent.locks.LockSupport.parkNanos(LockSupport.java:215)
        at java.util.concurrent.locks.AbstractQueuedSynchronizer$ConditionObject.awaitNanos(AbstractQueuedSynchronizer.java:2078)
        at org.eclipse.jetty.util.BlockingArrayQueue.poll(BlockingArrayQueue.java:382)
        at org.eclipse.jetty.util.thread.QueuedThreadPool$Runner.idleJobPoll(QueuedThreadPool.java:974)
        at org.eclipse.jetty.util.thread.QueuedThreadPool$Runner.run(QueuedThreadPool.java:1018)
        at java.lang.Thread.run(Thread.java:750)
"BackgroundPipelineScrubberThread" daemon prio=5 tid=17 timed_waiting
java.lang.Thread.State: TIMED_WAITING
        at java.lang.Object.wait(Native Method)
        at org.apache.hadoop.hdds.scm.ha.BackgroundSCMService.run(BackgroundSCMService.java:110)
        at org.apache.hadoop.hdds.scm.ha.BackgroundSCMService$$Lambda$332/846531248.run(Unknown Source)
        at java.lang.Thread.run(Thread.java:750)
"qtp937092109-194" daemon prio=5 tid=194 timed_waiting
java.lang.Thread.State: TIMED_WAITING
        at sun.misc.Unsafe.park(Native Method)
        at java.util.concurrent.locks.LockSupport.parkNanos(LockSupport.java:215)
        at java.util.concurrent.locks.AbstractQueuedSynchronizer$ConditionObject.awaitNanos(AbstractQueuedSynchronizer.java:2078)
        at org.eclipse.jetty.util.BlockingArrayQueue.poll(BlockingArrayQueue.java:382)
        at org.eclipse.jetty.util.thread.QueuedThreadPool$Runner.idleJobPoll(QueuedThreadPool.java:974)
        at org.eclipse.jetty.util.thread.QueuedThreadPool$Runner.run(QueuedThreadPool.java:1018)
        at java.lang.Thread.run(Thread.java:750)
"main"  prio=5 tid=1 timed_waiting
java.lang.Thread.State: TIMED_WAITING
        at sun.misc.Unsafe.park(Native Method)
        at java.util.concurrent.locks.LockSupport.parkNanos(LockSupport.java:215)
        at java.util.concurrent.FutureTask.awaitDone(FutureTask.java:426)
        at java.util.concurrent.FutureTask.get(FutureTask.java:204)
        at org.junit.internal.runners.statements.FailOnTimeout.getResult(FailOnTimeout.java:156)
        at org.junit.internal.runners.statements.FailOnTimeout.evaluate(FailOnTimeout.java:129)
        at org.junit.rules.ExpectedException$ExpectedExceptionStatement.evaluate(ExpectedException.java:258)
        at org.junit.runners.ParentRunner$3.evaluate(ParentRunner.java:306)
        at org.junit.runners.BlockJUnit4ClassRunner$1.evaluate(BlockJUnit4ClassRunner.java:100)
        at org.junit.runners.ParentRunner.runLeaf(ParentRunner.java:366)
        at org.junit.runners.BlockJUnit4ClassRunner.runChild(BlockJUnit4ClassRunner.java:103)
        at org.junit.runners.BlockJUnit4ClassRunner.runChild(BlockJUnit4ClassRunner.java:63)
        at org.junit.runners.ParentRunner$4.run(ParentRunner.java:331)
        at org.junit.runners.ParentRunner$1.schedule(ParentRunner.java:79)
        at org.junit.runners.ParentRunner.runChildren(ParentRunner.java:329)
        at org.junit.runners.ParentRunner.access$100(ParentRunner.java:66)
        at org.junit.runners.ParentRunner$2.evaluate(ParentRunner.java:293)
        at org.junit.internal.runners.statements.RunBefores.evaluate(RunBefores.java:26)
        at org.junit.internal.runners.statements.RunAfters.evaluate(RunAfters.java:27)
        at org.junit.runners.ParentRunner$3.evaluate(ParentRunner.java:306)
        at org.junit.runners.ParentRunner.run(ParentRunner.java:413)
        at org.junit.runner.JUnitCore.run(JUnitCore.java:137)
        at org.junit.runner.JUnitCore.run(JUnitCore.java:115)
        at org.junit.vintage.engine.execution.RunnerExecutor.execute(RunnerExecutor.java:42)
        at org.junit.vintage.engine.VintageTestEngine.executeAllChildren(VintageTestEngine.java:80)
        at org.junit.vintage.engine.VintageTestEngine.execute(VintageTestEngine.java:72)
        at org.junit.platform.launcher.core.EngineExecutionOrchestrator.execute(EngineExecutionOrchestrator.java:107)
        at org.junit.platform.launcher.core.EngineExecutionOrchestrator.execute(EngineExecutionOrchestrator.java:88)
        at org.junit.platform.launcher.core.EngineExecutionOrchestrator.lambda$execute$0(EngineExecutionOrchestrator.java:54)
        at org.junit.platform.launcher.core.EngineExecutionOrchestrator$$Lambda$188/2133344792.accept(Unknown Source)
        at org.junit.platform.launcher.core.EngineExecutionOrchestrator.withInterceptedStreams(EngineExecutionOrchestrator.java:67)
        at org.junit.platform.launcher.core.EngineExecutionOrchestrator.execute(EngineExecutionOrchestrator.java:52)
        at org.junit.platform.launcher.core.DefaultLauncher.execute(DefaultLauncher.java:114)
        at org.junit.platform.launcher.core.DefaultLauncher.execute(DefaultLauncher.java:86)
        at org.junit.platform.launcher.core.DefaultLauncherSession$DelegatingLauncher.execute(DefaultLauncherSession.java:86)
        at org.junit.platform.launcher.core.SessionPerRequestLauncher.execute(SessionPerRequestLauncher.java:53)
        at org.apache.maven.surefire.junitplatform.JUnitPlatformProvider.execute(JUnitPlatformProvider.java:188)
        at org.apache.maven.surefire.junitplatform.JUnitPlatformProvider.invokeAllTests(JUnitPlatformProvider.java:154)
        at org.apache.maven.surefire.junitplatform.JUnitPlatformProvider.invoke(JUnitPlatformProvider.java:124)
        at org.apache.maven.surefire.booter.ForkedBooter.runSuitesInProcess(ForkedBooter.java:428)
        at org.apache.maven.surefire.booter.ForkedBooter.execute(ForkedBooter.java:162)
        at org.apache.maven.surefire.booter.ForkedBooter.run(ForkedBooter.java:562)
        at org.apache.maven.surefire.booter.ForkedBooter.main(ForkedBooter.java:548)
"StaleRecoveringContainerScrubbingService#0" daemon prio=5 tid=284 timed_waiting
java.lang.Thread.State: TIMED_WAITING
        at sun.misc.Unsafe.park(Native Method)
        at java.util.concurrent.locks.LockSupport.parkNanos(LockSupport.java:215)
        at java.util.concurrent.locks.AbstractQueuedSynchronizer$ConditionObject.awaitNanos(AbstractQueuedSynchronizer.java:2078)
        at java.util.concurrent.ScheduledThreadPoolExecutor$DelayedWorkQueue.take(ScheduledThreadPoolExecutor.java:1093)
        at java.util.concurrent.ScheduledThreadPoolExecutor$DelayedWorkQueue.take(ScheduledThreadPoolExecutor.java:809)
        at java.util.concurrent.ThreadPoolExecutor.getTask(ThreadPoolExecutor.java:1074)
        at java.util.concurrent.ThreadPoolExecutor.runWorker(ThreadPoolExecutor.java:1134)
        at java.util.concurrent.ThreadPoolExecutor$Worker.run(ThreadPoolExecutor.java:624)
        at java.lang.Thread.run(Thread.java:750)
"IPC Server handler 4 on default port 37227" daemon prio=5 tid=91 timed_waiting
java.lang.Thread.State: TIMED_WAITING
        at sun.misc.Unsafe.park(Native Method)
        at java.util.concurrent.locks.LockSupport.parkNanos(LockSupport.java:215)
        at java.util.concurrent.locks.AbstractQueuedSynchronizer$ConditionObject.awaitNanos(AbstractQueuedSynchronizer.java:2078)
        at java.util.concurrent.LinkedBlockingQueue.poll(LinkedBlockingQueue.java:467)
        at org.apache.hadoop.ipc.CallQueueManager.take(CallQueueManager.java:317)
        at org.apache.hadoop.ipc.Server$Handler.run(Server.java:2942)
"pool-90-thread-1" daemon prio=5 tid=209 timed_waiting
java.lang.Thread.State: TIMED_WAITING
        at sun.misc.Unsafe.park(Native Method)
        at java.util.concurrent.locks.LockSupport.parkNanos(LockSupport.java:215)
        at java.util.concurrent.locks.AbstractQueuedSynchronizer$ConditionObject.awaitNanos(AbstractQueuedSynchronizer.java:2078)
        at java.util.concurrent.ScheduledThreadPoolExecutor$DelayedWorkQueue.take(ScheduledThreadPoolExecutor.java:1093)
        at java.util.concurrent.ScheduledThreadPoolExecutor$DelayedWorkQueue.take(ScheduledThreadPoolExecutor.java:809)
        at java.util.concurrent.ThreadPoolExecutor.getTask(ThreadPoolExecutor.java:1074)
        at java.util.concurrent.ThreadPoolExecutor.runWorker(ThreadPoolExecutor.java:1134)
        at java.util.concurrent.ThreadPoolExecutor$Worker.run(ThreadPoolExecutor.java:624)
        at java.lang.Thread.run(Thread.java:750)
"b7545b0c-a4b8-458e-a79e-332c552b3ba3@group-C04DF5843E0E-LeaderStateImpl" daemon prio=5 tid=368 timed_waiting
java.lang.Thread.State: TIMED_WAITING
        at sun.misc.Unsafe.park(Native Method)
        at java.util.concurrent.locks.LockSupport.parkNanos(LockSupport.java:215)
        at java.util.concurrent.locks.AbstractQueuedSynchronizer$ConditionObject.awaitNanos(AbstractQueuedSynchronizer.java:2078)
        at java.util.concurrent.ArrayBlockingQueue.poll(ArrayBlockingQueue.java:418)
        at org.apache.ratis.server.impl.LeaderStateImpl$EventQueue.poll(LeaderStateImpl.java:159)
        at org.apache.ratis.server.impl.LeaderStateImpl$EventProcessor.run(LeaderStateImpl.java:630)
"IPC Server handler 6 on default port 33237" daemon prio=5 tid=73 timed_waiting
java.lang.Thread.State: TIMED_WAITING
        at sun.misc.Unsafe.park(Native Method)
        at java.util.concurrent.locks.LockSupport.parkNanos(LockSupport.java:215)
        at java.util.concurrent.locks.AbstractQueuedSynchronizer$ConditionObject.awaitNanos(AbstractQueuedSynchronizer.java:2078)
        at java.util.concurrent.LinkedBlockingQueue.poll(LinkedBlockingQueue.java:467)
        at org.apache.hadoop.ipc.CallQueueManager.take(CallQueueManager.java:317)
        at org.apache.hadoop.ipc.Server$Handler.run(Server.java:2942)
"Datanode ReportManager Thread - 1" daemon prio=5 tid=228 timed_waiting
java.lang.Thread.State: TIMED_WAITING
        at sun.misc.Unsafe.park(Native Method)
        at java.util.concurrent.locks.LockSupport.parkNanos(LockSupport.java:215)
        at java.util.concurrent.locks.AbstractQueuedSynchronizer$ConditionObject.awaitNanos(AbstractQueuedSynchronizer.java:2078)
        at java.util.concurrent.ScheduledThreadPoolExecutor$DelayedWorkQueue.take(ScheduledThreadPoolExecutor.java:1093)
        at java.util.concurrent.ScheduledThreadPoolExecutor$DelayedWorkQueue.take(ScheduledThreadPoolExecutor.java:809)
        at java.util.concurrent.ThreadPoolExecutor.getTask(ThreadPoolExecutor.java:1074)
        at java.util.concurrent.ThreadPoolExecutor.runWorker(ThreadPoolExecutor.java:1134)
        at java.util.concurrent.ThreadPoolExecutor$Worker.run(ThreadPoolExecutor.java:624)
        at java.lang.Thread.run(Thread.java:750)
"StaleRecoveringContainerScrubbingService#1" daemon prio=5 tid=285 in Object.wait()
java.lang.Thread.State: WAITING (on object monitor)
        at sun.misc.Unsafe.park(Native Method)
        at java.util.concurrent.locks.LockSupport.park(LockSupport.java:175)
        at java.util.concurrent.locks.AbstractQueuedSynchronizer$ConditionObject.await(AbstractQueuedSynchronizer.java:2039)
        at java.util.concurrent.ScheduledThreadPoolExecutor$DelayedWorkQueue.take(ScheduledThreadPoolExecutor.java:1088)
        at java.util.concurrent.ScheduledThreadPoolExecutor$DelayedWorkQueue.take(ScheduledThreadPoolExecutor.java:809)
        at java.util.concurrent.ThreadPoolExecutor.getTask(ThreadPoolExecutor.java:1074)
        at java.util.concurrent.ThreadPoolExecutor.runWorker(ThreadPoolExecutor.java:1134)
        at java.util.concurrent.ThreadPoolExecutor$Worker.run(ThreadPoolExecutor.java:624)
        at java.lang.Thread.run(Thread.java:750)
"timer5" daemon prio=5 tid=397 timed_waiting
java.lang.Thread.State: TIMED_WAITING
        at java.lang.Object.wait(Native Method)
        at java.util.TimerThread.mainLoop(Timer.java:552)
        at java.util.TimerThread.run(Timer.java:505)
"e24e525b-11e0-482b-97ed-e0be4d88ae43@group-C04DF5843E0E-FollowerState" daemon prio=5 tid=366 timed_waiting
java.lang.Thread.State: TIMED_WAITING
        at java.lang.Thread.sleep(Native Method)
        at java.lang.Thread.sleep(Thread.java:342)
        at java.util.concurrent.TimeUnit.sleep(TimeUnit.java:386)
        at org.apache.ratis.util.TimeDuration.sleep(TimeDuration.java:325)
        at org.apache.ratis.util.TimeDuration.sleep(TimeDuration.java:310)
        at org.apache.ratis.server.impl.FollowerState.run(FollowerState.java:128)
"qtp680042540-152" daemon prio=5 tid=152 timed_waiting
java.lang.Thread.State: TIMED_WAITING
        at sun.misc.Unsafe.park(Native Method)
        at java.util.concurrent.locks.LockSupport.parkNanos(LockSupport.java:215)
        at java.util.concurrent.locks.AbstractQueuedSynchronizer$ConditionObject.awaitNanos(AbstractQueuedSynchronizer.java:2078)
        at org.eclipse.jetty.util.BlockingArrayQueue.poll(BlockingArrayQueue.java:382)
        at org.eclipse.jetty.util.thread.QueuedThreadPool$Runner.idleJobPoll(QueuedThreadPool.java:974)
        at org.eclipse.jetty.util.thread.QueuedThreadPool$Runner.run(QueuedThreadPool.java:1018)
        at java.lang.Thread.run(Thread.java:750)
"b7545b0c-a4b8-458e-a79e-332c552b3ba3@group-C04DF5843E0E->c5f0e82b-af1b-4789-ae30-308dce149649-GrpcLogAppender-LogAppenderDaemon" daemon prio=5 tid=369 timed_waiting
java.lang.Thread.State: TIMED_WAITING
        at sun.misc.Unsafe.park(Native Method)
        at java.util.concurrent.locks.LockSupport.parkNanos(LockSupport.java:215)
        at java.util.concurrent.locks.AbstractQueuedSynchronizer$ConditionObject.await(AbstractQueuedSynchronizer.java:2163)
        at org.apache.ratis.util.AwaitForSignal.await(AwaitForSignal.java:62)
        at org.apache.ratis.grpc.server.GrpcLogAppender.mayWait(GrpcLogAppender.java:198)
        at org.apache.ratis.grpc.server.GrpcLogAppender.run(GrpcLogAppender.java:148)
        at org.apache.ratis.server.leader.LogAppenderDaemon.run(LogAppenderDaemon.java:78)
        at org.apache.ratis.server.leader.LogAppenderDaemon$$Lambda$1047/71428700.run(Unknown Source)
        at java.lang.Thread.run(Thread.java:750)
"qtp680042540-155" daemon prio=5 tid=155 timed_waiting
java.lang.Thread.State: TIMED_WAITING
        at sun.misc.Unsafe.park(Native Method)
        at java.util.concurrent.locks.LockSupport.parkNanos(LockSupport.java:215)
        at java.util.concurrent.locks.AbstractQueuedSynchronizer$ConditionObject.awaitNanos(AbstractQueuedSynchronizer.java:2078)
        at org.eclipse.jetty.util.BlockingArrayQueue.poll(BlockingArrayQueue.java:382)
        at org.eclipse.jetty.util.thread.QueuedThreadPool$Runner.idleJobPoll(QueuedThreadPool.java:974)
        at org.eclipse.jetty.util.thread.QueuedThreadPool$Runner.run(QueuedThreadPool.java:1018)
        at java.lang.Thread.run(Thread.java:750)
"timer7" daemon prio=5 tid=404 timed_waiting
java.lang.Thread.State: TIMED_WAITING
        at java.lang.Object.wait(Native Method)
        at java.util.TimerThread.mainLoop(Timer.java:552)
        at java.util.TimerThread.run(Timer.java:505)
"qtp900301074-110" daemon prio=5 tid=110 runnable
java.lang.Thread.State: RUNNABLE
        at sun.nio.ch.EPollArrayWrapper.epollWait(Native Method)
        at sun.nio.ch.EPollArrayWrapper.poll(EPollArrayWrapper.java:269)
        at sun.nio.ch.EPollSelectorImpl.doSelect(EPollSelectorImpl.java:93)
        at sun.nio.ch.SelectorImpl.lockAndDoSelect(SelectorImpl.java:86)
        at sun.nio.ch.SelectorImpl.select(SelectorImpl.java:97)
        at sun.nio.ch.SelectorImpl.select(SelectorImpl.java:101)
        at org.eclipse.jetty.io.ManagedSelector.nioSelect(ManagedSelector.java:183)
        at org.eclipse.jetty.io.ManagedSelector.select(ManagedSelector.java:190)
        at org.eclipse.jetty.io.ManagedSelector$SelectorProducer.select(ManagedSelector.java:606)
        at org.eclipse.jetty.io.ManagedSelector$SelectorProducer.produce(ManagedSelector.java:543)
        at org.eclipse.jetty.util.thread.strategy.EatWhatYouKill.produceTask(EatWhatYouKill.java:362)
        at org.eclipse.jetty.util.thread.strategy.EatWhatYouKill.doProduce(EatWhatYouKill.java:186)
        at org.eclipse.jetty.util.thread.strategy.EatWhatYouKill.tryProduce(EatWhatYouKill.java:173)
        at org.eclipse.jetty.util.thread.strategy.EatWhatYouKill.produce(EatWhatYouKill.java:137)
        at org.eclipse.jetty.io.ManagedSelector$$Lambda$398/847768796.run(Unknown Source)
        at org.eclipse.jetty.util.thread.QueuedThreadPool.runJob(QueuedThreadPool.java:883)
        at org.eclipse.jetty.util.thread.QueuedThreadPool$Runner.run(QueuedThreadPool.java:1034)
        at java.lang.Thread.run(Thread.java:750)
"Datanode ReportManager Thread - 4" daemon prio=5 tid=202 in Object.wait()
java.lang.Thread.State: WAITING (on object monitor)
        at sun.misc.Unsafe.park(Native Method)
        at java.util.concurrent.locks.LockSupport.park(LockSupport.java:175)
        at java.util.concurrent.locks.AbstractQueuedSynchronizer$ConditionObject.await(AbstractQueuedSynchronizer.java:2039)
        at java.util.concurrent.ScheduledThreadPoolExecutor$DelayedWorkQueue.take(ScheduledThreadPoolExecutor.java:1088)
        at java.util.concurrent.ScheduledThreadPoolExecutor$DelayedWorkQueue.take(ScheduledThreadPoolExecutor.java:809)
        at java.util.concurrent.ThreadPoolExecutor.getTask(ThreadPoolExecutor.java:1074)
        at java.util.concurrent.ThreadPoolExecutor.runWorker(ThreadPoolExecutor.java:1134)
        at java.util.concurrent.ThreadPoolExecutor$Worker.run(ThreadPoolExecutor.java:624)
        at java.lang.Thread.run(Thread.java:750)
"IPC Server handler 15 on default port 33237" daemon prio=5 tid=82 timed_waiting
java.lang.Thread.State: TIMED_WAITING
        at sun.misc.Unsafe.park(Native Method)
        at java.util.concurrent.locks.LockSupport.parkNanos(LockSupport.java:215)
        at java.util.concurrent.locks.AbstractQueuedSynchronizer$ConditionObject.awaitNanos(AbstractQueuedSynchronizer.java:2078)
        at java.util.concurrent.LinkedBlockingQueue.poll(LinkedBlockingQueue.java:467)
        at org.apache.hadoop.ipc.CallQueueManager.take(CallQueueManager.java:317)
        at org.apache.hadoop.ipc.Server$Handler.run(Server.java:2942)
"qtp937092109-193" daemon prio=5 tid=193 timed_waiting
java.lang.Thread.State: TIMED_WAITING
        at sun.misc.Unsafe.park(Native Method)
        at java.util.concurrent.locks.LockSupport.parkNanos(LockSupport.java:215)
        at java.util.concurrent.locks.AbstractQueuedSynchronizer$ConditionObject.awaitNanos(AbstractQueuedSynchronizer.java:2078)
        at org.eclipse.jetty.util.BlockingArrayQueue.poll(BlockingArrayQueue.java:382)
        at org.eclipse.jetty.util.thread.QueuedThreadPool$Runner.idleJobPoll(QueuedThreadPool.java:974)
        at org.eclipse.jetty.util.thread.QueuedThreadPool$Runner.run(QueuedThreadPool.java:1018)
        at java.lang.Thread.run(Thread.java:750)
"pool-83-thread-1"  prio=5 tid=187 timed_waiting
java.lang.Thread.State: TIMED_WAITING
        at sun.misc.Unsafe.park(Native Method)
        at java.util.concurrent.locks.LockSupport.parkNanos(LockSupport.java:215)
        at java.util.concurrent.locks.AbstractQueuedSynchronizer$ConditionObject.awaitNanos(AbstractQueuedSynchronizer.java:2078)
        at java.util.concurrent.ScheduledThreadPoolExecutor$DelayedWorkQueue.take(ScheduledThreadPoolExecutor.java:1093)
        at java.util.concurrent.ScheduledThreadPoolExecutor$DelayedWorkQueue.take(ScheduledThreadPoolExecutor.java:809)
        at java.util.concurrent.ThreadPoolExecutor.getTask(ThreadPoolExecutor.java:1074)
        at java.util.concurrent.ThreadPoolExecutor.runWorker(ThreadPoolExecutor.java:1134)
        at java.util.concurrent.ThreadPoolExecutor$Worker.run(ThreadPoolExecutor.java:624)
        at java.lang.Thread.run(Thread.java:750)
"JvmPauseMonitor0" daemon prio=5 tid=140 timed_waiting
java.lang.Thread.State: TIMED_WAITING
        at java.lang.Thread.sleep(Native Method)
        at java.lang.Thread.sleep(Thread.java:342)
        at java.util.concurrent.TimeUnit.sleep(TimeUnit.java:386)
        at org.apache.ratis.util.TimeDuration.sleep(TimeDuration.java:325)
        at org.apache.ratis.util.TimeDuration.sleep(TimeDuration.java:310)
        at org.apache.ratis.util.JvmPauseMonitor.detectPause(JvmPauseMonitor.java:119)
        at org.apache.ratis.util.JvmPauseMonitor.run(JvmPauseMonitor.java:108)
        at org.apache.ratis.util.JvmPauseMonitor$$Lambda$676/279705196.run(Unknown Source)
        at java.lang.Thread.run(Thread.java:750)
"IPC Server idle connection scanner for port 37227" daemon prio=5 tid=26 timed_waiting
java.lang.Thread.State: TIMED_WAITING
        at java.lang.Object.wait(Native Method)
        at java.util.TimerThread.mainLoop(Timer.java:552)
        at java.util.TimerThread.run(Timer.java:505)
"IPC Server Responder" daemon prio=5 tid=35 runnable
java.lang.Thread.State: RUNNABLE
        at sun.nio.ch.EPollArrayWrapper.epollWait(Native Method)
        at sun.nio.ch.EPollArrayWrapper.poll(EPollArrayWrapper.java:269)
        at sun.nio.ch.EPollSelectorImpl.doSelect(EPollSelectorImpl.java:93)
        at sun.nio.ch.SelectorImpl.lockAndDoSelect(SelectorImpl.java:86)
        at sun.nio.ch.SelectorImpl.select(SelectorImpl.java:97)
        at org.apache.hadoop.ipc.Server$Responder.doRunLoop(Server.java:1532)
        at org.apache.hadoop.ipc.Server$Responder.run(Server.java:1515)
"StaleRecoveringContainerScrubbingService#1" daemon prio=5 tid=298 in Object.wait()
java.lang.Thread.State: WAITING (on object monitor)
        at sun.misc.Unsafe.park(Native Method)
        at java.util.concurrent.locks.LockSupport.park(LockSupport.java:175)
        at java.util.concurrent.locks.AbstractQueuedSynchronizer$ConditionObject.await(AbstractQueuedSynchronizer.java:2039)
        at java.util.concurrent.ScheduledThreadPoolExecutor$DelayedWorkQueue.take(ScheduledThreadPoolExecutor.java:1088)
        at java.util.concurrent.ScheduledThreadPoolExecutor$DelayedWorkQueue.take(ScheduledThreadPoolExecutor.java:809)
        at java.util.concurrent.ThreadPoolExecutor.getTask(ThreadPoolExecutor.java:1074)
        at java.util.concurrent.ThreadPoolExecutor.runWorker(ThreadPoolExecutor.java:1134)
        at java.util.concurrent.ThreadPoolExecutor$Worker.run(ThreadPoolExecutor.java:624)
        at java.lang.Thread.run(Thread.java:750)
"ContainerOp-112736f0-bd29-43e0-ad49-80fdc6f049cf-0"  prio=5 tid=434 in Object.wait()
java.lang.Thread.State: WAITING (on object monitor)
        at sun.misc.Unsafe.park(Native Method)
        at java.util.concurrent.locks.LockSupport.park(LockSupport.java:175)
        at java.util.concurrent.locks.AbstractQueuedSynchronizer$ConditionObject.await(AbstractQueuedSynchronizer.java:2039)
        at java.util.concurrent.LinkedBlockingQueue.take(LinkedBlockingQueue.java:442)
        at java.util.concurrent.ThreadPoolExecutor.getTask(ThreadPoolExecutor.java:1074)
        at java.util.concurrent.ThreadPoolExecutor.runWorker(ThreadPoolExecutor.java:1134)
        at java.util.concurrent.ThreadPoolExecutor$Worker.run(ThreadPoolExecutor.java:624)
        at java.lang.Thread.run(Thread.java:750)
"JvmPauseMonitor2" daemon prio=5 tid=281 timed_waiting
java.lang.Thread.State: TIMED_WAITING
        at java.lang.Thread.sleep(Native Method)
        at java.lang.Thread.sleep(Thread.java:342)
        at java.util.concurrent.TimeUnit.sleep(TimeUnit.java:386)
        at org.apache.ratis.util.TimeDuration.sleep(TimeDuration.java:325)
        at org.apache.ratis.util.TimeDuration.sleep(TimeDuration.java:310)
        at org.apache.ratis.util.JvmPauseMonitor.detectPause(JvmPauseMonitor.java:119)
        at org.apache.ratis.util.JvmPauseMonitor.run(JvmPauseMonitor.java:108)
        at org.apache.ratis.util.JvmPauseMonitor$$Lambda$676/279705196.run(Unknown Source)
        at java.lang.Thread.run(Thread.java:750)
"qtp1741199183-218-acceptor-0@346f2b2c-ServerConnector@5f14cd3a{HTTP/1.1, (http/1.1)}{0.0.0.0:43837}" daemon prio=3 tid=218 runnable
java.lang.Thread.State: RUNNABLE
        at sun.nio.ch.ServerSocketChannelImpl.accept0(Native Method)
        at sun.nio.ch.ServerSocketChannelImpl.accept(ServerSocketChannelImpl.java:421)
        at sun.nio.ch.ServerSocketChannelImpl.accept(ServerSocketChannelImpl.java:249)
        at org.eclipse.jetty.server.ServerConnector.accept(ServerConnector.java:388)
        at org.eclipse.jetty.server.AbstractConnector$Acceptor.run(AbstractConnector.java:704)
        at org.eclipse.jetty.util.thread.QueuedThreadPool.runJob(QueuedThreadPool.java:883)
        at org.eclipse.jetty.util.thread.QueuedThreadPool$Runner.run(QueuedThreadPool.java:1034)
        at java.lang.Thread.run(Thread.java:750)
"Session-HouseKeeper-281fad1b-1"  prio=5 tid=156 timed_waiting
java.lang.Thread.State: TIMED_WAITING
        at sun.misc.Unsafe.park(Native Method)
        at java.util.concurrent.locks.LockSupport.parkNanos(LockSupport.java:215)
        at java.util.concurrent.locks.AbstractQueuedSynchronizer$ConditionObject.awaitNanos(AbstractQueuedSynchronizer.java:2078)
        at java.util.concurrent.ScheduledThreadPoolExecutor$DelayedWorkQueue.take(ScheduledThreadPoolExecutor.java:1093)
        at java.util.concurrent.ScheduledThreadPoolExecutor$DelayedWorkQueue.take(ScheduledThreadPoolExecutor.java:809)
        at java.util.concurrent.ThreadPoolExecutor.getTask(ThreadPoolExecutor.java:1074)
        at java.util.concurrent.ThreadPoolExecutor.runWorker(ThreadPoolExecutor.java:1134)
        at java.util.concurrent.ThreadPoolExecutor$Worker.run(ThreadPoolExecutor.java:624)
        at java.lang.Thread.run(Thread.java:750)
"Session-HouseKeeper-7c9f44d2-1"  prio=5 tid=252 timed_waiting
java.lang.Thread.State: TIMED_WAITING
        at sun.misc.Unsafe.park(Native Method)
        at java.util.concurrent.locks.LockSupport.parkNanos(LockSupport.java:215)
        at java.util.concurrent.locks.AbstractQueuedSynchronizer$ConditionObject.awaitNanos(AbstractQueuedSynchronizer.java:2078)
        at java.util.concurrent.ScheduledThreadPoolExecutor$DelayedWorkQueue.take(ScheduledThreadPoolExecutor.java:1093)
        at java.util.concurrent.ScheduledThreadPoolExecutor$DelayedWorkQueue.take(ScheduledThreadPoolExecutor.java:809)
        at java.util.concurrent.ThreadPoolExecutor.getTask(ThreadPoolExecutor.java:1074)
        at java.util.concurrent.ThreadPoolExecutor.runWorker(ThreadPoolExecutor.java:1134)
        at java.util.concurrent.ThreadPoolExecutor$Worker.run(ThreadPoolExecutor.java:624)
        at java.lang.Thread.run(Thread.java:750)
"qtp287628152-244" daemon prio=5 tid=244 runnable
java.lang.Thread.State: RUNNABLE
        at sun.nio.ch.EPollArrayWrapper.epollWait(Native Method)
        at sun.nio.ch.EPollArrayWrapper.poll(EPollArrayWrapper.java:269)
        at sun.nio.ch.EPollSelectorImpl.doSelect(EPollSelectorImpl.java:93)
        at sun.nio.ch.SelectorImpl.lockAndDoSelect(SelectorImpl.java:86)
        at sun.nio.ch.SelectorImpl.select(SelectorImpl.java:97)
        at sun.nio.ch.SelectorImpl.select(SelectorImpl.java:101)
        at org.eclipse.jetty.io.ManagedSelector.nioSelect(ManagedSelector.java:183)
        at org.eclipse.jetty.io.ManagedSelector.select(ManagedSelector.java:190)
        at org.eclipse.jetty.io.ManagedSelector$SelectorProducer.select(ManagedSelector.java:606)
        at org.eclipse.jetty.io.ManagedSelector$SelectorProducer.produce(ManagedSelector.java:543)
        at org.eclipse.jetty.util.thread.strategy.EatWhatYouKill.produceTask(EatWhatYouKill.java:362)
        at org.eclipse.jetty.util.thread.strategy.EatWhatYouKill.doProduce(EatWhatYouKill.java:186)
        at org.eclipse.jetty.util.thread.strategy.EatWhatYouKill.tryProduce(EatWhatYouKill.java:173)
        at org.eclipse.jetty.util.thread.strategy.EatWhatYouKill.produce(EatWhatYouKill.java:137)
        at org.eclipse.jetty.io.ManagedSelector$$Lambda$398/847768796.run(Unknown Source)
        at org.eclipse.jetty.util.thread.QueuedThreadPool.runJob(QueuedThreadPool.java:883)
        at org.eclipse.jetty.util.thread.QueuedThreadPool$Runner.run(QueuedThreadPool.java:1034)
        at java.lang.Thread.run(Thread.java:750)
"IPC Server handler 11 on default port 34121" daemon prio=5 tid=58 timed_waiting
java.lang.Thread.State: TIMED_WAITING
        at sun.misc.Unsafe.park(Native Method)
        at java.util.concurrent.locks.LockSupport.parkNanos(LockSupport.java:215)
        at java.util.concurrent.locks.AbstractQueuedSynchronizer$ConditionObject.awaitNanos(AbstractQueuedSynchronizer.java:2078)
        at java.util.concurrent.LinkedBlockingQueue.poll(LinkedBlockingQueue.java:467)
        at org.apache.hadoop.ipc.CallQueueManager.take(CallQueueManager.java:317)
        at org.apache.hadoop.ipc.Server$Handler.run(Server.java:2942)
"ExpiredContainerReplicaOpScrubberThread" daemon prio=5 tid=18 timed_waiting
java.lang.Thread.State: TIMED_WAITING
        at java.lang.Object.wait(Native Method)
        at org.apache.hadoop.hdds.scm.ha.BackgroundSCMService.run(BackgroundSCMService.java:110)
        at org.apache.hadoop.hdds.scm.ha.BackgroundSCMService$$Lambda$332/846531248.run(Unknown Source)
        at java.lang.Thread.run(Thread.java:750)
"pool-127-thread-1"  prio=5 tid=243 timed_waiting
java.lang.Thread.State: TIMED_WAITING
        at sun.misc.Unsafe.park(Native Method)
        at java.util.concurrent.locks.LockSupport.parkNanos(LockSupport.java:215)
        at java.util.concurrent.locks.AbstractQueuedSynchronizer$ConditionObject.awaitNanos(AbstractQueuedSynchronizer.java:2078)
        at java.util.concurrent.ScheduledThreadPoolExecutor$DelayedWorkQueue.take(ScheduledThreadPoolExecutor.java:1093)
        at java.util.concurrent.ScheduledThreadPoolExecutor$DelayedWorkQueue.take(ScheduledThreadPoolExecutor.java:809)
        at java.util.concurrent.ThreadPoolExecutor.getTask(ThreadPoolExecutor.java:1074)
        at java.util.concurrent.ThreadPoolExecutor.runWorker(ThreadPoolExecutor.java:1134)
        at java.util.concurrent.ThreadPoolExecutor$Worker.run(ThreadPoolExecutor.java:624)
        at java.lang.Thread.run(Thread.java:750)
"qtp937092109-188" daemon prio=5 tid=188 runnable
java.lang.Thread.State: RUNNABLE
        at sun.nio.ch.EPollArrayWrapper.epollWait(Native Method)
        at sun.nio.ch.EPollArrayWrapper.poll(EPollArrayWrapper.java:269)
        at sun.nio.ch.EPollSelectorImpl.doSelect(EPollSelectorImpl.java:93)
        at sun.nio.ch.SelectorImpl.lockAndDoSelect(SelectorImpl.java:86)
        at sun.nio.ch.SelectorImpl.select(SelectorImpl.java:97)
        at sun.nio.ch.SelectorImpl.select(SelectorImpl.java:101)
        at org.eclipse.jetty.io.ManagedSelector.nioSelect(ManagedSelector.java:183)
        at org.eclipse.jetty.io.ManagedSelector.select(ManagedSelector.java:190)
        at org.eclipse.jetty.io.ManagedSelector$SelectorProducer.select(ManagedSelector.java:606)
        at org.eclipse.jetty.io.ManagedSelector$SelectorProducer.produce(ManagedSelector.java:543)
        at org.eclipse.jetty.util.thread.strategy.EatWhatYouKill.produceTask(EatWhatYouKill.java:362)
        at org.eclipse.jetty.util.thread.strategy.EatWhatYouKill.doProduce(EatWhatYouKill.java:186)
        at org.eclipse.jetty.util.thread.strategy.EatWhatYouKill.tryProduce(EatWhatYouKill.java:173)
        at org.eclipse.jetty.util.thread.strategy.EatWhatYouKill.produce(EatWhatYouKill.java:137)
        at org.eclipse.jetty.io.ManagedSelector$$Lambda$398/847768796.run(Unknown Source)
        at org.eclipse.jetty.util.thread.QueuedThreadPool.runJob(QueuedThreadPool.java:883)
        at org.eclipse.jetty.util.thread.QueuedThreadPool$Runner.run(QueuedThreadPool.java:1034)
        at java.lang.Thread.run(Thread.java:750)
"c5f0e82b-af1b-4789-ae30-308dce149649-server-thread3" daemon prio=5 tid=405 timed_waiting
java.lang.Thread.State: TIMED_WAITING
        at sun.misc.Unsafe.park(Native Method)
        at java.util.concurrent.locks.LockSupport.parkNanos(LockSupport.java:215)
        at java.util.concurrent.SynchronousQueue$TransferStack.awaitFulfill(SynchronousQueue.java:460)
        at java.util.concurrent.SynchronousQueue$TransferStack.transfer(SynchronousQueue.java:362)
        at java.util.concurrent.SynchronousQueue.poll(SynchronousQueue.java:941)
        at java.util.concurrent.ThreadPoolExecutor.getTask(ThreadPoolExecutor.java:1073)
        at java.util.concurrent.ThreadPoolExecutor.runWorker(ThreadPoolExecutor.java:1134)
        at java.util.concurrent.ThreadPoolExecutor$Worker.run(ThreadPoolExecutor.java:624)
        at java.lang.Thread.run(Thread.java:750)
"Datanode State Machine Daemon Thread" daemon prio=5 tid=197 timed_waiting
java.lang.Thread.State: TIMED_WAITING
        at java.lang.Thread.sleep(Native Method)
        at org.apache.hadoop.ozone.container.common.statemachine.DatanodeStateMachine.startStateMachineThread(DatanodeStateMachine.java:336)
        at org.apache.hadoop.ozone.container.common.statemachine.DatanodeStateMachine.lambda$startDaemon$0(DatanodeStateMachine.java:518)
        at org.apache.hadoop.ozone.container.common.statemachine.DatanodeStateMachine$$Lambda$747/396240074.run(Unknown Source)
        at java.lang.Thread.run(Thread.java:750)
"IPC Server handler 4 on default port 35747" daemon prio=5 tid=161 timed_waiting
java.lang.Thread.State: TIMED_WAITING
        at sun.misc.Unsafe.park(Native Method)
        at java.util.concurrent.locks.LockSupport.parkNanos(LockSupport.java:215)
        at java.util.concurrent.locks.AbstractQueuedSynchronizer$ConditionObject.awaitNanos(AbstractQueuedSynchronizer.java:2078)
        at java.util.concurrent.LinkedBlockingQueue.poll(LinkedBlockingQueue.java:467)
        at org.apache.hadoop.ipc.CallQueueManager.take(CallQueueManager.java:317)
        at org.apache.hadoop.ipc.Server$Handler.run(Server.java:2942)
"Datanode State Machine Task Thread - 0"  prio=5 tid=234 in Object.wait()
java.lang.Thread.State: WAITING (on object monitor)
        at sun.misc.Unsafe.park(Native Method)
        at java.util.concurrent.locks.LockSupport.park(LockSupport.java:175)
        at java.util.concurrent.locks.AbstractQueuedSynchronizer$ConditionObject.await(AbstractQueuedSynchronizer.java:2039)
        at java.util.concurrent.LinkedBlockingQueue.take(LinkedBlockingQueue.java:442)
        at java.util.concurrent.ThreadPoolExecutor.getTask(ThreadPoolExecutor.java:1074)
        at java.util.concurrent.ThreadPoolExecutor.runWorker(ThreadPoolExecutor.java:1134)
        at java.util.concurrent.ThreadPoolExecutor$Worker.run(ThreadPoolExecutor.java:624)
        at java.lang.Thread.run(Thread.java:750)
"qtp1741199183-219" daemon prio=5 tid=219 timed_waiting
java.lang.Thread.State: TIMED_WAITING
        at sun.misc.Unsafe.park(Native Method)
        at java.util.concurrent.locks.LockSupport.parkNanos(LockSupport.java:215)
        at java.util.concurrent.locks.AbstractQueuedSynchronizer$ConditionObject.awaitNanos(AbstractQueuedSynchronizer.java:2078)
        at org.eclipse.jetty.util.BlockingArrayQueue.poll(BlockingArrayQueue.java:382)
        at org.eclipse.jetty.util.thread.QueuedThreadPool$Runner.idleJobPoll(QueuedThreadPool.java:974)
        at org.eclipse.jetty.util.thread.QueuedThreadPool$Runner.run(QueuedThreadPool.java:1018)
        at java.lang.Thread.run(Thread.java:750)
"pool-105-thread-1"  prio=5 tid=216 timed_waiting
java.lang.Thread.State: TIMED_WAITING
        at sun.misc.Unsafe.park(Native Method)
        at java.util.concurrent.locks.LockSupport.parkNanos(LockSupport.java:215)
        at java.util.concurrent.locks.AbstractQueuedSynchronizer$ConditionObject.awaitNanos(AbstractQueuedSynchronizer.java:2078)
        at java.util.concurrent.ScheduledThreadPoolExecutor$DelayedWorkQueue.take(ScheduledThreadPoolExecutor.java:1093)
        at java.util.concurrent.ScheduledThreadPoolExecutor$DelayedWorkQueue.take(ScheduledThreadPoolExecutor.java:809)
        at java.util.concurrent.ThreadPoolExecutor.getTask(ThreadPoolExecutor.java:1074)
        at java.util.concurrent.ThreadPoolExecutor.runWorker(ThreadPoolExecutor.java:1134)
        at java.util.concurrent.ThreadPoolExecutor$Worker.run(ThreadPoolExecutor.java:624)
        at java.lang.Thread.run(Thread.java:750)
"qtp900301074-114" daemon prio=5 tid=114 timed_waiting
java.lang.Thread.State: TIMED_WAITING
        at sun.misc.Unsafe.park(Native Method)
        at java.util.concurrent.locks.LockSupport.parkNanos(LockSupport.java:215)
        at java.util.concurrent.locks.AbstractQueuedSynchronizer$ConditionObject.awaitNanos(AbstractQueuedSynchronizer.java:2078)
        at org.eclipse.jetty.util.BlockingArrayQueue.poll(BlockingArrayQueue.java:382)
        at org.eclipse.jetty.util.thread.QueuedThreadPool$Runner.idleJobPoll(QueuedThreadPool.java:974)
        at org.eclipse.jetty.util.thread.QueuedThreadPool$Runner.run(QueuedThreadPool.java:1018)
        at java.lang.Thread.run(Thread.java:750)
"qtp680042540-150" daemon prio=5 tid=150 timed_waiting
java.lang.Thread.State: TIMED_WAITING
        at sun.misc.Unsafe.park(Native Method)
        at java.util.concurrent.locks.LockSupport.parkNanos(LockSupport.java:215)
        at java.util.concurrent.locks.AbstractQueuedSynchronizer$ConditionObject.awaitNanos(AbstractQueuedSynchronizer.java:2078)
        at org.eclipse.jetty.util.BlockingArrayQueue.poll(BlockingArrayQueue.java:382)
        at org.eclipse.jetty.util.thread.QueuedThreadPool$Runner.idleJobPoll(QueuedThreadPool.java:974)
        at org.eclipse.jetty.util.thread.QueuedThreadPool$Runner.run(QueuedThreadPool.java:1018)
        at java.lang.Thread.run(Thread.java:750)
"pool-62-thread-1"  prio=5 tid=147 timed_waiting
java.lang.Thread.State: TIMED_WAITING
        at sun.misc.Unsafe.park(Native Method)
        at java.util.concurrent.locks.LockSupport.parkNanos(LockSupport.java:215)
        at java.util.concurrent.locks.AbstractQueuedSynchronizer$ConditionObject.awaitNanos(AbstractQueuedSynchronizer.java:2078)
        at java.util.concurrent.ScheduledThreadPoolExecutor$DelayedWorkQueue.take(ScheduledThreadPoolExecutor.java:1093)
        at java.util.concurrent.ScheduledThreadPoolExecutor$DelayedWorkQueue.take(ScheduledThreadPoolExecutor.java:809)
        at java.util.concurrent.ThreadPoolExecutor.getTask(ThreadPoolExecutor.java:1074)
        at java.util.concurrent.ThreadPoolExecutor.runWorker(ThreadPoolExecutor.java:1134)
        at java.util.concurrent.ThreadPoolExecutor$Worker.run(ThreadPoolExecutor.java:624)
        at java.lang.Thread.run(Thread.java:750)
"Session-HouseKeeper-4f2b6aa5-1"  prio=5 tid=118 timed_waiting
java.lang.Thread.State: TIMED_WAITING
        at sun.misc.Unsafe.park(Native Method)
        at java.util.concurrent.locks.LockSupport.parkNanos(LockSupport.java:215)
        at java.util.concurrent.locks.AbstractQueuedSynchronizer$ConditionObject.awaitNanos(AbstractQueuedSynchronizer.java:2078)
        at java.util.concurrent.ScheduledThreadPoolExecutor$DelayedWorkQueue.take(ScheduledThreadPoolExecutor.java:1093)
        at java.util.concurrent.ScheduledThreadPoolExecutor$DelayedWorkQueue.take(ScheduledThreadPoolExecutor.java:809)
        at java.util.concurrent.ThreadPoolExecutor.getTask(ThreadPoolExecutor.java:1074)
        at java.util.concurrent.ThreadPoolExecutor.runWorker(ThreadPoolExecutor.java:1134)
        at java.util.concurrent.ThreadPoolExecutor$Worker.run(ThreadPoolExecutor.java:624)
        at java.lang.Thread.run(Thread.java:750)
"IPC Server listener on 0" daemon prio=5 tid=28 runnable
java.lang.Thread.State: RUNNABLE
        at sun.nio.ch.EPollArrayWrapper.epollWait(Native Method)
        at sun.nio.ch.EPollArrayWrapper.poll(EPollArrayWrapper.java:269)
        at sun.nio.ch.EPollSelectorImpl.doSelect(EPollSelectorImpl.java:93)
        at sun.nio.ch.SelectorImpl.lockAndDoSelect(SelectorImpl.java:86)
        at sun.nio.ch.SelectorImpl.select(SelectorImpl.java:97)
        at sun.nio.ch.SelectorImpl.select(SelectorImpl.java:101)
        at org.apache.hadoop.ipc.Server$Listener.run(Server.java:1358)
"c5f0e82b-af1b-4789-ae30-308dce149649@group-36DC58DA704C-FollowerState" daemon prio=5 tid=392 timed_waiting
java.lang.Thread.State: TIMED_WAITING
        at java.lang.Thread.sleep(Native Method)
        at java.lang.Thread.sleep(Thread.java:342)
        at java.util.concurrent.TimeUnit.sleep(TimeUnit.java:386)
        at org.apache.ratis.util.TimeDuration.sleep(TimeDuration.java:325)
        at org.apache.ratis.util.TimeDuration.sleep(TimeDuration.java:310)
        at org.apache.ratis.server.impl.FollowerState.run(FollowerState.java:128)
"pool-58-thread-1"  prio=5 tid=128 in Object.wait()
java.lang.Thread.State: WAITING (on object monitor)
        at sun.misc.Unsafe.park(Native Method)
        at java.util.concurrent.locks.LockSupport.park(LockSupport.java:175)
        at java.util.concurrent.locks.AbstractQueuedSynchronizer$ConditionObject.await(AbstractQueuedSynchronizer.java:2039)
        at java.util.concurrent.LinkedBlockingQueue.take(LinkedBlockingQueue.java:442)
        at java.util.concurrent.ThreadPoolExecutor.getTask(ThreadPoolExecutor.java:1074)
        at java.util.concurrent.ThreadPoolExecutor.runWorker(ThreadPoolExecutor.java:1134)
        at java.util.concurrent.ThreadPoolExecutor$Worker.run(ThreadPoolExecutor.java:624)
        at java.lang.Thread.run(Thread.java:750)
"DirectoryDeletingService#0" daemon prio=5 tid=143 timed_waiting
java.lang.Thread.State: TIMED_WAITING
        at sun.misc.Unsafe.park(Native Method)
        at java.util.concurrent.locks.LockSupport.parkNanos(LockSupport.java:215)
        at java.util.concurrent.locks.AbstractQueuedSynchronizer$ConditionObject.awaitNanos(AbstractQueuedSynchronizer.java:2078)
        at java.util.concurrent.ScheduledThreadPoolExecutor$DelayedWorkQueue.take(ScheduledThreadPoolExecutor.java:1093)
        at java.util.concurrent.ScheduledThreadPoolExecutor$DelayedWorkQueue.take(ScheduledThreadPoolExecutor.java:809)
        at java.util.concurrent.ThreadPoolExecutor.getTask(ThreadPoolExecutor.java:1074)
        at java.util.concurrent.ThreadPoolExecutor.runWorker(ThreadPoolExecutor.java:1134)
        at java.util.concurrent.ThreadPoolExecutor$Worker.run(ThreadPoolExecutor.java:624)
        at java.lang.Thread.run(Thread.java:750)
"timer1" daemon prio=5 tid=373 timed_waiting
java.lang.Thread.State: TIMED_WAITING
        at java.lang.Object.wait(Native Method)
        at java.util.TimerThread.mainLoop(Timer.java:552)
        at java.util.TimerThread.run(Timer.java:505)
"IPC Server handler 12 on default port 34121" daemon prio=5 tid=59 timed_waiting
java.lang.Thread.State: TIMED_WAITING
        at sun.misc.Unsafe.park(Native Method)
        at java.util.concurrent.locks.LockSupport.parkNanos(LockSupport.java:215)
        at java.util.concurrent.locks.AbstractQueuedSynchronizer$ConditionObject.awaitNanos(AbstractQueuedSynchronizer.java:2078)
        at java.util.concurrent.LinkedBlockingQueue.poll(LinkedBlockingQueue.java:467)
        at org.apache.hadoop.ipc.CallQueueManager.take(CallQueueManager.java:317)
        at org.apache.hadoop.ipc.Server$Handler.run(Server.java:2942)
"b7545b0c-a4b8-458e-a79e-332c552b3ba3@group-C04DF5843E0E-StateMachineUpdater" daemon prio=5 tid=326 timed_waiting
java.lang.Thread.State: TIMED_WAITING
        at sun.misc.Unsafe.park(Native Method)
        at java.util.concurrent.locks.LockSupport.parkNanos(LockSupport.java:215)
        at java.util.concurrent.locks.AbstractQueuedSynchronizer$ConditionObject.await(AbstractQueuedSynchronizer.java:2163)
        at org.apache.ratis.util.AwaitForSignal.await(AwaitForSignal.java:62)
        at org.apache.ratis.server.impl.StateMachineUpdater.waitForCommit(StateMachineUpdater.java:207)
        at org.apache.ratis.server.impl.StateMachineUpdater.run(StateMachineUpdater.java:176)
        at java.lang.Thread.run(Thread.java:750)
"ChunkWriter-1-0" daemon prio=5 tid=266 in Object.wait()
java.lang.Thread.State: WAITING (on object monitor)
        at sun.misc.Unsafe.park(Native Method)
        at java.util.concurrent.locks.LockSupport.park(LockSupport.java:175)
        at java.util.concurrent.locks.AbstractQueuedSynchronizer$ConditionObject.await(AbstractQueuedSynchronizer.java:2039)
        at java.util.concurrent.LinkedBlockingDeque.takeFirst(LinkedBlockingDeque.java:492)
        at java.util.concurrent.LinkedBlockingDeque.take(LinkedBlockingDeque.java:680)
        at java.util.concurrent.ThreadPoolExecutor.getTask(ThreadPoolExecutor.java:1074)
        at java.util.concurrent.ThreadPoolExecutor.runWorker(ThreadPoolExecutor.java:1134)
        at java.util.concurrent.ThreadPoolExecutor$Worker.run(ThreadPoolExecutor.java:624)
        at java.lang.Thread.run(Thread.java:750)
"qtp1741199183-220" daemon prio=5 tid=220 timed_waiting
java.lang.Thread.State: TIMED_WAITING
        at sun.misc.Unsafe.park(Native Method)
        at java.util.concurrent.locks.LockSupport.parkNanos(LockSupport.java:215)
        at java.util.concurrent.locks.AbstractQueuedSynchronizer$ConditionObject.awaitNanos(AbstractQueuedSynchronizer.java:2078)
        at org.eclipse.jetty.util.BlockingArrayQueue.poll(BlockingArrayQueue.java:382)
        at org.eclipse.jetty.util.thread.QueuedThreadPool$Runner.idleJobPoll(QueuedThreadPool.java:974)
        at org.eclipse.jetty.util.thread.QueuedThreadPool$Runner.run(QueuedThreadPool.java:1018)
        at java.lang.Thread.run(Thread.java:750)
"om1-client-thread1" daemon prio=5 tid=408 timed_waiting
java.lang.Thread.State: TIMED_WAITING
        at sun.misc.Unsafe.park(Native Method)
        at java.util.concurrent.locks.LockSupport.parkNanos(LockSupport.java:215)
        at java.util.concurrent.SynchronousQueue$TransferStack.awaitFulfill(SynchronousQueue.java:460)
        at java.util.concurrent.SynchronousQueue$TransferStack.transfer(SynchronousQueue.java:362)
        at java.util.concurrent.SynchronousQueue.poll(SynchronousQueue.java:941)
        at java.util.concurrent.ThreadPoolExecutor.getTask(ThreadPoolExecutor.java:1073)
        at java.util.concurrent.ThreadPoolExecutor.runWorker(ThreadPoolExecutor.java:1134)
        at java.util.concurrent.ThreadPoolExecutor$Worker.run(ThreadPoolExecutor.java:624)
        at java.lang.Thread.run(Thread.java:750)
"ChunkWriter-2-0" daemon prio=5 tid=291 in Object.wait()
java.lang.Thread.State: WAITING (on object monitor)
        at sun.misc.Unsafe.park(Native Method)
        at java.util.concurrent.locks.LockSupport.park(LockSupport.java:175)
        at java.util.concurrent.locks.AbstractQueuedSynchronizer$ConditionObject.await(AbstractQueuedSynchronizer.java:2039)
        at java.util.concurrent.LinkedBlockingDeque.takeFirst(LinkedBlockingDeque.java:492)
        at java.util.concurrent.LinkedBlockingDeque.take(LinkedBlockingDeque.java:680)
        at java.util.concurrent.ThreadPoolExecutor.getTask(ThreadPoolExecutor.java:1074)
        at java.util.concurrent.ThreadPoolExecutor.runWorker(ThreadPoolExecutor.java:1134)
        at java.util.concurrent.ThreadPoolExecutor$Worker.run(ThreadPoolExecutor.java:624)
        at java.lang.Thread.run(Thread.java:750)
"IPC Server handler 16 on default port 35747" daemon prio=5 tid=173 timed_waiting
java.lang.Thread.State: TIMED_WAITING
        at sun.misc.Unsafe.park(Native Method)
        at java.util.concurrent.locks.LockSupport.parkNanos(LockSupport.java:215)
        at java.util.concurrent.locks.AbstractQueuedSynchronizer$ConditionObject.awaitNanos(AbstractQueuedSynchronizer.java:2078)
        at java.util.concurrent.LinkedBlockingQueue.poll(LinkedBlockingQueue.java:467)
        at org.apache.hadoop.ipc.CallQueueManager.take(CallQueueManager.java:317)
        at org.apache.hadoop.ipc.Server$Handler.run(Server.java:2942)
"Reference Handler" daemon prio=10 tid=2 in Object.wait()
java.lang.Thread.State: WAITING (on object monitor)
        at java.lang.Object.wait(Native Method)
        at java.lang.Object.wait(Object.java:502)
        at java.lang.ref.Reference.tryHandlePending(Reference.java:191)
        at java.lang.ref.Reference$ReferenceHandler.run(Reference.java:153)
"IPC Server handler 0 on default port 37227" daemon prio=5 tid=87 timed_waiting
java.lang.Thread.State: TIMED_WAITING
        at sun.misc.Unsafe.park(Native Method)
        at java.util.concurrent.locks.LockSupport.parkNanos(LockSupport.java:215)
        at java.util.concurrent.locks.AbstractQueuedSynchronizer$ConditionObject.awaitNanos(AbstractQueuedSynchronizer.java:2078)
        at java.util.concurrent.LinkedBlockingQueue.poll(LinkedBlockingQueue.java:467)
        at org.apache.hadoop.ipc.CallQueueManager.take(CallQueueManager.java:317)
        at org.apache.hadoop.ipc.Server$Handler.run(Server.java:2942)
"FixedThreadPoolWithAffinityExecutor-7-0" daemon prio=5 tid=43 timed_waiting
java.lang.Thread.State: TIMED_WAITING
        at sun.misc.Unsafe.park(Native Method)
        at java.util.concurrent.locks.LockSupport.parkNanos(LockSupport.java:215)
        at java.util.concurrent.locks.AbstractQueuedSynchronizer$ConditionObject.awaitNanos(AbstractQueuedSynchronizer.java:2078)
        at java.util.concurrent.LinkedBlockingQueue.poll(LinkedBlockingQueue.java:467)
        at org.apache.hadoop.hdds.scm.server.ContainerReportQueue.poll(ContainerReportQueue.java:266)
        at org.apache.hadoop.hdds.scm.server.ContainerReportQueue.poll(ContainerReportQueue.java:42)
        at org.apache.hadoop.hdds.server.events.FixedThreadPoolWithAffinityExecutor$ContainerReportProcessTask.run(FixedThreadPoolWithAffinityExecutor.java:247)
        at java.util.concurrent.Executors$RunnableAdapter.call(Executors.java:511)
        at java.util.concurrent.FutureTask.run(FutureTask.java:266)
        at java.util.concurrent.ThreadPoolExecutor.runWorker(ThreadPoolExecutor.java:1149)
        at java.util.concurrent.ThreadPoolExecutor$Worker.run(ThreadPoolExecutor.java:624)
        at java.lang.Thread.run(Thread.java:750)
"Session-HouseKeeper-3a0657b-1"  prio=5 tid=225 timed_waiting
java.lang.Thread.State: TIMED_WAITING
        at sun.misc.Unsafe.park(Native Method)
        at java.util.concurrent.locks.LockSupport.parkNanos(LockSupport.java:215)
        at java.util.concurrent.locks.AbstractQueuedSynchronizer$ConditionObject.awaitNanos(AbstractQueuedSynchronizer.java:2078)
        at java.util.concurrent.ScheduledThreadPoolExecutor$DelayedWorkQueue.take(ScheduledThreadPoolExecutor.java:1093)
        at java.util.concurrent.ScheduledThreadPoolExecutor$DelayedWorkQueue.take(ScheduledThreadPoolExecutor.java:809)
        at java.util.concurrent.ThreadPoolExecutor.getTask(ThreadPoolExecutor.java:1074)
        at java.util.concurrent.ThreadPoolExecutor.runWorker(ThreadPoolExecutor.java:1134)
        at java.util.concurrent.ThreadPoolExecutor$Worker.run(ThreadPoolExecutor.java:624)
        at java.lang.Thread.run(Thread.java:750)
"qtp287628152-245-acceptor-0@2abb8456-ServerConnector@4c3966d4{HTTP/1.1, (http/1.1)}{0.0.0.0:34359}" daemon prio=3 tid=245 runnable
java.lang.Thread.State: RUNNABLE
        at sun.nio.ch.ServerSocketChannelImpl.accept0(Native Method)
        at sun.nio.ch.ServerSocketChannelImpl.accept(ServerSocketChannelImpl.java:421)
        at sun.nio.ch.ServerSocketChannelImpl.accept(ServerSocketChannelImpl.java:249)
        at org.eclipse.jetty.server.ServerConnector.accept(ServerConnector.java:388)
        at org.eclipse.jetty.server.AbstractConnector$Acceptor.run(AbstractConnector.java:704)
        at org.eclipse.jetty.util.thread.QueuedThreadPool.runJob(QueuedThreadPool.java:883)
        at org.eclipse.jetty.util.thread.QueuedThreadPool$Runner.run(QueuedThreadPool.java:1034)
        at java.lang.Thread.run(Thread.java:750)
"b7545b0c-a4b8-458e-a79e-332c552b3ba3@group-4893EADF288C-SegmentedRaftLogWorker"  prio=5 tid=343 timed_waiting
java.lang.Thread.State: TIMED_WAITING
        at sun.misc.Unsafe.park(Native Method)
        at java.util.concurrent.locks.LockSupport.parkNanos(LockSupport.java:215)
        at java.util.concurrent.locks.AbstractQueuedSynchronizer$ConditionObject.awaitNanos(AbstractQueuedSynchronizer.java:2078)
        at org.apache.ratis.util.DataBlockingQueue.poll(DataBlockingQueue.java:148)
        at org.apache.ratis.server.raftlog.segmented.SegmentedRaftLogWorker.run(SegmentedRaftLogWorker.java:312)
        at org.apache.ratis.server.raftlog.segmented.SegmentedRaftLogWorker$$Lambda$635/7565803.run(Unknown Source)
        at java.lang.Thread.run(Thread.java:750)
"c5f0e82b-af1b-4789-ae30-308dce149649-impl-thread1" daemon prio=5 tid=185 timed_waiting
java.lang.Thread.State: TIMED_WAITING
        at sun.misc.Unsafe.park(Native Method)
        at java.util.concurrent.locks.LockSupport.parkNanos(LockSupport.java:215)
        at java.util.concurrent.SynchronousQueue$TransferStack.awaitFulfill(SynchronousQueue.java:460)
        at java.util.concurrent.SynchronousQueue$TransferStack.transfer(SynchronousQueue.java:362)
        at java.util.concurrent.SynchronousQueue.poll(SynchronousQueue.java:941)
        at java.util.concurrent.ThreadPoolExecutor.getTask(ThreadPoolExecutor.java:1073)
        at java.util.concurrent.ThreadPoolExecutor.runWorker(ThreadPoolExecutor.java:1134)
        at java.util.concurrent.ThreadPoolExecutor$Worker.run(ThreadPoolExecutor.java:624)
        at java.lang.Thread.run(Thread.java:750)
"ChunkWriter-0-0" daemon prio=5 tid=277 in Object.wait()
java.lang.Thread.State: WAITING (on object monitor)
        at sun.misc.Unsafe.park(Native Method)
        at java.util.concurrent.locks.LockSupport.park(LockSupport.java:175)
        at java.util.concurrent.locks.AbstractQueuedSynchronizer$ConditionObject.await(AbstractQueuedSynchronizer.java:2039)
        at java.util.concurrent.LinkedBlockingDeque.takeFirst(LinkedBlockingDeque.java:492)
        at java.util.concurrent.LinkedBlockingDeque.take(LinkedBlockingDeque.java:680)
        at java.util.concurrent.ThreadPoolExecutor.getTask(ThreadPoolExecutor.java:1074)
        at java.util.concurrent.ThreadPoolExecutor.runWorker(ThreadPoolExecutor.java:1134)
        at java.util.concurrent.ThreadPoolExecutor$Worker.run(ThreadPoolExecutor.java:624)
        at java.lang.Thread.run(Thread.java:750)
"Datanode ReportManager Thread - 2" daemon prio=5 tid=229 in Object.wait()
java.lang.Thread.State: WAITING (on object monitor)
        at sun.misc.Unsafe.park(Native Method)
        at java.util.concurrent.locks.LockSupport.park(LockSupport.java:175)
        at java.util.concurrent.locks.AbstractQueuedSynchronizer$ConditionObject.await(AbstractQueuedSynchronizer.java:2039)
        at java.util.concurrent.ScheduledThreadPoolExecutor$DelayedWorkQueue.take(ScheduledThreadPoolExecutor.java:1088)
        at java.util.concurrent.ScheduledThreadPoolExecutor$DelayedWorkQueue.take(ScheduledThreadPoolExecutor.java:809)
        at java.util.concurrent.ThreadPoolExecutor.getTask(ThreadPoolExecutor.java:1074)
        at java.util.concurrent.ThreadPoolExecutor.runWorker(ThreadPoolExecutor.java:1134)
        at java.util.concurrent.ThreadPoolExecutor$Worker.run(ThreadPoolExecutor.java:624)
        at java.lang.Thread.run(Thread.java:750)
"IPC Server handler 16 on default port 37227" daemon prio=5 tid=103 timed_waiting
java.lang.Thread.State: TIMED_WAITING
        at sun.misc.Unsafe.park(Native Method)
        at java.util.concurrent.locks.LockSupport.parkNanos(LockSupport.java:215)
        at java.util.concurrent.locks.AbstractQueuedSynchronizer$ConditionObject.awaitNanos(AbstractQueuedSynchronizer.java:2078)
        at java.util.concurrent.LinkedBlockingQueue.poll(LinkedBlockingQueue.java:467)
        at org.apache.hadoop.ipc.CallQueueManager.take(CallQueueManager.java:317)
        at org.apache.hadoop.ipc.Server$Handler.run(Server.java:2942)
"IPC Server handler 5 on default port 37227" daemon prio=5 tid=92 timed_waiting
java.lang.Thread.State: TIMED_WAITING
        at sun.misc.Unsafe.park(Native Method)
        at java.util.concurrent.locks.LockSupport.parkNanos(LockSupport.java:215)
        at java.util.concurrent.locks.AbstractQueuedSynchronizer$ConditionObject.awaitNanos(AbstractQueuedSynchronizer.java:2078)
        at java.util.concurrent.LinkedBlockingQueue.poll(LinkedBlockingQueue.java:467)
        at org.apache.hadoop.ipc.CallQueueManager.take(CallQueueManager.java:317)
        at org.apache.hadoop.ipc.Server$Handler.run(Server.java:2942)
"Socket Reader #1 for port 0" daemon prio=5 tid=33 runnable
java.lang.Thread.State: RUNNABLE
        at sun.nio.ch.EPollArrayWrapper.epollWait(Native Method)
        at sun.nio.ch.EPollArrayWrapper.poll(EPollArrayWrapper.java:269)
        at sun.nio.ch.EPollSelectorImpl.doSelect(EPollSelectorImpl.java:93)
        at sun.nio.ch.SelectorImpl.lockAndDoSelect(SelectorImpl.java:86)
        at sun.nio.ch.SelectorImpl.select(SelectorImpl.java:97)
        at sun.nio.ch.SelectorImpl.select(SelectorImpl.java:101)
        at org.apache.hadoop.ipc.Server$Listener$Reader.doRunLoop(Server.java:1296)
        at org.apache.hadoop.ipc.Server$Listener$Reader.run(Server.java:1275)
"ChunkWriter-0-0" daemon prio=5 tid=289 in Object.wait()
java.lang.Thread.State: WAITING (on object monitor)
        at sun.misc.Unsafe.park(Native Method)
        at java.util.concurrent.locks.LockSupport.park(LockSupport.java:175)
        at java.util.concurrent.locks.AbstractQueuedSynchronizer$ConditionObject.await(AbstractQueuedSynchronizer.java:2039)
        at java.util.concurrent.LinkedBlockingDeque.takeFirst(LinkedBlockingDeque.java:492)
        at java.util.concurrent.LinkedBlockingDeque.take(LinkedBlockingDeque.java:680)
        at java.util.concurrent.ThreadPoolExecutor.getTask(ThreadPoolExecutor.java:1074)
        at java.util.concurrent.ThreadPoolExecutor.runWorker(ThreadPoolExecutor.java:1134)
        at java.util.concurrent.ThreadPoolExecutor$Worker.run(ThreadPoolExecutor.java:624)
        at java.lang.Thread.run(Thread.java:750)
"IPC Server handler 5 on default port 34121" daemon prio=5 tid=52 timed_waiting
java.lang.Thread.State: TIMED_WAITING
        at sun.misc.Unsafe.park(Native Method)
        at java.util.concurrent.locks.LockSupport.parkNanos(LockSupport.java:215)
        at java.util.concurrent.locks.AbstractQueuedSynchronizer$ConditionObject.awaitNanos(AbstractQueuedSynchronizer.java:2078)
        at java.util.concurrent.LinkedBlockingQueue.poll(LinkedBlockingQueue.java:467)
        at org.apache.hadoop.ipc.CallQueueManager.take(CallQueueManager.java:317)
        at org.apache.hadoop.ipc.Server$Handler.run(Server.java:2942)
"IPC Server handler 1 on default port 35747" daemon prio=5 tid=158 timed_waiting
java.lang.Thread.State: TIMED_WAITING
        at sun.misc.Unsafe.park(Native Method)
        at java.util.concurrent.locks.LockSupport.parkNanos(LockSupport.java:215)
        at java.util.concurrent.locks.AbstractQueuedSynchronizer$ConditionObject.awaitNanos(AbstractQueuedSynchronizer.java:2078)
        at java.util.concurrent.LinkedBlockingQueue.poll(LinkedBlockingQueue.java:467)
        at org.apache.hadoop.ipc.CallQueueManager.take(CallQueueManager.java:317)
        at org.apache.hadoop.ipc.Server$Handler.run(Server.java:2942)
"qtp937092109-195" daemon prio=5 tid=195 timed_waiting
java.lang.Thread.State: TIMED_WAITING
        at sun.misc.Unsafe.park(Native Method)
        at java.util.concurrent.locks.LockSupport.parkNanos(LockSupport.java:215)
        at java.util.concurrent.locks.AbstractQueuedSynchronizer$ConditionObject.awaitNanos(AbstractQueuedSynchronizer.java:2078)
        at org.eclipse.jetty.util.BlockingArrayQueue.poll(BlockingArrayQueue.java:382)
        at org.eclipse.jetty.util.thread.QueuedThreadPool$Runner.idleJobPoll(QueuedThreadPool.java:974)
        at org.eclipse.jetty.util.thread.QueuedThreadPool$Runner.run(QueuedThreadPool.java:1018)
        at java.lang.Thread.run(Thread.java:750)
"Timer-0" daemon prio=5 tid=141 timed_waiting
java.lang.Thread.State: TIMED_WAITING
        at java.lang.Object.wait(Native Method)
        at java.util.TimerThread.mainLoop(Timer.java:552)
        at java.util.TimerThread.run(Timer.java:505)
"IPC Server handler 17 on default port 33237" daemon prio=5 tid=84 timed_waiting
java.lang.Thread.State: TIMED_WAITING
        at sun.misc.Unsafe.park(Native Method)
        at java.util.concurrent.locks.LockSupport.parkNanos(LockSupport.java:215)
        at java.util.concurrent.locks.AbstractQueuedSynchronizer$ConditionObject.awaitNanos(AbstractQueuedSynchronizer.java:2078)
        at java.util.concurrent.LinkedBlockingQueue.poll(LinkedBlockingQueue.java:467)
        at org.apache.hadoop.ipc.CallQueueManager.take(CallQueueManager.java:317)
        at org.apache.hadoop.ipc.Server$Handler.run(Server.java:2942)
"FixedThreadPoolWithAffinityExecutor-9-0" daemon prio=5 tid=45 timed_waiting
java.lang.Thread.State: TIMED_WAITING
        at sun.misc.Unsafe.park(Native Method)
        at java.util.concurrent.locks.LockSupport.parkNanos(LockSupport.java:215)
        at java.util.concurrent.locks.AbstractQueuedSynchronizer$ConditionObject.awaitNanos(AbstractQueuedSynchronizer.java:2078)
        at java.util.concurrent.LinkedBlockingQueue.poll(LinkedBlockingQueue.java:467)
        at org.apache.hadoop.hdds.scm.server.ContainerReportQueue.poll(ContainerReportQueue.java:266)
        at org.apache.hadoop.hdds.scm.server.ContainerReportQueue.poll(ContainerReportQueue.java:42)
        at org.apache.hadoop.hdds.server.events.FixedThreadPoolWithAffinityExecutor$ContainerReportProcessTask.run(FixedThreadPoolWithAffinityExecutor.java:247)
        at java.util.concurrent.Executors$RunnableAdapter.call(Executors.java:511)
        at java.util.concurrent.FutureTask.run(FutureTask.java:266)
        at java.util.concurrent.ThreadPoolExecutor.runWorker(ThreadPoolExecutor.java:1149)
        at java.util.concurrent.ThreadPoolExecutor$Worker.run(ThreadPoolExecutor.java:624)
        at java.lang.Thread.run(Thread.java:750)
"Datanode ReportManager Thread - 0" daemon prio=5 tid=227 in Object.wait()
java.lang.Thread.State: WAITING (on object monitor)
        at sun.misc.Unsafe.park(Native Method)
        at java.util.concurrent.locks.LockSupport.park(LockSupport.java:175)
        at java.util.concurrent.locks.AbstractQueuedSynchronizer$ConditionObject.await(AbstractQueuedSynchronizer.java:2039)
        at java.util.concurrent.ScheduledThreadPoolExecutor$DelayedWorkQueue.take(ScheduledThreadPoolExecutor.java:1088)
        at java.util.concurrent.ScheduledThreadPoolExecutor$DelayedWorkQueue.take(ScheduledThreadPoolExecutor.java:809)
        at java.util.concurrent.ThreadPoolExecutor.getTask(ThreadPoolExecutor.java:1074)
        at java.util.concurrent.ThreadPoolExecutor.runWorker(ThreadPoolExecutor.java:1134)
        at java.util.concurrent.ThreadPoolExecutor$Worker.run(ThreadPoolExecutor.java:624)
        at java.lang.Thread.run(Thread.java:750)
"ChunkWriter-3-0" daemon prio=5 tid=268 in Object.wait()
java.lang.Thread.State: WAITING (on object monitor)
        at sun.misc.Unsafe.park(Native Method)
        at java.util.concurrent.locks.LockSupport.park(LockSupport.java:175)
        at java.util.concurrent.locks.AbstractQueuedSynchronizer$ConditionObject.await(AbstractQueuedSynchronizer.java:2039)
        at java.util.concurrent.LinkedBlockingDeque.takeFirst(LinkedBlockingDeque.java:492)
        at java.util.concurrent.LinkedBlockingDeque.take(LinkedBlockingDeque.java:680)
        at java.util.concurrent.ThreadPoolExecutor.getTask(ThreadPoolExecutor.java:1074)
        at java.util.concurrent.ThreadPoolExecutor.runWorker(ThreadPoolExecutor.java:1134)
        at java.util.concurrent.ThreadPoolExecutor$Worker.run(ThreadPoolExecutor.java:624)
        at java.lang.Thread.run(Thread.java:750)
"IPC Server handler 11 on default port 35747" daemon prio=5 tid=168 timed_waiting
java.lang.Thread.State: TIMED_WAITING
        at sun.misc.Unsafe.park(Native Method)
        at java.util.concurrent.locks.LockSupport.parkNanos(LockSupport.java:215)
        at java.util.concurrent.locks.AbstractQueuedSynchronizer$ConditionObject.awaitNanos(AbstractQueuedSynchronizer.java:2078)
        at java.util.concurrent.LinkedBlockingQueue.poll(LinkedBlockingQueue.java:467)
        at org.apache.hadoop.ipc.CallQueueManager.take(CallQueueManager.java:317)
        at org.apache.hadoop.ipc.Server$Handler.run(Server.java:2942)
"IPC Server handler 0 on default port 34121" daemon prio=5 tid=47 timed_waiting
java.lang.Thread.State: TIMED_WAITING
        at sun.misc.Unsafe.park(Native Method)
        at java.util.concurrent.locks.LockSupport.parkNanos(LockSupport.java:215)
        at java.util.concurrent.locks.AbstractQueuedSynchronizer$ConditionObject.awaitNanos(AbstractQueuedSynchronizer.java:2078)
        at java.util.concurrent.LinkedBlockingQueue.poll(LinkedBlockingQueue.java:467)
        at org.apache.hadoop.ipc.CallQueueManager.take(CallQueueManager.java:317)
        at org.apache.hadoop.ipc.Server$Handler.run(Server.java:2942)
"Command processor thread" daemon prio=5 tid=259 timed_waiting
java.lang.Thread.State: TIMED_WAITING
        at java.lang.Thread.sleep(Native Method)
        at org.apache.hadoop.ozone.container.common.statemachine.DatanodeStateMachine.lambda$initCommandHandlerThread$3(DatanodeStateMachine.java:649)
        at org.apache.hadoop.ozone.container.common.statemachine.DatanodeStateMachine$$Lambda$749/1425630047.run(Unknown Source)
        at java.lang.Thread.run(Thread.java:750)
"FixedThreadPoolWithAffinityExecutor-5-0" daemon prio=5 tid=41 timed_waiting
java.lang.Thread.State: TIMED_WAITING
        at sun.misc.Unsafe.park(Native Method)
        at java.util.concurrent.locks.LockSupport.parkNanos(LockSupport.java:215)
        at java.util.concurrent.locks.AbstractQueuedSynchronizer$ConditionObject.awaitNanos(AbstractQueuedSynchronizer.java:2078)
        at java.util.concurrent.LinkedBlockingQueue.poll(LinkedBlockingQueue.java:467)
        at org.apache.hadoop.hdds.scm.server.ContainerReportQueue.poll(ContainerReportQueue.java:266)
        at org.apache.hadoop.hdds.scm.server.ContainerReportQueue.poll(ContainerReportQueue.java:42)
        at org.apache.hadoop.hdds.server.events.FixedThreadPoolWithAffinityExecutor$ContainerReportProcessTask.run(FixedThreadPoolWithAffinityExecutor.java:247)
        at java.util.concurrent.Executors$RunnableAdapter.call(Executors.java:511)
        at java.util.concurrent.FutureTask.run(FutureTask.java:266)
        at java.util.concurrent.ThreadPoolExecutor.runWorker(ThreadPoolExecutor.java:1149)
        at java.util.concurrent.ThreadPoolExecutor$Worker.run(ThreadPoolExecutor.java:624)
        at java.lang.Thread.run(Thread.java:750)
"IPC Server handler 16 on default port 33237" daemon prio=5 tid=83 timed_waiting
java.lang.Thread.State: TIMED_WAITING
        at sun.misc.Unsafe.park(Native Method)
        at java.util.concurrent.locks.LockSupport.parkNanos(LockSupport.java:215)
        at java.util.concurrent.locks.AbstractQueuedSynchronizer$ConditionObject.awaitNanos(AbstractQueuedSynchronizer.java:2078)
        at java.util.concurrent.LinkedBlockingQueue.poll(LinkedBlockingQueue.java:467)
        at org.apache.hadoop.ipc.CallQueueManager.take(CallQueueManager.java:317)
        at org.apache.hadoop.ipc.Server$Handler.run(Server.java:2942)
"FullTableCache Cleanup Thread - 0" daemon prio=5 tid=410 in Object.wait()
java.lang.Thread.State: WAITING (on object monitor)
        at sun.misc.Unsafe.park(Native Method)
        at java.util.concurrent.locks.LockSupport.park(LockSupport.java:175)
        at java.util.concurrent.locks.AbstractQueuedSynchronizer$ConditionObject.await(AbstractQueuedSynchronizer.java:2039)
        at java.util.concurrent.LinkedBlockingQueue.take(LinkedBlockingQueue.java:442)
        at java.util.concurrent.ThreadPoolExecutor.getTask(ThreadPoolExecutor.java:1074)
        at java.util.concurrent.ThreadPoolExecutor.runWorker(ThreadPoolExecutor.java:1134)
        at java.util.concurrent.ThreadPoolExecutor$Worker.run(ThreadPoolExecutor.java:624)
        at java.lang.Thread.run(Thread.java:750)
"IPC Server handler 19 on default port 35747" daemon prio=5 tid=176 timed_waiting
java.lang.Thread.State: TIMED_WAITING
        at sun.misc.Unsafe.park(Native Method)
        at java.util.concurrent.locks.LockSupport.parkNanos(LockSupport.java:215)
        at java.util.concurrent.locks.AbstractQueuedSynchronizer$ConditionObject.awaitNanos(AbstractQueuedSynchronizer.java:2078)
        at java.util.concurrent.LinkedBlockingQueue.poll(LinkedBlockingQueue.java:467)
        at org.apache.hadoop.ipc.CallQueueManager.take(CallQueueManager.java:317)
        at org.apache.hadoop.ipc.Server$Handler.run(Server.java:2942)
"e24e525b-11e0-482b-97ed-e0be4d88ae43-server-thread3" daemon prio=5 tid=388 timed_waiting
java.lang.Thread.State: TIMED_WAITING
        at sun.misc.Unsafe.park(Native Method)
        at java.util.concurrent.locks.LockSupport.parkNanos(LockSupport.java:215)
        at java.util.concurrent.SynchronousQueue$TransferStack.awaitFulfill(SynchronousQueue.java:460)
        at java.util.concurrent.SynchronousQueue$TransferStack.transfer(SynchronousQueue.java:362)
        at java.util.concurrent.SynchronousQueue.poll(SynchronousQueue.java:941)
        at java.util.concurrent.ThreadPoolExecutor.getTask(ThreadPoolExecutor.java:1073)
        at java.util.concurrent.ThreadPoolExecutor.runWorker(ThreadPoolExecutor.java:1134)
        at java.util.concurrent.ThreadPoolExecutor$Worker.run(ThreadPoolExecutor.java:624)
        at java.lang.Thread.run(Thread.java:750)
"IPC Server handler 18 on default port 33237" daemon prio=5 tid=85 timed_waiting
java.lang.Thread.State: TIMED_WAITING
        at sun.misc.Unsafe.park(Native Method)
        at java.util.concurrent.locks.LockSupport.parkNanos(LockSupport.java:215)
        at java.util.concurrent.locks.AbstractQueuedSynchronizer$ConditionObject.awaitNanos(AbstractQueuedSynchronizer.java:2078)
        at java.util.concurrent.LinkedBlockingQueue.poll(LinkedBlockingQueue.java:467)
        at org.apache.hadoop.ipc.CallQueueManager.take(CallQueueManager.java:317)
        at org.apache.hadoop.ipc.Server$Handler.run(Server.java:2942)
"IPC Server handler 1 on default port 33237" daemon prio=5 tid=68 timed_waiting
java.lang.Thread.State: TIMED_WAITING
        at sun.misc.Unsafe.park(Native Method)
        at java.util.concurrent.locks.LockSupport.parkNanos(LockSupport.java:215)
        at java.util.concurrent.locks.AbstractQueuedSynchronizer$ConditionObject.awaitNanos(AbstractQueuedSynchronizer.java:2078)
        at java.util.concurrent.LinkedBlockingQueue.poll(LinkedBlockingQueue.java:467)
        at org.apache.hadoop.ipc.CallQueueManager.take(CallQueueManager.java:317)
        at org.apache.hadoop.ipc.Server$Handler.run(Server.java:2942)
"PartialTableCache Cleanup Thread - 0" daemon prio=5 tid=414 in Object.wait()
java.lang.Thread.State: WAITING (on object monitor)
        at sun.misc.Unsafe.park(Native Method)
        at java.util.concurrent.locks.LockSupport.park(LockSupport.java:175)
        at java.util.concurrent.locks.AbstractQueuedSynchronizer$ConditionObject.await(AbstractQueuedSynchronizer.java:2039)
        at java.util.concurrent.LinkedBlockingQueue.take(LinkedBlockingQueue.java:442)
        at java.util.concurrent.ThreadPoolExecutor.getTask(ThreadPoolExecutor.java:1074)
        at java.util.concurrent.ThreadPoolExecutor.runWorker(ThreadPoolExecutor.java:1134)
        at java.util.concurrent.ThreadPoolExecutor$Worker.run(ThreadPoolExecutor.java:624)
        at java.lang.Thread.run(Thread.java:750)
"b7545b0c-a4b8-458e-a79e-332c552b3ba3-NettyServerStreamRpc-bossGroup--thread1" daemon prio=5 tid=240 runnable
java.lang.Thread.State: RUNNABLE
        at sun.nio.ch.EPollArrayWrapper.epollWait(Native Method)
        at sun.nio.ch.EPollArrayWrapper.poll(EPollArrayWrapper.java:269)
        at sun.nio.ch.EPollSelectorImpl.doSelect(EPollSelectorImpl.java:93)
        at sun.nio.ch.SelectorImpl.lockAndDoSelect(SelectorImpl.java:86)
        at sun.nio.ch.SelectorImpl.select(SelectorImpl.java:97)
        at sun.nio.ch.SelectorImpl.select(SelectorImpl.java:101)
        at org.apache.ratis.thirdparty.io.netty.channel.nio.SelectedSelectionKeySetSelector.select(SelectedSelectionKeySetSelector.java:68)
        at org.apache.ratis.thirdparty.io.netty.channel.nio.NioEventLoop.select(NioEventLoop.java:813)
        at org.apache.ratis.thirdparty.io.netty.channel.nio.NioEventLoop.run(NioEventLoop.java:460)
        at org.apache.ratis.thirdparty.io.netty.util.concurrent.SingleThreadEventExecutor$4.run(SingleThreadEventExecutor.java:995)
        at org.apache.ratis.thirdparty.io.netty.util.internal.ThreadExecutorMap$2.run(ThreadExecutorMap.java:74)
        at java.lang.Thread.run(Thread.java:750)
"DataNode DiskChecker thread 0" daemon prio=5 tid=208 timed_waiting
java.lang.Thread.State: TIMED_WAITING
        at sun.misc.Unsafe.park(Native Method)
        at java.util.concurrent.locks.LockSupport.parkNanos(LockSupport.java:215)
        at java.util.concurrent.SynchronousQueue$TransferStack.awaitFulfill(SynchronousQueue.java:460)
        at java.util.concurrent.SynchronousQueue$TransferStack.transfer(SynchronousQueue.java:362)
        at java.util.concurrent.SynchronousQueue.poll(SynchronousQueue.java:941)
        at java.util.concurrent.ThreadPoolExecutor.getTask(ThreadPoolExecutor.java:1073)
        at java.util.concurrent.ThreadPoolExecutor.runWorker(ThreadPoolExecutor.java:1134)
        at java.util.concurrent.ThreadPoolExecutor$Worker.run(ThreadPoolExecutor.java:624)
        at java.lang.Thread.run(Thread.java:750)
"SstFilteringService#0" daemon prio=5 tid=145 timed_waiting
java.lang.Thread.State: TIMED_WAITING
        at sun.misc.Unsafe.park(Native Method)
        at java.util.concurrent.locks.LockSupport.parkNanos(LockSupport.java:215)
        at java.util.concurrent.locks.AbstractQueuedSynchronizer$ConditionObject.awaitNanos(AbstractQueuedSynchronizer.java:2078)
        at java.util.concurrent.ScheduledThreadPoolExecutor$DelayedWorkQueue.take(ScheduledThreadPoolExecutor.java:1093)
        at java.util.concurrent.ScheduledThreadPoolExecutor$DelayedWorkQueue.take(ScheduledThreadPoolExecutor.java:809)
        at java.util.concurrent.ThreadPoolExecutor.getTask(ThreadPoolExecutor.java:1074)
        at java.util.concurrent.ThreadPoolExecutor.runWorker(ThreadPoolExecutor.java:1134)
        at java.util.concurrent.ThreadPoolExecutor$Worker.run(ThreadPoolExecutor.java:624)
        at java.lang.Thread.run(Thread.java:750)
"pool-30-thread-1"  prio=5 tid=109 timed_waiting
java.lang.Thread.State: TIMED_WAITING
        at sun.misc.Unsafe.park(Native Method)
        at java.util.concurrent.locks.LockSupport.parkNanos(LockSupport.java:215)
        at java.util.concurrent.locks.AbstractQueuedSynchronizer$ConditionObject.awaitNanos(AbstractQueuedSynchronizer.java:2078)
        at java.util.concurrent.ScheduledThreadPoolExecutor$DelayedWorkQueue.take(ScheduledThreadPoolExecutor.java:1093)
        at java.util.concurrent.ScheduledThreadPoolExecutor$DelayedWorkQueue.take(ScheduledThreadPoolExecutor.java:809)
        at java.util.concurrent.ThreadPoolExecutor.getTask(ThreadPoolExecutor.java:1074)
        at java.util.concurrent.ThreadPoolExecutor.runWorker(ThreadPoolExecutor.java:1134)
        at java.util.concurrent.ThreadPoolExecutor$Worker.run(ThreadPoolExecutor.java:624)
        at java.lang.Thread.run(Thread.java:750)
"EndpointStateMachine task thread for /0.0.0.0:37227 - 0 "  prio=5 tid=263 in Object.wait()
java.lang.Thread.State: WAITING (on object monitor)
        at sun.misc.Unsafe.park(Native Method)
        at java.util.concurrent.locks.LockSupport.park(LockSupport.java:175)
        at java.util.concurrent.locks.AbstractQueuedSynchronizer$ConditionObject.await(AbstractQueuedSynchronizer.java:2039)
        at java.util.concurrent.LinkedBlockingQueue.take(LinkedBlockingQueue.java:442)
        at java.util.concurrent.ThreadPoolExecutor.getTask(ThreadPoolExecutor.java:1074)
        at java.util.concurrent.ThreadPoolExecutor.runWorker(ThreadPoolExecutor.java:1134)
        at java.util.concurrent.ThreadPoolExecutor$Worker.run(ThreadPoolExecutor.java:624)
        at java.lang.Thread.run(Thread.java:750)
"IPC Server handler 3 on default port 37227" daemon prio=5 tid=90 timed_waiting
java.lang.Thread.State: TIMED_WAITING
        at sun.misc.Unsafe.park(Native Method)
        at java.util.concurrent.locks.LockSupport.parkNanos(LockSupport.java:215)
        at java.util.concurrent.locks.AbstractQueuedSynchronizer$ConditionObject.awaitNanos(AbstractQueuedSynchronizer.java:2078)
        at java.util.concurrent.LinkedBlockingQueue.poll(LinkedBlockingQueue.java:467)
        at org.apache.hadoop.ipc.CallQueueManager.take(CallQueueManager.java:317)
        at org.apache.hadoop.ipc.Server$Handler.run(Server.java:2942)
"ContainerOp-112736f0-bd29-43e0-ad49-80fdc6f049cf-1"  prio=5 tid=435 in Object.wait()
java.lang.Thread.State: WAITING (on object monitor)
        at sun.misc.Unsafe.park(Native Method)
        at java.util.concurrent.locks.LockSupport.park(LockSupport.java:175)
        at java.util.concurrent.locks.AbstractQueuedSynchronizer$ConditionObject.await(AbstractQueuedSynchronizer.java:2039)
        at java.util.concurrent.LinkedBlockingQueue.take(LinkedBlockingQueue.java:442)
        at java.util.concurrent.ThreadPoolExecutor.getTask(ThreadPoolExecutor.java:1074)
        at java.util.concurrent.ThreadPoolExecutor.runWorker(ThreadPoolExecutor.java:1134)
        at java.util.concurrent.ThreadPoolExecutor$Worker.run(ThreadPoolExecutor.java:624)
        at java.lang.Thread.run(Thread.java:750)
"IPC Server handler 9 on default port 35747" daemon prio=5 tid=166 timed_waiting
java.lang.Thread.State: TIMED_WAITING
        at sun.misc.Unsafe.park(Native Method)
        at java.util.concurrent.locks.LockSupport.parkNanos(LockSupport.java:215)
        at java.util.concurrent.locks.AbstractQueuedSynchronizer$ConditionObject.awaitNanos(AbstractQueuedSynchronizer.java:2078)
        at java.util.concurrent.LinkedBlockingQueue.poll(LinkedBlockingQueue.java:467)
        at org.apache.hadoop.ipc.CallQueueManager.take(CallQueueManager.java:317)
        at org.apache.hadoop.ipc.Server$Handler.run(Server.java:2942)
"qtp287628152-251" daemon prio=5 tid=251 timed_waiting
java.lang.Thread.State: TIMED_WAITING
        at sun.misc.Unsafe.park(Native Method)
        at java.util.concurrent.locks.LockSupport.parkNanos(LockSupport.java:215)
        at java.util.concurrent.locks.AbstractQueuedSynchronizer$ConditionObject.awaitNanos(AbstractQueuedSynchronizer.java:2078)
        at org.eclipse.jetty.util.BlockingArrayQueue.poll(BlockingArrayQueue.java:382)
        at org.eclipse.jetty.util.thread.QueuedThreadPool$Runner.idleJobPoll(QueuedThreadPool.java:974)
        at org.eclipse.jetty.util.thread.QueuedThreadPool$Runner.run(QueuedThreadPool.java:1018)
        at java.lang.Thread.run(Thread.java:750)
"org.apache.hadoop.ozone.container.common.statemachine.commandhandler.DeleteBlocksCommandHandler$DeleteCmdWorker@1932cc83" daemon prio=5 tid=215 timed_waiting
java.lang.Thread.State: TIMED_WAITING
        at java.lang.Thread.sleep(Native Method)
        at org.apache.hadoop.ozone.container.common.statemachine.commandhandler.DeleteBlocksCommandHandler$DeleteCmdWorker.run(DeleteBlocksCommandHandler.java:184)
        at java.lang.Thread.run(Thread.java:750)
"e24e525b-11e0-482b-97ed-e0be4d88ae43@group-C04DF5843E0E-StateMachineUpdater" daemon prio=5 tid=329 timed_waiting
java.lang.Thread.State: TIMED_WAITING
        at sun.misc.Unsafe.park(Native Method)
        at java.util.concurrent.locks.LockSupport.parkNanos(LockSupport.java:215)
        at java.util.concurrent.locks.AbstractQueuedSynchronizer$ConditionObject.await(AbstractQueuedSynchronizer.java:2163)
        at org.apache.ratis.util.AwaitForSignal.await(AwaitForSignal.java:62)
        at org.apache.ratis.server.impl.StateMachineUpdater.waitForCommit(StateMachineUpdater.java:207)
        at org.apache.ratis.server.impl.StateMachineUpdater.run(StateMachineUpdater.java:176)
        at java.lang.Thread.run(Thread.java:750)
"IPC Server idle connection scanner for port 33237" daemon prio=5 tid=30 timed_waiting
java.lang.Thread.State: TIMED_WAITING
        at java.lang.Object.wait(Native Method)
        at java.util.TimerThread.mainLoop(Timer.java:552)
        at java.util.TimerThread.run(Timer.java:505)
"null-request--thread1" daemon prio=5 tid=416 timed_waiting
java.lang.Thread.State: TIMED_WAITING
        at sun.misc.Unsafe.park(Native Method)
        at java.util.concurrent.locks.LockSupport.parkNanos(LockSupport.java:215)
        at java.util.concurrent.locks.AbstractQueuedSynchronizer$ConditionObject.awaitNanos(AbstractQueuedSynchronizer.java:2078)
        at java.util.concurrent.LinkedBlockingQueue.poll(LinkedBlockingQueue.java:467)
        at java.util.concurrent.ThreadPoolExecutor.getTask(ThreadPoolExecutor.java:1073)
        at java.util.concurrent.ThreadPoolExecutor.runWorker(ThreadPoolExecutor.java:1134)
        at java.util.concurrent.ThreadPoolExecutor$Worker.run(ThreadPoolExecutor.java:624)
        at java.lang.Thread.run(Thread.java:750)
"grpc-default-executor-1" daemon prio=5 tid=331 timed_waiting
java.lang.Thread.State: TIMED_WAITING
        at sun.misc.Unsafe.park(Native Method)
        at java.util.concurrent.locks.LockSupport.parkNanos(LockSupport.java:215)
        at java.util.concurrent.SynchronousQueue$TransferStack.awaitFulfill(SynchronousQueue.java:460)
        at java.util.concurrent.SynchronousQueue$TransferStack.transfer(SynchronousQueue.java:362)
        at java.util.concurrent.SynchronousQueue.poll(SynchronousQueue.java:941)
        at java.util.concurrent.ThreadPoolExecutor.getTask(ThreadPoolExecutor.java:1073)
        at java.util.concurrent.ThreadPoolExecutor.runWorker(ThreadPoolExecutor.java:1134)
        at java.util.concurrent.ThreadPoolExecutor$Worker.run(ThreadPoolExecutor.java:624)
        at java.lang.Thread.run(Thread.java:750)
"Datanode ReportManager Thread - 3" daemon prio=5 tid=201 timed_waiting
java.lang.Thread.State: TIMED_WAITING
        at sun.misc.Unsafe.park(Native Method)
        at java.util.concurrent.locks.LockSupport.park(LockSupport.java:175)
        at java.util.concurrent.locks.AbstractQueuedSynchronizer.parkAndCheckInterrupt(AbstractQueuedSynchronizer.java:836)
        at java.util.concurrent.locks.AbstractQueuedSynchronizer.acquireQueued(AbstractQueuedSynchronizer.java:870)
        at java.util.concurrent.locks.AbstractQueuedSynchronizer$ConditionObject.awaitNanos(AbstractQueuedSynchronizer.java:2083)
        at java.util.concurrent.ScheduledThreadPoolExecutor$DelayedWorkQueue.take(ScheduledThreadPoolExecutor.java:1093)
        at java.util.concurrent.ScheduledThreadPoolExecutor$DelayedWorkQueue.take(ScheduledThreadPoolExecutor.java:809)
        at java.util.concurrent.ThreadPoolExecutor.getTask(ThreadPoolExecutor.java:1074)
        at java.util.concurrent.ThreadPoolExecutor.runWorker(ThreadPoolExecutor.java:1134)
        at java.util.concurrent.ThreadPoolExecutor$Worker.run(ThreadPoolExecutor.java:624)
        at java.lang.Thread.run(Thread.java:750)
"qtp900301074-113" daemon prio=5 tid=113 timed_waiting
java.lang.Thread.State: TIMED_WAITING
        at sun.misc.Unsafe.park(Native Method)
        at java.util.concurrent.locks.LockSupport.parkNanos(LockSupport.java:215)
        at java.util.concurrent.locks.AbstractQueuedSynchronizer$ConditionObject.awaitNanos(AbstractQueuedSynchronizer.java:2078)
        at org.eclipse.jetty.util.BlockingArrayQueue.poll(BlockingArrayQueue.java:382)
        at org.eclipse.jetty.util.thread.QueuedThreadPool$Runner.idleJobPoll(QueuedThreadPool.java:974)
        at org.eclipse.jetty.util.thread.QueuedThreadPool$Runner.run(QueuedThreadPool.java:1018)
        at java.lang.Thread.run(Thread.java:750)
"IPC Server handler 11 on default port 33237" daemon prio=5 tid=78 timed_waiting
java.lang.Thread.State: TIMED_WAITING
        at sun.misc.Unsafe.park(Native Method)
        at java.util.concurrent.locks.LockSupport.parkNanos(LockSupport.java:215)
        at java.util.concurrent.locks.AbstractQueuedSynchronizer$ConditionObject.awaitNanos(AbstractQueuedSynchronizer.java:2078)
        at java.util.concurrent.LinkedBlockingQueue.poll(LinkedBlockingQueue.java:467)
        at org.apache.hadoop.ipc.CallQueueManager.take(CallQueueManager.java:317)
        at org.apache.hadoop.ipc.Server$Handler.run(Server.java:2942)
"EventQueue-NodeRegistrationContainerReportForContainerSafeModeRule" daemon prio=5 tid=300 in Object.wait()
java.lang.Thread.State: WAITING (on object monitor)
        at sun.misc.Unsafe.park(Native Method)
        at java.util.concurrent.locks.LockSupport.park(LockSupport.java:175)
        at java.util.concurrent.locks.AbstractQueuedSynchronizer$ConditionObject.await(AbstractQueuedSynchronizer.java:2039)
        at java.util.concurrent.LinkedBlockingQueue.take(LinkedBlockingQueue.java:442)
        at java.util.concurrent.ThreadPoolExecutor.getTask(ThreadPoolExecutor.java:1074)
        at java.util.concurrent.ThreadPoolExecutor.runWorker(ThreadPoolExecutor.java:1134)
        at java.util.concurrent.ThreadPoolExecutor$Worker.run(ThreadPoolExecutor.java:624)
        at java.lang.Thread.run(Thread.java:750)
"org.apache.hadoop.ozone.container.common.statemachine.commandhandler.DeleteBlocksCommandHandler$DeleteCmdWorker@5b2c349c" daemon prio=5 tid=242 timed_waiting
java.lang.Thread.State: TIMED_WAITING
        at java.lang.Thread.sleep(Native Method)
        at org.apache.hadoop.ozone.container.common.statemachine.commandhandler.DeleteBlocksCommandHandler$DeleteCmdWorker.run(DeleteBlocksCommandHandler.java:184)
        at java.lang.Thread.run(Thread.java:750)
"IPC Server handler 2 on default port 37227" daemon prio=5 tid=89 timed_waiting
java.lang.Thread.State: TIMED_WAITING
        at sun.misc.Unsafe.park(Native Method)
        at java.util.concurrent.locks.LockSupport.parkNanos(LockSupport.java:215)
        at java.util.concurrent.locks.AbstractQueuedSynchronizer$ConditionObject.awaitNanos(AbstractQueuedSynchronizer.java:2078)
        at java.util.concurrent.LinkedBlockingQueue.poll(LinkedBlockingQueue.java:467)
        at org.apache.hadoop.ipc.CallQueueManager.take(CallQueueManager.java:317)
        at org.apache.hadoop.ipc.Server$Handler.run(Server.java:2942)
"b7545b0c-a4b8-458e-a79e-332c552b3ba3@group-C04DF5843E0E-SegmentedRaftLogWorker"  prio=5 tid=323 timed_waiting
java.lang.Thread.State: TIMED_WAITING
        at sun.misc.Unsafe.park(Native Method)
        at java.util.concurrent.locks.LockSupport.parkNanos(LockSupport.java:215)
        at java.util.concurrent.locks.AbstractQueuedSynchronizer$ConditionObject.awaitNanos(AbstractQueuedSynchronizer.java:2078)
        at org.apache.ratis.util.DataBlockingQueue.poll(DataBlockingQueue.java:148)
        at org.apache.ratis.server.raftlog.segmented.SegmentedRaftLogWorker.run(SegmentedRaftLogWorker.java:312)
        at org.apache.ratis.server.raftlog.segmented.SegmentedRaftLogWorker$$Lambda$635/7565803.run(Unknown Source)
        at java.lang.Thread.run(Thread.java:750)
"qtp287628152-250" daemon prio=5 tid=250 timed_waiting
java.lang.Thread.State: TIMED_WAITING
        at sun.misc.Unsafe.park(Native Method)
        at java.util.concurrent.locks.LockSupport.parkNanos(LockSupport.java:215)
        at java.util.concurrent.locks.AbstractQueuedSynchronizer$ConditionObject.awaitNanos(AbstractQueuedSynchronizer.java:2078)
        at org.eclipse.jetty.util.BlockingArrayQueue.poll(BlockingArrayQueue.java:382)
        at org.eclipse.jetty.util.thread.QueuedThreadPool$Runner.idleJobPoll(QueuedThreadPool.java:974)
        at org.eclipse.jetty.util.thread.QueuedThreadPool$Runner.run(QueuedThreadPool.java:1018)
        at java.lang.Thread.run(Thread.java:750)
"qtp680042540-154" daemon prio=5 tid=154 timed_waiting
java.lang.Thread.State: TIMED_WAITING
        at sun.misc.Unsafe.park(Native Method)
        at java.util.concurrent.locks.LockSupport.parkNanos(LockSupport.java:215)
        at java.util.concurrent.locks.AbstractQueuedSynchronizer$ConditionObject.awaitNanos(AbstractQueuedSynchronizer.java:2078)
        at org.eclipse.jetty.util.BlockingArrayQueue.poll(BlockingArrayQueue.java:382)
        at org.eclipse.jetty.util.thread.QueuedThreadPool$Runner.idleJobPoll(QueuedThreadPool.java:974)
        at org.eclipse.jetty.util.thread.QueuedThreadPool$Runner.run(QueuedThreadPool.java:1018)
        at java.lang.Thread.run(Thread.java:750)
"e24e525b-11e0-482b-97ed-e0be4d88ae43@group-36DC58DA704C->c5f0e82b-af1b-4789-ae30-308dce149649-GrpcLogAppender-LogAppenderDaemon" daemon prio=5 tid=394 timed_waiting
java.lang.Thread.State: TIMED_WAITING
        at sun.misc.Unsafe.park(Native Method)
        at java.util.concurrent.locks.LockSupport.parkNanos(LockSupport.java:215)
        at java.util.concurrent.locks.AbstractQueuedSynchronizer$ConditionObject.await(AbstractQueuedSynchronizer.java:2163)
        at org.apache.ratis.util.AwaitForSignal.await(AwaitForSignal.java:62)
        at org.apache.ratis.grpc.server.GrpcLogAppender.mayWait(GrpcLogAppender.java:198)
        at org.apache.ratis.grpc.server.GrpcLogAppender.run(GrpcLogAppender.java:148)
        at org.apache.ratis.server.leader.LogAppenderDaemon.run(LogAppenderDaemon.java:78)
        at org.apache.ratis.server.leader.LogAppenderDaemon$$Lambda$1047/71428700.run(Unknown Source)
        at java.lang.Thread.run(Thread.java:750)
"Periodic HDDS volume checker" daemon prio=5 tid=236 timed_waiting
java.lang.Thread.State: TIMED_WAITING
        at sun.misc.Unsafe.park(Native Method)
        at java.util.concurrent.locks.LockSupport.parkNanos(LockSupport.java:215)
        at java.util.concurrent.locks.AbstractQueuedSynchronizer$ConditionObject.awaitNanos(AbstractQueuedSynchronizer.java:2078)
        at java.util.concurrent.ScheduledThreadPoolExecutor$DelayedWorkQueue.take(ScheduledThreadPoolExecutor.java:1093)
        at java.util.concurrent.ScheduledThreadPoolExecutor$DelayedWorkQueue.take(ScheduledThreadPoolExecutor.java:809)
        at java.util.concurrent.ThreadPoolExecutor.getTask(ThreadPoolExecutor.java:1074)
        at java.util.concurrent.ThreadPoolExecutor.runWorker(ThreadPoolExecutor.java:1134)
        at java.util.concurrent.ThreadPoolExecutor$Worker.run(ThreadPoolExecutor.java:624)
        at java.lang.Thread.run(Thread.java:750)
"PartialTableCache Cleanup Thread - 0" daemon prio=5 tid=420 in Object.wait()
java.lang.Thread.State: WAITING (on object monitor)
        at sun.misc.Unsafe.park(Native Method)
        at java.util.concurrent.locks.LockSupport.park(LockSupport.java:175)
        at java.util.concurrent.locks.AbstractQueuedSynchronizer$ConditionObject.await(AbstractQueuedSynchronizer.java:2039)
        at java.util.concurrent.LinkedBlockingQueue.take(LinkedBlockingQueue.java:442)
        at java.util.concurrent.ThreadPoolExecutor.getTask(ThreadPoolExecutor.java:1074)
        at java.util.concurrent.ThreadPoolExecutor.runWorker(ThreadPoolExecutor.java:1134)
        at java.util.concurrent.ThreadPoolExecutor$Worker.run(ThreadPoolExecutor.java:624)
        at java.lang.Thread.run(Thread.java:750)
"e24e525b-11e0-482b-97ed-e0be4d88ae43@group-36DC58DA704C-SegmentedRaftLogWorker"  prio=5 tid=338 timed_waiting
java.lang.Thread.State: TIMED_WAITING
        at sun.misc.Unsafe.park(Native Method)
        at java.util.concurrent.locks.LockSupport.parkNanos(LockSupport.java:215)
        at java.util.concurrent.locks.AbstractQueuedSynchronizer$ConditionObject.awaitNanos(AbstractQueuedSynchronizer.java:2078)
        at org.apache.ratis.util.DataBlockingQueue.poll(DataBlockingQueue.java:148)
        at org.apache.ratis.server.raftlog.segmented.SegmentedRaftLogWorker.run(SegmentedRaftLogWorker.java:312)
        at org.apache.ratis.server.raftlog.segmented.SegmentedRaftLogWorker$$Lambda$635/7565803.run(Unknown Source)
        at java.lang.Thread.run(Thread.java:750)
"Command processor thread" daemon prio=5 tid=232 timed_waiting
java.lang.Thread.State: TIMED_WAITING
        at java.lang.Thread.sleep(Native Method)
        at org.apache.hadoop.ozone.container.common.statemachine.DatanodeStateMachine.lambda$initCommandHandlerThread$3(DatanodeStateMachine.java:649)
        at org.apache.hadoop.ozone.container.common.statemachine.DatanodeStateMachine$$Lambda$749/1425630047.run(Unknown Source)
        at java.lang.Thread.run(Thread.java:750)
"IPC Server handler 6 on default port 35747" daemon prio=5 tid=163 timed_waiting
java.lang.Thread.State: TIMED_WAITING
        at sun.misc.Unsafe.park(Native Method)
        at java.util.concurrent.locks.LockSupport.parkNanos(LockSupport.java:215)
        at java.util.concurrent.locks.AbstractQueuedSynchronizer$ConditionObject.awaitNanos(AbstractQueuedSynchronizer.java:2078)
        at java.util.concurrent.LinkedBlockingQueue.poll(LinkedBlockingQueue.java:467)
        at org.apache.hadoop.ipc.CallQueueManager.take(CallQueueManager.java:317)
        at org.apache.hadoop.ipc.Server$Handler.run(Server.java:2942)
"JvmPauseMonitor3" daemon prio=5 tid=293 timed_waiting
java.lang.Thread.State: TIMED_WAITING
        at java.lang.Thread.sleep(Native Method)
        at java.lang.Thread.sleep(Thread.java:342)
        at java.util.concurrent.TimeUnit.sleep(TimeUnit.java:386)
        at org.apache.ratis.util.TimeDuration.sleep(TimeDuration.java:325)
        at org.apache.ratis.util.TimeDuration.sleep(TimeDuration.java:310)
        at org.apache.ratis.util.JvmPauseMonitor.detectPause(JvmPauseMonitor.java:119)
        at org.apache.ratis.util.JvmPauseMonitor.run(JvmPauseMonitor.java:108)
        at org.apache.ratis.util.JvmPauseMonitor$$Lambda$676/279705196.run(Unknown Source)
        at java.lang.Thread.run(Thread.java:750)
"IPC Server handler 1 on default port 37227" daemon prio=5 tid=88 timed_waiting
java.lang.Thread.State: TIMED_WAITING
        at sun.misc.Unsafe.park(Native Method)
        at java.util.concurrent.locks.LockSupport.parkNanos(LockSupport.java:215)
        at java.util.concurrent.locks.AbstractQueuedSynchronizer$ConditionObject.awaitNanos(AbstractQueuedSynchronizer.java:2078)
        at java.util.concurrent.LinkedBlockingQueue.poll(LinkedBlockingQueue.java:467)
        at org.apache.hadoop.ipc.CallQueueManager.take(CallQueueManager.java:317)
        at org.apache.hadoop.ipc.Server$Handler.run(Server.java:2942)
"IPC Server handler 1 on default port 34121" daemon prio=5 tid=48 timed_waiting
java.lang.Thread.State: TIMED_WAITING
        at sun.misc.Unsafe.park(Native Method)
        at java.util.concurrent.locks.LockSupport.parkNanos(LockSupport.java:215)
        at java.util.concurrent.locks.AbstractQueuedSynchronizer$ConditionObject.awaitNanos(AbstractQueuedSynchronizer.java:2078)
        at java.util.concurrent.LinkedBlockingQueue.poll(LinkedBlockingQueue.java:467)
        at org.apache.hadoop.ipc.CallQueueManager.take(CallQueueManager.java:317)
        at org.apache.hadoop.ipc.Server$Handler.run(Server.java:2942)
"IPC Server handler 10 on default port 37227" daemon prio=5 tid=97 timed_waiting
java.lang.Thread.State: TIMED_WAITING
        at sun.misc.Unsafe.park(Native Method)
        at java.util.concurrent.locks.LockSupport.parkNanos(LockSupport.java:215)
        at java.util.concurrent.locks.AbstractQueuedSynchronizer$ConditionObject.awaitNanos(AbstractQueuedSynchronizer.java:2078)
        at java.util.concurrent.LinkedBlockingQueue.poll(LinkedBlockingQueue.java:467)
        at org.apache.hadoop.ipc.CallQueueManager.take(CallQueueManager.java:317)
        at org.apache.hadoop.ipc.Server$Handler.run(Server.java:2942)
"timer2" daemon prio=5 tid=375 timed_waiting
java.lang.Thread.State: TIMED_WAITING
        at java.lang.Object.wait(Native Method)
        at java.util.TimerThread.mainLoop(Timer.java:552)
        at java.util.TimerThread.run(Timer.java:505)
"qtp1741199183-223" daemon prio=5 tid=223 timed_waiting
java.lang.Thread.State: TIMED_WAITING
        at sun.misc.Unsafe.park(Native Method)
        at java.util.concurrent.locks.LockSupport.parkNanos(LockSupport.java:215)
        at java.util.concurrent.locks.AbstractQueuedSynchronizer$ConditionObject.awaitNanos(AbstractQueuedSynchronizer.java:2078)
        at org.eclipse.jetty.util.BlockingArrayQueue.poll(BlockingArrayQueue.java:382)
        at org.eclipse.jetty.util.thread.QueuedThreadPool$Runner.idleJobPoll(QueuedThreadPool.java:974)
        at org.eclipse.jetty.util.thread.QueuedThreadPool$Runner.run(QueuedThreadPool.java:1018)
        at java.lang.Thread.run(Thread.java:750)
"BlockDeletingService#0" daemon prio=5 tid=283 timed_waiting
java.lang.Thread.State: TIMED_WAITING
        at sun.misc.Unsafe.park(Native Method)
        at java.util.concurrent.locks.LockSupport.parkNanos(LockSupport.java:215)
        at java.util.concurrent.locks.AbstractQueuedSynchronizer$ConditionObject.awaitNanos(AbstractQueuedSynchronizer.java:2078)
        at java.util.concurrent.ScheduledThreadPoolExecutor$DelayedWorkQueue.take(ScheduledThreadPoolExecutor.java:1093)
        at java.util.concurrent.ScheduledThreadPoolExecutor$DelayedWorkQueue.take(ScheduledThreadPoolExecutor.java:809)
        at java.util.concurrent.ThreadPoolExecutor.getTask(ThreadPoolExecutor.java:1074)
        at java.util.concurrent.ThreadPoolExecutor.runWorker(ThreadPoolExecutor.java:1134)
        at java.util.concurrent.ThreadPoolExecutor$Worker.run(ThreadPoolExecutor.java:624)
        at java.lang.Thread.run(Thread.java:750)
"qtp287628152-248" daemon prio=5 tid=248 timed_waiting
java.lang.Thread.State: TIMED_WAITING
        at sun.misc.Unsafe.park(Native Method)
        at java.util.concurrent.locks.LockSupport.parkNanos(LockSupport.java:215)
        at java.util.concurrent.locks.AbstractQueuedSynchronizer$ConditionObject.awaitNanos(AbstractQueuedSynchronizer.java:2078)
        at org.eclipse.jetty.util.BlockingArrayQueue.poll(BlockingArrayQueue.java:382)
        at org.eclipse.jetty.util.thread.QueuedThreadPool$Runner.idleJobPoll(QueuedThreadPool.java:974)
        at org.eclipse.jetty.util.thread.QueuedThreadPool$Runner.run(QueuedThreadPool.java:1018)
        at java.lang.Thread.run(Thread.java:750)
"DatanodeAdminManager-0" daemon prio=5 tid=22 timed_waiting
java.lang.Thread.State: TIMED_WAITING
        at sun.misc.Unsafe.park(Native Method)
        at java.util.concurrent.locks.LockSupport.parkNanos(LockSupport.java:215)
        at java.util.concurrent.locks.AbstractQueuedSynchronizer$ConditionObject.awaitNanos(AbstractQueuedSynchronizer.java:2078)
        at java.util.concurrent.ScheduledThreadPoolExecutor$DelayedWorkQueue.take(ScheduledThreadPoolExecutor.java:1093)
        at java.util.concurrent.ScheduledThreadPoolExecutor$DelayedWorkQueue.take(ScheduledThreadPoolExecutor.java:809)
        at java.util.concurrent.ThreadPoolExecutor.getTask(ThreadPoolExecutor.java:1074)
        at java.util.concurrent.ThreadPoolExecutor.runWorker(ThreadPoolExecutor.java:1134)
        at java.util.concurrent.ThreadPoolExecutor$Worker.run(ThreadPoolExecutor.java:624)
        at java.lang.Thread.run(Thread.java:750)
"Datanode ReportManager Thread - 0" daemon prio=5 tid=254 in Object.wait()
java.lang.Thread.State: WAITING (on object monitor)
        at sun.misc.Unsafe.park(Native Method)
        at java.util.concurrent.locks.LockSupport.park(LockSupport.java:175)
        at java.util.concurrent.locks.AbstractQueuedSynchronizer$ConditionObject.await(AbstractQueuedSynchronizer.java:2039)
        at java.util.concurrent.ScheduledThreadPoolExecutor$DelayedWorkQueue.take(ScheduledThreadPoolExecutor.java:1088)
        at java.util.concurrent.ScheduledThreadPoolExecutor$DelayedWorkQueue.take(ScheduledThreadPoolExecutor.java:809)
        at java.util.concurrent.ThreadPoolExecutor.getTask(ThreadPoolExecutor.java:1074)
        at java.util.concurrent.ThreadPoolExecutor.runWorker(ThreadPoolExecutor.java:1134)
        at java.util.concurrent.ThreadPoolExecutor$Worker.run(ThreadPoolExecutor.java:624)
        at java.lang.Thread.run(Thread.java:750)
"SCMBlockDeletingService#0" daemon prio=5 tid=107 timed_waiting
java.lang.Thread.State: TIMED_WAITING
        at sun.misc.Unsafe.park(Native Method)
        at java.util.concurrent.locks.LockSupport.parkNanos(LockSupport.java:215)
        at java.util.concurrent.locks.AbstractQueuedSynchronizer$ConditionObject.awaitNanos(AbstractQueuedSynchronizer.java:2078)
        at java.util.concurrent.ScheduledThreadPoolExecutor$DelayedWorkQueue.take(ScheduledThreadPoolExecutor.java:1093)
        at java.util.concurrent.ScheduledThreadPoolExecutor$DelayedWorkQueue.take(ScheduledThreadPoolExecutor.java:809)
        at java.util.concurrent.ThreadPoolExecutor.getTask(ThreadPoolExecutor.java:1074)
        at java.util.concurrent.ThreadPoolExecutor.runWorker(ThreadPoolExecutor.java:1134)
        at java.util.concurrent.ThreadPoolExecutor$Worker.run(ThreadPoolExecutor.java:624)
        at java.lang.Thread.run(Thread.java:750)
"Datanode ReportManager Thread - 1" daemon prio=5 tid=255 in Object.wait()
java.lang.Thread.State: WAITING (on object monitor)
        at sun.misc.Unsafe.park(Native Method)
        at java.util.concurrent.locks.LockSupport.park(LockSupport.java:175)
        at java.util.concurrent.locks.AbstractQueuedSynchronizer$ConditionObject.await(AbstractQueuedSynchronizer.java:2039)
        at java.util.concurrent.ScheduledThreadPoolExecutor$DelayedWorkQueue.take(ScheduledThreadPoolExecutor.java:1088)
        at java.util.concurrent.ScheduledThreadPoolExecutor$DelayedWorkQueue.take(ScheduledThreadPoolExecutor.java:809)
        at java.util.concurrent.ThreadPoolExecutor.getTask(ThreadPoolExecutor.java:1074)
        at java.util.concurrent.ThreadPoolExecutor.runWorker(ThreadPoolExecutor.java:1134)
        at java.util.concurrent.ThreadPoolExecutor$Worker.run(ThreadPoolExecutor.java:624)
        at java.lang.Thread.run(Thread.java:750)
"qtp900301074-117" daemon prio=5 tid=117 timed_waiting
java.lang.Thread.State: TIMED_WAITING
        at sun.misc.Unsafe.park(Native Method)
        at java.util.concurrent.locks.LockSupport.parkNanos(LockSupport.java:215)
        at java.util.concurrent.locks.AbstractQueuedSynchronizer$ConditionObject.awaitNanos(AbstractQueuedSynchronizer.java:2078)
        at org.eclipse.jetty.util.BlockingArrayQueue.poll(BlockingArrayQueue.java:382)
        at org.eclipse.jetty.util.thread.QueuedThreadPool$Runner.idleJobPoll(QueuedThreadPool.java:974)
        at org.eclipse.jetty.util.thread.QueuedThreadPool$Runner.run(QueuedThreadPool.java:1018)
        at java.lang.Thread.run(Thread.java:750)
"Datanode ReportManager Thread - 2" daemon prio=5 tid=200 in Object.wait()
java.lang.Thread.State: WAITING (on object monitor)
        at sun.misc.Unsafe.park(Native Method)
        at java.util.concurrent.locks.LockSupport.park(LockSupport.java:175)
        at java.util.concurrent.locks.AbstractQueuedSynchronizer$ConditionObject.await(AbstractQueuedSynchronizer.java:2039)
        at java.util.concurrent.ScheduledThreadPoolExecutor$DelayedWorkQueue.take(ScheduledThreadPoolExecutor.java:1088)
        at java.util.concurrent.ScheduledThreadPoolExecutor$DelayedWorkQueue.take(ScheduledThreadPoolExecutor.java:809)
        at java.util.concurrent.ThreadPoolExecutor.getTask(ThreadPoolExecutor.java:1074)
        at java.util.concurrent.ThreadPoolExecutor.runWorker(ThreadPoolExecutor.java:1134)
        at java.util.concurrent.ThreadPoolExecutor$Worker.run(ThreadPoolExecutor.java:624)
        at java.lang.Thread.run(Thread.java:750)
"DataNode DiskChecker thread 0" daemon prio=5 tid=180 timed_waiting
java.lang.Thread.State: TIMED_WAITING
        at sun.misc.Unsafe.park(Native Method)
        at java.util.concurrent.locks.LockSupport.parkNanos(LockSupport.java:215)
        at java.util.concurrent.SynchronousQueue$TransferStack.awaitFulfill(SynchronousQueue.java:460)
        at java.util.concurrent.SynchronousQueue$TransferStack.transfer(SynchronousQueue.java:362)
        at java.util.concurrent.SynchronousQueue.poll(SynchronousQueue.java:941)
        at java.util.concurrent.ThreadPoolExecutor.getTask(ThreadPoolExecutor.java:1073)
        at java.util.concurrent.ThreadPoolExecutor.runWorker(ThreadPoolExecutor.java:1134)
        at java.util.concurrent.ThreadPoolExecutor$Worker.run(ThreadPoolExecutor.java:624)
        at java.lang.Thread.run(Thread.java:750)
"IPC Server handler 0 on default port 35747" daemon prio=5 tid=157 timed_waiting
java.lang.Thread.State: TIMED_WAITING
        at sun.misc.Unsafe.park(Native Method)
        at java.util.concurrent.locks.LockSupport.parkNanos(LockSupport.java:215)
        at java.util.concurrent.locks.AbstractQueuedSynchronizer$ConditionObject.awaitNanos(AbstractQueuedSynchronizer.java:2078)
        at java.util.concurrent.LinkedBlockingQueue.poll(LinkedBlockingQueue.java:467)
        at org.apache.hadoop.ipc.CallQueueManager.take(CallQueueManager.java:317)
        at org.apache.hadoop.ipc.Server$Handler.run(Server.java:2942)
"b7545b0c-a4b8-458e-a79e-332c552b3ba3-client-thread1" daemon prio=5 tid=415 timed_waiting
java.lang.Thread.State: TIMED_WAITING
        at sun.misc.Unsafe.park(Native Method)
        at java.util.concurrent.locks.LockSupport.parkNanos(LockSupport.java:215)
        at java.util.concurrent.SynchronousQueue$TransferStack.awaitFulfill(SynchronousQueue.java:460)
        at java.util.concurrent.SynchronousQueue$TransferStack.transfer(SynchronousQueue.java:362)
        at java.util.concurrent.SynchronousQueue.poll(SynchronousQueue.java:941)
        at java.util.concurrent.ThreadPoolExecutor.getTask(ThreadPoolExecutor.java:1073)
        at java.util.concurrent.ThreadPoolExecutor.runWorker(ThreadPoolExecutor.java:1134)
        at java.util.concurrent.ThreadPoolExecutor$Worker.run(ThreadPoolExecutor.java:624)
        at java.lang.Thread.run(Thread.java:750)
"om1@group-C5BA1605619E-LeaderStateImpl" daemon prio=5 tid=211 timed_waiting
java.lang.Thread.State: TIMED_WAITING
        at sun.misc.Unsafe.park(Native Method)
        at java.util.concurrent.locks.LockSupport.parkNanos(LockSupport.java:215)
        at java.util.concurrent.locks.AbstractQueuedSynchronizer$ConditionObject.awaitNanos(AbstractQueuedSynchronizer.java:2078)
        at java.util.concurrent.ArrayBlockingQueue.poll(ArrayBlockingQueue.java:418)
        at org.apache.ratis.server.impl.LeaderStateImpl$EventQueue.poll(LeaderStateImpl.java:159)
        at org.apache.ratis.server.impl.LeaderStateImpl$EventProcessor.run(LeaderStateImpl.java:630)
"e24e525b-11e0-482b-97ed-e0be4d88ae43-server-thread1" daemon prio=5 tid=378 timed_waiting
java.lang.Thread.State: TIMED_WAITING
        at sun.misc.Unsafe.park(Native Method)
        at java.util.concurrent.locks.LockSupport.parkNanos(LockSupport.java:215)
        at java.util.concurrent.SynchronousQueue$TransferStack.awaitFulfill(SynchronousQueue.java:460)
        at java.util.concurrent.SynchronousQueue$TransferStack.transfer(SynchronousQueue.java:362)
        at java.util.concurrent.SynchronousQueue.poll(SynchronousQueue.java:941)
        at java.util.concurrent.ThreadPoolExecutor.getTask(ThreadPoolExecutor.java:1073)
        at java.util.concurrent.ThreadPoolExecutor.runWorker(ThreadPoolExecutor.java:1134)
        at java.util.concurrent.ThreadPoolExecutor$Worker.run(ThreadPoolExecutor.java:624)
        at java.lang.Thread.run(Thread.java:750)
"EventQueue-OpenPipelineForHealthyPipelineSafeModeRule" daemon prio=5 tid=308 in Object.wait()
java.lang.Thread.State: WAITING (on object monitor)
        at sun.misc.Unsafe.park(Native Method)
        at java.util.concurrent.locks.LockSupport.park(LockSupport.java:175)
        at java.util.concurrent.locks.AbstractQueuedSynchronizer$ConditionObject.await(AbstractQueuedSynchronizer.java:2039)
        at java.util.concurrent.LinkedBlockingQueue.take(LinkedBlockingQueue.java:442)
        at java.util.concurrent.ThreadPoolExecutor.getTask(ThreadPoolExecutor.java:1074)
        at java.util.concurrent.ThreadPoolExecutor.runWorker(ThreadPoolExecutor.java:1134)
        at java.util.concurrent.ThreadPoolExecutor$Worker.run(ThreadPoolExecutor.java:624)
        at java.lang.Thread.run(Thread.java:750)
"org.apache.hadoop.util.JvmPauseMonitor$Monitor@551ba707" daemon prio=5 tid=177 timed_waiting
java.lang.Thread.State: TIMED_WAITING
        at java.lang.Thread.sleep(Native Method)
        at org.apache.hadoop.util.JvmPauseMonitor$Monitor.run(JvmPauseMonitor.java:192)
        at java.lang.Thread.run(Thread.java:750)
"IPC Client (1159935443) connection to 0.0.0.0/0.0.0.0:37227 from runner" daemon prio=5 tid=264 timed_waiting
java.lang.Thread.State: TIMED_WAITING
        at java.lang.Object.wait(Native Method)
        at org.apache.hadoop.ipc.Client$Connection.waitForWork(Client.java:1086)
        at org.apache.hadoop.ipc.Client$Connection.run(Client.java:1133)
"IPC Parameter Sending Thread #0" daemon prio=5 tid=123 timed_waiting
java.lang.Thread.State: TIMED_WAITING
        at sun.misc.Unsafe.park(Native Method)
        at java.util.concurrent.locks.LockSupport.parkNanos(LockSupport.java:215)
        at java.util.concurrent.SynchronousQueue$TransferStack.awaitFulfill(SynchronousQueue.java:460)
        at java.util.concurrent.SynchronousQueue$TransferStack.transfer(SynchronousQueue.java:362)
        at java.util.concurrent.SynchronousQueue.poll(SynchronousQueue.java:941)
        at java.util.concurrent.ThreadPoolExecutor.getTask(ThreadPoolExecutor.java:1073)
        at java.util.concurrent.ThreadPoolExecutor.runWorker(ThreadPoolExecutor.java:1134)
        at java.util.concurrent.ThreadPoolExecutor$Worker.run(ThreadPoolExecutor.java:624)
        at java.lang.Thread.run(Thread.java:750)
"IPC Server handler 3 on default port 33237" daemon prio=5 tid=70 timed_waiting
java.lang.Thread.State: TIMED_WAITING
        at sun.misc.Unsafe.park(Native Method)
        at java.util.concurrent.locks.LockSupport.parkNanos(LockSupport.java:215)
        at java.util.concurrent.locks.AbstractQueuedSynchronizer$ConditionObject.awaitNanos(AbstractQueuedSynchronizer.java:2078)
        at java.util.concurrent.LinkedBlockingQueue.poll(LinkedBlockingQueue.java:467)
        at org.apache.hadoop.ipc.CallQueueManager.take(CallQueueManager.java:317)
        at org.apache.hadoop.ipc.Server$Handler.run(Server.java:2942)
"IPC Server handler 11 on default port 37227" daemon prio=5 tid=98 timed_waiting
java.lang.Thread.State: TIMED_WAITING
        at sun.misc.Unsafe.park(Native Method)
        at java.util.concurrent.locks.LockSupport.parkNanos(LockSupport.java:215)
        at java.util.concurrent.locks.AbstractQueuedSynchronizer$ConditionObject.awaitNanos(AbstractQueuedSynchronizer.java:2078)
        at java.util.concurrent.LinkedBlockingQueue.poll(LinkedBlockingQueue.java:467)
        at org.apache.hadoop.ipc.CallQueueManager.take(CallQueueManager.java:317)
        at org.apache.hadoop.ipc.Server$Handler.run(Server.java:2942)
"null-request--thread1" daemon prio=5 tid=425 timed_waiting
java.lang.Thread.State: TIMED_WAITING
        at sun.misc.Unsafe.park(Native Method)
        at java.util.concurrent.locks.LockSupport.parkNanos(LockSupport.java:215)
        at java.util.concurrent.locks.AbstractQueuedSynchronizer$ConditionObject.awaitNanos(AbstractQueuedSynchronizer.java:2078)
        at java.util.concurrent.LinkedBlockingQueue.poll(LinkedBlockingQueue.java:467)
        at java.util.concurrent.ThreadPoolExecutor.getTask(ThreadPoolExecutor.java:1073)
        at java.util.concurrent.ThreadPoolExecutor.runWorker(ThreadPoolExecutor.java:1134)
        at java.util.concurrent.ThreadPoolExecutor$Worker.run(ThreadPoolExecutor.java:624)
        at java.lang.Thread.run(Thread.java:750)
"b7545b0c-a4b8-458e-a79e-332c552b3ba3@group-36DC58DA704C-FollowerState" daemon prio=5 tid=395 timed_waiting
java.lang.Thread.State: TIMED_WAITING
        at java.lang.Thread.sleep(Native Method)
        at java.lang.Thread.sleep(Thread.java:342)
        at java.util.concurrent.TimeUnit.sleep(TimeUnit.java:386)
        at org.apache.ratis.util.TimeDuration.sleep(TimeDuration.java:325)
        at org.apache.ratis.util.TimeDuration.sleep(TimeDuration.java:310)
        at org.apache.ratis.server.impl.FollowerState.run(FollowerState.java:128)
"ChunkWriter-1-0" daemon prio=5 tid=278 in Object.wait()
java.lang.Thread.State: WAITING (on object monitor)
        at sun.misc.Unsafe.park(Native Method)
        at java.util.concurrent.locks.LockSupport.park(LockSupport.java:175)
        at java.util.concurrent.locks.AbstractQueuedSynchronizer$ConditionObject.await(AbstractQueuedSynchronizer.java:2039)
        at java.util.concurrent.LinkedBlockingDeque.takeFirst(LinkedBlockingDeque.java:492)
        at java.util.concurrent.LinkedBlockingDeque.take(LinkedBlockingDeque.java:680)
        at java.util.concurrent.ThreadPoolExecutor.getTask(ThreadPoolExecutor.java:1074)
        at java.util.concurrent.ThreadPoolExecutor.runWorker(ThreadPoolExecutor.java:1134)
        at java.util.concurrent.ThreadPoolExecutor$Worker.run(ThreadPoolExecutor.java:624)
        at java.lang.Thread.run(Thread.java:750)
"Under Replicated Processor" daemon prio=5 tid=20 timed_waiting
java.lang.Thread.State: TIMED_WAITING
        at java.lang.Object.wait(Native Method)
        at org.apache.hadoop.hdds.scm.container.replication.UnhealthyReplicationProcessor.run(UnhealthyReplicationProcessor.java:140)
        at java.lang.Thread.run(Thread.java:750)
"e24e525b-11e0-482b-97ed-e0be4d88ae43@group-36DC58DA704C-LeaderStateImpl" daemon prio=5 tid=393 timed_waiting
java.lang.Thread.State: TIMED_WAITING
        at sun.misc.Unsafe.park(Native Method)
        at java.util.concurrent.locks.LockSupport.parkNanos(LockSupport.java:215)
        at java.util.concurrent.locks.AbstractQueuedSynchronizer$ConditionObject.awaitNanos(AbstractQueuedSynchronizer.java:2078)
        at java.util.concurrent.ArrayBlockingQueue.poll(ArrayBlockingQueue.java:418)
        at org.apache.ratis.server.impl.LeaderStateImpl$EventQueue.poll(LeaderStateImpl.java:159)
        at org.apache.ratis.server.impl.LeaderStateImpl$EventProcessor.run(LeaderStateImpl.java:630)
"c5f0e82b-af1b-4789-ae30-308dce149649-server-thread1" daemon prio=5 tid=401 timed_waiting
java.lang.Thread.State: TIMED_WAITING
        at sun.misc.Unsafe.park(Native Method)
        at java.util.concurrent.locks.LockSupport.parkNanos(LockSupport.java:215)
        at java.util.concurrent.SynchronousQueue$TransferStack.awaitFulfill(SynchronousQueue.java:460)
        at java.util.concurrent.SynchronousQueue$TransferStack.transfer(SynchronousQueue.java:362)
        at java.util.concurrent.SynchronousQueue.poll(SynchronousQueue.java:941)
        at java.util.concurrent.ThreadPoolExecutor.getTask(ThreadPoolExecutor.java:1073)
        at java.util.concurrent.ThreadPoolExecutor.runWorker(ThreadPoolExecutor.java:1134)
        at java.util.concurrent.ThreadPoolExecutor$Worker.run(ThreadPoolExecutor.java:624)
        at java.lang.Thread.run(Thread.java:750)
"IPC Server handler 9 on default port 34121" daemon prio=5 tid=56 timed_waiting
java.lang.Thread.State: TIMED_WAITING
        at sun.misc.Unsafe.park(Native Method)
        at java.util.concurrent.locks.LockSupport.parkNanos(LockSupport.java:215)
        at java.util.concurrent.locks.AbstractQueuedSynchronizer$ConditionObject.awaitNanos(AbstractQueuedSynchronizer.java:2078)
        at java.util.concurrent.LinkedBlockingQueue.poll(LinkedBlockingQueue.java:467)
        at org.apache.hadoop.ipc.CallQueueManager.take(CallQueueManager.java:317)
        at org.apache.hadoop.ipc.Server$Handler.run(Server.java:2942)
"b7545b0c-a4b8-458e-a79e-332c552b3ba3@group-36DC58DA704C-SegmentedRaftLogWorker"  prio=5 tid=346 timed_waiting
java.lang.Thread.State: TIMED_WAITING
        at sun.misc.Unsafe.park(Native Method)
        at java.util.concurrent.locks.LockSupport.parkNanos(LockSupport.java:215)
        at java.util.concurrent.locks.AbstractQueuedSynchronizer$ConditionObject.awaitNanos(AbstractQueuedSynchronizer.java:2078)
        at org.apache.ratis.util.DataBlockingQueue.poll(DataBlockingQueue.java:148)
        at org.apache.ratis.server.raftlog.segmented.SegmentedRaftLogWorker.run(SegmentedRaftLogWorker.java:312)
        at org.apache.ratis.server.raftlog.segmented.SegmentedRaftLogWorker$$Lambda$635/7565803.run(Unknown Source)
        at java.lang.Thread.run(Thread.java:750)
"qtp287628152-249" daemon prio=5 tid=249 timed_waiting
java.lang.Thread.State: TIMED_WAITING
        at sun.misc.Unsafe.park(Native Method)
        at java.util.concurrent.locks.LockSupport.parkNanos(LockSupport.java:215)
        at java.util.concurrent.locks.AbstractQueuedSynchronizer$ConditionObject.awaitNanos(AbstractQueuedSynchronizer.java:2078)
        at org.eclipse.jetty.util.BlockingArrayQueue.poll(BlockingArrayQueue.java:382)
        at org.eclipse.jetty.util.thread.QueuedThreadPool$Runner.idleJobPoll(QueuedThreadPool.java:974)
        at org.eclipse.jetty.util.thread.QueuedThreadPool$Runner.run(QueuedThreadPool.java:1018)
        at java.lang.Thread.run(Thread.java:750)
"IPC Server Responder" daemon prio=5 tid=27 runnable
java.lang.Thread.State: RUNNABLE
        at sun.nio.ch.EPollArrayWrapper.epollWait(Native Method)
        at sun.nio.ch.EPollArrayWrapper.poll(EPollArrayWrapper.java:269)
        at sun.nio.ch.EPollSelectorImpl.doSelect(EPollSelectorImpl.java:93)
        at sun.nio.ch.SelectorImpl.lockAndDoSelect(SelectorImpl.java:86)
        at sun.nio.ch.SelectorImpl.select(SelectorImpl.java:97)
        at org.apache.hadoop.ipc.Server$Responder.doRunLoop(Server.java:1532)
        at org.apache.hadoop.ipc.Server$Responder.run(Server.java:1515)
"om1@group-C5BA1605619E-SegmentedRaftLogWorker" daemon prio=5 tid=136 timed_waiting
java.lang.Thread.State: TIMED_WAITING
        at sun.misc.Unsafe.park(Native Method)
        at java.util.concurrent.locks.LockSupport.parkNanos(LockSupport.java:215)
        at java.util.concurrent.locks.AbstractQueuedSynchronizer$ConditionObject.awaitNanos(AbstractQueuedSynchronizer.java:2078)
        at org.apache.ratis.util.DataBlockingQueue.poll(DataBlockingQueue.java:148)
        at org.apache.ratis.server.raftlog.segmented.SegmentedRaftLogWorker.run(SegmentedRaftLogWorker.java:312)
        at org.apache.ratis.server.raftlog.segmented.SegmentedRaftLogWorker$$Lambda$635/7565803.run(Unknown Source)
        at java.lang.Thread.run(Thread.java:750)
"b7545b0c-a4b8-458e-a79e-332c552b3ba3@group-4893EADF288C-LeaderStateImpl" daemon prio=5 tid=391 timed_waiting
java.lang.Thread.State: TIMED_WAITING
        at sun.misc.Unsafe.park(Native Method)
        at java.util.concurrent.locks.LockSupport.parkNanos(LockSupport.java:215)
        at java.util.concurrent.locks.AbstractQueuedSynchronizer$ConditionObject.awaitNanos(AbstractQueuedSynchronizer.java:2078)
        at java.util.concurrent.ArrayBlockingQueue.poll(ArrayBlockingQueue.java:418)
        at org.apache.ratis.server.impl.LeaderStateImpl$EventQueue.poll(LeaderStateImpl.java:159)
        at org.apache.ratis.server.impl.LeaderStateImpl$EventProcessor.run(LeaderStateImpl.java:630)
"IPC Server handler 14 on default port 34121" daemon prio=5 tid=61 timed_waiting
java.lang.Thread.State: TIMED_WAITING
        at sun.misc.Unsafe.park(Native Method)
        at java.util.concurrent.locks.LockSupport.parkNanos(LockSupport.java:215)
        at java.util.concurrent.locks.AbstractQueuedSynchronizer$ConditionObject.awaitNanos(AbstractQueuedSynchronizer.java:2078)
        at java.util.concurrent.LinkedBlockingQueue.poll(LinkedBlockingQueue.java:467)
        at org.apache.hadoop.ipc.CallQueueManager.take(CallQueueManager.java:317)
        at org.apache.hadoop.ipc.Server$Handler.run(Server.java:2942)
"IPC Server handler 2 on default port 34121" daemon prio=5 tid=49 timed_waiting
java.lang.Thread.State: TIMED_WAITING
        at sun.misc.Unsafe.park(Native Method)
        at java.util.concurrent.locks.LockSupport.parkNanos(LockSupport.java:215)
        at java.util.concurrent.locks.AbstractQueuedSynchronizer$ConditionObject.awaitNanos(AbstractQueuedSynchronizer.java:2078)
        at java.util.concurrent.LinkedBlockingQueue.poll(LinkedBlockingQueue.java:467)
        at org.apache.hadoop.ipc.CallQueueManager.take(CallQueueManager.java:317)
        at org.apache.hadoop.ipc.Server$Handler.run(Server.java:2942)
"qtp900301074-115" daemon prio=5 tid=115 timed_waiting
java.lang.Thread.State: TIMED_WAITING
        at sun.misc.Unsafe.park(Native Method)
        at java.util.concurrent.locks.LockSupport.parkNanos(LockSupport.java:215)
        at java.util.concurrent.locks.AbstractQueuedSynchronizer$ConditionObject.awaitNanos(AbstractQueuedSynchronizer.java:2078)
        at org.eclipse.jetty.util.BlockingArrayQueue.poll(BlockingArrayQueue.java:382)
        at org.eclipse.jetty.util.thread.QueuedThreadPool$Runner.idleJobPoll(QueuedThreadPool.java:974)
        at org.eclipse.jetty.util.thread.QueuedThreadPool$Runner.run(QueuedThreadPool.java:1018)
        at java.lang.Thread.run(Thread.java:750)
"IPC Server listener on 0" daemon prio=5 tid=32 runnable
java.lang.Thread.State: RUNNABLE
        at sun.nio.ch.EPollArrayWrapper.epollWait(Native Method)
        at sun.nio.ch.EPollArrayWrapper.poll(EPollArrayWrapper.java:269)
        at sun.nio.ch.EPollSelectorImpl.doSelect(EPollSelectorImpl.java:93)
        at sun.nio.ch.SelectorImpl.lockAndDoSelect(SelectorImpl.java:86)
        at sun.nio.ch.SelectorImpl.select(SelectorImpl.java:97)
        at sun.nio.ch.SelectorImpl.select(SelectorImpl.java:101)
        at org.apache.hadoop.ipc.Server$Listener.run(Server.java:1358)
"IPC Server handler 15 on default port 34121" daemon prio=5 tid=62 timed_waiting
java.lang.Thread.State: TIMED_WAITING
        at sun.misc.Unsafe.park(Native Method)
        at java.util.concurrent.locks.LockSupport.parkNanos(LockSupport.java:215)
        at java.util.concurrent.locks.AbstractQueuedSynchronizer$ConditionObject.awaitNanos(AbstractQueuedSynchronizer.java:2078)
        at java.util.concurrent.LinkedBlockingQueue.poll(LinkedBlockingQueue.java:467)
        at org.apache.hadoop.ipc.CallQueueManager.take(CallQueueManager.java:317)
        at org.apache.hadoop.ipc.Server$Handler.run(Server.java:2942)
"c5f0e82b-af1b-4789-ae30-308dce149649@group-80FDC6F049CF-LeaderStateImpl" daemon prio=5 tid=358 timed_waiting
java.lang.Thread.State: TIMED_WAITING
        at sun.misc.Unsafe.park(Native Method)
        at java.util.concurrent.locks.LockSupport.parkNanos(LockSupport.java:215)
        at java.util.concurrent.locks.AbstractQueuedSynchronizer$ConditionObject.awaitNanos(AbstractQueuedSynchronizer.java:2078)
        at java.util.concurrent.ArrayBlockingQueue.poll(ArrayBlockingQueue.java:418)
        at org.apache.ratis.server.impl.LeaderStateImpl$EventQueue.poll(LeaderStateImpl.java:159)
        at org.apache.ratis.server.impl.LeaderStateImpl$EventProcessor.run(LeaderStateImpl.java:630)
"c5f0e82b-af1b-4789-ae30-308dce149649-NettyServerStreamRpc-bossGroup--thread1" daemon prio=5 tid=184 runnable
java.lang.Thread.State: RUNNABLE
        at sun.nio.ch.EPollArrayWrapper.epollWait(Native Method)
        at sun.nio.ch.EPollArrayWrapper.poll(EPollArrayWrapper.java:269)
        at sun.nio.ch.EPollSelectorImpl.doSelect(EPollSelectorImpl.java:93)
        at sun.nio.ch.SelectorImpl.lockAndDoSelect(SelectorImpl.java:86)
        at sun.nio.ch.SelectorImpl.select(SelectorImpl.java:97)
        at sun.nio.ch.SelectorImpl.select(SelectorImpl.java:101)
        at org.apache.ratis.thirdparty.io.netty.channel.nio.SelectedSelectionKeySetSelector.select(SelectedSelectionKeySetSelector.java:68)
        at org.apache.ratis.thirdparty.io.netty.channel.nio.NioEventLoop.select(NioEventLoop.java:813)
        at org.apache.ratis.thirdparty.io.netty.channel.nio.NioEventLoop.run(NioEventLoop.java:460)
        at org.apache.ratis.thirdparty.io.netty.util.concurrent.SingleThreadEventExecutor$4.run(SingleThreadEventExecutor.java:995)
        at org.apache.ratis.thirdparty.io.netty.util.internal.ThreadExecutorMap$2.run(ThreadExecutorMap.java:74)
        at java.lang.Thread.run(Thread.java:750)
"IPC Server handler 19 on default port 33237" daemon prio=5 tid=86 timed_waiting
java.lang.Thread.State: TIMED_WAITING
        at sun.misc.Unsafe.park(Native Method)
        at java.util.concurrent.locks.LockSupport.parkNanos(LockSupport.java:215)
        at java.util.concurrent.locks.AbstractQueuedSynchronizer$ConditionObject.awaitNanos(AbstractQueuedSynchronizer.java:2078)
        at java.util.concurrent.LinkedBlockingQueue.poll(LinkedBlockingQueue.java:467)
        at org.apache.hadoop.ipc.CallQueueManager.take(CallQueueManager.java:317)
        at org.apache.hadoop.ipc.Server$Handler.run(Server.java:2942)
"EventQueue-NewNodeForNewNodeHandler" daemon prio=5 tid=299 in Object.wait()
java.lang.Thread.State: WAITING (on object monitor)
        at sun.misc.Unsafe.park(Native Method)
        at java.util.concurrent.locks.LockSupport.park(LockSupport.java:175)
        at java.util.concurrent.locks.AbstractQueuedSynchronizer$ConditionObject.await(AbstractQueuedSynchronizer.java:2039)
        at java.util.concurrent.LinkedBlockingQueue.take(LinkedBlockingQueue.java:442)
        at java.util.concurrent.ThreadPoolExecutor.getTask(ThreadPoolExecutor.java:1074)
        at java.util.concurrent.ThreadPoolExecutor.runWorker(ThreadPoolExecutor.java:1134)
        at java.util.concurrent.ThreadPoolExecutor$Worker.run(ThreadPoolExecutor.java:624)
        at java.lang.Thread.run(Thread.java:750)
"Datanode State Machine Task Thread - 1"  prio=5 tid=262 in Object.wait()
java.lang.Thread.State: WAITING (on object monitor)
        at sun.misc.Unsafe.park(Native Method)
        at java.util.concurrent.locks.LockSupport.park(LockSupport.java:175)
        at java.util.concurrent.locks.AbstractQueuedSynchronizer$ConditionObject.await(AbstractQueuedSynchronizer.java:2039)
        at java.util.concurrent.LinkedBlockingQueue.take(LinkedBlockingQueue.java:442)
        at java.util.concurrent.ThreadPoolExecutor.getTask(ThreadPoolExecutor.java:1074)
        at java.util.concurrent.ThreadPoolExecutor.runWorker(ThreadPoolExecutor.java:1134)
        at java.util.concurrent.ThreadPoolExecutor$Worker.run(ThreadPoolExecutor.java:624)
        at java.lang.Thread.run(Thread.java:750)
"qtp1741199183-224" daemon prio=5 tid=224 timed_waiting
java.lang.Thread.State: TIMED_WAITING
        at sun.misc.Unsafe.park(Native Method)
        at java.util.concurrent.locks.LockSupport.parkNanos(LockSupport.java:215)
        at java.util.concurrent.locks.AbstractQueuedSynchronizer$ConditionObject.awaitNanos(AbstractQueuedSynchronizer.java:2078)
        at org.eclipse.jetty.util.BlockingArrayQueue.poll(BlockingArrayQueue.java:382)
        at org.eclipse.jetty.util.thread.QueuedThreadPool$Runner.idleJobPoll(QueuedThreadPool.java:974)
        at org.eclipse.jetty.util.thread.QueuedThreadPool$Runner.run(QueuedThreadPool.java:1018)
        at java.lang.Thread.run(Thread.java:750)
"qtp1741199183-222" daemon prio=5 tid=222 timed_waiting
java.lang.Thread.State: TIMED_WAITING
        at sun.misc.Unsafe.park(Native Method)
        at java.util.concurrent.locks.LockSupport.parkNanos(LockSupport.java:215)
        at java.util.concurrent.locks.AbstractQueuedSynchronizer$ConditionObject.awaitNanos(AbstractQueuedSynchronizer.java:2078)
        at org.eclipse.jetty.util.BlockingArrayQueue.poll(BlockingArrayQueue.java:382)
        at org.eclipse.jetty.util.thread.QueuedThreadPool$Runner.idleJobPoll(QueuedThreadPool.java:974)
        at org.eclipse.jetty.util.thread.QueuedThreadPool$Runner.run(QueuedThreadPool.java:1018)
        at java.lang.Thread.run(Thread.java:750)
"IPC Server idle connection scanner for port 35747" daemon prio=5 tid=133 timed_waiting
java.lang.Thread.State: TIMED_WAITING
        at java.lang.Object.wait(Native Method)
        at java.util.TimerThread.mainLoop(Timer.java:552)
        at java.util.TimerThread.run(Timer.java:505)
"grpc-default-worker-ELG-3-1" daemon prio=5 tid=315 runnable
java.lang.Thread.State: RUNNABLE
        at org.apache.ratis.thirdparty.io.netty.channel.epoll.Native.epollWait0(Native Method)
        at org.apache.ratis.thirdparty.io.netty.channel.epoll.Native.epollWait(Native.java:182)
        at org.apache.ratis.thirdparty.io.netty.channel.epoll.EpollEventLoop.epollWait(EpollEventLoop.java:290)
        at org.apache.ratis.thirdparty.io.netty.channel.epoll.EpollEventLoop.run(EpollEventLoop.java:354)
        at org.apache.ratis.thirdparty.io.netty.util.concurrent.SingleThreadEventExecutor$4.run(SingleThreadEventExecutor.java:995)
        at org.apache.ratis.thirdparty.io.netty.util.internal.ThreadExecutorMap$2.run(ThreadExecutorMap.java:74)
        at org.apache.ratis.thirdparty.io.netty.util.concurrent.FastThreadLocalRunnable.run(FastThreadLocalRunnable.java:30)
        at java.lang.Thread.run(Thread.java:750)
"IPC Server handler 8 on default port 35747" daemon prio=5 tid=165 timed_waiting
java.lang.Thread.State: TIMED_WAITING
        at sun.misc.Unsafe.park(Native Method)
        at java.util.concurrent.locks.LockSupport.parkNanos(LockSupport.java:215)
        at java.util.concurrent.locks.AbstractQueuedSynchronizer$ConditionObject.awaitNanos(AbstractQueuedSynchronizer.java:2078)
        at java.util.concurrent.LinkedBlockingQueue.poll(LinkedBlockingQueue.java:467)
        at org.apache.hadoop.ipc.CallQueueManager.take(CallQueueManager.java:317)
        at org.apache.hadoop.ipc.Server$Handler.run(Server.java:2942)
"IPC Server handler 7 on default port 34121" daemon prio=5 tid=54 timed_waiting
java.lang.Thread.State: TIMED_WAITING
        at sun.misc.Unsafe.park(Native Method)
        at java.util.concurrent.locks.LockSupport.parkNanos(LockSupport.java:215)
        at java.util.concurrent.locks.AbstractQueuedSynchronizer$ConditionObject.awaitNanos(AbstractQueuedSynchronizer.java:2078)
        at java.util.concurrent.LinkedBlockingQueue.poll(LinkedBlockingQueue.java:467)
        at org.apache.hadoop.ipc.CallQueueManager.take(CallQueueManager.java:317)
        at org.apache.hadoop.ipc.Server$Handler.run(Server.java:2942)
"IPC Server handler 19 on default port 37227" daemon prio=5 tid=106 timed_waiting
java.lang.Thread.State: TIMED_WAITING
        at sun.misc.Unsafe.park(Native Method)
        at java.util.concurrent.locks.LockSupport.parkNanos(LockSupport.java:215)
        at java.util.concurrent.locks.AbstractQueuedSynchronizer$ConditionObject.awaitNanos(AbstractQueuedSynchronizer.java:2078)
        at java.util.concurrent.LinkedBlockingQueue.poll(LinkedBlockingQueue.java:467)
        at org.apache.hadoop.ipc.CallQueueManager.take(CallQueueManager.java:317)
        at org.apache.hadoop.ipc.Server$Handler.run(Server.java:2942)
"Periodic HDDS volume checker" daemon prio=5 tid=179 timed_waiting
java.lang.Thread.State: TIMED_WAITING
        at sun.misc.Unsafe.park(Native Method)
        at java.util.concurrent.locks.LockSupport.parkNanos(LockSupport.java:215)
        at java.util.concurrent.locks.AbstractQueuedSynchronizer$ConditionObject.awaitNanos(AbstractQueuedSynchronizer.java:2078)
        at java.util.concurrent.ScheduledThreadPoolExecutor$DelayedWorkQueue.take(ScheduledThreadPoolExecutor.java:1093)
        at java.util.concurrent.ScheduledThreadPoolExecutor$DelayedWorkQueue.take(ScheduledThreadPoolExecutor.java:809)
        at java.util.concurrent.ThreadPoolExecutor.getTask(ThreadPoolExecutor.java:1074)
        at java.util.concurrent.ThreadPoolExecutor.runWorker(ThreadPoolExecutor.java:1134)
        at java.util.concurrent.ThreadPoolExecutor$Worker.run(ThreadPoolExecutor.java:624)
        at java.lang.Thread.run(Thread.java:750)
"Datanode ReportManager Thread - 2" daemon prio=5 tid=256 in Object.wait()
java.lang.Thread.State: WAITING (on object monitor)
        at sun.misc.Unsafe.park(Native Method)
        at java.util.concurrent.locks.LockSupport.park(LockSupport.java:175)
        at java.util.concurrent.locks.AbstractQueuedSynchronizer$ConditionObject.await(AbstractQueuedSynchronizer.java:2039)
        at java.util.concurrent.ScheduledThreadPoolExecutor$DelayedWorkQueue.take(ScheduledThreadPoolExecutor.java:1088)
        at java.util.concurrent.ScheduledThreadPoolExecutor$DelayedWorkQueue.take(ScheduledThreadPoolExecutor.java:809)
        at java.util.concurrent.ThreadPoolExecutor.getTask(ThreadPoolExecutor.java:1074)
        at java.util.concurrent.ThreadPoolExecutor.runWorker(ThreadPoolExecutor.java:1134)
        at java.util.concurrent.ThreadPoolExecutor$Worker.run(ThreadPoolExecutor.java:624)
        at java.lang.Thread.run(Thread.java:750)
"ChunkReader-ELG-0" daemon prio=5 tid=294 runnable
java.lang.Thread.State: RUNNABLE
        at org.apache.ratis.thirdparty.io.netty.channel.epoll.Native.epollWait(Native Method)
        at org.apache.ratis.thirdparty.io.netty.channel.epoll.Native.epollWait(Native.java:209)
        at org.apache.ratis.thirdparty.io.netty.channel.epoll.Native.epollWait(Native.java:202)
        at org.apache.ratis.thirdparty.io.netty.channel.epoll.EpollEventLoop.epollWaitNoTimerChange(EpollEventLoop.java:294)
        at org.apache.ratis.thirdparty.io.netty.channel.epoll.EpollEventLoop.run(EpollEventLoop.java:351)
        at org.apache.ratis.thirdparty.io.netty.util.concurrent.SingleThreadEventExecutor$4.run(SingleThreadEventExecutor.java:995)
        at org.apache.ratis.thirdparty.io.netty.util.internal.ThreadExecutorMap$2.run(ThreadExecutorMap.java:74)
        at java.lang.Thread.run(Thread.java:750)
"Listener at 127.0.0.1/35747" daemon prio=5 tid=14 runnable
java.lang.Thread.State: RUNNABLE
        at java.lang.Thread.dumpThreads(Native Method)
        at java.lang.Thread.getAllStackTraces(Thread.java:1615)
        at org.apache.ozone.test.TimedOutTestsListener.buildThreadDump(TimedOutTestsListener.java:93)
        at org.apache.ozone.test.TimedOutTestsListener.buildThreadDiagnosticString(TimedOutTestsListener.java:79)
        at org.apache.ozone.test.GenericTestUtils.waitFor(GenericTestUtils.java:231)
        at org.apache.hadoop.ozone.TestStorageContainerManager.testBlockDeletionTransactions(TestStorageContainerManager.java:324)
        at sun.reflect.NativeMethodAccessorImpl.invoke0(Native Method)
        at sun.reflect.NativeMethodAccessorImpl.invoke(NativeMethodAccessorImpl.java:62)
        at sun.reflect.DelegatingMethodAccessorImpl.invoke(DelegatingMethodAccessorImpl.java:43)
        at java.lang.reflect.Method.invoke(Method.java:498)
        at org.junit.runners.model.FrameworkMethod$1.runReflectiveCall(FrameworkMethod.java:59)
        at org.junit.internal.runners.model.ReflectiveCallable.run(ReflectiveCallable.java:12)
        at org.junit.runners.model.FrameworkMethod.invokeExplosively(FrameworkMethod.java:56)
        at org.junit.internal.runners.statements.InvokeMethod.evaluate(InvokeMethod.java:17)
        at org.junit.internal.runners.statements.RunAfters.evaluate(RunAfters.java:27)
        at org.junit.rules.ExpectedException$ExpectedExceptionStatement.evaluate(ExpectedException.java:258)
        at org.junit.internal.runners.statements.FailOnTimeout$CallableStatement.call(FailOnTimeout.java:288)
        at org.junit.internal.runners.statements.FailOnTimeout$CallableStatement.call(FailOnTimeout.java:282)
        at java.util.concurrent.FutureTask.run(FutureTask.java:266)
        at java.lang.Thread.run(Thread.java:750)
"IPC Server handler 17 on default port 35747" daemon prio=5 tid=174 timed_waiting
java.lang.Thread.State: TIMED_WAITING
        at sun.misc.Unsafe.park(Native Method)
        at java.util.concurrent.locks.LockSupport.parkNanos(LockSupport.java:215)
        at java.util.concurrent.locks.AbstractQueuedSynchronizer$ConditionObject.awaitNanos(AbstractQueuedSynchronizer.java:2078)
        at java.util.concurrent.LinkedBlockingQueue.poll(LinkedBlockingQueue.java:467)
        at org.apache.hadoop.ipc.CallQueueManager.take(CallQueueManager.java:317)
        at org.apache.hadoop.ipc.Server$Handler.run(Server.java:2942)
"e24e525b-11e0-482b-97ed-e0be4d88ae43@group-354EEF566C65-SegmentedRaftLogWorker"  prio=5 tid=320 timed_waiting
java.lang.Thread.State: TIMED_WAITING
        at sun.misc.Unsafe.park(Native Method)
        at java.util.concurrent.locks.LockSupport.parkNanos(LockSupport.java:215)
        at java.util.concurrent.locks.AbstractQueuedSynchronizer$ConditionObject.awaitNanos(AbstractQueuedSynchronizer.java:2078)
        at org.apache.ratis.util.DataBlockingQueue.poll(DataBlockingQueue.java:148)
        at org.apache.ratis.server.raftlog.segmented.SegmentedRaftLogWorker.run(SegmentedRaftLogWorker.java:312)
        at org.apache.ratis.server.raftlog.segmented.SegmentedRaftLogWorker$$Lambda$635/7565803.run(Unknown Source)
        at java.lang.Thread.run(Thread.java:750)
"IPC Server handler 13 on default port 37227" daemon prio=5 tid=100 timed_waiting
java.lang.Thread.State: TIMED_WAITING
        at sun.misc.Unsafe.park(Native Method)
        at java.util.concurrent.locks.LockSupport.parkNanos(LockSupport.java:215)
        at java.util.concurrent.locks.AbstractQueuedSynchronizer$ConditionObject.awaitNanos(AbstractQueuedSynchronizer.java:2078)
        at java.util.concurrent.LinkedBlockingQueue.poll(LinkedBlockingQueue.java:467)
        at org.apache.hadoop.ipc.CallQueueManager.take(CallQueueManager.java:317)
        at org.apache.hadoop.ipc.Server$Handler.run(Server.java:2942)
"IPC Server handler 6 on default port 34121" daemon prio=5 tid=53 timed_waiting
java.lang.Thread.State: TIMED_WAITING
        at sun.misc.Unsafe.park(Native Method)
        at java.util.concurrent.locks.LockSupport.parkNanos(LockSupport.java:215)
        at java.util.concurrent.locks.AbstractQueuedSynchronizer$ConditionObject.awaitNanos(AbstractQueuedSynchronizer.java:2078)
        at java.util.concurrent.LinkedBlockingQueue.poll(LinkedBlockingQueue.java:467)
        at org.apache.hadoop.ipc.CallQueueManager.take(CallQueueManager.java:317)
        at org.apache.hadoop.ipc.Server$Handler.run(Server.java:2942)
"e24e525b-11e0-482b-97ed-e0be4d88ae43@group-36DC58DA704C->b7545b0c-a4b8-458e-a79e-332c552b3ba3-GrpcLogAppender-LogAppenderDaemon" daemon prio=5 tid=396 timed_waiting
java.lang.Thread.State: TIMED_WAITING
        at sun.misc.Unsafe.park(Native Method)
        at java.util.concurrent.locks.LockSupport.parkNanos(LockSupport.java:215)
        at java.util.concurrent.locks.AbstractQueuedSynchronizer$ConditionObject.await(AbstractQueuedSynchronizer.java:2163)
        at org.apache.ratis.util.AwaitForSignal.await(AwaitForSignal.java:62)
        at org.apache.ratis.grpc.server.GrpcLogAppender.mayWait(GrpcLogAppender.java:198)
        at org.apache.ratis.grpc.server.GrpcLogAppender.run(GrpcLogAppender.java:148)
        at org.apache.ratis.server.leader.LogAppenderDaemon.run(LogAppenderDaemon.java:78)
        at org.apache.ratis.server.leader.LogAppenderDaemon$$Lambda$1047/71428700.run(Unknown Source)
        at java.lang.Thread.run(Thread.java:750)
"JvmPauseMonitor1" daemon prio=5 tid=269 timed_waiting
java.lang.Thread.State: TIMED_WAITING
        at java.lang.Thread.sleep(Native Method)
        at java.lang.Thread.sleep(Thread.java:342)
        at java.util.concurrent.TimeUnit.sleep(TimeUnit.java:386)
        at org.apache.ratis.util.TimeDuration.sleep(TimeDuration.java:325)
        at org.apache.ratis.util.TimeDuration.sleep(TimeDuration.java:310)
        at org.apache.ratis.util.JvmPauseMonitor.detectPause(JvmPauseMonitor.java:119)
        at org.apache.ratis.util.JvmPauseMonitor.run(JvmPauseMonitor.java:108)
        at org.apache.ratis.util.JvmPauseMonitor$$Lambda$676/279705196.run(Unknown Source)
        at java.lang.Thread.run(Thread.java:750)
"IPC Server handler 3 on default port 34121" daemon prio=5 tid=50 timed_waiting
java.lang.Thread.State: TIMED_WAITING
        at sun.misc.Unsafe.park(Native Method)
        at java.util.concurrent.locks.LockSupport.parkNanos(LockSupport.java:215)
        at java.util.concurrent.locks.AbstractQueuedSynchronizer$ConditionObject.awaitNanos(AbstractQueuedSynchronizer.java:2078)
        at java.util.concurrent.LinkedBlockingQueue.poll(LinkedBlockingQueue.java:467)
        at org.apache.hadoop.ipc.CallQueueManager.take(CallQueueManager.java:317)
        at org.apache.hadoop.ipc.Server$Handler.run(Server.java:2942)
"e24e525b-11e0-482b-97ed-e0be4d88ae43-client-thread1" daemon prio=5 tid=424 timed_waiting
java.lang.Thread.State: TIMED_WAITING
        at sun.misc.Unsafe.park(Native Method)
        at java.util.concurrent.locks.LockSupport.parkNanos(LockSupport.java:215)
        at java.util.concurrent.SynchronousQueue$TransferStack.awaitFulfill(SynchronousQueue.java:460)
        at java.util.concurrent.SynchronousQueue$TransferStack.transfer(SynchronousQueue.java:362)
        at java.util.concurrent.SynchronousQueue.poll(SynchronousQueue.java:941)
        at java.util.concurrent.ThreadPoolExecutor.getTask(ThreadPoolExecutor.java:1073)
        at java.util.concurrent.ThreadPoolExecutor.runWorker(ThreadPoolExecutor.java:1134)
        at java.util.concurrent.ThreadPoolExecutor$Worker.run(ThreadPoolExecutor.java:624)
        at java.lang.Thread.run(Thread.java:750)
"IPC Server handler 0 on default port 33237" daemon prio=5 tid=67 timed_waiting
java.lang.Thread.State: TIMED_WAITING
        at sun.misc.Unsafe.park(Native Method)
        at java.util.concurrent.locks.LockSupport.parkNanos(LockSupport.java:215)
        at java.util.concurrent.locks.AbstractQueuedSynchronizer$ConditionObject.awaitNanos(AbstractQueuedSynchronizer.java:2078)
        at java.util.concurrent.LinkedBlockingQueue.poll(LinkedBlockingQueue.java:467)
        at org.apache.hadoop.ipc.CallQueueManager.take(CallQueueManager.java:317)
        at org.apache.hadoop.ipc.Server$Handler.run(Server.java:2942)
"IPC Server handler 9 on default port 33237" daemon prio=5 tid=76 timed_waiting
java.lang.Thread.State: TIMED_WAITING
        at sun.misc.Unsafe.park(Native Method)
        at java.util.concurrent.locks.LockSupport.parkNanos(LockSupport.java:215)
        at java.util.concurrent.locks.AbstractQueuedSynchronizer$ConditionObject.awaitNanos(AbstractQueuedSynchronizer.java:2078)
        at java.util.concurrent.LinkedBlockingQueue.poll(LinkedBlockingQueue.java:467)
        at org.apache.hadoop.ipc.CallQueueManager.take(CallQueueManager.java:317)
        at org.apache.hadoop.ipc.Server$Handler.run(Server.java:2942)
"qtp287628152-246" daemon prio=5 tid=246 timed_waiting
java.lang.Thread.State: TIMED_WAITING
        at sun.misc.Unsafe.park(Native Method)
        at java.util.concurrent.locks.LockSupport.parkNanos(LockSupport.java:215)
        at java.util.concurrent.locks.AbstractQueuedSynchronizer$ConditionObject.awaitNanos(AbstractQueuedSynchronizer.java:2078)
        at org.eclipse.jetty.util.BlockingArrayQueue.poll(BlockingArrayQueue.java:382)
        at org.eclipse.jetty.util.thread.QueuedThreadPool$Runner.idleJobPoll(QueuedThreadPool.java:974)
        at org.eclipse.jetty.util.thread.QueuedThreadPool$Runner.run(QueuedThreadPool.java:1018)
        at java.lang.Thread.run(Thread.java:750)
"qtp1741199183-221" daemon prio=5 tid=221 timed_waiting
java.lang.Thread.State: TIMED_WAITING
        at sun.misc.Unsafe.park(Native Method)
        at java.util.concurrent.locks.LockSupport.parkNanos(LockSupport.java:215)
        at java.util.concurrent.locks.AbstractQueuedSynchronizer$ConditionObject.awaitNanos(AbstractQueuedSynchronizer.java:2078)
        at org.eclipse.jetty.util.BlockingArrayQueue.poll(BlockingArrayQueue.java:382)
        at org.eclipse.jetty.util.thread.QueuedThreadPool$Runner.idleJobPoll(QueuedThreadPool.java:974)
        at org.eclipse.jetty.util.thread.QueuedThreadPool$Runner.run(QueuedThreadPool.java:1018)
        at java.lang.Thread.run(Thread.java:750)
"PartialTableCache Cleanup Thread - 0" daemon prio=5 tid=413 in Object.wait()
java.lang.Thread.State: WAITING (on object monitor)
        at sun.misc.Unsafe.park(Native Method)
        at java.util.concurrent.locks.LockSupport.park(LockSupport.java:175)
        at java.util.concurrent.locks.AbstractQueuedSynchronizer$ConditionObject.await(AbstractQueuedSynchronizer.java:2039)
        at java.util.concurrent.LinkedBlockingQueue.take(LinkedBlockingQueue.java:442)
        at java.util.concurrent.ThreadPoolExecutor.getTask(ThreadPoolExecutor.java:1074)
        at java.util.concurrent.ThreadPoolExecutor.runWorker(ThreadPoolExecutor.java:1134)
        at java.util.concurrent.ThreadPoolExecutor$Worker.run(ThreadPoolExecutor.java:624)
        at java.lang.Thread.run(Thread.java:750)
"Datanode ReportManager Thread - 3" daemon prio=5 tid=230 in Object.wait()
java.lang.Thread.State: WAITING (on object monitor)
        at sun.misc.Unsafe.park(Native Method)
        at java.util.concurrent.locks.LockSupport.park(LockSupport.java:175)
        at java.util.concurrent.locks.AbstractQueuedSynchronizer$ConditionObject.await(AbstractQueuedSynchronizer.java:2039)
        at java.util.concurrent.ScheduledThreadPoolExecutor$DelayedWorkQueue.take(ScheduledThreadPoolExecutor.java:1088)
        at java.util.concurrent.ScheduledThreadPoolExecutor$DelayedWorkQueue.take(ScheduledThreadPoolExecutor.java:809)
        at java.util.concurrent.ThreadPoolExecutor.getTask(ThreadPoolExecutor.java:1074)
        at java.util.concurrent.ThreadPoolExecutor.runWorker(ThreadPoolExecutor.java:1134)
        at java.util.concurrent.ThreadPoolExecutor$Worker.run(ThreadPoolExecutor.java:624)
        at java.lang.Thread.run(Thread.java:750)
"org.apache.hadoop.ozone.container.common.statemachine.commandhandler.DeleteBlocksCommandHandler$DeleteCmdWorker@5ea682d8" daemon prio=5 tid=186 timed_waiting
java.lang.Thread.State: TIMED_WAITING
        at java.lang.Thread.sleep(Native Method)
        at org.apache.hadoop.ozone.container.common.statemachine.commandhandler.DeleteBlocksCommandHandler$DeleteCmdWorker.run(DeleteBlocksCommandHandler.java:184)
        at java.lang.Thread.run(Thread.java:750)
"FixedThreadPoolWithAffinityExecutor-8-0" daemon prio=5 tid=44 timed_waiting
java.lang.Thread.State: TIMED_WAITING
        at sun.misc.Unsafe.park(Native Method)
        at java.util.concurrent.locks.LockSupport.parkNanos(LockSupport.java:215)
        at java.util.concurrent.locks.AbstractQueuedSynchronizer$ConditionObject.awaitNanos(AbstractQueuedSynchronizer.java:2078)
        at java.util.concurrent.LinkedBlockingQueue.poll(LinkedBlockingQueue.java:467)
        at org.apache.hadoop.hdds.scm.server.ContainerReportQueue.poll(ContainerReportQueue.java:266)
        at org.apache.hadoop.hdds.scm.server.ContainerReportQueue.poll(ContainerReportQueue.java:42)
        at org.apache.hadoop.hdds.server.events.FixedThreadPoolWithAffinityExecutor$ContainerReportProcessTask.run(FixedThreadPoolWithAffinityExecutor.java:247)
        at java.util.concurrent.Executors$RunnableAdapter.call(Executors.java:511)
        at java.util.concurrent.FutureTask.run(FutureTask.java:266)
        at java.util.concurrent.ThreadPoolExecutor.runWorker(ThreadPoolExecutor.java:1149)
        at java.util.concurrent.ThreadPoolExecutor$Worker.run(ThreadPoolExecutor.java:624)
        at java.lang.Thread.run(Thread.java:750)
"grpc-default-executor-4" daemon prio=5 tid=379 timed_waiting
java.lang.Thread.State: TIMED_WAITING
        at sun.misc.Unsafe.park(Native Method)
        at java.util.concurrent.locks.LockSupport.parkNanos(LockSupport.java:215)
        at java.util.concurrent.SynchronousQueue$TransferStack.awaitFulfill(SynchronousQueue.java:460)
        at java.util.concurrent.SynchronousQueue$TransferStack.transfer(SynchronousQueue.java:362)
        at java.util.concurrent.SynchronousQueue.poll(SynchronousQueue.java:941)
        at java.util.concurrent.ThreadPoolExecutor.getTask(ThreadPoolExecutor.java:1073)
        at java.util.concurrent.ThreadPoolExecutor.runWorker(ThreadPoolExecutor.java:1134)
        at java.util.concurrent.ThreadPoolExecutor$Worker.run(ThreadPoolExecutor.java:624)
        at java.lang.Thread.run(Thread.java:750)
"b7545b0c-a4b8-458e-a79e-332c552b3ba3@group-C04DF5843E0E->e24e525b-11e0-482b-97ed-e0be4d88ae43-GrpcLogAppender-LogAppenderDaemon" daemon prio=5 tid=370 timed_waiting
java.lang.Thread.State: TIMED_WAITING
        at sun.misc.Unsafe.park(Native Method)
        at java.util.concurrent.locks.LockSupport.parkNanos(LockSupport.java:215)
        at java.util.concurrent.locks.AbstractQueuedSynchronizer$ConditionObject.await(AbstractQueuedSynchronizer.java:2163)
        at org.apache.ratis.util.AwaitForSignal.await(AwaitForSignal.java:62)
        at org.apache.ratis.grpc.server.GrpcLogAppender.mayWait(GrpcLogAppender.java:198)
        at org.apache.ratis.grpc.server.GrpcLogAppender.run(GrpcLogAppender.java:148)
        at org.apache.ratis.server.leader.LogAppenderDaemon.run(LogAppenderDaemon.java:78)
        at org.apache.ratis.server.leader.LogAppenderDaemon$$Lambda$1047/71428700.run(Unknown Source)
        at java.lang.Thread.run(Thread.java:750)
"qtp937092109-190" daemon prio=5 tid=190 timed_waiting
java.lang.Thread.State: TIMED_WAITING
        at sun.misc.Unsafe.park(Native Method)
        at java.util.concurrent.locks.LockSupport.parkNanos(LockSupport.java:215)
        at java.util.concurrent.locks.AbstractQueuedSynchronizer$ConditionObject.awaitNanos(AbstractQueuedSynchronizer.java:2078)
        at org.eclipse.jetty.util.BlockingArrayQueue.poll(BlockingArrayQueue.java:382)
        at org.eclipse.jetty.util.thread.QueuedThreadPool$Runner.idleJobPoll(QueuedThreadPool.java:974)
        at org.eclipse.jetty.util.thread.QueuedThreadPool$Runner.run(QueuedThreadPool.java:1018)
        at java.lang.Thread.run(Thread.java:750)
"Datanode ReportManager Thread - 4" daemon prio=5 tid=258 in Object.wait()
java.lang.Thread.State: WAITING (on object monitor)
        at sun.misc.Unsafe.park(Native Method)
        at java.util.concurrent.locks.LockSupport.park(LockSupport.java:175)
        at java.util.concurrent.locks.AbstractQueuedSynchronizer$ConditionObject.await(AbstractQueuedSynchronizer.java:2039)
        at java.util.concurrent.ScheduledThreadPoolExecutor$DelayedWorkQueue.take(ScheduledThreadPoolExecutor.java:1088)
        at java.util.concurrent.ScheduledThreadPoolExecutor$DelayedWorkQueue.take(ScheduledThreadPoolExecutor.java:809)
        at java.util.concurrent.ThreadPoolExecutor.getTask(ThreadPoolExecutor.java:1074)
        at java.util.concurrent.ThreadPoolExecutor.runWorker(ThreadPoolExecutor.java:1134)
        at java.util.concurrent.ThreadPoolExecutor$Worker.run(ThreadPoolExecutor.java:624)
        at java.lang.Thread.run(Thread.java:750)
"e24e525b-11e0-482b-97ed-e0be4d88ae43@group-354EEF566C65-LeaderStateImpl" daemon prio=5 tid=360 timed_waiting
java.lang.Thread.State: TIMED_WAITING
        at sun.misc.Unsafe.park(Native Method)
        at java.util.concurrent.locks.LockSupport.parkNanos(LockSupport.java:215)
        at java.util.concurrent.locks.AbstractQueuedSynchronizer$ConditionObject.awaitNanos(AbstractQueuedSynchronizer.java:2078)
        at java.util.concurrent.ArrayBlockingQueue.poll(ArrayBlockingQueue.java:418)
        at org.apache.ratis.server.impl.LeaderStateImpl$EventQueue.poll(LeaderStateImpl.java:159)
        at org.apache.ratis.server.impl.LeaderStateImpl$EventProcessor.run(LeaderStateImpl.java:630)
"org.apache.hadoop.util.JvmPauseMonitor$Monitor@50b75b0f" daemon prio=5 tid=204 timed_waiting
java.lang.Thread.State: TIMED_WAITING
        at java.lang.Thread.sleep(Native Method)
        at org.apache.hadoop.util.JvmPauseMonitor$Monitor.run(JvmPauseMonitor.java:192)
        at java.lang.Thread.run(Thread.java:750)
"Datanode ReportManager Thread - 4" daemon prio=5 tid=231 in Object.wait()
java.lang.Thread.State: WAITING (on object monitor)
        at sun.misc.Unsafe.park(Native Method)
        at java.util.concurrent.locks.LockSupport.park(LockSupport.java:175)
        at java.util.concurrent.locks.AbstractQueuedSynchronizer$ConditionObject.await(AbstractQueuedSynchronizer.java:2039)
        at java.util.concurrent.ScheduledThreadPoolExecutor$DelayedWorkQueue.take(ScheduledThreadPoolExecutor.java:1088)
        at java.util.concurrent.ScheduledThreadPoolExecutor$DelayedWorkQueue.take(ScheduledThreadPoolExecutor.java:809)
        at java.util.concurrent.ThreadPoolExecutor.getTask(ThreadPoolExecutor.java:1074)
        at java.util.concurrent.ThreadPoolExecutor.runWorker(ThreadPoolExecutor.java:1134)
        at java.util.concurrent.ThreadPoolExecutor$Worker.run(ThreadPoolExecutor.java:624)
        at java.lang.Thread.run(Thread.java:750)
"EndpointStateMachine task thread for /0.0.0.0:37227 - 0 "  prio=5 tid=276 in Object.wait()
java.lang.Thread.State: WAITING (on object monitor)
        at sun.misc.Unsafe.park(Native Method)
        at java.util.concurrent.locks.LockSupport.park(LockSupport.java:175)
        at java.util.concurrent.locks.AbstractQueuedSynchronizer$ConditionObject.await(AbstractQueuedSynchronizer.java:2039)
        at java.util.concurrent.LinkedBlockingQueue.take(LinkedBlockingQueue.java:442)
        at java.util.concurrent.ThreadPoolExecutor.getTask(ThreadPoolExecutor.java:1074)
        at java.util.concurrent.ThreadPoolExecutor.runWorker(ThreadPoolExecutor.java:1134)
        at java.util.concurrent.ThreadPoolExecutor$Worker.run(ThreadPoolExecutor.java:624)
        at java.lang.Thread.run(Thread.java:750)
"ChunkWriter-3-0" daemon prio=5 tid=280 in Object.wait()
java.lang.Thread.State: WAITING (on object monitor)
        at sun.misc.Unsafe.park(Native Method)
        at java.util.concurrent.locks.LockSupport.park(LockSupport.java:175)
        at java.util.concurrent.locks.AbstractQueuedSynchronizer$ConditionObject.await(AbstractQueuedSynchronizer.java:2039)
        at java.util.concurrent.LinkedBlockingDeque.takeFirst(LinkedBlockingDeque.java:492)
        at java.util.concurrent.LinkedBlockingDeque.take(LinkedBlockingDeque.java:680)
        at java.util.concurrent.ThreadPoolExecutor.getTask(ThreadPoolExecutor.java:1074)
        at java.util.concurrent.ThreadPoolExecutor.runWorker(ThreadPoolExecutor.java:1134)
        at java.util.concurrent.ThreadPoolExecutor$Worker.run(ThreadPoolExecutor.java:624)
        at java.lang.Thread.run(Thread.java:750)
"Finalizer" daemon prio=8 tid=3 in Object.wait()
java.lang.Thread.State: WAITING (on object monitor)
        at java.lang.Object.wait(Native Method)
        at java.lang.ref.ReferenceQueue.remove(ReferenceQueue.java:144)
        at java.lang.ref.ReferenceQueue.remove(ReferenceQueue.java:165)
        at java.lang.ref.Finalizer$FinalizerThread.run(Finalizer.java:188)
"SCM Heartbeat Processing Thread - 0" daemon prio=5 tid=15 timed_waiting
java.lang.Thread.State: TIMED_WAITING
        at sun.misc.Unsafe.park(Native Method)
        at java.util.concurrent.locks.LockSupport.parkNanos(LockSupport.java:215)
        at java.util.concurrent.locks.AbstractQueuedSynchronizer$ConditionObject.awaitNanos(AbstractQueuedSynchronizer.java:2078)
        at java.util.concurrent.ScheduledThreadPoolExecutor$DelayedWorkQueue.take(ScheduledThreadPoolExecutor.java:1093)
        at java.util.concurrent.ScheduledThreadPoolExecutor$DelayedWorkQueue.take(ScheduledThreadPoolExecutor.java:809)
        at java.util.concurrent.ThreadPoolExecutor.getTask(ThreadPoolExecutor.java:1074)
        at java.util.concurrent.ThreadPoolExecutor.runWorker(ThreadPoolExecutor.java:1134)
        at java.util.concurrent.ThreadPoolExecutor$Worker.run(ThreadPoolExecutor.java:624)
        at java.lang.Thread.run(Thread.java:750)
"ReplicationMonitor" daemon prio=5 tid=19 timed_waiting
java.lang.Thread.State: TIMED_WAITING
        at java.lang.Object.wait(Native Method)
        at org.apache.hadoop.hdds.scm.container.replication.ReplicationManager.run(ReplicationManager.java:876)
        at org.apache.hadoop.hdds.scm.container.replication.ReplicationManager$$Lambda$339/1932986998.run(Unknown Source)
        at java.lang.Thread.run(Thread.java:750)
"BlockDeletingService#1" daemon prio=5 tid=286 in Object.wait()
java.lang.Thread.State: WAITING (on object monitor)
        at sun.misc.Unsafe.park(Native Method)
        at java.util.concurrent.locks.LockSupport.park(LockSupport.java:175)
        at java.util.concurrent.locks.AbstractQueuedSynchronizer$ConditionObject.await(AbstractQueuedSynchronizer.java:2039)
        at java.util.concurrent.ScheduledThreadPoolExecutor$DelayedWorkQueue.take(ScheduledThreadPoolExecutor.java:1088)
        at java.util.concurrent.ScheduledThreadPoolExecutor$DelayedWorkQueue.take(ScheduledThreadPoolExecutor.java:809)
        at java.util.concurrent.ThreadPoolExecutor.getTask(ThreadPoolExecutor.java:1074)
        at java.util.concurrent.ThreadPoolExecutor.runWorker(ThreadPoolExecutor.java:1134)
        at java.util.concurrent.ThreadPoolExecutor$Worker.run(ThreadPoolExecutor.java:624)
        at java.lang.Thread.run(Thread.java:750)
"Datanode ReportManager Thread - 0" daemon prio=5 tid=198 in Object.wait()
java.lang.Thread.State: WAITING (on object monitor)
        at sun.misc.Unsafe.unpark(Native Method)
        at java.util.concurrent.locks.LockSupport.unpark(LockSupport.java:141)
        at java.util.concurrent.locks.AbstractQueuedSynchronizer.unparkSuccessor(AbstractQueuedSynchronizer.java:662)
        at java.util.concurrent.locks.AbstractQueuedSynchronizer.release(AbstractQueuedSynchronizer.java:1264)
        at java.util.concurrent.locks.ReentrantLock.unlock(ReentrantLock.java:457)
        at java.util.concurrent.ScheduledThreadPoolExecutor$DelayedWorkQueue.take(ScheduledThreadPoolExecutor.java:1104)
        at java.util.concurrent.ScheduledThreadPoolExecutor$DelayedWorkQueue.take(ScheduledThreadPoolExecutor.java:809)
        at java.util.concurrent.ThreadPoolExecutor.getTask(ThreadPoolExecutor.java:1074)
        at java.util.concurrent.ThreadPoolExecutor.runWorker(ThreadPoolExecutor.java:1134)
        at java.util.concurrent.ThreadPoolExecutor$Worker.run(ThreadPoolExecutor.java:624)
        at java.lang.Thread.run(Thread.java:750)
"IPC Server handler 15 on default port 35747" daemon prio=5 tid=172 timed_waiting
java.lang.Thread.State: TIMED_WAITING
        at sun.misc.Unsafe.park(Native Method)
        at java.util.concurrent.locks.LockSupport.parkNanos(LockSupport.java:215)
        at java.util.concurrent.locks.AbstractQueuedSynchronizer$ConditionObject.awaitNanos(AbstractQueuedSynchronizer.java:2078)
        at java.util.concurrent.LinkedBlockingQueue.poll(LinkedBlockingQueue.java:467)
        at org.apache.hadoop.ipc.CallQueueManager.take(CallQueueManager.java:317)
        at org.apache.hadoop.ipc.Server$Handler.run(Server.java:2942)
"IPC Server listener on 0" daemon prio=5 tid=24 runnable
java.lang.Thread.State: RUNNABLE
        at sun.nio.ch.EPollArrayWrapper.epollWait(Native Method)
        at sun.nio.ch.EPollArrayWrapper.poll(EPollArrayWrapper.java:269)
        at sun.nio.ch.EPollSelectorImpl.doSelect(EPollSelectorImpl.java:93)
        at sun.nio.ch.SelectorImpl.lockAndDoSelect(SelectorImpl.java:86)
        at sun.nio.ch.SelectorImpl.select(SelectorImpl.java:97)
        at sun.nio.ch.SelectorImpl.select(SelectorImpl.java:101)
        at org.apache.hadoop.ipc.Server$Listener.run(Server.java:1358)
"ContainerOp-2836bafa-7548-4a50-b22c-4893eadf288c-5"  prio=5 tid=430 in Object.wait()
java.lang.Thread.State: WAITING (on object monitor)
        at sun.misc.Unsafe.park(Native Method)
        at java.util.concurrent.locks.LockSupport.park(LockSupport.java:175)
        at java.util.concurrent.locks.AbstractQueuedSynchronizer$ConditionObject.await(AbstractQueuedSynchronizer.java:2039)
        at java.util.concurrent.LinkedBlockingQueue.take(LinkedBlockingQueue.java:442)
        at java.util.concurrent.ThreadPoolExecutor.getTask(ThreadPoolExecutor.java:1074)
        at java.util.concurrent.ThreadPoolExecutor.runWorker(ThreadPoolExecutor.java:1134)
        at java.util.concurrent.ThreadPoolExecutor$Worker.run(ThreadPoolExecutor.java:624)
        at java.lang.Thread.run(Thread.java:750)
"pool-119-thread-1"  prio=5 tid=319 in Object.wait()
java.lang.Thread.State: WAITING (on object monitor)
        at sun.misc.Unsafe.park(Native Method)
        at java.util.concurrent.locks.LockSupport.park(LockSupport.java:175)
        at java.util.concurrent.locks.AbstractQueuedSynchronizer$ConditionObject.await(AbstractQueuedSynchronizer.java:2039)
        at java.util.concurrent.LinkedBlockingQueue.take(LinkedBlockingQueue.java:442)
        at java.util.concurrent.ThreadPoolExecutor.getTask(ThreadPoolExecutor.java:1074)
        at java.util.concurrent.ThreadPoolExecutor.runWorker(ThreadPoolExecutor.java:1134)
        at java.util.concurrent.ThreadPoolExecutor$Worker.run(ThreadPoolExecutor.java:624)
        at java.lang.Thread.run(Thread.java:750)
"ContainerOp-2836bafa-7548-4a50-b22c-4893eadf288c-0"  prio=5 tid=417 in Object.wait()
java.lang.Thread.State: WAITING (on object monitor)
        at sun.misc.Unsafe.park(Native Method)
        at java.util.concurrent.locks.LockSupport.park(LockSupport.java:175)
        at java.util.concurrent.locks.AbstractQueuedSynchronizer$ConditionObject.await(AbstractQueuedSynchronizer.java:2039)
        at java.util.concurrent.LinkedBlockingQueue.take(LinkedBlockingQueue.java:442)
        at java.util.concurrent.ThreadPoolExecutor.getTask(ThreadPoolExecutor.java:1074)
        at java.util.concurrent.ThreadPoolExecutor.runWorker(ThreadPoolExecutor.java:1134)
        at java.util.concurrent.ThreadPoolExecutor$Worker.run(ThreadPoolExecutor.java:624)
        at java.lang.Thread.run(Thread.java:750)
"ChunkWriter-2-0" daemon prio=5 tid=267 in Object.wait()
java.lang.Thread.State: WAITING (on object monitor)
        at sun.misc.Unsafe.park(Native Method)
        at java.util.concurrent.locks.LockSupport.park(LockSupport.java:175)
        at java.util.concurrent.locks.AbstractQueuedSynchronizer$ConditionObject.await(AbstractQueuedSynchronizer.java:2039)
        at java.util.concurrent.LinkedBlockingDeque.takeFirst(LinkedBlockingDeque.java:492)
        at java.util.concurrent.LinkedBlockingDeque.take(LinkedBlockingDeque.java:680)
        at java.util.concurrent.ThreadPoolExecutor.getTask(ThreadPoolExecutor.java:1074)
        at java.util.concurrent.ThreadPoolExecutor.runWorker(ThreadPoolExecutor.java:1134)
        at java.util.concurrent.ThreadPoolExecutor$Worker.run(ThreadPoolExecutor.java:624)
        at java.lang.Thread.run(Thread.java:750)
"BlockDeletingService#0" daemon prio=5 tid=295 timed_waiting
java.lang.Thread.State: TIMED_WAITING
        at sun.misc.Unsafe.park(Native Method)
        at java.util.concurrent.locks.LockSupport.parkNanos(LockSupport.java:215)
        at java.util.concurrent.locks.AbstractQueuedSynchronizer$ConditionObject.awaitNanos(AbstractQueuedSynchronizer.java:2078)
        at java.util.concurrent.ScheduledThreadPoolExecutor$DelayedWorkQueue.take(ScheduledThreadPoolExecutor.java:1093)
        at java.util.concurrent.ScheduledThreadPoolExecutor$DelayedWorkQueue.take(ScheduledThreadPoolExecutor.java:809)
        at java.util.concurrent.ThreadPoolExecutor.getTask(ThreadPoolExecutor.java:1074)
        at java.util.concurrent.ThreadPoolExecutor.runWorker(ThreadPoolExecutor.java:1134)
        at java.util.concurrent.ThreadPoolExecutor$Worker.run(ThreadPoolExecutor.java:624)
        at java.lang.Thread.run(Thread.java:750)
"timer0" daemon prio=5 tid=399 timed_waiting
java.lang.Thread.State: TIMED_WAITING
        at java.lang.Object.wait(Native Method)
        at java.util.TimerThread.mainLoop(Timer.java:552)
        at java.util.TimerThread.run(Timer.java:505)
"IPC Server handler 15 on default port 37227" daemon prio=5 tid=102 timed_waiting
java.lang.Thread.State: TIMED_WAITING
        at sun.misc.Unsafe.park(Native Method)
        at java.util.concurrent.locks.LockSupport.parkNanos(LockSupport.java:215)
        at java.util.concurrent.locks.AbstractQueuedSynchronizer$ConditionObject.awaitNanos(AbstractQueuedSynchronizer.java:2078)
        at java.util.concurrent.LinkedBlockingQueue.poll(LinkedBlockingQueue.java:467)
        at org.apache.hadoop.ipc.CallQueueManager.take(CallQueueManager.java:317)
        at org.apache.hadoop.ipc.Server$Handler.run(Server.java:2942)
"IPC Server handler 18 on default port 37227" daemon prio=5 tid=105 timed_waiting
java.lang.Thread.State: TIMED_WAITING
        at sun.misc.Unsafe.park(Native Method)
        at java.util.concurrent.locks.LockSupport.parkNanos(LockSupport.java:215)
        at java.util.concurrent.locks.AbstractQueuedSynchronizer$ConditionObject.awaitNanos(AbstractQueuedSynchronizer.java:2078)
        at java.util.concurrent.LinkedBlockingQueue.poll(LinkedBlockingQueue.java:467)
        at org.apache.hadoop.ipc.CallQueueManager.take(CallQueueManager.java:317)
        at org.apache.hadoop.ipc.Server$Handler.run(Server.java:2942)
"IPC Server handler 12 on default port 37227" daemon prio=5 tid=99 timed_waiting
java.lang.Thread.State: TIMED_WAITING
        at sun.misc.Unsafe.park(Native Method)
        at java.util.concurrent.locks.LockSupport.parkNanos(LockSupport.java:215)
        at java.util.concurrent.locks.AbstractQueuedSynchronizer$ConditionObject.awaitNanos(AbstractQueuedSynchronizer.java:2078)
        at java.util.concurrent.LinkedBlockingQueue.poll(LinkedBlockingQueue.java:467)
        at org.apache.hadoop.ipc.CallQueueManager.take(CallQueueManager.java:317)
        at org.apache.hadoop.ipc.Server$Handler.run(Server.java:2942)
"Command processor thread" daemon prio=5 tid=203 timed_waiting
java.lang.Thread.State: TIMED_WAITING
        at java.lang.Thread.sleep(Native Method)
        at org.apache.hadoop.ozone.container.common.statemachine.DatanodeStateMachine.lambda$initCommandHandlerThread$3(DatanodeStateMachine.java:649)
        at org.apache.hadoop.ozone.container.common.statemachine.DatanodeStateMachine$$Lambda$749/1425630047.run(Unknown Source)
        at java.lang.Thread.run(Thread.java:750)
"c5f0e82b-af1b-4789-ae30-308dce149649@group-C04DF5843E0E-SegmentedRaftLogWorker"  prio=5 tid=312 timed_waiting
java.lang.Thread.State: TIMED_WAITING
        at sun.misc.Unsafe.park(Native Method)
        at java.util.concurrent.locks.LockSupport.parkNanos(LockSupport.java:215)
        at java.util.concurrent.locks.AbstractQueuedSynchronizer$ConditionObject.awaitNanos(AbstractQueuedSynchronizer.java:2078)
        at org.apache.ratis.util.DataBlockingQueue.poll(DataBlockingQueue.java:148)
        at org.apache.ratis.server.raftlog.segmented.SegmentedRaftLogWorker.run(SegmentedRaftLogWorker.java:312)
        at org.apache.ratis.server.raftlog.segmented.SegmentedRaftLogWorker$$Lambda$635/7565803.run(Unknown Source)
        at java.lang.Thread.run(Thread.java:750)
"c5f0e82b-af1b-4789-ae30-308dce149649@group-C04DF5843E0E-StateMachineUpdater" daemon prio=5 tid=314 timed_waiting
java.lang.Thread.State: TIMED_WAITING
        at sun.misc.Unsafe.park(Native Method)
        at java.util.concurrent.locks.LockSupport.parkNanos(LockSupport.java:215)
        at java.util.concurrent.locks.AbstractQueuedSynchronizer$ConditionObject.await(AbstractQueuedSynchronizer.java:2163)
        at org.apache.ratis.util.AwaitForSignal.await(AwaitForSignal.java:62)
        at org.apache.ratis.server.impl.StateMachineUpdater.waitForCommit(StateMachineUpdater.java:207)
        at org.apache.ratis.server.impl.StateMachineUpdater.run(StateMachineUpdater.java:176)
        at java.lang.Thread.run(Thread.java:750)
"OpenKeyCleanupService#0" daemon prio=5 tid=144 timed_waiting
java.lang.Thread.State: TIMED_WAITING
        at sun.misc.Unsafe.park(Native Method)
        at java.util.concurrent.locks.LockSupport.parkNanos(LockSupport.java:215)
        at java.util.concurrent.locks.AbstractQueuedSynchronizer$ConditionObject.awaitNanos(AbstractQueuedSynchronizer.java:2078)
        at java.util.concurrent.ScheduledThreadPoolExecutor$DelayedWorkQueue.take(ScheduledThreadPoolExecutor.java:1093)
        at java.util.concurrent.ScheduledThreadPoolExecutor$DelayedWorkQueue.take(ScheduledThreadPoolExecutor.java:809)
        at java.util.concurrent.ThreadPoolExecutor.getTask(ThreadPoolExecutor.java:1074)
        at java.util.concurrent.ThreadPoolExecutor.runWorker(ThreadPoolExecutor.java:1134)
        at java.util.concurrent.ThreadPoolExecutor$Worker.run(ThreadPoolExecutor.java:624)
        at java.lang.Thread.run(Thread.java:750)
"qtp680042540-151" daemon prio=5 tid=151 timed_waiting
java.lang.Thread.State: TIMED_WAITING
        at sun.misc.Unsafe.park(Native Method)
        at java.util.concurrent.locks.LockSupport.parkNanos(LockSupport.java:215)
        at java.util.concurrent.locks.AbstractQueuedSynchronizer$ConditionObject.awaitNanos(AbstractQueuedSynchronizer.java:2078)
        at org.eclipse.jetty.util.BlockingArrayQueue.poll(BlockingArrayQueue.java:382)
        at org.eclipse.jetty.util.thread.QueuedThreadPool$Runner.idleJobPoll(QueuedThreadPool.java:974)
        at org.eclipse.jetty.util.thread.QueuedThreadPool$Runner.run(QueuedThreadPool.java:1018)
        at java.lang.Thread.run(Thread.java:750)
"IPC Server handler 7 on default port 37227" daemon prio=5 tid=94 timed_waiting
java.lang.Thread.State: TIMED_WAITING
        at sun.misc.Unsafe.park(Native Method)
        at java.util.concurrent.locks.LockSupport.parkNanos(LockSupport.java:215)
        at java.util.concurrent.locks.AbstractQueuedSynchronizer$ConditionObject.awaitNanos(AbstractQueuedSynchronizer.java:2078)
        at java.util.concurrent.LinkedBlockingQueue.poll(LinkedBlockingQueue.java:467)
        at org.apache.hadoop.ipc.CallQueueManager.take(CallQueueManager.java:317)
        at org.apache.hadoop.ipc.Server$Handler.run(Server.java:2942)
"BlockDeletingService#1" daemon prio=5 tid=297 in Object.wait()
java.lang.Thread.State: WAITING (on object monitor)
        at sun.misc.Unsafe.park(Native Method)
        at java.util.concurrent.locks.LockSupport.park(LockSupport.java:175)
        at java.util.concurrent.locks.AbstractQueuedSynchronizer$ConditionObject.await(AbstractQueuedSynchronizer.java:2039)
        at java.util.concurrent.ScheduledThreadPoolExecutor$DelayedWorkQueue.take(ScheduledThreadPoolExecutor.java:1088)
        at java.util.concurrent.ScheduledThreadPoolExecutor$DelayedWorkQueue.take(ScheduledThreadPoolExecutor.java:809)
        at java.util.concurrent.ThreadPoolExecutor.getTask(ThreadPoolExecutor.java:1074)
        at java.util.concurrent.ThreadPoolExecutor.runWorker(ThreadPoolExecutor.java:1134)
        at java.util.concurrent.ThreadPoolExecutor$Worker.run(ThreadPoolExecutor.java:624)
        at java.lang.Thread.run(Thread.java:750)
"IPC Server listener on 0" daemon prio=5 tid=131 runnable
java.lang.Thread.State: RUNNABLE
        at sun.nio.ch.EPollArrayWrapper.epollWait(Native Method)
        at sun.nio.ch.EPollArrayWrapper.poll(EPollArrayWrapper.java:269)
        at sun.nio.ch.EPollSelectorImpl.doSelect(EPollSelectorImpl.java:93)
        at sun.nio.ch.SelectorImpl.lockAndDoSelect(SelectorImpl.java:86)
        at sun.nio.ch.SelectorImpl.select(SelectorImpl.java:97)
        at sun.nio.ch.SelectorImpl.select(SelectorImpl.java:101)
        at org.apache.hadoop.ipc.Server$Listener.run(Server.java:1358)
"IPC Server handler 14 on default port 37227" daemon prio=5 tid=101 timed_waiting
java.lang.Thread.State: TIMED_WAITING
        at sun.misc.Unsafe.park(Native Method)
        at java.util.concurrent.locks.LockSupport.parkNanos(LockSupport.java:215)
        at java.util.concurrent.locks.AbstractQueuedSynchronizer$ConditionObject.awaitNanos(AbstractQueuedSynchronizer.java:2078)
        at java.util.concurrent.LinkedBlockingQueue.poll(LinkedBlockingQueue.java:467)
        at org.apache.hadoop.ipc.CallQueueManager.take(CallQueueManager.java:317)
        at org.apache.hadoop.ipc.Server$Handler.run(Server.java:2942)
"IPC Server handler 10 on default port 34121" daemon prio=5 tid=57 timed_waiting
java.lang.Thread.State: TIMED_WAITING
        at sun.misc.Unsafe.park(Native Method)
        at java.util.concurrent.locks.LockSupport.parkNanos(LockSupport.java:215)
        at java.util.concurrent.locks.AbstractQueuedSynchronizer$ConditionObject.awaitNanos(AbstractQueuedSynchronizer.java:2078)
        at java.util.concurrent.LinkedBlockingQueue.poll(LinkedBlockingQueue.java:467)
        at org.apache.hadoop.ipc.CallQueueManager.take(CallQueueManager.java:317)
        at org.apache.hadoop.ipc.Server$Handler.run(Server.java:2942)
"IPC Server handler 18 on default port 35747" daemon prio=5 tid=175 timed_waiting
java.lang.Thread.State: TIMED_WAITING
        at sun.misc.Unsafe.park(Native Method)
        at java.util.concurrent.locks.LockSupport.parkNanos(LockSupport.java:215)
        at java.util.concurrent.locks.AbstractQueuedSynchronizer$ConditionObject.awaitNanos(AbstractQueuedSynchronizer.java:2078)
        at java.util.concurrent.LinkedBlockingQueue.poll(LinkedBlockingQueue.java:467)
        at org.apache.hadoop.ipc.CallQueueManager.take(CallQueueManager.java:317)
        at org.apache.hadoop.ipc.Server$Handler.run(Server.java:2942)
"Timer for 'StorageContainerManager' metrics system" daemon prio=5 tid=46 timed_waiting
java.lang.Thread.State: TIMED_WAITING
        at java.lang.Object.wait(Native Method)
        at java.util.TimerThread.mainLoop(Timer.java:552)
        at java.util.TimerThread.run(Timer.java:505)
"null-request--thread1" daemon prio=5 tid=433 timed_waiting
java.lang.Thread.State: TIMED_WAITING
        at sun.misc.Unsafe.park(Native Method)
        at java.util.concurrent.locks.LockSupport.parkNanos(LockSupport.java:215)
        at java.util.concurrent.locks.AbstractQueuedSynchronizer$ConditionObject.awaitNanos(AbstractQueuedSynchronizer.java:2078)
        at java.util.concurrent.LinkedBlockingQueue.poll(LinkedBlockingQueue.java:467)
        at java.util.concurrent.ThreadPoolExecutor.getTask(ThreadPoolExecutor.java:1073)
        at java.util.concurrent.ThreadPoolExecutor.runWorker(ThreadPoolExecutor.java:1134)
        at java.util.concurrent.ThreadPoolExecutor$Worker.run(ThreadPoolExecutor.java:624)
        at java.lang.Thread.run(Thread.java:750)
"ChunkReader-ELG-0" daemon prio=5 tid=282 runnable
java.lang.Thread.State: RUNNABLE
        at org.apache.ratis.thirdparty.io.netty.channel.epoll.Native.epollWait(Native Method)
        at org.apache.ratis.thirdparty.io.netty.channel.epoll.Native.epollWait(Native.java:209)
        at org.apache.ratis.thirdparty.io.netty.channel.epoll.Native.epollWait(Native.java:202)
        at org.apache.ratis.thirdparty.io.netty.channel.epoll.EpollEventLoop.epollWaitNoTimerChange(EpollEventLoop.java:294)
        at org.apache.ratis.thirdparty.io.netty.channel.epoll.EpollEventLoop.run(EpollEventLoop.java:351)
        at org.apache.ratis.thirdparty.io.netty.util.concurrent.SingleThreadEventExecutor$4.run(SingleThreadEventExecutor.java:995)
        at org.apache.ratis.thirdparty.io.netty.util.internal.ThreadExecutorMap$2.run(ThreadExecutorMap.java:74)
        at java.lang.Thread.run(Thread.java:750)
"b7545b0c-a4b8-458e-a79e-332c552b3ba3-server-thread1" daemon prio=5 tid=403 timed_waiting
java.lang.Thread.State: TIMED_WAITING
        at sun.misc.Unsafe.park(Native Method)
        at java.util.concurrent.locks.LockSupport.parkNanos(LockSupport.java:215)
        at java.util.concurrent.SynchronousQueue$TransferStack.awaitFulfill(SynchronousQueue.java:460)
        at java.util.concurrent.SynchronousQueue$TransferStack.transfer(SynchronousQueue.java:362)
        at java.util.concurrent.SynchronousQueue.poll(SynchronousQueue.java:941)
        at java.util.concurrent.ThreadPoolExecutor.getTask(ThreadPoolExecutor.java:1073)
        at java.util.concurrent.ThreadPoolExecutor.runWorker(ThreadPoolExecutor.java:1134)
        at java.util.concurrent.ThreadPoolExecutor$Worker.run(ThreadPoolExecutor.java:624)
        at java.lang.Thread.run(Thread.java:750)
"Datanode ReportManager Thread - 1" daemon prio=5 tid=199 in Object.wait()
java.lang.Thread.State: WAITING (on object monitor)
        at sun.misc.Unsafe.park(Native Method)
        at java.util.concurrent.locks.LockSupport.park(LockSupport.java:175)
        at java.util.concurrent.locks.AbstractQueuedSynchronizer$ConditionObject.await(AbstractQueuedSynchronizer.java:2039)
        at java.util.concurrent.ScheduledThreadPoolExecutor$DelayedWorkQueue.take(ScheduledThreadPoolExecutor.java:1088)
        at java.util.concurrent.ScheduledThreadPoolExecutor$DelayedWorkQueue.take(ScheduledThreadPoolExecutor.java:809)
        at java.util.concurrent.ThreadPoolExecutor.getTask(ThreadPoolExecutor.java:1074)
        at java.util.concurrent.ThreadPoolExecutor.runWorker(ThreadPoolExecutor.java:1134)
        at java.util.concurrent.ThreadPoolExecutor$Worker.run(ThreadPoolExecutor.java:624)
        at java.lang.Thread.run(Thread.java:750)
"grpc-default-boss-ELG-1-1" daemon prio=5 tid=139 runnable
java.lang.Thread.State: RUNNABLE
        at org.apache.ratis.thirdparty.io.netty.channel.epoll.Native.epollWait(Native Method)
        at org.apache.ratis.thirdparty.io.netty.channel.epoll.Native.epollWait(Native.java:209)
        at org.apache.ratis.thirdparty.io.netty.channel.epoll.Native.epollWait(Native.java:202)
        at org.apache.ratis.thirdparty.io.netty.channel.epoll.EpollEventLoop.epollWaitNoTimerChange(EpollEventLoop.java:294)
        at org.apache.ratis.thirdparty.io.netty.channel.epoll.EpollEventLoop.run(EpollEventLoop.java:351)
        at org.apache.ratis.thirdparty.io.netty.util.concurrent.SingleThreadEventExecutor$4.run(SingleThreadEventExecutor.java:995)
        at org.apache.ratis.thirdparty.io.netty.util.internal.ThreadExecutorMap$2.run(ThreadExecutorMap.java:74)
        at org.apache.ratis.thirdparty.io.netty.util.concurrent.FastThreadLocalRunnable.run(FastThreadLocalRunnable.java:30)
        at java.lang.Thread.run(Thread.java:750)
"om1-impl-thread1" daemon prio=5 tid=127 timed_waiting
java.lang.Thread.State: TIMED_WAITING
        at sun.misc.Unsafe.park(Native Method)
        at java.util.concurrent.locks.LockSupport.parkNanos(LockSupport.java:215)
        at java.util.concurrent.SynchronousQueue$TransferStack.awaitFulfill(SynchronousQueue.java:460)
        at java.util.concurrent.SynchronousQueue$TransferStack.transfer(SynchronousQueue.java:362)
        at java.util.concurrent.SynchronousQueue.poll(SynchronousQueue.java:941)
        at java.util.concurrent.ThreadPoolExecutor.getTask(ThreadPoolExecutor.java:1073)
        at java.util.concurrent.ThreadPoolExecutor.runWorker(ThreadPoolExecutor.java:1134)
        at java.util.concurrent.ThreadPoolExecutor$Worker.run(ThreadPoolExecutor.java:624)
        at java.lang.Thread.run(Thread.java:750)
"c5f0e82b-af1b-4789-ae30-308dce149649-server-thread3" daemon prio=5 tid=385 timed_waiting
java.lang.Thread.State: TIMED_WAITING
        at sun.misc.Unsafe.park(Native Method)
        at java.util.concurrent.locks.LockSupport.parkNanos(LockSupport.java:215)
        at java.util.concurrent.SynchronousQueue$TransferStack.awaitFulfill(SynchronousQueue.java:460)
        at java.util.concurrent.SynchronousQueue$TransferStack.transfer(SynchronousQueue.java:362)
        at java.util.concurrent.SynchronousQueue.poll(SynchronousQueue.java:941)
        at java.util.concurrent.ThreadPoolExecutor.getTask(ThreadPoolExecutor.java:1073)
        at java.util.concurrent.ThreadPoolExecutor.runWorker(ThreadPoolExecutor.java:1134)
        at java.util.concurrent.ThreadPoolExecutor$Worker.run(ThreadPoolExecutor.java:624)
        at java.lang.Thread.run(Thread.java:750)
"pool-67-thread-1" daemon prio=5 tid=181 timed_waiting
java.lang.Thread.State: TIMED_WAITING
        at sun.misc.Unsafe.park(Native Method)
        at java.util.concurrent.locks.LockSupport.parkNanos(LockSupport.java:215)
        at java.util.concurrent.locks.AbstractQueuedSynchronizer$ConditionObject.awaitNanos(AbstractQueuedSynchronizer.java:2078)
        at java.util.concurrent.ScheduledThreadPoolExecutor$DelayedWorkQueue.take(ScheduledThreadPoolExecutor.java:1093)
        at java.util.concurrent.ScheduledThreadPoolExecutor$DelayedWorkQueue.take(ScheduledThreadPoolExecutor.java:809)
        at java.util.concurrent.ThreadPoolExecutor.getTask(ThreadPoolExecutor.java:1074)
        at java.util.concurrent.ThreadPoolExecutor.runWorker(ThreadPoolExecutor.java:1134)
        at java.util.concurrent.ThreadPoolExecutor$Worker.run(ThreadPoolExecutor.java:624)
        at java.lang.Thread.run(Thread.java:750)
"e24e525b-11e0-482b-97ed-e0be4d88ae43@group-C04DF5843E0E-SegmentedRaftLogWorker"  prio=5 tid=324 timed_waiting
java.lang.Thread.State: TIMED_WAITING
        at sun.misc.Unsafe.park(Native Method)
        at java.util.concurrent.locks.LockSupport.parkNanos(LockSupport.java:215)
        at java.util.concurrent.locks.AbstractQueuedSynchronizer$ConditionObject.awaitNanos(AbstractQueuedSynchronizer.java:2078)
        at org.apache.ratis.util.DataBlockingQueue.poll(DataBlockingQueue.java:148)
        at org.apache.ratis.server.raftlog.segmented.SegmentedRaftLogWorker.run(SegmentedRaftLogWorker.java:312)
        at org.apache.ratis.server.raftlog.segmented.SegmentedRaftLogWorker$$Lambda$635/7565803.run(Unknown Source)
        at java.lang.Thread.run(Thread.java:750)
"Socket Reader #1 for port 0" daemon prio=5 tid=29 runnable
java.lang.Thread.State: RUNNABLE
        at sun.nio.ch.EPollArrayWrapper.epollWait(Native Method)
        at sun.nio.ch.EPollArrayWrapper.poll(EPollArrayWrapper.java:269)
        at sun.nio.ch.EPollSelectorImpl.doSelect(EPollSelectorImpl.java:93)
        at sun.nio.ch.SelectorImpl.lockAndDoSelect(SelectorImpl.java:86)
        at sun.nio.ch.SelectorImpl.select(SelectorImpl.java:97)
        at sun.nio.ch.SelectorImpl.select(SelectorImpl.java:101)
        at org.apache.hadoop.ipc.Server$Listener$Reader.doRunLoop(Server.java:1296)
        at org.apache.hadoop.ipc.Server$Listener$Reader.run(Server.java:1275)
"Socket Reader #1 for port 0" daemon prio=5 tid=132 runnable
java.lang.Thread.State: RUNNABLE
        at sun.nio.ch.EPollArrayWrapper.epollWait(Native Method)
        at sun.nio.ch.EPollArrayWrapper.poll(EPollArrayWrapper.java:269)
        at sun.nio.ch.EPollSelectorImpl.doSelect(EPollSelectorImpl.java:93)
        at sun.nio.ch.SelectorImpl.lockAndDoSelect(SelectorImpl.java:86)
        at sun.nio.ch.SelectorImpl.select(SelectorImpl.java:97)
        at sun.nio.ch.SelectorImpl.select(SelectorImpl.java:101)
        at org.apache.hadoop.ipc.Server$Listener$Reader.doRunLoop(Server.java:1296)
        at org.apache.hadoop.ipc.Server$Listener$Reader.run(Server.java:1275)
"IPC Server handler 9 on default port 37227" daemon prio=5 tid=96 timed_waiting
java.lang.Thread.State: TIMED_WAITING
        at sun.misc.Unsafe.park(Native Method)
        at java.util.concurrent.locks.LockSupport.parkNanos(LockSupport.java:215)
        at java.util.concurrent.locks.AbstractQueuedSynchronizer$ConditionObject.awaitNanos(AbstractQueuedSynchronizer.java:2078)
        at java.util.concurrent.LinkedBlockingQueue.poll(LinkedBlockingQueue.java:467)
        at org.apache.hadoop.ipc.CallQueueManager.take(CallQueueManager.java:317)
        at org.apache.hadoop.ipc.Server$Handler.run(Server.java:2942)
"IPC Server handler 2 on default port 33237" daemon prio=5 tid=69 timed_waiting
java.lang.Thread.State: TIMED_WAITING
        at sun.misc.Unsafe.park(Native Method)
        at java.util.concurrent.locks.LockSupport.parkNanos(LockSupport.java:215)
        at java.util.concurrent.locks.AbstractQueuedSynchronizer$ConditionObject.awaitNanos(AbstractQueuedSynchronizer.java:2078)
        at java.util.concurrent.LinkedBlockingQueue.poll(LinkedBlockingQueue.java:467)
        at org.apache.hadoop.ipc.CallQueueManager.take(CallQueueManager.java:317)
        at org.apache.hadoop.ipc.Server$Handler.run(Server.java:2942)
"IPC Server handler 2 on default port 35747" daemon prio=5 tid=159 timed_waiting
java.lang.Thread.State: TIMED_WAITING
        at sun.misc.Unsafe.park(Native Method)
        at java.util.concurrent.locks.LockSupport.parkNanos(LockSupport.java:215)
        at java.util.concurrent.locks.AbstractQueuedSynchronizer$ConditionObject.awaitNanos(AbstractQueuedSynchronizer.java:2078)
        at java.util.concurrent.LinkedBlockingQueue.poll(LinkedBlockingQueue.java:467)
        at org.apache.hadoop.ipc.CallQueueManager.take(CallQueueManager.java:317)
        at org.apache.hadoop.ipc.Server$Handler.run(Server.java:2942)
"Socket Reader #1 for port 0" daemon prio=5 tid=25 runnable
java.lang.Thread.State: RUNNABLE
        at sun.nio.ch.EPollArrayWrapper.epollWait(Native Method)
        at sun.nio.ch.EPollArrayWrapper.poll(EPollArrayWrapper.java:269)
        at sun.nio.ch.EPollSelectorImpl.doSelect(EPollSelectorImpl.java:93)
        at sun.nio.ch.SelectorImpl.lockAndDoSelect(SelectorImpl.java:86)
        at sun.nio.ch.SelectorImpl.select(SelectorImpl.java:97)
        at sun.nio.ch.SelectorImpl.select(SelectorImpl.java:101)
        at org.apache.hadoop.ipc.Server$Listener$Reader.doRunLoop(Server.java:1296)
        at org.apache.hadoop.ipc.Server$Listener$Reader.run(Server.java:1275)
"c5f0e82b-af1b-4789-ae30-308dce149649@group-C04DF5843E0E-FollowerState" daemon prio=5 tid=367 timed_waiting
java.lang.Thread.State: TIMED_WAITING
        at java.lang.Thread.sleep(Native Method)
        at java.lang.Thread.sleep(Thread.java:342)
        at java.util.concurrent.TimeUnit.sleep(TimeUnit.java:386)
        at org.apache.ratis.util.TimeDuration.sleep(TimeDuration.java:325)
        at org.apache.ratis.util.TimeDuration.sleep(TimeDuration.java:310)
        at org.apache.ratis.server.impl.FollowerState.run(FollowerState.java:128)
"org.apache.hadoop.util.JvmPauseMonitor$Monitor@49a97c60" daemon prio=5 tid=108 timed_waiting
java.lang.Thread.State: TIMED_WAITING
        at java.lang.Thread.sleep(Native Method)
        at org.apache.hadoop.util.JvmPauseMonitor$Monitor.run(JvmPauseMonitor.java:192)
        at java.lang.Thread.run(Thread.java:750)
"EventQueue-DatanodeCommandQueueUpdatedForDatanodeCommandCountUpdatedHandler" daemon prio=5 tid=306 in Object.wait()
java.lang.Thread.State: WAITING (on object monitor)
        at sun.misc.Unsafe.park(Native Method)
        at java.util.concurrent.locks.LockSupport.park(LockSupport.java:175)
        at java.util.concurrent.locks.AbstractQueuedSynchronizer$ConditionObject.await(AbstractQueuedSynchronizer.java:2039)
        at java.util.concurrent.LinkedBlockingQueue.take(LinkedBlockingQueue.java:442)
        at java.util.concurrent.ThreadPoolExecutor.getTask(ThreadPoolExecutor.java:1074)
        at java.util.concurrent.ThreadPoolExecutor.runWorker(ThreadPoolExecutor.java:1134)
        at java.util.concurrent.ThreadPoolExecutor$Worker.run(ThreadPoolExecutor.java:624)
        at java.lang.Thread.run(Thread.java:750)
"BlockDeletingService#1" daemon prio=5 tid=274 in Object.wait()
java.lang.Thread.State: WAITING (on object monitor)
        at sun.misc.Unsafe.park(Native Method)
        at java.util.concurrent.locks.LockSupport.park(LockSupport.java:175)
        at java.util.concurrent.locks.AbstractQueuedSynchronizer$ConditionObject.await(AbstractQueuedSynchronizer.java:2039)
        at java.util.concurrent.ScheduledThreadPoolExecutor$DelayedWorkQueue.take(ScheduledThreadPoolExecutor.java:1088)
        at java.util.concurrent.ScheduledThreadPoolExecutor$DelayedWorkQueue.take(ScheduledThreadPoolExecutor.java:809)
        at java.util.concurrent.ThreadPoolExecutor.getTask(ThreadPoolExecutor.java:1074)
        at java.util.concurrent.ThreadPoolExecutor.runWorker(ThreadPoolExecutor.java:1134)
        at java.util.concurrent.ThreadPoolExecutor$Worker.run(ThreadPoolExecutor.java:624)
        at java.lang.Thread.run(Thread.java:750)
"grpc-default-executor-5" daemon prio=5 tid=382 timed_waiting
java.lang.Thread.State: TIMED_WAITING
        at sun.misc.Unsafe.park(Native Method)
        at java.util.concurrent.locks.LockSupport.parkNanos(LockSupport.java:215)
        at java.util.concurrent.SynchronousQueue$TransferStack.awaitFulfill(SynchronousQueue.java:460)
        at java.util.concurrent.SynchronousQueue$TransferStack.transfer(SynchronousQueue.java:362)
        at java.util.concurrent.SynchronousQueue.poll(SynchronousQueue.java:941)
        at java.util.concurrent.ThreadPoolExecutor.getTask(ThreadPoolExecutor.java:1073)
        at java.util.concurrent.ThreadPoolExecutor.runWorker(ThreadPoolExecutor.java:1134)
        at java.util.concurrent.ThreadPoolExecutor$Worker.run(ThreadPoolExecutor.java:624)
        at java.lang.Thread.run(Thread.java:750)
"StaleRecoveringContainerScrubbingService#1" daemon prio=5 tid=273 in Object.wait()
java.lang.Thread.State: WAITING (on object monitor)
        at sun.misc.Unsafe.park(Native Method)
        at java.util.concurrent.locks.LockSupport.park(LockSupport.java:175)
        at java.util.concurrent.locks.AbstractQueuedSynchronizer$ConditionObject.await(AbstractQueuedSynchronizer.java:2039)
        at java.util.concurrent.ScheduledThreadPoolExecutor$DelayedWorkQueue.take(ScheduledThreadPoolExecutor.java:1088)
        at java.util.concurrent.ScheduledThreadPoolExecutor$DelayedWorkQueue.take(ScheduledThreadPoolExecutor.java:809)
        at java.util.concurrent.ThreadPoolExecutor.getTask(ThreadPoolExecutor.java:1074)
        at java.util.concurrent.ThreadPoolExecutor.runWorker(ThreadPoolExecutor.java:1134)
        at java.util.concurrent.ThreadPoolExecutor$Worker.run(ThreadPoolExecutor.java:624)
        at java.lang.Thread.run(Thread.java:750)
"qtp900301074-116" daemon prio=5 tid=116 timed_waiting
java.lang.Thread.State: TIMED_WAITING
        at sun.misc.Unsafe.park(Native Method)
        at java.util.concurrent.locks.LockSupport.parkNanos(LockSupport.java:215)
        at java.util.concurrent.locks.AbstractQueuedSynchronizer$ConditionObject.awaitNanos(AbstractQueuedSynchronizer.java:2078)
        at org.eclipse.jetty.util.BlockingArrayQueue.poll(BlockingArrayQueue.java:382)
        at org.eclipse.jetty.util.thread.QueuedThreadPool$Runner.idleJobPoll(QueuedThreadPool.java:974)
        at org.eclipse.jetty.util.thread.QueuedThreadPool$Runner.run(QueuedThreadPool.java:1018)
        at java.lang.Thread.run(Thread.java:750)
"Over Replicated Processor" daemon prio=5 tid=21 timed_waiting
java.lang.Thread.State: TIMED_WAITING
        at java.lang.Object.wait(Native Method)
        at org.apache.hadoop.hdds.scm.container.replication.UnhealthyReplicationProcessor.run(UnhealthyReplicationProcessor.java:140)
        at java.lang.Thread.run(Thread.java:750)
"IPC Server Responder" daemon prio=5 tid=31 runnable
java.lang.Thread.State: RUNNABLE
        at sun.nio.ch.EPollArrayWrapper.epollWait(Native Method)
        at sun.nio.ch.EPollArrayWrapper.poll(EPollArrayWrapper.java:269)
        at sun.nio.ch.EPollSelectorImpl.doSelect(EPollSelectorImpl.java:93)
        at sun.nio.ch.SelectorImpl.lockAndDoSelect(SelectorImpl.java:86)
        at sun.nio.ch.SelectorImpl.select(SelectorImpl.java:97)
        at org.apache.hadoop.ipc.Server$Responder.doRunLoop(Server.java:1532)
        at org.apache.hadoop.ipc.Server$Responder.run(Server.java:1515)
"IPC Server handler 14 on default port 35747" daemon prio=5 tid=171 timed_waiting
java.lang.Thread.State: TIMED_WAITING
        at sun.misc.Unsafe.park(Native Method)
        at java.util.concurrent.locks.LockSupport.parkNanos(LockSupport.java:215)
        at java.util.concurrent.locks.AbstractQueuedSynchronizer$ConditionObject.awaitNanos(AbstractQueuedSynchronizer.java:2078)
        at java.util.concurrent.LinkedBlockingQueue.poll(LinkedBlockingQueue.java:467)
        at org.apache.hadoop.ipc.CallQueueManager.take(CallQueueManager.java:317)
        at org.apache.hadoop.ipc.Server$Handler.run(Server.java:2942)
"SnapshotDeletingService#0" daemon prio=5 tid=146 timed_waiting
java.lang.Thread.State: TIMED_WAITING
        at sun.misc.Unsafe.park(Native Method)
        at java.util.concurrent.locks.LockSupport.parkNanos(LockSupport.java:215)
        at java.util.concurrent.locks.AbstractQueuedSynchronizer$ConditionObject.awaitNanos(AbstractQueuedSynchronizer.java:2078)
        at java.util.concurrent.ScheduledThreadPoolExecutor$DelayedWorkQueue.take(ScheduledThreadPoolExecutor.java:1093)
        at java.util.concurrent.ScheduledThreadPoolExecutor$DelayedWorkQueue.take(ScheduledThreadPoolExecutor.java:809)
        at java.util.concurrent.ThreadPoolExecutor.getTask(ThreadPoolExecutor.java:1074)
        at java.util.concurrent.ThreadPoolExecutor.runWorker(ThreadPoolExecutor.java:1134)
        at java.util.concurrent.ThreadPoolExecutor$Worker.run(ThreadPoolExecutor.java:624)
        at java.lang.Thread.run(Thread.java:750)
"RatisPipelineUtilsThread - 0"  prio=5 tid=16 timed_waiting
java.lang.Thread.State: TIMED_WAITING
        at java.lang.Object.wait(Native Method)
        at org.apache.hadoop.hdds.scm.pipeline.BackgroundPipelineCreator.run(BackgroundPipelineCreator.java:176)
        at org.apache.hadoop.hdds.scm.pipeline.BackgroundPipelineCreator$$Lambda$329/1531776844.run(Unknown Source)
        at java.lang.Thread.run(Thread.java:750)
"IPC Server Responder" daemon prio=5 tid=134 runnable
java.lang.Thread.State: RUNNABLE
        at sun.nio.ch.EPollArrayWrapper.epollWait(Native Method)
        at sun.nio.ch.EPollArrayWrapper.poll(EPollArrayWrapper.java:269)
        at sun.nio.ch.EPollSelectorImpl.doSelect(EPollSelectorImpl.java:93)
        at sun.nio.ch.SelectorImpl.lockAndDoSelect(SelectorImpl.java:86)
        at sun.nio.ch.SelectorImpl.select(SelectorImpl.java:97)
        at org.apache.hadoop.ipc.Server$Responder.doRunLoop(Server.java:1532)
        at org.apache.hadoop.ipc.Server$Responder.run(Server.java:1515)
"grpc-default-executor-2" daemon prio=5 tid=372 timed_waiting
java.lang.Thread.State: TIMED_WAITING
        at sun.misc.Unsafe.park(Native Method)
        at java.util.concurrent.locks.LockSupport.parkNanos(LockSupport.java:215)
        at java.util.concurrent.SynchronousQueue$TransferStack.awaitFulfill(SynchronousQueue.java:460)
        at java.util.concurrent.SynchronousQueue$TransferStack.transfer(SynchronousQueue.java:362)
        at java.util.concurrent.SynchronousQueue.poll(SynchronousQueue.java:941)
        at java.util.concurrent.ThreadPoolExecutor.getTask(ThreadPoolExecutor.java:1073)
        at java.util.concurrent.ThreadPoolExecutor.runWorker(ThreadPoolExecutor.java:1134)
        at java.util.concurrent.ThreadPoolExecutor$Worker.run(ThreadPoolExecutor.java:624)
        at java.lang.Thread.run(Thread.java:750)
"c5f0e82b-af1b-4789-ae30-308dce149649@group-80FDC6F049CF-SegmentedRaftLogWorker"  prio=5 tid=309 timed_waiting
java.lang.Thread.State: TIMED_WAITING
        at sun.misc.Unsafe.park(Native Method)
        at java.util.concurrent.locks.LockSupport.parkNanos(LockSupport.java:215)
        at java.util.concurrent.locks.AbstractQueuedSynchronizer$ConditionObject.awaitNanos(AbstractQueuedSynchronizer.java:2078)
        at org.apache.ratis.util.DataBlockingQueue.poll(DataBlockingQueue.java:148)
        at org.apache.ratis.server.raftlog.segmented.SegmentedRaftLogWorker.run(SegmentedRaftLogWorker.java:312)
        at org.apache.ratis.server.raftlog.segmented.SegmentedRaftLogWorker$$Lambda$635/7565803.run(Unknown Source)
        at java.lang.Thread.run(Thread.java:750)
"e24e525b-11e0-482b-97ed-e0be4d88ae43@group-36DC58DA704C-StateMachineUpdater" daemon prio=5 tid=340 timed_waiting
java.lang.Thread.State: TIMED_WAITING
        at sun.misc.Unsafe.park(Native Method)
        at java.util.concurrent.locks.LockSupport.parkNanos(LockSupport.java:215)
        at java.util.concurrent.locks.AbstractQueuedSynchronizer$ConditionObject.await(AbstractQueuedSynchronizer.java:2163)
        at org.apache.ratis.util.AwaitForSignal.await(AwaitForSignal.java:62)
        at org.apache.ratis.server.impl.StateMachineUpdater.waitForCommit(StateMachineUpdater.java:207)
        at org.apache.ratis.server.impl.StateMachineUpdater.run(StateMachineUpdater.java:176)
        at java.lang.Thread.run(Thread.java:750)
"IPC Server handler 13 on default port 35747" daemon prio=5 tid=170 timed_waiting
java.lang.Thread.State: TIMED_WAITING
        at sun.misc.Unsafe.park(Native Method)
        at java.util.concurrent.locks.LockSupport.parkNanos(LockSupport.java:215)
        at java.util.concurrent.locks.AbstractQueuedSynchronizer$ConditionObject.awaitNanos(AbstractQueuedSynchronizer.java:2078)
        at java.util.concurrent.LinkedBlockingQueue.poll(LinkedBlockingQueue.java:467)
        at org.apache.hadoop.ipc.CallQueueManager.take(CallQueueManager.java:317)
        at org.apache.hadoop.ipc.Server$Handler.run(Server.java:2942)
"c5f0e82b-af1b-4789-ae30-308dce149649-server-thread2" daemon prio=5 tid=386 timed_waiting
java.lang.Thread.State: TIMED_WAITING
        at sun.misc.Unsafe.park(Native Method)
        at java.util.concurrent.locks.LockSupport.parkNanos(LockSupport.java:215)
        at java.util.concurrent.SynchronousQueue$TransferStack.awaitFulfill(SynchronousQueue.java:460)
        at java.util.concurrent.SynchronousQueue$TransferStack.transfer(SynchronousQueue.java:362)
        at java.util.concurrent.SynchronousQueue.poll(SynchronousQueue.java:941)
        at java.util.concurrent.ThreadPoolExecutor.getTask(ThreadPoolExecutor.java:1073)
        at java.util.concurrent.ThreadPoolExecutor.runWorker(ThreadPoolExecutor.java:1134)
        at java.util.concurrent.ThreadPoolExecutor$Worker.run(ThreadPoolExecutor.java:624)
        at java.lang.Thread.run(Thread.java:750)
"FixedThreadPoolWithAffinityExecutor-1-0" daemon prio=5 tid=37 timed_waiting
java.lang.Thread.State: TIMED_WAITING
        at sun.misc.Unsafe.park(Native Method)
        at java.util.concurrent.locks.LockSupport.parkNanos(LockSupport.java:215)
        at java.util.concurrent.locks.AbstractQueuedSynchronizer$ConditionObject.awaitNanos(AbstractQueuedSynchronizer.java:2078)
        at java.util.concurrent.LinkedBlockingQueue.poll(LinkedBlockingQueue.java:467)
        at org.apache.hadoop.hdds.scm.server.ContainerReportQueue.poll(ContainerReportQueue.java:266)
        at org.apache.hadoop.hdds.scm.server.ContainerReportQueue.poll(ContainerReportQueue.java:42)
        at org.apache.hadoop.hdds.server.events.FixedThreadPoolWithAffinityExecutor$ContainerReportProcessTask.run(FixedThreadPoolWithAffinityExecutor.java:247)
        at java.util.concurrent.Executors$RunnableAdapter.call(Executors.java:511)
        at java.util.concurrent.FutureTask.run(FutureTask.java:266)
        at java.util.concurrent.ThreadPoolExecutor.runWorker(ThreadPoolExecutor.java:1149)
        at java.util.concurrent.ThreadPoolExecutor$Worker.run(ThreadPoolExecutor.java:624)
        at java.lang.Thread.run(Thread.java:750)
"ContainerOp-2836bafa-7548-4a50-b22c-4893eadf288c-3"  prio=5 tid=422 in Object.wait()
java.lang.Thread.State: WAITING (on object monitor)
        at sun.misc.Unsafe.park(Native Method)
        at java.util.concurrent.locks.LockSupport.park(LockSupport.java:175)
        at java.util.concurrent.locks.AbstractQueuedSynchronizer$ConditionObject.await(AbstractQueuedSynchronizer.java:2039)
        at java.util.concurrent.LinkedBlockingQueue.take(LinkedBlockingQueue.java:442)
        at java.util.concurrent.ThreadPoolExecutor.getTask(ThreadPoolExecutor.java:1074)
        at java.util.concurrent.ThreadPoolExecutor.runWorker(ThreadPoolExecutor.java:1134)
        at java.util.concurrent.ThreadPoolExecutor$Worker.run(ThreadPoolExecutor.java:624)
        at java.lang.Thread.run(Thread.java:750)
"StaleRecoveringContainerScrubbingService#0" daemon prio=5 tid=272 timed_waiting
java.lang.Thread.State: TIMED_WAITING
        at sun.misc.Unsafe.park(Native Method)
        at java.util.concurrent.locks.LockSupport.parkNanos(LockSupport.java:215)
        at java.util.concurrent.locks.AbstractQueuedSynchronizer$ConditionObject.awaitNanos(AbstractQueuedSynchronizer.java:2078)
        at java.util.concurrent.ScheduledThreadPoolExecutor$DelayedWorkQueue.take(ScheduledThreadPoolExecutor.java:1093)
        at java.util.concurrent.ScheduledThreadPoolExecutor$DelayedWorkQueue.take(ScheduledThreadPoolExecutor.java:809)
        at java.util.concurrent.ThreadPoolExecutor.getTask(ThreadPoolExecutor.java:1074)
        at java.util.concurrent.ThreadPoolExecutor.runWorker(ThreadPoolExecutor.java:1134)
        at java.util.concurrent.ThreadPoolExecutor$Worker.run(ThreadPoolExecutor.java:624)
        at java.lang.Thread.run(Thread.java:750)
"qtp900301074-111-acceptor-0@48fff080-ServerConnector@6766a9e8{HTTP/1.1, (http/1.1)}{0.0.0.0:35309}" daemon prio=3 tid=111 runnable
java.lang.Thread.State: RUNNABLE
        at sun.nio.ch.ServerSocketChannelImpl.accept0(Native Method)
        at sun.nio.ch.ServerSocketChannelImpl.accept(ServerSocketChannelImpl.java:421)
        at sun.nio.ch.ServerSocketChannelImpl.accept(ServerSocketChannelImpl.java:249)
        at org.eclipse.jetty.server.ServerConnector.accept(ServerConnector.java:388)
        at org.eclipse.jetty.server.AbstractConnector$Acceptor.run(AbstractConnector.java:704)
        at org.eclipse.jetty.util.thread.QueuedThreadPool.runJob(QueuedThreadPool.java:883)
        at org.eclipse.jetty.util.thread.QueuedThreadPool$Runner.run(QueuedThreadPool.java:1034)
        at java.lang.Thread.run(Thread.java:750)
"OM StateMachine ApplyTransaction Thread - 0" daemon prio=5 tid=409 in Object.wait()
java.lang.Thread.State: WAITING (on object monitor)
        at sun.misc.Unsafe.park(Native Method)
        at java.util.concurrent.locks.LockSupport.park(LockSupport.java:175)
        at java.util.concurrent.locks.AbstractQueuedSynchronizer$ConditionObject.await(AbstractQueuedSynchronizer.java:2039)
        at java.util.concurrent.LinkedBlockingQueue.take(LinkedBlockingQueue.java:442)
        at java.util.concurrent.ThreadPoolExecutor.getTask(ThreadPoolExecutor.java:1074)
        at java.util.concurrent.ThreadPoolExecutor.runWorker(ThreadPoolExecutor.java:1134)
        at java.util.concurrent.ThreadPoolExecutor$Worker.run(ThreadPoolExecutor.java:624)
        at java.lang.Thread.run(Thread.java:750)
"timer6" daemon prio=5 tid=398 timed_waiting
java.lang.Thread.State: TIMED_WAITING
        at java.lang.Object.wait(Native Method)
        at java.util.TimerThread.mainLoop(Timer.java:552)
        at java.util.TimerThread.run(Timer.java:505)
"EventQueue-PipelineReportForOneReplicaPipelineSafeModeRule" daemon prio=5 tid=304 in Object.wait()
java.lang.Thread.State: WAITING (on object monitor)
        at sun.misc.Unsafe.park(Native Method)
        at java.util.concurrent.locks.LockSupport.park(LockSupport.java:175)
        at java.util.concurrent.locks.AbstractQueuedSynchronizer$ConditionObject.await(AbstractQueuedSynchronizer.java:2039)
        at java.util.concurrent.LinkedBlockingQueue.take(LinkedBlockingQueue.java:442)
        at java.util.concurrent.ThreadPoolExecutor.getTask(ThreadPoolExecutor.java:1074)
        at java.util.concurrent.ThreadPoolExecutor.runWorker(ThreadPoolExecutor.java:1134)
        at java.util.concurrent.ThreadPoolExecutor$Worker.run(ThreadPoolExecutor.java:624)
        at java.lang.Thread.run(Thread.java:750)
"ChunkWriter-1-0" daemon prio=5 tid=290 in Object.wait()
java.lang.Thread.State: WAITING (on object monitor)
        at sun.misc.Unsafe.park(Native Method)
        at java.util.concurrent.locks.LockSupport.park(LockSupport.java:175)
        at java.util.concurrent.locks.AbstractQueuedSynchronizer$ConditionObject.await(AbstractQueuedSynchronizer.java:2039)
        at java.util.concurrent.LinkedBlockingDeque.takeFirst(LinkedBlockingDeque.java:492)
        at java.util.concurrent.LinkedBlockingDeque.take(LinkedBlockingDeque.java:680)
        at java.util.concurrent.ThreadPoolExecutor.getTask(ThreadPoolExecutor.java:1074)
        at java.util.concurrent.ThreadPoolExecutor.runWorker(ThreadPoolExecutor.java:1134)
        at java.util.concurrent.ThreadPoolExecutor$Worker.run(ThreadPoolExecutor.java:624)
        at java.lang.Thread.run(Thread.java:750)
"Datanode State Machine Task Thread - 1"  prio=5 tid=275 in Object.wait()
java.lang.Thread.State: WAITING (on object monitor)
        at sun.misc.Unsafe.park(Native Method)
        at java.util.concurrent.locks.LockSupport.park(LockSupport.java:175)
        at java.util.concurrent.locks.AbstractQueuedSynchronizer$ConditionObject.await(AbstractQueuedSynchronizer.java:2039)
        at java.util.concurrent.LinkedBlockingQueue.take(LinkedBlockingQueue.java:442)
        at java.util.concurrent.ThreadPoolExecutor.getTask(ThreadPoolExecutor.java:1074)
        at java.util.concurrent.ThreadPoolExecutor.runWorker(ThreadPoolExecutor.java:1134)
        at java.util.concurrent.ThreadPoolExecutor$Worker.run(ThreadPoolExecutor.java:624)
        at java.lang.Thread.run(Thread.java:750)
"Session-HouseKeeper-7d9830bb-1"  prio=5 tid=196 timed_waiting
java.lang.Thread.State: TIMED_WAITING
        at sun.misc.Unsafe.park(Native Method)
        at java.util.concurrent.locks.LockSupport.parkNanos(LockSupport.java:215)
        at java.util.concurrent.locks.AbstractQueuedSynchronizer$ConditionObject.awaitNanos(AbstractQueuedSynchronizer.java:2078)
        at java.util.concurrent.ScheduledThreadPoolExecutor$DelayedWorkQueue.take(ScheduledThreadPoolExecutor.java:1093)
        at java.util.concurrent.ScheduledThreadPoolExecutor$DelayedWorkQueue.take(ScheduledThreadPoolExecutor.java:809)
        at java.util.concurrent.ThreadPoolExecutor.getTask(ThreadPoolExecutor.java:1074)
        at java.util.concurrent.ThreadPoolExecutor.runWorker(ThreadPoolExecutor.java:1134)
        at java.util.concurrent.ThreadPoolExecutor$Worker.run(ThreadPoolExecutor.java:624)
        at java.lang.Thread.run(Thread.java:750)
"om1@group-C5BA1605619E-StateMachineUpdater" daemon prio=5 tid=138 timed_waiting
java.lang.Thread.State: TIMED_WAITING
        at sun.misc.Unsafe.park(Native Method)
        at java.util.concurrent.locks.LockSupport.parkNanos(LockSupport.java:215)
        at java.util.concurrent.locks.AbstractQueuedSynchronizer$ConditionObject.await(AbstractQueuedSynchronizer.java:2163)
        at org.apache.ratis.util.AwaitForSignal.await(AwaitForSignal.java:62)
        at org.apache.ratis.server.impl.StateMachineUpdater.waitForCommit(StateMachineUpdater.java:207)
        at org.apache.ratis.server.impl.StateMachineUpdater.run(StateMachineUpdater.java:176)
        at java.lang.Thread.run(Thread.java:750)
"IPC Server handler 17 on default port 34121" daemon prio=5 tid=64 timed_waiting
java.lang.Thread.State: TIMED_WAITING
        at sun.misc.Unsafe.park(Native Method)
        at java.util.concurrent.locks.LockSupport.parkNanos(LockSupport.java:215)
        at java.util.concurrent.locks.AbstractQueuedSynchronizer$ConditionObject.awaitNanos(AbstractQueuedSynchronizer.java:2078)
        at java.util.concurrent.LinkedBlockingQueue.poll(LinkedBlockingQueue.java:467)
        at org.apache.hadoop.ipc.CallQueueManager.take(CallQueueManager.java:317)
        at org.apache.hadoop.ipc.Server$Handler.run(Server.java:2942)
"grpc-default-executor-0" daemon prio=5 tid=316 timed_waiting
java.lang.Thread.State: TIMED_WAITING
        at sun.misc.Unsafe.park(Native Method)
        at java.util.concurrent.locks.LockSupport.parkNanos(LockSupport.java:215)
        at java.util.concurrent.SynchronousQueue$TransferStack.awaitFulfill(SynchronousQueue.java:460)
        at java.util.concurrent.SynchronousQueue$TransferStack.transfer(SynchronousQueue.java:362)
        at java.util.concurrent.SynchronousQueue.poll(SynchronousQueue.java:941)
        at java.util.concurrent.ThreadPoolExecutor.getTask(ThreadPoolExecutor.java:1073)
        at java.util.concurrent.ThreadPoolExecutor.runWorker(ThreadPoolExecutor.java:1134)
        at java.util.concurrent.ThreadPoolExecutor$Worker.run(ThreadPoolExecutor.java:624)
        at java.lang.Thread.run(Thread.java:750)
"org.apache.hadoop.util.JvmPauseMonitor$Monitor@67045c41" daemon prio=5 tid=233 timed_waiting
java.lang.Thread.State: TIMED_WAITING
        at java.lang.Thread.sleep(Native Method)
        at org.apache.hadoop.util.JvmPauseMonitor$Monitor.run(JvmPauseMonitor.java:192)
        at java.lang.Thread.run(Thread.java:750)
"process reaper" daemon prio=10 tid=12 timed_waiting
java.lang.Thread.State: TIMED_WAITING
        at sun.misc.Unsafe.park(Native Method)
        at java.util.concurrent.locks.LockSupport.parkNanos(LockSupport.java:215)
        at java.util.concurrent.SynchronousQueue$TransferStack.awaitFulfill(SynchronousQueue.java:460)
        at java.util.concurrent.SynchronousQueue$TransferStack.transfer(SynchronousQueue.java:362)
        at java.util.concurrent.SynchronousQueue.poll(SynchronousQueue.java:941)
        at java.util.concurrent.ThreadPoolExecutor.getTask(ThreadPoolExecutor.java:1073)
        at java.util.concurrent.ThreadPoolExecutor.runWorker(ThreadPoolExecutor.java:1134)
        at java.util.concurrent.ThreadPoolExecutor$Worker.run(ThreadPoolExecutor.java:624)
        at java.lang.Thread.run(Thread.java:750)
"surefire-forkedjvm-command-thread" daemon prio=5 tid=10 runnable
java.lang.Thread.State: RUNNABLE
        at java.io.FileInputStream.readBytes(Native Method)
        at java.io.FileInputStream.read(FileInputStream.java:255)
        at java.io.BufferedInputStream.read1(BufferedInputStream.java:284)
        at java.io.BufferedInputStream.read(BufferedInputStream.java:345)
        at java.io.BufferedInputStream.fill(BufferedInputStream.java:246)
        at java.io.BufferedInputStream.read1(BufferedInputStream.java:286)
        at java.io.BufferedInputStream.read(BufferedInputStream.java:345)
        at org.apache.maven.surefire.api.util.internal.Channels$3.readImpl(Channels.java:214)
        at org.apache.maven.surefire.api.util.internal.AbstractNoninterruptibleReadableChannel.read(AbstractNoninterruptibleReadableChannel.java:54)
        at org.apache.maven.surefire.booter.spi.LegacyMasterProcessChannelDecoder.decode(LegacyMasterProcessChannelDecoder.java:80)
        at org.apache.maven.surefire.booter.CommandReader$CommandRunnable.run(CommandReader.java:343)
        at java.lang.Thread.run(Thread.java:750)
"FixedThreadPoolWithAffinityExecutor-6-0" daemon prio=5 tid=42 timed_waiting
java.lang.Thread.State: TIMED_WAITING
        at sun.misc.Unsafe.park(Native Method)
        at java.util.concurrent.locks.LockSupport.parkNanos(LockSupport.java:215)
        at java.util.concurrent.locks.AbstractQueuedSynchronizer$ConditionObject.awaitNanos(AbstractQueuedSynchronizer.java:2078)
        at java.util.concurrent.LinkedBlockingQueue.poll(LinkedBlockingQueue.java:467)
        at org.apache.hadoop.hdds.scm.server.ContainerReportQueue.poll(ContainerReportQueue.java:266)
        at org.apache.hadoop.hdds.scm.server.ContainerReportQueue.poll(ContainerReportQueue.java:42)
        at org.apache.hadoop.hdds.server.events.FixedThreadPoolWithAffinityExecutor$ContainerReportProcessTask.run(FixedThreadPoolWithAffinityExecutor.java:247)
        at java.util.concurrent.Executors$RunnableAdapter.call(Executors.java:511)
        at java.util.concurrent.FutureTask.run(FutureTask.java:266)
        at java.util.concurrent.ThreadPoolExecutor.runWorker(ThreadPoolExecutor.java:1149)
        at java.util.concurrent.ThreadPoolExecutor$Worker.run(ThreadPoolExecutor.java:624)
        at java.lang.Thread.run(Thread.java:750)
"qtp937092109-192" daemon prio=5 tid=192 timed_waiting
java.lang.Thread.State: TIMED_WAITING
        at sun.misc.Unsafe.park(Native Method)
        at java.util.concurrent.locks.LockSupport.parkNanos(LockSupport.java:215)
        at java.util.concurrent.locks.AbstractQueuedSynchronizer$ConditionObject.awaitNanos(AbstractQueuedSynchronizer.java:2078)
        at org.eclipse.jetty.util.BlockingArrayQueue.poll(BlockingArrayQueue.java:382)
        at org.eclipse.jetty.util.thread.QueuedThreadPool$Runner.idleJobPoll(QueuedThreadPool.java:974)
        at org.eclipse.jetty.util.thread.QueuedThreadPool$Runner.run(QueuedThreadPool.java:1018)
        at java.lang.Thread.run(Thread.java:750)
"ChunkWriter-3-0" daemon prio=5 tid=292 in Object.wait()
java.lang.Thread.State: WAITING (on object monitor)
        at sun.misc.Unsafe.park(Native Method)
        at java.util.concurrent.locks.LockSupport.park(LockSupport.java:175)
        at java.util.concurrent.locks.AbstractQueuedSynchronizer$ConditionObject.await(AbstractQueuedSynchronizer.java:2039)
        at java.util.concurrent.LinkedBlockingDeque.takeFirst(LinkedBlockingDeque.java:492)
        at java.util.concurrent.LinkedBlockingDeque.take(LinkedBlockingDeque.java:680)
        at java.util.concurrent.ThreadPoolExecutor.getTask(ThreadPoolExecutor.java:1074)
        at java.util.concurrent.ThreadPoolExecutor.runWorker(ThreadPoolExecutor.java:1134)
        at java.util.concurrent.ThreadPoolExecutor$Worker.run(ThreadPoolExecutor.java:624)
        at java.lang.Thread.run(Thread.java:750)
"FullTableCache Cleanup Thread - 0" daemon prio=5 tid=411 in Object.wait()
java.lang.Thread.State: WAITING (on object monitor)
        at sun.misc.Unsafe.park(Native Method)
        at java.util.concurrent.locks.LockSupport.park(LockSupport.java:175)
        at java.util.concurrent.locks.AbstractQueuedSynchronizer$ConditionObject.await(AbstractQueuedSynchronizer.java:2039)
        at java.util.concurrent.LinkedBlockingQueue.take(LinkedBlockingQueue.java:442)
        at java.util.concurrent.ThreadPoolExecutor.getTask(ThreadPoolExecutor.java:1074)
        at java.util.concurrent.ThreadPoolExecutor.runWorker(ThreadPoolExecutor.java:1134)
        at java.util.concurrent.ThreadPoolExecutor$Worker.run(ThreadPoolExecutor.java:624)
        at java.lang.Thread.run(Thread.java:750)
"b7545b0c-a4b8-458e-a79e-332c552b3ba3@group-36DC58DA704C-StateMachineUpdater" daemon prio=5 tid=348 timed_waiting
java.lang.Thread.State: TIMED_WAITING
        at sun.misc.Unsafe.park(Native Method)
        at java.util.concurrent.locks.LockSupport.parkNanos(LockSupport.java:215)
        at java.util.concurrent.locks.AbstractQueuedSynchronizer$ConditionObject.await(AbstractQueuedSynchronizer.java:2163)
        at org.apache.ratis.util.AwaitForSignal.await(AwaitForSignal.java:62)
        at org.apache.ratis.server.impl.StateMachineUpdater.waitForCommit(StateMachineUpdater.java:207)
        at org.apache.ratis.server.impl.StateMachineUpdater.run(StateMachineUpdater.java:176)
        at java.lang.Thread.run(Thread.java:750)
"Datanode State Machine Daemon Thread" daemon prio=5 tid=226 timed_waiting
java.lang.Thread.State: TIMED_WAITING
        at java.lang.Thread.sleep(Native Method)
        at org.apache.hadoop.ozone.container.common.statemachine.DatanodeStateMachine.startStateMachineThread(DatanodeStateMachine.java:336)
        at org.apache.hadoop.ozone.container.common.statemachine.DatanodeStateMachine.lambda$startDaemon$0(DatanodeStateMachine.java:518)
        at org.apache.hadoop.ozone.container.common.statemachine.DatanodeStateMachine$$Lambda$747/396240074.run(Unknown Source)
        at java.lang.Thread.run(Thread.java:750)
"org.apache.hadoop.util.JvmPauseMonitor$Monitor@4fa82e1" daemon prio=5 tid=260 timed_waiting
java.lang.Thread.State: TIMED_WAITING
        at java.lang.Thread.sleep(Native Method)
        at org.apache.hadoop.util.JvmPauseMonitor$Monitor.run(JvmPauseMonitor.java:192)
        at java.lang.Thread.run(Thread.java:750)
"Datanode State Machine Task Thread - 0"  prio=5 tid=205 in Object.wait()
java.lang.Thread.State: WAITING (on object monitor)
        at sun.misc.Unsafe.park(Native Method)
        at java.util.concurrent.locks.LockSupport.park(LockSupport.java:175)
        at java.util.concurrent.locks.AbstractQueuedSynchronizer$ConditionObject.await(AbstractQueuedSynchronizer.java:2039)
        at java.util.concurrent.LinkedBlockingQueue.take(LinkedBlockingQueue.java:442)
        at java.util.concurrent.ThreadPoolExecutor.getTask(ThreadPoolExecutor.java:1074)
        at java.util.concurrent.ThreadPoolExecutor.runWorker(ThreadPoolExecutor.java:1134)
        at java.util.concurrent.ThreadPoolExecutor$Worker.run(ThreadPoolExecutor.java:624)
        at java.lang.Thread.run(Thread.java:750)
"KeyDeletingService#0" daemon prio=5 tid=142 timed_waiting
java.lang.Thread.State: TIMED_WAITING
        at sun.misc.Unsafe.park(Native Method)
        at java.util.concurrent.locks.LockSupport.parkNanos(LockSupport.java:215)
        at java.util.concurrent.locks.AbstractQueuedSynchronizer$ConditionObject.awaitNanos(AbstractQueuedSynchronizer.java:2078)
        at java.util.concurrent.ScheduledThreadPoolExecutor$DelayedWorkQueue.take(ScheduledThreadPoolExecutor.java:1093)
        at java.util.concurrent.ScheduledThreadPoolExecutor$DelayedWorkQueue.take(ScheduledThreadPoolExecutor.java:809)
        at java.util.concurrent.ThreadPoolExecutor.getTask(ThreadPoolExecutor.java:1074)
        at java.util.concurrent.ThreadPoolExecutor.runWorker(ThreadPoolExecutor.java:1134)
        at java.util.concurrent.ThreadPoolExecutor$Worker.run(ThreadPoolExecutor.java:624)
        at java.lang.Thread.run(Thread.java:750)
"IPC Server handler 5 on default port 35747" daemon prio=5 tid=162 timed_waiting
java.lang.Thread.State: TIMED_WAITING
        at sun.misc.Unsafe.park(Native Method)
        at java.util.concurrent.locks.LockSupport.parkNanos(LockSupport.java:215)
        at java.util.concurrent.locks.AbstractQueuedSynchronizer$ConditionObject.awaitNanos(AbstractQueuedSynchronizer.java:2078)
        at java.util.concurrent.LinkedBlockingQueue.poll(LinkedBlockingQueue.java:467)
        at org.apache.hadoop.ipc.CallQueueManager.take(CallQueueManager.java:317)
        at org.apache.hadoop.ipc.Server$Handler.run(Server.java:2942)
"FixedThreadPoolWithAffinityExecutor-0-0" daemon prio=5 tid=36 timed_waiting
java.lang.Thread.State: TIMED_WAITING
        at sun.misc.Unsafe.park(Native Method)
        at java.util.concurrent.locks.LockSupport.parkNanos(LockSupport.java:215)
        at java.util.concurrent.locks.AbstractQueuedSynchronizer$ConditionObject.awaitNanos(AbstractQueuedSynchronizer.java:2078)
        at java.util.concurrent.LinkedBlockingQueue.poll(LinkedBlockingQueue.java:467)
        at org.apache.hadoop.hdds.scm.server.ContainerReportQueue.poll(ContainerReportQueue.java:266)
        at org.apache.hadoop.hdds.scm.server.ContainerReportQueue.poll(ContainerReportQueue.java:42)
        at org.apache.hadoop.hdds.server.events.FixedThreadPoolWithAffinityExecutor$ContainerReportProcessTask.run(FixedThreadPoolWithAffinityExecutor.java:247)
        at java.util.concurrent.Executors$RunnableAdapter.call(Executors.java:511)
        at java.util.concurrent.FutureTask.run(FutureTask.java:266)
        at java.util.concurrent.ThreadPoolExecutor.runWorker(ThreadPoolExecutor.java:1149)
        at java.util.concurrent.ThreadPoolExecutor$Worker.run(ThreadPoolExecutor.java:624)
        at java.lang.Thread.run(Thread.java:750)
"IPC Server handler 8 on default port 37227" daemon prio=5 tid=95 timed_waiting
java.lang.Thread.State: TIMED_WAITING
        at sun.misc.Unsafe.park(Native Method)
        at java.util.concurrent.locks.LockSupport.parkNanos(LockSupport.java:215)
        at java.util.concurrent.locks.AbstractQueuedSynchronizer$ConditionObject.awaitNanos(AbstractQueuedSynchronizer.java:2078)
        at java.util.concurrent.LinkedBlockingQueue.poll(LinkedBlockingQueue.java:467)
        at org.apache.hadoop.ipc.CallQueueManager.take(CallQueueManager.java:317)
        at org.apache.hadoop.ipc.Server$Handler.run(Server.java:2942)
"c5f0e82b-af1b-4789-ae30-308dce149649@group-36DC58DA704C-SegmentedRaftLogWorker"  prio=5 tid=334 timed_waiting
java.lang.Thread.State: TIMED_WAITING
        at sun.misc.Unsafe.park(Native Method)
        at java.util.concurrent.locks.LockSupport.parkNanos(LockSupport.java:215)
        at java.util.concurrent.locks.AbstractQueuedSynchronizer$ConditionObject.awaitNanos(AbstractQueuedSynchronizer.java:2078)
        at org.apache.ratis.util.DataBlockingQueue.poll(DataBlockingQueue.java:148)
        at org.apache.ratis.server.raftlog.segmented.SegmentedRaftLogWorker.run(SegmentedRaftLogWorker.java:312)
        at org.apache.ratis.server.raftlog.segmented.SegmentedRaftLogWorker$$Lambda$635/7565803.run(Unknown Source)
        at java.lang.Thread.run(Thread.java:750)
"IPC Server handler 7 on default port 33237" daemon prio=5 tid=74 timed_waiting
java.lang.Thread.State: TIMED_WAITING
        at sun.misc.Unsafe.park(Native Method)
        at java.util.concurrent.locks.LockSupport.parkNanos(LockSupport.java:215)
        at java.util.concurrent.locks.AbstractQueuedSynchronizer$ConditionObject.awaitNanos(AbstractQueuedSynchronizer.java:2078)
        at java.util.concurrent.LinkedBlockingQueue.poll(LinkedBlockingQueue.java:467)
        at org.apache.hadoop.ipc.CallQueueManager.take(CallQueueManager.java:317)
        at org.apache.hadoop.ipc.Server$Handler.run(Server.java:2942)
"prometheus" daemon prio=5 tid=119 in Object.wait()
java.lang.Thread.State: WAITING (on object monitor)
        at java.lang.Object.wait(Native Method)
        at java.lang.Object.wait(Object.java:502)
        at org.apache.hadoop.metrics2.impl.SinkQueue.waitForData(SinkQueue.java:114)
        at org.apache.hadoop.metrics2.impl.SinkQueue.consumeAll(SinkQueue.java:83)
        at org.apache.hadoop.metrics2.impl.MetricsSinkAdapter.publishMetricsFromQueue(MetricsSinkAdapter.java:135)
        at org.apache.hadoop.metrics2.impl.MetricsSinkAdapter$1.run(MetricsSinkAdapter.java:89)
"FixedThreadPoolWithAffinityExecutor-3-0" daemon prio=5 tid=39 timed_waiting
java.lang.Thread.State: TIMED_WAITING
        at sun.misc.Unsafe.park(Native Method)
        at java.util.concurrent.locks.LockSupport.parkNanos(LockSupport.java:215)
        at java.util.concurrent.locks.AbstractQueuedSynchronizer$ConditionObject.awaitNanos(AbstractQueuedSynchronizer.java:2078)
        at java.util.concurrent.LinkedBlockingQueue.poll(LinkedBlockingQueue.java:467)
        at org.apache.hadoop.hdds.scm.server.ContainerReportQueue.poll(ContainerReportQueue.java:266)
        at org.apache.hadoop.hdds.scm.server.ContainerReportQueue.poll(ContainerReportQueue.java:42)
        at org.apache.hadoop.hdds.server.events.FixedThreadPoolWithAffinityExecutor$ContainerReportProcessTask.run(FixedThreadPoolWithAffinityExecutor.java:247)
        at java.util.concurrent.Executors$RunnableAdapter.call(Executors.java:511)
        at java.util.concurrent.FutureTask.run(FutureTask.java:266)
        at java.util.concurrent.ThreadPoolExecutor.runWorker(ThreadPoolExecutor.java:1149)
        at java.util.concurrent.ThreadPoolExecutor$Worker.run(ThreadPoolExecutor.java:624)
        at java.lang.Thread.run(Thread.java:750)
"e24e525b-11e0-482b-97ed-e0be4d88ae43-impl-thread1" daemon prio=5 tid=214 timed_waiting
java.lang.Thread.State: TIMED_WAITING
        at sun.misc.Unsafe.park(Native Method)
        at java.util.concurrent.locks.LockSupport.parkNanos(LockSupport.java:215)
        at java.util.concurrent.SynchronousQueue$TransferStack.awaitFulfill(SynchronousQueue.java:460)
        at java.util.concurrent.SynchronousQueue$TransferStack.transfer(SynchronousQueue.java:362)
        at java.util.concurrent.SynchronousQueue.poll(SynchronousQueue.java:941)
        at java.util.concurrent.ThreadPoolExecutor.getTask(ThreadPoolExecutor.java:1073)
        at java.util.concurrent.ThreadPoolExecutor.runWorker(ThreadPoolExecutor.java:1134)
        at java.util.concurrent.ThreadPoolExecutor$Worker.run(ThreadPoolExecutor.java:624)
        at java.lang.Thread.run(Thread.java:750)
"IPC Server handler 8 on default port 34121" daemon prio=5 tid=55 timed_waiting
java.lang.Thread.State: TIMED_WAITING
        at sun.misc.Unsafe.park(Native Method)
        at java.util.concurrent.locks.LockSupport.parkNanos(LockSupport.java:215)
        at java.util.concurrent.locks.AbstractQueuedSynchronizer$ConditionObject.awaitNanos(AbstractQueuedSynchronizer.java:2078)
        at java.util.concurrent.LinkedBlockingQueue.poll(LinkedBlockingQueue.java:467)
        at org.apache.hadoop.ipc.CallQueueManager.take(CallQueueManager.java:317)
        at org.apache.hadoop.ipc.Server$Handler.run(Server.java:2942)
"e24e525b-11e0-482b-97ed-e0be4d88ae43-NettyServerStreamRpc-bossGroup--thread1" daemon prio=5 tid=213 runnable
java.lang.Thread.State: RUNNABLE
        at sun.nio.ch.EPollArrayWrapper.epollWait(Native Method)
        at sun.nio.ch.EPollArrayWrapper.poll(EPollArrayWrapper.java:269)
        at sun.nio.ch.EPollSelectorImpl.doSelect(EPollSelectorImpl.java:93)
        at sun.nio.ch.SelectorImpl.lockAndDoSelect(SelectorImpl.java:86)
        at sun.nio.ch.SelectorImpl.select(SelectorImpl.java:97)
        at sun.nio.ch.SelectorImpl.select(SelectorImpl.java:101)
        at org.apache.ratis.thirdparty.io.netty.channel.nio.SelectedSelectionKeySetSelector.select(SelectedSelectionKeySetSelector.java:68)
        at org.apache.ratis.thirdparty.io.netty.channel.nio.NioEventLoop.select(NioEventLoop.java:813)
        at org.apache.ratis.thirdparty.io.netty.channel.nio.NioEventLoop.run(NioEventLoop.java:460)
        at org.apache.ratis.thirdparty.io.netty.util.concurrent.SingleThreadEventExecutor$4.run(SingleThreadEventExecutor.java:995)
        at org.apache.ratis.thirdparty.io.netty.util.internal.ThreadExecutorMap$2.run(ThreadExecutorMap.java:74)
        at java.lang.Thread.run(Thread.java:750)
"e24e525b-11e0-482b-97ed-e0be4d88ae43-server-thread2" daemon prio=5 tid=383 timed_waiting
java.lang.Thread.State: TIMED_WAITING
        at sun.misc.Unsafe.park(Native Method)
        at java.util.concurrent.locks.LockSupport.parkNanos(LockSupport.java:215)
        at java.util.concurrent.SynchronousQueue$TransferStack.awaitFulfill(SynchronousQueue.java:460)
        at java.util.concurrent.SynchronousQueue$TransferStack.transfer(SynchronousQueue.java:362)
        at java.util.concurrent.SynchronousQueue.poll(SynchronousQueue.java:941)
        at java.util.concurrent.ThreadPoolExecutor.getTask(ThreadPoolExecutor.java:1073)
        at java.util.concurrent.ThreadPoolExecutor.runWorker(ThreadPoolExecutor.java:1134)
        at java.util.concurrent.ThreadPoolExecutor$Worker.run(ThreadPoolExecutor.java:624)
        at java.lang.Thread.run(Thread.java:750)
"ContainerOp-829bb69b-3f89-456d-b42e-354eef566c65-1"  prio=5 tid=427 in Object.wait()
java.lang.Thread.State: WAITING (on object monitor)
        at sun.misc.Unsafe.park(Native Method)
        at java.util.concurrent.locks.LockSupport.park(LockSupport.java:175)
        at java.util.concurrent.locks.AbstractQueuedSynchronizer$ConditionObject.await(AbstractQueuedSynchronizer.java:2039)
        at java.util.concurrent.LinkedBlockingQueue.take(LinkedBlockingQueue.java:442)
        at java.util.concurrent.ThreadPoolExecutor.getTask(ThreadPoolExecutor.java:1074)
        at java.util.concurrent.ThreadPoolExecutor.runWorker(ThreadPoolExecutor.java:1134)
        at java.util.concurrent.ThreadPoolExecutor$Worker.run(ThreadPoolExecutor.java:624)
        at java.lang.Thread.run(Thread.java:750)
"qtp287628152-247" daemon prio=5 tid=247 timed_waiting
java.lang.Thread.State: TIMED_WAITING
        at sun.misc.Unsafe.park(Native Method)
        at java.util.concurrent.locks.LockSupport.parkNanos(LockSupport.java:215)
        at java.util.concurrent.locks.AbstractQueuedSynchronizer$ConditionObject.awaitNanos(AbstractQueuedSynchronizer.java:2078)
        at org.eclipse.jetty.util.BlockingArrayQueue.poll(BlockingArrayQueue.java:382)
        at org.eclipse.jetty.util.thread.QueuedThreadPool$Runner.idleJobPoll(QueuedThreadPool.java:974)
        at org.eclipse.jetty.util.thread.QueuedThreadPool$Runner.run(QueuedThreadPool.java:1018)
        at java.lang.Thread.run(Thread.java:750)
"DataNode DiskChecker thread 0" daemon prio=5 tid=237 timed_waiting
java.lang.Thread.State: TIMED_WAITING
        at sun.misc.Unsafe.park(Native Method)
        at java.util.concurrent.locks.LockSupport.parkNanos(LockSupport.java:215)
        at java.util.concurrent.SynchronousQueue$TransferStack.awaitFulfill(SynchronousQueue.java:460)
        at java.util.concurrent.SynchronousQueue$TransferStack.transfer(SynchronousQueue.java:362)
        at java.util.concurrent.SynchronousQueue.poll(SynchronousQueue.java:941)
        at java.util.concurrent.ThreadPoolExecutor.getTask(ThreadPoolExecutor.java:1073)
        at java.util.concurrent.ThreadPoolExecutor.runWorker(ThreadPoolExecutor.java:1134)
        at java.util.concurrent.ThreadPoolExecutor$Worker.run(ThreadPoolExecutor.java:624)
        at java.lang.Thread.run(Thread.java:750)
"c5f0e82b-af1b-4789-ae30-308dce149649@group-80FDC6F049CF-StateMachineUpdater" daemon prio=5 tid=311 timed_waiting
java.lang.Thread.State: TIMED_WAITING
        at sun.misc.Unsafe.park(Native Method)
        at java.util.concurrent.locks.LockSupport.parkNanos(LockSupport.java:215)
        at java.util.concurrent.locks.AbstractQueuedSynchronizer$ConditionObject.await(AbstractQueuedSynchronizer.java:2163)
        at org.apache.ratis.util.AwaitForSignal.await(AwaitForSignal.java:62)
        at org.apache.ratis.server.impl.StateMachineUpdater.waitForCommit(StateMachineUpdater.java:207)
        at org.apache.ratis.server.impl.StateMachineUpdater.run(StateMachineUpdater.java:176)
        at java.lang.Thread.run(Thread.java:750)
"timer3" daemon prio=5 tid=380 timed_waiting
java.lang.Thread.State: TIMED_WAITING
        at java.lang.Object.wait(Native Method)
        at java.util.TimerThread.mainLoop(Timer.java:552)
        at java.util.TimerThread.run(Timer.java:505)
"IPC Server handler 10 on default port 35747" daemon prio=5 tid=167 timed_waiting
java.lang.Thread.State: TIMED_WAITING
        at sun.misc.Unsafe.park(Native Method)
        at java.util.concurrent.locks.LockSupport.parkNanos(LockSupport.java:215)
        at java.util.concurrent.locks.AbstractQueuedSynchronizer$ConditionObject.awaitNanos(AbstractQueuedSynchronizer.java:2078)
        at java.util.concurrent.LinkedBlockingQueue.poll(LinkedBlockingQueue.java:467)
        at org.apache.hadoop.ipc.CallQueueManager.take(CallQueueManager.java:317)
        at org.apache.hadoop.ipc.Server$Handler.run(Server.java:2942)
"b7545b0c-a4b8-458e-a79e-332c552b3ba3@group-4893EADF288C-StateMachineUpdater" daemon prio=5 tid=345 timed_waiting
java.lang.Thread.State: TIMED_WAITING
        at sun.misc.Unsafe.park(Native Method)
        at java.util.concurrent.locks.LockSupport.parkNanos(LockSupport.java:215)
        at java.util.concurrent.locks.AbstractQueuedSynchronizer$ConditionObject.await(AbstractQueuedSynchronizer.java:2163)
        at org.apache.ratis.util.AwaitForSignal.await(AwaitForSignal.java:62)
        at org.apache.ratis.server.impl.StateMachineUpdater.waitForCommit(StateMachineUpdater.java:207)
        at org.apache.ratis.server.impl.StateMachineUpdater.run(StateMachineUpdater.java:176)
        at java.lang.Thread.run(Thread.java:750)
"e24e525b-11e0-482b-97ed-e0be4d88ae43@group-354EEF566C65-StateMachineUpdater" daemon prio=5 tid=322 timed_waiting
java.lang.Thread.State: TIMED_WAITING
        at sun.misc.Unsafe.park(Native Method)
        at java.util.concurrent.locks.LockSupport.parkNanos(LockSupport.java:215)
        at java.util.concurrent.locks.AbstractQueuedSynchronizer$ConditionObject.await(AbstractQueuedSynchronizer.java:2163)
        at org.apache.ratis.util.AwaitForSignal.await(AwaitForSignal.java:62)
        at org.apache.ratis.server.impl.StateMachineUpdater.waitForCommit(StateMachineUpdater.java:207)
        at org.apache.ratis.server.impl.StateMachineUpdater.run(StateMachineUpdater.java:176)
        at java.lang.Thread.run(Thread.java:750)
"EventQueue-PipelineReportForPipelineReportHandler" daemon prio=5 tid=302 in Object.wait()
java.lang.Thread.State: WAITING (on object monitor)
        at sun.misc.Unsafe.park(Native Method)
        at java.util.concurrent.locks.LockSupport.park(LockSupport.java:175)
        at java.util.concurrent.locks.AbstractQueuedSynchronizer$ConditionObject.await(AbstractQueuedSynchronizer.java:2039)
        at java.util.concurrent.LinkedBlockingQueue.take(LinkedBlockingQueue.java:442)
        at java.util.concurrent.ThreadPoolExecutor.getTask(ThreadPoolExecutor.java:1074)
        at java.util.concurrent.ThreadPoolExecutor.runWorker(ThreadPoolExecutor.java:1134)
        at java.util.concurrent.ThreadPoolExecutor$Worker.run(ThreadPoolExecutor.java:624)
        at java.lang.Thread.run(Thread.java:750)
"OMDoubleBufferFlushThread" daemon prio=5 tid=126 timed_waiting
java.lang.Thread.State: TIMED_WAITING
        at java.lang.Object.wait(Native Method)
        at org.apache.hadoop.ozone.om.ratis.OzoneManagerDoubleBuffer.canFlush(OzoneManagerDoubleBuffer.java:614)
        at org.apache.hadoop.ozone.om.ratis.OzoneManagerDoubleBuffer.flushTransactions(OzoneManagerDoubleBuffer.java:258)
        at org.apache.hadoop.ozone.om.ratis.OzoneManagerDoubleBuffer$$Lambda$470/134629189.run(Unknown Source)
        at java.lang.Thread.run(Thread.java:750)
"BlockDeletingService#0" daemon prio=5 tid=271 timed_waiting
java.lang.Thread.State: TIMED_WAITING
        at sun.misc.Unsafe.park(Native Method)
        at java.util.concurrent.locks.LockSupport.parkNanos(LockSupport.java:215)
        at java.util.concurrent.locks.AbstractQueuedSynchronizer$ConditionObject.awaitNanos(AbstractQueuedSynchronizer.java:2078)
        at java.util.concurrent.ScheduledThreadPoolExecutor$DelayedWorkQueue.take(ScheduledThreadPoolExecutor.java:1093)
        at java.util.concurrent.ScheduledThreadPoolExecutor$DelayedWorkQueue.take(ScheduledThreadPoolExecutor.java:809)
        at java.util.concurrent.ThreadPoolExecutor.getTask(ThreadPoolExecutor.java:1074)
        at java.util.concurrent.ThreadPoolExecutor.runWorker(ThreadPoolExecutor.java:1134)
        at java.util.concurrent.ThreadPoolExecutor$Worker.run(ThreadPoolExecutor.java:624)
        at java.lang.Thread.run(Thread.java:750)
"IPC Server handler 8 on default port 33237" daemon prio=5 tid=75 timed_waiting
java.lang.Thread.State: TIMED_WAITING
        at sun.misc.Unsafe.park(Native Method)
        at java.util.concurrent.locks.LockSupport.parkNanos(LockSupport.java:215)
        at java.util.concurrent.locks.AbstractQueuedSynchronizer$ConditionObject.awaitNanos(AbstractQueuedSynchronizer.java:2078)
        at java.util.concurrent.LinkedBlockingQueue.poll(LinkedBlockingQueue.java:467)
        at org.apache.hadoop.ipc.CallQueueManager.take(CallQueueManager.java:317)
        at org.apache.hadoop.ipc.Server$Handler.run(Server.java:2942)
"IPC Server handler 19 on default port 34121" daemon prio=5 tid=66 timed_waiting
java.lang.Thread.State: TIMED_WAITING
        at sun.misc.Unsafe.park(Native Method)
        at java.util.concurrent.locks.LockSupport.parkNanos(LockSupport.java:215)
        at java.util.concurrent.locks.AbstractQueuedSynchronizer$ConditionObject.awaitNanos(AbstractQueuedSynchronizer.java:2078)
        at java.util.concurrent.LinkedBlockingQueue.poll(LinkedBlockingQueue.java:467)
        at org.apache.hadoop.ipc.CallQueueManager.take(CallQueueManager.java:317)
        at org.apache.hadoop.ipc.Server$Handler.run(Server.java:2942)
"IPC Server handler 16 on default port 34121" daemon prio=5 tid=63 timed_waiting
java.lang.Thread.State: TIMED_WAITING
        at sun.misc.Unsafe.park(Native Method)
        at java.util.concurrent.locks.LockSupport.parkNanos(LockSupport.java:215)
        at java.util.concurrent.locks.AbstractQueuedSynchronizer$ConditionObject.awaitNanos(AbstractQueuedSynchronizer.java:2078)
        at java.util.concurrent.LinkedBlockingQueue.poll(LinkedBlockingQueue.java:467)
        at org.apache.hadoop.ipc.CallQueueManager.take(CallQueueManager.java:317)
        at org.apache.hadoop.ipc.Server$Handler.run(Server.java:2942)
"Datanode State Machine Task Thread - 0"  prio=5 tid=261 in Object.wait()
java.lang.Thread.State: WAITING (on object monitor)
        at sun.misc.Unsafe.park(Native Method)
        at java.util.concurrent.locks.LockSupport.park(LockSupport.java:175)
        at java.util.concurrent.locks.AbstractQueuedSynchronizer$ConditionObject.await(AbstractQueuedSynchronizer.java:2039)
        at java.util.concurrent.LinkedBlockingQueue.take(LinkedBlockingQueue.java:442)
        at java.util.concurrent.ThreadPoolExecutor.getTask(ThreadPoolExecutor.java:1074)
        at java.util.concurrent.ThreadPoolExecutor.runWorker(ThreadPoolExecutor.java:1134)
        at java.util.concurrent.ThreadPoolExecutor$Worker.run(ThreadPoolExecutor.java:624)
        at java.lang.Thread.run(Thread.java:750)
"c5f0e82b-af1b-4789-ae30-308dce149649@group-36DC58DA704C-StateMachineUpdater" daemon prio=5 tid=337 timed_waiting
java.lang.Thread.State: TIMED_WAITING
        at sun.misc.Unsafe.park(Native Method)
        at java.util.concurrent.locks.LockSupport.parkNanos(LockSupport.java:215)
        at java.util.concurrent.locks.AbstractQueuedSynchronizer$ConditionObject.await(AbstractQueuedSynchronizer.java:2163)
        at org.apache.ratis.util.AwaitForSignal.await(AwaitForSignal.java:62)
        at org.apache.ratis.server.impl.StateMachineUpdater.waitForCommit(StateMachineUpdater.java:207)
        at org.apache.ratis.server.impl.StateMachineUpdater.run(StateMachineUpdater.java:176)
        at java.lang.Thread.run(Thread.java:750)
"IPC Server handler 3 on default port 35747" daemon prio=5 tid=160 timed_waiting
java.lang.Thread.State: TIMED_WAITING
        at sun.misc.Unsafe.park(Native Method)
        at java.util.concurrent.locks.LockSupport.parkNanos(LockSupport.java:215)
        at java.util.concurrent.locks.AbstractQueuedSynchronizer$ConditionObject.awaitNanos(AbstractQueuedSynchronizer.java:2078)
        at java.util.concurrent.LinkedBlockingQueue.poll(LinkedBlockingQueue.java:467)
        at org.apache.hadoop.ipc.CallQueueManager.take(CallQueueManager.java:317)
        at org.apache.hadoop.ipc.Server$Handler.run(Server.java:2942)
"b7545b0c-a4b8-458e-a79e-332c552b3ba3-impl-thread1" daemon prio=5 tid=241 timed_waiting
java.lang.Thread.State: TIMED_WAITING
        at sun.misc.Unsafe.park(Native Method)
        at java.util.concurrent.locks.LockSupport.parkNanos(LockSupport.java:215)
        at java.util.concurrent.SynchronousQueue$TransferStack.awaitFulfill(SynchronousQueue.java:460)
        at java.util.concurrent.SynchronousQueue$TransferStack.transfer(SynchronousQueue.java:362)
        at java.util.concurrent.SynchronousQueue.poll(SynchronousQueue.java:941)
        at java.util.concurrent.ThreadPoolExecutor.getTask(ThreadPoolExecutor.java:1073)
        at java.util.concurrent.ThreadPoolExecutor.runWorker(ThreadPoolExecutor.java:1134)
        at java.util.concurrent.ThreadPoolExecutor$Worker.run(ThreadPoolExecutor.java:624)
        at java.lang.Thread.run(Thread.java:750)
"IPC Server handler 13 on default port 33237" daemon prio=5 tid=80 timed_waiting
java.lang.Thread.State: TIMED_WAITING
        at sun.misc.Unsafe.park(Native Method)
        at java.util.concurrent.locks.LockSupport.parkNanos(LockSupport.java:215)
        at java.util.concurrent.locks.AbstractQueuedSynchronizer$ConditionObject.awaitNanos(AbstractQueuedSynchronizer.java:2078)
        at java.util.concurrent.LinkedBlockingQueue.poll(LinkedBlockingQueue.java:467)
        at org.apache.hadoop.ipc.CallQueueManager.take(CallQueueManager.java:317)
        at org.apache.hadoop.ipc.Server$Handler.run(Server.java:2942)
"IPC Server handler 5 on default port 33237" daemon prio=5 tid=72 timed_waiting
java.lang.Thread.State: TIMED_WAITING
        at sun.misc.Unsafe.park(Native Method)
        at java.util.concurrent.locks.LockSupport.parkNanos(LockSupport.java:215)
        at java.util.concurrent.locks.AbstractQueuedSynchronizer$ConditionObject.awaitNanos(AbstractQueuedSynchronizer.java:2078)
        at java.util.concurrent.LinkedBlockingQueue.poll(LinkedBlockingQueue.java:467)
        at org.apache.hadoop.ipc.CallQueueManager.take(CallQueueManager.java:317)
        at org.apache.hadoop.ipc.Server$Handler.run(Server.java:2942)
"ContainerOp-829bb69b-3f89-456d-b42e-354eef566c65-0"  prio=5 tid=426 in Object.wait()
java.lang.Thread.State: WAITING (on object monitor)
        at sun.misc.Unsafe.park(Native Method)
        at java.util.concurrent.locks.LockSupport.park(LockSupport.java:175)
        at java.util.concurrent.locks.AbstractQueuedSynchronizer$ConditionObject.await(AbstractQueuedSynchronizer.java:2039)
        at java.util.concurrent.LinkedBlockingQueue.take(LinkedBlockingQueue.java:442)
        at java.util.concurrent.ThreadPoolExecutor.getTask(ThreadPoolExecutor.java:1074)
        at java.util.concurrent.ThreadPoolExecutor.runWorker(ThreadPoolExecutor.java:1134)
        at java.util.concurrent.ThreadPoolExecutor$Worker.run(ThreadPoolExecutor.java:624)
        at java.lang.Thread.run(Thread.java:750)


	at org.apache.ozone.test.GenericTestUtils.waitFor(GenericTestUtils.java:231)
	at org.apache.hadoop.ozone.TestStorageContainerManager.testBlockDeletionTransactions(TestStorageContainerManager.java:324)
	at sun.reflect.NativeMethodAccessorImpl.invoke0(Native Method)
	at sun.reflect.NativeMethodAccessorImpl.invoke(NativeMethodAccessorImpl.java:62)
	at sun.reflect.DelegatingMethodAccessorImpl.invoke(DelegatingMethodAccessorImpl.java:43)
	at java.lang.reflect.Method.invoke(Method.java:498)
	at org.junit.runners.model.FrameworkMethod$1.runReflectiveCall(FrameworkMethod.java:59)
	at org.junit.internal.runners.model.ReflectiveCallable.run(ReflectiveCallable.java:12)
	at org.junit.runners.model.FrameworkMethod.invokeExplosively(FrameworkMethod.java:56)
	at org.junit.internal.runners.statements.InvokeMethod.evaluate(InvokeMethod.java:17)
	at org.junit.internal.runners.statements.RunAfters.evaluate(RunAfters.java:27)
	at org.junit.rules.ExpectedException$ExpectedExceptionStatement.evaluate(ExpectedException.java:258)
	at org.junit.internal.runners.statements.FailOnTimeout$CallableStatement.call(FailOnTimeout.java:288)
	at org.junit.internal.runners.statements.FailOnTimeout$CallableStatement.call(FailOnTimeout.java:282)
	at java.util.concurrent.FutureTask.run(FutureTask.java:266)
	at java.lang.Thread.run(Thread.java:750)
]]></error>
    <system-out><![CDATA[2023-03-29 21:15:47,715 [Time-limited test] WARN  server.ServerUtils (ServerUtils.java:getScmDbDir(148)) - ozone.scm.db.dirs is not configured. We recommend adding this setting. Falling back to ozone.metadata.dirs instead.
2023-03-29 21:15:47,794 [Time-limited test] WARN  server.ServerUtils (ServerUtils.java:getScmDbDir(148)) - ozone.scm.db.dirs is not configured. We recommend adding this setting. Falling back to ozone.metadata.dirs instead.
2023-03-29 21:15:47,797 [Time-limited test] INFO  ha.SCMHANodeDetails (SCMHANodeDetails.java:loadSCMHAConfig(209)) - ServiceID for StorageContainerManager is null
2023-03-29 21:15:47,802 [Time-limited test] WARN  ha.SCMHANodeDetails (SCMHANodeDetails.java:validateSCMHAConfig(182)) - Invalid config ozone.scm.ratis.enable. The config was not specified, but the default value true conflicts with the expected config value false. Falling back to the expected value. Current State of SCM: SCM is running in Non-HA without Ratis Ratis SCM -> Non Ratis SCM or Non HA SCM -> HA SCM is not supported
2023-03-29 21:15:47,803 [Time-limited test] INFO  ha.SCMHANodeDetails (SCMHANodeDetails.java:loadSCMHAConfig(214)) - ozone.scm.default.service.id is not defined, falling back to ozone.scm.service.ids to find serviceID for StorageContainerManager if it is HA enabled cluster
2023-03-29 21:15:48,284 [Time-limited test] WARN  utils.HAUtils (HAUtils.java:getMetaDir(342)) - ozone.scm.db.dirs is not configured. We recommend adding this setting. Falling back to ozone.metadata.dirs instead.
2023-03-29 21:15:48,430 [Time-limited test] WARN  db.DBStoreBuilder (DBStoreBuilder.java:applyDBDefinition(181)) - ozone.scm.db.dirs is not configured. We recommend adding this setting. Falling back to ozone.metadata.dirs instead.
2023-03-29 21:15:48,642 [Time-limited test] INFO  net.NodeSchemaLoader (NodeSchemaLoader.java:loadSchemaFromFile(129)) - Loading schema from [jar:file:/home/runner/.m2/repository/org/apache/ozone/hdds-common/1.4.0-SNAPSHOT/hdds-common-1.4.0-SNAPSHOT.jar!/network-topology-default.xml]
2023-03-29 21:15:48,643 [Time-limited test] INFO  net.NodeSchemaLoader (NodeSchemaLoader.java:loadSchema(176)) - Loading network topology layer schema file
2023-03-29 21:15:48,681 [Time-limited test] INFO  metrics.MetricRegistries (MetricRegistriesLoader.java:load(64)) - Loaded MetricRegistries class org.apache.ratis.metrics.impl.MetricRegistriesImpl
2023-03-29 21:15:48,685 [Time-limited test] INFO  upgrade.AbstractLayoutVersionManager (AbstractLayoutVersionManager.java:init(83)) - Initializing Layout version manager with metadata layout = DATANODE_SCHEMA_V3 (version = 4), software layout = DATANODE_SCHEMA_V3 (version = 4)
2023-03-29 21:15:48,876 [Time-limited test] INFO  reflections.Reflections (Reflections.java:scan(232)) - Reflections took 127 ms to scan 7 urls, producing 155 keys and 368 values 
2023-03-29 21:15:48,966 [Time-limited test] INFO  ha.SequenceIdGenerator (SequenceIdGenerator.java:upgradeToSequenceId(349)) - upgrade localId to 111677748019200000
2023-03-29 21:15:48,966 [Time-limited test] INFO  ha.SequenceIdGenerator (SequenceIdGenerator.java:upgradeToSequenceId(359)) - upgrade delTxnId to 0
2023-03-29 21:15:48,970 [Time-limited test] INFO  ha.SequenceIdGenerator (SequenceIdGenerator.java:upgradeToSequenceId(376)) - upgrade containerId to 0
2023-03-29 21:15:48,972 [Time-limited test] INFO  ha.SequenceIdGenerator (SequenceIdGenerator.java:<init>(220)) - Init the HA SequenceIdGenerator.
2023-03-29 21:15:49,018 [Time-limited test] WARN  server.ServerUtils (ServerUtils.java:sanitizeUserArgs(73)) - ozone.scm.stale.node.interval value = 300000 is larger than max = 100000 based on the key value of ozone.scm.heartbeat.thread.interval, reset to the max value 100000.
2023-03-29 21:15:49,018 [Time-limited test] WARN  server.ServerUtils (ServerUtils.java:sanitizeUserArgs(73)) - ozone.scm.stale.node.interval value = 300000 is larger than max = 100000 based on the key value of ozone.scm.heartbeat.thread.interval, reset to the max value 100000.
2023-03-29 21:15:49,023 [Time-limited test] INFO  node.SCMNodeManager (SCMNodeManager.java:<init>(156)) - Entering startup safe mode.
2023-03-29 21:15:49,074 [Time-limited test] INFO  algorithms.ContainerPlacementPolicyFactory (ContainerPlacementPolicyFactory.java:getPolicyInternal(86)) - Create container placement policy of type org.apache.hadoop.hdds.scm.container.placement.algorithms.SCMContainerPlacementRandom
2023-03-29 21:15:49,077 [Time-limited test] INFO  algorithms.ContainerPlacementPolicyFactory (ContainerPlacementPolicyFactory.java:getPolicyInternal(86)) - Create container placement policy of type org.apache.hadoop.hdds.scm.container.placement.algorithms.SCMContainerPlacementRackScatter
2023-03-29 21:15:49,086 [Time-limited test] INFO  pipeline.PipelineStateManagerImpl (PipelineStateManagerImpl.java:initialize(78)) - No pipeline exists in current db
2023-03-29 21:15:49,118 [Time-limited test] INFO  algorithms.LeaderChoosePolicyFactory (LeaderChoosePolicyFactory.java:getPolicy(57)) - Create leader choose policy of type org.apache.hadoop.hdds.scm.pipeline.leader.choose.algorithms.MinLeaderCountChoosePolicy
2023-03-29 21:15:49,118 [Time-limited test] INFO  algorithms.ContainerPlacementPolicyFactory (ContainerPlacementPolicyFactory.java:getPolicyInternal(86)) - Create container placement policy of type org.apache.hadoop.hdds.scm.container.placement.algorithms.SCMContainerPlacementRackScatter
2023-03-29 21:15:49,126 [Time-limited test] INFO  ha.SCMServiceManager (SCMServiceManager.java:register(42)) - Registering service BackgroundPipelineCreator.
2023-03-29 21:15:49,126 [Time-limited test] INFO  pipeline.BackgroundPipelineCreator (BackgroundPipelineCreator.java:start(124)) - Starting RatisPipelineUtilsThread.
2023-03-29 21:15:49,129 [Time-limited test] INFO  BackgroundPipelineScrubber (BackgroundSCMService.java:start(68)) - Starting BackgroundPipelineScrubber Service.
2023-03-29 21:15:49,133 [Time-limited test] INFO  ha.SCMServiceManager (SCMServiceManager.java:register(42)) - Registering service BackgroundPipelineScrubber.
2023-03-29 21:15:49,139 [Time-limited test] INFO  ExpiredContainerReplicaOpScrubber (BackgroundSCMService.java:start(68)) - Starting ExpiredContainerReplicaOpScrubber Service.
2023-03-29 21:15:49,148 [Time-limited test] INFO  ha.SCMServiceManager (SCMServiceManager.java:register(42)) - Registering service ExpiredContainerReplicaOpScrubber.
2023-03-29 21:15:49,191 [Time-limited test] INFO  algorithms.PipelineChoosePolicyFactory (PipelineChoosePolicyFactory.java:createPipelineChoosePolicyFromClass(73)) - Create pipeline choose policy of type org.apache.hadoop.hdds.scm.pipeline.choose.algorithms.RandomPipelineChoosePolicy
2023-03-29 21:15:49,209 [Time-limited test] INFO  ha.SCMServiceManager (SCMServiceManager.java:register(42)) - Registering service SCMBlockDeletingService.
2023-03-29 21:15:49,280 [Time-limited test] INFO  replication.ReplicationManager (ReplicationManager.java:start(277)) - Starting Replication Monitor Thread.
2023-03-29 21:15:49,288 [Time-limited test] INFO  ha.SCMServiceManager (SCMServiceManager.java:register(42)) - Registering service ReplicationManager.
2023-03-29 21:15:49,291 [ReplicationMonitor] INFO  replication.ReplicationManager (ReplicationManager.java:processAll(352)) - Replication Manager is not ready to run until 3000ms after safemode exit
2023-03-29 21:15:49,301 [Time-limited test] INFO  safemode.ContainerSafeModeRule (ContainerSafeModeRule.java:<init>(89)) - containers with one replica threshold count 0
2023-03-29 21:15:49,305 [Time-limited test] INFO  safemode.HealthyPipelineSafeModeRule (HealthyPipelineSafeModeRule.java:initializeRule(169)) - Total pipeline count is 0, healthy pipeline threshold count is 1
2023-03-29 21:15:49,307 [Time-limited test] INFO  safemode.OneReplicaPipelineSafeModeRule (OneReplicaPipelineSafeModeRule.java:initializeRule(180)) - Total pipeline count is 0, pipeline's with at least one datanode reported threshold count is 0
2023-03-29 21:15:49,345 [Time-limited test] INFO  server.StorageContainerManager (StorageContainerManager.java:<init>(398)) - SCM start with adminUsers: [runner]
2023-03-29 21:15:49,612 [Time-limited test] INFO  audit.AuditLogger (AuditLogger.java:refreshDebugCmdSet(126)) - Refresh DebugCmdSet for SCMAudit to [].
2023-03-29 21:15:49,644 [Time-limited test] INFO  ipc.CallQueueManager (CallQueueManager.java:<init>(90)) - Using callQueue: class java.util.concurrent.LinkedBlockingQueue, queueCapacity: 2000, scheduler: class org.apache.hadoop.ipc.DefaultRpcScheduler, ipcBackoff: false.
2023-03-29 21:15:49,684 [Socket Reader #1 for port 0] INFO  ipc.Server (Server.java:run(1273)) - Starting Socket Reader #1 for port 0
2023-03-29 21:15:49,738 [Listener at 0.0.0.0/37227] INFO  audit.AuditLogger (AuditLogger.java:refreshDebugCmdSet(126)) - Refresh DebugCmdSet for SCMAudit to [].
2023-03-29 21:15:49,753 [Listener at 0.0.0.0/37227] INFO  ipc.CallQueueManager (CallQueueManager.java:<init>(90)) - Using callQueue: class java.util.concurrent.LinkedBlockingQueue, queueCapacity: 2000, scheduler: class org.apache.hadoop.ipc.DefaultRpcScheduler, ipcBackoff: false.
2023-03-29 21:15:49,754 [Socket Reader #1 for port 0] INFO  ipc.Server (Server.java:run(1273)) - Starting Socket Reader #1 for port 0
2023-03-29 21:15:49,780 [Listener at 0.0.0.0/33237] INFO  audit.AuditLogger (AuditLogger.java:refreshDebugCmdSet(126)) - Refresh DebugCmdSet for SCMAudit to [].
2023-03-29 21:15:49,794 [Listener at 0.0.0.0/33237] INFO  ipc.CallQueueManager (CallQueueManager.java:<init>(90)) - Using callQueue: class java.util.concurrent.LinkedBlockingQueue, queueCapacity: 2000, scheduler: class org.apache.hadoop.ipc.DefaultRpcScheduler, ipcBackoff: false.
2023-03-29 21:15:49,794 [Socket Reader #1 for port 0] INFO  ipc.Server (Server.java:run(1273)) - Starting Socket Reader #1 for port 0
2023-03-29 21:15:49,897 [Listener at 0.0.0.0/34121] INFO  ha.SCMServiceManager (SCMServiceManager.java:register(42)) - Registering service ContainerBalancer.
2023-03-29 21:15:49,898 [Listener at 0.0.0.0/34121] INFO  server.StorageContainerManager (StorageContainerManager.java:<init>(415)) - 
Container Balancer status:
Key                            Value
Running                        false
Container Balancer Configuration values:
Key                                                Value
Threshold                                          10
Max Datanodes to Involve per Iteration(percent)    20
Max Size to Move per Iteration                     500GB
Max Size Entering Target per Iteration             26GB
Max Size Leaving Source per Iteration              26GB

2023-03-29 21:15:49,898 [Listener at 0.0.0.0/34121] INFO  ha.SCMContext (SCMContext.java:updateSafeModeStatus(228)) - Update SafeModeStatus from SafeModeStatus{safeModeStatus=true, preCheckPassed=false} to SafeModeStatus{safeModeStatus=true, preCheckPassed=false}.
2023-03-29 21:15:49,904 [Listener at 0.0.0.0/34121] INFO  server.StorageContainerManager (StorageContainerManager.java:start(1449)) - StorageContainerLocationProtocol RPC server is listening at /0.0.0.0:34121
2023-03-29 21:15:49,972 [Listener at 0.0.0.0/34121] WARN  impl.MetricsConfig (MetricsConfig.java:loadFirst(136)) - Cannot locate configuration: tried hadoop-metrics2-storagecontainermanager.properties,hadoop-metrics2.properties
2023-03-29 21:15:49,985 [Listener at 0.0.0.0/34121] INFO  impl.MetricsSystemImpl (MetricsSystemImpl.java:startTimer(378)) - Scheduled Metric snapshot period at 10 second(s).
2023-03-29 21:15:49,985 [Listener at 0.0.0.0/34121] INFO  impl.MetricsSystemImpl (MetricsSystemImpl.java:start(191)) - StorageContainerManager metrics system started
2023-03-29 21:15:50,240 [Listener at 0.0.0.0/34121] INFO  server.SCMClientProtocolServer (SCMClientProtocolServer.java:start(197)) - RPC server for Client  is listening at /0.0.0.0:34121
2023-03-29 21:15:50,240 [IPC Server Responder] INFO  ipc.Server (Server.java:run(1512)) - IPC Server Responder: starting
2023-03-29 21:15:50,242 [IPC Server listener on 0] INFO  ipc.Server (Server.java:run(1352)) - IPC Server listener on 0: starting
2023-03-29 21:15:50,244 [Listener at 0.0.0.0/34121] INFO  server.StorageContainerManager (StorageContainerManager.java:start(1463)) - ScmBlockLocationProtocol RPC server is listening at /0.0.0.0:33237
2023-03-29 21:15:50,245 [Listener at 0.0.0.0/34121] INFO  server.SCMBlockProtocolServer (SCMBlockProtocolServer.java:start(152)) - RPC server for Block Protocol is listening at /0.0.0.0:33237
2023-03-29 21:15:50,245 [IPC Server Responder] INFO  ipc.Server (Server.java:run(1512)) - IPC Server Responder: starting
2023-03-29 21:15:50,245 [IPC Server listener on 0] INFO  ipc.Server (Server.java:run(1352)) - IPC Server listener on 0: starting
2023-03-29 21:15:50,248 [Listener at 0.0.0.0/34121] INFO  server.SCMDatanodeProtocolServer (SCMDatanodeProtocolServer.java:start(193)) - ScmDatanodeProtocol RPC server for DataNodes is listening at /0.0.0.0:37227
2023-03-29 21:15:50,248 [IPC Server Responder] INFO  ipc.Server (Server.java:run(1512)) - IPC Server Responder: starting
2023-03-29 21:15:50,248 [IPC Server listener on 0] INFO  ipc.Server (Server.java:run(1352)) - IPC Server listener on 0: starting
2023-03-29 21:15:50,265 [org.apache.hadoop.util.JvmPauseMonitor$Monitor@49a97c60] INFO  util.JvmPauseMonitor (JvmPauseMonitor.java:run(188)) - Starting JVM pause monitor
2023-03-29 21:15:50,273 [Listener at 0.0.0.0/34121] INFO  http.BaseHttpServer (BaseHttpServer.java:newHttpServer2BuilderForOzone(224)) - Starting Web-server for scm at: http://0.0.0.0:0
2023-03-29 21:15:50,273 [Listener at 0.0.0.0/34121] INFO  http.BaseHttpServer (BaseHttpServer.java:<init>(111)) - Hadoop Security Enabled: false Ozone Security Enabled: false Ozone HTTP Security Enabled: false 
2023-03-29 21:15:50,298 [Listener at 0.0.0.0/34121] INFO  util.log (Log.java:initialized(170)) - Logging initialized @4064ms to org.eclipse.jetty.util.log.Slf4jLog
2023-03-29 21:15:50,391 [Listener at 0.0.0.0/34121] WARN  server.AuthenticationFilter (AuthenticationFilter.java:constructSecretProvider(240)) - Unable to initialize FileSignerSecretProvider, falling back to use random secrets. Reason: Could not read signature secret file: /home/runner/hadoop-http-auth-signature-secret
2023-03-29 21:15:50,398 [Listener at 0.0.0.0/34121] WARN  http.HttpRequestLog (HttpRequestLog.java:getRequestLog(103)) - Jetty request log can only be enabled using Log4j
2023-03-29 21:15:50,407 [Listener at 0.0.0.0/34121] INFO  http.HttpServer2 (HttpServer2.java:addGlobalFilter(1031)) - Added global filter 'safety' (class=org.apache.hadoop.hdds.server.http.HttpServer2$QuotingInputFilter)
2023-03-29 21:15:50,410 [Listener at 0.0.0.0/34121] INFO  http.HttpServer2 (HttpServer2.java:addFilter(1007)) - Added filter static_user_filter (class=org.apache.hadoop.http.lib.StaticUserWebFilter$StaticUserFilter) to context scm
2023-03-29 21:15:50,410 [Listener at 0.0.0.0/34121] INFO  http.HttpServer2 (HttpServer2.java:addFilter(1015)) - Added filter static_user_filter (class=org.apache.hadoop.http.lib.StaticUserWebFilter$StaticUserFilter) to context logs
2023-03-29 21:15:50,410 [Listener at 0.0.0.0/34121] INFO  http.HttpServer2 (HttpServer2.java:addFilter(1015)) - Added filter static_user_filter (class=org.apache.hadoop.http.lib.StaticUserWebFilter$StaticUserFilter) to context static
2023-03-29 21:15:50,449 [Listener at 0.0.0.0/34121] INFO  http.BaseHttpServer (BaseHttpServer.java:<init>(190)) - HTTP server of scm uses base directory /home/runner/work/ozone/ozone/hadoop-ozone/integration-test/target/test-dir/MiniOzoneClusterImpl-5f3e6df4-6103-47e5-8e5a-b28ce86b0313/ozone-meta/webserver
2023-03-29 21:15:50,450 [Listener at 0.0.0.0/34121] INFO  http.HttpServer2 (HttpServer2.java:bindListener(1250)) - Jetty bound to port 35309
2023-03-29 21:15:50,452 [Listener at 0.0.0.0/34121] INFO  server.Server (Server.java:doStart(375)) - jetty-9.4.49.v20220914; built: 2022-09-14T01:07:36.601Z; git: 4231a3b2e4cb8548a412a789936d640a97b1aa0a; jvm 1.8.0_362-b09
2023-03-29 21:15:50,487 [Listener at 0.0.0.0/34121] INFO  server.session (DefaultSessionIdManager.java:doStart(334)) - DefaultSessionIdManager workerName=node0
2023-03-29 21:15:50,487 [Listener at 0.0.0.0/34121] INFO  server.session (DefaultSessionIdManager.java:doStart(339)) - No SessionScavenger set, using defaults
2023-03-29 21:15:50,488 [Listener at 0.0.0.0/34121] INFO  server.session (HouseKeeper.java:startScavenging(132)) - node0 Scavenging every 660000ms
2023-03-29 21:15:50,510 [Listener at 0.0.0.0/34121] INFO  handler.ContextHandler (ContextHandler.java:doStart(921)) - Started o.e.j.s.ServletContextHandler@25aca8a{logs,/logs,file:///home/runner/work/ozone/ozone/hadoop-ozone/integration-test/target/log,AVAILABLE}
2023-03-29 21:15:50,513 [Listener at 0.0.0.0/34121] INFO  handler.ContextHandler (ContextHandler.java:doStart(921)) - Started o.e.j.s.ServletContextHandler@e2a444d{static,/static,file:///home/runner/work/ozone/ozone/hadoop-ozone/integration-test/target/test-classes/webapps/static,AVAILABLE}
2023-03-29 21:15:50,569 [Listener at 0.0.0.0/34121] INFO  handler.ContextHandler (ContextHandler.java:doStart(921)) - Started o.e.j.w.WebAppContext@1720a7a9{scm,/,file:///home/runner/work/ozone/ozone/hadoop-ozone/integration-test/target/test-classes/webapps/scm/,AVAILABLE}{file:/home/runner/work/ozone/ozone/hadoop-ozone/integration-test/target/test-classes/webapps/scm}
2023-03-29 21:15:50,577 [Listener at 0.0.0.0/34121] INFO  server.AbstractConnector (AbstractConnector.java:doStart(333)) - Started ServerConnector@6766a9e8{HTTP/1.1, (http/1.1)}{0.0.0.0:35309}
2023-03-29 21:15:50,578 [Listener at 0.0.0.0/34121] INFO  server.Server (Server.java:doStart(415)) - Started @4343ms
2023-03-29 21:15:50,582 [Listener at 0.0.0.0/34121] INFO  impl.MetricsSinkAdapter (MetricsSinkAdapter.java:start(204)) - Sink prometheus started
2023-03-29 21:15:50,582 [Listener at 0.0.0.0/34121] INFO  impl.MetricsSystemImpl (MetricsSystemImpl.java:registerSink(305)) - Registered sink prometheus
2023-03-29 21:15:50,584 [Listener at 0.0.0.0/34121] INFO  http.BaseHttpServer (BaseHttpServer.java:updateConnectorAddress(344)) - HTTP server of scm listening at http://0.0.0.0:35309
2023-03-29 21:15:50,586 [Listener at 0.0.0.0/34121] WARN  server.ServerUtils (ServerUtils.java:getDBPath(225)) - ozone.om.db.dirs is not configured. We recommend adding this setting. Falling back to ozone.metadata.dirs instead.
2023-03-29 21:15:50,661 [Listener at 0.0.0.0/34121] INFO  audit.AuditLogger (AuditLogger.java:refreshDebugCmdSet(126)) - Refresh DebugCmdSet for OMAudit to [].
2023-03-29 21:15:50,743 [Listener at 0.0.0.0/34121] INFO  ha.OMHANodeDetails (OMHANodeDetails.java:loadOMHAConfig(115)) - ozone.om.internal.service.id is not defined, falling back to ozone.om.service.ids to find serviceID for OzoneManager if it is HA enabled cluster
2023-03-29 21:15:50,746 [Listener at 0.0.0.0/34121] INFO  ha.OMHANodeDetails (OMHANodeDetails.java:loadOMHAConfig(226)) - Configuration does not have ozone.om.address set. Falling back to the default OM address /127.0.0.1:0
2023-03-29 21:15:50,746 [Listener at 0.0.0.0/34121] INFO  ha.OMHANodeDetails (OMHANodeDetails.java:getOMNodeDetailsForNonHA(254)) - OM Service ID is not set. Setting it to the default ID: omServiceIdDefault
2023-03-29 21:15:50,746 [Listener at 0.0.0.0/34121] INFO  ha.OMHANodeDetails (OMHANodeDetails.java:getOMNodeDetailsForNonHA(261)) - OM Node ID is not set. Setting it to the default ID: om1
2023-03-29 21:15:50,752 [Listener at 0.0.0.0/34121] WARN  server.ServerUtils (ServerUtils.java:getDBPath(225)) - ozone.om.db.dirs is not configured. We recommend adding this setting. Falling back to ozone.metadata.dirs instead.
2023-03-29 21:15:50,755 [Listener at 0.0.0.0/34121] INFO  upgrade.AbstractLayoutVersionManager (AbstractLayoutVersionManager.java:init(83)) - Initializing Layout version manager with metadata layout = MULTITENANCY_SCHEMA (version = 3), software layout = MULTITENANCY_SCHEMA (version = 3)
2023-03-29 21:15:50,850 [Listener at 0.0.0.0/34121] INFO  reflections.Reflections (Reflections.java:scan(232)) - Reflections took 89 ms to scan 2 urls, producing 170 keys and 470 values [using 2 cores]
2023-03-29 21:15:50,856 [Listener at 0.0.0.0/34121] INFO  upgrade.OMLayoutVersionManager (OMLayoutVersionManager.java:lambda$0(115)) - Skipping Upgrade Action MockOmUpgradeAction since it has been finalized.
2023-03-29 21:15:50,856 [Listener at 0.0.0.0/34121] WARN  server.ServerUtils (ServerUtils.java:getDBPath(225)) - ozone.om.db.dirs is not configured. We recommend adding this setting. Falling back to ozone.metadata.dirs instead.
2023-03-29 21:15:51,006 [Listener at 0.0.0.0/34121] INFO  proxy.SCMBlockLocationFailoverProxyProvider (SCMBlockLocationFailoverProxyProvider.java:<init>(114)) - Created block location fail-over proxy with 1 nodes: [nodeId=scmNodeId,nodeAddress=/0.0.0.0:33237]
2023-03-29 21:15:51,038 [Listener at 0.0.0.0/34121] INFO  proxy.SCMBlockLocationFailoverProxyProvider (SCMBlockLocationFailoverProxyProvider.java:<init>(114)) - Created block location fail-over proxy with 1 nodes: [nodeId=scmNodeId,nodeAddress=/0.0.0.0:33237]
2023-03-29 21:15:51,249 [Listener at 0.0.0.0/34121] INFO  om.OzoneManager (OzoneManager.java:<init>(619)) - OM start with adminUsers: [runner]
2023-03-29 21:15:51,289 [Listener at 0.0.0.0/34121] WARN  server.ServerUtils (ServerUtils.java:getDBPath(225)) - ozone.om.db.dirs is not configured. We recommend adding this setting. Falling back to ozone.metadata.dirs instead.
2023-03-29 21:15:51,297 [Listener at 0.0.0.0/34121] INFO  codec.OmKeyInfoCodec (OmKeyInfoCodec.java:<init>(49)) - OmKeyInfoCodec ignorePipeline = true
2023-03-29 21:15:51,299 [Listener at 0.0.0.0/34121] INFO  codec.RepeatedOmKeyInfoCodec (RepeatedOmKeyInfoCodec.java:<init>(41)) - RepeatedOmKeyInfoCodec ignorePipeline = true
2023-03-29 21:15:51,508 [Listener at 0.0.0.0/34121] INFO  om.OzoneManager (OzoneManager.java:instantiateServices(749)) - S3 Multi-Tenancy is disabled
2023-03-29 21:15:51,541 [Listener at 0.0.0.0/34121] WARN  server.ServerUtils (ServerUtils.java:getDBPath(225)) - ozone.om.snapshot.diff.db.dir is not configured. We recommend adding this setting. Falling back to ozone.metadata.dirs instead.
2023-03-29 21:15:51,634 [Listener at 0.0.0.0/34121] INFO  om.OzoneManager (OzoneManager.java:addS3GVolumeToDB(4223)) - Created Volume s3v With Owner runner required for S3Gateway operations.
2023-03-29 21:15:51,699 [Listener at 0.0.0.0/34121] WARN  server.ServerUtils (ServerUtils.java:getDefaultRatisDirectory(237)) - Storage directory for Ratis is not configured. It is a good idea to map this to an SSD disk. Falling back to ozone.metadata.dirs
2023-03-29 21:15:51,700 [Listener at 0.0.0.0/34121] WARN  utils.OzoneManagerRatisUtils (OzoneManagerRatisUtils.java:getOMRatisSnapshotDirectory(446)) - ozone.om.ratis.snapshot.dir is not configured. Falling back to ozone.metadata.dirs config
2023-03-29 21:15:51,718 [Listener at 0.0.0.0/34121] WARN  server.ServerUtils (ServerUtils.java:getDefaultRatisDirectory(237)) - Storage directory for Ratis is not configured. It is a good idea to map this to an SSD disk. Falling back to ozone.metadata.dirs
2023-03-29 21:15:51,753 [Listener at 0.0.0.0/34121] INFO  ratis.OzoneManagerRatisServer (OzoneManagerRatisServer.java:<init>(163)) - Instantiating OM Ratis server with groupID: omServiceIdDefault and peers: localhost:9872
2023-03-29 21:15:51,762 [Listener at 0.0.0.0/34121] INFO  ratis.OzoneManagerStateMachine (OzoneManagerStateMachine.java:loadSnapshotInfoFromDB(636)) - LastAppliedIndex is set from TransactionInfo from OM DB as (t:0, i:~)
2023-03-29 21:15:51,817 [Listener at 0.0.0.0/34121] INFO  server.RaftServer (ConfUtils.java:logGet(46)) - raft.rpc.type = GRPC (default)
2023-03-29 21:15:51,893 [Listener at 0.0.0.0/34121] INFO  grpc.GrpcConfigKeys (ConfUtils.java:logFallback(53)) - raft.grpc.admin.host = null (fallback to raft.grpc.server.host)
2023-03-29 21:15:51,894 [Listener at 0.0.0.0/34121] INFO  grpc.GrpcConfigKeys (ConfUtils.java:logFallback(53)) - raft.grpc.admin.port = 9872 (fallback to raft.grpc.server.port)
2023-03-29 21:15:51,897 [Listener at 0.0.0.0/34121] INFO  grpc.GrpcConfigKeys (ConfUtils.java:logFallback(53)) - raft.grpc.client.host = null (fallback to raft.grpc.server.host)
2023-03-29 21:15:51,898 [Listener at 0.0.0.0/34121] INFO  grpc.GrpcConfigKeys (ConfUtils.java:logFallback(53)) - raft.grpc.client.port = 9872 (fallback to raft.grpc.server.port)
2023-03-29 21:15:51,900 [Listener at 0.0.0.0/34121] INFO  grpc.GrpcConfigKeys (ConfUtils.java:logGet(46)) - raft.grpc.server.host = null (default)
2023-03-29 21:15:51,901 [Listener at 0.0.0.0/34121] INFO  grpc.GrpcConfigKeys (ConfUtils.java:logGet(46)) - raft.grpc.server.port = 9872 (custom)
2023-03-29 21:15:51,902 [Listener at 0.0.0.0/34121] INFO  server.GrpcService (ConfUtils.java:logGet(46)) - raft.grpc.message.size.max = 33554432 (custom)
2023-03-29 21:15:51,903 [Listener at 0.0.0.0/34121] INFO  server.RaftServerConfigKeys (ConfUtils.java:logGet(46)) - raft.server.log.appender.buffer.byte-limit = 33554432 (custom)
2023-03-29 21:15:51,905 [Listener at 0.0.0.0/34121] INFO  server.GrpcService (ConfUtils.java:logGet(46)) - raft.grpc.flow.control.window = 1MB (=1048576) (default)
2023-03-29 21:15:51,906 [Listener at 0.0.0.0/34121] INFO  server.RaftServerConfigKeys (ConfUtils.java:logGet(46)) - raft.server.rpc.request.timeout = 3000ms (default)
2023-03-29 21:15:51,918 [Listener at 0.0.0.0/34121] INFO  grpc.GrpcConfigKeys (ConfUtils.java:logGet(46)) - raft.grpc.server.heartbeat.channel = true (default)
2023-03-29 21:15:51,922 [Listener at 0.0.0.0/34121] INFO  grpc.GrpcConfigKeys (ConfUtils.java:logGet(46)) - raft.grpc.server.async.request.thread.pool.cached = true (default)
2023-03-29 21:15:51,922 [Listener at 0.0.0.0/34121] INFO  grpc.GrpcConfigKeys (ConfUtils.java:logGet(46)) - raft.grpc.server.async.request.thread.pool.size = 32 (default)
2023-03-29 21:15:52,145 [Listener at 0.0.0.0/34121] INFO  impl.DataStreamServerImpl (ConfUtils.java:logGet(46)) - raft.datastream.type = DISABLED (default)
2023-03-29 21:15:52,148 [Listener at 0.0.0.0/34121] INFO  server.RaftServerConfigKeys (ConfUtils.java:logGet(46)) - raft.server.threadpool.proxy.cached = true (default)
2023-03-29 21:15:52,151 [Listener at 0.0.0.0/34121] INFO  server.RaftServerConfigKeys (ConfUtils.java:logGet(46)) - raft.server.threadpool.proxy.size = 0 (default)
2023-03-29 21:15:52,152 [Listener at 0.0.0.0/34121] INFO  server.RaftServerConfigKeys (ConfUtils.java:logGet(46)) - raft.server.rpc.slowness.timeout = 120s (custom)
2023-03-29 21:15:52,152 [Listener at 0.0.0.0/34121] INFO  server.RaftServerConfigKeys (ConfUtils.java:logGet(46)) - raft.server.leaderelection.leader.step-down.wait-time = 10s (default)
2023-03-29 21:15:52,155 [Listener at 0.0.0.0/34121] INFO  server.RaftServerConfigKeys (ConfUtils.java:logGet(46)) - raft.server.storage.dir = [/home/runner/work/ozone/ozone/hadoop-ozone/integration-test/target/test-dir/MiniOzoneClusterImpl-5f3e6df4-6103-47e5-8e5a-b28ce86b0313/ozone-meta/ratis] (custom)
2023-03-29 21:15:52,162 [Listener at 0.0.0.0/34121] INFO  server.RaftServer (RaftServerProxy.java:addNew(96)) - om1: addNew group-C5BA1605619E:[om1|rpc:localhost:9872|priority:0|startupRole:FOLLOWER] returns group-C5BA1605619E:java.util.concurrent.CompletableFuture@7c7bc495[Not completed]
2023-03-29 21:15:52,163 [Listener at 0.0.0.0/34121] INFO  om.OzoneManager (OzoneManager.java:initializeRatisServer(2096)) - OzoneManager Ratis server initialized at port 9872
2023-03-29 21:15:52,167 [Listener at 0.0.0.0/34121] INFO  om.OzoneManager (OzoneManager.java:getRpcServer(1132)) - Creating RPC Server
2023-03-29 21:15:52,174 [pool-58-thread-1] INFO  server.RaftServer$Division (RaftServerImpl.java:<init>(195)) - om1: new RaftServerImpl for group-C5BA1605619E:[om1|rpc:localhost:9872|priority:0|startupRole:FOLLOWER] with OzoneManagerStateMachine:uninitialized
2023-03-29 21:15:52,175 [pool-58-thread-1] INFO  server.RaftServerConfigKeys (ConfUtils.java:logGet(46)) - raft.server.rpc.timeout.min = 1s (custom)
2023-03-29 21:15:52,177 [pool-58-thread-1] INFO  server.RaftServerConfigKeys (ConfUtils.java:logGet(46)) - raft.server.rpc.timeout.max = 1200ms (custom)
2023-03-29 21:15:52,177 [pool-58-thread-1] INFO  server.RaftServerConfigKeys (ConfUtils.java:logGet(46)) - raft.server.rpc.sleep.time = 25ms (default)
2023-03-29 21:15:52,177 [pool-58-thread-1] INFO  server.RaftServerConfigKeys (ConfUtils.java:logGet(46)) - raft.server.rpc.slowness.timeout = 120s (custom)
2023-03-29 21:15:52,177 [pool-58-thread-1] INFO  server.RaftServerConfigKeys (ConfUtils.java:logGet(46)) - raft.server.leaderelection.leader.step-down.wait-time = 10s (default)
2023-03-29 21:15:52,177 [pool-58-thread-1] INFO  server.RaftServerConfigKeys (ConfUtils.java:logGet(46)) - raft.server.sleep.deviation.threshold = 300ms (default)
2023-03-29 21:15:52,184 [pool-58-thread-1] INFO  server.RaftServer$Division (ServerState.java:<init>(118)) - om1@group-C5BA1605619E: ConfigurationManager, init=-1: peers:[om1|rpc:localhost:9872|priority:0|startupRole:FOLLOWER]|listeners:[], old=null, confs=<EMPTY_MAP>
2023-03-29 21:15:52,184 [pool-58-thread-1] INFO  server.RaftServerConfigKeys (ConfUtils.java:logGet(46)) - raft.server.storage.dir = [/home/runner/work/ozone/ozone/hadoop-ozone/integration-test/target/test-dir/MiniOzoneClusterImpl-5f3e6df4-6103-47e5-8e5a-b28ce86b0313/ozone-meta/ratis] (custom)
2023-03-29 21:15:52,203 [pool-58-thread-1] INFO  server.RaftServerConfigKeys (ConfUtils.java:logGet(46)) - raft.server.log.corruption.policy = EXCEPTION (default)
2023-03-29 21:15:52,203 [pool-58-thread-1] INFO  server.RaftServerConfigKeys (ConfUtils.java:logGet(46)) - raft.server.storage.free-space.min = 0MB (=0) (default)
2023-03-29 21:15:52,219 [pool-58-thread-1] INFO  server.RaftServerConfigKeys (ConfUtils.java:logGet(46)) - raft.server.notification.no-leader.timeout = 120s (custom)
2023-03-29 21:15:52,228 [pool-58-thread-1] INFO  server.RaftServerConfigKeys (ConfUtils.java:logGet(46)) - raft.server.retrycache.expirytime = 300s (custom)
2023-03-29 21:15:52,228 [pool-58-thread-1] INFO  server.RaftServerConfigKeys (ConfUtils.java:logGet(46)) - raft.server.retrycache.statistics.expirytime = 100μs (default)
2023-03-29 21:15:52,361 [pool-58-thread-1] INFO  server.RaftServerConfigKeys (ConfUtils.java:logGet(46)) - raft.server.log.appender.install.snapshot.enabled = false (custom)
2023-03-29 21:15:52,363 [pool-58-thread-1] INFO  server.RaftServerConfigKeys (ConfUtils.java:logGet(46)) - raft.server.threadpool.server.cached = true (default)
2023-03-29 21:15:52,363 [pool-58-thread-1] INFO  server.RaftServerConfigKeys (ConfUtils.java:logGet(46)) - raft.server.threadpool.server.size = 0 (default)
2023-03-29 21:15:52,364 [pool-58-thread-1] INFO  server.RaftServerConfigKeys (ConfUtils.java:logGet(46)) - raft.server.threadpool.client.cached = true (default)
2023-03-29 21:15:52,364 [pool-58-thread-1] INFO  server.RaftServerConfigKeys (ConfUtils.java:logGet(46)) - raft.server.threadpool.client.size = 0 (default)
2023-03-29 21:15:52,830 [Listener at 0.0.0.0/34121] INFO  reflections.Reflections (Reflections.java:scan(232)) - Reflections took 609 ms to scan 19 urls, producing 68 keys and 4992 values [using 2 cores]
2023-03-29 21:15:53,183 [Listener at 0.0.0.0/34121] INFO  ipc.CallQueueManager (CallQueueManager.java:<init>(90)) - Using callQueue: class java.util.concurrent.LinkedBlockingQueue, queueCapacity: 2000, scheduler: class org.apache.hadoop.ipc.DefaultRpcScheduler, ipcBackoff: false.
2023-03-29 21:15:53,184 [Socket Reader #1 for port 0] INFO  ipc.Server (Server.java:run(1273)) - Starting Socket Reader #1 for port 0
2023-03-29 21:15:53,222 [Listener at 127.0.0.1/35747] INFO  impl.MetricsSystemImpl (MetricsSystemImpl.java:init(158)) - OzoneManager metrics system started (again)
2023-03-29 21:15:53,237 [Listener at 127.0.0.1/35747] INFO  om.OzoneManager (OzoneManager.java:start(1553)) - OzoneManager RPC server is listening at localhost/127.0.0.1:35747
2023-03-29 21:15:53,237 [Listener at 127.0.0.1/35747] INFO  ratis.OzoneManagerRatisServer (OzoneManagerRatisServer.java:start(558)) - Starting OzoneManagerRatisServer om1 at port 9872
2023-03-29 21:15:53,240 [om1-impl-thread1] INFO  storage.RaftStorageDirectory (RaftStorageDirectoryImpl.java:analyzeStorage(137)) - The storage directory /home/runner/work/ozone/ozone/hadoop-ozone/integration-test/target/test-dir/MiniOzoneClusterImpl-5f3e6df4-6103-47e5-8e5a-b28ce86b0313/ozone-meta/ratis/bf265839-605b-3f16-9796-c5ba1605619e does not exist. Creating ...
2023-03-29 21:15:53,244 [om1-impl-thread1] INFO  storage.RaftStorageDirectory (RaftStorageDirectoryImpl.java:tryLock(231)) - Lock on /home/runner/work/ozone/ozone/hadoop-ozone/integration-test/target/test-dir/MiniOzoneClusterImpl-5f3e6df4-6103-47e5-8e5a-b28ce86b0313/ozone-meta/ratis/bf265839-605b-3f16-9796-c5ba1605619e/in_use.lock acquired by nodename 46426@fv-az308-773
2023-03-29 21:15:53,249 [om1-impl-thread1] INFO  storage.RaftStorage (RaftStorageImpl.java:format(96)) - Storage directory /home/runner/work/ozone/ozone/hadoop-ozone/integration-test/target/test-dir/MiniOzoneClusterImpl-5f3e6df4-6103-47e5-8e5a-b28ce86b0313/ozone-meta/ratis/bf265839-605b-3f16-9796-c5ba1605619e has been successfully formatted.
2023-03-29 21:15:53,251 [om1-impl-thread1] INFO  server.RaftServerConfigKeys (ConfUtils.java:logGet(46)) - raft.server.log.use.memory = false (default)
2023-03-29 21:15:53,257 [om1-impl-thread1] INFO  server.RaftServerConfigKeys (ConfUtils.java:logGet(46)) - raft.server.log.purge.gap = 1000000 (custom)
2023-03-29 21:15:53,257 [om1-impl-thread1] INFO  server.RaftServerConfigKeys (ConfUtils.java:logGet(46)) - raft.server.log.appender.buffer.byte-limit = 33554432 (custom)
2023-03-29 21:15:53,259 [om1-impl-thread1] INFO  server.RaftServerConfigKeys (ConfUtils.java:logGet(46)) - raft.server.log.statemachine.data.read.timeout = 1000ms (default)
2023-03-29 21:15:53,259 [om1-impl-thread1] INFO  server.RaftServerConfigKeys (ConfUtils.java:logGet(46)) - raft.server.log.purge.preservation.log.num = 0 (default)
2023-03-29 21:15:53,261 [om1-impl-thread1] INFO  server.RaftServerConfigKeys (ConfUtils.java:logGet(46)) - raft.server.log.segment.size.max = 4194304 (custom)
2023-03-29 21:15:53,266 [om1-impl-thread1] INFO  server.RaftServerConfigKeys (ConfUtils.java:logGet(46)) - raft.server.log.segment.cache.num.max = 2 (custom)
2023-03-29 21:15:53,267 [om1-impl-thread1] INFO  server.RaftServerConfigKeys (ConfUtils.java:logGet(46)) - raft.server.log.segment.cache.size.max = 200MB (=209715200) (default)
2023-03-29 21:15:53,272 [om1-impl-thread1] INFO  segmented.SegmentedRaftLogWorker (SegmentedRaftLogWorker.java:<init>(189)) - new om1@group-C5BA1605619E-SegmentedRaftLogWorker for RaftStorageImpl:Storage Directory /home/runner/work/ozone/ozone/hadoop-ozone/integration-test/target/test-dir/MiniOzoneClusterImpl-5f3e6df4-6103-47e5-8e5a-b28ce86b0313/ozone-meta/ratis/bf265839-605b-3f16-9796-c5ba1605619e
2023-03-29 21:15:53,272 [om1-impl-thread1] INFO  server.RaftServerConfigKeys (ConfUtils.java:logGet(46)) - raft.server.log.queue.byte-limit = 64MB (=67108864) (default)
2023-03-29 21:15:53,272 [om1-impl-thread1] INFO  server.RaftServerConfigKeys (ConfUtils.java:logGet(46)) - raft.server.log.queue.element-limit = 4096 (default)
2023-03-29 21:15:53,273 [om1-impl-thread1] INFO  server.RaftServerConfigKeys (ConfUtils.java:logGet(46)) - raft.server.log.segment.size.max = 4194304 (custom)
2023-03-29 21:15:53,274 [om1-impl-thread1] INFO  server.RaftServerConfigKeys (ConfUtils.java:logGet(46)) - raft.server.log.preallocated.size = 4194304 (custom)
2023-03-29 21:15:53,274 [om1-impl-thread1] INFO  server.RaftServerConfigKeys (ConfUtils.java:logGet(46)) - raft.server.log.force.sync.num = 128 (default)
2023-03-29 21:15:53,275 [om1-impl-thread1] INFO  server.RaftServerConfigKeys (ConfUtils.java:logGet(46)) - raft.server.log.statemachine.data.sync = true (default)
2023-03-29 21:15:53,275 [om1-impl-thread1] INFO  server.RaftServerConfigKeys (ConfUtils.java:logGet(46)) - raft.server.log.statemachine.data.sync.timeout = 10s (default)
2023-03-29 21:15:53,275 [om1-impl-thread1] INFO  server.RaftServerConfigKeys (ConfUtils.java:logGet(46)) - raft.server.log.statemachine.data.sync.timeout.retry = -1 (default)
2023-03-29 21:15:53,283 [om1-impl-thread1] INFO  server.RaftServerConfigKeys (ConfUtils.java:logGet(46)) - raft.server.log.write.buffer.size = 64KB (=65536) (default)
2023-03-29 21:15:53,283 [om1-impl-thread1] INFO  server.RaftServerConfigKeys (ConfUtils.java:logGet(46)) - raft.server.log.appender.buffer.byte-limit = 33554432 (custom)
2023-03-29 21:15:53,288 [om1-impl-thread1] INFO  server.RaftServerConfigKeys (ConfUtils.java:logGet(46)) - raft.server.log.unsafe-flush.enabled = false (default)
2023-03-29 21:15:53,289 [om1-impl-thread1] INFO  server.RaftServerConfigKeys (ConfUtils.java:logGet(46)) - raft.server.log.async-flush.enabled = false (default)
2023-03-29 21:15:53,289 [om1-impl-thread1] INFO  server.RaftServerConfigKeys (ConfUtils.java:logGet(46)) - raft.server.log.statemachine.data.caching.enabled = false (default)
2023-03-29 21:15:53,294 [om1-impl-thread1] INFO  segmented.SegmentedRaftLogWorker (SegmentedRaftLogWorker.java:lambda$new$0(135)) - om1@group-C5BA1605619E-SegmentedRaftLogWorker: flushIndex: setUnconditionally 0 -> -1
2023-03-29 21:15:53,295 [om1-impl-thread1] INFO  segmented.SegmentedRaftLogWorker (SegmentedRaftLogWorker.java:lambda$new$0(135)) - om1@group-C5BA1605619E-SegmentedRaftLogWorker: safeCacheEvictIndex: setUnconditionally 0 -> -1
2023-03-29 21:15:53,296 [om1-impl-thread1] INFO  server.RaftServer$Division (RaftServerImpl.java:start(334)) - om1@group-C5BA1605619E: start as a follower, conf=-1: peers:[om1|rpc:localhost:9872|priority:0|startupRole:FOLLOWER]|listeners:[], old=null
2023-03-29 21:15:53,298 [om1-impl-thread1] INFO  server.RaftServer$Division (RaftServerImpl.java:setRole(321)) - om1@group-C5BA1605619E: changes role from      null to FOLLOWER at term 0 for startAsFollower
2023-03-29 21:15:53,300 [om1-impl-thread1] INFO  impl.RoleInfo (RoleInfo.java:updateAndGet(139)) - om1: start om1@group-C5BA1605619E-FollowerState
2023-03-29 21:15:53,301 [om1-impl-thread1] INFO  util.JmxRegister (JmxRegister.java:tryRegister(44)) - Successfully registered JMX Bean with object name Ratis:service=RaftServer,group=group-C5BA1605619E,id=om1
2023-03-29 21:15:53,302 [om1-impl-thread1] INFO  server.RaftServerConfigKeys (ConfUtils.java:logGet(46)) - raft.server.snapshot.auto.trigger.enabled = true (custom)
2023-03-29 21:15:53,303 [om1-impl-thread1] INFO  server.RaftServerConfigKeys (ConfUtils.java:logGet(46)) - raft.server.snapshot.auto.trigger.threshold = 400000 (default)
2023-03-29 21:15:53,303 [om1-impl-thread1] INFO  server.RaftServerConfigKeys (ConfUtils.java:logGet(46)) - raft.server.snapshot.retention.file.num = -1 (default)
2023-03-29 21:15:53,304 [om1-impl-thread1] INFO  server.RaftServerConfigKeys (ConfUtils.java:logGet(46)) - raft.server.log.purge.upto.snapshot.index = true (custom)
2023-03-29 21:15:53,306 [om1@group-C5BA1605619E-FollowerState] INFO  server.RaftServerConfigKeys (ConfUtils.java:logFallback(53)) - raft.server.rpc.first-election.timeout.min = 1s (fallback to raft.server.rpc.timeout.min)
2023-03-29 21:15:53,306 [om1@group-C5BA1605619E-FollowerState] INFO  server.RaftServerConfigKeys (ConfUtils.java:logFallback(53)) - raft.server.rpc.first-election.timeout.max = 1200ms (fallback to raft.server.rpc.timeout.max)
2023-03-29 21:15:53,309 [Listener at 127.0.0.1/35747] INFO  server.RaftServer (RaftServerProxy.java:startImpl(393)) - om1: start RPC server
2023-03-29 21:15:53,353 [Listener at 127.0.0.1/35747] INFO  server.GrpcService (GrpcService.java:startImpl(262)) - om1: GrpcService started, listening on 9872
2023-03-29 21:15:53,355 [Listener at 127.0.0.1/35747] INFO  om.OzoneManager (OzoneManager.java:start(1569)) - Version File has different layout version (3) than OM DB (null). That is expected if this OM has never been finalized to a newer layout version.
2023-03-29 21:15:53,357 [JvmPauseMonitor0] INFO  util.JvmPauseMonitor (JvmPauseMonitor.java:run(105)) - JvmPauseMonitor-om1: Started
2023-03-29 21:15:53,381 [Listener at 127.0.0.1/35747] INFO  http.BaseHttpServer (BaseHttpServer.java:newHttpServer2BuilderForOzone(224)) - Starting Web-server for ozoneManager at: http://0.0.0.0:0
2023-03-29 21:15:53,381 [Listener at 127.0.0.1/35747] INFO  http.BaseHttpServer (BaseHttpServer.java:<init>(111)) - Hadoop Security Enabled: false Ozone Security Enabled: false Ozone HTTP Security Enabled: false 
2023-03-29 21:15:53,383 [Listener at 127.0.0.1/35747] WARN  server.AuthenticationFilter (AuthenticationFilter.java:constructSecretProvider(240)) - Unable to initialize FileSignerSecretProvider, falling back to use random secrets. Reason: Could not read signature secret file: /home/runner/hadoop-http-auth-signature-secret
2023-03-29 21:15:53,385 [Listener at 127.0.0.1/35747] WARN  http.HttpRequestLog (HttpRequestLog.java:getRequestLog(103)) - Jetty request log can only be enabled using Log4j
2023-03-29 21:15:53,387 [Listener at 127.0.0.1/35747] INFO  http.HttpServer2 (HttpServer2.java:addGlobalFilter(1031)) - Added global filter 'safety' (class=org.apache.hadoop.hdds.server.http.HttpServer2$QuotingInputFilter)
2023-03-29 21:15:53,388 [Listener at 127.0.0.1/35747] INFO  http.HttpServer2 (HttpServer2.java:addFilter(1007)) - Added filter static_user_filter (class=org.apache.hadoop.http.lib.StaticUserWebFilter$StaticUserFilter) to context ozoneManager
2023-03-29 21:15:53,388 [Listener at 127.0.0.1/35747] INFO  http.HttpServer2 (HttpServer2.java:addFilter(1015)) - Added filter static_user_filter (class=org.apache.hadoop.http.lib.StaticUserWebFilter$StaticUserFilter) to context logs
2023-03-29 21:15:53,388 [Listener at 127.0.0.1/35747] INFO  http.HttpServer2 (HttpServer2.java:addFilter(1015)) - Added filter static_user_filter (class=org.apache.hadoop.http.lib.StaticUserWebFilter$StaticUserFilter) to context static
2023-03-29 21:15:53,389 [Listener at 127.0.0.1/35747] INFO  http.BaseHttpServer (BaseHttpServer.java:<init>(190)) - HTTP server of ozoneManager uses base directory /home/runner/work/ozone/ozone/hadoop-ozone/integration-test/target/test-dir/MiniOzoneClusterImpl-5f3e6df4-6103-47e5-8e5a-b28ce86b0313/ozone-meta/webserver
2023-03-29 21:15:53,391 [Listener at 127.0.0.1/35747] INFO  http.HttpServer2 (HttpServer2.java:bindListener(1250)) - Jetty bound to port 43853
2023-03-29 21:15:53,391 [Listener at 127.0.0.1/35747] INFO  server.Server (Server.java:doStart(375)) - jetty-9.4.49.v20220914; built: 2022-09-14T01:07:36.601Z; git: 4231a3b2e4cb8548a412a789936d640a97b1aa0a; jvm 1.8.0_362-b09
2023-03-29 21:15:53,395 [Listener at 127.0.0.1/35747] INFO  server.session (DefaultSessionIdManager.java:doStart(334)) - DefaultSessionIdManager workerName=node0
2023-03-29 21:15:53,396 [Listener at 127.0.0.1/35747] INFO  server.session (DefaultSessionIdManager.java:doStart(339)) - No SessionScavenger set, using defaults
2023-03-29 21:15:53,396 [Listener at 127.0.0.1/35747] INFO  server.session (HouseKeeper.java:startScavenging(132)) - node0 Scavenging every 660000ms
2023-03-29 21:15:53,397 [Listener at 127.0.0.1/35747] INFO  handler.ContextHandler (ContextHandler.java:doStart(921)) - Started o.e.j.s.ServletContextHandler@5ade367f{logs,/logs,file:///home/runner/work/ozone/ozone/hadoop-ozone/integration-test/target/log,AVAILABLE}
2023-03-29 21:15:53,397 [Listener at 127.0.0.1/35747] INFO  handler.ContextHandler (ContextHandler.java:doStart(921)) - Started o.e.j.s.ServletContextHandler@6a4cca4f{static,/static,file:///home/runner/work/ozone/ozone/hadoop-ozone/integration-test/target/test-classes/webapps/static,AVAILABLE}
2023-03-29 21:15:53,400 [Listener at 127.0.0.1/35747] INFO  handler.ContextHandler (ContextHandler.java:doStart(921)) - Started o.e.j.w.WebAppContext@731f96be{ozoneManager,/,file:///home/runner/work/ozone/ozone/hadoop-ozone/integration-test/target/test-classes/webapps/ozoneManager/,AVAILABLE}{file:/home/runner/work/ozone/ozone/hadoop-ozone/integration-test/target/test-classes/webapps/ozoneManager}
2023-03-29 21:15:53,401 [Listener at 127.0.0.1/35747] INFO  server.AbstractConnector (AbstractConnector.java:doStart(333)) - Started ServerConnector@78308abb{HTTP/1.1, (http/1.1)}{0.0.0.0:43853}
2023-03-29 21:15:53,401 [Listener at 127.0.0.1/35747] INFO  server.Server (Server.java:doStart(415)) - Started @7167ms
2023-03-29 21:15:53,402 [Listener at 127.0.0.1/35747] WARN  impl.MetricsSystemImpl (MetricsSystemImpl.java:register(279)) - Sink prometheus already exists!
2023-03-29 21:15:53,402 [Listener at 127.0.0.1/35747] INFO  http.BaseHttpServer (BaseHttpServer.java:updateConnectorAddress(344)) - HTTP server of ozoneManager listening at http://0.0.0.0:43853
2023-03-29 21:15:53,402 [IPC Server Responder] INFO  ipc.Server (Server.java:run(1512)) - IPC Server Responder: starting
2023-03-29 21:15:53,405 [IPC Server listener on 0] INFO  ipc.Server (Server.java:run(1352)) - IPC Server listener on 0: starting
2023-03-29 21:15:53,409 [Listener at 127.0.0.1/35747] INFO  om.OzoneManager (OzoneManager.java:startTrashEmptier(2040)) - Trash Interval set to 0. Files deleted won't move to trash
2023-03-29 21:15:53,418 [org.apache.hadoop.util.JvmPauseMonitor$Monitor@551ba707] INFO  util.JvmPauseMonitor (JvmPauseMonitor.java:run(188)) - Starting JVM pause monitor
2023-03-29 21:15:53,550 [Listener at 127.0.0.1/35747] WARN  impl.MetricRegistriesImpl (MetricRegistriesImpl.java:addReporterRegistration(111)) - New reporters are added after registries were created. Some metrics will be missing from the reporter. Please add reporter before adding any new registry.
2023-03-29 21:15:53,551 [Listener at 127.0.0.1/35747] WARN  impl.MetricRegistriesImpl (MetricRegistriesImpl.java:addReporterRegistration(111)) - New reporters are added after registries were created. Some metrics will be missing from the reporter. Please add reporter before adding any new registry.
2023-03-29 21:15:53,551 [Listener at 127.0.0.1/35747] INFO  impl.MetricsSystemImpl (MetricsSystemImpl.java:init(158)) - HddsDatanode metrics system started (again)
2023-03-29 21:15:53,569 [Listener at 127.0.0.1/35747] INFO  ozone.HddsDatanodeService (HddsDatanodeService.java:start(249)) - HddsDatanodeService host:fv-az308-773 ip:10.1.0.17
2023-03-29 21:15:53,600 [Listener at 127.0.0.1/35747] INFO  upgrade.AbstractLayoutVersionManager (AbstractLayoutVersionManager.java:init(83)) - Initializing Layout version manager with metadata layout = DATANODE_SCHEMA_V3 (version = 4), software layout = DATANODE_SCHEMA_V3 (version = 4)
2023-03-29 21:15:53,653 [Listener at 127.0.0.1/35747] INFO  reflections.Reflections (Reflections.java:scan(232)) - Reflections took 50 ms to scan 7 urls, producing 155 keys and 368 values 
2023-03-29 21:15:53,661 [Listener at 127.0.0.1/35747] INFO  statemachine.DatanodeStateMachine (DatanodeStateMachine.java:getEndPointTaskThreadPoolSize(260)) - Datanode State Machine Task Thread Pool size 2
2023-03-29 21:15:53,730 [Listener at 127.0.0.1/35747] INFO  volume.HddsVolume (HddsVolume.java:<init>(130)) - Creating HddsVolume: /home/runner/work/ozone/ozone/hadoop-ozone/integration-test/target/test-dir/MiniOzoneClusterImpl-5f3e6df4-6103-47e5-8e5a-b28ce86b0313/datanode-0/data-0/containers/hdds of storage type : DISK capacity : 9223372036854775807
2023-03-29 21:15:53,732 [Listener at 127.0.0.1/35747] INFO  volume.MutableVolumeSet (MutableVolumeSet.java:initializeVolumeSet(175)) - Added Volume : /home/runner/work/ozone/ozone/hadoop-ozone/integration-test/target/test-dir/MiniOzoneClusterImpl-5f3e6df4-6103-47e5-8e5a-b28ce86b0313/datanode-0/data-0/containers/hdds to VolumeSet
2023-03-29 21:15:53,733 [Listener at 127.0.0.1/35747] INFO  volume.ThrottledAsyncChecker (ThrottledAsyncChecker.java:schedule(141)) - Scheduling a check for /home/runner/work/ozone/ozone/hadoop-ozone/integration-test/target/test-dir/MiniOzoneClusterImpl-5f3e6df4-6103-47e5-8e5a-b28ce86b0313/datanode-0/data-0/containers/hdds
2023-03-29 21:15:53,752 [Listener at 127.0.0.1/35747] INFO  volume.StorageVolumeChecker (StorageVolumeChecker.java:checkAllVolumes(202)) - Scheduled health check for volume /home/runner/work/ozone/ozone/hadoop-ozone/integration-test/target/test-dir/MiniOzoneClusterImpl-5f3e6df4-6103-47e5-8e5a-b28ce86b0313/datanode-0/data-0/containers/hdds
2023-03-29 21:15:53,770 [Listener at 127.0.0.1/35747] INFO  volume.MutableVolumeSet (MutableVolumeSet.java:initializeVolumeSet(175)) - Added Volume : /home/runner/work/ozone/ozone/hadoop-ozone/integration-test/target/test-dir/MiniOzoneClusterImpl-5f3e6df4-6103-47e5-8e5a-b28ce86b0313/datanode-0/data/ratis to VolumeSet
2023-03-29 21:15:53,770 [Listener at 127.0.0.1/35747] INFO  volume.ThrottledAsyncChecker (ThrottledAsyncChecker.java:schedule(141)) - Scheduling a check for /home/runner/work/ozone/ozone/hadoop-ozone/integration-test/target/test-dir/MiniOzoneClusterImpl-5f3e6df4-6103-47e5-8e5a-b28ce86b0313/datanode-0/data/ratis
2023-03-29 21:15:53,770 [Listener at 127.0.0.1/35747] INFO  volume.StorageVolumeChecker (StorageVolumeChecker.java:checkAllVolumes(202)) - Scheduled health check for volume /home/runner/work/ozone/ozone/hadoop-ozone/integration-test/target/test-dir/MiniOzoneClusterImpl-5f3e6df4-6103-47e5-8e5a-b28ce86b0313/datanode-0/data/ratis
2023-03-29 21:15:53,801 [Thread-137] INFO  ozoneimpl.ContainerReader (ContainerReader.java:readVolume(175)) - Finish verifying containers on volume /home/runner/work/ozone/ozone/hadoop-ozone/integration-test/target/test-dir/MiniOzoneClusterImpl-5f3e6df4-6103-47e5-8e5a-b28ce86b0313/datanode-0/data-0/containers/hdds
2023-03-29 21:15:53,802 [Listener at 127.0.0.1/35747] INFO  ozoneimpl.OzoneContainer (OzoneContainer.java:buildContainerSet(303)) - Build ContainerSet costs 0s
2023-03-29 21:15:53,848 [Listener at 127.0.0.1/35747] INFO  audit.AuditLogger (AuditLogger.java:refreshDebugCmdSet(126)) - Refresh DebugCmdSet for DNAudit to [].
2023-03-29 21:15:53,879 [Listener at 127.0.0.1/35747] INFO  server.RaftServer (ConfUtils.java:logGet(46)) - raft.rpc.type = GRPC (default)
2023-03-29 21:15:53,879 [Listener at 127.0.0.1/35747] INFO  grpc.GrpcConfigKeys (ConfUtils.java:logFallback(53)) - raft.grpc.admin.host = null (fallback to raft.grpc.server.host)
2023-03-29 21:15:53,880 [Listener at 127.0.0.1/35747] INFO  grpc.GrpcConfigKeys (ConfUtils.java:logGet(46)) - raft.grpc.admin.port = 0 (custom)
2023-03-29 21:15:53,880 [Listener at 127.0.0.1/35747] INFO  grpc.GrpcConfigKeys (ConfUtils.java:logFallback(53)) - raft.grpc.client.host = null (fallback to raft.grpc.server.host)
2023-03-29 21:15:53,881 [Listener at 127.0.0.1/35747] INFO  grpc.GrpcConfigKeys (ConfUtils.java:logGet(46)) - raft.grpc.client.port = 0 (custom)
2023-03-29 21:15:53,882 [Listener at 127.0.0.1/35747] INFO  grpc.GrpcConfigKeys (ConfUtils.java:logGet(46)) - raft.grpc.server.host = null (default)
2023-03-29 21:15:53,883 [Listener at 127.0.0.1/35747] INFO  grpc.GrpcConfigKeys (ConfUtils.java:logGet(46)) - raft.grpc.server.port = 0 (default)
2023-03-29 21:15:53,883 [Listener at 127.0.0.1/35747] INFO  server.GrpcService (ConfUtils.java:logGet(46)) - raft.grpc.message.size.max = 32MB (=33554432) (custom)
2023-03-29 21:15:53,883 [Listener at 127.0.0.1/35747] INFO  server.RaftServerConfigKeys (ConfUtils.java:logGet(46)) - raft.server.log.appender.buffer.byte-limit = 33554432 (custom)
2023-03-29 21:15:53,886 [Listener at 127.0.0.1/35747] INFO  server.GrpcService (ConfUtils.java:logGet(46)) - raft.grpc.flow.control.window = 5MB (=5242880) (custom)
2023-03-29 21:15:53,886 [Listener at 127.0.0.1/35747] INFO  server.RaftServerConfigKeys (ConfUtils.java:logGet(46)) - raft.server.rpc.request.timeout = 60s (custom)
2023-03-29 21:15:53,887 [Listener at 127.0.0.1/35747] INFO  grpc.GrpcConfigKeys (ConfUtils.java:logGet(46)) - raft.grpc.server.heartbeat.channel = true (default)
2023-03-29 21:15:53,887 [Listener at 127.0.0.1/35747] INFO  grpc.GrpcConfigKeys (ConfUtils.java:logGet(46)) - raft.grpc.server.async.request.thread.pool.cached = true (default)
2023-03-29 21:15:53,887 [Listener at 127.0.0.1/35747] INFO  grpc.GrpcConfigKeys (ConfUtils.java:logGet(46)) - raft.grpc.server.async.request.thread.pool.size = 32 (default)
2023-03-29 21:15:53,890 [Listener at 127.0.0.1/35747] INFO  impl.DataStreamServerImpl (ConfUtils.java:logGet(46)) - raft.datastream.type = NETTY (custom)
2023-03-29 21:15:53,902 [Listener at 127.0.0.1/35747] INFO  server.RaftServerConfigKeys (ConfUtils.java:logGet(46)) - raft.server.data-stream.async.request.thread.pool.cached = false (default)
2023-03-29 21:15:53,903 [Listener at 127.0.0.1/35747] INFO  server.RaftServerConfigKeys (ConfUtils.java:logGet(46)) - raft.server.data-stream.async.request.thread.pool.size = 20 (custom)
2023-03-29 21:15:53,903 [Listener at 127.0.0.1/35747] INFO  server.RaftServerConfigKeys (ConfUtils.java:logGet(46)) - raft.server.data-stream.async.write.thread.pool.size = 16 (default)
2023-03-29 21:15:53,904 [Listener at 127.0.0.1/35747] INFO  server.RaftServerConfigKeys (ConfUtils.java:logGet(46)) - raft.server.data-stream.client.pool.size = 10 (default)
2023-03-29 21:15:53,907 [Listener at 127.0.0.1/35747] INFO  netty.NettyConfigKeys$DataStream (ConfUtils.java:logGet(46)) - raft.netty.dataStream.server.use-epoll = false (default)
2023-03-29 21:15:53,908 [Listener at 127.0.0.1/35747] INFO  netty.NettyConfigKeys$DataStream (ConfUtils.java:logGet(46)) - raft.netty.dataStream.server.boss-group.size = 0 (default)
2023-03-29 21:15:53,914 [Listener at 127.0.0.1/35747] INFO  netty.NettyConfigKeys$DataStream (ConfUtils.java:logGet(46)) - raft.netty.dataStream.server.worker-group.size = 0 (default)
2023-03-29 21:15:53,915 [Listener at 127.0.0.1/35747] INFO  netty.NettyConfigKeys$DataStream (ConfUtils.java:logGet(46)) - raft.netty.dataStream.server.tls.conf = null (default)
2023-03-29 21:15:53,917 [Listener at 127.0.0.1/35747] INFO  netty.NettyConfigKeys$DataStream (ConfUtils.java:logGet(46)) - raft.netty.dataStream.host = null (default)
2023-03-29 21:15:53,917 [Listener at 127.0.0.1/35747] INFO  netty.NettyConfigKeys$DataStream (ConfUtils.java:logGet(46)) - raft.netty.dataStream.port = 0 (default)
2023-03-29 21:15:53,926 [Listener at 127.0.0.1/35747] INFO  server.RaftServerConfigKeys (ConfUtils.java:logGet(46)) - raft.server.threadpool.proxy.cached = true (default)
2023-03-29 21:15:53,926 [Listener at 127.0.0.1/35747] INFO  server.RaftServerConfigKeys (ConfUtils.java:logGet(46)) - raft.server.threadpool.proxy.size = 0 (default)
2023-03-29 21:15:53,926 [Listener at 127.0.0.1/35747] INFO  server.RaftServerConfigKeys (ConfUtils.java:logGet(46)) - raft.server.rpc.slowness.timeout = 300s (custom)
2023-03-29 21:15:53,926 [Listener at 127.0.0.1/35747] INFO  server.RaftServerConfigKeys (ConfUtils.java:logGet(46)) - raft.server.leaderelection.leader.step-down.wait-time = 10s (default)
2023-03-29 21:15:53,927 [Listener at 127.0.0.1/35747] INFO  server.RaftServerConfigKeys (ConfUtils.java:logGet(46)) - raft.server.storage.dir = [/home/runner/work/ozone/ozone/hadoop-ozone/integration-test/target/test-dir/MiniOzoneClusterImpl-5f3e6df4-6103-47e5-8e5a-b28ce86b0313/datanode-0/data/ratis] (custom)
2023-03-29 21:15:53,954 [c5f0e82b-af1b-4789-ae30-308dce149649-NettyServerStreamRpc-bossGroup--thread1] INFO  logging.LoggingHandler (AbstractInternalLogger.java:log(148)) - [id: 0x8b86bbe6] REGISTERED
2023-03-29 21:15:53,954 [c5f0e82b-af1b-4789-ae30-308dce149649-NettyServerStreamRpc-bossGroup--thread1] INFO  logging.LoggingHandler (AbstractInternalLogger.java:log(148)) - [id: 0x8b86bbe6] BIND: 0.0.0.0/0.0.0.0:0
2023-03-29 21:15:53,956 [c5f0e82b-af1b-4789-ae30-308dce149649-NettyServerStreamRpc-bossGroup--thread1] INFO  logging.LoggingHandler (AbstractInternalLogger.java:log(148)) - [id: 0x8b86bbe6, L:/0:0:0:0:0:0:0:0:39979] ACTIVE
2023-03-29 21:15:53,964 [Listener at 127.0.0.1/35747] INFO  server.XceiverServerGrpc (XceiverServerGrpc.java:<init>(132)) - GrpcServer channel type EpollServerSocketChannel
2023-03-29 21:15:54,040 [Listener at 127.0.0.1/35747] INFO  http.BaseHttpServer (BaseHttpServer.java:newHttpServer2BuilderForOzone(224)) - Starting Web-server for hddsDatanode at: http://0.0.0.0:0
2023-03-29 21:15:54,040 [Listener at 127.0.0.1/35747] INFO  http.BaseHttpServer (BaseHttpServer.java:<init>(111)) - Hadoop Security Enabled: false Ozone Security Enabled: false Ozone HTTP Security Enabled: false 
2023-03-29 21:15:54,042 [Listener at 127.0.0.1/35747] WARN  server.AuthenticationFilter (AuthenticationFilter.java:constructSecretProvider(240)) - Unable to initialize FileSignerSecretProvider, falling back to use random secrets. Reason: Could not read signature secret file: /home/runner/hadoop-http-auth-signature-secret
2023-03-29 21:15:54,045 [Listener at 127.0.0.1/35747] WARN  http.HttpRequestLog (HttpRequestLog.java:getRequestLog(103)) - Jetty request log can only be enabled using Log4j
2023-03-29 21:15:54,046 [Listener at 127.0.0.1/35747] INFO  http.HttpServer2 (HttpServer2.java:addGlobalFilter(1031)) - Added global filter 'safety' (class=org.apache.hadoop.hdds.server.http.HttpServer2$QuotingInputFilter)
2023-03-29 21:15:54,047 [Listener at 127.0.0.1/35747] INFO  http.HttpServer2 (HttpServer2.java:addFilter(1007)) - Added filter static_user_filter (class=org.apache.hadoop.http.lib.StaticUserWebFilter$StaticUserFilter) to context hddsDatanode
2023-03-29 21:15:54,047 [Listener at 127.0.0.1/35747] INFO  http.HttpServer2 (HttpServer2.java:addFilter(1015)) - Added filter static_user_filter (class=org.apache.hadoop.http.lib.StaticUserWebFilter$StaticUserFilter) to context logs
2023-03-29 21:15:54,048 [Listener at 127.0.0.1/35747] INFO  http.HttpServer2 (HttpServer2.java:addFilter(1015)) - Added filter static_user_filter (class=org.apache.hadoop.http.lib.StaticUserWebFilter$StaticUserFilter) to context static
2023-03-29 21:15:54,051 [Listener at 127.0.0.1/35747] INFO  http.BaseHttpServer (BaseHttpServer.java:<init>(190)) - HTTP server of hddsDatanode uses base directory /home/runner/work/ozone/ozone/hadoop-ozone/integration-test/target/test-dir/MiniOzoneClusterImpl-5f3e6df4-6103-47e5-8e5a-b28ce86b0313/datanode-0/meta/webserver
2023-03-29 21:15:54,052 [Listener at 127.0.0.1/35747] INFO  http.HttpServer2 (HttpServer2.java:bindListener(1250)) - Jetty bound to port 37521
2023-03-29 21:15:54,052 [Listener at 127.0.0.1/35747] INFO  server.Server (Server.java:doStart(375)) - jetty-9.4.49.v20220914; built: 2022-09-14T01:07:36.601Z; git: 4231a3b2e4cb8548a412a789936d640a97b1aa0a; jvm 1.8.0_362-b09
2023-03-29 21:15:54,058 [Listener at 127.0.0.1/35747] INFO  server.session (DefaultSessionIdManager.java:doStart(334)) - DefaultSessionIdManager workerName=node0
2023-03-29 21:15:54,058 [Listener at 127.0.0.1/35747] INFO  server.session (DefaultSessionIdManager.java:doStart(339)) - No SessionScavenger set, using defaults
2023-03-29 21:15:54,058 [Listener at 127.0.0.1/35747] INFO  server.session (HouseKeeper.java:startScavenging(132)) - node0 Scavenging every 660000ms
2023-03-29 21:15:54,059 [Listener at 127.0.0.1/35747] INFO  handler.ContextHandler (ContextHandler.java:doStart(921)) - Started o.e.j.s.ServletContextHandler@3eee865e{logs,/logs,file:///home/runner/work/ozone/ozone/hadoop-ozone/integration-test/target/log,AVAILABLE}
2023-03-29 21:15:54,060 [Listener at 127.0.0.1/35747] INFO  handler.ContextHandler (ContextHandler.java:doStart(921)) - Started o.e.j.s.ServletContextHandler@5171a8cf{static,/static,jar:file:/home/runner/.m2/repository/org/apache/ozone/hdds-container-service/1.4.0-SNAPSHOT/hdds-container-service-1.4.0-SNAPSHOT.jar!/webapps/static,AVAILABLE}
2023-03-29 21:15:54,307 [Listener at 127.0.0.1/35747] INFO  handler.ContextHandler (ContextHandler.java:doStart(921)) - Started o.e.j.w.WebAppContext@6bda9259{hddsDatanode,/,file:///home/runner/work/ozone/ozone/hadoop-ozone/integration-test/target/test-dir/MiniOzoneClusterImpl-5f3e6df4-6103-47e5-8e5a-b28ce86b0313/datanode-0/meta/webserver/jetty-0_0_0_0-37521-hdds-container-service-1_4_0-SNAPSHOT_jar-_-any-6923513129646380931/webapp/,AVAILABLE}{jar:file:/home/runner/.m2/repository/org/apache/ozone/hdds-container-service/1.4.0-SNAPSHOT/hdds-container-service-1.4.0-SNAPSHOT.jar!/webapps/hddsDatanode}
2023-03-29 21:15:54,309 [Listener at 127.0.0.1/35747] INFO  server.AbstractConnector (AbstractConnector.java:doStart(333)) - Started ServerConnector@559c9c67{HTTP/1.1, (http/1.1)}{0.0.0.0:37521}
2023-03-29 21:15:54,309 [Listener at 127.0.0.1/35747] INFO  server.Server (Server.java:doStart(415)) - Started @8075ms
2023-03-29 21:15:54,309 [Listener at 127.0.0.1/35747] WARN  impl.MetricsSystemImpl (MetricsSystemImpl.java:register(279)) - Sink prometheus already exists!
2023-03-29 21:15:54,310 [Listener at 127.0.0.1/35747] INFO  http.BaseHttpServer (BaseHttpServer.java:updateConnectorAddress(344)) - HTTP server of hddsDatanode listening at http://0.0.0.0:37521
2023-03-29 21:15:54,313 [Listener at 127.0.0.1/35747] WARN  impl.MetricRegistriesImpl (MetricRegistriesImpl.java:addReporterRegistration(111)) - New reporters are added after registries were created. Some metrics will be missing from the reporter. Please add reporter before adding any new registry.
2023-03-29 21:15:54,313 [Listener at 127.0.0.1/35747] WARN  impl.MetricRegistriesImpl (MetricRegistriesImpl.java:addReporterRegistration(111)) - New reporters are added after registries were created. Some metrics will be missing from the reporter. Please add reporter before adding any new registry.
2023-03-29 21:15:54,313 [Listener at 127.0.0.1/35747] INFO  impl.MetricsSystemImpl (MetricsSystemImpl.java:init(158)) - HddsDatanode metrics system started (again)
2023-03-29 21:15:54,319 [Datanode State Machine Daemon Thread] INFO  statemachine.DatanodeStateMachine (DatanodeStateMachine.java:lambda$startDaemon$0(517)) - Ozone container server started.
2023-03-29 21:15:54,330 [Listener at 127.0.0.1/35747] INFO  ozone.HddsDatanodeService (HddsDatanodeService.java:start(249)) - HddsDatanodeService host:fv-az308-773 ip:10.1.0.17
2023-03-29 21:15:54,355 [org.apache.hadoop.util.JvmPauseMonitor$Monitor@50b75b0f] INFO  util.JvmPauseMonitor (JvmPauseMonitor.java:run(188)) - Starting JVM pause monitor
2023-03-29 21:15:54,365 [Listener at 127.0.0.1/35747] INFO  upgrade.AbstractLayoutVersionManager (AbstractLayoutVersionManager.java:init(83)) - Initializing Layout version manager with metadata layout = DATANODE_SCHEMA_V3 (version = 4), software layout = DATANODE_SCHEMA_V3 (version = 4)
2023-03-29 21:15:54,452 [Listener at 127.0.0.1/35747] INFO  reflections.Reflections (Reflections.java:scan(232)) - Reflections took 86 ms to scan 7 urls, producing 155 keys and 368 values 
2023-03-29 21:15:54,455 [Listener at 127.0.0.1/35747] INFO  statemachine.DatanodeStateMachine (DatanodeStateMachine.java:getEndPointTaskThreadPoolSize(260)) - Datanode State Machine Task Thread Pool size 2
2023-03-29 21:15:54,464 [Listener at 127.0.0.1/35747] INFO  volume.HddsVolume (HddsVolume.java:<init>(130)) - Creating HddsVolume: /home/runner/work/ozone/ozone/hadoop-ozone/integration-test/target/test-dir/MiniOzoneClusterImpl-5f3e6df4-6103-47e5-8e5a-b28ce86b0313/datanode-1/data-0/containers/hdds of storage type : DISK capacity : 9223372036854775807
2023-03-29 21:15:54,464 [Listener at 127.0.0.1/35747] INFO  volume.MutableVolumeSet (MutableVolumeSet.java:initializeVolumeSet(175)) - Added Volume : /home/runner/work/ozone/ozone/hadoop-ozone/integration-test/target/test-dir/MiniOzoneClusterImpl-5f3e6df4-6103-47e5-8e5a-b28ce86b0313/datanode-1/data-0/containers/hdds to VolumeSet
2023-03-29 21:15:54,464 [Listener at 127.0.0.1/35747] INFO  volume.ThrottledAsyncChecker (ThrottledAsyncChecker.java:schedule(141)) - Scheduling a check for /home/runner/work/ozone/ozone/hadoop-ozone/integration-test/target/test-dir/MiniOzoneClusterImpl-5f3e6df4-6103-47e5-8e5a-b28ce86b0313/datanode-1/data-0/containers/hdds
2023-03-29 21:15:54,465 [Listener at 127.0.0.1/35747] INFO  volume.StorageVolumeChecker (StorageVolumeChecker.java:checkAllVolumes(202)) - Scheduled health check for volume /home/runner/work/ozone/ozone/hadoop-ozone/integration-test/target/test-dir/MiniOzoneClusterImpl-5f3e6df4-6103-47e5-8e5a-b28ce86b0313/datanode-1/data-0/containers/hdds
2023-03-29 21:15:54,513 [om1@group-C5BA1605619E-FollowerState] INFO  impl.FollowerState (FollowerState.java:run(143)) - om1@group-C5BA1605619E-FollowerState: change to CANDIDATE, lastRpcElapsedTime:1213442641ns, electionTimeout:1166ms
2023-03-29 21:15:54,514 [om1@group-C5BA1605619E-FollowerState] INFO  impl.RoleInfo (RoleInfo.java:shutdownFollowerState(110)) - om1: shutdown om1@group-C5BA1605619E-FollowerState
2023-03-29 21:15:54,525 [om1@group-C5BA1605619E-FollowerState] INFO  server.RaftServer$Division (RaftServerImpl.java:setRole(321)) - om1@group-C5BA1605619E: changes role from  FOLLOWER to CANDIDATE at term 0 for changeToCandidate
2023-03-29 21:15:54,538 [om1@group-C5BA1605619E-FollowerState] INFO  server.RaftServerConfigKeys (ConfUtils.java:logGet(46)) - raft.server.leaderelection.pre-vote = true (default)
2023-03-29 21:15:54,538 [om1@group-C5BA1605619E-FollowerState] INFO  impl.RoleInfo (RoleInfo.java:updateAndGet(139)) - om1: start om1@group-C5BA1605619E-LeaderElection1
2023-03-29 21:15:54,551 [om1@group-C5BA1605619E-LeaderElection1] INFO  impl.LeaderElection (LeaderElection.java:askForVotes(312)) - om1@group-C5BA1605619E-LeaderElection1 PRE_VOTE round 0: submit vote requests at term 0 for -1: peers:[om1|rpc:localhost:9872|priority:0|startupRole:FOLLOWER]|listeners:[], old=null
2023-03-29 21:15:54,551 [om1@group-C5BA1605619E-LeaderElection1] INFO  impl.LeaderElection (LeaderElection.java:askForVotes(314)) - om1@group-C5BA1605619E-LeaderElection1 PRE_VOTE round 0: result PASSED (term=0)
2023-03-29 21:15:54,557 [om1@group-C5BA1605619E-LeaderElection1] INFO  impl.LeaderElection (LeaderElection.java:askForVotes(312)) - om1@group-C5BA1605619E-LeaderElection1 ELECTION round 0: submit vote requests at term 1 for -1: peers:[om1|rpc:localhost:9872|priority:0|startupRole:FOLLOWER]|listeners:[], old=null
2023-03-29 21:15:54,557 [om1@group-C5BA1605619E-LeaderElection1] INFO  impl.LeaderElection (LeaderElection.java:askForVotes(314)) - om1@group-C5BA1605619E-LeaderElection1 ELECTION round 0: result PASSED (term=1)
2023-03-29 21:15:54,557 [om1@group-C5BA1605619E-LeaderElection1] INFO  impl.RoleInfo (RoleInfo.java:shutdownLeaderElection(130)) - om1: shutdown om1@group-C5BA1605619E-LeaderElection1
2023-03-29 21:15:54,557 [om1@group-C5BA1605619E-LeaderElection1] INFO  server.RaftServer$Division (RaftServerImpl.java:setRole(321)) - om1@group-C5BA1605619E: changes role from CANDIDATE to LEADER at term 1 for changeToLeader
2023-03-29 21:15:54,557 [om1@group-C5BA1605619E-LeaderElection1] INFO  server.RaftServer$Division (ServerState.java:setLeader(313)) - om1@group-C5BA1605619E: change Leader from null to om1 at term 1 for becomeLeader, leader elected after 2338ms
2023-03-29 21:15:54,566 [Listener at 127.0.0.1/35747] INFO  volume.MutableVolumeSet (MutableVolumeSet.java:initializeVolumeSet(175)) - Added Volume : /home/runner/work/ozone/ozone/hadoop-ozone/integration-test/target/test-dir/MiniOzoneClusterImpl-5f3e6df4-6103-47e5-8e5a-b28ce86b0313/datanode-1/data/ratis to VolumeSet
2023-03-29 21:15:54,566 [Listener at 127.0.0.1/35747] INFO  volume.ThrottledAsyncChecker (ThrottledAsyncChecker.java:schedule(141)) - Scheduling a check for /home/runner/work/ozone/ozone/hadoop-ozone/integration-test/target/test-dir/MiniOzoneClusterImpl-5f3e6df4-6103-47e5-8e5a-b28ce86b0313/datanode-1/data/ratis
2023-03-29 21:15:54,569 [om1@group-C5BA1605619E-LeaderElection1] INFO  server.RaftServerConfigKeys (ConfUtils.java:logGet(46)) - raft.server.staging.catchup.gap = 1000 (default)
2023-03-29 21:15:54,572 [Listener at 127.0.0.1/35747] INFO  volume.StorageVolumeChecker (StorageVolumeChecker.java:checkAllVolumes(202)) - Scheduled health check for volume /home/runner/work/ozone/ozone/hadoop-ozone/integration-test/target/test-dir/MiniOzoneClusterImpl-5f3e6df4-6103-47e5-8e5a-b28ce86b0313/datanode-1/data/ratis
2023-03-29 21:15:54,584 [om1@group-C5BA1605619E-LeaderElection1] INFO  server.RaftServerConfigKeys (ConfUtils.java:logGet(46)) - raft.server.write.element-limit = 4096 (default)
2023-03-29 21:15:54,585 [om1@group-C5BA1605619E-LeaderElection1] INFO  server.RaftServerConfigKeys (ConfUtils.java:logGet(46)) - raft.server.write.byte-limit = 64MB (=67108864) (default)
2023-03-29 21:15:54,598 [om1@group-C5BA1605619E-LeaderElection1] INFO  server.RaftServerConfigKeys (ConfUtils.java:logGet(46)) - raft.server.watch.timeout = 10s (default)
2023-03-29 21:15:54,600 [om1@group-C5BA1605619E-LeaderElection1] INFO  server.RaftServerConfigKeys (ConfUtils.java:logGet(46)) - raft.server.watch.timeout.denomination = 1s (default)
2023-03-29 21:15:54,601 [om1@group-C5BA1605619E-LeaderElection1] INFO  server.RaftServerConfigKeys (ConfUtils.java:logGet(46)) - raft.server.watch.element-limit = 65536 (default)
2023-03-29 21:15:54,609 [Thread-153] INFO  ozoneimpl.ContainerReader (ContainerReader.java:readVolume(175)) - Finish verifying containers on volume /home/runner/work/ozone/ozone/hadoop-ozone/integration-test/target/test-dir/MiniOzoneClusterImpl-5f3e6df4-6103-47e5-8e5a-b28ce86b0313/datanode-1/data-0/containers/hdds
2023-03-29 21:15:54,610 [Listener at 127.0.0.1/35747] INFO  ozoneimpl.OzoneContainer (OzoneContainer.java:buildContainerSet(303)) - Build ContainerSet costs 0s
2023-03-29 21:15:54,610 [om1@group-C5BA1605619E-LeaderElection1] INFO  server.RaftServerConfigKeys (ConfUtils.java:logGet(46)) - raft.server.write.element-limit = 4096 (default)
2023-03-29 21:15:54,618 [Listener at 127.0.0.1/35747] INFO  server.RaftServer (ConfUtils.java:logGet(46)) - raft.rpc.type = GRPC (default)
2023-03-29 21:15:54,620 [Listener at 127.0.0.1/35747] INFO  grpc.GrpcConfigKeys (ConfUtils.java:logFallback(53)) - raft.grpc.admin.host = null (fallback to raft.grpc.server.host)
2023-03-29 21:15:54,620 [Listener at 127.0.0.1/35747] INFO  grpc.GrpcConfigKeys (ConfUtils.java:logGet(46)) - raft.grpc.admin.port = 0 (custom)
2023-03-29 21:15:54,620 [Listener at 127.0.0.1/35747] INFO  grpc.GrpcConfigKeys (ConfUtils.java:logFallback(53)) - raft.grpc.client.host = null (fallback to raft.grpc.server.host)
2023-03-29 21:15:54,620 [Listener at 127.0.0.1/35747] INFO  grpc.GrpcConfigKeys (ConfUtils.java:logGet(46)) - raft.grpc.client.port = 0 (custom)
2023-03-29 21:15:54,622 [Listener at 127.0.0.1/35747] INFO  grpc.GrpcConfigKeys (ConfUtils.java:logGet(46)) - raft.grpc.server.host = null (default)
2023-03-29 21:15:54,622 [Listener at 127.0.0.1/35747] INFO  grpc.GrpcConfigKeys (ConfUtils.java:logGet(46)) - raft.grpc.server.port = 0 (default)
2023-03-29 21:15:54,622 [Listener at 127.0.0.1/35747] INFO  server.GrpcService (ConfUtils.java:logGet(46)) - raft.grpc.message.size.max = 32MB (=33554432) (custom)
2023-03-29 21:15:54,622 [Listener at 127.0.0.1/35747] INFO  server.RaftServerConfigKeys (ConfUtils.java:logGet(46)) - raft.server.log.appender.buffer.byte-limit = 33554432 (custom)
2023-03-29 21:15:54,622 [Listener at 127.0.0.1/35747] INFO  server.GrpcService (ConfUtils.java:logGet(46)) - raft.grpc.flow.control.window = 5MB (=5242880) (custom)
2023-03-29 21:15:54,622 [Listener at 127.0.0.1/35747] INFO  server.RaftServerConfigKeys (ConfUtils.java:logGet(46)) - raft.server.rpc.request.timeout = 60s (custom)
2023-03-29 21:15:54,622 [Listener at 127.0.0.1/35747] INFO  grpc.GrpcConfigKeys (ConfUtils.java:logGet(46)) - raft.grpc.server.heartbeat.channel = true (default)
2023-03-29 21:15:54,622 [Listener at 127.0.0.1/35747] INFO  grpc.GrpcConfigKeys (ConfUtils.java:logGet(46)) - raft.grpc.server.async.request.thread.pool.cached = true (default)
2023-03-29 21:15:54,622 [Listener at 127.0.0.1/35747] INFO  grpc.GrpcConfigKeys (ConfUtils.java:logGet(46)) - raft.grpc.server.async.request.thread.pool.size = 32 (default)
2023-03-29 21:15:54,625 [Listener at 127.0.0.1/35747] INFO  impl.DataStreamServerImpl (ConfUtils.java:logGet(46)) - raft.datastream.type = NETTY (custom)
2023-03-29 21:15:54,620 [om1@group-C5BA1605619E-LeaderElection1] INFO  server.RaftServerConfigKeys (ConfUtils.java:logGet(46)) - raft.server.write.follower.gap.ratio.max = -1.0 (default)
2023-03-29 21:15:54,627 [om1@group-C5BA1605619E-LeaderElection1] INFO  impl.RoleInfo (RoleInfo.java:updateAndGet(139)) - om1: start om1@group-C5BA1605619E-LeaderStateImpl
2023-03-29 21:15:54,629 [Listener at 127.0.0.1/35747] INFO  server.RaftServerConfigKeys (ConfUtils.java:logGet(46)) - raft.server.data-stream.async.request.thread.pool.cached = false (default)
2023-03-29 21:15:54,629 [Listener at 127.0.0.1/35747] INFO  server.RaftServerConfigKeys (ConfUtils.java:logGet(46)) - raft.server.data-stream.async.request.thread.pool.size = 20 (custom)
2023-03-29 21:15:54,629 [Listener at 127.0.0.1/35747] INFO  server.RaftServerConfigKeys (ConfUtils.java:logGet(46)) - raft.server.data-stream.async.write.thread.pool.size = 16 (default)
2023-03-29 21:15:54,630 [Listener at 127.0.0.1/35747] INFO  server.RaftServerConfigKeys (ConfUtils.java:logGet(46)) - raft.server.data-stream.client.pool.size = 10 (default)
2023-03-29 21:15:54,630 [Listener at 127.0.0.1/35747] INFO  netty.NettyConfigKeys$DataStream (ConfUtils.java:logGet(46)) - raft.netty.dataStream.server.use-epoll = false (default)
2023-03-29 21:15:54,630 [Listener at 127.0.0.1/35747] INFO  netty.NettyConfigKeys$DataStream (ConfUtils.java:logGet(46)) - raft.netty.dataStream.server.boss-group.size = 0 (default)
2023-03-29 21:15:54,632 [Listener at 127.0.0.1/35747] INFO  netty.NettyConfigKeys$DataStream (ConfUtils.java:logGet(46)) - raft.netty.dataStream.server.worker-group.size = 0 (default)
2023-03-29 21:15:54,633 [Listener at 127.0.0.1/35747] INFO  netty.NettyConfigKeys$DataStream (ConfUtils.java:logGet(46)) - raft.netty.dataStream.server.tls.conf = null (default)
2023-03-29 21:15:54,633 [Listener at 127.0.0.1/35747] INFO  netty.NettyConfigKeys$DataStream (ConfUtils.java:logGet(46)) - raft.netty.dataStream.host = null (default)
2023-03-29 21:15:54,633 [Listener at 127.0.0.1/35747] INFO  netty.NettyConfigKeys$DataStream (ConfUtils.java:logGet(46)) - raft.netty.dataStream.port = 0 (default)
2023-03-29 21:15:54,640 [Listener at 127.0.0.1/35747] INFO  server.RaftServerConfigKeys (ConfUtils.java:logGet(46)) - raft.server.threadpool.proxy.cached = true (default)
2023-03-29 21:15:54,640 [Listener at 127.0.0.1/35747] INFO  server.RaftServerConfigKeys (ConfUtils.java:logGet(46)) - raft.server.threadpool.proxy.size = 0 (default)
2023-03-29 21:15:54,640 [Listener at 127.0.0.1/35747] INFO  server.RaftServerConfigKeys (ConfUtils.java:logGet(46)) - raft.server.rpc.slowness.timeout = 300s (custom)
2023-03-29 21:15:54,640 [Listener at 127.0.0.1/35747] INFO  server.RaftServerConfigKeys (ConfUtils.java:logGet(46)) - raft.server.leaderelection.leader.step-down.wait-time = 10s (default)
2023-03-29 21:15:54,640 [Listener at 127.0.0.1/35747] INFO  server.RaftServerConfigKeys (ConfUtils.java:logGet(46)) - raft.server.storage.dir = [/home/runner/work/ozone/ozone/hadoop-ozone/integration-test/target/test-dir/MiniOzoneClusterImpl-5f3e6df4-6103-47e5-8e5a-b28ce86b0313/datanode-1/data/ratis] (custom)
2023-03-29 21:15:54,642 [Datanode State Machine Task Thread - 0] INFO  datanode.InitDatanodeState (InitDatanodeState.java:persistContainerDatanodeDetails(138)) - DatanodeDetails is persisted to /home/runner/work/ozone/ozone/hadoop-ozone/integration-test/target/test-dir/MiniOzoneClusterImpl-5f3e6df4-6103-47e5-8e5a-b28ce86b0313/datanode-0/meta/datanode.id
2023-03-29 21:15:54,650 [e24e525b-11e0-482b-97ed-e0be4d88ae43-NettyServerStreamRpc-bossGroup--thread1] INFO  logging.LoggingHandler (AbstractInternalLogger.java:log(148)) - [id: 0x7d7f2e2d] REGISTERED
2023-03-29 21:15:54,651 [e24e525b-11e0-482b-97ed-e0be4d88ae43-NettyServerStreamRpc-bossGroup--thread1] INFO  logging.LoggingHandler (AbstractInternalLogger.java:log(148)) - [id: 0x7d7f2e2d] BIND: 0.0.0.0/0.0.0.0:0
2023-03-29 21:15:54,651 [e24e525b-11e0-482b-97ed-e0be4d88ae43-NettyServerStreamRpc-bossGroup--thread1] INFO  logging.LoggingHandler (AbstractInternalLogger.java:log(148)) - [id: 0x7d7f2e2d, L:/0:0:0:0:0:0:0:0:38769] ACTIVE
2023-03-29 21:15:54,652 [Listener at 127.0.0.1/35747] INFO  server.XceiverServerGrpc (XceiverServerGrpc.java:<init>(132)) - GrpcServer channel type EpollServerSocketChannel
2023-03-29 21:15:54,658 [Listener at 127.0.0.1/35747] INFO  http.BaseHttpServer (BaseHttpServer.java:newHttpServer2BuilderForOzone(224)) - Starting Web-server for hddsDatanode at: http://0.0.0.0:0
2023-03-29 21:15:54,658 [Listener at 127.0.0.1/35747] INFO  http.BaseHttpServer (BaseHttpServer.java:<init>(111)) - Hadoop Security Enabled: false Ozone Security Enabled: false Ozone HTTP Security Enabled: false 
2023-03-29 21:15:54,659 [Listener at 127.0.0.1/35747] WARN  server.AuthenticationFilter (AuthenticationFilter.java:constructSecretProvider(240)) - Unable to initialize FileSignerSecretProvider, falling back to use random secrets. Reason: Could not read signature secret file: /home/runner/hadoop-http-auth-signature-secret
2023-03-29 21:15:54,669 [Listener at 127.0.0.1/35747] WARN  http.HttpRequestLog (HttpRequestLog.java:getRequestLog(103)) - Jetty request log can only be enabled using Log4j
2023-03-29 21:15:54,670 [Listener at 127.0.0.1/35747] INFO  http.HttpServer2 (HttpServer2.java:addGlobalFilter(1031)) - Added global filter 'safety' (class=org.apache.hadoop.hdds.server.http.HttpServer2$QuotingInputFilter)
2023-03-29 21:15:54,671 [Listener at 127.0.0.1/35747] INFO  http.HttpServer2 (HttpServer2.java:addFilter(1007)) - Added filter static_user_filter (class=org.apache.hadoop.http.lib.StaticUserWebFilter$StaticUserFilter) to context hddsDatanode
2023-03-29 21:15:54,671 [Listener at 127.0.0.1/35747] INFO  http.HttpServer2 (HttpServer2.java:addFilter(1015)) - Added filter static_user_filter (class=org.apache.hadoop.http.lib.StaticUserWebFilter$StaticUserFilter) to context static
2023-03-29 21:15:54,671 [Listener at 127.0.0.1/35747] INFO  http.HttpServer2 (HttpServer2.java:addFilter(1015)) - Added filter static_user_filter (class=org.apache.hadoop.http.lib.StaticUserWebFilter$StaticUserFilter) to context logs
2023-03-29 21:15:54,672 [Listener at 127.0.0.1/35747] INFO  http.BaseHttpServer (BaseHttpServer.java:<init>(190)) - HTTP server of hddsDatanode uses base directory /home/runner/work/ozone/ozone/hadoop-ozone/integration-test/target/test-dir/MiniOzoneClusterImpl-5f3e6df4-6103-47e5-8e5a-b28ce86b0313/datanode-1/meta/webserver
2023-03-29 21:15:54,672 [Listener at 127.0.0.1/35747] INFO  http.HttpServer2 (HttpServer2.java:bindListener(1250)) - Jetty bound to port 43837
2023-03-29 21:15:54,672 [Listener at 127.0.0.1/35747] INFO  server.Server (Server.java:doStart(375)) - jetty-9.4.49.v20220914; built: 2022-09-14T01:07:36.601Z; git: 4231a3b2e4cb8548a412a789936d640a97b1aa0a; jvm 1.8.0_362-b09
2023-03-29 21:15:54,674 [Listener at 127.0.0.1/35747] INFO  server.session (DefaultSessionIdManager.java:doStart(334)) - DefaultSessionIdManager workerName=node0
2023-03-29 21:15:54,674 [Listener at 127.0.0.1/35747] INFO  server.session (DefaultSessionIdManager.java:doStart(339)) - No SessionScavenger set, using defaults
2023-03-29 21:15:54,674 [Listener at 127.0.0.1/35747] INFO  server.session (HouseKeeper.java:startScavenging(132)) - node0 Scavenging every 660000ms
2023-03-29 21:15:54,675 [Listener at 127.0.0.1/35747] INFO  handler.ContextHandler (ContextHandler.java:doStart(921)) - Started o.e.j.s.ServletContextHandler@34c377d4{logs,/logs,file:///home/runner/work/ozone/ozone/hadoop-ozone/integration-test/target/log,AVAILABLE}
2023-03-29 21:15:54,675 [Listener at 127.0.0.1/35747] INFO  handler.ContextHandler (ContextHandler.java:doStart(921)) - Started o.e.j.s.ServletContextHandler@16c11da1{static,/static,jar:file:/home/runner/.m2/repository/org/apache/ozone/hdds-container-service/1.4.0-SNAPSHOT/hdds-container-service-1.4.0-SNAPSHOT.jar!/webapps/static,AVAILABLE}
2023-03-29 21:15:54,682 [om1@group-C5BA1605619E-LeaderElection1] INFO  segmented.SegmentedRaftLogWorker (SegmentedRaftLogWorker.java:startLogSegment(452)) - om1@group-C5BA1605619E-SegmentedRaftLogWorker: Starting segment from index:0
2023-03-29 21:15:54,751 [om1@group-C5BA1605619E-LeaderElection1] INFO  server.RaftServer$Division (ServerState.java:setRaftConf(430)) - om1@group-C5BA1605619E: set configuration 0: peers:[om1|rpc:localhost:9872|admin:|client:|dataStream:|priority:0|startupRole:FOLLOWER]|listeners:[], old=null
2023-03-29 21:15:54,823 [om1@group-C5BA1605619E-SegmentedRaftLogWorker] INFO  segmented.SegmentedRaftLogWorker (SegmentedRaftLogWorker.java:execute(656)) - om1@group-C5BA1605619E-SegmentedRaftLogWorker: created new log segment /home/runner/work/ozone/ozone/hadoop-ozone/integration-test/target/test-dir/MiniOzoneClusterImpl-5f3e6df4-6103-47e5-8e5a-b28ce86b0313/ozone-meta/ratis/bf265839-605b-3f16-9796-c5ba1605619e/current/log_inprogress_0
2023-03-29 21:15:54,910 [om1@group-C5BA1605619E-StateMachineUpdater] INFO  ratis.OzoneManagerStateMachine (OzoneManagerStateMachine.java:notifyConfigurationChanged(192)) - Received Configuration change notification from Ratis. New Peer list:
[id: "om1"
address: "localhost:9872"
startupRole: FOLLOWER
]
2023-03-29 21:15:54,996 [Listener at 127.0.0.1/35747] INFO  handler.ContextHandler (ContextHandler.java:doStart(921)) - Started o.e.j.w.WebAppContext@2b131dee{hddsDatanode,/,file:///home/runner/work/ozone/ozone/hadoop-ozone/integration-test/target/test-dir/MiniOzoneClusterImpl-5f3e6df4-6103-47e5-8e5a-b28ce86b0313/datanode-1/meta/webserver/jetty-0_0_0_0-43837-hdds-container-service-1_4_0-SNAPSHOT_jar-_-any-768995618448152968/webapp/,AVAILABLE}{jar:file:/home/runner/.m2/repository/org/apache/ozone/hdds-container-service/1.4.0-SNAPSHOT/hdds-container-service-1.4.0-SNAPSHOT.jar!/webapps/hddsDatanode}
2023-03-29 21:15:54,997 [Listener at 127.0.0.1/35747] INFO  server.AbstractConnector (AbstractConnector.java:doStart(333)) - Started ServerConnector@5f14cd3a{HTTP/1.1, (http/1.1)}{0.0.0.0:43837}
2023-03-29 21:15:54,997 [Listener at 127.0.0.1/35747] INFO  server.Server (Server.java:doStart(415)) - Started @8763ms
2023-03-29 21:15:54,997 [Listener at 127.0.0.1/35747] WARN  impl.MetricsSystemImpl (MetricsSystemImpl.java:register(279)) - Sink prometheus already exists!
2023-03-29 21:15:54,998 [Listener at 127.0.0.1/35747] INFO  http.BaseHttpServer (BaseHttpServer.java:updateConnectorAddress(344)) - HTTP server of hddsDatanode listening at http://0.0.0.0:43837
2023-03-29 21:15:55,000 [Listener at 127.0.0.1/35747] WARN  impl.MetricRegistriesImpl (MetricRegistriesImpl.java:addReporterRegistration(111)) - New reporters are added after registries were created. Some metrics will be missing from the reporter. Please add reporter before adding any new registry.
2023-03-29 21:15:55,000 [Listener at 127.0.0.1/35747] WARN  impl.MetricRegistriesImpl (MetricRegistriesImpl.java:addReporterRegistration(111)) - New reporters are added after registries were created. Some metrics will be missing from the reporter. Please add reporter before adding any new registry.
2023-03-29 21:15:55,000 [Listener at 127.0.0.1/35747] INFO  impl.MetricsSystemImpl (MetricsSystemImpl.java:init(158)) - HddsDatanode metrics system started (again)
2023-03-29 21:15:55,007 [Datanode State Machine Daemon Thread] INFO  statemachine.DatanodeStateMachine (DatanodeStateMachine.java:lambda$startDaemon$0(517)) - Ozone container server started.
2023-03-29 21:15:55,017 [org.apache.hadoop.util.JvmPauseMonitor$Monitor@67045c41] INFO  util.JvmPauseMonitor (JvmPauseMonitor.java:run(188)) - Starting JVM pause monitor
2023-03-29 21:15:55,036 [Datanode State Machine Task Thread - 0] INFO  datanode.InitDatanodeState (InitDatanodeState.java:persistContainerDatanodeDetails(138)) - DatanodeDetails is persisted to /home/runner/work/ozone/ozone/hadoop-ozone/integration-test/target/test-dir/MiniOzoneClusterImpl-5f3e6df4-6103-47e5-8e5a-b28ce86b0313/datanode-1/meta/datanode.id
2023-03-29 21:15:55,037 [Listener at 127.0.0.1/35747] INFO  ozone.HddsDatanodeService (HddsDatanodeService.java:start(249)) - HddsDatanodeService host:fv-az308-773 ip:10.1.0.17
2023-03-29 21:15:55,056 [Listener at 127.0.0.1/35747] INFO  upgrade.AbstractLayoutVersionManager (AbstractLayoutVersionManager.java:init(83)) - Initializing Layout version manager with metadata layout = DATANODE_SCHEMA_V3 (version = 4), software layout = DATANODE_SCHEMA_V3 (version = 4)
2023-03-29 21:15:55,106 [Listener at 127.0.0.1/35747] INFO  reflections.Reflections (Reflections.java:scan(232)) - Reflections took 49 ms to scan 7 urls, producing 155 keys and 368 values 
2023-03-29 21:15:55,108 [Listener at 127.0.0.1/35747] INFO  statemachine.DatanodeStateMachine (DatanodeStateMachine.java:getEndPointTaskThreadPoolSize(260)) - Datanode State Machine Task Thread Pool size 2
2023-03-29 21:15:55,111 [Listener at 127.0.0.1/35747] INFO  volume.HddsVolume (HddsVolume.java:<init>(130)) - Creating HddsVolume: /home/runner/work/ozone/ozone/hadoop-ozone/integration-test/target/test-dir/MiniOzoneClusterImpl-5f3e6df4-6103-47e5-8e5a-b28ce86b0313/datanode-2/data-0/containers/hdds of storage type : DISK capacity : 9223372036854775807
2023-03-29 21:15:55,111 [Listener at 127.0.0.1/35747] INFO  volume.MutableVolumeSet (MutableVolumeSet.java:initializeVolumeSet(175)) - Added Volume : /home/runner/work/ozone/ozone/hadoop-ozone/integration-test/target/test-dir/MiniOzoneClusterImpl-5f3e6df4-6103-47e5-8e5a-b28ce86b0313/datanode-2/data-0/containers/hdds to VolumeSet
2023-03-29 21:15:55,111 [Listener at 127.0.0.1/35747] INFO  volume.ThrottledAsyncChecker (ThrottledAsyncChecker.java:schedule(141)) - Scheduling a check for /home/runner/work/ozone/ozone/hadoop-ozone/integration-test/target/test-dir/MiniOzoneClusterImpl-5f3e6df4-6103-47e5-8e5a-b28ce86b0313/datanode-2/data-0/containers/hdds
2023-03-29 21:15:55,118 [Listener at 127.0.0.1/35747] INFO  volume.StorageVolumeChecker (StorageVolumeChecker.java:checkAllVolumes(202)) - Scheduled health check for volume /home/runner/work/ozone/ozone/hadoop-ozone/integration-test/target/test-dir/MiniOzoneClusterImpl-5f3e6df4-6103-47e5-8e5a-b28ce86b0313/datanode-2/data-0/containers/hdds
2023-03-29 21:15:55,130 [Listener at 127.0.0.1/35747] INFO  volume.MutableVolumeSet (MutableVolumeSet.java:initializeVolumeSet(175)) - Added Volume : /home/runner/work/ozone/ozone/hadoop-ozone/integration-test/target/test-dir/MiniOzoneClusterImpl-5f3e6df4-6103-47e5-8e5a-b28ce86b0313/datanode-2/data/ratis to VolumeSet
2023-03-29 21:15:55,130 [Listener at 127.0.0.1/35747] INFO  volume.ThrottledAsyncChecker (ThrottledAsyncChecker.java:schedule(141)) - Scheduling a check for /home/runner/work/ozone/ozone/hadoop-ozone/integration-test/target/test-dir/MiniOzoneClusterImpl-5f3e6df4-6103-47e5-8e5a-b28ce86b0313/datanode-2/data/ratis
2023-03-29 21:15:55,130 [Listener at 127.0.0.1/35747] INFO  volume.StorageVolumeChecker (StorageVolumeChecker.java:checkAllVolumes(202)) - Scheduled health check for volume /home/runner/work/ozone/ozone/hadoop-ozone/integration-test/target/test-dir/MiniOzoneClusterImpl-5f3e6df4-6103-47e5-8e5a-b28ce86b0313/datanode-2/data/ratis
2023-03-29 21:15:55,141 [Thread-167] INFO  ozoneimpl.ContainerReader (ContainerReader.java:readVolume(175)) - Finish verifying containers on volume /home/runner/work/ozone/ozone/hadoop-ozone/integration-test/target/test-dir/MiniOzoneClusterImpl-5f3e6df4-6103-47e5-8e5a-b28ce86b0313/datanode-2/data-0/containers/hdds
2023-03-29 21:15:55,141 [Listener at 127.0.0.1/35747] INFO  ozoneimpl.OzoneContainer (OzoneContainer.java:buildContainerSet(303)) - Build ContainerSet costs 0s
2023-03-29 21:15:55,144 [Listener at 127.0.0.1/35747] INFO  server.RaftServer (ConfUtils.java:logGet(46)) - raft.rpc.type = GRPC (default)
2023-03-29 21:15:55,145 [Listener at 127.0.0.1/35747] INFO  grpc.GrpcConfigKeys (ConfUtils.java:logFallback(53)) - raft.grpc.admin.host = null (fallback to raft.grpc.server.host)
2023-03-29 21:15:55,145 [Listener at 127.0.0.1/35747] INFO  grpc.GrpcConfigKeys (ConfUtils.java:logGet(46)) - raft.grpc.admin.port = 0 (custom)
2023-03-29 21:15:55,145 [Listener at 127.0.0.1/35747] INFO  grpc.GrpcConfigKeys (ConfUtils.java:logFallback(53)) - raft.grpc.client.host = null (fallback to raft.grpc.server.host)
2023-03-29 21:15:55,145 [Listener at 127.0.0.1/35747] INFO  grpc.GrpcConfigKeys (ConfUtils.java:logGet(46)) - raft.grpc.client.port = 0 (custom)
2023-03-29 21:15:55,145 [Listener at 127.0.0.1/35747] INFO  grpc.GrpcConfigKeys (ConfUtils.java:logGet(46)) - raft.grpc.server.host = null (default)
2023-03-29 21:15:55,145 [Listener at 127.0.0.1/35747] INFO  grpc.GrpcConfigKeys (ConfUtils.java:logGet(46)) - raft.grpc.server.port = 0 (default)
2023-03-29 21:15:55,145 [Listener at 127.0.0.1/35747] INFO  server.GrpcService (ConfUtils.java:logGet(46)) - raft.grpc.message.size.max = 32MB (=33554432) (custom)
2023-03-29 21:15:55,145 [Listener at 127.0.0.1/35747] INFO  server.RaftServerConfigKeys (ConfUtils.java:logGet(46)) - raft.server.log.appender.buffer.byte-limit = 33554432 (custom)
2023-03-29 21:15:55,145 [Listener at 127.0.0.1/35747] INFO  server.GrpcService (ConfUtils.java:logGet(46)) - raft.grpc.flow.control.window = 5MB (=5242880) (custom)
2023-03-29 21:15:55,145 [Listener at 127.0.0.1/35747] INFO  server.RaftServerConfigKeys (ConfUtils.java:logGet(46)) - raft.server.rpc.request.timeout = 60s (custom)
2023-03-29 21:15:55,145 [Listener at 127.0.0.1/35747] INFO  grpc.GrpcConfigKeys (ConfUtils.java:logGet(46)) - raft.grpc.server.heartbeat.channel = true (default)
2023-03-29 21:15:55,146 [Listener at 127.0.0.1/35747] INFO  grpc.GrpcConfigKeys (ConfUtils.java:logGet(46)) - raft.grpc.server.async.request.thread.pool.cached = true (default)
2023-03-29 21:15:55,146 [Listener at 127.0.0.1/35747] INFO  grpc.GrpcConfigKeys (ConfUtils.java:logGet(46)) - raft.grpc.server.async.request.thread.pool.size = 32 (default)
2023-03-29 21:15:55,147 [Listener at 127.0.0.1/35747] INFO  impl.DataStreamServerImpl (ConfUtils.java:logGet(46)) - raft.datastream.type = NETTY (custom)
2023-03-29 21:15:55,147 [Listener at 127.0.0.1/35747] INFO  server.RaftServerConfigKeys (ConfUtils.java:logGet(46)) - raft.server.data-stream.async.request.thread.pool.cached = false (default)
2023-03-29 21:15:55,147 [Listener at 127.0.0.1/35747] INFO  server.RaftServerConfigKeys (ConfUtils.java:logGet(46)) - raft.server.data-stream.async.request.thread.pool.size = 20 (custom)
2023-03-29 21:15:55,148 [Listener at 127.0.0.1/35747] INFO  server.RaftServerConfigKeys (ConfUtils.java:logGet(46)) - raft.server.data-stream.async.write.thread.pool.size = 16 (default)
2023-03-29 21:15:55,148 [Listener at 127.0.0.1/35747] INFO  server.RaftServerConfigKeys (ConfUtils.java:logGet(46)) - raft.server.data-stream.client.pool.size = 10 (default)
2023-03-29 21:15:55,148 [Listener at 127.0.0.1/35747] INFO  netty.NettyConfigKeys$DataStream (ConfUtils.java:logGet(46)) - raft.netty.dataStream.server.use-epoll = false (default)
2023-03-29 21:15:55,148 [Listener at 127.0.0.1/35747] INFO  netty.NettyConfigKeys$DataStream (ConfUtils.java:logGet(46)) - raft.netty.dataStream.server.boss-group.size = 0 (default)
2023-03-29 21:15:55,148 [Listener at 127.0.0.1/35747] INFO  netty.NettyConfigKeys$DataStream (ConfUtils.java:logGet(46)) - raft.netty.dataStream.server.worker-group.size = 0 (default)
2023-03-29 21:15:55,148 [Listener at 127.0.0.1/35747] INFO  netty.NettyConfigKeys$DataStream (ConfUtils.java:logGet(46)) - raft.netty.dataStream.server.tls.conf = null (default)
2023-03-29 21:15:55,149 [Listener at 127.0.0.1/35747] INFO  netty.NettyConfigKeys$DataStream (ConfUtils.java:logGet(46)) - raft.netty.dataStream.host = null (default)
2023-03-29 21:15:55,149 [Listener at 127.0.0.1/35747] INFO  netty.NettyConfigKeys$DataStream (ConfUtils.java:logGet(46)) - raft.netty.dataStream.port = 0 (default)
2023-03-29 21:15:55,149 [Listener at 127.0.0.1/35747] INFO  server.RaftServerConfigKeys (ConfUtils.java:logGet(46)) - raft.server.threadpool.proxy.cached = true (default)
2023-03-29 21:15:55,149 [Listener at 127.0.0.1/35747] INFO  server.RaftServerConfigKeys (ConfUtils.java:logGet(46)) - raft.server.threadpool.proxy.size = 0 (default)
2023-03-29 21:15:55,149 [Listener at 127.0.0.1/35747] INFO  server.RaftServerConfigKeys (ConfUtils.java:logGet(46)) - raft.server.rpc.slowness.timeout = 300s (custom)
2023-03-29 21:15:55,149 [Listener at 127.0.0.1/35747] INFO  server.RaftServerConfigKeys (ConfUtils.java:logGet(46)) - raft.server.leaderelection.leader.step-down.wait-time = 10s (default)
2023-03-29 21:15:55,149 [Listener at 127.0.0.1/35747] INFO  server.RaftServerConfigKeys (ConfUtils.java:logGet(46)) - raft.server.storage.dir = [/home/runner/work/ozone/ozone/hadoop-ozone/integration-test/target/test-dir/MiniOzoneClusterImpl-5f3e6df4-6103-47e5-8e5a-b28ce86b0313/datanode-2/data/ratis] (custom)
2023-03-29 21:15:55,153 [b7545b0c-a4b8-458e-a79e-332c552b3ba3-NettyServerStreamRpc-bossGroup--thread1] INFO  logging.LoggingHandler (AbstractInternalLogger.java:log(148)) - [id: 0x2d986eba] REGISTERED
2023-03-29 21:15:55,154 [Listener at 127.0.0.1/35747] INFO  server.XceiverServerGrpc (XceiverServerGrpc.java:<init>(132)) - GrpcServer channel type EpollServerSocketChannel
2023-03-29 21:15:55,158 [b7545b0c-a4b8-458e-a79e-332c552b3ba3-NettyServerStreamRpc-bossGroup--thread1] INFO  logging.LoggingHandler (AbstractInternalLogger.java:log(148)) - [id: 0x2d986eba] BIND: 0.0.0.0/0.0.0.0:0
2023-03-29 21:15:55,158 [b7545b0c-a4b8-458e-a79e-332c552b3ba3-NettyServerStreamRpc-bossGroup--thread1] INFO  logging.LoggingHandler (AbstractInternalLogger.java:log(148)) - [id: 0x2d986eba, L:/0:0:0:0:0:0:0:0:42261] ACTIVE
2023-03-29 21:15:55,159 [Listener at 127.0.0.1/35747] INFO  http.BaseHttpServer (BaseHttpServer.java:newHttpServer2BuilderForOzone(224)) - Starting Web-server for hddsDatanode at: http://0.0.0.0:0
2023-03-29 21:15:55,159 [Listener at 127.0.0.1/35747] INFO  http.BaseHttpServer (BaseHttpServer.java:<init>(111)) - Hadoop Security Enabled: false Ozone Security Enabled: false Ozone HTTP Security Enabled: false 
2023-03-29 21:15:55,160 [Listener at 127.0.0.1/35747] WARN  server.AuthenticationFilter (AuthenticationFilter.java:constructSecretProvider(240)) - Unable to initialize FileSignerSecretProvider, falling back to use random secrets. Reason: Could not read signature secret file: /home/runner/hadoop-http-auth-signature-secret
2023-03-29 21:15:55,163 [Listener at 127.0.0.1/35747] WARN  http.HttpRequestLog (HttpRequestLog.java:getRequestLog(103)) - Jetty request log can only be enabled using Log4j
2023-03-29 21:15:55,164 [Listener at 127.0.0.1/35747] INFO  http.HttpServer2 (HttpServer2.java:addGlobalFilter(1031)) - Added global filter 'safety' (class=org.apache.hadoop.hdds.server.http.HttpServer2$QuotingInputFilter)
2023-03-29 21:15:55,165 [Listener at 127.0.0.1/35747] INFO  http.HttpServer2 (HttpServer2.java:addFilter(1007)) - Added filter static_user_filter (class=org.apache.hadoop.http.lib.StaticUserWebFilter$StaticUserFilter) to context hddsDatanode
2023-03-29 21:15:55,165 [Listener at 127.0.0.1/35747] INFO  http.HttpServer2 (HttpServer2.java:addFilter(1015)) - Added filter static_user_filter (class=org.apache.hadoop.http.lib.StaticUserWebFilter$StaticUserFilter) to context static
2023-03-29 21:15:55,165 [Listener at 127.0.0.1/35747] INFO  http.HttpServer2 (HttpServer2.java:addFilter(1015)) - Added filter static_user_filter (class=org.apache.hadoop.http.lib.StaticUserWebFilter$StaticUserFilter) to context logs
2023-03-29 21:15:55,166 [Listener at 127.0.0.1/35747] INFO  http.BaseHttpServer (BaseHttpServer.java:<init>(190)) - HTTP server of hddsDatanode uses base directory /home/runner/work/ozone/ozone/hadoop-ozone/integration-test/target/test-dir/MiniOzoneClusterImpl-5f3e6df4-6103-47e5-8e5a-b28ce86b0313/datanode-2/meta/webserver
2023-03-29 21:15:55,166 [Listener at 127.0.0.1/35747] INFO  http.HttpServer2 (HttpServer2.java:bindListener(1250)) - Jetty bound to port 34359
2023-03-29 21:15:55,166 [Listener at 127.0.0.1/35747] INFO  server.Server (Server.java:doStart(375)) - jetty-9.4.49.v20220914; built: 2022-09-14T01:07:36.601Z; git: 4231a3b2e4cb8548a412a789936d640a97b1aa0a; jvm 1.8.0_362-b09
2023-03-29 21:15:55,172 [Listener at 127.0.0.1/35747] INFO  server.session (DefaultSessionIdManager.java:doStart(334)) - DefaultSessionIdManager workerName=node0
2023-03-29 21:15:55,172 [Listener at 127.0.0.1/35747] INFO  server.session (DefaultSessionIdManager.java:doStart(339)) - No SessionScavenger set, using defaults
2023-03-29 21:15:55,172 [Listener at 127.0.0.1/35747] INFO  server.session (HouseKeeper.java:startScavenging(132)) - node0 Scavenging every 660000ms
2023-03-29 21:15:55,173 [Listener at 127.0.0.1/35747] INFO  handler.ContextHandler (ContextHandler.java:doStart(921)) - Started o.e.j.s.ServletContextHandler@334a2c8d{logs,/logs,file:///home/runner/work/ozone/ozone/hadoop-ozone/integration-test/target/log,AVAILABLE}
2023-03-29 21:15:55,173 [Listener at 127.0.0.1/35747] INFO  handler.ContextHandler (ContextHandler.java:doStart(921)) - Started o.e.j.s.ServletContextHandler@28072392{static,/static,jar:file:/home/runner/.m2/repository/org/apache/ozone/hdds-container-service/1.4.0-SNAPSHOT/hdds-container-service-1.4.0-SNAPSHOT.jar!/webapps/static,AVAILABLE}
2023-03-29 21:15:55,376 [Listener at 127.0.0.1/35747] INFO  handler.ContextHandler (ContextHandler.java:doStart(921)) - Started o.e.j.w.WebAppContext@4d859168{hddsDatanode,/,file:///home/runner/work/ozone/ozone/hadoop-ozone/integration-test/target/test-dir/MiniOzoneClusterImpl-5f3e6df4-6103-47e5-8e5a-b28ce86b0313/datanode-2/meta/webserver/jetty-0_0_0_0-34359-hdds-container-service-1_4_0-SNAPSHOT_jar-_-any-1923755065383660918/webapp/,AVAILABLE}{jar:file:/home/runner/.m2/repository/org/apache/ozone/hdds-container-service/1.4.0-SNAPSHOT/hdds-container-service-1.4.0-SNAPSHOT.jar!/webapps/hddsDatanode}
2023-03-29 21:15:55,377 [Listener at 127.0.0.1/35747] INFO  server.AbstractConnector (AbstractConnector.java:doStart(333)) - Started ServerConnector@4c3966d4{HTTP/1.1, (http/1.1)}{0.0.0.0:34359}
2023-03-29 21:15:55,378 [Listener at 127.0.0.1/35747] INFO  server.Server (Server.java:doStart(415)) - Started @9143ms
2023-03-29 21:15:55,378 [Listener at 127.0.0.1/35747] WARN  impl.MetricsSystemImpl (MetricsSystemImpl.java:register(279)) - Sink prometheus already exists!
2023-03-29 21:15:55,378 [Listener at 127.0.0.1/35747] INFO  http.BaseHttpServer (BaseHttpServer.java:updateConnectorAddress(344)) - HTTP server of hddsDatanode listening at http://0.0.0.0:34359
2023-03-29 21:15:55,381 [Datanode State Machine Daemon Thread] INFO  statemachine.DatanodeStateMachine (DatanodeStateMachine.java:lambda$startDaemon$0(517)) - Ozone container server started.
2023-03-29 21:15:55,385 [Listener at 127.0.0.1/35747] INFO  ozone.MiniOzoneClusterImpl (MiniOzoneClusterImpl.java:lambda$waitForClusterToBeReady$0(222)) - Waiting for nodes to be ready. Got 0 of 3 DN Heartbeats.
2023-03-29 21:15:55,385 [Listener at 127.0.0.1/35747] INFO  ozone.MiniOzoneClusterImpl (MiniOzoneClusterImpl.java:lambda$waitForClusterToBeReady$0(225)) - Waiting for cluster to exit safe mode
2023-03-29 21:15:55,385 [Listener at 127.0.0.1/35747] INFO  ozone.MiniOzoneClusterImpl (MiniOzoneClusterImpl.java:lambda$waitForClusterToBeReady$0(227)) - SCM became leader
2023-03-29 21:15:55,386 [org.apache.hadoop.util.JvmPauseMonitor$Monitor@4fa82e1] INFO  util.JvmPauseMonitor (JvmPauseMonitor.java:run(188)) - Starting JVM pause monitor
2023-03-29 21:15:55,389 [Datanode State Machine Task Thread - 0] INFO  datanode.InitDatanodeState (InitDatanodeState.java:persistContainerDatanodeDetails(138)) - DatanodeDetails is persisted to /home/runner/work/ozone/ozone/hadoop-ozone/integration-test/target/test-dir/MiniOzoneClusterImpl-5f3e6df4-6103-47e5-8e5a-b28ce86b0313/datanode-2/meta/datanode.id
2023-03-29 21:15:56,386 [Listener at 127.0.0.1/35747] INFO  ozone.MiniOzoneClusterImpl (MiniOzoneClusterImpl.java:lambda$waitForClusterToBeReady$0(222)) - Waiting for nodes to be ready. Got 0 of 3 DN Heartbeats.
2023-03-29 21:15:56,386 [Listener at 127.0.0.1/35747] INFO  ozone.MiniOzoneClusterImpl (MiniOzoneClusterImpl.java:lambda$waitForClusterToBeReady$0(225)) - Waiting for cluster to exit safe mode
2023-03-29 21:15:56,386 [Listener at 127.0.0.1/35747] INFO  ozone.MiniOzoneClusterImpl (MiniOzoneClusterImpl.java:lambda$waitForClusterToBeReady$0(227)) - SCM became leader
2023-03-29 21:15:56,458 [EndpointStateMachine task thread for /0.0.0.0:37227 - 0 ] INFO  utils.DatanodeStoreCache (DatanodeStoreCache.java:addDB(58)) - Added db /home/runner/work/ozone/ozone/hadoop-ozone/integration-test/target/test-dir/MiniOzoneClusterImpl-5f3e6df4-6103-47e5-8e5a-b28ce86b0313/datanode-0/data-0/containers/hdds/5f3e6df4-6103-47e5-8e5a-b28ce86b0313/DS-5ab1f5f6-6aac-4b2c-b629-2e19abe1b348/container.db to cache
2023-03-29 21:15:56,458 [EndpointStateMachine task thread for /0.0.0.0:37227 - 0 ] INFO  volume.HddsVolume (HddsVolume.java:createDbStore(350)) - SchemaV3 db is created and loaded at /home/runner/work/ozone/ozone/hadoop-ozone/integration-test/target/test-dir/MiniOzoneClusterImpl-5f3e6df4-6103-47e5-8e5a-b28ce86b0313/datanode-0/data-0/containers/hdds/5f3e6df4-6103-47e5-8e5a-b28ce86b0313/DS-5ab1f5f6-6aac-4b2c-b629-2e19abe1b348/container.db for volume DS-5ab1f5f6-6aac-4b2c-b629-2e19abe1b348
2023-03-29 21:15:56,460 [EndpointStateMachine task thread for /0.0.0.0:37227 - 0 ] INFO  ozoneimpl.OzoneContainer (OzoneContainer.java:start(397)) - Attempting to start container services.
2023-03-29 21:15:56,462 [EndpointStateMachine task thread for /0.0.0.0:37227 - 0 ] INFO  ozoneimpl.OzoneContainer (OzoneContainer.java:startContainerScrub(314)) - Scheduled background container scanners and the on-demand container scanner have been disabled.
2023-03-29 21:15:56,464 [EndpointStateMachine task thread for /0.0.0.0:37227 - 0 ] INFO  replication.ReplicationServer (ReplicationServer.java:start(109)) - ReplicationServer is started using port 42067
2023-03-29 21:15:56,466 [EndpointStateMachine task thread for /0.0.0.0:37227 - 0 ] INFO  ratis.XceiverServerRatis (XceiverServerRatis.java:start(517)) - Starting XceiverServerRatis c5f0e82b-af1b-4789-ae30-308dce149649
2023-03-29 21:15:56,468 [EndpointStateMachine task thread for /0.0.0.0:37227 - 0 ] INFO  server.RaftServer (RaftServerProxy.java:startImpl(393)) - c5f0e82b-af1b-4789-ae30-308dce149649: start RPC server
2023-03-29 21:15:56,471 [EndpointStateMachine task thread for /0.0.0.0:37227 - 0 ] INFO  server.GrpcService (GrpcService.java:startImpl(262)) - c5f0e82b-af1b-4789-ae30-308dce149649: GrpcService started, listening on 34327
2023-03-29 21:15:56,472 [EndpointStateMachine task thread for /0.0.0.0:37227 - 0 ] INFO  ratis.XceiverServerRatis (XceiverServerRatis.java:getRealPort(543)) - XceiverServerRatis c5f0e82b-af1b-4789-ae30-308dce149649 is started using port 34327 for RATIS
2023-03-29 21:15:56,472 [EndpointStateMachine task thread for /0.0.0.0:37227 - 0 ] INFO  ratis.XceiverServerRatis (XceiverServerRatis.java:getRealPort(543)) - XceiverServerRatis c5f0e82b-af1b-4789-ae30-308dce149649 is started using port 34327 for RATIS_ADMIN
2023-03-29 21:15:56,472 [EndpointStateMachine task thread for /0.0.0.0:37227 - 0 ] INFO  ratis.XceiverServerRatis (XceiverServerRatis.java:getRealPort(543)) - XceiverServerRatis c5f0e82b-af1b-4789-ae30-308dce149649 is started using port 34327 for RATIS_SERVER
2023-03-29 21:15:56,472 [EndpointStateMachine task thread for /0.0.0.0:37227 - 0 ] INFO  ratis.XceiverServerRatis (XceiverServerRatis.java:getRealPort(543)) - XceiverServerRatis c5f0e82b-af1b-4789-ae30-308dce149649 is started using port 39979 for RATIS_DATASTREAM
2023-03-29 21:15:56,472 [JvmPauseMonitor1] INFO  util.JvmPauseMonitor (JvmPauseMonitor.java:run(105)) - JvmPauseMonitor-c5f0e82b-af1b-4789-ae30-308dce149649: Started
2023-03-29 21:15:56,474 [EndpointStateMachine task thread for /0.0.0.0:37227 - 0 ] INFO  server.XceiverServerGrpc (XceiverServerGrpc.java:start(180)) - XceiverServerGrpc c5f0e82b-af1b-4789-ae30-308dce149649 is started using port 39569
2023-03-29 21:15:56,479 [BlockDeletingService#0] INFO  interfaces.ContainerDeletionChoosingPolicyTemplate (ContainerDeletionChoosingPolicyTemplate.java:chooseContainerForBlockDeletion(83)) - Chosen 0/5000 blocks from 0 candidate containers.
2023-03-29 21:15:57,047 [EndpointStateMachine task thread for /0.0.0.0:37227 - 0 ] INFO  utils.DatanodeStoreCache (DatanodeStoreCache.java:addDB(58)) - Added db /home/runner/work/ozone/ozone/hadoop-ozone/integration-test/target/test-dir/MiniOzoneClusterImpl-5f3e6df4-6103-47e5-8e5a-b28ce86b0313/datanode-1/data-0/containers/hdds/5f3e6df4-6103-47e5-8e5a-b28ce86b0313/DS-72d20aab-04f7-4455-8023-0b0e59369925/container.db to cache
2023-03-29 21:15:57,048 [EndpointStateMachine task thread for /0.0.0.0:37227 - 0 ] INFO  volume.HddsVolume (HddsVolume.java:createDbStore(350)) - SchemaV3 db is created and loaded at /home/runner/work/ozone/ozone/hadoop-ozone/integration-test/target/test-dir/MiniOzoneClusterImpl-5f3e6df4-6103-47e5-8e5a-b28ce86b0313/datanode-1/data-0/containers/hdds/5f3e6df4-6103-47e5-8e5a-b28ce86b0313/DS-72d20aab-04f7-4455-8023-0b0e59369925/container.db for volume DS-72d20aab-04f7-4455-8023-0b0e59369925
2023-03-29 21:15:57,050 [EndpointStateMachine task thread for /0.0.0.0:37227 - 0 ] INFO  ozoneimpl.OzoneContainer (OzoneContainer.java:start(397)) - Attempting to start container services.
2023-03-29 21:15:57,050 [EndpointStateMachine task thread for /0.0.0.0:37227 - 0 ] INFO  ozoneimpl.OzoneContainer (OzoneContainer.java:startContainerScrub(314)) - Scheduled background container scanners and the on-demand container scanner have been disabled.
2023-03-29 21:15:57,051 [EndpointStateMachine task thread for /0.0.0.0:37227 - 0 ] INFO  replication.ReplicationServer (ReplicationServer.java:start(109)) - ReplicationServer is started using port 41529
2023-03-29 21:15:57,052 [EndpointStateMachine task thread for /0.0.0.0:37227 - 0 ] INFO  ratis.XceiverServerRatis (XceiverServerRatis.java:start(517)) - Starting XceiverServerRatis e24e525b-11e0-482b-97ed-e0be4d88ae43
2023-03-29 21:15:57,053 [EndpointStateMachine task thread for /0.0.0.0:37227 - 0 ] INFO  server.RaftServer (RaftServerProxy.java:startImpl(393)) - e24e525b-11e0-482b-97ed-e0be4d88ae43: start RPC server
2023-03-29 21:15:57,055 [EndpointStateMachine task thread for /0.0.0.0:37227 - 0 ] INFO  server.GrpcService (GrpcService.java:startImpl(262)) - e24e525b-11e0-482b-97ed-e0be4d88ae43: GrpcService started, listening on 35637
2023-03-29 21:15:57,055 [EndpointStateMachine task thread for /0.0.0.0:37227 - 0 ] INFO  ratis.XceiverServerRatis (XceiverServerRatis.java:getRealPort(543)) - XceiverServerRatis e24e525b-11e0-482b-97ed-e0be4d88ae43 is started using port 35637 for RATIS
2023-03-29 21:15:57,055 [JvmPauseMonitor2] INFO  util.JvmPauseMonitor (JvmPauseMonitor.java:run(105)) - JvmPauseMonitor-e24e525b-11e0-482b-97ed-e0be4d88ae43: Started
2023-03-29 21:15:57,055 [EndpointStateMachine task thread for /0.0.0.0:37227 - 0 ] INFO  ratis.XceiverServerRatis (XceiverServerRatis.java:getRealPort(543)) - XceiverServerRatis e24e525b-11e0-482b-97ed-e0be4d88ae43 is started using port 35637 for RATIS_ADMIN
2023-03-29 21:15:57,055 [EndpointStateMachine task thread for /0.0.0.0:37227 - 0 ] INFO  ratis.XceiverServerRatis (XceiverServerRatis.java:getRealPort(543)) - XceiverServerRatis e24e525b-11e0-482b-97ed-e0be4d88ae43 is started using port 35637 for RATIS_SERVER
2023-03-29 21:15:57,055 [EndpointStateMachine task thread for /0.0.0.0:37227 - 0 ] INFO  ratis.XceiverServerRatis (XceiverServerRatis.java:getRealPort(543)) - XceiverServerRatis e24e525b-11e0-482b-97ed-e0be4d88ae43 is started using port 38769 for RATIS_DATASTREAM
2023-03-29 21:15:57,057 [EndpointStateMachine task thread for /0.0.0.0:37227 - 0 ] INFO  server.XceiverServerGrpc (XceiverServerGrpc.java:start(180)) - XceiverServerGrpc e24e525b-11e0-482b-97ed-e0be4d88ae43 is started using port 39987
2023-03-29 21:15:57,063 [BlockDeletingService#0] INFO  interfaces.ContainerDeletionChoosingPolicyTemplate (ContainerDeletionChoosingPolicyTemplate.java:chooseContainerForBlockDeletion(83)) - Chosen 0/5000 blocks from 0 candidate containers.
2023-03-29 21:15:57,386 [Listener at 127.0.0.1/35747] INFO  ozone.MiniOzoneClusterImpl (MiniOzoneClusterImpl.java:lambda$waitForClusterToBeReady$0(222)) - Waiting for nodes to be ready. Got 0 of 3 DN Heartbeats.
2023-03-29 21:15:57,386 [Listener at 127.0.0.1/35747] INFO  ozone.MiniOzoneClusterImpl (MiniOzoneClusterImpl.java:lambda$waitForClusterToBeReady$0(225)) - Waiting for cluster to exit safe mode
2023-03-29 21:15:57,386 [Listener at 127.0.0.1/35747] INFO  ozone.MiniOzoneClusterImpl (MiniOzoneClusterImpl.java:lambda$waitForClusterToBeReady$0(227)) - SCM became leader
2023-03-29 21:15:57,415 [EndpointStateMachine task thread for /0.0.0.0:37227 - 0 ] INFO  utils.DatanodeStoreCache (DatanodeStoreCache.java:addDB(58)) - Added db /home/runner/work/ozone/ozone/hadoop-ozone/integration-test/target/test-dir/MiniOzoneClusterImpl-5f3e6df4-6103-47e5-8e5a-b28ce86b0313/datanode-2/data-0/containers/hdds/5f3e6df4-6103-47e5-8e5a-b28ce86b0313/DS-691e535a-db7f-464b-8c20-87b462832dd7/container.db to cache
2023-03-29 21:15:57,415 [EndpointStateMachine task thread for /0.0.0.0:37227 - 0 ] INFO  volume.HddsVolume (HddsVolume.java:createDbStore(350)) - SchemaV3 db is created and loaded at /home/runner/work/ozone/ozone/hadoop-ozone/integration-test/target/test-dir/MiniOzoneClusterImpl-5f3e6df4-6103-47e5-8e5a-b28ce86b0313/datanode-2/data-0/containers/hdds/5f3e6df4-6103-47e5-8e5a-b28ce86b0313/DS-691e535a-db7f-464b-8c20-87b462832dd7/container.db for volume DS-691e535a-db7f-464b-8c20-87b462832dd7
2023-03-29 21:15:57,416 [EndpointStateMachine task thread for /0.0.0.0:37227 - 0 ] INFO  ozoneimpl.OzoneContainer (OzoneContainer.java:start(397)) - Attempting to start container services.
2023-03-29 21:15:57,416 [EndpointStateMachine task thread for /0.0.0.0:37227 - 0 ] INFO  ozoneimpl.OzoneContainer (OzoneContainer.java:startContainerScrub(314)) - Scheduled background container scanners and the on-demand container scanner have been disabled.
2023-03-29 21:15:57,418 [EndpointStateMachine task thread for /0.0.0.0:37227 - 0 ] INFO  replication.ReplicationServer (ReplicationServer.java:start(109)) - ReplicationServer is started using port 36075
2023-03-29 21:15:57,419 [EndpointStateMachine task thread for /0.0.0.0:37227 - 0 ] INFO  ratis.XceiverServerRatis (XceiverServerRatis.java:start(517)) - Starting XceiverServerRatis b7545b0c-a4b8-458e-a79e-332c552b3ba3
2023-03-29 21:15:57,420 [EndpointStateMachine task thread for /0.0.0.0:37227 - 0 ] INFO  server.RaftServer (RaftServerProxy.java:startImpl(393)) - b7545b0c-a4b8-458e-a79e-332c552b3ba3: start RPC server
2023-03-29 21:15:57,421 [EndpointStateMachine task thread for /0.0.0.0:37227 - 0 ] INFO  server.GrpcService (GrpcService.java:startImpl(262)) - b7545b0c-a4b8-458e-a79e-332c552b3ba3: GrpcService started, listening on 33261
2023-03-29 21:15:57,422 [EndpointStateMachine task thread for /0.0.0.0:37227 - 0 ] INFO  ratis.XceiverServerRatis (XceiverServerRatis.java:getRealPort(543)) - XceiverServerRatis b7545b0c-a4b8-458e-a79e-332c552b3ba3 is started using port 33261 for RATIS
2023-03-29 21:15:57,422 [JvmPauseMonitor3] INFO  util.JvmPauseMonitor (JvmPauseMonitor.java:run(105)) - JvmPauseMonitor-b7545b0c-a4b8-458e-a79e-332c552b3ba3: Started
2023-03-29 21:15:57,422 [EndpointStateMachine task thread for /0.0.0.0:37227 - 0 ] INFO  ratis.XceiverServerRatis (XceiverServerRatis.java:getRealPort(543)) - XceiverServerRatis b7545b0c-a4b8-458e-a79e-332c552b3ba3 is started using port 33261 for RATIS_ADMIN
2023-03-29 21:15:57,422 [EndpointStateMachine task thread for /0.0.0.0:37227 - 0 ] INFO  ratis.XceiverServerRatis (XceiverServerRatis.java:getRealPort(543)) - XceiverServerRatis b7545b0c-a4b8-458e-a79e-332c552b3ba3 is started using port 33261 for RATIS_SERVER
2023-03-29 21:15:57,422 [EndpointStateMachine task thread for /0.0.0.0:37227 - 0 ] INFO  ratis.XceiverServerRatis (XceiverServerRatis.java:getRealPort(543)) - XceiverServerRatis b7545b0c-a4b8-458e-a79e-332c552b3ba3 is started using port 42261 for RATIS_DATASTREAM
2023-03-29 21:15:57,430 [EndpointStateMachine task thread for /0.0.0.0:37227 - 0 ] INFO  server.XceiverServerGrpc (XceiverServerGrpc.java:start(180)) - XceiverServerGrpc b7545b0c-a4b8-458e-a79e-332c552b3ba3 is started using port 42677
2023-03-29 21:15:57,431 [BlockDeletingService#0] INFO  interfaces.ContainerDeletionChoosingPolicyTemplate (ContainerDeletionChoosingPolicyTemplate.java:chooseContainerForBlockDeletion(83)) - Chosen 0/5000 blocks from 0 candidate containers.
2023-03-29 21:15:58,379 [IPC Server handler 7 on default port 37227] INFO  net.NetworkTopologyImpl (NetworkTopologyImpl.java:add(112)) - Added a new node: /default-rack/c5f0e82b-af1b-4789-ae30-308dce149649
2023-03-29 21:15:58,381 [IPC Server handler 7 on default port 37227] INFO  node.SCMNodeManager (SCMNodeManager.java:register(404)) - Registered Data node : c5f0e82b-af1b-4789-ae30-308dce149649{ip: 10.1.0.17, host: fv-az308-773, ports: [REPLICATION=42067, RATIS=34327, RATIS_ADMIN=34327, RATIS_SERVER=34327, RATIS_DATASTREAM=39979, STANDALONE=39569], networkLocation: /default-rack, certSerialId: null, persistedOpState: null, persistedOpStateExpiryEpochSec: 0}
2023-03-29 21:15:58,386 [EventQueue-NewNodeForNewNodeHandler] INFO  pipeline.BackgroundPipelineCreator (BackgroundPipelineCreator.java:notifyEventTriggered(276)) - trigger a one-shot run on RatisPipelineUtilsThread.
2023-03-29 21:15:58,386 [EventQueue-NodeRegistrationContainerReportForContainerSafeModeRule] INFO  safemode.SCMSafeModeManager (SCMSafeModeManager.java:validateSafeModeExitRules(200)) - ContainerSafeModeRule rule is successfully validated
2023-03-29 21:15:58,387 [Listener at 127.0.0.1/35747] INFO  ozone.MiniOzoneClusterImpl (MiniOzoneClusterImpl.java:lambda$waitForClusterToBeReady$0(222)) - Waiting for nodes to be ready. Got 1 of 3 DN Heartbeats.
2023-03-29 21:15:58,387 [Listener at 127.0.0.1/35747] INFO  ozone.MiniOzoneClusterImpl (MiniOzoneClusterImpl.java:lambda$waitForClusterToBeReady$0(225)) - Waiting for cluster to exit safe mode
2023-03-29 21:15:58,387 [Listener at 127.0.0.1/35747] INFO  ozone.MiniOzoneClusterImpl (MiniOzoneClusterImpl.java:lambda$waitForClusterToBeReady$0(227)) - SCM became leader
2023-03-29 21:15:58,389 [EventQueue-NodeRegistrationContainerReportForDataNodeSafeModeRule] INFO  safemode.SCMSafeModeManager (DataNodeSafeModeRule.java:process(71)) - SCM in safe mode. 1 DataNodes registered, 3 required.
2023-03-29 21:15:58,394 [RatisPipelineUtilsThread - 0] INFO  pipeline.RatisPipelineProvider (RatisPipelineProvider.java:lambda$create$0(206)) - Sending CreatePipelineCommand for pipeline:PipelineID=112736f0-bd29-43e0-ad49-80fdc6f049cf to datanode:c5f0e82b-af1b-4789-ae30-308dce149649
2023-03-29 21:15:58,399 [EventQueue-PipelineReportForOneReplicaPipelineSafeModeRule] INFO  safemode.SCMSafeModeManager (SCMSafeModeManager.java:validateSafeModeExitRules(200)) - AtleastOneDatanodeReportedRule rule is successfully validated
2023-03-29 21:15:58,407 [RatisPipelineUtilsThread - 0] INFO  pipeline.PipelineStateManagerImpl (PipelineStateManagerImpl.java:addPipeline(103)) - Created pipeline Pipeline[ Id: 112736f0-bd29-43e0-ad49-80fdc6f049cf, Nodes: c5f0e82b-af1b-4789-ae30-308dce149649(fv-az308-773/10.1.0.17), ReplicationConfig: RATIS/ONE, State:ALLOCATED, leaderId:, CreationTimestamp2023-03-29T21:15:58.392Z[Etc/UTC]].
2023-03-29 21:15:59,020 [IPC Server handler 6 on default port 37227] INFO  net.NetworkTopologyImpl (NetworkTopologyImpl.java:add(112)) - Added a new node: /default-rack/e24e525b-11e0-482b-97ed-e0be4d88ae43
2023-03-29 21:15:59,020 [IPC Server handler 6 on default port 37227] INFO  node.SCMNodeManager (SCMNodeManager.java:register(404)) - Registered Data node : e24e525b-11e0-482b-97ed-e0be4d88ae43{ip: 10.1.0.17, host: fv-az308-773, ports: [REPLICATION=41529, RATIS=35637, RATIS_ADMIN=35637, RATIS_SERVER=35637, RATIS_DATASTREAM=38769, STANDALONE=39987], networkLocation: /default-rack, certSerialId: null, persistedOpState: null, persistedOpStateExpiryEpochSec: 0}
2023-03-29 21:15:59,021 [EventQueue-NodeRegistrationContainerReportForDataNodeSafeModeRule] INFO  safemode.SCMSafeModeManager (DataNodeSafeModeRule.java:process(71)) - SCM in safe mode. 2 DataNodes registered, 3 required.
2023-03-29 21:15:59,021 [EventQueue-NewNodeForNewNodeHandler] INFO  pipeline.BackgroundPipelineCreator (BackgroundPipelineCreator.java:notifyEventTriggered(276)) - trigger a one-shot run on RatisPipelineUtilsThread.
2023-03-29 21:15:59,022 [RatisPipelineUtilsThread - 0] INFO  pipeline.RatisPipelineProvider (RatisPipelineProvider.java:lambda$create$0(206)) - Sending CreatePipelineCommand for pipeline:PipelineID=829bb69b-3f89-456d-b42e-354eef566c65 to datanode:e24e525b-11e0-482b-97ed-e0be4d88ae43
2023-03-29 21:15:59,023 [RatisPipelineUtilsThread - 0] INFO  pipeline.PipelineStateManagerImpl (PipelineStateManagerImpl.java:addPipeline(103)) - Created pipeline Pipeline[ Id: 829bb69b-3f89-456d-b42e-354eef566c65, Nodes: e24e525b-11e0-482b-97ed-e0be4d88ae43(fv-az308-773/10.1.0.17), ReplicationConfig: RATIS/ONE, State:ALLOCATED, leaderId:, CreationTimestamp2023-03-29T21:15:59.022Z[Etc/UTC]].
2023-03-29 21:15:59,387 [Listener at 127.0.0.1/35747] INFO  ozone.MiniOzoneClusterImpl (MiniOzoneClusterImpl.java:lambda$waitForClusterToBeReady$0(222)) - Waiting for nodes to be ready. Got 2 of 3 DN Heartbeats.
2023-03-29 21:15:59,387 [Listener at 127.0.0.1/35747] INFO  ozone.MiniOzoneClusterImpl (MiniOzoneClusterImpl.java:lambda$waitForClusterToBeReady$0(225)) - Waiting for cluster to exit safe mode
2023-03-29 21:15:59,387 [Listener at 127.0.0.1/35747] INFO  ozone.MiniOzoneClusterImpl (MiniOzoneClusterImpl.java:lambda$waitForClusterToBeReady$0(227)) - SCM became leader
2023-03-29 21:15:59,389 [IPC Server handler 7 on default port 37227] INFO  net.NetworkTopologyImpl (NetworkTopologyImpl.java:add(112)) - Added a new node: /default-rack/b7545b0c-a4b8-458e-a79e-332c552b3ba3
2023-03-29 21:15:59,390 [IPC Server handler 7 on default port 37227] INFO  node.SCMNodeManager (SCMNodeManager.java:register(404)) - Registered Data node : b7545b0c-a4b8-458e-a79e-332c552b3ba3{ip: 10.1.0.17, host: fv-az308-773, ports: [REPLICATION=36075, RATIS=33261, RATIS_ADMIN=33261, RATIS_SERVER=33261, RATIS_DATASTREAM=42261, STANDALONE=42677], networkLocation: /default-rack, certSerialId: null, persistedOpState: null, persistedOpStateExpiryEpochSec: 0}
2023-03-29 21:15:59,390 [EventQueue-NewNodeForNewNodeHandler] INFO  pipeline.BackgroundPipelineCreator (BackgroundPipelineCreator.java:notifyEventTriggered(276)) - trigger a one-shot run on RatisPipelineUtilsThread.
2023-03-29 21:15:59,390 [EventQueue-NodeRegistrationContainerReportForDataNodeSafeModeRule] INFO  safemode.SCMSafeModeManager (DataNodeSafeModeRule.java:process(71)) - SCM in safe mode. 3 DataNodes registered, 3 required.
2023-03-29 21:15:59,390 [EventQueue-NodeRegistrationContainerReportForDataNodeSafeModeRule] INFO  safemode.SCMSafeModeManager (SCMSafeModeManager.java:validateSafeModeExitRules(200)) - DataNodeSafeModeRule rule is successfully validated
2023-03-29 21:15:59,391 [EventQueue-NodeRegistrationContainerReportForDataNodeSafeModeRule] INFO  safemode.SCMSafeModeManager (SCMSafeModeManager.java:completePreCheck(229)) - All SCM safe mode pre check rules have passed
2023-03-29 21:15:59,391 [EventQueue-NodeRegistrationContainerReportForDataNodeSafeModeRule] INFO  ha.SCMContext (SCMContext.java:updateSafeModeStatus(228)) - Update SafeModeStatus from SafeModeStatus{safeModeStatus=true, preCheckPassed=false} to SafeModeStatus{safeModeStatus=true, preCheckPassed=true}.
2023-03-29 21:15:59,391 [EventQueue-NodeRegistrationContainerReportForDataNodeSafeModeRule] INFO  pipeline.BackgroundPipelineCreator (BackgroundPipelineCreator.java:notifyEventTriggered(276)) - trigger a one-shot run on RatisPipelineUtilsThread.
2023-03-29 21:15:59,391 [RatisPipelineUtilsThread - 0] INFO  pipeline.RatisPipelineProvider (RatisPipelineProvider.java:lambda$create$0(206)) - Sending CreatePipelineCommand for pipeline:PipelineID=2836bafa-7548-4a50-b22c-4893eadf288c to datanode:b7545b0c-a4b8-458e-a79e-332c552b3ba3
2023-03-29 21:15:59,391 [RatisPipelineUtilsThread - 0] INFO  pipeline.PipelineStateManagerImpl (PipelineStateManagerImpl.java:addPipeline(103)) - Created pipeline Pipeline[ Id: 2836bafa-7548-4a50-b22c-4893eadf288c, Nodes: b7545b0c-a4b8-458e-a79e-332c552b3ba3(fv-az308-773/10.1.0.17), ReplicationConfig: RATIS/ONE, State:ALLOCATED, leaderId:, CreationTimestamp2023-03-29T21:15:59.391Z[Etc/UTC]].
2023-03-29 21:15:59,396 [RatisPipelineUtilsThread - 0] INFO  pipeline.RatisPipelineProvider (RatisPipelineProvider.java:lambda$create$0(206)) - Sending CreatePipelineCommand for pipeline:PipelineID=dc7c61c7-c865-4491-865c-c04df5843e0e to datanode:b7545b0c-a4b8-458e-a79e-332c552b3ba3
2023-03-29 21:15:59,396 [RatisPipelineUtilsThread - 0] INFO  pipeline.RatisPipelineProvider (RatisPipelineProvider.java:lambda$create$0(206)) - Sending CreatePipelineCommand for pipeline:PipelineID=dc7c61c7-c865-4491-865c-c04df5843e0e to datanode:e24e525b-11e0-482b-97ed-e0be4d88ae43
2023-03-29 21:15:59,396 [RatisPipelineUtilsThread - 0] INFO  pipeline.RatisPipelineProvider (RatisPipelineProvider.java:lambda$create$0(206)) - Sending CreatePipelineCommand for pipeline:PipelineID=dc7c61c7-c865-4491-865c-c04df5843e0e to datanode:c5f0e82b-af1b-4789-ae30-308dce149649
2023-03-29 21:15:59,397 [RatisPipelineUtilsThread - 0] INFO  pipeline.PipelineStateManagerImpl (PipelineStateManagerImpl.java:addPipeline(103)) - Created pipeline Pipeline[ Id: dc7c61c7-c865-4491-865c-c04df5843e0e, Nodes: b7545b0c-a4b8-458e-a79e-332c552b3ba3(fv-az308-773/10.1.0.17)e24e525b-11e0-482b-97ed-e0be4d88ae43(fv-az308-773/10.1.0.17)c5f0e82b-af1b-4789-ae30-308dce149649(fv-az308-773/10.1.0.17), ReplicationConfig: RATIS/THREE, State:ALLOCATED, leaderId:, CreationTimestamp2023-03-29T21:15:59.396Z[Etc/UTC]].
2023-03-29 21:15:59,399 [RatisPipelineUtilsThread - 0] INFO  pipeline.RatisPipelineProvider (RatisPipelineProvider.java:lambda$create$0(206)) - Sending CreatePipelineCommand for pipeline:PipelineID=6d4c24ab-ff3f-4a96-9a2c-36dc58da704c to datanode:c5f0e82b-af1b-4789-ae30-308dce149649
2023-03-29 21:15:59,400 [RatisPipelineUtilsThread - 0] INFO  pipeline.RatisPipelineProvider (RatisPipelineProvider.java:lambda$create$0(206)) - Sending CreatePipelineCommand for pipeline:PipelineID=6d4c24ab-ff3f-4a96-9a2c-36dc58da704c to datanode:e24e525b-11e0-482b-97ed-e0be4d88ae43
2023-03-29 21:15:59,400 [RatisPipelineUtilsThread - 0] INFO  pipeline.RatisPipelineProvider (RatisPipelineProvider.java:lambda$create$0(206)) - Sending CreatePipelineCommand for pipeline:PipelineID=6d4c24ab-ff3f-4a96-9a2c-36dc58da704c to datanode:b7545b0c-a4b8-458e-a79e-332c552b3ba3
2023-03-29 21:15:59,402 [RatisPipelineUtilsThread - 0] INFO  pipeline.PipelineStateManagerImpl (PipelineStateManagerImpl.java:addPipeline(103)) - Created pipeline Pipeline[ Id: 6d4c24ab-ff3f-4a96-9a2c-36dc58da704c, Nodes: c5f0e82b-af1b-4789-ae30-308dce149649(fv-az308-773/10.1.0.17)e24e525b-11e0-482b-97ed-e0be4d88ae43(fv-az308-773/10.1.0.17)b7545b0c-a4b8-458e-a79e-332c552b3ba3(fv-az308-773/10.1.0.17), ReplicationConfig: RATIS/THREE, State:ALLOCATED, leaderId:, CreationTimestamp2023-03-29T21:15:59.399Z[Etc/UTC]].
2023-03-29 21:15:59,403 [RatisPipelineUtilsThread - 0] INFO  pipeline.PipelineManagerImpl (PipelineManagerImpl.java:recordMetricsForPipeline(826)) - Pipeline: PipelineID=6d4c24ab-ff3f-4a96-9a2c-36dc58da704c contains same datanodes as previous pipelines: PipelineID=dc7c61c7-c865-4491-865c-c04df5843e0e nodeIds: c5f0e82b-af1b-4789-ae30-308dce149649, e24e525b-11e0-482b-97ed-e0be4d88ae43, b7545b0c-a4b8-458e-a79e-332c552b3ba3
2023-03-29 21:15:59,403 [RatisPipelineUtilsThread - 0] WARN  pipeline.PipelinePlacementPolicy (PipelinePlacementPolicy.java:filterViableNodes(160)) - Pipeline creation failed due to no sufficient healthy datanodes. Required 3. Found 0. Excluded 3.
2023-03-29 21:15:59,404 [RatisPipelineUtilsThread - 0] WARN  pipeline.PipelinePlacementPolicy (PipelinePlacementPolicy.java:filterViableNodes(160)) - Pipeline creation failed due to no sufficient healthy datanodes. Required 3. Found 0. Excluded 3.
2023-03-29 21:16:00,388 [Listener at 127.0.0.1/35747] INFO  ozone.MiniOzoneClusterImpl (MiniOzoneClusterImpl.java:lambda$waitForClusterToBeReady$0(222)) - Nodes are ready. Got 3 of 3 DN Heartbeats.
2023-03-29 21:16:00,393 [Listener at 127.0.0.1/35747] INFO  ozone.MiniOzoneClusterImpl (MiniOzoneClusterImpl.java:lambda$waitForClusterToBeReady$0(225)) - Waiting for cluster to exit safe mode
2023-03-29 21:16:00,393 [Listener at 127.0.0.1/35747] INFO  ozone.MiniOzoneClusterImpl (MiniOzoneClusterImpl.java:lambda$waitForClusterToBeReady$0(227)) - SCM became leader
2023-03-29 21:16:01,378 [Command processor thread] INFO  server.RaftServer (RaftServerProxy.java:addNew(96)) - c5f0e82b-af1b-4789-ae30-308dce149649: addNew group-80FDC6F049CF:[c5f0e82b-af1b-4789-ae30-308dce149649|rpc:10.1.0.17:34327|dataStream:10.1.0.17:39979|priority:1|startupRole:FOLLOWER] returns group-80FDC6F049CF:java.util.concurrent.CompletableFuture@48b38635[Not completed]
2023-03-29 21:16:01,394 [Listener at 127.0.0.1/35747] INFO  ozone.MiniOzoneClusterImpl (MiniOzoneClusterImpl.java:lambda$waitForClusterToBeReady$0(222)) - Nodes are ready. Got 3 of 3 DN Heartbeats.
2023-03-29 21:16:01,394 [Listener at 127.0.0.1/35747] INFO  ozone.MiniOzoneClusterImpl (MiniOzoneClusterImpl.java:lambda$waitForClusterToBeReady$0(225)) - Waiting for cluster to exit safe mode
2023-03-29 21:16:01,394 [Listener at 127.0.0.1/35747] INFO  ozone.MiniOzoneClusterImpl (MiniOzoneClusterImpl.java:lambda$waitForClusterToBeReady$0(227)) - SCM became leader
2023-03-29 21:16:01,395 [pool-75-thread-1] INFO  server.RaftServer$Division (RaftServerImpl.java:<init>(195)) - c5f0e82b-af1b-4789-ae30-308dce149649: new RaftServerImpl for group-80FDC6F049CF:[c5f0e82b-af1b-4789-ae30-308dce149649|rpc:10.1.0.17:34327|dataStream:10.1.0.17:39979|priority:1|startupRole:FOLLOWER] with ContainerStateMachine:uninitialized
2023-03-29 21:16:01,395 [pool-75-thread-1] INFO  server.RaftServerConfigKeys (ConfUtils.java:logGet(46)) - raft.server.rpc.timeout.min = 5s (custom)
2023-03-29 21:16:01,395 [pool-75-thread-1] INFO  server.RaftServerConfigKeys (ConfUtils.java:logGet(46)) - raft.server.rpc.timeout.max = 5200ms (custom)
2023-03-29 21:16:01,395 [pool-75-thread-1] INFO  server.RaftServerConfigKeys (ConfUtils.java:logGet(46)) - raft.server.rpc.sleep.time = 25ms (default)
2023-03-29 21:16:01,395 [pool-75-thread-1] INFO  server.RaftServerConfigKeys (ConfUtils.java:logGet(46)) - raft.server.rpc.slowness.timeout = 300s (custom)
2023-03-29 21:16:01,395 [pool-75-thread-1] INFO  server.RaftServerConfigKeys (ConfUtils.java:logGet(46)) - raft.server.leaderelection.leader.step-down.wait-time = 10s (default)
2023-03-29 21:16:01,395 [pool-75-thread-1] INFO  server.RaftServerConfigKeys (ConfUtils.java:logGet(46)) - raft.server.sleep.deviation.threshold = 300ms (default)
2023-03-29 21:16:01,395 [pool-75-thread-1] INFO  server.RaftServer$Division (ServerState.java:<init>(118)) - c5f0e82b-af1b-4789-ae30-308dce149649@group-80FDC6F049CF: ConfigurationManager, init=-1: peers:[c5f0e82b-af1b-4789-ae30-308dce149649|rpc:10.1.0.17:34327|dataStream:10.1.0.17:39979|priority:1|startupRole:FOLLOWER]|listeners:[], old=null, confs=<EMPTY_MAP>
2023-03-29 21:16:01,396 [pool-75-thread-1] INFO  server.RaftServerConfigKeys (ConfUtils.java:logGet(46)) - raft.server.storage.dir = [/home/runner/work/ozone/ozone/hadoop-ozone/integration-test/target/test-dir/MiniOzoneClusterImpl-5f3e6df4-6103-47e5-8e5a-b28ce86b0313/datanode-0/data/ratis] (custom)
2023-03-29 21:16:01,396 [pool-75-thread-1] INFO  server.RaftServerConfigKeys (ConfUtils.java:logGet(46)) - raft.server.log.corruption.policy = EXCEPTION (default)
2023-03-29 21:16:01,396 [pool-75-thread-1] INFO  server.RaftServerConfigKeys (ConfUtils.java:logGet(46)) - raft.server.storage.free-space.min = 0MB (=0) (default)
2023-03-29 21:16:01,396 [pool-75-thread-1] INFO  server.RaftServerConfigKeys (ConfUtils.java:logGet(46)) - raft.server.notification.no-leader.timeout = 300s (custom)
2023-03-29 21:16:01,396 [pool-75-thread-1] INFO  server.RaftServerConfigKeys (ConfUtils.java:logGet(46)) - raft.server.retrycache.expirytime = 600000ms (custom)
2023-03-29 21:16:01,396 [pool-75-thread-1] INFO  server.RaftServerConfigKeys (ConfUtils.java:logGet(46)) - raft.server.retrycache.statistics.expirytime = 100μs (default)
2023-03-29 21:16:01,398 [pool-75-thread-1] INFO  server.RaftServerConfigKeys (ConfUtils.java:logGet(46)) - raft.server.log.appender.install.snapshot.enabled = false (custom)
2023-03-29 21:16:01,398 [pool-75-thread-1] INFO  server.RaftServerConfigKeys (ConfUtils.java:logGet(46)) - raft.server.threadpool.server.cached = true (default)
2023-03-29 21:16:01,398 [pool-75-thread-1] INFO  server.RaftServerConfigKeys (ConfUtils.java:logGet(46)) - raft.server.threadpool.server.size = 0 (default)
2023-03-29 21:16:01,398 [pool-75-thread-1] INFO  server.RaftServerConfigKeys (ConfUtils.java:logGet(46)) - raft.server.threadpool.client.cached = true (default)
2023-03-29 21:16:01,398 [pool-75-thread-1] INFO  server.RaftServerConfigKeys (ConfUtils.java:logGet(46)) - raft.server.threadpool.client.size = 0 (default)
2023-03-29 21:16:01,399 [pool-75-thread-1] INFO  storage.RaftStorageDirectory (RaftStorageDirectoryImpl.java:analyzeStorage(137)) - The storage directory /home/runner/work/ozone/ozone/hadoop-ozone/integration-test/target/test-dir/MiniOzoneClusterImpl-5f3e6df4-6103-47e5-8e5a-b28ce86b0313/datanode-0/data/ratis/112736f0-bd29-43e0-ad49-80fdc6f049cf does not exist. Creating ...
2023-03-29 21:16:01,407 [pool-75-thread-1] INFO  storage.RaftStorageDirectory (RaftStorageDirectoryImpl.java:tryLock(231)) - Lock on /home/runner/work/ozone/ozone/hadoop-ozone/integration-test/target/test-dir/MiniOzoneClusterImpl-5f3e6df4-6103-47e5-8e5a-b28ce86b0313/datanode-0/data/ratis/112736f0-bd29-43e0-ad49-80fdc6f049cf/in_use.lock acquired by nodename 46426@fv-az308-773
2023-03-29 21:16:01,409 [pool-75-thread-1] INFO  storage.RaftStorage (RaftStorageImpl.java:format(96)) - Storage directory /home/runner/work/ozone/ozone/hadoop-ozone/integration-test/target/test-dir/MiniOzoneClusterImpl-5f3e6df4-6103-47e5-8e5a-b28ce86b0313/datanode-0/data/ratis/112736f0-bd29-43e0-ad49-80fdc6f049cf has been successfully formatted.
2023-03-29 21:16:01,412 [pool-75-thread-1] INFO  ratis.ContainerStateMachine (ContainerStateMachine.java:loadSnapshot(262)) - group-80FDC6F049CF: The snapshot info is null. Setting the last applied indexto:(t:0, i:~)
2023-03-29 21:16:01,412 [pool-75-thread-1] INFO  server.RaftServerConfigKeys (ConfUtils.java:logGet(46)) - raft.server.log.use.memory = false (default)
2023-03-29 21:16:01,413 [pool-75-thread-1] INFO  server.RaftServerConfigKeys (ConfUtils.java:logGet(46)) - raft.server.log.purge.gap = 1000000 (custom)
2023-03-29 21:16:01,413 [pool-75-thread-1] INFO  server.RaftServerConfigKeys (ConfUtils.java:logGet(46)) - raft.server.log.appender.buffer.byte-limit = 33554432 (custom)
2023-03-29 21:16:01,413 [pool-75-thread-1] INFO  server.RaftServerConfigKeys (ConfUtils.java:logGet(46)) - raft.server.log.statemachine.data.read.timeout = 1000ms (default)
2023-03-29 21:16:01,413 [pool-75-thread-1] INFO  server.RaftServerConfigKeys (ConfUtils.java:logGet(46)) - raft.server.log.purge.preservation.log.num = 0 (default)
2023-03-29 21:16:01,414 [EventQueue-PipelineReportForPipelineReportHandler] INFO  pipeline.PipelineManagerImpl (PipelineManagerImpl.java:openPipeline(367)) - Pipeline Pipeline[ Id: 112736f0-bd29-43e0-ad49-80fdc6f049cf, Nodes: c5f0e82b-af1b-4789-ae30-308dce149649(fv-az308-773/10.1.0.17), ReplicationConfig: RATIS/ONE, State:ALLOCATED, leaderId:c5f0e82b-af1b-4789-ae30-308dce149649, CreationTimestamp2023-03-29T21:15:58.392Z[Etc/UTC]] moved to OPEN state
2023-03-29 21:16:01,415 [pool-75-thread-1] INFO  server.RaftServerConfigKeys (ConfUtils.java:logGet(46)) - raft.server.log.segment.size.max = 1048576 (custom)
2023-03-29 21:16:01,415 [pool-75-thread-1] INFO  server.RaftServerConfigKeys (ConfUtils.java:logGet(46)) - raft.server.log.segment.cache.num.max = 2 (custom)
2023-03-29 21:16:01,415 [pool-75-thread-1] INFO  server.RaftServerConfigKeys (ConfUtils.java:logGet(46)) - raft.server.log.segment.cache.size.max = 200MB (=209715200) (default)
2023-03-29 21:16:01,415 [pool-75-thread-1] INFO  segmented.SegmentedRaftLogWorker (SegmentedRaftLogWorker.java:<init>(189)) - new c5f0e82b-af1b-4789-ae30-308dce149649@group-80FDC6F049CF-SegmentedRaftLogWorker for RaftStorageImpl:Storage Directory /home/runner/work/ozone/ozone/hadoop-ozone/integration-test/target/test-dir/MiniOzoneClusterImpl-5f3e6df4-6103-47e5-8e5a-b28ce86b0313/datanode-0/data/ratis/112736f0-bd29-43e0-ad49-80fdc6f049cf
2023-03-29 21:16:01,415 [pool-75-thread-1] INFO  server.RaftServerConfigKeys (ConfUtils.java:logGet(46)) - raft.server.log.queue.byte-limit = 4294967296 (custom)
2023-03-29 21:16:01,415 [pool-75-thread-1] INFO  server.RaftServerConfigKeys (ConfUtils.java:logGet(46)) - raft.server.log.queue.element-limit = 1024 (custom)
2023-03-29 21:16:01,415 [pool-75-thread-1] INFO  server.RaftServerConfigKeys (ConfUtils.java:logGet(46)) - raft.server.log.segment.size.max = 1048576 (custom)
2023-03-29 21:16:01,416 [pool-75-thread-1] INFO  server.RaftServerConfigKeys (ConfUtils.java:logGet(46)) - raft.server.log.preallocated.size = 16384 (custom)
2023-03-29 21:16:01,416 [pool-75-thread-1] INFO  server.RaftServerConfigKeys (ConfUtils.java:logGet(46)) - raft.server.log.force.sync.num = 128 (default)
2023-03-29 21:16:01,416 [pool-75-thread-1] INFO  server.RaftServerConfigKeys (ConfUtils.java:logGet(46)) - raft.server.log.statemachine.data.sync = true (default)
2023-03-29 21:16:01,416 [pool-75-thread-1] INFO  server.RaftServerConfigKeys (ConfUtils.java:logGet(46)) - raft.server.log.statemachine.data.sync.timeout = 10s (default)
2023-03-29 21:16:01,416 [pool-75-thread-1] INFO  server.RaftServerConfigKeys (ConfUtils.java:logGet(46)) - raft.server.log.statemachine.data.sync.timeout.retry = -1 (default)
2023-03-29 21:16:01,417 [pool-75-thread-1] INFO  server.RaftServerConfigKeys (ConfUtils.java:logGet(46)) - raft.server.log.write.buffer.size = 1048576 (custom)
2023-03-29 21:16:01,419 [pool-75-thread-1] INFO  server.RaftServerConfigKeys (ConfUtils.java:logGet(46)) - raft.server.log.appender.buffer.byte-limit = 33554432 (custom)
2023-03-29 21:16:01,425 [EventQueue-OpenPipelineForHealthyPipelineSafeModeRule] INFO  safemode.SCMSafeModeManager (HealthyPipelineSafeModeRule.java:process(137)) - SCM in safe mode. Healthy pipelines reported count is 0, required healthy pipeline reported count is 1
2023-03-29 21:16:01,427 [pool-75-thread-1] INFO  server.RaftServerConfigKeys (ConfUtils.java:logGet(46)) - raft.server.log.unsafe-flush.enabled = false (default)
2023-03-29 21:16:01,427 [pool-75-thread-1] INFO  server.RaftServerConfigKeys (ConfUtils.java:logGet(46)) - raft.server.log.async-flush.enabled = false (default)
2023-03-29 21:16:01,427 [pool-75-thread-1] INFO  server.RaftServerConfigKeys (ConfUtils.java:logGet(46)) - raft.server.log.statemachine.data.caching.enabled = true (custom)
2023-03-29 21:16:01,427 [pool-75-thread-1] INFO  segmented.SegmentedRaftLogWorker (SegmentedRaftLogWorker.java:lambda$new$0(135)) - c5f0e82b-af1b-4789-ae30-308dce149649@group-80FDC6F049CF-SegmentedRaftLogWorker: flushIndex: setUnconditionally 0 -> -1
2023-03-29 21:16:01,428 [pool-75-thread-1] INFO  segmented.SegmentedRaftLogWorker (SegmentedRaftLogWorker.java:lambda$new$0(135)) - c5f0e82b-af1b-4789-ae30-308dce149649@group-80FDC6F049CF-SegmentedRaftLogWorker: safeCacheEvictIndex: setUnconditionally 0 -> -1
2023-03-29 21:16:01,433 [pool-75-thread-1] INFO  server.RaftServer$Division (RaftServerImpl.java:start(334)) - c5f0e82b-af1b-4789-ae30-308dce149649@group-80FDC6F049CF: start as a follower, conf=-1: peers:[c5f0e82b-af1b-4789-ae30-308dce149649|rpc:10.1.0.17:34327|dataStream:10.1.0.17:39979|priority:1|startupRole:FOLLOWER]|listeners:[], old=null
2023-03-29 21:16:01,433 [pool-75-thread-1] INFO  server.RaftServer$Division (RaftServerImpl.java:setRole(321)) - c5f0e82b-af1b-4789-ae30-308dce149649@group-80FDC6F049CF: changes role from      null to FOLLOWER at term 0 for startAsFollower
2023-03-29 21:16:01,433 [pool-75-thread-1] INFO  impl.RoleInfo (RoleInfo.java:updateAndGet(139)) - c5f0e82b-af1b-4789-ae30-308dce149649: start c5f0e82b-af1b-4789-ae30-308dce149649@group-80FDC6F049CF-FollowerState
2023-03-29 21:16:01,435 [pool-75-thread-1] INFO  util.JmxRegister (JmxRegister.java:tryRegister(44)) - Successfully registered JMX Bean with object name Ratis:service=RaftServer,group=group-80FDC6F049CF,id=c5f0e82b-af1b-4789-ae30-308dce149649
2023-03-29 21:16:01,435 [pool-75-thread-1] INFO  server.RaftServerConfigKeys (ConfUtils.java:logGet(46)) - raft.server.snapshot.auto.trigger.enabled = true (custom)
2023-03-29 21:16:01,435 [pool-75-thread-1] INFO  server.RaftServerConfigKeys (ConfUtils.java:logGet(46)) - raft.server.snapshot.auto.trigger.threshold = 10000 (custom)
2023-03-29 21:16:01,435 [pool-75-thread-1] INFO  server.RaftServerConfigKeys (ConfUtils.java:logGet(46)) - raft.server.snapshot.retention.file.num = 5 (custom)
2023-03-29 21:16:01,435 [pool-75-thread-1] INFO  server.RaftServerConfigKeys (ConfUtils.java:logGet(46)) - raft.server.log.purge.upto.snapshot.index = false (default)
2023-03-29 21:16:01,438 [c5f0e82b-af1b-4789-ae30-308dce149649@group-80FDC6F049CF-FollowerState] INFO  server.RaftServerConfigKeys (ConfUtils.java:logFallback(53)) - raft.server.rpc.first-election.timeout.min = 5s (fallback to raft.server.rpc.timeout.min)
2023-03-29 21:16:01,438 [c5f0e82b-af1b-4789-ae30-308dce149649@group-80FDC6F049CF-FollowerState] INFO  server.RaftServerConfigKeys (ConfUtils.java:logFallback(53)) - raft.server.rpc.first-election.timeout.max = 5200ms (fallback to raft.server.rpc.timeout.max)
2023-03-29 21:16:01,445 [Command processor thread] INFO  ratis.XceiverServerRatis (XceiverServerRatis.java:addGroup(806)) - Created group PipelineID=112736f0-bd29-43e0-ad49-80fdc6f049cf
2023-03-29 21:16:01,445 [Command processor thread] INFO  commandhandler.CreatePipelineCommandHandler (CreatePipelineCommandHandler.java:handle(113)) - Created Pipeline RATIS ONE PipelineID=112736f0-bd29-43e0-ad49-80fdc6f049cf.
2023-03-29 21:16:01,446 [Command processor thread] INFO  server.RaftServer (RaftServerProxy.java:addNew(96)) - c5f0e82b-af1b-4789-ae30-308dce149649: addNew group-C04DF5843E0E:[c5f0e82b-af1b-4789-ae30-308dce149649|rpc:10.1.0.17:34327|dataStream:10.1.0.17:39979|priority:0|startupRole:FOLLOWER, b7545b0c-a4b8-458e-a79e-332c552b3ba3|rpc:10.1.0.17:33261|dataStream:10.1.0.17:42261|priority:1|startupRole:FOLLOWER, e24e525b-11e0-482b-97ed-e0be4d88ae43|rpc:10.1.0.17:35637|dataStream:10.1.0.17:38769|priority:0|startupRole:FOLLOWER] returns group-C04DF5843E0E:java.util.concurrent.CompletableFuture@1c5120f6[Not completed]
2023-03-29 21:16:01,453 [pool-75-thread-1] INFO  server.RaftServer$Division (RaftServerImpl.java:<init>(195)) - c5f0e82b-af1b-4789-ae30-308dce149649: new RaftServerImpl for group-C04DF5843E0E:[c5f0e82b-af1b-4789-ae30-308dce149649|rpc:10.1.0.17:34327|dataStream:10.1.0.17:39979|priority:0|startupRole:FOLLOWER, b7545b0c-a4b8-458e-a79e-332c552b3ba3|rpc:10.1.0.17:33261|dataStream:10.1.0.17:42261|priority:1|startupRole:FOLLOWER, e24e525b-11e0-482b-97ed-e0be4d88ae43|rpc:10.1.0.17:35637|dataStream:10.1.0.17:38769|priority:0|startupRole:FOLLOWER] with ContainerStateMachine:uninitialized
2023-03-29 21:16:01,453 [pool-75-thread-1] INFO  server.RaftServerConfigKeys (ConfUtils.java:logGet(46)) - raft.server.rpc.timeout.min = 5s (custom)
2023-03-29 21:16:01,453 [pool-75-thread-1] INFO  server.RaftServerConfigKeys (ConfUtils.java:logGet(46)) - raft.server.rpc.timeout.max = 5200ms (custom)
2023-03-29 21:16:01,453 [pool-75-thread-1] INFO  server.RaftServerConfigKeys (ConfUtils.java:logGet(46)) - raft.server.rpc.sleep.time = 25ms (default)
2023-03-29 21:16:01,453 [pool-75-thread-1] INFO  server.RaftServerConfigKeys (ConfUtils.java:logGet(46)) - raft.server.rpc.slowness.timeout = 300s (custom)
2023-03-29 21:16:01,453 [pool-75-thread-1] INFO  server.RaftServerConfigKeys (ConfUtils.java:logGet(46)) - raft.server.leaderelection.leader.step-down.wait-time = 10s (default)
2023-03-29 21:16:01,453 [pool-75-thread-1] INFO  server.RaftServerConfigKeys (ConfUtils.java:logGet(46)) - raft.server.sleep.deviation.threshold = 300ms (default)
2023-03-29 21:16:01,453 [pool-75-thread-1] INFO  server.RaftServer$Division (ServerState.java:<init>(118)) - c5f0e82b-af1b-4789-ae30-308dce149649@group-C04DF5843E0E: ConfigurationManager, init=-1: peers:[c5f0e82b-af1b-4789-ae30-308dce149649|rpc:10.1.0.17:34327|dataStream:10.1.0.17:39979|priority:0|startupRole:FOLLOWER, b7545b0c-a4b8-458e-a79e-332c552b3ba3|rpc:10.1.0.17:33261|dataStream:10.1.0.17:42261|priority:1|startupRole:FOLLOWER, e24e525b-11e0-482b-97ed-e0be4d88ae43|rpc:10.1.0.17:35637|dataStream:10.1.0.17:38769|priority:0|startupRole:FOLLOWER]|listeners:[], old=null, confs=<EMPTY_MAP>
2023-03-29 21:16:01,453 [pool-75-thread-1] INFO  server.RaftServerConfigKeys (ConfUtils.java:logGet(46)) - raft.server.storage.dir = [/home/runner/work/ozone/ozone/hadoop-ozone/integration-test/target/test-dir/MiniOzoneClusterImpl-5f3e6df4-6103-47e5-8e5a-b28ce86b0313/datanode-0/data/ratis] (custom)
2023-03-29 21:16:01,454 [pool-75-thread-1] INFO  server.RaftServerConfigKeys (ConfUtils.java:logGet(46)) - raft.server.log.corruption.policy = EXCEPTION (default)
2023-03-29 21:16:01,454 [pool-75-thread-1] INFO  server.RaftServerConfigKeys (ConfUtils.java:logGet(46)) - raft.server.storage.free-space.min = 0MB (=0) (default)
2023-03-29 21:16:01,454 [pool-75-thread-1] INFO  server.RaftServerConfigKeys (ConfUtils.java:logGet(46)) - raft.server.notification.no-leader.timeout = 300s (custom)
2023-03-29 21:16:01,454 [pool-75-thread-1] INFO  server.RaftServerConfigKeys (ConfUtils.java:logGet(46)) - raft.server.retrycache.expirytime = 600000ms (custom)
2023-03-29 21:16:01,454 [pool-75-thread-1] INFO  server.RaftServerConfigKeys (ConfUtils.java:logGet(46)) - raft.server.retrycache.statistics.expirytime = 100μs (default)
2023-03-29 21:16:01,456 [pool-75-thread-1] INFO  server.RaftServerConfigKeys (ConfUtils.java:logGet(46)) - raft.server.log.appender.install.snapshot.enabled = false (custom)
2023-03-29 21:16:01,456 [pool-75-thread-1] INFO  server.RaftServerConfigKeys (ConfUtils.java:logGet(46)) - raft.server.threadpool.server.cached = true (default)
2023-03-29 21:16:01,456 [pool-75-thread-1] INFO  server.RaftServerConfigKeys (ConfUtils.java:logGet(46)) - raft.server.threadpool.server.size = 0 (default)
2023-03-29 21:16:01,456 [pool-75-thread-1] INFO  server.RaftServerConfigKeys (ConfUtils.java:logGet(46)) - raft.server.threadpool.client.cached = true (default)
2023-03-29 21:16:01,456 [pool-75-thread-1] INFO  server.RaftServerConfigKeys (ConfUtils.java:logGet(46)) - raft.server.threadpool.client.size = 0 (default)
2023-03-29 21:16:01,456 [pool-75-thread-1] INFO  storage.RaftStorageDirectory (RaftStorageDirectoryImpl.java:analyzeStorage(137)) - The storage directory /home/runner/work/ozone/ozone/hadoop-ozone/integration-test/target/test-dir/MiniOzoneClusterImpl-5f3e6df4-6103-47e5-8e5a-b28ce86b0313/datanode-0/data/ratis/dc7c61c7-c865-4491-865c-c04df5843e0e does not exist. Creating ...
2023-03-29 21:16:01,457 [pool-75-thread-1] INFO  storage.RaftStorageDirectory (RaftStorageDirectoryImpl.java:tryLock(231)) - Lock on /home/runner/work/ozone/ozone/hadoop-ozone/integration-test/target/test-dir/MiniOzoneClusterImpl-5f3e6df4-6103-47e5-8e5a-b28ce86b0313/datanode-0/data/ratis/dc7c61c7-c865-4491-865c-c04df5843e0e/in_use.lock acquired by nodename 46426@fv-az308-773
2023-03-29 21:16:01,458 [pool-75-thread-1] INFO  storage.RaftStorage (RaftStorageImpl.java:format(96)) - Storage directory /home/runner/work/ozone/ozone/hadoop-ozone/integration-test/target/test-dir/MiniOzoneClusterImpl-5f3e6df4-6103-47e5-8e5a-b28ce86b0313/datanode-0/data/ratis/dc7c61c7-c865-4491-865c-c04df5843e0e has been successfully formatted.
2023-03-29 21:16:01,459 [pool-75-thread-1] INFO  ratis.ContainerStateMachine (ContainerStateMachine.java:loadSnapshot(262)) - group-C04DF5843E0E: The snapshot info is null. Setting the last applied indexto:(t:0, i:~)
2023-03-29 21:16:01,459 [pool-75-thread-1] INFO  server.RaftServerConfigKeys (ConfUtils.java:logGet(46)) - raft.server.log.use.memory = false (default)
2023-03-29 21:16:01,459 [pool-75-thread-1] INFO  server.RaftServerConfigKeys (ConfUtils.java:logGet(46)) - raft.server.log.purge.gap = 1000000 (custom)
2023-03-29 21:16:01,459 [pool-75-thread-1] INFO  server.RaftServerConfigKeys (ConfUtils.java:logGet(46)) - raft.server.log.appender.buffer.byte-limit = 33554432 (custom)
2023-03-29 21:16:01,459 [pool-75-thread-1] INFO  server.RaftServerConfigKeys (ConfUtils.java:logGet(46)) - raft.server.log.statemachine.data.read.timeout = 1000ms (default)
2023-03-29 21:16:01,459 [pool-75-thread-1] INFO  server.RaftServerConfigKeys (ConfUtils.java:logGet(46)) - raft.server.log.purge.preservation.log.num = 0 (default)
2023-03-29 21:16:01,459 [pool-75-thread-1] INFO  server.RaftServerConfigKeys (ConfUtils.java:logGet(46)) - raft.server.log.segment.size.max = 1048576 (custom)
2023-03-29 21:16:01,461 [EventQueue-OpenPipelineForHealthyPipelineSafeModeRule] INFO  safemode.SCMSafeModeManager (HealthyPipelineSafeModeRule.java:process(137)) - SCM in safe mode. Healthy pipelines reported count is 0, required healthy pipeline reported count is 1
2023-03-29 21:16:01,462 [pool-75-thread-1] INFO  server.RaftServerConfigKeys (ConfUtils.java:logGet(46)) - raft.server.log.segment.cache.num.max = 2 (custom)
2023-03-29 21:16:01,462 [pool-75-thread-1] INFO  server.RaftServerConfigKeys (ConfUtils.java:logGet(46)) - raft.server.log.segment.cache.size.max = 200MB (=209715200) (default)
2023-03-29 21:16:01,462 [pool-75-thread-1] INFO  segmented.SegmentedRaftLogWorker (SegmentedRaftLogWorker.java:<init>(189)) - new c5f0e82b-af1b-4789-ae30-308dce149649@group-C04DF5843E0E-SegmentedRaftLogWorker for RaftStorageImpl:Storage Directory /home/runner/work/ozone/ozone/hadoop-ozone/integration-test/target/test-dir/MiniOzoneClusterImpl-5f3e6df4-6103-47e5-8e5a-b28ce86b0313/datanode-0/data/ratis/dc7c61c7-c865-4491-865c-c04df5843e0e
2023-03-29 21:16:01,462 [pool-75-thread-1] INFO  server.RaftServerConfigKeys (ConfUtils.java:logGet(46)) - raft.server.log.queue.byte-limit = 4294967296 (custom)
2023-03-29 21:16:01,462 [pool-75-thread-1] INFO  server.RaftServerConfigKeys (ConfUtils.java:logGet(46)) - raft.server.log.queue.element-limit = 1024 (custom)
2023-03-29 21:16:01,462 [pool-75-thread-1] INFO  server.RaftServerConfigKeys (ConfUtils.java:logGet(46)) - raft.server.log.segment.size.max = 1048576 (custom)
2023-03-29 21:16:01,462 [pool-75-thread-1] INFO  server.RaftServerConfigKeys (ConfUtils.java:logGet(46)) - raft.server.log.preallocated.size = 16384 (custom)
2023-03-29 21:16:01,462 [pool-75-thread-1] INFO  server.RaftServerConfigKeys (ConfUtils.java:logGet(46)) - raft.server.log.force.sync.num = 128 (default)
2023-03-29 21:16:01,462 [pool-75-thread-1] INFO  server.RaftServerConfigKeys (ConfUtils.java:logGet(46)) - raft.server.log.statemachine.data.sync = true (default)
2023-03-29 21:16:01,462 [pool-75-thread-1] INFO  server.RaftServerConfigKeys (ConfUtils.java:logGet(46)) - raft.server.log.statemachine.data.sync.timeout = 10s (default)
2023-03-29 21:16:01,462 [pool-75-thread-1] INFO  server.RaftServerConfigKeys (ConfUtils.java:logGet(46)) - raft.server.log.statemachine.data.sync.timeout.retry = -1 (default)
2023-03-29 21:16:01,463 [pool-75-thread-1] INFO  server.RaftServerConfigKeys (ConfUtils.java:logGet(46)) - raft.server.log.write.buffer.size = 1048576 (custom)
2023-03-29 21:16:01,464 [pool-75-thread-1] INFO  server.RaftServerConfigKeys (ConfUtils.java:logGet(46)) - raft.server.log.appender.buffer.byte-limit = 33554432 (custom)
2023-03-29 21:16:01,469 [pool-75-thread-1] INFO  server.RaftServerConfigKeys (ConfUtils.java:logGet(46)) - raft.server.log.unsafe-flush.enabled = false (default)
2023-03-29 21:16:01,469 [pool-75-thread-1] INFO  server.RaftServerConfigKeys (ConfUtils.java:logGet(46)) - raft.server.log.async-flush.enabled = false (default)
2023-03-29 21:16:01,469 [pool-75-thread-1] INFO  server.RaftServerConfigKeys (ConfUtils.java:logGet(46)) - raft.server.log.statemachine.data.caching.enabled = true (custom)
2023-03-29 21:16:01,469 [pool-75-thread-1] INFO  segmented.SegmentedRaftLogWorker (SegmentedRaftLogWorker.java:lambda$new$0(135)) - c5f0e82b-af1b-4789-ae30-308dce149649@group-C04DF5843E0E-SegmentedRaftLogWorker: flushIndex: setUnconditionally 0 -> -1
2023-03-29 21:16:01,470 [pool-75-thread-1] INFO  segmented.SegmentedRaftLogWorker (SegmentedRaftLogWorker.java:lambda$new$0(135)) - c5f0e82b-af1b-4789-ae30-308dce149649@group-C04DF5843E0E-SegmentedRaftLogWorker: safeCacheEvictIndex: setUnconditionally 0 -> -1
2023-03-29 21:16:01,470 [pool-75-thread-1] INFO  server.RaftServer$Division (RaftServerImpl.java:start(334)) - c5f0e82b-af1b-4789-ae30-308dce149649@group-C04DF5843E0E: start as a follower, conf=-1: peers:[c5f0e82b-af1b-4789-ae30-308dce149649|rpc:10.1.0.17:34327|dataStream:10.1.0.17:39979|priority:0|startupRole:FOLLOWER, b7545b0c-a4b8-458e-a79e-332c552b3ba3|rpc:10.1.0.17:33261|dataStream:10.1.0.17:42261|priority:1|startupRole:FOLLOWER, e24e525b-11e0-482b-97ed-e0be4d88ae43|rpc:10.1.0.17:35637|dataStream:10.1.0.17:38769|priority:0|startupRole:FOLLOWER]|listeners:[], old=null
2023-03-29 21:16:01,470 [pool-75-thread-1] INFO  server.RaftServer$Division (RaftServerImpl.java:setRole(321)) - c5f0e82b-af1b-4789-ae30-308dce149649@group-C04DF5843E0E: changes role from      null to FOLLOWER at term 0 for startAsFollower
2023-03-29 21:16:01,470 [pool-75-thread-1] INFO  impl.RoleInfo (RoleInfo.java:updateAndGet(139)) - c5f0e82b-af1b-4789-ae30-308dce149649: start c5f0e82b-af1b-4789-ae30-308dce149649@group-C04DF5843E0E-FollowerState
2023-03-29 21:16:01,470 [c5f0e82b-af1b-4789-ae30-308dce149649@group-C04DF5843E0E-FollowerState] INFO  server.RaftServerConfigKeys (ConfUtils.java:logFallback(53)) - raft.server.rpc.first-election.timeout.min = 5s (fallback to raft.server.rpc.timeout.min)
2023-03-29 21:16:01,470 [pool-75-thread-1] INFO  util.JmxRegister (JmxRegister.java:tryRegister(44)) - Successfully registered JMX Bean with object name Ratis:service=RaftServer,group=group-C04DF5843E0E,id=c5f0e82b-af1b-4789-ae30-308dce149649
2023-03-29 21:16:01,472 [c5f0e82b-af1b-4789-ae30-308dce149649@group-C04DF5843E0E-FollowerState] INFO  server.RaftServerConfigKeys (ConfUtils.java:logFallback(53)) - raft.server.rpc.first-election.timeout.max = 5200ms (fallback to raft.server.rpc.timeout.max)
2023-03-29 21:16:01,472 [pool-75-thread-1] INFO  server.RaftServerConfigKeys (ConfUtils.java:logGet(46)) - raft.server.snapshot.auto.trigger.enabled = true (custom)
2023-03-29 21:16:01,472 [pool-75-thread-1] INFO  server.RaftServerConfigKeys (ConfUtils.java:logGet(46)) - raft.server.snapshot.auto.trigger.threshold = 10000 (custom)
2023-03-29 21:16:01,472 [pool-75-thread-1] INFO  server.RaftServerConfigKeys (ConfUtils.java:logGet(46)) - raft.server.snapshot.retention.file.num = 5 (custom)
2023-03-29 21:16:01,472 [pool-75-thread-1] INFO  server.RaftServerConfigKeys (ConfUtils.java:logGet(46)) - raft.server.log.purge.upto.snapshot.index = false (default)
2023-03-29 21:16:01,473 [Command processor thread] INFO  ratis.XceiverServerRatis (XceiverServerRatis.java:addGroup(806)) - Created group PipelineID=dc7c61c7-c865-4491-865c-c04df5843e0e
2023-03-29 21:16:02,021 [Command processor thread] INFO  server.RaftServer (RaftServerProxy.java:addNew(96)) - e24e525b-11e0-482b-97ed-e0be4d88ae43: addNew group-354EEF566C65:[e24e525b-11e0-482b-97ed-e0be4d88ae43|rpc:10.1.0.17:35637|dataStream:10.1.0.17:38769|priority:1|startupRole:FOLLOWER] returns group-354EEF566C65:java.util.concurrent.CompletableFuture@1c0f1a42[Not completed]
2023-03-29 21:16:02,037 [pool-97-thread-1] INFO  server.RaftServer$Division (RaftServerImpl.java:<init>(195)) - e24e525b-11e0-482b-97ed-e0be4d88ae43: new RaftServerImpl for group-354EEF566C65:[e24e525b-11e0-482b-97ed-e0be4d88ae43|rpc:10.1.0.17:35637|dataStream:10.1.0.17:38769|priority:1|startupRole:FOLLOWER] with ContainerStateMachine:uninitialized
2023-03-29 21:16:02,038 [pool-97-thread-1] INFO  server.RaftServerConfigKeys (ConfUtils.java:logGet(46)) - raft.server.rpc.timeout.min = 5s (custom)
2023-03-29 21:16:02,038 [pool-97-thread-1] INFO  server.RaftServerConfigKeys (ConfUtils.java:logGet(46)) - raft.server.rpc.timeout.max = 5200ms (custom)
2023-03-29 21:16:02,038 [pool-97-thread-1] INFO  server.RaftServerConfigKeys (ConfUtils.java:logGet(46)) - raft.server.rpc.sleep.time = 25ms (default)
2023-03-29 21:16:02,038 [pool-97-thread-1] INFO  server.RaftServerConfigKeys (ConfUtils.java:logGet(46)) - raft.server.rpc.slowness.timeout = 300s (custom)
2023-03-29 21:16:02,039 [pool-97-thread-1] INFO  server.RaftServerConfigKeys (ConfUtils.java:logGet(46)) - raft.server.leaderelection.leader.step-down.wait-time = 10s (default)
2023-03-29 21:16:02,039 [pool-97-thread-1] INFO  server.RaftServerConfigKeys (ConfUtils.java:logGet(46)) - raft.server.sleep.deviation.threshold = 300ms (default)
2023-03-29 21:16:02,039 [pool-97-thread-1] INFO  server.RaftServer$Division (ServerState.java:<init>(118)) - e24e525b-11e0-482b-97ed-e0be4d88ae43@group-354EEF566C65: ConfigurationManager, init=-1: peers:[e24e525b-11e0-482b-97ed-e0be4d88ae43|rpc:10.1.0.17:35637|dataStream:10.1.0.17:38769|priority:1|startupRole:FOLLOWER]|listeners:[], old=null, confs=<EMPTY_MAP>
2023-03-29 21:16:02,039 [pool-97-thread-1] INFO  server.RaftServerConfigKeys (ConfUtils.java:logGet(46)) - raft.server.storage.dir = [/home/runner/work/ozone/ozone/hadoop-ozone/integration-test/target/test-dir/MiniOzoneClusterImpl-5f3e6df4-6103-47e5-8e5a-b28ce86b0313/datanode-1/data/ratis] (custom)
2023-03-29 21:16:02,039 [pool-97-thread-1] INFO  server.RaftServerConfigKeys (ConfUtils.java:logGet(46)) - raft.server.log.corruption.policy = EXCEPTION (default)
2023-03-29 21:16:02,039 [pool-97-thread-1] INFO  server.RaftServerConfigKeys (ConfUtils.java:logGet(46)) - raft.server.storage.free-space.min = 0MB (=0) (default)
2023-03-29 21:16:02,041 [pool-97-thread-1] INFO  server.RaftServerConfigKeys (ConfUtils.java:logGet(46)) - raft.server.notification.no-leader.timeout = 300s (custom)
2023-03-29 21:16:02,041 [pool-97-thread-1] INFO  server.RaftServerConfigKeys (ConfUtils.java:logGet(46)) - raft.server.retrycache.expirytime = 600000ms (custom)
2023-03-29 21:16:02,042 [pool-97-thread-1] INFO  server.RaftServerConfigKeys (ConfUtils.java:logGet(46)) - raft.server.retrycache.statistics.expirytime = 100μs (default)
2023-03-29 21:16:02,051 [pool-97-thread-1] INFO  server.RaftServerConfigKeys (ConfUtils.java:logGet(46)) - raft.server.log.appender.install.snapshot.enabled = false (custom)
2023-03-29 21:16:02,051 [pool-97-thread-1] INFO  server.RaftServerConfigKeys (ConfUtils.java:logGet(46)) - raft.server.threadpool.server.cached = true (default)
2023-03-29 21:16:02,051 [pool-97-thread-1] INFO  server.RaftServerConfigKeys (ConfUtils.java:logGet(46)) - raft.server.threadpool.server.size = 0 (default)
2023-03-29 21:16:02,051 [pool-97-thread-1] INFO  server.RaftServerConfigKeys (ConfUtils.java:logGet(46)) - raft.server.threadpool.client.cached = true (default)
2023-03-29 21:16:02,051 [pool-97-thread-1] INFO  server.RaftServerConfigKeys (ConfUtils.java:logGet(46)) - raft.server.threadpool.client.size = 0 (default)
2023-03-29 21:16:02,051 [pool-97-thread-1] INFO  storage.RaftStorageDirectory (RaftStorageDirectoryImpl.java:analyzeStorage(137)) - The storage directory /home/runner/work/ozone/ozone/hadoop-ozone/integration-test/target/test-dir/MiniOzoneClusterImpl-5f3e6df4-6103-47e5-8e5a-b28ce86b0313/datanode-1/data/ratis/829bb69b-3f89-456d-b42e-354eef566c65 does not exist. Creating ...
2023-03-29 21:16:02,054 [pool-97-thread-1] INFO  storage.RaftStorageDirectory (RaftStorageDirectoryImpl.java:tryLock(231)) - Lock on /home/runner/work/ozone/ozone/hadoop-ozone/integration-test/target/test-dir/MiniOzoneClusterImpl-5f3e6df4-6103-47e5-8e5a-b28ce86b0313/datanode-1/data/ratis/829bb69b-3f89-456d-b42e-354eef566c65/in_use.lock acquired by nodename 46426@fv-az308-773
2023-03-29 21:16:02,055 [grpc-default-executor-0] INFO  server.RaftServer (RaftServerProxy.java:addNew(96)) - b7545b0c-a4b8-458e-a79e-332c552b3ba3: addNew group-C04DF5843E0E:[c5f0e82b-af1b-4789-ae30-308dce149649|rpc:10.1.0.17:34327|dataStream:10.1.0.17:39979|priority:0|startupRole:FOLLOWER, b7545b0c-a4b8-458e-a79e-332c552b3ba3|rpc:10.1.0.17:33261|dataStream:10.1.0.17:42261|priority:1|startupRole:FOLLOWER, e24e525b-11e0-482b-97ed-e0be4d88ae43|rpc:10.1.0.17:35637|dataStream:10.1.0.17:38769|priority:0|startupRole:FOLLOWER] returns group-C04DF5843E0E:java.util.concurrent.CompletableFuture@1b7d3745[Not completed]
2023-03-29 21:16:02,056 [pool-97-thread-1] INFO  storage.RaftStorage (RaftStorageImpl.java:format(96)) - Storage directory /home/runner/work/ozone/ozone/hadoop-ozone/integration-test/target/test-dir/MiniOzoneClusterImpl-5f3e6df4-6103-47e5-8e5a-b28ce86b0313/datanode-1/data/ratis/829bb69b-3f89-456d-b42e-354eef566c65 has been successfully formatted.
2023-03-29 21:16:02,058 [pool-119-thread-1] INFO  server.RaftServer$Division (RaftServerImpl.java:<init>(195)) - b7545b0c-a4b8-458e-a79e-332c552b3ba3: new RaftServerImpl for group-C04DF5843E0E:[c5f0e82b-af1b-4789-ae30-308dce149649|rpc:10.1.0.17:34327|dataStream:10.1.0.17:39979|priority:0|startupRole:FOLLOWER, b7545b0c-a4b8-458e-a79e-332c552b3ba3|rpc:10.1.0.17:33261|dataStream:10.1.0.17:42261|priority:1|startupRole:FOLLOWER, e24e525b-11e0-482b-97ed-e0be4d88ae43|rpc:10.1.0.17:35637|dataStream:10.1.0.17:38769|priority:0|startupRole:FOLLOWER] with ContainerStateMachine:uninitialized
2023-03-29 21:16:02,060 [EventQueue-PipelineReportForPipelineReportHandler] INFO  pipeline.PipelineManagerImpl (PipelineManagerImpl.java:openPipeline(367)) - Pipeline Pipeline[ Id: 829bb69b-3f89-456d-b42e-354eef566c65, Nodes: e24e525b-11e0-482b-97ed-e0be4d88ae43(fv-az308-773/10.1.0.17), ReplicationConfig: RATIS/ONE, State:ALLOCATED, leaderId:e24e525b-11e0-482b-97ed-e0be4d88ae43, CreationTimestamp2023-03-29T21:15:59.022Z[Etc/UTC]] moved to OPEN state
2023-03-29 21:16:02,057 [pool-97-thread-1] INFO  ratis.ContainerStateMachine (ContainerStateMachine.java:loadSnapshot(262)) - group-354EEF566C65: The snapshot info is null. Setting the last applied indexto:(t:0, i:~)
2023-03-29 21:16:02,061 [pool-97-thread-1] INFO  server.RaftServerConfigKeys (ConfUtils.java:logGet(46)) - raft.server.log.use.memory = false (default)
2023-03-29 21:16:02,061 [pool-97-thread-1] INFO  server.RaftServerConfigKeys (ConfUtils.java:logGet(46)) - raft.server.log.purge.gap = 1000000 (custom)
2023-03-29 21:16:02,061 [pool-97-thread-1] INFO  server.RaftServerConfigKeys (ConfUtils.java:logGet(46)) - raft.server.log.appender.buffer.byte-limit = 33554432 (custom)
2023-03-29 21:16:02,062 [pool-97-thread-1] INFO  server.RaftServerConfigKeys (ConfUtils.java:logGet(46)) - raft.server.log.statemachine.data.read.timeout = 1000ms (default)
2023-03-29 21:16:02,062 [pool-97-thread-1] INFO  server.RaftServerConfigKeys (ConfUtils.java:logGet(46)) - raft.server.log.purge.preservation.log.num = 0 (default)
2023-03-29 21:16:02,061 [EventQueue-OpenPipelineForHealthyPipelineSafeModeRule] INFO  safemode.SCMSafeModeManager (HealthyPipelineSafeModeRule.java:process(137)) - SCM in safe mode. Healthy pipelines reported count is 0, required healthy pipeline reported count is 1
2023-03-29 21:16:02,061 [pool-119-thread-1] INFO  server.RaftServerConfigKeys (ConfUtils.java:logGet(46)) - raft.server.rpc.timeout.min = 5s (custom)
2023-03-29 21:16:02,062 [pool-97-thread-1] INFO  server.RaftServerConfigKeys (ConfUtils.java:logGet(46)) - raft.server.log.segment.size.max = 1048576 (custom)
2023-03-29 21:16:02,064 [pool-97-thread-1] INFO  server.RaftServerConfigKeys (ConfUtils.java:logGet(46)) - raft.server.log.segment.cache.num.max = 2 (custom)
2023-03-29 21:16:02,064 [pool-97-thread-1] INFO  server.RaftServerConfigKeys (ConfUtils.java:logGet(46)) - raft.server.log.segment.cache.size.max = 200MB (=209715200) (default)
2023-03-29 21:16:02,064 [pool-97-thread-1] INFO  segmented.SegmentedRaftLogWorker (SegmentedRaftLogWorker.java:<init>(189)) - new e24e525b-11e0-482b-97ed-e0be4d88ae43@group-354EEF566C65-SegmentedRaftLogWorker for RaftStorageImpl:Storage Directory /home/runner/work/ozone/ozone/hadoop-ozone/integration-test/target/test-dir/MiniOzoneClusterImpl-5f3e6df4-6103-47e5-8e5a-b28ce86b0313/datanode-1/data/ratis/829bb69b-3f89-456d-b42e-354eef566c65
2023-03-29 21:16:02,064 [pool-97-thread-1] INFO  server.RaftServerConfigKeys (ConfUtils.java:logGet(46)) - raft.server.log.queue.byte-limit = 4294967296 (custom)
2023-03-29 21:16:02,064 [pool-97-thread-1] INFO  server.RaftServerConfigKeys (ConfUtils.java:logGet(46)) - raft.server.log.queue.element-limit = 1024 (custom)
2023-03-29 21:16:02,064 [pool-97-thread-1] INFO  server.RaftServerConfigKeys (ConfUtils.java:logGet(46)) - raft.server.log.segment.size.max = 1048576 (custom)
2023-03-29 21:16:02,064 [pool-97-thread-1] INFO  server.RaftServerConfigKeys (ConfUtils.java:logGet(46)) - raft.server.log.preallocated.size = 16384 (custom)
2023-03-29 21:16:02,064 [pool-97-thread-1] INFO  server.RaftServerConfigKeys (ConfUtils.java:logGet(46)) - raft.server.log.force.sync.num = 128 (default)
2023-03-29 21:16:02,064 [pool-97-thread-1] INFO  server.RaftServerConfigKeys (ConfUtils.java:logGet(46)) - raft.server.log.statemachine.data.sync = true (default)
2023-03-29 21:16:02,064 [pool-97-thread-1] INFO  server.RaftServerConfigKeys (ConfUtils.java:logGet(46)) - raft.server.log.statemachine.data.sync.timeout = 10s (default)
2023-03-29 21:16:02,064 [pool-97-thread-1] INFO  server.RaftServerConfigKeys (ConfUtils.java:logGet(46)) - raft.server.log.statemachine.data.sync.timeout.retry = -1 (default)
2023-03-29 21:16:02,065 [pool-97-thread-1] INFO  server.RaftServerConfigKeys (ConfUtils.java:logGet(46)) - raft.server.log.write.buffer.size = 1048576 (custom)
2023-03-29 21:16:02,066 [pool-97-thread-1] INFO  server.RaftServerConfigKeys (ConfUtils.java:logGet(46)) - raft.server.log.appender.buffer.byte-limit = 33554432 (custom)
2023-03-29 21:16:02,072 [pool-119-thread-1] INFO  server.RaftServerConfigKeys (ConfUtils.java:logGet(46)) - raft.server.rpc.timeout.max = 5200ms (custom)
2023-03-29 21:16:02,072 [pool-119-thread-1] INFO  server.RaftServerConfigKeys (ConfUtils.java:logGet(46)) - raft.server.rpc.sleep.time = 25ms (default)
2023-03-29 21:16:02,072 [pool-119-thread-1] INFO  server.RaftServerConfigKeys (ConfUtils.java:logGet(46)) - raft.server.rpc.slowness.timeout = 300s (custom)
2023-03-29 21:16:02,072 [pool-119-thread-1] INFO  server.RaftServerConfigKeys (ConfUtils.java:logGet(46)) - raft.server.leaderelection.leader.step-down.wait-time = 10s (default)
2023-03-29 21:16:02,072 [pool-119-thread-1] INFO  server.RaftServerConfigKeys (ConfUtils.java:logGet(46)) - raft.server.sleep.deviation.threshold = 300ms (default)
2023-03-29 21:16:02,072 [pool-119-thread-1] INFO  server.RaftServer$Division (ServerState.java:<init>(118)) - b7545b0c-a4b8-458e-a79e-332c552b3ba3@group-C04DF5843E0E: ConfigurationManager, init=-1: peers:[c5f0e82b-af1b-4789-ae30-308dce149649|rpc:10.1.0.17:34327|dataStream:10.1.0.17:39979|priority:0|startupRole:FOLLOWER, b7545b0c-a4b8-458e-a79e-332c552b3ba3|rpc:10.1.0.17:33261|dataStream:10.1.0.17:42261|priority:1|startupRole:FOLLOWER, e24e525b-11e0-482b-97ed-e0be4d88ae43|rpc:10.1.0.17:35637|dataStream:10.1.0.17:38769|priority:0|startupRole:FOLLOWER]|listeners:[], old=null, confs=<EMPTY_MAP>
2023-03-29 21:16:02,075 [pool-119-thread-1] INFO  server.RaftServerConfigKeys (ConfUtils.java:logGet(46)) - raft.server.storage.dir = [/home/runner/work/ozone/ozone/hadoop-ozone/integration-test/target/test-dir/MiniOzoneClusterImpl-5f3e6df4-6103-47e5-8e5a-b28ce86b0313/datanode-2/data/ratis] (custom)
2023-03-29 21:16:02,075 [pool-119-thread-1] INFO  server.RaftServerConfigKeys (ConfUtils.java:logGet(46)) - raft.server.log.corruption.policy = EXCEPTION (default)
2023-03-29 21:16:02,075 [pool-119-thread-1] INFO  server.RaftServerConfigKeys (ConfUtils.java:logGet(46)) - raft.server.storage.free-space.min = 0MB (=0) (default)
2023-03-29 21:16:02,076 [pool-119-thread-1] INFO  server.RaftServerConfigKeys (ConfUtils.java:logGet(46)) - raft.server.notification.no-leader.timeout = 300s (custom)
2023-03-29 21:16:02,076 [pool-119-thread-1] INFO  server.RaftServerConfigKeys (ConfUtils.java:logGet(46)) - raft.server.retrycache.expirytime = 600000ms (custom)
2023-03-29 21:16:02,076 [pool-119-thread-1] INFO  server.RaftServerConfigKeys (ConfUtils.java:logGet(46)) - raft.server.retrycache.statistics.expirytime = 100μs (default)
2023-03-29 21:16:02,077 [pool-97-thread-1] INFO  server.RaftServerConfigKeys (ConfUtils.java:logGet(46)) - raft.server.log.unsafe-flush.enabled = false (default)
2023-03-29 21:16:02,079 [pool-97-thread-1] INFO  server.RaftServerConfigKeys (ConfUtils.java:logGet(46)) - raft.server.log.async-flush.enabled = false (default)
2023-03-29 21:16:02,079 [pool-97-thread-1] INFO  server.RaftServerConfigKeys (ConfUtils.java:logGet(46)) - raft.server.log.statemachine.data.caching.enabled = true (custom)
2023-03-29 21:16:02,079 [pool-97-thread-1] INFO  segmented.SegmentedRaftLogWorker (SegmentedRaftLogWorker.java:lambda$new$0(135)) - e24e525b-11e0-482b-97ed-e0be4d88ae43@group-354EEF566C65-SegmentedRaftLogWorker: flushIndex: setUnconditionally 0 -> -1
2023-03-29 21:16:02,079 [pool-97-thread-1] INFO  segmented.SegmentedRaftLogWorker (SegmentedRaftLogWorker.java:lambda$new$0(135)) - e24e525b-11e0-482b-97ed-e0be4d88ae43@group-354EEF566C65-SegmentedRaftLogWorker: safeCacheEvictIndex: setUnconditionally 0 -> -1
2023-03-29 21:16:02,080 [pool-97-thread-1] INFO  server.RaftServer$Division (RaftServerImpl.java:start(334)) - e24e525b-11e0-482b-97ed-e0be4d88ae43@group-354EEF566C65: start as a follower, conf=-1: peers:[e24e525b-11e0-482b-97ed-e0be4d88ae43|rpc:10.1.0.17:35637|dataStream:10.1.0.17:38769|priority:1|startupRole:FOLLOWER]|listeners:[], old=null
2023-03-29 21:16:02,081 [pool-97-thread-1] INFO  server.RaftServer$Division (RaftServerImpl.java:setRole(321)) - e24e525b-11e0-482b-97ed-e0be4d88ae43@group-354EEF566C65: changes role from      null to FOLLOWER at term 0 for startAsFollower
2023-03-29 21:16:02,081 [pool-97-thread-1] INFO  impl.RoleInfo (RoleInfo.java:updateAndGet(139)) - e24e525b-11e0-482b-97ed-e0be4d88ae43: start e24e525b-11e0-482b-97ed-e0be4d88ae43@group-354EEF566C65-FollowerState
2023-03-29 21:16:02,087 [pool-119-thread-1] INFO  server.RaftServerConfigKeys (ConfUtils.java:logGet(46)) - raft.server.log.appender.install.snapshot.enabled = false (custom)
2023-03-29 21:16:02,087 [pool-119-thread-1] INFO  server.RaftServerConfigKeys (ConfUtils.java:logGet(46)) - raft.server.threadpool.server.cached = true (default)
2023-03-29 21:16:02,087 [pool-119-thread-1] INFO  server.RaftServerConfigKeys (ConfUtils.java:logGet(46)) - raft.server.threadpool.server.size = 0 (default)
2023-03-29 21:16:02,087 [pool-119-thread-1] INFO  server.RaftServerConfigKeys (ConfUtils.java:logGet(46)) - raft.server.threadpool.client.cached = true (default)
2023-03-29 21:16:02,087 [pool-119-thread-1] INFO  server.RaftServerConfigKeys (ConfUtils.java:logGet(46)) - raft.server.threadpool.client.size = 0 (default)
2023-03-29 21:16:02,088 [pool-119-thread-1] INFO  storage.RaftStorageDirectory (RaftStorageDirectoryImpl.java:analyzeStorage(137)) - The storage directory /home/runner/work/ozone/ozone/hadoop-ozone/integration-test/target/test-dir/MiniOzoneClusterImpl-5f3e6df4-6103-47e5-8e5a-b28ce86b0313/datanode-2/data/ratis/dc7c61c7-c865-4491-865c-c04df5843e0e does not exist. Creating ...
2023-03-29 21:16:02,081 [pool-97-thread-1] INFO  util.JmxRegister (JmxRegister.java:tryRegister(44)) - Successfully registered JMX Bean with object name Ratis:service=RaftServer,group=group-354EEF566C65,id=e24e525b-11e0-482b-97ed-e0be4d88ae43
2023-03-29 21:16:02,088 [pool-97-thread-1] INFO  server.RaftServerConfigKeys (ConfUtils.java:logGet(46)) - raft.server.snapshot.auto.trigger.enabled = true (custom)
2023-03-29 21:16:02,088 [pool-97-thread-1] INFO  server.RaftServerConfigKeys (ConfUtils.java:logGet(46)) - raft.server.snapshot.auto.trigger.threshold = 10000 (custom)
2023-03-29 21:16:02,088 [pool-97-thread-1] INFO  server.RaftServerConfigKeys (ConfUtils.java:logGet(46)) - raft.server.snapshot.retention.file.num = 5 (custom)
2023-03-29 21:16:02,088 [pool-97-thread-1] INFO  server.RaftServerConfigKeys (ConfUtils.java:logGet(46)) - raft.server.log.purge.upto.snapshot.index = false (default)
2023-03-29 21:16:02,090 [Command processor thread] INFO  ratis.XceiverServerRatis (XceiverServerRatis.java:addGroup(806)) - Created group PipelineID=829bb69b-3f89-456d-b42e-354eef566c65
2023-03-29 21:16:02,090 [pool-119-thread-1] INFO  storage.RaftStorageDirectory (RaftStorageDirectoryImpl.java:tryLock(231)) - Lock on /home/runner/work/ozone/ozone/hadoop-ozone/integration-test/target/test-dir/MiniOzoneClusterImpl-5f3e6df4-6103-47e5-8e5a-b28ce86b0313/datanode-2/data/ratis/dc7c61c7-c865-4491-865c-c04df5843e0e/in_use.lock acquired by nodename 46426@fv-az308-773
2023-03-29 21:16:02,092 [pool-119-thread-1] INFO  storage.RaftStorage (RaftStorageImpl.java:format(96)) - Storage directory /home/runner/work/ozone/ozone/hadoop-ozone/integration-test/target/test-dir/MiniOzoneClusterImpl-5f3e6df4-6103-47e5-8e5a-b28ce86b0313/datanode-2/data/ratis/dc7c61c7-c865-4491-865c-c04df5843e0e has been successfully formatted.
2023-03-29 21:16:02,092 [pool-119-thread-1] INFO  ratis.ContainerStateMachine (ContainerStateMachine.java:loadSnapshot(262)) - group-C04DF5843E0E: The snapshot info is null. Setting the last applied indexto:(t:0, i:~)
2023-03-29 21:16:02,092 [pool-119-thread-1] INFO  server.RaftServerConfigKeys (ConfUtils.java:logGet(46)) - raft.server.log.use.memory = false (default)
2023-03-29 21:16:02,092 [pool-119-thread-1] INFO  server.RaftServerConfigKeys (ConfUtils.java:logGet(46)) - raft.server.log.purge.gap = 1000000 (custom)
2023-03-29 21:16:02,092 [pool-119-thread-1] INFO  server.RaftServerConfigKeys (ConfUtils.java:logGet(46)) - raft.server.log.appender.buffer.byte-limit = 33554432 (custom)
2023-03-29 21:16:02,092 [pool-119-thread-1] INFO  server.RaftServerConfigKeys (ConfUtils.java:logGet(46)) - raft.server.log.statemachine.data.read.timeout = 1000ms (default)
2023-03-29 21:16:02,092 [pool-119-thread-1] INFO  server.RaftServerConfigKeys (ConfUtils.java:logGet(46)) - raft.server.log.purge.preservation.log.num = 0 (default)
2023-03-29 21:16:02,093 [pool-119-thread-1] INFO  server.RaftServerConfigKeys (ConfUtils.java:logGet(46)) - raft.server.log.segment.size.max = 1048576 (custom)
2023-03-29 21:16:02,093 [pool-119-thread-1] INFO  server.RaftServerConfigKeys (ConfUtils.java:logGet(46)) - raft.server.log.segment.cache.num.max = 2 (custom)
2023-03-29 21:16:02,093 [pool-119-thread-1] INFO  server.RaftServerConfigKeys (ConfUtils.java:logGet(46)) - raft.server.log.segment.cache.size.max = 200MB (=209715200) (default)
2023-03-29 21:16:02,093 [pool-119-thread-1] INFO  segmented.SegmentedRaftLogWorker (SegmentedRaftLogWorker.java:<init>(189)) - new b7545b0c-a4b8-458e-a79e-332c552b3ba3@group-C04DF5843E0E-SegmentedRaftLogWorker for RaftStorageImpl:Storage Directory /home/runner/work/ozone/ozone/hadoop-ozone/integration-test/target/test-dir/MiniOzoneClusterImpl-5f3e6df4-6103-47e5-8e5a-b28ce86b0313/datanode-2/data/ratis/dc7c61c7-c865-4491-865c-c04df5843e0e
2023-03-29 21:16:02,094 [pool-119-thread-1] INFO  server.RaftServerConfigKeys (ConfUtils.java:logGet(46)) - raft.server.log.queue.byte-limit = 4294967296 (custom)
2023-03-29 21:16:02,094 [pool-119-thread-1] INFO  server.RaftServerConfigKeys (ConfUtils.java:logGet(46)) - raft.server.log.queue.element-limit = 1024 (custom)
2023-03-29 21:16:02,095 [pool-119-thread-1] INFO  server.RaftServerConfigKeys (ConfUtils.java:logGet(46)) - raft.server.log.segment.size.max = 1048576 (custom)
2023-03-29 21:16:02,095 [pool-119-thread-1] INFO  server.RaftServerConfigKeys (ConfUtils.java:logGet(46)) - raft.server.log.preallocated.size = 16384 (custom)
2023-03-29 21:16:02,095 [pool-119-thread-1] INFO  server.RaftServerConfigKeys (ConfUtils.java:logGet(46)) - raft.server.log.force.sync.num = 128 (default)
2023-03-29 21:16:02,095 [pool-119-thread-1] INFO  server.RaftServerConfigKeys (ConfUtils.java:logGet(46)) - raft.server.log.statemachine.data.sync = true (default)
2023-03-29 21:16:02,095 [pool-119-thread-1] INFO  server.RaftServerConfigKeys (ConfUtils.java:logGet(46)) - raft.server.log.statemachine.data.sync.timeout = 10s (default)
2023-03-29 21:16:02,095 [pool-119-thread-1] INFO  server.RaftServerConfigKeys (ConfUtils.java:logGet(46)) - raft.server.log.statemachine.data.sync.timeout.retry = -1 (default)
2023-03-29 21:16:02,096 [pool-119-thread-1] INFO  server.RaftServerConfigKeys (ConfUtils.java:logGet(46)) - raft.server.log.write.buffer.size = 1048576 (custom)
2023-03-29 21:16:02,097 [pool-119-thread-1] INFO  server.RaftServerConfigKeys (ConfUtils.java:logGet(46)) - raft.server.log.appender.buffer.byte-limit = 33554432 (custom)
2023-03-29 21:16:02,098 [e24e525b-11e0-482b-97ed-e0be4d88ae43@group-354EEF566C65-FollowerState] INFO  server.RaftServerConfigKeys (ConfUtils.java:logFallback(53)) - raft.server.rpc.first-election.timeout.min = 5s (fallback to raft.server.rpc.timeout.min)
2023-03-29 21:16:02,098 [e24e525b-11e0-482b-97ed-e0be4d88ae43@group-354EEF566C65-FollowerState] INFO  server.RaftServerConfigKeys (ConfUtils.java:logFallback(53)) - raft.server.rpc.first-election.timeout.max = 5200ms (fallback to raft.server.rpc.timeout.max)
2023-03-29 21:16:02,090 [Command processor thread] INFO  commandhandler.CreatePipelineCommandHandler (CreatePipelineCommandHandler.java:handle(113)) - Created Pipeline RATIS ONE PipelineID=829bb69b-3f89-456d-b42e-354eef566c65.
2023-03-29 21:16:02,103 [Command processor thread] INFO  server.RaftServer (RaftServerProxy.java:addNew(96)) - e24e525b-11e0-482b-97ed-e0be4d88ae43: addNew group-C04DF5843E0E:[c5f0e82b-af1b-4789-ae30-308dce149649|rpc:10.1.0.17:34327|dataStream:10.1.0.17:39979|priority:0|startupRole:FOLLOWER, b7545b0c-a4b8-458e-a79e-332c552b3ba3|rpc:10.1.0.17:33261|dataStream:10.1.0.17:42261|priority:1|startupRole:FOLLOWER, e24e525b-11e0-482b-97ed-e0be4d88ae43|rpc:10.1.0.17:35637|dataStream:10.1.0.17:38769|priority:0|startupRole:FOLLOWER] returns group-C04DF5843E0E:java.util.concurrent.CompletableFuture@18308d1b[Not completed]
2023-03-29 21:16:02,104 [pool-97-thread-1] INFO  server.RaftServer$Division (RaftServerImpl.java:<init>(195)) - e24e525b-11e0-482b-97ed-e0be4d88ae43: new RaftServerImpl for group-C04DF5843E0E:[c5f0e82b-af1b-4789-ae30-308dce149649|rpc:10.1.0.17:34327|dataStream:10.1.0.17:39979|priority:0|startupRole:FOLLOWER, b7545b0c-a4b8-458e-a79e-332c552b3ba3|rpc:10.1.0.17:33261|dataStream:10.1.0.17:42261|priority:1|startupRole:FOLLOWER, e24e525b-11e0-482b-97ed-e0be4d88ae43|rpc:10.1.0.17:35637|dataStream:10.1.0.17:38769|priority:0|startupRole:FOLLOWER] with ContainerStateMachine:uninitialized
2023-03-29 21:16:02,104 [pool-97-thread-1] INFO  server.RaftServerConfigKeys (ConfUtils.java:logGet(46)) - raft.server.rpc.timeout.min = 5s (custom)
2023-03-29 21:16:02,104 [pool-97-thread-1] INFO  server.RaftServerConfigKeys (ConfUtils.java:logGet(46)) - raft.server.rpc.timeout.max = 5200ms (custom)
2023-03-29 21:16:02,104 [pool-97-thread-1] INFO  server.RaftServerConfigKeys (ConfUtils.java:logGet(46)) - raft.server.rpc.sleep.time = 25ms (default)
2023-03-29 21:16:02,104 [pool-97-thread-1] INFO  server.RaftServerConfigKeys (ConfUtils.java:logGet(46)) - raft.server.rpc.slowness.timeout = 300s (custom)
2023-03-29 21:16:02,104 [pool-97-thread-1] INFO  server.RaftServerConfigKeys (ConfUtils.java:logGet(46)) - raft.server.leaderelection.leader.step-down.wait-time = 10s (default)
2023-03-29 21:16:02,104 [pool-97-thread-1] INFO  server.RaftServerConfigKeys (ConfUtils.java:logGet(46)) - raft.server.sleep.deviation.threshold = 300ms (default)
2023-03-29 21:16:02,104 [pool-97-thread-1] INFO  server.RaftServer$Division (ServerState.java:<init>(118)) - e24e525b-11e0-482b-97ed-e0be4d88ae43@group-C04DF5843E0E: ConfigurationManager, init=-1: peers:[c5f0e82b-af1b-4789-ae30-308dce149649|rpc:10.1.0.17:34327|dataStream:10.1.0.17:39979|priority:0|startupRole:FOLLOWER, b7545b0c-a4b8-458e-a79e-332c552b3ba3|rpc:10.1.0.17:33261|dataStream:10.1.0.17:42261|priority:1|startupRole:FOLLOWER, e24e525b-11e0-482b-97ed-e0be4d88ae43|rpc:10.1.0.17:35637|dataStream:10.1.0.17:38769|priority:0|startupRole:FOLLOWER]|listeners:[], old=null, confs=<EMPTY_MAP>
2023-03-29 21:16:02,104 [pool-97-thread-1] INFO  server.RaftServerConfigKeys (ConfUtils.java:logGet(46)) - raft.server.storage.dir = [/home/runner/work/ozone/ozone/hadoop-ozone/integration-test/target/test-dir/MiniOzoneClusterImpl-5f3e6df4-6103-47e5-8e5a-b28ce86b0313/datanode-1/data/ratis] (custom)
2023-03-29 21:16:02,105 [pool-97-thread-1] INFO  server.RaftServerConfigKeys (ConfUtils.java:logGet(46)) - raft.server.log.corruption.policy = EXCEPTION (default)
2023-03-29 21:16:02,105 [pool-97-thread-1] INFO  server.RaftServerConfigKeys (ConfUtils.java:logGet(46)) - raft.server.storage.free-space.min = 0MB (=0) (default)
2023-03-29 21:16:02,105 [pool-97-thread-1] INFO  server.RaftServerConfigKeys (ConfUtils.java:logGet(46)) - raft.server.notification.no-leader.timeout = 300s (custom)
2023-03-29 21:16:02,105 [pool-97-thread-1] INFO  server.RaftServerConfigKeys (ConfUtils.java:logGet(46)) - raft.server.retrycache.expirytime = 600000ms (custom)
2023-03-29 21:16:02,105 [pool-97-thread-1] INFO  server.RaftServerConfigKeys (ConfUtils.java:logGet(46)) - raft.server.retrycache.statistics.expirytime = 100μs (default)
2023-03-29 21:16:02,106 [pool-97-thread-1] INFO  server.RaftServerConfigKeys (ConfUtils.java:logGet(46)) - raft.server.log.appender.install.snapshot.enabled = false (custom)
2023-03-29 21:16:02,106 [pool-97-thread-1] INFO  server.RaftServerConfigKeys (ConfUtils.java:logGet(46)) - raft.server.threadpool.server.cached = true (default)
2023-03-29 21:16:02,106 [pool-97-thread-1] INFO  server.RaftServerConfigKeys (ConfUtils.java:logGet(46)) - raft.server.threadpool.server.size = 0 (default)
2023-03-29 21:16:02,106 [pool-97-thread-1] INFO  server.RaftServerConfigKeys (ConfUtils.java:logGet(46)) - raft.server.threadpool.client.cached = true (default)
2023-03-29 21:16:02,107 [pool-97-thread-1] INFO  server.RaftServerConfigKeys (ConfUtils.java:logGet(46)) - raft.server.threadpool.client.size = 0 (default)
2023-03-29 21:16:02,107 [pool-97-thread-1] INFO  storage.RaftStorageDirectory (RaftStorageDirectoryImpl.java:analyzeStorage(137)) - The storage directory /home/runner/work/ozone/ozone/hadoop-ozone/integration-test/target/test-dir/MiniOzoneClusterImpl-5f3e6df4-6103-47e5-8e5a-b28ce86b0313/datanode-1/data/ratis/dc7c61c7-c865-4491-865c-c04df5843e0e does not exist. Creating ...
2023-03-29 21:16:02,107 [pool-97-thread-1] INFO  storage.RaftStorageDirectory (RaftStorageDirectoryImpl.java:tryLock(231)) - Lock on /home/runner/work/ozone/ozone/hadoop-ozone/integration-test/target/test-dir/MiniOzoneClusterImpl-5f3e6df4-6103-47e5-8e5a-b28ce86b0313/datanode-1/data/ratis/dc7c61c7-c865-4491-865c-c04df5843e0e/in_use.lock acquired by nodename 46426@fv-az308-773
2023-03-29 21:16:02,108 [pool-97-thread-1] INFO  storage.RaftStorage (RaftStorageImpl.java:format(96)) - Storage directory /home/runner/work/ozone/ozone/hadoop-ozone/integration-test/target/test-dir/MiniOzoneClusterImpl-5f3e6df4-6103-47e5-8e5a-b28ce86b0313/datanode-1/data/ratis/dc7c61c7-c865-4491-865c-c04df5843e0e has been successfully formatted.
2023-03-29 21:16:02,110 [pool-97-thread-1] INFO  ratis.ContainerStateMachine (ContainerStateMachine.java:loadSnapshot(262)) - group-C04DF5843E0E: The snapshot info is null. Setting the last applied indexto:(t:0, i:~)
2023-03-29 21:16:02,110 [pool-97-thread-1] INFO  server.RaftServerConfigKeys (ConfUtils.java:logGet(46)) - raft.server.log.use.memory = false (default)
2023-03-29 21:16:02,110 [pool-97-thread-1] INFO  server.RaftServerConfigKeys (ConfUtils.java:logGet(46)) - raft.server.log.purge.gap = 1000000 (custom)
2023-03-29 21:16:02,110 [pool-97-thread-1] INFO  server.RaftServerConfigKeys (ConfUtils.java:logGet(46)) - raft.server.log.appender.buffer.byte-limit = 33554432 (custom)
2023-03-29 21:16:02,110 [pool-97-thread-1] INFO  server.RaftServerConfigKeys (ConfUtils.java:logGet(46)) - raft.server.log.statemachine.data.read.timeout = 1000ms (default)
2023-03-29 21:16:02,110 [pool-97-thread-1] INFO  server.RaftServerConfigKeys (ConfUtils.java:logGet(46)) - raft.server.log.purge.preservation.log.num = 0 (default)
2023-03-29 21:16:02,110 [pool-97-thread-1] INFO  server.RaftServerConfigKeys (ConfUtils.java:logGet(46)) - raft.server.log.segment.size.max = 1048576 (custom)
2023-03-29 21:16:02,110 [EventQueue-OpenPipelineForHealthyPipelineSafeModeRule] INFO  safemode.SCMSafeModeManager (HealthyPipelineSafeModeRule.java:process(137)) - SCM in safe mode. Healthy pipelines reported count is 0, required healthy pipeline reported count is 1
2023-03-29 21:16:02,114 [pool-97-thread-1] INFO  server.RaftServerConfigKeys (ConfUtils.java:logGet(46)) - raft.server.log.segment.cache.num.max = 2 (custom)
2023-03-29 21:16:02,114 [pool-97-thread-1] INFO  server.RaftServerConfigKeys (ConfUtils.java:logGet(46)) - raft.server.log.segment.cache.size.max = 200MB (=209715200) (default)
2023-03-29 21:16:02,114 [pool-97-thread-1] INFO  segmented.SegmentedRaftLogWorker (SegmentedRaftLogWorker.java:<init>(189)) - new e24e525b-11e0-482b-97ed-e0be4d88ae43@group-C04DF5843E0E-SegmentedRaftLogWorker for RaftStorageImpl:Storage Directory /home/runner/work/ozone/ozone/hadoop-ozone/integration-test/target/test-dir/MiniOzoneClusterImpl-5f3e6df4-6103-47e5-8e5a-b28ce86b0313/datanode-1/data/ratis/dc7c61c7-c865-4491-865c-c04df5843e0e
2023-03-29 21:16:02,114 [pool-97-thread-1] INFO  server.RaftServerConfigKeys (ConfUtils.java:logGet(46)) - raft.server.log.queue.byte-limit = 4294967296 (custom)
2023-03-29 21:16:02,114 [pool-97-thread-1] INFO  server.RaftServerConfigKeys (ConfUtils.java:logGet(46)) - raft.server.log.queue.element-limit = 1024 (custom)
2023-03-29 21:16:02,114 [pool-97-thread-1] INFO  server.RaftServerConfigKeys (ConfUtils.java:logGet(46)) - raft.server.log.segment.size.max = 1048576 (custom)
2023-03-29 21:16:02,114 [pool-97-thread-1] INFO  server.RaftServerConfigKeys (ConfUtils.java:logGet(46)) - raft.server.log.preallocated.size = 16384 (custom)
2023-03-29 21:16:02,114 [pool-97-thread-1] INFO  server.RaftServerConfigKeys (ConfUtils.java:logGet(46)) - raft.server.log.force.sync.num = 128 (default)
2023-03-29 21:16:02,114 [pool-97-thread-1] INFO  server.RaftServerConfigKeys (ConfUtils.java:logGet(46)) - raft.server.log.statemachine.data.sync = true (default)
2023-03-29 21:16:02,114 [pool-97-thread-1] INFO  server.RaftServerConfigKeys (ConfUtils.java:logGet(46)) - raft.server.log.statemachine.data.sync.timeout = 10s (default)
2023-03-29 21:16:02,114 [pool-97-thread-1] INFO  server.RaftServerConfigKeys (ConfUtils.java:logGet(46)) - raft.server.log.statemachine.data.sync.timeout.retry = -1 (default)
2023-03-29 21:16:02,115 [pool-97-thread-1] INFO  server.RaftServerConfigKeys (ConfUtils.java:logGet(46)) - raft.server.log.write.buffer.size = 1048576 (custom)
2023-03-29 21:16:02,115 [pool-119-thread-1] INFO  server.RaftServerConfigKeys (ConfUtils.java:logGet(46)) - raft.server.log.unsafe-flush.enabled = false (default)
2023-03-29 21:16:02,115 [pool-119-thread-1] INFO  server.RaftServerConfigKeys (ConfUtils.java:logGet(46)) - raft.server.log.async-flush.enabled = false (default)
2023-03-29 21:16:02,115 [pool-119-thread-1] INFO  server.RaftServerConfigKeys (ConfUtils.java:logGet(46)) - raft.server.log.statemachine.data.caching.enabled = true (custom)
2023-03-29 21:16:02,116 [pool-97-thread-1] INFO  server.RaftServerConfigKeys (ConfUtils.java:logGet(46)) - raft.server.log.appender.buffer.byte-limit = 33554432 (custom)
2023-03-29 21:16:02,117 [pool-119-thread-1] INFO  segmented.SegmentedRaftLogWorker (SegmentedRaftLogWorker.java:lambda$new$0(135)) - b7545b0c-a4b8-458e-a79e-332c552b3ba3@group-C04DF5843E0E-SegmentedRaftLogWorker: flushIndex: setUnconditionally 0 -> -1
2023-03-29 21:16:02,117 [pool-119-thread-1] INFO  segmented.SegmentedRaftLogWorker (SegmentedRaftLogWorker.java:lambda$new$0(135)) - b7545b0c-a4b8-458e-a79e-332c552b3ba3@group-C04DF5843E0E-SegmentedRaftLogWorker: safeCacheEvictIndex: setUnconditionally 0 -> -1
2023-03-29 21:16:02,120 [pool-97-thread-1] INFO  server.RaftServerConfigKeys (ConfUtils.java:logGet(46)) - raft.server.log.unsafe-flush.enabled = false (default)
2023-03-29 21:16:02,121 [pool-97-thread-1] INFO  server.RaftServerConfigKeys (ConfUtils.java:logGet(46)) - raft.server.log.async-flush.enabled = false (default)
2023-03-29 21:16:02,121 [pool-97-thread-1] INFO  server.RaftServerConfigKeys (ConfUtils.java:logGet(46)) - raft.server.log.statemachine.data.caching.enabled = true (custom)
2023-03-29 21:16:02,121 [pool-97-thread-1] INFO  segmented.SegmentedRaftLogWorker (SegmentedRaftLogWorker.java:lambda$new$0(135)) - e24e525b-11e0-482b-97ed-e0be4d88ae43@group-C04DF5843E0E-SegmentedRaftLogWorker: flushIndex: setUnconditionally 0 -> -1
2023-03-29 21:16:02,121 [pool-97-thread-1] INFO  segmented.SegmentedRaftLogWorker (SegmentedRaftLogWorker.java:lambda$new$0(135)) - e24e525b-11e0-482b-97ed-e0be4d88ae43@group-C04DF5843E0E-SegmentedRaftLogWorker: safeCacheEvictIndex: setUnconditionally 0 -> -1
2023-03-29 21:16:02,125 [pool-119-thread-1] INFO  server.RaftServer$Division (RaftServerImpl.java:start(334)) - b7545b0c-a4b8-458e-a79e-332c552b3ba3@group-C04DF5843E0E: start as a follower, conf=-1: peers:[c5f0e82b-af1b-4789-ae30-308dce149649|rpc:10.1.0.17:34327|dataStream:10.1.0.17:39979|priority:0|startupRole:FOLLOWER, b7545b0c-a4b8-458e-a79e-332c552b3ba3|rpc:10.1.0.17:33261|dataStream:10.1.0.17:42261|priority:1|startupRole:FOLLOWER, e24e525b-11e0-482b-97ed-e0be4d88ae43|rpc:10.1.0.17:35637|dataStream:10.1.0.17:38769|priority:0|startupRole:FOLLOWER]|listeners:[], old=null
2023-03-29 21:16:02,125 [pool-119-thread-1] INFO  server.RaftServer$Division (RaftServerImpl.java:setRole(321)) - b7545b0c-a4b8-458e-a79e-332c552b3ba3@group-C04DF5843E0E: changes role from      null to FOLLOWER at term 0 for startAsFollower
2023-03-29 21:16:02,125 [pool-119-thread-1] INFO  impl.RoleInfo (RoleInfo.java:updateAndGet(139)) - b7545b0c-a4b8-458e-a79e-332c552b3ba3: start b7545b0c-a4b8-458e-a79e-332c552b3ba3@group-C04DF5843E0E-FollowerState
2023-03-29 21:16:02,128 [pool-119-thread-1] INFO  util.JmxRegister (JmxRegister.java:tryRegister(44)) - Successfully registered JMX Bean with object name Ratis:service=RaftServer,group=group-C04DF5843E0E,id=b7545b0c-a4b8-458e-a79e-332c552b3ba3
2023-03-29 21:16:02,129 [pool-119-thread-1] INFO  server.RaftServerConfigKeys (ConfUtils.java:logGet(46)) - raft.server.snapshot.auto.trigger.enabled = true (custom)
2023-03-29 21:16:02,129 [pool-119-thread-1] INFO  server.RaftServerConfigKeys (ConfUtils.java:logGet(46)) - raft.server.snapshot.auto.trigger.threshold = 10000 (custom)
2023-03-29 21:16:02,129 [pool-119-thread-1] INFO  server.RaftServerConfigKeys (ConfUtils.java:logGet(46)) - raft.server.snapshot.retention.file.num = 5 (custom)
2023-03-29 21:16:02,129 [pool-119-thread-1] INFO  server.RaftServerConfigKeys (ConfUtils.java:logGet(46)) - raft.server.log.purge.upto.snapshot.index = false (default)
2023-03-29 21:16:02,129 [b7545b0c-a4b8-458e-a79e-332c552b3ba3@group-C04DF5843E0E-FollowerState] INFO  server.RaftServerConfigKeys (ConfUtils.java:logFallback(53)) - raft.server.rpc.first-election.timeout.min = 5s (fallback to raft.server.rpc.timeout.min)
2023-03-29 21:16:02,137 [pool-97-thread-1] INFO  server.RaftServer$Division (RaftServerImpl.java:start(334)) - e24e525b-11e0-482b-97ed-e0be4d88ae43@group-C04DF5843E0E: start as a follower, conf=-1: peers:[c5f0e82b-af1b-4789-ae30-308dce149649|rpc:10.1.0.17:34327|dataStream:10.1.0.17:39979|priority:0|startupRole:FOLLOWER, b7545b0c-a4b8-458e-a79e-332c552b3ba3|rpc:10.1.0.17:33261|dataStream:10.1.0.17:42261|priority:1|startupRole:FOLLOWER, e24e525b-11e0-482b-97ed-e0be4d88ae43|rpc:10.1.0.17:35637|dataStream:10.1.0.17:38769|priority:0|startupRole:FOLLOWER]|listeners:[], old=null
2023-03-29 21:16:02,137 [b7545b0c-a4b8-458e-a79e-332c552b3ba3@group-C04DF5843E0E-FollowerState] INFO  server.RaftServerConfigKeys (ConfUtils.java:logFallback(53)) - raft.server.rpc.first-election.timeout.max = 5200ms (fallback to raft.server.rpc.timeout.max)
2023-03-29 21:16:02,137 [pool-97-thread-1] INFO  server.RaftServer$Division (RaftServerImpl.java:setRole(321)) - e24e525b-11e0-482b-97ed-e0be4d88ae43@group-C04DF5843E0E: changes role from      null to FOLLOWER at term 0 for startAsFollower
2023-03-29 21:16:02,149 [pool-97-thread-1] INFO  impl.RoleInfo (RoleInfo.java:updateAndGet(139)) - e24e525b-11e0-482b-97ed-e0be4d88ae43: start e24e525b-11e0-482b-97ed-e0be4d88ae43@group-C04DF5843E0E-FollowerState
2023-03-29 21:16:02,154 [pool-97-thread-1] INFO  util.JmxRegister (JmxRegister.java:tryRegister(44)) - Successfully registered JMX Bean with object name Ratis:service=RaftServer,group=group-C04DF5843E0E,id=e24e525b-11e0-482b-97ed-e0be4d88ae43
2023-03-29 21:16:02,154 [pool-97-thread-1] INFO  server.RaftServerConfigKeys (ConfUtils.java:logGet(46)) - raft.server.snapshot.auto.trigger.enabled = true (custom)
2023-03-29 21:16:02,154 [pool-97-thread-1] INFO  server.RaftServerConfigKeys (ConfUtils.java:logGet(46)) - raft.server.snapshot.auto.trigger.threshold = 10000 (custom)
2023-03-29 21:16:02,154 [pool-97-thread-1] INFO  server.RaftServerConfigKeys (ConfUtils.java:logGet(46)) - raft.server.snapshot.retention.file.num = 5 (custom)
2023-03-29 21:16:02,154 [pool-97-thread-1] INFO  server.RaftServerConfigKeys (ConfUtils.java:logGet(46)) - raft.server.log.purge.upto.snapshot.index = false (default)
2023-03-29 21:16:02,155 [e24e525b-11e0-482b-97ed-e0be4d88ae43@group-C04DF5843E0E-FollowerState] INFO  server.RaftServerConfigKeys (ConfUtils.java:logFallback(53)) - raft.server.rpc.first-election.timeout.min = 5s (fallback to raft.server.rpc.timeout.min)
2023-03-29 21:16:02,155 [e24e525b-11e0-482b-97ed-e0be4d88ae43@group-C04DF5843E0E-FollowerState] INFO  server.RaftServerConfigKeys (ConfUtils.java:logFallback(53)) - raft.server.rpc.first-election.timeout.max = 5200ms (fallback to raft.server.rpc.timeout.max)
2023-03-29 21:16:02,162 [Command processor thread] INFO  ratis.XceiverServerRatis (XceiverServerRatis.java:addGroup(806)) - Created group PipelineID=dc7c61c7-c865-4491-865c-c04df5843e0e
2023-03-29 21:16:02,291 [Command processor thread] INFO  commandhandler.CreatePipelineCommandHandler (CreatePipelineCommandHandler.java:handle(113)) - Created Pipeline RATIS THREE PipelineID=dc7c61c7-c865-4491-865c-c04df5843e0e.
2023-03-29 21:16:02,293 [pool-75-thread-1] INFO  server.RaftServer$Division (RaftServerImpl.java:<init>(195)) - c5f0e82b-af1b-4789-ae30-308dce149649: new RaftServerImpl for group-36DC58DA704C:[c5f0e82b-af1b-4789-ae30-308dce149649|rpc:10.1.0.17:34327|dataStream:10.1.0.17:39979|priority:0|startupRole:FOLLOWER, b7545b0c-a4b8-458e-a79e-332c552b3ba3|rpc:10.1.0.17:33261|dataStream:10.1.0.17:42261|priority:0|startupRole:FOLLOWER, e24e525b-11e0-482b-97ed-e0be4d88ae43|rpc:10.1.0.17:35637|dataStream:10.1.0.17:38769|priority:1|startupRole:FOLLOWER] with ContainerStateMachine:uninitialized
2023-03-29 21:16:02,293 [pool-75-thread-1] INFO  server.RaftServerConfigKeys (ConfUtils.java:logGet(46)) - raft.server.rpc.timeout.min = 5s (custom)
2023-03-29 21:16:02,293 [pool-75-thread-1] INFO  server.RaftServerConfigKeys (ConfUtils.java:logGet(46)) - raft.server.rpc.timeout.max = 5200ms (custom)
2023-03-29 21:16:02,293 [pool-75-thread-1] INFO  server.RaftServerConfigKeys (ConfUtils.java:logGet(46)) - raft.server.rpc.sleep.time = 25ms (default)
2023-03-29 21:16:02,293 [pool-75-thread-1] INFO  server.RaftServerConfigKeys (ConfUtils.java:logGet(46)) - raft.server.rpc.slowness.timeout = 300s (custom)
2023-03-29 21:16:02,293 [pool-75-thread-1] INFO  server.RaftServerConfigKeys (ConfUtils.java:logGet(46)) - raft.server.leaderelection.leader.step-down.wait-time = 10s (default)
2023-03-29 21:16:02,293 [pool-75-thread-1] INFO  server.RaftServerConfigKeys (ConfUtils.java:logGet(46)) - raft.server.sleep.deviation.threshold = 300ms (default)
2023-03-29 21:16:02,293 [pool-75-thread-1] INFO  server.RaftServer$Division (ServerState.java:<init>(118)) - c5f0e82b-af1b-4789-ae30-308dce149649@group-36DC58DA704C: ConfigurationManager, init=-1: peers:[c5f0e82b-af1b-4789-ae30-308dce149649|rpc:10.1.0.17:34327|dataStream:10.1.0.17:39979|priority:0|startupRole:FOLLOWER, b7545b0c-a4b8-458e-a79e-332c552b3ba3|rpc:10.1.0.17:33261|dataStream:10.1.0.17:42261|priority:0|startupRole:FOLLOWER, e24e525b-11e0-482b-97ed-e0be4d88ae43|rpc:10.1.0.17:35637|dataStream:10.1.0.17:38769|priority:1|startupRole:FOLLOWER]|listeners:[], old=null, confs=<EMPTY_MAP>
2023-03-29 21:16:02,293 [pool-75-thread-1] INFO  server.RaftServerConfigKeys (ConfUtils.java:logGet(46)) - raft.server.storage.dir = [/home/runner/work/ozone/ozone/hadoop-ozone/integration-test/target/test-dir/MiniOzoneClusterImpl-5f3e6df4-6103-47e5-8e5a-b28ce86b0313/datanode-0/data/ratis] (custom)
2023-03-29 21:16:02,294 [pool-75-thread-1] INFO  server.RaftServerConfigKeys (ConfUtils.java:logGet(46)) - raft.server.log.corruption.policy = EXCEPTION (default)
2023-03-29 21:16:02,294 [pool-75-thread-1] INFO  server.RaftServerConfigKeys (ConfUtils.java:logGet(46)) - raft.server.storage.free-space.min = 0MB (=0) (default)
2023-03-29 21:16:02,294 [pool-75-thread-1] INFO  server.RaftServerConfigKeys (ConfUtils.java:logGet(46)) - raft.server.notification.no-leader.timeout = 300s (custom)
2023-03-29 21:16:02,294 [pool-75-thread-1] INFO  server.RaftServerConfigKeys (ConfUtils.java:logGet(46)) - raft.server.retrycache.expirytime = 600000ms (custom)
2023-03-29 21:16:02,294 [pool-75-thread-1] INFO  server.RaftServerConfigKeys (ConfUtils.java:logGet(46)) - raft.server.retrycache.statistics.expirytime = 100μs (default)
2023-03-29 21:16:02,296 [pool-75-thread-1] INFO  server.RaftServerConfigKeys (ConfUtils.java:logGet(46)) - raft.server.log.appender.install.snapshot.enabled = false (custom)
2023-03-29 21:16:02,297 [pool-75-thread-1] INFO  server.RaftServerConfigKeys (ConfUtils.java:logGet(46)) - raft.server.threadpool.server.cached = true (default)
2023-03-29 21:16:02,297 [pool-75-thread-1] INFO  server.RaftServerConfigKeys (ConfUtils.java:logGet(46)) - raft.server.threadpool.server.size = 0 (default)
2023-03-29 21:16:02,297 [pool-75-thread-1] INFO  server.RaftServerConfigKeys (ConfUtils.java:logGet(46)) - raft.server.threadpool.client.cached = true (default)
2023-03-29 21:16:02,297 [pool-75-thread-1] INFO  server.RaftServerConfigKeys (ConfUtils.java:logGet(46)) - raft.server.threadpool.client.size = 0 (default)
2023-03-29 21:16:02,297 [Command processor thread] INFO  server.RaftServer (RaftServerProxy.java:addNew(96)) - c5f0e82b-af1b-4789-ae30-308dce149649: addNew group-36DC58DA704C:[c5f0e82b-af1b-4789-ae30-308dce149649|rpc:10.1.0.17:34327|dataStream:10.1.0.17:39979|priority:0|startupRole:FOLLOWER, b7545b0c-a4b8-458e-a79e-332c552b3ba3|rpc:10.1.0.17:33261|dataStream:10.1.0.17:42261|priority:0|startupRole:FOLLOWER, e24e525b-11e0-482b-97ed-e0be4d88ae43|rpc:10.1.0.17:35637|dataStream:10.1.0.17:38769|priority:1|startupRole:FOLLOWER] returns      null c5f0e82b-af1b-4789-ae30-308dce149649@group-36DC58DA704C:t0, leader=null, voted=null, raftlog=UNINITIALIZED, conf=-1: peers:[c5f0e82b-af1b-4789-ae30-308dce149649|rpc:10.1.0.17:34327|dataStream:10.1.0.17:39979|priority:0|startupRole:FOLLOWER, b7545b0c-a4b8-458e-a79e-332c552b3ba3|rpc:10.1.0.17:33261|dataStream:10.1.0.17:42261|priority:0|startupRole:FOLLOWER, e24e525b-11e0-482b-97ed-e0be4d88ae43|rpc:10.1.0.17:35637|dataStream:10.1.0.17:38769|priority:1|startupRole:FOLLOWER]|listeners:[], old=null NEW
2023-03-29 21:16:02,300 [pool-75-thread-1] INFO  storage.RaftStorageDirectory (RaftStorageDirectoryImpl.java:analyzeStorage(137)) - The storage directory /home/runner/work/ozone/ozone/hadoop-ozone/integration-test/target/test-dir/MiniOzoneClusterImpl-5f3e6df4-6103-47e5-8e5a-b28ce86b0313/datanode-0/data/ratis/6d4c24ab-ff3f-4a96-9a2c-36dc58da704c does not exist. Creating ...
2023-03-29 21:16:02,302 [pool-75-thread-1] INFO  storage.RaftStorageDirectory (RaftStorageDirectoryImpl.java:tryLock(231)) - Lock on /home/runner/work/ozone/ozone/hadoop-ozone/integration-test/target/test-dir/MiniOzoneClusterImpl-5f3e6df4-6103-47e5-8e5a-b28ce86b0313/datanode-0/data/ratis/6d4c24ab-ff3f-4a96-9a2c-36dc58da704c/in_use.lock acquired by nodename 46426@fv-az308-773
2023-03-29 21:16:02,304 [pool-75-thread-1] INFO  storage.RaftStorage (RaftStorageImpl.java:format(96)) - Storage directory /home/runner/work/ozone/ozone/hadoop-ozone/integration-test/target/test-dir/MiniOzoneClusterImpl-5f3e6df4-6103-47e5-8e5a-b28ce86b0313/datanode-0/data/ratis/6d4c24ab-ff3f-4a96-9a2c-36dc58da704c has been successfully formatted.
2023-03-29 21:16:02,304 [pool-75-thread-1] INFO  ratis.ContainerStateMachine (ContainerStateMachine.java:loadSnapshot(262)) - group-36DC58DA704C: The snapshot info is null. Setting the last applied indexto:(t:0, i:~)
2023-03-29 21:16:02,304 [pool-75-thread-1] INFO  server.RaftServerConfigKeys (ConfUtils.java:logGet(46)) - raft.server.log.use.memory = false (default)
2023-03-29 21:16:02,304 [pool-75-thread-1] INFO  server.RaftServerConfigKeys (ConfUtils.java:logGet(46)) - raft.server.log.purge.gap = 1000000 (custom)
2023-03-29 21:16:02,304 [pool-75-thread-1] INFO  server.RaftServerConfigKeys (ConfUtils.java:logGet(46)) - raft.server.log.appender.buffer.byte-limit = 33554432 (custom)
2023-03-29 21:16:02,304 [pool-75-thread-1] INFO  server.RaftServerConfigKeys (ConfUtils.java:logGet(46)) - raft.server.log.statemachine.data.read.timeout = 1000ms (default)
2023-03-29 21:16:02,304 [pool-75-thread-1] INFO  server.RaftServerConfigKeys (ConfUtils.java:logGet(46)) - raft.server.log.purge.preservation.log.num = 0 (default)
2023-03-29 21:16:02,305 [pool-75-thread-1] INFO  server.RaftServerConfigKeys (ConfUtils.java:logGet(46)) - raft.server.log.segment.size.max = 1048576 (custom)
2023-03-29 21:16:02,305 [pool-75-thread-1] INFO  server.RaftServerConfigKeys (ConfUtils.java:logGet(46)) - raft.server.log.segment.cache.num.max = 2 (custom)
2023-03-29 21:16:02,305 [pool-75-thread-1] INFO  server.RaftServerConfigKeys (ConfUtils.java:logGet(46)) - raft.server.log.segment.cache.size.max = 200MB (=209715200) (default)
2023-03-29 21:16:02,308 [pool-75-thread-1] INFO  segmented.SegmentedRaftLogWorker (SegmentedRaftLogWorker.java:<init>(189)) - new c5f0e82b-af1b-4789-ae30-308dce149649@group-36DC58DA704C-SegmentedRaftLogWorker for RaftStorageImpl:Storage Directory /home/runner/work/ozone/ozone/hadoop-ozone/integration-test/target/test-dir/MiniOzoneClusterImpl-5f3e6df4-6103-47e5-8e5a-b28ce86b0313/datanode-0/data/ratis/6d4c24ab-ff3f-4a96-9a2c-36dc58da704c
2023-03-29 21:16:02,308 [pool-75-thread-1] INFO  server.RaftServerConfigKeys (ConfUtils.java:logGet(46)) - raft.server.log.queue.byte-limit = 4294967296 (custom)
2023-03-29 21:16:02,308 [pool-75-thread-1] INFO  server.RaftServerConfigKeys (ConfUtils.java:logGet(46)) - raft.server.log.queue.element-limit = 1024 (custom)
2023-03-29 21:16:02,308 [pool-75-thread-1] INFO  server.RaftServerConfigKeys (ConfUtils.java:logGet(46)) - raft.server.log.segment.size.max = 1048576 (custom)
2023-03-29 21:16:02,308 [pool-75-thread-1] INFO  server.RaftServerConfigKeys (ConfUtils.java:logGet(46)) - raft.server.log.preallocated.size = 16384 (custom)
2023-03-29 21:16:02,308 [pool-75-thread-1] INFO  server.RaftServerConfigKeys (ConfUtils.java:logGet(46)) - raft.server.log.force.sync.num = 128 (default)
2023-03-29 21:16:02,308 [pool-75-thread-1] INFO  server.RaftServerConfigKeys (ConfUtils.java:logGet(46)) - raft.server.log.statemachine.data.sync = true (default)
2023-03-29 21:16:02,309 [pool-75-thread-1] INFO  server.RaftServerConfigKeys (ConfUtils.java:logGet(46)) - raft.server.log.statemachine.data.sync.timeout = 10s (default)
2023-03-29 21:16:02,309 [pool-75-thread-1] INFO  server.RaftServerConfigKeys (ConfUtils.java:logGet(46)) - raft.server.log.statemachine.data.sync.timeout.retry = -1 (default)
2023-03-29 21:16:02,309 [pool-75-thread-1] INFO  server.RaftServerConfigKeys (ConfUtils.java:logGet(46)) - raft.server.log.write.buffer.size = 1048576 (custom)
2023-03-29 21:16:02,310 [pool-75-thread-1] INFO  server.RaftServerConfigKeys (ConfUtils.java:logGet(46)) - raft.server.log.appender.buffer.byte-limit = 33554432 (custom)
2023-03-29 21:16:02,318 [EventQueue-OpenPipelineForHealthyPipelineSafeModeRule] INFO  safemode.SCMSafeModeManager (HealthyPipelineSafeModeRule.java:process(137)) - SCM in safe mode. Healthy pipelines reported count is 0, required healthy pipeline reported count is 1
2023-03-29 21:16:02,322 [pool-75-thread-1] INFO  server.RaftServerConfigKeys (ConfUtils.java:logGet(46)) - raft.server.log.unsafe-flush.enabled = false (default)
2023-03-29 21:16:02,322 [pool-75-thread-1] INFO  server.RaftServerConfigKeys (ConfUtils.java:logGet(46)) - raft.server.log.async-flush.enabled = false (default)
2023-03-29 21:16:02,323 [pool-75-thread-1] INFO  server.RaftServerConfigKeys (ConfUtils.java:logGet(46)) - raft.server.log.statemachine.data.caching.enabled = true (custom)
2023-03-29 21:16:02,326 [pool-75-thread-1] INFO  segmented.SegmentedRaftLogWorker (SegmentedRaftLogWorker.java:lambda$new$0(135)) - c5f0e82b-af1b-4789-ae30-308dce149649@group-36DC58DA704C-SegmentedRaftLogWorker: flushIndex: setUnconditionally 0 -> -1
2023-03-29 21:16:02,326 [pool-75-thread-1] INFO  segmented.SegmentedRaftLogWorker (SegmentedRaftLogWorker.java:lambda$new$0(135)) - c5f0e82b-af1b-4789-ae30-308dce149649@group-36DC58DA704C-SegmentedRaftLogWorker: safeCacheEvictIndex: setUnconditionally 0 -> -1
2023-03-29 21:16:02,331 [pool-75-thread-1] INFO  server.RaftServer$Division (RaftServerImpl.java:start(334)) - c5f0e82b-af1b-4789-ae30-308dce149649@group-36DC58DA704C: start as a follower, conf=-1: peers:[c5f0e82b-af1b-4789-ae30-308dce149649|rpc:10.1.0.17:34327|dataStream:10.1.0.17:39979|priority:0|startupRole:FOLLOWER, b7545b0c-a4b8-458e-a79e-332c552b3ba3|rpc:10.1.0.17:33261|dataStream:10.1.0.17:42261|priority:0|startupRole:FOLLOWER, e24e525b-11e0-482b-97ed-e0be4d88ae43|rpc:10.1.0.17:35637|dataStream:10.1.0.17:38769|priority:1|startupRole:FOLLOWER]|listeners:[], old=null
2023-03-29 21:16:02,331 [pool-75-thread-1] INFO  server.RaftServer$Division (RaftServerImpl.java:setRole(321)) - c5f0e82b-af1b-4789-ae30-308dce149649@group-36DC58DA704C: changes role from      null to FOLLOWER at term 0 for startAsFollower
2023-03-29 21:16:02,331 [pool-75-thread-1] INFO  impl.RoleInfo (RoleInfo.java:updateAndGet(139)) - c5f0e82b-af1b-4789-ae30-308dce149649: start c5f0e82b-af1b-4789-ae30-308dce149649@group-36DC58DA704C-FollowerState
2023-03-29 21:16:02,332 [pool-75-thread-1] INFO  util.JmxRegister (JmxRegister.java:tryRegister(44)) - Successfully registered JMX Bean with object name Ratis:service=RaftServer,group=group-36DC58DA704C,id=c5f0e82b-af1b-4789-ae30-308dce149649
2023-03-29 21:16:02,332 [pool-75-thread-1] INFO  server.RaftServerConfigKeys (ConfUtils.java:logGet(46)) - raft.server.snapshot.auto.trigger.enabled = true (custom)
2023-03-29 21:16:02,332 [pool-75-thread-1] INFO  server.RaftServerConfigKeys (ConfUtils.java:logGet(46)) - raft.server.snapshot.auto.trigger.threshold = 10000 (custom)
2023-03-29 21:16:02,332 [pool-75-thread-1] INFO  server.RaftServerConfigKeys (ConfUtils.java:logGet(46)) - raft.server.snapshot.retention.file.num = 5 (custom)
2023-03-29 21:16:02,332 [pool-75-thread-1] INFO  server.RaftServerConfigKeys (ConfUtils.java:logGet(46)) - raft.server.log.purge.upto.snapshot.index = false (default)
2023-03-29 21:16:02,332 [c5f0e82b-af1b-4789-ae30-308dce149649@group-36DC58DA704C-FollowerState] INFO  server.RaftServerConfigKeys (ConfUtils.java:logFallback(53)) - raft.server.rpc.first-election.timeout.min = 5s (fallback to raft.server.rpc.timeout.min)
2023-03-29 21:16:02,336 [Command processor thread] INFO  commandhandler.CreatePipelineCommandHandler (CreatePipelineCommandHandler.java:handle(113)) - Created Pipeline RATIS THREE PipelineID=dc7c61c7-c865-4491-865c-c04df5843e0e.
2023-03-29 21:16:02,337 [Command processor thread] INFO  server.RaftServer (RaftServerProxy.java:addNew(96)) - e24e525b-11e0-482b-97ed-e0be4d88ae43: addNew group-36DC58DA704C:[c5f0e82b-af1b-4789-ae30-308dce149649|rpc:10.1.0.17:34327|dataStream:10.1.0.17:39979|priority:0|startupRole:FOLLOWER, b7545b0c-a4b8-458e-a79e-332c552b3ba3|rpc:10.1.0.17:33261|dataStream:10.1.0.17:42261|priority:0|startupRole:FOLLOWER, e24e525b-11e0-482b-97ed-e0be4d88ae43|rpc:10.1.0.17:35637|dataStream:10.1.0.17:38769|priority:1|startupRole:FOLLOWER] returns group-36DC58DA704C:java.util.concurrent.CompletableFuture@531707bf[Not completed]
2023-03-29 21:16:02,337 [c5f0e82b-af1b-4789-ae30-308dce149649@group-36DC58DA704C-FollowerState] INFO  server.RaftServerConfigKeys (ConfUtils.java:logFallback(53)) - raft.server.rpc.first-election.timeout.max = 5200ms (fallback to raft.server.rpc.timeout.max)
2023-03-29 21:16:02,334 [Command processor thread] INFO  ratis.XceiverServerRatis (XceiverServerRatis.java:addGroup(806)) - Created group PipelineID=6d4c24ab-ff3f-4a96-9a2c-36dc58da704c
2023-03-29 21:16:02,339 [pool-97-thread-1] INFO  server.RaftServer$Division (RaftServerImpl.java:<init>(195)) - e24e525b-11e0-482b-97ed-e0be4d88ae43: new RaftServerImpl for group-36DC58DA704C:[c5f0e82b-af1b-4789-ae30-308dce149649|rpc:10.1.0.17:34327|dataStream:10.1.0.17:39979|priority:0|startupRole:FOLLOWER, b7545b0c-a4b8-458e-a79e-332c552b3ba3|rpc:10.1.0.17:33261|dataStream:10.1.0.17:42261|priority:0|startupRole:FOLLOWER, e24e525b-11e0-482b-97ed-e0be4d88ae43|rpc:10.1.0.17:35637|dataStream:10.1.0.17:38769|priority:1|startupRole:FOLLOWER] with ContainerStateMachine:uninitialized
2023-03-29 21:16:02,341 [pool-97-thread-1] INFO  server.RaftServerConfigKeys (ConfUtils.java:logGet(46)) - raft.server.rpc.timeout.min = 5s (custom)
2023-03-29 21:16:02,341 [pool-97-thread-1] INFO  server.RaftServerConfigKeys (ConfUtils.java:logGet(46)) - raft.server.rpc.timeout.max = 5200ms (custom)
2023-03-29 21:16:02,341 [pool-97-thread-1] INFO  server.RaftServerConfigKeys (ConfUtils.java:logGet(46)) - raft.server.rpc.sleep.time = 25ms (default)
2023-03-29 21:16:02,341 [pool-97-thread-1] INFO  server.RaftServerConfigKeys (ConfUtils.java:logGet(46)) - raft.server.rpc.slowness.timeout = 300s (custom)
2023-03-29 21:16:02,341 [pool-97-thread-1] INFO  server.RaftServerConfigKeys (ConfUtils.java:logGet(46)) - raft.server.leaderelection.leader.step-down.wait-time = 10s (default)
2023-03-29 21:16:02,341 [pool-97-thread-1] INFO  server.RaftServerConfigKeys (ConfUtils.java:logGet(46)) - raft.server.sleep.deviation.threshold = 300ms (default)
2023-03-29 21:16:02,342 [pool-97-thread-1] INFO  server.RaftServer$Division (ServerState.java:<init>(118)) - e24e525b-11e0-482b-97ed-e0be4d88ae43@group-36DC58DA704C: ConfigurationManager, init=-1: peers:[c5f0e82b-af1b-4789-ae30-308dce149649|rpc:10.1.0.17:34327|dataStream:10.1.0.17:39979|priority:0|startupRole:FOLLOWER, b7545b0c-a4b8-458e-a79e-332c552b3ba3|rpc:10.1.0.17:33261|dataStream:10.1.0.17:42261|priority:0|startupRole:FOLLOWER, e24e525b-11e0-482b-97ed-e0be4d88ae43|rpc:10.1.0.17:35637|dataStream:10.1.0.17:38769|priority:1|startupRole:FOLLOWER]|listeners:[], old=null, confs=<EMPTY_MAP>
2023-03-29 21:16:02,342 [pool-97-thread-1] INFO  server.RaftServerConfigKeys (ConfUtils.java:logGet(46)) - raft.server.storage.dir = [/home/runner/work/ozone/ozone/hadoop-ozone/integration-test/target/test-dir/MiniOzoneClusterImpl-5f3e6df4-6103-47e5-8e5a-b28ce86b0313/datanode-1/data/ratis] (custom)
2023-03-29 21:16:02,342 [pool-97-thread-1] INFO  server.RaftServerConfigKeys (ConfUtils.java:logGet(46)) - raft.server.log.corruption.policy = EXCEPTION (default)
2023-03-29 21:16:02,342 [pool-97-thread-1] INFO  server.RaftServerConfigKeys (ConfUtils.java:logGet(46)) - raft.server.storage.free-space.min = 0MB (=0) (default)
2023-03-29 21:16:02,342 [pool-97-thread-1] INFO  server.RaftServerConfigKeys (ConfUtils.java:logGet(46)) - raft.server.notification.no-leader.timeout = 300s (custom)
2023-03-29 21:16:02,342 [pool-97-thread-1] INFO  server.RaftServerConfigKeys (ConfUtils.java:logGet(46)) - raft.server.retrycache.expirytime = 600000ms (custom)
2023-03-29 21:16:02,342 [pool-97-thread-1] INFO  server.RaftServerConfigKeys (ConfUtils.java:logGet(46)) - raft.server.retrycache.statistics.expirytime = 100μs (default)
2023-03-29 21:16:02,344 [pool-97-thread-1] INFO  server.RaftServerConfigKeys (ConfUtils.java:logGet(46)) - raft.server.log.appender.install.snapshot.enabled = false (custom)
2023-03-29 21:16:02,344 [pool-97-thread-1] INFO  server.RaftServerConfigKeys (ConfUtils.java:logGet(46)) - raft.server.threadpool.server.cached = true (default)
2023-03-29 21:16:02,344 [pool-97-thread-1] INFO  server.RaftServerConfigKeys (ConfUtils.java:logGet(46)) - raft.server.threadpool.server.size = 0 (default)
2023-03-29 21:16:02,344 [pool-97-thread-1] INFO  server.RaftServerConfigKeys (ConfUtils.java:logGet(46)) - raft.server.threadpool.client.cached = true (default)
2023-03-29 21:16:02,344 [pool-97-thread-1] INFO  server.RaftServerConfigKeys (ConfUtils.java:logGet(46)) - raft.server.threadpool.client.size = 0 (default)
2023-03-29 21:16:02,344 [pool-97-thread-1] INFO  storage.RaftStorageDirectory (RaftStorageDirectoryImpl.java:analyzeStorage(137)) - The storage directory /home/runner/work/ozone/ozone/hadoop-ozone/integration-test/target/test-dir/MiniOzoneClusterImpl-5f3e6df4-6103-47e5-8e5a-b28ce86b0313/datanode-1/data/ratis/6d4c24ab-ff3f-4a96-9a2c-36dc58da704c does not exist. Creating ...
2023-03-29 21:16:02,346 [pool-97-thread-1] INFO  storage.RaftStorageDirectory (RaftStorageDirectoryImpl.java:tryLock(231)) - Lock on /home/runner/work/ozone/ozone/hadoop-ozone/integration-test/target/test-dir/MiniOzoneClusterImpl-5f3e6df4-6103-47e5-8e5a-b28ce86b0313/datanode-1/data/ratis/6d4c24ab-ff3f-4a96-9a2c-36dc58da704c/in_use.lock acquired by nodename 46426@fv-az308-773
2023-03-29 21:16:02,350 [pool-97-thread-1] INFO  storage.RaftStorage (RaftStorageImpl.java:format(96)) - Storage directory /home/runner/work/ozone/ozone/hadoop-ozone/integration-test/target/test-dir/MiniOzoneClusterImpl-5f3e6df4-6103-47e5-8e5a-b28ce86b0313/datanode-1/data/ratis/6d4c24ab-ff3f-4a96-9a2c-36dc58da704c has been successfully formatted.
2023-03-29 21:16:02,351 [pool-97-thread-1] INFO  ratis.ContainerStateMachine (ContainerStateMachine.java:loadSnapshot(262)) - group-36DC58DA704C: The snapshot info is null. Setting the last applied indexto:(t:0, i:~)
2023-03-29 21:16:02,351 [pool-97-thread-1] INFO  server.RaftServerConfigKeys (ConfUtils.java:logGet(46)) - raft.server.log.use.memory = false (default)
2023-03-29 21:16:02,357 [pool-97-thread-1] INFO  server.RaftServerConfigKeys (ConfUtils.java:logGet(46)) - raft.server.log.purge.gap = 1000000 (custom)
2023-03-29 21:16:02,357 [pool-97-thread-1] INFO  server.RaftServerConfigKeys (ConfUtils.java:logGet(46)) - raft.server.log.appender.buffer.byte-limit = 33554432 (custom)
2023-03-29 21:16:02,357 [pool-97-thread-1] INFO  server.RaftServerConfigKeys (ConfUtils.java:logGet(46)) - raft.server.log.statemachine.data.read.timeout = 1000ms (default)
2023-03-29 21:16:02,357 [pool-97-thread-1] INFO  server.RaftServerConfigKeys (ConfUtils.java:logGet(46)) - raft.server.log.purge.preservation.log.num = 0 (default)
2023-03-29 21:16:02,357 [pool-97-thread-1] INFO  server.RaftServerConfigKeys (ConfUtils.java:logGet(46)) - raft.server.log.segment.size.max = 1048576 (custom)
2023-03-29 21:16:02,357 [EventQueue-OpenPipelineForHealthyPipelineSafeModeRule] INFO  safemode.SCMSafeModeManager (HealthyPipelineSafeModeRule.java:process(137)) - SCM in safe mode. Healthy pipelines reported count is 0, required healthy pipeline reported count is 1
2023-03-29 21:16:02,357 [pool-97-thread-1] INFO  server.RaftServerConfigKeys (ConfUtils.java:logGet(46)) - raft.server.log.segment.cache.num.max = 2 (custom)
2023-03-29 21:16:02,359 [pool-97-thread-1] INFO  server.RaftServerConfigKeys (ConfUtils.java:logGet(46)) - raft.server.log.segment.cache.size.max = 200MB (=209715200) (default)
2023-03-29 21:16:02,359 [pool-97-thread-1] INFO  segmented.SegmentedRaftLogWorker (SegmentedRaftLogWorker.java:<init>(189)) - new e24e525b-11e0-482b-97ed-e0be4d88ae43@group-36DC58DA704C-SegmentedRaftLogWorker for RaftStorageImpl:Storage Directory /home/runner/work/ozone/ozone/hadoop-ozone/integration-test/target/test-dir/MiniOzoneClusterImpl-5f3e6df4-6103-47e5-8e5a-b28ce86b0313/datanode-1/data/ratis/6d4c24ab-ff3f-4a96-9a2c-36dc58da704c
2023-03-29 21:16:02,359 [pool-97-thread-1] INFO  server.RaftServerConfigKeys (ConfUtils.java:logGet(46)) - raft.server.log.queue.byte-limit = 4294967296 (custom)
2023-03-29 21:16:02,359 [pool-97-thread-1] INFO  server.RaftServerConfigKeys (ConfUtils.java:logGet(46)) - raft.server.log.queue.element-limit = 1024 (custom)
2023-03-29 21:16:02,359 [pool-97-thread-1] INFO  server.RaftServerConfigKeys (ConfUtils.java:logGet(46)) - raft.server.log.segment.size.max = 1048576 (custom)
2023-03-29 21:16:02,359 [pool-97-thread-1] INFO  server.RaftServerConfigKeys (ConfUtils.java:logGet(46)) - raft.server.log.preallocated.size = 16384 (custom)
2023-03-29 21:16:02,359 [pool-97-thread-1] INFO  server.RaftServerConfigKeys (ConfUtils.java:logGet(46)) - raft.server.log.force.sync.num = 128 (default)
2023-03-29 21:16:02,359 [pool-97-thread-1] INFO  server.RaftServerConfigKeys (ConfUtils.java:logGet(46)) - raft.server.log.statemachine.data.sync = true (default)
2023-03-29 21:16:02,359 [pool-97-thread-1] INFO  server.RaftServerConfigKeys (ConfUtils.java:logGet(46)) - raft.server.log.statemachine.data.sync.timeout = 10s (default)
2023-03-29 21:16:02,359 [pool-97-thread-1] INFO  server.RaftServerConfigKeys (ConfUtils.java:logGet(46)) - raft.server.log.statemachine.data.sync.timeout.retry = -1 (default)
2023-03-29 21:16:02,360 [pool-97-thread-1] INFO  server.RaftServerConfigKeys (ConfUtils.java:logGet(46)) - raft.server.log.write.buffer.size = 1048576 (custom)
2023-03-29 21:16:02,361 [pool-97-thread-1] INFO  server.RaftServerConfigKeys (ConfUtils.java:logGet(46)) - raft.server.log.appender.buffer.byte-limit = 33554432 (custom)
2023-03-29 21:16:02,367 [pool-97-thread-1] INFO  server.RaftServerConfigKeys (ConfUtils.java:logGet(46)) - raft.server.log.unsafe-flush.enabled = false (default)
2023-03-29 21:16:02,367 [pool-97-thread-1] INFO  server.RaftServerConfigKeys (ConfUtils.java:logGet(46)) - raft.server.log.async-flush.enabled = false (default)
2023-03-29 21:16:02,367 [pool-97-thread-1] INFO  server.RaftServerConfigKeys (ConfUtils.java:logGet(46)) - raft.server.log.statemachine.data.caching.enabled = true (custom)
2023-03-29 21:16:02,367 [pool-97-thread-1] INFO  segmented.SegmentedRaftLogWorker (SegmentedRaftLogWorker.java:lambda$new$0(135)) - e24e525b-11e0-482b-97ed-e0be4d88ae43@group-36DC58DA704C-SegmentedRaftLogWorker: flushIndex: setUnconditionally 0 -> -1
2023-03-29 21:16:02,367 [pool-97-thread-1] INFO  segmented.SegmentedRaftLogWorker (SegmentedRaftLogWorker.java:lambda$new$0(135)) - e24e525b-11e0-482b-97ed-e0be4d88ae43@group-36DC58DA704C-SegmentedRaftLogWorker: safeCacheEvictIndex: setUnconditionally 0 -> -1
2023-03-29 21:16:02,368 [pool-97-thread-1] INFO  server.RaftServer$Division (RaftServerImpl.java:start(334)) - e24e525b-11e0-482b-97ed-e0be4d88ae43@group-36DC58DA704C: start as a follower, conf=-1: peers:[c5f0e82b-af1b-4789-ae30-308dce149649|rpc:10.1.0.17:34327|dataStream:10.1.0.17:39979|priority:0|startupRole:FOLLOWER, b7545b0c-a4b8-458e-a79e-332c552b3ba3|rpc:10.1.0.17:33261|dataStream:10.1.0.17:42261|priority:0|startupRole:FOLLOWER, e24e525b-11e0-482b-97ed-e0be4d88ae43|rpc:10.1.0.17:35637|dataStream:10.1.0.17:38769|priority:1|startupRole:FOLLOWER]|listeners:[], old=null
2023-03-29 21:16:02,368 [pool-97-thread-1] INFO  server.RaftServer$Division (RaftServerImpl.java:setRole(321)) - e24e525b-11e0-482b-97ed-e0be4d88ae43@group-36DC58DA704C: changes role from      null to FOLLOWER at term 0 for startAsFollower
2023-03-29 21:16:02,368 [pool-97-thread-1] INFO  impl.RoleInfo (RoleInfo.java:updateAndGet(139)) - e24e525b-11e0-482b-97ed-e0be4d88ae43: start e24e525b-11e0-482b-97ed-e0be4d88ae43@group-36DC58DA704C-FollowerState
2023-03-29 21:16:02,368 [pool-97-thread-1] INFO  util.JmxRegister (JmxRegister.java:tryRegister(44)) - Successfully registered JMX Bean with object name Ratis:service=RaftServer,group=group-36DC58DA704C,id=e24e525b-11e0-482b-97ed-e0be4d88ae43
2023-03-29 21:16:02,368 [pool-97-thread-1] INFO  server.RaftServerConfigKeys (ConfUtils.java:logGet(46)) - raft.server.snapshot.auto.trigger.enabled = true (custom)
2023-03-29 21:16:02,368 [pool-97-thread-1] INFO  server.RaftServerConfigKeys (ConfUtils.java:logGet(46)) - raft.server.snapshot.auto.trigger.threshold = 10000 (custom)
2023-03-29 21:16:02,368 [pool-97-thread-1] INFO  server.RaftServerConfigKeys (ConfUtils.java:logGet(46)) - raft.server.snapshot.retention.file.num = 5 (custom)
2023-03-29 21:16:02,368 [pool-97-thread-1] INFO  server.RaftServerConfigKeys (ConfUtils.java:logGet(46)) - raft.server.log.purge.upto.snapshot.index = false (default)
2023-03-29 21:16:02,369 [e24e525b-11e0-482b-97ed-e0be4d88ae43@group-36DC58DA704C-FollowerState] INFO  server.RaftServerConfigKeys (ConfUtils.java:logFallback(53)) - raft.server.rpc.first-election.timeout.min = 5s (fallback to raft.server.rpc.timeout.min)
2023-03-29 21:16:02,369 [Command processor thread] INFO  ratis.XceiverServerRatis (XceiverServerRatis.java:addGroup(806)) - Created group PipelineID=6d4c24ab-ff3f-4a96-9a2c-36dc58da704c
2023-03-29 21:16:02,374 [e24e525b-11e0-482b-97ed-e0be4d88ae43@group-36DC58DA704C-FollowerState] INFO  server.RaftServerConfigKeys (ConfUtils.java:logFallback(53)) - raft.server.rpc.first-election.timeout.max = 5200ms (fallback to raft.server.rpc.timeout.max)
2023-03-29 21:16:02,394 [Listener at 127.0.0.1/35747] INFO  ozone.MiniOzoneClusterImpl (MiniOzoneClusterImpl.java:lambda$waitForClusterToBeReady$0(222)) - Nodes are ready. Got 3 of 3 DN Heartbeats.
2023-03-29 21:16:02,394 [Listener at 127.0.0.1/35747] INFO  ozone.MiniOzoneClusterImpl (MiniOzoneClusterImpl.java:lambda$waitForClusterToBeReady$0(225)) - Waiting for cluster to exit safe mode
2023-03-29 21:16:02,394 [Listener at 127.0.0.1/35747] INFO  ozone.MiniOzoneClusterImpl (MiniOzoneClusterImpl.java:lambda$waitForClusterToBeReady$0(227)) - SCM became leader
2023-03-29 21:16:02,402 [Command processor thread] INFO  server.RaftServer (RaftServerProxy.java:addNew(96)) - b7545b0c-a4b8-458e-a79e-332c552b3ba3: addNew group-4893EADF288C:[b7545b0c-a4b8-458e-a79e-332c552b3ba3|rpc:10.1.0.17:33261|dataStream:10.1.0.17:42261|priority:1|startupRole:FOLLOWER] returns group-4893EADF288C:java.util.concurrent.CompletableFuture@390bc03e[Not completed]
2023-03-29 21:16:02,403 [pool-119-thread-1] INFO  server.RaftServer$Division (RaftServerImpl.java:<init>(195)) - b7545b0c-a4b8-458e-a79e-332c552b3ba3: new RaftServerImpl for group-4893EADF288C:[b7545b0c-a4b8-458e-a79e-332c552b3ba3|rpc:10.1.0.17:33261|dataStream:10.1.0.17:42261|priority:1|startupRole:FOLLOWER] with ContainerStateMachine:uninitialized
2023-03-29 21:16:02,403 [pool-119-thread-1] INFO  server.RaftServerConfigKeys (ConfUtils.java:logGet(46)) - raft.server.rpc.timeout.min = 5s (custom)
2023-03-29 21:16:02,403 [pool-119-thread-1] INFO  server.RaftServerConfigKeys (ConfUtils.java:logGet(46)) - raft.server.rpc.timeout.max = 5200ms (custom)
2023-03-29 21:16:02,404 [pool-119-thread-1] INFO  server.RaftServerConfigKeys (ConfUtils.java:logGet(46)) - raft.server.rpc.sleep.time = 25ms (default)
2023-03-29 21:16:02,404 [pool-119-thread-1] INFO  server.RaftServerConfigKeys (ConfUtils.java:logGet(46)) - raft.server.rpc.slowness.timeout = 300s (custom)
2023-03-29 21:16:02,404 [pool-119-thread-1] INFO  server.RaftServerConfigKeys (ConfUtils.java:logGet(46)) - raft.server.leaderelection.leader.step-down.wait-time = 10s (default)
2023-03-29 21:16:02,404 [pool-119-thread-1] INFO  server.RaftServerConfigKeys (ConfUtils.java:logGet(46)) - raft.server.sleep.deviation.threshold = 300ms (default)
2023-03-29 21:16:02,404 [pool-119-thread-1] INFO  server.RaftServer$Division (ServerState.java:<init>(118)) - b7545b0c-a4b8-458e-a79e-332c552b3ba3@group-4893EADF288C: ConfigurationManager, init=-1: peers:[b7545b0c-a4b8-458e-a79e-332c552b3ba3|rpc:10.1.0.17:33261|dataStream:10.1.0.17:42261|priority:1|startupRole:FOLLOWER]|listeners:[], old=null, confs=<EMPTY_MAP>
2023-03-29 21:16:02,404 [pool-119-thread-1] INFO  server.RaftServerConfigKeys (ConfUtils.java:logGet(46)) - raft.server.storage.dir = [/home/runner/work/ozone/ozone/hadoop-ozone/integration-test/target/test-dir/MiniOzoneClusterImpl-5f3e6df4-6103-47e5-8e5a-b28ce86b0313/datanode-2/data/ratis] (custom)
2023-03-29 21:16:02,404 [pool-119-thread-1] INFO  server.RaftServerConfigKeys (ConfUtils.java:logGet(46)) - raft.server.log.corruption.policy = EXCEPTION (default)
2023-03-29 21:16:02,404 [pool-119-thread-1] INFO  server.RaftServerConfigKeys (ConfUtils.java:logGet(46)) - raft.server.storage.free-space.min = 0MB (=0) (default)
2023-03-29 21:16:02,404 [pool-119-thread-1] INFO  server.RaftServerConfigKeys (ConfUtils.java:logGet(46)) - raft.server.notification.no-leader.timeout = 300s (custom)
2023-03-29 21:16:02,404 [pool-119-thread-1] INFO  server.RaftServerConfigKeys (ConfUtils.java:logGet(46)) - raft.server.retrycache.expirytime = 600000ms (custom)
2023-03-29 21:16:02,404 [pool-119-thread-1] INFO  server.RaftServerConfigKeys (ConfUtils.java:logGet(46)) - raft.server.retrycache.statistics.expirytime = 100μs (default)
2023-03-29 21:16:02,405 [pool-119-thread-1] INFO  server.RaftServerConfigKeys (ConfUtils.java:logGet(46)) - raft.server.log.appender.install.snapshot.enabled = false (custom)
2023-03-29 21:16:02,406 [pool-119-thread-1] INFO  server.RaftServerConfigKeys (ConfUtils.java:logGet(46)) - raft.server.threadpool.server.cached = true (default)
2023-03-29 21:16:02,406 [pool-119-thread-1] INFO  server.RaftServerConfigKeys (ConfUtils.java:logGet(46)) - raft.server.threadpool.server.size = 0 (default)
2023-03-29 21:16:02,406 [pool-119-thread-1] INFO  server.RaftServerConfigKeys (ConfUtils.java:logGet(46)) - raft.server.threadpool.client.cached = true (default)
2023-03-29 21:16:02,406 [pool-119-thread-1] INFO  server.RaftServerConfigKeys (ConfUtils.java:logGet(46)) - raft.server.threadpool.client.size = 0 (default)
2023-03-29 21:16:02,406 [pool-119-thread-1] INFO  storage.RaftStorageDirectory (RaftStorageDirectoryImpl.java:analyzeStorage(137)) - The storage directory /home/runner/work/ozone/ozone/hadoop-ozone/integration-test/target/test-dir/MiniOzoneClusterImpl-5f3e6df4-6103-47e5-8e5a-b28ce86b0313/datanode-2/data/ratis/2836bafa-7548-4a50-b22c-4893eadf288c does not exist. Creating ...
2023-03-29 21:16:02,407 [pool-119-thread-1] INFO  storage.RaftStorageDirectory (RaftStorageDirectoryImpl.java:tryLock(231)) - Lock on /home/runner/work/ozone/ozone/hadoop-ozone/integration-test/target/test-dir/MiniOzoneClusterImpl-5f3e6df4-6103-47e5-8e5a-b28ce86b0313/datanode-2/data/ratis/2836bafa-7548-4a50-b22c-4893eadf288c/in_use.lock acquired by nodename 46426@fv-az308-773
2023-03-29 21:16:02,409 [pool-119-thread-1] INFO  storage.RaftStorage (RaftStorageImpl.java:format(96)) - Storage directory /home/runner/work/ozone/ozone/hadoop-ozone/integration-test/target/test-dir/MiniOzoneClusterImpl-5f3e6df4-6103-47e5-8e5a-b28ce86b0313/datanode-2/data/ratis/2836bafa-7548-4a50-b22c-4893eadf288c has been successfully formatted.
2023-03-29 21:16:02,409 [pool-119-thread-1] INFO  ratis.ContainerStateMachine (ContainerStateMachine.java:loadSnapshot(262)) - group-4893EADF288C: The snapshot info is null. Setting the last applied indexto:(t:0, i:~)
2023-03-29 21:16:02,410 [pool-119-thread-1] INFO  server.RaftServerConfigKeys (ConfUtils.java:logGet(46)) - raft.server.log.use.memory = false (default)
2023-03-29 21:16:02,410 [pool-119-thread-1] INFO  server.RaftServerConfigKeys (ConfUtils.java:logGet(46)) - raft.server.log.purge.gap = 1000000 (custom)
2023-03-29 21:16:02,410 [pool-119-thread-1] INFO  server.RaftServerConfigKeys (ConfUtils.java:logGet(46)) - raft.server.log.appender.buffer.byte-limit = 33554432 (custom)
2023-03-29 21:16:02,410 [pool-119-thread-1] INFO  server.RaftServerConfigKeys (ConfUtils.java:logGet(46)) - raft.server.log.statemachine.data.read.timeout = 1000ms (default)
2023-03-29 21:16:02,410 [pool-119-thread-1] INFO  server.RaftServerConfigKeys (ConfUtils.java:logGet(46)) - raft.server.log.purge.preservation.log.num = 0 (default)
2023-03-29 21:16:02,410 [pool-119-thread-1] INFO  server.RaftServerConfigKeys (ConfUtils.java:logGet(46)) - raft.server.log.segment.size.max = 1048576 (custom)
2023-03-29 21:16:02,410 [pool-119-thread-1] INFO  server.RaftServerConfigKeys (ConfUtils.java:logGet(46)) - raft.server.log.segment.cache.num.max = 2 (custom)
2023-03-29 21:16:02,410 [pool-119-thread-1] INFO  server.RaftServerConfigKeys (ConfUtils.java:logGet(46)) - raft.server.log.segment.cache.size.max = 200MB (=209715200) (default)
2023-03-29 21:16:02,411 [pool-119-thread-1] INFO  segmented.SegmentedRaftLogWorker (SegmentedRaftLogWorker.java:<init>(189)) - new b7545b0c-a4b8-458e-a79e-332c552b3ba3@group-4893EADF288C-SegmentedRaftLogWorker for RaftStorageImpl:Storage Directory /home/runner/work/ozone/ozone/hadoop-ozone/integration-test/target/test-dir/MiniOzoneClusterImpl-5f3e6df4-6103-47e5-8e5a-b28ce86b0313/datanode-2/data/ratis/2836bafa-7548-4a50-b22c-4893eadf288c
2023-03-29 21:16:02,411 [pool-119-thread-1] INFO  server.RaftServerConfigKeys (ConfUtils.java:logGet(46)) - raft.server.log.queue.byte-limit = 4294967296 (custom)
2023-03-29 21:16:02,411 [pool-119-thread-1] INFO  server.RaftServerConfigKeys (ConfUtils.java:logGet(46)) - raft.server.log.queue.element-limit = 1024 (custom)
2023-03-29 21:16:02,411 [pool-119-thread-1] INFO  server.RaftServerConfigKeys (ConfUtils.java:logGet(46)) - raft.server.log.segment.size.max = 1048576 (custom)
2023-03-29 21:16:02,411 [pool-119-thread-1] INFO  server.RaftServerConfigKeys (ConfUtils.java:logGet(46)) - raft.server.log.preallocated.size = 16384 (custom)
2023-03-29 21:16:02,411 [pool-119-thread-1] INFO  server.RaftServerConfigKeys (ConfUtils.java:logGet(46)) - raft.server.log.force.sync.num = 128 (default)
2023-03-29 21:16:02,411 [pool-119-thread-1] INFO  server.RaftServerConfigKeys (ConfUtils.java:logGet(46)) - raft.server.log.statemachine.data.sync = true (default)
2023-03-29 21:16:02,411 [pool-119-thread-1] INFO  server.RaftServerConfigKeys (ConfUtils.java:logGet(46)) - raft.server.log.statemachine.data.sync.timeout = 10s (default)
2023-03-29 21:16:02,412 [EventQueue-PipelineReportForPipelineReportHandler] INFO  pipeline.PipelineManagerImpl (PipelineManagerImpl.java:openPipeline(367)) - Pipeline Pipeline[ Id: 2836bafa-7548-4a50-b22c-4893eadf288c, Nodes: b7545b0c-a4b8-458e-a79e-332c552b3ba3(fv-az308-773/10.1.0.17), ReplicationConfig: RATIS/ONE, State:ALLOCATED, leaderId:b7545b0c-a4b8-458e-a79e-332c552b3ba3, CreationTimestamp2023-03-29T21:15:59.391Z[Etc/UTC]] moved to OPEN state
2023-03-29 21:16:02,416 [EventQueue-OpenPipelineForHealthyPipelineSafeModeRule] INFO  safemode.SCMSafeModeManager (HealthyPipelineSafeModeRule.java:process(137)) - SCM in safe mode. Healthy pipelines reported count is 0, required healthy pipeline reported count is 1
2023-03-29 21:16:02,416 [pool-119-thread-1] INFO  server.RaftServerConfigKeys (ConfUtils.java:logGet(46)) - raft.server.log.statemachine.data.sync.timeout.retry = -1 (default)
2023-03-29 21:16:02,417 [pool-119-thread-1] INFO  server.RaftServerConfigKeys (ConfUtils.java:logGet(46)) - raft.server.log.write.buffer.size = 1048576 (custom)
2023-03-29 21:16:02,418 [pool-119-thread-1] INFO  server.RaftServerConfigKeys (ConfUtils.java:logGet(46)) - raft.server.log.appender.buffer.byte-limit = 33554432 (custom)
2023-03-29 21:16:02,423 [pool-119-thread-1] INFO  server.RaftServerConfigKeys (ConfUtils.java:logGet(46)) - raft.server.log.unsafe-flush.enabled = false (default)
2023-03-29 21:16:02,423 [pool-119-thread-1] INFO  server.RaftServerConfigKeys (ConfUtils.java:logGet(46)) - raft.server.log.async-flush.enabled = false (default)
2023-03-29 21:16:02,423 [pool-119-thread-1] INFO  server.RaftServerConfigKeys (ConfUtils.java:logGet(46)) - raft.server.log.statemachine.data.caching.enabled = true (custom)
2023-03-29 21:16:02,424 [pool-119-thread-1] INFO  segmented.SegmentedRaftLogWorker (SegmentedRaftLogWorker.java:lambda$new$0(135)) - b7545b0c-a4b8-458e-a79e-332c552b3ba3@group-4893EADF288C-SegmentedRaftLogWorker: flushIndex: setUnconditionally 0 -> -1
2023-03-29 21:16:02,424 [pool-119-thread-1] INFO  segmented.SegmentedRaftLogWorker (SegmentedRaftLogWorker.java:lambda$new$0(135)) - b7545b0c-a4b8-458e-a79e-332c552b3ba3@group-4893EADF288C-SegmentedRaftLogWorker: safeCacheEvictIndex: setUnconditionally 0 -> -1
2023-03-29 21:16:02,424 [pool-119-thread-1] INFO  server.RaftServer$Division (RaftServerImpl.java:start(334)) - b7545b0c-a4b8-458e-a79e-332c552b3ba3@group-4893EADF288C: start as a follower, conf=-1: peers:[b7545b0c-a4b8-458e-a79e-332c552b3ba3|rpc:10.1.0.17:33261|dataStream:10.1.0.17:42261|priority:1|startupRole:FOLLOWER]|listeners:[], old=null
2023-03-29 21:16:02,424 [pool-119-thread-1] INFO  server.RaftServer$Division (RaftServerImpl.java:setRole(321)) - b7545b0c-a4b8-458e-a79e-332c552b3ba3@group-4893EADF288C: changes role from      null to FOLLOWER at term 0 for startAsFollower
2023-03-29 21:16:02,424 [pool-119-thread-1] INFO  impl.RoleInfo (RoleInfo.java:updateAndGet(139)) - b7545b0c-a4b8-458e-a79e-332c552b3ba3: start b7545b0c-a4b8-458e-a79e-332c552b3ba3@group-4893EADF288C-FollowerState
2023-03-29 21:16:02,424 [pool-119-thread-1] INFO  util.JmxRegister (JmxRegister.java:tryRegister(44)) - Successfully registered JMX Bean with object name Ratis:service=RaftServer,group=group-4893EADF288C,id=b7545b0c-a4b8-458e-a79e-332c552b3ba3
2023-03-29 21:16:02,425 [b7545b0c-a4b8-458e-a79e-332c552b3ba3@group-4893EADF288C-FollowerState] INFO  server.RaftServerConfigKeys (ConfUtils.java:logFallback(53)) - raft.server.rpc.first-election.timeout.min = 5s (fallback to raft.server.rpc.timeout.min)
2023-03-29 21:16:02,425 [b7545b0c-a4b8-458e-a79e-332c552b3ba3@group-4893EADF288C-FollowerState] INFO  server.RaftServerConfigKeys (ConfUtils.java:logFallback(53)) - raft.server.rpc.first-election.timeout.max = 5200ms (fallback to raft.server.rpc.timeout.max)
2023-03-29 21:16:02,426 [pool-119-thread-1] INFO  server.RaftServerConfigKeys (ConfUtils.java:logGet(46)) - raft.server.snapshot.auto.trigger.enabled = true (custom)
2023-03-29 21:16:02,426 [pool-119-thread-1] INFO  server.RaftServerConfigKeys (ConfUtils.java:logGet(46)) - raft.server.snapshot.auto.trigger.threshold = 10000 (custom)
2023-03-29 21:16:02,426 [pool-119-thread-1] INFO  server.RaftServerConfigKeys (ConfUtils.java:logGet(46)) - raft.server.snapshot.retention.file.num = 5 (custom)
2023-03-29 21:16:02,426 [pool-119-thread-1] INFO  server.RaftServerConfigKeys (ConfUtils.java:logGet(46)) - raft.server.log.purge.upto.snapshot.index = false (default)
2023-03-29 21:16:02,438 [Command processor thread] INFO  ratis.XceiverServerRatis (XceiverServerRatis.java:addGroup(806)) - Created group PipelineID=2836bafa-7548-4a50-b22c-4893eadf288c
2023-03-29 21:16:02,438 [Command processor thread] INFO  commandhandler.CreatePipelineCommandHandler (CreatePipelineCommandHandler.java:handle(113)) - Created Pipeline RATIS ONE PipelineID=2836bafa-7548-4a50-b22c-4893eadf288c.
2023-03-29 21:16:02,438 [Command processor thread] INFO  server.RaftServer (RaftServerProxy.java:addNew(96)) - b7545b0c-a4b8-458e-a79e-332c552b3ba3: addNew group-36DC58DA704C:[c5f0e82b-af1b-4789-ae30-308dce149649|rpc:10.1.0.17:34327|dataStream:10.1.0.17:39979|priority:0|startupRole:FOLLOWER, b7545b0c-a4b8-458e-a79e-332c552b3ba3|rpc:10.1.0.17:33261|dataStream:10.1.0.17:42261|priority:0|startupRole:FOLLOWER, e24e525b-11e0-482b-97ed-e0be4d88ae43|rpc:10.1.0.17:35637|dataStream:10.1.0.17:38769|priority:1|startupRole:FOLLOWER] returns group-36DC58DA704C:java.util.concurrent.CompletableFuture@37cc296f[Not completed]
2023-03-29 21:16:02,439 [pool-119-thread-1] INFO  server.RaftServer$Division (RaftServerImpl.java:<init>(195)) - b7545b0c-a4b8-458e-a79e-332c552b3ba3: new RaftServerImpl for group-36DC58DA704C:[c5f0e82b-af1b-4789-ae30-308dce149649|rpc:10.1.0.17:34327|dataStream:10.1.0.17:39979|priority:0|startupRole:FOLLOWER, b7545b0c-a4b8-458e-a79e-332c552b3ba3|rpc:10.1.0.17:33261|dataStream:10.1.0.17:42261|priority:0|startupRole:FOLLOWER, e24e525b-11e0-482b-97ed-e0be4d88ae43|rpc:10.1.0.17:35637|dataStream:10.1.0.17:38769|priority:1|startupRole:FOLLOWER] with ContainerStateMachine:uninitialized
2023-03-29 21:16:02,440 [pool-119-thread-1] INFO  server.RaftServerConfigKeys (ConfUtils.java:logGet(46)) - raft.server.rpc.timeout.min = 5s (custom)
2023-03-29 21:16:02,440 [pool-119-thread-1] INFO  server.RaftServerConfigKeys (ConfUtils.java:logGet(46)) - raft.server.rpc.timeout.max = 5200ms (custom)
2023-03-29 21:16:02,440 [pool-119-thread-1] INFO  server.RaftServerConfigKeys (ConfUtils.java:logGet(46)) - raft.server.rpc.sleep.time = 25ms (default)
2023-03-29 21:16:02,440 [pool-119-thread-1] INFO  server.RaftServerConfigKeys (ConfUtils.java:logGet(46)) - raft.server.rpc.slowness.timeout = 300s (custom)
2023-03-29 21:16:02,440 [pool-119-thread-1] INFO  server.RaftServerConfigKeys (ConfUtils.java:logGet(46)) - raft.server.leaderelection.leader.step-down.wait-time = 10s (default)
2023-03-29 21:16:02,440 [pool-119-thread-1] INFO  server.RaftServerConfigKeys (ConfUtils.java:logGet(46)) - raft.server.sleep.deviation.threshold = 300ms (default)
2023-03-29 21:16:02,440 [pool-119-thread-1] INFO  server.RaftServer$Division (ServerState.java:<init>(118)) - b7545b0c-a4b8-458e-a79e-332c552b3ba3@group-36DC58DA704C: ConfigurationManager, init=-1: peers:[c5f0e82b-af1b-4789-ae30-308dce149649|rpc:10.1.0.17:34327|dataStream:10.1.0.17:39979|priority:0|startupRole:FOLLOWER, b7545b0c-a4b8-458e-a79e-332c552b3ba3|rpc:10.1.0.17:33261|dataStream:10.1.0.17:42261|priority:0|startupRole:FOLLOWER, e24e525b-11e0-482b-97ed-e0be4d88ae43|rpc:10.1.0.17:35637|dataStream:10.1.0.17:38769|priority:1|startupRole:FOLLOWER]|listeners:[], old=null, confs=<EMPTY_MAP>
2023-03-29 21:16:02,440 [pool-119-thread-1] INFO  server.RaftServerConfigKeys (ConfUtils.java:logGet(46)) - raft.server.storage.dir = [/home/runner/work/ozone/ozone/hadoop-ozone/integration-test/target/test-dir/MiniOzoneClusterImpl-5f3e6df4-6103-47e5-8e5a-b28ce86b0313/datanode-2/data/ratis] (custom)
2023-03-29 21:16:02,440 [pool-119-thread-1] INFO  server.RaftServerConfigKeys (ConfUtils.java:logGet(46)) - raft.server.log.corruption.policy = EXCEPTION (default)
2023-03-29 21:16:02,440 [pool-119-thread-1] INFO  server.RaftServerConfigKeys (ConfUtils.java:logGet(46)) - raft.server.storage.free-space.min = 0MB (=0) (default)
2023-03-29 21:16:02,440 [pool-119-thread-1] INFO  server.RaftServerConfigKeys (ConfUtils.java:logGet(46)) - raft.server.notification.no-leader.timeout = 300s (custom)
2023-03-29 21:16:02,440 [pool-119-thread-1] INFO  server.RaftServerConfigKeys (ConfUtils.java:logGet(46)) - raft.server.retrycache.expirytime = 600000ms (custom)
2023-03-29 21:16:02,440 [pool-119-thread-1] INFO  server.RaftServerConfigKeys (ConfUtils.java:logGet(46)) - raft.server.retrycache.statistics.expirytime = 100μs (default)
2023-03-29 21:16:02,441 [pool-119-thread-1] INFO  server.RaftServerConfigKeys (ConfUtils.java:logGet(46)) - raft.server.log.appender.install.snapshot.enabled = false (custom)
2023-03-29 21:16:02,442 [pool-119-thread-1] INFO  server.RaftServerConfigKeys (ConfUtils.java:logGet(46)) - raft.server.threadpool.server.cached = true (default)
2023-03-29 21:16:02,442 [pool-119-thread-1] INFO  server.RaftServerConfigKeys (ConfUtils.java:logGet(46)) - raft.server.threadpool.server.size = 0 (default)
2023-03-29 21:16:02,442 [pool-119-thread-1] INFO  server.RaftServerConfigKeys (ConfUtils.java:logGet(46)) - raft.server.threadpool.client.cached = true (default)
2023-03-29 21:16:02,442 [pool-119-thread-1] INFO  server.RaftServerConfigKeys (ConfUtils.java:logGet(46)) - raft.server.threadpool.client.size = 0 (default)
2023-03-29 21:16:02,442 [pool-119-thread-1] INFO  storage.RaftStorageDirectory (RaftStorageDirectoryImpl.java:analyzeStorage(137)) - The storage directory /home/runner/work/ozone/ozone/hadoop-ozone/integration-test/target/test-dir/MiniOzoneClusterImpl-5f3e6df4-6103-47e5-8e5a-b28ce86b0313/datanode-2/data/ratis/6d4c24ab-ff3f-4a96-9a2c-36dc58da704c does not exist. Creating ...
2023-03-29 21:16:02,444 [pool-119-thread-1] INFO  storage.RaftStorageDirectory (RaftStorageDirectoryImpl.java:tryLock(231)) - Lock on /home/runner/work/ozone/ozone/hadoop-ozone/integration-test/target/test-dir/MiniOzoneClusterImpl-5f3e6df4-6103-47e5-8e5a-b28ce86b0313/datanode-2/data/ratis/6d4c24ab-ff3f-4a96-9a2c-36dc58da704c/in_use.lock acquired by nodename 46426@fv-az308-773
2023-03-29 21:16:02,445 [pool-119-thread-1] INFO  storage.RaftStorage (RaftStorageImpl.java:format(96)) - Storage directory /home/runner/work/ozone/ozone/hadoop-ozone/integration-test/target/test-dir/MiniOzoneClusterImpl-5f3e6df4-6103-47e5-8e5a-b28ce86b0313/datanode-2/data/ratis/6d4c24ab-ff3f-4a96-9a2c-36dc58da704c has been successfully formatted.
2023-03-29 21:16:02,445 [pool-119-thread-1] INFO  ratis.ContainerStateMachine (ContainerStateMachine.java:loadSnapshot(262)) - group-36DC58DA704C: The snapshot info is null. Setting the last applied indexto:(t:0, i:~)
2023-03-29 21:16:02,445 [pool-119-thread-1] INFO  server.RaftServerConfigKeys (ConfUtils.java:logGet(46)) - raft.server.log.use.memory = false (default)
2023-03-29 21:16:02,445 [pool-119-thread-1] INFO  server.RaftServerConfigKeys (ConfUtils.java:logGet(46)) - raft.server.log.purge.gap = 1000000 (custom)
2023-03-29 21:16:02,445 [pool-119-thread-1] INFO  server.RaftServerConfigKeys (ConfUtils.java:logGet(46)) - raft.server.log.appender.buffer.byte-limit = 33554432 (custom)
2023-03-29 21:16:02,445 [pool-119-thread-1] INFO  server.RaftServerConfigKeys (ConfUtils.java:logGet(46)) - raft.server.log.statemachine.data.read.timeout = 1000ms (default)
2023-03-29 21:16:02,445 [pool-119-thread-1] INFO  server.RaftServerConfigKeys (ConfUtils.java:logGet(46)) - raft.server.log.purge.preservation.log.num = 0 (default)
2023-03-29 21:16:02,446 [pool-119-thread-1] INFO  server.RaftServerConfigKeys (ConfUtils.java:logGet(46)) - raft.server.log.segment.size.max = 1048576 (custom)
2023-03-29 21:16:02,446 [pool-119-thread-1] INFO  server.RaftServerConfigKeys (ConfUtils.java:logGet(46)) - raft.server.log.segment.cache.num.max = 2 (custom)
2023-03-29 21:16:02,446 [pool-119-thread-1] INFO  server.RaftServerConfigKeys (ConfUtils.java:logGet(46)) - raft.server.log.segment.cache.size.max = 200MB (=209715200) (default)
2023-03-29 21:16:02,446 [pool-119-thread-1] INFO  segmented.SegmentedRaftLogWorker (SegmentedRaftLogWorker.java:<init>(189)) - new b7545b0c-a4b8-458e-a79e-332c552b3ba3@group-36DC58DA704C-SegmentedRaftLogWorker for RaftStorageImpl:Storage Directory /home/runner/work/ozone/ozone/hadoop-ozone/integration-test/target/test-dir/MiniOzoneClusterImpl-5f3e6df4-6103-47e5-8e5a-b28ce86b0313/datanode-2/data/ratis/6d4c24ab-ff3f-4a96-9a2c-36dc58da704c
2023-03-29 21:16:02,446 [pool-119-thread-1] INFO  server.RaftServerConfigKeys (ConfUtils.java:logGet(46)) - raft.server.log.queue.byte-limit = 4294967296 (custom)
2023-03-29 21:16:02,446 [pool-119-thread-1] INFO  server.RaftServerConfigKeys (ConfUtils.java:logGet(46)) - raft.server.log.queue.element-limit = 1024 (custom)
2023-03-29 21:16:02,446 [pool-119-thread-1] INFO  server.RaftServerConfigKeys (ConfUtils.java:logGet(46)) - raft.server.log.segment.size.max = 1048576 (custom)
2023-03-29 21:16:02,446 [pool-119-thread-1] INFO  server.RaftServerConfigKeys (ConfUtils.java:logGet(46)) - raft.server.log.preallocated.size = 16384 (custom)
2023-03-29 21:16:02,446 [pool-119-thread-1] INFO  server.RaftServerConfigKeys (ConfUtils.java:logGet(46)) - raft.server.log.force.sync.num = 128 (default)
2023-03-29 21:16:02,446 [pool-119-thread-1] INFO  server.RaftServerConfigKeys (ConfUtils.java:logGet(46)) - raft.server.log.statemachine.data.sync = true (default)
2023-03-29 21:16:02,446 [pool-119-thread-1] INFO  server.RaftServerConfigKeys (ConfUtils.java:logGet(46)) - raft.server.log.statemachine.data.sync.timeout = 10s (default)
2023-03-29 21:16:02,446 [pool-119-thread-1] INFO  server.RaftServerConfigKeys (ConfUtils.java:logGet(46)) - raft.server.log.statemachine.data.sync.timeout.retry = -1 (default)
2023-03-29 21:16:02,447 [EventQueue-OpenPipelineForHealthyPipelineSafeModeRule] INFO  safemode.SCMSafeModeManager (HealthyPipelineSafeModeRule.java:process(137)) - SCM in safe mode. Healthy pipelines reported count is 0, required healthy pipeline reported count is 1
2023-03-29 21:16:02,448 [pool-119-thread-1] INFO  server.RaftServerConfigKeys (ConfUtils.java:logGet(46)) - raft.server.log.write.buffer.size = 1048576 (custom)
2023-03-29 21:16:02,450 [pool-119-thread-1] INFO  server.RaftServerConfigKeys (ConfUtils.java:logGet(46)) - raft.server.log.appender.buffer.byte-limit = 33554432 (custom)
2023-03-29 21:16:02,456 [pool-119-thread-1] INFO  server.RaftServerConfigKeys (ConfUtils.java:logGet(46)) - raft.server.log.unsafe-flush.enabled = false (default)
2023-03-29 21:16:02,457 [pool-119-thread-1] INFO  server.RaftServerConfigKeys (ConfUtils.java:logGet(46)) - raft.server.log.async-flush.enabled = false (default)
2023-03-29 21:16:02,457 [pool-119-thread-1] INFO  server.RaftServerConfigKeys (ConfUtils.java:logGet(46)) - raft.server.log.statemachine.data.caching.enabled = true (custom)
2023-03-29 21:16:02,457 [pool-119-thread-1] INFO  segmented.SegmentedRaftLogWorker (SegmentedRaftLogWorker.java:lambda$new$0(135)) - b7545b0c-a4b8-458e-a79e-332c552b3ba3@group-36DC58DA704C-SegmentedRaftLogWorker: flushIndex: setUnconditionally 0 -> -1
2023-03-29 21:16:02,457 [pool-119-thread-1] INFO  segmented.SegmentedRaftLogWorker (SegmentedRaftLogWorker.java:lambda$new$0(135)) - b7545b0c-a4b8-458e-a79e-332c552b3ba3@group-36DC58DA704C-SegmentedRaftLogWorker: safeCacheEvictIndex: setUnconditionally 0 -> -1
2023-03-29 21:16:02,457 [pool-119-thread-1] INFO  server.RaftServer$Division (RaftServerImpl.java:start(334)) - b7545b0c-a4b8-458e-a79e-332c552b3ba3@group-36DC58DA704C: start as a follower, conf=-1: peers:[c5f0e82b-af1b-4789-ae30-308dce149649|rpc:10.1.0.17:34327|dataStream:10.1.0.17:39979|priority:0|startupRole:FOLLOWER, b7545b0c-a4b8-458e-a79e-332c552b3ba3|rpc:10.1.0.17:33261|dataStream:10.1.0.17:42261|priority:0|startupRole:FOLLOWER, e24e525b-11e0-482b-97ed-e0be4d88ae43|rpc:10.1.0.17:35637|dataStream:10.1.0.17:38769|priority:1|startupRole:FOLLOWER]|listeners:[], old=null
2023-03-29 21:16:02,457 [pool-119-thread-1] INFO  server.RaftServer$Division (RaftServerImpl.java:setRole(321)) - b7545b0c-a4b8-458e-a79e-332c552b3ba3@group-36DC58DA704C: changes role from      null to FOLLOWER at term 0 for startAsFollower
2023-03-29 21:16:02,457 [pool-119-thread-1] INFO  impl.RoleInfo (RoleInfo.java:updateAndGet(139)) - b7545b0c-a4b8-458e-a79e-332c552b3ba3: start b7545b0c-a4b8-458e-a79e-332c552b3ba3@group-36DC58DA704C-FollowerState
2023-03-29 21:16:02,465 [pool-119-thread-1] INFO  util.JmxRegister (JmxRegister.java:tryRegister(44)) - Successfully registered JMX Bean with object name Ratis:service=RaftServer,group=group-36DC58DA704C,id=b7545b0c-a4b8-458e-a79e-332c552b3ba3
2023-03-29 21:16:02,465 [pool-119-thread-1] INFO  server.RaftServerConfigKeys (ConfUtils.java:logGet(46)) - raft.server.snapshot.auto.trigger.enabled = true (custom)
2023-03-29 21:16:02,465 [pool-119-thread-1] INFO  server.RaftServerConfigKeys (ConfUtils.java:logGet(46)) - raft.server.snapshot.auto.trigger.threshold = 10000 (custom)
2023-03-29 21:16:02,465 [pool-119-thread-1] INFO  server.RaftServerConfigKeys (ConfUtils.java:logGet(46)) - raft.server.snapshot.retention.file.num = 5 (custom)
2023-03-29 21:16:02,465 [pool-119-thread-1] INFO  server.RaftServerConfigKeys (ConfUtils.java:logGet(46)) - raft.server.log.purge.upto.snapshot.index = false (default)
2023-03-29 21:16:02,467 [Command processor thread] INFO  ratis.XceiverServerRatis (XceiverServerRatis.java:addGroup(806)) - Created group PipelineID=6d4c24ab-ff3f-4a96-9a2c-36dc58da704c
2023-03-29 21:16:02,467 [b7545b0c-a4b8-458e-a79e-332c552b3ba3@group-36DC58DA704C-FollowerState] INFO  server.RaftServerConfigKeys (ConfUtils.java:logFallback(53)) - raft.server.rpc.first-election.timeout.min = 5s (fallback to raft.server.rpc.timeout.min)
2023-03-29 21:16:02,477 [b7545b0c-a4b8-458e-a79e-332c552b3ba3@group-36DC58DA704C-FollowerState] INFO  server.RaftServerConfigKeys (ConfUtils.java:logFallback(53)) - raft.server.rpc.first-election.timeout.max = 5200ms (fallback to raft.server.rpc.timeout.max)
2023-03-29 21:16:02,487 [Command processor thread] INFO  commandhandler.CreatePipelineCommandHandler (CreatePipelineCommandHandler.java:handle(113)) - Created Pipeline RATIS THREE PipelineID=6d4c24ab-ff3f-4a96-9a2c-36dc58da704c.
2023-03-29 21:16:02,519 [Command processor thread] INFO  commandhandler.CreatePipelineCommandHandler (CreatePipelineCommandHandler.java:handle(113)) - Created Pipeline RATIS THREE PipelineID=6d4c24ab-ff3f-4a96-9a2c-36dc58da704c.
2023-03-29 21:16:02,537 [Command processor thread] INFO  commandhandler.CreatePipelineCommandHandler (CreatePipelineCommandHandler.java:handle(113)) - Created Pipeline RATIS THREE PipelineID=6d4c24ab-ff3f-4a96-9a2c-36dc58da704c.
2023-03-29 21:16:03,394 [Listener at 127.0.0.1/35747] INFO  ozone.MiniOzoneClusterImpl (MiniOzoneClusterImpl.java:lambda$waitForClusterToBeReady$0(222)) - Nodes are ready. Got 3 of 3 DN Heartbeats.
2023-03-29 21:16:03,395 [Listener at 127.0.0.1/35747] INFO  ozone.MiniOzoneClusterImpl (MiniOzoneClusterImpl.java:lambda$waitForClusterToBeReady$0(225)) - Waiting for cluster to exit safe mode
2023-03-29 21:16:03,395 [Listener at 127.0.0.1/35747] INFO  ozone.MiniOzoneClusterImpl (MiniOzoneClusterImpl.java:lambda$waitForClusterToBeReady$0(227)) - SCM became leader
2023-03-29 21:16:04,395 [Listener at 127.0.0.1/35747] INFO  ozone.MiniOzoneClusterImpl (MiniOzoneClusterImpl.java:lambda$waitForClusterToBeReady$0(222)) - Nodes are ready. Got 3 of 3 DN Heartbeats.
2023-03-29 21:16:04,395 [Listener at 127.0.0.1/35747] INFO  ozone.MiniOzoneClusterImpl (MiniOzoneClusterImpl.java:lambda$waitForClusterToBeReady$0(225)) - Waiting for cluster to exit safe mode
2023-03-29 21:16:04,395 [Listener at 127.0.0.1/35747] INFO  ozone.MiniOzoneClusterImpl (MiniOzoneClusterImpl.java:lambda$waitForClusterToBeReady$0(227)) - SCM became leader
2023-03-29 21:16:05,395 [Listener at 127.0.0.1/35747] INFO  ozone.MiniOzoneClusterImpl (MiniOzoneClusterImpl.java:lambda$waitForClusterToBeReady$0(222)) - Nodes are ready. Got 3 of 3 DN Heartbeats.
2023-03-29 21:16:05,395 [Listener at 127.0.0.1/35747] INFO  ozone.MiniOzoneClusterImpl (MiniOzoneClusterImpl.java:lambda$waitForClusterToBeReady$0(225)) - Waiting for cluster to exit safe mode
2023-03-29 21:16:05,396 [Listener at 127.0.0.1/35747] INFO  ozone.MiniOzoneClusterImpl (MiniOzoneClusterImpl.java:lambda$waitForClusterToBeReady$0(227)) - SCM became leader
2023-03-29 21:16:06,396 [Listener at 127.0.0.1/35747] INFO  ozone.MiniOzoneClusterImpl (MiniOzoneClusterImpl.java:lambda$waitForClusterToBeReady$0(222)) - Nodes are ready. Got 3 of 3 DN Heartbeats.
2023-03-29 21:16:06,396 [Listener at 127.0.0.1/35747] INFO  ozone.MiniOzoneClusterImpl (MiniOzoneClusterImpl.java:lambda$waitForClusterToBeReady$0(225)) - Waiting for cluster to exit safe mode
2023-03-29 21:16:06,396 [Listener at 127.0.0.1/35747] INFO  ozone.MiniOzoneClusterImpl (MiniOzoneClusterImpl.java:lambda$waitForClusterToBeReady$0(227)) - SCM became leader
2023-03-29 21:16:06,585 [c5f0e82b-af1b-4789-ae30-308dce149649@group-C04DF5843E0E-FollowerState] INFO  impl.FollowerState (FollowerState.java:run(143)) - c5f0e82b-af1b-4789-ae30-308dce149649@group-C04DF5843E0E-FollowerState: change to CANDIDATE, lastRpcElapsedTime:5115227317ns, electionTimeout:5113ms
2023-03-29 21:16:06,585 [c5f0e82b-af1b-4789-ae30-308dce149649@group-C04DF5843E0E-FollowerState] INFO  impl.RoleInfo (RoleInfo.java:shutdownFollowerState(110)) - c5f0e82b-af1b-4789-ae30-308dce149649: shutdown c5f0e82b-af1b-4789-ae30-308dce149649@group-C04DF5843E0E-FollowerState
2023-03-29 21:16:06,586 [c5f0e82b-af1b-4789-ae30-308dce149649@group-C04DF5843E0E-FollowerState] INFO  server.RaftServer$Division (RaftServerImpl.java:setRole(321)) - c5f0e82b-af1b-4789-ae30-308dce149649@group-C04DF5843E0E: changes role from  FOLLOWER to CANDIDATE at term 0 for changeToCandidate
2023-03-29 21:16:06,586 [c5f0e82b-af1b-4789-ae30-308dce149649@group-C04DF5843E0E-FollowerState] INFO  server.RaftServerConfigKeys (ConfUtils.java:logGet(46)) - raft.server.leaderelection.pre-vote = true (default)
2023-03-29 21:16:06,586 [c5f0e82b-af1b-4789-ae30-308dce149649@group-C04DF5843E0E-FollowerState] INFO  impl.RoleInfo (RoleInfo.java:updateAndGet(139)) - c5f0e82b-af1b-4789-ae30-308dce149649: start c5f0e82b-af1b-4789-ae30-308dce149649@group-C04DF5843E0E-LeaderElection2
2023-03-29 21:16:06,591 [c5f0e82b-af1b-4789-ae30-308dce149649@group-C04DF5843E0E-LeaderElection2] INFO  impl.LeaderElection (LeaderElection.java:askForVotes(312)) - c5f0e82b-af1b-4789-ae30-308dce149649@group-C04DF5843E0E-LeaderElection2 PRE_VOTE round 0: submit vote requests at term 0 for -1: peers:[c5f0e82b-af1b-4789-ae30-308dce149649|rpc:10.1.0.17:34327|dataStream:10.1.0.17:39979|priority:0|startupRole:FOLLOWER, b7545b0c-a4b8-458e-a79e-332c552b3ba3|rpc:10.1.0.17:33261|dataStream:10.1.0.17:42261|priority:1|startupRole:FOLLOWER, e24e525b-11e0-482b-97ed-e0be4d88ae43|rpc:10.1.0.17:35637|dataStream:10.1.0.17:38769|priority:0|startupRole:FOLLOWER]|listeners:[], old=null
2023-03-29 21:16:06,596 [c5f0e82b-af1b-4789-ae30-308dce149649@group-C04DF5843E0E-LeaderElection2] INFO  server.RaftServerConfigKeys (ConfUtils.java:logFallback(53)) - raft.server.rpc.first-election.timeout.min = 5s (fallback to raft.server.rpc.timeout.min)
2023-03-29 21:16:06,596 [c5f0e82b-af1b-4789-ae30-308dce149649@group-C04DF5843E0E-LeaderElection2] INFO  server.RaftServerConfigKeys (ConfUtils.java:logFallback(53)) - raft.server.rpc.first-election.timeout.max = 5200ms (fallback to raft.server.rpc.timeout.max)
2023-03-29 21:16:06,596 [c5f0e82b-af1b-4789-ae30-308dce149649@group-C04DF5843E0E-LeaderElection2-1] INFO  server.GrpcServerProtocolClient (GrpcServerProtocolClient.java:<init>(63)) - Build channel for b7545b0c-a4b8-458e-a79e-332c552b3ba3
2023-03-29 21:16:06,598 [c5f0e82b-af1b-4789-ae30-308dce149649@group-C04DF5843E0E-LeaderElection2-2] INFO  server.GrpcServerProtocolClient (GrpcServerProtocolClient.java:<init>(63)) - Build channel for e24e525b-11e0-482b-97ed-e0be4d88ae43
2023-03-29 21:16:06,614 [grpc-default-executor-1] INFO  server.RaftServer$Division (RaftServerImpl.java:requestVote(1218)) - e24e525b-11e0-482b-97ed-e0be4d88ae43@group-C04DF5843E0E: receive requestVote(PRE_VOTE, c5f0e82b-af1b-4789-ae30-308dce149649, group-C04DF5843E0E, 0, (t:0, i:0))
2023-03-29 21:16:06,616 [grpc-default-executor-1] INFO  impl.VoteContext (VoteContext.java:log(49)) - e24e525b-11e0-482b-97ed-e0be4d88ae43@group-C04DF5843E0E-FOLLOWER: accept PRE_VOTE from c5f0e82b-af1b-4789-ae30-308dce149649: our priority 0 <= candidate's priority 0
2023-03-29 21:16:06,619 [grpc-default-executor-1] INFO  server.RaftServer$Division (RaftServerImpl.java:requestVote(1251)) - e24e525b-11e0-482b-97ed-e0be4d88ae43@group-C04DF5843E0E replies to PRE_VOTE vote request: c5f0e82b-af1b-4789-ae30-308dce149649<-e24e525b-11e0-482b-97ed-e0be4d88ae43#0:OK-t0. Peer's state: e24e525b-11e0-482b-97ed-e0be4d88ae43@group-C04DF5843E0E:t0, leader=null, voted=, raftlog=Memoized:e24e525b-11e0-482b-97ed-e0be4d88ae43@group-C04DF5843E0E-SegmentedRaftLog:OPENED:c-1, conf=-1: peers:[c5f0e82b-af1b-4789-ae30-308dce149649|rpc:10.1.0.17:34327|dataStream:10.1.0.17:39979|priority:0|startupRole:FOLLOWER, b7545b0c-a4b8-458e-a79e-332c552b3ba3|rpc:10.1.0.17:33261|dataStream:10.1.0.17:42261|priority:1|startupRole:FOLLOWER, e24e525b-11e0-482b-97ed-e0be4d88ae43|rpc:10.1.0.17:35637|dataStream:10.1.0.17:38769|priority:0|startupRole:FOLLOWER]|listeners:[], old=null
2023-03-29 21:16:06,625 [c5f0e82b-af1b-4789-ae30-308dce149649@group-80FDC6F049CF-FollowerState] INFO  impl.FollowerState (FollowerState.java:run(143)) - c5f0e82b-af1b-4789-ae30-308dce149649@group-80FDC6F049CF-FollowerState: change to CANDIDATE, lastRpcElapsedTime:5191784978ns, electionTimeout:5187ms
2023-03-29 21:16:06,626 [c5f0e82b-af1b-4789-ae30-308dce149649@group-80FDC6F049CF-FollowerState] INFO  impl.RoleInfo (RoleInfo.java:shutdownFollowerState(110)) - c5f0e82b-af1b-4789-ae30-308dce149649: shutdown c5f0e82b-af1b-4789-ae30-308dce149649@group-80FDC6F049CF-FollowerState
2023-03-29 21:16:06,626 [c5f0e82b-af1b-4789-ae30-308dce149649@group-80FDC6F049CF-FollowerState] INFO  server.RaftServer$Division (RaftServerImpl.java:setRole(321)) - c5f0e82b-af1b-4789-ae30-308dce149649@group-80FDC6F049CF: changes role from  FOLLOWER to CANDIDATE at term 0 for changeToCandidate
2023-03-29 21:16:06,626 [c5f0e82b-af1b-4789-ae30-308dce149649@group-80FDC6F049CF-FollowerState] INFO  server.RaftServerConfigKeys (ConfUtils.java:logGet(46)) - raft.server.leaderelection.pre-vote = true (default)
2023-03-29 21:16:06,626 [c5f0e82b-af1b-4789-ae30-308dce149649@group-80FDC6F049CF-FollowerState] INFO  impl.RoleInfo (RoleInfo.java:updateAndGet(139)) - c5f0e82b-af1b-4789-ae30-308dce149649: start c5f0e82b-af1b-4789-ae30-308dce149649@group-80FDC6F049CF-LeaderElection3
2023-03-29 21:16:06,634 [grpc-default-executor-1] INFO  server.RaftServer$Division (RaftServerImpl.java:requestVote(1218)) - b7545b0c-a4b8-458e-a79e-332c552b3ba3@group-C04DF5843E0E: receive requestVote(PRE_VOTE, c5f0e82b-af1b-4789-ae30-308dce149649, group-C04DF5843E0E, 0, (t:0, i:0))
2023-03-29 21:16:06,635 [grpc-default-executor-1] INFO  impl.VoteContext (VoteContext.java:log(49)) - b7545b0c-a4b8-458e-a79e-332c552b3ba3@group-C04DF5843E0E-FOLLOWER: reject PRE_VOTE from c5f0e82b-af1b-4789-ae30-308dce149649: our priority 1 > candidate's priority 0
2023-03-29 21:16:06,635 [grpc-default-executor-1] INFO  server.RaftServer$Division (RaftServerImpl.java:requestVote(1251)) - b7545b0c-a4b8-458e-a79e-332c552b3ba3@group-C04DF5843E0E replies to PRE_VOTE vote request: c5f0e82b-af1b-4789-ae30-308dce149649<-b7545b0c-a4b8-458e-a79e-332c552b3ba3#0:FAIL-t0. Peer's state: b7545b0c-a4b8-458e-a79e-332c552b3ba3@group-C04DF5843E0E:t0, leader=null, voted=, raftlog=Memoized:b7545b0c-a4b8-458e-a79e-332c552b3ba3@group-C04DF5843E0E-SegmentedRaftLog:OPENED:c-1, conf=-1: peers:[c5f0e82b-af1b-4789-ae30-308dce149649|rpc:10.1.0.17:34327|dataStream:10.1.0.17:39979|priority:0|startupRole:FOLLOWER, b7545b0c-a4b8-458e-a79e-332c552b3ba3|rpc:10.1.0.17:33261|dataStream:10.1.0.17:42261|priority:1|startupRole:FOLLOWER, e24e525b-11e0-482b-97ed-e0be4d88ae43|rpc:10.1.0.17:35637|dataStream:10.1.0.17:38769|priority:0|startupRole:FOLLOWER]|listeners:[], old=null
2023-03-29 21:16:06,636 [c5f0e82b-af1b-4789-ae30-308dce149649@group-C04DF5843E0E-LeaderElection2] INFO  impl.LeaderElection (LeaderElection.java:logAndReturn(90)) - c5f0e82b-af1b-4789-ae30-308dce149649@group-C04DF5843E0E-LeaderElection2: PRE_VOTE REJECTED received 2 response(s) and 0 exception(s):
2023-03-29 21:16:06,636 [c5f0e82b-af1b-4789-ae30-308dce149649@group-C04DF5843E0E-LeaderElection2] INFO  impl.LeaderElection (LeaderElection.java:logAndReturn(94)) -   Response 0: c5f0e82b-af1b-4789-ae30-308dce149649<-b7545b0c-a4b8-458e-a79e-332c552b3ba3#0:FAIL-t0
2023-03-29 21:16:06,636 [c5f0e82b-af1b-4789-ae30-308dce149649@group-C04DF5843E0E-LeaderElection2] INFO  impl.LeaderElection (LeaderElection.java:logAndReturn(94)) -   Response 1: c5f0e82b-af1b-4789-ae30-308dce149649<-e24e525b-11e0-482b-97ed-e0be4d88ae43#0:OK-t0
2023-03-29 21:16:06,636 [c5f0e82b-af1b-4789-ae30-308dce149649@group-C04DF5843E0E-LeaderElection2] INFO  impl.LeaderElection (LeaderElection.java:askForVotes(314)) - c5f0e82b-af1b-4789-ae30-308dce149649@group-C04DF5843E0E-LeaderElection2 PRE_VOTE round 0: result REJECTED
2023-03-29 21:16:06,637 [c5f0e82b-af1b-4789-ae30-308dce149649@group-C04DF5843E0E-LeaderElection2] INFO  server.RaftServer$Division (RaftServerImpl.java:setRole(321)) - c5f0e82b-af1b-4789-ae30-308dce149649@group-C04DF5843E0E: changes role from CANDIDATE to FOLLOWER at term 0 for REJECTED
2023-03-29 21:16:06,637 [c5f0e82b-af1b-4789-ae30-308dce149649@group-C04DF5843E0E-LeaderElection2] INFO  impl.RoleInfo (RoleInfo.java:shutdownLeaderElection(130)) - c5f0e82b-af1b-4789-ae30-308dce149649: shutdown c5f0e82b-af1b-4789-ae30-308dce149649@group-C04DF5843E0E-LeaderElection2
2023-03-29 21:16:06,637 [c5f0e82b-af1b-4789-ae30-308dce149649@group-C04DF5843E0E-LeaderElection2] INFO  impl.RoleInfo (RoleInfo.java:updateAndGet(139)) - c5f0e82b-af1b-4789-ae30-308dce149649: start c5f0e82b-af1b-4789-ae30-308dce149649@group-C04DF5843E0E-FollowerState
2023-03-29 21:16:06,646 [c5f0e82b-af1b-4789-ae30-308dce149649@group-C04DF5843E0E-FollowerState] INFO  server.RaftServerConfigKeys (ConfUtils.java:logFallback(53)) - raft.server.rpc.first-election.timeout.min = 5s (fallback to raft.server.rpc.timeout.min)
2023-03-29 21:16:06,646 [c5f0e82b-af1b-4789-ae30-308dce149649@group-C04DF5843E0E-FollowerState] INFO  server.RaftServerConfigKeys (ConfUtils.java:logFallback(53)) - raft.server.rpc.first-election.timeout.max = 5200ms (fallback to raft.server.rpc.timeout.max)
2023-03-29 21:16:06,646 [c5f0e82b-af1b-4789-ae30-308dce149649@group-80FDC6F049CF-LeaderElection3] INFO  impl.LeaderElection (LeaderElection.java:askForVotes(312)) - c5f0e82b-af1b-4789-ae30-308dce149649@group-80FDC6F049CF-LeaderElection3 PRE_VOTE round 0: submit vote requests at term 0 for -1: peers:[c5f0e82b-af1b-4789-ae30-308dce149649|rpc:10.1.0.17:34327|dataStream:10.1.0.17:39979|priority:1|startupRole:FOLLOWER]|listeners:[], old=null
2023-03-29 21:16:06,647 [c5f0e82b-af1b-4789-ae30-308dce149649@group-80FDC6F049CF-LeaderElection3] INFO  impl.LeaderElection (LeaderElection.java:askForVotes(314)) - c5f0e82b-af1b-4789-ae30-308dce149649@group-80FDC6F049CF-LeaderElection3 PRE_VOTE round 0: result PASSED (term=0)
2023-03-29 21:16:06,648 [c5f0e82b-af1b-4789-ae30-308dce149649@group-80FDC6F049CF-LeaderElection3] INFO  impl.LeaderElection (LeaderElection.java:askForVotes(312)) - c5f0e82b-af1b-4789-ae30-308dce149649@group-80FDC6F049CF-LeaderElection3 ELECTION round 0: submit vote requests at term 1 for -1: peers:[c5f0e82b-af1b-4789-ae30-308dce149649|rpc:10.1.0.17:34327|dataStream:10.1.0.17:39979|priority:1|startupRole:FOLLOWER]|listeners:[], old=null
2023-03-29 21:16:06,648 [c5f0e82b-af1b-4789-ae30-308dce149649@group-80FDC6F049CF-LeaderElection3] INFO  impl.LeaderElection (LeaderElection.java:askForVotes(314)) - c5f0e82b-af1b-4789-ae30-308dce149649@group-80FDC6F049CF-LeaderElection3 ELECTION round 0: result PASSED (term=1)
2023-03-29 21:16:06,648 [c5f0e82b-af1b-4789-ae30-308dce149649@group-80FDC6F049CF-LeaderElection3] INFO  impl.RoleInfo (RoleInfo.java:shutdownLeaderElection(130)) - c5f0e82b-af1b-4789-ae30-308dce149649: shutdown c5f0e82b-af1b-4789-ae30-308dce149649@group-80FDC6F049CF-LeaderElection3
2023-03-29 21:16:06,648 [c5f0e82b-af1b-4789-ae30-308dce149649@group-80FDC6F049CF-LeaderElection3] INFO  server.RaftServer$Division (RaftServerImpl.java:setRole(321)) - c5f0e82b-af1b-4789-ae30-308dce149649@group-80FDC6F049CF: changes role from CANDIDATE to LEADER at term 1 for changeToLeader
2023-03-29 21:16:06,648 [c5f0e82b-af1b-4789-ae30-308dce149649@group-80FDC6F049CF-LeaderElection3] INFO  ratis.XceiverServerRatis (XceiverServerRatis.java:handleLeaderChangedNotification(904)) - Leader change notification received for group: group-80FDC6F049CF with new leaderId: c5f0e82b-af1b-4789-ae30-308dce149649
2023-03-29 21:16:06,648 [c5f0e82b-af1b-4789-ae30-308dce149649@group-80FDC6F049CF-LeaderElection3] INFO  server.RaftServer$Division (ServerState.java:setLeader(313)) - c5f0e82b-af1b-4789-ae30-308dce149649@group-80FDC6F049CF: change Leader from null to c5f0e82b-af1b-4789-ae30-308dce149649 at term 1 for becomeLeader, leader elected after 5252ms
2023-03-29 21:16:06,649 [c5f0e82b-af1b-4789-ae30-308dce149649@group-80FDC6F049CF-LeaderElection3] INFO  server.RaftServerConfigKeys (ConfUtils.java:logGet(46)) - raft.server.staging.catchup.gap = 1000 (default)
2023-03-29 21:16:06,649 [c5f0e82b-af1b-4789-ae30-308dce149649@group-80FDC6F049CF-LeaderElection3] INFO  server.RaftServerConfigKeys (ConfUtils.java:logGet(46)) - raft.server.write.element-limit = 1024 (custom)
2023-03-29 21:16:06,649 [c5f0e82b-af1b-4789-ae30-308dce149649@group-80FDC6F049CF-LeaderElection3] INFO  server.RaftServerConfigKeys (ConfUtils.java:logGet(46)) - raft.server.write.byte-limit = 1024 M (=1073741824) (custom)
2023-03-29 21:16:06,649 [c5f0e82b-af1b-4789-ae30-308dce149649@group-80FDC6F049CF-LeaderElection3] INFO  server.RaftServerConfigKeys (ConfUtils.java:logGet(46)) - raft.server.watch.timeout = 180s (custom)
2023-03-29 21:16:06,649 [c5f0e82b-af1b-4789-ae30-308dce149649@group-80FDC6F049CF-LeaderElection3] INFO  server.RaftServerConfigKeys (ConfUtils.java:logGet(46)) - raft.server.watch.timeout.denomination = 1s (default)
2023-03-29 21:16:06,649 [c5f0e82b-af1b-4789-ae30-308dce149649@group-80FDC6F049CF-LeaderElection3] INFO  server.RaftServerConfigKeys (ConfUtils.java:logGet(46)) - raft.server.watch.element-limit = 65536 (default)
2023-03-29 21:16:06,649 [c5f0e82b-af1b-4789-ae30-308dce149649@group-80FDC6F049CF-LeaderElection3] INFO  server.RaftServerConfigKeys (ConfUtils.java:logGet(46)) - raft.server.write.element-limit = 1024 (custom)
2023-03-29 21:16:06,649 [c5f0e82b-af1b-4789-ae30-308dce149649@group-80FDC6F049CF-LeaderElection3] INFO  server.RaftServerConfigKeys (ConfUtils.java:logGet(46)) - raft.server.write.follower.gap.ratio.max = -1.0 (default)
2023-03-29 21:16:06,651 [EventQueue-OpenPipelineForHealthyPipelineSafeModeRule] INFO  safemode.SCMSafeModeManager (HealthyPipelineSafeModeRule.java:process(137)) - SCM in safe mode. Healthy pipelines reported count is 0, required healthy pipeline reported count is 1
2023-03-29 21:16:06,652 [c5f0e82b-af1b-4789-ae30-308dce149649@group-80FDC6F049CF-LeaderElection3] INFO  impl.RoleInfo (RoleInfo.java:updateAndGet(139)) - c5f0e82b-af1b-4789-ae30-308dce149649: start c5f0e82b-af1b-4789-ae30-308dce149649@group-80FDC6F049CF-LeaderStateImpl
2023-03-29 21:16:06,652 [c5f0e82b-af1b-4789-ae30-308dce149649@group-80FDC6F049CF-LeaderElection3] INFO  segmented.SegmentedRaftLogWorker (SegmentedRaftLogWorker.java:startLogSegment(452)) - c5f0e82b-af1b-4789-ae30-308dce149649@group-80FDC6F049CF-SegmentedRaftLogWorker: Starting segment from index:0
2023-03-29 21:16:06,653 [c5f0e82b-af1b-4789-ae30-308dce149649@group-80FDC6F049CF-SegmentedRaftLogWorker] INFO  segmented.SegmentedRaftLogWorker (SegmentedRaftLogWorker.java:execute(656)) - c5f0e82b-af1b-4789-ae30-308dce149649@group-80FDC6F049CF-SegmentedRaftLogWorker: created new log segment /home/runner/work/ozone/ozone/hadoop-ozone/integration-test/target/test-dir/MiniOzoneClusterImpl-5f3e6df4-6103-47e5-8e5a-b28ce86b0313/datanode-0/data/ratis/112736f0-bd29-43e0-ad49-80fdc6f049cf/current/log_inprogress_0
2023-03-29 21:16:06,658 [c5f0e82b-af1b-4789-ae30-308dce149649@group-80FDC6F049CF-LeaderElection3] INFO  server.RaftServer$Division (ServerState.java:setRaftConf(430)) - c5f0e82b-af1b-4789-ae30-308dce149649@group-80FDC6F049CF: set configuration 0: peers:[c5f0e82b-af1b-4789-ae30-308dce149649|rpc:10.1.0.17:34327|dataStream:10.1.0.17:39979|priority:1|startupRole:FOLLOWER]|listeners:[], old=null
2023-03-29 21:16:07,264 [e24e525b-11e0-482b-97ed-e0be4d88ae43@group-354EEF566C65-FollowerState] INFO  impl.FollowerState (FollowerState.java:run(143)) - e24e525b-11e0-482b-97ed-e0be4d88ae43@group-354EEF566C65-FollowerState: change to CANDIDATE, lastRpcElapsedTime:5182824942ns, electionTimeout:5166ms
2023-03-29 21:16:07,264 [e24e525b-11e0-482b-97ed-e0be4d88ae43@group-354EEF566C65-FollowerState] INFO  impl.RoleInfo (RoleInfo.java:shutdownFollowerState(110)) - e24e525b-11e0-482b-97ed-e0be4d88ae43: shutdown e24e525b-11e0-482b-97ed-e0be4d88ae43@group-354EEF566C65-FollowerState
2023-03-29 21:16:07,264 [e24e525b-11e0-482b-97ed-e0be4d88ae43@group-354EEF566C65-FollowerState] INFO  server.RaftServer$Division (RaftServerImpl.java:setRole(321)) - e24e525b-11e0-482b-97ed-e0be4d88ae43@group-354EEF566C65: changes role from  FOLLOWER to CANDIDATE at term 0 for changeToCandidate
2023-03-29 21:16:07,265 [e24e525b-11e0-482b-97ed-e0be4d88ae43@group-354EEF566C65-FollowerState] INFO  server.RaftServerConfigKeys (ConfUtils.java:logGet(46)) - raft.server.leaderelection.pre-vote = true (default)
2023-03-29 21:16:07,265 [e24e525b-11e0-482b-97ed-e0be4d88ae43@group-354EEF566C65-FollowerState] INFO  impl.RoleInfo (RoleInfo.java:updateAndGet(139)) - e24e525b-11e0-482b-97ed-e0be4d88ae43: start e24e525b-11e0-482b-97ed-e0be4d88ae43@group-354EEF566C65-LeaderElection4
2023-03-29 21:16:07,270 [e24e525b-11e0-482b-97ed-e0be4d88ae43@group-354EEF566C65-LeaderElection4] INFO  impl.LeaderElection (LeaderElection.java:askForVotes(312)) - e24e525b-11e0-482b-97ed-e0be4d88ae43@group-354EEF566C65-LeaderElection4 PRE_VOTE round 0: submit vote requests at term 0 for -1: peers:[e24e525b-11e0-482b-97ed-e0be4d88ae43|rpc:10.1.0.17:35637|dataStream:10.1.0.17:38769|priority:1|startupRole:FOLLOWER]|listeners:[], old=null
2023-03-29 21:16:07,270 [e24e525b-11e0-482b-97ed-e0be4d88ae43@group-354EEF566C65-LeaderElection4] INFO  impl.LeaderElection (LeaderElection.java:askForVotes(314)) - e24e525b-11e0-482b-97ed-e0be4d88ae43@group-354EEF566C65-LeaderElection4 PRE_VOTE round 0: result PASSED (term=0)
2023-03-29 21:16:07,272 [e24e525b-11e0-482b-97ed-e0be4d88ae43@group-354EEF566C65-LeaderElection4] INFO  impl.LeaderElection (LeaderElection.java:askForVotes(312)) - e24e525b-11e0-482b-97ed-e0be4d88ae43@group-354EEF566C65-LeaderElection4 ELECTION round 0: submit vote requests at term 1 for -1: peers:[e24e525b-11e0-482b-97ed-e0be4d88ae43|rpc:10.1.0.17:35637|dataStream:10.1.0.17:38769|priority:1|startupRole:FOLLOWER]|listeners:[], old=null
2023-03-29 21:16:07,272 [e24e525b-11e0-482b-97ed-e0be4d88ae43@group-354EEF566C65-LeaderElection4] INFO  impl.LeaderElection (LeaderElection.java:askForVotes(314)) - e24e525b-11e0-482b-97ed-e0be4d88ae43@group-354EEF566C65-LeaderElection4 ELECTION round 0: result PASSED (term=1)
2023-03-29 21:16:07,272 [e24e525b-11e0-482b-97ed-e0be4d88ae43@group-354EEF566C65-LeaderElection4] INFO  impl.RoleInfo (RoleInfo.java:shutdownLeaderElection(130)) - e24e525b-11e0-482b-97ed-e0be4d88ae43: shutdown e24e525b-11e0-482b-97ed-e0be4d88ae43@group-354EEF566C65-LeaderElection4
2023-03-29 21:16:07,272 [e24e525b-11e0-482b-97ed-e0be4d88ae43@group-354EEF566C65-LeaderElection4] INFO  server.RaftServer$Division (RaftServerImpl.java:setRole(321)) - e24e525b-11e0-482b-97ed-e0be4d88ae43@group-354EEF566C65: changes role from CANDIDATE to LEADER at term 1 for changeToLeader
2023-03-29 21:16:07,272 [e24e525b-11e0-482b-97ed-e0be4d88ae43@group-354EEF566C65-LeaderElection4] INFO  ratis.XceiverServerRatis (XceiverServerRatis.java:handleLeaderChangedNotification(904)) - Leader change notification received for group: group-354EEF566C65 with new leaderId: e24e525b-11e0-482b-97ed-e0be4d88ae43
2023-03-29 21:16:07,272 [e24e525b-11e0-482b-97ed-e0be4d88ae43@group-354EEF566C65-LeaderElection4] INFO  server.RaftServer$Division (ServerState.java:setLeader(313)) - e24e525b-11e0-482b-97ed-e0be4d88ae43@group-354EEF566C65: change Leader from null to e24e525b-11e0-482b-97ed-e0be4d88ae43 at term 1 for becomeLeader, leader elected after 5231ms
2023-03-29 21:16:07,272 [e24e525b-11e0-482b-97ed-e0be4d88ae43@group-354EEF566C65-LeaderElection4] INFO  server.RaftServerConfigKeys (ConfUtils.java:logGet(46)) - raft.server.staging.catchup.gap = 1000 (default)
2023-03-29 21:16:07,273 [EventQueue-OpenPipelineForHealthyPipelineSafeModeRule] INFO  safemode.SCMSafeModeManager (HealthyPipelineSafeModeRule.java:process(137)) - SCM in safe mode. Healthy pipelines reported count is 0, required healthy pipeline reported count is 1
2023-03-29 21:16:07,275 [e24e525b-11e0-482b-97ed-e0be4d88ae43@group-354EEF566C65-LeaderElection4] INFO  server.RaftServerConfigKeys (ConfUtils.java:logGet(46)) - raft.server.write.element-limit = 1024 (custom)
2023-03-29 21:16:07,275 [e24e525b-11e0-482b-97ed-e0be4d88ae43@group-354EEF566C65-LeaderElection4] INFO  server.RaftServerConfigKeys (ConfUtils.java:logGet(46)) - raft.server.write.byte-limit = 1024 M (=1073741824) (custom)
2023-03-29 21:16:07,275 [e24e525b-11e0-482b-97ed-e0be4d88ae43@group-354EEF566C65-LeaderElection4] INFO  server.RaftServerConfigKeys (ConfUtils.java:logGet(46)) - raft.server.watch.timeout = 180s (custom)
2023-03-29 21:16:07,275 [e24e525b-11e0-482b-97ed-e0be4d88ae43@group-354EEF566C65-LeaderElection4] INFO  server.RaftServerConfigKeys (ConfUtils.java:logGet(46)) - raft.server.watch.timeout.denomination = 1s (default)
2023-03-29 21:16:07,275 [e24e525b-11e0-482b-97ed-e0be4d88ae43@group-354EEF566C65-LeaderElection4] INFO  server.RaftServerConfigKeys (ConfUtils.java:logGet(46)) - raft.server.watch.element-limit = 65536 (default)
2023-03-29 21:16:07,275 [e24e525b-11e0-482b-97ed-e0be4d88ae43@group-354EEF566C65-LeaderElection4] INFO  server.RaftServerConfigKeys (ConfUtils.java:logGet(46)) - raft.server.write.element-limit = 1024 (custom)
2023-03-29 21:16:07,275 [e24e525b-11e0-482b-97ed-e0be4d88ae43@group-354EEF566C65-LeaderElection4] INFO  server.RaftServerConfigKeys (ConfUtils.java:logGet(46)) - raft.server.write.follower.gap.ratio.max = -1.0 (default)
2023-03-29 21:16:07,275 [e24e525b-11e0-482b-97ed-e0be4d88ae43@group-354EEF566C65-LeaderElection4] INFO  impl.RoleInfo (RoleInfo.java:updateAndGet(139)) - e24e525b-11e0-482b-97ed-e0be4d88ae43: start e24e525b-11e0-482b-97ed-e0be4d88ae43@group-354EEF566C65-LeaderStateImpl
2023-03-29 21:16:07,276 [e24e525b-11e0-482b-97ed-e0be4d88ae43@group-354EEF566C65-LeaderElection4] INFO  segmented.SegmentedRaftLogWorker (SegmentedRaftLogWorker.java:startLogSegment(452)) - e24e525b-11e0-482b-97ed-e0be4d88ae43@group-354EEF566C65-SegmentedRaftLogWorker: Starting segment from index:0
2023-03-29 21:16:07,277 [e24e525b-11e0-482b-97ed-e0be4d88ae43@group-354EEF566C65-LeaderElection4] INFO  server.RaftServer$Division (ServerState.java:setRaftConf(430)) - e24e525b-11e0-482b-97ed-e0be4d88ae43@group-354EEF566C65: set configuration 0: peers:[e24e525b-11e0-482b-97ed-e0be4d88ae43|rpc:10.1.0.17:35637|dataStream:10.1.0.17:38769|priority:1|startupRole:FOLLOWER]|listeners:[], old=null
2023-03-29 21:16:07,278 [e24e525b-11e0-482b-97ed-e0be4d88ae43@group-354EEF566C65-SegmentedRaftLogWorker] INFO  segmented.SegmentedRaftLogWorker (SegmentedRaftLogWorker.java:execute(656)) - e24e525b-11e0-482b-97ed-e0be4d88ae43@group-354EEF566C65-SegmentedRaftLogWorker: created new log segment /home/runner/work/ozone/ozone/hadoop-ozone/integration-test/target/test-dir/MiniOzoneClusterImpl-5f3e6df4-6103-47e5-8e5a-b28ce86b0313/datanode-1/data/ratis/829bb69b-3f89-456d-b42e-354eef566c65/current/log_inprogress_0
2023-03-29 21:16:07,314 [b7545b0c-a4b8-458e-a79e-332c552b3ba3@group-C04DF5843E0E-FollowerState] INFO  impl.FollowerState (FollowerState.java:run(143)) - b7545b0c-a4b8-458e-a79e-332c552b3ba3@group-C04DF5843E0E-FollowerState: change to CANDIDATE, lastRpcElapsedTime:5189084223ns, electionTimeout:5177ms
2023-03-29 21:16:07,315 [b7545b0c-a4b8-458e-a79e-332c552b3ba3@group-C04DF5843E0E-FollowerState] INFO  impl.RoleInfo (RoleInfo.java:shutdownFollowerState(110)) - b7545b0c-a4b8-458e-a79e-332c552b3ba3: shutdown b7545b0c-a4b8-458e-a79e-332c552b3ba3@group-C04DF5843E0E-FollowerState
2023-03-29 21:16:07,315 [b7545b0c-a4b8-458e-a79e-332c552b3ba3@group-C04DF5843E0E-FollowerState] INFO  server.RaftServer$Division (RaftServerImpl.java:setRole(321)) - b7545b0c-a4b8-458e-a79e-332c552b3ba3@group-C04DF5843E0E: changes role from  FOLLOWER to CANDIDATE at term 0 for changeToCandidate
2023-03-29 21:16:07,316 [b7545b0c-a4b8-458e-a79e-332c552b3ba3@group-C04DF5843E0E-FollowerState] INFO  server.RaftServerConfigKeys (ConfUtils.java:logGet(46)) - raft.server.leaderelection.pre-vote = true (default)
2023-03-29 21:16:07,316 [b7545b0c-a4b8-458e-a79e-332c552b3ba3@group-C04DF5843E0E-FollowerState] INFO  impl.RoleInfo (RoleInfo.java:updateAndGet(139)) - b7545b0c-a4b8-458e-a79e-332c552b3ba3: start b7545b0c-a4b8-458e-a79e-332c552b3ba3@group-C04DF5843E0E-LeaderElection5
2023-03-29 21:16:07,318 [b7545b0c-a4b8-458e-a79e-332c552b3ba3@group-C04DF5843E0E-LeaderElection5] INFO  impl.LeaderElection (LeaderElection.java:askForVotes(312)) - b7545b0c-a4b8-458e-a79e-332c552b3ba3@group-C04DF5843E0E-LeaderElection5 PRE_VOTE round 0: submit vote requests at term 0 for -1: peers:[c5f0e82b-af1b-4789-ae30-308dce149649|rpc:10.1.0.17:34327|dataStream:10.1.0.17:39979|priority:0|startupRole:FOLLOWER, b7545b0c-a4b8-458e-a79e-332c552b3ba3|rpc:10.1.0.17:33261|dataStream:10.1.0.17:42261|priority:1|startupRole:FOLLOWER, e24e525b-11e0-482b-97ed-e0be4d88ae43|rpc:10.1.0.17:35637|dataStream:10.1.0.17:38769|priority:0|startupRole:FOLLOWER]|listeners:[], old=null
2023-03-29 21:16:07,318 [b7545b0c-a4b8-458e-a79e-332c552b3ba3@group-C04DF5843E0E-LeaderElection5] INFO  server.RaftServerConfigKeys (ConfUtils.java:logFallback(53)) - raft.server.rpc.first-election.timeout.min = 5s (fallback to raft.server.rpc.timeout.min)
2023-03-29 21:16:07,319 [b7545b0c-a4b8-458e-a79e-332c552b3ba3@group-C04DF5843E0E-LeaderElection5] INFO  server.RaftServerConfigKeys (ConfUtils.java:logFallback(53)) - raft.server.rpc.first-election.timeout.max = 5200ms (fallback to raft.server.rpc.timeout.max)
2023-03-29 21:16:07,318 [b7545b0c-a4b8-458e-a79e-332c552b3ba3@group-C04DF5843E0E-LeaderElection5-1] INFO  server.GrpcServerProtocolClient (GrpcServerProtocolClient.java:<init>(63)) - Build channel for c5f0e82b-af1b-4789-ae30-308dce149649
2023-03-29 21:16:07,327 [b7545b0c-a4b8-458e-a79e-332c552b3ba3@group-C04DF5843E0E-LeaderElection5-2] INFO  server.GrpcServerProtocolClient (GrpcServerProtocolClient.java:<init>(63)) - Build channel for e24e525b-11e0-482b-97ed-e0be4d88ae43
2023-03-29 21:16:07,344 [grpc-default-executor-1] INFO  server.RaftServer$Division (RaftServerImpl.java:requestVote(1218)) - c5f0e82b-af1b-4789-ae30-308dce149649@group-C04DF5843E0E: receive requestVote(PRE_VOTE, b7545b0c-a4b8-458e-a79e-332c552b3ba3, group-C04DF5843E0E, 0, (t:0, i:0))
2023-03-29 21:16:07,344 [grpc-default-executor-1] INFO  impl.VoteContext (VoteContext.java:log(49)) - c5f0e82b-af1b-4789-ae30-308dce149649@group-C04DF5843E0E-FOLLOWER: accept PRE_VOTE from b7545b0c-a4b8-458e-a79e-332c552b3ba3: our priority 0 <= candidate's priority 1
2023-03-29 21:16:07,344 [grpc-default-executor-1] INFO  server.RaftServer$Division (RaftServerImpl.java:requestVote(1251)) - c5f0e82b-af1b-4789-ae30-308dce149649@group-C04DF5843E0E replies to PRE_VOTE vote request: b7545b0c-a4b8-458e-a79e-332c552b3ba3<-c5f0e82b-af1b-4789-ae30-308dce149649#0:OK-t0. Peer's state: c5f0e82b-af1b-4789-ae30-308dce149649@group-C04DF5843E0E:t0, leader=null, voted=, raftlog=Memoized:c5f0e82b-af1b-4789-ae30-308dce149649@group-C04DF5843E0E-SegmentedRaftLog:OPENED:c-1, conf=-1: peers:[c5f0e82b-af1b-4789-ae30-308dce149649|rpc:10.1.0.17:34327|dataStream:10.1.0.17:39979|priority:0|startupRole:FOLLOWER, b7545b0c-a4b8-458e-a79e-332c552b3ba3|rpc:10.1.0.17:33261|dataStream:10.1.0.17:42261|priority:1|startupRole:FOLLOWER, e24e525b-11e0-482b-97ed-e0be4d88ae43|rpc:10.1.0.17:35637|dataStream:10.1.0.17:38769|priority:0|startupRole:FOLLOWER]|listeners:[], old=null
2023-03-29 21:16:07,345 [grpc-default-executor-0] INFO  server.RaftServer$Division (RaftServerImpl.java:requestVote(1218)) - e24e525b-11e0-482b-97ed-e0be4d88ae43@group-C04DF5843E0E: receive requestVote(PRE_VOTE, b7545b0c-a4b8-458e-a79e-332c552b3ba3, group-C04DF5843E0E, 0, (t:0, i:0))
2023-03-29 21:16:07,347 [b7545b0c-a4b8-458e-a79e-332c552b3ba3@group-C04DF5843E0E-LeaderElection5] INFO  impl.LeaderElection (LeaderElection.java:logAndReturn(90)) - b7545b0c-a4b8-458e-a79e-332c552b3ba3@group-C04DF5843E0E-LeaderElection5: PRE_VOTE PASSED received 1 response(s) and 0 exception(s):
2023-03-29 21:16:07,347 [b7545b0c-a4b8-458e-a79e-332c552b3ba3@group-C04DF5843E0E-LeaderElection5] INFO  impl.LeaderElection (LeaderElection.java:logAndReturn(94)) -   Response 0: b7545b0c-a4b8-458e-a79e-332c552b3ba3<-c5f0e82b-af1b-4789-ae30-308dce149649#0:OK-t0
2023-03-29 21:16:07,347 [b7545b0c-a4b8-458e-a79e-332c552b3ba3@group-C04DF5843E0E-LeaderElection5] INFO  impl.LeaderElection (LeaderElection.java:askForVotes(314)) - b7545b0c-a4b8-458e-a79e-332c552b3ba3@group-C04DF5843E0E-LeaderElection5 PRE_VOTE round 0: result PASSED
2023-03-29 21:16:07,346 [grpc-default-executor-0] INFO  impl.VoteContext (VoteContext.java:log(49)) - e24e525b-11e0-482b-97ed-e0be4d88ae43@group-C04DF5843E0E-FOLLOWER: accept PRE_VOTE from b7545b0c-a4b8-458e-a79e-332c552b3ba3: our priority 0 <= candidate's priority 1
2023-03-29 21:16:07,348 [grpc-default-executor-0] INFO  server.RaftServer$Division (RaftServerImpl.java:requestVote(1251)) - e24e525b-11e0-482b-97ed-e0be4d88ae43@group-C04DF5843E0E replies to PRE_VOTE vote request: b7545b0c-a4b8-458e-a79e-332c552b3ba3<-e24e525b-11e0-482b-97ed-e0be4d88ae43#0:OK-t0. Peer's state: e24e525b-11e0-482b-97ed-e0be4d88ae43@group-C04DF5843E0E:t0, leader=null, voted=, raftlog=Memoized:e24e525b-11e0-482b-97ed-e0be4d88ae43@group-C04DF5843E0E-SegmentedRaftLog:OPENED:c-1, conf=-1: peers:[c5f0e82b-af1b-4789-ae30-308dce149649|rpc:10.1.0.17:34327|dataStream:10.1.0.17:39979|priority:0|startupRole:FOLLOWER, b7545b0c-a4b8-458e-a79e-332c552b3ba3|rpc:10.1.0.17:33261|dataStream:10.1.0.17:42261|priority:1|startupRole:FOLLOWER, e24e525b-11e0-482b-97ed-e0be4d88ae43|rpc:10.1.0.17:35637|dataStream:10.1.0.17:38769|priority:0|startupRole:FOLLOWER]|listeners:[], old=null
2023-03-29 21:16:07,349 [b7545b0c-a4b8-458e-a79e-332c552b3ba3@group-C04DF5843E0E-LeaderElection5] INFO  impl.LeaderElection (LeaderElection.java:askForVotes(312)) - b7545b0c-a4b8-458e-a79e-332c552b3ba3@group-C04DF5843E0E-LeaderElection5 ELECTION round 0: submit vote requests at term 1 for -1: peers:[c5f0e82b-af1b-4789-ae30-308dce149649|rpc:10.1.0.17:34327|dataStream:10.1.0.17:39979|priority:0|startupRole:FOLLOWER, b7545b0c-a4b8-458e-a79e-332c552b3ba3|rpc:10.1.0.17:33261|dataStream:10.1.0.17:42261|priority:1|startupRole:FOLLOWER, e24e525b-11e0-482b-97ed-e0be4d88ae43|rpc:10.1.0.17:35637|dataStream:10.1.0.17:38769|priority:0|startupRole:FOLLOWER]|listeners:[], old=null
2023-03-29 21:16:07,353 [b7545b0c-a4b8-458e-a79e-332c552b3ba3@group-C04DF5843E0E-LeaderElection5] INFO  server.RaftServerConfigKeys (ConfUtils.java:logFallback(53)) - raft.server.rpc.first-election.timeout.min = 5s (fallback to raft.server.rpc.timeout.min)
2023-03-29 21:16:07,353 [b7545b0c-a4b8-458e-a79e-332c552b3ba3@group-C04DF5843E0E-LeaderElection5] INFO  server.RaftServerConfigKeys (ConfUtils.java:logFallback(53)) - raft.server.rpc.first-election.timeout.max = 5200ms (fallback to raft.server.rpc.timeout.max)
2023-03-29 21:16:07,359 [e24e525b-11e0-482b-97ed-e0be4d88ae43@group-C04DF5843E0E-FollowerState] INFO  server.RaftServerConfigKeys (ConfUtils.java:logFallback(53)) - raft.server.rpc.first-election.timeout.min = 5s (fallback to raft.server.rpc.timeout.min)
2023-03-29 21:16:07,360 [e24e525b-11e0-482b-97ed-e0be4d88ae43@group-C04DF5843E0E-FollowerState] INFO  server.RaftServerConfigKeys (ConfUtils.java:logFallback(53)) - raft.server.rpc.first-election.timeout.max = 5200ms (fallback to raft.server.rpc.timeout.max)
2023-03-29 21:16:07,362 [grpc-default-executor-1] INFO  server.RaftServer$Division (RaftServerImpl.java:requestVote(1218)) - e24e525b-11e0-482b-97ed-e0be4d88ae43@group-C04DF5843E0E: receive requestVote(ELECTION, b7545b0c-a4b8-458e-a79e-332c552b3ba3, group-C04DF5843E0E, 1, (t:0, i:0))
2023-03-29 21:16:07,362 [grpc-default-executor-1] INFO  impl.VoteContext (VoteContext.java:log(49)) - e24e525b-11e0-482b-97ed-e0be4d88ae43@group-C04DF5843E0E-FOLLOWER: accept ELECTION from b7545b0c-a4b8-458e-a79e-332c552b3ba3: our priority 0 <= candidate's priority 1
2023-03-29 21:16:07,362 [grpc-default-executor-1] INFO  server.RaftServer$Division (RaftServerImpl.java:setRole(321)) - e24e525b-11e0-482b-97ed-e0be4d88ae43@group-C04DF5843E0E: changes role from  FOLLOWER to FOLLOWER at term 1 for candidate:b7545b0c-a4b8-458e-a79e-332c552b3ba3
2023-03-29 21:16:07,362 [grpc-default-executor-1] INFO  impl.RoleInfo (RoleInfo.java:shutdownFollowerState(110)) - e24e525b-11e0-482b-97ed-e0be4d88ae43: shutdown e24e525b-11e0-482b-97ed-e0be4d88ae43@group-C04DF5843E0E-FollowerState
2023-03-29 21:16:07,363 [grpc-default-executor-1] INFO  impl.RoleInfo (RoleInfo.java:updateAndGet(139)) - e24e525b-11e0-482b-97ed-e0be4d88ae43: start e24e525b-11e0-482b-97ed-e0be4d88ae43@group-C04DF5843E0E-FollowerState
2023-03-29 21:16:07,363 [e24e525b-11e0-482b-97ed-e0be4d88ae43@group-C04DF5843E0E-FollowerState] INFO  impl.FollowerState (FollowerState.java:run(152)) - e24e525b-11e0-482b-97ed-e0be4d88ae43@group-C04DF5843E0E-FollowerState was interrupted
2023-03-29 21:16:07,363 [grpc-default-executor-0] INFO  server.RaftServer$Division (RaftServerImpl.java:requestVote(1218)) - c5f0e82b-af1b-4789-ae30-308dce149649@group-C04DF5843E0E: receive requestVote(ELECTION, b7545b0c-a4b8-458e-a79e-332c552b3ba3, group-C04DF5843E0E, 1, (t:0, i:0))
2023-03-29 21:16:07,364 [grpc-default-executor-0] INFO  impl.VoteContext (VoteContext.java:log(49)) - c5f0e82b-af1b-4789-ae30-308dce149649@group-C04DF5843E0E-FOLLOWER: accept ELECTION from b7545b0c-a4b8-458e-a79e-332c552b3ba3: our priority 0 <= candidate's priority 1
2023-03-29 21:16:07,364 [grpc-default-executor-0] INFO  server.RaftServer$Division (RaftServerImpl.java:setRole(321)) - c5f0e82b-af1b-4789-ae30-308dce149649@group-C04DF5843E0E: changes role from  FOLLOWER to FOLLOWER at term 1 for candidate:b7545b0c-a4b8-458e-a79e-332c552b3ba3
2023-03-29 21:16:07,364 [grpc-default-executor-0] INFO  impl.RoleInfo (RoleInfo.java:shutdownFollowerState(110)) - c5f0e82b-af1b-4789-ae30-308dce149649: shutdown c5f0e82b-af1b-4789-ae30-308dce149649@group-C04DF5843E0E-FollowerState
2023-03-29 21:16:07,364 [grpc-default-executor-0] INFO  impl.RoleInfo (RoleInfo.java:updateAndGet(139)) - c5f0e82b-af1b-4789-ae30-308dce149649: start c5f0e82b-af1b-4789-ae30-308dce149649@group-C04DF5843E0E-FollowerState
2023-03-29 21:16:07,364 [c5f0e82b-af1b-4789-ae30-308dce149649@group-C04DF5843E0E-FollowerState] INFO  impl.FollowerState (FollowerState.java:run(152)) - c5f0e82b-af1b-4789-ae30-308dce149649@group-C04DF5843E0E-FollowerState was interrupted
2023-03-29 21:16:07,364 [e24e525b-11e0-482b-97ed-e0be4d88ae43@group-C04DF5843E0E-FollowerState] INFO  server.RaftServerConfigKeys (ConfUtils.java:logFallback(53)) - raft.server.rpc.first-election.timeout.min = 5s (fallback to raft.server.rpc.timeout.min)
2023-03-29 21:16:07,365 [e24e525b-11e0-482b-97ed-e0be4d88ae43@group-C04DF5843E0E-FollowerState] INFO  server.RaftServerConfigKeys (ConfUtils.java:logFallback(53)) - raft.server.rpc.first-election.timeout.max = 5200ms (fallback to raft.server.rpc.timeout.max)
2023-03-29 21:16:07,365 [c5f0e82b-af1b-4789-ae30-308dce149649@group-C04DF5843E0E-FollowerState] INFO  server.RaftServerConfigKeys (ConfUtils.java:logFallback(53)) - raft.server.rpc.first-election.timeout.min = 5s (fallback to raft.server.rpc.timeout.min)
2023-03-29 21:16:07,365 [c5f0e82b-af1b-4789-ae30-308dce149649@group-C04DF5843E0E-FollowerState] INFO  server.RaftServerConfigKeys (ConfUtils.java:logFallback(53)) - raft.server.rpc.first-election.timeout.max = 5200ms (fallback to raft.server.rpc.timeout.max)
2023-03-29 21:16:07,366 [grpc-default-executor-0] INFO  server.RaftServer$Division (RaftServerImpl.java:requestVote(1251)) - c5f0e82b-af1b-4789-ae30-308dce149649@group-C04DF5843E0E replies to ELECTION vote request: b7545b0c-a4b8-458e-a79e-332c552b3ba3<-c5f0e82b-af1b-4789-ae30-308dce149649#0:OK-t1. Peer's state: c5f0e82b-af1b-4789-ae30-308dce149649@group-C04DF5843E0E:t1, leader=null, voted=b7545b0c-a4b8-458e-a79e-332c552b3ba3, raftlog=Memoized:c5f0e82b-af1b-4789-ae30-308dce149649@group-C04DF5843E0E-SegmentedRaftLog:OPENED:c-1, conf=-1: peers:[c5f0e82b-af1b-4789-ae30-308dce149649|rpc:10.1.0.17:34327|dataStream:10.1.0.17:39979|priority:0|startupRole:FOLLOWER, b7545b0c-a4b8-458e-a79e-332c552b3ba3|rpc:10.1.0.17:33261|dataStream:10.1.0.17:42261|priority:1|startupRole:FOLLOWER, e24e525b-11e0-482b-97ed-e0be4d88ae43|rpc:10.1.0.17:35637|dataStream:10.1.0.17:38769|priority:0|startupRole:FOLLOWER]|listeners:[], old=null
2023-03-29 21:16:07,367 [b7545b0c-a4b8-458e-a79e-332c552b3ba3@group-C04DF5843E0E-LeaderElection5] INFO  impl.LeaderElection (LeaderElection.java:logAndReturn(90)) - b7545b0c-a4b8-458e-a79e-332c552b3ba3@group-C04DF5843E0E-LeaderElection5: ELECTION PASSED received 1 response(s) and 0 exception(s):
2023-03-29 21:16:07,366 [grpc-default-executor-1] INFO  server.RaftServer$Division (RaftServerImpl.java:requestVote(1251)) - e24e525b-11e0-482b-97ed-e0be4d88ae43@group-C04DF5843E0E replies to ELECTION vote request: b7545b0c-a4b8-458e-a79e-332c552b3ba3<-e24e525b-11e0-482b-97ed-e0be4d88ae43#0:OK-t1. Peer's state: e24e525b-11e0-482b-97ed-e0be4d88ae43@group-C04DF5843E0E:t1, leader=null, voted=b7545b0c-a4b8-458e-a79e-332c552b3ba3, raftlog=Memoized:e24e525b-11e0-482b-97ed-e0be4d88ae43@group-C04DF5843E0E-SegmentedRaftLog:OPENED:c-1, conf=-1: peers:[c5f0e82b-af1b-4789-ae30-308dce149649|rpc:10.1.0.17:34327|dataStream:10.1.0.17:39979|priority:0|startupRole:FOLLOWER, b7545b0c-a4b8-458e-a79e-332c552b3ba3|rpc:10.1.0.17:33261|dataStream:10.1.0.17:42261|priority:1|startupRole:FOLLOWER, e24e525b-11e0-482b-97ed-e0be4d88ae43|rpc:10.1.0.17:35637|dataStream:10.1.0.17:38769|priority:0|startupRole:FOLLOWER]|listeners:[], old=null
2023-03-29 21:16:07,367 [b7545b0c-a4b8-458e-a79e-332c552b3ba3@group-C04DF5843E0E-LeaderElection5] INFO  impl.LeaderElection (LeaderElection.java:logAndReturn(94)) -   Response 0: b7545b0c-a4b8-458e-a79e-332c552b3ba3<-c5f0e82b-af1b-4789-ae30-308dce149649#0:OK-t1
2023-03-29 21:16:07,368 [b7545b0c-a4b8-458e-a79e-332c552b3ba3@group-C04DF5843E0E-LeaderElection5] INFO  impl.LeaderElection (LeaderElection.java:askForVotes(314)) - b7545b0c-a4b8-458e-a79e-332c552b3ba3@group-C04DF5843E0E-LeaderElection5 ELECTION round 0: result PASSED
2023-03-29 21:16:07,368 [b7545b0c-a4b8-458e-a79e-332c552b3ba3@group-C04DF5843E0E-LeaderElection5] INFO  impl.RoleInfo (RoleInfo.java:shutdownLeaderElection(130)) - b7545b0c-a4b8-458e-a79e-332c552b3ba3: shutdown b7545b0c-a4b8-458e-a79e-332c552b3ba3@group-C04DF5843E0E-LeaderElection5
2023-03-29 21:16:07,368 [b7545b0c-a4b8-458e-a79e-332c552b3ba3@group-C04DF5843E0E-LeaderElection5] INFO  server.RaftServer$Division (RaftServerImpl.java:setRole(321)) - b7545b0c-a4b8-458e-a79e-332c552b3ba3@group-C04DF5843E0E: changes role from CANDIDATE to LEADER at term 1 for changeToLeader
2023-03-29 21:16:07,368 [b7545b0c-a4b8-458e-a79e-332c552b3ba3@group-C04DF5843E0E-LeaderElection5] INFO  ratis.XceiverServerRatis (XceiverServerRatis.java:handleLeaderChangedNotification(904)) - Leader change notification received for group: group-C04DF5843E0E with new leaderId: b7545b0c-a4b8-458e-a79e-332c552b3ba3
2023-03-29 21:16:07,368 [b7545b0c-a4b8-458e-a79e-332c552b3ba3@group-C04DF5843E0E-LeaderElection5] INFO  server.RaftServer$Division (ServerState.java:setLeader(313)) - b7545b0c-a4b8-458e-a79e-332c552b3ba3@group-C04DF5843E0E: change Leader from null to b7545b0c-a4b8-458e-a79e-332c552b3ba3 at term 1 for becomeLeader, leader elected after 5292ms
2023-03-29 21:16:07,368 [b7545b0c-a4b8-458e-a79e-332c552b3ba3@group-C04DF5843E0E-LeaderElection5] INFO  server.RaftServerConfigKeys (ConfUtils.java:logGet(46)) - raft.server.staging.catchup.gap = 1000 (default)
2023-03-29 21:16:07,370 [b7545b0c-a4b8-458e-a79e-332c552b3ba3@group-C04DF5843E0E-LeaderElection5] INFO  server.RaftServerConfigKeys (ConfUtils.java:logGet(46)) - raft.server.write.element-limit = 1024 (custom)
2023-03-29 21:16:07,370 [b7545b0c-a4b8-458e-a79e-332c552b3ba3@group-C04DF5843E0E-LeaderElection5] INFO  server.RaftServerConfigKeys (ConfUtils.java:logGet(46)) - raft.server.write.byte-limit = 1024 M (=1073741824) (custom)
2023-03-29 21:16:07,370 [b7545b0c-a4b8-458e-a79e-332c552b3ba3@group-C04DF5843E0E-LeaderElection5] INFO  server.RaftServerConfigKeys (ConfUtils.java:logGet(46)) - raft.server.watch.timeout = 180s (custom)
2023-03-29 21:16:07,370 [b7545b0c-a4b8-458e-a79e-332c552b3ba3@group-C04DF5843E0E-LeaderElection5] INFO  server.RaftServerConfigKeys (ConfUtils.java:logGet(46)) - raft.server.watch.timeout.denomination = 1s (default)
2023-03-29 21:16:07,370 [b7545b0c-a4b8-458e-a79e-332c552b3ba3@group-C04DF5843E0E-LeaderElection5] INFO  server.RaftServerConfigKeys (ConfUtils.java:logGet(46)) - raft.server.watch.element-limit = 65536 (default)
2023-03-29 21:16:07,370 [b7545b0c-a4b8-458e-a79e-332c552b3ba3@group-C04DF5843E0E-LeaderElection5] INFO  server.RaftServerConfigKeys (ConfUtils.java:logGet(46)) - raft.server.write.element-limit = 1024 (custom)
2023-03-29 21:16:07,370 [b7545b0c-a4b8-458e-a79e-332c552b3ba3@group-C04DF5843E0E-LeaderElection5] INFO  server.RaftServerConfigKeys (ConfUtils.java:logGet(46)) - raft.server.write.follower.gap.ratio.max = -1.0 (default)
2023-03-29 21:16:07,371 [EventQueue-PipelineReportForPipelineReportHandler] INFO  pipeline.PipelineManagerImpl (PipelineManagerImpl.java:openPipeline(367)) - Pipeline Pipeline[ Id: dc7c61c7-c865-4491-865c-c04df5843e0e, Nodes: b7545b0c-a4b8-458e-a79e-332c552b3ba3(fv-az308-773/10.1.0.17)e24e525b-11e0-482b-97ed-e0be4d88ae43(fv-az308-773/10.1.0.17)c5f0e82b-af1b-4789-ae30-308dce149649(fv-az308-773/10.1.0.17), ReplicationConfig: RATIS/THREE, State:ALLOCATED, leaderId:b7545b0c-a4b8-458e-a79e-332c552b3ba3, CreationTimestamp2023-03-29T21:15:59.396Z[Etc/UTC]] moved to OPEN state
2023-03-29 21:16:07,373 [EventQueue-OpenPipelineForHealthyPipelineSafeModeRule] INFO  safemode.SCMSafeModeManager (HealthyPipelineSafeModeRule.java:process(137)) - SCM in safe mode. Healthy pipelines reported count is 1, required healthy pipeline reported count is 1
2023-03-29 21:16:07,373 [EventQueue-OpenPipelineForHealthyPipelineSafeModeRule] INFO  safemode.SCMSafeModeManager (SCMSafeModeManager.java:validateSafeModeExitRules(200)) - HealthyPipelineSafeModeRule rule is successfully validated
2023-03-29 21:16:07,373 [EventQueue-OpenPipelineForHealthyPipelineSafeModeRule] INFO  safemode.SCMSafeModeManager (SCMSafeModeManager.java:validateSafeModeExitRules(215)) - ScmSafeModeManager, all rules are successfully validated
2023-03-29 21:16:07,373 [EventQueue-OpenPipelineForHealthyPipelineSafeModeRule] INFO  safemode.SCMSafeModeManager (SCMSafeModeManager.java:exitSafeMode(244)) - SCM exiting safe mode.
2023-03-29 21:16:07,374 [EventQueue-OpenPipelineForHealthyPipelineSafeModeRule] INFO  ha.SCMContext (SCMContext.java:updateSafeModeStatus(228)) - Update SafeModeStatus from SafeModeStatus{safeModeStatus=true, preCheckPassed=true} to SafeModeStatus{safeModeStatus=false, preCheckPassed=true}.
2023-03-29 21:16:07,374 [EventQueue-OpenPipelineForHealthyPipelineSafeModeRule] INFO  pipeline.BackgroundPipelineCreator (BackgroundPipelineCreator.java:notifyStatusChanged(254)) - Service BackgroundPipelineCreator transitions to RUNNING.
2023-03-29 21:16:07,374 [EventQueue-OpenPipelineForHealthyPipelineSafeModeRule] INFO  BackgroundPipelineScrubber (BackgroundSCMService.java:notifyStatusChanged(82)) - Service BackgroundPipelineScrubber transitions to RUNNING.
2023-03-29 21:16:07,374 [EventQueue-OpenPipelineForHealthyPipelineSafeModeRule] INFO  ExpiredContainerReplicaOpScrubber (BackgroundSCMService.java:notifyStatusChanged(82)) - Service ExpiredContainerReplicaOpScrubber transitions to RUNNING.
2023-03-29 21:16:07,374 [EventQueue-OpenPipelineForHealthyPipelineSafeModeRule] INFO  replication.ReplicationManager (ReplicationManager.java:notifyStatusChanged(1255)) - Service ReplicationManager transitions to RUNNING.
2023-03-29 21:16:07,377 [EventQueue-OpenPipelineForHealthyPipelineSafeModeRule] WARN  balancer.ContainerBalancer (ContainerBalancer.java:shouldRun(132)) - Could not find persisted configuration for ContainerBalancer when checking if ContainerBalancer should run. ContainerBalancer should not run now.
2023-03-29 21:16:07,380 [EventQueue-PipelineReportForOneReplicaPipelineSafeModeRule] INFO  safemode.SCMSafeModeManager (SCMSafeModeManager.java:validateSafeModeExitRules(215)) - ScmSafeModeManager, all rules are successfully validated
2023-03-29 21:16:07,382 [EventQueue-PipelineReportForOneReplicaPipelineSafeModeRule] INFO  safemode.SCMSafeModeManager (SCMSafeModeManager.java:exitSafeMode(244)) - SCM exiting safe mode.
2023-03-29 21:16:07,382 [EventQueue-PipelineReportForOneReplicaPipelineSafeModeRule] INFO  ha.SCMContext (SCMContext.java:updateSafeModeStatus(228)) - Update SafeModeStatus from SafeModeStatus{safeModeStatus=false, preCheckPassed=true} to SafeModeStatus{safeModeStatus=false, preCheckPassed=true}.
2023-03-29 21:16:07,382 [EventQueue-PipelineReportForOneReplicaPipelineSafeModeRule] WARN  balancer.ContainerBalancer (ContainerBalancer.java:shouldRun(132)) - Could not find persisted configuration for ContainerBalancer when checking if ContainerBalancer should run. ContainerBalancer should not run now.
2023-03-29 21:16:07,387 [b7545b0c-a4b8-458e-a79e-332c552b3ba3@group-C04DF5843E0E-LeaderElection5] INFO  server.RaftServerConfigKeys (ConfUtils.java:logGet(46)) - raft.server.log.appender.snapshot.chunk.size.max = 16MB (=16777216) (default)
2023-03-29 21:16:07,387 [b7545b0c-a4b8-458e-a79e-332c552b3ba3@group-C04DF5843E0E-LeaderElection5] INFO  server.RaftServerConfigKeys (ConfUtils.java:logGet(46)) - raft.server.log.appender.buffer.byte-limit = 33554432 (custom)
2023-03-29 21:16:07,387 [b7545b0c-a4b8-458e-a79e-332c552b3ba3@group-C04DF5843E0E-LeaderElection5] INFO  server.RaftServerConfigKeys (ConfUtils.java:logGet(46)) - raft.server.log.appender.buffer.element-limit = 1 (custom)
2023-03-29 21:16:07,390 [b7545b0c-a4b8-458e-a79e-332c552b3ba3@group-C04DF5843E0E-LeaderElection5] INFO  grpc.GrpcConfigKeys (ConfUtils.java:logGet(46)) - raft.grpc.server.leader.outstanding.appends.max = 128 (default)
2023-03-29 21:16:07,390 [b7545b0c-a4b8-458e-a79e-332c552b3ba3@group-C04DF5843E0E-LeaderElection5] INFO  server.RaftServerConfigKeys (ConfUtils.java:logGet(46)) - raft.server.rpc.request.timeout = 60s (custom)
2023-03-29 21:16:07,390 [b7545b0c-a4b8-458e-a79e-332c552b3ba3@group-C04DF5843E0E-LeaderElection5] INFO  server.RaftServerConfigKeys (ConfUtils.java:logGet(46)) - raft.server.log.appender.install.snapshot.enabled = false (custom)
2023-03-29 21:16:07,390 [b7545b0c-a4b8-458e-a79e-332c552b3ba3@group-C04DF5843E0E-LeaderElection5] INFO  grpc.GrpcConfigKeys (ConfUtils.java:logGet(46)) - raft.grpc.server.heartbeat.channel = true (default)
2023-03-29 21:16:07,390 [b7545b0c-a4b8-458e-a79e-332c552b3ba3@group-C04DF5843E0E-LeaderElection5] INFO  server.RaftServerConfigKeys (ConfUtils.java:logGet(46)) - raft.server.log.appender.wait-time.min = 10ms (default)
2023-03-29 21:16:07,392 [b7545b0c-a4b8-458e-a79e-332c552b3ba3@group-C04DF5843E0E-LeaderElection5] INFO  server.RaftServerConfigKeys (ConfUtils.java:logGet(46)) - raft.server.log.appender.snapshot.chunk.size.max = 16MB (=16777216) (default)
2023-03-29 21:16:07,392 [b7545b0c-a4b8-458e-a79e-332c552b3ba3@group-C04DF5843E0E-LeaderElection5] INFO  server.RaftServerConfigKeys (ConfUtils.java:logGet(46)) - raft.server.log.appender.buffer.byte-limit = 33554432 (custom)
2023-03-29 21:16:07,392 [b7545b0c-a4b8-458e-a79e-332c552b3ba3@group-C04DF5843E0E-LeaderElection5] INFO  server.RaftServerConfigKeys (ConfUtils.java:logGet(46)) - raft.server.log.appender.buffer.element-limit = 1 (custom)
2023-03-29 21:16:07,392 [b7545b0c-a4b8-458e-a79e-332c552b3ba3@group-C04DF5843E0E-LeaderElection5] INFO  grpc.GrpcConfigKeys (ConfUtils.java:logGet(46)) - raft.grpc.server.leader.outstanding.appends.max = 128 (default)
2023-03-29 21:16:07,392 [b7545b0c-a4b8-458e-a79e-332c552b3ba3@group-C04DF5843E0E-LeaderElection5] INFO  server.RaftServerConfigKeys (ConfUtils.java:logGet(46)) - raft.server.rpc.request.timeout = 60s (custom)
2023-03-29 21:16:07,392 [b7545b0c-a4b8-458e-a79e-332c552b3ba3@group-C04DF5843E0E-LeaderElection5] INFO  server.RaftServerConfigKeys (ConfUtils.java:logGet(46)) - raft.server.log.appender.install.snapshot.enabled = false (custom)
2023-03-29 21:16:07,392 [b7545b0c-a4b8-458e-a79e-332c552b3ba3@group-C04DF5843E0E-LeaderElection5] INFO  grpc.GrpcConfigKeys (ConfUtils.java:logGet(46)) - raft.grpc.server.heartbeat.channel = true (default)
2023-03-29 21:16:07,392 [b7545b0c-a4b8-458e-a79e-332c552b3ba3@group-C04DF5843E0E-LeaderElection5] INFO  server.RaftServerConfigKeys (ConfUtils.java:logGet(46)) - raft.server.log.appender.wait-time.min = 10ms (default)
2023-03-29 21:16:07,393 [b7545b0c-a4b8-458e-a79e-332c552b3ba3@group-C04DF5843E0E-LeaderElection5] INFO  impl.RoleInfo (RoleInfo.java:updateAndGet(139)) - b7545b0c-a4b8-458e-a79e-332c552b3ba3: start b7545b0c-a4b8-458e-a79e-332c552b3ba3@group-C04DF5843E0E-LeaderStateImpl
2023-03-29 21:16:07,393 [b7545b0c-a4b8-458e-a79e-332c552b3ba3@group-C04DF5843E0E-LeaderElection5] INFO  segmented.SegmentedRaftLogWorker (SegmentedRaftLogWorker.java:startLogSegment(452)) - b7545b0c-a4b8-458e-a79e-332c552b3ba3@group-C04DF5843E0E-SegmentedRaftLogWorker: Starting segment from index:0
2023-03-29 21:16:07,395 [b7545b0c-a4b8-458e-a79e-332c552b3ba3@group-C04DF5843E0E-SegmentedRaftLogWorker] INFO  segmented.SegmentedRaftLogWorker (SegmentedRaftLogWorker.java:execute(656)) - b7545b0c-a4b8-458e-a79e-332c552b3ba3@group-C04DF5843E0E-SegmentedRaftLogWorker: created new log segment /home/runner/work/ozone/ozone/hadoop-ozone/integration-test/target/test-dir/MiniOzoneClusterImpl-5f3e6df4-6103-47e5-8e5a-b28ce86b0313/datanode-2/data/ratis/dc7c61c7-c865-4491-865c-c04df5843e0e/current/log_inprogress_0
2023-03-29 21:16:07,396 [Listener at 127.0.0.1/35747] INFO  ozone.MiniOzoneClusterImpl (MiniOzoneClusterImpl.java:lambda$waitForClusterToBeReady$0(222)) - Nodes are ready. Got 3 of 3 DN Heartbeats.
2023-03-29 21:16:07,396 [Listener at 127.0.0.1/35747] INFO  ozone.MiniOzoneClusterImpl (MiniOzoneClusterImpl.java:lambda$waitForClusterToBeReady$0(225)) - Cluster exits safe mode
2023-03-29 21:16:07,396 [Listener at 127.0.0.1/35747] INFO  ozone.MiniOzoneClusterImpl (MiniOzoneClusterImpl.java:lambda$waitForClusterToBeReady$0(227)) - SCM became leader
2023-03-29 21:16:07,400 [b7545b0c-a4b8-458e-a79e-332c552b3ba3@group-C04DF5843E0E-LeaderElection5] INFO  server.RaftServer$Division (ServerState.java:setRaftConf(430)) - b7545b0c-a4b8-458e-a79e-332c552b3ba3@group-C04DF5843E0E: set configuration 0: peers:[c5f0e82b-af1b-4789-ae30-308dce149649|rpc:10.1.0.17:34327|dataStream:10.1.0.17:39979|priority:0|startupRole:FOLLOWER, b7545b0c-a4b8-458e-a79e-332c552b3ba3|rpc:10.1.0.17:33261|dataStream:10.1.0.17:42261|priority:1|startupRole:FOLLOWER, e24e525b-11e0-482b-97ed-e0be4d88ae43|rpc:10.1.0.17:35637|dataStream:10.1.0.17:38769|priority:0|startupRole:FOLLOWER]|listeners:[], old=null
2023-03-29 21:16:07,423 [e24e525b-11e0-482b-97ed-e0be4d88ae43@group-36DC58DA704C-FollowerState] INFO  impl.FollowerState (FollowerState.java:run(143)) - e24e525b-11e0-482b-97ed-e0be4d88ae43@group-36DC58DA704C-FollowerState: change to CANDIDATE, lastRpcElapsedTime:5055133960ns, electionTimeout:5049ms
2023-03-29 21:16:07,423 [e24e525b-11e0-482b-97ed-e0be4d88ae43@group-36DC58DA704C-FollowerState] INFO  impl.RoleInfo (RoleInfo.java:shutdownFollowerState(110)) - e24e525b-11e0-482b-97ed-e0be4d88ae43: shutdown e24e525b-11e0-482b-97ed-e0be4d88ae43@group-36DC58DA704C-FollowerState
2023-03-29 21:16:07,423 [e24e525b-11e0-482b-97ed-e0be4d88ae43@group-36DC58DA704C-FollowerState] INFO  server.RaftServer$Division (RaftServerImpl.java:setRole(321)) - e24e525b-11e0-482b-97ed-e0be4d88ae43@group-36DC58DA704C: changes role from  FOLLOWER to CANDIDATE at term 0 for changeToCandidate
2023-03-29 21:16:07,423 [e24e525b-11e0-482b-97ed-e0be4d88ae43@group-36DC58DA704C-FollowerState] INFO  server.RaftServerConfigKeys (ConfUtils.java:logGet(46)) - raft.server.leaderelection.pre-vote = true (default)
2023-03-29 21:16:07,423 [e24e525b-11e0-482b-97ed-e0be4d88ae43@group-36DC58DA704C-FollowerState] INFO  impl.RoleInfo (RoleInfo.java:updateAndGet(139)) - e24e525b-11e0-482b-97ed-e0be4d88ae43: start e24e525b-11e0-482b-97ed-e0be4d88ae43@group-36DC58DA704C-LeaderElection6
2023-03-29 21:16:07,437 [e24e525b-11e0-482b-97ed-e0be4d88ae43@group-36DC58DA704C-LeaderElection6] INFO  impl.LeaderElection (LeaderElection.java:askForVotes(312)) - e24e525b-11e0-482b-97ed-e0be4d88ae43@group-36DC58DA704C-LeaderElection6 PRE_VOTE round 0: submit vote requests at term 0 for -1: peers:[c5f0e82b-af1b-4789-ae30-308dce149649|rpc:10.1.0.17:34327|dataStream:10.1.0.17:39979|priority:0|startupRole:FOLLOWER, b7545b0c-a4b8-458e-a79e-332c552b3ba3|rpc:10.1.0.17:33261|dataStream:10.1.0.17:42261|priority:0|startupRole:FOLLOWER, e24e525b-11e0-482b-97ed-e0be4d88ae43|rpc:10.1.0.17:35637|dataStream:10.1.0.17:38769|priority:1|startupRole:FOLLOWER]|listeners:[], old=null
2023-03-29 21:16:07,438 [e24e525b-11e0-482b-97ed-e0be4d88ae43@group-36DC58DA704C-LeaderElection6] INFO  server.RaftServerConfigKeys (ConfUtils.java:logFallback(53)) - raft.server.rpc.first-election.timeout.min = 5s (fallback to raft.server.rpc.timeout.min)
2023-03-29 21:16:07,438 [e24e525b-11e0-482b-97ed-e0be4d88ae43@group-36DC58DA704C-LeaderElection6] INFO  server.RaftServerConfigKeys (ConfUtils.java:logFallback(53)) - raft.server.rpc.first-election.timeout.max = 5200ms (fallback to raft.server.rpc.timeout.max)
2023-03-29 21:16:07,438 [e24e525b-11e0-482b-97ed-e0be4d88ae43@group-36DC58DA704C-LeaderElection6-2] INFO  server.GrpcServerProtocolClient (GrpcServerProtocolClient.java:<init>(63)) - Build channel for b7545b0c-a4b8-458e-a79e-332c552b3ba3
2023-03-29 21:16:07,446 [e24e525b-11e0-482b-97ed-e0be4d88ae43@group-36DC58DA704C-LeaderElection6-1] INFO  server.GrpcServerProtocolClient (GrpcServerProtocolClient.java:<init>(63)) - Build channel for c5f0e82b-af1b-4789-ae30-308dce149649
2023-03-29 21:16:07,462 [grpc-default-executor-4] INFO  server.RaftServer$Division (RaftServerImpl.java:requestVote(1218)) - c5f0e82b-af1b-4789-ae30-308dce149649@group-36DC58DA704C: receive requestVote(PRE_VOTE, e24e525b-11e0-482b-97ed-e0be4d88ae43, group-36DC58DA704C, 0, (t:0, i:0))
2023-03-29 21:16:07,462 [grpc-default-executor-4] INFO  impl.VoteContext (VoteContext.java:log(49)) - c5f0e82b-af1b-4789-ae30-308dce149649@group-36DC58DA704C-FOLLOWER: accept PRE_VOTE from e24e525b-11e0-482b-97ed-e0be4d88ae43: our priority 0 <= candidate's priority 1
2023-03-29 21:16:07,462 [grpc-default-executor-4] INFO  server.RaftServer$Division (RaftServerImpl.java:requestVote(1251)) - c5f0e82b-af1b-4789-ae30-308dce149649@group-36DC58DA704C replies to PRE_VOTE vote request: e24e525b-11e0-482b-97ed-e0be4d88ae43<-c5f0e82b-af1b-4789-ae30-308dce149649#0:OK-t0. Peer's state: c5f0e82b-af1b-4789-ae30-308dce149649@group-36DC58DA704C:t0, leader=null, voted=, raftlog=Memoized:c5f0e82b-af1b-4789-ae30-308dce149649@group-36DC58DA704C-SegmentedRaftLog:OPENED:c-1, conf=-1: peers:[c5f0e82b-af1b-4789-ae30-308dce149649|rpc:10.1.0.17:34327|dataStream:10.1.0.17:39979|priority:0|startupRole:FOLLOWER, b7545b0c-a4b8-458e-a79e-332c552b3ba3|rpc:10.1.0.17:33261|dataStream:10.1.0.17:42261|priority:0|startupRole:FOLLOWER, e24e525b-11e0-482b-97ed-e0be4d88ae43|rpc:10.1.0.17:35637|dataStream:10.1.0.17:38769|priority:1|startupRole:FOLLOWER]|listeners:[], old=null
2023-03-29 21:16:07,466 [c5f0e82b-af1b-4789-ae30-308dce149649-server-thread1] INFO  ratis.XceiverServerRatis (XceiverServerRatis.java:handleLeaderChangedNotification(904)) - Leader change notification received for group: group-C04DF5843E0E with new leaderId: b7545b0c-a4b8-458e-a79e-332c552b3ba3
2023-03-29 21:16:07,466 [c5f0e82b-af1b-4789-ae30-308dce149649-server-thread1] INFO  server.RaftServer$Division (ServerState.java:setLeader(313)) - c5f0e82b-af1b-4789-ae30-308dce149649@group-C04DF5843E0E: change Leader from null to b7545b0c-a4b8-458e-a79e-332c552b3ba3 at term 1 for appendEntries, leader elected after 6011ms
2023-03-29 21:16:07,479 [e24e525b-11e0-482b-97ed-e0be4d88ae43-server-thread2] INFO  ratis.XceiverServerRatis (XceiverServerRatis.java:handleLeaderChangedNotification(904)) - Leader change notification received for group: group-C04DF5843E0E with new leaderId: b7545b0c-a4b8-458e-a79e-332c552b3ba3
2023-03-29 21:16:07,481 [e24e525b-11e0-482b-97ed-e0be4d88ae43-server-thread2] INFO  server.RaftServer$Division (ServerState.java:setLeader(313)) - e24e525b-11e0-482b-97ed-e0be4d88ae43@group-C04DF5843E0E: change Leader from null to b7545b0c-a4b8-458e-a79e-332c552b3ba3 at term 1 for appendEntries, leader elected after 5373ms
2023-03-29 21:16:07,482 [grpc-default-executor-5] INFO  server.RaftServer$Division (RaftServerImpl.java:requestVote(1218)) - b7545b0c-a4b8-458e-a79e-332c552b3ba3@group-36DC58DA704C: receive requestVote(PRE_VOTE, e24e525b-11e0-482b-97ed-e0be4d88ae43, group-36DC58DA704C, 0, (t:0, i:0))
2023-03-29 21:16:07,482 [grpc-default-executor-5] INFO  impl.VoteContext (VoteContext.java:log(49)) - b7545b0c-a4b8-458e-a79e-332c552b3ba3@group-36DC58DA704C-FOLLOWER: accept PRE_VOTE from e24e525b-11e0-482b-97ed-e0be4d88ae43: our priority 0 <= candidate's priority 1
2023-03-29 21:16:07,482 [grpc-default-executor-5] INFO  server.RaftServer$Division (RaftServerImpl.java:requestVote(1251)) - b7545b0c-a4b8-458e-a79e-332c552b3ba3@group-36DC58DA704C replies to PRE_VOTE vote request: e24e525b-11e0-482b-97ed-e0be4d88ae43<-b7545b0c-a4b8-458e-a79e-332c552b3ba3#0:OK-t0. Peer's state: b7545b0c-a4b8-458e-a79e-332c552b3ba3@group-36DC58DA704C:t0, leader=null, voted=, raftlog=Memoized:b7545b0c-a4b8-458e-a79e-332c552b3ba3@group-36DC58DA704C-SegmentedRaftLog:OPENED:c-1, conf=-1: peers:[c5f0e82b-af1b-4789-ae30-308dce149649|rpc:10.1.0.17:34327|dataStream:10.1.0.17:39979|priority:0|startupRole:FOLLOWER, b7545b0c-a4b8-458e-a79e-332c552b3ba3|rpc:10.1.0.17:33261|dataStream:10.1.0.17:42261|priority:0|startupRole:FOLLOWER, e24e525b-11e0-482b-97ed-e0be4d88ae43|rpc:10.1.0.17:35637|dataStream:10.1.0.17:38769|priority:1|startupRole:FOLLOWER]|listeners:[], old=null
2023-03-29 21:16:07,493 [b7545b0c-a4b8-458e-a79e-332c552b3ba3@group-4893EADF288C-FollowerState] INFO  impl.FollowerState (FollowerState.java:run(143)) - b7545b0c-a4b8-458e-a79e-332c552b3ba3@group-4893EADF288C-FollowerState: change to CANDIDATE, lastRpcElapsedTime:5069411127ns, electionTimeout:5060ms
2023-03-29 21:16:07,494 [b7545b0c-a4b8-458e-a79e-332c552b3ba3@group-4893EADF288C-FollowerState] INFO  impl.RoleInfo (RoleInfo.java:shutdownFollowerState(110)) - b7545b0c-a4b8-458e-a79e-332c552b3ba3: shutdown b7545b0c-a4b8-458e-a79e-332c552b3ba3@group-4893EADF288C-FollowerState
2023-03-29 21:16:07,494 [b7545b0c-a4b8-458e-a79e-332c552b3ba3@group-4893EADF288C-FollowerState] INFO  server.RaftServer$Division (RaftServerImpl.java:setRole(321)) - b7545b0c-a4b8-458e-a79e-332c552b3ba3@group-4893EADF288C: changes role from  FOLLOWER to CANDIDATE at term 0 for changeToCandidate
2023-03-29 21:16:07,494 [b7545b0c-a4b8-458e-a79e-332c552b3ba3@group-4893EADF288C-FollowerState] INFO  server.RaftServerConfigKeys (ConfUtils.java:logGet(46)) - raft.server.leaderelection.pre-vote = true (default)
2023-03-29 21:16:07,494 [b7545b0c-a4b8-458e-a79e-332c552b3ba3@group-4893EADF288C-FollowerState] INFO  impl.RoleInfo (RoleInfo.java:updateAndGet(139)) - b7545b0c-a4b8-458e-a79e-332c552b3ba3: start b7545b0c-a4b8-458e-a79e-332c552b3ba3@group-4893EADF288C-LeaderElection7
2023-03-29 21:16:07,499 [e24e525b-11e0-482b-97ed-e0be4d88ae43-server-thread2] INFO  server.RaftServer$Division (ServerState.java:setRaftConf(430)) - e24e525b-11e0-482b-97ed-e0be4d88ae43@group-C04DF5843E0E: set configuration 0: peers:[c5f0e82b-af1b-4789-ae30-308dce149649|rpc:10.1.0.17:34327|dataStream:10.1.0.17:39979|priority:0|startupRole:FOLLOWER, b7545b0c-a4b8-458e-a79e-332c552b3ba3|rpc:10.1.0.17:33261|dataStream:10.1.0.17:42261|priority:1|startupRole:FOLLOWER, e24e525b-11e0-482b-97ed-e0be4d88ae43|rpc:10.1.0.17:35637|dataStream:10.1.0.17:38769|priority:0|startupRole:FOLLOWER]|listeners:[], old=null
2023-03-29 21:16:07,514 [e24e525b-11e0-482b-97ed-e0be4d88ae43-server-thread2] INFO  segmented.SegmentedRaftLogWorker (SegmentedRaftLogWorker.java:startLogSegment(452)) - e24e525b-11e0-482b-97ed-e0be4d88ae43@group-C04DF5843E0E-SegmentedRaftLogWorker: Starting segment from index:0
2023-03-29 21:16:07,514 [c5f0e82b-af1b-4789-ae30-308dce149649@group-36DC58DA704C-FollowerState] INFO  server.RaftServerConfigKeys (ConfUtils.java:logFallback(53)) - raft.server.rpc.first-election.timeout.min = 5s (fallback to raft.server.rpc.timeout.min)
2023-03-29 21:16:07,518 [c5f0e82b-af1b-4789-ae30-308dce149649@group-36DC58DA704C-FollowerState] INFO  server.RaftServerConfigKeys (ConfUtils.java:logFallback(53)) - raft.server.rpc.first-election.timeout.max = 5200ms (fallback to raft.server.rpc.timeout.max)
2023-03-29 21:16:07,499 [e24e525b-11e0-482b-97ed-e0be4d88ae43@group-36DC58DA704C-LeaderElection6] INFO  impl.LeaderElection (LeaderElection.java:logAndReturn(90)) - e24e525b-11e0-482b-97ed-e0be4d88ae43@group-36DC58DA704C-LeaderElection6: PRE_VOTE PASSED received 1 response(s) and 0 exception(s):
2023-03-29 21:16:07,518 [e24e525b-11e0-482b-97ed-e0be4d88ae43@group-36DC58DA704C-LeaderElection6] INFO  impl.LeaderElection (LeaderElection.java:logAndReturn(94)) -   Response 0: e24e525b-11e0-482b-97ed-e0be4d88ae43<-c5f0e82b-af1b-4789-ae30-308dce149649#0:OK-t0
2023-03-29 21:16:07,518 [e24e525b-11e0-482b-97ed-e0be4d88ae43@group-36DC58DA704C-LeaderElection6] INFO  impl.LeaderElection (LeaderElection.java:askForVotes(314)) - e24e525b-11e0-482b-97ed-e0be4d88ae43@group-36DC58DA704C-LeaderElection6 PRE_VOTE round 0: result PASSED
2023-03-29 21:16:07,518 [b7545b0c-a4b8-458e-a79e-332c552b3ba3@group-4893EADF288C-LeaderElection7] INFO  impl.LeaderElection (LeaderElection.java:askForVotes(312)) - b7545b0c-a4b8-458e-a79e-332c552b3ba3@group-4893EADF288C-LeaderElection7 PRE_VOTE round 0: submit vote requests at term 0 for -1: peers:[b7545b0c-a4b8-458e-a79e-332c552b3ba3|rpc:10.1.0.17:33261|dataStream:10.1.0.17:42261|priority:1|startupRole:FOLLOWER]|listeners:[], old=null
2023-03-29 21:16:07,519 [b7545b0c-a4b8-458e-a79e-332c552b3ba3@group-4893EADF288C-LeaderElection7] INFO  impl.LeaderElection (LeaderElection.java:askForVotes(314)) - b7545b0c-a4b8-458e-a79e-332c552b3ba3@group-4893EADF288C-LeaderElection7 PRE_VOTE round 0: result PASSED (term=0)
2023-03-29 21:16:07,520 [b7545b0c-a4b8-458e-a79e-332c552b3ba3@group-4893EADF288C-LeaderElection7] INFO  impl.LeaderElection (LeaderElection.java:askForVotes(312)) - b7545b0c-a4b8-458e-a79e-332c552b3ba3@group-4893EADF288C-LeaderElection7 ELECTION round 0: submit vote requests at term 1 for -1: peers:[b7545b0c-a4b8-458e-a79e-332c552b3ba3|rpc:10.1.0.17:33261|dataStream:10.1.0.17:42261|priority:1|startupRole:FOLLOWER]|listeners:[], old=null
2023-03-29 21:16:07,520 [b7545b0c-a4b8-458e-a79e-332c552b3ba3@group-4893EADF288C-LeaderElection7] INFO  impl.LeaderElection (LeaderElection.java:askForVotes(314)) - b7545b0c-a4b8-458e-a79e-332c552b3ba3@group-4893EADF288C-LeaderElection7 ELECTION round 0: result PASSED (term=1)
2023-03-29 21:16:07,520 [b7545b0c-a4b8-458e-a79e-332c552b3ba3@group-4893EADF288C-LeaderElection7] INFO  impl.RoleInfo (RoleInfo.java:shutdownLeaderElection(130)) - b7545b0c-a4b8-458e-a79e-332c552b3ba3: shutdown b7545b0c-a4b8-458e-a79e-332c552b3ba3@group-4893EADF288C-LeaderElection7
2023-03-29 21:16:07,520 [b7545b0c-a4b8-458e-a79e-332c552b3ba3@group-4893EADF288C-LeaderElection7] INFO  server.RaftServer$Division (RaftServerImpl.java:setRole(321)) - b7545b0c-a4b8-458e-a79e-332c552b3ba3@group-4893EADF288C: changes role from CANDIDATE to LEADER at term 1 for changeToLeader
2023-03-29 21:16:07,520 [b7545b0c-a4b8-458e-a79e-332c552b3ba3@group-4893EADF288C-LeaderElection7] INFO  ratis.XceiverServerRatis (XceiverServerRatis.java:handleLeaderChangedNotification(904)) - Leader change notification received for group: group-4893EADF288C with new leaderId: b7545b0c-a4b8-458e-a79e-332c552b3ba3
2023-03-29 21:16:07,525 [b7545b0c-a4b8-458e-a79e-332c552b3ba3@group-4893EADF288C-LeaderElection7] INFO  server.RaftServer$Division (ServerState.java:setLeader(313)) - b7545b0c-a4b8-458e-a79e-332c552b3ba3@group-4893EADF288C: change Leader from null to b7545b0c-a4b8-458e-a79e-332c552b3ba3 at term 1 for becomeLeader, leader elected after 5115ms
2023-03-29 21:16:07,526 [b7545b0c-a4b8-458e-a79e-332c552b3ba3@group-4893EADF288C-LeaderElection7] INFO  server.RaftServerConfigKeys (ConfUtils.java:logGet(46)) - raft.server.staging.catchup.gap = 1000 (default)
2023-03-29 21:16:07,526 [e24e525b-11e0-482b-97ed-e0be4d88ae43@group-36DC58DA704C-LeaderElection6] INFO  impl.LeaderElection (LeaderElection.java:askForVotes(312)) - e24e525b-11e0-482b-97ed-e0be4d88ae43@group-36DC58DA704C-LeaderElection6 ELECTION round 0: submit vote requests at term 1 for -1: peers:[c5f0e82b-af1b-4789-ae30-308dce149649|rpc:10.1.0.17:34327|dataStream:10.1.0.17:39979|priority:0|startupRole:FOLLOWER, b7545b0c-a4b8-458e-a79e-332c552b3ba3|rpc:10.1.0.17:33261|dataStream:10.1.0.17:42261|priority:0|startupRole:FOLLOWER, e24e525b-11e0-482b-97ed-e0be4d88ae43|rpc:10.1.0.17:35637|dataStream:10.1.0.17:38769|priority:1|startupRole:FOLLOWER]|listeners:[], old=null
2023-03-29 21:16:07,526 [c5f0e82b-af1b-4789-ae30-308dce149649-server-thread2] INFO  server.RaftServer$Division (ServerState.java:setRaftConf(430)) - c5f0e82b-af1b-4789-ae30-308dce149649@group-C04DF5843E0E: set configuration 0: peers:[c5f0e82b-af1b-4789-ae30-308dce149649|rpc:10.1.0.17:34327|dataStream:10.1.0.17:39979|priority:0|startupRole:FOLLOWER, b7545b0c-a4b8-458e-a79e-332c552b3ba3|rpc:10.1.0.17:33261|dataStream:10.1.0.17:42261|priority:1|startupRole:FOLLOWER, e24e525b-11e0-482b-97ed-e0be4d88ae43|rpc:10.1.0.17:35637|dataStream:10.1.0.17:38769|priority:0|startupRole:FOLLOWER]|listeners:[], old=null
2023-03-29 21:16:07,526 [c5f0e82b-af1b-4789-ae30-308dce149649-server-thread2] INFO  segmented.SegmentedRaftLogWorker (SegmentedRaftLogWorker.java:startLogSegment(452)) - c5f0e82b-af1b-4789-ae30-308dce149649@group-C04DF5843E0E-SegmentedRaftLogWorker: Starting segment from index:0
2023-03-29 21:16:07,528 [e24e525b-11e0-482b-97ed-e0be4d88ae43@group-36DC58DA704C-LeaderElection6] INFO  server.RaftServerConfigKeys (ConfUtils.java:logFallback(53)) - raft.server.rpc.first-election.timeout.min = 5s (fallback to raft.server.rpc.timeout.min)
2023-03-29 21:16:07,530 [e24e525b-11e0-482b-97ed-e0be4d88ae43@group-36DC58DA704C-LeaderElection6] INFO  server.RaftServerConfigKeys (ConfUtils.java:logFallback(53)) - raft.server.rpc.first-election.timeout.max = 5200ms (fallback to raft.server.rpc.timeout.max)
2023-03-29 21:16:07,530 [grpc-default-executor-3] INFO  server.RaftServer$Division (RaftServerImpl.java:requestVote(1218)) - c5f0e82b-af1b-4789-ae30-308dce149649@group-36DC58DA704C: receive requestVote(ELECTION, e24e525b-11e0-482b-97ed-e0be4d88ae43, group-36DC58DA704C, 1, (t:0, i:0))
2023-03-29 21:16:07,530 [grpc-default-executor-3] INFO  impl.VoteContext (VoteContext.java:log(49)) - c5f0e82b-af1b-4789-ae30-308dce149649@group-36DC58DA704C-FOLLOWER: accept ELECTION from e24e525b-11e0-482b-97ed-e0be4d88ae43: our priority 0 <= candidate's priority 1
2023-03-29 21:16:07,530 [grpc-default-executor-3] INFO  server.RaftServer$Division (RaftServerImpl.java:setRole(321)) - c5f0e82b-af1b-4789-ae30-308dce149649@group-36DC58DA704C: changes role from  FOLLOWER to FOLLOWER at term 1 for candidate:e24e525b-11e0-482b-97ed-e0be4d88ae43
2023-03-29 21:16:07,531 [grpc-default-executor-3] INFO  impl.RoleInfo (RoleInfo.java:shutdownFollowerState(110)) - c5f0e82b-af1b-4789-ae30-308dce149649: shutdown c5f0e82b-af1b-4789-ae30-308dce149649@group-36DC58DA704C-FollowerState
2023-03-29 21:16:07,531 [grpc-default-executor-3] INFO  impl.RoleInfo (RoleInfo.java:updateAndGet(139)) - c5f0e82b-af1b-4789-ae30-308dce149649: start c5f0e82b-af1b-4789-ae30-308dce149649@group-36DC58DA704C-FollowerState
2023-03-29 21:16:07,531 [c5f0e82b-af1b-4789-ae30-308dce149649@group-36DC58DA704C-FollowerState] INFO  impl.FollowerState (FollowerState.java:run(152)) - c5f0e82b-af1b-4789-ae30-308dce149649@group-36DC58DA704C-FollowerState was interrupted
2023-03-29 21:16:07,530 [b7545b0c-a4b8-458e-a79e-332c552b3ba3@group-4893EADF288C-LeaderElection7] INFO  server.RaftServerConfigKeys (ConfUtils.java:logGet(46)) - raft.server.write.element-limit = 1024 (custom)
2023-03-29 21:16:07,531 [b7545b0c-a4b8-458e-a79e-332c552b3ba3@group-4893EADF288C-LeaderElection7] INFO  server.RaftServerConfigKeys (ConfUtils.java:logGet(46)) - raft.server.write.byte-limit = 1024 M (=1073741824) (custom)
2023-03-29 21:16:07,531 [b7545b0c-a4b8-458e-a79e-332c552b3ba3@group-4893EADF288C-LeaderElection7] INFO  server.RaftServerConfigKeys (ConfUtils.java:logGet(46)) - raft.server.watch.timeout = 180s (custom)
2023-03-29 21:16:07,531 [b7545b0c-a4b8-458e-a79e-332c552b3ba3@group-4893EADF288C-LeaderElection7] INFO  server.RaftServerConfigKeys (ConfUtils.java:logGet(46)) - raft.server.watch.timeout.denomination = 1s (default)
2023-03-29 21:16:07,531 [b7545b0c-a4b8-458e-a79e-332c552b3ba3@group-4893EADF288C-LeaderElection7] INFO  server.RaftServerConfigKeys (ConfUtils.java:logGet(46)) - raft.server.watch.element-limit = 65536 (default)
2023-03-29 21:16:07,531 [b7545b0c-a4b8-458e-a79e-332c552b3ba3@group-4893EADF288C-LeaderElection7] INFO  server.RaftServerConfigKeys (ConfUtils.java:logGet(46)) - raft.server.write.element-limit = 1024 (custom)
2023-03-29 21:16:07,531 [b7545b0c-a4b8-458e-a79e-332c552b3ba3@group-4893EADF288C-LeaderElection7] INFO  server.RaftServerConfigKeys (ConfUtils.java:logGet(46)) - raft.server.write.follower.gap.ratio.max = -1.0 (default)
2023-03-29 21:16:07,532 [b7545b0c-a4b8-458e-a79e-332c552b3ba3@group-4893EADF288C-LeaderElection7] INFO  impl.RoleInfo (RoleInfo.java:updateAndGet(139)) - b7545b0c-a4b8-458e-a79e-332c552b3ba3: start b7545b0c-a4b8-458e-a79e-332c552b3ba3@group-4893EADF288C-LeaderStateImpl
2023-03-29 21:16:07,532 [b7545b0c-a4b8-458e-a79e-332c552b3ba3@group-4893EADF288C-LeaderElection7] INFO  segmented.SegmentedRaftLogWorker (SegmentedRaftLogWorker.java:startLogSegment(452)) - b7545b0c-a4b8-458e-a79e-332c552b3ba3@group-4893EADF288C-SegmentedRaftLogWorker: Starting segment from index:0
2023-03-29 21:16:07,528 [e24e525b-11e0-482b-97ed-e0be4d88ae43@group-C04DF5843E0E-SegmentedRaftLogWorker] INFO  segmented.SegmentedRaftLogWorker (SegmentedRaftLogWorker.java:execute(656)) - e24e525b-11e0-482b-97ed-e0be4d88ae43@group-C04DF5843E0E-SegmentedRaftLogWorker: created new log segment /home/runner/work/ozone/ozone/hadoop-ozone/integration-test/target/test-dir/MiniOzoneClusterImpl-5f3e6df4-6103-47e5-8e5a-b28ce86b0313/datanode-1/data/ratis/dc7c61c7-c865-4491-865c-c04df5843e0e/current/log_inprogress_0
2023-03-29 21:16:07,531 [c5f0e82b-af1b-4789-ae30-308dce149649@group-C04DF5843E0E-SegmentedRaftLogWorker] INFO  segmented.SegmentedRaftLogWorker (SegmentedRaftLogWorker.java:execute(656)) - c5f0e82b-af1b-4789-ae30-308dce149649@group-C04DF5843E0E-SegmentedRaftLogWorker: created new log segment /home/runner/work/ozone/ozone/hadoop-ozone/integration-test/target/test-dir/MiniOzoneClusterImpl-5f3e6df4-6103-47e5-8e5a-b28ce86b0313/datanode-0/data/ratis/dc7c61c7-c865-4491-865c-c04df5843e0e/current/log_inprogress_0
2023-03-29 21:16:07,538 [grpc-default-executor-3] INFO  server.RaftServer$Division (RaftServerImpl.java:requestVote(1251)) - c5f0e82b-af1b-4789-ae30-308dce149649@group-36DC58DA704C replies to ELECTION vote request: e24e525b-11e0-482b-97ed-e0be4d88ae43<-c5f0e82b-af1b-4789-ae30-308dce149649#0:OK-t1. Peer's state: c5f0e82b-af1b-4789-ae30-308dce149649@group-36DC58DA704C:t1, leader=null, voted=e24e525b-11e0-482b-97ed-e0be4d88ae43, raftlog=Memoized:c5f0e82b-af1b-4789-ae30-308dce149649@group-36DC58DA704C-SegmentedRaftLog:OPENED:c-1, conf=-1: peers:[c5f0e82b-af1b-4789-ae30-308dce149649|rpc:10.1.0.17:34327|dataStream:10.1.0.17:39979|priority:0|startupRole:FOLLOWER, b7545b0c-a4b8-458e-a79e-332c552b3ba3|rpc:10.1.0.17:33261|dataStream:10.1.0.17:42261|priority:0|startupRole:FOLLOWER, e24e525b-11e0-482b-97ed-e0be4d88ae43|rpc:10.1.0.17:35637|dataStream:10.1.0.17:38769|priority:1|startupRole:FOLLOWER]|listeners:[], old=null
2023-03-29 21:16:07,541 [b7545b0c-a4b8-458e-a79e-332c552b3ba3@group-4893EADF288C-SegmentedRaftLogWorker] INFO  segmented.SegmentedRaftLogWorker (SegmentedRaftLogWorker.java:execute(656)) - b7545b0c-a4b8-458e-a79e-332c552b3ba3@group-4893EADF288C-SegmentedRaftLogWorker: created new log segment /home/runner/work/ozone/ozone/hadoop-ozone/integration-test/target/test-dir/MiniOzoneClusterImpl-5f3e6df4-6103-47e5-8e5a-b28ce86b0313/datanode-2/data/ratis/2836bafa-7548-4a50-b22c-4893eadf288c/current/log_inprogress_0
2023-03-29 21:16:07,543 [e24e525b-11e0-482b-97ed-e0be4d88ae43@group-36DC58DA704C-LeaderElection6] INFO  impl.LeaderElection (LeaderElection.java:logAndReturn(90)) - e24e525b-11e0-482b-97ed-e0be4d88ae43@group-36DC58DA704C-LeaderElection6: ELECTION PASSED received 1 response(s) and 0 exception(s):
2023-03-29 21:16:07,548 [e24e525b-11e0-482b-97ed-e0be4d88ae43@group-36DC58DA704C-LeaderElection6] INFO  impl.LeaderElection (LeaderElection.java:logAndReturn(94)) -   Response 0: e24e525b-11e0-482b-97ed-e0be4d88ae43<-c5f0e82b-af1b-4789-ae30-308dce149649#0:OK-t1
2023-03-29 21:16:07,548 [e24e525b-11e0-482b-97ed-e0be4d88ae43@group-36DC58DA704C-LeaderElection6] INFO  impl.LeaderElection (LeaderElection.java:askForVotes(314)) - e24e525b-11e0-482b-97ed-e0be4d88ae43@group-36DC58DA704C-LeaderElection6 ELECTION round 0: result PASSED
2023-03-29 21:16:07,548 [e24e525b-11e0-482b-97ed-e0be4d88ae43@group-36DC58DA704C-LeaderElection6] INFO  impl.RoleInfo (RoleInfo.java:shutdownLeaderElection(130)) - e24e525b-11e0-482b-97ed-e0be4d88ae43: shutdown e24e525b-11e0-482b-97ed-e0be4d88ae43@group-36DC58DA704C-LeaderElection6
2023-03-29 21:16:07,548 [e24e525b-11e0-482b-97ed-e0be4d88ae43@group-36DC58DA704C-LeaderElection6] INFO  server.RaftServer$Division (RaftServerImpl.java:setRole(321)) - e24e525b-11e0-482b-97ed-e0be4d88ae43@group-36DC58DA704C: changes role from CANDIDATE to LEADER at term 1 for changeToLeader
2023-03-29 21:16:07,548 [e24e525b-11e0-482b-97ed-e0be4d88ae43@group-36DC58DA704C-LeaderElection6] INFO  ratis.XceiverServerRatis (XceiverServerRatis.java:handleLeaderChangedNotification(904)) - Leader change notification received for group: group-36DC58DA704C with new leaderId: e24e525b-11e0-482b-97ed-e0be4d88ae43
2023-03-29 21:16:07,548 [e24e525b-11e0-482b-97ed-e0be4d88ae43@group-36DC58DA704C-LeaderElection6] INFO  server.RaftServer$Division (ServerState.java:setLeader(313)) - e24e525b-11e0-482b-97ed-e0be4d88ae43@group-36DC58DA704C: change Leader from null to e24e525b-11e0-482b-97ed-e0be4d88ae43 at term 1 for becomeLeader, leader elected after 5206ms
2023-03-29 21:16:07,548 [e24e525b-11e0-482b-97ed-e0be4d88ae43@group-36DC58DA704C-LeaderElection6] INFO  server.RaftServerConfigKeys (ConfUtils.java:logGet(46)) - raft.server.staging.catchup.gap = 1000 (default)
2023-03-29 21:16:07,549 [e24e525b-11e0-482b-97ed-e0be4d88ae43@group-36DC58DA704C-LeaderElection6] INFO  server.RaftServerConfigKeys (ConfUtils.java:logGet(46)) - raft.server.write.element-limit = 1024 (custom)
2023-03-29 21:16:07,549 [e24e525b-11e0-482b-97ed-e0be4d88ae43@group-36DC58DA704C-LeaderElection6] INFO  server.RaftServerConfigKeys (ConfUtils.java:logGet(46)) - raft.server.write.byte-limit = 1024 M (=1073741824) (custom)
2023-03-29 21:16:07,549 [e24e525b-11e0-482b-97ed-e0be4d88ae43@group-36DC58DA704C-LeaderElection6] INFO  server.RaftServerConfigKeys (ConfUtils.java:logGet(46)) - raft.server.watch.timeout = 180s (custom)
2023-03-29 21:16:07,549 [e24e525b-11e0-482b-97ed-e0be4d88ae43@group-36DC58DA704C-LeaderElection6] INFO  server.RaftServerConfigKeys (ConfUtils.java:logGet(46)) - raft.server.watch.timeout.denomination = 1s (default)
2023-03-29 21:16:07,549 [e24e525b-11e0-482b-97ed-e0be4d88ae43@group-36DC58DA704C-LeaderElection6] INFO  server.RaftServerConfigKeys (ConfUtils.java:logGet(46)) - raft.server.watch.element-limit = 65536 (default)
2023-03-29 21:16:07,549 [e24e525b-11e0-482b-97ed-e0be4d88ae43@group-36DC58DA704C-LeaderElection6] INFO  server.RaftServerConfigKeys (ConfUtils.java:logGet(46)) - raft.server.write.element-limit = 1024 (custom)
2023-03-29 21:16:07,549 [e24e525b-11e0-482b-97ed-e0be4d88ae43@group-36DC58DA704C-LeaderElection6] INFO  server.RaftServerConfigKeys (ConfUtils.java:logGet(46)) - raft.server.write.follower.gap.ratio.max = -1.0 (default)
2023-03-29 21:16:07,549 [e24e525b-11e0-482b-97ed-e0be4d88ae43@group-36DC58DA704C-LeaderElection6] INFO  server.RaftServerConfigKeys (ConfUtils.java:logGet(46)) - raft.server.log.appender.snapshot.chunk.size.max = 16MB (=16777216) (default)
2023-03-29 21:16:07,549 [e24e525b-11e0-482b-97ed-e0be4d88ae43@group-36DC58DA704C-LeaderElection6] INFO  server.RaftServerConfigKeys (ConfUtils.java:logGet(46)) - raft.server.log.appender.buffer.byte-limit = 33554432 (custom)
2023-03-29 21:16:07,550 [e24e525b-11e0-482b-97ed-e0be4d88ae43@group-36DC58DA704C-LeaderElection6] INFO  server.RaftServerConfigKeys (ConfUtils.java:logGet(46)) - raft.server.log.appender.buffer.element-limit = 1 (custom)
2023-03-29 21:16:07,548 [grpc-default-executor-3] INFO  server.RaftServer$Division (RaftServerImpl.java:requestVote(1218)) - b7545b0c-a4b8-458e-a79e-332c552b3ba3@group-36DC58DA704C: receive requestVote(ELECTION, e24e525b-11e0-482b-97ed-e0be4d88ae43, group-36DC58DA704C, 1, (t:0, i:0))
2023-03-29 21:16:07,548 [b7545b0c-a4b8-458e-a79e-332c552b3ba3@group-4893EADF288C-LeaderElection7] INFO  server.RaftServer$Division (ServerState.java:setRaftConf(430)) - b7545b0c-a4b8-458e-a79e-332c552b3ba3@group-4893EADF288C: set configuration 0: peers:[b7545b0c-a4b8-458e-a79e-332c552b3ba3|rpc:10.1.0.17:33261|dataStream:10.1.0.17:42261|priority:1|startupRole:FOLLOWER]|listeners:[], old=null
2023-03-29 21:16:07,551 [EventQueue-PipelineReportForPipelineReportHandler] INFO  pipeline.PipelineManagerImpl (PipelineManagerImpl.java:openPipeline(367)) - Pipeline Pipeline[ Id: 6d4c24ab-ff3f-4a96-9a2c-36dc58da704c, Nodes: c5f0e82b-af1b-4789-ae30-308dce149649(fv-az308-773/10.1.0.17)e24e525b-11e0-482b-97ed-e0be4d88ae43(fv-az308-773/10.1.0.17)b7545b0c-a4b8-458e-a79e-332c552b3ba3(fv-az308-773/10.1.0.17), ReplicationConfig: RATIS/THREE, State:ALLOCATED, leaderId:e24e525b-11e0-482b-97ed-e0be4d88ae43, CreationTimestamp2023-03-29T21:15:59.399Z[Etc/UTC]] moved to OPEN state
2023-03-29 21:16:07,545 [c5f0e82b-af1b-4789-ae30-308dce149649@group-36DC58DA704C-FollowerState] INFO  server.RaftServerConfigKeys (ConfUtils.java:logFallback(53)) - raft.server.rpc.first-election.timeout.min = 5s (fallback to raft.server.rpc.timeout.min)
2023-03-29 21:16:07,551 [c5f0e82b-af1b-4789-ae30-308dce149649@group-36DC58DA704C-FollowerState] INFO  server.RaftServerConfigKeys (ConfUtils.java:logFallback(53)) - raft.server.rpc.first-election.timeout.max = 5200ms (fallback to raft.server.rpc.timeout.max)
2023-03-29 21:16:07,550 [e24e525b-11e0-482b-97ed-e0be4d88ae43@group-36DC58DA704C-LeaderElection6] INFO  grpc.GrpcConfigKeys (ConfUtils.java:logGet(46)) - raft.grpc.server.leader.outstanding.appends.max = 128 (default)
2023-03-29 21:16:07,557 [e24e525b-11e0-482b-97ed-e0be4d88ae43@group-36DC58DA704C-LeaderElection6] INFO  server.RaftServerConfigKeys (ConfUtils.java:logGet(46)) - raft.server.rpc.request.timeout = 60s (custom)
2023-03-29 21:16:07,557 [e24e525b-11e0-482b-97ed-e0be4d88ae43@group-36DC58DA704C-LeaderElection6] INFO  server.RaftServerConfigKeys (ConfUtils.java:logGet(46)) - raft.server.log.appender.install.snapshot.enabled = false (custom)
2023-03-29 21:16:07,557 [e24e525b-11e0-482b-97ed-e0be4d88ae43@group-36DC58DA704C-LeaderElection6] INFO  grpc.GrpcConfigKeys (ConfUtils.java:logGet(46)) - raft.grpc.server.heartbeat.channel = true (default)
2023-03-29 21:16:07,557 [e24e525b-11e0-482b-97ed-e0be4d88ae43@group-36DC58DA704C-LeaderElection6] INFO  server.RaftServerConfigKeys (ConfUtils.java:logGet(46)) - raft.server.log.appender.wait-time.min = 10ms (default)
2023-03-29 21:16:07,555 [grpc-default-executor-3] INFO  impl.VoteContext (VoteContext.java:log(49)) - b7545b0c-a4b8-458e-a79e-332c552b3ba3@group-36DC58DA704C-FOLLOWER: accept ELECTION from e24e525b-11e0-482b-97ed-e0be4d88ae43: our priority 0 <= candidate's priority 1
2023-03-29 21:16:07,557 [grpc-default-executor-3] INFO  server.RaftServer$Division (RaftServerImpl.java:setRole(321)) - b7545b0c-a4b8-458e-a79e-332c552b3ba3@group-36DC58DA704C: changes role from  FOLLOWER to FOLLOWER at term 1 for candidate:e24e525b-11e0-482b-97ed-e0be4d88ae43
2023-03-29 21:16:07,557 [grpc-default-executor-3] INFO  impl.RoleInfo (RoleInfo.java:shutdownFollowerState(110)) - b7545b0c-a4b8-458e-a79e-332c552b3ba3: shutdown b7545b0c-a4b8-458e-a79e-332c552b3ba3@group-36DC58DA704C-FollowerState
2023-03-29 21:16:07,557 [grpc-default-executor-3] INFO  impl.RoleInfo (RoleInfo.java:updateAndGet(139)) - b7545b0c-a4b8-458e-a79e-332c552b3ba3: start b7545b0c-a4b8-458e-a79e-332c552b3ba3@group-36DC58DA704C-FollowerState
2023-03-29 21:16:07,557 [b7545b0c-a4b8-458e-a79e-332c552b3ba3@group-36DC58DA704C-FollowerState] INFO  impl.FollowerState (FollowerState.java:run(152)) - b7545b0c-a4b8-458e-a79e-332c552b3ba3@group-36DC58DA704C-FollowerState was interrupted
2023-03-29 21:16:07,558 [e24e525b-11e0-482b-97ed-e0be4d88ae43@group-36DC58DA704C-LeaderElection6] INFO  server.RaftServerConfigKeys (ConfUtils.java:logGet(46)) - raft.server.log.appender.snapshot.chunk.size.max = 16MB (=16777216) (default)
2023-03-29 21:16:07,558 [e24e525b-11e0-482b-97ed-e0be4d88ae43@group-36DC58DA704C-LeaderElection6] INFO  server.RaftServerConfigKeys (ConfUtils.java:logGet(46)) - raft.server.log.appender.buffer.byte-limit = 33554432 (custom)
2023-03-29 21:16:07,558 [e24e525b-11e0-482b-97ed-e0be4d88ae43@group-36DC58DA704C-LeaderElection6] INFO  server.RaftServerConfigKeys (ConfUtils.java:logGet(46)) - raft.server.log.appender.buffer.element-limit = 1 (custom)
2023-03-29 21:16:07,562 [b7545b0c-a4b8-458e-a79e-332c552b3ba3@group-36DC58DA704C-FollowerState] INFO  server.RaftServerConfigKeys (ConfUtils.java:logFallback(53)) - raft.server.rpc.first-election.timeout.min = 5s (fallback to raft.server.rpc.timeout.min)
2023-03-29 21:16:07,562 [b7545b0c-a4b8-458e-a79e-332c552b3ba3@group-36DC58DA704C-FollowerState] INFO  server.RaftServerConfigKeys (ConfUtils.java:logFallback(53)) - raft.server.rpc.first-election.timeout.max = 5200ms (fallback to raft.server.rpc.timeout.max)
2023-03-29 21:16:07,563 [grpc-default-executor-3] INFO  server.RaftServer$Division (RaftServerImpl.java:requestVote(1251)) - b7545b0c-a4b8-458e-a79e-332c552b3ba3@group-36DC58DA704C replies to ELECTION vote request: e24e525b-11e0-482b-97ed-e0be4d88ae43<-b7545b0c-a4b8-458e-a79e-332c552b3ba3#0:OK-t1. Peer's state: b7545b0c-a4b8-458e-a79e-332c552b3ba3@group-36DC58DA704C:t1, leader=null, voted=e24e525b-11e0-482b-97ed-e0be4d88ae43, raftlog=Memoized:b7545b0c-a4b8-458e-a79e-332c552b3ba3@group-36DC58DA704C-SegmentedRaftLog:OPENED:c-1, conf=-1: peers:[c5f0e82b-af1b-4789-ae30-308dce149649|rpc:10.1.0.17:34327|dataStream:10.1.0.17:39979|priority:0|startupRole:FOLLOWER, b7545b0c-a4b8-458e-a79e-332c552b3ba3|rpc:10.1.0.17:33261|dataStream:10.1.0.17:42261|priority:0|startupRole:FOLLOWER, e24e525b-11e0-482b-97ed-e0be4d88ae43|rpc:10.1.0.17:35637|dataStream:10.1.0.17:38769|priority:1|startupRole:FOLLOWER]|listeners:[], old=null
2023-03-29 21:16:07,562 [e24e525b-11e0-482b-97ed-e0be4d88ae43@group-36DC58DA704C-LeaderElection6] INFO  grpc.GrpcConfigKeys (ConfUtils.java:logGet(46)) - raft.grpc.server.leader.outstanding.appends.max = 128 (default)
2023-03-29 21:16:07,567 [e24e525b-11e0-482b-97ed-e0be4d88ae43@group-36DC58DA704C-LeaderElection6] INFO  server.RaftServerConfigKeys (ConfUtils.java:logGet(46)) - raft.server.rpc.request.timeout = 60s (custom)
2023-03-29 21:16:07,567 [e24e525b-11e0-482b-97ed-e0be4d88ae43@group-36DC58DA704C-LeaderElection6] INFO  server.RaftServerConfigKeys (ConfUtils.java:logGet(46)) - raft.server.log.appender.install.snapshot.enabled = false (custom)
2023-03-29 21:16:07,567 [e24e525b-11e0-482b-97ed-e0be4d88ae43@group-36DC58DA704C-LeaderElection6] INFO  grpc.GrpcConfigKeys (ConfUtils.java:logGet(46)) - raft.grpc.server.heartbeat.channel = true (default)
2023-03-29 21:16:07,567 [e24e525b-11e0-482b-97ed-e0be4d88ae43@group-36DC58DA704C-LeaderElection6] INFO  server.RaftServerConfigKeys (ConfUtils.java:logGet(46)) - raft.server.log.appender.wait-time.min = 10ms (default)
2023-03-29 21:16:07,568 [e24e525b-11e0-482b-97ed-e0be4d88ae43@group-36DC58DA704C-LeaderElection6] INFO  impl.RoleInfo (RoleInfo.java:updateAndGet(139)) - e24e525b-11e0-482b-97ed-e0be4d88ae43: start e24e525b-11e0-482b-97ed-e0be4d88ae43@group-36DC58DA704C-LeaderStateImpl
2023-03-29 21:16:07,568 [e24e525b-11e0-482b-97ed-e0be4d88ae43@group-36DC58DA704C-LeaderElection6] INFO  segmented.SegmentedRaftLogWorker (SegmentedRaftLogWorker.java:startLogSegment(452)) - e24e525b-11e0-482b-97ed-e0be4d88ae43@group-36DC58DA704C-SegmentedRaftLogWorker: Starting segment from index:0
2023-03-29 21:16:07,570 [e24e525b-11e0-482b-97ed-e0be4d88ae43@group-36DC58DA704C-SegmentedRaftLogWorker] INFO  segmented.SegmentedRaftLogWorker (SegmentedRaftLogWorker.java:execute(656)) - e24e525b-11e0-482b-97ed-e0be4d88ae43@group-36DC58DA704C-SegmentedRaftLogWorker: created new log segment /home/runner/work/ozone/ozone/hadoop-ozone/integration-test/target/test-dir/MiniOzoneClusterImpl-5f3e6df4-6103-47e5-8e5a-b28ce86b0313/datanode-1/data/ratis/6d4c24ab-ff3f-4a96-9a2c-36dc58da704c/current/log_inprogress_0
2023-03-29 21:16:07,587 [e24e525b-11e0-482b-97ed-e0be4d88ae43@group-36DC58DA704C-LeaderElection6] INFO  server.RaftServer$Division (ServerState.java:setRaftConf(430)) - e24e525b-11e0-482b-97ed-e0be4d88ae43@group-36DC58DA704C: set configuration 0: peers:[c5f0e82b-af1b-4789-ae30-308dce149649|rpc:10.1.0.17:34327|dataStream:10.1.0.17:39979|priority:0|startupRole:FOLLOWER, b7545b0c-a4b8-458e-a79e-332c552b3ba3|rpc:10.1.0.17:33261|dataStream:10.1.0.17:42261|priority:0|startupRole:FOLLOWER, e24e525b-11e0-482b-97ed-e0be4d88ae43|rpc:10.1.0.17:35637|dataStream:10.1.0.17:38769|priority:1|startupRole:FOLLOWER]|listeners:[], old=null
2023-03-29 21:16:07,605 [c5f0e82b-af1b-4789-ae30-308dce149649-server-thread2] INFO  ratis.XceiverServerRatis (XceiverServerRatis.java:handleLeaderChangedNotification(904)) - Leader change notification received for group: group-36DC58DA704C with new leaderId: e24e525b-11e0-482b-97ed-e0be4d88ae43
2023-03-29 21:16:07,606 [c5f0e82b-af1b-4789-ae30-308dce149649-server-thread2] INFO  server.RaftServer$Division (ServerState.java:setLeader(313)) - c5f0e82b-af1b-4789-ae30-308dce149649@group-36DC58DA704C: change Leader from null to e24e525b-11e0-482b-97ed-e0be4d88ae43 at term 1 for appendEntries, leader elected after 5311ms
2023-03-29 21:16:07,612 [c5f0e82b-af1b-4789-ae30-308dce149649-server-thread1] INFO  server.RaftServer$Division (ServerState.java:setRaftConf(430)) - c5f0e82b-af1b-4789-ae30-308dce149649@group-36DC58DA704C: set configuration 0: peers:[c5f0e82b-af1b-4789-ae30-308dce149649|rpc:10.1.0.17:34327|dataStream:10.1.0.17:39979|priority:0|startupRole:FOLLOWER, b7545b0c-a4b8-458e-a79e-332c552b3ba3|rpc:10.1.0.17:33261|dataStream:10.1.0.17:42261|priority:0|startupRole:FOLLOWER, e24e525b-11e0-482b-97ed-e0be4d88ae43|rpc:10.1.0.17:35637|dataStream:10.1.0.17:38769|priority:1|startupRole:FOLLOWER]|listeners:[], old=null
2023-03-29 21:16:07,619 [c5f0e82b-af1b-4789-ae30-308dce149649-server-thread1] INFO  segmented.SegmentedRaftLogWorker (SegmentedRaftLogWorker.java:startLogSegment(452)) - c5f0e82b-af1b-4789-ae30-308dce149649@group-36DC58DA704C-SegmentedRaftLogWorker: Starting segment from index:0
2023-03-29 21:16:07,619 [b7545b0c-a4b8-458e-a79e-332c552b3ba3-server-thread1] INFO  ratis.XceiverServerRatis (XceiverServerRatis.java:handleLeaderChangedNotification(904)) - Leader change notification received for group: group-36DC58DA704C with new leaderId: e24e525b-11e0-482b-97ed-e0be4d88ae43
2023-03-29 21:16:07,620 [b7545b0c-a4b8-458e-a79e-332c552b3ba3-server-thread1] INFO  server.RaftServer$Division (ServerState.java:setLeader(313)) - b7545b0c-a4b8-458e-a79e-332c552b3ba3@group-36DC58DA704C: change Leader from null to e24e525b-11e0-482b-97ed-e0be4d88ae43 at term 1 for appendEntries, leader elected after 5178ms
2023-03-29 21:16:07,620 [c5f0e82b-af1b-4789-ae30-308dce149649@group-36DC58DA704C-SegmentedRaftLogWorker] INFO  segmented.SegmentedRaftLogWorker (SegmentedRaftLogWorker.java:execute(656)) - c5f0e82b-af1b-4789-ae30-308dce149649@group-36DC58DA704C-SegmentedRaftLogWorker: created new log segment /home/runner/work/ozone/ozone/hadoop-ozone/integration-test/target/test-dir/MiniOzoneClusterImpl-5f3e6df4-6103-47e5-8e5a-b28ce86b0313/datanode-0/data/ratis/6d4c24ab-ff3f-4a96-9a2c-36dc58da704c/current/log_inprogress_0
2023-03-29 21:16:07,620 [b7545b0c-a4b8-458e-a79e-332c552b3ba3-server-thread1] INFO  server.RaftServer$Division (ServerState.java:setRaftConf(430)) - b7545b0c-a4b8-458e-a79e-332c552b3ba3@group-36DC58DA704C: set configuration 0: peers:[c5f0e82b-af1b-4789-ae30-308dce149649|rpc:10.1.0.17:34327|dataStream:10.1.0.17:39979|priority:0|startupRole:FOLLOWER, b7545b0c-a4b8-458e-a79e-332c552b3ba3|rpc:10.1.0.17:33261|dataStream:10.1.0.17:42261|priority:0|startupRole:FOLLOWER, e24e525b-11e0-482b-97ed-e0be4d88ae43|rpc:10.1.0.17:35637|dataStream:10.1.0.17:38769|priority:1|startupRole:FOLLOWER]|listeners:[], old=null
2023-03-29 21:16:07,621 [b7545b0c-a4b8-458e-a79e-332c552b3ba3-server-thread1] INFO  segmented.SegmentedRaftLogWorker (SegmentedRaftLogWorker.java:startLogSegment(452)) - b7545b0c-a4b8-458e-a79e-332c552b3ba3@group-36DC58DA704C-SegmentedRaftLogWorker: Starting segment from index:0
2023-03-29 21:16:07,623 [b7545b0c-a4b8-458e-a79e-332c552b3ba3@group-36DC58DA704C-SegmentedRaftLogWorker] INFO  segmented.SegmentedRaftLogWorker (SegmentedRaftLogWorker.java:execute(656)) - b7545b0c-a4b8-458e-a79e-332c552b3ba3@group-36DC58DA704C-SegmentedRaftLogWorker: created new log segment /home/runner/work/ozone/ozone/hadoop-ozone/integration-test/target/test-dir/MiniOzoneClusterImpl-5f3e6df4-6103-47e5-8e5a-b28ce86b0313/datanode-2/data/ratis/6d4c24ab-ff3f-4a96-9a2c-36dc58da704c/current/log_inprogress_0
2023-03-29 21:16:08,261 [JvmPauseMonitor2] WARN  util.JvmPauseMonitor (JvmPauseMonitor.java:detectPause(126)) - JvmPauseMonitor-e24e525b-11e0-482b-97ed-e0be4d88ae43: Detected pause in JVM or host machine (eg GC): pause of approximately 202003519ns.
GC pool 'PS MarkSweep' had collection(s): count=1 time=230ms
GC pool 'PS Scavenge' had collection(s): count=1 time=65ms
2023-03-29 21:16:08,264 [JvmPauseMonitor1] WARN  util.JvmPauseMonitor (JvmPauseMonitor.java:detectPause(126)) - JvmPauseMonitor-c5f0e82b-af1b-4789-ae30-308dce149649: Detected pause in JVM or host machine (eg GC): pause of approximately 287992091ns.
GC pool 'PS MarkSweep' had collection(s): count=1 time=230ms
GC pool 'PS Scavenge' had collection(s): count=1 time=65ms
2023-03-29 21:16:08,352 [Listener at 127.0.0.1/35747] INFO  rpc.RpcClient (RpcClient.java:createVolume(476)) - Creating Volume: volume41067, with user25207 as owner and space quota set to -1 bytes, counts quota set to -1
2023-03-29 21:16:08,397 [OM StateMachine ApplyTransaction Thread - 0] INFO  volume.OMVolumeCreateRequest (OMVolumeCreateRequest.java:validateAndUpdateCache(195)) - created volume:volume41067 for user:user25207
2023-03-29 21:16:08,418 [Listener at 127.0.0.1/35747] INFO  rpc.RpcClient (RpcClient.java:createBucket(698)) - Creating Bucket: volume41067/bucket85033, with bucket layout LEGACY, runner as owner, Versioning false, Storage Type set to DISK and Encryption set to false, Replication Type set to server-side default replication type, Namespace Quota set to -1, Space Quota set to -1 
2023-03-29 21:16:08,442 [OM StateMachine ApplyTransaction Thread - 0] INFO  bucket.OMBucketCreateRequest (OMBucketCreateRequest.java:validateAndUpdateCache(262)) - created bucket: bucket85033 of layout LEGACY in volume: volume41067
2023-03-29 21:16:08,498 [IPC Server handler 19 on default port 33237] INFO  ha.SequenceIdGenerator (SequenceIdGenerator.java:getNextId(128)) - Allocate a batch for containerId, change lastId from 0 to 1000.
2023-03-29 21:16:08,507 [IPC Server handler 19 on default port 33237] WARN  ha.SequenceIdGenerator (SequenceIdGenerator.java:allocateBatch(237)) - Failed to allocate a batch for localId, expected lastId is 0, actual lastId is 111677748019200000.
2023-03-29 21:16:08,508 [IPC Server handler 19 on default port 33237] INFO  ha.SequenceIdGenerator (SequenceIdGenerator.java:getNextId(128)) - Allocate a batch for localId, change lastId from 111677748019200000 to 111677748019201000.
2023-03-29 21:16:08,582 [Listener at 127.0.0.1/35747] INFO  impl.MetricsSystemImpl (MetricsSystemImpl.java:init(158)) - XceiverClientMetrics metrics system started (again)
2023-03-29 21:16:10,221 [Listener at 127.0.0.1/35747] INFO  ha.SequenceIdGenerator (SequenceIdGenerator.java:getNextId(128)) - Allocate a batch for delTxnId, change lastId from 0 to 1000.
2023-03-29 21:16:20,263 [Listener at 127.0.0.1/35747] INFO  ozone.MiniOzoneClusterImpl (MiniOzoneClusterImpl.java:shutdown(455)) - Shutting down the Mini Ozone Cluster
2023-03-29 21:16:20,264 [Listener at 127.0.0.1/35747] INFO  ozone.MiniOzoneClusterImpl (MiniOzoneClusterImpl.java:stop(471)) - Stopping the Mini Ozone Cluster
2023-03-29 21:16:20,264 [Listener at 127.0.0.1/35747] INFO  ozone.MiniOzoneClusterImpl (MiniOzoneClusterImpl.java:stopOM(553)) - Stopping the OzoneManager
2023-03-29 21:16:20,264 [Listener at 127.0.0.1/35747] INFO  om.OzoneManager (OzoneManager.java:stop(2155)) - om1[localhost:0]: Stopping Ozone Manager
2023-03-29 21:16:20,264 [Listener at 127.0.0.1/35747] INFO  ipc.Server (Server.java:stop(3428)) - Stopping server on 35747
2023-03-29 21:16:20,273 [IPC Server listener on 0] INFO  ipc.Server (Server.java:run(1384)) - Stopping IPC Server listener on 0
2023-03-29 21:16:20,273 [IPC Server Responder] INFO  ipc.Server (Server.java:run(1517)) - Stopping IPC Server Responder
2023-03-29 21:16:20,274 [Listener at 127.0.0.1/35747] INFO  server.RaftServer (RaftServerProxy.java:lambda$close$6(409)) - om1: close
2023-03-29 21:16:20,275 [Listener at 127.0.0.1/35747] INFO  server.GrpcService (GrpcService.java:closeImpl(271)) - om1: shutdown server GrpcServerProtocolService now
2023-03-29 21:16:20,275 [om1-impl-thread1] INFO  server.RaftServer$Division (RaftServerImpl.java:lambda$close$4(458)) - om1@group-C5BA1605619E: shutdown
2023-03-29 21:16:20,275 [om1-impl-thread1] INFO  util.JmxRegister (JmxRegister.java:unregister(73)) - Successfully un-registered JMX Bean with object name Ratis:service=RaftServer,group=group-C5BA1605619E,id=om1
2023-03-29 21:16:20,275 [om1-impl-thread1] INFO  impl.RoleInfo (RoleInfo.java:shutdownLeaderState(93)) - om1: shutdown om1@group-C5BA1605619E-LeaderStateImpl
2023-03-29 21:16:20,276 [om1-impl-thread1] INFO  impl.PendingRequests (PendingRequests.java:sendNotLeaderResponses(282)) - om1@group-C5BA1605619E-PendingRequests: sendNotLeaderResponses
2023-03-29 21:16:20,280 [Listener at 127.0.0.1/35747] INFO  server.GrpcService (GrpcService.java:closeImpl(280)) - om1: shutdown server GrpcServerProtocolService successfully
2023-03-29 21:16:20,281 [om1-impl-thread1] INFO  impl.StateMachineUpdater (StateMachineUpdater.java:stopAndJoin(153)) - om1@group-C5BA1605619E-StateMachineUpdater: set stopIndex = 24
2023-03-29 21:16:20,282 [om1@group-C5BA1605619E-StateMachineUpdater] INFO  ratis.OzoneManagerStateMachine (OzoneManagerStateMachine.java:takeSnapshot(445)) - Current Snapshot Index (t:1, i:24)
2023-03-29 21:16:20,300 [om1@group-C5BA1605619E-StateMachineUpdater] INFO  impl.StateMachineUpdater (StateMachineUpdater.java:takeSnapshot(287)) - om1@group-C5BA1605619E-StateMachineUpdater: Took a snapshot at index 24
2023-03-29 21:16:20,301 [om1@group-C5BA1605619E-StateMachineUpdater] INFO  impl.StateMachineUpdater (StateMachineUpdater.java:lambda$new$0(92)) - om1@group-C5BA1605619E-StateMachineUpdater: snapshotIndex: updateIncreasingly -1 -> 24
2023-03-29 21:16:20,301 [om1@group-C5BA1605619E-StateMachineUpdater] INFO  ratis.OzoneManagerStateMachine (OzoneManagerStateMachine.java:close(499)) - StateMachine has shutdown. Shutdown OzoneManager if not already shutdown.
2023-03-29 21:16:20,301 [om1@group-C5BA1605619E-StateMachineUpdater] INFO  ratis.OzoneManagerDoubleBuffer (OzoneManagerDoubleBuffer.java:stopDaemon(540)) - Stopping OMDoubleBuffer flush thread
2023-03-29 21:16:20,301 [OMDoubleBufferFlushThread] INFO  ratis.OzoneManagerDoubleBuffer (OzoneManagerDoubleBuffer.java:canFlush(625)) - OMDoubleBuffer flush thread OMDoubleBufferFlushThread is interrupted and will exit.
2023-03-29 21:16:20,302 [om1-impl-thread1] INFO  server.RaftServer$Division (ServerState.java:close(466)) - om1@group-C5BA1605619E: closes. applyIndex: 24
2023-03-29 21:16:20,303 [om1@group-C5BA1605619E-SegmentedRaftLogWorker] INFO  segmented.SegmentedRaftLogWorker (SegmentedRaftLogWorker.java:run(347)) - om1@group-C5BA1605619E-SegmentedRaftLogWorker was interrupted, exiting. There are 0 tasks remaining in the queue.
2023-03-29 21:16:20,306 [om1-impl-thread1] INFO  segmented.SegmentedRaftLogWorker (SegmentedRaftLogWorker.java:close(257)) - om1@group-C5BA1605619E-SegmentedRaftLogWorker close()
2023-03-29 21:16:20,306 [JvmPauseMonitor0] INFO  util.JvmPauseMonitor (JvmPauseMonitor.java:run(111)) - JvmPauseMonitor-om1: Stopped
2023-03-29 21:16:20,306 [Listener at 127.0.0.1/35747] INFO  ratis.OzoneManagerStateMachine (OzoneManagerStateMachine.java:close(499)) - StateMachine has shutdown. Shutdown OzoneManager if not already shutdown.
2023-03-29 21:16:20,306 [Listener at 127.0.0.1/35747] INFO  ratis.OzoneManagerDoubleBuffer (OzoneManagerDoubleBuffer.java:stopDaemon(549)) - OMDoubleBuffer flush thread is not running.
2023-03-29 21:16:20,307 [Listener at 127.0.0.1/35747] INFO  utils.BackgroundService (BackgroundService.java:shutdown(141)) - Shutting down service KeyDeletingService
2023-03-29 21:16:20,307 [Listener at 127.0.0.1/35747] INFO  utils.BackgroundService (BackgroundService.java:shutdown(141)) - Shutting down service DirectoryDeletingService
2023-03-29 21:16:20,307 [Listener at 127.0.0.1/35747] INFO  utils.BackgroundService (BackgroundService.java:shutdown(141)) - Shutting down service OpenKeyCleanupService
2023-03-29 21:16:20,307 [Listener at 127.0.0.1/35747] INFO  utils.BackgroundService (BackgroundService.java:shutdown(141)) - Shutting down service SstFilteringService
2023-03-29 21:16:20,308 [Listener at 127.0.0.1/35747] INFO  utils.BackgroundService (BackgroundService.java:shutdown(141)) - Shutting down service SnapshotDeletingService
2023-03-29 21:16:20,309 [Listener at 127.0.0.1/35747] INFO  handler.ContextHandler (ContextHandler.java:doStop(1159)) - Stopped o.e.j.w.WebAppContext@731f96be{ozoneManager,/,null,STOPPED}{file:/home/runner/work/ozone/ozone/hadoop-ozone/integration-test/target/test-classes/webapps/ozoneManager}
2023-03-29 21:16:20,313 [Listener at 127.0.0.1/35747] INFO  server.AbstractConnector (AbstractConnector.java:doStop(383)) - Stopped ServerConnector@78308abb{HTTP/1.1, (http/1.1)}{0.0.0.0:0}
2023-03-29 21:16:20,313 [Listener at 127.0.0.1/35747] INFO  server.session (HouseKeeper.java:stopScavenging(149)) - node0 Stopped scavenging
2023-03-29 21:16:20,314 [Listener at 127.0.0.1/35747] INFO  handler.ContextHandler (ContextHandler.java:doStop(1159)) - Stopped o.e.j.s.ServletContextHandler@6a4cca4f{static,/static,file:///home/runner/work/ozone/ozone/hadoop-ozone/integration-test/target/test-classes/webapps/static,STOPPED}
2023-03-29 21:16:20,314 [Listener at 127.0.0.1/35747] INFO  handler.ContextHandler (ContextHandler.java:doStop(1159)) - Stopped o.e.j.s.ServletContextHandler@5ade367f{logs,/logs,file:///home/runner/work/ozone/ozone/hadoop-ozone/integration-test/target/log,STOPPED}
2023-03-29 21:16:20,321 [Listener at 127.0.0.1/35747] INFO  ozone.MiniOzoneClusterImpl (MiniOzoneClusterImpl.java:stopDatanodes(530)) - Stopping the HddsDatanodes
2023-03-29 21:16:20,323 [Listener at 127.0.0.1/35747] INFO  ozoneimpl.OzoneContainer (OzoneContainer.java:stop(419)) - Attempting to stop container services.
2023-03-29 21:16:20,325 [Listener at 127.0.0.1/35747] INFO  server.RaftServer (RaftServerProxy.java:lambda$close$6(409)) - e24e525b-11e0-482b-97ed-e0be4d88ae43: close
2023-03-29 21:16:20,325 [e24e525b-11e0-482b-97ed-e0be4d88ae43-impl-thread1] INFO  server.RaftServer$Division (RaftServerImpl.java:lambda$close$4(458)) - e24e525b-11e0-482b-97ed-e0be4d88ae43@group-C04DF5843E0E: shutdown
2023-03-29 21:16:20,325 [e24e525b-11e0-482b-97ed-e0be4d88ae43-impl-thread1] INFO  util.JmxRegister (JmxRegister.java:unregister(73)) - Successfully un-registered JMX Bean with object name Ratis:service=RaftServer,group=group-C04DF5843E0E,id=e24e525b-11e0-482b-97ed-e0be4d88ae43
2023-03-29 21:16:20,325 [e24e525b-11e0-482b-97ed-e0be4d88ae43-impl-thread1] INFO  impl.RoleInfo (RoleInfo.java:shutdownFollowerState(110)) - e24e525b-11e0-482b-97ed-e0be4d88ae43: shutdown e24e525b-11e0-482b-97ed-e0be4d88ae43@group-C04DF5843E0E-FollowerState
2023-03-29 21:16:20,326 [e24e525b-11e0-482b-97ed-e0be4d88ae43-impl-thread1] INFO  impl.StateMachineUpdater (StateMachineUpdater.java:stopAndJoin(153)) - e24e525b-11e0-482b-97ed-e0be4d88ae43@group-C04DF5843E0E-StateMachineUpdater: set stopIndex = 0
2023-03-29 21:16:20,326 [e24e525b-11e0-482b-97ed-e0be4d88ae43@group-C04DF5843E0E-FollowerState] INFO  impl.FollowerState (FollowerState.java:run(152)) - e24e525b-11e0-482b-97ed-e0be4d88ae43@group-C04DF5843E0E-FollowerState was interrupted
2023-03-29 21:16:20,326 [e24e525b-11e0-482b-97ed-e0be4d88ae43@group-C04DF5843E0E-StateMachineUpdater] INFO  ratis.ContainerStateMachine (ContainerStateMachine.java:takeSnapshot(330)) - group-C04DF5843E0E: Taking a snapshot at:(t:1, i:0) file /home/runner/work/ozone/ozone/hadoop-ozone/integration-test/target/test-dir/MiniOzoneClusterImpl-5f3e6df4-6103-47e5-8e5a-b28ce86b0313/datanode-1/data/ratis/dc7c61c7-c865-4491-865c-c04df5843e0e/sm/snapshot.1_0
2023-03-29 21:16:20,326 [ForkJoinPool.commonPool-worker-1] INFO  ozoneimpl.OzoneContainer (OzoneContainer.java:stop(419)) - Attempting to stop container services.
2023-03-29 21:16:20,329 [e24e525b-11e0-482b-97ed-e0be4d88ae43-impl-thread2] INFO  server.RaftServer$Division (RaftServerImpl.java:lambda$close$4(458)) - e24e525b-11e0-482b-97ed-e0be4d88ae43@group-354EEF566C65: shutdown
2023-03-29 21:16:20,330 [e24e525b-11e0-482b-97ed-e0be4d88ae43-impl-thread2] INFO  util.JmxRegister (JmxRegister.java:unregister(73)) - Successfully un-registered JMX Bean with object name Ratis:service=RaftServer,group=group-354EEF566C65,id=e24e525b-11e0-482b-97ed-e0be4d88ae43
2023-03-29 21:16:20,330 [e24e525b-11e0-482b-97ed-e0be4d88ae43-impl-thread2] INFO  impl.RoleInfo (RoleInfo.java:shutdownLeaderState(93)) - e24e525b-11e0-482b-97ed-e0be4d88ae43: shutdown e24e525b-11e0-482b-97ed-e0be4d88ae43@group-354EEF566C65-LeaderStateImpl
2023-03-29 21:16:20,335 [Listener at 127.0.0.1/35747] INFO  server.GrpcService (GrpcService.java:closeImpl(271)) - e24e525b-11e0-482b-97ed-e0be4d88ae43: shutdown server GrpcServerProtocolService now
2023-03-29 21:16:20,330 [e24e525b-11e0-482b-97ed-e0be4d88ae43-impl-thread2] INFO  impl.PendingRequests (PendingRequests.java:sendNotLeaderResponses(282)) - e24e525b-11e0-482b-97ed-e0be4d88ae43@group-354EEF566C65-PendingRequests: sendNotLeaderResponses
2023-03-29 21:16:20,347 [grpc-default-executor-3] WARN  server.GrpcServerProtocolService (LogUtils.java:warn(122)) - e24e525b-11e0-482b-97ed-e0be4d88ae43: installSnapshot onError, lastRequest: null: org.apache.ratis.thirdparty.io.grpc.StatusRuntimeException: CANCELLED: client cancelled
2023-03-29 21:16:20,350 [ForkJoinPool.commonPool-worker-1] INFO  server.RaftServer (RaftServerProxy.java:lambda$close$6(409)) - c5f0e82b-af1b-4789-ae30-308dce149649: close
2023-03-29 21:16:20,350 [c5f0e82b-af1b-4789-ae30-308dce149649-impl-thread1] INFO  server.RaftServer$Division (RaftServerImpl.java:lambda$close$4(458)) - c5f0e82b-af1b-4789-ae30-308dce149649@group-C04DF5843E0E: shutdown
2023-03-29 21:16:20,350 [c5f0e82b-af1b-4789-ae30-308dce149649-impl-thread1] INFO  util.JmxRegister (JmxRegister.java:unregister(73)) - Successfully un-registered JMX Bean with object name Ratis:service=RaftServer,group=group-C04DF5843E0E,id=c5f0e82b-af1b-4789-ae30-308dce149649
2023-03-29 21:16:20,351 [c5f0e82b-af1b-4789-ae30-308dce149649-impl-thread1] INFO  impl.RoleInfo (RoleInfo.java:shutdownFollowerState(110)) - c5f0e82b-af1b-4789-ae30-308dce149649: shutdown c5f0e82b-af1b-4789-ae30-308dce149649@group-C04DF5843E0E-FollowerState
2023-03-29 21:16:20,351 [Listener at 127.0.0.1/35747] INFO  server.GrpcServerProtocolClient (GrpcServerProtocolClient.java:close(101)) - c5f0e82b-af1b-4789-ae30-308dce149649 Close channels
2023-03-29 21:16:20,352 [grpc-default-executor-3] WARN  server.GrpcLogAppender (LogUtils.java:warn(122)) - b7545b0c-a4b8-458e-a79e-332c552b3ba3@group-C04DF5843E0E->e24e525b-11e0-482b-97ed-e0be4d88ae43-AppendLogResponseHandler: Failed appendEntries: org.apache.ratis.thirdparty.io.grpc.StatusRuntimeException: CANCELLED: RST_STREAM closed stream. HTTP/2 error code: CANCEL
2023-03-29 21:16:20,353 [c5f0e82b-af1b-4789-ae30-308dce149649-impl-thread2] INFO  server.RaftServer$Division (RaftServerImpl.java:lambda$close$4(458)) - c5f0e82b-af1b-4789-ae30-308dce149649@group-80FDC6F049CF: shutdown
2023-03-29 21:16:20,353 [c5f0e82b-af1b-4789-ae30-308dce149649-impl-thread2] INFO  util.JmxRegister (JmxRegister.java:unregister(73)) - Successfully un-registered JMX Bean with object name Ratis:service=RaftServer,group=group-80FDC6F049CF,id=c5f0e82b-af1b-4789-ae30-308dce149649
2023-03-29 21:16:20,353 [c5f0e82b-af1b-4789-ae30-308dce149649-impl-thread2] INFO  impl.RoleInfo (RoleInfo.java:shutdownLeaderState(93)) - c5f0e82b-af1b-4789-ae30-308dce149649: shutdown c5f0e82b-af1b-4789-ae30-308dce149649@group-80FDC6F049CF-LeaderStateImpl
2023-03-29 21:16:20,353 [c5f0e82b-af1b-4789-ae30-308dce149649-impl-thread2] INFO  impl.PendingRequests (PendingRequests.java:sendNotLeaderResponses(282)) - c5f0e82b-af1b-4789-ae30-308dce149649@group-80FDC6F049CF-PendingRequests: sendNotLeaderResponses
2023-03-29 21:16:20,354 [grpc-default-executor-3] WARN  server.GrpcLogAppender (GrpcLogAppender.java:resetClient(131)) - b7545b0c-a4b8-458e-a79e-332c552b3ba3@group-C04DF5843E0E->e24e525b-11e0-482b-97ed-e0be4d88ae43-GrpcLogAppender: Leader has not got in touch with Follower b7545b0c-a4b8-458e-a79e-332c552b3ba3@group-C04DF5843E0E->e24e525b-11e0-482b-97ed-e0be4d88ae43(c0,m0,n1, attendVote=true, lastRpcSendTime=291, lastRpcResponseTime=289) yet, just keep nextIndex unchanged and retry.
2023-03-29 21:16:20,371 [ForkJoinPool.commonPool-worker-1] INFO  server.GrpcService (GrpcService.java:closeImpl(271)) - c5f0e82b-af1b-4789-ae30-308dce149649: shutdown server GrpcServerProtocolService now
2023-03-29 21:16:20,371 [e24e525b-11e0-482b-97ed-e0be4d88ae43-impl-thread3] INFO  server.RaftServer$Division (RaftServerImpl.java:lambda$close$4(458)) - e24e525b-11e0-482b-97ed-e0be4d88ae43@group-36DC58DA704C: shutdown
2023-03-29 21:16:20,371 [e24e525b-11e0-482b-97ed-e0be4d88ae43-impl-thread3] INFO  util.JmxRegister (JmxRegister.java:unregister(73)) - Successfully un-registered JMX Bean with object name Ratis:service=RaftServer,group=group-36DC58DA704C,id=e24e525b-11e0-482b-97ed-e0be4d88ae43
2023-03-29 21:16:20,371 [e24e525b-11e0-482b-97ed-e0be4d88ae43-impl-thread3] INFO  impl.RoleInfo (RoleInfo.java:shutdownLeaderState(93)) - e24e525b-11e0-482b-97ed-e0be4d88ae43: shutdown e24e525b-11e0-482b-97ed-e0be4d88ae43@group-36DC58DA704C-LeaderStateImpl
2023-03-29 21:16:20,372 [c5f0e82b-af1b-4789-ae30-308dce149649@group-C04DF5843E0E-StateMachineUpdater] INFO  ratis.ContainerStateMachine (ContainerStateMachine.java:takeSnapshot(330)) - group-C04DF5843E0E: Taking a snapshot at:(t:1, i:0) file /home/runner/work/ozone/ozone/hadoop-ozone/integration-test/target/test-dir/MiniOzoneClusterImpl-5f3e6df4-6103-47e5-8e5a-b28ce86b0313/datanode-0/data/ratis/dc7c61c7-c865-4491-865c-c04df5843e0e/sm/snapshot.1_0
2023-03-29 21:16:20,372 [e24e525b-11e0-482b-97ed-e0be4d88ae43-impl-thread3] INFO  impl.PendingRequests (PendingRequests.java:sendNotLeaderResponses(282)) - e24e525b-11e0-482b-97ed-e0be4d88ae43@group-36DC58DA704C-PendingRequests: sendNotLeaderResponses
2023-03-29 21:16:20,354 [grpc-default-executor-0] WARN  server.GrpcLogAppender (LogUtils.java:warn(122)) - b7545b0c-a4b8-458e-a79e-332c552b3ba3@group-C04DF5843E0E->e24e525b-11e0-482b-97ed-e0be4d88ae43-AppendLogResponseHandler: Failed appendEntries: org.apache.ratis.thirdparty.io.grpc.StatusRuntimeException: CANCELLED: RST_STREAM closed stream. HTTP/2 error code: CANCEL
2023-03-29 21:16:20,372 [grpc-default-executor-0] WARN  server.GrpcLogAppender (GrpcLogAppender.java:resetClient(131)) - b7545b0c-a4b8-458e-a79e-332c552b3ba3@group-C04DF5843E0E->e24e525b-11e0-482b-97ed-e0be4d88ae43-GrpcLogAppender: Leader has not got in touch with Follower b7545b0c-a4b8-458e-a79e-332c552b3ba3@group-C04DF5843E0E->e24e525b-11e0-482b-97ed-e0be4d88ae43(c0,m0,n1, attendVote=true, lastRpcSendTime=309, lastRpcResponseTime=307) yet, just keep nextIndex unchanged and retry.
2023-03-29 21:16:20,372 [e24e525b-11e0-482b-97ed-e0be4d88ae43-impl-thread3] INFO  impl.StateMachineUpdater (StateMachineUpdater.java:stopAndJoin(153)) - e24e525b-11e0-482b-97ed-e0be4d88ae43@group-36DC58DA704C-StateMachineUpdater: set stopIndex = 0
2023-03-29 21:16:20,372 [c5f0e82b-af1b-4789-ae30-308dce149649@group-C04DF5843E0E-FollowerState] INFO  impl.FollowerState (FollowerState.java:run(152)) - c5f0e82b-af1b-4789-ae30-308dce149649@group-C04DF5843E0E-FollowerState was interrupted
2023-03-29 21:16:20,372 [e24e525b-11e0-482b-97ed-e0be4d88ae43@group-36DC58DA704C-StateMachineUpdater] INFO  ratis.ContainerStateMachine (ContainerStateMachine.java:takeSnapshot(330)) - group-36DC58DA704C: Taking a snapshot at:(t:1, i:0) file /home/runner/work/ozone/ozone/hadoop-ozone/integration-test/target/test-dir/MiniOzoneClusterImpl-5f3e6df4-6103-47e5-8e5a-b28ce86b0313/datanode-1/data/ratis/6d4c24ab-ff3f-4a96-9a2c-36dc58da704c/sm/snapshot.1_0
2023-03-29 21:16:20,372 [c5f0e82b-af1b-4789-ae30-308dce149649-impl-thread1] INFO  impl.StateMachineUpdater (StateMachineUpdater.java:stopAndJoin(153)) - c5f0e82b-af1b-4789-ae30-308dce149649@group-C04DF5843E0E-StateMachineUpdater: set stopIndex = 0
2023-03-29 21:16:20,349 [grpc-default-executor-2] WARN  server.GrpcServerProtocolService (LogUtils.java:warn(122)) - e24e525b-11e0-482b-97ed-e0be4d88ae43: installSnapshot onError, lastRequest: b7545b0c-a4b8-458e-a79e-332c552b3ba3->e24e525b-11e0-482b-97ed-e0be4d88ae43#1-t1,previous=(t:0, i:0),leaderCommit=0,initializing? true,entries: size=1, first=(t:1, i:0), CONFIGURATIONENTRY(current:id: "c5f0e82b-af1b-4789-ae30-308dce149649"
address: "10.1.0.17:34327"
dataStreamAddress: "10.1.0.17:39979"
clientAddress: "10.1.0.17:34327"
adminAddress: "10.1.0.17:34327"
startupRole: FOLLOWER
,id: "b7545b0c-a4b8-458e-a79e-332c552b3ba3"
address: "10.1.0.17:33261"
priority: 1
dataStreamAddress: "10.1.0.17:42261"
clientAddress: "10.1.0.17:33261"
adminAddress: "10.1.0.17:33261"
startupRole: FOLLOWER
,id: "e24e525b-11e0-482b-97ed-e0be4d88ae43"
address: "10.1.0.17:35637"
dataStreamAddress: "10.1.0.17:38769"
clientAddress: "10.1.0.17:35637"
adminAddress: "10.1.0.17:35637"
startupRole: FOLLOWER
, old:): org.apache.ratis.thirdparty.io.grpc.StatusRuntimeException: CANCELLED: client cancelled
2023-03-29 21:16:20,377 [grpc-default-executor-5] WARN  server.GrpcServerProtocolService (LogUtils.java:warn(122)) - c5f0e82b-af1b-4789-ae30-308dce149649: installSnapshot onError, lastRequest: null: org.apache.ratis.thirdparty.io.grpc.StatusRuntimeException: CANCELLED: client cancelled
2023-03-29 21:16:20,376 [grpc-default-executor-1] WARN  server.GrpcServerProtocolService (LogUtils.java:warn(122)) - c5f0e82b-af1b-4789-ae30-308dce149649: installSnapshot onError, lastRequest: null: org.apache.ratis.thirdparty.io.grpc.StatusRuntimeException: CANCELLED: client cancelled
2023-03-29 21:16:20,374 [e24e525b-11e0-482b-97ed-e0be4d88ae43@group-36DC58DA704C->c5f0e82b-af1b-4789-ae30-308dce149649-GrpcLogAppender-LogAppenderDaemon] WARN  server.GrpcLogAppender (GrpcLogAppender.java:mayWait(200)) - e24e525b-11e0-482b-97ed-e0be4d88ae43@group-36DC58DA704C->c5f0e82b-af1b-4789-ae30-308dce149649-GrpcLogAppender: Wait interrupted by java.lang.InterruptedException
2023-03-29 21:16:20,374 [e24e525b-11e0-482b-97ed-e0be4d88ae43@group-36DC58DA704C->b7545b0c-a4b8-458e-a79e-332c552b3ba3-GrpcLogAppender-LogAppenderDaemon] WARN  server.GrpcLogAppender (GrpcLogAppender.java:mayWait(200)) - e24e525b-11e0-482b-97ed-e0be4d88ae43@group-36DC58DA704C->b7545b0c-a4b8-458e-a79e-332c552b3ba3-GrpcLogAppender: Wait interrupted by java.lang.InterruptedException
2023-03-29 21:16:20,383 [c5f0e82b-af1b-4789-ae30-308dce149649-impl-thread3] INFO  server.RaftServer$Division (RaftServerImpl.java:lambda$close$4(458)) - c5f0e82b-af1b-4789-ae30-308dce149649@group-36DC58DA704C: shutdown
2023-03-29 21:16:20,383 [c5f0e82b-af1b-4789-ae30-308dce149649-impl-thread3] INFO  util.JmxRegister (JmxRegister.java:unregister(73)) - Successfully un-registered JMX Bean with object name Ratis:service=RaftServer,group=group-36DC58DA704C,id=c5f0e82b-af1b-4789-ae30-308dce149649
2023-03-29 21:16:20,383 [c5f0e82b-af1b-4789-ae30-308dce149649-impl-thread3] INFO  impl.RoleInfo (RoleInfo.java:shutdownFollowerState(110)) - c5f0e82b-af1b-4789-ae30-308dce149649: shutdown c5f0e82b-af1b-4789-ae30-308dce149649@group-36DC58DA704C-FollowerState
2023-03-29 21:16:20,383 [c5f0e82b-af1b-4789-ae30-308dce149649-impl-thread3] INFO  impl.StateMachineUpdater (StateMachineUpdater.java:stopAndJoin(153)) - c5f0e82b-af1b-4789-ae30-308dce149649@group-36DC58DA704C-StateMachineUpdater: set stopIndex = 0
2023-03-29 21:16:20,383 [c5f0e82b-af1b-4789-ae30-308dce149649@group-36DC58DA704C-FollowerState] INFO  impl.FollowerState (FollowerState.java:run(152)) - c5f0e82b-af1b-4789-ae30-308dce149649@group-36DC58DA704C-FollowerState was interrupted
2023-03-29 21:16:20,384 [c5f0e82b-af1b-4789-ae30-308dce149649@group-36DC58DA704C-StateMachineUpdater] INFO  ratis.ContainerStateMachine (ContainerStateMachine.java:takeSnapshot(330)) - group-36DC58DA704C: Taking a snapshot at:(t:1, i:0) file /home/runner/work/ozone/ozone/hadoop-ozone/integration-test/target/test-dir/MiniOzoneClusterImpl-5f3e6df4-6103-47e5-8e5a-b28ce86b0313/datanode-0/data/ratis/6d4c24ab-ff3f-4a96-9a2c-36dc58da704c/sm/snapshot.1_0
2023-03-29 21:16:20,384 [grpc-default-executor-4] INFO  server.GrpcLogAppender (GrpcLogAppender.java:onError(404)) - e24e525b-11e0-482b-97ed-e0be4d88ae43@group-36DC58DA704C->c5f0e82b-af1b-4789-ae30-308dce149649-GrpcLogAppender is already stopped
2023-03-29 21:16:20,384 [grpc-default-executor-4] INFO  server.GrpcLogAppender (GrpcLogAppender.java:onError(404)) - e24e525b-11e0-482b-97ed-e0be4d88ae43@group-36DC58DA704C->c5f0e82b-af1b-4789-ae30-308dce149649-GrpcLogAppender is already stopped
2023-03-29 21:16:20,385 [grpc-default-executor-4] WARN  server.GrpcLogAppender (LogUtils.java:warn(122)) - b7545b0c-a4b8-458e-a79e-332c552b3ba3@group-C04DF5843E0E->c5f0e82b-af1b-4789-ae30-308dce149649-AppendLogResponseHandler: Failed appendEntries: org.apache.ratis.thirdparty.io.grpc.StatusRuntimeException: CANCELLED: RST_STREAM closed stream. HTTP/2 error code: CANCEL
2023-03-29 21:16:20,385 [grpc-default-executor-4] WARN  server.GrpcLogAppender (GrpcLogAppender.java:resetClient(131)) - b7545b0c-a4b8-458e-a79e-332c552b3ba3@group-C04DF5843E0E->c5f0e82b-af1b-4789-ae30-308dce149649-GrpcLogAppender: Leader has not got in touch with Follower b7545b0c-a4b8-458e-a79e-332c552b3ba3@group-C04DF5843E0E->c5f0e82b-af1b-4789-ae30-308dce149649(c0,m0,n1, attendVote=true, lastRpcSendTime=319, lastRpcResponseTime=317) yet, just keep nextIndex unchanged and retry.
2023-03-29 21:16:20,391 [e24e525b-11e0-482b-97ed-e0be4d88ae43-impl-thread2] INFO  impl.StateMachineUpdater (StateMachineUpdater.java:stopAndJoin(153)) - e24e525b-11e0-482b-97ed-e0be4d88ae43@group-354EEF566C65-StateMachineUpdater: set stopIndex = 3
2023-03-29 21:16:20,391 [e24e525b-11e0-482b-97ed-e0be4d88ae43@group-354EEF566C65-StateMachineUpdater] INFO  ratis.ContainerStateMachine (ContainerStateMachine.java:takeSnapshot(330)) - group-354EEF566C65: Taking a snapshot at:(t:1, i:3) file /home/runner/work/ozone/ozone/hadoop-ozone/integration-test/target/test-dir/MiniOzoneClusterImpl-5f3e6df4-6103-47e5-8e5a-b28ce86b0313/datanode-1/data/ratis/829bb69b-3f89-456d-b42e-354eef566c65/sm/snapshot.1_3
2023-03-29 21:16:20,393 [grpc-default-executor-6] WARN  server.GrpcServerProtocolService (LogUtils.java:warn(122)) - c5f0e82b-af1b-4789-ae30-308dce149649: installSnapshot onError, lastRequest: b7545b0c-a4b8-458e-a79e-332c552b3ba3->c5f0e82b-af1b-4789-ae30-308dce149649#1-t1,previous=(t:0, i:0),leaderCommit=0,initializing? true,entries: size=1, first=(t:1, i:0), CONFIGURATIONENTRY(current:id: "c5f0e82b-af1b-4789-ae30-308dce149649"
address: "10.1.0.17:34327"
dataStreamAddress: "10.1.0.17:39979"
clientAddress: "10.1.0.17:34327"
adminAddress: "10.1.0.17:34327"
startupRole: FOLLOWER
,id: "b7545b0c-a4b8-458e-a79e-332c552b3ba3"
address: "10.1.0.17:33261"
priority: 1
dataStreamAddress: "10.1.0.17:42261"
clientAddress: "10.1.0.17:33261"
adminAddress: "10.1.0.17:33261"
startupRole: FOLLOWER
,id: "e24e525b-11e0-482b-97ed-e0be4d88ae43"
address: "10.1.0.17:35637"
dataStreamAddress: "10.1.0.17:38769"
clientAddress: "10.1.0.17:35637"
adminAddress: "10.1.0.17:35637"
startupRole: FOLLOWER
, old:): org.apache.ratis.thirdparty.io.grpc.StatusRuntimeException: CANCELLED: client cancelled
2023-03-29 21:16:20,393 [grpc-default-executor-0] WARN  server.GrpcLogAppender (LogUtils.java:warn(122)) - b7545b0c-a4b8-458e-a79e-332c552b3ba3@group-C04DF5843E0E->c5f0e82b-af1b-4789-ae30-308dce149649-AppendLogResponseHandler: Failed appendEntries: org.apache.ratis.thirdparty.io.grpc.StatusRuntimeException: CANCELLED: RST_STREAM closed stream. HTTP/2 error code: CANCEL
2023-03-29 21:16:20,393 [ForkJoinPool.commonPool-worker-1] INFO  server.GrpcServerProtocolClient (GrpcServerProtocolClient.java:close(101)) - b7545b0c-a4b8-458e-a79e-332c552b3ba3 Close channels
2023-03-29 21:16:20,393 [grpc-default-executor-0] WARN  server.GrpcLogAppender (GrpcLogAppender.java:resetClient(131)) - b7545b0c-a4b8-458e-a79e-332c552b3ba3@group-C04DF5843E0E->c5f0e82b-af1b-4789-ae30-308dce149649-GrpcLogAppender: Leader has not got in touch with Follower b7545b0c-a4b8-458e-a79e-332c552b3ba3@group-C04DF5843E0E->c5f0e82b-af1b-4789-ae30-308dce149649(c0,m0,n1, attendVote=true, lastRpcSendTime=327, lastRpcResponseTime=326) yet, just keep nextIndex unchanged and retry.
2023-03-29 21:16:20,400 [grpc-default-executor-2] WARN  server.GrpcServerProtocolService (LogUtils.java:warn(122)) - c5f0e82b-af1b-4789-ae30-308dce149649: installSnapshot onError, lastRequest: e24e525b-11e0-482b-97ed-e0be4d88ae43->c5f0e82b-af1b-4789-ae30-308dce149649#1-t1,previous=(t:0, i:0),leaderCommit=-1,initializing? true,entries: size=1, first=(t:1, i:0), CONFIGURATIONENTRY(current:id: "c5f0e82b-af1b-4789-ae30-308dce149649"
address: "10.1.0.17:34327"
dataStreamAddress: "10.1.0.17:39979"
clientAddress: "10.1.0.17:34327"
adminAddress: "10.1.0.17:34327"
startupRole: FOLLOWER
,id: "b7545b0c-a4b8-458e-a79e-332c552b3ba3"
address: "10.1.0.17:33261"
dataStreamAddress: "10.1.0.17:42261"
clientAddress: "10.1.0.17:33261"
adminAddress: "10.1.0.17:33261"
startupRole: FOLLOWER
,id: "e24e525b-11e0-482b-97ed-e0be4d88ae43"
address: "10.1.0.17:35637"
priority: 1
dataStreamAddress: "10.1.0.17:38769"
clientAddress: "10.1.0.17:35637"
adminAddress: "10.1.0.17:35637"
startupRole: FOLLOWER
, old:): org.apache.ratis.thirdparty.io.grpc.StatusRuntimeException: CANCELLED: client cancelled
2023-03-29 21:16:20,408 [grpc-default-executor-2] INFO  server.GrpcServerProtocolService (GrpcServerProtocolService.java:onCompleted(143)) - b7545b0c-a4b8-458e-a79e-332c552b3ba3: Completed APPEND_ENTRIES, lastRequest: null
2023-03-29 21:16:20,408 [grpc-default-executor-5] INFO  server.GrpcLogAppender (GrpcLogAppender.java:onCompleted(415)) - e24e525b-11e0-482b-97ed-e0be4d88ae43@group-36DC58DA704C->b7545b0c-a4b8-458e-a79e-332c552b3ba3-AppendLogResponseHandler: follower responses appendEntries COMPLETED
2023-03-29 21:16:20,408 [c5f0e82b-af1b-4789-ae30-308dce149649-impl-thread2] INFO  impl.StateMachineUpdater (StateMachineUpdater.java:stopAndJoin(153)) - c5f0e82b-af1b-4789-ae30-308dce149649@group-80FDC6F049CF-StateMachineUpdater: set stopIndex = 3
2023-03-29 21:16:20,409 [c5f0e82b-af1b-4789-ae30-308dce149649@group-80FDC6F049CF-StateMachineUpdater] INFO  ratis.ContainerStateMachine (ContainerStateMachine.java:takeSnapshot(330)) - group-80FDC6F049CF: Taking a snapshot at:(t:1, i:3) file /home/runner/work/ozone/ozone/hadoop-ozone/integration-test/target/test-dir/MiniOzoneClusterImpl-5f3e6df4-6103-47e5-8e5a-b28ce86b0313/datanode-0/data/ratis/112736f0-bd29-43e0-ad49-80fdc6f049cf/sm/snapshot.1_3
2023-03-29 21:16:20,409 [grpc-default-executor-5] INFO  leader.FollowerInfo (FollowerInfoImpl.java:lambda$new$0(48)) - e24e525b-11e0-482b-97ed-e0be4d88ae43@group-36DC58DA704C->b7545b0c-a4b8-458e-a79e-332c552b3ba3: nextIndex: updateUnconditionally 1 -> 0
2023-03-29 21:16:20,409 [Listener at 127.0.0.1/35747] INFO  server.GrpcServerProtocolClient (GrpcServerProtocolClient.java:close(101)) - b7545b0c-a4b8-458e-a79e-332c552b3ba3 Close channels
2023-03-29 21:16:20,414 [grpc-default-executor-1] INFO  server.GrpcServerProtocolService (GrpcServerProtocolService.java:onCompleted(143)) - b7545b0c-a4b8-458e-a79e-332c552b3ba3: Completed APPEND_ENTRIES, lastRequest: e24e525b-11e0-482b-97ed-e0be4d88ae43->b7545b0c-a4b8-458e-a79e-332c552b3ba3#1-t1,previous=(t:0, i:0),leaderCommit=-1,initializing? true,entries: size=1, first=(t:1, i:0), CONFIGURATIONENTRY(current:id: "c5f0e82b-af1b-4789-ae30-308dce149649"
address: "10.1.0.17:34327"
dataStreamAddress: "10.1.0.17:39979"
clientAddress: "10.1.0.17:34327"
adminAddress: "10.1.0.17:34327"
startupRole: FOLLOWER
,id: "b7545b0c-a4b8-458e-a79e-332c552b3ba3"
address: "10.1.0.17:33261"
dataStreamAddress: "10.1.0.17:42261"
clientAddress: "10.1.0.17:33261"
adminAddress: "10.1.0.17:33261"
startupRole: FOLLOWER
,id: "e24e525b-11e0-482b-97ed-e0be4d88ae43"
address: "10.1.0.17:35637"
priority: 1
dataStreamAddress: "10.1.0.17:38769"
clientAddress: "10.1.0.17:35637"
adminAddress: "10.1.0.17:35637"
startupRole: FOLLOWER
, old:)
2023-03-29 21:16:20,415 [grpc-default-executor-6] INFO  server.GrpcLogAppender (GrpcLogAppender.java:onCompleted(415)) - e24e525b-11e0-482b-97ed-e0be4d88ae43@group-36DC58DA704C->b7545b0c-a4b8-458e-a79e-332c552b3ba3-AppendLogResponseHandler: follower responses appendEntries COMPLETED
2023-03-29 21:16:20,418 [ForkJoinPool.commonPool-worker-1] INFO  server.GrpcServerProtocolClient (GrpcServerProtocolClient.java:close(101)) - e24e525b-11e0-482b-97ed-e0be4d88ae43 Close channels
2023-03-29 21:16:20,418 [grpc-default-executor-6] WARN  server.GrpcLogAppender (GrpcLogAppender.java:resetClient(137)) - e24e525b-11e0-482b-97ed-e0be4d88ae43@group-36DC58DA704C->b7545b0c-a4b8-458e-a79e-332c552b3ba3-GrpcLogAppender: Failed to getClient for b7545b0c-a4b8-458e-a79e-332c552b3ba3
org.apache.ratis.protocol.exceptions.AlreadyClosedException: e24e525b-11e0-482b-97ed-e0be4d88ae43 is already CLOSED
	at org.apache.ratis.util.PeerProxyMap$PeerAndProxy.getProxy(PeerProxyMap.java:61)
	at org.apache.ratis.util.PeerProxyMap.getProxy(PeerProxyMap.java:115)
	at org.apache.ratis.grpc.server.GrpcLogAppender.getClient(GrpcLogAppender.java:116)
	at org.apache.ratis.grpc.server.GrpcLogAppender.resetClient(GrpcLogAppender.java:121)
	at org.apache.ratis.grpc.server.GrpcLogAppender.access$500(GrpcLogAppender.java:58)
	at org.apache.ratis.grpc.server.GrpcLogAppender$AppendLogResponseHandler.onCompleted(GrpcLogAppender.java:416)
	at org.apache.ratis.thirdparty.io.grpc.stub.ClientCalls$StreamObserverToCallListenerAdapter.onClose(ClientCalls.java:485)
	at org.apache.ratis.thirdparty.io.grpc.internal.ClientCallImpl.closeObserver(ClientCallImpl.java:562)
	at org.apache.ratis.thirdparty.io.grpc.internal.ClientCallImpl.access$300(ClientCallImpl.java:70)
	at org.apache.ratis.thirdparty.io.grpc.internal.ClientCallImpl$ClientStreamListenerImpl$1StreamClosed.runInternal(ClientCallImpl.java:743)
	at org.apache.ratis.thirdparty.io.grpc.internal.ClientCallImpl$ClientStreamListenerImpl$1StreamClosed.runInContext(ClientCallImpl.java:722)
	at org.apache.ratis.thirdparty.io.grpc.internal.ContextRunnable.run(ContextRunnable.java:37)
	at org.apache.ratis.thirdparty.io.grpc.internal.SerializingExecutor.run(SerializingExecutor.java:133)
	at java.util.concurrent.ThreadPoolExecutor.runWorker(ThreadPoolExecutor.java:1149)
	at java.util.concurrent.ThreadPoolExecutor$Worker.run(ThreadPoolExecutor.java:624)
	at java.lang.Thread.run(Thread.java:750)
2023-03-29 21:16:20,419 [ForkJoinPool.commonPool-worker-1] INFO  server.GrpcService (GrpcService.java:closeImpl(280)) - c5f0e82b-af1b-4789-ae30-308dce149649: shutdown server GrpcServerProtocolService successfully
2023-03-29 21:16:20,424 [c5f0e82b-af1b-4789-ae30-308dce149649-NettyServerStreamRpc-bossGroup--thread1] INFO  logging.LoggingHandler (AbstractInternalLogger.java:log(148)) - [id: 0x8b86bbe6, L:/0:0:0:0:0:0:0:0:39979] CLOSE
2023-03-29 21:16:20,424 [c5f0e82b-af1b-4789-ae30-308dce149649-NettyServerStreamRpc-bossGroup--thread1] INFO  logging.LoggingHandler (AbstractInternalLogger.java:log(148)) - [id: 0x8b86bbe6, L:/0:0:0:0:0:0:0:0:39979] INACTIVE
2023-03-29 21:16:20,424 [c5f0e82b-af1b-4789-ae30-308dce149649-NettyServerStreamRpc-bossGroup--thread1] INFO  logging.LoggingHandler (AbstractInternalLogger.java:log(148)) - [id: 0x8b86bbe6, L:/0:0:0:0:0:0:0:0:39979] UNREGISTERED
2023-03-29 21:16:20,425 [Listener at 127.0.0.1/35747] INFO  server.GrpcService (GrpcService.java:closeImpl(280)) - e24e525b-11e0-482b-97ed-e0be4d88ae43: shutdown server GrpcServerProtocolService successfully
2023-03-29 21:16:20,432 [c5f0e82b-af1b-4789-ae30-308dce149649@group-C04DF5843E0E-StateMachineUpdater] INFO  ratis.ContainerStateMachine (ContainerStateMachine.java:takeSnapshot(341)) - group-C04DF5843E0E: Finished taking a snapshot at:(t:1, i:0) file:/home/runner/work/ozone/ozone/hadoop-ozone/integration-test/target/test-dir/MiniOzoneClusterImpl-5f3e6df4-6103-47e5-8e5a-b28ce86b0313/datanode-0/data/ratis/dc7c61c7-c865-4491-865c-c04df5843e0e/sm/snapshot.1_0 took: 60 ms
2023-03-29 21:16:20,432 [e24e525b-11e0-482b-97ed-e0be4d88ae43@group-36DC58DA704C-StateMachineUpdater] INFO  ratis.ContainerStateMachine (ContainerStateMachine.java:takeSnapshot(341)) - group-36DC58DA704C: Finished taking a snapshot at:(t:1, i:0) file:/home/runner/work/ozone/ozone/hadoop-ozone/integration-test/target/test-dir/MiniOzoneClusterImpl-5f3e6df4-6103-47e5-8e5a-b28ce86b0313/datanode-1/data/ratis/6d4c24ab-ff3f-4a96-9a2c-36dc58da704c/sm/snapshot.1_0 took: 60 ms
2023-03-29 21:16:20,432 [c5f0e82b-af1b-4789-ae30-308dce149649@group-36DC58DA704C-StateMachineUpdater] INFO  ratis.ContainerStateMachine (ContainerStateMachine.java:takeSnapshot(341)) - group-36DC58DA704C: Finished taking a snapshot at:(t:1, i:0) file:/home/runner/work/ozone/ozone/hadoop-ozone/integration-test/target/test-dir/MiniOzoneClusterImpl-5f3e6df4-6103-47e5-8e5a-b28ce86b0313/datanode-0/data/ratis/6d4c24ab-ff3f-4a96-9a2c-36dc58da704c/sm/snapshot.1_0 took: 49 ms
2023-03-29 21:16:20,433 [e24e525b-11e0-482b-97ed-e0be4d88ae43@group-C04DF5843E0E-StateMachineUpdater] INFO  ratis.ContainerStateMachine (ContainerStateMachine.java:takeSnapshot(341)) - group-C04DF5843E0E: Finished taking a snapshot at:(t:1, i:0) file:/home/runner/work/ozone/ozone/hadoop-ozone/integration-test/target/test-dir/MiniOzoneClusterImpl-5f3e6df4-6103-47e5-8e5a-b28ce86b0313/datanode-1/data/ratis/dc7c61c7-c865-4491-865c-c04df5843e0e/sm/snapshot.1_0 took: 106 ms
2023-03-29 21:16:20,433 [c5f0e82b-af1b-4789-ae30-308dce149649@group-C04DF5843E0E-StateMachineUpdater] INFO  impl.StateMachineUpdater (StateMachineUpdater.java:takeSnapshot(287)) - c5f0e82b-af1b-4789-ae30-308dce149649@group-C04DF5843E0E-StateMachineUpdater: Took a snapshot at index 0
2023-03-29 21:16:20,433 [c5f0e82b-af1b-4789-ae30-308dce149649@group-36DC58DA704C-StateMachineUpdater] INFO  impl.StateMachineUpdater (StateMachineUpdater.java:takeSnapshot(287)) - c5f0e82b-af1b-4789-ae30-308dce149649@group-36DC58DA704C-StateMachineUpdater: Took a snapshot at index 0
2023-03-29 21:16:20,433 [e24e525b-11e0-482b-97ed-e0be4d88ae43@group-36DC58DA704C-StateMachineUpdater] INFO  impl.StateMachineUpdater (StateMachineUpdater.java:takeSnapshot(287)) - e24e525b-11e0-482b-97ed-e0be4d88ae43@group-36DC58DA704C-StateMachineUpdater: Took a snapshot at index 0
2023-03-29 21:16:20,433 [c5f0e82b-af1b-4789-ae30-308dce149649@group-C04DF5843E0E-StateMachineUpdater] INFO  impl.StateMachineUpdater (StateMachineUpdater.java:lambda$new$0(92)) - c5f0e82b-af1b-4789-ae30-308dce149649@group-C04DF5843E0E-StateMachineUpdater: snapshotIndex: updateIncreasingly -1 -> 0
2023-03-29 21:16:20,433 [e24e525b-11e0-482b-97ed-e0be4d88ae43@group-36DC58DA704C-StateMachineUpdater] INFO  impl.StateMachineUpdater (StateMachineUpdater.java:lambda$new$0(92)) - e24e525b-11e0-482b-97ed-e0be4d88ae43@group-36DC58DA704C-StateMachineUpdater: snapshotIndex: updateIncreasingly -1 -> 0
2023-03-29 21:16:20,433 [c5f0e82b-af1b-4789-ae30-308dce149649@group-36DC58DA704C-StateMachineUpdater] INFO  impl.StateMachineUpdater (StateMachineUpdater.java:lambda$new$0(92)) - c5f0e82b-af1b-4789-ae30-308dce149649@group-36DC58DA704C-StateMachineUpdater: snapshotIndex: updateIncreasingly -1 -> 0
2023-03-29 21:16:20,434 [e24e525b-11e0-482b-97ed-e0be4d88ae43@group-C04DF5843E0E-StateMachineUpdater] INFO  impl.StateMachineUpdater (StateMachineUpdater.java:takeSnapshot(287)) - e24e525b-11e0-482b-97ed-e0be4d88ae43@group-C04DF5843E0E-StateMachineUpdater: Took a snapshot at index 0
2023-03-29 21:16:20,434 [e24e525b-11e0-482b-97ed-e0be4d88ae43@group-C04DF5843E0E-StateMachineUpdater] INFO  impl.StateMachineUpdater (StateMachineUpdater.java:lambda$new$0(92)) - e24e525b-11e0-482b-97ed-e0be4d88ae43@group-C04DF5843E0E-StateMachineUpdater: snapshotIndex: updateIncreasingly -1 -> 0
2023-03-29 21:16:20,442 [e24e525b-11e0-482b-97ed-e0be4d88ae43-NettyServerStreamRpc-bossGroup--thread1] INFO  logging.LoggingHandler (AbstractInternalLogger.java:log(148)) - [id: 0x7d7f2e2d, L:/0:0:0:0:0:0:0:0:38769] CLOSE
2023-03-29 21:16:20,442 [e24e525b-11e0-482b-97ed-e0be4d88ae43-NettyServerStreamRpc-bossGroup--thread1] INFO  logging.LoggingHandler (AbstractInternalLogger.java:log(148)) - [id: 0x7d7f2e2d, L:/0:0:0:0:0:0:0:0:38769] INACTIVE
2023-03-29 21:16:20,442 [e24e525b-11e0-482b-97ed-e0be4d88ae43-NettyServerStreamRpc-bossGroup--thread1] INFO  logging.LoggingHandler (AbstractInternalLogger.java:log(148)) - [id: 0x7d7f2e2d, L:/0:0:0:0:0:0:0:0:38769] UNREGISTERED
2023-03-29 21:16:20,444 [c5f0e82b-af1b-4789-ae30-308dce149649-impl-thread1] INFO  server.RaftServer$Division (ServerState.java:close(466)) - c5f0e82b-af1b-4789-ae30-308dce149649@group-C04DF5843E0E: closes. applyIndex: 0
2023-03-29 21:16:20,444 [c5f0e82b-af1b-4789-ae30-308dce149649-impl-thread3] INFO  server.RaftServer$Division (ServerState.java:close(466)) - c5f0e82b-af1b-4789-ae30-308dce149649@group-36DC58DA704C: closes. applyIndex: 0
2023-03-29 21:16:20,444 [e24e525b-11e0-482b-97ed-e0be4d88ae43-impl-thread1] INFO  server.RaftServer$Division (ServerState.java:close(466)) - e24e525b-11e0-482b-97ed-e0be4d88ae43@group-C04DF5843E0E: closes. applyIndex: 0
2023-03-29 21:16:20,444 [c5f0e82b-af1b-4789-ae30-308dce149649@group-36DC58DA704C-SegmentedRaftLogWorker] INFO  segmented.SegmentedRaftLogWorker (SegmentedRaftLogWorker.java:run(347)) - c5f0e82b-af1b-4789-ae30-308dce149649@group-36DC58DA704C-SegmentedRaftLogWorker was interrupted, exiting. There are 0 tasks remaining in the queue.
2023-03-29 21:16:20,444 [c5f0e82b-af1b-4789-ae30-308dce149649@group-C04DF5843E0E-SegmentedRaftLogWorker] INFO  segmented.SegmentedRaftLogWorker (SegmentedRaftLogWorker.java:run(347)) - c5f0e82b-af1b-4789-ae30-308dce149649@group-C04DF5843E0E-SegmentedRaftLogWorker was interrupted, exiting. There are 0 tasks remaining in the queue.
2023-03-29 21:16:20,444 [e24e525b-11e0-482b-97ed-e0be4d88ae43-impl-thread3] INFO  server.RaftServer$Division (ServerState.java:close(466)) - e24e525b-11e0-482b-97ed-e0be4d88ae43@group-36DC58DA704C: closes. applyIndex: 0
2023-03-29 21:16:20,444 [e24e525b-11e0-482b-97ed-e0be4d88ae43@group-36DC58DA704C-SegmentedRaftLogWorker] INFO  segmented.SegmentedRaftLogWorker (SegmentedRaftLogWorker.java:run(347)) - e24e525b-11e0-482b-97ed-e0be4d88ae43@group-36DC58DA704C-SegmentedRaftLogWorker was interrupted, exiting. There are 0 tasks remaining in the queue.
2023-03-29 21:16:20,444 [e24e525b-11e0-482b-97ed-e0be4d88ae43@group-C04DF5843E0E-SegmentedRaftLogWorker] INFO  segmented.SegmentedRaftLogWorker (SegmentedRaftLogWorker.java:run(347)) - e24e525b-11e0-482b-97ed-e0be4d88ae43@group-C04DF5843E0E-SegmentedRaftLogWorker was interrupted, exiting. There are 0 tasks remaining in the queue.
2023-03-29 21:16:20,447 [c5f0e82b-af1b-4789-ae30-308dce149649@group-80FDC6F049CF-StateMachineUpdater] INFO  ratis.ContainerStateMachine (ContainerStateMachine.java:takeSnapshot(341)) - group-80FDC6F049CF: Finished taking a snapshot at:(t:1, i:3) file:/home/runner/work/ozone/ozone/hadoop-ozone/integration-test/target/test-dir/MiniOzoneClusterImpl-5f3e6df4-6103-47e5-8e5a-b28ce86b0313/datanode-0/data/ratis/112736f0-bd29-43e0-ad49-80fdc6f049cf/sm/snapshot.1_3 took: 38 ms
2023-03-29 21:16:20,447 [c5f0e82b-af1b-4789-ae30-308dce149649@group-80FDC6F049CF-StateMachineUpdater] INFO  impl.StateMachineUpdater (StateMachineUpdater.java:takeSnapshot(287)) - c5f0e82b-af1b-4789-ae30-308dce149649@group-80FDC6F049CF-StateMachineUpdater: Took a snapshot at index 3
2023-03-29 21:16:20,447 [c5f0e82b-af1b-4789-ae30-308dce149649@group-80FDC6F049CF-StateMachineUpdater] INFO  impl.StateMachineUpdater (StateMachineUpdater.java:lambda$new$0(92)) - c5f0e82b-af1b-4789-ae30-308dce149649@group-80FDC6F049CF-StateMachineUpdater: snapshotIndex: updateIncreasingly -1 -> 3
2023-03-29 21:16:20,447 [e24e525b-11e0-482b-97ed-e0be4d88ae43@group-354EEF566C65-StateMachineUpdater] INFO  ratis.ContainerStateMachine (ContainerStateMachine.java:takeSnapshot(341)) - group-354EEF566C65: Finished taking a snapshot at:(t:1, i:3) file:/home/runner/work/ozone/ozone/hadoop-ozone/integration-test/target/test-dir/MiniOzoneClusterImpl-5f3e6df4-6103-47e5-8e5a-b28ce86b0313/datanode-1/data/ratis/829bb69b-3f89-456d-b42e-354eef566c65/sm/snapshot.1_3 took: 56 ms
2023-03-29 21:16:20,447 [e24e525b-11e0-482b-97ed-e0be4d88ae43@group-354EEF566C65-StateMachineUpdater] INFO  impl.StateMachineUpdater (StateMachineUpdater.java:takeSnapshot(287)) - e24e525b-11e0-482b-97ed-e0be4d88ae43@group-354EEF566C65-StateMachineUpdater: Took a snapshot at index 3
2023-03-29 21:16:20,447 [e24e525b-11e0-482b-97ed-e0be4d88ae43@group-354EEF566C65-StateMachineUpdater] INFO  impl.StateMachineUpdater (StateMachineUpdater.java:lambda$new$0(92)) - e24e525b-11e0-482b-97ed-e0be4d88ae43@group-354EEF566C65-StateMachineUpdater: snapshotIndex: updateIncreasingly -1 -> 3
2023-03-29 21:16:20,456 [e24e525b-11e0-482b-97ed-e0be4d88ae43-impl-thread2] INFO  server.RaftServer$Division (ServerState.java:close(466)) - e24e525b-11e0-482b-97ed-e0be4d88ae43@group-354EEF566C65: closes. applyIndex: 3
2023-03-29 21:16:20,465 [c5f0e82b-af1b-4789-ae30-308dce149649-impl-thread3] INFO  segmented.SegmentedRaftLogWorker (SegmentedRaftLogWorker.java:close(257)) - c5f0e82b-af1b-4789-ae30-308dce149649@group-36DC58DA704C-SegmentedRaftLogWorker close()
2023-03-29 21:16:20,465 [c5f0e82b-af1b-4789-ae30-308dce149649-impl-thread1] INFO  segmented.SegmentedRaftLogWorker (SegmentedRaftLogWorker.java:close(257)) - c5f0e82b-af1b-4789-ae30-308dce149649@group-C04DF5843E0E-SegmentedRaftLogWorker close()
2023-03-29 21:16:20,465 [e24e525b-11e0-482b-97ed-e0be4d88ae43-impl-thread1] INFO  segmented.SegmentedRaftLogWorker (SegmentedRaftLogWorker.java:close(257)) - e24e525b-11e0-482b-97ed-e0be4d88ae43@group-C04DF5843E0E-SegmentedRaftLogWorker close()
2023-03-29 21:16:20,465 [e24e525b-11e0-482b-97ed-e0be4d88ae43-impl-thread3] INFO  segmented.SegmentedRaftLogWorker (SegmentedRaftLogWorker.java:close(257)) - e24e525b-11e0-482b-97ed-e0be4d88ae43@group-36DC58DA704C-SegmentedRaftLogWorker close()
2023-03-29 21:16:20,466 [e24e525b-11e0-482b-97ed-e0be4d88ae43@group-354EEF566C65-SegmentedRaftLogWorker] INFO  segmented.SegmentedRaftLogWorker (SegmentedRaftLogWorker.java:run(347)) - e24e525b-11e0-482b-97ed-e0be4d88ae43@group-354EEF566C65-SegmentedRaftLogWorker was interrupted, exiting. There are 0 tasks remaining in the queue.
2023-03-29 21:16:20,474 [c5f0e82b-af1b-4789-ae30-308dce149649-impl-thread2] INFO  server.RaftServer$Division (ServerState.java:close(466)) - c5f0e82b-af1b-4789-ae30-308dce149649@group-80FDC6F049CF: closes. applyIndex: 3
2023-03-29 21:16:20,474 [c5f0e82b-af1b-4789-ae30-308dce149649@group-80FDC6F049CF-SegmentedRaftLogWorker] INFO  segmented.SegmentedRaftLogWorker (SegmentedRaftLogWorker.java:run(347)) - c5f0e82b-af1b-4789-ae30-308dce149649@group-80FDC6F049CF-SegmentedRaftLogWorker was interrupted, exiting. There are 0 tasks remaining in the queue.
2023-03-29 21:16:20,486 [c5f0e82b-af1b-4789-ae30-308dce149649-impl-thread2] INFO  segmented.SegmentedRaftLogWorker (SegmentedRaftLogWorker.java:close(257)) - c5f0e82b-af1b-4789-ae30-308dce149649@group-80FDC6F049CF-SegmentedRaftLogWorker close()
2023-03-29 21:16:20,486 [e24e525b-11e0-482b-97ed-e0be4d88ae43-impl-thread2] INFO  segmented.SegmentedRaftLogWorker (SegmentedRaftLogWorker.java:close(257)) - e24e525b-11e0-482b-97ed-e0be4d88ae43@group-354EEF566C65-SegmentedRaftLogWorker close()
2023-03-29 21:16:20,486 [JvmPauseMonitor1] INFO  util.JvmPauseMonitor (JvmPauseMonitor.java:run(111)) - JvmPauseMonitor-c5f0e82b-af1b-4789-ae30-308dce149649: Stopped
2023-03-29 21:16:20,490 [JvmPauseMonitor2] INFO  util.JvmPauseMonitor (JvmPauseMonitor.java:run(111)) - JvmPauseMonitor-e24e525b-11e0-482b-97ed-e0be4d88ae43: Stopped
2023-03-29 21:16:22,550 [Listener at 127.0.0.1/35747] INFO  volume.HddsVolume (HddsVolume.java:closeDbStore(437)) - SchemaV3 db is stopped at /home/runner/work/ozone/ozone/hadoop-ozone/integration-test/target/test-dir/MiniOzoneClusterImpl-5f3e6df4-6103-47e5-8e5a-b28ce86b0313/datanode-1/data-0/containers/hdds/5f3e6df4-6103-47e5-8e5a-b28ce86b0313/DS-72d20aab-04f7-4455-8023-0b0e59369925/container.db for volume DS-72d20aab-04f7-4455-8023-0b0e59369925
2023-03-29 21:16:22,551 [Listener at 127.0.0.1/35747] INFO  utils.BackgroundService (BackgroundService.java:shutdown(141)) - Shutting down service BlockDeletingService
2023-03-29 21:16:22,551 [Listener at 127.0.0.1/35747] INFO  utils.BackgroundService (BackgroundService.java:shutdown(141)) - Shutting down service StaleRecoveringContainerScrubbingService
2023-03-29 21:16:22,554 [Listener at 127.0.0.1/35747] INFO  statemachine.DatanodeStateMachine (DatanodeStateMachine.java:stopDaemon(601)) - Ozone container server stopped.
2023-03-29 21:16:22,556 [ForkJoinPool.commonPool-worker-1] INFO  volume.HddsVolume (HddsVolume.java:closeDbStore(437)) - SchemaV3 db is stopped at /home/runner/work/ozone/ozone/hadoop-ozone/integration-test/target/test-dir/MiniOzoneClusterImpl-5f3e6df4-6103-47e5-8e5a-b28ce86b0313/datanode-0/data-0/containers/hdds/5f3e6df4-6103-47e5-8e5a-b28ce86b0313/DS-5ab1f5f6-6aac-4b2c-b629-2e19abe1b348/container.db for volume DS-5ab1f5f6-6aac-4b2c-b629-2e19abe1b348
2023-03-29 21:16:22,558 [ForkJoinPool.commonPool-worker-1] INFO  utils.BackgroundService (BackgroundService.java:shutdown(141)) - Shutting down service BlockDeletingService
2023-03-29 21:16:22,558 [ForkJoinPool.commonPool-worker-1] INFO  utils.BackgroundService (BackgroundService.java:shutdown(141)) - Shutting down service StaleRecoveringContainerScrubbingService
2023-03-29 21:16:22,564 [ForkJoinPool.commonPool-worker-1] INFO  statemachine.DatanodeStateMachine (DatanodeStateMachine.java:stopDaemon(601)) - Ozone container server stopped.
2023-03-29 21:16:22,583 [grpc-default-executor-0] WARN  server.GrpcLogAppender (LogUtils.java:warn(122)) - b7545b0c-a4b8-458e-a79e-332c552b3ba3@group-C04DF5843E0E->e24e525b-11e0-482b-97ed-e0be4d88ae43-AppendLogResponseHandler: Failed appendEntries: org.apache.ratis.thirdparty.io.grpc.StatusRuntimeException: UNAVAILABLE: io exception
2023-03-29 21:16:22,584 [grpc-default-executor-0] WARN  server.GrpcLogAppender (GrpcLogAppender.java:resetClient(131)) - b7545b0c-a4b8-458e-a79e-332c552b3ba3@group-C04DF5843E0E->e24e525b-11e0-482b-97ed-e0be4d88ae43-GrpcLogAppender: Leader has not got in touch with Follower b7545b0c-a4b8-458e-a79e-332c552b3ba3@group-C04DF5843E0E->e24e525b-11e0-482b-97ed-e0be4d88ae43(c0,m0,n1, attendVote=true, lastRpcSendTime=14, lastRpcResponseTime=2519) yet, just keep nextIndex unchanged and retry.
2023-03-29 21:16:22,584 [grpc-default-executor-1] WARN  server.GrpcLogAppender (LogUtils.java:warn(122)) - b7545b0c-a4b8-458e-a79e-332c552b3ba3@group-C04DF5843E0E->e24e525b-11e0-482b-97ed-e0be4d88ae43-AppendLogResponseHandler: Failed appendEntries: org.apache.ratis.thirdparty.io.grpc.StatusRuntimeException: UNAVAILABLE: io exception
2023-03-29 21:16:22,584 [grpc-default-executor-1] WARN  server.GrpcLogAppender (GrpcLogAppender.java:resetClient(131)) - b7545b0c-a4b8-458e-a79e-332c552b3ba3@group-C04DF5843E0E->e24e525b-11e0-482b-97ed-e0be4d88ae43-GrpcLogAppender: Leader has not got in touch with Follower b7545b0c-a4b8-458e-a79e-332c552b3ba3@group-C04DF5843E0E->e24e525b-11e0-482b-97ed-e0be4d88ae43(c0,m0,n1, attendVote=true, lastRpcSendTime=14, lastRpcResponseTime=2519) yet, just keep nextIndex unchanged and retry.
2023-03-29 21:16:22,584 [grpc-default-executor-6] WARN  server.GrpcLogAppender (LogUtils.java:warn(122)) - b7545b0c-a4b8-458e-a79e-332c552b3ba3@group-C04DF5843E0E->c5f0e82b-af1b-4789-ae30-308dce149649-AppendLogResponseHandler: Failed appendEntries: org.apache.ratis.thirdparty.io.grpc.StatusRuntimeException: UNAVAILABLE: io exception
2023-03-29 21:16:22,585 [grpc-default-executor-6] WARN  server.GrpcLogAppender (GrpcLogAppender.java:resetClient(131)) - b7545b0c-a4b8-458e-a79e-332c552b3ba3@group-C04DF5843E0E->c5f0e82b-af1b-4789-ae30-308dce149649-GrpcLogAppender: Leader has not got in touch with Follower b7545b0c-a4b8-458e-a79e-332c552b3ba3@group-C04DF5843E0E->c5f0e82b-af1b-4789-ae30-308dce149649(c0,m0,n1, attendVote=true, lastRpcSendTime=15, lastRpcResponseTime=2517) yet, just keep nextIndex unchanged and retry.
2023-03-29 21:16:22,585 [grpc-default-executor-0] WARN  server.GrpcLogAppender (LogUtils.java:warn(122)) - b7545b0c-a4b8-458e-a79e-332c552b3ba3@group-C04DF5843E0E->c5f0e82b-af1b-4789-ae30-308dce149649-AppendLogResponseHandler: Failed appendEntries: org.apache.ratis.thirdparty.io.grpc.StatusRuntimeException: UNAVAILABLE: io exception
2023-03-29 21:16:22,585 [grpc-default-executor-0] WARN  server.GrpcLogAppender (GrpcLogAppender.java:resetClient(131)) - b7545b0c-a4b8-458e-a79e-332c552b3ba3@group-C04DF5843E0E->c5f0e82b-af1b-4789-ae30-308dce149649-GrpcLogAppender: Leader has not got in touch with Follower b7545b0c-a4b8-458e-a79e-332c552b3ba3@group-C04DF5843E0E->c5f0e82b-af1b-4789-ae30-308dce149649(c0,m0,n1, attendVote=true, lastRpcSendTime=15, lastRpcResponseTime=2518) yet, just keep nextIndex unchanged and retry.
2023-03-29 21:16:22,610 [ForkJoinPool.commonPool-worker-1] INFO  handler.ContextHandler (ContextHandler.java:doStop(1159)) - Stopped o.e.j.w.WebAppContext@6bda9259{hddsDatanode,/,null,STOPPED}{jar:file:/home/runner/.m2/repository/org/apache/ozone/hdds-container-service/1.4.0-SNAPSHOT/hdds-container-service-1.4.0-SNAPSHOT.jar!/webapps/hddsDatanode}
2023-03-29 21:16:22,615 [Listener at 127.0.0.1/35747] INFO  handler.ContextHandler (ContextHandler.java:doStop(1159)) - Stopped o.e.j.w.WebAppContext@2b131dee{hddsDatanode,/,null,STOPPED}{jar:file:/home/runner/.m2/repository/org/apache/ozone/hdds-container-service/1.4.0-SNAPSHOT/hdds-container-service-1.4.0-SNAPSHOT.jar!/webapps/hddsDatanode}
2023-03-29 21:16:22,617 [ForkJoinPool.commonPool-worker-1] INFO  server.AbstractConnector (AbstractConnector.java:doStop(383)) - Stopped ServerConnector@559c9c67{HTTP/1.1, (http/1.1)}{0.0.0.0:0}
2023-03-29 21:16:22,617 [ForkJoinPool.commonPool-worker-1] INFO  server.session (HouseKeeper.java:stopScavenging(149)) - node0 Stopped scavenging
2023-03-29 21:16:22,621 [ForkJoinPool.commonPool-worker-1] INFO  handler.ContextHandler (ContextHandler.java:doStop(1159)) - Stopped o.e.j.s.ServletContextHandler@5171a8cf{static,/static,jar:file:/home/runner/.m2/repository/org/apache/ozone/hdds-container-service/1.4.0-SNAPSHOT/hdds-container-service-1.4.0-SNAPSHOT.jar!/webapps/static,STOPPED}
2023-03-29 21:16:22,622 [Listener at 127.0.0.1/35747] INFO  server.AbstractConnector (AbstractConnector.java:doStop(383)) - Stopped ServerConnector@5f14cd3a{HTTP/1.1, (http/1.1)}{0.0.0.0:0}
2023-03-29 21:16:22,622 [ForkJoinPool.commonPool-worker-1] INFO  handler.ContextHandler (ContextHandler.java:doStop(1159)) - Stopped o.e.j.s.ServletContextHandler@3eee865e{logs,/logs,file:///home/runner/work/ozone/ozone/hadoop-ozone/integration-test/target/log,STOPPED}
2023-03-29 21:16:22,622 [Listener at 127.0.0.1/35747] INFO  server.session (HouseKeeper.java:stopScavenging(149)) - node0 Stopped scavenging
2023-03-29 21:16:22,625 [Listener at 127.0.0.1/35747] INFO  handler.ContextHandler (ContextHandler.java:doStop(1159)) - Stopped o.e.j.s.ServletContextHandler@16c11da1{static,/static,jar:file:/home/runner/.m2/repository/org/apache/ozone/hdds-container-service/1.4.0-SNAPSHOT/hdds-container-service-1.4.0-SNAPSHOT.jar!/webapps/static,STOPPED}
2023-03-29 21:16:22,625 [Listener at 127.0.0.1/35747] INFO  handler.ContextHandler (ContextHandler.java:doStop(1159)) - Stopped o.e.j.s.ServletContextHandler@34c377d4{logs,/logs,file:///home/runner/work/ozone/ozone/hadoop-ozone/integration-test/target/log,STOPPED}
2023-03-29 21:16:22,625 [ForkJoinPool.commonPool-worker-1] INFO  ozoneimpl.OzoneContainer (OzoneContainer.java:stop(419)) - Attempting to stop container services.
2023-03-29 21:16:22,626 [ForkJoinPool.commonPool-worker-1] INFO  server.RaftServer (RaftServerProxy.java:lambda$close$6(409)) - b7545b0c-a4b8-458e-a79e-332c552b3ba3: close
2023-03-29 21:16:22,626 [b7545b0c-a4b8-458e-a79e-332c552b3ba3-impl-thread1] INFO  server.RaftServer$Division (RaftServerImpl.java:lambda$close$4(458)) - b7545b0c-a4b8-458e-a79e-332c552b3ba3@group-C04DF5843E0E: shutdown
2023-03-29 21:16:22,627 [b7545b0c-a4b8-458e-a79e-332c552b3ba3-impl-thread1] INFO  util.JmxRegister (JmxRegister.java:unregister(73)) - Successfully un-registered JMX Bean with object name Ratis:service=RaftServer,group=group-C04DF5843E0E,id=b7545b0c-a4b8-458e-a79e-332c552b3ba3
2023-03-29 21:16:22,627 [b7545b0c-a4b8-458e-a79e-332c552b3ba3-impl-thread1] INFO  impl.RoleInfo (RoleInfo.java:shutdownLeaderState(93)) - b7545b0c-a4b8-458e-a79e-332c552b3ba3: shutdown b7545b0c-a4b8-458e-a79e-332c552b3ba3@group-C04DF5843E0E-LeaderStateImpl
2023-03-29 21:16:22,627 [b7545b0c-a4b8-458e-a79e-332c552b3ba3-impl-thread1] INFO  impl.PendingRequests (PendingRequests.java:sendNotLeaderResponses(282)) - b7545b0c-a4b8-458e-a79e-332c552b3ba3@group-C04DF5843E0E-PendingRequests: sendNotLeaderResponses
2023-03-29 21:16:22,627 [b7545b0c-a4b8-458e-a79e-332c552b3ba3-impl-thread1] INFO  impl.StateMachineUpdater (StateMachineUpdater.java:stopAndJoin(153)) - b7545b0c-a4b8-458e-a79e-332c552b3ba3@group-C04DF5843E0E-StateMachineUpdater: set stopIndex = 0
2023-03-29 21:16:22,627 [b7545b0c-a4b8-458e-a79e-332c552b3ba3@group-C04DF5843E0E-StateMachineUpdater] INFO  ratis.ContainerStateMachine (ContainerStateMachine.java:takeSnapshot(330)) - group-C04DF5843E0E: Taking a snapshot at:(t:1, i:0) file /home/runner/work/ozone/ozone/hadoop-ozone/integration-test/target/test-dir/MiniOzoneClusterImpl-5f3e6df4-6103-47e5-8e5a-b28ce86b0313/datanode-2/data/ratis/dc7c61c7-c865-4491-865c-c04df5843e0e/sm/snapshot.1_0
2023-03-29 21:16:22,628 [b7545b0c-a4b8-458e-a79e-332c552b3ba3-impl-thread2] INFO  server.RaftServer$Division (RaftServerImpl.java:lambda$close$4(458)) - b7545b0c-a4b8-458e-a79e-332c552b3ba3@group-4893EADF288C: shutdown
2023-03-29 21:16:22,628 [b7545b0c-a4b8-458e-a79e-332c552b3ba3-impl-thread2] INFO  util.JmxRegister (JmxRegister.java:unregister(73)) - Successfully un-registered JMX Bean with object name Ratis:service=RaftServer,group=group-4893EADF288C,id=b7545b0c-a4b8-458e-a79e-332c552b3ba3
2023-03-29 21:16:22,629 [b7545b0c-a4b8-458e-a79e-332c552b3ba3-impl-thread2] INFO  impl.RoleInfo (RoleInfo.java:shutdownLeaderState(93)) - b7545b0c-a4b8-458e-a79e-332c552b3ba3: shutdown b7545b0c-a4b8-458e-a79e-332c552b3ba3@group-4893EADF288C-LeaderStateImpl
2023-03-29 21:16:22,629 [b7545b0c-a4b8-458e-a79e-332c552b3ba3@group-C04DF5843E0E-StateMachineUpdater] INFO  ratis.ContainerStateMachine (ContainerStateMachine.java:takeSnapshot(341)) - group-C04DF5843E0E: Finished taking a snapshot at:(t:1, i:0) file:/home/runner/work/ozone/ozone/hadoop-ozone/integration-test/target/test-dir/MiniOzoneClusterImpl-5f3e6df4-6103-47e5-8e5a-b28ce86b0313/datanode-2/data/ratis/dc7c61c7-c865-4491-865c-c04df5843e0e/sm/snapshot.1_0 took: 2 ms
2023-03-29 21:16:22,629 [b7545b0c-a4b8-458e-a79e-332c552b3ba3-impl-thread2] INFO  impl.PendingRequests (PendingRequests.java:sendNotLeaderResponses(282)) - b7545b0c-a4b8-458e-a79e-332c552b3ba3@group-4893EADF288C-PendingRequests: sendNotLeaderResponses
2023-03-29 21:16:22,629 [ForkJoinPool.commonPool-worker-1] INFO  server.GrpcService (GrpcService.java:closeImpl(271)) - b7545b0c-a4b8-458e-a79e-332c552b3ba3: shutdown server GrpcServerProtocolService now
2023-03-29 21:16:22,630 [b7545b0c-a4b8-458e-a79e-332c552b3ba3@group-C04DF5843E0E-StateMachineUpdater] INFO  impl.StateMachineUpdater (StateMachineUpdater.java:takeSnapshot(287)) - b7545b0c-a4b8-458e-a79e-332c552b3ba3@group-C04DF5843E0E-StateMachineUpdater: Took a snapshot at index 0
2023-03-29 21:16:22,631 [b7545b0c-a4b8-458e-a79e-332c552b3ba3@group-C04DF5843E0E-StateMachineUpdater] INFO  impl.StateMachineUpdater (StateMachineUpdater.java:lambda$new$0(92)) - b7545b0c-a4b8-458e-a79e-332c552b3ba3@group-C04DF5843E0E-StateMachineUpdater: snapshotIndex: updateIncreasingly -1 -> 0
2023-03-29 21:16:22,630 [b7545b0c-a4b8-458e-a79e-332c552b3ba3-impl-thread3] INFO  server.RaftServer$Division (RaftServerImpl.java:lambda$close$4(458)) - b7545b0c-a4b8-458e-a79e-332c552b3ba3@group-36DC58DA704C: shutdown
2023-03-29 21:16:22,631 [b7545b0c-a4b8-458e-a79e-332c552b3ba3-impl-thread3] INFO  util.JmxRegister (JmxRegister.java:unregister(73)) - Successfully un-registered JMX Bean with object name Ratis:service=RaftServer,group=group-36DC58DA704C,id=b7545b0c-a4b8-458e-a79e-332c552b3ba3
2023-03-29 21:16:22,632 [b7545b0c-a4b8-458e-a79e-332c552b3ba3-impl-thread3] INFO  impl.RoleInfo (RoleInfo.java:shutdownFollowerState(110)) - b7545b0c-a4b8-458e-a79e-332c552b3ba3: shutdown b7545b0c-a4b8-458e-a79e-332c552b3ba3@group-36DC58DA704C-FollowerState
2023-03-29 21:16:22,632 [b7545b0c-a4b8-458e-a79e-332c552b3ba3-impl-thread1] INFO  server.RaftServer$Division (ServerState.java:close(466)) - b7545b0c-a4b8-458e-a79e-332c552b3ba3@group-C04DF5843E0E: closes. applyIndex: 0
2023-03-29 21:16:22,632 [b7545b0c-a4b8-458e-a79e-332c552b3ba3@group-C04DF5843E0E-SegmentedRaftLogWorker] INFO  segmented.SegmentedRaftLogWorker (SegmentedRaftLogWorker.java:run(347)) - b7545b0c-a4b8-458e-a79e-332c552b3ba3@group-C04DF5843E0E-SegmentedRaftLogWorker was interrupted, exiting. There are 0 tasks remaining in the queue.
2023-03-29 21:16:22,632 [b7545b0c-a4b8-458e-a79e-332c552b3ba3@group-36DC58DA704C-StateMachineUpdater] INFO  ratis.ContainerStateMachine (ContainerStateMachine.java:takeSnapshot(330)) - group-36DC58DA704C: Taking a snapshot at:(t:1, i:0) file /home/runner/work/ozone/ozone/hadoop-ozone/integration-test/target/test-dir/MiniOzoneClusterImpl-5f3e6df4-6103-47e5-8e5a-b28ce86b0313/datanode-2/data/ratis/6d4c24ab-ff3f-4a96-9a2c-36dc58da704c/sm/snapshot.1_0
2023-03-29 21:16:22,632 [b7545b0c-a4b8-458e-a79e-332c552b3ba3@group-36DC58DA704C-FollowerState] INFO  impl.FollowerState (FollowerState.java:run(152)) - b7545b0c-a4b8-458e-a79e-332c552b3ba3@group-36DC58DA704C-FollowerState was interrupted
2023-03-29 21:16:22,632 [b7545b0c-a4b8-458e-a79e-332c552b3ba3-impl-thread3] INFO  impl.StateMachineUpdater (StateMachineUpdater.java:stopAndJoin(153)) - b7545b0c-a4b8-458e-a79e-332c552b3ba3@group-36DC58DA704C-StateMachineUpdater: set stopIndex = 0
2023-03-29 21:16:22,633 [b7545b0c-a4b8-458e-a79e-332c552b3ba3@group-36DC58DA704C-StateMachineUpdater] INFO  ratis.ContainerStateMachine (ContainerStateMachine.java:takeSnapshot(341)) - group-36DC58DA704C: Finished taking a snapshot at:(t:1, i:0) file:/home/runner/work/ozone/ozone/hadoop-ozone/integration-test/target/test-dir/MiniOzoneClusterImpl-5f3e6df4-6103-47e5-8e5a-b28ce86b0313/datanode-2/data/ratis/6d4c24ab-ff3f-4a96-9a2c-36dc58da704c/sm/snapshot.1_0 took: 1 ms
2023-03-29 21:16:22,634 [b7545b0c-a4b8-458e-a79e-332c552b3ba3@group-36DC58DA704C-StateMachineUpdater] INFO  impl.StateMachineUpdater (StateMachineUpdater.java:takeSnapshot(287)) - b7545b0c-a4b8-458e-a79e-332c552b3ba3@group-36DC58DA704C-StateMachineUpdater: Took a snapshot at index 0
2023-03-29 21:16:22,634 [b7545b0c-a4b8-458e-a79e-332c552b3ba3@group-36DC58DA704C-StateMachineUpdater] INFO  impl.StateMachineUpdater (StateMachineUpdater.java:lambda$new$0(92)) - b7545b0c-a4b8-458e-a79e-332c552b3ba3@group-36DC58DA704C-StateMachineUpdater: snapshotIndex: updateIncreasingly -1 -> 0
2023-03-29 21:16:22,633 [b7545b0c-a4b8-458e-a79e-332c552b3ba3-impl-thread1] INFO  segmented.SegmentedRaftLogWorker (SegmentedRaftLogWorker.java:close(257)) - b7545b0c-a4b8-458e-a79e-332c552b3ba3@group-C04DF5843E0E-SegmentedRaftLogWorker close()
2023-03-29 21:16:22,633 [ForkJoinPool.commonPool-worker-1] INFO  server.GrpcServerProtocolClient (GrpcServerProtocolClient.java:close(101)) - c5f0e82b-af1b-4789-ae30-308dce149649 Close channels
2023-03-29 21:16:22,638 [b7545b0c-a4b8-458e-a79e-332c552b3ba3-impl-thread2] INFO  impl.StateMachineUpdater (StateMachineUpdater.java:stopAndJoin(153)) - b7545b0c-a4b8-458e-a79e-332c552b3ba3@group-4893EADF288C-StateMachineUpdater: set stopIndex = 9
2023-03-29 21:16:22,638 [b7545b0c-a4b8-458e-a79e-332c552b3ba3@group-4893EADF288C-StateMachineUpdater] INFO  ratis.ContainerStateMachine (ContainerStateMachine.java:takeSnapshot(330)) - group-4893EADF288C: Taking a snapshot at:(t:1, i:9) file /home/runner/work/ozone/ozone/hadoop-ozone/integration-test/target/test-dir/MiniOzoneClusterImpl-5f3e6df4-6103-47e5-8e5a-b28ce86b0313/datanode-2/data/ratis/2836bafa-7548-4a50-b22c-4893eadf288c/sm/snapshot.1_9
2023-03-29 21:16:22,638 [ForkJoinPool.commonPool-worker-1] INFO  server.GrpcServerProtocolClient (GrpcServerProtocolClient.java:close(101)) - e24e525b-11e0-482b-97ed-e0be4d88ae43 Close channels
2023-03-29 21:16:22,643 [b7545b0c-a4b8-458e-a79e-332c552b3ba3@group-4893EADF288C-StateMachineUpdater] INFO  ratis.ContainerStateMachine (ContainerStateMachine.java:takeSnapshot(341)) - group-4893EADF288C: Finished taking a snapshot at:(t:1, i:9) file:/home/runner/work/ozone/ozone/hadoop-ozone/integration-test/target/test-dir/MiniOzoneClusterImpl-5f3e6df4-6103-47e5-8e5a-b28ce86b0313/datanode-2/data/ratis/2836bafa-7548-4a50-b22c-4893eadf288c/sm/snapshot.1_9 took: 5 ms
2023-03-29 21:16:22,643 [b7545b0c-a4b8-458e-a79e-332c552b3ba3@group-4893EADF288C-StateMachineUpdater] INFO  impl.StateMachineUpdater (StateMachineUpdater.java:takeSnapshot(287)) - b7545b0c-a4b8-458e-a79e-332c552b3ba3@group-4893EADF288C-StateMachineUpdater: Took a snapshot at index 9
2023-03-29 21:16:22,643 [b7545b0c-a4b8-458e-a79e-332c552b3ba3@group-4893EADF288C-StateMachineUpdater] INFO  impl.StateMachineUpdater (StateMachineUpdater.java:lambda$new$0(92)) - b7545b0c-a4b8-458e-a79e-332c552b3ba3@group-4893EADF288C-StateMachineUpdater: snapshotIndex: updateIncreasingly -1 -> 9
2023-03-29 21:16:22,643 [b7545b0c-a4b8-458e-a79e-332c552b3ba3-impl-thread2] INFO  server.RaftServer$Division (ServerState.java:close(466)) - b7545b0c-a4b8-458e-a79e-332c552b3ba3@group-4893EADF288C: closes. applyIndex: 9
2023-03-29 21:16:22,643 [b7545b0c-a4b8-458e-a79e-332c552b3ba3@group-4893EADF288C-SegmentedRaftLogWorker] INFO  segmented.SegmentedRaftLogWorker (SegmentedRaftLogWorker.java:run(347)) - b7545b0c-a4b8-458e-a79e-332c552b3ba3@group-4893EADF288C-SegmentedRaftLogWorker was interrupted, exiting. There are 0 tasks remaining in the queue.
2023-03-29 21:16:22,644 [ForkJoinPool.commonPool-worker-1] INFO  server.GrpcService (GrpcService.java:closeImpl(280)) - b7545b0c-a4b8-458e-a79e-332c552b3ba3: shutdown server GrpcServerProtocolService successfully
2023-03-29 21:16:22,645 [b7545b0c-a4b8-458e-a79e-332c552b3ba3-impl-thread3] INFO  server.RaftServer$Division (ServerState.java:close(466)) - b7545b0c-a4b8-458e-a79e-332c552b3ba3@group-36DC58DA704C: closes. applyIndex: 0
2023-03-29 21:16:22,645 [b7545b0c-a4b8-458e-a79e-332c552b3ba3-impl-thread2] INFO  segmented.SegmentedRaftLogWorker (SegmentedRaftLogWorker.java:close(257)) - b7545b0c-a4b8-458e-a79e-332c552b3ba3@group-4893EADF288C-SegmentedRaftLogWorker close()
2023-03-29 21:16:22,645 [b7545b0c-a4b8-458e-a79e-332c552b3ba3@group-36DC58DA704C-SegmentedRaftLogWorker] INFO  segmented.SegmentedRaftLogWorker (SegmentedRaftLogWorker.java:run(347)) - b7545b0c-a4b8-458e-a79e-332c552b3ba3@group-36DC58DA704C-SegmentedRaftLogWorker was interrupted, exiting. There are 0 tasks remaining in the queue.
2023-03-29 21:16:22,646 [b7545b0c-a4b8-458e-a79e-332c552b3ba3-impl-thread3] INFO  segmented.SegmentedRaftLogWorker (SegmentedRaftLogWorker.java:close(257)) - b7545b0c-a4b8-458e-a79e-332c552b3ba3@group-36DC58DA704C-SegmentedRaftLogWorker close()
2023-03-29 21:16:22,646 [b7545b0c-a4b8-458e-a79e-332c552b3ba3-NettyServerStreamRpc-bossGroup--thread1] INFO  logging.LoggingHandler (AbstractInternalLogger.java:log(148)) - [id: 0x2d986eba, L:/0:0:0:0:0:0:0:0:42261] CLOSE
2023-03-29 21:16:22,647 [b7545b0c-a4b8-458e-a79e-332c552b3ba3-NettyServerStreamRpc-bossGroup--thread1] INFO  logging.LoggingHandler (AbstractInternalLogger.java:log(148)) - [id: 0x2d986eba, L:/0:0:0:0:0:0:0:0:42261] INACTIVE
2023-03-29 21:16:22,647 [b7545b0c-a4b8-458e-a79e-332c552b3ba3-NettyServerStreamRpc-bossGroup--thread1] INFO  logging.LoggingHandler (AbstractInternalLogger.java:log(148)) - [id: 0x2d986eba, L:/0:0:0:0:0:0:0:0:42261] UNREGISTERED
2023-03-29 21:16:22,650 [JvmPauseMonitor3] INFO  util.JvmPauseMonitor (JvmPauseMonitor.java:run(111)) - JvmPauseMonitor-b7545b0c-a4b8-458e-a79e-332c552b3ba3: Stopped
2023-03-29 21:16:24,658 [ForkJoinPool.commonPool-worker-1] INFO  volume.HddsVolume (HddsVolume.java:closeDbStore(437)) - SchemaV3 db is stopped at /home/runner/work/ozone/ozone/hadoop-ozone/integration-test/target/test-dir/MiniOzoneClusterImpl-5f3e6df4-6103-47e5-8e5a-b28ce86b0313/datanode-2/data-0/containers/hdds/5f3e6df4-6103-47e5-8e5a-b28ce86b0313/DS-691e535a-db7f-464b-8c20-87b462832dd7/container.db for volume DS-691e535a-db7f-464b-8c20-87b462832dd7
2023-03-29 21:16:24,659 [ForkJoinPool.commonPool-worker-1] INFO  utils.BackgroundService (BackgroundService.java:shutdown(141)) - Shutting down service BlockDeletingService
2023-03-29 21:16:24,659 [ForkJoinPool.commonPool-worker-1] INFO  utils.BackgroundService (BackgroundService.java:shutdown(141)) - Shutting down service StaleRecoveringContainerScrubbingService
2023-03-29 21:16:24,660 [ForkJoinPool.commonPool-worker-1] INFO  statemachine.DatanodeStateMachine (DatanodeStateMachine.java:stopDaemon(601)) - Ozone container server stopped.
2023-03-29 21:16:24,671 [ForkJoinPool.commonPool-worker-1] INFO  handler.ContextHandler (ContextHandler.java:doStop(1159)) - Stopped o.e.j.w.WebAppContext@4d859168{hddsDatanode,/,null,STOPPED}{jar:file:/home/runner/.m2/repository/org/apache/ozone/hdds-container-service/1.4.0-SNAPSHOT/hdds-container-service-1.4.0-SNAPSHOT.jar!/webapps/hddsDatanode}
2023-03-29 21:16:24,671 [ForkJoinPool.commonPool-worker-1] INFO  server.AbstractConnector (AbstractConnector.java:doStop(383)) - Stopped ServerConnector@4c3966d4{HTTP/1.1, (http/1.1)}{0.0.0.0:0}
2023-03-29 21:16:24,671 [ForkJoinPool.commonPool-worker-1] INFO  server.session (HouseKeeper.java:stopScavenging(149)) - node0 Stopped scavenging
2023-03-29 21:16:24,673 [ForkJoinPool.commonPool-worker-1] INFO  handler.ContextHandler (ContextHandler.java:doStop(1159)) - Stopped o.e.j.s.ServletContextHandler@28072392{static,/static,jar:file:/home/runner/.m2/repository/org/apache/ozone/hdds-container-service/1.4.0-SNAPSHOT/hdds-container-service-1.4.0-SNAPSHOT.jar!/webapps/static,STOPPED}
2023-03-29 21:16:24,673 [ForkJoinPool.commonPool-worker-1] INFO  handler.ContextHandler (ContextHandler.java:doStop(1159)) - Stopped o.e.j.s.ServletContextHandler@334a2c8d{logs,/logs,file:///home/runner/work/ozone/ozone/hadoop-ozone/integration-test/target/log,STOPPED}
2023-03-29 21:16:24,676 [Listener at 127.0.0.1/35747] INFO  ozone.MiniOzoneClusterImpl (MiniOzoneClusterImpl.java:stopSCM(545)) - Stopping the StorageContainerManager
2023-03-29 21:16:24,676 [Listener at 127.0.0.1/35747] INFO  server.StorageContainerManager (StorageContainerManager.java:stop(1546)) - Container Balancer is not running.
2023-03-29 21:16:24,676 [Listener at 127.0.0.1/35747] INFO  server.StorageContainerManager (StorageContainerManager.java:stopReplicationManager(1660)) - Stopping Replication Manager Service.
2023-03-29 21:16:24,676 [Listener at 127.0.0.1/35747] INFO  replication.ReplicationManager (ReplicationManager.java:stop(310)) - Stopping Replication Monitor Thread.
2023-03-29 21:16:24,676 [Listener at 127.0.0.1/35747] INFO  server.StorageContainerManager (StorageContainerManager.java:stop(1555)) - Stopping the Datanode Admin Monitor.
2023-03-29 21:16:24,676 [Under Replicated Processor] WARN  replication.UnhealthyReplicationProcessor (UnhealthyReplicationProcessor.java:run(146)) - Under Replicated Processor interrupted. Exiting...
2023-03-29 21:16:24,676 [Listener at 127.0.0.1/35747] INFO  server.StorageContainerManager (StorageContainerManager.java:stop(1562)) - Stopping datanode service RPC server
2023-03-29 21:16:24,676 [Listener at 127.0.0.1/35747] INFO  server.SCMDatanodeProtocolServer (SCMDatanodeProtocolServer.java:stop(424)) - Stopping the RPC server for DataNodes
2023-03-29 21:16:24,677 [Listener at 127.0.0.1/35747] INFO  ipc.Server (Server.java:stop(3428)) - Stopping server on 37227
2023-03-29 21:16:24,677 [Over Replicated Processor] WARN  replication.UnhealthyReplicationProcessor (UnhealthyReplicationProcessor.java:run(146)) - Over Replicated Processor interrupted. Exiting...
2023-03-29 21:16:24,677 [ReplicationMonitor] INFO  replication.ReplicationManager (ReplicationManager.java:run(880)) - Replication Monitor Thread is stopped
2023-03-29 21:16:24,678 [IPC Server listener on 0] INFO  ipc.Server (Server.java:run(1384)) - Stopping IPC Server listener on 0
2023-03-29 21:16:24,678 [IPC Server Responder] INFO  ipc.Server (Server.java:run(1517)) - Stopping IPC Server Responder
2023-03-29 21:16:24,725 [SCM Heartbeat Processing Thread - 0] WARN  node.NodeStateManager (NodeStateManager.java:scheduleNextHealthCheck(870)) - Current Thread is interrupted, shutting down HB processing thread for Node Manager.
2023-03-29 21:16:24,725 [Listener at 127.0.0.1/35747] INFO  server.StorageContainerManager (StorageContainerManager.java:stop(1570)) - Stopping block service RPC server
2023-03-29 21:16:24,726 [Listener at 127.0.0.1/35747] INFO  server.SCMBlockProtocolServer (SCMBlockProtocolServer.java:stop(161)) - Stopping the RPC server for Block Protocol
2023-03-29 21:16:24,726 [Listener at 127.0.0.1/35747] INFO  ipc.Server (Server.java:stop(3428)) - Stopping server on 33237
2023-03-29 21:16:24,728 [IPC Server Responder] INFO  ipc.Server (Server.java:run(1517)) - Stopping IPC Server Responder
2023-03-29 21:16:24,728 [Listener at 127.0.0.1/35747] INFO  server.StorageContainerManager (StorageContainerManager.java:stop(1577)) - Stopping the StorageContainerLocationProtocol RPC server
2023-03-29 21:16:24,728 [Listener at 127.0.0.1/35747] INFO  server.SCMClientProtocolServer (SCMClientProtocolServer.java:stop(206)) - Stopping the RPC server for Client Protocol
2023-03-29 21:16:24,728 [Listener at 127.0.0.1/35747] INFO  ipc.Server (Server.java:stop(3428)) - Stopping server on 34121
2023-03-29 21:16:24,729 [IPC Server listener on 0] INFO  ipc.Server (Server.java:run(1384)) - Stopping IPC Server listener on 0
2023-03-29 21:16:24,730 [Listener at 127.0.0.1/35747] INFO  server.StorageContainerManager (StorageContainerManager.java:stop(1584)) - Stopping Storage Container Manager HTTP server.
2023-03-29 21:16:24,731 [IPC Server listener on 0] INFO  ipc.Server (Server.java:run(1384)) - Stopping IPC Server listener on 0
2023-03-29 21:16:24,730 [IPC Server Responder] INFO  ipc.Server (Server.java:run(1517)) - Stopping IPC Server Responder
2023-03-29 21:16:24,731 [Listener at 127.0.0.1/35747] INFO  handler.ContextHandler (ContextHandler.java:doStop(1159)) - Stopped o.e.j.w.WebAppContext@1720a7a9{scm,/,null,STOPPED}{file:/home/runner/work/ozone/ozone/hadoop-ozone/integration-test/target/test-classes/webapps/scm}
2023-03-29 21:16:24,733 [Listener at 127.0.0.1/35747] INFO  server.AbstractConnector (AbstractConnector.java:doStop(383)) - Stopped ServerConnector@6766a9e8{HTTP/1.1, (http/1.1)}{0.0.0.0:0}
2023-03-29 21:16:24,733 [Listener at 127.0.0.1/35747] INFO  server.session (HouseKeeper.java:stopScavenging(149)) - node0 Stopped scavenging
2023-03-29 21:16:24,733 [Listener at 127.0.0.1/35747] INFO  handler.ContextHandler (ContextHandler.java:doStop(1159)) - Stopped o.e.j.s.ServletContextHandler@e2a444d{static,/static,file:///home/runner/work/ozone/ozone/hadoop-ozone/integration-test/target/test-classes/webapps/static,STOPPED}
2023-03-29 21:16:24,733 [Listener at 127.0.0.1/35747] INFO  handler.ContextHandler (ContextHandler.java:doStop(1159)) - Stopped o.e.j.s.ServletContextHandler@25aca8a{logs,/logs,file:///home/runner/work/ozone/ozone/hadoop-ozone/integration-test/target/log,STOPPED}
2023-03-29 21:16:24,734 [Listener at 127.0.0.1/35747] INFO  server.StorageContainerManager (StorageContainerManager.java:stop(1592)) - Stopping SCM LayoutVersionManager Service.
2023-03-29 21:16:24,734 [Listener at 127.0.0.1/35747] INFO  server.StorageContainerManager (StorageContainerManager.java:stop(1600)) - Stopping Block Manager Service.
2023-03-29 21:16:24,734 [Listener at 127.0.0.1/35747] INFO  utils.BackgroundService (BackgroundService.java:shutdown(141)) - Shutting down service SCMBlockDeletingService
2023-03-29 21:16:24,734 [Listener at 127.0.0.1/35747] INFO  utils.BackgroundService (BackgroundService.java:shutdown(141)) - Shutting down service SCMBlockDeletingService
2023-03-29 21:16:24,734 [Listener at 127.0.0.1/35747] INFO  server.StorageContainerManager (StorageContainerManager.java:stop(1622)) - Stopping SCM Event Queue.
2023-03-29 21:16:24,736 [Listener at 127.0.0.1/35747] INFO  server.StorageContainerManager (StorageContainerManager.java:stop(1633)) - Stopping SCM HA services.
2023-03-29 21:16:24,737 [Listener at 127.0.0.1/35747] INFO  pipeline.BackgroundPipelineCreator (BackgroundPipelineCreator.java:stop(149)) - Stopping RatisPipelineUtilsThread.
2023-03-29 21:16:24,738 [RatisPipelineUtilsThread - 0] WARN  pipeline.BackgroundPipelineCreator (BackgroundPipelineCreator.java:run(180)) - RatisPipelineUtilsThread is interrupted.
2023-03-29 21:16:24,739 [Listener at 127.0.0.1/35747] INFO  BackgroundPipelineScrubber (BackgroundSCMService.java:stop(131)) - Stopping BackgroundPipelineScrubber Service.
2023-03-29 21:16:24,739 [BackgroundPipelineScrubberThread] WARN  BackgroundPipelineScrubber (BackgroundSCMService.java:run(115)) - BackgroundPipelineScrubber is interrupted, exit
2023-03-29 21:16:24,739 [Listener at 127.0.0.1/35747] INFO  impl.MetricsSystemImpl (MetricsSystemImpl.java:stop(210)) - Stopping XceiverClientMetrics metrics system...
2023-03-29 21:16:24,741 [prometheus] INFO  impl.MetricsSinkAdapter (MetricsSinkAdapter.java:publishMetricsFromQueue(141)) - prometheus thread interrupted.
2023-03-29 21:16:24,741 [Listener at 127.0.0.1/35747] INFO  impl.MetricsSystemImpl (MetricsSystemImpl.java:stop(216)) - XceiverClientMetrics metrics system stopped.
2023-03-29 21:16:24,742 [Listener at 127.0.0.1/35747] WARN  pipeline.BackgroundPipelineCreator (BackgroundPipelineCreator.java:stop(145)) - RatisPipelineUtilsThread is not running, just ignore.
2023-03-29 21:16:24,742 [Listener at 127.0.0.1/35747] INFO  BackgroundPipelineScrubber (BackgroundSCMService.java:stop(126)) - BackgroundPipelineScrubber Service is not running, skip stop.
2023-03-29 21:16:24,742 [Listener at 127.0.0.1/35747] INFO  ExpiredContainerReplicaOpScrubber (BackgroundSCMService.java:stop(131)) - Stopping ExpiredContainerReplicaOpScrubber Service.
2023-03-29 21:16:24,742 [ExpiredContainerReplicaOpScrubberThread] WARN  ExpiredContainerReplicaOpScrubber (BackgroundSCMService.java:run(115)) - ExpiredContainerReplicaOpScrubber is interrupted, exit
2023-03-29 21:16:24,742 [Listener at 127.0.0.1/35747] INFO  utils.BackgroundService (BackgroundService.java:shutdown(141)) - Shutting down service SCMBlockDeletingService
2023-03-29 21:16:24,742 [Listener at 127.0.0.1/35747] INFO  replication.ReplicationManager (ReplicationManager.java:stop(320)) - Replication Monitor Thread is not running.
2023-03-29 21:16:24,742 [Listener at 127.0.0.1/35747] WARN  balancer.ContainerBalancer (ContainerBalancer.java:stop(324)) - Cannot stop Container Balancer because it's not running or stopping
2023-03-29 21:16:24,742 [Listener at 127.0.0.1/35747] INFO  server.StorageContainerManager (StorageContainerManager.java:stop(1651)) - Stopping SCM MetadataStore.
]]></system-out>
  </testcase>
  <testcase name="testBlockDeletingThrottling" classname="org.apache.hadoop.ozone.TestStorageContainerManager" time="33.228">
    <system-out><![CDATA[2023-03-29 21:16:24,836 [Time-limited test] WARN  server.ServerUtils (ServerUtils.java:getScmDbDir(148)) - ozone.scm.db.dirs is not configured. We recommend adding this setting. Falling back to ozone.metadata.dirs instead.
2023-03-29 21:16:24,838 [Time-limited test] WARN  server.ServerUtils (ServerUtils.java:getScmDbDir(148)) - ozone.scm.db.dirs is not configured. We recommend adding this setting. Falling back to ozone.metadata.dirs instead.
2023-03-29 21:16:24,838 [Time-limited test] INFO  ha.SCMHANodeDetails (SCMHANodeDetails.java:loadSCMHAConfig(209)) - ServiceID for StorageContainerManager is null
2023-03-29 21:16:24,838 [Time-limited test] WARN  ha.SCMHANodeDetails (SCMHANodeDetails.java:validateSCMHAConfig(182)) - Invalid config ozone.scm.ratis.enable. The config was not specified, but the default value true conflicts with the expected config value false. Falling back to the expected value. Current State of SCM: SCM is running in Non-HA without Ratis Ratis SCM -> Non Ratis SCM or Non HA SCM -> HA SCM is not supported
2023-03-29 21:16:24,838 [Time-limited test] INFO  ha.SCMHANodeDetails (SCMHANodeDetails.java:loadSCMHAConfig(214)) - ozone.scm.default.service.id is not defined, falling back to ozone.scm.service.ids to find serviceID for StorageContainerManager if it is HA enabled cluster
2023-03-29 21:16:24,839 [Time-limited test] WARN  utils.HAUtils (HAUtils.java:getMetaDir(342)) - ozone.scm.db.dirs is not configured. We recommend adding this setting. Falling back to ozone.metadata.dirs instead.
2023-03-29 21:16:24,840 [Time-limited test] WARN  db.DBStoreBuilder (DBStoreBuilder.java:applyDBDefinition(181)) - ozone.scm.db.dirs is not configured. We recommend adding this setting. Falling back to ozone.metadata.dirs instead.
2023-03-29 21:16:24,929 [Time-limited test] INFO  net.NodeSchemaLoader (NodeSchemaLoader.java:loadSchemaFromFile(129)) - Loading schema from [jar:file:/home/runner/.m2/repository/org/apache/ozone/hdds-common/1.4.0-SNAPSHOT/hdds-common-1.4.0-SNAPSHOT.jar!/network-topology-default.xml]
2023-03-29 21:16:24,929 [Time-limited test] INFO  net.NodeSchemaLoader (NodeSchemaLoader.java:loadSchema(176)) - Loading network topology layer schema file
2023-03-29 21:16:24,931 [Time-limited test] INFO  upgrade.AbstractLayoutVersionManager (AbstractLayoutVersionManager.java:init(83)) - Initializing Layout version manager with metadata layout = DATANODE_SCHEMA_V3 (version = 4), software layout = DATANODE_SCHEMA_V3 (version = 4)
2023-03-29 21:16:25,004 [Time-limited test] INFO  reflections.Reflections (Reflections.java:scan(232)) - Reflections took 72 ms to scan 7 urls, producing 155 keys and 368 values 
2023-03-29 21:16:25,006 [Time-limited test] INFO  ha.SequenceIdGenerator (SequenceIdGenerator.java:upgradeToSequenceId(349)) - upgrade localId to 111677748019200000
2023-03-29 21:16:25,006 [Time-limited test] INFO  ha.SequenceIdGenerator (SequenceIdGenerator.java:upgradeToSequenceId(359)) - upgrade delTxnId to 0
2023-03-29 21:16:25,007 [Time-limited test] INFO  ha.SequenceIdGenerator (SequenceIdGenerator.java:upgradeToSequenceId(376)) - upgrade containerId to 0
2023-03-29 21:16:25,007 [Time-limited test] INFO  ha.SequenceIdGenerator (SequenceIdGenerator.java:<init>(220)) - Init the HA SequenceIdGenerator.
2023-03-29 21:16:25,008 [Time-limited test] INFO  node.SCMNodeManager (SCMNodeManager.java:<init>(156)) - Entering startup safe mode.
2023-03-29 21:16:25,008 [Time-limited test] INFO  algorithms.ContainerPlacementPolicyFactory (ContainerPlacementPolicyFactory.java:getPolicyInternal(86)) - Create container placement policy of type org.apache.hadoop.hdds.scm.container.placement.algorithms.SCMContainerPlacementRandom
2023-03-29 21:16:25,008 [Time-limited test] INFO  algorithms.ContainerPlacementPolicyFactory (ContainerPlacementPolicyFactory.java:getPolicyInternal(86)) - Create container placement policy of type org.apache.hadoop.hdds.scm.container.placement.algorithms.SCMContainerPlacementRackScatter
2023-03-29 21:16:25,008 [Time-limited test] INFO  pipeline.PipelineStateManagerImpl (PipelineStateManagerImpl.java:initialize(78)) - No pipeline exists in current db
2023-03-29 21:16:25,009 [Time-limited test] INFO  algorithms.LeaderChoosePolicyFactory (LeaderChoosePolicyFactory.java:getPolicy(57)) - Create leader choose policy of type org.apache.hadoop.hdds.scm.pipeline.leader.choose.algorithms.MinLeaderCountChoosePolicy
2023-03-29 21:16:25,009 [Time-limited test] INFO  algorithms.ContainerPlacementPolicyFactory (ContainerPlacementPolicyFactory.java:getPolicyInternal(86)) - Create container placement policy of type org.apache.hadoop.hdds.scm.container.placement.algorithms.SCMContainerPlacementRackScatter
2023-03-29 21:16:25,009 [Time-limited test] INFO  ha.SCMServiceManager (SCMServiceManager.java:register(42)) - Registering service BackgroundPipelineCreator.
2023-03-29 21:16:25,009 [Time-limited test] INFO  pipeline.BackgroundPipelineCreator (BackgroundPipelineCreator.java:start(124)) - Starting RatisPipelineUtilsThread.
2023-03-29 21:16:25,010 [Time-limited test] INFO  BackgroundPipelineScrubber (BackgroundSCMService.java:start(68)) - Starting BackgroundPipelineScrubber Service.
2023-03-29 21:16:25,010 [Time-limited test] INFO  ha.SCMServiceManager (SCMServiceManager.java:register(42)) - Registering service BackgroundPipelineScrubber.
2023-03-29 21:16:25,010 [Time-limited test] INFO  ExpiredContainerReplicaOpScrubber (BackgroundSCMService.java:start(68)) - Starting ExpiredContainerReplicaOpScrubber Service.
2023-03-29 21:16:25,010 [Time-limited test] INFO  ha.SCMServiceManager (SCMServiceManager.java:register(42)) - Registering service ExpiredContainerReplicaOpScrubber.
2023-03-29 21:16:25,011 [Time-limited test] INFO  algorithms.PipelineChoosePolicyFactory (PipelineChoosePolicyFactory.java:createPipelineChoosePolicyFromClass(73)) - Create pipeline choose policy of type org.apache.hadoop.hdds.scm.pipeline.choose.algorithms.RandomPipelineChoosePolicy
2023-03-29 21:16:25,012 [Time-limited test] INFO  ha.SCMServiceManager (SCMServiceManager.java:register(42)) - Registering service SCMBlockDeletingService.
2023-03-29 21:16:25,012 [Time-limited test] INFO  replication.ReplicationManager (ReplicationManager.java:start(277)) - Starting Replication Monitor Thread.
2023-03-29 21:16:25,014 [Time-limited test] INFO  ha.SCMServiceManager (SCMServiceManager.java:register(42)) - Registering service ReplicationManager.
2023-03-29 21:16:25,014 [Time-limited test] INFO  safemode.ContainerSafeModeRule (ContainerSafeModeRule.java:<init>(89)) - containers with one replica threshold count 0
2023-03-29 21:16:25,014 [Time-limited test] INFO  safemode.HealthyPipelineSafeModeRule (HealthyPipelineSafeModeRule.java:initializeRule(169)) - Total pipeline count is 0, healthy pipeline threshold count is 0
2023-03-29 21:16:25,015 [Time-limited test] INFO  safemode.OneReplicaPipelineSafeModeRule (OneReplicaPipelineSafeModeRule.java:initializeRule(180)) - Total pipeline count is 0, pipeline's with at least one datanode reported threshold count is 0
2023-03-29 21:16:25,015 [Time-limited test] INFO  server.StorageContainerManager (StorageContainerManager.java:<init>(398)) - SCM start with adminUsers: [runner]
2023-03-29 21:16:25,015 [ReplicationMonitor] INFO  replication.ReplicationManager (ReplicationManager.java:processAll(352)) - Replication Manager is not ready to run until 3000ms after safemode exit
2023-03-29 21:16:25,016 [Time-limited test] INFO  ipc.CallQueueManager (CallQueueManager.java:<init>(90)) - Using callQueue: class java.util.concurrent.LinkedBlockingQueue, queueCapacity: 2000, scheduler: class org.apache.hadoop.ipc.DefaultRpcScheduler, ipcBackoff: false.
2023-03-29 21:16:25,016 [Socket Reader #1 for port 0] INFO  ipc.Server (Server.java:run(1273)) - Starting Socket Reader #1 for port 0
2023-03-29 21:16:25,018 [Listener at 0.0.0.0/38193] INFO  ipc.CallQueueManager (CallQueueManager.java:<init>(90)) - Using callQueue: class java.util.concurrent.LinkedBlockingQueue, queueCapacity: 2000, scheduler: class org.apache.hadoop.ipc.DefaultRpcScheduler, ipcBackoff: false.
2023-03-29 21:16:25,018 [Socket Reader #1 for port 0] INFO  ipc.Server (Server.java:run(1273)) - Starting Socket Reader #1 for port 0
2023-03-29 21:16:25,020 [Listener at 0.0.0.0/42067] INFO  ipc.CallQueueManager (CallQueueManager.java:<init>(90)) - Using callQueue: class java.util.concurrent.LinkedBlockingQueue, queueCapacity: 2000, scheduler: class org.apache.hadoop.ipc.DefaultRpcScheduler, ipcBackoff: false.
2023-03-29 21:16:25,020 [Socket Reader #1 for port 0] INFO  ipc.Server (Server.java:run(1273)) - Starting Socket Reader #1 for port 0
2023-03-29 21:16:25,025 [Listener at 0.0.0.0/46545] INFO  ha.SCMServiceManager (SCMServiceManager.java:register(42)) - Registering service ContainerBalancer.
2023-03-29 21:16:25,025 [Listener at 0.0.0.0/46545] INFO  server.StorageContainerManager (StorageContainerManager.java:<init>(415)) - 
Container Balancer status:
Key                            Value
Running                        false
Container Balancer Configuration values:
Key                                                Value
Threshold                                          10
Max Datanodes to Involve per Iteration(percent)    20
Max Size to Move per Iteration                     500GB
Max Size Entering Target per Iteration             26GB
Max Size Leaving Source per Iteration              26GB

2023-03-29 21:16:25,025 [Listener at 0.0.0.0/46545] INFO  ha.SCMContext (SCMContext.java:updateSafeModeStatus(228)) - Update SafeModeStatus from SafeModeStatus{safeModeStatus=true, preCheckPassed=false} to SafeModeStatus{safeModeStatus=true, preCheckPassed=false}.
2023-03-29 21:16:25,025 [Listener at 0.0.0.0/46545] INFO  server.StorageContainerManager (StorageContainerManager.java:start(1449)) - StorageContainerLocationProtocol RPC server is listening at /0.0.0.0:46545
2023-03-29 21:16:25,027 [Listener at 0.0.0.0/46545] WARN  impl.MetricsConfig (MetricsConfig.java:loadFirst(136)) - Cannot locate configuration: tried hadoop-metrics2-storagecontainermanager.properties,hadoop-metrics2.properties
2023-03-29 21:16:25,027 [Listener at 0.0.0.0/46545] INFO  impl.MetricsSystemImpl (MetricsSystemImpl.java:startTimer(378)) - Scheduled Metric snapshot period at 10 second(s).
2023-03-29 21:16:25,027 [Listener at 0.0.0.0/46545] INFO  impl.MetricsSystemImpl (MetricsSystemImpl.java:start(191)) - StorageContainerManager metrics system started
2023-03-29 21:16:25,041 [Listener at 0.0.0.0/46545] INFO  impl.MetricsSinkAdapter (MetricsSinkAdapter.java:start(204)) - Sink prometheus started
2023-03-29 21:16:25,041 [Listener at 0.0.0.0/46545] INFO  impl.MetricsSystemImpl (MetricsSystemImpl.java:registerSink(305)) - Registered sink prometheus
2023-03-29 21:16:25,053 [Listener at 0.0.0.0/46545] INFO  server.SCMClientProtocolServer (SCMClientProtocolServer.java:start(197)) - RPC server for Client  is listening at /0.0.0.0:46545
2023-03-29 21:16:25,053 [IPC Server Responder] INFO  ipc.Server (Server.java:run(1512)) - IPC Server Responder: starting
2023-03-29 21:16:25,053 [IPC Server listener on 0] INFO  ipc.Server (Server.java:run(1352)) - IPC Server listener on 0: starting
2023-03-29 21:16:25,056 [Listener at 0.0.0.0/46545] INFO  server.StorageContainerManager (StorageContainerManager.java:start(1463)) - ScmBlockLocationProtocol RPC server is listening at /0.0.0.0:42067
2023-03-29 21:16:25,057 [Listener at 0.0.0.0/46545] INFO  server.SCMBlockProtocolServer (SCMBlockProtocolServer.java:start(152)) - RPC server for Block Protocol is listening at /0.0.0.0:42067
2023-03-29 21:16:25,057 [IPC Server Responder] INFO  ipc.Server (Server.java:run(1512)) - IPC Server Responder: starting
2023-03-29 21:16:25,061 [IPC Server listener on 0] INFO  ipc.Server (Server.java:run(1352)) - IPC Server listener on 0: starting
2023-03-29 21:16:25,066 [Listener at 0.0.0.0/46545] INFO  server.SCMDatanodeProtocolServer (SCMDatanodeProtocolServer.java:start(193)) - ScmDatanodeProtocol RPC server for DataNodes is listening at /0.0.0.0:38193
2023-03-29 21:16:25,073 [IPC Server Responder] INFO  ipc.Server (Server.java:run(1512)) - IPC Server Responder: starting
2023-03-29 21:16:25,074 [IPC Server listener on 0] INFO  ipc.Server (Server.java:run(1352)) - IPC Server listener on 0: starting
2023-03-29 21:16:25,083 [org.apache.hadoop.util.JvmPauseMonitor$Monitor@22a2eff] INFO  util.JvmPauseMonitor (JvmPauseMonitor.java:run(188)) - Starting JVM pause monitor
2023-03-29 21:16:25,084 [Listener at 0.0.0.0/46545] INFO  http.BaseHttpServer (BaseHttpServer.java:newHttpServer2BuilderForOzone(224)) - Starting Web-server for scm at: http://0.0.0.0:0
2023-03-29 21:16:25,084 [Listener at 0.0.0.0/46545] INFO  http.BaseHttpServer (BaseHttpServer.java:<init>(111)) - Hadoop Security Enabled: false Ozone Security Enabled: false Ozone HTTP Security Enabled: false 
2023-03-29 21:16:25,085 [Listener at 0.0.0.0/46545] WARN  server.AuthenticationFilter (AuthenticationFilter.java:constructSecretProvider(240)) - Unable to initialize FileSignerSecretProvider, falling back to use random secrets. Reason: Could not read signature secret file: /home/runner/hadoop-http-auth-signature-secret
2023-03-29 21:16:25,089 [Listener at 0.0.0.0/46545] WARN  http.HttpRequestLog (HttpRequestLog.java:getRequestLog(103)) - Jetty request log can only be enabled using Log4j
2023-03-29 21:16:25,090 [Listener at 0.0.0.0/46545] INFO  http.HttpServer2 (HttpServer2.java:addGlobalFilter(1031)) - Added global filter 'safety' (class=org.apache.hadoop.hdds.server.http.HttpServer2$QuotingInputFilter)
2023-03-29 21:16:25,091 [Listener at 0.0.0.0/46545] INFO  http.HttpServer2 (HttpServer2.java:addFilter(1007)) - Added filter static_user_filter (class=org.apache.hadoop.http.lib.StaticUserWebFilter$StaticUserFilter) to context scm
2023-03-29 21:16:25,091 [Listener at 0.0.0.0/46545] INFO  http.HttpServer2 (HttpServer2.java:addFilter(1015)) - Added filter static_user_filter (class=org.apache.hadoop.http.lib.StaticUserWebFilter$StaticUserFilter) to context static
2023-03-29 21:16:25,091 [Listener at 0.0.0.0/46545] INFO  http.HttpServer2 (HttpServer2.java:addFilter(1015)) - Added filter static_user_filter (class=org.apache.hadoop.http.lib.StaticUserWebFilter$StaticUserFilter) to context logs
2023-03-29 21:16:25,092 [Listener at 0.0.0.0/46545] INFO  http.BaseHttpServer (BaseHttpServer.java:<init>(190)) - HTTP server of scm uses base directory /home/runner/work/ozone/ozone/hadoop-ozone/integration-test/target/test-dir/MiniOzoneClusterImpl-20b354d8-6de5-4b98-a646-9c388eab4dbb/ozone-meta/webserver
2023-03-29 21:16:25,092 [Listener at 0.0.0.0/46545] INFO  http.HttpServer2 (HttpServer2.java:bindListener(1250)) - Jetty bound to port 36237
2023-03-29 21:16:25,092 [Listener at 0.0.0.0/46545] INFO  server.Server (Server.java:doStart(375)) - jetty-9.4.49.v20220914; built: 2022-09-14T01:07:36.601Z; git: 4231a3b2e4cb8548a412a789936d640a97b1aa0a; jvm 1.8.0_362-b09
2023-03-29 21:16:25,095 [Listener at 0.0.0.0/46545] INFO  server.session (DefaultSessionIdManager.java:doStart(334)) - DefaultSessionIdManager workerName=node0
2023-03-29 21:16:25,095 [Listener at 0.0.0.0/46545] INFO  server.session (DefaultSessionIdManager.java:doStart(339)) - No SessionScavenger set, using defaults
2023-03-29 21:16:25,095 [Listener at 0.0.0.0/46545] INFO  server.session (HouseKeeper.java:startScavenging(132)) - node0 Scavenging every 600000ms
2023-03-29 21:16:25,096 [Listener at 0.0.0.0/46545] INFO  handler.ContextHandler (ContextHandler.java:doStart(921)) - Started o.e.j.s.ServletContextHandler@25130698{logs,/logs,file:///home/runner/work/ozone/ozone/hadoop-ozone/integration-test/target/log,AVAILABLE}
2023-03-29 21:16:25,096 [Listener at 0.0.0.0/46545] INFO  handler.ContextHandler (ContextHandler.java:doStart(921)) - Started o.e.j.s.ServletContextHandler@2e2f2316{static,/static,file:///home/runner/work/ozone/ozone/hadoop-ozone/integration-test/target/test-classes/webapps/static,AVAILABLE}
2023-03-29 21:16:25,099 [Listener at 0.0.0.0/46545] INFO  handler.ContextHandler (ContextHandler.java:doStart(921)) - Started o.e.j.w.WebAppContext@9ff673{scm,/,file:///home/runner/work/ozone/ozone/hadoop-ozone/integration-test/target/test-classes/webapps/scm/,AVAILABLE}{file:/home/runner/work/ozone/ozone/hadoop-ozone/integration-test/target/test-classes/webapps/scm}
2023-03-29 21:16:25,104 [Listener at 0.0.0.0/46545] INFO  server.AbstractConnector (AbstractConnector.java:doStart(333)) - Started ServerConnector@6d6b0b25{HTTP/1.1, (http/1.1)}{0.0.0.0:36237}
2023-03-29 21:16:25,104 [Listener at 0.0.0.0/46545] INFO  server.Server (Server.java:doStart(415)) - Started @38870ms
2023-03-29 21:16:25,104 [Listener at 0.0.0.0/46545] WARN  impl.MetricsSystemImpl (MetricsSystemImpl.java:register(279)) - Sink prometheus already exists!
2023-03-29 21:16:25,105 [Listener at 0.0.0.0/46545] INFO  http.BaseHttpServer (BaseHttpServer.java:updateConnectorAddress(344)) - HTTP server of scm listening at http://0.0.0.0:36237
2023-03-29 21:16:25,105 [Listener at 0.0.0.0/46545] WARN  server.ServerUtils (ServerUtils.java:getDBPath(225)) - ozone.om.db.dirs is not configured. We recommend adding this setting. Falling back to ozone.metadata.dirs instead.
2023-03-29 21:16:25,106 [Listener at 0.0.0.0/46545] INFO  ha.OMHANodeDetails (OMHANodeDetails.java:loadOMHAConfig(115)) - ozone.om.internal.service.id is not defined, falling back to ozone.om.service.ids to find serviceID for OzoneManager if it is HA enabled cluster
2023-03-29 21:16:25,107 [Listener at 0.0.0.0/46545] INFO  ha.OMHANodeDetails (OMHANodeDetails.java:loadOMHAConfig(226)) - Configuration does not have ozone.om.address set. Falling back to the default OM address /127.0.0.1:0
2023-03-29 21:16:25,107 [Listener at 0.0.0.0/46545] INFO  ha.OMHANodeDetails (OMHANodeDetails.java:getOMNodeDetailsForNonHA(254)) - OM Service ID is not set. Setting it to the default ID: omServiceIdDefault
2023-03-29 21:16:25,107 [Listener at 0.0.0.0/46545] INFO  ha.OMHANodeDetails (OMHANodeDetails.java:getOMNodeDetailsForNonHA(261)) - OM Node ID is not set. Setting it to the default ID: om1
2023-03-29 21:16:25,107 [Listener at 0.0.0.0/46545] WARN  server.ServerUtils (ServerUtils.java:getDBPath(225)) - ozone.om.db.dirs is not configured. We recommend adding this setting. Falling back to ozone.metadata.dirs instead.
2023-03-29 21:16:25,108 [Listener at 0.0.0.0/46545] INFO  upgrade.AbstractLayoutVersionManager (AbstractLayoutVersionManager.java:init(83)) - Initializing Layout version manager with metadata layout = MULTITENANCY_SCHEMA (version = 3), software layout = MULTITENANCY_SCHEMA (version = 3)
2023-03-29 21:16:25,182 [Listener at 0.0.0.0/46545] INFO  reflections.Reflections (Reflections.java:scan(232)) - Reflections took 73 ms to scan 2 urls, producing 170 keys and 470 values [using 2 cores]
2023-03-29 21:16:25,183 [Listener at 0.0.0.0/46545] INFO  upgrade.OMLayoutVersionManager (OMLayoutVersionManager.java:lambda$0(115)) - Skipping Upgrade Action MockOmUpgradeAction since it has been finalized.
2023-03-29 21:16:25,183 [Listener at 0.0.0.0/46545] WARN  server.ServerUtils (ServerUtils.java:getDBPath(225)) - ozone.om.db.dirs is not configured. We recommend adding this setting. Falling back to ozone.metadata.dirs instead.
2023-03-29 21:16:25,183 [Listener at 0.0.0.0/46545] INFO  proxy.SCMBlockLocationFailoverProxyProvider (SCMBlockLocationFailoverProxyProvider.java:<init>(114)) - Created block location fail-over proxy with 1 nodes: [nodeId=scmNodeId,nodeAddress=/0.0.0.0:42067]
2023-03-29 21:16:25,185 [Listener at 0.0.0.0/46545] INFO  proxy.SCMBlockLocationFailoverProxyProvider (SCMBlockLocationFailoverProxyProvider.java:<init>(114)) - Created block location fail-over proxy with 1 nodes: [nodeId=scmNodeId,nodeAddress=/0.0.0.0:42067]
2023-03-29 21:16:25,202 [Listener at 0.0.0.0/46545] INFO  om.OzoneManager (OzoneManager.java:<init>(619)) - OM start with adminUsers: [runner]
2023-03-29 21:16:25,203 [Listener at 0.0.0.0/46545] WARN  server.ServerUtils (ServerUtils.java:getDBPath(225)) - ozone.om.db.dirs is not configured. We recommend adding this setting. Falling back to ozone.metadata.dirs instead.
2023-03-29 21:16:25,204 [Listener at 0.0.0.0/46545] INFO  codec.OmKeyInfoCodec (OmKeyInfoCodec.java:<init>(49)) - OmKeyInfoCodec ignorePipeline = true
2023-03-29 21:16:25,204 [Listener at 0.0.0.0/46545] INFO  codec.RepeatedOmKeyInfoCodec (RepeatedOmKeyInfoCodec.java:<init>(41)) - RepeatedOmKeyInfoCodec ignorePipeline = true
2023-03-29 21:16:25,361 [Listener at 0.0.0.0/46545] INFO  om.OzoneManager (OzoneManager.java:instantiateServices(749)) - S3 Multi-Tenancy is disabled
2023-03-29 21:16:25,362 [Listener at 0.0.0.0/46545] WARN  server.ServerUtils (ServerUtils.java:getDBPath(225)) - ozone.om.snapshot.diff.db.dir is not configured. We recommend adding this setting. Falling back to ozone.metadata.dirs instead.
2023-03-29 21:16:25,379 [Listener at 0.0.0.0/46545] INFO  om.OzoneManager (OzoneManager.java:addS3GVolumeToDB(4223)) - Created Volume s3v With Owner runner required for S3Gateway operations.
2023-03-29 21:16:25,379 [Listener at 0.0.0.0/46545] WARN  server.ServerUtils (ServerUtils.java:getDefaultRatisDirectory(237)) - Storage directory for Ratis is not configured. It is a good idea to map this to an SSD disk. Falling back to ozone.metadata.dirs
2023-03-29 21:16:25,379 [Listener at 0.0.0.0/46545] WARN  utils.OzoneManagerRatisUtils (OzoneManagerRatisUtils.java:getOMRatisSnapshotDirectory(446)) - ozone.om.ratis.snapshot.dir is not configured. Falling back to ozone.metadata.dirs config
2023-03-29 21:16:25,380 [Listener at 0.0.0.0/46545] WARN  server.ServerUtils (ServerUtils.java:getDefaultRatisDirectory(237)) - Storage directory for Ratis is not configured. It is a good idea to map this to an SSD disk. Falling back to ozone.metadata.dirs
2023-03-29 21:16:25,382 [Listener at 0.0.0.0/46545] INFO  ratis.OzoneManagerRatisServer (OzoneManagerRatisServer.java:<init>(163)) - Instantiating OM Ratis server with groupID: omServiceIdDefault and peers: localhost:9872
2023-03-29 21:16:25,382 [Listener at 0.0.0.0/46545] INFO  ratis.OzoneManagerStateMachine (OzoneManagerStateMachine.java:loadSnapshotInfoFromDB(636)) - LastAppliedIndex is set from TransactionInfo from OM DB as (t:0, i:~)
2023-03-29 21:16:25,382 [Listener at 0.0.0.0/46545] INFO  server.RaftServer (ConfUtils.java:logGet(46)) - raft.rpc.type = GRPC (default)
2023-03-29 21:16:25,383 [Listener at 0.0.0.0/46545] INFO  grpc.GrpcConfigKeys (ConfUtils.java:logFallback(53)) - raft.grpc.admin.host = null (fallback to raft.grpc.server.host)
2023-03-29 21:16:25,383 [Listener at 0.0.0.0/46545] INFO  grpc.GrpcConfigKeys (ConfUtils.java:logFallback(53)) - raft.grpc.admin.port = 9872 (fallback to raft.grpc.server.port)
2023-03-29 21:16:25,383 [Listener at 0.0.0.0/46545] INFO  grpc.GrpcConfigKeys (ConfUtils.java:logFallback(53)) - raft.grpc.client.host = null (fallback to raft.grpc.server.host)
2023-03-29 21:16:25,383 [Listener at 0.0.0.0/46545] INFO  grpc.GrpcConfigKeys (ConfUtils.java:logFallback(53)) - raft.grpc.client.port = 9872 (fallback to raft.grpc.server.port)
2023-03-29 21:16:25,383 [Listener at 0.0.0.0/46545] INFO  grpc.GrpcConfigKeys (ConfUtils.java:logGet(46)) - raft.grpc.server.host = null (default)
2023-03-29 21:16:25,383 [Listener at 0.0.0.0/46545] INFO  grpc.GrpcConfigKeys (ConfUtils.java:logGet(46)) - raft.grpc.server.port = 9872 (custom)
2023-03-29 21:16:25,383 [Listener at 0.0.0.0/46545] INFO  server.GrpcService (ConfUtils.java:logGet(46)) - raft.grpc.message.size.max = 33554432 (custom)
2023-03-29 21:16:25,383 [Listener at 0.0.0.0/46545] INFO  server.RaftServerConfigKeys (ConfUtils.java:logGet(46)) - raft.server.log.appender.buffer.byte-limit = 33554432 (custom)
2023-03-29 21:16:25,383 [Listener at 0.0.0.0/46545] INFO  server.GrpcService (ConfUtils.java:logGet(46)) - raft.grpc.flow.control.window = 1MB (=1048576) (default)
2023-03-29 21:16:25,383 [Listener at 0.0.0.0/46545] INFO  server.RaftServerConfigKeys (ConfUtils.java:logGet(46)) - raft.server.rpc.request.timeout = 3000ms (default)
2023-03-29 21:16:25,383 [Listener at 0.0.0.0/46545] INFO  grpc.GrpcConfigKeys (ConfUtils.java:logGet(46)) - raft.grpc.server.heartbeat.channel = true (default)
2023-03-29 21:16:25,383 [Listener at 0.0.0.0/46545] INFO  grpc.GrpcConfigKeys (ConfUtils.java:logGet(46)) - raft.grpc.server.async.request.thread.pool.cached = true (default)
2023-03-29 21:16:25,383 [Listener at 0.0.0.0/46545] INFO  grpc.GrpcConfigKeys (ConfUtils.java:logGet(46)) - raft.grpc.server.async.request.thread.pool.size = 32 (default)
2023-03-29 21:16:25,385 [Listener at 0.0.0.0/46545] INFO  impl.DataStreamServerImpl (ConfUtils.java:logGet(46)) - raft.datastream.type = DISABLED (default)
2023-03-29 21:16:25,385 [Listener at 0.0.0.0/46545] INFO  server.RaftServerConfigKeys (ConfUtils.java:logGet(46)) - raft.server.threadpool.proxy.cached = true (default)
2023-03-29 21:16:25,385 [Listener at 0.0.0.0/46545] INFO  server.RaftServerConfigKeys (ConfUtils.java:logGet(46)) - raft.server.threadpool.proxy.size = 0 (default)
2023-03-29 21:16:25,386 [Listener at 0.0.0.0/46545] INFO  server.RaftServerConfigKeys (ConfUtils.java:logGet(46)) - raft.server.rpc.slowness.timeout = 120s (custom)
2023-03-29 21:16:25,386 [Listener at 0.0.0.0/46545] INFO  server.RaftServerConfigKeys (ConfUtils.java:logGet(46)) - raft.server.leaderelection.leader.step-down.wait-time = 10s (default)
2023-03-29 21:16:25,386 [Listener at 0.0.0.0/46545] INFO  server.RaftServerConfigKeys (ConfUtils.java:logGet(46)) - raft.server.storage.dir = [/home/runner/work/ozone/ozone/hadoop-ozone/integration-test/target/test-dir/MiniOzoneClusterImpl-20b354d8-6de5-4b98-a646-9c388eab4dbb/ozone-meta/ratis] (custom)
2023-03-29 21:16:25,391 [Listener at 0.0.0.0/46545] INFO  server.RaftServer (RaftServerProxy.java:addNew(96)) - om1: addNew group-C5BA1605619E:[om1|rpc:localhost:9872|priority:0|startupRole:FOLLOWER] returns group-C5BA1605619E:java.util.concurrent.CompletableFuture@5d6294f3[Not completed]
2023-03-29 21:16:25,391 [pool-211-thread-1] INFO  server.RaftServer$Division (RaftServerImpl.java:<init>(195)) - om1: new RaftServerImpl for group-C5BA1605619E:[om1|rpc:localhost:9872|priority:0|startupRole:FOLLOWER] with OzoneManagerStateMachine:uninitialized
2023-03-29 21:16:25,391 [Listener at 0.0.0.0/46545] INFO  om.OzoneManager (OzoneManager.java:initializeRatisServer(2096)) - OzoneManager Ratis server initialized at port 9872
2023-03-29 21:16:25,392 [pool-211-thread-1] INFO  server.RaftServerConfigKeys (ConfUtils.java:logGet(46)) - raft.server.rpc.timeout.min = 1s (custom)
2023-03-29 21:16:25,392 [Listener at 0.0.0.0/46545] INFO  om.OzoneManager (OzoneManager.java:getRpcServer(1132)) - Creating RPC Server
2023-03-29 21:16:25,392 [pool-211-thread-1] INFO  server.RaftServerConfigKeys (ConfUtils.java:logGet(46)) - raft.server.rpc.timeout.max = 1200ms (custom)
2023-03-29 21:16:25,393 [pool-211-thread-1] INFO  server.RaftServerConfigKeys (ConfUtils.java:logGet(46)) - raft.server.rpc.sleep.time = 25ms (default)
2023-03-29 21:16:25,393 [pool-211-thread-1] INFO  server.RaftServerConfigKeys (ConfUtils.java:logGet(46)) - raft.server.rpc.slowness.timeout = 120s (custom)
2023-03-29 21:16:25,393 [pool-211-thread-1] INFO  server.RaftServerConfigKeys (ConfUtils.java:logGet(46)) - raft.server.leaderelection.leader.step-down.wait-time = 10s (default)
2023-03-29 21:16:25,393 [pool-211-thread-1] INFO  server.RaftServerConfigKeys (ConfUtils.java:logGet(46)) - raft.server.sleep.deviation.threshold = 300ms (default)
2023-03-29 21:16:25,393 [pool-211-thread-1] INFO  server.RaftServer$Division (ServerState.java:<init>(118)) - om1@group-C5BA1605619E: ConfigurationManager, init=-1: peers:[om1|rpc:localhost:9872|priority:0|startupRole:FOLLOWER]|listeners:[], old=null, confs=<EMPTY_MAP>
2023-03-29 21:16:25,393 [pool-211-thread-1] INFO  server.RaftServerConfigKeys (ConfUtils.java:logGet(46)) - raft.server.storage.dir = [/home/runner/work/ozone/ozone/hadoop-ozone/integration-test/target/test-dir/MiniOzoneClusterImpl-20b354d8-6de5-4b98-a646-9c388eab4dbb/ozone-meta/ratis] (custom)
2023-03-29 21:16:25,393 [pool-211-thread-1] INFO  server.RaftServerConfigKeys (ConfUtils.java:logGet(46)) - raft.server.log.corruption.policy = EXCEPTION (default)
2023-03-29 21:16:25,393 [pool-211-thread-1] INFO  server.RaftServerConfigKeys (ConfUtils.java:logGet(46)) - raft.server.storage.free-space.min = 0MB (=0) (default)
2023-03-29 21:16:25,393 [pool-211-thread-1] INFO  server.RaftServerConfigKeys (ConfUtils.java:logGet(46)) - raft.server.notification.no-leader.timeout = 120s (custom)
2023-03-29 21:16:25,393 [pool-211-thread-1] INFO  server.RaftServerConfigKeys (ConfUtils.java:logGet(46)) - raft.server.retrycache.expirytime = 300s (custom)
2023-03-29 21:16:25,393 [pool-211-thread-1] INFO  server.RaftServerConfigKeys (ConfUtils.java:logGet(46)) - raft.server.retrycache.statistics.expirytime = 100μs (default)
2023-03-29 21:16:25,395 [pool-211-thread-1] INFO  server.RaftServerConfigKeys (ConfUtils.java:logGet(46)) - raft.server.log.appender.install.snapshot.enabled = false (custom)
2023-03-29 21:16:25,395 [pool-211-thread-1] INFO  server.RaftServerConfigKeys (ConfUtils.java:logGet(46)) - raft.server.threadpool.server.cached = true (default)
2023-03-29 21:16:25,395 [pool-211-thread-1] INFO  server.RaftServerConfigKeys (ConfUtils.java:logGet(46)) - raft.server.threadpool.server.size = 0 (default)
2023-03-29 21:16:25,402 [pool-211-thread-1] INFO  server.RaftServerConfigKeys (ConfUtils.java:logGet(46)) - raft.server.threadpool.client.cached = true (default)
2023-03-29 21:16:25,402 [pool-211-thread-1] INFO  server.RaftServerConfigKeys (ConfUtils.java:logGet(46)) - raft.server.threadpool.client.size = 0 (default)
2023-03-29 21:16:25,759 [Listener at 0.0.0.0/46545] INFO  reflections.Reflections (Reflections.java:scan(232)) - Reflections took 364 ms to scan 19 urls, producing 68 keys and 4992 values [using 2 cores]
2023-03-29 21:16:25,760 [Listener at 0.0.0.0/46545] INFO  ipc.CallQueueManager (CallQueueManager.java:<init>(90)) - Using callQueue: class java.util.concurrent.LinkedBlockingQueue, queueCapacity: 2000, scheduler: class org.apache.hadoop.ipc.DefaultRpcScheduler, ipcBackoff: false.
2023-03-29 21:16:25,761 [Socket Reader #1 for port 0] INFO  ipc.Server (Server.java:run(1273)) - Starting Socket Reader #1 for port 0
2023-03-29 21:16:25,778 [Listener at 127.0.0.1/46761] INFO  impl.MetricsSystemImpl (MetricsSystemImpl.java:init(158)) - OzoneManager metrics system started (again)
2023-03-29 21:16:25,790 [Listener at 127.0.0.1/46761] INFO  om.OzoneManager (OzoneManager.java:start(1553)) - OzoneManager RPC server is listening at localhost/127.0.0.1:46761
2023-03-29 21:16:25,790 [Listener at 127.0.0.1/46761] INFO  ratis.OzoneManagerRatisServer (OzoneManagerRatisServer.java:start(558)) - Starting OzoneManagerRatisServer om1 at port 9872
2023-03-29 21:16:25,791 [om1-impl-thread1] INFO  storage.RaftStorageDirectory (RaftStorageDirectoryImpl.java:analyzeStorage(137)) - The storage directory /home/runner/work/ozone/ozone/hadoop-ozone/integration-test/target/test-dir/MiniOzoneClusterImpl-20b354d8-6de5-4b98-a646-9c388eab4dbb/ozone-meta/ratis/bf265839-605b-3f16-9796-c5ba1605619e does not exist. Creating ...
2023-03-29 21:16:25,792 [om1-impl-thread1] INFO  storage.RaftStorageDirectory (RaftStorageDirectoryImpl.java:tryLock(231)) - Lock on /home/runner/work/ozone/ozone/hadoop-ozone/integration-test/target/test-dir/MiniOzoneClusterImpl-20b354d8-6de5-4b98-a646-9c388eab4dbb/ozone-meta/ratis/bf265839-605b-3f16-9796-c5ba1605619e/in_use.lock acquired by nodename 46426@fv-az308-773
2023-03-29 21:16:25,793 [om1-impl-thread1] INFO  storage.RaftStorage (RaftStorageImpl.java:format(96)) - Storage directory /home/runner/work/ozone/ozone/hadoop-ozone/integration-test/target/test-dir/MiniOzoneClusterImpl-20b354d8-6de5-4b98-a646-9c388eab4dbb/ozone-meta/ratis/bf265839-605b-3f16-9796-c5ba1605619e has been successfully formatted.
2023-03-29 21:16:25,793 [om1-impl-thread1] INFO  server.RaftServerConfigKeys (ConfUtils.java:logGet(46)) - raft.server.log.use.memory = false (default)
2023-03-29 21:16:25,793 [om1-impl-thread1] INFO  server.RaftServerConfigKeys (ConfUtils.java:logGet(46)) - raft.server.log.purge.gap = 1000000 (custom)
2023-03-29 21:16:25,793 [om1-impl-thread1] INFO  server.RaftServerConfigKeys (ConfUtils.java:logGet(46)) - raft.server.log.appender.buffer.byte-limit = 33554432 (custom)
2023-03-29 21:16:25,793 [om1-impl-thread1] INFO  server.RaftServerConfigKeys (ConfUtils.java:logGet(46)) - raft.server.log.statemachine.data.read.timeout = 1000ms (default)
2023-03-29 21:16:25,793 [om1-impl-thread1] INFO  server.RaftServerConfigKeys (ConfUtils.java:logGet(46)) - raft.server.log.purge.preservation.log.num = 0 (default)
2023-03-29 21:16:25,794 [om1-impl-thread1] INFO  server.RaftServerConfigKeys (ConfUtils.java:logGet(46)) - raft.server.log.segment.size.max = 4194304 (custom)
2023-03-29 21:16:25,794 [om1-impl-thread1] INFO  server.RaftServerConfigKeys (ConfUtils.java:logGet(46)) - raft.server.log.segment.cache.num.max = 2 (custom)
2023-03-29 21:16:25,794 [om1-impl-thread1] INFO  server.RaftServerConfigKeys (ConfUtils.java:logGet(46)) - raft.server.log.segment.cache.size.max = 200MB (=209715200) (default)
2023-03-29 21:16:25,794 [om1-impl-thread1] INFO  segmented.SegmentedRaftLogWorker (SegmentedRaftLogWorker.java:<init>(189)) - new om1@group-C5BA1605619E-SegmentedRaftLogWorker for RaftStorageImpl:Storage Directory /home/runner/work/ozone/ozone/hadoop-ozone/integration-test/target/test-dir/MiniOzoneClusterImpl-20b354d8-6de5-4b98-a646-9c388eab4dbb/ozone-meta/ratis/bf265839-605b-3f16-9796-c5ba1605619e
2023-03-29 21:16:25,794 [om1-impl-thread1] INFO  server.RaftServerConfigKeys (ConfUtils.java:logGet(46)) - raft.server.log.queue.byte-limit = 64MB (=67108864) (default)
2023-03-29 21:16:25,794 [om1-impl-thread1] INFO  server.RaftServerConfigKeys (ConfUtils.java:logGet(46)) - raft.server.log.queue.element-limit = 4096 (default)
2023-03-29 21:16:25,794 [om1-impl-thread1] INFO  server.RaftServerConfigKeys (ConfUtils.java:logGet(46)) - raft.server.log.segment.size.max = 4194304 (custom)
2023-03-29 21:16:25,794 [om1-impl-thread1] INFO  server.RaftServerConfigKeys (ConfUtils.java:logGet(46)) - raft.server.log.preallocated.size = 4194304 (custom)
2023-03-29 21:16:25,794 [om1-impl-thread1] INFO  server.RaftServerConfigKeys (ConfUtils.java:logGet(46)) - raft.server.log.force.sync.num = 128 (default)
2023-03-29 21:16:25,794 [om1-impl-thread1] INFO  server.RaftServerConfigKeys (ConfUtils.java:logGet(46)) - raft.server.log.statemachine.data.sync = true (default)
2023-03-29 21:16:25,794 [om1-impl-thread1] INFO  server.RaftServerConfigKeys (ConfUtils.java:logGet(46)) - raft.server.log.statemachine.data.sync.timeout = 10s (default)
2023-03-29 21:16:25,794 [om1-impl-thread1] INFO  server.RaftServerConfigKeys (ConfUtils.java:logGet(46)) - raft.server.log.statemachine.data.sync.timeout.retry = -1 (default)
2023-03-29 21:16:25,795 [om1-impl-thread1] INFO  server.RaftServerConfigKeys (ConfUtils.java:logGet(46)) - raft.server.log.write.buffer.size = 64KB (=65536) (default)
2023-03-29 21:16:25,795 [om1-impl-thread1] INFO  server.RaftServerConfigKeys (ConfUtils.java:logGet(46)) - raft.server.log.appender.buffer.byte-limit = 33554432 (custom)
2023-03-29 21:16:25,800 [om1-impl-thread1] INFO  server.RaftServerConfigKeys (ConfUtils.java:logGet(46)) - raft.server.log.unsafe-flush.enabled = false (default)
2023-03-29 21:16:25,800 [om1-impl-thread1] INFO  server.RaftServerConfigKeys (ConfUtils.java:logGet(46)) - raft.server.log.async-flush.enabled = false (default)
2023-03-29 21:16:25,800 [om1-impl-thread1] INFO  server.RaftServerConfigKeys (ConfUtils.java:logGet(46)) - raft.server.log.statemachine.data.caching.enabled = false (default)
2023-03-29 21:16:25,801 [om1-impl-thread1] INFO  segmented.SegmentedRaftLogWorker (SegmentedRaftLogWorker.java:lambda$new$0(135)) - om1@group-C5BA1605619E-SegmentedRaftLogWorker: flushIndex: setUnconditionally 0 -> -1
2023-03-29 21:16:25,801 [om1-impl-thread1] INFO  segmented.SegmentedRaftLogWorker (SegmentedRaftLogWorker.java:lambda$new$0(135)) - om1@group-C5BA1605619E-SegmentedRaftLogWorker: safeCacheEvictIndex: setUnconditionally 0 -> -1
2023-03-29 21:16:25,801 [om1-impl-thread1] INFO  server.RaftServer$Division (RaftServerImpl.java:start(334)) - om1@group-C5BA1605619E: start as a follower, conf=-1: peers:[om1|rpc:localhost:9872|priority:0|startupRole:FOLLOWER]|listeners:[], old=null
2023-03-29 21:16:25,801 [om1-impl-thread1] INFO  server.RaftServer$Division (RaftServerImpl.java:setRole(321)) - om1@group-C5BA1605619E: changes role from      null to FOLLOWER at term 0 for startAsFollower
2023-03-29 21:16:25,801 [om1-impl-thread1] INFO  impl.RoleInfo (RoleInfo.java:updateAndGet(139)) - om1: start om1@group-C5BA1605619E-FollowerState
2023-03-29 21:16:25,802 [om1@group-C5BA1605619E-FollowerState] INFO  server.RaftServerConfigKeys (ConfUtils.java:logFallback(53)) - raft.server.rpc.first-election.timeout.min = 1s (fallback to raft.server.rpc.timeout.min)
2023-03-29 21:16:25,802 [om1@group-C5BA1605619E-FollowerState] INFO  server.RaftServerConfigKeys (ConfUtils.java:logFallback(53)) - raft.server.rpc.first-election.timeout.max = 1200ms (fallback to raft.server.rpc.timeout.max)
2023-03-29 21:16:25,802 [om1-impl-thread1] INFO  util.JmxRegister (JmxRegister.java:tryRegister(44)) - Successfully registered JMX Bean with object name Ratis:service=RaftServer,group=group-C5BA1605619E,id=om1
2023-03-29 21:16:25,802 [om1-impl-thread1] INFO  server.RaftServerConfigKeys (ConfUtils.java:logGet(46)) - raft.server.snapshot.auto.trigger.enabled = true (custom)
2023-03-29 21:16:25,802 [om1-impl-thread1] INFO  server.RaftServerConfigKeys (ConfUtils.java:logGet(46)) - raft.server.snapshot.auto.trigger.threshold = 400000 (default)
2023-03-29 21:16:25,803 [om1-impl-thread1] INFO  server.RaftServerConfigKeys (ConfUtils.java:logGet(46)) - raft.server.snapshot.retention.file.num = -1 (default)
2023-03-29 21:16:25,803 [om1-impl-thread1] INFO  server.RaftServerConfigKeys (ConfUtils.java:logGet(46)) - raft.server.log.purge.upto.snapshot.index = true (custom)
2023-03-29 21:16:25,804 [Listener at 127.0.0.1/46761] INFO  server.RaftServer (RaftServerProxy.java:startImpl(393)) - om1: start RPC server
2023-03-29 21:16:25,806 [Listener at 127.0.0.1/46761] INFO  server.GrpcService (GrpcService.java:startImpl(262)) - om1: GrpcService started, listening on 9872
2023-03-29 21:16:25,806 [JvmPauseMonitor4] INFO  util.JvmPauseMonitor (JvmPauseMonitor.java:run(105)) - JvmPauseMonitor-om1: Started
2023-03-29 21:16:25,806 [Listener at 127.0.0.1/46761] INFO  om.OzoneManager (OzoneManager.java:start(1569)) - Version File has different layout version (3) than OM DB (null). That is expected if this OM has never been finalized to a newer layout version.
2023-03-29 21:16:25,818 [Listener at 127.0.0.1/46761] INFO  http.BaseHttpServer (BaseHttpServer.java:newHttpServer2BuilderForOzone(224)) - Starting Web-server for ozoneManager at: http://0.0.0.0:0
2023-03-29 21:16:25,818 [Listener at 127.0.0.1/46761] INFO  http.BaseHttpServer (BaseHttpServer.java:<init>(111)) - Hadoop Security Enabled: false Ozone Security Enabled: false Ozone HTTP Security Enabled: false 
2023-03-29 21:16:25,819 [Listener at 127.0.0.1/46761] WARN  server.AuthenticationFilter (AuthenticationFilter.java:constructSecretProvider(240)) - Unable to initialize FileSignerSecretProvider, falling back to use random secrets. Reason: Could not read signature secret file: /home/runner/hadoop-http-auth-signature-secret
2023-03-29 21:16:25,820 [Listener at 127.0.0.1/46761] WARN  http.HttpRequestLog (HttpRequestLog.java:getRequestLog(103)) - Jetty request log can only be enabled using Log4j
2023-03-29 21:16:25,821 [Listener at 127.0.0.1/46761] INFO  http.HttpServer2 (HttpServer2.java:addGlobalFilter(1031)) - Added global filter 'safety' (class=org.apache.hadoop.hdds.server.http.HttpServer2$QuotingInputFilter)
2023-03-29 21:16:25,822 [Listener at 127.0.0.1/46761] INFO  http.HttpServer2 (HttpServer2.java:addFilter(1007)) - Added filter static_user_filter (class=org.apache.hadoop.http.lib.StaticUserWebFilter$StaticUserFilter) to context ozoneManager
2023-03-29 21:16:25,822 [Listener at 127.0.0.1/46761] INFO  http.HttpServer2 (HttpServer2.java:addFilter(1015)) - Added filter static_user_filter (class=org.apache.hadoop.http.lib.StaticUserWebFilter$StaticUserFilter) to context logs
2023-03-29 21:16:25,822 [Listener at 127.0.0.1/46761] INFO  http.HttpServer2 (HttpServer2.java:addFilter(1015)) - Added filter static_user_filter (class=org.apache.hadoop.http.lib.StaticUserWebFilter$StaticUserFilter) to context static
2023-03-29 21:16:25,823 [Listener at 127.0.0.1/46761] INFO  http.BaseHttpServer (BaseHttpServer.java:<init>(190)) - HTTP server of ozoneManager uses base directory /home/runner/work/ozone/ozone/hadoop-ozone/integration-test/target/test-dir/MiniOzoneClusterImpl-20b354d8-6de5-4b98-a646-9c388eab4dbb/ozone-meta/webserver
2023-03-29 21:16:25,823 [Listener at 127.0.0.1/46761] INFO  http.HttpServer2 (HttpServer2.java:bindListener(1250)) - Jetty bound to port 46385
2023-03-29 21:16:25,823 [Listener at 127.0.0.1/46761] INFO  server.Server (Server.java:doStart(375)) - jetty-9.4.49.v20220914; built: 2022-09-14T01:07:36.601Z; git: 4231a3b2e4cb8548a412a789936d640a97b1aa0a; jvm 1.8.0_362-b09
2023-03-29 21:16:25,824 [Listener at 127.0.0.1/46761] INFO  server.session (DefaultSessionIdManager.java:doStart(334)) - DefaultSessionIdManager workerName=node0
2023-03-29 21:16:25,824 [Listener at 127.0.0.1/46761] INFO  server.session (DefaultSessionIdManager.java:doStart(339)) - No SessionScavenger set, using defaults
2023-03-29 21:16:25,824 [Listener at 127.0.0.1/46761] INFO  server.session (HouseKeeper.java:startScavenging(132)) - node0 Scavenging every 660000ms
2023-03-29 21:16:25,825 [Listener at 127.0.0.1/46761] INFO  handler.ContextHandler (ContextHandler.java:doStart(921)) - Started o.e.j.s.ServletContextHandler@6d0fa3cf{logs,/logs,file:///home/runner/work/ozone/ozone/hadoop-ozone/integration-test/target/log,AVAILABLE}
2023-03-29 21:16:25,826 [Listener at 127.0.0.1/46761] INFO  handler.ContextHandler (ContextHandler.java:doStart(921)) - Started o.e.j.s.ServletContextHandler@39770ec1{static,/static,file:///home/runner/work/ozone/ozone/hadoop-ozone/integration-test/target/test-classes/webapps/static,AVAILABLE}
2023-03-29 21:16:25,829 [Listener at 127.0.0.1/46761] INFO  handler.ContextHandler (ContextHandler.java:doStart(921)) - Started o.e.j.w.WebAppContext@546095e4{ozoneManager,/,file:///home/runner/work/ozone/ozone/hadoop-ozone/integration-test/target/test-classes/webapps/ozoneManager/,AVAILABLE}{file:/home/runner/work/ozone/ozone/hadoop-ozone/integration-test/target/test-classes/webapps/ozoneManager}
2023-03-29 21:16:25,830 [Listener at 127.0.0.1/46761] INFO  server.AbstractConnector (AbstractConnector.java:doStart(333)) - Started ServerConnector@6eb8af16{HTTP/1.1, (http/1.1)}{0.0.0.0:46385}
2023-03-29 21:16:25,830 [Listener at 127.0.0.1/46761] INFO  server.Server (Server.java:doStart(415)) - Started @39596ms
2023-03-29 21:16:25,830 [Listener at 127.0.0.1/46761] WARN  impl.MetricsSystemImpl (MetricsSystemImpl.java:register(279)) - Sink prometheus already exists!
2023-03-29 21:16:25,831 [Listener at 127.0.0.1/46761] INFO  http.BaseHttpServer (BaseHttpServer.java:updateConnectorAddress(344)) - HTTP server of ozoneManager listening at http://0.0.0.0:46385
2023-03-29 21:16:25,836 [IPC Server Responder] INFO  ipc.Server (Server.java:run(1512)) - IPC Server Responder: starting
2023-03-29 21:16:25,837 [IPC Server listener on 0] INFO  ipc.Server (Server.java:run(1352)) - IPC Server listener on 0: starting
2023-03-29 21:16:25,843 [Listener at 127.0.0.1/46761] INFO  om.OzoneManager (OzoneManager.java:startTrashEmptier(2040)) - Trash Interval set to 0. Files deleted won't move to trash
2023-03-29 21:16:25,847 [org.apache.hadoop.util.JvmPauseMonitor$Monitor@2e39d96] INFO  util.JvmPauseMonitor (JvmPauseMonitor.java:run(188)) - Starting JVM pause monitor
2023-03-29 21:16:25,850 [Listener at 127.0.0.1/46761] WARN  impl.MetricRegistriesImpl (MetricRegistriesImpl.java:addReporterRegistration(111)) - New reporters are added after registries were created. Some metrics will be missing from the reporter. Please add reporter before adding any new registry.
2023-03-29 21:16:25,850 [Listener at 127.0.0.1/46761] WARN  impl.MetricRegistriesImpl (MetricRegistriesImpl.java:addReporterRegistration(111)) - New reporters are added after registries were created. Some metrics will be missing from the reporter. Please add reporter before adding any new registry.
2023-03-29 21:16:25,850 [Listener at 127.0.0.1/46761] INFO  impl.MetricsSystemImpl (MetricsSystemImpl.java:init(158)) - HddsDatanode metrics system started (again)
2023-03-29 21:16:25,861 [Listener at 127.0.0.1/46761] INFO  ozone.HddsDatanodeService (HddsDatanodeService.java:start(249)) - HddsDatanodeService host:fv-az308-773 ip:10.1.0.17
2023-03-29 21:16:25,877 [Listener at 127.0.0.1/46761] INFO  upgrade.AbstractLayoutVersionManager (AbstractLayoutVersionManager.java:init(83)) - Initializing Layout version manager with metadata layout = DATANODE_SCHEMA_V3 (version = 4), software layout = DATANODE_SCHEMA_V3 (version = 4)
2023-03-29 21:16:25,924 [Listener at 127.0.0.1/46761] INFO  reflections.Reflections (Reflections.java:scan(232)) - Reflections took 46 ms to scan 7 urls, producing 155 keys and 368 values 
2023-03-29 21:16:25,928 [Listener at 127.0.0.1/46761] INFO  statemachine.DatanodeStateMachine (DatanodeStateMachine.java:getEndPointTaskThreadPoolSize(260)) - Datanode State Machine Task Thread Pool size 2
2023-03-29 21:16:25,930 [Listener at 127.0.0.1/46761] INFO  volume.HddsVolume (HddsVolume.java:<init>(130)) - Creating HddsVolume: /home/runner/work/ozone/ozone/hadoop-ozone/integration-test/target/test-dir/MiniOzoneClusterImpl-20b354d8-6de5-4b98-a646-9c388eab4dbb/datanode-0/data-0/containers/hdds of storage type : DISK capacity : 9223372036854775807
2023-03-29 21:16:25,930 [Listener at 127.0.0.1/46761] INFO  volume.MutableVolumeSet (MutableVolumeSet.java:initializeVolumeSet(175)) - Added Volume : /home/runner/work/ozone/ozone/hadoop-ozone/integration-test/target/test-dir/MiniOzoneClusterImpl-20b354d8-6de5-4b98-a646-9c388eab4dbb/datanode-0/data-0/containers/hdds to VolumeSet
2023-03-29 21:16:25,930 [Listener at 127.0.0.1/46761] INFO  volume.ThrottledAsyncChecker (ThrottledAsyncChecker.java:schedule(141)) - Scheduling a check for /home/runner/work/ozone/ozone/hadoop-ozone/integration-test/target/test-dir/MiniOzoneClusterImpl-20b354d8-6de5-4b98-a646-9c388eab4dbb/datanode-0/data-0/containers/hdds
2023-03-29 21:16:25,933 [Listener at 127.0.0.1/46761] INFO  volume.StorageVolumeChecker (StorageVolumeChecker.java:checkAllVolumes(202)) - Scheduled health check for volume /home/runner/work/ozone/ozone/hadoop-ozone/integration-test/target/test-dir/MiniOzoneClusterImpl-20b354d8-6de5-4b98-a646-9c388eab4dbb/datanode-0/data-0/containers/hdds
2023-03-29 21:16:25,947 [Listener at 127.0.0.1/46761] INFO  volume.MutableVolumeSet (MutableVolumeSet.java:initializeVolumeSet(175)) - Added Volume : /home/runner/work/ozone/ozone/hadoop-ozone/integration-test/target/test-dir/MiniOzoneClusterImpl-20b354d8-6de5-4b98-a646-9c388eab4dbb/datanode-0/data/ratis to VolumeSet
2023-03-29 21:16:25,947 [Listener at 127.0.0.1/46761] INFO  volume.ThrottledAsyncChecker (ThrottledAsyncChecker.java:schedule(141)) - Scheduling a check for /home/runner/work/ozone/ozone/hadoop-ozone/integration-test/target/test-dir/MiniOzoneClusterImpl-20b354d8-6de5-4b98-a646-9c388eab4dbb/datanode-0/data/ratis
2023-03-29 21:16:25,947 [Listener at 127.0.0.1/46761] INFO  volume.StorageVolumeChecker (StorageVolumeChecker.java:checkAllVolumes(202)) - Scheduled health check for volume /home/runner/work/ozone/ozone/hadoop-ozone/integration-test/target/test-dir/MiniOzoneClusterImpl-20b354d8-6de5-4b98-a646-9c388eab4dbb/datanode-0/data/ratis
2023-03-29 21:16:25,959 [Thread-522] INFO  ozoneimpl.ContainerReader (ContainerReader.java:readVolume(175)) - Finish verifying containers on volume /home/runner/work/ozone/ozone/hadoop-ozone/integration-test/target/test-dir/MiniOzoneClusterImpl-20b354d8-6de5-4b98-a646-9c388eab4dbb/datanode-0/data-0/containers/hdds
2023-03-29 21:16:25,959 [Listener at 127.0.0.1/46761] INFO  ozoneimpl.OzoneContainer (OzoneContainer.java:buildContainerSet(303)) - Build ContainerSet costs 0s
2023-03-29 21:16:25,962 [Listener at 127.0.0.1/46761] INFO  server.RaftServer (ConfUtils.java:logGet(46)) - raft.rpc.type = GRPC (default)
2023-03-29 21:16:25,962 [Listener at 127.0.0.1/46761] INFO  grpc.GrpcConfigKeys (ConfUtils.java:logFallback(53)) - raft.grpc.admin.host = null (fallback to raft.grpc.server.host)
2023-03-29 21:16:25,962 [Listener at 127.0.0.1/46761] INFO  grpc.GrpcConfigKeys (ConfUtils.java:logGet(46)) - raft.grpc.admin.port = 0 (custom)
2023-03-29 21:16:25,962 [Listener at 127.0.0.1/46761] INFO  grpc.GrpcConfigKeys (ConfUtils.java:logFallback(53)) - raft.grpc.client.host = null (fallback to raft.grpc.server.host)
2023-03-29 21:16:25,962 [Listener at 127.0.0.1/46761] INFO  grpc.GrpcConfigKeys (ConfUtils.java:logGet(46)) - raft.grpc.client.port = 0 (custom)
2023-03-29 21:16:25,962 [Listener at 127.0.0.1/46761] INFO  grpc.GrpcConfigKeys (ConfUtils.java:logGet(46)) - raft.grpc.server.host = null (default)
2023-03-29 21:16:25,962 [Listener at 127.0.0.1/46761] INFO  grpc.GrpcConfigKeys (ConfUtils.java:logGet(46)) - raft.grpc.server.port = 0 (default)
2023-03-29 21:16:25,962 [Listener at 127.0.0.1/46761] INFO  server.GrpcService (ConfUtils.java:logGet(46)) - raft.grpc.message.size.max = 32MB (=33554432) (custom)
2023-03-29 21:16:25,962 [Listener at 127.0.0.1/46761] INFO  server.RaftServerConfigKeys (ConfUtils.java:logGet(46)) - raft.server.log.appender.buffer.byte-limit = 33554432 (custom)
2023-03-29 21:16:25,962 [Listener at 127.0.0.1/46761] INFO  server.GrpcService (ConfUtils.java:logGet(46)) - raft.grpc.flow.control.window = 5MB (=5242880) (custom)
2023-03-29 21:16:25,962 [Listener at 127.0.0.1/46761] INFO  server.RaftServerConfigKeys (ConfUtils.java:logGet(46)) - raft.server.rpc.request.timeout = 60s (custom)
2023-03-29 21:16:25,962 [Listener at 127.0.0.1/46761] INFO  grpc.GrpcConfigKeys (ConfUtils.java:logGet(46)) - raft.grpc.server.heartbeat.channel = true (default)
2023-03-29 21:16:25,963 [Listener at 127.0.0.1/46761] INFO  grpc.GrpcConfigKeys (ConfUtils.java:logGet(46)) - raft.grpc.server.async.request.thread.pool.cached = true (default)
2023-03-29 21:16:25,963 [Listener at 127.0.0.1/46761] INFO  grpc.GrpcConfigKeys (ConfUtils.java:logGet(46)) - raft.grpc.server.async.request.thread.pool.size = 32 (default)
2023-03-29 21:16:25,964 [Listener at 127.0.0.1/46761] INFO  impl.DataStreamServerImpl (ConfUtils.java:logGet(46)) - raft.datastream.type = NETTY (custom)
2023-03-29 21:16:25,964 [Listener at 127.0.0.1/46761] INFO  server.RaftServerConfigKeys (ConfUtils.java:logGet(46)) - raft.server.data-stream.async.request.thread.pool.cached = false (default)
2023-03-29 21:16:25,964 [Listener at 127.0.0.1/46761] INFO  server.RaftServerConfigKeys (ConfUtils.java:logGet(46)) - raft.server.data-stream.async.request.thread.pool.size = 20 (custom)
2023-03-29 21:16:25,964 [Listener at 127.0.0.1/46761] INFO  server.RaftServerConfigKeys (ConfUtils.java:logGet(46)) - raft.server.data-stream.async.write.thread.pool.size = 16 (default)
2023-03-29 21:16:25,964 [Listener at 127.0.0.1/46761] INFO  server.RaftServerConfigKeys (ConfUtils.java:logGet(46)) - raft.server.data-stream.client.pool.size = 10 (default)
2023-03-29 21:16:25,964 [Listener at 127.0.0.1/46761] INFO  netty.NettyConfigKeys$DataStream (ConfUtils.java:logGet(46)) - raft.netty.dataStream.server.use-epoll = false (default)
2023-03-29 21:16:25,964 [Listener at 127.0.0.1/46761] INFO  netty.NettyConfigKeys$DataStream (ConfUtils.java:logGet(46)) - raft.netty.dataStream.server.boss-group.size = 0 (default)
2023-03-29 21:16:25,965 [Listener at 127.0.0.1/46761] INFO  netty.NettyConfigKeys$DataStream (ConfUtils.java:logGet(46)) - raft.netty.dataStream.server.worker-group.size = 0 (default)
2023-03-29 21:16:25,965 [Listener at 127.0.0.1/46761] INFO  netty.NettyConfigKeys$DataStream (ConfUtils.java:logGet(46)) - raft.netty.dataStream.server.tls.conf = null (default)
2023-03-29 21:16:25,965 [Listener at 127.0.0.1/46761] INFO  netty.NettyConfigKeys$DataStream (ConfUtils.java:logGet(46)) - raft.netty.dataStream.host = null (default)
2023-03-29 21:16:25,965 [Listener at 127.0.0.1/46761] INFO  netty.NettyConfigKeys$DataStream (ConfUtils.java:logGet(46)) - raft.netty.dataStream.port = 0 (default)
2023-03-29 21:16:25,966 [Listener at 127.0.0.1/46761] INFO  server.RaftServerConfigKeys (ConfUtils.java:logGet(46)) - raft.server.threadpool.proxy.cached = true (default)
2023-03-29 21:16:25,966 [Listener at 127.0.0.1/46761] INFO  server.RaftServerConfigKeys (ConfUtils.java:logGet(46)) - raft.server.threadpool.proxy.size = 0 (default)
2023-03-29 21:16:25,966 [Listener at 127.0.0.1/46761] INFO  server.RaftServerConfigKeys (ConfUtils.java:logGet(46)) - raft.server.rpc.slowness.timeout = 300s (custom)
2023-03-29 21:16:25,966 [Listener at 127.0.0.1/46761] INFO  server.RaftServerConfigKeys (ConfUtils.java:logGet(46)) - raft.server.leaderelection.leader.step-down.wait-time = 10s (default)
2023-03-29 21:16:25,966 [Listener at 127.0.0.1/46761] INFO  server.RaftServerConfigKeys (ConfUtils.java:logGet(46)) - raft.server.storage.dir = [/home/runner/work/ozone/ozone/hadoop-ozone/integration-test/target/test-dir/MiniOzoneClusterImpl-20b354d8-6de5-4b98-a646-9c388eab4dbb/datanode-0/data/ratis] (custom)
2023-03-29 21:16:25,966 [5e0388d0-6757-44ea-813b-6ececb3ef549-NettyServerStreamRpc-bossGroup--thread1] INFO  logging.LoggingHandler (AbstractInternalLogger.java:log(148)) - [id: 0x9d812562] REGISTERED
2023-03-29 21:16:25,967 [5e0388d0-6757-44ea-813b-6ececb3ef549-NettyServerStreamRpc-bossGroup--thread1] INFO  logging.LoggingHandler (AbstractInternalLogger.java:log(148)) - [id: 0x9d812562] BIND: 0.0.0.0/0.0.0.0:0
2023-03-29 21:16:25,967 [5e0388d0-6757-44ea-813b-6ececb3ef549-NettyServerStreamRpc-bossGroup--thread1] INFO  logging.LoggingHandler (AbstractInternalLogger.java:log(148)) - [id: 0x9d812562, L:/0:0:0:0:0:0:0:0:46691] ACTIVE
2023-03-29 21:16:25,973 [Listener at 127.0.0.1/46761] INFO  server.XceiverServerGrpc (XceiverServerGrpc.java:<init>(132)) - GrpcServer channel type EpollServerSocketChannel
2023-03-29 21:16:25,976 [Listener at 127.0.0.1/46761] INFO  http.BaseHttpServer (BaseHttpServer.java:newHttpServer2BuilderForOzone(224)) - Starting Web-server for hddsDatanode at: http://0.0.0.0:0
2023-03-29 21:16:25,976 [Listener at 127.0.0.1/46761] INFO  http.BaseHttpServer (BaseHttpServer.java:<init>(111)) - Hadoop Security Enabled: false Ozone Security Enabled: false Ozone HTTP Security Enabled: false 
2023-03-29 21:16:25,977 [Listener at 127.0.0.1/46761] WARN  server.AuthenticationFilter (AuthenticationFilter.java:constructSecretProvider(240)) - Unable to initialize FileSignerSecretProvider, falling back to use random secrets. Reason: Could not read signature secret file: /home/runner/hadoop-http-auth-signature-secret
2023-03-29 21:16:25,978 [Listener at 127.0.0.1/46761] WARN  http.HttpRequestLog (HttpRequestLog.java:getRequestLog(103)) - Jetty request log can only be enabled using Log4j
2023-03-29 21:16:25,979 [Listener at 127.0.0.1/46761] INFO  http.HttpServer2 (HttpServer2.java:addGlobalFilter(1031)) - Added global filter 'safety' (class=org.apache.hadoop.hdds.server.http.HttpServer2$QuotingInputFilter)
2023-03-29 21:16:25,979 [Listener at 127.0.0.1/46761] INFO  http.HttpServer2 (HttpServer2.java:addFilter(1007)) - Added filter static_user_filter (class=org.apache.hadoop.http.lib.StaticUserWebFilter$StaticUserFilter) to context hddsDatanode
2023-03-29 21:16:25,980 [Listener at 127.0.0.1/46761] INFO  http.HttpServer2 (HttpServer2.java:addFilter(1015)) - Added filter static_user_filter (class=org.apache.hadoop.http.lib.StaticUserWebFilter$StaticUserFilter) to context logs
2023-03-29 21:16:25,980 [Listener at 127.0.0.1/46761] INFO  http.HttpServer2 (HttpServer2.java:addFilter(1015)) - Added filter static_user_filter (class=org.apache.hadoop.http.lib.StaticUserWebFilter$StaticUserFilter) to context static
2023-03-29 21:16:25,980 [Listener at 127.0.0.1/46761] INFO  http.BaseHttpServer (BaseHttpServer.java:<init>(190)) - HTTP server of hddsDatanode uses base directory /home/runner/work/ozone/ozone/hadoop-ozone/integration-test/target/test-dir/MiniOzoneClusterImpl-20b354d8-6de5-4b98-a646-9c388eab4dbb/datanode-0/meta/webserver
2023-03-29 21:16:25,980 [Listener at 127.0.0.1/46761] INFO  http.HttpServer2 (HttpServer2.java:bindListener(1250)) - Jetty bound to port 34333
2023-03-29 21:16:25,980 [Listener at 127.0.0.1/46761] INFO  server.Server (Server.java:doStart(375)) - jetty-9.4.49.v20220914; built: 2022-09-14T01:07:36.601Z; git: 4231a3b2e4cb8548a412a789936d640a97b1aa0a; jvm 1.8.0_362-b09
2023-03-29 21:16:25,982 [Listener at 127.0.0.1/46761] INFO  server.session (DefaultSessionIdManager.java:doStart(334)) - DefaultSessionIdManager workerName=node0
2023-03-29 21:16:25,982 [Listener at 127.0.0.1/46761] INFO  server.session (DefaultSessionIdManager.java:doStart(339)) - No SessionScavenger set, using defaults
2023-03-29 21:16:25,982 [Listener at 127.0.0.1/46761] INFO  server.session (HouseKeeper.java:startScavenging(132)) - node0 Scavenging every 660000ms
2023-03-29 21:16:25,983 [Listener at 127.0.0.1/46761] INFO  handler.ContextHandler (ContextHandler.java:doStart(921)) - Started o.e.j.s.ServletContextHandler@1cf363c7{logs,/logs,file:///home/runner/work/ozone/ozone/hadoop-ozone/integration-test/target/log,AVAILABLE}
2023-03-29 21:16:25,983 [Listener at 127.0.0.1/46761] INFO  handler.ContextHandler (ContextHandler.java:doStart(921)) - Started o.e.j.s.ServletContextHandler@49834df6{static,/static,jar:file:/home/runner/.m2/repository/org/apache/ozone/hdds-container-service/1.4.0-SNAPSHOT/hdds-container-service-1.4.0-SNAPSHOT.jar!/webapps/static,AVAILABLE}
2023-03-29 21:16:26,177 [Listener at 127.0.0.1/46761] INFO  handler.ContextHandler (ContextHandler.java:doStart(921)) - Started o.e.j.w.WebAppContext@2b4ff210{hddsDatanode,/,file:///home/runner/work/ozone/ozone/hadoop-ozone/integration-test/target/test-dir/MiniOzoneClusterImpl-20b354d8-6de5-4b98-a646-9c388eab4dbb/datanode-0/meta/webserver/jetty-0_0_0_0-34333-hdds-container-service-1_4_0-SNAPSHOT_jar-_-any-6298146680840836147/webapp/,AVAILABLE}{jar:file:/home/runner/.m2/repository/org/apache/ozone/hdds-container-service/1.4.0-SNAPSHOT/hdds-container-service-1.4.0-SNAPSHOT.jar!/webapps/hddsDatanode}
2023-03-29 21:16:26,178 [Listener at 127.0.0.1/46761] INFO  server.AbstractConnector (AbstractConnector.java:doStart(333)) - Started ServerConnector@131d2341{HTTP/1.1, (http/1.1)}{0.0.0.0:34333}
2023-03-29 21:16:26,179 [Listener at 127.0.0.1/46761] INFO  server.Server (Server.java:doStart(415)) - Started @39944ms
2023-03-29 21:16:26,179 [Listener at 127.0.0.1/46761] WARN  impl.MetricsSystemImpl (MetricsSystemImpl.java:register(279)) - Sink prometheus already exists!
2023-03-29 21:16:26,179 [Listener at 127.0.0.1/46761] INFO  http.BaseHttpServer (BaseHttpServer.java:updateConnectorAddress(344)) - HTTP server of hddsDatanode listening at http://0.0.0.0:34333
2023-03-29 21:16:26,180 [Listener at 127.0.0.1/46761] INFO  ozone.MiniOzoneClusterImpl (MiniOzoneClusterImpl.java:lambda$waitForClusterToBeReady$0(222)) - Waiting for nodes to be ready. Got 0 of 1 DN Heartbeats.
2023-03-29 21:16:26,180 [Listener at 127.0.0.1/46761] INFO  ozone.MiniOzoneClusterImpl (MiniOzoneClusterImpl.java:lambda$waitForClusterToBeReady$0(225)) - Waiting for cluster to exit safe mode
2023-03-29 21:16:26,180 [Listener at 127.0.0.1/46761] INFO  ozone.MiniOzoneClusterImpl (MiniOzoneClusterImpl.java:lambda$waitForClusterToBeReady$0(227)) - SCM became leader
2023-03-29 21:16:26,180 [Datanode State Machine Daemon Thread] INFO  statemachine.DatanodeStateMachine (DatanodeStateMachine.java:lambda$startDaemon$0(517)) - Ozone container server started.
2023-03-29 21:16:26,188 [org.apache.hadoop.util.JvmPauseMonitor$Monitor@329eca5b] INFO  util.JvmPauseMonitor (JvmPauseMonitor.java:run(188)) - Starting JVM pause monitor
2023-03-29 21:16:26,200 [Datanode State Machine Task Thread - 0] INFO  datanode.InitDatanodeState (InitDatanodeState.java:persistContainerDatanodeDetails(138)) - DatanodeDetails is persisted to /home/runner/work/ozone/ozone/hadoop-ozone/integration-test/target/test-dir/MiniOzoneClusterImpl-20b354d8-6de5-4b98-a646-9c388eab4dbb/datanode-0/meta/datanode.id
2023-03-29 21:16:26,945 [om1@group-C5BA1605619E-FollowerState] INFO  impl.FollowerState (FollowerState.java:run(143)) - om1@group-C5BA1605619E-FollowerState: change to CANDIDATE, lastRpcElapsedTime:1143654090ns, electionTimeout:1143ms
2023-03-29 21:16:26,945 [om1@group-C5BA1605619E-FollowerState] INFO  impl.RoleInfo (RoleInfo.java:shutdownFollowerState(110)) - om1: shutdown om1@group-C5BA1605619E-FollowerState
2023-03-29 21:16:26,945 [om1@group-C5BA1605619E-FollowerState] INFO  server.RaftServer$Division (RaftServerImpl.java:setRole(321)) - om1@group-C5BA1605619E: changes role from  FOLLOWER to CANDIDATE at term 0 for changeToCandidate
2023-03-29 21:16:26,946 [om1@group-C5BA1605619E-FollowerState] INFO  server.RaftServerConfigKeys (ConfUtils.java:logGet(46)) - raft.server.leaderelection.pre-vote = true (default)
2023-03-29 21:16:26,946 [om1@group-C5BA1605619E-FollowerState] INFO  impl.RoleInfo (RoleInfo.java:updateAndGet(139)) - om1: start om1@group-C5BA1605619E-LeaderElection8
2023-03-29 21:16:26,949 [om1@group-C5BA1605619E-LeaderElection8] INFO  impl.LeaderElection (LeaderElection.java:askForVotes(312)) - om1@group-C5BA1605619E-LeaderElection8 PRE_VOTE round 0: submit vote requests at term 0 for -1: peers:[om1|rpc:localhost:9872|priority:0|startupRole:FOLLOWER]|listeners:[], old=null
2023-03-29 21:16:26,949 [om1@group-C5BA1605619E-LeaderElection8] INFO  impl.LeaderElection (LeaderElection.java:askForVotes(314)) - om1@group-C5BA1605619E-LeaderElection8 PRE_VOTE round 0: result PASSED (term=0)
2023-03-29 21:16:26,951 [om1@group-C5BA1605619E-LeaderElection8] INFO  impl.LeaderElection (LeaderElection.java:askForVotes(312)) - om1@group-C5BA1605619E-LeaderElection8 ELECTION round 0: submit vote requests at term 1 for -1: peers:[om1|rpc:localhost:9872|priority:0|startupRole:FOLLOWER]|listeners:[], old=null
2023-03-29 21:16:26,951 [om1@group-C5BA1605619E-LeaderElection8] INFO  impl.LeaderElection (LeaderElection.java:askForVotes(314)) - om1@group-C5BA1605619E-LeaderElection8 ELECTION round 0: result PASSED (term=1)
2023-03-29 21:16:26,951 [om1@group-C5BA1605619E-LeaderElection8] INFO  impl.RoleInfo (RoleInfo.java:shutdownLeaderElection(130)) - om1: shutdown om1@group-C5BA1605619E-LeaderElection8
2023-03-29 21:16:26,951 [om1@group-C5BA1605619E-LeaderElection8] INFO  server.RaftServer$Division (RaftServerImpl.java:setRole(321)) - om1@group-C5BA1605619E: changes role from CANDIDATE to LEADER at term 1 for changeToLeader
2023-03-29 21:16:26,951 [om1@group-C5BA1605619E-LeaderElection8] INFO  server.RaftServer$Division (ServerState.java:setLeader(313)) - om1@group-C5BA1605619E: change Leader from null to om1 at term 1 for becomeLeader, leader elected after 1557ms
2023-03-29 21:16:26,951 [om1@group-C5BA1605619E-LeaderElection8] INFO  server.RaftServerConfigKeys (ConfUtils.java:logGet(46)) - raft.server.staging.catchup.gap = 1000 (default)
2023-03-29 21:16:26,951 [om1@group-C5BA1605619E-LeaderElection8] INFO  server.RaftServerConfigKeys (ConfUtils.java:logGet(46)) - raft.server.write.element-limit = 4096 (default)
2023-03-29 21:16:26,951 [om1@group-C5BA1605619E-LeaderElection8] INFO  server.RaftServerConfigKeys (ConfUtils.java:logGet(46)) - raft.server.write.byte-limit = 64MB (=67108864) (default)
2023-03-29 21:16:26,951 [om1@group-C5BA1605619E-LeaderElection8] INFO  server.RaftServerConfigKeys (ConfUtils.java:logGet(46)) - raft.server.watch.timeout = 10s (default)
2023-03-29 21:16:26,952 [om1@group-C5BA1605619E-LeaderElection8] INFO  server.RaftServerConfigKeys (ConfUtils.java:logGet(46)) - raft.server.watch.timeout.denomination = 1s (default)
2023-03-29 21:16:26,952 [om1@group-C5BA1605619E-LeaderElection8] INFO  server.RaftServerConfigKeys (ConfUtils.java:logGet(46)) - raft.server.watch.element-limit = 65536 (default)
2023-03-29 21:16:26,952 [om1@group-C5BA1605619E-LeaderElection8] INFO  server.RaftServerConfigKeys (ConfUtils.java:logGet(46)) - raft.server.write.element-limit = 4096 (default)
2023-03-29 21:16:26,952 [om1@group-C5BA1605619E-LeaderElection8] INFO  server.RaftServerConfigKeys (ConfUtils.java:logGet(46)) - raft.server.write.follower.gap.ratio.max = -1.0 (default)
2023-03-29 21:16:26,953 [om1@group-C5BA1605619E-LeaderElection8] INFO  impl.RoleInfo (RoleInfo.java:updateAndGet(139)) - om1: start om1@group-C5BA1605619E-LeaderStateImpl
2023-03-29 21:16:26,954 [om1@group-C5BA1605619E-LeaderElection8] INFO  segmented.SegmentedRaftLogWorker (SegmentedRaftLogWorker.java:startLogSegment(452)) - om1@group-C5BA1605619E-SegmentedRaftLogWorker: Starting segment from index:0
2023-03-29 21:16:26,955 [om1@group-C5BA1605619E-LeaderElection8] INFO  server.RaftServer$Division (ServerState.java:setRaftConf(430)) - om1@group-C5BA1605619E: set configuration 0: peers:[om1|rpc:localhost:9872|admin:|client:|dataStream:|priority:0|startupRole:FOLLOWER]|listeners:[], old=null
2023-03-29 21:16:26,964 [om1@group-C5BA1605619E-SegmentedRaftLogWorker] INFO  segmented.SegmentedRaftLogWorker (SegmentedRaftLogWorker.java:execute(656)) - om1@group-C5BA1605619E-SegmentedRaftLogWorker: created new log segment /home/runner/work/ozone/ozone/hadoop-ozone/integration-test/target/test-dir/MiniOzoneClusterImpl-20b354d8-6de5-4b98-a646-9c388eab4dbb/ozone-meta/ratis/bf265839-605b-3f16-9796-c5ba1605619e/current/log_inprogress_0
2023-03-29 21:16:26,966 [om1@group-C5BA1605619E-StateMachineUpdater] INFO  ratis.OzoneManagerStateMachine (OzoneManagerStateMachine.java:notifyConfigurationChanged(192)) - Received Configuration change notification from Ratis. New Peer list:
[id: "om1"
address: "localhost:9872"
startupRole: FOLLOWER
]
2023-03-29 21:16:27,180 [Listener at 127.0.0.1/46761] INFO  ozone.MiniOzoneClusterImpl (MiniOzoneClusterImpl.java:lambda$waitForClusterToBeReady$0(222)) - Waiting for nodes to be ready. Got 0 of 1 DN Heartbeats.
2023-03-29 21:16:27,180 [Listener at 127.0.0.1/46761] INFO  ozone.MiniOzoneClusterImpl (MiniOzoneClusterImpl.java:lambda$waitForClusterToBeReady$0(225)) - Waiting for cluster to exit safe mode
2023-03-29 21:16:27,180 [Listener at 127.0.0.1/46761] INFO  ozone.MiniOzoneClusterImpl (MiniOzoneClusterImpl.java:lambda$waitForClusterToBeReady$0(227)) - SCM became leader
2023-03-29 21:16:28,180 [Listener at 127.0.0.1/46761] INFO  ozone.MiniOzoneClusterImpl (MiniOzoneClusterImpl.java:lambda$waitForClusterToBeReady$0(222)) - Waiting for nodes to be ready. Got 0 of 1 DN Heartbeats.
2023-03-29 21:16:28,181 [Listener at 127.0.0.1/46761] INFO  ozone.MiniOzoneClusterImpl (MiniOzoneClusterImpl.java:lambda$waitForClusterToBeReady$0(225)) - Waiting for cluster to exit safe mode
2023-03-29 21:16:28,181 [Listener at 127.0.0.1/46761] INFO  ozone.MiniOzoneClusterImpl (MiniOzoneClusterImpl.java:lambda$waitForClusterToBeReady$0(227)) - SCM became leader
2023-03-29 21:16:28,224 [EndpointStateMachine task thread for /0.0.0.0:38193 - 0 ] INFO  utils.DatanodeStoreCache (DatanodeStoreCache.java:addDB(58)) - Added db /home/runner/work/ozone/ozone/hadoop-ozone/integration-test/target/test-dir/MiniOzoneClusterImpl-20b354d8-6de5-4b98-a646-9c388eab4dbb/datanode-0/data-0/containers/hdds/20b354d8-6de5-4b98-a646-9c388eab4dbb/DS-0b1fe422-621f-4d44-92f1-785a48f8060d/container.db to cache
2023-03-29 21:16:28,224 [EndpointStateMachine task thread for /0.0.0.0:38193 - 0 ] INFO  volume.HddsVolume (HddsVolume.java:createDbStore(350)) - SchemaV3 db is created and loaded at /home/runner/work/ozone/ozone/hadoop-ozone/integration-test/target/test-dir/MiniOzoneClusterImpl-20b354d8-6de5-4b98-a646-9c388eab4dbb/datanode-0/data-0/containers/hdds/20b354d8-6de5-4b98-a646-9c388eab4dbb/DS-0b1fe422-621f-4d44-92f1-785a48f8060d/container.db for volume DS-0b1fe422-621f-4d44-92f1-785a48f8060d
2023-03-29 21:16:28,224 [EndpointStateMachine task thread for /0.0.0.0:38193 - 0 ] INFO  ozoneimpl.OzoneContainer (OzoneContainer.java:start(397)) - Attempting to start container services.
2023-03-29 21:16:28,225 [EndpointStateMachine task thread for /0.0.0.0:38193 - 0 ] INFO  ozoneimpl.OzoneContainer (OzoneContainer.java:startContainerScrub(314)) - Scheduled background container scanners and the on-demand container scanner have been disabled.
2023-03-29 21:16:28,226 [EndpointStateMachine task thread for /0.0.0.0:38193 - 0 ] INFO  replication.ReplicationServer (ReplicationServer.java:start(109)) - ReplicationServer is started using port 33375
2023-03-29 21:16:28,227 [EndpointStateMachine task thread for /0.0.0.0:38193 - 0 ] INFO  ratis.XceiverServerRatis (XceiverServerRatis.java:start(517)) - Starting XceiverServerRatis 5e0388d0-6757-44ea-813b-6ececb3ef549
2023-03-29 21:16:28,227 [EndpointStateMachine task thread for /0.0.0.0:38193 - 0 ] INFO  server.RaftServer (RaftServerProxy.java:startImpl(393)) - 5e0388d0-6757-44ea-813b-6ececb3ef549: start RPC server
2023-03-29 21:16:28,232 [EndpointStateMachine task thread for /0.0.0.0:38193 - 0 ] INFO  server.GrpcService (GrpcService.java:startImpl(262)) - 5e0388d0-6757-44ea-813b-6ececb3ef549: GrpcService started, listening on 40735
2023-03-29 21:16:28,232 [EndpointStateMachine task thread for /0.0.0.0:38193 - 0 ] INFO  ratis.XceiverServerRatis (XceiverServerRatis.java:getRealPort(543)) - XceiverServerRatis 5e0388d0-6757-44ea-813b-6ececb3ef549 is started using port 40735 for RATIS
2023-03-29 21:16:28,232 [JvmPauseMonitor5] INFO  util.JvmPauseMonitor (JvmPauseMonitor.java:run(105)) - JvmPauseMonitor-5e0388d0-6757-44ea-813b-6ececb3ef549: Started
2023-03-29 21:16:28,232 [EndpointStateMachine task thread for /0.0.0.0:38193 - 0 ] INFO  ratis.XceiverServerRatis (XceiverServerRatis.java:getRealPort(543)) - XceiverServerRatis 5e0388d0-6757-44ea-813b-6ececb3ef549 is started using port 40735 for RATIS_ADMIN
2023-03-29 21:16:28,232 [EndpointStateMachine task thread for /0.0.0.0:38193 - 0 ] INFO  ratis.XceiverServerRatis (XceiverServerRatis.java:getRealPort(543)) - XceiverServerRatis 5e0388d0-6757-44ea-813b-6ececb3ef549 is started using port 40735 for RATIS_SERVER
2023-03-29 21:16:28,233 [EndpointStateMachine task thread for /0.0.0.0:38193 - 0 ] INFO  ratis.XceiverServerRatis (XceiverServerRatis.java:getRealPort(543)) - XceiverServerRatis 5e0388d0-6757-44ea-813b-6ececb3ef549 is started using port 46691 for RATIS_DATASTREAM
2023-03-29 21:16:28,234 [EndpointStateMachine task thread for /0.0.0.0:38193 - 0 ] INFO  server.XceiverServerGrpc (XceiverServerGrpc.java:start(180)) - XceiverServerGrpc 5e0388d0-6757-44ea-813b-6ececb3ef549 is started using port 39649
2023-03-29 21:16:28,235 [BlockDeletingService#0] INFO  interfaces.ContainerDeletionChoosingPolicyTemplate (ContainerDeletionChoosingPolicyTemplate.java:chooseContainerForBlockDeletion(83)) - Chosen 0/5000 blocks from 0 candidate containers.
2023-03-29 21:16:29,181 [Listener at 127.0.0.1/46761] INFO  ozone.MiniOzoneClusterImpl (MiniOzoneClusterImpl.java:lambda$waitForClusterToBeReady$0(222)) - Waiting for nodes to be ready. Got 0 of 1 DN Heartbeats.
2023-03-29 21:16:29,181 [Listener at 127.0.0.1/46761] INFO  ozone.MiniOzoneClusterImpl (MiniOzoneClusterImpl.java:lambda$waitForClusterToBeReady$0(225)) - Waiting for cluster to exit safe mode
2023-03-29 21:16:29,181 [Listener at 127.0.0.1/46761] INFO  ozone.MiniOzoneClusterImpl (MiniOzoneClusterImpl.java:lambda$waitForClusterToBeReady$0(227)) - SCM became leader
2023-03-29 21:16:30,182 [Listener at 127.0.0.1/46761] INFO  ozone.MiniOzoneClusterImpl (MiniOzoneClusterImpl.java:lambda$waitForClusterToBeReady$0(222)) - Waiting for nodes to be ready. Got 0 of 1 DN Heartbeats.
2023-03-29 21:16:30,182 [Listener at 127.0.0.1/46761] INFO  ozone.MiniOzoneClusterImpl (MiniOzoneClusterImpl.java:lambda$waitForClusterToBeReady$0(225)) - Waiting for cluster to exit safe mode
2023-03-29 21:16:30,182 [Listener at 127.0.0.1/46761] INFO  ozone.MiniOzoneClusterImpl (MiniOzoneClusterImpl.java:lambda$waitForClusterToBeReady$0(227)) - SCM became leader
2023-03-29 21:16:30,190 [IPC Server handler 1 on default port 38193] INFO  net.NetworkTopologyImpl (NetworkTopologyImpl.java:add(112)) - Added a new node: /default-rack/5e0388d0-6757-44ea-813b-6ececb3ef549
2023-03-29 21:16:30,191 [IPC Server handler 1 on default port 38193] INFO  node.SCMNodeManager (SCMNodeManager.java:register(404)) - Registered Data node : 5e0388d0-6757-44ea-813b-6ececb3ef549{ip: 10.1.0.17, host: fv-az308-773, ports: [REPLICATION=33375, RATIS=40735, RATIS_ADMIN=40735, RATIS_SERVER=40735, RATIS_DATASTREAM=46691, STANDALONE=39649], networkLocation: /default-rack, certSerialId: null, persistedOpState: null, persistedOpStateExpiryEpochSec: 0}
2023-03-29 21:16:30,192 [EventQueue-NewNodeForNewNodeHandler] INFO  pipeline.BackgroundPipelineCreator (BackgroundPipelineCreator.java:notifyEventTriggered(276)) - trigger a one-shot run on RatisPipelineUtilsThread.
2023-03-29 21:16:30,193 [RatisPipelineUtilsThread - 0] INFO  pipeline.RatisPipelineProvider (RatisPipelineProvider.java:lambda$create$0(206)) - Sending CreatePipelineCommand for pipeline:PipelineID=db7c7b9f-a9b7-4422-8ec4-96cb974b0b1f to datanode:5e0388d0-6757-44ea-813b-6ececb3ef549
2023-03-29 21:16:30,193 [EventQueue-NodeRegistrationContainerReportForContainerSafeModeRule] INFO  safemode.SCMSafeModeManager (SCMSafeModeManager.java:validateSafeModeExitRules(200)) - ContainerSafeModeRule rule is successfully validated
2023-03-29 21:16:30,193 [EventQueue-NodeRegistrationContainerReportForDataNodeSafeModeRule] INFO  safemode.SCMSafeModeManager (DataNodeSafeModeRule.java:process(71)) - SCM in safe mode. 1 DataNodes registered, 1 required.
2023-03-29 21:16:30,195 [RatisPipelineUtilsThread - 0] INFO  pipeline.PipelineStateManagerImpl (PipelineStateManagerImpl.java:addPipeline(103)) - Created pipeline Pipeline[ Id: db7c7b9f-a9b7-4422-8ec4-96cb974b0b1f, Nodes: 5e0388d0-6757-44ea-813b-6ececb3ef549(fv-az308-773/10.1.0.17), ReplicationConfig: RATIS/ONE, State:ALLOCATED, leaderId:, CreationTimestamp2023-03-29T21:16:30.193Z[Etc/UTC]].
2023-03-29 21:16:30,195 [EventQueue-PipelineReportForOneReplicaPipelineSafeModeRule] INFO  safemode.SCMSafeModeManager (SCMSafeModeManager.java:validateSafeModeExitRules(200)) - AtleastOneDatanodeReportedRule rule is successfully validated
2023-03-29 21:16:30,196 [EventQueue-NodeRegistrationContainerReportForDataNodeSafeModeRule] INFO  safemode.SCMSafeModeManager (SCMSafeModeManager.java:validateSafeModeExitRules(200)) - DataNodeSafeModeRule rule is successfully validated
2023-03-29 21:16:30,196 [EventQueue-NodeRegistrationContainerReportForDataNodeSafeModeRule] INFO  safemode.SCMSafeModeManager (SCMSafeModeManager.java:completePreCheck(229)) - All SCM safe mode pre check rules have passed
2023-03-29 21:16:30,196 [EventQueue-NodeRegistrationContainerReportForDataNodeSafeModeRule] INFO  ha.SCMContext (SCMContext.java:updateSafeModeStatus(228)) - Update SafeModeStatus from SafeModeStatus{safeModeStatus=true, preCheckPassed=false} to SafeModeStatus{safeModeStatus=true, preCheckPassed=true}.
2023-03-29 21:16:30,196 [EventQueue-NodeRegistrationContainerReportForDataNodeSafeModeRule] INFO  pipeline.BackgroundPipelineCreator (BackgroundPipelineCreator.java:notifyEventTriggered(276)) - trigger a one-shot run on RatisPipelineUtilsThread.
2023-03-29 21:16:30,196 [RatisPipelineUtilsThread - 0] ERROR scm.SCMCommonPlacementPolicy (SCMCommonPlacementPolicy.java:filterNodesWithSpace(249)) - Unable to find enough nodes that meet the space requirement of 1073741824 bytes for metadata and 5368709120 bytes for data in healthy node set. Required 3. Found 1.
2023-03-29 21:16:31,182 [Listener at 127.0.0.1/46761] INFO  ozone.MiniOzoneClusterImpl (MiniOzoneClusterImpl.java:lambda$waitForClusterToBeReady$0(222)) - Nodes are ready. Got 1 of 1 DN Heartbeats.
2023-03-29 21:16:31,182 [Listener at 127.0.0.1/46761] INFO  ozone.MiniOzoneClusterImpl (MiniOzoneClusterImpl.java:lambda$waitForClusterToBeReady$0(225)) - Waiting for cluster to exit safe mode
2023-03-29 21:16:31,183 [Listener at 127.0.0.1/46761] INFO  ozone.MiniOzoneClusterImpl (MiniOzoneClusterImpl.java:lambda$waitForClusterToBeReady$0(227)) - SCM became leader
2023-03-29 21:16:32,183 [Listener at 127.0.0.1/46761] INFO  ozone.MiniOzoneClusterImpl (MiniOzoneClusterImpl.java:lambda$waitForClusterToBeReady$0(222)) - Nodes are ready. Got 1 of 1 DN Heartbeats.
2023-03-29 21:16:32,183 [Listener at 127.0.0.1/46761] INFO  ozone.MiniOzoneClusterImpl (MiniOzoneClusterImpl.java:lambda$waitForClusterToBeReady$0(225)) - Waiting for cluster to exit safe mode
2023-03-29 21:16:32,183 [Listener at 127.0.0.1/46761] INFO  ozone.MiniOzoneClusterImpl (MiniOzoneClusterImpl.java:lambda$waitForClusterToBeReady$0(227)) - SCM became leader
2023-03-29 21:16:33,183 [Listener at 127.0.0.1/46761] INFO  ozone.MiniOzoneClusterImpl (MiniOzoneClusterImpl.java:lambda$waitForClusterToBeReady$0(222)) - Nodes are ready. Got 1 of 1 DN Heartbeats.
2023-03-29 21:16:33,184 [Listener at 127.0.0.1/46761] INFO  ozone.MiniOzoneClusterImpl (MiniOzoneClusterImpl.java:lambda$waitForClusterToBeReady$0(225)) - Waiting for cluster to exit safe mode
2023-03-29 21:16:33,184 [Listener at 127.0.0.1/46761] INFO  ozone.MiniOzoneClusterImpl (MiniOzoneClusterImpl.java:lambda$waitForClusterToBeReady$0(227)) - SCM became leader
2023-03-29 21:16:33,190 [Command processor thread] INFO  server.RaftServer (RaftServerProxy.java:addNew(96)) - 5e0388d0-6757-44ea-813b-6ececb3ef549: addNew group-96CB974B0B1F:[5e0388d0-6757-44ea-813b-6ececb3ef549|rpc:10.1.0.17:40735|dataStream:10.1.0.17:46691|priority:1|startupRole:FOLLOWER] returns group-96CB974B0B1F:java.util.concurrent.CompletableFuture@a6ce958[Not completed]
2023-03-29 21:16:33,192 [pool-226-thread-1] INFO  server.RaftServer$Division (RaftServerImpl.java:<init>(195)) - 5e0388d0-6757-44ea-813b-6ececb3ef549: new RaftServerImpl for group-96CB974B0B1F:[5e0388d0-6757-44ea-813b-6ececb3ef549|rpc:10.1.0.17:40735|dataStream:10.1.0.17:46691|priority:1|startupRole:FOLLOWER] with ContainerStateMachine:uninitialized
2023-03-29 21:16:33,192 [pool-226-thread-1] INFO  server.RaftServerConfigKeys (ConfUtils.java:logGet(46)) - raft.server.rpc.timeout.min = 5s (custom)
2023-03-29 21:16:33,192 [pool-226-thread-1] INFO  server.RaftServerConfigKeys (ConfUtils.java:logGet(46)) - raft.server.rpc.timeout.max = 5200ms (custom)
2023-03-29 21:16:33,192 [pool-226-thread-1] INFO  server.RaftServerConfigKeys (ConfUtils.java:logGet(46)) - raft.server.rpc.sleep.time = 25ms (default)
2023-03-29 21:16:33,192 [pool-226-thread-1] INFO  server.RaftServerConfigKeys (ConfUtils.java:logGet(46)) - raft.server.rpc.slowness.timeout = 300s (custom)
2023-03-29 21:16:33,192 [pool-226-thread-1] INFO  server.RaftServerConfigKeys (ConfUtils.java:logGet(46)) - raft.server.leaderelection.leader.step-down.wait-time = 10s (default)
2023-03-29 21:16:33,192 [pool-226-thread-1] INFO  server.RaftServerConfigKeys (ConfUtils.java:logGet(46)) - raft.server.sleep.deviation.threshold = 300ms (default)
2023-03-29 21:16:33,192 [pool-226-thread-1] INFO  server.RaftServer$Division (ServerState.java:<init>(118)) - 5e0388d0-6757-44ea-813b-6ececb3ef549@group-96CB974B0B1F: ConfigurationManager, init=-1: peers:[5e0388d0-6757-44ea-813b-6ececb3ef549|rpc:10.1.0.17:40735|dataStream:10.1.0.17:46691|priority:1|startupRole:FOLLOWER]|listeners:[], old=null, confs=<EMPTY_MAP>
2023-03-29 21:16:33,192 [pool-226-thread-1] INFO  server.RaftServerConfigKeys (ConfUtils.java:logGet(46)) - raft.server.storage.dir = [/home/runner/work/ozone/ozone/hadoop-ozone/integration-test/target/test-dir/MiniOzoneClusterImpl-20b354d8-6de5-4b98-a646-9c388eab4dbb/datanode-0/data/ratis] (custom)
2023-03-29 21:16:33,192 [pool-226-thread-1] INFO  server.RaftServerConfigKeys (ConfUtils.java:logGet(46)) - raft.server.log.corruption.policy = EXCEPTION (default)
2023-03-29 21:16:33,192 [pool-226-thread-1] INFO  server.RaftServerConfigKeys (ConfUtils.java:logGet(46)) - raft.server.storage.free-space.min = 0MB (=0) (default)
2023-03-29 21:16:33,193 [pool-226-thread-1] INFO  server.RaftServerConfigKeys (ConfUtils.java:logGet(46)) - raft.server.notification.no-leader.timeout = 300s (custom)
2023-03-29 21:16:33,193 [pool-226-thread-1] INFO  server.RaftServerConfigKeys (ConfUtils.java:logGet(46)) - raft.server.retrycache.expirytime = 600000ms (custom)
2023-03-29 21:16:33,193 [pool-226-thread-1] INFO  server.RaftServerConfigKeys (ConfUtils.java:logGet(46)) - raft.server.retrycache.statistics.expirytime = 100μs (default)
2023-03-29 21:16:33,193 [pool-226-thread-1] INFO  server.RaftServerConfigKeys (ConfUtils.java:logGet(46)) - raft.server.log.appender.install.snapshot.enabled = false (custom)
2023-03-29 21:16:33,193 [pool-226-thread-1] INFO  server.RaftServerConfigKeys (ConfUtils.java:logGet(46)) - raft.server.threadpool.server.cached = true (default)
2023-03-29 21:16:33,193 [pool-226-thread-1] INFO  server.RaftServerConfigKeys (ConfUtils.java:logGet(46)) - raft.server.threadpool.server.size = 0 (default)
2023-03-29 21:16:33,194 [pool-226-thread-1] INFO  server.RaftServerConfigKeys (ConfUtils.java:logGet(46)) - raft.server.threadpool.client.cached = true (default)
2023-03-29 21:16:33,194 [pool-226-thread-1] INFO  server.RaftServerConfigKeys (ConfUtils.java:logGet(46)) - raft.server.threadpool.client.size = 0 (default)
2023-03-29 21:16:33,194 [pool-226-thread-1] INFO  storage.RaftStorageDirectory (RaftStorageDirectoryImpl.java:analyzeStorage(137)) - The storage directory /home/runner/work/ozone/ozone/hadoop-ozone/integration-test/target/test-dir/MiniOzoneClusterImpl-20b354d8-6de5-4b98-a646-9c388eab4dbb/datanode-0/data/ratis/db7c7b9f-a9b7-4422-8ec4-96cb974b0b1f does not exist. Creating ...
2023-03-29 21:16:33,201 [pool-226-thread-1] INFO  storage.RaftStorageDirectory (RaftStorageDirectoryImpl.java:tryLock(231)) - Lock on /home/runner/work/ozone/ozone/hadoop-ozone/integration-test/target/test-dir/MiniOzoneClusterImpl-20b354d8-6de5-4b98-a646-9c388eab4dbb/datanode-0/data/ratis/db7c7b9f-a9b7-4422-8ec4-96cb974b0b1f/in_use.lock acquired by nodename 46426@fv-az308-773
2023-03-29 21:16:33,202 [pool-226-thread-1] INFO  storage.RaftStorage (RaftStorageImpl.java:format(96)) - Storage directory /home/runner/work/ozone/ozone/hadoop-ozone/integration-test/target/test-dir/MiniOzoneClusterImpl-20b354d8-6de5-4b98-a646-9c388eab4dbb/datanode-0/data/ratis/db7c7b9f-a9b7-4422-8ec4-96cb974b0b1f has been successfully formatted.
2023-03-29 21:16:33,203 [pool-226-thread-1] INFO  ratis.ContainerStateMachine (ContainerStateMachine.java:loadSnapshot(262)) - group-96CB974B0B1F: The snapshot info is null. Setting the last applied indexto:(t:0, i:~)
2023-03-29 21:16:33,203 [pool-226-thread-1] INFO  server.RaftServerConfigKeys (ConfUtils.java:logGet(46)) - raft.server.log.use.memory = false (default)
2023-03-29 21:16:33,203 [pool-226-thread-1] INFO  server.RaftServerConfigKeys (ConfUtils.java:logGet(46)) - raft.server.log.purge.gap = 1000000 (custom)
2023-03-29 21:16:33,203 [pool-226-thread-1] INFO  server.RaftServerConfigKeys (ConfUtils.java:logGet(46)) - raft.server.log.appender.buffer.byte-limit = 33554432 (custom)
2023-03-29 21:16:33,203 [pool-226-thread-1] INFO  server.RaftServerConfigKeys (ConfUtils.java:logGet(46)) - raft.server.log.statemachine.data.read.timeout = 1000ms (default)
2023-03-29 21:16:33,203 [pool-226-thread-1] INFO  server.RaftServerConfigKeys (ConfUtils.java:logGet(46)) - raft.server.log.purge.preservation.log.num = 0 (default)
2023-03-29 21:16:33,204 [EventQueue-PipelineReportForPipelineReportHandler] INFO  pipeline.PipelineManagerImpl (PipelineManagerImpl.java:openPipeline(367)) - Pipeline Pipeline[ Id: db7c7b9f-a9b7-4422-8ec4-96cb974b0b1f, Nodes: 5e0388d0-6757-44ea-813b-6ececb3ef549(fv-az308-773/10.1.0.17), ReplicationConfig: RATIS/ONE, State:ALLOCATED, leaderId:5e0388d0-6757-44ea-813b-6ececb3ef549, CreationTimestamp2023-03-29T21:16:30.193Z[Etc/UTC]] moved to OPEN state
2023-03-29 21:16:33,218 [pool-226-thread-1] INFO  server.RaftServerConfigKeys (ConfUtils.java:logGet(46)) - raft.server.log.segment.size.max = 1048576 (custom)
2023-03-29 21:16:33,218 [pool-226-thread-1] INFO  server.RaftServerConfigKeys (ConfUtils.java:logGet(46)) - raft.server.log.segment.cache.num.max = 2 (custom)
2023-03-29 21:16:33,218 [pool-226-thread-1] INFO  server.RaftServerConfigKeys (ConfUtils.java:logGet(46)) - raft.server.log.segment.cache.size.max = 200MB (=209715200) (default)
2023-03-29 21:16:33,218 [pool-226-thread-1] INFO  segmented.SegmentedRaftLogWorker (SegmentedRaftLogWorker.java:<init>(189)) - new 5e0388d0-6757-44ea-813b-6ececb3ef549@group-96CB974B0B1F-SegmentedRaftLogWorker for RaftStorageImpl:Storage Directory /home/runner/work/ozone/ozone/hadoop-ozone/integration-test/target/test-dir/MiniOzoneClusterImpl-20b354d8-6de5-4b98-a646-9c388eab4dbb/datanode-0/data/ratis/db7c7b9f-a9b7-4422-8ec4-96cb974b0b1f
2023-03-29 21:16:33,218 [pool-226-thread-1] INFO  server.RaftServerConfigKeys (ConfUtils.java:logGet(46)) - raft.server.log.queue.byte-limit = 4294967296 (custom)
2023-03-29 21:16:33,218 [pool-226-thread-1] INFO  server.RaftServerConfigKeys (ConfUtils.java:logGet(46)) - raft.server.log.queue.element-limit = 1024 (custom)
2023-03-29 21:16:33,218 [pool-226-thread-1] INFO  server.RaftServerConfigKeys (ConfUtils.java:logGet(46)) - raft.server.log.segment.size.max = 1048576 (custom)
2023-03-29 21:16:33,218 [pool-226-thread-1] INFO  server.RaftServerConfigKeys (ConfUtils.java:logGet(46)) - raft.server.log.preallocated.size = 16384 (custom)
2023-03-29 21:16:33,218 [pool-226-thread-1] INFO  server.RaftServerConfigKeys (ConfUtils.java:logGet(46)) - raft.server.log.force.sync.num = 128 (default)
2023-03-29 21:16:33,218 [pool-226-thread-1] INFO  server.RaftServerConfigKeys (ConfUtils.java:logGet(46)) - raft.server.log.statemachine.data.sync = true (default)
2023-03-29 21:16:33,218 [pool-226-thread-1] INFO  server.RaftServerConfigKeys (ConfUtils.java:logGet(46)) - raft.server.log.statemachine.data.sync.timeout = 10s (default)
2023-03-29 21:16:33,218 [pool-226-thread-1] INFO  server.RaftServerConfigKeys (ConfUtils.java:logGet(46)) - raft.server.log.statemachine.data.sync.timeout.retry = -1 (default)
2023-03-29 21:16:33,222 [pool-226-thread-1] INFO  server.RaftServerConfigKeys (ConfUtils.java:logGet(46)) - raft.server.log.write.buffer.size = 1048576 (custom)
2023-03-29 21:16:33,222 [pool-226-thread-1] INFO  server.RaftServerConfigKeys (ConfUtils.java:logGet(46)) - raft.server.log.appender.buffer.byte-limit = 33554432 (custom)
2023-03-29 21:16:33,229 [EventQueue-OpenPipelineForHealthyPipelineSafeModeRule] INFO  safemode.SCMSafeModeManager (SCMSafeModeManager.java:validateSafeModeExitRules(200)) - HealthyPipelineSafeModeRule rule is successfully validated
2023-03-29 21:16:33,229 [EventQueue-OpenPipelineForHealthyPipelineSafeModeRule] INFO  safemode.SCMSafeModeManager (SCMSafeModeManager.java:validateSafeModeExitRules(215)) - ScmSafeModeManager, all rules are successfully validated
2023-03-29 21:16:33,229 [EventQueue-OpenPipelineForHealthyPipelineSafeModeRule] INFO  safemode.SCMSafeModeManager (SCMSafeModeManager.java:exitSafeMode(244)) - SCM exiting safe mode.
2023-03-29 21:16:33,229 [EventQueue-OpenPipelineForHealthyPipelineSafeModeRule] INFO  ha.SCMContext (SCMContext.java:updateSafeModeStatus(228)) - Update SafeModeStatus from SafeModeStatus{safeModeStatus=true, preCheckPassed=true} to SafeModeStatus{safeModeStatus=false, preCheckPassed=true}.
2023-03-29 21:16:33,229 [EventQueue-OpenPipelineForHealthyPipelineSafeModeRule] INFO  pipeline.BackgroundPipelineCreator (BackgroundPipelineCreator.java:notifyStatusChanged(254)) - Service BackgroundPipelineCreator transitions to RUNNING.
2023-03-29 21:16:33,229 [EventQueue-OpenPipelineForHealthyPipelineSafeModeRule] INFO  BackgroundPipelineScrubber (BackgroundSCMService.java:notifyStatusChanged(82)) - Service BackgroundPipelineScrubber transitions to RUNNING.
2023-03-29 21:16:33,229 [EventQueue-OpenPipelineForHealthyPipelineSafeModeRule] INFO  ExpiredContainerReplicaOpScrubber (BackgroundSCMService.java:notifyStatusChanged(82)) - Service ExpiredContainerReplicaOpScrubber transitions to RUNNING.
2023-03-29 21:16:33,229 [EventQueue-OpenPipelineForHealthyPipelineSafeModeRule] INFO  replication.ReplicationManager (ReplicationManager.java:notifyStatusChanged(1255)) - Service ReplicationManager transitions to RUNNING.
2023-03-29 21:16:33,229 [EventQueue-OpenPipelineForHealthyPipelineSafeModeRule] WARN  balancer.ContainerBalancer (ContainerBalancer.java:shouldRun(132)) - Could not find persisted configuration for ContainerBalancer when checking if ContainerBalancer should run. ContainerBalancer should not run now.
2023-03-29 21:16:33,229 [pool-226-thread-1] INFO  server.RaftServerConfigKeys (ConfUtils.java:logGet(46)) - raft.server.log.unsafe-flush.enabled = false (default)
2023-03-29 21:16:33,229 [pool-226-thread-1] INFO  server.RaftServerConfigKeys (ConfUtils.java:logGet(46)) - raft.server.log.async-flush.enabled = false (default)
2023-03-29 21:16:33,230 [pool-226-thread-1] INFO  server.RaftServerConfigKeys (ConfUtils.java:logGet(46)) - raft.server.log.statemachine.data.caching.enabled = true (custom)
2023-03-29 21:16:33,230 [pool-226-thread-1] INFO  segmented.SegmentedRaftLogWorker (SegmentedRaftLogWorker.java:lambda$new$0(135)) - 5e0388d0-6757-44ea-813b-6ececb3ef549@group-96CB974B0B1F-SegmentedRaftLogWorker: flushIndex: setUnconditionally 0 -> -1
2023-03-29 21:16:33,230 [pool-226-thread-1] INFO  segmented.SegmentedRaftLogWorker (SegmentedRaftLogWorker.java:lambda$new$0(135)) - 5e0388d0-6757-44ea-813b-6ececb3ef549@group-96CB974B0B1F-SegmentedRaftLogWorker: safeCacheEvictIndex: setUnconditionally 0 -> -1
2023-03-29 21:16:33,230 [pool-226-thread-1] INFO  server.RaftServer$Division (RaftServerImpl.java:start(334)) - 5e0388d0-6757-44ea-813b-6ececb3ef549@group-96CB974B0B1F: start as a follower, conf=-1: peers:[5e0388d0-6757-44ea-813b-6ececb3ef549|rpc:10.1.0.17:40735|dataStream:10.1.0.17:46691|priority:1|startupRole:FOLLOWER]|listeners:[], old=null
2023-03-29 21:16:33,230 [pool-226-thread-1] INFO  server.RaftServer$Division (RaftServerImpl.java:setRole(321)) - 5e0388d0-6757-44ea-813b-6ececb3ef549@group-96CB974B0B1F: changes role from      null to FOLLOWER at term 0 for startAsFollower
2023-03-29 21:16:33,230 [pool-226-thread-1] INFO  impl.RoleInfo (RoleInfo.java:updateAndGet(139)) - 5e0388d0-6757-44ea-813b-6ececb3ef549: start 5e0388d0-6757-44ea-813b-6ececb3ef549@group-96CB974B0B1F-FollowerState
2023-03-29 21:16:33,231 [pool-226-thread-1] INFO  util.JmxRegister (JmxRegister.java:tryRegister(44)) - Successfully registered JMX Bean with object name Ratis:service=RaftServer,group=group-96CB974B0B1F,id=5e0388d0-6757-44ea-813b-6ececb3ef549
2023-03-29 21:16:33,232 [pool-226-thread-1] INFO  server.RaftServerConfigKeys (ConfUtils.java:logGet(46)) - raft.server.snapshot.auto.trigger.enabled = true (custom)
2023-03-29 21:16:33,232 [pool-226-thread-1] INFO  server.RaftServerConfigKeys (ConfUtils.java:logGet(46)) - raft.server.snapshot.auto.trigger.threshold = 10000 (custom)
2023-03-29 21:16:33,232 [pool-226-thread-1] INFO  server.RaftServerConfigKeys (ConfUtils.java:logGet(46)) - raft.server.snapshot.retention.file.num = 5 (custom)
2023-03-29 21:16:33,232 [pool-226-thread-1] INFO  server.RaftServerConfigKeys (ConfUtils.java:logGet(46)) - raft.server.log.purge.upto.snapshot.index = false (default)
2023-03-29 21:16:33,236 [Command processor thread] INFO  ratis.XceiverServerRatis (XceiverServerRatis.java:addGroup(806)) - Created group PipelineID=db7c7b9f-a9b7-4422-8ec4-96cb974b0b1f
2023-03-29 21:16:33,236 [Command processor thread] INFO  commandhandler.CreatePipelineCommandHandler (CreatePipelineCommandHandler.java:handle(113)) - Created Pipeline RATIS ONE PipelineID=db7c7b9f-a9b7-4422-8ec4-96cb974b0b1f.
2023-03-29 21:16:33,237 [5e0388d0-6757-44ea-813b-6ececb3ef549@group-96CB974B0B1F-FollowerState] INFO  server.RaftServerConfigKeys (ConfUtils.java:logFallback(53)) - raft.server.rpc.first-election.timeout.min = 5s (fallback to raft.server.rpc.timeout.min)
2023-03-29 21:16:33,237 [5e0388d0-6757-44ea-813b-6ececb3ef549@group-96CB974B0B1F-FollowerState] INFO  server.RaftServerConfigKeys (ConfUtils.java:logFallback(53)) - raft.server.rpc.first-election.timeout.max = 5200ms (fallback to raft.server.rpc.timeout.max)
2023-03-29 21:16:34,184 [Listener at 127.0.0.1/46761] INFO  ozone.MiniOzoneClusterImpl (MiniOzoneClusterImpl.java:lambda$waitForClusterToBeReady$0(222)) - Nodes are ready. Got 1 of 1 DN Heartbeats.
2023-03-29 21:16:34,184 [Listener at 127.0.0.1/46761] INFO  ozone.MiniOzoneClusterImpl (MiniOzoneClusterImpl.java:lambda$waitForClusterToBeReady$0(225)) - Cluster exits safe mode
2023-03-29 21:16:34,184 [Listener at 127.0.0.1/46761] INFO  ozone.MiniOzoneClusterImpl (MiniOzoneClusterImpl.java:lambda$waitForClusterToBeReady$0(227)) - SCM became leader
2023-03-29 21:16:34,203 [Listener at 127.0.0.1/46761] INFO  rpc.RpcClient (RpcClient.java:createVolume(476)) - Creating Volume: volume03853, with user53544 as owner and space quota set to -1 bytes, counts quota set to -1
2023-03-29 21:16:34,216 [OM StateMachine ApplyTransaction Thread - 0] INFO  volume.OMVolumeCreateRequest (OMVolumeCreateRequest.java:validateAndUpdateCache(195)) - created volume:volume03853 for user:user53544
2023-03-29 21:16:34,221 [Listener at 127.0.0.1/46761] INFO  rpc.RpcClient (RpcClient.java:createBucket(698)) - Creating Bucket: volume03853/bucket40430, with bucket layout LEGACY, runner as owner, Versioning false, Storage Type set to DISK and Encryption set to false, Replication Type set to server-side default replication type, Namespace Quota set to -1, Space Quota set to -1 
2023-03-29 21:16:34,225 [OM StateMachine ApplyTransaction Thread - 0] INFO  bucket.OMBucketCreateRequest (OMBucketCreateRequest.java:validateAndUpdateCache(262)) - created bucket: bucket40430 of layout LEGACY in volume: volume03853
2023-03-29 21:16:34,234 [IPC Server handler 0 on default port 42067] INFO  ha.SequenceIdGenerator (SequenceIdGenerator.java:getNextId(128)) - Allocate a batch for containerId, change lastId from 0 to 1000.
2023-03-29 21:16:34,234 [IPC Server handler 0 on default port 42067] WARN  ha.SequenceIdGenerator (SequenceIdGenerator.java:allocateBatch(237)) - Failed to allocate a batch for localId, expected lastId is 0, actual lastId is 111677748019200000.
2023-03-29 21:16:34,234 [IPC Server handler 0 on default port 42067] INFO  ha.SequenceIdGenerator (SequenceIdGenerator.java:getNextId(128)) - Allocate a batch for localId, change lastId from 111677748019200000 to 111677748019201000.
2023-03-29 21:16:38,288 [5e0388d0-6757-44ea-813b-6ececb3ef549@group-96CB974B0B1F-FollowerState] INFO  impl.FollowerState (FollowerState.java:run(143)) - 5e0388d0-6757-44ea-813b-6ececb3ef549@group-96CB974B0B1F-FollowerState: change to CANDIDATE, lastRpcElapsedTime:5058390560ns, electionTimeout:5051ms
2023-03-29 21:16:38,289 [5e0388d0-6757-44ea-813b-6ececb3ef549@group-96CB974B0B1F-FollowerState] INFO  impl.RoleInfo (RoleInfo.java:shutdownFollowerState(110)) - 5e0388d0-6757-44ea-813b-6ececb3ef549: shutdown 5e0388d0-6757-44ea-813b-6ececb3ef549@group-96CB974B0B1F-FollowerState
2023-03-29 21:16:38,289 [5e0388d0-6757-44ea-813b-6ececb3ef549@group-96CB974B0B1F-FollowerState] INFO  server.RaftServer$Division (RaftServerImpl.java:setRole(321)) - 5e0388d0-6757-44ea-813b-6ececb3ef549@group-96CB974B0B1F: changes role from  FOLLOWER to CANDIDATE at term 0 for changeToCandidate
2023-03-29 21:16:38,289 [5e0388d0-6757-44ea-813b-6ececb3ef549@group-96CB974B0B1F-FollowerState] INFO  server.RaftServerConfigKeys (ConfUtils.java:logGet(46)) - raft.server.leaderelection.pre-vote = true (default)
2023-03-29 21:16:38,289 [5e0388d0-6757-44ea-813b-6ececb3ef549@group-96CB974B0B1F-FollowerState] INFO  impl.RoleInfo (RoleInfo.java:updateAndGet(139)) - 5e0388d0-6757-44ea-813b-6ececb3ef549: start 5e0388d0-6757-44ea-813b-6ececb3ef549@group-96CB974B0B1F-LeaderElection9
2023-03-29 21:16:38,296 [5e0388d0-6757-44ea-813b-6ececb3ef549@group-96CB974B0B1F-LeaderElection9] INFO  impl.LeaderElection (LeaderElection.java:askForVotes(312)) - 5e0388d0-6757-44ea-813b-6ececb3ef549@group-96CB974B0B1F-LeaderElection9 PRE_VOTE round 0: submit vote requests at term 0 for -1: peers:[5e0388d0-6757-44ea-813b-6ececb3ef549|rpc:10.1.0.17:40735|dataStream:10.1.0.17:46691|priority:1|startupRole:FOLLOWER]|listeners:[], old=null
2023-03-29 21:16:38,296 [5e0388d0-6757-44ea-813b-6ececb3ef549@group-96CB974B0B1F-LeaderElection9] INFO  impl.LeaderElection (LeaderElection.java:askForVotes(314)) - 5e0388d0-6757-44ea-813b-6ececb3ef549@group-96CB974B0B1F-LeaderElection9 PRE_VOTE round 0: result PASSED (term=0)
2023-03-29 21:16:38,297 [5e0388d0-6757-44ea-813b-6ececb3ef549@group-96CB974B0B1F-LeaderElection9] INFO  impl.LeaderElection (LeaderElection.java:askForVotes(312)) - 5e0388d0-6757-44ea-813b-6ececb3ef549@group-96CB974B0B1F-LeaderElection9 ELECTION round 0: submit vote requests at term 1 for -1: peers:[5e0388d0-6757-44ea-813b-6ececb3ef549|rpc:10.1.0.17:40735|dataStream:10.1.0.17:46691|priority:1|startupRole:FOLLOWER]|listeners:[], old=null
2023-03-29 21:16:38,297 [5e0388d0-6757-44ea-813b-6ececb3ef549@group-96CB974B0B1F-LeaderElection9] INFO  impl.LeaderElection (LeaderElection.java:askForVotes(314)) - 5e0388d0-6757-44ea-813b-6ececb3ef549@group-96CB974B0B1F-LeaderElection9 ELECTION round 0: result PASSED (term=1)
2023-03-29 21:16:38,297 [5e0388d0-6757-44ea-813b-6ececb3ef549@group-96CB974B0B1F-LeaderElection9] INFO  impl.RoleInfo (RoleInfo.java:shutdownLeaderElection(130)) - 5e0388d0-6757-44ea-813b-6ececb3ef549: shutdown 5e0388d0-6757-44ea-813b-6ececb3ef549@group-96CB974B0B1F-LeaderElection9
2023-03-29 21:16:38,297 [5e0388d0-6757-44ea-813b-6ececb3ef549@group-96CB974B0B1F-LeaderElection9] INFO  server.RaftServer$Division (RaftServerImpl.java:setRole(321)) - 5e0388d0-6757-44ea-813b-6ececb3ef549@group-96CB974B0B1F: changes role from CANDIDATE to LEADER at term 1 for changeToLeader
2023-03-29 21:16:38,297 [5e0388d0-6757-44ea-813b-6ececb3ef549@group-96CB974B0B1F-LeaderElection9] INFO  ratis.XceiverServerRatis (XceiverServerRatis.java:handleLeaderChangedNotification(904)) - Leader change notification received for group: group-96CB974B0B1F with new leaderId: 5e0388d0-6757-44ea-813b-6ececb3ef549
2023-03-29 21:16:38,297 [5e0388d0-6757-44ea-813b-6ececb3ef549@group-96CB974B0B1F-LeaderElection9] INFO  server.RaftServer$Division (ServerState.java:setLeader(313)) - 5e0388d0-6757-44ea-813b-6ececb3ef549@group-96CB974B0B1F: change Leader from null to 5e0388d0-6757-44ea-813b-6ececb3ef549 at term 1 for becomeLeader, leader elected after 5104ms
2023-03-29 21:16:38,297 [5e0388d0-6757-44ea-813b-6ececb3ef549@group-96CB974B0B1F-LeaderElection9] INFO  server.RaftServerConfigKeys (ConfUtils.java:logGet(46)) - raft.server.staging.catchup.gap = 1000 (default)
2023-03-29 21:16:38,298 [5e0388d0-6757-44ea-813b-6ececb3ef549@group-96CB974B0B1F-LeaderElection9] INFO  server.RaftServerConfigKeys (ConfUtils.java:logGet(46)) - raft.server.write.element-limit = 1024 (custom)
2023-03-29 21:16:38,298 [5e0388d0-6757-44ea-813b-6ececb3ef549@group-96CB974B0B1F-LeaderElection9] INFO  server.RaftServerConfigKeys (ConfUtils.java:logGet(46)) - raft.server.write.byte-limit = 1024 M (=1073741824) (custom)
2023-03-29 21:16:38,298 [5e0388d0-6757-44ea-813b-6ececb3ef549@group-96CB974B0B1F-LeaderElection9] INFO  server.RaftServerConfigKeys (ConfUtils.java:logGet(46)) - raft.server.watch.timeout = 180s (custom)
2023-03-29 21:16:38,298 [5e0388d0-6757-44ea-813b-6ececb3ef549@group-96CB974B0B1F-LeaderElection9] INFO  server.RaftServerConfigKeys (ConfUtils.java:logGet(46)) - raft.server.watch.timeout.denomination = 1s (default)
2023-03-29 21:16:38,298 [5e0388d0-6757-44ea-813b-6ececb3ef549@group-96CB974B0B1F-LeaderElection9] INFO  server.RaftServerConfigKeys (ConfUtils.java:logGet(46)) - raft.server.watch.element-limit = 65536 (default)
2023-03-29 21:16:38,299 [5e0388d0-6757-44ea-813b-6ececb3ef549@group-96CB974B0B1F-LeaderElection9] INFO  server.RaftServerConfigKeys (ConfUtils.java:logGet(46)) - raft.server.write.element-limit = 1024 (custom)
2023-03-29 21:16:38,299 [5e0388d0-6757-44ea-813b-6ececb3ef549@group-96CB974B0B1F-LeaderElection9] INFO  server.RaftServerConfigKeys (ConfUtils.java:logGet(46)) - raft.server.write.follower.gap.ratio.max = -1.0 (default)
2023-03-29 21:16:38,299 [5e0388d0-6757-44ea-813b-6ececb3ef549@group-96CB974B0B1F-LeaderElection9] INFO  impl.RoleInfo (RoleInfo.java:updateAndGet(139)) - 5e0388d0-6757-44ea-813b-6ececb3ef549: start 5e0388d0-6757-44ea-813b-6ececb3ef549@group-96CB974B0B1F-LeaderStateImpl
2023-03-29 21:16:38,299 [5e0388d0-6757-44ea-813b-6ececb3ef549@group-96CB974B0B1F-LeaderElection9] INFO  segmented.SegmentedRaftLogWorker (SegmentedRaftLogWorker.java:startLogSegment(452)) - 5e0388d0-6757-44ea-813b-6ececb3ef549@group-96CB974B0B1F-SegmentedRaftLogWorker: Starting segment from index:0
2023-03-29 21:16:38,300 [5e0388d0-6757-44ea-813b-6ececb3ef549@group-96CB974B0B1F-SegmentedRaftLogWorker] INFO  segmented.SegmentedRaftLogWorker (SegmentedRaftLogWorker.java:execute(656)) - 5e0388d0-6757-44ea-813b-6ececb3ef549@group-96CB974B0B1F-SegmentedRaftLogWorker: created new log segment /home/runner/work/ozone/ozone/hadoop-ozone/integration-test/target/test-dir/MiniOzoneClusterImpl-20b354d8-6de5-4b98-a646-9c388eab4dbb/datanode-0/data/ratis/db7c7b9f-a9b7-4422-8ec4-96cb974b0b1f/current/log_inprogress_0
2023-03-29 21:16:38,300 [5e0388d0-6757-44ea-813b-6ececb3ef549@group-96CB974B0B1F-LeaderElection9] INFO  server.RaftServer$Division (ServerState.java:setRaftConf(430)) - 5e0388d0-6757-44ea-813b-6ececb3ef549@group-96CB974B0B1F: set configuration 0: peers:[5e0388d0-6757-44ea-813b-6ececb3ef549|rpc:10.1.0.17:40735|dataStream:10.1.0.17:46691|priority:1|startupRole:FOLLOWER]|listeners:[], old=null
2023-03-29 21:16:52,619 [Listener at 127.0.0.1/46761] INFO  ha.SequenceIdGenerator (SequenceIdGenerator.java:getNextId(128)) - Allocate a batch for delTxnId, change lastId from 0 to 1000.
2023-03-29 21:16:52,719 [SCMBlockDeletingService#0] INFO  block.SCMBlockDeletingService (SCMBlockDeletingService.java:call(198)) - Totally added 2 blocks to be deleted for 1 datanodes, task elapsed time: 2ms
2023-03-29 21:16:53,121 [Listener at 127.0.0.1/46761] INFO  ozone.MiniOzoneClusterImpl (MiniOzoneClusterImpl.java:shutdown(455)) - Shutting down the Mini Ozone Cluster
2023-03-29 21:16:53,121 [Listener at 127.0.0.1/46761] INFO  ozone.MiniOzoneClusterImpl (MiniOzoneClusterImpl.java:stop(471)) - Stopping the Mini Ozone Cluster
2023-03-29 21:16:53,121 [Listener at 127.0.0.1/46761] INFO  ozone.MiniOzoneClusterImpl (MiniOzoneClusterImpl.java:stopOM(553)) - Stopping the OzoneManager
2023-03-29 21:16:53,121 [Listener at 127.0.0.1/46761] INFO  om.OzoneManager (OzoneManager.java:stop(2155)) - om1[localhost:0]: Stopping Ozone Manager
2023-03-29 21:16:53,122 [Listener at 127.0.0.1/46761] INFO  ipc.Server (Server.java:stop(3428)) - Stopping server on 46761
2023-03-29 21:16:53,133 [IPC Server Responder] INFO  ipc.Server (Server.java:run(1517)) - Stopping IPC Server Responder
2023-03-29 21:16:53,134 [Listener at 127.0.0.1/46761] INFO  server.RaftServer (RaftServerProxy.java:lambda$close$6(409)) - om1: close
2023-03-29 21:16:53,134 [Listener at 127.0.0.1/46761] INFO  server.GrpcService (GrpcService.java:closeImpl(271)) - om1: shutdown server GrpcServerProtocolService now
2023-03-29 21:16:53,134 [om1-impl-thread1] INFO  server.RaftServer$Division (RaftServerImpl.java:lambda$close$4(458)) - om1@group-C5BA1605619E: shutdown
2023-03-29 21:16:53,134 [om1-impl-thread1] INFO  util.JmxRegister (JmxRegister.java:unregister(73)) - Successfully un-registered JMX Bean with object name Ratis:service=RaftServer,group=group-C5BA1605619E,id=om1
2023-03-29 21:16:53,134 [om1-impl-thread1] INFO  impl.RoleInfo (RoleInfo.java:shutdownLeaderState(93)) - om1: shutdown om1@group-C5BA1605619E-LeaderStateImpl
2023-03-29 21:16:53,134 [om1-impl-thread1] INFO  impl.PendingRequests (PendingRequests.java:sendNotLeaderResponses(282)) - om1@group-C5BA1605619E-PendingRequests: sendNotLeaderResponses
2023-03-29 21:16:53,137 [IPC Server listener on 0] INFO  ipc.Server (Server.java:run(1384)) - Stopping IPC Server listener on 0
2023-03-29 21:16:53,137 [om1-impl-thread1] INFO  impl.StateMachineUpdater (StateMachineUpdater.java:stopAndJoin(153)) - om1@group-C5BA1605619E-StateMachineUpdater: set stopIndex = 64
2023-03-29 21:16:53,138 [om1@group-C5BA1605619E-StateMachineUpdater] INFO  ratis.OzoneManagerStateMachine (OzoneManagerStateMachine.java:takeSnapshot(445)) - Current Snapshot Index (t:1, i:64)
2023-03-29 21:16:53,138 [Listener at 127.0.0.1/46761] INFO  server.GrpcService (GrpcService.java:closeImpl(280)) - om1: shutdown server GrpcServerProtocolService successfully
2023-03-29 21:16:53,151 [om1@group-C5BA1605619E-StateMachineUpdater] INFO  impl.StateMachineUpdater (StateMachineUpdater.java:takeSnapshot(287)) - om1@group-C5BA1605619E-StateMachineUpdater: Took a snapshot at index 64
2023-03-29 21:16:53,151 [om1@group-C5BA1605619E-StateMachineUpdater] INFO  impl.StateMachineUpdater (StateMachineUpdater.java:lambda$new$0(92)) - om1@group-C5BA1605619E-StateMachineUpdater: snapshotIndex: updateIncreasingly -1 -> 64
2023-03-29 21:16:53,151 [om1@group-C5BA1605619E-StateMachineUpdater] INFO  ratis.OzoneManagerStateMachine (OzoneManagerStateMachine.java:close(499)) - StateMachine has shutdown. Shutdown OzoneManager if not already shutdown.
2023-03-29 21:16:53,151 [om1@group-C5BA1605619E-StateMachineUpdater] INFO  ratis.OzoneManagerDoubleBuffer (OzoneManagerDoubleBuffer.java:stopDaemon(540)) - Stopping OMDoubleBuffer flush thread
2023-03-29 21:16:53,151 [OMDoubleBufferFlushThread] INFO  ratis.OzoneManagerDoubleBuffer (OzoneManagerDoubleBuffer.java:canFlush(625)) - OMDoubleBuffer flush thread OMDoubleBufferFlushThread is interrupted and will exit.
2023-03-29 21:16:53,152 [om1-impl-thread1] INFO  server.RaftServer$Division (ServerState.java:close(466)) - om1@group-C5BA1605619E: closes. applyIndex: 64
2023-03-29 21:16:53,152 [om1@group-C5BA1605619E-SegmentedRaftLogWorker] INFO  segmented.SegmentedRaftLogWorker (SegmentedRaftLogWorker.java:run(347)) - om1@group-C5BA1605619E-SegmentedRaftLogWorker was interrupted, exiting. There are 0 tasks remaining in the queue.
2023-03-29 21:16:53,153 [om1-impl-thread1] INFO  segmented.SegmentedRaftLogWorker (SegmentedRaftLogWorker.java:close(257)) - om1@group-C5BA1605619E-SegmentedRaftLogWorker close()
2023-03-29 21:16:53,155 [JvmPauseMonitor4] INFO  util.JvmPauseMonitor (JvmPauseMonitor.java:run(111)) - JvmPauseMonitor-om1: Stopped
2023-03-29 21:16:53,155 [Listener at 127.0.0.1/46761] INFO  ratis.OzoneManagerStateMachine (OzoneManagerStateMachine.java:close(499)) - StateMachine has shutdown. Shutdown OzoneManager if not already shutdown.
2023-03-29 21:16:53,155 [Listener at 127.0.0.1/46761] INFO  ratis.OzoneManagerDoubleBuffer (OzoneManagerDoubleBuffer.java:stopDaemon(549)) - OMDoubleBuffer flush thread is not running.
2023-03-29 21:16:53,155 [Listener at 127.0.0.1/46761] INFO  utils.BackgroundService (BackgroundService.java:shutdown(141)) - Shutting down service KeyDeletingService
2023-03-29 21:16:53,155 [Listener at 127.0.0.1/46761] INFO  utils.BackgroundService (BackgroundService.java:shutdown(141)) - Shutting down service DirectoryDeletingService
2023-03-29 21:16:53,156 [Listener at 127.0.0.1/46761] INFO  utils.BackgroundService (BackgroundService.java:shutdown(141)) - Shutting down service OpenKeyCleanupService
2023-03-29 21:16:53,156 [Listener at 127.0.0.1/46761] INFO  utils.BackgroundService (BackgroundService.java:shutdown(141)) - Shutting down service SstFilteringService
2023-03-29 21:16:53,156 [Listener at 127.0.0.1/46761] INFO  utils.BackgroundService (BackgroundService.java:shutdown(141)) - Shutting down service SnapshotDeletingService
2023-03-29 21:16:53,156 [Listener at 127.0.0.1/46761] INFO  handler.ContextHandler (ContextHandler.java:doStop(1159)) - Stopped o.e.j.w.WebAppContext@546095e4{ozoneManager,/,null,STOPPED}{file:/home/runner/work/ozone/ozone/hadoop-ozone/integration-test/target/test-classes/webapps/ozoneManager}
2023-03-29 21:16:53,157 [Listener at 127.0.0.1/46761] INFO  server.AbstractConnector (AbstractConnector.java:doStop(383)) - Stopped ServerConnector@6eb8af16{HTTP/1.1, (http/1.1)}{0.0.0.0:0}
2023-03-29 21:16:53,158 [Listener at 127.0.0.1/46761] INFO  server.session (HouseKeeper.java:stopScavenging(149)) - node0 Stopped scavenging
2023-03-29 21:16:53,158 [Listener at 127.0.0.1/46761] INFO  handler.ContextHandler (ContextHandler.java:doStop(1159)) - Stopped o.e.j.s.ServletContextHandler@39770ec1{static,/static,file:///home/runner/work/ozone/ozone/hadoop-ozone/integration-test/target/test-classes/webapps/static,STOPPED}
2023-03-29 21:16:53,158 [Listener at 127.0.0.1/46761] INFO  handler.ContextHandler (ContextHandler.java:doStop(1159)) - Stopped o.e.j.s.ServletContextHandler@6d0fa3cf{logs,/logs,file:///home/runner/work/ozone/ozone/hadoop-ozone/integration-test/target/log,STOPPED}
2023-03-29 21:16:53,161 [Listener at 127.0.0.1/46761] INFO  ozone.MiniOzoneClusterImpl (MiniOzoneClusterImpl.java:stopDatanodes(530)) - Stopping the HddsDatanodes
2023-03-29 21:16:53,162 [Listener at 127.0.0.1/46761] INFO  ozoneimpl.OzoneContainer (OzoneContainer.java:stop(419)) - Attempting to stop container services.
2023-03-29 21:16:53,163 [Listener at 127.0.0.1/46761] INFO  server.RaftServer (RaftServerProxy.java:lambda$close$6(409)) - 5e0388d0-6757-44ea-813b-6ececb3ef549: close
2023-03-29 21:16:53,164 [Listener at 127.0.0.1/46761] INFO  server.GrpcService (GrpcService.java:closeImpl(271)) - 5e0388d0-6757-44ea-813b-6ececb3ef549: shutdown server GrpcServerProtocolService now
2023-03-29 21:16:53,164 [5e0388d0-6757-44ea-813b-6ececb3ef549-impl-thread1] INFO  server.RaftServer$Division (RaftServerImpl.java:lambda$close$4(458)) - 5e0388d0-6757-44ea-813b-6ececb3ef549@group-96CB974B0B1F: shutdown
2023-03-29 21:16:53,168 [5e0388d0-6757-44ea-813b-6ececb3ef549-impl-thread1] INFO  util.JmxRegister (JmxRegister.java:unregister(73)) - Successfully un-registered JMX Bean with object name Ratis:service=RaftServer,group=group-96CB974B0B1F,id=5e0388d0-6757-44ea-813b-6ececb3ef549
2023-03-29 21:16:53,168 [5e0388d0-6757-44ea-813b-6ececb3ef549-impl-thread1] INFO  impl.RoleInfo (RoleInfo.java:shutdownLeaderState(93)) - 5e0388d0-6757-44ea-813b-6ececb3ef549: shutdown 5e0388d0-6757-44ea-813b-6ececb3ef549@group-96CB974B0B1F-LeaderStateImpl
2023-03-29 21:16:53,168 [5e0388d0-6757-44ea-813b-6ececb3ef549-impl-thread1] INFO  impl.PendingRequests (PendingRequests.java:sendNotLeaderResponses(282)) - 5e0388d0-6757-44ea-813b-6ececb3ef549@group-96CB974B0B1F-PendingRequests: sendNotLeaderResponses
2023-03-29 21:16:53,169 [5e0388d0-6757-44ea-813b-6ececb3ef549-impl-thread1] INFO  impl.StateMachineUpdater (StateMachineUpdater.java:stopAndJoin(153)) - 5e0388d0-6757-44ea-813b-6ececb3ef549@group-96CB974B0B1F-StateMachineUpdater: set stopIndex = 52
2023-03-29 21:16:53,169 [5e0388d0-6757-44ea-813b-6ececb3ef549@group-96CB974B0B1F-StateMachineUpdater] INFO  ratis.ContainerStateMachine (ContainerStateMachine.java:takeSnapshot(330)) - group-96CB974B0B1F: Taking a snapshot at:(t:1, i:52) file /home/runner/work/ozone/ozone/hadoop-ozone/integration-test/target/test-dir/MiniOzoneClusterImpl-20b354d8-6de5-4b98-a646-9c388eab4dbb/datanode-0/data/ratis/db7c7b9f-a9b7-4422-8ec4-96cb974b0b1f/sm/snapshot.1_52
2023-03-29 21:16:53,173 [5e0388d0-6757-44ea-813b-6ececb3ef549@group-96CB974B0B1F-StateMachineUpdater] INFO  ratis.ContainerStateMachine (ContainerStateMachine.java:takeSnapshot(341)) - group-96CB974B0B1F: Finished taking a snapshot at:(t:1, i:52) file:/home/runner/work/ozone/ozone/hadoop-ozone/integration-test/target/test-dir/MiniOzoneClusterImpl-20b354d8-6de5-4b98-a646-9c388eab4dbb/datanode-0/data/ratis/db7c7b9f-a9b7-4422-8ec4-96cb974b0b1f/sm/snapshot.1_52 took: 4 ms
2023-03-29 21:16:53,174 [5e0388d0-6757-44ea-813b-6ececb3ef549@group-96CB974B0B1F-StateMachineUpdater] INFO  impl.StateMachineUpdater (StateMachineUpdater.java:takeSnapshot(287)) - 5e0388d0-6757-44ea-813b-6ececb3ef549@group-96CB974B0B1F-StateMachineUpdater: Took a snapshot at index 52
2023-03-29 21:16:53,174 [5e0388d0-6757-44ea-813b-6ececb3ef549@group-96CB974B0B1F-StateMachineUpdater] INFO  impl.StateMachineUpdater (StateMachineUpdater.java:lambda$new$0(92)) - 5e0388d0-6757-44ea-813b-6ececb3ef549@group-96CB974B0B1F-StateMachineUpdater: snapshotIndex: updateIncreasingly -1 -> 52
2023-03-29 21:16:53,175 [5e0388d0-6757-44ea-813b-6ececb3ef549-impl-thread1] INFO  server.RaftServer$Division (ServerState.java:close(466)) - 5e0388d0-6757-44ea-813b-6ececb3ef549@group-96CB974B0B1F: closes. applyIndex: 52
2023-03-29 21:16:53,175 [Listener at 127.0.0.1/46761] INFO  server.GrpcService (GrpcService.java:closeImpl(280)) - 5e0388d0-6757-44ea-813b-6ececb3ef549: shutdown server GrpcServerProtocolService successfully
2023-03-29 21:16:53,175 [5e0388d0-6757-44ea-813b-6ececb3ef549@group-96CB974B0B1F-SegmentedRaftLogWorker] INFO  segmented.SegmentedRaftLogWorker (SegmentedRaftLogWorker.java:run(347)) - 5e0388d0-6757-44ea-813b-6ececb3ef549@group-96CB974B0B1F-SegmentedRaftLogWorker was interrupted, exiting. There are 0 tasks remaining in the queue.
2023-03-29 21:16:53,176 [5e0388d0-6757-44ea-813b-6ececb3ef549-impl-thread1] INFO  segmented.SegmentedRaftLogWorker (SegmentedRaftLogWorker.java:close(257)) - 5e0388d0-6757-44ea-813b-6ececb3ef549@group-96CB974B0B1F-SegmentedRaftLogWorker close()
2023-03-29 21:16:53,177 [5e0388d0-6757-44ea-813b-6ececb3ef549-NettyServerStreamRpc-bossGroup--thread1] INFO  logging.LoggingHandler (AbstractInternalLogger.java:log(148)) - [id: 0x9d812562, L:/0:0:0:0:0:0:0:0:46691] CLOSE
2023-03-29 21:16:53,177 [5e0388d0-6757-44ea-813b-6ececb3ef549-NettyServerStreamRpc-bossGroup--thread1] INFO  logging.LoggingHandler (AbstractInternalLogger.java:log(148)) - [id: 0x9d812562, L:/0:0:0:0:0:0:0:0:46691] INACTIVE
2023-03-29 21:16:53,177 [5e0388d0-6757-44ea-813b-6ececb3ef549-NettyServerStreamRpc-bossGroup--thread1] INFO  logging.LoggingHandler (AbstractInternalLogger.java:log(148)) - [id: 0x9d812562, L:/0:0:0:0:0:0:0:0:46691] UNREGISTERED
2023-03-29 21:16:53,194 [JvmPauseMonitor5] INFO  util.JvmPauseMonitor (JvmPauseMonitor.java:run(111)) - JvmPauseMonitor-5e0388d0-6757-44ea-813b-6ececb3ef549: Stopped
2023-03-29 21:16:53,218 [SCMBlockDeletingService#0] INFO  block.SCMBlockDeletingService (SCMBlockDeletingService.java:call(198)) - Totally added 2 blocks to be deleted for 1 datanodes, task elapsed time: 0ms
2023-03-29 21:16:55,201 [Listener at 127.0.0.1/46761] INFO  volume.HddsVolume (HddsVolume.java:closeDbStore(437)) - SchemaV3 db is stopped at /home/runner/work/ozone/ozone/hadoop-ozone/integration-test/target/test-dir/MiniOzoneClusterImpl-20b354d8-6de5-4b98-a646-9c388eab4dbb/datanode-0/data-0/containers/hdds/20b354d8-6de5-4b98-a646-9c388eab4dbb/DS-0b1fe422-621f-4d44-92f1-785a48f8060d/container.db for volume DS-0b1fe422-621f-4d44-92f1-785a48f8060d
2023-03-29 21:16:55,201 [Listener at 127.0.0.1/46761] INFO  utils.BackgroundService (BackgroundService.java:shutdown(141)) - Shutting down service BlockDeletingService
2023-03-29 21:16:55,202 [Listener at 127.0.0.1/46761] INFO  utils.BackgroundService (BackgroundService.java:shutdown(141)) - Shutting down service StaleRecoveringContainerScrubbingService
2023-03-29 21:16:55,204 [Listener at 127.0.0.1/46761] INFO  statemachine.DatanodeStateMachine (DatanodeStateMachine.java:stopDaemon(601)) - Ozone container server stopped.
2023-03-29 21:16:55,214 [Listener at 127.0.0.1/46761] INFO  handler.ContextHandler (ContextHandler.java:doStop(1159)) - Stopped o.e.j.w.WebAppContext@2b4ff210{hddsDatanode,/,null,STOPPED}{jar:file:/home/runner/.m2/repository/org/apache/ozone/hdds-container-service/1.4.0-SNAPSHOT/hdds-container-service-1.4.0-SNAPSHOT.jar!/webapps/hddsDatanode}
2023-03-29 21:16:55,215 [Listener at 127.0.0.1/46761] INFO  server.AbstractConnector (AbstractConnector.java:doStop(383)) - Stopped ServerConnector@131d2341{HTTP/1.1, (http/1.1)}{0.0.0.0:0}
2023-03-29 21:16:55,215 [Listener at 127.0.0.1/46761] INFO  server.session (HouseKeeper.java:stopScavenging(149)) - node0 Stopped scavenging
2023-03-29 21:16:55,215 [Listener at 127.0.0.1/46761] INFO  handler.ContextHandler (ContextHandler.java:doStop(1159)) - Stopped o.e.j.s.ServletContextHandler@49834df6{static,/static,jar:file:/home/runner/.m2/repository/org/apache/ozone/hdds-container-service/1.4.0-SNAPSHOT/hdds-container-service-1.4.0-SNAPSHOT.jar!/webapps/static,STOPPED}
2023-03-29 21:16:55,217 [Listener at 127.0.0.1/46761] INFO  handler.ContextHandler (ContextHandler.java:doStop(1159)) - Stopped o.e.j.s.ServletContextHandler@1cf363c7{logs,/logs,file:///home/runner/work/ozone/ozone/hadoop-ozone/integration-test/target/log,STOPPED}
2023-03-29 21:16:55,220 [Listener at 127.0.0.1/46761] INFO  ozone.MiniOzoneClusterImpl (MiniOzoneClusterImpl.java:stopSCM(545)) - Stopping the StorageContainerManager
2023-03-29 21:16:55,220 [Listener at 127.0.0.1/46761] INFO  server.StorageContainerManager (StorageContainerManager.java:stop(1546)) - Container Balancer is not running.
2023-03-29 21:16:55,220 [Listener at 127.0.0.1/46761] INFO  server.StorageContainerManager (StorageContainerManager.java:stopReplicationManager(1660)) - Stopping Replication Manager Service.
2023-03-29 21:16:55,220 [Listener at 127.0.0.1/46761] INFO  replication.ReplicationManager (ReplicationManager.java:stop(310)) - Stopping Replication Monitor Thread.
2023-03-29 21:16:55,220 [Under Replicated Processor] WARN  replication.UnhealthyReplicationProcessor (UnhealthyReplicationProcessor.java:run(146)) - Under Replicated Processor interrupted. Exiting...
2023-03-29 21:16:55,221 [Over Replicated Processor] WARN  replication.UnhealthyReplicationProcessor (UnhealthyReplicationProcessor.java:run(146)) - Over Replicated Processor interrupted. Exiting...
2023-03-29 21:16:55,221 [Listener at 127.0.0.1/46761] INFO  server.StorageContainerManager (StorageContainerManager.java:stop(1555)) - Stopping the Datanode Admin Monitor.
2023-03-29 21:16:55,221 [ReplicationMonitor] INFO  replication.ReplicationManager (ReplicationManager.java:run(880)) - Replication Monitor Thread is stopped
2023-03-29 21:16:55,221 [Listener at 127.0.0.1/46761] INFO  server.StorageContainerManager (StorageContainerManager.java:stop(1562)) - Stopping datanode service RPC server
2023-03-29 21:16:55,221 [Listener at 127.0.0.1/46761] INFO  server.SCMDatanodeProtocolServer (SCMDatanodeProtocolServer.java:stop(424)) - Stopping the RPC server for DataNodes
2023-03-29 21:16:55,222 [Listener at 127.0.0.1/46761] INFO  ipc.Server (Server.java:stop(3428)) - Stopping server on 38193
2023-03-29 21:16:55,224 [IPC Server listener on 0] INFO  ipc.Server (Server.java:run(1384)) - Stopping IPC Server listener on 0
2023-03-29 21:16:55,224 [IPC Server Responder] INFO  ipc.Server (Server.java:run(1517)) - Stopping IPC Server Responder
2023-03-29 21:16:58,008 [SCM Heartbeat Processing Thread - 0] WARN  node.NodeStateManager (NodeStateManager.java:scheduleNextHealthCheck(870)) - Current Thread is interrupted, shutting down HB processing thread for Node Manager.
2023-03-29 21:16:58,009 [Listener at 127.0.0.1/46761] INFO  server.StorageContainerManager (StorageContainerManager.java:stop(1570)) - Stopping block service RPC server
2023-03-29 21:16:58,009 [Listener at 127.0.0.1/46761] INFO  server.SCMBlockProtocolServer (SCMBlockProtocolServer.java:stop(161)) - Stopping the RPC server for Block Protocol
2023-03-29 21:16:58,009 [Listener at 127.0.0.1/46761] INFO  ipc.Server (Server.java:stop(3428)) - Stopping server on 42067
2023-03-29 21:16:58,011 [IPC Server Responder] INFO  ipc.Server (Server.java:run(1517)) - Stopping IPC Server Responder
2023-03-29 21:16:58,011 [Listener at 127.0.0.1/46761] INFO  server.StorageContainerManager (StorageContainerManager.java:stop(1577)) - Stopping the StorageContainerLocationProtocol RPC server
2023-03-29 21:16:58,011 [IPC Server listener on 0] INFO  ipc.Server (Server.java:run(1384)) - Stopping IPC Server listener on 0
2023-03-29 21:16:58,011 [Listener at 127.0.0.1/46761] INFO  server.SCMClientProtocolServer (SCMClientProtocolServer.java:stop(206)) - Stopping the RPC server for Client Protocol
2023-03-29 21:16:58,011 [Listener at 127.0.0.1/46761] INFO  ipc.Server (Server.java:stop(3428)) - Stopping server on 46545
2023-03-29 21:16:58,014 [IPC Server Responder] INFO  ipc.Server (Server.java:run(1517)) - Stopping IPC Server Responder
2023-03-29 21:16:58,014 [Listener at 127.0.0.1/46761] INFO  server.StorageContainerManager (StorageContainerManager.java:stop(1584)) - Stopping Storage Container Manager HTTP server.
2023-03-29 21:16:58,014 [Listener at 127.0.0.1/46761] INFO  handler.ContextHandler (ContextHandler.java:doStop(1159)) - Stopped o.e.j.w.WebAppContext@9ff673{scm,/,null,STOPPED}{file:/home/runner/work/ozone/ozone/hadoop-ozone/integration-test/target/test-classes/webapps/scm}
2023-03-29 21:16:58,015 [IPC Server listener on 0] INFO  ipc.Server (Server.java:run(1384)) - Stopping IPC Server listener on 0
2023-03-29 21:16:58,015 [Listener at 127.0.0.1/46761] INFO  server.AbstractConnector (AbstractConnector.java:doStop(383)) - Stopped ServerConnector@6d6b0b25{HTTP/1.1, (http/1.1)}{0.0.0.0:0}
2023-03-29 21:16:58,015 [Listener at 127.0.0.1/46761] INFO  server.session (HouseKeeper.java:stopScavenging(149)) - node0 Stopped scavenging
2023-03-29 21:16:58,015 [Listener at 127.0.0.1/46761] INFO  handler.ContextHandler (ContextHandler.java:doStop(1159)) - Stopped o.e.j.s.ServletContextHandler@2e2f2316{static,/static,file:///home/runner/work/ozone/ozone/hadoop-ozone/integration-test/target/test-classes/webapps/static,STOPPED}
2023-03-29 21:16:58,015 [Listener at 127.0.0.1/46761] INFO  handler.ContextHandler (ContextHandler.java:doStop(1159)) - Stopped o.e.j.s.ServletContextHandler@25130698{logs,/logs,file:///home/runner/work/ozone/ozone/hadoop-ozone/integration-test/target/log,STOPPED}
2023-03-29 21:16:58,021 [Listener at 127.0.0.1/46761] INFO  server.StorageContainerManager (StorageContainerManager.java:stop(1592)) - Stopping SCM LayoutVersionManager Service.
2023-03-29 21:16:58,021 [Listener at 127.0.0.1/46761] INFO  server.StorageContainerManager (StorageContainerManager.java:stop(1600)) - Stopping Block Manager Service.
2023-03-29 21:16:58,021 [Listener at 127.0.0.1/46761] INFO  utils.BackgroundService (BackgroundService.java:shutdown(141)) - Shutting down service SCMBlockDeletingService
2023-03-29 21:16:58,021 [Listener at 127.0.0.1/46761] INFO  utils.BackgroundService (BackgroundService.java:shutdown(141)) - Shutting down service SCMBlockDeletingService
2023-03-29 21:16:58,022 [Listener at 127.0.0.1/46761] INFO  server.StorageContainerManager (StorageContainerManager.java:stop(1622)) - Stopping SCM Event Queue.
2023-03-29 21:16:58,023 [Listener at 127.0.0.1/46761] INFO  server.StorageContainerManager (StorageContainerManager.java:stop(1633)) - Stopping SCM HA services.
2023-03-29 21:16:58,023 [Listener at 127.0.0.1/46761] INFO  pipeline.BackgroundPipelineCreator (BackgroundPipelineCreator.java:stop(149)) - Stopping RatisPipelineUtilsThread.
2023-03-29 21:16:58,023 [RatisPipelineUtilsThread - 0] WARN  pipeline.BackgroundPipelineCreator (BackgroundPipelineCreator.java:run(180)) - RatisPipelineUtilsThread is interrupted.
2023-03-29 21:16:58,023 [BackgroundPipelineScrubberThread] WARN  BackgroundPipelineScrubber (BackgroundSCMService.java:run(115)) - BackgroundPipelineScrubber is interrupted, exit
2023-03-29 21:16:58,024 [Listener at 127.0.0.1/46761] INFO  BackgroundPipelineScrubber (BackgroundSCMService.java:stop(131)) - Stopping BackgroundPipelineScrubber Service.
2023-03-29 21:16:58,024 [Listener at 127.0.0.1/46761] INFO  impl.MetricsSystemImpl (MetricsSystemImpl.java:stop(210)) - Stopping HddsDatanode metrics system...
2023-03-29 21:16:58,025 [prometheus] INFO  impl.MetricsSinkAdapter (MetricsSinkAdapter.java:publishMetricsFromQueue(141)) - prometheus thread interrupted.
2023-03-29 21:16:58,027 [Listener at 127.0.0.1/46761] INFO  impl.MetricsSystemImpl (MetricsSystemImpl.java:stop(216)) - HddsDatanode metrics system stopped.
2023-03-29 21:16:58,027 [Listener at 127.0.0.1/46761] WARN  pipeline.BackgroundPipelineCreator (BackgroundPipelineCreator.java:stop(145)) - RatisPipelineUtilsThread is not running, just ignore.
2023-03-29 21:16:58,027 [Listener at 127.0.0.1/46761] INFO  BackgroundPipelineScrubber (BackgroundSCMService.java:stop(126)) - BackgroundPipelineScrubber Service is not running, skip stop.
2023-03-29 21:16:58,027 [Listener at 127.0.0.1/46761] INFO  ExpiredContainerReplicaOpScrubber (BackgroundSCMService.java:stop(131)) - Stopping ExpiredContainerReplicaOpScrubber Service.
2023-03-29 21:16:58,027 [ExpiredContainerReplicaOpScrubberThread] WARN  ExpiredContainerReplicaOpScrubber (BackgroundSCMService.java:run(115)) - ExpiredContainerReplicaOpScrubber is interrupted, exit
2023-03-29 21:16:58,027 [Listener at 127.0.0.1/46761] INFO  utils.BackgroundService (BackgroundService.java:shutdown(141)) - Shutting down service SCMBlockDeletingService
2023-03-29 21:16:58,027 [Listener at 127.0.0.1/46761] INFO  replication.ReplicationManager (ReplicationManager.java:stop(320)) - Replication Monitor Thread is not running.
2023-03-29 21:16:58,027 [Listener at 127.0.0.1/46761] WARN  balancer.ContainerBalancer (ContainerBalancer.java:stop(324)) - Cannot stop Container Balancer because it's not running or stopping
2023-03-29 21:16:58,027 [Listener at 127.0.0.1/46761] INFO  server.StorageContainerManager (StorageContainerManager.java:stop(1651)) - Stopping SCM MetadataStore.
]]></system-out>
  </testcase>
  <testcase name="testSCMReinitialization" classname="org.apache.hadoop.ozone.TestStorageContainerManager" time="18.554">
    <system-out><![CDATA[2023-03-29 21:16:58,058 [Time-limited test] WARN  server.ServerUtils (ServerUtils.java:getScmDbDir(148)) - ozone.scm.db.dirs is not configured. We recommend adding this setting. Falling back to ozone.metadata.dirs instead.
2023-03-29 21:16:58,060 [Time-limited test] WARN  server.ServerUtils (ServerUtils.java:getScmDbDir(148)) - ozone.scm.db.dirs is not configured. We recommend adding this setting. Falling back to ozone.metadata.dirs instead.
2023-03-29 21:16:58,060 [Time-limited test] INFO  ha.SCMHANodeDetails (SCMHANodeDetails.java:loadSCMHAConfig(209)) - ServiceID for StorageContainerManager is null
2023-03-29 21:16:58,060 [Time-limited test] WARN  ha.SCMHANodeDetails (SCMHANodeDetails.java:validateSCMHAConfig(182)) - Invalid config ozone.scm.ratis.enable. The config was not specified, but the default value true conflicts with the expected config value false. Falling back to the expected value. Current State of SCM: SCM is running in Non-HA without Ratis Ratis SCM -> Non Ratis SCM or Non HA SCM -> HA SCM is not supported
2023-03-29 21:16:58,060 [Time-limited test] INFO  ha.SCMHANodeDetails (SCMHANodeDetails.java:loadSCMHAConfig(214)) - ozone.scm.default.service.id is not defined, falling back to ozone.scm.service.ids to find serviceID for StorageContainerManager if it is HA enabled cluster
2023-03-29 21:16:58,061 [Time-limited test] WARN  utils.HAUtils (HAUtils.java:getMetaDir(342)) - ozone.scm.db.dirs is not configured. We recommend adding this setting. Falling back to ozone.metadata.dirs instead.
2023-03-29 21:16:58,061 [Time-limited test] WARN  db.DBStoreBuilder (DBStoreBuilder.java:applyDBDefinition(181)) - ozone.scm.db.dirs is not configured. We recommend adding this setting. Falling back to ozone.metadata.dirs instead.
2023-03-29 21:16:58,146 [Time-limited test] INFO  net.NodeSchemaLoader (NodeSchemaLoader.java:loadSchemaFromFile(129)) - Loading schema from [jar:file:/home/runner/.m2/repository/org/apache/ozone/hdds-common/1.4.0-SNAPSHOT/hdds-common-1.4.0-SNAPSHOT.jar!/network-topology-default.xml]
2023-03-29 21:16:58,146 [Time-limited test] INFO  net.NodeSchemaLoader (NodeSchemaLoader.java:loadSchema(176)) - Loading network topology layer schema file
2023-03-29 21:16:58,149 [Time-limited test] INFO  upgrade.AbstractLayoutVersionManager (AbstractLayoutVersionManager.java:init(83)) - Initializing Layout version manager with metadata layout = DATANODE_SCHEMA_V3 (version = 4), software layout = DATANODE_SCHEMA_V3 (version = 4)
2023-03-29 21:16:58,195 [Time-limited test] INFO  reflections.Reflections (Reflections.java:scan(232)) - Reflections took 45 ms to scan 7 urls, producing 155 keys and 368 values 
2023-03-29 21:16:58,197 [Time-limited test] INFO  ha.SequenceIdGenerator (SequenceIdGenerator.java:upgradeToSequenceId(349)) - upgrade localId to 111677748019200000
2023-03-29 21:16:58,197 [Time-limited test] INFO  ha.SequenceIdGenerator (SequenceIdGenerator.java:upgradeToSequenceId(359)) - upgrade delTxnId to 0
2023-03-29 21:16:58,197 [Time-limited test] INFO  ha.SequenceIdGenerator (SequenceIdGenerator.java:upgradeToSequenceId(376)) - upgrade containerId to 0
2023-03-29 21:16:58,197 [Time-limited test] INFO  ha.SequenceIdGenerator (SequenceIdGenerator.java:<init>(220)) - Init the HA SequenceIdGenerator.
2023-03-29 21:16:58,197 [Time-limited test] WARN  server.ServerUtils (ServerUtils.java:sanitizeUserArgs(73)) - ozone.scm.stale.node.interval value = 300000 is larger than max = 100000 based on the key value of ozone.scm.heartbeat.thread.interval, reset to the max value 100000.
2023-03-29 21:16:58,198 [Time-limited test] WARN  server.ServerUtils (ServerUtils.java:sanitizeUserArgs(73)) - ozone.scm.stale.node.interval value = 300000 is larger than max = 100000 based on the key value of ozone.scm.heartbeat.thread.interval, reset to the max value 100000.
2023-03-29 21:16:58,198 [Time-limited test] INFO  node.SCMNodeManager (SCMNodeManager.java:<init>(156)) - Entering startup safe mode.
2023-03-29 21:16:58,199 [Time-limited test] INFO  algorithms.ContainerPlacementPolicyFactory (ContainerPlacementPolicyFactory.java:getPolicyInternal(86)) - Create container placement policy of type org.apache.hadoop.hdds.scm.container.placement.algorithms.SCMContainerPlacementRandom
2023-03-29 21:16:58,199 [Time-limited test] INFO  algorithms.ContainerPlacementPolicyFactory (ContainerPlacementPolicyFactory.java:getPolicyInternal(86)) - Create container placement policy of type org.apache.hadoop.hdds.scm.container.placement.algorithms.SCMContainerPlacementRackScatter
2023-03-29 21:16:58,199 [Time-limited test] INFO  pipeline.PipelineStateManagerImpl (PipelineStateManagerImpl.java:initialize(78)) - No pipeline exists in current db
2023-03-29 21:16:58,199 [Time-limited test] INFO  algorithms.LeaderChoosePolicyFactory (LeaderChoosePolicyFactory.java:getPolicy(57)) - Create leader choose policy of type org.apache.hadoop.hdds.scm.pipeline.leader.choose.algorithms.MinLeaderCountChoosePolicy
2023-03-29 21:16:58,199 [Time-limited test] INFO  algorithms.ContainerPlacementPolicyFactory (ContainerPlacementPolicyFactory.java:getPolicyInternal(86)) - Create container placement policy of type org.apache.hadoop.hdds.scm.container.placement.algorithms.SCMContainerPlacementRackScatter
2023-03-29 21:16:58,199 [Time-limited test] INFO  ha.SCMServiceManager (SCMServiceManager.java:register(42)) - Registering service BackgroundPipelineCreator.
2023-03-29 21:16:58,199 [Time-limited test] INFO  pipeline.BackgroundPipelineCreator (BackgroundPipelineCreator.java:start(124)) - Starting RatisPipelineUtilsThread.
2023-03-29 21:16:58,201 [Time-limited test] INFO  BackgroundPipelineScrubber (BackgroundSCMService.java:start(68)) - Starting BackgroundPipelineScrubber Service.
2023-03-29 21:16:58,201 [Time-limited test] INFO  ha.SCMServiceManager (SCMServiceManager.java:register(42)) - Registering service BackgroundPipelineScrubber.
2023-03-29 21:16:58,201 [Time-limited test] INFO  ExpiredContainerReplicaOpScrubber (BackgroundSCMService.java:start(68)) - Starting ExpiredContainerReplicaOpScrubber Service.
2023-03-29 21:16:58,201 [Time-limited test] INFO  ha.SCMServiceManager (SCMServiceManager.java:register(42)) - Registering service ExpiredContainerReplicaOpScrubber.
2023-03-29 21:16:58,202 [Time-limited test] INFO  algorithms.PipelineChoosePolicyFactory (PipelineChoosePolicyFactory.java:createPipelineChoosePolicyFromClass(73)) - Create pipeline choose policy of type org.apache.hadoop.hdds.scm.pipeline.choose.algorithms.RandomPipelineChoosePolicy
2023-03-29 21:16:58,203 [Time-limited test] INFO  ha.SCMServiceManager (SCMServiceManager.java:register(42)) - Registering service SCMBlockDeletingService.
2023-03-29 21:16:58,203 [Time-limited test] INFO  replication.ReplicationManager (ReplicationManager.java:start(277)) - Starting Replication Monitor Thread.
2023-03-29 21:16:58,204 [ReplicationMonitor] INFO  replication.ReplicationManager (ReplicationManager.java:processAll(352)) - Replication Manager is not ready to run until 3000ms after safemode exit
2023-03-29 21:16:58,204 [Time-limited test] INFO  ha.SCMServiceManager (SCMServiceManager.java:register(42)) - Registering service ReplicationManager.
2023-03-29 21:16:58,204 [Time-limited test] INFO  safemode.ContainerSafeModeRule (ContainerSafeModeRule.java:<init>(89)) - containers with one replica threshold count 0
2023-03-29 21:16:58,204 [Time-limited test] INFO  safemode.HealthyPipelineSafeModeRule (HealthyPipelineSafeModeRule.java:initializeRule(169)) - Total pipeline count is 0, healthy pipeline threshold count is 1
2023-03-29 21:16:58,205 [Time-limited test] INFO  safemode.OneReplicaPipelineSafeModeRule (OneReplicaPipelineSafeModeRule.java:initializeRule(180)) - Total pipeline count is 0, pipeline's with at least one datanode reported threshold count is 0
2023-03-29 21:16:58,205 [Time-limited test] INFO  server.StorageContainerManager (StorageContainerManager.java:<init>(398)) - SCM start with adminUsers: [runner]
2023-03-29 21:16:58,205 [Time-limited test] INFO  ipc.CallQueueManager (CallQueueManager.java:<init>(90)) - Using callQueue: class java.util.concurrent.LinkedBlockingQueue, queueCapacity: 2000, scheduler: class org.apache.hadoop.ipc.DefaultRpcScheduler, ipcBackoff: false.
2023-03-29 21:16:58,206 [Listener at 0.0.0.0/36517] INFO  ipc.CallQueueManager (CallQueueManager.java:<init>(90)) - Using callQueue: class java.util.concurrent.LinkedBlockingQueue, queueCapacity: 2000, scheduler: class org.apache.hadoop.ipc.DefaultRpcScheduler, ipcBackoff: false.
2023-03-29 21:16:58,207 [Socket Reader #1 for port 0] INFO  ipc.Server (Server.java:run(1273)) - Starting Socket Reader #1 for port 0
2023-03-29 21:16:58,207 [Socket Reader #1 for port 0] INFO  ipc.Server (Server.java:run(1273)) - Starting Socket Reader #1 for port 0
2023-03-29 21:16:58,207 [Listener at 0.0.0.0/35317] INFO  ipc.CallQueueManager (CallQueueManager.java:<init>(90)) - Using callQueue: class java.util.concurrent.LinkedBlockingQueue, queueCapacity: 2000, scheduler: class org.apache.hadoop.ipc.DefaultRpcScheduler, ipcBackoff: false.
2023-03-29 21:16:58,209 [Socket Reader #1 for port 0] INFO  ipc.Server (Server.java:run(1273)) - Starting Socket Reader #1 for port 0
2023-03-29 21:16:58,212 [Listener at 0.0.0.0/46845] INFO  ha.SCMServiceManager (SCMServiceManager.java:register(42)) - Registering service ContainerBalancer.
2023-03-29 21:16:58,213 [Listener at 0.0.0.0/46845] INFO  server.StorageContainerManager (StorageContainerManager.java:<init>(415)) - 
Container Balancer status:
Key                            Value
Running                        false
Container Balancer Configuration values:
Key                                                Value
Threshold                                          10
Max Datanodes to Involve per Iteration(percent)    20
Max Size to Move per Iteration                     500GB
Max Size Entering Target per Iteration             26GB
Max Size Leaving Source per Iteration              26GB

2023-03-29 21:16:58,213 [Listener at 0.0.0.0/46845] INFO  ha.SCMContext (SCMContext.java:updateSafeModeStatus(228)) - Update SafeModeStatus from SafeModeStatus{safeModeStatus=true, preCheckPassed=false} to SafeModeStatus{safeModeStatus=true, preCheckPassed=false}.
2023-03-29 21:16:58,213 [Listener at 0.0.0.0/46845] INFO  server.StorageContainerManager (StorageContainerManager.java:start(1449)) - StorageContainerLocationProtocol RPC server is listening at /0.0.0.0:46845
2023-03-29 21:16:58,214 [Listener at 0.0.0.0/46845] WARN  impl.MetricsConfig (MetricsConfig.java:loadFirst(136)) - Cannot locate configuration: tried hadoop-metrics2-storagecontainermanager.properties,hadoop-metrics2.properties
2023-03-29 21:16:58,221 [Listener at 0.0.0.0/46845] INFO  impl.MetricsSystemImpl (MetricsSystemImpl.java:startTimer(378)) - Scheduled Metric snapshot period at 10 second(s).
2023-03-29 21:16:58,221 [Listener at 0.0.0.0/46845] INFO  impl.MetricsSystemImpl (MetricsSystemImpl.java:start(191)) - StorageContainerManager metrics system started
2023-03-29 21:16:58,239 [Listener at 0.0.0.0/46845] INFO  impl.MetricsSinkAdapter (MetricsSinkAdapter.java:start(204)) - Sink prometheus started
2023-03-29 21:16:58,239 [Listener at 0.0.0.0/46845] INFO  impl.MetricsSystemImpl (MetricsSystemImpl.java:registerSink(305)) - Registered sink prometheus
2023-03-29 21:16:58,250 [Listener at 0.0.0.0/46845] INFO  server.SCMClientProtocolServer (SCMClientProtocolServer.java:start(197)) - RPC server for Client  is listening at /0.0.0.0:46845
2023-03-29 21:16:58,250 [IPC Server Responder] INFO  ipc.Server (Server.java:run(1512)) - IPC Server Responder: starting
2023-03-29 21:16:58,253 [IPC Server listener on 0] INFO  ipc.Server (Server.java:run(1352)) - IPC Server listener on 0: starting
2023-03-29 21:16:58,258 [Listener at 0.0.0.0/46845] INFO  server.StorageContainerManager (StorageContainerManager.java:start(1463)) - ScmBlockLocationProtocol RPC server is listening at /0.0.0.0:35317
2023-03-29 21:16:58,258 [Listener at 0.0.0.0/46845] INFO  server.SCMBlockProtocolServer (SCMBlockProtocolServer.java:start(152)) - RPC server for Block Protocol is listening at /0.0.0.0:35317
2023-03-29 21:16:58,258 [IPC Server Responder] INFO  ipc.Server (Server.java:run(1512)) - IPC Server Responder: starting
2023-03-29 21:16:58,259 [IPC Server listener on 0] INFO  ipc.Server (Server.java:run(1352)) - IPC Server listener on 0: starting
2023-03-29 21:16:58,262 [Listener at 0.0.0.0/46845] INFO  server.SCMDatanodeProtocolServer (SCMDatanodeProtocolServer.java:start(193)) - ScmDatanodeProtocol RPC server for DataNodes is listening at /0.0.0.0:36517
2023-03-29 21:16:58,265 [IPC Server Responder] INFO  ipc.Server (Server.java:run(1512)) - IPC Server Responder: starting
2023-03-29 21:16:58,265 [IPC Server listener on 0] INFO  ipc.Server (Server.java:run(1352)) - IPC Server listener on 0: starting
2023-03-29 21:16:58,268 [org.apache.hadoop.util.JvmPauseMonitor$Monitor@1cea18a6] INFO  util.JvmPauseMonitor (JvmPauseMonitor.java:run(188)) - Starting JVM pause monitor
2023-03-29 21:16:58,269 [Listener at 0.0.0.0/46845] INFO  http.BaseHttpServer (BaseHttpServer.java:newHttpServer2BuilderForOzone(224)) - Starting Web-server for scm at: http://0.0.0.0:0
2023-03-29 21:16:58,269 [Listener at 0.0.0.0/46845] INFO  http.BaseHttpServer (BaseHttpServer.java:<init>(111)) - Hadoop Security Enabled: false Ozone Security Enabled: false Ozone HTTP Security Enabled: false 
2023-03-29 21:16:58,271 [Listener at 0.0.0.0/46845] WARN  server.AuthenticationFilter (AuthenticationFilter.java:constructSecretProvider(240)) - Unable to initialize FileSignerSecretProvider, falling back to use random secrets. Reason: Could not read signature secret file: /home/runner/hadoop-http-auth-signature-secret
2023-03-29 21:16:58,274 [Listener at 0.0.0.0/46845] WARN  http.HttpRequestLog (HttpRequestLog.java:getRequestLog(103)) - Jetty request log can only be enabled using Log4j
2023-03-29 21:16:58,276 [Listener at 0.0.0.0/46845] INFO  http.HttpServer2 (HttpServer2.java:addGlobalFilter(1031)) - Added global filter 'safety' (class=org.apache.hadoop.hdds.server.http.HttpServer2$QuotingInputFilter)
2023-03-29 21:16:58,278 [Listener at 0.0.0.0/46845] INFO  http.HttpServer2 (HttpServer2.java:addFilter(1007)) - Added filter static_user_filter (class=org.apache.hadoop.http.lib.StaticUserWebFilter$StaticUserFilter) to context scm
2023-03-29 21:16:58,278 [Listener at 0.0.0.0/46845] INFO  http.HttpServer2 (HttpServer2.java:addFilter(1015)) - Added filter static_user_filter (class=org.apache.hadoop.http.lib.StaticUserWebFilter$StaticUserFilter) to context static
2023-03-29 21:16:58,278 [Listener at 0.0.0.0/46845] INFO  http.HttpServer2 (HttpServer2.java:addFilter(1015)) - Added filter static_user_filter (class=org.apache.hadoop.http.lib.StaticUserWebFilter$StaticUserFilter) to context logs
2023-03-29 21:16:58,279 [Listener at 0.0.0.0/46845] INFO  http.BaseHttpServer (BaseHttpServer.java:<init>(190)) - HTTP server of scm uses base directory /home/runner/work/ozone/ozone/hadoop-ozone/integration-test/target/test-dir/MiniOzoneClusterImpl-0d447e97-01e2-4ef6-85fe-af16170d97c2/ozone-meta/webserver
2023-03-29 21:16:58,280 [Listener at 0.0.0.0/46845] INFO  http.HttpServer2 (HttpServer2.java:bindListener(1250)) - Jetty bound to port 36925
2023-03-29 21:16:58,280 [Listener at 0.0.0.0/46845] INFO  server.Server (Server.java:doStart(375)) - jetty-9.4.49.v20220914; built: 2022-09-14T01:07:36.601Z; git: 4231a3b2e4cb8548a412a789936d640a97b1aa0a; jvm 1.8.0_362-b09
2023-03-29 21:16:58,281 [Listener at 0.0.0.0/46845] INFO  server.session (DefaultSessionIdManager.java:doStart(334)) - DefaultSessionIdManager workerName=node0
2023-03-29 21:16:58,282 [Listener at 0.0.0.0/46845] INFO  server.session (DefaultSessionIdManager.java:doStart(339)) - No SessionScavenger set, using defaults
2023-03-29 21:16:58,282 [Listener at 0.0.0.0/46845] INFO  server.session (HouseKeeper.java:startScavenging(132)) - node0 Scavenging every 660000ms
2023-03-29 21:16:58,283 [Listener at 0.0.0.0/46845] INFO  handler.ContextHandler (ContextHandler.java:doStart(921)) - Started o.e.j.s.ServletContextHandler@2d5e01f5{logs,/logs,file:///home/runner/work/ozone/ozone/hadoop-ozone/integration-test/target/log,AVAILABLE}
2023-03-29 21:16:58,283 [Listener at 0.0.0.0/46845] INFO  handler.ContextHandler (ContextHandler.java:doStart(921)) - Started o.e.j.s.ServletContextHandler@5eb4f12{static,/static,file:///home/runner/work/ozone/ozone/hadoop-ozone/integration-test/target/test-classes/webapps/static,AVAILABLE}
2023-03-29 21:16:58,286 [Listener at 0.0.0.0/46845] INFO  handler.ContextHandler (ContextHandler.java:doStart(921)) - Started o.e.j.w.WebAppContext@759aa7b4{scm,/,file:///home/runner/work/ozone/ozone/hadoop-ozone/integration-test/target/test-classes/webapps/scm/,AVAILABLE}{file:/home/runner/work/ozone/ozone/hadoop-ozone/integration-test/target/test-classes/webapps/scm}
2023-03-29 21:16:58,287 [Listener at 0.0.0.0/46845] INFO  server.AbstractConnector (AbstractConnector.java:doStart(333)) - Started ServerConnector@5194dc02{HTTP/1.1, (http/1.1)}{0.0.0.0:36925}
2023-03-29 21:16:58,287 [Listener at 0.0.0.0/46845] INFO  server.Server (Server.java:doStart(415)) - Started @72053ms
2023-03-29 21:16:58,287 [Listener at 0.0.0.0/46845] WARN  impl.MetricsSystemImpl (MetricsSystemImpl.java:register(279)) - Sink prometheus already exists!
2023-03-29 21:16:58,288 [Listener at 0.0.0.0/46845] INFO  http.BaseHttpServer (BaseHttpServer.java:updateConnectorAddress(344)) - HTTP server of scm listening at http://0.0.0.0:36925
2023-03-29 21:16:58,288 [Listener at 0.0.0.0/46845] WARN  server.ServerUtils (ServerUtils.java:getDBPath(225)) - ozone.om.db.dirs is not configured. We recommend adding this setting. Falling back to ozone.metadata.dirs instead.
2023-03-29 21:16:58,289 [Listener at 0.0.0.0/46845] INFO  ha.OMHANodeDetails (OMHANodeDetails.java:loadOMHAConfig(115)) - ozone.om.internal.service.id is not defined, falling back to ozone.om.service.ids to find serviceID for OzoneManager if it is HA enabled cluster
2023-03-29 21:16:58,289 [Listener at 0.0.0.0/46845] INFO  ha.OMHANodeDetails (OMHANodeDetails.java:loadOMHAConfig(226)) - Configuration does not have ozone.om.address set. Falling back to the default OM address /127.0.0.1:0
2023-03-29 21:16:58,290 [Listener at 0.0.0.0/46845] INFO  ha.OMHANodeDetails (OMHANodeDetails.java:getOMNodeDetailsForNonHA(254)) - OM Service ID is not set. Setting it to the default ID: omServiceIdDefault
2023-03-29 21:16:58,290 [Listener at 0.0.0.0/46845] INFO  ha.OMHANodeDetails (OMHANodeDetails.java:getOMNodeDetailsForNonHA(261)) - OM Node ID is not set. Setting it to the default ID: om1
2023-03-29 21:16:58,290 [Listener at 0.0.0.0/46845] WARN  server.ServerUtils (ServerUtils.java:getDBPath(225)) - ozone.om.db.dirs is not configured. We recommend adding this setting. Falling back to ozone.metadata.dirs instead.
2023-03-29 21:16:58,291 [Listener at 0.0.0.0/46845] INFO  upgrade.AbstractLayoutVersionManager (AbstractLayoutVersionManager.java:init(83)) - Initializing Layout version manager with metadata layout = MULTITENANCY_SCHEMA (version = 3), software layout = MULTITENANCY_SCHEMA (version = 3)
2023-03-29 21:16:58,353 [Listener at 0.0.0.0/46845] INFO  reflections.Reflections (Reflections.java:scan(232)) - Reflections took 61 ms to scan 2 urls, producing 170 keys and 470 values [using 2 cores]
2023-03-29 21:16:58,354 [Listener at 0.0.0.0/46845] INFO  upgrade.OMLayoutVersionManager (OMLayoutVersionManager.java:lambda$0(115)) - Skipping Upgrade Action MockOmUpgradeAction since it has been finalized.
2023-03-29 21:16:58,354 [Listener at 0.0.0.0/46845] WARN  server.ServerUtils (ServerUtils.java:getDBPath(225)) - ozone.om.db.dirs is not configured. We recommend adding this setting. Falling back to ozone.metadata.dirs instead.
2023-03-29 21:16:58,355 [Listener at 0.0.0.0/46845] INFO  proxy.SCMBlockLocationFailoverProxyProvider (SCMBlockLocationFailoverProxyProvider.java:<init>(114)) - Created block location fail-over proxy with 1 nodes: [nodeId=scmNodeId,nodeAddress=/0.0.0.0:35317]
2023-03-29 21:16:58,357 [Listener at 0.0.0.0/46845] INFO  proxy.SCMBlockLocationFailoverProxyProvider (SCMBlockLocationFailoverProxyProvider.java:<init>(114)) - Created block location fail-over proxy with 1 nodes: [nodeId=scmNodeId,nodeAddress=/0.0.0.0:35317]
2023-03-29 21:16:58,363 [Listener at 0.0.0.0/46845] INFO  om.OzoneManager (OzoneManager.java:<init>(619)) - OM start with adminUsers: [runner]
2023-03-29 21:16:58,366 [Listener at 0.0.0.0/46845] WARN  server.ServerUtils (ServerUtils.java:getDBPath(225)) - ozone.om.db.dirs is not configured. We recommend adding this setting. Falling back to ozone.metadata.dirs instead.
2023-03-29 21:16:58,367 [Listener at 0.0.0.0/46845] INFO  codec.OmKeyInfoCodec (OmKeyInfoCodec.java:<init>(49)) - OmKeyInfoCodec ignorePipeline = true
2023-03-29 21:16:58,367 [Listener at 0.0.0.0/46845] INFO  codec.RepeatedOmKeyInfoCodec (RepeatedOmKeyInfoCodec.java:<init>(41)) - RepeatedOmKeyInfoCodec ignorePipeline = true
2023-03-29 21:16:58,524 [Listener at 0.0.0.0/46845] INFO  om.OzoneManager (OzoneManager.java:instantiateServices(749)) - S3 Multi-Tenancy is disabled
2023-03-29 21:16:58,525 [Listener at 0.0.0.0/46845] WARN  server.ServerUtils (ServerUtils.java:getDBPath(225)) - ozone.om.snapshot.diff.db.dir is not configured. We recommend adding this setting. Falling back to ozone.metadata.dirs instead.
2023-03-29 21:16:58,539 [Listener at 0.0.0.0/46845] INFO  om.OzoneManager (OzoneManager.java:addS3GVolumeToDB(4223)) - Created Volume s3v With Owner runner required for S3Gateway operations.
2023-03-29 21:16:58,539 [Listener at 0.0.0.0/46845] WARN  server.ServerUtils (ServerUtils.java:getDefaultRatisDirectory(237)) - Storage directory for Ratis is not configured. It is a good idea to map this to an SSD disk. Falling back to ozone.metadata.dirs
2023-03-29 21:16:58,539 [Listener at 0.0.0.0/46845] WARN  utils.OzoneManagerRatisUtils (OzoneManagerRatisUtils.java:getOMRatisSnapshotDirectory(446)) - ozone.om.ratis.snapshot.dir is not configured. Falling back to ozone.metadata.dirs config
2023-03-29 21:16:58,540 [Listener at 0.0.0.0/46845] WARN  server.ServerUtils (ServerUtils.java:getDefaultRatisDirectory(237)) - Storage directory for Ratis is not configured. It is a good idea to map this to an SSD disk. Falling back to ozone.metadata.dirs
2023-03-29 21:16:58,542 [Listener at 0.0.0.0/46845] INFO  ratis.OzoneManagerRatisServer (OzoneManagerRatisServer.java:<init>(163)) - Instantiating OM Ratis server with groupID: omServiceIdDefault and peers: localhost:9872
2023-03-29 21:16:58,542 [Listener at 0.0.0.0/46845] INFO  ratis.OzoneManagerStateMachine (OzoneManagerStateMachine.java:loadSnapshotInfoFromDB(636)) - LastAppliedIndex is set from TransactionInfo from OM DB as (t:0, i:~)
2023-03-29 21:16:58,542 [Listener at 0.0.0.0/46845] INFO  server.RaftServer (ConfUtils.java:logGet(46)) - raft.rpc.type = GRPC (default)
2023-03-29 21:16:58,543 [Listener at 0.0.0.0/46845] INFO  grpc.GrpcConfigKeys (ConfUtils.java:logFallback(53)) - raft.grpc.admin.host = null (fallback to raft.grpc.server.host)
2023-03-29 21:16:58,543 [Listener at 0.0.0.0/46845] INFO  grpc.GrpcConfigKeys (ConfUtils.java:logFallback(53)) - raft.grpc.admin.port = 9872 (fallback to raft.grpc.server.port)
2023-03-29 21:16:58,543 [Listener at 0.0.0.0/46845] INFO  grpc.GrpcConfigKeys (ConfUtils.java:logFallback(53)) - raft.grpc.client.host = null (fallback to raft.grpc.server.host)
2023-03-29 21:16:58,543 [Listener at 0.0.0.0/46845] INFO  grpc.GrpcConfigKeys (ConfUtils.java:logFallback(53)) - raft.grpc.client.port = 9872 (fallback to raft.grpc.server.port)
2023-03-29 21:16:58,543 [Listener at 0.0.0.0/46845] INFO  grpc.GrpcConfigKeys (ConfUtils.java:logGet(46)) - raft.grpc.server.host = null (default)
2023-03-29 21:16:58,543 [Listener at 0.0.0.0/46845] INFO  grpc.GrpcConfigKeys (ConfUtils.java:logGet(46)) - raft.grpc.server.port = 9872 (custom)
2023-03-29 21:16:58,543 [Listener at 0.0.0.0/46845] INFO  server.GrpcService (ConfUtils.java:logGet(46)) - raft.grpc.message.size.max = 33554432 (custom)
2023-03-29 21:16:58,543 [Listener at 0.0.0.0/46845] INFO  server.RaftServerConfigKeys (ConfUtils.java:logGet(46)) - raft.server.log.appender.buffer.byte-limit = 33554432 (custom)
2023-03-29 21:16:58,543 [Listener at 0.0.0.0/46845] INFO  server.GrpcService (ConfUtils.java:logGet(46)) - raft.grpc.flow.control.window = 1MB (=1048576) (default)
2023-03-29 21:16:58,543 [Listener at 0.0.0.0/46845] INFO  server.RaftServerConfigKeys (ConfUtils.java:logGet(46)) - raft.server.rpc.request.timeout = 3000ms (default)
2023-03-29 21:16:58,543 [Listener at 0.0.0.0/46845] INFO  grpc.GrpcConfigKeys (ConfUtils.java:logGet(46)) - raft.grpc.server.heartbeat.channel = true (default)
2023-03-29 21:16:58,543 [Listener at 0.0.0.0/46845] INFO  grpc.GrpcConfigKeys (ConfUtils.java:logGet(46)) - raft.grpc.server.async.request.thread.pool.cached = true (default)
2023-03-29 21:16:58,543 [Listener at 0.0.0.0/46845] INFO  grpc.GrpcConfigKeys (ConfUtils.java:logGet(46)) - raft.grpc.server.async.request.thread.pool.size = 32 (default)
2023-03-29 21:16:58,545 [Listener at 0.0.0.0/46845] INFO  impl.DataStreamServerImpl (ConfUtils.java:logGet(46)) - raft.datastream.type = DISABLED (default)
2023-03-29 21:16:58,545 [Listener at 0.0.0.0/46845] INFO  server.RaftServerConfigKeys (ConfUtils.java:logGet(46)) - raft.server.threadpool.proxy.cached = true (default)
2023-03-29 21:16:58,545 [Listener at 0.0.0.0/46845] INFO  server.RaftServerConfigKeys (ConfUtils.java:logGet(46)) - raft.server.threadpool.proxy.size = 0 (default)
2023-03-29 21:16:58,545 [Listener at 0.0.0.0/46845] INFO  server.RaftServerConfigKeys (ConfUtils.java:logGet(46)) - raft.server.rpc.slowness.timeout = 120s (custom)
2023-03-29 21:16:58,545 [Listener at 0.0.0.0/46845] INFO  server.RaftServerConfigKeys (ConfUtils.java:logGet(46)) - raft.server.leaderelection.leader.step-down.wait-time = 10s (default)
2023-03-29 21:16:58,546 [Listener at 0.0.0.0/46845] INFO  server.RaftServerConfigKeys (ConfUtils.java:logGet(46)) - raft.server.storage.dir = [/home/runner/work/ozone/ozone/hadoop-ozone/integration-test/target/test-dir/MiniOzoneClusterImpl-0d447e97-01e2-4ef6-85fe-af16170d97c2/ozone-meta/ratis] (custom)
2023-03-29 21:16:58,546 [Listener at 0.0.0.0/46845] INFO  server.RaftServer (RaftServerProxy.java:addNew(96)) - om1: addNew group-C5BA1605619E:[om1|rpc:localhost:9872|priority:0|startupRole:FOLLOWER] returns group-C5BA1605619E:java.util.concurrent.CompletableFuture@677c85b8[Not completed]
2023-03-29 21:16:58,546 [Listener at 0.0.0.0/46845] INFO  om.OzoneManager (OzoneManager.java:initializeRatisServer(2096)) - OzoneManager Ratis server initialized at port 9872
2023-03-29 21:16:58,546 [pool-312-thread-1] INFO  server.RaftServer$Division (RaftServerImpl.java:<init>(195)) - om1: new RaftServerImpl for group-C5BA1605619E:[om1|rpc:localhost:9872|priority:0|startupRole:FOLLOWER] with OzoneManagerStateMachine:uninitialized
2023-03-29 21:16:58,546 [Listener at 0.0.0.0/46845] INFO  om.OzoneManager (OzoneManager.java:getRpcServer(1132)) - Creating RPC Server
2023-03-29 21:16:58,546 [pool-312-thread-1] INFO  server.RaftServerConfigKeys (ConfUtils.java:logGet(46)) - raft.server.rpc.timeout.min = 1s (custom)
2023-03-29 21:16:58,546 [pool-312-thread-1] INFO  server.RaftServerConfigKeys (ConfUtils.java:logGet(46)) - raft.server.rpc.timeout.max = 1200ms (custom)
2023-03-29 21:16:58,547 [pool-312-thread-1] INFO  server.RaftServerConfigKeys (ConfUtils.java:logGet(46)) - raft.server.rpc.sleep.time = 25ms (default)
2023-03-29 21:16:58,547 [pool-312-thread-1] INFO  server.RaftServerConfigKeys (ConfUtils.java:logGet(46)) - raft.server.rpc.slowness.timeout = 120s (custom)
2023-03-29 21:16:58,547 [pool-312-thread-1] INFO  server.RaftServerConfigKeys (ConfUtils.java:logGet(46)) - raft.server.leaderelection.leader.step-down.wait-time = 10s (default)
2023-03-29 21:16:58,547 [pool-312-thread-1] INFO  server.RaftServerConfigKeys (ConfUtils.java:logGet(46)) - raft.server.sleep.deviation.threshold = 300ms (default)
2023-03-29 21:16:58,547 [pool-312-thread-1] INFO  server.RaftServer$Division (ServerState.java:<init>(118)) - om1@group-C5BA1605619E: ConfigurationManager, init=-1: peers:[om1|rpc:localhost:9872|priority:0|startupRole:FOLLOWER]|listeners:[], old=null, confs=<EMPTY_MAP>
2023-03-29 21:16:58,547 [pool-312-thread-1] INFO  server.RaftServerConfigKeys (ConfUtils.java:logGet(46)) - raft.server.storage.dir = [/home/runner/work/ozone/ozone/hadoop-ozone/integration-test/target/test-dir/MiniOzoneClusterImpl-0d447e97-01e2-4ef6-85fe-af16170d97c2/ozone-meta/ratis] (custom)
2023-03-29 21:16:58,547 [pool-312-thread-1] INFO  server.RaftServerConfigKeys (ConfUtils.java:logGet(46)) - raft.server.log.corruption.policy = EXCEPTION (default)
2023-03-29 21:16:58,547 [pool-312-thread-1] INFO  server.RaftServerConfigKeys (ConfUtils.java:logGet(46)) - raft.server.storage.free-space.min = 0MB (=0) (default)
2023-03-29 21:16:58,547 [pool-312-thread-1] INFO  server.RaftServerConfigKeys (ConfUtils.java:logGet(46)) - raft.server.notification.no-leader.timeout = 120s (custom)
2023-03-29 21:16:58,547 [pool-312-thread-1] INFO  server.RaftServerConfigKeys (ConfUtils.java:logGet(46)) - raft.server.retrycache.expirytime = 300s (custom)
2023-03-29 21:16:58,547 [pool-312-thread-1] INFO  server.RaftServerConfigKeys (ConfUtils.java:logGet(46)) - raft.server.retrycache.statistics.expirytime = 100μs (default)
2023-03-29 21:16:58,548 [pool-312-thread-1] INFO  server.RaftServerConfigKeys (ConfUtils.java:logGet(46)) - raft.server.log.appender.install.snapshot.enabled = false (custom)
2023-03-29 21:16:58,548 [pool-312-thread-1] INFO  server.RaftServerConfigKeys (ConfUtils.java:logGet(46)) - raft.server.threadpool.server.cached = true (default)
2023-03-29 21:16:58,548 [pool-312-thread-1] INFO  server.RaftServerConfigKeys (ConfUtils.java:logGet(46)) - raft.server.threadpool.server.size = 0 (default)
2023-03-29 21:16:58,549 [pool-312-thread-1] INFO  server.RaftServerConfigKeys (ConfUtils.java:logGet(46)) - raft.server.threadpool.client.cached = true (default)
2023-03-29 21:16:58,549 [pool-312-thread-1] INFO  server.RaftServerConfigKeys (ConfUtils.java:logGet(46)) - raft.server.threadpool.client.size = 0 (default)
2023-03-29 21:16:58,885 [Listener at 0.0.0.0/46845] INFO  reflections.Reflections (Reflections.java:scan(232)) - Reflections took 338 ms to scan 19 urls, producing 68 keys and 4992 values [using 2 cores]
2023-03-29 21:16:58,886 [Listener at 0.0.0.0/46845] INFO  ipc.CallQueueManager (CallQueueManager.java:<init>(90)) - Using callQueue: class java.util.concurrent.LinkedBlockingQueue, queueCapacity: 2000, scheduler: class org.apache.hadoop.ipc.DefaultRpcScheduler, ipcBackoff: false.
2023-03-29 21:16:58,889 [Socket Reader #1 for port 0] INFO  ipc.Server (Server.java:run(1273)) - Starting Socket Reader #1 for port 0
2023-03-29 21:16:58,909 [Listener at 127.0.0.1/45803] INFO  impl.MetricsSystemImpl (MetricsSystemImpl.java:init(158)) - OzoneManager metrics system started (again)
2023-03-29 21:16:58,920 [Listener at 127.0.0.1/45803] INFO  om.OzoneManager (OzoneManager.java:start(1553)) - OzoneManager RPC server is listening at localhost/127.0.0.1:45803
2023-03-29 21:16:58,920 [Listener at 127.0.0.1/45803] INFO  ratis.OzoneManagerRatisServer (OzoneManagerRatisServer.java:start(558)) - Starting OzoneManagerRatisServer om1 at port 9872
2023-03-29 21:16:58,921 [om1-impl-thread1] INFO  storage.RaftStorageDirectory (RaftStorageDirectoryImpl.java:analyzeStorage(137)) - The storage directory /home/runner/work/ozone/ozone/hadoop-ozone/integration-test/target/test-dir/MiniOzoneClusterImpl-0d447e97-01e2-4ef6-85fe-af16170d97c2/ozone-meta/ratis/bf265839-605b-3f16-9796-c5ba1605619e does not exist. Creating ...
2023-03-29 21:16:58,922 [om1-impl-thread1] INFO  storage.RaftStorageDirectory (RaftStorageDirectoryImpl.java:tryLock(231)) - Lock on /home/runner/work/ozone/ozone/hadoop-ozone/integration-test/target/test-dir/MiniOzoneClusterImpl-0d447e97-01e2-4ef6-85fe-af16170d97c2/ozone-meta/ratis/bf265839-605b-3f16-9796-c5ba1605619e/in_use.lock acquired by nodename 46426@fv-az308-773
2023-03-29 21:16:58,923 [om1-impl-thread1] INFO  storage.RaftStorage (RaftStorageImpl.java:format(96)) - Storage directory /home/runner/work/ozone/ozone/hadoop-ozone/integration-test/target/test-dir/MiniOzoneClusterImpl-0d447e97-01e2-4ef6-85fe-af16170d97c2/ozone-meta/ratis/bf265839-605b-3f16-9796-c5ba1605619e has been successfully formatted.
2023-03-29 21:16:58,923 [om1-impl-thread1] INFO  server.RaftServerConfigKeys (ConfUtils.java:logGet(46)) - raft.server.log.use.memory = false (default)
2023-03-29 21:16:58,923 [om1-impl-thread1] INFO  server.RaftServerConfigKeys (ConfUtils.java:logGet(46)) - raft.server.log.purge.gap = 1000000 (custom)
2023-03-29 21:16:58,923 [om1-impl-thread1] INFO  server.RaftServerConfigKeys (ConfUtils.java:logGet(46)) - raft.server.log.appender.buffer.byte-limit = 33554432 (custom)
2023-03-29 21:16:58,923 [om1-impl-thread1] INFO  server.RaftServerConfigKeys (ConfUtils.java:logGet(46)) - raft.server.log.statemachine.data.read.timeout = 1000ms (default)
2023-03-29 21:16:58,923 [om1-impl-thread1] INFO  server.RaftServerConfigKeys (ConfUtils.java:logGet(46)) - raft.server.log.purge.preservation.log.num = 0 (default)
2023-03-29 21:16:58,923 [om1-impl-thread1] INFO  server.RaftServerConfigKeys (ConfUtils.java:logGet(46)) - raft.server.log.segment.size.max = 4194304 (custom)
2023-03-29 21:16:58,924 [om1-impl-thread1] INFO  server.RaftServerConfigKeys (ConfUtils.java:logGet(46)) - raft.server.log.segment.cache.num.max = 2 (custom)
2023-03-29 21:16:58,924 [om1-impl-thread1] INFO  server.RaftServerConfigKeys (ConfUtils.java:logGet(46)) - raft.server.log.segment.cache.size.max = 200MB (=209715200) (default)
2023-03-29 21:16:58,924 [om1-impl-thread1] INFO  segmented.SegmentedRaftLogWorker (SegmentedRaftLogWorker.java:<init>(189)) - new om1@group-C5BA1605619E-SegmentedRaftLogWorker for RaftStorageImpl:Storage Directory /home/runner/work/ozone/ozone/hadoop-ozone/integration-test/target/test-dir/MiniOzoneClusterImpl-0d447e97-01e2-4ef6-85fe-af16170d97c2/ozone-meta/ratis/bf265839-605b-3f16-9796-c5ba1605619e
2023-03-29 21:16:58,924 [om1-impl-thread1] INFO  server.RaftServerConfigKeys (ConfUtils.java:logGet(46)) - raft.server.log.queue.byte-limit = 64MB (=67108864) (default)
2023-03-29 21:16:58,924 [om1-impl-thread1] INFO  server.RaftServerConfigKeys (ConfUtils.java:logGet(46)) - raft.server.log.queue.element-limit = 4096 (default)
2023-03-29 21:16:58,924 [om1-impl-thread1] INFO  server.RaftServerConfigKeys (ConfUtils.java:logGet(46)) - raft.server.log.segment.size.max = 4194304 (custom)
2023-03-29 21:16:58,924 [om1-impl-thread1] INFO  server.RaftServerConfigKeys (ConfUtils.java:logGet(46)) - raft.server.log.preallocated.size = 4194304 (custom)
2023-03-29 21:16:58,924 [om1-impl-thread1] INFO  server.RaftServerConfigKeys (ConfUtils.java:logGet(46)) - raft.server.log.force.sync.num = 128 (default)
2023-03-29 21:16:58,924 [om1-impl-thread1] INFO  server.RaftServerConfigKeys (ConfUtils.java:logGet(46)) - raft.server.log.statemachine.data.sync = true (default)
2023-03-29 21:16:58,924 [om1-impl-thread1] INFO  server.RaftServerConfigKeys (ConfUtils.java:logGet(46)) - raft.server.log.statemachine.data.sync.timeout = 10s (default)
2023-03-29 21:16:58,924 [om1-impl-thread1] INFO  server.RaftServerConfigKeys (ConfUtils.java:logGet(46)) - raft.server.log.statemachine.data.sync.timeout.retry = -1 (default)
2023-03-29 21:16:58,924 [om1-impl-thread1] INFO  server.RaftServerConfigKeys (ConfUtils.java:logGet(46)) - raft.server.log.write.buffer.size = 64KB (=65536) (default)
2023-03-29 21:16:58,924 [om1-impl-thread1] INFO  server.RaftServerConfigKeys (ConfUtils.java:logGet(46)) - raft.server.log.appender.buffer.byte-limit = 33554432 (custom)
2023-03-29 21:16:58,929 [om1-impl-thread1] INFO  server.RaftServerConfigKeys (ConfUtils.java:logGet(46)) - raft.server.log.unsafe-flush.enabled = false (default)
2023-03-29 21:16:58,929 [om1-impl-thread1] INFO  server.RaftServerConfigKeys (ConfUtils.java:logGet(46)) - raft.server.log.async-flush.enabled = false (default)
2023-03-29 21:16:58,929 [om1-impl-thread1] INFO  server.RaftServerConfigKeys (ConfUtils.java:logGet(46)) - raft.server.log.statemachine.data.caching.enabled = false (default)
2023-03-29 21:16:58,930 [om1-impl-thread1] INFO  segmented.SegmentedRaftLogWorker (SegmentedRaftLogWorker.java:lambda$new$0(135)) - om1@group-C5BA1605619E-SegmentedRaftLogWorker: flushIndex: setUnconditionally 0 -> -1
2023-03-29 21:16:58,930 [om1-impl-thread1] INFO  segmented.SegmentedRaftLogWorker (SegmentedRaftLogWorker.java:lambda$new$0(135)) - om1@group-C5BA1605619E-SegmentedRaftLogWorker: safeCacheEvictIndex: setUnconditionally 0 -> -1
2023-03-29 21:16:58,930 [om1-impl-thread1] INFO  server.RaftServer$Division (RaftServerImpl.java:start(334)) - om1@group-C5BA1605619E: start as a follower, conf=-1: peers:[om1|rpc:localhost:9872|priority:0|startupRole:FOLLOWER]|listeners:[], old=null
2023-03-29 21:16:58,930 [om1-impl-thread1] INFO  server.RaftServer$Division (RaftServerImpl.java:setRole(321)) - om1@group-C5BA1605619E: changes role from      null to FOLLOWER at term 0 for startAsFollower
2023-03-29 21:16:58,932 [om1-impl-thread1] INFO  impl.RoleInfo (RoleInfo.java:updateAndGet(139)) - om1: start om1@group-C5BA1605619E-FollowerState
2023-03-29 21:16:58,932 [om1-impl-thread1] INFO  util.JmxRegister (JmxRegister.java:tryRegister(44)) - Successfully registered JMX Bean with object name Ratis:service=RaftServer,group=group-C5BA1605619E,id=om1
2023-03-29 21:16:58,932 [om1-impl-thread1] INFO  server.RaftServerConfigKeys (ConfUtils.java:logGet(46)) - raft.server.snapshot.auto.trigger.enabled = true (custom)
2023-03-29 21:16:58,932 [om1-impl-thread1] INFO  server.RaftServerConfigKeys (ConfUtils.java:logGet(46)) - raft.server.snapshot.auto.trigger.threshold = 400000 (default)
2023-03-29 21:16:58,932 [om1-impl-thread1] INFO  server.RaftServerConfigKeys (ConfUtils.java:logGet(46)) - raft.server.snapshot.retention.file.num = -1 (default)
2023-03-29 21:16:58,932 [om1-impl-thread1] INFO  server.RaftServerConfigKeys (ConfUtils.java:logGet(46)) - raft.server.log.purge.upto.snapshot.index = true (custom)
2023-03-29 21:16:58,933 [om1@group-C5BA1605619E-FollowerState] INFO  server.RaftServerConfigKeys (ConfUtils.java:logFallback(53)) - raft.server.rpc.first-election.timeout.min = 1s (fallback to raft.server.rpc.timeout.min)
2023-03-29 21:16:58,933 [om1@group-C5BA1605619E-FollowerState] INFO  server.RaftServerConfigKeys (ConfUtils.java:logFallback(53)) - raft.server.rpc.first-election.timeout.max = 1200ms (fallback to raft.server.rpc.timeout.max)
2023-03-29 21:16:58,933 [Listener at 127.0.0.1/45803] INFO  server.RaftServer (RaftServerProxy.java:startImpl(393)) - om1: start RPC server
2023-03-29 21:16:58,941 [Listener at 127.0.0.1/45803] INFO  server.GrpcService (GrpcService.java:startImpl(262)) - om1: GrpcService started, listening on 9872
2023-03-29 21:16:58,942 [Listener at 127.0.0.1/45803] INFO  om.OzoneManager (OzoneManager.java:start(1569)) - Version File has different layout version (3) than OM DB (null). That is expected if this OM has never been finalized to a newer layout version.
2023-03-29 21:16:58,942 [JvmPauseMonitor6] INFO  util.JvmPauseMonitor (JvmPauseMonitor.java:run(105)) - JvmPauseMonitor-om1: Started
2023-03-29 21:16:58,944 [Listener at 127.0.0.1/45803] INFO  http.BaseHttpServer (BaseHttpServer.java:newHttpServer2BuilderForOzone(224)) - Starting Web-server for ozoneManager at: http://0.0.0.0:0
2023-03-29 21:16:58,945 [Listener at 127.0.0.1/45803] INFO  http.BaseHttpServer (BaseHttpServer.java:<init>(111)) - Hadoop Security Enabled: false Ozone Security Enabled: false Ozone HTTP Security Enabled: false 
2023-03-29 21:16:58,946 [Listener at 127.0.0.1/45803] WARN  server.AuthenticationFilter (AuthenticationFilter.java:constructSecretProvider(240)) - Unable to initialize FileSignerSecretProvider, falling back to use random secrets. Reason: Could not read signature secret file: /home/runner/hadoop-http-auth-signature-secret
2023-03-29 21:16:58,946 [Listener at 127.0.0.1/45803] WARN  http.HttpRequestLog (HttpRequestLog.java:getRequestLog(103)) - Jetty request log can only be enabled using Log4j
2023-03-29 21:16:58,948 [Listener at 127.0.0.1/45803] INFO  http.HttpServer2 (HttpServer2.java:addGlobalFilter(1031)) - Added global filter 'safety' (class=org.apache.hadoop.hdds.server.http.HttpServer2$QuotingInputFilter)
2023-03-29 21:16:58,948 [Listener at 127.0.0.1/45803] INFO  http.HttpServer2 (HttpServer2.java:addFilter(1007)) - Added filter static_user_filter (class=org.apache.hadoop.http.lib.StaticUserWebFilter$StaticUserFilter) to context ozoneManager
2023-03-29 21:16:58,949 [Listener at 127.0.0.1/45803] INFO  http.HttpServer2 (HttpServer2.java:addFilter(1015)) - Added filter static_user_filter (class=org.apache.hadoop.http.lib.StaticUserWebFilter$StaticUserFilter) to context logs
2023-03-29 21:16:58,949 [Listener at 127.0.0.1/45803] INFO  http.HttpServer2 (HttpServer2.java:addFilter(1015)) - Added filter static_user_filter (class=org.apache.hadoop.http.lib.StaticUserWebFilter$StaticUserFilter) to context static
2023-03-29 21:16:58,949 [Listener at 127.0.0.1/45803] INFO  http.BaseHttpServer (BaseHttpServer.java:<init>(190)) - HTTP server of ozoneManager uses base directory /home/runner/work/ozone/ozone/hadoop-ozone/integration-test/target/test-dir/MiniOzoneClusterImpl-0d447e97-01e2-4ef6-85fe-af16170d97c2/ozone-meta/webserver
2023-03-29 21:16:58,949 [Listener at 127.0.0.1/45803] INFO  http.HttpServer2 (HttpServer2.java:bindListener(1250)) - Jetty bound to port 37351
2023-03-29 21:16:58,949 [Listener at 127.0.0.1/45803] INFO  server.Server (Server.java:doStart(375)) - jetty-9.4.49.v20220914; built: 2022-09-14T01:07:36.601Z; git: 4231a3b2e4cb8548a412a789936d640a97b1aa0a; jvm 1.8.0_362-b09
2023-03-29 21:16:58,952 [Listener at 127.0.0.1/45803] INFO  server.session (DefaultSessionIdManager.java:doStart(334)) - DefaultSessionIdManager workerName=node0
2023-03-29 21:16:58,952 [Listener at 127.0.0.1/45803] INFO  server.session (DefaultSessionIdManager.java:doStart(339)) - No SessionScavenger set, using defaults
2023-03-29 21:16:58,953 [Listener at 127.0.0.1/45803] INFO  server.session (HouseKeeper.java:startScavenging(132)) - node0 Scavenging every 600000ms
2023-03-29 21:16:58,953 [Listener at 127.0.0.1/45803] INFO  handler.ContextHandler (ContextHandler.java:doStart(921)) - Started o.e.j.s.ServletContextHandler@56f7d3e8{logs,/logs,file:///home/runner/work/ozone/ozone/hadoop-ozone/integration-test/target/log,AVAILABLE}
2023-03-29 21:16:58,954 [Listener at 127.0.0.1/45803] INFO  handler.ContextHandler (ContextHandler.java:doStart(921)) - Started o.e.j.s.ServletContextHandler@485fa420{static,/static,file:///home/runner/work/ozone/ozone/hadoop-ozone/integration-test/target/test-classes/webapps/static,AVAILABLE}
2023-03-29 21:16:58,956 [Listener at 127.0.0.1/45803] INFO  handler.ContextHandler (ContextHandler.java:doStart(921)) - Started o.e.j.w.WebAppContext@6182fa1b{ozoneManager,/,file:///home/runner/work/ozone/ozone/hadoop-ozone/integration-test/target/test-classes/webapps/ozoneManager/,AVAILABLE}{file:/home/runner/work/ozone/ozone/hadoop-ozone/integration-test/target/test-classes/webapps/ozoneManager}
2023-03-29 21:16:58,961 [Listener at 127.0.0.1/45803] INFO  server.AbstractConnector (AbstractConnector.java:doStart(333)) - Started ServerConnector@3220b1ec{HTTP/1.1, (http/1.1)}{0.0.0.0:37351}
2023-03-29 21:16:58,961 [Listener at 127.0.0.1/45803] INFO  server.Server (Server.java:doStart(415)) - Started @72727ms
2023-03-29 21:16:58,961 [Listener at 127.0.0.1/45803] WARN  impl.MetricsSystemImpl (MetricsSystemImpl.java:register(279)) - Sink prometheus already exists!
2023-03-29 21:16:58,962 [Listener at 127.0.0.1/45803] INFO  http.BaseHttpServer (BaseHttpServer.java:updateConnectorAddress(344)) - HTTP server of ozoneManager listening at http://0.0.0.0:37351
2023-03-29 21:16:58,962 [IPC Server Responder] INFO  ipc.Server (Server.java:run(1512)) - IPC Server Responder: starting
2023-03-29 21:16:58,962 [IPC Server listener on 0] INFO  ipc.Server (Server.java:run(1352)) - IPC Server listener on 0: starting
2023-03-29 21:16:58,964 [Listener at 127.0.0.1/45803] INFO  om.OzoneManager (OzoneManager.java:startTrashEmptier(2040)) - Trash Interval set to 0. Files deleted won't move to trash
2023-03-29 21:16:58,973 [Listener at 127.0.0.1/45803] WARN  impl.MetricRegistriesImpl (MetricRegistriesImpl.java:addReporterRegistration(111)) - New reporters are added after registries were created. Some metrics will be missing from the reporter. Please add reporter before adding any new registry.
2023-03-29 21:16:58,973 [Listener at 127.0.0.1/45803] WARN  impl.MetricRegistriesImpl (MetricRegistriesImpl.java:addReporterRegistration(111)) - New reporters are added after registries were created. Some metrics will be missing from the reporter. Please add reporter before adding any new registry.
2023-03-29 21:16:58,973 [Listener at 127.0.0.1/45803] INFO  impl.MetricsSystemImpl (MetricsSystemImpl.java:init(158)) - HddsDatanode metrics system started (again)
2023-03-29 21:16:58,974 [org.apache.hadoop.util.JvmPauseMonitor$Monitor@4f04e09] INFO  util.JvmPauseMonitor (JvmPauseMonitor.java:run(188)) - Starting JVM pause monitor
2023-03-29 21:16:58,983 [Listener at 127.0.0.1/45803] INFO  ozone.HddsDatanodeService (HddsDatanodeService.java:start(249)) - HddsDatanodeService host:fv-az308-773 ip:10.1.0.17
2023-03-29 21:16:59,010 [Listener at 127.0.0.1/45803] INFO  upgrade.AbstractLayoutVersionManager (AbstractLayoutVersionManager.java:init(83)) - Initializing Layout version manager with metadata layout = DATANODE_SCHEMA_V3 (version = 4), software layout = DATANODE_SCHEMA_V3 (version = 4)
2023-03-29 21:16:59,058 [Listener at 127.0.0.1/45803] INFO  reflections.Reflections (Reflections.java:scan(232)) - Reflections took 47 ms to scan 7 urls, producing 155 keys and 368 values 
2023-03-29 21:16:59,061 [Listener at 127.0.0.1/45803] INFO  statemachine.DatanodeStateMachine (DatanodeStateMachine.java:getEndPointTaskThreadPoolSize(260)) - Datanode State Machine Task Thread Pool size 2
2023-03-29 21:16:59,063 [Listener at 127.0.0.1/45803] INFO  volume.HddsVolume (HddsVolume.java:<init>(130)) - Creating HddsVolume: /home/runner/work/ozone/ozone/hadoop-ozone/integration-test/target/test-dir/MiniOzoneClusterImpl-0d447e97-01e2-4ef6-85fe-af16170d97c2/datanode-0/data-0/containers/hdds of storage type : DISK capacity : 9223372036854775807
2023-03-29 21:16:59,063 [Listener at 127.0.0.1/45803] INFO  volume.MutableVolumeSet (MutableVolumeSet.java:initializeVolumeSet(175)) - Added Volume : /home/runner/work/ozone/ozone/hadoop-ozone/integration-test/target/test-dir/MiniOzoneClusterImpl-0d447e97-01e2-4ef6-85fe-af16170d97c2/datanode-0/data-0/containers/hdds to VolumeSet
2023-03-29 21:16:59,069 [Listener at 127.0.0.1/45803] INFO  volume.ThrottledAsyncChecker (ThrottledAsyncChecker.java:schedule(141)) - Scheduling a check for /home/runner/work/ozone/ozone/hadoop-ozone/integration-test/target/test-dir/MiniOzoneClusterImpl-0d447e97-01e2-4ef6-85fe-af16170d97c2/datanode-0/data-0/containers/hdds
2023-03-29 21:16:59,070 [Listener at 127.0.0.1/45803] INFO  volume.StorageVolumeChecker (StorageVolumeChecker.java:checkAllVolumes(202)) - Scheduled health check for volume /home/runner/work/ozone/ozone/hadoop-ozone/integration-test/target/test-dir/MiniOzoneClusterImpl-0d447e97-01e2-4ef6-85fe-af16170d97c2/datanode-0/data-0/containers/hdds
2023-03-29 21:16:59,085 [Listener at 127.0.0.1/45803] INFO  volume.MutableVolumeSet (MutableVolumeSet.java:initializeVolumeSet(175)) - Added Volume : /home/runner/work/ozone/ozone/hadoop-ozone/integration-test/target/test-dir/MiniOzoneClusterImpl-0d447e97-01e2-4ef6-85fe-af16170d97c2/datanode-0/data/ratis to VolumeSet
2023-03-29 21:16:59,085 [Listener at 127.0.0.1/45803] INFO  volume.ThrottledAsyncChecker (ThrottledAsyncChecker.java:schedule(141)) - Scheduling a check for /home/runner/work/ozone/ozone/hadoop-ozone/integration-test/target/test-dir/MiniOzoneClusterImpl-0d447e97-01e2-4ef6-85fe-af16170d97c2/datanode-0/data/ratis
2023-03-29 21:16:59,085 [Listener at 127.0.0.1/45803] INFO  volume.StorageVolumeChecker (StorageVolumeChecker.java:checkAllVolumes(202)) - Scheduled health check for volume /home/runner/work/ozone/ozone/hadoop-ozone/integration-test/target/test-dir/MiniOzoneClusterImpl-0d447e97-01e2-4ef6-85fe-af16170d97c2/datanode-0/data/ratis
2023-03-29 21:16:59,095 [Thread-774] INFO  ozoneimpl.ContainerReader (ContainerReader.java:readVolume(175)) - Finish verifying containers on volume /home/runner/work/ozone/ozone/hadoop-ozone/integration-test/target/test-dir/MiniOzoneClusterImpl-0d447e97-01e2-4ef6-85fe-af16170d97c2/datanode-0/data-0/containers/hdds
2023-03-29 21:16:59,095 [Listener at 127.0.0.1/45803] INFO  ozoneimpl.OzoneContainer (OzoneContainer.java:buildContainerSet(303)) - Build ContainerSet costs 0s
2023-03-29 21:16:59,098 [Listener at 127.0.0.1/45803] INFO  server.RaftServer (ConfUtils.java:logGet(46)) - raft.rpc.type = GRPC (default)
2023-03-29 21:16:59,098 [Listener at 127.0.0.1/45803] INFO  grpc.GrpcConfigKeys (ConfUtils.java:logFallback(53)) - raft.grpc.admin.host = null (fallback to raft.grpc.server.host)
2023-03-29 21:16:59,098 [Listener at 127.0.0.1/45803] INFO  grpc.GrpcConfigKeys (ConfUtils.java:logGet(46)) - raft.grpc.admin.port = 0 (custom)
2023-03-29 21:16:59,098 [Listener at 127.0.0.1/45803] INFO  grpc.GrpcConfigKeys (ConfUtils.java:logFallback(53)) - raft.grpc.client.host = null (fallback to raft.grpc.server.host)
2023-03-29 21:16:59,098 [Listener at 127.0.0.1/45803] INFO  grpc.GrpcConfigKeys (ConfUtils.java:logGet(46)) - raft.grpc.client.port = 0 (custom)
2023-03-29 21:16:59,099 [Listener at 127.0.0.1/45803] INFO  grpc.GrpcConfigKeys (ConfUtils.java:logGet(46)) - raft.grpc.server.host = null (default)
2023-03-29 21:16:59,099 [Listener at 127.0.0.1/45803] INFO  grpc.GrpcConfigKeys (ConfUtils.java:logGet(46)) - raft.grpc.server.port = 0 (default)
2023-03-29 21:16:59,099 [Listener at 127.0.0.1/45803] INFO  server.GrpcService (ConfUtils.java:logGet(46)) - raft.grpc.message.size.max = 32MB (=33554432) (custom)
2023-03-29 21:16:59,099 [Listener at 127.0.0.1/45803] INFO  server.RaftServerConfigKeys (ConfUtils.java:logGet(46)) - raft.server.log.appender.buffer.byte-limit = 33554432 (custom)
2023-03-29 21:16:59,099 [Listener at 127.0.0.1/45803] INFO  server.GrpcService (ConfUtils.java:logGet(46)) - raft.grpc.flow.control.window = 5MB (=5242880) (custom)
2023-03-29 21:16:59,099 [Listener at 127.0.0.1/45803] INFO  server.RaftServerConfigKeys (ConfUtils.java:logGet(46)) - raft.server.rpc.request.timeout = 60s (custom)
2023-03-29 21:16:59,099 [Listener at 127.0.0.1/45803] INFO  grpc.GrpcConfigKeys (ConfUtils.java:logGet(46)) - raft.grpc.server.heartbeat.channel = true (default)
2023-03-29 21:16:59,099 [Listener at 127.0.0.1/45803] INFO  grpc.GrpcConfigKeys (ConfUtils.java:logGet(46)) - raft.grpc.server.async.request.thread.pool.cached = true (default)
2023-03-29 21:16:59,099 [Listener at 127.0.0.1/45803] INFO  grpc.GrpcConfigKeys (ConfUtils.java:logGet(46)) - raft.grpc.server.async.request.thread.pool.size = 32 (default)
2023-03-29 21:16:59,101 [Listener at 127.0.0.1/45803] INFO  impl.DataStreamServerImpl (ConfUtils.java:logGet(46)) - raft.datastream.type = NETTY (custom)
2023-03-29 21:16:59,101 [Listener at 127.0.0.1/45803] INFO  server.RaftServerConfigKeys (ConfUtils.java:logGet(46)) - raft.server.data-stream.async.request.thread.pool.cached = false (default)
2023-03-29 21:16:59,101 [Listener at 127.0.0.1/45803] INFO  server.RaftServerConfigKeys (ConfUtils.java:logGet(46)) - raft.server.data-stream.async.request.thread.pool.size = 20 (custom)
2023-03-29 21:16:59,101 [Listener at 127.0.0.1/45803] INFO  server.RaftServerConfigKeys (ConfUtils.java:logGet(46)) - raft.server.data-stream.async.write.thread.pool.size = 16 (default)
2023-03-29 21:16:59,101 [Listener at 127.0.0.1/45803] INFO  server.RaftServerConfigKeys (ConfUtils.java:logGet(46)) - raft.server.data-stream.client.pool.size = 10 (default)
2023-03-29 21:16:59,101 [Listener at 127.0.0.1/45803] INFO  netty.NettyConfigKeys$DataStream (ConfUtils.java:logGet(46)) - raft.netty.dataStream.server.use-epoll = false (default)
2023-03-29 21:16:59,102 [Listener at 127.0.0.1/45803] INFO  netty.NettyConfigKeys$DataStream (ConfUtils.java:logGet(46)) - raft.netty.dataStream.server.boss-group.size = 0 (default)
2023-03-29 21:16:59,102 [Listener at 127.0.0.1/45803] INFO  netty.NettyConfigKeys$DataStream (ConfUtils.java:logGet(46)) - raft.netty.dataStream.server.worker-group.size = 0 (default)
2023-03-29 21:16:59,102 [Listener at 127.0.0.1/45803] INFO  netty.NettyConfigKeys$DataStream (ConfUtils.java:logGet(46)) - raft.netty.dataStream.server.tls.conf = null (default)
2023-03-29 21:16:59,102 [Listener at 127.0.0.1/45803] INFO  netty.NettyConfigKeys$DataStream (ConfUtils.java:logGet(46)) - raft.netty.dataStream.host = null (default)
2023-03-29 21:16:59,102 [Listener at 127.0.0.1/45803] INFO  netty.NettyConfigKeys$DataStream (ConfUtils.java:logGet(46)) - raft.netty.dataStream.port = 0 (default)
2023-03-29 21:16:59,103 [Listener at 127.0.0.1/45803] INFO  server.RaftServerConfigKeys (ConfUtils.java:logGet(46)) - raft.server.threadpool.proxy.cached = true (default)
2023-03-29 21:16:59,103 [Listener at 127.0.0.1/45803] INFO  server.RaftServerConfigKeys (ConfUtils.java:logGet(46)) - raft.server.threadpool.proxy.size = 0 (default)
2023-03-29 21:16:59,103 [Listener at 127.0.0.1/45803] INFO  server.RaftServerConfigKeys (ConfUtils.java:logGet(46)) - raft.server.rpc.slowness.timeout = 300s (custom)
2023-03-29 21:16:59,103 [Listener at 127.0.0.1/45803] INFO  server.RaftServerConfigKeys (ConfUtils.java:logGet(46)) - raft.server.leaderelection.leader.step-down.wait-time = 10s (default)
2023-03-29 21:16:59,103 [Listener at 127.0.0.1/45803] INFO  server.RaftServerConfigKeys (ConfUtils.java:logGet(46)) - raft.server.storage.dir = [/home/runner/work/ozone/ozone/hadoop-ozone/integration-test/target/test-dir/MiniOzoneClusterImpl-0d447e97-01e2-4ef6-85fe-af16170d97c2/datanode-0/data/ratis] (custom)
2023-03-29 21:16:59,104 [5ce02ec3-1add-4276-9232-59c2d20bf885-NettyServerStreamRpc-bossGroup--thread1] INFO  logging.LoggingHandler (AbstractInternalLogger.java:log(148)) - [id: 0xc2e1b4b1] REGISTERED
2023-03-29 21:16:59,104 [5ce02ec3-1add-4276-9232-59c2d20bf885-NettyServerStreamRpc-bossGroup--thread1] INFO  logging.LoggingHandler (AbstractInternalLogger.java:log(148)) - [id: 0xc2e1b4b1] BIND: 0.0.0.0/0.0.0.0:0
2023-03-29 21:16:59,105 [5ce02ec3-1add-4276-9232-59c2d20bf885-NettyServerStreamRpc-bossGroup--thread1] INFO  logging.LoggingHandler (AbstractInternalLogger.java:log(148)) - [id: 0xc2e1b4b1, L:/0:0:0:0:0:0:0:0:35525] ACTIVE
2023-03-29 21:16:59,106 [Listener at 127.0.0.1/45803] INFO  server.XceiverServerGrpc (XceiverServerGrpc.java:<init>(132)) - GrpcServer channel type EpollServerSocketChannel
2023-03-29 21:16:59,113 [Listener at 127.0.0.1/45803] INFO  http.BaseHttpServer (BaseHttpServer.java:newHttpServer2BuilderForOzone(224)) - Starting Web-server for hddsDatanode at: http://0.0.0.0:0
2023-03-29 21:16:59,113 [Listener at 127.0.0.1/45803] INFO  http.BaseHttpServer (BaseHttpServer.java:<init>(111)) - Hadoop Security Enabled: false Ozone Security Enabled: false Ozone HTTP Security Enabled: false 
2023-03-29 21:16:59,114 [Listener at 127.0.0.1/45803] WARN  server.AuthenticationFilter (AuthenticationFilter.java:constructSecretProvider(240)) - Unable to initialize FileSignerSecretProvider, falling back to use random secrets. Reason: Could not read signature secret file: /home/runner/hadoop-http-auth-signature-secret
2023-03-29 21:16:59,115 [Listener at 127.0.0.1/45803] WARN  http.HttpRequestLog (HttpRequestLog.java:getRequestLog(103)) - Jetty request log can only be enabled using Log4j
2023-03-29 21:16:59,116 [Listener at 127.0.0.1/45803] INFO  http.HttpServer2 (HttpServer2.java:addGlobalFilter(1031)) - Added global filter 'safety' (class=org.apache.hadoop.hdds.server.http.HttpServer2$QuotingInputFilter)
2023-03-29 21:16:59,116 [Listener at 127.0.0.1/45803] INFO  http.HttpServer2 (HttpServer2.java:addFilter(1007)) - Added filter static_user_filter (class=org.apache.hadoop.http.lib.StaticUserWebFilter$StaticUserFilter) to context hddsDatanode
2023-03-29 21:16:59,116 [Listener at 127.0.0.1/45803] INFO  http.HttpServer2 (HttpServer2.java:addFilter(1015)) - Added filter static_user_filter (class=org.apache.hadoop.http.lib.StaticUserWebFilter$StaticUserFilter) to context logs
2023-03-29 21:16:59,117 [Listener at 127.0.0.1/45803] INFO  http.HttpServer2 (HttpServer2.java:addFilter(1015)) - Added filter static_user_filter (class=org.apache.hadoop.http.lib.StaticUserWebFilter$StaticUserFilter) to context static
2023-03-29 21:16:59,117 [Listener at 127.0.0.1/45803] INFO  http.BaseHttpServer (BaseHttpServer.java:<init>(190)) - HTTP server of hddsDatanode uses base directory /home/runner/work/ozone/ozone/hadoop-ozone/integration-test/target/test-dir/MiniOzoneClusterImpl-0d447e97-01e2-4ef6-85fe-af16170d97c2/datanode-0/meta/webserver
2023-03-29 21:16:59,117 [Listener at 127.0.0.1/45803] INFO  http.HttpServer2 (HttpServer2.java:bindListener(1250)) - Jetty bound to port 33965
2023-03-29 21:16:59,118 [Listener at 127.0.0.1/45803] INFO  server.Server (Server.java:doStart(375)) - jetty-9.4.49.v20220914; built: 2022-09-14T01:07:36.601Z; git: 4231a3b2e4cb8548a412a789936d640a97b1aa0a; jvm 1.8.0_362-b09
2023-03-29 21:16:59,119 [Listener at 127.0.0.1/45803] INFO  server.session (DefaultSessionIdManager.java:doStart(334)) - DefaultSessionIdManager workerName=node0
2023-03-29 21:16:59,119 [Listener at 127.0.0.1/45803] INFO  server.session (DefaultSessionIdManager.java:doStart(339)) - No SessionScavenger set, using defaults
2023-03-29 21:16:59,119 [Listener at 127.0.0.1/45803] INFO  server.session (HouseKeeper.java:startScavenging(132)) - node0 Scavenging every 600000ms
2023-03-29 21:16:59,120 [Listener at 127.0.0.1/45803] INFO  handler.ContextHandler (ContextHandler.java:doStart(921)) - Started o.e.j.s.ServletContextHandler@5c3b8dfc{logs,/logs,file:///home/runner/work/ozone/ozone/hadoop-ozone/integration-test/target/log,AVAILABLE}
2023-03-29 21:16:59,120 [Listener at 127.0.0.1/45803] INFO  handler.ContextHandler (ContextHandler.java:doStart(921)) - Started o.e.j.s.ServletContextHandler@28b9ee14{static,/static,jar:file:/home/runner/.m2/repository/org/apache/ozone/hdds-container-service/1.4.0-SNAPSHOT/hdds-container-service-1.4.0-SNAPSHOT.jar!/webapps/static,AVAILABLE}
2023-03-29 21:16:59,315 [Listener at 127.0.0.1/45803] INFO  handler.ContextHandler (ContextHandler.java:doStart(921)) - Started o.e.j.w.WebAppContext@20c4129a{hddsDatanode,/,file:///home/runner/work/ozone/ozone/hadoop-ozone/integration-test/target/test-dir/MiniOzoneClusterImpl-0d447e97-01e2-4ef6-85fe-af16170d97c2/datanode-0/meta/webserver/jetty-0_0_0_0-33965-hdds-container-service-1_4_0-SNAPSHOT_jar-_-any-2649480021518661220/webapp/,AVAILABLE}{jar:file:/home/runner/.m2/repository/org/apache/ozone/hdds-container-service/1.4.0-SNAPSHOT/hdds-container-service-1.4.0-SNAPSHOT.jar!/webapps/hddsDatanode}
2023-03-29 21:16:59,317 [Listener at 127.0.0.1/45803] INFO  server.AbstractConnector (AbstractConnector.java:doStart(333)) - Started ServerConnector@5396a99a{HTTP/1.1, (http/1.1)}{0.0.0.0:33965}
2023-03-29 21:16:59,318 [Listener at 127.0.0.1/45803] INFO  server.Server (Server.java:doStart(415)) - Started @73083ms
2023-03-29 21:16:59,318 [Listener at 127.0.0.1/45803] WARN  impl.MetricsSystemImpl (MetricsSystemImpl.java:register(279)) - Sink prometheus already exists!
2023-03-29 21:16:59,318 [Listener at 127.0.0.1/45803] INFO  http.BaseHttpServer (BaseHttpServer.java:updateConnectorAddress(344)) - HTTP server of hddsDatanode listening at http://0.0.0.0:33965
2023-03-29 21:16:59,325 [Listener at 127.0.0.1/45803] WARN  impl.MetricRegistriesImpl (MetricRegistriesImpl.java:addReporterRegistration(111)) - New reporters are added after registries were created. Some metrics will be missing from the reporter. Please add reporter before adding any new registry.
2023-03-29 21:16:59,325 [Listener at 127.0.0.1/45803] WARN  impl.MetricRegistriesImpl (MetricRegistriesImpl.java:addReporterRegistration(111)) - New reporters are added after registries were created. Some metrics will be missing from the reporter. Please add reporter before adding any new registry.
2023-03-29 21:16:59,325 [Listener at 127.0.0.1/45803] INFO  impl.MetricsSystemImpl (MetricsSystemImpl.java:init(158)) - HddsDatanode metrics system started (again)
2023-03-29 21:16:59,326 [Datanode State Machine Daemon Thread] INFO  statemachine.DatanodeStateMachine (DatanodeStateMachine.java:lambda$startDaemon$0(517)) - Ozone container server started.
2023-03-29 21:16:59,335 [org.apache.hadoop.util.JvmPauseMonitor$Monitor@5633fd1f] INFO  util.JvmPauseMonitor (JvmPauseMonitor.java:run(188)) - Starting JVM pause monitor
2023-03-29 21:16:59,339 [Datanode State Machine Task Thread - 0] INFO  datanode.InitDatanodeState (InitDatanodeState.java:persistContainerDatanodeDetails(138)) - DatanodeDetails is persisted to /home/runner/work/ozone/ozone/hadoop-ozone/integration-test/target/test-dir/MiniOzoneClusterImpl-0d447e97-01e2-4ef6-85fe-af16170d97c2/datanode-0/meta/datanode.id
2023-03-29 21:16:59,341 [Listener at 127.0.0.1/45803] INFO  ozone.HddsDatanodeService (HddsDatanodeService.java:start(249)) - HddsDatanodeService host:fv-az308-773 ip:10.1.0.17
2023-03-29 21:16:59,356 [Listener at 127.0.0.1/45803] INFO  upgrade.AbstractLayoutVersionManager (AbstractLayoutVersionManager.java:init(83)) - Initializing Layout version manager with metadata layout = DATANODE_SCHEMA_V3 (version = 4), software layout = DATANODE_SCHEMA_V3 (version = 4)
2023-03-29 21:16:59,630 [JvmPauseMonitor6] WARN  util.JvmPauseMonitor (JvmPauseMonitor.java:detectPause(126)) - JvmPauseMonitor-om1: Detected pause in JVM or host machine (eg GC): pause of approximately 187382722ns.
GC pool 'PS MarkSweep' had collection(s): count=1 time=190ms
GC pool 'PS Scavenge' had collection(s): count=1 time=65ms
2023-03-29 21:16:59,670 [Listener at 127.0.0.1/45803] INFO  reflections.Reflections (Reflections.java:scan(232)) - Reflections took 313 ms to scan 7 urls, producing 155 keys and 368 values 
2023-03-29 21:16:59,671 [Listener at 127.0.0.1/45803] INFO  statemachine.DatanodeStateMachine (DatanodeStateMachine.java:getEndPointTaskThreadPoolSize(260)) - Datanode State Machine Task Thread Pool size 2
2023-03-29 21:16:59,673 [Listener at 127.0.0.1/45803] INFO  volume.HddsVolume (HddsVolume.java:<init>(130)) - Creating HddsVolume: /home/runner/work/ozone/ozone/hadoop-ozone/integration-test/target/test-dir/MiniOzoneClusterImpl-0d447e97-01e2-4ef6-85fe-af16170d97c2/datanode-1/data-0/containers/hdds of storage type : DISK capacity : 9223372036854775807
2023-03-29 21:16:59,674 [Listener at 127.0.0.1/45803] INFO  volume.MutableVolumeSet (MutableVolumeSet.java:initializeVolumeSet(175)) - Added Volume : /home/runner/work/ozone/ozone/hadoop-ozone/integration-test/target/test-dir/MiniOzoneClusterImpl-0d447e97-01e2-4ef6-85fe-af16170d97c2/datanode-1/data-0/containers/hdds to VolumeSet
2023-03-29 21:16:59,674 [Listener at 127.0.0.1/45803] INFO  volume.ThrottledAsyncChecker (ThrottledAsyncChecker.java:schedule(141)) - Scheduling a check for /home/runner/work/ozone/ozone/hadoop-ozone/integration-test/target/test-dir/MiniOzoneClusterImpl-0d447e97-01e2-4ef6-85fe-af16170d97c2/datanode-1/data-0/containers/hdds
2023-03-29 21:16:59,674 [Listener at 127.0.0.1/45803] INFO  volume.StorageVolumeChecker (StorageVolumeChecker.java:checkAllVolumes(202)) - Scheduled health check for volume /home/runner/work/ozone/ozone/hadoop-ozone/integration-test/target/test-dir/MiniOzoneClusterImpl-0d447e97-01e2-4ef6-85fe-af16170d97c2/datanode-1/data-0/containers/hdds
2023-03-29 21:16:59,685 [Listener at 127.0.0.1/45803] INFO  volume.MutableVolumeSet (MutableVolumeSet.java:initializeVolumeSet(175)) - Added Volume : /home/runner/work/ozone/ozone/hadoop-ozone/integration-test/target/test-dir/MiniOzoneClusterImpl-0d447e97-01e2-4ef6-85fe-af16170d97c2/datanode-1/data/ratis to VolumeSet
2023-03-29 21:16:59,685 [Listener at 127.0.0.1/45803] INFO  volume.ThrottledAsyncChecker (ThrottledAsyncChecker.java:schedule(141)) - Scheduling a check for /home/runner/work/ozone/ozone/hadoop-ozone/integration-test/target/test-dir/MiniOzoneClusterImpl-0d447e97-01e2-4ef6-85fe-af16170d97c2/datanode-1/data/ratis
2023-03-29 21:16:59,685 [Listener at 127.0.0.1/45803] INFO  volume.StorageVolumeChecker (StorageVolumeChecker.java:checkAllVolumes(202)) - Scheduled health check for volume /home/runner/work/ozone/ozone/hadoop-ozone/integration-test/target/test-dir/MiniOzoneClusterImpl-0d447e97-01e2-4ef6-85fe-af16170d97c2/datanode-1/data/ratis
2023-03-29 21:16:59,698 [Thread-788] INFO  ozoneimpl.ContainerReader (ContainerReader.java:readVolume(175)) - Finish verifying containers on volume /home/runner/work/ozone/ozone/hadoop-ozone/integration-test/target/test-dir/MiniOzoneClusterImpl-0d447e97-01e2-4ef6-85fe-af16170d97c2/datanode-1/data-0/containers/hdds
2023-03-29 21:16:59,698 [Listener at 127.0.0.1/45803] INFO  ozoneimpl.OzoneContainer (OzoneContainer.java:buildContainerSet(303)) - Build ContainerSet costs 0s
2023-03-29 21:16:59,700 [Listener at 127.0.0.1/45803] INFO  server.RaftServer (ConfUtils.java:logGet(46)) - raft.rpc.type = GRPC (default)
2023-03-29 21:16:59,700 [Listener at 127.0.0.1/45803] INFO  grpc.GrpcConfigKeys (ConfUtils.java:logFallback(53)) - raft.grpc.admin.host = null (fallback to raft.grpc.server.host)
2023-03-29 21:16:59,700 [Listener at 127.0.0.1/45803] INFO  grpc.GrpcConfigKeys (ConfUtils.java:logGet(46)) - raft.grpc.admin.port = 0 (custom)
2023-03-29 21:16:59,701 [Listener at 127.0.0.1/45803] INFO  grpc.GrpcConfigKeys (ConfUtils.java:logFallback(53)) - raft.grpc.client.host = null (fallback to raft.grpc.server.host)
2023-03-29 21:16:59,701 [Listener at 127.0.0.1/45803] INFO  grpc.GrpcConfigKeys (ConfUtils.java:logGet(46)) - raft.grpc.client.port = 0 (custom)
2023-03-29 21:16:59,701 [Listener at 127.0.0.1/45803] INFO  grpc.GrpcConfigKeys (ConfUtils.java:logGet(46)) - raft.grpc.server.host = null (default)
2023-03-29 21:16:59,701 [Listener at 127.0.0.1/45803] INFO  grpc.GrpcConfigKeys (ConfUtils.java:logGet(46)) - raft.grpc.server.port = 0 (default)
2023-03-29 21:16:59,701 [Listener at 127.0.0.1/45803] INFO  server.GrpcService (ConfUtils.java:logGet(46)) - raft.grpc.message.size.max = 32MB (=33554432) (custom)
2023-03-29 21:16:59,701 [Listener at 127.0.0.1/45803] INFO  server.RaftServerConfigKeys (ConfUtils.java:logGet(46)) - raft.server.log.appender.buffer.byte-limit = 33554432 (custom)
2023-03-29 21:16:59,701 [Listener at 127.0.0.1/45803] INFO  server.GrpcService (ConfUtils.java:logGet(46)) - raft.grpc.flow.control.window = 5MB (=5242880) (custom)
2023-03-29 21:16:59,701 [Listener at 127.0.0.1/45803] INFO  server.RaftServerConfigKeys (ConfUtils.java:logGet(46)) - raft.server.rpc.request.timeout = 60s (custom)
2023-03-29 21:16:59,701 [Listener at 127.0.0.1/45803] INFO  grpc.GrpcConfigKeys (ConfUtils.java:logGet(46)) - raft.grpc.server.heartbeat.channel = true (default)
2023-03-29 21:16:59,701 [Listener at 127.0.0.1/45803] INFO  grpc.GrpcConfigKeys (ConfUtils.java:logGet(46)) - raft.grpc.server.async.request.thread.pool.cached = true (default)
2023-03-29 21:16:59,701 [Listener at 127.0.0.1/45803] INFO  grpc.GrpcConfigKeys (ConfUtils.java:logGet(46)) - raft.grpc.server.async.request.thread.pool.size = 32 (default)
2023-03-29 21:16:59,702 [Listener at 127.0.0.1/45803] INFO  impl.DataStreamServerImpl (ConfUtils.java:logGet(46)) - raft.datastream.type = NETTY (custom)
2023-03-29 21:16:59,703 [Listener at 127.0.0.1/45803] INFO  server.RaftServerConfigKeys (ConfUtils.java:logGet(46)) - raft.server.data-stream.async.request.thread.pool.cached = false (default)
2023-03-29 21:16:59,703 [Listener at 127.0.0.1/45803] INFO  server.RaftServerConfigKeys (ConfUtils.java:logGet(46)) - raft.server.data-stream.async.request.thread.pool.size = 20 (custom)
2023-03-29 21:16:59,703 [Listener at 127.0.0.1/45803] INFO  server.RaftServerConfigKeys (ConfUtils.java:logGet(46)) - raft.server.data-stream.async.write.thread.pool.size = 16 (default)
2023-03-29 21:16:59,703 [Listener at 127.0.0.1/45803] INFO  server.RaftServerConfigKeys (ConfUtils.java:logGet(46)) - raft.server.data-stream.client.pool.size = 10 (default)
2023-03-29 21:16:59,703 [Listener at 127.0.0.1/45803] INFO  netty.NettyConfigKeys$DataStream (ConfUtils.java:logGet(46)) - raft.netty.dataStream.server.use-epoll = false (default)
2023-03-29 21:16:59,703 [Listener at 127.0.0.1/45803] INFO  netty.NettyConfigKeys$DataStream (ConfUtils.java:logGet(46)) - raft.netty.dataStream.server.boss-group.size = 0 (default)
2023-03-29 21:16:59,703 [Listener at 127.0.0.1/45803] INFO  netty.NettyConfigKeys$DataStream (ConfUtils.java:logGet(46)) - raft.netty.dataStream.server.worker-group.size = 0 (default)
2023-03-29 21:16:59,704 [Listener at 127.0.0.1/45803] INFO  netty.NettyConfigKeys$DataStream (ConfUtils.java:logGet(46)) - raft.netty.dataStream.server.tls.conf = null (default)
2023-03-29 21:16:59,704 [Listener at 127.0.0.1/45803] INFO  netty.NettyConfigKeys$DataStream (ConfUtils.java:logGet(46)) - raft.netty.dataStream.host = null (default)
2023-03-29 21:16:59,704 [Listener at 127.0.0.1/45803] INFO  netty.NettyConfigKeys$DataStream (ConfUtils.java:logGet(46)) - raft.netty.dataStream.port = 0 (default)
2023-03-29 21:16:59,704 [Listener at 127.0.0.1/45803] INFO  server.RaftServerConfigKeys (ConfUtils.java:logGet(46)) - raft.server.threadpool.proxy.cached = true (default)
2023-03-29 21:16:59,704 [Listener at 127.0.0.1/45803] INFO  server.RaftServerConfigKeys (ConfUtils.java:logGet(46)) - raft.server.threadpool.proxy.size = 0 (default)
2023-03-29 21:16:59,704 [Listener at 127.0.0.1/45803] INFO  server.RaftServerConfigKeys (ConfUtils.java:logGet(46)) - raft.server.rpc.slowness.timeout = 300s (custom)
2023-03-29 21:16:59,704 [Listener at 127.0.0.1/45803] INFO  server.RaftServerConfigKeys (ConfUtils.java:logGet(46)) - raft.server.leaderelection.leader.step-down.wait-time = 10s (default)
2023-03-29 21:16:59,705 [Listener at 127.0.0.1/45803] INFO  server.RaftServerConfigKeys (ConfUtils.java:logGet(46)) - raft.server.storage.dir = [/home/runner/work/ozone/ozone/hadoop-ozone/integration-test/target/test-dir/MiniOzoneClusterImpl-0d447e97-01e2-4ef6-85fe-af16170d97c2/datanode-1/data/ratis] (custom)
2023-03-29 21:16:59,705 [e304c585-3570-440e-99de-d9fa99700cf9-NettyServerStreamRpc-bossGroup--thread1] INFO  logging.LoggingHandler (AbstractInternalLogger.java:log(148)) - [id: 0x59fa5776] REGISTERED
2023-03-29 21:16:59,705 [e304c585-3570-440e-99de-d9fa99700cf9-NettyServerStreamRpc-bossGroup--thread1] INFO  logging.LoggingHandler (AbstractInternalLogger.java:log(148)) - [id: 0x59fa5776] BIND: 0.0.0.0/0.0.0.0:0
2023-03-29 21:16:59,705 [e304c585-3570-440e-99de-d9fa99700cf9-NettyServerStreamRpc-bossGroup--thread1] INFO  logging.LoggingHandler (AbstractInternalLogger.java:log(148)) - [id: 0x59fa5776, L:/0:0:0:0:0:0:0:0:42751] ACTIVE
2023-03-29 21:16:59,706 [Listener at 127.0.0.1/45803] INFO  server.XceiverServerGrpc (XceiverServerGrpc.java:<init>(132)) - GrpcServer channel type EpollServerSocketChannel
2023-03-29 21:16:59,709 [Listener at 127.0.0.1/45803] INFO  http.BaseHttpServer (BaseHttpServer.java:newHttpServer2BuilderForOzone(224)) - Starting Web-server for hddsDatanode at: http://0.0.0.0:0
2023-03-29 21:16:59,709 [Listener at 127.0.0.1/45803] INFO  http.BaseHttpServer (BaseHttpServer.java:<init>(111)) - Hadoop Security Enabled: false Ozone Security Enabled: false Ozone HTTP Security Enabled: false 
2023-03-29 21:16:59,710 [Listener at 127.0.0.1/45803] WARN  server.AuthenticationFilter (AuthenticationFilter.java:constructSecretProvider(240)) - Unable to initialize FileSignerSecretProvider, falling back to use random secrets. Reason: Could not read signature secret file: /home/runner/hadoop-http-auth-signature-secret
2023-03-29 21:16:59,711 [Listener at 127.0.0.1/45803] WARN  http.HttpRequestLog (HttpRequestLog.java:getRequestLog(103)) - Jetty request log can only be enabled using Log4j
2023-03-29 21:16:59,712 [Listener at 127.0.0.1/45803] INFO  http.HttpServer2 (HttpServer2.java:addGlobalFilter(1031)) - Added global filter 'safety' (class=org.apache.hadoop.hdds.server.http.HttpServer2$QuotingInputFilter)
2023-03-29 21:16:59,712 [Listener at 127.0.0.1/45803] INFO  http.HttpServer2 (HttpServer2.java:addFilter(1007)) - Added filter static_user_filter (class=org.apache.hadoop.http.lib.StaticUserWebFilter$StaticUserFilter) to context hddsDatanode
2023-03-29 21:16:59,713 [Listener at 127.0.0.1/45803] INFO  http.HttpServer2 (HttpServer2.java:addFilter(1015)) - Added filter static_user_filter (class=org.apache.hadoop.http.lib.StaticUserWebFilter$StaticUserFilter) to context logs
2023-03-29 21:16:59,713 [Listener at 127.0.0.1/45803] INFO  http.HttpServer2 (HttpServer2.java:addFilter(1015)) - Added filter static_user_filter (class=org.apache.hadoop.http.lib.StaticUserWebFilter$StaticUserFilter) to context static
2023-03-29 21:16:59,713 [Listener at 127.0.0.1/45803] INFO  http.BaseHttpServer (BaseHttpServer.java:<init>(190)) - HTTP server of hddsDatanode uses base directory /home/runner/work/ozone/ozone/hadoop-ozone/integration-test/target/test-dir/MiniOzoneClusterImpl-0d447e97-01e2-4ef6-85fe-af16170d97c2/datanode-1/meta/webserver
2023-03-29 21:16:59,713 [Listener at 127.0.0.1/45803] INFO  http.HttpServer2 (HttpServer2.java:bindListener(1250)) - Jetty bound to port 38443
2023-03-29 21:16:59,713 [Listener at 127.0.0.1/45803] INFO  server.Server (Server.java:doStart(375)) - jetty-9.4.49.v20220914; built: 2022-09-14T01:07:36.601Z; git: 4231a3b2e4cb8548a412a789936d640a97b1aa0a; jvm 1.8.0_362-b09
2023-03-29 21:16:59,715 [Listener at 127.0.0.1/45803] INFO  server.session (DefaultSessionIdManager.java:doStart(334)) - DefaultSessionIdManager workerName=node0
2023-03-29 21:16:59,715 [Listener at 127.0.0.1/45803] INFO  server.session (DefaultSessionIdManager.java:doStart(339)) - No SessionScavenger set, using defaults
2023-03-29 21:16:59,715 [Listener at 127.0.0.1/45803] INFO  server.session (HouseKeeper.java:startScavenging(132)) - node0 Scavenging every 600000ms
2023-03-29 21:16:59,715 [Listener at 127.0.0.1/45803] INFO  handler.ContextHandler (ContextHandler.java:doStart(921)) - Started o.e.j.s.ServletContextHandler@713c2c89{logs,/logs,file:///home/runner/work/ozone/ozone/hadoop-ozone/integration-test/target/log,AVAILABLE}
2023-03-29 21:16:59,716 [Listener at 127.0.0.1/45803] INFO  handler.ContextHandler (ContextHandler.java:doStart(921)) - Started o.e.j.s.ServletContextHandler@79f5a54f{static,/static,jar:file:/home/runner/.m2/repository/org/apache/ozone/hdds-container-service/1.4.0-SNAPSHOT/hdds-container-service-1.4.0-SNAPSHOT.jar!/webapps/static,AVAILABLE}
2023-03-29 21:16:59,911 [Listener at 127.0.0.1/45803] INFO  handler.ContextHandler (ContextHandler.java:doStart(921)) - Started o.e.j.w.WebAppContext@6026f31b{hddsDatanode,/,file:///home/runner/work/ozone/ozone/hadoop-ozone/integration-test/target/test-dir/MiniOzoneClusterImpl-0d447e97-01e2-4ef6-85fe-af16170d97c2/datanode-1/meta/webserver/jetty-0_0_0_0-38443-hdds-container-service-1_4_0-SNAPSHOT_jar-_-any-4747649627087207431/webapp/,AVAILABLE}{jar:file:/home/runner/.m2/repository/org/apache/ozone/hdds-container-service/1.4.0-SNAPSHOT/hdds-container-service-1.4.0-SNAPSHOT.jar!/webapps/hddsDatanode}
2023-03-29 21:16:59,912 [Listener at 127.0.0.1/45803] INFO  server.AbstractConnector (AbstractConnector.java:doStart(333)) - Started ServerConnector@6080fc6b{HTTP/1.1, (http/1.1)}{0.0.0.0:38443}
2023-03-29 21:16:59,912 [Listener at 127.0.0.1/45803] INFO  server.Server (Server.java:doStart(415)) - Started @73678ms
2023-03-29 21:16:59,912 [Listener at 127.0.0.1/45803] WARN  impl.MetricsSystemImpl (MetricsSystemImpl.java:register(279)) - Sink prometheus already exists!
2023-03-29 21:16:59,913 [Listener at 127.0.0.1/45803] INFO  http.BaseHttpServer (BaseHttpServer.java:updateConnectorAddress(344)) - HTTP server of hddsDatanode listening at http://0.0.0.0:38443
2023-03-29 21:16:59,914 [Datanode State Machine Daemon Thread] INFO  statemachine.DatanodeStateMachine (DatanodeStateMachine.java:lambda$startDaemon$0(517)) - Ozone container server started.
2023-03-29 21:16:59,914 [Listener at 127.0.0.1/45803] WARN  impl.MetricRegistriesImpl (MetricRegistriesImpl.java:addReporterRegistration(111)) - New reporters are added after registries were created. Some metrics will be missing from the reporter. Please add reporter before adding any new registry.
2023-03-29 21:16:59,916 [Listener at 127.0.0.1/45803] WARN  impl.MetricRegistriesImpl (MetricRegistriesImpl.java:addReporterRegistration(111)) - New reporters are added after registries were created. Some metrics will be missing from the reporter. Please add reporter before adding any new registry.
2023-03-29 21:16:59,916 [Listener at 127.0.0.1/45803] INFO  impl.MetricsSystemImpl (MetricsSystemImpl.java:init(158)) - HddsDatanode metrics system started (again)
2023-03-29 21:16:59,921 [org.apache.hadoop.util.JvmPauseMonitor$Monitor@ac75a9e] INFO  util.JvmPauseMonitor (JvmPauseMonitor.java:run(188)) - Starting JVM pause monitor
2023-03-29 21:16:59,936 [Datanode State Machine Task Thread - 0] INFO  datanode.InitDatanodeState (InitDatanodeState.java:persistContainerDatanodeDetails(138)) - DatanodeDetails is persisted to /home/runner/work/ozone/ozone/hadoop-ozone/integration-test/target/test-dir/MiniOzoneClusterImpl-0d447e97-01e2-4ef6-85fe-af16170d97c2/datanode-1/meta/datanode.id
2023-03-29 21:16:59,944 [Listener at 127.0.0.1/45803] INFO  ozone.HddsDatanodeService (HddsDatanodeService.java:start(249)) - HddsDatanodeService host:fv-az308-773 ip:10.1.0.17
2023-03-29 21:16:59,960 [Listener at 127.0.0.1/45803] INFO  upgrade.AbstractLayoutVersionManager (AbstractLayoutVersionManager.java:init(83)) - Initializing Layout version manager with metadata layout = DATANODE_SCHEMA_V3 (version = 4), software layout = DATANODE_SCHEMA_V3 (version = 4)
2023-03-29 21:17:00,005 [Listener at 127.0.0.1/45803] INFO  reflections.Reflections (Reflections.java:scan(232)) - Reflections took 44 ms to scan 7 urls, producing 155 keys and 368 values 
2023-03-29 21:17:00,007 [Listener at 127.0.0.1/45803] INFO  statemachine.DatanodeStateMachine (DatanodeStateMachine.java:getEndPointTaskThreadPoolSize(260)) - Datanode State Machine Task Thread Pool size 2
2023-03-29 21:17:00,008 [Listener at 127.0.0.1/45803] INFO  volume.HddsVolume (HddsVolume.java:<init>(130)) - Creating HddsVolume: /home/runner/work/ozone/ozone/hadoop-ozone/integration-test/target/test-dir/MiniOzoneClusterImpl-0d447e97-01e2-4ef6-85fe-af16170d97c2/datanode-2/data-0/containers/hdds of storage type : DISK capacity : 9223372036854775807
2023-03-29 21:17:00,008 [Listener at 127.0.0.1/45803] INFO  volume.MutableVolumeSet (MutableVolumeSet.java:initializeVolumeSet(175)) - Added Volume : /home/runner/work/ozone/ozone/hadoop-ozone/integration-test/target/test-dir/MiniOzoneClusterImpl-0d447e97-01e2-4ef6-85fe-af16170d97c2/datanode-2/data-0/containers/hdds to VolumeSet
2023-03-29 21:17:00,008 [Listener at 127.0.0.1/45803] INFO  volume.ThrottledAsyncChecker (ThrottledAsyncChecker.java:schedule(141)) - Scheduling a check for /home/runner/work/ozone/ozone/hadoop-ozone/integration-test/target/test-dir/MiniOzoneClusterImpl-0d447e97-01e2-4ef6-85fe-af16170d97c2/datanode-2/data-0/containers/hdds
2023-03-29 21:17:00,009 [Listener at 127.0.0.1/45803] INFO  volume.StorageVolumeChecker (StorageVolumeChecker.java:checkAllVolumes(202)) - Scheduled health check for volume /home/runner/work/ozone/ozone/hadoop-ozone/integration-test/target/test-dir/MiniOzoneClusterImpl-0d447e97-01e2-4ef6-85fe-af16170d97c2/datanode-2/data-0/containers/hdds
2023-03-29 21:17:00,020 [Listener at 127.0.0.1/45803] INFO  volume.MutableVolumeSet (MutableVolumeSet.java:initializeVolumeSet(175)) - Added Volume : /home/runner/work/ozone/ozone/hadoop-ozone/integration-test/target/test-dir/MiniOzoneClusterImpl-0d447e97-01e2-4ef6-85fe-af16170d97c2/datanode-2/data/ratis to VolumeSet
2023-03-29 21:17:00,020 [Listener at 127.0.0.1/45803] INFO  volume.ThrottledAsyncChecker (ThrottledAsyncChecker.java:schedule(141)) - Scheduling a check for /home/runner/work/ozone/ozone/hadoop-ozone/integration-test/target/test-dir/MiniOzoneClusterImpl-0d447e97-01e2-4ef6-85fe-af16170d97c2/datanode-2/data/ratis
2023-03-29 21:17:00,020 [Listener at 127.0.0.1/45803] INFO  volume.StorageVolumeChecker (StorageVolumeChecker.java:checkAllVolumes(202)) - Scheduled health check for volume /home/runner/work/ozone/ozone/hadoop-ozone/integration-test/target/test-dir/MiniOzoneClusterImpl-0d447e97-01e2-4ef6-85fe-af16170d97c2/datanode-2/data/ratis
2023-03-29 21:17:00,037 [Thread-802] INFO  ozoneimpl.ContainerReader (ContainerReader.java:readVolume(175)) - Finish verifying containers on volume /home/runner/work/ozone/ozone/hadoop-ozone/integration-test/target/test-dir/MiniOzoneClusterImpl-0d447e97-01e2-4ef6-85fe-af16170d97c2/datanode-2/data-0/containers/hdds
2023-03-29 21:17:00,037 [Listener at 127.0.0.1/45803] INFO  ozoneimpl.OzoneContainer (OzoneContainer.java:buildContainerSet(303)) - Build ContainerSet costs 0s
2023-03-29 21:17:00,040 [Listener at 127.0.0.1/45803] INFO  server.RaftServer (ConfUtils.java:logGet(46)) - raft.rpc.type = GRPC (default)
2023-03-29 21:17:00,043 [Listener at 127.0.0.1/45803] INFO  grpc.GrpcConfigKeys (ConfUtils.java:logFallback(53)) - raft.grpc.admin.host = null (fallback to raft.grpc.server.host)
2023-03-29 21:17:00,044 [Listener at 127.0.0.1/45803] INFO  grpc.GrpcConfigKeys (ConfUtils.java:logGet(46)) - raft.grpc.admin.port = 0 (custom)
2023-03-29 21:17:00,044 [Listener at 127.0.0.1/45803] INFO  grpc.GrpcConfigKeys (ConfUtils.java:logFallback(53)) - raft.grpc.client.host = null (fallback to raft.grpc.server.host)
2023-03-29 21:17:00,044 [Listener at 127.0.0.1/45803] INFO  grpc.GrpcConfigKeys (ConfUtils.java:logGet(46)) - raft.grpc.client.port = 0 (custom)
2023-03-29 21:17:00,044 [Listener at 127.0.0.1/45803] INFO  grpc.GrpcConfigKeys (ConfUtils.java:logGet(46)) - raft.grpc.server.host = null (default)
2023-03-29 21:17:00,044 [Listener at 127.0.0.1/45803] INFO  grpc.GrpcConfigKeys (ConfUtils.java:logGet(46)) - raft.grpc.server.port = 0 (default)
2023-03-29 21:17:00,044 [Listener at 127.0.0.1/45803] INFO  server.GrpcService (ConfUtils.java:logGet(46)) - raft.grpc.message.size.max = 32MB (=33554432) (custom)
2023-03-29 21:17:00,044 [Listener at 127.0.0.1/45803] INFO  server.RaftServerConfigKeys (ConfUtils.java:logGet(46)) - raft.server.log.appender.buffer.byte-limit = 33554432 (custom)
2023-03-29 21:17:00,044 [Listener at 127.0.0.1/45803] INFO  server.GrpcService (ConfUtils.java:logGet(46)) - raft.grpc.flow.control.window = 5MB (=5242880) (custom)
2023-03-29 21:17:00,044 [Listener at 127.0.0.1/45803] INFO  server.RaftServerConfigKeys (ConfUtils.java:logGet(46)) - raft.server.rpc.request.timeout = 60s (custom)
2023-03-29 21:17:00,044 [Listener at 127.0.0.1/45803] INFO  grpc.GrpcConfigKeys (ConfUtils.java:logGet(46)) - raft.grpc.server.heartbeat.channel = true (default)
2023-03-29 21:17:00,044 [Listener at 127.0.0.1/45803] INFO  grpc.GrpcConfigKeys (ConfUtils.java:logGet(46)) - raft.grpc.server.async.request.thread.pool.cached = true (default)
2023-03-29 21:17:00,044 [Listener at 127.0.0.1/45803] INFO  grpc.GrpcConfigKeys (ConfUtils.java:logGet(46)) - raft.grpc.server.async.request.thread.pool.size = 32 (default)
2023-03-29 21:17:00,046 [Listener at 127.0.0.1/45803] INFO  impl.DataStreamServerImpl (ConfUtils.java:logGet(46)) - raft.datastream.type = NETTY (custom)
2023-03-29 21:17:00,046 [Listener at 127.0.0.1/45803] INFO  server.RaftServerConfigKeys (ConfUtils.java:logGet(46)) - raft.server.data-stream.async.request.thread.pool.cached = false (default)
2023-03-29 21:17:00,046 [Listener at 127.0.0.1/45803] INFO  server.RaftServerConfigKeys (ConfUtils.java:logGet(46)) - raft.server.data-stream.async.request.thread.pool.size = 20 (custom)
2023-03-29 21:17:00,046 [Listener at 127.0.0.1/45803] INFO  server.RaftServerConfigKeys (ConfUtils.java:logGet(46)) - raft.server.data-stream.async.write.thread.pool.size = 16 (default)
2023-03-29 21:17:00,047 [Listener at 127.0.0.1/45803] INFO  server.RaftServerConfigKeys (ConfUtils.java:logGet(46)) - raft.server.data-stream.client.pool.size = 10 (default)
2023-03-29 21:17:00,047 [Listener at 127.0.0.1/45803] INFO  netty.NettyConfigKeys$DataStream (ConfUtils.java:logGet(46)) - raft.netty.dataStream.server.use-epoll = false (default)
2023-03-29 21:17:00,047 [Listener at 127.0.0.1/45803] INFO  netty.NettyConfigKeys$DataStream (ConfUtils.java:logGet(46)) - raft.netty.dataStream.server.boss-group.size = 0 (default)
2023-03-29 21:17:00,047 [Listener at 127.0.0.1/45803] INFO  netty.NettyConfigKeys$DataStream (ConfUtils.java:logGet(46)) - raft.netty.dataStream.server.worker-group.size = 0 (default)
2023-03-29 21:17:00,048 [Listener at 127.0.0.1/45803] INFO  netty.NettyConfigKeys$DataStream (ConfUtils.java:logGet(46)) - raft.netty.dataStream.server.tls.conf = null (default)
2023-03-29 21:17:00,048 [Listener at 127.0.0.1/45803] INFO  netty.NettyConfigKeys$DataStream (ConfUtils.java:logGet(46)) - raft.netty.dataStream.host = null (default)
2023-03-29 21:17:00,048 [Listener at 127.0.0.1/45803] INFO  netty.NettyConfigKeys$DataStream (ConfUtils.java:logGet(46)) - raft.netty.dataStream.port = 0 (default)
2023-03-29 21:17:00,048 [Listener at 127.0.0.1/45803] INFO  server.RaftServerConfigKeys (ConfUtils.java:logGet(46)) - raft.server.threadpool.proxy.cached = true (default)
2023-03-29 21:17:00,049 [Listener at 127.0.0.1/45803] INFO  server.RaftServerConfigKeys (ConfUtils.java:logGet(46)) - raft.server.threadpool.proxy.size = 0 (default)
2023-03-29 21:17:00,049 [Listener at 127.0.0.1/45803] INFO  server.RaftServerConfigKeys (ConfUtils.java:logGet(46)) - raft.server.rpc.slowness.timeout = 300s (custom)
2023-03-29 21:17:00,049 [e7b6a9e0-ae39-4816-bb7d-645997ba7398-NettyServerStreamRpc-bossGroup--thread1] INFO  logging.LoggingHandler (AbstractInternalLogger.java:log(148)) - [id: 0xaa04350c] REGISTERED
2023-03-29 21:17:00,049 [Listener at 127.0.0.1/45803] INFO  server.RaftServerConfigKeys (ConfUtils.java:logGet(46)) - raft.server.leaderelection.leader.step-down.wait-time = 10s (default)
2023-03-29 21:17:00,049 [e7b6a9e0-ae39-4816-bb7d-645997ba7398-NettyServerStreamRpc-bossGroup--thread1] INFO  logging.LoggingHandler (AbstractInternalLogger.java:log(148)) - [id: 0xaa04350c] BIND: 0.0.0.0/0.0.0.0:0
2023-03-29 21:17:00,049 [Listener at 127.0.0.1/45803] INFO  server.RaftServerConfigKeys (ConfUtils.java:logGet(46)) - raft.server.storage.dir = [/home/runner/work/ozone/ozone/hadoop-ozone/integration-test/target/test-dir/MiniOzoneClusterImpl-0d447e97-01e2-4ef6-85fe-af16170d97c2/datanode-2/data/ratis] (custom)
2023-03-29 21:17:00,049 [e7b6a9e0-ae39-4816-bb7d-645997ba7398-NettyServerStreamRpc-bossGroup--thread1] INFO  logging.LoggingHandler (AbstractInternalLogger.java:log(148)) - [id: 0xaa04350c, L:/0:0:0:0:0:0:0:0:42737] ACTIVE
2023-03-29 21:17:00,051 [Listener at 127.0.0.1/45803] INFO  server.XceiverServerGrpc (XceiverServerGrpc.java:<init>(132)) - GrpcServer channel type EpollServerSocketChannel
2023-03-29 21:17:00,054 [Listener at 127.0.0.1/45803] INFO  http.BaseHttpServer (BaseHttpServer.java:newHttpServer2BuilderForOzone(224)) - Starting Web-server for hddsDatanode at: http://0.0.0.0:0
2023-03-29 21:17:00,054 [Listener at 127.0.0.1/45803] INFO  http.BaseHttpServer (BaseHttpServer.java:<init>(111)) - Hadoop Security Enabled: false Ozone Security Enabled: false Ozone HTTP Security Enabled: false 
2023-03-29 21:17:00,056 [Listener at 127.0.0.1/45803] WARN  server.AuthenticationFilter (AuthenticationFilter.java:constructSecretProvider(240)) - Unable to initialize FileSignerSecretProvider, falling back to use random secrets. Reason: Could not read signature secret file: /home/runner/hadoop-http-auth-signature-secret
2023-03-29 21:17:00,056 [Listener at 127.0.0.1/45803] WARN  http.HttpRequestLog (HttpRequestLog.java:getRequestLog(103)) - Jetty request log can only be enabled using Log4j
2023-03-29 21:17:00,058 [Listener at 127.0.0.1/45803] INFO  http.HttpServer2 (HttpServer2.java:addGlobalFilter(1031)) - Added global filter 'safety' (class=org.apache.hadoop.hdds.server.http.HttpServer2$QuotingInputFilter)
2023-03-29 21:17:00,059 [Listener at 127.0.0.1/45803] INFO  http.HttpServer2 (HttpServer2.java:addFilter(1007)) - Added filter static_user_filter (class=org.apache.hadoop.http.lib.StaticUserWebFilter$StaticUserFilter) to context hddsDatanode
2023-03-29 21:17:00,059 [Listener at 127.0.0.1/45803] INFO  http.HttpServer2 (HttpServer2.java:addFilter(1015)) - Added filter static_user_filter (class=org.apache.hadoop.http.lib.StaticUserWebFilter$StaticUserFilter) to context logs
2023-03-29 21:17:00,059 [Listener at 127.0.0.1/45803] INFO  http.HttpServer2 (HttpServer2.java:addFilter(1015)) - Added filter static_user_filter (class=org.apache.hadoop.http.lib.StaticUserWebFilter$StaticUserFilter) to context static
2023-03-29 21:17:00,060 [Listener at 127.0.0.1/45803] INFO  http.BaseHttpServer (BaseHttpServer.java:<init>(190)) - HTTP server of hddsDatanode uses base directory /home/runner/work/ozone/ozone/hadoop-ozone/integration-test/target/test-dir/MiniOzoneClusterImpl-0d447e97-01e2-4ef6-85fe-af16170d97c2/datanode-2/meta/webserver
2023-03-29 21:17:00,060 [Listener at 127.0.0.1/45803] INFO  http.HttpServer2 (HttpServer2.java:bindListener(1250)) - Jetty bound to port 43327
2023-03-29 21:17:00,060 [Listener at 127.0.0.1/45803] INFO  server.Server (Server.java:doStart(375)) - jetty-9.4.49.v20220914; built: 2022-09-14T01:07:36.601Z; git: 4231a3b2e4cb8548a412a789936d640a97b1aa0a; jvm 1.8.0_362-b09
2023-03-29 21:17:00,065 [Listener at 127.0.0.1/45803] INFO  server.session (DefaultSessionIdManager.java:doStart(334)) - DefaultSessionIdManager workerName=node0
2023-03-29 21:17:00,065 [Listener at 127.0.0.1/45803] INFO  server.session (DefaultSessionIdManager.java:doStart(339)) - No SessionScavenger set, using defaults
2023-03-29 21:17:00,066 [Listener at 127.0.0.1/45803] INFO  server.session (HouseKeeper.java:startScavenging(132)) - node0 Scavenging every 660000ms
2023-03-29 21:17:00,066 [Listener at 127.0.0.1/45803] INFO  handler.ContextHandler (ContextHandler.java:doStart(921)) - Started o.e.j.s.ServletContextHandler@13187e3d{logs,/logs,file:///home/runner/work/ozone/ozone/hadoop-ozone/integration-test/target/log,AVAILABLE}
2023-03-29 21:17:00,067 [Listener at 127.0.0.1/45803] INFO  handler.ContextHandler (ContextHandler.java:doStart(921)) - Started o.e.j.s.ServletContextHandler@67751f63{static,/static,jar:file:/home/runner/.m2/repository/org/apache/ozone/hdds-container-service/1.4.0-SNAPSHOT/hdds-container-service-1.4.0-SNAPSHOT.jar!/webapps/static,AVAILABLE}
2023-03-29 21:17:00,070 [om1@group-C5BA1605619E-FollowerState] INFO  impl.FollowerState (FollowerState.java:run(143)) - om1@group-C5BA1605619E-FollowerState: change to CANDIDATE, lastRpcElapsedTime:1138129329ns, electionTimeout:1137ms
2023-03-29 21:17:00,070 [om1@group-C5BA1605619E-FollowerState] INFO  impl.RoleInfo (RoleInfo.java:shutdownFollowerState(110)) - om1: shutdown om1@group-C5BA1605619E-FollowerState
2023-03-29 21:17:00,070 [om1@group-C5BA1605619E-FollowerState] INFO  server.RaftServer$Division (RaftServerImpl.java:setRole(321)) - om1@group-C5BA1605619E: changes role from  FOLLOWER to CANDIDATE at term 0 for changeToCandidate
2023-03-29 21:17:00,070 [om1@group-C5BA1605619E-FollowerState] INFO  server.RaftServerConfigKeys (ConfUtils.java:logGet(46)) - raft.server.leaderelection.pre-vote = true (default)
2023-03-29 21:17:00,070 [om1@group-C5BA1605619E-FollowerState] INFO  impl.RoleInfo (RoleInfo.java:updateAndGet(139)) - om1: start om1@group-C5BA1605619E-LeaderElection10
2023-03-29 21:17:00,076 [om1@group-C5BA1605619E-LeaderElection10] INFO  impl.LeaderElection (LeaderElection.java:askForVotes(312)) - om1@group-C5BA1605619E-LeaderElection10 PRE_VOTE round 0: submit vote requests at term 0 for -1: peers:[om1|rpc:localhost:9872|priority:0|startupRole:FOLLOWER]|listeners:[], old=null
2023-03-29 21:17:00,076 [om1@group-C5BA1605619E-LeaderElection10] INFO  impl.LeaderElection (LeaderElection.java:askForVotes(314)) - om1@group-C5BA1605619E-LeaderElection10 PRE_VOTE round 0: result PASSED (term=0)
2023-03-29 21:17:00,078 [om1@group-C5BA1605619E-LeaderElection10] INFO  impl.LeaderElection (LeaderElection.java:askForVotes(312)) - om1@group-C5BA1605619E-LeaderElection10 ELECTION round 0: submit vote requests at term 1 for -1: peers:[om1|rpc:localhost:9872|priority:0|startupRole:FOLLOWER]|listeners:[], old=null
2023-03-29 21:17:00,078 [om1@group-C5BA1605619E-LeaderElection10] INFO  impl.LeaderElection (LeaderElection.java:askForVotes(314)) - om1@group-C5BA1605619E-LeaderElection10 ELECTION round 0: result PASSED (term=1)
2023-03-29 21:17:00,078 [om1@group-C5BA1605619E-LeaderElection10] INFO  impl.RoleInfo (RoleInfo.java:shutdownLeaderElection(130)) - om1: shutdown om1@group-C5BA1605619E-LeaderElection10
2023-03-29 21:17:00,078 [om1@group-C5BA1605619E-LeaderElection10] INFO  server.RaftServer$Division (RaftServerImpl.java:setRole(321)) - om1@group-C5BA1605619E: changes role from CANDIDATE to LEADER at term 1 for changeToLeader
2023-03-29 21:17:00,078 [om1@group-C5BA1605619E-LeaderElection10] INFO  server.RaftServer$Division (ServerState.java:setLeader(313)) - om1@group-C5BA1605619E: change Leader from null to om1 at term 1 for becomeLeader, leader elected after 1530ms
2023-03-29 21:17:00,078 [om1@group-C5BA1605619E-LeaderElection10] INFO  server.RaftServerConfigKeys (ConfUtils.java:logGet(46)) - raft.server.staging.catchup.gap = 1000 (default)
2023-03-29 21:17:00,081 [om1@group-C5BA1605619E-LeaderElection10] INFO  server.RaftServerConfigKeys (ConfUtils.java:logGet(46)) - raft.server.write.element-limit = 4096 (default)
2023-03-29 21:17:00,081 [om1@group-C5BA1605619E-LeaderElection10] INFO  server.RaftServerConfigKeys (ConfUtils.java:logGet(46)) - raft.server.write.byte-limit = 64MB (=67108864) (default)
2023-03-29 21:17:00,081 [om1@group-C5BA1605619E-LeaderElection10] INFO  server.RaftServerConfigKeys (ConfUtils.java:logGet(46)) - raft.server.watch.timeout = 10s (default)
2023-03-29 21:17:00,081 [om1@group-C5BA1605619E-LeaderElection10] INFO  server.RaftServerConfigKeys (ConfUtils.java:logGet(46)) - raft.server.watch.timeout.denomination = 1s (default)
2023-03-29 21:17:00,081 [om1@group-C5BA1605619E-LeaderElection10] INFO  server.RaftServerConfigKeys (ConfUtils.java:logGet(46)) - raft.server.watch.element-limit = 65536 (default)
2023-03-29 21:17:00,081 [om1@group-C5BA1605619E-LeaderElection10] INFO  server.RaftServerConfigKeys (ConfUtils.java:logGet(46)) - raft.server.write.element-limit = 4096 (default)
2023-03-29 21:17:00,081 [om1@group-C5BA1605619E-LeaderElection10] INFO  server.RaftServerConfigKeys (ConfUtils.java:logGet(46)) - raft.server.write.follower.gap.ratio.max = -1.0 (default)
2023-03-29 21:17:00,082 [om1@group-C5BA1605619E-LeaderElection10] INFO  impl.RoleInfo (RoleInfo.java:updateAndGet(139)) - om1: start om1@group-C5BA1605619E-LeaderStateImpl
2023-03-29 21:17:00,082 [om1@group-C5BA1605619E-LeaderElection10] INFO  segmented.SegmentedRaftLogWorker (SegmentedRaftLogWorker.java:startLogSegment(452)) - om1@group-C5BA1605619E-SegmentedRaftLogWorker: Starting segment from index:0
2023-03-29 21:17:00,091 [om1@group-C5BA1605619E-SegmentedRaftLogWorker] INFO  segmented.SegmentedRaftLogWorker (SegmentedRaftLogWorker.java:execute(656)) - om1@group-C5BA1605619E-SegmentedRaftLogWorker: created new log segment /home/runner/work/ozone/ozone/hadoop-ozone/integration-test/target/test-dir/MiniOzoneClusterImpl-0d447e97-01e2-4ef6-85fe-af16170d97c2/ozone-meta/ratis/bf265839-605b-3f16-9796-c5ba1605619e/current/log_inprogress_0
2023-03-29 21:17:00,092 [om1@group-C5BA1605619E-LeaderElection10] INFO  server.RaftServer$Division (ServerState.java:setRaftConf(430)) - om1@group-C5BA1605619E: set configuration 0: peers:[om1|rpc:localhost:9872|admin:|client:|dataStream:|priority:0|startupRole:FOLLOWER]|listeners:[], old=null
2023-03-29 21:17:00,093 [om1@group-C5BA1605619E-StateMachineUpdater] INFO  ratis.OzoneManagerStateMachine (OzoneManagerStateMachine.java:notifyConfigurationChanged(192)) - Received Configuration change notification from Ratis. New Peer list:
[id: "om1"
address: "localhost:9872"
startupRole: FOLLOWER
]
2023-03-29 21:17:00,278 [Listener at 127.0.0.1/45803] INFO  handler.ContextHandler (ContextHandler.java:doStart(921)) - Started o.e.j.w.WebAppContext@1939df46{hddsDatanode,/,file:///home/runner/work/ozone/ozone/hadoop-ozone/integration-test/target/test-dir/MiniOzoneClusterImpl-0d447e97-01e2-4ef6-85fe-af16170d97c2/datanode-2/meta/webserver/jetty-0_0_0_0-43327-hdds-container-service-1_4_0-SNAPSHOT_jar-_-any-3515937381145447885/webapp/,AVAILABLE}{jar:file:/home/runner/.m2/repository/org/apache/ozone/hdds-container-service/1.4.0-SNAPSHOT/hdds-container-service-1.4.0-SNAPSHOT.jar!/webapps/hddsDatanode}
2023-03-29 21:17:00,280 [Listener at 127.0.0.1/45803] INFO  server.AbstractConnector (AbstractConnector.java:doStart(333)) - Started ServerConnector@7d981135{HTTP/1.1, (http/1.1)}{0.0.0.0:43327}
2023-03-29 21:17:00,280 [Listener at 127.0.0.1/45803] INFO  server.Server (Server.java:doStart(415)) - Started @74046ms
2023-03-29 21:17:00,280 [Listener at 127.0.0.1/45803] WARN  impl.MetricsSystemImpl (MetricsSystemImpl.java:register(279)) - Sink prometheus already exists!
2023-03-29 21:17:00,281 [Listener at 127.0.0.1/45803] INFO  http.BaseHttpServer (BaseHttpServer.java:updateConnectorAddress(344)) - HTTP server of hddsDatanode listening at http://0.0.0.0:43327
2023-03-29 21:17:00,281 [Datanode State Machine Daemon Thread] INFO  statemachine.DatanodeStateMachine (DatanodeStateMachine.java:lambda$startDaemon$0(517)) - Ozone container server started.
2023-03-29 21:17:00,282 [Listener at 127.0.0.1/45803] INFO  ozone.MiniOzoneClusterImpl (MiniOzoneClusterImpl.java:lambda$waitForClusterToBeReady$0(222)) - Waiting for nodes to be ready. Got 0 of 3 DN Heartbeats.
2023-03-29 21:17:00,283 [Listener at 127.0.0.1/45803] INFO  ozone.MiniOzoneClusterImpl (MiniOzoneClusterImpl.java:lambda$waitForClusterToBeReady$0(225)) - Waiting for cluster to exit safe mode
2023-03-29 21:17:00,283 [Listener at 127.0.0.1/45803] INFO  ozone.MiniOzoneClusterImpl (MiniOzoneClusterImpl.java:lambda$waitForClusterToBeReady$0(227)) - SCM became leader
2023-03-29 21:17:00,285 [org.apache.hadoop.util.JvmPauseMonitor$Monitor@3c5c4487] INFO  util.JvmPauseMonitor (JvmPauseMonitor.java:run(188)) - Starting JVM pause monitor
2023-03-29 21:17:00,287 [Datanode State Machine Task Thread - 0] INFO  datanode.InitDatanodeState (InitDatanodeState.java:persistContainerDatanodeDetails(138)) - DatanodeDetails is persisted to /home/runner/work/ozone/ozone/hadoop-ozone/integration-test/target/test-dir/MiniOzoneClusterImpl-0d447e97-01e2-4ef6-85fe-af16170d97c2/datanode-2/meta/datanode.id
2023-03-29 21:17:01,283 [Listener at 127.0.0.1/45803] INFO  ozone.MiniOzoneClusterImpl (MiniOzoneClusterImpl.java:lambda$waitForClusterToBeReady$0(222)) - Waiting for nodes to be ready. Got 0 of 3 DN Heartbeats.
2023-03-29 21:17:01,283 [Listener at 127.0.0.1/45803] INFO  ozone.MiniOzoneClusterImpl (MiniOzoneClusterImpl.java:lambda$waitForClusterToBeReady$0(225)) - Waiting for cluster to exit safe mode
2023-03-29 21:17:01,283 [Listener at 127.0.0.1/45803] INFO  ozone.MiniOzoneClusterImpl (MiniOzoneClusterImpl.java:lambda$waitForClusterToBeReady$0(227)) - SCM became leader
2023-03-29 21:17:01,366 [EndpointStateMachine task thread for /0.0.0.0:36517 - 0 ] INFO  utils.DatanodeStoreCache (DatanodeStoreCache.java:addDB(58)) - Added db /home/runner/work/ozone/ozone/hadoop-ozone/integration-test/target/test-dir/MiniOzoneClusterImpl-0d447e97-01e2-4ef6-85fe-af16170d97c2/datanode-0/data-0/containers/hdds/0d447e97-01e2-4ef6-85fe-af16170d97c2/DS-9511dc6a-f6cb-464e-a53d-1840dc571d84/container.db to cache
2023-03-29 21:17:01,366 [EndpointStateMachine task thread for /0.0.0.0:36517 - 0 ] INFO  volume.HddsVolume (HddsVolume.java:createDbStore(350)) - SchemaV3 db is created and loaded at /home/runner/work/ozone/ozone/hadoop-ozone/integration-test/target/test-dir/MiniOzoneClusterImpl-0d447e97-01e2-4ef6-85fe-af16170d97c2/datanode-0/data-0/containers/hdds/0d447e97-01e2-4ef6-85fe-af16170d97c2/DS-9511dc6a-f6cb-464e-a53d-1840dc571d84/container.db for volume DS-9511dc6a-f6cb-464e-a53d-1840dc571d84
2023-03-29 21:17:01,367 [EndpointStateMachine task thread for /0.0.0.0:36517 - 0 ] INFO  ozoneimpl.OzoneContainer (OzoneContainer.java:start(397)) - Attempting to start container services.
2023-03-29 21:17:01,367 [EndpointStateMachine task thread for /0.0.0.0:36517 - 0 ] INFO  ozoneimpl.OzoneContainer (OzoneContainer.java:startContainerScrub(314)) - Scheduled background container scanners and the on-demand container scanner have been disabled.
2023-03-29 21:17:01,372 [EndpointStateMachine task thread for /0.0.0.0:36517 - 0 ] INFO  replication.ReplicationServer (ReplicationServer.java:start(109)) - ReplicationServer is started using port 37697
2023-03-29 21:17:01,372 [EndpointStateMachine task thread for /0.0.0.0:36517 - 0 ] INFO  ratis.XceiverServerRatis (XceiverServerRatis.java:start(517)) - Starting XceiverServerRatis 5ce02ec3-1add-4276-9232-59c2d20bf885
2023-03-29 21:17:01,374 [EndpointStateMachine task thread for /0.0.0.0:36517 - 0 ] INFO  server.RaftServer (RaftServerProxy.java:startImpl(393)) - 5ce02ec3-1add-4276-9232-59c2d20bf885: start RPC server
2023-03-29 21:17:01,378 [EndpointStateMachine task thread for /0.0.0.0:36517 - 0 ] INFO  server.GrpcService (GrpcService.java:startImpl(262)) - 5ce02ec3-1add-4276-9232-59c2d20bf885: GrpcService started, listening on 35345
2023-03-29 21:17:01,379 [EndpointStateMachine task thread for /0.0.0.0:36517 - 0 ] INFO  ratis.XceiverServerRatis (XceiverServerRatis.java:getRealPort(543)) - XceiverServerRatis 5ce02ec3-1add-4276-9232-59c2d20bf885 is started using port 35345 for RATIS
2023-03-29 21:17:01,379 [EndpointStateMachine task thread for /0.0.0.0:36517 - 0 ] INFO  ratis.XceiverServerRatis (XceiverServerRatis.java:getRealPort(543)) - XceiverServerRatis 5ce02ec3-1add-4276-9232-59c2d20bf885 is started using port 35345 for RATIS_ADMIN
2023-03-29 21:17:01,379 [EndpointStateMachine task thread for /0.0.0.0:36517 - 0 ] INFO  ratis.XceiverServerRatis (XceiverServerRatis.java:getRealPort(543)) - XceiverServerRatis 5ce02ec3-1add-4276-9232-59c2d20bf885 is started using port 35345 for RATIS_SERVER
2023-03-29 21:17:01,379 [EndpointStateMachine task thread for /0.0.0.0:36517 - 0 ] INFO  ratis.XceiverServerRatis (XceiverServerRatis.java:getRealPort(543)) - XceiverServerRatis 5ce02ec3-1add-4276-9232-59c2d20bf885 is started using port 35525 for RATIS_DATASTREAM
2023-03-29 21:17:01,379 [JvmPauseMonitor7] INFO  util.JvmPauseMonitor (JvmPauseMonitor.java:run(105)) - JvmPauseMonitor-5ce02ec3-1add-4276-9232-59c2d20bf885: Started
2023-03-29 21:17:01,381 [EndpointStateMachine task thread for /0.0.0.0:36517 - 0 ] INFO  server.XceiverServerGrpc (XceiverServerGrpc.java:start(180)) - XceiverServerGrpc 5ce02ec3-1add-4276-9232-59c2d20bf885 is started using port 35807
2023-03-29 21:17:01,383 [BlockDeletingService#0] INFO  interfaces.ContainerDeletionChoosingPolicyTemplate (ContainerDeletionChoosingPolicyTemplate.java:chooseContainerForBlockDeletion(83)) - Chosen 0/5000 blocks from 0 candidate containers.
2023-03-29 21:17:01,951 [EndpointStateMachine task thread for /0.0.0.0:36517 - 0 ] INFO  utils.DatanodeStoreCache (DatanodeStoreCache.java:addDB(58)) - Added db /home/runner/work/ozone/ozone/hadoop-ozone/integration-test/target/test-dir/MiniOzoneClusterImpl-0d447e97-01e2-4ef6-85fe-af16170d97c2/datanode-1/data-0/containers/hdds/0d447e97-01e2-4ef6-85fe-af16170d97c2/DS-3c5c0f4a-830b-433a-87ca-1a0765d7e334/container.db to cache
2023-03-29 21:17:01,951 [EndpointStateMachine task thread for /0.0.0.0:36517 - 0 ] INFO  volume.HddsVolume (HddsVolume.java:createDbStore(350)) - SchemaV3 db is created and loaded at /home/runner/work/ozone/ozone/hadoop-ozone/integration-test/target/test-dir/MiniOzoneClusterImpl-0d447e97-01e2-4ef6-85fe-af16170d97c2/datanode-1/data-0/containers/hdds/0d447e97-01e2-4ef6-85fe-af16170d97c2/DS-3c5c0f4a-830b-433a-87ca-1a0765d7e334/container.db for volume DS-3c5c0f4a-830b-433a-87ca-1a0765d7e334
2023-03-29 21:17:01,952 [EndpointStateMachine task thread for /0.0.0.0:36517 - 0 ] INFO  ozoneimpl.OzoneContainer (OzoneContainer.java:start(397)) - Attempting to start container services.
2023-03-29 21:17:01,952 [EndpointStateMachine task thread for /0.0.0.0:36517 - 0 ] INFO  ozoneimpl.OzoneContainer (OzoneContainer.java:startContainerScrub(314)) - Scheduled background container scanners and the on-demand container scanner have been disabled.
2023-03-29 21:17:01,954 [EndpointStateMachine task thread for /0.0.0.0:36517 - 0 ] INFO  replication.ReplicationServer (ReplicationServer.java:start(109)) - ReplicationServer is started using port 38049
2023-03-29 21:17:01,954 [EndpointStateMachine task thread for /0.0.0.0:36517 - 0 ] INFO  ratis.XceiverServerRatis (XceiverServerRatis.java:start(517)) - Starting XceiverServerRatis e304c585-3570-440e-99de-d9fa99700cf9
2023-03-29 21:17:01,955 [EndpointStateMachine task thread for /0.0.0.0:36517 - 0 ] INFO  server.RaftServer (RaftServerProxy.java:startImpl(393)) - e304c585-3570-440e-99de-d9fa99700cf9: start RPC server
2023-03-29 21:17:01,961 [EndpointStateMachine task thread for /0.0.0.0:36517 - 0 ] INFO  server.GrpcService (GrpcService.java:startImpl(262)) - e304c585-3570-440e-99de-d9fa99700cf9: GrpcService started, listening on 36943
2023-03-29 21:17:01,961 [EndpointStateMachine task thread for /0.0.0.0:36517 - 0 ] INFO  ratis.XceiverServerRatis (XceiverServerRatis.java:getRealPort(543)) - XceiverServerRatis e304c585-3570-440e-99de-d9fa99700cf9 is started using port 36943 for RATIS
2023-03-29 21:17:01,961 [JvmPauseMonitor8] INFO  util.JvmPauseMonitor (JvmPauseMonitor.java:run(105)) - JvmPauseMonitor-e304c585-3570-440e-99de-d9fa99700cf9: Started
2023-03-29 21:17:01,961 [EndpointStateMachine task thread for /0.0.0.0:36517 - 0 ] INFO  ratis.XceiverServerRatis (XceiverServerRatis.java:getRealPort(543)) - XceiverServerRatis e304c585-3570-440e-99de-d9fa99700cf9 is started using port 36943 for RATIS_ADMIN
2023-03-29 21:17:01,962 [EndpointStateMachine task thread for /0.0.0.0:36517 - 0 ] INFO  ratis.XceiverServerRatis (XceiverServerRatis.java:getRealPort(543)) - XceiverServerRatis e304c585-3570-440e-99de-d9fa99700cf9 is started using port 36943 for RATIS_SERVER
2023-03-29 21:17:01,962 [EndpointStateMachine task thread for /0.0.0.0:36517 - 0 ] INFO  ratis.XceiverServerRatis (XceiverServerRatis.java:getRealPort(543)) - XceiverServerRatis e304c585-3570-440e-99de-d9fa99700cf9 is started using port 42751 for RATIS_DATASTREAM
2023-03-29 21:17:01,963 [EndpointStateMachine task thread for /0.0.0.0:36517 - 0 ] INFO  server.XceiverServerGrpc (XceiverServerGrpc.java:start(180)) - XceiverServerGrpc e304c585-3570-440e-99de-d9fa99700cf9 is started using port 33437
2023-03-29 21:17:01,964 [BlockDeletingService#0] INFO  interfaces.ContainerDeletionChoosingPolicyTemplate (ContainerDeletionChoosingPolicyTemplate.java:chooseContainerForBlockDeletion(83)) - Chosen 0/5000 blocks from 0 candidate containers.
2023-03-29 21:17:02,284 [Listener at 127.0.0.1/45803] INFO  ozone.MiniOzoneClusterImpl (MiniOzoneClusterImpl.java:lambda$waitForClusterToBeReady$0(222)) - Waiting for nodes to be ready. Got 0 of 3 DN Heartbeats.
2023-03-29 21:17:02,284 [Listener at 127.0.0.1/45803] INFO  ozone.MiniOzoneClusterImpl (MiniOzoneClusterImpl.java:lambda$waitForClusterToBeReady$0(225)) - Waiting for cluster to exit safe mode
2023-03-29 21:17:02,284 [Listener at 127.0.0.1/45803] INFO  ozone.MiniOzoneClusterImpl (MiniOzoneClusterImpl.java:lambda$waitForClusterToBeReady$0(227)) - SCM became leader
2023-03-29 21:17:02,311 [EndpointStateMachine task thread for /0.0.0.0:36517 - 0 ] INFO  utils.DatanodeStoreCache (DatanodeStoreCache.java:addDB(58)) - Added db /home/runner/work/ozone/ozone/hadoop-ozone/integration-test/target/test-dir/MiniOzoneClusterImpl-0d447e97-01e2-4ef6-85fe-af16170d97c2/datanode-2/data-0/containers/hdds/0d447e97-01e2-4ef6-85fe-af16170d97c2/DS-5346ab43-19b1-4447-ada8-9fde3725b091/container.db to cache
2023-03-29 21:17:02,311 [EndpointStateMachine task thread for /0.0.0.0:36517 - 0 ] INFO  volume.HddsVolume (HddsVolume.java:createDbStore(350)) - SchemaV3 db is created and loaded at /home/runner/work/ozone/ozone/hadoop-ozone/integration-test/target/test-dir/MiniOzoneClusterImpl-0d447e97-01e2-4ef6-85fe-af16170d97c2/datanode-2/data-0/containers/hdds/0d447e97-01e2-4ef6-85fe-af16170d97c2/DS-5346ab43-19b1-4447-ada8-9fde3725b091/container.db for volume DS-5346ab43-19b1-4447-ada8-9fde3725b091
2023-03-29 21:17:02,312 [EndpointStateMachine task thread for /0.0.0.0:36517 - 0 ] INFO  ozoneimpl.OzoneContainer (OzoneContainer.java:start(397)) - Attempting to start container services.
2023-03-29 21:17:02,312 [EndpointStateMachine task thread for /0.0.0.0:36517 - 0 ] INFO  ozoneimpl.OzoneContainer (OzoneContainer.java:startContainerScrub(314)) - Scheduled background container scanners and the on-demand container scanner have been disabled.
2023-03-29 21:17:02,314 [EndpointStateMachine task thread for /0.0.0.0:36517 - 0 ] INFO  replication.ReplicationServer (ReplicationServer.java:start(109)) - ReplicationServer is started using port 33087
2023-03-29 21:17:02,314 [EndpointStateMachine task thread for /0.0.0.0:36517 - 0 ] INFO  ratis.XceiverServerRatis (XceiverServerRatis.java:start(517)) - Starting XceiverServerRatis e7b6a9e0-ae39-4816-bb7d-645997ba7398
2023-03-29 21:17:02,317 [EndpointStateMachine task thread for /0.0.0.0:36517 - 0 ] INFO  server.RaftServer (RaftServerProxy.java:startImpl(393)) - e7b6a9e0-ae39-4816-bb7d-645997ba7398: start RPC server
2023-03-29 21:17:02,318 [EndpointStateMachine task thread for /0.0.0.0:36517 - 0 ] INFO  server.GrpcService (GrpcService.java:startImpl(262)) - e7b6a9e0-ae39-4816-bb7d-645997ba7398: GrpcService started, listening on 43339
2023-03-29 21:17:02,318 [EndpointStateMachine task thread for /0.0.0.0:36517 - 0 ] INFO  ratis.XceiverServerRatis (XceiverServerRatis.java:getRealPort(543)) - XceiverServerRatis e7b6a9e0-ae39-4816-bb7d-645997ba7398 is started using port 43339 for RATIS
2023-03-29 21:17:02,318 [EndpointStateMachine task thread for /0.0.0.0:36517 - 0 ] INFO  ratis.XceiverServerRatis (XceiverServerRatis.java:getRealPort(543)) - XceiverServerRatis e7b6a9e0-ae39-4816-bb7d-645997ba7398 is started using port 43339 for RATIS_ADMIN
2023-03-29 21:17:02,318 [JvmPauseMonitor9] INFO  util.JvmPauseMonitor (JvmPauseMonitor.java:run(105)) - JvmPauseMonitor-e7b6a9e0-ae39-4816-bb7d-645997ba7398: Started
2023-03-29 21:17:02,318 [EndpointStateMachine task thread for /0.0.0.0:36517 - 0 ] INFO  ratis.XceiverServerRatis (XceiverServerRatis.java:getRealPort(543)) - XceiverServerRatis e7b6a9e0-ae39-4816-bb7d-645997ba7398 is started using port 43339 for RATIS_SERVER
2023-03-29 21:17:02,319 [EndpointStateMachine task thread for /0.0.0.0:36517 - 0 ] INFO  ratis.XceiverServerRatis (XceiverServerRatis.java:getRealPort(543)) - XceiverServerRatis e7b6a9e0-ae39-4816-bb7d-645997ba7398 is started using port 42737 for RATIS_DATASTREAM
2023-03-29 21:17:02,321 [EndpointStateMachine task thread for /0.0.0.0:36517 - 0 ] INFO  server.XceiverServerGrpc (XceiverServerGrpc.java:start(180)) - XceiverServerGrpc e7b6a9e0-ae39-4816-bb7d-645997ba7398 is started using port 37599
2023-03-29 21:17:02,321 [BlockDeletingService#0] INFO  interfaces.ContainerDeletionChoosingPolicyTemplate (ContainerDeletionChoosingPolicyTemplate.java:chooseContainerForBlockDeletion(83)) - Chosen 0/5000 blocks from 0 candidate containers.
2023-03-29 21:17:03,284 [Listener at 127.0.0.1/45803] INFO  ozone.MiniOzoneClusterImpl (MiniOzoneClusterImpl.java:lambda$waitForClusterToBeReady$0(222)) - Waiting for nodes to be ready. Got 0 of 3 DN Heartbeats.
2023-03-29 21:17:03,285 [Listener at 127.0.0.1/45803] INFO  ozone.MiniOzoneClusterImpl (MiniOzoneClusterImpl.java:lambda$waitForClusterToBeReady$0(225)) - Waiting for cluster to exit safe mode
2023-03-29 21:17:03,285 [Listener at 127.0.0.1/45803] INFO  ozone.MiniOzoneClusterImpl (MiniOzoneClusterImpl.java:lambda$waitForClusterToBeReady$0(227)) - SCM became leader
2023-03-29 21:17:03,337 [IPC Server handler 1 on default port 36517] INFO  net.NetworkTopologyImpl (NetworkTopologyImpl.java:add(112)) - Added a new node: /default-rack/5ce02ec3-1add-4276-9232-59c2d20bf885
2023-03-29 21:17:03,337 [IPC Server handler 1 on default port 36517] INFO  node.SCMNodeManager (SCMNodeManager.java:register(404)) - Registered Data node : 5ce02ec3-1add-4276-9232-59c2d20bf885{ip: 10.1.0.17, host: fv-az308-773, ports: [REPLICATION=37697, RATIS=35345, RATIS_ADMIN=35345, RATIS_SERVER=35345, RATIS_DATASTREAM=35525, STANDALONE=35807], networkLocation: /default-rack, certSerialId: null, persistedOpState: null, persistedOpStateExpiryEpochSec: 0}
2023-03-29 21:17:03,339 [EventQueue-NodeRegistrationContainerReportForContainerSafeModeRule] INFO  safemode.SCMSafeModeManager (SCMSafeModeManager.java:validateSafeModeExitRules(200)) - ContainerSafeModeRule rule is successfully validated
2023-03-29 21:17:03,339 [EventQueue-NodeRegistrationContainerReportForDataNodeSafeModeRule] INFO  safemode.SCMSafeModeManager (DataNodeSafeModeRule.java:process(71)) - SCM in safe mode. 1 DataNodes registered, 3 required.
2023-03-29 21:17:03,341 [EventQueue-PipelineReportForOneReplicaPipelineSafeModeRule] INFO  safemode.SCMSafeModeManager (SCMSafeModeManager.java:validateSafeModeExitRules(200)) - AtleastOneDatanodeReportedRule rule is successfully validated
2023-03-29 21:17:03,341 [EventQueue-NewNodeForNewNodeHandler] INFO  pipeline.BackgroundPipelineCreator (BackgroundPipelineCreator.java:notifyEventTriggered(276)) - trigger a one-shot run on RatisPipelineUtilsThread.
2023-03-29 21:17:03,342 [RatisPipelineUtilsThread - 0] INFO  pipeline.RatisPipelineProvider (RatisPipelineProvider.java:lambda$create$0(206)) - Sending CreatePipelineCommand for pipeline:PipelineID=b0753bb9-b8f2-41b0-9547-4ddad9061983 to datanode:5ce02ec3-1add-4276-9232-59c2d20bf885
2023-03-29 21:17:03,343 [RatisPipelineUtilsThread - 0] INFO  pipeline.PipelineStateManagerImpl (PipelineStateManagerImpl.java:addPipeline(103)) - Created pipeline Pipeline[ Id: b0753bb9-b8f2-41b0-9547-4ddad9061983, Nodes: 5ce02ec3-1add-4276-9232-59c2d20bf885(fv-az308-773/10.1.0.17), ReplicationConfig: RATIS/ONE, State:ALLOCATED, leaderId:, CreationTimestamp2023-03-29T21:17:03.342Z[Etc/UTC]].
2023-03-29 21:17:03,922 [IPC Server handler 2 on default port 36517] INFO  net.NetworkTopologyImpl (NetworkTopologyImpl.java:add(112)) - Added a new node: /default-rack/e304c585-3570-440e-99de-d9fa99700cf9
2023-03-29 21:17:03,923 [IPC Server handler 2 on default port 36517] INFO  node.SCMNodeManager (SCMNodeManager.java:register(404)) - Registered Data node : e304c585-3570-440e-99de-d9fa99700cf9{ip: 10.1.0.17, host: fv-az308-773, ports: [REPLICATION=38049, RATIS=36943, RATIS_ADMIN=36943, RATIS_SERVER=36943, RATIS_DATASTREAM=42751, STANDALONE=33437], networkLocation: /default-rack, certSerialId: null, persistedOpState: null, persistedOpStateExpiryEpochSec: 0}
2023-03-29 21:17:03,924 [EventQueue-NodeRegistrationContainerReportForDataNodeSafeModeRule] INFO  safemode.SCMSafeModeManager (DataNodeSafeModeRule.java:process(71)) - SCM in safe mode. 2 DataNodes registered, 3 required.
2023-03-29 21:17:03,924 [EventQueue-NewNodeForNewNodeHandler] INFO  pipeline.BackgroundPipelineCreator (BackgroundPipelineCreator.java:notifyEventTriggered(276)) - trigger a one-shot run on RatisPipelineUtilsThread.
2023-03-29 21:17:03,925 [RatisPipelineUtilsThread - 0] INFO  pipeline.RatisPipelineProvider (RatisPipelineProvider.java:lambda$create$0(206)) - Sending CreatePipelineCommand for pipeline:PipelineID=e1a27dc0-3c63-4876-8623-a3e3d26bad1e to datanode:e304c585-3570-440e-99de-d9fa99700cf9
2023-03-29 21:17:03,925 [RatisPipelineUtilsThread - 0] INFO  pipeline.PipelineStateManagerImpl (PipelineStateManagerImpl.java:addPipeline(103)) - Created pipeline Pipeline[ Id: e1a27dc0-3c63-4876-8623-a3e3d26bad1e, Nodes: e304c585-3570-440e-99de-d9fa99700cf9(fv-az308-773/10.1.0.17), ReplicationConfig: RATIS/ONE, State:ALLOCATED, leaderId:, CreationTimestamp2023-03-29T21:17:03.925Z[Etc/UTC]].
2023-03-29 21:17:04,285 [Listener at 127.0.0.1/45803] INFO  ozone.MiniOzoneClusterImpl (MiniOzoneClusterImpl.java:lambda$waitForClusterToBeReady$0(222)) - Waiting for nodes to be ready. Got 2 of 3 DN Heartbeats.
2023-03-29 21:17:04,285 [Listener at 127.0.0.1/45803] INFO  ozone.MiniOzoneClusterImpl (MiniOzoneClusterImpl.java:lambda$waitForClusterToBeReady$0(225)) - Waiting for cluster to exit safe mode
2023-03-29 21:17:04,285 [Listener at 127.0.0.1/45803] INFO  ozone.MiniOzoneClusterImpl (MiniOzoneClusterImpl.java:lambda$waitForClusterToBeReady$0(227)) - SCM became leader
2023-03-29 21:17:04,287 [IPC Server handler 0 on default port 36517] INFO  net.NetworkTopologyImpl (NetworkTopologyImpl.java:add(112)) - Added a new node: /default-rack/e7b6a9e0-ae39-4816-bb7d-645997ba7398
2023-03-29 21:17:04,287 [IPC Server handler 0 on default port 36517] INFO  node.SCMNodeManager (SCMNodeManager.java:register(404)) - Registered Data node : e7b6a9e0-ae39-4816-bb7d-645997ba7398{ip: 10.1.0.17, host: fv-az308-773, ports: [REPLICATION=33087, RATIS=43339, RATIS_ADMIN=43339, RATIS_SERVER=43339, RATIS_DATASTREAM=42737, STANDALONE=37599], networkLocation: /default-rack, certSerialId: null, persistedOpState: null, persistedOpStateExpiryEpochSec: 0}
2023-03-29 21:17:04,287 [EventQueue-NewNodeForNewNodeHandler] INFO  pipeline.BackgroundPipelineCreator (BackgroundPipelineCreator.java:notifyEventTriggered(276)) - trigger a one-shot run on RatisPipelineUtilsThread.
2023-03-29 21:17:04,288 [EventQueue-NodeRegistrationContainerReportForDataNodeSafeModeRule] INFO  safemode.SCMSafeModeManager (DataNodeSafeModeRule.java:process(71)) - SCM in safe mode. 3 DataNodes registered, 3 required.
2023-03-29 21:17:04,288 [EventQueue-NodeRegistrationContainerReportForDataNodeSafeModeRule] INFO  safemode.SCMSafeModeManager (SCMSafeModeManager.java:validateSafeModeExitRules(200)) - DataNodeSafeModeRule rule is successfully validated
2023-03-29 21:17:04,288 [RatisPipelineUtilsThread - 0] INFO  pipeline.RatisPipelineProvider (RatisPipelineProvider.java:lambda$create$0(206)) - Sending CreatePipelineCommand for pipeline:PipelineID=aa6063c2-df96-40ce-9a2b-8aebf895815c to datanode:e7b6a9e0-ae39-4816-bb7d-645997ba7398
2023-03-29 21:17:04,288 [EventQueue-NodeRegistrationContainerReportForDataNodeSafeModeRule] INFO  safemode.SCMSafeModeManager (SCMSafeModeManager.java:completePreCheck(229)) - All SCM safe mode pre check rules have passed
2023-03-29 21:17:04,288 [EventQueue-NodeRegistrationContainerReportForDataNodeSafeModeRule] INFO  ha.SCMContext (SCMContext.java:updateSafeModeStatus(228)) - Update SafeModeStatus from SafeModeStatus{safeModeStatus=true, preCheckPassed=false} to SafeModeStatus{safeModeStatus=true, preCheckPassed=true}.
2023-03-29 21:17:04,288 [EventQueue-NodeRegistrationContainerReportForDataNodeSafeModeRule] INFO  pipeline.BackgroundPipelineCreator (BackgroundPipelineCreator.java:notifyEventTriggered(276)) - trigger a one-shot run on RatisPipelineUtilsThread.
2023-03-29 21:17:04,289 [RatisPipelineUtilsThread - 0] INFO  pipeline.PipelineStateManagerImpl (PipelineStateManagerImpl.java:addPipeline(103)) - Created pipeline Pipeline[ Id: aa6063c2-df96-40ce-9a2b-8aebf895815c, Nodes: e7b6a9e0-ae39-4816-bb7d-645997ba7398(fv-az308-773/10.1.0.17), ReplicationConfig: RATIS/ONE, State:ALLOCATED, leaderId:, CreationTimestamp2023-03-29T21:17:04.288Z[Etc/UTC]].
2023-03-29 21:17:04,289 [RatisPipelineUtilsThread - 0] INFO  pipeline.RatisPipelineProvider (RatisPipelineProvider.java:lambda$create$0(206)) - Sending CreatePipelineCommand for pipeline:PipelineID=88b7c5b2-f75f-4133-a5a7-9fb0ee27115b to datanode:e304c585-3570-440e-99de-d9fa99700cf9
2023-03-29 21:17:04,289 [RatisPipelineUtilsThread - 0] INFO  pipeline.RatisPipelineProvider (RatisPipelineProvider.java:lambda$create$0(206)) - Sending CreatePipelineCommand for pipeline:PipelineID=88b7c5b2-f75f-4133-a5a7-9fb0ee27115b to datanode:e7b6a9e0-ae39-4816-bb7d-645997ba7398
2023-03-29 21:17:04,289 [RatisPipelineUtilsThread - 0] INFO  pipeline.RatisPipelineProvider (RatisPipelineProvider.java:lambda$create$0(206)) - Sending CreatePipelineCommand for pipeline:PipelineID=88b7c5b2-f75f-4133-a5a7-9fb0ee27115b to datanode:5ce02ec3-1add-4276-9232-59c2d20bf885
2023-03-29 21:17:04,290 [RatisPipelineUtilsThread - 0] INFO  pipeline.PipelineStateManagerImpl (PipelineStateManagerImpl.java:addPipeline(103)) - Created pipeline Pipeline[ Id: 88b7c5b2-f75f-4133-a5a7-9fb0ee27115b, Nodes: e304c585-3570-440e-99de-d9fa99700cf9(fv-az308-773/10.1.0.17)e7b6a9e0-ae39-4816-bb7d-645997ba7398(fv-az308-773/10.1.0.17)5ce02ec3-1add-4276-9232-59c2d20bf885(fv-az308-773/10.1.0.17), ReplicationConfig: RATIS/THREE, State:ALLOCATED, leaderId:, CreationTimestamp2023-03-29T21:17:04.289Z[Etc/UTC]].
2023-03-29 21:17:04,290 [RatisPipelineUtilsThread - 0] INFO  pipeline.RatisPipelineProvider (RatisPipelineProvider.java:lambda$create$0(206)) - Sending CreatePipelineCommand for pipeline:PipelineID=4223c33b-2598-4803-9bc1-40cffdd3bb84 to datanode:e7b6a9e0-ae39-4816-bb7d-645997ba7398
2023-03-29 21:17:04,290 [RatisPipelineUtilsThread - 0] INFO  pipeline.RatisPipelineProvider (RatisPipelineProvider.java:lambda$create$0(206)) - Sending CreatePipelineCommand for pipeline:PipelineID=4223c33b-2598-4803-9bc1-40cffdd3bb84 to datanode:5ce02ec3-1add-4276-9232-59c2d20bf885
2023-03-29 21:17:04,290 [RatisPipelineUtilsThread - 0] INFO  pipeline.RatisPipelineProvider (RatisPipelineProvider.java:lambda$create$0(206)) - Sending CreatePipelineCommand for pipeline:PipelineID=4223c33b-2598-4803-9bc1-40cffdd3bb84 to datanode:e304c585-3570-440e-99de-d9fa99700cf9
2023-03-29 21:17:04,291 [RatisPipelineUtilsThread - 0] INFO  pipeline.PipelineStateManagerImpl (PipelineStateManagerImpl.java:addPipeline(103)) - Created pipeline Pipeline[ Id: 4223c33b-2598-4803-9bc1-40cffdd3bb84, Nodes: e7b6a9e0-ae39-4816-bb7d-645997ba7398(fv-az308-773/10.1.0.17)5ce02ec3-1add-4276-9232-59c2d20bf885(fv-az308-773/10.1.0.17)e304c585-3570-440e-99de-d9fa99700cf9(fv-az308-773/10.1.0.17), ReplicationConfig: RATIS/THREE, State:ALLOCATED, leaderId:, CreationTimestamp2023-03-29T21:17:04.290Z[Etc/UTC]].
2023-03-29 21:17:04,291 [RatisPipelineUtilsThread - 0] INFO  pipeline.PipelineManagerImpl (PipelineManagerImpl.java:recordMetricsForPipeline(826)) - Pipeline: PipelineID=4223c33b-2598-4803-9bc1-40cffdd3bb84 contains same datanodes as previous pipelines: PipelineID=88b7c5b2-f75f-4133-a5a7-9fb0ee27115b nodeIds: e7b6a9e0-ae39-4816-bb7d-645997ba7398, 5ce02ec3-1add-4276-9232-59c2d20bf885, e304c585-3570-440e-99de-d9fa99700cf9
2023-03-29 21:17:04,291 [RatisPipelineUtilsThread - 0] WARN  pipeline.PipelinePlacementPolicy (PipelinePlacementPolicy.java:filterViableNodes(160)) - Pipeline creation failed due to no sufficient healthy datanodes. Required 3. Found 0. Excluded 3.
2023-03-29 21:17:04,292 [RatisPipelineUtilsThread - 0] WARN  pipeline.PipelinePlacementPolicy (PipelinePlacementPolicy.java:filterViableNodes(160)) - Pipeline creation failed due to no sufficient healthy datanodes. Required 3. Found 0. Excluded 3.
2023-03-29 21:17:05,286 [Listener at 127.0.0.1/45803] INFO  ozone.MiniOzoneClusterImpl (MiniOzoneClusterImpl.java:lambda$waitForClusterToBeReady$0(222)) - Nodes are ready. Got 3 of 3 DN Heartbeats.
2023-03-29 21:17:05,286 [Listener at 127.0.0.1/45803] INFO  ozone.MiniOzoneClusterImpl (MiniOzoneClusterImpl.java:lambda$waitForClusterToBeReady$0(225)) - Waiting for cluster to exit safe mode
2023-03-29 21:17:05,286 [Listener at 127.0.0.1/45803] INFO  ozone.MiniOzoneClusterImpl (MiniOzoneClusterImpl.java:lambda$waitForClusterToBeReady$0(227)) - SCM became leader
2023-03-29 21:17:06,286 [Listener at 127.0.0.1/45803] INFO  ozone.MiniOzoneClusterImpl (MiniOzoneClusterImpl.java:lambda$waitForClusterToBeReady$0(222)) - Nodes are ready. Got 3 of 3 DN Heartbeats.
2023-03-29 21:17:06,286 [Listener at 127.0.0.1/45803] INFO  ozone.MiniOzoneClusterImpl (MiniOzoneClusterImpl.java:lambda$waitForClusterToBeReady$0(225)) - Waiting for cluster to exit safe mode
2023-03-29 21:17:06,286 [Listener at 127.0.0.1/45803] INFO  ozone.MiniOzoneClusterImpl (MiniOzoneClusterImpl.java:lambda$waitForClusterToBeReady$0(227)) - SCM became leader
2023-03-29 21:17:06,336 [Command processor thread] INFO  server.RaftServer (RaftServerProxy.java:addNew(96)) - 5ce02ec3-1add-4276-9232-59c2d20bf885: addNew group-4DDAD9061983:[5ce02ec3-1add-4276-9232-59c2d20bf885|rpc:10.1.0.17:35345|dataStream:10.1.0.17:35525|priority:1|startupRole:FOLLOWER] returns group-4DDAD9061983:java.util.concurrent.CompletableFuture@2cd4bab3[Not completed]
2023-03-29 21:17:06,338 [pool-327-thread-1] INFO  server.RaftServer$Division (RaftServerImpl.java:<init>(195)) - 5ce02ec3-1add-4276-9232-59c2d20bf885: new RaftServerImpl for group-4DDAD9061983:[5ce02ec3-1add-4276-9232-59c2d20bf885|rpc:10.1.0.17:35345|dataStream:10.1.0.17:35525|priority:1|startupRole:FOLLOWER] with ContainerStateMachine:uninitialized
2023-03-29 21:17:06,338 [pool-327-thread-1] INFO  server.RaftServerConfigKeys (ConfUtils.java:logGet(46)) - raft.server.rpc.timeout.min = 5s (custom)
2023-03-29 21:17:06,339 [pool-327-thread-1] INFO  server.RaftServerConfigKeys (ConfUtils.java:logGet(46)) - raft.server.rpc.timeout.max = 5200ms (custom)
2023-03-29 21:17:06,339 [pool-327-thread-1] INFO  server.RaftServerConfigKeys (ConfUtils.java:logGet(46)) - raft.server.rpc.sleep.time = 25ms (default)
2023-03-29 21:17:06,339 [pool-327-thread-1] INFO  server.RaftServerConfigKeys (ConfUtils.java:logGet(46)) - raft.server.rpc.slowness.timeout = 300s (custom)
2023-03-29 21:17:06,339 [pool-327-thread-1] INFO  server.RaftServerConfigKeys (ConfUtils.java:logGet(46)) - raft.server.leaderelection.leader.step-down.wait-time = 10s (default)
2023-03-29 21:17:06,339 [pool-327-thread-1] INFO  server.RaftServerConfigKeys (ConfUtils.java:logGet(46)) - raft.server.sleep.deviation.threshold = 300ms (default)
2023-03-29 21:17:06,339 [pool-327-thread-1] INFO  server.RaftServer$Division (ServerState.java:<init>(118)) - 5ce02ec3-1add-4276-9232-59c2d20bf885@group-4DDAD9061983: ConfigurationManager, init=-1: peers:[5ce02ec3-1add-4276-9232-59c2d20bf885|rpc:10.1.0.17:35345|dataStream:10.1.0.17:35525|priority:1|startupRole:FOLLOWER]|listeners:[], old=null, confs=<EMPTY_MAP>
2023-03-29 21:17:06,339 [pool-327-thread-1] INFO  server.RaftServerConfigKeys (ConfUtils.java:logGet(46)) - raft.server.storage.dir = [/home/runner/work/ozone/ozone/hadoop-ozone/integration-test/target/test-dir/MiniOzoneClusterImpl-0d447e97-01e2-4ef6-85fe-af16170d97c2/datanode-0/data/ratis] (custom)
2023-03-29 21:17:06,339 [pool-327-thread-1] INFO  server.RaftServerConfigKeys (ConfUtils.java:logGet(46)) - raft.server.log.corruption.policy = EXCEPTION (default)
2023-03-29 21:17:06,339 [pool-327-thread-1] INFO  server.RaftServerConfigKeys (ConfUtils.java:logGet(46)) - raft.server.storage.free-space.min = 0MB (=0) (default)
2023-03-29 21:17:06,339 [pool-327-thread-1] INFO  server.RaftServerConfigKeys (ConfUtils.java:logGet(46)) - raft.server.notification.no-leader.timeout = 300s (custom)
2023-03-29 21:17:06,339 [pool-327-thread-1] INFO  server.RaftServerConfigKeys (ConfUtils.java:logGet(46)) - raft.server.retrycache.expirytime = 600000ms (custom)
2023-03-29 21:17:06,339 [pool-327-thread-1] INFO  server.RaftServerConfigKeys (ConfUtils.java:logGet(46)) - raft.server.retrycache.statistics.expirytime = 100μs (default)
2023-03-29 21:17:06,341 [pool-327-thread-1] INFO  server.RaftServerConfigKeys (ConfUtils.java:logGet(46)) - raft.server.log.appender.install.snapshot.enabled = false (custom)
2023-03-29 21:17:06,341 [pool-327-thread-1] INFO  server.RaftServerConfigKeys (ConfUtils.java:logGet(46)) - raft.server.threadpool.server.cached = true (default)
2023-03-29 21:17:06,341 [pool-327-thread-1] INFO  server.RaftServerConfigKeys (ConfUtils.java:logGet(46)) - raft.server.threadpool.server.size = 0 (default)
2023-03-29 21:17:06,341 [pool-327-thread-1] INFO  server.RaftServerConfigKeys (ConfUtils.java:logGet(46)) - raft.server.threadpool.client.cached = true (default)
2023-03-29 21:17:06,341 [pool-327-thread-1] INFO  server.RaftServerConfigKeys (ConfUtils.java:logGet(46)) - raft.server.threadpool.client.size = 0 (default)
2023-03-29 21:17:06,342 [pool-327-thread-1] INFO  storage.RaftStorageDirectory (RaftStorageDirectoryImpl.java:analyzeStorage(137)) - The storage directory /home/runner/work/ozone/ozone/hadoop-ozone/integration-test/target/test-dir/MiniOzoneClusterImpl-0d447e97-01e2-4ef6-85fe-af16170d97c2/datanode-0/data/ratis/b0753bb9-b8f2-41b0-9547-4ddad9061983 does not exist. Creating ...
2023-03-29 21:17:06,343 [pool-327-thread-1] INFO  storage.RaftStorageDirectory (RaftStorageDirectoryImpl.java:tryLock(231)) - Lock on /home/runner/work/ozone/ozone/hadoop-ozone/integration-test/target/test-dir/MiniOzoneClusterImpl-0d447e97-01e2-4ef6-85fe-af16170d97c2/datanode-0/data/ratis/b0753bb9-b8f2-41b0-9547-4ddad9061983/in_use.lock acquired by nodename 46426@fv-az308-773
2023-03-29 21:17:06,344 [pool-327-thread-1] INFO  storage.RaftStorage (RaftStorageImpl.java:format(96)) - Storage directory /home/runner/work/ozone/ozone/hadoop-ozone/integration-test/target/test-dir/MiniOzoneClusterImpl-0d447e97-01e2-4ef6-85fe-af16170d97c2/datanode-0/data/ratis/b0753bb9-b8f2-41b0-9547-4ddad9061983 has been successfully formatted.
2023-03-29 21:17:06,345 [pool-327-thread-1] INFO  ratis.ContainerStateMachine (ContainerStateMachine.java:loadSnapshot(262)) - group-4DDAD9061983: The snapshot info is null. Setting the last applied indexto:(t:0, i:~)
2023-03-29 21:17:06,345 [pool-327-thread-1] INFO  server.RaftServerConfigKeys (ConfUtils.java:logGet(46)) - raft.server.log.use.memory = false (default)
2023-03-29 21:17:06,345 [pool-327-thread-1] INFO  server.RaftServerConfigKeys (ConfUtils.java:logGet(46)) - raft.server.log.purge.gap = 1000000 (custom)
2023-03-29 21:17:06,345 [pool-327-thread-1] INFO  server.RaftServerConfigKeys (ConfUtils.java:logGet(46)) - raft.server.log.appender.buffer.byte-limit = 33554432 (custom)
2023-03-29 21:17:06,345 [pool-327-thread-1] INFO  server.RaftServerConfigKeys (ConfUtils.java:logGet(46)) - raft.server.log.statemachine.data.read.timeout = 1000ms (default)
2023-03-29 21:17:06,345 [pool-327-thread-1] INFO  server.RaftServerConfigKeys (ConfUtils.java:logGet(46)) - raft.server.log.purge.preservation.log.num = 0 (default)
2023-03-29 21:17:06,345 [pool-327-thread-1] INFO  server.RaftServerConfigKeys (ConfUtils.java:logGet(46)) - raft.server.log.segment.size.max = 1048576 (custom)
2023-03-29 21:17:06,345 [pool-327-thread-1] INFO  server.RaftServerConfigKeys (ConfUtils.java:logGet(46)) - raft.server.log.segment.cache.num.max = 2 (custom)
2023-03-29 21:17:06,345 [pool-327-thread-1] INFO  server.RaftServerConfigKeys (ConfUtils.java:logGet(46)) - raft.server.log.segment.cache.size.max = 200MB (=209715200) (default)
2023-03-29 21:17:06,346 [pool-327-thread-1] INFO  segmented.SegmentedRaftLogWorker (SegmentedRaftLogWorker.java:<init>(189)) - new 5ce02ec3-1add-4276-9232-59c2d20bf885@group-4DDAD9061983-SegmentedRaftLogWorker for RaftStorageImpl:Storage Directory /home/runner/work/ozone/ozone/hadoop-ozone/integration-test/target/test-dir/MiniOzoneClusterImpl-0d447e97-01e2-4ef6-85fe-af16170d97c2/datanode-0/data/ratis/b0753bb9-b8f2-41b0-9547-4ddad9061983
2023-03-29 21:17:06,346 [pool-327-thread-1] INFO  server.RaftServerConfigKeys (ConfUtils.java:logGet(46)) - raft.server.log.queue.byte-limit = 4294967296 (custom)
2023-03-29 21:17:06,346 [pool-327-thread-1] INFO  server.RaftServerConfigKeys (ConfUtils.java:logGet(46)) - raft.server.log.queue.element-limit = 1024 (custom)
2023-03-29 21:17:06,346 [EventQueue-PipelineReportForPipelineReportHandler] INFO  pipeline.PipelineManagerImpl (PipelineManagerImpl.java:openPipeline(367)) - Pipeline Pipeline[ Id: b0753bb9-b8f2-41b0-9547-4ddad9061983, Nodes: 5ce02ec3-1add-4276-9232-59c2d20bf885(fv-az308-773/10.1.0.17), ReplicationConfig: RATIS/ONE, State:ALLOCATED, leaderId:5ce02ec3-1add-4276-9232-59c2d20bf885, CreationTimestamp2023-03-29T21:17:03.342Z[Etc/UTC]] moved to OPEN state
2023-03-29 21:17:06,346 [pool-327-thread-1] INFO  server.RaftServerConfigKeys (ConfUtils.java:logGet(46)) - raft.server.log.segment.size.max = 1048576 (custom)
2023-03-29 21:17:06,346 [pool-327-thread-1] INFO  server.RaftServerConfigKeys (ConfUtils.java:logGet(46)) - raft.server.log.preallocated.size = 16384 (custom)
2023-03-29 21:17:06,346 [pool-327-thread-1] INFO  server.RaftServerConfigKeys (ConfUtils.java:logGet(46)) - raft.server.log.force.sync.num = 128 (default)
2023-03-29 21:17:06,346 [pool-327-thread-1] INFO  server.RaftServerConfigKeys (ConfUtils.java:logGet(46)) - raft.server.log.statemachine.data.sync = true (default)
2023-03-29 21:17:06,346 [pool-327-thread-1] INFO  server.RaftServerConfigKeys (ConfUtils.java:logGet(46)) - raft.server.log.statemachine.data.sync.timeout = 10s (default)
2023-03-29 21:17:06,346 [pool-327-thread-1] INFO  server.RaftServerConfigKeys (ConfUtils.java:logGet(46)) - raft.server.log.statemachine.data.sync.timeout.retry = -1 (default)
2023-03-29 21:17:06,350 [pool-327-thread-1] INFO  server.RaftServerConfigKeys (ConfUtils.java:logGet(46)) - raft.server.log.write.buffer.size = 1048576 (custom)
2023-03-29 21:17:06,351 [pool-327-thread-1] INFO  server.RaftServerConfigKeys (ConfUtils.java:logGet(46)) - raft.server.log.appender.buffer.byte-limit = 33554432 (custom)
2023-03-29 21:17:06,352 [EventQueue-OpenPipelineForHealthyPipelineSafeModeRule] INFO  safemode.SCMSafeModeManager (HealthyPipelineSafeModeRule.java:process(137)) - SCM in safe mode. Healthy pipelines reported count is 0, required healthy pipeline reported count is 1
2023-03-29 21:17:06,356 [pool-327-thread-1] INFO  server.RaftServerConfigKeys (ConfUtils.java:logGet(46)) - raft.server.log.unsafe-flush.enabled = false (default)
2023-03-29 21:17:06,356 [pool-327-thread-1] INFO  server.RaftServerConfigKeys (ConfUtils.java:logGet(46)) - raft.server.log.async-flush.enabled = false (default)
2023-03-29 21:17:06,357 [pool-327-thread-1] INFO  server.RaftServerConfigKeys (ConfUtils.java:logGet(46)) - raft.server.log.statemachine.data.caching.enabled = true (custom)
2023-03-29 21:17:06,357 [pool-327-thread-1] INFO  segmented.SegmentedRaftLogWorker (SegmentedRaftLogWorker.java:lambda$new$0(135)) - 5ce02ec3-1add-4276-9232-59c2d20bf885@group-4DDAD9061983-SegmentedRaftLogWorker: flushIndex: setUnconditionally 0 -> -1
2023-03-29 21:17:06,357 [pool-327-thread-1] INFO  segmented.SegmentedRaftLogWorker (SegmentedRaftLogWorker.java:lambda$new$0(135)) - 5ce02ec3-1add-4276-9232-59c2d20bf885@group-4DDAD9061983-SegmentedRaftLogWorker: safeCacheEvictIndex: setUnconditionally 0 -> -1
2023-03-29 21:17:06,357 [pool-327-thread-1] INFO  server.RaftServer$Division (RaftServerImpl.java:start(334)) - 5ce02ec3-1add-4276-9232-59c2d20bf885@group-4DDAD9061983: start as a follower, conf=-1: peers:[5ce02ec3-1add-4276-9232-59c2d20bf885|rpc:10.1.0.17:35345|dataStream:10.1.0.17:35525|priority:1|startupRole:FOLLOWER]|listeners:[], old=null
2023-03-29 21:17:06,357 [pool-327-thread-1] INFO  server.RaftServer$Division (RaftServerImpl.java:setRole(321)) - 5ce02ec3-1add-4276-9232-59c2d20bf885@group-4DDAD9061983: changes role from      null to FOLLOWER at term 0 for startAsFollower
2023-03-29 21:17:06,357 [pool-327-thread-1] INFO  impl.RoleInfo (RoleInfo.java:updateAndGet(139)) - 5ce02ec3-1add-4276-9232-59c2d20bf885: start 5ce02ec3-1add-4276-9232-59c2d20bf885@group-4DDAD9061983-FollowerState
2023-03-29 21:17:06,359 [pool-327-thread-1] INFO  util.JmxRegister (JmxRegister.java:tryRegister(44)) - Successfully registered JMX Bean with object name Ratis:service=RaftServer,group=group-4DDAD9061983,id=5ce02ec3-1add-4276-9232-59c2d20bf885
2023-03-29 21:17:06,359 [5ce02ec3-1add-4276-9232-59c2d20bf885@group-4DDAD9061983-FollowerState] INFO  server.RaftServerConfigKeys (ConfUtils.java:logFallback(53)) - raft.server.rpc.first-election.timeout.min = 5s (fallback to raft.server.rpc.timeout.min)
2023-03-29 21:17:06,359 [pool-327-thread-1] INFO  server.RaftServerConfigKeys (ConfUtils.java:logGet(46)) - raft.server.snapshot.auto.trigger.enabled = true (custom)
2023-03-29 21:17:06,359 [5ce02ec3-1add-4276-9232-59c2d20bf885@group-4DDAD9061983-FollowerState] INFO  server.RaftServerConfigKeys (ConfUtils.java:logFallback(53)) - raft.server.rpc.first-election.timeout.max = 5200ms (fallback to raft.server.rpc.timeout.max)
2023-03-29 21:17:06,359 [pool-327-thread-1] INFO  server.RaftServerConfigKeys (ConfUtils.java:logGet(46)) - raft.server.snapshot.auto.trigger.threshold = 10000 (custom)
2023-03-29 21:17:06,359 [pool-327-thread-1] INFO  server.RaftServerConfigKeys (ConfUtils.java:logGet(46)) - raft.server.snapshot.retention.file.num = 5 (custom)
2023-03-29 21:17:06,359 [pool-327-thread-1] INFO  server.RaftServerConfigKeys (ConfUtils.java:logGet(46)) - raft.server.log.purge.upto.snapshot.index = false (default)
2023-03-29 21:17:06,360 [Command processor thread] INFO  ratis.XceiverServerRatis (XceiverServerRatis.java:addGroup(806)) - Created group PipelineID=b0753bb9-b8f2-41b0-9547-4ddad9061983
2023-03-29 21:17:06,360 [Command processor thread] INFO  commandhandler.CreatePipelineCommandHandler (CreatePipelineCommandHandler.java:handle(113)) - Created Pipeline RATIS ONE PipelineID=b0753bb9-b8f2-41b0-9547-4ddad9061983.
2023-03-29 21:17:06,360 [Command processor thread] INFO  server.RaftServer (RaftServerProxy.java:addNew(96)) - 5ce02ec3-1add-4276-9232-59c2d20bf885: addNew group-9FB0EE27115B:[e7b6a9e0-ae39-4816-bb7d-645997ba7398|rpc:10.1.0.17:43339|dataStream:10.1.0.17:42737|priority:0|startupRole:FOLLOWER, e304c585-3570-440e-99de-d9fa99700cf9|rpc:10.1.0.17:36943|dataStream:10.1.0.17:42751|priority:1|startupRole:FOLLOWER, 5ce02ec3-1add-4276-9232-59c2d20bf885|rpc:10.1.0.17:35345|dataStream:10.1.0.17:35525|priority:0|startupRole:FOLLOWER] returns group-9FB0EE27115B:java.util.concurrent.CompletableFuture@28eb2bf1[Not completed]
2023-03-29 21:17:06,362 [pool-327-thread-1] INFO  server.RaftServer$Division (RaftServerImpl.java:<init>(195)) - 5ce02ec3-1add-4276-9232-59c2d20bf885: new RaftServerImpl for group-9FB0EE27115B:[e7b6a9e0-ae39-4816-bb7d-645997ba7398|rpc:10.1.0.17:43339|dataStream:10.1.0.17:42737|priority:0|startupRole:FOLLOWER, e304c585-3570-440e-99de-d9fa99700cf9|rpc:10.1.0.17:36943|dataStream:10.1.0.17:42751|priority:1|startupRole:FOLLOWER, 5ce02ec3-1add-4276-9232-59c2d20bf885|rpc:10.1.0.17:35345|dataStream:10.1.0.17:35525|priority:0|startupRole:FOLLOWER] with ContainerStateMachine:uninitialized
2023-03-29 21:17:06,362 [pool-327-thread-1] INFO  server.RaftServerConfigKeys (ConfUtils.java:logGet(46)) - raft.server.rpc.timeout.min = 5s (custom)
2023-03-29 21:17:06,362 [pool-327-thread-1] INFO  server.RaftServerConfigKeys (ConfUtils.java:logGet(46)) - raft.server.rpc.timeout.max = 5200ms (custom)
2023-03-29 21:17:06,362 [pool-327-thread-1] INFO  server.RaftServerConfigKeys (ConfUtils.java:logGet(46)) - raft.server.rpc.sleep.time = 25ms (default)
2023-03-29 21:17:06,362 [pool-327-thread-1] INFO  server.RaftServerConfigKeys (ConfUtils.java:logGet(46)) - raft.server.rpc.slowness.timeout = 300s (custom)
2023-03-29 21:17:06,362 [pool-327-thread-1] INFO  server.RaftServerConfigKeys (ConfUtils.java:logGet(46)) - raft.server.leaderelection.leader.step-down.wait-time = 10s (default)
2023-03-29 21:17:06,362 [pool-327-thread-1] INFO  server.RaftServerConfigKeys (ConfUtils.java:logGet(46)) - raft.server.sleep.deviation.threshold = 300ms (default)
2023-03-29 21:17:06,363 [pool-327-thread-1] INFO  server.RaftServer$Division (ServerState.java:<init>(118)) - 5ce02ec3-1add-4276-9232-59c2d20bf885@group-9FB0EE27115B: ConfigurationManager, init=-1: peers:[e7b6a9e0-ae39-4816-bb7d-645997ba7398|rpc:10.1.0.17:43339|dataStream:10.1.0.17:42737|priority:0|startupRole:FOLLOWER, e304c585-3570-440e-99de-d9fa99700cf9|rpc:10.1.0.17:36943|dataStream:10.1.0.17:42751|priority:1|startupRole:FOLLOWER, 5ce02ec3-1add-4276-9232-59c2d20bf885|rpc:10.1.0.17:35345|dataStream:10.1.0.17:35525|priority:0|startupRole:FOLLOWER]|listeners:[], old=null, confs=<EMPTY_MAP>
2023-03-29 21:17:06,363 [pool-327-thread-1] INFO  server.RaftServerConfigKeys (ConfUtils.java:logGet(46)) - raft.server.storage.dir = [/home/runner/work/ozone/ozone/hadoop-ozone/integration-test/target/test-dir/MiniOzoneClusterImpl-0d447e97-01e2-4ef6-85fe-af16170d97c2/datanode-0/data/ratis] (custom)
2023-03-29 21:17:06,363 [pool-327-thread-1] INFO  server.RaftServerConfigKeys (ConfUtils.java:logGet(46)) - raft.server.log.corruption.policy = EXCEPTION (default)
2023-03-29 21:17:06,363 [pool-327-thread-1] INFO  server.RaftServerConfigKeys (ConfUtils.java:logGet(46)) - raft.server.storage.free-space.min = 0MB (=0) (default)
2023-03-29 21:17:06,363 [pool-327-thread-1] INFO  server.RaftServerConfigKeys (ConfUtils.java:logGet(46)) - raft.server.notification.no-leader.timeout = 300s (custom)
2023-03-29 21:17:06,363 [pool-327-thread-1] INFO  server.RaftServerConfigKeys (ConfUtils.java:logGet(46)) - raft.server.retrycache.expirytime = 600000ms (custom)
2023-03-29 21:17:06,363 [pool-327-thread-1] INFO  server.RaftServerConfigKeys (ConfUtils.java:logGet(46)) - raft.server.retrycache.statistics.expirytime = 100μs (default)
2023-03-29 21:17:06,364 [pool-327-thread-1] INFO  server.RaftServerConfigKeys (ConfUtils.java:logGet(46)) - raft.server.log.appender.install.snapshot.enabled = false (custom)
2023-03-29 21:17:06,364 [pool-327-thread-1] INFO  server.RaftServerConfigKeys (ConfUtils.java:logGet(46)) - raft.server.threadpool.server.cached = true (default)
2023-03-29 21:17:06,364 [pool-327-thread-1] INFO  server.RaftServerConfigKeys (ConfUtils.java:logGet(46)) - raft.server.threadpool.server.size = 0 (default)
2023-03-29 21:17:06,364 [pool-327-thread-1] INFO  server.RaftServerConfigKeys (ConfUtils.java:logGet(46)) - raft.server.threadpool.client.cached = true (default)
2023-03-29 21:17:06,364 [pool-327-thread-1] INFO  server.RaftServerConfigKeys (ConfUtils.java:logGet(46)) - raft.server.threadpool.client.size = 0 (default)
2023-03-29 21:17:06,364 [pool-327-thread-1] INFO  storage.RaftStorageDirectory (RaftStorageDirectoryImpl.java:analyzeStorage(137)) - The storage directory /home/runner/work/ozone/ozone/hadoop-ozone/integration-test/target/test-dir/MiniOzoneClusterImpl-0d447e97-01e2-4ef6-85fe-af16170d97c2/datanode-0/data/ratis/88b7c5b2-f75f-4133-a5a7-9fb0ee27115b does not exist. Creating ...
2023-03-29 21:17:06,365 [pool-327-thread-1] INFO  storage.RaftStorageDirectory (RaftStorageDirectoryImpl.java:tryLock(231)) - Lock on /home/runner/work/ozone/ozone/hadoop-ozone/integration-test/target/test-dir/MiniOzoneClusterImpl-0d447e97-01e2-4ef6-85fe-af16170d97c2/datanode-0/data/ratis/88b7c5b2-f75f-4133-a5a7-9fb0ee27115b/in_use.lock acquired by nodename 46426@fv-az308-773
2023-03-29 21:17:06,366 [pool-327-thread-1] INFO  storage.RaftStorage (RaftStorageImpl.java:format(96)) - Storage directory /home/runner/work/ozone/ozone/hadoop-ozone/integration-test/target/test-dir/MiniOzoneClusterImpl-0d447e97-01e2-4ef6-85fe-af16170d97c2/datanode-0/data/ratis/88b7c5b2-f75f-4133-a5a7-9fb0ee27115b has been successfully formatted.
2023-03-29 21:17:06,366 [pool-327-thread-1] INFO  ratis.ContainerStateMachine (ContainerStateMachine.java:loadSnapshot(262)) - group-9FB0EE27115B: The snapshot info is null. Setting the last applied indexto:(t:0, i:~)
2023-03-29 21:17:06,367 [pool-327-thread-1] INFO  server.RaftServerConfigKeys (ConfUtils.java:logGet(46)) - raft.server.log.use.memory = false (default)
2023-03-29 21:17:06,367 [pool-327-thread-1] INFO  server.RaftServerConfigKeys (ConfUtils.java:logGet(46)) - raft.server.log.purge.gap = 1000000 (custom)
2023-03-29 21:17:06,367 [pool-327-thread-1] INFO  server.RaftServerConfigKeys (ConfUtils.java:logGet(46)) - raft.server.log.appender.buffer.byte-limit = 33554432 (custom)
2023-03-29 21:17:06,367 [pool-327-thread-1] INFO  server.RaftServerConfigKeys (ConfUtils.java:logGet(46)) - raft.server.log.statemachine.data.read.timeout = 1000ms (default)
2023-03-29 21:17:06,367 [pool-327-thread-1] INFO  server.RaftServerConfigKeys (ConfUtils.java:logGet(46)) - raft.server.log.purge.preservation.log.num = 0 (default)
2023-03-29 21:17:06,368 [EventQueue-OpenPipelineForHealthyPipelineSafeModeRule] INFO  safemode.SCMSafeModeManager (HealthyPipelineSafeModeRule.java:process(137)) - SCM in safe mode. Healthy pipelines reported count is 0, required healthy pipeline reported count is 1
2023-03-29 21:17:06,368 [pool-327-thread-1] INFO  server.RaftServerConfigKeys (ConfUtils.java:logGet(46)) - raft.server.log.segment.size.max = 1048576 (custom)
2023-03-29 21:17:06,369 [pool-327-thread-1] INFO  server.RaftServerConfigKeys (ConfUtils.java:logGet(46)) - raft.server.log.segment.cache.num.max = 2 (custom)
2023-03-29 21:17:06,369 [pool-327-thread-1] INFO  server.RaftServerConfigKeys (ConfUtils.java:logGet(46)) - raft.server.log.segment.cache.size.max = 200MB (=209715200) (default)
2023-03-29 21:17:06,369 [pool-327-thread-1] INFO  segmented.SegmentedRaftLogWorker (SegmentedRaftLogWorker.java:<init>(189)) - new 5ce02ec3-1add-4276-9232-59c2d20bf885@group-9FB0EE27115B-SegmentedRaftLogWorker for RaftStorageImpl:Storage Directory /home/runner/work/ozone/ozone/hadoop-ozone/integration-test/target/test-dir/MiniOzoneClusterImpl-0d447e97-01e2-4ef6-85fe-af16170d97c2/datanode-0/data/ratis/88b7c5b2-f75f-4133-a5a7-9fb0ee27115b
2023-03-29 21:17:06,369 [pool-327-thread-1] INFO  server.RaftServerConfigKeys (ConfUtils.java:logGet(46)) - raft.server.log.queue.byte-limit = 4294967296 (custom)
2023-03-29 21:17:06,369 [pool-327-thread-1] INFO  server.RaftServerConfigKeys (ConfUtils.java:logGet(46)) - raft.server.log.queue.element-limit = 1024 (custom)
2023-03-29 21:17:06,369 [pool-327-thread-1] INFO  server.RaftServerConfigKeys (ConfUtils.java:logGet(46)) - raft.server.log.segment.size.max = 1048576 (custom)
2023-03-29 21:17:06,369 [pool-327-thread-1] INFO  server.RaftServerConfigKeys (ConfUtils.java:logGet(46)) - raft.server.log.preallocated.size = 16384 (custom)
2023-03-29 21:17:06,369 [pool-327-thread-1] INFO  server.RaftServerConfigKeys (ConfUtils.java:logGet(46)) - raft.server.log.force.sync.num = 128 (default)
2023-03-29 21:17:06,369 [pool-327-thread-1] INFO  server.RaftServerConfigKeys (ConfUtils.java:logGet(46)) - raft.server.log.statemachine.data.sync = true (default)
2023-03-29 21:17:06,370 [pool-327-thread-1] INFO  server.RaftServerConfigKeys (ConfUtils.java:logGet(46)) - raft.server.log.statemachine.data.sync.timeout = 10s (default)
2023-03-29 21:17:06,370 [pool-327-thread-1] INFO  server.RaftServerConfigKeys (ConfUtils.java:logGet(46)) - raft.server.log.statemachine.data.sync.timeout.retry = -1 (default)
2023-03-29 21:17:06,370 [pool-327-thread-1] INFO  server.RaftServerConfigKeys (ConfUtils.java:logGet(46)) - raft.server.log.write.buffer.size = 1048576 (custom)
2023-03-29 21:17:06,371 [pool-327-thread-1] INFO  server.RaftServerConfigKeys (ConfUtils.java:logGet(46)) - raft.server.log.appender.buffer.byte-limit = 33554432 (custom)
2023-03-29 21:17:06,376 [pool-327-thread-1] INFO  server.RaftServerConfigKeys (ConfUtils.java:logGet(46)) - raft.server.log.unsafe-flush.enabled = false (default)
2023-03-29 21:17:06,376 [pool-327-thread-1] INFO  server.RaftServerConfigKeys (ConfUtils.java:logGet(46)) - raft.server.log.async-flush.enabled = false (default)
2023-03-29 21:17:06,376 [pool-327-thread-1] INFO  server.RaftServerConfigKeys (ConfUtils.java:logGet(46)) - raft.server.log.statemachine.data.caching.enabled = true (custom)
2023-03-29 21:17:06,376 [pool-327-thread-1] INFO  segmented.SegmentedRaftLogWorker (SegmentedRaftLogWorker.java:lambda$new$0(135)) - 5ce02ec3-1add-4276-9232-59c2d20bf885@group-9FB0EE27115B-SegmentedRaftLogWorker: flushIndex: setUnconditionally 0 -> -1
2023-03-29 21:17:06,376 [pool-327-thread-1] INFO  segmented.SegmentedRaftLogWorker (SegmentedRaftLogWorker.java:lambda$new$0(135)) - 5ce02ec3-1add-4276-9232-59c2d20bf885@group-9FB0EE27115B-SegmentedRaftLogWorker: safeCacheEvictIndex: setUnconditionally 0 -> -1
2023-03-29 21:17:06,377 [pool-327-thread-1] INFO  server.RaftServer$Division (RaftServerImpl.java:start(334)) - 5ce02ec3-1add-4276-9232-59c2d20bf885@group-9FB0EE27115B: start as a follower, conf=-1: peers:[e7b6a9e0-ae39-4816-bb7d-645997ba7398|rpc:10.1.0.17:43339|dataStream:10.1.0.17:42737|priority:0|startupRole:FOLLOWER, e304c585-3570-440e-99de-d9fa99700cf9|rpc:10.1.0.17:36943|dataStream:10.1.0.17:42751|priority:1|startupRole:FOLLOWER, 5ce02ec3-1add-4276-9232-59c2d20bf885|rpc:10.1.0.17:35345|dataStream:10.1.0.17:35525|priority:0|startupRole:FOLLOWER]|listeners:[], old=null
2023-03-29 21:17:06,377 [pool-327-thread-1] INFO  server.RaftServer$Division (RaftServerImpl.java:setRole(321)) - 5ce02ec3-1add-4276-9232-59c2d20bf885@group-9FB0EE27115B: changes role from      null to FOLLOWER at term 0 for startAsFollower
2023-03-29 21:17:06,377 [pool-327-thread-1] INFO  impl.RoleInfo (RoleInfo.java:updateAndGet(139)) - 5ce02ec3-1add-4276-9232-59c2d20bf885: start 5ce02ec3-1add-4276-9232-59c2d20bf885@group-9FB0EE27115B-FollowerState
2023-03-29 21:17:06,377 [pool-327-thread-1] INFO  util.JmxRegister (JmxRegister.java:tryRegister(44)) - Successfully registered JMX Bean with object name Ratis:service=RaftServer,group=group-9FB0EE27115B,id=5ce02ec3-1add-4276-9232-59c2d20bf885
2023-03-29 21:17:06,377 [5ce02ec3-1add-4276-9232-59c2d20bf885@group-9FB0EE27115B-FollowerState] INFO  server.RaftServerConfigKeys (ConfUtils.java:logFallback(53)) - raft.server.rpc.first-election.timeout.min = 5s (fallback to raft.server.rpc.timeout.min)
2023-03-29 21:17:06,377 [pool-327-thread-1] INFO  server.RaftServerConfigKeys (ConfUtils.java:logGet(46)) - raft.server.snapshot.auto.trigger.enabled = true (custom)
2023-03-29 21:17:06,377 [pool-327-thread-1] INFO  server.RaftServerConfigKeys (ConfUtils.java:logGet(46)) - raft.server.snapshot.auto.trigger.threshold = 10000 (custom)
2023-03-29 21:17:06,377 [5ce02ec3-1add-4276-9232-59c2d20bf885@group-9FB0EE27115B-FollowerState] INFO  server.RaftServerConfigKeys (ConfUtils.java:logFallback(53)) - raft.server.rpc.first-election.timeout.max = 5200ms (fallback to raft.server.rpc.timeout.max)
2023-03-29 21:17:06,377 [pool-327-thread-1] INFO  server.RaftServerConfigKeys (ConfUtils.java:logGet(46)) - raft.server.snapshot.retention.file.num = 5 (custom)
2023-03-29 21:17:06,377 [pool-327-thread-1] INFO  server.RaftServerConfigKeys (ConfUtils.java:logGet(46)) - raft.server.log.purge.upto.snapshot.index = false (default)
2023-03-29 21:17:06,378 [Command processor thread] INFO  ratis.XceiverServerRatis (XceiverServerRatis.java:addGroup(806)) - Created group PipelineID=88b7c5b2-f75f-4133-a5a7-9fb0ee27115b
2023-03-29 21:17:06,391 [grpc-default-executor-0] INFO  server.RaftServer (RaftServerProxy.java:addNew(96)) - e304c585-3570-440e-99de-d9fa99700cf9: addNew group-9FB0EE27115B:[e7b6a9e0-ae39-4816-bb7d-645997ba7398|rpc:10.1.0.17:43339|dataStream:10.1.0.17:42737|priority:0|startupRole:FOLLOWER, e304c585-3570-440e-99de-d9fa99700cf9|rpc:10.1.0.17:36943|dataStream:10.1.0.17:42751|priority:1|startupRole:FOLLOWER, 5ce02ec3-1add-4276-9232-59c2d20bf885|rpc:10.1.0.17:35345|dataStream:10.1.0.17:35525|priority:0|startupRole:FOLLOWER] returns group-9FB0EE27115B:java.util.concurrent.CompletableFuture@402a61af[Not completed]
2023-03-29 21:17:06,392 [pool-349-thread-1] INFO  server.RaftServer$Division (RaftServerImpl.java:<init>(195)) - e304c585-3570-440e-99de-d9fa99700cf9: new RaftServerImpl for group-9FB0EE27115B:[e7b6a9e0-ae39-4816-bb7d-645997ba7398|rpc:10.1.0.17:43339|dataStream:10.1.0.17:42737|priority:0|startupRole:FOLLOWER, e304c585-3570-440e-99de-d9fa99700cf9|rpc:10.1.0.17:36943|dataStream:10.1.0.17:42751|priority:1|startupRole:FOLLOWER, 5ce02ec3-1add-4276-9232-59c2d20bf885|rpc:10.1.0.17:35345|dataStream:10.1.0.17:35525|priority:0|startupRole:FOLLOWER] with ContainerStateMachine:uninitialized
2023-03-29 21:17:06,392 [pool-349-thread-1] INFO  server.RaftServerConfigKeys (ConfUtils.java:logGet(46)) - raft.server.rpc.timeout.min = 5s (custom)
2023-03-29 21:17:06,393 [pool-349-thread-1] INFO  server.RaftServerConfigKeys (ConfUtils.java:logGet(46)) - raft.server.rpc.timeout.max = 5200ms (custom)
2023-03-29 21:17:06,393 [pool-349-thread-1] INFO  server.RaftServerConfigKeys (ConfUtils.java:logGet(46)) - raft.server.rpc.sleep.time = 25ms (default)
2023-03-29 21:17:06,393 [pool-349-thread-1] INFO  server.RaftServerConfigKeys (ConfUtils.java:logGet(46)) - raft.server.rpc.slowness.timeout = 300s (custom)
2023-03-29 21:17:06,393 [pool-349-thread-1] INFO  server.RaftServerConfigKeys (ConfUtils.java:logGet(46)) - raft.server.leaderelection.leader.step-down.wait-time = 10s (default)
2023-03-29 21:17:06,393 [pool-349-thread-1] INFO  server.RaftServerConfigKeys (ConfUtils.java:logGet(46)) - raft.server.sleep.deviation.threshold = 300ms (default)
2023-03-29 21:17:06,393 [pool-349-thread-1] INFO  server.RaftServer$Division (ServerState.java:<init>(118)) - e304c585-3570-440e-99de-d9fa99700cf9@group-9FB0EE27115B: ConfigurationManager, init=-1: peers:[e7b6a9e0-ae39-4816-bb7d-645997ba7398|rpc:10.1.0.17:43339|dataStream:10.1.0.17:42737|priority:0|startupRole:FOLLOWER, e304c585-3570-440e-99de-d9fa99700cf9|rpc:10.1.0.17:36943|dataStream:10.1.0.17:42751|priority:1|startupRole:FOLLOWER, 5ce02ec3-1add-4276-9232-59c2d20bf885|rpc:10.1.0.17:35345|dataStream:10.1.0.17:35525|priority:0|startupRole:FOLLOWER]|listeners:[], old=null, confs=<EMPTY_MAP>
2023-03-29 21:17:06,393 [pool-349-thread-1] INFO  server.RaftServerConfigKeys (ConfUtils.java:logGet(46)) - raft.server.storage.dir = [/home/runner/work/ozone/ozone/hadoop-ozone/integration-test/target/test-dir/MiniOzoneClusterImpl-0d447e97-01e2-4ef6-85fe-af16170d97c2/datanode-1/data/ratis] (custom)
2023-03-29 21:17:06,393 [pool-349-thread-1] INFO  server.RaftServerConfigKeys (ConfUtils.java:logGet(46)) - raft.server.log.corruption.policy = EXCEPTION (default)
2023-03-29 21:17:06,393 [pool-349-thread-1] INFO  server.RaftServerConfigKeys (ConfUtils.java:logGet(46)) - raft.server.storage.free-space.min = 0MB (=0) (default)
2023-03-29 21:17:06,393 [pool-349-thread-1] INFO  server.RaftServerConfigKeys (ConfUtils.java:logGet(46)) - raft.server.notification.no-leader.timeout = 300s (custom)
2023-03-29 21:17:06,394 [pool-349-thread-1] INFO  server.RaftServerConfigKeys (ConfUtils.java:logGet(46)) - raft.server.retrycache.expirytime = 600000ms (custom)
2023-03-29 21:17:06,394 [pool-349-thread-1] INFO  server.RaftServerConfigKeys (ConfUtils.java:logGet(46)) - raft.server.retrycache.statistics.expirytime = 100μs (default)
2023-03-29 21:17:06,395 [pool-349-thread-1] INFO  server.RaftServerConfigKeys (ConfUtils.java:logGet(46)) - raft.server.log.appender.install.snapshot.enabled = false (custom)
2023-03-29 21:17:06,395 [pool-349-thread-1] INFO  server.RaftServerConfigKeys (ConfUtils.java:logGet(46)) - raft.server.threadpool.server.cached = true (default)
2023-03-29 21:17:06,395 [pool-349-thread-1] INFO  server.RaftServerConfigKeys (ConfUtils.java:logGet(46)) - raft.server.threadpool.server.size = 0 (default)
2023-03-29 21:17:06,395 [pool-349-thread-1] INFO  server.RaftServerConfigKeys (ConfUtils.java:logGet(46)) - raft.server.threadpool.client.cached = true (default)
2023-03-29 21:17:06,395 [pool-349-thread-1] INFO  server.RaftServerConfigKeys (ConfUtils.java:logGet(46)) - raft.server.threadpool.client.size = 0 (default)
2023-03-29 21:17:06,395 [pool-349-thread-1] INFO  storage.RaftStorageDirectory (RaftStorageDirectoryImpl.java:analyzeStorage(137)) - The storage directory /home/runner/work/ozone/ozone/hadoop-ozone/integration-test/target/test-dir/MiniOzoneClusterImpl-0d447e97-01e2-4ef6-85fe-af16170d97c2/datanode-1/data/ratis/88b7c5b2-f75f-4133-a5a7-9fb0ee27115b does not exist. Creating ...
2023-03-29 21:17:06,396 [pool-349-thread-1] INFO  storage.RaftStorageDirectory (RaftStorageDirectoryImpl.java:tryLock(231)) - Lock on /home/runner/work/ozone/ozone/hadoop-ozone/integration-test/target/test-dir/MiniOzoneClusterImpl-0d447e97-01e2-4ef6-85fe-af16170d97c2/datanode-1/data/ratis/88b7c5b2-f75f-4133-a5a7-9fb0ee27115b/in_use.lock acquired by nodename 46426@fv-az308-773
2023-03-29 21:17:06,397 [pool-349-thread-1] INFO  storage.RaftStorage (RaftStorageImpl.java:format(96)) - Storage directory /home/runner/work/ozone/ozone/hadoop-ozone/integration-test/target/test-dir/MiniOzoneClusterImpl-0d447e97-01e2-4ef6-85fe-af16170d97c2/datanode-1/data/ratis/88b7c5b2-f75f-4133-a5a7-9fb0ee27115b has been successfully formatted.
2023-03-29 21:17:06,397 [pool-349-thread-1] INFO  ratis.ContainerStateMachine (ContainerStateMachine.java:loadSnapshot(262)) - group-9FB0EE27115B: The snapshot info is null. Setting the last applied indexto:(t:0, i:~)
2023-03-29 21:17:06,398 [pool-349-thread-1] INFO  server.RaftServerConfigKeys (ConfUtils.java:logGet(46)) - raft.server.log.use.memory = false (default)
2023-03-29 21:17:06,399 [pool-349-thread-1] INFO  server.RaftServerConfigKeys (ConfUtils.java:logGet(46)) - raft.server.log.purge.gap = 1000000 (custom)
2023-03-29 21:17:06,399 [pool-349-thread-1] INFO  server.RaftServerConfigKeys (ConfUtils.java:logGet(46)) - raft.server.log.appender.buffer.byte-limit = 33554432 (custom)
2023-03-29 21:17:06,399 [pool-349-thread-1] INFO  server.RaftServerConfigKeys (ConfUtils.java:logGet(46)) - raft.server.log.statemachine.data.read.timeout = 1000ms (default)
2023-03-29 21:17:06,399 [pool-349-thread-1] INFO  server.RaftServerConfigKeys (ConfUtils.java:logGet(46)) - raft.server.log.purge.preservation.log.num = 0 (default)
2023-03-29 21:17:06,399 [pool-349-thread-1] INFO  server.RaftServerConfigKeys (ConfUtils.java:logGet(46)) - raft.server.log.segment.size.max = 1048576 (custom)
2023-03-29 21:17:06,399 [pool-349-thread-1] INFO  server.RaftServerConfigKeys (ConfUtils.java:logGet(46)) - raft.server.log.segment.cache.num.max = 2 (custom)
2023-03-29 21:17:06,399 [pool-349-thread-1] INFO  server.RaftServerConfigKeys (ConfUtils.java:logGet(46)) - raft.server.log.segment.cache.size.max = 200MB (=209715200) (default)
2023-03-29 21:17:06,399 [pool-349-thread-1] INFO  segmented.SegmentedRaftLogWorker (SegmentedRaftLogWorker.java:<init>(189)) - new e304c585-3570-440e-99de-d9fa99700cf9@group-9FB0EE27115B-SegmentedRaftLogWorker for RaftStorageImpl:Storage Directory /home/runner/work/ozone/ozone/hadoop-ozone/integration-test/target/test-dir/MiniOzoneClusterImpl-0d447e97-01e2-4ef6-85fe-af16170d97c2/datanode-1/data/ratis/88b7c5b2-f75f-4133-a5a7-9fb0ee27115b
2023-03-29 21:17:06,399 [pool-349-thread-1] INFO  server.RaftServerConfigKeys (ConfUtils.java:logGet(46)) - raft.server.log.queue.byte-limit = 4294967296 (custom)
2023-03-29 21:17:06,399 [pool-349-thread-1] INFO  server.RaftServerConfigKeys (ConfUtils.java:logGet(46)) - raft.server.log.queue.element-limit = 1024 (custom)
2023-03-29 21:17:06,399 [pool-349-thread-1] INFO  server.RaftServerConfigKeys (ConfUtils.java:logGet(46)) - raft.server.log.segment.size.max = 1048576 (custom)
2023-03-29 21:17:06,400 [pool-349-thread-1] INFO  server.RaftServerConfigKeys (ConfUtils.java:logGet(46)) - raft.server.log.preallocated.size = 16384 (custom)
2023-03-29 21:17:06,400 [pool-349-thread-1] INFO  server.RaftServerConfigKeys (ConfUtils.java:logGet(46)) - raft.server.log.force.sync.num = 128 (default)
2023-03-29 21:17:06,400 [pool-349-thread-1] INFO  server.RaftServerConfigKeys (ConfUtils.java:logGet(46)) - raft.server.log.statemachine.data.sync = true (default)
2023-03-29 21:17:06,400 [pool-349-thread-1] INFO  server.RaftServerConfigKeys (ConfUtils.java:logGet(46)) - raft.server.log.statemachine.data.sync.timeout = 10s (default)
2023-03-29 21:17:06,400 [pool-349-thread-1] INFO  server.RaftServerConfigKeys (ConfUtils.java:logGet(46)) - raft.server.log.statemachine.data.sync.timeout.retry = -1 (default)
2023-03-29 21:17:06,400 [pool-349-thread-1] INFO  server.RaftServerConfigKeys (ConfUtils.java:logGet(46)) - raft.server.log.write.buffer.size = 1048576 (custom)
2023-03-29 21:17:06,400 [pool-349-thread-1] INFO  server.RaftServerConfigKeys (ConfUtils.java:logGet(46)) - raft.server.log.appender.buffer.byte-limit = 33554432 (custom)
2023-03-29 21:17:06,405 [pool-349-thread-1] INFO  server.RaftServerConfigKeys (ConfUtils.java:logGet(46)) - raft.server.log.unsafe-flush.enabled = false (default)
2023-03-29 21:17:06,405 [pool-349-thread-1] INFO  server.RaftServerConfigKeys (ConfUtils.java:logGet(46)) - raft.server.log.async-flush.enabled = false (default)
2023-03-29 21:17:06,405 [pool-349-thread-1] INFO  server.RaftServerConfigKeys (ConfUtils.java:logGet(46)) - raft.server.log.statemachine.data.caching.enabled = true (custom)
2023-03-29 21:17:06,406 [pool-349-thread-1] INFO  segmented.SegmentedRaftLogWorker (SegmentedRaftLogWorker.java:lambda$new$0(135)) - e304c585-3570-440e-99de-d9fa99700cf9@group-9FB0EE27115B-SegmentedRaftLogWorker: flushIndex: setUnconditionally 0 -> -1
2023-03-29 21:17:06,406 [pool-349-thread-1] INFO  segmented.SegmentedRaftLogWorker (SegmentedRaftLogWorker.java:lambda$new$0(135)) - e304c585-3570-440e-99de-d9fa99700cf9@group-9FB0EE27115B-SegmentedRaftLogWorker: safeCacheEvictIndex: setUnconditionally 0 -> -1
2023-03-29 21:17:06,406 [pool-349-thread-1] INFO  server.RaftServer$Division (RaftServerImpl.java:start(334)) - e304c585-3570-440e-99de-d9fa99700cf9@group-9FB0EE27115B: start as a follower, conf=-1: peers:[e7b6a9e0-ae39-4816-bb7d-645997ba7398|rpc:10.1.0.17:43339|dataStream:10.1.0.17:42737|priority:0|startupRole:FOLLOWER, e304c585-3570-440e-99de-d9fa99700cf9|rpc:10.1.0.17:36943|dataStream:10.1.0.17:42751|priority:1|startupRole:FOLLOWER, 5ce02ec3-1add-4276-9232-59c2d20bf885|rpc:10.1.0.17:35345|dataStream:10.1.0.17:35525|priority:0|startupRole:FOLLOWER]|listeners:[], old=null
2023-03-29 21:17:06,406 [pool-349-thread-1] INFO  server.RaftServer$Division (RaftServerImpl.java:setRole(321)) - e304c585-3570-440e-99de-d9fa99700cf9@group-9FB0EE27115B: changes role from      null to FOLLOWER at term 0 for startAsFollower
2023-03-29 21:17:06,406 [pool-349-thread-1] INFO  impl.RoleInfo (RoleInfo.java:updateAndGet(139)) - e304c585-3570-440e-99de-d9fa99700cf9: start e304c585-3570-440e-99de-d9fa99700cf9@group-9FB0EE27115B-FollowerState
2023-03-29 21:17:06,409 [pool-349-thread-1] INFO  util.JmxRegister (JmxRegister.java:tryRegister(44)) - Successfully registered JMX Bean with object name Ratis:service=RaftServer,group=group-9FB0EE27115B,id=e304c585-3570-440e-99de-d9fa99700cf9
2023-03-29 21:17:06,409 [pool-349-thread-1] INFO  server.RaftServerConfigKeys (ConfUtils.java:logGet(46)) - raft.server.snapshot.auto.trigger.enabled = true (custom)
2023-03-29 21:17:06,409 [pool-349-thread-1] INFO  server.RaftServerConfigKeys (ConfUtils.java:logGet(46)) - raft.server.snapshot.auto.trigger.threshold = 10000 (custom)
2023-03-29 21:17:06,409 [pool-349-thread-1] INFO  server.RaftServerConfigKeys (ConfUtils.java:logGet(46)) - raft.server.snapshot.retention.file.num = 5 (custom)
2023-03-29 21:17:06,409 [pool-349-thread-1] INFO  server.RaftServerConfigKeys (ConfUtils.java:logGet(46)) - raft.server.log.purge.upto.snapshot.index = false (default)
2023-03-29 21:17:06,410 [e304c585-3570-440e-99de-d9fa99700cf9@group-9FB0EE27115B-FollowerState] INFO  server.RaftServerConfigKeys (ConfUtils.java:logFallback(53)) - raft.server.rpc.first-election.timeout.min = 5s (fallback to raft.server.rpc.timeout.min)
2023-03-29 21:17:06,410 [e304c585-3570-440e-99de-d9fa99700cf9@group-9FB0EE27115B-FollowerState] INFO  server.RaftServerConfigKeys (ConfUtils.java:logFallback(53)) - raft.server.rpc.first-election.timeout.max = 5200ms (fallback to raft.server.rpc.timeout.max)
2023-03-29 21:17:06,429 [grpc-default-executor-0] INFO  server.RaftServer (RaftServerProxy.java:addNew(96)) - e7b6a9e0-ae39-4816-bb7d-645997ba7398: addNew group-9FB0EE27115B:[e7b6a9e0-ae39-4816-bb7d-645997ba7398|rpc:10.1.0.17:43339|dataStream:10.1.0.17:42737|priority:0|startupRole:FOLLOWER, e304c585-3570-440e-99de-d9fa99700cf9|rpc:10.1.0.17:36943|dataStream:10.1.0.17:42751|priority:1|startupRole:FOLLOWER, 5ce02ec3-1add-4276-9232-59c2d20bf885|rpc:10.1.0.17:35345|dataStream:10.1.0.17:35525|priority:0|startupRole:FOLLOWER] returns group-9FB0EE27115B:java.util.concurrent.CompletableFuture@66e88ddc[Not completed]
2023-03-29 21:17:06,433 [pool-371-thread-1] INFO  server.RaftServer$Division (RaftServerImpl.java:<init>(195)) - e7b6a9e0-ae39-4816-bb7d-645997ba7398: new RaftServerImpl for group-9FB0EE27115B:[e7b6a9e0-ae39-4816-bb7d-645997ba7398|rpc:10.1.0.17:43339|dataStream:10.1.0.17:42737|priority:0|startupRole:FOLLOWER, e304c585-3570-440e-99de-d9fa99700cf9|rpc:10.1.0.17:36943|dataStream:10.1.0.17:42751|priority:1|startupRole:FOLLOWER, 5ce02ec3-1add-4276-9232-59c2d20bf885|rpc:10.1.0.17:35345|dataStream:10.1.0.17:35525|priority:0|startupRole:FOLLOWER] with ContainerStateMachine:uninitialized
2023-03-29 21:17:06,434 [pool-371-thread-1] INFO  server.RaftServerConfigKeys (ConfUtils.java:logGet(46)) - raft.server.rpc.timeout.min = 5s (custom)
2023-03-29 21:17:06,434 [pool-371-thread-1] INFO  server.RaftServerConfigKeys (ConfUtils.java:logGet(46)) - raft.server.rpc.timeout.max = 5200ms (custom)
2023-03-29 21:17:06,434 [pool-371-thread-1] INFO  server.RaftServerConfigKeys (ConfUtils.java:logGet(46)) - raft.server.rpc.sleep.time = 25ms (default)
2023-03-29 21:17:06,434 [pool-371-thread-1] INFO  server.RaftServerConfigKeys (ConfUtils.java:logGet(46)) - raft.server.rpc.slowness.timeout = 300s (custom)
2023-03-29 21:17:06,435 [pool-371-thread-1] INFO  server.RaftServerConfigKeys (ConfUtils.java:logGet(46)) - raft.server.leaderelection.leader.step-down.wait-time = 10s (default)
2023-03-29 21:17:06,435 [pool-371-thread-1] INFO  server.RaftServerConfigKeys (ConfUtils.java:logGet(46)) - raft.server.sleep.deviation.threshold = 300ms (default)
2023-03-29 21:17:06,435 [pool-371-thread-1] INFO  server.RaftServer$Division (ServerState.java:<init>(118)) - e7b6a9e0-ae39-4816-bb7d-645997ba7398@group-9FB0EE27115B: ConfigurationManager, init=-1: peers:[e7b6a9e0-ae39-4816-bb7d-645997ba7398|rpc:10.1.0.17:43339|dataStream:10.1.0.17:42737|priority:0|startupRole:FOLLOWER, e304c585-3570-440e-99de-d9fa99700cf9|rpc:10.1.0.17:36943|dataStream:10.1.0.17:42751|priority:1|startupRole:FOLLOWER, 5ce02ec3-1add-4276-9232-59c2d20bf885|rpc:10.1.0.17:35345|dataStream:10.1.0.17:35525|priority:0|startupRole:FOLLOWER]|listeners:[], old=null, confs=<EMPTY_MAP>
2023-03-29 21:17:06,435 [pool-371-thread-1] INFO  server.RaftServerConfigKeys (ConfUtils.java:logGet(46)) - raft.server.storage.dir = [/home/runner/work/ozone/ozone/hadoop-ozone/integration-test/target/test-dir/MiniOzoneClusterImpl-0d447e97-01e2-4ef6-85fe-af16170d97c2/datanode-2/data/ratis] (custom)
2023-03-29 21:17:06,435 [pool-371-thread-1] INFO  server.RaftServerConfigKeys (ConfUtils.java:logGet(46)) - raft.server.log.corruption.policy = EXCEPTION (default)
2023-03-29 21:17:06,435 [pool-371-thread-1] INFO  server.RaftServerConfigKeys (ConfUtils.java:logGet(46)) - raft.server.storage.free-space.min = 0MB (=0) (default)
2023-03-29 21:17:06,436 [pool-371-thread-1] INFO  server.RaftServerConfigKeys (ConfUtils.java:logGet(46)) - raft.server.notification.no-leader.timeout = 300s (custom)
2023-03-29 21:17:06,436 [pool-371-thread-1] INFO  server.RaftServerConfigKeys (ConfUtils.java:logGet(46)) - raft.server.retrycache.expirytime = 600000ms (custom)
2023-03-29 21:17:06,436 [pool-371-thread-1] INFO  server.RaftServerConfigKeys (ConfUtils.java:logGet(46)) - raft.server.retrycache.statistics.expirytime = 100μs (default)
2023-03-29 21:17:06,438 [pool-371-thread-1] INFO  server.RaftServerConfigKeys (ConfUtils.java:logGet(46)) - raft.server.log.appender.install.snapshot.enabled = false (custom)
2023-03-29 21:17:06,438 [pool-371-thread-1] INFO  server.RaftServerConfigKeys (ConfUtils.java:logGet(46)) - raft.server.threadpool.server.cached = true (default)
2023-03-29 21:17:06,438 [pool-371-thread-1] INFO  server.RaftServerConfigKeys (ConfUtils.java:logGet(46)) - raft.server.threadpool.server.size = 0 (default)
2023-03-29 21:17:06,439 [pool-371-thread-1] INFO  server.RaftServerConfigKeys (ConfUtils.java:logGet(46)) - raft.server.threadpool.client.cached = true (default)
2023-03-29 21:17:06,439 [pool-371-thread-1] INFO  server.RaftServerConfigKeys (ConfUtils.java:logGet(46)) - raft.server.threadpool.client.size = 0 (default)
2023-03-29 21:17:06,439 [pool-371-thread-1] INFO  storage.RaftStorageDirectory (RaftStorageDirectoryImpl.java:analyzeStorage(137)) - The storage directory /home/runner/work/ozone/ozone/hadoop-ozone/integration-test/target/test-dir/MiniOzoneClusterImpl-0d447e97-01e2-4ef6-85fe-af16170d97c2/datanode-2/data/ratis/88b7c5b2-f75f-4133-a5a7-9fb0ee27115b does not exist. Creating ...
2023-03-29 21:17:06,440 [pool-371-thread-1] INFO  storage.RaftStorageDirectory (RaftStorageDirectoryImpl.java:tryLock(231)) - Lock on /home/runner/work/ozone/ozone/hadoop-ozone/integration-test/target/test-dir/MiniOzoneClusterImpl-0d447e97-01e2-4ef6-85fe-af16170d97c2/datanode-2/data/ratis/88b7c5b2-f75f-4133-a5a7-9fb0ee27115b/in_use.lock acquired by nodename 46426@fv-az308-773
2023-03-29 21:17:06,441 [pool-371-thread-1] INFO  storage.RaftStorage (RaftStorageImpl.java:format(96)) - Storage directory /home/runner/work/ozone/ozone/hadoop-ozone/integration-test/target/test-dir/MiniOzoneClusterImpl-0d447e97-01e2-4ef6-85fe-af16170d97c2/datanode-2/data/ratis/88b7c5b2-f75f-4133-a5a7-9fb0ee27115b has been successfully formatted.
2023-03-29 21:17:06,442 [pool-371-thread-1] INFO  ratis.ContainerStateMachine (ContainerStateMachine.java:loadSnapshot(262)) - group-9FB0EE27115B: The snapshot info is null. Setting the last applied indexto:(t:0, i:~)
2023-03-29 21:17:06,442 [pool-371-thread-1] INFO  server.RaftServerConfigKeys (ConfUtils.java:logGet(46)) - raft.server.log.use.memory = false (default)
2023-03-29 21:17:06,442 [pool-371-thread-1] INFO  server.RaftServerConfigKeys (ConfUtils.java:logGet(46)) - raft.server.log.purge.gap = 1000000 (custom)
2023-03-29 21:17:06,443 [pool-371-thread-1] INFO  server.RaftServerConfigKeys (ConfUtils.java:logGet(46)) - raft.server.log.appender.buffer.byte-limit = 33554432 (custom)
2023-03-29 21:17:06,443 [pool-371-thread-1] INFO  server.RaftServerConfigKeys (ConfUtils.java:logGet(46)) - raft.server.log.statemachine.data.read.timeout = 1000ms (default)
2023-03-29 21:17:06,443 [pool-371-thread-1] INFO  server.RaftServerConfigKeys (ConfUtils.java:logGet(46)) - raft.server.log.purge.preservation.log.num = 0 (default)
2023-03-29 21:17:06,444 [pool-371-thread-1] INFO  server.RaftServerConfigKeys (ConfUtils.java:logGet(46)) - raft.server.log.segment.size.max = 1048576 (custom)
2023-03-29 21:17:06,444 [pool-371-thread-1] INFO  server.RaftServerConfigKeys (ConfUtils.java:logGet(46)) - raft.server.log.segment.cache.num.max = 2 (custom)
2023-03-29 21:17:06,444 [pool-371-thread-1] INFO  server.RaftServerConfigKeys (ConfUtils.java:logGet(46)) - raft.server.log.segment.cache.size.max = 200MB (=209715200) (default)
2023-03-29 21:17:06,444 [pool-371-thread-1] INFO  segmented.SegmentedRaftLogWorker (SegmentedRaftLogWorker.java:<init>(189)) - new e7b6a9e0-ae39-4816-bb7d-645997ba7398@group-9FB0EE27115B-SegmentedRaftLogWorker for RaftStorageImpl:Storage Directory /home/runner/work/ozone/ozone/hadoop-ozone/integration-test/target/test-dir/MiniOzoneClusterImpl-0d447e97-01e2-4ef6-85fe-af16170d97c2/datanode-2/data/ratis/88b7c5b2-f75f-4133-a5a7-9fb0ee27115b
2023-03-29 21:17:06,444 [pool-371-thread-1] INFO  server.RaftServerConfigKeys (ConfUtils.java:logGet(46)) - raft.server.log.queue.byte-limit = 4294967296 (custom)
2023-03-29 21:17:06,444 [pool-371-thread-1] INFO  server.RaftServerConfigKeys (ConfUtils.java:logGet(46)) - raft.server.log.queue.element-limit = 1024 (custom)
2023-03-29 21:17:06,444 [pool-371-thread-1] INFO  server.RaftServerConfigKeys (ConfUtils.java:logGet(46)) - raft.server.log.segment.size.max = 1048576 (custom)
2023-03-29 21:17:06,444 [pool-371-thread-1] INFO  server.RaftServerConfigKeys (ConfUtils.java:logGet(46)) - raft.server.log.preallocated.size = 16384 (custom)
2023-03-29 21:17:06,444 [pool-371-thread-1] INFO  server.RaftServerConfigKeys (ConfUtils.java:logGet(46)) - raft.server.log.force.sync.num = 128 (default)
2023-03-29 21:17:06,444 [pool-371-thread-1] INFO  server.RaftServerConfigKeys (ConfUtils.java:logGet(46)) - raft.server.log.statemachine.data.sync = true (default)
2023-03-29 21:17:06,444 [pool-371-thread-1] INFO  server.RaftServerConfigKeys (ConfUtils.java:logGet(46)) - raft.server.log.statemachine.data.sync.timeout = 10s (default)
2023-03-29 21:17:06,444 [pool-371-thread-1] INFO  server.RaftServerConfigKeys (ConfUtils.java:logGet(46)) - raft.server.log.statemachine.data.sync.timeout.retry = -1 (default)
2023-03-29 21:17:06,445 [pool-371-thread-1] INFO  server.RaftServerConfigKeys (ConfUtils.java:logGet(46)) - raft.server.log.write.buffer.size = 1048576 (custom)
2023-03-29 21:17:06,445 [pool-371-thread-1] INFO  server.RaftServerConfigKeys (ConfUtils.java:logGet(46)) - raft.server.log.appender.buffer.byte-limit = 33554432 (custom)
2023-03-29 21:17:06,450 [pool-371-thread-1] INFO  server.RaftServerConfigKeys (ConfUtils.java:logGet(46)) - raft.server.log.unsafe-flush.enabled = false (default)
2023-03-29 21:17:06,450 [pool-371-thread-1] INFO  server.RaftServerConfigKeys (ConfUtils.java:logGet(46)) - raft.server.log.async-flush.enabled = false (default)
2023-03-29 21:17:06,450 [pool-371-thread-1] INFO  server.RaftServerConfigKeys (ConfUtils.java:logGet(46)) - raft.server.log.statemachine.data.caching.enabled = true (custom)
2023-03-29 21:17:06,450 [pool-371-thread-1] INFO  segmented.SegmentedRaftLogWorker (SegmentedRaftLogWorker.java:lambda$new$0(135)) - e7b6a9e0-ae39-4816-bb7d-645997ba7398@group-9FB0EE27115B-SegmentedRaftLogWorker: flushIndex: setUnconditionally 0 -> -1
2023-03-29 21:17:06,450 [pool-371-thread-1] INFO  segmented.SegmentedRaftLogWorker (SegmentedRaftLogWorker.java:lambda$new$0(135)) - e7b6a9e0-ae39-4816-bb7d-645997ba7398@group-9FB0EE27115B-SegmentedRaftLogWorker: safeCacheEvictIndex: setUnconditionally 0 -> -1
2023-03-29 21:17:06,453 [pool-371-thread-1] INFO  server.RaftServer$Division (RaftServerImpl.java:start(334)) - e7b6a9e0-ae39-4816-bb7d-645997ba7398@group-9FB0EE27115B: start as a follower, conf=-1: peers:[e7b6a9e0-ae39-4816-bb7d-645997ba7398|rpc:10.1.0.17:43339|dataStream:10.1.0.17:42737|priority:0|startupRole:FOLLOWER, e304c585-3570-440e-99de-d9fa99700cf9|rpc:10.1.0.17:36943|dataStream:10.1.0.17:42751|priority:1|startupRole:FOLLOWER, 5ce02ec3-1add-4276-9232-59c2d20bf885|rpc:10.1.0.17:35345|dataStream:10.1.0.17:35525|priority:0|startupRole:FOLLOWER]|listeners:[], old=null
2023-03-29 21:17:06,453 [pool-371-thread-1] INFO  server.RaftServer$Division (RaftServerImpl.java:setRole(321)) - e7b6a9e0-ae39-4816-bb7d-645997ba7398@group-9FB0EE27115B: changes role from      null to FOLLOWER at term 0 for startAsFollower
2023-03-29 21:17:06,453 [pool-371-thread-1] INFO  impl.RoleInfo (RoleInfo.java:updateAndGet(139)) - e7b6a9e0-ae39-4816-bb7d-645997ba7398: start e7b6a9e0-ae39-4816-bb7d-645997ba7398@group-9FB0EE27115B-FollowerState
2023-03-29 21:17:06,457 [pool-371-thread-1] INFO  util.JmxRegister (JmxRegister.java:tryRegister(44)) - Successfully registered JMX Bean with object name Ratis:service=RaftServer,group=group-9FB0EE27115B,id=e7b6a9e0-ae39-4816-bb7d-645997ba7398
2023-03-29 21:17:06,457 [pool-371-thread-1] INFO  server.RaftServerConfigKeys (ConfUtils.java:logGet(46)) - raft.server.snapshot.auto.trigger.enabled = true (custom)
2023-03-29 21:17:06,457 [pool-371-thread-1] INFO  server.RaftServerConfigKeys (ConfUtils.java:logGet(46)) - raft.server.snapshot.auto.trigger.threshold = 10000 (custom)
2023-03-29 21:17:06,458 [pool-371-thread-1] INFO  server.RaftServerConfigKeys (ConfUtils.java:logGet(46)) - raft.server.snapshot.retention.file.num = 5 (custom)
2023-03-29 21:17:06,458 [pool-371-thread-1] INFO  server.RaftServerConfigKeys (ConfUtils.java:logGet(46)) - raft.server.log.purge.upto.snapshot.index = false (default)
2023-03-29 21:17:06,458 [e7b6a9e0-ae39-4816-bb7d-645997ba7398@group-9FB0EE27115B-FollowerState] INFO  server.RaftServerConfigKeys (ConfUtils.java:logFallback(53)) - raft.server.rpc.first-election.timeout.min = 5s (fallback to raft.server.rpc.timeout.min)
2023-03-29 21:17:06,458 [e7b6a9e0-ae39-4816-bb7d-645997ba7398@group-9FB0EE27115B-FollowerState] INFO  server.RaftServerConfigKeys (ConfUtils.java:logFallback(53)) - raft.server.rpc.first-election.timeout.max = 5200ms (fallback to raft.server.rpc.timeout.max)
2023-03-29 21:17:06,468 [Command processor thread] INFO  commandhandler.CreatePipelineCommandHandler (CreatePipelineCommandHandler.java:handle(113)) - Created Pipeline RATIS THREE PipelineID=88b7c5b2-f75f-4133-a5a7-9fb0ee27115b.
2023-03-29 21:17:06,469 [Command processor thread] INFO  server.RaftServer (RaftServerProxy.java:addNew(96)) - 5ce02ec3-1add-4276-9232-59c2d20bf885: addNew group-40CFFDD3BB84:[e7b6a9e0-ae39-4816-bb7d-645997ba7398|rpc:10.1.0.17:43339|dataStream:10.1.0.17:42737|priority:0|startupRole:FOLLOWER, 5ce02ec3-1add-4276-9232-59c2d20bf885|rpc:10.1.0.17:35345|dataStream:10.1.0.17:35525|priority:1|startupRole:FOLLOWER, e304c585-3570-440e-99de-d9fa99700cf9|rpc:10.1.0.17:36943|dataStream:10.1.0.17:42751|priority:0|startupRole:FOLLOWER] returns group-40CFFDD3BB84:java.util.concurrent.CompletableFuture@3f93b93e[Not completed]
2023-03-29 21:17:06,470 [pool-327-thread-1] INFO  server.RaftServer$Division (RaftServerImpl.java:<init>(195)) - 5ce02ec3-1add-4276-9232-59c2d20bf885: new RaftServerImpl for group-40CFFDD3BB84:[e7b6a9e0-ae39-4816-bb7d-645997ba7398|rpc:10.1.0.17:43339|dataStream:10.1.0.17:42737|priority:0|startupRole:FOLLOWER, 5ce02ec3-1add-4276-9232-59c2d20bf885|rpc:10.1.0.17:35345|dataStream:10.1.0.17:35525|priority:1|startupRole:FOLLOWER, e304c585-3570-440e-99de-d9fa99700cf9|rpc:10.1.0.17:36943|dataStream:10.1.0.17:42751|priority:0|startupRole:FOLLOWER] with ContainerStateMachine:uninitialized
2023-03-29 21:17:06,470 [pool-327-thread-1] INFO  server.RaftServerConfigKeys (ConfUtils.java:logGet(46)) - raft.server.rpc.timeout.min = 5s (custom)
2023-03-29 21:17:06,470 [pool-327-thread-1] INFO  server.RaftServerConfigKeys (ConfUtils.java:logGet(46)) - raft.server.rpc.timeout.max = 5200ms (custom)
2023-03-29 21:17:06,470 [pool-327-thread-1] INFO  server.RaftServerConfigKeys (ConfUtils.java:logGet(46)) - raft.server.rpc.sleep.time = 25ms (default)
2023-03-29 21:17:06,470 [pool-327-thread-1] INFO  server.RaftServerConfigKeys (ConfUtils.java:logGet(46)) - raft.server.rpc.slowness.timeout = 300s (custom)
2023-03-29 21:17:06,470 [pool-327-thread-1] INFO  server.RaftServerConfigKeys (ConfUtils.java:logGet(46)) - raft.server.leaderelection.leader.step-down.wait-time = 10s (default)
2023-03-29 21:17:06,470 [pool-327-thread-1] INFO  server.RaftServerConfigKeys (ConfUtils.java:logGet(46)) - raft.server.sleep.deviation.threshold = 300ms (default)
2023-03-29 21:17:06,470 [pool-327-thread-1] INFO  server.RaftServer$Division (ServerState.java:<init>(118)) - 5ce02ec3-1add-4276-9232-59c2d20bf885@group-40CFFDD3BB84: ConfigurationManager, init=-1: peers:[e7b6a9e0-ae39-4816-bb7d-645997ba7398|rpc:10.1.0.17:43339|dataStream:10.1.0.17:42737|priority:0|startupRole:FOLLOWER, 5ce02ec3-1add-4276-9232-59c2d20bf885|rpc:10.1.0.17:35345|dataStream:10.1.0.17:35525|priority:1|startupRole:FOLLOWER, e304c585-3570-440e-99de-d9fa99700cf9|rpc:10.1.0.17:36943|dataStream:10.1.0.17:42751|priority:0|startupRole:FOLLOWER]|listeners:[], old=null, confs=<EMPTY_MAP>
2023-03-29 21:17:06,470 [pool-327-thread-1] INFO  server.RaftServerConfigKeys (ConfUtils.java:logGet(46)) - raft.server.storage.dir = [/home/runner/work/ozone/ozone/hadoop-ozone/integration-test/target/test-dir/MiniOzoneClusterImpl-0d447e97-01e2-4ef6-85fe-af16170d97c2/datanode-0/data/ratis] (custom)
2023-03-29 21:17:06,470 [pool-327-thread-1] INFO  server.RaftServerConfigKeys (ConfUtils.java:logGet(46)) - raft.server.log.corruption.policy = EXCEPTION (default)
2023-03-29 21:17:06,470 [pool-327-thread-1] INFO  server.RaftServerConfigKeys (ConfUtils.java:logGet(46)) - raft.server.storage.free-space.min = 0MB (=0) (default)
2023-03-29 21:17:06,470 [pool-327-thread-1] INFO  server.RaftServerConfigKeys (ConfUtils.java:logGet(46)) - raft.server.notification.no-leader.timeout = 300s (custom)
2023-03-29 21:17:06,470 [pool-327-thread-1] INFO  server.RaftServerConfigKeys (ConfUtils.java:logGet(46)) - raft.server.retrycache.expirytime = 600000ms (custom)
2023-03-29 21:17:06,470 [pool-327-thread-1] INFO  server.RaftServerConfigKeys (ConfUtils.java:logGet(46)) - raft.server.retrycache.statistics.expirytime = 100μs (default)
2023-03-29 21:17:06,471 [pool-327-thread-1] INFO  server.RaftServerConfigKeys (ConfUtils.java:logGet(46)) - raft.server.log.appender.install.snapshot.enabled = false (custom)
2023-03-29 21:17:06,471 [pool-327-thread-1] INFO  server.RaftServerConfigKeys (ConfUtils.java:logGet(46)) - raft.server.threadpool.server.cached = true (default)
2023-03-29 21:17:06,471 [pool-327-thread-1] INFO  server.RaftServerConfigKeys (ConfUtils.java:logGet(46)) - raft.server.threadpool.server.size = 0 (default)
2023-03-29 21:17:06,471 [pool-327-thread-1] INFO  server.RaftServerConfigKeys (ConfUtils.java:logGet(46)) - raft.server.threadpool.client.cached = true (default)
2023-03-29 21:17:06,471 [pool-327-thread-1] INFO  server.RaftServerConfigKeys (ConfUtils.java:logGet(46)) - raft.server.threadpool.client.size = 0 (default)
2023-03-29 21:17:06,471 [pool-327-thread-1] INFO  storage.RaftStorageDirectory (RaftStorageDirectoryImpl.java:analyzeStorage(137)) - The storage directory /home/runner/work/ozone/ozone/hadoop-ozone/integration-test/target/test-dir/MiniOzoneClusterImpl-0d447e97-01e2-4ef6-85fe-af16170d97c2/datanode-0/data/ratis/4223c33b-2598-4803-9bc1-40cffdd3bb84 does not exist. Creating ...
2023-03-29 21:17:06,473 [pool-327-thread-1] INFO  storage.RaftStorageDirectory (RaftStorageDirectoryImpl.java:tryLock(231)) - Lock on /home/runner/work/ozone/ozone/hadoop-ozone/integration-test/target/test-dir/MiniOzoneClusterImpl-0d447e97-01e2-4ef6-85fe-af16170d97c2/datanode-0/data/ratis/4223c33b-2598-4803-9bc1-40cffdd3bb84/in_use.lock acquired by nodename 46426@fv-az308-773
2023-03-29 21:17:06,474 [pool-327-thread-1] INFO  storage.RaftStorage (RaftStorageImpl.java:format(96)) - Storage directory /home/runner/work/ozone/ozone/hadoop-ozone/integration-test/target/test-dir/MiniOzoneClusterImpl-0d447e97-01e2-4ef6-85fe-af16170d97c2/datanode-0/data/ratis/4223c33b-2598-4803-9bc1-40cffdd3bb84 has been successfully formatted.
2023-03-29 21:17:06,474 [pool-327-thread-1] INFO  ratis.ContainerStateMachine (ContainerStateMachine.java:loadSnapshot(262)) - group-40CFFDD3BB84: The snapshot info is null. Setting the last applied indexto:(t:0, i:~)
2023-03-29 21:17:06,475 [pool-327-thread-1] INFO  server.RaftServerConfigKeys (ConfUtils.java:logGet(46)) - raft.server.log.use.memory = false (default)
2023-03-29 21:17:06,475 [pool-327-thread-1] INFO  server.RaftServerConfigKeys (ConfUtils.java:logGet(46)) - raft.server.log.purge.gap = 1000000 (custom)
2023-03-29 21:17:06,475 [pool-327-thread-1] INFO  server.RaftServerConfigKeys (ConfUtils.java:logGet(46)) - raft.server.log.appender.buffer.byte-limit = 33554432 (custom)
2023-03-29 21:17:06,475 [pool-327-thread-1] INFO  server.RaftServerConfigKeys (ConfUtils.java:logGet(46)) - raft.server.log.statemachine.data.read.timeout = 1000ms (default)
2023-03-29 21:17:06,475 [pool-327-thread-1] INFO  server.RaftServerConfigKeys (ConfUtils.java:logGet(46)) - raft.server.log.purge.preservation.log.num = 0 (default)
2023-03-29 21:17:06,475 [EventQueue-OpenPipelineForHealthyPipelineSafeModeRule] INFO  safemode.SCMSafeModeManager (HealthyPipelineSafeModeRule.java:process(137)) - SCM in safe mode. Healthy pipelines reported count is 0, required healthy pipeline reported count is 1
2023-03-29 21:17:06,476 [pool-327-thread-1] INFO  server.RaftServerConfigKeys (ConfUtils.java:logGet(46)) - raft.server.log.segment.size.max = 1048576 (custom)
2023-03-29 21:17:06,476 [pool-327-thread-1] INFO  server.RaftServerConfigKeys (ConfUtils.java:logGet(46)) - raft.server.log.segment.cache.num.max = 2 (custom)
2023-03-29 21:17:06,476 [pool-327-thread-1] INFO  server.RaftServerConfigKeys (ConfUtils.java:logGet(46)) - raft.server.log.segment.cache.size.max = 200MB (=209715200) (default)
2023-03-29 21:17:06,477 [pool-327-thread-1] INFO  segmented.SegmentedRaftLogWorker (SegmentedRaftLogWorker.java:<init>(189)) - new 5ce02ec3-1add-4276-9232-59c2d20bf885@group-40CFFDD3BB84-SegmentedRaftLogWorker for RaftStorageImpl:Storage Directory /home/runner/work/ozone/ozone/hadoop-ozone/integration-test/target/test-dir/MiniOzoneClusterImpl-0d447e97-01e2-4ef6-85fe-af16170d97c2/datanode-0/data/ratis/4223c33b-2598-4803-9bc1-40cffdd3bb84
2023-03-29 21:17:06,477 [pool-327-thread-1] INFO  server.RaftServerConfigKeys (ConfUtils.java:logGet(46)) - raft.server.log.queue.byte-limit = 4294967296 (custom)
2023-03-29 21:17:06,477 [pool-327-thread-1] INFO  server.RaftServerConfigKeys (ConfUtils.java:logGet(46)) - raft.server.log.queue.element-limit = 1024 (custom)
2023-03-29 21:17:06,477 [pool-327-thread-1] INFO  server.RaftServerConfigKeys (ConfUtils.java:logGet(46)) - raft.server.log.segment.size.max = 1048576 (custom)
2023-03-29 21:17:06,477 [pool-327-thread-1] INFO  server.RaftServerConfigKeys (ConfUtils.java:logGet(46)) - raft.server.log.preallocated.size = 16384 (custom)
2023-03-29 21:17:06,477 [pool-327-thread-1] INFO  server.RaftServerConfigKeys (ConfUtils.java:logGet(46)) - raft.server.log.force.sync.num = 128 (default)
2023-03-29 21:17:06,477 [pool-327-thread-1] INFO  server.RaftServerConfigKeys (ConfUtils.java:logGet(46)) - raft.server.log.statemachine.data.sync = true (default)
2023-03-29 21:17:06,477 [pool-327-thread-1] INFO  server.RaftServerConfigKeys (ConfUtils.java:logGet(46)) - raft.server.log.statemachine.data.sync.timeout = 10s (default)
2023-03-29 21:17:06,477 [pool-327-thread-1] INFO  server.RaftServerConfigKeys (ConfUtils.java:logGet(46)) - raft.server.log.statemachine.data.sync.timeout.retry = -1 (default)
2023-03-29 21:17:06,478 [pool-327-thread-1] INFO  server.RaftServerConfigKeys (ConfUtils.java:logGet(46)) - raft.server.log.write.buffer.size = 1048576 (custom)
2023-03-29 21:17:06,479 [pool-327-thread-1] INFO  server.RaftServerConfigKeys (ConfUtils.java:logGet(46)) - raft.server.log.appender.buffer.byte-limit = 33554432 (custom)
2023-03-29 21:17:06,484 [pool-327-thread-1] INFO  server.RaftServerConfigKeys (ConfUtils.java:logGet(46)) - raft.server.log.unsafe-flush.enabled = false (default)
2023-03-29 21:17:06,484 [pool-327-thread-1] INFO  server.RaftServerConfigKeys (ConfUtils.java:logGet(46)) - raft.server.log.async-flush.enabled = false (default)
2023-03-29 21:17:06,484 [pool-327-thread-1] INFO  server.RaftServerConfigKeys (ConfUtils.java:logGet(46)) - raft.server.log.statemachine.data.caching.enabled = true (custom)
2023-03-29 21:17:06,484 [pool-327-thread-1] INFO  segmented.SegmentedRaftLogWorker (SegmentedRaftLogWorker.java:lambda$new$0(135)) - 5ce02ec3-1add-4276-9232-59c2d20bf885@group-40CFFDD3BB84-SegmentedRaftLogWorker: flushIndex: setUnconditionally 0 -> -1
2023-03-29 21:17:06,484 [pool-327-thread-1] INFO  segmented.SegmentedRaftLogWorker (SegmentedRaftLogWorker.java:lambda$new$0(135)) - 5ce02ec3-1add-4276-9232-59c2d20bf885@group-40CFFDD3BB84-SegmentedRaftLogWorker: safeCacheEvictIndex: setUnconditionally 0 -> -1
2023-03-29 21:17:06,484 [pool-327-thread-1] INFO  server.RaftServer$Division (RaftServerImpl.java:start(334)) - 5ce02ec3-1add-4276-9232-59c2d20bf885@group-40CFFDD3BB84: start as a follower, conf=-1: peers:[e7b6a9e0-ae39-4816-bb7d-645997ba7398|rpc:10.1.0.17:43339|dataStream:10.1.0.17:42737|priority:0|startupRole:FOLLOWER, 5ce02ec3-1add-4276-9232-59c2d20bf885|rpc:10.1.0.17:35345|dataStream:10.1.0.17:35525|priority:1|startupRole:FOLLOWER, e304c585-3570-440e-99de-d9fa99700cf9|rpc:10.1.0.17:36943|dataStream:10.1.0.17:42751|priority:0|startupRole:FOLLOWER]|listeners:[], old=null
2023-03-29 21:17:06,484 [pool-327-thread-1] INFO  server.RaftServer$Division (RaftServerImpl.java:setRole(321)) - 5ce02ec3-1add-4276-9232-59c2d20bf885@group-40CFFDD3BB84: changes role from      null to FOLLOWER at term 0 for startAsFollower
2023-03-29 21:17:06,484 [pool-327-thread-1] INFO  impl.RoleInfo (RoleInfo.java:updateAndGet(139)) - 5ce02ec3-1add-4276-9232-59c2d20bf885: start 5ce02ec3-1add-4276-9232-59c2d20bf885@group-40CFFDD3BB84-FollowerState
2023-03-29 21:17:06,485 [pool-327-thread-1] INFO  util.JmxRegister (JmxRegister.java:tryRegister(44)) - Successfully registered JMX Bean with object name Ratis:service=RaftServer,group=group-40CFFDD3BB84,id=5ce02ec3-1add-4276-9232-59c2d20bf885
2023-03-29 21:17:06,485 [pool-327-thread-1] INFO  server.RaftServerConfigKeys (ConfUtils.java:logGet(46)) - raft.server.snapshot.auto.trigger.enabled = true (custom)
2023-03-29 21:17:06,485 [pool-327-thread-1] INFO  server.RaftServerConfigKeys (ConfUtils.java:logGet(46)) - raft.server.snapshot.auto.trigger.threshold = 10000 (custom)
2023-03-29 21:17:06,485 [pool-327-thread-1] INFO  server.RaftServerConfigKeys (ConfUtils.java:logGet(46)) - raft.server.snapshot.retention.file.num = 5 (custom)
2023-03-29 21:17:06,486 [pool-327-thread-1] INFO  server.RaftServerConfigKeys (ConfUtils.java:logGet(46)) - raft.server.log.purge.upto.snapshot.index = false (default)
2023-03-29 21:17:06,487 [5ce02ec3-1add-4276-9232-59c2d20bf885@group-40CFFDD3BB84-FollowerState] INFO  server.RaftServerConfigKeys (ConfUtils.java:logFallback(53)) - raft.server.rpc.first-election.timeout.min = 5s (fallback to raft.server.rpc.timeout.min)
2023-03-29 21:17:06,487 [5ce02ec3-1add-4276-9232-59c2d20bf885@group-40CFFDD3BB84-FollowerState] INFO  server.RaftServerConfigKeys (ConfUtils.java:logFallback(53)) - raft.server.rpc.first-election.timeout.max = 5200ms (fallback to raft.server.rpc.timeout.max)
2023-03-29 21:17:06,488 [Command processor thread] INFO  ratis.XceiverServerRatis (XceiverServerRatis.java:addGroup(806)) - Created group PipelineID=4223c33b-2598-4803-9bc1-40cffdd3bb84
2023-03-29 21:17:06,499 [grpc-default-executor-0] INFO  server.RaftServer (RaftServerProxy.java:addNew(96)) - e7b6a9e0-ae39-4816-bb7d-645997ba7398: addNew group-40CFFDD3BB84:[e7b6a9e0-ae39-4816-bb7d-645997ba7398|rpc:10.1.0.17:43339|dataStream:10.1.0.17:42737|priority:0|startupRole:FOLLOWER, 5ce02ec3-1add-4276-9232-59c2d20bf885|rpc:10.1.0.17:35345|dataStream:10.1.0.17:35525|priority:1|startupRole:FOLLOWER, e304c585-3570-440e-99de-d9fa99700cf9|rpc:10.1.0.17:36943|dataStream:10.1.0.17:42751|priority:0|startupRole:FOLLOWER] returns group-40CFFDD3BB84:java.util.concurrent.CompletableFuture@407a190[Not completed]
2023-03-29 21:17:06,500 [pool-371-thread-1] INFO  server.RaftServer$Division (RaftServerImpl.java:<init>(195)) - e7b6a9e0-ae39-4816-bb7d-645997ba7398: new RaftServerImpl for group-40CFFDD3BB84:[e7b6a9e0-ae39-4816-bb7d-645997ba7398|rpc:10.1.0.17:43339|dataStream:10.1.0.17:42737|priority:0|startupRole:FOLLOWER, 5ce02ec3-1add-4276-9232-59c2d20bf885|rpc:10.1.0.17:35345|dataStream:10.1.0.17:35525|priority:1|startupRole:FOLLOWER, e304c585-3570-440e-99de-d9fa99700cf9|rpc:10.1.0.17:36943|dataStream:10.1.0.17:42751|priority:0|startupRole:FOLLOWER] with ContainerStateMachine:uninitialized
2023-03-29 21:17:06,500 [pool-371-thread-1] INFO  server.RaftServerConfigKeys (ConfUtils.java:logGet(46)) - raft.server.rpc.timeout.min = 5s (custom)
2023-03-29 21:17:06,500 [pool-371-thread-1] INFO  server.RaftServerConfigKeys (ConfUtils.java:logGet(46)) - raft.server.rpc.timeout.max = 5200ms (custom)
2023-03-29 21:17:06,500 [pool-371-thread-1] INFO  server.RaftServerConfigKeys (ConfUtils.java:logGet(46)) - raft.server.rpc.sleep.time = 25ms (default)
2023-03-29 21:17:06,500 [pool-371-thread-1] INFO  server.RaftServerConfigKeys (ConfUtils.java:logGet(46)) - raft.server.rpc.slowness.timeout = 300s (custom)
2023-03-29 21:17:06,500 [pool-371-thread-1] INFO  server.RaftServerConfigKeys (ConfUtils.java:logGet(46)) - raft.server.leaderelection.leader.step-down.wait-time = 10s (default)
2023-03-29 21:17:06,500 [pool-371-thread-1] INFO  server.RaftServerConfigKeys (ConfUtils.java:logGet(46)) - raft.server.sleep.deviation.threshold = 300ms (default)
2023-03-29 21:17:06,500 [pool-371-thread-1] INFO  server.RaftServer$Division (ServerState.java:<init>(118)) - e7b6a9e0-ae39-4816-bb7d-645997ba7398@group-40CFFDD3BB84: ConfigurationManager, init=-1: peers:[e7b6a9e0-ae39-4816-bb7d-645997ba7398|rpc:10.1.0.17:43339|dataStream:10.1.0.17:42737|priority:0|startupRole:FOLLOWER, 5ce02ec3-1add-4276-9232-59c2d20bf885|rpc:10.1.0.17:35345|dataStream:10.1.0.17:35525|priority:1|startupRole:FOLLOWER, e304c585-3570-440e-99de-d9fa99700cf9|rpc:10.1.0.17:36943|dataStream:10.1.0.17:42751|priority:0|startupRole:FOLLOWER]|listeners:[], old=null, confs=<EMPTY_MAP>
2023-03-29 21:17:06,500 [pool-371-thread-1] INFO  server.RaftServerConfigKeys (ConfUtils.java:logGet(46)) - raft.server.storage.dir = [/home/runner/work/ozone/ozone/hadoop-ozone/integration-test/target/test-dir/MiniOzoneClusterImpl-0d447e97-01e2-4ef6-85fe-af16170d97c2/datanode-2/data/ratis] (custom)
2023-03-29 21:17:06,500 [pool-371-thread-1] INFO  server.RaftServerConfigKeys (ConfUtils.java:logGet(46)) - raft.server.log.corruption.policy = EXCEPTION (default)
2023-03-29 21:17:06,500 [pool-371-thread-1] INFO  server.RaftServerConfigKeys (ConfUtils.java:logGet(46)) - raft.server.storage.free-space.min = 0MB (=0) (default)
2023-03-29 21:17:06,500 [pool-371-thread-1] INFO  server.RaftServerConfigKeys (ConfUtils.java:logGet(46)) - raft.server.notification.no-leader.timeout = 300s (custom)
2023-03-29 21:17:06,500 [pool-371-thread-1] INFO  server.RaftServerConfigKeys (ConfUtils.java:logGet(46)) - raft.server.retrycache.expirytime = 600000ms (custom)
2023-03-29 21:17:06,500 [pool-371-thread-1] INFO  server.RaftServerConfigKeys (ConfUtils.java:logGet(46)) - raft.server.retrycache.statistics.expirytime = 100μs (default)
2023-03-29 21:17:06,501 [pool-371-thread-1] INFO  server.RaftServerConfigKeys (ConfUtils.java:logGet(46)) - raft.server.log.appender.install.snapshot.enabled = false (custom)
2023-03-29 21:17:06,501 [pool-371-thread-1] INFO  server.RaftServerConfigKeys (ConfUtils.java:logGet(46)) - raft.server.threadpool.server.cached = true (default)
2023-03-29 21:17:06,501 [pool-371-thread-1] INFO  server.RaftServerConfigKeys (ConfUtils.java:logGet(46)) - raft.server.threadpool.server.size = 0 (default)
2023-03-29 21:17:06,501 [pool-371-thread-1] INFO  server.RaftServerConfigKeys (ConfUtils.java:logGet(46)) - raft.server.threadpool.client.cached = true (default)
2023-03-29 21:17:06,501 [pool-371-thread-1] INFO  server.RaftServerConfigKeys (ConfUtils.java:logGet(46)) - raft.server.threadpool.client.size = 0 (default)
2023-03-29 21:17:06,501 [pool-371-thread-1] INFO  storage.RaftStorageDirectory (RaftStorageDirectoryImpl.java:analyzeStorage(137)) - The storage directory /home/runner/work/ozone/ozone/hadoop-ozone/integration-test/target/test-dir/MiniOzoneClusterImpl-0d447e97-01e2-4ef6-85fe-af16170d97c2/datanode-2/data/ratis/4223c33b-2598-4803-9bc1-40cffdd3bb84 does not exist. Creating ...
2023-03-29 21:17:06,502 [pool-371-thread-1] INFO  storage.RaftStorageDirectory (RaftStorageDirectoryImpl.java:tryLock(231)) - Lock on /home/runner/work/ozone/ozone/hadoop-ozone/integration-test/target/test-dir/MiniOzoneClusterImpl-0d447e97-01e2-4ef6-85fe-af16170d97c2/datanode-2/data/ratis/4223c33b-2598-4803-9bc1-40cffdd3bb84/in_use.lock acquired by nodename 46426@fv-az308-773
2023-03-29 21:17:06,504 [pool-371-thread-1] INFO  storage.RaftStorage (RaftStorageImpl.java:format(96)) - Storage directory /home/runner/work/ozone/ozone/hadoop-ozone/integration-test/target/test-dir/MiniOzoneClusterImpl-0d447e97-01e2-4ef6-85fe-af16170d97c2/datanode-2/data/ratis/4223c33b-2598-4803-9bc1-40cffdd3bb84 has been successfully formatted.
2023-03-29 21:17:06,504 [pool-371-thread-1] INFO  ratis.ContainerStateMachine (ContainerStateMachine.java:loadSnapshot(262)) - group-40CFFDD3BB84: The snapshot info is null. Setting the last applied indexto:(t:0, i:~)
2023-03-29 21:17:06,504 [pool-371-thread-1] INFO  server.RaftServerConfigKeys (ConfUtils.java:logGet(46)) - raft.server.log.use.memory = false (default)
2023-03-29 21:17:06,504 [pool-371-thread-1] INFO  server.RaftServerConfigKeys (ConfUtils.java:logGet(46)) - raft.server.log.purge.gap = 1000000 (custom)
2023-03-29 21:17:06,504 [pool-371-thread-1] INFO  server.RaftServerConfigKeys (ConfUtils.java:logGet(46)) - raft.server.log.appender.buffer.byte-limit = 33554432 (custom)
2023-03-29 21:17:06,505 [pool-371-thread-1] INFO  server.RaftServerConfigKeys (ConfUtils.java:logGet(46)) - raft.server.log.statemachine.data.read.timeout = 1000ms (default)
2023-03-29 21:17:06,505 [pool-371-thread-1] INFO  server.RaftServerConfigKeys (ConfUtils.java:logGet(46)) - raft.server.log.purge.preservation.log.num = 0 (default)
2023-03-29 21:17:06,505 [pool-371-thread-1] INFO  server.RaftServerConfigKeys (ConfUtils.java:logGet(46)) - raft.server.log.segment.size.max = 1048576 (custom)
2023-03-29 21:17:06,505 [pool-371-thread-1] INFO  server.RaftServerConfigKeys (ConfUtils.java:logGet(46)) - raft.server.log.segment.cache.num.max = 2 (custom)
2023-03-29 21:17:06,505 [pool-371-thread-1] INFO  server.RaftServerConfigKeys (ConfUtils.java:logGet(46)) - raft.server.log.segment.cache.size.max = 200MB (=209715200) (default)
2023-03-29 21:17:06,505 [pool-371-thread-1] INFO  segmented.SegmentedRaftLogWorker (SegmentedRaftLogWorker.java:<init>(189)) - new e7b6a9e0-ae39-4816-bb7d-645997ba7398@group-40CFFDD3BB84-SegmentedRaftLogWorker for RaftStorageImpl:Storage Directory /home/runner/work/ozone/ozone/hadoop-ozone/integration-test/target/test-dir/MiniOzoneClusterImpl-0d447e97-01e2-4ef6-85fe-af16170d97c2/datanode-2/data/ratis/4223c33b-2598-4803-9bc1-40cffdd3bb84
2023-03-29 21:17:06,507 [pool-371-thread-1] INFO  server.RaftServerConfigKeys (ConfUtils.java:logGet(46)) - raft.server.log.queue.byte-limit = 4294967296 (custom)
2023-03-29 21:17:06,507 [pool-371-thread-1] INFO  server.RaftServerConfigKeys (ConfUtils.java:logGet(46)) - raft.server.log.queue.element-limit = 1024 (custom)
2023-03-29 21:17:06,507 [pool-371-thread-1] INFO  server.RaftServerConfigKeys (ConfUtils.java:logGet(46)) - raft.server.log.segment.size.max = 1048576 (custom)
2023-03-29 21:17:06,507 [pool-371-thread-1] INFO  server.RaftServerConfigKeys (ConfUtils.java:logGet(46)) - raft.server.log.preallocated.size = 16384 (custom)
2023-03-29 21:17:06,507 [pool-371-thread-1] INFO  server.RaftServerConfigKeys (ConfUtils.java:logGet(46)) - raft.server.log.force.sync.num = 128 (default)
2023-03-29 21:17:06,507 [pool-371-thread-1] INFO  server.RaftServerConfigKeys (ConfUtils.java:logGet(46)) - raft.server.log.statemachine.data.sync = true (default)
2023-03-29 21:17:06,507 [pool-371-thread-1] INFO  server.RaftServerConfigKeys (ConfUtils.java:logGet(46)) - raft.server.log.statemachine.data.sync.timeout = 10s (default)
2023-03-29 21:17:06,507 [pool-371-thread-1] INFO  server.RaftServerConfigKeys (ConfUtils.java:logGet(46)) - raft.server.log.statemachine.data.sync.timeout.retry = -1 (default)
2023-03-29 21:17:06,507 [pool-371-thread-1] INFO  server.RaftServerConfigKeys (ConfUtils.java:logGet(46)) - raft.server.log.write.buffer.size = 1048576 (custom)
2023-03-29 21:17:06,509 [pool-371-thread-1] INFO  server.RaftServerConfigKeys (ConfUtils.java:logGet(46)) - raft.server.log.appender.buffer.byte-limit = 33554432 (custom)
2023-03-29 21:17:06,515 [pool-371-thread-1] INFO  server.RaftServerConfigKeys (ConfUtils.java:logGet(46)) - raft.server.log.unsafe-flush.enabled = false (default)
2023-03-29 21:17:06,515 [pool-371-thread-1] INFO  server.RaftServerConfigKeys (ConfUtils.java:logGet(46)) - raft.server.log.async-flush.enabled = false (default)
2023-03-29 21:17:06,515 [pool-371-thread-1] INFO  server.RaftServerConfigKeys (ConfUtils.java:logGet(46)) - raft.server.log.statemachine.data.caching.enabled = true (custom)
2023-03-29 21:17:06,515 [pool-371-thread-1] INFO  segmented.SegmentedRaftLogWorker (SegmentedRaftLogWorker.java:lambda$new$0(135)) - e7b6a9e0-ae39-4816-bb7d-645997ba7398@group-40CFFDD3BB84-SegmentedRaftLogWorker: flushIndex: setUnconditionally 0 -> -1
2023-03-29 21:17:06,515 [pool-371-thread-1] INFO  segmented.SegmentedRaftLogWorker (SegmentedRaftLogWorker.java:lambda$new$0(135)) - e7b6a9e0-ae39-4816-bb7d-645997ba7398@group-40CFFDD3BB84-SegmentedRaftLogWorker: safeCacheEvictIndex: setUnconditionally 0 -> -1
2023-03-29 21:17:06,515 [pool-371-thread-1] INFO  server.RaftServer$Division (RaftServerImpl.java:start(334)) - e7b6a9e0-ae39-4816-bb7d-645997ba7398@group-40CFFDD3BB84: start as a follower, conf=-1: peers:[e7b6a9e0-ae39-4816-bb7d-645997ba7398|rpc:10.1.0.17:43339|dataStream:10.1.0.17:42737|priority:0|startupRole:FOLLOWER, 5ce02ec3-1add-4276-9232-59c2d20bf885|rpc:10.1.0.17:35345|dataStream:10.1.0.17:35525|priority:1|startupRole:FOLLOWER, e304c585-3570-440e-99de-d9fa99700cf9|rpc:10.1.0.17:36943|dataStream:10.1.0.17:42751|priority:0|startupRole:FOLLOWER]|listeners:[], old=null
2023-03-29 21:17:06,515 [pool-371-thread-1] INFO  server.RaftServer$Division (RaftServerImpl.java:setRole(321)) - e7b6a9e0-ae39-4816-bb7d-645997ba7398@group-40CFFDD3BB84: changes role from      null to FOLLOWER at term 0 for startAsFollower
2023-03-29 21:17:06,515 [pool-371-thread-1] INFO  impl.RoleInfo (RoleInfo.java:updateAndGet(139)) - e7b6a9e0-ae39-4816-bb7d-645997ba7398: start e7b6a9e0-ae39-4816-bb7d-645997ba7398@group-40CFFDD3BB84-FollowerState
2023-03-29 21:17:06,517 [pool-371-thread-1] INFO  util.JmxRegister (JmxRegister.java:tryRegister(44)) - Successfully registered JMX Bean with object name Ratis:service=RaftServer,group=group-40CFFDD3BB84,id=e7b6a9e0-ae39-4816-bb7d-645997ba7398
2023-03-29 21:17:06,517 [pool-371-thread-1] INFO  server.RaftServerConfigKeys (ConfUtils.java:logGet(46)) - raft.server.snapshot.auto.trigger.enabled = true (custom)
2023-03-29 21:17:06,517 [pool-371-thread-1] INFO  server.RaftServerConfigKeys (ConfUtils.java:logGet(46)) - raft.server.snapshot.auto.trigger.threshold = 10000 (custom)
2023-03-29 21:17:06,518 [pool-371-thread-1] INFO  server.RaftServerConfigKeys (ConfUtils.java:logGet(46)) - raft.server.snapshot.retention.file.num = 5 (custom)
2023-03-29 21:17:06,518 [pool-371-thread-1] INFO  server.RaftServerConfigKeys (ConfUtils.java:logGet(46)) - raft.server.log.purge.upto.snapshot.index = false (default)
2023-03-29 21:17:06,519 [e7b6a9e0-ae39-4816-bb7d-645997ba7398@group-40CFFDD3BB84-FollowerState] INFO  server.RaftServerConfigKeys (ConfUtils.java:logFallback(53)) - raft.server.rpc.first-election.timeout.min = 5s (fallback to raft.server.rpc.timeout.min)
2023-03-29 21:17:06,519 [e7b6a9e0-ae39-4816-bb7d-645997ba7398@group-40CFFDD3BB84-FollowerState] INFO  server.RaftServerConfigKeys (ConfUtils.java:logFallback(53)) - raft.server.rpc.first-election.timeout.max = 5200ms (fallback to raft.server.rpc.timeout.max)
2023-03-29 21:17:06,533 [grpc-default-executor-0] INFO  server.RaftServer (RaftServerProxy.java:addNew(96)) - e304c585-3570-440e-99de-d9fa99700cf9: addNew group-40CFFDD3BB84:[e7b6a9e0-ae39-4816-bb7d-645997ba7398|rpc:10.1.0.17:43339|dataStream:10.1.0.17:42737|priority:0|startupRole:FOLLOWER, 5ce02ec3-1add-4276-9232-59c2d20bf885|rpc:10.1.0.17:35345|dataStream:10.1.0.17:35525|priority:1|startupRole:FOLLOWER, e304c585-3570-440e-99de-d9fa99700cf9|rpc:10.1.0.17:36943|dataStream:10.1.0.17:42751|priority:0|startupRole:FOLLOWER] returns group-40CFFDD3BB84:java.util.concurrent.CompletableFuture@48eb6368[Not completed]
2023-03-29 21:17:06,534 [pool-349-thread-1] INFO  server.RaftServer$Division (RaftServerImpl.java:<init>(195)) - e304c585-3570-440e-99de-d9fa99700cf9: new RaftServerImpl for group-40CFFDD3BB84:[e7b6a9e0-ae39-4816-bb7d-645997ba7398|rpc:10.1.0.17:43339|dataStream:10.1.0.17:42737|priority:0|startupRole:FOLLOWER, 5ce02ec3-1add-4276-9232-59c2d20bf885|rpc:10.1.0.17:35345|dataStream:10.1.0.17:35525|priority:1|startupRole:FOLLOWER, e304c585-3570-440e-99de-d9fa99700cf9|rpc:10.1.0.17:36943|dataStream:10.1.0.17:42751|priority:0|startupRole:FOLLOWER] with ContainerStateMachine:uninitialized
2023-03-29 21:17:06,534 [pool-349-thread-1] INFO  server.RaftServerConfigKeys (ConfUtils.java:logGet(46)) - raft.server.rpc.timeout.min = 5s (custom)
2023-03-29 21:17:06,534 [pool-349-thread-1] INFO  server.RaftServerConfigKeys (ConfUtils.java:logGet(46)) - raft.server.rpc.timeout.max = 5200ms (custom)
2023-03-29 21:17:06,534 [pool-349-thread-1] INFO  server.RaftServerConfigKeys (ConfUtils.java:logGet(46)) - raft.server.rpc.sleep.time = 25ms (default)
2023-03-29 21:17:06,534 [pool-349-thread-1] INFO  server.RaftServerConfigKeys (ConfUtils.java:logGet(46)) - raft.server.rpc.slowness.timeout = 300s (custom)
2023-03-29 21:17:06,534 [pool-349-thread-1] INFO  server.RaftServerConfigKeys (ConfUtils.java:logGet(46)) - raft.server.leaderelection.leader.step-down.wait-time = 10s (default)
2023-03-29 21:17:06,534 [pool-349-thread-1] INFO  server.RaftServerConfigKeys (ConfUtils.java:logGet(46)) - raft.server.sleep.deviation.threshold = 300ms (default)
2023-03-29 21:17:06,534 [pool-349-thread-1] INFO  server.RaftServer$Division (ServerState.java:<init>(118)) - e304c585-3570-440e-99de-d9fa99700cf9@group-40CFFDD3BB84: ConfigurationManager, init=-1: peers:[e7b6a9e0-ae39-4816-bb7d-645997ba7398|rpc:10.1.0.17:43339|dataStream:10.1.0.17:42737|priority:0|startupRole:FOLLOWER, 5ce02ec3-1add-4276-9232-59c2d20bf885|rpc:10.1.0.17:35345|dataStream:10.1.0.17:35525|priority:1|startupRole:FOLLOWER, e304c585-3570-440e-99de-d9fa99700cf9|rpc:10.1.0.17:36943|dataStream:10.1.0.17:42751|priority:0|startupRole:FOLLOWER]|listeners:[], old=null, confs=<EMPTY_MAP>
2023-03-29 21:17:06,535 [pool-349-thread-1] INFO  server.RaftServerConfigKeys (ConfUtils.java:logGet(46)) - raft.server.storage.dir = [/home/runner/work/ozone/ozone/hadoop-ozone/integration-test/target/test-dir/MiniOzoneClusterImpl-0d447e97-01e2-4ef6-85fe-af16170d97c2/datanode-1/data/ratis] (custom)
2023-03-29 21:17:06,535 [pool-349-thread-1] INFO  server.RaftServerConfigKeys (ConfUtils.java:logGet(46)) - raft.server.log.corruption.policy = EXCEPTION (default)
2023-03-29 21:17:06,535 [pool-349-thread-1] INFO  server.RaftServerConfigKeys (ConfUtils.java:logGet(46)) - raft.server.storage.free-space.min = 0MB (=0) (default)
2023-03-29 21:17:06,535 [pool-349-thread-1] INFO  server.RaftServerConfigKeys (ConfUtils.java:logGet(46)) - raft.server.notification.no-leader.timeout = 300s (custom)
2023-03-29 21:17:06,535 [pool-349-thread-1] INFO  server.RaftServerConfigKeys (ConfUtils.java:logGet(46)) - raft.server.retrycache.expirytime = 600000ms (custom)
2023-03-29 21:17:06,535 [pool-349-thread-1] INFO  server.RaftServerConfigKeys (ConfUtils.java:logGet(46)) - raft.server.retrycache.statistics.expirytime = 100μs (default)
2023-03-29 21:17:06,536 [pool-349-thread-1] INFO  server.RaftServerConfigKeys (ConfUtils.java:logGet(46)) - raft.server.log.appender.install.snapshot.enabled = false (custom)
2023-03-29 21:17:06,536 [pool-349-thread-1] INFO  server.RaftServerConfigKeys (ConfUtils.java:logGet(46)) - raft.server.threadpool.server.cached = true (default)
2023-03-29 21:17:06,536 [pool-349-thread-1] INFO  server.RaftServerConfigKeys (ConfUtils.java:logGet(46)) - raft.server.threadpool.server.size = 0 (default)
2023-03-29 21:17:06,536 [pool-349-thread-1] INFO  server.RaftServerConfigKeys (ConfUtils.java:logGet(46)) - raft.server.threadpool.client.cached = true (default)
2023-03-29 21:17:06,536 [pool-349-thread-1] INFO  server.RaftServerConfigKeys (ConfUtils.java:logGet(46)) - raft.server.threadpool.client.size = 0 (default)
2023-03-29 21:17:06,536 [pool-349-thread-1] INFO  storage.RaftStorageDirectory (RaftStorageDirectoryImpl.java:analyzeStorage(137)) - The storage directory /home/runner/work/ozone/ozone/hadoop-ozone/integration-test/target/test-dir/MiniOzoneClusterImpl-0d447e97-01e2-4ef6-85fe-af16170d97c2/datanode-1/data/ratis/4223c33b-2598-4803-9bc1-40cffdd3bb84 does not exist. Creating ...
2023-03-29 21:17:06,537 [pool-349-thread-1] INFO  storage.RaftStorageDirectory (RaftStorageDirectoryImpl.java:tryLock(231)) - Lock on /home/runner/work/ozone/ozone/hadoop-ozone/integration-test/target/test-dir/MiniOzoneClusterImpl-0d447e97-01e2-4ef6-85fe-af16170d97c2/datanode-1/data/ratis/4223c33b-2598-4803-9bc1-40cffdd3bb84/in_use.lock acquired by nodename 46426@fv-az308-773
2023-03-29 21:17:06,539 [pool-349-thread-1] INFO  storage.RaftStorage (RaftStorageImpl.java:format(96)) - Storage directory /home/runner/work/ozone/ozone/hadoop-ozone/integration-test/target/test-dir/MiniOzoneClusterImpl-0d447e97-01e2-4ef6-85fe-af16170d97c2/datanode-1/data/ratis/4223c33b-2598-4803-9bc1-40cffdd3bb84 has been successfully formatted.
2023-03-29 21:17:06,540 [pool-349-thread-1] INFO  ratis.ContainerStateMachine (ContainerStateMachine.java:loadSnapshot(262)) - group-40CFFDD3BB84: The snapshot info is null. Setting the last applied indexto:(t:0, i:~)
2023-03-29 21:17:06,540 [pool-349-thread-1] INFO  server.RaftServerConfigKeys (ConfUtils.java:logGet(46)) - raft.server.log.use.memory = false (default)
2023-03-29 21:17:06,540 [pool-349-thread-1] INFO  server.RaftServerConfigKeys (ConfUtils.java:logGet(46)) - raft.server.log.purge.gap = 1000000 (custom)
2023-03-29 21:17:06,540 [pool-349-thread-1] INFO  server.RaftServerConfigKeys (ConfUtils.java:logGet(46)) - raft.server.log.appender.buffer.byte-limit = 33554432 (custom)
2023-03-29 21:17:06,540 [pool-349-thread-1] INFO  server.RaftServerConfigKeys (ConfUtils.java:logGet(46)) - raft.server.log.statemachine.data.read.timeout = 1000ms (default)
2023-03-29 21:17:06,540 [pool-349-thread-1] INFO  server.RaftServerConfigKeys (ConfUtils.java:logGet(46)) - raft.server.log.purge.preservation.log.num = 0 (default)
2023-03-29 21:17:06,540 [pool-349-thread-1] INFO  server.RaftServerConfigKeys (ConfUtils.java:logGet(46)) - raft.server.log.segment.size.max = 1048576 (custom)
2023-03-29 21:17:06,541 [pool-349-thread-1] INFO  server.RaftServerConfigKeys (ConfUtils.java:logGet(46)) - raft.server.log.segment.cache.num.max = 2 (custom)
2023-03-29 21:17:06,541 [pool-349-thread-1] INFO  server.RaftServerConfigKeys (ConfUtils.java:logGet(46)) - raft.server.log.segment.cache.size.max = 200MB (=209715200) (default)
2023-03-29 21:17:06,541 [pool-349-thread-1] INFO  segmented.SegmentedRaftLogWorker (SegmentedRaftLogWorker.java:<init>(189)) - new e304c585-3570-440e-99de-d9fa99700cf9@group-40CFFDD3BB84-SegmentedRaftLogWorker for RaftStorageImpl:Storage Directory /home/runner/work/ozone/ozone/hadoop-ozone/integration-test/target/test-dir/MiniOzoneClusterImpl-0d447e97-01e2-4ef6-85fe-af16170d97c2/datanode-1/data/ratis/4223c33b-2598-4803-9bc1-40cffdd3bb84
2023-03-29 21:17:06,541 [pool-349-thread-1] INFO  server.RaftServerConfigKeys (ConfUtils.java:logGet(46)) - raft.server.log.queue.byte-limit = 4294967296 (custom)
2023-03-29 21:17:06,542 [pool-349-thread-1] INFO  server.RaftServerConfigKeys (ConfUtils.java:logGet(46)) - raft.server.log.queue.element-limit = 1024 (custom)
2023-03-29 21:17:06,542 [pool-349-thread-1] INFO  server.RaftServerConfigKeys (ConfUtils.java:logGet(46)) - raft.server.log.segment.size.max = 1048576 (custom)
2023-03-29 21:17:06,542 [pool-349-thread-1] INFO  server.RaftServerConfigKeys (ConfUtils.java:logGet(46)) - raft.server.log.preallocated.size = 16384 (custom)
2023-03-29 21:17:06,542 [pool-349-thread-1] INFO  server.RaftServerConfigKeys (ConfUtils.java:logGet(46)) - raft.server.log.force.sync.num = 128 (default)
2023-03-29 21:17:06,542 [pool-349-thread-1] INFO  server.RaftServerConfigKeys (ConfUtils.java:logGet(46)) - raft.server.log.statemachine.data.sync = true (default)
2023-03-29 21:17:06,542 [pool-349-thread-1] INFO  server.RaftServerConfigKeys (ConfUtils.java:logGet(46)) - raft.server.log.statemachine.data.sync.timeout = 10s (default)
2023-03-29 21:17:06,542 [pool-349-thread-1] INFO  server.RaftServerConfigKeys (ConfUtils.java:logGet(46)) - raft.server.log.statemachine.data.sync.timeout.retry = -1 (default)
2023-03-29 21:17:06,542 [pool-349-thread-1] INFO  server.RaftServerConfigKeys (ConfUtils.java:logGet(46)) - raft.server.log.write.buffer.size = 1048576 (custom)
2023-03-29 21:17:06,542 [pool-349-thread-1] INFO  server.RaftServerConfigKeys (ConfUtils.java:logGet(46)) - raft.server.log.appender.buffer.byte-limit = 33554432 (custom)
2023-03-29 21:17:06,548 [pool-349-thread-1] INFO  server.RaftServerConfigKeys (ConfUtils.java:logGet(46)) - raft.server.log.unsafe-flush.enabled = false (default)
2023-03-29 21:17:06,548 [pool-349-thread-1] INFO  server.RaftServerConfigKeys (ConfUtils.java:logGet(46)) - raft.server.log.async-flush.enabled = false (default)
2023-03-29 21:17:06,548 [pool-349-thread-1] INFO  server.RaftServerConfigKeys (ConfUtils.java:logGet(46)) - raft.server.log.statemachine.data.caching.enabled = true (custom)
2023-03-29 21:17:06,548 [pool-349-thread-1] INFO  segmented.SegmentedRaftLogWorker (SegmentedRaftLogWorker.java:lambda$new$0(135)) - e304c585-3570-440e-99de-d9fa99700cf9@group-40CFFDD3BB84-SegmentedRaftLogWorker: flushIndex: setUnconditionally 0 -> -1
2023-03-29 21:17:06,548 [pool-349-thread-1] INFO  segmented.SegmentedRaftLogWorker (SegmentedRaftLogWorker.java:lambda$new$0(135)) - e304c585-3570-440e-99de-d9fa99700cf9@group-40CFFDD3BB84-SegmentedRaftLogWorker: safeCacheEvictIndex: setUnconditionally 0 -> -1
2023-03-29 21:17:06,548 [pool-349-thread-1] INFO  server.RaftServer$Division (RaftServerImpl.java:start(334)) - e304c585-3570-440e-99de-d9fa99700cf9@group-40CFFDD3BB84: start as a follower, conf=-1: peers:[e7b6a9e0-ae39-4816-bb7d-645997ba7398|rpc:10.1.0.17:43339|dataStream:10.1.0.17:42737|priority:0|startupRole:FOLLOWER, 5ce02ec3-1add-4276-9232-59c2d20bf885|rpc:10.1.0.17:35345|dataStream:10.1.0.17:35525|priority:1|startupRole:FOLLOWER, e304c585-3570-440e-99de-d9fa99700cf9|rpc:10.1.0.17:36943|dataStream:10.1.0.17:42751|priority:0|startupRole:FOLLOWER]|listeners:[], old=null
2023-03-29 21:17:06,548 [pool-349-thread-1] INFO  server.RaftServer$Division (RaftServerImpl.java:setRole(321)) - e304c585-3570-440e-99de-d9fa99700cf9@group-40CFFDD3BB84: changes role from      null to FOLLOWER at term 0 for startAsFollower
2023-03-29 21:17:06,548 [pool-349-thread-1] INFO  impl.RoleInfo (RoleInfo.java:updateAndGet(139)) - e304c585-3570-440e-99de-d9fa99700cf9: start e304c585-3570-440e-99de-d9fa99700cf9@group-40CFFDD3BB84-FollowerState
2023-03-29 21:17:06,550 [pool-349-thread-1] INFO  util.JmxRegister (JmxRegister.java:tryRegister(44)) - Successfully registered JMX Bean with object name Ratis:service=RaftServer,group=group-40CFFDD3BB84,id=e304c585-3570-440e-99de-d9fa99700cf9
2023-03-29 21:17:06,551 [e304c585-3570-440e-99de-d9fa99700cf9@group-40CFFDD3BB84-FollowerState] INFO  server.RaftServerConfigKeys (ConfUtils.java:logFallback(53)) - raft.server.rpc.first-election.timeout.min = 5s (fallback to raft.server.rpc.timeout.min)
2023-03-29 21:17:06,551 [pool-349-thread-1] INFO  server.RaftServerConfigKeys (ConfUtils.java:logGet(46)) - raft.server.snapshot.auto.trigger.enabled = true (custom)
2023-03-29 21:17:06,551 [e304c585-3570-440e-99de-d9fa99700cf9@group-40CFFDD3BB84-FollowerState] INFO  server.RaftServerConfigKeys (ConfUtils.java:logFallback(53)) - raft.server.rpc.first-election.timeout.max = 5200ms (fallback to raft.server.rpc.timeout.max)
2023-03-29 21:17:06,551 [pool-349-thread-1] INFO  server.RaftServerConfigKeys (ConfUtils.java:logGet(46)) - raft.server.snapshot.auto.trigger.threshold = 10000 (custom)
2023-03-29 21:17:06,551 [pool-349-thread-1] INFO  server.RaftServerConfigKeys (ConfUtils.java:logGet(46)) - raft.server.snapshot.retention.file.num = 5 (custom)
2023-03-29 21:17:06,551 [pool-349-thread-1] INFO  server.RaftServerConfigKeys (ConfUtils.java:logGet(46)) - raft.server.log.purge.upto.snapshot.index = false (default)
2023-03-29 21:17:06,558 [Command processor thread] INFO  commandhandler.CreatePipelineCommandHandler (CreatePipelineCommandHandler.java:handle(113)) - Created Pipeline RATIS THREE PipelineID=4223c33b-2598-4803-9bc1-40cffdd3bb84.
2023-03-29 21:17:06,922 [Command processor thread] INFO  server.RaftServer (RaftServerProxy.java:addNew(96)) - e304c585-3570-440e-99de-d9fa99700cf9: addNew group-A3E3D26BAD1E:[e304c585-3570-440e-99de-d9fa99700cf9|rpc:10.1.0.17:36943|dataStream:10.1.0.17:42751|priority:1|startupRole:FOLLOWER] returns group-A3E3D26BAD1E:java.util.concurrent.CompletableFuture@5f531111[Not completed]
2023-03-29 21:17:06,923 [pool-349-thread-1] INFO  server.RaftServer$Division (RaftServerImpl.java:<init>(195)) - e304c585-3570-440e-99de-d9fa99700cf9: new RaftServerImpl for group-A3E3D26BAD1E:[e304c585-3570-440e-99de-d9fa99700cf9|rpc:10.1.0.17:36943|dataStream:10.1.0.17:42751|priority:1|startupRole:FOLLOWER] with ContainerStateMachine:uninitialized
2023-03-29 21:17:06,923 [pool-349-thread-1] INFO  server.RaftServerConfigKeys (ConfUtils.java:logGet(46)) - raft.server.rpc.timeout.min = 5s (custom)
2023-03-29 21:17:06,923 [pool-349-thread-1] INFO  server.RaftServerConfigKeys (ConfUtils.java:logGet(46)) - raft.server.rpc.timeout.max = 5200ms (custom)
2023-03-29 21:17:06,923 [pool-349-thread-1] INFO  server.RaftServerConfigKeys (ConfUtils.java:logGet(46)) - raft.server.rpc.sleep.time = 25ms (default)
2023-03-29 21:17:06,923 [pool-349-thread-1] INFO  server.RaftServerConfigKeys (ConfUtils.java:logGet(46)) - raft.server.rpc.slowness.timeout = 300s (custom)
2023-03-29 21:17:06,923 [pool-349-thread-1] INFO  server.RaftServerConfigKeys (ConfUtils.java:logGet(46)) - raft.server.leaderelection.leader.step-down.wait-time = 10s (default)
2023-03-29 21:17:06,923 [pool-349-thread-1] INFO  server.RaftServerConfigKeys (ConfUtils.java:logGet(46)) - raft.server.sleep.deviation.threshold = 300ms (default)
2023-03-29 21:17:06,923 [pool-349-thread-1] INFO  server.RaftServer$Division (ServerState.java:<init>(118)) - e304c585-3570-440e-99de-d9fa99700cf9@group-A3E3D26BAD1E: ConfigurationManager, init=-1: peers:[e304c585-3570-440e-99de-d9fa99700cf9|rpc:10.1.0.17:36943|dataStream:10.1.0.17:42751|priority:1|startupRole:FOLLOWER]|listeners:[], old=null, confs=<EMPTY_MAP>
2023-03-29 21:17:06,923 [pool-349-thread-1] INFO  server.RaftServerConfigKeys (ConfUtils.java:logGet(46)) - raft.server.storage.dir = [/home/runner/work/ozone/ozone/hadoop-ozone/integration-test/target/test-dir/MiniOzoneClusterImpl-0d447e97-01e2-4ef6-85fe-af16170d97c2/datanode-1/data/ratis] (custom)
2023-03-29 21:17:06,924 [pool-349-thread-1] INFO  server.RaftServerConfigKeys (ConfUtils.java:logGet(46)) - raft.server.log.corruption.policy = EXCEPTION (default)
2023-03-29 21:17:06,924 [pool-349-thread-1] INFO  server.RaftServerConfigKeys (ConfUtils.java:logGet(46)) - raft.server.storage.free-space.min = 0MB (=0) (default)
2023-03-29 21:17:06,924 [pool-349-thread-1] INFO  server.RaftServerConfigKeys (ConfUtils.java:logGet(46)) - raft.server.notification.no-leader.timeout = 300s (custom)
2023-03-29 21:17:06,924 [pool-349-thread-1] INFO  server.RaftServerConfigKeys (ConfUtils.java:logGet(46)) - raft.server.retrycache.expirytime = 600000ms (custom)
2023-03-29 21:17:06,924 [pool-349-thread-1] INFO  server.RaftServerConfigKeys (ConfUtils.java:logGet(46)) - raft.server.retrycache.statistics.expirytime = 100μs (default)
2023-03-29 21:17:06,925 [pool-349-thread-1] INFO  server.RaftServerConfigKeys (ConfUtils.java:logGet(46)) - raft.server.log.appender.install.snapshot.enabled = false (custom)
2023-03-29 21:17:06,925 [pool-349-thread-1] INFO  server.RaftServerConfigKeys (ConfUtils.java:logGet(46)) - raft.server.threadpool.server.cached = true (default)
2023-03-29 21:17:06,925 [pool-349-thread-1] INFO  server.RaftServerConfigKeys (ConfUtils.java:logGet(46)) - raft.server.threadpool.server.size = 0 (default)
2023-03-29 21:17:06,925 [pool-349-thread-1] INFO  server.RaftServerConfigKeys (ConfUtils.java:logGet(46)) - raft.server.threadpool.client.cached = true (default)
2023-03-29 21:17:06,925 [pool-349-thread-1] INFO  server.RaftServerConfigKeys (ConfUtils.java:logGet(46)) - raft.server.threadpool.client.size = 0 (default)
2023-03-29 21:17:06,925 [pool-349-thread-1] INFO  storage.RaftStorageDirectory (RaftStorageDirectoryImpl.java:analyzeStorage(137)) - The storage directory /home/runner/work/ozone/ozone/hadoop-ozone/integration-test/target/test-dir/MiniOzoneClusterImpl-0d447e97-01e2-4ef6-85fe-af16170d97c2/datanode-1/data/ratis/e1a27dc0-3c63-4876-8623-a3e3d26bad1e does not exist. Creating ...
2023-03-29 21:17:06,926 [pool-349-thread-1] INFO  storage.RaftStorageDirectory (RaftStorageDirectoryImpl.java:tryLock(231)) - Lock on /home/runner/work/ozone/ozone/hadoop-ozone/integration-test/target/test-dir/MiniOzoneClusterImpl-0d447e97-01e2-4ef6-85fe-af16170d97c2/datanode-1/data/ratis/e1a27dc0-3c63-4876-8623-a3e3d26bad1e/in_use.lock acquired by nodename 46426@fv-az308-773
2023-03-29 21:17:06,927 [pool-349-thread-1] INFO  storage.RaftStorage (RaftStorageImpl.java:format(96)) - Storage directory /home/runner/work/ozone/ozone/hadoop-ozone/integration-test/target/test-dir/MiniOzoneClusterImpl-0d447e97-01e2-4ef6-85fe-af16170d97c2/datanode-1/data/ratis/e1a27dc0-3c63-4876-8623-a3e3d26bad1e has been successfully formatted.
2023-03-29 21:17:06,928 [pool-349-thread-1] INFO  ratis.ContainerStateMachine (ContainerStateMachine.java:loadSnapshot(262)) - group-A3E3D26BAD1E: The snapshot info is null. Setting the last applied indexto:(t:0, i:~)
2023-03-29 21:17:06,929 [EventQueue-PipelineReportForPipelineReportHandler] INFO  pipeline.PipelineManagerImpl (PipelineManagerImpl.java:openPipeline(367)) - Pipeline Pipeline[ Id: e1a27dc0-3c63-4876-8623-a3e3d26bad1e, Nodes: e304c585-3570-440e-99de-d9fa99700cf9(fv-az308-773/10.1.0.17), ReplicationConfig: RATIS/ONE, State:ALLOCATED, leaderId:e304c585-3570-440e-99de-d9fa99700cf9, CreationTimestamp2023-03-29T21:17:03.925Z[Etc/UTC]] moved to OPEN state
2023-03-29 21:17:06,929 [EventQueue-OpenPipelineForHealthyPipelineSafeModeRule] INFO  safemode.SCMSafeModeManager (HealthyPipelineSafeModeRule.java:process(137)) - SCM in safe mode. Healthy pipelines reported count is 0, required healthy pipeline reported count is 1
2023-03-29 21:17:06,929 [pool-349-thread-1] INFO  server.RaftServerConfigKeys (ConfUtils.java:logGet(46)) - raft.server.log.use.memory = false (default)
2023-03-29 21:17:06,929 [pool-349-thread-1] INFO  server.RaftServerConfigKeys (ConfUtils.java:logGet(46)) - raft.server.log.purge.gap = 1000000 (custom)
2023-03-29 21:17:06,929 [pool-349-thread-1] INFO  server.RaftServerConfigKeys (ConfUtils.java:logGet(46)) - raft.server.log.appender.buffer.byte-limit = 33554432 (custom)
2023-03-29 21:17:06,929 [pool-349-thread-1] INFO  server.RaftServerConfigKeys (ConfUtils.java:logGet(46)) - raft.server.log.statemachine.data.read.timeout = 1000ms (default)
2023-03-29 21:17:06,930 [pool-349-thread-1] INFO  server.RaftServerConfigKeys (ConfUtils.java:logGet(46)) - raft.server.log.purge.preservation.log.num = 0 (default)
2023-03-29 21:17:06,930 [pool-349-thread-1] INFO  server.RaftServerConfigKeys (ConfUtils.java:logGet(46)) - raft.server.log.segment.size.max = 1048576 (custom)
2023-03-29 21:17:06,930 [pool-349-thread-1] INFO  server.RaftServerConfigKeys (ConfUtils.java:logGet(46)) - raft.server.log.segment.cache.num.max = 2 (custom)
2023-03-29 21:17:06,930 [pool-349-thread-1] INFO  server.RaftServerConfigKeys (ConfUtils.java:logGet(46)) - raft.server.log.segment.cache.size.max = 200MB (=209715200) (default)
2023-03-29 21:17:06,930 [pool-349-thread-1] INFO  segmented.SegmentedRaftLogWorker (SegmentedRaftLogWorker.java:<init>(189)) - new e304c585-3570-440e-99de-d9fa99700cf9@group-A3E3D26BAD1E-SegmentedRaftLogWorker for RaftStorageImpl:Storage Directory /home/runner/work/ozone/ozone/hadoop-ozone/integration-test/target/test-dir/MiniOzoneClusterImpl-0d447e97-01e2-4ef6-85fe-af16170d97c2/datanode-1/data/ratis/e1a27dc0-3c63-4876-8623-a3e3d26bad1e
2023-03-29 21:17:06,930 [pool-349-thread-1] INFO  server.RaftServerConfigKeys (ConfUtils.java:logGet(46)) - raft.server.log.queue.byte-limit = 4294967296 (custom)
2023-03-29 21:17:06,930 [pool-349-thread-1] INFO  server.RaftServerConfigKeys (ConfUtils.java:logGet(46)) - raft.server.log.queue.element-limit = 1024 (custom)
2023-03-29 21:17:06,930 [pool-349-thread-1] INFO  server.RaftServerConfigKeys (ConfUtils.java:logGet(46)) - raft.server.log.segment.size.max = 1048576 (custom)
2023-03-29 21:17:06,930 [pool-349-thread-1] INFO  server.RaftServerConfigKeys (ConfUtils.java:logGet(46)) - raft.server.log.preallocated.size = 16384 (custom)
2023-03-29 21:17:06,930 [pool-349-thread-1] INFO  server.RaftServerConfigKeys (ConfUtils.java:logGet(46)) - raft.server.log.force.sync.num = 128 (default)
2023-03-29 21:17:06,930 [pool-349-thread-1] INFO  server.RaftServerConfigKeys (ConfUtils.java:logGet(46)) - raft.server.log.statemachine.data.sync = true (default)
2023-03-29 21:17:06,930 [pool-349-thread-1] INFO  server.RaftServerConfigKeys (ConfUtils.java:logGet(46)) - raft.server.log.statemachine.data.sync.timeout = 10s (default)
2023-03-29 21:17:06,930 [pool-349-thread-1] INFO  server.RaftServerConfigKeys (ConfUtils.java:logGet(46)) - raft.server.log.statemachine.data.sync.timeout.retry = -1 (default)
2023-03-29 21:17:06,931 [pool-349-thread-1] INFO  server.RaftServerConfigKeys (ConfUtils.java:logGet(46)) - raft.server.log.write.buffer.size = 1048576 (custom)
2023-03-29 21:17:06,931 [pool-349-thread-1] INFO  server.RaftServerConfigKeys (ConfUtils.java:logGet(46)) - raft.server.log.appender.buffer.byte-limit = 33554432 (custom)
2023-03-29 21:17:06,936 [pool-349-thread-1] INFO  server.RaftServerConfigKeys (ConfUtils.java:logGet(46)) - raft.server.log.unsafe-flush.enabled = false (default)
2023-03-29 21:17:06,936 [pool-349-thread-1] INFO  server.RaftServerConfigKeys (ConfUtils.java:logGet(46)) - raft.server.log.async-flush.enabled = false (default)
2023-03-29 21:17:06,936 [pool-349-thread-1] INFO  server.RaftServerConfigKeys (ConfUtils.java:logGet(46)) - raft.server.log.statemachine.data.caching.enabled = true (custom)
2023-03-29 21:17:06,936 [pool-349-thread-1] INFO  segmented.SegmentedRaftLogWorker (SegmentedRaftLogWorker.java:lambda$new$0(135)) - e304c585-3570-440e-99de-d9fa99700cf9@group-A3E3D26BAD1E-SegmentedRaftLogWorker: flushIndex: setUnconditionally 0 -> -1
2023-03-29 21:17:06,936 [pool-349-thread-1] INFO  segmented.SegmentedRaftLogWorker (SegmentedRaftLogWorker.java:lambda$new$0(135)) - e304c585-3570-440e-99de-d9fa99700cf9@group-A3E3D26BAD1E-SegmentedRaftLogWorker: safeCacheEvictIndex: setUnconditionally 0 -> -1
2023-03-29 21:17:06,937 [pool-349-thread-1] INFO  server.RaftServer$Division (RaftServerImpl.java:start(334)) - e304c585-3570-440e-99de-d9fa99700cf9@group-A3E3D26BAD1E: start as a follower, conf=-1: peers:[e304c585-3570-440e-99de-d9fa99700cf9|rpc:10.1.0.17:36943|dataStream:10.1.0.17:42751|priority:1|startupRole:FOLLOWER]|listeners:[], old=null
2023-03-29 21:17:06,937 [pool-349-thread-1] INFO  server.RaftServer$Division (RaftServerImpl.java:setRole(321)) - e304c585-3570-440e-99de-d9fa99700cf9@group-A3E3D26BAD1E: changes role from      null to FOLLOWER at term 0 for startAsFollower
2023-03-29 21:17:06,937 [pool-349-thread-1] INFO  impl.RoleInfo (RoleInfo.java:updateAndGet(139)) - e304c585-3570-440e-99de-d9fa99700cf9: start e304c585-3570-440e-99de-d9fa99700cf9@group-A3E3D26BAD1E-FollowerState
2023-03-29 21:17:06,937 [pool-349-thread-1] INFO  util.JmxRegister (JmxRegister.java:tryRegister(44)) - Successfully registered JMX Bean with object name Ratis:service=RaftServer,group=group-A3E3D26BAD1E,id=e304c585-3570-440e-99de-d9fa99700cf9
2023-03-29 21:17:06,937 [e304c585-3570-440e-99de-d9fa99700cf9@group-A3E3D26BAD1E-FollowerState] INFO  server.RaftServerConfigKeys (ConfUtils.java:logFallback(53)) - raft.server.rpc.first-election.timeout.min = 5s (fallback to raft.server.rpc.timeout.min)
2023-03-29 21:17:06,937 [pool-349-thread-1] INFO  server.RaftServerConfigKeys (ConfUtils.java:logGet(46)) - raft.server.snapshot.auto.trigger.enabled = true (custom)
2023-03-29 21:17:06,937 [e304c585-3570-440e-99de-d9fa99700cf9@group-A3E3D26BAD1E-FollowerState] INFO  server.RaftServerConfigKeys (ConfUtils.java:logFallback(53)) - raft.server.rpc.first-election.timeout.max = 5200ms (fallback to raft.server.rpc.timeout.max)
2023-03-29 21:17:06,937 [pool-349-thread-1] INFO  server.RaftServerConfigKeys (ConfUtils.java:logGet(46)) - raft.server.snapshot.auto.trigger.threshold = 10000 (custom)
2023-03-29 21:17:06,937 [pool-349-thread-1] INFO  server.RaftServerConfigKeys (ConfUtils.java:logGet(46)) - raft.server.snapshot.retention.file.num = 5 (custom)
2023-03-29 21:17:06,937 [pool-349-thread-1] INFO  server.RaftServerConfigKeys (ConfUtils.java:logGet(46)) - raft.server.log.purge.upto.snapshot.index = false (default)
2023-03-29 21:17:06,938 [Command processor thread] INFO  ratis.XceiverServerRatis (XceiverServerRatis.java:addGroup(806)) - Created group PipelineID=e1a27dc0-3c63-4876-8623-a3e3d26bad1e
2023-03-29 21:17:06,938 [Command processor thread] INFO  commandhandler.CreatePipelineCommandHandler (CreatePipelineCommandHandler.java:handle(113)) - Created Pipeline RATIS ONE PipelineID=e1a27dc0-3c63-4876-8623-a3e3d26bad1e.
2023-03-29 21:17:07,286 [Command processor thread] INFO  server.RaftServer (RaftServerProxy.java:addNew(96)) - e7b6a9e0-ae39-4816-bb7d-645997ba7398: addNew group-8AEBF895815C:[e7b6a9e0-ae39-4816-bb7d-645997ba7398|rpc:10.1.0.17:43339|dataStream:10.1.0.17:42737|priority:1|startupRole:FOLLOWER] returns group-8AEBF895815C:java.util.concurrent.CompletableFuture@5dedc1cb[Not completed]
2023-03-29 21:17:07,287 [Listener at 127.0.0.1/45803] INFO  ozone.MiniOzoneClusterImpl (MiniOzoneClusterImpl.java:lambda$waitForClusterToBeReady$0(222)) - Nodes are ready. Got 3 of 3 DN Heartbeats.
2023-03-29 21:17:07,287 [Listener at 127.0.0.1/45803] INFO  ozone.MiniOzoneClusterImpl (MiniOzoneClusterImpl.java:lambda$waitForClusterToBeReady$0(225)) - Waiting for cluster to exit safe mode
2023-03-29 21:17:07,287 [Listener at 127.0.0.1/45803] INFO  ozone.MiniOzoneClusterImpl (MiniOzoneClusterImpl.java:lambda$waitForClusterToBeReady$0(227)) - SCM became leader
2023-03-29 21:17:07,287 [pool-371-thread-1] INFO  server.RaftServer$Division (RaftServerImpl.java:<init>(195)) - e7b6a9e0-ae39-4816-bb7d-645997ba7398: new RaftServerImpl for group-8AEBF895815C:[e7b6a9e0-ae39-4816-bb7d-645997ba7398|rpc:10.1.0.17:43339|dataStream:10.1.0.17:42737|priority:1|startupRole:FOLLOWER] with ContainerStateMachine:uninitialized
2023-03-29 21:17:07,287 [pool-371-thread-1] INFO  server.RaftServerConfigKeys (ConfUtils.java:logGet(46)) - raft.server.rpc.timeout.min = 5s (custom)
2023-03-29 21:17:07,287 [pool-371-thread-1] INFO  server.RaftServerConfigKeys (ConfUtils.java:logGet(46)) - raft.server.rpc.timeout.max = 5200ms (custom)
2023-03-29 21:17:07,287 [pool-371-thread-1] INFO  server.RaftServerConfigKeys (ConfUtils.java:logGet(46)) - raft.server.rpc.sleep.time = 25ms (default)
2023-03-29 21:17:07,287 [pool-371-thread-1] INFO  server.RaftServerConfigKeys (ConfUtils.java:logGet(46)) - raft.server.rpc.slowness.timeout = 300s (custom)
2023-03-29 21:17:07,287 [pool-371-thread-1] INFO  server.RaftServerConfigKeys (ConfUtils.java:logGet(46)) - raft.server.leaderelection.leader.step-down.wait-time = 10s (default)
2023-03-29 21:17:07,287 [pool-371-thread-1] INFO  server.RaftServerConfigKeys (ConfUtils.java:logGet(46)) - raft.server.sleep.deviation.threshold = 300ms (default)
2023-03-29 21:17:07,288 [pool-371-thread-1] INFO  server.RaftServer$Division (ServerState.java:<init>(118)) - e7b6a9e0-ae39-4816-bb7d-645997ba7398@group-8AEBF895815C: ConfigurationManager, init=-1: peers:[e7b6a9e0-ae39-4816-bb7d-645997ba7398|rpc:10.1.0.17:43339|dataStream:10.1.0.17:42737|priority:1|startupRole:FOLLOWER]|listeners:[], old=null, confs=<EMPTY_MAP>
2023-03-29 21:17:07,288 [pool-371-thread-1] INFO  server.RaftServerConfigKeys (ConfUtils.java:logGet(46)) - raft.server.storage.dir = [/home/runner/work/ozone/ozone/hadoop-ozone/integration-test/target/test-dir/MiniOzoneClusterImpl-0d447e97-01e2-4ef6-85fe-af16170d97c2/datanode-2/data/ratis] (custom)
2023-03-29 21:17:07,288 [pool-371-thread-1] INFO  server.RaftServerConfigKeys (ConfUtils.java:logGet(46)) - raft.server.log.corruption.policy = EXCEPTION (default)
2023-03-29 21:17:07,288 [pool-371-thread-1] INFO  server.RaftServerConfigKeys (ConfUtils.java:logGet(46)) - raft.server.storage.free-space.min = 0MB (=0) (default)
2023-03-29 21:17:07,288 [pool-371-thread-1] INFO  server.RaftServerConfigKeys (ConfUtils.java:logGet(46)) - raft.server.notification.no-leader.timeout = 300s (custom)
2023-03-29 21:17:07,288 [pool-371-thread-1] INFO  server.RaftServerConfigKeys (ConfUtils.java:logGet(46)) - raft.server.retrycache.expirytime = 600000ms (custom)
2023-03-29 21:17:07,288 [pool-371-thread-1] INFO  server.RaftServerConfigKeys (ConfUtils.java:logGet(46)) - raft.server.retrycache.statistics.expirytime = 100μs (default)
2023-03-29 21:17:07,289 [pool-371-thread-1] INFO  server.RaftServerConfigKeys (ConfUtils.java:logGet(46)) - raft.server.log.appender.install.snapshot.enabled = false (custom)
2023-03-29 21:17:07,289 [pool-371-thread-1] INFO  server.RaftServerConfigKeys (ConfUtils.java:logGet(46)) - raft.server.threadpool.server.cached = true (default)
2023-03-29 21:17:07,289 [pool-371-thread-1] INFO  server.RaftServerConfigKeys (ConfUtils.java:logGet(46)) - raft.server.threadpool.server.size = 0 (default)
2023-03-29 21:17:07,289 [pool-371-thread-1] INFO  server.RaftServerConfigKeys (ConfUtils.java:logGet(46)) - raft.server.threadpool.client.cached = true (default)
2023-03-29 21:17:07,289 [pool-371-thread-1] INFO  server.RaftServerConfigKeys (ConfUtils.java:logGet(46)) - raft.server.threadpool.client.size = 0 (default)
2023-03-29 21:17:07,289 [pool-371-thread-1] INFO  storage.RaftStorageDirectory (RaftStorageDirectoryImpl.java:analyzeStorage(137)) - The storage directory /home/runner/work/ozone/ozone/hadoop-ozone/integration-test/target/test-dir/MiniOzoneClusterImpl-0d447e97-01e2-4ef6-85fe-af16170d97c2/datanode-2/data/ratis/aa6063c2-df96-40ce-9a2b-8aebf895815c does not exist. Creating ...
2023-03-29 21:17:07,290 [pool-371-thread-1] INFO  storage.RaftStorageDirectory (RaftStorageDirectoryImpl.java:tryLock(231)) - Lock on /home/runner/work/ozone/ozone/hadoop-ozone/integration-test/target/test-dir/MiniOzoneClusterImpl-0d447e97-01e2-4ef6-85fe-af16170d97c2/datanode-2/data/ratis/aa6063c2-df96-40ce-9a2b-8aebf895815c/in_use.lock acquired by nodename 46426@fv-az308-773
2023-03-29 21:17:07,293 [pool-371-thread-1] INFO  storage.RaftStorage (RaftStorageImpl.java:format(96)) - Storage directory /home/runner/work/ozone/ozone/hadoop-ozone/integration-test/target/test-dir/MiniOzoneClusterImpl-0d447e97-01e2-4ef6-85fe-af16170d97c2/datanode-2/data/ratis/aa6063c2-df96-40ce-9a2b-8aebf895815c has been successfully formatted.
2023-03-29 21:17:07,294 [pool-371-thread-1] INFO  ratis.ContainerStateMachine (ContainerStateMachine.java:loadSnapshot(262)) - group-8AEBF895815C: The snapshot info is null. Setting the last applied indexto:(t:0, i:~)
2023-03-29 21:17:07,294 [pool-371-thread-1] INFO  server.RaftServerConfigKeys (ConfUtils.java:logGet(46)) - raft.server.log.use.memory = false (default)
2023-03-29 21:17:07,294 [pool-371-thread-1] INFO  server.RaftServerConfigKeys (ConfUtils.java:logGet(46)) - raft.server.log.purge.gap = 1000000 (custom)
2023-03-29 21:17:07,294 [pool-371-thread-1] INFO  server.RaftServerConfigKeys (ConfUtils.java:logGet(46)) - raft.server.log.appender.buffer.byte-limit = 33554432 (custom)
2023-03-29 21:17:07,294 [pool-371-thread-1] INFO  server.RaftServerConfigKeys (ConfUtils.java:logGet(46)) - raft.server.log.statemachine.data.read.timeout = 1000ms (default)
2023-03-29 21:17:07,294 [pool-371-thread-1] INFO  server.RaftServerConfigKeys (ConfUtils.java:logGet(46)) - raft.server.log.purge.preservation.log.num = 0 (default)
2023-03-29 21:17:07,295 [EventQueue-PipelineReportForPipelineReportHandler] INFO  pipeline.PipelineManagerImpl (PipelineManagerImpl.java:openPipeline(367)) - Pipeline Pipeline[ Id: aa6063c2-df96-40ce-9a2b-8aebf895815c, Nodes: e7b6a9e0-ae39-4816-bb7d-645997ba7398(fv-az308-773/10.1.0.17), ReplicationConfig: RATIS/ONE, State:ALLOCATED, leaderId:e7b6a9e0-ae39-4816-bb7d-645997ba7398, CreationTimestamp2023-03-29T21:17:04.288Z[Etc/UTC]] moved to OPEN state
2023-03-29 21:17:07,295 [EventQueue-OpenPipelineForHealthyPipelineSafeModeRule] INFO  safemode.SCMSafeModeManager (HealthyPipelineSafeModeRule.java:process(137)) - SCM in safe mode. Healthy pipelines reported count is 0, required healthy pipeline reported count is 1
2023-03-29 21:17:07,295 [pool-371-thread-1] INFO  server.RaftServerConfigKeys (ConfUtils.java:logGet(46)) - raft.server.log.segment.size.max = 1048576 (custom)
2023-03-29 21:17:07,296 [pool-371-thread-1] INFO  server.RaftServerConfigKeys (ConfUtils.java:logGet(46)) - raft.server.log.segment.cache.num.max = 2 (custom)
2023-03-29 21:17:07,296 [pool-371-thread-1] INFO  server.RaftServerConfigKeys (ConfUtils.java:logGet(46)) - raft.server.log.segment.cache.size.max = 200MB (=209715200) (default)
2023-03-29 21:17:07,296 [pool-371-thread-1] INFO  segmented.SegmentedRaftLogWorker (SegmentedRaftLogWorker.java:<init>(189)) - new e7b6a9e0-ae39-4816-bb7d-645997ba7398@group-8AEBF895815C-SegmentedRaftLogWorker for RaftStorageImpl:Storage Directory /home/runner/work/ozone/ozone/hadoop-ozone/integration-test/target/test-dir/MiniOzoneClusterImpl-0d447e97-01e2-4ef6-85fe-af16170d97c2/datanode-2/data/ratis/aa6063c2-df96-40ce-9a2b-8aebf895815c
2023-03-29 21:17:07,296 [pool-371-thread-1] INFO  server.RaftServerConfigKeys (ConfUtils.java:logGet(46)) - raft.server.log.queue.byte-limit = 4294967296 (custom)
2023-03-29 21:17:07,296 [pool-371-thread-1] INFO  server.RaftServerConfigKeys (ConfUtils.java:logGet(46)) - raft.server.log.queue.element-limit = 1024 (custom)
2023-03-29 21:17:07,296 [pool-371-thread-1] INFO  server.RaftServerConfigKeys (ConfUtils.java:logGet(46)) - raft.server.log.segment.size.max = 1048576 (custom)
2023-03-29 21:17:07,296 [pool-371-thread-1] INFO  server.RaftServerConfigKeys (ConfUtils.java:logGet(46)) - raft.server.log.preallocated.size = 16384 (custom)
2023-03-29 21:17:07,296 [pool-371-thread-1] INFO  server.RaftServerConfigKeys (ConfUtils.java:logGet(46)) - raft.server.log.force.sync.num = 128 (default)
2023-03-29 21:17:07,296 [pool-371-thread-1] INFO  server.RaftServerConfigKeys (ConfUtils.java:logGet(46)) - raft.server.log.statemachine.data.sync = true (default)
2023-03-29 21:17:07,296 [pool-371-thread-1] INFO  server.RaftServerConfigKeys (ConfUtils.java:logGet(46)) - raft.server.log.statemachine.data.sync.timeout = 10s (default)
2023-03-29 21:17:07,296 [pool-371-thread-1] INFO  server.RaftServerConfigKeys (ConfUtils.java:logGet(46)) - raft.server.log.statemachine.data.sync.timeout.retry = -1 (default)
2023-03-29 21:17:07,297 [pool-371-thread-1] INFO  server.RaftServerConfigKeys (ConfUtils.java:logGet(46)) - raft.server.log.write.buffer.size = 1048576 (custom)
2023-03-29 21:17:07,297 [pool-371-thread-1] INFO  server.RaftServerConfigKeys (ConfUtils.java:logGet(46)) - raft.server.log.appender.buffer.byte-limit = 33554432 (custom)
2023-03-29 21:17:07,302 [pool-371-thread-1] INFO  server.RaftServerConfigKeys (ConfUtils.java:logGet(46)) - raft.server.log.unsafe-flush.enabled = false (default)
2023-03-29 21:17:07,302 [pool-371-thread-1] INFO  server.RaftServerConfigKeys (ConfUtils.java:logGet(46)) - raft.server.log.async-flush.enabled = false (default)
2023-03-29 21:17:07,302 [pool-371-thread-1] INFO  server.RaftServerConfigKeys (ConfUtils.java:logGet(46)) - raft.server.log.statemachine.data.caching.enabled = true (custom)
2023-03-29 21:17:07,302 [pool-371-thread-1] INFO  segmented.SegmentedRaftLogWorker (SegmentedRaftLogWorker.java:lambda$new$0(135)) - e7b6a9e0-ae39-4816-bb7d-645997ba7398@group-8AEBF895815C-SegmentedRaftLogWorker: flushIndex: setUnconditionally 0 -> -1
2023-03-29 21:17:07,302 [pool-371-thread-1] INFO  segmented.SegmentedRaftLogWorker (SegmentedRaftLogWorker.java:lambda$new$0(135)) - e7b6a9e0-ae39-4816-bb7d-645997ba7398@group-8AEBF895815C-SegmentedRaftLogWorker: safeCacheEvictIndex: setUnconditionally 0 -> -1
2023-03-29 21:17:07,302 [pool-371-thread-1] INFO  server.RaftServer$Division (RaftServerImpl.java:start(334)) - e7b6a9e0-ae39-4816-bb7d-645997ba7398@group-8AEBF895815C: start as a follower, conf=-1: peers:[e7b6a9e0-ae39-4816-bb7d-645997ba7398|rpc:10.1.0.17:43339|dataStream:10.1.0.17:42737|priority:1|startupRole:FOLLOWER]|listeners:[], old=null
2023-03-29 21:17:07,303 [pool-371-thread-1] INFO  server.RaftServer$Division (RaftServerImpl.java:setRole(321)) - e7b6a9e0-ae39-4816-bb7d-645997ba7398@group-8AEBF895815C: changes role from      null to FOLLOWER at term 0 for startAsFollower
2023-03-29 21:17:07,303 [pool-371-thread-1] INFO  impl.RoleInfo (RoleInfo.java:updateAndGet(139)) - e7b6a9e0-ae39-4816-bb7d-645997ba7398: start e7b6a9e0-ae39-4816-bb7d-645997ba7398@group-8AEBF895815C-FollowerState
2023-03-29 21:17:07,303 [pool-371-thread-1] INFO  util.JmxRegister (JmxRegister.java:tryRegister(44)) - Successfully registered JMX Bean with object name Ratis:service=RaftServer,group=group-8AEBF895815C,id=e7b6a9e0-ae39-4816-bb7d-645997ba7398
2023-03-29 21:17:07,303 [pool-371-thread-1] INFO  server.RaftServerConfigKeys (ConfUtils.java:logGet(46)) - raft.server.snapshot.auto.trigger.enabled = true (custom)
2023-03-29 21:17:07,303 [pool-371-thread-1] INFO  server.RaftServerConfigKeys (ConfUtils.java:logGet(46)) - raft.server.snapshot.auto.trigger.threshold = 10000 (custom)
2023-03-29 21:17:07,303 [pool-371-thread-1] INFO  server.RaftServerConfigKeys (ConfUtils.java:logGet(46)) - raft.server.snapshot.retention.file.num = 5 (custom)
2023-03-29 21:17:07,303 [pool-371-thread-1] INFO  server.RaftServerConfigKeys (ConfUtils.java:logGet(46)) - raft.server.log.purge.upto.snapshot.index = false (default)
2023-03-29 21:17:07,304 [e7b6a9e0-ae39-4816-bb7d-645997ba7398@group-8AEBF895815C-FollowerState] INFO  server.RaftServerConfigKeys (ConfUtils.java:logFallback(53)) - raft.server.rpc.first-election.timeout.min = 5s (fallback to raft.server.rpc.timeout.min)
2023-03-29 21:17:07,304 [e7b6a9e0-ae39-4816-bb7d-645997ba7398@group-8AEBF895815C-FollowerState] INFO  server.RaftServerConfigKeys (ConfUtils.java:logFallback(53)) - raft.server.rpc.first-election.timeout.max = 5200ms (fallback to raft.server.rpc.timeout.max)
2023-03-29 21:17:07,304 [Command processor thread] INFO  ratis.XceiverServerRatis (XceiverServerRatis.java:addGroup(806)) - Created group PipelineID=aa6063c2-df96-40ce-9a2b-8aebf895815c
2023-03-29 21:17:07,304 [Command processor thread] INFO  commandhandler.CreatePipelineCommandHandler (CreatePipelineCommandHandler.java:handle(113)) - Created Pipeline RATIS ONE PipelineID=aa6063c2-df96-40ce-9a2b-8aebf895815c.
2023-03-29 21:17:08,287 [Listener at 127.0.0.1/45803] INFO  ozone.MiniOzoneClusterImpl (MiniOzoneClusterImpl.java:lambda$waitForClusterToBeReady$0(222)) - Nodes are ready. Got 3 of 3 DN Heartbeats.
2023-03-29 21:17:08,287 [Listener at 127.0.0.1/45803] INFO  ozone.MiniOzoneClusterImpl (MiniOzoneClusterImpl.java:lambda$waitForClusterToBeReady$0(225)) - Waiting for cluster to exit safe mode
2023-03-29 21:17:08,287 [Listener at 127.0.0.1/45803] INFO  ozone.MiniOzoneClusterImpl (MiniOzoneClusterImpl.java:lambda$waitForClusterToBeReady$0(227)) - SCM became leader
2023-03-29 21:17:09,288 [Listener at 127.0.0.1/45803] INFO  ozone.MiniOzoneClusterImpl (MiniOzoneClusterImpl.java:lambda$waitForClusterToBeReady$0(222)) - Nodes are ready. Got 3 of 3 DN Heartbeats.
2023-03-29 21:17:09,288 [Listener at 127.0.0.1/45803] INFO  ozone.MiniOzoneClusterImpl (MiniOzoneClusterImpl.java:lambda$waitForClusterToBeReady$0(225)) - Waiting for cluster to exit safe mode
2023-03-29 21:17:09,288 [Listener at 127.0.0.1/45803] INFO  ozone.MiniOzoneClusterImpl (MiniOzoneClusterImpl.java:lambda$waitForClusterToBeReady$0(227)) - SCM became leader
2023-03-29 21:17:10,288 [Listener at 127.0.0.1/45803] INFO  ozone.MiniOzoneClusterImpl (MiniOzoneClusterImpl.java:lambda$waitForClusterToBeReady$0(222)) - Nodes are ready. Got 3 of 3 DN Heartbeats.
2023-03-29 21:17:10,288 [Listener at 127.0.0.1/45803] INFO  ozone.MiniOzoneClusterImpl (MiniOzoneClusterImpl.java:lambda$waitForClusterToBeReady$0(225)) - Waiting for cluster to exit safe mode
2023-03-29 21:17:10,289 [Listener at 127.0.0.1/45803] INFO  ozone.MiniOzoneClusterImpl (MiniOzoneClusterImpl.java:lambda$waitForClusterToBeReady$0(227)) - SCM became leader
2023-03-29 21:17:11,289 [Listener at 127.0.0.1/45803] INFO  ozone.MiniOzoneClusterImpl (MiniOzoneClusterImpl.java:lambda$waitForClusterToBeReady$0(222)) - Nodes are ready. Got 3 of 3 DN Heartbeats.
2023-03-29 21:17:11,289 [Listener at 127.0.0.1/45803] INFO  ozone.MiniOzoneClusterImpl (MiniOzoneClusterImpl.java:lambda$waitForClusterToBeReady$0(225)) - Waiting for cluster to exit safe mode
2023-03-29 21:17:11,290 [Listener at 127.0.0.1/45803] INFO  ozone.MiniOzoneClusterImpl (MiniOzoneClusterImpl.java:lambda$waitForClusterToBeReady$0(227)) - SCM became leader
2023-03-29 21:17:11,389 [5ce02ec3-1add-4276-9232-59c2d20bf885@group-4DDAD9061983-FollowerState] INFO  impl.FollowerState (FollowerState.java:run(143)) - 5ce02ec3-1add-4276-9232-59c2d20bf885@group-4DDAD9061983-FollowerState: change to CANDIDATE, lastRpcElapsedTime:5031658807ns, electionTimeout:5030ms
2023-03-29 21:17:11,389 [5ce02ec3-1add-4276-9232-59c2d20bf885@group-4DDAD9061983-FollowerState] INFO  impl.RoleInfo (RoleInfo.java:shutdownFollowerState(110)) - 5ce02ec3-1add-4276-9232-59c2d20bf885: shutdown 5ce02ec3-1add-4276-9232-59c2d20bf885@group-4DDAD9061983-FollowerState
2023-03-29 21:17:11,389 [5ce02ec3-1add-4276-9232-59c2d20bf885@group-4DDAD9061983-FollowerState] INFO  server.RaftServer$Division (RaftServerImpl.java:setRole(321)) - 5ce02ec3-1add-4276-9232-59c2d20bf885@group-4DDAD9061983: changes role from  FOLLOWER to CANDIDATE at term 0 for changeToCandidate
2023-03-29 21:17:11,390 [5ce02ec3-1add-4276-9232-59c2d20bf885@group-4DDAD9061983-FollowerState] INFO  server.RaftServerConfigKeys (ConfUtils.java:logGet(46)) - raft.server.leaderelection.pre-vote = true (default)
2023-03-29 21:17:11,390 [5ce02ec3-1add-4276-9232-59c2d20bf885@group-4DDAD9061983-FollowerState] INFO  impl.RoleInfo (RoleInfo.java:updateAndGet(139)) - 5ce02ec3-1add-4276-9232-59c2d20bf885: start 5ce02ec3-1add-4276-9232-59c2d20bf885@group-4DDAD9061983-LeaderElection11
2023-03-29 21:17:11,392 [5ce02ec3-1add-4276-9232-59c2d20bf885@group-4DDAD9061983-LeaderElection11] INFO  impl.LeaderElection (LeaderElection.java:askForVotes(312)) - 5ce02ec3-1add-4276-9232-59c2d20bf885@group-4DDAD9061983-LeaderElection11 PRE_VOTE round 0: submit vote requests at term 0 for -1: peers:[5ce02ec3-1add-4276-9232-59c2d20bf885|rpc:10.1.0.17:35345|dataStream:10.1.0.17:35525|priority:1|startupRole:FOLLOWER]|listeners:[], old=null
2023-03-29 21:17:11,392 [5ce02ec3-1add-4276-9232-59c2d20bf885@group-4DDAD9061983-LeaderElection11] INFO  impl.LeaderElection (LeaderElection.java:askForVotes(314)) - 5ce02ec3-1add-4276-9232-59c2d20bf885@group-4DDAD9061983-LeaderElection11 PRE_VOTE round 0: result PASSED (term=0)
2023-03-29 21:17:11,394 [5ce02ec3-1add-4276-9232-59c2d20bf885@group-4DDAD9061983-LeaderElection11] INFO  impl.LeaderElection (LeaderElection.java:askForVotes(312)) - 5ce02ec3-1add-4276-9232-59c2d20bf885@group-4DDAD9061983-LeaderElection11 ELECTION round 0: submit vote requests at term 1 for -1: peers:[5ce02ec3-1add-4276-9232-59c2d20bf885|rpc:10.1.0.17:35345|dataStream:10.1.0.17:35525|priority:1|startupRole:FOLLOWER]|listeners:[], old=null
2023-03-29 21:17:11,394 [5ce02ec3-1add-4276-9232-59c2d20bf885@group-4DDAD9061983-LeaderElection11] INFO  impl.LeaderElection (LeaderElection.java:askForVotes(314)) - 5ce02ec3-1add-4276-9232-59c2d20bf885@group-4DDAD9061983-LeaderElection11 ELECTION round 0: result PASSED (term=1)
2023-03-29 21:17:11,394 [5ce02ec3-1add-4276-9232-59c2d20bf885@group-4DDAD9061983-LeaderElection11] INFO  impl.RoleInfo (RoleInfo.java:shutdownLeaderElection(130)) - 5ce02ec3-1add-4276-9232-59c2d20bf885: shutdown 5ce02ec3-1add-4276-9232-59c2d20bf885@group-4DDAD9061983-LeaderElection11
2023-03-29 21:17:11,394 [5ce02ec3-1add-4276-9232-59c2d20bf885@group-4DDAD9061983-LeaderElection11] INFO  server.RaftServer$Division (RaftServerImpl.java:setRole(321)) - 5ce02ec3-1add-4276-9232-59c2d20bf885@group-4DDAD9061983: changes role from CANDIDATE to LEADER at term 1 for changeToLeader
2023-03-29 21:17:11,394 [5ce02ec3-1add-4276-9232-59c2d20bf885@group-4DDAD9061983-LeaderElection11] INFO  ratis.XceiverServerRatis (XceiverServerRatis.java:handleLeaderChangedNotification(904)) - Leader change notification received for group: group-4DDAD9061983 with new leaderId: 5ce02ec3-1add-4276-9232-59c2d20bf885
2023-03-29 21:17:11,394 [5ce02ec3-1add-4276-9232-59c2d20bf885@group-4DDAD9061983-LeaderElection11] INFO  server.RaftServer$Division (ServerState.java:setLeader(313)) - 5ce02ec3-1add-4276-9232-59c2d20bf885@group-4DDAD9061983: change Leader from null to 5ce02ec3-1add-4276-9232-59c2d20bf885 at term 1 for becomeLeader, leader elected after 5054ms
2023-03-29 21:17:11,394 [5ce02ec3-1add-4276-9232-59c2d20bf885@group-4DDAD9061983-LeaderElection11] INFO  server.RaftServerConfigKeys (ConfUtils.java:logGet(46)) - raft.server.staging.catchup.gap = 1000 (default)
2023-03-29 21:17:11,395 [5ce02ec3-1add-4276-9232-59c2d20bf885@group-4DDAD9061983-LeaderElection11] INFO  server.RaftServerConfigKeys (ConfUtils.java:logGet(46)) - raft.server.write.element-limit = 1024 (custom)
2023-03-29 21:17:11,395 [5ce02ec3-1add-4276-9232-59c2d20bf885@group-4DDAD9061983-LeaderElection11] INFO  server.RaftServerConfigKeys (ConfUtils.java:logGet(46)) - raft.server.write.byte-limit = 1024 M (=1073741824) (custom)
2023-03-29 21:17:11,395 [5ce02ec3-1add-4276-9232-59c2d20bf885@group-4DDAD9061983-LeaderElection11] INFO  server.RaftServerConfigKeys (ConfUtils.java:logGet(46)) - raft.server.watch.timeout = 180s (custom)
2023-03-29 21:17:11,395 [5ce02ec3-1add-4276-9232-59c2d20bf885@group-4DDAD9061983-LeaderElection11] INFO  server.RaftServerConfigKeys (ConfUtils.java:logGet(46)) - raft.server.watch.timeout.denomination = 1s (default)
2023-03-29 21:17:11,395 [5ce02ec3-1add-4276-9232-59c2d20bf885@group-4DDAD9061983-LeaderElection11] INFO  server.RaftServerConfigKeys (ConfUtils.java:logGet(46)) - raft.server.watch.element-limit = 65536 (default)
2023-03-29 21:17:11,395 [5ce02ec3-1add-4276-9232-59c2d20bf885@group-4DDAD9061983-LeaderElection11] INFO  server.RaftServerConfigKeys (ConfUtils.java:logGet(46)) - raft.server.write.element-limit = 1024 (custom)
2023-03-29 21:17:11,395 [5ce02ec3-1add-4276-9232-59c2d20bf885@group-4DDAD9061983-LeaderElection11] INFO  server.RaftServerConfigKeys (ConfUtils.java:logGet(46)) - raft.server.write.follower.gap.ratio.max = -1.0 (default)
2023-03-29 21:17:11,395 [5ce02ec3-1add-4276-9232-59c2d20bf885@group-4DDAD9061983-LeaderElection11] INFO  impl.RoleInfo (RoleInfo.java:updateAndGet(139)) - 5ce02ec3-1add-4276-9232-59c2d20bf885: start 5ce02ec3-1add-4276-9232-59c2d20bf885@group-4DDAD9061983-LeaderStateImpl
2023-03-29 21:17:11,395 [EventQueue-OpenPipelineForHealthyPipelineSafeModeRule] INFO  safemode.SCMSafeModeManager (HealthyPipelineSafeModeRule.java:process(137)) - SCM in safe mode. Healthy pipelines reported count is 0, required healthy pipeline reported count is 1
2023-03-29 21:17:11,395 [5ce02ec3-1add-4276-9232-59c2d20bf885@group-4DDAD9061983-LeaderElection11] INFO  segmented.SegmentedRaftLogWorker (SegmentedRaftLogWorker.java:startLogSegment(452)) - 5ce02ec3-1add-4276-9232-59c2d20bf885@group-4DDAD9061983-SegmentedRaftLogWorker: Starting segment from index:0
2023-03-29 21:17:11,397 [5ce02ec3-1add-4276-9232-59c2d20bf885@group-4DDAD9061983-LeaderElection11] INFO  server.RaftServer$Division (ServerState.java:setRaftConf(430)) - 5ce02ec3-1add-4276-9232-59c2d20bf885@group-4DDAD9061983: set configuration 0: peers:[5ce02ec3-1add-4276-9232-59c2d20bf885|rpc:10.1.0.17:35345|dataStream:10.1.0.17:35525|priority:1|startupRole:FOLLOWER]|listeners:[], old=null
2023-03-29 21:17:11,398 [5ce02ec3-1add-4276-9232-59c2d20bf885@group-4DDAD9061983-SegmentedRaftLogWorker] INFO  segmented.SegmentedRaftLogWorker (SegmentedRaftLogWorker.java:execute(656)) - 5ce02ec3-1add-4276-9232-59c2d20bf885@group-4DDAD9061983-SegmentedRaftLogWorker: created new log segment /home/runner/work/ozone/ozone/hadoop-ozone/integration-test/target/test-dir/MiniOzoneClusterImpl-0d447e97-01e2-4ef6-85fe-af16170d97c2/datanode-0/data/ratis/b0753bb9-b8f2-41b0-9547-4ddad9061983/current/log_inprogress_0
2023-03-29 21:17:11,432 [e304c585-3570-440e-99de-d9fa99700cf9@group-9FB0EE27115B-FollowerState] INFO  impl.FollowerState (FollowerState.java:run(143)) - e304c585-3570-440e-99de-d9fa99700cf9@group-9FB0EE27115B-FollowerState: change to CANDIDATE, lastRpcElapsedTime:5026286653ns, electionTimeout:5022ms
2023-03-29 21:17:11,432 [e304c585-3570-440e-99de-d9fa99700cf9@group-9FB0EE27115B-FollowerState] INFO  impl.RoleInfo (RoleInfo.java:shutdownFollowerState(110)) - e304c585-3570-440e-99de-d9fa99700cf9: shutdown e304c585-3570-440e-99de-d9fa99700cf9@group-9FB0EE27115B-FollowerState
2023-03-29 21:17:11,432 [e304c585-3570-440e-99de-d9fa99700cf9@group-9FB0EE27115B-FollowerState] INFO  server.RaftServer$Division (RaftServerImpl.java:setRole(321)) - e304c585-3570-440e-99de-d9fa99700cf9@group-9FB0EE27115B: changes role from  FOLLOWER to CANDIDATE at term 0 for changeToCandidate
2023-03-29 21:17:11,433 [e304c585-3570-440e-99de-d9fa99700cf9@group-9FB0EE27115B-FollowerState] INFO  server.RaftServerConfigKeys (ConfUtils.java:logGet(46)) - raft.server.leaderelection.pre-vote = true (default)
2023-03-29 21:17:11,433 [e304c585-3570-440e-99de-d9fa99700cf9@group-9FB0EE27115B-FollowerState] INFO  impl.RoleInfo (RoleInfo.java:updateAndGet(139)) - e304c585-3570-440e-99de-d9fa99700cf9: start e304c585-3570-440e-99de-d9fa99700cf9@group-9FB0EE27115B-LeaderElection12
2023-03-29 21:17:11,439 [e304c585-3570-440e-99de-d9fa99700cf9@group-9FB0EE27115B-LeaderElection12] INFO  impl.LeaderElection (LeaderElection.java:askForVotes(312)) - e304c585-3570-440e-99de-d9fa99700cf9@group-9FB0EE27115B-LeaderElection12 PRE_VOTE round 0: submit vote requests at term 0 for -1: peers:[e7b6a9e0-ae39-4816-bb7d-645997ba7398|rpc:10.1.0.17:43339|dataStream:10.1.0.17:42737|priority:0|startupRole:FOLLOWER, e304c585-3570-440e-99de-d9fa99700cf9|rpc:10.1.0.17:36943|dataStream:10.1.0.17:42751|priority:1|startupRole:FOLLOWER, 5ce02ec3-1add-4276-9232-59c2d20bf885|rpc:10.1.0.17:35345|dataStream:10.1.0.17:35525|priority:0|startupRole:FOLLOWER]|listeners:[], old=null
2023-03-29 21:17:11,440 [e304c585-3570-440e-99de-d9fa99700cf9@group-9FB0EE27115B-LeaderElection12] INFO  server.RaftServerConfigKeys (ConfUtils.java:logFallback(53)) - raft.server.rpc.first-election.timeout.min = 5s (fallback to raft.server.rpc.timeout.min)
2023-03-29 21:17:11,440 [e304c585-3570-440e-99de-d9fa99700cf9@group-9FB0EE27115B-LeaderElection12-1] INFO  server.GrpcServerProtocolClient (GrpcServerProtocolClient.java:<init>(63)) - Build channel for e7b6a9e0-ae39-4816-bb7d-645997ba7398
2023-03-29 21:17:11,440 [e304c585-3570-440e-99de-d9fa99700cf9@group-9FB0EE27115B-LeaderElection12] INFO  server.RaftServerConfigKeys (ConfUtils.java:logFallback(53)) - raft.server.rpc.first-election.timeout.max = 5200ms (fallback to raft.server.rpc.timeout.max)
2023-03-29 21:17:11,440 [e304c585-3570-440e-99de-d9fa99700cf9@group-9FB0EE27115B-LeaderElection12-2] INFO  server.GrpcServerProtocolClient (GrpcServerProtocolClient.java:<init>(63)) - Build channel for 5ce02ec3-1add-4276-9232-59c2d20bf885
2023-03-29 21:17:11,442 [5ce02ec3-1add-4276-9232-59c2d20bf885@group-9FB0EE27115B-FollowerState] INFO  impl.FollowerState (FollowerState.java:run(143)) - 5ce02ec3-1add-4276-9232-59c2d20bf885@group-9FB0EE27115B-FollowerState: change to CANDIDATE, lastRpcElapsedTime:5065653636ns, electionTimeout:5065ms
2023-03-29 21:17:11,443 [5ce02ec3-1add-4276-9232-59c2d20bf885@group-9FB0EE27115B-FollowerState] INFO  impl.RoleInfo (RoleInfo.java:shutdownFollowerState(110)) - 5ce02ec3-1add-4276-9232-59c2d20bf885: shutdown 5ce02ec3-1add-4276-9232-59c2d20bf885@group-9FB0EE27115B-FollowerState
2023-03-29 21:17:11,443 [5ce02ec3-1add-4276-9232-59c2d20bf885@group-9FB0EE27115B-FollowerState] INFO  server.RaftServer$Division (RaftServerImpl.java:setRole(321)) - 5ce02ec3-1add-4276-9232-59c2d20bf885@group-9FB0EE27115B: changes role from  FOLLOWER to CANDIDATE at term 0 for changeToCandidate
2023-03-29 21:17:11,446 [5ce02ec3-1add-4276-9232-59c2d20bf885@group-9FB0EE27115B-FollowerState] INFO  server.RaftServerConfigKeys (ConfUtils.java:logGet(46)) - raft.server.leaderelection.pre-vote = true (default)
2023-03-29 21:17:11,446 [5ce02ec3-1add-4276-9232-59c2d20bf885@group-9FB0EE27115B-FollowerState] INFO  impl.RoleInfo (RoleInfo.java:updateAndGet(139)) - 5ce02ec3-1add-4276-9232-59c2d20bf885: start 5ce02ec3-1add-4276-9232-59c2d20bf885@group-9FB0EE27115B-LeaderElection13
2023-03-29 21:17:11,447 [5ce02ec3-1add-4276-9232-59c2d20bf885@group-9FB0EE27115B-LeaderElection13] INFO  impl.LeaderElection (LeaderElection.java:askForVotes(312)) - 5ce02ec3-1add-4276-9232-59c2d20bf885@group-9FB0EE27115B-LeaderElection13 PRE_VOTE round 0: submit vote requests at term 0 for -1: peers:[e7b6a9e0-ae39-4816-bb7d-645997ba7398|rpc:10.1.0.17:43339|dataStream:10.1.0.17:42737|priority:0|startupRole:FOLLOWER, e304c585-3570-440e-99de-d9fa99700cf9|rpc:10.1.0.17:36943|dataStream:10.1.0.17:42751|priority:1|startupRole:FOLLOWER, 5ce02ec3-1add-4276-9232-59c2d20bf885|rpc:10.1.0.17:35345|dataStream:10.1.0.17:35525|priority:0|startupRole:FOLLOWER]|listeners:[], old=null
2023-03-29 21:17:11,454 [5ce02ec3-1add-4276-9232-59c2d20bf885@group-9FB0EE27115B-LeaderElection13-1] INFO  server.GrpcServerProtocolClient (GrpcServerProtocolClient.java:<init>(63)) - Build channel for e7b6a9e0-ae39-4816-bb7d-645997ba7398
2023-03-29 21:17:11,456 [5ce02ec3-1add-4276-9232-59c2d20bf885@group-9FB0EE27115B-LeaderElection13] INFO  server.RaftServerConfigKeys (ConfUtils.java:logFallback(53)) - raft.server.rpc.first-election.timeout.min = 5s (fallback to raft.server.rpc.timeout.min)
2023-03-29 21:17:11,456 [5ce02ec3-1add-4276-9232-59c2d20bf885@group-9FB0EE27115B-LeaderElection13] INFO  server.RaftServerConfigKeys (ConfUtils.java:logFallback(53)) - raft.server.rpc.first-election.timeout.max = 5200ms (fallback to raft.server.rpc.timeout.max)
2023-03-29 21:17:11,456 [5ce02ec3-1add-4276-9232-59c2d20bf885@group-9FB0EE27115B-LeaderElection13-2] INFO  server.GrpcServerProtocolClient (GrpcServerProtocolClient.java:<init>(63)) - Build channel for e304c585-3570-440e-99de-d9fa99700cf9
2023-03-29 21:17:11,462 [grpc-default-executor-0] INFO  server.RaftServer$Division (RaftServerImpl.java:requestVote(1218)) - e7b6a9e0-ae39-4816-bb7d-645997ba7398@group-9FB0EE27115B: receive requestVote(PRE_VOTE, e304c585-3570-440e-99de-d9fa99700cf9, group-9FB0EE27115B, 0, (t:0, i:0))
2023-03-29 21:17:11,462 [grpc-default-executor-0] INFO  impl.VoteContext (VoteContext.java:log(49)) - e7b6a9e0-ae39-4816-bb7d-645997ba7398@group-9FB0EE27115B-FOLLOWER: accept PRE_VOTE from e304c585-3570-440e-99de-d9fa99700cf9: our priority 0 <= candidate's priority 1
2023-03-29 21:17:11,462 [grpc-default-executor-0] INFO  server.RaftServer$Division (RaftServerImpl.java:requestVote(1251)) - e7b6a9e0-ae39-4816-bb7d-645997ba7398@group-9FB0EE27115B replies to PRE_VOTE vote request: e304c585-3570-440e-99de-d9fa99700cf9<-e7b6a9e0-ae39-4816-bb7d-645997ba7398#0:OK-t0. Peer's state: e7b6a9e0-ae39-4816-bb7d-645997ba7398@group-9FB0EE27115B:t0, leader=null, voted=, raftlog=Memoized:e7b6a9e0-ae39-4816-bb7d-645997ba7398@group-9FB0EE27115B-SegmentedRaftLog:OPENED:c-1, conf=-1: peers:[e7b6a9e0-ae39-4816-bb7d-645997ba7398|rpc:10.1.0.17:43339|dataStream:10.1.0.17:42737|priority:0|startupRole:FOLLOWER, e304c585-3570-440e-99de-d9fa99700cf9|rpc:10.1.0.17:36943|dataStream:10.1.0.17:42751|priority:1|startupRole:FOLLOWER, 5ce02ec3-1add-4276-9232-59c2d20bf885|rpc:10.1.0.17:35345|dataStream:10.1.0.17:35525|priority:0|startupRole:FOLLOWER]|listeners:[], old=null
2023-03-29 21:17:11,472 [e304c585-3570-440e-99de-d9fa99700cf9@group-9FB0EE27115B-LeaderElection12] INFO  impl.LeaderElection (LeaderElection.java:logAndReturn(90)) - e304c585-3570-440e-99de-d9fa99700cf9@group-9FB0EE27115B-LeaderElection12: PRE_VOTE PASSED received 1 response(s) and 0 exception(s):
2023-03-29 21:17:11,472 [e304c585-3570-440e-99de-d9fa99700cf9@group-9FB0EE27115B-LeaderElection12] INFO  impl.LeaderElection (LeaderElection.java:logAndReturn(94)) -   Response 0: e304c585-3570-440e-99de-d9fa99700cf9<-e7b6a9e0-ae39-4816-bb7d-645997ba7398#0:OK-t0
2023-03-29 21:17:11,472 [e304c585-3570-440e-99de-d9fa99700cf9@group-9FB0EE27115B-LeaderElection12] INFO  impl.LeaderElection (LeaderElection.java:askForVotes(314)) - e304c585-3570-440e-99de-d9fa99700cf9@group-9FB0EE27115B-LeaderElection12 PRE_VOTE round 0: result PASSED
2023-03-29 21:17:11,474 [grpc-default-executor-0] INFO  server.RaftServer$Division (RaftServerImpl.java:requestVote(1218)) - e304c585-3570-440e-99de-d9fa99700cf9@group-9FB0EE27115B: receive requestVote(PRE_VOTE, 5ce02ec3-1add-4276-9232-59c2d20bf885, group-9FB0EE27115B, 0, (t:0, i:0))
2023-03-29 21:17:11,474 [grpc-default-executor-2] INFO  server.RaftServer$Division (RaftServerImpl.java:requestVote(1218)) - e7b6a9e0-ae39-4816-bb7d-645997ba7398@group-9FB0EE27115B: receive requestVote(PRE_VOTE, 5ce02ec3-1add-4276-9232-59c2d20bf885, group-9FB0EE27115B, 0, (t:0, i:0))
2023-03-29 21:17:11,475 [grpc-default-executor-2] INFO  impl.VoteContext (VoteContext.java:log(49)) - e7b6a9e0-ae39-4816-bb7d-645997ba7398@group-9FB0EE27115B-FOLLOWER: accept PRE_VOTE from 5ce02ec3-1add-4276-9232-59c2d20bf885: our priority 0 <= candidate's priority 0
2023-03-29 21:17:11,475 [grpc-default-executor-2] INFO  server.RaftServer$Division (RaftServerImpl.java:requestVote(1251)) - e7b6a9e0-ae39-4816-bb7d-645997ba7398@group-9FB0EE27115B replies to PRE_VOTE vote request: 5ce02ec3-1add-4276-9232-59c2d20bf885<-e7b6a9e0-ae39-4816-bb7d-645997ba7398#0:OK-t0. Peer's state: e7b6a9e0-ae39-4816-bb7d-645997ba7398@group-9FB0EE27115B:t0, leader=null, voted=, raftlog=Memoized:e7b6a9e0-ae39-4816-bb7d-645997ba7398@group-9FB0EE27115B-SegmentedRaftLog:OPENED:c-1, conf=-1: peers:[e7b6a9e0-ae39-4816-bb7d-645997ba7398|rpc:10.1.0.17:43339|dataStream:10.1.0.17:42737|priority:0|startupRole:FOLLOWER, e304c585-3570-440e-99de-d9fa99700cf9|rpc:10.1.0.17:36943|dataStream:10.1.0.17:42751|priority:1|startupRole:FOLLOWER, 5ce02ec3-1add-4276-9232-59c2d20bf885|rpc:10.1.0.17:35345|dataStream:10.1.0.17:35525|priority:0|startupRole:FOLLOWER]|listeners:[], old=null
2023-03-29 21:17:11,476 [e304c585-3570-440e-99de-d9fa99700cf9@group-9FB0EE27115B-LeaderElection12] INFO  impl.LeaderElection (LeaderElection.java:askForVotes(312)) - e304c585-3570-440e-99de-d9fa99700cf9@group-9FB0EE27115B-LeaderElection12 ELECTION round 0: submit vote requests at term 1 for -1: peers:[e7b6a9e0-ae39-4816-bb7d-645997ba7398|rpc:10.1.0.17:43339|dataStream:10.1.0.17:42737|priority:0|startupRole:FOLLOWER, e304c585-3570-440e-99de-d9fa99700cf9|rpc:10.1.0.17:36943|dataStream:10.1.0.17:42751|priority:1|startupRole:FOLLOWER, 5ce02ec3-1add-4276-9232-59c2d20bf885|rpc:10.1.0.17:35345|dataStream:10.1.0.17:35525|priority:0|startupRole:FOLLOWER]|listeners:[], old=null
2023-03-29 21:17:11,476 [grpc-default-executor-0] INFO  impl.VoteContext (VoteContext.java:log(49)) - e304c585-3570-440e-99de-d9fa99700cf9@group-9FB0EE27115B-CANDIDATE: reject PRE_VOTE from 5ce02ec3-1add-4276-9232-59c2d20bf885: our priority 1 > candidate's priority 0
2023-03-29 21:17:11,476 [grpc-default-executor-0] INFO  server.RaftServer$Division (RaftServerImpl.java:requestVote(1251)) - e304c585-3570-440e-99de-d9fa99700cf9@group-9FB0EE27115B replies to PRE_VOTE vote request: 5ce02ec3-1add-4276-9232-59c2d20bf885<-e304c585-3570-440e-99de-d9fa99700cf9#0:FAIL-t1. Peer's state: e304c585-3570-440e-99de-d9fa99700cf9@group-9FB0EE27115B:t1, leader=null, voted=e304c585-3570-440e-99de-d9fa99700cf9, raftlog=Memoized:e304c585-3570-440e-99de-d9fa99700cf9@group-9FB0EE27115B-SegmentedRaftLog:OPENED:c-1, conf=-1: peers:[e7b6a9e0-ae39-4816-bb7d-645997ba7398|rpc:10.1.0.17:43339|dataStream:10.1.0.17:42737|priority:0|startupRole:FOLLOWER, e304c585-3570-440e-99de-d9fa99700cf9|rpc:10.1.0.17:36943|dataStream:10.1.0.17:42751|priority:1|startupRole:FOLLOWER, 5ce02ec3-1add-4276-9232-59c2d20bf885|rpc:10.1.0.17:35345|dataStream:10.1.0.17:35525|priority:0|startupRole:FOLLOWER]|listeners:[], old=null
2023-03-29 21:17:11,478 [e304c585-3570-440e-99de-d9fa99700cf9@group-9FB0EE27115B-LeaderElection12] INFO  server.RaftServerConfigKeys (ConfUtils.java:logFallback(53)) - raft.server.rpc.first-election.timeout.min = 5s (fallback to raft.server.rpc.timeout.min)
2023-03-29 21:17:11,478 [e304c585-3570-440e-99de-d9fa99700cf9@group-9FB0EE27115B-LeaderElection12] INFO  server.RaftServerConfigKeys (ConfUtils.java:logFallback(53)) - raft.server.rpc.first-election.timeout.max = 5200ms (fallback to raft.server.rpc.timeout.max)
2023-03-29 21:17:11,480 [grpc-default-executor-2] INFO  server.RaftServer$Division (RaftServerImpl.java:requestVote(1218)) - e7b6a9e0-ae39-4816-bb7d-645997ba7398@group-9FB0EE27115B: receive requestVote(ELECTION, e304c585-3570-440e-99de-d9fa99700cf9, group-9FB0EE27115B, 1, (t:0, i:0))
2023-03-29 21:17:11,480 [grpc-default-executor-2] INFO  impl.VoteContext (VoteContext.java:log(49)) - e7b6a9e0-ae39-4816-bb7d-645997ba7398@group-9FB0EE27115B-FOLLOWER: accept ELECTION from e304c585-3570-440e-99de-d9fa99700cf9: our priority 0 <= candidate's priority 1
2023-03-29 21:17:11,480 [grpc-default-executor-2] INFO  server.RaftServer$Division (RaftServerImpl.java:setRole(321)) - e7b6a9e0-ae39-4816-bb7d-645997ba7398@group-9FB0EE27115B: changes role from  FOLLOWER to FOLLOWER at term 1 for candidate:e304c585-3570-440e-99de-d9fa99700cf9
2023-03-29 21:17:11,480 [grpc-default-executor-2] INFO  impl.RoleInfo (RoleInfo.java:shutdownFollowerState(110)) - e7b6a9e0-ae39-4816-bb7d-645997ba7398: shutdown e7b6a9e0-ae39-4816-bb7d-645997ba7398@group-9FB0EE27115B-FollowerState
2023-03-29 21:17:11,480 [5ce02ec3-1add-4276-9232-59c2d20bf885@group-9FB0EE27115B-LeaderElection13] INFO  impl.LeaderElection (LeaderElection.java:logAndReturn(90)) - 5ce02ec3-1add-4276-9232-59c2d20bf885@group-9FB0EE27115B-LeaderElection13: PRE_VOTE DISCOVERED_A_NEW_TERM (term=1) received 2 response(s) and 0 exception(s):
2023-03-29 21:17:11,480 [5ce02ec3-1add-4276-9232-59c2d20bf885@group-9FB0EE27115B-LeaderElection13] INFO  impl.LeaderElection (LeaderElection.java:logAndReturn(94)) -   Response 0: 5ce02ec3-1add-4276-9232-59c2d20bf885<-e7b6a9e0-ae39-4816-bb7d-645997ba7398#0:OK-t0
2023-03-29 21:17:11,480 [5ce02ec3-1add-4276-9232-59c2d20bf885@group-9FB0EE27115B-LeaderElection13] INFO  impl.LeaderElection (LeaderElection.java:logAndReturn(94)) -   Response 1: 5ce02ec3-1add-4276-9232-59c2d20bf885<-e304c585-3570-440e-99de-d9fa99700cf9#0:FAIL-t1
2023-03-29 21:17:11,480 [e7b6a9e0-ae39-4816-bb7d-645997ba7398@group-9FB0EE27115B-FollowerState] INFO  impl.FollowerState (FollowerState.java:run(152)) - e7b6a9e0-ae39-4816-bb7d-645997ba7398@group-9FB0EE27115B-FollowerState was interrupted
2023-03-29 21:17:11,482 [5ce02ec3-1add-4276-9232-59c2d20bf885@group-9FB0EE27115B-LeaderElection13] INFO  impl.LeaderElection (LeaderElection.java:askForVotes(314)) - 5ce02ec3-1add-4276-9232-59c2d20bf885@group-9FB0EE27115B-LeaderElection13 PRE_VOTE round 0: result DISCOVERED_A_NEW_TERM (term=1)
2023-03-29 21:17:11,482 [5ce02ec3-1add-4276-9232-59c2d20bf885@group-9FB0EE27115B-LeaderElection13] INFO  server.RaftServer$Division (RaftServerImpl.java:setRole(321)) - 5ce02ec3-1add-4276-9232-59c2d20bf885@group-9FB0EE27115B: changes role from CANDIDATE to FOLLOWER at term 1 for DISCOVERED_A_NEW_TERM (term=1)
2023-03-29 21:17:11,482 [5ce02ec3-1add-4276-9232-59c2d20bf885@group-9FB0EE27115B-LeaderElection13] INFO  impl.RoleInfo (RoleInfo.java:shutdownLeaderElection(130)) - 5ce02ec3-1add-4276-9232-59c2d20bf885: shutdown 5ce02ec3-1add-4276-9232-59c2d20bf885@group-9FB0EE27115B-LeaderElection13
2023-03-29 21:17:11,482 [5ce02ec3-1add-4276-9232-59c2d20bf885@group-9FB0EE27115B-LeaderElection13] INFO  impl.RoleInfo (RoleInfo.java:updateAndGet(139)) - 5ce02ec3-1add-4276-9232-59c2d20bf885: start 5ce02ec3-1add-4276-9232-59c2d20bf885@group-9FB0EE27115B-FollowerState
2023-03-29 21:17:11,482 [grpc-default-executor-1] INFO  server.RaftServer$Division (RaftServerImpl.java:requestVote(1218)) - 5ce02ec3-1add-4276-9232-59c2d20bf885@group-9FB0EE27115B: receive requestVote(PRE_VOTE, e304c585-3570-440e-99de-d9fa99700cf9, group-9FB0EE27115B, 0, (t:0, i:0))
2023-03-29 21:17:11,483 [grpc-default-executor-3] INFO  server.RaftServer$Division (RaftServerImpl.java:requestVote(1218)) - 5ce02ec3-1add-4276-9232-59c2d20bf885@group-9FB0EE27115B: receive requestVote(ELECTION, e304c585-3570-440e-99de-d9fa99700cf9, group-9FB0EE27115B, 1, (t:0, i:0))
2023-03-29 21:17:11,483 [5ce02ec3-1add-4276-9232-59c2d20bf885@group-9FB0EE27115B-FollowerState] INFO  server.RaftServerConfigKeys (ConfUtils.java:logFallback(53)) - raft.server.rpc.first-election.timeout.min = 5s (fallback to raft.server.rpc.timeout.min)
2023-03-29 21:17:11,483 [5ce02ec3-1add-4276-9232-59c2d20bf885@group-9FB0EE27115B-FollowerState] INFO  server.RaftServerConfigKeys (ConfUtils.java:logFallback(53)) - raft.server.rpc.first-election.timeout.max = 5200ms (fallback to raft.server.rpc.timeout.max)
2023-03-29 21:17:11,483 [grpc-default-executor-2] INFO  impl.RoleInfo (RoleInfo.java:updateAndGet(139)) - e7b6a9e0-ae39-4816-bb7d-645997ba7398: start e7b6a9e0-ae39-4816-bb7d-645997ba7398@group-9FB0EE27115B-FollowerState
2023-03-29 21:17:11,484 [grpc-default-executor-3] INFO  impl.VoteContext (VoteContext.java:log(49)) - 5ce02ec3-1add-4276-9232-59c2d20bf885@group-9FB0EE27115B-FOLLOWER: accept ELECTION from e304c585-3570-440e-99de-d9fa99700cf9: our priority 0 <= candidate's priority 1
2023-03-29 21:17:11,484 [grpc-default-executor-3] INFO  server.RaftServer$Division (RaftServerImpl.java:setRole(321)) - 5ce02ec3-1add-4276-9232-59c2d20bf885@group-9FB0EE27115B: changes role from  FOLLOWER to FOLLOWER at term 1 for candidate:e304c585-3570-440e-99de-d9fa99700cf9
2023-03-29 21:17:11,484 [grpc-default-executor-3] INFO  impl.RoleInfo (RoleInfo.java:shutdownFollowerState(110)) - 5ce02ec3-1add-4276-9232-59c2d20bf885: shutdown 5ce02ec3-1add-4276-9232-59c2d20bf885@group-9FB0EE27115B-FollowerState
2023-03-29 21:17:11,484 [grpc-default-executor-3] INFO  impl.RoleInfo (RoleInfo.java:updateAndGet(139)) - 5ce02ec3-1add-4276-9232-59c2d20bf885: start 5ce02ec3-1add-4276-9232-59c2d20bf885@group-9FB0EE27115B-FollowerState
2023-03-29 21:17:11,484 [5ce02ec3-1add-4276-9232-59c2d20bf885@group-9FB0EE27115B-FollowerState] INFO  impl.FollowerState (FollowerState.java:run(152)) - 5ce02ec3-1add-4276-9232-59c2d20bf885@group-9FB0EE27115B-FollowerState was interrupted
2023-03-29 21:17:11,485 [e7b6a9e0-ae39-4816-bb7d-645997ba7398@group-9FB0EE27115B-FollowerState] INFO  server.RaftServerConfigKeys (ConfUtils.java:logFallback(53)) - raft.server.rpc.first-election.timeout.min = 5s (fallback to raft.server.rpc.timeout.min)
2023-03-29 21:17:11,485 [e7b6a9e0-ae39-4816-bb7d-645997ba7398@group-9FB0EE27115B-FollowerState] INFO  server.RaftServerConfigKeys (ConfUtils.java:logFallback(53)) - raft.server.rpc.first-election.timeout.max = 5200ms (fallback to raft.server.rpc.timeout.max)
2023-03-29 21:17:11,485 [grpc-default-executor-2] INFO  server.RaftServer$Division (RaftServerImpl.java:requestVote(1251)) - e7b6a9e0-ae39-4816-bb7d-645997ba7398@group-9FB0EE27115B replies to ELECTION vote request: e304c585-3570-440e-99de-d9fa99700cf9<-e7b6a9e0-ae39-4816-bb7d-645997ba7398#0:OK-t1. Peer's state: e7b6a9e0-ae39-4816-bb7d-645997ba7398@group-9FB0EE27115B:t1, leader=null, voted=e304c585-3570-440e-99de-d9fa99700cf9, raftlog=Memoized:e7b6a9e0-ae39-4816-bb7d-645997ba7398@group-9FB0EE27115B-SegmentedRaftLog:OPENED:c-1, conf=-1: peers:[e7b6a9e0-ae39-4816-bb7d-645997ba7398|rpc:10.1.0.17:43339|dataStream:10.1.0.17:42737|priority:0|startupRole:FOLLOWER, e304c585-3570-440e-99de-d9fa99700cf9|rpc:10.1.0.17:36943|dataStream:10.1.0.17:42751|priority:1|startupRole:FOLLOWER, 5ce02ec3-1add-4276-9232-59c2d20bf885|rpc:10.1.0.17:35345|dataStream:10.1.0.17:35525|priority:0|startupRole:FOLLOWER]|listeners:[], old=null
2023-03-29 21:17:11,486 [5ce02ec3-1add-4276-9232-59c2d20bf885@group-9FB0EE27115B-FollowerState] INFO  server.RaftServerConfigKeys (ConfUtils.java:logFallback(53)) - raft.server.rpc.first-election.timeout.min = 5s (fallback to raft.server.rpc.timeout.min)
2023-03-29 21:17:11,486 [5ce02ec3-1add-4276-9232-59c2d20bf885@group-9FB0EE27115B-FollowerState] INFO  server.RaftServerConfigKeys (ConfUtils.java:logFallback(53)) - raft.server.rpc.first-election.timeout.max = 5200ms (fallback to raft.server.rpc.timeout.max)
2023-03-29 21:17:11,486 [grpc-default-executor-3] INFO  server.RaftServer$Division (RaftServerImpl.java:requestVote(1251)) - 5ce02ec3-1add-4276-9232-59c2d20bf885@group-9FB0EE27115B replies to ELECTION vote request: e304c585-3570-440e-99de-d9fa99700cf9<-5ce02ec3-1add-4276-9232-59c2d20bf885#0:OK-t1. Peer's state: 5ce02ec3-1add-4276-9232-59c2d20bf885@group-9FB0EE27115B:t1, leader=null, voted=e304c585-3570-440e-99de-d9fa99700cf9, raftlog=Memoized:5ce02ec3-1add-4276-9232-59c2d20bf885@group-9FB0EE27115B-SegmentedRaftLog:OPENED:c-1, conf=-1: peers:[e7b6a9e0-ae39-4816-bb7d-645997ba7398|rpc:10.1.0.17:43339|dataStream:10.1.0.17:42737|priority:0|startupRole:FOLLOWER, e304c585-3570-440e-99de-d9fa99700cf9|rpc:10.1.0.17:36943|dataStream:10.1.0.17:42751|priority:1|startupRole:FOLLOWER, 5ce02ec3-1add-4276-9232-59c2d20bf885|rpc:10.1.0.17:35345|dataStream:10.1.0.17:35525|priority:0|startupRole:FOLLOWER]|listeners:[], old=null
2023-03-29 21:17:11,486 [grpc-default-executor-1] INFO  impl.VoteContext (VoteContext.java:log(49)) - 5ce02ec3-1add-4276-9232-59c2d20bf885@group-9FB0EE27115B-FOLLOWER: accept PRE_VOTE from e304c585-3570-440e-99de-d9fa99700cf9: our priority 0 <= candidate's priority 1
2023-03-29 21:17:11,486 [grpc-default-executor-1] INFO  server.RaftServer$Division (RaftServerImpl.java:requestVote(1251)) - 5ce02ec3-1add-4276-9232-59c2d20bf885@group-9FB0EE27115B replies to PRE_VOTE vote request: e304c585-3570-440e-99de-d9fa99700cf9<-5ce02ec3-1add-4276-9232-59c2d20bf885#0:OK-t1. Peer's state: 5ce02ec3-1add-4276-9232-59c2d20bf885@group-9FB0EE27115B:t1, leader=null, voted=e304c585-3570-440e-99de-d9fa99700cf9, raftlog=Memoized:5ce02ec3-1add-4276-9232-59c2d20bf885@group-9FB0EE27115B-SegmentedRaftLog:OPENED:c-1, conf=-1: peers:[e7b6a9e0-ae39-4816-bb7d-645997ba7398|rpc:10.1.0.17:43339|dataStream:10.1.0.17:42737|priority:0|startupRole:FOLLOWER, e304c585-3570-440e-99de-d9fa99700cf9|rpc:10.1.0.17:36943|dataStream:10.1.0.17:42751|priority:1|startupRole:FOLLOWER, 5ce02ec3-1add-4276-9232-59c2d20bf885|rpc:10.1.0.17:35345|dataStream:10.1.0.17:35525|priority:0|startupRole:FOLLOWER]|listeners:[], old=null
2023-03-29 21:17:11,487 [e304c585-3570-440e-99de-d9fa99700cf9@group-9FB0EE27115B-LeaderElection12] INFO  impl.LeaderElection (LeaderElection.java:logAndReturn(90)) - e304c585-3570-440e-99de-d9fa99700cf9@group-9FB0EE27115B-LeaderElection12: ELECTION PASSED received 1 response(s) and 0 exception(s):
2023-03-29 21:17:11,487 [e304c585-3570-440e-99de-d9fa99700cf9@group-9FB0EE27115B-LeaderElection12] INFO  impl.LeaderElection (LeaderElection.java:logAndReturn(94)) -   Response 0: e304c585-3570-440e-99de-d9fa99700cf9<-e7b6a9e0-ae39-4816-bb7d-645997ba7398#0:OK-t1
2023-03-29 21:17:11,487 [e304c585-3570-440e-99de-d9fa99700cf9@group-9FB0EE27115B-LeaderElection12] INFO  impl.LeaderElection (LeaderElection.java:askForVotes(314)) - e304c585-3570-440e-99de-d9fa99700cf9@group-9FB0EE27115B-LeaderElection12 ELECTION round 0: result PASSED
2023-03-29 21:17:11,487 [e304c585-3570-440e-99de-d9fa99700cf9@group-9FB0EE27115B-LeaderElection12] INFO  impl.RoleInfo (RoleInfo.java:shutdownLeaderElection(130)) - e304c585-3570-440e-99de-d9fa99700cf9: shutdown e304c585-3570-440e-99de-d9fa99700cf9@group-9FB0EE27115B-LeaderElection12
2023-03-29 21:17:11,487 [e304c585-3570-440e-99de-d9fa99700cf9@group-9FB0EE27115B-LeaderElection12] INFO  server.RaftServer$Division (RaftServerImpl.java:setRole(321)) - e304c585-3570-440e-99de-d9fa99700cf9@group-9FB0EE27115B: changes role from CANDIDATE to LEADER at term 1 for changeToLeader
2023-03-29 21:17:11,487 [e304c585-3570-440e-99de-d9fa99700cf9@group-9FB0EE27115B-LeaderElection12] INFO  ratis.XceiverServerRatis (XceiverServerRatis.java:handleLeaderChangedNotification(904)) - Leader change notification received for group: group-9FB0EE27115B with new leaderId: e304c585-3570-440e-99de-d9fa99700cf9
2023-03-29 21:17:11,487 [e304c585-3570-440e-99de-d9fa99700cf9@group-9FB0EE27115B-LeaderElection12] INFO  server.RaftServer$Division (ServerState.java:setLeader(313)) - e304c585-3570-440e-99de-d9fa99700cf9@group-9FB0EE27115B: change Leader from null to e304c585-3570-440e-99de-d9fa99700cf9 at term 1 for becomeLeader, leader elected after 5093ms
2023-03-29 21:17:11,487 [e304c585-3570-440e-99de-d9fa99700cf9@group-9FB0EE27115B-LeaderElection12] INFO  server.RaftServerConfigKeys (ConfUtils.java:logGet(46)) - raft.server.staging.catchup.gap = 1000 (default)
2023-03-29 21:17:11,487 [e304c585-3570-440e-99de-d9fa99700cf9@group-9FB0EE27115B-LeaderElection12] INFO  server.RaftServerConfigKeys (ConfUtils.java:logGet(46)) - raft.server.write.element-limit = 1024 (custom)
2023-03-29 21:17:11,487 [e304c585-3570-440e-99de-d9fa99700cf9@group-9FB0EE27115B-LeaderElection12] INFO  server.RaftServerConfigKeys (ConfUtils.java:logGet(46)) - raft.server.write.byte-limit = 1024 M (=1073741824) (custom)
2023-03-29 21:17:11,487 [e304c585-3570-440e-99de-d9fa99700cf9@group-9FB0EE27115B-LeaderElection12] INFO  server.RaftServerConfigKeys (ConfUtils.java:logGet(46)) - raft.server.watch.timeout = 180s (custom)
2023-03-29 21:17:11,487 [e304c585-3570-440e-99de-d9fa99700cf9@group-9FB0EE27115B-LeaderElection12] INFO  server.RaftServerConfigKeys (ConfUtils.java:logGet(46)) - raft.server.watch.timeout.denomination = 1s (default)
2023-03-29 21:17:11,487 [e304c585-3570-440e-99de-d9fa99700cf9@group-9FB0EE27115B-LeaderElection12] INFO  server.RaftServerConfigKeys (ConfUtils.java:logGet(46)) - raft.server.watch.element-limit = 65536 (default)
2023-03-29 21:17:11,488 [e304c585-3570-440e-99de-d9fa99700cf9@group-9FB0EE27115B-LeaderElection12] INFO  server.RaftServerConfigKeys (ConfUtils.java:logGet(46)) - raft.server.write.element-limit = 1024 (custom)
2023-03-29 21:17:11,488 [e304c585-3570-440e-99de-d9fa99700cf9@group-9FB0EE27115B-LeaderElection12] INFO  server.RaftServerConfigKeys (ConfUtils.java:logGet(46)) - raft.server.write.follower.gap.ratio.max = -1.0 (default)
2023-03-29 21:17:11,488 [e304c585-3570-440e-99de-d9fa99700cf9@group-9FB0EE27115B-LeaderElection12] INFO  server.RaftServerConfigKeys (ConfUtils.java:logGet(46)) - raft.server.log.appender.snapshot.chunk.size.max = 16MB (=16777216) (default)
2023-03-29 21:17:11,488 [e304c585-3570-440e-99de-d9fa99700cf9@group-9FB0EE27115B-LeaderElection12] INFO  server.RaftServerConfigKeys (ConfUtils.java:logGet(46)) - raft.server.log.appender.buffer.byte-limit = 33554432 (custom)
2023-03-29 21:17:11,488 [e304c585-3570-440e-99de-d9fa99700cf9@group-9FB0EE27115B-LeaderElection12] INFO  server.RaftServerConfigKeys (ConfUtils.java:logGet(46)) - raft.server.log.appender.buffer.element-limit = 1 (custom)
2023-03-29 21:17:11,488 [e304c585-3570-440e-99de-d9fa99700cf9@group-9FB0EE27115B-LeaderElection12] INFO  grpc.GrpcConfigKeys (ConfUtils.java:logGet(46)) - raft.grpc.server.leader.outstanding.appends.max = 128 (default)
2023-03-29 21:17:11,488 [e304c585-3570-440e-99de-d9fa99700cf9@group-9FB0EE27115B-LeaderElection12] INFO  server.RaftServerConfigKeys (ConfUtils.java:logGet(46)) - raft.server.rpc.request.timeout = 60s (custom)
2023-03-29 21:17:11,488 [e304c585-3570-440e-99de-d9fa99700cf9@group-9FB0EE27115B-LeaderElection12] INFO  server.RaftServerConfigKeys (ConfUtils.java:logGet(46)) - raft.server.log.appender.install.snapshot.enabled = false (custom)
2023-03-29 21:17:11,488 [e304c585-3570-440e-99de-d9fa99700cf9@group-9FB0EE27115B-LeaderElection12] INFO  grpc.GrpcConfigKeys (ConfUtils.java:logGet(46)) - raft.grpc.server.heartbeat.channel = true (default)
2023-03-29 21:17:11,488 [e304c585-3570-440e-99de-d9fa99700cf9@group-9FB0EE27115B-LeaderElection12] INFO  server.RaftServerConfigKeys (ConfUtils.java:logGet(46)) - raft.server.log.appender.wait-time.min = 10ms (default)
2023-03-29 21:17:11,489 [e304c585-3570-440e-99de-d9fa99700cf9@group-9FB0EE27115B-LeaderElection12] INFO  server.RaftServerConfigKeys (ConfUtils.java:logGet(46)) - raft.server.log.appender.snapshot.chunk.size.max = 16MB (=16777216) (default)
2023-03-29 21:17:11,489 [e304c585-3570-440e-99de-d9fa99700cf9@group-9FB0EE27115B-LeaderElection12] INFO  server.RaftServerConfigKeys (ConfUtils.java:logGet(46)) - raft.server.log.appender.buffer.byte-limit = 33554432 (custom)
2023-03-29 21:17:11,489 [e304c585-3570-440e-99de-d9fa99700cf9@group-9FB0EE27115B-LeaderElection12] INFO  server.RaftServerConfigKeys (ConfUtils.java:logGet(46)) - raft.server.log.appender.buffer.element-limit = 1 (custom)
2023-03-29 21:17:11,489 [e304c585-3570-440e-99de-d9fa99700cf9@group-9FB0EE27115B-LeaderElection12] INFO  grpc.GrpcConfigKeys (ConfUtils.java:logGet(46)) - raft.grpc.server.leader.outstanding.appends.max = 128 (default)
2023-03-29 21:17:11,489 [e304c585-3570-440e-99de-d9fa99700cf9@group-9FB0EE27115B-LeaderElection12] INFO  server.RaftServerConfigKeys (ConfUtils.java:logGet(46)) - raft.server.rpc.request.timeout = 60s (custom)
2023-03-29 21:17:11,489 [e304c585-3570-440e-99de-d9fa99700cf9@group-9FB0EE27115B-LeaderElection12] INFO  server.RaftServerConfigKeys (ConfUtils.java:logGet(46)) - raft.server.log.appender.install.snapshot.enabled = false (custom)
2023-03-29 21:17:11,490 [EventQueue-PipelineReportForPipelineReportHandler] INFO  pipeline.PipelineManagerImpl (PipelineManagerImpl.java:openPipeline(367)) - Pipeline Pipeline[ Id: 88b7c5b2-f75f-4133-a5a7-9fb0ee27115b, Nodes: e304c585-3570-440e-99de-d9fa99700cf9(fv-az308-773/10.1.0.17)e7b6a9e0-ae39-4816-bb7d-645997ba7398(fv-az308-773/10.1.0.17)5ce02ec3-1add-4276-9232-59c2d20bf885(fv-az308-773/10.1.0.17), ReplicationConfig: RATIS/THREE, State:ALLOCATED, leaderId:e304c585-3570-440e-99de-d9fa99700cf9, CreationTimestamp2023-03-29T21:17:04.289Z[Etc/UTC]] moved to OPEN state
2023-03-29 21:17:11,491 [EventQueue-OpenPipelineForHealthyPipelineSafeModeRule] INFO  safemode.SCMSafeModeManager (HealthyPipelineSafeModeRule.java:process(137)) - SCM in safe mode. Healthy pipelines reported count is 1, required healthy pipeline reported count is 1
2023-03-29 21:17:11,491 [EventQueue-OpenPipelineForHealthyPipelineSafeModeRule] INFO  safemode.SCMSafeModeManager (SCMSafeModeManager.java:validateSafeModeExitRules(200)) - HealthyPipelineSafeModeRule rule is successfully validated
2023-03-29 21:17:11,491 [EventQueue-OpenPipelineForHealthyPipelineSafeModeRule] INFO  safemode.SCMSafeModeManager (SCMSafeModeManager.java:validateSafeModeExitRules(215)) - ScmSafeModeManager, all rules are successfully validated
2023-03-29 21:17:11,491 [EventQueue-OpenPipelineForHealthyPipelineSafeModeRule] INFO  safemode.SCMSafeModeManager (SCMSafeModeManager.java:exitSafeMode(244)) - SCM exiting safe mode.
2023-03-29 21:17:11,491 [EventQueue-OpenPipelineForHealthyPipelineSafeModeRule] INFO  ha.SCMContext (SCMContext.java:updateSafeModeStatus(228)) - Update SafeModeStatus from SafeModeStatus{safeModeStatus=true, preCheckPassed=true} to SafeModeStatus{safeModeStatus=false, preCheckPassed=true}.
2023-03-29 21:17:11,491 [EventQueue-OpenPipelineForHealthyPipelineSafeModeRule] INFO  pipeline.BackgroundPipelineCreator (BackgroundPipelineCreator.java:notifyStatusChanged(254)) - Service BackgroundPipelineCreator transitions to RUNNING.
2023-03-29 21:17:11,491 [EventQueue-OpenPipelineForHealthyPipelineSafeModeRule] INFO  BackgroundPipelineScrubber (BackgroundSCMService.java:notifyStatusChanged(82)) - Service BackgroundPipelineScrubber transitions to RUNNING.
2023-03-29 21:17:11,491 [EventQueue-OpenPipelineForHealthyPipelineSafeModeRule] INFO  ExpiredContainerReplicaOpScrubber (BackgroundSCMService.java:notifyStatusChanged(82)) - Service ExpiredContainerReplicaOpScrubber transitions to RUNNING.
2023-03-29 21:17:11,491 [EventQueue-OpenPipelineForHealthyPipelineSafeModeRule] INFO  replication.ReplicationManager (ReplicationManager.java:notifyStatusChanged(1255)) - Service ReplicationManager transitions to RUNNING.
2023-03-29 21:17:11,491 [EventQueue-OpenPipelineForHealthyPipelineSafeModeRule] WARN  balancer.ContainerBalancer (ContainerBalancer.java:shouldRun(132)) - Could not find persisted configuration for ContainerBalancer when checking if ContainerBalancer should run. ContainerBalancer should not run now.
2023-03-29 21:17:11,491 [e304c585-3570-440e-99de-d9fa99700cf9@group-9FB0EE27115B-LeaderElection12] INFO  grpc.GrpcConfigKeys (ConfUtils.java:logGet(46)) - raft.grpc.server.heartbeat.channel = true (default)
2023-03-29 21:17:11,491 [e304c585-3570-440e-99de-d9fa99700cf9@group-9FB0EE27115B-LeaderElection12] INFO  server.RaftServerConfigKeys (ConfUtils.java:logGet(46)) - raft.server.log.appender.wait-time.min = 10ms (default)
2023-03-29 21:17:11,491 [e304c585-3570-440e-99de-d9fa99700cf9@group-9FB0EE27115B-LeaderElection12] INFO  impl.RoleInfo (RoleInfo.java:updateAndGet(139)) - e304c585-3570-440e-99de-d9fa99700cf9: start e304c585-3570-440e-99de-d9fa99700cf9@group-9FB0EE27115B-LeaderStateImpl
2023-03-29 21:17:11,492 [e304c585-3570-440e-99de-d9fa99700cf9@group-9FB0EE27115B-LeaderElection12] INFO  segmented.SegmentedRaftLogWorker (SegmentedRaftLogWorker.java:startLogSegment(452)) - e304c585-3570-440e-99de-d9fa99700cf9@group-9FB0EE27115B-SegmentedRaftLogWorker: Starting segment from index:0
2023-03-29 21:17:11,492 [e304c585-3570-440e-99de-d9fa99700cf9@group-9FB0EE27115B-SegmentedRaftLogWorker] INFO  segmented.SegmentedRaftLogWorker (SegmentedRaftLogWorker.java:execute(656)) - e304c585-3570-440e-99de-d9fa99700cf9@group-9FB0EE27115B-SegmentedRaftLogWorker: created new log segment /home/runner/work/ozone/ozone/hadoop-ozone/integration-test/target/test-dir/MiniOzoneClusterImpl-0d447e97-01e2-4ef6-85fe-af16170d97c2/datanode-1/data/ratis/88b7c5b2-f75f-4133-a5a7-9fb0ee27115b/current/log_inprogress_0
2023-03-29 21:17:11,500 [e304c585-3570-440e-99de-d9fa99700cf9@group-9FB0EE27115B-LeaderElection12] INFO  server.RaftServer$Division (ServerState.java:setRaftConf(430)) - e304c585-3570-440e-99de-d9fa99700cf9@group-9FB0EE27115B: set configuration 0: peers:[e7b6a9e0-ae39-4816-bb7d-645997ba7398|rpc:10.1.0.17:43339|dataStream:10.1.0.17:42737|priority:0|startupRole:FOLLOWER, e304c585-3570-440e-99de-d9fa99700cf9|rpc:10.1.0.17:36943|dataStream:10.1.0.17:42751|priority:1|startupRole:FOLLOWER, 5ce02ec3-1add-4276-9232-59c2d20bf885|rpc:10.1.0.17:35345|dataStream:10.1.0.17:35525|priority:0|startupRole:FOLLOWER]|listeners:[], old=null
2023-03-29 21:17:11,513 [e7b6a9e0-ae39-4816-bb7d-645997ba7398-server-thread2] INFO  ratis.XceiverServerRatis (XceiverServerRatis.java:handleLeaderChangedNotification(904)) - Leader change notification received for group: group-9FB0EE27115B with new leaderId: e304c585-3570-440e-99de-d9fa99700cf9
2023-03-29 21:17:11,513 [e7b6a9e0-ae39-4816-bb7d-645997ba7398-server-thread2] INFO  server.RaftServer$Division (ServerState.java:setLeader(313)) - e7b6a9e0-ae39-4816-bb7d-645997ba7398@group-9FB0EE27115B: change Leader from null to e304c585-3570-440e-99de-d9fa99700cf9 at term 1 for appendEntries, leader elected after 5076ms
2023-03-29 21:17:11,517 [5ce02ec3-1add-4276-9232-59c2d20bf885-server-thread1] INFO  ratis.XceiverServerRatis (XceiverServerRatis.java:handleLeaderChangedNotification(904)) - Leader change notification received for group: group-9FB0EE27115B with new leaderId: e304c585-3570-440e-99de-d9fa99700cf9
2023-03-29 21:17:11,517 [5ce02ec3-1add-4276-9232-59c2d20bf885-server-thread1] INFO  server.RaftServer$Division (ServerState.java:setLeader(313)) - 5ce02ec3-1add-4276-9232-59c2d20bf885@group-9FB0EE27115B: change Leader from null to e304c585-3570-440e-99de-d9fa99700cf9 at term 1 for appendEntries, leader elected after 5154ms
2023-03-29 21:17:11,529 [e7b6a9e0-ae39-4816-bb7d-645997ba7398-server-thread2] INFO  server.RaftServer$Division (ServerState.java:setRaftConf(430)) - e7b6a9e0-ae39-4816-bb7d-645997ba7398@group-9FB0EE27115B: set configuration 0: peers:[e7b6a9e0-ae39-4816-bb7d-645997ba7398|rpc:10.1.0.17:43339|dataStream:10.1.0.17:42737|priority:0|startupRole:FOLLOWER, e304c585-3570-440e-99de-d9fa99700cf9|rpc:10.1.0.17:36943|dataStream:10.1.0.17:42751|priority:1|startupRole:FOLLOWER, 5ce02ec3-1add-4276-9232-59c2d20bf885|rpc:10.1.0.17:35345|dataStream:10.1.0.17:35525|priority:0|startupRole:FOLLOWER]|listeners:[], old=null
2023-03-29 21:17:11,529 [e7b6a9e0-ae39-4816-bb7d-645997ba7398-server-thread2] INFO  segmented.SegmentedRaftLogWorker (SegmentedRaftLogWorker.java:startLogSegment(452)) - e7b6a9e0-ae39-4816-bb7d-645997ba7398@group-9FB0EE27115B-SegmentedRaftLogWorker: Starting segment from index:0
2023-03-29 21:17:11,530 [5ce02ec3-1add-4276-9232-59c2d20bf885-server-thread2] INFO  server.RaftServer$Division (ServerState.java:setRaftConf(430)) - 5ce02ec3-1add-4276-9232-59c2d20bf885@group-9FB0EE27115B: set configuration 0: peers:[e7b6a9e0-ae39-4816-bb7d-645997ba7398|rpc:10.1.0.17:43339|dataStream:10.1.0.17:42737|priority:0|startupRole:FOLLOWER, e304c585-3570-440e-99de-d9fa99700cf9|rpc:10.1.0.17:36943|dataStream:10.1.0.17:42751|priority:1|startupRole:FOLLOWER, 5ce02ec3-1add-4276-9232-59c2d20bf885|rpc:10.1.0.17:35345|dataStream:10.1.0.17:35525|priority:0|startupRole:FOLLOWER]|listeners:[], old=null
2023-03-29 21:17:11,530 [e7b6a9e0-ae39-4816-bb7d-645997ba7398@group-9FB0EE27115B-SegmentedRaftLogWorker] INFO  segmented.SegmentedRaftLogWorker (SegmentedRaftLogWorker.java:execute(656)) - e7b6a9e0-ae39-4816-bb7d-645997ba7398@group-9FB0EE27115B-SegmentedRaftLogWorker: created new log segment /home/runner/work/ozone/ozone/hadoop-ozone/integration-test/target/test-dir/MiniOzoneClusterImpl-0d447e97-01e2-4ef6-85fe-af16170d97c2/datanode-2/data/ratis/88b7c5b2-f75f-4133-a5a7-9fb0ee27115b/current/log_inprogress_0
2023-03-29 21:17:11,531 [5ce02ec3-1add-4276-9232-59c2d20bf885-server-thread2] INFO  segmented.SegmentedRaftLogWorker (SegmentedRaftLogWorker.java:startLogSegment(452)) - 5ce02ec3-1add-4276-9232-59c2d20bf885@group-9FB0EE27115B-SegmentedRaftLogWorker: Starting segment from index:0
2023-03-29 21:17:11,532 [5ce02ec3-1add-4276-9232-59c2d20bf885@group-9FB0EE27115B-SegmentedRaftLogWorker] INFO  segmented.SegmentedRaftLogWorker (SegmentedRaftLogWorker.java:execute(656)) - 5ce02ec3-1add-4276-9232-59c2d20bf885@group-9FB0EE27115B-SegmentedRaftLogWorker: created new log segment /home/runner/work/ozone/ozone/hadoop-ozone/integration-test/target/test-dir/MiniOzoneClusterImpl-0d447e97-01e2-4ef6-85fe-af16170d97c2/datanode-0/data/ratis/88b7c5b2-f75f-4133-a5a7-9fb0ee27115b/current/log_inprogress_0
2023-03-29 21:17:11,597 [5ce02ec3-1add-4276-9232-59c2d20bf885@group-40CFFDD3BB84-FollowerState] INFO  impl.FollowerState (FollowerState.java:run(143)) - 5ce02ec3-1add-4276-9232-59c2d20bf885@group-40CFFDD3BB84-FollowerState: change to CANDIDATE, lastRpcElapsedTime:5112492187ns, electionTimeout:5110ms
2023-03-29 21:17:11,597 [5ce02ec3-1add-4276-9232-59c2d20bf885@group-40CFFDD3BB84-FollowerState] INFO  impl.RoleInfo (RoleInfo.java:shutdownFollowerState(110)) - 5ce02ec3-1add-4276-9232-59c2d20bf885: shutdown 5ce02ec3-1add-4276-9232-59c2d20bf885@group-40CFFDD3BB84-FollowerState
2023-03-29 21:17:11,597 [5ce02ec3-1add-4276-9232-59c2d20bf885@group-40CFFDD3BB84-FollowerState] INFO  server.RaftServer$Division (RaftServerImpl.java:setRole(321)) - 5ce02ec3-1add-4276-9232-59c2d20bf885@group-40CFFDD3BB84: changes role from  FOLLOWER to CANDIDATE at term 0 for changeToCandidate
2023-03-29 21:17:11,598 [5ce02ec3-1add-4276-9232-59c2d20bf885@group-40CFFDD3BB84-FollowerState] INFO  server.RaftServerConfigKeys (ConfUtils.java:logGet(46)) - raft.server.leaderelection.pre-vote = true (default)
2023-03-29 21:17:11,599 [5ce02ec3-1add-4276-9232-59c2d20bf885@group-40CFFDD3BB84-FollowerState] INFO  impl.RoleInfo (RoleInfo.java:updateAndGet(139)) - 5ce02ec3-1add-4276-9232-59c2d20bf885: start 5ce02ec3-1add-4276-9232-59c2d20bf885@group-40CFFDD3BB84-LeaderElection14
2023-03-29 21:17:11,600 [5ce02ec3-1add-4276-9232-59c2d20bf885@group-40CFFDD3BB84-LeaderElection14] INFO  impl.LeaderElection (LeaderElection.java:askForVotes(312)) - 5ce02ec3-1add-4276-9232-59c2d20bf885@group-40CFFDD3BB84-LeaderElection14 PRE_VOTE round 0: submit vote requests at term 0 for -1: peers:[e7b6a9e0-ae39-4816-bb7d-645997ba7398|rpc:10.1.0.17:43339|dataStream:10.1.0.17:42737|priority:0|startupRole:FOLLOWER, 5ce02ec3-1add-4276-9232-59c2d20bf885|rpc:10.1.0.17:35345|dataStream:10.1.0.17:35525|priority:1|startupRole:FOLLOWER, e304c585-3570-440e-99de-d9fa99700cf9|rpc:10.1.0.17:36943|dataStream:10.1.0.17:42751|priority:0|startupRole:FOLLOWER]|listeners:[], old=null
2023-03-29 21:17:11,600 [5ce02ec3-1add-4276-9232-59c2d20bf885@group-40CFFDD3BB84-LeaderElection14] INFO  server.RaftServerConfigKeys (ConfUtils.java:logFallback(53)) - raft.server.rpc.first-election.timeout.min = 5s (fallback to raft.server.rpc.timeout.min)
2023-03-29 21:17:11,600 [5ce02ec3-1add-4276-9232-59c2d20bf885@group-40CFFDD3BB84-LeaderElection14] INFO  server.RaftServerConfigKeys (ConfUtils.java:logFallback(53)) - raft.server.rpc.first-election.timeout.max = 5200ms (fallback to raft.server.rpc.timeout.max)
2023-03-29 21:17:11,602 [grpc-default-executor-4] INFO  server.RaftServer$Division (RaftServerImpl.java:requestVote(1218)) - e7b6a9e0-ae39-4816-bb7d-645997ba7398@group-40CFFDD3BB84: receive requestVote(PRE_VOTE, 5ce02ec3-1add-4276-9232-59c2d20bf885, group-40CFFDD3BB84, 0, (t:0, i:0))
2023-03-29 21:17:11,603 [grpc-default-executor-4] INFO  impl.VoteContext (VoteContext.java:log(49)) - e7b6a9e0-ae39-4816-bb7d-645997ba7398@group-40CFFDD3BB84-FOLLOWER: accept PRE_VOTE from 5ce02ec3-1add-4276-9232-59c2d20bf885: our priority 0 <= candidate's priority 1
2023-03-29 21:17:11,603 [grpc-default-executor-4] INFO  server.RaftServer$Division (RaftServerImpl.java:requestVote(1251)) - e7b6a9e0-ae39-4816-bb7d-645997ba7398@group-40CFFDD3BB84 replies to PRE_VOTE vote request: 5ce02ec3-1add-4276-9232-59c2d20bf885<-e7b6a9e0-ae39-4816-bb7d-645997ba7398#0:OK-t0. Peer's state: e7b6a9e0-ae39-4816-bb7d-645997ba7398@group-40CFFDD3BB84:t0, leader=null, voted=, raftlog=Memoized:e7b6a9e0-ae39-4816-bb7d-645997ba7398@group-40CFFDD3BB84-SegmentedRaftLog:OPENED:c-1, conf=-1: peers:[e7b6a9e0-ae39-4816-bb7d-645997ba7398|rpc:10.1.0.17:43339|dataStream:10.1.0.17:42737|priority:0|startupRole:FOLLOWER, 5ce02ec3-1add-4276-9232-59c2d20bf885|rpc:10.1.0.17:35345|dataStream:10.1.0.17:35525|priority:1|startupRole:FOLLOWER, e304c585-3570-440e-99de-d9fa99700cf9|rpc:10.1.0.17:36943|dataStream:10.1.0.17:42751|priority:0|startupRole:FOLLOWER]|listeners:[], old=null
2023-03-29 21:17:11,605 [grpc-default-executor-3] INFO  server.RaftServer$Division (RaftServerImpl.java:requestVote(1218)) - e304c585-3570-440e-99de-d9fa99700cf9@group-40CFFDD3BB84: receive requestVote(PRE_VOTE, 5ce02ec3-1add-4276-9232-59c2d20bf885, group-40CFFDD3BB84, 0, (t:0, i:0))
2023-03-29 21:17:11,605 [grpc-default-executor-3] INFO  impl.VoteContext (VoteContext.java:log(49)) - e304c585-3570-440e-99de-d9fa99700cf9@group-40CFFDD3BB84-FOLLOWER: accept PRE_VOTE from 5ce02ec3-1add-4276-9232-59c2d20bf885: our priority 0 <= candidate's priority 1
2023-03-29 21:17:11,605 [grpc-default-executor-3] INFO  server.RaftServer$Division (RaftServerImpl.java:requestVote(1251)) - e304c585-3570-440e-99de-d9fa99700cf9@group-40CFFDD3BB84 replies to PRE_VOTE vote request: 5ce02ec3-1add-4276-9232-59c2d20bf885<-e304c585-3570-440e-99de-d9fa99700cf9#0:OK-t0. Peer's state: e304c585-3570-440e-99de-d9fa99700cf9@group-40CFFDD3BB84:t0, leader=null, voted=, raftlog=Memoized:e304c585-3570-440e-99de-d9fa99700cf9@group-40CFFDD3BB84-SegmentedRaftLog:OPENED:c-1, conf=-1: peers:[e7b6a9e0-ae39-4816-bb7d-645997ba7398|rpc:10.1.0.17:43339|dataStream:10.1.0.17:42737|priority:0|startupRole:FOLLOWER, 5ce02ec3-1add-4276-9232-59c2d20bf885|rpc:10.1.0.17:35345|dataStream:10.1.0.17:35525|priority:1|startupRole:FOLLOWER, e304c585-3570-440e-99de-d9fa99700cf9|rpc:10.1.0.17:36943|dataStream:10.1.0.17:42751|priority:0|startupRole:FOLLOWER]|listeners:[], old=null
2023-03-29 21:17:11,606 [5ce02ec3-1add-4276-9232-59c2d20bf885@group-40CFFDD3BB84-LeaderElection14] INFO  impl.LeaderElection (LeaderElection.java:logAndReturn(90)) - 5ce02ec3-1add-4276-9232-59c2d20bf885@group-40CFFDD3BB84-LeaderElection14: PRE_VOTE PASSED received 1 response(s) and 0 exception(s):
2023-03-29 21:17:11,606 [5ce02ec3-1add-4276-9232-59c2d20bf885@group-40CFFDD3BB84-LeaderElection14] INFO  impl.LeaderElection (LeaderElection.java:logAndReturn(94)) -   Response 0: 5ce02ec3-1add-4276-9232-59c2d20bf885<-e7b6a9e0-ae39-4816-bb7d-645997ba7398#0:OK-t0
2023-03-29 21:17:11,606 [5ce02ec3-1add-4276-9232-59c2d20bf885@group-40CFFDD3BB84-LeaderElection14] INFO  impl.LeaderElection (LeaderElection.java:askForVotes(314)) - 5ce02ec3-1add-4276-9232-59c2d20bf885@group-40CFFDD3BB84-LeaderElection14 PRE_VOTE round 0: result PASSED
2023-03-29 21:17:11,607 [5ce02ec3-1add-4276-9232-59c2d20bf885@group-40CFFDD3BB84-LeaderElection14] INFO  impl.LeaderElection (LeaderElection.java:askForVotes(312)) - 5ce02ec3-1add-4276-9232-59c2d20bf885@group-40CFFDD3BB84-LeaderElection14 ELECTION round 0: submit vote requests at term 1 for -1: peers:[e7b6a9e0-ae39-4816-bb7d-645997ba7398|rpc:10.1.0.17:43339|dataStream:10.1.0.17:42737|priority:0|startupRole:FOLLOWER, 5ce02ec3-1add-4276-9232-59c2d20bf885|rpc:10.1.0.17:35345|dataStream:10.1.0.17:35525|priority:1|startupRole:FOLLOWER, e304c585-3570-440e-99de-d9fa99700cf9|rpc:10.1.0.17:36943|dataStream:10.1.0.17:42751|priority:0|startupRole:FOLLOWER]|listeners:[], old=null
2023-03-29 21:17:11,609 [5ce02ec3-1add-4276-9232-59c2d20bf885@group-40CFFDD3BB84-LeaderElection14] INFO  server.RaftServerConfigKeys (ConfUtils.java:logFallback(53)) - raft.server.rpc.first-election.timeout.min = 5s (fallback to raft.server.rpc.timeout.min)
2023-03-29 21:17:11,609 [5ce02ec3-1add-4276-9232-59c2d20bf885@group-40CFFDD3BB84-LeaderElection14] INFO  server.RaftServerConfigKeys (ConfUtils.java:logFallback(53)) - raft.server.rpc.first-election.timeout.max = 5200ms (fallback to raft.server.rpc.timeout.max)
2023-03-29 21:17:11,612 [grpc-default-executor-3] INFO  server.RaftServer$Division (RaftServerImpl.java:requestVote(1218)) - e7b6a9e0-ae39-4816-bb7d-645997ba7398@group-40CFFDD3BB84: receive requestVote(ELECTION, 5ce02ec3-1add-4276-9232-59c2d20bf885, group-40CFFDD3BB84, 1, (t:0, i:0))
2023-03-29 21:17:11,612 [grpc-default-executor-3] INFO  impl.VoteContext (VoteContext.java:log(49)) - e7b6a9e0-ae39-4816-bb7d-645997ba7398@group-40CFFDD3BB84-FOLLOWER: accept ELECTION from 5ce02ec3-1add-4276-9232-59c2d20bf885: our priority 0 <= candidate's priority 1
2023-03-29 21:17:11,612 [grpc-default-executor-4] INFO  server.RaftServer$Division (RaftServerImpl.java:requestVote(1218)) - e304c585-3570-440e-99de-d9fa99700cf9@group-40CFFDD3BB84: receive requestVote(ELECTION, 5ce02ec3-1add-4276-9232-59c2d20bf885, group-40CFFDD3BB84, 1, (t:0, i:0))
2023-03-29 21:17:11,612 [grpc-default-executor-3] INFO  server.RaftServer$Division (RaftServerImpl.java:setRole(321)) - e7b6a9e0-ae39-4816-bb7d-645997ba7398@group-40CFFDD3BB84: changes role from  FOLLOWER to FOLLOWER at term 1 for candidate:5ce02ec3-1add-4276-9232-59c2d20bf885
2023-03-29 21:17:11,613 [grpc-default-executor-3] INFO  impl.RoleInfo (RoleInfo.java:shutdownFollowerState(110)) - e7b6a9e0-ae39-4816-bb7d-645997ba7398: shutdown e7b6a9e0-ae39-4816-bb7d-645997ba7398@group-40CFFDD3BB84-FollowerState
2023-03-29 21:17:11,613 [e7b6a9e0-ae39-4816-bb7d-645997ba7398@group-40CFFDD3BB84-FollowerState] INFO  impl.FollowerState (FollowerState.java:run(152)) - e7b6a9e0-ae39-4816-bb7d-645997ba7398@group-40CFFDD3BB84-FollowerState was interrupted
2023-03-29 21:17:11,614 [grpc-default-executor-4] INFO  impl.VoteContext (VoteContext.java:log(49)) - e304c585-3570-440e-99de-d9fa99700cf9@group-40CFFDD3BB84-FOLLOWER: accept ELECTION from 5ce02ec3-1add-4276-9232-59c2d20bf885: our priority 0 <= candidate's priority 1
2023-03-29 21:17:11,614 [grpc-default-executor-4] INFO  server.RaftServer$Division (RaftServerImpl.java:setRole(321)) - e304c585-3570-440e-99de-d9fa99700cf9@group-40CFFDD3BB84: changes role from  FOLLOWER to FOLLOWER at term 1 for candidate:5ce02ec3-1add-4276-9232-59c2d20bf885
2023-03-29 21:17:11,614 [grpc-default-executor-3] INFO  impl.RoleInfo (RoleInfo.java:updateAndGet(139)) - e7b6a9e0-ae39-4816-bb7d-645997ba7398: start e7b6a9e0-ae39-4816-bb7d-645997ba7398@group-40CFFDD3BB84-FollowerState
2023-03-29 21:17:11,615 [grpc-default-executor-4] INFO  impl.RoleInfo (RoleInfo.java:shutdownFollowerState(110)) - e304c585-3570-440e-99de-d9fa99700cf9: shutdown e304c585-3570-440e-99de-d9fa99700cf9@group-40CFFDD3BB84-FollowerState
2023-03-29 21:17:11,615 [e304c585-3570-440e-99de-d9fa99700cf9@group-40CFFDD3BB84-FollowerState] INFO  impl.FollowerState (FollowerState.java:run(152)) - e304c585-3570-440e-99de-d9fa99700cf9@group-40CFFDD3BB84-FollowerState was interrupted
2023-03-29 21:17:11,618 [grpc-default-executor-4] INFO  impl.RoleInfo (RoleInfo.java:updateAndGet(139)) - e304c585-3570-440e-99de-d9fa99700cf9: start e304c585-3570-440e-99de-d9fa99700cf9@group-40CFFDD3BB84-FollowerState
2023-03-29 21:17:11,618 [e7b6a9e0-ae39-4816-bb7d-645997ba7398@group-40CFFDD3BB84-FollowerState] INFO  server.RaftServerConfigKeys (ConfUtils.java:logFallback(53)) - raft.server.rpc.first-election.timeout.min = 5s (fallback to raft.server.rpc.timeout.min)
2023-03-29 21:17:11,618 [e7b6a9e0-ae39-4816-bb7d-645997ba7398@group-40CFFDD3BB84-FollowerState] INFO  server.RaftServerConfigKeys (ConfUtils.java:logFallback(53)) - raft.server.rpc.first-election.timeout.max = 5200ms (fallback to raft.server.rpc.timeout.max)
2023-03-29 21:17:11,618 [grpc-default-executor-3] INFO  server.RaftServer$Division (RaftServerImpl.java:requestVote(1251)) - e7b6a9e0-ae39-4816-bb7d-645997ba7398@group-40CFFDD3BB84 replies to ELECTION vote request: 5ce02ec3-1add-4276-9232-59c2d20bf885<-e7b6a9e0-ae39-4816-bb7d-645997ba7398#0:OK-t1. Peer's state: e7b6a9e0-ae39-4816-bb7d-645997ba7398@group-40CFFDD3BB84:t1, leader=null, voted=5ce02ec3-1add-4276-9232-59c2d20bf885, raftlog=Memoized:e7b6a9e0-ae39-4816-bb7d-645997ba7398@group-40CFFDD3BB84-SegmentedRaftLog:OPENED:c-1, conf=-1: peers:[e7b6a9e0-ae39-4816-bb7d-645997ba7398|rpc:10.1.0.17:43339|dataStream:10.1.0.17:42737|priority:0|startupRole:FOLLOWER, 5ce02ec3-1add-4276-9232-59c2d20bf885|rpc:10.1.0.17:35345|dataStream:10.1.0.17:35525|priority:1|startupRole:FOLLOWER, e304c585-3570-440e-99de-d9fa99700cf9|rpc:10.1.0.17:36943|dataStream:10.1.0.17:42751|priority:0|startupRole:FOLLOWER]|listeners:[], old=null
2023-03-29 21:17:11,619 [grpc-default-executor-4] INFO  server.RaftServer$Division (RaftServerImpl.java:requestVote(1251)) - e304c585-3570-440e-99de-d9fa99700cf9@group-40CFFDD3BB84 replies to ELECTION vote request: 5ce02ec3-1add-4276-9232-59c2d20bf885<-e304c585-3570-440e-99de-d9fa99700cf9#0:OK-t1. Peer's state: e304c585-3570-440e-99de-d9fa99700cf9@group-40CFFDD3BB84:t1, leader=null, voted=5ce02ec3-1add-4276-9232-59c2d20bf885, raftlog=Memoized:e304c585-3570-440e-99de-d9fa99700cf9@group-40CFFDD3BB84-SegmentedRaftLog:OPENED:c-1, conf=-1: peers:[e7b6a9e0-ae39-4816-bb7d-645997ba7398|rpc:10.1.0.17:43339|dataStream:10.1.0.17:42737|priority:0|startupRole:FOLLOWER, 5ce02ec3-1add-4276-9232-59c2d20bf885|rpc:10.1.0.17:35345|dataStream:10.1.0.17:35525|priority:1|startupRole:FOLLOWER, e304c585-3570-440e-99de-d9fa99700cf9|rpc:10.1.0.17:36943|dataStream:10.1.0.17:42751|priority:0|startupRole:FOLLOWER]|listeners:[], old=null
2023-03-29 21:17:11,620 [5ce02ec3-1add-4276-9232-59c2d20bf885@group-40CFFDD3BB84-LeaderElection14] INFO  impl.LeaderElection (LeaderElection.java:logAndReturn(90)) - 5ce02ec3-1add-4276-9232-59c2d20bf885@group-40CFFDD3BB84-LeaderElection14: ELECTION PASSED received 1 response(s) and 0 exception(s):
2023-03-29 21:17:11,620 [5ce02ec3-1add-4276-9232-59c2d20bf885@group-40CFFDD3BB84-LeaderElection14] INFO  impl.LeaderElection (LeaderElection.java:logAndReturn(94)) -   Response 0: 5ce02ec3-1add-4276-9232-59c2d20bf885<-e304c585-3570-440e-99de-d9fa99700cf9#0:OK-t1
2023-03-29 21:17:11,620 [5ce02ec3-1add-4276-9232-59c2d20bf885@group-40CFFDD3BB84-LeaderElection14] INFO  impl.LeaderElection (LeaderElection.java:askForVotes(314)) - 5ce02ec3-1add-4276-9232-59c2d20bf885@group-40CFFDD3BB84-LeaderElection14 ELECTION round 0: result PASSED
2023-03-29 21:17:11,620 [5ce02ec3-1add-4276-9232-59c2d20bf885@group-40CFFDD3BB84-LeaderElection14] INFO  impl.RoleInfo (RoleInfo.java:shutdownLeaderElection(130)) - 5ce02ec3-1add-4276-9232-59c2d20bf885: shutdown 5ce02ec3-1add-4276-9232-59c2d20bf885@group-40CFFDD3BB84-LeaderElection14
2023-03-29 21:17:11,620 [5ce02ec3-1add-4276-9232-59c2d20bf885@group-40CFFDD3BB84-LeaderElection14] INFO  server.RaftServer$Division (RaftServerImpl.java:setRole(321)) - 5ce02ec3-1add-4276-9232-59c2d20bf885@group-40CFFDD3BB84: changes role from CANDIDATE to LEADER at term 1 for changeToLeader
2023-03-29 21:17:11,620 [5ce02ec3-1add-4276-9232-59c2d20bf885@group-40CFFDD3BB84-LeaderElection14] INFO  ratis.XceiverServerRatis (XceiverServerRatis.java:handleLeaderChangedNotification(904)) - Leader change notification received for group: group-40CFFDD3BB84 with new leaderId: 5ce02ec3-1add-4276-9232-59c2d20bf885
2023-03-29 21:17:11,620 [5ce02ec3-1add-4276-9232-59c2d20bf885@group-40CFFDD3BB84-LeaderElection14] INFO  server.RaftServer$Division (ServerState.java:setLeader(313)) - 5ce02ec3-1add-4276-9232-59c2d20bf885@group-40CFFDD3BB84: change Leader from null to 5ce02ec3-1add-4276-9232-59c2d20bf885 at term 1 for becomeLeader, leader elected after 5149ms
2023-03-29 21:17:11,620 [5ce02ec3-1add-4276-9232-59c2d20bf885@group-40CFFDD3BB84-LeaderElection14] INFO  server.RaftServerConfigKeys (ConfUtils.java:logGet(46)) - raft.server.staging.catchup.gap = 1000 (default)
2023-03-29 21:17:11,620 [5ce02ec3-1add-4276-9232-59c2d20bf885@group-40CFFDD3BB84-LeaderElection14] INFO  server.RaftServerConfigKeys (ConfUtils.java:logGet(46)) - raft.server.write.element-limit = 1024 (custom)
2023-03-29 21:17:11,620 [5ce02ec3-1add-4276-9232-59c2d20bf885@group-40CFFDD3BB84-LeaderElection14] INFO  server.RaftServerConfigKeys (ConfUtils.java:logGet(46)) - raft.server.write.byte-limit = 1024 M (=1073741824) (custom)
2023-03-29 21:17:11,621 [5ce02ec3-1add-4276-9232-59c2d20bf885@group-40CFFDD3BB84-LeaderElection14] INFO  server.RaftServerConfigKeys (ConfUtils.java:logGet(46)) - raft.server.watch.timeout = 180s (custom)
2023-03-29 21:17:11,621 [5ce02ec3-1add-4276-9232-59c2d20bf885@group-40CFFDD3BB84-LeaderElection14] INFO  server.RaftServerConfigKeys (ConfUtils.java:logGet(46)) - raft.server.watch.timeout.denomination = 1s (default)
2023-03-29 21:17:11,621 [5ce02ec3-1add-4276-9232-59c2d20bf885@group-40CFFDD3BB84-LeaderElection14] INFO  server.RaftServerConfigKeys (ConfUtils.java:logGet(46)) - raft.server.watch.element-limit = 65536 (default)
2023-03-29 21:17:11,621 [e304c585-3570-440e-99de-d9fa99700cf9@group-40CFFDD3BB84-FollowerState] INFO  server.RaftServerConfigKeys (ConfUtils.java:logFallback(53)) - raft.server.rpc.first-election.timeout.min = 5s (fallback to raft.server.rpc.timeout.min)
2023-03-29 21:17:11,621 [5ce02ec3-1add-4276-9232-59c2d20bf885@group-40CFFDD3BB84-LeaderElection14] INFO  server.RaftServerConfigKeys (ConfUtils.java:logGet(46)) - raft.server.write.element-limit = 1024 (custom)
2023-03-29 21:17:11,621 [e304c585-3570-440e-99de-d9fa99700cf9@group-40CFFDD3BB84-FollowerState] INFO  server.RaftServerConfigKeys (ConfUtils.java:logFallback(53)) - raft.server.rpc.first-election.timeout.max = 5200ms (fallback to raft.server.rpc.timeout.max)
2023-03-29 21:17:11,621 [5ce02ec3-1add-4276-9232-59c2d20bf885@group-40CFFDD3BB84-LeaderElection14] INFO  server.RaftServerConfigKeys (ConfUtils.java:logGet(46)) - raft.server.write.follower.gap.ratio.max = -1.0 (default)
2023-03-29 21:17:11,621 [5ce02ec3-1add-4276-9232-59c2d20bf885@group-40CFFDD3BB84-LeaderElection14] INFO  server.RaftServerConfigKeys (ConfUtils.java:logGet(46)) - raft.server.log.appender.snapshot.chunk.size.max = 16MB (=16777216) (default)
2023-03-29 21:17:11,621 [5ce02ec3-1add-4276-9232-59c2d20bf885@group-40CFFDD3BB84-LeaderElection14] INFO  server.RaftServerConfigKeys (ConfUtils.java:logGet(46)) - raft.server.log.appender.buffer.byte-limit = 33554432 (custom)
2023-03-29 21:17:11,621 [5ce02ec3-1add-4276-9232-59c2d20bf885@group-40CFFDD3BB84-LeaderElection14] INFO  server.RaftServerConfigKeys (ConfUtils.java:logGet(46)) - raft.server.log.appender.buffer.element-limit = 1 (custom)
2023-03-29 21:17:11,621 [5ce02ec3-1add-4276-9232-59c2d20bf885@group-40CFFDD3BB84-LeaderElection14] INFO  grpc.GrpcConfigKeys (ConfUtils.java:logGet(46)) - raft.grpc.server.leader.outstanding.appends.max = 128 (default)
2023-03-29 21:17:11,622 [5ce02ec3-1add-4276-9232-59c2d20bf885@group-40CFFDD3BB84-LeaderElection14] INFO  server.RaftServerConfigKeys (ConfUtils.java:logGet(46)) - raft.server.rpc.request.timeout = 60s (custom)
2023-03-29 21:17:11,622 [5ce02ec3-1add-4276-9232-59c2d20bf885@group-40CFFDD3BB84-LeaderElection14] INFO  server.RaftServerConfigKeys (ConfUtils.java:logGet(46)) - raft.server.log.appender.install.snapshot.enabled = false (custom)
2023-03-29 21:17:11,622 [5ce02ec3-1add-4276-9232-59c2d20bf885@group-40CFFDD3BB84-LeaderElection14] INFO  grpc.GrpcConfigKeys (ConfUtils.java:logGet(46)) - raft.grpc.server.heartbeat.channel = true (default)
2023-03-29 21:17:11,622 [5ce02ec3-1add-4276-9232-59c2d20bf885@group-40CFFDD3BB84-LeaderElection14] INFO  server.RaftServerConfigKeys (ConfUtils.java:logGet(46)) - raft.server.log.appender.wait-time.min = 10ms (default)
2023-03-29 21:17:11,622 [5ce02ec3-1add-4276-9232-59c2d20bf885@group-40CFFDD3BB84-LeaderElection14] INFO  server.RaftServerConfigKeys (ConfUtils.java:logGet(46)) - raft.server.log.appender.snapshot.chunk.size.max = 16MB (=16777216) (default)
2023-03-29 21:17:11,622 [5ce02ec3-1add-4276-9232-59c2d20bf885@group-40CFFDD3BB84-LeaderElection14] INFO  server.RaftServerConfigKeys (ConfUtils.java:logGet(46)) - raft.server.log.appender.buffer.byte-limit = 33554432 (custom)
2023-03-29 21:17:11,622 [5ce02ec3-1add-4276-9232-59c2d20bf885@group-40CFFDD3BB84-LeaderElection14] INFO  server.RaftServerConfigKeys (ConfUtils.java:logGet(46)) - raft.server.log.appender.buffer.element-limit = 1 (custom)
2023-03-29 21:17:11,622 [5ce02ec3-1add-4276-9232-59c2d20bf885@group-40CFFDD3BB84-LeaderElection14] INFO  grpc.GrpcConfigKeys (ConfUtils.java:logGet(46)) - raft.grpc.server.leader.outstanding.appends.max = 128 (default)
2023-03-29 21:17:11,622 [5ce02ec3-1add-4276-9232-59c2d20bf885@group-40CFFDD3BB84-LeaderElection14] INFO  server.RaftServerConfigKeys (ConfUtils.java:logGet(46)) - raft.server.rpc.request.timeout = 60s (custom)
2023-03-29 21:17:11,622 [5ce02ec3-1add-4276-9232-59c2d20bf885@group-40CFFDD3BB84-LeaderElection14] INFO  server.RaftServerConfigKeys (ConfUtils.java:logGet(46)) - raft.server.log.appender.install.snapshot.enabled = false (custom)
2023-03-29 21:17:11,622 [5ce02ec3-1add-4276-9232-59c2d20bf885@group-40CFFDD3BB84-LeaderElection14] INFO  grpc.GrpcConfigKeys (ConfUtils.java:logGet(46)) - raft.grpc.server.heartbeat.channel = true (default)
2023-03-29 21:17:11,623 [5ce02ec3-1add-4276-9232-59c2d20bf885@group-40CFFDD3BB84-LeaderElection14] INFO  server.RaftServerConfigKeys (ConfUtils.java:logGet(46)) - raft.server.log.appender.wait-time.min = 10ms (default)
2023-03-29 21:17:11,623 [5ce02ec3-1add-4276-9232-59c2d20bf885@group-40CFFDD3BB84-LeaderElection14] INFO  impl.RoleInfo (RoleInfo.java:updateAndGet(139)) - 5ce02ec3-1add-4276-9232-59c2d20bf885: start 5ce02ec3-1add-4276-9232-59c2d20bf885@group-40CFFDD3BB84-LeaderStateImpl
2023-03-29 21:17:11,623 [5ce02ec3-1add-4276-9232-59c2d20bf885@group-40CFFDD3BB84-LeaderElection14] INFO  segmented.SegmentedRaftLogWorker (SegmentedRaftLogWorker.java:startLogSegment(452)) - 5ce02ec3-1add-4276-9232-59c2d20bf885@group-40CFFDD3BB84-SegmentedRaftLogWorker: Starting segment from index:0
2023-03-29 21:17:11,625 [EventQueue-PipelineReportForPipelineReportHandler] INFO  pipeline.PipelineManagerImpl (PipelineManagerImpl.java:openPipeline(367)) - Pipeline Pipeline[ Id: 4223c33b-2598-4803-9bc1-40cffdd3bb84, Nodes: e7b6a9e0-ae39-4816-bb7d-645997ba7398(fv-az308-773/10.1.0.17)5ce02ec3-1add-4276-9232-59c2d20bf885(fv-az308-773/10.1.0.17)e304c585-3570-440e-99de-d9fa99700cf9(fv-az308-773/10.1.0.17), ReplicationConfig: RATIS/THREE, State:ALLOCATED, leaderId:5ce02ec3-1add-4276-9232-59c2d20bf885, CreationTimestamp2023-03-29T21:17:04.290Z[Etc/UTC]] moved to OPEN state
2023-03-29 21:17:11,625 [5ce02ec3-1add-4276-9232-59c2d20bf885@group-40CFFDD3BB84-SegmentedRaftLogWorker] INFO  segmented.SegmentedRaftLogWorker (SegmentedRaftLogWorker.java:execute(656)) - 5ce02ec3-1add-4276-9232-59c2d20bf885@group-40CFFDD3BB84-SegmentedRaftLogWorker: created new log segment /home/runner/work/ozone/ozone/hadoop-ozone/integration-test/target/test-dir/MiniOzoneClusterImpl-0d447e97-01e2-4ef6-85fe-af16170d97c2/datanode-0/data/ratis/4223c33b-2598-4803-9bc1-40cffdd3bb84/current/log_inprogress_0
2023-03-29 21:17:11,630 [5ce02ec3-1add-4276-9232-59c2d20bf885@group-40CFFDD3BB84-LeaderElection14] INFO  server.RaftServer$Division (ServerState.java:setRaftConf(430)) - 5ce02ec3-1add-4276-9232-59c2d20bf885@group-40CFFDD3BB84: set configuration 0: peers:[e7b6a9e0-ae39-4816-bb7d-645997ba7398|rpc:10.1.0.17:43339|dataStream:10.1.0.17:42737|priority:0|startupRole:FOLLOWER, 5ce02ec3-1add-4276-9232-59c2d20bf885|rpc:10.1.0.17:35345|dataStream:10.1.0.17:35525|priority:1|startupRole:FOLLOWER, e304c585-3570-440e-99de-d9fa99700cf9|rpc:10.1.0.17:36943|dataStream:10.1.0.17:42751|priority:0|startupRole:FOLLOWER]|listeners:[], old=null
2023-03-29 21:17:11,640 [e7b6a9e0-ae39-4816-bb7d-645997ba7398-server-thread1] INFO  ratis.XceiverServerRatis (XceiverServerRatis.java:handleLeaderChangedNotification(904)) - Leader change notification received for group: group-40CFFDD3BB84 with new leaderId: 5ce02ec3-1add-4276-9232-59c2d20bf885
2023-03-29 21:17:11,640 [e7b6a9e0-ae39-4816-bb7d-645997ba7398-server-thread1] INFO  server.RaftServer$Division (ServerState.java:setLeader(313)) - e7b6a9e0-ae39-4816-bb7d-645997ba7398@group-40CFFDD3BB84: change Leader from null to 5ce02ec3-1add-4276-9232-59c2d20bf885 at term 1 for appendEntries, leader elected after 5139ms
2023-03-29 21:17:11,644 [e304c585-3570-440e-99de-d9fa99700cf9-server-thread1] INFO  ratis.XceiverServerRatis (XceiverServerRatis.java:handleLeaderChangedNotification(904)) - Leader change notification received for group: group-40CFFDD3BB84 with new leaderId: 5ce02ec3-1add-4276-9232-59c2d20bf885
2023-03-29 21:17:11,644 [e304c585-3570-440e-99de-d9fa99700cf9-server-thread1] INFO  server.RaftServer$Division (ServerState.java:setLeader(313)) - e304c585-3570-440e-99de-d9fa99700cf9@group-40CFFDD3BB84: change Leader from null to 5ce02ec3-1add-4276-9232-59c2d20bf885 at term 1 for appendEntries, leader elected after 5109ms
2023-03-29 21:17:11,644 [e7b6a9e0-ae39-4816-bb7d-645997ba7398-server-thread2] INFO  server.RaftServer$Division (ServerState.java:setRaftConf(430)) - e7b6a9e0-ae39-4816-bb7d-645997ba7398@group-40CFFDD3BB84: set configuration 0: peers:[e7b6a9e0-ae39-4816-bb7d-645997ba7398|rpc:10.1.0.17:43339|dataStream:10.1.0.17:42737|priority:0|startupRole:FOLLOWER, 5ce02ec3-1add-4276-9232-59c2d20bf885|rpc:10.1.0.17:35345|dataStream:10.1.0.17:35525|priority:1|startupRole:FOLLOWER, e304c585-3570-440e-99de-d9fa99700cf9|rpc:10.1.0.17:36943|dataStream:10.1.0.17:42751|priority:0|startupRole:FOLLOWER]|listeners:[], old=null
2023-03-29 21:17:11,645 [e7b6a9e0-ae39-4816-bb7d-645997ba7398-server-thread2] INFO  segmented.SegmentedRaftLogWorker (SegmentedRaftLogWorker.java:startLogSegment(452)) - e7b6a9e0-ae39-4816-bb7d-645997ba7398@group-40CFFDD3BB84-SegmentedRaftLogWorker: Starting segment from index:0
2023-03-29 21:17:11,646 [e7b6a9e0-ae39-4816-bb7d-645997ba7398@group-40CFFDD3BB84-SegmentedRaftLogWorker] INFO  segmented.SegmentedRaftLogWorker (SegmentedRaftLogWorker.java:execute(656)) - e7b6a9e0-ae39-4816-bb7d-645997ba7398@group-40CFFDD3BB84-SegmentedRaftLogWorker: created new log segment /home/runner/work/ozone/ozone/hadoop-ozone/integration-test/target/test-dir/MiniOzoneClusterImpl-0d447e97-01e2-4ef6-85fe-af16170d97c2/datanode-2/data/ratis/4223c33b-2598-4803-9bc1-40cffdd3bb84/current/log_inprogress_0
2023-03-29 21:17:11,653 [e304c585-3570-440e-99de-d9fa99700cf9-server-thread2] INFO  server.RaftServer$Division (ServerState.java:setRaftConf(430)) - e304c585-3570-440e-99de-d9fa99700cf9@group-40CFFDD3BB84: set configuration 0: peers:[e7b6a9e0-ae39-4816-bb7d-645997ba7398|rpc:10.1.0.17:43339|dataStream:10.1.0.17:42737|priority:0|startupRole:FOLLOWER, 5ce02ec3-1add-4276-9232-59c2d20bf885|rpc:10.1.0.17:35345|dataStream:10.1.0.17:35525|priority:1|startupRole:FOLLOWER, e304c585-3570-440e-99de-d9fa99700cf9|rpc:10.1.0.17:36943|dataStream:10.1.0.17:42751|priority:0|startupRole:FOLLOWER]|listeners:[], old=null
2023-03-29 21:17:11,654 [e304c585-3570-440e-99de-d9fa99700cf9-server-thread2] INFO  segmented.SegmentedRaftLogWorker (SegmentedRaftLogWorker.java:startLogSegment(452)) - e304c585-3570-440e-99de-d9fa99700cf9@group-40CFFDD3BB84-SegmentedRaftLogWorker: Starting segment from index:0
2023-03-29 21:17:11,655 [e304c585-3570-440e-99de-d9fa99700cf9@group-40CFFDD3BB84-SegmentedRaftLogWorker] INFO  segmented.SegmentedRaftLogWorker (SegmentedRaftLogWorker.java:execute(656)) - e304c585-3570-440e-99de-d9fa99700cf9@group-40CFFDD3BB84-SegmentedRaftLogWorker: created new log segment /home/runner/work/ozone/ozone/hadoop-ozone/integration-test/target/test-dir/MiniOzoneClusterImpl-0d447e97-01e2-4ef6-85fe-af16170d97c2/datanode-1/data/ratis/4223c33b-2598-4803-9bc1-40cffdd3bb84/current/log_inprogress_0
2023-03-29 21:17:12,074 [e304c585-3570-440e-99de-d9fa99700cf9@group-A3E3D26BAD1E-FollowerState] INFO  impl.FollowerState (FollowerState.java:run(143)) - e304c585-3570-440e-99de-d9fa99700cf9@group-A3E3D26BAD1E-FollowerState: change to CANDIDATE, lastRpcElapsedTime:5137682614ns, electionTimeout:5137ms
2023-03-29 21:17:12,075 [e304c585-3570-440e-99de-d9fa99700cf9@group-A3E3D26BAD1E-FollowerState] INFO  impl.RoleInfo (RoleInfo.java:shutdownFollowerState(110)) - e304c585-3570-440e-99de-d9fa99700cf9: shutdown e304c585-3570-440e-99de-d9fa99700cf9@group-A3E3D26BAD1E-FollowerState
2023-03-29 21:17:12,075 [e304c585-3570-440e-99de-d9fa99700cf9@group-A3E3D26BAD1E-FollowerState] INFO  server.RaftServer$Division (RaftServerImpl.java:setRole(321)) - e304c585-3570-440e-99de-d9fa99700cf9@group-A3E3D26BAD1E: changes role from  FOLLOWER to CANDIDATE at term 0 for changeToCandidate
2023-03-29 21:17:12,076 [e304c585-3570-440e-99de-d9fa99700cf9@group-A3E3D26BAD1E-FollowerState] INFO  server.RaftServerConfigKeys (ConfUtils.java:logGet(46)) - raft.server.leaderelection.pre-vote = true (default)
2023-03-29 21:17:12,076 [e304c585-3570-440e-99de-d9fa99700cf9@group-A3E3D26BAD1E-FollowerState] INFO  impl.RoleInfo (RoleInfo.java:updateAndGet(139)) - e304c585-3570-440e-99de-d9fa99700cf9: start e304c585-3570-440e-99de-d9fa99700cf9@group-A3E3D26BAD1E-LeaderElection15
2023-03-29 21:17:12,077 [e304c585-3570-440e-99de-d9fa99700cf9@group-A3E3D26BAD1E-LeaderElection15] INFO  impl.LeaderElection (LeaderElection.java:askForVotes(312)) - e304c585-3570-440e-99de-d9fa99700cf9@group-A3E3D26BAD1E-LeaderElection15 PRE_VOTE round 0: submit vote requests at term 0 for -1: peers:[e304c585-3570-440e-99de-d9fa99700cf9|rpc:10.1.0.17:36943|dataStream:10.1.0.17:42751|priority:1|startupRole:FOLLOWER]|listeners:[], old=null
2023-03-29 21:17:12,077 [e304c585-3570-440e-99de-d9fa99700cf9@group-A3E3D26BAD1E-LeaderElection15] INFO  impl.LeaderElection (LeaderElection.java:askForVotes(314)) - e304c585-3570-440e-99de-d9fa99700cf9@group-A3E3D26BAD1E-LeaderElection15 PRE_VOTE round 0: result PASSED (term=0)
2023-03-29 21:17:12,078 [e304c585-3570-440e-99de-d9fa99700cf9@group-A3E3D26BAD1E-LeaderElection15] INFO  impl.LeaderElection (LeaderElection.java:askForVotes(312)) - e304c585-3570-440e-99de-d9fa99700cf9@group-A3E3D26BAD1E-LeaderElection15 ELECTION round 0: submit vote requests at term 1 for -1: peers:[e304c585-3570-440e-99de-d9fa99700cf9|rpc:10.1.0.17:36943|dataStream:10.1.0.17:42751|priority:1|startupRole:FOLLOWER]|listeners:[], old=null
2023-03-29 21:17:12,078 [e304c585-3570-440e-99de-d9fa99700cf9@group-A3E3D26BAD1E-LeaderElection15] INFO  impl.LeaderElection (LeaderElection.java:askForVotes(314)) - e304c585-3570-440e-99de-d9fa99700cf9@group-A3E3D26BAD1E-LeaderElection15 ELECTION round 0: result PASSED (term=1)
2023-03-29 21:17:12,078 [e304c585-3570-440e-99de-d9fa99700cf9@group-A3E3D26BAD1E-LeaderElection15] INFO  impl.RoleInfo (RoleInfo.java:shutdownLeaderElection(130)) - e304c585-3570-440e-99de-d9fa99700cf9: shutdown e304c585-3570-440e-99de-d9fa99700cf9@group-A3E3D26BAD1E-LeaderElection15
2023-03-29 21:17:12,078 [e304c585-3570-440e-99de-d9fa99700cf9@group-A3E3D26BAD1E-LeaderElection15] INFO  server.RaftServer$Division (RaftServerImpl.java:setRole(321)) - e304c585-3570-440e-99de-d9fa99700cf9@group-A3E3D26BAD1E: changes role from CANDIDATE to LEADER at term 1 for changeToLeader
2023-03-29 21:17:12,079 [e304c585-3570-440e-99de-d9fa99700cf9@group-A3E3D26BAD1E-LeaderElection15] INFO  ratis.XceiverServerRatis (XceiverServerRatis.java:handleLeaderChangedNotification(904)) - Leader change notification received for group: group-A3E3D26BAD1E with new leaderId: e304c585-3570-440e-99de-d9fa99700cf9
2023-03-29 21:17:12,079 [e304c585-3570-440e-99de-d9fa99700cf9@group-A3E3D26BAD1E-LeaderElection15] INFO  server.RaftServer$Division (ServerState.java:setLeader(313)) - e304c585-3570-440e-99de-d9fa99700cf9@group-A3E3D26BAD1E: change Leader from null to e304c585-3570-440e-99de-d9fa99700cf9 at term 1 for becomeLeader, leader elected after 5154ms
2023-03-29 21:17:12,079 [e304c585-3570-440e-99de-d9fa99700cf9@group-A3E3D26BAD1E-LeaderElection15] INFO  server.RaftServerConfigKeys (ConfUtils.java:logGet(46)) - raft.server.staging.catchup.gap = 1000 (default)
2023-03-29 21:17:12,079 [e304c585-3570-440e-99de-d9fa99700cf9@group-A3E3D26BAD1E-LeaderElection15] INFO  server.RaftServerConfigKeys (ConfUtils.java:logGet(46)) - raft.server.write.element-limit = 1024 (custom)
2023-03-29 21:17:12,079 [e304c585-3570-440e-99de-d9fa99700cf9@group-A3E3D26BAD1E-LeaderElection15] INFO  server.RaftServerConfigKeys (ConfUtils.java:logGet(46)) - raft.server.write.byte-limit = 1024 M (=1073741824) (custom)
2023-03-29 21:17:12,079 [e304c585-3570-440e-99de-d9fa99700cf9@group-A3E3D26BAD1E-LeaderElection15] INFO  server.RaftServerConfigKeys (ConfUtils.java:logGet(46)) - raft.server.watch.timeout = 180s (custom)
2023-03-29 21:17:12,079 [e304c585-3570-440e-99de-d9fa99700cf9@group-A3E3D26BAD1E-LeaderElection15] INFO  server.RaftServerConfigKeys (ConfUtils.java:logGet(46)) - raft.server.watch.timeout.denomination = 1s (default)
2023-03-29 21:17:12,080 [e304c585-3570-440e-99de-d9fa99700cf9@group-A3E3D26BAD1E-LeaderElection15] INFO  server.RaftServerConfigKeys (ConfUtils.java:logGet(46)) - raft.server.watch.element-limit = 65536 (default)
2023-03-29 21:17:12,080 [e304c585-3570-440e-99de-d9fa99700cf9@group-A3E3D26BAD1E-LeaderElection15] INFO  server.RaftServerConfigKeys (ConfUtils.java:logGet(46)) - raft.server.write.element-limit = 1024 (custom)
2023-03-29 21:17:12,080 [e304c585-3570-440e-99de-d9fa99700cf9@group-A3E3D26BAD1E-LeaderElection15] INFO  server.RaftServerConfigKeys (ConfUtils.java:logGet(46)) - raft.server.write.follower.gap.ratio.max = -1.0 (default)
2023-03-29 21:17:12,080 [e304c585-3570-440e-99de-d9fa99700cf9@group-A3E3D26BAD1E-LeaderElection15] INFO  impl.RoleInfo (RoleInfo.java:updateAndGet(139)) - e304c585-3570-440e-99de-d9fa99700cf9: start e304c585-3570-440e-99de-d9fa99700cf9@group-A3E3D26BAD1E-LeaderStateImpl
2023-03-29 21:17:12,081 [e304c585-3570-440e-99de-d9fa99700cf9@group-A3E3D26BAD1E-LeaderElection15] INFO  segmented.SegmentedRaftLogWorker (SegmentedRaftLogWorker.java:startLogSegment(452)) - e304c585-3570-440e-99de-d9fa99700cf9@group-A3E3D26BAD1E-SegmentedRaftLogWorker: Starting segment from index:0
2023-03-29 21:17:12,081 [e304c585-3570-440e-99de-d9fa99700cf9@group-A3E3D26BAD1E-LeaderElection15] INFO  server.RaftServer$Division (ServerState.java:setRaftConf(430)) - e304c585-3570-440e-99de-d9fa99700cf9@group-A3E3D26BAD1E: set configuration 0: peers:[e304c585-3570-440e-99de-d9fa99700cf9|rpc:10.1.0.17:36943|dataStream:10.1.0.17:42751|priority:1|startupRole:FOLLOWER]|listeners:[], old=null
2023-03-29 21:17:12,086 [e304c585-3570-440e-99de-d9fa99700cf9@group-A3E3D26BAD1E-SegmentedRaftLogWorker] INFO  segmented.SegmentedRaftLogWorker (SegmentedRaftLogWorker.java:execute(656)) - e304c585-3570-440e-99de-d9fa99700cf9@group-A3E3D26BAD1E-SegmentedRaftLogWorker: created new log segment /home/runner/work/ozone/ozone/hadoop-ozone/integration-test/target/test-dir/MiniOzoneClusterImpl-0d447e97-01e2-4ef6-85fe-af16170d97c2/datanode-1/data/ratis/e1a27dc0-3c63-4876-8623-a3e3d26bad1e/current/log_inprogress_0
2023-03-29 21:17:12,290 [Listener at 127.0.0.1/45803] INFO  ozone.MiniOzoneClusterImpl (MiniOzoneClusterImpl.java:lambda$waitForClusterToBeReady$0(222)) - Nodes are ready. Got 3 of 3 DN Heartbeats.
2023-03-29 21:17:12,290 [Listener at 127.0.0.1/45803] INFO  ozone.MiniOzoneClusterImpl (MiniOzoneClusterImpl.java:lambda$waitForClusterToBeReady$0(225)) - Cluster exits safe mode
2023-03-29 21:17:12,290 [Listener at 127.0.0.1/45803] INFO  ozone.MiniOzoneClusterImpl (MiniOzoneClusterImpl.java:lambda$waitForClusterToBeReady$0(227)) - SCM became leader
2023-03-29 21:17:12,290 [Listener at 127.0.0.1/45803] WARN  server.ServerUtils (ServerUtils.java:getScmDbDir(148)) - ozone.scm.db.dirs is not configured. We recommend adding this setting. Falling back to ozone.metadata.dirs instead.
2023-03-29 21:17:12,290 [Listener at 127.0.0.1/45803] INFO  ha.SCMHANodeDetails (SCMHANodeDetails.java:loadSCMHAConfig(209)) - ServiceID for StorageContainerManager is null
2023-03-29 21:17:12,291 [Listener at 127.0.0.1/45803] INFO  ha.SCMHANodeDetails (SCMHANodeDetails.java:loadSCMHAConfig(214)) - ozone.scm.default.service.id is not defined, falling back to ozone.scm.service.ids to find serviceID for StorageContainerManager if it is HA enabled cluster
2023-03-29 21:17:12,291 [Listener at 127.0.0.1/45803] INFO  upgrade.AbstractLayoutVersionManager (AbstractLayoutVersionManager.java:init(83)) - Initializing Layout version manager with metadata layout = DATANODE_SCHEMA_V3 (version = 4), software layout = DATANODE_SCHEMA_V3 (version = 4)
2023-03-29 21:17:12,337 [Listener at 127.0.0.1/45803] INFO  reflections.Reflections (Reflections.java:scan(232)) - Reflections took 45 ms to scan 7 urls, producing 155 keys and 368 values 
2023-03-29 21:17:12,338 [Listener at 127.0.0.1/45803] INFO  server.StorageContainerManager (StorageContainerManager.java:scmInit(1288)) - SCM already initialized. Reusing existing cluster id for sd=/home/runner/work/ozone/ozone/hadoop-ozone/integration-test/target/test-dir/MiniOzoneClusterImpl-0d447e97-01e2-4ef6-85fe-af16170d97c2/ozone-meta/scm;cid=0d447e97-01e2-4ef6-85fe-af16170d97c2; layoutVersion=4; HAEnabled=false
2023-03-29 21:17:12,338 [Listener at 127.0.0.1/45803] WARN  server.ServerUtils (ServerUtils.java:getScmDbDir(148)) - ozone.scm.db.dirs is not configured. We recommend adding this setting. Falling back to ozone.metadata.dirs instead.
2023-03-29 21:17:12,338 [Listener at 127.0.0.1/45803] INFO  ozone.MiniOzoneClusterImpl (MiniOzoneClusterImpl.java:shutdown(455)) - Shutting down the Mini Ozone Cluster
2023-03-29 21:17:12,339 [Listener at 127.0.0.1/45803] INFO  ozone.MiniOzoneClusterImpl (MiniOzoneClusterImpl.java:stop(471)) - Stopping the Mini Ozone Cluster
2023-03-29 21:17:12,339 [Listener at 127.0.0.1/45803] INFO  ozone.MiniOzoneClusterImpl (MiniOzoneClusterImpl.java:stopOM(553)) - Stopping the OzoneManager
2023-03-29 21:17:12,339 [Listener at 127.0.0.1/45803] INFO  om.OzoneManager (OzoneManager.java:stop(2155)) - om1[localhost:0]: Stopping Ozone Manager
2023-03-29 21:17:12,339 [Listener at 127.0.0.1/45803] INFO  ipc.Server (Server.java:stop(3428)) - Stopping server on 45803
2023-03-29 21:17:12,340 [IPC Server listener on 0] INFO  ipc.Server (Server.java:run(1384)) - Stopping IPC Server listener on 0
2023-03-29 21:17:12,344 [IPC Server Responder] INFO  ipc.Server (Server.java:run(1517)) - Stopping IPC Server Responder
2023-03-29 21:17:12,344 [Listener at 127.0.0.1/45803] INFO  server.RaftServer (RaftServerProxy.java:lambda$close$6(409)) - om1: close
2023-03-29 21:17:12,344 [Listener at 127.0.0.1/45803] INFO  server.GrpcService (GrpcService.java:closeImpl(271)) - om1: shutdown server GrpcServerProtocolService now
2023-03-29 21:17:12,344 [om1-impl-thread1] INFO  server.RaftServer$Division (RaftServerImpl.java:lambda$close$4(458)) - om1@group-C5BA1605619E: shutdown
2023-03-29 21:17:12,345 [om1-impl-thread1] INFO  util.JmxRegister (JmxRegister.java:unregister(73)) - Successfully un-registered JMX Bean with object name Ratis:service=RaftServer,group=group-C5BA1605619E,id=om1
2023-03-29 21:17:12,345 [om1-impl-thread1] INFO  impl.RoleInfo (RoleInfo.java:shutdownLeaderState(93)) - om1: shutdown om1@group-C5BA1605619E-LeaderStateImpl
2023-03-29 21:17:12,345 [om1-impl-thread1] INFO  impl.PendingRequests (PendingRequests.java:sendNotLeaderResponses(282)) - om1@group-C5BA1605619E-PendingRequests: sendNotLeaderResponses
2023-03-29 21:17:12,345 [om1-impl-thread1] INFO  impl.StateMachineUpdater (StateMachineUpdater.java:stopAndJoin(153)) - om1@group-C5BA1605619E-StateMachineUpdater: set stopIndex = 0
2023-03-29 21:17:12,345 [om1@group-C5BA1605619E-StateMachineUpdater] INFO  ratis.OzoneManagerStateMachine (OzoneManagerStateMachine.java:takeSnapshot(445)) - Current Snapshot Index (t:1, i:0)
2023-03-29 21:17:12,346 [Listener at 127.0.0.1/45803] INFO  server.GrpcService (GrpcService.java:closeImpl(280)) - om1: shutdown server GrpcServerProtocolService successfully
2023-03-29 21:17:12,353 [om1@group-C5BA1605619E-StateMachineUpdater] INFO  impl.StateMachineUpdater (StateMachineUpdater.java:takeSnapshot(287)) - om1@group-C5BA1605619E-StateMachineUpdater: Took a snapshot at index 0
2023-03-29 21:17:12,353 [om1@group-C5BA1605619E-StateMachineUpdater] INFO  impl.StateMachineUpdater (StateMachineUpdater.java:lambda$new$0(92)) - om1@group-C5BA1605619E-StateMachineUpdater: snapshotIndex: updateIncreasingly -1 -> 0
2023-03-29 21:17:12,353 [om1@group-C5BA1605619E-StateMachineUpdater] INFO  ratis.OzoneManagerStateMachine (OzoneManagerStateMachine.java:close(499)) - StateMachine has shutdown. Shutdown OzoneManager if not already shutdown.
2023-03-29 21:17:12,353 [om1@group-C5BA1605619E-StateMachineUpdater] INFO  ratis.OzoneManagerDoubleBuffer (OzoneManagerDoubleBuffer.java:stopDaemon(540)) - Stopping OMDoubleBuffer flush thread
2023-03-29 21:17:12,355 [OMDoubleBufferFlushThread] INFO  ratis.OzoneManagerDoubleBuffer (OzoneManagerDoubleBuffer.java:canFlush(625)) - OMDoubleBuffer flush thread OMDoubleBufferFlushThread is interrupted and will exit.
2023-03-29 21:17:12,356 [om1-impl-thread1] INFO  server.RaftServer$Division (ServerState.java:close(466)) - om1@group-C5BA1605619E: closes. applyIndex: 0
2023-03-29 21:17:12,356 [om1@group-C5BA1605619E-SegmentedRaftLogWorker] INFO  segmented.SegmentedRaftLogWorker (SegmentedRaftLogWorker.java:run(347)) - om1@group-C5BA1605619E-SegmentedRaftLogWorker was interrupted, exiting. There are 0 tasks remaining in the queue.
2023-03-29 21:17:12,358 [om1-impl-thread1] INFO  segmented.SegmentedRaftLogWorker (SegmentedRaftLogWorker.java:close(257)) - om1@group-C5BA1605619E-SegmentedRaftLogWorker close()
2023-03-29 21:17:12,358 [JvmPauseMonitor6] INFO  util.JvmPauseMonitor (JvmPauseMonitor.java:run(111)) - JvmPauseMonitor-om1: Stopped
2023-03-29 21:17:12,358 [Listener at 127.0.0.1/45803] INFO  ratis.OzoneManagerStateMachine (OzoneManagerStateMachine.java:close(499)) - StateMachine has shutdown. Shutdown OzoneManager if not already shutdown.
2023-03-29 21:17:12,358 [Listener at 127.0.0.1/45803] INFO  ratis.OzoneManagerDoubleBuffer (OzoneManagerDoubleBuffer.java:stopDaemon(549)) - OMDoubleBuffer flush thread is not running.
2023-03-29 21:17:12,359 [Listener at 127.0.0.1/45803] INFO  utils.BackgroundService (BackgroundService.java:shutdown(141)) - Shutting down service KeyDeletingService
2023-03-29 21:17:12,361 [Listener at 127.0.0.1/45803] INFO  utils.BackgroundService (BackgroundService.java:shutdown(141)) - Shutting down service DirectoryDeletingService
2023-03-29 21:17:12,362 [Listener at 127.0.0.1/45803] INFO  utils.BackgroundService (BackgroundService.java:shutdown(141)) - Shutting down service OpenKeyCleanupService
2023-03-29 21:17:12,363 [Listener at 127.0.0.1/45803] INFO  utils.BackgroundService (BackgroundService.java:shutdown(141)) - Shutting down service SstFilteringService
2023-03-29 21:17:12,364 [Listener at 127.0.0.1/45803] INFO  utils.BackgroundService (BackgroundService.java:shutdown(141)) - Shutting down service SnapshotDeletingService
2023-03-29 21:17:12,366 [Listener at 127.0.0.1/45803] INFO  handler.ContextHandler (ContextHandler.java:doStop(1159)) - Stopped o.e.j.w.WebAppContext@6182fa1b{ozoneManager,/,null,STOPPED}{file:/home/runner/work/ozone/ozone/hadoop-ozone/integration-test/target/test-classes/webapps/ozoneManager}
2023-03-29 21:17:12,366 [Listener at 127.0.0.1/45803] INFO  server.AbstractConnector (AbstractConnector.java:doStop(383)) - Stopped ServerConnector@3220b1ec{HTTP/1.1, (http/1.1)}{0.0.0.0:0}
2023-03-29 21:17:12,366 [Listener at 127.0.0.1/45803] INFO  server.session (HouseKeeper.java:stopScavenging(149)) - node0 Stopped scavenging
2023-03-29 21:17:12,367 [Listener at 127.0.0.1/45803] INFO  handler.ContextHandler (ContextHandler.java:doStop(1159)) - Stopped o.e.j.s.ServletContextHandler@485fa420{static,/static,file:///home/runner/work/ozone/ozone/hadoop-ozone/integration-test/target/test-classes/webapps/static,STOPPED}
2023-03-29 21:17:12,367 [Listener at 127.0.0.1/45803] INFO  handler.ContextHandler (ContextHandler.java:doStop(1159)) - Stopped o.e.j.s.ServletContextHandler@56f7d3e8{logs,/logs,file:///home/runner/work/ozone/ozone/hadoop-ozone/integration-test/target/log,STOPPED}
2023-03-29 21:17:12,370 [Listener at 127.0.0.1/45803] INFO  ozone.MiniOzoneClusterImpl (MiniOzoneClusterImpl.java:stopDatanodes(530)) - Stopping the HddsDatanodes
2023-03-29 21:17:12,371 [Listener at 127.0.0.1/45803] INFO  ozoneimpl.OzoneContainer (OzoneContainer.java:stop(419)) - Attempting to stop container services.
2023-03-29 21:17:12,372 [Listener at 127.0.0.1/45803] INFO  server.RaftServer (RaftServerProxy.java:lambda$close$6(409)) - e304c585-3570-440e-99de-d9fa99700cf9: close
2023-03-29 21:17:12,372 [e304c585-3570-440e-99de-d9fa99700cf9-impl-thread1] INFO  server.RaftServer$Division (RaftServerImpl.java:lambda$close$4(458)) - e304c585-3570-440e-99de-d9fa99700cf9@group-9FB0EE27115B: shutdown
2023-03-29 21:17:12,372 [e304c585-3570-440e-99de-d9fa99700cf9-impl-thread1] INFO  util.JmxRegister (JmxRegister.java:unregister(73)) - Successfully un-registered JMX Bean with object name Ratis:service=RaftServer,group=group-9FB0EE27115B,id=e304c585-3570-440e-99de-d9fa99700cf9
2023-03-29 21:17:12,372 [e304c585-3570-440e-99de-d9fa99700cf9-impl-thread1] INFO  impl.RoleInfo (RoleInfo.java:shutdownLeaderState(93)) - e304c585-3570-440e-99de-d9fa99700cf9: shutdown e304c585-3570-440e-99de-d9fa99700cf9@group-9FB0EE27115B-LeaderStateImpl
2023-03-29 21:17:12,372 [e304c585-3570-440e-99de-d9fa99700cf9-impl-thread2] INFO  server.RaftServer$Division (RaftServerImpl.java:lambda$close$4(458)) - e304c585-3570-440e-99de-d9fa99700cf9@group-A3E3D26BAD1E: shutdown
2023-03-29 21:17:12,372 [e304c585-3570-440e-99de-d9fa99700cf9-impl-thread2] INFO  util.JmxRegister (JmxRegister.java:unregister(73)) - Successfully un-registered JMX Bean with object name Ratis:service=RaftServer,group=group-A3E3D26BAD1E,id=e304c585-3570-440e-99de-d9fa99700cf9
2023-03-29 21:17:12,372 [e304c585-3570-440e-99de-d9fa99700cf9-impl-thread2] INFO  impl.RoleInfo (RoleInfo.java:shutdownLeaderState(93)) - e304c585-3570-440e-99de-d9fa99700cf9: shutdown e304c585-3570-440e-99de-d9fa99700cf9@group-A3E3D26BAD1E-LeaderStateImpl
2023-03-29 21:17:12,372 [e304c585-3570-440e-99de-d9fa99700cf9-impl-thread2] INFO  impl.PendingRequests (PendingRequests.java:sendNotLeaderResponses(282)) - e304c585-3570-440e-99de-d9fa99700cf9@group-A3E3D26BAD1E-PendingRequests: sendNotLeaderResponses
2023-03-29 21:17:12,373 [e304c585-3570-440e-99de-d9fa99700cf9@group-A3E3D26BAD1E-StateMachineUpdater] INFO  ratis.ContainerStateMachine (ContainerStateMachine.java:takeSnapshot(330)) - group-A3E3D26BAD1E: Taking a snapshot at:(t:1, i:0) file /home/runner/work/ozone/ozone/hadoop-ozone/integration-test/target/test-dir/MiniOzoneClusterImpl-0d447e97-01e2-4ef6-85fe-af16170d97c2/datanode-1/data/ratis/e1a27dc0-3c63-4876-8623-a3e3d26bad1e/sm/snapshot.1_0
2023-03-29 21:17:12,373 [e304c585-3570-440e-99de-d9fa99700cf9-impl-thread2] INFO  impl.StateMachineUpdater (StateMachineUpdater.java:stopAndJoin(153)) - e304c585-3570-440e-99de-d9fa99700cf9@group-A3E3D26BAD1E-StateMachineUpdater: set stopIndex = 0
2023-03-29 21:17:12,374 [e304c585-3570-440e-99de-d9fa99700cf9@group-A3E3D26BAD1E-StateMachineUpdater] INFO  ratis.ContainerStateMachine (ContainerStateMachine.java:takeSnapshot(341)) - group-A3E3D26BAD1E: Finished taking a snapshot at:(t:1, i:0) file:/home/runner/work/ozone/ozone/hadoop-ozone/integration-test/target/test-dir/MiniOzoneClusterImpl-0d447e97-01e2-4ef6-85fe-af16170d97c2/datanode-1/data/ratis/e1a27dc0-3c63-4876-8623-a3e3d26bad1e/sm/snapshot.1_0 took: 0 ms
2023-03-29 21:17:12,374 [e304c585-3570-440e-99de-d9fa99700cf9@group-A3E3D26BAD1E-StateMachineUpdater] INFO  impl.StateMachineUpdater (StateMachineUpdater.java:takeSnapshot(287)) - e304c585-3570-440e-99de-d9fa99700cf9@group-A3E3D26BAD1E-StateMachineUpdater: Took a snapshot at index 0
2023-03-29 21:17:12,374 [e304c585-3570-440e-99de-d9fa99700cf9@group-A3E3D26BAD1E-StateMachineUpdater] INFO  impl.StateMachineUpdater (StateMachineUpdater.java:lambda$new$0(92)) - e304c585-3570-440e-99de-d9fa99700cf9@group-A3E3D26BAD1E-StateMachineUpdater: snapshotIndex: updateIncreasingly -1 -> 0
2023-03-29 21:17:12,374 [e304c585-3570-440e-99de-d9fa99700cf9-impl-thread2] INFO  server.RaftServer$Division (ServerState.java:close(466)) - e304c585-3570-440e-99de-d9fa99700cf9@group-A3E3D26BAD1E: closes. applyIndex: 0
2023-03-29 21:17:12,376 [Listener at 127.0.0.1/45803] INFO  server.GrpcService (GrpcService.java:closeImpl(271)) - e304c585-3570-440e-99de-d9fa99700cf9: shutdown server GrpcServerProtocolService now
2023-03-29 21:17:12,381 [e304c585-3570-440e-99de-d9fa99700cf9@group-A3E3D26BAD1E-SegmentedRaftLogWorker] INFO  segmented.SegmentedRaftLogWorker (SegmentedRaftLogWorker.java:run(347)) - e304c585-3570-440e-99de-d9fa99700cf9@group-A3E3D26BAD1E-SegmentedRaftLogWorker was interrupted, exiting. There are 0 tasks remaining in the queue.
2023-03-29 21:17:12,382 [grpc-default-executor-2] WARN  server.GrpcLogAppender (LogUtils.java:warn(122)) - 5ce02ec3-1add-4276-9232-59c2d20bf885@group-40CFFDD3BB84->e304c585-3570-440e-99de-d9fa99700cf9-AppendLogResponseHandler: Failed appendEntries: org.apache.ratis.thirdparty.io.grpc.StatusRuntimeException: CANCELLED: RST_STREAM closed stream. HTTP/2 error code: CANCEL
2023-03-29 21:17:12,382 [grpc-default-executor-2] WARN  server.GrpcLogAppender (GrpcLogAppender.java:resetClient(131)) - 5ce02ec3-1add-4276-9232-59c2d20bf885@group-40CFFDD3BB84->e304c585-3570-440e-99de-d9fa99700cf9-GrpcLogAppender: Leader has not got in touch with Follower 5ce02ec3-1add-4276-9232-59c2d20bf885@group-40CFFDD3BB84->e304c585-3570-440e-99de-d9fa99700cf9(c0,m0,n1, attendVote=true, lastRpcSendTime=736, lastRpcResponseTime=725) yet, just keep nextIndex unchanged and retry.
2023-03-29 21:17:12,383 [grpc-default-executor-4] WARN  server.GrpcServerProtocolService (LogUtils.java:warn(122)) - e304c585-3570-440e-99de-d9fa99700cf9: installSnapshot onError, lastRequest: null: org.apache.ratis.thirdparty.io.grpc.StatusRuntimeException: CANCELLED: client cancelled
2023-03-29 21:17:12,384 [grpc-default-executor-0] WARN  server.GrpcServerProtocolService (LogUtils.java:warn(122)) - e304c585-3570-440e-99de-d9fa99700cf9: installSnapshot onError, lastRequest: 5ce02ec3-1add-4276-9232-59c2d20bf885->e304c585-3570-440e-99de-d9fa99700cf9#1-t1,previous=(t:0, i:0),leaderCommit=0,initializing? true,entries: size=1, first=(t:1, i:0), CONFIGURATIONENTRY(current:id: "e7b6a9e0-ae39-4816-bb7d-645997ba7398"
address: "10.1.0.17:43339"
dataStreamAddress: "10.1.0.17:42737"
clientAddress: "10.1.0.17:43339"
adminAddress: "10.1.0.17:43339"
startupRole: FOLLOWER
,id: "5ce02ec3-1add-4276-9232-59c2d20bf885"
address: "10.1.0.17:35345"
priority: 1
dataStreamAddress: "10.1.0.17:35525"
clientAddress: "10.1.0.17:35345"
adminAddress: "10.1.0.17:35345"
startupRole: FOLLOWER
,id: "e304c585-3570-440e-99de-d9fa99700cf9"
address: "10.1.0.17:36943"
dataStreamAddress: "10.1.0.17:42751"
clientAddress: "10.1.0.17:36943"
adminAddress: "10.1.0.17:36943"
startupRole: FOLLOWER
, old:): org.apache.ratis.thirdparty.io.grpc.StatusRuntimeException: CANCELLED: client cancelled
2023-03-29 21:17:12,385 [Listener at 127.0.0.1/45803] INFO  server.GrpcServerProtocolClient (GrpcServerProtocolClient.java:close(101)) - e7b6a9e0-ae39-4816-bb7d-645997ba7398 Close channels
2023-03-29 21:17:12,385 [e304c585-3570-440e-99de-d9fa99700cf9-impl-thread1] INFO  impl.PendingRequests (PendingRequests.java:sendNotLeaderResponses(282)) - e304c585-3570-440e-99de-d9fa99700cf9@group-9FB0EE27115B-PendingRequests: sendNotLeaderResponses
2023-03-29 21:17:12,385 [grpc-default-executor-2] WARN  server.GrpcLogAppender (LogUtils.java:warn(122)) - 5ce02ec3-1add-4276-9232-59c2d20bf885@group-40CFFDD3BB84->e304c585-3570-440e-99de-d9fa99700cf9-AppendLogResponseHandler: Failed appendEntries: org.apache.ratis.thirdparty.io.grpc.StatusRuntimeException: CANCELLED: RST_STREAM closed stream. HTTP/2 error code: CANCEL
2023-03-29 21:17:12,385 [e304c585-3570-440e-99de-d9fa99700cf9-impl-thread1] INFO  impl.StateMachineUpdater (StateMachineUpdater.java:stopAndJoin(153)) - e304c585-3570-440e-99de-d9fa99700cf9@group-9FB0EE27115B-StateMachineUpdater: set stopIndex = 0
2023-03-29 21:17:12,385 [grpc-default-executor-2] WARN  server.GrpcLogAppender (GrpcLogAppender.java:resetClient(131)) - 5ce02ec3-1add-4276-9232-59c2d20bf885@group-40CFFDD3BB84->e304c585-3570-440e-99de-d9fa99700cf9-GrpcLogAppender: Leader has not got in touch with Follower 5ce02ec3-1add-4276-9232-59c2d20bf885@group-40CFFDD3BB84->e304c585-3570-440e-99de-d9fa99700cf9(c0,m0,n1, attendVote=true, lastRpcSendTime=738, lastRpcResponseTime=727) yet, just keep nextIndex unchanged and retry.
2023-03-29 21:17:12,385 [e304c585-3570-440e-99de-d9fa99700cf9@group-9FB0EE27115B-StateMachineUpdater] INFO  ratis.ContainerStateMachine (ContainerStateMachine.java:takeSnapshot(330)) - group-9FB0EE27115B: Taking a snapshot at:(t:1, i:0) file /home/runner/work/ozone/ozone/hadoop-ozone/integration-test/target/test-dir/MiniOzoneClusterImpl-0d447e97-01e2-4ef6-85fe-af16170d97c2/datanode-1/data/ratis/88b7c5b2-f75f-4133-a5a7-9fb0ee27115b/sm/snapshot.1_0
2023-03-29 21:17:12,385 [e304c585-3570-440e-99de-d9fa99700cf9@group-9FB0EE27115B->5ce02ec3-1add-4276-9232-59c2d20bf885-GrpcLogAppender-LogAppenderDaemon] WARN  server.GrpcLogAppender (GrpcLogAppender.java:mayWait(200)) - e304c585-3570-440e-99de-d9fa99700cf9@group-9FB0EE27115B->5ce02ec3-1add-4276-9232-59c2d20bf885-GrpcLogAppender: Wait interrupted by java.lang.InterruptedException
2023-03-29 21:17:12,386 [e304c585-3570-440e-99de-d9fa99700cf9@group-9FB0EE27115B->e7b6a9e0-ae39-4816-bb7d-645997ba7398-GrpcLogAppender-LogAppenderDaemon] WARN  server.GrpcLogAppender (GrpcLogAppender.java:mayWait(200)) - e304c585-3570-440e-99de-d9fa99700cf9@group-9FB0EE27115B->e7b6a9e0-ae39-4816-bb7d-645997ba7398-GrpcLogAppender: Wait interrupted by java.lang.InterruptedException
2023-03-29 21:17:12,387 [grpc-default-executor-0] INFO  server.GrpcServerProtocolService (GrpcServerProtocolService.java:onCompleted(143)) - e7b6a9e0-ae39-4816-bb7d-645997ba7398: Completed APPEND_ENTRIES, lastRequest: null
2023-03-29 21:17:12,388 [grpc-default-executor-1] INFO  server.GrpcLogAppender (GrpcLogAppender.java:onCompleted(415)) - e304c585-3570-440e-99de-d9fa99700cf9@group-9FB0EE27115B->e7b6a9e0-ae39-4816-bb7d-645997ba7398-AppendLogResponseHandler: follower responses appendEntries COMPLETED
2023-03-29 21:17:12,388 [grpc-default-executor-1] WARN  server.GrpcLogAppender (GrpcLogAppender.java:resetClient(137)) - e304c585-3570-440e-99de-d9fa99700cf9@group-9FB0EE27115B->e7b6a9e0-ae39-4816-bb7d-645997ba7398-GrpcLogAppender: Failed to getClient for e7b6a9e0-ae39-4816-bb7d-645997ba7398
org.apache.ratis.protocol.exceptions.AlreadyClosedException: e304c585-3570-440e-99de-d9fa99700cf9 is already CLOSED
	at org.apache.ratis.util.PeerProxyMap$PeerAndProxy.getProxy(PeerProxyMap.java:61)
	at org.apache.ratis.util.PeerProxyMap.getProxy(PeerProxyMap.java:115)
	at org.apache.ratis.grpc.server.GrpcLogAppender.getClient(GrpcLogAppender.java:116)
	at org.apache.ratis.grpc.server.GrpcLogAppender.resetClient(GrpcLogAppender.java:121)
	at org.apache.ratis.grpc.server.GrpcLogAppender.access$500(GrpcLogAppender.java:58)
	at org.apache.ratis.grpc.server.GrpcLogAppender$AppendLogResponseHandler.onCompleted(GrpcLogAppender.java:416)
	at org.apache.ratis.thirdparty.io.grpc.stub.ClientCalls$StreamObserverToCallListenerAdapter.onClose(ClientCalls.java:485)
	at org.apache.ratis.thirdparty.io.grpc.internal.ClientCallImpl.closeObserver(ClientCallImpl.java:562)
	at org.apache.ratis.thirdparty.io.grpc.internal.ClientCallImpl.access$300(ClientCallImpl.java:70)
	at org.apache.ratis.thirdparty.io.grpc.internal.ClientCallImpl$ClientStreamListenerImpl$1StreamClosed.runInternal(ClientCallImpl.java:743)
	at org.apache.ratis.thirdparty.io.grpc.internal.ClientCallImpl$ClientStreamListenerImpl$1StreamClosed.runInContext(ClientCallImpl.java:722)
	at org.apache.ratis.thirdparty.io.grpc.internal.ContextRunnable.run(ContextRunnable.java:37)
	at org.apache.ratis.thirdparty.io.grpc.internal.SerializingExecutor.run(SerializingExecutor.java:133)
	at java.util.concurrent.ThreadPoolExecutor.runWorker(ThreadPoolExecutor.java:1149)
	at java.util.concurrent.ThreadPoolExecutor$Worker.run(ThreadPoolExecutor.java:624)
	at java.lang.Thread.run(Thread.java:750)
2023-03-29 21:17:12,388 [e304c585-3570-440e-99de-d9fa99700cf9-impl-thread3] INFO  server.RaftServer$Division (RaftServerImpl.java:lambda$close$4(458)) - e304c585-3570-440e-99de-d9fa99700cf9@group-40CFFDD3BB84: shutdown
2023-03-29 21:17:12,389 [e304c585-3570-440e-99de-d9fa99700cf9-impl-thread3] INFO  util.JmxRegister (JmxRegister.java:unregister(73)) - Successfully un-registered JMX Bean with object name Ratis:service=RaftServer,group=group-40CFFDD3BB84,id=e304c585-3570-440e-99de-d9fa99700cf9
2023-03-29 21:17:12,389 [e304c585-3570-440e-99de-d9fa99700cf9-impl-thread3] INFO  impl.RoleInfo (RoleInfo.java:shutdownFollowerState(110)) - e304c585-3570-440e-99de-d9fa99700cf9: shutdown e304c585-3570-440e-99de-d9fa99700cf9@group-40CFFDD3BB84-FollowerState
2023-03-29 21:17:12,389 [grpc-default-executor-3] INFO  server.GrpcServerProtocolService (GrpcServerProtocolService.java:onCompleted(143)) - 5ce02ec3-1add-4276-9232-59c2d20bf885: Completed APPEND_ENTRIES, lastRequest: e304c585-3570-440e-99de-d9fa99700cf9->5ce02ec3-1add-4276-9232-59c2d20bf885#1-t1,previous=(t:0, i:0),leaderCommit=0,initializing? true,entries: size=1, first=(t:1, i:0), CONFIGURATIONENTRY(current:id: "e7b6a9e0-ae39-4816-bb7d-645997ba7398"
address: "10.1.0.17:43339"
dataStreamAddress: "10.1.0.17:42737"
clientAddress: "10.1.0.17:43339"
adminAddress: "10.1.0.17:43339"
startupRole: FOLLOWER
,id: "e304c585-3570-440e-99de-d9fa99700cf9"
address: "10.1.0.17:36943"
priority: 1
dataStreamAddress: "10.1.0.17:42751"
clientAddress: "10.1.0.17:36943"
adminAddress: "10.1.0.17:36943"
startupRole: FOLLOWER
,id: "5ce02ec3-1add-4276-9232-59c2d20bf885"
address: "10.1.0.17:35345"
dataStreamAddress: "10.1.0.17:35525"
clientAddress: "10.1.0.17:35345"
adminAddress: "10.1.0.17:35345"
startupRole: FOLLOWER
, old:)
2023-03-29 21:17:12,389 [e304c585-3570-440e-99de-d9fa99700cf9-impl-thread3] INFO  impl.StateMachineUpdater (StateMachineUpdater.java:stopAndJoin(153)) - e304c585-3570-440e-99de-d9fa99700cf9@group-40CFFDD3BB84-StateMachineUpdater: set stopIndex = 0
2023-03-29 21:17:12,389 [e304c585-3570-440e-99de-d9fa99700cf9@group-40CFFDD3BB84-FollowerState] INFO  impl.FollowerState (FollowerState.java:run(152)) - e304c585-3570-440e-99de-d9fa99700cf9@group-40CFFDD3BB84-FollowerState was interrupted
2023-03-29 21:17:12,389 [e304c585-3570-440e-99de-d9fa99700cf9@group-40CFFDD3BB84-StateMachineUpdater] INFO  ratis.ContainerStateMachine (ContainerStateMachine.java:takeSnapshot(330)) - group-40CFFDD3BB84: Taking a snapshot at:(t:1, i:0) file /home/runner/work/ozone/ozone/hadoop-ozone/integration-test/target/test-dir/MiniOzoneClusterImpl-0d447e97-01e2-4ef6-85fe-af16170d97c2/datanode-1/data/ratis/4223c33b-2598-4803-9bc1-40cffdd3bb84/sm/snapshot.1_0
2023-03-29 21:17:12,389 [ForkJoinPool.commonPool-worker-0] INFO  ozoneimpl.OzoneContainer (OzoneContainer.java:stop(419)) - Attempting to stop container services.
2023-03-29 21:17:12,390 [grpc-default-executor-4] INFO  server.GrpcServerProtocolService (GrpcServerProtocolService.java:onCompleted(143)) - 5ce02ec3-1add-4276-9232-59c2d20bf885: Completed APPEND_ENTRIES, lastRequest: null
2023-03-29 21:17:12,390 [e304c585-3570-440e-99de-d9fa99700cf9@group-40CFFDD3BB84-StateMachineUpdater] INFO  ratis.ContainerStateMachine (ContainerStateMachine.java:takeSnapshot(341)) - group-40CFFDD3BB84: Finished taking a snapshot at:(t:1, i:0) file:/home/runner/work/ozone/ozone/hadoop-ozone/integration-test/target/test-dir/MiniOzoneClusterImpl-0d447e97-01e2-4ef6-85fe-af16170d97c2/datanode-1/data/ratis/4223c33b-2598-4803-9bc1-40cffdd3bb84/sm/snapshot.1_0 took: 1 ms
2023-03-29 21:17:12,390 [ForkJoinPool.commonPool-worker-0] INFO  server.RaftServer (RaftServerProxy.java:lambda$close$6(409)) - 5ce02ec3-1add-4276-9232-59c2d20bf885: close
2023-03-29 21:17:12,390 [e304c585-3570-440e-99de-d9fa99700cf9@group-40CFFDD3BB84-StateMachineUpdater] INFO  impl.StateMachineUpdater (StateMachineUpdater.java:takeSnapshot(287)) - e304c585-3570-440e-99de-d9fa99700cf9@group-40CFFDD3BB84-StateMachineUpdater: Took a snapshot at index 0
2023-03-29 21:17:12,390 [e304c585-3570-440e-99de-d9fa99700cf9@group-40CFFDD3BB84-StateMachineUpdater] INFO  impl.StateMachineUpdater (StateMachineUpdater.java:lambda$new$0(92)) - e304c585-3570-440e-99de-d9fa99700cf9@group-40CFFDD3BB84-StateMachineUpdater: snapshotIndex: updateIncreasingly -1 -> 0
2023-03-29 21:17:12,391 [5ce02ec3-1add-4276-9232-59c2d20bf885-impl-thread1] INFO  server.RaftServer$Division (RaftServerImpl.java:lambda$close$4(458)) - 5ce02ec3-1add-4276-9232-59c2d20bf885@group-9FB0EE27115B: shutdown
2023-03-29 21:17:12,391 [5ce02ec3-1add-4276-9232-59c2d20bf885-impl-thread1] INFO  util.JmxRegister (JmxRegister.java:unregister(73)) - Successfully un-registered JMX Bean with object name Ratis:service=RaftServer,group=group-9FB0EE27115B,id=5ce02ec3-1add-4276-9232-59c2d20bf885
2023-03-29 21:17:12,391 [5ce02ec3-1add-4276-9232-59c2d20bf885-impl-thread1] INFO  impl.RoleInfo (RoleInfo.java:shutdownFollowerState(110)) - 5ce02ec3-1add-4276-9232-59c2d20bf885: shutdown 5ce02ec3-1add-4276-9232-59c2d20bf885@group-9FB0EE27115B-FollowerState
2023-03-29 21:17:12,391 [e304c585-3570-440e-99de-d9fa99700cf9@group-9FB0EE27115B-StateMachineUpdater] INFO  ratis.ContainerStateMachine (ContainerStateMachine.java:takeSnapshot(341)) - group-9FB0EE27115B: Finished taking a snapshot at:(t:1, i:0) file:/home/runner/work/ozone/ozone/hadoop-ozone/integration-test/target/test-dir/MiniOzoneClusterImpl-0d447e97-01e2-4ef6-85fe-af16170d97c2/datanode-1/data/ratis/88b7c5b2-f75f-4133-a5a7-9fb0ee27115b/sm/snapshot.1_0 took: 6 ms
2023-03-29 21:17:12,391 [e304c585-3570-440e-99de-d9fa99700cf9@group-9FB0EE27115B-StateMachineUpdater] INFO  impl.StateMachineUpdater (StateMachineUpdater.java:takeSnapshot(287)) - e304c585-3570-440e-99de-d9fa99700cf9@group-9FB0EE27115B-StateMachineUpdater: Took a snapshot at index 0
2023-03-29 21:17:12,391 [e304c585-3570-440e-99de-d9fa99700cf9@group-9FB0EE27115B-StateMachineUpdater] INFO  impl.StateMachineUpdater (StateMachineUpdater.java:lambda$new$0(92)) - e304c585-3570-440e-99de-d9fa99700cf9@group-9FB0EE27115B-StateMachineUpdater: snapshotIndex: updateIncreasingly -1 -> 0
2023-03-29 21:17:12,391 [e304c585-3570-440e-99de-d9fa99700cf9-impl-thread1] INFO  server.RaftServer$Division (ServerState.java:close(466)) - e304c585-3570-440e-99de-d9fa99700cf9@group-9FB0EE27115B: closes. applyIndex: 0
2023-03-29 21:17:12,391 [e304c585-3570-440e-99de-d9fa99700cf9-impl-thread3] INFO  server.RaftServer$Division (ServerState.java:close(466)) - e304c585-3570-440e-99de-d9fa99700cf9@group-40CFFDD3BB84: closes. applyIndex: 0
2023-03-29 21:17:12,392 [grpc-default-executor-2] INFO  server.GrpcServerProtocolService (GrpcServerProtocolService.java:onCompleted(143)) - e7b6a9e0-ae39-4816-bb7d-645997ba7398: Completed APPEND_ENTRIES, lastRequest: e304c585-3570-440e-99de-d9fa99700cf9->e7b6a9e0-ae39-4816-bb7d-645997ba7398#1-t1,previous=(t:0, i:0),leaderCommit=0,initializing? true,entries: size=1, first=(t:1, i:0), CONFIGURATIONENTRY(current:id: "e7b6a9e0-ae39-4816-bb7d-645997ba7398"
address: "10.1.0.17:43339"
dataStreamAddress: "10.1.0.17:42737"
clientAddress: "10.1.0.17:43339"
adminAddress: "10.1.0.17:43339"
startupRole: FOLLOWER
,id: "e304c585-3570-440e-99de-d9fa99700cf9"
address: "10.1.0.17:36943"
priority: 1
dataStreamAddress: "10.1.0.17:42751"
clientAddress: "10.1.0.17:36943"
adminAddress: "10.1.0.17:36943"
startupRole: FOLLOWER
,id: "5ce02ec3-1add-4276-9232-59c2d20bf885"
address: "10.1.0.17:35345"
dataStreamAddress: "10.1.0.17:35525"
clientAddress: "10.1.0.17:35345"
adminAddress: "10.1.0.17:35345"
startupRole: FOLLOWER
, old:)
2023-03-29 21:17:12,393 [grpc-default-executor-3] INFO  server.GrpcLogAppender (GrpcLogAppender.java:onCompleted(415)) - e304c585-3570-440e-99de-d9fa99700cf9@group-9FB0EE27115B->e7b6a9e0-ae39-4816-bb7d-645997ba7398-AppendLogResponseHandler: follower responses appendEntries COMPLETED
2023-03-29 21:17:12,393 [grpc-default-executor-3] WARN  server.GrpcLogAppender (GrpcLogAppender.java:resetClient(137)) - e304c585-3570-440e-99de-d9fa99700cf9@group-9FB0EE27115B->e7b6a9e0-ae39-4816-bb7d-645997ba7398-GrpcLogAppender: Failed to getClient for e7b6a9e0-ae39-4816-bb7d-645997ba7398
org.apache.ratis.protocol.exceptions.AlreadyClosedException: e304c585-3570-440e-99de-d9fa99700cf9 is already CLOSED
	at org.apache.ratis.util.PeerProxyMap$PeerAndProxy.getProxy(PeerProxyMap.java:61)
	at org.apache.ratis.util.PeerProxyMap.getProxy(PeerProxyMap.java:115)
	at org.apache.ratis.grpc.server.GrpcLogAppender.getClient(GrpcLogAppender.java:116)
	at org.apache.ratis.grpc.server.GrpcLogAppender.resetClient(GrpcLogAppender.java:121)
	at org.apache.ratis.grpc.server.GrpcLogAppender.access$500(GrpcLogAppender.java:58)
	at org.apache.ratis.grpc.server.GrpcLogAppender$AppendLogResponseHandler.onCompleted(GrpcLogAppender.java:416)
	at org.apache.ratis.thirdparty.io.grpc.stub.ClientCalls$StreamObserverToCallListenerAdapter.onClose(ClientCalls.java:485)
	at org.apache.ratis.thirdparty.io.grpc.internal.ClientCallImpl.closeObserver(ClientCallImpl.java:562)
	at org.apache.ratis.thirdparty.io.grpc.internal.ClientCallImpl.access$300(ClientCallImpl.java:70)
	at org.apache.ratis.thirdparty.io.grpc.internal.ClientCallImpl$ClientStreamListenerImpl$1StreamClosed.runInternal(ClientCallImpl.java:743)
	at org.apache.ratis.thirdparty.io.grpc.internal.ClientCallImpl$ClientStreamListenerImpl$1StreamClosed.runInContext(ClientCallImpl.java:722)
	at org.apache.ratis.thirdparty.io.grpc.internal.ContextRunnable.run(ContextRunnable.java:37)
	at org.apache.ratis.thirdparty.io.grpc.internal.SerializingExecutor.run(SerializingExecutor.java:133)
	at java.util.concurrent.ThreadPoolExecutor.runWorker(ThreadPoolExecutor.java:1149)
	at java.util.concurrent.ThreadPoolExecutor$Worker.run(ThreadPoolExecutor.java:624)
	at java.lang.Thread.run(Thread.java:750)
2023-03-29 21:17:12,397 [5ce02ec3-1add-4276-9232-59c2d20bf885-impl-thread2] INFO  server.RaftServer$Division (RaftServerImpl.java:lambda$close$4(458)) - 5ce02ec3-1add-4276-9232-59c2d20bf885@group-4DDAD9061983: shutdown
2023-03-29 21:17:12,397 [5ce02ec3-1add-4276-9232-59c2d20bf885-impl-thread2] INFO  util.JmxRegister (JmxRegister.java:unregister(73)) - Successfully un-registered JMX Bean with object name Ratis:service=RaftServer,group=group-4DDAD9061983,id=5ce02ec3-1add-4276-9232-59c2d20bf885
2023-03-29 21:17:12,397 [5ce02ec3-1add-4276-9232-59c2d20bf885-impl-thread2] INFO  impl.RoleInfo (RoleInfo.java:shutdownLeaderState(93)) - 5ce02ec3-1add-4276-9232-59c2d20bf885: shutdown 5ce02ec3-1add-4276-9232-59c2d20bf885@group-4DDAD9061983-LeaderStateImpl
2023-03-29 21:17:12,398 [5ce02ec3-1add-4276-9232-59c2d20bf885-impl-thread2] INFO  impl.PendingRequests (PendingRequests.java:sendNotLeaderResponses(282)) - 5ce02ec3-1add-4276-9232-59c2d20bf885@group-4DDAD9061983-PendingRequests: sendNotLeaderResponses
2023-03-29 21:17:12,398 [5ce02ec3-1add-4276-9232-59c2d20bf885-impl-thread2] INFO  impl.StateMachineUpdater (StateMachineUpdater.java:stopAndJoin(153)) - 5ce02ec3-1add-4276-9232-59c2d20bf885@group-4DDAD9061983-StateMachineUpdater: set stopIndex = 0
2023-03-29 21:17:12,398 [5ce02ec3-1add-4276-9232-59c2d20bf885@group-4DDAD9061983-StateMachineUpdater] INFO  ratis.ContainerStateMachine (ContainerStateMachine.java:takeSnapshot(330)) - group-4DDAD9061983: Taking a snapshot at:(t:1, i:0) file /home/runner/work/ozone/ozone/hadoop-ozone/integration-test/target/test-dir/MiniOzoneClusterImpl-0d447e97-01e2-4ef6-85fe-af16170d97c2/datanode-0/data/ratis/b0753bb9-b8f2-41b0-9547-4ddad9061983/sm/snapshot.1_0
2023-03-29 21:17:12,398 [5ce02ec3-1add-4276-9232-59c2d20bf885@group-4DDAD9061983-StateMachineUpdater] INFO  ratis.ContainerStateMachine (ContainerStateMachine.java:takeSnapshot(341)) - group-4DDAD9061983: Finished taking a snapshot at:(t:1, i:0) file:/home/runner/work/ozone/ozone/hadoop-ozone/integration-test/target/test-dir/MiniOzoneClusterImpl-0d447e97-01e2-4ef6-85fe-af16170d97c2/datanode-0/data/ratis/b0753bb9-b8f2-41b0-9547-4ddad9061983/sm/snapshot.1_0 took: 0 ms
2023-03-29 21:17:12,399 [5ce02ec3-1add-4276-9232-59c2d20bf885@group-4DDAD9061983-StateMachineUpdater] INFO  impl.StateMachineUpdater (StateMachineUpdater.java:takeSnapshot(287)) - 5ce02ec3-1add-4276-9232-59c2d20bf885@group-4DDAD9061983-StateMachineUpdater: Took a snapshot at index 0
2023-03-29 21:17:12,399 [5ce02ec3-1add-4276-9232-59c2d20bf885@group-4DDAD9061983-StateMachineUpdater] INFO  impl.StateMachineUpdater (StateMachineUpdater.java:lambda$new$0(92)) - 5ce02ec3-1add-4276-9232-59c2d20bf885@group-4DDAD9061983-StateMachineUpdater: snapshotIndex: updateIncreasingly -1 -> 0
2023-03-29 21:17:12,404 [5ce02ec3-1add-4276-9232-59c2d20bf885-impl-thread2] INFO  server.RaftServer$Division (ServerState.java:close(466)) - 5ce02ec3-1add-4276-9232-59c2d20bf885@group-4DDAD9061983: closes. applyIndex: 0
2023-03-29 21:17:12,405 [ForkJoinPool.commonPool-worker-0] INFO  server.GrpcService (GrpcService.java:closeImpl(271)) - 5ce02ec3-1add-4276-9232-59c2d20bf885: shutdown server GrpcServerProtocolService now
2023-03-29 21:17:12,410 [e304c585-3570-440e-99de-d9fa99700cf9@group-40CFFDD3BB84-SegmentedRaftLogWorker] INFO  segmented.SegmentedRaftLogWorker (SegmentedRaftLogWorker.java:run(347)) - e304c585-3570-440e-99de-d9fa99700cf9@group-40CFFDD3BB84-SegmentedRaftLogWorker was interrupted, exiting. There are 0 tasks remaining in the queue.
2023-03-29 21:17:12,410 [e304c585-3570-440e-99de-d9fa99700cf9@group-9FB0EE27115B-SegmentedRaftLogWorker] INFO  segmented.SegmentedRaftLogWorker (SegmentedRaftLogWorker.java:run(347)) - e304c585-3570-440e-99de-d9fa99700cf9@group-9FB0EE27115B-SegmentedRaftLogWorker was interrupted, exiting. There are 0 tasks remaining in the queue.
2023-03-29 21:17:12,410 [5ce02ec3-1add-4276-9232-59c2d20bf885-impl-thread1] INFO  impl.StateMachineUpdater (StateMachineUpdater.java:stopAndJoin(153)) - 5ce02ec3-1add-4276-9232-59c2d20bf885@group-9FB0EE27115B-StateMachineUpdater: set stopIndex = 0
2023-03-29 21:17:12,410 [5ce02ec3-1add-4276-9232-59c2d20bf885@group-9FB0EE27115B-FollowerState] INFO  impl.FollowerState (FollowerState.java:run(152)) - 5ce02ec3-1add-4276-9232-59c2d20bf885@group-9FB0EE27115B-FollowerState was interrupted
2023-03-29 21:17:12,411 [grpc-default-executor-2] INFO  server.GrpcLogAppender (GrpcLogAppender.java:onCompleted(415)) - e304c585-3570-440e-99de-d9fa99700cf9@group-9FB0EE27115B->5ce02ec3-1add-4276-9232-59c2d20bf885-AppendLogResponseHandler: follower responses appendEntries COMPLETED
2023-03-29 21:17:12,411 [grpc-default-executor-3] INFO  server.GrpcLogAppender (GrpcLogAppender.java:onCompleted(415)) - e304c585-3570-440e-99de-d9fa99700cf9@group-9FB0EE27115B->5ce02ec3-1add-4276-9232-59c2d20bf885-AppendLogResponseHandler: follower responses appendEntries COMPLETED
2023-03-29 21:17:12,410 [5ce02ec3-1add-4276-9232-59c2d20bf885@group-9FB0EE27115B-StateMachineUpdater] INFO  ratis.ContainerStateMachine (ContainerStateMachine.java:takeSnapshot(330)) - group-9FB0EE27115B: Taking a snapshot at:(t:1, i:0) file /home/runner/work/ozone/ozone/hadoop-ozone/integration-test/target/test-dir/MiniOzoneClusterImpl-0d447e97-01e2-4ef6-85fe-af16170d97c2/datanode-0/data/ratis/88b7c5b2-f75f-4133-a5a7-9fb0ee27115b/sm/snapshot.1_0
2023-03-29 21:17:12,411 [grpc-default-executor-2] INFO  leader.FollowerInfo (FollowerInfoImpl.java:lambda$new$0(48)) - e304c585-3570-440e-99de-d9fa99700cf9@group-9FB0EE27115B->5ce02ec3-1add-4276-9232-59c2d20bf885: nextIndex: updateUnconditionally 1 -> 0
2023-03-29 21:17:12,412 [grpc-default-executor-3] INFO  leader.FollowerInfo (FollowerInfoImpl.java:lambda$new$0(48)) - e304c585-3570-440e-99de-d9fa99700cf9@group-9FB0EE27115B->5ce02ec3-1add-4276-9232-59c2d20bf885: nextIndex: updateUnconditionally 0 -> 0
2023-03-29 21:17:12,412 [5ce02ec3-1add-4276-9232-59c2d20bf885@group-4DDAD9061983-SegmentedRaftLogWorker] INFO  segmented.SegmentedRaftLogWorker (SegmentedRaftLogWorker.java:run(347)) - 5ce02ec3-1add-4276-9232-59c2d20bf885@group-4DDAD9061983-SegmentedRaftLogWorker was interrupted, exiting. There are 0 tasks remaining in the queue.
2023-03-29 21:17:12,413 [e304c585-3570-440e-99de-d9fa99700cf9-impl-thread2] INFO  segmented.SegmentedRaftLogWorker (SegmentedRaftLogWorker.java:close(257)) - e304c585-3570-440e-99de-d9fa99700cf9@group-A3E3D26BAD1E-SegmentedRaftLogWorker close()
2023-03-29 21:17:12,413 [5ce02ec3-1add-4276-9232-59c2d20bf885@group-9FB0EE27115B-StateMachineUpdater] INFO  ratis.ContainerStateMachine (ContainerStateMachine.java:takeSnapshot(341)) - group-9FB0EE27115B: Finished taking a snapshot at:(t:1, i:0) file:/home/runner/work/ozone/ozone/hadoop-ozone/integration-test/target/test-dir/MiniOzoneClusterImpl-0d447e97-01e2-4ef6-85fe-af16170d97c2/datanode-0/data/ratis/88b7c5b2-f75f-4133-a5a7-9fb0ee27115b/sm/snapshot.1_0 took: 3 ms
2023-03-29 21:17:12,414 [5ce02ec3-1add-4276-9232-59c2d20bf885@group-9FB0EE27115B-StateMachineUpdater] INFO  impl.StateMachineUpdater (StateMachineUpdater.java:takeSnapshot(287)) - 5ce02ec3-1add-4276-9232-59c2d20bf885@group-9FB0EE27115B-StateMachineUpdater: Took a snapshot at index 0
2023-03-29 21:17:12,414 [5ce02ec3-1add-4276-9232-59c2d20bf885@group-9FB0EE27115B-StateMachineUpdater] INFO  impl.StateMachineUpdater (StateMachineUpdater.java:lambda$new$0(92)) - 5ce02ec3-1add-4276-9232-59c2d20bf885@group-9FB0EE27115B-StateMachineUpdater: snapshotIndex: updateIncreasingly -1 -> 0
2023-03-29 21:17:12,414 [5ce02ec3-1add-4276-9232-59c2d20bf885-impl-thread1] INFO  server.RaftServer$Division (ServerState.java:close(466)) - 5ce02ec3-1add-4276-9232-59c2d20bf885@group-9FB0EE27115B: closes. applyIndex: 0
2023-03-29 21:17:12,414 [5ce02ec3-1add-4276-9232-59c2d20bf885@group-9FB0EE27115B-SegmentedRaftLogWorker] INFO  segmented.SegmentedRaftLogWorker (SegmentedRaftLogWorker.java:run(347)) - 5ce02ec3-1add-4276-9232-59c2d20bf885@group-9FB0EE27115B-SegmentedRaftLogWorker was interrupted, exiting. There are 0 tasks remaining in the queue.
2023-03-29 21:17:12,414 [5ce02ec3-1add-4276-9232-59c2d20bf885-impl-thread3] INFO  server.RaftServer$Division (RaftServerImpl.java:lambda$close$4(458)) - 5ce02ec3-1add-4276-9232-59c2d20bf885@group-40CFFDD3BB84: shutdown
2023-03-29 21:17:12,414 [5ce02ec3-1add-4276-9232-59c2d20bf885-impl-thread3] INFO  util.JmxRegister (JmxRegister.java:unregister(73)) - Successfully un-registered JMX Bean with object name Ratis:service=RaftServer,group=group-40CFFDD3BB84,id=5ce02ec3-1add-4276-9232-59c2d20bf885
2023-03-29 21:17:12,414 [5ce02ec3-1add-4276-9232-59c2d20bf885-impl-thread3] INFO  impl.RoleInfo (RoleInfo.java:shutdownLeaderState(93)) - 5ce02ec3-1add-4276-9232-59c2d20bf885: shutdown 5ce02ec3-1add-4276-9232-59c2d20bf885@group-40CFFDD3BB84-LeaderStateImpl
2023-03-29 21:17:12,415 [5ce02ec3-1add-4276-9232-59c2d20bf885@group-40CFFDD3BB84->e7b6a9e0-ae39-4816-bb7d-645997ba7398-GrpcLogAppender-LogAppenderDaemon] WARN  server.GrpcLogAppender (GrpcLogAppender.java:mayWait(200)) - 5ce02ec3-1add-4276-9232-59c2d20bf885@group-40CFFDD3BB84->e7b6a9e0-ae39-4816-bb7d-645997ba7398-GrpcLogAppender: Wait interrupted by java.lang.InterruptedException
2023-03-29 21:17:12,415 [grpc-default-executor-3] INFO  server.GrpcServerProtocolService (GrpcServerProtocolService.java:onCompleted(143)) - e7b6a9e0-ae39-4816-bb7d-645997ba7398: Completed APPEND_ENTRIES, lastRequest: 5ce02ec3-1add-4276-9232-59c2d20bf885->e7b6a9e0-ae39-4816-bb7d-645997ba7398#1-t1,previous=(t:0, i:0),leaderCommit=0,initializing? true,entries: size=1, first=(t:1, i:0), CONFIGURATIONENTRY(current:id: "e7b6a9e0-ae39-4816-bb7d-645997ba7398"
address: "10.1.0.17:43339"
dataStreamAddress: "10.1.0.17:42737"
clientAddress: "10.1.0.17:43339"
adminAddress: "10.1.0.17:43339"
startupRole: FOLLOWER
,id: "5ce02ec3-1add-4276-9232-59c2d20bf885"
address: "10.1.0.17:35345"
priority: 1
dataStreamAddress: "10.1.0.17:35525"
clientAddress: "10.1.0.17:35345"
adminAddress: "10.1.0.17:35345"
startupRole: FOLLOWER
,id: "e304c585-3570-440e-99de-d9fa99700cf9"
address: "10.1.0.17:36943"
dataStreamAddress: "10.1.0.17:42751"
clientAddress: "10.1.0.17:36943"
adminAddress: "10.1.0.17:36943"
startupRole: FOLLOWER
, old:)
2023-03-29 21:17:12,416 [grpc-default-executor-2] INFO  server.GrpcServerProtocolService (GrpcServerProtocolService.java:onCompleted(143)) - e7b6a9e0-ae39-4816-bb7d-645997ba7398: Completed APPEND_ENTRIES, lastRequest: null
2023-03-29 21:17:12,416 [5ce02ec3-1add-4276-9232-59c2d20bf885-impl-thread3] INFO  impl.PendingRequests (PendingRequests.java:sendNotLeaderResponses(282)) - 5ce02ec3-1add-4276-9232-59c2d20bf885@group-40CFFDD3BB84-PendingRequests: sendNotLeaderResponses
2023-03-29 21:17:12,416 [grpc-default-executor-4] INFO  server.GrpcLogAppender (GrpcLogAppender.java:onCompleted(415)) - 5ce02ec3-1add-4276-9232-59c2d20bf885@group-40CFFDD3BB84->e7b6a9e0-ae39-4816-bb7d-645997ba7398-AppendLogResponseHandler: follower responses appendEntries COMPLETED
2023-03-29 21:17:12,416 [grpc-default-executor-0] INFO  server.GrpcLogAppender (GrpcLogAppender.java:onCompleted(415)) - 5ce02ec3-1add-4276-9232-59c2d20bf885@group-40CFFDD3BB84->e7b6a9e0-ae39-4816-bb7d-645997ba7398-AppendLogResponseHandler: follower responses appendEntries COMPLETED
2023-03-29 21:17:12,416 [5ce02ec3-1add-4276-9232-59c2d20bf885@group-40CFFDD3BB84-StateMachineUpdater] INFO  ratis.ContainerStateMachine (ContainerStateMachine.java:takeSnapshot(330)) - group-40CFFDD3BB84: Taking a snapshot at:(t:1, i:0) file /home/runner/work/ozone/ozone/hadoop-ozone/integration-test/target/test-dir/MiniOzoneClusterImpl-0d447e97-01e2-4ef6-85fe-af16170d97c2/datanode-0/data/ratis/4223c33b-2598-4803-9bc1-40cffdd3bb84/sm/snapshot.1_0
2023-03-29 21:17:12,416 [grpc-default-executor-4] INFO  leader.FollowerInfo (FollowerInfoImpl.java:lambda$new$0(48)) - 5ce02ec3-1add-4276-9232-59c2d20bf885@group-40CFFDD3BB84->e7b6a9e0-ae39-4816-bb7d-645997ba7398: nextIndex: updateUnconditionally 1 -> 0
2023-03-29 21:17:12,417 [5ce02ec3-1add-4276-9232-59c2d20bf885-impl-thread3] INFO  impl.StateMachineUpdater (StateMachineUpdater.java:stopAndJoin(153)) - 5ce02ec3-1add-4276-9232-59c2d20bf885@group-40CFFDD3BB84-StateMachineUpdater: set stopIndex = 0
2023-03-29 21:17:12,417 [5ce02ec3-1add-4276-9232-59c2d20bf885@group-40CFFDD3BB84-StateMachineUpdater] INFO  ratis.ContainerStateMachine (ContainerStateMachine.java:takeSnapshot(341)) - group-40CFFDD3BB84: Finished taking a snapshot at:(t:1, i:0) file:/home/runner/work/ozone/ozone/hadoop-ozone/integration-test/target/test-dir/MiniOzoneClusterImpl-0d447e97-01e2-4ef6-85fe-af16170d97c2/datanode-0/data/ratis/4223c33b-2598-4803-9bc1-40cffdd3bb84/sm/snapshot.1_0 took: 1 ms
2023-03-29 21:17:12,417 [grpc-default-executor-0] INFO  leader.FollowerInfo (FollowerInfoImpl.java:lambda$new$0(48)) - 5ce02ec3-1add-4276-9232-59c2d20bf885@group-40CFFDD3BB84->e7b6a9e0-ae39-4816-bb7d-645997ba7398: nextIndex: updateUnconditionally 0 -> 0
2023-03-29 21:17:12,417 [5ce02ec3-1add-4276-9232-59c2d20bf885@group-40CFFDD3BB84-StateMachineUpdater] INFO  impl.StateMachineUpdater (StateMachineUpdater.java:takeSnapshot(287)) - 5ce02ec3-1add-4276-9232-59c2d20bf885@group-40CFFDD3BB84-StateMachineUpdater: Took a snapshot at index 0
2023-03-29 21:17:12,417 [5ce02ec3-1add-4276-9232-59c2d20bf885@group-40CFFDD3BB84-StateMachineUpdater] INFO  impl.StateMachineUpdater (StateMachineUpdater.java:lambda$new$0(92)) - 5ce02ec3-1add-4276-9232-59c2d20bf885@group-40CFFDD3BB84-StateMachineUpdater: snapshotIndex: updateIncreasingly -1 -> 0
2023-03-29 21:17:12,417 [5ce02ec3-1add-4276-9232-59c2d20bf885-impl-thread3] INFO  server.RaftServer$Division (ServerState.java:close(466)) - 5ce02ec3-1add-4276-9232-59c2d20bf885@group-40CFFDD3BB84: closes. applyIndex: 0
2023-03-29 21:17:12,418 [5ce02ec3-1add-4276-9232-59c2d20bf885@group-40CFFDD3BB84-SegmentedRaftLogWorker] INFO  segmented.SegmentedRaftLogWorker (SegmentedRaftLogWorker.java:run(347)) - 5ce02ec3-1add-4276-9232-59c2d20bf885@group-40CFFDD3BB84-SegmentedRaftLogWorker was interrupted, exiting. There are 0 tasks remaining in the queue.
2023-03-29 21:17:12,419 [ForkJoinPool.commonPool-worker-0] INFO  server.GrpcServerProtocolClient (GrpcServerProtocolClient.java:close(101)) - e7b6a9e0-ae39-4816-bb7d-645997ba7398 Close channels
2023-03-29 21:17:12,420 [e304c585-3570-440e-99de-d9fa99700cf9-impl-thread1] INFO  segmented.SegmentedRaftLogWorker (SegmentedRaftLogWorker.java:close(257)) - e304c585-3570-440e-99de-d9fa99700cf9@group-9FB0EE27115B-SegmentedRaftLogWorker close()
2023-03-29 21:17:12,420 [e304c585-3570-440e-99de-d9fa99700cf9-impl-thread3] INFO  segmented.SegmentedRaftLogWorker (SegmentedRaftLogWorker.java:close(257)) - e304c585-3570-440e-99de-d9fa99700cf9@group-40CFFDD3BB84-SegmentedRaftLogWorker close()
2023-03-29 21:17:12,420 [Listener at 127.0.0.1/45803] INFO  server.GrpcServerProtocolClient (GrpcServerProtocolClient.java:close(101)) - 5ce02ec3-1add-4276-9232-59c2d20bf885 Close channels
2023-03-29 21:17:12,421 [5ce02ec3-1add-4276-9232-59c2d20bf885-impl-thread1] INFO  segmented.SegmentedRaftLogWorker (SegmentedRaftLogWorker.java:close(257)) - 5ce02ec3-1add-4276-9232-59c2d20bf885@group-9FB0EE27115B-SegmentedRaftLogWorker close()
2023-03-29 21:17:12,421 [5ce02ec3-1add-4276-9232-59c2d20bf885-impl-thread2] INFO  segmented.SegmentedRaftLogWorker (SegmentedRaftLogWorker.java:close(257)) - 5ce02ec3-1add-4276-9232-59c2d20bf885@group-4DDAD9061983-SegmentedRaftLogWorker close()
2023-03-29 21:17:12,421 [5ce02ec3-1add-4276-9232-59c2d20bf885-impl-thread3] INFO  segmented.SegmentedRaftLogWorker (SegmentedRaftLogWorker.java:close(257)) - 5ce02ec3-1add-4276-9232-59c2d20bf885@group-40CFFDD3BB84-SegmentedRaftLogWorker close()
2023-03-29 21:17:12,423 [Listener at 127.0.0.1/45803] INFO  server.GrpcService (GrpcService.java:closeImpl(280)) - e304c585-3570-440e-99de-d9fa99700cf9: shutdown server GrpcServerProtocolService successfully
2023-03-29 21:17:12,423 [e304c585-3570-440e-99de-d9fa99700cf9-NettyServerStreamRpc-bossGroup--thread1] INFO  logging.LoggingHandler (AbstractInternalLogger.java:log(148)) - [id: 0x59fa5776, L:/0:0:0:0:0:0:0:0:42751] CLOSE
2023-03-29 21:17:12,423 [e304c585-3570-440e-99de-d9fa99700cf9-NettyServerStreamRpc-bossGroup--thread1] INFO  logging.LoggingHandler (AbstractInternalLogger.java:log(148)) - [id: 0x59fa5776, L:/0:0:0:0:0:0:0:0:42751] INACTIVE
2023-03-29 21:17:12,423 [e304c585-3570-440e-99de-d9fa99700cf9-NettyServerStreamRpc-bossGroup--thread1] INFO  logging.LoggingHandler (AbstractInternalLogger.java:log(148)) - [id: 0x59fa5776, L:/0:0:0:0:0:0:0:0:42751] UNREGISTERED
2023-03-29 21:17:12,426 [ForkJoinPool.commonPool-worker-0] INFO  server.GrpcServerProtocolClient (GrpcServerProtocolClient.java:close(101)) - e304c585-3570-440e-99de-d9fa99700cf9 Close channels
2023-03-29 21:17:12,437 [JvmPauseMonitor8] INFO  util.JvmPauseMonitor (JvmPauseMonitor.java:run(111)) - JvmPauseMonitor-e304c585-3570-440e-99de-d9fa99700cf9: Stopped
2023-03-29 21:17:12,438 [ForkJoinPool.commonPool-worker-0] INFO  server.GrpcService (GrpcService.java:closeImpl(280)) - 5ce02ec3-1add-4276-9232-59c2d20bf885: shutdown server GrpcServerProtocolService successfully
2023-03-29 21:17:12,438 [5ce02ec3-1add-4276-9232-59c2d20bf885-NettyServerStreamRpc-bossGroup--thread1] INFO  logging.LoggingHandler (AbstractInternalLogger.java:log(148)) - [id: 0xc2e1b4b1, L:/0:0:0:0:0:0:0:0:35525] CLOSE
2023-03-29 21:17:12,438 [5ce02ec3-1add-4276-9232-59c2d20bf885-NettyServerStreamRpc-bossGroup--thread1] INFO  logging.LoggingHandler (AbstractInternalLogger.java:log(148)) - [id: 0xc2e1b4b1, L:/0:0:0:0:0:0:0:0:35525] INACTIVE
2023-03-29 21:17:12,438 [5ce02ec3-1add-4276-9232-59c2d20bf885-NettyServerStreamRpc-bossGroup--thread1] INFO  logging.LoggingHandler (AbstractInternalLogger.java:log(148)) - [id: 0xc2e1b4b1, L:/0:0:0:0:0:0:0:0:35525] UNREGISTERED
2023-03-29 21:17:12,449 [JvmPauseMonitor7] INFO  util.JvmPauseMonitor (JvmPauseMonitor.java:run(111)) - JvmPauseMonitor-5ce02ec3-1add-4276-9232-59c2d20bf885: Stopped
2023-03-29 21:17:12,449 [e7b6a9e0-ae39-4816-bb7d-645997ba7398@group-8AEBF895815C-FollowerState] INFO  impl.FollowerState (FollowerState.java:run(143)) - e7b6a9e0-ae39-4816-bb7d-645997ba7398@group-8AEBF895815C-FollowerState: change to CANDIDATE, lastRpcElapsedTime:5146766687ns, electionTimeout:5143ms
2023-03-29 21:17:12,450 [e7b6a9e0-ae39-4816-bb7d-645997ba7398@group-8AEBF895815C-FollowerState] INFO  impl.RoleInfo (RoleInfo.java:shutdownFollowerState(110)) - e7b6a9e0-ae39-4816-bb7d-645997ba7398: shutdown e7b6a9e0-ae39-4816-bb7d-645997ba7398@group-8AEBF895815C-FollowerState
2023-03-29 21:17:12,450 [e7b6a9e0-ae39-4816-bb7d-645997ba7398@group-8AEBF895815C-FollowerState] INFO  server.RaftServer$Division (RaftServerImpl.java:setRole(321)) - e7b6a9e0-ae39-4816-bb7d-645997ba7398@group-8AEBF895815C: changes role from  FOLLOWER to CANDIDATE at term 0 for changeToCandidate
2023-03-29 21:17:12,450 [e7b6a9e0-ae39-4816-bb7d-645997ba7398@group-8AEBF895815C-FollowerState] INFO  server.RaftServerConfigKeys (ConfUtils.java:logGet(46)) - raft.server.leaderelection.pre-vote = true (default)
2023-03-29 21:17:12,451 [e7b6a9e0-ae39-4816-bb7d-645997ba7398@group-8AEBF895815C-FollowerState] INFO  impl.RoleInfo (RoleInfo.java:updateAndGet(139)) - e7b6a9e0-ae39-4816-bb7d-645997ba7398: start e7b6a9e0-ae39-4816-bb7d-645997ba7398@group-8AEBF895815C-LeaderElection16
2023-03-29 21:17:12,458 [e7b6a9e0-ae39-4816-bb7d-645997ba7398@group-8AEBF895815C-LeaderElection16] INFO  impl.LeaderElection (LeaderElection.java:askForVotes(312)) - e7b6a9e0-ae39-4816-bb7d-645997ba7398@group-8AEBF895815C-LeaderElection16 PRE_VOTE round 0: submit vote requests at term 0 for -1: peers:[e7b6a9e0-ae39-4816-bb7d-645997ba7398|rpc:10.1.0.17:43339|dataStream:10.1.0.17:42737|priority:1|startupRole:FOLLOWER]|listeners:[], old=null
2023-03-29 21:17:12,458 [e7b6a9e0-ae39-4816-bb7d-645997ba7398@group-8AEBF895815C-LeaderElection16] INFO  impl.LeaderElection (LeaderElection.java:askForVotes(314)) - e7b6a9e0-ae39-4816-bb7d-645997ba7398@group-8AEBF895815C-LeaderElection16 PRE_VOTE round 0: result PASSED (term=0)
2023-03-29 21:17:12,459 [e7b6a9e0-ae39-4816-bb7d-645997ba7398@group-8AEBF895815C-LeaderElection16] INFO  impl.LeaderElection (LeaderElection.java:askForVotes(312)) - e7b6a9e0-ae39-4816-bb7d-645997ba7398@group-8AEBF895815C-LeaderElection16 ELECTION round 0: submit vote requests at term 1 for -1: peers:[e7b6a9e0-ae39-4816-bb7d-645997ba7398|rpc:10.1.0.17:43339|dataStream:10.1.0.17:42737|priority:1|startupRole:FOLLOWER]|listeners:[], old=null
2023-03-29 21:17:12,459 [e7b6a9e0-ae39-4816-bb7d-645997ba7398@group-8AEBF895815C-LeaderElection16] INFO  impl.LeaderElection (LeaderElection.java:askForVotes(314)) - e7b6a9e0-ae39-4816-bb7d-645997ba7398@group-8AEBF895815C-LeaderElection16 ELECTION round 0: result PASSED (term=1)
2023-03-29 21:17:12,459 [e7b6a9e0-ae39-4816-bb7d-645997ba7398@group-8AEBF895815C-LeaderElection16] INFO  impl.RoleInfo (RoleInfo.java:shutdownLeaderElection(130)) - e7b6a9e0-ae39-4816-bb7d-645997ba7398: shutdown e7b6a9e0-ae39-4816-bb7d-645997ba7398@group-8AEBF895815C-LeaderElection16
2023-03-29 21:17:12,459 [e7b6a9e0-ae39-4816-bb7d-645997ba7398@group-8AEBF895815C-LeaderElection16] INFO  server.RaftServer$Division (RaftServerImpl.java:setRole(321)) - e7b6a9e0-ae39-4816-bb7d-645997ba7398@group-8AEBF895815C: changes role from CANDIDATE to LEADER at term 1 for changeToLeader
2023-03-29 21:17:12,459 [e7b6a9e0-ae39-4816-bb7d-645997ba7398@group-8AEBF895815C-LeaderElection16] INFO  ratis.XceiverServerRatis (XceiverServerRatis.java:handleLeaderChangedNotification(904)) - Leader change notification received for group: group-8AEBF895815C with new leaderId: e7b6a9e0-ae39-4816-bb7d-645997ba7398
2023-03-29 21:17:12,459 [e7b6a9e0-ae39-4816-bb7d-645997ba7398@group-8AEBF895815C-LeaderElection16] INFO  server.RaftServer$Division (ServerState.java:setLeader(313)) - e7b6a9e0-ae39-4816-bb7d-645997ba7398@group-8AEBF895815C: change Leader from null to e7b6a9e0-ae39-4816-bb7d-645997ba7398 at term 1 for becomeLeader, leader elected after 5171ms
2023-03-29 21:17:12,459 [e7b6a9e0-ae39-4816-bb7d-645997ba7398@group-8AEBF895815C-LeaderElection16] INFO  server.RaftServerConfigKeys (ConfUtils.java:logGet(46)) - raft.server.staging.catchup.gap = 1000 (default)
2023-03-29 21:17:12,460 [e7b6a9e0-ae39-4816-bb7d-645997ba7398@group-8AEBF895815C-LeaderElection16] INFO  server.RaftServerConfigKeys (ConfUtils.java:logGet(46)) - raft.server.write.element-limit = 1024 (custom)
2023-03-29 21:17:12,460 [e7b6a9e0-ae39-4816-bb7d-645997ba7398@group-8AEBF895815C-LeaderElection16] INFO  server.RaftServerConfigKeys (ConfUtils.java:logGet(46)) - raft.server.write.byte-limit = 1024 M (=1073741824) (custom)
2023-03-29 21:17:12,460 [e7b6a9e0-ae39-4816-bb7d-645997ba7398@group-8AEBF895815C-LeaderElection16] INFO  server.RaftServerConfigKeys (ConfUtils.java:logGet(46)) - raft.server.watch.timeout = 180s (custom)
2023-03-29 21:17:12,460 [e7b6a9e0-ae39-4816-bb7d-645997ba7398@group-8AEBF895815C-LeaderElection16] INFO  server.RaftServerConfigKeys (ConfUtils.java:logGet(46)) - raft.server.watch.timeout.denomination = 1s (default)
2023-03-29 21:17:12,461 [e7b6a9e0-ae39-4816-bb7d-645997ba7398@group-8AEBF895815C-LeaderElection16] INFO  server.RaftServerConfigKeys (ConfUtils.java:logGet(46)) - raft.server.watch.element-limit = 65536 (default)
2023-03-29 21:17:12,461 [e7b6a9e0-ae39-4816-bb7d-645997ba7398@group-8AEBF895815C-LeaderElection16] INFO  server.RaftServerConfigKeys (ConfUtils.java:logGet(46)) - raft.server.write.element-limit = 1024 (custom)
2023-03-29 21:17:12,461 [e7b6a9e0-ae39-4816-bb7d-645997ba7398@group-8AEBF895815C-LeaderElection16] INFO  server.RaftServerConfigKeys (ConfUtils.java:logGet(46)) - raft.server.write.follower.gap.ratio.max = -1.0 (default)
2023-03-29 21:17:12,461 [e7b6a9e0-ae39-4816-bb7d-645997ba7398@group-8AEBF895815C-LeaderElection16] INFO  impl.RoleInfo (RoleInfo.java:updateAndGet(139)) - e7b6a9e0-ae39-4816-bb7d-645997ba7398: start e7b6a9e0-ae39-4816-bb7d-645997ba7398@group-8AEBF895815C-LeaderStateImpl
2023-03-29 21:17:12,461 [e7b6a9e0-ae39-4816-bb7d-645997ba7398@group-8AEBF895815C-LeaderElection16] INFO  segmented.SegmentedRaftLogWorker (SegmentedRaftLogWorker.java:startLogSegment(452)) - e7b6a9e0-ae39-4816-bb7d-645997ba7398@group-8AEBF895815C-SegmentedRaftLogWorker: Starting segment from index:0
2023-03-29 21:17:12,461 [e7b6a9e0-ae39-4816-bb7d-645997ba7398@group-8AEBF895815C-LeaderElection16] INFO  server.RaftServer$Division (ServerState.java:setRaftConf(430)) - e7b6a9e0-ae39-4816-bb7d-645997ba7398@group-8AEBF895815C: set configuration 0: peers:[e7b6a9e0-ae39-4816-bb7d-645997ba7398|rpc:10.1.0.17:43339|dataStream:10.1.0.17:42737|priority:1|startupRole:FOLLOWER]|listeners:[], old=null
2023-03-29 21:17:12,465 [e7b6a9e0-ae39-4816-bb7d-645997ba7398@group-8AEBF895815C-SegmentedRaftLogWorker] INFO  segmented.SegmentedRaftLogWorker (SegmentedRaftLogWorker.java:execute(656)) - e7b6a9e0-ae39-4816-bb7d-645997ba7398@group-8AEBF895815C-SegmentedRaftLogWorker: created new log segment /home/runner/work/ozone/ozone/hadoop-ozone/integration-test/target/test-dir/MiniOzoneClusterImpl-0d447e97-01e2-4ef6-85fe-af16170d97c2/datanode-2/data/ratis/aa6063c2-df96-40ce-9a2b-8aebf895815c/current/log_inprogress_0
2023-03-29 21:17:14,450 [Listener at 127.0.0.1/45803] INFO  volume.HddsVolume (HddsVolume.java:closeDbStore(437)) - SchemaV3 db is stopped at /home/runner/work/ozone/ozone/hadoop-ozone/integration-test/target/test-dir/MiniOzoneClusterImpl-0d447e97-01e2-4ef6-85fe-af16170d97c2/datanode-1/data-0/containers/hdds/0d447e97-01e2-4ef6-85fe-af16170d97c2/DS-3c5c0f4a-830b-433a-87ca-1a0765d7e334/container.db for volume DS-3c5c0f4a-830b-433a-87ca-1a0765d7e334
2023-03-29 21:17:14,451 [Listener at 127.0.0.1/45803] INFO  utils.BackgroundService (BackgroundService.java:shutdown(141)) - Shutting down service BlockDeletingService
2023-03-29 21:17:14,451 [Listener at 127.0.0.1/45803] INFO  utils.BackgroundService (BackgroundService.java:shutdown(141)) - Shutting down service StaleRecoveringContainerScrubbingService
2023-03-29 21:17:14,454 [Listener at 127.0.0.1/45803] INFO  statemachine.DatanodeStateMachine (DatanodeStateMachine.java:stopDaemon(601)) - Ozone container server stopped.
2023-03-29 21:17:14,461 [ForkJoinPool.commonPool-worker-0] INFO  volume.HddsVolume (HddsVolume.java:closeDbStore(437)) - SchemaV3 db is stopped at /home/runner/work/ozone/ozone/hadoop-ozone/integration-test/target/test-dir/MiniOzoneClusterImpl-0d447e97-01e2-4ef6-85fe-af16170d97c2/datanode-0/data-0/containers/hdds/0d447e97-01e2-4ef6-85fe-af16170d97c2/DS-9511dc6a-f6cb-464e-a53d-1840dc571d84/container.db for volume DS-9511dc6a-f6cb-464e-a53d-1840dc571d84
2023-03-29 21:17:14,462 [ForkJoinPool.commonPool-worker-0] INFO  utils.BackgroundService (BackgroundService.java:shutdown(141)) - Shutting down service BlockDeletingService
2023-03-29 21:17:14,462 [ForkJoinPool.commonPool-worker-0] INFO  utils.BackgroundService (BackgroundService.java:shutdown(141)) - Shutting down service StaleRecoveringContainerScrubbingService
2023-03-29 21:17:14,463 [ForkJoinPool.commonPool-worker-0] INFO  statemachine.DatanodeStateMachine (DatanodeStateMachine.java:stopDaemon(601)) - Ozone container server stopped.
2023-03-29 21:17:14,473 [Listener at 127.0.0.1/45803] INFO  handler.ContextHandler (ContextHandler.java:doStop(1159)) - Stopped o.e.j.w.WebAppContext@6026f31b{hddsDatanode,/,null,STOPPED}{jar:file:/home/runner/.m2/repository/org/apache/ozone/hdds-container-service/1.4.0-SNAPSHOT/hdds-container-service-1.4.0-SNAPSHOT.jar!/webapps/hddsDatanode}
2023-03-29 21:17:14,475 [Listener at 127.0.0.1/45803] INFO  server.AbstractConnector (AbstractConnector.java:doStop(383)) - Stopped ServerConnector@6080fc6b{HTTP/1.1, (http/1.1)}{0.0.0.0:0}
2023-03-29 21:17:14,475 [Listener at 127.0.0.1/45803] INFO  server.session (HouseKeeper.java:stopScavenging(149)) - node0 Stopped scavenging
2023-03-29 21:17:14,475 [Listener at 127.0.0.1/45803] INFO  handler.ContextHandler (ContextHandler.java:doStop(1159)) - Stopped o.e.j.s.ServletContextHandler@79f5a54f{static,/static,jar:file:/home/runner/.m2/repository/org/apache/ozone/hdds-container-service/1.4.0-SNAPSHOT/hdds-container-service-1.4.0-SNAPSHOT.jar!/webapps/static,STOPPED}
2023-03-29 21:17:14,476 [Listener at 127.0.0.1/45803] INFO  handler.ContextHandler (ContextHandler.java:doStop(1159)) - Stopped o.e.j.s.ServletContextHandler@713c2c89{logs,/logs,file:///home/runner/work/ozone/ozone/hadoop-ozone/integration-test/target/log,STOPPED}
2023-03-29 21:17:14,479 [Listener at 127.0.0.1/45803] INFO  ozoneimpl.OzoneContainer (OzoneContainer.java:stop(419)) - Attempting to stop container services.
2023-03-29 21:17:14,480 [Listener at 127.0.0.1/45803] INFO  server.RaftServer (RaftServerProxy.java:lambda$close$6(409)) - e7b6a9e0-ae39-4816-bb7d-645997ba7398: close
2023-03-29 21:17:14,480 [e7b6a9e0-ae39-4816-bb7d-645997ba7398-impl-thread1] INFO  server.RaftServer$Division (RaftServerImpl.java:lambda$close$4(458)) - e7b6a9e0-ae39-4816-bb7d-645997ba7398@group-9FB0EE27115B: shutdown
2023-03-29 21:17:14,480 [e7b6a9e0-ae39-4816-bb7d-645997ba7398-impl-thread1] INFO  util.JmxRegister (JmxRegister.java:unregister(73)) - Successfully un-registered JMX Bean with object name Ratis:service=RaftServer,group=group-9FB0EE27115B,id=e7b6a9e0-ae39-4816-bb7d-645997ba7398
2023-03-29 21:17:14,480 [e7b6a9e0-ae39-4816-bb7d-645997ba7398-impl-thread1] INFO  impl.RoleInfo (RoleInfo.java:shutdownFollowerState(110)) - e7b6a9e0-ae39-4816-bb7d-645997ba7398: shutdown e7b6a9e0-ae39-4816-bb7d-645997ba7398@group-9FB0EE27115B-FollowerState
2023-03-29 21:17:14,485 [e7b6a9e0-ae39-4816-bb7d-645997ba7398-impl-thread2] INFO  server.RaftServer$Division (RaftServerImpl.java:lambda$close$4(458)) - e7b6a9e0-ae39-4816-bb7d-645997ba7398@group-8AEBF895815C: shutdown
2023-03-29 21:17:14,485 [e7b6a9e0-ae39-4816-bb7d-645997ba7398-impl-thread2] INFO  util.JmxRegister (JmxRegister.java:unregister(73)) - Successfully un-registered JMX Bean with object name Ratis:service=RaftServer,group=group-8AEBF895815C,id=e7b6a9e0-ae39-4816-bb7d-645997ba7398
2023-03-29 21:17:14,485 [e7b6a9e0-ae39-4816-bb7d-645997ba7398-impl-thread2] INFO  impl.RoleInfo (RoleInfo.java:shutdownLeaderState(93)) - e7b6a9e0-ae39-4816-bb7d-645997ba7398: shutdown e7b6a9e0-ae39-4816-bb7d-645997ba7398@group-8AEBF895815C-LeaderStateImpl
2023-03-29 21:17:14,485 [e7b6a9e0-ae39-4816-bb7d-645997ba7398-impl-thread2] INFO  impl.PendingRequests (PendingRequests.java:sendNotLeaderResponses(282)) - e7b6a9e0-ae39-4816-bb7d-645997ba7398@group-8AEBF895815C-PendingRequests: sendNotLeaderResponses
2023-03-29 21:17:14,485 [e7b6a9e0-ae39-4816-bb7d-645997ba7398-impl-thread2] INFO  impl.StateMachineUpdater (StateMachineUpdater.java:stopAndJoin(153)) - e7b6a9e0-ae39-4816-bb7d-645997ba7398@group-8AEBF895815C-StateMachineUpdater: set stopIndex = 0
2023-03-29 21:17:14,486 [e7b6a9e0-ae39-4816-bb7d-645997ba7398@group-8AEBF895815C-StateMachineUpdater] INFO  ratis.ContainerStateMachine (ContainerStateMachine.java:takeSnapshot(330)) - group-8AEBF895815C: Taking a snapshot at:(t:1, i:0) file /home/runner/work/ozone/ozone/hadoop-ozone/integration-test/target/test-dir/MiniOzoneClusterImpl-0d447e97-01e2-4ef6-85fe-af16170d97c2/datanode-2/data/ratis/aa6063c2-df96-40ce-9a2b-8aebf895815c/sm/snapshot.1_0
2023-03-29 21:17:14,490 [e7b6a9e0-ae39-4816-bb7d-645997ba7398-impl-thread1] INFO  impl.StateMachineUpdater (StateMachineUpdater.java:stopAndJoin(153)) - e7b6a9e0-ae39-4816-bb7d-645997ba7398@group-9FB0EE27115B-StateMachineUpdater: set stopIndex = 0
2023-03-29 21:17:14,490 [e7b6a9e0-ae39-4816-bb7d-645997ba7398@group-9FB0EE27115B-FollowerState] INFO  impl.FollowerState (FollowerState.java:run(152)) - e7b6a9e0-ae39-4816-bb7d-645997ba7398@group-9FB0EE27115B-FollowerState was interrupted
2023-03-29 21:17:14,490 [e7b6a9e0-ae39-4816-bb7d-645997ba7398@group-9FB0EE27115B-StateMachineUpdater] INFO  ratis.ContainerStateMachine (ContainerStateMachine.java:takeSnapshot(330)) - group-9FB0EE27115B: Taking a snapshot at:(t:1, i:0) file /home/runner/work/ozone/ozone/hadoop-ozone/integration-test/target/test-dir/MiniOzoneClusterImpl-0d447e97-01e2-4ef6-85fe-af16170d97c2/datanode-2/data/ratis/88b7c5b2-f75f-4133-a5a7-9fb0ee27115b/sm/snapshot.1_0
2023-03-29 21:17:14,490 [Listener at 127.0.0.1/45803] INFO  server.GrpcService (GrpcService.java:closeImpl(271)) - e7b6a9e0-ae39-4816-bb7d-645997ba7398: shutdown server GrpcServerProtocolService now
2023-03-29 21:17:14,490 [e7b6a9e0-ae39-4816-bb7d-645997ba7398-impl-thread3] INFO  server.RaftServer$Division (RaftServerImpl.java:lambda$close$4(458)) - e7b6a9e0-ae39-4816-bb7d-645997ba7398@group-40CFFDD3BB84: shutdown
2023-03-29 21:17:14,490 [e7b6a9e0-ae39-4816-bb7d-645997ba7398@group-9FB0EE27115B-StateMachineUpdater] INFO  ratis.ContainerStateMachine (ContainerStateMachine.java:takeSnapshot(341)) - group-9FB0EE27115B: Finished taking a snapshot at:(t:1, i:0) file:/home/runner/work/ozone/ozone/hadoop-ozone/integration-test/target/test-dir/MiniOzoneClusterImpl-0d447e97-01e2-4ef6-85fe-af16170d97c2/datanode-2/data/ratis/88b7c5b2-f75f-4133-a5a7-9fb0ee27115b/sm/snapshot.1_0 took: 0 ms
2023-03-29 21:17:14,491 [e7b6a9e0-ae39-4816-bb7d-645997ba7398@group-9FB0EE27115B-StateMachineUpdater] INFO  impl.StateMachineUpdater (StateMachineUpdater.java:takeSnapshot(287)) - e7b6a9e0-ae39-4816-bb7d-645997ba7398@group-9FB0EE27115B-StateMachineUpdater: Took a snapshot at index 0
2023-03-29 21:17:14,491 [e7b6a9e0-ae39-4816-bb7d-645997ba7398@group-9FB0EE27115B-StateMachineUpdater] INFO  impl.StateMachineUpdater (StateMachineUpdater.java:lambda$new$0(92)) - e7b6a9e0-ae39-4816-bb7d-645997ba7398@group-9FB0EE27115B-StateMachineUpdater: snapshotIndex: updateIncreasingly -1 -> 0
2023-03-29 21:17:14,491 [e7b6a9e0-ae39-4816-bb7d-645997ba7398-impl-thread1] INFO  server.RaftServer$Division (ServerState.java:close(466)) - e7b6a9e0-ae39-4816-bb7d-645997ba7398@group-9FB0EE27115B: closes. applyIndex: 0
2023-03-29 21:17:14,491 [e7b6a9e0-ae39-4816-bb7d-645997ba7398@group-9FB0EE27115B-SegmentedRaftLogWorker] INFO  segmented.SegmentedRaftLogWorker (SegmentedRaftLogWorker.java:run(347)) - e7b6a9e0-ae39-4816-bb7d-645997ba7398@group-9FB0EE27115B-SegmentedRaftLogWorker was interrupted, exiting. There are 0 tasks remaining in the queue.
2023-03-29 21:17:14,491 [e7b6a9e0-ae39-4816-bb7d-645997ba7398@group-8AEBF895815C-StateMachineUpdater] INFO  ratis.ContainerStateMachine (ContainerStateMachine.java:takeSnapshot(341)) - group-8AEBF895815C: Finished taking a snapshot at:(t:1, i:0) file:/home/runner/work/ozone/ozone/hadoop-ozone/integration-test/target/test-dir/MiniOzoneClusterImpl-0d447e97-01e2-4ef6-85fe-af16170d97c2/datanode-2/data/ratis/aa6063c2-df96-40ce-9a2b-8aebf895815c/sm/snapshot.1_0 took: 6 ms
2023-03-29 21:17:14,491 [e7b6a9e0-ae39-4816-bb7d-645997ba7398@group-8AEBF895815C-StateMachineUpdater] INFO  impl.StateMachineUpdater (StateMachineUpdater.java:takeSnapshot(287)) - e7b6a9e0-ae39-4816-bb7d-645997ba7398@group-8AEBF895815C-StateMachineUpdater: Took a snapshot at index 0
2023-03-29 21:17:14,491 [e7b6a9e0-ae39-4816-bb7d-645997ba7398@group-8AEBF895815C-StateMachineUpdater] INFO  impl.StateMachineUpdater (StateMachineUpdater.java:lambda$new$0(92)) - e7b6a9e0-ae39-4816-bb7d-645997ba7398@group-8AEBF895815C-StateMachineUpdater: snapshotIndex: updateIncreasingly -1 -> 0
2023-03-29 21:17:14,492 [ForkJoinPool.commonPool-worker-0] INFO  handler.ContextHandler (ContextHandler.java:doStop(1159)) - Stopped o.e.j.w.WebAppContext@20c4129a{hddsDatanode,/,null,STOPPED}{jar:file:/home/runner/.m2/repository/org/apache/ozone/hdds-container-service/1.4.0-SNAPSHOT/hdds-container-service-1.4.0-SNAPSHOT.jar!/webapps/hddsDatanode}
2023-03-29 21:17:14,493 [ForkJoinPool.commonPool-worker-0] INFO  server.AbstractConnector (AbstractConnector.java:doStop(383)) - Stopped ServerConnector@5396a99a{HTTP/1.1, (http/1.1)}{0.0.0.0:0}
2023-03-29 21:17:14,493 [ForkJoinPool.commonPool-worker-0] INFO  server.session (HouseKeeper.java:stopScavenging(149)) - node0 Stopped scavenging
2023-03-29 21:17:14,493 [e7b6a9e0-ae39-4816-bb7d-645997ba7398-impl-thread3] INFO  util.JmxRegister (JmxRegister.java:unregister(73)) - Successfully un-registered JMX Bean with object name Ratis:service=RaftServer,group=group-40CFFDD3BB84,id=e7b6a9e0-ae39-4816-bb7d-645997ba7398
2023-03-29 21:17:14,494 [e7b6a9e0-ae39-4816-bb7d-645997ba7398-impl-thread3] INFO  impl.RoleInfo (RoleInfo.java:shutdownFollowerState(110)) - e7b6a9e0-ae39-4816-bb7d-645997ba7398: shutdown e7b6a9e0-ae39-4816-bb7d-645997ba7398@group-40CFFDD3BB84-FollowerState
2023-03-29 21:17:14,494 [e7b6a9e0-ae39-4816-bb7d-645997ba7398-impl-thread2] INFO  server.RaftServer$Division (ServerState.java:close(466)) - e7b6a9e0-ae39-4816-bb7d-645997ba7398@group-8AEBF895815C: closes. applyIndex: 0
2023-03-29 21:17:14,494 [Listener at 127.0.0.1/45803] INFO  server.GrpcService (GrpcService.java:closeImpl(280)) - e7b6a9e0-ae39-4816-bb7d-645997ba7398: shutdown server GrpcServerProtocolService successfully
2023-03-29 21:17:14,494 [e7b6a9e0-ae39-4816-bb7d-645997ba7398@group-40CFFDD3BB84-StateMachineUpdater] INFO  ratis.ContainerStateMachine (ContainerStateMachine.java:takeSnapshot(330)) - group-40CFFDD3BB84: Taking a snapshot at:(t:1, i:0) file /home/runner/work/ozone/ozone/hadoop-ozone/integration-test/target/test-dir/MiniOzoneClusterImpl-0d447e97-01e2-4ef6-85fe-af16170d97c2/datanode-2/data/ratis/4223c33b-2598-4803-9bc1-40cffdd3bb84/sm/snapshot.1_0
2023-03-29 21:17:14,494 [e7b6a9e0-ae39-4816-bb7d-645997ba7398@group-8AEBF895815C-SegmentedRaftLogWorker] INFO  segmented.SegmentedRaftLogWorker (SegmentedRaftLogWorker.java:run(347)) - e7b6a9e0-ae39-4816-bb7d-645997ba7398@group-8AEBF895815C-SegmentedRaftLogWorker was interrupted, exiting. There are 0 tasks remaining in the queue.
2023-03-29 21:17:14,494 [e7b6a9e0-ae39-4816-bb7d-645997ba7398-impl-thread3] INFO  impl.StateMachineUpdater (StateMachineUpdater.java:stopAndJoin(153)) - e7b6a9e0-ae39-4816-bb7d-645997ba7398@group-40CFFDD3BB84-StateMachineUpdater: set stopIndex = 0
2023-03-29 21:17:14,494 [e7b6a9e0-ae39-4816-bb7d-645997ba7398@group-40CFFDD3BB84-FollowerState] INFO  impl.FollowerState (FollowerState.java:run(152)) - e7b6a9e0-ae39-4816-bb7d-645997ba7398@group-40CFFDD3BB84-FollowerState was interrupted
2023-03-29 21:17:14,494 [e7b6a9e0-ae39-4816-bb7d-645997ba7398-NettyServerStreamRpc-bossGroup--thread1] INFO  logging.LoggingHandler (AbstractInternalLogger.java:log(148)) - [id: 0xaa04350c, L:/0:0:0:0:0:0:0:0:42737] CLOSE
2023-03-29 21:17:14,494 [e7b6a9e0-ae39-4816-bb7d-645997ba7398-NettyServerStreamRpc-bossGroup--thread1] INFO  logging.LoggingHandler (AbstractInternalLogger.java:log(148)) - [id: 0xaa04350c, L:/0:0:0:0:0:0:0:0:42737] INACTIVE
2023-03-29 21:17:14,495 [e7b6a9e0-ae39-4816-bb7d-645997ba7398-NettyServerStreamRpc-bossGroup--thread1] INFO  logging.LoggingHandler (AbstractInternalLogger.java:log(148)) - [id: 0xaa04350c, L:/0:0:0:0:0:0:0:0:42737] UNREGISTERED
2023-03-29 21:17:14,495 [e7b6a9e0-ae39-4816-bb7d-645997ba7398@group-40CFFDD3BB84-StateMachineUpdater] INFO  ratis.ContainerStateMachine (ContainerStateMachine.java:takeSnapshot(341)) - group-40CFFDD3BB84: Finished taking a snapshot at:(t:1, i:0) file:/home/runner/work/ozone/ozone/hadoop-ozone/integration-test/target/test-dir/MiniOzoneClusterImpl-0d447e97-01e2-4ef6-85fe-af16170d97c2/datanode-2/data/ratis/4223c33b-2598-4803-9bc1-40cffdd3bb84/sm/snapshot.1_0 took: 0 ms
2023-03-29 21:17:14,495 [e7b6a9e0-ae39-4816-bb7d-645997ba7398@group-40CFFDD3BB84-StateMachineUpdater] INFO  impl.StateMachineUpdater (StateMachineUpdater.java:takeSnapshot(287)) - e7b6a9e0-ae39-4816-bb7d-645997ba7398@group-40CFFDD3BB84-StateMachineUpdater: Took a snapshot at index 0
2023-03-29 21:17:14,495 [e7b6a9e0-ae39-4816-bb7d-645997ba7398@group-40CFFDD3BB84-StateMachineUpdater] INFO  impl.StateMachineUpdater (StateMachineUpdater.java:lambda$new$0(92)) - e7b6a9e0-ae39-4816-bb7d-645997ba7398@group-40CFFDD3BB84-StateMachineUpdater: snapshotIndex: updateIncreasingly -1 -> 0
2023-03-29 21:17:14,495 [e7b6a9e0-ae39-4816-bb7d-645997ba7398-impl-thread3] INFO  server.RaftServer$Division (ServerState.java:close(466)) - e7b6a9e0-ae39-4816-bb7d-645997ba7398@group-40CFFDD3BB84: closes. applyIndex: 0
2023-03-29 21:17:14,495 [e7b6a9e0-ae39-4816-bb7d-645997ba7398@group-40CFFDD3BB84-SegmentedRaftLogWorker] INFO  segmented.SegmentedRaftLogWorker (SegmentedRaftLogWorker.java:run(347)) - e7b6a9e0-ae39-4816-bb7d-645997ba7398@group-40CFFDD3BB84-SegmentedRaftLogWorker was interrupted, exiting. There are 0 tasks remaining in the queue.
2023-03-29 21:17:14,496 [e7b6a9e0-ae39-4816-bb7d-645997ba7398-impl-thread1] INFO  segmented.SegmentedRaftLogWorker (SegmentedRaftLogWorker.java:close(257)) - e7b6a9e0-ae39-4816-bb7d-645997ba7398@group-9FB0EE27115B-SegmentedRaftLogWorker close()
2023-03-29 21:17:14,498 [e7b6a9e0-ae39-4816-bb7d-645997ba7398-impl-thread2] INFO  segmented.SegmentedRaftLogWorker (SegmentedRaftLogWorker.java:close(257)) - e7b6a9e0-ae39-4816-bb7d-645997ba7398@group-8AEBF895815C-SegmentedRaftLogWorker close()
2023-03-29 21:17:14,498 [e7b6a9e0-ae39-4816-bb7d-645997ba7398-impl-thread3] INFO  segmented.SegmentedRaftLogWorker (SegmentedRaftLogWorker.java:close(257)) - e7b6a9e0-ae39-4816-bb7d-645997ba7398@group-40CFFDD3BB84-SegmentedRaftLogWorker close()
2023-03-29 21:17:14,498 [ForkJoinPool.commonPool-worker-0] INFO  handler.ContextHandler (ContextHandler.java:doStop(1159)) - Stopped o.e.j.s.ServletContextHandler@28b9ee14{static,/static,jar:file:/home/runner/.m2/repository/org/apache/ozone/hdds-container-service/1.4.0-SNAPSHOT/hdds-container-service-1.4.0-SNAPSHOT.jar!/webapps/static,STOPPED}
2023-03-29 21:17:14,502 [ForkJoinPool.commonPool-worker-0] INFO  handler.ContextHandler (ContextHandler.java:doStop(1159)) - Stopped o.e.j.s.ServletContextHandler@5c3b8dfc{logs,/logs,file:///home/runner/work/ozone/ozone/hadoop-ozone/integration-test/target/log,STOPPED}
2023-03-29 21:17:14,504 [JvmPauseMonitor9] INFO  util.JvmPauseMonitor (JvmPauseMonitor.java:run(111)) - JvmPauseMonitor-e7b6a9e0-ae39-4816-bb7d-645997ba7398: Stopped
2023-03-29 21:17:16,508 [Listener at 127.0.0.1/45803] INFO  volume.HddsVolume (HddsVolume.java:closeDbStore(437)) - SchemaV3 db is stopped at /home/runner/work/ozone/ozone/hadoop-ozone/integration-test/target/test-dir/MiniOzoneClusterImpl-0d447e97-01e2-4ef6-85fe-af16170d97c2/datanode-2/data-0/containers/hdds/0d447e97-01e2-4ef6-85fe-af16170d97c2/DS-5346ab43-19b1-4447-ada8-9fde3725b091/container.db for volume DS-5346ab43-19b1-4447-ada8-9fde3725b091
2023-03-29 21:17:16,508 [Listener at 127.0.0.1/45803] INFO  utils.BackgroundService (BackgroundService.java:shutdown(141)) - Shutting down service BlockDeletingService
2023-03-29 21:17:16,509 [Listener at 127.0.0.1/45803] INFO  utils.BackgroundService (BackgroundService.java:shutdown(141)) - Shutting down service StaleRecoveringContainerScrubbingService
2023-03-29 21:17:16,510 [Listener at 127.0.0.1/45803] INFO  statemachine.DatanodeStateMachine (DatanodeStateMachine.java:stopDaemon(601)) - Ozone container server stopped.
2023-03-29 21:17:16,519 [Listener at 127.0.0.1/45803] INFO  handler.ContextHandler (ContextHandler.java:doStop(1159)) - Stopped o.e.j.w.WebAppContext@1939df46{hddsDatanode,/,null,STOPPED}{jar:file:/home/runner/.m2/repository/org/apache/ozone/hdds-container-service/1.4.0-SNAPSHOT/hdds-container-service-1.4.0-SNAPSHOT.jar!/webapps/hddsDatanode}
2023-03-29 21:17:16,521 [Listener at 127.0.0.1/45803] INFO  server.AbstractConnector (AbstractConnector.java:doStop(383)) - Stopped ServerConnector@7d981135{HTTP/1.1, (http/1.1)}{0.0.0.0:0}
2023-03-29 21:17:16,522 [Listener at 127.0.0.1/45803] INFO  server.session (HouseKeeper.java:stopScavenging(149)) - node0 Stopped scavenging
2023-03-29 21:17:16,522 [Listener at 127.0.0.1/45803] INFO  handler.ContextHandler (ContextHandler.java:doStop(1159)) - Stopped o.e.j.s.ServletContextHandler@67751f63{static,/static,jar:file:/home/runner/.m2/repository/org/apache/ozone/hdds-container-service/1.4.0-SNAPSHOT/hdds-container-service-1.4.0-SNAPSHOT.jar!/webapps/static,STOPPED}
2023-03-29 21:17:16,522 [Listener at 127.0.0.1/45803] INFO  handler.ContextHandler (ContextHandler.java:doStop(1159)) - Stopped o.e.j.s.ServletContextHandler@13187e3d{logs,/logs,file:///home/runner/work/ozone/ozone/hadoop-ozone/integration-test/target/log,STOPPED}
2023-03-29 21:17:16,523 [Listener at 127.0.0.1/45803] INFO  ozone.MiniOzoneClusterImpl (MiniOzoneClusterImpl.java:stopSCM(545)) - Stopping the StorageContainerManager
2023-03-29 21:17:16,523 [Listener at 127.0.0.1/45803] INFO  server.StorageContainerManager (StorageContainerManager.java:stop(1546)) - Container Balancer is not running.
2023-03-29 21:17:16,524 [Listener at 127.0.0.1/45803] INFO  server.StorageContainerManager (StorageContainerManager.java:stopReplicationManager(1660)) - Stopping Replication Manager Service.
2023-03-29 21:17:16,524 [Listener at 127.0.0.1/45803] INFO  replication.ReplicationManager (ReplicationManager.java:stop(310)) - Stopping Replication Monitor Thread.
2023-03-29 21:17:16,524 [Under Replicated Processor] WARN  replication.UnhealthyReplicationProcessor (UnhealthyReplicationProcessor.java:run(146)) - Under Replicated Processor interrupted. Exiting...
2023-03-29 21:17:16,524 [Over Replicated Processor] WARN  replication.UnhealthyReplicationProcessor (UnhealthyReplicationProcessor.java:run(146)) - Over Replicated Processor interrupted. Exiting...
2023-03-29 21:17:16,524 [ReplicationMonitor] INFO  replication.ReplicationManager (ReplicationManager.java:run(880)) - Replication Monitor Thread is stopped
2023-03-29 21:17:16,525 [Listener at 127.0.0.1/45803] INFO  server.StorageContainerManager (StorageContainerManager.java:stop(1555)) - Stopping the Datanode Admin Monitor.
2023-03-29 21:17:16,525 [Listener at 127.0.0.1/45803] INFO  server.StorageContainerManager (StorageContainerManager.java:stop(1562)) - Stopping datanode service RPC server
2023-03-29 21:17:16,525 [Listener at 127.0.0.1/45803] INFO  server.SCMDatanodeProtocolServer (SCMDatanodeProtocolServer.java:stop(424)) - Stopping the RPC server for DataNodes
2023-03-29 21:17:16,525 [Listener at 127.0.0.1/45803] INFO  ipc.Server (Server.java:stop(3428)) - Stopping server on 36517
2023-03-29 21:17:16,527 [IPC Server listener on 0] INFO  ipc.Server (Server.java:run(1384)) - Stopping IPC Server listener on 0
2023-03-29 21:17:16,532 [IPC Server Responder] INFO  ipc.Server (Server.java:run(1517)) - Stopping IPC Server Responder
2023-03-29 21:17:16,556 [SCM Heartbeat Processing Thread - 0] WARN  node.NodeStateManager (NodeStateManager.java:scheduleNextHealthCheck(870)) - Current Thread is interrupted, shutting down HB processing thread for Node Manager.
2023-03-29 21:17:16,556 [Listener at 127.0.0.1/45803] INFO  server.StorageContainerManager (StorageContainerManager.java:stop(1570)) - Stopping block service RPC server
2023-03-29 21:17:16,556 [Listener at 127.0.0.1/45803] INFO  server.SCMBlockProtocolServer (SCMBlockProtocolServer.java:stop(161)) - Stopping the RPC server for Block Protocol
2023-03-29 21:17:16,556 [Listener at 127.0.0.1/45803] INFO  ipc.Server (Server.java:stop(3428)) - Stopping server on 35317
2023-03-29 21:17:16,556 [IPC Server listener on 0] INFO  ipc.Server (Server.java:run(1384)) - Stopping IPC Server listener on 0
2023-03-29 21:17:16,557 [IPC Server Responder] INFO  ipc.Server (Server.java:run(1517)) - Stopping IPC Server Responder
2023-03-29 21:17:16,557 [Listener at 127.0.0.1/45803] INFO  server.StorageContainerManager (StorageContainerManager.java:stop(1577)) - Stopping the StorageContainerLocationProtocol RPC server
2023-03-29 21:17:16,557 [Listener at 127.0.0.1/45803] INFO  server.SCMClientProtocolServer (SCMClientProtocolServer.java:stop(206)) - Stopping the RPC server for Client Protocol
2023-03-29 21:17:16,557 [Listener at 127.0.0.1/45803] INFO  ipc.Server (Server.java:stop(3428)) - Stopping server on 46845
2023-03-29 21:17:16,558 [IPC Server listener on 0] INFO  ipc.Server (Server.java:run(1384)) - Stopping IPC Server listener on 0
2023-03-29 21:17:16,559 [IPC Server Responder] INFO  ipc.Server (Server.java:run(1517)) - Stopping IPC Server Responder
2023-03-29 21:17:16,560 [Listener at 127.0.0.1/45803] INFO  server.StorageContainerManager (StorageContainerManager.java:stop(1584)) - Stopping Storage Container Manager HTTP server.
2023-03-29 21:17:16,560 [Listener at 127.0.0.1/45803] INFO  handler.ContextHandler (ContextHandler.java:doStop(1159)) - Stopped o.e.j.w.WebAppContext@759aa7b4{scm,/,null,STOPPED}{file:/home/runner/work/ozone/ozone/hadoop-ozone/integration-test/target/test-classes/webapps/scm}
2023-03-29 21:17:16,561 [Listener at 127.0.0.1/45803] INFO  server.AbstractConnector (AbstractConnector.java:doStop(383)) - Stopped ServerConnector@5194dc02{HTTP/1.1, (http/1.1)}{0.0.0.0:0}
2023-03-29 21:17:16,561 [Listener at 127.0.0.1/45803] INFO  server.session (HouseKeeper.java:stopScavenging(149)) - node0 Stopped scavenging
2023-03-29 21:17:16,562 [Listener at 127.0.0.1/45803] INFO  handler.ContextHandler (ContextHandler.java:doStop(1159)) - Stopped o.e.j.s.ServletContextHandler@5eb4f12{static,/static,file:///home/runner/work/ozone/ozone/hadoop-ozone/integration-test/target/test-classes/webapps/static,STOPPED}
2023-03-29 21:17:16,562 [Listener at 127.0.0.1/45803] INFO  handler.ContextHandler (ContextHandler.java:doStop(1159)) - Stopped o.e.j.s.ServletContextHandler@2d5e01f5{logs,/logs,file:///home/runner/work/ozone/ozone/hadoop-ozone/integration-test/target/log,STOPPED}
2023-03-29 21:17:16,564 [Listener at 127.0.0.1/45803] INFO  server.StorageContainerManager (StorageContainerManager.java:stop(1592)) - Stopping SCM LayoutVersionManager Service.
2023-03-29 21:17:16,564 [Listener at 127.0.0.1/45803] INFO  server.StorageContainerManager (StorageContainerManager.java:stop(1600)) - Stopping Block Manager Service.
2023-03-29 21:17:16,564 [Listener at 127.0.0.1/45803] INFO  utils.BackgroundService (BackgroundService.java:shutdown(141)) - Shutting down service SCMBlockDeletingService
2023-03-29 21:17:16,565 [Listener at 127.0.0.1/45803] INFO  utils.BackgroundService (BackgroundService.java:shutdown(141)) - Shutting down service SCMBlockDeletingService
2023-03-29 21:17:16,565 [Listener at 127.0.0.1/45803] INFO  server.StorageContainerManager (StorageContainerManager.java:stop(1622)) - Stopping SCM Event Queue.
2023-03-29 21:17:16,570 [Listener at 127.0.0.1/45803] INFO  server.StorageContainerManager (StorageContainerManager.java:stop(1633)) - Stopping SCM HA services.
2023-03-29 21:17:16,573 [Listener at 127.0.0.1/45803] INFO  pipeline.BackgroundPipelineCreator (BackgroundPipelineCreator.java:stop(149)) - Stopping RatisPipelineUtilsThread.
2023-03-29 21:17:16,573 [RatisPipelineUtilsThread - 0] WARN  pipeline.BackgroundPipelineCreator (BackgroundPipelineCreator.java:run(180)) - RatisPipelineUtilsThread is interrupted.
2023-03-29 21:17:16,573 [Listener at 127.0.0.1/45803] INFO  BackgroundPipelineScrubber (BackgroundSCMService.java:stop(131)) - Stopping BackgroundPipelineScrubber Service.
2023-03-29 21:17:16,573 [BackgroundPipelineScrubberThread] WARN  BackgroundPipelineScrubber (BackgroundSCMService.java:run(115)) - BackgroundPipelineScrubber is interrupted, exit
2023-03-29 21:17:16,573 [Listener at 127.0.0.1/45803] INFO  impl.MetricsSystemImpl (MetricsSystemImpl.java:stop(210)) - Stopping HddsDatanode metrics system...
2023-03-29 21:17:16,576 [prometheus] INFO  impl.MetricsSinkAdapter (MetricsSinkAdapter.java:publishMetricsFromQueue(141)) - prometheus thread interrupted.
2023-03-29 21:17:16,576 [Listener at 127.0.0.1/45803] INFO  impl.MetricsSystemImpl (MetricsSystemImpl.java:stop(216)) - HddsDatanode metrics system stopped.
2023-03-29 21:17:16,576 [Listener at 127.0.0.1/45803] WARN  pipeline.BackgroundPipelineCreator (BackgroundPipelineCreator.java:stop(145)) - RatisPipelineUtilsThread is not running, just ignore.
2023-03-29 21:17:16,576 [Listener at 127.0.0.1/45803] INFO  BackgroundPipelineScrubber (BackgroundSCMService.java:stop(126)) - BackgroundPipelineScrubber Service is not running, skip stop.
2023-03-29 21:17:16,576 [Listener at 127.0.0.1/45803] INFO  ExpiredContainerReplicaOpScrubber (BackgroundSCMService.java:stop(131)) - Stopping ExpiredContainerReplicaOpScrubber Service.
2023-03-29 21:17:16,576 [ExpiredContainerReplicaOpScrubberThread] WARN  ExpiredContainerReplicaOpScrubber (BackgroundSCMService.java:run(115)) - ExpiredContainerReplicaOpScrubber is interrupted, exit
2023-03-29 21:17:16,576 [Listener at 127.0.0.1/45803] INFO  utils.BackgroundService (BackgroundService.java:shutdown(141)) - Shutting down service SCMBlockDeletingService
2023-03-29 21:17:16,576 [Listener at 127.0.0.1/45803] INFO  replication.ReplicationManager (ReplicationManager.java:stop(320)) - Replication Monitor Thread is not running.
2023-03-29 21:17:16,577 [Listener at 127.0.0.1/45803] WARN  balancer.ContainerBalancer (ContainerBalancer.java:stop(324)) - Cannot stop Container Balancer because it's not running or stopping
2023-03-29 21:17:16,577 [Listener at 127.0.0.1/45803] INFO  server.StorageContainerManager (StorageContainerManager.java:stop(1651)) - Stopping SCM MetadataStore.
]]></system-out>
  </testcase>
  <testcase name="testCloseContainerCommandOnRestart" classname="org.apache.hadoop.ozone.TestStorageContainerManager" time="36.306">
    <system-out><![CDATA[2023-03-29 21:17:16,612 [Time-limited test] WARN  server.ServerUtils (ServerUtils.java:getScmDbDir(148)) - ozone.scm.db.dirs is not configured. We recommend adding this setting. Falling back to ozone.metadata.dirs instead.
2023-03-29 21:17:16,613 [Time-limited test] WARN  server.ServerUtils (ServerUtils.java:getScmDbDir(148)) - ozone.scm.db.dirs is not configured. We recommend adding this setting. Falling back to ozone.metadata.dirs instead.
2023-03-29 21:17:16,614 [Time-limited test] INFO  ha.SCMHANodeDetails (SCMHANodeDetails.java:loadSCMHAConfig(209)) - ServiceID for StorageContainerManager is null
2023-03-29 21:17:16,614 [Time-limited test] WARN  ha.SCMHANodeDetails (SCMHANodeDetails.java:validateSCMHAConfig(182)) - Invalid config ozone.scm.ratis.enable. The config was not specified, but the default value true conflicts with the expected config value false. Falling back to the expected value. Current State of SCM: SCM is running in Non-HA without Ratis Ratis SCM -> Non Ratis SCM or Non HA SCM -> HA SCM is not supported
2023-03-29 21:17:16,614 [Time-limited test] INFO  ha.SCMHANodeDetails (SCMHANodeDetails.java:loadSCMHAConfig(214)) - ozone.scm.default.service.id is not defined, falling back to ozone.scm.service.ids to find serviceID for StorageContainerManager if it is HA enabled cluster
2023-03-29 21:17:16,614 [Time-limited test] WARN  utils.HAUtils (HAUtils.java:getMetaDir(342)) - ozone.scm.db.dirs is not configured. We recommend adding this setting. Falling back to ozone.metadata.dirs instead.
2023-03-29 21:17:16,615 [Time-limited test] WARN  db.DBStoreBuilder (DBStoreBuilder.java:applyDBDefinition(181)) - ozone.scm.db.dirs is not configured. We recommend adding this setting. Falling back to ozone.metadata.dirs instead.
2023-03-29 21:17:16,702 [Time-limited test] INFO  net.NodeSchemaLoader (NodeSchemaLoader.java:loadSchemaFromFile(129)) - Loading schema from [jar:file:/home/runner/.m2/repository/org/apache/ozone/hdds-common/1.4.0-SNAPSHOT/hdds-common-1.4.0-SNAPSHOT.jar!/network-topology-default.xml]
2023-03-29 21:17:16,702 [Time-limited test] INFO  net.NodeSchemaLoader (NodeSchemaLoader.java:loadSchema(176)) - Loading network topology layer schema file
2023-03-29 21:17:16,705 [Time-limited test] INFO  upgrade.AbstractLayoutVersionManager (AbstractLayoutVersionManager.java:init(83)) - Initializing Layout version manager with metadata layout = DATANODE_SCHEMA_V3 (version = 4), software layout = DATANODE_SCHEMA_V3 (version = 4)
2023-03-29 21:17:16,752 [Time-limited test] INFO  reflections.Reflections (Reflections.java:scan(232)) - Reflections took 43 ms to scan 7 urls, producing 155 keys and 368 values 
2023-03-29 21:17:16,754 [Time-limited test] INFO  ha.SequenceIdGenerator (SequenceIdGenerator.java:upgradeToSequenceId(349)) - upgrade localId to 111677748019200000
2023-03-29 21:17:16,754 [Time-limited test] INFO  ha.SequenceIdGenerator (SequenceIdGenerator.java:upgradeToSequenceId(359)) - upgrade delTxnId to 0
2023-03-29 21:17:16,754 [Time-limited test] INFO  ha.SequenceIdGenerator (SequenceIdGenerator.java:upgradeToSequenceId(376)) - upgrade containerId to 0
2023-03-29 21:17:16,754 [Time-limited test] INFO  ha.SequenceIdGenerator (SequenceIdGenerator.java:<init>(220)) - Init the HA SequenceIdGenerator.
2023-03-29 21:17:16,755 [Time-limited test] INFO  node.SCMNodeManager (SCMNodeManager.java:<init>(156)) - Entering startup safe mode.
2023-03-29 21:17:16,755 [Time-limited test] INFO  algorithms.ContainerPlacementPolicyFactory (ContainerPlacementPolicyFactory.java:getPolicyInternal(86)) - Create container placement policy of type org.apache.hadoop.hdds.scm.container.placement.algorithms.SCMContainerPlacementRandom
2023-03-29 21:17:16,755 [Time-limited test] INFO  algorithms.ContainerPlacementPolicyFactory (ContainerPlacementPolicyFactory.java:getPolicyInternal(86)) - Create container placement policy of type org.apache.hadoop.hdds.scm.container.placement.algorithms.SCMContainerPlacementRackScatter
2023-03-29 21:17:16,755 [Time-limited test] INFO  pipeline.PipelineStateManagerImpl (PipelineStateManagerImpl.java:initialize(78)) - No pipeline exists in current db
2023-03-29 21:17:16,755 [Time-limited test] INFO  algorithms.LeaderChoosePolicyFactory (LeaderChoosePolicyFactory.java:getPolicy(57)) - Create leader choose policy of type org.apache.hadoop.hdds.scm.pipeline.leader.choose.algorithms.MinLeaderCountChoosePolicy
2023-03-29 21:17:16,756 [Time-limited test] INFO  algorithms.ContainerPlacementPolicyFactory (ContainerPlacementPolicyFactory.java:getPolicyInternal(86)) - Create container placement policy of type org.apache.hadoop.hdds.scm.container.placement.algorithms.SCMContainerPlacementRackScatter
2023-03-29 21:17:16,756 [Time-limited test] INFO  ha.SCMServiceManager (SCMServiceManager.java:register(42)) - Registering service BackgroundPipelineCreator.
2023-03-29 21:17:16,756 [Time-limited test] INFO  pipeline.BackgroundPipelineCreator (BackgroundPipelineCreator.java:start(124)) - Starting RatisPipelineUtilsThread.
2023-03-29 21:17:16,756 [Time-limited test] INFO  BackgroundPipelineScrubber (BackgroundSCMService.java:start(68)) - Starting BackgroundPipelineScrubber Service.
2023-03-29 21:17:16,756 [Time-limited test] INFO  ha.SCMServiceManager (SCMServiceManager.java:register(42)) - Registering service BackgroundPipelineScrubber.
2023-03-29 21:17:16,756 [Time-limited test] INFO  ExpiredContainerReplicaOpScrubber (BackgroundSCMService.java:start(68)) - Starting ExpiredContainerReplicaOpScrubber Service.
2023-03-29 21:17:16,757 [Time-limited test] INFO  ha.SCMServiceManager (SCMServiceManager.java:register(42)) - Registering service ExpiredContainerReplicaOpScrubber.
2023-03-29 21:17:16,758 [Time-limited test] INFO  algorithms.PipelineChoosePolicyFactory (PipelineChoosePolicyFactory.java:createPipelineChoosePolicyFromClass(73)) - Create pipeline choose policy of type org.apache.hadoop.hdds.scm.pipeline.choose.algorithms.RandomPipelineChoosePolicy
2023-03-29 21:17:16,759 [Time-limited test] INFO  ha.SCMServiceManager (SCMServiceManager.java:register(42)) - Registering service SCMBlockDeletingService.
2023-03-29 21:17:16,759 [Time-limited test] INFO  replication.ReplicationManager (ReplicationManager.java:start(277)) - Starting Replication Monitor Thread.
2023-03-29 21:17:16,760 [Time-limited test] INFO  ha.SCMServiceManager (SCMServiceManager.java:register(42)) - Registering service ReplicationManager.
2023-03-29 21:17:16,760 [Time-limited test] INFO  safemode.ContainerSafeModeRule (ContainerSafeModeRule.java:<init>(89)) - containers with one replica threshold count 0
2023-03-29 21:17:16,760 [Time-limited test] INFO  safemode.HealthyPipelineSafeModeRule (HealthyPipelineSafeModeRule.java:initializeRule(169)) - Total pipeline count is 0, healthy pipeline threshold count is 0
2023-03-29 21:17:16,760 [Time-limited test] INFO  safemode.OneReplicaPipelineSafeModeRule (OneReplicaPipelineSafeModeRule.java:initializeRule(180)) - Total pipeline count is 0, pipeline's with at least one datanode reported threshold count is 0
2023-03-29 21:17:16,761 [ReplicationMonitor] INFO  replication.ReplicationManager (ReplicationManager.java:processAll(352)) - Replication Manager is not ready to run until 3000ms after safemode exit
2023-03-29 21:17:16,761 [Time-limited test] INFO  server.StorageContainerManager (StorageContainerManager.java:<init>(398)) - SCM start with adminUsers: [runner]
2023-03-29 21:17:16,761 [Time-limited test] INFO  ipc.CallQueueManager (CallQueueManager.java:<init>(90)) - Using callQueue: class java.util.concurrent.LinkedBlockingQueue, queueCapacity: 2000, scheduler: class org.apache.hadoop.ipc.DefaultRpcScheduler, ipcBackoff: false.
2023-03-29 21:17:16,762 [Socket Reader #1 for port 0] INFO  ipc.Server (Server.java:run(1273)) - Starting Socket Reader #1 for port 0
2023-03-29 21:17:16,762 [Listener at 0.0.0.0/46757] INFO  ipc.CallQueueManager (CallQueueManager.java:<init>(90)) - Using callQueue: class java.util.concurrent.LinkedBlockingQueue, queueCapacity: 2000, scheduler: class org.apache.hadoop.ipc.DefaultRpcScheduler, ipcBackoff: false.
2023-03-29 21:17:16,763 [Socket Reader #1 for port 0] INFO  ipc.Server (Server.java:run(1273)) - Starting Socket Reader #1 for port 0
2023-03-29 21:17:16,763 [Listener at 0.0.0.0/42339] INFO  ipc.CallQueueManager (CallQueueManager.java:<init>(90)) - Using callQueue: class java.util.concurrent.LinkedBlockingQueue, queueCapacity: 2000, scheduler: class org.apache.hadoop.ipc.DefaultRpcScheduler, ipcBackoff: false.
2023-03-29 21:17:16,764 [Socket Reader #1 for port 0] INFO  ipc.Server (Server.java:run(1273)) - Starting Socket Reader #1 for port 0
2023-03-29 21:17:16,767 [Listener at 0.0.0.0/43937] INFO  ha.SCMServiceManager (SCMServiceManager.java:register(42)) - Registering service ContainerBalancer.
2023-03-29 21:17:16,767 [Listener at 0.0.0.0/43937] INFO  server.StorageContainerManager (StorageContainerManager.java:<init>(415)) - 
Container Balancer status:
Key                            Value
Running                        false
Container Balancer Configuration values:
Key                                                Value
Threshold                                          10
Max Datanodes to Involve per Iteration(percent)    20
Max Size to Move per Iteration                     500GB
Max Size Entering Target per Iteration             26GB
Max Size Leaving Source per Iteration              26GB

2023-03-29 21:17:16,767 [Listener at 0.0.0.0/43937] INFO  ha.SCMContext (SCMContext.java:updateSafeModeStatus(228)) - Update SafeModeStatus from SafeModeStatus{safeModeStatus=true, preCheckPassed=false} to SafeModeStatus{safeModeStatus=true, preCheckPassed=false}.
2023-03-29 21:17:16,767 [Listener at 0.0.0.0/43937] INFO  server.StorageContainerManager (StorageContainerManager.java:start(1449)) - StorageContainerLocationProtocol RPC server is listening at /0.0.0.0:43937
2023-03-29 21:17:16,768 [Listener at 0.0.0.0/43937] WARN  impl.MetricsConfig (MetricsConfig.java:loadFirst(136)) - Cannot locate configuration: tried hadoop-metrics2-storagecontainermanager.properties,hadoop-metrics2.properties
2023-03-29 21:17:16,769 [Listener at 0.0.0.0/43937] INFO  impl.MetricsSystemImpl (MetricsSystemImpl.java:startTimer(378)) - Scheduled Metric snapshot period at 10 second(s).
2023-03-29 21:17:16,769 [Listener at 0.0.0.0/43937] INFO  impl.MetricsSystemImpl (MetricsSystemImpl.java:start(191)) - StorageContainerManager metrics system started
2023-03-29 21:17:16,784 [Listener at 0.0.0.0/43937] INFO  impl.MetricsSinkAdapter (MetricsSinkAdapter.java:start(204)) - Sink prometheus started
2023-03-29 21:17:16,784 [Listener at 0.0.0.0/43937] INFO  impl.MetricsSystemImpl (MetricsSystemImpl.java:registerSink(305)) - Registered sink prometheus
2023-03-29 21:17:16,804 [Listener at 0.0.0.0/43937] INFO  server.SCMClientProtocolServer (SCMClientProtocolServer.java:start(197)) - RPC server for Client  is listening at /0.0.0.0:43937
2023-03-29 21:17:16,804 [IPC Server Responder] INFO  ipc.Server (Server.java:run(1512)) - IPC Server Responder: starting
2023-03-29 21:17:16,805 [IPC Server listener on 0] INFO  ipc.Server (Server.java:run(1352)) - IPC Server listener on 0: starting
2023-03-29 21:17:16,820 [Listener at 0.0.0.0/43937] INFO  server.StorageContainerManager (StorageContainerManager.java:start(1463)) - ScmBlockLocationProtocol RPC server is listening at /0.0.0.0:42339
2023-03-29 21:17:16,820 [Listener at 0.0.0.0/43937] INFO  server.SCMBlockProtocolServer (SCMBlockProtocolServer.java:start(152)) - RPC server for Block Protocol is listening at /0.0.0.0:42339
2023-03-29 21:17:16,821 [IPC Server Responder] INFO  ipc.Server (Server.java:run(1512)) - IPC Server Responder: starting
2023-03-29 21:17:16,821 [IPC Server listener on 0] INFO  ipc.Server (Server.java:run(1352)) - IPC Server listener on 0: starting
2023-03-29 21:17:16,831 [Listener at 0.0.0.0/43937] INFO  server.SCMDatanodeProtocolServer (SCMDatanodeProtocolServer.java:start(193)) - ScmDatanodeProtocol RPC server for DataNodes is listening at /0.0.0.0:46757
2023-03-29 21:17:16,831 [IPC Server Responder] INFO  ipc.Server (Server.java:run(1512)) - IPC Server Responder: starting
2023-03-29 21:17:16,831 [IPC Server listener on 0] INFO  ipc.Server (Server.java:run(1352)) - IPC Server listener on 0: starting
2023-03-29 21:17:16,842 [org.apache.hadoop.util.JvmPauseMonitor$Monitor@5138c783] INFO  util.JvmPauseMonitor (JvmPauseMonitor.java:run(188)) - Starting JVM pause monitor
2023-03-29 21:17:16,843 [Listener at 0.0.0.0/43937] INFO  http.BaseHttpServer (BaseHttpServer.java:newHttpServer2BuilderForOzone(224)) - Starting Web-server for scm at: http://0.0.0.0:0
2023-03-29 21:17:16,843 [Listener at 0.0.0.0/43937] INFO  http.BaseHttpServer (BaseHttpServer.java:<init>(111)) - Hadoop Security Enabled: false Ozone Security Enabled: false Ozone HTTP Security Enabled: false 
2023-03-29 21:17:16,844 [Listener at 0.0.0.0/43937] WARN  server.AuthenticationFilter (AuthenticationFilter.java:constructSecretProvider(240)) - Unable to initialize FileSignerSecretProvider, falling back to use random secrets. Reason: Could not read signature secret file: /home/runner/hadoop-http-auth-signature-secret
2023-03-29 21:17:16,847 [Listener at 0.0.0.0/43937] WARN  http.HttpRequestLog (HttpRequestLog.java:getRequestLog(103)) - Jetty request log can only be enabled using Log4j
2023-03-29 21:17:16,848 [Listener at 0.0.0.0/43937] INFO  http.HttpServer2 (HttpServer2.java:addGlobalFilter(1031)) - Added global filter 'safety' (class=org.apache.hadoop.hdds.server.http.HttpServer2$QuotingInputFilter)
2023-03-29 21:17:16,849 [Listener at 0.0.0.0/43937] INFO  http.HttpServer2 (HttpServer2.java:addFilter(1007)) - Added filter static_user_filter (class=org.apache.hadoop.http.lib.StaticUserWebFilter$StaticUserFilter) to context scm
2023-03-29 21:17:16,849 [Listener at 0.0.0.0/43937] INFO  http.HttpServer2 (HttpServer2.java:addFilter(1015)) - Added filter static_user_filter (class=org.apache.hadoop.http.lib.StaticUserWebFilter$StaticUserFilter) to context logs
2023-03-29 21:17:16,849 [Listener at 0.0.0.0/43937] INFO  http.HttpServer2 (HttpServer2.java:addFilter(1015)) - Added filter static_user_filter (class=org.apache.hadoop.http.lib.StaticUserWebFilter$StaticUserFilter) to context static
2023-03-29 21:17:16,849 [Listener at 0.0.0.0/43937] INFO  http.BaseHttpServer (BaseHttpServer.java:<init>(190)) - HTTP server of scm uses base directory /home/runner/work/ozone/ozone/hadoop-ozone/integration-test/target/test-dir/MiniOzoneClusterImpl-7726aa55-5b50-4186-a956-8f70fbca6446/ozone-meta/webserver
2023-03-29 21:17:16,849 [Listener at 0.0.0.0/43937] INFO  http.HttpServer2 (HttpServer2.java:bindListener(1250)) - Jetty bound to port 44039
2023-03-29 21:17:16,849 [Listener at 0.0.0.0/43937] INFO  server.Server (Server.java:doStart(375)) - jetty-9.4.49.v20220914; built: 2022-09-14T01:07:36.601Z; git: 4231a3b2e4cb8548a412a789936d640a97b1aa0a; jvm 1.8.0_362-b09
2023-03-29 21:17:16,854 [Listener at 0.0.0.0/43937] INFO  server.session (DefaultSessionIdManager.java:doStart(334)) - DefaultSessionIdManager workerName=node0
2023-03-29 21:17:16,854 [Listener at 0.0.0.0/43937] INFO  server.session (DefaultSessionIdManager.java:doStart(339)) - No SessionScavenger set, using defaults
2023-03-29 21:17:16,854 [Listener at 0.0.0.0/43937] INFO  server.session (HouseKeeper.java:startScavenging(132)) - node0 Scavenging every 660000ms
2023-03-29 21:17:16,855 [Listener at 0.0.0.0/43937] INFO  handler.ContextHandler (ContextHandler.java:doStart(921)) - Started o.e.j.s.ServletContextHandler@6bb1558{logs,/logs,file:///home/runner/work/ozone/ozone/hadoop-ozone/integration-test/target/log,AVAILABLE}
2023-03-29 21:17:16,855 [Listener at 0.0.0.0/43937] INFO  handler.ContextHandler (ContextHandler.java:doStart(921)) - Started o.e.j.s.ServletContextHandler@27a5e2d6{static,/static,file:///home/runner/work/ozone/ozone/hadoop-ozone/integration-test/target/test-classes/webapps/static,AVAILABLE}
2023-03-29 21:17:16,857 [Listener at 0.0.0.0/43937] INFO  handler.ContextHandler (ContextHandler.java:doStart(921)) - Started o.e.j.w.WebAppContext@2c87789f{scm,/,file:///home/runner/work/ozone/ozone/hadoop-ozone/integration-test/target/test-classes/webapps/scm/,AVAILABLE}{file:/home/runner/work/ozone/ozone/hadoop-ozone/integration-test/target/test-classes/webapps/scm}
2023-03-29 21:17:16,866 [Listener at 0.0.0.0/43937] INFO  server.AbstractConnector (AbstractConnector.java:doStart(333)) - Started ServerConnector@663dabbd{HTTP/1.1, (http/1.1)}{0.0.0.0:44039}
2023-03-29 21:17:16,866 [Listener at 0.0.0.0/43937] INFO  server.Server (Server.java:doStart(415)) - Started @90632ms
2023-03-29 21:17:16,866 [Listener at 0.0.0.0/43937] WARN  impl.MetricsSystemImpl (MetricsSystemImpl.java:register(279)) - Sink prometheus already exists!
2023-03-29 21:17:16,867 [Listener at 0.0.0.0/43937] INFO  http.BaseHttpServer (BaseHttpServer.java:updateConnectorAddress(344)) - HTTP server of scm listening at http://0.0.0.0:44039
2023-03-29 21:17:16,867 [Listener at 0.0.0.0/43937] WARN  server.ServerUtils (ServerUtils.java:getDBPath(225)) - ozone.om.db.dirs is not configured. We recommend adding this setting. Falling back to ozone.metadata.dirs instead.
2023-03-29 21:17:16,868 [Listener at 0.0.0.0/43937] INFO  ha.OMHANodeDetails (OMHANodeDetails.java:loadOMHAConfig(115)) - ozone.om.internal.service.id is not defined, falling back to ozone.om.service.ids to find serviceID for OzoneManager if it is HA enabled cluster
2023-03-29 21:17:16,868 [Listener at 0.0.0.0/43937] INFO  ha.OMHANodeDetails (OMHANodeDetails.java:loadOMHAConfig(226)) - Configuration does not have ozone.om.address set. Falling back to the default OM address /127.0.0.1:0
2023-03-29 21:17:16,868 [Listener at 0.0.0.0/43937] INFO  ha.OMHANodeDetails (OMHANodeDetails.java:getOMNodeDetailsForNonHA(254)) - OM Service ID is not set. Setting it to the default ID: omServiceIdDefault
2023-03-29 21:17:16,868 [Listener at 0.0.0.0/43937] INFO  ha.OMHANodeDetails (OMHANodeDetails.java:getOMNodeDetailsForNonHA(261)) - OM Node ID is not set. Setting it to the default ID: om1
2023-03-29 21:17:16,868 [Listener at 0.0.0.0/43937] WARN  server.ServerUtils (ServerUtils.java:getDBPath(225)) - ozone.om.db.dirs is not configured. We recommend adding this setting. Falling back to ozone.metadata.dirs instead.
2023-03-29 21:17:16,870 [Listener at 0.0.0.0/43937] INFO  upgrade.AbstractLayoutVersionManager (AbstractLayoutVersionManager.java:init(83)) - Initializing Layout version manager with metadata layout = MULTITENANCY_SCHEMA (version = 3), software layout = MULTITENANCY_SCHEMA (version = 3)
2023-03-29 21:17:16,940 [Listener at 0.0.0.0/43937] INFO  reflections.Reflections (Reflections.java:scan(232)) - Reflections took 69 ms to scan 2 urls, producing 170 keys and 470 values [using 2 cores]
2023-03-29 21:17:16,941 [Listener at 0.0.0.0/43937] INFO  upgrade.OMLayoutVersionManager (OMLayoutVersionManager.java:lambda$0(115)) - Skipping Upgrade Action MockOmUpgradeAction since it has been finalized.
2023-03-29 21:17:16,941 [Listener at 0.0.0.0/43937] WARN  server.ServerUtils (ServerUtils.java:getDBPath(225)) - ozone.om.db.dirs is not configured. We recommend adding this setting. Falling back to ozone.metadata.dirs instead.
2023-03-29 21:17:16,942 [Listener at 0.0.0.0/43937] INFO  proxy.SCMBlockLocationFailoverProxyProvider (SCMBlockLocationFailoverProxyProvider.java:<init>(114)) - Created block location fail-over proxy with 1 nodes: [nodeId=scmNodeId,nodeAddress=/0.0.0.0:42339]
2023-03-29 21:17:16,946 [Listener at 0.0.0.0/43937] INFO  proxy.SCMBlockLocationFailoverProxyProvider (SCMBlockLocationFailoverProxyProvider.java:<init>(114)) - Created block location fail-over proxy with 1 nodes: [nodeId=scmNodeId,nodeAddress=/0.0.0.0:42339]
2023-03-29 21:17:16,951 [Listener at 0.0.0.0/43937] INFO  om.OzoneManager (OzoneManager.java:<init>(619)) - OM start with adminUsers: [runner]
2023-03-29 21:17:16,952 [Listener at 0.0.0.0/43937] WARN  server.ServerUtils (ServerUtils.java:getDBPath(225)) - ozone.om.db.dirs is not configured. We recommend adding this setting. Falling back to ozone.metadata.dirs instead.
2023-03-29 21:17:16,952 [Listener at 0.0.0.0/43937] INFO  codec.OmKeyInfoCodec (OmKeyInfoCodec.java:<init>(49)) - OmKeyInfoCodec ignorePipeline = true
2023-03-29 21:17:16,952 [Listener at 0.0.0.0/43937] INFO  codec.RepeatedOmKeyInfoCodec (RepeatedOmKeyInfoCodec.java:<init>(41)) - RepeatedOmKeyInfoCodec ignorePipeline = true
2023-03-29 21:17:17,100 [Listener at 0.0.0.0/43937] INFO  om.OzoneManager (OzoneManager.java:instantiateServices(749)) - S3 Multi-Tenancy is disabled
2023-03-29 21:17:17,101 [Listener at 0.0.0.0/43937] WARN  server.ServerUtils (ServerUtils.java:getDBPath(225)) - ozone.om.snapshot.diff.db.dir is not configured. We recommend adding this setting. Falling back to ozone.metadata.dirs instead.
2023-03-29 21:17:17,113 [Listener at 0.0.0.0/43937] INFO  om.OzoneManager (OzoneManager.java:addS3GVolumeToDB(4223)) - Created Volume s3v With Owner runner required for S3Gateway operations.
2023-03-29 21:17:17,113 [Listener at 0.0.0.0/43937] WARN  server.ServerUtils (ServerUtils.java:getDefaultRatisDirectory(237)) - Storage directory for Ratis is not configured. It is a good idea to map this to an SSD disk. Falling back to ozone.metadata.dirs
2023-03-29 21:17:17,114 [Listener at 0.0.0.0/43937] WARN  utils.OzoneManagerRatisUtils (OzoneManagerRatisUtils.java:getOMRatisSnapshotDirectory(446)) - ozone.om.ratis.snapshot.dir is not configured. Falling back to ozone.metadata.dirs config
2023-03-29 21:17:17,114 [Listener at 0.0.0.0/43937] WARN  server.ServerUtils (ServerUtils.java:getDefaultRatisDirectory(237)) - Storage directory for Ratis is not configured. It is a good idea to map this to an SSD disk. Falling back to ozone.metadata.dirs
2023-03-29 21:17:17,115 [Listener at 0.0.0.0/43937] INFO  ratis.OzoneManagerRatisServer (OzoneManagerRatisServer.java:<init>(163)) - Instantiating OM Ratis server with groupID: omServiceIdDefault and peers: localhost:9872
2023-03-29 21:17:17,115 [Listener at 0.0.0.0/43937] INFO  ratis.OzoneManagerStateMachine (OzoneManagerStateMachine.java:loadSnapshotInfoFromDB(636)) - LastAppliedIndex is set from TransactionInfo from OM DB as (t:0, i:~)
2023-03-29 21:17:17,116 [Listener at 0.0.0.0/43937] INFO  server.RaftServer (ConfUtils.java:logGet(46)) - raft.rpc.type = GRPC (default)
2023-03-29 21:17:17,116 [Listener at 0.0.0.0/43937] INFO  grpc.GrpcConfigKeys (ConfUtils.java:logFallback(53)) - raft.grpc.admin.host = null (fallback to raft.grpc.server.host)
2023-03-29 21:17:17,116 [Listener at 0.0.0.0/43937] INFO  grpc.GrpcConfigKeys (ConfUtils.java:logFallback(53)) - raft.grpc.admin.port = 9872 (fallback to raft.grpc.server.port)
2023-03-29 21:17:17,116 [Listener at 0.0.0.0/43937] INFO  grpc.GrpcConfigKeys (ConfUtils.java:logFallback(53)) - raft.grpc.client.host = null (fallback to raft.grpc.server.host)
2023-03-29 21:17:17,116 [Listener at 0.0.0.0/43937] INFO  grpc.GrpcConfigKeys (ConfUtils.java:logFallback(53)) - raft.grpc.client.port = 9872 (fallback to raft.grpc.server.port)
2023-03-29 21:17:17,116 [Listener at 0.0.0.0/43937] INFO  grpc.GrpcConfigKeys (ConfUtils.java:logGet(46)) - raft.grpc.server.host = null (default)
2023-03-29 21:17:17,116 [Listener at 0.0.0.0/43937] INFO  grpc.GrpcConfigKeys (ConfUtils.java:logGet(46)) - raft.grpc.server.port = 9872 (custom)
2023-03-29 21:17:17,116 [Listener at 0.0.0.0/43937] INFO  server.GrpcService (ConfUtils.java:logGet(46)) - raft.grpc.message.size.max = 33554432 (custom)
2023-03-29 21:17:17,116 [Listener at 0.0.0.0/43937] INFO  server.RaftServerConfigKeys (ConfUtils.java:logGet(46)) - raft.server.log.appender.buffer.byte-limit = 33554432 (custom)
2023-03-29 21:17:17,116 [Listener at 0.0.0.0/43937] INFO  server.GrpcService (ConfUtils.java:logGet(46)) - raft.grpc.flow.control.window = 1MB (=1048576) (default)
2023-03-29 21:17:17,116 [Listener at 0.0.0.0/43937] INFO  server.RaftServerConfigKeys (ConfUtils.java:logGet(46)) - raft.server.rpc.request.timeout = 3000ms (default)
2023-03-29 21:17:17,116 [Listener at 0.0.0.0/43937] INFO  grpc.GrpcConfigKeys (ConfUtils.java:logGet(46)) - raft.grpc.server.heartbeat.channel = true (default)
2023-03-29 21:17:17,116 [Listener at 0.0.0.0/43937] INFO  grpc.GrpcConfigKeys (ConfUtils.java:logGet(46)) - raft.grpc.server.async.request.thread.pool.cached = true (default)
2023-03-29 21:17:17,117 [Listener at 0.0.0.0/43937] INFO  grpc.GrpcConfigKeys (ConfUtils.java:logGet(46)) - raft.grpc.server.async.request.thread.pool.size = 32 (default)
2023-03-29 21:17:17,118 [Listener at 0.0.0.0/43937] INFO  impl.DataStreamServerImpl (ConfUtils.java:logGet(46)) - raft.datastream.type = DISABLED (default)
2023-03-29 21:17:17,118 [Listener at 0.0.0.0/43937] INFO  server.RaftServerConfigKeys (ConfUtils.java:logGet(46)) - raft.server.threadpool.proxy.cached = true (default)
2023-03-29 21:17:17,118 [Listener at 0.0.0.0/43937] INFO  server.RaftServerConfigKeys (ConfUtils.java:logGet(46)) - raft.server.threadpool.proxy.size = 0 (default)
2023-03-29 21:17:17,118 [Listener at 0.0.0.0/43937] INFO  server.RaftServerConfigKeys (ConfUtils.java:logGet(46)) - raft.server.rpc.slowness.timeout = 120s (custom)
2023-03-29 21:17:17,118 [Listener at 0.0.0.0/43937] INFO  server.RaftServerConfigKeys (ConfUtils.java:logGet(46)) - raft.server.leaderelection.leader.step-down.wait-time = 10s (default)
2023-03-29 21:17:17,118 [Listener at 0.0.0.0/43937] INFO  server.RaftServerConfigKeys (ConfUtils.java:logGet(46)) - raft.server.storage.dir = [/home/runner/work/ozone/ozone/hadoop-ozone/integration-test/target/test-dir/MiniOzoneClusterImpl-7726aa55-5b50-4186-a956-8f70fbca6446/ozone-meta/ratis] (custom)
2023-03-29 21:17:17,125 [Listener at 0.0.0.0/43937] INFO  server.RaftServer (RaftServerProxy.java:addNew(96)) - om1: addNew group-C5BA1605619E:[om1|rpc:localhost:9872|priority:0|startupRole:FOLLOWER] returns group-C5BA1605619E:java.util.concurrent.CompletableFuture@61dc2bf7[Not completed]
2023-03-29 21:17:17,125 [Listener at 0.0.0.0/43937] INFO  om.OzoneManager (OzoneManager.java:initializeRatisServer(2096)) - OzoneManager Ratis server initialized at port 9872
2023-03-29 21:17:17,125 [Listener at 0.0.0.0/43937] INFO  om.OzoneManager (OzoneManager.java:getRpcServer(1132)) - Creating RPC Server
2023-03-29 21:17:17,126 [pool-458-thread-1] INFO  server.RaftServer$Division (RaftServerImpl.java:<init>(195)) - om1: new RaftServerImpl for group-C5BA1605619E:[om1|rpc:localhost:9872|priority:0|startupRole:FOLLOWER] with OzoneManagerStateMachine:uninitialized
2023-03-29 21:17:17,127 [pool-458-thread-1] INFO  server.RaftServerConfigKeys (ConfUtils.java:logGet(46)) - raft.server.rpc.timeout.min = 1s (custom)
2023-03-29 21:17:17,127 [pool-458-thread-1] INFO  server.RaftServerConfigKeys (ConfUtils.java:logGet(46)) - raft.server.rpc.timeout.max = 1200ms (custom)
2023-03-29 21:17:17,127 [pool-458-thread-1] INFO  server.RaftServerConfigKeys (ConfUtils.java:logGet(46)) - raft.server.rpc.sleep.time = 25ms (default)
2023-03-29 21:17:17,127 [pool-458-thread-1] INFO  server.RaftServerConfigKeys (ConfUtils.java:logGet(46)) - raft.server.rpc.slowness.timeout = 120s (custom)
2023-03-29 21:17:17,127 [pool-458-thread-1] INFO  server.RaftServerConfigKeys (ConfUtils.java:logGet(46)) - raft.server.leaderelection.leader.step-down.wait-time = 10s (default)
2023-03-29 21:17:17,127 [pool-458-thread-1] INFO  server.RaftServerConfigKeys (ConfUtils.java:logGet(46)) - raft.server.sleep.deviation.threshold = 300ms (default)
2023-03-29 21:17:17,127 [pool-458-thread-1] INFO  server.RaftServer$Division (ServerState.java:<init>(118)) - om1@group-C5BA1605619E: ConfigurationManager, init=-1: peers:[om1|rpc:localhost:9872|priority:0|startupRole:FOLLOWER]|listeners:[], old=null, confs=<EMPTY_MAP>
2023-03-29 21:17:17,127 [pool-458-thread-1] INFO  server.RaftServerConfigKeys (ConfUtils.java:logGet(46)) - raft.server.storage.dir = [/home/runner/work/ozone/ozone/hadoop-ozone/integration-test/target/test-dir/MiniOzoneClusterImpl-7726aa55-5b50-4186-a956-8f70fbca6446/ozone-meta/ratis] (custom)
2023-03-29 21:17:17,127 [pool-458-thread-1] INFO  server.RaftServerConfigKeys (ConfUtils.java:logGet(46)) - raft.server.log.corruption.policy = EXCEPTION (default)
2023-03-29 21:17:17,127 [pool-458-thread-1] INFO  server.RaftServerConfigKeys (ConfUtils.java:logGet(46)) - raft.server.storage.free-space.min = 0MB (=0) (default)
2023-03-29 21:17:17,127 [pool-458-thread-1] INFO  server.RaftServerConfigKeys (ConfUtils.java:logGet(46)) - raft.server.notification.no-leader.timeout = 120s (custom)
2023-03-29 21:17:17,127 [pool-458-thread-1] INFO  server.RaftServerConfigKeys (ConfUtils.java:logGet(46)) - raft.server.retrycache.expirytime = 300s (custom)
2023-03-29 21:17:17,127 [pool-458-thread-1] INFO  server.RaftServerConfigKeys (ConfUtils.java:logGet(46)) - raft.server.retrycache.statistics.expirytime = 100μs (default)
2023-03-29 21:17:17,128 [pool-458-thread-1] INFO  server.RaftServerConfigKeys (ConfUtils.java:logGet(46)) - raft.server.log.appender.install.snapshot.enabled = false (custom)
2023-03-29 21:17:17,128 [pool-458-thread-1] INFO  server.RaftServerConfigKeys (ConfUtils.java:logGet(46)) - raft.server.threadpool.server.cached = true (default)
2023-03-29 21:17:17,128 [pool-458-thread-1] INFO  server.RaftServerConfigKeys (ConfUtils.java:logGet(46)) - raft.server.threadpool.server.size = 0 (default)
2023-03-29 21:17:17,128 [pool-458-thread-1] INFO  server.RaftServerConfigKeys (ConfUtils.java:logGet(46)) - raft.server.threadpool.client.cached = true (default)
2023-03-29 21:17:17,128 [pool-458-thread-1] INFO  server.RaftServerConfigKeys (ConfUtils.java:logGet(46)) - raft.server.threadpool.client.size = 0 (default)
2023-03-29 21:17:17,524 [Listener at 0.0.0.0/43937] INFO  reflections.Reflections (Reflections.java:scan(232)) - Reflections took 398 ms to scan 19 urls, producing 68 keys and 4992 values [using 2 cores]
2023-03-29 21:17:17,526 [Listener at 0.0.0.0/43937] INFO  ipc.CallQueueManager (CallQueueManager.java:<init>(90)) - Using callQueue: class java.util.concurrent.LinkedBlockingQueue, queueCapacity: 2000, scheduler: class org.apache.hadoop.ipc.DefaultRpcScheduler, ipcBackoff: false.
2023-03-29 21:17:17,528 [Socket Reader #1 for port 0] INFO  ipc.Server (Server.java:run(1273)) - Starting Socket Reader #1 for port 0
2023-03-29 21:17:17,546 [Listener at 127.0.0.1/45119] INFO  impl.MetricsSystemImpl (MetricsSystemImpl.java:init(158)) - OzoneManager metrics system started (again)
2023-03-29 21:17:17,563 [Listener at 127.0.0.1/45119] INFO  om.OzoneManager (OzoneManager.java:start(1553)) - OzoneManager RPC server is listening at localhost/127.0.0.1:45119
2023-03-29 21:17:17,563 [Listener at 127.0.0.1/45119] INFO  ratis.OzoneManagerRatisServer (OzoneManagerRatisServer.java:start(558)) - Starting OzoneManagerRatisServer om1 at port 9872
2023-03-29 21:17:17,563 [om1-impl-thread1] INFO  storage.RaftStorageDirectory (RaftStorageDirectoryImpl.java:analyzeStorage(137)) - The storage directory /home/runner/work/ozone/ozone/hadoop-ozone/integration-test/target/test-dir/MiniOzoneClusterImpl-7726aa55-5b50-4186-a956-8f70fbca6446/ozone-meta/ratis/bf265839-605b-3f16-9796-c5ba1605619e does not exist. Creating ...
2023-03-29 21:17:17,564 [om1-impl-thread1] INFO  storage.RaftStorageDirectory (RaftStorageDirectoryImpl.java:tryLock(231)) - Lock on /home/runner/work/ozone/ozone/hadoop-ozone/integration-test/target/test-dir/MiniOzoneClusterImpl-7726aa55-5b50-4186-a956-8f70fbca6446/ozone-meta/ratis/bf265839-605b-3f16-9796-c5ba1605619e/in_use.lock acquired by nodename 46426@fv-az308-773
2023-03-29 21:17:17,566 [om1-impl-thread1] INFO  storage.RaftStorage (RaftStorageImpl.java:format(96)) - Storage directory /home/runner/work/ozone/ozone/hadoop-ozone/integration-test/target/test-dir/MiniOzoneClusterImpl-7726aa55-5b50-4186-a956-8f70fbca6446/ozone-meta/ratis/bf265839-605b-3f16-9796-c5ba1605619e has been successfully formatted.
2023-03-29 21:17:17,567 [om1-impl-thread1] INFO  server.RaftServerConfigKeys (ConfUtils.java:logGet(46)) - raft.server.log.use.memory = false (default)
2023-03-29 21:17:17,567 [om1-impl-thread1] INFO  server.RaftServerConfigKeys (ConfUtils.java:logGet(46)) - raft.server.log.purge.gap = 1000000 (custom)
2023-03-29 21:17:17,567 [om1-impl-thread1] INFO  server.RaftServerConfigKeys (ConfUtils.java:logGet(46)) - raft.server.log.appender.buffer.byte-limit = 33554432 (custom)
2023-03-29 21:17:17,567 [om1-impl-thread1] INFO  server.RaftServerConfigKeys (ConfUtils.java:logGet(46)) - raft.server.log.statemachine.data.read.timeout = 1000ms (default)
2023-03-29 21:17:17,567 [om1-impl-thread1] INFO  server.RaftServerConfigKeys (ConfUtils.java:logGet(46)) - raft.server.log.purge.preservation.log.num = 0 (default)
2023-03-29 21:17:17,567 [om1-impl-thread1] INFO  server.RaftServerConfigKeys (ConfUtils.java:logGet(46)) - raft.server.log.segment.size.max = 4194304 (custom)
2023-03-29 21:17:17,567 [om1-impl-thread1] INFO  server.RaftServerConfigKeys (ConfUtils.java:logGet(46)) - raft.server.log.segment.cache.num.max = 2 (custom)
2023-03-29 21:17:17,567 [om1-impl-thread1] INFO  server.RaftServerConfigKeys (ConfUtils.java:logGet(46)) - raft.server.log.segment.cache.size.max = 200MB (=209715200) (default)
2023-03-29 21:17:17,567 [om1-impl-thread1] INFO  segmented.SegmentedRaftLogWorker (SegmentedRaftLogWorker.java:<init>(189)) - new om1@group-C5BA1605619E-SegmentedRaftLogWorker for RaftStorageImpl:Storage Directory /home/runner/work/ozone/ozone/hadoop-ozone/integration-test/target/test-dir/MiniOzoneClusterImpl-7726aa55-5b50-4186-a956-8f70fbca6446/ozone-meta/ratis/bf265839-605b-3f16-9796-c5ba1605619e
2023-03-29 21:17:17,567 [om1-impl-thread1] INFO  server.RaftServerConfigKeys (ConfUtils.java:logGet(46)) - raft.server.log.queue.byte-limit = 64MB (=67108864) (default)
2023-03-29 21:17:17,567 [om1-impl-thread1] INFO  server.RaftServerConfigKeys (ConfUtils.java:logGet(46)) - raft.server.log.queue.element-limit = 4096 (default)
2023-03-29 21:17:17,567 [om1-impl-thread1] INFO  server.RaftServerConfigKeys (ConfUtils.java:logGet(46)) - raft.server.log.segment.size.max = 4194304 (custom)
2023-03-29 21:17:17,567 [om1-impl-thread1] INFO  server.RaftServerConfigKeys (ConfUtils.java:logGet(46)) - raft.server.log.preallocated.size = 4194304 (custom)
2023-03-29 21:17:17,567 [om1-impl-thread1] INFO  server.RaftServerConfigKeys (ConfUtils.java:logGet(46)) - raft.server.log.force.sync.num = 128 (default)
2023-03-29 21:17:17,567 [om1-impl-thread1] INFO  server.RaftServerConfigKeys (ConfUtils.java:logGet(46)) - raft.server.log.statemachine.data.sync = true (default)
2023-03-29 21:17:17,567 [om1-impl-thread1] INFO  server.RaftServerConfigKeys (ConfUtils.java:logGet(46)) - raft.server.log.statemachine.data.sync.timeout = 10s (default)
2023-03-29 21:17:17,568 [om1-impl-thread1] INFO  server.RaftServerConfigKeys (ConfUtils.java:logGet(46)) - raft.server.log.statemachine.data.sync.timeout.retry = -1 (default)
2023-03-29 21:17:17,568 [om1-impl-thread1] INFO  server.RaftServerConfigKeys (ConfUtils.java:logGet(46)) - raft.server.log.write.buffer.size = 64KB (=65536) (default)
2023-03-29 21:17:17,568 [om1-impl-thread1] INFO  server.RaftServerConfigKeys (ConfUtils.java:logGet(46)) - raft.server.log.appender.buffer.byte-limit = 33554432 (custom)
2023-03-29 21:17:17,573 [om1-impl-thread1] INFO  server.RaftServerConfigKeys (ConfUtils.java:logGet(46)) - raft.server.log.unsafe-flush.enabled = false (default)
2023-03-29 21:17:17,573 [om1-impl-thread1] INFO  server.RaftServerConfigKeys (ConfUtils.java:logGet(46)) - raft.server.log.async-flush.enabled = false (default)
2023-03-29 21:17:17,573 [om1-impl-thread1] INFO  server.RaftServerConfigKeys (ConfUtils.java:logGet(46)) - raft.server.log.statemachine.data.caching.enabled = false (default)
2023-03-29 21:17:17,573 [om1-impl-thread1] INFO  segmented.SegmentedRaftLogWorker (SegmentedRaftLogWorker.java:lambda$new$0(135)) - om1@group-C5BA1605619E-SegmentedRaftLogWorker: flushIndex: setUnconditionally 0 -> -1
2023-03-29 21:17:17,573 [om1-impl-thread1] INFO  segmented.SegmentedRaftLogWorker (SegmentedRaftLogWorker.java:lambda$new$0(135)) - om1@group-C5BA1605619E-SegmentedRaftLogWorker: safeCacheEvictIndex: setUnconditionally 0 -> -1
2023-03-29 21:17:17,573 [om1-impl-thread1] INFO  server.RaftServer$Division (RaftServerImpl.java:start(334)) - om1@group-C5BA1605619E: start as a follower, conf=-1: peers:[om1|rpc:localhost:9872|priority:0|startupRole:FOLLOWER]|listeners:[], old=null
2023-03-29 21:17:17,573 [om1-impl-thread1] INFO  server.RaftServer$Division (RaftServerImpl.java:setRole(321)) - om1@group-C5BA1605619E: changes role from      null to FOLLOWER at term 0 for startAsFollower
2023-03-29 21:17:17,573 [om1-impl-thread1] INFO  impl.RoleInfo (RoleInfo.java:updateAndGet(139)) - om1: start om1@group-C5BA1605619E-FollowerState
2023-03-29 21:17:17,574 [om1-impl-thread1] INFO  util.JmxRegister (JmxRegister.java:tryRegister(44)) - Successfully registered JMX Bean with object name Ratis:service=RaftServer,group=group-C5BA1605619E,id=om1
2023-03-29 21:17:17,574 [om1-impl-thread1] INFO  server.RaftServerConfigKeys (ConfUtils.java:logGet(46)) - raft.server.snapshot.auto.trigger.enabled = true (custom)
2023-03-29 21:17:17,574 [om1-impl-thread1] INFO  server.RaftServerConfigKeys (ConfUtils.java:logGet(46)) - raft.server.snapshot.auto.trigger.threshold = 400000 (default)
2023-03-29 21:17:17,574 [om1-impl-thread1] INFO  server.RaftServerConfigKeys (ConfUtils.java:logGet(46)) - raft.server.snapshot.retention.file.num = -1 (default)
2023-03-29 21:17:17,574 [om1-impl-thread1] INFO  server.RaftServerConfigKeys (ConfUtils.java:logGet(46)) - raft.server.log.purge.upto.snapshot.index = true (custom)
2023-03-29 21:17:17,577 [Listener at 127.0.0.1/45119] INFO  server.RaftServer (RaftServerProxy.java:startImpl(393)) - om1: start RPC server
2023-03-29 21:17:17,579 [om1@group-C5BA1605619E-FollowerState] INFO  server.RaftServerConfigKeys (ConfUtils.java:logFallback(53)) - raft.server.rpc.first-election.timeout.min = 1s (fallback to raft.server.rpc.timeout.min)
2023-03-29 21:17:17,579 [om1@group-C5BA1605619E-FollowerState] INFO  server.RaftServerConfigKeys (ConfUtils.java:logFallback(53)) - raft.server.rpc.first-election.timeout.max = 1200ms (fallback to raft.server.rpc.timeout.max)
2023-03-29 21:17:17,580 [Listener at 127.0.0.1/45119] INFO  server.GrpcService (GrpcService.java:startImpl(262)) - om1: GrpcService started, listening on 9872
2023-03-29 21:17:17,585 [Listener at 127.0.0.1/45119] INFO  om.OzoneManager (OzoneManager.java:start(1569)) - Version File has different layout version (3) than OM DB (null). That is expected if this OM has never been finalized to a newer layout version.
2023-03-29 21:17:17,586 [JvmPauseMonitor10] INFO  util.JvmPauseMonitor (JvmPauseMonitor.java:run(105)) - JvmPauseMonitor-om1: Started
2023-03-29 21:17:17,589 [Listener at 127.0.0.1/45119] INFO  http.BaseHttpServer (BaseHttpServer.java:newHttpServer2BuilderForOzone(224)) - Starting Web-server for ozoneManager at: http://0.0.0.0:0
2023-03-29 21:17:17,589 [Listener at 127.0.0.1/45119] INFO  http.BaseHttpServer (BaseHttpServer.java:<init>(111)) - Hadoop Security Enabled: false Ozone Security Enabled: false Ozone HTTP Security Enabled: false 
2023-03-29 21:17:17,590 [Listener at 127.0.0.1/45119] WARN  server.AuthenticationFilter (AuthenticationFilter.java:constructSecretProvider(240)) - Unable to initialize FileSignerSecretProvider, falling back to use random secrets. Reason: Could not read signature secret file: /home/runner/hadoop-http-auth-signature-secret
2023-03-29 21:17:17,591 [Listener at 127.0.0.1/45119] WARN  http.HttpRequestLog (HttpRequestLog.java:getRequestLog(103)) - Jetty request log can only be enabled using Log4j
2023-03-29 21:17:17,592 [Listener at 127.0.0.1/45119] INFO  http.HttpServer2 (HttpServer2.java:addGlobalFilter(1031)) - Added global filter 'safety' (class=org.apache.hadoop.hdds.server.http.HttpServer2$QuotingInputFilter)
2023-03-29 21:17:17,593 [Listener at 127.0.0.1/45119] INFO  http.HttpServer2 (HttpServer2.java:addFilter(1007)) - Added filter static_user_filter (class=org.apache.hadoop.http.lib.StaticUserWebFilter$StaticUserFilter) to context ozoneManager
2023-03-29 21:17:17,593 [Listener at 127.0.0.1/45119] INFO  http.HttpServer2 (HttpServer2.java:addFilter(1015)) - Added filter static_user_filter (class=org.apache.hadoop.http.lib.StaticUserWebFilter$StaticUserFilter) to context logs
2023-03-29 21:17:17,594 [Listener at 127.0.0.1/45119] INFO  http.HttpServer2 (HttpServer2.java:addFilter(1015)) - Added filter static_user_filter (class=org.apache.hadoop.http.lib.StaticUserWebFilter$StaticUserFilter) to context static
2023-03-29 21:17:17,595 [Listener at 127.0.0.1/45119] INFO  http.BaseHttpServer (BaseHttpServer.java:<init>(190)) - HTTP server of ozoneManager uses base directory /home/runner/work/ozone/ozone/hadoop-ozone/integration-test/target/test-dir/MiniOzoneClusterImpl-7726aa55-5b50-4186-a956-8f70fbca6446/ozone-meta/webserver
2023-03-29 21:17:17,595 [Listener at 127.0.0.1/45119] INFO  http.HttpServer2 (HttpServer2.java:bindListener(1250)) - Jetty bound to port 45663
2023-03-29 21:17:17,595 [Listener at 127.0.0.1/45119] INFO  server.Server (Server.java:doStart(375)) - jetty-9.4.49.v20220914; built: 2022-09-14T01:07:36.601Z; git: 4231a3b2e4cb8548a412a789936d640a97b1aa0a; jvm 1.8.0_362-b09
2023-03-29 21:17:17,596 [Listener at 127.0.0.1/45119] INFO  server.session (DefaultSessionIdManager.java:doStart(334)) - DefaultSessionIdManager workerName=node0
2023-03-29 21:17:17,597 [Listener at 127.0.0.1/45119] INFO  server.session (DefaultSessionIdManager.java:doStart(339)) - No SessionScavenger set, using defaults
2023-03-29 21:17:17,597 [Listener at 127.0.0.1/45119] INFO  server.session (HouseKeeper.java:startScavenging(132)) - node0 Scavenging every 600000ms
2023-03-29 21:17:17,597 [Listener at 127.0.0.1/45119] INFO  handler.ContextHandler (ContextHandler.java:doStart(921)) - Started o.e.j.s.ServletContextHandler@3c7a3608{logs,/logs,file:///home/runner/work/ozone/ozone/hadoop-ozone/integration-test/target/log,AVAILABLE}
2023-03-29 21:17:17,598 [Listener at 127.0.0.1/45119] INFO  handler.ContextHandler (ContextHandler.java:doStart(921)) - Started o.e.j.s.ServletContextHandler@53954d77{static,/static,file:///home/runner/work/ozone/ozone/hadoop-ozone/integration-test/target/test-classes/webapps/static,AVAILABLE}
2023-03-29 21:17:17,600 [Listener at 127.0.0.1/45119] INFO  handler.ContextHandler (ContextHandler.java:doStart(921)) - Started o.e.j.w.WebAppContext@d4c6326{ozoneManager,/,file:///home/runner/work/ozone/ozone/hadoop-ozone/integration-test/target/test-classes/webapps/ozoneManager/,AVAILABLE}{file:/home/runner/work/ozone/ozone/hadoop-ozone/integration-test/target/test-classes/webapps/ozoneManager}
2023-03-29 21:17:17,603 [Listener at 127.0.0.1/45119] INFO  server.AbstractConnector (AbstractConnector.java:doStart(333)) - Started ServerConnector@75262f7{HTTP/1.1, (http/1.1)}{0.0.0.0:45663}
2023-03-29 21:17:17,604 [Listener at 127.0.0.1/45119] INFO  server.Server (Server.java:doStart(415)) - Started @91370ms
2023-03-29 21:17:17,604 [Listener at 127.0.0.1/45119] WARN  impl.MetricsSystemImpl (MetricsSystemImpl.java:register(279)) - Sink prometheus already exists!
2023-03-29 21:17:17,605 [Listener at 127.0.0.1/45119] INFO  http.BaseHttpServer (BaseHttpServer.java:updateConnectorAddress(344)) - HTTP server of ozoneManager listening at http://0.0.0.0:45663
2023-03-29 21:17:17,605 [IPC Server Responder] INFO  ipc.Server (Server.java:run(1512)) - IPC Server Responder: starting
2023-03-29 21:17:17,610 [IPC Server listener on 0] INFO  ipc.Server (Server.java:run(1352)) - IPC Server listener on 0: starting
2023-03-29 21:17:17,615 [Listener at 127.0.0.1/45119] INFO  om.OzoneManager (OzoneManager.java:startTrashEmptier(2040)) - Trash Interval set to 0. Files deleted won't move to trash
2023-03-29 21:17:17,622 [org.apache.hadoop.util.JvmPauseMonitor$Monitor@780084e2] INFO  util.JvmPauseMonitor (JvmPauseMonitor.java:run(188)) - Starting JVM pause monitor
2023-03-29 21:17:17,624 [Listener at 127.0.0.1/45119] WARN  impl.MetricRegistriesImpl (MetricRegistriesImpl.java:addReporterRegistration(111)) - New reporters are added after registries were created. Some metrics will be missing from the reporter. Please add reporter before adding any new registry.
2023-03-29 21:17:17,624 [Listener at 127.0.0.1/45119] WARN  impl.MetricRegistriesImpl (MetricRegistriesImpl.java:addReporterRegistration(111)) - New reporters are added after registries were created. Some metrics will be missing from the reporter. Please add reporter before adding any new registry.
2023-03-29 21:17:17,624 [Listener at 127.0.0.1/45119] INFO  impl.MetricsSystemImpl (MetricsSystemImpl.java:init(158)) - HddsDatanode metrics system started (again)
2023-03-29 21:17:17,643 [Listener at 127.0.0.1/45119] INFO  ozone.HddsDatanodeService (HddsDatanodeService.java:start(249)) - HddsDatanodeService host:fv-az308-773 ip:10.1.0.17
2023-03-29 21:17:17,658 [Listener at 127.0.0.1/45119] INFO  upgrade.AbstractLayoutVersionManager (AbstractLayoutVersionManager.java:init(83)) - Initializing Layout version manager with metadata layout = DATANODE_SCHEMA_V3 (version = 4), software layout = DATANODE_SCHEMA_V3 (version = 4)
2023-03-29 21:17:17,705 [Listener at 127.0.0.1/45119] INFO  reflections.Reflections (Reflections.java:scan(232)) - Reflections took 46 ms to scan 7 urls, producing 155 keys and 368 values 
2023-03-29 21:17:17,709 [Listener at 127.0.0.1/45119] INFO  statemachine.DatanodeStateMachine (DatanodeStateMachine.java:getEndPointTaskThreadPoolSize(260)) - Datanode State Machine Task Thread Pool size 2
2023-03-29 21:17:17,714 [Listener at 127.0.0.1/45119] INFO  volume.HddsVolume (HddsVolume.java:<init>(130)) - Creating HddsVolume: /home/runner/work/ozone/ozone/hadoop-ozone/integration-test/target/test-dir/MiniOzoneClusterImpl-7726aa55-5b50-4186-a956-8f70fbca6446/datanode-0/data-0/containers/hdds of storage type : DISK capacity : 9223372036854775807
2023-03-29 21:17:17,715 [Listener at 127.0.0.1/45119] INFO  volume.MutableVolumeSet (MutableVolumeSet.java:initializeVolumeSet(175)) - Added Volume : /home/runner/work/ozone/ozone/hadoop-ozone/integration-test/target/test-dir/MiniOzoneClusterImpl-7726aa55-5b50-4186-a956-8f70fbca6446/datanode-0/data-0/containers/hdds to VolumeSet
2023-03-29 21:17:17,715 [Listener at 127.0.0.1/45119] INFO  volume.ThrottledAsyncChecker (ThrottledAsyncChecker.java:schedule(141)) - Scheduling a check for /home/runner/work/ozone/ozone/hadoop-ozone/integration-test/target/test-dir/MiniOzoneClusterImpl-7726aa55-5b50-4186-a956-8f70fbca6446/datanode-0/data-0/containers/hdds
2023-03-29 21:17:17,716 [Listener at 127.0.0.1/45119] INFO  volume.StorageVolumeChecker (StorageVolumeChecker.java:checkAllVolumes(202)) - Scheduled health check for volume /home/runner/work/ozone/ozone/hadoop-ozone/integration-test/target/test-dir/MiniOzoneClusterImpl-7726aa55-5b50-4186-a956-8f70fbca6446/datanode-0/data-0/containers/hdds
2023-03-29 21:17:17,729 [Listener at 127.0.0.1/45119] INFO  volume.MutableVolumeSet (MutableVolumeSet.java:initializeVolumeSet(175)) - Added Volume : /home/runner/work/ozone/ozone/hadoop-ozone/integration-test/target/test-dir/MiniOzoneClusterImpl-7726aa55-5b50-4186-a956-8f70fbca6446/datanode-0/data/ratis to VolumeSet
2023-03-29 21:17:17,729 [Listener at 127.0.0.1/45119] INFO  volume.ThrottledAsyncChecker (ThrottledAsyncChecker.java:schedule(141)) - Scheduling a check for /home/runner/work/ozone/ozone/hadoop-ozone/integration-test/target/test-dir/MiniOzoneClusterImpl-7726aa55-5b50-4186-a956-8f70fbca6446/datanode-0/data/ratis
2023-03-29 21:17:17,729 [Listener at 127.0.0.1/45119] INFO  volume.StorageVolumeChecker (StorageVolumeChecker.java:checkAllVolumes(202)) - Scheduled health check for volume /home/runner/work/ozone/ozone/hadoop-ozone/integration-test/target/test-dir/MiniOzoneClusterImpl-7726aa55-5b50-4186-a956-8f70fbca6446/datanode-0/data/ratis
2023-03-29 21:17:17,739 [Thread-1095] INFO  ozoneimpl.ContainerReader (ContainerReader.java:readVolume(175)) - Finish verifying containers on volume /home/runner/work/ozone/ozone/hadoop-ozone/integration-test/target/test-dir/MiniOzoneClusterImpl-7726aa55-5b50-4186-a956-8f70fbca6446/datanode-0/data-0/containers/hdds
2023-03-29 21:17:17,739 [Listener at 127.0.0.1/45119] INFO  ozoneimpl.OzoneContainer (OzoneContainer.java:buildContainerSet(303)) - Build ContainerSet costs 0s
2023-03-29 21:17:17,741 [Listener at 127.0.0.1/45119] INFO  server.RaftServer (ConfUtils.java:logGet(46)) - raft.rpc.type = GRPC (default)
2023-03-29 21:17:17,741 [Listener at 127.0.0.1/45119] INFO  grpc.GrpcConfigKeys (ConfUtils.java:logFallback(53)) - raft.grpc.admin.host = null (fallback to raft.grpc.server.host)
2023-03-29 21:17:17,741 [Listener at 127.0.0.1/45119] INFO  grpc.GrpcConfigKeys (ConfUtils.java:logGet(46)) - raft.grpc.admin.port = 0 (custom)
2023-03-29 21:17:17,741 [Listener at 127.0.0.1/45119] INFO  grpc.GrpcConfigKeys (ConfUtils.java:logFallback(53)) - raft.grpc.client.host = null (fallback to raft.grpc.server.host)
2023-03-29 21:17:17,742 [Listener at 127.0.0.1/45119] INFO  grpc.GrpcConfigKeys (ConfUtils.java:logGet(46)) - raft.grpc.client.port = 0 (custom)
2023-03-29 21:17:17,742 [Listener at 127.0.0.1/45119] INFO  grpc.GrpcConfigKeys (ConfUtils.java:logGet(46)) - raft.grpc.server.host = null (default)
2023-03-29 21:17:17,742 [Listener at 127.0.0.1/45119] INFO  grpc.GrpcConfigKeys (ConfUtils.java:logGet(46)) - raft.grpc.server.port = 0 (default)
2023-03-29 21:17:17,742 [Listener at 127.0.0.1/45119] INFO  server.GrpcService (ConfUtils.java:logGet(46)) - raft.grpc.message.size.max = 32MB (=33554432) (custom)
2023-03-29 21:17:17,742 [Listener at 127.0.0.1/45119] INFO  server.RaftServerConfigKeys (ConfUtils.java:logGet(46)) - raft.server.log.appender.buffer.byte-limit = 33554432 (custom)
2023-03-29 21:17:17,742 [Listener at 127.0.0.1/45119] INFO  server.GrpcService (ConfUtils.java:logGet(46)) - raft.grpc.flow.control.window = 5MB (=5242880) (custom)
2023-03-29 21:17:17,742 [Listener at 127.0.0.1/45119] INFO  server.RaftServerConfigKeys (ConfUtils.java:logGet(46)) - raft.server.rpc.request.timeout = 60s (custom)
2023-03-29 21:17:17,742 [Listener at 127.0.0.1/45119] INFO  grpc.GrpcConfigKeys (ConfUtils.java:logGet(46)) - raft.grpc.server.heartbeat.channel = true (default)
2023-03-29 21:17:17,742 [Listener at 127.0.0.1/45119] INFO  grpc.GrpcConfigKeys (ConfUtils.java:logGet(46)) - raft.grpc.server.async.request.thread.pool.cached = true (default)
2023-03-29 21:17:17,742 [Listener at 127.0.0.1/45119] INFO  grpc.GrpcConfigKeys (ConfUtils.java:logGet(46)) - raft.grpc.server.async.request.thread.pool.size = 32 (default)
2023-03-29 21:17:17,743 [Listener at 127.0.0.1/45119] INFO  impl.DataStreamServerImpl (ConfUtils.java:logGet(46)) - raft.datastream.type = NETTY (custom)
2023-03-29 21:17:17,743 [Listener at 127.0.0.1/45119] INFO  server.RaftServerConfigKeys (ConfUtils.java:logGet(46)) - raft.server.data-stream.async.request.thread.pool.cached = false (default)
2023-03-29 21:17:17,743 [Listener at 127.0.0.1/45119] INFO  server.RaftServerConfigKeys (ConfUtils.java:logGet(46)) - raft.server.data-stream.async.request.thread.pool.size = 20 (custom)
2023-03-29 21:17:17,744 [Listener at 127.0.0.1/45119] INFO  server.RaftServerConfigKeys (ConfUtils.java:logGet(46)) - raft.server.data-stream.async.write.thread.pool.size = 16 (default)
2023-03-29 21:17:17,744 [Listener at 127.0.0.1/45119] INFO  server.RaftServerConfigKeys (ConfUtils.java:logGet(46)) - raft.server.data-stream.client.pool.size = 10 (default)
2023-03-29 21:17:17,744 [Listener at 127.0.0.1/45119] INFO  netty.NettyConfigKeys$DataStream (ConfUtils.java:logGet(46)) - raft.netty.dataStream.server.use-epoll = false (default)
2023-03-29 21:17:17,744 [Listener at 127.0.0.1/45119] INFO  netty.NettyConfigKeys$DataStream (ConfUtils.java:logGet(46)) - raft.netty.dataStream.server.boss-group.size = 0 (default)
2023-03-29 21:17:17,744 [Listener at 127.0.0.1/45119] INFO  netty.NettyConfigKeys$DataStream (ConfUtils.java:logGet(46)) - raft.netty.dataStream.server.worker-group.size = 0 (default)
2023-03-29 21:17:17,744 [Listener at 127.0.0.1/45119] INFO  netty.NettyConfigKeys$DataStream (ConfUtils.java:logGet(46)) - raft.netty.dataStream.server.tls.conf = null (default)
2023-03-29 21:17:17,744 [Listener at 127.0.0.1/45119] INFO  netty.NettyConfigKeys$DataStream (ConfUtils.java:logGet(46)) - raft.netty.dataStream.host = null (default)
2023-03-29 21:17:17,745 [Listener at 127.0.0.1/45119] INFO  netty.NettyConfigKeys$DataStream (ConfUtils.java:logGet(46)) - raft.netty.dataStream.port = 0 (default)
2023-03-29 21:17:17,745 [Listener at 127.0.0.1/45119] INFO  server.RaftServerConfigKeys (ConfUtils.java:logGet(46)) - raft.server.threadpool.proxy.cached = true (default)
2023-03-29 21:17:17,745 [Listener at 127.0.0.1/45119] INFO  server.RaftServerConfigKeys (ConfUtils.java:logGet(46)) - raft.server.threadpool.proxy.size = 0 (default)
2023-03-29 21:17:17,745 [Listener at 127.0.0.1/45119] INFO  server.RaftServerConfigKeys (ConfUtils.java:logGet(46)) - raft.server.rpc.slowness.timeout = 300s (custom)
2023-03-29 21:17:17,745 [Listener at 127.0.0.1/45119] INFO  server.RaftServerConfigKeys (ConfUtils.java:logGet(46)) - raft.server.leaderelection.leader.step-down.wait-time = 10s (default)
2023-03-29 21:17:17,746 [Listener at 127.0.0.1/45119] INFO  server.RaftServerConfigKeys (ConfUtils.java:logGet(46)) - raft.server.storage.dir = [/home/runner/work/ozone/ozone/hadoop-ozone/integration-test/target/test-dir/MiniOzoneClusterImpl-7726aa55-5b50-4186-a956-8f70fbca6446/datanode-0/data/ratis] (custom)
2023-03-29 21:17:17,746 [18961f23-4365-477a-9957-4b48f2116dbc-NettyServerStreamRpc-bossGroup--thread1] INFO  logging.LoggingHandler (AbstractInternalLogger.java:log(148)) - [id: 0x3b2fb7b7] REGISTERED
2023-03-29 21:17:17,746 [18961f23-4365-477a-9957-4b48f2116dbc-NettyServerStreamRpc-bossGroup--thread1] INFO  logging.LoggingHandler (AbstractInternalLogger.java:log(148)) - [id: 0x3b2fb7b7] BIND: 0.0.0.0/0.0.0.0:0
2023-03-29 21:17:17,746 [18961f23-4365-477a-9957-4b48f2116dbc-NettyServerStreamRpc-bossGroup--thread1] INFO  logging.LoggingHandler (AbstractInternalLogger.java:log(148)) - [id: 0x3b2fb7b7, L:/0:0:0:0:0:0:0:0:36403] ACTIVE
2023-03-29 21:17:17,748 [Listener at 127.0.0.1/45119] INFO  server.XceiverServerGrpc (XceiverServerGrpc.java:<init>(132)) - GrpcServer channel type EpollServerSocketChannel
2023-03-29 21:17:17,752 [Listener at 127.0.0.1/45119] INFO  http.BaseHttpServer (BaseHttpServer.java:newHttpServer2BuilderForOzone(224)) - Starting Web-server for hddsDatanode at: http://0.0.0.0:0
2023-03-29 21:17:17,752 [Listener at 127.0.0.1/45119] INFO  http.BaseHttpServer (BaseHttpServer.java:<init>(111)) - Hadoop Security Enabled: false Ozone Security Enabled: false Ozone HTTP Security Enabled: false 
2023-03-29 21:17:17,754 [Listener at 127.0.0.1/45119] WARN  server.AuthenticationFilter (AuthenticationFilter.java:constructSecretProvider(240)) - Unable to initialize FileSignerSecretProvider, falling back to use random secrets. Reason: Could not read signature secret file: /home/runner/hadoop-http-auth-signature-secret
2023-03-29 21:17:17,755 [Listener at 127.0.0.1/45119] WARN  http.HttpRequestLog (HttpRequestLog.java:getRequestLog(103)) - Jetty request log can only be enabled using Log4j
2023-03-29 21:17:17,756 [Listener at 127.0.0.1/45119] INFO  http.HttpServer2 (HttpServer2.java:addGlobalFilter(1031)) - Added global filter 'safety' (class=org.apache.hadoop.hdds.server.http.HttpServer2$QuotingInputFilter)
2023-03-29 21:17:17,756 [Listener at 127.0.0.1/45119] INFO  http.HttpServer2 (HttpServer2.java:addFilter(1007)) - Added filter static_user_filter (class=org.apache.hadoop.http.lib.StaticUserWebFilter$StaticUserFilter) to context hddsDatanode
2023-03-29 21:17:17,757 [Listener at 127.0.0.1/45119] INFO  http.HttpServer2 (HttpServer2.java:addFilter(1015)) - Added filter static_user_filter (class=org.apache.hadoop.http.lib.StaticUserWebFilter$StaticUserFilter) to context static
2023-03-29 21:17:17,757 [Listener at 127.0.0.1/45119] INFO  http.HttpServer2 (HttpServer2.java:addFilter(1015)) - Added filter static_user_filter (class=org.apache.hadoop.http.lib.StaticUserWebFilter$StaticUserFilter) to context logs
2023-03-29 21:17:17,758 [Listener at 127.0.0.1/45119] INFO  http.BaseHttpServer (BaseHttpServer.java:<init>(190)) - HTTP server of hddsDatanode uses base directory /home/runner/work/ozone/ozone/hadoop-ozone/integration-test/target/test-dir/MiniOzoneClusterImpl-7726aa55-5b50-4186-a956-8f70fbca6446/datanode-0/meta/webserver
2023-03-29 21:17:17,758 [Listener at 127.0.0.1/45119] INFO  http.HttpServer2 (HttpServer2.java:bindListener(1250)) - Jetty bound to port 36791
2023-03-29 21:17:17,758 [Listener at 127.0.0.1/45119] INFO  server.Server (Server.java:doStart(375)) - jetty-9.4.49.v20220914; built: 2022-09-14T01:07:36.601Z; git: 4231a3b2e4cb8548a412a789936d640a97b1aa0a; jvm 1.8.0_362-b09
2023-03-29 21:17:17,760 [Listener at 127.0.0.1/45119] INFO  server.session (DefaultSessionIdManager.java:doStart(334)) - DefaultSessionIdManager workerName=node0
2023-03-29 21:17:17,760 [Listener at 127.0.0.1/45119] INFO  server.session (DefaultSessionIdManager.java:doStart(339)) - No SessionScavenger set, using defaults
2023-03-29 21:17:17,760 [Listener at 127.0.0.1/45119] INFO  server.session (HouseKeeper.java:startScavenging(132)) - node0 Scavenging every 660000ms
2023-03-29 21:17:17,761 [Listener at 127.0.0.1/45119] INFO  handler.ContextHandler (ContextHandler.java:doStart(921)) - Started o.e.j.s.ServletContextHandler@e9f5ed4{logs,/logs,file:///home/runner/work/ozone/ozone/hadoop-ozone/integration-test/target/log,AVAILABLE}
2023-03-29 21:17:17,761 [Listener at 127.0.0.1/45119] INFO  handler.ContextHandler (ContextHandler.java:doStart(921)) - Started o.e.j.s.ServletContextHandler@4ea0dfb3{static,/static,jar:file:/home/runner/.m2/repository/org/apache/ozone/hdds-container-service/1.4.0-SNAPSHOT/hdds-container-service-1.4.0-SNAPSHOT.jar!/webapps/static,AVAILABLE}
2023-03-29 21:17:17,966 [Listener at 127.0.0.1/45119] INFO  handler.ContextHandler (ContextHandler.java:doStart(921)) - Started o.e.j.w.WebAppContext@215a042c{hddsDatanode,/,file:///home/runner/work/ozone/ozone/hadoop-ozone/integration-test/target/test-dir/MiniOzoneClusterImpl-7726aa55-5b50-4186-a956-8f70fbca6446/datanode-0/meta/webserver/jetty-0_0_0_0-36791-hdds-container-service-1_4_0-SNAPSHOT_jar-_-any-6475240737544475533/webapp/,AVAILABLE}{jar:file:/home/runner/.m2/repository/org/apache/ozone/hdds-container-service/1.4.0-SNAPSHOT/hdds-container-service-1.4.0-SNAPSHOT.jar!/webapps/hddsDatanode}
2023-03-29 21:17:17,967 [Listener at 127.0.0.1/45119] INFO  server.AbstractConnector (AbstractConnector.java:doStart(333)) - Started ServerConnector@63a375d0{HTTP/1.1, (http/1.1)}{0.0.0.0:36791}
2023-03-29 21:17:17,968 [Listener at 127.0.0.1/45119] INFO  server.Server (Server.java:doStart(415)) - Started @91733ms
2023-03-29 21:17:17,968 [Listener at 127.0.0.1/45119] WARN  impl.MetricsSystemImpl (MetricsSystemImpl.java:register(279)) - Sink prometheus already exists!
2023-03-29 21:17:17,968 [Listener at 127.0.0.1/45119] INFO  http.BaseHttpServer (BaseHttpServer.java:updateConnectorAddress(344)) - HTTP server of hddsDatanode listening at http://0.0.0.0:36791
2023-03-29 21:17:17,970 [Listener at 127.0.0.1/45119] INFO  ozone.MiniOzoneClusterImpl (MiniOzoneClusterImpl.java:lambda$waitForClusterToBeReady$0(222)) - Waiting for nodes to be ready. Got 0 of 1 DN Heartbeats.
2023-03-29 21:17:17,970 [Listener at 127.0.0.1/45119] INFO  ozone.MiniOzoneClusterImpl (MiniOzoneClusterImpl.java:lambda$waitForClusterToBeReady$0(225)) - Waiting for cluster to exit safe mode
2023-03-29 21:17:17,970 [Listener at 127.0.0.1/45119] INFO  ozone.MiniOzoneClusterImpl (MiniOzoneClusterImpl.java:lambda$waitForClusterToBeReady$0(227)) - SCM became leader
2023-03-29 21:17:17,970 [Datanode State Machine Daemon Thread] INFO  statemachine.DatanodeStateMachine (DatanodeStateMachine.java:lambda$startDaemon$0(517)) - Ozone container server started.
2023-03-29 21:17:17,978 [org.apache.hadoop.util.JvmPauseMonitor$Monitor@3c0e7867] INFO  util.JvmPauseMonitor (JvmPauseMonitor.java:run(188)) - Starting JVM pause monitor
2023-03-29 21:17:17,989 [Datanode State Machine Task Thread - 0] INFO  datanode.InitDatanodeState (InitDatanodeState.java:persistContainerDatanodeDetails(138)) - DatanodeDetails is persisted to /home/runner/work/ozone/ozone/hadoop-ozone/integration-test/target/test-dir/MiniOzoneClusterImpl-7726aa55-5b50-4186-a956-8f70fbca6446/datanode-0/meta/datanode.id
2023-03-29 21:17:18,656 [om1@group-C5BA1605619E-FollowerState] INFO  impl.FollowerState (FollowerState.java:run(143)) - om1@group-C5BA1605619E-FollowerState: change to CANDIDATE, lastRpcElapsedTime:1082700245ns, electionTimeout:1077ms
2023-03-29 21:17:18,656 [om1@group-C5BA1605619E-FollowerState] INFO  impl.RoleInfo (RoleInfo.java:shutdownFollowerState(110)) - om1: shutdown om1@group-C5BA1605619E-FollowerState
2023-03-29 21:17:18,656 [om1@group-C5BA1605619E-FollowerState] INFO  server.RaftServer$Division (RaftServerImpl.java:setRole(321)) - om1@group-C5BA1605619E: changes role from  FOLLOWER to CANDIDATE at term 0 for changeToCandidate
2023-03-29 21:17:18,657 [om1@group-C5BA1605619E-FollowerState] INFO  server.RaftServerConfigKeys (ConfUtils.java:logGet(46)) - raft.server.leaderelection.pre-vote = true (default)
2023-03-29 21:17:18,657 [om1@group-C5BA1605619E-FollowerState] INFO  impl.RoleInfo (RoleInfo.java:updateAndGet(139)) - om1: start om1@group-C5BA1605619E-LeaderElection17
2023-03-29 21:17:18,658 [om1@group-C5BA1605619E-LeaderElection17] INFO  impl.LeaderElection (LeaderElection.java:askForVotes(312)) - om1@group-C5BA1605619E-LeaderElection17 PRE_VOTE round 0: submit vote requests at term 0 for -1: peers:[om1|rpc:localhost:9872|priority:0|startupRole:FOLLOWER]|listeners:[], old=null
2023-03-29 21:17:18,658 [om1@group-C5BA1605619E-LeaderElection17] INFO  impl.LeaderElection (LeaderElection.java:askForVotes(314)) - om1@group-C5BA1605619E-LeaderElection17 PRE_VOTE round 0: result PASSED (term=0)
2023-03-29 21:17:18,660 [om1@group-C5BA1605619E-LeaderElection17] INFO  impl.LeaderElection (LeaderElection.java:askForVotes(312)) - om1@group-C5BA1605619E-LeaderElection17 ELECTION round 0: submit vote requests at term 1 for -1: peers:[om1|rpc:localhost:9872|priority:0|startupRole:FOLLOWER]|listeners:[], old=null
2023-03-29 21:17:18,660 [om1@group-C5BA1605619E-LeaderElection17] INFO  impl.LeaderElection (LeaderElection.java:askForVotes(314)) - om1@group-C5BA1605619E-LeaderElection17 ELECTION round 0: result PASSED (term=1)
2023-03-29 21:17:18,660 [om1@group-C5BA1605619E-LeaderElection17] INFO  impl.RoleInfo (RoleInfo.java:shutdownLeaderElection(130)) - om1: shutdown om1@group-C5BA1605619E-LeaderElection17
2023-03-29 21:17:18,660 [om1@group-C5BA1605619E-LeaderElection17] INFO  server.RaftServer$Division (RaftServerImpl.java:setRole(321)) - om1@group-C5BA1605619E: changes role from CANDIDATE to LEADER at term 1 for changeToLeader
2023-03-29 21:17:18,660 [om1@group-C5BA1605619E-LeaderElection17] INFO  server.RaftServer$Division (ServerState.java:setLeader(313)) - om1@group-C5BA1605619E: change Leader from null to om1 at term 1 for becomeLeader, leader elected after 1532ms
2023-03-29 21:17:18,660 [om1@group-C5BA1605619E-LeaderElection17] INFO  server.RaftServerConfigKeys (ConfUtils.java:logGet(46)) - raft.server.staging.catchup.gap = 1000 (default)
2023-03-29 21:17:18,660 [om1@group-C5BA1605619E-LeaderElection17] INFO  server.RaftServerConfigKeys (ConfUtils.java:logGet(46)) - raft.server.write.element-limit = 4096 (default)
2023-03-29 21:17:18,660 [om1@group-C5BA1605619E-LeaderElection17] INFO  server.RaftServerConfigKeys (ConfUtils.java:logGet(46)) - raft.server.write.byte-limit = 64MB (=67108864) (default)
2023-03-29 21:17:18,660 [om1@group-C5BA1605619E-LeaderElection17] INFO  server.RaftServerConfigKeys (ConfUtils.java:logGet(46)) - raft.server.watch.timeout = 10s (default)
2023-03-29 21:17:18,661 [om1@group-C5BA1605619E-LeaderElection17] INFO  server.RaftServerConfigKeys (ConfUtils.java:logGet(46)) - raft.server.watch.timeout.denomination = 1s (default)
2023-03-29 21:17:18,661 [om1@group-C5BA1605619E-LeaderElection17] INFO  server.RaftServerConfigKeys (ConfUtils.java:logGet(46)) - raft.server.watch.element-limit = 65536 (default)
2023-03-29 21:17:18,661 [om1@group-C5BA1605619E-LeaderElection17] INFO  server.RaftServerConfigKeys (ConfUtils.java:logGet(46)) - raft.server.write.element-limit = 4096 (default)
2023-03-29 21:17:18,661 [om1@group-C5BA1605619E-LeaderElection17] INFO  server.RaftServerConfigKeys (ConfUtils.java:logGet(46)) - raft.server.write.follower.gap.ratio.max = -1.0 (default)
2023-03-29 21:17:18,661 [om1@group-C5BA1605619E-LeaderElection17] INFO  impl.RoleInfo (RoleInfo.java:updateAndGet(139)) - om1: start om1@group-C5BA1605619E-LeaderStateImpl
2023-03-29 21:17:18,661 [om1@group-C5BA1605619E-LeaderElection17] INFO  segmented.SegmentedRaftLogWorker (SegmentedRaftLogWorker.java:startLogSegment(452)) - om1@group-C5BA1605619E-SegmentedRaftLogWorker: Starting segment from index:0
2023-03-29 21:17:18,666 [om1@group-C5BA1605619E-LeaderElection17] INFO  server.RaftServer$Division (ServerState.java:setRaftConf(430)) - om1@group-C5BA1605619E: set configuration 0: peers:[om1|rpc:localhost:9872|admin:|client:|dataStream:|priority:0|startupRole:FOLLOWER]|listeners:[], old=null
2023-03-29 21:17:18,675 [om1@group-C5BA1605619E-SegmentedRaftLogWorker] INFO  segmented.SegmentedRaftLogWorker (SegmentedRaftLogWorker.java:execute(656)) - om1@group-C5BA1605619E-SegmentedRaftLogWorker: created new log segment /home/runner/work/ozone/ozone/hadoop-ozone/integration-test/target/test-dir/MiniOzoneClusterImpl-7726aa55-5b50-4186-a956-8f70fbca6446/ozone-meta/ratis/bf265839-605b-3f16-9796-c5ba1605619e/current/log_inprogress_0
2023-03-29 21:17:18,676 [om1@group-C5BA1605619E-StateMachineUpdater] INFO  ratis.OzoneManagerStateMachine (OzoneManagerStateMachine.java:notifyConfigurationChanged(192)) - Received Configuration change notification from Ratis. New Peer list:
[id: "om1"
address: "localhost:9872"
startupRole: FOLLOWER
]
2023-03-29 21:17:18,970 [Listener at 127.0.0.1/45119] INFO  ozone.MiniOzoneClusterImpl (MiniOzoneClusterImpl.java:lambda$waitForClusterToBeReady$0(222)) - Waiting for nodes to be ready. Got 0 of 1 DN Heartbeats.
2023-03-29 21:17:18,970 [Listener at 127.0.0.1/45119] INFO  ozone.MiniOzoneClusterImpl (MiniOzoneClusterImpl.java:lambda$waitForClusterToBeReady$0(225)) - Waiting for cluster to exit safe mode
2023-03-29 21:17:18,970 [Listener at 127.0.0.1/45119] INFO  ozone.MiniOzoneClusterImpl (MiniOzoneClusterImpl.java:lambda$waitForClusterToBeReady$0(227)) - SCM became leader
2023-03-29 21:17:19,970 [Listener at 127.0.0.1/45119] INFO  ozone.MiniOzoneClusterImpl (MiniOzoneClusterImpl.java:lambda$waitForClusterToBeReady$0(222)) - Waiting for nodes to be ready. Got 0 of 1 DN Heartbeats.
2023-03-29 21:17:19,971 [Listener at 127.0.0.1/45119] INFO  ozone.MiniOzoneClusterImpl (MiniOzoneClusterImpl.java:lambda$waitForClusterToBeReady$0(225)) - Waiting for cluster to exit safe mode
2023-03-29 21:17:19,971 [Listener at 127.0.0.1/45119] INFO  ozone.MiniOzoneClusterImpl (MiniOzoneClusterImpl.java:lambda$waitForClusterToBeReady$0(227)) - SCM became leader
2023-03-29 21:17:20,009 [EndpointStateMachine task thread for /0.0.0.0:46757 - 0 ] INFO  utils.DatanodeStoreCache (DatanodeStoreCache.java:addDB(58)) - Added db /home/runner/work/ozone/ozone/hadoop-ozone/integration-test/target/test-dir/MiniOzoneClusterImpl-7726aa55-5b50-4186-a956-8f70fbca6446/datanode-0/data-0/containers/hdds/7726aa55-5b50-4186-a956-8f70fbca6446/DS-db99b658-8e98-444d-83ea-16f1074d1e04/container.db to cache
2023-03-29 21:17:20,009 [EndpointStateMachine task thread for /0.0.0.0:46757 - 0 ] INFO  volume.HddsVolume (HddsVolume.java:createDbStore(350)) - SchemaV3 db is created and loaded at /home/runner/work/ozone/ozone/hadoop-ozone/integration-test/target/test-dir/MiniOzoneClusterImpl-7726aa55-5b50-4186-a956-8f70fbca6446/datanode-0/data-0/containers/hdds/7726aa55-5b50-4186-a956-8f70fbca6446/DS-db99b658-8e98-444d-83ea-16f1074d1e04/container.db for volume DS-db99b658-8e98-444d-83ea-16f1074d1e04
2023-03-29 21:17:20,010 [EndpointStateMachine task thread for /0.0.0.0:46757 - 0 ] INFO  ozoneimpl.OzoneContainer (OzoneContainer.java:start(397)) - Attempting to start container services.
2023-03-29 21:17:20,010 [EndpointStateMachine task thread for /0.0.0.0:46757 - 0 ] INFO  ozoneimpl.OzoneContainer (OzoneContainer.java:startContainerScrub(314)) - Scheduled background container scanners and the on-demand container scanner have been disabled.
2023-03-29 21:17:20,015 [EndpointStateMachine task thread for /0.0.0.0:46757 - 0 ] INFO  replication.ReplicationServer (ReplicationServer.java:start(109)) - ReplicationServer is started using port 35057
2023-03-29 21:17:20,015 [EndpointStateMachine task thread for /0.0.0.0:46757 - 0 ] INFO  ratis.XceiverServerRatis (XceiverServerRatis.java:start(517)) - Starting XceiverServerRatis 18961f23-4365-477a-9957-4b48f2116dbc
2023-03-29 21:17:20,018 [EndpointStateMachine task thread for /0.0.0.0:46757 - 0 ] INFO  server.RaftServer (RaftServerProxy.java:startImpl(393)) - 18961f23-4365-477a-9957-4b48f2116dbc: start RPC server
2023-03-29 21:17:20,023 [EndpointStateMachine task thread for /0.0.0.0:46757 - 0 ] INFO  server.GrpcService (GrpcService.java:startImpl(262)) - 18961f23-4365-477a-9957-4b48f2116dbc: GrpcService started, listening on 44009
2023-03-29 21:17:20,025 [EndpointStateMachine task thread for /0.0.0.0:46757 - 0 ] INFO  ratis.XceiverServerRatis (XceiverServerRatis.java:getRealPort(543)) - XceiverServerRatis 18961f23-4365-477a-9957-4b48f2116dbc is started using port 44009 for RATIS
2023-03-29 21:17:20,025 [EndpointStateMachine task thread for /0.0.0.0:46757 - 0 ] INFO  ratis.XceiverServerRatis (XceiverServerRatis.java:getRealPort(543)) - XceiverServerRatis 18961f23-4365-477a-9957-4b48f2116dbc is started using port 44009 for RATIS_ADMIN
2023-03-29 21:17:20,025 [EndpointStateMachine task thread for /0.0.0.0:46757 - 0 ] INFO  ratis.XceiverServerRatis (XceiverServerRatis.java:getRealPort(543)) - XceiverServerRatis 18961f23-4365-477a-9957-4b48f2116dbc is started using port 44009 for RATIS_SERVER
2023-03-29 21:17:20,025 [EndpointStateMachine task thread for /0.0.0.0:46757 - 0 ] INFO  ratis.XceiverServerRatis (XceiverServerRatis.java:getRealPort(543)) - XceiverServerRatis 18961f23-4365-477a-9957-4b48f2116dbc is started using port 36403 for RATIS_DATASTREAM
2023-03-29 21:17:20,026 [JvmPauseMonitor11] INFO  util.JvmPauseMonitor (JvmPauseMonitor.java:run(105)) - JvmPauseMonitor-18961f23-4365-477a-9957-4b48f2116dbc: Started
2023-03-29 21:17:20,029 [EndpointStateMachine task thread for /0.0.0.0:46757 - 0 ] INFO  server.XceiverServerGrpc (XceiverServerGrpc.java:start(180)) - XceiverServerGrpc 18961f23-4365-477a-9957-4b48f2116dbc is started using port 36467
2023-03-29 21:17:20,030 [BlockDeletingService#0] INFO  interfaces.ContainerDeletionChoosingPolicyTemplate (ContainerDeletionChoosingPolicyTemplate.java:chooseContainerForBlockDeletion(83)) - Chosen 0/5000 blocks from 0 candidate containers.
2023-03-29 21:17:20,971 [Listener at 127.0.0.1/45119] INFO  ozone.MiniOzoneClusterImpl (MiniOzoneClusterImpl.java:lambda$waitForClusterToBeReady$0(222)) - Waiting for nodes to be ready. Got 0 of 1 DN Heartbeats.
2023-03-29 21:17:20,971 [Listener at 127.0.0.1/45119] INFO  ozone.MiniOzoneClusterImpl (MiniOzoneClusterImpl.java:lambda$waitForClusterToBeReady$0(225)) - Waiting for cluster to exit safe mode
2023-03-29 21:17:20,971 [Listener at 127.0.0.1/45119] INFO  ozone.MiniOzoneClusterImpl (MiniOzoneClusterImpl.java:lambda$waitForClusterToBeReady$0(227)) - SCM became leader
2023-03-29 21:17:21,971 [Listener at 127.0.0.1/45119] INFO  ozone.MiniOzoneClusterImpl (MiniOzoneClusterImpl.java:lambda$waitForClusterToBeReady$0(222)) - Waiting for nodes to be ready. Got 0 of 1 DN Heartbeats.
2023-03-29 21:17:21,972 [Listener at 127.0.0.1/45119] INFO  ozone.MiniOzoneClusterImpl (MiniOzoneClusterImpl.java:lambda$waitForClusterToBeReady$0(225)) - Waiting for cluster to exit safe mode
2023-03-29 21:17:21,972 [Listener at 127.0.0.1/45119] INFO  ozone.MiniOzoneClusterImpl (MiniOzoneClusterImpl.java:lambda$waitForClusterToBeReady$0(227)) - SCM became leader
2023-03-29 21:17:21,981 [IPC Server handler 0 on default port 46757] INFO  net.NetworkTopologyImpl (NetworkTopologyImpl.java:add(112)) - Added a new node: /default-rack/18961f23-4365-477a-9957-4b48f2116dbc
2023-03-29 21:17:21,981 [IPC Server handler 0 on default port 46757] INFO  node.SCMNodeManager (SCMNodeManager.java:register(404)) - Registered Data node : 18961f23-4365-477a-9957-4b48f2116dbc{ip: 10.1.0.17, host: fv-az308-773, ports: [REPLICATION=35057, RATIS=44009, RATIS_ADMIN=44009, RATIS_SERVER=44009, RATIS_DATASTREAM=36403, STANDALONE=36467], networkLocation: /default-rack, certSerialId: null, persistedOpState: null, persistedOpStateExpiryEpochSec: 0}
2023-03-29 21:17:21,985 [EventQueue-NewNodeForNewNodeHandler] INFO  pipeline.BackgroundPipelineCreator (BackgroundPipelineCreator.java:notifyEventTriggered(276)) - trigger a one-shot run on RatisPipelineUtilsThread.
2023-03-29 21:17:21,986 [EventQueue-NodeRegistrationContainerReportForDataNodeSafeModeRule] INFO  safemode.SCMSafeModeManager (DataNodeSafeModeRule.java:process(71)) - SCM in safe mode. 1 DataNodes registered, 1 required.
2023-03-29 21:17:21,986 [EventQueue-NodeRegistrationContainerReportForDataNodeSafeModeRule] INFO  safemode.SCMSafeModeManager (SCMSafeModeManager.java:validateSafeModeExitRules(200)) - DataNodeSafeModeRule rule is successfully validated
2023-03-29 21:17:21,986 [EventQueue-NodeRegistrationContainerReportForDataNodeSafeModeRule] INFO  safemode.SCMSafeModeManager (SCMSafeModeManager.java:completePreCheck(229)) - All SCM safe mode pre check rules have passed
2023-03-29 21:17:21,986 [EventQueue-NodeRegistrationContainerReportForDataNodeSafeModeRule] INFO  ha.SCMContext (SCMContext.java:updateSafeModeStatus(228)) - Update SafeModeStatus from SafeModeStatus{safeModeStatus=true, preCheckPassed=false} to SafeModeStatus{safeModeStatus=true, preCheckPassed=true}.
2023-03-29 21:17:21,986 [EventQueue-NodeRegistrationContainerReportForDataNodeSafeModeRule] INFO  pipeline.BackgroundPipelineCreator (BackgroundPipelineCreator.java:notifyEventTriggered(276)) - trigger a one-shot run on RatisPipelineUtilsThread.
2023-03-29 21:17:21,986 [RatisPipelineUtilsThread - 0] INFO  pipeline.RatisPipelineProvider (RatisPipelineProvider.java:lambda$create$0(206)) - Sending CreatePipelineCommand for pipeline:PipelineID=13840006-83b8-4781-bd25-3d2bfa8f1a3c to datanode:18961f23-4365-477a-9957-4b48f2116dbc
2023-03-29 21:17:21,990 [EventQueue-NodeRegistrationContainerReportForContainerSafeModeRule] INFO  safemode.SCMSafeModeManager (SCMSafeModeManager.java:validateSafeModeExitRules(200)) - ContainerSafeModeRule rule is successfully validated
2023-03-29 21:17:21,990 [RatisPipelineUtilsThread - 0] INFO  pipeline.PipelineStateManagerImpl (PipelineStateManagerImpl.java:addPipeline(103)) - Created pipeline Pipeline[ Id: 13840006-83b8-4781-bd25-3d2bfa8f1a3c, Nodes: 18961f23-4365-477a-9957-4b48f2116dbc(fv-az308-773/10.1.0.17), ReplicationConfig: RATIS/ONE, State:ALLOCATED, leaderId:, CreationTimestamp2023-03-29T21:17:21.986Z[Etc/UTC]].
2023-03-29 21:17:21,990 [RatisPipelineUtilsThread - 0] ERROR scm.SCMCommonPlacementPolicy (SCMCommonPlacementPolicy.java:filterNodesWithSpace(249)) - Unable to find enough nodes that meet the space requirement of 1073741824 bytes for metadata and 5368709120 bytes for data in healthy node set. Required 3. Found 1.
2023-03-29 21:17:21,991 [RatisPipelineUtilsThread - 0] ERROR scm.SCMCommonPlacementPolicy (SCMCommonPlacementPolicy.java:filterNodesWithSpace(249)) - Unable to find enough nodes that meet the space requirement of 1073741824 bytes for metadata and 5368709120 bytes for data in healthy node set. Required 3. Found 1.
2023-03-29 21:17:21,991 [EventQueue-PipelineReportForOneReplicaPipelineSafeModeRule] INFO  safemode.SCMSafeModeManager (SCMSafeModeManager.java:validateSafeModeExitRules(200)) - AtleastOneDatanodeReportedRule rule is successfully validated
2023-03-29 21:17:22,972 [Listener at 127.0.0.1/45119] INFO  ozone.MiniOzoneClusterImpl (MiniOzoneClusterImpl.java:lambda$waitForClusterToBeReady$0(222)) - Nodes are ready. Got 1 of 1 DN Heartbeats.
2023-03-29 21:17:22,972 [Listener at 127.0.0.1/45119] INFO  ozone.MiniOzoneClusterImpl (MiniOzoneClusterImpl.java:lambda$waitForClusterToBeReady$0(225)) - Waiting for cluster to exit safe mode
2023-03-29 21:17:22,972 [Listener at 127.0.0.1/45119] INFO  ozone.MiniOzoneClusterImpl (MiniOzoneClusterImpl.java:lambda$waitForClusterToBeReady$0(227)) - SCM became leader
2023-03-29 21:17:23,972 [Listener at 127.0.0.1/45119] INFO  ozone.MiniOzoneClusterImpl (MiniOzoneClusterImpl.java:lambda$waitForClusterToBeReady$0(222)) - Nodes are ready. Got 1 of 1 DN Heartbeats.
2023-03-29 21:17:23,973 [Listener at 127.0.0.1/45119] INFO  ozone.MiniOzoneClusterImpl (MiniOzoneClusterImpl.java:lambda$waitForClusterToBeReady$0(225)) - Waiting for cluster to exit safe mode
2023-03-29 21:17:23,973 [Listener at 127.0.0.1/45119] INFO  ozone.MiniOzoneClusterImpl (MiniOzoneClusterImpl.java:lambda$waitForClusterToBeReady$0(227)) - SCM became leader
2023-03-29 21:17:24,973 [Listener at 127.0.0.1/45119] INFO  ozone.MiniOzoneClusterImpl (MiniOzoneClusterImpl.java:lambda$waitForClusterToBeReady$0(222)) - Nodes are ready. Got 1 of 1 DN Heartbeats.
2023-03-29 21:17:24,973 [Listener at 127.0.0.1/45119] INFO  ozone.MiniOzoneClusterImpl (MiniOzoneClusterImpl.java:lambda$waitForClusterToBeReady$0(225)) - Waiting for cluster to exit safe mode
2023-03-29 21:17:24,973 [Listener at 127.0.0.1/45119] INFO  ozone.MiniOzoneClusterImpl (MiniOzoneClusterImpl.java:lambda$waitForClusterToBeReady$0(227)) - SCM became leader
2023-03-29 21:17:24,979 [Command processor thread] INFO  server.RaftServer (RaftServerProxy.java:addNew(96)) - 18961f23-4365-477a-9957-4b48f2116dbc: addNew group-3D2BFA8F1A3C:[18961f23-4365-477a-9957-4b48f2116dbc|rpc:10.1.0.17:44009|dataStream:10.1.0.17:36403|priority:1|startupRole:FOLLOWER] returns group-3D2BFA8F1A3C:java.util.concurrent.CompletableFuture@32d1f0e9[Not completed]
2023-03-29 21:17:24,981 [pool-473-thread-1] INFO  server.RaftServer$Division (RaftServerImpl.java:<init>(195)) - 18961f23-4365-477a-9957-4b48f2116dbc: new RaftServerImpl for group-3D2BFA8F1A3C:[18961f23-4365-477a-9957-4b48f2116dbc|rpc:10.1.0.17:44009|dataStream:10.1.0.17:36403|priority:1|startupRole:FOLLOWER] with ContainerStateMachine:uninitialized
2023-03-29 21:17:24,981 [pool-473-thread-1] INFO  server.RaftServerConfigKeys (ConfUtils.java:logGet(46)) - raft.server.rpc.timeout.min = 5s (custom)
2023-03-29 21:17:24,981 [pool-473-thread-1] INFO  server.RaftServerConfigKeys (ConfUtils.java:logGet(46)) - raft.server.rpc.timeout.max = 5200ms (custom)
2023-03-29 21:17:24,981 [pool-473-thread-1] INFO  server.RaftServerConfigKeys (ConfUtils.java:logGet(46)) - raft.server.rpc.sleep.time = 25ms (default)
2023-03-29 21:17:24,981 [pool-473-thread-1] INFO  server.RaftServerConfigKeys (ConfUtils.java:logGet(46)) - raft.server.rpc.slowness.timeout = 300s (custom)
2023-03-29 21:17:24,981 [pool-473-thread-1] INFO  server.RaftServerConfigKeys (ConfUtils.java:logGet(46)) - raft.server.leaderelection.leader.step-down.wait-time = 10s (default)
2023-03-29 21:17:24,982 [pool-473-thread-1] INFO  server.RaftServerConfigKeys (ConfUtils.java:logGet(46)) - raft.server.sleep.deviation.threshold = 300ms (default)
2023-03-29 21:17:24,983 [pool-473-thread-1] INFO  server.RaftServer$Division (ServerState.java:<init>(118)) - 18961f23-4365-477a-9957-4b48f2116dbc@group-3D2BFA8F1A3C: ConfigurationManager, init=-1: peers:[18961f23-4365-477a-9957-4b48f2116dbc|rpc:10.1.0.17:44009|dataStream:10.1.0.17:36403|priority:1|startupRole:FOLLOWER]|listeners:[], old=null, confs=<EMPTY_MAP>
2023-03-29 21:17:24,983 [pool-473-thread-1] INFO  server.RaftServerConfigKeys (ConfUtils.java:logGet(46)) - raft.server.storage.dir = [/home/runner/work/ozone/ozone/hadoop-ozone/integration-test/target/test-dir/MiniOzoneClusterImpl-7726aa55-5b50-4186-a956-8f70fbca6446/datanode-0/data/ratis] (custom)
2023-03-29 21:17:24,984 [pool-473-thread-1] INFO  server.RaftServerConfigKeys (ConfUtils.java:logGet(46)) - raft.server.log.corruption.policy = EXCEPTION (default)
2023-03-29 21:17:24,984 [pool-473-thread-1] INFO  server.RaftServerConfigKeys (ConfUtils.java:logGet(46)) - raft.server.storage.free-space.min = 0MB (=0) (default)
2023-03-29 21:17:24,984 [pool-473-thread-1] INFO  server.RaftServerConfigKeys (ConfUtils.java:logGet(46)) - raft.server.notification.no-leader.timeout = 300s (custom)
2023-03-29 21:17:24,984 [pool-473-thread-1] INFO  server.RaftServerConfigKeys (ConfUtils.java:logGet(46)) - raft.server.retrycache.expirytime = 600000ms (custom)
2023-03-29 21:17:24,984 [pool-473-thread-1] INFO  server.RaftServerConfigKeys (ConfUtils.java:logGet(46)) - raft.server.retrycache.statistics.expirytime = 100μs (default)
2023-03-29 21:17:24,984 [pool-473-thread-1] INFO  server.RaftServerConfigKeys (ConfUtils.java:logGet(46)) - raft.server.log.appender.install.snapshot.enabled = false (custom)
2023-03-29 21:17:24,985 [pool-473-thread-1] INFO  server.RaftServerConfigKeys (ConfUtils.java:logGet(46)) - raft.server.threadpool.server.cached = true (default)
2023-03-29 21:17:24,985 [pool-473-thread-1] INFO  server.RaftServerConfigKeys (ConfUtils.java:logGet(46)) - raft.server.threadpool.server.size = 0 (default)
2023-03-29 21:17:24,985 [pool-473-thread-1] INFO  server.RaftServerConfigKeys (ConfUtils.java:logGet(46)) - raft.server.threadpool.client.cached = true (default)
2023-03-29 21:17:24,985 [pool-473-thread-1] INFO  server.RaftServerConfigKeys (ConfUtils.java:logGet(46)) - raft.server.threadpool.client.size = 0 (default)
2023-03-29 21:17:24,985 [pool-473-thread-1] INFO  storage.RaftStorageDirectory (RaftStorageDirectoryImpl.java:analyzeStorage(137)) - The storage directory /home/runner/work/ozone/ozone/hadoop-ozone/integration-test/target/test-dir/MiniOzoneClusterImpl-7726aa55-5b50-4186-a956-8f70fbca6446/datanode-0/data/ratis/13840006-83b8-4781-bd25-3d2bfa8f1a3c does not exist. Creating ...
2023-03-29 21:17:24,987 [pool-473-thread-1] INFO  storage.RaftStorageDirectory (RaftStorageDirectoryImpl.java:tryLock(231)) - Lock on /home/runner/work/ozone/ozone/hadoop-ozone/integration-test/target/test-dir/MiniOzoneClusterImpl-7726aa55-5b50-4186-a956-8f70fbca6446/datanode-0/data/ratis/13840006-83b8-4781-bd25-3d2bfa8f1a3c/in_use.lock acquired by nodename 46426@fv-az308-773
2023-03-29 21:17:24,988 [pool-473-thread-1] INFO  storage.RaftStorage (RaftStorageImpl.java:format(96)) - Storage directory /home/runner/work/ozone/ozone/hadoop-ozone/integration-test/target/test-dir/MiniOzoneClusterImpl-7726aa55-5b50-4186-a956-8f70fbca6446/datanode-0/data/ratis/13840006-83b8-4781-bd25-3d2bfa8f1a3c has been successfully formatted.
2023-03-29 21:17:24,988 [pool-473-thread-1] INFO  ratis.ContainerStateMachine (ContainerStateMachine.java:loadSnapshot(262)) - group-3D2BFA8F1A3C: The snapshot info is null. Setting the last applied indexto:(t:0, i:~)
2023-03-29 21:17:24,989 [pool-473-thread-1] INFO  server.RaftServerConfigKeys (ConfUtils.java:logGet(46)) - raft.server.log.use.memory = false (default)
2023-03-29 21:17:24,989 [pool-473-thread-1] INFO  server.RaftServerConfigKeys (ConfUtils.java:logGet(46)) - raft.server.log.purge.gap = 1000000 (custom)
2023-03-29 21:17:24,989 [pool-473-thread-1] INFO  server.RaftServerConfigKeys (ConfUtils.java:logGet(46)) - raft.server.log.appender.buffer.byte-limit = 33554432 (custom)
2023-03-29 21:17:24,989 [pool-473-thread-1] INFO  server.RaftServerConfigKeys (ConfUtils.java:logGet(46)) - raft.server.log.statemachine.data.read.timeout = 1000ms (default)
2023-03-29 21:17:24,989 [pool-473-thread-1] INFO  server.RaftServerConfigKeys (ConfUtils.java:logGet(46)) - raft.server.log.purge.preservation.log.num = 0 (default)
2023-03-29 21:17:24,990 [EventQueue-PipelineReportForPipelineReportHandler] INFO  pipeline.PipelineManagerImpl (PipelineManagerImpl.java:openPipeline(367)) - Pipeline Pipeline[ Id: 13840006-83b8-4781-bd25-3d2bfa8f1a3c, Nodes: 18961f23-4365-477a-9957-4b48f2116dbc(fv-az308-773/10.1.0.17), ReplicationConfig: RATIS/ONE, State:ALLOCATED, leaderId:18961f23-4365-477a-9957-4b48f2116dbc, CreationTimestamp2023-03-29T21:17:21.986Z[Etc/UTC]] moved to OPEN state
2023-03-29 21:17:24,991 [pool-473-thread-1] INFO  server.RaftServerConfigKeys (ConfUtils.java:logGet(46)) - raft.server.log.segment.size.max = 1048576 (custom)
2023-03-29 21:17:24,992 [EventQueue-OpenPipelineForHealthyPipelineSafeModeRule] INFO  safemode.SCMSafeModeManager (SCMSafeModeManager.java:validateSafeModeExitRules(200)) - HealthyPipelineSafeModeRule rule is successfully validated
2023-03-29 21:17:24,992 [EventQueue-OpenPipelineForHealthyPipelineSafeModeRule] INFO  safemode.SCMSafeModeManager (SCMSafeModeManager.java:validateSafeModeExitRules(215)) - ScmSafeModeManager, all rules are successfully validated
2023-03-29 21:17:24,992 [EventQueue-OpenPipelineForHealthyPipelineSafeModeRule] INFO  safemode.SCMSafeModeManager (SCMSafeModeManager.java:exitSafeMode(244)) - SCM exiting safe mode.
2023-03-29 21:17:24,992 [EventQueue-OpenPipelineForHealthyPipelineSafeModeRule] INFO  ha.SCMContext (SCMContext.java:updateSafeModeStatus(228)) - Update SafeModeStatus from SafeModeStatus{safeModeStatus=true, preCheckPassed=true} to SafeModeStatus{safeModeStatus=false, preCheckPassed=true}.
2023-03-29 21:17:24,992 [pool-473-thread-1] INFO  server.RaftServerConfigKeys (ConfUtils.java:logGet(46)) - raft.server.log.segment.cache.num.max = 2 (custom)
2023-03-29 21:17:24,992 [EventQueue-OpenPipelineForHealthyPipelineSafeModeRule] INFO  pipeline.BackgroundPipelineCreator (BackgroundPipelineCreator.java:notifyStatusChanged(254)) - Service BackgroundPipelineCreator transitions to RUNNING.
2023-03-29 21:17:24,992 [pool-473-thread-1] INFO  server.RaftServerConfigKeys (ConfUtils.java:logGet(46)) - raft.server.log.segment.cache.size.max = 200MB (=209715200) (default)
2023-03-29 21:17:24,992 [EventQueue-OpenPipelineForHealthyPipelineSafeModeRule] INFO  BackgroundPipelineScrubber (BackgroundSCMService.java:notifyStatusChanged(82)) - Service BackgroundPipelineScrubber transitions to RUNNING.
2023-03-29 21:17:24,992 [EventQueue-OpenPipelineForHealthyPipelineSafeModeRule] INFO  ExpiredContainerReplicaOpScrubber (BackgroundSCMService.java:notifyStatusChanged(82)) - Service ExpiredContainerReplicaOpScrubber transitions to RUNNING.
2023-03-29 21:17:24,992 [pool-473-thread-1] INFO  segmented.SegmentedRaftLogWorker (SegmentedRaftLogWorker.java:<init>(189)) - new 18961f23-4365-477a-9957-4b48f2116dbc@group-3D2BFA8F1A3C-SegmentedRaftLogWorker for RaftStorageImpl:Storage Directory /home/runner/work/ozone/ozone/hadoop-ozone/integration-test/target/test-dir/MiniOzoneClusterImpl-7726aa55-5b50-4186-a956-8f70fbca6446/datanode-0/data/ratis/13840006-83b8-4781-bd25-3d2bfa8f1a3c
2023-03-29 21:17:24,992 [EventQueue-OpenPipelineForHealthyPipelineSafeModeRule] INFO  replication.ReplicationManager (ReplicationManager.java:notifyStatusChanged(1255)) - Service ReplicationManager transitions to RUNNING.
2023-03-29 21:17:24,993 [pool-473-thread-1] INFO  server.RaftServerConfigKeys (ConfUtils.java:logGet(46)) - raft.server.log.queue.byte-limit = 4294967296 (custom)
2023-03-29 21:17:24,993 [pool-473-thread-1] INFO  server.RaftServerConfigKeys (ConfUtils.java:logGet(46)) - raft.server.log.queue.element-limit = 1024 (custom)
2023-03-29 21:17:24,993 [pool-473-thread-1] INFO  server.RaftServerConfigKeys (ConfUtils.java:logGet(46)) - raft.server.log.segment.size.max = 1048576 (custom)
2023-03-29 21:17:24,993 [EventQueue-OpenPipelineForHealthyPipelineSafeModeRule] WARN  balancer.ContainerBalancer (ContainerBalancer.java:shouldRun(132)) - Could not find persisted configuration for ContainerBalancer when checking if ContainerBalancer should run. ContainerBalancer should not run now.
2023-03-29 21:17:24,993 [pool-473-thread-1] INFO  server.RaftServerConfigKeys (ConfUtils.java:logGet(46)) - raft.server.log.preallocated.size = 16384 (custom)
2023-03-29 21:17:24,993 [pool-473-thread-1] INFO  server.RaftServerConfigKeys (ConfUtils.java:logGet(46)) - raft.server.log.force.sync.num = 128 (default)
2023-03-29 21:17:24,993 [pool-473-thread-1] INFO  server.RaftServerConfigKeys (ConfUtils.java:logGet(46)) - raft.server.log.statemachine.data.sync = true (default)
2023-03-29 21:17:24,993 [pool-473-thread-1] INFO  server.RaftServerConfigKeys (ConfUtils.java:logGet(46)) - raft.server.log.statemachine.data.sync.timeout = 10s (default)
2023-03-29 21:17:24,993 [pool-473-thread-1] INFO  server.RaftServerConfigKeys (ConfUtils.java:logGet(46)) - raft.server.log.statemachine.data.sync.timeout.retry = -1 (default)
2023-03-29 21:17:24,998 [pool-473-thread-1] INFO  server.RaftServerConfigKeys (ConfUtils.java:logGet(46)) - raft.server.log.write.buffer.size = 1048576 (custom)
2023-03-29 21:17:24,998 [pool-473-thread-1] INFO  server.RaftServerConfigKeys (ConfUtils.java:logGet(46)) - raft.server.log.appender.buffer.byte-limit = 33554432 (custom)
2023-03-29 21:17:25,003 [pool-473-thread-1] INFO  server.RaftServerConfigKeys (ConfUtils.java:logGet(46)) - raft.server.log.unsafe-flush.enabled = false (default)
2023-03-29 21:17:25,003 [pool-473-thread-1] INFO  server.RaftServerConfigKeys (ConfUtils.java:logGet(46)) - raft.server.log.async-flush.enabled = false (default)
2023-03-29 21:17:25,003 [pool-473-thread-1] INFO  server.RaftServerConfigKeys (ConfUtils.java:logGet(46)) - raft.server.log.statemachine.data.caching.enabled = true (custom)
2023-03-29 21:17:25,004 [pool-473-thread-1] INFO  segmented.SegmentedRaftLogWorker (SegmentedRaftLogWorker.java:lambda$new$0(135)) - 18961f23-4365-477a-9957-4b48f2116dbc@group-3D2BFA8F1A3C-SegmentedRaftLogWorker: flushIndex: setUnconditionally 0 -> -1
2023-03-29 21:17:25,004 [pool-473-thread-1] INFO  segmented.SegmentedRaftLogWorker (SegmentedRaftLogWorker.java:lambda$new$0(135)) - 18961f23-4365-477a-9957-4b48f2116dbc@group-3D2BFA8F1A3C-SegmentedRaftLogWorker: safeCacheEvictIndex: setUnconditionally 0 -> -1
2023-03-29 21:17:25,004 [pool-473-thread-1] INFO  server.RaftServer$Division (RaftServerImpl.java:start(334)) - 18961f23-4365-477a-9957-4b48f2116dbc@group-3D2BFA8F1A3C: start as a follower, conf=-1: peers:[18961f23-4365-477a-9957-4b48f2116dbc|rpc:10.1.0.17:44009|dataStream:10.1.0.17:36403|priority:1|startupRole:FOLLOWER]|listeners:[], old=null
2023-03-29 21:17:25,004 [pool-473-thread-1] INFO  server.RaftServer$Division (RaftServerImpl.java:setRole(321)) - 18961f23-4365-477a-9957-4b48f2116dbc@group-3D2BFA8F1A3C: changes role from      null to FOLLOWER at term 0 for startAsFollower
2023-03-29 21:17:25,004 [pool-473-thread-1] INFO  impl.RoleInfo (RoleInfo.java:updateAndGet(139)) - 18961f23-4365-477a-9957-4b48f2116dbc: start 18961f23-4365-477a-9957-4b48f2116dbc@group-3D2BFA8F1A3C-FollowerState
2023-03-29 21:17:25,004 [pool-473-thread-1] INFO  util.JmxRegister (JmxRegister.java:tryRegister(44)) - Successfully registered JMX Bean with object name Ratis:service=RaftServer,group=group-3D2BFA8F1A3C,id=18961f23-4365-477a-9957-4b48f2116dbc
2023-03-29 21:17:25,004 [18961f23-4365-477a-9957-4b48f2116dbc@group-3D2BFA8F1A3C-FollowerState] INFO  server.RaftServerConfigKeys (ConfUtils.java:logFallback(53)) - raft.server.rpc.first-election.timeout.min = 5s (fallback to raft.server.rpc.timeout.min)
2023-03-29 21:17:25,004 [pool-473-thread-1] INFO  server.RaftServerConfigKeys (ConfUtils.java:logGet(46)) - raft.server.snapshot.auto.trigger.enabled = true (custom)
2023-03-29 21:17:25,004 [18961f23-4365-477a-9957-4b48f2116dbc@group-3D2BFA8F1A3C-FollowerState] INFO  server.RaftServerConfigKeys (ConfUtils.java:logFallback(53)) - raft.server.rpc.first-election.timeout.max = 5200ms (fallback to raft.server.rpc.timeout.max)
2023-03-29 21:17:25,005 [pool-473-thread-1] INFO  server.RaftServerConfigKeys (ConfUtils.java:logGet(46)) - raft.server.snapshot.auto.trigger.threshold = 10000 (custom)
2023-03-29 21:17:25,005 [pool-473-thread-1] INFO  server.RaftServerConfigKeys (ConfUtils.java:logGet(46)) - raft.server.snapshot.retention.file.num = 5 (custom)
2023-03-29 21:17:25,005 [pool-473-thread-1] INFO  server.RaftServerConfigKeys (ConfUtils.java:logGet(46)) - raft.server.log.purge.upto.snapshot.index = false (default)
2023-03-29 21:17:25,005 [Command processor thread] INFO  ratis.XceiverServerRatis (XceiverServerRatis.java:addGroup(806)) - Created group PipelineID=13840006-83b8-4781-bd25-3d2bfa8f1a3c
2023-03-29 21:17:25,005 [Command processor thread] INFO  commandhandler.CreatePipelineCommandHandler (CreatePipelineCommandHandler.java:handle(113)) - Created Pipeline RATIS ONE PipelineID=13840006-83b8-4781-bd25-3d2bfa8f1a3c.
2023-03-29 21:17:25,973 [Listener at 127.0.0.1/45119] INFO  ozone.MiniOzoneClusterImpl (MiniOzoneClusterImpl.java:lambda$waitForClusterToBeReady$0(222)) - Nodes are ready. Got 1 of 1 DN Heartbeats.
2023-03-29 21:17:25,973 [Listener at 127.0.0.1/45119] INFO  ozone.MiniOzoneClusterImpl (MiniOzoneClusterImpl.java:lambda$waitForClusterToBeReady$0(225)) - Cluster exits safe mode
2023-03-29 21:17:25,973 [Listener at 127.0.0.1/45119] INFO  ozone.MiniOzoneClusterImpl (MiniOzoneClusterImpl.java:lambda$waitForClusterToBeReady$0(227)) - SCM became leader
2023-03-29 21:17:25,990 [Listener at 127.0.0.1/45119] INFO  rpc.RpcClient (RpcClient.java:createVolume(476)) - Creating Volume: volume04890, with user96584 as owner and space quota set to -1 bytes, counts quota set to -1
2023-03-29 21:17:25,999 [OM StateMachine ApplyTransaction Thread - 0] INFO  volume.OMVolumeCreateRequest (OMVolumeCreateRequest.java:validateAndUpdateCache(195)) - created volume:volume04890 for user:user96584
2023-03-29 21:17:26,003 [Listener at 127.0.0.1/45119] INFO  rpc.RpcClient (RpcClient.java:createBucket(698)) - Creating Bucket: volume04890/bucket67265, with bucket layout LEGACY, runner as owner, Versioning false, Storage Type set to DISK and Encryption set to false, Replication Type set to server-side default replication type, Namespace Quota set to -1, Space Quota set to -1 
2023-03-29 21:17:26,006 [OM StateMachine ApplyTransaction Thread - 0] INFO  bucket.OMBucketCreateRequest (OMBucketCreateRequest.java:validateAndUpdateCache(262)) - created bucket: bucket67265 of layout LEGACY in volume: volume04890
2023-03-29 21:17:26,020 [IPC Server handler 3 on default port 42339] INFO  ha.SequenceIdGenerator (SequenceIdGenerator.java:getNextId(128)) - Allocate a batch for containerId, change lastId from 0 to 1000.
2023-03-29 21:17:26,020 [IPC Server handler 3 on default port 42339] WARN  ha.SequenceIdGenerator (SequenceIdGenerator.java:allocateBatch(237)) - Failed to allocate a batch for localId, expected lastId is 0, actual lastId is 111677748019200000.
2023-03-29 21:17:26,021 [IPC Server handler 3 on default port 42339] INFO  ha.SequenceIdGenerator (SequenceIdGenerator.java:getNextId(128)) - Allocate a batch for localId, change lastId from 111677748019200000 to 111677748019201000.
2023-03-29 21:17:30,178 [18961f23-4365-477a-9957-4b48f2116dbc@group-3D2BFA8F1A3C-FollowerState] INFO  impl.FollowerState (FollowerState.java:run(143)) - 18961f23-4365-477a-9957-4b48f2116dbc@group-3D2BFA8F1A3C-FollowerState: change to CANDIDATE, lastRpcElapsedTime:5173638071ns, electionTimeout:5173ms
2023-03-29 21:17:30,178 [18961f23-4365-477a-9957-4b48f2116dbc@group-3D2BFA8F1A3C-FollowerState] INFO  impl.RoleInfo (RoleInfo.java:shutdownFollowerState(110)) - 18961f23-4365-477a-9957-4b48f2116dbc: shutdown 18961f23-4365-477a-9957-4b48f2116dbc@group-3D2BFA8F1A3C-FollowerState
2023-03-29 21:17:30,178 [18961f23-4365-477a-9957-4b48f2116dbc@group-3D2BFA8F1A3C-FollowerState] INFO  server.RaftServer$Division (RaftServerImpl.java:setRole(321)) - 18961f23-4365-477a-9957-4b48f2116dbc@group-3D2BFA8F1A3C: changes role from  FOLLOWER to CANDIDATE at term 0 for changeToCandidate
2023-03-29 21:17:30,178 [18961f23-4365-477a-9957-4b48f2116dbc@group-3D2BFA8F1A3C-FollowerState] INFO  server.RaftServerConfigKeys (ConfUtils.java:logGet(46)) - raft.server.leaderelection.pre-vote = true (default)
2023-03-29 21:17:30,178 [18961f23-4365-477a-9957-4b48f2116dbc@group-3D2BFA8F1A3C-FollowerState] INFO  impl.RoleInfo (RoleInfo.java:updateAndGet(139)) - 18961f23-4365-477a-9957-4b48f2116dbc: start 18961f23-4365-477a-9957-4b48f2116dbc@group-3D2BFA8F1A3C-LeaderElection18
2023-03-29 21:17:30,180 [18961f23-4365-477a-9957-4b48f2116dbc@group-3D2BFA8F1A3C-LeaderElection18] INFO  impl.LeaderElection (LeaderElection.java:askForVotes(312)) - 18961f23-4365-477a-9957-4b48f2116dbc@group-3D2BFA8F1A3C-LeaderElection18 PRE_VOTE round 0: submit vote requests at term 0 for -1: peers:[18961f23-4365-477a-9957-4b48f2116dbc|rpc:10.1.0.17:44009|dataStream:10.1.0.17:36403|priority:1|startupRole:FOLLOWER]|listeners:[], old=null
2023-03-29 21:17:30,180 [18961f23-4365-477a-9957-4b48f2116dbc@group-3D2BFA8F1A3C-LeaderElection18] INFO  impl.LeaderElection (LeaderElection.java:askForVotes(314)) - 18961f23-4365-477a-9957-4b48f2116dbc@group-3D2BFA8F1A3C-LeaderElection18 PRE_VOTE round 0: result PASSED (term=0)
2023-03-29 21:17:30,181 [18961f23-4365-477a-9957-4b48f2116dbc@group-3D2BFA8F1A3C-LeaderElection18] INFO  impl.LeaderElection (LeaderElection.java:askForVotes(312)) - 18961f23-4365-477a-9957-4b48f2116dbc@group-3D2BFA8F1A3C-LeaderElection18 ELECTION round 0: submit vote requests at term 1 for -1: peers:[18961f23-4365-477a-9957-4b48f2116dbc|rpc:10.1.0.17:44009|dataStream:10.1.0.17:36403|priority:1|startupRole:FOLLOWER]|listeners:[], old=null
2023-03-29 21:17:30,181 [18961f23-4365-477a-9957-4b48f2116dbc@group-3D2BFA8F1A3C-LeaderElection18] INFO  impl.LeaderElection (LeaderElection.java:askForVotes(314)) - 18961f23-4365-477a-9957-4b48f2116dbc@group-3D2BFA8F1A3C-LeaderElection18 ELECTION round 0: result PASSED (term=1)
2023-03-29 21:17:30,181 [18961f23-4365-477a-9957-4b48f2116dbc@group-3D2BFA8F1A3C-LeaderElection18] INFO  impl.RoleInfo (RoleInfo.java:shutdownLeaderElection(130)) - 18961f23-4365-477a-9957-4b48f2116dbc: shutdown 18961f23-4365-477a-9957-4b48f2116dbc@group-3D2BFA8F1A3C-LeaderElection18
2023-03-29 21:17:30,182 [18961f23-4365-477a-9957-4b48f2116dbc@group-3D2BFA8F1A3C-LeaderElection18] INFO  server.RaftServer$Division (RaftServerImpl.java:setRole(321)) - 18961f23-4365-477a-9957-4b48f2116dbc@group-3D2BFA8F1A3C: changes role from CANDIDATE to LEADER at term 1 for changeToLeader
2023-03-29 21:17:30,182 [18961f23-4365-477a-9957-4b48f2116dbc@group-3D2BFA8F1A3C-LeaderElection18] INFO  ratis.XceiverServerRatis (XceiverServerRatis.java:handleLeaderChangedNotification(904)) - Leader change notification received for group: group-3D2BFA8F1A3C with new leaderId: 18961f23-4365-477a-9957-4b48f2116dbc
2023-03-29 21:17:30,182 [18961f23-4365-477a-9957-4b48f2116dbc@group-3D2BFA8F1A3C-LeaderElection18] INFO  server.RaftServer$Division (ServerState.java:setLeader(313)) - 18961f23-4365-477a-9957-4b48f2116dbc@group-3D2BFA8F1A3C: change Leader from null to 18961f23-4365-477a-9957-4b48f2116dbc at term 1 for becomeLeader, leader elected after 5197ms
2023-03-29 21:17:30,182 [18961f23-4365-477a-9957-4b48f2116dbc@group-3D2BFA8F1A3C-LeaderElection18] INFO  server.RaftServerConfigKeys (ConfUtils.java:logGet(46)) - raft.server.staging.catchup.gap = 1000 (default)
2023-03-29 21:17:30,182 [18961f23-4365-477a-9957-4b48f2116dbc@group-3D2BFA8F1A3C-LeaderElection18] INFO  server.RaftServerConfigKeys (ConfUtils.java:logGet(46)) - raft.server.write.element-limit = 1024 (custom)
2023-03-29 21:17:30,182 [18961f23-4365-477a-9957-4b48f2116dbc@group-3D2BFA8F1A3C-LeaderElection18] INFO  server.RaftServerConfigKeys (ConfUtils.java:logGet(46)) - raft.server.write.byte-limit = 1024 M (=1073741824) (custom)
2023-03-29 21:17:30,182 [18961f23-4365-477a-9957-4b48f2116dbc@group-3D2BFA8F1A3C-LeaderElection18] INFO  server.RaftServerConfigKeys (ConfUtils.java:logGet(46)) - raft.server.watch.timeout = 180s (custom)
2023-03-29 21:17:30,183 [18961f23-4365-477a-9957-4b48f2116dbc@group-3D2BFA8F1A3C-LeaderElection18] INFO  server.RaftServerConfigKeys (ConfUtils.java:logGet(46)) - raft.server.watch.timeout.denomination = 1s (default)
2023-03-29 21:17:30,183 [18961f23-4365-477a-9957-4b48f2116dbc@group-3D2BFA8F1A3C-LeaderElection18] INFO  server.RaftServerConfigKeys (ConfUtils.java:logGet(46)) - raft.server.watch.element-limit = 65536 (default)
2023-03-29 21:17:30,183 [18961f23-4365-477a-9957-4b48f2116dbc@group-3D2BFA8F1A3C-LeaderElection18] INFO  server.RaftServerConfigKeys (ConfUtils.java:logGet(46)) - raft.server.write.element-limit = 1024 (custom)
2023-03-29 21:17:30,183 [18961f23-4365-477a-9957-4b48f2116dbc@group-3D2BFA8F1A3C-LeaderElection18] INFO  server.RaftServerConfigKeys (ConfUtils.java:logGet(46)) - raft.server.write.follower.gap.ratio.max = -1.0 (default)
2023-03-29 21:17:30,183 [18961f23-4365-477a-9957-4b48f2116dbc@group-3D2BFA8F1A3C-LeaderElection18] INFO  impl.RoleInfo (RoleInfo.java:updateAndGet(139)) - 18961f23-4365-477a-9957-4b48f2116dbc: start 18961f23-4365-477a-9957-4b48f2116dbc@group-3D2BFA8F1A3C-LeaderStateImpl
2023-03-29 21:17:30,184 [18961f23-4365-477a-9957-4b48f2116dbc@group-3D2BFA8F1A3C-LeaderElection18] INFO  segmented.SegmentedRaftLogWorker (SegmentedRaftLogWorker.java:startLogSegment(452)) - 18961f23-4365-477a-9957-4b48f2116dbc@group-3D2BFA8F1A3C-SegmentedRaftLogWorker: Starting segment from index:0
2023-03-29 21:17:30,186 [18961f23-4365-477a-9957-4b48f2116dbc@group-3D2BFA8F1A3C-SegmentedRaftLogWorker] INFO  segmented.SegmentedRaftLogWorker (SegmentedRaftLogWorker.java:execute(656)) - 18961f23-4365-477a-9957-4b48f2116dbc@group-3D2BFA8F1A3C-SegmentedRaftLogWorker: created new log segment /home/runner/work/ozone/ozone/hadoop-ozone/integration-test/target/test-dir/MiniOzoneClusterImpl-7726aa55-5b50-4186-a956-8f70fbca6446/datanode-0/data/ratis/13840006-83b8-4781-bd25-3d2bfa8f1a3c/current/log_inprogress_0
2023-03-29 21:17:30,186 [18961f23-4365-477a-9957-4b48f2116dbc@group-3D2BFA8F1A3C-LeaderElection18] INFO  server.RaftServer$Division (ServerState.java:setRaftConf(430)) - 18961f23-4365-477a-9957-4b48f2116dbc@group-3D2BFA8F1A3C: set configuration 0: peers:[18961f23-4365-477a-9957-4b48f2116dbc|rpc:10.1.0.17:44009|dataStream:10.1.0.17:36403|priority:1|startupRole:FOLLOWER]|listeners:[], old=null
2023-03-29 21:17:36,980 [Listener at 127.0.0.1/45119] INFO  server.SCMDatanodeProtocolServer (SCMDatanodeProtocolServer.java:stop(424)) - Stopping the RPC server for DataNodes
2023-03-29 21:17:36,980 [Listener at 127.0.0.1/45119] INFO  ipc.Server (Server.java:stop(3428)) - Stopping server on 46757
2023-03-29 21:17:36,982 [IPC Server listener on 0] INFO  ipc.Server (Server.java:run(1384)) - Stopping IPC Server listener on 0
2023-03-29 21:17:36,983 [IPC Server Responder] INFO  ipc.Server (Server.java:run(1517)) - Stopping IPC Server Responder
2023-03-29 21:17:37,755 [SCM Heartbeat Processing Thread - 0] WARN  node.NodeStateManager (NodeStateManager.java:scheduleNextHealthCheck(870)) - Current Thread is interrupted, shutting down HB processing thread for Node Manager.
2023-03-29 21:17:37,756 [Listener at 127.0.0.1/45119] INFO  ozone.TestStorageContainerManager (TestStorageContainerManager.java:testCloseContainerCommandOnRestart(792)) - Current Container State is OPEN
2023-03-29 21:17:37,756 [Listener at 127.0.0.1/45119] INFO  ozone.MiniOzoneClusterImpl (MiniOzoneClusterImpl.java:restartStorageContainerManager(356)) - Restarting SCM in cluster class org.apache.hadoop.ozone.MiniOzoneClusterImpl
2023-03-29 21:17:37,757 [Listener at 127.0.0.1/45119] INFO  server.StorageContainerManager (StorageContainerManager.java:stop(1546)) - Container Balancer is not running.
2023-03-29 21:17:37,757 [Listener at 127.0.0.1/45119] INFO  server.StorageContainerManager (StorageContainerManager.java:stopReplicationManager(1660)) - Stopping Replication Manager Service.
2023-03-29 21:17:37,757 [Listener at 127.0.0.1/45119] INFO  replication.ReplicationManager (ReplicationManager.java:stop(310)) - Stopping Replication Monitor Thread.
2023-03-29 21:17:37,757 [Over Replicated Processor] WARN  replication.UnhealthyReplicationProcessor (UnhealthyReplicationProcessor.java:run(146)) - Over Replicated Processor interrupted. Exiting...
2023-03-29 21:17:37,757 [Under Replicated Processor] WARN  replication.UnhealthyReplicationProcessor (UnhealthyReplicationProcessor.java:run(146)) - Under Replicated Processor interrupted. Exiting...
2023-03-29 21:17:37,757 [Listener at 127.0.0.1/45119] INFO  server.StorageContainerManager (StorageContainerManager.java:stop(1555)) - Stopping the Datanode Admin Monitor.
2023-03-29 21:17:37,757 [ReplicationMonitor] INFO  replication.ReplicationManager (ReplicationManager.java:run(880)) - Replication Monitor Thread is stopped
2023-03-29 21:17:37,757 [Listener at 127.0.0.1/45119] INFO  server.StorageContainerManager (StorageContainerManager.java:stop(1562)) - Stopping datanode service RPC server
2023-03-29 21:17:37,757 [Listener at 127.0.0.1/45119] INFO  server.SCMDatanodeProtocolServer (SCMDatanodeProtocolServer.java:stop(424)) - Stopping the RPC server for DataNodes
2023-03-29 21:17:37,757 [Listener at 127.0.0.1/45119] INFO  ipc.Server (Server.java:stop(3428)) - Stopping server on 46757
2023-03-29 21:17:37,758 [Listener at 127.0.0.1/45119] INFO  server.StorageContainerManager (StorageContainerManager.java:stop(1570)) - Stopping block service RPC server
2023-03-29 21:17:37,758 [Listener at 127.0.0.1/45119] INFO  server.SCMBlockProtocolServer (SCMBlockProtocolServer.java:stop(161)) - Stopping the RPC server for Block Protocol
2023-03-29 21:17:37,758 [Listener at 127.0.0.1/45119] INFO  ipc.Server (Server.java:stop(3428)) - Stopping server on 42339
2023-03-29 21:17:37,760 [IPC Server listener on 0] INFO  ipc.Server (Server.java:run(1384)) - Stopping IPC Server listener on 0
2023-03-29 21:17:37,760 [IPC Server Responder] INFO  ipc.Server (Server.java:run(1517)) - Stopping IPC Server Responder
2023-03-29 21:17:37,761 [Listener at 127.0.0.1/45119] INFO  server.StorageContainerManager (StorageContainerManager.java:stop(1577)) - Stopping the StorageContainerLocationProtocol RPC server
2023-03-29 21:17:37,761 [Listener at 127.0.0.1/45119] INFO  server.SCMClientProtocolServer (SCMClientProtocolServer.java:stop(206)) - Stopping the RPC server for Client Protocol
2023-03-29 21:17:37,761 [Listener at 127.0.0.1/45119] INFO  ipc.Server (Server.java:stop(3428)) - Stopping server on 43937
2023-03-29 21:17:37,762 [IPC Server listener on 0] INFO  ipc.Server (Server.java:run(1384)) - Stopping IPC Server listener on 0
2023-03-29 21:17:37,767 [Listener at 127.0.0.1/45119] INFO  server.StorageContainerManager (StorageContainerManager.java:stop(1584)) - Stopping Storage Container Manager HTTP server.
2023-03-29 21:17:37,767 [IPC Server Responder] INFO  ipc.Server (Server.java:run(1517)) - Stopping IPC Server Responder
2023-03-29 21:17:37,768 [Listener at 127.0.0.1/45119] INFO  handler.ContextHandler (ContextHandler.java:doStop(1159)) - Stopped o.e.j.w.WebAppContext@2c87789f{scm,/,null,STOPPED}{file:/home/runner/work/ozone/ozone/hadoop-ozone/integration-test/target/test-classes/webapps/scm}
2023-03-29 21:17:37,768 [Listener at 127.0.0.1/45119] INFO  server.AbstractConnector (AbstractConnector.java:doStop(383)) - Stopped ServerConnector@663dabbd{HTTP/1.1, (http/1.1)}{0.0.0.0:0}
2023-03-29 21:17:37,768 [Listener at 127.0.0.1/45119] INFO  server.session (HouseKeeper.java:stopScavenging(149)) - node0 Stopped scavenging
2023-03-29 21:17:37,769 [Listener at 127.0.0.1/45119] INFO  handler.ContextHandler (ContextHandler.java:doStop(1159)) - Stopped o.e.j.s.ServletContextHandler@27a5e2d6{static,/static,file:///home/runner/work/ozone/ozone/hadoop-ozone/integration-test/target/test-classes/webapps/static,STOPPED}
2023-03-29 21:17:37,769 [Listener at 127.0.0.1/45119] INFO  handler.ContextHandler (ContextHandler.java:doStop(1159)) - Stopped o.e.j.s.ServletContextHandler@6bb1558{logs,/logs,file:///home/runner/work/ozone/ozone/hadoop-ozone/integration-test/target/log,STOPPED}
2023-03-29 21:17:37,769 [Listener at 127.0.0.1/45119] INFO  server.StorageContainerManager (StorageContainerManager.java:stop(1592)) - Stopping SCM LayoutVersionManager Service.
2023-03-29 21:17:37,769 [Listener at 127.0.0.1/45119] INFO  server.StorageContainerManager (StorageContainerManager.java:stop(1600)) - Stopping Block Manager Service.
2023-03-29 21:17:37,769 [Listener at 127.0.0.1/45119] INFO  utils.BackgroundService (BackgroundService.java:shutdown(141)) - Shutting down service SCMBlockDeletingService
2023-03-29 21:17:37,770 [Listener at 127.0.0.1/45119] INFO  utils.BackgroundService (BackgroundService.java:shutdown(141)) - Shutting down service SCMBlockDeletingService
2023-03-29 21:17:37,770 [Listener at 127.0.0.1/45119] INFO  server.StorageContainerManager (StorageContainerManager.java:stop(1622)) - Stopping SCM Event Queue.
2023-03-29 21:17:37,771 [Listener at 127.0.0.1/45119] INFO  server.StorageContainerManager (StorageContainerManager.java:stop(1633)) - Stopping SCM HA services.
2023-03-29 21:17:37,771 [Listener at 127.0.0.1/45119] INFO  pipeline.BackgroundPipelineCreator (BackgroundPipelineCreator.java:stop(149)) - Stopping RatisPipelineUtilsThread.
2023-03-29 21:17:37,771 [RatisPipelineUtilsThread - 0] WARN  pipeline.BackgroundPipelineCreator (BackgroundPipelineCreator.java:run(180)) - RatisPipelineUtilsThread is interrupted.
2023-03-29 21:17:37,771 [BackgroundPipelineScrubberThread] WARN  BackgroundPipelineScrubber (BackgroundSCMService.java:run(115)) - BackgroundPipelineScrubber is interrupted, exit
2023-03-29 21:17:37,771 [Listener at 127.0.0.1/45119] INFO  BackgroundPipelineScrubber (BackgroundSCMService.java:stop(131)) - Stopping BackgroundPipelineScrubber Service.
2023-03-29 21:17:37,772 [Listener at 127.0.0.1/45119] INFO  impl.MetricsSystemImpl (MetricsSystemImpl.java:stop(210)) - Stopping HddsDatanode metrics system...
2023-03-29 21:17:37,773 [prometheus] INFO  impl.MetricsSinkAdapter (MetricsSinkAdapter.java:publishMetricsFromQueue(141)) - prometheus thread interrupted.
2023-03-29 21:17:37,774 [Listener at 127.0.0.1/45119] INFO  impl.MetricsSystemImpl (MetricsSystemImpl.java:stop(216)) - HddsDatanode metrics system stopped.
2023-03-29 21:17:37,774 [Listener at 127.0.0.1/45119] WARN  pipeline.BackgroundPipelineCreator (BackgroundPipelineCreator.java:stop(145)) - RatisPipelineUtilsThread is not running, just ignore.
2023-03-29 21:17:37,774 [Listener at 127.0.0.1/45119] INFO  BackgroundPipelineScrubber (BackgroundSCMService.java:stop(126)) - BackgroundPipelineScrubber Service is not running, skip stop.
2023-03-29 21:17:37,774 [ExpiredContainerReplicaOpScrubberThread] WARN  ExpiredContainerReplicaOpScrubber (BackgroundSCMService.java:run(115)) - ExpiredContainerReplicaOpScrubber is interrupted, exit
2023-03-29 21:17:37,774 [Listener at 127.0.0.1/45119] INFO  ExpiredContainerReplicaOpScrubber (BackgroundSCMService.java:stop(131)) - Stopping ExpiredContainerReplicaOpScrubber Service.
2023-03-29 21:17:37,774 [Listener at 127.0.0.1/45119] INFO  utils.BackgroundService (BackgroundService.java:shutdown(141)) - Shutting down service SCMBlockDeletingService
2023-03-29 21:17:37,774 [Listener at 127.0.0.1/45119] INFO  replication.ReplicationManager (ReplicationManager.java:stop(320)) - Replication Monitor Thread is not running.
2023-03-29 21:17:37,774 [Listener at 127.0.0.1/45119] WARN  balancer.ContainerBalancer (ContainerBalancer.java:stop(324)) - Cannot stop Container Balancer because it's not running or stopping
2023-03-29 21:17:37,774 [Listener at 127.0.0.1/45119] INFO  server.StorageContainerManager (StorageContainerManager.java:stop(1651)) - Stopping SCM MetadataStore.
2023-03-29 21:17:37,775 [Listener at 127.0.0.1/45119] WARN  server.ServerUtils (ServerUtils.java:getScmDbDir(148)) - ozone.scm.db.dirs is not configured. We recommend adding this setting. Falling back to ozone.metadata.dirs instead.
2023-03-29 21:17:37,776 [Listener at 127.0.0.1/45119] INFO  ha.SCMHANodeDetails (SCMHANodeDetails.java:loadSCMHAConfig(209)) - ServiceID for StorageContainerManager is null
2023-03-29 21:17:37,776 [Listener at 127.0.0.1/45119] INFO  ha.SCMHANodeDetails (SCMHANodeDetails.java:loadSCMHAConfig(214)) - ozone.scm.default.service.id is not defined, falling back to ozone.scm.service.ids to find serviceID for StorageContainerManager if it is HA enabled cluster
2023-03-29 21:17:37,776 [Listener at 127.0.0.1/45119] WARN  utils.HAUtils (HAUtils.java:getMetaDir(342)) - ozone.scm.db.dirs is not configured. We recommend adding this setting. Falling back to ozone.metadata.dirs instead.
2023-03-29 21:17:37,776 [Listener at 127.0.0.1/45119] WARN  db.DBStoreBuilder (DBStoreBuilder.java:applyDBDefinition(181)) - ozone.scm.db.dirs is not configured. We recommend adding this setting. Falling back to ozone.metadata.dirs instead.
2023-03-29 21:17:37,805 [Listener at 127.0.0.1/45119] INFO  net.NodeSchemaLoader (NodeSchemaLoader.java:loadSchemaFromFile(129)) - Loading schema from [jar:file:/home/runner/.m2/repository/org/apache/ozone/hdds-common/1.4.0-SNAPSHOT/hdds-common-1.4.0-SNAPSHOT.jar!/network-topology-default.xml]
2023-03-29 21:17:37,805 [Listener at 127.0.0.1/45119] INFO  net.NodeSchemaLoader (NodeSchemaLoader.java:loadSchema(176)) - Loading network topology layer schema file
2023-03-29 21:17:37,807 [Listener at 127.0.0.1/45119] INFO  upgrade.AbstractLayoutVersionManager (AbstractLayoutVersionManager.java:init(83)) - Initializing Layout version manager with metadata layout = DATANODE_SCHEMA_V3 (version = 4), software layout = DATANODE_SCHEMA_V3 (version = 4)
2023-03-29 21:17:37,852 [Listener at 127.0.0.1/45119] INFO  reflections.Reflections (Reflections.java:scan(232)) - Reflections took 44 ms to scan 7 urls, producing 155 keys and 368 values 
2023-03-29 21:17:37,853 [Listener at 127.0.0.1/45119] INFO  ha.SequenceIdGenerator (SequenceIdGenerator.java:<init>(220)) - Init the HA SequenceIdGenerator.
2023-03-29 21:17:37,854 [Listener at 127.0.0.1/45119] INFO  node.SCMNodeManager (SCMNodeManager.java:<init>(156)) - Entering startup safe mode.
2023-03-29 21:17:37,854 [Listener at 127.0.0.1/45119] INFO  algorithms.ContainerPlacementPolicyFactory (ContainerPlacementPolicyFactory.java:getPolicyInternal(86)) - Create container placement policy of type org.apache.hadoop.hdds.scm.container.placement.algorithms.SCMContainerPlacementRandom
2023-03-29 21:17:37,854 [Listener at 127.0.0.1/45119] INFO  algorithms.ContainerPlacementPolicyFactory (ContainerPlacementPolicyFactory.java:getPolicyInternal(86)) - Create container placement policy of type org.apache.hadoop.hdds.scm.container.placement.algorithms.SCMContainerPlacementRackScatter
2023-03-29 21:17:37,856 [Listener at 127.0.0.1/45119] INFO  algorithms.LeaderChoosePolicyFactory (LeaderChoosePolicyFactory.java:getPolicy(57)) - Create leader choose policy of type org.apache.hadoop.hdds.scm.pipeline.leader.choose.algorithms.MinLeaderCountChoosePolicy
2023-03-29 21:17:37,856 [Listener at 127.0.0.1/45119] INFO  algorithms.ContainerPlacementPolicyFactory (ContainerPlacementPolicyFactory.java:getPolicyInternal(86)) - Create container placement policy of type org.apache.hadoop.hdds.scm.container.placement.algorithms.SCMContainerPlacementRackScatter
2023-03-29 21:17:37,857 [Listener at 127.0.0.1/45119] INFO  ha.SCMServiceManager (SCMServiceManager.java:register(42)) - Registering service BackgroundPipelineCreator.
2023-03-29 21:17:37,857 [Listener at 127.0.0.1/45119] INFO  pipeline.BackgroundPipelineCreator (BackgroundPipelineCreator.java:start(124)) - Starting RatisPipelineUtilsThread.
2023-03-29 21:17:37,857 [Listener at 127.0.0.1/45119] INFO  BackgroundPipelineScrubber (BackgroundSCMService.java:start(68)) - Starting BackgroundPipelineScrubber Service.
2023-03-29 21:17:37,857 [Listener at 127.0.0.1/45119] INFO  ha.SCMServiceManager (SCMServiceManager.java:register(42)) - Registering service BackgroundPipelineScrubber.
2023-03-29 21:17:37,857 [Listener at 127.0.0.1/45119] INFO  ExpiredContainerReplicaOpScrubber (BackgroundSCMService.java:start(68)) - Starting ExpiredContainerReplicaOpScrubber Service.
2023-03-29 21:17:37,857 [Listener at 127.0.0.1/45119] INFO  ha.SCMServiceManager (SCMServiceManager.java:register(42)) - Registering service ExpiredContainerReplicaOpScrubber.
2023-03-29 21:17:37,859 [Listener at 127.0.0.1/45119] INFO  algorithms.PipelineChoosePolicyFactory (PipelineChoosePolicyFactory.java:createPipelineChoosePolicyFromClass(73)) - Create pipeline choose policy of type org.apache.hadoop.hdds.scm.pipeline.choose.algorithms.RandomPipelineChoosePolicy
2023-03-29 21:17:37,859 [Listener at 127.0.0.1/45119] INFO  ha.SCMServiceManager (SCMServiceManager.java:register(42)) - Registering service SCMBlockDeletingService.
2023-03-29 21:17:37,859 [Listener at 127.0.0.1/45119] INFO  replication.ReplicationManager (ReplicationManager.java:start(277)) - Starting Replication Monitor Thread.
2023-03-29 21:17:37,860 [Listener at 127.0.0.1/45119] INFO  ha.SCMServiceManager (SCMServiceManager.java:register(42)) - Registering service ReplicationManager.
2023-03-29 21:17:37,860 [ReplicationMonitor] INFO  replication.ReplicationManager (ReplicationManager.java:processAll(352)) - Replication Manager is not ready to run until 3000ms after safemode exit
2023-03-29 21:17:37,861 [Listener at 127.0.0.1/45119] INFO  safemode.ContainerSafeModeRule (ContainerSafeModeRule.java:<init>(89)) - containers with one replica threshold count 0
2023-03-29 21:17:37,862 [Listener at 127.0.0.1/45119] INFO  safemode.HealthyPipelineSafeModeRule (HealthyPipelineSafeModeRule.java:initializeRule(169)) - Total pipeline count is 0, healthy pipeline threshold count is 0
2023-03-29 21:17:37,862 [Listener at 127.0.0.1/45119] INFO  safemode.OneReplicaPipelineSafeModeRule (OneReplicaPipelineSafeModeRule.java:initializeRule(180)) - Total pipeline count is 0, pipeline's with at least one datanode reported threshold count is 0
2023-03-29 21:17:37,862 [Listener at 127.0.0.1/45119] INFO  server.StorageContainerManager (StorageContainerManager.java:<init>(398)) - SCM start with adminUsers: [runner]
2023-03-29 21:17:37,862 [Listener at 127.0.0.1/45119] INFO  ipc.CallQueueManager (CallQueueManager.java:<init>(90)) - Using callQueue: class java.util.concurrent.LinkedBlockingQueue, queueCapacity: 2000, scheduler: class org.apache.hadoop.ipc.DefaultRpcScheduler, ipcBackoff: false.
2023-03-29 21:17:37,863 [Socket Reader #1 for port 46757] INFO  ipc.Server (Server.java:run(1273)) - Starting Socket Reader #1 for port 46757
2023-03-29 21:17:37,864 [Listener at 0.0.0.0/46757] INFO  ipc.CallQueueManager (CallQueueManager.java:<init>(90)) - Using callQueue: class java.util.concurrent.LinkedBlockingQueue, queueCapacity: 2000, scheduler: class org.apache.hadoop.ipc.DefaultRpcScheduler, ipcBackoff: false.
2023-03-29 21:17:37,864 [Socket Reader #1 for port 42339] INFO  ipc.Server (Server.java:run(1273)) - Starting Socket Reader #1 for port 42339
2023-03-29 21:17:37,865 [Listener at 0.0.0.0/42339] INFO  ipc.CallQueueManager (CallQueueManager.java:<init>(90)) - Using callQueue: class java.util.concurrent.LinkedBlockingQueue, queueCapacity: 2000, scheduler: class org.apache.hadoop.ipc.DefaultRpcScheduler, ipcBackoff: false.
2023-03-29 21:17:37,865 [Socket Reader #1 for port 43937] INFO  ipc.Server (Server.java:run(1273)) - Starting Socket Reader #1 for port 43937
2023-03-29 21:17:37,868 [Listener at 0.0.0.0/43937] INFO  ha.SCMServiceManager (SCMServiceManager.java:register(42)) - Registering service ContainerBalancer.
2023-03-29 21:17:37,868 [Listener at 0.0.0.0/43937] INFO  server.StorageContainerManager (StorageContainerManager.java:<init>(415)) - 
Container Balancer status:
Key                            Value
Running                        false
Container Balancer Configuration values:
Key                                                Value
Threshold                                          10
Max Datanodes to Involve per Iteration(percent)    20
Max Size to Move per Iteration                     500GB
Max Size Entering Target per Iteration             26GB
Max Size Leaving Source per Iteration              26GB

2023-03-29 21:17:37,868 [Listener at 0.0.0.0/43937] INFO  ha.SCMContext (SCMContext.java:updateSafeModeStatus(228)) - Update SafeModeStatus from SafeModeStatus{safeModeStatus=true, preCheckPassed=false} to SafeModeStatus{safeModeStatus=true, preCheckPassed=false}.
2023-03-29 21:17:37,868 [Listener at 0.0.0.0/43937] INFO  server.StorageContainerManager (StorageContainerManager.java:start(1449)) - StorageContainerLocationProtocol RPC server is listening at /0.0.0.0:43937
2023-03-29 21:17:37,877 [Listener at 0.0.0.0/43937] WARN  impl.MetricsConfig (MetricsConfig.java:loadFirst(136)) - Cannot locate configuration: tried hadoop-metrics2-storagecontainermanager.properties,hadoop-metrics2.properties
2023-03-29 21:17:37,878 [Listener at 0.0.0.0/43937] INFO  impl.MetricsSystemImpl (MetricsSystemImpl.java:startTimer(378)) - Scheduled Metric snapshot period at 10 second(s).
2023-03-29 21:17:37,878 [Listener at 0.0.0.0/43937] INFO  impl.MetricsSystemImpl (MetricsSystemImpl.java:start(191)) - StorageContainerManager metrics system started
2023-03-29 21:17:37,900 [Listener at 0.0.0.0/43937] INFO  impl.MetricsSinkAdapter (MetricsSinkAdapter.java:start(204)) - Sink prometheus started
2023-03-29 21:17:37,900 [Listener at 0.0.0.0/43937] INFO  impl.MetricsSystemImpl (MetricsSystemImpl.java:registerSink(305)) - Registered sink prometheus
2023-03-29 21:17:37,901 [EndpointStateMachine task thread for /0.0.0.0:46757 - 0 ] WARN  statemachine.EndpointStateMachine (EndpointStateMachine.java:logIfNeeded(242)) - Unable to communicate to SCM server at 0.0.0.0:46757 for past 0 seconds.
java.io.EOFException: End of File Exception between local host is: "fv-az308-773/10.1.0.17"; destination host is: "0.0.0.0":46757; : java.io.EOFException; For more details see:  http://wiki.apache.org/hadoop/EOFException
	at sun.reflect.NativeConstructorAccessorImpl.newInstance0(Native Method)
	at sun.reflect.NativeConstructorAccessorImpl.newInstance(NativeConstructorAccessorImpl.java:62)
	at sun.reflect.DelegatingConstructorAccessorImpl.newInstance(DelegatingConstructorAccessorImpl.java:45)
	at java.lang.reflect.Constructor.newInstance(Constructor.java:423)
	at org.apache.hadoop.net.NetUtils.wrapWithMessage(NetUtils.java:913)
	at org.apache.hadoop.net.NetUtils.wrapException(NetUtils.java:862)
	at org.apache.hadoop.ipc.Client.getRpcResponse(Client.java:1616)
	at org.apache.hadoop.ipc.Client.call(Client.java:1558)
	at org.apache.hadoop.ipc.Client.call(Client.java:1455)
	at org.apache.hadoop.ipc.ProtobufRpcEngine$Invoker.invoke(ProtobufRpcEngine.java:235)
	at org.apache.hadoop.ipc.ProtobufRpcEngine$Invoker.invoke(ProtobufRpcEngine.java:122)
	at com.sun.proxy.$Proxy54.submitRequest(Unknown Source)
	at org.apache.hadoop.ozone.protocolPB.StorageContainerDatanodeProtocolClientSideTranslatorPB.submitRequest(StorageContainerDatanodeProtocolClientSideTranslatorPB.java:117)
	at org.apache.hadoop.ozone.protocolPB.StorageContainerDatanodeProtocolClientSideTranslatorPB.sendHeartbeat(StorageContainerDatanodeProtocolClientSideTranslatorPB.java:149)
	at org.apache.hadoop.ozone.container.common.states.endpoint.HeartbeatEndpointTask.call(HeartbeatEndpointTask.java:185)
	at org.apache.hadoop.ozone.container.common.states.endpoint.HeartbeatEndpointTask.call(HeartbeatEndpointTask.java:87)
	at java.util.concurrent.FutureTask.run(FutureTask.java:266)
	at java.util.concurrent.ThreadPoolExecutor.runWorker(ThreadPoolExecutor.java:1149)
	at java.util.concurrent.ThreadPoolExecutor$Worker.run(ThreadPoolExecutor.java:624)
	at java.lang.Thread.run(Thread.java:750)
Caused by: java.io.EOFException
	at java.io.DataInputStream.readInt(DataInputStream.java:392)
	at org.apache.hadoop.ipc.Client$IpcStreams.readResponse(Client.java:1922)
	at org.apache.hadoop.ipc.Client$Connection.receiveRpcResponse(Client.java:1238)
	at org.apache.hadoop.ipc.Client$Connection.run(Client.java:1134)
2023-03-29 21:17:37,914 [Listener at 0.0.0.0/43937] INFO  server.SCMClientProtocolServer (SCMClientProtocolServer.java:start(197)) - RPC server for Client  is listening at /0.0.0.0:43937
2023-03-29 21:17:37,914 [IPC Server Responder] INFO  ipc.Server (Server.java:run(1512)) - IPC Server Responder: starting
2023-03-29 21:17:37,914 [IPC Server listener on 43937] INFO  ipc.Server (Server.java:run(1352)) - IPC Server listener on 43937: starting
2023-03-29 21:17:37,921 [Listener at 0.0.0.0/43937] INFO  server.StorageContainerManager (StorageContainerManager.java:start(1463)) - ScmBlockLocationProtocol RPC server is listening at /0.0.0.0:42339
2023-03-29 21:17:37,921 [Listener at 0.0.0.0/43937] INFO  server.SCMBlockProtocolServer (SCMBlockProtocolServer.java:start(152)) - RPC server for Block Protocol is listening at /0.0.0.0:42339
2023-03-29 21:17:37,921 [IPC Server Responder] INFO  ipc.Server (Server.java:run(1512)) - IPC Server Responder: starting
2023-03-29 21:17:37,921 [IPC Server listener on 42339] INFO  ipc.Server (Server.java:run(1352)) - IPC Server listener on 42339: starting
2023-03-29 21:17:37,923 [Listener at 0.0.0.0/43937] INFO  server.SCMDatanodeProtocolServer (SCMDatanodeProtocolServer.java:start(193)) - ScmDatanodeProtocol RPC server for DataNodes is listening at /0.0.0.0:46757
2023-03-29 21:17:37,923 [IPC Server Responder] INFO  ipc.Server (Server.java:run(1512)) - IPC Server Responder: starting
2023-03-29 21:17:37,923 [IPC Server listener on 46757] INFO  ipc.Server (Server.java:run(1352)) - IPC Server listener on 46757: starting
2023-03-29 21:17:37,931 [Listener at 0.0.0.0/43937] INFO  http.BaseHttpServer (BaseHttpServer.java:newHttpServer2BuilderForOzone(224)) - Starting Web-server for scm at: http://0.0.0.0:44039
2023-03-29 21:17:37,931 [Listener at 0.0.0.0/43937] INFO  http.BaseHttpServer (BaseHttpServer.java:<init>(111)) - Hadoop Security Enabled: false Ozone Security Enabled: false Ozone HTTP Security Enabled: false 
2023-03-29 21:17:37,932 [Listener at 0.0.0.0/43937] WARN  server.AuthenticationFilter (AuthenticationFilter.java:constructSecretProvider(240)) - Unable to initialize FileSignerSecretProvider, falling back to use random secrets. Reason: Could not read signature secret file: /home/runner/hadoop-http-auth-signature-secret
2023-03-29 21:17:37,933 [Listener at 0.0.0.0/43937] WARN  http.HttpRequestLog (HttpRequestLog.java:getRequestLog(103)) - Jetty request log can only be enabled using Log4j
2023-03-29 21:17:37,934 [Listener at 0.0.0.0/43937] INFO  http.HttpServer2 (HttpServer2.java:addGlobalFilter(1031)) - Added global filter 'safety' (class=org.apache.hadoop.hdds.server.http.HttpServer2$QuotingInputFilter)
2023-03-29 21:17:37,935 [Listener at 0.0.0.0/43937] INFO  http.HttpServer2 (HttpServer2.java:addFilter(1007)) - Added filter static_user_filter (class=org.apache.hadoop.http.lib.StaticUserWebFilter$StaticUserFilter) to context scm
2023-03-29 21:17:37,935 [Listener at 0.0.0.0/43937] INFO  http.HttpServer2 (HttpServer2.java:addFilter(1015)) - Added filter static_user_filter (class=org.apache.hadoop.http.lib.StaticUserWebFilter$StaticUserFilter) to context static
2023-03-29 21:17:37,935 [Listener at 0.0.0.0/43937] INFO  http.HttpServer2 (HttpServer2.java:addFilter(1015)) - Added filter static_user_filter (class=org.apache.hadoop.http.lib.StaticUserWebFilter$StaticUserFilter) to context logs
2023-03-29 21:17:37,935 [Listener at 0.0.0.0/43937] INFO  http.BaseHttpServer (BaseHttpServer.java:<init>(190)) - HTTP server of scm uses base directory /home/runner/work/ozone/ozone/hadoop-ozone/integration-test/target/test-dir/MiniOzoneClusterImpl-7726aa55-5b50-4186-a956-8f70fbca6446/ozone-meta/webserver
2023-03-29 21:17:37,936 [Listener at 0.0.0.0/43937] INFO  http.HttpServer2 (HttpServer2.java:bindListener(1250)) - Jetty bound to port 44039
2023-03-29 21:17:37,936 [Listener at 0.0.0.0/43937] INFO  server.Server (Server.java:doStart(375)) - jetty-9.4.49.v20220914; built: 2022-09-14T01:07:36.601Z; git: 4231a3b2e4cb8548a412a789936d640a97b1aa0a; jvm 1.8.0_362-b09
2023-03-29 21:17:37,940 [Listener at 0.0.0.0/43937] INFO  server.session (DefaultSessionIdManager.java:doStart(334)) - DefaultSessionIdManager workerName=node0
2023-03-29 21:17:37,940 [Listener at 0.0.0.0/43937] INFO  server.session (DefaultSessionIdManager.java:doStart(339)) - No SessionScavenger set, using defaults
2023-03-29 21:17:37,940 [Listener at 0.0.0.0/43937] INFO  server.session (HouseKeeper.java:startScavenging(132)) - node0 Scavenging every 660000ms
2023-03-29 21:17:37,940 [Listener at 0.0.0.0/43937] INFO  handler.ContextHandler (ContextHandler.java:doStart(921)) - Started o.e.j.s.ServletContextHandler@665beead{logs,/logs,file:///home/runner/work/ozone/ozone/hadoop-ozone/integration-test/target/log,AVAILABLE}
2023-03-29 21:17:37,941 [Listener at 0.0.0.0/43937] INFO  handler.ContextHandler (ContextHandler.java:doStart(921)) - Started o.e.j.s.ServletContextHandler@74404665{static,/static,file:///home/runner/work/ozone/ozone/hadoop-ozone/integration-test/target/test-classes/webapps/static,AVAILABLE}
2023-03-29 21:17:37,943 [Listener at 0.0.0.0/43937] INFO  handler.ContextHandler (ContextHandler.java:doStart(921)) - Started o.e.j.w.WebAppContext@2cc0999a{scm,/,file:///home/runner/work/ozone/ozone/hadoop-ozone/integration-test/target/test-classes/webapps/scm/,AVAILABLE}{file:/home/runner/work/ozone/ozone/hadoop-ozone/integration-test/target/test-classes/webapps/scm}
2023-03-29 21:17:37,943 [org.apache.hadoop.util.JvmPauseMonitor$Monitor@69e34cb0] INFO  util.JvmPauseMonitor (JvmPauseMonitor.java:run(188)) - Starting JVM pause monitor
2023-03-29 21:17:37,951 [Listener at 0.0.0.0/43937] INFO  server.AbstractConnector (AbstractConnector.java:doStart(333)) - Started ServerConnector@7eaa9319{HTTP/1.1, (http/1.1)}{0.0.0.0:44039}
2023-03-29 21:17:37,951 [Listener at 0.0.0.0/43937] INFO  server.Server (Server.java:doStart(415)) - Started @111717ms
2023-03-29 21:17:37,951 [Listener at 0.0.0.0/43937] WARN  impl.MetricsSystemImpl (MetricsSystemImpl.java:register(279)) - Sink prometheus already exists!
2023-03-29 21:17:37,952 [Listener at 0.0.0.0/43937] INFO  http.BaseHttpServer (BaseHttpServer.java:updateConnectorAddress(344)) - HTTP server of scm listening at http://0.0.0.0:44039
2023-03-29 21:17:38,908 [IPC Server handler 0 on default port 46757] INFO  server.SCMDatanodeHeartbeatDispatcher (SCMDatanodeHeartbeatDispatcher.java:dispatch(106)) - SCM received heartbeat from an unregistered datanode 18961f23-4365-477a-9957-4b48f2116dbc(fv-az308-773/10.1.0.17). Asking datanode to re-register.
2023-03-29 21:17:39,906 [IPC Server handler 0 on default port 46757] INFO  net.NetworkTopologyImpl (NetworkTopologyImpl.java:add(112)) - Added a new node: /default-rack/18961f23-4365-477a-9957-4b48f2116dbc
2023-03-29 21:17:39,906 [IPC Server handler 0 on default port 46757] INFO  node.SCMNodeManager (SCMNodeManager.java:register(404)) - Registered Data node : 18961f23-4365-477a-9957-4b48f2116dbc{ip: 10.1.0.17, host: fv-az308-773, ports: [REPLICATION=35057, RATIS=44009, RATIS_ADMIN=44009, RATIS_SERVER=44009, RATIS_DATASTREAM=36403, STANDALONE=36467], networkLocation: /default-rack, certSerialId: null, persistedOpState: null, persistedOpStateExpiryEpochSec: 0}
2023-03-29 21:17:39,914 [EventQueue-NodeRegistrationContainerReportForContainerSafeModeRule] INFO  safemode.SCMSafeModeManager (SCMSafeModeManager.java:validateSafeModeExitRules(200)) - ContainerSafeModeRule rule is successfully validated
2023-03-29 21:17:39,917 [EventQueue-NodeRegistrationContainerReportForDataNodeSafeModeRule] INFO  safemode.SCMSafeModeManager (DataNodeSafeModeRule.java:process(71)) - SCM in safe mode. 1 DataNodes registered, 1 required.
2023-03-29 21:17:39,924 [EventQueue-PipelineReportForOneReplicaPipelineSafeModeRule] INFO  safemode.SCMSafeModeManager (SCMSafeModeManager.java:validateSafeModeExitRules(200)) - AtleastOneDatanodeReportedRule rule is successfully validated
2023-03-29 21:17:39,924 [EventQueue-NewNodeForNewNodeHandler] INFO  pipeline.BackgroundPipelineCreator (BackgroundPipelineCreator.java:notifyEventTriggered(276)) - trigger a one-shot run on RatisPipelineUtilsThread.
2023-03-29 21:17:39,926 [EventQueue-NodeRegistrationContainerReportForDataNodeSafeModeRule] INFO  safemode.SCMSafeModeManager (SCMSafeModeManager.java:validateSafeModeExitRules(200)) - DataNodeSafeModeRule rule is successfully validated
2023-03-29 21:17:39,926 [EventQueue-NodeRegistrationContainerReportForDataNodeSafeModeRule] INFO  safemode.SCMSafeModeManager (SCMSafeModeManager.java:completePreCheck(229)) - All SCM safe mode pre check rules have passed
2023-03-29 21:17:39,926 [EventQueue-NodeRegistrationContainerReportForDataNodeSafeModeRule] INFO  ha.SCMContext (SCMContext.java:updateSafeModeStatus(228)) - Update SafeModeStatus from SafeModeStatus{safeModeStatus=true, preCheckPassed=false} to SafeModeStatus{safeModeStatus=true, preCheckPassed=true}.
2023-03-29 21:17:39,927 [EventQueue-NodeRegistrationContainerReportForDataNodeSafeModeRule] INFO  pipeline.BackgroundPipelineCreator (BackgroundPipelineCreator.java:notifyEventTriggered(276)) - trigger a one-shot run on RatisPipelineUtilsThread.
2023-03-29 21:17:39,928 [EventQueue-OpenPipelineForHealthyPipelineSafeModeRule] INFO  safemode.SCMSafeModeManager (SCMSafeModeManager.java:validateSafeModeExitRules(200)) - HealthyPipelineSafeModeRule rule is successfully validated
2023-03-29 21:17:39,928 [RatisPipelineUtilsThread - 0] ERROR scm.SCMCommonPlacementPolicy (SCMCommonPlacementPolicy.java:filterNodesWithSpace(249)) - Unable to find enough nodes that meet the space requirement of 1073741824 bytes for metadata and 5368709120 bytes for data in healthy node set. Required 3. Found 1.
2023-03-29 21:17:39,928 [EventQueue-OpenPipelineForHealthyPipelineSafeModeRule] INFO  safemode.SCMSafeModeManager (SCMSafeModeManager.java:validateSafeModeExitRules(215)) - ScmSafeModeManager, all rules are successfully validated
2023-03-29 21:17:39,935 [EventQueue-OpenPipelineForHealthyPipelineSafeModeRule] INFO  safemode.SCMSafeModeManager (SCMSafeModeManager.java:exitSafeMode(244)) - SCM exiting safe mode.
2023-03-29 21:17:39,935 [EventQueue-OpenPipelineForHealthyPipelineSafeModeRule] INFO  ha.SCMContext (SCMContext.java:updateSafeModeStatus(228)) - Update SafeModeStatus from SafeModeStatus{safeModeStatus=true, preCheckPassed=true} to SafeModeStatus{safeModeStatus=false, preCheckPassed=true}.
2023-03-29 21:17:39,936 [EventQueue-OpenPipelineForHealthyPipelineSafeModeRule] INFO  pipeline.BackgroundPipelineCreator (BackgroundPipelineCreator.java:notifyStatusChanged(254)) - Service BackgroundPipelineCreator transitions to RUNNING.
2023-03-29 21:17:39,936 [EventQueue-OpenPipelineForHealthyPipelineSafeModeRule] INFO  BackgroundPipelineScrubber (BackgroundSCMService.java:notifyStatusChanged(82)) - Service BackgroundPipelineScrubber transitions to RUNNING.
2023-03-29 21:17:39,936 [EventQueue-OpenPipelineForHealthyPipelineSafeModeRule] INFO  ExpiredContainerReplicaOpScrubber (BackgroundSCMService.java:notifyStatusChanged(82)) - Service ExpiredContainerReplicaOpScrubber transitions to RUNNING.
2023-03-29 21:17:39,936 [EventQueue-OpenPipelineForHealthyPipelineSafeModeRule] INFO  replication.ReplicationManager (ReplicationManager.java:notifyStatusChanged(1255)) - Service ReplicationManager transitions to RUNNING.
2023-03-29 21:17:39,937 [EventQueue-OpenPipelineForHealthyPipelineSafeModeRule] WARN  balancer.ContainerBalancer (ContainerBalancer.java:shouldRun(132)) - Could not find persisted configuration for ContainerBalancer when checking if ContainerBalancer should run. ContainerBalancer should not run now.
2023-03-29 21:17:45,104 [Listener at 0.0.0.0/43937] INFO  replication.LegacyReplicationManager (LegacyReplicationManager.java:sendCloseCommand(1403)) - Sending close container command for container #1 to datanode 18961f23-4365-477a-9957-4b48f2116dbc(fv-az308-773/10.1.0.17).
2023-03-29 21:17:45,129 [Listener at 0.0.0.0/43937] INFO  replication.ReplicationManager (ReplicationManager.java:processAll(385)) - Replication Monitor Thread took 26 milliseconds for processing 8 containers.
2023-03-29 21:17:50,145 [Listener at 0.0.0.0/43937] INFO  ozone.MiniOzoneClusterImpl (MiniOzoneClusterImpl.java:shutdown(455)) - Shutting down the Mini Ozone Cluster
2023-03-29 21:17:50,145 [Listener at 0.0.0.0/43937] INFO  ozone.MiniOzoneClusterImpl (MiniOzoneClusterImpl.java:stop(471)) - Stopping the Mini Ozone Cluster
2023-03-29 21:17:50,146 [Listener at 0.0.0.0/43937] INFO  ozone.MiniOzoneClusterImpl (MiniOzoneClusterImpl.java:stopOM(553)) - Stopping the OzoneManager
2023-03-29 21:17:50,146 [Listener at 0.0.0.0/43937] INFO  om.OzoneManager (OzoneManager.java:stop(2155)) - om1[localhost:0]: Stopping Ozone Manager
2023-03-29 21:17:50,146 [Listener at 0.0.0.0/43937] INFO  ipc.Server (Server.java:stop(3428)) - Stopping server on 45119
2023-03-29 21:17:50,148 [IPC Server listener on 0] INFO  ipc.Server (Server.java:run(1384)) - Stopping IPC Server listener on 0
2023-03-29 21:17:50,152 [IPC Server Responder] INFO  ipc.Server (Server.java:run(1517)) - Stopping IPC Server Responder
2023-03-29 21:17:50,152 [Listener at 0.0.0.0/43937] INFO  server.RaftServer (RaftServerProxy.java:lambda$close$6(409)) - om1: close
2023-03-29 21:17:50,153 [om1-impl-thread1] INFO  server.RaftServer$Division (RaftServerImpl.java:lambda$close$4(458)) - om1@group-C5BA1605619E: shutdown
2023-03-29 21:17:50,153 [om1-impl-thread1] INFO  util.JmxRegister (JmxRegister.java:unregister(73)) - Successfully un-registered JMX Bean with object name Ratis:service=RaftServer,group=group-C5BA1605619E,id=om1
2023-03-29 21:17:50,153 [om1-impl-thread1] INFO  impl.RoleInfo (RoleInfo.java:shutdownLeaderState(93)) - om1: shutdown om1@group-C5BA1605619E-LeaderStateImpl
2023-03-29 21:17:50,153 [om1-impl-thread1] INFO  impl.PendingRequests (PendingRequests.java:sendNotLeaderResponses(282)) - om1@group-C5BA1605619E-PendingRequests: sendNotLeaderResponses
2023-03-29 21:17:50,155 [om1-impl-thread1] INFO  impl.StateMachineUpdater (StateMachineUpdater.java:stopAndJoin(153)) - om1@group-C5BA1605619E-StateMachineUpdater: set stopIndex = 44
2023-03-29 21:17:50,155 [Listener at 0.0.0.0/43937] INFO  server.GrpcService (GrpcService.java:closeImpl(271)) - om1: shutdown server GrpcServerProtocolService now
2023-03-29 21:17:50,158 [om1@group-C5BA1605619E-StateMachineUpdater] INFO  ratis.OzoneManagerStateMachine (OzoneManagerStateMachine.java:takeSnapshot(445)) - Current Snapshot Index (t:1, i:44)
2023-03-29 21:17:50,165 [Listener at 0.0.0.0/43937] INFO  server.GrpcService (GrpcService.java:closeImpl(280)) - om1: shutdown server GrpcServerProtocolService successfully
2023-03-29 21:17:50,173 [om1@group-C5BA1605619E-StateMachineUpdater] INFO  impl.StateMachineUpdater (StateMachineUpdater.java:takeSnapshot(287)) - om1@group-C5BA1605619E-StateMachineUpdater: Took a snapshot at index 44
2023-03-29 21:17:50,173 [om1@group-C5BA1605619E-StateMachineUpdater] INFO  impl.StateMachineUpdater (StateMachineUpdater.java:lambda$new$0(92)) - om1@group-C5BA1605619E-StateMachineUpdater: snapshotIndex: updateIncreasingly -1 -> 44
2023-03-29 21:17:50,173 [om1@group-C5BA1605619E-StateMachineUpdater] INFO  ratis.OzoneManagerStateMachine (OzoneManagerStateMachine.java:close(499)) - StateMachine has shutdown. Shutdown OzoneManager if not already shutdown.
2023-03-29 21:17:50,174 [om1@group-C5BA1605619E-StateMachineUpdater] INFO  ratis.OzoneManagerDoubleBuffer (OzoneManagerDoubleBuffer.java:stopDaemon(540)) - Stopping OMDoubleBuffer flush thread
2023-03-29 21:17:50,174 [OMDoubleBufferFlushThread] INFO  ratis.OzoneManagerDoubleBuffer (OzoneManagerDoubleBuffer.java:canFlush(625)) - OMDoubleBuffer flush thread OMDoubleBufferFlushThread is interrupted and will exit.
2023-03-29 21:17:50,174 [om1-impl-thread1] INFO  server.RaftServer$Division (ServerState.java:close(466)) - om1@group-C5BA1605619E: closes. applyIndex: 44
2023-03-29 21:17:50,175 [om1@group-C5BA1605619E-SegmentedRaftLogWorker] INFO  segmented.SegmentedRaftLogWorker (SegmentedRaftLogWorker.java:run(347)) - om1@group-C5BA1605619E-SegmentedRaftLogWorker was interrupted, exiting. There are 0 tasks remaining in the queue.
2023-03-29 21:17:50,176 [om1-impl-thread1] INFO  segmented.SegmentedRaftLogWorker (SegmentedRaftLogWorker.java:close(257)) - om1@group-C5BA1605619E-SegmentedRaftLogWorker close()
2023-03-29 21:17:50,176 [JvmPauseMonitor10] INFO  util.JvmPauseMonitor (JvmPauseMonitor.java:run(111)) - JvmPauseMonitor-om1: Stopped
2023-03-29 21:17:50,177 [Listener at 0.0.0.0/43937] INFO  ratis.OzoneManagerStateMachine (OzoneManagerStateMachine.java:close(499)) - StateMachine has shutdown. Shutdown OzoneManager if not already shutdown.
2023-03-29 21:17:50,177 [Listener at 0.0.0.0/43937] INFO  ratis.OzoneManagerDoubleBuffer (OzoneManagerDoubleBuffer.java:stopDaemon(549)) - OMDoubleBuffer flush thread is not running.
2023-03-29 21:17:50,177 [Listener at 0.0.0.0/43937] INFO  utils.BackgroundService (BackgroundService.java:shutdown(141)) - Shutting down service KeyDeletingService
2023-03-29 21:17:50,178 [Listener at 0.0.0.0/43937] INFO  utils.BackgroundService (BackgroundService.java:shutdown(141)) - Shutting down service DirectoryDeletingService
2023-03-29 21:17:50,178 [Listener at 0.0.0.0/43937] INFO  utils.BackgroundService (BackgroundService.java:shutdown(141)) - Shutting down service OpenKeyCleanupService
2023-03-29 21:17:50,179 [Listener at 0.0.0.0/43937] INFO  utils.BackgroundService (BackgroundService.java:shutdown(141)) - Shutting down service SstFilteringService
2023-03-29 21:17:50,179 [Listener at 0.0.0.0/43937] INFO  utils.BackgroundService (BackgroundService.java:shutdown(141)) - Shutting down service SnapshotDeletingService
2023-03-29 21:17:50,181 [Listener at 0.0.0.0/43937] INFO  handler.ContextHandler (ContextHandler.java:doStop(1159)) - Stopped o.e.j.w.WebAppContext@d4c6326{ozoneManager,/,null,STOPPED}{file:/home/runner/work/ozone/ozone/hadoop-ozone/integration-test/target/test-classes/webapps/ozoneManager}
2023-03-29 21:17:50,182 [Listener at 0.0.0.0/43937] INFO  server.AbstractConnector (AbstractConnector.java:doStop(383)) - Stopped ServerConnector@75262f7{HTTP/1.1, (http/1.1)}{0.0.0.0:0}
2023-03-29 21:17:50,182 [Listener at 0.0.0.0/43937] INFO  server.session (HouseKeeper.java:stopScavenging(149)) - node0 Stopped scavenging
2023-03-29 21:17:50,183 [Listener at 0.0.0.0/43937] INFO  handler.ContextHandler (ContextHandler.java:doStop(1159)) - Stopped o.e.j.s.ServletContextHandler@53954d77{static,/static,file:///home/runner/work/ozone/ozone/hadoop-ozone/integration-test/target/test-classes/webapps/static,STOPPED}
2023-03-29 21:17:50,183 [Listener at 0.0.0.0/43937] INFO  handler.ContextHandler (ContextHandler.java:doStop(1159)) - Stopped o.e.j.s.ServletContextHandler@3c7a3608{logs,/logs,file:///home/runner/work/ozone/ozone/hadoop-ozone/integration-test/target/log,STOPPED}
2023-03-29 21:17:50,188 [Listener at 0.0.0.0/43937] INFO  ozone.MiniOzoneClusterImpl (MiniOzoneClusterImpl.java:stopDatanodes(530)) - Stopping the HddsDatanodes
2023-03-29 21:17:50,190 [Listener at 0.0.0.0/43937] INFO  ozoneimpl.OzoneContainer (OzoneContainer.java:stop(419)) - Attempting to stop container services.
2023-03-29 21:17:50,191 [Listener at 0.0.0.0/43937] INFO  server.RaftServer (RaftServerProxy.java:lambda$close$6(409)) - 18961f23-4365-477a-9957-4b48f2116dbc: close
2023-03-29 21:17:50,192 [Listener at 0.0.0.0/43937] INFO  server.GrpcService (GrpcService.java:closeImpl(271)) - 18961f23-4365-477a-9957-4b48f2116dbc: shutdown server GrpcServerProtocolService now
2023-03-29 21:17:50,192 [18961f23-4365-477a-9957-4b48f2116dbc-impl-thread1] INFO  server.RaftServer$Division (RaftServerImpl.java:lambda$close$4(458)) - 18961f23-4365-477a-9957-4b48f2116dbc@group-3D2BFA8F1A3C: shutdown
2023-03-29 21:17:50,192 [18961f23-4365-477a-9957-4b48f2116dbc-impl-thread1] INFO  util.JmxRegister (JmxRegister.java:unregister(73)) - Successfully un-registered JMX Bean with object name Ratis:service=RaftServer,group=group-3D2BFA8F1A3C,id=18961f23-4365-477a-9957-4b48f2116dbc
2023-03-29 21:17:50,192 [18961f23-4365-477a-9957-4b48f2116dbc-impl-thread1] INFO  impl.RoleInfo (RoleInfo.java:shutdownLeaderState(93)) - 18961f23-4365-477a-9957-4b48f2116dbc: shutdown 18961f23-4365-477a-9957-4b48f2116dbc@group-3D2BFA8F1A3C-LeaderStateImpl
2023-03-29 21:17:50,192 [18961f23-4365-477a-9957-4b48f2116dbc-impl-thread1] INFO  impl.PendingRequests (PendingRequests.java:sendNotLeaderResponses(282)) - 18961f23-4365-477a-9957-4b48f2116dbc@group-3D2BFA8F1A3C-PendingRequests: sendNotLeaderResponses
2023-03-29 21:17:50,197 [Listener at 0.0.0.0/43937] INFO  server.GrpcService (GrpcService.java:closeImpl(280)) - 18961f23-4365-477a-9957-4b48f2116dbc: shutdown server GrpcServerProtocolService successfully
2023-03-29 21:17:50,203 [18961f23-4365-477a-9957-4b48f2116dbc@group-3D2BFA8F1A3C-StateMachineUpdater] INFO  ratis.ContainerStateMachine (ContainerStateMachine.java:takeSnapshot(330)) - group-3D2BFA8F1A3C: Taking a snapshot at:(t:1, i:32) file /home/runner/work/ozone/ozone/hadoop-ozone/integration-test/target/test-dir/MiniOzoneClusterImpl-7726aa55-5b50-4186-a956-8f70fbca6446/datanode-0/data/ratis/13840006-83b8-4781-bd25-3d2bfa8f1a3c/sm/snapshot.1_32
2023-03-29 21:17:50,202 [18961f23-4365-477a-9957-4b48f2116dbc-impl-thread1] INFO  impl.StateMachineUpdater (StateMachineUpdater.java:stopAndJoin(153)) - 18961f23-4365-477a-9957-4b48f2116dbc@group-3D2BFA8F1A3C-StateMachineUpdater: set stopIndex = 32
2023-03-29 21:17:50,204 [18961f23-4365-477a-9957-4b48f2116dbc-NettyServerStreamRpc-bossGroup--thread1] INFO  logging.LoggingHandler (AbstractInternalLogger.java:log(148)) - [id: 0x3b2fb7b7, L:/0:0:0:0:0:0:0:0:36403] CLOSE
2023-03-29 21:17:50,204 [18961f23-4365-477a-9957-4b48f2116dbc-NettyServerStreamRpc-bossGroup--thread1] INFO  logging.LoggingHandler (AbstractInternalLogger.java:log(148)) - [id: 0x3b2fb7b7, L:/0:0:0:0:0:0:0:0:36403] INACTIVE
2023-03-29 21:17:50,205 [18961f23-4365-477a-9957-4b48f2116dbc-NettyServerStreamRpc-bossGroup--thread1] INFO  logging.LoggingHandler (AbstractInternalLogger.java:log(148)) - [id: 0x3b2fb7b7, L:/0:0:0:0:0:0:0:0:36403] UNREGISTERED
2023-03-29 21:17:50,205 [18961f23-4365-477a-9957-4b48f2116dbc@group-3D2BFA8F1A3C-StateMachineUpdater] INFO  ratis.ContainerStateMachine (ContainerStateMachine.java:takeSnapshot(341)) - group-3D2BFA8F1A3C: Finished taking a snapshot at:(t:1, i:32) file:/home/runner/work/ozone/ozone/hadoop-ozone/integration-test/target/test-dir/MiniOzoneClusterImpl-7726aa55-5b50-4186-a956-8f70fbca6446/datanode-0/data/ratis/13840006-83b8-4781-bd25-3d2bfa8f1a3c/sm/snapshot.1_32 took: 3 ms
2023-03-29 21:17:50,206 [18961f23-4365-477a-9957-4b48f2116dbc@group-3D2BFA8F1A3C-StateMachineUpdater] INFO  impl.StateMachineUpdater (StateMachineUpdater.java:takeSnapshot(287)) - 18961f23-4365-477a-9957-4b48f2116dbc@group-3D2BFA8F1A3C-StateMachineUpdater: Took a snapshot at index 32
2023-03-29 21:17:50,206 [18961f23-4365-477a-9957-4b48f2116dbc@group-3D2BFA8F1A3C-StateMachineUpdater] INFO  impl.StateMachineUpdater (StateMachineUpdater.java:lambda$new$0(92)) - 18961f23-4365-477a-9957-4b48f2116dbc@group-3D2BFA8F1A3C-StateMachineUpdater: snapshotIndex: updateIncreasingly -1 -> 32
2023-03-29 21:17:50,218 [18961f23-4365-477a-9957-4b48f2116dbc-impl-thread1] INFO  server.RaftServer$Division (ServerState.java:close(466)) - 18961f23-4365-477a-9957-4b48f2116dbc@group-3D2BFA8F1A3C: closes. applyIndex: 32
2023-03-29 21:17:50,222 [18961f23-4365-477a-9957-4b48f2116dbc@group-3D2BFA8F1A3C-SegmentedRaftLogWorker] INFO  segmented.SegmentedRaftLogWorker (SegmentedRaftLogWorker.java:run(347)) - 18961f23-4365-477a-9957-4b48f2116dbc@group-3D2BFA8F1A3C-SegmentedRaftLogWorker was interrupted, exiting. There are 0 tasks remaining in the queue.
2023-03-29 21:17:50,223 [18961f23-4365-477a-9957-4b48f2116dbc-impl-thread1] INFO  segmented.SegmentedRaftLogWorker (SegmentedRaftLogWorker.java:close(257)) - 18961f23-4365-477a-9957-4b48f2116dbc@group-3D2BFA8F1A3C-SegmentedRaftLogWorker close()
2023-03-29 21:17:50,224 [JvmPauseMonitor11] INFO  util.JvmPauseMonitor (JvmPauseMonitor.java:run(111)) - JvmPauseMonitor-18961f23-4365-477a-9957-4b48f2116dbc: Stopped
2023-03-29 21:17:52,232 [Listener at 0.0.0.0/43937] INFO  volume.HddsVolume (HddsVolume.java:closeDbStore(437)) - SchemaV3 db is stopped at /home/runner/work/ozone/ozone/hadoop-ozone/integration-test/target/test-dir/MiniOzoneClusterImpl-7726aa55-5b50-4186-a956-8f70fbca6446/datanode-0/data-0/containers/hdds/7726aa55-5b50-4186-a956-8f70fbca6446/DS-db99b658-8e98-444d-83ea-16f1074d1e04/container.db for volume DS-db99b658-8e98-444d-83ea-16f1074d1e04
2023-03-29 21:17:52,232 [Listener at 0.0.0.0/43937] INFO  utils.BackgroundService (BackgroundService.java:shutdown(141)) - Shutting down service BlockDeletingService
2023-03-29 21:17:52,235 [Listener at 0.0.0.0/43937] INFO  utils.BackgroundService (BackgroundService.java:shutdown(141)) - Shutting down service StaleRecoveringContainerScrubbingService
2023-03-29 21:17:52,237 [Listener at 0.0.0.0/43937] INFO  statemachine.DatanodeStateMachine (DatanodeStateMachine.java:stopDaemon(601)) - Ozone container server stopped.
2023-03-29 21:17:52,250 [Listener at 0.0.0.0/43937] INFO  handler.ContextHandler (ContextHandler.java:doStop(1159)) - Stopped o.e.j.w.WebAppContext@215a042c{hddsDatanode,/,null,STOPPED}{jar:file:/home/runner/.m2/repository/org/apache/ozone/hdds-container-service/1.4.0-SNAPSHOT/hdds-container-service-1.4.0-SNAPSHOT.jar!/webapps/hddsDatanode}
2023-03-29 21:17:52,252 [Listener at 0.0.0.0/43937] INFO  server.AbstractConnector (AbstractConnector.java:doStop(383)) - Stopped ServerConnector@63a375d0{HTTP/1.1, (http/1.1)}{0.0.0.0:0}
2023-03-29 21:17:52,253 [Listener at 0.0.0.0/43937] INFO  server.session (HouseKeeper.java:stopScavenging(149)) - node0 Stopped scavenging
2023-03-29 21:17:52,253 [Listener at 0.0.0.0/43937] INFO  handler.ContextHandler (ContextHandler.java:doStop(1159)) - Stopped o.e.j.s.ServletContextHandler@4ea0dfb3{static,/static,jar:file:/home/runner/.m2/repository/org/apache/ozone/hdds-container-service/1.4.0-SNAPSHOT/hdds-container-service-1.4.0-SNAPSHOT.jar!/webapps/static,STOPPED}
2023-03-29 21:17:52,256 [Listener at 0.0.0.0/43937] INFO  handler.ContextHandler (ContextHandler.java:doStop(1159)) - Stopped o.e.j.s.ServletContextHandler@e9f5ed4{logs,/logs,file:///home/runner/work/ozone/ozone/hadoop-ozone/integration-test/target/log,STOPPED}
2023-03-29 21:17:52,260 [Listener at 0.0.0.0/43937] INFO  ozone.MiniOzoneClusterImpl (MiniOzoneClusterImpl.java:stopSCM(545)) - Stopping the StorageContainerManager
2023-03-29 21:17:52,260 [Listener at 0.0.0.0/43937] INFO  server.StorageContainerManager (StorageContainerManager.java:stop(1546)) - Container Balancer is not running.
2023-03-29 21:17:52,260 [Listener at 0.0.0.0/43937] INFO  server.StorageContainerManager (StorageContainerManager.java:stopReplicationManager(1660)) - Stopping Replication Manager Service.
2023-03-29 21:17:52,261 [Listener at 0.0.0.0/43937] INFO  replication.ReplicationManager (ReplicationManager.java:stop(310)) - Stopping Replication Monitor Thread.
2023-03-29 21:17:52,261 [Under Replicated Processor] WARN  replication.UnhealthyReplicationProcessor (UnhealthyReplicationProcessor.java:run(146)) - Under Replicated Processor interrupted. Exiting...
2023-03-29 21:17:52,261 [Over Replicated Processor] WARN  replication.UnhealthyReplicationProcessor (UnhealthyReplicationProcessor.java:run(146)) - Over Replicated Processor interrupted. Exiting...
2023-03-29 21:17:52,261 [Listener at 0.0.0.0/43937] INFO  server.StorageContainerManager (StorageContainerManager.java:stop(1555)) - Stopping the Datanode Admin Monitor.
2023-03-29 21:17:52,261 [ReplicationMonitor] INFO  replication.ReplicationManager (ReplicationManager.java:run(880)) - Replication Monitor Thread is stopped
2023-03-29 21:17:52,265 [Listener at 0.0.0.0/43937] INFO  server.StorageContainerManager (StorageContainerManager.java:stop(1562)) - Stopping datanode service RPC server
2023-03-29 21:17:52,265 [Listener at 0.0.0.0/43937] INFO  server.SCMDatanodeProtocolServer (SCMDatanodeProtocolServer.java:stop(424)) - Stopping the RPC server for DataNodes
2023-03-29 21:17:52,265 [Listener at 0.0.0.0/43937] INFO  ipc.Server (Server.java:stop(3428)) - Stopping server on 46757
2023-03-29 21:17:52,266 [IPC Server listener on 46757] INFO  ipc.Server (Server.java:run(1384)) - Stopping IPC Server listener on 46757
2023-03-29 21:17:52,273 [IPC Server Responder] INFO  ipc.Server (Server.java:run(1517)) - Stopping IPC Server Responder
2023-03-29 21:17:52,855 [SCM Heartbeat Processing Thread - 0] WARN  node.NodeStateManager (NodeStateManager.java:scheduleNextHealthCheck(870)) - Current Thread is interrupted, shutting down HB processing thread for Node Manager.
2023-03-29 21:17:52,856 [Listener at 0.0.0.0/43937] INFO  server.StorageContainerManager (StorageContainerManager.java:stop(1570)) - Stopping block service RPC server
2023-03-29 21:17:52,856 [Listener at 0.0.0.0/43937] INFO  server.SCMBlockProtocolServer (SCMBlockProtocolServer.java:stop(161)) - Stopping the RPC server for Block Protocol
2023-03-29 21:17:52,856 [Listener at 0.0.0.0/43937] INFO  ipc.Server (Server.java:stop(3428)) - Stopping server on 42339
2023-03-29 21:17:52,858 [IPC Server listener on 42339] INFO  ipc.Server (Server.java:run(1384)) - Stopping IPC Server listener on 42339
2023-03-29 21:17:52,859 [IPC Server Responder] INFO  ipc.Server (Server.java:run(1517)) - Stopping IPC Server Responder
2023-03-29 21:17:52,859 [Listener at 0.0.0.0/43937] INFO  server.StorageContainerManager (StorageContainerManager.java:stop(1577)) - Stopping the StorageContainerLocationProtocol RPC server
2023-03-29 21:17:52,859 [Listener at 0.0.0.0/43937] INFO  server.SCMClientProtocolServer (SCMClientProtocolServer.java:stop(206)) - Stopping the RPC server for Client Protocol
2023-03-29 21:17:52,859 [Listener at 0.0.0.0/43937] INFO  ipc.Server (Server.java:stop(3428)) - Stopping server on 43937
2023-03-29 21:17:52,861 [IPC Server listener on 43937] INFO  ipc.Server (Server.java:run(1384)) - Stopping IPC Server listener on 43937
2023-03-29 21:17:52,861 [Listener at 0.0.0.0/43937] INFO  server.StorageContainerManager (StorageContainerManager.java:stop(1584)) - Stopping Storage Container Manager HTTP server.
2023-03-29 21:17:52,861 [IPC Server Responder] INFO  ipc.Server (Server.java:run(1517)) - Stopping IPC Server Responder
2023-03-29 21:17:52,862 [Listener at 0.0.0.0/43937] INFO  handler.ContextHandler (ContextHandler.java:doStop(1159)) - Stopped o.e.j.w.WebAppContext@2cc0999a{scm,/,null,STOPPED}{file:/home/runner/work/ozone/ozone/hadoop-ozone/integration-test/target/test-classes/webapps/scm}
2023-03-29 21:17:52,863 [Listener at 0.0.0.0/43937] INFO  server.AbstractConnector (AbstractConnector.java:doStop(383)) - Stopped ServerConnector@7eaa9319{HTTP/1.1, (http/1.1)}{0.0.0.0:44039}
2023-03-29 21:17:52,863 [Listener at 0.0.0.0/43937] INFO  server.session (HouseKeeper.java:stopScavenging(149)) - node0 Stopped scavenging
2023-03-29 21:17:52,863 [Listener at 0.0.0.0/43937] INFO  handler.ContextHandler (ContextHandler.java:doStop(1159)) - Stopped o.e.j.s.ServletContextHandler@74404665{static,/static,file:///home/runner/work/ozone/ozone/hadoop-ozone/integration-test/target/test-classes/webapps/static,STOPPED}
2023-03-29 21:17:52,864 [Listener at 0.0.0.0/43937] INFO  handler.ContextHandler (ContextHandler.java:doStop(1159)) - Stopped o.e.j.s.ServletContextHandler@665beead{logs,/logs,file:///home/runner/work/ozone/ozone/hadoop-ozone/integration-test/target/log,STOPPED}
2023-03-29 21:17:52,865 [Listener at 0.0.0.0/43937] INFO  server.StorageContainerManager (StorageContainerManager.java:stop(1592)) - Stopping SCM LayoutVersionManager Service.
2023-03-29 21:17:52,865 [Listener at 0.0.0.0/43937] INFO  server.StorageContainerManager (StorageContainerManager.java:stop(1600)) - Stopping Block Manager Service.
2023-03-29 21:17:52,865 [Listener at 0.0.0.0/43937] INFO  utils.BackgroundService (BackgroundService.java:shutdown(141)) - Shutting down service SCMBlockDeletingService
2023-03-29 21:17:52,865 [Listener at 0.0.0.0/43937] INFO  utils.BackgroundService (BackgroundService.java:shutdown(141)) - Shutting down service SCMBlockDeletingService
2023-03-29 21:17:52,865 [Listener at 0.0.0.0/43937] INFO  server.StorageContainerManager (StorageContainerManager.java:stop(1622)) - Stopping SCM Event Queue.
2023-03-29 21:17:52,866 [Listener at 0.0.0.0/43937] INFO  server.StorageContainerManager (StorageContainerManager.java:stop(1633)) - Stopping SCM HA services.
2023-03-29 21:17:52,866 [Listener at 0.0.0.0/43937] INFO  pipeline.BackgroundPipelineCreator (BackgroundPipelineCreator.java:stop(149)) - Stopping RatisPipelineUtilsThread.
2023-03-29 21:17:52,867 [RatisPipelineUtilsThread - 0] WARN  pipeline.BackgroundPipelineCreator (BackgroundPipelineCreator.java:run(180)) - RatisPipelineUtilsThread is interrupted.
2023-03-29 21:17:52,868 [Listener at 0.0.0.0/43937] INFO  BackgroundPipelineScrubber (BackgroundSCMService.java:stop(131)) - Stopping BackgroundPipelineScrubber Service.
2023-03-29 21:17:52,868 [Listener at 0.0.0.0/43937] INFO  impl.MetricsSystemImpl (MetricsSystemImpl.java:stop(210)) - Stopping StorageContainerManager metrics system...
2023-03-29 21:17:52,868 [BackgroundPipelineScrubberThread] WARN  BackgroundPipelineScrubber (BackgroundSCMService.java:run(115)) - BackgroundPipelineScrubber is interrupted, exit
2023-03-29 21:17:52,870 [prometheus] INFO  impl.MetricsSinkAdapter (MetricsSinkAdapter.java:publishMetricsFromQueue(141)) - prometheus thread interrupted.
2023-03-29 21:17:52,872 [Listener at 0.0.0.0/43937] INFO  impl.MetricsSystemImpl (MetricsSystemImpl.java:stop(216)) - StorageContainerManager metrics system stopped.
2023-03-29 21:17:52,872 [Listener at 0.0.0.0/43937] WARN  pipeline.BackgroundPipelineCreator (BackgroundPipelineCreator.java:stop(145)) - RatisPipelineUtilsThread is not running, just ignore.
2023-03-29 21:17:52,872 [Listener at 0.0.0.0/43937] INFO  BackgroundPipelineScrubber (BackgroundSCMService.java:stop(126)) - BackgroundPipelineScrubber Service is not running, skip stop.
2023-03-29 21:17:52,872 [Listener at 0.0.0.0/43937] INFO  ExpiredContainerReplicaOpScrubber (BackgroundSCMService.java:stop(131)) - Stopping ExpiredContainerReplicaOpScrubber Service.
2023-03-29 21:17:52,872 [ExpiredContainerReplicaOpScrubberThread] WARN  ExpiredContainerReplicaOpScrubber (BackgroundSCMService.java:run(115)) - ExpiredContainerReplicaOpScrubber is interrupted, exit
2023-03-29 21:17:52,872 [Listener at 0.0.0.0/43937] INFO  utils.BackgroundService (BackgroundService.java:shutdown(141)) - Shutting down service SCMBlockDeletingService
2023-03-29 21:17:52,873 [Listener at 0.0.0.0/43937] INFO  replication.ReplicationManager (ReplicationManager.java:stop(320)) - Replication Monitor Thread is not running.
2023-03-29 21:17:52,873 [Listener at 0.0.0.0/43937] WARN  balancer.ContainerBalancer (ContainerBalancer.java:stop(324)) - Cannot stop Container Balancer because it's not running or stopping
2023-03-29 21:17:52,873 [Listener at 0.0.0.0/43937] INFO  server.StorageContainerManager (StorageContainerManager.java:stop(1651)) - Stopping SCM MetadataStore.
]]></system-out>
  </testcase>
  <testcase name="testContainerReportQueueWithDrop" classname="org.apache.hadoop.ozone.TestStorageContainerManager" time="1.171"/>
  <testcase name="testRpcPermission" classname="org.apache.hadoop.ozone.TestStorageContainerManager" time="56.774">
    <system-out><![CDATA[2023-03-29 21:17:54,198 [Time-limited test] WARN  server.ServerUtils (ServerUtils.java:getScmDbDir(148)) - ozone.scm.db.dirs is not configured. We recommend adding this setting. Falling back to ozone.metadata.dirs instead.
2023-03-29 21:17:54,202 [Time-limited test] WARN  server.ServerUtils (ServerUtils.java:getScmDbDir(148)) - ozone.scm.db.dirs is not configured. We recommend adding this setting. Falling back to ozone.metadata.dirs instead.
2023-03-29 21:17:54,202 [Time-limited test] INFO  ha.SCMHANodeDetails (SCMHANodeDetails.java:loadSCMHAConfig(209)) - ServiceID for StorageContainerManager is null
2023-03-29 21:17:54,202 [Time-limited test] WARN  ha.SCMHANodeDetails (SCMHANodeDetails.java:validateSCMHAConfig(182)) - Invalid config ozone.scm.ratis.enable. The config was not specified, but the default value true conflicts with the expected config value false. Falling back to the expected value. Current State of SCM: SCM is running in Non-HA without Ratis Ratis SCM -> Non Ratis SCM or Non HA SCM -> HA SCM is not supported
2023-03-29 21:17:54,202 [Time-limited test] INFO  ha.SCMHANodeDetails (SCMHANodeDetails.java:loadSCMHAConfig(214)) - ozone.scm.default.service.id is not defined, falling back to ozone.scm.service.ids to find serviceID for StorageContainerManager if it is HA enabled cluster
2023-03-29 21:17:54,208 [Time-limited test] WARN  utils.HAUtils (HAUtils.java:getMetaDir(342)) - ozone.scm.db.dirs is not configured. We recommend adding this setting. Falling back to ozone.metadata.dirs instead.
2023-03-29 21:17:54,209 [Time-limited test] WARN  db.DBStoreBuilder (DBStoreBuilder.java:applyDBDefinition(181)) - ozone.scm.db.dirs is not configured. We recommend adding this setting. Falling back to ozone.metadata.dirs instead.
2023-03-29 21:17:54,319 [Time-limited test] INFO  net.NodeSchemaLoader (NodeSchemaLoader.java:loadSchemaFromFile(129)) - Loading schema from [jar:file:/home/runner/.m2/repository/org/apache/ozone/hdds-common/1.4.0-SNAPSHOT/hdds-common-1.4.0-SNAPSHOT.jar!/network-topology-default.xml]
2023-03-29 21:17:54,320 [Time-limited test] INFO  net.NodeSchemaLoader (NodeSchemaLoader.java:loadSchema(176)) - Loading network topology layer schema file
2023-03-29 21:17:54,324 [Time-limited test] INFO  upgrade.AbstractLayoutVersionManager (AbstractLayoutVersionManager.java:init(83)) - Initializing Layout version manager with metadata layout = DATANODE_SCHEMA_V3 (version = 4), software layout = DATANODE_SCHEMA_V3 (version = 4)
2023-03-29 21:17:54,499 [Time-limited test] INFO  reflections.Reflections (Reflections.java:scan(232)) - Reflections took 171 ms to scan 7 urls, producing 155 keys and 368 values 
2023-03-29 21:17:54,513 [Time-limited test] INFO  ha.SequenceIdGenerator (SequenceIdGenerator.java:upgradeToSequenceId(349)) - upgrade localId to 111677748019200000
2023-03-29 21:17:54,520 [Time-limited test] INFO  ha.SequenceIdGenerator (SequenceIdGenerator.java:upgradeToSequenceId(359)) - upgrade delTxnId to 0
2023-03-29 21:17:54,521 [Time-limited test] INFO  ha.SequenceIdGenerator (SequenceIdGenerator.java:upgradeToSequenceId(376)) - upgrade containerId to 0
2023-03-29 21:17:54,521 [Time-limited test] INFO  ha.SequenceIdGenerator (SequenceIdGenerator.java:<init>(220)) - Init the HA SequenceIdGenerator.
2023-03-29 21:17:54,521 [Time-limited test] WARN  server.ServerUtils (ServerUtils.java:sanitizeUserArgs(73)) - ozone.scm.stale.node.interval value = 300000 is larger than max = 100000 based on the key value of ozone.scm.heartbeat.thread.interval, reset to the max value 100000.
2023-03-29 21:17:54,521 [Time-limited test] WARN  server.ServerUtils (ServerUtils.java:sanitizeUserArgs(73)) - ozone.scm.stale.node.interval value = 300000 is larger than max = 100000 based on the key value of ozone.scm.heartbeat.thread.interval, reset to the max value 100000.
2023-03-29 21:17:54,525 [Time-limited test] INFO  node.SCMNodeManager (SCMNodeManager.java:<init>(156)) - Entering startup safe mode.
2023-03-29 21:17:54,527 [Time-limited test] INFO  algorithms.ContainerPlacementPolicyFactory (ContainerPlacementPolicyFactory.java:getPolicyInternal(86)) - Create container placement policy of type org.apache.hadoop.hdds.scm.container.placement.algorithms.SCMContainerPlacementRandom
2023-03-29 21:17:54,527 [Time-limited test] INFO  algorithms.ContainerPlacementPolicyFactory (ContainerPlacementPolicyFactory.java:getPolicyInternal(86)) - Create container placement policy of type org.apache.hadoop.hdds.scm.container.placement.algorithms.SCMContainerPlacementRackScatter
2023-03-29 21:17:54,527 [Time-limited test] INFO  pipeline.PipelineStateManagerImpl (PipelineStateManagerImpl.java:initialize(78)) - No pipeline exists in current db
2023-03-29 21:17:54,527 [Time-limited test] INFO  algorithms.LeaderChoosePolicyFactory (LeaderChoosePolicyFactory.java:getPolicy(57)) - Create leader choose policy of type org.apache.hadoop.hdds.scm.pipeline.leader.choose.algorithms.MinLeaderCountChoosePolicy
2023-03-29 21:17:54,527 [Time-limited test] INFO  algorithms.ContainerPlacementPolicyFactory (ContainerPlacementPolicyFactory.java:getPolicyInternal(86)) - Create container placement policy of type org.apache.hadoop.hdds.scm.container.placement.algorithms.SCMContainerPlacementRackScatter
2023-03-29 21:17:54,528 [Time-limited test] INFO  ha.SCMServiceManager (SCMServiceManager.java:register(42)) - Registering service BackgroundPipelineCreator.
2023-03-29 21:17:54,528 [Time-limited test] INFO  pipeline.BackgroundPipelineCreator (BackgroundPipelineCreator.java:start(124)) - Starting RatisPipelineUtilsThread.
2023-03-29 21:17:54,533 [Time-limited test] INFO  BackgroundPipelineScrubber (BackgroundSCMService.java:start(68)) - Starting BackgroundPipelineScrubber Service.
2023-03-29 21:17:54,537 [Time-limited test] INFO  ha.SCMServiceManager (SCMServiceManager.java:register(42)) - Registering service BackgroundPipelineScrubber.
2023-03-29 21:17:54,538 [Time-limited test] INFO  ExpiredContainerReplicaOpScrubber (BackgroundSCMService.java:start(68)) - Starting ExpiredContainerReplicaOpScrubber Service.
2023-03-29 21:17:54,543 [Time-limited test] INFO  ha.SCMServiceManager (SCMServiceManager.java:register(42)) - Registering service ExpiredContainerReplicaOpScrubber.
2023-03-29 21:17:54,545 [Time-limited test] INFO  algorithms.PipelineChoosePolicyFactory (PipelineChoosePolicyFactory.java:createPipelineChoosePolicyFromClass(73)) - Create pipeline choose policy of type org.apache.hadoop.hdds.scm.pipeline.choose.algorithms.RandomPipelineChoosePolicy
2023-03-29 21:17:54,547 [Time-limited test] INFO  ha.SCMServiceManager (SCMServiceManager.java:register(42)) - Registering service SCMBlockDeletingService.
2023-03-29 21:17:54,548 [Time-limited test] INFO  replication.ReplicationManager (ReplicationManager.java:start(277)) - Starting Replication Monitor Thread.
2023-03-29 21:17:54,561 [Time-limited test] INFO  ha.SCMServiceManager (SCMServiceManager.java:register(42)) - Registering service ReplicationManager.
2023-03-29 21:17:54,563 [ReplicationMonitor] INFO  replication.ReplicationManager (ReplicationManager.java:processAll(352)) - Replication Manager is not ready to run until 3000ms after safemode exit
2023-03-29 21:17:54,563 [Time-limited test] INFO  safemode.ContainerSafeModeRule (ContainerSafeModeRule.java:<init>(89)) - containers with one replica threshold count 0
2023-03-29 21:17:54,563 [Time-limited test] INFO  safemode.HealthyPipelineSafeModeRule (HealthyPipelineSafeModeRule.java:initializeRule(169)) - Total pipeline count is 0, healthy pipeline threshold count is 1
2023-03-29 21:17:54,564 [Time-limited test] INFO  safemode.OneReplicaPipelineSafeModeRule (OneReplicaPipelineSafeModeRule.java:initializeRule(180)) - Total pipeline count is 0, pipeline's with at least one datanode reported threshold count is 0
2023-03-29 21:17:54,565 [Time-limited test] INFO  server.StorageContainerManager (StorageContainerManager.java:<init>(398)) - SCM start with adminUsers: [runner]
2023-03-29 21:17:54,566 [Time-limited test] INFO  ipc.CallQueueManager (CallQueueManager.java:<init>(90)) - Using callQueue: class java.util.concurrent.LinkedBlockingQueue, queueCapacity: 2000, scheduler: class org.apache.hadoop.ipc.DefaultRpcScheduler, ipcBackoff: false.
2023-03-29 21:17:54,569 [Socket Reader #1 for port 0] INFO  ipc.Server (Server.java:run(1273)) - Starting Socket Reader #1 for port 0
2023-03-29 21:17:54,571 [Listener at 0.0.0.0/40451] INFO  ipc.CallQueueManager (CallQueueManager.java:<init>(90)) - Using callQueue: class java.util.concurrent.LinkedBlockingQueue, queueCapacity: 2000, scheduler: class org.apache.hadoop.ipc.DefaultRpcScheduler, ipcBackoff: false.
2023-03-29 21:17:54,572 [Socket Reader #1 for port 0] INFO  ipc.Server (Server.java:run(1273)) - Starting Socket Reader #1 for port 0
2023-03-29 21:17:54,573 [Listener at 0.0.0.0/37209] INFO  ipc.CallQueueManager (CallQueueManager.java:<init>(90)) - Using callQueue: class java.util.concurrent.LinkedBlockingQueue, queueCapacity: 2000, scheduler: class org.apache.hadoop.ipc.DefaultRpcScheduler, ipcBackoff: false.
2023-03-29 21:17:54,573 [Socket Reader #1 for port 0] INFO  ipc.Server (Server.java:run(1273)) - Starting Socket Reader #1 for port 0
2023-03-29 21:17:54,580 [Listener at 0.0.0.0/43293] INFO  ha.SCMServiceManager (SCMServiceManager.java:register(42)) - Registering service ContainerBalancer.
2023-03-29 21:17:54,580 [Listener at 0.0.0.0/43293] INFO  server.StorageContainerManager (StorageContainerManager.java:<init>(415)) - 
Container Balancer status:
Key                            Value
Running                        false
Container Balancer Configuration values:
Key                                                Value
Threshold                                          10
Max Datanodes to Involve per Iteration(percent)    20
Max Size to Move per Iteration                     500GB
Max Size Entering Target per Iteration             26GB
Max Size Leaving Source per Iteration              26GB

2023-03-29 21:17:54,580 [Listener at 0.0.0.0/43293] INFO  ha.SCMContext (SCMContext.java:updateSafeModeStatus(228)) - Update SafeModeStatus from SafeModeStatus{safeModeStatus=true, preCheckPassed=false} to SafeModeStatus{safeModeStatus=true, preCheckPassed=false}.
2023-03-29 21:17:54,594 [Listener at 0.0.0.0/43293] INFO  server.StorageContainerManager (StorageContainerManager.java:start(1449)) - StorageContainerLocationProtocol RPC server is listening at /0.0.0.0:43293
2023-03-29 21:17:54,596 [Listener at 0.0.0.0/43293] WARN  impl.MetricsConfig (MetricsConfig.java:loadFirst(136)) - Cannot locate configuration: tried hadoop-metrics2-storagecontainermanager.properties,hadoop-metrics2.properties
2023-03-29 21:17:54,607 [Listener at 0.0.0.0/43293] INFO  impl.MetricsSystemImpl (MetricsSystemImpl.java:startTimer(378)) - Scheduled Metric snapshot period at 10 second(s).
2023-03-29 21:17:54,607 [Listener at 0.0.0.0/43293] INFO  impl.MetricsSystemImpl (MetricsSystemImpl.java:start(191)) - StorageContainerManager metrics system started
2023-03-29 21:17:54,647 [Listener at 0.0.0.0/43293] INFO  impl.MetricsSinkAdapter (MetricsSinkAdapter.java:start(204)) - Sink prometheus started
2023-03-29 21:17:54,647 [Listener at 0.0.0.0/43293] INFO  impl.MetricsSystemImpl (MetricsSystemImpl.java:registerSink(305)) - Registered sink prometheus
2023-03-29 21:17:54,671 [Listener at 0.0.0.0/43293] INFO  server.SCMClientProtocolServer (SCMClientProtocolServer.java:start(197)) - RPC server for Client  is listening at /0.0.0.0:43293
2023-03-29 21:17:54,677 [IPC Server Responder] INFO  ipc.Server (Server.java:run(1512)) - IPC Server Responder: starting
2023-03-29 21:17:54,678 [IPC Server listener on 0] INFO  ipc.Server (Server.java:run(1352)) - IPC Server listener on 0: starting
2023-03-29 21:17:54,689 [Listener at 0.0.0.0/43293] INFO  server.StorageContainerManager (StorageContainerManager.java:start(1463)) - ScmBlockLocationProtocol RPC server is listening at /0.0.0.0:37209
2023-03-29 21:17:54,690 [Listener at 0.0.0.0/43293] INFO  server.SCMBlockProtocolServer (SCMBlockProtocolServer.java:start(152)) - RPC server for Block Protocol is listening at /0.0.0.0:37209
2023-03-29 21:17:54,691 [IPC Server Responder] INFO  ipc.Server (Server.java:run(1512)) - IPC Server Responder: starting
2023-03-29 21:17:54,691 [IPC Server listener on 0] INFO  ipc.Server (Server.java:run(1352)) - IPC Server listener on 0: starting
2023-03-29 21:17:54,693 [Listener at 0.0.0.0/43293] INFO  server.SCMDatanodeProtocolServer (SCMDatanodeProtocolServer.java:start(193)) - ScmDatanodeProtocol RPC server for DataNodes is listening at /0.0.0.0:40451
2023-03-29 21:17:54,694 [IPC Server Responder] INFO  ipc.Server (Server.java:run(1512)) - IPC Server Responder: starting
2023-03-29 21:17:54,694 [IPC Server listener on 0] INFO  ipc.Server (Server.java:run(1352)) - IPC Server listener on 0: starting
2023-03-29 21:17:54,698 [Listener at 0.0.0.0/43293] INFO  http.BaseHttpServer (BaseHttpServer.java:newHttpServer2BuilderForOzone(224)) - Starting Web-server for scm at: http://0.0.0.0:0
2023-03-29 21:17:54,698 [Listener at 0.0.0.0/43293] INFO  http.BaseHttpServer (BaseHttpServer.java:<init>(111)) - Hadoop Security Enabled: false Ozone Security Enabled: false Ozone HTTP Security Enabled: false 
2023-03-29 21:17:54,700 [org.apache.hadoop.util.JvmPauseMonitor$Monitor@2ae6d820] INFO  util.JvmPauseMonitor (JvmPauseMonitor.java:run(188)) - Starting JVM pause monitor
2023-03-29 21:17:54,702 [Listener at 0.0.0.0/43293] WARN  server.AuthenticationFilter (AuthenticationFilter.java:constructSecretProvider(240)) - Unable to initialize FileSignerSecretProvider, falling back to use random secrets. Reason: Could not read signature secret file: /home/runner/hadoop-http-auth-signature-secret
2023-03-29 21:17:54,703 [Listener at 0.0.0.0/43293] WARN  http.HttpRequestLog (HttpRequestLog.java:getRequestLog(103)) - Jetty request log can only be enabled using Log4j
2023-03-29 21:17:54,705 [Listener at 0.0.0.0/43293] INFO  http.HttpServer2 (HttpServer2.java:addGlobalFilter(1031)) - Added global filter 'safety' (class=org.apache.hadoop.hdds.server.http.HttpServer2$QuotingInputFilter)
2023-03-29 21:17:54,706 [Listener at 0.0.0.0/43293] INFO  http.HttpServer2 (HttpServer2.java:addFilter(1007)) - Added filter static_user_filter (class=org.apache.hadoop.http.lib.StaticUserWebFilter$StaticUserFilter) to context scm
2023-03-29 21:17:54,706 [Listener at 0.0.0.0/43293] INFO  http.HttpServer2 (HttpServer2.java:addFilter(1015)) - Added filter static_user_filter (class=org.apache.hadoop.http.lib.StaticUserWebFilter$StaticUserFilter) to context logs
2023-03-29 21:17:54,706 [Listener at 0.0.0.0/43293] INFO  http.HttpServer2 (HttpServer2.java:addFilter(1015)) - Added filter static_user_filter (class=org.apache.hadoop.http.lib.StaticUserWebFilter$StaticUserFilter) to context static
2023-03-29 21:17:54,707 [Listener at 0.0.0.0/43293] INFO  http.BaseHttpServer (BaseHttpServer.java:<init>(190)) - HTTP server of scm uses base directory /home/runner/work/ozone/ozone/hadoop-ozone/integration-test/target/test-dir/MiniOzoneClusterImpl-629b745a-ec3f-4e94-8d3b-29fcb714514f/ozone-meta/webserver
2023-03-29 21:17:54,708 [Listener at 0.0.0.0/43293] INFO  http.HttpServer2 (HttpServer2.java:bindListener(1250)) - Jetty bound to port 33419
2023-03-29 21:17:54,708 [Listener at 0.0.0.0/43293] INFO  server.Server (Server.java:doStart(375)) - jetty-9.4.49.v20220914; built: 2022-09-14T01:07:36.601Z; git: 4231a3b2e4cb8548a412a789936d640a97b1aa0a; jvm 1.8.0_362-b09
2023-03-29 21:17:54,726 [Listener at 0.0.0.0/43293] INFO  server.session (DefaultSessionIdManager.java:doStart(334)) - DefaultSessionIdManager workerName=node0
2023-03-29 21:17:54,726 [Listener at 0.0.0.0/43293] INFO  server.session (DefaultSessionIdManager.java:doStart(339)) - No SessionScavenger set, using defaults
2023-03-29 21:17:54,726 [Listener at 0.0.0.0/43293] INFO  server.session (HouseKeeper.java:startScavenging(132)) - node0 Scavenging every 660000ms
2023-03-29 21:17:54,728 [Listener at 0.0.0.0/43293] INFO  handler.ContextHandler (ContextHandler.java:doStart(921)) - Started o.e.j.s.ServletContextHandler@458b87dd{logs,/logs,file:///home/runner/work/ozone/ozone/hadoop-ozone/integration-test/target/log,AVAILABLE}
2023-03-29 21:17:54,728 [Listener at 0.0.0.0/43293] INFO  handler.ContextHandler (ContextHandler.java:doStart(921)) - Started o.e.j.s.ServletContextHandler@246a6300{static,/static,file:///home/runner/work/ozone/ozone/hadoop-ozone/integration-test/target/test-classes/webapps/static,AVAILABLE}
2023-03-29 21:17:54,732 [Listener at 0.0.0.0/43293] INFO  handler.ContextHandler (ContextHandler.java:doStart(921)) - Started o.e.j.w.WebAppContext@6dc0a30{scm,/,file:///home/runner/work/ozone/ozone/hadoop-ozone/integration-test/target/test-classes/webapps/scm/,AVAILABLE}{file:/home/runner/work/ozone/ozone/hadoop-ozone/integration-test/target/test-classes/webapps/scm}
2023-03-29 21:17:54,734 [Listener at 0.0.0.0/43293] INFO  server.AbstractConnector (AbstractConnector.java:doStart(333)) - Started ServerConnector@35619499{HTTP/1.1, (http/1.1)}{0.0.0.0:33419}
2023-03-29 21:17:54,734 [Listener at 0.0.0.0/43293] INFO  server.Server (Server.java:doStart(415)) - Started @128500ms
2023-03-29 21:17:54,734 [Listener at 0.0.0.0/43293] WARN  impl.MetricsSystemImpl (MetricsSystemImpl.java:register(279)) - Sink prometheus already exists!
2023-03-29 21:17:54,736 [Listener at 0.0.0.0/43293] INFO  http.BaseHttpServer (BaseHttpServer.java:updateConnectorAddress(344)) - HTTP server of scm listening at http://0.0.0.0:33419
2023-03-29 21:17:54,736 [Listener at 0.0.0.0/43293] WARN  server.ServerUtils (ServerUtils.java:getDBPath(225)) - ozone.om.db.dirs is not configured. We recommend adding this setting. Falling back to ozone.metadata.dirs instead.
2023-03-29 21:17:54,737 [Listener at 0.0.0.0/43293] INFO  ha.OMHANodeDetails (OMHANodeDetails.java:loadOMHAConfig(115)) - ozone.om.internal.service.id is not defined, falling back to ozone.om.service.ids to find serviceID for OzoneManager if it is HA enabled cluster
2023-03-29 21:17:54,738 [Listener at 0.0.0.0/43293] INFO  ha.OMHANodeDetails (OMHANodeDetails.java:loadOMHAConfig(226)) - Configuration does not have ozone.om.address set. Falling back to the default OM address /127.0.0.1:0
2023-03-29 21:17:54,738 [Listener at 0.0.0.0/43293] INFO  ha.OMHANodeDetails (OMHANodeDetails.java:getOMNodeDetailsForNonHA(254)) - OM Service ID is not set. Setting it to the default ID: omServiceIdDefault
2023-03-29 21:17:54,738 [Listener at 0.0.0.0/43293] INFO  ha.OMHANodeDetails (OMHANodeDetails.java:getOMNodeDetailsForNonHA(261)) - OM Node ID is not set. Setting it to the default ID: om1
2023-03-29 21:17:54,738 [Listener at 0.0.0.0/43293] WARN  server.ServerUtils (ServerUtils.java:getDBPath(225)) - ozone.om.db.dirs is not configured. We recommend adding this setting. Falling back to ozone.metadata.dirs instead.
2023-03-29 21:17:54,741 [Listener at 0.0.0.0/43293] INFO  upgrade.AbstractLayoutVersionManager (AbstractLayoutVersionManager.java:init(83)) - Initializing Layout version manager with metadata layout = MULTITENANCY_SCHEMA (version = 3), software layout = MULTITENANCY_SCHEMA (version = 3)
2023-03-29 21:17:54,891 [Listener at 0.0.0.0/43293] INFO  reflections.Reflections (Reflections.java:scan(232)) - Reflections took 149 ms to scan 2 urls, producing 170 keys and 470 values [using 2 cores]
2023-03-29 21:17:54,892 [Listener at 0.0.0.0/43293] INFO  upgrade.OMLayoutVersionManager (OMLayoutVersionManager.java:lambda$0(115)) - Skipping Upgrade Action MockOmUpgradeAction since it has been finalized.
2023-03-29 21:17:54,892 [Listener at 0.0.0.0/43293] WARN  server.ServerUtils (ServerUtils.java:getDBPath(225)) - ozone.om.db.dirs is not configured. We recommend adding this setting. Falling back to ozone.metadata.dirs instead.
2023-03-29 21:17:54,898 [Listener at 0.0.0.0/43293] INFO  proxy.SCMBlockLocationFailoverProxyProvider (SCMBlockLocationFailoverProxyProvider.java:<init>(114)) - Created block location fail-over proxy with 1 nodes: [nodeId=scmNodeId,nodeAddress=/0.0.0.0:37209]
2023-03-29 21:17:54,903 [Listener at 0.0.0.0/43293] INFO  proxy.SCMBlockLocationFailoverProxyProvider (SCMBlockLocationFailoverProxyProvider.java:<init>(114)) - Created block location fail-over proxy with 1 nodes: [nodeId=scmNodeId,nodeAddress=/0.0.0.0:37209]
2023-03-29 21:17:54,923 [Listener at 0.0.0.0/43293] INFO  om.OzoneManager (OzoneManager.java:<init>(619)) - OM start with adminUsers: [runner]
2023-03-29 21:17:54,925 [Listener at 0.0.0.0/43293] WARN  server.ServerUtils (ServerUtils.java:getDBPath(225)) - ozone.om.db.dirs is not configured. We recommend adding this setting. Falling back to ozone.metadata.dirs instead.
2023-03-29 21:17:54,928 [Listener at 0.0.0.0/43293] INFO  codec.OmKeyInfoCodec (OmKeyInfoCodec.java:<init>(49)) - OmKeyInfoCodec ignorePipeline = true
2023-03-29 21:17:54,928 [Listener at 0.0.0.0/43293] INFO  codec.RepeatedOmKeyInfoCodec (RepeatedOmKeyInfoCodec.java:<init>(41)) - RepeatedOmKeyInfoCodec ignorePipeline = true
2023-03-29 21:17:55,104 [Listener at 0.0.0.0/43293] INFO  om.OzoneManager (OzoneManager.java:instantiateServices(749)) - S3 Multi-Tenancy is disabled
2023-03-29 21:17:55,105 [Listener at 0.0.0.0/43293] WARN  server.ServerUtils (ServerUtils.java:getDBPath(225)) - ozone.om.snapshot.diff.db.dir is not configured. We recommend adding this setting. Falling back to ozone.metadata.dirs instead.
2023-03-29 21:17:55,131 [Listener at 0.0.0.0/43293] INFO  om.OzoneManager (OzoneManager.java:addS3GVolumeToDB(4223)) - Created Volume s3v With Owner runner required for S3Gateway operations.
2023-03-29 21:17:55,131 [Listener at 0.0.0.0/43293] WARN  server.ServerUtils (ServerUtils.java:getDefaultRatisDirectory(237)) - Storage directory for Ratis is not configured. It is a good idea to map this to an SSD disk. Falling back to ozone.metadata.dirs
2023-03-29 21:17:55,132 [Listener at 0.0.0.0/43293] WARN  utils.OzoneManagerRatisUtils (OzoneManagerRatisUtils.java:getOMRatisSnapshotDirectory(446)) - ozone.om.ratis.snapshot.dir is not configured. Falling back to ozone.metadata.dirs config
2023-03-29 21:17:55,132 [Listener at 0.0.0.0/43293] WARN  server.ServerUtils (ServerUtils.java:getDefaultRatisDirectory(237)) - Storage directory for Ratis is not configured. It is a good idea to map this to an SSD disk. Falling back to ozone.metadata.dirs
2023-03-29 21:17:55,133 [Listener at 0.0.0.0/43293] INFO  ratis.OzoneManagerRatisServer (OzoneManagerRatisServer.java:<init>(163)) - Instantiating OM Ratis server with groupID: omServiceIdDefault and peers: localhost:9872
2023-03-29 21:17:55,134 [Listener at 0.0.0.0/43293] INFO  ratis.OzoneManagerStateMachine (OzoneManagerStateMachine.java:loadSnapshotInfoFromDB(636)) - LastAppliedIndex is set from TransactionInfo from OM DB as (t:0, i:~)
2023-03-29 21:17:55,139 [Listener at 0.0.0.0/43293] INFO  server.RaftServer (ConfUtils.java:logGet(46)) - raft.rpc.type = GRPC (default)
2023-03-29 21:17:55,139 [Listener at 0.0.0.0/43293] INFO  grpc.GrpcConfigKeys (ConfUtils.java:logFallback(53)) - raft.grpc.admin.host = null (fallback to raft.grpc.server.host)
2023-03-29 21:17:55,139 [Listener at 0.0.0.0/43293] INFO  grpc.GrpcConfigKeys (ConfUtils.java:logFallback(53)) - raft.grpc.admin.port = 9872 (fallback to raft.grpc.server.port)
2023-03-29 21:17:55,139 [Listener at 0.0.0.0/43293] INFO  grpc.GrpcConfigKeys (ConfUtils.java:logFallback(53)) - raft.grpc.client.host = null (fallback to raft.grpc.server.host)
2023-03-29 21:17:55,139 [Listener at 0.0.0.0/43293] INFO  grpc.GrpcConfigKeys (ConfUtils.java:logFallback(53)) - raft.grpc.client.port = 9872 (fallback to raft.grpc.server.port)
2023-03-29 21:17:55,139 [Listener at 0.0.0.0/43293] INFO  grpc.GrpcConfigKeys (ConfUtils.java:logGet(46)) - raft.grpc.server.host = null (default)
2023-03-29 21:17:55,139 [Listener at 0.0.0.0/43293] INFO  grpc.GrpcConfigKeys (ConfUtils.java:logGet(46)) - raft.grpc.server.port = 9872 (custom)
2023-03-29 21:17:55,139 [Listener at 0.0.0.0/43293] INFO  server.GrpcService (ConfUtils.java:logGet(46)) - raft.grpc.message.size.max = 33554432 (custom)
2023-03-29 21:17:55,140 [Listener at 0.0.0.0/43293] INFO  server.RaftServerConfigKeys (ConfUtils.java:logGet(46)) - raft.server.log.appender.buffer.byte-limit = 33554432 (custom)
2023-03-29 21:17:55,140 [Listener at 0.0.0.0/43293] INFO  server.GrpcService (ConfUtils.java:logGet(46)) - raft.grpc.flow.control.window = 1MB (=1048576) (default)
2023-03-29 21:17:55,140 [Listener at 0.0.0.0/43293] INFO  server.RaftServerConfigKeys (ConfUtils.java:logGet(46)) - raft.server.rpc.request.timeout = 3000ms (default)
2023-03-29 21:17:55,140 [Listener at 0.0.0.0/43293] INFO  grpc.GrpcConfigKeys (ConfUtils.java:logGet(46)) - raft.grpc.server.heartbeat.channel = true (default)
2023-03-29 21:17:55,140 [Listener at 0.0.0.0/43293] INFO  grpc.GrpcConfigKeys (ConfUtils.java:logGet(46)) - raft.grpc.server.async.request.thread.pool.cached = true (default)
2023-03-29 21:17:55,140 [Listener at 0.0.0.0/43293] INFO  grpc.GrpcConfigKeys (ConfUtils.java:logGet(46)) - raft.grpc.server.async.request.thread.pool.size = 32 (default)
2023-03-29 21:17:55,142 [Listener at 0.0.0.0/43293] INFO  impl.DataStreamServerImpl (ConfUtils.java:logGet(46)) - raft.datastream.type = DISABLED (default)
2023-03-29 21:17:55,142 [Listener at 0.0.0.0/43293] INFO  server.RaftServerConfigKeys (ConfUtils.java:logGet(46)) - raft.server.threadpool.proxy.cached = true (default)
2023-03-29 21:17:55,142 [Listener at 0.0.0.0/43293] INFO  server.RaftServerConfigKeys (ConfUtils.java:logGet(46)) - raft.server.threadpool.proxy.size = 0 (default)
2023-03-29 21:17:55,142 [Listener at 0.0.0.0/43293] INFO  server.RaftServerConfigKeys (ConfUtils.java:logGet(46)) - raft.server.rpc.slowness.timeout = 120s (custom)
2023-03-29 21:17:55,142 [Listener at 0.0.0.0/43293] INFO  server.RaftServerConfigKeys (ConfUtils.java:logGet(46)) - raft.server.leaderelection.leader.step-down.wait-time = 10s (default)
2023-03-29 21:17:55,142 [Listener at 0.0.0.0/43293] INFO  server.RaftServerConfigKeys (ConfUtils.java:logGet(46)) - raft.server.storage.dir = [/home/runner/work/ozone/ozone/hadoop-ozone/integration-test/target/test-dir/MiniOzoneClusterImpl-629b745a-ec3f-4e94-8d3b-29fcb714514f/ozone-meta/ratis] (custom)
2023-03-29 21:17:55,153 [Listener at 0.0.0.0/43293] INFO  server.RaftServer (RaftServerProxy.java:addNew(96)) - om1: addNew group-C5BA1605619E:[om1|rpc:localhost:9872|priority:0|startupRole:FOLLOWER] returns group-C5BA1605619E:java.util.concurrent.CompletableFuture@4ab745bb[Not completed]
2023-03-29 21:17:55,153 [Listener at 0.0.0.0/43293] INFO  om.OzoneManager (OzoneManager.java:initializeRatisServer(2096)) - OzoneManager Ratis server initialized at port 9872
2023-03-29 21:17:55,153 [Listener at 0.0.0.0/43293] INFO  om.OzoneManager (OzoneManager.java:getRpcServer(1132)) - Creating RPC Server
2023-03-29 21:17:55,159 [pool-583-thread-1] INFO  server.RaftServer$Division (RaftServerImpl.java:<init>(195)) - om1: new RaftServerImpl for group-C5BA1605619E:[om1|rpc:localhost:9872|priority:0|startupRole:FOLLOWER] with OzoneManagerStateMachine:uninitialized
2023-03-29 21:17:55,160 [pool-583-thread-1] INFO  server.RaftServerConfigKeys (ConfUtils.java:logGet(46)) - raft.server.rpc.timeout.min = 1s (custom)
2023-03-29 21:17:55,160 [pool-583-thread-1] INFO  server.RaftServerConfigKeys (ConfUtils.java:logGet(46)) - raft.server.rpc.timeout.max = 1200ms (custom)
2023-03-29 21:17:55,160 [pool-583-thread-1] INFO  server.RaftServerConfigKeys (ConfUtils.java:logGet(46)) - raft.server.rpc.sleep.time = 25ms (default)
2023-03-29 21:17:55,160 [pool-583-thread-1] INFO  server.RaftServerConfigKeys (ConfUtils.java:logGet(46)) - raft.server.rpc.slowness.timeout = 120s (custom)
2023-03-29 21:17:55,160 [pool-583-thread-1] INFO  server.RaftServerConfigKeys (ConfUtils.java:logGet(46)) - raft.server.leaderelection.leader.step-down.wait-time = 10s (default)
2023-03-29 21:17:55,160 [pool-583-thread-1] INFO  server.RaftServerConfigKeys (ConfUtils.java:logGet(46)) - raft.server.sleep.deviation.threshold = 300ms (default)
2023-03-29 21:17:55,160 [pool-583-thread-1] INFO  server.RaftServer$Division (ServerState.java:<init>(118)) - om1@group-C5BA1605619E: ConfigurationManager, init=-1: peers:[om1|rpc:localhost:9872|priority:0|startupRole:FOLLOWER]|listeners:[], old=null, confs=<EMPTY_MAP>
2023-03-29 21:17:55,160 [pool-583-thread-1] INFO  server.RaftServerConfigKeys (ConfUtils.java:logGet(46)) - raft.server.storage.dir = [/home/runner/work/ozone/ozone/hadoop-ozone/integration-test/target/test-dir/MiniOzoneClusterImpl-629b745a-ec3f-4e94-8d3b-29fcb714514f/ozone-meta/ratis] (custom)
2023-03-29 21:17:55,160 [pool-583-thread-1] INFO  server.RaftServerConfigKeys (ConfUtils.java:logGet(46)) - raft.server.log.corruption.policy = EXCEPTION (default)
2023-03-29 21:17:55,160 [pool-583-thread-1] INFO  server.RaftServerConfigKeys (ConfUtils.java:logGet(46)) - raft.server.storage.free-space.min = 0MB (=0) (default)
2023-03-29 21:17:55,160 [pool-583-thread-1] INFO  server.RaftServerConfigKeys (ConfUtils.java:logGet(46)) - raft.server.notification.no-leader.timeout = 120s (custom)
2023-03-29 21:17:55,160 [pool-583-thread-1] INFO  server.RaftServerConfigKeys (ConfUtils.java:logGet(46)) - raft.server.retrycache.expirytime = 300s (custom)
2023-03-29 21:17:55,160 [pool-583-thread-1] INFO  server.RaftServerConfigKeys (ConfUtils.java:logGet(46)) - raft.server.retrycache.statistics.expirytime = 100μs (default)
2023-03-29 21:17:55,161 [pool-583-thread-1] INFO  server.RaftServerConfigKeys (ConfUtils.java:logGet(46)) - raft.server.log.appender.install.snapshot.enabled = false (custom)
2023-03-29 21:17:55,161 [pool-583-thread-1] INFO  server.RaftServerConfigKeys (ConfUtils.java:logGet(46)) - raft.server.threadpool.server.cached = true (default)
2023-03-29 21:17:55,161 [pool-583-thread-1] INFO  server.RaftServerConfigKeys (ConfUtils.java:logGet(46)) - raft.server.threadpool.server.size = 0 (default)
2023-03-29 21:17:55,161 [pool-583-thread-1] INFO  server.RaftServerConfigKeys (ConfUtils.java:logGet(46)) - raft.server.threadpool.client.cached = true (default)
2023-03-29 21:17:55,162 [pool-583-thread-1] INFO  server.RaftServerConfigKeys (ConfUtils.java:logGet(46)) - raft.server.threadpool.client.size = 0 (default)
2023-03-29 21:17:55,655 [Listener at 0.0.0.0/43293] INFO  reflections.Reflections (Reflections.java:scan(232)) - Reflections took 500 ms to scan 19 urls, producing 68 keys and 4992 values [using 2 cores]
2023-03-29 21:17:55,659 [Listener at 0.0.0.0/43293] INFO  ipc.CallQueueManager (CallQueueManager.java:<init>(90)) - Using callQueue: class java.util.concurrent.LinkedBlockingQueue, queueCapacity: 2000, scheduler: class org.apache.hadoop.ipc.DefaultRpcScheduler, ipcBackoff: false.
2023-03-29 21:17:55,659 [Socket Reader #1 for port 0] INFO  ipc.Server (Server.java:run(1273)) - Starting Socket Reader #1 for port 0
2023-03-29 21:17:55,681 [Listener at 127.0.0.1/41565] INFO  impl.MetricsSystemImpl (MetricsSystemImpl.java:init(158)) - OzoneManager metrics system started (again)
2023-03-29 21:17:55,702 [Listener at 127.0.0.1/41565] INFO  om.OzoneManager (OzoneManager.java:start(1553)) - OzoneManager RPC server is listening at localhost/127.0.0.1:41565
2023-03-29 21:17:55,702 [Listener at 127.0.0.1/41565] INFO  ratis.OzoneManagerRatisServer (OzoneManagerRatisServer.java:start(558)) - Starting OzoneManagerRatisServer om1 at port 9872
2023-03-29 21:17:55,702 [om1-impl-thread1] INFO  storage.RaftStorageDirectory (RaftStorageDirectoryImpl.java:analyzeStorage(137)) - The storage directory /home/runner/work/ozone/ozone/hadoop-ozone/integration-test/target/test-dir/MiniOzoneClusterImpl-629b745a-ec3f-4e94-8d3b-29fcb714514f/ozone-meta/ratis/bf265839-605b-3f16-9796-c5ba1605619e does not exist. Creating ...
2023-03-29 21:17:55,703 [om1-impl-thread1] INFO  storage.RaftStorageDirectory (RaftStorageDirectoryImpl.java:tryLock(231)) - Lock on /home/runner/work/ozone/ozone/hadoop-ozone/integration-test/target/test-dir/MiniOzoneClusterImpl-629b745a-ec3f-4e94-8d3b-29fcb714514f/ozone-meta/ratis/bf265839-605b-3f16-9796-c5ba1605619e/in_use.lock acquired by nodename 46426@fv-az308-773
2023-03-29 21:17:55,704 [om1-impl-thread1] INFO  storage.RaftStorage (RaftStorageImpl.java:format(96)) - Storage directory /home/runner/work/ozone/ozone/hadoop-ozone/integration-test/target/test-dir/MiniOzoneClusterImpl-629b745a-ec3f-4e94-8d3b-29fcb714514f/ozone-meta/ratis/bf265839-605b-3f16-9796-c5ba1605619e has been successfully formatted.
2023-03-29 21:17:55,705 [om1-impl-thread1] INFO  server.RaftServerConfigKeys (ConfUtils.java:logGet(46)) - raft.server.log.use.memory = false (default)
2023-03-29 21:17:55,705 [om1-impl-thread1] INFO  server.RaftServerConfigKeys (ConfUtils.java:logGet(46)) - raft.server.log.purge.gap = 1000000 (custom)
2023-03-29 21:17:55,705 [om1-impl-thread1] INFO  server.RaftServerConfigKeys (ConfUtils.java:logGet(46)) - raft.server.log.appender.buffer.byte-limit = 33554432 (custom)
2023-03-29 21:17:55,705 [om1-impl-thread1] INFO  server.RaftServerConfigKeys (ConfUtils.java:logGet(46)) - raft.server.log.statemachine.data.read.timeout = 1000ms (default)
2023-03-29 21:17:55,705 [om1-impl-thread1] INFO  server.RaftServerConfigKeys (ConfUtils.java:logGet(46)) - raft.server.log.purge.preservation.log.num = 0 (default)
2023-03-29 21:17:55,705 [om1-impl-thread1] INFO  server.RaftServerConfigKeys (ConfUtils.java:logGet(46)) - raft.server.log.segment.size.max = 4194304 (custom)
2023-03-29 21:17:55,706 [om1-impl-thread1] INFO  server.RaftServerConfigKeys (ConfUtils.java:logGet(46)) - raft.server.log.segment.cache.num.max = 2 (custom)
2023-03-29 21:17:55,706 [om1-impl-thread1] INFO  server.RaftServerConfigKeys (ConfUtils.java:logGet(46)) - raft.server.log.segment.cache.size.max = 200MB (=209715200) (default)
2023-03-29 21:17:55,706 [om1-impl-thread1] INFO  segmented.SegmentedRaftLogWorker (SegmentedRaftLogWorker.java:<init>(189)) - new om1@group-C5BA1605619E-SegmentedRaftLogWorker for RaftStorageImpl:Storage Directory /home/runner/work/ozone/ozone/hadoop-ozone/integration-test/target/test-dir/MiniOzoneClusterImpl-629b745a-ec3f-4e94-8d3b-29fcb714514f/ozone-meta/ratis/bf265839-605b-3f16-9796-c5ba1605619e
2023-03-29 21:17:55,706 [om1-impl-thread1] INFO  server.RaftServerConfigKeys (ConfUtils.java:logGet(46)) - raft.server.log.queue.byte-limit = 64MB (=67108864) (default)
2023-03-29 21:17:55,706 [om1-impl-thread1] INFO  server.RaftServerConfigKeys (ConfUtils.java:logGet(46)) - raft.server.log.queue.element-limit = 4096 (default)
2023-03-29 21:17:55,706 [om1-impl-thread1] INFO  server.RaftServerConfigKeys (ConfUtils.java:logGet(46)) - raft.server.log.segment.size.max = 4194304 (custom)
2023-03-29 21:17:55,706 [om1-impl-thread1] INFO  server.RaftServerConfigKeys (ConfUtils.java:logGet(46)) - raft.server.log.preallocated.size = 4194304 (custom)
2023-03-29 21:17:55,706 [om1-impl-thread1] INFO  server.RaftServerConfigKeys (ConfUtils.java:logGet(46)) - raft.server.log.force.sync.num = 128 (default)
2023-03-29 21:17:55,706 [om1-impl-thread1] INFO  server.RaftServerConfigKeys (ConfUtils.java:logGet(46)) - raft.server.log.statemachine.data.sync = true (default)
2023-03-29 21:17:55,706 [om1-impl-thread1] INFO  server.RaftServerConfigKeys (ConfUtils.java:logGet(46)) - raft.server.log.statemachine.data.sync.timeout = 10s (default)
2023-03-29 21:17:55,706 [om1-impl-thread1] INFO  server.RaftServerConfigKeys (ConfUtils.java:logGet(46)) - raft.server.log.statemachine.data.sync.timeout.retry = -1 (default)
2023-03-29 21:17:55,707 [om1-impl-thread1] INFO  server.RaftServerConfigKeys (ConfUtils.java:logGet(46)) - raft.server.log.write.buffer.size = 64KB (=65536) (default)
2023-03-29 21:17:55,707 [om1-impl-thread1] INFO  server.RaftServerConfigKeys (ConfUtils.java:logGet(46)) - raft.server.log.appender.buffer.byte-limit = 33554432 (custom)
2023-03-29 21:17:55,712 [om1-impl-thread1] INFO  server.RaftServerConfigKeys (ConfUtils.java:logGet(46)) - raft.server.log.unsafe-flush.enabled = false (default)
2023-03-29 21:17:55,712 [om1-impl-thread1] INFO  server.RaftServerConfigKeys (ConfUtils.java:logGet(46)) - raft.server.log.async-flush.enabled = false (default)
2023-03-29 21:17:55,712 [om1-impl-thread1] INFO  server.RaftServerConfigKeys (ConfUtils.java:logGet(46)) - raft.server.log.statemachine.data.caching.enabled = false (default)
2023-03-29 21:17:55,712 [om1-impl-thread1] INFO  segmented.SegmentedRaftLogWorker (SegmentedRaftLogWorker.java:lambda$new$0(135)) - om1@group-C5BA1605619E-SegmentedRaftLogWorker: flushIndex: setUnconditionally 0 -> -1
2023-03-29 21:17:55,712 [om1-impl-thread1] INFO  segmented.SegmentedRaftLogWorker (SegmentedRaftLogWorker.java:lambda$new$0(135)) - om1@group-C5BA1605619E-SegmentedRaftLogWorker: safeCacheEvictIndex: setUnconditionally 0 -> -1
2023-03-29 21:17:55,712 [om1-impl-thread1] INFO  server.RaftServer$Division (RaftServerImpl.java:start(334)) - om1@group-C5BA1605619E: start as a follower, conf=-1: peers:[om1|rpc:localhost:9872|priority:0|startupRole:FOLLOWER]|listeners:[], old=null
2023-03-29 21:17:55,712 [om1-impl-thread1] INFO  server.RaftServer$Division (RaftServerImpl.java:setRole(321)) - om1@group-C5BA1605619E: changes role from      null to FOLLOWER at term 0 for startAsFollower
2023-03-29 21:17:55,713 [om1-impl-thread1] INFO  impl.RoleInfo (RoleInfo.java:updateAndGet(139)) - om1: start om1@group-C5BA1605619E-FollowerState
2023-03-29 21:17:55,713 [om1-impl-thread1] INFO  util.JmxRegister (JmxRegister.java:tryRegister(44)) - Successfully registered JMX Bean with object name Ratis:service=RaftServer,group=group-C5BA1605619E,id=om1
2023-03-29 21:17:55,713 [om1-impl-thread1] INFO  server.RaftServerConfigKeys (ConfUtils.java:logGet(46)) - raft.server.snapshot.auto.trigger.enabled = true (custom)
2023-03-29 21:17:55,713 [om1-impl-thread1] INFO  server.RaftServerConfigKeys (ConfUtils.java:logGet(46)) - raft.server.snapshot.auto.trigger.threshold = 400000 (default)
2023-03-29 21:17:55,713 [om1-impl-thread1] INFO  server.RaftServerConfigKeys (ConfUtils.java:logGet(46)) - raft.server.snapshot.retention.file.num = -1 (default)
2023-03-29 21:17:55,713 [om1-impl-thread1] INFO  server.RaftServerConfigKeys (ConfUtils.java:logGet(46)) - raft.server.log.purge.upto.snapshot.index = true (custom)
2023-03-29 21:17:55,714 [om1@group-C5BA1605619E-FollowerState] INFO  server.RaftServerConfigKeys (ConfUtils.java:logFallback(53)) - raft.server.rpc.first-election.timeout.min = 1s (fallback to raft.server.rpc.timeout.min)
2023-03-29 21:17:55,714 [om1@group-C5BA1605619E-FollowerState] INFO  server.RaftServerConfigKeys (ConfUtils.java:logFallback(53)) - raft.server.rpc.first-election.timeout.max = 1200ms (fallback to raft.server.rpc.timeout.max)
2023-03-29 21:17:55,714 [Listener at 127.0.0.1/41565] INFO  server.RaftServer (RaftServerProxy.java:startImpl(393)) - om1: start RPC server
2023-03-29 21:17:55,717 [Listener at 127.0.0.1/41565] INFO  server.GrpcService (GrpcService.java:startImpl(262)) - om1: GrpcService started, listening on 9872
2023-03-29 21:17:55,719 [Listener at 127.0.0.1/41565] INFO  om.OzoneManager (OzoneManager.java:start(1569)) - Version File has different layout version (3) than OM DB (null). That is expected if this OM has never been finalized to a newer layout version.
2023-03-29 21:17:55,722 [JvmPauseMonitor12] INFO  util.JvmPauseMonitor (JvmPauseMonitor.java:run(105)) - JvmPauseMonitor-om1: Started
2023-03-29 21:17:55,737 [Listener at 127.0.0.1/41565] INFO  http.BaseHttpServer (BaseHttpServer.java:newHttpServer2BuilderForOzone(224)) - Starting Web-server for ozoneManager at: http://0.0.0.0:0
2023-03-29 21:17:55,737 [Listener at 127.0.0.1/41565] INFO  http.BaseHttpServer (BaseHttpServer.java:<init>(111)) - Hadoop Security Enabled: false Ozone Security Enabled: false Ozone HTTP Security Enabled: false 
2023-03-29 21:17:55,739 [Listener at 127.0.0.1/41565] WARN  server.AuthenticationFilter (AuthenticationFilter.java:constructSecretProvider(240)) - Unable to initialize FileSignerSecretProvider, falling back to use random secrets. Reason: Could not read signature secret file: /home/runner/hadoop-http-auth-signature-secret
2023-03-29 21:17:55,740 [Listener at 127.0.0.1/41565] WARN  http.HttpRequestLog (HttpRequestLog.java:getRequestLog(103)) - Jetty request log can only be enabled using Log4j
2023-03-29 21:17:55,741 [Listener at 127.0.0.1/41565] INFO  http.HttpServer2 (HttpServer2.java:addGlobalFilter(1031)) - Added global filter 'safety' (class=org.apache.hadoop.hdds.server.http.HttpServer2$QuotingInputFilter)
2023-03-29 21:17:55,743 [Listener at 127.0.0.1/41565] INFO  http.HttpServer2 (HttpServer2.java:addFilter(1007)) - Added filter static_user_filter (class=org.apache.hadoop.http.lib.StaticUserWebFilter$StaticUserFilter) to context ozoneManager
2023-03-29 21:17:55,743 [Listener at 127.0.0.1/41565] INFO  http.HttpServer2 (HttpServer2.java:addFilter(1015)) - Added filter static_user_filter (class=org.apache.hadoop.http.lib.StaticUserWebFilter$StaticUserFilter) to context logs
2023-03-29 21:17:55,744 [Listener at 127.0.0.1/41565] INFO  http.HttpServer2 (HttpServer2.java:addFilter(1015)) - Added filter static_user_filter (class=org.apache.hadoop.http.lib.StaticUserWebFilter$StaticUserFilter) to context static
2023-03-29 21:17:55,745 [Listener at 127.0.0.1/41565] INFO  http.BaseHttpServer (BaseHttpServer.java:<init>(190)) - HTTP server of ozoneManager uses base directory /home/runner/work/ozone/ozone/hadoop-ozone/integration-test/target/test-dir/MiniOzoneClusterImpl-629b745a-ec3f-4e94-8d3b-29fcb714514f/ozone-meta/webserver
2023-03-29 21:17:55,745 [Listener at 127.0.0.1/41565] INFO  http.HttpServer2 (HttpServer2.java:bindListener(1250)) - Jetty bound to port 33463
2023-03-29 21:17:55,746 [Listener at 127.0.0.1/41565] INFO  server.Server (Server.java:doStart(375)) - jetty-9.4.49.v20220914; built: 2022-09-14T01:07:36.601Z; git: 4231a3b2e4cb8548a412a789936d640a97b1aa0a; jvm 1.8.0_362-b09
2023-03-29 21:17:55,752 [Listener at 127.0.0.1/41565] INFO  server.session (DefaultSessionIdManager.java:doStart(334)) - DefaultSessionIdManager workerName=node0
2023-03-29 21:17:55,752 [Listener at 127.0.0.1/41565] INFO  server.session (DefaultSessionIdManager.java:doStart(339)) - No SessionScavenger set, using defaults
2023-03-29 21:17:55,752 [Listener at 127.0.0.1/41565] INFO  server.session (HouseKeeper.java:startScavenging(132)) - node0 Scavenging every 660000ms
2023-03-29 21:17:55,753 [Listener at 127.0.0.1/41565] INFO  handler.ContextHandler (ContextHandler.java:doStart(921)) - Started o.e.j.s.ServletContextHandler@53eada62{logs,/logs,file:///home/runner/work/ozone/ozone/hadoop-ozone/integration-test/target/log,AVAILABLE}
2023-03-29 21:17:55,754 [Listener at 127.0.0.1/41565] INFO  handler.ContextHandler (ContextHandler.java:doStart(921)) - Started o.e.j.s.ServletContextHandler@3246583e{static,/static,file:///home/runner/work/ozone/ozone/hadoop-ozone/integration-test/target/test-classes/webapps/static,AVAILABLE}
2023-03-29 21:17:55,757 [Listener at 127.0.0.1/41565] INFO  handler.ContextHandler (ContextHandler.java:doStart(921)) - Started o.e.j.w.WebAppContext@1141c07c{ozoneManager,/,file:///home/runner/work/ozone/ozone/hadoop-ozone/integration-test/target/test-classes/webapps/ozoneManager/,AVAILABLE}{file:/home/runner/work/ozone/ozone/hadoop-ozone/integration-test/target/test-classes/webapps/ozoneManager}
2023-03-29 21:17:55,767 [Listener at 127.0.0.1/41565] INFO  server.AbstractConnector (AbstractConnector.java:doStart(333)) - Started ServerConnector@1ff1d87e{HTTP/1.1, (http/1.1)}{0.0.0.0:33463}
2023-03-29 21:17:55,767 [Listener at 127.0.0.1/41565] INFO  server.Server (Server.java:doStart(415)) - Started @129533ms
2023-03-29 21:17:55,767 [Listener at 127.0.0.1/41565] WARN  impl.MetricsSystemImpl (MetricsSystemImpl.java:register(279)) - Sink prometheus already exists!
2023-03-29 21:17:55,770 [Listener at 127.0.0.1/41565] INFO  http.BaseHttpServer (BaseHttpServer.java:updateConnectorAddress(344)) - HTTP server of ozoneManager listening at http://0.0.0.0:33463
2023-03-29 21:17:55,773 [IPC Server Responder] INFO  ipc.Server (Server.java:run(1512)) - IPC Server Responder: starting
2023-03-29 21:17:55,774 [IPC Server listener on 0] INFO  ipc.Server (Server.java:run(1352)) - IPC Server listener on 0: starting
2023-03-29 21:17:55,778 [Listener at 127.0.0.1/41565] INFO  om.OzoneManager (OzoneManager.java:startTrashEmptier(2040)) - Trash Interval set to 0. Files deleted won't move to trash
2023-03-29 21:17:55,795 [org.apache.hadoop.util.JvmPauseMonitor$Monitor@18398c20] INFO  util.JvmPauseMonitor (JvmPauseMonitor.java:run(188)) - Starting JVM pause monitor
2023-03-29 21:17:55,811 [Listener at 127.0.0.1/41565] WARN  impl.MetricRegistriesImpl (MetricRegistriesImpl.java:addReporterRegistration(111)) - New reporters are added after registries were created. Some metrics will be missing from the reporter. Please add reporter before adding any new registry.
2023-03-29 21:17:55,811 [Listener at 127.0.0.1/41565] WARN  impl.MetricRegistriesImpl (MetricRegistriesImpl.java:addReporterRegistration(111)) - New reporters are added after registries were created. Some metrics will be missing from the reporter. Please add reporter before adding any new registry.
2023-03-29 21:17:55,811 [Listener at 127.0.0.1/41565] INFO  impl.MetricsSystemImpl (MetricsSystemImpl.java:init(158)) - HddsDatanode metrics system started (again)
2023-03-29 21:17:55,825 [Listener at 127.0.0.1/41565] INFO  ozone.HddsDatanodeService (HddsDatanodeService.java:start(249)) - HddsDatanodeService host:fv-az308-773 ip:10.1.0.17
2023-03-29 21:17:55,855 [Listener at 127.0.0.1/41565] INFO  upgrade.AbstractLayoutVersionManager (AbstractLayoutVersionManager.java:init(83)) - Initializing Layout version manager with metadata layout = DATANODE_SCHEMA_V3 (version = 4), software layout = DATANODE_SCHEMA_V3 (version = 4)
2023-03-29 21:17:55,909 [Listener at 127.0.0.1/41565] INFO  reflections.Reflections (Reflections.java:scan(232)) - Reflections took 52 ms to scan 7 urls, producing 155 keys and 368 values 
2023-03-29 21:17:55,918 [Listener at 127.0.0.1/41565] INFO  statemachine.DatanodeStateMachine (DatanodeStateMachine.java:getEndPointTaskThreadPoolSize(260)) - Datanode State Machine Task Thread Pool size 2
2023-03-29 21:17:55,924 [Listener at 127.0.0.1/41565] INFO  volume.HddsVolume (HddsVolume.java:<init>(130)) - Creating HddsVolume: /home/runner/work/ozone/ozone/hadoop-ozone/integration-test/target/test-dir/MiniOzoneClusterImpl-629b745a-ec3f-4e94-8d3b-29fcb714514f/datanode-0/data-0/containers/hdds of storage type : DISK capacity : 9223372036854775807
2023-03-29 21:17:55,924 [Listener at 127.0.0.1/41565] INFO  volume.MutableVolumeSet (MutableVolumeSet.java:initializeVolumeSet(175)) - Added Volume : /home/runner/work/ozone/ozone/hadoop-ozone/integration-test/target/test-dir/MiniOzoneClusterImpl-629b745a-ec3f-4e94-8d3b-29fcb714514f/datanode-0/data-0/containers/hdds to VolumeSet
2023-03-29 21:17:55,925 [Listener at 127.0.0.1/41565] INFO  volume.ThrottledAsyncChecker (ThrottledAsyncChecker.java:schedule(141)) - Scheduling a check for /home/runner/work/ozone/ozone/hadoop-ozone/integration-test/target/test-dir/MiniOzoneClusterImpl-629b745a-ec3f-4e94-8d3b-29fcb714514f/datanode-0/data-0/containers/hdds
2023-03-29 21:17:55,931 [Listener at 127.0.0.1/41565] INFO  volume.StorageVolumeChecker (StorageVolumeChecker.java:checkAllVolumes(202)) - Scheduled health check for volume /home/runner/work/ozone/ozone/hadoop-ozone/integration-test/target/test-dir/MiniOzoneClusterImpl-629b745a-ec3f-4e94-8d3b-29fcb714514f/datanode-0/data-0/containers/hdds
2023-03-29 21:17:56,037 [Listener at 127.0.0.1/41565] INFO  volume.MutableVolumeSet (MutableVolumeSet.java:initializeVolumeSet(175)) - Added Volume : /home/runner/work/ozone/ozone/hadoop-ozone/integration-test/target/test-dir/MiniOzoneClusterImpl-629b745a-ec3f-4e94-8d3b-29fcb714514f/datanode-0/data/ratis to VolumeSet
2023-03-29 21:17:56,038 [Listener at 127.0.0.1/41565] INFO  volume.ThrottledAsyncChecker (ThrottledAsyncChecker.java:schedule(141)) - Scheduling a check for /home/runner/work/ozone/ozone/hadoop-ozone/integration-test/target/test-dir/MiniOzoneClusterImpl-629b745a-ec3f-4e94-8d3b-29fcb714514f/datanode-0/data/ratis
2023-03-29 21:17:56,038 [Listener at 127.0.0.1/41565] INFO  volume.StorageVolumeChecker (StorageVolumeChecker.java:checkAllVolumes(202)) - Scheduled health check for volume /home/runner/work/ozone/ozone/hadoop-ozone/integration-test/target/test-dir/MiniOzoneClusterImpl-629b745a-ec3f-4e94-8d3b-29fcb714514f/datanode-0/data/ratis
2023-03-29 21:17:56,058 [Thread-1441] INFO  ozoneimpl.ContainerReader (ContainerReader.java:readVolume(175)) - Finish verifying containers on volume /home/runner/work/ozone/ozone/hadoop-ozone/integration-test/target/test-dir/MiniOzoneClusterImpl-629b745a-ec3f-4e94-8d3b-29fcb714514f/datanode-0/data-0/containers/hdds
2023-03-29 21:17:56,059 [Listener at 127.0.0.1/41565] INFO  ozoneimpl.OzoneContainer (OzoneContainer.java:buildContainerSet(303)) - Build ContainerSet costs 0s
2023-03-29 21:17:56,067 [Listener at 127.0.0.1/41565] INFO  server.RaftServer (ConfUtils.java:logGet(46)) - raft.rpc.type = GRPC (default)
2023-03-29 21:17:56,067 [Listener at 127.0.0.1/41565] INFO  grpc.GrpcConfigKeys (ConfUtils.java:logFallback(53)) - raft.grpc.admin.host = null (fallback to raft.grpc.server.host)
2023-03-29 21:17:56,067 [Listener at 127.0.0.1/41565] INFO  grpc.GrpcConfigKeys (ConfUtils.java:logGet(46)) - raft.grpc.admin.port = 0 (custom)
2023-03-29 21:17:56,067 [Listener at 127.0.0.1/41565] INFO  grpc.GrpcConfigKeys (ConfUtils.java:logFallback(53)) - raft.grpc.client.host = null (fallback to raft.grpc.server.host)
2023-03-29 21:17:56,067 [Listener at 127.0.0.1/41565] INFO  grpc.GrpcConfigKeys (ConfUtils.java:logGet(46)) - raft.grpc.client.port = 0 (custom)
2023-03-29 21:17:56,067 [Listener at 127.0.0.1/41565] INFO  grpc.GrpcConfigKeys (ConfUtils.java:logGet(46)) - raft.grpc.server.host = null (default)
2023-03-29 21:17:56,067 [Listener at 127.0.0.1/41565] INFO  grpc.GrpcConfigKeys (ConfUtils.java:logGet(46)) - raft.grpc.server.port = 0 (default)
2023-03-29 21:17:56,067 [Listener at 127.0.0.1/41565] INFO  server.GrpcService (ConfUtils.java:logGet(46)) - raft.grpc.message.size.max = 32MB (=33554432) (custom)
2023-03-29 21:17:56,067 [Listener at 127.0.0.1/41565] INFO  server.RaftServerConfigKeys (ConfUtils.java:logGet(46)) - raft.server.log.appender.buffer.byte-limit = 33554432 (custom)
2023-03-29 21:17:56,068 [Listener at 127.0.0.1/41565] INFO  server.GrpcService (ConfUtils.java:logGet(46)) - raft.grpc.flow.control.window = 5MB (=5242880) (custom)
2023-03-29 21:17:56,068 [Listener at 127.0.0.1/41565] INFO  server.RaftServerConfigKeys (ConfUtils.java:logGet(46)) - raft.server.rpc.request.timeout = 60s (custom)
2023-03-29 21:17:56,068 [Listener at 127.0.0.1/41565] INFO  grpc.GrpcConfigKeys (ConfUtils.java:logGet(46)) - raft.grpc.server.heartbeat.channel = true (default)
2023-03-29 21:17:56,068 [Listener at 127.0.0.1/41565] INFO  grpc.GrpcConfigKeys (ConfUtils.java:logGet(46)) - raft.grpc.server.async.request.thread.pool.cached = true (default)
2023-03-29 21:17:56,068 [Listener at 127.0.0.1/41565] INFO  grpc.GrpcConfigKeys (ConfUtils.java:logGet(46)) - raft.grpc.server.async.request.thread.pool.size = 32 (default)
2023-03-29 21:17:56,070 [Listener at 127.0.0.1/41565] INFO  impl.DataStreamServerImpl (ConfUtils.java:logGet(46)) - raft.datastream.type = NETTY (custom)
2023-03-29 21:17:56,071 [Listener at 127.0.0.1/41565] INFO  server.RaftServerConfigKeys (ConfUtils.java:logGet(46)) - raft.server.data-stream.async.request.thread.pool.cached = false (default)
2023-03-29 21:17:56,071 [Listener at 127.0.0.1/41565] INFO  server.RaftServerConfigKeys (ConfUtils.java:logGet(46)) - raft.server.data-stream.async.request.thread.pool.size = 20 (custom)
2023-03-29 21:17:56,071 [Listener at 127.0.0.1/41565] INFO  server.RaftServerConfigKeys (ConfUtils.java:logGet(46)) - raft.server.data-stream.async.write.thread.pool.size = 16 (default)
2023-03-29 21:17:56,071 [Listener at 127.0.0.1/41565] INFO  server.RaftServerConfigKeys (ConfUtils.java:logGet(46)) - raft.server.data-stream.client.pool.size = 10 (default)
2023-03-29 21:17:56,071 [Listener at 127.0.0.1/41565] INFO  netty.NettyConfigKeys$DataStream (ConfUtils.java:logGet(46)) - raft.netty.dataStream.server.use-epoll = false (default)
2023-03-29 21:17:56,071 [Listener at 127.0.0.1/41565] INFO  netty.NettyConfigKeys$DataStream (ConfUtils.java:logGet(46)) - raft.netty.dataStream.server.boss-group.size = 0 (default)
2023-03-29 21:17:56,071 [Listener at 127.0.0.1/41565] INFO  netty.NettyConfigKeys$DataStream (ConfUtils.java:logGet(46)) - raft.netty.dataStream.server.worker-group.size = 0 (default)
2023-03-29 21:17:56,072 [Listener at 127.0.0.1/41565] INFO  netty.NettyConfigKeys$DataStream (ConfUtils.java:logGet(46)) - raft.netty.dataStream.server.tls.conf = null (default)
2023-03-29 21:17:56,072 [Listener at 127.0.0.1/41565] INFO  netty.NettyConfigKeys$DataStream (ConfUtils.java:logGet(46)) - raft.netty.dataStream.host = null (default)
2023-03-29 21:17:56,072 [Listener at 127.0.0.1/41565] INFO  netty.NettyConfigKeys$DataStream (ConfUtils.java:logGet(46)) - raft.netty.dataStream.port = 0 (default)
2023-03-29 21:17:56,073 [Listener at 127.0.0.1/41565] INFO  server.RaftServerConfigKeys (ConfUtils.java:logGet(46)) - raft.server.threadpool.proxy.cached = true (default)
2023-03-29 21:17:56,073 [Listener at 127.0.0.1/41565] INFO  server.RaftServerConfigKeys (ConfUtils.java:logGet(46)) - raft.server.threadpool.proxy.size = 0 (default)
2023-03-29 21:17:56,073 [Listener at 127.0.0.1/41565] INFO  server.RaftServerConfigKeys (ConfUtils.java:logGet(46)) - raft.server.rpc.slowness.timeout = 300s (custom)
2023-03-29 21:17:56,073 [Listener at 127.0.0.1/41565] INFO  server.RaftServerConfigKeys (ConfUtils.java:logGet(46)) - raft.server.leaderelection.leader.step-down.wait-time = 10s (default)
2023-03-29 21:17:56,073 [Listener at 127.0.0.1/41565] INFO  server.RaftServerConfigKeys (ConfUtils.java:logGet(46)) - raft.server.storage.dir = [/home/runner/work/ozone/ozone/hadoop-ozone/integration-test/target/test-dir/MiniOzoneClusterImpl-629b745a-ec3f-4e94-8d3b-29fcb714514f/datanode-0/data/ratis] (custom)
2023-03-29 21:17:56,074 [80a21d94-395d-4af9-8da1-801cc4a84331-NettyServerStreamRpc-bossGroup--thread1] INFO  logging.LoggingHandler (AbstractInternalLogger.java:log(148)) - [id: 0xaebb6cb1] REGISTERED
2023-03-29 21:17:56,074 [80a21d94-395d-4af9-8da1-801cc4a84331-NettyServerStreamRpc-bossGroup--thread1] INFO  logging.LoggingHandler (AbstractInternalLogger.java:log(148)) - [id: 0xaebb6cb1] BIND: 0.0.0.0/0.0.0.0:0
2023-03-29 21:17:56,074 [80a21d94-395d-4af9-8da1-801cc4a84331-NettyServerStreamRpc-bossGroup--thread1] INFO  logging.LoggingHandler (AbstractInternalLogger.java:log(148)) - [id: 0xaebb6cb1, L:/0:0:0:0:0:0:0:0:46045] ACTIVE
2023-03-29 21:17:56,076 [Listener at 127.0.0.1/41565] INFO  server.XceiverServerGrpc (XceiverServerGrpc.java:<init>(132)) - GrpcServer channel type EpollServerSocketChannel
2023-03-29 21:17:56,080 [Listener at 127.0.0.1/41565] INFO  http.BaseHttpServer (BaseHttpServer.java:newHttpServer2BuilderForOzone(224)) - Starting Web-server for hddsDatanode at: http://0.0.0.0:0
2023-03-29 21:17:56,080 [Listener at 127.0.0.1/41565] INFO  http.BaseHttpServer (BaseHttpServer.java:<init>(111)) - Hadoop Security Enabled: false Ozone Security Enabled: false Ozone HTTP Security Enabled: false 
2023-03-29 21:17:56,081 [Listener at 127.0.0.1/41565] WARN  server.AuthenticationFilter (AuthenticationFilter.java:constructSecretProvider(240)) - Unable to initialize FileSignerSecretProvider, falling back to use random secrets. Reason: Could not read signature secret file: /home/runner/hadoop-http-auth-signature-secret
2023-03-29 21:17:56,084 [Listener at 127.0.0.1/41565] WARN  http.HttpRequestLog (HttpRequestLog.java:getRequestLog(103)) - Jetty request log can only be enabled using Log4j
2023-03-29 21:17:56,086 [Listener at 127.0.0.1/41565] INFO  http.HttpServer2 (HttpServer2.java:addGlobalFilter(1031)) - Added global filter 'safety' (class=org.apache.hadoop.hdds.server.http.HttpServer2$QuotingInputFilter)
2023-03-29 21:17:56,086 [Listener at 127.0.0.1/41565] INFO  http.HttpServer2 (HttpServer2.java:addFilter(1007)) - Added filter static_user_filter (class=org.apache.hadoop.http.lib.StaticUserWebFilter$StaticUserFilter) to context hddsDatanode
2023-03-29 21:17:56,087 [Listener at 127.0.0.1/41565] INFO  http.HttpServer2 (HttpServer2.java:addFilter(1015)) - Added filter static_user_filter (class=org.apache.hadoop.http.lib.StaticUserWebFilter$StaticUserFilter) to context logs
2023-03-29 21:17:56,087 [Listener at 127.0.0.1/41565] INFO  http.HttpServer2 (HttpServer2.java:addFilter(1015)) - Added filter static_user_filter (class=org.apache.hadoop.http.lib.StaticUserWebFilter$StaticUserFilter) to context static
2023-03-29 21:17:56,087 [Listener at 127.0.0.1/41565] INFO  http.BaseHttpServer (BaseHttpServer.java:<init>(190)) - HTTP server of hddsDatanode uses base directory /home/runner/work/ozone/ozone/hadoop-ozone/integration-test/target/test-dir/MiniOzoneClusterImpl-629b745a-ec3f-4e94-8d3b-29fcb714514f/datanode-0/meta/webserver
2023-03-29 21:17:56,087 [Listener at 127.0.0.1/41565] INFO  http.HttpServer2 (HttpServer2.java:bindListener(1250)) - Jetty bound to port 45301
2023-03-29 21:17:56,087 [Listener at 127.0.0.1/41565] INFO  server.Server (Server.java:doStart(375)) - jetty-9.4.49.v20220914; built: 2022-09-14T01:07:36.601Z; git: 4231a3b2e4cb8548a412a789936d640a97b1aa0a; jvm 1.8.0_362-b09
2023-03-29 21:17:56,090 [Listener at 127.0.0.1/41565] INFO  server.session (DefaultSessionIdManager.java:doStart(334)) - DefaultSessionIdManager workerName=node0
2023-03-29 21:17:56,090 [Listener at 127.0.0.1/41565] INFO  server.session (DefaultSessionIdManager.java:doStart(339)) - No SessionScavenger set, using defaults
2023-03-29 21:17:56,091 [Listener at 127.0.0.1/41565] INFO  server.session (HouseKeeper.java:startScavenging(132)) - node0 Scavenging every 600000ms
2023-03-29 21:17:56,092 [Listener at 127.0.0.1/41565] INFO  handler.ContextHandler (ContextHandler.java:doStart(921)) - Started o.e.j.s.ServletContextHandler@493b5328{logs,/logs,file:///home/runner/work/ozone/ozone/hadoop-ozone/integration-test/target/log,AVAILABLE}
2023-03-29 21:17:56,092 [Listener at 127.0.0.1/41565] INFO  handler.ContextHandler (ContextHandler.java:doStart(921)) - Started o.e.j.s.ServletContextHandler@5216c093{static,/static,jar:file:/home/runner/.m2/repository/org/apache/ozone/hdds-container-service/1.4.0-SNAPSHOT/hdds-container-service-1.4.0-SNAPSHOT.jar!/webapps/static,AVAILABLE}
2023-03-29 21:17:56,335 [Listener at 127.0.0.1/41565] INFO  handler.ContextHandler (ContextHandler.java:doStart(921)) - Started o.e.j.w.WebAppContext@35b2e145{hddsDatanode,/,file:///home/runner/work/ozone/ozone/hadoop-ozone/integration-test/target/test-dir/MiniOzoneClusterImpl-629b745a-ec3f-4e94-8d3b-29fcb714514f/datanode-0/meta/webserver/jetty-0_0_0_0-45301-hdds-container-service-1_4_0-SNAPSHOT_jar-_-any-4418781923241694881/webapp/,AVAILABLE}{jar:file:/home/runner/.m2/repository/org/apache/ozone/hdds-container-service/1.4.0-SNAPSHOT/hdds-container-service-1.4.0-SNAPSHOT.jar!/webapps/hddsDatanode}
2023-03-29 21:17:56,336 [Listener at 127.0.0.1/41565] INFO  server.AbstractConnector (AbstractConnector.java:doStart(333)) - Started ServerConnector@619cec1d{HTTP/1.1, (http/1.1)}{0.0.0.0:45301}
2023-03-29 21:17:56,337 [Listener at 127.0.0.1/41565] INFO  server.Server (Server.java:doStart(415)) - Started @130102ms
2023-03-29 21:17:56,337 [Listener at 127.0.0.1/41565] WARN  impl.MetricsSystemImpl (MetricsSystemImpl.java:register(279)) - Sink prometheus already exists!
2023-03-29 21:17:56,338 [Listener at 127.0.0.1/41565] INFO  http.BaseHttpServer (BaseHttpServer.java:updateConnectorAddress(344)) - HTTP server of hddsDatanode listening at http://0.0.0.0:45301
2023-03-29 21:17:56,341 [Listener at 127.0.0.1/41565] WARN  impl.MetricRegistriesImpl (MetricRegistriesImpl.java:addReporterRegistration(111)) - New reporters are added after registries were created. Some metrics will be missing from the reporter. Please add reporter before adding any new registry.
2023-03-29 21:17:56,342 [Listener at 127.0.0.1/41565] WARN  impl.MetricRegistriesImpl (MetricRegistriesImpl.java:addReporterRegistration(111)) - New reporters are added after registries were created. Some metrics will be missing from the reporter. Please add reporter before adding any new registry.
2023-03-29 21:17:56,342 [Listener at 127.0.0.1/41565] INFO  impl.MetricsSystemImpl (MetricsSystemImpl.java:init(158)) - HddsDatanode metrics system started (again)
2023-03-29 21:17:56,346 [Datanode State Machine Daemon Thread] INFO  statemachine.DatanodeStateMachine (DatanodeStateMachine.java:lambda$startDaemon$0(517)) - Ozone container server started.
2023-03-29 21:17:56,361 [org.apache.hadoop.util.JvmPauseMonitor$Monitor@372b2d99] INFO  util.JvmPauseMonitor (JvmPauseMonitor.java:run(188)) - Starting JVM pause monitor
2023-03-29 21:17:56,372 [Listener at 127.0.0.1/41565] INFO  ozone.HddsDatanodeService (HddsDatanodeService.java:start(249)) - HddsDatanodeService host:fv-az308-773 ip:10.1.0.17
2023-03-29 21:17:56,385 [Datanode State Machine Task Thread - 0] INFO  datanode.InitDatanodeState (InitDatanodeState.java:persistContainerDatanodeDetails(138)) - DatanodeDetails is persisted to /home/runner/work/ozone/ozone/hadoop-ozone/integration-test/target/test-dir/MiniOzoneClusterImpl-629b745a-ec3f-4e94-8d3b-29fcb714514f/datanode-0/meta/datanode.id
2023-03-29 21:17:56,401 [Listener at 127.0.0.1/41565] INFO  upgrade.AbstractLayoutVersionManager (AbstractLayoutVersionManager.java:init(83)) - Initializing Layout version manager with metadata layout = DATANODE_SCHEMA_V3 (version = 4), software layout = DATANODE_SCHEMA_V3 (version = 4)
2023-03-29 21:17:56,453 [Listener at 127.0.0.1/41565] INFO  reflections.Reflections (Reflections.java:scan(232)) - Reflections took 50 ms to scan 7 urls, producing 155 keys and 368 values 
2023-03-29 21:17:56,456 [Listener at 127.0.0.1/41565] INFO  statemachine.DatanodeStateMachine (DatanodeStateMachine.java:getEndPointTaskThreadPoolSize(260)) - Datanode State Machine Task Thread Pool size 2
2023-03-29 21:17:56,467 [Listener at 127.0.0.1/41565] INFO  volume.HddsVolume (HddsVolume.java:<init>(130)) - Creating HddsVolume: /home/runner/work/ozone/ozone/hadoop-ozone/integration-test/target/test-dir/MiniOzoneClusterImpl-629b745a-ec3f-4e94-8d3b-29fcb714514f/datanode-1/data-0/containers/hdds of storage type : DISK capacity : 9223372036854775807
2023-03-29 21:17:56,468 [Listener at 127.0.0.1/41565] INFO  volume.MutableVolumeSet (MutableVolumeSet.java:initializeVolumeSet(175)) - Added Volume : /home/runner/work/ozone/ozone/hadoop-ozone/integration-test/target/test-dir/MiniOzoneClusterImpl-629b745a-ec3f-4e94-8d3b-29fcb714514f/datanode-1/data-0/containers/hdds to VolumeSet
2023-03-29 21:17:56,468 [Listener at 127.0.0.1/41565] INFO  volume.ThrottledAsyncChecker (ThrottledAsyncChecker.java:schedule(141)) - Scheduling a check for /home/runner/work/ozone/ozone/hadoop-ozone/integration-test/target/test-dir/MiniOzoneClusterImpl-629b745a-ec3f-4e94-8d3b-29fcb714514f/datanode-1/data-0/containers/hdds
2023-03-29 21:17:56,471 [Listener at 127.0.0.1/41565] INFO  volume.StorageVolumeChecker (StorageVolumeChecker.java:checkAllVolumes(202)) - Scheduled health check for volume /home/runner/work/ozone/ozone/hadoop-ozone/integration-test/target/test-dir/MiniOzoneClusterImpl-629b745a-ec3f-4e94-8d3b-29fcb714514f/datanode-1/data-0/containers/hdds
2023-03-29 21:17:56,486 [Listener at 127.0.0.1/41565] INFO  volume.MutableVolumeSet (MutableVolumeSet.java:initializeVolumeSet(175)) - Added Volume : /home/runner/work/ozone/ozone/hadoop-ozone/integration-test/target/test-dir/MiniOzoneClusterImpl-629b745a-ec3f-4e94-8d3b-29fcb714514f/datanode-1/data/ratis to VolumeSet
2023-03-29 21:17:56,487 [Listener at 127.0.0.1/41565] INFO  volume.ThrottledAsyncChecker (ThrottledAsyncChecker.java:schedule(141)) - Scheduling a check for /home/runner/work/ozone/ozone/hadoop-ozone/integration-test/target/test-dir/MiniOzoneClusterImpl-629b745a-ec3f-4e94-8d3b-29fcb714514f/datanode-1/data/ratis
2023-03-29 21:17:56,487 [Listener at 127.0.0.1/41565] INFO  volume.StorageVolumeChecker (StorageVolumeChecker.java:checkAllVolumes(202)) - Scheduled health check for volume /home/runner/work/ozone/ozone/hadoop-ozone/integration-test/target/test-dir/MiniOzoneClusterImpl-629b745a-ec3f-4e94-8d3b-29fcb714514f/datanode-1/data/ratis
2023-03-29 21:17:56,500 [Thread-1455] INFO  ozoneimpl.ContainerReader (ContainerReader.java:readVolume(175)) - Finish verifying containers on volume /home/runner/work/ozone/ozone/hadoop-ozone/integration-test/target/test-dir/MiniOzoneClusterImpl-629b745a-ec3f-4e94-8d3b-29fcb714514f/datanode-1/data-0/containers/hdds
2023-03-29 21:17:56,500 [Listener at 127.0.0.1/41565] INFO  ozoneimpl.OzoneContainer (OzoneContainer.java:buildContainerSet(303)) - Build ContainerSet costs 0s
2023-03-29 21:17:56,503 [Listener at 127.0.0.1/41565] INFO  server.RaftServer (ConfUtils.java:logGet(46)) - raft.rpc.type = GRPC (default)
2023-03-29 21:17:56,503 [Listener at 127.0.0.1/41565] INFO  grpc.GrpcConfigKeys (ConfUtils.java:logFallback(53)) - raft.grpc.admin.host = null (fallback to raft.grpc.server.host)
2023-03-29 21:17:56,503 [Listener at 127.0.0.1/41565] INFO  grpc.GrpcConfigKeys (ConfUtils.java:logGet(46)) - raft.grpc.admin.port = 0 (custom)
2023-03-29 21:17:56,503 [Listener at 127.0.0.1/41565] INFO  grpc.GrpcConfigKeys (ConfUtils.java:logFallback(53)) - raft.grpc.client.host = null (fallback to raft.grpc.server.host)
2023-03-29 21:17:56,503 [Listener at 127.0.0.1/41565] INFO  grpc.GrpcConfigKeys (ConfUtils.java:logGet(46)) - raft.grpc.client.port = 0 (custom)
2023-03-29 21:17:56,504 [Listener at 127.0.0.1/41565] INFO  grpc.GrpcConfigKeys (ConfUtils.java:logGet(46)) - raft.grpc.server.host = null (default)
2023-03-29 21:17:56,504 [Listener at 127.0.0.1/41565] INFO  grpc.GrpcConfigKeys (ConfUtils.java:logGet(46)) - raft.grpc.server.port = 0 (default)
2023-03-29 21:17:56,504 [Listener at 127.0.0.1/41565] INFO  server.GrpcService (ConfUtils.java:logGet(46)) - raft.grpc.message.size.max = 32MB (=33554432) (custom)
2023-03-29 21:17:56,504 [Listener at 127.0.0.1/41565] INFO  server.RaftServerConfigKeys (ConfUtils.java:logGet(46)) - raft.server.log.appender.buffer.byte-limit = 33554432 (custom)
2023-03-29 21:17:56,504 [Listener at 127.0.0.1/41565] INFO  server.GrpcService (ConfUtils.java:logGet(46)) - raft.grpc.flow.control.window = 5MB (=5242880) (custom)
2023-03-29 21:17:56,504 [Listener at 127.0.0.1/41565] INFO  server.RaftServerConfigKeys (ConfUtils.java:logGet(46)) - raft.server.rpc.request.timeout = 60s (custom)
2023-03-29 21:17:56,504 [Listener at 127.0.0.1/41565] INFO  grpc.GrpcConfigKeys (ConfUtils.java:logGet(46)) - raft.grpc.server.heartbeat.channel = true (default)
2023-03-29 21:17:56,504 [Listener at 127.0.0.1/41565] INFO  grpc.GrpcConfigKeys (ConfUtils.java:logGet(46)) - raft.grpc.server.async.request.thread.pool.cached = true (default)
2023-03-29 21:17:56,504 [Listener at 127.0.0.1/41565] INFO  grpc.GrpcConfigKeys (ConfUtils.java:logGet(46)) - raft.grpc.server.async.request.thread.pool.size = 32 (default)
2023-03-29 21:17:56,508 [Listener at 127.0.0.1/41565] INFO  impl.DataStreamServerImpl (ConfUtils.java:logGet(46)) - raft.datastream.type = NETTY (custom)
2023-03-29 21:17:56,510 [Listener at 127.0.0.1/41565] INFO  server.RaftServerConfigKeys (ConfUtils.java:logGet(46)) - raft.server.data-stream.async.request.thread.pool.cached = false (default)
2023-03-29 21:17:56,510 [Listener at 127.0.0.1/41565] INFO  server.RaftServerConfigKeys (ConfUtils.java:logGet(46)) - raft.server.data-stream.async.request.thread.pool.size = 20 (custom)
2023-03-29 21:17:56,510 [Listener at 127.0.0.1/41565] INFO  server.RaftServerConfigKeys (ConfUtils.java:logGet(46)) - raft.server.data-stream.async.write.thread.pool.size = 16 (default)
2023-03-29 21:17:56,510 [Listener at 127.0.0.1/41565] INFO  server.RaftServerConfigKeys (ConfUtils.java:logGet(46)) - raft.server.data-stream.client.pool.size = 10 (default)
2023-03-29 21:17:56,510 [Listener at 127.0.0.1/41565] INFO  netty.NettyConfigKeys$DataStream (ConfUtils.java:logGet(46)) - raft.netty.dataStream.server.use-epoll = false (default)
2023-03-29 21:17:56,510 [Listener at 127.0.0.1/41565] INFO  netty.NettyConfigKeys$DataStream (ConfUtils.java:logGet(46)) - raft.netty.dataStream.server.boss-group.size = 0 (default)
2023-03-29 21:17:56,511 [Listener at 127.0.0.1/41565] INFO  netty.NettyConfigKeys$DataStream (ConfUtils.java:logGet(46)) - raft.netty.dataStream.server.worker-group.size = 0 (default)
2023-03-29 21:17:56,512 [Listener at 127.0.0.1/41565] INFO  netty.NettyConfigKeys$DataStream (ConfUtils.java:logGet(46)) - raft.netty.dataStream.server.tls.conf = null (default)
2023-03-29 21:17:56,512 [Listener at 127.0.0.1/41565] INFO  netty.NettyConfigKeys$DataStream (ConfUtils.java:logGet(46)) - raft.netty.dataStream.host = null (default)
2023-03-29 21:17:56,512 [Listener at 127.0.0.1/41565] INFO  netty.NettyConfigKeys$DataStream (ConfUtils.java:logGet(46)) - raft.netty.dataStream.port = 0 (default)
2023-03-29 21:17:56,513 [Listener at 127.0.0.1/41565] INFO  server.RaftServerConfigKeys (ConfUtils.java:logGet(46)) - raft.server.threadpool.proxy.cached = true (default)
2023-03-29 21:17:56,513 [Listener at 127.0.0.1/41565] INFO  server.RaftServerConfigKeys (ConfUtils.java:logGet(46)) - raft.server.threadpool.proxy.size = 0 (default)
2023-03-29 21:17:56,513 [Listener at 127.0.0.1/41565] INFO  server.RaftServerConfigKeys (ConfUtils.java:logGet(46)) - raft.server.rpc.slowness.timeout = 300s (custom)
2023-03-29 21:17:56,513 [Listener at 127.0.0.1/41565] INFO  server.RaftServerConfigKeys (ConfUtils.java:logGet(46)) - raft.server.leaderelection.leader.step-down.wait-time = 10s (default)
2023-03-29 21:17:56,513 [Listener at 127.0.0.1/41565] INFO  server.RaftServerConfigKeys (ConfUtils.java:logGet(46)) - raft.server.storage.dir = [/home/runner/work/ozone/ozone/hadoop-ozone/integration-test/target/test-dir/MiniOzoneClusterImpl-629b745a-ec3f-4e94-8d3b-29fcb714514f/datanode-1/data/ratis] (custom)
2023-03-29 21:17:56,514 [eb720a23-75c3-467a-80ae-faa20a4fdf41-NettyServerStreamRpc-bossGroup--thread1] INFO  logging.LoggingHandler (AbstractInternalLogger.java:log(148)) - [id: 0xd3854b65] REGISTERED
2023-03-29 21:17:56,515 [eb720a23-75c3-467a-80ae-faa20a4fdf41-NettyServerStreamRpc-bossGroup--thread1] INFO  logging.LoggingHandler (AbstractInternalLogger.java:log(148)) - [id: 0xd3854b65] BIND: 0.0.0.0/0.0.0.0:0
2023-03-29 21:17:56,515 [eb720a23-75c3-467a-80ae-faa20a4fdf41-NettyServerStreamRpc-bossGroup--thread1] INFO  logging.LoggingHandler (AbstractInternalLogger.java:log(148)) - [id: 0xd3854b65, L:/0:0:0:0:0:0:0:0:45805] ACTIVE
2023-03-29 21:17:56,517 [Listener at 127.0.0.1/41565] INFO  server.XceiverServerGrpc (XceiverServerGrpc.java:<init>(132)) - GrpcServer channel type EpollServerSocketChannel
2023-03-29 21:17:56,521 [Listener at 127.0.0.1/41565] INFO  http.BaseHttpServer (BaseHttpServer.java:newHttpServer2BuilderForOzone(224)) - Starting Web-server for hddsDatanode at: http://0.0.0.0:0
2023-03-29 21:17:56,521 [Listener at 127.0.0.1/41565] INFO  http.BaseHttpServer (BaseHttpServer.java:<init>(111)) - Hadoop Security Enabled: false Ozone Security Enabled: false Ozone HTTP Security Enabled: false 
2023-03-29 21:17:56,529 [Listener at 127.0.0.1/41565] WARN  server.AuthenticationFilter (AuthenticationFilter.java:constructSecretProvider(240)) - Unable to initialize FileSignerSecretProvider, falling back to use random secrets. Reason: Could not read signature secret file: /home/runner/hadoop-http-auth-signature-secret
2023-03-29 21:17:56,529 [Listener at 127.0.0.1/41565] WARN  http.HttpRequestLog (HttpRequestLog.java:getRequestLog(103)) - Jetty request log can only be enabled using Log4j
2023-03-29 21:17:56,530 [Listener at 127.0.0.1/41565] INFO  http.HttpServer2 (HttpServer2.java:addGlobalFilter(1031)) - Added global filter 'safety' (class=org.apache.hadoop.hdds.server.http.HttpServer2$QuotingInputFilter)
2023-03-29 21:17:56,538 [Listener at 127.0.0.1/41565] INFO  http.HttpServer2 (HttpServer2.java:addFilter(1007)) - Added filter static_user_filter (class=org.apache.hadoop.http.lib.StaticUserWebFilter$StaticUserFilter) to context hddsDatanode
2023-03-29 21:17:56,538 [Listener at 127.0.0.1/41565] INFO  http.HttpServer2 (HttpServer2.java:addFilter(1015)) - Added filter static_user_filter (class=org.apache.hadoop.http.lib.StaticUserWebFilter$StaticUserFilter) to context logs
2023-03-29 21:17:56,538 [Listener at 127.0.0.1/41565] INFO  http.HttpServer2 (HttpServer2.java:addFilter(1015)) - Added filter static_user_filter (class=org.apache.hadoop.http.lib.StaticUserWebFilter$StaticUserFilter) to context static
2023-03-29 21:17:56,539 [Listener at 127.0.0.1/41565] INFO  http.BaseHttpServer (BaseHttpServer.java:<init>(190)) - HTTP server of hddsDatanode uses base directory /home/runner/work/ozone/ozone/hadoop-ozone/integration-test/target/test-dir/MiniOzoneClusterImpl-629b745a-ec3f-4e94-8d3b-29fcb714514f/datanode-1/meta/webserver
2023-03-29 21:17:56,539 [Listener at 127.0.0.1/41565] INFO  http.HttpServer2 (HttpServer2.java:bindListener(1250)) - Jetty bound to port 36581
2023-03-29 21:17:56,539 [Listener at 127.0.0.1/41565] INFO  server.Server (Server.java:doStart(375)) - jetty-9.4.49.v20220914; built: 2022-09-14T01:07:36.601Z; git: 4231a3b2e4cb8548a412a789936d640a97b1aa0a; jvm 1.8.0_362-b09
2023-03-29 21:17:56,546 [Listener at 127.0.0.1/41565] INFO  server.session (DefaultSessionIdManager.java:doStart(334)) - DefaultSessionIdManager workerName=node0
2023-03-29 21:17:56,546 [Listener at 127.0.0.1/41565] INFO  server.session (DefaultSessionIdManager.java:doStart(339)) - No SessionScavenger set, using defaults
2023-03-29 21:17:56,552 [Listener at 127.0.0.1/41565] INFO  server.session (HouseKeeper.java:startScavenging(132)) - node0 Scavenging every 660000ms
2023-03-29 21:17:56,553 [Listener at 127.0.0.1/41565] INFO  handler.ContextHandler (ContextHandler.java:doStart(921)) - Started o.e.j.s.ServletContextHandler@31575b06{logs,/logs,file:///home/runner/work/ozone/ozone/hadoop-ozone/integration-test/target/log,AVAILABLE}
2023-03-29 21:17:56,553 [Listener at 127.0.0.1/41565] INFO  handler.ContextHandler (ContextHandler.java:doStart(921)) - Started o.e.j.s.ServletContextHandler@22eb1d75{static,/static,jar:file:/home/runner/.m2/repository/org/apache/ozone/hdds-container-service/1.4.0-SNAPSHOT/hdds-container-service-1.4.0-SNAPSHOT.jar!/webapps/static,AVAILABLE}
2023-03-29 21:17:56,771 [Listener at 127.0.0.1/41565] INFO  handler.ContextHandler (ContextHandler.java:doStart(921)) - Started o.e.j.w.WebAppContext@77de03a3{hddsDatanode,/,file:///home/runner/work/ozone/ozone/hadoop-ozone/integration-test/target/test-dir/MiniOzoneClusterImpl-629b745a-ec3f-4e94-8d3b-29fcb714514f/datanode-1/meta/webserver/jetty-0_0_0_0-36581-hdds-container-service-1_4_0-SNAPSHOT_jar-_-any-5911675027223219942/webapp/,AVAILABLE}{jar:file:/home/runner/.m2/repository/org/apache/ozone/hdds-container-service/1.4.0-SNAPSHOT/hdds-container-service-1.4.0-SNAPSHOT.jar!/webapps/hddsDatanode}
2023-03-29 21:17:56,775 [Listener at 127.0.0.1/41565] INFO  server.AbstractConnector (AbstractConnector.java:doStart(333)) - Started ServerConnector@66e10344{HTTP/1.1, (http/1.1)}{0.0.0.0:36581}
2023-03-29 21:17:56,775 [Listener at 127.0.0.1/41565] INFO  server.Server (Server.java:doStart(415)) - Started @130541ms
2023-03-29 21:17:56,775 [Listener at 127.0.0.1/41565] WARN  impl.MetricsSystemImpl (MetricsSystemImpl.java:register(279)) - Sink prometheus already exists!
2023-03-29 21:17:56,776 [Listener at 127.0.0.1/41565] INFO  http.BaseHttpServer (BaseHttpServer.java:updateConnectorAddress(344)) - HTTP server of hddsDatanode listening at http://0.0.0.0:36581
2023-03-29 21:17:56,776 [Listener at 127.0.0.1/41565] WARN  impl.MetricRegistriesImpl (MetricRegistriesImpl.java:addReporterRegistration(111)) - New reporters are added after registries were created. Some metrics will be missing from the reporter. Please add reporter before adding any new registry.
2023-03-29 21:17:56,777 [Listener at 127.0.0.1/41565] WARN  impl.MetricRegistriesImpl (MetricRegistriesImpl.java:addReporterRegistration(111)) - New reporters are added after registries were created. Some metrics will be missing from the reporter. Please add reporter before adding any new registry.
2023-03-29 21:17:56,777 [Listener at 127.0.0.1/41565] INFO  impl.MetricsSystemImpl (MetricsSystemImpl.java:init(158)) - HddsDatanode metrics system started (again)
2023-03-29 21:17:56,783 [Datanode State Machine Daemon Thread] INFO  statemachine.DatanodeStateMachine (DatanodeStateMachine.java:lambda$startDaemon$0(517)) - Ozone container server started.
2023-03-29 21:17:56,800 [Listener at 127.0.0.1/41565] INFO  ozone.HddsDatanodeService (HddsDatanodeService.java:start(249)) - HddsDatanodeService host:fv-az308-773 ip:10.1.0.17
2023-03-29 21:17:56,809 [org.apache.hadoop.util.JvmPauseMonitor$Monitor@1ae28809] INFO  util.JvmPauseMonitor (JvmPauseMonitor.java:run(188)) - Starting JVM pause monitor
2023-03-29 21:17:56,819 [Datanode State Machine Task Thread - 0] INFO  datanode.InitDatanodeState (InitDatanodeState.java:persistContainerDatanodeDetails(138)) - DatanodeDetails is persisted to /home/runner/work/ozone/ozone/hadoop-ozone/integration-test/target/test-dir/MiniOzoneClusterImpl-629b745a-ec3f-4e94-8d3b-29fcb714514f/datanode-1/meta/datanode.id
2023-03-29 21:17:56,829 [Listener at 127.0.0.1/41565] INFO  upgrade.AbstractLayoutVersionManager (AbstractLayoutVersionManager.java:init(83)) - Initializing Layout version manager with metadata layout = DATANODE_SCHEMA_V3 (version = 4), software layout = DATANODE_SCHEMA_V3 (version = 4)
2023-03-29 21:17:56,838 [om1@group-C5BA1605619E-FollowerState] INFO  impl.FollowerState (FollowerState.java:run(143)) - om1@group-C5BA1605619E-FollowerState: change to CANDIDATE, lastRpcElapsedTime:1125608297ns, electionTimeout:1124ms
2023-03-29 21:17:56,838 [om1@group-C5BA1605619E-FollowerState] INFO  impl.RoleInfo (RoleInfo.java:shutdownFollowerState(110)) - om1: shutdown om1@group-C5BA1605619E-FollowerState
2023-03-29 21:17:56,838 [om1@group-C5BA1605619E-FollowerState] INFO  server.RaftServer$Division (RaftServerImpl.java:setRole(321)) - om1@group-C5BA1605619E: changes role from  FOLLOWER to CANDIDATE at term 0 for changeToCandidate
2023-03-29 21:17:56,839 [om1@group-C5BA1605619E-FollowerState] INFO  server.RaftServerConfigKeys (ConfUtils.java:logGet(46)) - raft.server.leaderelection.pre-vote = true (default)
2023-03-29 21:17:56,839 [om1@group-C5BA1605619E-FollowerState] INFO  impl.RoleInfo (RoleInfo.java:updateAndGet(139)) - om1: start om1@group-C5BA1605619E-LeaderElection19
2023-03-29 21:17:56,847 [om1@group-C5BA1605619E-LeaderElection19] INFO  impl.LeaderElection (LeaderElection.java:askForVotes(312)) - om1@group-C5BA1605619E-LeaderElection19 PRE_VOTE round 0: submit vote requests at term 0 for -1: peers:[om1|rpc:localhost:9872|priority:0|startupRole:FOLLOWER]|listeners:[], old=null
2023-03-29 21:17:56,847 [om1@group-C5BA1605619E-LeaderElection19] INFO  impl.LeaderElection (LeaderElection.java:askForVotes(314)) - om1@group-C5BA1605619E-LeaderElection19 PRE_VOTE round 0: result PASSED (term=0)
2023-03-29 21:17:56,848 [om1@group-C5BA1605619E-LeaderElection19] INFO  impl.LeaderElection (LeaderElection.java:askForVotes(312)) - om1@group-C5BA1605619E-LeaderElection19 ELECTION round 0: submit vote requests at term 1 for -1: peers:[om1|rpc:localhost:9872|priority:0|startupRole:FOLLOWER]|listeners:[], old=null
2023-03-29 21:17:56,848 [om1@group-C5BA1605619E-LeaderElection19] INFO  impl.LeaderElection (LeaderElection.java:askForVotes(314)) - om1@group-C5BA1605619E-LeaderElection19 ELECTION round 0: result PASSED (term=1)
2023-03-29 21:17:56,848 [om1@group-C5BA1605619E-LeaderElection19] INFO  impl.RoleInfo (RoleInfo.java:shutdownLeaderElection(130)) - om1: shutdown om1@group-C5BA1605619E-LeaderElection19
2023-03-29 21:17:56,849 [om1@group-C5BA1605619E-LeaderElection19] INFO  server.RaftServer$Division (RaftServerImpl.java:setRole(321)) - om1@group-C5BA1605619E: changes role from CANDIDATE to LEADER at term 1 for changeToLeader
2023-03-29 21:17:56,850 [om1@group-C5BA1605619E-LeaderElection19] INFO  server.RaftServer$Division (ServerState.java:setLeader(313)) - om1@group-C5BA1605619E: change Leader from null to om1 at term 1 for becomeLeader, leader elected after 1688ms
2023-03-29 21:17:56,850 [om1@group-C5BA1605619E-LeaderElection19] INFO  server.RaftServerConfigKeys (ConfUtils.java:logGet(46)) - raft.server.staging.catchup.gap = 1000 (default)
2023-03-29 21:17:56,850 [om1@group-C5BA1605619E-LeaderElection19] INFO  server.RaftServerConfigKeys (ConfUtils.java:logGet(46)) - raft.server.write.element-limit = 4096 (default)
2023-03-29 21:17:56,850 [om1@group-C5BA1605619E-LeaderElection19] INFO  server.RaftServerConfigKeys (ConfUtils.java:logGet(46)) - raft.server.write.byte-limit = 64MB (=67108864) (default)
2023-03-29 21:17:56,852 [om1@group-C5BA1605619E-LeaderElection19] INFO  server.RaftServerConfigKeys (ConfUtils.java:logGet(46)) - raft.server.watch.timeout = 10s (default)
2023-03-29 21:17:56,852 [om1@group-C5BA1605619E-LeaderElection19] INFO  server.RaftServerConfigKeys (ConfUtils.java:logGet(46)) - raft.server.watch.timeout.denomination = 1s (default)
2023-03-29 21:17:56,852 [om1@group-C5BA1605619E-LeaderElection19] INFO  server.RaftServerConfigKeys (ConfUtils.java:logGet(46)) - raft.server.watch.element-limit = 65536 (default)
2023-03-29 21:17:56,852 [om1@group-C5BA1605619E-LeaderElection19] INFO  server.RaftServerConfigKeys (ConfUtils.java:logGet(46)) - raft.server.write.element-limit = 4096 (default)
2023-03-29 21:17:56,852 [om1@group-C5BA1605619E-LeaderElection19] INFO  server.RaftServerConfigKeys (ConfUtils.java:logGet(46)) - raft.server.write.follower.gap.ratio.max = -1.0 (default)
2023-03-29 21:17:56,852 [om1@group-C5BA1605619E-LeaderElection19] INFO  impl.RoleInfo (RoleInfo.java:updateAndGet(139)) - om1: start om1@group-C5BA1605619E-LeaderStateImpl
2023-03-29 21:17:56,852 [om1@group-C5BA1605619E-LeaderElection19] INFO  segmented.SegmentedRaftLogWorker (SegmentedRaftLogWorker.java:startLogSegment(452)) - om1@group-C5BA1605619E-SegmentedRaftLogWorker: Starting segment from index:0
2023-03-29 21:17:56,869 [om1@group-C5BA1605619E-LeaderElection19] INFO  server.RaftServer$Division (ServerState.java:setRaftConf(430)) - om1@group-C5BA1605619E: set configuration 0: peers:[om1|rpc:localhost:9872|admin:|client:|dataStream:|priority:0|startupRole:FOLLOWER]|listeners:[], old=null
2023-03-29 21:17:56,869 [om1@group-C5BA1605619E-SegmentedRaftLogWorker] INFO  segmented.SegmentedRaftLogWorker (SegmentedRaftLogWorker.java:execute(656)) - om1@group-C5BA1605619E-SegmentedRaftLogWorker: created new log segment /home/runner/work/ozone/ozone/hadoop-ozone/integration-test/target/test-dir/MiniOzoneClusterImpl-629b745a-ec3f-4e94-8d3b-29fcb714514f/ozone-meta/ratis/bf265839-605b-3f16-9796-c5ba1605619e/current/log_inprogress_0
2023-03-29 21:17:56,882 [om1@group-C5BA1605619E-StateMachineUpdater] INFO  ratis.OzoneManagerStateMachine (OzoneManagerStateMachine.java:notifyConfigurationChanged(192)) - Received Configuration change notification from Ratis. New Peer list:
[id: "om1"
address: "localhost:9872"
startupRole: FOLLOWER
]
2023-03-29 21:17:56,891 [Listener at 127.0.0.1/41565] INFO  reflections.Reflections (Reflections.java:scan(232)) - Reflections took 61 ms to scan 7 urls, producing 155 keys and 368 values 
2023-03-29 21:17:56,892 [Listener at 127.0.0.1/41565] INFO  statemachine.DatanodeStateMachine (DatanodeStateMachine.java:getEndPointTaskThreadPoolSize(260)) - Datanode State Machine Task Thread Pool size 2
2023-03-29 21:17:56,894 [Listener at 127.0.0.1/41565] INFO  volume.HddsVolume (HddsVolume.java:<init>(130)) - Creating HddsVolume: /home/runner/work/ozone/ozone/hadoop-ozone/integration-test/target/test-dir/MiniOzoneClusterImpl-629b745a-ec3f-4e94-8d3b-29fcb714514f/datanode-2/data-0/containers/hdds of storage type : DISK capacity : 9223372036854775807
2023-03-29 21:17:56,894 [Listener at 127.0.0.1/41565] INFO  volume.MutableVolumeSet (MutableVolumeSet.java:initializeVolumeSet(175)) - Added Volume : /home/runner/work/ozone/ozone/hadoop-ozone/integration-test/target/test-dir/MiniOzoneClusterImpl-629b745a-ec3f-4e94-8d3b-29fcb714514f/datanode-2/data-0/containers/hdds to VolumeSet
2023-03-29 21:17:56,894 [Listener at 127.0.0.1/41565] INFO  volume.ThrottledAsyncChecker (ThrottledAsyncChecker.java:schedule(141)) - Scheduling a check for /home/runner/work/ozone/ozone/hadoop-ozone/integration-test/target/test-dir/MiniOzoneClusterImpl-629b745a-ec3f-4e94-8d3b-29fcb714514f/datanode-2/data-0/containers/hdds
2023-03-29 21:17:56,896 [Listener at 127.0.0.1/41565] INFO  volume.StorageVolumeChecker (StorageVolumeChecker.java:checkAllVolumes(202)) - Scheduled health check for volume /home/runner/work/ozone/ozone/hadoop-ozone/integration-test/target/test-dir/MiniOzoneClusterImpl-629b745a-ec3f-4e94-8d3b-29fcb714514f/datanode-2/data-0/containers/hdds
2023-03-29 21:17:56,908 [Listener at 127.0.0.1/41565] INFO  volume.MutableVolumeSet (MutableVolumeSet.java:initializeVolumeSet(175)) - Added Volume : /home/runner/work/ozone/ozone/hadoop-ozone/integration-test/target/test-dir/MiniOzoneClusterImpl-629b745a-ec3f-4e94-8d3b-29fcb714514f/datanode-2/data/ratis to VolumeSet
2023-03-29 21:17:56,908 [Listener at 127.0.0.1/41565] INFO  volume.ThrottledAsyncChecker (ThrottledAsyncChecker.java:schedule(141)) - Scheduling a check for /home/runner/work/ozone/ozone/hadoop-ozone/integration-test/target/test-dir/MiniOzoneClusterImpl-629b745a-ec3f-4e94-8d3b-29fcb714514f/datanode-2/data/ratis
2023-03-29 21:17:56,908 [Listener at 127.0.0.1/41565] INFO  volume.StorageVolumeChecker (StorageVolumeChecker.java:checkAllVolumes(202)) - Scheduled health check for volume /home/runner/work/ozone/ozone/hadoop-ozone/integration-test/target/test-dir/MiniOzoneClusterImpl-629b745a-ec3f-4e94-8d3b-29fcb714514f/datanode-2/data/ratis
2023-03-29 21:17:56,919 [Thread-1471] INFO  ozoneimpl.ContainerReader (ContainerReader.java:readVolume(175)) - Finish verifying containers on volume /home/runner/work/ozone/ozone/hadoop-ozone/integration-test/target/test-dir/MiniOzoneClusterImpl-629b745a-ec3f-4e94-8d3b-29fcb714514f/datanode-2/data-0/containers/hdds
2023-03-29 21:17:56,919 [Listener at 127.0.0.1/41565] INFO  ozoneimpl.OzoneContainer (OzoneContainer.java:buildContainerSet(303)) - Build ContainerSet costs 0s
2023-03-29 21:17:56,922 [Listener at 127.0.0.1/41565] INFO  server.RaftServer (ConfUtils.java:logGet(46)) - raft.rpc.type = GRPC (default)
2023-03-29 21:17:56,922 [Listener at 127.0.0.1/41565] INFO  grpc.GrpcConfigKeys (ConfUtils.java:logFallback(53)) - raft.grpc.admin.host = null (fallback to raft.grpc.server.host)
2023-03-29 21:17:56,922 [Listener at 127.0.0.1/41565] INFO  grpc.GrpcConfigKeys (ConfUtils.java:logGet(46)) - raft.grpc.admin.port = 0 (custom)
2023-03-29 21:17:56,922 [Listener at 127.0.0.1/41565] INFO  grpc.GrpcConfigKeys (ConfUtils.java:logFallback(53)) - raft.grpc.client.host = null (fallback to raft.grpc.server.host)
2023-03-29 21:17:56,922 [Listener at 127.0.0.1/41565] INFO  grpc.GrpcConfigKeys (ConfUtils.java:logGet(46)) - raft.grpc.client.port = 0 (custom)
2023-03-29 21:17:56,922 [Listener at 127.0.0.1/41565] INFO  grpc.GrpcConfigKeys (ConfUtils.java:logGet(46)) - raft.grpc.server.host = null (default)
2023-03-29 21:17:56,922 [Listener at 127.0.0.1/41565] INFO  grpc.GrpcConfigKeys (ConfUtils.java:logGet(46)) - raft.grpc.server.port = 0 (default)
2023-03-29 21:17:56,922 [Listener at 127.0.0.1/41565] INFO  server.GrpcService (ConfUtils.java:logGet(46)) - raft.grpc.message.size.max = 32MB (=33554432) (custom)
2023-03-29 21:17:56,922 [Listener at 127.0.0.1/41565] INFO  server.RaftServerConfigKeys (ConfUtils.java:logGet(46)) - raft.server.log.appender.buffer.byte-limit = 33554432 (custom)
2023-03-29 21:17:56,922 [Listener at 127.0.0.1/41565] INFO  server.GrpcService (ConfUtils.java:logGet(46)) - raft.grpc.flow.control.window = 5MB (=5242880) (custom)
2023-03-29 21:17:56,923 [Listener at 127.0.0.1/41565] INFO  server.RaftServerConfigKeys (ConfUtils.java:logGet(46)) - raft.server.rpc.request.timeout = 60s (custom)
2023-03-29 21:17:56,923 [Listener at 127.0.0.1/41565] INFO  grpc.GrpcConfigKeys (ConfUtils.java:logGet(46)) - raft.grpc.server.heartbeat.channel = true (default)
2023-03-29 21:17:56,923 [Listener at 127.0.0.1/41565] INFO  grpc.GrpcConfigKeys (ConfUtils.java:logGet(46)) - raft.grpc.server.async.request.thread.pool.cached = true (default)
2023-03-29 21:17:56,923 [Listener at 127.0.0.1/41565] INFO  grpc.GrpcConfigKeys (ConfUtils.java:logGet(46)) - raft.grpc.server.async.request.thread.pool.size = 32 (default)
2023-03-29 21:17:56,924 [Listener at 127.0.0.1/41565] INFO  impl.DataStreamServerImpl (ConfUtils.java:logGet(46)) - raft.datastream.type = NETTY (custom)
2023-03-29 21:17:56,924 [Listener at 127.0.0.1/41565] INFO  server.RaftServerConfigKeys (ConfUtils.java:logGet(46)) - raft.server.data-stream.async.request.thread.pool.cached = false (default)
2023-03-29 21:17:56,924 [Listener at 127.0.0.1/41565] INFO  server.RaftServerConfigKeys (ConfUtils.java:logGet(46)) - raft.server.data-stream.async.request.thread.pool.size = 20 (custom)
2023-03-29 21:17:56,924 [Listener at 127.0.0.1/41565] INFO  server.RaftServerConfigKeys (ConfUtils.java:logGet(46)) - raft.server.data-stream.async.write.thread.pool.size = 16 (default)
2023-03-29 21:17:56,924 [Listener at 127.0.0.1/41565] INFO  server.RaftServerConfigKeys (ConfUtils.java:logGet(46)) - raft.server.data-stream.client.pool.size = 10 (default)
2023-03-29 21:17:56,925 [Listener at 127.0.0.1/41565] INFO  netty.NettyConfigKeys$DataStream (ConfUtils.java:logGet(46)) - raft.netty.dataStream.server.use-epoll = false (default)
2023-03-29 21:17:56,925 [Listener at 127.0.0.1/41565] INFO  netty.NettyConfigKeys$DataStream (ConfUtils.java:logGet(46)) - raft.netty.dataStream.server.boss-group.size = 0 (default)
2023-03-29 21:17:56,925 [Listener at 127.0.0.1/41565] INFO  netty.NettyConfigKeys$DataStream (ConfUtils.java:logGet(46)) - raft.netty.dataStream.server.worker-group.size = 0 (default)
2023-03-29 21:17:56,925 [Listener at 127.0.0.1/41565] INFO  netty.NettyConfigKeys$DataStream (ConfUtils.java:logGet(46)) - raft.netty.dataStream.server.tls.conf = null (default)
2023-03-29 21:17:56,925 [Listener at 127.0.0.1/41565] INFO  netty.NettyConfigKeys$DataStream (ConfUtils.java:logGet(46)) - raft.netty.dataStream.host = null (default)
2023-03-29 21:17:56,926 [Listener at 127.0.0.1/41565] INFO  netty.NettyConfigKeys$DataStream (ConfUtils.java:logGet(46)) - raft.netty.dataStream.port = 0 (default)
2023-03-29 21:17:56,926 [Listener at 127.0.0.1/41565] INFO  server.RaftServerConfigKeys (ConfUtils.java:logGet(46)) - raft.server.threadpool.proxy.cached = true (default)
2023-03-29 21:17:56,926 [Listener at 127.0.0.1/41565] INFO  server.RaftServerConfigKeys (ConfUtils.java:logGet(46)) - raft.server.threadpool.proxy.size = 0 (default)
2023-03-29 21:17:56,926 [Listener at 127.0.0.1/41565] INFO  server.RaftServerConfigKeys (ConfUtils.java:logGet(46)) - raft.server.rpc.slowness.timeout = 300s (custom)
2023-03-29 21:17:56,926 [Listener at 127.0.0.1/41565] INFO  server.RaftServerConfigKeys (ConfUtils.java:logGet(46)) - raft.server.leaderelection.leader.step-down.wait-time = 10s (default)
2023-03-29 21:17:56,926 [Listener at 127.0.0.1/41565] INFO  server.RaftServerConfigKeys (ConfUtils.java:logGet(46)) - raft.server.storage.dir = [/home/runner/work/ozone/ozone/hadoop-ozone/integration-test/target/test-dir/MiniOzoneClusterImpl-629b745a-ec3f-4e94-8d3b-29fcb714514f/datanode-2/data/ratis] (custom)
2023-03-29 21:17:56,927 [5e0b76c9-98d4-42e7-bc08-714bac9b3108-NettyServerStreamRpc-bossGroup--thread1] INFO  logging.LoggingHandler (AbstractInternalLogger.java:log(148)) - [id: 0x13da98af] REGISTERED
2023-03-29 21:17:56,927 [5e0b76c9-98d4-42e7-bc08-714bac9b3108-NettyServerStreamRpc-bossGroup--thread1] INFO  logging.LoggingHandler (AbstractInternalLogger.java:log(148)) - [id: 0x13da98af] BIND: 0.0.0.0/0.0.0.0:0
2023-03-29 21:17:56,927 [5e0b76c9-98d4-42e7-bc08-714bac9b3108-NettyServerStreamRpc-bossGroup--thread1] INFO  logging.LoggingHandler (AbstractInternalLogger.java:log(148)) - [id: 0x13da98af, L:/0:0:0:0:0:0:0:0:39049] ACTIVE
2023-03-29 21:17:56,931 [Listener at 127.0.0.1/41565] INFO  server.XceiverServerGrpc (XceiverServerGrpc.java:<init>(132)) - GrpcServer channel type EpollServerSocketChannel
2023-03-29 21:17:56,939 [Listener at 127.0.0.1/41565] INFO  http.BaseHttpServer (BaseHttpServer.java:newHttpServer2BuilderForOzone(224)) - Starting Web-server for hddsDatanode at: http://0.0.0.0:0
2023-03-29 21:17:56,939 [Listener at 127.0.0.1/41565] INFO  http.BaseHttpServer (BaseHttpServer.java:<init>(111)) - Hadoop Security Enabled: false Ozone Security Enabled: false Ozone HTTP Security Enabled: false 
2023-03-29 21:17:56,940 [Listener at 127.0.0.1/41565] WARN  server.AuthenticationFilter (AuthenticationFilter.java:constructSecretProvider(240)) - Unable to initialize FileSignerSecretProvider, falling back to use random secrets. Reason: Could not read signature secret file: /home/runner/hadoop-http-auth-signature-secret
2023-03-29 21:17:56,942 [Listener at 127.0.0.1/41565] WARN  http.HttpRequestLog (HttpRequestLog.java:getRequestLog(103)) - Jetty request log can only be enabled using Log4j
2023-03-29 21:17:56,943 [Listener at 127.0.0.1/41565] INFO  http.HttpServer2 (HttpServer2.java:addGlobalFilter(1031)) - Added global filter 'safety' (class=org.apache.hadoop.hdds.server.http.HttpServer2$QuotingInputFilter)
2023-03-29 21:17:56,944 [Listener at 127.0.0.1/41565] INFO  http.HttpServer2 (HttpServer2.java:addFilter(1007)) - Added filter static_user_filter (class=org.apache.hadoop.http.lib.StaticUserWebFilter$StaticUserFilter) to context hddsDatanode
2023-03-29 21:17:56,944 [Listener at 127.0.0.1/41565] INFO  http.HttpServer2 (HttpServer2.java:addFilter(1015)) - Added filter static_user_filter (class=org.apache.hadoop.http.lib.StaticUserWebFilter$StaticUserFilter) to context logs
2023-03-29 21:17:56,944 [Listener at 127.0.0.1/41565] INFO  http.HttpServer2 (HttpServer2.java:addFilter(1015)) - Added filter static_user_filter (class=org.apache.hadoop.http.lib.StaticUserWebFilter$StaticUserFilter) to context static
2023-03-29 21:17:56,944 [Listener at 127.0.0.1/41565] INFO  http.BaseHttpServer (BaseHttpServer.java:<init>(190)) - HTTP server of hddsDatanode uses base directory /home/runner/work/ozone/ozone/hadoop-ozone/integration-test/target/test-dir/MiniOzoneClusterImpl-629b745a-ec3f-4e94-8d3b-29fcb714514f/datanode-2/meta/webserver
2023-03-29 21:17:56,944 [Listener at 127.0.0.1/41565] INFO  http.HttpServer2 (HttpServer2.java:bindListener(1250)) - Jetty bound to port 41051
2023-03-29 21:17:56,944 [Listener at 127.0.0.1/41565] INFO  server.Server (Server.java:doStart(375)) - jetty-9.4.49.v20220914; built: 2022-09-14T01:07:36.601Z; git: 4231a3b2e4cb8548a412a789936d640a97b1aa0a; jvm 1.8.0_362-b09
2023-03-29 21:17:56,948 [Listener at 127.0.0.1/41565] INFO  server.session (DefaultSessionIdManager.java:doStart(334)) - DefaultSessionIdManager workerName=node0
2023-03-29 21:17:56,949 [Listener at 127.0.0.1/41565] INFO  server.session (DefaultSessionIdManager.java:doStart(339)) - No SessionScavenger set, using defaults
2023-03-29 21:17:56,949 [Listener at 127.0.0.1/41565] INFO  server.session (HouseKeeper.java:startScavenging(132)) - node0 Scavenging every 600000ms
2023-03-29 21:17:56,949 [Listener at 127.0.0.1/41565] INFO  handler.ContextHandler (ContextHandler.java:doStart(921)) - Started o.e.j.s.ServletContextHandler@97ef9de{logs,/logs,file:///home/runner/work/ozone/ozone/hadoop-ozone/integration-test/target/log,AVAILABLE}
2023-03-29 21:17:56,950 [Listener at 127.0.0.1/41565] INFO  handler.ContextHandler (ContextHandler.java:doStart(921)) - Started o.e.j.s.ServletContextHandler@31e20472{static,/static,jar:file:/home/runner/.m2/repository/org/apache/ozone/hdds-container-service/1.4.0-SNAPSHOT/hdds-container-service-1.4.0-SNAPSHOT.jar!/webapps/static,AVAILABLE}
2023-03-29 21:17:57,157 [Listener at 127.0.0.1/41565] INFO  handler.ContextHandler (ContextHandler.java:doStart(921)) - Started o.e.j.w.WebAppContext@107427bf{hddsDatanode,/,file:///home/runner/work/ozone/ozone/hadoop-ozone/integration-test/target/test-dir/MiniOzoneClusterImpl-629b745a-ec3f-4e94-8d3b-29fcb714514f/datanode-2/meta/webserver/jetty-0_0_0_0-41051-hdds-container-service-1_4_0-SNAPSHOT_jar-_-any-1096466256563274672/webapp/,AVAILABLE}{jar:file:/home/runner/.m2/repository/org/apache/ozone/hdds-container-service/1.4.0-SNAPSHOT/hdds-container-service-1.4.0-SNAPSHOT.jar!/webapps/hddsDatanode}
2023-03-29 21:17:57,159 [Listener at 127.0.0.1/41565] INFO  server.AbstractConnector (AbstractConnector.java:doStart(333)) - Started ServerConnector@4f6c4793{HTTP/1.1, (http/1.1)}{0.0.0.0:41051}
2023-03-29 21:17:57,159 [Listener at 127.0.0.1/41565] INFO  server.Server (Server.java:doStart(415)) - Started @130925ms
2023-03-29 21:17:57,159 [Listener at 127.0.0.1/41565] WARN  impl.MetricsSystemImpl (MetricsSystemImpl.java:register(279)) - Sink prometheus already exists!
2023-03-29 21:17:57,160 [Listener at 127.0.0.1/41565] INFO  http.BaseHttpServer (BaseHttpServer.java:updateConnectorAddress(344)) - HTTP server of hddsDatanode listening at http://0.0.0.0:41051
2023-03-29 21:17:57,161 [Listener at 127.0.0.1/41565] INFO  ozone.MiniOzoneClusterImpl (MiniOzoneClusterImpl.java:lambda$waitForClusterToBeReady$0(222)) - Waiting for nodes to be ready. Got 0 of 3 DN Heartbeats.
2023-03-29 21:17:57,161 [Listener at 127.0.0.1/41565] INFO  ozone.MiniOzoneClusterImpl (MiniOzoneClusterImpl.java:lambda$waitForClusterToBeReady$0(225)) - Waiting for cluster to exit safe mode
2023-03-29 21:17:57,161 [Listener at 127.0.0.1/41565] INFO  ozone.MiniOzoneClusterImpl (MiniOzoneClusterImpl.java:lambda$waitForClusterToBeReady$0(227)) - SCM became leader
2023-03-29 21:17:57,162 [Datanode State Machine Daemon Thread] INFO  statemachine.DatanodeStateMachine (DatanodeStateMachine.java:lambda$startDaemon$0(517)) - Ozone container server started.
2023-03-29 21:17:57,169 [org.apache.hadoop.util.JvmPauseMonitor$Monitor@21e99aae] INFO  util.JvmPauseMonitor (JvmPauseMonitor.java:run(188)) - Starting JVM pause monitor
2023-03-29 21:17:57,172 [Datanode State Machine Task Thread - 0] INFO  datanode.InitDatanodeState (InitDatanodeState.java:persistContainerDatanodeDetails(138)) - DatanodeDetails is persisted to /home/runner/work/ozone/ozone/hadoop-ozone/integration-test/target/test-dir/MiniOzoneClusterImpl-629b745a-ec3f-4e94-8d3b-29fcb714514f/datanode-2/meta/datanode.id
2023-03-29 21:17:58,161 [Listener at 127.0.0.1/41565] INFO  ozone.MiniOzoneClusterImpl (MiniOzoneClusterImpl.java:lambda$waitForClusterToBeReady$0(222)) - Waiting for nodes to be ready. Got 0 of 3 DN Heartbeats.
2023-03-29 21:17:58,162 [Listener at 127.0.0.1/41565] INFO  ozone.MiniOzoneClusterImpl (MiniOzoneClusterImpl.java:lambda$waitForClusterToBeReady$0(225)) - Waiting for cluster to exit safe mode
2023-03-29 21:17:58,162 [Listener at 127.0.0.1/41565] INFO  ozone.MiniOzoneClusterImpl (MiniOzoneClusterImpl.java:lambda$waitForClusterToBeReady$0(227)) - SCM became leader
2023-03-29 21:17:58,394 [EndpointStateMachine task thread for /0.0.0.0:40451 - 0 ] INFO  utils.DatanodeStoreCache (DatanodeStoreCache.java:addDB(58)) - Added db /home/runner/work/ozone/ozone/hadoop-ozone/integration-test/target/test-dir/MiniOzoneClusterImpl-629b745a-ec3f-4e94-8d3b-29fcb714514f/datanode-0/data-0/containers/hdds/629b745a-ec3f-4e94-8d3b-29fcb714514f/DS-dfdfe06f-5c76-4e30-8c21-927e8875cbd7/container.db to cache
2023-03-29 21:17:58,397 [EndpointStateMachine task thread for /0.0.0.0:40451 - 0 ] INFO  volume.HddsVolume (HddsVolume.java:createDbStore(350)) - SchemaV3 db is created and loaded at /home/runner/work/ozone/ozone/hadoop-ozone/integration-test/target/test-dir/MiniOzoneClusterImpl-629b745a-ec3f-4e94-8d3b-29fcb714514f/datanode-0/data-0/containers/hdds/629b745a-ec3f-4e94-8d3b-29fcb714514f/DS-dfdfe06f-5c76-4e30-8c21-927e8875cbd7/container.db for volume DS-dfdfe06f-5c76-4e30-8c21-927e8875cbd7
2023-03-29 21:17:58,398 [EndpointStateMachine task thread for /0.0.0.0:40451 - 0 ] INFO  ozoneimpl.OzoneContainer (OzoneContainer.java:start(397)) - Attempting to start container services.
2023-03-29 21:17:58,398 [EndpointStateMachine task thread for /0.0.0.0:40451 - 0 ] INFO  ozoneimpl.OzoneContainer (OzoneContainer.java:startContainerScrub(314)) - Scheduled background container scanners and the on-demand container scanner have been disabled.
2023-03-29 21:17:58,401 [EndpointStateMachine task thread for /0.0.0.0:40451 - 0 ] INFO  replication.ReplicationServer (ReplicationServer.java:start(109)) - ReplicationServer is started using port 42769
2023-03-29 21:17:58,401 [EndpointStateMachine task thread for /0.0.0.0:40451 - 0 ] INFO  ratis.XceiverServerRatis (XceiverServerRatis.java:start(517)) - Starting XceiverServerRatis 80a21d94-395d-4af9-8da1-801cc4a84331
2023-03-29 21:17:58,402 [EndpointStateMachine task thread for /0.0.0.0:40451 - 0 ] INFO  server.RaftServer (RaftServerProxy.java:startImpl(393)) - 80a21d94-395d-4af9-8da1-801cc4a84331: start RPC server
2023-03-29 21:17:58,405 [EndpointStateMachine task thread for /0.0.0.0:40451 - 0 ] INFO  server.GrpcService (GrpcService.java:startImpl(262)) - 80a21d94-395d-4af9-8da1-801cc4a84331: GrpcService started, listening on 33111
2023-03-29 21:17:58,405 [EndpointStateMachine task thread for /0.0.0.0:40451 - 0 ] INFO  ratis.XceiverServerRatis (XceiverServerRatis.java:getRealPort(543)) - XceiverServerRatis 80a21d94-395d-4af9-8da1-801cc4a84331 is started using port 33111 for RATIS
2023-03-29 21:17:58,405 [JvmPauseMonitor13] INFO  util.JvmPauseMonitor (JvmPauseMonitor.java:run(105)) - JvmPauseMonitor-80a21d94-395d-4af9-8da1-801cc4a84331: Started
2023-03-29 21:17:58,406 [EndpointStateMachine task thread for /0.0.0.0:40451 - 0 ] INFO  ratis.XceiverServerRatis (XceiverServerRatis.java:getRealPort(543)) - XceiverServerRatis 80a21d94-395d-4af9-8da1-801cc4a84331 is started using port 33111 for RATIS_ADMIN
2023-03-29 21:17:58,406 [EndpointStateMachine task thread for /0.0.0.0:40451 - 0 ] INFO  ratis.XceiverServerRatis (XceiverServerRatis.java:getRealPort(543)) - XceiverServerRatis 80a21d94-395d-4af9-8da1-801cc4a84331 is started using port 33111 for RATIS_SERVER
2023-03-29 21:17:58,406 [EndpointStateMachine task thread for /0.0.0.0:40451 - 0 ] INFO  ratis.XceiverServerRatis (XceiverServerRatis.java:getRealPort(543)) - XceiverServerRatis 80a21d94-395d-4af9-8da1-801cc4a84331 is started using port 46045 for RATIS_DATASTREAM
2023-03-29 21:17:58,415 [EndpointStateMachine task thread for /0.0.0.0:40451 - 0 ] INFO  server.XceiverServerGrpc (XceiverServerGrpc.java:start(180)) - XceiverServerGrpc 80a21d94-395d-4af9-8da1-801cc4a84331 is started using port 36561
2023-03-29 21:17:58,417 [BlockDeletingService#0] INFO  interfaces.ContainerDeletionChoosingPolicyTemplate (ContainerDeletionChoosingPolicyTemplate.java:chooseContainerForBlockDeletion(83)) - Chosen 0/5000 blocks from 0 candidate containers.
2023-03-29 21:17:58,841 [EndpointStateMachine task thread for /0.0.0.0:40451 - 0 ] INFO  utils.DatanodeStoreCache (DatanodeStoreCache.java:addDB(58)) - Added db /home/runner/work/ozone/ozone/hadoop-ozone/integration-test/target/test-dir/MiniOzoneClusterImpl-629b745a-ec3f-4e94-8d3b-29fcb714514f/datanode-1/data-0/containers/hdds/629b745a-ec3f-4e94-8d3b-29fcb714514f/DS-16b05177-c4fd-4fb1-9eee-369cd340470b/container.db to cache
2023-03-29 21:17:58,841 [EndpointStateMachine task thread for /0.0.0.0:40451 - 0 ] INFO  volume.HddsVolume (HddsVolume.java:createDbStore(350)) - SchemaV3 db is created and loaded at /home/runner/work/ozone/ozone/hadoop-ozone/integration-test/target/test-dir/MiniOzoneClusterImpl-629b745a-ec3f-4e94-8d3b-29fcb714514f/datanode-1/data-0/containers/hdds/629b745a-ec3f-4e94-8d3b-29fcb714514f/DS-16b05177-c4fd-4fb1-9eee-369cd340470b/container.db for volume DS-16b05177-c4fd-4fb1-9eee-369cd340470b
2023-03-29 21:17:58,842 [EndpointStateMachine task thread for /0.0.0.0:40451 - 0 ] INFO  ozoneimpl.OzoneContainer (OzoneContainer.java:start(397)) - Attempting to start container services.
2023-03-29 21:17:58,842 [EndpointStateMachine task thread for /0.0.0.0:40451 - 0 ] INFO  ozoneimpl.OzoneContainer (OzoneContainer.java:startContainerScrub(314)) - Scheduled background container scanners and the on-demand container scanner have been disabled.
2023-03-29 21:17:58,852 [EndpointStateMachine task thread for /0.0.0.0:40451 - 0 ] INFO  replication.ReplicationServer (ReplicationServer.java:start(109)) - ReplicationServer is started using port 39235
2023-03-29 21:17:58,852 [EndpointStateMachine task thread for /0.0.0.0:40451 - 0 ] INFO  ratis.XceiverServerRatis (XceiverServerRatis.java:start(517)) - Starting XceiverServerRatis eb720a23-75c3-467a-80ae-faa20a4fdf41
2023-03-29 21:17:58,856 [EndpointStateMachine task thread for /0.0.0.0:40451 - 0 ] INFO  server.RaftServer (RaftServerProxy.java:startImpl(393)) - eb720a23-75c3-467a-80ae-faa20a4fdf41: start RPC server
2023-03-29 21:17:58,858 [EndpointStateMachine task thread for /0.0.0.0:40451 - 0 ] INFO  server.GrpcService (GrpcService.java:startImpl(262)) - eb720a23-75c3-467a-80ae-faa20a4fdf41: GrpcService started, listening on 41371
2023-03-29 21:17:58,859 [EndpointStateMachine task thread for /0.0.0.0:40451 - 0 ] INFO  ratis.XceiverServerRatis (XceiverServerRatis.java:getRealPort(543)) - XceiverServerRatis eb720a23-75c3-467a-80ae-faa20a4fdf41 is started using port 41371 for RATIS
2023-03-29 21:17:58,859 [EndpointStateMachine task thread for /0.0.0.0:40451 - 0 ] INFO  ratis.XceiverServerRatis (XceiverServerRatis.java:getRealPort(543)) - XceiverServerRatis eb720a23-75c3-467a-80ae-faa20a4fdf41 is started using port 41371 for RATIS_ADMIN
2023-03-29 21:17:58,859 [EndpointStateMachine task thread for /0.0.0.0:40451 - 0 ] INFO  ratis.XceiverServerRatis (XceiverServerRatis.java:getRealPort(543)) - XceiverServerRatis eb720a23-75c3-467a-80ae-faa20a4fdf41 is started using port 41371 for RATIS_SERVER
2023-03-29 21:17:58,859 [EndpointStateMachine task thread for /0.0.0.0:40451 - 0 ] INFO  ratis.XceiverServerRatis (XceiverServerRatis.java:getRealPort(543)) - XceiverServerRatis eb720a23-75c3-467a-80ae-faa20a4fdf41 is started using port 45805 for RATIS_DATASTREAM
2023-03-29 21:17:58,859 [JvmPauseMonitor14] INFO  util.JvmPauseMonitor (JvmPauseMonitor.java:run(105)) - JvmPauseMonitor-eb720a23-75c3-467a-80ae-faa20a4fdf41: Started
2023-03-29 21:17:58,863 [EndpointStateMachine task thread for /0.0.0.0:40451 - 0 ] INFO  server.XceiverServerGrpc (XceiverServerGrpc.java:start(180)) - XceiverServerGrpc eb720a23-75c3-467a-80ae-faa20a4fdf41 is started using port 34261
2023-03-29 21:17:58,865 [BlockDeletingService#0] INFO  interfaces.ContainerDeletionChoosingPolicyTemplate (ContainerDeletionChoosingPolicyTemplate.java:chooseContainerForBlockDeletion(83)) - Chosen 0/5000 blocks from 0 candidate containers.
2023-03-29 21:17:59,162 [Listener at 127.0.0.1/41565] INFO  ozone.MiniOzoneClusterImpl (MiniOzoneClusterImpl.java:lambda$waitForClusterToBeReady$0(222)) - Waiting for nodes to be ready. Got 0 of 3 DN Heartbeats.
2023-03-29 21:17:59,162 [Listener at 127.0.0.1/41565] INFO  ozone.MiniOzoneClusterImpl (MiniOzoneClusterImpl.java:lambda$waitForClusterToBeReady$0(225)) - Waiting for cluster to exit safe mode
2023-03-29 21:17:59,162 [Listener at 127.0.0.1/41565] INFO  ozone.MiniOzoneClusterImpl (MiniOzoneClusterImpl.java:lambda$waitForClusterToBeReady$0(227)) - SCM became leader
2023-03-29 21:17:59,201 [EndpointStateMachine task thread for /0.0.0.0:40451 - 0 ] INFO  utils.DatanodeStoreCache (DatanodeStoreCache.java:addDB(58)) - Added db /home/runner/work/ozone/ozone/hadoop-ozone/integration-test/target/test-dir/MiniOzoneClusterImpl-629b745a-ec3f-4e94-8d3b-29fcb714514f/datanode-2/data-0/containers/hdds/629b745a-ec3f-4e94-8d3b-29fcb714514f/DS-47e52894-c66c-48e9-be4b-324127f66956/container.db to cache
2023-03-29 21:17:59,202 [EndpointStateMachine task thread for /0.0.0.0:40451 - 0 ] INFO  volume.HddsVolume (HddsVolume.java:createDbStore(350)) - SchemaV3 db is created and loaded at /home/runner/work/ozone/ozone/hadoop-ozone/integration-test/target/test-dir/MiniOzoneClusterImpl-629b745a-ec3f-4e94-8d3b-29fcb714514f/datanode-2/data-0/containers/hdds/629b745a-ec3f-4e94-8d3b-29fcb714514f/DS-47e52894-c66c-48e9-be4b-324127f66956/container.db for volume DS-47e52894-c66c-48e9-be4b-324127f66956
2023-03-29 21:17:59,202 [EndpointStateMachine task thread for /0.0.0.0:40451 - 0 ] INFO  ozoneimpl.OzoneContainer (OzoneContainer.java:start(397)) - Attempting to start container services.
2023-03-29 21:17:59,202 [EndpointStateMachine task thread for /0.0.0.0:40451 - 0 ] INFO  ozoneimpl.OzoneContainer (OzoneContainer.java:startContainerScrub(314)) - Scheduled background container scanners and the on-demand container scanner have been disabled.
2023-03-29 21:17:59,208 [EndpointStateMachine task thread for /0.0.0.0:40451 - 0 ] INFO  replication.ReplicationServer (ReplicationServer.java:start(109)) - ReplicationServer is started using port 42107
2023-03-29 21:17:59,208 [EndpointStateMachine task thread for /0.0.0.0:40451 - 0 ] INFO  ratis.XceiverServerRatis (XceiverServerRatis.java:start(517)) - Starting XceiverServerRatis 5e0b76c9-98d4-42e7-bc08-714bac9b3108
2023-03-29 21:17:59,213 [EndpointStateMachine task thread for /0.0.0.0:40451 - 0 ] INFO  server.RaftServer (RaftServerProxy.java:startImpl(393)) - 5e0b76c9-98d4-42e7-bc08-714bac9b3108: start RPC server
2023-03-29 21:17:59,217 [EndpointStateMachine task thread for /0.0.0.0:40451 - 0 ] INFO  server.GrpcService (GrpcService.java:startImpl(262)) - 5e0b76c9-98d4-42e7-bc08-714bac9b3108: GrpcService started, listening on 45791
2023-03-29 21:17:59,217 [EndpointStateMachine task thread for /0.0.0.0:40451 - 0 ] INFO  ratis.XceiverServerRatis (XceiverServerRatis.java:getRealPort(543)) - XceiverServerRatis 5e0b76c9-98d4-42e7-bc08-714bac9b3108 is started using port 45791 for RATIS
2023-03-29 21:17:59,217 [JvmPauseMonitor15] INFO  util.JvmPauseMonitor (JvmPauseMonitor.java:run(105)) - JvmPauseMonitor-5e0b76c9-98d4-42e7-bc08-714bac9b3108: Started
2023-03-29 21:17:59,217 [EndpointStateMachine task thread for /0.0.0.0:40451 - 0 ] INFO  ratis.XceiverServerRatis (XceiverServerRatis.java:getRealPort(543)) - XceiverServerRatis 5e0b76c9-98d4-42e7-bc08-714bac9b3108 is started using port 45791 for RATIS_ADMIN
2023-03-29 21:17:59,218 [EndpointStateMachine task thread for /0.0.0.0:40451 - 0 ] INFO  ratis.XceiverServerRatis (XceiverServerRatis.java:getRealPort(543)) - XceiverServerRatis 5e0b76c9-98d4-42e7-bc08-714bac9b3108 is started using port 45791 for RATIS_SERVER
2023-03-29 21:17:59,218 [EndpointStateMachine task thread for /0.0.0.0:40451 - 0 ] INFO  ratis.XceiverServerRatis (XceiverServerRatis.java:getRealPort(543)) - XceiverServerRatis 5e0b76c9-98d4-42e7-bc08-714bac9b3108 is started using port 39049 for RATIS_DATASTREAM
2023-03-29 21:17:59,227 [EndpointStateMachine task thread for /0.0.0.0:40451 - 0 ] INFO  server.XceiverServerGrpc (XceiverServerGrpc.java:start(180)) - XceiverServerGrpc 5e0b76c9-98d4-42e7-bc08-714bac9b3108 is started using port 43533
2023-03-29 21:17:59,229 [BlockDeletingService#0] INFO  interfaces.ContainerDeletionChoosingPolicyTemplate (ContainerDeletionChoosingPolicyTemplate.java:chooseContainerForBlockDeletion(83)) - Chosen 0/5000 blocks from 0 candidate containers.
2023-03-29 21:18:00,162 [Listener at 127.0.0.1/41565] INFO  ozone.MiniOzoneClusterImpl (MiniOzoneClusterImpl.java:lambda$waitForClusterToBeReady$0(222)) - Waiting for nodes to be ready. Got 0 of 3 DN Heartbeats.
2023-03-29 21:18:00,163 [Listener at 127.0.0.1/41565] INFO  ozone.MiniOzoneClusterImpl (MiniOzoneClusterImpl.java:lambda$waitForClusterToBeReady$0(225)) - Waiting for cluster to exit safe mode
2023-03-29 21:18:00,163 [Listener at 127.0.0.1/41565] INFO  ozone.MiniOzoneClusterImpl (MiniOzoneClusterImpl.java:lambda$waitForClusterToBeReady$0(227)) - SCM became leader
2023-03-29 21:18:00,364 [IPC Server handler 2 on default port 40451] INFO  net.NetworkTopologyImpl (NetworkTopologyImpl.java:add(112)) - Added a new node: /default-rack/80a21d94-395d-4af9-8da1-801cc4a84331
2023-03-29 21:18:00,364 [IPC Server handler 2 on default port 40451] INFO  node.SCMNodeManager (SCMNodeManager.java:register(404)) - Registered Data node : 80a21d94-395d-4af9-8da1-801cc4a84331{ip: 10.1.0.17, host: fv-az308-773, ports: [REPLICATION=42769, RATIS=33111, RATIS_ADMIN=33111, RATIS_SERVER=33111, RATIS_DATASTREAM=46045, STANDALONE=36561], networkLocation: /default-rack, certSerialId: null, persistedOpState: null, persistedOpStateExpiryEpochSec: 0}
2023-03-29 21:18:00,366 [EventQueue-NodeRegistrationContainerReportForContainerSafeModeRule] INFO  safemode.SCMSafeModeManager (SCMSafeModeManager.java:validateSafeModeExitRules(200)) - ContainerSafeModeRule rule is successfully validated
2023-03-29 21:18:00,367 [EventQueue-NodeRegistrationContainerReportForDataNodeSafeModeRule] INFO  safemode.SCMSafeModeManager (DataNodeSafeModeRule.java:process(71)) - SCM in safe mode. 1 DataNodes registered, 3 required.
2023-03-29 21:18:00,374 [EventQueue-NewNodeForNewNodeHandler] INFO  pipeline.BackgroundPipelineCreator (BackgroundPipelineCreator.java:notifyEventTriggered(276)) - trigger a one-shot run on RatisPipelineUtilsThread.
2023-03-29 21:18:00,374 [RatisPipelineUtilsThread - 0] INFO  pipeline.RatisPipelineProvider (RatisPipelineProvider.java:lambda$create$0(206)) - Sending CreatePipelineCommand for pipeline:PipelineID=1a1cb463-885f-4261-8543-8898f45b8f55 to datanode:80a21d94-395d-4af9-8da1-801cc4a84331
2023-03-29 21:18:00,374 [EventQueue-PipelineReportForOneReplicaPipelineSafeModeRule] INFO  safemode.SCMSafeModeManager (SCMSafeModeManager.java:validateSafeModeExitRules(200)) - AtleastOneDatanodeReportedRule rule is successfully validated
2023-03-29 21:18:00,375 [RatisPipelineUtilsThread - 0] INFO  pipeline.PipelineStateManagerImpl (PipelineStateManagerImpl.java:addPipeline(103)) - Created pipeline Pipeline[ Id: 1a1cb463-885f-4261-8543-8898f45b8f55, Nodes: 80a21d94-395d-4af9-8da1-801cc4a84331(fv-az308-773/10.1.0.17), ReplicationConfig: RATIS/ONE, State:ALLOCATED, leaderId:, CreationTimestamp2023-03-29T21:18:00.374Z[Etc/UTC]].
2023-03-29 21:18:00,812 [IPC Server handler 0 on default port 40451] INFO  net.NetworkTopologyImpl (NetworkTopologyImpl.java:add(112)) - Added a new node: /default-rack/eb720a23-75c3-467a-80ae-faa20a4fdf41
2023-03-29 21:18:00,812 [IPC Server handler 0 on default port 40451] INFO  node.SCMNodeManager (SCMNodeManager.java:register(404)) - Registered Data node : eb720a23-75c3-467a-80ae-faa20a4fdf41{ip: 10.1.0.17, host: fv-az308-773, ports: [REPLICATION=39235, RATIS=41371, RATIS_ADMIN=41371, RATIS_SERVER=41371, RATIS_DATASTREAM=45805, STANDALONE=34261], networkLocation: /default-rack, certSerialId: null, persistedOpState: null, persistedOpStateExpiryEpochSec: 0}
2023-03-29 21:18:00,812 [EventQueue-NewNodeForNewNodeHandler] INFO  pipeline.BackgroundPipelineCreator (BackgroundPipelineCreator.java:notifyEventTriggered(276)) - trigger a one-shot run on RatisPipelineUtilsThread.
2023-03-29 21:18:00,813 [EventQueue-NodeRegistrationContainerReportForDataNodeSafeModeRule] INFO  safemode.SCMSafeModeManager (DataNodeSafeModeRule.java:process(71)) - SCM in safe mode. 2 DataNodes registered, 3 required.
2023-03-29 21:18:00,815 [RatisPipelineUtilsThread - 0] INFO  pipeline.RatisPipelineProvider (RatisPipelineProvider.java:lambda$create$0(206)) - Sending CreatePipelineCommand for pipeline:PipelineID=df613c81-3707-4e4e-b7d1-d186fa483920 to datanode:eb720a23-75c3-467a-80ae-faa20a4fdf41
2023-03-29 21:18:00,815 [RatisPipelineUtilsThread - 0] INFO  pipeline.PipelineStateManagerImpl (PipelineStateManagerImpl.java:addPipeline(103)) - Created pipeline Pipeline[ Id: df613c81-3707-4e4e-b7d1-d186fa483920, Nodes: eb720a23-75c3-467a-80ae-faa20a4fdf41(fv-az308-773/10.1.0.17), ReplicationConfig: RATIS/ONE, State:ALLOCATED, leaderId:, CreationTimestamp2023-03-29T21:18:00.815Z[Etc/UTC]].
2023-03-29 21:18:01,163 [Listener at 127.0.0.1/41565] INFO  ozone.MiniOzoneClusterImpl (MiniOzoneClusterImpl.java:lambda$waitForClusterToBeReady$0(222)) - Waiting for nodes to be ready. Got 2 of 3 DN Heartbeats.
2023-03-29 21:18:01,163 [Listener at 127.0.0.1/41565] INFO  ozone.MiniOzoneClusterImpl (MiniOzoneClusterImpl.java:lambda$waitForClusterToBeReady$0(225)) - Waiting for cluster to exit safe mode
2023-03-29 21:18:01,163 [Listener at 127.0.0.1/41565] INFO  ozone.MiniOzoneClusterImpl (MiniOzoneClusterImpl.java:lambda$waitForClusterToBeReady$0(227)) - SCM became leader
2023-03-29 21:18:01,170 [IPC Server handler 1 on default port 40451] INFO  net.NetworkTopologyImpl (NetworkTopologyImpl.java:add(112)) - Added a new node: /default-rack/5e0b76c9-98d4-42e7-bc08-714bac9b3108
2023-03-29 21:18:01,170 [IPC Server handler 1 on default port 40451] INFO  node.SCMNodeManager (SCMNodeManager.java:register(404)) - Registered Data node : 5e0b76c9-98d4-42e7-bc08-714bac9b3108{ip: 10.1.0.17, host: fv-az308-773, ports: [REPLICATION=42107, RATIS=45791, RATIS_ADMIN=45791, RATIS_SERVER=45791, RATIS_DATASTREAM=39049, STANDALONE=43533], networkLocation: /default-rack, certSerialId: null, persistedOpState: null, persistedOpStateExpiryEpochSec: 0}
2023-03-29 21:18:01,170 [EventQueue-NewNodeForNewNodeHandler] INFO  pipeline.BackgroundPipelineCreator (BackgroundPipelineCreator.java:notifyEventTriggered(276)) - trigger a one-shot run on RatisPipelineUtilsThread.
2023-03-29 21:18:01,171 [RatisPipelineUtilsThread - 0] INFO  pipeline.RatisPipelineProvider (RatisPipelineProvider.java:lambda$create$0(206)) - Sending CreatePipelineCommand for pipeline:PipelineID=62963792-5f57-4f6e-9f1f-e388923868e8 to datanode:5e0b76c9-98d4-42e7-bc08-714bac9b3108
2023-03-29 21:18:01,172 [RatisPipelineUtilsThread - 0] INFO  pipeline.PipelineStateManagerImpl (PipelineStateManagerImpl.java:addPipeline(103)) - Created pipeline Pipeline[ Id: 62963792-5f57-4f6e-9f1f-e388923868e8, Nodes: 5e0b76c9-98d4-42e7-bc08-714bac9b3108(fv-az308-773/10.1.0.17), ReplicationConfig: RATIS/ONE, State:ALLOCATED, leaderId:, CreationTimestamp2023-03-29T21:18:01.171Z[Etc/UTC]].
2023-03-29 21:18:01,172 [EventQueue-NodeRegistrationContainerReportForDataNodeSafeModeRule] INFO  safemode.SCMSafeModeManager (DataNodeSafeModeRule.java:process(71)) - SCM in safe mode. 3 DataNodes registered, 3 required.
2023-03-29 21:18:01,172 [EventQueue-NodeRegistrationContainerReportForDataNodeSafeModeRule] INFO  safemode.SCMSafeModeManager (SCMSafeModeManager.java:validateSafeModeExitRules(200)) - DataNodeSafeModeRule rule is successfully validated
2023-03-29 21:18:01,172 [EventQueue-NodeRegistrationContainerReportForDataNodeSafeModeRule] INFO  safemode.SCMSafeModeManager (SCMSafeModeManager.java:completePreCheck(229)) - All SCM safe mode pre check rules have passed
2023-03-29 21:18:01,172 [EventQueue-NodeRegistrationContainerReportForDataNodeSafeModeRule] INFO  ha.SCMContext (SCMContext.java:updateSafeModeStatus(228)) - Update SafeModeStatus from SafeModeStatus{safeModeStatus=true, preCheckPassed=false} to SafeModeStatus{safeModeStatus=true, preCheckPassed=true}.
2023-03-29 21:18:01,173 [EventQueue-NodeRegistrationContainerReportForDataNodeSafeModeRule] INFO  pipeline.BackgroundPipelineCreator (BackgroundPipelineCreator.java:notifyEventTriggered(276)) - trigger a one-shot run on RatisPipelineUtilsThread.
2023-03-29 21:18:01,173 [RatisPipelineUtilsThread - 0] INFO  pipeline.RatisPipelineProvider (RatisPipelineProvider.java:lambda$create$0(206)) - Sending CreatePipelineCommand for pipeline:PipelineID=af17ef5a-aa36-48ba-8e23-c57f3046a27c to datanode:5e0b76c9-98d4-42e7-bc08-714bac9b3108
2023-03-29 21:18:01,173 [RatisPipelineUtilsThread - 0] INFO  pipeline.RatisPipelineProvider (RatisPipelineProvider.java:lambda$create$0(206)) - Sending CreatePipelineCommand for pipeline:PipelineID=af17ef5a-aa36-48ba-8e23-c57f3046a27c to datanode:80a21d94-395d-4af9-8da1-801cc4a84331
2023-03-29 21:18:01,173 [RatisPipelineUtilsThread - 0] INFO  pipeline.RatisPipelineProvider (RatisPipelineProvider.java:lambda$create$0(206)) - Sending CreatePipelineCommand for pipeline:PipelineID=af17ef5a-aa36-48ba-8e23-c57f3046a27c to datanode:eb720a23-75c3-467a-80ae-faa20a4fdf41
2023-03-29 21:18:01,174 [RatisPipelineUtilsThread - 0] INFO  pipeline.PipelineStateManagerImpl (PipelineStateManagerImpl.java:addPipeline(103)) - Created pipeline Pipeline[ Id: af17ef5a-aa36-48ba-8e23-c57f3046a27c, Nodes: 5e0b76c9-98d4-42e7-bc08-714bac9b3108(fv-az308-773/10.1.0.17)80a21d94-395d-4af9-8da1-801cc4a84331(fv-az308-773/10.1.0.17)eb720a23-75c3-467a-80ae-faa20a4fdf41(fv-az308-773/10.1.0.17), ReplicationConfig: RATIS/THREE, State:ALLOCATED, leaderId:, CreationTimestamp2023-03-29T21:18:01.173Z[Etc/UTC]].
2023-03-29 21:18:01,175 [RatisPipelineUtilsThread - 0] INFO  pipeline.RatisPipelineProvider (RatisPipelineProvider.java:lambda$create$0(206)) - Sending CreatePipelineCommand for pipeline:PipelineID=9612bb3d-5681-41f7-acd0-974c3f79de30 to datanode:5e0b76c9-98d4-42e7-bc08-714bac9b3108
2023-03-29 21:18:01,175 [RatisPipelineUtilsThread - 0] INFO  pipeline.RatisPipelineProvider (RatisPipelineProvider.java:lambda$create$0(206)) - Sending CreatePipelineCommand for pipeline:PipelineID=9612bb3d-5681-41f7-acd0-974c3f79de30 to datanode:eb720a23-75c3-467a-80ae-faa20a4fdf41
2023-03-29 21:18:01,175 [RatisPipelineUtilsThread - 0] INFO  pipeline.RatisPipelineProvider (RatisPipelineProvider.java:lambda$create$0(206)) - Sending CreatePipelineCommand for pipeline:PipelineID=9612bb3d-5681-41f7-acd0-974c3f79de30 to datanode:80a21d94-395d-4af9-8da1-801cc4a84331
2023-03-29 21:18:01,175 [RatisPipelineUtilsThread - 0] INFO  pipeline.PipelineStateManagerImpl (PipelineStateManagerImpl.java:addPipeline(103)) - Created pipeline Pipeline[ Id: 9612bb3d-5681-41f7-acd0-974c3f79de30, Nodes: 5e0b76c9-98d4-42e7-bc08-714bac9b3108(fv-az308-773/10.1.0.17)eb720a23-75c3-467a-80ae-faa20a4fdf41(fv-az308-773/10.1.0.17)80a21d94-395d-4af9-8da1-801cc4a84331(fv-az308-773/10.1.0.17), ReplicationConfig: RATIS/THREE, State:ALLOCATED, leaderId:, CreationTimestamp2023-03-29T21:18:01.175Z[Etc/UTC]].
2023-03-29 21:18:01,176 [RatisPipelineUtilsThread - 0] INFO  pipeline.PipelineManagerImpl (PipelineManagerImpl.java:recordMetricsForPipeline(826)) - Pipeline: PipelineID=9612bb3d-5681-41f7-acd0-974c3f79de30 contains same datanodes as previous pipelines: PipelineID=af17ef5a-aa36-48ba-8e23-c57f3046a27c nodeIds: 5e0b76c9-98d4-42e7-bc08-714bac9b3108, eb720a23-75c3-467a-80ae-faa20a4fdf41, 80a21d94-395d-4af9-8da1-801cc4a84331
2023-03-29 21:18:01,176 [RatisPipelineUtilsThread - 0] WARN  pipeline.PipelinePlacementPolicy (PipelinePlacementPolicy.java:filterViableNodes(160)) - Pipeline creation failed due to no sufficient healthy datanodes. Required 3. Found 0. Excluded 3.
2023-03-29 21:18:02,164 [Listener at 127.0.0.1/41565] INFO  ozone.MiniOzoneClusterImpl (MiniOzoneClusterImpl.java:lambda$waitForClusterToBeReady$0(222)) - Nodes are ready. Got 3 of 3 DN Heartbeats.
2023-03-29 21:18:02,164 [Listener at 127.0.0.1/41565] INFO  ozone.MiniOzoneClusterImpl (MiniOzoneClusterImpl.java:lambda$waitForClusterToBeReady$0(225)) - Waiting for cluster to exit safe mode
2023-03-29 21:18:02,164 [Listener at 127.0.0.1/41565] INFO  ozone.MiniOzoneClusterImpl (MiniOzoneClusterImpl.java:lambda$waitForClusterToBeReady$0(227)) - SCM became leader
2023-03-29 21:18:03,164 [Listener at 127.0.0.1/41565] INFO  ozone.MiniOzoneClusterImpl (MiniOzoneClusterImpl.java:lambda$waitForClusterToBeReady$0(222)) - Nodes are ready. Got 3 of 3 DN Heartbeats.
2023-03-29 21:18:03,165 [Listener at 127.0.0.1/41565] INFO  ozone.MiniOzoneClusterImpl (MiniOzoneClusterImpl.java:lambda$waitForClusterToBeReady$0(225)) - Waiting for cluster to exit safe mode
2023-03-29 21:18:03,165 [Listener at 127.0.0.1/41565] INFO  ozone.MiniOzoneClusterImpl (MiniOzoneClusterImpl.java:lambda$waitForClusterToBeReady$0(227)) - SCM became leader
2023-03-29 21:18:03,363 [Command processor thread] INFO  server.RaftServer (RaftServerProxy.java:addNew(96)) - 80a21d94-395d-4af9-8da1-801cc4a84331: addNew group-8898F45B8F55:[80a21d94-395d-4af9-8da1-801cc4a84331|rpc:10.1.0.17:33111|dataStream:10.1.0.17:46045|priority:1|startupRole:FOLLOWER] returns group-8898F45B8F55:java.util.concurrent.CompletableFuture@5d29414b[Not completed]
2023-03-29 21:18:03,369 [pool-598-thread-1] INFO  server.RaftServer$Division (RaftServerImpl.java:<init>(195)) - 80a21d94-395d-4af9-8da1-801cc4a84331: new RaftServerImpl for group-8898F45B8F55:[80a21d94-395d-4af9-8da1-801cc4a84331|rpc:10.1.0.17:33111|dataStream:10.1.0.17:46045|priority:1|startupRole:FOLLOWER] with ContainerStateMachine:uninitialized
2023-03-29 21:18:03,369 [pool-598-thread-1] INFO  server.RaftServerConfigKeys (ConfUtils.java:logGet(46)) - raft.server.rpc.timeout.min = 5s (custom)
2023-03-29 21:18:03,369 [pool-598-thread-1] INFO  server.RaftServerConfigKeys (ConfUtils.java:logGet(46)) - raft.server.rpc.timeout.max = 5200ms (custom)
2023-03-29 21:18:03,369 [pool-598-thread-1] INFO  server.RaftServerConfigKeys (ConfUtils.java:logGet(46)) - raft.server.rpc.sleep.time = 25ms (default)
2023-03-29 21:18:03,369 [pool-598-thread-1] INFO  server.RaftServerConfigKeys (ConfUtils.java:logGet(46)) - raft.server.rpc.slowness.timeout = 300s (custom)
2023-03-29 21:18:03,369 [pool-598-thread-1] INFO  server.RaftServerConfigKeys (ConfUtils.java:logGet(46)) - raft.server.leaderelection.leader.step-down.wait-time = 10s (default)
2023-03-29 21:18:03,370 [pool-598-thread-1] INFO  server.RaftServerConfigKeys (ConfUtils.java:logGet(46)) - raft.server.sleep.deviation.threshold = 300ms (default)
2023-03-29 21:18:03,370 [pool-598-thread-1] INFO  server.RaftServer$Division (ServerState.java:<init>(118)) - 80a21d94-395d-4af9-8da1-801cc4a84331@group-8898F45B8F55: ConfigurationManager, init=-1: peers:[80a21d94-395d-4af9-8da1-801cc4a84331|rpc:10.1.0.17:33111|dataStream:10.1.0.17:46045|priority:1|startupRole:FOLLOWER]|listeners:[], old=null, confs=<EMPTY_MAP>
2023-03-29 21:18:03,370 [pool-598-thread-1] INFO  server.RaftServerConfigKeys (ConfUtils.java:logGet(46)) - raft.server.storage.dir = [/home/runner/work/ozone/ozone/hadoop-ozone/integration-test/target/test-dir/MiniOzoneClusterImpl-629b745a-ec3f-4e94-8d3b-29fcb714514f/datanode-0/data/ratis] (custom)
2023-03-29 21:18:03,370 [pool-598-thread-1] INFO  server.RaftServerConfigKeys (ConfUtils.java:logGet(46)) - raft.server.log.corruption.policy = EXCEPTION (default)
2023-03-29 21:18:03,370 [pool-598-thread-1] INFO  server.RaftServerConfigKeys (ConfUtils.java:logGet(46)) - raft.server.storage.free-space.min = 0MB (=0) (default)
2023-03-29 21:18:03,370 [pool-598-thread-1] INFO  server.RaftServerConfigKeys (ConfUtils.java:logGet(46)) - raft.server.notification.no-leader.timeout = 300s (custom)
2023-03-29 21:18:03,370 [pool-598-thread-1] INFO  server.RaftServerConfigKeys (ConfUtils.java:logGet(46)) - raft.server.retrycache.expirytime = 600000ms (custom)
2023-03-29 21:18:03,370 [pool-598-thread-1] INFO  server.RaftServerConfigKeys (ConfUtils.java:logGet(46)) - raft.server.retrycache.statistics.expirytime = 100μs (default)
2023-03-29 21:18:03,372 [pool-598-thread-1] INFO  server.RaftServerConfigKeys (ConfUtils.java:logGet(46)) - raft.server.log.appender.install.snapshot.enabled = false (custom)
2023-03-29 21:18:03,372 [pool-598-thread-1] INFO  server.RaftServerConfigKeys (ConfUtils.java:logGet(46)) - raft.server.threadpool.server.cached = true (default)
2023-03-29 21:18:03,372 [pool-598-thread-1] INFO  server.RaftServerConfigKeys (ConfUtils.java:logGet(46)) - raft.server.threadpool.server.size = 0 (default)
2023-03-29 21:18:03,372 [pool-598-thread-1] INFO  server.RaftServerConfigKeys (ConfUtils.java:logGet(46)) - raft.server.threadpool.client.cached = true (default)
2023-03-29 21:18:03,372 [pool-598-thread-1] INFO  server.RaftServerConfigKeys (ConfUtils.java:logGet(46)) - raft.server.threadpool.client.size = 0 (default)
2023-03-29 21:18:03,372 [pool-598-thread-1] INFO  storage.RaftStorageDirectory (RaftStorageDirectoryImpl.java:analyzeStorage(137)) - The storage directory /home/runner/work/ozone/ozone/hadoop-ozone/integration-test/target/test-dir/MiniOzoneClusterImpl-629b745a-ec3f-4e94-8d3b-29fcb714514f/datanode-0/data/ratis/1a1cb463-885f-4261-8543-8898f45b8f55 does not exist. Creating ...
2023-03-29 21:18:03,373 [pool-598-thread-1] INFO  storage.RaftStorageDirectory (RaftStorageDirectoryImpl.java:tryLock(231)) - Lock on /home/runner/work/ozone/ozone/hadoop-ozone/integration-test/target/test-dir/MiniOzoneClusterImpl-629b745a-ec3f-4e94-8d3b-29fcb714514f/datanode-0/data/ratis/1a1cb463-885f-4261-8543-8898f45b8f55/in_use.lock acquired by nodename 46426@fv-az308-773
2023-03-29 21:18:03,375 [pool-598-thread-1] INFO  storage.RaftStorage (RaftStorageImpl.java:format(96)) - Storage directory /home/runner/work/ozone/ozone/hadoop-ozone/integration-test/target/test-dir/MiniOzoneClusterImpl-629b745a-ec3f-4e94-8d3b-29fcb714514f/datanode-0/data/ratis/1a1cb463-885f-4261-8543-8898f45b8f55 has been successfully formatted.
2023-03-29 21:18:03,376 [pool-598-thread-1] INFO  ratis.ContainerStateMachine (ContainerStateMachine.java:loadSnapshot(262)) - group-8898F45B8F55: The snapshot info is null. Setting the last applied indexto:(t:0, i:~)
2023-03-29 21:18:03,376 [pool-598-thread-1] INFO  server.RaftServerConfigKeys (ConfUtils.java:logGet(46)) - raft.server.log.use.memory = false (default)
2023-03-29 21:18:03,376 [pool-598-thread-1] INFO  server.RaftServerConfigKeys (ConfUtils.java:logGet(46)) - raft.server.log.purge.gap = 1000000 (custom)
2023-03-29 21:18:03,376 [pool-598-thread-1] INFO  server.RaftServerConfigKeys (ConfUtils.java:logGet(46)) - raft.server.log.appender.buffer.byte-limit = 33554432 (custom)
2023-03-29 21:18:03,376 [pool-598-thread-1] INFO  server.RaftServerConfigKeys (ConfUtils.java:logGet(46)) - raft.server.log.statemachine.data.read.timeout = 1000ms (default)
2023-03-29 21:18:03,376 [pool-598-thread-1] INFO  server.RaftServerConfigKeys (ConfUtils.java:logGet(46)) - raft.server.log.purge.preservation.log.num = 0 (default)
2023-03-29 21:18:03,376 [pool-598-thread-1] INFO  server.RaftServerConfigKeys (ConfUtils.java:logGet(46)) - raft.server.log.segment.size.max = 1048576 (custom)
2023-03-29 21:18:03,378 [EventQueue-PipelineReportForPipelineReportHandler] INFO  pipeline.PipelineManagerImpl (PipelineManagerImpl.java:openPipeline(367)) - Pipeline Pipeline[ Id: 1a1cb463-885f-4261-8543-8898f45b8f55, Nodes: 80a21d94-395d-4af9-8da1-801cc4a84331(fv-az308-773/10.1.0.17), ReplicationConfig: RATIS/ONE, State:ALLOCATED, leaderId:80a21d94-395d-4af9-8da1-801cc4a84331, CreationTimestamp2023-03-29T21:18:00.374Z[Etc/UTC]] moved to OPEN state
2023-03-29 21:18:03,379 [pool-598-thread-1] INFO  server.RaftServerConfigKeys (ConfUtils.java:logGet(46)) - raft.server.log.segment.cache.num.max = 2 (custom)
2023-03-29 21:18:03,379 [pool-598-thread-1] INFO  server.RaftServerConfigKeys (ConfUtils.java:logGet(46)) - raft.server.log.segment.cache.size.max = 200MB (=209715200) (default)
2023-03-29 21:18:03,379 [pool-598-thread-1] INFO  segmented.SegmentedRaftLogWorker (SegmentedRaftLogWorker.java:<init>(189)) - new 80a21d94-395d-4af9-8da1-801cc4a84331@group-8898F45B8F55-SegmentedRaftLogWorker for RaftStorageImpl:Storage Directory /home/runner/work/ozone/ozone/hadoop-ozone/integration-test/target/test-dir/MiniOzoneClusterImpl-629b745a-ec3f-4e94-8d3b-29fcb714514f/datanode-0/data/ratis/1a1cb463-885f-4261-8543-8898f45b8f55
2023-03-29 21:18:03,379 [pool-598-thread-1] INFO  server.RaftServerConfigKeys (ConfUtils.java:logGet(46)) - raft.server.log.queue.byte-limit = 4294967296 (custom)
2023-03-29 21:18:03,379 [pool-598-thread-1] INFO  server.RaftServerConfigKeys (ConfUtils.java:logGet(46)) - raft.server.log.queue.element-limit = 1024 (custom)
2023-03-29 21:18:03,380 [pool-598-thread-1] INFO  server.RaftServerConfigKeys (ConfUtils.java:logGet(46)) - raft.server.log.segment.size.max = 1048576 (custom)
2023-03-29 21:18:03,380 [pool-598-thread-1] INFO  server.RaftServerConfigKeys (ConfUtils.java:logGet(46)) - raft.server.log.preallocated.size = 16384 (custom)
2023-03-29 21:18:03,380 [pool-598-thread-1] INFO  server.RaftServerConfigKeys (ConfUtils.java:logGet(46)) - raft.server.log.force.sync.num = 128 (default)
2023-03-29 21:18:03,380 [pool-598-thread-1] INFO  server.RaftServerConfigKeys (ConfUtils.java:logGet(46)) - raft.server.log.statemachine.data.sync = true (default)
2023-03-29 21:18:03,380 [pool-598-thread-1] INFO  server.RaftServerConfigKeys (ConfUtils.java:logGet(46)) - raft.server.log.statemachine.data.sync.timeout = 10s (default)
2023-03-29 21:18:03,380 [pool-598-thread-1] INFO  server.RaftServerConfigKeys (ConfUtils.java:logGet(46)) - raft.server.log.statemachine.data.sync.timeout.retry = -1 (default)
2023-03-29 21:18:03,381 [pool-598-thread-1] INFO  server.RaftServerConfigKeys (ConfUtils.java:logGet(46)) - raft.server.log.write.buffer.size = 1048576 (custom)
2023-03-29 21:18:03,382 [pool-598-thread-1] INFO  server.RaftServerConfigKeys (ConfUtils.java:logGet(46)) - raft.server.log.appender.buffer.byte-limit = 33554432 (custom)
2023-03-29 21:18:03,382 [EventQueue-OpenPipelineForHealthyPipelineSafeModeRule] INFO  safemode.SCMSafeModeManager (HealthyPipelineSafeModeRule.java:process(137)) - SCM in safe mode. Healthy pipelines reported count is 0, required healthy pipeline reported count is 1
2023-03-29 21:18:03,392 [pool-598-thread-1] INFO  server.RaftServerConfigKeys (ConfUtils.java:logGet(46)) - raft.server.log.unsafe-flush.enabled = false (default)
2023-03-29 21:18:03,392 [pool-598-thread-1] INFO  server.RaftServerConfigKeys (ConfUtils.java:logGet(46)) - raft.server.log.async-flush.enabled = false (default)
2023-03-29 21:18:03,392 [pool-598-thread-1] INFO  server.RaftServerConfigKeys (ConfUtils.java:logGet(46)) - raft.server.log.statemachine.data.caching.enabled = true (custom)
2023-03-29 21:18:03,393 [pool-598-thread-1] INFO  segmented.SegmentedRaftLogWorker (SegmentedRaftLogWorker.java:lambda$new$0(135)) - 80a21d94-395d-4af9-8da1-801cc4a84331@group-8898F45B8F55-SegmentedRaftLogWorker: flushIndex: setUnconditionally 0 -> -1
2023-03-29 21:18:03,393 [pool-598-thread-1] INFO  segmented.SegmentedRaftLogWorker (SegmentedRaftLogWorker.java:lambda$new$0(135)) - 80a21d94-395d-4af9-8da1-801cc4a84331@group-8898F45B8F55-SegmentedRaftLogWorker: safeCacheEvictIndex: setUnconditionally 0 -> -1
2023-03-29 21:18:03,397 [pool-598-thread-1] INFO  server.RaftServer$Division (RaftServerImpl.java:start(334)) - 80a21d94-395d-4af9-8da1-801cc4a84331@group-8898F45B8F55: start as a follower, conf=-1: peers:[80a21d94-395d-4af9-8da1-801cc4a84331|rpc:10.1.0.17:33111|dataStream:10.1.0.17:46045|priority:1|startupRole:FOLLOWER]|listeners:[], old=null
2023-03-29 21:18:03,397 [pool-598-thread-1] INFO  server.RaftServer$Division (RaftServerImpl.java:setRole(321)) - 80a21d94-395d-4af9-8da1-801cc4a84331@group-8898F45B8F55: changes role from      null to FOLLOWER at term 0 for startAsFollower
2023-03-29 21:18:03,397 [pool-598-thread-1] INFO  impl.RoleInfo (RoleInfo.java:updateAndGet(139)) - 80a21d94-395d-4af9-8da1-801cc4a84331: start 80a21d94-395d-4af9-8da1-801cc4a84331@group-8898F45B8F55-FollowerState
2023-03-29 21:18:03,400 [pool-598-thread-1] INFO  util.JmxRegister (JmxRegister.java:tryRegister(44)) - Successfully registered JMX Bean with object name Ratis:service=RaftServer,group=group-8898F45B8F55,id=80a21d94-395d-4af9-8da1-801cc4a84331
2023-03-29 21:18:03,400 [pool-598-thread-1] INFO  server.RaftServerConfigKeys (ConfUtils.java:logGet(46)) - raft.server.snapshot.auto.trigger.enabled = true (custom)
2023-03-29 21:18:03,400 [pool-598-thread-1] INFO  server.RaftServerConfigKeys (ConfUtils.java:logGet(46)) - raft.server.snapshot.auto.trigger.threshold = 10000 (custom)
2023-03-29 21:18:03,400 [pool-598-thread-1] INFO  server.RaftServerConfigKeys (ConfUtils.java:logGet(46)) - raft.server.snapshot.retention.file.num = 5 (custom)
2023-03-29 21:18:03,400 [pool-598-thread-1] INFO  server.RaftServerConfigKeys (ConfUtils.java:logGet(46)) - raft.server.log.purge.upto.snapshot.index = false (default)
2023-03-29 21:18:03,401 [80a21d94-395d-4af9-8da1-801cc4a84331@group-8898F45B8F55-FollowerState] INFO  server.RaftServerConfigKeys (ConfUtils.java:logFallback(53)) - raft.server.rpc.first-election.timeout.min = 5s (fallback to raft.server.rpc.timeout.min)
2023-03-29 21:18:03,401 [80a21d94-395d-4af9-8da1-801cc4a84331@group-8898F45B8F55-FollowerState] INFO  server.RaftServerConfigKeys (ConfUtils.java:logFallback(53)) - raft.server.rpc.first-election.timeout.max = 5200ms (fallback to raft.server.rpc.timeout.max)
2023-03-29 21:18:03,402 [Command processor thread] INFO  ratis.XceiverServerRatis (XceiverServerRatis.java:addGroup(806)) - Created group PipelineID=1a1cb463-885f-4261-8543-8898f45b8f55
2023-03-29 21:18:03,402 [Command processor thread] INFO  commandhandler.CreatePipelineCommandHandler (CreatePipelineCommandHandler.java:handle(113)) - Created Pipeline RATIS ONE PipelineID=1a1cb463-885f-4261-8543-8898f45b8f55.
2023-03-29 21:18:03,402 [Command processor thread] INFO  server.RaftServer (RaftServerProxy.java:addNew(96)) - 80a21d94-395d-4af9-8da1-801cc4a84331: addNew group-C57F3046A27C:[80a21d94-395d-4af9-8da1-801cc4a84331|rpc:10.1.0.17:33111|dataStream:10.1.0.17:46045|priority:0|startupRole:FOLLOWER, eb720a23-75c3-467a-80ae-faa20a4fdf41|rpc:10.1.0.17:41371|dataStream:10.1.0.17:45805|priority:0|startupRole:FOLLOWER, 5e0b76c9-98d4-42e7-bc08-714bac9b3108|rpc:10.1.0.17:45791|dataStream:10.1.0.17:39049|priority:1|startupRole:FOLLOWER] returns group-C57F3046A27C:java.util.concurrent.CompletableFuture@5916de36[Not completed]
2023-03-29 21:18:03,403 [pool-598-thread-1] INFO  server.RaftServer$Division (RaftServerImpl.java:<init>(195)) - 80a21d94-395d-4af9-8da1-801cc4a84331: new RaftServerImpl for group-C57F3046A27C:[80a21d94-395d-4af9-8da1-801cc4a84331|rpc:10.1.0.17:33111|dataStream:10.1.0.17:46045|priority:0|startupRole:FOLLOWER, eb720a23-75c3-467a-80ae-faa20a4fdf41|rpc:10.1.0.17:41371|dataStream:10.1.0.17:45805|priority:0|startupRole:FOLLOWER, 5e0b76c9-98d4-42e7-bc08-714bac9b3108|rpc:10.1.0.17:45791|dataStream:10.1.0.17:39049|priority:1|startupRole:FOLLOWER] with ContainerStateMachine:uninitialized
2023-03-29 21:18:03,404 [pool-598-thread-1] INFO  server.RaftServerConfigKeys (ConfUtils.java:logGet(46)) - raft.server.rpc.timeout.min = 5s (custom)
2023-03-29 21:18:03,404 [pool-598-thread-1] INFO  server.RaftServerConfigKeys (ConfUtils.java:logGet(46)) - raft.server.rpc.timeout.max = 5200ms (custom)
2023-03-29 21:18:03,404 [pool-598-thread-1] INFO  server.RaftServerConfigKeys (ConfUtils.java:logGet(46)) - raft.server.rpc.sleep.time = 25ms (default)
2023-03-29 21:18:03,404 [pool-598-thread-1] INFO  server.RaftServerConfigKeys (ConfUtils.java:logGet(46)) - raft.server.rpc.slowness.timeout = 300s (custom)
2023-03-29 21:18:03,404 [pool-598-thread-1] INFO  server.RaftServerConfigKeys (ConfUtils.java:logGet(46)) - raft.server.leaderelection.leader.step-down.wait-time = 10s (default)
2023-03-29 21:18:03,404 [pool-598-thread-1] INFO  server.RaftServerConfigKeys (ConfUtils.java:logGet(46)) - raft.server.sleep.deviation.threshold = 300ms (default)
2023-03-29 21:18:03,404 [pool-598-thread-1] INFO  server.RaftServer$Division (ServerState.java:<init>(118)) - 80a21d94-395d-4af9-8da1-801cc4a84331@group-C57F3046A27C: ConfigurationManager, init=-1: peers:[80a21d94-395d-4af9-8da1-801cc4a84331|rpc:10.1.0.17:33111|dataStream:10.1.0.17:46045|priority:0|startupRole:FOLLOWER, eb720a23-75c3-467a-80ae-faa20a4fdf41|rpc:10.1.0.17:41371|dataStream:10.1.0.17:45805|priority:0|startupRole:FOLLOWER, 5e0b76c9-98d4-42e7-bc08-714bac9b3108|rpc:10.1.0.17:45791|dataStream:10.1.0.17:39049|priority:1|startupRole:FOLLOWER]|listeners:[], old=null, confs=<EMPTY_MAP>
2023-03-29 21:18:03,404 [pool-598-thread-1] INFO  server.RaftServerConfigKeys (ConfUtils.java:logGet(46)) - raft.server.storage.dir = [/home/runner/work/ozone/ozone/hadoop-ozone/integration-test/target/test-dir/MiniOzoneClusterImpl-629b745a-ec3f-4e94-8d3b-29fcb714514f/datanode-0/data/ratis] (custom)
2023-03-29 21:18:03,404 [pool-598-thread-1] INFO  server.RaftServerConfigKeys (ConfUtils.java:logGet(46)) - raft.server.log.corruption.policy = EXCEPTION (default)
2023-03-29 21:18:03,404 [pool-598-thread-1] INFO  server.RaftServerConfigKeys (ConfUtils.java:logGet(46)) - raft.server.storage.free-space.min = 0MB (=0) (default)
2023-03-29 21:18:03,404 [pool-598-thread-1] INFO  server.RaftServerConfigKeys (ConfUtils.java:logGet(46)) - raft.server.notification.no-leader.timeout = 300s (custom)
2023-03-29 21:18:03,404 [pool-598-thread-1] INFO  server.RaftServerConfigKeys (ConfUtils.java:logGet(46)) - raft.server.retrycache.expirytime = 600000ms (custom)
2023-03-29 21:18:03,404 [pool-598-thread-1] INFO  server.RaftServerConfigKeys (ConfUtils.java:logGet(46)) - raft.server.retrycache.statistics.expirytime = 100μs (default)
2023-03-29 21:18:03,405 [pool-598-thread-1] INFO  server.RaftServerConfigKeys (ConfUtils.java:logGet(46)) - raft.server.log.appender.install.snapshot.enabled = false (custom)
2023-03-29 21:18:03,405 [pool-598-thread-1] INFO  server.RaftServerConfigKeys (ConfUtils.java:logGet(46)) - raft.server.threadpool.server.cached = true (default)
2023-03-29 21:18:03,405 [pool-598-thread-1] INFO  server.RaftServerConfigKeys (ConfUtils.java:logGet(46)) - raft.server.threadpool.server.size = 0 (default)
2023-03-29 21:18:03,405 [pool-598-thread-1] INFO  server.RaftServerConfigKeys (ConfUtils.java:logGet(46)) - raft.server.threadpool.client.cached = true (default)
2023-03-29 21:18:03,405 [pool-598-thread-1] INFO  server.RaftServerConfigKeys (ConfUtils.java:logGet(46)) - raft.server.threadpool.client.size = 0 (default)
2023-03-29 21:18:03,405 [pool-598-thread-1] INFO  storage.RaftStorageDirectory (RaftStorageDirectoryImpl.java:analyzeStorage(137)) - The storage directory /home/runner/work/ozone/ozone/hadoop-ozone/integration-test/target/test-dir/MiniOzoneClusterImpl-629b745a-ec3f-4e94-8d3b-29fcb714514f/datanode-0/data/ratis/af17ef5a-aa36-48ba-8e23-c57f3046a27c does not exist. Creating ...
2023-03-29 21:18:03,407 [pool-598-thread-1] INFO  storage.RaftStorageDirectory (RaftStorageDirectoryImpl.java:tryLock(231)) - Lock on /home/runner/work/ozone/ozone/hadoop-ozone/integration-test/target/test-dir/MiniOzoneClusterImpl-629b745a-ec3f-4e94-8d3b-29fcb714514f/datanode-0/data/ratis/af17ef5a-aa36-48ba-8e23-c57f3046a27c/in_use.lock acquired by nodename 46426@fv-az308-773
2023-03-29 21:18:03,409 [pool-598-thread-1] INFO  storage.RaftStorage (RaftStorageImpl.java:format(96)) - Storage directory /home/runner/work/ozone/ozone/hadoop-ozone/integration-test/target/test-dir/MiniOzoneClusterImpl-629b745a-ec3f-4e94-8d3b-29fcb714514f/datanode-0/data/ratis/af17ef5a-aa36-48ba-8e23-c57f3046a27c has been successfully formatted.
2023-03-29 21:18:03,410 [pool-598-thread-1] INFO  ratis.ContainerStateMachine (ContainerStateMachine.java:loadSnapshot(262)) - group-C57F3046A27C: The snapshot info is null. Setting the last applied indexto:(t:0, i:~)
2023-03-29 21:18:03,410 [pool-598-thread-1] INFO  server.RaftServerConfigKeys (ConfUtils.java:logGet(46)) - raft.server.log.use.memory = false (default)
2023-03-29 21:18:03,410 [pool-598-thread-1] INFO  server.RaftServerConfigKeys (ConfUtils.java:logGet(46)) - raft.server.log.purge.gap = 1000000 (custom)
2023-03-29 21:18:03,410 [pool-598-thread-1] INFO  server.RaftServerConfigKeys (ConfUtils.java:logGet(46)) - raft.server.log.appender.buffer.byte-limit = 33554432 (custom)
2023-03-29 21:18:03,410 [pool-598-thread-1] INFO  server.RaftServerConfigKeys (ConfUtils.java:logGet(46)) - raft.server.log.statemachine.data.read.timeout = 1000ms (default)
2023-03-29 21:18:03,410 [pool-598-thread-1] INFO  server.RaftServerConfigKeys (ConfUtils.java:logGet(46)) - raft.server.log.purge.preservation.log.num = 0 (default)
2023-03-29 21:18:03,410 [pool-598-thread-1] INFO  server.RaftServerConfigKeys (ConfUtils.java:logGet(46)) - raft.server.log.segment.size.max = 1048576 (custom)
2023-03-29 21:18:03,410 [pool-598-thread-1] INFO  server.RaftServerConfigKeys (ConfUtils.java:logGet(46)) - raft.server.log.segment.cache.num.max = 2 (custom)
2023-03-29 21:18:03,410 [pool-598-thread-1] INFO  server.RaftServerConfigKeys (ConfUtils.java:logGet(46)) - raft.server.log.segment.cache.size.max = 200MB (=209715200) (default)
2023-03-29 21:18:03,411 [pool-598-thread-1] INFO  segmented.SegmentedRaftLogWorker (SegmentedRaftLogWorker.java:<init>(189)) - new 80a21d94-395d-4af9-8da1-801cc4a84331@group-C57F3046A27C-SegmentedRaftLogWorker for RaftStorageImpl:Storage Directory /home/runner/work/ozone/ozone/hadoop-ozone/integration-test/target/test-dir/MiniOzoneClusterImpl-629b745a-ec3f-4e94-8d3b-29fcb714514f/datanode-0/data/ratis/af17ef5a-aa36-48ba-8e23-c57f3046a27c
2023-03-29 21:18:03,411 [pool-598-thread-1] INFO  server.RaftServerConfigKeys (ConfUtils.java:logGet(46)) - raft.server.log.queue.byte-limit = 4294967296 (custom)
2023-03-29 21:18:03,411 [pool-598-thread-1] INFO  server.RaftServerConfigKeys (ConfUtils.java:logGet(46)) - raft.server.log.queue.element-limit = 1024 (custom)
2023-03-29 21:18:03,411 [pool-598-thread-1] INFO  server.RaftServerConfigKeys (ConfUtils.java:logGet(46)) - raft.server.log.segment.size.max = 1048576 (custom)
2023-03-29 21:18:03,411 [pool-598-thread-1] INFO  server.RaftServerConfigKeys (ConfUtils.java:logGet(46)) - raft.server.log.preallocated.size = 16384 (custom)
2023-03-29 21:18:03,411 [pool-598-thread-1] INFO  server.RaftServerConfigKeys (ConfUtils.java:logGet(46)) - raft.server.log.force.sync.num = 128 (default)
2023-03-29 21:18:03,411 [pool-598-thread-1] INFO  server.RaftServerConfigKeys (ConfUtils.java:logGet(46)) - raft.server.log.statemachine.data.sync = true (default)
2023-03-29 21:18:03,411 [pool-598-thread-1] INFO  server.RaftServerConfigKeys (ConfUtils.java:logGet(46)) - raft.server.log.statemachine.data.sync.timeout = 10s (default)
2023-03-29 21:18:03,411 [pool-598-thread-1] INFO  server.RaftServerConfigKeys (ConfUtils.java:logGet(46)) - raft.server.log.statemachine.data.sync.timeout.retry = -1 (default)
2023-03-29 21:18:03,411 [EventQueue-OpenPipelineForHealthyPipelineSafeModeRule] INFO  safemode.SCMSafeModeManager (HealthyPipelineSafeModeRule.java:process(137)) - SCM in safe mode. Healthy pipelines reported count is 0, required healthy pipeline reported count is 1
2023-03-29 21:18:03,411 [pool-598-thread-1] INFO  server.RaftServerConfigKeys (ConfUtils.java:logGet(46)) - raft.server.log.write.buffer.size = 1048576 (custom)
2023-03-29 21:18:03,413 [pool-598-thread-1] INFO  server.RaftServerConfigKeys (ConfUtils.java:logGet(46)) - raft.server.log.appender.buffer.byte-limit = 33554432 (custom)
2023-03-29 21:18:03,421 [pool-598-thread-1] INFO  server.RaftServerConfigKeys (ConfUtils.java:logGet(46)) - raft.server.log.unsafe-flush.enabled = false (default)
2023-03-29 21:18:03,421 [pool-598-thread-1] INFO  server.RaftServerConfigKeys (ConfUtils.java:logGet(46)) - raft.server.log.async-flush.enabled = false (default)
2023-03-29 21:18:03,421 [pool-598-thread-1] INFO  server.RaftServerConfigKeys (ConfUtils.java:logGet(46)) - raft.server.log.statemachine.data.caching.enabled = true (custom)
2023-03-29 21:18:03,423 [pool-598-thread-1] INFO  segmented.SegmentedRaftLogWorker (SegmentedRaftLogWorker.java:lambda$new$0(135)) - 80a21d94-395d-4af9-8da1-801cc4a84331@group-C57F3046A27C-SegmentedRaftLogWorker: flushIndex: setUnconditionally 0 -> -1
2023-03-29 21:18:03,423 [pool-598-thread-1] INFO  segmented.SegmentedRaftLogWorker (SegmentedRaftLogWorker.java:lambda$new$0(135)) - 80a21d94-395d-4af9-8da1-801cc4a84331@group-C57F3046A27C-SegmentedRaftLogWorker: safeCacheEvictIndex: setUnconditionally 0 -> -1
2023-03-29 21:18:03,428 [pool-598-thread-1] INFO  server.RaftServer$Division (RaftServerImpl.java:start(334)) - 80a21d94-395d-4af9-8da1-801cc4a84331@group-C57F3046A27C: start as a follower, conf=-1: peers:[80a21d94-395d-4af9-8da1-801cc4a84331|rpc:10.1.0.17:33111|dataStream:10.1.0.17:46045|priority:0|startupRole:FOLLOWER, eb720a23-75c3-467a-80ae-faa20a4fdf41|rpc:10.1.0.17:41371|dataStream:10.1.0.17:45805|priority:0|startupRole:FOLLOWER, 5e0b76c9-98d4-42e7-bc08-714bac9b3108|rpc:10.1.0.17:45791|dataStream:10.1.0.17:39049|priority:1|startupRole:FOLLOWER]|listeners:[], old=null
2023-03-29 21:18:03,429 [pool-598-thread-1] INFO  server.RaftServer$Division (RaftServerImpl.java:setRole(321)) - 80a21d94-395d-4af9-8da1-801cc4a84331@group-C57F3046A27C: changes role from      null to FOLLOWER at term 0 for startAsFollower
2023-03-29 21:18:03,429 [pool-598-thread-1] INFO  impl.RoleInfo (RoleInfo.java:updateAndGet(139)) - 80a21d94-395d-4af9-8da1-801cc4a84331: start 80a21d94-395d-4af9-8da1-801cc4a84331@group-C57F3046A27C-FollowerState
2023-03-29 21:18:03,429 [pool-598-thread-1] INFO  util.JmxRegister (JmxRegister.java:tryRegister(44)) - Successfully registered JMX Bean with object name Ratis:service=RaftServer,group=group-C57F3046A27C,id=80a21d94-395d-4af9-8da1-801cc4a84331
2023-03-29 21:18:03,429 [pool-598-thread-1] INFO  server.RaftServerConfigKeys (ConfUtils.java:logGet(46)) - raft.server.snapshot.auto.trigger.enabled = true (custom)
2023-03-29 21:18:03,429 [pool-598-thread-1] INFO  server.RaftServerConfigKeys (ConfUtils.java:logGet(46)) - raft.server.snapshot.auto.trigger.threshold = 10000 (custom)
2023-03-29 21:18:03,429 [pool-598-thread-1] INFO  server.RaftServerConfigKeys (ConfUtils.java:logGet(46)) - raft.server.snapshot.retention.file.num = 5 (custom)
2023-03-29 21:18:03,429 [pool-598-thread-1] INFO  server.RaftServerConfigKeys (ConfUtils.java:logGet(46)) - raft.server.log.purge.upto.snapshot.index = false (default)
2023-03-29 21:18:03,431 [80a21d94-395d-4af9-8da1-801cc4a84331@group-C57F3046A27C-FollowerState] INFO  server.RaftServerConfigKeys (ConfUtils.java:logFallback(53)) - raft.server.rpc.first-election.timeout.min = 5s (fallback to raft.server.rpc.timeout.min)
2023-03-29 21:18:03,431 [80a21d94-395d-4af9-8da1-801cc4a84331@group-C57F3046A27C-FollowerState] INFO  server.RaftServerConfigKeys (ConfUtils.java:logFallback(53)) - raft.server.rpc.first-election.timeout.max = 5200ms (fallback to raft.server.rpc.timeout.max)
2023-03-29 21:18:03,431 [Command processor thread] INFO  ratis.XceiverServerRatis (XceiverServerRatis.java:addGroup(806)) - Created group PipelineID=af17ef5a-aa36-48ba-8e23-c57f3046a27c
2023-03-29 21:18:03,461 [grpc-default-executor-0] INFO  server.RaftServer (RaftServerProxy.java:addNew(96)) - 5e0b76c9-98d4-42e7-bc08-714bac9b3108: addNew group-C57F3046A27C:[80a21d94-395d-4af9-8da1-801cc4a84331|rpc:10.1.0.17:33111|dataStream:10.1.0.17:46045|priority:0|startupRole:FOLLOWER, eb720a23-75c3-467a-80ae-faa20a4fdf41|rpc:10.1.0.17:41371|dataStream:10.1.0.17:45805|priority:0|startupRole:FOLLOWER, 5e0b76c9-98d4-42e7-bc08-714bac9b3108|rpc:10.1.0.17:45791|dataStream:10.1.0.17:39049|priority:1|startupRole:FOLLOWER] returns group-C57F3046A27C:java.util.concurrent.CompletableFuture@a8bdbb5[Not completed]
2023-03-29 21:18:03,469 [pool-642-thread-1] INFO  server.RaftServer$Division (RaftServerImpl.java:<init>(195)) - 5e0b76c9-98d4-42e7-bc08-714bac9b3108: new RaftServerImpl for group-C57F3046A27C:[80a21d94-395d-4af9-8da1-801cc4a84331|rpc:10.1.0.17:33111|dataStream:10.1.0.17:46045|priority:0|startupRole:FOLLOWER, eb720a23-75c3-467a-80ae-faa20a4fdf41|rpc:10.1.0.17:41371|dataStream:10.1.0.17:45805|priority:0|startupRole:FOLLOWER, 5e0b76c9-98d4-42e7-bc08-714bac9b3108|rpc:10.1.0.17:45791|dataStream:10.1.0.17:39049|priority:1|startupRole:FOLLOWER] with ContainerStateMachine:uninitialized
2023-03-29 21:18:03,469 [pool-642-thread-1] INFO  server.RaftServerConfigKeys (ConfUtils.java:logGet(46)) - raft.server.rpc.timeout.min = 5s (custom)
2023-03-29 21:18:03,469 [pool-642-thread-1] INFO  server.RaftServerConfigKeys (ConfUtils.java:logGet(46)) - raft.server.rpc.timeout.max = 5200ms (custom)
2023-03-29 21:18:03,469 [pool-642-thread-1] INFO  server.RaftServerConfigKeys (ConfUtils.java:logGet(46)) - raft.server.rpc.sleep.time = 25ms (default)
2023-03-29 21:18:03,469 [pool-642-thread-1] INFO  server.RaftServerConfigKeys (ConfUtils.java:logGet(46)) - raft.server.rpc.slowness.timeout = 300s (custom)
2023-03-29 21:18:03,469 [pool-642-thread-1] INFO  server.RaftServerConfigKeys (ConfUtils.java:logGet(46)) - raft.server.leaderelection.leader.step-down.wait-time = 10s (default)
2023-03-29 21:18:03,469 [pool-642-thread-1] INFO  server.RaftServerConfigKeys (ConfUtils.java:logGet(46)) - raft.server.sleep.deviation.threshold = 300ms (default)
2023-03-29 21:18:03,469 [pool-642-thread-1] INFO  server.RaftServer$Division (ServerState.java:<init>(118)) - 5e0b76c9-98d4-42e7-bc08-714bac9b3108@group-C57F3046A27C: ConfigurationManager, init=-1: peers:[80a21d94-395d-4af9-8da1-801cc4a84331|rpc:10.1.0.17:33111|dataStream:10.1.0.17:46045|priority:0|startupRole:FOLLOWER, eb720a23-75c3-467a-80ae-faa20a4fdf41|rpc:10.1.0.17:41371|dataStream:10.1.0.17:45805|priority:0|startupRole:FOLLOWER, 5e0b76c9-98d4-42e7-bc08-714bac9b3108|rpc:10.1.0.17:45791|dataStream:10.1.0.17:39049|priority:1|startupRole:FOLLOWER]|listeners:[], old=null, confs=<EMPTY_MAP>
2023-03-29 21:18:03,469 [pool-642-thread-1] INFO  server.RaftServerConfigKeys (ConfUtils.java:logGet(46)) - raft.server.storage.dir = [/home/runner/work/ozone/ozone/hadoop-ozone/integration-test/target/test-dir/MiniOzoneClusterImpl-629b745a-ec3f-4e94-8d3b-29fcb714514f/datanode-2/data/ratis] (custom)
2023-03-29 21:18:03,469 [pool-642-thread-1] INFO  server.RaftServerConfigKeys (ConfUtils.java:logGet(46)) - raft.server.log.corruption.policy = EXCEPTION (default)
2023-03-29 21:18:03,469 [pool-642-thread-1] INFO  server.RaftServerConfigKeys (ConfUtils.java:logGet(46)) - raft.server.storage.free-space.min = 0MB (=0) (default)
2023-03-29 21:18:03,471 [pool-642-thread-1] INFO  server.RaftServerConfigKeys (ConfUtils.java:logGet(46)) - raft.server.notification.no-leader.timeout = 300s (custom)
2023-03-29 21:18:03,471 [pool-642-thread-1] INFO  server.RaftServerConfigKeys (ConfUtils.java:logGet(46)) - raft.server.retrycache.expirytime = 600000ms (custom)
2023-03-29 21:18:03,471 [pool-642-thread-1] INFO  server.RaftServerConfigKeys (ConfUtils.java:logGet(46)) - raft.server.retrycache.statistics.expirytime = 100μs (default)
2023-03-29 21:18:03,471 [pool-642-thread-1] INFO  server.RaftServerConfigKeys (ConfUtils.java:logGet(46)) - raft.server.log.appender.install.snapshot.enabled = false (custom)
2023-03-29 21:18:03,472 [pool-642-thread-1] INFO  server.RaftServerConfigKeys (ConfUtils.java:logGet(46)) - raft.server.threadpool.server.cached = true (default)
2023-03-29 21:18:03,472 [pool-642-thread-1] INFO  server.RaftServerConfigKeys (ConfUtils.java:logGet(46)) - raft.server.threadpool.server.size = 0 (default)
2023-03-29 21:18:03,473 [pool-642-thread-1] INFO  server.RaftServerConfigKeys (ConfUtils.java:logGet(46)) - raft.server.threadpool.client.cached = true (default)
2023-03-29 21:18:03,473 [pool-642-thread-1] INFO  server.RaftServerConfigKeys (ConfUtils.java:logGet(46)) - raft.server.threadpool.client.size = 0 (default)
2023-03-29 21:18:03,473 [pool-642-thread-1] INFO  storage.RaftStorageDirectory (RaftStorageDirectoryImpl.java:analyzeStorage(137)) - The storage directory /home/runner/work/ozone/ozone/hadoop-ozone/integration-test/target/test-dir/MiniOzoneClusterImpl-629b745a-ec3f-4e94-8d3b-29fcb714514f/datanode-2/data/ratis/af17ef5a-aa36-48ba-8e23-c57f3046a27c does not exist. Creating ...
2023-03-29 21:18:03,475 [pool-642-thread-1] INFO  storage.RaftStorageDirectory (RaftStorageDirectoryImpl.java:tryLock(231)) - Lock on /home/runner/work/ozone/ozone/hadoop-ozone/integration-test/target/test-dir/MiniOzoneClusterImpl-629b745a-ec3f-4e94-8d3b-29fcb714514f/datanode-2/data/ratis/af17ef5a-aa36-48ba-8e23-c57f3046a27c/in_use.lock acquired by nodename 46426@fv-az308-773
2023-03-29 21:18:03,476 [pool-642-thread-1] INFO  storage.RaftStorage (RaftStorageImpl.java:format(96)) - Storage directory /home/runner/work/ozone/ozone/hadoop-ozone/integration-test/target/test-dir/MiniOzoneClusterImpl-629b745a-ec3f-4e94-8d3b-29fcb714514f/datanode-2/data/ratis/af17ef5a-aa36-48ba-8e23-c57f3046a27c has been successfully formatted.
2023-03-29 21:18:03,477 [pool-642-thread-1] INFO  ratis.ContainerStateMachine (ContainerStateMachine.java:loadSnapshot(262)) - group-C57F3046A27C: The snapshot info is null. Setting the last applied indexto:(t:0, i:~)
2023-03-29 21:18:03,477 [pool-642-thread-1] INFO  server.RaftServerConfigKeys (ConfUtils.java:logGet(46)) - raft.server.log.use.memory = false (default)
2023-03-29 21:18:03,477 [pool-642-thread-1] INFO  server.RaftServerConfigKeys (ConfUtils.java:logGet(46)) - raft.server.log.purge.gap = 1000000 (custom)
2023-03-29 21:18:03,477 [pool-642-thread-1] INFO  server.RaftServerConfigKeys (ConfUtils.java:logGet(46)) - raft.server.log.appender.buffer.byte-limit = 33554432 (custom)
2023-03-29 21:18:03,477 [pool-642-thread-1] INFO  server.RaftServerConfigKeys (ConfUtils.java:logGet(46)) - raft.server.log.statemachine.data.read.timeout = 1000ms (default)
2023-03-29 21:18:03,477 [pool-642-thread-1] INFO  server.RaftServerConfigKeys (ConfUtils.java:logGet(46)) - raft.server.log.purge.preservation.log.num = 0 (default)
2023-03-29 21:18:03,478 [pool-642-thread-1] INFO  server.RaftServerConfigKeys (ConfUtils.java:logGet(46)) - raft.server.log.segment.size.max = 1048576 (custom)
2023-03-29 21:18:03,478 [pool-642-thread-1] INFO  server.RaftServerConfigKeys (ConfUtils.java:logGet(46)) - raft.server.log.segment.cache.num.max = 2 (custom)
2023-03-29 21:18:03,478 [pool-642-thread-1] INFO  server.RaftServerConfigKeys (ConfUtils.java:logGet(46)) - raft.server.log.segment.cache.size.max = 200MB (=209715200) (default)
2023-03-29 21:18:03,478 [pool-642-thread-1] INFO  segmented.SegmentedRaftLogWorker (SegmentedRaftLogWorker.java:<init>(189)) - new 5e0b76c9-98d4-42e7-bc08-714bac9b3108@group-C57F3046A27C-SegmentedRaftLogWorker for RaftStorageImpl:Storage Directory /home/runner/work/ozone/ozone/hadoop-ozone/integration-test/target/test-dir/MiniOzoneClusterImpl-629b745a-ec3f-4e94-8d3b-29fcb714514f/datanode-2/data/ratis/af17ef5a-aa36-48ba-8e23-c57f3046a27c
2023-03-29 21:18:03,478 [pool-642-thread-1] INFO  server.RaftServerConfigKeys (ConfUtils.java:logGet(46)) - raft.server.log.queue.byte-limit = 4294967296 (custom)
2023-03-29 21:18:03,478 [pool-642-thread-1] INFO  server.RaftServerConfigKeys (ConfUtils.java:logGet(46)) - raft.server.log.queue.element-limit = 1024 (custom)
2023-03-29 21:18:03,478 [pool-642-thread-1] INFO  server.RaftServerConfigKeys (ConfUtils.java:logGet(46)) - raft.server.log.segment.size.max = 1048576 (custom)
2023-03-29 21:18:03,478 [pool-642-thread-1] INFO  server.RaftServerConfigKeys (ConfUtils.java:logGet(46)) - raft.server.log.preallocated.size = 16384 (custom)
2023-03-29 21:18:03,478 [pool-642-thread-1] INFO  server.RaftServerConfigKeys (ConfUtils.java:logGet(46)) - raft.server.log.force.sync.num = 128 (default)
2023-03-29 21:18:03,478 [pool-642-thread-1] INFO  server.RaftServerConfigKeys (ConfUtils.java:logGet(46)) - raft.server.log.statemachine.data.sync = true (default)
2023-03-29 21:18:03,478 [pool-642-thread-1] INFO  server.RaftServerConfigKeys (ConfUtils.java:logGet(46)) - raft.server.log.statemachine.data.sync.timeout = 10s (default)
2023-03-29 21:18:03,478 [pool-642-thread-1] INFO  server.RaftServerConfigKeys (ConfUtils.java:logGet(46)) - raft.server.log.statemachine.data.sync.timeout.retry = -1 (default)
2023-03-29 21:18:03,479 [pool-642-thread-1] INFO  server.RaftServerConfigKeys (ConfUtils.java:logGet(46)) - raft.server.log.write.buffer.size = 1048576 (custom)
2023-03-29 21:18:03,480 [pool-642-thread-1] INFO  server.RaftServerConfigKeys (ConfUtils.java:logGet(46)) - raft.server.log.appender.buffer.byte-limit = 33554432 (custom)
2023-03-29 21:18:03,485 [pool-642-thread-1] INFO  server.RaftServerConfigKeys (ConfUtils.java:logGet(46)) - raft.server.log.unsafe-flush.enabled = false (default)
2023-03-29 21:18:03,485 [pool-642-thread-1] INFO  server.RaftServerConfigKeys (ConfUtils.java:logGet(46)) - raft.server.log.async-flush.enabled = false (default)
2023-03-29 21:18:03,485 [pool-642-thread-1] INFO  server.RaftServerConfigKeys (ConfUtils.java:logGet(46)) - raft.server.log.statemachine.data.caching.enabled = true (custom)
2023-03-29 21:18:03,485 [pool-642-thread-1] INFO  segmented.SegmentedRaftLogWorker (SegmentedRaftLogWorker.java:lambda$new$0(135)) - 5e0b76c9-98d4-42e7-bc08-714bac9b3108@group-C57F3046A27C-SegmentedRaftLogWorker: flushIndex: setUnconditionally 0 -> -1
2023-03-29 21:18:03,485 [pool-642-thread-1] INFO  segmented.SegmentedRaftLogWorker (SegmentedRaftLogWorker.java:lambda$new$0(135)) - 5e0b76c9-98d4-42e7-bc08-714bac9b3108@group-C57F3046A27C-SegmentedRaftLogWorker: safeCacheEvictIndex: setUnconditionally 0 -> -1
2023-03-29 21:18:03,485 [pool-642-thread-1] INFO  server.RaftServer$Division (RaftServerImpl.java:start(334)) - 5e0b76c9-98d4-42e7-bc08-714bac9b3108@group-C57F3046A27C: start as a follower, conf=-1: peers:[80a21d94-395d-4af9-8da1-801cc4a84331|rpc:10.1.0.17:33111|dataStream:10.1.0.17:46045|priority:0|startupRole:FOLLOWER, eb720a23-75c3-467a-80ae-faa20a4fdf41|rpc:10.1.0.17:41371|dataStream:10.1.0.17:45805|priority:0|startupRole:FOLLOWER, 5e0b76c9-98d4-42e7-bc08-714bac9b3108|rpc:10.1.0.17:45791|dataStream:10.1.0.17:39049|priority:1|startupRole:FOLLOWER]|listeners:[], old=null
2023-03-29 21:18:03,485 [pool-642-thread-1] INFO  server.RaftServer$Division (RaftServerImpl.java:setRole(321)) - 5e0b76c9-98d4-42e7-bc08-714bac9b3108@group-C57F3046A27C: changes role from      null to FOLLOWER at term 0 for startAsFollower
2023-03-29 21:18:03,485 [pool-642-thread-1] INFO  impl.RoleInfo (RoleInfo.java:updateAndGet(139)) - 5e0b76c9-98d4-42e7-bc08-714bac9b3108: start 5e0b76c9-98d4-42e7-bc08-714bac9b3108@group-C57F3046A27C-FollowerState
2023-03-29 21:18:03,489 [pool-642-thread-1] INFO  util.JmxRegister (JmxRegister.java:tryRegister(44)) - Successfully registered JMX Bean with object name Ratis:service=RaftServer,group=group-C57F3046A27C,id=5e0b76c9-98d4-42e7-bc08-714bac9b3108
2023-03-29 21:18:03,489 [pool-642-thread-1] INFO  server.RaftServerConfigKeys (ConfUtils.java:logGet(46)) - raft.server.snapshot.auto.trigger.enabled = true (custom)
2023-03-29 21:18:03,489 [pool-642-thread-1] INFO  server.RaftServerConfigKeys (ConfUtils.java:logGet(46)) - raft.server.snapshot.auto.trigger.threshold = 10000 (custom)
2023-03-29 21:18:03,489 [pool-642-thread-1] INFO  server.RaftServerConfigKeys (ConfUtils.java:logGet(46)) - raft.server.snapshot.retention.file.num = 5 (custom)
2023-03-29 21:18:03,489 [pool-642-thread-1] INFO  server.RaftServerConfigKeys (ConfUtils.java:logGet(46)) - raft.server.log.purge.upto.snapshot.index = false (default)
2023-03-29 21:18:03,489 [5e0b76c9-98d4-42e7-bc08-714bac9b3108@group-C57F3046A27C-FollowerState] INFO  server.RaftServerConfigKeys (ConfUtils.java:logFallback(53)) - raft.server.rpc.first-election.timeout.min = 5s (fallback to raft.server.rpc.timeout.min)
2023-03-29 21:18:03,490 [5e0b76c9-98d4-42e7-bc08-714bac9b3108@group-C57F3046A27C-FollowerState] INFO  server.RaftServerConfigKeys (ConfUtils.java:logFallback(53)) - raft.server.rpc.first-election.timeout.max = 5200ms (fallback to raft.server.rpc.timeout.max)
2023-03-29 21:18:03,521 [grpc-default-executor-0] INFO  server.RaftServer (RaftServerProxy.java:addNew(96)) - eb720a23-75c3-467a-80ae-faa20a4fdf41: addNew group-C57F3046A27C:[80a21d94-395d-4af9-8da1-801cc4a84331|rpc:10.1.0.17:33111|dataStream:10.1.0.17:46045|priority:0|startupRole:FOLLOWER, eb720a23-75c3-467a-80ae-faa20a4fdf41|rpc:10.1.0.17:41371|dataStream:10.1.0.17:45805|priority:0|startupRole:FOLLOWER, 5e0b76c9-98d4-42e7-bc08-714bac9b3108|rpc:10.1.0.17:45791|dataStream:10.1.0.17:39049|priority:1|startupRole:FOLLOWER] returns group-C57F3046A27C:java.util.concurrent.CompletableFuture@15bab25d[Not completed]
2023-03-29 21:18:03,524 [pool-620-thread-1] INFO  server.RaftServer$Division (RaftServerImpl.java:<init>(195)) - eb720a23-75c3-467a-80ae-faa20a4fdf41: new RaftServerImpl for group-C57F3046A27C:[80a21d94-395d-4af9-8da1-801cc4a84331|rpc:10.1.0.17:33111|dataStream:10.1.0.17:46045|priority:0|startupRole:FOLLOWER, eb720a23-75c3-467a-80ae-faa20a4fdf41|rpc:10.1.0.17:41371|dataStream:10.1.0.17:45805|priority:0|startupRole:FOLLOWER, 5e0b76c9-98d4-42e7-bc08-714bac9b3108|rpc:10.1.0.17:45791|dataStream:10.1.0.17:39049|priority:1|startupRole:FOLLOWER] with ContainerStateMachine:uninitialized
2023-03-29 21:18:03,524 [pool-620-thread-1] INFO  server.RaftServerConfigKeys (ConfUtils.java:logGet(46)) - raft.server.rpc.timeout.min = 5s (custom)
2023-03-29 21:18:03,524 [pool-620-thread-1] INFO  server.RaftServerConfigKeys (ConfUtils.java:logGet(46)) - raft.server.rpc.timeout.max = 5200ms (custom)
2023-03-29 21:18:03,524 [pool-620-thread-1] INFO  server.RaftServerConfigKeys (ConfUtils.java:logGet(46)) - raft.server.rpc.sleep.time = 25ms (default)
2023-03-29 21:18:03,525 [pool-620-thread-1] INFO  server.RaftServerConfigKeys (ConfUtils.java:logGet(46)) - raft.server.rpc.slowness.timeout = 300s (custom)
2023-03-29 21:18:03,525 [pool-620-thread-1] INFO  server.RaftServerConfigKeys (ConfUtils.java:logGet(46)) - raft.server.leaderelection.leader.step-down.wait-time = 10s (default)
2023-03-29 21:18:03,525 [pool-620-thread-1] INFO  server.RaftServerConfigKeys (ConfUtils.java:logGet(46)) - raft.server.sleep.deviation.threshold = 300ms (default)
2023-03-29 21:18:03,525 [pool-620-thread-1] INFO  server.RaftServer$Division (ServerState.java:<init>(118)) - eb720a23-75c3-467a-80ae-faa20a4fdf41@group-C57F3046A27C: ConfigurationManager, init=-1: peers:[80a21d94-395d-4af9-8da1-801cc4a84331|rpc:10.1.0.17:33111|dataStream:10.1.0.17:46045|priority:0|startupRole:FOLLOWER, eb720a23-75c3-467a-80ae-faa20a4fdf41|rpc:10.1.0.17:41371|dataStream:10.1.0.17:45805|priority:0|startupRole:FOLLOWER, 5e0b76c9-98d4-42e7-bc08-714bac9b3108|rpc:10.1.0.17:45791|dataStream:10.1.0.17:39049|priority:1|startupRole:FOLLOWER]|listeners:[], old=null, confs=<EMPTY_MAP>
2023-03-29 21:18:03,525 [pool-620-thread-1] INFO  server.RaftServerConfigKeys (ConfUtils.java:logGet(46)) - raft.server.storage.dir = [/home/runner/work/ozone/ozone/hadoop-ozone/integration-test/target/test-dir/MiniOzoneClusterImpl-629b745a-ec3f-4e94-8d3b-29fcb714514f/datanode-1/data/ratis] (custom)
2023-03-29 21:18:03,525 [pool-620-thread-1] INFO  server.RaftServerConfigKeys (ConfUtils.java:logGet(46)) - raft.server.log.corruption.policy = EXCEPTION (default)
2023-03-29 21:18:03,525 [pool-620-thread-1] INFO  server.RaftServerConfigKeys (ConfUtils.java:logGet(46)) - raft.server.storage.free-space.min = 0MB (=0) (default)
2023-03-29 21:18:03,525 [pool-620-thread-1] INFO  server.RaftServerConfigKeys (ConfUtils.java:logGet(46)) - raft.server.notification.no-leader.timeout = 300s (custom)
2023-03-29 21:18:03,525 [pool-620-thread-1] INFO  server.RaftServerConfigKeys (ConfUtils.java:logGet(46)) - raft.server.retrycache.expirytime = 600000ms (custom)
2023-03-29 21:18:03,525 [pool-620-thread-1] INFO  server.RaftServerConfigKeys (ConfUtils.java:logGet(46)) - raft.server.retrycache.statistics.expirytime = 100μs (default)
2023-03-29 21:18:03,526 [pool-620-thread-1] INFO  server.RaftServerConfigKeys (ConfUtils.java:logGet(46)) - raft.server.log.appender.install.snapshot.enabled = false (custom)
2023-03-29 21:18:03,526 [pool-620-thread-1] INFO  server.RaftServerConfigKeys (ConfUtils.java:logGet(46)) - raft.server.threadpool.server.cached = true (default)
2023-03-29 21:18:03,526 [pool-620-thread-1] INFO  server.RaftServerConfigKeys (ConfUtils.java:logGet(46)) - raft.server.threadpool.server.size = 0 (default)
2023-03-29 21:18:03,526 [pool-620-thread-1] INFO  server.RaftServerConfigKeys (ConfUtils.java:logGet(46)) - raft.server.threadpool.client.cached = true (default)
2023-03-29 21:18:03,526 [pool-620-thread-1] INFO  server.RaftServerConfigKeys (ConfUtils.java:logGet(46)) - raft.server.threadpool.client.size = 0 (default)
2023-03-29 21:18:03,526 [pool-620-thread-1] INFO  storage.RaftStorageDirectory (RaftStorageDirectoryImpl.java:analyzeStorage(137)) - The storage directory /home/runner/work/ozone/ozone/hadoop-ozone/integration-test/target/test-dir/MiniOzoneClusterImpl-629b745a-ec3f-4e94-8d3b-29fcb714514f/datanode-1/data/ratis/af17ef5a-aa36-48ba-8e23-c57f3046a27c does not exist. Creating ...
2023-03-29 21:18:03,527 [pool-620-thread-1] INFO  storage.RaftStorageDirectory (RaftStorageDirectoryImpl.java:tryLock(231)) - Lock on /home/runner/work/ozone/ozone/hadoop-ozone/integration-test/target/test-dir/MiniOzoneClusterImpl-629b745a-ec3f-4e94-8d3b-29fcb714514f/datanode-1/data/ratis/af17ef5a-aa36-48ba-8e23-c57f3046a27c/in_use.lock acquired by nodename 46426@fv-az308-773
2023-03-29 21:18:03,528 [pool-620-thread-1] INFO  storage.RaftStorage (RaftStorageImpl.java:format(96)) - Storage directory /home/runner/work/ozone/ozone/hadoop-ozone/integration-test/target/test-dir/MiniOzoneClusterImpl-629b745a-ec3f-4e94-8d3b-29fcb714514f/datanode-1/data/ratis/af17ef5a-aa36-48ba-8e23-c57f3046a27c has been successfully formatted.
2023-03-29 21:18:03,530 [pool-620-thread-1] INFO  ratis.ContainerStateMachine (ContainerStateMachine.java:loadSnapshot(262)) - group-C57F3046A27C: The snapshot info is null. Setting the last applied indexto:(t:0, i:~)
2023-03-29 21:18:03,530 [pool-620-thread-1] INFO  server.RaftServerConfigKeys (ConfUtils.java:logGet(46)) - raft.server.log.use.memory = false (default)
2023-03-29 21:18:03,530 [pool-620-thread-1] INFO  server.RaftServerConfigKeys (ConfUtils.java:logGet(46)) - raft.server.log.purge.gap = 1000000 (custom)
2023-03-29 21:18:03,530 [pool-620-thread-1] INFO  server.RaftServerConfigKeys (ConfUtils.java:logGet(46)) - raft.server.log.appender.buffer.byte-limit = 33554432 (custom)
2023-03-29 21:18:03,530 [pool-620-thread-1] INFO  server.RaftServerConfigKeys (ConfUtils.java:logGet(46)) - raft.server.log.statemachine.data.read.timeout = 1000ms (default)
2023-03-29 21:18:03,530 [pool-620-thread-1] INFO  server.RaftServerConfigKeys (ConfUtils.java:logGet(46)) - raft.server.log.purge.preservation.log.num = 0 (default)
2023-03-29 21:18:03,530 [pool-620-thread-1] INFO  server.RaftServerConfigKeys (ConfUtils.java:logGet(46)) - raft.server.log.segment.size.max = 1048576 (custom)
2023-03-29 21:18:03,531 [pool-620-thread-1] INFO  server.RaftServerConfigKeys (ConfUtils.java:logGet(46)) - raft.server.log.segment.cache.num.max = 2 (custom)
2023-03-29 21:18:03,531 [pool-620-thread-1] INFO  server.RaftServerConfigKeys (ConfUtils.java:logGet(46)) - raft.server.log.segment.cache.size.max = 200MB (=209715200) (default)
2023-03-29 21:18:03,531 [pool-620-thread-1] INFO  segmented.SegmentedRaftLogWorker (SegmentedRaftLogWorker.java:<init>(189)) - new eb720a23-75c3-467a-80ae-faa20a4fdf41@group-C57F3046A27C-SegmentedRaftLogWorker for RaftStorageImpl:Storage Directory /home/runner/work/ozone/ozone/hadoop-ozone/integration-test/target/test-dir/MiniOzoneClusterImpl-629b745a-ec3f-4e94-8d3b-29fcb714514f/datanode-1/data/ratis/af17ef5a-aa36-48ba-8e23-c57f3046a27c
2023-03-29 21:18:03,531 [pool-620-thread-1] INFO  server.RaftServerConfigKeys (ConfUtils.java:logGet(46)) - raft.server.log.queue.byte-limit = 4294967296 (custom)
2023-03-29 21:18:03,531 [pool-620-thread-1] INFO  server.RaftServerConfigKeys (ConfUtils.java:logGet(46)) - raft.server.log.queue.element-limit = 1024 (custom)
2023-03-29 21:18:03,531 [pool-620-thread-1] INFO  server.RaftServerConfigKeys (ConfUtils.java:logGet(46)) - raft.server.log.segment.size.max = 1048576 (custom)
2023-03-29 21:18:03,531 [pool-620-thread-1] INFO  server.RaftServerConfigKeys (ConfUtils.java:logGet(46)) - raft.server.log.preallocated.size = 16384 (custom)
2023-03-29 21:18:03,531 [pool-620-thread-1] INFO  server.RaftServerConfigKeys (ConfUtils.java:logGet(46)) - raft.server.log.force.sync.num = 128 (default)
2023-03-29 21:18:03,531 [pool-620-thread-1] INFO  server.RaftServerConfigKeys (ConfUtils.java:logGet(46)) - raft.server.log.statemachine.data.sync = true (default)
2023-03-29 21:18:03,531 [pool-620-thread-1] INFO  server.RaftServerConfigKeys (ConfUtils.java:logGet(46)) - raft.server.log.statemachine.data.sync.timeout = 10s (default)
2023-03-29 21:18:03,531 [pool-620-thread-1] INFO  server.RaftServerConfigKeys (ConfUtils.java:logGet(46)) - raft.server.log.statemachine.data.sync.timeout.retry = -1 (default)
2023-03-29 21:18:03,532 [pool-620-thread-1] INFO  server.RaftServerConfigKeys (ConfUtils.java:logGet(46)) - raft.server.log.write.buffer.size = 1048576 (custom)
2023-03-29 21:18:03,532 [pool-620-thread-1] INFO  server.RaftServerConfigKeys (ConfUtils.java:logGet(46)) - raft.server.log.appender.buffer.byte-limit = 33554432 (custom)
2023-03-29 21:18:03,539 [pool-620-thread-1] INFO  server.RaftServerConfigKeys (ConfUtils.java:logGet(46)) - raft.server.log.unsafe-flush.enabled = false (default)
2023-03-29 21:18:03,539 [pool-620-thread-1] INFO  server.RaftServerConfigKeys (ConfUtils.java:logGet(46)) - raft.server.log.async-flush.enabled = false (default)
2023-03-29 21:18:03,539 [pool-620-thread-1] INFO  server.RaftServerConfigKeys (ConfUtils.java:logGet(46)) - raft.server.log.statemachine.data.caching.enabled = true (custom)
2023-03-29 21:18:03,539 [pool-620-thread-1] INFO  segmented.SegmentedRaftLogWorker (SegmentedRaftLogWorker.java:lambda$new$0(135)) - eb720a23-75c3-467a-80ae-faa20a4fdf41@group-C57F3046A27C-SegmentedRaftLogWorker: flushIndex: setUnconditionally 0 -> -1
2023-03-29 21:18:03,539 [pool-620-thread-1] INFO  segmented.SegmentedRaftLogWorker (SegmentedRaftLogWorker.java:lambda$new$0(135)) - eb720a23-75c3-467a-80ae-faa20a4fdf41@group-C57F3046A27C-SegmentedRaftLogWorker: safeCacheEvictIndex: setUnconditionally 0 -> -1
2023-03-29 21:18:03,539 [pool-620-thread-1] INFO  server.RaftServer$Division (RaftServerImpl.java:start(334)) - eb720a23-75c3-467a-80ae-faa20a4fdf41@group-C57F3046A27C: start as a follower, conf=-1: peers:[80a21d94-395d-4af9-8da1-801cc4a84331|rpc:10.1.0.17:33111|dataStream:10.1.0.17:46045|priority:0|startupRole:FOLLOWER, eb720a23-75c3-467a-80ae-faa20a4fdf41|rpc:10.1.0.17:41371|dataStream:10.1.0.17:45805|priority:0|startupRole:FOLLOWER, 5e0b76c9-98d4-42e7-bc08-714bac9b3108|rpc:10.1.0.17:45791|dataStream:10.1.0.17:39049|priority:1|startupRole:FOLLOWER]|listeners:[], old=null
2023-03-29 21:18:03,539 [pool-620-thread-1] INFO  server.RaftServer$Division (RaftServerImpl.java:setRole(321)) - eb720a23-75c3-467a-80ae-faa20a4fdf41@group-C57F3046A27C: changes role from      null to FOLLOWER at term 0 for startAsFollower
2023-03-29 21:18:03,539 [pool-620-thread-1] INFO  impl.RoleInfo (RoleInfo.java:updateAndGet(139)) - eb720a23-75c3-467a-80ae-faa20a4fdf41: start eb720a23-75c3-467a-80ae-faa20a4fdf41@group-C57F3046A27C-FollowerState
2023-03-29 21:18:03,541 [pool-620-thread-1] INFO  util.JmxRegister (JmxRegister.java:tryRegister(44)) - Successfully registered JMX Bean with object name Ratis:service=RaftServer,group=group-C57F3046A27C,id=eb720a23-75c3-467a-80ae-faa20a4fdf41
2023-03-29 21:18:03,541 [pool-620-thread-1] INFO  server.RaftServerConfigKeys (ConfUtils.java:logGet(46)) - raft.server.snapshot.auto.trigger.enabled = true (custom)
2023-03-29 21:18:03,541 [pool-620-thread-1] INFO  server.RaftServerConfigKeys (ConfUtils.java:logGet(46)) - raft.server.snapshot.auto.trigger.threshold = 10000 (custom)
2023-03-29 21:18:03,541 [pool-620-thread-1] INFO  server.RaftServerConfigKeys (ConfUtils.java:logGet(46)) - raft.server.snapshot.retention.file.num = 5 (custom)
2023-03-29 21:18:03,542 [pool-620-thread-1] INFO  server.RaftServerConfigKeys (ConfUtils.java:logGet(46)) - raft.server.log.purge.upto.snapshot.index = false (default)
2023-03-29 21:18:03,542 [eb720a23-75c3-467a-80ae-faa20a4fdf41@group-C57F3046A27C-FollowerState] INFO  server.RaftServerConfigKeys (ConfUtils.java:logFallback(53)) - raft.server.rpc.first-election.timeout.min = 5s (fallback to raft.server.rpc.timeout.min)
2023-03-29 21:18:03,542 [eb720a23-75c3-467a-80ae-faa20a4fdf41@group-C57F3046A27C-FollowerState] INFO  server.RaftServerConfigKeys (ConfUtils.java:logFallback(53)) - raft.server.rpc.first-election.timeout.max = 5200ms (fallback to raft.server.rpc.timeout.max)
2023-03-29 21:18:03,550 [Command processor thread] INFO  commandhandler.CreatePipelineCommandHandler (CreatePipelineCommandHandler.java:handle(113)) - Created Pipeline RATIS THREE PipelineID=af17ef5a-aa36-48ba-8e23-c57f3046a27c.
2023-03-29 21:18:03,550 [Command processor thread] INFO  server.RaftServer (RaftServerProxy.java:addNew(96)) - 80a21d94-395d-4af9-8da1-801cc4a84331: addNew group-974C3F79DE30:[80a21d94-395d-4af9-8da1-801cc4a84331|rpc:10.1.0.17:33111|dataStream:10.1.0.17:46045|priority:1|startupRole:FOLLOWER, eb720a23-75c3-467a-80ae-faa20a4fdf41|rpc:10.1.0.17:41371|dataStream:10.1.0.17:45805|priority:0|startupRole:FOLLOWER, 5e0b76c9-98d4-42e7-bc08-714bac9b3108|rpc:10.1.0.17:45791|dataStream:10.1.0.17:39049|priority:0|startupRole:FOLLOWER] returns group-974C3F79DE30:java.util.concurrent.CompletableFuture@15cbc536[Not completed]
2023-03-29 21:18:03,551 [pool-598-thread-1] INFO  server.RaftServer$Division (RaftServerImpl.java:<init>(195)) - 80a21d94-395d-4af9-8da1-801cc4a84331: new RaftServerImpl for group-974C3F79DE30:[80a21d94-395d-4af9-8da1-801cc4a84331|rpc:10.1.0.17:33111|dataStream:10.1.0.17:46045|priority:1|startupRole:FOLLOWER, eb720a23-75c3-467a-80ae-faa20a4fdf41|rpc:10.1.0.17:41371|dataStream:10.1.0.17:45805|priority:0|startupRole:FOLLOWER, 5e0b76c9-98d4-42e7-bc08-714bac9b3108|rpc:10.1.0.17:45791|dataStream:10.1.0.17:39049|priority:0|startupRole:FOLLOWER] with ContainerStateMachine:uninitialized
2023-03-29 21:18:03,551 [pool-598-thread-1] INFO  server.RaftServerConfigKeys (ConfUtils.java:logGet(46)) - raft.server.rpc.timeout.min = 5s (custom)
2023-03-29 21:18:03,551 [pool-598-thread-1] INFO  server.RaftServerConfigKeys (ConfUtils.java:logGet(46)) - raft.server.rpc.timeout.max = 5200ms (custom)
2023-03-29 21:18:03,551 [pool-598-thread-1] INFO  server.RaftServerConfigKeys (ConfUtils.java:logGet(46)) - raft.server.rpc.sleep.time = 25ms (default)
2023-03-29 21:18:03,551 [pool-598-thread-1] INFO  server.RaftServerConfigKeys (ConfUtils.java:logGet(46)) - raft.server.rpc.slowness.timeout = 300s (custom)
2023-03-29 21:18:03,551 [pool-598-thread-1] INFO  server.RaftServerConfigKeys (ConfUtils.java:logGet(46)) - raft.server.leaderelection.leader.step-down.wait-time = 10s (default)
2023-03-29 21:18:03,551 [pool-598-thread-1] INFO  server.RaftServerConfigKeys (ConfUtils.java:logGet(46)) - raft.server.sleep.deviation.threshold = 300ms (default)
2023-03-29 21:18:03,551 [pool-598-thread-1] INFO  server.RaftServer$Division (ServerState.java:<init>(118)) - 80a21d94-395d-4af9-8da1-801cc4a84331@group-974C3F79DE30: ConfigurationManager, init=-1: peers:[80a21d94-395d-4af9-8da1-801cc4a84331|rpc:10.1.0.17:33111|dataStream:10.1.0.17:46045|priority:1|startupRole:FOLLOWER, eb720a23-75c3-467a-80ae-faa20a4fdf41|rpc:10.1.0.17:41371|dataStream:10.1.0.17:45805|priority:0|startupRole:FOLLOWER, 5e0b76c9-98d4-42e7-bc08-714bac9b3108|rpc:10.1.0.17:45791|dataStream:10.1.0.17:39049|priority:0|startupRole:FOLLOWER]|listeners:[], old=null, confs=<EMPTY_MAP>
2023-03-29 21:18:03,551 [pool-598-thread-1] INFO  server.RaftServerConfigKeys (ConfUtils.java:logGet(46)) - raft.server.storage.dir = [/home/runner/work/ozone/ozone/hadoop-ozone/integration-test/target/test-dir/MiniOzoneClusterImpl-629b745a-ec3f-4e94-8d3b-29fcb714514f/datanode-0/data/ratis] (custom)
2023-03-29 21:18:03,551 [pool-598-thread-1] INFO  server.RaftServerConfigKeys (ConfUtils.java:logGet(46)) - raft.server.log.corruption.policy = EXCEPTION (default)
2023-03-29 21:18:03,551 [pool-598-thread-1] INFO  server.RaftServerConfigKeys (ConfUtils.java:logGet(46)) - raft.server.storage.free-space.min = 0MB (=0) (default)
2023-03-29 21:18:03,552 [pool-598-thread-1] INFO  server.RaftServerConfigKeys (ConfUtils.java:logGet(46)) - raft.server.notification.no-leader.timeout = 300s (custom)
2023-03-29 21:18:03,552 [pool-598-thread-1] INFO  server.RaftServerConfigKeys (ConfUtils.java:logGet(46)) - raft.server.retrycache.expirytime = 600000ms (custom)
2023-03-29 21:18:03,552 [pool-598-thread-1] INFO  server.RaftServerConfigKeys (ConfUtils.java:logGet(46)) - raft.server.retrycache.statistics.expirytime = 100μs (default)
2023-03-29 21:18:03,552 [pool-598-thread-1] INFO  server.RaftServerConfigKeys (ConfUtils.java:logGet(46)) - raft.server.log.appender.install.snapshot.enabled = false (custom)
2023-03-29 21:18:03,552 [pool-598-thread-1] INFO  server.RaftServerConfigKeys (ConfUtils.java:logGet(46)) - raft.server.threadpool.server.cached = true (default)
2023-03-29 21:18:03,552 [pool-598-thread-1] INFO  server.RaftServerConfigKeys (ConfUtils.java:logGet(46)) - raft.server.threadpool.server.size = 0 (default)
2023-03-29 21:18:03,552 [pool-598-thread-1] INFO  server.RaftServerConfigKeys (ConfUtils.java:logGet(46)) - raft.server.threadpool.client.cached = true (default)
2023-03-29 21:18:03,552 [pool-598-thread-1] INFO  server.RaftServerConfigKeys (ConfUtils.java:logGet(46)) - raft.server.threadpool.client.size = 0 (default)
2023-03-29 21:18:03,553 [pool-598-thread-1] INFO  storage.RaftStorageDirectory (RaftStorageDirectoryImpl.java:analyzeStorage(137)) - The storage directory /home/runner/work/ozone/ozone/hadoop-ozone/integration-test/target/test-dir/MiniOzoneClusterImpl-629b745a-ec3f-4e94-8d3b-29fcb714514f/datanode-0/data/ratis/9612bb3d-5681-41f7-acd0-974c3f79de30 does not exist. Creating ...
2023-03-29 21:18:03,553 [pool-598-thread-1] INFO  storage.RaftStorageDirectory (RaftStorageDirectoryImpl.java:tryLock(231)) - Lock on /home/runner/work/ozone/ozone/hadoop-ozone/integration-test/target/test-dir/MiniOzoneClusterImpl-629b745a-ec3f-4e94-8d3b-29fcb714514f/datanode-0/data/ratis/9612bb3d-5681-41f7-acd0-974c3f79de30/in_use.lock acquired by nodename 46426@fv-az308-773
2023-03-29 21:18:03,554 [pool-598-thread-1] INFO  storage.RaftStorage (RaftStorageImpl.java:format(96)) - Storage directory /home/runner/work/ozone/ozone/hadoop-ozone/integration-test/target/test-dir/MiniOzoneClusterImpl-629b745a-ec3f-4e94-8d3b-29fcb714514f/datanode-0/data/ratis/9612bb3d-5681-41f7-acd0-974c3f79de30 has been successfully formatted.
2023-03-29 21:18:03,556 [EventQueue-OpenPipelineForHealthyPipelineSafeModeRule] INFO  safemode.SCMSafeModeManager (HealthyPipelineSafeModeRule.java:process(137)) - SCM in safe mode. Healthy pipelines reported count is 0, required healthy pipeline reported count is 1
2023-03-29 21:18:03,557 [pool-598-thread-1] INFO  ratis.ContainerStateMachine (ContainerStateMachine.java:loadSnapshot(262)) - group-974C3F79DE30: The snapshot info is null. Setting the last applied indexto:(t:0, i:~)
2023-03-29 21:18:03,557 [pool-598-thread-1] INFO  server.RaftServerConfigKeys (ConfUtils.java:logGet(46)) - raft.server.log.use.memory = false (default)
2023-03-29 21:18:03,557 [pool-598-thread-1] INFO  server.RaftServerConfigKeys (ConfUtils.java:logGet(46)) - raft.server.log.purge.gap = 1000000 (custom)
2023-03-29 21:18:03,557 [pool-598-thread-1] INFO  server.RaftServerConfigKeys (ConfUtils.java:logGet(46)) - raft.server.log.appender.buffer.byte-limit = 33554432 (custom)
2023-03-29 21:18:03,557 [pool-598-thread-1] INFO  server.RaftServerConfigKeys (ConfUtils.java:logGet(46)) - raft.server.log.statemachine.data.read.timeout = 1000ms (default)
2023-03-29 21:18:03,557 [pool-598-thread-1] INFO  server.RaftServerConfigKeys (ConfUtils.java:logGet(46)) - raft.server.log.purge.preservation.log.num = 0 (default)
2023-03-29 21:18:03,557 [pool-598-thread-1] INFO  server.RaftServerConfigKeys (ConfUtils.java:logGet(46)) - raft.server.log.segment.size.max = 1048576 (custom)
2023-03-29 21:18:03,557 [pool-598-thread-1] INFO  server.RaftServerConfigKeys (ConfUtils.java:logGet(46)) - raft.server.log.segment.cache.num.max = 2 (custom)
2023-03-29 21:18:03,557 [pool-598-thread-1] INFO  server.RaftServerConfigKeys (ConfUtils.java:logGet(46)) - raft.server.log.segment.cache.size.max = 200MB (=209715200) (default)
2023-03-29 21:18:03,558 [pool-598-thread-1] INFO  segmented.SegmentedRaftLogWorker (SegmentedRaftLogWorker.java:<init>(189)) - new 80a21d94-395d-4af9-8da1-801cc4a84331@group-974C3F79DE30-SegmentedRaftLogWorker for RaftStorageImpl:Storage Directory /home/runner/work/ozone/ozone/hadoop-ozone/integration-test/target/test-dir/MiniOzoneClusterImpl-629b745a-ec3f-4e94-8d3b-29fcb714514f/datanode-0/data/ratis/9612bb3d-5681-41f7-acd0-974c3f79de30
2023-03-29 21:18:03,558 [pool-598-thread-1] INFO  server.RaftServerConfigKeys (ConfUtils.java:logGet(46)) - raft.server.log.queue.byte-limit = 4294967296 (custom)
2023-03-29 21:18:03,558 [pool-598-thread-1] INFO  server.RaftServerConfigKeys (ConfUtils.java:logGet(46)) - raft.server.log.queue.element-limit = 1024 (custom)
2023-03-29 21:18:03,558 [pool-598-thread-1] INFO  server.RaftServerConfigKeys (ConfUtils.java:logGet(46)) - raft.server.log.segment.size.max = 1048576 (custom)
2023-03-29 21:18:03,558 [pool-598-thread-1] INFO  server.RaftServerConfigKeys (ConfUtils.java:logGet(46)) - raft.server.log.preallocated.size = 16384 (custom)
2023-03-29 21:18:03,558 [pool-598-thread-1] INFO  server.RaftServerConfigKeys (ConfUtils.java:logGet(46)) - raft.server.log.force.sync.num = 128 (default)
2023-03-29 21:18:03,558 [pool-598-thread-1] INFO  server.RaftServerConfigKeys (ConfUtils.java:logGet(46)) - raft.server.log.statemachine.data.sync = true (default)
2023-03-29 21:18:03,558 [pool-598-thread-1] INFO  server.RaftServerConfigKeys (ConfUtils.java:logGet(46)) - raft.server.log.statemachine.data.sync.timeout = 10s (default)
2023-03-29 21:18:03,558 [pool-598-thread-1] INFO  server.RaftServerConfigKeys (ConfUtils.java:logGet(46)) - raft.server.log.statemachine.data.sync.timeout.retry = -1 (default)
2023-03-29 21:18:03,558 [pool-598-thread-1] INFO  server.RaftServerConfigKeys (ConfUtils.java:logGet(46)) - raft.server.log.write.buffer.size = 1048576 (custom)
2023-03-29 21:18:03,559 [pool-598-thread-1] INFO  server.RaftServerConfigKeys (ConfUtils.java:logGet(46)) - raft.server.log.appender.buffer.byte-limit = 33554432 (custom)
2023-03-29 21:18:03,564 [pool-598-thread-1] INFO  server.RaftServerConfigKeys (ConfUtils.java:logGet(46)) - raft.server.log.unsafe-flush.enabled = false (default)
2023-03-29 21:18:03,564 [pool-598-thread-1] INFO  server.RaftServerConfigKeys (ConfUtils.java:logGet(46)) - raft.server.log.async-flush.enabled = false (default)
2023-03-29 21:18:03,564 [pool-598-thread-1] INFO  server.RaftServerConfigKeys (ConfUtils.java:logGet(46)) - raft.server.log.statemachine.data.caching.enabled = true (custom)
2023-03-29 21:18:03,564 [pool-598-thread-1] INFO  segmented.SegmentedRaftLogWorker (SegmentedRaftLogWorker.java:lambda$new$0(135)) - 80a21d94-395d-4af9-8da1-801cc4a84331@group-974C3F79DE30-SegmentedRaftLogWorker: flushIndex: setUnconditionally 0 -> -1
2023-03-29 21:18:03,564 [pool-598-thread-1] INFO  segmented.SegmentedRaftLogWorker (SegmentedRaftLogWorker.java:lambda$new$0(135)) - 80a21d94-395d-4af9-8da1-801cc4a84331@group-974C3F79DE30-SegmentedRaftLogWorker: safeCacheEvictIndex: setUnconditionally 0 -> -1
2023-03-29 21:18:03,564 [pool-598-thread-1] INFO  server.RaftServer$Division (RaftServerImpl.java:start(334)) - 80a21d94-395d-4af9-8da1-801cc4a84331@group-974C3F79DE30: start as a follower, conf=-1: peers:[80a21d94-395d-4af9-8da1-801cc4a84331|rpc:10.1.0.17:33111|dataStream:10.1.0.17:46045|priority:1|startupRole:FOLLOWER, eb720a23-75c3-467a-80ae-faa20a4fdf41|rpc:10.1.0.17:41371|dataStream:10.1.0.17:45805|priority:0|startupRole:FOLLOWER, 5e0b76c9-98d4-42e7-bc08-714bac9b3108|rpc:10.1.0.17:45791|dataStream:10.1.0.17:39049|priority:0|startupRole:FOLLOWER]|listeners:[], old=null
2023-03-29 21:18:03,564 [pool-598-thread-1] INFO  server.RaftServer$Division (RaftServerImpl.java:setRole(321)) - 80a21d94-395d-4af9-8da1-801cc4a84331@group-974C3F79DE30: changes role from      null to FOLLOWER at term 0 for startAsFollower
2023-03-29 21:18:03,564 [pool-598-thread-1] INFO  impl.RoleInfo (RoleInfo.java:updateAndGet(139)) - 80a21d94-395d-4af9-8da1-801cc4a84331: start 80a21d94-395d-4af9-8da1-801cc4a84331@group-974C3F79DE30-FollowerState
2023-03-29 21:18:03,565 [pool-598-thread-1] INFO  util.JmxRegister (JmxRegister.java:tryRegister(44)) - Successfully registered JMX Bean with object name Ratis:service=RaftServer,group=group-974C3F79DE30,id=80a21d94-395d-4af9-8da1-801cc4a84331
2023-03-29 21:18:03,565 [pool-598-thread-1] INFO  server.RaftServerConfigKeys (ConfUtils.java:logGet(46)) - raft.server.snapshot.auto.trigger.enabled = true (custom)
2023-03-29 21:18:03,565 [pool-598-thread-1] INFO  server.RaftServerConfigKeys (ConfUtils.java:logGet(46)) - raft.server.snapshot.auto.trigger.threshold = 10000 (custom)
2023-03-29 21:18:03,565 [pool-598-thread-1] INFO  server.RaftServerConfigKeys (ConfUtils.java:logGet(46)) - raft.server.snapshot.retention.file.num = 5 (custom)
2023-03-29 21:18:03,565 [pool-598-thread-1] INFO  server.RaftServerConfigKeys (ConfUtils.java:logGet(46)) - raft.server.log.purge.upto.snapshot.index = false (default)
2023-03-29 21:18:03,565 [80a21d94-395d-4af9-8da1-801cc4a84331@group-974C3F79DE30-FollowerState] INFO  server.RaftServerConfigKeys (ConfUtils.java:logFallback(53)) - raft.server.rpc.first-election.timeout.min = 5s (fallback to raft.server.rpc.timeout.min)
2023-03-29 21:18:03,565 [80a21d94-395d-4af9-8da1-801cc4a84331@group-974C3F79DE30-FollowerState] INFO  server.RaftServerConfigKeys (ConfUtils.java:logFallback(53)) - raft.server.rpc.first-election.timeout.max = 5200ms (fallback to raft.server.rpc.timeout.max)
2023-03-29 21:18:03,565 [Command processor thread] INFO  ratis.XceiverServerRatis (XceiverServerRatis.java:addGroup(806)) - Created group PipelineID=9612bb3d-5681-41f7-acd0-974c3f79de30
2023-03-29 21:18:03,574 [grpc-default-executor-0] INFO  server.RaftServer (RaftServerProxy.java:addNew(96)) - 5e0b76c9-98d4-42e7-bc08-714bac9b3108: addNew group-974C3F79DE30:[80a21d94-395d-4af9-8da1-801cc4a84331|rpc:10.1.0.17:33111|dataStream:10.1.0.17:46045|priority:1|startupRole:FOLLOWER, eb720a23-75c3-467a-80ae-faa20a4fdf41|rpc:10.1.0.17:41371|dataStream:10.1.0.17:45805|priority:0|startupRole:FOLLOWER, 5e0b76c9-98d4-42e7-bc08-714bac9b3108|rpc:10.1.0.17:45791|dataStream:10.1.0.17:39049|priority:0|startupRole:FOLLOWER] returns group-974C3F79DE30:java.util.concurrent.CompletableFuture@327494a8[Not completed]
2023-03-29 21:18:03,575 [pool-642-thread-1] INFO  server.RaftServer$Division (RaftServerImpl.java:<init>(195)) - 5e0b76c9-98d4-42e7-bc08-714bac9b3108: new RaftServerImpl for group-974C3F79DE30:[80a21d94-395d-4af9-8da1-801cc4a84331|rpc:10.1.0.17:33111|dataStream:10.1.0.17:46045|priority:1|startupRole:FOLLOWER, eb720a23-75c3-467a-80ae-faa20a4fdf41|rpc:10.1.0.17:41371|dataStream:10.1.0.17:45805|priority:0|startupRole:FOLLOWER, 5e0b76c9-98d4-42e7-bc08-714bac9b3108|rpc:10.1.0.17:45791|dataStream:10.1.0.17:39049|priority:0|startupRole:FOLLOWER] with ContainerStateMachine:uninitialized
2023-03-29 21:18:03,575 [pool-642-thread-1] INFO  server.RaftServerConfigKeys (ConfUtils.java:logGet(46)) - raft.server.rpc.timeout.min = 5s (custom)
2023-03-29 21:18:03,575 [pool-642-thread-1] INFO  server.RaftServerConfigKeys (ConfUtils.java:logGet(46)) - raft.server.rpc.timeout.max = 5200ms (custom)
2023-03-29 21:18:03,575 [pool-642-thread-1] INFO  server.RaftServerConfigKeys (ConfUtils.java:logGet(46)) - raft.server.rpc.sleep.time = 25ms (default)
2023-03-29 21:18:03,575 [pool-642-thread-1] INFO  server.RaftServerConfigKeys (ConfUtils.java:logGet(46)) - raft.server.rpc.slowness.timeout = 300s (custom)
2023-03-29 21:18:03,575 [pool-642-thread-1] INFO  server.RaftServerConfigKeys (ConfUtils.java:logGet(46)) - raft.server.leaderelection.leader.step-down.wait-time = 10s (default)
2023-03-29 21:18:03,576 [pool-642-thread-1] INFO  server.RaftServerConfigKeys (ConfUtils.java:logGet(46)) - raft.server.sleep.deviation.threshold = 300ms (default)
2023-03-29 21:18:03,576 [pool-642-thread-1] INFO  server.RaftServer$Division (ServerState.java:<init>(118)) - 5e0b76c9-98d4-42e7-bc08-714bac9b3108@group-974C3F79DE30: ConfigurationManager, init=-1: peers:[80a21d94-395d-4af9-8da1-801cc4a84331|rpc:10.1.0.17:33111|dataStream:10.1.0.17:46045|priority:1|startupRole:FOLLOWER, eb720a23-75c3-467a-80ae-faa20a4fdf41|rpc:10.1.0.17:41371|dataStream:10.1.0.17:45805|priority:0|startupRole:FOLLOWER, 5e0b76c9-98d4-42e7-bc08-714bac9b3108|rpc:10.1.0.17:45791|dataStream:10.1.0.17:39049|priority:0|startupRole:FOLLOWER]|listeners:[], old=null, confs=<EMPTY_MAP>
2023-03-29 21:18:03,576 [pool-642-thread-1] INFO  server.RaftServerConfigKeys (ConfUtils.java:logGet(46)) - raft.server.storage.dir = [/home/runner/work/ozone/ozone/hadoop-ozone/integration-test/target/test-dir/MiniOzoneClusterImpl-629b745a-ec3f-4e94-8d3b-29fcb714514f/datanode-2/data/ratis] (custom)
2023-03-29 21:18:03,576 [pool-642-thread-1] INFO  server.RaftServerConfigKeys (ConfUtils.java:logGet(46)) - raft.server.log.corruption.policy = EXCEPTION (default)
2023-03-29 21:18:03,576 [pool-642-thread-1] INFO  server.RaftServerConfigKeys (ConfUtils.java:logGet(46)) - raft.server.storage.free-space.min = 0MB (=0) (default)
2023-03-29 21:18:03,576 [pool-642-thread-1] INFO  server.RaftServerConfigKeys (ConfUtils.java:logGet(46)) - raft.server.notification.no-leader.timeout = 300s (custom)
2023-03-29 21:18:03,576 [pool-642-thread-1] INFO  server.RaftServerConfigKeys (ConfUtils.java:logGet(46)) - raft.server.retrycache.expirytime = 600000ms (custom)
2023-03-29 21:18:03,576 [pool-642-thread-1] INFO  server.RaftServerConfigKeys (ConfUtils.java:logGet(46)) - raft.server.retrycache.statistics.expirytime = 100μs (default)
2023-03-29 21:18:03,577 [pool-642-thread-1] INFO  server.RaftServerConfigKeys (ConfUtils.java:logGet(46)) - raft.server.log.appender.install.snapshot.enabled = false (custom)
2023-03-29 21:18:03,577 [pool-642-thread-1] INFO  server.RaftServerConfigKeys (ConfUtils.java:logGet(46)) - raft.server.threadpool.server.cached = true (default)
2023-03-29 21:18:03,577 [pool-642-thread-1] INFO  server.RaftServerConfigKeys (ConfUtils.java:logGet(46)) - raft.server.threadpool.server.size = 0 (default)
2023-03-29 21:18:03,577 [pool-642-thread-1] INFO  server.RaftServerConfigKeys (ConfUtils.java:logGet(46)) - raft.server.threadpool.client.cached = true (default)
2023-03-29 21:18:03,577 [pool-642-thread-1] INFO  server.RaftServerConfigKeys (ConfUtils.java:logGet(46)) - raft.server.threadpool.client.size = 0 (default)
2023-03-29 21:18:03,577 [pool-642-thread-1] INFO  storage.RaftStorageDirectory (RaftStorageDirectoryImpl.java:analyzeStorage(137)) - The storage directory /home/runner/work/ozone/ozone/hadoop-ozone/integration-test/target/test-dir/MiniOzoneClusterImpl-629b745a-ec3f-4e94-8d3b-29fcb714514f/datanode-2/data/ratis/9612bb3d-5681-41f7-acd0-974c3f79de30 does not exist. Creating ...
2023-03-29 21:18:03,578 [pool-642-thread-1] INFO  storage.RaftStorageDirectory (RaftStorageDirectoryImpl.java:tryLock(231)) - Lock on /home/runner/work/ozone/ozone/hadoop-ozone/integration-test/target/test-dir/MiniOzoneClusterImpl-629b745a-ec3f-4e94-8d3b-29fcb714514f/datanode-2/data/ratis/9612bb3d-5681-41f7-acd0-974c3f79de30/in_use.lock acquired by nodename 46426@fv-az308-773
2023-03-29 21:18:03,579 [pool-642-thread-1] INFO  storage.RaftStorage (RaftStorageImpl.java:format(96)) - Storage directory /home/runner/work/ozone/ozone/hadoop-ozone/integration-test/target/test-dir/MiniOzoneClusterImpl-629b745a-ec3f-4e94-8d3b-29fcb714514f/datanode-2/data/ratis/9612bb3d-5681-41f7-acd0-974c3f79de30 has been successfully formatted.
2023-03-29 21:18:03,581 [pool-642-thread-1] INFO  ratis.ContainerStateMachine (ContainerStateMachine.java:loadSnapshot(262)) - group-974C3F79DE30: The snapshot info is null. Setting the last applied indexto:(t:0, i:~)
2023-03-29 21:18:03,581 [pool-642-thread-1] INFO  server.RaftServerConfigKeys (ConfUtils.java:logGet(46)) - raft.server.log.use.memory = false (default)
2023-03-29 21:18:03,581 [pool-642-thread-1] INFO  server.RaftServerConfigKeys (ConfUtils.java:logGet(46)) - raft.server.log.purge.gap = 1000000 (custom)
2023-03-29 21:18:03,581 [pool-642-thread-1] INFO  server.RaftServerConfigKeys (ConfUtils.java:logGet(46)) - raft.server.log.appender.buffer.byte-limit = 33554432 (custom)
2023-03-29 21:18:03,581 [pool-642-thread-1] INFO  server.RaftServerConfigKeys (ConfUtils.java:logGet(46)) - raft.server.log.statemachine.data.read.timeout = 1000ms (default)
2023-03-29 21:18:03,581 [pool-642-thread-1] INFO  server.RaftServerConfigKeys (ConfUtils.java:logGet(46)) - raft.server.log.purge.preservation.log.num = 0 (default)
2023-03-29 21:18:03,581 [pool-642-thread-1] INFO  server.RaftServerConfigKeys (ConfUtils.java:logGet(46)) - raft.server.log.segment.size.max = 1048576 (custom)
2023-03-29 21:18:03,582 [pool-642-thread-1] INFO  server.RaftServerConfigKeys (ConfUtils.java:logGet(46)) - raft.server.log.segment.cache.num.max = 2 (custom)
2023-03-29 21:18:03,582 [pool-642-thread-1] INFO  server.RaftServerConfigKeys (ConfUtils.java:logGet(46)) - raft.server.log.segment.cache.size.max = 200MB (=209715200) (default)
2023-03-29 21:18:03,582 [pool-642-thread-1] INFO  segmented.SegmentedRaftLogWorker (SegmentedRaftLogWorker.java:<init>(189)) - new 5e0b76c9-98d4-42e7-bc08-714bac9b3108@group-974C3F79DE30-SegmentedRaftLogWorker for RaftStorageImpl:Storage Directory /home/runner/work/ozone/ozone/hadoop-ozone/integration-test/target/test-dir/MiniOzoneClusterImpl-629b745a-ec3f-4e94-8d3b-29fcb714514f/datanode-2/data/ratis/9612bb3d-5681-41f7-acd0-974c3f79de30
2023-03-29 21:18:03,582 [pool-642-thread-1] INFO  server.RaftServerConfigKeys (ConfUtils.java:logGet(46)) - raft.server.log.queue.byte-limit = 4294967296 (custom)
2023-03-29 21:18:03,582 [pool-642-thread-1] INFO  server.RaftServerConfigKeys (ConfUtils.java:logGet(46)) - raft.server.log.queue.element-limit = 1024 (custom)
2023-03-29 21:18:03,582 [pool-642-thread-1] INFO  server.RaftServerConfigKeys (ConfUtils.java:logGet(46)) - raft.server.log.segment.size.max = 1048576 (custom)
2023-03-29 21:18:03,582 [pool-642-thread-1] INFO  server.RaftServerConfigKeys (ConfUtils.java:logGet(46)) - raft.server.log.preallocated.size = 16384 (custom)
2023-03-29 21:18:03,582 [pool-642-thread-1] INFO  server.RaftServerConfigKeys (ConfUtils.java:logGet(46)) - raft.server.log.force.sync.num = 128 (default)
2023-03-29 21:18:03,582 [pool-642-thread-1] INFO  server.RaftServerConfigKeys (ConfUtils.java:logGet(46)) - raft.server.log.statemachine.data.sync = true (default)
2023-03-29 21:18:03,582 [pool-642-thread-1] INFO  server.RaftServerConfigKeys (ConfUtils.java:logGet(46)) - raft.server.log.statemachine.data.sync.timeout = 10s (default)
2023-03-29 21:18:03,582 [pool-642-thread-1] INFO  server.RaftServerConfigKeys (ConfUtils.java:logGet(46)) - raft.server.log.statemachine.data.sync.timeout.retry = -1 (default)
2023-03-29 21:18:03,582 [pool-642-thread-1] INFO  server.RaftServerConfigKeys (ConfUtils.java:logGet(46)) - raft.server.log.write.buffer.size = 1048576 (custom)
2023-03-29 21:18:03,583 [pool-642-thread-1] INFO  server.RaftServerConfigKeys (ConfUtils.java:logGet(46)) - raft.server.log.appender.buffer.byte-limit = 33554432 (custom)
2023-03-29 21:18:03,587 [pool-642-thread-1] INFO  server.RaftServerConfigKeys (ConfUtils.java:logGet(46)) - raft.server.log.unsafe-flush.enabled = false (default)
2023-03-29 21:18:03,588 [pool-642-thread-1] INFO  server.RaftServerConfigKeys (ConfUtils.java:logGet(46)) - raft.server.log.async-flush.enabled = false (default)
2023-03-29 21:18:03,588 [pool-642-thread-1] INFO  server.RaftServerConfigKeys (ConfUtils.java:logGet(46)) - raft.server.log.statemachine.data.caching.enabled = true (custom)
2023-03-29 21:18:03,588 [pool-642-thread-1] INFO  segmented.SegmentedRaftLogWorker (SegmentedRaftLogWorker.java:lambda$new$0(135)) - 5e0b76c9-98d4-42e7-bc08-714bac9b3108@group-974C3F79DE30-SegmentedRaftLogWorker: flushIndex: setUnconditionally 0 -> -1
2023-03-29 21:18:03,588 [pool-642-thread-1] INFO  segmented.SegmentedRaftLogWorker (SegmentedRaftLogWorker.java:lambda$new$0(135)) - 5e0b76c9-98d4-42e7-bc08-714bac9b3108@group-974C3F79DE30-SegmentedRaftLogWorker: safeCacheEvictIndex: setUnconditionally 0 -> -1
2023-03-29 21:18:03,588 [pool-642-thread-1] INFO  server.RaftServer$Division (RaftServerImpl.java:start(334)) - 5e0b76c9-98d4-42e7-bc08-714bac9b3108@group-974C3F79DE30: start as a follower, conf=-1: peers:[80a21d94-395d-4af9-8da1-801cc4a84331|rpc:10.1.0.17:33111|dataStream:10.1.0.17:46045|priority:1|startupRole:FOLLOWER, eb720a23-75c3-467a-80ae-faa20a4fdf41|rpc:10.1.0.17:41371|dataStream:10.1.0.17:45805|priority:0|startupRole:FOLLOWER, 5e0b76c9-98d4-42e7-bc08-714bac9b3108|rpc:10.1.0.17:45791|dataStream:10.1.0.17:39049|priority:0|startupRole:FOLLOWER]|listeners:[], old=null
2023-03-29 21:18:03,588 [pool-642-thread-1] INFO  server.RaftServer$Division (RaftServerImpl.java:setRole(321)) - 5e0b76c9-98d4-42e7-bc08-714bac9b3108@group-974C3F79DE30: changes role from      null to FOLLOWER at term 0 for startAsFollower
2023-03-29 21:18:03,588 [pool-642-thread-1] INFO  impl.RoleInfo (RoleInfo.java:updateAndGet(139)) - 5e0b76c9-98d4-42e7-bc08-714bac9b3108: start 5e0b76c9-98d4-42e7-bc08-714bac9b3108@group-974C3F79DE30-FollowerState
2023-03-29 21:18:03,589 [pool-642-thread-1] INFO  util.JmxRegister (JmxRegister.java:tryRegister(44)) - Successfully registered JMX Bean with object name Ratis:service=RaftServer,group=group-974C3F79DE30,id=5e0b76c9-98d4-42e7-bc08-714bac9b3108
2023-03-29 21:18:03,589 [pool-642-thread-1] INFO  server.RaftServerConfigKeys (ConfUtils.java:logGet(46)) - raft.server.snapshot.auto.trigger.enabled = true (custom)
2023-03-29 21:18:03,589 [pool-642-thread-1] INFO  server.RaftServerConfigKeys (ConfUtils.java:logGet(46)) - raft.server.snapshot.auto.trigger.threshold = 10000 (custom)
2023-03-29 21:18:03,589 [pool-642-thread-1] INFO  server.RaftServerConfigKeys (ConfUtils.java:logGet(46)) - raft.server.snapshot.retention.file.num = 5 (custom)
2023-03-29 21:18:03,589 [pool-642-thread-1] INFO  server.RaftServerConfigKeys (ConfUtils.java:logGet(46)) - raft.server.log.purge.upto.snapshot.index = false (default)
2023-03-29 21:18:03,590 [5e0b76c9-98d4-42e7-bc08-714bac9b3108@group-974C3F79DE30-FollowerState] INFO  server.RaftServerConfigKeys (ConfUtils.java:logFallback(53)) - raft.server.rpc.first-election.timeout.min = 5s (fallback to raft.server.rpc.timeout.min)
2023-03-29 21:18:03,590 [5e0b76c9-98d4-42e7-bc08-714bac9b3108@group-974C3F79DE30-FollowerState] INFO  server.RaftServerConfigKeys (ConfUtils.java:logFallback(53)) - raft.server.rpc.first-election.timeout.max = 5200ms (fallback to raft.server.rpc.timeout.max)
2023-03-29 21:18:03,608 [grpc-default-executor-0] INFO  server.RaftServer (RaftServerProxy.java:addNew(96)) - eb720a23-75c3-467a-80ae-faa20a4fdf41: addNew group-974C3F79DE30:[80a21d94-395d-4af9-8da1-801cc4a84331|rpc:10.1.0.17:33111|dataStream:10.1.0.17:46045|priority:1|startupRole:FOLLOWER, eb720a23-75c3-467a-80ae-faa20a4fdf41|rpc:10.1.0.17:41371|dataStream:10.1.0.17:45805|priority:0|startupRole:FOLLOWER, 5e0b76c9-98d4-42e7-bc08-714bac9b3108|rpc:10.1.0.17:45791|dataStream:10.1.0.17:39049|priority:0|startupRole:FOLLOWER] returns group-974C3F79DE30:java.util.concurrent.CompletableFuture@7d7771cd[Not completed]
2023-03-29 21:18:03,609 [pool-620-thread-1] INFO  server.RaftServer$Division (RaftServerImpl.java:<init>(195)) - eb720a23-75c3-467a-80ae-faa20a4fdf41: new RaftServerImpl for group-974C3F79DE30:[80a21d94-395d-4af9-8da1-801cc4a84331|rpc:10.1.0.17:33111|dataStream:10.1.0.17:46045|priority:1|startupRole:FOLLOWER, eb720a23-75c3-467a-80ae-faa20a4fdf41|rpc:10.1.0.17:41371|dataStream:10.1.0.17:45805|priority:0|startupRole:FOLLOWER, 5e0b76c9-98d4-42e7-bc08-714bac9b3108|rpc:10.1.0.17:45791|dataStream:10.1.0.17:39049|priority:0|startupRole:FOLLOWER] with ContainerStateMachine:uninitialized
2023-03-29 21:18:03,609 [pool-620-thread-1] INFO  server.RaftServerConfigKeys (ConfUtils.java:logGet(46)) - raft.server.rpc.timeout.min = 5s (custom)
2023-03-29 21:18:03,609 [pool-620-thread-1] INFO  server.RaftServerConfigKeys (ConfUtils.java:logGet(46)) - raft.server.rpc.timeout.max = 5200ms (custom)
2023-03-29 21:18:03,609 [pool-620-thread-1] INFO  server.RaftServerConfigKeys (ConfUtils.java:logGet(46)) - raft.server.rpc.sleep.time = 25ms (default)
2023-03-29 21:18:03,609 [pool-620-thread-1] INFO  server.RaftServerConfigKeys (ConfUtils.java:logGet(46)) - raft.server.rpc.slowness.timeout = 300s (custom)
2023-03-29 21:18:03,609 [pool-620-thread-1] INFO  server.RaftServerConfigKeys (ConfUtils.java:logGet(46)) - raft.server.leaderelection.leader.step-down.wait-time = 10s (default)
2023-03-29 21:18:03,609 [pool-620-thread-1] INFO  server.RaftServerConfigKeys (ConfUtils.java:logGet(46)) - raft.server.sleep.deviation.threshold = 300ms (default)
2023-03-29 21:18:03,610 [pool-620-thread-1] INFO  server.RaftServer$Division (ServerState.java:<init>(118)) - eb720a23-75c3-467a-80ae-faa20a4fdf41@group-974C3F79DE30: ConfigurationManager, init=-1: peers:[80a21d94-395d-4af9-8da1-801cc4a84331|rpc:10.1.0.17:33111|dataStream:10.1.0.17:46045|priority:1|startupRole:FOLLOWER, eb720a23-75c3-467a-80ae-faa20a4fdf41|rpc:10.1.0.17:41371|dataStream:10.1.0.17:45805|priority:0|startupRole:FOLLOWER, 5e0b76c9-98d4-42e7-bc08-714bac9b3108|rpc:10.1.0.17:45791|dataStream:10.1.0.17:39049|priority:0|startupRole:FOLLOWER]|listeners:[], old=null, confs=<EMPTY_MAP>
2023-03-29 21:18:03,610 [pool-620-thread-1] INFO  server.RaftServerConfigKeys (ConfUtils.java:logGet(46)) - raft.server.storage.dir = [/home/runner/work/ozone/ozone/hadoop-ozone/integration-test/target/test-dir/MiniOzoneClusterImpl-629b745a-ec3f-4e94-8d3b-29fcb714514f/datanode-1/data/ratis] (custom)
2023-03-29 21:18:03,610 [pool-620-thread-1] INFO  server.RaftServerConfigKeys (ConfUtils.java:logGet(46)) - raft.server.log.corruption.policy = EXCEPTION (default)
2023-03-29 21:18:03,610 [pool-620-thread-1] INFO  server.RaftServerConfigKeys (ConfUtils.java:logGet(46)) - raft.server.storage.free-space.min = 0MB (=0) (default)
2023-03-29 21:18:03,610 [pool-620-thread-1] INFO  server.RaftServerConfigKeys (ConfUtils.java:logGet(46)) - raft.server.notification.no-leader.timeout = 300s (custom)
2023-03-29 21:18:03,610 [pool-620-thread-1] INFO  server.RaftServerConfigKeys (ConfUtils.java:logGet(46)) - raft.server.retrycache.expirytime = 600000ms (custom)
2023-03-29 21:18:03,610 [pool-620-thread-1] INFO  server.RaftServerConfigKeys (ConfUtils.java:logGet(46)) - raft.server.retrycache.statistics.expirytime = 100μs (default)
2023-03-29 21:18:03,610 [pool-620-thread-1] INFO  server.RaftServerConfigKeys (ConfUtils.java:logGet(46)) - raft.server.log.appender.install.snapshot.enabled = false (custom)
2023-03-29 21:18:03,611 [pool-620-thread-1] INFO  server.RaftServerConfigKeys (ConfUtils.java:logGet(46)) - raft.server.threadpool.server.cached = true (default)
2023-03-29 21:18:03,611 [pool-620-thread-1] INFO  server.RaftServerConfigKeys (ConfUtils.java:logGet(46)) - raft.server.threadpool.server.size = 0 (default)
2023-03-29 21:18:03,611 [pool-620-thread-1] INFO  server.RaftServerConfigKeys (ConfUtils.java:logGet(46)) - raft.server.threadpool.client.cached = true (default)
2023-03-29 21:18:03,611 [pool-620-thread-1] INFO  server.RaftServerConfigKeys (ConfUtils.java:logGet(46)) - raft.server.threadpool.client.size = 0 (default)
2023-03-29 21:18:03,611 [pool-620-thread-1] INFO  storage.RaftStorageDirectory (RaftStorageDirectoryImpl.java:analyzeStorage(137)) - The storage directory /home/runner/work/ozone/ozone/hadoop-ozone/integration-test/target/test-dir/MiniOzoneClusterImpl-629b745a-ec3f-4e94-8d3b-29fcb714514f/datanode-1/data/ratis/9612bb3d-5681-41f7-acd0-974c3f79de30 does not exist. Creating ...
2023-03-29 21:18:03,612 [pool-620-thread-1] INFO  storage.RaftStorageDirectory (RaftStorageDirectoryImpl.java:tryLock(231)) - Lock on /home/runner/work/ozone/ozone/hadoop-ozone/integration-test/target/test-dir/MiniOzoneClusterImpl-629b745a-ec3f-4e94-8d3b-29fcb714514f/datanode-1/data/ratis/9612bb3d-5681-41f7-acd0-974c3f79de30/in_use.lock acquired by nodename 46426@fv-az308-773
2023-03-29 21:18:03,613 [pool-620-thread-1] INFO  storage.RaftStorage (RaftStorageImpl.java:format(96)) - Storage directory /home/runner/work/ozone/ozone/hadoop-ozone/integration-test/target/test-dir/MiniOzoneClusterImpl-629b745a-ec3f-4e94-8d3b-29fcb714514f/datanode-1/data/ratis/9612bb3d-5681-41f7-acd0-974c3f79de30 has been successfully formatted.
2023-03-29 21:18:03,614 [pool-620-thread-1] INFO  ratis.ContainerStateMachine (ContainerStateMachine.java:loadSnapshot(262)) - group-974C3F79DE30: The snapshot info is null. Setting the last applied indexto:(t:0, i:~)
2023-03-29 21:18:03,614 [pool-620-thread-1] INFO  server.RaftServerConfigKeys (ConfUtils.java:logGet(46)) - raft.server.log.use.memory = false (default)
2023-03-29 21:18:03,614 [pool-620-thread-1] INFO  server.RaftServerConfigKeys (ConfUtils.java:logGet(46)) - raft.server.log.purge.gap = 1000000 (custom)
2023-03-29 21:18:03,614 [pool-620-thread-1] INFO  server.RaftServerConfigKeys (ConfUtils.java:logGet(46)) - raft.server.log.appender.buffer.byte-limit = 33554432 (custom)
2023-03-29 21:18:03,614 [pool-620-thread-1] INFO  server.RaftServerConfigKeys (ConfUtils.java:logGet(46)) - raft.server.log.statemachine.data.read.timeout = 1000ms (default)
2023-03-29 21:18:03,614 [pool-620-thread-1] INFO  server.RaftServerConfigKeys (ConfUtils.java:logGet(46)) - raft.server.log.purge.preservation.log.num = 0 (default)
2023-03-29 21:18:03,614 [pool-620-thread-1] INFO  server.RaftServerConfigKeys (ConfUtils.java:logGet(46)) - raft.server.log.segment.size.max = 1048576 (custom)
2023-03-29 21:18:03,614 [pool-620-thread-1] INFO  server.RaftServerConfigKeys (ConfUtils.java:logGet(46)) - raft.server.log.segment.cache.num.max = 2 (custom)
2023-03-29 21:18:03,614 [pool-620-thread-1] INFO  server.RaftServerConfigKeys (ConfUtils.java:logGet(46)) - raft.server.log.segment.cache.size.max = 200MB (=209715200) (default)
2023-03-29 21:18:03,614 [pool-620-thread-1] INFO  segmented.SegmentedRaftLogWorker (SegmentedRaftLogWorker.java:<init>(189)) - new eb720a23-75c3-467a-80ae-faa20a4fdf41@group-974C3F79DE30-SegmentedRaftLogWorker for RaftStorageImpl:Storage Directory /home/runner/work/ozone/ozone/hadoop-ozone/integration-test/target/test-dir/MiniOzoneClusterImpl-629b745a-ec3f-4e94-8d3b-29fcb714514f/datanode-1/data/ratis/9612bb3d-5681-41f7-acd0-974c3f79de30
2023-03-29 21:18:03,614 [pool-620-thread-1] INFO  server.RaftServerConfigKeys (ConfUtils.java:logGet(46)) - raft.server.log.queue.byte-limit = 4294967296 (custom)
2023-03-29 21:18:03,614 [pool-620-thread-1] INFO  server.RaftServerConfigKeys (ConfUtils.java:logGet(46)) - raft.server.log.queue.element-limit = 1024 (custom)
2023-03-29 21:18:03,614 [pool-620-thread-1] INFO  server.RaftServerConfigKeys (ConfUtils.java:logGet(46)) - raft.server.log.segment.size.max = 1048576 (custom)
2023-03-29 21:18:03,614 [pool-620-thread-1] INFO  server.RaftServerConfigKeys (ConfUtils.java:logGet(46)) - raft.server.log.preallocated.size = 16384 (custom)
2023-03-29 21:18:03,615 [pool-620-thread-1] INFO  server.RaftServerConfigKeys (ConfUtils.java:logGet(46)) - raft.server.log.force.sync.num = 128 (default)
2023-03-29 21:18:03,615 [pool-620-thread-1] INFO  server.RaftServerConfigKeys (ConfUtils.java:logGet(46)) - raft.server.log.statemachine.data.sync = true (default)
2023-03-29 21:18:03,615 [pool-620-thread-1] INFO  server.RaftServerConfigKeys (ConfUtils.java:logGet(46)) - raft.server.log.statemachine.data.sync.timeout = 10s (default)
2023-03-29 21:18:03,615 [pool-620-thread-1] INFO  server.RaftServerConfigKeys (ConfUtils.java:logGet(46)) - raft.server.log.statemachine.data.sync.timeout.retry = -1 (default)
2023-03-29 21:18:03,615 [pool-620-thread-1] INFO  server.RaftServerConfigKeys (ConfUtils.java:logGet(46)) - raft.server.log.write.buffer.size = 1048576 (custom)
2023-03-29 21:18:03,616 [pool-620-thread-1] INFO  server.RaftServerConfigKeys (ConfUtils.java:logGet(46)) - raft.server.log.appender.buffer.byte-limit = 33554432 (custom)
2023-03-29 21:18:03,625 [pool-620-thread-1] INFO  server.RaftServerConfigKeys (ConfUtils.java:logGet(46)) - raft.server.log.unsafe-flush.enabled = false (default)
2023-03-29 21:18:03,626 [pool-620-thread-1] INFO  server.RaftServerConfigKeys (ConfUtils.java:logGet(46)) - raft.server.log.async-flush.enabled = false (default)
2023-03-29 21:18:03,626 [pool-620-thread-1] INFO  server.RaftServerConfigKeys (ConfUtils.java:logGet(46)) - raft.server.log.statemachine.data.caching.enabled = true (custom)
2023-03-29 21:18:03,626 [pool-620-thread-1] INFO  segmented.SegmentedRaftLogWorker (SegmentedRaftLogWorker.java:lambda$new$0(135)) - eb720a23-75c3-467a-80ae-faa20a4fdf41@group-974C3F79DE30-SegmentedRaftLogWorker: flushIndex: setUnconditionally 0 -> -1
2023-03-29 21:18:03,626 [pool-620-thread-1] INFO  segmented.SegmentedRaftLogWorker (SegmentedRaftLogWorker.java:lambda$new$0(135)) - eb720a23-75c3-467a-80ae-faa20a4fdf41@group-974C3F79DE30-SegmentedRaftLogWorker: safeCacheEvictIndex: setUnconditionally 0 -> -1
2023-03-29 21:18:03,631 [pool-620-thread-1] INFO  server.RaftServer$Division (RaftServerImpl.java:start(334)) - eb720a23-75c3-467a-80ae-faa20a4fdf41@group-974C3F79DE30: start as a follower, conf=-1: peers:[80a21d94-395d-4af9-8da1-801cc4a84331|rpc:10.1.0.17:33111|dataStream:10.1.0.17:46045|priority:1|startupRole:FOLLOWER, eb720a23-75c3-467a-80ae-faa20a4fdf41|rpc:10.1.0.17:41371|dataStream:10.1.0.17:45805|priority:0|startupRole:FOLLOWER, 5e0b76c9-98d4-42e7-bc08-714bac9b3108|rpc:10.1.0.17:45791|dataStream:10.1.0.17:39049|priority:0|startupRole:FOLLOWER]|listeners:[], old=null
2023-03-29 21:18:03,631 [pool-620-thread-1] INFO  server.RaftServer$Division (RaftServerImpl.java:setRole(321)) - eb720a23-75c3-467a-80ae-faa20a4fdf41@group-974C3F79DE30: changes role from      null to FOLLOWER at term 0 for startAsFollower
2023-03-29 21:18:03,631 [pool-620-thread-1] INFO  impl.RoleInfo (RoleInfo.java:updateAndGet(139)) - eb720a23-75c3-467a-80ae-faa20a4fdf41: start eb720a23-75c3-467a-80ae-faa20a4fdf41@group-974C3F79DE30-FollowerState
2023-03-29 21:18:03,635 [pool-620-thread-1] INFO  util.JmxRegister (JmxRegister.java:tryRegister(44)) - Successfully registered JMX Bean with object name Ratis:service=RaftServer,group=group-974C3F79DE30,id=eb720a23-75c3-467a-80ae-faa20a4fdf41
2023-03-29 21:18:03,635 [pool-620-thread-1] INFO  server.RaftServerConfigKeys (ConfUtils.java:logGet(46)) - raft.server.snapshot.auto.trigger.enabled = true (custom)
2023-03-29 21:18:03,635 [pool-620-thread-1] INFO  server.RaftServerConfigKeys (ConfUtils.java:logGet(46)) - raft.server.snapshot.auto.trigger.threshold = 10000 (custom)
2023-03-29 21:18:03,635 [pool-620-thread-1] INFO  server.RaftServerConfigKeys (ConfUtils.java:logGet(46)) - raft.server.snapshot.retention.file.num = 5 (custom)
2023-03-29 21:18:03,635 [pool-620-thread-1] INFO  server.RaftServerConfigKeys (ConfUtils.java:logGet(46)) - raft.server.log.purge.upto.snapshot.index = false (default)
2023-03-29 21:18:03,636 [eb720a23-75c3-467a-80ae-faa20a4fdf41@group-974C3F79DE30-FollowerState] INFO  server.RaftServerConfigKeys (ConfUtils.java:logFallback(53)) - raft.server.rpc.first-election.timeout.min = 5s (fallback to raft.server.rpc.timeout.min)
2023-03-29 21:18:03,636 [eb720a23-75c3-467a-80ae-faa20a4fdf41@group-974C3F79DE30-FollowerState] INFO  server.RaftServerConfigKeys (ConfUtils.java:logFallback(53)) - raft.server.rpc.first-election.timeout.max = 5200ms (fallback to raft.server.rpc.timeout.max)
2023-03-29 21:18:03,647 [Command processor thread] INFO  commandhandler.CreatePipelineCommandHandler (CreatePipelineCommandHandler.java:handle(113)) - Created Pipeline RATIS THREE PipelineID=9612bb3d-5681-41f7-acd0-974c3f79de30.
2023-03-29 21:18:03,809 [Command processor thread] INFO  server.RaftServer (RaftServerProxy.java:addNew(96)) - eb720a23-75c3-467a-80ae-faa20a4fdf41: addNew group-D186FA483920:[eb720a23-75c3-467a-80ae-faa20a4fdf41|rpc:10.1.0.17:41371|dataStream:10.1.0.17:45805|priority:1|startupRole:FOLLOWER] returns group-D186FA483920:java.util.concurrent.CompletableFuture@31e9c65[Not completed]
2023-03-29 21:18:03,810 [pool-620-thread-1] INFO  server.RaftServer$Division (RaftServerImpl.java:<init>(195)) - eb720a23-75c3-467a-80ae-faa20a4fdf41: new RaftServerImpl for group-D186FA483920:[eb720a23-75c3-467a-80ae-faa20a4fdf41|rpc:10.1.0.17:41371|dataStream:10.1.0.17:45805|priority:1|startupRole:FOLLOWER] with ContainerStateMachine:uninitialized
2023-03-29 21:18:03,810 [pool-620-thread-1] INFO  server.RaftServerConfigKeys (ConfUtils.java:logGet(46)) - raft.server.rpc.timeout.min = 5s (custom)
2023-03-29 21:18:03,810 [pool-620-thread-1] INFO  server.RaftServerConfigKeys (ConfUtils.java:logGet(46)) - raft.server.rpc.timeout.max = 5200ms (custom)
2023-03-29 21:18:03,810 [pool-620-thread-1] INFO  server.RaftServerConfigKeys (ConfUtils.java:logGet(46)) - raft.server.rpc.sleep.time = 25ms (default)
2023-03-29 21:18:03,810 [pool-620-thread-1] INFO  server.RaftServerConfigKeys (ConfUtils.java:logGet(46)) - raft.server.rpc.slowness.timeout = 300s (custom)
2023-03-29 21:18:03,810 [pool-620-thread-1] INFO  server.RaftServerConfigKeys (ConfUtils.java:logGet(46)) - raft.server.leaderelection.leader.step-down.wait-time = 10s (default)
2023-03-29 21:18:03,811 [pool-620-thread-1] INFO  server.RaftServerConfigKeys (ConfUtils.java:logGet(46)) - raft.server.sleep.deviation.threshold = 300ms (default)
2023-03-29 21:18:03,811 [pool-620-thread-1] INFO  server.RaftServer$Division (ServerState.java:<init>(118)) - eb720a23-75c3-467a-80ae-faa20a4fdf41@group-D186FA483920: ConfigurationManager, init=-1: peers:[eb720a23-75c3-467a-80ae-faa20a4fdf41|rpc:10.1.0.17:41371|dataStream:10.1.0.17:45805|priority:1|startupRole:FOLLOWER]|listeners:[], old=null, confs=<EMPTY_MAP>
2023-03-29 21:18:03,811 [pool-620-thread-1] INFO  server.RaftServerConfigKeys (ConfUtils.java:logGet(46)) - raft.server.storage.dir = [/home/runner/work/ozone/ozone/hadoop-ozone/integration-test/target/test-dir/MiniOzoneClusterImpl-629b745a-ec3f-4e94-8d3b-29fcb714514f/datanode-1/data/ratis] (custom)
2023-03-29 21:18:03,811 [pool-620-thread-1] INFO  server.RaftServerConfigKeys (ConfUtils.java:logGet(46)) - raft.server.log.corruption.policy = EXCEPTION (default)
2023-03-29 21:18:03,811 [pool-620-thread-1] INFO  server.RaftServerConfigKeys (ConfUtils.java:logGet(46)) - raft.server.storage.free-space.min = 0MB (=0) (default)
2023-03-29 21:18:03,811 [pool-620-thread-1] INFO  server.RaftServerConfigKeys (ConfUtils.java:logGet(46)) - raft.server.notification.no-leader.timeout = 300s (custom)
2023-03-29 21:18:03,811 [pool-620-thread-1] INFO  server.RaftServerConfigKeys (ConfUtils.java:logGet(46)) - raft.server.retrycache.expirytime = 600000ms (custom)
2023-03-29 21:18:03,811 [pool-620-thread-1] INFO  server.RaftServerConfigKeys (ConfUtils.java:logGet(46)) - raft.server.retrycache.statistics.expirytime = 100μs (default)
2023-03-29 21:18:03,812 [pool-620-thread-1] INFO  server.RaftServerConfigKeys (ConfUtils.java:logGet(46)) - raft.server.log.appender.install.snapshot.enabled = false (custom)
2023-03-29 21:18:03,812 [pool-620-thread-1] INFO  server.RaftServerConfigKeys (ConfUtils.java:logGet(46)) - raft.server.threadpool.server.cached = true (default)
2023-03-29 21:18:03,812 [pool-620-thread-1] INFO  server.RaftServerConfigKeys (ConfUtils.java:logGet(46)) - raft.server.threadpool.server.size = 0 (default)
2023-03-29 21:18:03,812 [pool-620-thread-1] INFO  server.RaftServerConfigKeys (ConfUtils.java:logGet(46)) - raft.server.threadpool.client.cached = true (default)
2023-03-29 21:18:03,812 [pool-620-thread-1] INFO  server.RaftServerConfigKeys (ConfUtils.java:logGet(46)) - raft.server.threadpool.client.size = 0 (default)
2023-03-29 21:18:03,812 [pool-620-thread-1] INFO  storage.RaftStorageDirectory (RaftStorageDirectoryImpl.java:analyzeStorage(137)) - The storage directory /home/runner/work/ozone/ozone/hadoop-ozone/integration-test/target/test-dir/MiniOzoneClusterImpl-629b745a-ec3f-4e94-8d3b-29fcb714514f/datanode-1/data/ratis/df613c81-3707-4e4e-b7d1-d186fa483920 does not exist. Creating ...
2023-03-29 21:18:03,813 [pool-620-thread-1] INFO  storage.RaftStorageDirectory (RaftStorageDirectoryImpl.java:tryLock(231)) - Lock on /home/runner/work/ozone/ozone/hadoop-ozone/integration-test/target/test-dir/MiniOzoneClusterImpl-629b745a-ec3f-4e94-8d3b-29fcb714514f/datanode-1/data/ratis/df613c81-3707-4e4e-b7d1-d186fa483920/in_use.lock acquired by nodename 46426@fv-az308-773
2023-03-29 21:18:03,814 [pool-620-thread-1] INFO  storage.RaftStorage (RaftStorageImpl.java:format(96)) - Storage directory /home/runner/work/ozone/ozone/hadoop-ozone/integration-test/target/test-dir/MiniOzoneClusterImpl-629b745a-ec3f-4e94-8d3b-29fcb714514f/datanode-1/data/ratis/df613c81-3707-4e4e-b7d1-d186fa483920 has been successfully formatted.
2023-03-29 21:18:03,815 [pool-620-thread-1] INFO  ratis.ContainerStateMachine (ContainerStateMachine.java:loadSnapshot(262)) - group-D186FA483920: The snapshot info is null. Setting the last applied indexto:(t:0, i:~)
2023-03-29 21:18:03,815 [pool-620-thread-1] INFO  server.RaftServerConfigKeys (ConfUtils.java:logGet(46)) - raft.server.log.use.memory = false (default)
2023-03-29 21:18:03,816 [pool-620-thread-1] INFO  server.RaftServerConfigKeys (ConfUtils.java:logGet(46)) - raft.server.log.purge.gap = 1000000 (custom)
2023-03-29 21:18:03,816 [pool-620-thread-1] INFO  server.RaftServerConfigKeys (ConfUtils.java:logGet(46)) - raft.server.log.appender.buffer.byte-limit = 33554432 (custom)
2023-03-29 21:18:03,816 [pool-620-thread-1] INFO  server.RaftServerConfigKeys (ConfUtils.java:logGet(46)) - raft.server.log.statemachine.data.read.timeout = 1000ms (default)
2023-03-29 21:18:03,816 [pool-620-thread-1] INFO  server.RaftServerConfigKeys (ConfUtils.java:logGet(46)) - raft.server.log.purge.preservation.log.num = 0 (default)
2023-03-29 21:18:03,816 [pool-620-thread-1] INFO  server.RaftServerConfigKeys (ConfUtils.java:logGet(46)) - raft.server.log.segment.size.max = 1048576 (custom)
2023-03-29 21:18:03,816 [pool-620-thread-1] INFO  server.RaftServerConfigKeys (ConfUtils.java:logGet(46)) - raft.server.log.segment.cache.num.max = 2 (custom)
2023-03-29 21:18:03,816 [pool-620-thread-1] INFO  server.RaftServerConfigKeys (ConfUtils.java:logGet(46)) - raft.server.log.segment.cache.size.max = 200MB (=209715200) (default)
2023-03-29 21:18:03,816 [pool-620-thread-1] INFO  segmented.SegmentedRaftLogWorker (SegmentedRaftLogWorker.java:<init>(189)) - new eb720a23-75c3-467a-80ae-faa20a4fdf41@group-D186FA483920-SegmentedRaftLogWorker for RaftStorageImpl:Storage Directory /home/runner/work/ozone/ozone/hadoop-ozone/integration-test/target/test-dir/MiniOzoneClusterImpl-629b745a-ec3f-4e94-8d3b-29fcb714514f/datanode-1/data/ratis/df613c81-3707-4e4e-b7d1-d186fa483920
2023-03-29 21:18:03,816 [pool-620-thread-1] INFO  server.RaftServerConfigKeys (ConfUtils.java:logGet(46)) - raft.server.log.queue.byte-limit = 4294967296 (custom)
2023-03-29 21:18:03,816 [pool-620-thread-1] INFO  server.RaftServerConfigKeys (ConfUtils.java:logGet(46)) - raft.server.log.queue.element-limit = 1024 (custom)
2023-03-29 21:18:03,816 [pool-620-thread-1] INFO  server.RaftServerConfigKeys (ConfUtils.java:logGet(46)) - raft.server.log.segment.size.max = 1048576 (custom)
2023-03-29 21:18:03,817 [pool-620-thread-1] INFO  server.RaftServerConfigKeys (ConfUtils.java:logGet(46)) - raft.server.log.preallocated.size = 16384 (custom)
2023-03-29 21:18:03,817 [pool-620-thread-1] INFO  server.RaftServerConfigKeys (ConfUtils.java:logGet(46)) - raft.server.log.force.sync.num = 128 (default)
2023-03-29 21:18:03,817 [pool-620-thread-1] INFO  server.RaftServerConfigKeys (ConfUtils.java:logGet(46)) - raft.server.log.statemachine.data.sync = true (default)
2023-03-29 21:18:03,817 [pool-620-thread-1] INFO  server.RaftServerConfigKeys (ConfUtils.java:logGet(46)) - raft.server.log.statemachine.data.sync.timeout = 10s (default)
2023-03-29 21:18:03,817 [pool-620-thread-1] INFO  server.RaftServerConfigKeys (ConfUtils.java:logGet(46)) - raft.server.log.statemachine.data.sync.timeout.retry = -1 (default)
2023-03-29 21:18:03,817 [EventQueue-PipelineReportForPipelineReportHandler] INFO  pipeline.PipelineManagerImpl (PipelineManagerImpl.java:openPipeline(367)) - Pipeline Pipeline[ Id: df613c81-3707-4e4e-b7d1-d186fa483920, Nodes: eb720a23-75c3-467a-80ae-faa20a4fdf41(fv-az308-773/10.1.0.17), ReplicationConfig: RATIS/ONE, State:ALLOCATED, leaderId:eb720a23-75c3-467a-80ae-faa20a4fdf41, CreationTimestamp2023-03-29T21:18:00.815Z[Etc/UTC]] moved to OPEN state
2023-03-29 21:18:03,818 [EventQueue-OpenPipelineForHealthyPipelineSafeModeRule] INFO  safemode.SCMSafeModeManager (HealthyPipelineSafeModeRule.java:process(137)) - SCM in safe mode. Healthy pipelines reported count is 0, required healthy pipeline reported count is 1
2023-03-29 21:18:03,817 [pool-620-thread-1] INFO  server.RaftServerConfigKeys (ConfUtils.java:logGet(46)) - raft.server.log.write.buffer.size = 1048576 (custom)
2023-03-29 21:18:03,819 [pool-620-thread-1] INFO  server.RaftServerConfigKeys (ConfUtils.java:logGet(46)) - raft.server.log.appender.buffer.byte-limit = 33554432 (custom)
2023-03-29 21:18:03,824 [pool-620-thread-1] INFO  server.RaftServerConfigKeys (ConfUtils.java:logGet(46)) - raft.server.log.unsafe-flush.enabled = false (default)
2023-03-29 21:18:03,824 [pool-620-thread-1] INFO  server.RaftServerConfigKeys (ConfUtils.java:logGet(46)) - raft.server.log.async-flush.enabled = false (default)
2023-03-29 21:18:03,824 [pool-620-thread-1] INFO  server.RaftServerConfigKeys (ConfUtils.java:logGet(46)) - raft.server.log.statemachine.data.caching.enabled = true (custom)
2023-03-29 21:18:03,824 [pool-620-thread-1] INFO  segmented.SegmentedRaftLogWorker (SegmentedRaftLogWorker.java:lambda$new$0(135)) - eb720a23-75c3-467a-80ae-faa20a4fdf41@group-D186FA483920-SegmentedRaftLogWorker: flushIndex: setUnconditionally 0 -> -1
2023-03-29 21:18:03,824 [pool-620-thread-1] INFO  segmented.SegmentedRaftLogWorker (SegmentedRaftLogWorker.java:lambda$new$0(135)) - eb720a23-75c3-467a-80ae-faa20a4fdf41@group-D186FA483920-SegmentedRaftLogWorker: safeCacheEvictIndex: setUnconditionally 0 -> -1
2023-03-29 21:18:03,824 [pool-620-thread-1] INFO  server.RaftServer$Division (RaftServerImpl.java:start(334)) - eb720a23-75c3-467a-80ae-faa20a4fdf41@group-D186FA483920: start as a follower, conf=-1: peers:[eb720a23-75c3-467a-80ae-faa20a4fdf41|rpc:10.1.0.17:41371|dataStream:10.1.0.17:45805|priority:1|startupRole:FOLLOWER]|listeners:[], old=null
2023-03-29 21:18:03,824 [pool-620-thread-1] INFO  server.RaftServer$Division (RaftServerImpl.java:setRole(321)) - eb720a23-75c3-467a-80ae-faa20a4fdf41@group-D186FA483920: changes role from      null to FOLLOWER at term 0 for startAsFollower
2023-03-29 21:18:03,824 [pool-620-thread-1] INFO  impl.RoleInfo (RoleInfo.java:updateAndGet(139)) - eb720a23-75c3-467a-80ae-faa20a4fdf41: start eb720a23-75c3-467a-80ae-faa20a4fdf41@group-D186FA483920-FollowerState
2023-03-29 21:18:03,825 [pool-620-thread-1] INFO  util.JmxRegister (JmxRegister.java:tryRegister(44)) - Successfully registered JMX Bean with object name Ratis:service=RaftServer,group=group-D186FA483920,id=eb720a23-75c3-467a-80ae-faa20a4fdf41
2023-03-29 21:18:03,825 [pool-620-thread-1] INFO  server.RaftServerConfigKeys (ConfUtils.java:logGet(46)) - raft.server.snapshot.auto.trigger.enabled = true (custom)
2023-03-29 21:18:03,825 [pool-620-thread-1] INFO  server.RaftServerConfigKeys (ConfUtils.java:logGet(46)) - raft.server.snapshot.auto.trigger.threshold = 10000 (custom)
2023-03-29 21:18:03,825 [pool-620-thread-1] INFO  server.RaftServerConfigKeys (ConfUtils.java:logGet(46)) - raft.server.snapshot.retention.file.num = 5 (custom)
2023-03-29 21:18:03,825 [pool-620-thread-1] INFO  server.RaftServerConfigKeys (ConfUtils.java:logGet(46)) - raft.server.log.purge.upto.snapshot.index = false (default)
2023-03-29 21:18:03,825 [eb720a23-75c3-467a-80ae-faa20a4fdf41@group-D186FA483920-FollowerState] INFO  server.RaftServerConfigKeys (ConfUtils.java:logFallback(53)) - raft.server.rpc.first-election.timeout.min = 5s (fallback to raft.server.rpc.timeout.min)
2023-03-29 21:18:03,825 [eb720a23-75c3-467a-80ae-faa20a4fdf41@group-D186FA483920-FollowerState] INFO  server.RaftServerConfigKeys (ConfUtils.java:logFallback(53)) - raft.server.rpc.first-election.timeout.max = 5200ms (fallback to raft.server.rpc.timeout.max)
2023-03-29 21:18:03,826 [Command processor thread] INFO  ratis.XceiverServerRatis (XceiverServerRatis.java:addGroup(806)) - Created group PipelineID=df613c81-3707-4e4e-b7d1-d186fa483920
2023-03-29 21:18:03,826 [Command processor thread] INFO  commandhandler.CreatePipelineCommandHandler (CreatePipelineCommandHandler.java:handle(113)) - Created Pipeline RATIS ONE PipelineID=df613c81-3707-4e4e-b7d1-d186fa483920.
2023-03-29 21:18:04,165 [Listener at 127.0.0.1/41565] INFO  ozone.MiniOzoneClusterImpl (MiniOzoneClusterImpl.java:lambda$waitForClusterToBeReady$0(222)) - Nodes are ready. Got 3 of 3 DN Heartbeats.
2023-03-29 21:18:04,165 [Listener at 127.0.0.1/41565] INFO  ozone.MiniOzoneClusterImpl (MiniOzoneClusterImpl.java:lambda$waitForClusterToBeReady$0(225)) - Waiting for cluster to exit safe mode
2023-03-29 21:18:04,165 [Listener at 127.0.0.1/41565] INFO  ozone.MiniOzoneClusterImpl (MiniOzoneClusterImpl.java:lambda$waitForClusterToBeReady$0(227)) - SCM became leader
2023-03-29 21:18:04,168 [Command processor thread] INFO  server.RaftServer (RaftServerProxy.java:addNew(96)) - 5e0b76c9-98d4-42e7-bc08-714bac9b3108: addNew group-E388923868E8:[5e0b76c9-98d4-42e7-bc08-714bac9b3108|rpc:10.1.0.17:45791|dataStream:10.1.0.17:39049|priority:1|startupRole:FOLLOWER] returns group-E388923868E8:java.util.concurrent.CompletableFuture@2c150b23[Not completed]
2023-03-29 21:18:04,169 [pool-642-thread-1] INFO  server.RaftServer$Division (RaftServerImpl.java:<init>(195)) - 5e0b76c9-98d4-42e7-bc08-714bac9b3108: new RaftServerImpl for group-E388923868E8:[5e0b76c9-98d4-42e7-bc08-714bac9b3108|rpc:10.1.0.17:45791|dataStream:10.1.0.17:39049|priority:1|startupRole:FOLLOWER] with ContainerStateMachine:uninitialized
2023-03-29 21:18:04,169 [pool-642-thread-1] INFO  server.RaftServerConfigKeys (ConfUtils.java:logGet(46)) - raft.server.rpc.timeout.min = 5s (custom)
2023-03-29 21:18:04,169 [pool-642-thread-1] INFO  server.RaftServerConfigKeys (ConfUtils.java:logGet(46)) - raft.server.rpc.timeout.max = 5200ms (custom)
2023-03-29 21:18:04,169 [pool-642-thread-1] INFO  server.RaftServerConfigKeys (ConfUtils.java:logGet(46)) - raft.server.rpc.sleep.time = 25ms (default)
2023-03-29 21:18:04,170 [pool-642-thread-1] INFO  server.RaftServerConfigKeys (ConfUtils.java:logGet(46)) - raft.server.rpc.slowness.timeout = 300s (custom)
2023-03-29 21:18:04,170 [pool-642-thread-1] INFO  server.RaftServerConfigKeys (ConfUtils.java:logGet(46)) - raft.server.leaderelection.leader.step-down.wait-time = 10s (default)
2023-03-29 21:18:04,170 [pool-642-thread-1] INFO  server.RaftServerConfigKeys (ConfUtils.java:logGet(46)) - raft.server.sleep.deviation.threshold = 300ms (default)
2023-03-29 21:18:04,170 [pool-642-thread-1] INFO  server.RaftServer$Division (ServerState.java:<init>(118)) - 5e0b76c9-98d4-42e7-bc08-714bac9b3108@group-E388923868E8: ConfigurationManager, init=-1: peers:[5e0b76c9-98d4-42e7-bc08-714bac9b3108|rpc:10.1.0.17:45791|dataStream:10.1.0.17:39049|priority:1|startupRole:FOLLOWER]|listeners:[], old=null, confs=<EMPTY_MAP>
2023-03-29 21:18:04,170 [pool-642-thread-1] INFO  server.RaftServerConfigKeys (ConfUtils.java:logGet(46)) - raft.server.storage.dir = [/home/runner/work/ozone/ozone/hadoop-ozone/integration-test/target/test-dir/MiniOzoneClusterImpl-629b745a-ec3f-4e94-8d3b-29fcb714514f/datanode-2/data/ratis] (custom)
2023-03-29 21:18:04,170 [pool-642-thread-1] INFO  server.RaftServerConfigKeys (ConfUtils.java:logGet(46)) - raft.server.log.corruption.policy = EXCEPTION (default)
2023-03-29 21:18:04,170 [pool-642-thread-1] INFO  server.RaftServerConfigKeys (ConfUtils.java:logGet(46)) - raft.server.storage.free-space.min = 0MB (=0) (default)
2023-03-29 21:18:04,170 [pool-642-thread-1] INFO  server.RaftServerConfigKeys (ConfUtils.java:logGet(46)) - raft.server.notification.no-leader.timeout = 300s (custom)
2023-03-29 21:18:04,170 [pool-642-thread-1] INFO  server.RaftServerConfigKeys (ConfUtils.java:logGet(46)) - raft.server.retrycache.expirytime = 600000ms (custom)
2023-03-29 21:18:04,170 [pool-642-thread-1] INFO  server.RaftServerConfigKeys (ConfUtils.java:logGet(46)) - raft.server.retrycache.statistics.expirytime = 100μs (default)
2023-03-29 21:18:04,171 [pool-642-thread-1] INFO  server.RaftServerConfigKeys (ConfUtils.java:logGet(46)) - raft.server.log.appender.install.snapshot.enabled = false (custom)
2023-03-29 21:18:04,171 [pool-642-thread-1] INFO  server.RaftServerConfigKeys (ConfUtils.java:logGet(46)) - raft.server.threadpool.server.cached = true (default)
2023-03-29 21:18:04,171 [pool-642-thread-1] INFO  server.RaftServerConfigKeys (ConfUtils.java:logGet(46)) - raft.server.threadpool.server.size = 0 (default)
2023-03-29 21:18:04,171 [pool-642-thread-1] INFO  server.RaftServerConfigKeys (ConfUtils.java:logGet(46)) - raft.server.threadpool.client.cached = true (default)
2023-03-29 21:18:04,171 [pool-642-thread-1] INFO  server.RaftServerConfigKeys (ConfUtils.java:logGet(46)) - raft.server.threadpool.client.size = 0 (default)
2023-03-29 21:18:04,171 [pool-642-thread-1] INFO  storage.RaftStorageDirectory (RaftStorageDirectoryImpl.java:analyzeStorage(137)) - The storage directory /home/runner/work/ozone/ozone/hadoop-ozone/integration-test/target/test-dir/MiniOzoneClusterImpl-629b745a-ec3f-4e94-8d3b-29fcb714514f/datanode-2/data/ratis/62963792-5f57-4f6e-9f1f-e388923868e8 does not exist. Creating ...
2023-03-29 21:18:04,172 [pool-642-thread-1] INFO  storage.RaftStorageDirectory (RaftStorageDirectoryImpl.java:tryLock(231)) - Lock on /home/runner/work/ozone/ozone/hadoop-ozone/integration-test/target/test-dir/MiniOzoneClusterImpl-629b745a-ec3f-4e94-8d3b-29fcb714514f/datanode-2/data/ratis/62963792-5f57-4f6e-9f1f-e388923868e8/in_use.lock acquired by nodename 46426@fv-az308-773
2023-03-29 21:18:04,174 [pool-642-thread-1] INFO  storage.RaftStorage (RaftStorageImpl.java:format(96)) - Storage directory /home/runner/work/ozone/ozone/hadoop-ozone/integration-test/target/test-dir/MiniOzoneClusterImpl-629b745a-ec3f-4e94-8d3b-29fcb714514f/datanode-2/data/ratis/62963792-5f57-4f6e-9f1f-e388923868e8 has been successfully formatted.
2023-03-29 21:18:04,177 [EventQueue-PipelineReportForPipelineReportHandler] INFO  pipeline.PipelineManagerImpl (PipelineManagerImpl.java:openPipeline(367)) - Pipeline Pipeline[ Id: 62963792-5f57-4f6e-9f1f-e388923868e8, Nodes: 5e0b76c9-98d4-42e7-bc08-714bac9b3108(fv-az308-773/10.1.0.17), ReplicationConfig: RATIS/ONE, State:ALLOCATED, leaderId:5e0b76c9-98d4-42e7-bc08-714bac9b3108, CreationTimestamp2023-03-29T21:18:01.171Z[Etc/UTC]] moved to OPEN state
2023-03-29 21:18:04,177 [EventQueue-OpenPipelineForHealthyPipelineSafeModeRule] INFO  safemode.SCMSafeModeManager (HealthyPipelineSafeModeRule.java:process(137)) - SCM in safe mode. Healthy pipelines reported count is 0, required healthy pipeline reported count is 1
2023-03-29 21:18:04,180 [pool-642-thread-1] INFO  ratis.ContainerStateMachine (ContainerStateMachine.java:loadSnapshot(262)) - group-E388923868E8: The snapshot info is null. Setting the last applied indexto:(t:0, i:~)
2023-03-29 21:18:04,180 [pool-642-thread-1] INFO  server.RaftServerConfigKeys (ConfUtils.java:logGet(46)) - raft.server.log.use.memory = false (default)
2023-03-29 21:18:04,180 [pool-642-thread-1] INFO  server.RaftServerConfigKeys (ConfUtils.java:logGet(46)) - raft.server.log.purge.gap = 1000000 (custom)
2023-03-29 21:18:04,180 [pool-642-thread-1] INFO  server.RaftServerConfigKeys (ConfUtils.java:logGet(46)) - raft.server.log.appender.buffer.byte-limit = 33554432 (custom)
2023-03-29 21:18:04,180 [pool-642-thread-1] INFO  server.RaftServerConfigKeys (ConfUtils.java:logGet(46)) - raft.server.log.statemachine.data.read.timeout = 1000ms (default)
2023-03-29 21:18:04,180 [pool-642-thread-1] INFO  server.RaftServerConfigKeys (ConfUtils.java:logGet(46)) - raft.server.log.purge.preservation.log.num = 0 (default)
2023-03-29 21:18:04,180 [pool-642-thread-1] INFO  server.RaftServerConfigKeys (ConfUtils.java:logGet(46)) - raft.server.log.segment.size.max = 1048576 (custom)
2023-03-29 21:18:04,180 [pool-642-thread-1] INFO  server.RaftServerConfigKeys (ConfUtils.java:logGet(46)) - raft.server.log.segment.cache.num.max = 2 (custom)
2023-03-29 21:18:04,180 [pool-642-thread-1] INFO  server.RaftServerConfigKeys (ConfUtils.java:logGet(46)) - raft.server.log.segment.cache.size.max = 200MB (=209715200) (default)
2023-03-29 21:18:04,181 [pool-642-thread-1] INFO  segmented.SegmentedRaftLogWorker (SegmentedRaftLogWorker.java:<init>(189)) - new 5e0b76c9-98d4-42e7-bc08-714bac9b3108@group-E388923868E8-SegmentedRaftLogWorker for RaftStorageImpl:Storage Directory /home/runner/work/ozone/ozone/hadoop-ozone/integration-test/target/test-dir/MiniOzoneClusterImpl-629b745a-ec3f-4e94-8d3b-29fcb714514f/datanode-2/data/ratis/62963792-5f57-4f6e-9f1f-e388923868e8
2023-03-29 21:18:04,181 [pool-642-thread-1] INFO  server.RaftServerConfigKeys (ConfUtils.java:logGet(46)) - raft.server.log.queue.byte-limit = 4294967296 (custom)
2023-03-29 21:18:04,181 [pool-642-thread-1] INFO  server.RaftServerConfigKeys (ConfUtils.java:logGet(46)) - raft.server.log.queue.element-limit = 1024 (custom)
2023-03-29 21:18:04,181 [pool-642-thread-1] INFO  server.RaftServerConfigKeys (ConfUtils.java:logGet(46)) - raft.server.log.segment.size.max = 1048576 (custom)
2023-03-29 21:18:04,181 [pool-642-thread-1] INFO  server.RaftServerConfigKeys (ConfUtils.java:logGet(46)) - raft.server.log.preallocated.size = 16384 (custom)
2023-03-29 21:18:04,181 [pool-642-thread-1] INFO  server.RaftServerConfigKeys (ConfUtils.java:logGet(46)) - raft.server.log.force.sync.num = 128 (default)
2023-03-29 21:18:04,181 [pool-642-thread-1] INFO  server.RaftServerConfigKeys (ConfUtils.java:logGet(46)) - raft.server.log.statemachine.data.sync = true (default)
2023-03-29 21:18:04,181 [pool-642-thread-1] INFO  server.RaftServerConfigKeys (ConfUtils.java:logGet(46)) - raft.server.log.statemachine.data.sync.timeout = 10s (default)
2023-03-29 21:18:04,181 [pool-642-thread-1] INFO  server.RaftServerConfigKeys (ConfUtils.java:logGet(46)) - raft.server.log.statemachine.data.sync.timeout.retry = -1 (default)
2023-03-29 21:18:04,182 [pool-642-thread-1] INFO  server.RaftServerConfigKeys (ConfUtils.java:logGet(46)) - raft.server.log.write.buffer.size = 1048576 (custom)
2023-03-29 21:18:04,183 [pool-642-thread-1] INFO  server.RaftServerConfigKeys (ConfUtils.java:logGet(46)) - raft.server.log.appender.buffer.byte-limit = 33554432 (custom)
2023-03-29 21:18:04,188 [pool-642-thread-1] INFO  server.RaftServerConfigKeys (ConfUtils.java:logGet(46)) - raft.server.log.unsafe-flush.enabled = false (default)
2023-03-29 21:18:04,188 [pool-642-thread-1] INFO  server.RaftServerConfigKeys (ConfUtils.java:logGet(46)) - raft.server.log.async-flush.enabled = false (default)
2023-03-29 21:18:04,188 [pool-642-thread-1] INFO  server.RaftServerConfigKeys (ConfUtils.java:logGet(46)) - raft.server.log.statemachine.data.caching.enabled = true (custom)
2023-03-29 21:18:04,188 [pool-642-thread-1] INFO  segmented.SegmentedRaftLogWorker (SegmentedRaftLogWorker.java:lambda$new$0(135)) - 5e0b76c9-98d4-42e7-bc08-714bac9b3108@group-E388923868E8-SegmentedRaftLogWorker: flushIndex: setUnconditionally 0 -> -1
2023-03-29 21:18:04,188 [pool-642-thread-1] INFO  segmented.SegmentedRaftLogWorker (SegmentedRaftLogWorker.java:lambda$new$0(135)) - 5e0b76c9-98d4-42e7-bc08-714bac9b3108@group-E388923868E8-SegmentedRaftLogWorker: safeCacheEvictIndex: setUnconditionally 0 -> -1
2023-03-29 21:18:04,188 [pool-642-thread-1] INFO  server.RaftServer$Division (RaftServerImpl.java:start(334)) - 5e0b76c9-98d4-42e7-bc08-714bac9b3108@group-E388923868E8: start as a follower, conf=-1: peers:[5e0b76c9-98d4-42e7-bc08-714bac9b3108|rpc:10.1.0.17:45791|dataStream:10.1.0.17:39049|priority:1|startupRole:FOLLOWER]|listeners:[], old=null
2023-03-29 21:18:04,188 [pool-642-thread-1] INFO  server.RaftServer$Division (RaftServerImpl.java:setRole(321)) - 5e0b76c9-98d4-42e7-bc08-714bac9b3108@group-E388923868E8: changes role from      null to FOLLOWER at term 0 for startAsFollower
2023-03-29 21:18:04,188 [pool-642-thread-1] INFO  impl.RoleInfo (RoleInfo.java:updateAndGet(139)) - 5e0b76c9-98d4-42e7-bc08-714bac9b3108: start 5e0b76c9-98d4-42e7-bc08-714bac9b3108@group-E388923868E8-FollowerState
2023-03-29 21:18:04,189 [pool-642-thread-1] INFO  util.JmxRegister (JmxRegister.java:tryRegister(44)) - Successfully registered JMX Bean with object name Ratis:service=RaftServer,group=group-E388923868E8,id=5e0b76c9-98d4-42e7-bc08-714bac9b3108
2023-03-29 21:18:04,189 [5e0b76c9-98d4-42e7-bc08-714bac9b3108@group-E388923868E8-FollowerState] INFO  server.RaftServerConfigKeys (ConfUtils.java:logFallback(53)) - raft.server.rpc.first-election.timeout.min = 5s (fallback to raft.server.rpc.timeout.min)
2023-03-29 21:18:04,189 [pool-642-thread-1] INFO  server.RaftServerConfigKeys (ConfUtils.java:logGet(46)) - raft.server.snapshot.auto.trigger.enabled = true (custom)
2023-03-29 21:18:04,189 [5e0b76c9-98d4-42e7-bc08-714bac9b3108@group-E388923868E8-FollowerState] INFO  server.RaftServerConfigKeys (ConfUtils.java:logFallback(53)) - raft.server.rpc.first-election.timeout.max = 5200ms (fallback to raft.server.rpc.timeout.max)
2023-03-29 21:18:04,189 [pool-642-thread-1] INFO  server.RaftServerConfigKeys (ConfUtils.java:logGet(46)) - raft.server.snapshot.auto.trigger.threshold = 10000 (custom)
2023-03-29 21:18:04,189 [pool-642-thread-1] INFO  server.RaftServerConfigKeys (ConfUtils.java:logGet(46)) - raft.server.snapshot.retention.file.num = 5 (custom)
2023-03-29 21:18:04,189 [pool-642-thread-1] INFO  server.RaftServerConfigKeys (ConfUtils.java:logGet(46)) - raft.server.log.purge.upto.snapshot.index = false (default)
2023-03-29 21:18:04,190 [Command processor thread] INFO  ratis.XceiverServerRatis (XceiverServerRatis.java:addGroup(806)) - Created group PipelineID=62963792-5f57-4f6e-9f1f-e388923868e8
2023-03-29 21:18:04,190 [Command processor thread] INFO  commandhandler.CreatePipelineCommandHandler (CreatePipelineCommandHandler.java:handle(113)) - Created Pipeline RATIS ONE PipelineID=62963792-5f57-4f6e-9f1f-e388923868e8.
2023-03-29 21:18:05,165 [Listener at 127.0.0.1/41565] INFO  ozone.MiniOzoneClusterImpl (MiniOzoneClusterImpl.java:lambda$waitForClusterToBeReady$0(222)) - Nodes are ready. Got 3 of 3 DN Heartbeats.
2023-03-29 21:18:05,166 [Listener at 127.0.0.1/41565] INFO  ozone.MiniOzoneClusterImpl (MiniOzoneClusterImpl.java:lambda$waitForClusterToBeReady$0(225)) - Waiting for cluster to exit safe mode
2023-03-29 21:18:05,166 [Listener at 127.0.0.1/41565] INFO  ozone.MiniOzoneClusterImpl (MiniOzoneClusterImpl.java:lambda$waitForClusterToBeReady$0(227)) - SCM became leader
2023-03-29 21:18:06,166 [Listener at 127.0.0.1/41565] INFO  ozone.MiniOzoneClusterImpl (MiniOzoneClusterImpl.java:lambda$waitForClusterToBeReady$0(222)) - Nodes are ready. Got 3 of 3 DN Heartbeats.
2023-03-29 21:18:06,166 [Listener at 127.0.0.1/41565] INFO  ozone.MiniOzoneClusterImpl (MiniOzoneClusterImpl.java:lambda$waitForClusterToBeReady$0(225)) - Waiting for cluster to exit safe mode
2023-03-29 21:18:06,166 [Listener at 127.0.0.1/41565] INFO  ozone.MiniOzoneClusterImpl (MiniOzoneClusterImpl.java:lambda$waitForClusterToBeReady$0(227)) - SCM became leader
2023-03-29 21:18:07,166 [Listener at 127.0.0.1/41565] INFO  ozone.MiniOzoneClusterImpl (MiniOzoneClusterImpl.java:lambda$waitForClusterToBeReady$0(222)) - Nodes are ready. Got 3 of 3 DN Heartbeats.
2023-03-29 21:18:07,167 [Listener at 127.0.0.1/41565] INFO  ozone.MiniOzoneClusterImpl (MiniOzoneClusterImpl.java:lambda$waitForClusterToBeReady$0(225)) - Waiting for cluster to exit safe mode
2023-03-29 21:18:07,167 [Listener at 127.0.0.1/41565] INFO  ozone.MiniOzoneClusterImpl (MiniOzoneClusterImpl.java:lambda$waitForClusterToBeReady$0(227)) - SCM became leader
2023-03-29 21:18:08,167 [Listener at 127.0.0.1/41565] INFO  ozone.MiniOzoneClusterImpl (MiniOzoneClusterImpl.java:lambda$waitForClusterToBeReady$0(222)) - Nodes are ready. Got 3 of 3 DN Heartbeats.
2023-03-29 21:18:08,167 [Listener at 127.0.0.1/41565] INFO  ozone.MiniOzoneClusterImpl (MiniOzoneClusterImpl.java:lambda$waitForClusterToBeReady$0(225)) - Waiting for cluster to exit safe mode
2023-03-29 21:18:08,167 [Listener at 127.0.0.1/41565] INFO  ozone.MiniOzoneClusterImpl (MiniOzoneClusterImpl.java:lambda$waitForClusterToBeReady$0(227)) - SCM became leader
2023-03-29 21:18:08,505 [80a21d94-395d-4af9-8da1-801cc4a84331@group-8898F45B8F55-FollowerState] INFO  impl.FollowerState (FollowerState.java:run(143)) - 80a21d94-395d-4af9-8da1-801cc4a84331@group-8898F45B8F55-FollowerState: change to CANDIDATE, lastRpcElapsedTime:5107642063ns, electionTimeout:5104ms
2023-03-29 21:18:08,505 [80a21d94-395d-4af9-8da1-801cc4a84331@group-8898F45B8F55-FollowerState] INFO  impl.RoleInfo (RoleInfo.java:shutdownFollowerState(110)) - 80a21d94-395d-4af9-8da1-801cc4a84331: shutdown 80a21d94-395d-4af9-8da1-801cc4a84331@group-8898F45B8F55-FollowerState
2023-03-29 21:18:08,506 [80a21d94-395d-4af9-8da1-801cc4a84331@group-8898F45B8F55-FollowerState] INFO  server.RaftServer$Division (RaftServerImpl.java:setRole(321)) - 80a21d94-395d-4af9-8da1-801cc4a84331@group-8898F45B8F55: changes role from  FOLLOWER to CANDIDATE at term 0 for changeToCandidate
2023-03-29 21:18:08,506 [80a21d94-395d-4af9-8da1-801cc4a84331@group-8898F45B8F55-FollowerState] INFO  server.RaftServerConfigKeys (ConfUtils.java:logGet(46)) - raft.server.leaderelection.pre-vote = true (default)
2023-03-29 21:18:08,506 [80a21d94-395d-4af9-8da1-801cc4a84331@group-8898F45B8F55-FollowerState] INFO  impl.RoleInfo (RoleInfo.java:updateAndGet(139)) - 80a21d94-395d-4af9-8da1-801cc4a84331: start 80a21d94-395d-4af9-8da1-801cc4a84331@group-8898F45B8F55-LeaderElection20
2023-03-29 21:18:08,508 [80a21d94-395d-4af9-8da1-801cc4a84331@group-8898F45B8F55-LeaderElection20] INFO  impl.LeaderElection (LeaderElection.java:askForVotes(312)) - 80a21d94-395d-4af9-8da1-801cc4a84331@group-8898F45B8F55-LeaderElection20 PRE_VOTE round 0: submit vote requests at term 0 for -1: peers:[80a21d94-395d-4af9-8da1-801cc4a84331|rpc:10.1.0.17:33111|dataStream:10.1.0.17:46045|priority:1|startupRole:FOLLOWER]|listeners:[], old=null
2023-03-29 21:18:08,508 [80a21d94-395d-4af9-8da1-801cc4a84331@group-8898F45B8F55-LeaderElection20] INFO  impl.LeaderElection (LeaderElection.java:askForVotes(314)) - 80a21d94-395d-4af9-8da1-801cc4a84331@group-8898F45B8F55-LeaderElection20 PRE_VOTE round 0: result PASSED (term=0)
2023-03-29 21:18:08,510 [80a21d94-395d-4af9-8da1-801cc4a84331@group-8898F45B8F55-LeaderElection20] INFO  impl.LeaderElection (LeaderElection.java:askForVotes(312)) - 80a21d94-395d-4af9-8da1-801cc4a84331@group-8898F45B8F55-LeaderElection20 ELECTION round 0: submit vote requests at term 1 for -1: peers:[80a21d94-395d-4af9-8da1-801cc4a84331|rpc:10.1.0.17:33111|dataStream:10.1.0.17:46045|priority:1|startupRole:FOLLOWER]|listeners:[], old=null
2023-03-29 21:18:08,510 [80a21d94-395d-4af9-8da1-801cc4a84331@group-8898F45B8F55-LeaderElection20] INFO  impl.LeaderElection (LeaderElection.java:askForVotes(314)) - 80a21d94-395d-4af9-8da1-801cc4a84331@group-8898F45B8F55-LeaderElection20 ELECTION round 0: result PASSED (term=1)
2023-03-29 21:18:08,510 [80a21d94-395d-4af9-8da1-801cc4a84331@group-8898F45B8F55-LeaderElection20] INFO  impl.RoleInfo (RoleInfo.java:shutdownLeaderElection(130)) - 80a21d94-395d-4af9-8da1-801cc4a84331: shutdown 80a21d94-395d-4af9-8da1-801cc4a84331@group-8898F45B8F55-LeaderElection20
2023-03-29 21:18:08,510 [80a21d94-395d-4af9-8da1-801cc4a84331@group-8898F45B8F55-LeaderElection20] INFO  server.RaftServer$Division (RaftServerImpl.java:setRole(321)) - 80a21d94-395d-4af9-8da1-801cc4a84331@group-8898F45B8F55: changes role from CANDIDATE to LEADER at term 1 for changeToLeader
2023-03-29 21:18:08,510 [80a21d94-395d-4af9-8da1-801cc4a84331@group-8898F45B8F55-LeaderElection20] INFO  ratis.XceiverServerRatis (XceiverServerRatis.java:handleLeaderChangedNotification(904)) - Leader change notification received for group: group-8898F45B8F55 with new leaderId: 80a21d94-395d-4af9-8da1-801cc4a84331
2023-03-29 21:18:08,510 [80a21d94-395d-4af9-8da1-801cc4a84331@group-8898F45B8F55-LeaderElection20] INFO  server.RaftServer$Division (ServerState.java:setLeader(313)) - 80a21d94-395d-4af9-8da1-801cc4a84331@group-8898F45B8F55: change Leader from null to 80a21d94-395d-4af9-8da1-801cc4a84331 at term 1 for becomeLeader, leader elected after 5139ms
2023-03-29 21:18:08,510 [80a21d94-395d-4af9-8da1-801cc4a84331@group-8898F45B8F55-LeaderElection20] INFO  server.RaftServerConfigKeys (ConfUtils.java:logGet(46)) - raft.server.staging.catchup.gap = 1000 (default)
2023-03-29 21:18:08,511 [80a21d94-395d-4af9-8da1-801cc4a84331@group-8898F45B8F55-LeaderElection20] INFO  server.RaftServerConfigKeys (ConfUtils.java:logGet(46)) - raft.server.write.element-limit = 1024 (custom)
2023-03-29 21:18:08,511 [80a21d94-395d-4af9-8da1-801cc4a84331@group-8898F45B8F55-LeaderElection20] INFO  server.RaftServerConfigKeys (ConfUtils.java:logGet(46)) - raft.server.write.byte-limit = 1024 M (=1073741824) (custom)
2023-03-29 21:18:08,511 [80a21d94-395d-4af9-8da1-801cc4a84331@group-8898F45B8F55-LeaderElection20] INFO  server.RaftServerConfigKeys (ConfUtils.java:logGet(46)) - raft.server.watch.timeout = 180s (custom)
2023-03-29 21:18:08,511 [80a21d94-395d-4af9-8da1-801cc4a84331@group-8898F45B8F55-LeaderElection20] INFO  server.RaftServerConfigKeys (ConfUtils.java:logGet(46)) - raft.server.watch.timeout.denomination = 1s (default)
2023-03-29 21:18:08,511 [80a21d94-395d-4af9-8da1-801cc4a84331@group-8898F45B8F55-LeaderElection20] INFO  server.RaftServerConfigKeys (ConfUtils.java:logGet(46)) - raft.server.watch.element-limit = 65536 (default)
2023-03-29 21:18:08,511 [80a21d94-395d-4af9-8da1-801cc4a84331@group-8898F45B8F55-LeaderElection20] INFO  server.RaftServerConfigKeys (ConfUtils.java:logGet(46)) - raft.server.write.element-limit = 1024 (custom)
2023-03-29 21:18:08,511 [80a21d94-395d-4af9-8da1-801cc4a84331@group-8898F45B8F55-LeaderElection20] INFO  server.RaftServerConfigKeys (ConfUtils.java:logGet(46)) - raft.server.write.follower.gap.ratio.max = -1.0 (default)
2023-03-29 21:18:08,512 [EventQueue-OpenPipelineForHealthyPipelineSafeModeRule] INFO  safemode.SCMSafeModeManager (HealthyPipelineSafeModeRule.java:process(137)) - SCM in safe mode. Healthy pipelines reported count is 0, required healthy pipeline reported count is 1
2023-03-29 21:18:08,512 [80a21d94-395d-4af9-8da1-801cc4a84331@group-8898F45B8F55-LeaderElection20] INFO  impl.RoleInfo (RoleInfo.java:updateAndGet(139)) - 80a21d94-395d-4af9-8da1-801cc4a84331: start 80a21d94-395d-4af9-8da1-801cc4a84331@group-8898F45B8F55-LeaderStateImpl
2023-03-29 21:18:08,512 [80a21d94-395d-4af9-8da1-801cc4a84331@group-8898F45B8F55-LeaderElection20] INFO  segmented.SegmentedRaftLogWorker (SegmentedRaftLogWorker.java:startLogSegment(452)) - 80a21d94-395d-4af9-8da1-801cc4a84331@group-8898F45B8F55-SegmentedRaftLogWorker: Starting segment from index:0
2023-03-29 21:18:08,514 [80a21d94-395d-4af9-8da1-801cc4a84331@group-8898F45B8F55-SegmentedRaftLogWorker] INFO  segmented.SegmentedRaftLogWorker (SegmentedRaftLogWorker.java:execute(656)) - 80a21d94-395d-4af9-8da1-801cc4a84331@group-8898F45B8F55-SegmentedRaftLogWorker: created new log segment /home/runner/work/ozone/ozone/hadoop-ozone/integration-test/target/test-dir/MiniOzoneClusterImpl-629b745a-ec3f-4e94-8d3b-29fcb714514f/datanode-0/data/ratis/1a1cb463-885f-4261-8543-8898f45b8f55/current/log_inprogress_0
2023-03-29 21:18:08,514 [80a21d94-395d-4af9-8da1-801cc4a84331@group-8898F45B8F55-LeaderElection20] INFO  server.RaftServer$Division (ServerState.java:setRaftConf(430)) - 80a21d94-395d-4af9-8da1-801cc4a84331@group-8898F45B8F55: set configuration 0: peers:[80a21d94-395d-4af9-8da1-801cc4a84331|rpc:10.1.0.17:33111|dataStream:10.1.0.17:46045|priority:1|startupRole:FOLLOWER]|listeners:[], old=null
2023-03-29 21:18:08,547 [80a21d94-395d-4af9-8da1-801cc4a84331@group-C57F3046A27C-FollowerState] INFO  impl.FollowerState (FollowerState.java:run(143)) - 80a21d94-395d-4af9-8da1-801cc4a84331@group-C57F3046A27C-FollowerState: change to CANDIDATE, lastRpcElapsedTime:5118259759ns, electionTimeout:5116ms
2023-03-29 21:18:08,547 [80a21d94-395d-4af9-8da1-801cc4a84331@group-C57F3046A27C-FollowerState] INFO  impl.RoleInfo (RoleInfo.java:shutdownFollowerState(110)) - 80a21d94-395d-4af9-8da1-801cc4a84331: shutdown 80a21d94-395d-4af9-8da1-801cc4a84331@group-C57F3046A27C-FollowerState
2023-03-29 21:18:08,547 [80a21d94-395d-4af9-8da1-801cc4a84331@group-C57F3046A27C-FollowerState] INFO  server.RaftServer$Division (RaftServerImpl.java:setRole(321)) - 80a21d94-395d-4af9-8da1-801cc4a84331@group-C57F3046A27C: changes role from  FOLLOWER to CANDIDATE at term 0 for changeToCandidate
2023-03-29 21:18:08,547 [80a21d94-395d-4af9-8da1-801cc4a84331@group-C57F3046A27C-FollowerState] INFO  server.RaftServerConfigKeys (ConfUtils.java:logGet(46)) - raft.server.leaderelection.pre-vote = true (default)
2023-03-29 21:18:08,547 [80a21d94-395d-4af9-8da1-801cc4a84331@group-C57F3046A27C-FollowerState] INFO  impl.RoleInfo (RoleInfo.java:updateAndGet(139)) - 80a21d94-395d-4af9-8da1-801cc4a84331: start 80a21d94-395d-4af9-8da1-801cc4a84331@group-C57F3046A27C-LeaderElection21
2023-03-29 21:18:08,549 [80a21d94-395d-4af9-8da1-801cc4a84331@group-C57F3046A27C-LeaderElection21] INFO  impl.LeaderElection (LeaderElection.java:askForVotes(312)) - 80a21d94-395d-4af9-8da1-801cc4a84331@group-C57F3046A27C-LeaderElection21 PRE_VOTE round 0: submit vote requests at term 0 for -1: peers:[80a21d94-395d-4af9-8da1-801cc4a84331|rpc:10.1.0.17:33111|dataStream:10.1.0.17:46045|priority:0|startupRole:FOLLOWER, eb720a23-75c3-467a-80ae-faa20a4fdf41|rpc:10.1.0.17:41371|dataStream:10.1.0.17:45805|priority:0|startupRole:FOLLOWER, 5e0b76c9-98d4-42e7-bc08-714bac9b3108|rpc:10.1.0.17:45791|dataStream:10.1.0.17:39049|priority:1|startupRole:FOLLOWER]|listeners:[], old=null
2023-03-29 21:18:08,549 [80a21d94-395d-4af9-8da1-801cc4a84331@group-C57F3046A27C-LeaderElection21-1] INFO  server.GrpcServerProtocolClient (GrpcServerProtocolClient.java:<init>(63)) - Build channel for eb720a23-75c3-467a-80ae-faa20a4fdf41
2023-03-29 21:18:08,556 [80a21d94-395d-4af9-8da1-801cc4a84331@group-C57F3046A27C-LeaderElection21] INFO  server.RaftServerConfigKeys (ConfUtils.java:logFallback(53)) - raft.server.rpc.first-election.timeout.min = 5s (fallback to raft.server.rpc.timeout.min)
2023-03-29 21:18:08,556 [80a21d94-395d-4af9-8da1-801cc4a84331@group-C57F3046A27C-LeaderElection21] INFO  server.RaftServerConfigKeys (ConfUtils.java:logFallback(53)) - raft.server.rpc.first-election.timeout.max = 5200ms (fallback to raft.server.rpc.timeout.max)
2023-03-29 21:18:08,564 [80a21d94-395d-4af9-8da1-801cc4a84331@group-C57F3046A27C-LeaderElection21-2] INFO  server.GrpcServerProtocolClient (GrpcServerProtocolClient.java:<init>(63)) - Build channel for 5e0b76c9-98d4-42e7-bc08-714bac9b3108
2023-03-29 21:18:08,571 [grpc-default-executor-0] INFO  server.RaftServer$Division (RaftServerImpl.java:requestVote(1218)) - eb720a23-75c3-467a-80ae-faa20a4fdf41@group-C57F3046A27C: receive requestVote(PRE_VOTE, 80a21d94-395d-4af9-8da1-801cc4a84331, group-C57F3046A27C, 0, (t:0, i:0))
2023-03-29 21:18:08,571 [grpc-default-executor-0] INFO  impl.VoteContext (VoteContext.java:log(49)) - eb720a23-75c3-467a-80ae-faa20a4fdf41@group-C57F3046A27C-FOLLOWER: accept PRE_VOTE from 80a21d94-395d-4af9-8da1-801cc4a84331: our priority 0 <= candidate's priority 0
2023-03-29 21:18:08,571 [grpc-default-executor-0] INFO  server.RaftServer$Division (RaftServerImpl.java:requestVote(1251)) - eb720a23-75c3-467a-80ae-faa20a4fdf41@group-C57F3046A27C replies to PRE_VOTE vote request: 80a21d94-395d-4af9-8da1-801cc4a84331<-eb720a23-75c3-467a-80ae-faa20a4fdf41#0:OK-t0. Peer's state: eb720a23-75c3-467a-80ae-faa20a4fdf41@group-C57F3046A27C:t0, leader=null, voted=, raftlog=Memoized:eb720a23-75c3-467a-80ae-faa20a4fdf41@group-C57F3046A27C-SegmentedRaftLog:OPENED:c-1, conf=-1: peers:[80a21d94-395d-4af9-8da1-801cc4a84331|rpc:10.1.0.17:33111|dataStream:10.1.0.17:46045|priority:0|startupRole:FOLLOWER, eb720a23-75c3-467a-80ae-faa20a4fdf41|rpc:10.1.0.17:41371|dataStream:10.1.0.17:45805|priority:0|startupRole:FOLLOWER, 5e0b76c9-98d4-42e7-bc08-714bac9b3108|rpc:10.1.0.17:45791|dataStream:10.1.0.17:39049|priority:1|startupRole:FOLLOWER]|listeners:[], old=null
2023-03-29 21:18:08,582 [grpc-default-executor-1] INFO  server.RaftServer$Division (RaftServerImpl.java:requestVote(1218)) - 5e0b76c9-98d4-42e7-bc08-714bac9b3108@group-C57F3046A27C: receive requestVote(PRE_VOTE, 80a21d94-395d-4af9-8da1-801cc4a84331, group-C57F3046A27C, 0, (t:0, i:0))
2023-03-29 21:18:08,582 [grpc-default-executor-1] INFO  impl.VoteContext (VoteContext.java:log(49)) - 5e0b76c9-98d4-42e7-bc08-714bac9b3108@group-C57F3046A27C-FOLLOWER: reject PRE_VOTE from 80a21d94-395d-4af9-8da1-801cc4a84331: our priority 1 > candidate's priority 0
2023-03-29 21:18:08,582 [grpc-default-executor-1] INFO  server.RaftServer$Division (RaftServerImpl.java:requestVote(1251)) - 5e0b76c9-98d4-42e7-bc08-714bac9b3108@group-C57F3046A27C replies to PRE_VOTE vote request: 80a21d94-395d-4af9-8da1-801cc4a84331<-5e0b76c9-98d4-42e7-bc08-714bac9b3108#0:FAIL-t0. Peer's state: 5e0b76c9-98d4-42e7-bc08-714bac9b3108@group-C57F3046A27C:t0, leader=null, voted=, raftlog=Memoized:5e0b76c9-98d4-42e7-bc08-714bac9b3108@group-C57F3046A27C-SegmentedRaftLog:OPENED:c-1, conf=-1: peers:[80a21d94-395d-4af9-8da1-801cc4a84331|rpc:10.1.0.17:33111|dataStream:10.1.0.17:46045|priority:0|startupRole:FOLLOWER, eb720a23-75c3-467a-80ae-faa20a4fdf41|rpc:10.1.0.17:41371|dataStream:10.1.0.17:45805|priority:0|startupRole:FOLLOWER, 5e0b76c9-98d4-42e7-bc08-714bac9b3108|rpc:10.1.0.17:45791|dataStream:10.1.0.17:39049|priority:1|startupRole:FOLLOWER]|listeners:[], old=null
2023-03-29 21:18:08,583 [80a21d94-395d-4af9-8da1-801cc4a84331@group-C57F3046A27C-LeaderElection21] INFO  impl.LeaderElection (LeaderElection.java:logAndReturn(90)) - 80a21d94-395d-4af9-8da1-801cc4a84331@group-C57F3046A27C-LeaderElection21: PRE_VOTE REJECTED received 2 response(s) and 0 exception(s):
2023-03-29 21:18:08,583 [80a21d94-395d-4af9-8da1-801cc4a84331@group-C57F3046A27C-LeaderElection21] INFO  impl.LeaderElection (LeaderElection.java:logAndReturn(94)) -   Response 0: 80a21d94-395d-4af9-8da1-801cc4a84331<-eb720a23-75c3-467a-80ae-faa20a4fdf41#0:OK-t0
2023-03-29 21:18:08,583 [80a21d94-395d-4af9-8da1-801cc4a84331@group-C57F3046A27C-LeaderElection21] INFO  impl.LeaderElection (LeaderElection.java:logAndReturn(94)) -   Response 1: 80a21d94-395d-4af9-8da1-801cc4a84331<-5e0b76c9-98d4-42e7-bc08-714bac9b3108#0:FAIL-t0
2023-03-29 21:18:08,583 [80a21d94-395d-4af9-8da1-801cc4a84331@group-C57F3046A27C-LeaderElection21] INFO  impl.LeaderElection (LeaderElection.java:askForVotes(314)) - 80a21d94-395d-4af9-8da1-801cc4a84331@group-C57F3046A27C-LeaderElection21 PRE_VOTE round 0: result REJECTED
2023-03-29 21:18:08,583 [80a21d94-395d-4af9-8da1-801cc4a84331@group-C57F3046A27C-LeaderElection21] INFO  server.RaftServer$Division (RaftServerImpl.java:setRole(321)) - 80a21d94-395d-4af9-8da1-801cc4a84331@group-C57F3046A27C: changes role from CANDIDATE to FOLLOWER at term 0 for REJECTED
2023-03-29 21:18:08,583 [80a21d94-395d-4af9-8da1-801cc4a84331@group-C57F3046A27C-LeaderElection21] INFO  impl.RoleInfo (RoleInfo.java:shutdownLeaderElection(130)) - 80a21d94-395d-4af9-8da1-801cc4a84331: shutdown 80a21d94-395d-4af9-8da1-801cc4a84331@group-C57F3046A27C-LeaderElection21
2023-03-29 21:18:08,583 [80a21d94-395d-4af9-8da1-801cc4a84331@group-C57F3046A27C-LeaderElection21] INFO  impl.RoleInfo (RoleInfo.java:updateAndGet(139)) - 80a21d94-395d-4af9-8da1-801cc4a84331: start 80a21d94-395d-4af9-8da1-801cc4a84331@group-C57F3046A27C-FollowerState
2023-03-29 21:18:08,584 [80a21d94-395d-4af9-8da1-801cc4a84331@group-C57F3046A27C-FollowerState] INFO  server.RaftServerConfigKeys (ConfUtils.java:logFallback(53)) - raft.server.rpc.first-election.timeout.min = 5s (fallback to raft.server.rpc.timeout.min)
2023-03-29 21:18:08,585 [80a21d94-395d-4af9-8da1-801cc4a84331@group-C57F3046A27C-FollowerState] INFO  server.RaftServerConfigKeys (ConfUtils.java:logFallback(53)) - raft.server.rpc.first-election.timeout.max = 5200ms (fallback to raft.server.rpc.timeout.max)
2023-03-29 21:18:08,589 [eb720a23-75c3-467a-80ae-faa20a4fdf41@group-C57F3046A27C-FollowerState] INFO  server.RaftServerConfigKeys (ConfUtils.java:logFallback(53)) - raft.server.rpc.first-election.timeout.min = 5s (fallback to raft.server.rpc.timeout.min)
2023-03-29 21:18:08,589 [eb720a23-75c3-467a-80ae-faa20a4fdf41@group-C57F3046A27C-FollowerState] INFO  server.RaftServerConfigKeys (ConfUtils.java:logFallback(53)) - raft.server.rpc.first-election.timeout.max = 5200ms (fallback to raft.server.rpc.timeout.max)
2023-03-29 21:18:08,619 [5e0b76c9-98d4-42e7-bc08-714bac9b3108@group-974C3F79DE30-FollowerState] INFO  impl.FollowerState (FollowerState.java:run(143)) - 5e0b76c9-98d4-42e7-bc08-714bac9b3108@group-974C3F79DE30-FollowerState: change to CANDIDATE, lastRpcElapsedTime:5030959324ns, electionTimeout:5029ms
2023-03-29 21:18:08,619 [5e0b76c9-98d4-42e7-bc08-714bac9b3108@group-974C3F79DE30-FollowerState] INFO  impl.RoleInfo (RoleInfo.java:shutdownFollowerState(110)) - 5e0b76c9-98d4-42e7-bc08-714bac9b3108: shutdown 5e0b76c9-98d4-42e7-bc08-714bac9b3108@group-974C3F79DE30-FollowerState
2023-03-29 21:18:08,619 [5e0b76c9-98d4-42e7-bc08-714bac9b3108@group-974C3F79DE30-FollowerState] INFO  server.RaftServer$Division (RaftServerImpl.java:setRole(321)) - 5e0b76c9-98d4-42e7-bc08-714bac9b3108@group-974C3F79DE30: changes role from  FOLLOWER to CANDIDATE at term 0 for changeToCandidate
2023-03-29 21:18:08,619 [5e0b76c9-98d4-42e7-bc08-714bac9b3108@group-974C3F79DE30-FollowerState] INFO  server.RaftServerConfigKeys (ConfUtils.java:logGet(46)) - raft.server.leaderelection.pre-vote = true (default)
2023-03-29 21:18:08,619 [5e0b76c9-98d4-42e7-bc08-714bac9b3108@group-974C3F79DE30-FollowerState] INFO  impl.RoleInfo (RoleInfo.java:updateAndGet(139)) - 5e0b76c9-98d4-42e7-bc08-714bac9b3108: start 5e0b76c9-98d4-42e7-bc08-714bac9b3108@group-974C3F79DE30-LeaderElection22
2023-03-29 21:18:08,622 [5e0b76c9-98d4-42e7-bc08-714bac9b3108@group-C57F3046A27C-FollowerState] INFO  impl.FollowerState (FollowerState.java:run(143)) - 5e0b76c9-98d4-42e7-bc08-714bac9b3108@group-C57F3046A27C-FollowerState: change to CANDIDATE, lastRpcElapsedTime:5136885328ns, electionTimeout:5132ms
2023-03-29 21:18:08,622 [5e0b76c9-98d4-42e7-bc08-714bac9b3108@group-C57F3046A27C-FollowerState] INFO  impl.RoleInfo (RoleInfo.java:shutdownFollowerState(110)) - 5e0b76c9-98d4-42e7-bc08-714bac9b3108: shutdown 5e0b76c9-98d4-42e7-bc08-714bac9b3108@group-C57F3046A27C-FollowerState
2023-03-29 21:18:08,622 [5e0b76c9-98d4-42e7-bc08-714bac9b3108@group-C57F3046A27C-FollowerState] INFO  server.RaftServer$Division (RaftServerImpl.java:setRole(321)) - 5e0b76c9-98d4-42e7-bc08-714bac9b3108@group-C57F3046A27C: changes role from  FOLLOWER to CANDIDATE at term 0 for changeToCandidate
2023-03-29 21:18:08,622 [5e0b76c9-98d4-42e7-bc08-714bac9b3108@group-C57F3046A27C-FollowerState] INFO  server.RaftServerConfigKeys (ConfUtils.java:logGet(46)) - raft.server.leaderelection.pre-vote = true (default)
2023-03-29 21:18:08,622 [5e0b76c9-98d4-42e7-bc08-714bac9b3108@group-C57F3046A27C-FollowerState] INFO  impl.RoleInfo (RoleInfo.java:updateAndGet(139)) - 5e0b76c9-98d4-42e7-bc08-714bac9b3108: start 5e0b76c9-98d4-42e7-bc08-714bac9b3108@group-C57F3046A27C-LeaderElection23
2023-03-29 21:18:08,631 [5e0b76c9-98d4-42e7-bc08-714bac9b3108@group-974C3F79DE30-LeaderElection22] INFO  impl.LeaderElection (LeaderElection.java:askForVotes(312)) - 5e0b76c9-98d4-42e7-bc08-714bac9b3108@group-974C3F79DE30-LeaderElection22 PRE_VOTE round 0: submit vote requests at term 0 for -1: peers:[80a21d94-395d-4af9-8da1-801cc4a84331|rpc:10.1.0.17:33111|dataStream:10.1.0.17:46045|priority:1|startupRole:FOLLOWER, eb720a23-75c3-467a-80ae-faa20a4fdf41|rpc:10.1.0.17:41371|dataStream:10.1.0.17:45805|priority:0|startupRole:FOLLOWER, 5e0b76c9-98d4-42e7-bc08-714bac9b3108|rpc:10.1.0.17:45791|dataStream:10.1.0.17:39049|priority:0|startupRole:FOLLOWER]|listeners:[], old=null
2023-03-29 21:18:08,631 [5e0b76c9-98d4-42e7-bc08-714bac9b3108@group-C57F3046A27C-LeaderElection23] INFO  impl.LeaderElection (LeaderElection.java:askForVotes(312)) - 5e0b76c9-98d4-42e7-bc08-714bac9b3108@group-C57F3046A27C-LeaderElection23 PRE_VOTE round 0: submit vote requests at term 0 for -1: peers:[80a21d94-395d-4af9-8da1-801cc4a84331|rpc:10.1.0.17:33111|dataStream:10.1.0.17:46045|priority:0|startupRole:FOLLOWER, eb720a23-75c3-467a-80ae-faa20a4fdf41|rpc:10.1.0.17:41371|dataStream:10.1.0.17:45805|priority:0|startupRole:FOLLOWER, 5e0b76c9-98d4-42e7-bc08-714bac9b3108|rpc:10.1.0.17:45791|dataStream:10.1.0.17:39049|priority:1|startupRole:FOLLOWER]|listeners:[], old=null
2023-03-29 21:18:08,633 [5e0b76c9-98d4-42e7-bc08-714bac9b3108@group-974C3F79DE30-LeaderElection22-1] INFO  server.GrpcServerProtocolClient (GrpcServerProtocolClient.java:<init>(63)) - Build channel for 80a21d94-395d-4af9-8da1-801cc4a84331
2023-03-29 21:18:08,636 [5e0b76c9-98d4-42e7-bc08-714bac9b3108@group-C57F3046A27C-LeaderElection23] INFO  server.RaftServerConfigKeys (ConfUtils.java:logFallback(53)) - raft.server.rpc.first-election.timeout.min = 5s (fallback to raft.server.rpc.timeout.min)
2023-03-29 21:18:08,636 [5e0b76c9-98d4-42e7-bc08-714bac9b3108@group-C57F3046A27C-LeaderElection23] INFO  server.RaftServerConfigKeys (ConfUtils.java:logFallback(53)) - raft.server.rpc.first-election.timeout.max = 5200ms (fallback to raft.server.rpc.timeout.max)
2023-03-29 21:18:08,637 [5e0b76c9-98d4-42e7-bc08-714bac9b3108@group-974C3F79DE30-LeaderElection22] INFO  server.RaftServerConfigKeys (ConfUtils.java:logFallback(53)) - raft.server.rpc.first-election.timeout.min = 5s (fallback to raft.server.rpc.timeout.min)
2023-03-29 21:18:08,638 [5e0b76c9-98d4-42e7-bc08-714bac9b3108@group-974C3F79DE30-LeaderElection22] INFO  server.RaftServerConfigKeys (ConfUtils.java:logFallback(53)) - raft.server.rpc.first-election.timeout.max = 5200ms (fallback to raft.server.rpc.timeout.max)
2023-03-29 21:18:08,640 [5e0b76c9-98d4-42e7-bc08-714bac9b3108@group-C57F3046A27C-LeaderElection23-2] INFO  server.GrpcServerProtocolClient (GrpcServerProtocolClient.java:<init>(63)) - Build channel for eb720a23-75c3-467a-80ae-faa20a4fdf41
2023-03-29 21:18:08,646 [grpc-default-executor-0] INFO  server.RaftServer$Division (RaftServerImpl.java:requestVote(1218)) - 80a21d94-395d-4af9-8da1-801cc4a84331@group-C57F3046A27C: receive requestVote(PRE_VOTE, 5e0b76c9-98d4-42e7-bc08-714bac9b3108, group-C57F3046A27C, 0, (t:0, i:0))
2023-03-29 21:18:08,646 [grpc-default-executor-0] INFO  impl.VoteContext (VoteContext.java:log(49)) - 80a21d94-395d-4af9-8da1-801cc4a84331@group-C57F3046A27C-FOLLOWER: accept PRE_VOTE from 5e0b76c9-98d4-42e7-bc08-714bac9b3108: our priority 0 <= candidate's priority 1
2023-03-29 21:18:08,647 [grpc-default-executor-0] INFO  server.RaftServer$Division (RaftServerImpl.java:requestVote(1251)) - 80a21d94-395d-4af9-8da1-801cc4a84331@group-C57F3046A27C replies to PRE_VOTE vote request: 5e0b76c9-98d4-42e7-bc08-714bac9b3108<-80a21d94-395d-4af9-8da1-801cc4a84331#0:OK-t0. Peer's state: 80a21d94-395d-4af9-8da1-801cc4a84331@group-C57F3046A27C:t0, leader=null, voted=, raftlog=Memoized:80a21d94-395d-4af9-8da1-801cc4a84331@group-C57F3046A27C-SegmentedRaftLog:OPENED:c-1, conf=-1: peers:[80a21d94-395d-4af9-8da1-801cc4a84331|rpc:10.1.0.17:33111|dataStream:10.1.0.17:46045|priority:0|startupRole:FOLLOWER, eb720a23-75c3-467a-80ae-faa20a4fdf41|rpc:10.1.0.17:41371|dataStream:10.1.0.17:45805|priority:0|startupRole:FOLLOWER, 5e0b76c9-98d4-42e7-bc08-714bac9b3108|rpc:10.1.0.17:45791|dataStream:10.1.0.17:39049|priority:1|startupRole:FOLLOWER]|listeners:[], old=null
2023-03-29 21:18:08,647 [grpc-default-executor-1] INFO  server.RaftServer$Division (RaftServerImpl.java:requestVote(1218)) - 80a21d94-395d-4af9-8da1-801cc4a84331@group-974C3F79DE30: receive requestVote(PRE_VOTE, 5e0b76c9-98d4-42e7-bc08-714bac9b3108, group-974C3F79DE30, 0, (t:0, i:0))
2023-03-29 21:18:08,647 [grpc-default-executor-1] INFO  impl.VoteContext (VoteContext.java:log(49)) - 80a21d94-395d-4af9-8da1-801cc4a84331@group-974C3F79DE30-FOLLOWER: reject PRE_VOTE from 5e0b76c9-98d4-42e7-bc08-714bac9b3108: our priority 1 > candidate's priority 0
2023-03-29 21:18:08,647 [grpc-default-executor-1] INFO  server.RaftServer$Division (RaftServerImpl.java:requestVote(1251)) - 80a21d94-395d-4af9-8da1-801cc4a84331@group-974C3F79DE30 replies to PRE_VOTE vote request: 5e0b76c9-98d4-42e7-bc08-714bac9b3108<-80a21d94-395d-4af9-8da1-801cc4a84331#0:FAIL-t0. Peer's state: 80a21d94-395d-4af9-8da1-801cc4a84331@group-974C3F79DE30:t0, leader=null, voted=, raftlog=Memoized:80a21d94-395d-4af9-8da1-801cc4a84331@group-974C3F79DE30-SegmentedRaftLog:OPENED:c-1, conf=-1: peers:[80a21d94-395d-4af9-8da1-801cc4a84331|rpc:10.1.0.17:33111|dataStream:10.1.0.17:46045|priority:1|startupRole:FOLLOWER, eb720a23-75c3-467a-80ae-faa20a4fdf41|rpc:10.1.0.17:41371|dataStream:10.1.0.17:45805|priority:0|startupRole:FOLLOWER, 5e0b76c9-98d4-42e7-bc08-714bac9b3108|rpc:10.1.0.17:45791|dataStream:10.1.0.17:39049|priority:0|startupRole:FOLLOWER]|listeners:[], old=null
2023-03-29 21:18:08,651 [5e0b76c9-98d4-42e7-bc08-714bac9b3108@group-C57F3046A27C-LeaderElection23] INFO  impl.LeaderElection (LeaderElection.java:logAndReturn(90)) - 5e0b76c9-98d4-42e7-bc08-714bac9b3108@group-C57F3046A27C-LeaderElection23: PRE_VOTE PASSED received 1 response(s) and 0 exception(s):
2023-03-29 21:18:08,652 [5e0b76c9-98d4-42e7-bc08-714bac9b3108@group-C57F3046A27C-LeaderElection23] INFO  impl.LeaderElection (LeaderElection.java:logAndReturn(94)) -   Response 0: 5e0b76c9-98d4-42e7-bc08-714bac9b3108<-80a21d94-395d-4af9-8da1-801cc4a84331#0:OK-t0
2023-03-29 21:18:08,652 [5e0b76c9-98d4-42e7-bc08-714bac9b3108@group-C57F3046A27C-LeaderElection23] INFO  impl.LeaderElection (LeaderElection.java:askForVotes(314)) - 5e0b76c9-98d4-42e7-bc08-714bac9b3108@group-C57F3046A27C-LeaderElection23 PRE_VOTE round 0: result PASSED
2023-03-29 21:18:08,652 [5e0b76c9-98d4-42e7-bc08-714bac9b3108@group-974C3F79DE30-LeaderElection22] INFO  impl.LeaderElection (LeaderElection.java:logAndReturn(90)) - 5e0b76c9-98d4-42e7-bc08-714bac9b3108@group-974C3F79DE30-LeaderElection22: PRE_VOTE REJECTED received 1 response(s) and 0 exception(s):
2023-03-29 21:18:08,653 [5e0b76c9-98d4-42e7-bc08-714bac9b3108@group-974C3F79DE30-LeaderElection22] INFO  impl.LeaderElection (LeaderElection.java:logAndReturn(94)) -   Response 0: 5e0b76c9-98d4-42e7-bc08-714bac9b3108<-80a21d94-395d-4af9-8da1-801cc4a84331#0:FAIL-t0
2023-03-29 21:18:08,653 [5e0b76c9-98d4-42e7-bc08-714bac9b3108@group-974C3F79DE30-LeaderElection22] INFO  impl.LeaderElection (LeaderElection.java:askForVotes(314)) - 5e0b76c9-98d4-42e7-bc08-714bac9b3108@group-974C3F79DE30-LeaderElection22 PRE_VOTE round 0: result REJECTED
2023-03-29 21:18:08,653 [5e0b76c9-98d4-42e7-bc08-714bac9b3108@group-974C3F79DE30-LeaderElection22] INFO  server.RaftServer$Division (RaftServerImpl.java:setRole(321)) - 5e0b76c9-98d4-42e7-bc08-714bac9b3108@group-974C3F79DE30: changes role from CANDIDATE to FOLLOWER at term 0 for REJECTED
2023-03-29 21:18:08,653 [5e0b76c9-98d4-42e7-bc08-714bac9b3108@group-974C3F79DE30-LeaderElection22] INFO  impl.RoleInfo (RoleInfo.java:shutdownLeaderElection(130)) - 5e0b76c9-98d4-42e7-bc08-714bac9b3108: shutdown 5e0b76c9-98d4-42e7-bc08-714bac9b3108@group-974C3F79DE30-LeaderElection22
2023-03-29 21:18:08,653 [5e0b76c9-98d4-42e7-bc08-714bac9b3108@group-974C3F79DE30-LeaderElection22] INFO  impl.RoleInfo (RoleInfo.java:updateAndGet(139)) - 5e0b76c9-98d4-42e7-bc08-714bac9b3108: start 5e0b76c9-98d4-42e7-bc08-714bac9b3108@group-974C3F79DE30-FollowerState
2023-03-29 21:18:08,653 [5e0b76c9-98d4-42e7-bc08-714bac9b3108@group-974C3F79DE30-FollowerState] INFO  server.RaftServerConfigKeys (ConfUtils.java:logFallback(53)) - raft.server.rpc.first-election.timeout.min = 5s (fallback to raft.server.rpc.timeout.min)
2023-03-29 21:18:08,653 [5e0b76c9-98d4-42e7-bc08-714bac9b3108@group-974C3F79DE30-FollowerState] INFO  server.RaftServerConfigKeys (ConfUtils.java:logFallback(53)) - raft.server.rpc.first-election.timeout.max = 5200ms (fallback to raft.server.rpc.timeout.max)
2023-03-29 21:18:08,653 [5e0b76c9-98d4-42e7-bc08-714bac9b3108@group-C57F3046A27C-LeaderElection23] INFO  impl.LeaderElection (LeaderElection.java:askForVotes(312)) - 5e0b76c9-98d4-42e7-bc08-714bac9b3108@group-C57F3046A27C-LeaderElection23 ELECTION round 0: submit vote requests at term 1 for -1: peers:[80a21d94-395d-4af9-8da1-801cc4a84331|rpc:10.1.0.17:33111|dataStream:10.1.0.17:46045|priority:0|startupRole:FOLLOWER, eb720a23-75c3-467a-80ae-faa20a4fdf41|rpc:10.1.0.17:41371|dataStream:10.1.0.17:45805|priority:0|startupRole:FOLLOWER, 5e0b76c9-98d4-42e7-bc08-714bac9b3108|rpc:10.1.0.17:45791|dataStream:10.1.0.17:39049|priority:1|startupRole:FOLLOWER]|listeners:[], old=null
2023-03-29 21:18:08,655 [5e0b76c9-98d4-42e7-bc08-714bac9b3108@group-C57F3046A27C-LeaderElection23] INFO  server.RaftServerConfigKeys (ConfUtils.java:logFallback(53)) - raft.server.rpc.first-election.timeout.min = 5s (fallback to raft.server.rpc.timeout.min)
2023-03-29 21:18:08,655 [5e0b76c9-98d4-42e7-bc08-714bac9b3108@group-C57F3046A27C-LeaderElection23] INFO  server.RaftServerConfigKeys (ConfUtils.java:logFallback(53)) - raft.server.rpc.first-election.timeout.max = 5200ms (fallback to raft.server.rpc.timeout.max)
2023-03-29 21:18:08,656 [grpc-default-executor-1] INFO  server.RaftServer$Division (RaftServerImpl.java:requestVote(1218)) - 80a21d94-395d-4af9-8da1-801cc4a84331@group-C57F3046A27C: receive requestVote(ELECTION, 5e0b76c9-98d4-42e7-bc08-714bac9b3108, group-C57F3046A27C, 1, (t:0, i:0))
2023-03-29 21:18:08,656 [grpc-default-executor-1] INFO  impl.VoteContext (VoteContext.java:log(49)) - 80a21d94-395d-4af9-8da1-801cc4a84331@group-C57F3046A27C-FOLLOWER: accept ELECTION from 5e0b76c9-98d4-42e7-bc08-714bac9b3108: our priority 0 <= candidate's priority 1
2023-03-29 21:18:08,656 [grpc-default-executor-1] INFO  server.RaftServer$Division (RaftServerImpl.java:setRole(321)) - 80a21d94-395d-4af9-8da1-801cc4a84331@group-C57F3046A27C: changes role from  FOLLOWER to FOLLOWER at term 1 for candidate:5e0b76c9-98d4-42e7-bc08-714bac9b3108
2023-03-29 21:18:08,656 [grpc-default-executor-1] INFO  impl.RoleInfo (RoleInfo.java:shutdownFollowerState(110)) - 80a21d94-395d-4af9-8da1-801cc4a84331: shutdown 80a21d94-395d-4af9-8da1-801cc4a84331@group-C57F3046A27C-FollowerState
2023-03-29 21:18:08,656 [grpc-default-executor-1] INFO  impl.RoleInfo (RoleInfo.java:updateAndGet(139)) - 80a21d94-395d-4af9-8da1-801cc4a84331: start 80a21d94-395d-4af9-8da1-801cc4a84331@group-C57F3046A27C-FollowerState
2023-03-29 21:18:08,657 [80a21d94-395d-4af9-8da1-801cc4a84331@group-C57F3046A27C-FollowerState] INFO  impl.FollowerState (FollowerState.java:run(152)) - 80a21d94-395d-4af9-8da1-801cc4a84331@group-C57F3046A27C-FollowerState was interrupted
2023-03-29 21:18:08,670 [grpc-default-executor-1] INFO  server.RaftServer$Division (RaftServerImpl.java:requestVote(1251)) - 80a21d94-395d-4af9-8da1-801cc4a84331@group-C57F3046A27C replies to ELECTION vote request: 5e0b76c9-98d4-42e7-bc08-714bac9b3108<-80a21d94-395d-4af9-8da1-801cc4a84331#0:OK-t1. Peer's state: 80a21d94-395d-4af9-8da1-801cc4a84331@group-C57F3046A27C:t1, leader=null, voted=5e0b76c9-98d4-42e7-bc08-714bac9b3108, raftlog=Memoized:80a21d94-395d-4af9-8da1-801cc4a84331@group-C57F3046A27C-SegmentedRaftLog:OPENED:c-1, conf=-1: peers:[80a21d94-395d-4af9-8da1-801cc4a84331|rpc:10.1.0.17:33111|dataStream:10.1.0.17:46045|priority:0|startupRole:FOLLOWER, eb720a23-75c3-467a-80ae-faa20a4fdf41|rpc:10.1.0.17:41371|dataStream:10.1.0.17:45805|priority:0|startupRole:FOLLOWER, 5e0b76c9-98d4-42e7-bc08-714bac9b3108|rpc:10.1.0.17:45791|dataStream:10.1.0.17:39049|priority:1|startupRole:FOLLOWER]|listeners:[], old=null
2023-03-29 21:18:08,671 [5e0b76c9-98d4-42e7-bc08-714bac9b3108@group-C57F3046A27C-LeaderElection23] INFO  impl.LeaderElection (LeaderElection.java:logAndReturn(90)) - 5e0b76c9-98d4-42e7-bc08-714bac9b3108@group-C57F3046A27C-LeaderElection23: ELECTION PASSED received 1 response(s) and 0 exception(s):
2023-03-29 21:18:08,671 [5e0b76c9-98d4-42e7-bc08-714bac9b3108@group-C57F3046A27C-LeaderElection23] INFO  impl.LeaderElection (LeaderElection.java:logAndReturn(94)) -   Response 0: 5e0b76c9-98d4-42e7-bc08-714bac9b3108<-80a21d94-395d-4af9-8da1-801cc4a84331#0:OK-t1
2023-03-29 21:18:08,671 [5e0b76c9-98d4-42e7-bc08-714bac9b3108@group-C57F3046A27C-LeaderElection23] INFO  impl.LeaderElection (LeaderElection.java:askForVotes(314)) - 5e0b76c9-98d4-42e7-bc08-714bac9b3108@group-C57F3046A27C-LeaderElection23 ELECTION round 0: result PASSED
2023-03-29 21:18:08,671 [5e0b76c9-98d4-42e7-bc08-714bac9b3108@group-C57F3046A27C-LeaderElection23] INFO  impl.RoleInfo (RoleInfo.java:shutdownLeaderElection(130)) - 5e0b76c9-98d4-42e7-bc08-714bac9b3108: shutdown 5e0b76c9-98d4-42e7-bc08-714bac9b3108@group-C57F3046A27C-LeaderElection23
2023-03-29 21:18:08,671 [5e0b76c9-98d4-42e7-bc08-714bac9b3108@group-C57F3046A27C-LeaderElection23] INFO  server.RaftServer$Division (RaftServerImpl.java:setRole(321)) - 5e0b76c9-98d4-42e7-bc08-714bac9b3108@group-C57F3046A27C: changes role from CANDIDATE to LEADER at term 1 for changeToLeader
2023-03-29 21:18:08,671 [5e0b76c9-98d4-42e7-bc08-714bac9b3108@group-C57F3046A27C-LeaderElection23] INFO  ratis.XceiverServerRatis (XceiverServerRatis.java:handleLeaderChangedNotification(904)) - Leader change notification received for group: group-C57F3046A27C with new leaderId: 5e0b76c9-98d4-42e7-bc08-714bac9b3108
2023-03-29 21:18:08,671 [5e0b76c9-98d4-42e7-bc08-714bac9b3108@group-C57F3046A27C-LeaderElection23] INFO  server.RaftServer$Division (ServerState.java:setLeader(313)) - 5e0b76c9-98d4-42e7-bc08-714bac9b3108@group-C57F3046A27C: change Leader from null to 5e0b76c9-98d4-42e7-bc08-714bac9b3108 at term 1 for becomeLeader, leader elected after 5200ms
2023-03-29 21:18:08,672 [5e0b76c9-98d4-42e7-bc08-714bac9b3108@group-C57F3046A27C-LeaderElection23] INFO  server.RaftServerConfigKeys (ConfUtils.java:logGet(46)) - raft.server.staging.catchup.gap = 1000 (default)
2023-03-29 21:18:08,672 [5e0b76c9-98d4-42e7-bc08-714bac9b3108@group-C57F3046A27C-LeaderElection23] INFO  server.RaftServerConfigKeys (ConfUtils.java:logGet(46)) - raft.server.write.element-limit = 1024 (custom)
2023-03-29 21:18:08,672 [5e0b76c9-98d4-42e7-bc08-714bac9b3108@group-C57F3046A27C-LeaderElection23] INFO  server.RaftServerConfigKeys (ConfUtils.java:logGet(46)) - raft.server.write.byte-limit = 1024 M (=1073741824) (custom)
2023-03-29 21:18:08,672 [5e0b76c9-98d4-42e7-bc08-714bac9b3108@group-C57F3046A27C-LeaderElection23] INFO  server.RaftServerConfigKeys (ConfUtils.java:logGet(46)) - raft.server.watch.timeout = 180s (custom)
2023-03-29 21:18:08,672 [5e0b76c9-98d4-42e7-bc08-714bac9b3108@group-C57F3046A27C-LeaderElection23] INFO  server.RaftServerConfigKeys (ConfUtils.java:logGet(46)) - raft.server.watch.timeout.denomination = 1s (default)
2023-03-29 21:18:08,672 [5e0b76c9-98d4-42e7-bc08-714bac9b3108@group-C57F3046A27C-LeaderElection23] INFO  server.RaftServerConfigKeys (ConfUtils.java:logGet(46)) - raft.server.watch.element-limit = 65536 (default)
2023-03-29 21:18:08,672 [5e0b76c9-98d4-42e7-bc08-714bac9b3108@group-C57F3046A27C-LeaderElection23] INFO  server.RaftServerConfigKeys (ConfUtils.java:logGet(46)) - raft.server.write.element-limit = 1024 (custom)
2023-03-29 21:18:08,672 [5e0b76c9-98d4-42e7-bc08-714bac9b3108@group-C57F3046A27C-LeaderElection23] INFO  server.RaftServerConfigKeys (ConfUtils.java:logGet(46)) - raft.server.write.follower.gap.ratio.max = -1.0 (default)
2023-03-29 21:18:08,672 [5e0b76c9-98d4-42e7-bc08-714bac9b3108@group-C57F3046A27C-LeaderElection23] INFO  server.RaftServerConfigKeys (ConfUtils.java:logGet(46)) - raft.server.log.appender.snapshot.chunk.size.max = 16MB (=16777216) (default)
2023-03-29 21:18:08,673 [5e0b76c9-98d4-42e7-bc08-714bac9b3108@group-C57F3046A27C-LeaderElection23] INFO  server.RaftServerConfigKeys (ConfUtils.java:logGet(46)) - raft.server.log.appender.buffer.byte-limit = 33554432 (custom)
2023-03-29 21:18:08,673 [5e0b76c9-98d4-42e7-bc08-714bac9b3108@group-C57F3046A27C-LeaderElection23] INFO  server.RaftServerConfigKeys (ConfUtils.java:logGet(46)) - raft.server.log.appender.buffer.element-limit = 1 (custom)
2023-03-29 21:18:08,673 [5e0b76c9-98d4-42e7-bc08-714bac9b3108@group-C57F3046A27C-LeaderElection23] INFO  grpc.GrpcConfigKeys (ConfUtils.java:logGet(46)) - raft.grpc.server.leader.outstanding.appends.max = 128 (default)
2023-03-29 21:18:08,673 [5e0b76c9-98d4-42e7-bc08-714bac9b3108@group-C57F3046A27C-LeaderElection23] INFO  server.RaftServerConfigKeys (ConfUtils.java:logGet(46)) - raft.server.rpc.request.timeout = 60s (custom)
2023-03-29 21:18:08,673 [5e0b76c9-98d4-42e7-bc08-714bac9b3108@group-C57F3046A27C-LeaderElection23] INFO  server.RaftServerConfigKeys (ConfUtils.java:logGet(46)) - raft.server.log.appender.install.snapshot.enabled = false (custom)
2023-03-29 21:18:08,673 [5e0b76c9-98d4-42e7-bc08-714bac9b3108@group-C57F3046A27C-LeaderElection23] INFO  grpc.GrpcConfigKeys (ConfUtils.java:logGet(46)) - raft.grpc.server.heartbeat.channel = true (default)
2023-03-29 21:18:08,673 [5e0b76c9-98d4-42e7-bc08-714bac9b3108@group-C57F3046A27C-LeaderElection23] INFO  server.RaftServerConfigKeys (ConfUtils.java:logGet(46)) - raft.server.log.appender.wait-time.min = 10ms (default)
2023-03-29 21:18:08,674 [5e0b76c9-98d4-42e7-bc08-714bac9b3108@group-C57F3046A27C-LeaderElection23] INFO  server.RaftServerConfigKeys (ConfUtils.java:logGet(46)) - raft.server.log.appender.snapshot.chunk.size.max = 16MB (=16777216) (default)
2023-03-29 21:18:08,674 [5e0b76c9-98d4-42e7-bc08-714bac9b3108@group-C57F3046A27C-LeaderElection23] INFO  server.RaftServerConfigKeys (ConfUtils.java:logGet(46)) - raft.server.log.appender.buffer.byte-limit = 33554432 (custom)
2023-03-29 21:18:08,674 [5e0b76c9-98d4-42e7-bc08-714bac9b3108@group-C57F3046A27C-LeaderElection23] INFO  server.RaftServerConfigKeys (ConfUtils.java:logGet(46)) - raft.server.log.appender.buffer.element-limit = 1 (custom)
2023-03-29 21:18:08,674 [5e0b76c9-98d4-42e7-bc08-714bac9b3108@group-C57F3046A27C-LeaderElection23] INFO  grpc.GrpcConfigKeys (ConfUtils.java:logGet(46)) - raft.grpc.server.leader.outstanding.appends.max = 128 (default)
2023-03-29 21:18:08,674 [5e0b76c9-98d4-42e7-bc08-714bac9b3108@group-C57F3046A27C-LeaderElection23] INFO  server.RaftServerConfigKeys (ConfUtils.java:logGet(46)) - raft.server.rpc.request.timeout = 60s (custom)
2023-03-29 21:18:08,675 [EventQueue-PipelineReportForPipelineReportHandler] INFO  pipeline.PipelineManagerImpl (PipelineManagerImpl.java:openPipeline(367)) - Pipeline Pipeline[ Id: af17ef5a-aa36-48ba-8e23-c57f3046a27c, Nodes: 5e0b76c9-98d4-42e7-bc08-714bac9b3108(fv-az308-773/10.1.0.17)80a21d94-395d-4af9-8da1-801cc4a84331(fv-az308-773/10.1.0.17)eb720a23-75c3-467a-80ae-faa20a4fdf41(fv-az308-773/10.1.0.17), ReplicationConfig: RATIS/THREE, State:ALLOCATED, leaderId:5e0b76c9-98d4-42e7-bc08-714bac9b3108, CreationTimestamp2023-03-29T21:18:01.173Z[Etc/UTC]] moved to OPEN state
2023-03-29 21:18:08,676 [EventQueue-OpenPipelineForHealthyPipelineSafeModeRule] INFO  safemode.SCMSafeModeManager (HealthyPipelineSafeModeRule.java:process(137)) - SCM in safe mode. Healthy pipelines reported count is 1, required healthy pipeline reported count is 1
2023-03-29 21:18:08,676 [EventQueue-OpenPipelineForHealthyPipelineSafeModeRule] INFO  safemode.SCMSafeModeManager (SCMSafeModeManager.java:validateSafeModeExitRules(200)) - HealthyPipelineSafeModeRule rule is successfully validated
2023-03-29 21:18:08,676 [EventQueue-OpenPipelineForHealthyPipelineSafeModeRule] INFO  safemode.SCMSafeModeManager (SCMSafeModeManager.java:validateSafeModeExitRules(215)) - ScmSafeModeManager, all rules are successfully validated
2023-03-29 21:18:08,676 [EventQueue-OpenPipelineForHealthyPipelineSafeModeRule] INFO  safemode.SCMSafeModeManager (SCMSafeModeManager.java:exitSafeMode(244)) - SCM exiting safe mode.
2023-03-29 21:18:08,676 [EventQueue-OpenPipelineForHealthyPipelineSafeModeRule] INFO  ha.SCMContext (SCMContext.java:updateSafeModeStatus(228)) - Update SafeModeStatus from SafeModeStatus{safeModeStatus=true, preCheckPassed=true} to SafeModeStatus{safeModeStatus=false, preCheckPassed=true}.
2023-03-29 21:18:08,676 [EventQueue-OpenPipelineForHealthyPipelineSafeModeRule] INFO  pipeline.BackgroundPipelineCreator (BackgroundPipelineCreator.java:notifyStatusChanged(254)) - Service BackgroundPipelineCreator transitions to RUNNING.
2023-03-29 21:18:08,676 [EventQueue-OpenPipelineForHealthyPipelineSafeModeRule] INFO  BackgroundPipelineScrubber (BackgroundSCMService.java:notifyStatusChanged(82)) - Service BackgroundPipelineScrubber transitions to RUNNING.
2023-03-29 21:18:08,676 [EventQueue-OpenPipelineForHealthyPipelineSafeModeRule] INFO  ExpiredContainerReplicaOpScrubber (BackgroundSCMService.java:notifyStatusChanged(82)) - Service ExpiredContainerReplicaOpScrubber transitions to RUNNING.
2023-03-29 21:18:08,676 [EventQueue-OpenPipelineForHealthyPipelineSafeModeRule] INFO  replication.ReplicationManager (ReplicationManager.java:notifyStatusChanged(1255)) - Service ReplicationManager transitions to RUNNING.
2023-03-29 21:18:08,676 [EventQueue-OpenPipelineForHealthyPipelineSafeModeRule] WARN  balancer.ContainerBalancer (ContainerBalancer.java:shouldRun(132)) - Could not find persisted configuration for ContainerBalancer when checking if ContainerBalancer should run. ContainerBalancer should not run now.
2023-03-29 21:18:08,676 [5e0b76c9-98d4-42e7-bc08-714bac9b3108@group-C57F3046A27C-LeaderElection23] INFO  server.RaftServerConfigKeys (ConfUtils.java:logGet(46)) - raft.server.log.appender.install.snapshot.enabled = false (custom)
2023-03-29 21:18:08,676 [5e0b76c9-98d4-42e7-bc08-714bac9b3108@group-C57F3046A27C-LeaderElection23] INFO  grpc.GrpcConfigKeys (ConfUtils.java:logGet(46)) - raft.grpc.server.heartbeat.channel = true (default)
2023-03-29 21:18:08,676 [5e0b76c9-98d4-42e7-bc08-714bac9b3108@group-C57F3046A27C-LeaderElection23] INFO  server.RaftServerConfigKeys (ConfUtils.java:logGet(46)) - raft.server.log.appender.wait-time.min = 10ms (default)
2023-03-29 21:18:08,677 [5e0b76c9-98d4-42e7-bc08-714bac9b3108@group-C57F3046A27C-LeaderElection23] INFO  impl.RoleInfo (RoleInfo.java:updateAndGet(139)) - 5e0b76c9-98d4-42e7-bc08-714bac9b3108: start 5e0b76c9-98d4-42e7-bc08-714bac9b3108@group-C57F3046A27C-LeaderStateImpl
2023-03-29 21:18:08,677 [5e0b76c9-98d4-42e7-bc08-714bac9b3108@group-C57F3046A27C-LeaderElection23] INFO  segmented.SegmentedRaftLogWorker (SegmentedRaftLogWorker.java:startLogSegment(452)) - 5e0b76c9-98d4-42e7-bc08-714bac9b3108@group-C57F3046A27C-SegmentedRaftLogWorker: Starting segment from index:0
2023-03-29 21:18:08,677 [80a21d94-395d-4af9-8da1-801cc4a84331@group-C57F3046A27C-FollowerState] INFO  server.RaftServerConfigKeys (ConfUtils.java:logFallback(53)) - raft.server.rpc.first-election.timeout.min = 5s (fallback to raft.server.rpc.timeout.min)
2023-03-29 21:18:08,677 [80a21d94-395d-4af9-8da1-801cc4a84331@group-C57F3046A27C-FollowerState] INFO  server.RaftServerConfigKeys (ConfUtils.java:logFallback(53)) - raft.server.rpc.first-election.timeout.max = 5200ms (fallback to raft.server.rpc.timeout.max)
2023-03-29 21:18:08,678 [grpc-default-executor-2] INFO  server.RaftServer$Division (RaftServerImpl.java:requestVote(1218)) - eb720a23-75c3-467a-80ae-faa20a4fdf41@group-C57F3046A27C: receive requestVote(ELECTION, 5e0b76c9-98d4-42e7-bc08-714bac9b3108, group-C57F3046A27C, 1, (t:0, i:0))
2023-03-29 21:18:08,678 [grpc-default-executor-2] INFO  impl.VoteContext (VoteContext.java:log(49)) - eb720a23-75c3-467a-80ae-faa20a4fdf41@group-C57F3046A27C-FOLLOWER: accept ELECTION from 5e0b76c9-98d4-42e7-bc08-714bac9b3108: our priority 0 <= candidate's priority 1
2023-03-29 21:18:08,678 [grpc-default-executor-2] INFO  server.RaftServer$Division (RaftServerImpl.java:setRole(321)) - eb720a23-75c3-467a-80ae-faa20a4fdf41@group-C57F3046A27C: changes role from  FOLLOWER to FOLLOWER at term 1 for candidate:5e0b76c9-98d4-42e7-bc08-714bac9b3108
2023-03-29 21:18:08,679 [grpc-default-executor-2] INFO  impl.RoleInfo (RoleInfo.java:shutdownFollowerState(110)) - eb720a23-75c3-467a-80ae-faa20a4fdf41: shutdown eb720a23-75c3-467a-80ae-faa20a4fdf41@group-C57F3046A27C-FollowerState
2023-03-29 21:18:08,679 [eb720a23-75c3-467a-80ae-faa20a4fdf41@group-C57F3046A27C-FollowerState] INFO  impl.FollowerState (FollowerState.java:run(152)) - eb720a23-75c3-467a-80ae-faa20a4fdf41@group-C57F3046A27C-FollowerState was interrupted
2023-03-29 21:18:08,679 [grpc-default-executor-2] INFO  impl.RoleInfo (RoleInfo.java:updateAndGet(139)) - eb720a23-75c3-467a-80ae-faa20a4fdf41: start eb720a23-75c3-467a-80ae-faa20a4fdf41@group-C57F3046A27C-FollowerState
2023-03-29 21:18:08,679 [grpc-default-executor-0] INFO  server.RaftServer$Division (RaftServerImpl.java:requestVote(1218)) - eb720a23-75c3-467a-80ae-faa20a4fdf41@group-974C3F79DE30: receive requestVote(PRE_VOTE, 5e0b76c9-98d4-42e7-bc08-714bac9b3108, group-974C3F79DE30, 0, (t:0, i:0))
2023-03-29 21:18:08,680 [grpc-default-executor-0] INFO  impl.VoteContext (VoteContext.java:log(49)) - eb720a23-75c3-467a-80ae-faa20a4fdf41@group-974C3F79DE30-FOLLOWER: accept PRE_VOTE from 5e0b76c9-98d4-42e7-bc08-714bac9b3108: our priority 0 <= candidate's priority 0
2023-03-29 21:18:08,680 [grpc-default-executor-0] INFO  server.RaftServer$Division (RaftServerImpl.java:requestVote(1251)) - eb720a23-75c3-467a-80ae-faa20a4fdf41@group-974C3F79DE30 replies to PRE_VOTE vote request: 5e0b76c9-98d4-42e7-bc08-714bac9b3108<-eb720a23-75c3-467a-80ae-faa20a4fdf41#0:OK-t0. Peer's state: eb720a23-75c3-467a-80ae-faa20a4fdf41@group-974C3F79DE30:t0, leader=null, voted=, raftlog=Memoized:eb720a23-75c3-467a-80ae-faa20a4fdf41@group-974C3F79DE30-SegmentedRaftLog:OPENED:c-1, conf=-1: peers:[80a21d94-395d-4af9-8da1-801cc4a84331|rpc:10.1.0.17:33111|dataStream:10.1.0.17:46045|priority:1|startupRole:FOLLOWER, eb720a23-75c3-467a-80ae-faa20a4fdf41|rpc:10.1.0.17:41371|dataStream:10.1.0.17:45805|priority:0|startupRole:FOLLOWER, 5e0b76c9-98d4-42e7-bc08-714bac9b3108|rpc:10.1.0.17:45791|dataStream:10.1.0.17:39049|priority:0|startupRole:FOLLOWER]|listeners:[], old=null
2023-03-29 21:18:08,681 [grpc-default-executor-2] INFO  server.RaftServer$Division (RaftServerImpl.java:requestVote(1251)) - eb720a23-75c3-467a-80ae-faa20a4fdf41@group-C57F3046A27C replies to ELECTION vote request: 5e0b76c9-98d4-42e7-bc08-714bac9b3108<-eb720a23-75c3-467a-80ae-faa20a4fdf41#0:OK-t1. Peer's state: eb720a23-75c3-467a-80ae-faa20a4fdf41@group-C57F3046A27C:t1, leader=null, voted=5e0b76c9-98d4-42e7-bc08-714bac9b3108, raftlog=Memoized:eb720a23-75c3-467a-80ae-faa20a4fdf41@group-C57F3046A27C-SegmentedRaftLog:OPENED:c-1, conf=-1: peers:[80a21d94-395d-4af9-8da1-801cc4a84331|rpc:10.1.0.17:33111|dataStream:10.1.0.17:46045|priority:0|startupRole:FOLLOWER, eb720a23-75c3-467a-80ae-faa20a4fdf41|rpc:10.1.0.17:41371|dataStream:10.1.0.17:45805|priority:0|startupRole:FOLLOWER, 5e0b76c9-98d4-42e7-bc08-714bac9b3108|rpc:10.1.0.17:45791|dataStream:10.1.0.17:39049|priority:1|startupRole:FOLLOWER]|listeners:[], old=null
2023-03-29 21:18:08,684 [eb720a23-75c3-467a-80ae-faa20a4fdf41@group-C57F3046A27C-FollowerState] INFO  server.RaftServerConfigKeys (ConfUtils.java:logFallback(53)) - raft.server.rpc.first-election.timeout.min = 5s (fallback to raft.server.rpc.timeout.min)
2023-03-29 21:18:08,684 [eb720a23-75c3-467a-80ae-faa20a4fdf41@group-C57F3046A27C-FollowerState] INFO  server.RaftServerConfigKeys (ConfUtils.java:logFallback(53)) - raft.server.rpc.first-election.timeout.max = 5200ms (fallback to raft.server.rpc.timeout.max)
2023-03-29 21:18:08,694 [eb720a23-75c3-467a-80ae-faa20a4fdf41@group-974C3F79DE30-FollowerState] INFO  server.RaftServerConfigKeys (ConfUtils.java:logFallback(53)) - raft.server.rpc.first-election.timeout.min = 5s (fallback to raft.server.rpc.timeout.min)
2023-03-29 21:18:08,694 [eb720a23-75c3-467a-80ae-faa20a4fdf41@group-974C3F79DE30-FollowerState] INFO  server.RaftServerConfigKeys (ConfUtils.java:logFallback(53)) - raft.server.rpc.first-election.timeout.max = 5200ms (fallback to raft.server.rpc.timeout.max)
2023-03-29 21:18:08,694 [5e0b76c9-98d4-42e7-bc08-714bac9b3108@group-C57F3046A27C-LeaderElection23] INFO  server.RaftServer$Division (ServerState.java:setRaftConf(430)) - 5e0b76c9-98d4-42e7-bc08-714bac9b3108@group-C57F3046A27C: set configuration 0: peers:[80a21d94-395d-4af9-8da1-801cc4a84331|rpc:10.1.0.17:33111|dataStream:10.1.0.17:46045|priority:0|startupRole:FOLLOWER, eb720a23-75c3-467a-80ae-faa20a4fdf41|rpc:10.1.0.17:41371|dataStream:10.1.0.17:45805|priority:0|startupRole:FOLLOWER, 5e0b76c9-98d4-42e7-bc08-714bac9b3108|rpc:10.1.0.17:45791|dataStream:10.1.0.17:39049|priority:1|startupRole:FOLLOWER]|listeners:[], old=null
2023-03-29 21:18:08,695 [5e0b76c9-98d4-42e7-bc08-714bac9b3108@group-C57F3046A27C-SegmentedRaftLogWorker] INFO  segmented.SegmentedRaftLogWorker (SegmentedRaftLogWorker.java:execute(656)) - 5e0b76c9-98d4-42e7-bc08-714bac9b3108@group-C57F3046A27C-SegmentedRaftLogWorker: created new log segment /home/runner/work/ozone/ozone/hadoop-ozone/integration-test/target/test-dir/MiniOzoneClusterImpl-629b745a-ec3f-4e94-8d3b-29fcb714514f/datanode-2/data/ratis/af17ef5a-aa36-48ba-8e23-c57f3046a27c/current/log_inprogress_0
2023-03-29 21:18:08,696 [grpc-default-executor-3] INFO  server.RaftServer$Division (RaftServerImpl.java:requestVote(1218)) - eb720a23-75c3-467a-80ae-faa20a4fdf41@group-C57F3046A27C: receive requestVote(PRE_VOTE, 5e0b76c9-98d4-42e7-bc08-714bac9b3108, group-C57F3046A27C, 0, (t:0, i:0))
2023-03-29 21:18:08,696 [grpc-default-executor-3] INFO  impl.VoteContext (VoteContext.java:log(49)) - eb720a23-75c3-467a-80ae-faa20a4fdf41@group-C57F3046A27C-FOLLOWER: accept PRE_VOTE from 5e0b76c9-98d4-42e7-bc08-714bac9b3108: our priority 0 <= candidate's priority 1
2023-03-29 21:18:08,696 [grpc-default-executor-3] INFO  server.RaftServer$Division (RaftServerImpl.java:requestVote(1251)) - eb720a23-75c3-467a-80ae-faa20a4fdf41@group-C57F3046A27C replies to PRE_VOTE vote request: 5e0b76c9-98d4-42e7-bc08-714bac9b3108<-eb720a23-75c3-467a-80ae-faa20a4fdf41#0:OK-t1. Peer's state: eb720a23-75c3-467a-80ae-faa20a4fdf41@group-C57F3046A27C:t1, leader=null, voted=5e0b76c9-98d4-42e7-bc08-714bac9b3108, raftlog=Memoized:eb720a23-75c3-467a-80ae-faa20a4fdf41@group-C57F3046A27C-SegmentedRaftLog:OPENED:c-1, conf=-1: peers:[80a21d94-395d-4af9-8da1-801cc4a84331|rpc:10.1.0.17:33111|dataStream:10.1.0.17:46045|priority:0|startupRole:FOLLOWER, eb720a23-75c3-467a-80ae-faa20a4fdf41|rpc:10.1.0.17:41371|dataStream:10.1.0.17:45805|priority:0|startupRole:FOLLOWER, 5e0b76c9-98d4-42e7-bc08-714bac9b3108|rpc:10.1.0.17:45791|dataStream:10.1.0.17:39049|priority:1|startupRole:FOLLOWER]|listeners:[], old=null
2023-03-29 21:18:08,728 [80a21d94-395d-4af9-8da1-801cc4a84331-server-thread2] INFO  ratis.XceiverServerRatis (XceiverServerRatis.java:handleLeaderChangedNotification(904)) - Leader change notification received for group: group-C57F3046A27C with new leaderId: 5e0b76c9-98d4-42e7-bc08-714bac9b3108
2023-03-29 21:18:08,729 [80a21d94-395d-4af9-8da1-801cc4a84331-server-thread2] INFO  server.RaftServer$Division (ServerState.java:setLeader(313)) - 80a21d94-395d-4af9-8da1-801cc4a84331@group-C57F3046A27C: change Leader from null to 5e0b76c9-98d4-42e7-bc08-714bac9b3108 at term 1 for appendEntries, leader elected after 5324ms
2023-03-29 21:18:08,730 [80a21d94-395d-4af9-8da1-801cc4a84331@group-974C3F79DE30-FollowerState] INFO  impl.FollowerState (FollowerState.java:run(143)) - 80a21d94-395d-4af9-8da1-801cc4a84331@group-974C3F79DE30-FollowerState: change to CANDIDATE, lastRpcElapsedTime:5165909393ns, electionTimeout:5153ms
2023-03-29 21:18:08,730 [80a21d94-395d-4af9-8da1-801cc4a84331@group-974C3F79DE30-FollowerState] INFO  impl.RoleInfo (RoleInfo.java:shutdownFollowerState(110)) - 80a21d94-395d-4af9-8da1-801cc4a84331: shutdown 80a21d94-395d-4af9-8da1-801cc4a84331@group-974C3F79DE30-FollowerState
2023-03-29 21:18:08,730 [80a21d94-395d-4af9-8da1-801cc4a84331-server-thread1] INFO  server.RaftServer$Division (ServerState.java:setRaftConf(430)) - 80a21d94-395d-4af9-8da1-801cc4a84331@group-C57F3046A27C: set configuration 0: peers:[80a21d94-395d-4af9-8da1-801cc4a84331|rpc:10.1.0.17:33111|dataStream:10.1.0.17:46045|priority:0|startupRole:FOLLOWER, eb720a23-75c3-467a-80ae-faa20a4fdf41|rpc:10.1.0.17:41371|dataStream:10.1.0.17:45805|priority:0|startupRole:FOLLOWER, 5e0b76c9-98d4-42e7-bc08-714bac9b3108|rpc:10.1.0.17:45791|dataStream:10.1.0.17:39049|priority:1|startupRole:FOLLOWER]|listeners:[], old=null
2023-03-29 21:18:08,730 [80a21d94-395d-4af9-8da1-801cc4a84331@group-974C3F79DE30-FollowerState] INFO  server.RaftServer$Division (RaftServerImpl.java:setRole(321)) - 80a21d94-395d-4af9-8da1-801cc4a84331@group-974C3F79DE30: changes role from  FOLLOWER to CANDIDATE at term 0 for changeToCandidate
2023-03-29 21:18:08,731 [80a21d94-395d-4af9-8da1-801cc4a84331-server-thread1] INFO  segmented.SegmentedRaftLogWorker (SegmentedRaftLogWorker.java:startLogSegment(452)) - 80a21d94-395d-4af9-8da1-801cc4a84331@group-C57F3046A27C-SegmentedRaftLogWorker: Starting segment from index:0
2023-03-29 21:18:08,733 [eb720a23-75c3-467a-80ae-faa20a4fdf41-server-thread1] INFO  ratis.XceiverServerRatis (XceiverServerRatis.java:handleLeaderChangedNotification(904)) - Leader change notification received for group: group-C57F3046A27C with new leaderId: 5e0b76c9-98d4-42e7-bc08-714bac9b3108
2023-03-29 21:18:08,733 [eb720a23-75c3-467a-80ae-faa20a4fdf41-server-thread1] INFO  server.RaftServer$Division (ServerState.java:setLeader(313)) - eb720a23-75c3-467a-80ae-faa20a4fdf41@group-C57F3046A27C: change Leader from null to 5e0b76c9-98d4-42e7-bc08-714bac9b3108 at term 1 for appendEntries, leader elected after 5208ms
2023-03-29 21:18:08,733 [80a21d94-395d-4af9-8da1-801cc4a84331@group-974C3F79DE30-FollowerState] INFO  server.RaftServerConfigKeys (ConfUtils.java:logGet(46)) - raft.server.leaderelection.pre-vote = true (default)
2023-03-29 21:18:08,734 [80a21d94-395d-4af9-8da1-801cc4a84331@group-974C3F79DE30-FollowerState] INFO  impl.RoleInfo (RoleInfo.java:updateAndGet(139)) - 80a21d94-395d-4af9-8da1-801cc4a84331: start 80a21d94-395d-4af9-8da1-801cc4a84331@group-974C3F79DE30-LeaderElection24
2023-03-29 21:18:08,738 [eb720a23-75c3-467a-80ae-faa20a4fdf41-server-thread1] INFO  server.RaftServer$Division (ServerState.java:setRaftConf(430)) - eb720a23-75c3-467a-80ae-faa20a4fdf41@group-C57F3046A27C: set configuration 0: peers:[80a21d94-395d-4af9-8da1-801cc4a84331|rpc:10.1.0.17:33111|dataStream:10.1.0.17:46045|priority:0|startupRole:FOLLOWER, eb720a23-75c3-467a-80ae-faa20a4fdf41|rpc:10.1.0.17:41371|dataStream:10.1.0.17:45805|priority:0|startupRole:FOLLOWER, 5e0b76c9-98d4-42e7-bc08-714bac9b3108|rpc:10.1.0.17:45791|dataStream:10.1.0.17:39049|priority:1|startupRole:FOLLOWER]|listeners:[], old=null
2023-03-29 21:18:08,738 [eb720a23-75c3-467a-80ae-faa20a4fdf41-server-thread1] INFO  segmented.SegmentedRaftLogWorker (SegmentedRaftLogWorker.java:startLogSegment(452)) - eb720a23-75c3-467a-80ae-faa20a4fdf41@group-C57F3046A27C-SegmentedRaftLogWorker: Starting segment from index:0
2023-03-29 21:18:08,738 [80a21d94-395d-4af9-8da1-801cc4a84331@group-C57F3046A27C-SegmentedRaftLogWorker] INFO  segmented.SegmentedRaftLogWorker (SegmentedRaftLogWorker.java:execute(656)) - 80a21d94-395d-4af9-8da1-801cc4a84331@group-C57F3046A27C-SegmentedRaftLogWorker: created new log segment /home/runner/work/ozone/ozone/hadoop-ozone/integration-test/target/test-dir/MiniOzoneClusterImpl-629b745a-ec3f-4e94-8d3b-29fcb714514f/datanode-0/data/ratis/af17ef5a-aa36-48ba-8e23-c57f3046a27c/current/log_inprogress_0
2023-03-29 21:18:08,746 [80a21d94-395d-4af9-8da1-801cc4a84331@group-974C3F79DE30-LeaderElection24] INFO  impl.LeaderElection (LeaderElection.java:askForVotes(312)) - 80a21d94-395d-4af9-8da1-801cc4a84331@group-974C3F79DE30-LeaderElection24 PRE_VOTE round 0: submit vote requests at term 0 for -1: peers:[80a21d94-395d-4af9-8da1-801cc4a84331|rpc:10.1.0.17:33111|dataStream:10.1.0.17:46045|priority:1|startupRole:FOLLOWER, eb720a23-75c3-467a-80ae-faa20a4fdf41|rpc:10.1.0.17:41371|dataStream:10.1.0.17:45805|priority:0|startupRole:FOLLOWER, 5e0b76c9-98d4-42e7-bc08-714bac9b3108|rpc:10.1.0.17:45791|dataStream:10.1.0.17:39049|priority:0|startupRole:FOLLOWER]|listeners:[], old=null
2023-03-29 21:18:08,746 [eb720a23-75c3-467a-80ae-faa20a4fdf41@group-C57F3046A27C-SegmentedRaftLogWorker] INFO  segmented.SegmentedRaftLogWorker (SegmentedRaftLogWorker.java:execute(656)) - eb720a23-75c3-467a-80ae-faa20a4fdf41@group-C57F3046A27C-SegmentedRaftLogWorker: created new log segment /home/runner/work/ozone/ozone/hadoop-ozone/integration-test/target/test-dir/MiniOzoneClusterImpl-629b745a-ec3f-4e94-8d3b-29fcb714514f/datanode-1/data/ratis/af17ef5a-aa36-48ba-8e23-c57f3046a27c/current/log_inprogress_0
2023-03-29 21:18:08,749 [80a21d94-395d-4af9-8da1-801cc4a84331@group-974C3F79DE30-LeaderElection24] INFO  server.RaftServerConfigKeys (ConfUtils.java:logFallback(53)) - raft.server.rpc.first-election.timeout.min = 5s (fallback to raft.server.rpc.timeout.min)
2023-03-29 21:18:08,749 [80a21d94-395d-4af9-8da1-801cc4a84331@group-974C3F79DE30-LeaderElection24] INFO  server.RaftServerConfigKeys (ConfUtils.java:logFallback(53)) - raft.server.rpc.first-election.timeout.max = 5200ms (fallback to raft.server.rpc.timeout.max)
2023-03-29 21:18:08,750 [grpc-default-executor-0] INFO  server.RaftServer$Division (RaftServerImpl.java:requestVote(1218)) - eb720a23-75c3-467a-80ae-faa20a4fdf41@group-974C3F79DE30: receive requestVote(PRE_VOTE, 80a21d94-395d-4af9-8da1-801cc4a84331, group-974C3F79DE30, 0, (t:0, i:0))
2023-03-29 21:18:08,750 [grpc-default-executor-0] INFO  impl.VoteContext (VoteContext.java:log(49)) - eb720a23-75c3-467a-80ae-faa20a4fdf41@group-974C3F79DE30-FOLLOWER: accept PRE_VOTE from 80a21d94-395d-4af9-8da1-801cc4a84331: our priority 0 <= candidate's priority 1
2023-03-29 21:18:08,750 [grpc-default-executor-0] INFO  server.RaftServer$Division (RaftServerImpl.java:requestVote(1251)) - eb720a23-75c3-467a-80ae-faa20a4fdf41@group-974C3F79DE30 replies to PRE_VOTE vote request: 80a21d94-395d-4af9-8da1-801cc4a84331<-eb720a23-75c3-467a-80ae-faa20a4fdf41#0:OK-t0. Peer's state: eb720a23-75c3-467a-80ae-faa20a4fdf41@group-974C3F79DE30:t0, leader=null, voted=, raftlog=Memoized:eb720a23-75c3-467a-80ae-faa20a4fdf41@group-974C3F79DE30-SegmentedRaftLog:OPENED:c-1, conf=-1: peers:[80a21d94-395d-4af9-8da1-801cc4a84331|rpc:10.1.0.17:33111|dataStream:10.1.0.17:46045|priority:1|startupRole:FOLLOWER, eb720a23-75c3-467a-80ae-faa20a4fdf41|rpc:10.1.0.17:41371|dataStream:10.1.0.17:45805|priority:0|startupRole:FOLLOWER, 5e0b76c9-98d4-42e7-bc08-714bac9b3108|rpc:10.1.0.17:45791|dataStream:10.1.0.17:39049|priority:0|startupRole:FOLLOWER]|listeners:[], old=null
2023-03-29 21:18:08,752 [80a21d94-395d-4af9-8da1-801cc4a84331@group-974C3F79DE30-LeaderElection24] INFO  impl.LeaderElection (LeaderElection.java:logAndReturn(90)) - 80a21d94-395d-4af9-8da1-801cc4a84331@group-974C3F79DE30-LeaderElection24: PRE_VOTE PASSED received 1 response(s) and 0 exception(s):
2023-03-29 21:18:08,752 [80a21d94-395d-4af9-8da1-801cc4a84331@group-974C3F79DE30-LeaderElection24] INFO  impl.LeaderElection (LeaderElection.java:logAndReturn(94)) -   Response 0: 80a21d94-395d-4af9-8da1-801cc4a84331<-eb720a23-75c3-467a-80ae-faa20a4fdf41#0:OK-t0
2023-03-29 21:18:08,752 [80a21d94-395d-4af9-8da1-801cc4a84331@group-974C3F79DE30-LeaderElection24] INFO  impl.LeaderElection (LeaderElection.java:askForVotes(314)) - 80a21d94-395d-4af9-8da1-801cc4a84331@group-974C3F79DE30-LeaderElection24 PRE_VOTE round 0: result PASSED
2023-03-29 21:18:08,754 [grpc-default-executor-0] INFO  server.RaftServer$Division (RaftServerImpl.java:requestVote(1218)) - 5e0b76c9-98d4-42e7-bc08-714bac9b3108@group-974C3F79DE30: receive requestVote(PRE_VOTE, 80a21d94-395d-4af9-8da1-801cc4a84331, group-974C3F79DE30, 0, (t:0, i:0))
2023-03-29 21:18:08,754 [grpc-default-executor-0] INFO  impl.VoteContext (VoteContext.java:log(49)) - 5e0b76c9-98d4-42e7-bc08-714bac9b3108@group-974C3F79DE30-FOLLOWER: accept PRE_VOTE from 80a21d94-395d-4af9-8da1-801cc4a84331: our priority 0 <= candidate's priority 1
2023-03-29 21:18:08,754 [grpc-default-executor-0] INFO  server.RaftServer$Division (RaftServerImpl.java:requestVote(1251)) - 5e0b76c9-98d4-42e7-bc08-714bac9b3108@group-974C3F79DE30 replies to PRE_VOTE vote request: 80a21d94-395d-4af9-8da1-801cc4a84331<-5e0b76c9-98d4-42e7-bc08-714bac9b3108#0:OK-t0. Peer's state: 5e0b76c9-98d4-42e7-bc08-714bac9b3108@group-974C3F79DE30:t0, leader=null, voted=, raftlog=Memoized:5e0b76c9-98d4-42e7-bc08-714bac9b3108@group-974C3F79DE30-SegmentedRaftLog:OPENED:c-1, conf=-1: peers:[80a21d94-395d-4af9-8da1-801cc4a84331|rpc:10.1.0.17:33111|dataStream:10.1.0.17:46045|priority:1|startupRole:FOLLOWER, eb720a23-75c3-467a-80ae-faa20a4fdf41|rpc:10.1.0.17:41371|dataStream:10.1.0.17:45805|priority:0|startupRole:FOLLOWER, 5e0b76c9-98d4-42e7-bc08-714bac9b3108|rpc:10.1.0.17:45791|dataStream:10.1.0.17:39049|priority:0|startupRole:FOLLOWER]|listeners:[], old=null
2023-03-29 21:18:08,755 [80a21d94-395d-4af9-8da1-801cc4a84331@group-974C3F79DE30-LeaderElection24] INFO  impl.LeaderElection (LeaderElection.java:askForVotes(312)) - 80a21d94-395d-4af9-8da1-801cc4a84331@group-974C3F79DE30-LeaderElection24 ELECTION round 0: submit vote requests at term 1 for -1: peers:[80a21d94-395d-4af9-8da1-801cc4a84331|rpc:10.1.0.17:33111|dataStream:10.1.0.17:46045|priority:1|startupRole:FOLLOWER, eb720a23-75c3-467a-80ae-faa20a4fdf41|rpc:10.1.0.17:41371|dataStream:10.1.0.17:45805|priority:0|startupRole:FOLLOWER, 5e0b76c9-98d4-42e7-bc08-714bac9b3108|rpc:10.1.0.17:45791|dataStream:10.1.0.17:39049|priority:0|startupRole:FOLLOWER]|listeners:[], old=null
2023-03-29 21:18:08,756 [80a21d94-395d-4af9-8da1-801cc4a84331@group-974C3F79DE30-LeaderElection24] INFO  server.RaftServerConfigKeys (ConfUtils.java:logFallback(53)) - raft.server.rpc.first-election.timeout.min = 5s (fallback to raft.server.rpc.timeout.min)
2023-03-29 21:18:08,756 [80a21d94-395d-4af9-8da1-801cc4a84331@group-974C3F79DE30-LeaderElection24] INFO  server.RaftServerConfigKeys (ConfUtils.java:logFallback(53)) - raft.server.rpc.first-election.timeout.max = 5200ms (fallback to raft.server.rpc.timeout.max)
2023-03-29 21:18:08,757 [grpc-default-executor-0] INFO  server.RaftServer$Division (RaftServerImpl.java:requestVote(1218)) - eb720a23-75c3-467a-80ae-faa20a4fdf41@group-974C3F79DE30: receive requestVote(ELECTION, 80a21d94-395d-4af9-8da1-801cc4a84331, group-974C3F79DE30, 1, (t:0, i:0))
2023-03-29 21:18:08,758 [grpc-default-executor-0] INFO  impl.VoteContext (VoteContext.java:log(49)) - eb720a23-75c3-467a-80ae-faa20a4fdf41@group-974C3F79DE30-FOLLOWER: accept ELECTION from 80a21d94-395d-4af9-8da1-801cc4a84331: our priority 0 <= candidate's priority 1
2023-03-29 21:18:08,758 [grpc-default-executor-0] INFO  server.RaftServer$Division (RaftServerImpl.java:setRole(321)) - eb720a23-75c3-467a-80ae-faa20a4fdf41@group-974C3F79DE30: changes role from  FOLLOWER to FOLLOWER at term 1 for candidate:80a21d94-395d-4af9-8da1-801cc4a84331
2023-03-29 21:18:08,758 [grpc-default-executor-0] INFO  impl.RoleInfo (RoleInfo.java:shutdownFollowerState(110)) - eb720a23-75c3-467a-80ae-faa20a4fdf41: shutdown eb720a23-75c3-467a-80ae-faa20a4fdf41@group-974C3F79DE30-FollowerState
2023-03-29 21:18:08,758 [grpc-default-executor-0] INFO  impl.RoleInfo (RoleInfo.java:updateAndGet(139)) - eb720a23-75c3-467a-80ae-faa20a4fdf41: start eb720a23-75c3-467a-80ae-faa20a4fdf41@group-974C3F79DE30-FollowerState
2023-03-29 21:18:08,758 [eb720a23-75c3-467a-80ae-faa20a4fdf41@group-974C3F79DE30-FollowerState] INFO  impl.FollowerState (FollowerState.java:run(152)) - eb720a23-75c3-467a-80ae-faa20a4fdf41@group-974C3F79DE30-FollowerState was interrupted
2023-03-29 21:18:08,766 [grpc-default-executor-2] INFO  server.RaftServer$Division (RaftServerImpl.java:requestVote(1218)) - 5e0b76c9-98d4-42e7-bc08-714bac9b3108@group-974C3F79DE30: receive requestVote(ELECTION, 80a21d94-395d-4af9-8da1-801cc4a84331, group-974C3F79DE30, 1, (t:0, i:0))
2023-03-29 21:18:08,766 [grpc-default-executor-2] INFO  impl.VoteContext (VoteContext.java:log(49)) - 5e0b76c9-98d4-42e7-bc08-714bac9b3108@group-974C3F79DE30-FOLLOWER: accept ELECTION from 80a21d94-395d-4af9-8da1-801cc4a84331: our priority 0 <= candidate's priority 1
2023-03-29 21:18:08,766 [grpc-default-executor-2] INFO  server.RaftServer$Division (RaftServerImpl.java:setRole(321)) - 5e0b76c9-98d4-42e7-bc08-714bac9b3108@group-974C3F79DE30: changes role from  FOLLOWER to FOLLOWER at term 1 for candidate:80a21d94-395d-4af9-8da1-801cc4a84331
2023-03-29 21:18:08,766 [grpc-default-executor-2] INFO  impl.RoleInfo (RoleInfo.java:shutdownFollowerState(110)) - 5e0b76c9-98d4-42e7-bc08-714bac9b3108: shutdown 5e0b76c9-98d4-42e7-bc08-714bac9b3108@group-974C3F79DE30-FollowerState
2023-03-29 21:18:08,767 [grpc-default-executor-2] INFO  impl.RoleInfo (RoleInfo.java:updateAndGet(139)) - 5e0b76c9-98d4-42e7-bc08-714bac9b3108: start 5e0b76c9-98d4-42e7-bc08-714bac9b3108@group-974C3F79DE30-FollowerState
2023-03-29 21:18:08,767 [5e0b76c9-98d4-42e7-bc08-714bac9b3108@group-974C3F79DE30-FollowerState] INFO  impl.FollowerState (FollowerState.java:run(152)) - 5e0b76c9-98d4-42e7-bc08-714bac9b3108@group-974C3F79DE30-FollowerState was interrupted
2023-03-29 21:18:08,767 [grpc-default-executor-0] INFO  server.RaftServer$Division (RaftServerImpl.java:requestVote(1251)) - eb720a23-75c3-467a-80ae-faa20a4fdf41@group-974C3F79DE30 replies to ELECTION vote request: 80a21d94-395d-4af9-8da1-801cc4a84331<-eb720a23-75c3-467a-80ae-faa20a4fdf41#0:OK-t1. Peer's state: eb720a23-75c3-467a-80ae-faa20a4fdf41@group-974C3F79DE30:t1, leader=null, voted=80a21d94-395d-4af9-8da1-801cc4a84331, raftlog=Memoized:eb720a23-75c3-467a-80ae-faa20a4fdf41@group-974C3F79DE30-SegmentedRaftLog:OPENED:c-1, conf=-1: peers:[80a21d94-395d-4af9-8da1-801cc4a84331|rpc:10.1.0.17:33111|dataStream:10.1.0.17:46045|priority:1|startupRole:FOLLOWER, eb720a23-75c3-467a-80ae-faa20a4fdf41|rpc:10.1.0.17:41371|dataStream:10.1.0.17:45805|priority:0|startupRole:FOLLOWER, 5e0b76c9-98d4-42e7-bc08-714bac9b3108|rpc:10.1.0.17:45791|dataStream:10.1.0.17:39049|priority:0|startupRole:FOLLOWER]|listeners:[], old=null
2023-03-29 21:18:08,767 [5e0b76c9-98d4-42e7-bc08-714bac9b3108@group-974C3F79DE30-FollowerState] INFO  server.RaftServerConfigKeys (ConfUtils.java:logFallback(53)) - raft.server.rpc.first-election.timeout.min = 5s (fallback to raft.server.rpc.timeout.min)
2023-03-29 21:18:08,767 [5e0b76c9-98d4-42e7-bc08-714bac9b3108@group-974C3F79DE30-FollowerState] INFO  server.RaftServerConfigKeys (ConfUtils.java:logFallback(53)) - raft.server.rpc.first-election.timeout.max = 5200ms (fallback to raft.server.rpc.timeout.max)
2023-03-29 21:18:08,768 [80a21d94-395d-4af9-8da1-801cc4a84331@group-974C3F79DE30-LeaderElection24] INFO  impl.LeaderElection (LeaderElection.java:logAndReturn(90)) - 80a21d94-395d-4af9-8da1-801cc4a84331@group-974C3F79DE30-LeaderElection24: ELECTION PASSED received 1 response(s) and 0 exception(s):
2023-03-29 21:18:08,768 [80a21d94-395d-4af9-8da1-801cc4a84331@group-974C3F79DE30-LeaderElection24] INFO  impl.LeaderElection (LeaderElection.java:logAndReturn(94)) -   Response 0: 80a21d94-395d-4af9-8da1-801cc4a84331<-eb720a23-75c3-467a-80ae-faa20a4fdf41#0:OK-t1
2023-03-29 21:18:08,768 [80a21d94-395d-4af9-8da1-801cc4a84331@group-974C3F79DE30-LeaderElection24] INFO  impl.LeaderElection (LeaderElection.java:askForVotes(314)) - 80a21d94-395d-4af9-8da1-801cc4a84331@group-974C3F79DE30-LeaderElection24 ELECTION round 0: result PASSED
2023-03-29 21:18:08,768 [80a21d94-395d-4af9-8da1-801cc4a84331@group-974C3F79DE30-LeaderElection24] INFO  impl.RoleInfo (RoleInfo.java:shutdownLeaderElection(130)) - 80a21d94-395d-4af9-8da1-801cc4a84331: shutdown 80a21d94-395d-4af9-8da1-801cc4a84331@group-974C3F79DE30-LeaderElection24
2023-03-29 21:18:08,768 [grpc-default-executor-2] INFO  server.RaftServer$Division (RaftServerImpl.java:requestVote(1251)) - 5e0b76c9-98d4-42e7-bc08-714bac9b3108@group-974C3F79DE30 replies to ELECTION vote request: 80a21d94-395d-4af9-8da1-801cc4a84331<-5e0b76c9-98d4-42e7-bc08-714bac9b3108#0:OK-t1. Peer's state: 5e0b76c9-98d4-42e7-bc08-714bac9b3108@group-974C3F79DE30:t1, leader=null, voted=80a21d94-395d-4af9-8da1-801cc4a84331, raftlog=Memoized:5e0b76c9-98d4-42e7-bc08-714bac9b3108@group-974C3F79DE30-SegmentedRaftLog:OPENED:c-1, conf=-1: peers:[80a21d94-395d-4af9-8da1-801cc4a84331|rpc:10.1.0.17:33111|dataStream:10.1.0.17:46045|priority:1|startupRole:FOLLOWER, eb720a23-75c3-467a-80ae-faa20a4fdf41|rpc:10.1.0.17:41371|dataStream:10.1.0.17:45805|priority:0|startupRole:FOLLOWER, 5e0b76c9-98d4-42e7-bc08-714bac9b3108|rpc:10.1.0.17:45791|dataStream:10.1.0.17:39049|priority:0|startupRole:FOLLOWER]|listeners:[], old=null
2023-03-29 21:18:08,768 [80a21d94-395d-4af9-8da1-801cc4a84331@group-974C3F79DE30-LeaderElection24] INFO  server.RaftServer$Division (RaftServerImpl.java:setRole(321)) - 80a21d94-395d-4af9-8da1-801cc4a84331@group-974C3F79DE30: changes role from CANDIDATE to LEADER at term 1 for changeToLeader
2023-03-29 21:18:08,768 [80a21d94-395d-4af9-8da1-801cc4a84331@group-974C3F79DE30-LeaderElection24] INFO  ratis.XceiverServerRatis (XceiverServerRatis.java:handleLeaderChangedNotification(904)) - Leader change notification received for group: group-974C3F79DE30 with new leaderId: 80a21d94-395d-4af9-8da1-801cc4a84331
2023-03-29 21:18:08,769 [80a21d94-395d-4af9-8da1-801cc4a84331@group-974C3F79DE30-LeaderElection24] INFO  server.RaftServer$Division (ServerState.java:setLeader(313)) - 80a21d94-395d-4af9-8da1-801cc4a84331@group-974C3F79DE30: change Leader from null to 80a21d94-395d-4af9-8da1-801cc4a84331 at term 1 for becomeLeader, leader elected after 5216ms
2023-03-29 21:18:08,769 [80a21d94-395d-4af9-8da1-801cc4a84331@group-974C3F79DE30-LeaderElection24] INFO  server.RaftServerConfigKeys (ConfUtils.java:logGet(46)) - raft.server.staging.catchup.gap = 1000 (default)
2023-03-29 21:18:08,769 [80a21d94-395d-4af9-8da1-801cc4a84331@group-974C3F79DE30-LeaderElection24] INFO  server.RaftServerConfigKeys (ConfUtils.java:logGet(46)) - raft.server.write.element-limit = 1024 (custom)
2023-03-29 21:18:08,769 [80a21d94-395d-4af9-8da1-801cc4a84331@group-974C3F79DE30-LeaderElection24] INFO  server.RaftServerConfigKeys (ConfUtils.java:logGet(46)) - raft.server.write.byte-limit = 1024 M (=1073741824) (custom)
2023-03-29 21:18:08,769 [80a21d94-395d-4af9-8da1-801cc4a84331@group-974C3F79DE30-LeaderElection24] INFO  server.RaftServerConfigKeys (ConfUtils.java:logGet(46)) - raft.server.watch.timeout = 180s (custom)
2023-03-29 21:18:08,769 [80a21d94-395d-4af9-8da1-801cc4a84331@group-974C3F79DE30-LeaderElection24] INFO  server.RaftServerConfigKeys (ConfUtils.java:logGet(46)) - raft.server.watch.timeout.denomination = 1s (default)
2023-03-29 21:18:08,769 [80a21d94-395d-4af9-8da1-801cc4a84331@group-974C3F79DE30-LeaderElection24] INFO  server.RaftServerConfigKeys (ConfUtils.java:logGet(46)) - raft.server.watch.element-limit = 65536 (default)
2023-03-29 21:18:08,769 [80a21d94-395d-4af9-8da1-801cc4a84331@group-974C3F79DE30-LeaderElection24] INFO  server.RaftServerConfigKeys (ConfUtils.java:logGet(46)) - raft.server.write.element-limit = 1024 (custom)
2023-03-29 21:18:08,769 [80a21d94-395d-4af9-8da1-801cc4a84331@group-974C3F79DE30-LeaderElection24] INFO  server.RaftServerConfigKeys (ConfUtils.java:logGet(46)) - raft.server.write.follower.gap.ratio.max = -1.0 (default)
2023-03-29 21:18:08,770 [80a21d94-395d-4af9-8da1-801cc4a84331@group-974C3F79DE30-LeaderElection24] INFO  server.RaftServerConfigKeys (ConfUtils.java:logGet(46)) - raft.server.log.appender.snapshot.chunk.size.max = 16MB (=16777216) (default)
2023-03-29 21:18:08,770 [80a21d94-395d-4af9-8da1-801cc4a84331@group-974C3F79DE30-LeaderElection24] INFO  server.RaftServerConfigKeys (ConfUtils.java:logGet(46)) - raft.server.log.appender.buffer.byte-limit = 33554432 (custom)
2023-03-29 21:18:08,770 [80a21d94-395d-4af9-8da1-801cc4a84331@group-974C3F79DE30-LeaderElection24] INFO  server.RaftServerConfigKeys (ConfUtils.java:logGet(46)) - raft.server.log.appender.buffer.element-limit = 1 (custom)
2023-03-29 21:18:08,770 [80a21d94-395d-4af9-8da1-801cc4a84331@group-974C3F79DE30-LeaderElection24] INFO  grpc.GrpcConfigKeys (ConfUtils.java:logGet(46)) - raft.grpc.server.leader.outstanding.appends.max = 128 (default)
2023-03-29 21:18:08,770 [80a21d94-395d-4af9-8da1-801cc4a84331@group-974C3F79DE30-LeaderElection24] INFO  server.RaftServerConfigKeys (ConfUtils.java:logGet(46)) - raft.server.rpc.request.timeout = 60s (custom)
2023-03-29 21:18:08,770 [80a21d94-395d-4af9-8da1-801cc4a84331@group-974C3F79DE30-LeaderElection24] INFO  server.RaftServerConfigKeys (ConfUtils.java:logGet(46)) - raft.server.log.appender.install.snapshot.enabled = false (custom)
2023-03-29 21:18:08,770 [80a21d94-395d-4af9-8da1-801cc4a84331@group-974C3F79DE30-LeaderElection24] INFO  grpc.GrpcConfigKeys (ConfUtils.java:logGet(46)) - raft.grpc.server.heartbeat.channel = true (default)
2023-03-29 21:18:08,770 [80a21d94-395d-4af9-8da1-801cc4a84331@group-974C3F79DE30-LeaderElection24] INFO  server.RaftServerConfigKeys (ConfUtils.java:logGet(46)) - raft.server.log.appender.wait-time.min = 10ms (default)
2023-03-29 21:18:08,770 [EventQueue-PipelineReportForPipelineReportHandler] INFO  pipeline.PipelineManagerImpl (PipelineManagerImpl.java:openPipeline(367)) - Pipeline Pipeline[ Id: 9612bb3d-5681-41f7-acd0-974c3f79de30, Nodes: 5e0b76c9-98d4-42e7-bc08-714bac9b3108(fv-az308-773/10.1.0.17)eb720a23-75c3-467a-80ae-faa20a4fdf41(fv-az308-773/10.1.0.17)80a21d94-395d-4af9-8da1-801cc4a84331(fv-az308-773/10.1.0.17), ReplicationConfig: RATIS/THREE, State:ALLOCATED, leaderId:80a21d94-395d-4af9-8da1-801cc4a84331, CreationTimestamp2023-03-29T21:18:01.175Z[Etc/UTC]] moved to OPEN state
2023-03-29 21:18:08,770 [80a21d94-395d-4af9-8da1-801cc4a84331@group-974C3F79DE30-LeaderElection24] INFO  server.RaftServerConfigKeys (ConfUtils.java:logGet(46)) - raft.server.log.appender.snapshot.chunk.size.max = 16MB (=16777216) (default)
2023-03-29 21:18:08,770 [80a21d94-395d-4af9-8da1-801cc4a84331@group-974C3F79DE30-LeaderElection24] INFO  server.RaftServerConfigKeys (ConfUtils.java:logGet(46)) - raft.server.log.appender.buffer.byte-limit = 33554432 (custom)
2023-03-29 21:18:08,771 [80a21d94-395d-4af9-8da1-801cc4a84331@group-974C3F79DE30-LeaderElection24] INFO  server.RaftServerConfigKeys (ConfUtils.java:logGet(46)) - raft.server.log.appender.buffer.element-limit = 1 (custom)
2023-03-29 21:18:08,771 [80a21d94-395d-4af9-8da1-801cc4a84331@group-974C3F79DE30-LeaderElection24] INFO  grpc.GrpcConfigKeys (ConfUtils.java:logGet(46)) - raft.grpc.server.leader.outstanding.appends.max = 128 (default)
2023-03-29 21:18:08,771 [80a21d94-395d-4af9-8da1-801cc4a84331@group-974C3F79DE30-LeaderElection24] INFO  server.RaftServerConfigKeys (ConfUtils.java:logGet(46)) - raft.server.rpc.request.timeout = 60s (custom)
2023-03-29 21:18:08,771 [80a21d94-395d-4af9-8da1-801cc4a84331@group-974C3F79DE30-LeaderElection24] INFO  server.RaftServerConfigKeys (ConfUtils.java:logGet(46)) - raft.server.log.appender.install.snapshot.enabled = false (custom)
2023-03-29 21:18:08,771 [80a21d94-395d-4af9-8da1-801cc4a84331@group-974C3F79DE30-LeaderElection24] INFO  grpc.GrpcConfigKeys (ConfUtils.java:logGet(46)) - raft.grpc.server.heartbeat.channel = true (default)
2023-03-29 21:18:08,771 [80a21d94-395d-4af9-8da1-801cc4a84331@group-974C3F79DE30-LeaderElection24] INFO  server.RaftServerConfigKeys (ConfUtils.java:logGet(46)) - raft.server.log.appender.wait-time.min = 10ms (default)
2023-03-29 21:18:08,771 [80a21d94-395d-4af9-8da1-801cc4a84331@group-974C3F79DE30-LeaderElection24] INFO  impl.RoleInfo (RoleInfo.java:updateAndGet(139)) - 80a21d94-395d-4af9-8da1-801cc4a84331: start 80a21d94-395d-4af9-8da1-801cc4a84331@group-974C3F79DE30-LeaderStateImpl
2023-03-29 21:18:08,771 [80a21d94-395d-4af9-8da1-801cc4a84331@group-974C3F79DE30-LeaderElection24] INFO  segmented.SegmentedRaftLogWorker (SegmentedRaftLogWorker.java:startLogSegment(452)) - 80a21d94-395d-4af9-8da1-801cc4a84331@group-974C3F79DE30-SegmentedRaftLogWorker: Starting segment from index:0
2023-03-29 21:18:08,774 [eb720a23-75c3-467a-80ae-faa20a4fdf41@group-974C3F79DE30-FollowerState] INFO  server.RaftServerConfigKeys (ConfUtils.java:logFallback(53)) - raft.server.rpc.first-election.timeout.min = 5s (fallback to raft.server.rpc.timeout.min)
2023-03-29 21:18:08,776 [eb720a23-75c3-467a-80ae-faa20a4fdf41@group-974C3F79DE30-FollowerState] INFO  server.RaftServerConfigKeys (ConfUtils.java:logFallback(53)) - raft.server.rpc.first-election.timeout.max = 5200ms (fallback to raft.server.rpc.timeout.max)
2023-03-29 21:18:08,777 [80a21d94-395d-4af9-8da1-801cc4a84331@group-974C3F79DE30-LeaderElection24] INFO  server.RaftServer$Division (ServerState.java:setRaftConf(430)) - 80a21d94-395d-4af9-8da1-801cc4a84331@group-974C3F79DE30: set configuration 0: peers:[80a21d94-395d-4af9-8da1-801cc4a84331|rpc:10.1.0.17:33111|dataStream:10.1.0.17:46045|priority:1|startupRole:FOLLOWER, eb720a23-75c3-467a-80ae-faa20a4fdf41|rpc:10.1.0.17:41371|dataStream:10.1.0.17:45805|priority:0|startupRole:FOLLOWER, 5e0b76c9-98d4-42e7-bc08-714bac9b3108|rpc:10.1.0.17:45791|dataStream:10.1.0.17:39049|priority:0|startupRole:FOLLOWER]|listeners:[], old=null
2023-03-29 21:18:08,781 [80a21d94-395d-4af9-8da1-801cc4a84331@group-974C3F79DE30-SegmentedRaftLogWorker] INFO  segmented.SegmentedRaftLogWorker (SegmentedRaftLogWorker.java:execute(656)) - 80a21d94-395d-4af9-8da1-801cc4a84331@group-974C3F79DE30-SegmentedRaftLogWorker: created new log segment /home/runner/work/ozone/ozone/hadoop-ozone/integration-test/target/test-dir/MiniOzoneClusterImpl-629b745a-ec3f-4e94-8d3b-29fcb714514f/datanode-0/data/ratis/9612bb3d-5681-41f7-acd0-974c3f79de30/current/log_inprogress_0
2023-03-29 21:18:08,810 [5e0b76c9-98d4-42e7-bc08-714bac9b3108-server-thread1] INFO  ratis.XceiverServerRatis (XceiverServerRatis.java:handleLeaderChangedNotification(904)) - Leader change notification received for group: group-974C3F79DE30 with new leaderId: 80a21d94-395d-4af9-8da1-801cc4a84331
2023-03-29 21:18:08,810 [5e0b76c9-98d4-42e7-bc08-714bac9b3108-server-thread1] INFO  server.RaftServer$Division (ServerState.java:setLeader(313)) - 5e0b76c9-98d4-42e7-bc08-714bac9b3108@group-974C3F79DE30: change Leader from null to 80a21d94-395d-4af9-8da1-801cc4a84331 at term 1 for appendEntries, leader elected after 5234ms
2023-03-29 21:18:08,812 [eb720a23-75c3-467a-80ae-faa20a4fdf41-server-thread1] INFO  ratis.XceiverServerRatis (XceiverServerRatis.java:handleLeaderChangedNotification(904)) - Leader change notification received for group: group-974C3F79DE30 with new leaderId: 80a21d94-395d-4af9-8da1-801cc4a84331
2023-03-29 21:18:08,812 [eb720a23-75c3-467a-80ae-faa20a4fdf41-server-thread1] INFO  server.RaftServer$Division (ServerState.java:setLeader(313)) - eb720a23-75c3-467a-80ae-faa20a4fdf41@group-974C3F79DE30: change Leader from null to 80a21d94-395d-4af9-8da1-801cc4a84331 at term 1 for appendEntries, leader elected after 5202ms
2023-03-29 21:18:08,826 [5e0b76c9-98d4-42e7-bc08-714bac9b3108-server-thread2] INFO  server.RaftServer$Division (ServerState.java:setRaftConf(430)) - 5e0b76c9-98d4-42e7-bc08-714bac9b3108@group-974C3F79DE30: set configuration 0: peers:[80a21d94-395d-4af9-8da1-801cc4a84331|rpc:10.1.0.17:33111|dataStream:10.1.0.17:46045|priority:1|startupRole:FOLLOWER, eb720a23-75c3-467a-80ae-faa20a4fdf41|rpc:10.1.0.17:41371|dataStream:10.1.0.17:45805|priority:0|startupRole:FOLLOWER, 5e0b76c9-98d4-42e7-bc08-714bac9b3108|rpc:10.1.0.17:45791|dataStream:10.1.0.17:39049|priority:0|startupRole:FOLLOWER]|listeners:[], old=null
2023-03-29 21:18:08,826 [eb720a23-75c3-467a-80ae-faa20a4fdf41-server-thread2] INFO  server.RaftServer$Division (ServerState.java:setRaftConf(430)) - eb720a23-75c3-467a-80ae-faa20a4fdf41@group-974C3F79DE30: set configuration 0: peers:[80a21d94-395d-4af9-8da1-801cc4a84331|rpc:10.1.0.17:33111|dataStream:10.1.0.17:46045|priority:1|startupRole:FOLLOWER, eb720a23-75c3-467a-80ae-faa20a4fdf41|rpc:10.1.0.17:41371|dataStream:10.1.0.17:45805|priority:0|startupRole:FOLLOWER, 5e0b76c9-98d4-42e7-bc08-714bac9b3108|rpc:10.1.0.17:45791|dataStream:10.1.0.17:39049|priority:0|startupRole:FOLLOWER]|listeners:[], old=null
2023-03-29 21:18:08,826 [5e0b76c9-98d4-42e7-bc08-714bac9b3108-server-thread2] INFO  segmented.SegmentedRaftLogWorker (SegmentedRaftLogWorker.java:startLogSegment(452)) - 5e0b76c9-98d4-42e7-bc08-714bac9b3108@group-974C3F79DE30-SegmentedRaftLogWorker: Starting segment from index:0
2023-03-29 21:18:08,826 [eb720a23-75c3-467a-80ae-faa20a4fdf41-server-thread2] INFO  segmented.SegmentedRaftLogWorker (SegmentedRaftLogWorker.java:startLogSegment(452)) - eb720a23-75c3-467a-80ae-faa20a4fdf41@group-974C3F79DE30-SegmentedRaftLogWorker: Starting segment from index:0
2023-03-29 21:18:08,827 [5e0b76c9-98d4-42e7-bc08-714bac9b3108@group-974C3F79DE30-SegmentedRaftLogWorker] INFO  segmented.SegmentedRaftLogWorker (SegmentedRaftLogWorker.java:execute(656)) - 5e0b76c9-98d4-42e7-bc08-714bac9b3108@group-974C3F79DE30-SegmentedRaftLogWorker: created new log segment /home/runner/work/ozone/ozone/hadoop-ozone/integration-test/target/test-dir/MiniOzoneClusterImpl-629b745a-ec3f-4e94-8d3b-29fcb714514f/datanode-2/data/ratis/9612bb3d-5681-41f7-acd0-974c3f79de30/current/log_inprogress_0
2023-03-29 21:18:08,828 [eb720a23-75c3-467a-80ae-faa20a4fdf41@group-974C3F79DE30-SegmentedRaftLogWorker] INFO  segmented.SegmentedRaftLogWorker (SegmentedRaftLogWorker.java:execute(656)) - eb720a23-75c3-467a-80ae-faa20a4fdf41@group-974C3F79DE30-SegmentedRaftLogWorker: created new log segment /home/runner/work/ozone/ozone/hadoop-ozone/integration-test/target/test-dir/MiniOzoneClusterImpl-629b745a-ec3f-4e94-8d3b-29fcb714514f/datanode-1/data/ratis/9612bb3d-5681-41f7-acd0-974c3f79de30/current/log_inprogress_0
2023-03-29 21:18:08,904 [eb720a23-75c3-467a-80ae-faa20a4fdf41@group-D186FA483920-FollowerState] INFO  impl.FollowerState (FollowerState.java:run(143)) - eb720a23-75c3-467a-80ae-faa20a4fdf41@group-D186FA483920-FollowerState: change to CANDIDATE, lastRpcElapsedTime:5079178153ns, electionTimeout:5078ms
2023-03-29 21:18:08,904 [eb720a23-75c3-467a-80ae-faa20a4fdf41@group-D186FA483920-FollowerState] INFO  impl.RoleInfo (RoleInfo.java:shutdownFollowerState(110)) - eb720a23-75c3-467a-80ae-faa20a4fdf41: shutdown eb720a23-75c3-467a-80ae-faa20a4fdf41@group-D186FA483920-FollowerState
2023-03-29 21:18:08,904 [eb720a23-75c3-467a-80ae-faa20a4fdf41@group-D186FA483920-FollowerState] INFO  server.RaftServer$Division (RaftServerImpl.java:setRole(321)) - eb720a23-75c3-467a-80ae-faa20a4fdf41@group-D186FA483920: changes role from  FOLLOWER to CANDIDATE at term 0 for changeToCandidate
2023-03-29 21:18:08,904 [eb720a23-75c3-467a-80ae-faa20a4fdf41@group-D186FA483920-FollowerState] INFO  server.RaftServerConfigKeys (ConfUtils.java:logGet(46)) - raft.server.leaderelection.pre-vote = true (default)
2023-03-29 21:18:08,904 [eb720a23-75c3-467a-80ae-faa20a4fdf41@group-D186FA483920-FollowerState] INFO  impl.RoleInfo (RoleInfo.java:updateAndGet(139)) - eb720a23-75c3-467a-80ae-faa20a4fdf41: start eb720a23-75c3-467a-80ae-faa20a4fdf41@group-D186FA483920-LeaderElection25
2023-03-29 21:18:08,912 [eb720a23-75c3-467a-80ae-faa20a4fdf41@group-D186FA483920-LeaderElection25] INFO  impl.LeaderElection (LeaderElection.java:askForVotes(312)) - eb720a23-75c3-467a-80ae-faa20a4fdf41@group-D186FA483920-LeaderElection25 PRE_VOTE round 0: submit vote requests at term 0 for -1: peers:[eb720a23-75c3-467a-80ae-faa20a4fdf41|rpc:10.1.0.17:41371|dataStream:10.1.0.17:45805|priority:1|startupRole:FOLLOWER]|listeners:[], old=null
2023-03-29 21:18:08,912 [eb720a23-75c3-467a-80ae-faa20a4fdf41@group-D186FA483920-LeaderElection25] INFO  impl.LeaderElection (LeaderElection.java:askForVotes(314)) - eb720a23-75c3-467a-80ae-faa20a4fdf41@group-D186FA483920-LeaderElection25 PRE_VOTE round 0: result PASSED (term=0)
2023-03-29 21:18:08,914 [eb720a23-75c3-467a-80ae-faa20a4fdf41@group-D186FA483920-LeaderElection25] INFO  impl.LeaderElection (LeaderElection.java:askForVotes(312)) - eb720a23-75c3-467a-80ae-faa20a4fdf41@group-D186FA483920-LeaderElection25 ELECTION round 0: submit vote requests at term 1 for -1: peers:[eb720a23-75c3-467a-80ae-faa20a4fdf41|rpc:10.1.0.17:41371|dataStream:10.1.0.17:45805|priority:1|startupRole:FOLLOWER]|listeners:[], old=null
2023-03-29 21:18:08,914 [eb720a23-75c3-467a-80ae-faa20a4fdf41@group-D186FA483920-LeaderElection25] INFO  impl.LeaderElection (LeaderElection.java:askForVotes(314)) - eb720a23-75c3-467a-80ae-faa20a4fdf41@group-D186FA483920-LeaderElection25 ELECTION round 0: result PASSED (term=1)
2023-03-29 21:18:08,914 [eb720a23-75c3-467a-80ae-faa20a4fdf41@group-D186FA483920-LeaderElection25] INFO  impl.RoleInfo (RoleInfo.java:shutdownLeaderElection(130)) - eb720a23-75c3-467a-80ae-faa20a4fdf41: shutdown eb720a23-75c3-467a-80ae-faa20a4fdf41@group-D186FA483920-LeaderElection25
2023-03-29 21:18:08,914 [eb720a23-75c3-467a-80ae-faa20a4fdf41@group-D186FA483920-LeaderElection25] INFO  server.RaftServer$Division (RaftServerImpl.java:setRole(321)) - eb720a23-75c3-467a-80ae-faa20a4fdf41@group-D186FA483920: changes role from CANDIDATE to LEADER at term 1 for changeToLeader
2023-03-29 21:18:08,914 [eb720a23-75c3-467a-80ae-faa20a4fdf41@group-D186FA483920-LeaderElection25] INFO  ratis.XceiverServerRatis (XceiverServerRatis.java:handleLeaderChangedNotification(904)) - Leader change notification received for group: group-D186FA483920 with new leaderId: eb720a23-75c3-467a-80ae-faa20a4fdf41
2023-03-29 21:18:08,914 [eb720a23-75c3-467a-80ae-faa20a4fdf41@group-D186FA483920-LeaderElection25] INFO  server.RaftServer$Division (ServerState.java:setLeader(313)) - eb720a23-75c3-467a-80ae-faa20a4fdf41@group-D186FA483920: change Leader from null to eb720a23-75c3-467a-80ae-faa20a4fdf41 at term 1 for becomeLeader, leader elected after 5102ms
2023-03-29 21:18:08,914 [eb720a23-75c3-467a-80ae-faa20a4fdf41@group-D186FA483920-LeaderElection25] INFO  server.RaftServerConfigKeys (ConfUtils.java:logGet(46)) - raft.server.staging.catchup.gap = 1000 (default)
2023-03-29 21:18:08,914 [eb720a23-75c3-467a-80ae-faa20a4fdf41@group-D186FA483920-LeaderElection25] INFO  server.RaftServerConfigKeys (ConfUtils.java:logGet(46)) - raft.server.write.element-limit = 1024 (custom)
2023-03-29 21:18:08,914 [eb720a23-75c3-467a-80ae-faa20a4fdf41@group-D186FA483920-LeaderElection25] INFO  server.RaftServerConfigKeys (ConfUtils.java:logGet(46)) - raft.server.write.byte-limit = 1024 M (=1073741824) (custom)
2023-03-29 21:18:08,915 [eb720a23-75c3-467a-80ae-faa20a4fdf41@group-D186FA483920-LeaderElection25] INFO  server.RaftServerConfigKeys (ConfUtils.java:logGet(46)) - raft.server.watch.timeout = 180s (custom)
2023-03-29 21:18:08,915 [eb720a23-75c3-467a-80ae-faa20a4fdf41@group-D186FA483920-LeaderElection25] INFO  server.RaftServerConfigKeys (ConfUtils.java:logGet(46)) - raft.server.watch.timeout.denomination = 1s (default)
2023-03-29 21:18:08,915 [eb720a23-75c3-467a-80ae-faa20a4fdf41@group-D186FA483920-LeaderElection25] INFO  server.RaftServerConfigKeys (ConfUtils.java:logGet(46)) - raft.server.watch.element-limit = 65536 (default)
2023-03-29 21:18:08,916 [eb720a23-75c3-467a-80ae-faa20a4fdf41@group-D186FA483920-LeaderElection25] INFO  server.RaftServerConfigKeys (ConfUtils.java:logGet(46)) - raft.server.write.element-limit = 1024 (custom)
2023-03-29 21:18:08,917 [eb720a23-75c3-467a-80ae-faa20a4fdf41@group-D186FA483920-LeaderElection25] INFO  server.RaftServerConfigKeys (ConfUtils.java:logGet(46)) - raft.server.write.follower.gap.ratio.max = -1.0 (default)
2023-03-29 21:18:08,917 [eb720a23-75c3-467a-80ae-faa20a4fdf41@group-D186FA483920-LeaderElection25] INFO  impl.RoleInfo (RoleInfo.java:updateAndGet(139)) - eb720a23-75c3-467a-80ae-faa20a4fdf41: start eb720a23-75c3-467a-80ae-faa20a4fdf41@group-D186FA483920-LeaderStateImpl
2023-03-29 21:18:08,917 [eb720a23-75c3-467a-80ae-faa20a4fdf41@group-D186FA483920-LeaderElection25] INFO  segmented.SegmentedRaftLogWorker (SegmentedRaftLogWorker.java:startLogSegment(452)) - eb720a23-75c3-467a-80ae-faa20a4fdf41@group-D186FA483920-SegmentedRaftLogWorker: Starting segment from index:0
2023-03-29 21:18:08,918 [eb720a23-75c3-467a-80ae-faa20a4fdf41@group-D186FA483920-SegmentedRaftLogWorker] INFO  segmented.SegmentedRaftLogWorker (SegmentedRaftLogWorker.java:execute(656)) - eb720a23-75c3-467a-80ae-faa20a4fdf41@group-D186FA483920-SegmentedRaftLogWorker: created new log segment /home/runner/work/ozone/ozone/hadoop-ozone/integration-test/target/test-dir/MiniOzoneClusterImpl-629b745a-ec3f-4e94-8d3b-29fcb714514f/datanode-1/data/ratis/df613c81-3707-4e4e-b7d1-d186fa483920/current/log_inprogress_0
2023-03-29 21:18:08,924 [eb720a23-75c3-467a-80ae-faa20a4fdf41@group-D186FA483920-LeaderElection25] INFO  server.RaftServer$Division (ServerState.java:setRaftConf(430)) - eb720a23-75c3-467a-80ae-faa20a4fdf41@group-D186FA483920: set configuration 0: peers:[eb720a23-75c3-467a-80ae-faa20a4fdf41|rpc:10.1.0.17:41371|dataStream:10.1.0.17:45805|priority:1|startupRole:FOLLOWER]|listeners:[], old=null
2023-03-29 21:18:09,168 [Listener at 127.0.0.1/41565] INFO  ozone.MiniOzoneClusterImpl (MiniOzoneClusterImpl.java:lambda$waitForClusterToBeReady$0(222)) - Nodes are ready. Got 3 of 3 DN Heartbeats.
2023-03-29 21:18:09,168 [Listener at 127.0.0.1/41565] INFO  ozone.MiniOzoneClusterImpl (MiniOzoneClusterImpl.java:lambda$waitForClusterToBeReady$0(225)) - Cluster exits safe mode
2023-03-29 21:18:09,168 [Listener at 127.0.0.1/41565] INFO  ozone.MiniOzoneClusterImpl (MiniOzoneClusterImpl.java:lambda$waitForClusterToBeReady$0(227)) - SCM became leader
2023-03-29 21:18:09,318 [5e0b76c9-98d4-42e7-bc08-714bac9b3108@group-E388923868E8-FollowerState] INFO  impl.FollowerState (FollowerState.java:run(143)) - 5e0b76c9-98d4-42e7-bc08-714bac9b3108@group-E388923868E8-FollowerState: change to CANDIDATE, lastRpcElapsedTime:5129658392ns, electionTimeout:5129ms
2023-03-29 21:18:09,318 [5e0b76c9-98d4-42e7-bc08-714bac9b3108@group-E388923868E8-FollowerState] INFO  impl.RoleInfo (RoleInfo.java:shutdownFollowerState(110)) - 5e0b76c9-98d4-42e7-bc08-714bac9b3108: shutdown 5e0b76c9-98d4-42e7-bc08-714bac9b3108@group-E388923868E8-FollowerState
2023-03-29 21:18:09,318 [5e0b76c9-98d4-42e7-bc08-714bac9b3108@group-E388923868E8-FollowerState] INFO  server.RaftServer$Division (RaftServerImpl.java:setRole(321)) - 5e0b76c9-98d4-42e7-bc08-714bac9b3108@group-E388923868E8: changes role from  FOLLOWER to CANDIDATE at term 0 for changeToCandidate
2023-03-29 21:18:09,318 [5e0b76c9-98d4-42e7-bc08-714bac9b3108@group-E388923868E8-FollowerState] INFO  server.RaftServerConfigKeys (ConfUtils.java:logGet(46)) - raft.server.leaderelection.pre-vote = true (default)
2023-03-29 21:18:09,319 [5e0b76c9-98d4-42e7-bc08-714bac9b3108@group-E388923868E8-FollowerState] INFO  impl.RoleInfo (RoleInfo.java:updateAndGet(139)) - 5e0b76c9-98d4-42e7-bc08-714bac9b3108: start 5e0b76c9-98d4-42e7-bc08-714bac9b3108@group-E388923868E8-LeaderElection26
2023-03-29 21:18:09,326 [5e0b76c9-98d4-42e7-bc08-714bac9b3108@group-E388923868E8-LeaderElection26] INFO  impl.LeaderElection (LeaderElection.java:askForVotes(312)) - 5e0b76c9-98d4-42e7-bc08-714bac9b3108@group-E388923868E8-LeaderElection26 PRE_VOTE round 0: submit vote requests at term 0 for -1: peers:[5e0b76c9-98d4-42e7-bc08-714bac9b3108|rpc:10.1.0.17:45791|dataStream:10.1.0.17:39049|priority:1|startupRole:FOLLOWER]|listeners:[], old=null
2023-03-29 21:18:09,326 [5e0b76c9-98d4-42e7-bc08-714bac9b3108@group-E388923868E8-LeaderElection26] INFO  impl.LeaderElection (LeaderElection.java:askForVotes(314)) - 5e0b76c9-98d4-42e7-bc08-714bac9b3108@group-E388923868E8-LeaderElection26 PRE_VOTE round 0: result PASSED (term=0)
2023-03-29 21:18:09,328 [5e0b76c9-98d4-42e7-bc08-714bac9b3108@group-E388923868E8-LeaderElection26] INFO  impl.LeaderElection (LeaderElection.java:askForVotes(312)) - 5e0b76c9-98d4-42e7-bc08-714bac9b3108@group-E388923868E8-LeaderElection26 ELECTION round 0: submit vote requests at term 1 for -1: peers:[5e0b76c9-98d4-42e7-bc08-714bac9b3108|rpc:10.1.0.17:45791|dataStream:10.1.0.17:39049|priority:1|startupRole:FOLLOWER]|listeners:[], old=null
2023-03-29 21:18:09,328 [5e0b76c9-98d4-42e7-bc08-714bac9b3108@group-E388923868E8-LeaderElection26] INFO  impl.LeaderElection (LeaderElection.java:askForVotes(314)) - 5e0b76c9-98d4-42e7-bc08-714bac9b3108@group-E388923868E8-LeaderElection26 ELECTION round 0: result PASSED (term=1)
2023-03-29 21:18:09,328 [5e0b76c9-98d4-42e7-bc08-714bac9b3108@group-E388923868E8-LeaderElection26] INFO  impl.RoleInfo (RoleInfo.java:shutdownLeaderElection(130)) - 5e0b76c9-98d4-42e7-bc08-714bac9b3108: shutdown 5e0b76c9-98d4-42e7-bc08-714bac9b3108@group-E388923868E8-LeaderElection26
2023-03-29 21:18:09,328 [5e0b76c9-98d4-42e7-bc08-714bac9b3108@group-E388923868E8-LeaderElection26] INFO  server.RaftServer$Division (RaftServerImpl.java:setRole(321)) - 5e0b76c9-98d4-42e7-bc08-714bac9b3108@group-E388923868E8: changes role from CANDIDATE to LEADER at term 1 for changeToLeader
2023-03-29 21:18:09,328 [5e0b76c9-98d4-42e7-bc08-714bac9b3108@group-E388923868E8-LeaderElection26] INFO  ratis.XceiverServerRatis (XceiverServerRatis.java:handleLeaderChangedNotification(904)) - Leader change notification received for group: group-E388923868E8 with new leaderId: 5e0b76c9-98d4-42e7-bc08-714bac9b3108
2023-03-29 21:18:09,328 [5e0b76c9-98d4-42e7-bc08-714bac9b3108@group-E388923868E8-LeaderElection26] INFO  server.RaftServer$Division (ServerState.java:setLeader(313)) - 5e0b76c9-98d4-42e7-bc08-714bac9b3108@group-E388923868E8: change Leader from null to 5e0b76c9-98d4-42e7-bc08-714bac9b3108 at term 1 for becomeLeader, leader elected after 5157ms
2023-03-29 21:18:09,329 [5e0b76c9-98d4-42e7-bc08-714bac9b3108@group-E388923868E8-LeaderElection26] INFO  server.RaftServerConfigKeys (ConfUtils.java:logGet(46)) - raft.server.staging.catchup.gap = 1000 (default)
2023-03-29 21:18:09,332 [5e0b76c9-98d4-42e7-bc08-714bac9b3108@group-E388923868E8-LeaderElection26] INFO  server.RaftServerConfigKeys (ConfUtils.java:logGet(46)) - raft.server.write.element-limit = 1024 (custom)
2023-03-29 21:18:09,332 [5e0b76c9-98d4-42e7-bc08-714bac9b3108@group-E388923868E8-LeaderElection26] INFO  server.RaftServerConfigKeys (ConfUtils.java:logGet(46)) - raft.server.write.byte-limit = 1024 M (=1073741824) (custom)
2023-03-29 21:18:09,332 [5e0b76c9-98d4-42e7-bc08-714bac9b3108@group-E388923868E8-LeaderElection26] INFO  server.RaftServerConfigKeys (ConfUtils.java:logGet(46)) - raft.server.watch.timeout = 180s (custom)
2023-03-29 21:18:09,332 [5e0b76c9-98d4-42e7-bc08-714bac9b3108@group-E388923868E8-LeaderElection26] INFO  server.RaftServerConfigKeys (ConfUtils.java:logGet(46)) - raft.server.watch.timeout.denomination = 1s (default)
2023-03-29 21:18:09,332 [5e0b76c9-98d4-42e7-bc08-714bac9b3108@group-E388923868E8-LeaderElection26] INFO  server.RaftServerConfigKeys (ConfUtils.java:logGet(46)) - raft.server.watch.element-limit = 65536 (default)
2023-03-29 21:18:09,332 [5e0b76c9-98d4-42e7-bc08-714bac9b3108@group-E388923868E8-LeaderElection26] INFO  server.RaftServerConfigKeys (ConfUtils.java:logGet(46)) - raft.server.write.element-limit = 1024 (custom)
2023-03-29 21:18:09,332 [5e0b76c9-98d4-42e7-bc08-714bac9b3108@group-E388923868E8-LeaderElection26] INFO  server.RaftServerConfigKeys (ConfUtils.java:logGet(46)) - raft.server.write.follower.gap.ratio.max = -1.0 (default)
2023-03-29 21:18:09,332 [5e0b76c9-98d4-42e7-bc08-714bac9b3108@group-E388923868E8-LeaderElection26] INFO  impl.RoleInfo (RoleInfo.java:updateAndGet(139)) - 5e0b76c9-98d4-42e7-bc08-714bac9b3108: start 5e0b76c9-98d4-42e7-bc08-714bac9b3108@group-E388923868E8-LeaderStateImpl
2023-03-29 21:18:09,332 [5e0b76c9-98d4-42e7-bc08-714bac9b3108@group-E388923868E8-LeaderElection26] INFO  segmented.SegmentedRaftLogWorker (SegmentedRaftLogWorker.java:startLogSegment(452)) - 5e0b76c9-98d4-42e7-bc08-714bac9b3108@group-E388923868E8-SegmentedRaftLogWorker: Starting segment from index:0
2023-03-29 21:18:09,336 [5e0b76c9-98d4-42e7-bc08-714bac9b3108@group-E388923868E8-SegmentedRaftLogWorker] INFO  segmented.SegmentedRaftLogWorker (SegmentedRaftLogWorker.java:execute(656)) - 5e0b76c9-98d4-42e7-bc08-714bac9b3108@group-E388923868E8-SegmentedRaftLogWorker: created new log segment /home/runner/work/ozone/ozone/hadoop-ozone/integration-test/target/test-dir/MiniOzoneClusterImpl-629b745a-ec3f-4e94-8d3b-29fcb714514f/datanode-2/data/ratis/62963792-5f57-4f6e-9f1f-e388923868e8/current/log_inprogress_0
2023-03-29 21:18:09,351 [5e0b76c9-98d4-42e7-bc08-714bac9b3108@group-E388923868E8-LeaderElection26] INFO  server.RaftServer$Division (ServerState.java:setRaftConf(430)) - 5e0b76c9-98d4-42e7-bc08-714bac9b3108@group-E388923868E8: set configuration 0: peers:[5e0b76c9-98d4-42e7-bc08-714bac9b3108|rpc:10.1.0.17:45791|dataStream:10.1.0.17:39049|priority:1|startupRole:FOLLOWER]|listeners:[], old=null
2023-03-29 21:18:09,551 [JvmPauseMonitor13] WARN  util.JvmPauseMonitor (JvmPauseMonitor.java:detectPause(126)) - JvmPauseMonitor-80a21d94-395d-4af9-8da1-801cc4a84331: Detected pause in JVM or host machine (eg GC): pause of approximately 133567452ns. No GCs detected.
21:18:09.600 [Listener at 127.0.0.1/41565] ERROR SCMAudit - user=null | ip=null | op=DELETE_CONTAINER {remoteUser=unknownUser, containerID=1680124689579} | ret=FAILURE
org.apache.hadoop.security.AccessControlException: Access denied for user unknownUser. SCM superuser privilege is required.
	at org.apache.hadoop.hdds.scm.server.StorageContainerManager.checkAdminAccess(StorageContainerManager.java:1813) ~[hdds-server-scm-1.4.0-SNAPSHOT.jar:?]
	at org.apache.hadoop.hdds.scm.server.SCMClientProtocolServer.deleteContainer(SCMClientProtocolServer.java:585) [hdds-server-scm-1.4.0-SNAPSHOT.jar:?]
	at sun.reflect.NativeMethodAccessorImpl.invoke0(Native Method) ~[?:1.8.0_362]
	at sun.reflect.NativeMethodAccessorImpl.invoke(NativeMethodAccessorImpl.java:62) ~[?:1.8.0_362]
	at sun.reflect.DelegatingMethodAccessorImpl.invoke(DelegatingMethodAccessorImpl.java:43) ~[?:1.8.0_362]
	at java.lang.reflect.Method.invoke(Method.java:498) ~[?:1.8.0_362]
	at org.mockito.internal.creation.bytebuddy.MockMethodAdvice.tryInvoke(MockMethodAdvice.java:212) [mockito-core-2.28.2.jar:?]
	at org.mockito.internal.creation.bytebuddy.MockMethodAdvice.access$400(MockMethodAdvice.java:34) [mockito-core-2.28.2.jar:?]
	at org.mockito.internal.creation.bytebuddy.MockMethodAdvice$RealMethodCall.invoke(MockMethodAdvice.java:164) [mockito-core-2.28.2.jar:?]
	at org.mockito.internal.invocation.InterceptedInvocation.callRealMethod(InterceptedInvocation.java:152) [mockito-core-2.28.2.jar:?]
	at org.mockito.internal.stubbing.answers.CallsRealMethods.answer(CallsRealMethods.java:43) [mockito-core-2.28.2.jar:?]
	at org.mockito.Answers.answer(Answers.java:100) [mockito-core-2.28.2.jar:?]
	at org.mockito.internal.handler.MockHandlerImpl.handle(MockHandlerImpl.java:103) [mockito-core-2.28.2.jar:?]
	at org.mockito.internal.handler.NullResultGuardian.handle(NullResultGuardian.java:29) [mockito-core-2.28.2.jar:?]
	at org.mockito.internal.handler.InvocationNotifierHandler.handle(InvocationNotifierHandler.java:35) [mockito-core-2.28.2.jar:?]
	at org.mockito.internal.creation.bytebuddy.MockMethodInterceptor.doIntercept(MockMethodInterceptor.java:61) [mockito-core-2.28.2.jar:?]
	at org.mockito.internal.creation.bytebuddy.MockMethodAdvice.handle(MockMethodAdvice.java:105) [mockito-core-2.28.2.jar:?]
	at org.apache.hadoop.hdds.scm.server.SCMClientProtocolServer.deleteContainer(SCMClientProtocolServer.java:580) [hdds-server-scm-1.4.0-SNAPSHOT.jar:?]
	at org.apache.hadoop.ozone.TestStorageContainerManager.testRpcPermissionWithConf(TestStorageContainerManager.java:205) [test-classes/:?]
	at org.apache.hadoop.ozone.TestStorageContainerManager.testRpcPermission(TestStorageContainerManager.java:179) [test-classes/:?]
	at sun.reflect.NativeMethodAccessorImpl.invoke0(Native Method) ~[?:1.8.0_362]
	at sun.reflect.NativeMethodAccessorImpl.invoke(NativeMethodAccessorImpl.java:62) ~[?:1.8.0_362]
	at sun.reflect.DelegatingMethodAccessorImpl.invoke(DelegatingMethodAccessorImpl.java:43) ~[?:1.8.0_362]
	at java.lang.reflect.Method.invoke(Method.java:498) ~[?:1.8.0_362]
	at org.junit.runners.model.FrameworkMethod$1.runReflectiveCall(FrameworkMethod.java:59) [junit-4.13.1.jar:4.13.1]
	at org.junit.internal.runners.model.ReflectiveCallable.run(ReflectiveCallable.java:12) [junit-4.13.1.jar:4.13.1]
	at org.junit.runners.model.FrameworkMethod.invokeExplosively(FrameworkMethod.java:56) [junit-4.13.1.jar:4.13.1]
	at org.junit.internal.runners.statements.InvokeMethod.evaluate(InvokeMethod.java:17) [junit-4.13.1.jar:4.13.1]
	at org.junit.internal.runners.statements.RunAfters.evaluate(RunAfters.java:27) [junit-4.13.1.jar:4.13.1]
	at org.junit.rules.ExpectedException$ExpectedExceptionStatement.evaluate(ExpectedException.java:258) [junit-4.13.1.jar:4.13.1]
	at org.junit.internal.runners.statements.FailOnTimeout$CallableStatement.call(FailOnTimeout.java:288) [junit-4.13.1.jar:4.13.1]
	at org.junit.internal.runners.statements.FailOnTimeout$CallableStatement.call(FailOnTimeout.java:282) [junit-4.13.1.jar:4.13.1]
	at java.util.concurrent.FutureTask.run(FutureTask.java:266) [?:1.8.0_362]
	at java.lang.Thread.run(Thread.java:750) [?:1.8.0_362]
2023-03-29 21:18:09,616 [Listener at 127.0.0.1/41565] INFO  ozone.MiniOzoneClusterImpl (MiniOzoneClusterImpl.java:shutdown(455)) - Shutting down the Mini Ozone Cluster
2023-03-29 21:18:09,617 [Listener at 127.0.0.1/41565] INFO  ozone.MiniOzoneClusterImpl (MiniOzoneClusterImpl.java:stop(471)) - Stopping the Mini Ozone Cluster
2023-03-29 21:18:09,617 [Listener at 127.0.0.1/41565] INFO  ozone.MiniOzoneClusterImpl (MiniOzoneClusterImpl.java:stopOM(553)) - Stopping the OzoneManager
2023-03-29 21:18:09,617 [Listener at 127.0.0.1/41565] INFO  om.OzoneManager (OzoneManager.java:stop(2155)) - om1[localhost:0]: Stopping Ozone Manager
2023-03-29 21:18:09,618 [Listener at 127.0.0.1/41565] INFO  ipc.Server (Server.java:stop(3428)) - Stopping server on 41565
2023-03-29 21:18:09,620 [IPC Server listener on 0] INFO  ipc.Server (Server.java:run(1384)) - Stopping IPC Server listener on 0
2023-03-29 21:18:09,627 [IPC Server Responder] INFO  ipc.Server (Server.java:run(1517)) - Stopping IPC Server Responder
2023-03-29 21:18:09,629 [Listener at 127.0.0.1/41565] INFO  server.RaftServer (RaftServerProxy.java:lambda$close$6(409)) - om1: close
2023-03-29 21:18:09,629 [om1-impl-thread1] INFO  server.RaftServer$Division (RaftServerImpl.java:lambda$close$4(458)) - om1@group-C5BA1605619E: shutdown
2023-03-29 21:18:09,629 [om1-impl-thread1] INFO  util.JmxRegister (JmxRegister.java:unregister(73)) - Successfully un-registered JMX Bean with object name Ratis:service=RaftServer,group=group-C5BA1605619E,id=om1
2023-03-29 21:18:09,629 [om1-impl-thread1] INFO  impl.RoleInfo (RoleInfo.java:shutdownLeaderState(93)) - om1: shutdown om1@group-C5BA1605619E-LeaderStateImpl
2023-03-29 21:18:09,629 [om1-impl-thread1] INFO  impl.PendingRequests (PendingRequests.java:sendNotLeaderResponses(282)) - om1@group-C5BA1605619E-PendingRequests: sendNotLeaderResponses
2023-03-29 21:18:09,630 [om1-impl-thread1] INFO  impl.StateMachineUpdater (StateMachineUpdater.java:stopAndJoin(153)) - om1@group-C5BA1605619E-StateMachineUpdater: set stopIndex = 0
2023-03-29 21:18:09,630 [Listener at 127.0.0.1/41565] INFO  server.GrpcService (GrpcService.java:closeImpl(271)) - om1: shutdown server GrpcServerProtocolService now
2023-03-29 21:18:09,631 [om1@group-C5BA1605619E-StateMachineUpdater] INFO  ratis.OzoneManagerStateMachine (OzoneManagerStateMachine.java:takeSnapshot(445)) - Current Snapshot Index (t:1, i:0)
2023-03-29 21:18:09,631 [Listener at 127.0.0.1/41565] INFO  server.GrpcService (GrpcService.java:closeImpl(280)) - om1: shutdown server GrpcServerProtocolService successfully
2023-03-29 21:18:09,640 [om1@group-C5BA1605619E-StateMachineUpdater] INFO  impl.StateMachineUpdater (StateMachineUpdater.java:takeSnapshot(287)) - om1@group-C5BA1605619E-StateMachineUpdater: Took a snapshot at index 0
2023-03-29 21:18:09,641 [om1@group-C5BA1605619E-StateMachineUpdater] INFO  impl.StateMachineUpdater (StateMachineUpdater.java:lambda$new$0(92)) - om1@group-C5BA1605619E-StateMachineUpdater: snapshotIndex: updateIncreasingly -1 -> 0
2023-03-29 21:18:09,641 [om1@group-C5BA1605619E-StateMachineUpdater] INFO  ratis.OzoneManagerStateMachine (OzoneManagerStateMachine.java:close(499)) - StateMachine has shutdown. Shutdown OzoneManager if not already shutdown.
2023-03-29 21:18:09,641 [om1@group-C5BA1605619E-StateMachineUpdater] INFO  ratis.OzoneManagerDoubleBuffer (OzoneManagerDoubleBuffer.java:stopDaemon(540)) - Stopping OMDoubleBuffer flush thread
2023-03-29 21:18:09,641 [OMDoubleBufferFlushThread] INFO  ratis.OzoneManagerDoubleBuffer (OzoneManagerDoubleBuffer.java:canFlush(625)) - OMDoubleBuffer flush thread OMDoubleBufferFlushThread is interrupted and will exit.
2023-03-29 21:18:09,642 [om1-impl-thread1] INFO  server.RaftServer$Division (ServerState.java:close(466)) - om1@group-C5BA1605619E: closes. applyIndex: 0
2023-03-29 21:18:09,642 [om1@group-C5BA1605619E-SegmentedRaftLogWorker] INFO  segmented.SegmentedRaftLogWorker (SegmentedRaftLogWorker.java:run(347)) - om1@group-C5BA1605619E-SegmentedRaftLogWorker was interrupted, exiting. There are 0 tasks remaining in the queue.
2023-03-29 21:18:09,643 [om1-impl-thread1] INFO  segmented.SegmentedRaftLogWorker (SegmentedRaftLogWorker.java:close(257)) - om1@group-C5BA1605619E-SegmentedRaftLogWorker close()
2023-03-29 21:18:09,644 [JvmPauseMonitor12] INFO  util.JvmPauseMonitor (JvmPauseMonitor.java:run(111)) - JvmPauseMonitor-om1: Stopped
2023-03-29 21:18:09,644 [Listener at 127.0.0.1/41565] INFO  ratis.OzoneManagerStateMachine (OzoneManagerStateMachine.java:close(499)) - StateMachine has shutdown. Shutdown OzoneManager if not already shutdown.
2023-03-29 21:18:09,644 [Listener at 127.0.0.1/41565] INFO  ratis.OzoneManagerDoubleBuffer (OzoneManagerDoubleBuffer.java:stopDaemon(549)) - OMDoubleBuffer flush thread is not running.
2023-03-29 21:18:09,644 [Listener at 127.0.0.1/41565] INFO  utils.BackgroundService (BackgroundService.java:shutdown(141)) - Shutting down service KeyDeletingService
2023-03-29 21:18:09,645 [Listener at 127.0.0.1/41565] INFO  utils.BackgroundService (BackgroundService.java:shutdown(141)) - Shutting down service DirectoryDeletingService
2023-03-29 21:18:09,645 [Listener at 127.0.0.1/41565] INFO  utils.BackgroundService (BackgroundService.java:shutdown(141)) - Shutting down service OpenKeyCleanupService
2023-03-29 21:18:09,645 [Listener at 127.0.0.1/41565] INFO  utils.BackgroundService (BackgroundService.java:shutdown(141)) - Shutting down service SstFilteringService
2023-03-29 21:18:09,645 [Listener at 127.0.0.1/41565] INFO  utils.BackgroundService (BackgroundService.java:shutdown(141)) - Shutting down service SnapshotDeletingService
2023-03-29 21:18:09,646 [Listener at 127.0.0.1/41565] INFO  handler.ContextHandler (ContextHandler.java:doStop(1159)) - Stopped o.e.j.w.WebAppContext@1141c07c{ozoneManager,/,null,STOPPED}{file:/home/runner/work/ozone/ozone/hadoop-ozone/integration-test/target/test-classes/webapps/ozoneManager}
2023-03-29 21:18:09,647 [Listener at 127.0.0.1/41565] INFO  server.AbstractConnector (AbstractConnector.java:doStop(383)) - Stopped ServerConnector@1ff1d87e{HTTP/1.1, (http/1.1)}{0.0.0.0:0}
2023-03-29 21:18:09,647 [Listener at 127.0.0.1/41565] INFO  server.session (HouseKeeper.java:stopScavenging(149)) - node0 Stopped scavenging
2023-03-29 21:18:09,647 [Listener at 127.0.0.1/41565] INFO  handler.ContextHandler (ContextHandler.java:doStop(1159)) - Stopped o.e.j.s.ServletContextHandler@3246583e{static,/static,file:///home/runner/work/ozone/ozone/hadoop-ozone/integration-test/target/test-classes/webapps/static,STOPPED}
2023-03-29 21:18:09,648 [Listener at 127.0.0.1/41565] INFO  handler.ContextHandler (ContextHandler.java:doStop(1159)) - Stopped o.e.j.s.ServletContextHandler@53eada62{logs,/logs,file:///home/runner/work/ozone/ozone/hadoop-ozone/integration-test/target/log,STOPPED}
2023-03-29 21:18:09,654 [Listener at 127.0.0.1/41565] INFO  ozone.MiniOzoneClusterImpl (MiniOzoneClusterImpl.java:stopDatanodes(530)) - Stopping the HddsDatanodes
2023-03-29 21:18:09,659 [Listener at 127.0.0.1/41565] INFO  ozoneimpl.OzoneContainer (OzoneContainer.java:stop(419)) - Attempting to stop container services.
2023-03-29 21:18:09,659 [Listener at 127.0.0.1/41565] INFO  server.RaftServer (RaftServerProxy.java:lambda$close$6(409)) - eb720a23-75c3-467a-80ae-faa20a4fdf41: close
2023-03-29 21:18:09,659 [eb720a23-75c3-467a-80ae-faa20a4fdf41-impl-thread1] INFO  server.RaftServer$Division (RaftServerImpl.java:lambda$close$4(458)) - eb720a23-75c3-467a-80ae-faa20a4fdf41@group-D186FA483920: shutdown
2023-03-29 21:18:09,660 [eb720a23-75c3-467a-80ae-faa20a4fdf41-impl-thread1] INFO  util.JmxRegister (JmxRegister.java:unregister(73)) - Successfully un-registered JMX Bean with object name Ratis:service=RaftServer,group=group-D186FA483920,id=eb720a23-75c3-467a-80ae-faa20a4fdf41
2023-03-29 21:18:09,660 [eb720a23-75c3-467a-80ae-faa20a4fdf41-impl-thread1] INFO  impl.RoleInfo (RoleInfo.java:shutdownLeaderState(93)) - eb720a23-75c3-467a-80ae-faa20a4fdf41: shutdown eb720a23-75c3-467a-80ae-faa20a4fdf41@group-D186FA483920-LeaderStateImpl
2023-03-29 21:18:09,660 [eb720a23-75c3-467a-80ae-faa20a4fdf41-impl-thread1] INFO  impl.PendingRequests (PendingRequests.java:sendNotLeaderResponses(282)) - eb720a23-75c3-467a-80ae-faa20a4fdf41@group-D186FA483920-PendingRequests: sendNotLeaderResponses
2023-03-29 21:18:09,660 [eb720a23-75c3-467a-80ae-faa20a4fdf41-impl-thread1] INFO  impl.StateMachineUpdater (StateMachineUpdater.java:stopAndJoin(153)) - eb720a23-75c3-467a-80ae-faa20a4fdf41@group-D186FA483920-StateMachineUpdater: set stopIndex = 0
2023-03-29 21:18:09,660 [eb720a23-75c3-467a-80ae-faa20a4fdf41@group-D186FA483920-StateMachineUpdater] INFO  ratis.ContainerStateMachine (ContainerStateMachine.java:takeSnapshot(330)) - group-D186FA483920: Taking a snapshot at:(t:1, i:0) file /home/runner/work/ozone/ozone/hadoop-ozone/integration-test/target/test-dir/MiniOzoneClusterImpl-629b745a-ec3f-4e94-8d3b-29fcb714514f/datanode-1/data/ratis/df613c81-3707-4e4e-b7d1-d186fa483920/sm/snapshot.1_0
2023-03-29 21:18:09,661 [eb720a23-75c3-467a-80ae-faa20a4fdf41@group-D186FA483920-StateMachineUpdater] INFO  ratis.ContainerStateMachine (ContainerStateMachine.java:takeSnapshot(341)) - group-D186FA483920: Finished taking a snapshot at:(t:1, i:0) file:/home/runner/work/ozone/ozone/hadoop-ozone/integration-test/target/test-dir/MiniOzoneClusterImpl-629b745a-ec3f-4e94-8d3b-29fcb714514f/datanode-1/data/ratis/df613c81-3707-4e4e-b7d1-d186fa483920/sm/snapshot.1_0 took: 1 ms
2023-03-29 21:18:09,661 [eb720a23-75c3-467a-80ae-faa20a4fdf41@group-D186FA483920-StateMachineUpdater] INFO  impl.StateMachineUpdater (StateMachineUpdater.java:takeSnapshot(287)) - eb720a23-75c3-467a-80ae-faa20a4fdf41@group-D186FA483920-StateMachineUpdater: Took a snapshot at index 0
2023-03-29 21:18:09,661 [eb720a23-75c3-467a-80ae-faa20a4fdf41@group-D186FA483920-StateMachineUpdater] INFO  impl.StateMachineUpdater (StateMachineUpdater.java:lambda$new$0(92)) - eb720a23-75c3-467a-80ae-faa20a4fdf41@group-D186FA483920-StateMachineUpdater: snapshotIndex: updateIncreasingly -1 -> 0
2023-03-29 21:18:09,662 [eb720a23-75c3-467a-80ae-faa20a4fdf41-impl-thread1] INFO  server.RaftServer$Division (ServerState.java:close(466)) - eb720a23-75c3-467a-80ae-faa20a4fdf41@group-D186FA483920: closes. applyIndex: 0
2023-03-29 21:18:09,665 [Listener at 127.0.0.1/41565] INFO  server.GrpcService (GrpcService.java:closeImpl(271)) - eb720a23-75c3-467a-80ae-faa20a4fdf41: shutdown server GrpcServerProtocolService now
2023-03-29 21:18:09,665 [eb720a23-75c3-467a-80ae-faa20a4fdf41-impl-thread2] INFO  server.RaftServer$Division (RaftServerImpl.java:lambda$close$4(458)) - eb720a23-75c3-467a-80ae-faa20a4fdf41@group-C57F3046A27C: shutdown
2023-03-29 21:18:09,666 [grpc-default-executor-3] WARN  server.GrpcServerProtocolService (LogUtils.java:warn(122)) - eb720a23-75c3-467a-80ae-faa20a4fdf41: installSnapshot onError, lastRequest: null: org.apache.ratis.thirdparty.io.grpc.StatusRuntimeException: CANCELLED: client cancelled
2023-03-29 21:18:09,674 [eb720a23-75c3-467a-80ae-faa20a4fdf41-impl-thread2] INFO  util.JmxRegister (JmxRegister.java:unregister(73)) - Successfully un-registered JMX Bean with object name Ratis:service=RaftServer,group=group-C57F3046A27C,id=eb720a23-75c3-467a-80ae-faa20a4fdf41
2023-03-29 21:18:09,674 [eb720a23-75c3-467a-80ae-faa20a4fdf41-impl-thread2] INFO  impl.RoleInfo (RoleInfo.java:shutdownFollowerState(110)) - eb720a23-75c3-467a-80ae-faa20a4fdf41: shutdown eb720a23-75c3-467a-80ae-faa20a4fdf41@group-C57F3046A27C-FollowerState
2023-03-29 21:18:09,674 [eb720a23-75c3-467a-80ae-faa20a4fdf41-impl-thread2] INFO  impl.StateMachineUpdater (StateMachineUpdater.java:stopAndJoin(153)) - eb720a23-75c3-467a-80ae-faa20a4fdf41@group-C57F3046A27C-StateMachineUpdater: set stopIndex = 0
2023-03-29 21:18:09,665 [eb720a23-75c3-467a-80ae-faa20a4fdf41-impl-thread3] INFO  server.RaftServer$Division (RaftServerImpl.java:lambda$close$4(458)) - eb720a23-75c3-467a-80ae-faa20a4fdf41@group-974C3F79DE30: shutdown
2023-03-29 21:18:09,675 [eb720a23-75c3-467a-80ae-faa20a4fdf41-impl-thread3] INFO  util.JmxRegister (JmxRegister.java:unregister(73)) - Successfully un-registered JMX Bean with object name Ratis:service=RaftServer,group=group-974C3F79DE30,id=eb720a23-75c3-467a-80ae-faa20a4fdf41
2023-03-29 21:18:09,675 [eb720a23-75c3-467a-80ae-faa20a4fdf41-impl-thread3] INFO  impl.RoleInfo (RoleInfo.java:shutdownFollowerState(110)) - eb720a23-75c3-467a-80ae-faa20a4fdf41: shutdown eb720a23-75c3-467a-80ae-faa20a4fdf41@group-974C3F79DE30-FollowerState
2023-03-29 21:18:09,675 [eb720a23-75c3-467a-80ae-faa20a4fdf41-impl-thread3] INFO  impl.StateMachineUpdater (StateMachineUpdater.java:stopAndJoin(153)) - eb720a23-75c3-467a-80ae-faa20a4fdf41@group-974C3F79DE30-StateMachineUpdater: set stopIndex = 0
2023-03-29 21:18:09,665 [eb720a23-75c3-467a-80ae-faa20a4fdf41@group-D186FA483920-SegmentedRaftLogWorker] INFO  segmented.SegmentedRaftLogWorker (SegmentedRaftLogWorker.java:run(347)) - eb720a23-75c3-467a-80ae-faa20a4fdf41@group-D186FA483920-SegmentedRaftLogWorker was interrupted, exiting. There are 0 tasks remaining in the queue.
2023-03-29 21:18:09,679 [eb720a23-75c3-467a-80ae-faa20a4fdf41@group-974C3F79DE30-FollowerState] INFO  impl.FollowerState (FollowerState.java:run(152)) - eb720a23-75c3-467a-80ae-faa20a4fdf41@group-974C3F79DE30-FollowerState was interrupted
2023-03-29 21:18:09,680 [grpc-default-executor-4] WARN  server.GrpcLogAppender (LogUtils.java:warn(122)) - 5e0b76c9-98d4-42e7-bc08-714bac9b3108@group-C57F3046A27C->eb720a23-75c3-467a-80ae-faa20a4fdf41-AppendLogResponseHandler: Failed appendEntries: org.apache.ratis.thirdparty.io.grpc.StatusRuntimeException: CANCELLED: RST_STREAM closed stream. HTTP/2 error code: CANCEL
2023-03-29 21:18:09,681 [grpc-default-executor-4] WARN  server.GrpcLogAppender (GrpcLogAppender.java:resetClient(131)) - 5e0b76c9-98d4-42e7-bc08-714bac9b3108@group-C57F3046A27C->eb720a23-75c3-467a-80ae-faa20a4fdf41-GrpcLogAppender: Leader has not got in touch with Follower 5e0b76c9-98d4-42e7-bc08-714bac9b3108@group-C57F3046A27C->eb720a23-75c3-467a-80ae-faa20a4fdf41(c0,m0,n1, attendVote=true, lastRpcSendTime=960, lastRpcResponseTime=929) yet, just keep nextIndex unchanged and retry.
2023-03-29 21:18:09,679 [eb720a23-75c3-467a-80ae-faa20a4fdf41@group-974C3F79DE30-StateMachineUpdater] INFO  ratis.ContainerStateMachine (ContainerStateMachine.java:takeSnapshot(330)) - group-974C3F79DE30: Taking a snapshot at:(t:1, i:0) file /home/runner/work/ozone/ozone/hadoop-ozone/integration-test/target/test-dir/MiniOzoneClusterImpl-629b745a-ec3f-4e94-8d3b-29fcb714514f/datanode-1/data/ratis/9612bb3d-5681-41f7-acd0-974c3f79de30/sm/snapshot.1_0
2023-03-29 21:18:09,681 [grpc-default-executor-2] WARN  server.GrpcLogAppender (LogUtils.java:warn(122)) - 80a21d94-395d-4af9-8da1-801cc4a84331@group-974C3F79DE30->eb720a23-75c3-467a-80ae-faa20a4fdf41-AppendLogResponseHandler: Failed appendEntries: org.apache.ratis.thirdparty.io.grpc.StatusRuntimeException: CANCELLED: RST_STREAM closed stream. HTTP/2 error code: CANCEL
2023-03-29 21:18:09,681 [grpc-default-executor-2] WARN  server.GrpcLogAppender (GrpcLogAppender.java:resetClient(131)) - 80a21d94-395d-4af9-8da1-801cc4a84331@group-974C3F79DE30->eb720a23-75c3-467a-80ae-faa20a4fdf41-GrpcLogAppender: Leader has not got in touch with Follower 80a21d94-395d-4af9-8da1-801cc4a84331@group-974C3F79DE30->eb720a23-75c3-467a-80ae-faa20a4fdf41(c0,m0,n1, attendVote=true, lastRpcSendTime=851, lastRpcResponseTime=847) yet, just keep nextIndex unchanged and retry.
2023-03-29 21:18:09,679 [grpc-default-executor-1] WARN  server.GrpcLogAppender (LogUtils.java:warn(122)) - 5e0b76c9-98d4-42e7-bc08-714bac9b3108@group-C57F3046A27C->eb720a23-75c3-467a-80ae-faa20a4fdf41-AppendLogResponseHandler: Failed appendEntries: org.apache.ratis.thirdparty.io.grpc.StatusRuntimeException: CANCELLED: RST_STREAM closed stream. HTTP/2 error code: CANCEL
2023-03-29 21:18:09,681 [grpc-default-executor-1] WARN  server.GrpcLogAppender (GrpcLogAppender.java:resetClient(131)) - 5e0b76c9-98d4-42e7-bc08-714bac9b3108@group-C57F3046A27C->eb720a23-75c3-467a-80ae-faa20a4fdf41-GrpcLogAppender: Leader has not got in touch with Follower 5e0b76c9-98d4-42e7-bc08-714bac9b3108@group-C57F3046A27C->eb720a23-75c3-467a-80ae-faa20a4fdf41(c0,m0,n1, attendVote=true, lastRpcSendTime=961, lastRpcResponseTime=930) yet, just keep nextIndex unchanged and retry.
2023-03-29 21:18:09,678 [grpc-default-executor-0] WARN  server.GrpcServerProtocolService (LogUtils.java:warn(122)) - eb720a23-75c3-467a-80ae-faa20a4fdf41: installSnapshot onError, lastRequest: 80a21d94-395d-4af9-8da1-801cc4a84331->eb720a23-75c3-467a-80ae-faa20a4fdf41#1-t1,previous=(t:0, i:0),leaderCommit=0,initializing? true,entries: size=1, first=(t:1, i:0), CONFIGURATIONENTRY(current:id: "80a21d94-395d-4af9-8da1-801cc4a84331"
address: "10.1.0.17:33111"
priority: 1
dataStreamAddress: "10.1.0.17:46045"
clientAddress: "10.1.0.17:33111"
adminAddress: "10.1.0.17:33111"
startupRole: FOLLOWER
,id: "eb720a23-75c3-467a-80ae-faa20a4fdf41"
address: "10.1.0.17:41371"
dataStreamAddress: "10.1.0.17:45805"
clientAddress: "10.1.0.17:41371"
adminAddress: "10.1.0.17:41371"
startupRole: FOLLOWER
,id: "5e0b76c9-98d4-42e7-bc08-714bac9b3108"
address: "10.1.0.17:45791"
dataStreamAddress: "10.1.0.17:39049"
clientAddress: "10.1.0.17:45791"
adminAddress: "10.1.0.17:45791"
startupRole: FOLLOWER
, old:): org.apache.ratis.thirdparty.io.grpc.StatusRuntimeException: CANCELLED: client cancelled
2023-03-29 21:18:09,682 [eb720a23-75c3-467a-80ae-faa20a4fdf41@group-974C3F79DE30-StateMachineUpdater] INFO  ratis.ContainerStateMachine (ContainerStateMachine.java:takeSnapshot(341)) - group-974C3F79DE30: Finished taking a snapshot at:(t:1, i:0) file:/home/runner/work/ozone/ozone/hadoop-ozone/integration-test/target/test-dir/MiniOzoneClusterImpl-629b745a-ec3f-4e94-8d3b-29fcb714514f/datanode-1/data/ratis/9612bb3d-5681-41f7-acd0-974c3f79de30/sm/snapshot.1_0 took: 2 ms
2023-03-29 21:18:09,682 [eb720a23-75c3-467a-80ae-faa20a4fdf41@group-974C3F79DE30-StateMachineUpdater] INFO  impl.StateMachineUpdater (StateMachineUpdater.java:takeSnapshot(287)) - eb720a23-75c3-467a-80ae-faa20a4fdf41@group-974C3F79DE30-StateMachineUpdater: Took a snapshot at index 0
2023-03-29 21:18:09,682 [eb720a23-75c3-467a-80ae-faa20a4fdf41@group-974C3F79DE30-StateMachineUpdater] INFO  impl.StateMachineUpdater (StateMachineUpdater.java:lambda$new$0(92)) - eb720a23-75c3-467a-80ae-faa20a4fdf41@group-974C3F79DE30-StateMachineUpdater: snapshotIndex: updateIncreasingly -1 -> 0
2023-03-29 21:18:09,682 [eb720a23-75c3-467a-80ae-faa20a4fdf41-impl-thread3] INFO  server.RaftServer$Division (ServerState.java:close(466)) - eb720a23-75c3-467a-80ae-faa20a4fdf41@group-974C3F79DE30: closes. applyIndex: 0
2023-03-29 21:18:09,678 [grpc-default-executor-6] WARN  server.GrpcServerProtocolService (LogUtils.java:warn(122)) - eb720a23-75c3-467a-80ae-faa20a4fdf41: installSnapshot onError, lastRequest: null: org.apache.ratis.thirdparty.io.grpc.StatusRuntimeException: CANCELLED: client cancelled
2023-03-29 21:18:09,678 [Listener at 127.0.0.1/41565] INFO  server.GrpcService (GrpcService.java:closeImpl(280)) - eb720a23-75c3-467a-80ae-faa20a4fdf41: shutdown server GrpcServerProtocolService successfully
2023-03-29 21:18:09,677 [ForkJoinPool.commonPool-worker-1] INFO  ozoneimpl.OzoneContainer (OzoneContainer.java:stop(419)) - Attempting to stop container services.
2023-03-29 21:18:09,683 [eb720a23-75c3-467a-80ae-faa20a4fdf41-NettyServerStreamRpc-bossGroup--thread1] INFO  logging.LoggingHandler (AbstractInternalLogger.java:log(148)) - [id: 0xd3854b65, L:/0:0:0:0:0:0:0:0:45805] CLOSE
2023-03-29 21:18:09,683 [eb720a23-75c3-467a-80ae-faa20a4fdf41-NettyServerStreamRpc-bossGroup--thread1] INFO  logging.LoggingHandler (AbstractInternalLogger.java:log(148)) - [id: 0xd3854b65, L:/0:0:0:0:0:0:0:0:45805] INACTIVE
2023-03-29 21:18:09,683 [eb720a23-75c3-467a-80ae-faa20a4fdf41-NettyServerStreamRpc-bossGroup--thread1] INFO  logging.LoggingHandler (AbstractInternalLogger.java:log(148)) - [id: 0xd3854b65, L:/0:0:0:0:0:0:0:0:45805] UNREGISTERED
2023-03-29 21:18:09,676 [eb720a23-75c3-467a-80ae-faa20a4fdf41@group-C57F3046A27C-FollowerState] INFO  impl.FollowerState (FollowerState.java:run(152)) - eb720a23-75c3-467a-80ae-faa20a4fdf41@group-C57F3046A27C-FollowerState was interrupted
2023-03-29 21:18:09,676 [eb720a23-75c3-467a-80ae-faa20a4fdf41@group-C57F3046A27C-StateMachineUpdater] INFO  ratis.ContainerStateMachine (ContainerStateMachine.java:takeSnapshot(330)) - group-C57F3046A27C: Taking a snapshot at:(t:1, i:0) file /home/runner/work/ozone/ozone/hadoop-ozone/integration-test/target/test-dir/MiniOzoneClusterImpl-629b745a-ec3f-4e94-8d3b-29fcb714514f/datanode-1/data/ratis/af17ef5a-aa36-48ba-8e23-c57f3046a27c/sm/snapshot.1_0
2023-03-29 21:18:09,684 [eb720a23-75c3-467a-80ae-faa20a4fdf41@group-C57F3046A27C-StateMachineUpdater] INFO  ratis.ContainerStateMachine (ContainerStateMachine.java:takeSnapshot(341)) - group-C57F3046A27C: Finished taking a snapshot at:(t:1, i:0) file:/home/runner/work/ozone/ozone/hadoop-ozone/integration-test/target/test-dir/MiniOzoneClusterImpl-629b745a-ec3f-4e94-8d3b-29fcb714514f/datanode-1/data/ratis/af17ef5a-aa36-48ba-8e23-c57f3046a27c/sm/snapshot.1_0 took: 8 ms
2023-03-29 21:18:09,685 [eb720a23-75c3-467a-80ae-faa20a4fdf41@group-C57F3046A27C-StateMachineUpdater] INFO  impl.StateMachineUpdater (StateMachineUpdater.java:takeSnapshot(287)) - eb720a23-75c3-467a-80ae-faa20a4fdf41@group-C57F3046A27C-StateMachineUpdater: Took a snapshot at index 0
2023-03-29 21:18:09,685 [eb720a23-75c3-467a-80ae-faa20a4fdf41@group-C57F3046A27C-StateMachineUpdater] INFO  impl.StateMachineUpdater (StateMachineUpdater.java:lambda$new$0(92)) - eb720a23-75c3-467a-80ae-faa20a4fdf41@group-C57F3046A27C-StateMachineUpdater: snapshotIndex: updateIncreasingly -1 -> 0
2023-03-29 21:18:09,675 [grpc-default-executor-3] WARN  server.GrpcLogAppender (LogUtils.java:warn(122)) - 80a21d94-395d-4af9-8da1-801cc4a84331@group-974C3F79DE30->eb720a23-75c3-467a-80ae-faa20a4fdf41-AppendLogResponseHandler: Failed appendEntries: org.apache.ratis.thirdparty.io.grpc.StatusRuntimeException: CANCELLED: RST_STREAM closed stream. HTTP/2 error code: CANCEL
2023-03-29 21:18:09,683 [eb720a23-75c3-467a-80ae-faa20a4fdf41@group-974C3F79DE30-SegmentedRaftLogWorker] INFO  segmented.SegmentedRaftLogWorker (SegmentedRaftLogWorker.java:run(347)) - eb720a23-75c3-467a-80ae-faa20a4fdf41@group-974C3F79DE30-SegmentedRaftLogWorker was interrupted, exiting. There are 0 tasks remaining in the queue.
2023-03-29 21:18:09,682 [grpc-default-executor-5] WARN  server.GrpcServerProtocolService (LogUtils.java:warn(122)) - eb720a23-75c3-467a-80ae-faa20a4fdf41: installSnapshot onError, lastRequest: 5e0b76c9-98d4-42e7-bc08-714bac9b3108->eb720a23-75c3-467a-80ae-faa20a4fdf41#1-t1,previous=(t:0, i:0),leaderCommit=0,initializing? true,entries: size=1, first=(t:1, i:0), CONFIGURATIONENTRY(current:id: "80a21d94-395d-4af9-8da1-801cc4a84331"
address: "10.1.0.17:33111"
dataStreamAddress: "10.1.0.17:46045"
clientAddress: "10.1.0.17:33111"
adminAddress: "10.1.0.17:33111"
startupRole: FOLLOWER
,id: "eb720a23-75c3-467a-80ae-faa20a4fdf41"
address: "10.1.0.17:41371"
dataStreamAddress: "10.1.0.17:45805"
clientAddress: "10.1.0.17:41371"
adminAddress: "10.1.0.17:41371"
startupRole: FOLLOWER
,id: "5e0b76c9-98d4-42e7-bc08-714bac9b3108"
address: "10.1.0.17:45791"
priority: 1
dataStreamAddress: "10.1.0.17:39049"
clientAddress: "10.1.0.17:45791"
adminAddress: "10.1.0.17:45791"
startupRole: FOLLOWER
, old:): org.apache.ratis.thirdparty.io.grpc.StatusRuntimeException: CANCELLED: client cancelled
2023-03-29 21:18:09,680 [eb720a23-75c3-467a-80ae-faa20a4fdf41-impl-thread1] INFO  segmented.SegmentedRaftLogWorker (SegmentedRaftLogWorker.java:close(257)) - eb720a23-75c3-467a-80ae-faa20a4fdf41@group-D186FA483920-SegmentedRaftLogWorker close()
2023-03-29 21:18:09,689 [eb720a23-75c3-467a-80ae-faa20a4fdf41-impl-thread2] INFO  server.RaftServer$Division (ServerState.java:close(466)) - eb720a23-75c3-467a-80ae-faa20a4fdf41@group-C57F3046A27C: closes. applyIndex: 0
2023-03-29 21:18:09,689 [grpc-default-executor-3] WARN  server.GrpcLogAppender (GrpcLogAppender.java:resetClient(131)) - 80a21d94-395d-4af9-8da1-801cc4a84331@group-974C3F79DE30->eb720a23-75c3-467a-80ae-faa20a4fdf41-GrpcLogAppender: Leader has not got in touch with Follower 80a21d94-395d-4af9-8da1-801cc4a84331@group-974C3F79DE30->eb720a23-75c3-467a-80ae-faa20a4fdf41(c0,m0,n1, attendVote=true, lastRpcSendTime=859, lastRpcResponseTime=855) yet, just keep nextIndex unchanged and retry.
2023-03-29 21:18:09,698 [eb720a23-75c3-467a-80ae-faa20a4fdf41@group-C57F3046A27C-SegmentedRaftLogWorker] INFO  segmented.SegmentedRaftLogWorker (SegmentedRaftLogWorker.java:run(347)) - eb720a23-75c3-467a-80ae-faa20a4fdf41@group-C57F3046A27C-SegmentedRaftLogWorker was interrupted, exiting. There are 0 tasks remaining in the queue.
2023-03-29 21:18:09,723 [eb720a23-75c3-467a-80ae-faa20a4fdf41-impl-thread3] INFO  segmented.SegmentedRaftLogWorker (SegmentedRaftLogWorker.java:close(257)) - eb720a23-75c3-467a-80ae-faa20a4fdf41@group-974C3F79DE30-SegmentedRaftLogWorker close()
2023-03-29 21:18:09,723 [eb720a23-75c3-467a-80ae-faa20a4fdf41-impl-thread2] INFO  segmented.SegmentedRaftLogWorker (SegmentedRaftLogWorker.java:close(257)) - eb720a23-75c3-467a-80ae-faa20a4fdf41@group-C57F3046A27C-SegmentedRaftLogWorker close()
2023-03-29 21:18:09,730 [ForkJoinPool.commonPool-worker-1] INFO  server.RaftServer (RaftServerProxy.java:lambda$close$6(409)) - 80a21d94-395d-4af9-8da1-801cc4a84331: close
2023-03-29 21:18:09,730 [80a21d94-395d-4af9-8da1-801cc4a84331-impl-thread1] INFO  server.RaftServer$Division (RaftServerImpl.java:lambda$close$4(458)) - 80a21d94-395d-4af9-8da1-801cc4a84331@group-8898F45B8F55: shutdown
2023-03-29 21:18:09,730 [80a21d94-395d-4af9-8da1-801cc4a84331-impl-thread1] INFO  util.JmxRegister (JmxRegister.java:unregister(73)) - Successfully un-registered JMX Bean with object name Ratis:service=RaftServer,group=group-8898F45B8F55,id=80a21d94-395d-4af9-8da1-801cc4a84331
2023-03-29 21:18:09,730 [80a21d94-395d-4af9-8da1-801cc4a84331-impl-thread1] INFO  impl.RoleInfo (RoleInfo.java:shutdownLeaderState(93)) - 80a21d94-395d-4af9-8da1-801cc4a84331: shutdown 80a21d94-395d-4af9-8da1-801cc4a84331@group-8898F45B8F55-LeaderStateImpl
2023-03-29 21:18:09,730 [80a21d94-395d-4af9-8da1-801cc4a84331-impl-thread1] INFO  impl.PendingRequests (PendingRequests.java:sendNotLeaderResponses(282)) - 80a21d94-395d-4af9-8da1-801cc4a84331@group-8898F45B8F55-PendingRequests: sendNotLeaderResponses
2023-03-29 21:18:09,730 [80a21d94-395d-4af9-8da1-801cc4a84331-impl-thread1] INFO  impl.StateMachineUpdater (StateMachineUpdater.java:stopAndJoin(153)) - 80a21d94-395d-4af9-8da1-801cc4a84331@group-8898F45B8F55-StateMachineUpdater: set stopIndex = 0
2023-03-29 21:18:09,731 [80a21d94-395d-4af9-8da1-801cc4a84331@group-8898F45B8F55-StateMachineUpdater] INFO  ratis.ContainerStateMachine (ContainerStateMachine.java:takeSnapshot(330)) - group-8898F45B8F55: Taking a snapshot at:(t:1, i:0) file /home/runner/work/ozone/ozone/hadoop-ozone/integration-test/target/test-dir/MiniOzoneClusterImpl-629b745a-ec3f-4e94-8d3b-29fcb714514f/datanode-0/data/ratis/1a1cb463-885f-4261-8543-8898f45b8f55/sm/snapshot.1_0
2023-03-29 21:18:09,731 [80a21d94-395d-4af9-8da1-801cc4a84331@group-8898F45B8F55-StateMachineUpdater] INFO  ratis.ContainerStateMachine (ContainerStateMachine.java:takeSnapshot(341)) - group-8898F45B8F55: Finished taking a snapshot at:(t:1, i:0) file:/home/runner/work/ozone/ozone/hadoop-ozone/integration-test/target/test-dir/MiniOzoneClusterImpl-629b745a-ec3f-4e94-8d3b-29fcb714514f/datanode-0/data/ratis/1a1cb463-885f-4261-8543-8898f45b8f55/sm/snapshot.1_0 took: 1 ms
2023-03-29 21:18:09,732 [80a21d94-395d-4af9-8da1-801cc4a84331@group-8898F45B8F55-StateMachineUpdater] INFO  impl.StateMachineUpdater (StateMachineUpdater.java:takeSnapshot(287)) - 80a21d94-395d-4af9-8da1-801cc4a84331@group-8898F45B8F55-StateMachineUpdater: Took a snapshot at index 0
2023-03-29 21:18:09,732 [80a21d94-395d-4af9-8da1-801cc4a84331@group-8898F45B8F55-StateMachineUpdater] INFO  impl.StateMachineUpdater (StateMachineUpdater.java:lambda$new$0(92)) - 80a21d94-395d-4af9-8da1-801cc4a84331@group-8898F45B8F55-StateMachineUpdater: snapshotIndex: updateIncreasingly -1 -> 0
2023-03-29 21:18:09,732 [80a21d94-395d-4af9-8da1-801cc4a84331-impl-thread1] INFO  server.RaftServer$Division (ServerState.java:close(466)) - 80a21d94-395d-4af9-8da1-801cc4a84331@group-8898F45B8F55: closes. applyIndex: 0
2023-03-29 21:18:09,739 [80a21d94-395d-4af9-8da1-801cc4a84331-impl-thread2] INFO  server.RaftServer$Division (RaftServerImpl.java:lambda$close$4(458)) - 80a21d94-395d-4af9-8da1-801cc4a84331@group-C57F3046A27C: shutdown
2023-03-29 21:18:09,741 [80a21d94-395d-4af9-8da1-801cc4a84331-impl-thread2] INFO  util.JmxRegister (JmxRegister.java:unregister(73)) - Successfully un-registered JMX Bean with object name Ratis:service=RaftServer,group=group-C57F3046A27C,id=80a21d94-395d-4af9-8da1-801cc4a84331
2023-03-29 21:18:09,741 [80a21d94-395d-4af9-8da1-801cc4a84331-impl-thread2] INFO  impl.RoleInfo (RoleInfo.java:shutdownFollowerState(110)) - 80a21d94-395d-4af9-8da1-801cc4a84331: shutdown 80a21d94-395d-4af9-8da1-801cc4a84331@group-C57F3046A27C-FollowerState
2023-03-29 21:18:09,744 [ForkJoinPool.commonPool-worker-1] INFO  server.GrpcService (GrpcService.java:closeImpl(271)) - 80a21d94-395d-4af9-8da1-801cc4a84331: shutdown server GrpcServerProtocolService now
2023-03-29 21:18:09,744 [80a21d94-395d-4af9-8da1-801cc4a84331@group-8898F45B8F55-SegmentedRaftLogWorker] INFO  segmented.SegmentedRaftLogWorker (SegmentedRaftLogWorker.java:run(347)) - 80a21d94-395d-4af9-8da1-801cc4a84331@group-8898F45B8F55-SegmentedRaftLogWorker was interrupted, exiting. There are 0 tasks remaining in the queue.
2023-03-29 21:18:09,746 [ForkJoinPool.commonPool-worker-1] INFO  server.GrpcServerProtocolClient (GrpcServerProtocolClient.java:close(101)) - eb720a23-75c3-467a-80ae-faa20a4fdf41 Close channels
2023-03-29 21:18:09,748 [80a21d94-395d-4af9-8da1-801cc4a84331-impl-thread3] INFO  server.RaftServer$Division (RaftServerImpl.java:lambda$close$4(458)) - 80a21d94-395d-4af9-8da1-801cc4a84331@group-974C3F79DE30: shutdown
2023-03-29 21:18:09,748 [80a21d94-395d-4af9-8da1-801cc4a84331@group-C57F3046A27C-FollowerState] INFO  impl.FollowerState (FollowerState.java:run(152)) - 80a21d94-395d-4af9-8da1-801cc4a84331@group-C57F3046A27C-FollowerState was interrupted
2023-03-29 21:18:09,752 [grpc-default-executor-1] WARN  server.GrpcLogAppender (LogUtils.java:warn(122)) - 5e0b76c9-98d4-42e7-bc08-714bac9b3108@group-C57F3046A27C->80a21d94-395d-4af9-8da1-801cc4a84331-AppendLogResponseHandler: Failed appendEntries: org.apache.ratis.thirdparty.io.grpc.StatusRuntimeException: CANCELLED: RST_STREAM closed stream. HTTP/2 error code: CANCEL
2023-03-29 21:18:09,769 [grpc-default-executor-1] WARN  server.GrpcLogAppender (GrpcLogAppender.java:resetClient(131)) - 5e0b76c9-98d4-42e7-bc08-714bac9b3108@group-C57F3046A27C->80a21d94-395d-4af9-8da1-801cc4a84331-GrpcLogAppender: Leader has not got in touch with Follower 5e0b76c9-98d4-42e7-bc08-714bac9b3108@group-C57F3046A27C->80a21d94-395d-4af9-8da1-801cc4a84331(c0,m0,n1, attendVote=true, lastRpcSendTime=1064, lastRpcResponseTime=1024) yet, just keep nextIndex unchanged and retry.
2023-03-29 21:18:09,752 [JvmPauseMonitor14] INFO  util.JvmPauseMonitor (JvmPauseMonitor.java:run(111)) - JvmPauseMonitor-eb720a23-75c3-467a-80ae-faa20a4fdf41: Stopped
2023-03-29 21:18:09,752 [grpc-default-executor-0] WARN  server.GrpcServerProtocolService (LogUtils.java:warn(122)) - 80a21d94-395d-4af9-8da1-801cc4a84331: installSnapshot onError, lastRequest: 5e0b76c9-98d4-42e7-bc08-714bac9b3108->80a21d94-395d-4af9-8da1-801cc4a84331#1-t1,previous=(t:0, i:0),leaderCommit=-1,initializing? true,entries: size=1, first=(t:1, i:0), CONFIGURATIONENTRY(current:id: "80a21d94-395d-4af9-8da1-801cc4a84331"
address: "10.1.0.17:33111"
dataStreamAddress: "10.1.0.17:46045"
clientAddress: "10.1.0.17:33111"
adminAddress: "10.1.0.17:33111"
startupRole: FOLLOWER
,id: "eb720a23-75c3-467a-80ae-faa20a4fdf41"
address: "10.1.0.17:41371"
dataStreamAddress: "10.1.0.17:45805"
clientAddress: "10.1.0.17:41371"
adminAddress: "10.1.0.17:41371"
startupRole: FOLLOWER
,id: "5e0b76c9-98d4-42e7-bc08-714bac9b3108"
address: "10.1.0.17:45791"
priority: 1
dataStreamAddress: "10.1.0.17:39049"
clientAddress: "10.1.0.17:45791"
adminAddress: "10.1.0.17:45791"
startupRole: FOLLOWER
, old:): org.apache.ratis.thirdparty.io.grpc.StatusRuntimeException: CANCELLED: client cancelled
2023-03-29 21:18:09,751 [grpc-default-executor-6] WARN  server.GrpcLogAppender (LogUtils.java:warn(122)) - 5e0b76c9-98d4-42e7-bc08-714bac9b3108@group-C57F3046A27C->80a21d94-395d-4af9-8da1-801cc4a84331-AppendLogResponseHandler: Failed appendEntries: org.apache.ratis.thirdparty.io.grpc.StatusRuntimeException: CANCELLED: RST_STREAM closed stream. HTTP/2 error code: CANCEL
2023-03-29 21:18:09,770 [grpc-default-executor-6] WARN  server.GrpcLogAppender (GrpcLogAppender.java:resetClient(131)) - 5e0b76c9-98d4-42e7-bc08-714bac9b3108@group-C57F3046A27C->80a21d94-395d-4af9-8da1-801cc4a84331-GrpcLogAppender: Leader has not got in touch with Follower 5e0b76c9-98d4-42e7-bc08-714bac9b3108@group-C57F3046A27C->80a21d94-395d-4af9-8da1-801cc4a84331(c0,m0,n1, attendVote=true, lastRpcSendTime=1065, lastRpcResponseTime=1024) yet, just keep nextIndex unchanged and retry.
2023-03-29 21:18:09,750 [grpc-default-executor-3] WARN  server.GrpcServerProtocolService (LogUtils.java:warn(122)) - 80a21d94-395d-4af9-8da1-801cc4a84331: installSnapshot onError, lastRequest: null: org.apache.ratis.thirdparty.io.grpc.StatusRuntimeException: CANCELLED: client cancelled
2023-03-29 21:18:09,750 [ForkJoinPool.commonPool-worker-1] INFO  server.GrpcServerProtocolClient (GrpcServerProtocolClient.java:close(101)) - 5e0b76c9-98d4-42e7-bc08-714bac9b3108 Close channels
2023-03-29 21:18:09,750 [80a21d94-395d-4af9-8da1-801cc4a84331-impl-thread1] INFO  segmented.SegmentedRaftLogWorker (SegmentedRaftLogWorker.java:close(257)) - 80a21d94-395d-4af9-8da1-801cc4a84331@group-8898F45B8F55-SegmentedRaftLogWorker close()
2023-03-29 21:18:09,748 [80a21d94-395d-4af9-8da1-801cc4a84331@group-C57F3046A27C-StateMachineUpdater] INFO  ratis.ContainerStateMachine (ContainerStateMachine.java:takeSnapshot(330)) - group-C57F3046A27C: Taking a snapshot at:(t:1, i:0) file /home/runner/work/ozone/ozone/hadoop-ozone/integration-test/target/test-dir/MiniOzoneClusterImpl-629b745a-ec3f-4e94-8d3b-29fcb714514f/datanode-0/data/ratis/af17ef5a-aa36-48ba-8e23-c57f3046a27c/sm/snapshot.1_0
2023-03-29 21:18:09,748 [80a21d94-395d-4af9-8da1-801cc4a84331-impl-thread2] INFO  impl.StateMachineUpdater (StateMachineUpdater.java:stopAndJoin(153)) - 80a21d94-395d-4af9-8da1-801cc4a84331@group-C57F3046A27C-StateMachineUpdater: set stopIndex = 0
2023-03-29 21:18:09,765 [80a21d94-395d-4af9-8da1-801cc4a84331-impl-thread3] INFO  util.JmxRegister (JmxRegister.java:unregister(73)) - Successfully un-registered JMX Bean with object name Ratis:service=RaftServer,group=group-974C3F79DE30,id=80a21d94-395d-4af9-8da1-801cc4a84331
2023-03-29 21:18:09,786 [80a21d94-395d-4af9-8da1-801cc4a84331-impl-thread3] INFO  impl.RoleInfo (RoleInfo.java:shutdownLeaderState(93)) - 80a21d94-395d-4af9-8da1-801cc4a84331: shutdown 80a21d94-395d-4af9-8da1-801cc4a84331@group-974C3F79DE30-LeaderStateImpl
2023-03-29 21:18:09,786 [80a21d94-395d-4af9-8da1-801cc4a84331-impl-thread3] INFO  impl.PendingRequests (PendingRequests.java:sendNotLeaderResponses(282)) - 80a21d94-395d-4af9-8da1-801cc4a84331@group-974C3F79DE30-PendingRequests: sendNotLeaderResponses
2023-03-29 21:18:09,787 [80a21d94-395d-4af9-8da1-801cc4a84331-impl-thread3] INFO  impl.StateMachineUpdater (StateMachineUpdater.java:stopAndJoin(153)) - 80a21d94-395d-4af9-8da1-801cc4a84331@group-974C3F79DE30-StateMachineUpdater: set stopIndex = 0
2023-03-29 21:18:09,787 [80a21d94-395d-4af9-8da1-801cc4a84331@group-C57F3046A27C-StateMachineUpdater] INFO  ratis.ContainerStateMachine (ContainerStateMachine.java:takeSnapshot(341)) - group-C57F3046A27C: Finished taking a snapshot at:(t:1, i:0) file:/home/runner/work/ozone/ozone/hadoop-ozone/integration-test/target/test-dir/MiniOzoneClusterImpl-629b745a-ec3f-4e94-8d3b-29fcb714514f/datanode-0/data/ratis/af17ef5a-aa36-48ba-8e23-c57f3046a27c/sm/snapshot.1_0 took: 38 ms
2023-03-29 21:18:09,787 [80a21d94-395d-4af9-8da1-801cc4a84331@group-974C3F79DE30-StateMachineUpdater] INFO  ratis.ContainerStateMachine (ContainerStateMachine.java:takeSnapshot(330)) - group-974C3F79DE30: Taking a snapshot at:(t:1, i:0) file /home/runner/work/ozone/ozone/hadoop-ozone/integration-test/target/test-dir/MiniOzoneClusterImpl-629b745a-ec3f-4e94-8d3b-29fcb714514f/datanode-0/data/ratis/9612bb3d-5681-41f7-acd0-974c3f79de30/sm/snapshot.1_0
2023-03-29 21:18:09,787 [80a21d94-395d-4af9-8da1-801cc4a84331@group-C57F3046A27C-StateMachineUpdater] INFO  impl.StateMachineUpdater (StateMachineUpdater.java:takeSnapshot(287)) - 80a21d94-395d-4af9-8da1-801cc4a84331@group-C57F3046A27C-StateMachineUpdater: Took a snapshot at index 0
2023-03-29 21:18:09,787 [80a21d94-395d-4af9-8da1-801cc4a84331@group-974C3F79DE30->5e0b76c9-98d4-42e7-bc08-714bac9b3108-GrpcLogAppender-LogAppenderDaemon] WARN  server.GrpcLogAppender (GrpcLogAppender.java:mayWait(200)) - 80a21d94-395d-4af9-8da1-801cc4a84331@group-974C3F79DE30->5e0b76c9-98d4-42e7-bc08-714bac9b3108-GrpcLogAppender: Wait interrupted by java.lang.InterruptedException
2023-03-29 21:18:09,788 [grpc-default-executor-3] INFO  server.GrpcServerProtocolService (GrpcServerProtocolService.java:onCompleted(143)) - 5e0b76c9-98d4-42e7-bc08-714bac9b3108: Completed APPEND_ENTRIES, lastRequest: 80a21d94-395d-4af9-8da1-801cc4a84331->5e0b76c9-98d4-42e7-bc08-714bac9b3108#1-t1,previous=(t:0, i:0),leaderCommit=0,initializing? true,entries: size=1, first=(t:1, i:0), CONFIGURATIONENTRY(current:id: "80a21d94-395d-4af9-8da1-801cc4a84331"
address: "10.1.0.17:33111"
priority: 1
dataStreamAddress: "10.1.0.17:46045"
clientAddress: "10.1.0.17:33111"
adminAddress: "10.1.0.17:33111"
startupRole: FOLLOWER
,id: "eb720a23-75c3-467a-80ae-faa20a4fdf41"
address: "10.1.0.17:41371"
dataStreamAddress: "10.1.0.17:45805"
clientAddress: "10.1.0.17:41371"
adminAddress: "10.1.0.17:41371"
startupRole: FOLLOWER
,id: "5e0b76c9-98d4-42e7-bc08-714bac9b3108"
address: "10.1.0.17:45791"
dataStreamAddress: "10.1.0.17:39049"
clientAddress: "10.1.0.17:45791"
adminAddress: "10.1.0.17:45791"
startupRole: FOLLOWER
, old:)
2023-03-29 21:18:09,788 [grpc-default-executor-0] INFO  server.GrpcServerProtocolService (GrpcServerProtocolService.java:onCompleted(143)) - 5e0b76c9-98d4-42e7-bc08-714bac9b3108: Completed APPEND_ENTRIES, lastRequest: null
2023-03-29 21:18:09,789 [80a21d94-395d-4af9-8da1-801cc4a84331@group-974C3F79DE30-StateMachineUpdater] INFO  ratis.ContainerStateMachine (ContainerStateMachine.java:takeSnapshot(341)) - group-974C3F79DE30: Finished taking a snapshot at:(t:1, i:0) file:/home/runner/work/ozone/ozone/hadoop-ozone/integration-test/target/test-dir/MiniOzoneClusterImpl-629b745a-ec3f-4e94-8d3b-29fcb714514f/datanode-0/data/ratis/9612bb3d-5681-41f7-acd0-974c3f79de30/sm/snapshot.1_0 took: 1 ms
2023-03-29 21:18:09,789 [80a21d94-395d-4af9-8da1-801cc4a84331@group-974C3F79DE30-StateMachineUpdater] INFO  impl.StateMachineUpdater (StateMachineUpdater.java:takeSnapshot(287)) - 80a21d94-395d-4af9-8da1-801cc4a84331@group-974C3F79DE30-StateMachineUpdater: Took a snapshot at index 0
2023-03-29 21:18:09,789 [80a21d94-395d-4af9-8da1-801cc4a84331@group-974C3F79DE30-StateMachineUpdater] INFO  impl.StateMachineUpdater (StateMachineUpdater.java:lambda$new$0(92)) - 80a21d94-395d-4af9-8da1-801cc4a84331@group-974C3F79DE30-StateMachineUpdater: snapshotIndex: updateIncreasingly -1 -> 0
2023-03-29 21:18:09,789 [80a21d94-395d-4af9-8da1-801cc4a84331-impl-thread3] INFO  server.RaftServer$Division (ServerState.java:close(466)) - 80a21d94-395d-4af9-8da1-801cc4a84331@group-974C3F79DE30: closes. applyIndex: 0
2023-03-29 21:18:09,789 [80a21d94-395d-4af9-8da1-801cc4a84331@group-974C3F79DE30-SegmentedRaftLogWorker] INFO  segmented.SegmentedRaftLogWorker (SegmentedRaftLogWorker.java:run(347)) - 80a21d94-395d-4af9-8da1-801cc4a84331@group-974C3F79DE30-SegmentedRaftLogWorker was interrupted, exiting. There are 0 tasks remaining in the queue.
2023-03-29 21:18:09,790 [grpc-default-executor-0] INFO  server.GrpcLogAppender (GrpcLogAppender.java:onCompleted(415)) - 80a21d94-395d-4af9-8da1-801cc4a84331@group-974C3F79DE30->5e0b76c9-98d4-42e7-bc08-714bac9b3108-AppendLogResponseHandler: follower responses appendEntries COMPLETED
2023-03-29 21:18:09,787 [80a21d94-395d-4af9-8da1-801cc4a84331@group-C57F3046A27C-StateMachineUpdater] INFO  impl.StateMachineUpdater (StateMachineUpdater.java:lambda$new$0(92)) - 80a21d94-395d-4af9-8da1-801cc4a84331@group-C57F3046A27C-StateMachineUpdater: snapshotIndex: updateIncreasingly -1 -> 0
2023-03-29 21:18:09,791 [80a21d94-395d-4af9-8da1-801cc4a84331-impl-thread2] INFO  server.RaftServer$Division (ServerState.java:close(466)) - 80a21d94-395d-4af9-8da1-801cc4a84331@group-C57F3046A27C: closes. applyIndex: 0
2023-03-29 21:18:09,791 [80a21d94-395d-4af9-8da1-801cc4a84331@group-C57F3046A27C-SegmentedRaftLogWorker] INFO  segmented.SegmentedRaftLogWorker (SegmentedRaftLogWorker.java:run(347)) - 80a21d94-395d-4af9-8da1-801cc4a84331@group-C57F3046A27C-SegmentedRaftLogWorker was interrupted, exiting. There are 0 tasks remaining in the queue.
2023-03-29 21:18:09,791 [ForkJoinPool.commonPool-worker-1] INFO  server.GrpcService (GrpcService.java:closeImpl(280)) - 80a21d94-395d-4af9-8da1-801cc4a84331: shutdown server GrpcServerProtocolService successfully
2023-03-29 21:18:09,797 [80a21d94-395d-4af9-8da1-801cc4a84331-impl-thread2] INFO  segmented.SegmentedRaftLogWorker (SegmentedRaftLogWorker.java:close(257)) - 80a21d94-395d-4af9-8da1-801cc4a84331@group-C57F3046A27C-SegmentedRaftLogWorker close()
2023-03-29 21:18:09,798 [80a21d94-395d-4af9-8da1-801cc4a84331-NettyServerStreamRpc-bossGroup--thread1] INFO  logging.LoggingHandler (AbstractInternalLogger.java:log(148)) - [id: 0xaebb6cb1, L:/0:0:0:0:0:0:0:0:46045] CLOSE
2023-03-29 21:18:09,797 [80a21d94-395d-4af9-8da1-801cc4a84331-impl-thread3] INFO  segmented.SegmentedRaftLogWorker (SegmentedRaftLogWorker.java:close(257)) - 80a21d94-395d-4af9-8da1-801cc4a84331@group-974C3F79DE30-SegmentedRaftLogWorker close()
2023-03-29 21:18:09,797 [grpc-default-executor-0] WARN  server.GrpcLogAppender (GrpcLogAppender.java:resetClient(137)) - 80a21d94-395d-4af9-8da1-801cc4a84331@group-974C3F79DE30->5e0b76c9-98d4-42e7-bc08-714bac9b3108-GrpcLogAppender: Failed to getClient for 5e0b76c9-98d4-42e7-bc08-714bac9b3108
org.apache.ratis.protocol.exceptions.AlreadyClosedException: 80a21d94-395d-4af9-8da1-801cc4a84331 is already CLOSED
	at org.apache.ratis.util.PeerProxyMap$PeerAndProxy.getProxy(PeerProxyMap.java:61)
	at org.apache.ratis.util.PeerProxyMap.getProxy(PeerProxyMap.java:115)
	at org.apache.ratis.grpc.server.GrpcLogAppender.getClient(GrpcLogAppender.java:116)
	at org.apache.ratis.grpc.server.GrpcLogAppender.resetClient(GrpcLogAppender.java:121)
	at org.apache.ratis.grpc.server.GrpcLogAppender.access$500(GrpcLogAppender.java:58)
	at org.apache.ratis.grpc.server.GrpcLogAppender$AppendLogResponseHandler.onCompleted(GrpcLogAppender.java:416)
	at org.apache.ratis.thirdparty.io.grpc.stub.ClientCalls$StreamObserverToCallListenerAdapter.onClose(ClientCalls.java:485)
	at org.apache.ratis.thirdparty.io.grpc.internal.ClientCallImpl.closeObserver(ClientCallImpl.java:562)
	at org.apache.ratis.thirdparty.io.grpc.internal.ClientCallImpl.access$300(ClientCallImpl.java:70)
	at org.apache.ratis.thirdparty.io.grpc.internal.ClientCallImpl$ClientStreamListenerImpl$1StreamClosed.runInternal(ClientCallImpl.java:743)
	at org.apache.ratis.thirdparty.io.grpc.internal.ClientCallImpl$ClientStreamListenerImpl$1StreamClosed.runInContext(ClientCallImpl.java:722)
	at org.apache.ratis.thirdparty.io.grpc.internal.ContextRunnable.run(ContextRunnable.java:37)
	at org.apache.ratis.thirdparty.io.grpc.internal.SerializingExecutor.run(SerializingExecutor.java:133)
	at java.util.concurrent.ThreadPoolExecutor.runWorker(ThreadPoolExecutor.java:1149)
	at java.util.concurrent.ThreadPoolExecutor$Worker.run(ThreadPoolExecutor.java:624)
	at java.lang.Thread.run(Thread.java:750)
2023-03-29 21:18:09,797 [grpc-default-executor-6] INFO  server.GrpcLogAppender (GrpcLogAppender.java:onCompleted(415)) - 80a21d94-395d-4af9-8da1-801cc4a84331@group-974C3F79DE30->5e0b76c9-98d4-42e7-bc08-714bac9b3108-AppendLogResponseHandler: follower responses appendEntries COMPLETED
2023-03-29 21:18:09,799 [grpc-default-executor-6] WARN  server.GrpcLogAppender (GrpcLogAppender.java:resetClient(137)) - 80a21d94-395d-4af9-8da1-801cc4a84331@group-974C3F79DE30->5e0b76c9-98d4-42e7-bc08-714bac9b3108-GrpcLogAppender: Failed to getClient for 5e0b76c9-98d4-42e7-bc08-714bac9b3108
org.apache.ratis.protocol.exceptions.AlreadyClosedException: 80a21d94-395d-4af9-8da1-801cc4a84331 is already CLOSED
	at org.apache.ratis.util.PeerProxyMap$PeerAndProxy.getProxy(PeerProxyMap.java:61)
	at org.apache.ratis.util.PeerProxyMap.getProxy(PeerProxyMap.java:115)
	at org.apache.ratis.grpc.server.GrpcLogAppender.getClient(GrpcLogAppender.java:116)
	at org.apache.ratis.grpc.server.GrpcLogAppender.resetClient(GrpcLogAppender.java:121)
	at org.apache.ratis.grpc.server.GrpcLogAppender.access$500(GrpcLogAppender.java:58)
	at org.apache.ratis.grpc.server.GrpcLogAppender$AppendLogResponseHandler.onCompleted(GrpcLogAppender.java:416)
	at org.apache.ratis.thirdparty.io.grpc.stub.ClientCalls$StreamObserverToCallListenerAdapter.onClose(ClientCalls.java:485)
	at org.apache.ratis.thirdparty.io.grpc.internal.DelayedClientCall$DelayedListener$3.run(DelayedClientCall.java:468)
	at org.apache.ratis.thirdparty.io.grpc.internal.DelayedClientCall$DelayedListener.delayOrExecute(DelayedClientCall.java:432)
	at org.apache.ratis.thirdparty.io.grpc.internal.DelayedClientCall$DelayedListener.onClose(DelayedClientCall.java:465)
	at org.apache.ratis.thirdparty.io.grpc.internal.ClientCallImpl.closeObserver(ClientCallImpl.java:562)
	at org.apache.ratis.thirdparty.io.grpc.internal.ClientCallImpl.access$300(ClientCallImpl.java:70)
	at org.apache.ratis.thirdparty.io.grpc.internal.ClientCallImpl$ClientStreamListenerImpl$1StreamClosed.runInternal(ClientCallImpl.java:743)
	at org.apache.ratis.thirdparty.io.grpc.internal.ClientCallImpl$ClientStreamListenerImpl$1StreamClosed.runInContext(ClientCallImpl.java:722)
	at org.apache.ratis.thirdparty.io.grpc.internal.ContextRunnable.run(ContextRunnable.java:37)
	at org.apache.ratis.thirdparty.io.grpc.internal.SerializingExecutor.run(SerializingExecutor.java:133)
	at java.util.concurrent.ThreadPoolExecutor.runWorker(ThreadPoolExecutor.java:1149)
	at java.util.concurrent.ThreadPoolExecutor$Worker.run(ThreadPoolExecutor.java:624)
	at java.lang.Thread.run(Thread.java:750)
2023-03-29 21:18:09,798 [80a21d94-395d-4af9-8da1-801cc4a84331-NettyServerStreamRpc-bossGroup--thread1] INFO  logging.LoggingHandler (AbstractInternalLogger.java:log(148)) - [id: 0xaebb6cb1, L:/0:0:0:0:0:0:0:0:46045] INACTIVE
2023-03-29 21:18:09,799 [80a21d94-395d-4af9-8da1-801cc4a84331-NettyServerStreamRpc-bossGroup--thread1] INFO  logging.LoggingHandler (AbstractInternalLogger.java:log(148)) - [id: 0xaebb6cb1, L:/0:0:0:0:0:0:0:0:46045] UNREGISTERED
2023-03-29 21:18:09,813 [80a21d94-395d-4af9-8da1-801cc4a84331@group-974C3F79DE30->eb720a23-75c3-467a-80ae-faa20a4fdf41-GrpcLogAppender-LogAppenderDaemon] ERROR leader.LogAppenderDaemon (LogAppenderDaemon.java:run(87)) - 80a21d94-395d-4af9-8da1-801cc4a84331@group-974C3F79DE30->eb720a23-75c3-467a-80ae-faa20a4fdf41-GrpcLogAppender-LogAppenderDaemon failed
java.lang.IllegalArgumentException: 80a21d94-395d-4af9-8da1-801cc4a84331@group-974C3F79DE30-SegmentedRaftLog is expected to be opened but it is CLOSED
	at org.apache.ratis.util.OpenCloseState.assertOpen(OpenCloseState.java:63)
	at org.apache.ratis.server.raftlog.RaftLogBase.checkLogState(RaftLogBase.java:111)
	at org.apache.ratis.server.raftlog.segmented.SegmentedRaftLog.getTermIndex(SegmentedRaftLog.java:323)
	at org.apache.ratis.server.leader.LogAppenderBase.getPrevious(LogAppenderBase.java:148)
	at org.apache.ratis.server.leader.LogAppenderBase.newAppendEntriesRequest(LogAppenderBase.java:168)
	at org.apache.ratis.grpc.server.GrpcLogAppender.appendLog(GrpcLogAppender.java:271)
	at org.apache.ratis.grpc.server.GrpcLogAppender.run(GrpcLogAppender.java:168)
	at org.apache.ratis.server.leader.LogAppenderDaemon.run(LogAppenderDaemon.java:78)
	at java.lang.Thread.run(Thread.java:750)
Caused by: org.apache.ratis.util.OpenCloseState$CloseTrace: Close 80a21d94-395d-4af9-8da1-801cc4a84331@group-974C3F79DE30-SegmentedRaftLog
	at org.apache.ratis.util.OpenCloseState.lambda$close$1(OpenCloseState.java:109)
	at java.util.concurrent.atomic.AtomicReference.getAndUpdate(AtomicReference.java:160)
	at org.apache.ratis.util.OpenCloseState.close(OpenCloseState.java:109)
	at org.apache.ratis.server.raftlog.RaftLogBase.close(RaftLogBase.java:365)
	at org.apache.ratis.server.raftlog.segmented.SegmentedRaftLog.close(SegmentedRaftLog.java:506)
	at org.apache.ratis.server.impl.ServerState.close(ServerState.java:468)
	at org.apache.ratis.server.impl.RaftServerImpl.lambda$close$4(RaftServerImpl.java:480)
	at org.apache.ratis.util.LifeCycle.lambda$checkStateAndClose$4(LifeCycle.java:299)
	at org.apache.ratis.util.LifeCycle.checkStateAndClose(LifeCycle.java:319)
	at org.apache.ratis.util.LifeCycle.checkStateAndClose(LifeCycle.java:297)
	at org.apache.ratis.server.impl.RaftServerImpl.close(RaftServerImpl.java:457)
	at org.apache.ratis.server.impl.RaftServerProxy$ImplMap.close(RaftServerProxy.java:132)
	at org.apache.ratis.server.impl.RaftServerProxy$ImplMap.lambda$close$0(RaftServerProxy.java:119)
	at org.apache.ratis.util.ConcurrentUtils.accept(ConcurrentUtils.java:173)
	at org.apache.ratis.util.ConcurrentUtils.lambda$null$3(ConcurrentUtils.java:165)
	at java.util.concurrent.ThreadPoolExecutor.runWorker(ThreadPoolExecutor.java:1149)
	at java.util.concurrent.ThreadPoolExecutor$Worker.run(ThreadPoolExecutor.java:624)
	... 1 more
2023-03-29 21:18:09,842 [JvmPauseMonitor13] INFO  util.JvmPauseMonitor (JvmPauseMonitor.java:run(111)) - JvmPauseMonitor-80a21d94-395d-4af9-8da1-801cc4a84331: Stopped
2023-03-29 21:18:11,252 [grpc-default-executor-0] WARN  server.GrpcLogAppender (LogUtils.java:warn(122)) - 5e0b76c9-98d4-42e7-bc08-714bac9b3108@group-C57F3046A27C->80a21d94-395d-4af9-8da1-801cc4a84331-AppendLogResponseHandler: Failed appendEntries: org.apache.ratis.thirdparty.io.grpc.StatusRuntimeException: UNAVAILABLE: io exception
2023-03-29 21:18:11,256 [grpc-default-executor-3] WARN  server.GrpcLogAppender (LogUtils.java:warn(122)) - 5e0b76c9-98d4-42e7-bc08-714bac9b3108@group-C57F3046A27C->eb720a23-75c3-467a-80ae-faa20a4fdf41-AppendLogResponseHandler: Failed appendEntries: org.apache.ratis.thirdparty.io.grpc.StatusRuntimeException: UNAVAILABLE: io exception
2023-03-29 21:18:11,257 [grpc-default-executor-6] WARN  server.GrpcLogAppender (LogUtils.java:warn(122)) - 5e0b76c9-98d4-42e7-bc08-714bac9b3108@group-C57F3046A27C->80a21d94-395d-4af9-8da1-801cc4a84331-AppendLogResponseHandler: Failed appendEntries: org.apache.ratis.thirdparty.io.grpc.StatusRuntimeException: UNAVAILABLE: io exception
2023-03-29 21:18:11,258 [grpc-default-executor-0] WARN  server.GrpcLogAppender (GrpcLogAppender.java:resetClient(131)) - 5e0b76c9-98d4-42e7-bc08-714bac9b3108@group-C57F3046A27C->80a21d94-395d-4af9-8da1-801cc4a84331-GrpcLogAppender: Leader has not got in touch with Follower 5e0b76c9-98d4-42e7-bc08-714bac9b3108@group-C57F3046A27C->80a21d94-395d-4af9-8da1-801cc4a84331(c0,m0,n1, attendVote=true, lastRpcSendTime=2552, lastRpcResponseTime=2512) yet, just keep nextIndex unchanged and retry.
2023-03-29 21:18:11,258 [grpc-default-executor-6] WARN  server.GrpcLogAppender (GrpcLogAppender.java:resetClient(131)) - 5e0b76c9-98d4-42e7-bc08-714bac9b3108@group-C57F3046A27C->80a21d94-395d-4af9-8da1-801cc4a84331-GrpcLogAppender: Leader has not got in touch with Follower 5e0b76c9-98d4-42e7-bc08-714bac9b3108@group-C57F3046A27C->80a21d94-395d-4af9-8da1-801cc4a84331(c0,m0,n1, attendVote=true, lastRpcSendTime=2553, lastRpcResponseTime=2512) yet, just keep nextIndex unchanged and retry.
2023-03-29 21:18:11,260 [grpc-default-executor-6] WARN  server.GrpcLogAppender (LogUtils.java:warn(122)) - 5e0b76c9-98d4-42e7-bc08-714bac9b3108@group-C57F3046A27C->eb720a23-75c3-467a-80ae-faa20a4fdf41-AppendLogResponseHandler: Failed appendEntries: org.apache.ratis.thirdparty.io.grpc.StatusRuntimeException: UNAVAILABLE: io exception
2023-03-29 21:18:11,261 [grpc-default-executor-3] WARN  server.GrpcLogAppender (GrpcLogAppender.java:resetClient(131)) - 5e0b76c9-98d4-42e7-bc08-714bac9b3108@group-C57F3046A27C->eb720a23-75c3-467a-80ae-faa20a4fdf41-GrpcLogAppender: Leader has not got in touch with Follower 5e0b76c9-98d4-42e7-bc08-714bac9b3108@group-C57F3046A27C->eb720a23-75c3-467a-80ae-faa20a4fdf41(c0,m0,n1, attendVote=true, lastRpcSendTime=2541, lastRpcResponseTime=2509) yet, just keep nextIndex unchanged and retry.
2023-03-29 21:18:11,262 [grpc-default-executor-6] WARN  server.GrpcLogAppender (GrpcLogAppender.java:resetClient(131)) - 5e0b76c9-98d4-42e7-bc08-714bac9b3108@group-C57F3046A27C->eb720a23-75c3-467a-80ae-faa20a4fdf41-GrpcLogAppender: Leader has not got in touch with Follower 5e0b76c9-98d4-42e7-bc08-714bac9b3108@group-C57F3046A27C->eb720a23-75c3-467a-80ae-faa20a4fdf41(c0,m0,n1, attendVote=true, lastRpcSendTime=2541, lastRpcResponseTime=2510) yet, just keep nextIndex unchanged and retry.
2023-03-29 21:18:11,262 [grpc-default-executor-6] WARN  server.GrpcLogAppender (LogUtils.java:warn(122)) - 5e0b76c9-98d4-42e7-bc08-714bac9b3108@group-C57F3046A27C->eb720a23-75c3-467a-80ae-faa20a4fdf41-AppendLogResponseHandler: Failed appendEntries: org.apache.ratis.thirdparty.io.grpc.StatusRuntimeException: UNAVAILABLE: io exception
2023-03-29 21:18:11,263 [grpc-default-executor-0] WARN  server.GrpcLogAppender (LogUtils.java:warn(122)) - 5e0b76c9-98d4-42e7-bc08-714bac9b3108@group-C57F3046A27C->eb720a23-75c3-467a-80ae-faa20a4fdf41-AppendLogResponseHandler: Failed appendEntries: org.apache.ratis.thirdparty.io.grpc.StatusRuntimeException: UNAVAILABLE: io exception
2023-03-29 21:18:11,264 [grpc-default-executor-6] WARN  server.GrpcLogAppender (GrpcLogAppender.java:resetClient(131)) - 5e0b76c9-98d4-42e7-bc08-714bac9b3108@group-C57F3046A27C->eb720a23-75c3-467a-80ae-faa20a4fdf41-GrpcLogAppender: Leader has not got in touch with Follower 5e0b76c9-98d4-42e7-bc08-714bac9b3108@group-C57F3046A27C->eb720a23-75c3-467a-80ae-faa20a4fdf41(c0,m0,n1, attendVote=true, lastRpcSendTime=2543, lastRpcResponseTime=2512) yet, just keep nextIndex unchanged and retry.
2023-03-29 21:18:11,264 [grpc-default-executor-0] WARN  server.GrpcLogAppender (GrpcLogAppender.java:resetClient(131)) - 5e0b76c9-98d4-42e7-bc08-714bac9b3108@group-C57F3046A27C->eb720a23-75c3-467a-80ae-faa20a4fdf41-GrpcLogAppender: Leader has not got in touch with Follower 5e0b76c9-98d4-42e7-bc08-714bac9b3108@group-C57F3046A27C->eb720a23-75c3-467a-80ae-faa20a4fdf41(c0,m0,n1, attendVote=true, lastRpcSendTime=2544, lastRpcResponseTime=2512) yet, just keep nextIndex unchanged and retry.
2023-03-29 21:18:11,265 [grpc-default-executor-3] WARN  server.GrpcLogAppender (LogUtils.java:warn(122)) - 5e0b76c9-98d4-42e7-bc08-714bac9b3108@group-C57F3046A27C->80a21d94-395d-4af9-8da1-801cc4a84331-AppendLogResponseHandler: Failed appendEntries: org.apache.ratis.thirdparty.io.grpc.StatusRuntimeException: UNAVAILABLE: io exception
2023-03-29 21:18:11,265 [grpc-default-executor-6] WARN  server.GrpcLogAppender (LogUtils.java:warn(122)) - 5e0b76c9-98d4-42e7-bc08-714bac9b3108@group-C57F3046A27C->80a21d94-395d-4af9-8da1-801cc4a84331-AppendLogResponseHandler: Failed appendEntries: org.apache.ratis.thirdparty.io.grpc.StatusRuntimeException: UNAVAILABLE: io exception
2023-03-29 21:18:11,270 [grpc-default-executor-1] WARN  server.GrpcLogAppender (LogUtils.java:warn(122)) - 5e0b76c9-98d4-42e7-bc08-714bac9b3108@group-C57F3046A27C->eb720a23-75c3-467a-80ae-faa20a4fdf41-AppendLogResponseHandler: Failed appendEntries: org.apache.ratis.thirdparty.io.grpc.StatusRuntimeException: UNAVAILABLE: io exception
2023-03-29 21:18:11,271 [grpc-default-executor-1] WARN  server.GrpcLogAppender (GrpcLogAppender.java:resetClient(131)) - 5e0b76c9-98d4-42e7-bc08-714bac9b3108@group-C57F3046A27C->eb720a23-75c3-467a-80ae-faa20a4fdf41-GrpcLogAppender: Leader has not got in touch with Follower 5e0b76c9-98d4-42e7-bc08-714bac9b3108@group-C57F3046A27C->eb720a23-75c3-467a-80ae-faa20a4fdf41(c0,m0,n1, attendVote=true, lastRpcSendTime=6, lastRpcResponseTime=2519) yet, just keep nextIndex unchanged and retry.
2023-03-29 21:18:11,273 [grpc-default-executor-3] WARN  server.GrpcLogAppender (GrpcLogAppender.java:resetClient(131)) - 5e0b76c9-98d4-42e7-bc08-714bac9b3108@group-C57F3046A27C->80a21d94-395d-4af9-8da1-801cc4a84331-GrpcLogAppender: Leader has not got in touch with Follower 5e0b76c9-98d4-42e7-bc08-714bac9b3108@group-C57F3046A27C->80a21d94-395d-4af9-8da1-801cc4a84331(c0,m0,n1, attendVote=true, lastRpcSendTime=2, lastRpcResponseTime=2527) yet, just keep nextIndex unchanged and retry.
2023-03-29 21:18:11,274 [grpc-default-executor-6] WARN  server.GrpcLogAppender (GrpcLogAppender.java:resetClient(131)) - 5e0b76c9-98d4-42e7-bc08-714bac9b3108@group-C57F3046A27C->80a21d94-395d-4af9-8da1-801cc4a84331-GrpcLogAppender: Leader has not got in touch with Follower 5e0b76c9-98d4-42e7-bc08-714bac9b3108@group-C57F3046A27C->80a21d94-395d-4af9-8da1-801cc4a84331(c0,m0,n1, attendVote=true, lastRpcSendTime=3, lastRpcResponseTime=2528) yet, just keep nextIndex unchanged and retry.
2023-03-29 21:18:11,274 [grpc-default-executor-6] WARN  server.GrpcLogAppender (LogUtils.java:warn(122)) - 5e0b76c9-98d4-42e7-bc08-714bac9b3108@group-C57F3046A27C->eb720a23-75c3-467a-80ae-faa20a4fdf41-AppendLogResponseHandler: Failed appendEntries: org.apache.ratis.thirdparty.io.grpc.StatusRuntimeException: UNAVAILABLE: io exception
2023-03-29 21:18:11,275 [grpc-default-executor-6] WARN  server.GrpcLogAppender (GrpcLogAppender.java:resetClient(131)) - 5e0b76c9-98d4-42e7-bc08-714bac9b3108@group-C57F3046A27C->eb720a23-75c3-467a-80ae-faa20a4fdf41-GrpcLogAppender: Leader has not got in touch with Follower 5e0b76c9-98d4-42e7-bc08-714bac9b3108@group-C57F3046A27C->eb720a23-75c3-467a-80ae-faa20a4fdf41(c0,m0,n1, attendVote=true, lastRpcSendTime=10, lastRpcResponseTime=2523) yet, just keep nextIndex unchanged and retry.
2023-03-29 21:18:11,798 [Listener at 127.0.0.1/41565] INFO  volume.HddsVolume (HddsVolume.java:closeDbStore(437)) - SchemaV3 db is stopped at /home/runner/work/ozone/ozone/hadoop-ozone/integration-test/target/test-dir/MiniOzoneClusterImpl-629b745a-ec3f-4e94-8d3b-29fcb714514f/datanode-1/data-0/containers/hdds/629b745a-ec3f-4e94-8d3b-29fcb714514f/DS-16b05177-c4fd-4fb1-9eee-369cd340470b/container.db for volume DS-16b05177-c4fd-4fb1-9eee-369cd340470b
2023-03-29 21:18:11,798 [Listener at 127.0.0.1/41565] INFO  utils.BackgroundService (BackgroundService.java:shutdown(141)) - Shutting down service BlockDeletingService
2023-03-29 21:18:11,798 [Listener at 127.0.0.1/41565] INFO  utils.BackgroundService (BackgroundService.java:shutdown(141)) - Shutting down service StaleRecoveringContainerScrubbingService
2023-03-29 21:18:11,802 [Listener at 127.0.0.1/41565] INFO  statemachine.DatanodeStateMachine (DatanodeStateMachine.java:stopDaemon(601)) - Ozone container server stopped.
2023-03-29 21:18:11,811 [Listener at 127.0.0.1/41565] INFO  handler.ContextHandler (ContextHandler.java:doStop(1159)) - Stopped o.e.j.w.WebAppContext@77de03a3{hddsDatanode,/,null,STOPPED}{jar:file:/home/runner/.m2/repository/org/apache/ozone/hdds-container-service/1.4.0-SNAPSHOT/hdds-container-service-1.4.0-SNAPSHOT.jar!/webapps/hddsDatanode}
2023-03-29 21:18:11,811 [Listener at 127.0.0.1/41565] INFO  server.AbstractConnector (AbstractConnector.java:doStop(383)) - Stopped ServerConnector@66e10344{HTTP/1.1, (http/1.1)}{0.0.0.0:0}
2023-03-29 21:18:11,811 [Listener at 127.0.0.1/41565] INFO  server.session (HouseKeeper.java:stopScavenging(149)) - node0 Stopped scavenging
2023-03-29 21:18:11,812 [Listener at 127.0.0.1/41565] INFO  handler.ContextHandler (ContextHandler.java:doStop(1159)) - Stopped o.e.j.s.ServletContextHandler@22eb1d75{static,/static,jar:file:/home/runner/.m2/repository/org/apache/ozone/hdds-container-service/1.4.0-SNAPSHOT/hdds-container-service-1.4.0-SNAPSHOT.jar!/webapps/static,STOPPED}
2023-03-29 21:18:11,812 [Listener at 127.0.0.1/41565] INFO  handler.ContextHandler (ContextHandler.java:doStop(1159)) - Stopped o.e.j.s.ServletContextHandler@31575b06{logs,/logs,file:///home/runner/work/ozone/ozone/hadoop-ozone/integration-test/target/log,STOPPED}
2023-03-29 21:18:11,817 [Listener at 127.0.0.1/41565] INFO  ozoneimpl.OzoneContainer (OzoneContainer.java:stop(419)) - Attempting to stop container services.
2023-03-29 21:18:11,820 [Listener at 127.0.0.1/41565] INFO  server.RaftServer (RaftServerProxy.java:lambda$close$6(409)) - 5e0b76c9-98d4-42e7-bc08-714bac9b3108: close
2023-03-29 21:18:11,820 [5e0b76c9-98d4-42e7-bc08-714bac9b3108-impl-thread1] INFO  server.RaftServer$Division (RaftServerImpl.java:lambda$close$4(458)) - 5e0b76c9-98d4-42e7-bc08-714bac9b3108@group-C57F3046A27C: shutdown
2023-03-29 21:18:11,820 [5e0b76c9-98d4-42e7-bc08-714bac9b3108-impl-thread1] INFO  util.JmxRegister (JmxRegister.java:unregister(73)) - Successfully un-registered JMX Bean with object name Ratis:service=RaftServer,group=group-C57F3046A27C,id=5e0b76c9-98d4-42e7-bc08-714bac9b3108
2023-03-29 21:18:11,820 [5e0b76c9-98d4-42e7-bc08-714bac9b3108-impl-thread1] INFO  impl.RoleInfo (RoleInfo.java:shutdownLeaderState(93)) - 5e0b76c9-98d4-42e7-bc08-714bac9b3108: shutdown 5e0b76c9-98d4-42e7-bc08-714bac9b3108@group-C57F3046A27C-LeaderStateImpl
2023-03-29 21:18:11,820 [5e0b76c9-98d4-42e7-bc08-714bac9b3108-impl-thread1] INFO  impl.PendingRequests (PendingRequests.java:sendNotLeaderResponses(282)) - 5e0b76c9-98d4-42e7-bc08-714bac9b3108@group-C57F3046A27C-PendingRequests: sendNotLeaderResponses
2023-03-29 21:18:11,821 [5e0b76c9-98d4-42e7-bc08-714bac9b3108-impl-thread1] INFO  impl.StateMachineUpdater (StateMachineUpdater.java:stopAndJoin(153)) - 5e0b76c9-98d4-42e7-bc08-714bac9b3108@group-C57F3046A27C-StateMachineUpdater: set stopIndex = 0
2023-03-29 21:18:11,821 [5e0b76c9-98d4-42e7-bc08-714bac9b3108@group-C57F3046A27C-StateMachineUpdater] INFO  ratis.ContainerStateMachine (ContainerStateMachine.java:takeSnapshot(330)) - group-C57F3046A27C: Taking a snapshot at:(t:1, i:0) file /home/runner/work/ozone/ozone/hadoop-ozone/integration-test/target/test-dir/MiniOzoneClusterImpl-629b745a-ec3f-4e94-8d3b-29fcb714514f/datanode-2/data/ratis/af17ef5a-aa36-48ba-8e23-c57f3046a27c/sm/snapshot.1_0
2023-03-29 21:18:11,822 [5e0b76c9-98d4-42e7-bc08-714bac9b3108@group-C57F3046A27C-StateMachineUpdater] INFO  ratis.ContainerStateMachine (ContainerStateMachine.java:takeSnapshot(341)) - group-C57F3046A27C: Finished taking a snapshot at:(t:1, i:0) file:/home/runner/work/ozone/ozone/hadoop-ozone/integration-test/target/test-dir/MiniOzoneClusterImpl-629b745a-ec3f-4e94-8d3b-29fcb714514f/datanode-2/data/ratis/af17ef5a-aa36-48ba-8e23-c57f3046a27c/sm/snapshot.1_0 took: 1 ms
2023-03-29 21:18:11,822 [5e0b76c9-98d4-42e7-bc08-714bac9b3108@group-C57F3046A27C-StateMachineUpdater] INFO  impl.StateMachineUpdater (StateMachineUpdater.java:takeSnapshot(287)) - 5e0b76c9-98d4-42e7-bc08-714bac9b3108@group-C57F3046A27C-StateMachineUpdater: Took a snapshot at index 0
2023-03-29 21:18:11,822 [5e0b76c9-98d4-42e7-bc08-714bac9b3108@group-C57F3046A27C-StateMachineUpdater] INFO  impl.StateMachineUpdater (StateMachineUpdater.java:lambda$new$0(92)) - 5e0b76c9-98d4-42e7-bc08-714bac9b3108@group-C57F3046A27C-StateMachineUpdater: snapshotIndex: updateIncreasingly -1 -> 0
2023-03-29 21:18:11,823 [5e0b76c9-98d4-42e7-bc08-714bac9b3108-impl-thread1] INFO  server.RaftServer$Division (ServerState.java:close(466)) - 5e0b76c9-98d4-42e7-bc08-714bac9b3108@group-C57F3046A27C: closes. applyIndex: 0
2023-03-29 21:18:11,823 [5e0b76c9-98d4-42e7-bc08-714bac9b3108@group-C57F3046A27C-SegmentedRaftLogWorker] INFO  segmented.SegmentedRaftLogWorker (SegmentedRaftLogWorker.java:run(347)) - 5e0b76c9-98d4-42e7-bc08-714bac9b3108@group-C57F3046A27C-SegmentedRaftLogWorker was interrupted, exiting. There are 0 tasks remaining in the queue.
2023-03-29 21:18:11,823 [5e0b76c9-98d4-42e7-bc08-714bac9b3108-impl-thread1] INFO  segmented.SegmentedRaftLogWorker (SegmentedRaftLogWorker.java:close(257)) - 5e0b76c9-98d4-42e7-bc08-714bac9b3108@group-C57F3046A27C-SegmentedRaftLogWorker close()
2023-03-29 21:18:11,825 [5e0b76c9-98d4-42e7-bc08-714bac9b3108-impl-thread1] INFO  server.RaftServer$Division (RaftServerImpl.java:lambda$close$4(458)) - 5e0b76c9-98d4-42e7-bc08-714bac9b3108@group-E388923868E8: shutdown
2023-03-29 21:18:11,825 [5e0b76c9-98d4-42e7-bc08-714bac9b3108-impl-thread1] INFO  util.JmxRegister (JmxRegister.java:unregister(73)) - Successfully un-registered JMX Bean with object name Ratis:service=RaftServer,group=group-E388923868E8,id=5e0b76c9-98d4-42e7-bc08-714bac9b3108
2023-03-29 21:18:11,825 [5e0b76c9-98d4-42e7-bc08-714bac9b3108-impl-thread1] INFO  impl.RoleInfo (RoleInfo.java:shutdownLeaderState(93)) - 5e0b76c9-98d4-42e7-bc08-714bac9b3108: shutdown 5e0b76c9-98d4-42e7-bc08-714bac9b3108@group-E388923868E8-LeaderStateImpl
2023-03-29 21:18:11,825 [5e0b76c9-98d4-42e7-bc08-714bac9b3108-impl-thread1] INFO  impl.PendingRequests (PendingRequests.java:sendNotLeaderResponses(282)) - 5e0b76c9-98d4-42e7-bc08-714bac9b3108@group-E388923868E8-PendingRequests: sendNotLeaderResponses
2023-03-29 21:18:11,825 [5e0b76c9-98d4-42e7-bc08-714bac9b3108-impl-thread1] INFO  impl.StateMachineUpdater (StateMachineUpdater.java:stopAndJoin(153)) - 5e0b76c9-98d4-42e7-bc08-714bac9b3108@group-E388923868E8-StateMachineUpdater: set stopIndex = 0
2023-03-29 21:18:11,826 [5e0b76c9-98d4-42e7-bc08-714bac9b3108@group-E388923868E8-StateMachineUpdater] INFO  ratis.ContainerStateMachine (ContainerStateMachine.java:takeSnapshot(330)) - group-E388923868E8: Taking a snapshot at:(t:1, i:0) file /home/runner/work/ozone/ozone/hadoop-ozone/integration-test/target/test-dir/MiniOzoneClusterImpl-629b745a-ec3f-4e94-8d3b-29fcb714514f/datanode-2/data/ratis/62963792-5f57-4f6e-9f1f-e388923868e8/sm/snapshot.1_0
2023-03-29 21:18:11,826 [Listener at 127.0.0.1/41565] INFO  server.GrpcService (GrpcService.java:closeImpl(271)) - 5e0b76c9-98d4-42e7-bc08-714bac9b3108: shutdown server GrpcServerProtocolService now
2023-03-29 21:18:11,826 [5e0b76c9-98d4-42e7-bc08-714bac9b3108@group-E388923868E8-StateMachineUpdater] INFO  ratis.ContainerStateMachine (ContainerStateMachine.java:takeSnapshot(341)) - group-E388923868E8: Finished taking a snapshot at:(t:1, i:0) file:/home/runner/work/ozone/ozone/hadoop-ozone/integration-test/target/test-dir/MiniOzoneClusterImpl-629b745a-ec3f-4e94-8d3b-29fcb714514f/datanode-2/data/ratis/62963792-5f57-4f6e-9f1f-e388923868e8/sm/snapshot.1_0 took: 1 ms
2023-03-29 21:18:11,827 [5e0b76c9-98d4-42e7-bc08-714bac9b3108@group-E388923868E8-StateMachineUpdater] INFO  impl.StateMachineUpdater (StateMachineUpdater.java:takeSnapshot(287)) - 5e0b76c9-98d4-42e7-bc08-714bac9b3108@group-E388923868E8-StateMachineUpdater: Took a snapshot at index 0
2023-03-29 21:18:11,827 [5e0b76c9-98d4-42e7-bc08-714bac9b3108@group-E388923868E8-StateMachineUpdater] INFO  impl.StateMachineUpdater (StateMachineUpdater.java:lambda$new$0(92)) - 5e0b76c9-98d4-42e7-bc08-714bac9b3108@group-E388923868E8-StateMachineUpdater: snapshotIndex: updateIncreasingly -1 -> 0
2023-03-29 21:18:11,828 [5e0b76c9-98d4-42e7-bc08-714bac9b3108-impl-thread1] INFO  server.RaftServer$Division (ServerState.java:close(466)) - 5e0b76c9-98d4-42e7-bc08-714bac9b3108@group-E388923868E8: closes. applyIndex: 0
2023-03-29 21:18:11,828 [Listener at 127.0.0.1/41565] INFO  server.GrpcServerProtocolClient (GrpcServerProtocolClient.java:close(101)) - 80a21d94-395d-4af9-8da1-801cc4a84331 Close channels
2023-03-29 21:18:11,829 [5e0b76c9-98d4-42e7-bc08-714bac9b3108-impl-thread2] INFO  server.RaftServer$Division (RaftServerImpl.java:lambda$close$4(458)) - 5e0b76c9-98d4-42e7-bc08-714bac9b3108@group-974C3F79DE30: shutdown
2023-03-29 21:18:11,829 [5e0b76c9-98d4-42e7-bc08-714bac9b3108-impl-thread2] INFO  util.JmxRegister (JmxRegister.java:unregister(73)) - Successfully un-registered JMX Bean with object name Ratis:service=RaftServer,group=group-974C3F79DE30,id=5e0b76c9-98d4-42e7-bc08-714bac9b3108
2023-03-29 21:18:11,829 [5e0b76c9-98d4-42e7-bc08-714bac9b3108-impl-thread2] INFO  impl.RoleInfo (RoleInfo.java:shutdownFollowerState(110)) - 5e0b76c9-98d4-42e7-bc08-714bac9b3108: shutdown 5e0b76c9-98d4-42e7-bc08-714bac9b3108@group-974C3F79DE30-FollowerState
2023-03-29 21:18:11,829 [Listener at 127.0.0.1/41565] INFO  server.GrpcServerProtocolClient (GrpcServerProtocolClient.java:close(101)) - eb720a23-75c3-467a-80ae-faa20a4fdf41 Close channels
2023-03-29 21:18:11,829 [Listener at 127.0.0.1/41565] INFO  server.GrpcService (GrpcService.java:closeImpl(280)) - 5e0b76c9-98d4-42e7-bc08-714bac9b3108: shutdown server GrpcServerProtocolService successfully
2023-03-29 21:18:11,829 [5e0b76c9-98d4-42e7-bc08-714bac9b3108-NettyServerStreamRpc-bossGroup--thread1] INFO  logging.LoggingHandler (AbstractInternalLogger.java:log(148)) - [id: 0x13da98af, L:/0:0:0:0:0:0:0:0:39049] CLOSE
2023-03-29 21:18:11,830 [5e0b76c9-98d4-42e7-bc08-714bac9b3108-NettyServerStreamRpc-bossGroup--thread1] INFO  logging.LoggingHandler (AbstractInternalLogger.java:log(148)) - [id: 0x13da98af, L:/0:0:0:0:0:0:0:0:39049] INACTIVE
2023-03-29 21:18:11,830 [5e0b76c9-98d4-42e7-bc08-714bac9b3108-NettyServerStreamRpc-bossGroup--thread1] INFO  logging.LoggingHandler (AbstractInternalLogger.java:log(148)) - [id: 0x13da98af, L:/0:0:0:0:0:0:0:0:39049] UNREGISTERED
2023-03-29 21:18:11,846 [5e0b76c9-98d4-42e7-bc08-714bac9b3108-impl-thread2] INFO  impl.StateMachineUpdater (StateMachineUpdater.java:stopAndJoin(153)) - 5e0b76c9-98d4-42e7-bc08-714bac9b3108@group-974C3F79DE30-StateMachineUpdater: set stopIndex = 0
2023-03-29 21:18:11,846 [5e0b76c9-98d4-42e7-bc08-714bac9b3108@group-974C3F79DE30-FollowerState] INFO  impl.FollowerState (FollowerState.java:run(152)) - 5e0b76c9-98d4-42e7-bc08-714bac9b3108@group-974C3F79DE30-FollowerState was interrupted
2023-03-29 21:18:11,846 [5e0b76c9-98d4-42e7-bc08-714bac9b3108@group-E388923868E8-SegmentedRaftLogWorker] INFO  segmented.SegmentedRaftLogWorker (SegmentedRaftLogWorker.java:run(347)) - 5e0b76c9-98d4-42e7-bc08-714bac9b3108@group-E388923868E8-SegmentedRaftLogWorker was interrupted, exiting. There are 0 tasks remaining in the queue.
2023-03-29 21:18:11,846 [5e0b76c9-98d4-42e7-bc08-714bac9b3108@group-974C3F79DE30-StateMachineUpdater] INFO  ratis.ContainerStateMachine (ContainerStateMachine.java:takeSnapshot(330)) - group-974C3F79DE30: Taking a snapshot at:(t:1, i:0) file /home/runner/work/ozone/ozone/hadoop-ozone/integration-test/target/test-dir/MiniOzoneClusterImpl-629b745a-ec3f-4e94-8d3b-29fcb714514f/datanode-2/data/ratis/9612bb3d-5681-41f7-acd0-974c3f79de30/sm/snapshot.1_0
2023-03-29 21:18:11,848 [5e0b76c9-98d4-42e7-bc08-714bac9b3108@group-974C3F79DE30-StateMachineUpdater] INFO  ratis.ContainerStateMachine (ContainerStateMachine.java:takeSnapshot(341)) - group-974C3F79DE30: Finished taking a snapshot at:(t:1, i:0) file:/home/runner/work/ozone/ozone/hadoop-ozone/integration-test/target/test-dir/MiniOzoneClusterImpl-629b745a-ec3f-4e94-8d3b-29fcb714514f/datanode-2/data/ratis/9612bb3d-5681-41f7-acd0-974c3f79de30/sm/snapshot.1_0 took: 1 ms
2023-03-29 21:18:11,848 [5e0b76c9-98d4-42e7-bc08-714bac9b3108@group-974C3F79DE30-StateMachineUpdater] INFO  impl.StateMachineUpdater (StateMachineUpdater.java:takeSnapshot(287)) - 5e0b76c9-98d4-42e7-bc08-714bac9b3108@group-974C3F79DE30-StateMachineUpdater: Took a snapshot at index 0
2023-03-29 21:18:11,848 [5e0b76c9-98d4-42e7-bc08-714bac9b3108@group-974C3F79DE30-StateMachineUpdater] INFO  impl.StateMachineUpdater (StateMachineUpdater.java:lambda$new$0(92)) - 5e0b76c9-98d4-42e7-bc08-714bac9b3108@group-974C3F79DE30-StateMachineUpdater: snapshotIndex: updateIncreasingly -1 -> 0
2023-03-29 21:18:11,849 [5e0b76c9-98d4-42e7-bc08-714bac9b3108-impl-thread1] INFO  segmented.SegmentedRaftLogWorker (SegmentedRaftLogWorker.java:close(257)) - 5e0b76c9-98d4-42e7-bc08-714bac9b3108@group-E388923868E8-SegmentedRaftLogWorker close()
2023-03-29 21:18:11,851 [5e0b76c9-98d4-42e7-bc08-714bac9b3108-impl-thread2] INFO  server.RaftServer$Division (ServerState.java:close(466)) - 5e0b76c9-98d4-42e7-bc08-714bac9b3108@group-974C3F79DE30: closes. applyIndex: 0
2023-03-29 21:18:11,851 [5e0b76c9-98d4-42e7-bc08-714bac9b3108@group-974C3F79DE30-SegmentedRaftLogWorker] INFO  segmented.SegmentedRaftLogWorker (SegmentedRaftLogWorker.java:run(347)) - 5e0b76c9-98d4-42e7-bc08-714bac9b3108@group-974C3F79DE30-SegmentedRaftLogWorker was interrupted, exiting. There are 0 tasks remaining in the queue.
2023-03-29 21:18:11,853 [5e0b76c9-98d4-42e7-bc08-714bac9b3108-impl-thread2] INFO  segmented.SegmentedRaftLogWorker (SegmentedRaftLogWorker.java:close(257)) - 5e0b76c9-98d4-42e7-bc08-714bac9b3108@group-974C3F79DE30-SegmentedRaftLogWorker close()
2023-03-29 21:18:11,853 [JvmPauseMonitor15] INFO  util.JvmPauseMonitor (JvmPauseMonitor.java:run(111)) - JvmPauseMonitor-5e0b76c9-98d4-42e7-bc08-714bac9b3108: Stopped
2023-03-29 21:18:11,891 [ForkJoinPool.commonPool-worker-1] INFO  volume.HddsVolume (HddsVolume.java:closeDbStore(437)) - SchemaV3 db is stopped at /home/runner/work/ozone/ozone/hadoop-ozone/integration-test/target/test-dir/MiniOzoneClusterImpl-629b745a-ec3f-4e94-8d3b-29fcb714514f/datanode-0/data-0/containers/hdds/629b745a-ec3f-4e94-8d3b-29fcb714514f/DS-dfdfe06f-5c76-4e30-8c21-927e8875cbd7/container.db for volume DS-dfdfe06f-5c76-4e30-8c21-927e8875cbd7
2023-03-29 21:18:11,891 [ForkJoinPool.commonPool-worker-1] INFO  utils.BackgroundService (BackgroundService.java:shutdown(141)) - Shutting down service BlockDeletingService
2023-03-29 21:18:11,891 [ForkJoinPool.commonPool-worker-1] INFO  utils.BackgroundService (BackgroundService.java:shutdown(141)) - Shutting down service StaleRecoveringContainerScrubbingService
2023-03-29 21:18:11,894 [ForkJoinPool.commonPool-worker-1] INFO  statemachine.DatanodeStateMachine (DatanodeStateMachine.java:stopDaemon(601)) - Ozone container server stopped.
2023-03-29 21:18:11,904 [ForkJoinPool.commonPool-worker-1] INFO  handler.ContextHandler (ContextHandler.java:doStop(1159)) - Stopped o.e.j.w.WebAppContext@35b2e145{hddsDatanode,/,null,STOPPED}{jar:file:/home/runner/.m2/repository/org/apache/ozone/hdds-container-service/1.4.0-SNAPSHOT/hdds-container-service-1.4.0-SNAPSHOT.jar!/webapps/hddsDatanode}
2023-03-29 21:18:11,906 [ForkJoinPool.commonPool-worker-1] INFO  server.AbstractConnector (AbstractConnector.java:doStop(383)) - Stopped ServerConnector@619cec1d{HTTP/1.1, (http/1.1)}{0.0.0.0:0}
2023-03-29 21:18:11,906 [ForkJoinPool.commonPool-worker-1] INFO  server.session (HouseKeeper.java:stopScavenging(149)) - node0 Stopped scavenging
2023-03-29 21:18:11,906 [ForkJoinPool.commonPool-worker-1] INFO  handler.ContextHandler (ContextHandler.java:doStop(1159)) - Stopped o.e.j.s.ServletContextHandler@5216c093{static,/static,jar:file:/home/runner/.m2/repository/org/apache/ozone/hdds-container-service/1.4.0-SNAPSHOT/hdds-container-service-1.4.0-SNAPSHOT.jar!/webapps/static,STOPPED}
2023-03-29 21:18:11,907 [ForkJoinPool.commonPool-worker-1] INFO  handler.ContextHandler (ContextHandler.java:doStop(1159)) - Stopped o.e.j.s.ServletContextHandler@493b5328{logs,/logs,file:///home/runner/work/ozone/ozone/hadoop-ozone/integration-test/target/log,STOPPED}
2023-03-29 21:18:13,857 [Listener at 127.0.0.1/41565] INFO  volume.HddsVolume (HddsVolume.java:closeDbStore(437)) - SchemaV3 db is stopped at /home/runner/work/ozone/ozone/hadoop-ozone/integration-test/target/test-dir/MiniOzoneClusterImpl-629b745a-ec3f-4e94-8d3b-29fcb714514f/datanode-2/data-0/containers/hdds/629b745a-ec3f-4e94-8d3b-29fcb714514f/DS-47e52894-c66c-48e9-be4b-324127f66956/container.db for volume DS-47e52894-c66c-48e9-be4b-324127f66956
2023-03-29 21:18:13,857 [Listener at 127.0.0.1/41565] INFO  utils.BackgroundService (BackgroundService.java:shutdown(141)) - Shutting down service BlockDeletingService
2023-03-29 21:18:13,857 [Listener at 127.0.0.1/41565] INFO  utils.BackgroundService (BackgroundService.java:shutdown(141)) - Shutting down service StaleRecoveringContainerScrubbingService
2023-03-29 21:18:13,861 [Listener at 127.0.0.1/41565] INFO  statemachine.DatanodeStateMachine (DatanodeStateMachine.java:stopDaemon(601)) - Ozone container server stopped.
2023-03-29 21:18:13,869 [Listener at 127.0.0.1/41565] INFO  handler.ContextHandler (ContextHandler.java:doStop(1159)) - Stopped o.e.j.w.WebAppContext@107427bf{hddsDatanode,/,null,STOPPED}{jar:file:/home/runner/.m2/repository/org/apache/ozone/hdds-container-service/1.4.0-SNAPSHOT/hdds-container-service-1.4.0-SNAPSHOT.jar!/webapps/hddsDatanode}
2023-03-29 21:18:13,870 [Listener at 127.0.0.1/41565] INFO  server.AbstractConnector (AbstractConnector.java:doStop(383)) - Stopped ServerConnector@4f6c4793{HTTP/1.1, (http/1.1)}{0.0.0.0:0}
2023-03-29 21:18:13,870 [Listener at 127.0.0.1/41565] INFO  server.session (HouseKeeper.java:stopScavenging(149)) - node0 Stopped scavenging
2023-03-29 21:18:13,872 [Listener at 127.0.0.1/41565] INFO  handler.ContextHandler (ContextHandler.java:doStop(1159)) - Stopped o.e.j.s.ServletContextHandler@31e20472{static,/static,jar:file:/home/runner/.m2/repository/org/apache/ozone/hdds-container-service/1.4.0-SNAPSHOT/hdds-container-service-1.4.0-SNAPSHOT.jar!/webapps/static,STOPPED}
2023-03-29 21:18:13,873 [Listener at 127.0.0.1/41565] INFO  handler.ContextHandler (ContextHandler.java:doStop(1159)) - Stopped o.e.j.s.ServletContextHandler@97ef9de{logs,/logs,file:///home/runner/work/ozone/ozone/hadoop-ozone/integration-test/target/log,STOPPED}
2023-03-29 21:18:13,874 [Listener at 127.0.0.1/41565] INFO  ozone.MiniOzoneClusterImpl (MiniOzoneClusterImpl.java:stopSCM(545)) - Stopping the StorageContainerManager
2023-03-29 21:18:13,874 [Listener at 127.0.0.1/41565] INFO  server.StorageContainerManager (StorageContainerManager.java:stop(1546)) - Container Balancer is not running.
2023-03-29 21:18:13,874 [Listener at 127.0.0.1/41565] INFO  server.StorageContainerManager (StorageContainerManager.java:stopReplicationManager(1660)) - Stopping Replication Manager Service.
2023-03-29 21:18:13,874 [Listener at 127.0.0.1/41565] INFO  replication.ReplicationManager (ReplicationManager.java:stop(310)) - Stopping Replication Monitor Thread.
2023-03-29 21:18:13,874 [Under Replicated Processor] WARN  replication.UnhealthyReplicationProcessor (UnhealthyReplicationProcessor.java:run(146)) - Under Replicated Processor interrupted. Exiting...
2023-03-29 21:18:13,874 [ReplicationMonitor] INFO  replication.ReplicationManager (ReplicationManager.java:run(880)) - Replication Monitor Thread is stopped
2023-03-29 21:18:13,874 [Over Replicated Processor] WARN  replication.UnhealthyReplicationProcessor (UnhealthyReplicationProcessor.java:run(146)) - Over Replicated Processor interrupted. Exiting...
2023-03-29 21:18:13,874 [Listener at 127.0.0.1/41565] INFO  server.StorageContainerManager (StorageContainerManager.java:stop(1555)) - Stopping the Datanode Admin Monitor.
2023-03-29 21:18:13,877 [Listener at 127.0.0.1/41565] INFO  server.StorageContainerManager (StorageContainerManager.java:stop(1562)) - Stopping datanode service RPC server
2023-03-29 21:18:13,877 [Listener at 127.0.0.1/41565] INFO  server.SCMDatanodeProtocolServer (SCMDatanodeProtocolServer.java:stop(424)) - Stopping the RPC server for DataNodes
2023-03-29 21:18:13,877 [Listener at 127.0.0.1/41565] INFO  ipc.Server (Server.java:stop(3428)) - Stopping server on 40451
2023-03-29 21:18:13,879 [IPC Server listener on 0] INFO  ipc.Server (Server.java:run(1384)) - Stopping IPC Server listener on 0
2023-03-29 21:18:13,880 [IPC Server Responder] INFO  ipc.Server (Server.java:run(1517)) - Stopping IPC Server Responder
2023-03-29 21:18:13,891 [SCM Heartbeat Processing Thread - 0] WARN  node.NodeStateManager (NodeStateManager.java:scheduleNextHealthCheck(870)) - Current Thread is interrupted, shutting down HB processing thread for Node Manager.
2023-03-29 21:18:13,892 [Listener at 127.0.0.1/41565] INFO  server.StorageContainerManager (StorageContainerManager.java:stop(1570)) - Stopping block service RPC server
2023-03-29 21:18:13,892 [Listener at 127.0.0.1/41565] INFO  server.SCMBlockProtocolServer (SCMBlockProtocolServer.java:stop(161)) - Stopping the RPC server for Block Protocol
2023-03-29 21:18:13,892 [Listener at 127.0.0.1/41565] INFO  ipc.Server (Server.java:stop(3428)) - Stopping server on 37209
2023-03-29 21:18:13,893 [IPC Server listener on 0] INFO  ipc.Server (Server.java:run(1384)) - Stopping IPC Server listener on 0
2023-03-29 21:18:13,896 [Listener at 127.0.0.1/41565] INFO  server.StorageContainerManager (StorageContainerManager.java:stop(1577)) - Stopping the StorageContainerLocationProtocol RPC server
2023-03-29 21:18:13,896 [IPC Server Responder] INFO  ipc.Server (Server.java:run(1517)) - Stopping IPC Server Responder
2023-03-29 21:18:13,896 [Listener at 127.0.0.1/41565] INFO  server.SCMClientProtocolServer (SCMClientProtocolServer.java:stop(206)) - Stopping the RPC server for Client Protocol
2023-03-29 21:18:13,897 [Listener at 127.0.0.1/41565] INFO  ipc.Server (Server.java:stop(3428)) - Stopping server on 43293
2023-03-29 21:18:13,898 [IPC Server listener on 0] INFO  ipc.Server (Server.java:run(1384)) - Stopping IPC Server listener on 0
2023-03-29 21:18:13,898 [IPC Server Responder] INFO  ipc.Server (Server.java:run(1517)) - Stopping IPC Server Responder
2023-03-29 21:18:13,901 [Listener at 127.0.0.1/41565] INFO  server.StorageContainerManager (StorageContainerManager.java:stop(1584)) - Stopping Storage Container Manager HTTP server.
2023-03-29 21:18:13,902 [Listener at 127.0.0.1/41565] INFO  handler.ContextHandler (ContextHandler.java:doStop(1159)) - Stopped o.e.j.w.WebAppContext@6dc0a30{scm,/,null,STOPPED}{file:/home/runner/work/ozone/ozone/hadoop-ozone/integration-test/target/test-classes/webapps/scm}
2023-03-29 21:18:13,902 [Listener at 127.0.0.1/41565] INFO  server.AbstractConnector (AbstractConnector.java:doStop(383)) - Stopped ServerConnector@35619499{HTTP/1.1, (http/1.1)}{0.0.0.0:0}
2023-03-29 21:18:13,904 [Listener at 127.0.0.1/41565] INFO  server.session (HouseKeeper.java:stopScavenging(149)) - node0 Stopped scavenging
2023-03-29 21:18:13,904 [Listener at 127.0.0.1/41565] INFO  handler.ContextHandler (ContextHandler.java:doStop(1159)) - Stopped o.e.j.s.ServletContextHandler@246a6300{static,/static,file:///home/runner/work/ozone/ozone/hadoop-ozone/integration-test/target/test-classes/webapps/static,STOPPED}
2023-03-29 21:18:13,904 [Listener at 127.0.0.1/41565] INFO  handler.ContextHandler (ContextHandler.java:doStop(1159)) - Stopped o.e.j.s.ServletContextHandler@458b87dd{logs,/logs,file:///home/runner/work/ozone/ozone/hadoop-ozone/integration-test/target/log,STOPPED}
2023-03-29 21:18:13,905 [Listener at 127.0.0.1/41565] INFO  server.StorageContainerManager (StorageContainerManager.java:stop(1592)) - Stopping SCM LayoutVersionManager Service.
2023-03-29 21:18:13,905 [Listener at 127.0.0.1/41565] INFO  server.StorageContainerManager (StorageContainerManager.java:stop(1600)) - Stopping Block Manager Service.
2023-03-29 21:18:13,905 [Listener at 127.0.0.1/41565] INFO  utils.BackgroundService (BackgroundService.java:shutdown(141)) - Shutting down service SCMBlockDeletingService
2023-03-29 21:18:13,905 [Listener at 127.0.0.1/41565] INFO  utils.BackgroundService (BackgroundService.java:shutdown(141)) - Shutting down service SCMBlockDeletingService
2023-03-29 21:18:13,905 [Listener at 127.0.0.1/41565] INFO  server.StorageContainerManager (StorageContainerManager.java:stop(1622)) - Stopping SCM Event Queue.
2023-03-29 21:18:13,906 [Listener at 127.0.0.1/41565] INFO  server.StorageContainerManager (StorageContainerManager.java:stop(1633)) - Stopping SCM HA services.
2023-03-29 21:18:13,906 [Listener at 127.0.0.1/41565] INFO  pipeline.BackgroundPipelineCreator (BackgroundPipelineCreator.java:stop(149)) - Stopping RatisPipelineUtilsThread.
2023-03-29 21:18:13,906 [RatisPipelineUtilsThread - 0] WARN  pipeline.BackgroundPipelineCreator (BackgroundPipelineCreator.java:run(180)) - RatisPipelineUtilsThread is interrupted.
2023-03-29 21:18:13,906 [BackgroundPipelineScrubberThread] WARN  BackgroundPipelineScrubber (BackgroundSCMService.java:run(115)) - BackgroundPipelineScrubber is interrupted, exit
2023-03-29 21:18:13,907 [Listener at 127.0.0.1/41565] INFO  BackgroundPipelineScrubber (BackgroundSCMService.java:stop(131)) - Stopping BackgroundPipelineScrubber Service.
2023-03-29 21:18:13,907 [Listener at 127.0.0.1/41565] INFO  impl.MetricsSystemImpl (MetricsSystemImpl.java:stop(210)) - Stopping HddsDatanode metrics system...
2023-03-29 21:18:13,916 [prometheus] INFO  impl.MetricsSinkAdapter (MetricsSinkAdapter.java:publishMetricsFromQueue(141)) - prometheus thread interrupted.
2023-03-29 21:18:13,916 [Listener at 127.0.0.1/41565] INFO  impl.MetricsSystemImpl (MetricsSystemImpl.java:stop(216)) - HddsDatanode metrics system stopped.
2023-03-29 21:18:13,916 [Listener at 127.0.0.1/41565] WARN  pipeline.BackgroundPipelineCreator (BackgroundPipelineCreator.java:stop(145)) - RatisPipelineUtilsThread is not running, just ignore.
2023-03-29 21:18:13,916 [Listener at 127.0.0.1/41565] INFO  BackgroundPipelineScrubber (BackgroundSCMService.java:stop(126)) - BackgroundPipelineScrubber Service is not running, skip stop.
2023-03-29 21:18:13,916 [ExpiredContainerReplicaOpScrubberThread] WARN  ExpiredContainerReplicaOpScrubber (BackgroundSCMService.java:run(115)) - ExpiredContainerReplicaOpScrubber is interrupted, exit
2023-03-29 21:18:13,916 [Listener at 127.0.0.1/41565] INFO  ExpiredContainerReplicaOpScrubber (BackgroundSCMService.java:stop(131)) - Stopping ExpiredContainerReplicaOpScrubber Service.
2023-03-29 21:18:13,916 [Listener at 127.0.0.1/41565] INFO  utils.BackgroundService (BackgroundService.java:shutdown(141)) - Shutting down service SCMBlockDeletingService
2023-03-29 21:18:13,916 [Listener at 127.0.0.1/41565] INFO  replication.ReplicationManager (ReplicationManager.java:stop(320)) - Replication Monitor Thread is not running.
2023-03-29 21:18:13,916 [Listener at 127.0.0.1/41565] WARN  balancer.ContainerBalancer (ContainerBalancer.java:stop(324)) - Cannot stop Container Balancer because it's not running or stopping
2023-03-29 21:18:13,917 [Listener at 127.0.0.1/41565] INFO  server.StorageContainerManager (StorageContainerManager.java:stop(1651)) - Stopping SCM MetadataStore.
2023-03-29 21:18:13,976 [Listener at 127.0.0.1/41565] WARN  server.ServerUtils (ServerUtils.java:getScmDbDir(148)) - ozone.scm.db.dirs is not configured. We recommend adding this setting. Falling back to ozone.metadata.dirs instead.
2023-03-29 21:18:13,979 [Listener at 127.0.0.1/41565] WARN  server.ServerUtils (ServerUtils.java:getScmDbDir(148)) - ozone.scm.db.dirs is not configured. We recommend adding this setting. Falling back to ozone.metadata.dirs instead.
2023-03-29 21:18:13,981 [Listener at 127.0.0.1/41565] INFO  ha.SCMHANodeDetails (SCMHANodeDetails.java:loadSCMHAConfig(209)) - ServiceID for StorageContainerManager is null
2023-03-29 21:18:13,981 [Listener at 127.0.0.1/41565] INFO  ha.SCMHANodeDetails (SCMHANodeDetails.java:loadSCMHAConfig(214)) - ozone.scm.default.service.id is not defined, falling back to ozone.scm.service.ids to find serviceID for StorageContainerManager if it is HA enabled cluster
2023-03-29 21:18:13,983 [Listener at 127.0.0.1/41565] WARN  utils.HAUtils (HAUtils.java:getMetaDir(342)) - ozone.scm.db.dirs is not configured. We recommend adding this setting. Falling back to ozone.metadata.dirs instead.
2023-03-29 21:18:13,983 [Listener at 127.0.0.1/41565] WARN  db.DBStoreBuilder (DBStoreBuilder.java:applyDBDefinition(181)) - ozone.scm.db.dirs is not configured. We recommend adding this setting. Falling back to ozone.metadata.dirs instead.
2023-03-29 21:18:14,092 [Listener at 127.0.0.1/41565] INFO  net.NodeSchemaLoader (NodeSchemaLoader.java:loadSchemaFromFile(129)) - Loading schema from [jar:file:/home/runner/.m2/repository/org/apache/ozone/hdds-common/1.4.0-SNAPSHOT/hdds-common-1.4.0-SNAPSHOT.jar!/network-topology-default.xml]
2023-03-29 21:18:14,093 [Listener at 127.0.0.1/41565] INFO  net.NodeSchemaLoader (NodeSchemaLoader.java:loadSchema(176)) - Loading network topology layer schema file
2023-03-29 21:18:14,099 [Listener at 127.0.0.1/41565] INFO  upgrade.AbstractLayoutVersionManager (AbstractLayoutVersionManager.java:init(83)) - Initializing Layout version manager with metadata layout = DATANODE_SCHEMA_V3 (version = 4), software layout = DATANODE_SCHEMA_V3 (version = 4)
2023-03-29 21:18:14,145 [Listener at 127.0.0.1/41565] INFO  reflections.Reflections (Reflections.java:scan(232)) - Reflections took 45 ms to scan 7 urls, producing 155 keys and 368 values 
2023-03-29 21:18:14,147 [Listener at 127.0.0.1/41565] INFO  ha.SequenceIdGenerator (SequenceIdGenerator.java:upgradeToSequenceId(349)) - upgrade localId to 111677748019200000
2023-03-29 21:18:14,148 [Listener at 127.0.0.1/41565] INFO  ha.SequenceIdGenerator (SequenceIdGenerator.java:upgradeToSequenceId(359)) - upgrade delTxnId to 0
2023-03-29 21:18:14,148 [Listener at 127.0.0.1/41565] INFO  ha.SequenceIdGenerator (SequenceIdGenerator.java:upgradeToSequenceId(376)) - upgrade containerId to 0
2023-03-29 21:18:14,148 [Listener at 127.0.0.1/41565] INFO  ha.SequenceIdGenerator (SequenceIdGenerator.java:<init>(220)) - Init the HA SequenceIdGenerator.
2023-03-29 21:18:14,148 [Listener at 127.0.0.1/41565] WARN  server.ServerUtils (ServerUtils.java:sanitizeUserArgs(73)) - ozone.scm.stale.node.interval value = 300000 is larger than max = 100000 based on the key value of ozone.scm.heartbeat.thread.interval, reset to the max value 100000.
2023-03-29 21:18:14,148 [Listener at 127.0.0.1/41565] WARN  server.ServerUtils (ServerUtils.java:sanitizeUserArgs(73)) - ozone.scm.stale.node.interval value = 300000 is larger than max = 100000 based on the key value of ozone.scm.heartbeat.thread.interval, reset to the max value 100000.
2023-03-29 21:18:14,149 [Listener at 127.0.0.1/41565] INFO  node.SCMNodeManager (SCMNodeManager.java:<init>(156)) - Entering startup safe mode.
2023-03-29 21:18:14,149 [Listener at 127.0.0.1/41565] INFO  algorithms.ContainerPlacementPolicyFactory (ContainerPlacementPolicyFactory.java:getPolicyInternal(86)) - Create container placement policy of type org.apache.hadoop.hdds.scm.container.placement.algorithms.SCMContainerPlacementRandom
2023-03-29 21:18:14,149 [Listener at 127.0.0.1/41565] INFO  algorithms.ContainerPlacementPolicyFactory (ContainerPlacementPolicyFactory.java:getPolicyInternal(86)) - Create container placement policy of type org.apache.hadoop.hdds.scm.container.placement.algorithms.SCMContainerPlacementRackScatter
2023-03-29 21:18:14,149 [Listener at 127.0.0.1/41565] INFO  pipeline.PipelineStateManagerImpl (PipelineStateManagerImpl.java:initialize(78)) - No pipeline exists in current db
2023-03-29 21:18:14,149 [Listener at 127.0.0.1/41565] INFO  algorithms.LeaderChoosePolicyFactory (LeaderChoosePolicyFactory.java:getPolicy(57)) - Create leader choose policy of type org.apache.hadoop.hdds.scm.pipeline.leader.choose.algorithms.MinLeaderCountChoosePolicy
2023-03-29 21:18:14,150 [Listener at 127.0.0.1/41565] INFO  algorithms.ContainerPlacementPolicyFactory (ContainerPlacementPolicyFactory.java:getPolicyInternal(86)) - Create container placement policy of type org.apache.hadoop.hdds.scm.container.placement.algorithms.SCMContainerPlacementRackScatter
2023-03-29 21:18:14,150 [Listener at 127.0.0.1/41565] INFO  ha.SCMServiceManager (SCMServiceManager.java:register(42)) - Registering service BackgroundPipelineCreator.
2023-03-29 21:18:14,150 [Listener at 127.0.0.1/41565] INFO  pipeline.BackgroundPipelineCreator (BackgroundPipelineCreator.java:start(124)) - Starting RatisPipelineUtilsThread.
2023-03-29 21:18:14,150 [Listener at 127.0.0.1/41565] INFO  BackgroundPipelineScrubber (BackgroundSCMService.java:start(68)) - Starting BackgroundPipelineScrubber Service.
2023-03-29 21:18:14,150 [Listener at 127.0.0.1/41565] INFO  ha.SCMServiceManager (SCMServiceManager.java:register(42)) - Registering service BackgroundPipelineScrubber.
2023-03-29 21:18:14,150 [Listener at 127.0.0.1/41565] INFO  ExpiredContainerReplicaOpScrubber (BackgroundSCMService.java:start(68)) - Starting ExpiredContainerReplicaOpScrubber Service.
2023-03-29 21:18:14,151 [Listener at 127.0.0.1/41565] INFO  ha.SCMServiceManager (SCMServiceManager.java:register(42)) - Registering service ExpiredContainerReplicaOpScrubber.
2023-03-29 21:18:14,152 [Listener at 127.0.0.1/41565] INFO  algorithms.PipelineChoosePolicyFactory (PipelineChoosePolicyFactory.java:createPipelineChoosePolicyFromClass(73)) - Create pipeline choose policy of type org.apache.hadoop.hdds.scm.pipeline.choose.algorithms.RandomPipelineChoosePolicy
2023-03-29 21:18:14,152 [Listener at 127.0.0.1/41565] INFO  ha.SCMServiceManager (SCMServiceManager.java:register(42)) - Registering service SCMBlockDeletingService.
2023-03-29 21:18:14,152 [Listener at 127.0.0.1/41565] INFO  replication.ReplicationManager (ReplicationManager.java:start(277)) - Starting Replication Monitor Thread.
2023-03-29 21:18:14,153 [Listener at 127.0.0.1/41565] INFO  ha.SCMServiceManager (SCMServiceManager.java:register(42)) - Registering service ReplicationManager.
2023-03-29 21:18:14,154 [Listener at 127.0.0.1/41565] INFO  safemode.ContainerSafeModeRule (ContainerSafeModeRule.java:<init>(89)) - containers with one replica threshold count 0
2023-03-29 21:18:14,154 [Listener at 127.0.0.1/41565] INFO  safemode.HealthyPipelineSafeModeRule (HealthyPipelineSafeModeRule.java:initializeRule(169)) - Total pipeline count is 0, healthy pipeline threshold count is 1
2023-03-29 21:18:14,154 [Listener at 127.0.0.1/41565] INFO  safemode.OneReplicaPipelineSafeModeRule (OneReplicaPipelineSafeModeRule.java:initializeRule(180)) - Total pipeline count is 0, pipeline's with at least one datanode reported threshold count is 0
2023-03-29 21:18:14,157 [ReplicationMonitor] INFO  replication.ReplicationManager (ReplicationManager.java:processAll(352)) - Replication Manager is not ready to run until 3000ms after safemode exit
2023-03-29 21:18:14,157 [Listener at 127.0.0.1/41565] INFO  server.StorageContainerManager (StorageContainerManager.java:<init>(398)) - SCM start with adminUsers: [adminUser1, adminUser2, runner]
2023-03-29 21:18:14,158 [Listener at 127.0.0.1/41565] INFO  ipc.CallQueueManager (CallQueueManager.java:<init>(90)) - Using callQueue: class java.util.concurrent.LinkedBlockingQueue, queueCapacity: 2000, scheduler: class org.apache.hadoop.ipc.DefaultRpcScheduler, ipcBackoff: false.
2023-03-29 21:18:14,159 [Socket Reader #1 for port 0] INFO  ipc.Server (Server.java:run(1273)) - Starting Socket Reader #1 for port 0
2023-03-29 21:18:14,159 [Listener at 0.0.0.0/43083] INFO  ipc.CallQueueManager (CallQueueManager.java:<init>(90)) - Using callQueue: class java.util.concurrent.LinkedBlockingQueue, queueCapacity: 2000, scheduler: class org.apache.hadoop.ipc.DefaultRpcScheduler, ipcBackoff: false.
2023-03-29 21:18:14,160 [Socket Reader #1 for port 0] INFO  ipc.Server (Server.java:run(1273)) - Starting Socket Reader #1 for port 0
2023-03-29 21:18:14,161 [Listener at 0.0.0.0/46093] INFO  ipc.CallQueueManager (CallQueueManager.java:<init>(90)) - Using callQueue: class java.util.concurrent.LinkedBlockingQueue, queueCapacity: 2000, scheduler: class org.apache.hadoop.ipc.DefaultRpcScheduler, ipcBackoff: false.
2023-03-29 21:18:14,162 [Socket Reader #1 for port 0] INFO  ipc.Server (Server.java:run(1273)) - Starting Socket Reader #1 for port 0
2023-03-29 21:18:14,165 [Listener at 0.0.0.0/35195] INFO  ha.SCMServiceManager (SCMServiceManager.java:register(42)) - Registering service ContainerBalancer.
2023-03-29 21:18:14,165 [Listener at 0.0.0.0/35195] INFO  server.StorageContainerManager (StorageContainerManager.java:<init>(415)) - 
Container Balancer status:
Key                            Value
Running                        false
Container Balancer Configuration values:
Key                                                Value
Threshold                                          10
Max Datanodes to Involve per Iteration(percent)    20
Max Size to Move per Iteration                     500GB
Max Size Entering Target per Iteration             26GB
Max Size Leaving Source per Iteration              26GB

2023-03-29 21:18:14,165 [Listener at 0.0.0.0/35195] INFO  ha.SCMContext (SCMContext.java:updateSafeModeStatus(228)) - Update SafeModeStatus from SafeModeStatus{safeModeStatus=true, preCheckPassed=false} to SafeModeStatus{safeModeStatus=true, preCheckPassed=false}.
2023-03-29 21:18:14,165 [Listener at 0.0.0.0/35195] INFO  server.StorageContainerManager (StorageContainerManager.java:start(1449)) - StorageContainerLocationProtocol RPC server is listening at /0.0.0.0:35195
2023-03-29 21:18:14,167 [Listener at 0.0.0.0/35195] WARN  impl.MetricsConfig (MetricsConfig.java:loadFirst(136)) - Cannot locate configuration: tried hadoop-metrics2-storagecontainermanager.properties,hadoop-metrics2.properties
2023-03-29 21:18:14,173 [Listener at 0.0.0.0/35195] INFO  impl.MetricsSystemImpl (MetricsSystemImpl.java:startTimer(378)) - Scheduled Metric snapshot period at 10 second(s).
2023-03-29 21:18:14,174 [Listener at 0.0.0.0/35195] INFO  impl.MetricsSystemImpl (MetricsSystemImpl.java:start(191)) - StorageContainerManager metrics system started
2023-03-29 21:18:14,181 [Listener at 0.0.0.0/35195] INFO  impl.MetricsSinkAdapter (MetricsSinkAdapter.java:start(204)) - Sink prometheus started
2023-03-29 21:18:14,181 [Listener at 0.0.0.0/35195] INFO  impl.MetricsSystemImpl (MetricsSystemImpl.java:registerSink(305)) - Registered sink prometheus
2023-03-29 21:18:14,203 [Listener at 0.0.0.0/35195] INFO  server.SCMClientProtocolServer (SCMClientProtocolServer.java:start(197)) - RPC server for Client  is listening at /0.0.0.0:35195
2023-03-29 21:18:14,204 [IPC Server Responder] INFO  ipc.Server (Server.java:run(1512)) - IPC Server Responder: starting
2023-03-29 21:18:14,212 [Listener at 0.0.0.0/35195] INFO  server.StorageContainerManager (StorageContainerManager.java:start(1463)) - ScmBlockLocationProtocol RPC server is listening at /0.0.0.0:46093
2023-03-29 21:18:14,212 [Listener at 0.0.0.0/35195] INFO  server.SCMBlockProtocolServer (SCMBlockProtocolServer.java:start(152)) - RPC server for Block Protocol is listening at /0.0.0.0:46093
2023-03-29 21:18:14,213 [IPC Server Responder] INFO  ipc.Server (Server.java:run(1512)) - IPC Server Responder: starting
2023-03-29 21:18:14,213 [IPC Server listener on 0] INFO  ipc.Server (Server.java:run(1352)) - IPC Server listener on 0: starting
2023-03-29 21:18:14,214 [Listener at 0.0.0.0/35195] INFO  server.SCMDatanodeProtocolServer (SCMDatanodeProtocolServer.java:start(193)) - ScmDatanodeProtocol RPC server for DataNodes is listening at /0.0.0.0:43083
2023-03-29 21:18:14,215 [IPC Server Responder] INFO  ipc.Server (Server.java:run(1512)) - IPC Server Responder: starting
2023-03-29 21:18:14,215 [IPC Server listener on 0] INFO  ipc.Server (Server.java:run(1352)) - IPC Server listener on 0: starting
2023-03-29 21:18:14,216 [IPC Server listener on 0] INFO  ipc.Server (Server.java:run(1352)) - IPC Server listener on 0: starting
2023-03-29 21:18:14,218 [org.apache.hadoop.util.JvmPauseMonitor$Monitor@72ee0d07] INFO  util.JvmPauseMonitor (JvmPauseMonitor.java:run(188)) - Starting JVM pause monitor
2023-03-29 21:18:14,219 [Listener at 0.0.0.0/35195] INFO  http.BaseHttpServer (BaseHttpServer.java:newHttpServer2BuilderForOzone(224)) - Starting Web-server for scm at: http://0.0.0.0:0
2023-03-29 21:18:14,219 [Listener at 0.0.0.0/35195] INFO  http.BaseHttpServer (BaseHttpServer.java:<init>(111)) - Hadoop Security Enabled: false Ozone Security Enabled: false Ozone HTTP Security Enabled: false 
2023-03-29 21:18:14,221 [Listener at 0.0.0.0/35195] WARN  server.AuthenticationFilter (AuthenticationFilter.java:constructSecretProvider(240)) - Unable to initialize FileSignerSecretProvider, falling back to use random secrets. Reason: Could not read signature secret file: /home/runner/hadoop-http-auth-signature-secret
2023-03-29 21:18:14,221 [Listener at 0.0.0.0/35195] WARN  http.HttpRequestLog (HttpRequestLog.java:getRequestLog(103)) - Jetty request log can only be enabled using Log4j
2023-03-29 21:18:14,223 [Listener at 0.0.0.0/35195] INFO  http.HttpServer2 (HttpServer2.java:addGlobalFilter(1031)) - Added global filter 'safety' (class=org.apache.hadoop.hdds.server.http.HttpServer2$QuotingInputFilter)
2023-03-29 21:18:14,223 [Listener at 0.0.0.0/35195] INFO  http.HttpServer2 (HttpServer2.java:addFilter(1007)) - Added filter static_user_filter (class=org.apache.hadoop.http.lib.StaticUserWebFilter$StaticUserFilter) to context scm
2023-03-29 21:18:14,223 [Listener at 0.0.0.0/35195] INFO  http.HttpServer2 (HttpServer2.java:addFilter(1015)) - Added filter static_user_filter (class=org.apache.hadoop.http.lib.StaticUserWebFilter$StaticUserFilter) to context logs
2023-03-29 21:18:14,223 [Listener at 0.0.0.0/35195] INFO  http.HttpServer2 (HttpServer2.java:addFilter(1015)) - Added filter static_user_filter (class=org.apache.hadoop.http.lib.StaticUserWebFilter$StaticUserFilter) to context static
2023-03-29 21:18:14,224 [Listener at 0.0.0.0/35195] INFO  http.BaseHttpServer (BaseHttpServer.java:<init>(190)) - HTTP server of scm uses base directory /home/runner/work/ozone/ozone/hadoop-ozone/integration-test/target/test-dir/MiniOzoneClusterImpl-94458d0b-d5a8-4c00-b4e5-5292a8a953be/ozone-meta/webserver
2023-03-29 21:18:14,224 [Listener at 0.0.0.0/35195] INFO  http.HttpServer2 (HttpServer2.java:bindListener(1250)) - Jetty bound to port 42399
2023-03-29 21:18:14,224 [Listener at 0.0.0.0/35195] INFO  server.Server (Server.java:doStart(375)) - jetty-9.4.49.v20220914; built: 2022-09-14T01:07:36.601Z; git: 4231a3b2e4cb8548a412a789936d640a97b1aa0a; jvm 1.8.0_362-b09
2023-03-29 21:18:14,228 [Listener at 0.0.0.0/35195] INFO  server.session (DefaultSessionIdManager.java:doStart(334)) - DefaultSessionIdManager workerName=node0
2023-03-29 21:18:14,228 [Listener at 0.0.0.0/35195] INFO  server.session (DefaultSessionIdManager.java:doStart(339)) - No SessionScavenger set, using defaults
2023-03-29 21:18:14,228 [Listener at 0.0.0.0/35195] INFO  server.session (HouseKeeper.java:startScavenging(132)) - node0 Scavenging every 660000ms
2023-03-29 21:18:14,230 [Listener at 0.0.0.0/35195] INFO  handler.ContextHandler (ContextHandler.java:doStart(921)) - Started o.e.j.s.ServletContextHandler@5acfa3bf{logs,/logs,file:///home/runner/work/ozone/ozone/hadoop-ozone/integration-test/target/log,AVAILABLE}
2023-03-29 21:18:14,230 [Listener at 0.0.0.0/35195] INFO  handler.ContextHandler (ContextHandler.java:doStart(921)) - Started o.e.j.s.ServletContextHandler@12bbe830{static,/static,file:///home/runner/work/ozone/ozone/hadoop-ozone/integration-test/target/test-classes/webapps/static,AVAILABLE}
2023-03-29 21:18:14,234 [Listener at 0.0.0.0/35195] INFO  handler.ContextHandler (ContextHandler.java:doStart(921)) - Started o.e.j.w.WebAppContext@60fc2c95{scm,/,file:///home/runner/work/ozone/ozone/hadoop-ozone/integration-test/target/test-classes/webapps/scm/,AVAILABLE}{file:/home/runner/work/ozone/ozone/hadoop-ozone/integration-test/target/test-classes/webapps/scm}
2023-03-29 21:18:14,235 [Listener at 0.0.0.0/35195] INFO  server.AbstractConnector (AbstractConnector.java:doStart(333)) - Started ServerConnector@3bbea836{HTTP/1.1, (http/1.1)}{0.0.0.0:42399}
2023-03-29 21:18:14,235 [Listener at 0.0.0.0/35195] INFO  server.Server (Server.java:doStart(415)) - Started @148001ms
2023-03-29 21:18:14,235 [Listener at 0.0.0.0/35195] WARN  impl.MetricsSystemImpl (MetricsSystemImpl.java:register(279)) - Sink prometheus already exists!
2023-03-29 21:18:14,236 [Listener at 0.0.0.0/35195] INFO  http.BaseHttpServer (BaseHttpServer.java:updateConnectorAddress(344)) - HTTP server of scm listening at http://0.0.0.0:42399
2023-03-29 21:18:14,236 [Listener at 0.0.0.0/35195] WARN  server.ServerUtils (ServerUtils.java:getDBPath(225)) - ozone.om.db.dirs is not configured. We recommend adding this setting. Falling back to ozone.metadata.dirs instead.
2023-03-29 21:18:14,238 [Listener at 0.0.0.0/35195] INFO  ha.OMHANodeDetails (OMHANodeDetails.java:loadOMHAConfig(115)) - ozone.om.internal.service.id is not defined, falling back to ozone.om.service.ids to find serviceID for OzoneManager if it is HA enabled cluster
2023-03-29 21:18:14,238 [Listener at 0.0.0.0/35195] INFO  ha.OMHANodeDetails (OMHANodeDetails.java:loadOMHAConfig(226)) - Configuration does not have ozone.om.address set. Falling back to the default OM address /127.0.0.1:0
2023-03-29 21:18:14,238 [Listener at 0.0.0.0/35195] INFO  ha.OMHANodeDetails (OMHANodeDetails.java:getOMNodeDetailsForNonHA(254)) - OM Service ID is not set. Setting it to the default ID: omServiceIdDefault
2023-03-29 21:18:14,238 [Listener at 0.0.0.0/35195] INFO  ha.OMHANodeDetails (OMHANodeDetails.java:getOMNodeDetailsForNonHA(261)) - OM Node ID is not set. Setting it to the default ID: om1
2023-03-29 21:18:14,238 [Listener at 0.0.0.0/35195] WARN  server.ServerUtils (ServerUtils.java:getDBPath(225)) - ozone.om.db.dirs is not configured. We recommend adding this setting. Falling back to ozone.metadata.dirs instead.
2023-03-29 21:18:14,240 [Listener at 0.0.0.0/35195] INFO  upgrade.AbstractLayoutVersionManager (AbstractLayoutVersionManager.java:init(83)) - Initializing Layout version manager with metadata layout = MULTITENANCY_SCHEMA (version = 3), software layout = MULTITENANCY_SCHEMA (version = 3)
2023-03-29 21:18:14,317 [Listener at 0.0.0.0/35195] INFO  reflections.Reflections (Reflections.java:scan(232)) - Reflections took 76 ms to scan 2 urls, producing 170 keys and 470 values [using 2 cores]
2023-03-29 21:18:14,317 [Listener at 0.0.0.0/35195] INFO  upgrade.OMLayoutVersionManager (OMLayoutVersionManager.java:lambda$0(115)) - Skipping Upgrade Action MockOmUpgradeAction since it has been finalized.
2023-03-29 21:18:14,317 [Listener at 0.0.0.0/35195] WARN  server.ServerUtils (ServerUtils.java:getDBPath(225)) - ozone.om.db.dirs is not configured. We recommend adding this setting. Falling back to ozone.metadata.dirs instead.
2023-03-29 21:18:14,318 [Listener at 0.0.0.0/35195] INFO  proxy.SCMBlockLocationFailoverProxyProvider (SCMBlockLocationFailoverProxyProvider.java:<init>(114)) - Created block location fail-over proxy with 1 nodes: [nodeId=scmNodeId,nodeAddress=/0.0.0.0:46093]
2023-03-29 21:18:14,320 [Listener at 0.0.0.0/35195] INFO  proxy.SCMBlockLocationFailoverProxyProvider (SCMBlockLocationFailoverProxyProvider.java:<init>(114)) - Created block location fail-over proxy with 1 nodes: [nodeId=scmNodeId,nodeAddress=/0.0.0.0:46093]
2023-03-29 21:18:14,334 [Listener at 0.0.0.0/35195] INFO  om.OzoneManager (OzoneManager.java:<init>(619)) - OM start with adminUsers: [adminUser1, adminUser2, runner]
2023-03-29 21:18:14,334 [Listener at 0.0.0.0/35195] WARN  server.ServerUtils (ServerUtils.java:getDBPath(225)) - ozone.om.db.dirs is not configured. We recommend adding this setting. Falling back to ozone.metadata.dirs instead.
2023-03-29 21:18:14,335 [Listener at 0.0.0.0/35195] INFO  codec.OmKeyInfoCodec (OmKeyInfoCodec.java:<init>(49)) - OmKeyInfoCodec ignorePipeline = true
2023-03-29 21:18:14,335 [Listener at 0.0.0.0/35195] INFO  codec.RepeatedOmKeyInfoCodec (RepeatedOmKeyInfoCodec.java:<init>(41)) - RepeatedOmKeyInfoCodec ignorePipeline = true
2023-03-29 21:18:14,517 [Listener at 0.0.0.0/35195] INFO  om.OzoneManager (OzoneManager.java:instantiateServices(749)) - S3 Multi-Tenancy is disabled
2023-03-29 21:18:14,517 [Listener at 0.0.0.0/35195] WARN  server.ServerUtils (ServerUtils.java:getDBPath(225)) - ozone.om.snapshot.diff.db.dir is not configured. We recommend adding this setting. Falling back to ozone.metadata.dirs instead.
2023-03-29 21:18:14,536 [Listener at 0.0.0.0/35195] INFO  om.OzoneManager (OzoneManager.java:addS3GVolumeToDB(4223)) - Created Volume s3v With Owner runner required for S3Gateway operations.
2023-03-29 21:18:14,536 [Listener at 0.0.0.0/35195] WARN  server.ServerUtils (ServerUtils.java:getDefaultRatisDirectory(237)) - Storage directory for Ratis is not configured. It is a good idea to map this to an SSD disk. Falling back to ozone.metadata.dirs
2023-03-29 21:18:14,536 [Listener at 0.0.0.0/35195] WARN  utils.OzoneManagerRatisUtils (OzoneManagerRatisUtils.java:getOMRatisSnapshotDirectory(446)) - ozone.om.ratis.snapshot.dir is not configured. Falling back to ozone.metadata.dirs config
2023-03-29 21:18:14,536 [Listener at 0.0.0.0/35195] WARN  server.ServerUtils (ServerUtils.java:getDefaultRatisDirectory(237)) - Storage directory for Ratis is not configured. It is a good idea to map this to an SSD disk. Falling back to ozone.metadata.dirs
2023-03-29 21:18:14,539 [Listener at 0.0.0.0/35195] INFO  ratis.OzoneManagerRatisServer (OzoneManagerRatisServer.java:<init>(163)) - Instantiating OM Ratis server with groupID: omServiceIdDefault and peers: localhost:9872
2023-03-29 21:18:14,539 [Listener at 0.0.0.0/35195] INFO  ratis.OzoneManagerStateMachine (OzoneManagerStateMachine.java:loadSnapshotInfoFromDB(636)) - LastAppliedIndex is set from TransactionInfo from OM DB as (t:0, i:~)
2023-03-29 21:18:14,540 [Listener at 0.0.0.0/35195] INFO  server.RaftServer (ConfUtils.java:logGet(46)) - raft.rpc.type = GRPC (default)
2023-03-29 21:18:14,540 [Listener at 0.0.0.0/35195] INFO  grpc.GrpcConfigKeys (ConfUtils.java:logFallback(53)) - raft.grpc.admin.host = null (fallback to raft.grpc.server.host)
2023-03-29 21:18:14,540 [Listener at 0.0.0.0/35195] INFO  grpc.GrpcConfigKeys (ConfUtils.java:logFallback(53)) - raft.grpc.admin.port = 9872 (fallback to raft.grpc.server.port)
2023-03-29 21:18:14,540 [Listener at 0.0.0.0/35195] INFO  grpc.GrpcConfigKeys (ConfUtils.java:logFallback(53)) - raft.grpc.client.host = null (fallback to raft.grpc.server.host)
2023-03-29 21:18:14,540 [Listener at 0.0.0.0/35195] INFO  grpc.GrpcConfigKeys (ConfUtils.java:logFallback(53)) - raft.grpc.client.port = 9872 (fallback to raft.grpc.server.port)
2023-03-29 21:18:14,540 [Listener at 0.0.0.0/35195] INFO  grpc.GrpcConfigKeys (ConfUtils.java:logGet(46)) - raft.grpc.server.host = null (default)
2023-03-29 21:18:14,540 [Listener at 0.0.0.0/35195] INFO  grpc.GrpcConfigKeys (ConfUtils.java:logGet(46)) - raft.grpc.server.port = 9872 (custom)
2023-03-29 21:18:14,541 [Listener at 0.0.0.0/35195] INFO  server.GrpcService (ConfUtils.java:logGet(46)) - raft.grpc.message.size.max = 33554432 (custom)
2023-03-29 21:18:14,541 [Listener at 0.0.0.0/35195] INFO  server.RaftServerConfigKeys (ConfUtils.java:logGet(46)) - raft.server.log.appender.buffer.byte-limit = 33554432 (custom)
2023-03-29 21:18:14,541 [Listener at 0.0.0.0/35195] INFO  server.GrpcService (ConfUtils.java:logGet(46)) - raft.grpc.flow.control.window = 1MB (=1048576) (default)
2023-03-29 21:18:14,541 [Listener at 0.0.0.0/35195] INFO  server.RaftServerConfigKeys (ConfUtils.java:logGet(46)) - raft.server.rpc.request.timeout = 3000ms (default)
2023-03-29 21:18:14,541 [Listener at 0.0.0.0/35195] INFO  grpc.GrpcConfigKeys (ConfUtils.java:logGet(46)) - raft.grpc.server.heartbeat.channel = true (default)
2023-03-29 21:18:14,541 [Listener at 0.0.0.0/35195] INFO  grpc.GrpcConfigKeys (ConfUtils.java:logGet(46)) - raft.grpc.server.async.request.thread.pool.cached = true (default)
2023-03-29 21:18:14,541 [Listener at 0.0.0.0/35195] INFO  grpc.GrpcConfigKeys (ConfUtils.java:logGet(46)) - raft.grpc.server.async.request.thread.pool.size = 32 (default)
2023-03-29 21:18:14,543 [Listener at 0.0.0.0/35195] INFO  impl.DataStreamServerImpl (ConfUtils.java:logGet(46)) - raft.datastream.type = DISABLED (default)
2023-03-29 21:18:14,543 [Listener at 0.0.0.0/35195] INFO  server.RaftServerConfigKeys (ConfUtils.java:logGet(46)) - raft.server.threadpool.proxy.cached = true (default)
2023-03-29 21:18:14,543 [Listener at 0.0.0.0/35195] INFO  server.RaftServerConfigKeys (ConfUtils.java:logGet(46)) - raft.server.threadpool.proxy.size = 0 (default)
2023-03-29 21:18:14,543 [Listener at 0.0.0.0/35195] INFO  server.RaftServerConfigKeys (ConfUtils.java:logGet(46)) - raft.server.rpc.slowness.timeout = 120s (custom)
2023-03-29 21:18:14,543 [Listener at 0.0.0.0/35195] INFO  server.RaftServerConfigKeys (ConfUtils.java:logGet(46)) - raft.server.leaderelection.leader.step-down.wait-time = 10s (default)
2023-03-29 21:18:14,544 [Listener at 0.0.0.0/35195] INFO  server.RaftServerConfigKeys (ConfUtils.java:logGet(46)) - raft.server.storage.dir = [/home/runner/work/ozone/ozone/hadoop-ozone/integration-test/target/test-dir/MiniOzoneClusterImpl-94458d0b-d5a8-4c00-b4e5-5292a8a953be/ozone-meta/ratis] (custom)
2023-03-29 21:18:14,546 [Listener at 0.0.0.0/35195] INFO  server.RaftServer (RaftServerProxy.java:addNew(96)) - om1: addNew group-C5BA1605619E:[om1|rpc:localhost:9872|priority:0|startupRole:FOLLOWER] returns group-C5BA1605619E:java.util.concurrent.CompletableFuture@17095753[Not completed]
2023-03-29 21:18:14,546 [Listener at 0.0.0.0/35195] INFO  om.OzoneManager (OzoneManager.java:initializeRatisServer(2096)) - OzoneManager Ratis server initialized at port 9872
2023-03-29 21:18:14,546 [Listener at 0.0.0.0/35195] INFO  om.OzoneManager (OzoneManager.java:getRpcServer(1132)) - Creating RPC Server
2023-03-29 21:18:14,547 [pool-729-thread-1] INFO  server.RaftServer$Division (RaftServerImpl.java:<init>(195)) - om1: new RaftServerImpl for group-C5BA1605619E:[om1|rpc:localhost:9872|priority:0|startupRole:FOLLOWER] with OzoneManagerStateMachine:uninitialized
2023-03-29 21:18:14,547 [pool-729-thread-1] INFO  server.RaftServerConfigKeys (ConfUtils.java:logGet(46)) - raft.server.rpc.timeout.min = 1s (custom)
2023-03-29 21:18:14,547 [pool-729-thread-1] INFO  server.RaftServerConfigKeys (ConfUtils.java:logGet(46)) - raft.server.rpc.timeout.max = 1200ms (custom)
2023-03-29 21:18:14,547 [pool-729-thread-1] INFO  server.RaftServerConfigKeys (ConfUtils.java:logGet(46)) - raft.server.rpc.sleep.time = 25ms (default)
2023-03-29 21:18:14,547 [pool-729-thread-1] INFO  server.RaftServerConfigKeys (ConfUtils.java:logGet(46)) - raft.server.rpc.slowness.timeout = 120s (custom)
2023-03-29 21:18:14,547 [pool-729-thread-1] INFO  server.RaftServerConfigKeys (ConfUtils.java:logGet(46)) - raft.server.leaderelection.leader.step-down.wait-time = 10s (default)
2023-03-29 21:18:14,547 [pool-729-thread-1] INFO  server.RaftServerConfigKeys (ConfUtils.java:logGet(46)) - raft.server.sleep.deviation.threshold = 300ms (default)
2023-03-29 21:18:14,547 [pool-729-thread-1] INFO  server.RaftServer$Division (ServerState.java:<init>(118)) - om1@group-C5BA1605619E: ConfigurationManager, init=-1: peers:[om1|rpc:localhost:9872|priority:0|startupRole:FOLLOWER]|listeners:[], old=null, confs=<EMPTY_MAP>
2023-03-29 21:18:14,548 [pool-729-thread-1] INFO  server.RaftServerConfigKeys (ConfUtils.java:logGet(46)) - raft.server.storage.dir = [/home/runner/work/ozone/ozone/hadoop-ozone/integration-test/target/test-dir/MiniOzoneClusterImpl-94458d0b-d5a8-4c00-b4e5-5292a8a953be/ozone-meta/ratis] (custom)
2023-03-29 21:18:14,548 [pool-729-thread-1] INFO  server.RaftServerConfigKeys (ConfUtils.java:logGet(46)) - raft.server.log.corruption.policy = EXCEPTION (default)
2023-03-29 21:18:14,548 [pool-729-thread-1] INFO  server.RaftServerConfigKeys (ConfUtils.java:logGet(46)) - raft.server.storage.free-space.min = 0MB (=0) (default)
2023-03-29 21:18:14,548 [pool-729-thread-1] INFO  server.RaftServerConfigKeys (ConfUtils.java:logGet(46)) - raft.server.notification.no-leader.timeout = 120s (custom)
2023-03-29 21:18:14,548 [pool-729-thread-1] INFO  server.RaftServerConfigKeys (ConfUtils.java:logGet(46)) - raft.server.retrycache.expirytime = 300s (custom)
2023-03-29 21:18:14,548 [pool-729-thread-1] INFO  server.RaftServerConfigKeys (ConfUtils.java:logGet(46)) - raft.server.retrycache.statistics.expirytime = 100μs (default)
2023-03-29 21:18:14,548 [pool-729-thread-1] INFO  server.RaftServerConfigKeys (ConfUtils.java:logGet(46)) - raft.server.log.appender.install.snapshot.enabled = false (custom)
2023-03-29 21:18:14,549 [pool-729-thread-1] INFO  server.RaftServerConfigKeys (ConfUtils.java:logGet(46)) - raft.server.threadpool.server.cached = true (default)
2023-03-29 21:18:14,549 [pool-729-thread-1] INFO  server.RaftServerConfigKeys (ConfUtils.java:logGet(46)) - raft.server.threadpool.server.size = 0 (default)
2023-03-29 21:18:14,549 [pool-729-thread-1] INFO  server.RaftServerConfigKeys (ConfUtils.java:logGet(46)) - raft.server.threadpool.client.cached = true (default)
2023-03-29 21:18:14,549 [pool-729-thread-1] INFO  server.RaftServerConfigKeys (ConfUtils.java:logGet(46)) - raft.server.threadpool.client.size = 0 (default)
2023-03-29 21:18:14,972 [Listener at 0.0.0.0/35195] INFO  reflections.Reflections (Reflections.java:scan(232)) - Reflections took 425 ms to scan 19 urls, producing 68 keys and 4992 values [using 2 cores]
2023-03-29 21:18:14,973 [Listener at 0.0.0.0/35195] INFO  ipc.CallQueueManager (CallQueueManager.java:<init>(90)) - Using callQueue: class java.util.concurrent.LinkedBlockingQueue, queueCapacity: 2000, scheduler: class org.apache.hadoop.ipc.DefaultRpcScheduler, ipcBackoff: false.
2023-03-29 21:18:14,975 [Socket Reader #1 for port 0] INFO  ipc.Server (Server.java:run(1273)) - Starting Socket Reader #1 for port 0
2023-03-29 21:18:14,999 [Listener at 127.0.0.1/32841] INFO  impl.MetricsSystemImpl (MetricsSystemImpl.java:init(158)) - OzoneManager metrics system started (again)
2023-03-29 21:18:15,009 [Listener at 127.0.0.1/32841] INFO  om.OzoneManager (OzoneManager.java:start(1553)) - OzoneManager RPC server is listening at localhost/127.0.0.1:32841
2023-03-29 21:18:15,009 [Listener at 127.0.0.1/32841] INFO  ratis.OzoneManagerRatisServer (OzoneManagerRatisServer.java:start(558)) - Starting OzoneManagerRatisServer om1 at port 9872
2023-03-29 21:18:15,009 [om1-impl-thread1] INFO  storage.RaftStorageDirectory (RaftStorageDirectoryImpl.java:analyzeStorage(137)) - The storage directory /home/runner/work/ozone/ozone/hadoop-ozone/integration-test/target/test-dir/MiniOzoneClusterImpl-94458d0b-d5a8-4c00-b4e5-5292a8a953be/ozone-meta/ratis/bf265839-605b-3f16-9796-c5ba1605619e does not exist. Creating ...
2023-03-29 21:18:15,010 [om1-impl-thread1] INFO  storage.RaftStorageDirectory (RaftStorageDirectoryImpl.java:tryLock(231)) - Lock on /home/runner/work/ozone/ozone/hadoop-ozone/integration-test/target/test-dir/MiniOzoneClusterImpl-94458d0b-d5a8-4c00-b4e5-5292a8a953be/ozone-meta/ratis/bf265839-605b-3f16-9796-c5ba1605619e/in_use.lock acquired by nodename 46426@fv-az308-773
2023-03-29 21:18:15,012 [om1-impl-thread1] INFO  storage.RaftStorage (RaftStorageImpl.java:format(96)) - Storage directory /home/runner/work/ozone/ozone/hadoop-ozone/integration-test/target/test-dir/MiniOzoneClusterImpl-94458d0b-d5a8-4c00-b4e5-5292a8a953be/ozone-meta/ratis/bf265839-605b-3f16-9796-c5ba1605619e has been successfully formatted.
2023-03-29 21:18:15,012 [om1-impl-thread1] INFO  server.RaftServerConfigKeys (ConfUtils.java:logGet(46)) - raft.server.log.use.memory = false (default)
2023-03-29 21:18:15,012 [om1-impl-thread1] INFO  server.RaftServerConfigKeys (ConfUtils.java:logGet(46)) - raft.server.log.purge.gap = 1000000 (custom)
2023-03-29 21:18:15,012 [om1-impl-thread1] INFO  server.RaftServerConfigKeys (ConfUtils.java:logGet(46)) - raft.server.log.appender.buffer.byte-limit = 33554432 (custom)
2023-03-29 21:18:15,012 [om1-impl-thread1] INFO  server.RaftServerConfigKeys (ConfUtils.java:logGet(46)) - raft.server.log.statemachine.data.read.timeout = 1000ms (default)
2023-03-29 21:18:15,012 [om1-impl-thread1] INFO  server.RaftServerConfigKeys (ConfUtils.java:logGet(46)) - raft.server.log.purge.preservation.log.num = 0 (default)
2023-03-29 21:18:15,012 [om1-impl-thread1] INFO  server.RaftServerConfigKeys (ConfUtils.java:logGet(46)) - raft.server.log.segment.size.max = 4194304 (custom)
2023-03-29 21:18:15,012 [om1-impl-thread1] INFO  server.RaftServerConfigKeys (ConfUtils.java:logGet(46)) - raft.server.log.segment.cache.num.max = 2 (custom)
2023-03-29 21:18:15,012 [om1-impl-thread1] INFO  server.RaftServerConfigKeys (ConfUtils.java:logGet(46)) - raft.server.log.segment.cache.size.max = 200MB (=209715200) (default)
2023-03-29 21:18:15,012 [om1-impl-thread1] INFO  segmented.SegmentedRaftLogWorker (SegmentedRaftLogWorker.java:<init>(189)) - new om1@group-C5BA1605619E-SegmentedRaftLogWorker for RaftStorageImpl:Storage Directory /home/runner/work/ozone/ozone/hadoop-ozone/integration-test/target/test-dir/MiniOzoneClusterImpl-94458d0b-d5a8-4c00-b4e5-5292a8a953be/ozone-meta/ratis/bf265839-605b-3f16-9796-c5ba1605619e
2023-03-29 21:18:15,012 [om1-impl-thread1] INFO  server.RaftServerConfigKeys (ConfUtils.java:logGet(46)) - raft.server.log.queue.byte-limit = 64MB (=67108864) (default)
2023-03-29 21:18:15,012 [om1-impl-thread1] INFO  server.RaftServerConfigKeys (ConfUtils.java:logGet(46)) - raft.server.log.queue.element-limit = 4096 (default)
2023-03-29 21:18:15,013 [om1-impl-thread1] INFO  server.RaftServerConfigKeys (ConfUtils.java:logGet(46)) - raft.server.log.segment.size.max = 4194304 (custom)
2023-03-29 21:18:15,013 [om1-impl-thread1] INFO  server.RaftServerConfigKeys (ConfUtils.java:logGet(46)) - raft.server.log.preallocated.size = 4194304 (custom)
2023-03-29 21:18:15,013 [om1-impl-thread1] INFO  server.RaftServerConfigKeys (ConfUtils.java:logGet(46)) - raft.server.log.force.sync.num = 128 (default)
2023-03-29 21:18:15,013 [om1-impl-thread1] INFO  server.RaftServerConfigKeys (ConfUtils.java:logGet(46)) - raft.server.log.statemachine.data.sync = true (default)
2023-03-29 21:18:15,013 [om1-impl-thread1] INFO  server.RaftServerConfigKeys (ConfUtils.java:logGet(46)) - raft.server.log.statemachine.data.sync.timeout = 10s (default)
2023-03-29 21:18:15,013 [om1-impl-thread1] INFO  server.RaftServerConfigKeys (ConfUtils.java:logGet(46)) - raft.server.log.statemachine.data.sync.timeout.retry = -1 (default)
2023-03-29 21:18:15,013 [om1-impl-thread1] INFO  server.RaftServerConfigKeys (ConfUtils.java:logGet(46)) - raft.server.log.write.buffer.size = 64KB (=65536) (default)
2023-03-29 21:18:15,013 [om1-impl-thread1] INFO  server.RaftServerConfigKeys (ConfUtils.java:logGet(46)) - raft.server.log.appender.buffer.byte-limit = 33554432 (custom)
2023-03-29 21:18:15,018 [om1-impl-thread1] INFO  server.RaftServerConfigKeys (ConfUtils.java:logGet(46)) - raft.server.log.unsafe-flush.enabled = false (default)
2023-03-29 21:18:15,018 [om1-impl-thread1] INFO  server.RaftServerConfigKeys (ConfUtils.java:logGet(46)) - raft.server.log.async-flush.enabled = false (default)
2023-03-29 21:18:15,018 [om1-impl-thread1] INFO  server.RaftServerConfigKeys (ConfUtils.java:logGet(46)) - raft.server.log.statemachine.data.caching.enabled = false (default)
2023-03-29 21:18:15,018 [om1-impl-thread1] INFO  segmented.SegmentedRaftLogWorker (SegmentedRaftLogWorker.java:lambda$new$0(135)) - om1@group-C5BA1605619E-SegmentedRaftLogWorker: flushIndex: setUnconditionally 0 -> -1
2023-03-29 21:18:15,018 [om1-impl-thread1] INFO  segmented.SegmentedRaftLogWorker (SegmentedRaftLogWorker.java:lambda$new$0(135)) - om1@group-C5BA1605619E-SegmentedRaftLogWorker: safeCacheEvictIndex: setUnconditionally 0 -> -1
2023-03-29 21:18:15,018 [om1-impl-thread1] INFO  server.RaftServer$Division (RaftServerImpl.java:start(334)) - om1@group-C5BA1605619E: start as a follower, conf=-1: peers:[om1|rpc:localhost:9872|priority:0|startupRole:FOLLOWER]|listeners:[], old=null
2023-03-29 21:18:15,018 [om1-impl-thread1] INFO  server.RaftServer$Division (RaftServerImpl.java:setRole(321)) - om1@group-C5BA1605619E: changes role from      null to FOLLOWER at term 0 for startAsFollower
2023-03-29 21:18:15,018 [om1-impl-thread1] INFO  impl.RoleInfo (RoleInfo.java:updateAndGet(139)) - om1: start om1@group-C5BA1605619E-FollowerState
2023-03-29 21:18:15,019 [om1-impl-thread1] INFO  util.JmxRegister (JmxRegister.java:tryRegister(44)) - Successfully registered JMX Bean with object name Ratis:service=RaftServer,group=group-C5BA1605619E,id=om1
2023-03-29 21:18:15,019 [om1-impl-thread1] INFO  server.RaftServerConfigKeys (ConfUtils.java:logGet(46)) - raft.server.snapshot.auto.trigger.enabled = true (custom)
2023-03-29 21:18:15,019 [om1-impl-thread1] INFO  server.RaftServerConfigKeys (ConfUtils.java:logGet(46)) - raft.server.snapshot.auto.trigger.threshold = 400000 (default)
2023-03-29 21:18:15,019 [om1-impl-thread1] INFO  server.RaftServerConfigKeys (ConfUtils.java:logGet(46)) - raft.server.snapshot.retention.file.num = -1 (default)
2023-03-29 21:18:15,019 [om1-impl-thread1] INFO  server.RaftServerConfigKeys (ConfUtils.java:logGet(46)) - raft.server.log.purge.upto.snapshot.index = true (custom)
2023-03-29 21:18:15,019 [om1@group-C5BA1605619E-FollowerState] INFO  server.RaftServerConfigKeys (ConfUtils.java:logFallback(53)) - raft.server.rpc.first-election.timeout.min = 1s (fallback to raft.server.rpc.timeout.min)
2023-03-29 21:18:15,019 [om1@group-C5BA1605619E-FollowerState] INFO  server.RaftServerConfigKeys (ConfUtils.java:logFallback(53)) - raft.server.rpc.first-election.timeout.max = 1200ms (fallback to raft.server.rpc.timeout.max)
2023-03-29 21:18:15,020 [Listener at 127.0.0.1/32841] INFO  server.RaftServer (RaftServerProxy.java:startImpl(393)) - om1: start RPC server
2023-03-29 21:18:15,023 [Listener at 127.0.0.1/32841] INFO  server.GrpcService (GrpcService.java:startImpl(262)) - om1: GrpcService started, listening on 9872
2023-03-29 21:18:15,023 [Listener at 127.0.0.1/32841] INFO  om.OzoneManager (OzoneManager.java:start(1569)) - Version File has different layout version (3) than OM DB (null). That is expected if this OM has never been finalized to a newer layout version.
2023-03-29 21:18:15,024 [JvmPauseMonitor16] INFO  util.JvmPauseMonitor (JvmPauseMonitor.java:run(105)) - JvmPauseMonitor-om1: Started
2023-03-29 21:18:15,035 [Listener at 127.0.0.1/32841] INFO  http.BaseHttpServer (BaseHttpServer.java:newHttpServer2BuilderForOzone(224)) - Starting Web-server for ozoneManager at: http://0.0.0.0:0
2023-03-29 21:18:15,035 [Listener at 127.0.0.1/32841] INFO  http.BaseHttpServer (BaseHttpServer.java:<init>(111)) - Hadoop Security Enabled: false Ozone Security Enabled: false Ozone HTTP Security Enabled: false 
2023-03-29 21:18:15,036 [Listener at 127.0.0.1/32841] WARN  server.AuthenticationFilter (AuthenticationFilter.java:constructSecretProvider(240)) - Unable to initialize FileSignerSecretProvider, falling back to use random secrets. Reason: Could not read signature secret file: /home/runner/hadoop-http-auth-signature-secret
2023-03-29 21:18:15,040 [Listener at 127.0.0.1/32841] WARN  http.HttpRequestLog (HttpRequestLog.java:getRequestLog(103)) - Jetty request log can only be enabled using Log4j
2023-03-29 21:18:15,041 [Listener at 127.0.0.1/32841] INFO  http.HttpServer2 (HttpServer2.java:addGlobalFilter(1031)) - Added global filter 'safety' (class=org.apache.hadoop.hdds.server.http.HttpServer2$QuotingInputFilter)
2023-03-29 21:18:15,042 [Listener at 127.0.0.1/32841] INFO  http.HttpServer2 (HttpServer2.java:addFilter(1007)) - Added filter static_user_filter (class=org.apache.hadoop.http.lib.StaticUserWebFilter$StaticUserFilter) to context ozoneManager
2023-03-29 21:18:15,042 [Listener at 127.0.0.1/32841] INFO  http.HttpServer2 (HttpServer2.java:addFilter(1015)) - Added filter static_user_filter (class=org.apache.hadoop.http.lib.StaticUserWebFilter$StaticUserFilter) to context static
2023-03-29 21:18:15,042 [Listener at 127.0.0.1/32841] INFO  http.HttpServer2 (HttpServer2.java:addFilter(1015)) - Added filter static_user_filter (class=org.apache.hadoop.http.lib.StaticUserWebFilter$StaticUserFilter) to context logs
2023-03-29 21:18:15,042 [Listener at 127.0.0.1/32841] INFO  http.BaseHttpServer (BaseHttpServer.java:<init>(190)) - HTTP server of ozoneManager uses base directory /home/runner/work/ozone/ozone/hadoop-ozone/integration-test/target/test-dir/MiniOzoneClusterImpl-94458d0b-d5a8-4c00-b4e5-5292a8a953be/ozone-meta/webserver
2023-03-29 21:18:15,042 [Listener at 127.0.0.1/32841] INFO  http.HttpServer2 (HttpServer2.java:bindListener(1250)) - Jetty bound to port 44261
2023-03-29 21:18:15,042 [Listener at 127.0.0.1/32841] INFO  server.Server (Server.java:doStart(375)) - jetty-9.4.49.v20220914; built: 2022-09-14T01:07:36.601Z; git: 4231a3b2e4cb8548a412a789936d640a97b1aa0a; jvm 1.8.0_362-b09
2023-03-29 21:18:15,046 [Listener at 127.0.0.1/32841] INFO  server.session (DefaultSessionIdManager.java:doStart(334)) - DefaultSessionIdManager workerName=node0
2023-03-29 21:18:15,046 [Listener at 127.0.0.1/32841] INFO  server.session (DefaultSessionIdManager.java:doStart(339)) - No SessionScavenger set, using defaults
2023-03-29 21:18:15,046 [Listener at 127.0.0.1/32841] INFO  server.session (HouseKeeper.java:startScavenging(132)) - node0 Scavenging every 660000ms
2023-03-29 21:18:15,046 [Listener at 127.0.0.1/32841] INFO  handler.ContextHandler (ContextHandler.java:doStart(921)) - Started o.e.j.s.ServletContextHandler@6098593d{logs,/logs,file:///home/runner/work/ozone/ozone/hadoop-ozone/integration-test/target/log,AVAILABLE}
2023-03-29 21:18:15,047 [Listener at 127.0.0.1/32841] INFO  handler.ContextHandler (ContextHandler.java:doStart(921)) - Started o.e.j.s.ServletContextHandler@68ecf04e{static,/static,file:///home/runner/work/ozone/ozone/hadoop-ozone/integration-test/target/test-classes/webapps/static,AVAILABLE}
2023-03-29 21:18:15,049 [Listener at 127.0.0.1/32841] INFO  handler.ContextHandler (ContextHandler.java:doStart(921)) - Started o.e.j.w.WebAppContext@3f525df2{ozoneManager,/,file:///home/runner/work/ozone/ozone/hadoop-ozone/integration-test/target/test-classes/webapps/ozoneManager/,AVAILABLE}{file:/home/runner/work/ozone/ozone/hadoop-ozone/integration-test/target/test-classes/webapps/ozoneManager}
2023-03-29 21:18:15,057 [Listener at 127.0.0.1/32841] INFO  server.AbstractConnector (AbstractConnector.java:doStart(333)) - Started ServerConnector@46a3bbc{HTTP/1.1, (http/1.1)}{0.0.0.0:44261}
2023-03-29 21:18:15,057 [Listener at 127.0.0.1/32841] INFO  server.Server (Server.java:doStart(415)) - Started @148823ms
2023-03-29 21:18:15,057 [Listener at 127.0.0.1/32841] WARN  impl.MetricsSystemImpl (MetricsSystemImpl.java:register(279)) - Sink prometheus already exists!
2023-03-29 21:18:15,057 [Listener at 127.0.0.1/32841] INFO  http.BaseHttpServer (BaseHttpServer.java:updateConnectorAddress(344)) - HTTP server of ozoneManager listening at http://0.0.0.0:44261
2023-03-29 21:18:15,058 [IPC Server Responder] INFO  ipc.Server (Server.java:run(1512)) - IPC Server Responder: starting
2023-03-29 21:18:15,058 [IPC Server listener on 0] INFO  ipc.Server (Server.java:run(1352)) - IPC Server listener on 0: starting
2023-03-29 21:18:15,059 [Listener at 127.0.0.1/32841] INFO  om.OzoneManager (OzoneManager.java:startTrashEmptier(2040)) - Trash Interval set to 0. Files deleted won't move to trash
2023-03-29 21:18:15,073 [org.apache.hadoop.util.JvmPauseMonitor$Monitor@7823ea4d] INFO  util.JvmPauseMonitor (JvmPauseMonitor.java:run(188)) - Starting JVM pause monitor
2023-03-29 21:18:15,074 [Listener at 127.0.0.1/32841] WARN  impl.MetricRegistriesImpl (MetricRegistriesImpl.java:addReporterRegistration(111)) - New reporters are added after registries were created. Some metrics will be missing from the reporter. Please add reporter before adding any new registry.
2023-03-29 21:18:15,074 [Listener at 127.0.0.1/32841] WARN  impl.MetricRegistriesImpl (MetricRegistriesImpl.java:addReporterRegistration(111)) - New reporters are added after registries were created. Some metrics will be missing from the reporter. Please add reporter before adding any new registry.
2023-03-29 21:18:15,075 [Listener at 127.0.0.1/32841] INFO  impl.MetricsSystemImpl (MetricsSystemImpl.java:init(158)) - HddsDatanode metrics system started (again)
2023-03-29 21:18:15,085 [Listener at 127.0.0.1/32841] INFO  ozone.HddsDatanodeService (HddsDatanodeService.java:start(249)) - HddsDatanodeService host:fv-az308-773 ip:10.1.0.17
2023-03-29 21:18:15,107 [Listener at 127.0.0.1/32841] INFO  upgrade.AbstractLayoutVersionManager (AbstractLayoutVersionManager.java:init(83)) - Initializing Layout version manager with metadata layout = DATANODE_SCHEMA_V3 (version = 4), software layout = DATANODE_SCHEMA_V3 (version = 4)
2023-03-29 21:18:15,152 [Listener at 127.0.0.1/32841] INFO  reflections.Reflections (Reflections.java:scan(232)) - Reflections took 43 ms to scan 7 urls, producing 155 keys and 368 values 
2023-03-29 21:18:15,154 [Listener at 127.0.0.1/32841] INFO  statemachine.DatanodeStateMachine (DatanodeStateMachine.java:getEndPointTaskThreadPoolSize(260)) - Datanode State Machine Task Thread Pool size 2
2023-03-29 21:18:15,158 [Listener at 127.0.0.1/32841] INFO  volume.HddsVolume (HddsVolume.java:<init>(130)) - Creating HddsVolume: /home/runner/work/ozone/ozone/hadoop-ozone/integration-test/target/test-dir/MiniOzoneClusterImpl-94458d0b-d5a8-4c00-b4e5-5292a8a953be/datanode-0/data-0/containers/hdds of storage type : DISK capacity : 9223372036854775807
2023-03-29 21:18:15,158 [Listener at 127.0.0.1/32841] INFO  volume.MutableVolumeSet (MutableVolumeSet.java:initializeVolumeSet(175)) - Added Volume : /home/runner/work/ozone/ozone/hadoop-ozone/integration-test/target/test-dir/MiniOzoneClusterImpl-94458d0b-d5a8-4c00-b4e5-5292a8a953be/datanode-0/data-0/containers/hdds to VolumeSet
2023-03-29 21:18:15,158 [Listener at 127.0.0.1/32841] INFO  volume.ThrottledAsyncChecker (ThrottledAsyncChecker.java:schedule(141)) - Scheduling a check for /home/runner/work/ozone/ozone/hadoop-ozone/integration-test/target/test-dir/MiniOzoneClusterImpl-94458d0b-d5a8-4c00-b4e5-5292a8a953be/datanode-0/data-0/containers/hdds
2023-03-29 21:18:15,161 [Listener at 127.0.0.1/32841] INFO  volume.StorageVolumeChecker (StorageVolumeChecker.java:checkAllVolumes(202)) - Scheduled health check for volume /home/runner/work/ozone/ozone/hadoop-ozone/integration-test/target/test-dir/MiniOzoneClusterImpl-94458d0b-d5a8-4c00-b4e5-5292a8a953be/datanode-0/data-0/containers/hdds
2023-03-29 21:18:15,173 [Listener at 127.0.0.1/32841] INFO  volume.MutableVolumeSet (MutableVolumeSet.java:initializeVolumeSet(175)) - Added Volume : /home/runner/work/ozone/ozone/hadoop-ozone/integration-test/target/test-dir/MiniOzoneClusterImpl-94458d0b-d5a8-4c00-b4e5-5292a8a953be/datanode-0/data/ratis to VolumeSet
2023-03-29 21:18:15,173 [Listener at 127.0.0.1/32841] INFO  volume.ThrottledAsyncChecker (ThrottledAsyncChecker.java:schedule(141)) - Scheduling a check for /home/runner/work/ozone/ozone/hadoop-ozone/integration-test/target/test-dir/MiniOzoneClusterImpl-94458d0b-d5a8-4c00-b4e5-5292a8a953be/datanode-0/data/ratis
2023-03-29 21:18:15,173 [Listener at 127.0.0.1/32841] INFO  volume.StorageVolumeChecker (StorageVolumeChecker.java:checkAllVolumes(202)) - Scheduled health check for volume /home/runner/work/ozone/ozone/hadoop-ozone/integration-test/target/test-dir/MiniOzoneClusterImpl-94458d0b-d5a8-4c00-b4e5-5292a8a953be/datanode-0/data/ratis
2023-03-29 21:18:15,183 [Thread-1770] INFO  ozoneimpl.ContainerReader (ContainerReader.java:readVolume(175)) - Finish verifying containers on volume /home/runner/work/ozone/ozone/hadoop-ozone/integration-test/target/test-dir/MiniOzoneClusterImpl-94458d0b-d5a8-4c00-b4e5-5292a8a953be/datanode-0/data-0/containers/hdds
2023-03-29 21:18:15,183 [Listener at 127.0.0.1/32841] INFO  ozoneimpl.OzoneContainer (OzoneContainer.java:buildContainerSet(303)) - Build ContainerSet costs 0s
2023-03-29 21:18:15,185 [Listener at 127.0.0.1/32841] INFO  server.RaftServer (ConfUtils.java:logGet(46)) - raft.rpc.type = GRPC (default)
2023-03-29 21:18:15,185 [Listener at 127.0.0.1/32841] INFO  grpc.GrpcConfigKeys (ConfUtils.java:logFallback(53)) - raft.grpc.admin.host = null (fallback to raft.grpc.server.host)
2023-03-29 21:18:15,185 [Listener at 127.0.0.1/32841] INFO  grpc.GrpcConfigKeys (ConfUtils.java:logGet(46)) - raft.grpc.admin.port = 0 (custom)
2023-03-29 21:18:15,185 [Listener at 127.0.0.1/32841] INFO  grpc.GrpcConfigKeys (ConfUtils.java:logFallback(53)) - raft.grpc.client.host = null (fallback to raft.grpc.server.host)
2023-03-29 21:18:15,185 [Listener at 127.0.0.1/32841] INFO  grpc.GrpcConfigKeys (ConfUtils.java:logGet(46)) - raft.grpc.client.port = 0 (custom)
2023-03-29 21:18:15,185 [Listener at 127.0.0.1/32841] INFO  grpc.GrpcConfigKeys (ConfUtils.java:logGet(46)) - raft.grpc.server.host = null (default)
2023-03-29 21:18:15,185 [Listener at 127.0.0.1/32841] INFO  grpc.GrpcConfigKeys (ConfUtils.java:logGet(46)) - raft.grpc.server.port = 0 (default)
2023-03-29 21:18:15,185 [Listener at 127.0.0.1/32841] INFO  server.GrpcService (ConfUtils.java:logGet(46)) - raft.grpc.message.size.max = 32MB (=33554432) (custom)
2023-03-29 21:18:15,185 [Listener at 127.0.0.1/32841] INFO  server.RaftServerConfigKeys (ConfUtils.java:logGet(46)) - raft.server.log.appender.buffer.byte-limit = 33554432 (custom)
2023-03-29 21:18:15,186 [Listener at 127.0.0.1/32841] INFO  server.GrpcService (ConfUtils.java:logGet(46)) - raft.grpc.flow.control.window = 5MB (=5242880) (custom)
2023-03-29 21:18:15,186 [Listener at 127.0.0.1/32841] INFO  server.RaftServerConfigKeys (ConfUtils.java:logGet(46)) - raft.server.rpc.request.timeout = 60s (custom)
2023-03-29 21:18:15,186 [Listener at 127.0.0.1/32841] INFO  grpc.GrpcConfigKeys (ConfUtils.java:logGet(46)) - raft.grpc.server.heartbeat.channel = true (default)
2023-03-29 21:18:15,186 [Listener at 127.0.0.1/32841] INFO  grpc.GrpcConfigKeys (ConfUtils.java:logGet(46)) - raft.grpc.server.async.request.thread.pool.cached = true (default)
2023-03-29 21:18:15,186 [Listener at 127.0.0.1/32841] INFO  grpc.GrpcConfigKeys (ConfUtils.java:logGet(46)) - raft.grpc.server.async.request.thread.pool.size = 32 (default)
2023-03-29 21:18:15,187 [Listener at 127.0.0.1/32841] INFO  impl.DataStreamServerImpl (ConfUtils.java:logGet(46)) - raft.datastream.type = NETTY (custom)
2023-03-29 21:18:15,187 [Listener at 127.0.0.1/32841] INFO  server.RaftServerConfigKeys (ConfUtils.java:logGet(46)) - raft.server.data-stream.async.request.thread.pool.cached = false (default)
2023-03-29 21:18:15,187 [Listener at 127.0.0.1/32841] INFO  server.RaftServerConfigKeys (ConfUtils.java:logGet(46)) - raft.server.data-stream.async.request.thread.pool.size = 20 (custom)
2023-03-29 21:18:15,187 [Listener at 127.0.0.1/32841] INFO  server.RaftServerConfigKeys (ConfUtils.java:logGet(46)) - raft.server.data-stream.async.write.thread.pool.size = 16 (default)
2023-03-29 21:18:15,187 [Listener at 127.0.0.1/32841] INFO  server.RaftServerConfigKeys (ConfUtils.java:logGet(46)) - raft.server.data-stream.client.pool.size = 10 (default)
2023-03-29 21:18:15,187 [Listener at 127.0.0.1/32841] INFO  netty.NettyConfigKeys$DataStream (ConfUtils.java:logGet(46)) - raft.netty.dataStream.server.use-epoll = false (default)
2023-03-29 21:18:15,187 [Listener at 127.0.0.1/32841] INFO  netty.NettyConfigKeys$DataStream (ConfUtils.java:logGet(46)) - raft.netty.dataStream.server.boss-group.size = 0 (default)
2023-03-29 21:18:15,188 [Listener at 127.0.0.1/32841] INFO  netty.NettyConfigKeys$DataStream (ConfUtils.java:logGet(46)) - raft.netty.dataStream.server.worker-group.size = 0 (default)
2023-03-29 21:18:15,188 [Listener at 127.0.0.1/32841] INFO  netty.NettyConfigKeys$DataStream (ConfUtils.java:logGet(46)) - raft.netty.dataStream.server.tls.conf = null (default)
2023-03-29 21:18:15,188 [Listener at 127.0.0.1/32841] INFO  netty.NettyConfigKeys$DataStream (ConfUtils.java:logGet(46)) - raft.netty.dataStream.host = null (default)
2023-03-29 21:18:15,188 [Listener at 127.0.0.1/32841] INFO  netty.NettyConfigKeys$DataStream (ConfUtils.java:logGet(46)) - raft.netty.dataStream.port = 0 (default)
2023-03-29 21:18:15,189 [Listener at 127.0.0.1/32841] INFO  server.RaftServerConfigKeys (ConfUtils.java:logGet(46)) - raft.server.threadpool.proxy.cached = true (default)
2023-03-29 21:18:15,190 [Listener at 127.0.0.1/32841] INFO  server.RaftServerConfigKeys (ConfUtils.java:logGet(46)) - raft.server.threadpool.proxy.size = 0 (default)
2023-03-29 21:18:15,190 [Listener at 127.0.0.1/32841] INFO  server.RaftServerConfigKeys (ConfUtils.java:logGet(46)) - raft.server.rpc.slowness.timeout = 300s (custom)
2023-03-29 21:18:15,190 [Listener at 127.0.0.1/32841] INFO  server.RaftServerConfigKeys (ConfUtils.java:logGet(46)) - raft.server.leaderelection.leader.step-down.wait-time = 10s (default)
2023-03-29 21:18:15,190 [Listener at 127.0.0.1/32841] INFO  server.RaftServerConfigKeys (ConfUtils.java:logGet(46)) - raft.server.storage.dir = [/home/runner/work/ozone/ozone/hadoop-ozone/integration-test/target/test-dir/MiniOzoneClusterImpl-94458d0b-d5a8-4c00-b4e5-5292a8a953be/datanode-0/data/ratis] (custom)
2023-03-29 21:18:15,190 [97ece121-4ac7-48f5-a423-498260ac9270-NettyServerStreamRpc-bossGroup--thread1] INFO  logging.LoggingHandler (AbstractInternalLogger.java:log(148)) - [id: 0x651776ec] REGISTERED
2023-03-29 21:18:15,190 [97ece121-4ac7-48f5-a423-498260ac9270-NettyServerStreamRpc-bossGroup--thread1] INFO  logging.LoggingHandler (AbstractInternalLogger.java:log(148)) - [id: 0x651776ec] BIND: 0.0.0.0/0.0.0.0:0
2023-03-29 21:18:15,190 [97ece121-4ac7-48f5-a423-498260ac9270-NettyServerStreamRpc-bossGroup--thread1] INFO  logging.LoggingHandler (AbstractInternalLogger.java:log(148)) - [id: 0x651776ec, L:/0:0:0:0:0:0:0:0:37963] ACTIVE
2023-03-29 21:18:15,192 [Listener at 127.0.0.1/32841] INFO  server.XceiverServerGrpc (XceiverServerGrpc.java:<init>(132)) - GrpcServer channel type EpollServerSocketChannel
2023-03-29 21:18:15,195 [Listener at 127.0.0.1/32841] INFO  http.BaseHttpServer (BaseHttpServer.java:newHttpServer2BuilderForOzone(224)) - Starting Web-server for hddsDatanode at: http://0.0.0.0:0
2023-03-29 21:18:15,195 [Listener at 127.0.0.1/32841] INFO  http.BaseHttpServer (BaseHttpServer.java:<init>(111)) - Hadoop Security Enabled: false Ozone Security Enabled: false Ozone HTTP Security Enabled: false 
2023-03-29 21:18:15,196 [Listener at 127.0.0.1/32841] WARN  server.AuthenticationFilter (AuthenticationFilter.java:constructSecretProvider(240)) - Unable to initialize FileSignerSecretProvider, falling back to use random secrets. Reason: Could not read signature secret file: /home/runner/hadoop-http-auth-signature-secret
2023-03-29 21:18:15,197 [Listener at 127.0.0.1/32841] WARN  http.HttpRequestLog (HttpRequestLog.java:getRequestLog(103)) - Jetty request log can only be enabled using Log4j
2023-03-29 21:18:15,198 [Listener at 127.0.0.1/32841] INFO  http.HttpServer2 (HttpServer2.java:addGlobalFilter(1031)) - Added global filter 'safety' (class=org.apache.hadoop.hdds.server.http.HttpServer2$QuotingInputFilter)
2023-03-29 21:18:15,199 [Listener at 127.0.0.1/32841] INFO  http.HttpServer2 (HttpServer2.java:addFilter(1007)) - Added filter static_user_filter (class=org.apache.hadoop.http.lib.StaticUserWebFilter$StaticUserFilter) to context hddsDatanode
2023-03-29 21:18:15,199 [Listener at 127.0.0.1/32841] INFO  http.HttpServer2 (HttpServer2.java:addFilter(1015)) - Added filter static_user_filter (class=org.apache.hadoop.http.lib.StaticUserWebFilter$StaticUserFilter) to context logs
2023-03-29 21:18:15,199 [Listener at 127.0.0.1/32841] INFO  http.HttpServer2 (HttpServer2.java:addFilter(1015)) - Added filter static_user_filter (class=org.apache.hadoop.http.lib.StaticUserWebFilter$StaticUserFilter) to context static
2023-03-29 21:18:15,199 [Listener at 127.0.0.1/32841] INFO  http.BaseHttpServer (BaseHttpServer.java:<init>(190)) - HTTP server of hddsDatanode uses base directory /home/runner/work/ozone/ozone/hadoop-ozone/integration-test/target/test-dir/MiniOzoneClusterImpl-94458d0b-d5a8-4c00-b4e5-5292a8a953be/datanode-0/meta/webserver
2023-03-29 21:18:15,199 [Listener at 127.0.0.1/32841] INFO  http.HttpServer2 (HttpServer2.java:bindListener(1250)) - Jetty bound to port 41315
2023-03-29 21:18:15,199 [Listener at 127.0.0.1/32841] INFO  server.Server (Server.java:doStart(375)) - jetty-9.4.49.v20220914; built: 2022-09-14T01:07:36.601Z; git: 4231a3b2e4cb8548a412a789936d640a97b1aa0a; jvm 1.8.0_362-b09
2023-03-29 21:18:15,202 [Listener at 127.0.0.1/32841] INFO  server.session (DefaultSessionIdManager.java:doStart(334)) - DefaultSessionIdManager workerName=node0
2023-03-29 21:18:15,203 [Listener at 127.0.0.1/32841] INFO  server.session (DefaultSessionIdManager.java:doStart(339)) - No SessionScavenger set, using defaults
2023-03-29 21:18:15,203 [Listener at 127.0.0.1/32841] INFO  server.session (HouseKeeper.java:startScavenging(132)) - node0 Scavenging every 600000ms
2023-03-29 21:18:15,204 [Listener at 127.0.0.1/32841] INFO  handler.ContextHandler (ContextHandler.java:doStart(921)) - Started o.e.j.s.ServletContextHandler@4b376203{logs,/logs,file:///home/runner/work/ozone/ozone/hadoop-ozone/integration-test/target/log,AVAILABLE}
2023-03-29 21:18:15,204 [Listener at 127.0.0.1/32841] INFO  handler.ContextHandler (ContextHandler.java:doStart(921)) - Started o.e.j.s.ServletContextHandler@8777fe{static,/static,jar:file:/home/runner/.m2/repository/org/apache/ozone/hdds-container-service/1.4.0-SNAPSHOT/hdds-container-service-1.4.0-SNAPSHOT.jar!/webapps/static,AVAILABLE}
2023-03-29 21:18:15,481 [Listener at 127.0.0.1/32841] INFO  handler.ContextHandler (ContextHandler.java:doStart(921)) - Started o.e.j.w.WebAppContext@6ed5640e{hddsDatanode,/,file:///home/runner/work/ozone/ozone/hadoop-ozone/integration-test/target/test-dir/MiniOzoneClusterImpl-94458d0b-d5a8-4c00-b4e5-5292a8a953be/datanode-0/meta/webserver/jetty-0_0_0_0-41315-hdds-container-service-1_4_0-SNAPSHOT_jar-_-any-8875158713862166817/webapp/,AVAILABLE}{jar:file:/home/runner/.m2/repository/org/apache/ozone/hdds-container-service/1.4.0-SNAPSHOT/hdds-container-service-1.4.0-SNAPSHOT.jar!/webapps/hddsDatanode}
2023-03-29 21:18:15,483 [Listener at 127.0.0.1/32841] INFO  server.AbstractConnector (AbstractConnector.java:doStart(333)) - Started ServerConnector@72d1a970{HTTP/1.1, (http/1.1)}{0.0.0.0:41315}
2023-03-29 21:18:15,484 [Listener at 127.0.0.1/32841] INFO  server.Server (Server.java:doStart(415)) - Started @149250ms
2023-03-29 21:18:15,484 [Listener at 127.0.0.1/32841] WARN  impl.MetricsSystemImpl (MetricsSystemImpl.java:register(279)) - Sink prometheus already exists!
2023-03-29 21:18:15,484 [Listener at 127.0.0.1/32841] INFO  http.BaseHttpServer (BaseHttpServer.java:updateConnectorAddress(344)) - HTTP server of hddsDatanode listening at http://0.0.0.0:41315
2023-03-29 21:18:15,485 [Listener at 127.0.0.1/32841] WARN  impl.MetricRegistriesImpl (MetricRegistriesImpl.java:addReporterRegistration(111)) - New reporters are added after registries were created. Some metrics will be missing from the reporter. Please add reporter before adding any new registry.
2023-03-29 21:18:15,485 [Listener at 127.0.0.1/32841] WARN  impl.MetricRegistriesImpl (MetricRegistriesImpl.java:addReporterRegistration(111)) - New reporters are added after registries were created. Some metrics will be missing from the reporter. Please add reporter before adding any new registry.
2023-03-29 21:18:15,485 [Listener at 127.0.0.1/32841] INFO  impl.MetricsSystemImpl (MetricsSystemImpl.java:init(158)) - HddsDatanode metrics system started (again)
2023-03-29 21:18:15,495 [Listener at 127.0.0.1/32841] INFO  ozone.HddsDatanodeService (HddsDatanodeService.java:start(249)) - HddsDatanodeService host:fv-az308-773 ip:10.1.0.17
2023-03-29 21:18:15,496 [Datanode State Machine Daemon Thread] INFO  statemachine.DatanodeStateMachine (DatanodeStateMachine.java:lambda$startDaemon$0(517)) - Ozone container server started.
2023-03-29 21:18:15,511 [org.apache.hadoop.util.JvmPauseMonitor$Monitor@27b60c15] INFO  util.JvmPauseMonitor (JvmPauseMonitor.java:run(188)) - Starting JVM pause monitor
2023-03-29 21:18:15,522 [Datanode State Machine Task Thread - 0] INFO  datanode.InitDatanodeState (InitDatanodeState.java:persistContainerDatanodeDetails(138)) - DatanodeDetails is persisted to /home/runner/work/ozone/ozone/hadoop-ozone/integration-test/target/test-dir/MiniOzoneClusterImpl-94458d0b-d5a8-4c00-b4e5-5292a8a953be/datanode-0/meta/datanode.id
2023-03-29 21:18:15,522 [Listener at 127.0.0.1/32841] INFO  upgrade.AbstractLayoutVersionManager (AbstractLayoutVersionManager.java:init(83)) - Initializing Layout version manager with metadata layout = DATANODE_SCHEMA_V3 (version = 4), software layout = DATANODE_SCHEMA_V3 (version = 4)
2023-03-29 21:18:15,572 [Listener at 127.0.0.1/32841] INFO  reflections.Reflections (Reflections.java:scan(232)) - Reflections took 49 ms to scan 7 urls, producing 155 keys and 368 values 
2023-03-29 21:18:15,573 [Listener at 127.0.0.1/32841] INFO  statemachine.DatanodeStateMachine (DatanodeStateMachine.java:getEndPointTaskThreadPoolSize(260)) - Datanode State Machine Task Thread Pool size 2
2023-03-29 21:18:15,575 [Listener at 127.0.0.1/32841] INFO  volume.HddsVolume (HddsVolume.java:<init>(130)) - Creating HddsVolume: /home/runner/work/ozone/ozone/hadoop-ozone/integration-test/target/test-dir/MiniOzoneClusterImpl-94458d0b-d5a8-4c00-b4e5-5292a8a953be/datanode-1/data-0/containers/hdds of storage type : DISK capacity : 9223372036854775807
2023-03-29 21:18:15,575 [Listener at 127.0.0.1/32841] INFO  volume.MutableVolumeSet (MutableVolumeSet.java:initializeVolumeSet(175)) - Added Volume : /home/runner/work/ozone/ozone/hadoop-ozone/integration-test/target/test-dir/MiniOzoneClusterImpl-94458d0b-d5a8-4c00-b4e5-5292a8a953be/datanode-1/data-0/containers/hdds to VolumeSet
2023-03-29 21:18:15,575 [Listener at 127.0.0.1/32841] INFO  volume.ThrottledAsyncChecker (ThrottledAsyncChecker.java:schedule(141)) - Scheduling a check for /home/runner/work/ozone/ozone/hadoop-ozone/integration-test/target/test-dir/MiniOzoneClusterImpl-94458d0b-d5a8-4c00-b4e5-5292a8a953be/datanode-1/data-0/containers/hdds
2023-03-29 21:18:15,576 [Listener at 127.0.0.1/32841] INFO  volume.StorageVolumeChecker (StorageVolumeChecker.java:checkAllVolumes(202)) - Scheduled health check for volume /home/runner/work/ozone/ozone/hadoop-ozone/integration-test/target/test-dir/MiniOzoneClusterImpl-94458d0b-d5a8-4c00-b4e5-5292a8a953be/datanode-1/data-0/containers/hdds
2023-03-29 21:18:15,587 [Listener at 127.0.0.1/32841] INFO  volume.MutableVolumeSet (MutableVolumeSet.java:initializeVolumeSet(175)) - Added Volume : /home/runner/work/ozone/ozone/hadoop-ozone/integration-test/target/test-dir/MiniOzoneClusterImpl-94458d0b-d5a8-4c00-b4e5-5292a8a953be/datanode-1/data/ratis to VolumeSet
2023-03-29 21:18:15,587 [Listener at 127.0.0.1/32841] INFO  volume.ThrottledAsyncChecker (ThrottledAsyncChecker.java:schedule(141)) - Scheduling a check for /home/runner/work/ozone/ozone/hadoop-ozone/integration-test/target/test-dir/MiniOzoneClusterImpl-94458d0b-d5a8-4c00-b4e5-5292a8a953be/datanode-1/data/ratis
2023-03-29 21:18:15,587 [Listener at 127.0.0.1/32841] INFO  volume.StorageVolumeChecker (StorageVolumeChecker.java:checkAllVolumes(202)) - Scheduled health check for volume /home/runner/work/ozone/ozone/hadoop-ozone/integration-test/target/test-dir/MiniOzoneClusterImpl-94458d0b-d5a8-4c00-b4e5-5292a8a953be/datanode-1/data/ratis
2023-03-29 21:18:15,598 [Thread-1784] INFO  ozoneimpl.ContainerReader (ContainerReader.java:readVolume(175)) - Finish verifying containers on volume /home/runner/work/ozone/ozone/hadoop-ozone/integration-test/target/test-dir/MiniOzoneClusterImpl-94458d0b-d5a8-4c00-b4e5-5292a8a953be/datanode-1/data-0/containers/hdds
2023-03-29 21:18:15,598 [Listener at 127.0.0.1/32841] INFO  ozoneimpl.OzoneContainer (OzoneContainer.java:buildContainerSet(303)) - Build ContainerSet costs 0s
2023-03-29 21:18:15,600 [Listener at 127.0.0.1/32841] INFO  server.RaftServer (ConfUtils.java:logGet(46)) - raft.rpc.type = GRPC (default)
2023-03-29 21:18:15,600 [Listener at 127.0.0.1/32841] INFO  grpc.GrpcConfigKeys (ConfUtils.java:logFallback(53)) - raft.grpc.admin.host = null (fallback to raft.grpc.server.host)
2023-03-29 21:18:15,600 [Listener at 127.0.0.1/32841] INFO  grpc.GrpcConfigKeys (ConfUtils.java:logGet(46)) - raft.grpc.admin.port = 0 (custom)
2023-03-29 21:18:15,600 [Listener at 127.0.0.1/32841] INFO  grpc.GrpcConfigKeys (ConfUtils.java:logFallback(53)) - raft.grpc.client.host = null (fallback to raft.grpc.server.host)
2023-03-29 21:18:15,600 [Listener at 127.0.0.1/32841] INFO  grpc.GrpcConfigKeys (ConfUtils.java:logGet(46)) - raft.grpc.client.port = 0 (custom)
2023-03-29 21:18:15,600 [Listener at 127.0.0.1/32841] INFO  grpc.GrpcConfigKeys (ConfUtils.java:logGet(46)) - raft.grpc.server.host = null (default)
2023-03-29 21:18:15,600 [Listener at 127.0.0.1/32841] INFO  grpc.GrpcConfigKeys (ConfUtils.java:logGet(46)) - raft.grpc.server.port = 0 (default)
2023-03-29 21:18:15,600 [Listener at 127.0.0.1/32841] INFO  server.GrpcService (ConfUtils.java:logGet(46)) - raft.grpc.message.size.max = 32MB (=33554432) (custom)
2023-03-29 21:18:15,600 [Listener at 127.0.0.1/32841] INFO  server.RaftServerConfigKeys (ConfUtils.java:logGet(46)) - raft.server.log.appender.buffer.byte-limit = 33554432 (custom)
2023-03-29 21:18:15,600 [Listener at 127.0.0.1/32841] INFO  server.GrpcService (ConfUtils.java:logGet(46)) - raft.grpc.flow.control.window = 5MB (=5242880) (custom)
2023-03-29 21:18:15,600 [Listener at 127.0.0.1/32841] INFO  server.RaftServerConfigKeys (ConfUtils.java:logGet(46)) - raft.server.rpc.request.timeout = 60s (custom)
2023-03-29 21:18:15,602 [Listener at 127.0.0.1/32841] INFO  grpc.GrpcConfigKeys (ConfUtils.java:logGet(46)) - raft.grpc.server.heartbeat.channel = true (default)
2023-03-29 21:18:15,602 [Listener at 127.0.0.1/32841] INFO  grpc.GrpcConfigKeys (ConfUtils.java:logGet(46)) - raft.grpc.server.async.request.thread.pool.cached = true (default)
2023-03-29 21:18:15,603 [Listener at 127.0.0.1/32841] INFO  grpc.GrpcConfigKeys (ConfUtils.java:logGet(46)) - raft.grpc.server.async.request.thread.pool.size = 32 (default)
2023-03-29 21:18:15,604 [Listener at 127.0.0.1/32841] INFO  impl.DataStreamServerImpl (ConfUtils.java:logGet(46)) - raft.datastream.type = NETTY (custom)
2023-03-29 21:18:15,604 [Listener at 127.0.0.1/32841] INFO  server.RaftServerConfigKeys (ConfUtils.java:logGet(46)) - raft.server.data-stream.async.request.thread.pool.cached = false (default)
2023-03-29 21:18:15,604 [Listener at 127.0.0.1/32841] INFO  server.RaftServerConfigKeys (ConfUtils.java:logGet(46)) - raft.server.data-stream.async.request.thread.pool.size = 20 (custom)
2023-03-29 21:18:15,604 [Listener at 127.0.0.1/32841] INFO  server.RaftServerConfigKeys (ConfUtils.java:logGet(46)) - raft.server.data-stream.async.write.thread.pool.size = 16 (default)
2023-03-29 21:18:15,604 [Listener at 127.0.0.1/32841] INFO  server.RaftServerConfigKeys (ConfUtils.java:logGet(46)) - raft.server.data-stream.client.pool.size = 10 (default)
2023-03-29 21:18:15,604 [Listener at 127.0.0.1/32841] INFO  netty.NettyConfigKeys$DataStream (ConfUtils.java:logGet(46)) - raft.netty.dataStream.server.use-epoll = false (default)
2023-03-29 21:18:15,604 [Listener at 127.0.0.1/32841] INFO  netty.NettyConfigKeys$DataStream (ConfUtils.java:logGet(46)) - raft.netty.dataStream.server.boss-group.size = 0 (default)
2023-03-29 21:18:15,605 [Listener at 127.0.0.1/32841] INFO  netty.NettyConfigKeys$DataStream (ConfUtils.java:logGet(46)) - raft.netty.dataStream.server.worker-group.size = 0 (default)
2023-03-29 21:18:15,605 [Listener at 127.0.0.1/32841] INFO  netty.NettyConfigKeys$DataStream (ConfUtils.java:logGet(46)) - raft.netty.dataStream.server.tls.conf = null (default)
2023-03-29 21:18:15,605 [Listener at 127.0.0.1/32841] INFO  netty.NettyConfigKeys$DataStream (ConfUtils.java:logGet(46)) - raft.netty.dataStream.host = null (default)
2023-03-29 21:18:15,605 [Listener at 127.0.0.1/32841] INFO  netty.NettyConfigKeys$DataStream (ConfUtils.java:logGet(46)) - raft.netty.dataStream.port = 0 (default)
2023-03-29 21:18:15,613 [Listener at 127.0.0.1/32841] INFO  server.RaftServerConfigKeys (ConfUtils.java:logGet(46)) - raft.server.threadpool.proxy.cached = true (default)
2023-03-29 21:18:15,613 [Listener at 127.0.0.1/32841] INFO  server.RaftServerConfigKeys (ConfUtils.java:logGet(46)) - raft.server.threadpool.proxy.size = 0 (default)
2023-03-29 21:18:15,613 [Listener at 127.0.0.1/32841] INFO  server.RaftServerConfigKeys (ConfUtils.java:logGet(46)) - raft.server.rpc.slowness.timeout = 300s (custom)
2023-03-29 21:18:15,613 [Listener at 127.0.0.1/32841] INFO  server.RaftServerConfigKeys (ConfUtils.java:logGet(46)) - raft.server.leaderelection.leader.step-down.wait-time = 10s (default)
2023-03-29 21:18:15,614 [Listener at 127.0.0.1/32841] INFO  server.RaftServerConfigKeys (ConfUtils.java:logGet(46)) - raft.server.storage.dir = [/home/runner/work/ozone/ozone/hadoop-ozone/integration-test/target/test-dir/MiniOzoneClusterImpl-94458d0b-d5a8-4c00-b4e5-5292a8a953be/datanode-1/data/ratis] (custom)
2023-03-29 21:18:15,614 [300eaa66-db2c-41ba-add6-fa9c16cbce0b-NettyServerStreamRpc-bossGroup--thread1] INFO  logging.LoggingHandler (AbstractInternalLogger.java:log(148)) - [id: 0x069c384e] REGISTERED
2023-03-29 21:18:15,614 [300eaa66-db2c-41ba-add6-fa9c16cbce0b-NettyServerStreamRpc-bossGroup--thread1] INFO  logging.LoggingHandler (AbstractInternalLogger.java:log(148)) - [id: 0x069c384e] BIND: 0.0.0.0/0.0.0.0:0
2023-03-29 21:18:15,614 [300eaa66-db2c-41ba-add6-fa9c16cbce0b-NettyServerStreamRpc-bossGroup--thread1] INFO  logging.LoggingHandler (AbstractInternalLogger.java:log(148)) - [id: 0x069c384e, L:/0:0:0:0:0:0:0:0:40123] ACTIVE
2023-03-29 21:18:15,618 [Listener at 127.0.0.1/32841] INFO  server.XceiverServerGrpc (XceiverServerGrpc.java:<init>(132)) - GrpcServer channel type EpollServerSocketChannel
2023-03-29 21:18:15,620 [Listener at 127.0.0.1/32841] INFO  http.BaseHttpServer (BaseHttpServer.java:newHttpServer2BuilderForOzone(224)) - Starting Web-server for hddsDatanode at: http://0.0.0.0:0
2023-03-29 21:18:15,620 [Listener at 127.0.0.1/32841] INFO  http.BaseHttpServer (BaseHttpServer.java:<init>(111)) - Hadoop Security Enabled: false Ozone Security Enabled: false Ozone HTTP Security Enabled: false 
2023-03-29 21:18:15,621 [Listener at 127.0.0.1/32841] WARN  server.AuthenticationFilter (AuthenticationFilter.java:constructSecretProvider(240)) - Unable to initialize FileSignerSecretProvider, falling back to use random secrets. Reason: Could not read signature secret file: /home/runner/hadoop-http-auth-signature-secret
2023-03-29 21:18:15,624 [Listener at 127.0.0.1/32841] WARN  http.HttpRequestLog (HttpRequestLog.java:getRequestLog(103)) - Jetty request log can only be enabled using Log4j
2023-03-29 21:18:15,625 [Listener at 127.0.0.1/32841] INFO  http.HttpServer2 (HttpServer2.java:addGlobalFilter(1031)) - Added global filter 'safety' (class=org.apache.hadoop.hdds.server.http.HttpServer2$QuotingInputFilter)
2023-03-29 21:18:15,625 [Listener at 127.0.0.1/32841] INFO  http.HttpServer2 (HttpServer2.java:addFilter(1007)) - Added filter static_user_filter (class=org.apache.hadoop.http.lib.StaticUserWebFilter$StaticUserFilter) to context hddsDatanode
2023-03-29 21:18:15,625 [Listener at 127.0.0.1/32841] INFO  http.HttpServer2 (HttpServer2.java:addFilter(1015)) - Added filter static_user_filter (class=org.apache.hadoop.http.lib.StaticUserWebFilter$StaticUserFilter) to context logs
2023-03-29 21:18:15,625 [Listener at 127.0.0.1/32841] INFO  http.HttpServer2 (HttpServer2.java:addFilter(1015)) - Added filter static_user_filter (class=org.apache.hadoop.http.lib.StaticUserWebFilter$StaticUserFilter) to context static
2023-03-29 21:18:15,626 [Listener at 127.0.0.1/32841] INFO  http.BaseHttpServer (BaseHttpServer.java:<init>(190)) - HTTP server of hddsDatanode uses base directory /home/runner/work/ozone/ozone/hadoop-ozone/integration-test/target/test-dir/MiniOzoneClusterImpl-94458d0b-d5a8-4c00-b4e5-5292a8a953be/datanode-1/meta/webserver
2023-03-29 21:18:15,626 [Listener at 127.0.0.1/32841] INFO  http.HttpServer2 (HttpServer2.java:bindListener(1250)) - Jetty bound to port 41555
2023-03-29 21:18:15,626 [Listener at 127.0.0.1/32841] INFO  server.Server (Server.java:doStart(375)) - jetty-9.4.49.v20220914; built: 2022-09-14T01:07:36.601Z; git: 4231a3b2e4cb8548a412a789936d640a97b1aa0a; jvm 1.8.0_362-b09
2023-03-29 21:18:15,627 [Listener at 127.0.0.1/32841] INFO  server.session (DefaultSessionIdManager.java:doStart(334)) - DefaultSessionIdManager workerName=node0
2023-03-29 21:18:15,628 [Listener at 127.0.0.1/32841] INFO  server.session (DefaultSessionIdManager.java:doStart(339)) - No SessionScavenger set, using defaults
2023-03-29 21:18:15,628 [Listener at 127.0.0.1/32841] INFO  server.session (HouseKeeper.java:startScavenging(132)) - node0 Scavenging every 660000ms
2023-03-29 21:18:15,628 [Listener at 127.0.0.1/32841] INFO  handler.ContextHandler (ContextHandler.java:doStart(921)) - Started o.e.j.s.ServletContextHandler@436e3aba{logs,/logs,file:///home/runner/work/ozone/ozone/hadoop-ozone/integration-test/target/log,AVAILABLE}
2023-03-29 21:18:15,629 [Listener at 127.0.0.1/32841] INFO  handler.ContextHandler (ContextHandler.java:doStart(921)) - Started o.e.j.s.ServletContextHandler@20e95da3{static,/static,jar:file:/home/runner/.m2/repository/org/apache/ozone/hdds-container-service/1.4.0-SNAPSHOT/hdds-container-service-1.4.0-SNAPSHOT.jar!/webapps/static,AVAILABLE}
2023-03-29 21:18:15,837 [Listener at 127.0.0.1/32841] INFO  handler.ContextHandler (ContextHandler.java:doStart(921)) - Started o.e.j.w.WebAppContext@633602c7{hddsDatanode,/,file:///home/runner/work/ozone/ozone/hadoop-ozone/integration-test/target/test-dir/MiniOzoneClusterImpl-94458d0b-d5a8-4c00-b4e5-5292a8a953be/datanode-1/meta/webserver/jetty-0_0_0_0-41555-hdds-container-service-1_4_0-SNAPSHOT_jar-_-any-4327193875320348691/webapp/,AVAILABLE}{jar:file:/home/runner/.m2/repository/org/apache/ozone/hdds-container-service/1.4.0-SNAPSHOT/hdds-container-service-1.4.0-SNAPSHOT.jar!/webapps/hddsDatanode}
2023-03-29 21:18:15,846 [Listener at 127.0.0.1/32841] INFO  server.AbstractConnector (AbstractConnector.java:doStart(333)) - Started ServerConnector@6c3192ca{HTTP/1.1, (http/1.1)}{0.0.0.0:41555}
2023-03-29 21:18:15,847 [Listener at 127.0.0.1/32841] INFO  server.Server (Server.java:doStart(415)) - Started @149612ms
2023-03-29 21:18:15,847 [Listener at 127.0.0.1/32841] WARN  impl.MetricsSystemImpl (MetricsSystemImpl.java:register(279)) - Sink prometheus already exists!
2023-03-29 21:18:15,849 [Listener at 127.0.0.1/32841] INFO  http.BaseHttpServer (BaseHttpServer.java:updateConnectorAddress(344)) - HTTP server of hddsDatanode listening at http://0.0.0.0:41555
2023-03-29 21:18:15,857 [Listener at 127.0.0.1/32841] WARN  impl.MetricRegistriesImpl (MetricRegistriesImpl.java:addReporterRegistration(111)) - New reporters are added after registries were created. Some metrics will be missing from the reporter. Please add reporter before adding any new registry.
2023-03-29 21:18:15,858 [Listener at 127.0.0.1/32841] WARN  impl.MetricRegistriesImpl (MetricRegistriesImpl.java:addReporterRegistration(111)) - New reporters are added after registries were created. Some metrics will be missing from the reporter. Please add reporter before adding any new registry.
2023-03-29 21:18:15,858 [Listener at 127.0.0.1/32841] INFO  impl.MetricsSystemImpl (MetricsSystemImpl.java:init(158)) - HddsDatanode metrics system started (again)
2023-03-29 21:18:15,860 [Datanode State Machine Daemon Thread] INFO  statemachine.DatanodeStateMachine (DatanodeStateMachine.java:lambda$startDaemon$0(517)) - Ozone container server started.
2023-03-29 21:18:15,873 [Listener at 127.0.0.1/32841] INFO  ozone.HddsDatanodeService (HddsDatanodeService.java:start(249)) - HddsDatanodeService host:fv-az308-773 ip:10.1.0.17
2023-03-29 21:18:15,876 [org.apache.hadoop.util.JvmPauseMonitor$Monitor@49eb7284] INFO  util.JvmPauseMonitor (JvmPauseMonitor.java:run(188)) - Starting JVM pause monitor
2023-03-29 21:18:15,886 [Datanode State Machine Task Thread - 0] INFO  datanode.InitDatanodeState (InitDatanodeState.java:persistContainerDatanodeDetails(138)) - DatanodeDetails is persisted to /home/runner/work/ozone/ozone/hadoop-ozone/integration-test/target/test-dir/MiniOzoneClusterImpl-94458d0b-d5a8-4c00-b4e5-5292a8a953be/datanode-1/meta/datanode.id
2023-03-29 21:18:15,899 [Listener at 127.0.0.1/32841] INFO  upgrade.AbstractLayoutVersionManager (AbstractLayoutVersionManager.java:init(83)) - Initializing Layout version manager with metadata layout = DATANODE_SCHEMA_V3 (version = 4), software layout = DATANODE_SCHEMA_V3 (version = 4)
2023-03-29 21:18:15,945 [Listener at 127.0.0.1/32841] INFO  reflections.Reflections (Reflections.java:scan(232)) - Reflections took 44 ms to scan 7 urls, producing 155 keys and 368 values 
2023-03-29 21:18:15,946 [Listener at 127.0.0.1/32841] INFO  statemachine.DatanodeStateMachine (DatanodeStateMachine.java:getEndPointTaskThreadPoolSize(260)) - Datanode State Machine Task Thread Pool size 2
2023-03-29 21:18:15,948 [Listener at 127.0.0.1/32841] INFO  volume.HddsVolume (HddsVolume.java:<init>(130)) - Creating HddsVolume: /home/runner/work/ozone/ozone/hadoop-ozone/integration-test/target/test-dir/MiniOzoneClusterImpl-94458d0b-d5a8-4c00-b4e5-5292a8a953be/datanode-2/data-0/containers/hdds of storage type : DISK capacity : 9223372036854775807
2023-03-29 21:18:15,948 [Listener at 127.0.0.1/32841] INFO  volume.MutableVolumeSet (MutableVolumeSet.java:initializeVolumeSet(175)) - Added Volume : /home/runner/work/ozone/ozone/hadoop-ozone/integration-test/target/test-dir/MiniOzoneClusterImpl-94458d0b-d5a8-4c00-b4e5-5292a8a953be/datanode-2/data-0/containers/hdds to VolumeSet
2023-03-29 21:18:15,948 [Listener at 127.0.0.1/32841] INFO  volume.ThrottledAsyncChecker (ThrottledAsyncChecker.java:schedule(141)) - Scheduling a check for /home/runner/work/ozone/ozone/hadoop-ozone/integration-test/target/test-dir/MiniOzoneClusterImpl-94458d0b-d5a8-4c00-b4e5-5292a8a953be/datanode-2/data-0/containers/hdds
2023-03-29 21:18:15,949 [Listener at 127.0.0.1/32841] INFO  volume.StorageVolumeChecker (StorageVolumeChecker.java:checkAllVolumes(202)) - Scheduled health check for volume /home/runner/work/ozone/ozone/hadoop-ozone/integration-test/target/test-dir/MiniOzoneClusterImpl-94458d0b-d5a8-4c00-b4e5-5292a8a953be/datanode-2/data-0/containers/hdds
2023-03-29 21:18:15,959 [Listener at 127.0.0.1/32841] INFO  volume.MutableVolumeSet (MutableVolumeSet.java:initializeVolumeSet(175)) - Added Volume : /home/runner/work/ozone/ozone/hadoop-ozone/integration-test/target/test-dir/MiniOzoneClusterImpl-94458d0b-d5a8-4c00-b4e5-5292a8a953be/datanode-2/data/ratis to VolumeSet
2023-03-29 21:18:15,959 [Listener at 127.0.0.1/32841] INFO  volume.ThrottledAsyncChecker (ThrottledAsyncChecker.java:schedule(141)) - Scheduling a check for /home/runner/work/ozone/ozone/hadoop-ozone/integration-test/target/test-dir/MiniOzoneClusterImpl-94458d0b-d5a8-4c00-b4e5-5292a8a953be/datanode-2/data/ratis
2023-03-29 21:18:15,959 [Listener at 127.0.0.1/32841] INFO  volume.StorageVolumeChecker (StorageVolumeChecker.java:checkAllVolumes(202)) - Scheduled health check for volume /home/runner/work/ozone/ozone/hadoop-ozone/integration-test/target/test-dir/MiniOzoneClusterImpl-94458d0b-d5a8-4c00-b4e5-5292a8a953be/datanode-2/data/ratis
2023-03-29 21:18:15,969 [Thread-1798] INFO  ozoneimpl.ContainerReader (ContainerReader.java:readVolume(175)) - Finish verifying containers on volume /home/runner/work/ozone/ozone/hadoop-ozone/integration-test/target/test-dir/MiniOzoneClusterImpl-94458d0b-d5a8-4c00-b4e5-5292a8a953be/datanode-2/data-0/containers/hdds
2023-03-29 21:18:15,969 [Listener at 127.0.0.1/32841] INFO  ozoneimpl.OzoneContainer (OzoneContainer.java:buildContainerSet(303)) - Build ContainerSet costs 0s
2023-03-29 21:18:15,971 [Listener at 127.0.0.1/32841] INFO  server.RaftServer (ConfUtils.java:logGet(46)) - raft.rpc.type = GRPC (default)
2023-03-29 21:18:15,971 [Listener at 127.0.0.1/32841] INFO  grpc.GrpcConfigKeys (ConfUtils.java:logFallback(53)) - raft.grpc.admin.host = null (fallback to raft.grpc.server.host)
2023-03-29 21:18:15,971 [Listener at 127.0.0.1/32841] INFO  grpc.GrpcConfigKeys (ConfUtils.java:logGet(46)) - raft.grpc.admin.port = 0 (custom)
2023-03-29 21:18:15,971 [Listener at 127.0.0.1/32841] INFO  grpc.GrpcConfigKeys (ConfUtils.java:logFallback(53)) - raft.grpc.client.host = null (fallback to raft.grpc.server.host)
2023-03-29 21:18:15,971 [Listener at 127.0.0.1/32841] INFO  grpc.GrpcConfigKeys (ConfUtils.java:logGet(46)) - raft.grpc.client.port = 0 (custom)
2023-03-29 21:18:15,971 [Listener at 127.0.0.1/32841] INFO  grpc.GrpcConfigKeys (ConfUtils.java:logGet(46)) - raft.grpc.server.host = null (default)
2023-03-29 21:18:15,971 [Listener at 127.0.0.1/32841] INFO  grpc.GrpcConfigKeys (ConfUtils.java:logGet(46)) - raft.grpc.server.port = 0 (default)
2023-03-29 21:18:15,971 [Listener at 127.0.0.1/32841] INFO  server.GrpcService (ConfUtils.java:logGet(46)) - raft.grpc.message.size.max = 32MB (=33554432) (custom)
2023-03-29 21:18:15,972 [Listener at 127.0.0.1/32841] INFO  server.RaftServerConfigKeys (ConfUtils.java:logGet(46)) - raft.server.log.appender.buffer.byte-limit = 33554432 (custom)
2023-03-29 21:18:15,972 [Listener at 127.0.0.1/32841] INFO  server.GrpcService (ConfUtils.java:logGet(46)) - raft.grpc.flow.control.window = 5MB (=5242880) (custom)
2023-03-29 21:18:15,972 [Listener at 127.0.0.1/32841] INFO  server.RaftServerConfigKeys (ConfUtils.java:logGet(46)) - raft.server.rpc.request.timeout = 60s (custom)
2023-03-29 21:18:15,972 [Listener at 127.0.0.1/32841] INFO  grpc.GrpcConfigKeys (ConfUtils.java:logGet(46)) - raft.grpc.server.heartbeat.channel = true (default)
2023-03-29 21:18:15,972 [Listener at 127.0.0.1/32841] INFO  grpc.GrpcConfigKeys (ConfUtils.java:logGet(46)) - raft.grpc.server.async.request.thread.pool.cached = true (default)
2023-03-29 21:18:15,972 [Listener at 127.0.0.1/32841] INFO  grpc.GrpcConfigKeys (ConfUtils.java:logGet(46)) - raft.grpc.server.async.request.thread.pool.size = 32 (default)
2023-03-29 21:18:15,973 [Listener at 127.0.0.1/32841] INFO  impl.DataStreamServerImpl (ConfUtils.java:logGet(46)) - raft.datastream.type = NETTY (custom)
2023-03-29 21:18:15,973 [Listener at 127.0.0.1/32841] INFO  server.RaftServerConfigKeys (ConfUtils.java:logGet(46)) - raft.server.data-stream.async.request.thread.pool.cached = false (default)
2023-03-29 21:18:15,973 [Listener at 127.0.0.1/32841] INFO  server.RaftServerConfigKeys (ConfUtils.java:logGet(46)) - raft.server.data-stream.async.request.thread.pool.size = 20 (custom)
2023-03-29 21:18:15,973 [Listener at 127.0.0.1/32841] INFO  server.RaftServerConfigKeys (ConfUtils.java:logGet(46)) - raft.server.data-stream.async.write.thread.pool.size = 16 (default)
2023-03-29 21:18:15,973 [Listener at 127.0.0.1/32841] INFO  server.RaftServerConfigKeys (ConfUtils.java:logGet(46)) - raft.server.data-stream.client.pool.size = 10 (default)
2023-03-29 21:18:15,973 [Listener at 127.0.0.1/32841] INFO  netty.NettyConfigKeys$DataStream (ConfUtils.java:logGet(46)) - raft.netty.dataStream.server.use-epoll = false (default)
2023-03-29 21:18:15,973 [Listener at 127.0.0.1/32841] INFO  netty.NettyConfigKeys$DataStream (ConfUtils.java:logGet(46)) - raft.netty.dataStream.server.boss-group.size = 0 (default)
2023-03-29 21:18:15,974 [Listener at 127.0.0.1/32841] INFO  netty.NettyConfigKeys$DataStream (ConfUtils.java:logGet(46)) - raft.netty.dataStream.server.worker-group.size = 0 (default)
2023-03-29 21:18:15,974 [Listener at 127.0.0.1/32841] INFO  netty.NettyConfigKeys$DataStream (ConfUtils.java:logGet(46)) - raft.netty.dataStream.server.tls.conf = null (default)
2023-03-29 21:18:15,974 [Listener at 127.0.0.1/32841] INFO  netty.NettyConfigKeys$DataStream (ConfUtils.java:logGet(46)) - raft.netty.dataStream.host = null (default)
2023-03-29 21:18:15,974 [Listener at 127.0.0.1/32841] INFO  netty.NettyConfigKeys$DataStream (ConfUtils.java:logGet(46)) - raft.netty.dataStream.port = 0 (default)
2023-03-29 21:18:15,975 [Listener at 127.0.0.1/32841] INFO  server.RaftServerConfigKeys (ConfUtils.java:logGet(46)) - raft.server.threadpool.proxy.cached = true (default)
2023-03-29 21:18:15,975 [Listener at 127.0.0.1/32841] INFO  server.RaftServerConfigKeys (ConfUtils.java:logGet(46)) - raft.server.threadpool.proxy.size = 0 (default)
2023-03-29 21:18:15,975 [Listener at 127.0.0.1/32841] INFO  server.RaftServerConfigKeys (ConfUtils.java:logGet(46)) - raft.server.rpc.slowness.timeout = 300s (custom)
2023-03-29 21:18:15,975 [Listener at 127.0.0.1/32841] INFO  server.RaftServerConfigKeys (ConfUtils.java:logGet(46)) - raft.server.leaderelection.leader.step-down.wait-time = 10s (default)
2023-03-29 21:18:15,975 [Listener at 127.0.0.1/32841] INFO  server.RaftServerConfigKeys (ConfUtils.java:logGet(46)) - raft.server.storage.dir = [/home/runner/work/ozone/ozone/hadoop-ozone/integration-test/target/test-dir/MiniOzoneClusterImpl-94458d0b-d5a8-4c00-b4e5-5292a8a953be/datanode-2/data/ratis] (custom)
2023-03-29 21:18:15,975 [69f3014f-ff88-49f1-a4e0-1e079fbb53ad-NettyServerStreamRpc-bossGroup--thread1] INFO  logging.LoggingHandler (AbstractInternalLogger.java:log(148)) - [id: 0x0798c94a] REGISTERED
2023-03-29 21:18:15,975 [69f3014f-ff88-49f1-a4e0-1e079fbb53ad-NettyServerStreamRpc-bossGroup--thread1] INFO  logging.LoggingHandler (AbstractInternalLogger.java:log(148)) - [id: 0x0798c94a] BIND: 0.0.0.0/0.0.0.0:0
2023-03-29 21:18:15,976 [69f3014f-ff88-49f1-a4e0-1e079fbb53ad-NettyServerStreamRpc-bossGroup--thread1] INFO  logging.LoggingHandler (AbstractInternalLogger.java:log(148)) - [id: 0x0798c94a, L:/0:0:0:0:0:0:0:0:41067] ACTIVE
2023-03-29 21:18:15,977 [Listener at 127.0.0.1/32841] INFO  server.XceiverServerGrpc (XceiverServerGrpc.java:<init>(132)) - GrpcServer channel type EpollServerSocketChannel
2023-03-29 21:18:15,979 [Listener at 127.0.0.1/32841] INFO  http.BaseHttpServer (BaseHttpServer.java:newHttpServer2BuilderForOzone(224)) - Starting Web-server for hddsDatanode at: http://0.0.0.0:0
2023-03-29 21:18:15,979 [Listener at 127.0.0.1/32841] INFO  http.BaseHttpServer (BaseHttpServer.java:<init>(111)) - Hadoop Security Enabled: false Ozone Security Enabled: false Ozone HTTP Security Enabled: false 
2023-03-29 21:18:15,980 [Listener at 127.0.0.1/32841] WARN  server.AuthenticationFilter (AuthenticationFilter.java:constructSecretProvider(240)) - Unable to initialize FileSignerSecretProvider, falling back to use random secrets. Reason: Could not read signature secret file: /home/runner/hadoop-http-auth-signature-secret
2023-03-29 21:18:15,981 [Listener at 127.0.0.1/32841] WARN  http.HttpRequestLog (HttpRequestLog.java:getRequestLog(103)) - Jetty request log can only be enabled using Log4j
2023-03-29 21:18:15,982 [Listener at 127.0.0.1/32841] INFO  http.HttpServer2 (HttpServer2.java:addGlobalFilter(1031)) - Added global filter 'safety' (class=org.apache.hadoop.hdds.server.http.HttpServer2$QuotingInputFilter)
2023-03-29 21:18:15,982 [Listener at 127.0.0.1/32841] INFO  http.HttpServer2 (HttpServer2.java:addFilter(1007)) - Added filter static_user_filter (class=org.apache.hadoop.http.lib.StaticUserWebFilter$StaticUserFilter) to context hddsDatanode
2023-03-29 21:18:15,982 [Listener at 127.0.0.1/32841] INFO  http.HttpServer2 (HttpServer2.java:addFilter(1015)) - Added filter static_user_filter (class=org.apache.hadoop.http.lib.StaticUserWebFilter$StaticUserFilter) to context logs
2023-03-29 21:18:15,982 [Listener at 127.0.0.1/32841] INFO  http.HttpServer2 (HttpServer2.java:addFilter(1015)) - Added filter static_user_filter (class=org.apache.hadoop.http.lib.StaticUserWebFilter$StaticUserFilter) to context static
2023-03-29 21:18:15,983 [Listener at 127.0.0.1/32841] INFO  http.BaseHttpServer (BaseHttpServer.java:<init>(190)) - HTTP server of hddsDatanode uses base directory /home/runner/work/ozone/ozone/hadoop-ozone/integration-test/target/test-dir/MiniOzoneClusterImpl-94458d0b-d5a8-4c00-b4e5-5292a8a953be/datanode-2/meta/webserver
2023-03-29 21:18:15,983 [Listener at 127.0.0.1/32841] INFO  http.HttpServer2 (HttpServer2.java:bindListener(1250)) - Jetty bound to port 36067
2023-03-29 21:18:15,983 [Listener at 127.0.0.1/32841] INFO  server.Server (Server.java:doStart(375)) - jetty-9.4.49.v20220914; built: 2022-09-14T01:07:36.601Z; git: 4231a3b2e4cb8548a412a789936d640a97b1aa0a; jvm 1.8.0_362-b09
2023-03-29 21:18:15,994 [Listener at 127.0.0.1/32841] INFO  server.session (DefaultSessionIdManager.java:doStart(334)) - DefaultSessionIdManager workerName=node0
2023-03-29 21:18:15,994 [Listener at 127.0.0.1/32841] INFO  server.session (DefaultSessionIdManager.java:doStart(339)) - No SessionScavenger set, using defaults
2023-03-29 21:18:15,994 [Listener at 127.0.0.1/32841] INFO  server.session (HouseKeeper.java:startScavenging(132)) - node0 Scavenging every 660000ms
2023-03-29 21:18:15,995 [Listener at 127.0.0.1/32841] INFO  handler.ContextHandler (ContextHandler.java:doStart(921)) - Started o.e.j.s.ServletContextHandler@646cd26a{logs,/logs,file:///home/runner/work/ozone/ozone/hadoop-ozone/integration-test/target/log,AVAILABLE}
2023-03-29 21:18:15,995 [Listener at 127.0.0.1/32841] INFO  handler.ContextHandler (ContextHandler.java:doStart(921)) - Started o.e.j.s.ServletContextHandler@4eccb462{static,/static,jar:file:/home/runner/.m2/repository/org/apache/ozone/hdds-container-service/1.4.0-SNAPSHOT/hdds-container-service-1.4.0-SNAPSHOT.jar!/webapps/static,AVAILABLE}
2023-03-29 21:18:16,185 [om1@group-C5BA1605619E-FollowerState] INFO  impl.FollowerState (FollowerState.java:run(143)) - om1@group-C5BA1605619E-FollowerState: change to CANDIDATE, lastRpcElapsedTime:1166105541ns, electionTimeout:1165ms
2023-03-29 21:18:16,185 [om1@group-C5BA1605619E-FollowerState] INFO  impl.RoleInfo (RoleInfo.java:shutdownFollowerState(110)) - om1: shutdown om1@group-C5BA1605619E-FollowerState
2023-03-29 21:18:16,185 [om1@group-C5BA1605619E-FollowerState] INFO  server.RaftServer$Division (RaftServerImpl.java:setRole(321)) - om1@group-C5BA1605619E: changes role from  FOLLOWER to CANDIDATE at term 0 for changeToCandidate
2023-03-29 21:18:16,185 [om1@group-C5BA1605619E-FollowerState] INFO  server.RaftServerConfigKeys (ConfUtils.java:logGet(46)) - raft.server.leaderelection.pre-vote = true (default)
2023-03-29 21:18:16,185 [om1@group-C5BA1605619E-FollowerState] INFO  impl.RoleInfo (RoleInfo.java:updateAndGet(139)) - om1: start om1@group-C5BA1605619E-LeaderElection27
2023-03-29 21:18:16,188 [om1@group-C5BA1605619E-LeaderElection27] INFO  impl.LeaderElection (LeaderElection.java:askForVotes(312)) - om1@group-C5BA1605619E-LeaderElection27 PRE_VOTE round 0: submit vote requests at term 0 for -1: peers:[om1|rpc:localhost:9872|priority:0|startupRole:FOLLOWER]|listeners:[], old=null
2023-03-29 21:18:16,188 [om1@group-C5BA1605619E-LeaderElection27] INFO  impl.LeaderElection (LeaderElection.java:askForVotes(314)) - om1@group-C5BA1605619E-LeaderElection27 PRE_VOTE round 0: result PASSED (term=0)
2023-03-29 21:18:16,189 [om1@group-C5BA1605619E-LeaderElection27] INFO  impl.LeaderElection (LeaderElection.java:askForVotes(312)) - om1@group-C5BA1605619E-LeaderElection27 ELECTION round 0: submit vote requests at term 1 for -1: peers:[om1|rpc:localhost:9872|priority:0|startupRole:FOLLOWER]|listeners:[], old=null
2023-03-29 21:18:16,189 [om1@group-C5BA1605619E-LeaderElection27] INFO  impl.LeaderElection (LeaderElection.java:askForVotes(314)) - om1@group-C5BA1605619E-LeaderElection27 ELECTION round 0: result PASSED (term=1)
2023-03-29 21:18:16,189 [om1@group-C5BA1605619E-LeaderElection27] INFO  impl.RoleInfo (RoleInfo.java:shutdownLeaderElection(130)) - om1: shutdown om1@group-C5BA1605619E-LeaderElection27
2023-03-29 21:18:16,192 [om1@group-C5BA1605619E-LeaderElection27] INFO  server.RaftServer$Division (RaftServerImpl.java:setRole(321)) - om1@group-C5BA1605619E: changes role from CANDIDATE to LEADER at term 1 for changeToLeader
2023-03-29 21:18:16,192 [om1@group-C5BA1605619E-LeaderElection27] INFO  server.RaftServer$Division (ServerState.java:setLeader(313)) - om1@group-C5BA1605619E: change Leader from null to om1 at term 1 for becomeLeader, leader elected after 1644ms
2023-03-29 21:18:16,192 [om1@group-C5BA1605619E-LeaderElection27] INFO  server.RaftServerConfigKeys (ConfUtils.java:logGet(46)) - raft.server.staging.catchup.gap = 1000 (default)
2023-03-29 21:18:16,192 [om1@group-C5BA1605619E-LeaderElection27] INFO  server.RaftServerConfigKeys (ConfUtils.java:logGet(46)) - raft.server.write.element-limit = 4096 (default)
2023-03-29 21:18:16,192 [om1@group-C5BA1605619E-LeaderElection27] INFO  server.RaftServerConfigKeys (ConfUtils.java:logGet(46)) - raft.server.write.byte-limit = 64MB (=67108864) (default)
2023-03-29 21:18:16,193 [om1@group-C5BA1605619E-LeaderElection27] INFO  server.RaftServerConfigKeys (ConfUtils.java:logGet(46)) - raft.server.watch.timeout = 10s (default)
2023-03-29 21:18:16,193 [om1@group-C5BA1605619E-LeaderElection27] INFO  server.RaftServerConfigKeys (ConfUtils.java:logGet(46)) - raft.server.watch.timeout.denomination = 1s (default)
2023-03-29 21:18:16,193 [om1@group-C5BA1605619E-LeaderElection27] INFO  server.RaftServerConfigKeys (ConfUtils.java:logGet(46)) - raft.server.watch.element-limit = 65536 (default)
2023-03-29 21:18:16,193 [om1@group-C5BA1605619E-LeaderElection27] INFO  server.RaftServerConfigKeys (ConfUtils.java:logGet(46)) - raft.server.write.element-limit = 4096 (default)
2023-03-29 21:18:16,194 [om1@group-C5BA1605619E-LeaderElection27] INFO  server.RaftServerConfigKeys (ConfUtils.java:logGet(46)) - raft.server.write.follower.gap.ratio.max = -1.0 (default)
2023-03-29 21:18:16,194 [om1@group-C5BA1605619E-LeaderElection27] INFO  impl.RoleInfo (RoleInfo.java:updateAndGet(139)) - om1: start om1@group-C5BA1605619E-LeaderStateImpl
2023-03-29 21:18:16,194 [om1@group-C5BA1605619E-LeaderElection27] INFO  segmented.SegmentedRaftLogWorker (SegmentedRaftLogWorker.java:startLogSegment(452)) - om1@group-C5BA1605619E-SegmentedRaftLogWorker: Starting segment from index:0
2023-03-29 21:18:16,196 [Listener at 127.0.0.1/32841] INFO  handler.ContextHandler (ContextHandler.java:doStart(921)) - Started o.e.j.w.WebAppContext@46b8f339{hddsDatanode,/,file:///home/runner/work/ozone/ozone/hadoop-ozone/integration-test/target/test-dir/MiniOzoneClusterImpl-94458d0b-d5a8-4c00-b4e5-5292a8a953be/datanode-2/meta/webserver/jetty-0_0_0_0-36067-hdds-container-service-1_4_0-SNAPSHOT_jar-_-any-4386087650104509476/webapp/,AVAILABLE}{jar:file:/home/runner/.m2/repository/org/apache/ozone/hdds-container-service/1.4.0-SNAPSHOT/hdds-container-service-1.4.0-SNAPSHOT.jar!/webapps/hddsDatanode}
2023-03-29 21:18:16,199 [Listener at 127.0.0.1/32841] INFO  server.AbstractConnector (AbstractConnector.java:doStart(333)) - Started ServerConnector@192c02ba{HTTP/1.1, (http/1.1)}{0.0.0.0:36067}
2023-03-29 21:18:16,199 [Listener at 127.0.0.1/32841] INFO  server.Server (Server.java:doStart(415)) - Started @149965ms
2023-03-29 21:18:16,199 [Listener at 127.0.0.1/32841] WARN  impl.MetricsSystemImpl (MetricsSystemImpl.java:register(279)) - Sink prometheus already exists!
2023-03-29 21:18:16,199 [Listener at 127.0.0.1/32841] INFO  http.BaseHttpServer (BaseHttpServer.java:updateConnectorAddress(344)) - HTTP server of hddsDatanode listening at http://0.0.0.0:36067
2023-03-29 21:18:16,200 [Listener at 127.0.0.1/32841] INFO  ozone.MiniOzoneClusterImpl (MiniOzoneClusterImpl.java:lambda$waitForClusterToBeReady$0(222)) - Waiting for nodes to be ready. Got 0 of 3 DN Heartbeats.
2023-03-29 21:18:16,200 [Listener at 127.0.0.1/32841] INFO  ozone.MiniOzoneClusterImpl (MiniOzoneClusterImpl.java:lambda$waitForClusterToBeReady$0(225)) - Waiting for cluster to exit safe mode
2023-03-29 21:18:16,200 [Listener at 127.0.0.1/32841] INFO  ozone.MiniOzoneClusterImpl (MiniOzoneClusterImpl.java:lambda$waitForClusterToBeReady$0(227)) - SCM became leader
2023-03-29 21:18:16,200 [Datanode State Machine Daemon Thread] INFO  statemachine.DatanodeStateMachine (DatanodeStateMachine.java:lambda$startDaemon$0(517)) - Ozone container server started.
2023-03-29 21:18:16,203 [om1@group-C5BA1605619E-LeaderElection27] INFO  server.RaftServer$Division (ServerState.java:setRaftConf(430)) - om1@group-C5BA1605619E: set configuration 0: peers:[om1|rpc:localhost:9872|admin:|client:|dataStream:|priority:0|startupRole:FOLLOWER]|listeners:[], old=null
2023-03-29 21:18:16,204 [om1@group-C5BA1605619E-SegmentedRaftLogWorker] INFO  segmented.SegmentedRaftLogWorker (SegmentedRaftLogWorker.java:execute(656)) - om1@group-C5BA1605619E-SegmentedRaftLogWorker: created new log segment /home/runner/work/ozone/ozone/hadoop-ozone/integration-test/target/test-dir/MiniOzoneClusterImpl-94458d0b-d5a8-4c00-b4e5-5292a8a953be/ozone-meta/ratis/bf265839-605b-3f16-9796-c5ba1605619e/current/log_inprogress_0
2023-03-29 21:18:16,214 [org.apache.hadoop.util.JvmPauseMonitor$Monitor@78be217b] INFO  util.JvmPauseMonitor (JvmPauseMonitor.java:run(188)) - Starting JVM pause monitor
2023-03-29 21:18:16,215 [om1@group-C5BA1605619E-StateMachineUpdater] INFO  ratis.OzoneManagerStateMachine (OzoneManagerStateMachine.java:notifyConfigurationChanged(192)) - Received Configuration change notification from Ratis. New Peer list:
[id: "om1"
address: "localhost:9872"
startupRole: FOLLOWER
]
2023-03-29 21:18:16,223 [Datanode State Machine Task Thread - 0] INFO  datanode.InitDatanodeState (InitDatanodeState.java:persistContainerDatanodeDetails(138)) - DatanodeDetails is persisted to /home/runner/work/ozone/ozone/hadoop-ozone/integration-test/target/test-dir/MiniOzoneClusterImpl-94458d0b-d5a8-4c00-b4e5-5292a8a953be/datanode-2/meta/datanode.id
2023-03-29 21:18:17,200 [Listener at 127.0.0.1/32841] INFO  ozone.MiniOzoneClusterImpl (MiniOzoneClusterImpl.java:lambda$waitForClusterToBeReady$0(222)) - Waiting for nodes to be ready. Got 0 of 3 DN Heartbeats.
2023-03-29 21:18:17,200 [Listener at 127.0.0.1/32841] INFO  ozone.MiniOzoneClusterImpl (MiniOzoneClusterImpl.java:lambda$waitForClusterToBeReady$0(225)) - Waiting for cluster to exit safe mode
2023-03-29 21:18:17,200 [Listener at 127.0.0.1/32841] INFO  ozone.MiniOzoneClusterImpl (MiniOzoneClusterImpl.java:lambda$waitForClusterToBeReady$0(227)) - SCM became leader
2023-03-29 21:18:17,550 [EndpointStateMachine task thread for /0.0.0.0:43083 - 0 ] INFO  utils.DatanodeStoreCache (DatanodeStoreCache.java:addDB(58)) - Added db /home/runner/work/ozone/ozone/hadoop-ozone/integration-test/target/test-dir/MiniOzoneClusterImpl-94458d0b-d5a8-4c00-b4e5-5292a8a953be/datanode-0/data-0/containers/hdds/94458d0b-d5a8-4c00-b4e5-5292a8a953be/DS-0041c024-1090-435f-8691-18df0507b541/container.db to cache
2023-03-29 21:18:17,550 [EndpointStateMachine task thread for /0.0.0.0:43083 - 0 ] INFO  volume.HddsVolume (HddsVolume.java:createDbStore(350)) - SchemaV3 db is created and loaded at /home/runner/work/ozone/ozone/hadoop-ozone/integration-test/target/test-dir/MiniOzoneClusterImpl-94458d0b-d5a8-4c00-b4e5-5292a8a953be/datanode-0/data-0/containers/hdds/94458d0b-d5a8-4c00-b4e5-5292a8a953be/DS-0041c024-1090-435f-8691-18df0507b541/container.db for volume DS-0041c024-1090-435f-8691-18df0507b541
2023-03-29 21:18:17,551 [EndpointStateMachine task thread for /0.0.0.0:43083 - 0 ] INFO  ozoneimpl.OzoneContainer (OzoneContainer.java:start(397)) - Attempting to start container services.
2023-03-29 21:18:17,551 [EndpointStateMachine task thread for /0.0.0.0:43083 - 0 ] INFO  ozoneimpl.OzoneContainer (OzoneContainer.java:startContainerScrub(314)) - Scheduled background container scanners and the on-demand container scanner have been disabled.
2023-03-29 21:18:17,553 [EndpointStateMachine task thread for /0.0.0.0:43083 - 0 ] INFO  replication.ReplicationServer (ReplicationServer.java:start(109)) - ReplicationServer is started using port 46615
2023-03-29 21:18:17,553 [EndpointStateMachine task thread for /0.0.0.0:43083 - 0 ] INFO  ratis.XceiverServerRatis (XceiverServerRatis.java:start(517)) - Starting XceiverServerRatis 97ece121-4ac7-48f5-a423-498260ac9270
2023-03-29 21:18:17,554 [EndpointStateMachine task thread for /0.0.0.0:43083 - 0 ] INFO  server.RaftServer (RaftServerProxy.java:startImpl(393)) - 97ece121-4ac7-48f5-a423-498260ac9270: start RPC server
2023-03-29 21:18:17,556 [EndpointStateMachine task thread for /0.0.0.0:43083 - 0 ] INFO  server.GrpcService (GrpcService.java:startImpl(262)) - 97ece121-4ac7-48f5-a423-498260ac9270: GrpcService started, listening on 34367
2023-03-29 21:18:17,557 [EndpointStateMachine task thread for /0.0.0.0:43083 - 0 ] INFO  ratis.XceiverServerRatis (XceiverServerRatis.java:getRealPort(543)) - XceiverServerRatis 97ece121-4ac7-48f5-a423-498260ac9270 is started using port 34367 for RATIS
2023-03-29 21:18:17,557 [EndpointStateMachine task thread for /0.0.0.0:43083 - 0 ] INFO  ratis.XceiverServerRatis (XceiverServerRatis.java:getRealPort(543)) - XceiverServerRatis 97ece121-4ac7-48f5-a423-498260ac9270 is started using port 34367 for RATIS_ADMIN
2023-03-29 21:18:17,557 [EndpointStateMachine task thread for /0.0.0.0:43083 - 0 ] INFO  ratis.XceiverServerRatis (XceiverServerRatis.java:getRealPort(543)) - XceiverServerRatis 97ece121-4ac7-48f5-a423-498260ac9270 is started using port 34367 for RATIS_SERVER
2023-03-29 21:18:17,557 [EndpointStateMachine task thread for /0.0.0.0:43083 - 0 ] INFO  ratis.XceiverServerRatis (XceiverServerRatis.java:getRealPort(543)) - XceiverServerRatis 97ece121-4ac7-48f5-a423-498260ac9270 is started using port 37963 for RATIS_DATASTREAM
2023-03-29 21:18:17,557 [JvmPauseMonitor17] INFO  util.JvmPauseMonitor (JvmPauseMonitor.java:run(105)) - JvmPauseMonitor-97ece121-4ac7-48f5-a423-498260ac9270: Started
2023-03-29 21:18:17,564 [EndpointStateMachine task thread for /0.0.0.0:43083 - 0 ] INFO  server.XceiverServerGrpc (XceiverServerGrpc.java:start(180)) - XceiverServerGrpc 97ece121-4ac7-48f5-a423-498260ac9270 is started using port 46539
2023-03-29 21:18:17,565 [BlockDeletingService#0] INFO  interfaces.ContainerDeletionChoosingPolicyTemplate (ContainerDeletionChoosingPolicyTemplate.java:chooseContainerForBlockDeletion(83)) - Chosen 0/5000 blocks from 0 candidate containers.
2023-03-29 21:18:17,905 [EndpointStateMachine task thread for /0.0.0.0:43083 - 0 ] INFO  utils.DatanodeStoreCache (DatanodeStoreCache.java:addDB(58)) - Added db /home/runner/work/ozone/ozone/hadoop-ozone/integration-test/target/test-dir/MiniOzoneClusterImpl-94458d0b-d5a8-4c00-b4e5-5292a8a953be/datanode-1/data-0/containers/hdds/94458d0b-d5a8-4c00-b4e5-5292a8a953be/DS-befb4ca0-c21b-496d-81ad-3c92970578b6/container.db to cache
2023-03-29 21:18:17,905 [EndpointStateMachine task thread for /0.0.0.0:43083 - 0 ] INFO  volume.HddsVolume (HddsVolume.java:createDbStore(350)) - SchemaV3 db is created and loaded at /home/runner/work/ozone/ozone/hadoop-ozone/integration-test/target/test-dir/MiniOzoneClusterImpl-94458d0b-d5a8-4c00-b4e5-5292a8a953be/datanode-1/data-0/containers/hdds/94458d0b-d5a8-4c00-b4e5-5292a8a953be/DS-befb4ca0-c21b-496d-81ad-3c92970578b6/container.db for volume DS-befb4ca0-c21b-496d-81ad-3c92970578b6
2023-03-29 21:18:17,905 [EndpointStateMachine task thread for /0.0.0.0:43083 - 0 ] INFO  ozoneimpl.OzoneContainer (OzoneContainer.java:start(397)) - Attempting to start container services.
2023-03-29 21:18:17,905 [EndpointStateMachine task thread for /0.0.0.0:43083 - 0 ] INFO  ozoneimpl.OzoneContainer (OzoneContainer.java:startContainerScrub(314)) - Scheduled background container scanners and the on-demand container scanner have been disabled.
2023-03-29 21:18:17,907 [EndpointStateMachine task thread for /0.0.0.0:43083 - 0 ] INFO  replication.ReplicationServer (ReplicationServer.java:start(109)) - ReplicationServer is started using port 46391
2023-03-29 21:18:17,908 [EndpointStateMachine task thread for /0.0.0.0:43083 - 0 ] INFO  ratis.XceiverServerRatis (XceiverServerRatis.java:start(517)) - Starting XceiverServerRatis 300eaa66-db2c-41ba-add6-fa9c16cbce0b
2023-03-29 21:18:17,908 [EndpointStateMachine task thread for /0.0.0.0:43083 - 0 ] INFO  server.RaftServer (RaftServerProxy.java:startImpl(393)) - 300eaa66-db2c-41ba-add6-fa9c16cbce0b: start RPC server
2023-03-29 21:18:17,909 [EndpointStateMachine task thread for /0.0.0.0:43083 - 0 ] INFO  server.GrpcService (GrpcService.java:startImpl(262)) - 300eaa66-db2c-41ba-add6-fa9c16cbce0b: GrpcService started, listening on 35989
2023-03-29 21:18:17,910 [EndpointStateMachine task thread for /0.0.0.0:43083 - 0 ] INFO  ratis.XceiverServerRatis (XceiverServerRatis.java:getRealPort(543)) - XceiverServerRatis 300eaa66-db2c-41ba-add6-fa9c16cbce0b is started using port 35989 for RATIS
2023-03-29 21:18:17,910 [EndpointStateMachine task thread for /0.0.0.0:43083 - 0 ] INFO  ratis.XceiverServerRatis (XceiverServerRatis.java:getRealPort(543)) - XceiverServerRatis 300eaa66-db2c-41ba-add6-fa9c16cbce0b is started using port 35989 for RATIS_ADMIN
2023-03-29 21:18:17,910 [JvmPauseMonitor18] INFO  util.JvmPauseMonitor (JvmPauseMonitor.java:run(105)) - JvmPauseMonitor-300eaa66-db2c-41ba-add6-fa9c16cbce0b: Started
2023-03-29 21:18:17,910 [EndpointStateMachine task thread for /0.0.0.0:43083 - 0 ] INFO  ratis.XceiverServerRatis (XceiverServerRatis.java:getRealPort(543)) - XceiverServerRatis 300eaa66-db2c-41ba-add6-fa9c16cbce0b is started using port 35989 for RATIS_SERVER
2023-03-29 21:18:17,910 [EndpointStateMachine task thread for /0.0.0.0:43083 - 0 ] INFO  ratis.XceiverServerRatis (XceiverServerRatis.java:getRealPort(543)) - XceiverServerRatis 300eaa66-db2c-41ba-add6-fa9c16cbce0b is started using port 40123 for RATIS_DATASTREAM
2023-03-29 21:18:17,912 [EndpointStateMachine task thread for /0.0.0.0:43083 - 0 ] INFO  server.XceiverServerGrpc (XceiverServerGrpc.java:start(180)) - XceiverServerGrpc 300eaa66-db2c-41ba-add6-fa9c16cbce0b is started using port 37911
2023-03-29 21:18:17,918 [BlockDeletingService#0] INFO  interfaces.ContainerDeletionChoosingPolicyTemplate (ContainerDeletionChoosingPolicyTemplate.java:chooseContainerForBlockDeletion(83)) - Chosen 0/5000 blocks from 0 candidate containers.
2023-03-29 21:18:18,201 [Listener at 127.0.0.1/32841] INFO  ozone.MiniOzoneClusterImpl (MiniOzoneClusterImpl.java:lambda$waitForClusterToBeReady$0(222)) - Waiting for nodes to be ready. Got 0 of 3 DN Heartbeats.
2023-03-29 21:18:18,201 [Listener at 127.0.0.1/32841] INFO  ozone.MiniOzoneClusterImpl (MiniOzoneClusterImpl.java:lambda$waitForClusterToBeReady$0(225)) - Waiting for cluster to exit safe mode
2023-03-29 21:18:18,201 [Listener at 127.0.0.1/32841] INFO  ozone.MiniOzoneClusterImpl (MiniOzoneClusterImpl.java:lambda$waitForClusterToBeReady$0(227)) - SCM became leader
2023-03-29 21:18:18,236 [EndpointStateMachine task thread for /0.0.0.0:43083 - 0 ] INFO  utils.DatanodeStoreCache (DatanodeStoreCache.java:addDB(58)) - Added db /home/runner/work/ozone/ozone/hadoop-ozone/integration-test/target/test-dir/MiniOzoneClusterImpl-94458d0b-d5a8-4c00-b4e5-5292a8a953be/datanode-2/data-0/containers/hdds/94458d0b-d5a8-4c00-b4e5-5292a8a953be/DS-7585584c-176a-469f-ba94-461463fae07f/container.db to cache
2023-03-29 21:18:18,236 [EndpointStateMachine task thread for /0.0.0.0:43083 - 0 ] INFO  volume.HddsVolume (HddsVolume.java:createDbStore(350)) - SchemaV3 db is created and loaded at /home/runner/work/ozone/ozone/hadoop-ozone/integration-test/target/test-dir/MiniOzoneClusterImpl-94458d0b-d5a8-4c00-b4e5-5292a8a953be/datanode-2/data-0/containers/hdds/94458d0b-d5a8-4c00-b4e5-5292a8a953be/DS-7585584c-176a-469f-ba94-461463fae07f/container.db for volume DS-7585584c-176a-469f-ba94-461463fae07f
2023-03-29 21:18:18,237 [EndpointStateMachine task thread for /0.0.0.0:43083 - 0 ] INFO  ozoneimpl.OzoneContainer (OzoneContainer.java:start(397)) - Attempting to start container services.
2023-03-29 21:18:18,237 [EndpointStateMachine task thread for /0.0.0.0:43083 - 0 ] INFO  ozoneimpl.OzoneContainer (OzoneContainer.java:startContainerScrub(314)) - Scheduled background container scanners and the on-demand container scanner have been disabled.
2023-03-29 21:18:18,240 [EndpointStateMachine task thread for /0.0.0.0:43083 - 0 ] INFO  replication.ReplicationServer (ReplicationServer.java:start(109)) - ReplicationServer is started using port 38797
2023-03-29 21:18:18,241 [EndpointStateMachine task thread for /0.0.0.0:43083 - 0 ] INFO  ratis.XceiverServerRatis (XceiverServerRatis.java:start(517)) - Starting XceiverServerRatis 69f3014f-ff88-49f1-a4e0-1e079fbb53ad
2023-03-29 21:18:18,241 [EndpointStateMachine task thread for /0.0.0.0:43083 - 0 ] INFO  server.RaftServer (RaftServerProxy.java:startImpl(393)) - 69f3014f-ff88-49f1-a4e0-1e079fbb53ad: start RPC server
2023-03-29 21:18:18,246 [EndpointStateMachine task thread for /0.0.0.0:43083 - 0 ] INFO  server.GrpcService (GrpcService.java:startImpl(262)) - 69f3014f-ff88-49f1-a4e0-1e079fbb53ad: GrpcService started, listening on 40355
2023-03-29 21:18:18,247 [EndpointStateMachine task thread for /0.0.0.0:43083 - 0 ] INFO  ratis.XceiverServerRatis (XceiverServerRatis.java:getRealPort(543)) - XceiverServerRatis 69f3014f-ff88-49f1-a4e0-1e079fbb53ad is started using port 40355 for RATIS
2023-03-29 21:18:18,247 [EndpointStateMachine task thread for /0.0.0.0:43083 - 0 ] INFO  ratis.XceiverServerRatis (XceiverServerRatis.java:getRealPort(543)) - XceiverServerRatis 69f3014f-ff88-49f1-a4e0-1e079fbb53ad is started using port 40355 for RATIS_ADMIN
2023-03-29 21:18:18,247 [JvmPauseMonitor19] INFO  util.JvmPauseMonitor (JvmPauseMonitor.java:run(105)) - JvmPauseMonitor-69f3014f-ff88-49f1-a4e0-1e079fbb53ad: Started
2023-03-29 21:18:18,247 [EndpointStateMachine task thread for /0.0.0.0:43083 - 0 ] INFO  ratis.XceiverServerRatis (XceiverServerRatis.java:getRealPort(543)) - XceiverServerRatis 69f3014f-ff88-49f1-a4e0-1e079fbb53ad is started using port 40355 for RATIS_SERVER
2023-03-29 21:18:18,247 [EndpointStateMachine task thread for /0.0.0.0:43083 - 0 ] INFO  ratis.XceiverServerRatis (XceiverServerRatis.java:getRealPort(543)) - XceiverServerRatis 69f3014f-ff88-49f1-a4e0-1e079fbb53ad is started using port 41067 for RATIS_DATASTREAM
2023-03-29 21:18:18,252 [EndpointStateMachine task thread for /0.0.0.0:43083 - 0 ] INFO  server.XceiverServerGrpc (XceiverServerGrpc.java:start(180)) - XceiverServerGrpc 69f3014f-ff88-49f1-a4e0-1e079fbb53ad is started using port 33715
2023-03-29 21:18:18,254 [BlockDeletingService#0] INFO  interfaces.ContainerDeletionChoosingPolicyTemplate (ContainerDeletionChoosingPolicyTemplate.java:chooseContainerForBlockDeletion(83)) - Chosen 0/5000 blocks from 0 candidate containers.
2023-03-29 21:18:19,201 [Listener at 127.0.0.1/32841] INFO  ozone.MiniOzoneClusterImpl (MiniOzoneClusterImpl.java:lambda$waitForClusterToBeReady$0(222)) - Waiting for nodes to be ready. Got 0 of 3 DN Heartbeats.
2023-03-29 21:18:19,201 [Listener at 127.0.0.1/32841] INFO  ozone.MiniOzoneClusterImpl (MiniOzoneClusterImpl.java:lambda$waitForClusterToBeReady$0(225)) - Waiting for cluster to exit safe mode
2023-03-29 21:18:19,201 [Listener at 127.0.0.1/32841] INFO  ozone.MiniOzoneClusterImpl (MiniOzoneClusterImpl.java:lambda$waitForClusterToBeReady$0(227)) - SCM became leader
2023-03-29 21:18:19,513 [IPC Server handler 0 on default port 43083] INFO  net.NetworkTopologyImpl (NetworkTopologyImpl.java:add(112)) - Added a new node: /default-rack/97ece121-4ac7-48f5-a423-498260ac9270
2023-03-29 21:18:19,513 [IPC Server handler 0 on default port 43083] INFO  node.SCMNodeManager (SCMNodeManager.java:register(404)) - Registered Data node : 97ece121-4ac7-48f5-a423-498260ac9270{ip: 10.1.0.17, host: fv-az308-773, ports: [REPLICATION=46615, RATIS=34367, RATIS_ADMIN=34367, RATIS_SERVER=34367, RATIS_DATASTREAM=37963, STANDALONE=46539], networkLocation: /default-rack, certSerialId: null, persistedOpState: null, persistedOpStateExpiryEpochSec: 0}
2023-03-29 21:18:19,522 [EventQueue-NewNodeForNewNodeHandler] INFO  pipeline.BackgroundPipelineCreator (BackgroundPipelineCreator.java:notifyEventTriggered(276)) - trigger a one-shot run on RatisPipelineUtilsThread.
2023-03-29 21:18:19,522 [EventQueue-NodeRegistrationContainerReportForDataNodeSafeModeRule] INFO  safemode.SCMSafeModeManager (DataNodeSafeModeRule.java:process(71)) - SCM in safe mode. 1 DataNodes registered, 3 required.
2023-03-29 21:18:19,522 [RatisPipelineUtilsThread - 0] INFO  pipeline.RatisPipelineProvider (RatisPipelineProvider.java:lambda$create$0(206)) - Sending CreatePipelineCommand for pipeline:PipelineID=c32929a4-ddb0-483e-9065-b15f55d64280 to datanode:97ece121-4ac7-48f5-a423-498260ac9270
2023-03-29 21:18:19,523 [RatisPipelineUtilsThread - 0] INFO  pipeline.PipelineStateManagerImpl (PipelineStateManagerImpl.java:addPipeline(103)) - Created pipeline Pipeline[ Id: c32929a4-ddb0-483e-9065-b15f55d64280, Nodes: 97ece121-4ac7-48f5-a423-498260ac9270(fv-az308-773/10.1.0.17), ReplicationConfig: RATIS/ONE, State:ALLOCATED, leaderId:, CreationTimestamp2023-03-29T21:18:19.522Z[Etc/UTC]].
2023-03-29 21:18:19,525 [EventQueue-NodeRegistrationContainerReportForContainerSafeModeRule] INFO  safemode.SCMSafeModeManager (SCMSafeModeManager.java:validateSafeModeExitRules(200)) - ContainerSafeModeRule rule is successfully validated
2023-03-29 21:18:19,526 [EventQueue-PipelineReportForOneReplicaPipelineSafeModeRule] INFO  safemode.SCMSafeModeManager (SCMSafeModeManager.java:validateSafeModeExitRules(200)) - AtleastOneDatanodeReportedRule rule is successfully validated
2023-03-29 21:18:19,877 [IPC Server handler 1 on default port 43083] INFO  net.NetworkTopologyImpl (NetworkTopologyImpl.java:add(112)) - Added a new node: /default-rack/300eaa66-db2c-41ba-add6-fa9c16cbce0b
2023-03-29 21:18:19,877 [IPC Server handler 1 on default port 43083] INFO  node.SCMNodeManager (SCMNodeManager.java:register(404)) - Registered Data node : 300eaa66-db2c-41ba-add6-fa9c16cbce0b{ip: 10.1.0.17, host: fv-az308-773, ports: [REPLICATION=46391, RATIS=35989, RATIS_ADMIN=35989, RATIS_SERVER=35989, RATIS_DATASTREAM=40123, STANDALONE=37911], networkLocation: /default-rack, certSerialId: null, persistedOpState: null, persistedOpStateExpiryEpochSec: 0}
2023-03-29 21:18:19,877 [EventQueue-NewNodeForNewNodeHandler] INFO  pipeline.BackgroundPipelineCreator (BackgroundPipelineCreator.java:notifyEventTriggered(276)) - trigger a one-shot run on RatisPipelineUtilsThread.
2023-03-29 21:18:19,879 [EventQueue-NodeRegistrationContainerReportForDataNodeSafeModeRule] INFO  safemode.SCMSafeModeManager (DataNodeSafeModeRule.java:process(71)) - SCM in safe mode. 2 DataNodes registered, 3 required.
2023-03-29 21:18:19,879 [RatisPipelineUtilsThread - 0] INFO  pipeline.RatisPipelineProvider (RatisPipelineProvider.java:lambda$create$0(206)) - Sending CreatePipelineCommand for pipeline:PipelineID=05acd17a-aef8-4dcb-8c61-ecd9998b6098 to datanode:300eaa66-db2c-41ba-add6-fa9c16cbce0b
2023-03-29 21:18:19,880 [RatisPipelineUtilsThread - 0] INFO  pipeline.PipelineStateManagerImpl (PipelineStateManagerImpl.java:addPipeline(103)) - Created pipeline Pipeline[ Id: 05acd17a-aef8-4dcb-8c61-ecd9998b6098, Nodes: 300eaa66-db2c-41ba-add6-fa9c16cbce0b(fv-az308-773/10.1.0.17), ReplicationConfig: RATIS/ONE, State:ALLOCATED, leaderId:, CreationTimestamp2023-03-29T21:18:19.879Z[Etc/UTC]].
2023-03-29 21:18:20,202 [Listener at 127.0.0.1/32841] INFO  ozone.MiniOzoneClusterImpl (MiniOzoneClusterImpl.java:lambda$waitForClusterToBeReady$0(222)) - Waiting for nodes to be ready. Got 2 of 3 DN Heartbeats.
2023-03-29 21:18:20,202 [Listener at 127.0.0.1/32841] INFO  ozone.MiniOzoneClusterImpl (MiniOzoneClusterImpl.java:lambda$waitForClusterToBeReady$0(225)) - Waiting for cluster to exit safe mode
2023-03-29 21:18:20,202 [Listener at 127.0.0.1/32841] INFO  ozone.MiniOzoneClusterImpl (MiniOzoneClusterImpl.java:lambda$waitForClusterToBeReady$0(227)) - SCM became leader
2023-03-29 21:18:20,211 [IPC Server handler 2 on default port 43083] INFO  net.NetworkTopologyImpl (NetworkTopologyImpl.java:add(112)) - Added a new node: /default-rack/69f3014f-ff88-49f1-a4e0-1e079fbb53ad
2023-03-29 21:18:20,211 [IPC Server handler 2 on default port 43083] INFO  node.SCMNodeManager (SCMNodeManager.java:register(404)) - Registered Data node : 69f3014f-ff88-49f1-a4e0-1e079fbb53ad{ip: 10.1.0.17, host: fv-az308-773, ports: [REPLICATION=38797, RATIS=40355, RATIS_ADMIN=40355, RATIS_SERVER=40355, RATIS_DATASTREAM=41067, STANDALONE=33715], networkLocation: /default-rack, certSerialId: null, persistedOpState: null, persistedOpStateExpiryEpochSec: 0}
2023-03-29 21:18:20,211 [EventQueue-NewNodeForNewNodeHandler] INFO  pipeline.BackgroundPipelineCreator (BackgroundPipelineCreator.java:notifyEventTriggered(276)) - trigger a one-shot run on RatisPipelineUtilsThread.
2023-03-29 21:18:20,211 [EventQueue-NodeRegistrationContainerReportForDataNodeSafeModeRule] INFO  safemode.SCMSafeModeManager (DataNodeSafeModeRule.java:process(71)) - SCM in safe mode. 3 DataNodes registered, 3 required.
2023-03-29 21:18:20,211 [EventQueue-NodeRegistrationContainerReportForDataNodeSafeModeRule] INFO  safemode.SCMSafeModeManager (SCMSafeModeManager.java:validateSafeModeExitRules(200)) - DataNodeSafeModeRule rule is successfully validated
2023-03-29 21:18:20,211 [EventQueue-NodeRegistrationContainerReportForDataNodeSafeModeRule] INFO  safemode.SCMSafeModeManager (SCMSafeModeManager.java:completePreCheck(229)) - All SCM safe mode pre check rules have passed
2023-03-29 21:18:20,211 [EventQueue-NodeRegistrationContainerReportForDataNodeSafeModeRule] INFO  ha.SCMContext (SCMContext.java:updateSafeModeStatus(228)) - Update SafeModeStatus from SafeModeStatus{safeModeStatus=true, preCheckPassed=false} to SafeModeStatus{safeModeStatus=true, preCheckPassed=true}.
2023-03-29 21:18:20,212 [EventQueue-NodeRegistrationContainerReportForDataNodeSafeModeRule] INFO  pipeline.BackgroundPipelineCreator (BackgroundPipelineCreator.java:notifyEventTriggered(276)) - trigger a one-shot run on RatisPipelineUtilsThread.
2023-03-29 21:18:20,212 [RatisPipelineUtilsThread - 0] INFO  pipeline.RatisPipelineProvider (RatisPipelineProvider.java:lambda$create$0(206)) - Sending CreatePipelineCommand for pipeline:PipelineID=01dea8be-a9de-452b-a81a-1d543a21d10e to datanode:69f3014f-ff88-49f1-a4e0-1e079fbb53ad
2023-03-29 21:18:20,212 [RatisPipelineUtilsThread - 0] INFO  pipeline.PipelineStateManagerImpl (PipelineStateManagerImpl.java:addPipeline(103)) - Created pipeline Pipeline[ Id: 01dea8be-a9de-452b-a81a-1d543a21d10e, Nodes: 69f3014f-ff88-49f1-a4e0-1e079fbb53ad(fv-az308-773/10.1.0.17), ReplicationConfig: RATIS/ONE, State:ALLOCATED, leaderId:, CreationTimestamp2023-03-29T21:18:20.212Z[Etc/UTC]].
2023-03-29 21:18:20,213 [RatisPipelineUtilsThread - 0] INFO  pipeline.RatisPipelineProvider (RatisPipelineProvider.java:lambda$create$0(206)) - Sending CreatePipelineCommand for pipeline:PipelineID=5d4c63f5-fc24-46ba-8347-b117a9c3a2c5 to datanode:300eaa66-db2c-41ba-add6-fa9c16cbce0b
2023-03-29 21:18:20,213 [RatisPipelineUtilsThread - 0] INFO  pipeline.RatisPipelineProvider (RatisPipelineProvider.java:lambda$create$0(206)) - Sending CreatePipelineCommand for pipeline:PipelineID=5d4c63f5-fc24-46ba-8347-b117a9c3a2c5 to datanode:97ece121-4ac7-48f5-a423-498260ac9270
2023-03-29 21:18:20,213 [RatisPipelineUtilsThread - 0] INFO  pipeline.RatisPipelineProvider (RatisPipelineProvider.java:lambda$create$0(206)) - Sending CreatePipelineCommand for pipeline:PipelineID=5d4c63f5-fc24-46ba-8347-b117a9c3a2c5 to datanode:69f3014f-ff88-49f1-a4e0-1e079fbb53ad
2023-03-29 21:18:20,213 [RatisPipelineUtilsThread - 0] INFO  pipeline.PipelineStateManagerImpl (PipelineStateManagerImpl.java:addPipeline(103)) - Created pipeline Pipeline[ Id: 5d4c63f5-fc24-46ba-8347-b117a9c3a2c5, Nodes: 300eaa66-db2c-41ba-add6-fa9c16cbce0b(fv-az308-773/10.1.0.17)97ece121-4ac7-48f5-a423-498260ac9270(fv-az308-773/10.1.0.17)69f3014f-ff88-49f1-a4e0-1e079fbb53ad(fv-az308-773/10.1.0.17), ReplicationConfig: RATIS/THREE, State:ALLOCATED, leaderId:, CreationTimestamp2023-03-29T21:18:20.212Z[Etc/UTC]].
2023-03-29 21:18:20,218 [RatisPipelineUtilsThread - 0] INFO  pipeline.RatisPipelineProvider (RatisPipelineProvider.java:lambda$create$0(206)) - Sending CreatePipelineCommand for pipeline:PipelineID=da127d51-654a-49fb-8e3d-3702c0c83597 to datanode:69f3014f-ff88-49f1-a4e0-1e079fbb53ad
2023-03-29 21:18:20,218 [RatisPipelineUtilsThread - 0] INFO  pipeline.RatisPipelineProvider (RatisPipelineProvider.java:lambda$create$0(206)) - Sending CreatePipelineCommand for pipeline:PipelineID=da127d51-654a-49fb-8e3d-3702c0c83597 to datanode:300eaa66-db2c-41ba-add6-fa9c16cbce0b
2023-03-29 21:18:20,218 [RatisPipelineUtilsThread - 0] INFO  pipeline.RatisPipelineProvider (RatisPipelineProvider.java:lambda$create$0(206)) - Sending CreatePipelineCommand for pipeline:PipelineID=da127d51-654a-49fb-8e3d-3702c0c83597 to datanode:97ece121-4ac7-48f5-a423-498260ac9270
2023-03-29 21:18:20,219 [RatisPipelineUtilsThread - 0] INFO  pipeline.PipelineStateManagerImpl (PipelineStateManagerImpl.java:addPipeline(103)) - Created pipeline Pipeline[ Id: da127d51-654a-49fb-8e3d-3702c0c83597, Nodes: 69f3014f-ff88-49f1-a4e0-1e079fbb53ad(fv-az308-773/10.1.0.17)300eaa66-db2c-41ba-add6-fa9c16cbce0b(fv-az308-773/10.1.0.17)97ece121-4ac7-48f5-a423-498260ac9270(fv-az308-773/10.1.0.17), ReplicationConfig: RATIS/THREE, State:ALLOCATED, leaderId:, CreationTimestamp2023-03-29T21:18:20.218Z[Etc/UTC]].
2023-03-29 21:18:20,219 [RatisPipelineUtilsThread - 0] INFO  pipeline.PipelineManagerImpl (PipelineManagerImpl.java:recordMetricsForPipeline(826)) - Pipeline: PipelineID=da127d51-654a-49fb-8e3d-3702c0c83597 contains same datanodes as previous pipelines: PipelineID=5d4c63f5-fc24-46ba-8347-b117a9c3a2c5 nodeIds: 69f3014f-ff88-49f1-a4e0-1e079fbb53ad, 300eaa66-db2c-41ba-add6-fa9c16cbce0b, 97ece121-4ac7-48f5-a423-498260ac9270
2023-03-29 21:18:20,219 [RatisPipelineUtilsThread - 0] WARN  pipeline.PipelinePlacementPolicy (PipelinePlacementPolicy.java:filterViableNodes(160)) - Pipeline creation failed due to no sufficient healthy datanodes. Required 3. Found 0. Excluded 3.
2023-03-29 21:18:20,219 [RatisPipelineUtilsThread - 0] WARN  pipeline.PipelinePlacementPolicy (PipelinePlacementPolicy.java:filterViableNodes(160)) - Pipeline creation failed due to no sufficient healthy datanodes. Required 3. Found 0. Excluded 3.
2023-03-29 21:18:21,202 [Listener at 127.0.0.1/32841] INFO  ozone.MiniOzoneClusterImpl (MiniOzoneClusterImpl.java:lambda$waitForClusterToBeReady$0(222)) - Nodes are ready. Got 3 of 3 DN Heartbeats.
2023-03-29 21:18:21,202 [Listener at 127.0.0.1/32841] INFO  ozone.MiniOzoneClusterImpl (MiniOzoneClusterImpl.java:lambda$waitForClusterToBeReady$0(225)) - Waiting for cluster to exit safe mode
2023-03-29 21:18:21,202 [Listener at 127.0.0.1/32841] INFO  ozone.MiniOzoneClusterImpl (MiniOzoneClusterImpl.java:lambda$waitForClusterToBeReady$0(227)) - SCM became leader
2023-03-29 21:18:22,203 [Listener at 127.0.0.1/32841] INFO  ozone.MiniOzoneClusterImpl (MiniOzoneClusterImpl.java:lambda$waitForClusterToBeReady$0(222)) - Nodes are ready. Got 3 of 3 DN Heartbeats.
2023-03-29 21:18:22,203 [Listener at 127.0.0.1/32841] INFO  ozone.MiniOzoneClusterImpl (MiniOzoneClusterImpl.java:lambda$waitForClusterToBeReady$0(225)) - Waiting for cluster to exit safe mode
2023-03-29 21:18:22,203 [Listener at 127.0.0.1/32841] INFO  ozone.MiniOzoneClusterImpl (MiniOzoneClusterImpl.java:lambda$waitForClusterToBeReady$0(227)) - SCM became leader
2023-03-29 21:18:22,512 [Command processor thread] INFO  server.RaftServer (RaftServerProxy.java:addNew(96)) - 97ece121-4ac7-48f5-a423-498260ac9270: addNew group-B15F55D64280:[97ece121-4ac7-48f5-a423-498260ac9270|rpc:10.1.0.17:34367|dataStream:10.1.0.17:37963|priority:1|startupRole:FOLLOWER] returns group-B15F55D64280:java.util.concurrent.CompletableFuture@5b5b7c43[Not completed]
2023-03-29 21:18:22,514 [pool-744-thread-1] INFO  server.RaftServer$Division (RaftServerImpl.java:<init>(195)) - 97ece121-4ac7-48f5-a423-498260ac9270: new RaftServerImpl for group-B15F55D64280:[97ece121-4ac7-48f5-a423-498260ac9270|rpc:10.1.0.17:34367|dataStream:10.1.0.17:37963|priority:1|startupRole:FOLLOWER] with ContainerStateMachine:uninitialized
2023-03-29 21:18:22,514 [pool-744-thread-1] INFO  server.RaftServerConfigKeys (ConfUtils.java:logGet(46)) - raft.server.rpc.timeout.min = 5s (custom)
2023-03-29 21:18:22,514 [pool-744-thread-1] INFO  server.RaftServerConfigKeys (ConfUtils.java:logGet(46)) - raft.server.rpc.timeout.max = 5200ms (custom)
2023-03-29 21:18:22,514 [pool-744-thread-1] INFO  server.RaftServerConfigKeys (ConfUtils.java:logGet(46)) - raft.server.rpc.sleep.time = 25ms (default)
2023-03-29 21:18:22,514 [pool-744-thread-1] INFO  server.RaftServerConfigKeys (ConfUtils.java:logGet(46)) - raft.server.rpc.slowness.timeout = 300s (custom)
2023-03-29 21:18:22,514 [pool-744-thread-1] INFO  server.RaftServerConfigKeys (ConfUtils.java:logGet(46)) - raft.server.leaderelection.leader.step-down.wait-time = 10s (default)
2023-03-29 21:18:22,515 [pool-744-thread-1] INFO  server.RaftServerConfigKeys (ConfUtils.java:logGet(46)) - raft.server.sleep.deviation.threshold = 300ms (default)
2023-03-29 21:18:22,515 [pool-744-thread-1] INFO  server.RaftServer$Division (ServerState.java:<init>(118)) - 97ece121-4ac7-48f5-a423-498260ac9270@group-B15F55D64280: ConfigurationManager, init=-1: peers:[97ece121-4ac7-48f5-a423-498260ac9270|rpc:10.1.0.17:34367|dataStream:10.1.0.17:37963|priority:1|startupRole:FOLLOWER]|listeners:[], old=null, confs=<EMPTY_MAP>
2023-03-29 21:18:22,515 [pool-744-thread-1] INFO  server.RaftServerConfigKeys (ConfUtils.java:logGet(46)) - raft.server.storage.dir = [/home/runner/work/ozone/ozone/hadoop-ozone/integration-test/target/test-dir/MiniOzoneClusterImpl-94458d0b-d5a8-4c00-b4e5-5292a8a953be/datanode-0/data/ratis] (custom)
2023-03-29 21:18:22,515 [pool-744-thread-1] INFO  server.RaftServerConfigKeys (ConfUtils.java:logGet(46)) - raft.server.log.corruption.policy = EXCEPTION (default)
2023-03-29 21:18:22,515 [pool-744-thread-1] INFO  server.RaftServerConfigKeys (ConfUtils.java:logGet(46)) - raft.server.storage.free-space.min = 0MB (=0) (default)
2023-03-29 21:18:22,515 [pool-744-thread-1] INFO  server.RaftServerConfigKeys (ConfUtils.java:logGet(46)) - raft.server.notification.no-leader.timeout = 300s (custom)
2023-03-29 21:18:22,515 [pool-744-thread-1] INFO  server.RaftServerConfigKeys (ConfUtils.java:logGet(46)) - raft.server.retrycache.expirytime = 600000ms (custom)
2023-03-29 21:18:22,515 [pool-744-thread-1] INFO  server.RaftServerConfigKeys (ConfUtils.java:logGet(46)) - raft.server.retrycache.statistics.expirytime = 100μs (default)
2023-03-29 21:18:22,517 [pool-744-thread-1] INFO  server.RaftServerConfigKeys (ConfUtils.java:logGet(46)) - raft.server.log.appender.install.snapshot.enabled = false (custom)
2023-03-29 21:18:22,517 [pool-744-thread-1] INFO  server.RaftServerConfigKeys (ConfUtils.java:logGet(46)) - raft.server.threadpool.server.cached = true (default)
2023-03-29 21:18:22,517 [pool-744-thread-1] INFO  server.RaftServerConfigKeys (ConfUtils.java:logGet(46)) - raft.server.threadpool.server.size = 0 (default)
2023-03-29 21:18:22,517 [pool-744-thread-1] INFO  server.RaftServerConfigKeys (ConfUtils.java:logGet(46)) - raft.server.threadpool.client.cached = true (default)
2023-03-29 21:18:22,517 [pool-744-thread-1] INFO  server.RaftServerConfigKeys (ConfUtils.java:logGet(46)) - raft.server.threadpool.client.size = 0 (default)
2023-03-29 21:18:22,517 [pool-744-thread-1] INFO  storage.RaftStorageDirectory (RaftStorageDirectoryImpl.java:analyzeStorage(137)) - The storage directory /home/runner/work/ozone/ozone/hadoop-ozone/integration-test/target/test-dir/MiniOzoneClusterImpl-94458d0b-d5a8-4c00-b4e5-5292a8a953be/datanode-0/data/ratis/c32929a4-ddb0-483e-9065-b15f55d64280 does not exist. Creating ...
2023-03-29 21:18:22,519 [pool-744-thread-1] INFO  storage.RaftStorageDirectory (RaftStorageDirectoryImpl.java:tryLock(231)) - Lock on /home/runner/work/ozone/ozone/hadoop-ozone/integration-test/target/test-dir/MiniOzoneClusterImpl-94458d0b-d5a8-4c00-b4e5-5292a8a953be/datanode-0/data/ratis/c32929a4-ddb0-483e-9065-b15f55d64280/in_use.lock acquired by nodename 46426@fv-az308-773
2023-03-29 21:18:22,520 [pool-744-thread-1] INFO  storage.RaftStorage (RaftStorageImpl.java:format(96)) - Storage directory /home/runner/work/ozone/ozone/hadoop-ozone/integration-test/target/test-dir/MiniOzoneClusterImpl-94458d0b-d5a8-4c00-b4e5-5292a8a953be/datanode-0/data/ratis/c32929a4-ddb0-483e-9065-b15f55d64280 has been successfully formatted.
2023-03-29 21:18:22,522 [EventQueue-PipelineReportForPipelineReportHandler] INFO  pipeline.PipelineManagerImpl (PipelineManagerImpl.java:openPipeline(367)) - Pipeline Pipeline[ Id: c32929a4-ddb0-483e-9065-b15f55d64280, Nodes: 97ece121-4ac7-48f5-a423-498260ac9270(fv-az308-773/10.1.0.17), ReplicationConfig: RATIS/ONE, State:ALLOCATED, leaderId:97ece121-4ac7-48f5-a423-498260ac9270, CreationTimestamp2023-03-29T21:18:19.522Z[Etc/UTC]] moved to OPEN state
2023-03-29 21:18:22,525 [pool-744-thread-1] INFO  ratis.ContainerStateMachine (ContainerStateMachine.java:loadSnapshot(262)) - group-B15F55D64280: The snapshot info is null. Setting the last applied indexto:(t:0, i:~)
2023-03-29 21:18:22,525 [pool-744-thread-1] INFO  server.RaftServerConfigKeys (ConfUtils.java:logGet(46)) - raft.server.log.use.memory = false (default)
2023-03-29 21:18:22,525 [pool-744-thread-1] INFO  server.RaftServerConfigKeys (ConfUtils.java:logGet(46)) - raft.server.log.purge.gap = 1000000 (custom)
2023-03-29 21:18:22,525 [pool-744-thread-1] INFO  server.RaftServerConfigKeys (ConfUtils.java:logGet(46)) - raft.server.log.appender.buffer.byte-limit = 33554432 (custom)
2023-03-29 21:18:22,525 [pool-744-thread-1] INFO  server.RaftServerConfigKeys (ConfUtils.java:logGet(46)) - raft.server.log.statemachine.data.read.timeout = 1000ms (default)
2023-03-29 21:18:22,525 [pool-744-thread-1] INFO  server.RaftServerConfigKeys (ConfUtils.java:logGet(46)) - raft.server.log.purge.preservation.log.num = 0 (default)
2023-03-29 21:18:22,525 [pool-744-thread-1] INFO  server.RaftServerConfigKeys (ConfUtils.java:logGet(46)) - raft.server.log.segment.size.max = 1048576 (custom)
2023-03-29 21:18:22,526 [pool-744-thread-1] INFO  server.RaftServerConfigKeys (ConfUtils.java:logGet(46)) - raft.server.log.segment.cache.num.max = 2 (custom)
2023-03-29 21:18:22,526 [pool-744-thread-1] INFO  server.RaftServerConfigKeys (ConfUtils.java:logGet(46)) - raft.server.log.segment.cache.size.max = 200MB (=209715200) (default)
2023-03-29 21:18:22,526 [pool-744-thread-1] INFO  segmented.SegmentedRaftLogWorker (SegmentedRaftLogWorker.java:<init>(189)) - new 97ece121-4ac7-48f5-a423-498260ac9270@group-B15F55D64280-SegmentedRaftLogWorker for RaftStorageImpl:Storage Directory /home/runner/work/ozone/ozone/hadoop-ozone/integration-test/target/test-dir/MiniOzoneClusterImpl-94458d0b-d5a8-4c00-b4e5-5292a8a953be/datanode-0/data/ratis/c32929a4-ddb0-483e-9065-b15f55d64280
2023-03-29 21:18:22,526 [pool-744-thread-1] INFO  server.RaftServerConfigKeys (ConfUtils.java:logGet(46)) - raft.server.log.queue.byte-limit = 4294967296 (custom)
2023-03-29 21:18:22,526 [pool-744-thread-1] INFO  server.RaftServerConfigKeys (ConfUtils.java:logGet(46)) - raft.server.log.queue.element-limit = 1024 (custom)
2023-03-29 21:18:22,526 [pool-744-thread-1] INFO  server.RaftServerConfigKeys (ConfUtils.java:logGet(46)) - raft.server.log.segment.size.max = 1048576 (custom)
2023-03-29 21:18:22,526 [pool-744-thread-1] INFO  server.RaftServerConfigKeys (ConfUtils.java:logGet(46)) - raft.server.log.preallocated.size = 16384 (custom)
2023-03-29 21:18:22,526 [pool-744-thread-1] INFO  server.RaftServerConfigKeys (ConfUtils.java:logGet(46)) - raft.server.log.force.sync.num = 128 (default)
2023-03-29 21:18:22,526 [pool-744-thread-1] INFO  server.RaftServerConfigKeys (ConfUtils.java:logGet(46)) - raft.server.log.statemachine.data.sync = true (default)
2023-03-29 21:18:22,526 [pool-744-thread-1] INFO  server.RaftServerConfigKeys (ConfUtils.java:logGet(46)) - raft.server.log.statemachine.data.sync.timeout = 10s (default)
2023-03-29 21:18:22,526 [pool-744-thread-1] INFO  server.RaftServerConfigKeys (ConfUtils.java:logGet(46)) - raft.server.log.statemachine.data.sync.timeout.retry = -1 (default)
2023-03-29 21:18:22,529 [pool-744-thread-1] INFO  server.RaftServerConfigKeys (ConfUtils.java:logGet(46)) - raft.server.log.write.buffer.size = 1048576 (custom)
2023-03-29 21:18:22,531 [pool-744-thread-1] INFO  server.RaftServerConfigKeys (ConfUtils.java:logGet(46)) - raft.server.log.appender.buffer.byte-limit = 33554432 (custom)
2023-03-29 21:18:22,531 [EventQueue-OpenPipelineForHealthyPipelineSafeModeRule] INFO  safemode.SCMSafeModeManager (HealthyPipelineSafeModeRule.java:process(137)) - SCM in safe mode. Healthy pipelines reported count is 0, required healthy pipeline reported count is 1
2023-03-29 21:18:22,535 [pool-744-thread-1] INFO  server.RaftServerConfigKeys (ConfUtils.java:logGet(46)) - raft.server.log.unsafe-flush.enabled = false (default)
2023-03-29 21:18:22,536 [pool-744-thread-1] INFO  server.RaftServerConfigKeys (ConfUtils.java:logGet(46)) - raft.server.log.async-flush.enabled = false (default)
2023-03-29 21:18:22,536 [pool-744-thread-1] INFO  server.RaftServerConfigKeys (ConfUtils.java:logGet(46)) - raft.server.log.statemachine.data.caching.enabled = true (custom)
2023-03-29 21:18:22,536 [pool-744-thread-1] INFO  segmented.SegmentedRaftLogWorker (SegmentedRaftLogWorker.java:lambda$new$0(135)) - 97ece121-4ac7-48f5-a423-498260ac9270@group-B15F55D64280-SegmentedRaftLogWorker: flushIndex: setUnconditionally 0 -> -1
2023-03-29 21:18:22,536 [pool-744-thread-1] INFO  segmented.SegmentedRaftLogWorker (SegmentedRaftLogWorker.java:lambda$new$0(135)) - 97ece121-4ac7-48f5-a423-498260ac9270@group-B15F55D64280-SegmentedRaftLogWorker: safeCacheEvictIndex: setUnconditionally 0 -> -1
2023-03-29 21:18:22,536 [pool-744-thread-1] INFO  server.RaftServer$Division (RaftServerImpl.java:start(334)) - 97ece121-4ac7-48f5-a423-498260ac9270@group-B15F55D64280: start as a follower, conf=-1: peers:[97ece121-4ac7-48f5-a423-498260ac9270|rpc:10.1.0.17:34367|dataStream:10.1.0.17:37963|priority:1|startupRole:FOLLOWER]|listeners:[], old=null
2023-03-29 21:18:22,536 [pool-744-thread-1] INFO  server.RaftServer$Division (RaftServerImpl.java:setRole(321)) - 97ece121-4ac7-48f5-a423-498260ac9270@group-B15F55D64280: changes role from      null to FOLLOWER at term 0 for startAsFollower
2023-03-29 21:18:22,536 [pool-744-thread-1] INFO  impl.RoleInfo (RoleInfo.java:updateAndGet(139)) - 97ece121-4ac7-48f5-a423-498260ac9270: start 97ece121-4ac7-48f5-a423-498260ac9270@group-B15F55D64280-FollowerState
2023-03-29 21:18:22,536 [97ece121-4ac7-48f5-a423-498260ac9270@group-B15F55D64280-FollowerState] INFO  server.RaftServerConfigKeys (ConfUtils.java:logFallback(53)) - raft.server.rpc.first-election.timeout.min = 5s (fallback to raft.server.rpc.timeout.min)
2023-03-29 21:18:22,536 [pool-744-thread-1] INFO  util.JmxRegister (JmxRegister.java:tryRegister(44)) - Successfully registered JMX Bean with object name Ratis:service=RaftServer,group=group-B15F55D64280,id=97ece121-4ac7-48f5-a423-498260ac9270
2023-03-29 21:18:22,537 [97ece121-4ac7-48f5-a423-498260ac9270@group-B15F55D64280-FollowerState] INFO  server.RaftServerConfigKeys (ConfUtils.java:logFallback(53)) - raft.server.rpc.first-election.timeout.max = 5200ms (fallback to raft.server.rpc.timeout.max)
2023-03-29 21:18:22,537 [pool-744-thread-1] INFO  server.RaftServerConfigKeys (ConfUtils.java:logGet(46)) - raft.server.snapshot.auto.trigger.enabled = true (custom)
2023-03-29 21:18:22,537 [pool-744-thread-1] INFO  server.RaftServerConfigKeys (ConfUtils.java:logGet(46)) - raft.server.snapshot.auto.trigger.threshold = 10000 (custom)
2023-03-29 21:18:22,537 [pool-744-thread-1] INFO  server.RaftServerConfigKeys (ConfUtils.java:logGet(46)) - raft.server.snapshot.retention.file.num = 5 (custom)
2023-03-29 21:18:22,537 [pool-744-thread-1] INFO  server.RaftServerConfigKeys (ConfUtils.java:logGet(46)) - raft.server.log.purge.upto.snapshot.index = false (default)
2023-03-29 21:18:22,537 [Command processor thread] INFO  ratis.XceiverServerRatis (XceiverServerRatis.java:addGroup(806)) - Created group PipelineID=c32929a4-ddb0-483e-9065-b15f55d64280
2023-03-29 21:18:22,537 [Command processor thread] INFO  commandhandler.CreatePipelineCommandHandler (CreatePipelineCommandHandler.java:handle(113)) - Created Pipeline RATIS ONE PipelineID=c32929a4-ddb0-483e-9065-b15f55d64280.
2023-03-29 21:18:22,538 [Command processor thread] INFO  server.RaftServer (RaftServerProxy.java:addNew(96)) - 97ece121-4ac7-48f5-a423-498260ac9270: addNew group-B117A9C3A2C5:[69f3014f-ff88-49f1-a4e0-1e079fbb53ad|rpc:10.1.0.17:40355|dataStream:10.1.0.17:41067|priority:0|startupRole:FOLLOWER, 300eaa66-db2c-41ba-add6-fa9c16cbce0b|rpc:10.1.0.17:35989|dataStream:10.1.0.17:40123|priority:0|startupRole:FOLLOWER, 97ece121-4ac7-48f5-a423-498260ac9270|rpc:10.1.0.17:34367|dataStream:10.1.0.17:37963|priority:1|startupRole:FOLLOWER] returns group-B117A9C3A2C5:java.util.concurrent.CompletableFuture@5f64f3f0[Not completed]
2023-03-29 21:18:22,538 [pool-744-thread-1] INFO  server.RaftServer$Division (RaftServerImpl.java:<init>(195)) - 97ece121-4ac7-48f5-a423-498260ac9270: new RaftServerImpl for group-B117A9C3A2C5:[69f3014f-ff88-49f1-a4e0-1e079fbb53ad|rpc:10.1.0.17:40355|dataStream:10.1.0.17:41067|priority:0|startupRole:FOLLOWER, 300eaa66-db2c-41ba-add6-fa9c16cbce0b|rpc:10.1.0.17:35989|dataStream:10.1.0.17:40123|priority:0|startupRole:FOLLOWER, 97ece121-4ac7-48f5-a423-498260ac9270|rpc:10.1.0.17:34367|dataStream:10.1.0.17:37963|priority:1|startupRole:FOLLOWER] with ContainerStateMachine:uninitialized
2023-03-29 21:18:22,539 [pool-744-thread-1] INFO  server.RaftServerConfigKeys (ConfUtils.java:logGet(46)) - raft.server.rpc.timeout.min = 5s (custom)
2023-03-29 21:18:22,539 [pool-744-thread-1] INFO  server.RaftServerConfigKeys (ConfUtils.java:logGet(46)) - raft.server.rpc.timeout.max = 5200ms (custom)
2023-03-29 21:18:22,539 [pool-744-thread-1] INFO  server.RaftServerConfigKeys (ConfUtils.java:logGet(46)) - raft.server.rpc.sleep.time = 25ms (default)
2023-03-29 21:18:22,539 [pool-744-thread-1] INFO  server.RaftServerConfigKeys (ConfUtils.java:logGet(46)) - raft.server.rpc.slowness.timeout = 300s (custom)
2023-03-29 21:18:22,539 [pool-744-thread-1] INFO  server.RaftServerConfigKeys (ConfUtils.java:logGet(46)) - raft.server.leaderelection.leader.step-down.wait-time = 10s (default)
2023-03-29 21:18:22,539 [pool-744-thread-1] INFO  server.RaftServerConfigKeys (ConfUtils.java:logGet(46)) - raft.server.sleep.deviation.threshold = 300ms (default)
2023-03-29 21:18:22,539 [pool-744-thread-1] INFO  server.RaftServer$Division (ServerState.java:<init>(118)) - 97ece121-4ac7-48f5-a423-498260ac9270@group-B117A9C3A2C5: ConfigurationManager, init=-1: peers:[69f3014f-ff88-49f1-a4e0-1e079fbb53ad|rpc:10.1.0.17:40355|dataStream:10.1.0.17:41067|priority:0|startupRole:FOLLOWER, 300eaa66-db2c-41ba-add6-fa9c16cbce0b|rpc:10.1.0.17:35989|dataStream:10.1.0.17:40123|priority:0|startupRole:FOLLOWER, 97ece121-4ac7-48f5-a423-498260ac9270|rpc:10.1.0.17:34367|dataStream:10.1.0.17:37963|priority:1|startupRole:FOLLOWER]|listeners:[], old=null, confs=<EMPTY_MAP>
2023-03-29 21:18:22,539 [pool-744-thread-1] INFO  server.RaftServerConfigKeys (ConfUtils.java:logGet(46)) - raft.server.storage.dir = [/home/runner/work/ozone/ozone/hadoop-ozone/integration-test/target/test-dir/MiniOzoneClusterImpl-94458d0b-d5a8-4c00-b4e5-5292a8a953be/datanode-0/data/ratis] (custom)
2023-03-29 21:18:22,539 [pool-744-thread-1] INFO  server.RaftServerConfigKeys (ConfUtils.java:logGet(46)) - raft.server.log.corruption.policy = EXCEPTION (default)
2023-03-29 21:18:22,539 [pool-744-thread-1] INFO  server.RaftServerConfigKeys (ConfUtils.java:logGet(46)) - raft.server.storage.free-space.min = 0MB (=0) (default)
2023-03-29 21:18:22,539 [pool-744-thread-1] INFO  server.RaftServerConfigKeys (ConfUtils.java:logGet(46)) - raft.server.notification.no-leader.timeout = 300s (custom)
2023-03-29 21:18:22,539 [pool-744-thread-1] INFO  server.RaftServerConfigKeys (ConfUtils.java:logGet(46)) - raft.server.retrycache.expirytime = 600000ms (custom)
2023-03-29 21:18:22,539 [pool-744-thread-1] INFO  server.RaftServerConfigKeys (ConfUtils.java:logGet(46)) - raft.server.retrycache.statistics.expirytime = 100μs (default)
2023-03-29 21:18:22,540 [pool-744-thread-1] INFO  server.RaftServerConfigKeys (ConfUtils.java:logGet(46)) - raft.server.log.appender.install.snapshot.enabled = false (custom)
2023-03-29 21:18:22,540 [pool-744-thread-1] INFO  server.RaftServerConfigKeys (ConfUtils.java:logGet(46)) - raft.server.threadpool.server.cached = true (default)
2023-03-29 21:18:22,540 [pool-744-thread-1] INFO  server.RaftServerConfigKeys (ConfUtils.java:logGet(46)) - raft.server.threadpool.server.size = 0 (default)
2023-03-29 21:18:22,540 [pool-744-thread-1] INFO  server.RaftServerConfigKeys (ConfUtils.java:logGet(46)) - raft.server.threadpool.client.cached = true (default)
2023-03-29 21:18:22,540 [pool-744-thread-1] INFO  server.RaftServerConfigKeys (ConfUtils.java:logGet(46)) - raft.server.threadpool.client.size = 0 (default)
2023-03-29 21:18:22,540 [pool-744-thread-1] INFO  storage.RaftStorageDirectory (RaftStorageDirectoryImpl.java:analyzeStorage(137)) - The storage directory /home/runner/work/ozone/ozone/hadoop-ozone/integration-test/target/test-dir/MiniOzoneClusterImpl-94458d0b-d5a8-4c00-b4e5-5292a8a953be/datanode-0/data/ratis/5d4c63f5-fc24-46ba-8347-b117a9c3a2c5 does not exist. Creating ...
2023-03-29 21:18:22,541 [pool-744-thread-1] INFO  storage.RaftStorageDirectory (RaftStorageDirectoryImpl.java:tryLock(231)) - Lock on /home/runner/work/ozone/ozone/hadoop-ozone/integration-test/target/test-dir/MiniOzoneClusterImpl-94458d0b-d5a8-4c00-b4e5-5292a8a953be/datanode-0/data/ratis/5d4c63f5-fc24-46ba-8347-b117a9c3a2c5/in_use.lock acquired by nodename 46426@fv-az308-773
2023-03-29 21:18:22,542 [pool-744-thread-1] INFO  storage.RaftStorage (RaftStorageImpl.java:format(96)) - Storage directory /home/runner/work/ozone/ozone/hadoop-ozone/integration-test/target/test-dir/MiniOzoneClusterImpl-94458d0b-d5a8-4c00-b4e5-5292a8a953be/datanode-0/data/ratis/5d4c63f5-fc24-46ba-8347-b117a9c3a2c5 has been successfully formatted.
2023-03-29 21:18:22,543 [pool-744-thread-1] INFO  ratis.ContainerStateMachine (ContainerStateMachine.java:loadSnapshot(262)) - group-B117A9C3A2C5: The snapshot info is null. Setting the last applied indexto:(t:0, i:~)
2023-03-29 21:18:22,543 [pool-744-thread-1] INFO  server.RaftServerConfigKeys (ConfUtils.java:logGet(46)) - raft.server.log.use.memory = false (default)
2023-03-29 21:18:22,543 [pool-744-thread-1] INFO  server.RaftServerConfigKeys (ConfUtils.java:logGet(46)) - raft.server.log.purge.gap = 1000000 (custom)
2023-03-29 21:18:22,543 [pool-744-thread-1] INFO  server.RaftServerConfigKeys (ConfUtils.java:logGet(46)) - raft.server.log.appender.buffer.byte-limit = 33554432 (custom)
2023-03-29 21:18:22,543 [pool-744-thread-1] INFO  server.RaftServerConfigKeys (ConfUtils.java:logGet(46)) - raft.server.log.statemachine.data.read.timeout = 1000ms (default)
2023-03-29 21:18:22,543 [pool-744-thread-1] INFO  server.RaftServerConfigKeys (ConfUtils.java:logGet(46)) - raft.server.log.purge.preservation.log.num = 0 (default)
2023-03-29 21:18:22,543 [pool-744-thread-1] INFO  server.RaftServerConfigKeys (ConfUtils.java:logGet(46)) - raft.server.log.segment.size.max = 1048576 (custom)
2023-03-29 21:18:22,543 [EventQueue-OpenPipelineForHealthyPipelineSafeModeRule] INFO  safemode.SCMSafeModeManager (HealthyPipelineSafeModeRule.java:process(137)) - SCM in safe mode. Healthy pipelines reported count is 0, required healthy pipeline reported count is 1
2023-03-29 21:18:22,544 [pool-744-thread-1] INFO  server.RaftServerConfigKeys (ConfUtils.java:logGet(46)) - raft.server.log.segment.cache.num.max = 2 (custom)
2023-03-29 21:18:22,544 [pool-744-thread-1] INFO  server.RaftServerConfigKeys (ConfUtils.java:logGet(46)) - raft.server.log.segment.cache.size.max = 200MB (=209715200) (default)
2023-03-29 21:18:22,544 [pool-744-thread-1] INFO  segmented.SegmentedRaftLogWorker (SegmentedRaftLogWorker.java:<init>(189)) - new 97ece121-4ac7-48f5-a423-498260ac9270@group-B117A9C3A2C5-SegmentedRaftLogWorker for RaftStorageImpl:Storage Directory /home/runner/work/ozone/ozone/hadoop-ozone/integration-test/target/test-dir/MiniOzoneClusterImpl-94458d0b-d5a8-4c00-b4e5-5292a8a953be/datanode-0/data/ratis/5d4c63f5-fc24-46ba-8347-b117a9c3a2c5
2023-03-29 21:18:22,544 [pool-744-thread-1] INFO  server.RaftServerConfigKeys (ConfUtils.java:logGet(46)) - raft.server.log.queue.byte-limit = 4294967296 (custom)
2023-03-29 21:18:22,544 [pool-744-thread-1] INFO  server.RaftServerConfigKeys (ConfUtils.java:logGet(46)) - raft.server.log.queue.element-limit = 1024 (custom)
2023-03-29 21:18:22,544 [pool-744-thread-1] INFO  server.RaftServerConfigKeys (ConfUtils.java:logGet(46)) - raft.server.log.segment.size.max = 1048576 (custom)
2023-03-29 21:18:22,544 [pool-744-thread-1] INFO  server.RaftServerConfigKeys (ConfUtils.java:logGet(46)) - raft.server.log.preallocated.size = 16384 (custom)
2023-03-29 21:18:22,544 [pool-744-thread-1] INFO  server.RaftServerConfigKeys (ConfUtils.java:logGet(46)) - raft.server.log.force.sync.num = 128 (default)
2023-03-29 21:18:22,544 [pool-744-thread-1] INFO  server.RaftServerConfigKeys (ConfUtils.java:logGet(46)) - raft.server.log.statemachine.data.sync = true (default)
2023-03-29 21:18:22,544 [pool-744-thread-1] INFO  server.RaftServerConfigKeys (ConfUtils.java:logGet(46)) - raft.server.log.statemachine.data.sync.timeout = 10s (default)
2023-03-29 21:18:22,544 [pool-744-thread-1] INFO  server.RaftServerConfigKeys (ConfUtils.java:logGet(46)) - raft.server.log.statemachine.data.sync.timeout.retry = -1 (default)
2023-03-29 21:18:22,545 [pool-744-thread-1] INFO  server.RaftServerConfigKeys (ConfUtils.java:logGet(46)) - raft.server.log.write.buffer.size = 1048576 (custom)
2023-03-29 21:18:22,545 [pool-744-thread-1] INFO  server.RaftServerConfigKeys (ConfUtils.java:logGet(46)) - raft.server.log.appender.buffer.byte-limit = 33554432 (custom)
2023-03-29 21:18:22,550 [pool-744-thread-1] INFO  server.RaftServerConfigKeys (ConfUtils.java:logGet(46)) - raft.server.log.unsafe-flush.enabled = false (default)
2023-03-29 21:18:22,550 [pool-744-thread-1] INFO  server.RaftServerConfigKeys (ConfUtils.java:logGet(46)) - raft.server.log.async-flush.enabled = false (default)
2023-03-29 21:18:22,550 [pool-744-thread-1] INFO  server.RaftServerConfigKeys (ConfUtils.java:logGet(46)) - raft.server.log.statemachine.data.caching.enabled = true (custom)
2023-03-29 21:18:22,550 [pool-744-thread-1] INFO  segmented.SegmentedRaftLogWorker (SegmentedRaftLogWorker.java:lambda$new$0(135)) - 97ece121-4ac7-48f5-a423-498260ac9270@group-B117A9C3A2C5-SegmentedRaftLogWorker: flushIndex: setUnconditionally 0 -> -1
2023-03-29 21:18:22,550 [pool-744-thread-1] INFO  segmented.SegmentedRaftLogWorker (SegmentedRaftLogWorker.java:lambda$new$0(135)) - 97ece121-4ac7-48f5-a423-498260ac9270@group-B117A9C3A2C5-SegmentedRaftLogWorker: safeCacheEvictIndex: setUnconditionally 0 -> -1
2023-03-29 21:18:22,551 [pool-744-thread-1] INFO  server.RaftServer$Division (RaftServerImpl.java:start(334)) - 97ece121-4ac7-48f5-a423-498260ac9270@group-B117A9C3A2C5: start as a follower, conf=-1: peers:[69f3014f-ff88-49f1-a4e0-1e079fbb53ad|rpc:10.1.0.17:40355|dataStream:10.1.0.17:41067|priority:0|startupRole:FOLLOWER, 300eaa66-db2c-41ba-add6-fa9c16cbce0b|rpc:10.1.0.17:35989|dataStream:10.1.0.17:40123|priority:0|startupRole:FOLLOWER, 97ece121-4ac7-48f5-a423-498260ac9270|rpc:10.1.0.17:34367|dataStream:10.1.0.17:37963|priority:1|startupRole:FOLLOWER]|listeners:[], old=null
2023-03-29 21:18:22,551 [pool-744-thread-1] INFO  server.RaftServer$Division (RaftServerImpl.java:setRole(321)) - 97ece121-4ac7-48f5-a423-498260ac9270@group-B117A9C3A2C5: changes role from      null to FOLLOWER at term 0 for startAsFollower
2023-03-29 21:18:22,551 [pool-744-thread-1] INFO  impl.RoleInfo (RoleInfo.java:updateAndGet(139)) - 97ece121-4ac7-48f5-a423-498260ac9270: start 97ece121-4ac7-48f5-a423-498260ac9270@group-B117A9C3A2C5-FollowerState
2023-03-29 21:18:22,553 [pool-744-thread-1] INFO  util.JmxRegister (JmxRegister.java:tryRegister(44)) - Successfully registered JMX Bean with object name Ratis:service=RaftServer,group=group-B117A9C3A2C5,id=97ece121-4ac7-48f5-a423-498260ac9270
2023-03-29 21:18:22,553 [pool-744-thread-1] INFO  server.RaftServerConfigKeys (ConfUtils.java:logGet(46)) - raft.server.snapshot.auto.trigger.enabled = true (custom)
2023-03-29 21:18:22,553 [pool-744-thread-1] INFO  server.RaftServerConfigKeys (ConfUtils.java:logGet(46)) - raft.server.snapshot.auto.trigger.threshold = 10000 (custom)
2023-03-29 21:18:22,553 [pool-744-thread-1] INFO  server.RaftServerConfigKeys (ConfUtils.java:logGet(46)) - raft.server.snapshot.retention.file.num = 5 (custom)
2023-03-29 21:18:22,553 [pool-744-thread-1] INFO  server.RaftServerConfigKeys (ConfUtils.java:logGet(46)) - raft.server.log.purge.upto.snapshot.index = false (default)
2023-03-29 21:18:22,553 [97ece121-4ac7-48f5-a423-498260ac9270@group-B117A9C3A2C5-FollowerState] INFO  server.RaftServerConfigKeys (ConfUtils.java:logFallback(53)) - raft.server.rpc.first-election.timeout.min = 5s (fallback to raft.server.rpc.timeout.min)
2023-03-29 21:18:22,553 [97ece121-4ac7-48f5-a423-498260ac9270@group-B117A9C3A2C5-FollowerState] INFO  server.RaftServerConfigKeys (ConfUtils.java:logFallback(53)) - raft.server.rpc.first-election.timeout.max = 5200ms (fallback to raft.server.rpc.timeout.max)
2023-03-29 21:18:22,553 [Command processor thread] INFO  ratis.XceiverServerRatis (XceiverServerRatis.java:addGroup(806)) - Created group PipelineID=5d4c63f5-fc24-46ba-8347-b117a9c3a2c5
2023-03-29 21:18:22,573 [grpc-default-executor-0] INFO  server.RaftServer (RaftServerProxy.java:addNew(96)) - 300eaa66-db2c-41ba-add6-fa9c16cbce0b: addNew group-B117A9C3A2C5:[69f3014f-ff88-49f1-a4e0-1e079fbb53ad|rpc:10.1.0.17:40355|dataStream:10.1.0.17:41067|priority:0|startupRole:FOLLOWER, 300eaa66-db2c-41ba-add6-fa9c16cbce0b|rpc:10.1.0.17:35989|dataStream:10.1.0.17:40123|priority:0|startupRole:FOLLOWER, 97ece121-4ac7-48f5-a423-498260ac9270|rpc:10.1.0.17:34367|dataStream:10.1.0.17:37963|priority:1|startupRole:FOLLOWER] returns group-B117A9C3A2C5:java.util.concurrent.CompletableFuture@503855de[Not completed]
2023-03-29 21:18:22,574 [pool-766-thread-1] INFO  server.RaftServer$Division (RaftServerImpl.java:<init>(195)) - 300eaa66-db2c-41ba-add6-fa9c16cbce0b: new RaftServerImpl for group-B117A9C3A2C5:[69f3014f-ff88-49f1-a4e0-1e079fbb53ad|rpc:10.1.0.17:40355|dataStream:10.1.0.17:41067|priority:0|startupRole:FOLLOWER, 300eaa66-db2c-41ba-add6-fa9c16cbce0b|rpc:10.1.0.17:35989|dataStream:10.1.0.17:40123|priority:0|startupRole:FOLLOWER, 97ece121-4ac7-48f5-a423-498260ac9270|rpc:10.1.0.17:34367|dataStream:10.1.0.17:37963|priority:1|startupRole:FOLLOWER] with ContainerStateMachine:uninitialized
2023-03-29 21:18:22,574 [pool-766-thread-1] INFO  server.RaftServerConfigKeys (ConfUtils.java:logGet(46)) - raft.server.rpc.timeout.min = 5s (custom)
2023-03-29 21:18:22,575 [pool-766-thread-1] INFO  server.RaftServerConfigKeys (ConfUtils.java:logGet(46)) - raft.server.rpc.timeout.max = 5200ms (custom)
2023-03-29 21:18:22,575 [pool-766-thread-1] INFO  server.RaftServerConfigKeys (ConfUtils.java:logGet(46)) - raft.server.rpc.sleep.time = 25ms (default)
2023-03-29 21:18:22,575 [pool-766-thread-1] INFO  server.RaftServerConfigKeys (ConfUtils.java:logGet(46)) - raft.server.rpc.slowness.timeout = 300s (custom)
2023-03-29 21:18:22,575 [pool-766-thread-1] INFO  server.RaftServerConfigKeys (ConfUtils.java:logGet(46)) - raft.server.leaderelection.leader.step-down.wait-time = 10s (default)
2023-03-29 21:18:22,575 [pool-766-thread-1] INFO  server.RaftServerConfigKeys (ConfUtils.java:logGet(46)) - raft.server.sleep.deviation.threshold = 300ms (default)
2023-03-29 21:18:22,575 [pool-766-thread-1] INFO  server.RaftServer$Division (ServerState.java:<init>(118)) - 300eaa66-db2c-41ba-add6-fa9c16cbce0b@group-B117A9C3A2C5: ConfigurationManager, init=-1: peers:[69f3014f-ff88-49f1-a4e0-1e079fbb53ad|rpc:10.1.0.17:40355|dataStream:10.1.0.17:41067|priority:0|startupRole:FOLLOWER, 300eaa66-db2c-41ba-add6-fa9c16cbce0b|rpc:10.1.0.17:35989|dataStream:10.1.0.17:40123|priority:0|startupRole:FOLLOWER, 97ece121-4ac7-48f5-a423-498260ac9270|rpc:10.1.0.17:34367|dataStream:10.1.0.17:37963|priority:1|startupRole:FOLLOWER]|listeners:[], old=null, confs=<EMPTY_MAP>
2023-03-29 21:18:22,575 [pool-766-thread-1] INFO  server.RaftServerConfigKeys (ConfUtils.java:logGet(46)) - raft.server.storage.dir = [/home/runner/work/ozone/ozone/hadoop-ozone/integration-test/target/test-dir/MiniOzoneClusterImpl-94458d0b-d5a8-4c00-b4e5-5292a8a953be/datanode-1/data/ratis] (custom)
2023-03-29 21:18:22,575 [pool-766-thread-1] INFO  server.RaftServerConfigKeys (ConfUtils.java:logGet(46)) - raft.server.log.corruption.policy = EXCEPTION (default)
2023-03-29 21:18:22,575 [pool-766-thread-1] INFO  server.RaftServerConfigKeys (ConfUtils.java:logGet(46)) - raft.server.storage.free-space.min = 0MB (=0) (default)
2023-03-29 21:18:22,575 [pool-766-thread-1] INFO  server.RaftServerConfigKeys (ConfUtils.java:logGet(46)) - raft.server.notification.no-leader.timeout = 300s (custom)
2023-03-29 21:18:22,575 [pool-766-thread-1] INFO  server.RaftServerConfigKeys (ConfUtils.java:logGet(46)) - raft.server.retrycache.expirytime = 600000ms (custom)
2023-03-29 21:18:22,575 [pool-766-thread-1] INFO  server.RaftServerConfigKeys (ConfUtils.java:logGet(46)) - raft.server.retrycache.statistics.expirytime = 100μs (default)
2023-03-29 21:18:22,576 [pool-766-thread-1] INFO  server.RaftServerConfigKeys (ConfUtils.java:logGet(46)) - raft.server.log.appender.install.snapshot.enabled = false (custom)
2023-03-29 21:18:22,576 [pool-766-thread-1] INFO  server.RaftServerConfigKeys (ConfUtils.java:logGet(46)) - raft.server.threadpool.server.cached = true (default)
2023-03-29 21:18:22,576 [pool-766-thread-1] INFO  server.RaftServerConfigKeys (ConfUtils.java:logGet(46)) - raft.server.threadpool.server.size = 0 (default)
2023-03-29 21:18:22,576 [pool-766-thread-1] INFO  server.RaftServerConfigKeys (ConfUtils.java:logGet(46)) - raft.server.threadpool.client.cached = true (default)
2023-03-29 21:18:22,576 [pool-766-thread-1] INFO  server.RaftServerConfigKeys (ConfUtils.java:logGet(46)) - raft.server.threadpool.client.size = 0 (default)
2023-03-29 21:18:22,576 [pool-766-thread-1] INFO  storage.RaftStorageDirectory (RaftStorageDirectoryImpl.java:analyzeStorage(137)) - The storage directory /home/runner/work/ozone/ozone/hadoop-ozone/integration-test/target/test-dir/MiniOzoneClusterImpl-94458d0b-d5a8-4c00-b4e5-5292a8a953be/datanode-1/data/ratis/5d4c63f5-fc24-46ba-8347-b117a9c3a2c5 does not exist. Creating ...
2023-03-29 21:18:22,577 [pool-766-thread-1] INFO  storage.RaftStorageDirectory (RaftStorageDirectoryImpl.java:tryLock(231)) - Lock on /home/runner/work/ozone/ozone/hadoop-ozone/integration-test/target/test-dir/MiniOzoneClusterImpl-94458d0b-d5a8-4c00-b4e5-5292a8a953be/datanode-1/data/ratis/5d4c63f5-fc24-46ba-8347-b117a9c3a2c5/in_use.lock acquired by nodename 46426@fv-az308-773
2023-03-29 21:18:22,578 [pool-766-thread-1] INFO  storage.RaftStorage (RaftStorageImpl.java:format(96)) - Storage directory /home/runner/work/ozone/ozone/hadoop-ozone/integration-test/target/test-dir/MiniOzoneClusterImpl-94458d0b-d5a8-4c00-b4e5-5292a8a953be/datanode-1/data/ratis/5d4c63f5-fc24-46ba-8347-b117a9c3a2c5 has been successfully formatted.
2023-03-29 21:18:22,579 [pool-766-thread-1] INFO  ratis.ContainerStateMachine (ContainerStateMachine.java:loadSnapshot(262)) - group-B117A9C3A2C5: The snapshot info is null. Setting the last applied indexto:(t:0, i:~)
2023-03-29 21:18:22,580 [pool-766-thread-1] INFO  server.RaftServerConfigKeys (ConfUtils.java:logGet(46)) - raft.server.log.use.memory = false (default)
2023-03-29 21:18:22,580 [pool-766-thread-1] INFO  server.RaftServerConfigKeys (ConfUtils.java:logGet(46)) - raft.server.log.purge.gap = 1000000 (custom)
2023-03-29 21:18:22,580 [pool-766-thread-1] INFO  server.RaftServerConfigKeys (ConfUtils.java:logGet(46)) - raft.server.log.appender.buffer.byte-limit = 33554432 (custom)
2023-03-29 21:18:22,580 [pool-766-thread-1] INFO  server.RaftServerConfigKeys (ConfUtils.java:logGet(46)) - raft.server.log.statemachine.data.read.timeout = 1000ms (default)
2023-03-29 21:18:22,580 [pool-766-thread-1] INFO  server.RaftServerConfigKeys (ConfUtils.java:logGet(46)) - raft.server.log.purge.preservation.log.num = 0 (default)
2023-03-29 21:18:22,580 [pool-766-thread-1] INFO  server.RaftServerConfigKeys (ConfUtils.java:logGet(46)) - raft.server.log.segment.size.max = 1048576 (custom)
2023-03-29 21:18:22,580 [pool-766-thread-1] INFO  server.RaftServerConfigKeys (ConfUtils.java:logGet(46)) - raft.server.log.segment.cache.num.max = 2 (custom)
2023-03-29 21:18:22,580 [pool-766-thread-1] INFO  server.RaftServerConfigKeys (ConfUtils.java:logGet(46)) - raft.server.log.segment.cache.size.max = 200MB (=209715200) (default)
2023-03-29 21:18:22,581 [pool-766-thread-1] INFO  segmented.SegmentedRaftLogWorker (SegmentedRaftLogWorker.java:<init>(189)) - new 300eaa66-db2c-41ba-add6-fa9c16cbce0b@group-B117A9C3A2C5-SegmentedRaftLogWorker for RaftStorageImpl:Storage Directory /home/runner/work/ozone/ozone/hadoop-ozone/integration-test/target/test-dir/MiniOzoneClusterImpl-94458d0b-d5a8-4c00-b4e5-5292a8a953be/datanode-1/data/ratis/5d4c63f5-fc24-46ba-8347-b117a9c3a2c5
2023-03-29 21:18:22,581 [pool-766-thread-1] INFO  server.RaftServerConfigKeys (ConfUtils.java:logGet(46)) - raft.server.log.queue.byte-limit = 4294967296 (custom)
2023-03-29 21:18:22,581 [pool-766-thread-1] INFO  server.RaftServerConfigKeys (ConfUtils.java:logGet(46)) - raft.server.log.queue.element-limit = 1024 (custom)
2023-03-29 21:18:22,581 [pool-766-thread-1] INFO  server.RaftServerConfigKeys (ConfUtils.java:logGet(46)) - raft.server.log.segment.size.max = 1048576 (custom)
2023-03-29 21:18:22,581 [pool-766-thread-1] INFO  server.RaftServerConfigKeys (ConfUtils.java:logGet(46)) - raft.server.log.preallocated.size = 16384 (custom)
2023-03-29 21:18:22,581 [pool-766-thread-1] INFO  server.RaftServerConfigKeys (ConfUtils.java:logGet(46)) - raft.server.log.force.sync.num = 128 (default)
2023-03-29 21:18:22,581 [pool-766-thread-1] INFO  server.RaftServerConfigKeys (ConfUtils.java:logGet(46)) - raft.server.log.statemachine.data.sync = true (default)
2023-03-29 21:18:22,582 [pool-766-thread-1] INFO  server.RaftServerConfigKeys (ConfUtils.java:logGet(46)) - raft.server.log.statemachine.data.sync.timeout = 10s (default)
2023-03-29 21:18:22,582 [pool-766-thread-1] INFO  server.RaftServerConfigKeys (ConfUtils.java:logGet(46)) - raft.server.log.statemachine.data.sync.timeout.retry = -1 (default)
2023-03-29 21:18:22,583 [pool-766-thread-1] INFO  server.RaftServerConfigKeys (ConfUtils.java:logGet(46)) - raft.server.log.write.buffer.size = 1048576 (custom)
2023-03-29 21:18:22,583 [pool-766-thread-1] INFO  server.RaftServerConfigKeys (ConfUtils.java:logGet(46)) - raft.server.log.appender.buffer.byte-limit = 33554432 (custom)
2023-03-29 21:18:22,588 [pool-766-thread-1] INFO  server.RaftServerConfigKeys (ConfUtils.java:logGet(46)) - raft.server.log.unsafe-flush.enabled = false (default)
2023-03-29 21:18:22,588 [pool-766-thread-1] INFO  server.RaftServerConfigKeys (ConfUtils.java:logGet(46)) - raft.server.log.async-flush.enabled = false (default)
2023-03-29 21:18:22,588 [pool-766-thread-1] INFO  server.RaftServerConfigKeys (ConfUtils.java:logGet(46)) - raft.server.log.statemachine.data.caching.enabled = true (custom)
2023-03-29 21:18:22,588 [pool-766-thread-1] INFO  segmented.SegmentedRaftLogWorker (SegmentedRaftLogWorker.java:lambda$new$0(135)) - 300eaa66-db2c-41ba-add6-fa9c16cbce0b@group-B117A9C3A2C5-SegmentedRaftLogWorker: flushIndex: setUnconditionally 0 -> -1
2023-03-29 21:18:22,588 [pool-766-thread-1] INFO  segmented.SegmentedRaftLogWorker (SegmentedRaftLogWorker.java:lambda$new$0(135)) - 300eaa66-db2c-41ba-add6-fa9c16cbce0b@group-B117A9C3A2C5-SegmentedRaftLogWorker: safeCacheEvictIndex: setUnconditionally 0 -> -1
2023-03-29 21:18:22,588 [pool-766-thread-1] INFO  server.RaftServer$Division (RaftServerImpl.java:start(334)) - 300eaa66-db2c-41ba-add6-fa9c16cbce0b@group-B117A9C3A2C5: start as a follower, conf=-1: peers:[69f3014f-ff88-49f1-a4e0-1e079fbb53ad|rpc:10.1.0.17:40355|dataStream:10.1.0.17:41067|priority:0|startupRole:FOLLOWER, 300eaa66-db2c-41ba-add6-fa9c16cbce0b|rpc:10.1.0.17:35989|dataStream:10.1.0.17:40123|priority:0|startupRole:FOLLOWER, 97ece121-4ac7-48f5-a423-498260ac9270|rpc:10.1.0.17:34367|dataStream:10.1.0.17:37963|priority:1|startupRole:FOLLOWER]|listeners:[], old=null
2023-03-29 21:18:22,588 [pool-766-thread-1] INFO  server.RaftServer$Division (RaftServerImpl.java:setRole(321)) - 300eaa66-db2c-41ba-add6-fa9c16cbce0b@group-B117A9C3A2C5: changes role from      null to FOLLOWER at term 0 for startAsFollower
2023-03-29 21:18:22,588 [pool-766-thread-1] INFO  impl.RoleInfo (RoleInfo.java:updateAndGet(139)) - 300eaa66-db2c-41ba-add6-fa9c16cbce0b: start 300eaa66-db2c-41ba-add6-fa9c16cbce0b@group-B117A9C3A2C5-FollowerState
2023-03-29 21:18:22,589 [pool-766-thread-1] INFO  util.JmxRegister (JmxRegister.java:tryRegister(44)) - Successfully registered JMX Bean with object name Ratis:service=RaftServer,group=group-B117A9C3A2C5,id=300eaa66-db2c-41ba-add6-fa9c16cbce0b
2023-03-29 21:18:22,589 [pool-766-thread-1] INFO  server.RaftServerConfigKeys (ConfUtils.java:logGet(46)) - raft.server.snapshot.auto.trigger.enabled = true (custom)
2023-03-29 21:18:22,589 [pool-766-thread-1] INFO  server.RaftServerConfigKeys (ConfUtils.java:logGet(46)) - raft.server.snapshot.auto.trigger.threshold = 10000 (custom)
2023-03-29 21:18:22,589 [pool-766-thread-1] INFO  server.RaftServerConfigKeys (ConfUtils.java:logGet(46)) - raft.server.snapshot.retention.file.num = 5 (custom)
2023-03-29 21:18:22,589 [pool-766-thread-1] INFO  server.RaftServerConfigKeys (ConfUtils.java:logGet(46)) - raft.server.log.purge.upto.snapshot.index = false (default)
2023-03-29 21:18:22,590 [300eaa66-db2c-41ba-add6-fa9c16cbce0b@group-B117A9C3A2C5-FollowerState] INFO  server.RaftServerConfigKeys (ConfUtils.java:logFallback(53)) - raft.server.rpc.first-election.timeout.min = 5s (fallback to raft.server.rpc.timeout.min)
2023-03-29 21:18:22,590 [300eaa66-db2c-41ba-add6-fa9c16cbce0b@group-B117A9C3A2C5-FollowerState] INFO  server.RaftServerConfigKeys (ConfUtils.java:logFallback(53)) - raft.server.rpc.first-election.timeout.max = 5200ms (fallback to raft.server.rpc.timeout.max)
2023-03-29 21:18:22,609 [grpc-default-executor-0] INFO  server.RaftServer (RaftServerProxy.java:addNew(96)) - 69f3014f-ff88-49f1-a4e0-1e079fbb53ad: addNew group-B117A9C3A2C5:[69f3014f-ff88-49f1-a4e0-1e079fbb53ad|rpc:10.1.0.17:40355|dataStream:10.1.0.17:41067|priority:0|startupRole:FOLLOWER, 300eaa66-db2c-41ba-add6-fa9c16cbce0b|rpc:10.1.0.17:35989|dataStream:10.1.0.17:40123|priority:0|startupRole:FOLLOWER, 97ece121-4ac7-48f5-a423-498260ac9270|rpc:10.1.0.17:34367|dataStream:10.1.0.17:37963|priority:1|startupRole:FOLLOWER] returns group-B117A9C3A2C5:java.util.concurrent.CompletableFuture@7e5fff0f[Not completed]
2023-03-29 21:18:22,610 [pool-788-thread-1] INFO  server.RaftServer$Division (RaftServerImpl.java:<init>(195)) - 69f3014f-ff88-49f1-a4e0-1e079fbb53ad: new RaftServerImpl for group-B117A9C3A2C5:[69f3014f-ff88-49f1-a4e0-1e079fbb53ad|rpc:10.1.0.17:40355|dataStream:10.1.0.17:41067|priority:0|startupRole:FOLLOWER, 300eaa66-db2c-41ba-add6-fa9c16cbce0b|rpc:10.1.0.17:35989|dataStream:10.1.0.17:40123|priority:0|startupRole:FOLLOWER, 97ece121-4ac7-48f5-a423-498260ac9270|rpc:10.1.0.17:34367|dataStream:10.1.0.17:37963|priority:1|startupRole:FOLLOWER] with ContainerStateMachine:uninitialized
2023-03-29 21:18:22,610 [pool-788-thread-1] INFO  server.RaftServerConfigKeys (ConfUtils.java:logGet(46)) - raft.server.rpc.timeout.min = 5s (custom)
2023-03-29 21:18:22,610 [pool-788-thread-1] INFO  server.RaftServerConfigKeys (ConfUtils.java:logGet(46)) - raft.server.rpc.timeout.max = 5200ms (custom)
2023-03-29 21:18:22,610 [pool-788-thread-1] INFO  server.RaftServerConfigKeys (ConfUtils.java:logGet(46)) - raft.server.rpc.sleep.time = 25ms (default)
2023-03-29 21:18:22,610 [pool-788-thread-1] INFO  server.RaftServerConfigKeys (ConfUtils.java:logGet(46)) - raft.server.rpc.slowness.timeout = 300s (custom)
2023-03-29 21:18:22,610 [pool-788-thread-1] INFO  server.RaftServerConfigKeys (ConfUtils.java:logGet(46)) - raft.server.leaderelection.leader.step-down.wait-time = 10s (default)
2023-03-29 21:18:22,611 [pool-788-thread-1] INFO  server.RaftServerConfigKeys (ConfUtils.java:logGet(46)) - raft.server.sleep.deviation.threshold = 300ms (default)
2023-03-29 21:18:22,611 [pool-788-thread-1] INFO  server.RaftServer$Division (ServerState.java:<init>(118)) - 69f3014f-ff88-49f1-a4e0-1e079fbb53ad@group-B117A9C3A2C5: ConfigurationManager, init=-1: peers:[69f3014f-ff88-49f1-a4e0-1e079fbb53ad|rpc:10.1.0.17:40355|dataStream:10.1.0.17:41067|priority:0|startupRole:FOLLOWER, 300eaa66-db2c-41ba-add6-fa9c16cbce0b|rpc:10.1.0.17:35989|dataStream:10.1.0.17:40123|priority:0|startupRole:FOLLOWER, 97ece121-4ac7-48f5-a423-498260ac9270|rpc:10.1.0.17:34367|dataStream:10.1.0.17:37963|priority:1|startupRole:FOLLOWER]|listeners:[], old=null, confs=<EMPTY_MAP>
2023-03-29 21:18:22,611 [pool-788-thread-1] INFO  server.RaftServerConfigKeys (ConfUtils.java:logGet(46)) - raft.server.storage.dir = [/home/runner/work/ozone/ozone/hadoop-ozone/integration-test/target/test-dir/MiniOzoneClusterImpl-94458d0b-d5a8-4c00-b4e5-5292a8a953be/datanode-2/data/ratis] (custom)
2023-03-29 21:18:22,611 [pool-788-thread-1] INFO  server.RaftServerConfigKeys (ConfUtils.java:logGet(46)) - raft.server.log.corruption.policy = EXCEPTION (default)
2023-03-29 21:18:22,611 [pool-788-thread-1] INFO  server.RaftServerConfigKeys (ConfUtils.java:logGet(46)) - raft.server.storage.free-space.min = 0MB (=0) (default)
2023-03-29 21:18:22,611 [pool-788-thread-1] INFO  server.RaftServerConfigKeys (ConfUtils.java:logGet(46)) - raft.server.notification.no-leader.timeout = 300s (custom)
2023-03-29 21:18:22,611 [pool-788-thread-1] INFO  server.RaftServerConfigKeys (ConfUtils.java:logGet(46)) - raft.server.retrycache.expirytime = 600000ms (custom)
2023-03-29 21:18:22,611 [pool-788-thread-1] INFO  server.RaftServerConfigKeys (ConfUtils.java:logGet(46)) - raft.server.retrycache.statistics.expirytime = 100μs (default)
2023-03-29 21:18:22,612 [pool-788-thread-1] INFO  server.RaftServerConfigKeys (ConfUtils.java:logGet(46)) - raft.server.log.appender.install.snapshot.enabled = false (custom)
2023-03-29 21:18:22,612 [pool-788-thread-1] INFO  server.RaftServerConfigKeys (ConfUtils.java:logGet(46)) - raft.server.threadpool.server.cached = true (default)
2023-03-29 21:18:22,612 [pool-788-thread-1] INFO  server.RaftServerConfigKeys (ConfUtils.java:logGet(46)) - raft.server.threadpool.server.size = 0 (default)
2023-03-29 21:18:22,612 [pool-788-thread-1] INFO  server.RaftServerConfigKeys (ConfUtils.java:logGet(46)) - raft.server.threadpool.client.cached = true (default)
2023-03-29 21:18:22,612 [pool-788-thread-1] INFO  server.RaftServerConfigKeys (ConfUtils.java:logGet(46)) - raft.server.threadpool.client.size = 0 (default)
2023-03-29 21:18:22,612 [pool-788-thread-1] INFO  storage.RaftStorageDirectory (RaftStorageDirectoryImpl.java:analyzeStorage(137)) - The storage directory /home/runner/work/ozone/ozone/hadoop-ozone/integration-test/target/test-dir/MiniOzoneClusterImpl-94458d0b-d5a8-4c00-b4e5-5292a8a953be/datanode-2/data/ratis/5d4c63f5-fc24-46ba-8347-b117a9c3a2c5 does not exist. Creating ...
2023-03-29 21:18:22,613 [pool-788-thread-1] INFO  storage.RaftStorageDirectory (RaftStorageDirectoryImpl.java:tryLock(231)) - Lock on /home/runner/work/ozone/ozone/hadoop-ozone/integration-test/target/test-dir/MiniOzoneClusterImpl-94458d0b-d5a8-4c00-b4e5-5292a8a953be/datanode-2/data/ratis/5d4c63f5-fc24-46ba-8347-b117a9c3a2c5/in_use.lock acquired by nodename 46426@fv-az308-773
2023-03-29 21:18:22,614 [pool-788-thread-1] INFO  storage.RaftStorage (RaftStorageImpl.java:format(96)) - Storage directory /home/runner/work/ozone/ozone/hadoop-ozone/integration-test/target/test-dir/MiniOzoneClusterImpl-94458d0b-d5a8-4c00-b4e5-5292a8a953be/datanode-2/data/ratis/5d4c63f5-fc24-46ba-8347-b117a9c3a2c5 has been successfully formatted.
2023-03-29 21:18:22,616 [pool-788-thread-1] INFO  ratis.ContainerStateMachine (ContainerStateMachine.java:loadSnapshot(262)) - group-B117A9C3A2C5: The snapshot info is null. Setting the last applied indexto:(t:0, i:~)
2023-03-29 21:18:22,616 [pool-788-thread-1] INFO  server.RaftServerConfigKeys (ConfUtils.java:logGet(46)) - raft.server.log.use.memory = false (default)
2023-03-29 21:18:22,616 [pool-788-thread-1] INFO  server.RaftServerConfigKeys (ConfUtils.java:logGet(46)) - raft.server.log.purge.gap = 1000000 (custom)
2023-03-29 21:18:22,616 [pool-788-thread-1] INFO  server.RaftServerConfigKeys (ConfUtils.java:logGet(46)) - raft.server.log.appender.buffer.byte-limit = 33554432 (custom)
2023-03-29 21:18:22,616 [pool-788-thread-1] INFO  server.RaftServerConfigKeys (ConfUtils.java:logGet(46)) - raft.server.log.statemachine.data.read.timeout = 1000ms (default)
2023-03-29 21:18:22,616 [pool-788-thread-1] INFO  server.RaftServerConfigKeys (ConfUtils.java:logGet(46)) - raft.server.log.purge.preservation.log.num = 0 (default)
2023-03-29 21:18:22,616 [pool-788-thread-1] INFO  server.RaftServerConfigKeys (ConfUtils.java:logGet(46)) - raft.server.log.segment.size.max = 1048576 (custom)
2023-03-29 21:18:22,616 [pool-788-thread-1] INFO  server.RaftServerConfigKeys (ConfUtils.java:logGet(46)) - raft.server.log.segment.cache.num.max = 2 (custom)
2023-03-29 21:18:22,616 [pool-788-thread-1] INFO  server.RaftServerConfigKeys (ConfUtils.java:logGet(46)) - raft.server.log.segment.cache.size.max = 200MB (=209715200) (default)
2023-03-29 21:18:22,616 [pool-788-thread-1] INFO  segmented.SegmentedRaftLogWorker (SegmentedRaftLogWorker.java:<init>(189)) - new 69f3014f-ff88-49f1-a4e0-1e079fbb53ad@group-B117A9C3A2C5-SegmentedRaftLogWorker for RaftStorageImpl:Storage Directory /home/runner/work/ozone/ozone/hadoop-ozone/integration-test/target/test-dir/MiniOzoneClusterImpl-94458d0b-d5a8-4c00-b4e5-5292a8a953be/datanode-2/data/ratis/5d4c63f5-fc24-46ba-8347-b117a9c3a2c5
2023-03-29 21:18:22,616 [pool-788-thread-1] INFO  server.RaftServerConfigKeys (ConfUtils.java:logGet(46)) - raft.server.log.queue.byte-limit = 4294967296 (custom)
2023-03-29 21:18:22,617 [pool-788-thread-1] INFO  server.RaftServerConfigKeys (ConfUtils.java:logGet(46)) - raft.server.log.queue.element-limit = 1024 (custom)
2023-03-29 21:18:22,617 [pool-788-thread-1] INFO  server.RaftServerConfigKeys (ConfUtils.java:logGet(46)) - raft.server.log.segment.size.max = 1048576 (custom)
2023-03-29 21:18:22,617 [pool-788-thread-1] INFO  server.RaftServerConfigKeys (ConfUtils.java:logGet(46)) - raft.server.log.preallocated.size = 16384 (custom)
2023-03-29 21:18:22,617 [pool-788-thread-1] INFO  server.RaftServerConfigKeys (ConfUtils.java:logGet(46)) - raft.server.log.force.sync.num = 128 (default)
2023-03-29 21:18:22,617 [pool-788-thread-1] INFO  server.RaftServerConfigKeys (ConfUtils.java:logGet(46)) - raft.server.log.statemachine.data.sync = true (default)
2023-03-29 21:18:22,617 [pool-788-thread-1] INFO  server.RaftServerConfigKeys (ConfUtils.java:logGet(46)) - raft.server.log.statemachine.data.sync.timeout = 10s (default)
2023-03-29 21:18:22,617 [pool-788-thread-1] INFO  server.RaftServerConfigKeys (ConfUtils.java:logGet(46)) - raft.server.log.statemachine.data.sync.timeout.retry = -1 (default)
2023-03-29 21:18:22,617 [pool-788-thread-1] INFO  server.RaftServerConfigKeys (ConfUtils.java:logGet(46)) - raft.server.log.write.buffer.size = 1048576 (custom)
2023-03-29 21:18:22,617 [pool-788-thread-1] INFO  server.RaftServerConfigKeys (ConfUtils.java:logGet(46)) - raft.server.log.appender.buffer.byte-limit = 33554432 (custom)
2023-03-29 21:18:22,623 [pool-788-thread-1] INFO  server.RaftServerConfigKeys (ConfUtils.java:logGet(46)) - raft.server.log.unsafe-flush.enabled = false (default)
2023-03-29 21:18:22,623 [pool-788-thread-1] INFO  server.RaftServerConfigKeys (ConfUtils.java:logGet(46)) - raft.server.log.async-flush.enabled = false (default)
2023-03-29 21:18:22,623 [pool-788-thread-1] INFO  server.RaftServerConfigKeys (ConfUtils.java:logGet(46)) - raft.server.log.statemachine.data.caching.enabled = true (custom)
2023-03-29 21:18:22,623 [pool-788-thread-1] INFO  segmented.SegmentedRaftLogWorker (SegmentedRaftLogWorker.java:lambda$new$0(135)) - 69f3014f-ff88-49f1-a4e0-1e079fbb53ad@group-B117A9C3A2C5-SegmentedRaftLogWorker: flushIndex: setUnconditionally 0 -> -1
2023-03-29 21:18:22,623 [pool-788-thread-1] INFO  segmented.SegmentedRaftLogWorker (SegmentedRaftLogWorker.java:lambda$new$0(135)) - 69f3014f-ff88-49f1-a4e0-1e079fbb53ad@group-B117A9C3A2C5-SegmentedRaftLogWorker: safeCacheEvictIndex: setUnconditionally 0 -> -1
2023-03-29 21:18:22,623 [pool-788-thread-1] INFO  server.RaftServer$Division (RaftServerImpl.java:start(334)) - 69f3014f-ff88-49f1-a4e0-1e079fbb53ad@group-B117A9C3A2C5: start as a follower, conf=-1: peers:[69f3014f-ff88-49f1-a4e0-1e079fbb53ad|rpc:10.1.0.17:40355|dataStream:10.1.0.17:41067|priority:0|startupRole:FOLLOWER, 300eaa66-db2c-41ba-add6-fa9c16cbce0b|rpc:10.1.0.17:35989|dataStream:10.1.0.17:40123|priority:0|startupRole:FOLLOWER, 97ece121-4ac7-48f5-a423-498260ac9270|rpc:10.1.0.17:34367|dataStream:10.1.0.17:37963|priority:1|startupRole:FOLLOWER]|listeners:[], old=null
2023-03-29 21:18:22,623 [pool-788-thread-1] INFO  server.RaftServer$Division (RaftServerImpl.java:setRole(321)) - 69f3014f-ff88-49f1-a4e0-1e079fbb53ad@group-B117A9C3A2C5: changes role from      null to FOLLOWER at term 0 for startAsFollower
2023-03-29 21:18:22,623 [pool-788-thread-1] INFO  impl.RoleInfo (RoleInfo.java:updateAndGet(139)) - 69f3014f-ff88-49f1-a4e0-1e079fbb53ad: start 69f3014f-ff88-49f1-a4e0-1e079fbb53ad@group-B117A9C3A2C5-FollowerState
2023-03-29 21:18:22,628 [pool-788-thread-1] INFO  util.JmxRegister (JmxRegister.java:tryRegister(44)) - Successfully registered JMX Bean with object name Ratis:service=RaftServer,group=group-B117A9C3A2C5,id=69f3014f-ff88-49f1-a4e0-1e079fbb53ad
2023-03-29 21:18:22,628 [pool-788-thread-1] INFO  server.RaftServerConfigKeys (ConfUtils.java:logGet(46)) - raft.server.snapshot.auto.trigger.enabled = true (custom)
2023-03-29 21:18:22,628 [pool-788-thread-1] INFO  server.RaftServerConfigKeys (ConfUtils.java:logGet(46)) - raft.server.snapshot.auto.trigger.threshold = 10000 (custom)
2023-03-29 21:18:22,629 [pool-788-thread-1] INFO  server.RaftServerConfigKeys (ConfUtils.java:logGet(46)) - raft.server.snapshot.retention.file.num = 5 (custom)
2023-03-29 21:18:22,629 [pool-788-thread-1] INFO  server.RaftServerConfigKeys (ConfUtils.java:logGet(46)) - raft.server.log.purge.upto.snapshot.index = false (default)
2023-03-29 21:18:22,630 [69f3014f-ff88-49f1-a4e0-1e079fbb53ad@group-B117A9C3A2C5-FollowerState] INFO  server.RaftServerConfigKeys (ConfUtils.java:logFallback(53)) - raft.server.rpc.first-election.timeout.min = 5s (fallback to raft.server.rpc.timeout.min)
2023-03-29 21:18:22,630 [69f3014f-ff88-49f1-a4e0-1e079fbb53ad@group-B117A9C3A2C5-FollowerState] INFO  server.RaftServerConfigKeys (ConfUtils.java:logFallback(53)) - raft.server.rpc.first-election.timeout.max = 5200ms (fallback to raft.server.rpc.timeout.max)
2023-03-29 21:18:22,632 [Command processor thread] INFO  commandhandler.CreatePipelineCommandHandler (CreatePipelineCommandHandler.java:handle(113)) - Created Pipeline RATIS THREE PipelineID=5d4c63f5-fc24-46ba-8347-b117a9c3a2c5.
2023-03-29 21:18:22,633 [Command processor thread] INFO  server.RaftServer (RaftServerProxy.java:addNew(96)) - 97ece121-4ac7-48f5-a423-498260ac9270: addNew group-3702C0C83597:[69f3014f-ff88-49f1-a4e0-1e079fbb53ad|rpc:10.1.0.17:40355|dataStream:10.1.0.17:41067|priority:1|startupRole:FOLLOWER, 300eaa66-db2c-41ba-add6-fa9c16cbce0b|rpc:10.1.0.17:35989|dataStream:10.1.0.17:40123|priority:0|startupRole:FOLLOWER, 97ece121-4ac7-48f5-a423-498260ac9270|rpc:10.1.0.17:34367|dataStream:10.1.0.17:37963|priority:0|startupRole:FOLLOWER] returns group-3702C0C83597:java.util.concurrent.CompletableFuture@474f1d26[Not completed]
2023-03-29 21:18:22,633 [pool-744-thread-1] INFO  server.RaftServer$Division (RaftServerImpl.java:<init>(195)) - 97ece121-4ac7-48f5-a423-498260ac9270: new RaftServerImpl for group-3702C0C83597:[69f3014f-ff88-49f1-a4e0-1e079fbb53ad|rpc:10.1.0.17:40355|dataStream:10.1.0.17:41067|priority:1|startupRole:FOLLOWER, 300eaa66-db2c-41ba-add6-fa9c16cbce0b|rpc:10.1.0.17:35989|dataStream:10.1.0.17:40123|priority:0|startupRole:FOLLOWER, 97ece121-4ac7-48f5-a423-498260ac9270|rpc:10.1.0.17:34367|dataStream:10.1.0.17:37963|priority:0|startupRole:FOLLOWER] with ContainerStateMachine:uninitialized
2023-03-29 21:18:22,633 [pool-744-thread-1] INFO  server.RaftServerConfigKeys (ConfUtils.java:logGet(46)) - raft.server.rpc.timeout.min = 5s (custom)
2023-03-29 21:18:22,634 [pool-744-thread-1] INFO  server.RaftServerConfigKeys (ConfUtils.java:logGet(46)) - raft.server.rpc.timeout.max = 5200ms (custom)
2023-03-29 21:18:22,634 [pool-744-thread-1] INFO  server.RaftServerConfigKeys (ConfUtils.java:logGet(46)) - raft.server.rpc.sleep.time = 25ms (default)
2023-03-29 21:18:22,634 [pool-744-thread-1] INFO  server.RaftServerConfigKeys (ConfUtils.java:logGet(46)) - raft.server.rpc.slowness.timeout = 300s (custom)
2023-03-29 21:18:22,634 [pool-744-thread-1] INFO  server.RaftServerConfigKeys (ConfUtils.java:logGet(46)) - raft.server.leaderelection.leader.step-down.wait-time = 10s (default)
2023-03-29 21:18:22,634 [pool-744-thread-1] INFO  server.RaftServerConfigKeys (ConfUtils.java:logGet(46)) - raft.server.sleep.deviation.threshold = 300ms (default)
2023-03-29 21:18:22,634 [pool-744-thread-1] INFO  server.RaftServer$Division (ServerState.java:<init>(118)) - 97ece121-4ac7-48f5-a423-498260ac9270@group-3702C0C83597: ConfigurationManager, init=-1: peers:[69f3014f-ff88-49f1-a4e0-1e079fbb53ad|rpc:10.1.0.17:40355|dataStream:10.1.0.17:41067|priority:1|startupRole:FOLLOWER, 300eaa66-db2c-41ba-add6-fa9c16cbce0b|rpc:10.1.0.17:35989|dataStream:10.1.0.17:40123|priority:0|startupRole:FOLLOWER, 97ece121-4ac7-48f5-a423-498260ac9270|rpc:10.1.0.17:34367|dataStream:10.1.0.17:37963|priority:0|startupRole:FOLLOWER]|listeners:[], old=null, confs=<EMPTY_MAP>
2023-03-29 21:18:22,634 [pool-744-thread-1] INFO  server.RaftServerConfigKeys (ConfUtils.java:logGet(46)) - raft.server.storage.dir = [/home/runner/work/ozone/ozone/hadoop-ozone/integration-test/target/test-dir/MiniOzoneClusterImpl-94458d0b-d5a8-4c00-b4e5-5292a8a953be/datanode-0/data/ratis] (custom)
2023-03-29 21:18:22,634 [pool-744-thread-1] INFO  server.RaftServerConfigKeys (ConfUtils.java:logGet(46)) - raft.server.log.corruption.policy = EXCEPTION (default)
2023-03-29 21:18:22,634 [pool-744-thread-1] INFO  server.RaftServerConfigKeys (ConfUtils.java:logGet(46)) - raft.server.storage.free-space.min = 0MB (=0) (default)
2023-03-29 21:18:22,634 [pool-744-thread-1] INFO  server.RaftServerConfigKeys (ConfUtils.java:logGet(46)) - raft.server.notification.no-leader.timeout = 300s (custom)
2023-03-29 21:18:22,634 [pool-744-thread-1] INFO  server.RaftServerConfigKeys (ConfUtils.java:logGet(46)) - raft.server.retrycache.expirytime = 600000ms (custom)
2023-03-29 21:18:22,634 [pool-744-thread-1] INFO  server.RaftServerConfigKeys (ConfUtils.java:logGet(46)) - raft.server.retrycache.statistics.expirytime = 100μs (default)
2023-03-29 21:18:22,635 [pool-744-thread-1] INFO  server.RaftServerConfigKeys (ConfUtils.java:logGet(46)) - raft.server.log.appender.install.snapshot.enabled = false (custom)
2023-03-29 21:18:22,635 [pool-744-thread-1] INFO  server.RaftServerConfigKeys (ConfUtils.java:logGet(46)) - raft.server.threadpool.server.cached = true (default)
2023-03-29 21:18:22,635 [pool-744-thread-1] INFO  server.RaftServerConfigKeys (ConfUtils.java:logGet(46)) - raft.server.threadpool.server.size = 0 (default)
2023-03-29 21:18:22,635 [pool-744-thread-1] INFO  server.RaftServerConfigKeys (ConfUtils.java:logGet(46)) - raft.server.threadpool.client.cached = true (default)
2023-03-29 21:18:22,635 [pool-744-thread-1] INFO  server.RaftServerConfigKeys (ConfUtils.java:logGet(46)) - raft.server.threadpool.client.size = 0 (default)
2023-03-29 21:18:22,635 [pool-744-thread-1] INFO  storage.RaftStorageDirectory (RaftStorageDirectoryImpl.java:analyzeStorage(137)) - The storage directory /home/runner/work/ozone/ozone/hadoop-ozone/integration-test/target/test-dir/MiniOzoneClusterImpl-94458d0b-d5a8-4c00-b4e5-5292a8a953be/datanode-0/data/ratis/da127d51-654a-49fb-8e3d-3702c0c83597 does not exist. Creating ...
2023-03-29 21:18:22,636 [pool-744-thread-1] INFO  storage.RaftStorageDirectory (RaftStorageDirectoryImpl.java:tryLock(231)) - Lock on /home/runner/work/ozone/ozone/hadoop-ozone/integration-test/target/test-dir/MiniOzoneClusterImpl-94458d0b-d5a8-4c00-b4e5-5292a8a953be/datanode-0/data/ratis/da127d51-654a-49fb-8e3d-3702c0c83597/in_use.lock acquired by nodename 46426@fv-az308-773
2023-03-29 21:18:22,637 [pool-744-thread-1] INFO  storage.RaftStorage (RaftStorageImpl.java:format(96)) - Storage directory /home/runner/work/ozone/ozone/hadoop-ozone/integration-test/target/test-dir/MiniOzoneClusterImpl-94458d0b-d5a8-4c00-b4e5-5292a8a953be/datanode-0/data/ratis/da127d51-654a-49fb-8e3d-3702c0c83597 has been successfully formatted.
2023-03-29 21:18:22,638 [pool-744-thread-1] INFO  ratis.ContainerStateMachine (ContainerStateMachine.java:loadSnapshot(262)) - group-3702C0C83597: The snapshot info is null. Setting the last applied indexto:(t:0, i:~)
2023-03-29 21:18:22,639 [EventQueue-OpenPipelineForHealthyPipelineSafeModeRule] INFO  safemode.SCMSafeModeManager (HealthyPipelineSafeModeRule.java:process(137)) - SCM in safe mode. Healthy pipelines reported count is 0, required healthy pipeline reported count is 1
2023-03-29 21:18:22,639 [pool-744-thread-1] INFO  server.RaftServerConfigKeys (ConfUtils.java:logGet(46)) - raft.server.log.use.memory = false (default)
2023-03-29 21:18:22,639 [pool-744-thread-1] INFO  server.RaftServerConfigKeys (ConfUtils.java:logGet(46)) - raft.server.log.purge.gap = 1000000 (custom)
2023-03-29 21:18:22,639 [pool-744-thread-1] INFO  server.RaftServerConfigKeys (ConfUtils.java:logGet(46)) - raft.server.log.appender.buffer.byte-limit = 33554432 (custom)
2023-03-29 21:18:22,639 [pool-744-thread-1] INFO  server.RaftServerConfigKeys (ConfUtils.java:logGet(46)) - raft.server.log.statemachine.data.read.timeout = 1000ms (default)
2023-03-29 21:18:22,639 [pool-744-thread-1] INFO  server.RaftServerConfigKeys (ConfUtils.java:logGet(46)) - raft.server.log.purge.preservation.log.num = 0 (default)
2023-03-29 21:18:22,639 [pool-744-thread-1] INFO  server.RaftServerConfigKeys (ConfUtils.java:logGet(46)) - raft.server.log.segment.size.max = 1048576 (custom)
2023-03-29 21:18:22,639 [pool-744-thread-1] INFO  server.RaftServerConfigKeys (ConfUtils.java:logGet(46)) - raft.server.log.segment.cache.num.max = 2 (custom)
2023-03-29 21:18:22,640 [pool-744-thread-1] INFO  server.RaftServerConfigKeys (ConfUtils.java:logGet(46)) - raft.server.log.segment.cache.size.max = 200MB (=209715200) (default)
2023-03-29 21:18:22,640 [pool-744-thread-1] INFO  segmented.SegmentedRaftLogWorker (SegmentedRaftLogWorker.java:<init>(189)) - new 97ece121-4ac7-48f5-a423-498260ac9270@group-3702C0C83597-SegmentedRaftLogWorker for RaftStorageImpl:Storage Directory /home/runner/work/ozone/ozone/hadoop-ozone/integration-test/target/test-dir/MiniOzoneClusterImpl-94458d0b-d5a8-4c00-b4e5-5292a8a953be/datanode-0/data/ratis/da127d51-654a-49fb-8e3d-3702c0c83597
2023-03-29 21:18:22,640 [pool-744-thread-1] INFO  server.RaftServerConfigKeys (ConfUtils.java:logGet(46)) - raft.server.log.queue.byte-limit = 4294967296 (custom)
2023-03-29 21:18:22,640 [pool-744-thread-1] INFO  server.RaftServerConfigKeys (ConfUtils.java:logGet(46)) - raft.server.log.queue.element-limit = 1024 (custom)
2023-03-29 21:18:22,640 [pool-744-thread-1] INFO  server.RaftServerConfigKeys (ConfUtils.java:logGet(46)) - raft.server.log.segment.size.max = 1048576 (custom)
2023-03-29 21:18:22,640 [pool-744-thread-1] INFO  server.RaftServerConfigKeys (ConfUtils.java:logGet(46)) - raft.server.log.preallocated.size = 16384 (custom)
2023-03-29 21:18:22,640 [pool-744-thread-1] INFO  server.RaftServerConfigKeys (ConfUtils.java:logGet(46)) - raft.server.log.force.sync.num = 128 (default)
2023-03-29 21:18:22,640 [pool-744-thread-1] INFO  server.RaftServerConfigKeys (ConfUtils.java:logGet(46)) - raft.server.log.statemachine.data.sync = true (default)
2023-03-29 21:18:22,640 [pool-744-thread-1] INFO  server.RaftServerConfigKeys (ConfUtils.java:logGet(46)) - raft.server.log.statemachine.data.sync.timeout = 10s (default)
2023-03-29 21:18:22,640 [pool-744-thread-1] INFO  server.RaftServerConfigKeys (ConfUtils.java:logGet(46)) - raft.server.log.statemachine.data.sync.timeout.retry = -1 (default)
2023-03-29 21:18:22,640 [pool-744-thread-1] INFO  server.RaftServerConfigKeys (ConfUtils.java:logGet(46)) - raft.server.log.write.buffer.size = 1048576 (custom)
2023-03-29 21:18:22,641 [pool-744-thread-1] INFO  server.RaftServerConfigKeys (ConfUtils.java:logGet(46)) - raft.server.log.appender.buffer.byte-limit = 33554432 (custom)
2023-03-29 21:18:22,646 [pool-744-thread-1] INFO  server.RaftServerConfigKeys (ConfUtils.java:logGet(46)) - raft.server.log.unsafe-flush.enabled = false (default)
2023-03-29 21:18:22,646 [pool-744-thread-1] INFO  server.RaftServerConfigKeys (ConfUtils.java:logGet(46)) - raft.server.log.async-flush.enabled = false (default)
2023-03-29 21:18:22,646 [pool-744-thread-1] INFO  server.RaftServerConfigKeys (ConfUtils.java:logGet(46)) - raft.server.log.statemachine.data.caching.enabled = true (custom)
2023-03-29 21:18:22,646 [pool-744-thread-1] INFO  segmented.SegmentedRaftLogWorker (SegmentedRaftLogWorker.java:lambda$new$0(135)) - 97ece121-4ac7-48f5-a423-498260ac9270@group-3702C0C83597-SegmentedRaftLogWorker: flushIndex: setUnconditionally 0 -> -1
2023-03-29 21:18:22,646 [pool-744-thread-1] INFO  segmented.SegmentedRaftLogWorker (SegmentedRaftLogWorker.java:lambda$new$0(135)) - 97ece121-4ac7-48f5-a423-498260ac9270@group-3702C0C83597-SegmentedRaftLogWorker: safeCacheEvictIndex: setUnconditionally 0 -> -1
2023-03-29 21:18:22,646 [pool-744-thread-1] INFO  server.RaftServer$Division (RaftServerImpl.java:start(334)) - 97ece121-4ac7-48f5-a423-498260ac9270@group-3702C0C83597: start as a follower, conf=-1: peers:[69f3014f-ff88-49f1-a4e0-1e079fbb53ad|rpc:10.1.0.17:40355|dataStream:10.1.0.17:41067|priority:1|startupRole:FOLLOWER, 300eaa66-db2c-41ba-add6-fa9c16cbce0b|rpc:10.1.0.17:35989|dataStream:10.1.0.17:40123|priority:0|startupRole:FOLLOWER, 97ece121-4ac7-48f5-a423-498260ac9270|rpc:10.1.0.17:34367|dataStream:10.1.0.17:37963|priority:0|startupRole:FOLLOWER]|listeners:[], old=null
2023-03-29 21:18:22,646 [pool-744-thread-1] INFO  server.RaftServer$Division (RaftServerImpl.java:setRole(321)) - 97ece121-4ac7-48f5-a423-498260ac9270@group-3702C0C83597: changes role from      null to FOLLOWER at term 0 for startAsFollower
2023-03-29 21:18:22,647 [pool-744-thread-1] INFO  impl.RoleInfo (RoleInfo.java:updateAndGet(139)) - 97ece121-4ac7-48f5-a423-498260ac9270: start 97ece121-4ac7-48f5-a423-498260ac9270@group-3702C0C83597-FollowerState
2023-03-29 21:18:22,647 [pool-744-thread-1] INFO  util.JmxRegister (JmxRegister.java:tryRegister(44)) - Successfully registered JMX Bean with object name Ratis:service=RaftServer,group=group-3702C0C83597,id=97ece121-4ac7-48f5-a423-498260ac9270
2023-03-29 21:18:22,647 [pool-744-thread-1] INFO  server.RaftServerConfigKeys (ConfUtils.java:logGet(46)) - raft.server.snapshot.auto.trigger.enabled = true (custom)
2023-03-29 21:18:22,647 [97ece121-4ac7-48f5-a423-498260ac9270@group-3702C0C83597-FollowerState] INFO  server.RaftServerConfigKeys (ConfUtils.java:logFallback(53)) - raft.server.rpc.first-election.timeout.min = 5s (fallback to raft.server.rpc.timeout.min)
2023-03-29 21:18:22,648 [pool-744-thread-1] INFO  server.RaftServerConfigKeys (ConfUtils.java:logGet(46)) - raft.server.snapshot.auto.trigger.threshold = 10000 (custom)
2023-03-29 21:18:22,648 [97ece121-4ac7-48f5-a423-498260ac9270@group-3702C0C83597-FollowerState] INFO  server.RaftServerConfigKeys (ConfUtils.java:logFallback(53)) - raft.server.rpc.first-election.timeout.max = 5200ms (fallback to raft.server.rpc.timeout.max)
2023-03-29 21:18:22,648 [pool-744-thread-1] INFO  server.RaftServerConfigKeys (ConfUtils.java:logGet(46)) - raft.server.snapshot.retention.file.num = 5 (custom)
2023-03-29 21:18:22,648 [pool-744-thread-1] INFO  server.RaftServerConfigKeys (ConfUtils.java:logGet(46)) - raft.server.log.purge.upto.snapshot.index = false (default)
2023-03-29 21:18:22,648 [Command processor thread] INFO  ratis.XceiverServerRatis (XceiverServerRatis.java:addGroup(806)) - Created group PipelineID=da127d51-654a-49fb-8e3d-3702c0c83597
2023-03-29 21:18:22,657 [grpc-default-executor-0] INFO  server.RaftServer (RaftServerProxy.java:addNew(96)) - 69f3014f-ff88-49f1-a4e0-1e079fbb53ad: addNew group-3702C0C83597:[69f3014f-ff88-49f1-a4e0-1e079fbb53ad|rpc:10.1.0.17:40355|dataStream:10.1.0.17:41067|priority:1|startupRole:FOLLOWER, 300eaa66-db2c-41ba-add6-fa9c16cbce0b|rpc:10.1.0.17:35989|dataStream:10.1.0.17:40123|priority:0|startupRole:FOLLOWER, 97ece121-4ac7-48f5-a423-498260ac9270|rpc:10.1.0.17:34367|dataStream:10.1.0.17:37963|priority:0|startupRole:FOLLOWER] returns group-3702C0C83597:java.util.concurrent.CompletableFuture@1d804d1a[Not completed]
2023-03-29 21:18:22,657 [pool-788-thread-1] INFO  server.RaftServer$Division (RaftServerImpl.java:<init>(195)) - 69f3014f-ff88-49f1-a4e0-1e079fbb53ad: new RaftServerImpl for group-3702C0C83597:[69f3014f-ff88-49f1-a4e0-1e079fbb53ad|rpc:10.1.0.17:40355|dataStream:10.1.0.17:41067|priority:1|startupRole:FOLLOWER, 300eaa66-db2c-41ba-add6-fa9c16cbce0b|rpc:10.1.0.17:35989|dataStream:10.1.0.17:40123|priority:0|startupRole:FOLLOWER, 97ece121-4ac7-48f5-a423-498260ac9270|rpc:10.1.0.17:34367|dataStream:10.1.0.17:37963|priority:0|startupRole:FOLLOWER] with ContainerStateMachine:uninitialized
2023-03-29 21:18:22,658 [pool-788-thread-1] INFO  server.RaftServerConfigKeys (ConfUtils.java:logGet(46)) - raft.server.rpc.timeout.min = 5s (custom)
2023-03-29 21:18:22,658 [pool-788-thread-1] INFO  server.RaftServerConfigKeys (ConfUtils.java:logGet(46)) - raft.server.rpc.timeout.max = 5200ms (custom)
2023-03-29 21:18:22,658 [pool-788-thread-1] INFO  server.RaftServerConfigKeys (ConfUtils.java:logGet(46)) - raft.server.rpc.sleep.time = 25ms (default)
2023-03-29 21:18:22,658 [pool-788-thread-1] INFO  server.RaftServerConfigKeys (ConfUtils.java:logGet(46)) - raft.server.rpc.slowness.timeout = 300s (custom)
2023-03-29 21:18:22,658 [pool-788-thread-1] INFO  server.RaftServerConfigKeys (ConfUtils.java:logGet(46)) - raft.server.leaderelection.leader.step-down.wait-time = 10s (default)
2023-03-29 21:18:22,658 [pool-788-thread-1] INFO  server.RaftServerConfigKeys (ConfUtils.java:logGet(46)) - raft.server.sleep.deviation.threshold = 300ms (default)
2023-03-29 21:18:22,658 [pool-788-thread-1] INFO  server.RaftServer$Division (ServerState.java:<init>(118)) - 69f3014f-ff88-49f1-a4e0-1e079fbb53ad@group-3702C0C83597: ConfigurationManager, init=-1: peers:[69f3014f-ff88-49f1-a4e0-1e079fbb53ad|rpc:10.1.0.17:40355|dataStream:10.1.0.17:41067|priority:1|startupRole:FOLLOWER, 300eaa66-db2c-41ba-add6-fa9c16cbce0b|rpc:10.1.0.17:35989|dataStream:10.1.0.17:40123|priority:0|startupRole:FOLLOWER, 97ece121-4ac7-48f5-a423-498260ac9270|rpc:10.1.0.17:34367|dataStream:10.1.0.17:37963|priority:0|startupRole:FOLLOWER]|listeners:[], old=null, confs=<EMPTY_MAP>
2023-03-29 21:18:22,658 [pool-788-thread-1] INFO  server.RaftServerConfigKeys (ConfUtils.java:logGet(46)) - raft.server.storage.dir = [/home/runner/work/ozone/ozone/hadoop-ozone/integration-test/target/test-dir/MiniOzoneClusterImpl-94458d0b-d5a8-4c00-b4e5-5292a8a953be/datanode-2/data/ratis] (custom)
2023-03-29 21:18:22,658 [pool-788-thread-1] INFO  server.RaftServerConfigKeys (ConfUtils.java:logGet(46)) - raft.server.log.corruption.policy = EXCEPTION (default)
2023-03-29 21:18:22,658 [pool-788-thread-1] INFO  server.RaftServerConfigKeys (ConfUtils.java:logGet(46)) - raft.server.storage.free-space.min = 0MB (=0) (default)
2023-03-29 21:18:22,658 [pool-788-thread-1] INFO  server.RaftServerConfigKeys (ConfUtils.java:logGet(46)) - raft.server.notification.no-leader.timeout = 300s (custom)
2023-03-29 21:18:22,658 [pool-788-thread-1] INFO  server.RaftServerConfigKeys (ConfUtils.java:logGet(46)) - raft.server.retrycache.expirytime = 600000ms (custom)
2023-03-29 21:18:22,658 [pool-788-thread-1] INFO  server.RaftServerConfigKeys (ConfUtils.java:logGet(46)) - raft.server.retrycache.statistics.expirytime = 100μs (default)
2023-03-29 21:18:22,659 [pool-788-thread-1] INFO  server.RaftServerConfigKeys (ConfUtils.java:logGet(46)) - raft.server.log.appender.install.snapshot.enabled = false (custom)
2023-03-29 21:18:22,659 [pool-788-thread-1] INFO  server.RaftServerConfigKeys (ConfUtils.java:logGet(46)) - raft.server.threadpool.server.cached = true (default)
2023-03-29 21:18:22,659 [pool-788-thread-1] INFO  server.RaftServerConfigKeys (ConfUtils.java:logGet(46)) - raft.server.threadpool.server.size = 0 (default)
2023-03-29 21:18:22,659 [pool-788-thread-1] INFO  server.RaftServerConfigKeys (ConfUtils.java:logGet(46)) - raft.server.threadpool.client.cached = true (default)
2023-03-29 21:18:22,659 [pool-788-thread-1] INFO  server.RaftServerConfigKeys (ConfUtils.java:logGet(46)) - raft.server.threadpool.client.size = 0 (default)
2023-03-29 21:18:22,659 [pool-788-thread-1] INFO  storage.RaftStorageDirectory (RaftStorageDirectoryImpl.java:analyzeStorage(137)) - The storage directory /home/runner/work/ozone/ozone/hadoop-ozone/integration-test/target/test-dir/MiniOzoneClusterImpl-94458d0b-d5a8-4c00-b4e5-5292a8a953be/datanode-2/data/ratis/da127d51-654a-49fb-8e3d-3702c0c83597 does not exist. Creating ...
2023-03-29 21:18:22,660 [pool-788-thread-1] INFO  storage.RaftStorageDirectory (RaftStorageDirectoryImpl.java:tryLock(231)) - Lock on /home/runner/work/ozone/ozone/hadoop-ozone/integration-test/target/test-dir/MiniOzoneClusterImpl-94458d0b-d5a8-4c00-b4e5-5292a8a953be/datanode-2/data/ratis/da127d51-654a-49fb-8e3d-3702c0c83597/in_use.lock acquired by nodename 46426@fv-az308-773
2023-03-29 21:18:22,661 [pool-788-thread-1] INFO  storage.RaftStorage (RaftStorageImpl.java:format(96)) - Storage directory /home/runner/work/ozone/ozone/hadoop-ozone/integration-test/target/test-dir/MiniOzoneClusterImpl-94458d0b-d5a8-4c00-b4e5-5292a8a953be/datanode-2/data/ratis/da127d51-654a-49fb-8e3d-3702c0c83597 has been successfully formatted.
2023-03-29 21:18:22,661 [pool-788-thread-1] INFO  ratis.ContainerStateMachine (ContainerStateMachine.java:loadSnapshot(262)) - group-3702C0C83597: The snapshot info is null. Setting the last applied indexto:(t:0, i:~)
2023-03-29 21:18:22,662 [pool-788-thread-1] INFO  server.RaftServerConfigKeys (ConfUtils.java:logGet(46)) - raft.server.log.use.memory = false (default)
2023-03-29 21:18:22,662 [pool-788-thread-1] INFO  server.RaftServerConfigKeys (ConfUtils.java:logGet(46)) - raft.server.log.purge.gap = 1000000 (custom)
2023-03-29 21:18:22,662 [pool-788-thread-1] INFO  server.RaftServerConfigKeys (ConfUtils.java:logGet(46)) - raft.server.log.appender.buffer.byte-limit = 33554432 (custom)
2023-03-29 21:18:22,662 [pool-788-thread-1] INFO  server.RaftServerConfigKeys (ConfUtils.java:logGet(46)) - raft.server.log.statemachine.data.read.timeout = 1000ms (default)
2023-03-29 21:18:22,662 [pool-788-thread-1] INFO  server.RaftServerConfigKeys (ConfUtils.java:logGet(46)) - raft.server.log.purge.preservation.log.num = 0 (default)
2023-03-29 21:18:22,662 [pool-788-thread-1] INFO  server.RaftServerConfigKeys (ConfUtils.java:logGet(46)) - raft.server.log.segment.size.max = 1048576 (custom)
2023-03-29 21:18:22,662 [pool-788-thread-1] INFO  server.RaftServerConfigKeys (ConfUtils.java:logGet(46)) - raft.server.log.segment.cache.num.max = 2 (custom)
2023-03-29 21:18:22,662 [pool-788-thread-1] INFO  server.RaftServerConfigKeys (ConfUtils.java:logGet(46)) - raft.server.log.segment.cache.size.max = 200MB (=209715200) (default)
2023-03-29 21:18:22,662 [pool-788-thread-1] INFO  segmented.SegmentedRaftLogWorker (SegmentedRaftLogWorker.java:<init>(189)) - new 69f3014f-ff88-49f1-a4e0-1e079fbb53ad@group-3702C0C83597-SegmentedRaftLogWorker for RaftStorageImpl:Storage Directory /home/runner/work/ozone/ozone/hadoop-ozone/integration-test/target/test-dir/MiniOzoneClusterImpl-94458d0b-d5a8-4c00-b4e5-5292a8a953be/datanode-2/data/ratis/da127d51-654a-49fb-8e3d-3702c0c83597
2023-03-29 21:18:22,662 [pool-788-thread-1] INFO  server.RaftServerConfigKeys (ConfUtils.java:logGet(46)) - raft.server.log.queue.byte-limit = 4294967296 (custom)
2023-03-29 21:18:22,662 [pool-788-thread-1] INFO  server.RaftServerConfigKeys (ConfUtils.java:logGet(46)) - raft.server.log.queue.element-limit = 1024 (custom)
2023-03-29 21:18:22,662 [pool-788-thread-1] INFO  server.RaftServerConfigKeys (ConfUtils.java:logGet(46)) - raft.server.log.segment.size.max = 1048576 (custom)
2023-03-29 21:18:22,663 [pool-788-thread-1] INFO  server.RaftServerConfigKeys (ConfUtils.java:logGet(46)) - raft.server.log.preallocated.size = 16384 (custom)
2023-03-29 21:18:22,663 [pool-788-thread-1] INFO  server.RaftServerConfigKeys (ConfUtils.java:logGet(46)) - raft.server.log.force.sync.num = 128 (default)
2023-03-29 21:18:22,663 [pool-788-thread-1] INFO  server.RaftServerConfigKeys (ConfUtils.java:logGet(46)) - raft.server.log.statemachine.data.sync = true (default)
2023-03-29 21:18:22,663 [pool-788-thread-1] INFO  server.RaftServerConfigKeys (ConfUtils.java:logGet(46)) - raft.server.log.statemachine.data.sync.timeout = 10s (default)
2023-03-29 21:18:22,663 [pool-788-thread-1] INFO  server.RaftServerConfigKeys (ConfUtils.java:logGet(46)) - raft.server.log.statemachine.data.sync.timeout.retry = -1 (default)
2023-03-29 21:18:22,663 [pool-788-thread-1] INFO  server.RaftServerConfigKeys (ConfUtils.java:logGet(46)) - raft.server.log.write.buffer.size = 1048576 (custom)
2023-03-29 21:18:22,663 [pool-788-thread-1] INFO  server.RaftServerConfigKeys (ConfUtils.java:logGet(46)) - raft.server.log.appender.buffer.byte-limit = 33554432 (custom)
2023-03-29 21:18:22,668 [pool-788-thread-1] INFO  server.RaftServerConfigKeys (ConfUtils.java:logGet(46)) - raft.server.log.unsafe-flush.enabled = false (default)
2023-03-29 21:18:22,668 [pool-788-thread-1] INFO  server.RaftServerConfigKeys (ConfUtils.java:logGet(46)) - raft.server.log.async-flush.enabled = false (default)
2023-03-29 21:18:22,668 [pool-788-thread-1] INFO  server.RaftServerConfigKeys (ConfUtils.java:logGet(46)) - raft.server.log.statemachine.data.caching.enabled = true (custom)
2023-03-29 21:18:22,669 [pool-788-thread-1] INFO  segmented.SegmentedRaftLogWorker (SegmentedRaftLogWorker.java:lambda$new$0(135)) - 69f3014f-ff88-49f1-a4e0-1e079fbb53ad@group-3702C0C83597-SegmentedRaftLogWorker: flushIndex: setUnconditionally 0 -> -1
2023-03-29 21:18:22,669 [pool-788-thread-1] INFO  segmented.SegmentedRaftLogWorker (SegmentedRaftLogWorker.java:lambda$new$0(135)) - 69f3014f-ff88-49f1-a4e0-1e079fbb53ad@group-3702C0C83597-SegmentedRaftLogWorker: safeCacheEvictIndex: setUnconditionally 0 -> -1
2023-03-29 21:18:22,669 [pool-788-thread-1] INFO  server.RaftServer$Division (RaftServerImpl.java:start(334)) - 69f3014f-ff88-49f1-a4e0-1e079fbb53ad@group-3702C0C83597: start as a follower, conf=-1: peers:[69f3014f-ff88-49f1-a4e0-1e079fbb53ad|rpc:10.1.0.17:40355|dataStream:10.1.0.17:41067|priority:1|startupRole:FOLLOWER, 300eaa66-db2c-41ba-add6-fa9c16cbce0b|rpc:10.1.0.17:35989|dataStream:10.1.0.17:40123|priority:0|startupRole:FOLLOWER, 97ece121-4ac7-48f5-a423-498260ac9270|rpc:10.1.0.17:34367|dataStream:10.1.0.17:37963|priority:0|startupRole:FOLLOWER]|listeners:[], old=null
2023-03-29 21:18:22,669 [pool-788-thread-1] INFO  server.RaftServer$Division (RaftServerImpl.java:setRole(321)) - 69f3014f-ff88-49f1-a4e0-1e079fbb53ad@group-3702C0C83597: changes role from      null to FOLLOWER at term 0 for startAsFollower
2023-03-29 21:18:22,669 [pool-788-thread-1] INFO  impl.RoleInfo (RoleInfo.java:updateAndGet(139)) - 69f3014f-ff88-49f1-a4e0-1e079fbb53ad: start 69f3014f-ff88-49f1-a4e0-1e079fbb53ad@group-3702C0C83597-FollowerState
2023-03-29 21:18:22,672 [pool-788-thread-1] INFO  util.JmxRegister (JmxRegister.java:tryRegister(44)) - Successfully registered JMX Bean with object name Ratis:service=RaftServer,group=group-3702C0C83597,id=69f3014f-ff88-49f1-a4e0-1e079fbb53ad
2023-03-29 21:18:22,672 [pool-788-thread-1] INFO  server.RaftServerConfigKeys (ConfUtils.java:logGet(46)) - raft.server.snapshot.auto.trigger.enabled = true (custom)
2023-03-29 21:18:22,672 [pool-788-thread-1] INFO  server.RaftServerConfigKeys (ConfUtils.java:logGet(46)) - raft.server.snapshot.auto.trigger.threshold = 10000 (custom)
2023-03-29 21:18:22,672 [pool-788-thread-1] INFO  server.RaftServerConfigKeys (ConfUtils.java:logGet(46)) - raft.server.snapshot.retention.file.num = 5 (custom)
2023-03-29 21:18:22,672 [pool-788-thread-1] INFO  server.RaftServerConfigKeys (ConfUtils.java:logGet(46)) - raft.server.log.purge.upto.snapshot.index = false (default)
2023-03-29 21:18:22,673 [69f3014f-ff88-49f1-a4e0-1e079fbb53ad@group-3702C0C83597-FollowerState] INFO  server.RaftServerConfigKeys (ConfUtils.java:logFallback(53)) - raft.server.rpc.first-election.timeout.min = 5s (fallback to raft.server.rpc.timeout.min)
2023-03-29 21:18:22,673 [69f3014f-ff88-49f1-a4e0-1e079fbb53ad@group-3702C0C83597-FollowerState] INFO  server.RaftServerConfigKeys (ConfUtils.java:logFallback(53)) - raft.server.rpc.first-election.timeout.max = 5200ms (fallback to raft.server.rpc.timeout.max)
2023-03-29 21:18:22,692 [grpc-default-executor-0] INFO  server.RaftServer (RaftServerProxy.java:addNew(96)) - 300eaa66-db2c-41ba-add6-fa9c16cbce0b: addNew group-3702C0C83597:[69f3014f-ff88-49f1-a4e0-1e079fbb53ad|rpc:10.1.0.17:40355|dataStream:10.1.0.17:41067|priority:1|startupRole:FOLLOWER, 300eaa66-db2c-41ba-add6-fa9c16cbce0b|rpc:10.1.0.17:35989|dataStream:10.1.0.17:40123|priority:0|startupRole:FOLLOWER, 97ece121-4ac7-48f5-a423-498260ac9270|rpc:10.1.0.17:34367|dataStream:10.1.0.17:37963|priority:0|startupRole:FOLLOWER] returns group-3702C0C83597:java.util.concurrent.CompletableFuture@4bcd0393[Not completed]
2023-03-29 21:18:22,693 [pool-766-thread-1] INFO  server.RaftServer$Division (RaftServerImpl.java:<init>(195)) - 300eaa66-db2c-41ba-add6-fa9c16cbce0b: new RaftServerImpl for group-3702C0C83597:[69f3014f-ff88-49f1-a4e0-1e079fbb53ad|rpc:10.1.0.17:40355|dataStream:10.1.0.17:41067|priority:1|startupRole:FOLLOWER, 300eaa66-db2c-41ba-add6-fa9c16cbce0b|rpc:10.1.0.17:35989|dataStream:10.1.0.17:40123|priority:0|startupRole:FOLLOWER, 97ece121-4ac7-48f5-a423-498260ac9270|rpc:10.1.0.17:34367|dataStream:10.1.0.17:37963|priority:0|startupRole:FOLLOWER] with ContainerStateMachine:uninitialized
2023-03-29 21:18:22,693 [pool-766-thread-1] INFO  server.RaftServerConfigKeys (ConfUtils.java:logGet(46)) - raft.server.rpc.timeout.min = 5s (custom)
2023-03-29 21:18:22,693 [pool-766-thread-1] INFO  server.RaftServerConfigKeys (ConfUtils.java:logGet(46)) - raft.server.rpc.timeout.max = 5200ms (custom)
2023-03-29 21:18:22,693 [pool-766-thread-1] INFO  server.RaftServerConfigKeys (ConfUtils.java:logGet(46)) - raft.server.rpc.sleep.time = 25ms (default)
2023-03-29 21:18:22,693 [pool-766-thread-1] INFO  server.RaftServerConfigKeys (ConfUtils.java:logGet(46)) - raft.server.rpc.slowness.timeout = 300s (custom)
2023-03-29 21:18:22,693 [pool-766-thread-1] INFO  server.RaftServerConfigKeys (ConfUtils.java:logGet(46)) - raft.server.leaderelection.leader.step-down.wait-time = 10s (default)
2023-03-29 21:18:22,694 [pool-766-thread-1] INFO  server.RaftServerConfigKeys (ConfUtils.java:logGet(46)) - raft.server.sleep.deviation.threshold = 300ms (default)
2023-03-29 21:18:22,694 [pool-766-thread-1] INFO  server.RaftServer$Division (ServerState.java:<init>(118)) - 300eaa66-db2c-41ba-add6-fa9c16cbce0b@group-3702C0C83597: ConfigurationManager, init=-1: peers:[69f3014f-ff88-49f1-a4e0-1e079fbb53ad|rpc:10.1.0.17:40355|dataStream:10.1.0.17:41067|priority:1|startupRole:FOLLOWER, 300eaa66-db2c-41ba-add6-fa9c16cbce0b|rpc:10.1.0.17:35989|dataStream:10.1.0.17:40123|priority:0|startupRole:FOLLOWER, 97ece121-4ac7-48f5-a423-498260ac9270|rpc:10.1.0.17:34367|dataStream:10.1.0.17:37963|priority:0|startupRole:FOLLOWER]|listeners:[], old=null, confs=<EMPTY_MAP>
2023-03-29 21:18:22,694 [pool-766-thread-1] INFO  server.RaftServerConfigKeys (ConfUtils.java:logGet(46)) - raft.server.storage.dir = [/home/runner/work/ozone/ozone/hadoop-ozone/integration-test/target/test-dir/MiniOzoneClusterImpl-94458d0b-d5a8-4c00-b4e5-5292a8a953be/datanode-1/data/ratis] (custom)
2023-03-29 21:18:22,694 [pool-766-thread-1] INFO  server.RaftServerConfigKeys (ConfUtils.java:logGet(46)) - raft.server.log.corruption.policy = EXCEPTION (default)
2023-03-29 21:18:22,694 [pool-766-thread-1] INFO  server.RaftServerConfigKeys (ConfUtils.java:logGet(46)) - raft.server.storage.free-space.min = 0MB (=0) (default)
2023-03-29 21:18:22,694 [pool-766-thread-1] INFO  server.RaftServerConfigKeys (ConfUtils.java:logGet(46)) - raft.server.notification.no-leader.timeout = 300s (custom)
2023-03-29 21:18:22,694 [pool-766-thread-1] INFO  server.RaftServerConfigKeys (ConfUtils.java:logGet(46)) - raft.server.retrycache.expirytime = 600000ms (custom)
2023-03-29 21:18:22,694 [pool-766-thread-1] INFO  server.RaftServerConfigKeys (ConfUtils.java:logGet(46)) - raft.server.retrycache.statistics.expirytime = 100μs (default)
2023-03-29 21:18:22,694 [pool-766-thread-1] INFO  server.RaftServerConfigKeys (ConfUtils.java:logGet(46)) - raft.server.log.appender.install.snapshot.enabled = false (custom)
2023-03-29 21:18:22,694 [pool-766-thread-1] INFO  server.RaftServerConfigKeys (ConfUtils.java:logGet(46)) - raft.server.threadpool.server.cached = true (default)
2023-03-29 21:18:22,695 [pool-766-thread-1] INFO  server.RaftServerConfigKeys (ConfUtils.java:logGet(46)) - raft.server.threadpool.server.size = 0 (default)
2023-03-29 21:18:22,695 [pool-766-thread-1] INFO  server.RaftServerConfigKeys (ConfUtils.java:logGet(46)) - raft.server.threadpool.client.cached = true (default)
2023-03-29 21:18:22,695 [pool-766-thread-1] INFO  server.RaftServerConfigKeys (ConfUtils.java:logGet(46)) - raft.server.threadpool.client.size = 0 (default)
2023-03-29 21:18:22,695 [pool-766-thread-1] INFO  storage.RaftStorageDirectory (RaftStorageDirectoryImpl.java:analyzeStorage(137)) - The storage directory /home/runner/work/ozone/ozone/hadoop-ozone/integration-test/target/test-dir/MiniOzoneClusterImpl-94458d0b-d5a8-4c00-b4e5-5292a8a953be/datanode-1/data/ratis/da127d51-654a-49fb-8e3d-3702c0c83597 does not exist. Creating ...
2023-03-29 21:18:22,696 [pool-766-thread-1] INFO  storage.RaftStorageDirectory (RaftStorageDirectoryImpl.java:tryLock(231)) - Lock on /home/runner/work/ozone/ozone/hadoop-ozone/integration-test/target/test-dir/MiniOzoneClusterImpl-94458d0b-d5a8-4c00-b4e5-5292a8a953be/datanode-1/data/ratis/da127d51-654a-49fb-8e3d-3702c0c83597/in_use.lock acquired by nodename 46426@fv-az308-773
2023-03-29 21:18:22,696 [pool-766-thread-1] INFO  storage.RaftStorage (RaftStorageImpl.java:format(96)) - Storage directory /home/runner/work/ozone/ozone/hadoop-ozone/integration-test/target/test-dir/MiniOzoneClusterImpl-94458d0b-d5a8-4c00-b4e5-5292a8a953be/datanode-1/data/ratis/da127d51-654a-49fb-8e3d-3702c0c83597 has been successfully formatted.
2023-03-29 21:18:22,697 [pool-766-thread-1] INFO  ratis.ContainerStateMachine (ContainerStateMachine.java:loadSnapshot(262)) - group-3702C0C83597: The snapshot info is null. Setting the last applied indexto:(t:0, i:~)
2023-03-29 21:18:22,698 [pool-766-thread-1] INFO  server.RaftServerConfigKeys (ConfUtils.java:logGet(46)) - raft.server.log.use.memory = false (default)
2023-03-29 21:18:22,698 [pool-766-thread-1] INFO  server.RaftServerConfigKeys (ConfUtils.java:logGet(46)) - raft.server.log.purge.gap = 1000000 (custom)
2023-03-29 21:18:22,698 [pool-766-thread-1] INFO  server.RaftServerConfigKeys (ConfUtils.java:logGet(46)) - raft.server.log.appender.buffer.byte-limit = 33554432 (custom)
2023-03-29 21:18:22,698 [pool-766-thread-1] INFO  server.RaftServerConfigKeys (ConfUtils.java:logGet(46)) - raft.server.log.statemachine.data.read.timeout = 1000ms (default)
2023-03-29 21:18:22,698 [pool-766-thread-1] INFO  server.RaftServerConfigKeys (ConfUtils.java:logGet(46)) - raft.server.log.purge.preservation.log.num = 0 (default)
2023-03-29 21:18:22,699 [pool-766-thread-1] INFO  server.RaftServerConfigKeys (ConfUtils.java:logGet(46)) - raft.server.log.segment.size.max = 1048576 (custom)
2023-03-29 21:18:22,699 [pool-766-thread-1] INFO  server.RaftServerConfigKeys (ConfUtils.java:logGet(46)) - raft.server.log.segment.cache.num.max = 2 (custom)
2023-03-29 21:18:22,699 [pool-766-thread-1] INFO  server.RaftServerConfigKeys (ConfUtils.java:logGet(46)) - raft.server.log.segment.cache.size.max = 200MB (=209715200) (default)
2023-03-29 21:18:22,699 [pool-766-thread-1] INFO  segmented.SegmentedRaftLogWorker (SegmentedRaftLogWorker.java:<init>(189)) - new 300eaa66-db2c-41ba-add6-fa9c16cbce0b@group-3702C0C83597-SegmentedRaftLogWorker for RaftStorageImpl:Storage Directory /home/runner/work/ozone/ozone/hadoop-ozone/integration-test/target/test-dir/MiniOzoneClusterImpl-94458d0b-d5a8-4c00-b4e5-5292a8a953be/datanode-1/data/ratis/da127d51-654a-49fb-8e3d-3702c0c83597
2023-03-29 21:18:22,699 [pool-766-thread-1] INFO  server.RaftServerConfigKeys (ConfUtils.java:logGet(46)) - raft.server.log.queue.byte-limit = 4294967296 (custom)
2023-03-29 21:18:22,699 [pool-766-thread-1] INFO  server.RaftServerConfigKeys (ConfUtils.java:logGet(46)) - raft.server.log.queue.element-limit = 1024 (custom)
2023-03-29 21:18:22,699 [pool-766-thread-1] INFO  server.RaftServerConfigKeys (ConfUtils.java:logGet(46)) - raft.server.log.segment.size.max = 1048576 (custom)
2023-03-29 21:18:22,699 [pool-766-thread-1] INFO  server.RaftServerConfigKeys (ConfUtils.java:logGet(46)) - raft.server.log.preallocated.size = 16384 (custom)
2023-03-29 21:18:22,699 [pool-766-thread-1] INFO  server.RaftServerConfigKeys (ConfUtils.java:logGet(46)) - raft.server.log.force.sync.num = 128 (default)
2023-03-29 21:18:22,699 [pool-766-thread-1] INFO  server.RaftServerConfigKeys (ConfUtils.java:logGet(46)) - raft.server.log.statemachine.data.sync = true (default)
2023-03-29 21:18:22,699 [pool-766-thread-1] INFO  server.RaftServerConfigKeys (ConfUtils.java:logGet(46)) - raft.server.log.statemachine.data.sync.timeout = 10s (default)
2023-03-29 21:18:22,699 [pool-766-thread-1] INFO  server.RaftServerConfigKeys (ConfUtils.java:logGet(46)) - raft.server.log.statemachine.data.sync.timeout.retry = -1 (default)
2023-03-29 21:18:22,700 [pool-766-thread-1] INFO  server.RaftServerConfigKeys (ConfUtils.java:logGet(46)) - raft.server.log.write.buffer.size = 1048576 (custom)
2023-03-29 21:18:22,700 [pool-766-thread-1] INFO  server.RaftServerConfigKeys (ConfUtils.java:logGet(46)) - raft.server.log.appender.buffer.byte-limit = 33554432 (custom)
2023-03-29 21:18:22,705 [pool-766-thread-1] INFO  server.RaftServerConfigKeys (ConfUtils.java:logGet(46)) - raft.server.log.unsafe-flush.enabled = false (default)
2023-03-29 21:18:22,705 [pool-766-thread-1] INFO  server.RaftServerConfigKeys (ConfUtils.java:logGet(46)) - raft.server.log.async-flush.enabled = false (default)
2023-03-29 21:18:22,705 [pool-766-thread-1] INFO  server.RaftServerConfigKeys (ConfUtils.java:logGet(46)) - raft.server.log.statemachine.data.caching.enabled = true (custom)
2023-03-29 21:18:22,705 [pool-766-thread-1] INFO  segmented.SegmentedRaftLogWorker (SegmentedRaftLogWorker.java:lambda$new$0(135)) - 300eaa66-db2c-41ba-add6-fa9c16cbce0b@group-3702C0C83597-SegmentedRaftLogWorker: flushIndex: setUnconditionally 0 -> -1
2023-03-29 21:18:22,705 [pool-766-thread-1] INFO  segmented.SegmentedRaftLogWorker (SegmentedRaftLogWorker.java:lambda$new$0(135)) - 300eaa66-db2c-41ba-add6-fa9c16cbce0b@group-3702C0C83597-SegmentedRaftLogWorker: safeCacheEvictIndex: setUnconditionally 0 -> -1
2023-03-29 21:18:22,709 [pool-766-thread-1] INFO  server.RaftServer$Division (RaftServerImpl.java:start(334)) - 300eaa66-db2c-41ba-add6-fa9c16cbce0b@group-3702C0C83597: start as a follower, conf=-1: peers:[69f3014f-ff88-49f1-a4e0-1e079fbb53ad|rpc:10.1.0.17:40355|dataStream:10.1.0.17:41067|priority:1|startupRole:FOLLOWER, 300eaa66-db2c-41ba-add6-fa9c16cbce0b|rpc:10.1.0.17:35989|dataStream:10.1.0.17:40123|priority:0|startupRole:FOLLOWER, 97ece121-4ac7-48f5-a423-498260ac9270|rpc:10.1.0.17:34367|dataStream:10.1.0.17:37963|priority:0|startupRole:FOLLOWER]|listeners:[], old=null
2023-03-29 21:18:22,709 [pool-766-thread-1] INFO  server.RaftServer$Division (RaftServerImpl.java:setRole(321)) - 300eaa66-db2c-41ba-add6-fa9c16cbce0b@group-3702C0C83597: changes role from      null to FOLLOWER at term 0 for startAsFollower
2023-03-29 21:18:22,709 [pool-766-thread-1] INFO  impl.RoleInfo (RoleInfo.java:updateAndGet(139)) - 300eaa66-db2c-41ba-add6-fa9c16cbce0b: start 300eaa66-db2c-41ba-add6-fa9c16cbce0b@group-3702C0C83597-FollowerState
2023-03-29 21:18:22,713 [pool-766-thread-1] INFO  util.JmxRegister (JmxRegister.java:tryRegister(44)) - Successfully registered JMX Bean with object name Ratis:service=RaftServer,group=group-3702C0C83597,id=300eaa66-db2c-41ba-add6-fa9c16cbce0b
2023-03-29 21:18:22,713 [pool-766-thread-1] INFO  server.RaftServerConfigKeys (ConfUtils.java:logGet(46)) - raft.server.snapshot.auto.trigger.enabled = true (custom)
2023-03-29 21:18:22,713 [pool-766-thread-1] INFO  server.RaftServerConfigKeys (ConfUtils.java:logGet(46)) - raft.server.snapshot.auto.trigger.threshold = 10000 (custom)
2023-03-29 21:18:22,713 [pool-766-thread-1] INFO  server.RaftServerConfigKeys (ConfUtils.java:logGet(46)) - raft.server.snapshot.retention.file.num = 5 (custom)
2023-03-29 21:18:22,714 [pool-766-thread-1] INFO  server.RaftServerConfigKeys (ConfUtils.java:logGet(46)) - raft.server.log.purge.upto.snapshot.index = false (default)
2023-03-29 21:18:22,714 [300eaa66-db2c-41ba-add6-fa9c16cbce0b@group-3702C0C83597-FollowerState] INFO  server.RaftServerConfigKeys (ConfUtils.java:logFallback(53)) - raft.server.rpc.first-election.timeout.min = 5s (fallback to raft.server.rpc.timeout.min)
2023-03-29 21:18:22,714 [300eaa66-db2c-41ba-add6-fa9c16cbce0b@group-3702C0C83597-FollowerState] INFO  server.RaftServerConfigKeys (ConfUtils.java:logFallback(53)) - raft.server.rpc.first-election.timeout.max = 5200ms (fallback to raft.server.rpc.timeout.max)
2023-03-29 21:18:22,721 [Command processor thread] INFO  commandhandler.CreatePipelineCommandHandler (CreatePipelineCommandHandler.java:handle(113)) - Created Pipeline RATIS THREE PipelineID=da127d51-654a-49fb-8e3d-3702c0c83597.
2023-03-29 21:18:22,875 [Command processor thread] INFO  server.RaftServer (RaftServerProxy.java:addNew(96)) - 300eaa66-db2c-41ba-add6-fa9c16cbce0b: addNew group-ECD9998B6098:[300eaa66-db2c-41ba-add6-fa9c16cbce0b|rpc:10.1.0.17:35989|dataStream:10.1.0.17:40123|priority:1|startupRole:FOLLOWER] returns group-ECD9998B6098:java.util.concurrent.CompletableFuture@26c8e7b7[Not completed]
2023-03-29 21:18:22,876 [pool-766-thread-1] INFO  server.RaftServer$Division (RaftServerImpl.java:<init>(195)) - 300eaa66-db2c-41ba-add6-fa9c16cbce0b: new RaftServerImpl for group-ECD9998B6098:[300eaa66-db2c-41ba-add6-fa9c16cbce0b|rpc:10.1.0.17:35989|dataStream:10.1.0.17:40123|priority:1|startupRole:FOLLOWER] with ContainerStateMachine:uninitialized
2023-03-29 21:18:22,876 [pool-766-thread-1] INFO  server.RaftServerConfigKeys (ConfUtils.java:logGet(46)) - raft.server.rpc.timeout.min = 5s (custom)
2023-03-29 21:18:22,877 [pool-766-thread-1] INFO  server.RaftServerConfigKeys (ConfUtils.java:logGet(46)) - raft.server.rpc.timeout.max = 5200ms (custom)
2023-03-29 21:18:22,877 [pool-766-thread-1] INFO  server.RaftServerConfigKeys (ConfUtils.java:logGet(46)) - raft.server.rpc.sleep.time = 25ms (default)
2023-03-29 21:18:22,877 [pool-766-thread-1] INFO  server.RaftServerConfigKeys (ConfUtils.java:logGet(46)) - raft.server.rpc.slowness.timeout = 300s (custom)
2023-03-29 21:18:22,877 [pool-766-thread-1] INFO  server.RaftServerConfigKeys (ConfUtils.java:logGet(46)) - raft.server.leaderelection.leader.step-down.wait-time = 10s (default)
2023-03-29 21:18:22,877 [pool-766-thread-1] INFO  server.RaftServerConfigKeys (ConfUtils.java:logGet(46)) - raft.server.sleep.deviation.threshold = 300ms (default)
2023-03-29 21:18:22,877 [pool-766-thread-1] INFO  server.RaftServer$Division (ServerState.java:<init>(118)) - 300eaa66-db2c-41ba-add6-fa9c16cbce0b@group-ECD9998B6098: ConfigurationManager, init=-1: peers:[300eaa66-db2c-41ba-add6-fa9c16cbce0b|rpc:10.1.0.17:35989|dataStream:10.1.0.17:40123|priority:1|startupRole:FOLLOWER]|listeners:[], old=null, confs=<EMPTY_MAP>
2023-03-29 21:18:22,877 [pool-766-thread-1] INFO  server.RaftServerConfigKeys (ConfUtils.java:logGet(46)) - raft.server.storage.dir = [/home/runner/work/ozone/ozone/hadoop-ozone/integration-test/target/test-dir/MiniOzoneClusterImpl-94458d0b-d5a8-4c00-b4e5-5292a8a953be/datanode-1/data/ratis] (custom)
2023-03-29 21:18:22,877 [pool-766-thread-1] INFO  server.RaftServerConfigKeys (ConfUtils.java:logGet(46)) - raft.server.log.corruption.policy = EXCEPTION (default)
2023-03-29 21:18:22,877 [pool-766-thread-1] INFO  server.RaftServerConfigKeys (ConfUtils.java:logGet(46)) - raft.server.storage.free-space.min = 0MB (=0) (default)
2023-03-29 21:18:22,877 [pool-766-thread-1] INFO  server.RaftServerConfigKeys (ConfUtils.java:logGet(46)) - raft.server.notification.no-leader.timeout = 300s (custom)
2023-03-29 21:18:22,877 [pool-766-thread-1] INFO  server.RaftServerConfigKeys (ConfUtils.java:logGet(46)) - raft.server.retrycache.expirytime = 600000ms (custom)
2023-03-29 21:18:22,877 [pool-766-thread-1] INFO  server.RaftServerConfigKeys (ConfUtils.java:logGet(46)) - raft.server.retrycache.statistics.expirytime = 100μs (default)
2023-03-29 21:18:22,878 [pool-766-thread-1] INFO  server.RaftServerConfigKeys (ConfUtils.java:logGet(46)) - raft.server.log.appender.install.snapshot.enabled = false (custom)
2023-03-29 21:18:22,878 [pool-766-thread-1] INFO  server.RaftServerConfigKeys (ConfUtils.java:logGet(46)) - raft.server.threadpool.server.cached = true (default)
2023-03-29 21:18:22,878 [pool-766-thread-1] INFO  server.RaftServerConfigKeys (ConfUtils.java:logGet(46)) - raft.server.threadpool.server.size = 0 (default)
2023-03-29 21:18:22,878 [pool-766-thread-1] INFO  server.RaftServerConfigKeys (ConfUtils.java:logGet(46)) - raft.server.threadpool.client.cached = true (default)
2023-03-29 21:18:22,878 [pool-766-thread-1] INFO  server.RaftServerConfigKeys (ConfUtils.java:logGet(46)) - raft.server.threadpool.client.size = 0 (default)
2023-03-29 21:18:22,878 [pool-766-thread-1] INFO  storage.RaftStorageDirectory (RaftStorageDirectoryImpl.java:analyzeStorage(137)) - The storage directory /home/runner/work/ozone/ozone/hadoop-ozone/integration-test/target/test-dir/MiniOzoneClusterImpl-94458d0b-d5a8-4c00-b4e5-5292a8a953be/datanode-1/data/ratis/05acd17a-aef8-4dcb-8c61-ecd9998b6098 does not exist. Creating ...
2023-03-29 21:18:22,879 [pool-766-thread-1] INFO  storage.RaftStorageDirectory (RaftStorageDirectoryImpl.java:tryLock(231)) - Lock on /home/runner/work/ozone/ozone/hadoop-ozone/integration-test/target/test-dir/MiniOzoneClusterImpl-94458d0b-d5a8-4c00-b4e5-5292a8a953be/datanode-1/data/ratis/05acd17a-aef8-4dcb-8c61-ecd9998b6098/in_use.lock acquired by nodename 46426@fv-az308-773
2023-03-29 21:18:22,880 [pool-766-thread-1] INFO  storage.RaftStorage (RaftStorageImpl.java:format(96)) - Storage directory /home/runner/work/ozone/ozone/hadoop-ozone/integration-test/target/test-dir/MiniOzoneClusterImpl-94458d0b-d5a8-4c00-b4e5-5292a8a953be/datanode-1/data/ratis/05acd17a-aef8-4dcb-8c61-ecd9998b6098 has been successfully formatted.
2023-03-29 21:18:22,881 [pool-766-thread-1] INFO  ratis.ContainerStateMachine (ContainerStateMachine.java:loadSnapshot(262)) - group-ECD9998B6098: The snapshot info is null. Setting the last applied indexto:(t:0, i:~)
2023-03-29 21:18:22,881 [pool-766-thread-1] INFO  server.RaftServerConfigKeys (ConfUtils.java:logGet(46)) - raft.server.log.use.memory = false (default)
2023-03-29 21:18:22,881 [pool-766-thread-1] INFO  server.RaftServerConfigKeys (ConfUtils.java:logGet(46)) - raft.server.log.purge.gap = 1000000 (custom)
2023-03-29 21:18:22,881 [pool-766-thread-1] INFO  server.RaftServerConfigKeys (ConfUtils.java:logGet(46)) - raft.server.log.appender.buffer.byte-limit = 33554432 (custom)
2023-03-29 21:18:22,881 [pool-766-thread-1] INFO  server.RaftServerConfigKeys (ConfUtils.java:logGet(46)) - raft.server.log.statemachine.data.read.timeout = 1000ms (default)
2023-03-29 21:18:22,881 [pool-766-thread-1] INFO  server.RaftServerConfigKeys (ConfUtils.java:logGet(46)) - raft.server.log.purge.preservation.log.num = 0 (default)
2023-03-29 21:18:22,881 [pool-766-thread-1] INFO  server.RaftServerConfigKeys (ConfUtils.java:logGet(46)) - raft.server.log.segment.size.max = 1048576 (custom)
2023-03-29 21:18:22,882 [pool-766-thread-1] INFO  server.RaftServerConfigKeys (ConfUtils.java:logGet(46)) - raft.server.log.segment.cache.num.max = 2 (custom)
2023-03-29 21:18:22,882 [pool-766-thread-1] INFO  server.RaftServerConfigKeys (ConfUtils.java:logGet(46)) - raft.server.log.segment.cache.size.max = 200MB (=209715200) (default)
2023-03-29 21:18:22,882 [pool-766-thread-1] INFO  segmented.SegmentedRaftLogWorker (SegmentedRaftLogWorker.java:<init>(189)) - new 300eaa66-db2c-41ba-add6-fa9c16cbce0b@group-ECD9998B6098-SegmentedRaftLogWorker for RaftStorageImpl:Storage Directory /home/runner/work/ozone/ozone/hadoop-ozone/integration-test/target/test-dir/MiniOzoneClusterImpl-94458d0b-d5a8-4c00-b4e5-5292a8a953be/datanode-1/data/ratis/05acd17a-aef8-4dcb-8c61-ecd9998b6098
2023-03-29 21:18:22,882 [pool-766-thread-1] INFO  server.RaftServerConfigKeys (ConfUtils.java:logGet(46)) - raft.server.log.queue.byte-limit = 4294967296 (custom)
2023-03-29 21:18:22,882 [EventQueue-PipelineReportForPipelineReportHandler] INFO  pipeline.PipelineManagerImpl (PipelineManagerImpl.java:openPipeline(367)) - Pipeline Pipeline[ Id: 05acd17a-aef8-4dcb-8c61-ecd9998b6098, Nodes: 300eaa66-db2c-41ba-add6-fa9c16cbce0b(fv-az308-773/10.1.0.17), ReplicationConfig: RATIS/ONE, State:ALLOCATED, leaderId:300eaa66-db2c-41ba-add6-fa9c16cbce0b, CreationTimestamp2023-03-29T21:18:19.879Z[Etc/UTC]] moved to OPEN state
2023-03-29 21:18:22,883 [pool-766-thread-1] INFO  server.RaftServerConfigKeys (ConfUtils.java:logGet(46)) - raft.server.log.queue.element-limit = 1024 (custom)
2023-03-29 21:18:22,883 [EventQueue-OpenPipelineForHealthyPipelineSafeModeRule] INFO  safemode.SCMSafeModeManager (HealthyPipelineSafeModeRule.java:process(137)) - SCM in safe mode. Healthy pipelines reported count is 0, required healthy pipeline reported count is 1
2023-03-29 21:18:22,883 [pool-766-thread-1] INFO  server.RaftServerConfigKeys (ConfUtils.java:logGet(46)) - raft.server.log.segment.size.max = 1048576 (custom)
2023-03-29 21:18:22,883 [pool-766-thread-1] INFO  server.RaftServerConfigKeys (ConfUtils.java:logGet(46)) - raft.server.log.preallocated.size = 16384 (custom)
2023-03-29 21:18:22,883 [pool-766-thread-1] INFO  server.RaftServerConfigKeys (ConfUtils.java:logGet(46)) - raft.server.log.force.sync.num = 128 (default)
2023-03-29 21:18:22,883 [pool-766-thread-1] INFO  server.RaftServerConfigKeys (ConfUtils.java:logGet(46)) - raft.server.log.statemachine.data.sync = true (default)
2023-03-29 21:18:22,883 [pool-766-thread-1] INFO  server.RaftServerConfigKeys (ConfUtils.java:logGet(46)) - raft.server.log.statemachine.data.sync.timeout = 10s (default)
2023-03-29 21:18:22,883 [pool-766-thread-1] INFO  server.RaftServerConfigKeys (ConfUtils.java:logGet(46)) - raft.server.log.statemachine.data.sync.timeout.retry = -1 (default)
2023-03-29 21:18:22,883 [pool-766-thread-1] INFO  server.RaftServerConfigKeys (ConfUtils.java:logGet(46)) - raft.server.log.write.buffer.size = 1048576 (custom)
2023-03-29 21:18:22,884 [pool-766-thread-1] INFO  server.RaftServerConfigKeys (ConfUtils.java:logGet(46)) - raft.server.log.appender.buffer.byte-limit = 33554432 (custom)
2023-03-29 21:18:22,889 [pool-766-thread-1] INFO  server.RaftServerConfigKeys (ConfUtils.java:logGet(46)) - raft.server.log.unsafe-flush.enabled = false (default)
2023-03-29 21:18:22,889 [pool-766-thread-1] INFO  server.RaftServerConfigKeys (ConfUtils.java:logGet(46)) - raft.server.log.async-flush.enabled = false (default)
2023-03-29 21:18:22,889 [pool-766-thread-1] INFO  server.RaftServerConfigKeys (ConfUtils.java:logGet(46)) - raft.server.log.statemachine.data.caching.enabled = true (custom)
2023-03-29 21:18:22,889 [pool-766-thread-1] INFO  segmented.SegmentedRaftLogWorker (SegmentedRaftLogWorker.java:lambda$new$0(135)) - 300eaa66-db2c-41ba-add6-fa9c16cbce0b@group-ECD9998B6098-SegmentedRaftLogWorker: flushIndex: setUnconditionally 0 -> -1
2023-03-29 21:18:22,889 [pool-766-thread-1] INFO  segmented.SegmentedRaftLogWorker (SegmentedRaftLogWorker.java:lambda$new$0(135)) - 300eaa66-db2c-41ba-add6-fa9c16cbce0b@group-ECD9998B6098-SegmentedRaftLogWorker: safeCacheEvictIndex: setUnconditionally 0 -> -1
2023-03-29 21:18:22,889 [pool-766-thread-1] INFO  server.RaftServer$Division (RaftServerImpl.java:start(334)) - 300eaa66-db2c-41ba-add6-fa9c16cbce0b@group-ECD9998B6098: start as a follower, conf=-1: peers:[300eaa66-db2c-41ba-add6-fa9c16cbce0b|rpc:10.1.0.17:35989|dataStream:10.1.0.17:40123|priority:1|startupRole:FOLLOWER]|listeners:[], old=null
2023-03-29 21:18:22,890 [pool-766-thread-1] INFO  server.RaftServer$Division (RaftServerImpl.java:setRole(321)) - 300eaa66-db2c-41ba-add6-fa9c16cbce0b@group-ECD9998B6098: changes role from      null to FOLLOWER at term 0 for startAsFollower
2023-03-29 21:18:22,890 [pool-766-thread-1] INFO  impl.RoleInfo (RoleInfo.java:updateAndGet(139)) - 300eaa66-db2c-41ba-add6-fa9c16cbce0b: start 300eaa66-db2c-41ba-add6-fa9c16cbce0b@group-ECD9998B6098-FollowerState
2023-03-29 21:18:22,890 [pool-766-thread-1] INFO  util.JmxRegister (JmxRegister.java:tryRegister(44)) - Successfully registered JMX Bean with object name Ratis:service=RaftServer,group=group-ECD9998B6098,id=300eaa66-db2c-41ba-add6-fa9c16cbce0b
2023-03-29 21:18:22,890 [pool-766-thread-1] INFO  server.RaftServerConfigKeys (ConfUtils.java:logGet(46)) - raft.server.snapshot.auto.trigger.enabled = true (custom)
2023-03-29 21:18:22,890 [pool-766-thread-1] INFO  server.RaftServerConfigKeys (ConfUtils.java:logGet(46)) - raft.server.snapshot.auto.trigger.threshold = 10000 (custom)
2023-03-29 21:18:22,890 [pool-766-thread-1] INFO  server.RaftServerConfigKeys (ConfUtils.java:logGet(46)) - raft.server.snapshot.retention.file.num = 5 (custom)
2023-03-29 21:18:22,890 [pool-766-thread-1] INFO  server.RaftServerConfigKeys (ConfUtils.java:logGet(46)) - raft.server.log.purge.upto.snapshot.index = false (default)
2023-03-29 21:18:22,890 [300eaa66-db2c-41ba-add6-fa9c16cbce0b@group-ECD9998B6098-FollowerState] INFO  server.RaftServerConfigKeys (ConfUtils.java:logFallback(53)) - raft.server.rpc.first-election.timeout.min = 5s (fallback to raft.server.rpc.timeout.min)
2023-03-29 21:18:22,891 [300eaa66-db2c-41ba-add6-fa9c16cbce0b@group-ECD9998B6098-FollowerState] INFO  server.RaftServerConfigKeys (ConfUtils.java:logFallback(53)) - raft.server.rpc.first-election.timeout.max = 5200ms (fallback to raft.server.rpc.timeout.max)
2023-03-29 21:18:22,893 [Command processor thread] INFO  ratis.XceiverServerRatis (XceiverServerRatis.java:addGroup(806)) - Created group PipelineID=05acd17a-aef8-4dcb-8c61-ecd9998b6098
2023-03-29 21:18:22,893 [Command processor thread] INFO  commandhandler.CreatePipelineCommandHandler (CreatePipelineCommandHandler.java:handle(113)) - Created Pipeline RATIS ONE PipelineID=05acd17a-aef8-4dcb-8c61-ecd9998b6098.
2023-03-29 21:18:23,203 [Listener at 127.0.0.1/32841] INFO  ozone.MiniOzoneClusterImpl (MiniOzoneClusterImpl.java:lambda$waitForClusterToBeReady$0(222)) - Nodes are ready. Got 3 of 3 DN Heartbeats.
2023-03-29 21:18:23,203 [Listener at 127.0.0.1/32841] INFO  ozone.MiniOzoneClusterImpl (MiniOzoneClusterImpl.java:lambda$waitForClusterToBeReady$0(225)) - Waiting for cluster to exit safe mode
2023-03-29 21:18:23,203 [Listener at 127.0.0.1/32841] INFO  ozone.MiniOzoneClusterImpl (MiniOzoneClusterImpl.java:lambda$waitForClusterToBeReady$0(227)) - SCM became leader
2023-03-29 21:18:23,210 [Command processor thread] INFO  server.RaftServer (RaftServerProxy.java:addNew(96)) - 69f3014f-ff88-49f1-a4e0-1e079fbb53ad: addNew group-1D543A21D10E:[69f3014f-ff88-49f1-a4e0-1e079fbb53ad|rpc:10.1.0.17:40355|dataStream:10.1.0.17:41067|priority:1|startupRole:FOLLOWER] returns group-1D543A21D10E:java.util.concurrent.CompletableFuture@25f7f28c[Not completed]
2023-03-29 21:18:23,211 [pool-788-thread-1] INFO  server.RaftServer$Division (RaftServerImpl.java:<init>(195)) - 69f3014f-ff88-49f1-a4e0-1e079fbb53ad: new RaftServerImpl for group-1D543A21D10E:[69f3014f-ff88-49f1-a4e0-1e079fbb53ad|rpc:10.1.0.17:40355|dataStream:10.1.0.17:41067|priority:1|startupRole:FOLLOWER] with ContainerStateMachine:uninitialized
2023-03-29 21:18:23,211 [pool-788-thread-1] INFO  server.RaftServerConfigKeys (ConfUtils.java:logGet(46)) - raft.server.rpc.timeout.min = 5s (custom)
2023-03-29 21:18:23,211 [pool-788-thread-1] INFO  server.RaftServerConfigKeys (ConfUtils.java:logGet(46)) - raft.server.rpc.timeout.max = 5200ms (custom)
2023-03-29 21:18:23,211 [pool-788-thread-1] INFO  server.RaftServerConfigKeys (ConfUtils.java:logGet(46)) - raft.server.rpc.sleep.time = 25ms (default)
2023-03-29 21:18:23,211 [pool-788-thread-1] INFO  server.RaftServerConfigKeys (ConfUtils.java:logGet(46)) - raft.server.rpc.slowness.timeout = 300s (custom)
2023-03-29 21:18:23,211 [pool-788-thread-1] INFO  server.RaftServerConfigKeys (ConfUtils.java:logGet(46)) - raft.server.leaderelection.leader.step-down.wait-time = 10s (default)
2023-03-29 21:18:23,211 [pool-788-thread-1] INFO  server.RaftServerConfigKeys (ConfUtils.java:logGet(46)) - raft.server.sleep.deviation.threshold = 300ms (default)
2023-03-29 21:18:23,211 [pool-788-thread-1] INFO  server.RaftServer$Division (ServerState.java:<init>(118)) - 69f3014f-ff88-49f1-a4e0-1e079fbb53ad@group-1D543A21D10E: ConfigurationManager, init=-1: peers:[69f3014f-ff88-49f1-a4e0-1e079fbb53ad|rpc:10.1.0.17:40355|dataStream:10.1.0.17:41067|priority:1|startupRole:FOLLOWER]|listeners:[], old=null, confs=<EMPTY_MAP>
2023-03-29 21:18:23,211 [pool-788-thread-1] INFO  server.RaftServerConfigKeys (ConfUtils.java:logGet(46)) - raft.server.storage.dir = [/home/runner/work/ozone/ozone/hadoop-ozone/integration-test/target/test-dir/MiniOzoneClusterImpl-94458d0b-d5a8-4c00-b4e5-5292a8a953be/datanode-2/data/ratis] (custom)
2023-03-29 21:18:23,211 [pool-788-thread-1] INFO  server.RaftServerConfigKeys (ConfUtils.java:logGet(46)) - raft.server.log.corruption.policy = EXCEPTION (default)
2023-03-29 21:18:23,211 [pool-788-thread-1] INFO  server.RaftServerConfigKeys (ConfUtils.java:logGet(46)) - raft.server.storage.free-space.min = 0MB (=0) (default)
2023-03-29 21:18:23,212 [pool-788-thread-1] INFO  server.RaftServerConfigKeys (ConfUtils.java:logGet(46)) - raft.server.notification.no-leader.timeout = 300s (custom)
2023-03-29 21:18:23,212 [pool-788-thread-1] INFO  server.RaftServerConfigKeys (ConfUtils.java:logGet(46)) - raft.server.retrycache.expirytime = 600000ms (custom)
2023-03-29 21:18:23,212 [pool-788-thread-1] INFO  server.RaftServerConfigKeys (ConfUtils.java:logGet(46)) - raft.server.retrycache.statistics.expirytime = 100μs (default)
2023-03-29 21:18:23,212 [pool-788-thread-1] INFO  server.RaftServerConfigKeys (ConfUtils.java:logGet(46)) - raft.server.log.appender.install.snapshot.enabled = false (custom)
2023-03-29 21:18:23,212 [pool-788-thread-1] INFO  server.RaftServerConfigKeys (ConfUtils.java:logGet(46)) - raft.server.threadpool.server.cached = true (default)
2023-03-29 21:18:23,212 [pool-788-thread-1] INFO  server.RaftServerConfigKeys (ConfUtils.java:logGet(46)) - raft.server.threadpool.server.size = 0 (default)
2023-03-29 21:18:23,212 [pool-788-thread-1] INFO  server.RaftServerConfigKeys (ConfUtils.java:logGet(46)) - raft.server.threadpool.client.cached = true (default)
2023-03-29 21:18:23,212 [pool-788-thread-1] INFO  server.RaftServerConfigKeys (ConfUtils.java:logGet(46)) - raft.server.threadpool.client.size = 0 (default)
2023-03-29 21:18:23,213 [pool-788-thread-1] INFO  storage.RaftStorageDirectory (RaftStorageDirectoryImpl.java:analyzeStorage(137)) - The storage directory /home/runner/work/ozone/ozone/hadoop-ozone/integration-test/target/test-dir/MiniOzoneClusterImpl-94458d0b-d5a8-4c00-b4e5-5292a8a953be/datanode-2/data/ratis/01dea8be-a9de-452b-a81a-1d543a21d10e does not exist. Creating ...
2023-03-29 21:18:23,214 [pool-788-thread-1] INFO  storage.RaftStorageDirectory (RaftStorageDirectoryImpl.java:tryLock(231)) - Lock on /home/runner/work/ozone/ozone/hadoop-ozone/integration-test/target/test-dir/MiniOzoneClusterImpl-94458d0b-d5a8-4c00-b4e5-5292a8a953be/datanode-2/data/ratis/01dea8be-a9de-452b-a81a-1d543a21d10e/in_use.lock acquired by nodename 46426@fv-az308-773
2023-03-29 21:18:23,215 [pool-788-thread-1] INFO  storage.RaftStorage (RaftStorageImpl.java:format(96)) - Storage directory /home/runner/work/ozone/ozone/hadoop-ozone/integration-test/target/test-dir/MiniOzoneClusterImpl-94458d0b-d5a8-4c00-b4e5-5292a8a953be/datanode-2/data/ratis/01dea8be-a9de-452b-a81a-1d543a21d10e has been successfully formatted.
2023-03-29 21:18:23,216 [pool-788-thread-1] INFO  ratis.ContainerStateMachine (ContainerStateMachine.java:loadSnapshot(262)) - group-1D543A21D10E: The snapshot info is null. Setting the last applied indexto:(t:0, i:~)
2023-03-29 21:18:23,216 [pool-788-thread-1] INFO  server.RaftServerConfigKeys (ConfUtils.java:logGet(46)) - raft.server.log.use.memory = false (default)
2023-03-29 21:18:23,216 [pool-788-thread-1] INFO  server.RaftServerConfigKeys (ConfUtils.java:logGet(46)) - raft.server.log.purge.gap = 1000000 (custom)
2023-03-29 21:18:23,216 [pool-788-thread-1] INFO  server.RaftServerConfigKeys (ConfUtils.java:logGet(46)) - raft.server.log.appender.buffer.byte-limit = 33554432 (custom)
2023-03-29 21:18:23,216 [pool-788-thread-1] INFO  server.RaftServerConfigKeys (ConfUtils.java:logGet(46)) - raft.server.log.statemachine.data.read.timeout = 1000ms (default)
2023-03-29 21:18:23,216 [pool-788-thread-1] INFO  server.RaftServerConfigKeys (ConfUtils.java:logGet(46)) - raft.server.log.purge.preservation.log.num = 0 (default)
2023-03-29 21:18:23,216 [pool-788-thread-1] INFO  server.RaftServerConfigKeys (ConfUtils.java:logGet(46)) - raft.server.log.segment.size.max = 1048576 (custom)
2023-03-29 21:18:23,217 [EventQueue-PipelineReportForPipelineReportHandler] INFO  pipeline.PipelineManagerImpl (PipelineManagerImpl.java:openPipeline(367)) - Pipeline Pipeline[ Id: 01dea8be-a9de-452b-a81a-1d543a21d10e, Nodes: 69f3014f-ff88-49f1-a4e0-1e079fbb53ad(fv-az308-773/10.1.0.17), ReplicationConfig: RATIS/ONE, State:ALLOCATED, leaderId:69f3014f-ff88-49f1-a4e0-1e079fbb53ad, CreationTimestamp2023-03-29T21:18:20.212Z[Etc/UTC]] moved to OPEN state
2023-03-29 21:18:23,218 [EventQueue-OpenPipelineForHealthyPipelineSafeModeRule] INFO  safemode.SCMSafeModeManager (HealthyPipelineSafeModeRule.java:process(137)) - SCM in safe mode. Healthy pipelines reported count is 0, required healthy pipeline reported count is 1
2023-03-29 21:18:23,218 [pool-788-thread-1] INFO  server.RaftServerConfigKeys (ConfUtils.java:logGet(46)) - raft.server.log.segment.cache.num.max = 2 (custom)
2023-03-29 21:18:23,219 [pool-788-thread-1] INFO  server.RaftServerConfigKeys (ConfUtils.java:logGet(46)) - raft.server.log.segment.cache.size.max = 200MB (=209715200) (default)
2023-03-29 21:18:23,219 [pool-788-thread-1] INFO  segmented.SegmentedRaftLogWorker (SegmentedRaftLogWorker.java:<init>(189)) - new 69f3014f-ff88-49f1-a4e0-1e079fbb53ad@group-1D543A21D10E-SegmentedRaftLogWorker for RaftStorageImpl:Storage Directory /home/runner/work/ozone/ozone/hadoop-ozone/integration-test/target/test-dir/MiniOzoneClusterImpl-94458d0b-d5a8-4c00-b4e5-5292a8a953be/datanode-2/data/ratis/01dea8be-a9de-452b-a81a-1d543a21d10e
2023-03-29 21:18:23,219 [pool-788-thread-1] INFO  server.RaftServerConfigKeys (ConfUtils.java:logGet(46)) - raft.server.log.queue.byte-limit = 4294967296 (custom)
2023-03-29 21:18:23,219 [pool-788-thread-1] INFO  server.RaftServerConfigKeys (ConfUtils.java:logGet(46)) - raft.server.log.queue.element-limit = 1024 (custom)
2023-03-29 21:18:23,219 [pool-788-thread-1] INFO  server.RaftServerConfigKeys (ConfUtils.java:logGet(46)) - raft.server.log.segment.size.max = 1048576 (custom)
2023-03-29 21:18:23,219 [pool-788-thread-1] INFO  server.RaftServerConfigKeys (ConfUtils.java:logGet(46)) - raft.server.log.preallocated.size = 16384 (custom)
2023-03-29 21:18:23,219 [pool-788-thread-1] INFO  server.RaftServerConfigKeys (ConfUtils.java:logGet(46)) - raft.server.log.force.sync.num = 128 (default)
2023-03-29 21:18:23,219 [pool-788-thread-1] INFO  server.RaftServerConfigKeys (ConfUtils.java:logGet(46)) - raft.server.log.statemachine.data.sync = true (default)
2023-03-29 21:18:23,219 [pool-788-thread-1] INFO  server.RaftServerConfigKeys (ConfUtils.java:logGet(46)) - raft.server.log.statemachine.data.sync.timeout = 10s (default)
2023-03-29 21:18:23,219 [pool-788-thread-1] INFO  server.RaftServerConfigKeys (ConfUtils.java:logGet(46)) - raft.server.log.statemachine.data.sync.timeout.retry = -1 (default)
2023-03-29 21:18:23,219 [pool-788-thread-1] INFO  server.RaftServerConfigKeys (ConfUtils.java:logGet(46)) - raft.server.log.write.buffer.size = 1048576 (custom)
2023-03-29 21:18:23,221 [pool-788-thread-1] INFO  server.RaftServerConfigKeys (ConfUtils.java:logGet(46)) - raft.server.log.appender.buffer.byte-limit = 33554432 (custom)
2023-03-29 21:18:23,226 [pool-788-thread-1] INFO  server.RaftServerConfigKeys (ConfUtils.java:logGet(46)) - raft.server.log.unsafe-flush.enabled = false (default)
2023-03-29 21:18:23,227 [pool-788-thread-1] INFO  server.RaftServerConfigKeys (ConfUtils.java:logGet(46)) - raft.server.log.async-flush.enabled = false (default)
2023-03-29 21:18:23,227 [pool-788-thread-1] INFO  server.RaftServerConfigKeys (ConfUtils.java:logGet(46)) - raft.server.log.statemachine.data.caching.enabled = true (custom)
2023-03-29 21:18:23,227 [pool-788-thread-1] INFO  segmented.SegmentedRaftLogWorker (SegmentedRaftLogWorker.java:lambda$new$0(135)) - 69f3014f-ff88-49f1-a4e0-1e079fbb53ad@group-1D543A21D10E-SegmentedRaftLogWorker: flushIndex: setUnconditionally 0 -> -1
2023-03-29 21:18:23,227 [pool-788-thread-1] INFO  segmented.SegmentedRaftLogWorker (SegmentedRaftLogWorker.java:lambda$new$0(135)) - 69f3014f-ff88-49f1-a4e0-1e079fbb53ad@group-1D543A21D10E-SegmentedRaftLogWorker: safeCacheEvictIndex: setUnconditionally 0 -> -1
2023-03-29 21:18:23,227 [pool-788-thread-1] INFO  server.RaftServer$Division (RaftServerImpl.java:start(334)) - 69f3014f-ff88-49f1-a4e0-1e079fbb53ad@group-1D543A21D10E: start as a follower, conf=-1: peers:[69f3014f-ff88-49f1-a4e0-1e079fbb53ad|rpc:10.1.0.17:40355|dataStream:10.1.0.17:41067|priority:1|startupRole:FOLLOWER]|listeners:[], old=null
2023-03-29 21:18:23,227 [pool-788-thread-1] INFO  server.RaftServer$Division (RaftServerImpl.java:setRole(321)) - 69f3014f-ff88-49f1-a4e0-1e079fbb53ad@group-1D543A21D10E: changes role from      null to FOLLOWER at term 0 for startAsFollower
2023-03-29 21:18:23,227 [pool-788-thread-1] INFO  impl.RoleInfo (RoleInfo.java:updateAndGet(139)) - 69f3014f-ff88-49f1-a4e0-1e079fbb53ad: start 69f3014f-ff88-49f1-a4e0-1e079fbb53ad@group-1D543A21D10E-FollowerState
2023-03-29 21:18:23,231 [69f3014f-ff88-49f1-a4e0-1e079fbb53ad@group-1D543A21D10E-FollowerState] INFO  server.RaftServerConfigKeys (ConfUtils.java:logFallback(53)) - raft.server.rpc.first-election.timeout.min = 5s (fallback to raft.server.rpc.timeout.min)
2023-03-29 21:18:23,231 [pool-788-thread-1] INFO  util.JmxRegister (JmxRegister.java:tryRegister(44)) - Successfully registered JMX Bean with object name Ratis:service=RaftServer,group=group-1D543A21D10E,id=69f3014f-ff88-49f1-a4e0-1e079fbb53ad
2023-03-29 21:18:23,231 [69f3014f-ff88-49f1-a4e0-1e079fbb53ad@group-1D543A21D10E-FollowerState] INFO  server.RaftServerConfigKeys (ConfUtils.java:logFallback(53)) - raft.server.rpc.first-election.timeout.max = 5200ms (fallback to raft.server.rpc.timeout.max)
2023-03-29 21:18:23,231 [pool-788-thread-1] INFO  server.RaftServerConfigKeys (ConfUtils.java:logGet(46)) - raft.server.snapshot.auto.trigger.enabled = true (custom)
2023-03-29 21:18:23,231 [pool-788-thread-1] INFO  server.RaftServerConfigKeys (ConfUtils.java:logGet(46)) - raft.server.snapshot.auto.trigger.threshold = 10000 (custom)
2023-03-29 21:18:23,231 [pool-788-thread-1] INFO  server.RaftServerConfigKeys (ConfUtils.java:logGet(46)) - raft.server.snapshot.retention.file.num = 5 (custom)
2023-03-29 21:18:23,231 [pool-788-thread-1] INFO  server.RaftServerConfigKeys (ConfUtils.java:logGet(46)) - raft.server.log.purge.upto.snapshot.index = false (default)
2023-03-29 21:18:23,232 [Command processor thread] INFO  ratis.XceiverServerRatis (XceiverServerRatis.java:addGroup(806)) - Created group PipelineID=01dea8be-a9de-452b-a81a-1d543a21d10e
2023-03-29 21:18:23,232 [Command processor thread] INFO  commandhandler.CreatePipelineCommandHandler (CreatePipelineCommandHandler.java:handle(113)) - Created Pipeline RATIS ONE PipelineID=01dea8be-a9de-452b-a81a-1d543a21d10e.
2023-03-29 21:18:24,204 [Listener at 127.0.0.1/32841] INFO  ozone.MiniOzoneClusterImpl (MiniOzoneClusterImpl.java:lambda$waitForClusterToBeReady$0(222)) - Nodes are ready. Got 3 of 3 DN Heartbeats.
2023-03-29 21:18:24,204 [Listener at 127.0.0.1/32841] INFO  ozone.MiniOzoneClusterImpl (MiniOzoneClusterImpl.java:lambda$waitForClusterToBeReady$0(225)) - Waiting for cluster to exit safe mode
2023-03-29 21:18:24,204 [Listener at 127.0.0.1/32841] INFO  ozone.MiniOzoneClusterImpl (MiniOzoneClusterImpl.java:lambda$waitForClusterToBeReady$0(227)) - SCM became leader
2023-03-29 21:18:25,204 [Listener at 127.0.0.1/32841] INFO  ozone.MiniOzoneClusterImpl (MiniOzoneClusterImpl.java:lambda$waitForClusterToBeReady$0(222)) - Nodes are ready. Got 3 of 3 DN Heartbeats.
2023-03-29 21:18:25,204 [Listener at 127.0.0.1/32841] INFO  ozone.MiniOzoneClusterImpl (MiniOzoneClusterImpl.java:lambda$waitForClusterToBeReady$0(225)) - Waiting for cluster to exit safe mode
2023-03-29 21:18:25,204 [Listener at 127.0.0.1/32841] INFO  ozone.MiniOzoneClusterImpl (MiniOzoneClusterImpl.java:lambda$waitForClusterToBeReady$0(227)) - SCM became leader
2023-03-29 21:18:26,204 [Listener at 127.0.0.1/32841] INFO  ozone.MiniOzoneClusterImpl (MiniOzoneClusterImpl.java:lambda$waitForClusterToBeReady$0(222)) - Nodes are ready. Got 3 of 3 DN Heartbeats.
2023-03-29 21:18:26,205 [Listener at 127.0.0.1/32841] INFO  ozone.MiniOzoneClusterImpl (MiniOzoneClusterImpl.java:lambda$waitForClusterToBeReady$0(225)) - Waiting for cluster to exit safe mode
2023-03-29 21:18:26,205 [Listener at 127.0.0.1/32841] INFO  ozone.MiniOzoneClusterImpl (MiniOzoneClusterImpl.java:lambda$waitForClusterToBeReady$0(227)) - SCM became leader
2023-03-29 21:18:27,205 [Listener at 127.0.0.1/32841] INFO  ozone.MiniOzoneClusterImpl (MiniOzoneClusterImpl.java:lambda$waitForClusterToBeReady$0(222)) - Nodes are ready. Got 3 of 3 DN Heartbeats.
2023-03-29 21:18:27,206 [Listener at 127.0.0.1/32841] INFO  ozone.MiniOzoneClusterImpl (MiniOzoneClusterImpl.java:lambda$waitForClusterToBeReady$0(225)) - Waiting for cluster to exit safe mode
2023-03-29 21:18:27,206 [Listener at 127.0.0.1/32841] INFO  ozone.MiniOzoneClusterImpl (MiniOzoneClusterImpl.java:lambda$waitForClusterToBeReady$0(227)) - SCM became leader
2023-03-29 21:18:27,646 [69f3014f-ff88-49f1-a4e0-1e079fbb53ad@group-B117A9C3A2C5-FollowerState] INFO  impl.FollowerState (FollowerState.java:run(143)) - 69f3014f-ff88-49f1-a4e0-1e079fbb53ad@group-B117A9C3A2C5-FollowerState: change to CANDIDATE, lastRpcElapsedTime:5022604208ns, electionTimeout:5016ms
2023-03-29 21:18:27,646 [69f3014f-ff88-49f1-a4e0-1e079fbb53ad@group-B117A9C3A2C5-FollowerState] INFO  impl.RoleInfo (RoleInfo.java:shutdownFollowerState(110)) - 69f3014f-ff88-49f1-a4e0-1e079fbb53ad: shutdown 69f3014f-ff88-49f1-a4e0-1e079fbb53ad@group-B117A9C3A2C5-FollowerState
2023-03-29 21:18:27,646 [69f3014f-ff88-49f1-a4e0-1e079fbb53ad@group-B117A9C3A2C5-FollowerState] INFO  server.RaftServer$Division (RaftServerImpl.java:setRole(321)) - 69f3014f-ff88-49f1-a4e0-1e079fbb53ad@group-B117A9C3A2C5: changes role from  FOLLOWER to CANDIDATE at term 0 for changeToCandidate
2023-03-29 21:18:27,646 [69f3014f-ff88-49f1-a4e0-1e079fbb53ad@group-B117A9C3A2C5-FollowerState] INFO  server.RaftServerConfigKeys (ConfUtils.java:logGet(46)) - raft.server.leaderelection.pre-vote = true (default)
2023-03-29 21:18:27,646 [69f3014f-ff88-49f1-a4e0-1e079fbb53ad@group-B117A9C3A2C5-FollowerState] INFO  impl.RoleInfo (RoleInfo.java:updateAndGet(139)) - 69f3014f-ff88-49f1-a4e0-1e079fbb53ad: start 69f3014f-ff88-49f1-a4e0-1e079fbb53ad@group-B117A9C3A2C5-LeaderElection28
2023-03-29 21:18:27,646 [97ece121-4ac7-48f5-a423-498260ac9270@group-B117A9C3A2C5-FollowerState] INFO  impl.FollowerState (FollowerState.java:run(143)) - 97ece121-4ac7-48f5-a423-498260ac9270@group-B117A9C3A2C5-FollowerState: change to CANDIDATE, lastRpcElapsedTime:5095762794ns, electionTimeout:5093ms
2023-03-29 21:18:27,646 [97ece121-4ac7-48f5-a423-498260ac9270@group-B117A9C3A2C5-FollowerState] INFO  impl.RoleInfo (RoleInfo.java:shutdownFollowerState(110)) - 97ece121-4ac7-48f5-a423-498260ac9270: shutdown 97ece121-4ac7-48f5-a423-498260ac9270@group-B117A9C3A2C5-FollowerState
2023-03-29 21:18:27,647 [97ece121-4ac7-48f5-a423-498260ac9270@group-B117A9C3A2C5-FollowerState] INFO  server.RaftServer$Division (RaftServerImpl.java:setRole(321)) - 97ece121-4ac7-48f5-a423-498260ac9270@group-B117A9C3A2C5: changes role from  FOLLOWER to CANDIDATE at term 0 for changeToCandidate
2023-03-29 21:18:27,647 [97ece121-4ac7-48f5-a423-498260ac9270@group-B117A9C3A2C5-FollowerState] INFO  server.RaftServerConfigKeys (ConfUtils.java:logGet(46)) - raft.server.leaderelection.pre-vote = true (default)
2023-03-29 21:18:27,648 [97ece121-4ac7-48f5-a423-498260ac9270@group-B117A9C3A2C5-FollowerState] INFO  impl.RoleInfo (RoleInfo.java:updateAndGet(139)) - 97ece121-4ac7-48f5-a423-498260ac9270: start 97ece121-4ac7-48f5-a423-498260ac9270@group-B117A9C3A2C5-LeaderElection29
2023-03-29 21:18:27,653 [69f3014f-ff88-49f1-a4e0-1e079fbb53ad@group-B117A9C3A2C5-LeaderElection28] INFO  impl.LeaderElection (LeaderElection.java:askForVotes(312)) - 69f3014f-ff88-49f1-a4e0-1e079fbb53ad@group-B117A9C3A2C5-LeaderElection28 PRE_VOTE round 0: submit vote requests at term 0 for -1: peers:[69f3014f-ff88-49f1-a4e0-1e079fbb53ad|rpc:10.1.0.17:40355|dataStream:10.1.0.17:41067|priority:0|startupRole:FOLLOWER, 300eaa66-db2c-41ba-add6-fa9c16cbce0b|rpc:10.1.0.17:35989|dataStream:10.1.0.17:40123|priority:0|startupRole:FOLLOWER, 97ece121-4ac7-48f5-a423-498260ac9270|rpc:10.1.0.17:34367|dataStream:10.1.0.17:37963|priority:1|startupRole:FOLLOWER]|listeners:[], old=null
2023-03-29 21:18:27,653 [97ece121-4ac7-48f5-a423-498260ac9270@group-B117A9C3A2C5-LeaderElection29] INFO  impl.LeaderElection (LeaderElection.java:askForVotes(312)) - 97ece121-4ac7-48f5-a423-498260ac9270@group-B117A9C3A2C5-LeaderElection29 PRE_VOTE round 0: submit vote requests at term 0 for -1: peers:[69f3014f-ff88-49f1-a4e0-1e079fbb53ad|rpc:10.1.0.17:40355|dataStream:10.1.0.17:41067|priority:0|startupRole:FOLLOWER, 300eaa66-db2c-41ba-add6-fa9c16cbce0b|rpc:10.1.0.17:35989|dataStream:10.1.0.17:40123|priority:0|startupRole:FOLLOWER, 97ece121-4ac7-48f5-a423-498260ac9270|rpc:10.1.0.17:34367|dataStream:10.1.0.17:37963|priority:1|startupRole:FOLLOWER]|listeners:[], old=null
2023-03-29 21:18:27,654 [69f3014f-ff88-49f1-a4e0-1e079fbb53ad@group-B117A9C3A2C5-LeaderElection28-1] INFO  server.GrpcServerProtocolClient (GrpcServerProtocolClient.java:<init>(63)) - Build channel for 300eaa66-db2c-41ba-add6-fa9c16cbce0b
2023-03-29 21:18:27,656 [69f3014f-ff88-49f1-a4e0-1e079fbb53ad@group-B117A9C3A2C5-LeaderElection28] INFO  server.RaftServerConfigKeys (ConfUtils.java:logFallback(53)) - raft.server.rpc.first-election.timeout.min = 5s (fallback to raft.server.rpc.timeout.min)
2023-03-29 21:18:27,656 [69f3014f-ff88-49f1-a4e0-1e079fbb53ad@group-B117A9C3A2C5-LeaderElection28] INFO  server.RaftServerConfigKeys (ConfUtils.java:logFallback(53)) - raft.server.rpc.first-election.timeout.max = 5200ms (fallback to raft.server.rpc.timeout.max)
2023-03-29 21:18:27,657 [69f3014f-ff88-49f1-a4e0-1e079fbb53ad@group-B117A9C3A2C5-LeaderElection28-2] INFO  server.GrpcServerProtocolClient (GrpcServerProtocolClient.java:<init>(63)) - Build channel for 97ece121-4ac7-48f5-a423-498260ac9270
2023-03-29 21:18:27,667 [97ece121-4ac7-48f5-a423-498260ac9270@group-B117A9C3A2C5-LeaderElection29-1] INFO  server.GrpcServerProtocolClient (GrpcServerProtocolClient.java:<init>(63)) - Build channel for 69f3014f-ff88-49f1-a4e0-1e079fbb53ad
2023-03-29 21:18:27,668 [97ece121-4ac7-48f5-a423-498260ac9270@group-B117A9C3A2C5-LeaderElection29] INFO  server.RaftServerConfigKeys (ConfUtils.java:logFallback(53)) - raft.server.rpc.first-election.timeout.min = 5s (fallback to raft.server.rpc.timeout.min)
2023-03-29 21:18:27,668 [97ece121-4ac7-48f5-a423-498260ac9270@group-B117A9C3A2C5-LeaderElection29] INFO  server.RaftServerConfigKeys (ConfUtils.java:logFallback(53)) - raft.server.rpc.first-election.timeout.max = 5200ms (fallback to raft.server.rpc.timeout.max)
2023-03-29 21:18:27,674 [grpc-default-executor-0] INFO  server.RaftServer$Division (RaftServerImpl.java:requestVote(1218)) - 300eaa66-db2c-41ba-add6-fa9c16cbce0b@group-B117A9C3A2C5: receive requestVote(PRE_VOTE, 69f3014f-ff88-49f1-a4e0-1e079fbb53ad, group-B117A9C3A2C5, 0, (t:0, i:0))
2023-03-29 21:18:27,674 [grpc-default-executor-0] INFO  impl.VoteContext (VoteContext.java:log(49)) - 300eaa66-db2c-41ba-add6-fa9c16cbce0b@group-B117A9C3A2C5-FOLLOWER: accept PRE_VOTE from 69f3014f-ff88-49f1-a4e0-1e079fbb53ad: our priority 0 <= candidate's priority 0
2023-03-29 21:18:27,674 [grpc-default-executor-0] INFO  server.RaftServer$Division (RaftServerImpl.java:requestVote(1251)) - 300eaa66-db2c-41ba-add6-fa9c16cbce0b@group-B117A9C3A2C5 replies to PRE_VOTE vote request: 69f3014f-ff88-49f1-a4e0-1e079fbb53ad<-300eaa66-db2c-41ba-add6-fa9c16cbce0b#0:OK-t0. Peer's state: 300eaa66-db2c-41ba-add6-fa9c16cbce0b@group-B117A9C3A2C5:t0, leader=null, voted=, raftlog=Memoized:300eaa66-db2c-41ba-add6-fa9c16cbce0b@group-B117A9C3A2C5-SegmentedRaftLog:OPENED:c-1, conf=-1: peers:[69f3014f-ff88-49f1-a4e0-1e079fbb53ad|rpc:10.1.0.17:40355|dataStream:10.1.0.17:41067|priority:0|startupRole:FOLLOWER, 300eaa66-db2c-41ba-add6-fa9c16cbce0b|rpc:10.1.0.17:35989|dataStream:10.1.0.17:40123|priority:0|startupRole:FOLLOWER, 97ece121-4ac7-48f5-a423-498260ac9270|rpc:10.1.0.17:34367|dataStream:10.1.0.17:37963|priority:1|startupRole:FOLLOWER]|listeners:[], old=null
2023-03-29 21:18:27,675 [97ece121-4ac7-48f5-a423-498260ac9270@group-B117A9C3A2C5-LeaderElection29-2] INFO  server.GrpcServerProtocolClient (GrpcServerProtocolClient.java:<init>(63)) - Build channel for 300eaa66-db2c-41ba-add6-fa9c16cbce0b
2023-03-29 21:18:27,683 [grpc-default-executor-1] INFO  server.RaftServer$Division (RaftServerImpl.java:requestVote(1218)) - 97ece121-4ac7-48f5-a423-498260ac9270@group-B117A9C3A2C5: receive requestVote(PRE_VOTE, 69f3014f-ff88-49f1-a4e0-1e079fbb53ad, group-B117A9C3A2C5, 0, (t:0, i:0))
2023-03-29 21:18:27,683 [grpc-default-executor-1] INFO  impl.VoteContext (VoteContext.java:log(49)) - 97ece121-4ac7-48f5-a423-498260ac9270@group-B117A9C3A2C5-CANDIDATE: reject PRE_VOTE from 69f3014f-ff88-49f1-a4e0-1e079fbb53ad: our priority 1 > candidate's priority 0
2023-03-29 21:18:27,683 [grpc-default-executor-1] INFO  server.RaftServer$Division (RaftServerImpl.java:requestVote(1251)) - 97ece121-4ac7-48f5-a423-498260ac9270@group-B117A9C3A2C5 replies to PRE_VOTE vote request: 69f3014f-ff88-49f1-a4e0-1e079fbb53ad<-97ece121-4ac7-48f5-a423-498260ac9270#0:FAIL-t0. Peer's state: 97ece121-4ac7-48f5-a423-498260ac9270@group-B117A9C3A2C5:t0, leader=null, voted=, raftlog=Memoized:97ece121-4ac7-48f5-a423-498260ac9270@group-B117A9C3A2C5-SegmentedRaftLog:OPENED:c-1, conf=-1: peers:[69f3014f-ff88-49f1-a4e0-1e079fbb53ad|rpc:10.1.0.17:40355|dataStream:10.1.0.17:41067|priority:0|startupRole:FOLLOWER, 300eaa66-db2c-41ba-add6-fa9c16cbce0b|rpc:10.1.0.17:35989|dataStream:10.1.0.17:40123|priority:0|startupRole:FOLLOWER, 97ece121-4ac7-48f5-a423-498260ac9270|rpc:10.1.0.17:34367|dataStream:10.1.0.17:37963|priority:1|startupRole:FOLLOWER]|listeners:[], old=null
2023-03-29 21:18:27,684 [69f3014f-ff88-49f1-a4e0-1e079fbb53ad@group-B117A9C3A2C5-LeaderElection28] INFO  impl.LeaderElection (LeaderElection.java:logAndReturn(90)) - 69f3014f-ff88-49f1-a4e0-1e079fbb53ad@group-B117A9C3A2C5-LeaderElection28: PRE_VOTE REJECTED received 2 response(s) and 0 exception(s):
2023-03-29 21:18:27,684 [69f3014f-ff88-49f1-a4e0-1e079fbb53ad@group-B117A9C3A2C5-LeaderElection28] INFO  impl.LeaderElection (LeaderElection.java:logAndReturn(94)) -   Response 0: 69f3014f-ff88-49f1-a4e0-1e079fbb53ad<-300eaa66-db2c-41ba-add6-fa9c16cbce0b#0:OK-t0
2023-03-29 21:18:27,684 [69f3014f-ff88-49f1-a4e0-1e079fbb53ad@group-B117A9C3A2C5-LeaderElection28] INFO  impl.LeaderElection (LeaderElection.java:logAndReturn(94)) -   Response 1: 69f3014f-ff88-49f1-a4e0-1e079fbb53ad<-97ece121-4ac7-48f5-a423-498260ac9270#0:FAIL-t0
2023-03-29 21:18:27,684 [69f3014f-ff88-49f1-a4e0-1e079fbb53ad@group-B117A9C3A2C5-LeaderElection28] INFO  impl.LeaderElection (LeaderElection.java:askForVotes(314)) - 69f3014f-ff88-49f1-a4e0-1e079fbb53ad@group-B117A9C3A2C5-LeaderElection28 PRE_VOTE round 0: result REJECTED
2023-03-29 21:18:27,684 [69f3014f-ff88-49f1-a4e0-1e079fbb53ad@group-B117A9C3A2C5-LeaderElection28] INFO  server.RaftServer$Division (RaftServerImpl.java:setRole(321)) - 69f3014f-ff88-49f1-a4e0-1e079fbb53ad@group-B117A9C3A2C5: changes role from CANDIDATE to FOLLOWER at term 0 for REJECTED
2023-03-29 21:18:27,684 [69f3014f-ff88-49f1-a4e0-1e079fbb53ad@group-B117A9C3A2C5-LeaderElection28] INFO  impl.RoleInfo (RoleInfo.java:shutdownLeaderElection(130)) - 69f3014f-ff88-49f1-a4e0-1e079fbb53ad: shutdown 69f3014f-ff88-49f1-a4e0-1e079fbb53ad@group-B117A9C3A2C5-LeaderElection28
2023-03-29 21:18:27,684 [69f3014f-ff88-49f1-a4e0-1e079fbb53ad@group-B117A9C3A2C5-LeaderElection28] INFO  impl.RoleInfo (RoleInfo.java:updateAndGet(139)) - 69f3014f-ff88-49f1-a4e0-1e079fbb53ad: start 69f3014f-ff88-49f1-a4e0-1e079fbb53ad@group-B117A9C3A2C5-FollowerState
2023-03-29 21:18:27,686 [97ece121-4ac7-48f5-a423-498260ac9270@group-3702C0C83597-FollowerState] INFO  impl.FollowerState (FollowerState.java:run(143)) - 97ece121-4ac7-48f5-a423-498260ac9270@group-3702C0C83597-FollowerState: change to CANDIDATE, lastRpcElapsedTime:5039302164ns, electionTimeout:5038ms
2023-03-29 21:18:27,686 [97ece121-4ac7-48f5-a423-498260ac9270@group-3702C0C83597-FollowerState] INFO  impl.RoleInfo (RoleInfo.java:shutdownFollowerState(110)) - 97ece121-4ac7-48f5-a423-498260ac9270: shutdown 97ece121-4ac7-48f5-a423-498260ac9270@group-3702C0C83597-FollowerState
2023-03-29 21:18:27,686 [97ece121-4ac7-48f5-a423-498260ac9270@group-3702C0C83597-FollowerState] INFO  server.RaftServer$Division (RaftServerImpl.java:setRole(321)) - 97ece121-4ac7-48f5-a423-498260ac9270@group-3702C0C83597: changes role from  FOLLOWER to CANDIDATE at term 0 for changeToCandidate
2023-03-29 21:18:27,686 [97ece121-4ac7-48f5-a423-498260ac9270@group-3702C0C83597-FollowerState] INFO  server.RaftServerConfigKeys (ConfUtils.java:logGet(46)) - raft.server.leaderelection.pre-vote = true (default)
2023-03-29 21:18:27,686 [97ece121-4ac7-48f5-a423-498260ac9270@group-3702C0C83597-FollowerState] INFO  impl.RoleInfo (RoleInfo.java:updateAndGet(139)) - 97ece121-4ac7-48f5-a423-498260ac9270: start 97ece121-4ac7-48f5-a423-498260ac9270@group-3702C0C83597-LeaderElection30
2023-03-29 21:18:27,695 [69f3014f-ff88-49f1-a4e0-1e079fbb53ad@group-B117A9C3A2C5-FollowerState] INFO  server.RaftServerConfigKeys (ConfUtils.java:logFallback(53)) - raft.server.rpc.first-election.timeout.min = 5s (fallback to raft.server.rpc.timeout.min)
2023-03-29 21:18:27,695 [69f3014f-ff88-49f1-a4e0-1e079fbb53ad@group-B117A9C3A2C5-FollowerState] INFO  server.RaftServerConfigKeys (ConfUtils.java:logFallback(53)) - raft.server.rpc.first-election.timeout.max = 5200ms (fallback to raft.server.rpc.timeout.max)
2023-03-29 21:18:27,697 [97ece121-4ac7-48f5-a423-498260ac9270@group-3702C0C83597-LeaderElection30] INFO  impl.LeaderElection (LeaderElection.java:askForVotes(312)) - 97ece121-4ac7-48f5-a423-498260ac9270@group-3702C0C83597-LeaderElection30 PRE_VOTE round 0: submit vote requests at term 0 for -1: peers:[69f3014f-ff88-49f1-a4e0-1e079fbb53ad|rpc:10.1.0.17:40355|dataStream:10.1.0.17:41067|priority:1|startupRole:FOLLOWER, 300eaa66-db2c-41ba-add6-fa9c16cbce0b|rpc:10.1.0.17:35989|dataStream:10.1.0.17:40123|priority:0|startupRole:FOLLOWER, 97ece121-4ac7-48f5-a423-498260ac9270|rpc:10.1.0.17:34367|dataStream:10.1.0.17:37963|priority:0|startupRole:FOLLOWER]|listeners:[], old=null
2023-03-29 21:18:27,698 [97ece121-4ac7-48f5-a423-498260ac9270@group-3702C0C83597-LeaderElection30] INFO  server.RaftServerConfigKeys (ConfUtils.java:logFallback(53)) - raft.server.rpc.first-election.timeout.min = 5s (fallback to raft.server.rpc.timeout.min)
2023-03-29 21:18:27,698 [97ece121-4ac7-48f5-a423-498260ac9270@group-3702C0C83597-LeaderElection30] INFO  server.RaftServerConfigKeys (ConfUtils.java:logFallback(53)) - raft.server.rpc.first-election.timeout.max = 5200ms (fallback to raft.server.rpc.timeout.max)
2023-03-29 21:18:27,701 [97ece121-4ac7-48f5-a423-498260ac9270@group-B15F55D64280-FollowerState] INFO  impl.FollowerState (FollowerState.java:run(143)) - 97ece121-4ac7-48f5-a423-498260ac9270@group-B15F55D64280-FollowerState: change to CANDIDATE, lastRpcElapsedTime:5164535939ns, electionTimeout:5164ms
2023-03-29 21:18:27,701 [97ece121-4ac7-48f5-a423-498260ac9270@group-B15F55D64280-FollowerState] INFO  impl.RoleInfo (RoleInfo.java:shutdownFollowerState(110)) - 97ece121-4ac7-48f5-a423-498260ac9270: shutdown 97ece121-4ac7-48f5-a423-498260ac9270@group-B15F55D64280-FollowerState
2023-03-29 21:18:27,701 [97ece121-4ac7-48f5-a423-498260ac9270@group-B15F55D64280-FollowerState] INFO  server.RaftServer$Division (RaftServerImpl.java:setRole(321)) - 97ece121-4ac7-48f5-a423-498260ac9270@group-B15F55D64280: changes role from  FOLLOWER to CANDIDATE at term 0 for changeToCandidate
2023-03-29 21:18:27,701 [97ece121-4ac7-48f5-a423-498260ac9270@group-B15F55D64280-FollowerState] INFO  server.RaftServerConfigKeys (ConfUtils.java:logGet(46)) - raft.server.leaderelection.pre-vote = true (default)
2023-03-29 21:18:27,701 [97ece121-4ac7-48f5-a423-498260ac9270@group-B15F55D64280-FollowerState] INFO  impl.RoleInfo (RoleInfo.java:updateAndGet(139)) - 97ece121-4ac7-48f5-a423-498260ac9270: start 97ece121-4ac7-48f5-a423-498260ac9270@group-B15F55D64280-LeaderElection31
2023-03-29 21:18:27,706 [grpc-default-executor-3] INFO  server.RaftServer$Division (RaftServerImpl.java:requestVote(1218)) - 300eaa66-db2c-41ba-add6-fa9c16cbce0b@group-3702C0C83597: receive requestVote(PRE_VOTE, 97ece121-4ac7-48f5-a423-498260ac9270, group-3702C0C83597, 0, (t:0, i:0))
2023-03-29 21:18:27,706 [grpc-default-executor-3] INFO  impl.VoteContext (VoteContext.java:log(49)) - 300eaa66-db2c-41ba-add6-fa9c16cbce0b@group-3702C0C83597-FOLLOWER: accept PRE_VOTE from 97ece121-4ac7-48f5-a423-498260ac9270: our priority 0 <= candidate's priority 0
2023-03-29 21:18:27,706 [grpc-default-executor-3] INFO  server.RaftServer$Division (RaftServerImpl.java:requestVote(1251)) - 300eaa66-db2c-41ba-add6-fa9c16cbce0b@group-3702C0C83597 replies to PRE_VOTE vote request: 97ece121-4ac7-48f5-a423-498260ac9270<-300eaa66-db2c-41ba-add6-fa9c16cbce0b#0:OK-t0. Peer's state: 300eaa66-db2c-41ba-add6-fa9c16cbce0b@group-3702C0C83597:t0, leader=null, voted=, raftlog=Memoized:300eaa66-db2c-41ba-add6-fa9c16cbce0b@group-3702C0C83597-SegmentedRaftLog:OPENED:c-1, conf=-1: peers:[69f3014f-ff88-49f1-a4e0-1e079fbb53ad|rpc:10.1.0.17:40355|dataStream:10.1.0.17:41067|priority:1|startupRole:FOLLOWER, 300eaa66-db2c-41ba-add6-fa9c16cbce0b|rpc:10.1.0.17:35989|dataStream:10.1.0.17:40123|priority:0|startupRole:FOLLOWER, 97ece121-4ac7-48f5-a423-498260ac9270|rpc:10.1.0.17:34367|dataStream:10.1.0.17:37963|priority:0|startupRole:FOLLOWER]|listeners:[], old=null
2023-03-29 21:18:27,706 [grpc-default-executor-2] INFO  server.RaftServer$Division (RaftServerImpl.java:requestVote(1218)) - 300eaa66-db2c-41ba-add6-fa9c16cbce0b@group-B117A9C3A2C5: receive requestVote(PRE_VOTE, 97ece121-4ac7-48f5-a423-498260ac9270, group-B117A9C3A2C5, 0, (t:0, i:0))
2023-03-29 21:18:27,708 [97ece121-4ac7-48f5-a423-498260ac9270@group-B15F55D64280-LeaderElection31] INFO  impl.LeaderElection (LeaderElection.java:askForVotes(312)) - 97ece121-4ac7-48f5-a423-498260ac9270@group-B15F55D64280-LeaderElection31 PRE_VOTE round 0: submit vote requests at term 0 for -1: peers:[97ece121-4ac7-48f5-a423-498260ac9270|rpc:10.1.0.17:34367|dataStream:10.1.0.17:37963|priority:1|startupRole:FOLLOWER]|listeners:[], old=null
2023-03-29 21:18:27,709 [97ece121-4ac7-48f5-a423-498260ac9270@group-B15F55D64280-LeaderElection31] INFO  impl.LeaderElection (LeaderElection.java:askForVotes(314)) - 97ece121-4ac7-48f5-a423-498260ac9270@group-B15F55D64280-LeaderElection31 PRE_VOTE round 0: result PASSED (term=0)
2023-03-29 21:18:27,710 [grpc-default-executor-2] INFO  impl.VoteContext (VoteContext.java:log(49)) - 300eaa66-db2c-41ba-add6-fa9c16cbce0b@group-B117A9C3A2C5-FOLLOWER: accept PRE_VOTE from 97ece121-4ac7-48f5-a423-498260ac9270: our priority 0 <= candidate's priority 1
2023-03-29 21:18:27,710 [grpc-default-executor-2] INFO  server.RaftServer$Division (RaftServerImpl.java:requestVote(1251)) - 300eaa66-db2c-41ba-add6-fa9c16cbce0b@group-B117A9C3A2C5 replies to PRE_VOTE vote request: 97ece121-4ac7-48f5-a423-498260ac9270<-300eaa66-db2c-41ba-add6-fa9c16cbce0b#0:OK-t0. Peer's state: 300eaa66-db2c-41ba-add6-fa9c16cbce0b@group-B117A9C3A2C5:t0, leader=null, voted=, raftlog=Memoized:300eaa66-db2c-41ba-add6-fa9c16cbce0b@group-B117A9C3A2C5-SegmentedRaftLog:OPENED:c-1, conf=-1: peers:[69f3014f-ff88-49f1-a4e0-1e079fbb53ad|rpc:10.1.0.17:40355|dataStream:10.1.0.17:41067|priority:0|startupRole:FOLLOWER, 300eaa66-db2c-41ba-add6-fa9c16cbce0b|rpc:10.1.0.17:35989|dataStream:10.1.0.17:40123|priority:0|startupRole:FOLLOWER, 97ece121-4ac7-48f5-a423-498260ac9270|rpc:10.1.0.17:34367|dataStream:10.1.0.17:37963|priority:1|startupRole:FOLLOWER]|listeners:[], old=null
2023-03-29 21:18:27,710 [grpc-default-executor-3] INFO  server.RaftServer$Division (RaftServerImpl.java:requestVote(1218)) - 69f3014f-ff88-49f1-a4e0-1e079fbb53ad@group-B117A9C3A2C5: receive requestVote(PRE_VOTE, 97ece121-4ac7-48f5-a423-498260ac9270, group-B117A9C3A2C5, 0, (t:0, i:0))
2023-03-29 21:18:27,711 [grpc-default-executor-3] INFO  impl.VoteContext (VoteContext.java:log(49)) - 69f3014f-ff88-49f1-a4e0-1e079fbb53ad@group-B117A9C3A2C5-FOLLOWER: accept PRE_VOTE from 97ece121-4ac7-48f5-a423-498260ac9270: our priority 0 <= candidate's priority 1
2023-03-29 21:18:27,711 [grpc-default-executor-3] INFO  server.RaftServer$Division (RaftServerImpl.java:requestVote(1251)) - 69f3014f-ff88-49f1-a4e0-1e079fbb53ad@group-B117A9C3A2C5 replies to PRE_VOTE vote request: 97ece121-4ac7-48f5-a423-498260ac9270<-69f3014f-ff88-49f1-a4e0-1e079fbb53ad#0:OK-t0. Peer's state: 69f3014f-ff88-49f1-a4e0-1e079fbb53ad@group-B117A9C3A2C5:t0, leader=null, voted=, raftlog=Memoized:69f3014f-ff88-49f1-a4e0-1e079fbb53ad@group-B117A9C3A2C5-SegmentedRaftLog:OPENED:c-1, conf=-1: peers:[69f3014f-ff88-49f1-a4e0-1e079fbb53ad|rpc:10.1.0.17:40355|dataStream:10.1.0.17:41067|priority:0|startupRole:FOLLOWER, 300eaa66-db2c-41ba-add6-fa9c16cbce0b|rpc:10.1.0.17:35989|dataStream:10.1.0.17:40123|priority:0|startupRole:FOLLOWER, 97ece121-4ac7-48f5-a423-498260ac9270|rpc:10.1.0.17:34367|dataStream:10.1.0.17:37963|priority:1|startupRole:FOLLOWER]|listeners:[], old=null
2023-03-29 21:18:27,711 [grpc-default-executor-1] INFO  server.RaftServer$Division (RaftServerImpl.java:requestVote(1218)) - 69f3014f-ff88-49f1-a4e0-1e079fbb53ad@group-3702C0C83597: receive requestVote(PRE_VOTE, 97ece121-4ac7-48f5-a423-498260ac9270, group-3702C0C83597, 0, (t:0, i:0))
2023-03-29 21:18:27,713 [grpc-default-executor-1] INFO  impl.VoteContext (VoteContext.java:log(49)) - 69f3014f-ff88-49f1-a4e0-1e079fbb53ad@group-3702C0C83597-FOLLOWER: reject PRE_VOTE from 97ece121-4ac7-48f5-a423-498260ac9270: our priority 1 > candidate's priority 0
2023-03-29 21:18:27,713 [grpc-default-executor-1] INFO  server.RaftServer$Division (RaftServerImpl.java:requestVote(1251)) - 69f3014f-ff88-49f1-a4e0-1e079fbb53ad@group-3702C0C83597 replies to PRE_VOTE vote request: 97ece121-4ac7-48f5-a423-498260ac9270<-69f3014f-ff88-49f1-a4e0-1e079fbb53ad#0:FAIL-t0. Peer's state: 69f3014f-ff88-49f1-a4e0-1e079fbb53ad@group-3702C0C83597:t0, leader=null, voted=, raftlog=Memoized:69f3014f-ff88-49f1-a4e0-1e079fbb53ad@group-3702C0C83597-SegmentedRaftLog:OPENED:c-1, conf=-1: peers:[69f3014f-ff88-49f1-a4e0-1e079fbb53ad|rpc:10.1.0.17:40355|dataStream:10.1.0.17:41067|priority:1|startupRole:FOLLOWER, 300eaa66-db2c-41ba-add6-fa9c16cbce0b|rpc:10.1.0.17:35989|dataStream:10.1.0.17:40123|priority:0|startupRole:FOLLOWER, 97ece121-4ac7-48f5-a423-498260ac9270|rpc:10.1.0.17:34367|dataStream:10.1.0.17:37963|priority:0|startupRole:FOLLOWER]|listeners:[], old=null
2023-03-29 21:18:27,712 [97ece121-4ac7-48f5-a423-498260ac9270@group-B117A9C3A2C5-LeaderElection29] INFO  impl.LeaderElection (LeaderElection.java:logAndReturn(90)) - 97ece121-4ac7-48f5-a423-498260ac9270@group-B117A9C3A2C5-LeaderElection29: PRE_VOTE PASSED received 1 response(s) and 0 exception(s):
2023-03-29 21:18:27,713 [97ece121-4ac7-48f5-a423-498260ac9270@group-B117A9C3A2C5-LeaderElection29] INFO  impl.LeaderElection (LeaderElection.java:logAndReturn(94)) -   Response 0: 97ece121-4ac7-48f5-a423-498260ac9270<-69f3014f-ff88-49f1-a4e0-1e079fbb53ad#0:OK-t0
2023-03-29 21:18:27,713 [97ece121-4ac7-48f5-a423-498260ac9270@group-B117A9C3A2C5-LeaderElection29] INFO  impl.LeaderElection (LeaderElection.java:askForVotes(314)) - 97ece121-4ac7-48f5-a423-498260ac9270@group-B117A9C3A2C5-LeaderElection29 PRE_VOTE round 0: result PASSED
2023-03-29 21:18:27,718 [97ece121-4ac7-48f5-a423-498260ac9270@group-3702C0C83597-LeaderElection30] INFO  impl.LeaderElection (LeaderElection.java:logAndReturn(90)) - 97ece121-4ac7-48f5-a423-498260ac9270@group-3702C0C83597-LeaderElection30: PRE_VOTE REJECTED received 2 response(s) and 0 exception(s):
2023-03-29 21:18:27,718 [97ece121-4ac7-48f5-a423-498260ac9270@group-3702C0C83597-LeaderElection30] INFO  impl.LeaderElection (LeaderElection.java:logAndReturn(94)) -   Response 0: 97ece121-4ac7-48f5-a423-498260ac9270<-69f3014f-ff88-49f1-a4e0-1e079fbb53ad#0:FAIL-t0
2023-03-29 21:18:27,718 [97ece121-4ac7-48f5-a423-498260ac9270@group-3702C0C83597-LeaderElection30] INFO  impl.LeaderElection (LeaderElection.java:logAndReturn(94)) -   Response 1: 97ece121-4ac7-48f5-a423-498260ac9270<-300eaa66-db2c-41ba-add6-fa9c16cbce0b#0:OK-t0
2023-03-29 21:18:27,718 [97ece121-4ac7-48f5-a423-498260ac9270@group-3702C0C83597-LeaderElection30] INFO  impl.LeaderElection (LeaderElection.java:askForVotes(314)) - 97ece121-4ac7-48f5-a423-498260ac9270@group-3702C0C83597-LeaderElection30 PRE_VOTE round 0: result REJECTED
2023-03-29 21:18:27,718 [97ece121-4ac7-48f5-a423-498260ac9270@group-3702C0C83597-LeaderElection30] INFO  server.RaftServer$Division (RaftServerImpl.java:setRole(321)) - 97ece121-4ac7-48f5-a423-498260ac9270@group-3702C0C83597: changes role from CANDIDATE to FOLLOWER at term 0 for REJECTED
2023-03-29 21:18:27,718 [97ece121-4ac7-48f5-a423-498260ac9270@group-3702C0C83597-LeaderElection30] INFO  impl.RoleInfo (RoleInfo.java:shutdownLeaderElection(130)) - 97ece121-4ac7-48f5-a423-498260ac9270: shutdown 97ece121-4ac7-48f5-a423-498260ac9270@group-3702C0C83597-LeaderElection30
2023-03-29 21:18:27,718 [97ece121-4ac7-48f5-a423-498260ac9270@group-3702C0C83597-LeaderElection30] INFO  impl.RoleInfo (RoleInfo.java:updateAndGet(139)) - 97ece121-4ac7-48f5-a423-498260ac9270: start 97ece121-4ac7-48f5-a423-498260ac9270@group-3702C0C83597-FollowerState
2023-03-29 21:18:27,721 [97ece121-4ac7-48f5-a423-498260ac9270@group-B117A9C3A2C5-LeaderElection29] INFO  impl.LeaderElection (LeaderElection.java:askForVotes(312)) - 97ece121-4ac7-48f5-a423-498260ac9270@group-B117A9C3A2C5-LeaderElection29 ELECTION round 0: submit vote requests at term 1 for -1: peers:[69f3014f-ff88-49f1-a4e0-1e079fbb53ad|rpc:10.1.0.17:40355|dataStream:10.1.0.17:41067|priority:0|startupRole:FOLLOWER, 300eaa66-db2c-41ba-add6-fa9c16cbce0b|rpc:10.1.0.17:35989|dataStream:10.1.0.17:40123|priority:0|startupRole:FOLLOWER, 97ece121-4ac7-48f5-a423-498260ac9270|rpc:10.1.0.17:34367|dataStream:10.1.0.17:37963|priority:1|startupRole:FOLLOWER]|listeners:[], old=null
2023-03-29 21:18:27,722 [97ece121-4ac7-48f5-a423-498260ac9270@group-3702C0C83597-FollowerState] INFO  server.RaftServerConfigKeys (ConfUtils.java:logFallback(53)) - raft.server.rpc.first-election.timeout.min = 5s (fallback to raft.server.rpc.timeout.min)
2023-03-29 21:18:27,722 [97ece121-4ac7-48f5-a423-498260ac9270@group-3702C0C83597-FollowerState] INFO  server.RaftServerConfigKeys (ConfUtils.java:logFallback(53)) - raft.server.rpc.first-election.timeout.max = 5200ms (fallback to raft.server.rpc.timeout.max)
2023-03-29 21:18:27,725 [97ece121-4ac7-48f5-a423-498260ac9270@group-B117A9C3A2C5-LeaderElection29] INFO  server.RaftServerConfigKeys (ConfUtils.java:logFallback(53)) - raft.server.rpc.first-election.timeout.min = 5s (fallback to raft.server.rpc.timeout.min)
2023-03-29 21:18:27,725 [97ece121-4ac7-48f5-a423-498260ac9270@group-B117A9C3A2C5-LeaderElection29] INFO  server.RaftServerConfigKeys (ConfUtils.java:logFallback(53)) - raft.server.rpc.first-election.timeout.max = 5200ms (fallback to raft.server.rpc.timeout.max)
2023-03-29 21:18:27,726 [97ece121-4ac7-48f5-a423-498260ac9270@group-B15F55D64280-LeaderElection31] INFO  impl.LeaderElection (LeaderElection.java:askForVotes(312)) - 97ece121-4ac7-48f5-a423-498260ac9270@group-B15F55D64280-LeaderElection31 ELECTION round 0: submit vote requests at term 1 for -1: peers:[97ece121-4ac7-48f5-a423-498260ac9270|rpc:10.1.0.17:34367|dataStream:10.1.0.17:37963|priority:1|startupRole:FOLLOWER]|listeners:[], old=null
2023-03-29 21:18:27,726 [97ece121-4ac7-48f5-a423-498260ac9270@group-B15F55D64280-LeaderElection31] INFO  impl.LeaderElection (LeaderElection.java:askForVotes(314)) - 97ece121-4ac7-48f5-a423-498260ac9270@group-B15F55D64280-LeaderElection31 ELECTION round 0: result PASSED (term=1)
2023-03-29 21:18:27,726 [97ece121-4ac7-48f5-a423-498260ac9270@group-B15F55D64280-LeaderElection31] INFO  impl.RoleInfo (RoleInfo.java:shutdownLeaderElection(130)) - 97ece121-4ac7-48f5-a423-498260ac9270: shutdown 97ece121-4ac7-48f5-a423-498260ac9270@group-B15F55D64280-LeaderElection31
2023-03-29 21:18:27,726 [97ece121-4ac7-48f5-a423-498260ac9270@group-B15F55D64280-LeaderElection31] INFO  server.RaftServer$Division (RaftServerImpl.java:setRole(321)) - 97ece121-4ac7-48f5-a423-498260ac9270@group-B15F55D64280: changes role from CANDIDATE to LEADER at term 1 for changeToLeader
2023-03-29 21:18:27,726 [97ece121-4ac7-48f5-a423-498260ac9270@group-B15F55D64280-LeaderElection31] INFO  ratis.XceiverServerRatis (XceiverServerRatis.java:handleLeaderChangedNotification(904)) - Leader change notification received for group: group-B15F55D64280 with new leaderId: 97ece121-4ac7-48f5-a423-498260ac9270
2023-03-29 21:18:27,726 [97ece121-4ac7-48f5-a423-498260ac9270@group-B15F55D64280-LeaderElection31] INFO  server.RaftServer$Division (ServerState.java:setLeader(313)) - 97ece121-4ac7-48f5-a423-498260ac9270@group-B15F55D64280: change Leader from null to 97ece121-4ac7-48f5-a423-498260ac9270 at term 1 for becomeLeader, leader elected after 5210ms
2023-03-29 21:18:27,726 [97ece121-4ac7-48f5-a423-498260ac9270@group-B15F55D64280-LeaderElection31] INFO  server.RaftServerConfigKeys (ConfUtils.java:logGet(46)) - raft.server.staging.catchup.gap = 1000 (default)
2023-03-29 21:18:27,730 [97ece121-4ac7-48f5-a423-498260ac9270@group-B15F55D64280-LeaderElection31] INFO  server.RaftServerConfigKeys (ConfUtils.java:logGet(46)) - raft.server.write.element-limit = 1024 (custom)
2023-03-29 21:18:27,730 [97ece121-4ac7-48f5-a423-498260ac9270@group-B15F55D64280-LeaderElection31] INFO  server.RaftServerConfigKeys (ConfUtils.java:logGet(46)) - raft.server.write.byte-limit = 1024 M (=1073741824) (custom)
2023-03-29 21:18:27,731 [97ece121-4ac7-48f5-a423-498260ac9270@group-B15F55D64280-LeaderElection31] INFO  server.RaftServerConfigKeys (ConfUtils.java:logGet(46)) - raft.server.watch.timeout = 180s (custom)
2023-03-29 21:18:27,731 [97ece121-4ac7-48f5-a423-498260ac9270@group-B15F55D64280-LeaderElection31] INFO  server.RaftServerConfigKeys (ConfUtils.java:logGet(46)) - raft.server.watch.timeout.denomination = 1s (default)
2023-03-29 21:18:27,731 [EventQueue-OpenPipelineForHealthyPipelineSafeModeRule] INFO  safemode.SCMSafeModeManager (HealthyPipelineSafeModeRule.java:process(137)) - SCM in safe mode. Healthy pipelines reported count is 0, required healthy pipeline reported count is 1
2023-03-29 21:18:27,731 [97ece121-4ac7-48f5-a423-498260ac9270@group-B15F55D64280-LeaderElection31] INFO  server.RaftServerConfigKeys (ConfUtils.java:logGet(46)) - raft.server.watch.element-limit = 65536 (default)
2023-03-29 21:18:27,733 [97ece121-4ac7-48f5-a423-498260ac9270@group-B15F55D64280-LeaderElection31] INFO  server.RaftServerConfigKeys (ConfUtils.java:logGet(46)) - raft.server.write.element-limit = 1024 (custom)
2023-03-29 21:18:27,733 [97ece121-4ac7-48f5-a423-498260ac9270@group-B15F55D64280-LeaderElection31] INFO  server.RaftServerConfigKeys (ConfUtils.java:logGet(46)) - raft.server.write.follower.gap.ratio.max = -1.0 (default)
2023-03-29 21:18:27,733 [97ece121-4ac7-48f5-a423-498260ac9270@group-B15F55D64280-LeaderElection31] INFO  impl.RoleInfo (RoleInfo.java:updateAndGet(139)) - 97ece121-4ac7-48f5-a423-498260ac9270: start 97ece121-4ac7-48f5-a423-498260ac9270@group-B15F55D64280-LeaderStateImpl
2023-03-29 21:18:27,733 [97ece121-4ac7-48f5-a423-498260ac9270@group-B15F55D64280-LeaderElection31] INFO  segmented.SegmentedRaftLogWorker (SegmentedRaftLogWorker.java:startLogSegment(452)) - 97ece121-4ac7-48f5-a423-498260ac9270@group-B15F55D64280-SegmentedRaftLogWorker: Starting segment from index:0
2023-03-29 21:18:27,731 [grpc-default-executor-1] INFO  server.RaftServer$Division (RaftServerImpl.java:requestVote(1218)) - 300eaa66-db2c-41ba-add6-fa9c16cbce0b@group-B117A9C3A2C5: receive requestVote(ELECTION, 97ece121-4ac7-48f5-a423-498260ac9270, group-B117A9C3A2C5, 1, (t:0, i:0))
2023-03-29 21:18:27,733 [grpc-default-executor-1] INFO  impl.VoteContext (VoteContext.java:log(49)) - 300eaa66-db2c-41ba-add6-fa9c16cbce0b@group-B117A9C3A2C5-FOLLOWER: accept ELECTION from 97ece121-4ac7-48f5-a423-498260ac9270: our priority 0 <= candidate's priority 1
2023-03-29 21:18:27,733 [grpc-default-executor-1] INFO  server.RaftServer$Division (RaftServerImpl.java:setRole(321)) - 300eaa66-db2c-41ba-add6-fa9c16cbce0b@group-B117A9C3A2C5: changes role from  FOLLOWER to FOLLOWER at term 1 for candidate:97ece121-4ac7-48f5-a423-498260ac9270
2023-03-29 21:18:27,733 [grpc-default-executor-1] INFO  impl.RoleInfo (RoleInfo.java:shutdownFollowerState(110)) - 300eaa66-db2c-41ba-add6-fa9c16cbce0b: shutdown 300eaa66-db2c-41ba-add6-fa9c16cbce0b@group-B117A9C3A2C5-FollowerState
2023-03-29 21:18:27,733 [grpc-default-executor-1] INFO  impl.RoleInfo (RoleInfo.java:updateAndGet(139)) - 300eaa66-db2c-41ba-add6-fa9c16cbce0b: start 300eaa66-db2c-41ba-add6-fa9c16cbce0b@group-B117A9C3A2C5-FollowerState
2023-03-29 21:18:27,733 [300eaa66-db2c-41ba-add6-fa9c16cbce0b@group-B117A9C3A2C5-FollowerState] INFO  impl.FollowerState (FollowerState.java:run(152)) - 300eaa66-db2c-41ba-add6-fa9c16cbce0b@group-B117A9C3A2C5-FollowerState was interrupted
2023-03-29 21:18:27,734 [300eaa66-db2c-41ba-add6-fa9c16cbce0b@group-B117A9C3A2C5-FollowerState] INFO  server.RaftServerConfigKeys (ConfUtils.java:logFallback(53)) - raft.server.rpc.first-election.timeout.min = 5s (fallback to raft.server.rpc.timeout.min)
2023-03-29 21:18:27,734 [300eaa66-db2c-41ba-add6-fa9c16cbce0b@group-B117A9C3A2C5-FollowerState] INFO  server.RaftServerConfigKeys (ConfUtils.java:logFallback(53)) - raft.server.rpc.first-election.timeout.max = 5200ms (fallback to raft.server.rpc.timeout.max)
2023-03-29 21:18:27,738 [97ece121-4ac7-48f5-a423-498260ac9270@group-B15F55D64280-LeaderElection31] INFO  server.RaftServer$Division (ServerState.java:setRaftConf(430)) - 97ece121-4ac7-48f5-a423-498260ac9270@group-B15F55D64280: set configuration 0: peers:[97ece121-4ac7-48f5-a423-498260ac9270|rpc:10.1.0.17:34367|dataStream:10.1.0.17:37963|priority:1|startupRole:FOLLOWER]|listeners:[], old=null
2023-03-29 21:18:27,738 [97ece121-4ac7-48f5-a423-498260ac9270@group-B15F55D64280-SegmentedRaftLogWorker] INFO  segmented.SegmentedRaftLogWorker (SegmentedRaftLogWorker.java:execute(656)) - 97ece121-4ac7-48f5-a423-498260ac9270@group-B15F55D64280-SegmentedRaftLogWorker: created new log segment /home/runner/work/ozone/ozone/hadoop-ozone/integration-test/target/test-dir/MiniOzoneClusterImpl-94458d0b-d5a8-4c00-b4e5-5292a8a953be/datanode-0/data/ratis/c32929a4-ddb0-483e-9065-b15f55d64280/current/log_inprogress_0
2023-03-29 21:18:27,739 [grpc-default-executor-2] INFO  server.RaftServer$Division (RaftServerImpl.java:requestVote(1218)) - 69f3014f-ff88-49f1-a4e0-1e079fbb53ad@group-B117A9C3A2C5: receive requestVote(ELECTION, 97ece121-4ac7-48f5-a423-498260ac9270, group-B117A9C3A2C5, 1, (t:0, i:0))
2023-03-29 21:18:27,739 [grpc-default-executor-2] INFO  impl.VoteContext (VoteContext.java:log(49)) - 69f3014f-ff88-49f1-a4e0-1e079fbb53ad@group-B117A9C3A2C5-FOLLOWER: accept ELECTION from 97ece121-4ac7-48f5-a423-498260ac9270: our priority 0 <= candidate's priority 1
2023-03-29 21:18:27,739 [grpc-default-executor-2] INFO  server.RaftServer$Division (RaftServerImpl.java:setRole(321)) - 69f3014f-ff88-49f1-a4e0-1e079fbb53ad@group-B117A9C3A2C5: changes role from  FOLLOWER to FOLLOWER at term 1 for candidate:97ece121-4ac7-48f5-a423-498260ac9270
2023-03-29 21:18:27,739 [grpc-default-executor-2] INFO  impl.RoleInfo (RoleInfo.java:shutdownFollowerState(110)) - 69f3014f-ff88-49f1-a4e0-1e079fbb53ad: shutdown 69f3014f-ff88-49f1-a4e0-1e079fbb53ad@group-B117A9C3A2C5-FollowerState
2023-03-29 21:18:27,739 [grpc-default-executor-2] INFO  impl.RoleInfo (RoleInfo.java:updateAndGet(139)) - 69f3014f-ff88-49f1-a4e0-1e079fbb53ad: start 69f3014f-ff88-49f1-a4e0-1e079fbb53ad@group-B117A9C3A2C5-FollowerState
2023-03-29 21:18:27,739 [69f3014f-ff88-49f1-a4e0-1e079fbb53ad@group-B117A9C3A2C5-FollowerState] INFO  impl.FollowerState (FollowerState.java:run(152)) - 69f3014f-ff88-49f1-a4e0-1e079fbb53ad@group-B117A9C3A2C5-FollowerState was interrupted
2023-03-29 21:18:27,740 [grpc-default-executor-1] INFO  server.RaftServer$Division (RaftServerImpl.java:requestVote(1251)) - 300eaa66-db2c-41ba-add6-fa9c16cbce0b@group-B117A9C3A2C5 replies to ELECTION vote request: 97ece121-4ac7-48f5-a423-498260ac9270<-300eaa66-db2c-41ba-add6-fa9c16cbce0b#0:OK-t1. Peer's state: 300eaa66-db2c-41ba-add6-fa9c16cbce0b@group-B117A9C3A2C5:t1, leader=null, voted=97ece121-4ac7-48f5-a423-498260ac9270, raftlog=Memoized:300eaa66-db2c-41ba-add6-fa9c16cbce0b@group-B117A9C3A2C5-SegmentedRaftLog:OPENED:c-1, conf=-1: peers:[69f3014f-ff88-49f1-a4e0-1e079fbb53ad|rpc:10.1.0.17:40355|dataStream:10.1.0.17:41067|priority:0|startupRole:FOLLOWER, 300eaa66-db2c-41ba-add6-fa9c16cbce0b|rpc:10.1.0.17:35989|dataStream:10.1.0.17:40123|priority:0|startupRole:FOLLOWER, 97ece121-4ac7-48f5-a423-498260ac9270|rpc:10.1.0.17:34367|dataStream:10.1.0.17:37963|priority:1|startupRole:FOLLOWER]|listeners:[], old=null
2023-03-29 21:18:27,741 [69f3014f-ff88-49f1-a4e0-1e079fbb53ad@group-B117A9C3A2C5-FollowerState] INFO  server.RaftServerConfigKeys (ConfUtils.java:logFallback(53)) - raft.server.rpc.first-election.timeout.min = 5s (fallback to raft.server.rpc.timeout.min)
2023-03-29 21:18:27,741 [69f3014f-ff88-49f1-a4e0-1e079fbb53ad@group-B117A9C3A2C5-FollowerState] INFO  server.RaftServerConfigKeys (ConfUtils.java:logFallback(53)) - raft.server.rpc.first-election.timeout.max = 5200ms (fallback to raft.server.rpc.timeout.max)
2023-03-29 21:18:27,741 [97ece121-4ac7-48f5-a423-498260ac9270@group-B117A9C3A2C5-LeaderElection29] INFO  impl.LeaderElection (LeaderElection.java:logAndReturn(90)) - 97ece121-4ac7-48f5-a423-498260ac9270@group-B117A9C3A2C5-LeaderElection29: ELECTION PASSED received 1 response(s) and 0 exception(s):
2023-03-29 21:18:27,741 [97ece121-4ac7-48f5-a423-498260ac9270@group-B117A9C3A2C5-LeaderElection29] INFO  impl.LeaderElection (LeaderElection.java:logAndReturn(94)) -   Response 0: 97ece121-4ac7-48f5-a423-498260ac9270<-300eaa66-db2c-41ba-add6-fa9c16cbce0b#0:OK-t1
2023-03-29 21:18:27,741 [97ece121-4ac7-48f5-a423-498260ac9270@group-B117A9C3A2C5-LeaderElection29] INFO  impl.LeaderElection (LeaderElection.java:askForVotes(314)) - 97ece121-4ac7-48f5-a423-498260ac9270@group-B117A9C3A2C5-LeaderElection29 ELECTION round 0: result PASSED
2023-03-29 21:18:27,741 [97ece121-4ac7-48f5-a423-498260ac9270@group-B117A9C3A2C5-LeaderElection29] INFO  impl.RoleInfo (RoleInfo.java:shutdownLeaderElection(130)) - 97ece121-4ac7-48f5-a423-498260ac9270: shutdown 97ece121-4ac7-48f5-a423-498260ac9270@group-B117A9C3A2C5-LeaderElection29
2023-03-29 21:18:27,742 [97ece121-4ac7-48f5-a423-498260ac9270@group-B117A9C3A2C5-LeaderElection29] INFO  server.RaftServer$Division (RaftServerImpl.java:setRole(321)) - 97ece121-4ac7-48f5-a423-498260ac9270@group-B117A9C3A2C5: changes role from CANDIDATE to LEADER at term 1 for changeToLeader
2023-03-29 21:18:27,743 [97ece121-4ac7-48f5-a423-498260ac9270@group-B117A9C3A2C5-LeaderElection29] INFO  ratis.XceiverServerRatis (XceiverServerRatis.java:handleLeaderChangedNotification(904)) - Leader change notification received for group: group-B117A9C3A2C5 with new leaderId: 97ece121-4ac7-48f5-a423-498260ac9270
2023-03-29 21:18:27,743 [97ece121-4ac7-48f5-a423-498260ac9270@group-B117A9C3A2C5-LeaderElection29] INFO  server.RaftServer$Division (ServerState.java:setLeader(313)) - 97ece121-4ac7-48f5-a423-498260ac9270@group-B117A9C3A2C5: change Leader from null to 97ece121-4ac7-48f5-a423-498260ac9270 at term 1 for becomeLeader, leader elected after 5203ms
2023-03-29 21:18:27,743 [97ece121-4ac7-48f5-a423-498260ac9270@group-B117A9C3A2C5-LeaderElection29] INFO  server.RaftServerConfigKeys (ConfUtils.java:logGet(46)) - raft.server.staging.catchup.gap = 1000 (default)
2023-03-29 21:18:27,743 [97ece121-4ac7-48f5-a423-498260ac9270@group-B117A9C3A2C5-LeaderElection29] INFO  server.RaftServerConfigKeys (ConfUtils.java:logGet(46)) - raft.server.write.element-limit = 1024 (custom)
2023-03-29 21:18:27,743 [97ece121-4ac7-48f5-a423-498260ac9270@group-B117A9C3A2C5-LeaderElection29] INFO  server.RaftServerConfigKeys (ConfUtils.java:logGet(46)) - raft.server.write.byte-limit = 1024 M (=1073741824) (custom)
2023-03-29 21:18:27,743 [97ece121-4ac7-48f5-a423-498260ac9270@group-B117A9C3A2C5-LeaderElection29] INFO  server.RaftServerConfigKeys (ConfUtils.java:logGet(46)) - raft.server.watch.timeout = 180s (custom)
2023-03-29 21:18:27,743 [97ece121-4ac7-48f5-a423-498260ac9270@group-B117A9C3A2C5-LeaderElection29] INFO  server.RaftServerConfigKeys (ConfUtils.java:logGet(46)) - raft.server.watch.timeout.denomination = 1s (default)
2023-03-29 21:18:27,743 [97ece121-4ac7-48f5-a423-498260ac9270@group-B117A9C3A2C5-LeaderElection29] INFO  server.RaftServerConfigKeys (ConfUtils.java:logGet(46)) - raft.server.watch.element-limit = 65536 (default)
2023-03-29 21:18:27,743 [97ece121-4ac7-48f5-a423-498260ac9270@group-B117A9C3A2C5-LeaderElection29] INFO  server.RaftServerConfigKeys (ConfUtils.java:logGet(46)) - raft.server.write.element-limit = 1024 (custom)
2023-03-29 21:18:27,743 [97ece121-4ac7-48f5-a423-498260ac9270@group-B117A9C3A2C5-LeaderElection29] INFO  server.RaftServerConfigKeys (ConfUtils.java:logGet(46)) - raft.server.write.follower.gap.ratio.max = -1.0 (default)
2023-03-29 21:18:27,744 [97ece121-4ac7-48f5-a423-498260ac9270@group-B117A9C3A2C5-LeaderElection29] INFO  server.RaftServerConfigKeys (ConfUtils.java:logGet(46)) - raft.server.log.appender.snapshot.chunk.size.max = 16MB (=16777216) (default)
2023-03-29 21:18:27,744 [97ece121-4ac7-48f5-a423-498260ac9270@group-B117A9C3A2C5-LeaderElection29] INFO  server.RaftServerConfigKeys (ConfUtils.java:logGet(46)) - raft.server.log.appender.buffer.byte-limit = 33554432 (custom)
2023-03-29 21:18:27,744 [97ece121-4ac7-48f5-a423-498260ac9270@group-B117A9C3A2C5-LeaderElection29] INFO  server.RaftServerConfigKeys (ConfUtils.java:logGet(46)) - raft.server.log.appender.buffer.element-limit = 1 (custom)
2023-03-29 21:18:27,744 [97ece121-4ac7-48f5-a423-498260ac9270@group-B117A9C3A2C5-LeaderElection29] INFO  grpc.GrpcConfigKeys (ConfUtils.java:logGet(46)) - raft.grpc.server.leader.outstanding.appends.max = 128 (default)
2023-03-29 21:18:27,744 [97ece121-4ac7-48f5-a423-498260ac9270@group-B117A9C3A2C5-LeaderElection29] INFO  server.RaftServerConfigKeys (ConfUtils.java:logGet(46)) - raft.server.rpc.request.timeout = 60s (custom)
2023-03-29 21:18:27,744 [97ece121-4ac7-48f5-a423-498260ac9270@group-B117A9C3A2C5-LeaderElection29] INFO  server.RaftServerConfigKeys (ConfUtils.java:logGet(46)) - raft.server.log.appender.install.snapshot.enabled = false (custom)
2023-03-29 21:18:27,744 [97ece121-4ac7-48f5-a423-498260ac9270@group-B117A9C3A2C5-LeaderElection29] INFO  grpc.GrpcConfigKeys (ConfUtils.java:logGet(46)) - raft.grpc.server.heartbeat.channel = true (default)
2023-03-29 21:18:27,744 [97ece121-4ac7-48f5-a423-498260ac9270@group-B117A9C3A2C5-LeaderElection29] INFO  server.RaftServerConfigKeys (ConfUtils.java:logGet(46)) - raft.server.log.appender.wait-time.min = 10ms (default)
2023-03-29 21:18:27,744 [97ece121-4ac7-48f5-a423-498260ac9270@group-B117A9C3A2C5-LeaderElection29] INFO  server.RaftServerConfigKeys (ConfUtils.java:logGet(46)) - raft.server.log.appender.snapshot.chunk.size.max = 16MB (=16777216) (default)
2023-03-29 21:18:27,744 [97ece121-4ac7-48f5-a423-498260ac9270@group-B117A9C3A2C5-LeaderElection29] INFO  server.RaftServerConfigKeys (ConfUtils.java:logGet(46)) - raft.server.log.appender.buffer.byte-limit = 33554432 (custom)
2023-03-29 21:18:27,744 [97ece121-4ac7-48f5-a423-498260ac9270@group-B117A9C3A2C5-LeaderElection29] INFO  server.RaftServerConfigKeys (ConfUtils.java:logGet(46)) - raft.server.log.appender.buffer.element-limit = 1 (custom)
2023-03-29 21:18:27,744 [97ece121-4ac7-48f5-a423-498260ac9270@group-B117A9C3A2C5-LeaderElection29] INFO  grpc.GrpcConfigKeys (ConfUtils.java:logGet(46)) - raft.grpc.server.leader.outstanding.appends.max = 128 (default)
2023-03-29 21:18:27,744 [97ece121-4ac7-48f5-a423-498260ac9270@group-B117A9C3A2C5-LeaderElection29] INFO  server.RaftServerConfigKeys (ConfUtils.java:logGet(46)) - raft.server.rpc.request.timeout = 60s (custom)
2023-03-29 21:18:27,745 [97ece121-4ac7-48f5-a423-498260ac9270@group-B117A9C3A2C5-LeaderElection29] INFO  server.RaftServerConfigKeys (ConfUtils.java:logGet(46)) - raft.server.log.appender.install.snapshot.enabled = false (custom)
2023-03-29 21:18:27,745 [97ece121-4ac7-48f5-a423-498260ac9270@group-B117A9C3A2C5-LeaderElection29] INFO  grpc.GrpcConfigKeys (ConfUtils.java:logGet(46)) - raft.grpc.server.heartbeat.channel = true (default)
2023-03-29 21:18:27,745 [97ece121-4ac7-48f5-a423-498260ac9270@group-B117A9C3A2C5-LeaderElection29] INFO  server.RaftServerConfigKeys (ConfUtils.java:logGet(46)) - raft.server.log.appender.wait-time.min = 10ms (default)
2023-03-29 21:18:27,745 [97ece121-4ac7-48f5-a423-498260ac9270@group-B117A9C3A2C5-LeaderElection29] INFO  impl.RoleInfo (RoleInfo.java:updateAndGet(139)) - 97ece121-4ac7-48f5-a423-498260ac9270: start 97ece121-4ac7-48f5-a423-498260ac9270@group-B117A9C3A2C5-LeaderStateImpl
2023-03-29 21:18:27,745 [97ece121-4ac7-48f5-a423-498260ac9270@group-B117A9C3A2C5-LeaderElection29] INFO  segmented.SegmentedRaftLogWorker (SegmentedRaftLogWorker.java:startLogSegment(452)) - 97ece121-4ac7-48f5-a423-498260ac9270@group-B117A9C3A2C5-SegmentedRaftLogWorker: Starting segment from index:0
2023-03-29 21:18:27,742 [grpc-default-executor-2] INFO  server.RaftServer$Division (RaftServerImpl.java:requestVote(1251)) - 69f3014f-ff88-49f1-a4e0-1e079fbb53ad@group-B117A9C3A2C5 replies to ELECTION vote request: 97ece121-4ac7-48f5-a423-498260ac9270<-69f3014f-ff88-49f1-a4e0-1e079fbb53ad#0:OK-t1. Peer's state: 69f3014f-ff88-49f1-a4e0-1e079fbb53ad@group-B117A9C3A2C5:t1, leader=null, voted=97ece121-4ac7-48f5-a423-498260ac9270, raftlog=Memoized:69f3014f-ff88-49f1-a4e0-1e079fbb53ad@group-B117A9C3A2C5-SegmentedRaftLog:OPENED:c-1, conf=-1: peers:[69f3014f-ff88-49f1-a4e0-1e079fbb53ad|rpc:10.1.0.17:40355|dataStream:10.1.0.17:41067|priority:0|startupRole:FOLLOWER, 300eaa66-db2c-41ba-add6-fa9c16cbce0b|rpc:10.1.0.17:35989|dataStream:10.1.0.17:40123|priority:0|startupRole:FOLLOWER, 97ece121-4ac7-48f5-a423-498260ac9270|rpc:10.1.0.17:34367|dataStream:10.1.0.17:37963|priority:1|startupRole:FOLLOWER]|listeners:[], old=null
2023-03-29 21:18:27,746 [EventQueue-PipelineReportForPipelineReportHandler] INFO  pipeline.PipelineManagerImpl (PipelineManagerImpl.java:openPipeline(367)) - Pipeline Pipeline[ Id: 5d4c63f5-fc24-46ba-8347-b117a9c3a2c5, Nodes: 300eaa66-db2c-41ba-add6-fa9c16cbce0b(fv-az308-773/10.1.0.17)97ece121-4ac7-48f5-a423-498260ac9270(fv-az308-773/10.1.0.17)69f3014f-ff88-49f1-a4e0-1e079fbb53ad(fv-az308-773/10.1.0.17), ReplicationConfig: RATIS/THREE, State:ALLOCATED, leaderId:97ece121-4ac7-48f5-a423-498260ac9270, CreationTimestamp2023-03-29T21:18:20.212Z[Etc/UTC]] moved to OPEN state
2023-03-29 21:18:27,746 [EventQueue-OpenPipelineForHealthyPipelineSafeModeRule] INFO  safemode.SCMSafeModeManager (HealthyPipelineSafeModeRule.java:process(137)) - SCM in safe mode. Healthy pipelines reported count is 1, required healthy pipeline reported count is 1
2023-03-29 21:18:27,747 [EventQueue-OpenPipelineForHealthyPipelineSafeModeRule] INFO  safemode.SCMSafeModeManager (SCMSafeModeManager.java:validateSafeModeExitRules(200)) - HealthyPipelineSafeModeRule rule is successfully validated
2023-03-29 21:18:27,747 [EventQueue-OpenPipelineForHealthyPipelineSafeModeRule] INFO  safemode.SCMSafeModeManager (SCMSafeModeManager.java:validateSafeModeExitRules(215)) - ScmSafeModeManager, all rules are successfully validated
2023-03-29 21:18:27,747 [EventQueue-OpenPipelineForHealthyPipelineSafeModeRule] INFO  safemode.SCMSafeModeManager (SCMSafeModeManager.java:exitSafeMode(244)) - SCM exiting safe mode.
2023-03-29 21:18:27,747 [97ece121-4ac7-48f5-a423-498260ac9270@group-B117A9C3A2C5-SegmentedRaftLogWorker] INFO  segmented.SegmentedRaftLogWorker (SegmentedRaftLogWorker.java:execute(656)) - 97ece121-4ac7-48f5-a423-498260ac9270@group-B117A9C3A2C5-SegmentedRaftLogWorker: created new log segment /home/runner/work/ozone/ozone/hadoop-ozone/integration-test/target/test-dir/MiniOzoneClusterImpl-94458d0b-d5a8-4c00-b4e5-5292a8a953be/datanode-0/data/ratis/5d4c63f5-fc24-46ba-8347-b117a9c3a2c5/current/log_inprogress_0
2023-03-29 21:18:27,747 [EventQueue-OpenPipelineForHealthyPipelineSafeModeRule] INFO  ha.SCMContext (SCMContext.java:updateSafeModeStatus(228)) - Update SafeModeStatus from SafeModeStatus{safeModeStatus=true, preCheckPassed=true} to SafeModeStatus{safeModeStatus=false, preCheckPassed=true}.
2023-03-29 21:18:27,747 [EventQueue-OpenPipelineForHealthyPipelineSafeModeRule] INFO  pipeline.BackgroundPipelineCreator (BackgroundPipelineCreator.java:notifyStatusChanged(254)) - Service BackgroundPipelineCreator transitions to RUNNING.
2023-03-29 21:18:27,747 [EventQueue-OpenPipelineForHealthyPipelineSafeModeRule] INFO  BackgroundPipelineScrubber (BackgroundSCMService.java:notifyStatusChanged(82)) - Service BackgroundPipelineScrubber transitions to RUNNING.
2023-03-29 21:18:27,747 [EventQueue-OpenPipelineForHealthyPipelineSafeModeRule] INFO  ExpiredContainerReplicaOpScrubber (BackgroundSCMService.java:notifyStatusChanged(82)) - Service ExpiredContainerReplicaOpScrubber transitions to RUNNING.
2023-03-29 21:18:27,747 [EventQueue-OpenPipelineForHealthyPipelineSafeModeRule] INFO  replication.ReplicationManager (ReplicationManager.java:notifyStatusChanged(1255)) - Service ReplicationManager transitions to RUNNING.
2023-03-29 21:18:27,747 [EventQueue-OpenPipelineForHealthyPipelineSafeModeRule] WARN  balancer.ContainerBalancer (ContainerBalancer.java:shouldRun(132)) - Could not find persisted configuration for ContainerBalancer when checking if ContainerBalancer should run. ContainerBalancer should not run now.
2023-03-29 21:18:27,754 [97ece121-4ac7-48f5-a423-498260ac9270@group-B117A9C3A2C5-LeaderElection29] INFO  server.RaftServer$Division (ServerState.java:setRaftConf(430)) - 97ece121-4ac7-48f5-a423-498260ac9270@group-B117A9C3A2C5: set configuration 0: peers:[69f3014f-ff88-49f1-a4e0-1e079fbb53ad|rpc:10.1.0.17:40355|dataStream:10.1.0.17:41067|priority:0|startupRole:FOLLOWER, 300eaa66-db2c-41ba-add6-fa9c16cbce0b|rpc:10.1.0.17:35989|dataStream:10.1.0.17:40123|priority:0|startupRole:FOLLOWER, 97ece121-4ac7-48f5-a423-498260ac9270|rpc:10.1.0.17:34367|dataStream:10.1.0.17:37963|priority:1|startupRole:FOLLOWER]|listeners:[], old=null
2023-03-29 21:18:27,760 [300eaa66-db2c-41ba-add6-fa9c16cbce0b-server-thread1] INFO  ratis.XceiverServerRatis (XceiverServerRatis.java:handleLeaderChangedNotification(904)) - Leader change notification received for group: group-B117A9C3A2C5 with new leaderId: 97ece121-4ac7-48f5-a423-498260ac9270
2023-03-29 21:18:27,760 [300eaa66-db2c-41ba-add6-fa9c16cbce0b-server-thread1] INFO  server.RaftServer$Division (ServerState.java:setLeader(313)) - 300eaa66-db2c-41ba-add6-fa9c16cbce0b@group-B117A9C3A2C5: change Leader from null to 97ece121-4ac7-48f5-a423-498260ac9270 at term 1 for appendEntries, leader elected after 5185ms
2023-03-29 21:18:27,762 [300eaa66-db2c-41ba-add6-fa9c16cbce0b-server-thread2] INFO  server.RaftServer$Division (ServerState.java:setRaftConf(430)) - 300eaa66-db2c-41ba-add6-fa9c16cbce0b@group-B117A9C3A2C5: set configuration 0: peers:[69f3014f-ff88-49f1-a4e0-1e079fbb53ad|rpc:10.1.0.17:40355|dataStream:10.1.0.17:41067|priority:0|startupRole:FOLLOWER, 300eaa66-db2c-41ba-add6-fa9c16cbce0b|rpc:10.1.0.17:35989|dataStream:10.1.0.17:40123|priority:0|startupRole:FOLLOWER, 97ece121-4ac7-48f5-a423-498260ac9270|rpc:10.1.0.17:34367|dataStream:10.1.0.17:37963|priority:1|startupRole:FOLLOWER]|listeners:[], old=null
2023-03-29 21:18:27,762 [300eaa66-db2c-41ba-add6-fa9c16cbce0b-server-thread2] INFO  segmented.SegmentedRaftLogWorker (SegmentedRaftLogWorker.java:startLogSegment(452)) - 300eaa66-db2c-41ba-add6-fa9c16cbce0b@group-B117A9C3A2C5-SegmentedRaftLogWorker: Starting segment from index:0
2023-03-29 21:18:27,763 [300eaa66-db2c-41ba-add6-fa9c16cbce0b@group-B117A9C3A2C5-SegmentedRaftLogWorker] INFO  segmented.SegmentedRaftLogWorker (SegmentedRaftLogWorker.java:execute(656)) - 300eaa66-db2c-41ba-add6-fa9c16cbce0b@group-B117A9C3A2C5-SegmentedRaftLogWorker: created new log segment /home/runner/work/ozone/ozone/hadoop-ozone/integration-test/target/test-dir/MiniOzoneClusterImpl-94458d0b-d5a8-4c00-b4e5-5292a8a953be/datanode-1/data/ratis/5d4c63f5-fc24-46ba-8347-b117a9c3a2c5/current/log_inprogress_0
2023-03-29 21:18:27,772 [300eaa66-db2c-41ba-add6-fa9c16cbce0b@group-3702C0C83597-FollowerState] INFO  server.RaftServerConfigKeys (ConfUtils.java:logFallback(53)) - raft.server.rpc.first-election.timeout.min = 5s (fallback to raft.server.rpc.timeout.min)
2023-03-29 21:18:27,773 [300eaa66-db2c-41ba-add6-fa9c16cbce0b@group-3702C0C83597-FollowerState] INFO  server.RaftServerConfigKeys (ConfUtils.java:logFallback(53)) - raft.server.rpc.first-election.timeout.max = 5200ms (fallback to raft.server.rpc.timeout.max)
2023-03-29 21:18:27,773 [69f3014f-ff88-49f1-a4e0-1e079fbb53ad-server-thread2] INFO  ratis.XceiverServerRatis (XceiverServerRatis.java:handleLeaderChangedNotification(904)) - Leader change notification received for group: group-B117A9C3A2C5 with new leaderId: 97ece121-4ac7-48f5-a423-498260ac9270
2023-03-29 21:18:27,773 [69f3014f-ff88-49f1-a4e0-1e079fbb53ad-server-thread2] INFO  server.RaftServer$Division (ServerState.java:setLeader(313)) - 69f3014f-ff88-49f1-a4e0-1e079fbb53ad@group-B117A9C3A2C5: change Leader from null to 97ece121-4ac7-48f5-a423-498260ac9270 at term 1 for appendEntries, leader elected after 5161ms
2023-03-29 21:18:27,776 [69f3014f-ff88-49f1-a4e0-1e079fbb53ad-server-thread2] INFO  server.RaftServer$Division (ServerState.java:setRaftConf(430)) - 69f3014f-ff88-49f1-a4e0-1e079fbb53ad@group-B117A9C3A2C5: set configuration 0: peers:[69f3014f-ff88-49f1-a4e0-1e079fbb53ad|rpc:10.1.0.17:40355|dataStream:10.1.0.17:41067|priority:0|startupRole:FOLLOWER, 300eaa66-db2c-41ba-add6-fa9c16cbce0b|rpc:10.1.0.17:35989|dataStream:10.1.0.17:40123|priority:0|startupRole:FOLLOWER, 97ece121-4ac7-48f5-a423-498260ac9270|rpc:10.1.0.17:34367|dataStream:10.1.0.17:37963|priority:1|startupRole:FOLLOWER]|listeners:[], old=null
2023-03-29 21:18:27,776 [69f3014f-ff88-49f1-a4e0-1e079fbb53ad-server-thread2] INFO  segmented.SegmentedRaftLogWorker (SegmentedRaftLogWorker.java:startLogSegment(452)) - 69f3014f-ff88-49f1-a4e0-1e079fbb53ad@group-B117A9C3A2C5-SegmentedRaftLogWorker: Starting segment from index:0
2023-03-29 21:18:27,777 [69f3014f-ff88-49f1-a4e0-1e079fbb53ad@group-B117A9C3A2C5-SegmentedRaftLogWorker] INFO  segmented.SegmentedRaftLogWorker (SegmentedRaftLogWorker.java:execute(656)) - 69f3014f-ff88-49f1-a4e0-1e079fbb53ad@group-B117A9C3A2C5-SegmentedRaftLogWorker: created new log segment /home/runner/work/ozone/ozone/hadoop-ozone/integration-test/target/test-dir/MiniOzoneClusterImpl-94458d0b-d5a8-4c00-b4e5-5292a8a953be/datanode-2/data/ratis/5d4c63f5-fc24-46ba-8347-b117a9c3a2c5/current/log_inprogress_0
2023-03-29 21:18:27,824 [69f3014f-ff88-49f1-a4e0-1e079fbb53ad@group-3702C0C83597-FollowerState] INFO  impl.FollowerState (FollowerState.java:run(143)) - 69f3014f-ff88-49f1-a4e0-1e079fbb53ad@group-3702C0C83597-FollowerState: change to CANDIDATE, lastRpcElapsedTime:5155034649ns, electionTimeout:5150ms
2023-03-29 21:18:27,824 [69f3014f-ff88-49f1-a4e0-1e079fbb53ad@group-3702C0C83597-FollowerState] INFO  impl.RoleInfo (RoleInfo.java:shutdownFollowerState(110)) - 69f3014f-ff88-49f1-a4e0-1e079fbb53ad: shutdown 69f3014f-ff88-49f1-a4e0-1e079fbb53ad@group-3702C0C83597-FollowerState
2023-03-29 21:18:27,824 [69f3014f-ff88-49f1-a4e0-1e079fbb53ad@group-3702C0C83597-FollowerState] INFO  server.RaftServer$Division (RaftServerImpl.java:setRole(321)) - 69f3014f-ff88-49f1-a4e0-1e079fbb53ad@group-3702C0C83597: changes role from  FOLLOWER to CANDIDATE at term 0 for changeToCandidate
2023-03-29 21:18:27,824 [69f3014f-ff88-49f1-a4e0-1e079fbb53ad@group-3702C0C83597-FollowerState] INFO  server.RaftServerConfigKeys (ConfUtils.java:logGet(46)) - raft.server.leaderelection.pre-vote = true (default)
2023-03-29 21:18:27,824 [69f3014f-ff88-49f1-a4e0-1e079fbb53ad@group-3702C0C83597-FollowerState] INFO  impl.RoleInfo (RoleInfo.java:updateAndGet(139)) - 69f3014f-ff88-49f1-a4e0-1e079fbb53ad: start 69f3014f-ff88-49f1-a4e0-1e079fbb53ad@group-3702C0C83597-LeaderElection32
2023-03-29 21:18:27,825 [69f3014f-ff88-49f1-a4e0-1e079fbb53ad@group-3702C0C83597-LeaderElection32] INFO  impl.LeaderElection (LeaderElection.java:askForVotes(312)) - 69f3014f-ff88-49f1-a4e0-1e079fbb53ad@group-3702C0C83597-LeaderElection32 PRE_VOTE round 0: submit vote requests at term 0 for -1: peers:[69f3014f-ff88-49f1-a4e0-1e079fbb53ad|rpc:10.1.0.17:40355|dataStream:10.1.0.17:41067|priority:1|startupRole:FOLLOWER, 300eaa66-db2c-41ba-add6-fa9c16cbce0b|rpc:10.1.0.17:35989|dataStream:10.1.0.17:40123|priority:0|startupRole:FOLLOWER, 97ece121-4ac7-48f5-a423-498260ac9270|rpc:10.1.0.17:34367|dataStream:10.1.0.17:37963|priority:0|startupRole:FOLLOWER]|listeners:[], old=null
2023-03-29 21:18:27,828 [69f3014f-ff88-49f1-a4e0-1e079fbb53ad@group-3702C0C83597-LeaderElection32] INFO  server.RaftServerConfigKeys (ConfUtils.java:logFallback(53)) - raft.server.rpc.first-election.timeout.min = 5s (fallback to raft.server.rpc.timeout.min)
2023-03-29 21:18:27,828 [69f3014f-ff88-49f1-a4e0-1e079fbb53ad@group-3702C0C83597-LeaderElection32] INFO  server.RaftServerConfigKeys (ConfUtils.java:logFallback(53)) - raft.server.rpc.first-election.timeout.max = 5200ms (fallback to raft.server.rpc.timeout.max)
2023-03-29 21:18:27,834 [grpc-default-executor-1] INFO  server.RaftServer$Division (RaftServerImpl.java:requestVote(1218)) - 300eaa66-db2c-41ba-add6-fa9c16cbce0b@group-3702C0C83597: receive requestVote(PRE_VOTE, 69f3014f-ff88-49f1-a4e0-1e079fbb53ad, group-3702C0C83597, 0, (t:0, i:0))
2023-03-29 21:18:27,834 [grpc-default-executor-1] INFO  impl.VoteContext (VoteContext.java:log(49)) - 300eaa66-db2c-41ba-add6-fa9c16cbce0b@group-3702C0C83597-FOLLOWER: accept PRE_VOTE from 69f3014f-ff88-49f1-a4e0-1e079fbb53ad: our priority 0 <= candidate's priority 1
2023-03-29 21:18:27,834 [grpc-default-executor-1] INFO  server.RaftServer$Division (RaftServerImpl.java:requestVote(1251)) - 300eaa66-db2c-41ba-add6-fa9c16cbce0b@group-3702C0C83597 replies to PRE_VOTE vote request: 69f3014f-ff88-49f1-a4e0-1e079fbb53ad<-300eaa66-db2c-41ba-add6-fa9c16cbce0b#0:OK-t0. Peer's state: 300eaa66-db2c-41ba-add6-fa9c16cbce0b@group-3702C0C83597:t0, leader=null, voted=, raftlog=Memoized:300eaa66-db2c-41ba-add6-fa9c16cbce0b@group-3702C0C83597-SegmentedRaftLog:OPENED:c-1, conf=-1: peers:[69f3014f-ff88-49f1-a4e0-1e079fbb53ad|rpc:10.1.0.17:40355|dataStream:10.1.0.17:41067|priority:1|startupRole:FOLLOWER, 300eaa66-db2c-41ba-add6-fa9c16cbce0b|rpc:10.1.0.17:35989|dataStream:10.1.0.17:40123|priority:0|startupRole:FOLLOWER, 97ece121-4ac7-48f5-a423-498260ac9270|rpc:10.1.0.17:34367|dataStream:10.1.0.17:37963|priority:0|startupRole:FOLLOWER]|listeners:[], old=null
2023-03-29 21:18:27,841 [69f3014f-ff88-49f1-a4e0-1e079fbb53ad@group-3702C0C83597-LeaderElection32] INFO  impl.LeaderElection (LeaderElection.java:logAndReturn(90)) - 69f3014f-ff88-49f1-a4e0-1e079fbb53ad@group-3702C0C83597-LeaderElection32: PRE_VOTE PASSED received 1 response(s) and 0 exception(s):
2023-03-29 21:18:27,841 [69f3014f-ff88-49f1-a4e0-1e079fbb53ad@group-3702C0C83597-LeaderElection32] INFO  impl.LeaderElection (LeaderElection.java:logAndReturn(94)) -   Response 0: 69f3014f-ff88-49f1-a4e0-1e079fbb53ad<-300eaa66-db2c-41ba-add6-fa9c16cbce0b#0:OK-t0
2023-03-29 21:18:27,841 [69f3014f-ff88-49f1-a4e0-1e079fbb53ad@group-3702C0C83597-LeaderElection32] INFO  impl.LeaderElection (LeaderElection.java:askForVotes(314)) - 69f3014f-ff88-49f1-a4e0-1e079fbb53ad@group-3702C0C83597-LeaderElection32 PRE_VOTE round 0: result PASSED
2023-03-29 21:18:27,842 [69f3014f-ff88-49f1-a4e0-1e079fbb53ad@group-3702C0C83597-LeaderElection32] INFO  impl.LeaderElection (LeaderElection.java:askForVotes(312)) - 69f3014f-ff88-49f1-a4e0-1e079fbb53ad@group-3702C0C83597-LeaderElection32 ELECTION round 0: submit vote requests at term 1 for -1: peers:[69f3014f-ff88-49f1-a4e0-1e079fbb53ad|rpc:10.1.0.17:40355|dataStream:10.1.0.17:41067|priority:1|startupRole:FOLLOWER, 300eaa66-db2c-41ba-add6-fa9c16cbce0b|rpc:10.1.0.17:35989|dataStream:10.1.0.17:40123|priority:0|startupRole:FOLLOWER, 97ece121-4ac7-48f5-a423-498260ac9270|rpc:10.1.0.17:34367|dataStream:10.1.0.17:37963|priority:0|startupRole:FOLLOWER]|listeners:[], old=null
2023-03-29 21:18:27,843 [grpc-default-executor-1] INFO  server.RaftServer$Division (RaftServerImpl.java:requestVote(1218)) - 97ece121-4ac7-48f5-a423-498260ac9270@group-3702C0C83597: receive requestVote(PRE_VOTE, 69f3014f-ff88-49f1-a4e0-1e079fbb53ad, group-3702C0C83597, 0, (t:0, i:0))
2023-03-29 21:18:27,843 [grpc-default-executor-1] INFO  impl.VoteContext (VoteContext.java:log(49)) - 97ece121-4ac7-48f5-a423-498260ac9270@group-3702C0C83597-FOLLOWER: accept PRE_VOTE from 69f3014f-ff88-49f1-a4e0-1e079fbb53ad: our priority 0 <= candidate's priority 1
2023-03-29 21:18:27,843 [grpc-default-executor-1] INFO  server.RaftServer$Division (RaftServerImpl.java:requestVote(1251)) - 97ece121-4ac7-48f5-a423-498260ac9270@group-3702C0C83597 replies to PRE_VOTE vote request: 69f3014f-ff88-49f1-a4e0-1e079fbb53ad<-97ece121-4ac7-48f5-a423-498260ac9270#0:OK-t0. Peer's state: 97ece121-4ac7-48f5-a423-498260ac9270@group-3702C0C83597:t0, leader=null, voted=, raftlog=Memoized:97ece121-4ac7-48f5-a423-498260ac9270@group-3702C0C83597-SegmentedRaftLog:OPENED:c-1, conf=-1: peers:[69f3014f-ff88-49f1-a4e0-1e079fbb53ad|rpc:10.1.0.17:40355|dataStream:10.1.0.17:41067|priority:1|startupRole:FOLLOWER, 300eaa66-db2c-41ba-add6-fa9c16cbce0b|rpc:10.1.0.17:35989|dataStream:10.1.0.17:40123|priority:0|startupRole:FOLLOWER, 97ece121-4ac7-48f5-a423-498260ac9270|rpc:10.1.0.17:34367|dataStream:10.1.0.17:37963|priority:0|startupRole:FOLLOWER]|listeners:[], old=null
2023-03-29 21:18:27,845 [69f3014f-ff88-49f1-a4e0-1e079fbb53ad@group-3702C0C83597-LeaderElection32] INFO  server.RaftServerConfigKeys (ConfUtils.java:logFallback(53)) - raft.server.rpc.first-election.timeout.min = 5s (fallback to raft.server.rpc.timeout.min)
2023-03-29 21:18:27,845 [69f3014f-ff88-49f1-a4e0-1e079fbb53ad@group-3702C0C83597-LeaderElection32] INFO  server.RaftServerConfigKeys (ConfUtils.java:logFallback(53)) - raft.server.rpc.first-election.timeout.max = 5200ms (fallback to raft.server.rpc.timeout.max)
2023-03-29 21:18:27,850 [grpc-default-executor-1] INFO  server.RaftServer$Division (RaftServerImpl.java:requestVote(1218)) - 300eaa66-db2c-41ba-add6-fa9c16cbce0b@group-3702C0C83597: receive requestVote(ELECTION, 69f3014f-ff88-49f1-a4e0-1e079fbb53ad, group-3702C0C83597, 1, (t:0, i:0))
2023-03-29 21:18:27,850 [grpc-default-executor-1] INFO  impl.VoteContext (VoteContext.java:log(49)) - 300eaa66-db2c-41ba-add6-fa9c16cbce0b@group-3702C0C83597-FOLLOWER: accept ELECTION from 69f3014f-ff88-49f1-a4e0-1e079fbb53ad: our priority 0 <= candidate's priority 1
2023-03-29 21:18:27,850 [grpc-default-executor-1] INFO  server.RaftServer$Division (RaftServerImpl.java:setRole(321)) - 300eaa66-db2c-41ba-add6-fa9c16cbce0b@group-3702C0C83597: changes role from  FOLLOWER to FOLLOWER at term 1 for candidate:69f3014f-ff88-49f1-a4e0-1e079fbb53ad
2023-03-29 21:18:27,850 [grpc-default-executor-1] INFO  impl.RoleInfo (RoleInfo.java:shutdownFollowerState(110)) - 300eaa66-db2c-41ba-add6-fa9c16cbce0b: shutdown 300eaa66-db2c-41ba-add6-fa9c16cbce0b@group-3702C0C83597-FollowerState
2023-03-29 21:18:27,850 [grpc-default-executor-1] INFO  impl.RoleInfo (RoleInfo.java:updateAndGet(139)) - 300eaa66-db2c-41ba-add6-fa9c16cbce0b: start 300eaa66-db2c-41ba-add6-fa9c16cbce0b@group-3702C0C83597-FollowerState
2023-03-29 21:18:27,850 [300eaa66-db2c-41ba-add6-fa9c16cbce0b@group-3702C0C83597-FollowerState] INFO  impl.FollowerState (FollowerState.java:run(152)) - 300eaa66-db2c-41ba-add6-fa9c16cbce0b@group-3702C0C83597-FollowerState was interrupted
2023-03-29 21:18:27,854 [grpc-default-executor-3] INFO  server.RaftServer$Division (RaftServerImpl.java:requestVote(1218)) - 97ece121-4ac7-48f5-a423-498260ac9270@group-3702C0C83597: receive requestVote(ELECTION, 69f3014f-ff88-49f1-a4e0-1e079fbb53ad, group-3702C0C83597, 1, (t:0, i:0))
2023-03-29 21:18:27,854 [grpc-default-executor-3] INFO  impl.VoteContext (VoteContext.java:log(49)) - 97ece121-4ac7-48f5-a423-498260ac9270@group-3702C0C83597-FOLLOWER: accept ELECTION from 69f3014f-ff88-49f1-a4e0-1e079fbb53ad: our priority 0 <= candidate's priority 1
2023-03-29 21:18:27,854 [grpc-default-executor-3] INFO  server.RaftServer$Division (RaftServerImpl.java:setRole(321)) - 97ece121-4ac7-48f5-a423-498260ac9270@group-3702C0C83597: changes role from  FOLLOWER to FOLLOWER at term 1 for candidate:69f3014f-ff88-49f1-a4e0-1e079fbb53ad
2023-03-29 21:18:27,854 [grpc-default-executor-3] INFO  impl.RoleInfo (RoleInfo.java:shutdownFollowerState(110)) - 97ece121-4ac7-48f5-a423-498260ac9270: shutdown 97ece121-4ac7-48f5-a423-498260ac9270@group-3702C0C83597-FollowerState
2023-03-29 21:18:27,854 [grpc-default-executor-3] INFO  impl.RoleInfo (RoleInfo.java:updateAndGet(139)) - 97ece121-4ac7-48f5-a423-498260ac9270: start 97ece121-4ac7-48f5-a423-498260ac9270@group-3702C0C83597-FollowerState
2023-03-29 21:18:27,854 [97ece121-4ac7-48f5-a423-498260ac9270@group-3702C0C83597-FollowerState] INFO  impl.FollowerState (FollowerState.java:run(152)) - 97ece121-4ac7-48f5-a423-498260ac9270@group-3702C0C83597-FollowerState was interrupted
2023-03-29 21:18:27,855 [300eaa66-db2c-41ba-add6-fa9c16cbce0b@group-3702C0C83597-FollowerState] INFO  server.RaftServerConfigKeys (ConfUtils.java:logFallback(53)) - raft.server.rpc.first-election.timeout.min = 5s (fallback to raft.server.rpc.timeout.min)
2023-03-29 21:18:27,855 [300eaa66-db2c-41ba-add6-fa9c16cbce0b@group-3702C0C83597-FollowerState] INFO  server.RaftServerConfigKeys (ConfUtils.java:logFallback(53)) - raft.server.rpc.first-election.timeout.max = 5200ms (fallback to raft.server.rpc.timeout.max)
2023-03-29 21:18:27,855 [grpc-default-executor-1] INFO  server.RaftServer$Division (RaftServerImpl.java:requestVote(1251)) - 300eaa66-db2c-41ba-add6-fa9c16cbce0b@group-3702C0C83597 replies to ELECTION vote request: 69f3014f-ff88-49f1-a4e0-1e079fbb53ad<-300eaa66-db2c-41ba-add6-fa9c16cbce0b#0:OK-t1. Peer's state: 300eaa66-db2c-41ba-add6-fa9c16cbce0b@group-3702C0C83597:t1, leader=null, voted=69f3014f-ff88-49f1-a4e0-1e079fbb53ad, raftlog=Memoized:300eaa66-db2c-41ba-add6-fa9c16cbce0b@group-3702C0C83597-SegmentedRaftLog:OPENED:c-1, conf=-1: peers:[69f3014f-ff88-49f1-a4e0-1e079fbb53ad|rpc:10.1.0.17:40355|dataStream:10.1.0.17:41067|priority:1|startupRole:FOLLOWER, 300eaa66-db2c-41ba-add6-fa9c16cbce0b|rpc:10.1.0.17:35989|dataStream:10.1.0.17:40123|priority:0|startupRole:FOLLOWER, 97ece121-4ac7-48f5-a423-498260ac9270|rpc:10.1.0.17:34367|dataStream:10.1.0.17:37963|priority:0|startupRole:FOLLOWER]|listeners:[], old=null
2023-03-29 21:18:27,856 [69f3014f-ff88-49f1-a4e0-1e079fbb53ad@group-3702C0C83597-LeaderElection32] INFO  impl.LeaderElection (LeaderElection.java:logAndReturn(90)) - 69f3014f-ff88-49f1-a4e0-1e079fbb53ad@group-3702C0C83597-LeaderElection32: ELECTION PASSED received 1 response(s) and 0 exception(s):
2023-03-29 21:18:27,856 [69f3014f-ff88-49f1-a4e0-1e079fbb53ad@group-3702C0C83597-LeaderElection32] INFO  impl.LeaderElection (LeaderElection.java:logAndReturn(94)) -   Response 0: 69f3014f-ff88-49f1-a4e0-1e079fbb53ad<-300eaa66-db2c-41ba-add6-fa9c16cbce0b#0:OK-t1
2023-03-29 21:18:27,856 [69f3014f-ff88-49f1-a4e0-1e079fbb53ad@group-3702C0C83597-LeaderElection32] INFO  impl.LeaderElection (LeaderElection.java:askForVotes(314)) - 69f3014f-ff88-49f1-a4e0-1e079fbb53ad@group-3702C0C83597-LeaderElection32 ELECTION round 0: result PASSED
2023-03-29 21:18:27,856 [69f3014f-ff88-49f1-a4e0-1e079fbb53ad@group-3702C0C83597-LeaderElection32] INFO  impl.RoleInfo (RoleInfo.java:shutdownLeaderElection(130)) - 69f3014f-ff88-49f1-a4e0-1e079fbb53ad: shutdown 69f3014f-ff88-49f1-a4e0-1e079fbb53ad@group-3702C0C83597-LeaderElection32
2023-03-29 21:18:27,856 [69f3014f-ff88-49f1-a4e0-1e079fbb53ad@group-3702C0C83597-LeaderElection32] INFO  server.RaftServer$Division (RaftServerImpl.java:setRole(321)) - 69f3014f-ff88-49f1-a4e0-1e079fbb53ad@group-3702C0C83597: changes role from CANDIDATE to LEADER at term 1 for changeToLeader
2023-03-29 21:18:27,856 [69f3014f-ff88-49f1-a4e0-1e079fbb53ad@group-3702C0C83597-LeaderElection32] INFO  ratis.XceiverServerRatis (XceiverServerRatis.java:handleLeaderChangedNotification(904)) - Leader change notification received for group: group-3702C0C83597 with new leaderId: 69f3014f-ff88-49f1-a4e0-1e079fbb53ad
2023-03-29 21:18:27,856 [69f3014f-ff88-49f1-a4e0-1e079fbb53ad@group-3702C0C83597-LeaderElection32] INFO  server.RaftServer$Division (ServerState.java:setLeader(313)) - 69f3014f-ff88-49f1-a4e0-1e079fbb53ad@group-3702C0C83597: change Leader from null to 69f3014f-ff88-49f1-a4e0-1e079fbb53ad at term 1 for becomeLeader, leader elected after 5198ms
2023-03-29 21:18:27,856 [69f3014f-ff88-49f1-a4e0-1e079fbb53ad@group-3702C0C83597-LeaderElection32] INFO  server.RaftServerConfigKeys (ConfUtils.java:logGet(46)) - raft.server.staging.catchup.gap = 1000 (default)
2023-03-29 21:18:27,857 [69f3014f-ff88-49f1-a4e0-1e079fbb53ad@group-3702C0C83597-LeaderElection32] INFO  server.RaftServerConfigKeys (ConfUtils.java:logGet(46)) - raft.server.write.element-limit = 1024 (custom)
2023-03-29 21:18:27,857 [69f3014f-ff88-49f1-a4e0-1e079fbb53ad@group-3702C0C83597-LeaderElection32] INFO  server.RaftServerConfigKeys (ConfUtils.java:logGet(46)) - raft.server.write.byte-limit = 1024 M (=1073741824) (custom)
2023-03-29 21:18:27,857 [69f3014f-ff88-49f1-a4e0-1e079fbb53ad@group-3702C0C83597-LeaderElection32] INFO  server.RaftServerConfigKeys (ConfUtils.java:logGet(46)) - raft.server.watch.timeout = 180s (custom)
2023-03-29 21:18:27,857 [69f3014f-ff88-49f1-a4e0-1e079fbb53ad@group-3702C0C83597-LeaderElection32] INFO  server.RaftServerConfigKeys (ConfUtils.java:logGet(46)) - raft.server.watch.timeout.denomination = 1s (default)
2023-03-29 21:18:27,857 [69f3014f-ff88-49f1-a4e0-1e079fbb53ad@group-3702C0C83597-LeaderElection32] INFO  server.RaftServerConfigKeys (ConfUtils.java:logGet(46)) - raft.server.watch.element-limit = 65536 (default)
2023-03-29 21:18:27,857 [69f3014f-ff88-49f1-a4e0-1e079fbb53ad@group-3702C0C83597-LeaderElection32] INFO  server.RaftServerConfigKeys (ConfUtils.java:logGet(46)) - raft.server.write.element-limit = 1024 (custom)
2023-03-29 21:18:27,857 [69f3014f-ff88-49f1-a4e0-1e079fbb53ad@group-3702C0C83597-LeaderElection32] INFO  server.RaftServerConfigKeys (ConfUtils.java:logGet(46)) - raft.server.write.follower.gap.ratio.max = -1.0 (default)
2023-03-29 21:18:27,863 [grpc-default-executor-3] INFO  server.RaftServer$Division (RaftServerImpl.java:requestVote(1251)) - 97ece121-4ac7-48f5-a423-498260ac9270@group-3702C0C83597 replies to ELECTION vote request: 69f3014f-ff88-49f1-a4e0-1e079fbb53ad<-97ece121-4ac7-48f5-a423-498260ac9270#0:OK-t1. Peer's state: 97ece121-4ac7-48f5-a423-498260ac9270@group-3702C0C83597:t1, leader=null, voted=69f3014f-ff88-49f1-a4e0-1e079fbb53ad, raftlog=Memoized:97ece121-4ac7-48f5-a423-498260ac9270@group-3702C0C83597-SegmentedRaftLog:OPENED:c-1, conf=-1: peers:[69f3014f-ff88-49f1-a4e0-1e079fbb53ad|rpc:10.1.0.17:40355|dataStream:10.1.0.17:41067|priority:1|startupRole:FOLLOWER, 300eaa66-db2c-41ba-add6-fa9c16cbce0b|rpc:10.1.0.17:35989|dataStream:10.1.0.17:40123|priority:0|startupRole:FOLLOWER, 97ece121-4ac7-48f5-a423-498260ac9270|rpc:10.1.0.17:34367|dataStream:10.1.0.17:37963|priority:0|startupRole:FOLLOWER]|listeners:[], old=null
2023-03-29 21:18:27,864 [97ece121-4ac7-48f5-a423-498260ac9270@group-3702C0C83597-FollowerState] INFO  server.RaftServerConfigKeys (ConfUtils.java:logFallback(53)) - raft.server.rpc.first-election.timeout.min = 5s (fallback to raft.server.rpc.timeout.min)
2023-03-29 21:18:27,864 [97ece121-4ac7-48f5-a423-498260ac9270@group-3702C0C83597-FollowerState] INFO  server.RaftServerConfigKeys (ConfUtils.java:logFallback(53)) - raft.server.rpc.first-election.timeout.max = 5200ms (fallback to raft.server.rpc.timeout.max)
2023-03-29 21:18:27,865 [EventQueue-PipelineReportForPipelineReportHandler] INFO  pipeline.PipelineManagerImpl (PipelineManagerImpl.java:openPipeline(367)) - Pipeline Pipeline[ Id: da127d51-654a-49fb-8e3d-3702c0c83597, Nodes: 69f3014f-ff88-49f1-a4e0-1e079fbb53ad(fv-az308-773/10.1.0.17)300eaa66-db2c-41ba-add6-fa9c16cbce0b(fv-az308-773/10.1.0.17)97ece121-4ac7-48f5-a423-498260ac9270(fv-az308-773/10.1.0.17), ReplicationConfig: RATIS/THREE, State:ALLOCATED, leaderId:69f3014f-ff88-49f1-a4e0-1e079fbb53ad, CreationTimestamp2023-03-29T21:18:20.218Z[Etc/UTC]] moved to OPEN state
2023-03-29 21:18:27,864 [69f3014f-ff88-49f1-a4e0-1e079fbb53ad@group-3702C0C83597-LeaderElection32] INFO  server.RaftServerConfigKeys (ConfUtils.java:logGet(46)) - raft.server.log.appender.snapshot.chunk.size.max = 16MB (=16777216) (default)
2023-03-29 21:18:27,868 [69f3014f-ff88-49f1-a4e0-1e079fbb53ad@group-3702C0C83597-LeaderElection32] INFO  server.RaftServerConfigKeys (ConfUtils.java:logGet(46)) - raft.server.log.appender.buffer.byte-limit = 33554432 (custom)
2023-03-29 21:18:27,868 [69f3014f-ff88-49f1-a4e0-1e079fbb53ad@group-3702C0C83597-LeaderElection32] INFO  server.RaftServerConfigKeys (ConfUtils.java:logGet(46)) - raft.server.log.appender.buffer.element-limit = 1 (custom)
2023-03-29 21:18:27,868 [69f3014f-ff88-49f1-a4e0-1e079fbb53ad@group-3702C0C83597-LeaderElection32] INFO  grpc.GrpcConfigKeys (ConfUtils.java:logGet(46)) - raft.grpc.server.leader.outstanding.appends.max = 128 (default)
2023-03-29 21:18:27,868 [69f3014f-ff88-49f1-a4e0-1e079fbb53ad@group-3702C0C83597-LeaderElection32] INFO  server.RaftServerConfigKeys (ConfUtils.java:logGet(46)) - raft.server.rpc.request.timeout = 60s (custom)
2023-03-29 21:18:27,868 [69f3014f-ff88-49f1-a4e0-1e079fbb53ad@group-3702C0C83597-LeaderElection32] INFO  server.RaftServerConfigKeys (ConfUtils.java:logGet(46)) - raft.server.log.appender.install.snapshot.enabled = false (custom)
2023-03-29 21:18:27,868 [69f3014f-ff88-49f1-a4e0-1e079fbb53ad@group-3702C0C83597-LeaderElection32] INFO  grpc.GrpcConfigKeys (ConfUtils.java:logGet(46)) - raft.grpc.server.heartbeat.channel = true (default)
2023-03-29 21:18:27,868 [69f3014f-ff88-49f1-a4e0-1e079fbb53ad@group-3702C0C83597-LeaderElection32] INFO  server.RaftServerConfigKeys (ConfUtils.java:logGet(46)) - raft.server.log.appender.wait-time.min = 10ms (default)
2023-03-29 21:18:27,868 [69f3014f-ff88-49f1-a4e0-1e079fbb53ad@group-3702C0C83597-LeaderElection32] INFO  server.RaftServerConfigKeys (ConfUtils.java:logGet(46)) - raft.server.log.appender.snapshot.chunk.size.max = 16MB (=16777216) (default)
2023-03-29 21:18:27,868 [69f3014f-ff88-49f1-a4e0-1e079fbb53ad@group-3702C0C83597-LeaderElection32] INFO  server.RaftServerConfigKeys (ConfUtils.java:logGet(46)) - raft.server.log.appender.buffer.byte-limit = 33554432 (custom)
2023-03-29 21:18:27,868 [69f3014f-ff88-49f1-a4e0-1e079fbb53ad@group-3702C0C83597-LeaderElection32] INFO  server.RaftServerConfigKeys (ConfUtils.java:logGet(46)) - raft.server.log.appender.buffer.element-limit = 1 (custom)
2023-03-29 21:18:27,868 [69f3014f-ff88-49f1-a4e0-1e079fbb53ad@group-3702C0C83597-LeaderElection32] INFO  grpc.GrpcConfigKeys (ConfUtils.java:logGet(46)) - raft.grpc.server.leader.outstanding.appends.max = 128 (default)
2023-03-29 21:18:27,870 [69f3014f-ff88-49f1-a4e0-1e079fbb53ad@group-3702C0C83597-LeaderElection32] INFO  server.RaftServerConfigKeys (ConfUtils.java:logGet(46)) - raft.server.rpc.request.timeout = 60s (custom)
2023-03-29 21:18:27,870 [69f3014f-ff88-49f1-a4e0-1e079fbb53ad@group-3702C0C83597-LeaderElection32] INFO  server.RaftServerConfigKeys (ConfUtils.java:logGet(46)) - raft.server.log.appender.install.snapshot.enabled = false (custom)
2023-03-29 21:18:27,870 [69f3014f-ff88-49f1-a4e0-1e079fbb53ad@group-3702C0C83597-LeaderElection32] INFO  grpc.GrpcConfigKeys (ConfUtils.java:logGet(46)) - raft.grpc.server.heartbeat.channel = true (default)
2023-03-29 21:18:27,870 [69f3014f-ff88-49f1-a4e0-1e079fbb53ad@group-3702C0C83597-LeaderElection32] INFO  server.RaftServerConfigKeys (ConfUtils.java:logGet(46)) - raft.server.log.appender.wait-time.min = 10ms (default)
2023-03-29 21:18:27,870 [69f3014f-ff88-49f1-a4e0-1e079fbb53ad@group-3702C0C83597-LeaderElection32] INFO  impl.RoleInfo (RoleInfo.java:updateAndGet(139)) - 69f3014f-ff88-49f1-a4e0-1e079fbb53ad: start 69f3014f-ff88-49f1-a4e0-1e079fbb53ad@group-3702C0C83597-LeaderStateImpl
2023-03-29 21:18:27,870 [69f3014f-ff88-49f1-a4e0-1e079fbb53ad@group-3702C0C83597-LeaderElection32] INFO  segmented.SegmentedRaftLogWorker (SegmentedRaftLogWorker.java:startLogSegment(452)) - 69f3014f-ff88-49f1-a4e0-1e079fbb53ad@group-3702C0C83597-SegmentedRaftLogWorker: Starting segment from index:0
2023-03-29 21:18:27,871 [69f3014f-ff88-49f1-a4e0-1e079fbb53ad@group-3702C0C83597-SegmentedRaftLogWorker] INFO  segmented.SegmentedRaftLogWorker (SegmentedRaftLogWorker.java:execute(656)) - 69f3014f-ff88-49f1-a4e0-1e079fbb53ad@group-3702C0C83597-SegmentedRaftLogWorker: created new log segment /home/runner/work/ozone/ozone/hadoop-ozone/integration-test/target/test-dir/MiniOzoneClusterImpl-94458d0b-d5a8-4c00-b4e5-5292a8a953be/datanode-2/data/ratis/da127d51-654a-49fb-8e3d-3702c0c83597/current/log_inprogress_0
2023-03-29 21:18:27,881 [69f3014f-ff88-49f1-a4e0-1e079fbb53ad@group-3702C0C83597-LeaderElection32] INFO  server.RaftServer$Division (ServerState.java:setRaftConf(430)) - 69f3014f-ff88-49f1-a4e0-1e079fbb53ad@group-3702C0C83597: set configuration 0: peers:[69f3014f-ff88-49f1-a4e0-1e079fbb53ad|rpc:10.1.0.17:40355|dataStream:10.1.0.17:41067|priority:1|startupRole:FOLLOWER, 300eaa66-db2c-41ba-add6-fa9c16cbce0b|rpc:10.1.0.17:35989|dataStream:10.1.0.17:40123|priority:0|startupRole:FOLLOWER, 97ece121-4ac7-48f5-a423-498260ac9270|rpc:10.1.0.17:34367|dataStream:10.1.0.17:37963|priority:0|startupRole:FOLLOWER]|listeners:[], old=null
2023-03-29 21:18:27,898 [97ece121-4ac7-48f5-a423-498260ac9270-server-thread1] INFO  ratis.XceiverServerRatis (XceiverServerRatis.java:handleLeaderChangedNotification(904)) - Leader change notification received for group: group-3702C0C83597 with new leaderId: 69f3014f-ff88-49f1-a4e0-1e079fbb53ad
2023-03-29 21:18:27,898 [97ece121-4ac7-48f5-a423-498260ac9270-server-thread1] INFO  server.RaftServer$Division (ServerState.java:setLeader(313)) - 97ece121-4ac7-48f5-a423-498260ac9270@group-3702C0C83597: change Leader from null to 69f3014f-ff88-49f1-a4e0-1e079fbb53ad at term 1 for appendEntries, leader elected after 5264ms
2023-03-29 21:18:27,902 [300eaa66-db2c-41ba-add6-fa9c16cbce0b-server-thread1] INFO  ratis.XceiverServerRatis (XceiverServerRatis.java:handleLeaderChangedNotification(904)) - Leader change notification received for group: group-3702C0C83597 with new leaderId: 69f3014f-ff88-49f1-a4e0-1e079fbb53ad
2023-03-29 21:18:27,902 [300eaa66-db2c-41ba-add6-fa9c16cbce0b-server-thread1] INFO  server.RaftServer$Division (ServerState.java:setLeader(313)) - 300eaa66-db2c-41ba-add6-fa9c16cbce0b@group-3702C0C83597: change Leader from null to 69f3014f-ff88-49f1-a4e0-1e079fbb53ad at term 1 for appendEntries, leader elected after 5207ms
2023-03-29 21:18:27,911 [97ece121-4ac7-48f5-a423-498260ac9270-server-thread1] INFO  server.RaftServer$Division (ServerState.java:setRaftConf(430)) - 97ece121-4ac7-48f5-a423-498260ac9270@group-3702C0C83597: set configuration 0: peers:[69f3014f-ff88-49f1-a4e0-1e079fbb53ad|rpc:10.1.0.17:40355|dataStream:10.1.0.17:41067|priority:1|startupRole:FOLLOWER, 300eaa66-db2c-41ba-add6-fa9c16cbce0b|rpc:10.1.0.17:35989|dataStream:10.1.0.17:40123|priority:0|startupRole:FOLLOWER, 97ece121-4ac7-48f5-a423-498260ac9270|rpc:10.1.0.17:34367|dataStream:10.1.0.17:37963|priority:0|startupRole:FOLLOWER]|listeners:[], old=null
2023-03-29 21:18:27,911 [97ece121-4ac7-48f5-a423-498260ac9270-server-thread1] INFO  segmented.SegmentedRaftLogWorker (SegmentedRaftLogWorker.java:startLogSegment(452)) - 97ece121-4ac7-48f5-a423-498260ac9270@group-3702C0C83597-SegmentedRaftLogWorker: Starting segment from index:0
2023-03-29 21:18:27,914 [97ece121-4ac7-48f5-a423-498260ac9270@group-3702C0C83597-SegmentedRaftLogWorker] INFO  segmented.SegmentedRaftLogWorker (SegmentedRaftLogWorker.java:execute(656)) - 97ece121-4ac7-48f5-a423-498260ac9270@group-3702C0C83597-SegmentedRaftLogWorker: created new log segment /home/runner/work/ozone/ozone/hadoop-ozone/integration-test/target/test-dir/MiniOzoneClusterImpl-94458d0b-d5a8-4c00-b4e5-5292a8a953be/datanode-0/data/ratis/da127d51-654a-49fb-8e3d-3702c0c83597/current/log_inprogress_0
2023-03-29 21:18:27,925 [300eaa66-db2c-41ba-add6-fa9c16cbce0b-server-thread3] INFO  server.RaftServer$Division (ServerState.java:setRaftConf(430)) - 300eaa66-db2c-41ba-add6-fa9c16cbce0b@group-3702C0C83597: set configuration 0: peers:[69f3014f-ff88-49f1-a4e0-1e079fbb53ad|rpc:10.1.0.17:40355|dataStream:10.1.0.17:41067|priority:1|startupRole:FOLLOWER, 300eaa66-db2c-41ba-add6-fa9c16cbce0b|rpc:10.1.0.17:35989|dataStream:10.1.0.17:40123|priority:0|startupRole:FOLLOWER, 97ece121-4ac7-48f5-a423-498260ac9270|rpc:10.1.0.17:34367|dataStream:10.1.0.17:37963|priority:0|startupRole:FOLLOWER]|listeners:[], old=null
2023-03-29 21:18:27,925 [300eaa66-db2c-41ba-add6-fa9c16cbce0b-server-thread3] INFO  segmented.SegmentedRaftLogWorker (SegmentedRaftLogWorker.java:startLogSegment(452)) - 300eaa66-db2c-41ba-add6-fa9c16cbce0b@group-3702C0C83597-SegmentedRaftLogWorker: Starting segment from index:0
2023-03-29 21:18:27,926 [300eaa66-db2c-41ba-add6-fa9c16cbce0b@group-3702C0C83597-SegmentedRaftLogWorker] INFO  segmented.SegmentedRaftLogWorker (SegmentedRaftLogWorker.java:execute(656)) - 300eaa66-db2c-41ba-add6-fa9c16cbce0b@group-3702C0C83597-SegmentedRaftLogWorker: created new log segment /home/runner/work/ozone/ozone/hadoop-ozone/integration-test/target/test-dir/MiniOzoneClusterImpl-94458d0b-d5a8-4c00-b4e5-5292a8a953be/datanode-1/data/ratis/da127d51-654a-49fb-8e3d-3702c0c83597/current/log_inprogress_0
2023-03-29 21:18:28,019 [300eaa66-db2c-41ba-add6-fa9c16cbce0b@group-ECD9998B6098-FollowerState] INFO  impl.FollowerState (FollowerState.java:run(143)) - 300eaa66-db2c-41ba-add6-fa9c16cbce0b@group-ECD9998B6098-FollowerState: change to CANDIDATE, lastRpcElapsedTime:5129104807ns, electionTimeout:5128ms
2023-03-29 21:18:28,019 [300eaa66-db2c-41ba-add6-fa9c16cbce0b@group-ECD9998B6098-FollowerState] INFO  impl.RoleInfo (RoleInfo.java:shutdownFollowerState(110)) - 300eaa66-db2c-41ba-add6-fa9c16cbce0b: shutdown 300eaa66-db2c-41ba-add6-fa9c16cbce0b@group-ECD9998B6098-FollowerState
2023-03-29 21:18:28,019 [300eaa66-db2c-41ba-add6-fa9c16cbce0b@group-ECD9998B6098-FollowerState] INFO  server.RaftServer$Division (RaftServerImpl.java:setRole(321)) - 300eaa66-db2c-41ba-add6-fa9c16cbce0b@group-ECD9998B6098: changes role from  FOLLOWER to CANDIDATE at term 0 for changeToCandidate
2023-03-29 21:18:28,019 [300eaa66-db2c-41ba-add6-fa9c16cbce0b@group-ECD9998B6098-FollowerState] INFO  server.RaftServerConfigKeys (ConfUtils.java:logGet(46)) - raft.server.leaderelection.pre-vote = true (default)
2023-03-29 21:18:28,019 [300eaa66-db2c-41ba-add6-fa9c16cbce0b@group-ECD9998B6098-FollowerState] INFO  impl.RoleInfo (RoleInfo.java:updateAndGet(139)) - 300eaa66-db2c-41ba-add6-fa9c16cbce0b: start 300eaa66-db2c-41ba-add6-fa9c16cbce0b@group-ECD9998B6098-LeaderElection33
2023-03-29 21:18:28,022 [300eaa66-db2c-41ba-add6-fa9c16cbce0b@group-ECD9998B6098-LeaderElection33] INFO  impl.LeaderElection (LeaderElection.java:askForVotes(312)) - 300eaa66-db2c-41ba-add6-fa9c16cbce0b@group-ECD9998B6098-LeaderElection33 PRE_VOTE round 0: submit vote requests at term 0 for -1: peers:[300eaa66-db2c-41ba-add6-fa9c16cbce0b|rpc:10.1.0.17:35989|dataStream:10.1.0.17:40123|priority:1|startupRole:FOLLOWER]|listeners:[], old=null
2023-03-29 21:18:28,022 [300eaa66-db2c-41ba-add6-fa9c16cbce0b@group-ECD9998B6098-LeaderElection33] INFO  impl.LeaderElection (LeaderElection.java:askForVotes(314)) - 300eaa66-db2c-41ba-add6-fa9c16cbce0b@group-ECD9998B6098-LeaderElection33 PRE_VOTE round 0: result PASSED (term=0)
2023-03-29 21:18:28,023 [300eaa66-db2c-41ba-add6-fa9c16cbce0b@group-ECD9998B6098-LeaderElection33] INFO  impl.LeaderElection (LeaderElection.java:askForVotes(312)) - 300eaa66-db2c-41ba-add6-fa9c16cbce0b@group-ECD9998B6098-LeaderElection33 ELECTION round 0: submit vote requests at term 1 for -1: peers:[300eaa66-db2c-41ba-add6-fa9c16cbce0b|rpc:10.1.0.17:35989|dataStream:10.1.0.17:40123|priority:1|startupRole:FOLLOWER]|listeners:[], old=null
2023-03-29 21:18:28,023 [300eaa66-db2c-41ba-add6-fa9c16cbce0b@group-ECD9998B6098-LeaderElection33] INFO  impl.LeaderElection (LeaderElection.java:askForVotes(314)) - 300eaa66-db2c-41ba-add6-fa9c16cbce0b@group-ECD9998B6098-LeaderElection33 ELECTION round 0: result PASSED (term=1)
2023-03-29 21:18:28,023 [300eaa66-db2c-41ba-add6-fa9c16cbce0b@group-ECD9998B6098-LeaderElection33] INFO  impl.RoleInfo (RoleInfo.java:shutdownLeaderElection(130)) - 300eaa66-db2c-41ba-add6-fa9c16cbce0b: shutdown 300eaa66-db2c-41ba-add6-fa9c16cbce0b@group-ECD9998B6098-LeaderElection33
2023-03-29 21:18:28,023 [300eaa66-db2c-41ba-add6-fa9c16cbce0b@group-ECD9998B6098-LeaderElection33] INFO  server.RaftServer$Division (RaftServerImpl.java:setRole(321)) - 300eaa66-db2c-41ba-add6-fa9c16cbce0b@group-ECD9998B6098: changes role from CANDIDATE to LEADER at term 1 for changeToLeader
2023-03-29 21:18:28,023 [300eaa66-db2c-41ba-add6-fa9c16cbce0b@group-ECD9998B6098-LeaderElection33] INFO  ratis.XceiverServerRatis (XceiverServerRatis.java:handleLeaderChangedNotification(904)) - Leader change notification received for group: group-ECD9998B6098 with new leaderId: 300eaa66-db2c-41ba-add6-fa9c16cbce0b
2023-03-29 21:18:28,023 [300eaa66-db2c-41ba-add6-fa9c16cbce0b@group-ECD9998B6098-LeaderElection33] INFO  server.RaftServer$Division (ServerState.java:setLeader(313)) - 300eaa66-db2c-41ba-add6-fa9c16cbce0b@group-ECD9998B6098: change Leader from null to 300eaa66-db2c-41ba-add6-fa9c16cbce0b at term 1 for becomeLeader, leader elected after 5145ms
2023-03-29 21:18:28,023 [300eaa66-db2c-41ba-add6-fa9c16cbce0b@group-ECD9998B6098-LeaderElection33] INFO  server.RaftServerConfigKeys (ConfUtils.java:logGet(46)) - raft.server.staging.catchup.gap = 1000 (default)
2023-03-29 21:18:28,027 [300eaa66-db2c-41ba-add6-fa9c16cbce0b@group-ECD9998B6098-LeaderElection33] INFO  server.RaftServerConfigKeys (ConfUtils.java:logGet(46)) - raft.server.write.element-limit = 1024 (custom)
2023-03-29 21:18:28,027 [300eaa66-db2c-41ba-add6-fa9c16cbce0b@group-ECD9998B6098-LeaderElection33] INFO  server.RaftServerConfigKeys (ConfUtils.java:logGet(46)) - raft.server.write.byte-limit = 1024 M (=1073741824) (custom)
2023-03-29 21:18:28,027 [300eaa66-db2c-41ba-add6-fa9c16cbce0b@group-ECD9998B6098-LeaderElection33] INFO  server.RaftServerConfigKeys (ConfUtils.java:logGet(46)) - raft.server.watch.timeout = 180s (custom)
2023-03-29 21:18:28,028 [300eaa66-db2c-41ba-add6-fa9c16cbce0b@group-ECD9998B6098-LeaderElection33] INFO  server.RaftServerConfigKeys (ConfUtils.java:logGet(46)) - raft.server.watch.timeout.denomination = 1s (default)
2023-03-29 21:18:28,028 [300eaa66-db2c-41ba-add6-fa9c16cbce0b@group-ECD9998B6098-LeaderElection33] INFO  server.RaftServerConfigKeys (ConfUtils.java:logGet(46)) - raft.server.watch.element-limit = 65536 (default)
2023-03-29 21:18:28,028 [300eaa66-db2c-41ba-add6-fa9c16cbce0b@group-ECD9998B6098-LeaderElection33] INFO  server.RaftServerConfigKeys (ConfUtils.java:logGet(46)) - raft.server.write.element-limit = 1024 (custom)
2023-03-29 21:18:28,028 [300eaa66-db2c-41ba-add6-fa9c16cbce0b@group-ECD9998B6098-LeaderElection33] INFO  server.RaftServerConfigKeys (ConfUtils.java:logGet(46)) - raft.server.write.follower.gap.ratio.max = -1.0 (default)
2023-03-29 21:18:28,028 [300eaa66-db2c-41ba-add6-fa9c16cbce0b@group-ECD9998B6098-LeaderElection33] INFO  impl.RoleInfo (RoleInfo.java:updateAndGet(139)) - 300eaa66-db2c-41ba-add6-fa9c16cbce0b: start 300eaa66-db2c-41ba-add6-fa9c16cbce0b@group-ECD9998B6098-LeaderStateImpl
2023-03-29 21:18:28,029 [300eaa66-db2c-41ba-add6-fa9c16cbce0b@group-ECD9998B6098-LeaderElection33] INFO  segmented.SegmentedRaftLogWorker (SegmentedRaftLogWorker.java:startLogSegment(452)) - 300eaa66-db2c-41ba-add6-fa9c16cbce0b@group-ECD9998B6098-SegmentedRaftLogWorker: Starting segment from index:0
2023-03-29 21:18:28,030 [300eaa66-db2c-41ba-add6-fa9c16cbce0b@group-ECD9998B6098-SegmentedRaftLogWorker] INFO  segmented.SegmentedRaftLogWorker (SegmentedRaftLogWorker.java:execute(656)) - 300eaa66-db2c-41ba-add6-fa9c16cbce0b@group-ECD9998B6098-SegmentedRaftLogWorker: created new log segment /home/runner/work/ozone/ozone/hadoop-ozone/integration-test/target/test-dir/MiniOzoneClusterImpl-94458d0b-d5a8-4c00-b4e5-5292a8a953be/datanode-1/data/ratis/05acd17a-aef8-4dcb-8c61-ecd9998b6098/current/log_inprogress_0
2023-03-29 21:18:28,042 [300eaa66-db2c-41ba-add6-fa9c16cbce0b@group-ECD9998B6098-LeaderElection33] INFO  server.RaftServer$Division (ServerState.java:setRaftConf(430)) - 300eaa66-db2c-41ba-add6-fa9c16cbce0b@group-ECD9998B6098: set configuration 0: peers:[300eaa66-db2c-41ba-add6-fa9c16cbce0b|rpc:10.1.0.17:35989|dataStream:10.1.0.17:40123|priority:1|startupRole:FOLLOWER]|listeners:[], old=null
2023-03-29 21:18:28,206 [Listener at 127.0.0.1/32841] INFO  ozone.MiniOzoneClusterImpl (MiniOzoneClusterImpl.java:lambda$waitForClusterToBeReady$0(222)) - Nodes are ready. Got 3 of 3 DN Heartbeats.
2023-03-29 21:18:28,206 [Listener at 127.0.0.1/32841] INFO  ozone.MiniOzoneClusterImpl (MiniOzoneClusterImpl.java:lambda$waitForClusterToBeReady$0(225)) - Cluster exits safe mode
2023-03-29 21:18:28,206 [Listener at 127.0.0.1/32841] INFO  ozone.MiniOzoneClusterImpl (MiniOzoneClusterImpl.java:lambda$waitForClusterToBeReady$0(227)) - SCM became leader
21:18:28.207 [Listener at 127.0.0.1/32841] ERROR SCMAudit - user=null | ip=null | op=DELETE_CONTAINER {remoteUser=unknownUser, containerID=1680124708207} | ret=FAILURE
org.apache.hadoop.security.AccessControlException: Access denied for user unknownUser. SCM superuser privilege is required.
	at org.apache.hadoop.hdds.scm.server.StorageContainerManager.checkAdminAccess(StorageContainerManager.java:1813) ~[hdds-server-scm-1.4.0-SNAPSHOT.jar:?]
	at org.apache.hadoop.hdds.scm.server.SCMClientProtocolServer.deleteContainer(SCMClientProtocolServer.java:585) [hdds-server-scm-1.4.0-SNAPSHOT.jar:?]
	at sun.reflect.NativeMethodAccessorImpl.invoke0(Native Method) ~[?:1.8.0_362]
	at sun.reflect.NativeMethodAccessorImpl.invoke(NativeMethodAccessorImpl.java:62) ~[?:1.8.0_362]
	at sun.reflect.DelegatingMethodAccessorImpl.invoke(DelegatingMethodAccessorImpl.java:43) ~[?:1.8.0_362]
	at java.lang.reflect.Method.invoke(Method.java:498) ~[?:1.8.0_362]
	at org.mockito.internal.creation.bytebuddy.MockMethodAdvice.tryInvoke(MockMethodAdvice.java:212) [mockito-core-2.28.2.jar:?]
	at org.mockito.internal.creation.bytebuddy.MockMethodAdvice.access$400(MockMethodAdvice.java:34) [mockito-core-2.28.2.jar:?]
	at org.mockito.internal.creation.bytebuddy.MockMethodAdvice$RealMethodCall.invoke(MockMethodAdvice.java:164) [mockito-core-2.28.2.jar:?]
	at org.mockito.internal.invocation.InterceptedInvocation.callRealMethod(InterceptedInvocation.java:152) [mockito-core-2.28.2.jar:?]
	at org.mockito.internal.stubbing.answers.CallsRealMethods.answer(CallsRealMethods.java:43) [mockito-core-2.28.2.jar:?]
	at org.mockito.Answers.answer(Answers.java:100) [mockito-core-2.28.2.jar:?]
	at org.mockito.internal.handler.MockHandlerImpl.handle(MockHandlerImpl.java:103) [mockito-core-2.28.2.jar:?]
	at org.mockito.internal.handler.NullResultGuardian.handle(NullResultGuardian.java:29) [mockito-core-2.28.2.jar:?]
	at org.mockito.internal.handler.InvocationNotifierHandler.handle(InvocationNotifierHandler.java:35) [mockito-core-2.28.2.jar:?]
	at org.mockito.internal.creation.bytebuddy.MockMethodInterceptor.doIntercept(MockMethodInterceptor.java:61) [mockito-core-2.28.2.jar:?]
	at org.mockito.internal.creation.bytebuddy.MockMethodAdvice.handle(MockMethodAdvice.java:105) [mockito-core-2.28.2.jar:?]
	at org.apache.hadoop.hdds.scm.server.SCMClientProtocolServer.deleteContainer(SCMClientProtocolServer.java:580) [hdds-server-scm-1.4.0-SNAPSHOT.jar:?]
	at org.apache.hadoop.ozone.TestStorageContainerManager.testRpcPermissionWithConf(TestStorageContainerManager.java:205) [test-classes/:?]
	at org.apache.hadoop.ozone.TestStorageContainerManager.testRpcPermission(TestStorageContainerManager.java:186) [test-classes/:?]
	at sun.reflect.NativeMethodAccessorImpl.invoke0(Native Method) ~[?:1.8.0_362]
	at sun.reflect.NativeMethodAccessorImpl.invoke(NativeMethodAccessorImpl.java:62) ~[?:1.8.0_362]
	at sun.reflect.DelegatingMethodAccessorImpl.invoke(DelegatingMethodAccessorImpl.java:43) ~[?:1.8.0_362]
	at java.lang.reflect.Method.invoke(Method.java:498) ~[?:1.8.0_362]
	at org.junit.runners.model.FrameworkMethod$1.runReflectiveCall(FrameworkMethod.java:59) [junit-4.13.1.jar:4.13.1]
	at org.junit.internal.runners.model.ReflectiveCallable.run(ReflectiveCallable.java:12) [junit-4.13.1.jar:4.13.1]
	at org.junit.runners.model.FrameworkMethod.invokeExplosively(FrameworkMethod.java:56) [junit-4.13.1.jar:4.13.1]
	at org.junit.internal.runners.statements.InvokeMethod.evaluate(InvokeMethod.java:17) [junit-4.13.1.jar:4.13.1]
	at org.junit.internal.runners.statements.RunAfters.evaluate(RunAfters.java:27) [junit-4.13.1.jar:4.13.1]
	at org.junit.rules.ExpectedException$ExpectedExceptionStatement.evaluate(ExpectedException.java:258) [junit-4.13.1.jar:4.13.1]
	at org.junit.internal.runners.statements.FailOnTimeout$CallableStatement.call(FailOnTimeout.java:288) [junit-4.13.1.jar:4.13.1]
	at org.junit.internal.runners.statements.FailOnTimeout$CallableStatement.call(FailOnTimeout.java:282) [junit-4.13.1.jar:4.13.1]
	at java.util.concurrent.FutureTask.run(FutureTask.java:266) [?:1.8.0_362]
	at java.lang.Thread.run(Thread.java:750) [?:1.8.0_362]
2023-03-29 21:18:28,209 [Listener at 127.0.0.1/32841] INFO  ozone.MiniOzoneClusterImpl (MiniOzoneClusterImpl.java:shutdown(455)) - Shutting down the Mini Ozone Cluster
2023-03-29 21:18:28,209 [Listener at 127.0.0.1/32841] INFO  ozone.MiniOzoneClusterImpl (MiniOzoneClusterImpl.java:stop(471)) - Stopping the Mini Ozone Cluster
2023-03-29 21:18:28,209 [Listener at 127.0.0.1/32841] INFO  ozone.MiniOzoneClusterImpl (MiniOzoneClusterImpl.java:stopOM(553)) - Stopping the OzoneManager
2023-03-29 21:18:28,209 [Listener at 127.0.0.1/32841] INFO  om.OzoneManager (OzoneManager.java:stop(2155)) - om1[localhost:0]: Stopping Ozone Manager
2023-03-29 21:18:28,209 [Listener at 127.0.0.1/32841] INFO  ipc.Server (Server.java:stop(3428)) - Stopping server on 32841
2023-03-29 21:18:28,215 [IPC Server listener on 0] INFO  ipc.Server (Server.java:run(1384)) - Stopping IPC Server listener on 0
2023-03-29 21:18:28,216 [IPC Server Responder] INFO  ipc.Server (Server.java:run(1517)) - Stopping IPC Server Responder
2023-03-29 21:18:28,217 [Listener at 127.0.0.1/32841] INFO  server.RaftServer (RaftServerProxy.java:lambda$close$6(409)) - om1: close
2023-03-29 21:18:28,217 [om1-impl-thread1] INFO  server.RaftServer$Division (RaftServerImpl.java:lambda$close$4(458)) - om1@group-C5BA1605619E: shutdown
2023-03-29 21:18:28,217 [om1-impl-thread1] INFO  util.JmxRegister (JmxRegister.java:unregister(73)) - Successfully un-registered JMX Bean with object name Ratis:service=RaftServer,group=group-C5BA1605619E,id=om1
2023-03-29 21:18:28,217 [om1-impl-thread1] INFO  impl.RoleInfo (RoleInfo.java:shutdownLeaderState(93)) - om1: shutdown om1@group-C5BA1605619E-LeaderStateImpl
2023-03-29 21:18:28,217 [om1-impl-thread1] INFO  impl.PendingRequests (PendingRequests.java:sendNotLeaderResponses(282)) - om1@group-C5BA1605619E-PendingRequests: sendNotLeaderResponses
2023-03-29 21:18:28,217 [om1-impl-thread1] INFO  impl.StateMachineUpdater (StateMachineUpdater.java:stopAndJoin(153)) - om1@group-C5BA1605619E-StateMachineUpdater: set stopIndex = 0
2023-03-29 21:18:28,218 [om1@group-C5BA1605619E-StateMachineUpdater] INFO  ratis.OzoneManagerStateMachine (OzoneManagerStateMachine.java:takeSnapshot(445)) - Current Snapshot Index (t:1, i:0)
2023-03-29 21:18:28,218 [Listener at 127.0.0.1/32841] INFO  server.GrpcService (GrpcService.java:closeImpl(271)) - om1: shutdown server GrpcServerProtocolService now
2023-03-29 21:18:28,219 [Listener at 127.0.0.1/32841] INFO  server.GrpcService (GrpcService.java:closeImpl(280)) - om1: shutdown server GrpcServerProtocolService successfully
2023-03-29 21:18:28,226 [om1@group-C5BA1605619E-StateMachineUpdater] INFO  impl.StateMachineUpdater (StateMachineUpdater.java:takeSnapshot(287)) - om1@group-C5BA1605619E-StateMachineUpdater: Took a snapshot at index 0
2023-03-29 21:18:28,226 [om1@group-C5BA1605619E-StateMachineUpdater] INFO  impl.StateMachineUpdater (StateMachineUpdater.java:lambda$new$0(92)) - om1@group-C5BA1605619E-StateMachineUpdater: snapshotIndex: updateIncreasingly -1 -> 0
2023-03-29 21:18:28,226 [om1@group-C5BA1605619E-StateMachineUpdater] INFO  ratis.OzoneManagerStateMachine (OzoneManagerStateMachine.java:close(499)) - StateMachine has shutdown. Shutdown OzoneManager if not already shutdown.
2023-03-29 21:18:28,226 [om1@group-C5BA1605619E-StateMachineUpdater] INFO  ratis.OzoneManagerDoubleBuffer (OzoneManagerDoubleBuffer.java:stopDaemon(540)) - Stopping OMDoubleBuffer flush thread
2023-03-29 21:18:28,227 [OMDoubleBufferFlushThread] INFO  ratis.OzoneManagerDoubleBuffer (OzoneManagerDoubleBuffer.java:canFlush(625)) - OMDoubleBuffer flush thread OMDoubleBufferFlushThread is interrupted and will exit.
2023-03-29 21:18:28,227 [om1-impl-thread1] INFO  server.RaftServer$Division (ServerState.java:close(466)) - om1@group-C5BA1605619E: closes. applyIndex: 0
2023-03-29 21:18:28,228 [om1@group-C5BA1605619E-SegmentedRaftLogWorker] INFO  segmented.SegmentedRaftLogWorker (SegmentedRaftLogWorker.java:run(347)) - om1@group-C5BA1605619E-SegmentedRaftLogWorker was interrupted, exiting. There are 0 tasks remaining in the queue.
2023-03-29 21:18:28,229 [om1-impl-thread1] INFO  segmented.SegmentedRaftLogWorker (SegmentedRaftLogWorker.java:close(257)) - om1@group-C5BA1605619E-SegmentedRaftLogWorker close()
2023-03-29 21:18:28,229 [JvmPauseMonitor16] INFO  util.JvmPauseMonitor (JvmPauseMonitor.java:run(111)) - JvmPauseMonitor-om1: Stopped
2023-03-29 21:18:28,229 [Listener at 127.0.0.1/32841] INFO  ratis.OzoneManagerStateMachine (OzoneManagerStateMachine.java:close(499)) - StateMachine has shutdown. Shutdown OzoneManager if not already shutdown.
2023-03-29 21:18:28,229 [Listener at 127.0.0.1/32841] INFO  ratis.OzoneManagerDoubleBuffer (OzoneManagerDoubleBuffer.java:stopDaemon(549)) - OMDoubleBuffer flush thread is not running.
2023-03-29 21:18:28,230 [Listener at 127.0.0.1/32841] INFO  utils.BackgroundService (BackgroundService.java:shutdown(141)) - Shutting down service KeyDeletingService
2023-03-29 21:18:28,230 [Listener at 127.0.0.1/32841] INFO  utils.BackgroundService (BackgroundService.java:shutdown(141)) - Shutting down service DirectoryDeletingService
2023-03-29 21:18:28,230 [Listener at 127.0.0.1/32841] INFO  utils.BackgroundService (BackgroundService.java:shutdown(141)) - Shutting down service OpenKeyCleanupService
2023-03-29 21:18:28,231 [Listener at 127.0.0.1/32841] INFO  utils.BackgroundService (BackgroundService.java:shutdown(141)) - Shutting down service SstFilteringService
2023-03-29 21:18:28,231 [Listener at 127.0.0.1/32841] INFO  utils.BackgroundService (BackgroundService.java:shutdown(141)) - Shutting down service SnapshotDeletingService
2023-03-29 21:18:28,231 [Listener at 127.0.0.1/32841] INFO  handler.ContextHandler (ContextHandler.java:doStop(1159)) - Stopped o.e.j.w.WebAppContext@3f525df2{ozoneManager,/,null,STOPPED}{file:/home/runner/work/ozone/ozone/hadoop-ozone/integration-test/target/test-classes/webapps/ozoneManager}
2023-03-29 21:18:28,231 [Listener at 127.0.0.1/32841] INFO  server.AbstractConnector (AbstractConnector.java:doStop(383)) - Stopped ServerConnector@46a3bbc{HTTP/1.1, (http/1.1)}{0.0.0.0:0}
2023-03-29 21:18:28,232 [Listener at 127.0.0.1/32841] INFO  server.session (HouseKeeper.java:stopScavenging(149)) - node0 Stopped scavenging
2023-03-29 21:18:28,232 [Listener at 127.0.0.1/32841] INFO  handler.ContextHandler (ContextHandler.java:doStop(1159)) - Stopped o.e.j.s.ServletContextHandler@68ecf04e{static,/static,file:///home/runner/work/ozone/ozone/hadoop-ozone/integration-test/target/test-classes/webapps/static,STOPPED}
2023-03-29 21:18:28,232 [Listener at 127.0.0.1/32841] INFO  handler.ContextHandler (ContextHandler.java:doStop(1159)) - Stopped o.e.j.s.ServletContextHandler@6098593d{logs,/logs,file:///home/runner/work/ozone/ozone/hadoop-ozone/integration-test/target/log,STOPPED}
2023-03-29 21:18:28,235 [Listener at 127.0.0.1/32841] INFO  ozone.MiniOzoneClusterImpl (MiniOzoneClusterImpl.java:stopDatanodes(530)) - Stopping the HddsDatanodes
2023-03-29 21:18:28,236 [Listener at 127.0.0.1/32841] INFO  ozoneimpl.OzoneContainer (OzoneContainer.java:stop(419)) - Attempting to stop container services.
2023-03-29 21:18:28,237 [Listener at 127.0.0.1/32841] INFO  server.RaftServer (RaftServerProxy.java:lambda$close$6(409)) - 300eaa66-db2c-41ba-add6-fa9c16cbce0b: close
2023-03-29 21:18:28,237 [300eaa66-db2c-41ba-add6-fa9c16cbce0b-impl-thread1] INFO  server.RaftServer$Division (RaftServerImpl.java:lambda$close$4(458)) - 300eaa66-db2c-41ba-add6-fa9c16cbce0b@group-B117A9C3A2C5: shutdown
2023-03-29 21:18:28,237 [300eaa66-db2c-41ba-add6-fa9c16cbce0b-impl-thread1] INFO  util.JmxRegister (JmxRegister.java:unregister(73)) - Successfully un-registered JMX Bean with object name Ratis:service=RaftServer,group=group-B117A9C3A2C5,id=300eaa66-db2c-41ba-add6-fa9c16cbce0b
2023-03-29 21:18:28,237 [300eaa66-db2c-41ba-add6-fa9c16cbce0b-impl-thread1] INFO  impl.RoleInfo (RoleInfo.java:shutdownFollowerState(110)) - 300eaa66-db2c-41ba-add6-fa9c16cbce0b: shutdown 300eaa66-db2c-41ba-add6-fa9c16cbce0b@group-B117A9C3A2C5-FollowerState
2023-03-29 21:18:28,237 [300eaa66-db2c-41ba-add6-fa9c16cbce0b-impl-thread1] INFO  impl.StateMachineUpdater (StateMachineUpdater.java:stopAndJoin(153)) - 300eaa66-db2c-41ba-add6-fa9c16cbce0b@group-B117A9C3A2C5-StateMachineUpdater: set stopIndex = 0
2023-03-29 21:18:28,237 [300eaa66-db2c-41ba-add6-fa9c16cbce0b@group-B117A9C3A2C5-FollowerState] INFO  impl.FollowerState (FollowerState.java:run(152)) - 300eaa66-db2c-41ba-add6-fa9c16cbce0b@group-B117A9C3A2C5-FollowerState was interrupted
2023-03-29 21:18:28,238 [300eaa66-db2c-41ba-add6-fa9c16cbce0b@group-B117A9C3A2C5-StateMachineUpdater] INFO  ratis.ContainerStateMachine (ContainerStateMachine.java:takeSnapshot(330)) - group-B117A9C3A2C5: Taking a snapshot at:(t:1, i:0) file /home/runner/work/ozone/ozone/hadoop-ozone/integration-test/target/test-dir/MiniOzoneClusterImpl-94458d0b-d5a8-4c00-b4e5-5292a8a953be/datanode-1/data/ratis/5d4c63f5-fc24-46ba-8347-b117a9c3a2c5/sm/snapshot.1_0
2023-03-29 21:18:28,239 [300eaa66-db2c-41ba-add6-fa9c16cbce0b@group-B117A9C3A2C5-StateMachineUpdater] INFO  ratis.ContainerStateMachine (ContainerStateMachine.java:takeSnapshot(341)) - group-B117A9C3A2C5: Finished taking a snapshot at:(t:1, i:0) file:/home/runner/work/ozone/ozone/hadoop-ozone/integration-test/target/test-dir/MiniOzoneClusterImpl-94458d0b-d5a8-4c00-b4e5-5292a8a953be/datanode-1/data/ratis/5d4c63f5-fc24-46ba-8347-b117a9c3a2c5/sm/snapshot.1_0 took: 1 ms
2023-03-29 21:18:28,239 [300eaa66-db2c-41ba-add6-fa9c16cbce0b@group-B117A9C3A2C5-StateMachineUpdater] INFO  impl.StateMachineUpdater (StateMachineUpdater.java:takeSnapshot(287)) - 300eaa66-db2c-41ba-add6-fa9c16cbce0b@group-B117A9C3A2C5-StateMachineUpdater: Took a snapshot at index 0
2023-03-29 21:18:28,239 [300eaa66-db2c-41ba-add6-fa9c16cbce0b@group-B117A9C3A2C5-StateMachineUpdater] INFO  impl.StateMachineUpdater (StateMachineUpdater.java:lambda$new$0(92)) - 300eaa66-db2c-41ba-add6-fa9c16cbce0b@group-B117A9C3A2C5-StateMachineUpdater: snapshotIndex: updateIncreasingly -1 -> 0
2023-03-29 21:18:28,239 [300eaa66-db2c-41ba-add6-fa9c16cbce0b-impl-thread1] INFO  server.RaftServer$Division (ServerState.java:close(466)) - 300eaa66-db2c-41ba-add6-fa9c16cbce0b@group-B117A9C3A2C5: closes. applyIndex: 0
2023-03-29 21:18:28,241 [Listener at 127.0.0.1/32841] INFO  server.GrpcService (GrpcService.java:closeImpl(271)) - 300eaa66-db2c-41ba-add6-fa9c16cbce0b: shutdown server GrpcServerProtocolService now
2023-03-29 21:18:28,242 [300eaa66-db2c-41ba-add6-fa9c16cbce0b-impl-thread3] INFO  server.RaftServer$Division (RaftServerImpl.java:lambda$close$4(458)) - 300eaa66-db2c-41ba-add6-fa9c16cbce0b@group-ECD9998B6098: shutdown
2023-03-29 21:18:28,242 [300eaa66-db2c-41ba-add6-fa9c16cbce0b@group-B117A9C3A2C5-SegmentedRaftLogWorker] INFO  segmented.SegmentedRaftLogWorker (SegmentedRaftLogWorker.java:run(347)) - 300eaa66-db2c-41ba-add6-fa9c16cbce0b@group-B117A9C3A2C5-SegmentedRaftLogWorker was interrupted, exiting. There are 0 tasks remaining in the queue.
2023-03-29 21:18:28,243 [grpc-default-executor-1] WARN  server.GrpcServerProtocolService (LogUtils.java:warn(122)) - 300eaa66-db2c-41ba-add6-fa9c16cbce0b: installSnapshot onError, lastRequest: 69f3014f-ff88-49f1-a4e0-1e079fbb53ad->300eaa66-db2c-41ba-add6-fa9c16cbce0b#1-t1,previous=(t:0, i:0),leaderCommit=0,initializing? true,entries: size=1, first=(t:1, i:0), CONFIGURATIONENTRY(current:id: "69f3014f-ff88-49f1-a4e0-1e079fbb53ad"
address: "10.1.0.17:40355"
priority: 1
dataStreamAddress: "10.1.0.17:41067"
clientAddress: "10.1.0.17:40355"
adminAddress: "10.1.0.17:40355"
startupRole: FOLLOWER
,id: "300eaa66-db2c-41ba-add6-fa9c16cbce0b"
address: "10.1.0.17:35989"
dataStreamAddress: "10.1.0.17:40123"
clientAddress: "10.1.0.17:35989"
adminAddress: "10.1.0.17:35989"
startupRole: FOLLOWER
,id: "97ece121-4ac7-48f5-a423-498260ac9270"
address: "10.1.0.17:34367"
dataStreamAddress: "10.1.0.17:37963"
clientAddress: "10.1.0.17:34367"
adminAddress: "10.1.0.17:34367"
startupRole: FOLLOWER
, old:): org.apache.ratis.thirdparty.io.grpc.StatusRuntimeException: CANCELLED: client cancelled
2023-03-29 21:18:28,244 [300eaa66-db2c-41ba-add6-fa9c16cbce0b-impl-thread2] INFO  server.RaftServer$Division (RaftServerImpl.java:lambda$close$4(458)) - 300eaa66-db2c-41ba-add6-fa9c16cbce0b@group-3702C0C83597: shutdown
2023-03-29 21:18:28,244 [grpc-default-executor-2] WARN  server.GrpcServerProtocolService (LogUtils.java:warn(122)) - 300eaa66-db2c-41ba-add6-fa9c16cbce0b: installSnapshot onError, lastRequest: null: org.apache.ratis.thirdparty.io.grpc.StatusRuntimeException: CANCELLED: client cancelled
2023-03-29 21:18:28,245 [grpc-default-executor-1] WARN  server.GrpcServerProtocolService (LogUtils.java:warn(122)) - 300eaa66-db2c-41ba-add6-fa9c16cbce0b: installSnapshot onError, lastRequest: null: org.apache.ratis.thirdparty.io.grpc.StatusRuntimeException: CANCELLED: client cancelled
2023-03-29 21:18:28,247 [Listener at 127.0.0.1/32841] INFO  server.GrpcService (GrpcService.java:closeImpl(280)) - 300eaa66-db2c-41ba-add6-fa9c16cbce0b: shutdown server GrpcServerProtocolService successfully
2023-03-29 21:18:28,247 [300eaa66-db2c-41ba-add6-fa9c16cbce0b-NettyServerStreamRpc-bossGroup--thread1] INFO  logging.LoggingHandler (AbstractInternalLogger.java:log(148)) - [id: 0x069c384e, L:/0:0:0:0:0:0:0:0:40123] CLOSE
2023-03-29 21:18:28,247 [300eaa66-db2c-41ba-add6-fa9c16cbce0b-NettyServerStreamRpc-bossGroup--thread1] INFO  logging.LoggingHandler (AbstractInternalLogger.java:log(148)) - [id: 0x069c384e, L:/0:0:0:0:0:0:0:0:40123] INACTIVE
2023-03-29 21:18:28,247 [300eaa66-db2c-41ba-add6-fa9c16cbce0b-NettyServerStreamRpc-bossGroup--thread1] INFO  logging.LoggingHandler (AbstractInternalLogger.java:log(148)) - [id: 0x069c384e, L:/0:0:0:0:0:0:0:0:40123] UNREGISTERED
2023-03-29 21:18:28,248 [grpc-default-executor-5] WARN  server.GrpcServerProtocolService (LogUtils.java:warn(122)) - 300eaa66-db2c-41ba-add6-fa9c16cbce0b: installSnapshot onError, lastRequest: 97ece121-4ac7-48f5-a423-498260ac9270->300eaa66-db2c-41ba-add6-fa9c16cbce0b#1-t1,previous=(t:0, i:0),leaderCommit=0,initializing? true,entries: size=1, first=(t:1, i:0), CONFIGURATIONENTRY(current:id: "69f3014f-ff88-49f1-a4e0-1e079fbb53ad"
address: "10.1.0.17:40355"
dataStreamAddress: "10.1.0.17:41067"
clientAddress: "10.1.0.17:40355"
adminAddress: "10.1.0.17:40355"
startupRole: FOLLOWER
,id: "300eaa66-db2c-41ba-add6-fa9c16cbce0b"
address: "10.1.0.17:35989"
dataStreamAddress: "10.1.0.17:40123"
clientAddress: "10.1.0.17:35989"
adminAddress: "10.1.0.17:35989"
startupRole: FOLLOWER
,id: "97ece121-4ac7-48f5-a423-498260ac9270"
address: "10.1.0.17:34367"
priority: 1
dataStreamAddress: "10.1.0.17:37963"
clientAddress: "10.1.0.17:34367"
adminAddress: "10.1.0.17:34367"
startupRole: FOLLOWER
, old:): org.apache.ratis.thirdparty.io.grpc.StatusRuntimeException: CANCELLED: client cancelled
2023-03-29 21:18:28,249 [grpc-default-executor-6] WARN  server.GrpcLogAppender (LogUtils.java:warn(122)) - 97ece121-4ac7-48f5-a423-498260ac9270@group-B117A9C3A2C5->300eaa66-db2c-41ba-add6-fa9c16cbce0b-AppendLogResponseHandler: Failed appendEntries: org.apache.ratis.thirdparty.io.grpc.StatusRuntimeException: CANCELLED: RST_STREAM closed stream. HTTP/2 error code: CANCEL
2023-03-29 21:18:28,253 [300eaa66-db2c-41ba-add6-fa9c16cbce0b-impl-thread1] INFO  segmented.SegmentedRaftLogWorker (SegmentedRaftLogWorker.java:close(257)) - 300eaa66-db2c-41ba-add6-fa9c16cbce0b@group-B117A9C3A2C5-SegmentedRaftLogWorker close()
2023-03-29 21:18:28,258 [300eaa66-db2c-41ba-add6-fa9c16cbce0b-impl-thread2] INFO  util.JmxRegister (JmxRegister.java:unregister(73)) - Successfully un-registered JMX Bean with object name Ratis:service=RaftServer,group=group-3702C0C83597,id=300eaa66-db2c-41ba-add6-fa9c16cbce0b
2023-03-29 21:18:28,258 [300eaa66-db2c-41ba-add6-fa9c16cbce0b-impl-thread2] INFO  impl.RoleInfo (RoleInfo.java:shutdownFollowerState(110)) - 300eaa66-db2c-41ba-add6-fa9c16cbce0b: shutdown 300eaa66-db2c-41ba-add6-fa9c16cbce0b@group-3702C0C83597-FollowerState
2023-03-29 21:18:28,258 [300eaa66-db2c-41ba-add6-fa9c16cbce0b@group-3702C0C83597-FollowerState] INFO  impl.FollowerState (FollowerState.java:run(152)) - 300eaa66-db2c-41ba-add6-fa9c16cbce0b@group-3702C0C83597-FollowerState was interrupted
2023-03-29 21:18:28,258 [300eaa66-db2c-41ba-add6-fa9c16cbce0b-impl-thread2] INFO  impl.StateMachineUpdater (StateMachineUpdater.java:stopAndJoin(153)) - 300eaa66-db2c-41ba-add6-fa9c16cbce0b@group-3702C0C83597-StateMachineUpdater: set stopIndex = 0
2023-03-29 21:18:28,268 [grpc-default-executor-7] WARN  server.GrpcLogAppender (LogUtils.java:warn(122)) - 69f3014f-ff88-49f1-a4e0-1e079fbb53ad@group-3702C0C83597->300eaa66-db2c-41ba-add6-fa9c16cbce0b-AppendLogResponseHandler: Failed appendEntries: org.apache.ratis.thirdparty.io.grpc.StatusRuntimeException: CANCELLED: RST_STREAM closed stream. HTTP/2 error code: CANCEL
2023-03-29 21:18:28,269 [300eaa66-db2c-41ba-add6-fa9c16cbce0b-impl-thread3] INFO  util.JmxRegister (JmxRegister.java:unregister(73)) - Successfully un-registered JMX Bean with object name Ratis:service=RaftServer,group=group-ECD9998B6098,id=300eaa66-db2c-41ba-add6-fa9c16cbce0b
2023-03-29 21:18:28,269 [300eaa66-db2c-41ba-add6-fa9c16cbce0b-impl-thread3] INFO  impl.RoleInfo (RoleInfo.java:shutdownLeaderState(93)) - 300eaa66-db2c-41ba-add6-fa9c16cbce0b: shutdown 300eaa66-db2c-41ba-add6-fa9c16cbce0b@group-ECD9998B6098-LeaderStateImpl
2023-03-29 21:18:28,269 [grpc-default-executor-5] WARN  server.GrpcLogAppender (LogUtils.java:warn(122)) - 69f3014f-ff88-49f1-a4e0-1e079fbb53ad@group-3702C0C83597->300eaa66-db2c-41ba-add6-fa9c16cbce0b-AppendLogResponseHandler: Failed appendEntries: org.apache.ratis.thirdparty.io.grpc.StatusRuntimeException: CANCELLED: RST_STREAM closed stream. HTTP/2 error code: CANCEL
2023-03-29 21:18:28,269 [300eaa66-db2c-41ba-add6-fa9c16cbce0b-impl-thread3] INFO  impl.PendingRequests (PendingRequests.java:sendNotLeaderResponses(282)) - 300eaa66-db2c-41ba-add6-fa9c16cbce0b@group-ECD9998B6098-PendingRequests: sendNotLeaderResponses
2023-03-29 21:18:28,269 [grpc-default-executor-5] WARN  server.GrpcLogAppender (GrpcLogAppender.java:resetClient(131)) - 69f3014f-ff88-49f1-a4e0-1e079fbb53ad@group-3702C0C83597->300eaa66-db2c-41ba-add6-fa9c16cbce0b-GrpcLogAppender: Leader has not got in touch with Follower 69f3014f-ff88-49f1-a4e0-1e079fbb53ad@group-3702C0C83597->300eaa66-db2c-41ba-add6-fa9c16cbce0b(c0,m0,n1, attendVote=true, lastRpcSendTime=343, lastRpcResponseTime=335) yet, just keep nextIndex unchanged and retry.
2023-03-29 21:18:28,269 [grpc-default-executor-4] WARN  server.GrpcLogAppender (LogUtils.java:warn(122)) - 97ece121-4ac7-48f5-a423-498260ac9270@group-B117A9C3A2C5->300eaa66-db2c-41ba-add6-fa9c16cbce0b-AppendLogResponseHandler: Failed appendEntries: org.apache.ratis.thirdparty.io.grpc.StatusRuntimeException: CANCELLED: RST_STREAM closed stream. HTTP/2 error code: CANCEL
2023-03-29 21:18:28,269 [grpc-default-executor-4] WARN  server.GrpcLogAppender (GrpcLogAppender.java:resetClient(131)) - 97ece121-4ac7-48f5-a423-498260ac9270@group-B117A9C3A2C5->300eaa66-db2c-41ba-add6-fa9c16cbce0b-GrpcLogAppender: Leader has not got in touch with Follower 97ece121-4ac7-48f5-a423-498260ac9270@group-B117A9C3A2C5->300eaa66-db2c-41ba-add6-fa9c16cbce0b(c0,m0,n1, attendVote=true, lastRpcSendTime=509, lastRpcResponseTime=504) yet, just keep nextIndex unchanged and retry.
2023-03-29 21:18:28,276 [ForkJoinPool.commonPool-worker-0] INFO  ozoneimpl.OzoneContainer (OzoneContainer.java:stop(419)) - Attempting to stop container services.
2023-03-29 21:18:28,277 [300eaa66-db2c-41ba-add6-fa9c16cbce0b@group-3702C0C83597-StateMachineUpdater] INFO  ratis.ContainerStateMachine (ContainerStateMachine.java:takeSnapshot(330)) - group-3702C0C83597: Taking a snapshot at:(t:1, i:0) file /home/runner/work/ozone/ozone/hadoop-ozone/integration-test/target/test-dir/MiniOzoneClusterImpl-94458d0b-d5a8-4c00-b4e5-5292a8a953be/datanode-1/data/ratis/da127d51-654a-49fb-8e3d-3702c0c83597/sm/snapshot.1_0
2023-03-29 21:18:28,278 [grpc-default-executor-6] WARN  server.GrpcLogAppender (GrpcLogAppender.java:resetClient(131)) - 97ece121-4ac7-48f5-a423-498260ac9270@group-B117A9C3A2C5->300eaa66-db2c-41ba-add6-fa9c16cbce0b-GrpcLogAppender: Leader has not got in touch with Follower 97ece121-4ac7-48f5-a423-498260ac9270@group-B117A9C3A2C5->300eaa66-db2c-41ba-add6-fa9c16cbce0b(c0,m0,n1, attendVote=true, lastRpcSendTime=518, lastRpcResponseTime=513) yet, just keep nextIndex unchanged and retry.
2023-03-29 21:18:28,278 [grpc-default-executor-7] WARN  server.GrpcLogAppender (GrpcLogAppender.java:resetClient(131)) - 69f3014f-ff88-49f1-a4e0-1e079fbb53ad@group-3702C0C83597->300eaa66-db2c-41ba-add6-fa9c16cbce0b-GrpcLogAppender: Leader has not got in touch with Follower 69f3014f-ff88-49f1-a4e0-1e079fbb53ad@group-3702C0C83597->300eaa66-db2c-41ba-add6-fa9c16cbce0b(c0,m0,n1, attendVote=true, lastRpcSendTime=352, lastRpcResponseTime=345) yet, just keep nextIndex unchanged and retry.
2023-03-29 21:18:28,278 [300eaa66-db2c-41ba-add6-fa9c16cbce0b@group-ECD9998B6098-StateMachineUpdater] INFO  ratis.ContainerStateMachine (ContainerStateMachine.java:takeSnapshot(330)) - group-ECD9998B6098: Taking a snapshot at:(t:1, i:0) file /home/runner/work/ozone/ozone/hadoop-ozone/integration-test/target/test-dir/MiniOzoneClusterImpl-94458d0b-d5a8-4c00-b4e5-5292a8a953be/datanode-1/data/ratis/05acd17a-aef8-4dcb-8c61-ecd9998b6098/sm/snapshot.1_0
2023-03-29 21:18:28,279 [300eaa66-db2c-41ba-add6-fa9c16cbce0b@group-3702C0C83597-StateMachineUpdater] INFO  ratis.ContainerStateMachine (ContainerStateMachine.java:takeSnapshot(341)) - group-3702C0C83597: Finished taking a snapshot at:(t:1, i:0) file:/home/runner/work/ozone/ozone/hadoop-ozone/integration-test/target/test-dir/MiniOzoneClusterImpl-94458d0b-d5a8-4c00-b4e5-5292a8a953be/datanode-1/data/ratis/da127d51-654a-49fb-8e3d-3702c0c83597/sm/snapshot.1_0 took: 1 ms
2023-03-29 21:18:28,279 [300eaa66-db2c-41ba-add6-fa9c16cbce0b@group-ECD9998B6098-StateMachineUpdater] INFO  ratis.ContainerStateMachine (ContainerStateMachine.java:takeSnapshot(341)) - group-ECD9998B6098: Finished taking a snapshot at:(t:1, i:0) file:/home/runner/work/ozone/ozone/hadoop-ozone/integration-test/target/test-dir/MiniOzoneClusterImpl-94458d0b-d5a8-4c00-b4e5-5292a8a953be/datanode-1/data/ratis/05acd17a-aef8-4dcb-8c61-ecd9998b6098/sm/snapshot.1_0 took: 1 ms
2023-03-29 21:18:28,279 [300eaa66-db2c-41ba-add6-fa9c16cbce0b@group-ECD9998B6098-StateMachineUpdater] INFO  impl.StateMachineUpdater (StateMachineUpdater.java:takeSnapshot(287)) - 300eaa66-db2c-41ba-add6-fa9c16cbce0b@group-ECD9998B6098-StateMachineUpdater: Took a snapshot at index 0
2023-03-29 21:18:28,279 [300eaa66-db2c-41ba-add6-fa9c16cbce0b@group-ECD9998B6098-StateMachineUpdater] INFO  impl.StateMachineUpdater (StateMachineUpdater.java:lambda$new$0(92)) - 300eaa66-db2c-41ba-add6-fa9c16cbce0b@group-ECD9998B6098-StateMachineUpdater: snapshotIndex: updateIncreasingly -1 -> 0
2023-03-29 21:18:28,278 [300eaa66-db2c-41ba-add6-fa9c16cbce0b-impl-thread3] INFO  impl.StateMachineUpdater (StateMachineUpdater.java:stopAndJoin(153)) - 300eaa66-db2c-41ba-add6-fa9c16cbce0b@group-ECD9998B6098-StateMachineUpdater: set stopIndex = 0
2023-03-29 21:18:28,279 [300eaa66-db2c-41ba-add6-fa9c16cbce0b@group-3702C0C83597-StateMachineUpdater] INFO  impl.StateMachineUpdater (StateMachineUpdater.java:takeSnapshot(287)) - 300eaa66-db2c-41ba-add6-fa9c16cbce0b@group-3702C0C83597-StateMachineUpdater: Took a snapshot at index 0
2023-03-29 21:18:28,287 [300eaa66-db2c-41ba-add6-fa9c16cbce0b@group-3702C0C83597-StateMachineUpdater] INFO  impl.StateMachineUpdater (StateMachineUpdater.java:lambda$new$0(92)) - 300eaa66-db2c-41ba-add6-fa9c16cbce0b@group-3702C0C83597-StateMachineUpdater: snapshotIndex: updateIncreasingly -1 -> 0
2023-03-29 21:18:28,287 [300eaa66-db2c-41ba-add6-fa9c16cbce0b-impl-thread3] INFO  server.RaftServer$Division (ServerState.java:close(466)) - 300eaa66-db2c-41ba-add6-fa9c16cbce0b@group-ECD9998B6098: closes. applyIndex: 0
2023-03-29 21:18:28,287 [300eaa66-db2c-41ba-add6-fa9c16cbce0b-impl-thread2] INFO  server.RaftServer$Division (ServerState.java:close(466)) - 300eaa66-db2c-41ba-add6-fa9c16cbce0b@group-3702C0C83597: closes. applyIndex: 0
2023-03-29 21:18:28,293 [300eaa66-db2c-41ba-add6-fa9c16cbce0b@group-3702C0C83597-SegmentedRaftLogWorker] INFO  segmented.SegmentedRaftLogWorker (SegmentedRaftLogWorker.java:run(347)) - 300eaa66-db2c-41ba-add6-fa9c16cbce0b@group-3702C0C83597-SegmentedRaftLogWorker was interrupted, exiting. There are 0 tasks remaining in the queue.
2023-03-29 21:18:28,294 [300eaa66-db2c-41ba-add6-fa9c16cbce0b@group-ECD9998B6098-SegmentedRaftLogWorker] INFO  segmented.SegmentedRaftLogWorker (SegmentedRaftLogWorker.java:run(347)) - 300eaa66-db2c-41ba-add6-fa9c16cbce0b@group-ECD9998B6098-SegmentedRaftLogWorker was interrupted, exiting. There are 0 tasks remaining in the queue.
2023-03-29 21:18:28,294 [300eaa66-db2c-41ba-add6-fa9c16cbce0b-impl-thread2] INFO  segmented.SegmentedRaftLogWorker (SegmentedRaftLogWorker.java:close(257)) - 300eaa66-db2c-41ba-add6-fa9c16cbce0b@group-3702C0C83597-SegmentedRaftLogWorker close()
2023-03-29 21:18:28,295 [300eaa66-db2c-41ba-add6-fa9c16cbce0b-impl-thread3] INFO  segmented.SegmentedRaftLogWorker (SegmentedRaftLogWorker.java:close(257)) - 300eaa66-db2c-41ba-add6-fa9c16cbce0b@group-ECD9998B6098-SegmentedRaftLogWorker close()
2023-03-29 21:18:28,295 [ForkJoinPool.commonPool-worker-0] INFO  server.RaftServer (RaftServerProxy.java:lambda$close$6(409)) - 97ece121-4ac7-48f5-a423-498260ac9270: close
2023-03-29 21:18:28,295 [97ece121-4ac7-48f5-a423-498260ac9270-impl-thread1] INFO  server.RaftServer$Division (RaftServerImpl.java:lambda$close$4(458)) - 97ece121-4ac7-48f5-a423-498260ac9270@group-B117A9C3A2C5: shutdown
2023-03-29 21:18:28,295 [97ece121-4ac7-48f5-a423-498260ac9270-impl-thread1] INFO  util.JmxRegister (JmxRegister.java:unregister(73)) - Successfully un-registered JMX Bean with object name Ratis:service=RaftServer,group=group-B117A9C3A2C5,id=97ece121-4ac7-48f5-a423-498260ac9270
2023-03-29 21:18:28,295 [97ece121-4ac7-48f5-a423-498260ac9270-impl-thread1] INFO  impl.RoleInfo (RoleInfo.java:shutdownLeaderState(93)) - 97ece121-4ac7-48f5-a423-498260ac9270: shutdown 97ece121-4ac7-48f5-a423-498260ac9270@group-B117A9C3A2C5-LeaderStateImpl
2023-03-29 21:18:28,295 [97ece121-4ac7-48f5-a423-498260ac9270-impl-thread2] INFO  server.RaftServer$Division (RaftServerImpl.java:lambda$close$4(458)) - 97ece121-4ac7-48f5-a423-498260ac9270@group-3702C0C83597: shutdown
2023-03-29 21:18:28,295 [97ece121-4ac7-48f5-a423-498260ac9270-impl-thread2] INFO  util.JmxRegister (JmxRegister.java:unregister(73)) - Successfully un-registered JMX Bean with object name Ratis:service=RaftServer,group=group-3702C0C83597,id=97ece121-4ac7-48f5-a423-498260ac9270
2023-03-29 21:18:28,296 [97ece121-4ac7-48f5-a423-498260ac9270-impl-thread2] INFO  impl.RoleInfo (RoleInfo.java:shutdownFollowerState(110)) - 97ece121-4ac7-48f5-a423-498260ac9270: shutdown 97ece121-4ac7-48f5-a423-498260ac9270@group-3702C0C83597-FollowerState
2023-03-29 21:18:28,296 [ForkJoinPool.commonPool-worker-0] INFO  server.GrpcService (GrpcService.java:closeImpl(271)) - 97ece121-4ac7-48f5-a423-498260ac9270: shutdown server GrpcServerProtocolService now
2023-03-29 21:18:28,296 [97ece121-4ac7-48f5-a423-498260ac9270-impl-thread3] INFO  server.RaftServer$Division (RaftServerImpl.java:lambda$close$4(458)) - 97ece121-4ac7-48f5-a423-498260ac9270@group-B15F55D64280: shutdown
2023-03-29 21:18:28,296 [97ece121-4ac7-48f5-a423-498260ac9270-impl-thread3] INFO  util.JmxRegister (JmxRegister.java:unregister(73)) - Successfully un-registered JMX Bean with object name Ratis:service=RaftServer,group=group-B15F55D64280,id=97ece121-4ac7-48f5-a423-498260ac9270
2023-03-29 21:18:28,296 [97ece121-4ac7-48f5-a423-498260ac9270-impl-thread3] INFO  impl.RoleInfo (RoleInfo.java:shutdownLeaderState(93)) - 97ece121-4ac7-48f5-a423-498260ac9270: shutdown 97ece121-4ac7-48f5-a423-498260ac9270@group-B15F55D64280-LeaderStateImpl
2023-03-29 21:18:28,296 [97ece121-4ac7-48f5-a423-498260ac9270-impl-thread3] INFO  impl.PendingRequests (PendingRequests.java:sendNotLeaderResponses(282)) - 97ece121-4ac7-48f5-a423-498260ac9270@group-B15F55D64280-PendingRequests: sendNotLeaderResponses
2023-03-29 21:18:28,296 [97ece121-4ac7-48f5-a423-498260ac9270-impl-thread3] INFO  impl.StateMachineUpdater (StateMachineUpdater.java:stopAndJoin(153)) - 97ece121-4ac7-48f5-a423-498260ac9270@group-B15F55D64280-StateMachineUpdater: set stopIndex = 0
2023-03-29 21:18:28,296 [97ece121-4ac7-48f5-a423-498260ac9270@group-B15F55D64280-StateMachineUpdater] INFO  ratis.ContainerStateMachine (ContainerStateMachine.java:takeSnapshot(330)) - group-B15F55D64280: Taking a snapshot at:(t:1, i:0) file /home/runner/work/ozone/ozone/hadoop-ozone/integration-test/target/test-dir/MiniOzoneClusterImpl-94458d0b-d5a8-4c00-b4e5-5292a8a953be/datanode-0/data/ratis/c32929a4-ddb0-483e-9065-b15f55d64280/sm/snapshot.1_0
2023-03-29 21:18:28,297 [97ece121-4ac7-48f5-a423-498260ac9270@group-3702C0C83597-FollowerState] INFO  impl.FollowerState (FollowerState.java:run(152)) - 97ece121-4ac7-48f5-a423-498260ac9270@group-3702C0C83597-FollowerState was interrupted
2023-03-29 21:18:28,297 [97ece121-4ac7-48f5-a423-498260ac9270@group-3702C0C83597-StateMachineUpdater] INFO  ratis.ContainerStateMachine (ContainerStateMachine.java:takeSnapshot(330)) - group-3702C0C83597: Taking a snapshot at:(t:1, i:0) file /home/runner/work/ozone/ozone/hadoop-ozone/integration-test/target/test-dir/MiniOzoneClusterImpl-94458d0b-d5a8-4c00-b4e5-5292a8a953be/datanode-0/data/ratis/da127d51-654a-49fb-8e3d-3702c0c83597/sm/snapshot.1_0
2023-03-29 21:18:28,302 [97ece121-4ac7-48f5-a423-498260ac9270@group-B117A9C3A2C5->69f3014f-ff88-49f1-a4e0-1e079fbb53ad-GrpcLogAppender-LogAppenderDaemon] WARN  server.GrpcLogAppender (GrpcLogAppender.java:mayWait(200)) - 97ece121-4ac7-48f5-a423-498260ac9270@group-B117A9C3A2C5->69f3014f-ff88-49f1-a4e0-1e079fbb53ad-GrpcLogAppender: Wait interrupted by java.lang.InterruptedException
2023-03-29 21:18:28,302 [97ece121-4ac7-48f5-a423-498260ac9270-impl-thread2] INFO  impl.StateMachineUpdater (StateMachineUpdater.java:stopAndJoin(153)) - 97ece121-4ac7-48f5-a423-498260ac9270@group-3702C0C83597-StateMachineUpdater: set stopIndex = 0
2023-03-29 21:18:28,302 [97ece121-4ac7-48f5-a423-498260ac9270@group-3702C0C83597-StateMachineUpdater] INFO  ratis.ContainerStateMachine (ContainerStateMachine.java:takeSnapshot(341)) - group-3702C0C83597: Finished taking a snapshot at:(t:1, i:0) file:/home/runner/work/ozone/ozone/hadoop-ozone/integration-test/target/test-dir/MiniOzoneClusterImpl-94458d0b-d5a8-4c00-b4e5-5292a8a953be/datanode-0/data/ratis/da127d51-654a-49fb-8e3d-3702c0c83597/sm/snapshot.1_0 took: 6 ms
2023-03-29 21:18:28,302 [ForkJoinPool.commonPool-worker-0] INFO  server.GrpcServerProtocolClient (GrpcServerProtocolClient.java:close(101)) - 69f3014f-ff88-49f1-a4e0-1e079fbb53ad Close channels
2023-03-29 21:18:28,302 [97ece121-4ac7-48f5-a423-498260ac9270@group-3702C0C83597-StateMachineUpdater] INFO  impl.StateMachineUpdater (StateMachineUpdater.java:takeSnapshot(287)) - 97ece121-4ac7-48f5-a423-498260ac9270@group-3702C0C83597-StateMachineUpdater: Took a snapshot at index 0
2023-03-29 21:18:28,303 [97ece121-4ac7-48f5-a423-498260ac9270@group-3702C0C83597-StateMachineUpdater] INFO  impl.StateMachineUpdater (StateMachineUpdater.java:lambda$new$0(92)) - 97ece121-4ac7-48f5-a423-498260ac9270@group-3702C0C83597-StateMachineUpdater: snapshotIndex: updateIncreasingly -1 -> 0
2023-03-29 21:18:28,303 [97ece121-4ac7-48f5-a423-498260ac9270-impl-thread2] INFO  server.RaftServer$Division (ServerState.java:close(466)) - 97ece121-4ac7-48f5-a423-498260ac9270@group-3702C0C83597: closes. applyIndex: 0
2023-03-29 21:18:28,303 [97ece121-4ac7-48f5-a423-498260ac9270@group-3702C0C83597-SegmentedRaftLogWorker] INFO  segmented.SegmentedRaftLogWorker (SegmentedRaftLogWorker.java:run(347)) - 97ece121-4ac7-48f5-a423-498260ac9270@group-3702C0C83597-SegmentedRaftLogWorker was interrupted, exiting. There are 0 tasks remaining in the queue.
2023-03-29 21:18:28,306 [97ece121-4ac7-48f5-a423-498260ac9270-impl-thread2] INFO  segmented.SegmentedRaftLogWorker (SegmentedRaftLogWorker.java:close(257)) - 97ece121-4ac7-48f5-a423-498260ac9270@group-3702C0C83597-SegmentedRaftLogWorker close()
2023-03-29 21:18:28,306 [JvmPauseMonitor18] INFO  util.JvmPauseMonitor (JvmPauseMonitor.java:run(111)) - JvmPauseMonitor-300eaa66-db2c-41ba-add6-fa9c16cbce0b: Stopped
2023-03-29 21:18:28,308 [97ece121-4ac7-48f5-a423-498260ac9270@group-B15F55D64280-StateMachineUpdater] INFO  ratis.ContainerStateMachine (ContainerStateMachine.java:takeSnapshot(341)) - group-B15F55D64280: Finished taking a snapshot at:(t:1, i:0) file:/home/runner/work/ozone/ozone/hadoop-ozone/integration-test/target/test-dir/MiniOzoneClusterImpl-94458d0b-d5a8-4c00-b4e5-5292a8a953be/datanode-0/data/ratis/c32929a4-ddb0-483e-9065-b15f55d64280/sm/snapshot.1_0 took: 12 ms
2023-03-29 21:18:28,308 [97ece121-4ac7-48f5-a423-498260ac9270@group-B15F55D64280-StateMachineUpdater] INFO  impl.StateMachineUpdater (StateMachineUpdater.java:takeSnapshot(287)) - 97ece121-4ac7-48f5-a423-498260ac9270@group-B15F55D64280-StateMachineUpdater: Took a snapshot at index 0
2023-03-29 21:18:28,308 [97ece121-4ac7-48f5-a423-498260ac9270@group-B15F55D64280-StateMachineUpdater] INFO  impl.StateMachineUpdater (StateMachineUpdater.java:lambda$new$0(92)) - 97ece121-4ac7-48f5-a423-498260ac9270@group-B15F55D64280-StateMachineUpdater: snapshotIndex: updateIncreasingly -1 -> 0
2023-03-29 21:18:28,309 [97ece121-4ac7-48f5-a423-498260ac9270-impl-thread3] INFO  server.RaftServer$Division (ServerState.java:close(466)) - 97ece121-4ac7-48f5-a423-498260ac9270@group-B15F55D64280: closes. applyIndex: 0
2023-03-29 21:18:28,310 [grpc-default-executor-4] WARN  server.GrpcServerProtocolService (LogUtils.java:warn(122)) - 97ece121-4ac7-48f5-a423-498260ac9270: installSnapshot onError, lastRequest: null: org.apache.ratis.thirdparty.io.grpc.StatusRuntimeException: CANCELLED: client cancelled
2023-03-29 21:18:28,310 [grpc-default-executor-4] WARN  server.GrpcLogAppender (LogUtils.java:warn(122)) - 69f3014f-ff88-49f1-a4e0-1e079fbb53ad@group-3702C0C83597->97ece121-4ac7-48f5-a423-498260ac9270-AppendLogResponseHandler: Failed appendEntries: org.apache.ratis.thirdparty.io.grpc.StatusRuntimeException: CANCELLED: RST_STREAM closed stream. HTTP/2 error code: CANCEL
2023-03-29 21:18:28,310 [grpc-default-executor-4] WARN  server.GrpcLogAppender (GrpcLogAppender.java:resetClient(131)) - 69f3014f-ff88-49f1-a4e0-1e079fbb53ad@group-3702C0C83597->97ece121-4ac7-48f5-a423-498260ac9270-GrpcLogAppender: Leader has not got in touch with Follower 69f3014f-ff88-49f1-a4e0-1e079fbb53ad@group-3702C0C83597->97ece121-4ac7-48f5-a423-498260ac9270(c0,m0,n1, attendVote=true, lastRpcSendTime=418, lastRpcResponseTime=394) yet, just keep nextIndex unchanged and retry.
2023-03-29 21:18:28,310 [97ece121-4ac7-48f5-a423-498260ac9270@group-B15F55D64280-SegmentedRaftLogWorker] INFO  segmented.SegmentedRaftLogWorker (SegmentedRaftLogWorker.java:run(347)) - 97ece121-4ac7-48f5-a423-498260ac9270@group-B15F55D64280-SegmentedRaftLogWorker was interrupted, exiting. There are 0 tasks remaining in the queue.
2023-03-29 21:18:28,311 [97ece121-4ac7-48f5-a423-498260ac9270-impl-thread3] INFO  segmented.SegmentedRaftLogWorker (SegmentedRaftLogWorker.java:close(257)) - 97ece121-4ac7-48f5-a423-498260ac9270@group-B15F55D64280-SegmentedRaftLogWorker close()
2023-03-29 21:18:28,312 [grpc-default-executor-6] WARN  server.GrpcServerProtocolService (LogUtils.java:warn(122)) - 97ece121-4ac7-48f5-a423-498260ac9270: installSnapshot onError, lastRequest: 69f3014f-ff88-49f1-a4e0-1e079fbb53ad->97ece121-4ac7-48f5-a423-498260ac9270#1-t1,previous=(t:0, i:0),leaderCommit=0,initializing? true,entries: size=1, first=(t:1, i:0), CONFIGURATIONENTRY(current:id: "69f3014f-ff88-49f1-a4e0-1e079fbb53ad"
address: "10.1.0.17:40355"
priority: 1
dataStreamAddress: "10.1.0.17:41067"
clientAddress: "10.1.0.17:40355"
adminAddress: "10.1.0.17:40355"
startupRole: FOLLOWER
,id: "300eaa66-db2c-41ba-add6-fa9c16cbce0b"
address: "10.1.0.17:35989"
dataStreamAddress: "10.1.0.17:40123"
clientAddress: "10.1.0.17:35989"
adminAddress: "10.1.0.17:35989"
startupRole: FOLLOWER
,id: "97ece121-4ac7-48f5-a423-498260ac9270"
address: "10.1.0.17:34367"
dataStreamAddress: "10.1.0.17:37963"
clientAddress: "10.1.0.17:34367"
adminAddress: "10.1.0.17:34367"
startupRole: FOLLOWER
, old:): org.apache.ratis.thirdparty.io.grpc.StatusRuntimeException: CANCELLED: client cancelled
2023-03-29 21:18:28,312 [grpc-default-executor-4] INFO  server.GrpcServerProtocolService (GrpcServerProtocolService.java:onCompleted(143)) - 69f3014f-ff88-49f1-a4e0-1e079fbb53ad: Completed APPEND_ENTRIES, lastRequest: 97ece121-4ac7-48f5-a423-498260ac9270->69f3014f-ff88-49f1-a4e0-1e079fbb53ad#1-t1,previous=(t:0, i:0),leaderCommit=0,initializing? true,entries: size=1, first=(t:1, i:0), CONFIGURATIONENTRY(current:id: "69f3014f-ff88-49f1-a4e0-1e079fbb53ad"
address: "10.1.0.17:40355"
dataStreamAddress: "10.1.0.17:41067"
clientAddress: "10.1.0.17:40355"
adminAddress: "10.1.0.17:40355"
startupRole: FOLLOWER
,id: "300eaa66-db2c-41ba-add6-fa9c16cbce0b"
address: "10.1.0.17:35989"
dataStreamAddress: "10.1.0.17:40123"
clientAddress: "10.1.0.17:35989"
adminAddress: "10.1.0.17:35989"
startupRole: FOLLOWER
,id: "97ece121-4ac7-48f5-a423-498260ac9270"
address: "10.1.0.17:34367"
priority: 1
dataStreamAddress: "10.1.0.17:37963"
clientAddress: "10.1.0.17:34367"
adminAddress: "10.1.0.17:34367"
startupRole: FOLLOWER
, old:)
2023-03-29 21:18:28,312 [97ece121-4ac7-48f5-a423-498260ac9270-impl-thread1] INFO  impl.PendingRequests (PendingRequests.java:sendNotLeaderResponses(282)) - 97ece121-4ac7-48f5-a423-498260ac9270@group-B117A9C3A2C5-PendingRequests: sendNotLeaderResponses
2023-03-29 21:18:28,313 [97ece121-4ac7-48f5-a423-498260ac9270-impl-thread1] INFO  impl.StateMachineUpdater (StateMachineUpdater.java:stopAndJoin(153)) - 97ece121-4ac7-48f5-a423-498260ac9270@group-B117A9C3A2C5-StateMachineUpdater: set stopIndex = 0
2023-03-29 21:18:28,313 [97ece121-4ac7-48f5-a423-498260ac9270@group-B117A9C3A2C5-StateMachineUpdater] INFO  ratis.ContainerStateMachine (ContainerStateMachine.java:takeSnapshot(330)) - group-B117A9C3A2C5: Taking a snapshot at:(t:1, i:0) file /home/runner/work/ozone/ozone/hadoop-ozone/integration-test/target/test-dir/MiniOzoneClusterImpl-94458d0b-d5a8-4c00-b4e5-5292a8a953be/datanode-0/data/ratis/5d4c63f5-fc24-46ba-8347-b117a9c3a2c5/sm/snapshot.1_0
2023-03-29 21:18:28,313 [97ece121-4ac7-48f5-a423-498260ac9270@group-B117A9C3A2C5-StateMachineUpdater] INFO  ratis.ContainerStateMachine (ContainerStateMachine.java:takeSnapshot(341)) - group-B117A9C3A2C5: Finished taking a snapshot at:(t:1, i:0) file:/home/runner/work/ozone/ozone/hadoop-ozone/integration-test/target/test-dir/MiniOzoneClusterImpl-94458d0b-d5a8-4c00-b4e5-5292a8a953be/datanode-0/data/ratis/5d4c63f5-fc24-46ba-8347-b117a9c3a2c5/sm/snapshot.1_0 took: 0 ms
2023-03-29 21:18:28,314 [97ece121-4ac7-48f5-a423-498260ac9270@group-B117A9C3A2C5-StateMachineUpdater] INFO  impl.StateMachineUpdater (StateMachineUpdater.java:takeSnapshot(287)) - 97ece121-4ac7-48f5-a423-498260ac9270@group-B117A9C3A2C5-StateMachineUpdater: Took a snapshot at index 0
2023-03-29 21:18:28,314 [97ece121-4ac7-48f5-a423-498260ac9270@group-B117A9C3A2C5-StateMachineUpdater] INFO  impl.StateMachineUpdater (StateMachineUpdater.java:lambda$new$0(92)) - 97ece121-4ac7-48f5-a423-498260ac9270@group-B117A9C3A2C5-StateMachineUpdater: snapshotIndex: updateIncreasingly -1 -> 0
2023-03-29 21:18:28,314 [97ece121-4ac7-48f5-a423-498260ac9270-impl-thread1] INFO  server.RaftServer$Division (ServerState.java:close(466)) - 97ece121-4ac7-48f5-a423-498260ac9270@group-B117A9C3A2C5: closes. applyIndex: 0
2023-03-29 21:18:28,314 [grpc-default-executor-6] INFO  server.GrpcServerProtocolService (GrpcServerProtocolService.java:onCompleted(143)) - 69f3014f-ff88-49f1-a4e0-1e079fbb53ad: Completed APPEND_ENTRIES, lastRequest: null
2023-03-29 21:18:28,319 [grpc-default-executor-6] INFO  server.GrpcLogAppender (GrpcLogAppender.java:onCompleted(415)) - 97ece121-4ac7-48f5-a423-498260ac9270@group-B117A9C3A2C5->69f3014f-ff88-49f1-a4e0-1e079fbb53ad-AppendLogResponseHandler: follower responses appendEntries COMPLETED
2023-03-29 21:18:28,319 [grpc-default-executor-6] WARN  server.GrpcLogAppender (GrpcLogAppender.java:resetClient(137)) - 97ece121-4ac7-48f5-a423-498260ac9270@group-B117A9C3A2C5->69f3014f-ff88-49f1-a4e0-1e079fbb53ad-GrpcLogAppender: Failed to getClient for 69f3014f-ff88-49f1-a4e0-1e079fbb53ad
org.apache.ratis.protocol.exceptions.AlreadyClosedException: 97ece121-4ac7-48f5-a423-498260ac9270 is already CLOSED
	at org.apache.ratis.util.PeerProxyMap$PeerAndProxy.getProxy(PeerProxyMap.java:61)
	at org.apache.ratis.util.PeerProxyMap.getProxy(PeerProxyMap.java:115)
	at org.apache.ratis.grpc.server.GrpcLogAppender.getClient(GrpcLogAppender.java:116)
	at org.apache.ratis.grpc.server.GrpcLogAppender.resetClient(GrpcLogAppender.java:121)
	at org.apache.ratis.grpc.server.GrpcLogAppender.access$500(GrpcLogAppender.java:58)
	at org.apache.ratis.grpc.server.GrpcLogAppender$AppendLogResponseHandler.onCompleted(GrpcLogAppender.java:416)
	at org.apache.ratis.thirdparty.io.grpc.stub.ClientCalls$StreamObserverToCallListenerAdapter.onClose(ClientCalls.java:485)
	at org.apache.ratis.thirdparty.io.grpc.internal.ClientCallImpl.closeObserver(ClientCallImpl.java:562)
	at org.apache.ratis.thirdparty.io.grpc.internal.ClientCallImpl.access$300(ClientCallImpl.java:70)
	at org.apache.ratis.thirdparty.io.grpc.internal.ClientCallImpl$ClientStreamListenerImpl$1StreamClosed.runInternal(ClientCallImpl.java:743)
	at org.apache.ratis.thirdparty.io.grpc.internal.ClientCallImpl$ClientStreamListenerImpl$1StreamClosed.runInContext(ClientCallImpl.java:722)
	at org.apache.ratis.thirdparty.io.grpc.internal.ContextRunnable.run(ContextRunnable.java:37)
	at org.apache.ratis.thirdparty.io.grpc.internal.SerializingExecutor.run(SerializingExecutor.java:133)
	at java.util.concurrent.ThreadPoolExecutor.runWorker(ThreadPoolExecutor.java:1149)
	at java.util.concurrent.ThreadPoolExecutor$Worker.run(ThreadPoolExecutor.java:624)
	at java.lang.Thread.run(Thread.java:750)
2023-03-29 21:18:28,320 [97ece121-4ac7-48f5-a423-498260ac9270@group-B117A9C3A2C5-SegmentedRaftLogWorker] INFO  segmented.SegmentedRaftLogWorker (SegmentedRaftLogWorker.java:run(347)) - 97ece121-4ac7-48f5-a423-498260ac9270@group-B117A9C3A2C5-SegmentedRaftLogWorker was interrupted, exiting. There are 0 tasks remaining in the queue.
2023-03-29 21:18:28,321 [97ece121-4ac7-48f5-a423-498260ac9270-impl-thread1] INFO  segmented.SegmentedRaftLogWorker (SegmentedRaftLogWorker.java:close(257)) - 97ece121-4ac7-48f5-a423-498260ac9270@group-B117A9C3A2C5-SegmentedRaftLogWorker close()
2023-03-29 21:18:28,322 [grpc-default-executor-6] INFO  server.GrpcLogAppender (GrpcLogAppender.java:onCompleted(415)) - 97ece121-4ac7-48f5-a423-498260ac9270@group-B117A9C3A2C5->69f3014f-ff88-49f1-a4e0-1e079fbb53ad-AppendLogResponseHandler: follower responses appendEntries COMPLETED
2023-03-29 21:18:28,322 [grpc-default-executor-6] WARN  server.GrpcLogAppender (GrpcLogAppender.java:resetClient(137)) - 97ece121-4ac7-48f5-a423-498260ac9270@group-B117A9C3A2C5->69f3014f-ff88-49f1-a4e0-1e079fbb53ad-GrpcLogAppender: Failed to getClient for 69f3014f-ff88-49f1-a4e0-1e079fbb53ad
org.apache.ratis.protocol.exceptions.AlreadyClosedException: 97ece121-4ac7-48f5-a423-498260ac9270 is already CLOSED
	at org.apache.ratis.util.PeerProxyMap$PeerAndProxy.getProxy(PeerProxyMap.java:61)
	at org.apache.ratis.util.PeerProxyMap.getProxy(PeerProxyMap.java:115)
	at org.apache.ratis.grpc.server.GrpcLogAppender.getClient(GrpcLogAppender.java:116)
	at org.apache.ratis.grpc.server.GrpcLogAppender.resetClient(GrpcLogAppender.java:121)
	at org.apache.ratis.grpc.server.GrpcLogAppender.access$500(GrpcLogAppender.java:58)
	at org.apache.ratis.grpc.server.GrpcLogAppender$AppendLogResponseHandler.onCompleted(GrpcLogAppender.java:416)
	at org.apache.ratis.thirdparty.io.grpc.stub.ClientCalls$StreamObserverToCallListenerAdapter.onClose(ClientCalls.java:485)
	at org.apache.ratis.thirdparty.io.grpc.internal.ClientCallImpl.closeObserver(ClientCallImpl.java:562)
	at org.apache.ratis.thirdparty.io.grpc.internal.ClientCallImpl.access$300(ClientCallImpl.java:70)
	at org.apache.ratis.thirdparty.io.grpc.internal.ClientCallImpl$ClientStreamListenerImpl$1StreamClosed.runInternal(ClientCallImpl.java:743)
	at org.apache.ratis.thirdparty.io.grpc.internal.ClientCallImpl$ClientStreamListenerImpl$1StreamClosed.runInContext(ClientCallImpl.java:722)
	at org.apache.ratis.thirdparty.io.grpc.internal.ContextRunnable.run(ContextRunnable.java:37)
	at org.apache.ratis.thirdparty.io.grpc.internal.SerializingExecutor.run(SerializingExecutor.java:133)
	at java.util.concurrent.ThreadPoolExecutor.runWorker(ThreadPoolExecutor.java:1149)
	at java.util.concurrent.ThreadPoolExecutor$Worker.run(ThreadPoolExecutor.java:624)
	at java.lang.Thread.run(Thread.java:750)
2023-03-29 21:18:28,326 [69f3014f-ff88-49f1-a4e0-1e079fbb53ad@group-1D543A21D10E-FollowerState] INFO  impl.FollowerState (FollowerState.java:run(143)) - 69f3014f-ff88-49f1-a4e0-1e079fbb53ad@group-1D543A21D10E-FollowerState: change to CANDIDATE, lastRpcElapsedTime:5099219826ns, electionTimeout:5095ms
2023-03-29 21:18:28,327 [69f3014f-ff88-49f1-a4e0-1e079fbb53ad@group-1D543A21D10E-FollowerState] INFO  impl.RoleInfo (RoleInfo.java:shutdownFollowerState(110)) - 69f3014f-ff88-49f1-a4e0-1e079fbb53ad: shutdown 69f3014f-ff88-49f1-a4e0-1e079fbb53ad@group-1D543A21D10E-FollowerState
2023-03-29 21:18:28,327 [69f3014f-ff88-49f1-a4e0-1e079fbb53ad@group-1D543A21D10E-FollowerState] INFO  server.RaftServer$Division (RaftServerImpl.java:setRole(321)) - 69f3014f-ff88-49f1-a4e0-1e079fbb53ad@group-1D543A21D10E: changes role from  FOLLOWER to CANDIDATE at term 0 for changeToCandidate
2023-03-29 21:18:28,327 [69f3014f-ff88-49f1-a4e0-1e079fbb53ad@group-1D543A21D10E-FollowerState] INFO  server.RaftServerConfigKeys (ConfUtils.java:logGet(46)) - raft.server.leaderelection.pre-vote = true (default)
2023-03-29 21:18:28,327 [69f3014f-ff88-49f1-a4e0-1e079fbb53ad@group-1D543A21D10E-FollowerState] INFO  impl.RoleInfo (RoleInfo.java:updateAndGet(139)) - 69f3014f-ff88-49f1-a4e0-1e079fbb53ad: start 69f3014f-ff88-49f1-a4e0-1e079fbb53ad@group-1D543A21D10E-LeaderElection34
2023-03-29 21:18:28,344 [grpc-default-executor-4] WARN  server.GrpcLogAppender (LogUtils.java:warn(122)) - 69f3014f-ff88-49f1-a4e0-1e079fbb53ad@group-3702C0C83597->97ece121-4ac7-48f5-a423-498260ac9270-AppendLogResponseHandler: Failed appendEntries: org.apache.ratis.thirdparty.io.grpc.StatusRuntimeException: CANCELLED: RST_STREAM closed stream. HTTP/2 error code: CANCEL
2023-03-29 21:18:28,344 [grpc-default-executor-4] WARN  server.GrpcLogAppender (GrpcLogAppender.java:resetClient(131)) - 69f3014f-ff88-49f1-a4e0-1e079fbb53ad@group-3702C0C83597->97ece121-4ac7-48f5-a423-498260ac9270-GrpcLogAppender: Leader has not got in touch with Follower 69f3014f-ff88-49f1-a4e0-1e079fbb53ad@group-3702C0C83597->97ece121-4ac7-48f5-a423-498260ac9270(c0,m0,n1, attendVote=true, lastRpcSendTime=452, lastRpcResponseTime=428) yet, just keep nextIndex unchanged and retry.
2023-03-29 21:18:28,347 [69f3014f-ff88-49f1-a4e0-1e079fbb53ad@group-1D543A21D10E-LeaderElection34] INFO  impl.LeaderElection (LeaderElection.java:askForVotes(312)) - 69f3014f-ff88-49f1-a4e0-1e079fbb53ad@group-1D543A21D10E-LeaderElection34 PRE_VOTE round 0: submit vote requests at term 0 for -1: peers:[69f3014f-ff88-49f1-a4e0-1e079fbb53ad|rpc:10.1.0.17:40355|dataStream:10.1.0.17:41067|priority:1|startupRole:FOLLOWER]|listeners:[], old=null
2023-03-29 21:18:28,347 [69f3014f-ff88-49f1-a4e0-1e079fbb53ad@group-1D543A21D10E-LeaderElection34] INFO  impl.LeaderElection (LeaderElection.java:askForVotes(314)) - 69f3014f-ff88-49f1-a4e0-1e079fbb53ad@group-1D543A21D10E-LeaderElection34 PRE_VOTE round 0: result PASSED (term=0)
2023-03-29 21:18:28,348 [ForkJoinPool.commonPool-worker-0] INFO  server.GrpcServerProtocolClient (GrpcServerProtocolClient.java:close(101)) - 300eaa66-db2c-41ba-add6-fa9c16cbce0b Close channels
2023-03-29 21:18:28,361 [69f3014f-ff88-49f1-a4e0-1e079fbb53ad@group-1D543A21D10E-LeaderElection34] INFO  impl.LeaderElection (LeaderElection.java:askForVotes(312)) - 69f3014f-ff88-49f1-a4e0-1e079fbb53ad@group-1D543A21D10E-LeaderElection34 ELECTION round 0: submit vote requests at term 1 for -1: peers:[69f3014f-ff88-49f1-a4e0-1e079fbb53ad|rpc:10.1.0.17:40355|dataStream:10.1.0.17:41067|priority:1|startupRole:FOLLOWER]|listeners:[], old=null
2023-03-29 21:18:28,361 [69f3014f-ff88-49f1-a4e0-1e079fbb53ad@group-1D543A21D10E-LeaderElection34] INFO  impl.LeaderElection (LeaderElection.java:askForVotes(314)) - 69f3014f-ff88-49f1-a4e0-1e079fbb53ad@group-1D543A21D10E-LeaderElection34 ELECTION round 0: result PASSED (term=1)
2023-03-29 21:18:28,361 [69f3014f-ff88-49f1-a4e0-1e079fbb53ad@group-1D543A21D10E-LeaderElection34] INFO  impl.RoleInfo (RoleInfo.java:shutdownLeaderElection(130)) - 69f3014f-ff88-49f1-a4e0-1e079fbb53ad: shutdown 69f3014f-ff88-49f1-a4e0-1e079fbb53ad@group-1D543A21D10E-LeaderElection34
2023-03-29 21:18:28,362 [69f3014f-ff88-49f1-a4e0-1e079fbb53ad@group-1D543A21D10E-LeaderElection34] INFO  server.RaftServer$Division (RaftServerImpl.java:setRole(321)) - 69f3014f-ff88-49f1-a4e0-1e079fbb53ad@group-1D543A21D10E: changes role from CANDIDATE to LEADER at term 1 for changeToLeader
2023-03-29 21:18:28,362 [69f3014f-ff88-49f1-a4e0-1e079fbb53ad@group-1D543A21D10E-LeaderElection34] INFO  ratis.XceiverServerRatis (XceiverServerRatis.java:handleLeaderChangedNotification(904)) - Leader change notification received for group: group-1D543A21D10E with new leaderId: 69f3014f-ff88-49f1-a4e0-1e079fbb53ad
2023-03-29 21:18:28,362 [69f3014f-ff88-49f1-a4e0-1e079fbb53ad@group-1D543A21D10E-LeaderElection34] INFO  server.RaftServer$Division (ServerState.java:setLeader(313)) - 69f3014f-ff88-49f1-a4e0-1e079fbb53ad@group-1D543A21D10E: change Leader from null to 69f3014f-ff88-49f1-a4e0-1e079fbb53ad at term 1 for becomeLeader, leader elected after 5149ms
2023-03-29 21:18:28,362 [69f3014f-ff88-49f1-a4e0-1e079fbb53ad@group-1D543A21D10E-LeaderElection34] INFO  server.RaftServerConfigKeys (ConfUtils.java:logGet(46)) - raft.server.staging.catchup.gap = 1000 (default)
2023-03-29 21:18:28,362 [69f3014f-ff88-49f1-a4e0-1e079fbb53ad@group-1D543A21D10E-LeaderElection34] INFO  server.RaftServerConfigKeys (ConfUtils.java:logGet(46)) - raft.server.write.element-limit = 1024 (custom)
2023-03-29 21:18:28,362 [69f3014f-ff88-49f1-a4e0-1e079fbb53ad@group-1D543A21D10E-LeaderElection34] INFO  server.RaftServerConfigKeys (ConfUtils.java:logGet(46)) - raft.server.write.byte-limit = 1024 M (=1073741824) (custom)
2023-03-29 21:18:28,362 [ForkJoinPool.commonPool-worker-0] INFO  server.GrpcService (GrpcService.java:closeImpl(280)) - 97ece121-4ac7-48f5-a423-498260ac9270: shutdown server GrpcServerProtocolService successfully
2023-03-29 21:18:28,363 [69f3014f-ff88-49f1-a4e0-1e079fbb53ad@group-1D543A21D10E-LeaderElection34] INFO  server.RaftServerConfigKeys (ConfUtils.java:logGet(46)) - raft.server.watch.timeout = 180s (custom)
2023-03-29 21:18:28,363 [97ece121-4ac7-48f5-a423-498260ac9270-NettyServerStreamRpc-bossGroup--thread1] INFO  logging.LoggingHandler (AbstractInternalLogger.java:log(148)) - [id: 0x651776ec, L:/0:0:0:0:0:0:0:0:37963] CLOSE
2023-03-29 21:18:28,363 [97ece121-4ac7-48f5-a423-498260ac9270-NettyServerStreamRpc-bossGroup--thread1] INFO  logging.LoggingHandler (AbstractInternalLogger.java:log(148)) - [id: 0x651776ec, L:/0:0:0:0:0:0:0:0:37963] INACTIVE
2023-03-29 21:18:28,363 [97ece121-4ac7-48f5-a423-498260ac9270-NettyServerStreamRpc-bossGroup--thread1] INFO  logging.LoggingHandler (AbstractInternalLogger.java:log(148)) - [id: 0x651776ec, L:/0:0:0:0:0:0:0:0:37963] UNREGISTERED
2023-03-29 21:18:28,363 [69f3014f-ff88-49f1-a4e0-1e079fbb53ad@group-1D543A21D10E-LeaderElection34] INFO  server.RaftServerConfigKeys (ConfUtils.java:logGet(46)) - raft.server.watch.timeout.denomination = 1s (default)
2023-03-29 21:18:28,365 [69f3014f-ff88-49f1-a4e0-1e079fbb53ad@group-1D543A21D10E-LeaderElection34] INFO  server.RaftServerConfigKeys (ConfUtils.java:logGet(46)) - raft.server.watch.element-limit = 65536 (default)
2023-03-29 21:18:28,365 [69f3014f-ff88-49f1-a4e0-1e079fbb53ad@group-1D543A21D10E-LeaderElection34] INFO  server.RaftServerConfigKeys (ConfUtils.java:logGet(46)) - raft.server.write.element-limit = 1024 (custom)
2023-03-29 21:18:28,365 [69f3014f-ff88-49f1-a4e0-1e079fbb53ad@group-1D543A21D10E-LeaderElection34] INFO  server.RaftServerConfigKeys (ConfUtils.java:logGet(46)) - raft.server.write.follower.gap.ratio.max = -1.0 (default)
2023-03-29 21:18:28,365 [69f3014f-ff88-49f1-a4e0-1e079fbb53ad@group-1D543A21D10E-LeaderElection34] INFO  impl.RoleInfo (RoleInfo.java:updateAndGet(139)) - 69f3014f-ff88-49f1-a4e0-1e079fbb53ad: start 69f3014f-ff88-49f1-a4e0-1e079fbb53ad@group-1D543A21D10E-LeaderStateImpl
2023-03-29 21:18:28,366 [69f3014f-ff88-49f1-a4e0-1e079fbb53ad@group-1D543A21D10E-LeaderElection34] INFO  segmented.SegmentedRaftLogWorker (SegmentedRaftLogWorker.java:startLogSegment(452)) - 69f3014f-ff88-49f1-a4e0-1e079fbb53ad@group-1D543A21D10E-SegmentedRaftLogWorker: Starting segment from index:0
2023-03-29 21:18:28,381 [JvmPauseMonitor17] INFO  util.JvmPauseMonitor (JvmPauseMonitor.java:run(111)) - JvmPauseMonitor-97ece121-4ac7-48f5-a423-498260ac9270: Stopped
2023-03-29 21:18:28,388 [69f3014f-ff88-49f1-a4e0-1e079fbb53ad@group-1D543A21D10E-SegmentedRaftLogWorker] INFO  segmented.SegmentedRaftLogWorker (SegmentedRaftLogWorker.java:execute(656)) - 69f3014f-ff88-49f1-a4e0-1e079fbb53ad@group-1D543A21D10E-SegmentedRaftLogWorker: created new log segment /home/runner/work/ozone/ozone/hadoop-ozone/integration-test/target/test-dir/MiniOzoneClusterImpl-94458d0b-d5a8-4c00-b4e5-5292a8a953be/datanode-2/data/ratis/01dea8be-a9de-452b-a81a-1d543a21d10e/current/log_inprogress_0
2023-03-29 21:18:28,395 [69f3014f-ff88-49f1-a4e0-1e079fbb53ad@group-1D543A21D10E-LeaderElection34] INFO  server.RaftServer$Division (ServerState.java:setRaftConf(430)) - 69f3014f-ff88-49f1-a4e0-1e079fbb53ad@group-1D543A21D10E: set configuration 0: peers:[69f3014f-ff88-49f1-a4e0-1e079fbb53ad|rpc:10.1.0.17:40355|dataStream:10.1.0.17:41067|priority:1|startupRole:FOLLOWER]|listeners:[], old=null
2023-03-29 21:18:30,380 [Listener at 127.0.0.1/32841] INFO  volume.HddsVolume (HddsVolume.java:closeDbStore(437)) - SchemaV3 db is stopped at /home/runner/work/ozone/ozone/hadoop-ozone/integration-test/target/test-dir/MiniOzoneClusterImpl-94458d0b-d5a8-4c00-b4e5-5292a8a953be/datanode-1/data-0/containers/hdds/94458d0b-d5a8-4c00-b4e5-5292a8a953be/DS-befb4ca0-c21b-496d-81ad-3c92970578b6/container.db for volume DS-befb4ca0-c21b-496d-81ad-3c92970578b6
2023-03-29 21:18:30,380 [Listener at 127.0.0.1/32841] INFO  utils.BackgroundService (BackgroundService.java:shutdown(141)) - Shutting down service BlockDeletingService
2023-03-29 21:18:30,380 [Listener at 127.0.0.1/32841] INFO  utils.BackgroundService (BackgroundService.java:shutdown(141)) - Shutting down service StaleRecoveringContainerScrubbingService
2023-03-29 21:18:30,385 [Listener at 127.0.0.1/32841] INFO  statemachine.DatanodeStateMachine (DatanodeStateMachine.java:stopDaemon(601)) - Ozone container server stopped.
2023-03-29 21:18:30,399 [Listener at 127.0.0.1/32841] INFO  handler.ContextHandler (ContextHandler.java:doStop(1159)) - Stopped o.e.j.w.WebAppContext@633602c7{hddsDatanode,/,null,STOPPED}{jar:file:/home/runner/.m2/repository/org/apache/ozone/hdds-container-service/1.4.0-SNAPSHOT/hdds-container-service-1.4.0-SNAPSHOT.jar!/webapps/hddsDatanode}
2023-03-29 21:18:30,402 [Listener at 127.0.0.1/32841] INFO  server.AbstractConnector (AbstractConnector.java:doStop(383)) - Stopped ServerConnector@6c3192ca{HTTP/1.1, (http/1.1)}{0.0.0.0:0}
2023-03-29 21:18:30,402 [Listener at 127.0.0.1/32841] INFO  server.session (HouseKeeper.java:stopScavenging(149)) - node0 Stopped scavenging
2023-03-29 21:18:30,403 [Listener at 127.0.0.1/32841] INFO  handler.ContextHandler (ContextHandler.java:doStop(1159)) - Stopped o.e.j.s.ServletContextHandler@20e95da3{static,/static,jar:file:/home/runner/.m2/repository/org/apache/ozone/hdds-container-service/1.4.0-SNAPSHOT/hdds-container-service-1.4.0-SNAPSHOT.jar!/webapps/static,STOPPED}
2023-03-29 21:18:30,403 [Listener at 127.0.0.1/32841] INFO  handler.ContextHandler (ContextHandler.java:doStop(1159)) - Stopped o.e.j.s.ServletContextHandler@436e3aba{logs,/logs,file:///home/runner/work/ozone/ozone/hadoop-ozone/integration-test/target/log,STOPPED}
2023-03-29 21:18:30,406 [Listener at 127.0.0.1/32841] INFO  ozoneimpl.OzoneContainer (OzoneContainer.java:stop(419)) - Attempting to stop container services.
2023-03-29 21:18:30,409 [Listener at 127.0.0.1/32841] INFO  server.RaftServer (RaftServerProxy.java:lambda$close$6(409)) - 69f3014f-ff88-49f1-a4e0-1e079fbb53ad: close
2023-03-29 21:18:30,409 [69f3014f-ff88-49f1-a4e0-1e079fbb53ad-impl-thread1] INFO  server.RaftServer$Division (RaftServerImpl.java:lambda$close$4(458)) - 69f3014f-ff88-49f1-a4e0-1e079fbb53ad@group-B117A9C3A2C5: shutdown
2023-03-29 21:18:30,409 [69f3014f-ff88-49f1-a4e0-1e079fbb53ad-impl-thread1] INFO  util.JmxRegister (JmxRegister.java:unregister(73)) - Successfully un-registered JMX Bean with object name Ratis:service=RaftServer,group=group-B117A9C3A2C5,id=69f3014f-ff88-49f1-a4e0-1e079fbb53ad
2023-03-29 21:18:30,409 [69f3014f-ff88-49f1-a4e0-1e079fbb53ad-impl-thread1] INFO  impl.RoleInfo (RoleInfo.java:shutdownFollowerState(110)) - 69f3014f-ff88-49f1-a4e0-1e079fbb53ad: shutdown 69f3014f-ff88-49f1-a4e0-1e079fbb53ad@group-B117A9C3A2C5-FollowerState
2023-03-29 21:18:30,409 [69f3014f-ff88-49f1-a4e0-1e079fbb53ad-impl-thread1] INFO  impl.StateMachineUpdater (StateMachineUpdater.java:stopAndJoin(153)) - 69f3014f-ff88-49f1-a4e0-1e079fbb53ad@group-B117A9C3A2C5-StateMachineUpdater: set stopIndex = 0
2023-03-29 21:18:30,410 [69f3014f-ff88-49f1-a4e0-1e079fbb53ad@group-B117A9C3A2C5-FollowerState] INFO  impl.FollowerState (FollowerState.java:run(152)) - 69f3014f-ff88-49f1-a4e0-1e079fbb53ad@group-B117A9C3A2C5-FollowerState was interrupted
2023-03-29 21:18:30,410 [69f3014f-ff88-49f1-a4e0-1e079fbb53ad@group-B117A9C3A2C5-StateMachineUpdater] INFO  ratis.ContainerStateMachine (ContainerStateMachine.java:takeSnapshot(330)) - group-B117A9C3A2C5: Taking a snapshot at:(t:1, i:0) file /home/runner/work/ozone/ozone/hadoop-ozone/integration-test/target/test-dir/MiniOzoneClusterImpl-94458d0b-d5a8-4c00-b4e5-5292a8a953be/datanode-2/data/ratis/5d4c63f5-fc24-46ba-8347-b117a9c3a2c5/sm/snapshot.1_0
2023-03-29 21:18:30,410 [69f3014f-ff88-49f1-a4e0-1e079fbb53ad-impl-thread2] INFO  server.RaftServer$Division (RaftServerImpl.java:lambda$close$4(458)) - 69f3014f-ff88-49f1-a4e0-1e079fbb53ad@group-3702C0C83597: shutdown
2023-03-29 21:18:30,410 [69f3014f-ff88-49f1-a4e0-1e079fbb53ad-impl-thread2] INFO  util.JmxRegister (JmxRegister.java:unregister(73)) - Successfully un-registered JMX Bean with object name Ratis:service=RaftServer,group=group-3702C0C83597,id=69f3014f-ff88-49f1-a4e0-1e079fbb53ad
2023-03-29 21:18:30,410 [69f3014f-ff88-49f1-a4e0-1e079fbb53ad-impl-thread2] INFO  impl.RoleInfo (RoleInfo.java:shutdownLeaderState(93)) - 69f3014f-ff88-49f1-a4e0-1e079fbb53ad: shutdown 69f3014f-ff88-49f1-a4e0-1e079fbb53ad@group-3702C0C83597-LeaderStateImpl
2023-03-29 21:18:30,411 [Listener at 127.0.0.1/32841] INFO  server.GrpcService (GrpcService.java:closeImpl(271)) - 69f3014f-ff88-49f1-a4e0-1e079fbb53ad: shutdown server GrpcServerProtocolService now
2023-03-29 21:18:30,412 [ForkJoinPool.commonPool-worker-0] INFO  volume.HddsVolume (HddsVolume.java:closeDbStore(437)) - SchemaV3 db is stopped at /home/runner/work/ozone/ozone/hadoop-ozone/integration-test/target/test-dir/MiniOzoneClusterImpl-94458d0b-d5a8-4c00-b4e5-5292a8a953be/datanode-0/data-0/containers/hdds/94458d0b-d5a8-4c00-b4e5-5292a8a953be/DS-0041c024-1090-435f-8691-18df0507b541/container.db for volume DS-0041c024-1090-435f-8691-18df0507b541
2023-03-29 21:18:30,412 [69f3014f-ff88-49f1-a4e0-1e079fbb53ad@group-B117A9C3A2C5-StateMachineUpdater] INFO  ratis.ContainerStateMachine (ContainerStateMachine.java:takeSnapshot(341)) - group-B117A9C3A2C5: Finished taking a snapshot at:(t:1, i:0) file:/home/runner/work/ozone/ozone/hadoop-ozone/integration-test/target/test-dir/MiniOzoneClusterImpl-94458d0b-d5a8-4c00-b4e5-5292a8a953be/datanode-2/data/ratis/5d4c63f5-fc24-46ba-8347-b117a9c3a2c5/sm/snapshot.1_0 took: 2 ms
2023-03-29 21:18:30,414 [69f3014f-ff88-49f1-a4e0-1e079fbb53ad-impl-thread2] INFO  impl.PendingRequests (PendingRequests.java:sendNotLeaderResponses(282)) - 69f3014f-ff88-49f1-a4e0-1e079fbb53ad@group-3702C0C83597-PendingRequests: sendNotLeaderResponses
2023-03-29 21:18:30,414 [Listener at 127.0.0.1/32841] INFO  server.GrpcServerProtocolClient (GrpcServerProtocolClient.java:close(101)) - 300eaa66-db2c-41ba-add6-fa9c16cbce0b Close channels
2023-03-29 21:18:30,416 [69f3014f-ff88-49f1-a4e0-1e079fbb53ad-impl-thread3] INFO  server.RaftServer$Division (RaftServerImpl.java:lambda$close$4(458)) - 69f3014f-ff88-49f1-a4e0-1e079fbb53ad@group-1D543A21D10E: shutdown
2023-03-29 21:18:30,413 [ForkJoinPool.commonPool-worker-0] INFO  utils.BackgroundService (BackgroundService.java:shutdown(141)) - Shutting down service BlockDeletingService
2023-03-29 21:18:30,416 [69f3014f-ff88-49f1-a4e0-1e079fbb53ad-impl-thread3] INFO  util.JmxRegister (JmxRegister.java:unregister(73)) - Successfully un-registered JMX Bean with object name Ratis:service=RaftServer,group=group-1D543A21D10E,id=69f3014f-ff88-49f1-a4e0-1e079fbb53ad
2023-03-29 21:18:30,416 [ForkJoinPool.commonPool-worker-0] INFO  utils.BackgroundService (BackgroundService.java:shutdown(141)) - Shutting down service StaleRecoveringContainerScrubbingService
2023-03-29 21:18:30,416 [69f3014f-ff88-49f1-a4e0-1e079fbb53ad@group-B117A9C3A2C5-StateMachineUpdater] INFO  impl.StateMachineUpdater (StateMachineUpdater.java:takeSnapshot(287)) - 69f3014f-ff88-49f1-a4e0-1e079fbb53ad@group-B117A9C3A2C5-StateMachineUpdater: Took a snapshot at index 0
2023-03-29 21:18:30,418 [69f3014f-ff88-49f1-a4e0-1e079fbb53ad@group-B117A9C3A2C5-StateMachineUpdater] INFO  impl.StateMachineUpdater (StateMachineUpdater.java:lambda$new$0(92)) - 69f3014f-ff88-49f1-a4e0-1e079fbb53ad@group-B117A9C3A2C5-StateMachineUpdater: snapshotIndex: updateIncreasingly -1 -> 0
2023-03-29 21:18:30,418 [69f3014f-ff88-49f1-a4e0-1e079fbb53ad-impl-thread3] INFO  impl.RoleInfo (RoleInfo.java:shutdownLeaderState(93)) - 69f3014f-ff88-49f1-a4e0-1e079fbb53ad: shutdown 69f3014f-ff88-49f1-a4e0-1e079fbb53ad@group-1D543A21D10E-LeaderStateImpl
2023-03-29 21:18:30,418 [69f3014f-ff88-49f1-a4e0-1e079fbb53ad-impl-thread3] INFO  impl.PendingRequests (PendingRequests.java:sendNotLeaderResponses(282)) - 69f3014f-ff88-49f1-a4e0-1e079fbb53ad@group-1D543A21D10E-PendingRequests: sendNotLeaderResponses
2023-03-29 21:18:30,419 [69f3014f-ff88-49f1-a4e0-1e079fbb53ad@group-1D543A21D10E-StateMachineUpdater] INFO  ratis.ContainerStateMachine (ContainerStateMachine.java:takeSnapshot(330)) - group-1D543A21D10E: Taking a snapshot at:(t:1, i:0) file /home/runner/work/ozone/ozone/hadoop-ozone/integration-test/target/test-dir/MiniOzoneClusterImpl-94458d0b-d5a8-4c00-b4e5-5292a8a953be/datanode-2/data/ratis/01dea8be-a9de-452b-a81a-1d543a21d10e/sm/snapshot.1_0
2023-03-29 21:18:30,419 [69f3014f-ff88-49f1-a4e0-1e079fbb53ad-impl-thread1] INFO  server.RaftServer$Division (ServerState.java:close(466)) - 69f3014f-ff88-49f1-a4e0-1e079fbb53ad@group-B117A9C3A2C5: closes. applyIndex: 0
2023-03-29 21:18:30,419 [69f3014f-ff88-49f1-a4e0-1e079fbb53ad-impl-thread3] INFO  impl.StateMachineUpdater (StateMachineUpdater.java:stopAndJoin(153)) - 69f3014f-ff88-49f1-a4e0-1e079fbb53ad@group-1D543A21D10E-StateMachineUpdater: set stopIndex = 0
2023-03-29 21:18:30,419 [69f3014f-ff88-49f1-a4e0-1e079fbb53ad@group-1D543A21D10E-StateMachineUpdater] INFO  ratis.ContainerStateMachine (ContainerStateMachine.java:takeSnapshot(341)) - group-1D543A21D10E: Finished taking a snapshot at:(t:1, i:0) file:/home/runner/work/ozone/ozone/hadoop-ozone/integration-test/target/test-dir/MiniOzoneClusterImpl-94458d0b-d5a8-4c00-b4e5-5292a8a953be/datanode-2/data/ratis/01dea8be-a9de-452b-a81a-1d543a21d10e/sm/snapshot.1_0 took: 1 ms
2023-03-29 21:18:30,419 [69f3014f-ff88-49f1-a4e0-1e079fbb53ad@group-1D543A21D10E-StateMachineUpdater] INFO  impl.StateMachineUpdater (StateMachineUpdater.java:takeSnapshot(287)) - 69f3014f-ff88-49f1-a4e0-1e079fbb53ad@group-1D543A21D10E-StateMachineUpdater: Took a snapshot at index 0
2023-03-29 21:18:30,420 [69f3014f-ff88-49f1-a4e0-1e079fbb53ad@group-1D543A21D10E-StateMachineUpdater] INFO  impl.StateMachineUpdater (StateMachineUpdater.java:lambda$new$0(92)) - 69f3014f-ff88-49f1-a4e0-1e079fbb53ad@group-1D543A21D10E-StateMachineUpdater: snapshotIndex: updateIncreasingly -1 -> 0
2023-03-29 21:18:30,420 [69f3014f-ff88-49f1-a4e0-1e079fbb53ad-impl-thread3] INFO  server.RaftServer$Division (ServerState.java:close(466)) - 69f3014f-ff88-49f1-a4e0-1e079fbb53ad@group-1D543A21D10E: closes. applyIndex: 0
2023-03-29 21:18:30,420 [69f3014f-ff88-49f1-a4e0-1e079fbb53ad@group-3702C0C83597-StateMachineUpdater] INFO  ratis.ContainerStateMachine (ContainerStateMachine.java:takeSnapshot(330)) - group-3702C0C83597: Taking a snapshot at:(t:1, i:0) file /home/runner/work/ozone/ozone/hadoop-ozone/integration-test/target/test-dir/MiniOzoneClusterImpl-94458d0b-d5a8-4c00-b4e5-5292a8a953be/datanode-2/data/ratis/da127d51-654a-49fb-8e3d-3702c0c83597/sm/snapshot.1_0
2023-03-29 21:18:30,420 [69f3014f-ff88-49f1-a4e0-1e079fbb53ad@group-1D543A21D10E-SegmentedRaftLogWorker] INFO  segmented.SegmentedRaftLogWorker (SegmentedRaftLogWorker.java:run(347)) - 69f3014f-ff88-49f1-a4e0-1e079fbb53ad@group-1D543A21D10E-SegmentedRaftLogWorker was interrupted, exiting. There are 0 tasks remaining in the queue.
2023-03-29 21:18:30,421 [grpc-default-executor-6] INFO  server.GrpcLogAppender (GrpcLogAppender.java:onError(404)) - 69f3014f-ff88-49f1-a4e0-1e079fbb53ad@group-3702C0C83597->97ece121-4ac7-48f5-a423-498260ac9270-GrpcLogAppender is already stopped
2023-03-29 21:18:30,421 [69f3014f-ff88-49f1-a4e0-1e079fbb53ad-impl-thread2] INFO  impl.StateMachineUpdater (StateMachineUpdater.java:stopAndJoin(153)) - 69f3014f-ff88-49f1-a4e0-1e079fbb53ad@group-3702C0C83597-StateMachineUpdater: set stopIndex = 0
2023-03-29 21:18:30,419 [69f3014f-ff88-49f1-a4e0-1e079fbb53ad@group-B117A9C3A2C5-SegmentedRaftLogWorker] INFO  segmented.SegmentedRaftLogWorker (SegmentedRaftLogWorker.java:run(347)) - 69f3014f-ff88-49f1-a4e0-1e079fbb53ad@group-B117A9C3A2C5-SegmentedRaftLogWorker was interrupted, exiting. There are 0 tasks remaining in the queue.
2023-03-29 21:18:30,423 [69f3014f-ff88-49f1-a4e0-1e079fbb53ad@group-3702C0C83597-StateMachineUpdater] INFO  ratis.ContainerStateMachine (ContainerStateMachine.java:takeSnapshot(341)) - group-3702C0C83597: Finished taking a snapshot at:(t:1, i:0) file:/home/runner/work/ozone/ozone/hadoop-ozone/integration-test/target/test-dir/MiniOzoneClusterImpl-94458d0b-d5a8-4c00-b4e5-5292a8a953be/datanode-2/data/ratis/da127d51-654a-49fb-8e3d-3702c0c83597/sm/snapshot.1_0 took: 2 ms
2023-03-29 21:18:30,423 [69f3014f-ff88-49f1-a4e0-1e079fbb53ad@group-3702C0C83597-StateMachineUpdater] INFO  impl.StateMachineUpdater (StateMachineUpdater.java:takeSnapshot(287)) - 69f3014f-ff88-49f1-a4e0-1e079fbb53ad@group-3702C0C83597-StateMachineUpdater: Took a snapshot at index 0
2023-03-29 21:18:30,423 [69f3014f-ff88-49f1-a4e0-1e079fbb53ad@group-3702C0C83597-StateMachineUpdater] INFO  impl.StateMachineUpdater (StateMachineUpdater.java:lambda$new$0(92)) - 69f3014f-ff88-49f1-a4e0-1e079fbb53ad@group-3702C0C83597-StateMachineUpdater: snapshotIndex: updateIncreasingly -1 -> 0
2023-03-29 21:18:30,423 [69f3014f-ff88-49f1-a4e0-1e079fbb53ad-impl-thread2] INFO  server.RaftServer$Division (ServerState.java:close(466)) - 69f3014f-ff88-49f1-a4e0-1e079fbb53ad@group-3702C0C83597: closes. applyIndex: 0
2023-03-29 21:18:30,423 [69f3014f-ff88-49f1-a4e0-1e079fbb53ad@group-3702C0C83597-SegmentedRaftLogWorker] INFO  segmented.SegmentedRaftLogWorker (SegmentedRaftLogWorker.java:run(347)) - 69f3014f-ff88-49f1-a4e0-1e079fbb53ad@group-3702C0C83597-SegmentedRaftLogWorker was interrupted, exiting. There are 0 tasks remaining in the queue.
2023-03-29 21:18:30,425 [69f3014f-ff88-49f1-a4e0-1e079fbb53ad-impl-thread2] INFO  segmented.SegmentedRaftLogWorker (SegmentedRaftLogWorker.java:close(257)) - 69f3014f-ff88-49f1-a4e0-1e079fbb53ad@group-3702C0C83597-SegmentedRaftLogWorker close()
2023-03-29 21:18:30,426 [Listener at 127.0.0.1/32841] INFO  server.GrpcServerProtocolClient (GrpcServerProtocolClient.java:close(101)) - 97ece121-4ac7-48f5-a423-498260ac9270 Close channels
2023-03-29 21:18:30,426 [69f3014f-ff88-49f1-a4e0-1e079fbb53ad-impl-thread3] INFO  segmented.SegmentedRaftLogWorker (SegmentedRaftLogWorker.java:close(257)) - 69f3014f-ff88-49f1-a4e0-1e079fbb53ad@group-1D543A21D10E-SegmentedRaftLogWorker close()
2023-03-29 21:18:30,426 [69f3014f-ff88-49f1-a4e0-1e079fbb53ad-impl-thread1] INFO  segmented.SegmentedRaftLogWorker (SegmentedRaftLogWorker.java:close(257)) - 69f3014f-ff88-49f1-a4e0-1e079fbb53ad@group-B117A9C3A2C5-SegmentedRaftLogWorker close()
2023-03-29 21:18:30,428 [grpc-default-executor-6] INFO  server.GrpcLogAppender (GrpcLogAppender.java:onError(404)) - 69f3014f-ff88-49f1-a4e0-1e079fbb53ad@group-3702C0C83597->97ece121-4ac7-48f5-a423-498260ac9270-GrpcLogAppender is already stopped
2023-03-29 21:18:30,428 [ForkJoinPool.commonPool-worker-0] INFO  statemachine.DatanodeStateMachine (DatanodeStateMachine.java:stopDaemon(601)) - Ozone container server stopped.
2023-03-29 21:18:30,428 [Listener at 127.0.0.1/32841] INFO  server.GrpcService (GrpcService.java:closeImpl(280)) - 69f3014f-ff88-49f1-a4e0-1e079fbb53ad: shutdown server GrpcServerProtocolService successfully
2023-03-29 21:18:30,429 [69f3014f-ff88-49f1-a4e0-1e079fbb53ad-NettyServerStreamRpc-bossGroup--thread1] INFO  logging.LoggingHandler (AbstractInternalLogger.java:log(148)) - [id: 0x0798c94a, L:/0:0:0:0:0:0:0:0:41067] CLOSE
2023-03-29 21:18:30,429 [69f3014f-ff88-49f1-a4e0-1e079fbb53ad-NettyServerStreamRpc-bossGroup--thread1] INFO  logging.LoggingHandler (AbstractInternalLogger.java:log(148)) - [id: 0x0798c94a, L:/0:0:0:0:0:0:0:0:41067] INACTIVE
2023-03-29 21:18:30,429 [69f3014f-ff88-49f1-a4e0-1e079fbb53ad-NettyServerStreamRpc-bossGroup--thread1] INFO  logging.LoggingHandler (AbstractInternalLogger.java:log(148)) - [id: 0x0798c94a, L:/0:0:0:0:0:0:0:0:41067] UNREGISTERED
2023-03-29 21:18:30,428 [69f3014f-ff88-49f1-a4e0-1e079fbb53ad@group-3702C0C83597->97ece121-4ac7-48f5-a423-498260ac9270-GrpcLogAppender-LogAppenderDaemon] ERROR leader.LogAppenderDaemon (LogAppenderDaemon.java:run(87)) - 69f3014f-ff88-49f1-a4e0-1e079fbb53ad@group-3702C0C83597->97ece121-4ac7-48f5-a423-498260ac9270-GrpcLogAppender-LogAppenderDaemon failed
java.lang.IllegalArgumentException: 69f3014f-ff88-49f1-a4e0-1e079fbb53ad@group-3702C0C83597-SegmentedRaftLog is expected to be opened but it is CLOSED
	at org.apache.ratis.util.OpenCloseState.assertOpen(OpenCloseState.java:63)
	at org.apache.ratis.server.raftlog.RaftLogBase.checkLogState(RaftLogBase.java:111)
	at org.apache.ratis.server.raftlog.segmented.SegmentedRaftLog.getLastEntryTermIndex(SegmentedRaftLog.java:340)
	at org.apache.ratis.server.raftlog.RaftLog.getNextIndex(RaftLog.java:83)
	at org.apache.ratis.server.leader.LogAppender.hasAppendEntries(LogAppender.java:166)
	at org.apache.ratis.server.leader.LogAppender.shouldSendAppendEntries(LogAppender.java:161)
	at org.apache.ratis.server.leader.LogAppenderBase.shouldSendAppendEntries(LogAppenderBase.java:89)
	at org.apache.ratis.grpc.server.GrpcLogAppender.shouldSendAppendEntries(GrpcLogAppender.java:213)
	at org.apache.ratis.grpc.server.GrpcLogAppender.getWaitTimeMs(GrpcLogAppender.java:180)
	at org.apache.ratis.grpc.server.GrpcLogAppender.mayWait(GrpcLogAppender.java:198)
	at org.apache.ratis.grpc.server.GrpcLogAppender.run(GrpcLogAppender.java:148)
	at org.apache.ratis.server.leader.LogAppenderDaemon.run(LogAppenderDaemon.java:78)
	at java.lang.Thread.run(Thread.java:750)
Caused by: org.apache.ratis.util.OpenCloseState$CloseTrace: Close 69f3014f-ff88-49f1-a4e0-1e079fbb53ad@group-3702C0C83597-SegmentedRaftLog
	at org.apache.ratis.util.OpenCloseState.lambda$close$1(OpenCloseState.java:109)
	at java.util.concurrent.atomic.AtomicReference.getAndUpdate(AtomicReference.java:160)
	at org.apache.ratis.util.OpenCloseState.close(OpenCloseState.java:109)
	at org.apache.ratis.server.raftlog.RaftLogBase.close(RaftLogBase.java:365)
	at org.apache.ratis.server.raftlog.segmented.SegmentedRaftLog.close(SegmentedRaftLog.java:506)
	at org.apache.ratis.server.impl.ServerState.close(ServerState.java:468)
	at org.apache.ratis.server.impl.RaftServerImpl.lambda$close$4(RaftServerImpl.java:480)
	at org.apache.ratis.util.LifeCycle.lambda$checkStateAndClose$4(LifeCycle.java:299)
	at org.apache.ratis.util.LifeCycle.checkStateAndClose(LifeCycle.java:319)
	at org.apache.ratis.util.LifeCycle.checkStateAndClose(LifeCycle.java:297)
	at org.apache.ratis.server.impl.RaftServerImpl.close(RaftServerImpl.java:457)
	at org.apache.ratis.server.impl.RaftServerProxy$ImplMap.close(RaftServerProxy.java:132)
	at org.apache.ratis.server.impl.RaftServerProxy$ImplMap.lambda$close$0(RaftServerProxy.java:119)
	at org.apache.ratis.util.ConcurrentUtils.accept(ConcurrentUtils.java:173)
	at org.apache.ratis.util.ConcurrentUtils.lambda$null$3(ConcurrentUtils.java:165)
	at java.util.concurrent.ThreadPoolExecutor.runWorker(ThreadPoolExecutor.java:1149)
	at java.util.concurrent.ThreadPoolExecutor$Worker.run(ThreadPoolExecutor.java:624)
	... 1 more
2023-03-29 21:18:30,442 [JvmPauseMonitor19] INFO  util.JvmPauseMonitor (JvmPauseMonitor.java:run(111)) - JvmPauseMonitor-69f3014f-ff88-49f1-a4e0-1e079fbb53ad: Stopped
2023-03-29 21:18:30,452 [ForkJoinPool.commonPool-worker-0] INFO  handler.ContextHandler (ContextHandler.java:doStop(1159)) - Stopped o.e.j.w.WebAppContext@6ed5640e{hddsDatanode,/,null,STOPPED}{jar:file:/home/runner/.m2/repository/org/apache/ozone/hdds-container-service/1.4.0-SNAPSHOT/hdds-container-service-1.4.0-SNAPSHOT.jar!/webapps/hddsDatanode}
2023-03-29 21:18:30,452 [ForkJoinPool.commonPool-worker-0] INFO  server.AbstractConnector (AbstractConnector.java:doStop(383)) - Stopped ServerConnector@72d1a970{HTTP/1.1, (http/1.1)}{0.0.0.0:0}
2023-03-29 21:18:30,452 [ForkJoinPool.commonPool-worker-0] INFO  server.session (HouseKeeper.java:stopScavenging(149)) - node0 Stopped scavenging
2023-03-29 21:18:30,453 [ForkJoinPool.commonPool-worker-0] INFO  handler.ContextHandler (ContextHandler.java:doStop(1159)) - Stopped o.e.j.s.ServletContextHandler@8777fe{static,/static,jar:file:/home/runner/.m2/repository/org/apache/ozone/hdds-container-service/1.4.0-SNAPSHOT/hdds-container-service-1.4.0-SNAPSHOT.jar!/webapps/static,STOPPED}
2023-03-29 21:18:30,453 [ForkJoinPool.commonPool-worker-0] INFO  handler.ContextHandler (ContextHandler.java:doStop(1159)) - Stopped o.e.j.s.ServletContextHandler@4b376203{logs,/logs,file:///home/runner/work/ozone/ozone/hadoop-ozone/integration-test/target/log,STOPPED}
2023-03-29 21:18:32,445 [Listener at 127.0.0.1/32841] INFO  volume.HddsVolume (HddsVolume.java:closeDbStore(437)) - SchemaV3 db is stopped at /home/runner/work/ozone/ozone/hadoop-ozone/integration-test/target/test-dir/MiniOzoneClusterImpl-94458d0b-d5a8-4c00-b4e5-5292a8a953be/datanode-2/data-0/containers/hdds/94458d0b-d5a8-4c00-b4e5-5292a8a953be/DS-7585584c-176a-469f-ba94-461463fae07f/container.db for volume DS-7585584c-176a-469f-ba94-461463fae07f
2023-03-29 21:18:32,446 [Listener at 127.0.0.1/32841] INFO  utils.BackgroundService (BackgroundService.java:shutdown(141)) - Shutting down service BlockDeletingService
2023-03-29 21:18:32,446 [Listener at 127.0.0.1/32841] INFO  utils.BackgroundService (BackgroundService.java:shutdown(141)) - Shutting down service StaleRecoveringContainerScrubbingService
2023-03-29 21:18:32,448 [Listener at 127.0.0.1/32841] INFO  statemachine.DatanodeStateMachine (DatanodeStateMachine.java:stopDaemon(601)) - Ozone container server stopped.
2023-03-29 21:18:32,457 [Listener at 127.0.0.1/32841] INFO  handler.ContextHandler (ContextHandler.java:doStop(1159)) - Stopped o.e.j.w.WebAppContext@46b8f339{hddsDatanode,/,null,STOPPED}{jar:file:/home/runner/.m2/repository/org/apache/ozone/hdds-container-service/1.4.0-SNAPSHOT/hdds-container-service-1.4.0-SNAPSHOT.jar!/webapps/hddsDatanode}
2023-03-29 21:18:32,457 [Listener at 127.0.0.1/32841] INFO  server.AbstractConnector (AbstractConnector.java:doStop(383)) - Stopped ServerConnector@192c02ba{HTTP/1.1, (http/1.1)}{0.0.0.0:0}
2023-03-29 21:18:32,458 [Listener at 127.0.0.1/32841] INFO  server.session (HouseKeeper.java:stopScavenging(149)) - node0 Stopped scavenging
2023-03-29 21:18:32,458 [Listener at 127.0.0.1/32841] INFO  handler.ContextHandler (ContextHandler.java:doStop(1159)) - Stopped o.e.j.s.ServletContextHandler@4eccb462{static,/static,jar:file:/home/runner/.m2/repository/org/apache/ozone/hdds-container-service/1.4.0-SNAPSHOT/hdds-container-service-1.4.0-SNAPSHOT.jar!/webapps/static,STOPPED}
2023-03-29 21:18:32,458 [Listener at 127.0.0.1/32841] INFO  handler.ContextHandler (ContextHandler.java:doStop(1159)) - Stopped o.e.j.s.ServletContextHandler@646cd26a{logs,/logs,file:///home/runner/work/ozone/ozone/hadoop-ozone/integration-test/target/log,STOPPED}
2023-03-29 21:18:32,460 [Listener at 127.0.0.1/32841] INFO  ozone.MiniOzoneClusterImpl (MiniOzoneClusterImpl.java:stopSCM(545)) - Stopping the StorageContainerManager
2023-03-29 21:18:32,460 [Listener at 127.0.0.1/32841] INFO  server.StorageContainerManager (StorageContainerManager.java:stop(1546)) - Container Balancer is not running.
2023-03-29 21:18:32,460 [Listener at 127.0.0.1/32841] INFO  server.StorageContainerManager (StorageContainerManager.java:stopReplicationManager(1660)) - Stopping Replication Manager Service.
2023-03-29 21:18:32,460 [Listener at 127.0.0.1/32841] INFO  replication.ReplicationManager (ReplicationManager.java:stop(310)) - Stopping Replication Monitor Thread.
2023-03-29 21:18:32,460 [Listener at 127.0.0.1/32841] INFO  server.StorageContainerManager (StorageContainerManager.java:stop(1555)) - Stopping the Datanode Admin Monitor.
2023-03-29 21:18:32,460 [Under Replicated Processor] WARN  replication.UnhealthyReplicationProcessor (UnhealthyReplicationProcessor.java:run(146)) - Under Replicated Processor interrupted. Exiting...
2023-03-29 21:18:32,461 [Over Replicated Processor] WARN  replication.UnhealthyReplicationProcessor (UnhealthyReplicationProcessor.java:run(146)) - Over Replicated Processor interrupted. Exiting...
2023-03-29 21:18:32,461 [ReplicationMonitor] INFO  replication.ReplicationManager (ReplicationManager.java:run(880)) - Replication Monitor Thread is stopped
2023-03-29 21:18:32,461 [Listener at 127.0.0.1/32841] INFO  server.StorageContainerManager (StorageContainerManager.java:stop(1562)) - Stopping datanode service RPC server
2023-03-29 21:18:32,461 [Listener at 127.0.0.1/32841] INFO  server.SCMDatanodeProtocolServer (SCMDatanodeProtocolServer.java:stop(424)) - Stopping the RPC server for DataNodes
2023-03-29 21:18:32,461 [Listener at 127.0.0.1/32841] INFO  ipc.Server (Server.java:stop(3428)) - Stopping server on 43083
2023-03-29 21:18:32,462 [IPC Server listener on 0] INFO  ipc.Server (Server.java:run(1384)) - Stopping IPC Server listener on 0
2023-03-29 21:18:32,466 [IPC Server Responder] INFO  ipc.Server (Server.java:run(1517)) - Stopping IPC Server Responder
2023-03-29 21:18:32,512 [SCM Heartbeat Processing Thread - 0] WARN  node.NodeStateManager (NodeStateManager.java:scheduleNextHealthCheck(870)) - Current Thread is interrupted, shutting down HB processing thread for Node Manager.
2023-03-29 21:18:32,512 [Listener at 127.0.0.1/32841] INFO  server.StorageContainerManager (StorageContainerManager.java:stop(1570)) - Stopping block service RPC server
2023-03-29 21:18:32,512 [Listener at 127.0.0.1/32841] INFO  server.SCMBlockProtocolServer (SCMBlockProtocolServer.java:stop(161)) - Stopping the RPC server for Block Protocol
2023-03-29 21:18:32,512 [Listener at 127.0.0.1/32841] INFO  ipc.Server (Server.java:stop(3428)) - Stopping server on 46093
2023-03-29 21:18:32,513 [IPC Server listener on 0] INFO  ipc.Server (Server.java:run(1384)) - Stopping IPC Server listener on 0
2023-03-29 21:18:32,513 [IPC Server Responder] INFO  ipc.Server (Server.java:run(1517)) - Stopping IPC Server Responder
2023-03-29 21:18:32,513 [Listener at 127.0.0.1/32841] INFO  server.StorageContainerManager (StorageContainerManager.java:stop(1577)) - Stopping the StorageContainerLocationProtocol RPC server
2023-03-29 21:18:32,513 [Listener at 127.0.0.1/32841] INFO  server.SCMClientProtocolServer (SCMClientProtocolServer.java:stop(206)) - Stopping the RPC server for Client Protocol
2023-03-29 21:18:32,513 [Listener at 127.0.0.1/32841] INFO  ipc.Server (Server.java:stop(3428)) - Stopping server on 35195
2023-03-29 21:18:32,514 [IPC Server listener on 0] INFO  ipc.Server (Server.java:run(1384)) - Stopping IPC Server listener on 0
2023-03-29 21:18:32,514 [IPC Server Responder] INFO  ipc.Server (Server.java:run(1517)) - Stopping IPC Server Responder
2023-03-29 21:18:32,514 [Listener at 127.0.0.1/32841] INFO  server.StorageContainerManager (StorageContainerManager.java:stop(1584)) - Stopping Storage Container Manager HTTP server.
2023-03-29 21:18:32,516 [Listener at 127.0.0.1/32841] INFO  handler.ContextHandler (ContextHandler.java:doStop(1159)) - Stopped o.e.j.w.WebAppContext@60fc2c95{scm,/,null,STOPPED}{file:/home/runner/work/ozone/ozone/hadoop-ozone/integration-test/target/test-classes/webapps/scm}
2023-03-29 21:18:32,517 [Listener at 127.0.0.1/32841] INFO  server.AbstractConnector (AbstractConnector.java:doStop(383)) - Stopped ServerConnector@3bbea836{HTTP/1.1, (http/1.1)}{0.0.0.0:0}
2023-03-29 21:18:32,517 [Listener at 127.0.0.1/32841] INFO  server.session (HouseKeeper.java:stopScavenging(149)) - node0 Stopped scavenging
2023-03-29 21:18:32,517 [Listener at 127.0.0.1/32841] INFO  handler.ContextHandler (ContextHandler.java:doStop(1159)) - Stopped o.e.j.s.ServletContextHandler@12bbe830{static,/static,file:///home/runner/work/ozone/ozone/hadoop-ozone/integration-test/target/test-classes/webapps/static,STOPPED}
2023-03-29 21:18:32,517 [Listener at 127.0.0.1/32841] INFO  handler.ContextHandler (ContextHandler.java:doStop(1159)) - Stopped o.e.j.s.ServletContextHandler@5acfa3bf{logs,/logs,file:///home/runner/work/ozone/ozone/hadoop-ozone/integration-test/target/log,STOPPED}
2023-03-29 21:18:32,518 [Listener at 127.0.0.1/32841] INFO  server.StorageContainerManager (StorageContainerManager.java:stop(1592)) - Stopping SCM LayoutVersionManager Service.
2023-03-29 21:18:32,518 [Listener at 127.0.0.1/32841] INFO  server.StorageContainerManager (StorageContainerManager.java:stop(1600)) - Stopping Block Manager Service.
2023-03-29 21:18:32,518 [Listener at 127.0.0.1/32841] INFO  utils.BackgroundService (BackgroundService.java:shutdown(141)) - Shutting down service SCMBlockDeletingService
2023-03-29 21:18:32,518 [Listener at 127.0.0.1/32841] INFO  utils.BackgroundService (BackgroundService.java:shutdown(141)) - Shutting down service SCMBlockDeletingService
2023-03-29 21:18:32,518 [Listener at 127.0.0.1/32841] INFO  server.StorageContainerManager (StorageContainerManager.java:stop(1622)) - Stopping SCM Event Queue.
2023-03-29 21:18:32,519 [Listener at 127.0.0.1/32841] INFO  server.StorageContainerManager (StorageContainerManager.java:stop(1633)) - Stopping SCM HA services.
2023-03-29 21:18:32,519 [Listener at 127.0.0.1/32841] INFO  pipeline.BackgroundPipelineCreator (BackgroundPipelineCreator.java:stop(149)) - Stopping RatisPipelineUtilsThread.
2023-03-29 21:18:32,520 [RatisPipelineUtilsThread - 0] WARN  pipeline.BackgroundPipelineCreator (BackgroundPipelineCreator.java:run(180)) - RatisPipelineUtilsThread is interrupted.
2023-03-29 21:18:32,520 [Listener at 127.0.0.1/32841] INFO  BackgroundPipelineScrubber (BackgroundSCMService.java:stop(131)) - Stopping BackgroundPipelineScrubber Service.
2023-03-29 21:18:32,520 [BackgroundPipelineScrubberThread] WARN  BackgroundPipelineScrubber (BackgroundSCMService.java:run(115)) - BackgroundPipelineScrubber is interrupted, exit
2023-03-29 21:18:32,520 [Listener at 127.0.0.1/32841] INFO  impl.MetricsSystemImpl (MetricsSystemImpl.java:stop(210)) - Stopping HddsDatanode metrics system...
2023-03-29 21:18:32,524 [prometheus] INFO  impl.MetricsSinkAdapter (MetricsSinkAdapter.java:publishMetricsFromQueue(141)) - prometheus thread interrupted.
2023-03-29 21:18:32,524 [Listener at 127.0.0.1/32841] INFO  impl.MetricsSystemImpl (MetricsSystemImpl.java:stop(216)) - HddsDatanode metrics system stopped.
2023-03-29 21:18:32,525 [Listener at 127.0.0.1/32841] WARN  pipeline.BackgroundPipelineCreator (BackgroundPipelineCreator.java:stop(145)) - RatisPipelineUtilsThread is not running, just ignore.
2023-03-29 21:18:32,525 [Listener at 127.0.0.1/32841] INFO  BackgroundPipelineScrubber (BackgroundSCMService.java:stop(126)) - BackgroundPipelineScrubber Service is not running, skip stop.
2023-03-29 21:18:32,525 [Listener at 127.0.0.1/32841] INFO  ExpiredContainerReplicaOpScrubber (BackgroundSCMService.java:stop(131)) - Stopping ExpiredContainerReplicaOpScrubber Service.
2023-03-29 21:18:32,525 [Listener at 127.0.0.1/32841] INFO  utils.BackgroundService (BackgroundService.java:shutdown(141)) - Shutting down service SCMBlockDeletingService
2023-03-29 21:18:32,525 [ExpiredContainerReplicaOpScrubberThread] WARN  ExpiredContainerReplicaOpScrubber (BackgroundSCMService.java:run(115)) - ExpiredContainerReplicaOpScrubber is interrupted, exit
2023-03-29 21:18:32,525 [Listener at 127.0.0.1/32841] INFO  replication.ReplicationManager (ReplicationManager.java:stop(320)) - Replication Monitor Thread is not running.
2023-03-29 21:18:32,525 [Listener at 127.0.0.1/32841] WARN  balancer.ContainerBalancer (ContainerBalancer.java:stop(324)) - Cannot stop Container Balancer because it's not running or stopping
2023-03-29 21:18:32,525 [Listener at 127.0.0.1/32841] INFO  server.StorageContainerManager (StorageContainerManager.java:stop(1651)) - Stopping SCM MetadataStore.
2023-03-29 21:18:32,544 [Listener at 127.0.0.1/32841] WARN  server.ServerUtils (ServerUtils.java:getScmDbDir(148)) - ozone.scm.db.dirs is not configured. We recommend adding this setting. Falling back to ozone.metadata.dirs instead.
2023-03-29 21:18:32,546 [Listener at 127.0.0.1/32841] WARN  server.ServerUtils (ServerUtils.java:getScmDbDir(148)) - ozone.scm.db.dirs is not configured. We recommend adding this setting. Falling back to ozone.metadata.dirs instead.
2023-03-29 21:18:32,546 [Listener at 127.0.0.1/32841] INFO  ha.SCMHANodeDetails (SCMHANodeDetails.java:loadSCMHAConfig(209)) - ServiceID for StorageContainerManager is null
2023-03-29 21:18:32,546 [Listener at 127.0.0.1/32841] INFO  ha.SCMHANodeDetails (SCMHANodeDetails.java:loadSCMHAConfig(214)) - ozone.scm.default.service.id is not defined, falling back to ozone.scm.service.ids to find serviceID for StorageContainerManager if it is HA enabled cluster
2023-03-29 21:18:32,548 [Listener at 127.0.0.1/32841] WARN  utils.HAUtils (HAUtils.java:getMetaDir(342)) - ozone.scm.db.dirs is not configured. We recommend adding this setting. Falling back to ozone.metadata.dirs instead.
2023-03-29 21:18:32,549 [Listener at 127.0.0.1/32841] WARN  db.DBStoreBuilder (DBStoreBuilder.java:applyDBDefinition(181)) - ozone.scm.db.dirs is not configured. We recommend adding this setting. Falling back to ozone.metadata.dirs instead.
2023-03-29 21:18:32,634 [Listener at 127.0.0.1/32841] INFO  net.NodeSchemaLoader (NodeSchemaLoader.java:loadSchemaFromFile(129)) - Loading schema from [jar:file:/home/runner/.m2/repository/org/apache/ozone/hdds-common/1.4.0-SNAPSHOT/hdds-common-1.4.0-SNAPSHOT.jar!/network-topology-default.xml]
2023-03-29 21:18:32,634 [Listener at 127.0.0.1/32841] INFO  net.NodeSchemaLoader (NodeSchemaLoader.java:loadSchema(176)) - Loading network topology layer schema file
2023-03-29 21:18:32,636 [Listener at 127.0.0.1/32841] INFO  upgrade.AbstractLayoutVersionManager (AbstractLayoutVersionManager.java:init(83)) - Initializing Layout version manager with metadata layout = DATANODE_SCHEMA_V3 (version = 4), software layout = DATANODE_SCHEMA_V3 (version = 4)
2023-03-29 21:18:32,680 [Listener at 127.0.0.1/32841] INFO  reflections.Reflections (Reflections.java:scan(232)) - Reflections took 43 ms to scan 7 urls, producing 155 keys and 368 values 
2023-03-29 21:18:32,682 [Listener at 127.0.0.1/32841] INFO  ha.SequenceIdGenerator (SequenceIdGenerator.java:upgradeToSequenceId(349)) - upgrade localId to 111677748019200000
2023-03-29 21:18:32,682 [Listener at 127.0.0.1/32841] INFO  ha.SequenceIdGenerator (SequenceIdGenerator.java:upgradeToSequenceId(359)) - upgrade delTxnId to 0
2023-03-29 21:18:32,682 [Listener at 127.0.0.1/32841] INFO  ha.SequenceIdGenerator (SequenceIdGenerator.java:upgradeToSequenceId(376)) - upgrade containerId to 0
2023-03-29 21:18:32,682 [Listener at 127.0.0.1/32841] INFO  ha.SequenceIdGenerator (SequenceIdGenerator.java:<init>(220)) - Init the HA SequenceIdGenerator.
2023-03-29 21:18:32,683 [Listener at 127.0.0.1/32841] WARN  server.ServerUtils (ServerUtils.java:sanitizeUserArgs(73)) - ozone.scm.stale.node.interval value = 300000 is larger than max = 100000 based on the key value of ozone.scm.heartbeat.thread.interval, reset to the max value 100000.
2023-03-29 21:18:32,683 [Listener at 127.0.0.1/32841] WARN  server.ServerUtils (ServerUtils.java:sanitizeUserArgs(73)) - ozone.scm.stale.node.interval value = 300000 is larger than max = 100000 based on the key value of ozone.scm.heartbeat.thread.interval, reset to the max value 100000.
2023-03-29 21:18:32,683 [Listener at 127.0.0.1/32841] INFO  node.SCMNodeManager (SCMNodeManager.java:<init>(156)) - Entering startup safe mode.
2023-03-29 21:18:32,683 [Listener at 127.0.0.1/32841] INFO  algorithms.ContainerPlacementPolicyFactory (ContainerPlacementPolicyFactory.java:getPolicyInternal(86)) - Create container placement policy of type org.apache.hadoop.hdds.scm.container.placement.algorithms.SCMContainerPlacementRandom
2023-03-29 21:18:32,684 [Listener at 127.0.0.1/32841] INFO  algorithms.ContainerPlacementPolicyFactory (ContainerPlacementPolicyFactory.java:getPolicyInternal(86)) - Create container placement policy of type org.apache.hadoop.hdds.scm.container.placement.algorithms.SCMContainerPlacementRackScatter
2023-03-29 21:18:32,684 [Listener at 127.0.0.1/32841] INFO  pipeline.PipelineStateManagerImpl (PipelineStateManagerImpl.java:initialize(78)) - No pipeline exists in current db
2023-03-29 21:18:32,684 [Listener at 127.0.0.1/32841] INFO  algorithms.LeaderChoosePolicyFactory (LeaderChoosePolicyFactory.java:getPolicy(57)) - Create leader choose policy of type org.apache.hadoop.hdds.scm.pipeline.leader.choose.algorithms.MinLeaderCountChoosePolicy
2023-03-29 21:18:32,684 [Listener at 127.0.0.1/32841] INFO  algorithms.ContainerPlacementPolicyFactory (ContainerPlacementPolicyFactory.java:getPolicyInternal(86)) - Create container placement policy of type org.apache.hadoop.hdds.scm.container.placement.algorithms.SCMContainerPlacementRackScatter
2023-03-29 21:18:32,684 [Listener at 127.0.0.1/32841] INFO  ha.SCMServiceManager (SCMServiceManager.java:register(42)) - Registering service BackgroundPipelineCreator.
2023-03-29 21:18:32,684 [Listener at 127.0.0.1/32841] INFO  pipeline.BackgroundPipelineCreator (BackgroundPipelineCreator.java:start(124)) - Starting RatisPipelineUtilsThread.
2023-03-29 21:18:32,684 [Listener at 127.0.0.1/32841] INFO  BackgroundPipelineScrubber (BackgroundSCMService.java:start(68)) - Starting BackgroundPipelineScrubber Service.
2023-03-29 21:18:32,685 [Listener at 127.0.0.1/32841] INFO  ha.SCMServiceManager (SCMServiceManager.java:register(42)) - Registering service BackgroundPipelineScrubber.
2023-03-29 21:18:32,685 [Listener at 127.0.0.1/32841] INFO  ExpiredContainerReplicaOpScrubber (BackgroundSCMService.java:start(68)) - Starting ExpiredContainerReplicaOpScrubber Service.
2023-03-29 21:18:32,685 [Listener at 127.0.0.1/32841] INFO  ha.SCMServiceManager (SCMServiceManager.java:register(42)) - Registering service ExpiredContainerReplicaOpScrubber.
2023-03-29 21:18:32,686 [Listener at 127.0.0.1/32841] INFO  algorithms.PipelineChoosePolicyFactory (PipelineChoosePolicyFactory.java:createPipelineChoosePolicyFromClass(73)) - Create pipeline choose policy of type org.apache.hadoop.hdds.scm.pipeline.choose.algorithms.RandomPipelineChoosePolicy
2023-03-29 21:18:32,686 [Listener at 127.0.0.1/32841] INFO  ha.SCMServiceManager (SCMServiceManager.java:register(42)) - Registering service SCMBlockDeletingService.
2023-03-29 21:18:32,687 [Listener at 127.0.0.1/32841] INFO  replication.ReplicationManager (ReplicationManager.java:start(277)) - Starting Replication Monitor Thread.
2023-03-29 21:18:32,687 [Listener at 127.0.0.1/32841] INFO  ha.SCMServiceManager (SCMServiceManager.java:register(42)) - Registering service ReplicationManager.
2023-03-29 21:18:32,688 [Listener at 127.0.0.1/32841] INFO  safemode.ContainerSafeModeRule (ContainerSafeModeRule.java:<init>(89)) - containers with one replica threshold count 0
2023-03-29 21:18:32,688 [Listener at 127.0.0.1/32841] INFO  safemode.HealthyPipelineSafeModeRule (HealthyPipelineSafeModeRule.java:initializeRule(169)) - Total pipeline count is 0, healthy pipeline threshold count is 1
2023-03-29 21:18:32,688 [Listener at 127.0.0.1/32841] INFO  safemode.OneReplicaPipelineSafeModeRule (OneReplicaPipelineSafeModeRule.java:initializeRule(180)) - Total pipeline count is 0, pipeline's with at least one datanode reported threshold count is 0
2023-03-29 21:18:32,689 [Listener at 127.0.0.1/32841] INFO  server.StorageContainerManager (StorageContainerManager.java:<init>(398)) - SCM start with adminUsers: [adminUser1, adminUser2, runner]
2023-03-29 21:18:32,689 [Listener at 127.0.0.1/32841] INFO  ipc.CallQueueManager (CallQueueManager.java:<init>(90)) - Using callQueue: class java.util.concurrent.LinkedBlockingQueue, queueCapacity: 2000, scheduler: class org.apache.hadoop.ipc.DefaultRpcScheduler, ipcBackoff: false.
2023-03-29 21:18:32,689 [Socket Reader #1 for port 0] INFO  ipc.Server (Server.java:run(1273)) - Starting Socket Reader #1 for port 0
2023-03-29 21:18:32,690 [Listener at 0.0.0.0/41797] INFO  ipc.CallQueueManager (CallQueueManager.java:<init>(90)) - Using callQueue: class java.util.concurrent.LinkedBlockingQueue, queueCapacity: 2000, scheduler: class org.apache.hadoop.ipc.DefaultRpcScheduler, ipcBackoff: false.
2023-03-29 21:18:32,691 [Socket Reader #1 for port 0] INFO  ipc.Server (Server.java:run(1273)) - Starting Socket Reader #1 for port 0
2023-03-29 21:18:32,691 [Listener at 0.0.0.0/45691] INFO  ipc.CallQueueManager (CallQueueManager.java:<init>(90)) - Using callQueue: class java.util.concurrent.LinkedBlockingQueue, queueCapacity: 2000, scheduler: class org.apache.hadoop.ipc.DefaultRpcScheduler, ipcBackoff: false.
2023-03-29 21:18:32,692 [Socket Reader #1 for port 0] INFO  ipc.Server (Server.java:run(1273)) - Starting Socket Reader #1 for port 0
2023-03-29 21:18:32,694 [Listener at 0.0.0.0/39587] INFO  ha.SCMServiceManager (SCMServiceManager.java:register(42)) - Registering service ContainerBalancer.
2023-03-29 21:18:32,694 [Listener at 0.0.0.0/39587] INFO  server.StorageContainerManager (StorageContainerManager.java:<init>(415)) - 
Container Balancer status:
Key                            Value
Running                        false
Container Balancer Configuration values:
Key                                                Value
Threshold                                          10
Max Datanodes to Involve per Iteration(percent)    20
Max Size to Move per Iteration                     500GB
Max Size Entering Target per Iteration             26GB
Max Size Leaving Source per Iteration              26GB

2023-03-29 21:18:32,695 [Listener at 0.0.0.0/39587] INFO  ha.SCMContext (SCMContext.java:updateSafeModeStatus(228)) - Update SafeModeStatus from SafeModeStatus{safeModeStatus=true, preCheckPassed=false} to SafeModeStatus{safeModeStatus=true, preCheckPassed=false}.
2023-03-29 21:18:32,695 [Listener at 0.0.0.0/39587] INFO  server.StorageContainerManager (StorageContainerManager.java:start(1449)) - StorageContainerLocationProtocol RPC server is listening at /0.0.0.0:39587
2023-03-29 21:18:32,698 [ReplicationMonitor] INFO  replication.ReplicationManager (ReplicationManager.java:processAll(352)) - Replication Manager is not ready to run until 3000ms after safemode exit
2023-03-29 21:18:32,700 [Listener at 0.0.0.0/39587] WARN  impl.MetricsConfig (MetricsConfig.java:loadFirst(136)) - Cannot locate configuration: tried hadoop-metrics2-storagecontainermanager.properties,hadoop-metrics2.properties
2023-03-29 21:18:32,703 [Listener at 0.0.0.0/39587] INFO  impl.MetricsSystemImpl (MetricsSystemImpl.java:startTimer(378)) - Scheduled Metric snapshot period at 10 second(s).
2023-03-29 21:18:32,704 [Listener at 0.0.0.0/39587] INFO  impl.MetricsSystemImpl (MetricsSystemImpl.java:start(191)) - StorageContainerManager metrics system started
2023-03-29 21:18:32,705 [Listener at 0.0.0.0/39587] INFO  impl.MetricsSinkAdapter (MetricsSinkAdapter.java:start(204)) - Sink prometheus started
2023-03-29 21:18:32,705 [Listener at 0.0.0.0/39587] INFO  impl.MetricsSystemImpl (MetricsSystemImpl.java:registerSink(305)) - Registered sink prometheus
2023-03-29 21:18:32,721 [Listener at 0.0.0.0/39587] INFO  server.SCMClientProtocolServer (SCMClientProtocolServer.java:start(197)) - RPC server for Client  is listening at /0.0.0.0:39587
2023-03-29 21:18:32,721 [IPC Server Responder] INFO  ipc.Server (Server.java:run(1512)) - IPC Server Responder: starting
2023-03-29 21:18:32,721 [IPC Server listener on 0] INFO  ipc.Server (Server.java:run(1352)) - IPC Server listener on 0: starting
2023-03-29 21:18:32,723 [Listener at 0.0.0.0/39587] INFO  server.StorageContainerManager (StorageContainerManager.java:start(1463)) - ScmBlockLocationProtocol RPC server is listening at /0.0.0.0:45691
2023-03-29 21:18:32,723 [Listener at 0.0.0.0/39587] INFO  server.SCMBlockProtocolServer (SCMBlockProtocolServer.java:start(152)) - RPC server for Block Protocol is listening at /0.0.0.0:45691
2023-03-29 21:18:32,723 [IPC Server Responder] INFO  ipc.Server (Server.java:run(1512)) - IPC Server Responder: starting
2023-03-29 21:18:32,723 [IPC Server listener on 0] INFO  ipc.Server (Server.java:run(1352)) - IPC Server listener on 0: starting
2023-03-29 21:18:32,725 [Listener at 0.0.0.0/39587] INFO  server.SCMDatanodeProtocolServer (SCMDatanodeProtocolServer.java:start(193)) - ScmDatanodeProtocol RPC server for DataNodes is listening at /0.0.0.0:41797
2023-03-29 21:18:32,725 [IPC Server Responder] INFO  ipc.Server (Server.java:run(1512)) - IPC Server Responder: starting
2023-03-29 21:18:32,725 [IPC Server listener on 0] INFO  ipc.Server (Server.java:run(1352)) - IPC Server listener on 0: starting
2023-03-29 21:18:32,732 [org.apache.hadoop.util.JvmPauseMonitor$Monitor@6673209b] INFO  util.JvmPauseMonitor (JvmPauseMonitor.java:run(188)) - Starting JVM pause monitor
2023-03-29 21:18:32,732 [Listener at 0.0.0.0/39587] INFO  http.BaseHttpServer (BaseHttpServer.java:newHttpServer2BuilderForOzone(224)) - Starting Web-server for scm at: http://0.0.0.0:0
2023-03-29 21:18:32,732 [Listener at 0.0.0.0/39587] INFO  http.BaseHttpServer (BaseHttpServer.java:<init>(111)) - Hadoop Security Enabled: false Ozone Security Enabled: false Ozone HTTP Security Enabled: false 
2023-03-29 21:18:32,733 [Listener at 0.0.0.0/39587] WARN  server.AuthenticationFilter (AuthenticationFilter.java:constructSecretProvider(240)) - Unable to initialize FileSignerSecretProvider, falling back to use random secrets. Reason: Could not read signature secret file: /home/runner/hadoop-http-auth-signature-secret
2023-03-29 21:18:32,736 [Listener at 0.0.0.0/39587] WARN  http.HttpRequestLog (HttpRequestLog.java:getRequestLog(103)) - Jetty request log can only be enabled using Log4j
2023-03-29 21:18:32,737 [Listener at 0.0.0.0/39587] INFO  http.HttpServer2 (HttpServer2.java:addGlobalFilter(1031)) - Added global filter 'safety' (class=org.apache.hadoop.hdds.server.http.HttpServer2$QuotingInputFilter)
2023-03-29 21:18:32,738 [Listener at 0.0.0.0/39587] INFO  http.HttpServer2 (HttpServer2.java:addFilter(1007)) - Added filter static_user_filter (class=org.apache.hadoop.http.lib.StaticUserWebFilter$StaticUserFilter) to context scm
2023-03-29 21:18:32,738 [Listener at 0.0.0.0/39587] INFO  http.HttpServer2 (HttpServer2.java:addFilter(1015)) - Added filter static_user_filter (class=org.apache.hadoop.http.lib.StaticUserWebFilter$StaticUserFilter) to context static
2023-03-29 21:18:32,738 [Listener at 0.0.0.0/39587] INFO  http.HttpServer2 (HttpServer2.java:addFilter(1015)) - Added filter static_user_filter (class=org.apache.hadoop.http.lib.StaticUserWebFilter$StaticUserFilter) to context logs
2023-03-29 21:18:32,739 [Listener at 0.0.0.0/39587] INFO  http.BaseHttpServer (BaseHttpServer.java:<init>(190)) - HTTP server of scm uses base directory /home/runner/work/ozone/ozone/hadoop-ozone/integration-test/target/test-dir/MiniOzoneClusterImpl-81c774c4-8c24-4526-9b8e-41dc3c8fdf7d/ozone-meta/webserver
2023-03-29 21:18:32,739 [Listener at 0.0.0.0/39587] INFO  http.HttpServer2 (HttpServer2.java:bindListener(1250)) - Jetty bound to port 41289
2023-03-29 21:18:32,739 [Listener at 0.0.0.0/39587] INFO  server.Server (Server.java:doStart(375)) - jetty-9.4.49.v20220914; built: 2022-09-14T01:07:36.601Z; git: 4231a3b2e4cb8548a412a789936d640a97b1aa0a; jvm 1.8.0_362-b09
2023-03-29 21:18:32,741 [Listener at 0.0.0.0/39587] INFO  server.session (DefaultSessionIdManager.java:doStart(334)) - DefaultSessionIdManager workerName=node0
2023-03-29 21:18:32,741 [Listener at 0.0.0.0/39587] INFO  server.session (DefaultSessionIdManager.java:doStart(339)) - No SessionScavenger set, using defaults
2023-03-29 21:18:32,741 [Listener at 0.0.0.0/39587] INFO  server.session (HouseKeeper.java:startScavenging(132)) - node0 Scavenging every 600000ms
2023-03-29 21:18:32,742 [Listener at 0.0.0.0/39587] INFO  handler.ContextHandler (ContextHandler.java:doStart(921)) - Started o.e.j.s.ServletContextHandler@140c53c9{logs,/logs,file:///home/runner/work/ozone/ozone/hadoop-ozone/integration-test/target/log,AVAILABLE}
2023-03-29 21:18:32,742 [Listener at 0.0.0.0/39587] INFO  handler.ContextHandler (ContextHandler.java:doStart(921)) - Started o.e.j.s.ServletContextHandler@791b35ba{static,/static,file:///home/runner/work/ozone/ozone/hadoop-ozone/integration-test/target/test-classes/webapps/static,AVAILABLE}
2023-03-29 21:18:32,744 [Listener at 0.0.0.0/39587] INFO  handler.ContextHandler (ContextHandler.java:doStart(921)) - Started o.e.j.w.WebAppContext@3fe8580b{scm,/,file:///home/runner/work/ozone/ozone/hadoop-ozone/integration-test/target/test-classes/webapps/scm/,AVAILABLE}{file:/home/runner/work/ozone/ozone/hadoop-ozone/integration-test/target/test-classes/webapps/scm}
2023-03-29 21:18:32,745 [Listener at 0.0.0.0/39587] INFO  server.AbstractConnector (AbstractConnector.java:doStart(333)) - Started ServerConnector@704a23e{HTTP/1.1, (http/1.1)}{0.0.0.0:41289}
2023-03-29 21:18:32,745 [Listener at 0.0.0.0/39587] INFO  server.Server (Server.java:doStart(415)) - Started @166511ms
2023-03-29 21:18:32,745 [Listener at 0.0.0.0/39587] WARN  impl.MetricsSystemImpl (MetricsSystemImpl.java:register(279)) - Sink prometheus already exists!
2023-03-29 21:18:32,746 [Listener at 0.0.0.0/39587] INFO  http.BaseHttpServer (BaseHttpServer.java:updateConnectorAddress(344)) - HTTP server of scm listening at http://0.0.0.0:41289
2023-03-29 21:18:32,746 [Listener at 0.0.0.0/39587] WARN  server.ServerUtils (ServerUtils.java:getDBPath(225)) - ozone.om.db.dirs is not configured. We recommend adding this setting. Falling back to ozone.metadata.dirs instead.
2023-03-29 21:18:32,747 [Listener at 0.0.0.0/39587] INFO  ha.OMHANodeDetails (OMHANodeDetails.java:loadOMHAConfig(115)) - ozone.om.internal.service.id is not defined, falling back to ozone.om.service.ids to find serviceID for OzoneManager if it is HA enabled cluster
2023-03-29 21:18:32,748 [Listener at 0.0.0.0/39587] INFO  ha.OMHANodeDetails (OMHANodeDetails.java:loadOMHAConfig(226)) - Configuration does not have ozone.om.address set. Falling back to the default OM address /127.0.0.1:0
2023-03-29 21:18:32,748 [Listener at 0.0.0.0/39587] INFO  ha.OMHANodeDetails (OMHANodeDetails.java:getOMNodeDetailsForNonHA(254)) - OM Service ID is not set. Setting it to the default ID: omServiceIdDefault
2023-03-29 21:18:32,748 [Listener at 0.0.0.0/39587] INFO  ha.OMHANodeDetails (OMHANodeDetails.java:getOMNodeDetailsForNonHA(261)) - OM Node ID is not set. Setting it to the default ID: om1
2023-03-29 21:18:32,748 [Listener at 0.0.0.0/39587] WARN  server.ServerUtils (ServerUtils.java:getDBPath(225)) - ozone.om.db.dirs is not configured. We recommend adding this setting. Falling back to ozone.metadata.dirs instead.
2023-03-29 21:18:32,749 [Listener at 0.0.0.0/39587] INFO  upgrade.AbstractLayoutVersionManager (AbstractLayoutVersionManager.java:init(83)) - Initializing Layout version manager with metadata layout = MULTITENANCY_SCHEMA (version = 3), software layout = MULTITENANCY_SCHEMA (version = 3)
2023-03-29 21:18:32,831 [Listener at 0.0.0.0/39587] INFO  reflections.Reflections (Reflections.java:scan(232)) - Reflections took 80 ms to scan 2 urls, producing 170 keys and 470 values [using 2 cores]
2023-03-29 21:18:32,832 [Listener at 0.0.0.0/39587] INFO  upgrade.OMLayoutVersionManager (OMLayoutVersionManager.java:lambda$0(115)) - Skipping Upgrade Action MockOmUpgradeAction since it has been finalized.
2023-03-29 21:18:32,832 [Listener at 0.0.0.0/39587] WARN  server.ServerUtils (ServerUtils.java:getDBPath(225)) - ozone.om.db.dirs is not configured. We recommend adding this setting. Falling back to ozone.metadata.dirs instead.
2023-03-29 21:18:32,832 [Listener at 0.0.0.0/39587] INFO  proxy.SCMBlockLocationFailoverProxyProvider (SCMBlockLocationFailoverProxyProvider.java:<init>(114)) - Created block location fail-over proxy with 1 nodes: [nodeId=scmNodeId,nodeAddress=/0.0.0.0:45691]
2023-03-29 21:18:32,833 [Listener at 0.0.0.0/39587] INFO  proxy.SCMBlockLocationFailoverProxyProvider (SCMBlockLocationFailoverProxyProvider.java:<init>(114)) - Created block location fail-over proxy with 1 nodes: [nodeId=scmNodeId,nodeAddress=/0.0.0.0:45691]
2023-03-29 21:18:32,841 [Listener at 0.0.0.0/39587] INFO  om.OzoneManager (OzoneManager.java:<init>(619)) - OM start with adminUsers: [adminUser1, adminUser2, runner]
2023-03-29 21:18:32,842 [Listener at 0.0.0.0/39587] WARN  server.ServerUtils (ServerUtils.java:getDBPath(225)) - ozone.om.db.dirs is not configured. We recommend adding this setting. Falling back to ozone.metadata.dirs instead.
2023-03-29 21:18:32,842 [Listener at 0.0.0.0/39587] INFO  codec.OmKeyInfoCodec (OmKeyInfoCodec.java:<init>(49)) - OmKeyInfoCodec ignorePipeline = true
2023-03-29 21:18:32,842 [Listener at 0.0.0.0/39587] INFO  codec.RepeatedOmKeyInfoCodec (RepeatedOmKeyInfoCodec.java:<init>(41)) - RepeatedOmKeyInfoCodec ignorePipeline = true
2023-03-29 21:18:33,003 [Listener at 0.0.0.0/39587] INFO  om.OzoneManager (OzoneManager.java:instantiateServices(749)) - S3 Multi-Tenancy is disabled
2023-03-29 21:18:33,003 [Listener at 0.0.0.0/39587] WARN  server.ServerUtils (ServerUtils.java:getDBPath(225)) - ozone.om.snapshot.diff.db.dir is not configured. We recommend adding this setting. Falling back to ozone.metadata.dirs instead.
2023-03-29 21:18:33,022 [Listener at 0.0.0.0/39587] INFO  om.OzoneManager (OzoneManager.java:addS3GVolumeToDB(4223)) - Created Volume s3v With Owner runner required for S3Gateway operations.
2023-03-29 21:18:33,022 [Listener at 0.0.0.0/39587] WARN  server.ServerUtils (ServerUtils.java:getDefaultRatisDirectory(237)) - Storage directory for Ratis is not configured. It is a good idea to map this to an SSD disk. Falling back to ozone.metadata.dirs
2023-03-29 21:18:33,022 [Listener at 0.0.0.0/39587] WARN  utils.OzoneManagerRatisUtils (OzoneManagerRatisUtils.java:getOMRatisSnapshotDirectory(446)) - ozone.om.ratis.snapshot.dir is not configured. Falling back to ozone.metadata.dirs config
2023-03-29 21:18:33,022 [Listener at 0.0.0.0/39587] WARN  server.ServerUtils (ServerUtils.java:getDefaultRatisDirectory(237)) - Storage directory for Ratis is not configured. It is a good idea to map this to an SSD disk. Falling back to ozone.metadata.dirs
2023-03-29 21:18:33,023 [Listener at 0.0.0.0/39587] INFO  ratis.OzoneManagerRatisServer (OzoneManagerRatisServer.java:<init>(163)) - Instantiating OM Ratis server with groupID: omServiceIdDefault and peers: localhost:9872
2023-03-29 21:18:33,023 [Listener at 0.0.0.0/39587] INFO  ratis.OzoneManagerStateMachine (OzoneManagerStateMachine.java:loadSnapshotInfoFromDB(636)) - LastAppliedIndex is set from TransactionInfo from OM DB as (t:0, i:~)
2023-03-29 21:18:33,030 [Listener at 0.0.0.0/39587] INFO  server.RaftServer (ConfUtils.java:logGet(46)) - raft.rpc.type = GRPC (default)
2023-03-29 21:18:33,030 [Listener at 0.0.0.0/39587] INFO  grpc.GrpcConfigKeys (ConfUtils.java:logFallback(53)) - raft.grpc.admin.host = null (fallback to raft.grpc.server.host)
2023-03-29 21:18:33,030 [Listener at 0.0.0.0/39587] INFO  grpc.GrpcConfigKeys (ConfUtils.java:logFallback(53)) - raft.grpc.admin.port = 9872 (fallback to raft.grpc.server.port)
2023-03-29 21:18:33,030 [Listener at 0.0.0.0/39587] INFO  grpc.GrpcConfigKeys (ConfUtils.java:logFallback(53)) - raft.grpc.client.host = null (fallback to raft.grpc.server.host)
2023-03-29 21:18:33,030 [Listener at 0.0.0.0/39587] INFO  grpc.GrpcConfigKeys (ConfUtils.java:logFallback(53)) - raft.grpc.client.port = 9872 (fallback to raft.grpc.server.port)
2023-03-29 21:18:33,030 [Listener at 0.0.0.0/39587] INFO  grpc.GrpcConfigKeys (ConfUtils.java:logGet(46)) - raft.grpc.server.host = null (default)
2023-03-29 21:18:33,030 [Listener at 0.0.0.0/39587] INFO  grpc.GrpcConfigKeys (ConfUtils.java:logGet(46)) - raft.grpc.server.port = 9872 (custom)
2023-03-29 21:18:33,030 [Listener at 0.0.0.0/39587] INFO  server.GrpcService (ConfUtils.java:logGet(46)) - raft.grpc.message.size.max = 33554432 (custom)
2023-03-29 21:18:33,030 [Listener at 0.0.0.0/39587] INFO  server.RaftServerConfigKeys (ConfUtils.java:logGet(46)) - raft.server.log.appender.buffer.byte-limit = 33554432 (custom)
2023-03-29 21:18:33,031 [Listener at 0.0.0.0/39587] INFO  server.GrpcService (ConfUtils.java:logGet(46)) - raft.grpc.flow.control.window = 1MB (=1048576) (default)
2023-03-29 21:18:33,031 [Listener at 0.0.0.0/39587] INFO  server.RaftServerConfigKeys (ConfUtils.java:logGet(46)) - raft.server.rpc.request.timeout = 3000ms (default)
2023-03-29 21:18:33,031 [Listener at 0.0.0.0/39587] INFO  grpc.GrpcConfigKeys (ConfUtils.java:logGet(46)) - raft.grpc.server.heartbeat.channel = true (default)
2023-03-29 21:18:33,031 [Listener at 0.0.0.0/39587] INFO  grpc.GrpcConfigKeys (ConfUtils.java:logGet(46)) - raft.grpc.server.async.request.thread.pool.cached = true (default)
2023-03-29 21:18:33,031 [Listener at 0.0.0.0/39587] INFO  grpc.GrpcConfigKeys (ConfUtils.java:logGet(46)) - raft.grpc.server.async.request.thread.pool.size = 32 (default)
2023-03-29 21:18:33,032 [Listener at 0.0.0.0/39587] INFO  impl.DataStreamServerImpl (ConfUtils.java:logGet(46)) - raft.datastream.type = DISABLED (default)
2023-03-29 21:18:33,032 [Listener at 0.0.0.0/39587] INFO  server.RaftServerConfigKeys (ConfUtils.java:logGet(46)) - raft.server.threadpool.proxy.cached = true (default)
2023-03-29 21:18:33,033 [Listener at 0.0.0.0/39587] INFO  server.RaftServerConfigKeys (ConfUtils.java:logGet(46)) - raft.server.threadpool.proxy.size = 0 (default)
2023-03-29 21:18:33,033 [Listener at 0.0.0.0/39587] INFO  server.RaftServerConfigKeys (ConfUtils.java:logGet(46)) - raft.server.rpc.slowness.timeout = 120s (custom)
2023-03-29 21:18:33,033 [Listener at 0.0.0.0/39587] INFO  server.RaftServerConfigKeys (ConfUtils.java:logGet(46)) - raft.server.leaderelection.leader.step-down.wait-time = 10s (default)
2023-03-29 21:18:33,033 [Listener at 0.0.0.0/39587] INFO  server.RaftServerConfigKeys (ConfUtils.java:logGet(46)) - raft.server.storage.dir = [/home/runner/work/ozone/ozone/hadoop-ozone/integration-test/target/test-dir/MiniOzoneClusterImpl-81c774c4-8c24-4526-9b8e-41dc3c8fdf7d/ozone-meta/ratis] (custom)
2023-03-29 21:18:33,033 [Listener at 0.0.0.0/39587] INFO  server.RaftServer (RaftServerProxy.java:addNew(96)) - om1: addNew group-C5BA1605619E:[om1|rpc:localhost:9872|priority:0|startupRole:FOLLOWER] returns group-C5BA1605619E:java.util.concurrent.CompletableFuture@14861dd1[Not completed]
2023-03-29 21:18:33,033 [Listener at 0.0.0.0/39587] INFO  om.OzoneManager (OzoneManager.java:initializeRatisServer(2096)) - OzoneManager Ratis server initialized at port 9872
2023-03-29 21:18:33,033 [Listener at 0.0.0.0/39587] INFO  om.OzoneManager (OzoneManager.java:getRpcServer(1132)) - Creating RPC Server
2023-03-29 21:18:33,037 [pool-875-thread-1] INFO  server.RaftServer$Division (RaftServerImpl.java:<init>(195)) - om1: new RaftServerImpl for group-C5BA1605619E:[om1|rpc:localhost:9872|priority:0|startupRole:FOLLOWER] with OzoneManagerStateMachine:uninitialized
2023-03-29 21:18:33,037 [pool-875-thread-1] INFO  server.RaftServerConfigKeys (ConfUtils.java:logGet(46)) - raft.server.rpc.timeout.min = 1s (custom)
2023-03-29 21:18:33,037 [pool-875-thread-1] INFO  server.RaftServerConfigKeys (ConfUtils.java:logGet(46)) - raft.server.rpc.timeout.max = 1200ms (custom)
2023-03-29 21:18:33,037 [pool-875-thread-1] INFO  server.RaftServerConfigKeys (ConfUtils.java:logGet(46)) - raft.server.rpc.sleep.time = 25ms (default)
2023-03-29 21:18:33,037 [pool-875-thread-1] INFO  server.RaftServerConfigKeys (ConfUtils.java:logGet(46)) - raft.server.rpc.slowness.timeout = 120s (custom)
2023-03-29 21:18:33,037 [pool-875-thread-1] INFO  server.RaftServerConfigKeys (ConfUtils.java:logGet(46)) - raft.server.leaderelection.leader.step-down.wait-time = 10s (default)
2023-03-29 21:18:33,037 [pool-875-thread-1] INFO  server.RaftServerConfigKeys (ConfUtils.java:logGet(46)) - raft.server.sleep.deviation.threshold = 300ms (default)
2023-03-29 21:18:33,037 [pool-875-thread-1] INFO  server.RaftServer$Division (ServerState.java:<init>(118)) - om1@group-C5BA1605619E: ConfigurationManager, init=-1: peers:[om1|rpc:localhost:9872|priority:0|startupRole:FOLLOWER]|listeners:[], old=null, confs=<EMPTY_MAP>
2023-03-29 21:18:33,037 [pool-875-thread-1] INFO  server.RaftServerConfigKeys (ConfUtils.java:logGet(46)) - raft.server.storage.dir = [/home/runner/work/ozone/ozone/hadoop-ozone/integration-test/target/test-dir/MiniOzoneClusterImpl-81c774c4-8c24-4526-9b8e-41dc3c8fdf7d/ozone-meta/ratis] (custom)
2023-03-29 21:18:33,037 [pool-875-thread-1] INFO  server.RaftServerConfigKeys (ConfUtils.java:logGet(46)) - raft.server.log.corruption.policy = EXCEPTION (default)
2023-03-29 21:18:33,037 [pool-875-thread-1] INFO  server.RaftServerConfigKeys (ConfUtils.java:logGet(46)) - raft.server.storage.free-space.min = 0MB (=0) (default)
2023-03-29 21:18:33,037 [pool-875-thread-1] INFO  server.RaftServerConfigKeys (ConfUtils.java:logGet(46)) - raft.server.notification.no-leader.timeout = 120s (custom)
2023-03-29 21:18:33,037 [pool-875-thread-1] INFO  server.RaftServerConfigKeys (ConfUtils.java:logGet(46)) - raft.server.retrycache.expirytime = 300s (custom)
2023-03-29 21:18:33,037 [pool-875-thread-1] INFO  server.RaftServerConfigKeys (ConfUtils.java:logGet(46)) - raft.server.retrycache.statistics.expirytime = 100μs (default)
2023-03-29 21:18:33,038 [pool-875-thread-1] INFO  server.RaftServerConfigKeys (ConfUtils.java:logGet(46)) - raft.server.log.appender.install.snapshot.enabled = false (custom)
2023-03-29 21:18:33,038 [pool-875-thread-1] INFO  server.RaftServerConfigKeys (ConfUtils.java:logGet(46)) - raft.server.threadpool.server.cached = true (default)
2023-03-29 21:18:33,038 [pool-875-thread-1] INFO  server.RaftServerConfigKeys (ConfUtils.java:logGet(46)) - raft.server.threadpool.server.size = 0 (default)
2023-03-29 21:18:33,038 [pool-875-thread-1] INFO  server.RaftServerConfigKeys (ConfUtils.java:logGet(46)) - raft.server.threadpool.client.cached = true (default)
2023-03-29 21:18:33,038 [pool-875-thread-1] INFO  server.RaftServerConfigKeys (ConfUtils.java:logGet(46)) - raft.server.threadpool.client.size = 0 (default)
2023-03-29 21:18:33,386 [Listener at 0.0.0.0/39587] INFO  reflections.Reflections (Reflections.java:scan(232)) - Reflections took 352 ms to scan 19 urls, producing 68 keys and 4992 values [using 2 cores]
2023-03-29 21:18:33,388 [Listener at 0.0.0.0/39587] INFO  ipc.CallQueueManager (CallQueueManager.java:<init>(90)) - Using callQueue: class java.util.concurrent.LinkedBlockingQueue, queueCapacity: 2000, scheduler: class org.apache.hadoop.ipc.DefaultRpcScheduler, ipcBackoff: false.
2023-03-29 21:18:33,390 [Socket Reader #1 for port 0] INFO  ipc.Server (Server.java:run(1273)) - Starting Socket Reader #1 for port 0
2023-03-29 21:18:33,423 [Listener at 127.0.0.1/44447] INFO  impl.MetricsSystemImpl (MetricsSystemImpl.java:init(158)) - OzoneManager metrics system started (again)
2023-03-29 21:18:33,432 [Listener at 127.0.0.1/44447] INFO  om.OzoneManager (OzoneManager.java:start(1553)) - OzoneManager RPC server is listening at localhost/127.0.0.1:44447
2023-03-29 21:18:33,432 [Listener at 127.0.0.1/44447] INFO  ratis.OzoneManagerRatisServer (OzoneManagerRatisServer.java:start(558)) - Starting OzoneManagerRatisServer om1 at port 9872
2023-03-29 21:18:33,433 [om1-impl-thread1] INFO  storage.RaftStorageDirectory (RaftStorageDirectoryImpl.java:analyzeStorage(137)) - The storage directory /home/runner/work/ozone/ozone/hadoop-ozone/integration-test/target/test-dir/MiniOzoneClusterImpl-81c774c4-8c24-4526-9b8e-41dc3c8fdf7d/ozone-meta/ratis/bf265839-605b-3f16-9796-c5ba1605619e does not exist. Creating ...
2023-03-29 21:18:33,434 [om1-impl-thread1] INFO  storage.RaftStorageDirectory (RaftStorageDirectoryImpl.java:tryLock(231)) - Lock on /home/runner/work/ozone/ozone/hadoop-ozone/integration-test/target/test-dir/MiniOzoneClusterImpl-81c774c4-8c24-4526-9b8e-41dc3c8fdf7d/ozone-meta/ratis/bf265839-605b-3f16-9796-c5ba1605619e/in_use.lock acquired by nodename 46426@fv-az308-773
2023-03-29 21:18:33,435 [om1-impl-thread1] INFO  storage.RaftStorage (RaftStorageImpl.java:format(96)) - Storage directory /home/runner/work/ozone/ozone/hadoop-ozone/integration-test/target/test-dir/MiniOzoneClusterImpl-81c774c4-8c24-4526-9b8e-41dc3c8fdf7d/ozone-meta/ratis/bf265839-605b-3f16-9796-c5ba1605619e has been successfully formatted.
2023-03-29 21:18:33,435 [om1-impl-thread1] INFO  server.RaftServerConfigKeys (ConfUtils.java:logGet(46)) - raft.server.log.use.memory = false (default)
2023-03-29 21:18:33,435 [om1-impl-thread1] INFO  server.RaftServerConfigKeys (ConfUtils.java:logGet(46)) - raft.server.log.purge.gap = 1000000 (custom)
2023-03-29 21:18:33,435 [om1-impl-thread1] INFO  server.RaftServerConfigKeys (ConfUtils.java:logGet(46)) - raft.server.log.appender.buffer.byte-limit = 33554432 (custom)
2023-03-29 21:18:33,435 [om1-impl-thread1] INFO  server.RaftServerConfigKeys (ConfUtils.java:logGet(46)) - raft.server.log.statemachine.data.read.timeout = 1000ms (default)
2023-03-29 21:18:33,435 [om1-impl-thread1] INFO  server.RaftServerConfigKeys (ConfUtils.java:logGet(46)) - raft.server.log.purge.preservation.log.num = 0 (default)
2023-03-29 21:18:33,435 [om1-impl-thread1] INFO  server.RaftServerConfigKeys (ConfUtils.java:logGet(46)) - raft.server.log.segment.size.max = 4194304 (custom)
2023-03-29 21:18:33,435 [om1-impl-thread1] INFO  server.RaftServerConfigKeys (ConfUtils.java:logGet(46)) - raft.server.log.segment.cache.num.max = 2 (custom)
2023-03-29 21:18:33,435 [om1-impl-thread1] INFO  server.RaftServerConfigKeys (ConfUtils.java:logGet(46)) - raft.server.log.segment.cache.size.max = 200MB (=209715200) (default)
2023-03-29 21:18:33,435 [om1-impl-thread1] INFO  segmented.SegmentedRaftLogWorker (SegmentedRaftLogWorker.java:<init>(189)) - new om1@group-C5BA1605619E-SegmentedRaftLogWorker for RaftStorageImpl:Storage Directory /home/runner/work/ozone/ozone/hadoop-ozone/integration-test/target/test-dir/MiniOzoneClusterImpl-81c774c4-8c24-4526-9b8e-41dc3c8fdf7d/ozone-meta/ratis/bf265839-605b-3f16-9796-c5ba1605619e
2023-03-29 21:18:33,435 [om1-impl-thread1] INFO  server.RaftServerConfigKeys (ConfUtils.java:logGet(46)) - raft.server.log.queue.byte-limit = 64MB (=67108864) (default)
2023-03-29 21:18:33,435 [om1-impl-thread1] INFO  server.RaftServerConfigKeys (ConfUtils.java:logGet(46)) - raft.server.log.queue.element-limit = 4096 (default)
2023-03-29 21:18:33,435 [om1-impl-thread1] INFO  server.RaftServerConfigKeys (ConfUtils.java:logGet(46)) - raft.server.log.segment.size.max = 4194304 (custom)
2023-03-29 21:18:33,435 [om1-impl-thread1] INFO  server.RaftServerConfigKeys (ConfUtils.java:logGet(46)) - raft.server.log.preallocated.size = 4194304 (custom)
2023-03-29 21:18:33,436 [om1-impl-thread1] INFO  server.RaftServerConfigKeys (ConfUtils.java:logGet(46)) - raft.server.log.force.sync.num = 128 (default)
2023-03-29 21:18:33,436 [om1-impl-thread1] INFO  server.RaftServerConfigKeys (ConfUtils.java:logGet(46)) - raft.server.log.statemachine.data.sync = true (default)
2023-03-29 21:18:33,436 [om1-impl-thread1] INFO  server.RaftServerConfigKeys (ConfUtils.java:logGet(46)) - raft.server.log.statemachine.data.sync.timeout = 10s (default)
2023-03-29 21:18:33,436 [om1-impl-thread1] INFO  server.RaftServerConfigKeys (ConfUtils.java:logGet(46)) - raft.server.log.statemachine.data.sync.timeout.retry = -1 (default)
2023-03-29 21:18:33,436 [om1-impl-thread1] INFO  server.RaftServerConfigKeys (ConfUtils.java:logGet(46)) - raft.server.log.write.buffer.size = 64KB (=65536) (default)
2023-03-29 21:18:33,436 [om1-impl-thread1] INFO  server.RaftServerConfigKeys (ConfUtils.java:logGet(46)) - raft.server.log.appender.buffer.byte-limit = 33554432 (custom)
2023-03-29 21:18:33,441 [om1-impl-thread1] INFO  server.RaftServerConfigKeys (ConfUtils.java:logGet(46)) - raft.server.log.unsafe-flush.enabled = false (default)
2023-03-29 21:18:33,441 [om1-impl-thread1] INFO  server.RaftServerConfigKeys (ConfUtils.java:logGet(46)) - raft.server.log.async-flush.enabled = false (default)
2023-03-29 21:18:33,441 [om1-impl-thread1] INFO  server.RaftServerConfigKeys (ConfUtils.java:logGet(46)) - raft.server.log.statemachine.data.caching.enabled = false (default)
2023-03-29 21:18:33,441 [om1-impl-thread1] INFO  segmented.SegmentedRaftLogWorker (SegmentedRaftLogWorker.java:lambda$new$0(135)) - om1@group-C5BA1605619E-SegmentedRaftLogWorker: flushIndex: setUnconditionally 0 -> -1
2023-03-29 21:18:33,441 [om1-impl-thread1] INFO  segmented.SegmentedRaftLogWorker (SegmentedRaftLogWorker.java:lambda$new$0(135)) - om1@group-C5BA1605619E-SegmentedRaftLogWorker: safeCacheEvictIndex: setUnconditionally 0 -> -1
2023-03-29 21:18:33,441 [om1-impl-thread1] INFO  server.RaftServer$Division (RaftServerImpl.java:start(334)) - om1@group-C5BA1605619E: start as a follower, conf=-1: peers:[om1|rpc:localhost:9872|priority:0|startupRole:FOLLOWER]|listeners:[], old=null
2023-03-29 21:18:33,441 [om1-impl-thread1] INFO  server.RaftServer$Division (RaftServerImpl.java:setRole(321)) - om1@group-C5BA1605619E: changes role from      null to FOLLOWER at term 0 for startAsFollower
2023-03-29 21:18:33,442 [om1-impl-thread1] INFO  impl.RoleInfo (RoleInfo.java:updateAndGet(139)) - om1: start om1@group-C5BA1605619E-FollowerState
2023-03-29 21:18:33,442 [om1-impl-thread1] INFO  util.JmxRegister (JmxRegister.java:tryRegister(44)) - Successfully registered JMX Bean with object name Ratis:service=RaftServer,group=group-C5BA1605619E,id=om1
2023-03-29 21:18:33,442 [om1-impl-thread1] INFO  server.RaftServerConfigKeys (ConfUtils.java:logGet(46)) - raft.server.snapshot.auto.trigger.enabled = true (custom)
2023-03-29 21:18:33,442 [om1-impl-thread1] INFO  server.RaftServerConfigKeys (ConfUtils.java:logGet(46)) - raft.server.snapshot.auto.trigger.threshold = 400000 (default)
2023-03-29 21:18:33,442 [om1-impl-thread1] INFO  server.RaftServerConfigKeys (ConfUtils.java:logGet(46)) - raft.server.snapshot.retention.file.num = -1 (default)
2023-03-29 21:18:33,442 [om1-impl-thread1] INFO  server.RaftServerConfigKeys (ConfUtils.java:logGet(46)) - raft.server.log.purge.upto.snapshot.index = true (custom)
2023-03-29 21:18:33,442 [om1@group-C5BA1605619E-FollowerState] INFO  server.RaftServerConfigKeys (ConfUtils.java:logFallback(53)) - raft.server.rpc.first-election.timeout.min = 1s (fallback to raft.server.rpc.timeout.min)
2023-03-29 21:18:33,442 [om1@group-C5BA1605619E-FollowerState] INFO  server.RaftServerConfigKeys (ConfUtils.java:logFallback(53)) - raft.server.rpc.first-election.timeout.max = 1200ms (fallback to raft.server.rpc.timeout.max)
2023-03-29 21:18:33,442 [Listener at 127.0.0.1/44447] INFO  server.RaftServer (RaftServerProxy.java:startImpl(393)) - om1: start RPC server
2023-03-29 21:18:33,450 [Listener at 127.0.0.1/44447] INFO  server.GrpcService (GrpcService.java:startImpl(262)) - om1: GrpcService started, listening on 9872
2023-03-29 21:18:33,450 [Listener at 127.0.0.1/44447] INFO  om.OzoneManager (OzoneManager.java:start(1569)) - Version File has different layout version (3) than OM DB (null). That is expected if this OM has never been finalized to a newer layout version.
2023-03-29 21:18:33,450 [JvmPauseMonitor20] INFO  util.JvmPauseMonitor (JvmPauseMonitor.java:run(105)) - JvmPauseMonitor-om1: Started
2023-03-29 21:18:33,452 [Listener at 127.0.0.1/44447] INFO  http.BaseHttpServer (BaseHttpServer.java:newHttpServer2BuilderForOzone(224)) - Starting Web-server for ozoneManager at: http://0.0.0.0:0
2023-03-29 21:18:33,453 [Listener at 127.0.0.1/44447] INFO  http.BaseHttpServer (BaseHttpServer.java:<init>(111)) - Hadoop Security Enabled: false Ozone Security Enabled: false Ozone HTTP Security Enabled: false 
2023-03-29 21:18:33,453 [Listener at 127.0.0.1/44447] WARN  server.AuthenticationFilter (AuthenticationFilter.java:constructSecretProvider(240)) - Unable to initialize FileSignerSecretProvider, falling back to use random secrets. Reason: Could not read signature secret file: /home/runner/hadoop-http-auth-signature-secret
2023-03-29 21:18:33,457 [Listener at 127.0.0.1/44447] WARN  http.HttpRequestLog (HttpRequestLog.java:getRequestLog(103)) - Jetty request log can only be enabled using Log4j
2023-03-29 21:18:33,458 [Listener at 127.0.0.1/44447] INFO  http.HttpServer2 (HttpServer2.java:addGlobalFilter(1031)) - Added global filter 'safety' (class=org.apache.hadoop.hdds.server.http.HttpServer2$QuotingInputFilter)
2023-03-29 21:18:33,459 [Listener at 127.0.0.1/44447] INFO  http.HttpServer2 (HttpServer2.java:addFilter(1007)) - Added filter static_user_filter (class=org.apache.hadoop.http.lib.StaticUserWebFilter$StaticUserFilter) to context ozoneManager
2023-03-29 21:18:33,459 [Listener at 127.0.0.1/44447] INFO  http.HttpServer2 (HttpServer2.java:addFilter(1015)) - Added filter static_user_filter (class=org.apache.hadoop.http.lib.StaticUserWebFilter$StaticUserFilter) to context logs
2023-03-29 21:18:33,459 [Listener at 127.0.0.1/44447] INFO  http.HttpServer2 (HttpServer2.java:addFilter(1015)) - Added filter static_user_filter (class=org.apache.hadoop.http.lib.StaticUserWebFilter$StaticUserFilter) to context static
2023-03-29 21:18:33,459 [Listener at 127.0.0.1/44447] INFO  http.BaseHttpServer (BaseHttpServer.java:<init>(190)) - HTTP server of ozoneManager uses base directory /home/runner/work/ozone/ozone/hadoop-ozone/integration-test/target/test-dir/MiniOzoneClusterImpl-81c774c4-8c24-4526-9b8e-41dc3c8fdf7d/ozone-meta/webserver
2023-03-29 21:18:33,460 [Listener at 127.0.0.1/44447] INFO  http.HttpServer2 (HttpServer2.java:bindListener(1250)) - Jetty bound to port 46839
2023-03-29 21:18:33,460 [Listener at 127.0.0.1/44447] INFO  server.Server (Server.java:doStart(375)) - jetty-9.4.49.v20220914; built: 2022-09-14T01:07:36.601Z; git: 4231a3b2e4cb8548a412a789936d640a97b1aa0a; jvm 1.8.0_362-b09
2023-03-29 21:18:33,461 [Listener at 127.0.0.1/44447] INFO  server.session (DefaultSessionIdManager.java:doStart(334)) - DefaultSessionIdManager workerName=node0
2023-03-29 21:18:33,462 [Listener at 127.0.0.1/44447] INFO  server.session (DefaultSessionIdManager.java:doStart(339)) - No SessionScavenger set, using defaults
2023-03-29 21:18:33,462 [Listener at 127.0.0.1/44447] INFO  server.session (HouseKeeper.java:startScavenging(132)) - node0 Scavenging every 660000ms
2023-03-29 21:18:33,462 [Listener at 127.0.0.1/44447] INFO  handler.ContextHandler (ContextHandler.java:doStart(921)) - Started o.e.j.s.ServletContextHandler@1d0efe16{logs,/logs,file:///home/runner/work/ozone/ozone/hadoop-ozone/integration-test/target/log,AVAILABLE}
2023-03-29 21:18:33,462 [Listener at 127.0.0.1/44447] INFO  handler.ContextHandler (ContextHandler.java:doStart(921)) - Started o.e.j.s.ServletContextHandler@7036232c{static,/static,file:///home/runner/work/ozone/ozone/hadoop-ozone/integration-test/target/test-classes/webapps/static,AVAILABLE}
2023-03-29 21:18:33,464 [Listener at 127.0.0.1/44447] INFO  handler.ContextHandler (ContextHandler.java:doStart(921)) - Started o.e.j.w.WebAppContext@63d96597{ozoneManager,/,file:///home/runner/work/ozone/ozone/hadoop-ozone/integration-test/target/test-classes/webapps/ozoneManager/,AVAILABLE}{file:/home/runner/work/ozone/ozone/hadoop-ozone/integration-test/target/test-classes/webapps/ozoneManager}
2023-03-29 21:18:33,470 [Listener at 127.0.0.1/44447] INFO  server.AbstractConnector (AbstractConnector.java:doStart(333)) - Started ServerConnector@4bb1420b{HTTP/1.1, (http/1.1)}{0.0.0.0:46839}
2023-03-29 21:18:33,470 [Listener at 127.0.0.1/44447] INFO  server.Server (Server.java:doStart(415)) - Started @167236ms
2023-03-29 21:18:33,471 [Listener at 127.0.0.1/44447] WARN  impl.MetricsSystemImpl (MetricsSystemImpl.java:register(279)) - Sink prometheus already exists!
2023-03-29 21:18:33,471 [Listener at 127.0.0.1/44447] INFO  http.BaseHttpServer (BaseHttpServer.java:updateConnectorAddress(344)) - HTTP server of ozoneManager listening at http://0.0.0.0:46839
2023-03-29 21:18:33,471 [IPC Server Responder] INFO  ipc.Server (Server.java:run(1512)) - IPC Server Responder: starting
2023-03-29 21:18:33,471 [IPC Server listener on 0] INFO  ipc.Server (Server.java:run(1352)) - IPC Server listener on 0: starting
2023-03-29 21:18:33,473 [Listener at 127.0.0.1/44447] INFO  om.OzoneManager (OzoneManager.java:startTrashEmptier(2040)) - Trash Interval set to 0. Files deleted won't move to trash
2023-03-29 21:18:33,489 [org.apache.hadoop.util.JvmPauseMonitor$Monitor@401d3b10] INFO  util.JvmPauseMonitor (JvmPauseMonitor.java:run(188)) - Starting JVM pause monitor
2023-03-29 21:18:33,490 [Listener at 127.0.0.1/44447] WARN  impl.MetricRegistriesImpl (MetricRegistriesImpl.java:addReporterRegistration(111)) - New reporters are added after registries were created. Some metrics will be missing from the reporter. Please add reporter before adding any new registry.
2023-03-29 21:18:33,490 [Listener at 127.0.0.1/44447] WARN  impl.MetricRegistriesImpl (MetricRegistriesImpl.java:addReporterRegistration(111)) - New reporters are added after registries were created. Some metrics will be missing from the reporter. Please add reporter before adding any new registry.
2023-03-29 21:18:33,490 [Listener at 127.0.0.1/44447] INFO  impl.MetricsSystemImpl (MetricsSystemImpl.java:init(158)) - HddsDatanode metrics system started (again)
2023-03-29 21:18:33,501 [Listener at 127.0.0.1/44447] INFO  ozone.HddsDatanodeService (HddsDatanodeService.java:start(249)) - HddsDatanodeService host:fv-az308-773 ip:10.1.0.17
2023-03-29 21:18:33,524 [Listener at 127.0.0.1/44447] INFO  upgrade.AbstractLayoutVersionManager (AbstractLayoutVersionManager.java:init(83)) - Initializing Layout version manager with metadata layout = DATANODE_SCHEMA_V3 (version = 4), software layout = DATANODE_SCHEMA_V3 (version = 4)
2023-03-29 21:18:33,572 [Listener at 127.0.0.1/44447] INFO  reflections.Reflections (Reflections.java:scan(232)) - Reflections took 46 ms to scan 7 urls, producing 155 keys and 368 values 
2023-03-29 21:18:33,574 [Listener at 127.0.0.1/44447] INFO  statemachine.DatanodeStateMachine (DatanodeStateMachine.java:getEndPointTaskThreadPoolSize(260)) - Datanode State Machine Task Thread Pool size 2
2023-03-29 21:18:33,582 [Listener at 127.0.0.1/44447] INFO  volume.HddsVolume (HddsVolume.java:<init>(130)) - Creating HddsVolume: /home/runner/work/ozone/ozone/hadoop-ozone/integration-test/target/test-dir/MiniOzoneClusterImpl-81c774c4-8c24-4526-9b8e-41dc3c8fdf7d/datanode-0/data-0/containers/hdds of storage type : DISK capacity : 9223372036854775807
2023-03-29 21:18:33,582 [Listener at 127.0.0.1/44447] INFO  volume.MutableVolumeSet (MutableVolumeSet.java:initializeVolumeSet(175)) - Added Volume : /home/runner/work/ozone/ozone/hadoop-ozone/integration-test/target/test-dir/MiniOzoneClusterImpl-81c774c4-8c24-4526-9b8e-41dc3c8fdf7d/datanode-0/data-0/containers/hdds to VolumeSet
2023-03-29 21:18:33,582 [Listener at 127.0.0.1/44447] INFO  volume.ThrottledAsyncChecker (ThrottledAsyncChecker.java:schedule(141)) - Scheduling a check for /home/runner/work/ozone/ozone/hadoop-ozone/integration-test/target/test-dir/MiniOzoneClusterImpl-81c774c4-8c24-4526-9b8e-41dc3c8fdf7d/datanode-0/data-0/containers/hdds
2023-03-29 21:18:33,582 [Listener at 127.0.0.1/44447] INFO  volume.StorageVolumeChecker (StorageVolumeChecker.java:checkAllVolumes(202)) - Scheduled health check for volume /home/runner/work/ozone/ozone/hadoop-ozone/integration-test/target/test-dir/MiniOzoneClusterImpl-81c774c4-8c24-4526-9b8e-41dc3c8fdf7d/datanode-0/data-0/containers/hdds
2023-03-29 21:18:33,593 [Listener at 127.0.0.1/44447] INFO  volume.MutableVolumeSet (MutableVolumeSet.java:initializeVolumeSet(175)) - Added Volume : /home/runner/work/ozone/ozone/hadoop-ozone/integration-test/target/test-dir/MiniOzoneClusterImpl-81c774c4-8c24-4526-9b8e-41dc3c8fdf7d/datanode-0/data/ratis to VolumeSet
2023-03-29 21:18:33,594 [Listener at 127.0.0.1/44447] INFO  volume.ThrottledAsyncChecker (ThrottledAsyncChecker.java:schedule(141)) - Scheduling a check for /home/runner/work/ozone/ozone/hadoop-ozone/integration-test/target/test-dir/MiniOzoneClusterImpl-81c774c4-8c24-4526-9b8e-41dc3c8fdf7d/datanode-0/data/ratis
2023-03-29 21:18:33,594 [Listener at 127.0.0.1/44447] INFO  volume.StorageVolumeChecker (StorageVolumeChecker.java:checkAllVolumes(202)) - Scheduled health check for volume /home/runner/work/ozone/ozone/hadoop-ozone/integration-test/target/test-dir/MiniOzoneClusterImpl-81c774c4-8c24-4526-9b8e-41dc3c8fdf7d/datanode-0/data/ratis
2023-03-29 21:18:33,607 [Thread-2098] INFO  ozoneimpl.ContainerReader (ContainerReader.java:readVolume(175)) - Finish verifying containers on volume /home/runner/work/ozone/ozone/hadoop-ozone/integration-test/target/test-dir/MiniOzoneClusterImpl-81c774c4-8c24-4526-9b8e-41dc3c8fdf7d/datanode-0/data-0/containers/hdds
2023-03-29 21:18:33,607 [Listener at 127.0.0.1/44447] INFO  ozoneimpl.OzoneContainer (OzoneContainer.java:buildContainerSet(303)) - Build ContainerSet costs 0s
2023-03-29 21:18:33,608 [Listener at 127.0.0.1/44447] INFO  server.RaftServer (ConfUtils.java:logGet(46)) - raft.rpc.type = GRPC (default)
2023-03-29 21:18:33,608 [Listener at 127.0.0.1/44447] INFO  grpc.GrpcConfigKeys (ConfUtils.java:logFallback(53)) - raft.grpc.admin.host = null (fallback to raft.grpc.server.host)
2023-03-29 21:18:33,609 [Listener at 127.0.0.1/44447] INFO  grpc.GrpcConfigKeys (ConfUtils.java:logGet(46)) - raft.grpc.admin.port = 0 (custom)
2023-03-29 21:18:33,609 [Listener at 127.0.0.1/44447] INFO  grpc.GrpcConfigKeys (ConfUtils.java:logFallback(53)) - raft.grpc.client.host = null (fallback to raft.grpc.server.host)
2023-03-29 21:18:33,609 [Listener at 127.0.0.1/44447] INFO  grpc.GrpcConfigKeys (ConfUtils.java:logGet(46)) - raft.grpc.client.port = 0 (custom)
2023-03-29 21:18:33,609 [Listener at 127.0.0.1/44447] INFO  grpc.GrpcConfigKeys (ConfUtils.java:logGet(46)) - raft.grpc.server.host = null (default)
2023-03-29 21:18:33,609 [Listener at 127.0.0.1/44447] INFO  grpc.GrpcConfigKeys (ConfUtils.java:logGet(46)) - raft.grpc.server.port = 0 (default)
2023-03-29 21:18:33,609 [Listener at 127.0.0.1/44447] INFO  server.GrpcService (ConfUtils.java:logGet(46)) - raft.grpc.message.size.max = 32MB (=33554432) (custom)
2023-03-29 21:18:33,609 [Listener at 127.0.0.1/44447] INFO  server.RaftServerConfigKeys (ConfUtils.java:logGet(46)) - raft.server.log.appender.buffer.byte-limit = 33554432 (custom)
2023-03-29 21:18:33,609 [Listener at 127.0.0.1/44447] INFO  server.GrpcService (ConfUtils.java:logGet(46)) - raft.grpc.flow.control.window = 5MB (=5242880) (custom)
2023-03-29 21:18:33,609 [Listener at 127.0.0.1/44447] INFO  server.RaftServerConfigKeys (ConfUtils.java:logGet(46)) - raft.server.rpc.request.timeout = 60s (custom)
2023-03-29 21:18:33,609 [Listener at 127.0.0.1/44447] INFO  grpc.GrpcConfigKeys (ConfUtils.java:logGet(46)) - raft.grpc.server.heartbeat.channel = true (default)
2023-03-29 21:18:33,609 [Listener at 127.0.0.1/44447] INFO  grpc.GrpcConfigKeys (ConfUtils.java:logGet(46)) - raft.grpc.server.async.request.thread.pool.cached = true (default)
2023-03-29 21:18:33,610 [Listener at 127.0.0.1/44447] INFO  grpc.GrpcConfigKeys (ConfUtils.java:logGet(46)) - raft.grpc.server.async.request.thread.pool.size = 32 (default)
2023-03-29 21:18:33,611 [Listener at 127.0.0.1/44447] INFO  impl.DataStreamServerImpl (ConfUtils.java:logGet(46)) - raft.datastream.type = NETTY (custom)
2023-03-29 21:18:33,611 [Listener at 127.0.0.1/44447] INFO  server.RaftServerConfigKeys (ConfUtils.java:logGet(46)) - raft.server.data-stream.async.request.thread.pool.cached = false (default)
2023-03-29 21:18:33,611 [Listener at 127.0.0.1/44447] INFO  server.RaftServerConfigKeys (ConfUtils.java:logGet(46)) - raft.server.data-stream.async.request.thread.pool.size = 20 (custom)
2023-03-29 21:18:33,611 [Listener at 127.0.0.1/44447] INFO  server.RaftServerConfigKeys (ConfUtils.java:logGet(46)) - raft.server.data-stream.async.write.thread.pool.size = 16 (default)
2023-03-29 21:18:33,611 [Listener at 127.0.0.1/44447] INFO  server.RaftServerConfigKeys (ConfUtils.java:logGet(46)) - raft.server.data-stream.client.pool.size = 10 (default)
2023-03-29 21:18:33,611 [Listener at 127.0.0.1/44447] INFO  netty.NettyConfigKeys$DataStream (ConfUtils.java:logGet(46)) - raft.netty.dataStream.server.use-epoll = false (default)
2023-03-29 21:18:33,611 [Listener at 127.0.0.1/44447] INFO  netty.NettyConfigKeys$DataStream (ConfUtils.java:logGet(46)) - raft.netty.dataStream.server.boss-group.size = 0 (default)
2023-03-29 21:18:33,612 [Listener at 127.0.0.1/44447] INFO  netty.NettyConfigKeys$DataStream (ConfUtils.java:logGet(46)) - raft.netty.dataStream.server.worker-group.size = 0 (default)
2023-03-29 21:18:33,612 [Listener at 127.0.0.1/44447] INFO  netty.NettyConfigKeys$DataStream (ConfUtils.java:logGet(46)) - raft.netty.dataStream.server.tls.conf = null (default)
2023-03-29 21:18:33,612 [Listener at 127.0.0.1/44447] INFO  netty.NettyConfigKeys$DataStream (ConfUtils.java:logGet(46)) - raft.netty.dataStream.host = null (default)
2023-03-29 21:18:33,612 [Listener at 127.0.0.1/44447] INFO  netty.NettyConfigKeys$DataStream (ConfUtils.java:logGet(46)) - raft.netty.dataStream.port = 0 (default)
2023-03-29 21:18:33,613 [Listener at 127.0.0.1/44447] INFO  server.RaftServerConfigKeys (ConfUtils.java:logGet(46)) - raft.server.threadpool.proxy.cached = true (default)
2023-03-29 21:18:33,613 [Listener at 127.0.0.1/44447] INFO  server.RaftServerConfigKeys (ConfUtils.java:logGet(46)) - raft.server.threadpool.proxy.size = 0 (default)
2023-03-29 21:18:33,613 [Listener at 127.0.0.1/44447] INFO  server.RaftServerConfigKeys (ConfUtils.java:logGet(46)) - raft.server.rpc.slowness.timeout = 300s (custom)
2023-03-29 21:18:33,613 [Listener at 127.0.0.1/44447] INFO  server.RaftServerConfigKeys (ConfUtils.java:logGet(46)) - raft.server.leaderelection.leader.step-down.wait-time = 10s (default)
2023-03-29 21:18:33,613 [306f285f-d174-4f26-bb71-a6ae1f938ea0-NettyServerStreamRpc-bossGroup--thread1] INFO  logging.LoggingHandler (AbstractInternalLogger.java:log(148)) - [id: 0x60bf51ae] REGISTERED
2023-03-29 21:18:33,613 [Listener at 127.0.0.1/44447] INFO  server.RaftServerConfigKeys (ConfUtils.java:logGet(46)) - raft.server.storage.dir = [/home/runner/work/ozone/ozone/hadoop-ozone/integration-test/target/test-dir/MiniOzoneClusterImpl-81c774c4-8c24-4526-9b8e-41dc3c8fdf7d/datanode-0/data/ratis] (custom)
2023-03-29 21:18:33,614 [306f285f-d174-4f26-bb71-a6ae1f938ea0-NettyServerStreamRpc-bossGroup--thread1] INFO  logging.LoggingHandler (AbstractInternalLogger.java:log(148)) - [id: 0x60bf51ae] BIND: 0.0.0.0/0.0.0.0:0
2023-03-29 21:18:33,614 [306f285f-d174-4f26-bb71-a6ae1f938ea0-NettyServerStreamRpc-bossGroup--thread1] INFO  logging.LoggingHandler (AbstractInternalLogger.java:log(148)) - [id: 0x60bf51ae, L:/0:0:0:0:0:0:0:0:32955] ACTIVE
2023-03-29 21:18:33,621 [Listener at 127.0.0.1/44447] INFO  server.XceiverServerGrpc (XceiverServerGrpc.java:<init>(132)) - GrpcServer channel type EpollServerSocketChannel
2023-03-29 21:18:33,624 [Listener at 127.0.0.1/44447] INFO  http.BaseHttpServer (BaseHttpServer.java:newHttpServer2BuilderForOzone(224)) - Starting Web-server for hddsDatanode at: http://0.0.0.0:0
2023-03-29 21:18:33,624 [Listener at 127.0.0.1/44447] INFO  http.BaseHttpServer (BaseHttpServer.java:<init>(111)) - Hadoop Security Enabled: false Ozone Security Enabled: false Ozone HTTP Security Enabled: false 
2023-03-29 21:18:33,625 [Listener at 127.0.0.1/44447] WARN  server.AuthenticationFilter (AuthenticationFilter.java:constructSecretProvider(240)) - Unable to initialize FileSignerSecretProvider, falling back to use random secrets. Reason: Could not read signature secret file: /home/runner/hadoop-http-auth-signature-secret
2023-03-29 21:18:33,625 [Listener at 127.0.0.1/44447] WARN  http.HttpRequestLog (HttpRequestLog.java:getRequestLog(103)) - Jetty request log can only be enabled using Log4j
2023-03-29 21:18:33,626 [Listener at 127.0.0.1/44447] INFO  http.HttpServer2 (HttpServer2.java:addGlobalFilter(1031)) - Added global filter 'safety' (class=org.apache.hadoop.hdds.server.http.HttpServer2$QuotingInputFilter)
2023-03-29 21:18:33,626 [Listener at 127.0.0.1/44447] INFO  http.HttpServer2 (HttpServer2.java:addFilter(1007)) - Added filter static_user_filter (class=org.apache.hadoop.http.lib.StaticUserWebFilter$StaticUserFilter) to context hddsDatanode
2023-03-29 21:18:33,627 [Listener at 127.0.0.1/44447] INFO  http.HttpServer2 (HttpServer2.java:addFilter(1015)) - Added filter static_user_filter (class=org.apache.hadoop.http.lib.StaticUserWebFilter$StaticUserFilter) to context static
2023-03-29 21:18:33,627 [Listener at 127.0.0.1/44447] INFO  http.HttpServer2 (HttpServer2.java:addFilter(1015)) - Added filter static_user_filter (class=org.apache.hadoop.http.lib.StaticUserWebFilter$StaticUserFilter) to context logs
2023-03-29 21:18:33,627 [Listener at 127.0.0.1/44447] INFO  http.BaseHttpServer (BaseHttpServer.java:<init>(190)) - HTTP server of hddsDatanode uses base directory /home/runner/work/ozone/ozone/hadoop-ozone/integration-test/target/test-dir/MiniOzoneClusterImpl-81c774c4-8c24-4526-9b8e-41dc3c8fdf7d/datanode-0/meta/webserver
2023-03-29 21:18:33,627 [Listener at 127.0.0.1/44447] INFO  http.HttpServer2 (HttpServer2.java:bindListener(1250)) - Jetty bound to port 40941
2023-03-29 21:18:33,627 [Listener at 127.0.0.1/44447] INFO  server.Server (Server.java:doStart(375)) - jetty-9.4.49.v20220914; built: 2022-09-14T01:07:36.601Z; git: 4231a3b2e4cb8548a412a789936d640a97b1aa0a; jvm 1.8.0_362-b09
2023-03-29 21:18:33,638 [Listener at 127.0.0.1/44447] INFO  server.session (DefaultSessionIdManager.java:doStart(334)) - DefaultSessionIdManager workerName=node0
2023-03-29 21:18:33,638 [Listener at 127.0.0.1/44447] INFO  server.session (DefaultSessionIdManager.java:doStart(339)) - No SessionScavenger set, using defaults
2023-03-29 21:18:33,638 [Listener at 127.0.0.1/44447] INFO  server.session (HouseKeeper.java:startScavenging(132)) - node0 Scavenging every 660000ms
2023-03-29 21:18:33,639 [Listener at 127.0.0.1/44447] INFO  handler.ContextHandler (ContextHandler.java:doStart(921)) - Started o.e.j.s.ServletContextHandler@243e5488{logs,/logs,file:///home/runner/work/ozone/ozone/hadoop-ozone/integration-test/target/log,AVAILABLE}
2023-03-29 21:18:33,639 [Listener at 127.0.0.1/44447] INFO  handler.ContextHandler (ContextHandler.java:doStart(921)) - Started o.e.j.s.ServletContextHandler@6a960073{static,/static,jar:file:/home/runner/.m2/repository/org/apache/ozone/hdds-container-service/1.4.0-SNAPSHOT/hdds-container-service-1.4.0-SNAPSHOT.jar!/webapps/static,AVAILABLE}
2023-03-29 21:18:33,830 [Listener at 127.0.0.1/44447] INFO  handler.ContextHandler (ContextHandler.java:doStart(921)) - Started o.e.j.w.WebAppContext@7b5bc272{hddsDatanode,/,file:///home/runner/work/ozone/ozone/hadoop-ozone/integration-test/target/test-dir/MiniOzoneClusterImpl-81c774c4-8c24-4526-9b8e-41dc3c8fdf7d/datanode-0/meta/webserver/jetty-0_0_0_0-40941-hdds-container-service-1_4_0-SNAPSHOT_jar-_-any-5625955053834451802/webapp/,AVAILABLE}{jar:file:/home/runner/.m2/repository/org/apache/ozone/hdds-container-service/1.4.0-SNAPSHOT/hdds-container-service-1.4.0-SNAPSHOT.jar!/webapps/hddsDatanode}
2023-03-29 21:18:33,831 [Listener at 127.0.0.1/44447] INFO  server.AbstractConnector (AbstractConnector.java:doStart(333)) - Started ServerConnector@55e3b419{HTTP/1.1, (http/1.1)}{0.0.0.0:40941}
2023-03-29 21:18:33,833 [Listener at 127.0.0.1/44447] INFO  server.Server (Server.java:doStart(415)) - Started @167599ms
2023-03-29 21:18:33,833 [Listener at 127.0.0.1/44447] WARN  impl.MetricsSystemImpl (MetricsSystemImpl.java:register(279)) - Sink prometheus already exists!
2023-03-29 21:18:33,833 [Listener at 127.0.0.1/44447] INFO  http.BaseHttpServer (BaseHttpServer.java:updateConnectorAddress(344)) - HTTP server of hddsDatanode listening at http://0.0.0.0:40941
2023-03-29 21:18:33,834 [Listener at 127.0.0.1/44447] WARN  impl.MetricRegistriesImpl (MetricRegistriesImpl.java:addReporterRegistration(111)) - New reporters are added after registries were created. Some metrics will be missing from the reporter. Please add reporter before adding any new registry.
2023-03-29 21:18:33,834 [Listener at 127.0.0.1/44447] WARN  impl.MetricRegistriesImpl (MetricRegistriesImpl.java:addReporterRegistration(111)) - New reporters are added after registries were created. Some metrics will be missing from the reporter. Please add reporter before adding any new registry.
2023-03-29 21:18:33,834 [Listener at 127.0.0.1/44447] INFO  impl.MetricsSystemImpl (MetricsSystemImpl.java:init(158)) - HddsDatanode metrics system started (again)
2023-03-29 21:18:33,834 [Datanode State Machine Daemon Thread] INFO  statemachine.DatanodeStateMachine (DatanodeStateMachine.java:lambda$startDaemon$0(517)) - Ozone container server started.
2023-03-29 21:18:33,849 [Listener at 127.0.0.1/44447] INFO  ozone.HddsDatanodeService (HddsDatanodeService.java:start(249)) - HddsDatanodeService host:fv-az308-773 ip:10.1.0.17
2023-03-29 21:18:33,853 [org.apache.hadoop.util.JvmPauseMonitor$Monitor@181c4c6d] INFO  util.JvmPauseMonitor (JvmPauseMonitor.java:run(188)) - Starting JVM pause monitor
2023-03-29 21:18:33,858 [Datanode State Machine Task Thread - 0] INFO  datanode.InitDatanodeState (InitDatanodeState.java:persistContainerDatanodeDetails(138)) - DatanodeDetails is persisted to /home/runner/work/ozone/ozone/hadoop-ozone/integration-test/target/test-dir/MiniOzoneClusterImpl-81c774c4-8c24-4526-9b8e-41dc3c8fdf7d/datanode-0/meta/datanode.id
2023-03-29 21:18:33,873 [Listener at 127.0.0.1/44447] INFO  upgrade.AbstractLayoutVersionManager (AbstractLayoutVersionManager.java:init(83)) - Initializing Layout version manager with metadata layout = DATANODE_SCHEMA_V3 (version = 4), software layout = DATANODE_SCHEMA_V3 (version = 4)
2023-03-29 21:18:33,918 [Listener at 127.0.0.1/44447] INFO  reflections.Reflections (Reflections.java:scan(232)) - Reflections took 44 ms to scan 7 urls, producing 155 keys and 368 values 
2023-03-29 21:18:33,921 [Listener at 127.0.0.1/44447] INFO  statemachine.DatanodeStateMachine (DatanodeStateMachine.java:getEndPointTaskThreadPoolSize(260)) - Datanode State Machine Task Thread Pool size 2
2023-03-29 21:18:33,923 [Listener at 127.0.0.1/44447] INFO  volume.HddsVolume (HddsVolume.java:<init>(130)) - Creating HddsVolume: /home/runner/work/ozone/ozone/hadoop-ozone/integration-test/target/test-dir/MiniOzoneClusterImpl-81c774c4-8c24-4526-9b8e-41dc3c8fdf7d/datanode-1/data-0/containers/hdds of storage type : DISK capacity : 9223372036854775807
2023-03-29 21:18:33,923 [Listener at 127.0.0.1/44447] INFO  volume.MutableVolumeSet (MutableVolumeSet.java:initializeVolumeSet(175)) - Added Volume : /home/runner/work/ozone/ozone/hadoop-ozone/integration-test/target/test-dir/MiniOzoneClusterImpl-81c774c4-8c24-4526-9b8e-41dc3c8fdf7d/datanode-1/data-0/containers/hdds to VolumeSet
2023-03-29 21:18:33,923 [Listener at 127.0.0.1/44447] INFO  volume.ThrottledAsyncChecker (ThrottledAsyncChecker.java:schedule(141)) - Scheduling a check for /home/runner/work/ozone/ozone/hadoop-ozone/integration-test/target/test-dir/MiniOzoneClusterImpl-81c774c4-8c24-4526-9b8e-41dc3c8fdf7d/datanode-1/data-0/containers/hdds
2023-03-29 21:18:33,926 [Listener at 127.0.0.1/44447] INFO  volume.StorageVolumeChecker (StorageVolumeChecker.java:checkAllVolumes(202)) - Scheduled health check for volume /home/runner/work/ozone/ozone/hadoop-ozone/integration-test/target/test-dir/MiniOzoneClusterImpl-81c774c4-8c24-4526-9b8e-41dc3c8fdf7d/datanode-1/data-0/containers/hdds
2023-03-29 21:18:33,937 [Listener at 127.0.0.1/44447] INFO  volume.MutableVolumeSet (MutableVolumeSet.java:initializeVolumeSet(175)) - Added Volume : /home/runner/work/ozone/ozone/hadoop-ozone/integration-test/target/test-dir/MiniOzoneClusterImpl-81c774c4-8c24-4526-9b8e-41dc3c8fdf7d/datanode-1/data/ratis to VolumeSet
2023-03-29 21:18:33,937 [Listener at 127.0.0.1/44447] INFO  volume.ThrottledAsyncChecker (ThrottledAsyncChecker.java:schedule(141)) - Scheduling a check for /home/runner/work/ozone/ozone/hadoop-ozone/integration-test/target/test-dir/MiniOzoneClusterImpl-81c774c4-8c24-4526-9b8e-41dc3c8fdf7d/datanode-1/data/ratis
2023-03-29 21:18:33,937 [Listener at 127.0.0.1/44447] INFO  volume.StorageVolumeChecker (StorageVolumeChecker.java:checkAllVolumes(202)) - Scheduled health check for volume /home/runner/work/ozone/ozone/hadoop-ozone/integration-test/target/test-dir/MiniOzoneClusterImpl-81c774c4-8c24-4526-9b8e-41dc3c8fdf7d/datanode-1/data/ratis
2023-03-29 21:18:33,950 [Thread-2112] INFO  ozoneimpl.ContainerReader (ContainerReader.java:readVolume(175)) - Finish verifying containers on volume /home/runner/work/ozone/ozone/hadoop-ozone/integration-test/target/test-dir/MiniOzoneClusterImpl-81c774c4-8c24-4526-9b8e-41dc3c8fdf7d/datanode-1/data-0/containers/hdds
2023-03-29 21:18:33,951 [Listener at 127.0.0.1/44447] INFO  ozoneimpl.OzoneContainer (OzoneContainer.java:buildContainerSet(303)) - Build ContainerSet costs 0s
2023-03-29 21:18:33,952 [Listener at 127.0.0.1/44447] INFO  server.RaftServer (ConfUtils.java:logGet(46)) - raft.rpc.type = GRPC (default)
2023-03-29 21:18:33,952 [Listener at 127.0.0.1/44447] INFO  grpc.GrpcConfigKeys (ConfUtils.java:logFallback(53)) - raft.grpc.admin.host = null (fallback to raft.grpc.server.host)
2023-03-29 21:18:33,952 [Listener at 127.0.0.1/44447] INFO  grpc.GrpcConfigKeys (ConfUtils.java:logGet(46)) - raft.grpc.admin.port = 0 (custom)
2023-03-29 21:18:33,953 [Listener at 127.0.0.1/44447] INFO  grpc.GrpcConfigKeys (ConfUtils.java:logFallback(53)) - raft.grpc.client.host = null (fallback to raft.grpc.server.host)
2023-03-29 21:18:33,953 [Listener at 127.0.0.1/44447] INFO  grpc.GrpcConfigKeys (ConfUtils.java:logGet(46)) - raft.grpc.client.port = 0 (custom)
2023-03-29 21:18:33,953 [Listener at 127.0.0.1/44447] INFO  grpc.GrpcConfigKeys (ConfUtils.java:logGet(46)) - raft.grpc.server.host = null (default)
2023-03-29 21:18:33,953 [Listener at 127.0.0.1/44447] INFO  grpc.GrpcConfigKeys (ConfUtils.java:logGet(46)) - raft.grpc.server.port = 0 (default)
2023-03-29 21:18:33,953 [Listener at 127.0.0.1/44447] INFO  server.GrpcService (ConfUtils.java:logGet(46)) - raft.grpc.message.size.max = 32MB (=33554432) (custom)
2023-03-29 21:18:33,953 [Listener at 127.0.0.1/44447] INFO  server.RaftServerConfigKeys (ConfUtils.java:logGet(46)) - raft.server.log.appender.buffer.byte-limit = 33554432 (custom)
2023-03-29 21:18:33,953 [Listener at 127.0.0.1/44447] INFO  server.GrpcService (ConfUtils.java:logGet(46)) - raft.grpc.flow.control.window = 5MB (=5242880) (custom)
2023-03-29 21:18:33,953 [Listener at 127.0.0.1/44447] INFO  server.RaftServerConfigKeys (ConfUtils.java:logGet(46)) - raft.server.rpc.request.timeout = 60s (custom)
2023-03-29 21:18:33,953 [Listener at 127.0.0.1/44447] INFO  grpc.GrpcConfigKeys (ConfUtils.java:logGet(46)) - raft.grpc.server.heartbeat.channel = true (default)
2023-03-29 21:18:33,953 [Listener at 127.0.0.1/44447] INFO  grpc.GrpcConfigKeys (ConfUtils.java:logGet(46)) - raft.grpc.server.async.request.thread.pool.cached = true (default)
2023-03-29 21:18:33,954 [Listener at 127.0.0.1/44447] INFO  grpc.GrpcConfigKeys (ConfUtils.java:logGet(46)) - raft.grpc.server.async.request.thread.pool.size = 32 (default)
2023-03-29 21:18:33,955 [Listener at 127.0.0.1/44447] INFO  impl.DataStreamServerImpl (ConfUtils.java:logGet(46)) - raft.datastream.type = NETTY (custom)
2023-03-29 21:18:33,956 [Listener at 127.0.0.1/44447] INFO  server.RaftServerConfigKeys (ConfUtils.java:logGet(46)) - raft.server.data-stream.async.request.thread.pool.cached = false (default)
2023-03-29 21:18:33,956 [Listener at 127.0.0.1/44447] INFO  server.RaftServerConfigKeys (ConfUtils.java:logGet(46)) - raft.server.data-stream.async.request.thread.pool.size = 20 (custom)
2023-03-29 21:18:33,956 [Listener at 127.0.0.1/44447] INFO  server.RaftServerConfigKeys (ConfUtils.java:logGet(46)) - raft.server.data-stream.async.write.thread.pool.size = 16 (default)
2023-03-29 21:18:33,956 [Listener at 127.0.0.1/44447] INFO  server.RaftServerConfigKeys (ConfUtils.java:logGet(46)) - raft.server.data-stream.client.pool.size = 10 (default)
2023-03-29 21:18:33,956 [Listener at 127.0.0.1/44447] INFO  netty.NettyConfigKeys$DataStream (ConfUtils.java:logGet(46)) - raft.netty.dataStream.server.use-epoll = false (default)
2023-03-29 21:18:33,956 [Listener at 127.0.0.1/44447] INFO  netty.NettyConfigKeys$DataStream (ConfUtils.java:logGet(46)) - raft.netty.dataStream.server.boss-group.size = 0 (default)
2023-03-29 21:18:33,956 [Listener at 127.0.0.1/44447] INFO  netty.NettyConfigKeys$DataStream (ConfUtils.java:logGet(46)) - raft.netty.dataStream.server.worker-group.size = 0 (default)
2023-03-29 21:18:33,959 [Listener at 127.0.0.1/44447] INFO  netty.NettyConfigKeys$DataStream (ConfUtils.java:logGet(46)) - raft.netty.dataStream.server.tls.conf = null (default)
2023-03-29 21:18:33,960 [Listener at 127.0.0.1/44447] INFO  netty.NettyConfigKeys$DataStream (ConfUtils.java:logGet(46)) - raft.netty.dataStream.host = null (default)
2023-03-29 21:18:33,960 [Listener at 127.0.0.1/44447] INFO  netty.NettyConfigKeys$DataStream (ConfUtils.java:logGet(46)) - raft.netty.dataStream.port = 0 (default)
2023-03-29 21:18:33,961 [Listener at 127.0.0.1/44447] INFO  server.RaftServerConfigKeys (ConfUtils.java:logGet(46)) - raft.server.threadpool.proxy.cached = true (default)
2023-03-29 21:18:33,961 [Listener at 127.0.0.1/44447] INFO  server.RaftServerConfigKeys (ConfUtils.java:logGet(46)) - raft.server.threadpool.proxy.size = 0 (default)
2023-03-29 21:18:33,961 [Listener at 127.0.0.1/44447] INFO  server.RaftServerConfigKeys (ConfUtils.java:logGet(46)) - raft.server.rpc.slowness.timeout = 300s (custom)
2023-03-29 21:18:33,961 [Listener at 127.0.0.1/44447] INFO  server.RaftServerConfigKeys (ConfUtils.java:logGet(46)) - raft.server.leaderelection.leader.step-down.wait-time = 10s (default)
2023-03-29 21:18:33,962 [Listener at 127.0.0.1/44447] INFO  server.RaftServerConfigKeys (ConfUtils.java:logGet(46)) - raft.server.storage.dir = [/home/runner/work/ozone/ozone/hadoop-ozone/integration-test/target/test-dir/MiniOzoneClusterImpl-81c774c4-8c24-4526-9b8e-41dc3c8fdf7d/datanode-1/data/ratis] (custom)
2023-03-29 21:18:33,962 [dee73a76-5b7c-4518-85e5-022f097c94ce-NettyServerStreamRpc-bossGroup--thread1] INFO  logging.LoggingHandler (AbstractInternalLogger.java:log(148)) - [id: 0xe1ca5f30] REGISTERED
2023-03-29 21:18:33,962 [dee73a76-5b7c-4518-85e5-022f097c94ce-NettyServerStreamRpc-bossGroup--thread1] INFO  logging.LoggingHandler (AbstractInternalLogger.java:log(148)) - [id: 0xe1ca5f30] BIND: 0.0.0.0/0.0.0.0:0
2023-03-29 21:18:33,962 [dee73a76-5b7c-4518-85e5-022f097c94ce-NettyServerStreamRpc-bossGroup--thread1] INFO  logging.LoggingHandler (AbstractInternalLogger.java:log(148)) - [id: 0xe1ca5f30, L:/0:0:0:0:0:0:0:0:43583] ACTIVE
2023-03-29 21:18:33,965 [Listener at 127.0.0.1/44447] INFO  server.XceiverServerGrpc (XceiverServerGrpc.java:<init>(132)) - GrpcServer channel type EpollServerSocketChannel
2023-03-29 21:18:33,971 [Listener at 127.0.0.1/44447] INFO  http.BaseHttpServer (BaseHttpServer.java:newHttpServer2BuilderForOzone(224)) - Starting Web-server for hddsDatanode at: http://0.0.0.0:0
2023-03-29 21:18:33,971 [Listener at 127.0.0.1/44447] INFO  http.BaseHttpServer (BaseHttpServer.java:<init>(111)) - Hadoop Security Enabled: false Ozone Security Enabled: false Ozone HTTP Security Enabled: false 
2023-03-29 21:18:33,971 [Listener at 127.0.0.1/44447] WARN  server.AuthenticationFilter (AuthenticationFilter.java:constructSecretProvider(240)) - Unable to initialize FileSignerSecretProvider, falling back to use random secrets. Reason: Could not read signature secret file: /home/runner/hadoop-http-auth-signature-secret
2023-03-29 21:18:33,972 [Listener at 127.0.0.1/44447] WARN  http.HttpRequestLog (HttpRequestLog.java:getRequestLog(103)) - Jetty request log can only be enabled using Log4j
2023-03-29 21:18:33,974 [Listener at 127.0.0.1/44447] INFO  http.HttpServer2 (HttpServer2.java:addGlobalFilter(1031)) - Added global filter 'safety' (class=org.apache.hadoop.hdds.server.http.HttpServer2$QuotingInputFilter)
2023-03-29 21:18:33,975 [Listener at 127.0.0.1/44447] INFO  http.HttpServer2 (HttpServer2.java:addFilter(1007)) - Added filter static_user_filter (class=org.apache.hadoop.http.lib.StaticUserWebFilter$StaticUserFilter) to context hddsDatanode
2023-03-29 21:18:33,975 [Listener at 127.0.0.1/44447] INFO  http.HttpServer2 (HttpServer2.java:addFilter(1015)) - Added filter static_user_filter (class=org.apache.hadoop.http.lib.StaticUserWebFilter$StaticUserFilter) to context logs
2023-03-29 21:18:33,975 [Listener at 127.0.0.1/44447] INFO  http.HttpServer2 (HttpServer2.java:addFilter(1015)) - Added filter static_user_filter (class=org.apache.hadoop.http.lib.StaticUserWebFilter$StaticUserFilter) to context static
2023-03-29 21:18:33,975 [Listener at 127.0.0.1/44447] INFO  http.BaseHttpServer (BaseHttpServer.java:<init>(190)) - HTTP server of hddsDatanode uses base directory /home/runner/work/ozone/ozone/hadoop-ozone/integration-test/target/test-dir/MiniOzoneClusterImpl-81c774c4-8c24-4526-9b8e-41dc3c8fdf7d/datanode-1/meta/webserver
2023-03-29 21:18:33,975 [Listener at 127.0.0.1/44447] INFO  http.HttpServer2 (HttpServer2.java:bindListener(1250)) - Jetty bound to port 34519
2023-03-29 21:18:33,975 [Listener at 127.0.0.1/44447] INFO  server.Server (Server.java:doStart(375)) - jetty-9.4.49.v20220914; built: 2022-09-14T01:07:36.601Z; git: 4231a3b2e4cb8548a412a789936d640a97b1aa0a; jvm 1.8.0_362-b09
2023-03-29 21:18:33,977 [Listener at 127.0.0.1/44447] INFO  server.session (DefaultSessionIdManager.java:doStart(334)) - DefaultSessionIdManager workerName=node0
2023-03-29 21:18:33,977 [Listener at 127.0.0.1/44447] INFO  server.session (DefaultSessionIdManager.java:doStart(339)) - No SessionScavenger set, using defaults
2023-03-29 21:18:33,977 [Listener at 127.0.0.1/44447] INFO  server.session (HouseKeeper.java:startScavenging(132)) - node0 Scavenging every 600000ms
2023-03-29 21:18:33,977 [Listener at 127.0.0.1/44447] INFO  handler.ContextHandler (ContextHandler.java:doStart(921)) - Started o.e.j.s.ServletContextHandler@4a7fe277{logs,/logs,file:///home/runner/work/ozone/ozone/hadoop-ozone/integration-test/target/log,AVAILABLE}
2023-03-29 21:18:33,978 [Listener at 127.0.0.1/44447] INFO  handler.ContextHandler (ContextHandler.java:doStart(921)) - Started o.e.j.s.ServletContextHandler@3657a64a{static,/static,jar:file:/home/runner/.m2/repository/org/apache/ozone/hdds-container-service/1.4.0-SNAPSHOT/hdds-container-service-1.4.0-SNAPSHOT.jar!/webapps/static,AVAILABLE}
2023-03-29 21:18:34,180 [Listener at 127.0.0.1/44447] INFO  handler.ContextHandler (ContextHandler.java:doStart(921)) - Started o.e.j.w.WebAppContext@4fee7173{hddsDatanode,/,file:///home/runner/work/ozone/ozone/hadoop-ozone/integration-test/target/test-dir/MiniOzoneClusterImpl-81c774c4-8c24-4526-9b8e-41dc3c8fdf7d/datanode-1/meta/webserver/jetty-0_0_0_0-34519-hdds-container-service-1_4_0-SNAPSHOT_jar-_-any-7546857365927857977/webapp/,AVAILABLE}{jar:file:/home/runner/.m2/repository/org/apache/ozone/hdds-container-service/1.4.0-SNAPSHOT/hdds-container-service-1.4.0-SNAPSHOT.jar!/webapps/hddsDatanode}
2023-03-29 21:18:34,182 [Listener at 127.0.0.1/44447] INFO  server.AbstractConnector (AbstractConnector.java:doStart(333)) - Started ServerConnector@27f583c9{HTTP/1.1, (http/1.1)}{0.0.0.0:34519}
2023-03-29 21:18:34,182 [Listener at 127.0.0.1/44447] INFO  server.Server (Server.java:doStart(415)) - Started @167948ms
2023-03-29 21:18:34,182 [Listener at 127.0.0.1/44447] WARN  impl.MetricsSystemImpl (MetricsSystemImpl.java:register(279)) - Sink prometheus already exists!
2023-03-29 21:18:34,182 [Listener at 127.0.0.1/44447] INFO  http.BaseHttpServer (BaseHttpServer.java:updateConnectorAddress(344)) - HTTP server of hddsDatanode listening at http://0.0.0.0:34519
2023-03-29 21:18:34,183 [Datanode State Machine Daemon Thread] INFO  statemachine.DatanodeStateMachine (DatanodeStateMachine.java:lambda$startDaemon$0(517)) - Ozone container server started.
2023-03-29 21:18:34,183 [Listener at 127.0.0.1/44447] WARN  impl.MetricRegistriesImpl (MetricRegistriesImpl.java:addReporterRegistration(111)) - New reporters are added after registries were created. Some metrics will be missing from the reporter. Please add reporter before adding any new registry.
2023-03-29 21:18:34,184 [Listener at 127.0.0.1/44447] WARN  impl.MetricRegistriesImpl (MetricRegistriesImpl.java:addReporterRegistration(111)) - New reporters are added after registries were created. Some metrics will be missing from the reporter. Please add reporter before adding any new registry.
2023-03-29 21:18:34,184 [Listener at 127.0.0.1/44447] INFO  impl.MetricsSystemImpl (MetricsSystemImpl.java:init(158)) - HddsDatanode metrics system started (again)
2023-03-29 21:18:34,198 [Listener at 127.0.0.1/44447] INFO  ozone.HddsDatanodeService (HddsDatanodeService.java:start(249)) - HddsDatanodeService host:fv-az308-773 ip:10.1.0.17
2023-03-29 21:18:34,207 [org.apache.hadoop.util.JvmPauseMonitor$Monitor@70029377] INFO  util.JvmPauseMonitor (JvmPauseMonitor.java:run(188)) - Starting JVM pause monitor
2023-03-29 21:18:34,208 [Datanode State Machine Task Thread - 0] INFO  datanode.InitDatanodeState (InitDatanodeState.java:persistContainerDatanodeDetails(138)) - DatanodeDetails is persisted to /home/runner/work/ozone/ozone/hadoop-ozone/integration-test/target/test-dir/MiniOzoneClusterImpl-81c774c4-8c24-4526-9b8e-41dc3c8fdf7d/datanode-1/meta/datanode.id
2023-03-29 21:18:34,216 [Listener at 127.0.0.1/44447] INFO  upgrade.AbstractLayoutVersionManager (AbstractLayoutVersionManager.java:init(83)) - Initializing Layout version manager with metadata layout = DATANODE_SCHEMA_V3 (version = 4), software layout = DATANODE_SCHEMA_V3 (version = 4)
2023-03-29 21:18:34,263 [Listener at 127.0.0.1/44447] INFO  reflections.Reflections (Reflections.java:scan(232)) - Reflections took 44 ms to scan 7 urls, producing 155 keys and 368 values 
2023-03-29 21:18:34,266 [Listener at 127.0.0.1/44447] INFO  statemachine.DatanodeStateMachine (DatanodeStateMachine.java:getEndPointTaskThreadPoolSize(260)) - Datanode State Machine Task Thread Pool size 2
2023-03-29 21:18:34,267 [Listener at 127.0.0.1/44447] INFO  volume.HddsVolume (HddsVolume.java:<init>(130)) - Creating HddsVolume: /home/runner/work/ozone/ozone/hadoop-ozone/integration-test/target/test-dir/MiniOzoneClusterImpl-81c774c4-8c24-4526-9b8e-41dc3c8fdf7d/datanode-2/data-0/containers/hdds of storage type : DISK capacity : 9223372036854775807
2023-03-29 21:18:34,268 [Listener at 127.0.0.1/44447] INFO  volume.MutableVolumeSet (MutableVolumeSet.java:initializeVolumeSet(175)) - Added Volume : /home/runner/work/ozone/ozone/hadoop-ozone/integration-test/target/test-dir/MiniOzoneClusterImpl-81c774c4-8c24-4526-9b8e-41dc3c8fdf7d/datanode-2/data-0/containers/hdds to VolumeSet
2023-03-29 21:18:34,268 [Listener at 127.0.0.1/44447] INFO  volume.ThrottledAsyncChecker (ThrottledAsyncChecker.java:schedule(141)) - Scheduling a check for /home/runner/work/ozone/ozone/hadoop-ozone/integration-test/target/test-dir/MiniOzoneClusterImpl-81c774c4-8c24-4526-9b8e-41dc3c8fdf7d/datanode-2/data-0/containers/hdds
2023-03-29 21:18:34,268 [Listener at 127.0.0.1/44447] INFO  volume.StorageVolumeChecker (StorageVolumeChecker.java:checkAllVolumes(202)) - Scheduled health check for volume /home/runner/work/ozone/ozone/hadoop-ozone/integration-test/target/test-dir/MiniOzoneClusterImpl-81c774c4-8c24-4526-9b8e-41dc3c8fdf7d/datanode-2/data-0/containers/hdds
2023-03-29 21:18:34,278 [Listener at 127.0.0.1/44447] INFO  volume.MutableVolumeSet (MutableVolumeSet.java:initializeVolumeSet(175)) - Added Volume : /home/runner/work/ozone/ozone/hadoop-ozone/integration-test/target/test-dir/MiniOzoneClusterImpl-81c774c4-8c24-4526-9b8e-41dc3c8fdf7d/datanode-2/data/ratis to VolumeSet
2023-03-29 21:18:34,278 [Listener at 127.0.0.1/44447] INFO  volume.ThrottledAsyncChecker (ThrottledAsyncChecker.java:schedule(141)) - Scheduling a check for /home/runner/work/ozone/ozone/hadoop-ozone/integration-test/target/test-dir/MiniOzoneClusterImpl-81c774c4-8c24-4526-9b8e-41dc3c8fdf7d/datanode-2/data/ratis
2023-03-29 21:18:34,279 [Listener at 127.0.0.1/44447] INFO  volume.StorageVolumeChecker (StorageVolumeChecker.java:checkAllVolumes(202)) - Scheduled health check for volume /home/runner/work/ozone/ozone/hadoop-ozone/integration-test/target/test-dir/MiniOzoneClusterImpl-81c774c4-8c24-4526-9b8e-41dc3c8fdf7d/datanode-2/data/ratis
2023-03-29 21:18:34,288 [Thread-2126] INFO  ozoneimpl.ContainerReader (ContainerReader.java:readVolume(175)) - Finish verifying containers on volume /home/runner/work/ozone/ozone/hadoop-ozone/integration-test/target/test-dir/MiniOzoneClusterImpl-81c774c4-8c24-4526-9b8e-41dc3c8fdf7d/datanode-2/data-0/containers/hdds
2023-03-29 21:18:34,288 [Listener at 127.0.0.1/44447] INFO  ozoneimpl.OzoneContainer (OzoneContainer.java:buildContainerSet(303)) - Build ContainerSet costs 0s
2023-03-29 21:18:34,290 [Listener at 127.0.0.1/44447] INFO  server.RaftServer (ConfUtils.java:logGet(46)) - raft.rpc.type = GRPC (default)
2023-03-29 21:18:34,290 [Listener at 127.0.0.1/44447] INFO  grpc.GrpcConfigKeys (ConfUtils.java:logFallback(53)) - raft.grpc.admin.host = null (fallback to raft.grpc.server.host)
2023-03-29 21:18:34,290 [Listener at 127.0.0.1/44447] INFO  grpc.GrpcConfigKeys (ConfUtils.java:logGet(46)) - raft.grpc.admin.port = 0 (custom)
2023-03-29 21:18:34,290 [Listener at 127.0.0.1/44447] INFO  grpc.GrpcConfigKeys (ConfUtils.java:logFallback(53)) - raft.grpc.client.host = null (fallback to raft.grpc.server.host)
2023-03-29 21:18:34,290 [Listener at 127.0.0.1/44447] INFO  grpc.GrpcConfigKeys (ConfUtils.java:logGet(46)) - raft.grpc.client.port = 0 (custom)
2023-03-29 21:18:34,290 [Listener at 127.0.0.1/44447] INFO  grpc.GrpcConfigKeys (ConfUtils.java:logGet(46)) - raft.grpc.server.host = null (default)
2023-03-29 21:18:34,290 [Listener at 127.0.0.1/44447] INFO  grpc.GrpcConfigKeys (ConfUtils.java:logGet(46)) - raft.grpc.server.port = 0 (default)
2023-03-29 21:18:34,290 [Listener at 127.0.0.1/44447] INFO  server.GrpcService (ConfUtils.java:logGet(46)) - raft.grpc.message.size.max = 32MB (=33554432) (custom)
2023-03-29 21:18:34,290 [Listener at 127.0.0.1/44447] INFO  server.RaftServerConfigKeys (ConfUtils.java:logGet(46)) - raft.server.log.appender.buffer.byte-limit = 33554432 (custom)
2023-03-29 21:18:34,290 [Listener at 127.0.0.1/44447] INFO  server.GrpcService (ConfUtils.java:logGet(46)) - raft.grpc.flow.control.window = 5MB (=5242880) (custom)
2023-03-29 21:18:34,290 [Listener at 127.0.0.1/44447] INFO  server.RaftServerConfigKeys (ConfUtils.java:logGet(46)) - raft.server.rpc.request.timeout = 60s (custom)
2023-03-29 21:18:34,290 [Listener at 127.0.0.1/44447] INFO  grpc.GrpcConfigKeys (ConfUtils.java:logGet(46)) - raft.grpc.server.heartbeat.channel = true (default)
2023-03-29 21:18:34,291 [Listener at 127.0.0.1/44447] INFO  grpc.GrpcConfigKeys (ConfUtils.java:logGet(46)) - raft.grpc.server.async.request.thread.pool.cached = true (default)
2023-03-29 21:18:34,291 [Listener at 127.0.0.1/44447] INFO  grpc.GrpcConfigKeys (ConfUtils.java:logGet(46)) - raft.grpc.server.async.request.thread.pool.size = 32 (default)
2023-03-29 21:18:34,292 [Listener at 127.0.0.1/44447] INFO  impl.DataStreamServerImpl (ConfUtils.java:logGet(46)) - raft.datastream.type = NETTY (custom)
2023-03-29 21:18:34,292 [Listener at 127.0.0.1/44447] INFO  server.RaftServerConfigKeys (ConfUtils.java:logGet(46)) - raft.server.data-stream.async.request.thread.pool.cached = false (default)
2023-03-29 21:18:34,292 [Listener at 127.0.0.1/44447] INFO  server.RaftServerConfigKeys (ConfUtils.java:logGet(46)) - raft.server.data-stream.async.request.thread.pool.size = 20 (custom)
2023-03-29 21:18:34,292 [Listener at 127.0.0.1/44447] INFO  server.RaftServerConfigKeys (ConfUtils.java:logGet(46)) - raft.server.data-stream.async.write.thread.pool.size = 16 (default)
2023-03-29 21:18:34,292 [Listener at 127.0.0.1/44447] INFO  server.RaftServerConfigKeys (ConfUtils.java:logGet(46)) - raft.server.data-stream.client.pool.size = 10 (default)
2023-03-29 21:18:34,292 [Listener at 127.0.0.1/44447] INFO  netty.NettyConfigKeys$DataStream (ConfUtils.java:logGet(46)) - raft.netty.dataStream.server.use-epoll = false (default)
2023-03-29 21:18:34,292 [Listener at 127.0.0.1/44447] INFO  netty.NettyConfigKeys$DataStream (ConfUtils.java:logGet(46)) - raft.netty.dataStream.server.boss-group.size = 0 (default)
2023-03-29 21:18:34,292 [Listener at 127.0.0.1/44447] INFO  netty.NettyConfigKeys$DataStream (ConfUtils.java:logGet(46)) - raft.netty.dataStream.server.worker-group.size = 0 (default)
2023-03-29 21:18:34,293 [Listener at 127.0.0.1/44447] INFO  netty.NettyConfigKeys$DataStream (ConfUtils.java:logGet(46)) - raft.netty.dataStream.server.tls.conf = null (default)
2023-03-29 21:18:34,293 [Listener at 127.0.0.1/44447] INFO  netty.NettyConfigKeys$DataStream (ConfUtils.java:logGet(46)) - raft.netty.dataStream.host = null (default)
2023-03-29 21:18:34,293 [Listener at 127.0.0.1/44447] INFO  netty.NettyConfigKeys$DataStream (ConfUtils.java:logGet(46)) - raft.netty.dataStream.port = 0 (default)
2023-03-29 21:18:34,298 [Listener at 127.0.0.1/44447] INFO  server.RaftServerConfigKeys (ConfUtils.java:logGet(46)) - raft.server.threadpool.proxy.cached = true (default)
2023-03-29 21:18:34,298 [Listener at 127.0.0.1/44447] INFO  server.RaftServerConfigKeys (ConfUtils.java:logGet(46)) - raft.server.threadpool.proxy.size = 0 (default)
2023-03-29 21:18:34,298 [Listener at 127.0.0.1/44447] INFO  server.RaftServerConfigKeys (ConfUtils.java:logGet(46)) - raft.server.rpc.slowness.timeout = 300s (custom)
2023-03-29 21:18:34,298 [Listener at 127.0.0.1/44447] INFO  server.RaftServerConfigKeys (ConfUtils.java:logGet(46)) - raft.server.leaderelection.leader.step-down.wait-time = 10s (default)
2023-03-29 21:18:34,299 [Listener at 127.0.0.1/44447] INFO  server.RaftServerConfigKeys (ConfUtils.java:logGet(46)) - raft.server.storage.dir = [/home/runner/work/ozone/ozone/hadoop-ozone/integration-test/target/test-dir/MiniOzoneClusterImpl-81c774c4-8c24-4526-9b8e-41dc3c8fdf7d/datanode-2/data/ratis] (custom)
2023-03-29 21:18:34,300 [Listener at 127.0.0.1/44447] INFO  server.XceiverServerGrpc (XceiverServerGrpc.java:<init>(132)) - GrpcServer channel type EpollServerSocketChannel
2023-03-29 21:18:34,301 [07ed649d-abb7-49d9-8f25-6ee2674c4cb1-NettyServerStreamRpc-bossGroup--thread1] INFO  logging.LoggingHandler (AbstractInternalLogger.java:log(148)) - [id: 0x802827d9] REGISTERED
2023-03-29 21:18:34,301 [07ed649d-abb7-49d9-8f25-6ee2674c4cb1-NettyServerStreamRpc-bossGroup--thread1] INFO  logging.LoggingHandler (AbstractInternalLogger.java:log(148)) - [id: 0x802827d9] BIND: 0.0.0.0/0.0.0.0:0
2023-03-29 21:18:34,301 [07ed649d-abb7-49d9-8f25-6ee2674c4cb1-NettyServerStreamRpc-bossGroup--thread1] INFO  logging.LoggingHandler (AbstractInternalLogger.java:log(148)) - [id: 0x802827d9, L:/0:0:0:0:0:0:0:0:41833] ACTIVE
2023-03-29 21:18:34,302 [Listener at 127.0.0.1/44447] INFO  http.BaseHttpServer (BaseHttpServer.java:newHttpServer2BuilderForOzone(224)) - Starting Web-server for hddsDatanode at: http://0.0.0.0:0
2023-03-29 21:18:34,302 [Listener at 127.0.0.1/44447] INFO  http.BaseHttpServer (BaseHttpServer.java:<init>(111)) - Hadoop Security Enabled: false Ozone Security Enabled: false Ozone HTTP Security Enabled: false 
2023-03-29 21:18:34,303 [Listener at 127.0.0.1/44447] WARN  server.AuthenticationFilter (AuthenticationFilter.java:constructSecretProvider(240)) - Unable to initialize FileSignerSecretProvider, falling back to use random secrets. Reason: Could not read signature secret file: /home/runner/hadoop-http-auth-signature-secret
2023-03-29 21:18:34,303 [Listener at 127.0.0.1/44447] WARN  http.HttpRequestLog (HttpRequestLog.java:getRequestLog(103)) - Jetty request log can only be enabled using Log4j
2023-03-29 21:18:34,304 [Listener at 127.0.0.1/44447] INFO  http.HttpServer2 (HttpServer2.java:addGlobalFilter(1031)) - Added global filter 'safety' (class=org.apache.hadoop.hdds.server.http.HttpServer2$QuotingInputFilter)
2023-03-29 21:18:34,305 [Listener at 127.0.0.1/44447] INFO  http.HttpServer2 (HttpServer2.java:addFilter(1007)) - Added filter static_user_filter (class=org.apache.hadoop.http.lib.StaticUserWebFilter$StaticUserFilter) to context hddsDatanode
2023-03-29 21:18:34,305 [Listener at 127.0.0.1/44447] INFO  http.HttpServer2 (HttpServer2.java:addFilter(1015)) - Added filter static_user_filter (class=org.apache.hadoop.http.lib.StaticUserWebFilter$StaticUserFilter) to context logs
2023-03-29 21:18:34,305 [Listener at 127.0.0.1/44447] INFO  http.HttpServer2 (HttpServer2.java:addFilter(1015)) - Added filter static_user_filter (class=org.apache.hadoop.http.lib.StaticUserWebFilter$StaticUserFilter) to context static
2023-03-29 21:18:34,305 [Listener at 127.0.0.1/44447] INFO  http.BaseHttpServer (BaseHttpServer.java:<init>(190)) - HTTP server of hddsDatanode uses base directory /home/runner/work/ozone/ozone/hadoop-ozone/integration-test/target/test-dir/MiniOzoneClusterImpl-81c774c4-8c24-4526-9b8e-41dc3c8fdf7d/datanode-2/meta/webserver
2023-03-29 21:18:34,305 [Listener at 127.0.0.1/44447] INFO  http.HttpServer2 (HttpServer2.java:bindListener(1250)) - Jetty bound to port 43277
2023-03-29 21:18:34,305 [Listener at 127.0.0.1/44447] INFO  server.Server (Server.java:doStart(375)) - jetty-9.4.49.v20220914; built: 2022-09-14T01:07:36.601Z; git: 4231a3b2e4cb8548a412a789936d640a97b1aa0a; jvm 1.8.0_362-b09
2023-03-29 21:18:34,307 [Listener at 127.0.0.1/44447] INFO  server.session (DefaultSessionIdManager.java:doStart(334)) - DefaultSessionIdManager workerName=node0
2023-03-29 21:18:34,307 [Listener at 127.0.0.1/44447] INFO  server.session (DefaultSessionIdManager.java:doStart(339)) - No SessionScavenger set, using defaults
2023-03-29 21:18:34,307 [Listener at 127.0.0.1/44447] INFO  server.session (HouseKeeper.java:startScavenging(132)) - node0 Scavenging every 600000ms
2023-03-29 21:18:34,308 [Listener at 127.0.0.1/44447] INFO  handler.ContextHandler (ContextHandler.java:doStart(921)) - Started o.e.j.s.ServletContextHandler@5cc3aa94{logs,/logs,file:///home/runner/work/ozone/ozone/hadoop-ozone/integration-test/target/log,AVAILABLE}
2023-03-29 21:18:34,308 [Listener at 127.0.0.1/44447] INFO  handler.ContextHandler (ContextHandler.java:doStart(921)) - Started o.e.j.s.ServletContextHandler@a38d565{static,/static,jar:file:/home/runner/.m2/repository/org/apache/ozone/hdds-container-service/1.4.0-SNAPSHOT/hdds-container-service-1.4.0-SNAPSHOT.jar!/webapps/static,AVAILABLE}
2023-03-29 21:18:34,509 [Listener at 127.0.0.1/44447] INFO  handler.ContextHandler (ContextHandler.java:doStart(921)) - Started o.e.j.w.WebAppContext@1b5eafdb{hddsDatanode,/,file:///home/runner/work/ozone/ozone/hadoop-ozone/integration-test/target/test-dir/MiniOzoneClusterImpl-81c774c4-8c24-4526-9b8e-41dc3c8fdf7d/datanode-2/meta/webserver/jetty-0_0_0_0-43277-hdds-container-service-1_4_0-SNAPSHOT_jar-_-any-4290034693916820372/webapp/,AVAILABLE}{jar:file:/home/runner/.m2/repository/org/apache/ozone/hdds-container-service/1.4.0-SNAPSHOT/hdds-container-service-1.4.0-SNAPSHOT.jar!/webapps/hddsDatanode}
2023-03-29 21:18:34,511 [Listener at 127.0.0.1/44447] INFO  server.AbstractConnector (AbstractConnector.java:doStart(333)) - Started ServerConnector@475ec34f{HTTP/1.1, (http/1.1)}{0.0.0.0:43277}
2023-03-29 21:18:34,511 [Listener at 127.0.0.1/44447] INFO  server.Server (Server.java:doStart(415)) - Started @168277ms
2023-03-29 21:18:34,511 [Listener at 127.0.0.1/44447] WARN  impl.MetricsSystemImpl (MetricsSystemImpl.java:register(279)) - Sink prometheus already exists!
2023-03-29 21:18:34,512 [Listener at 127.0.0.1/44447] INFO  http.BaseHttpServer (BaseHttpServer.java:updateConnectorAddress(344)) - HTTP server of hddsDatanode listening at http://0.0.0.0:43277
2023-03-29 21:18:34,513 [Listener at 127.0.0.1/44447] INFO  ozone.MiniOzoneClusterImpl (MiniOzoneClusterImpl.java:lambda$waitForClusterToBeReady$0(222)) - Waiting for nodes to be ready. Got 0 of 3 DN Heartbeats.
2023-03-29 21:18:34,513 [Listener at 127.0.0.1/44447] INFO  ozone.MiniOzoneClusterImpl (MiniOzoneClusterImpl.java:lambda$waitForClusterToBeReady$0(225)) - Waiting for cluster to exit safe mode
2023-03-29 21:18:34,513 [Listener at 127.0.0.1/44447] INFO  ozone.MiniOzoneClusterImpl (MiniOzoneClusterImpl.java:lambda$waitForClusterToBeReady$0(227)) - SCM became leader
2023-03-29 21:18:34,514 [Datanode State Machine Daemon Thread] INFO  statemachine.DatanodeStateMachine (DatanodeStateMachine.java:lambda$startDaemon$0(517)) - Ozone container server started.
2023-03-29 21:18:34,517 [org.apache.hadoop.util.JvmPauseMonitor$Monitor@15bec256] INFO  util.JvmPauseMonitor (JvmPauseMonitor.java:run(188)) - Starting JVM pause monitor
2023-03-29 21:18:34,519 [Datanode State Machine Task Thread - 0] INFO  datanode.InitDatanodeState (InitDatanodeState.java:persistContainerDatanodeDetails(138)) - DatanodeDetails is persisted to /home/runner/work/ozone/ozone/hadoop-ozone/integration-test/target/test-dir/MiniOzoneClusterImpl-81c774c4-8c24-4526-9b8e-41dc3c8fdf7d/datanode-2/meta/datanode.id
2023-03-29 21:18:34,590 [om1@group-C5BA1605619E-FollowerState] INFO  impl.FollowerState (FollowerState.java:run(143)) - om1@group-C5BA1605619E-FollowerState: change to CANDIDATE, lastRpcElapsedTime:1148028779ns, electionTimeout:1147ms
2023-03-29 21:18:34,590 [om1@group-C5BA1605619E-FollowerState] INFO  impl.RoleInfo (RoleInfo.java:shutdownFollowerState(110)) - om1: shutdown om1@group-C5BA1605619E-FollowerState
2023-03-29 21:18:34,590 [om1@group-C5BA1605619E-FollowerState] INFO  server.RaftServer$Division (RaftServerImpl.java:setRole(321)) - om1@group-C5BA1605619E: changes role from  FOLLOWER to CANDIDATE at term 0 for changeToCandidate
2023-03-29 21:18:34,590 [om1@group-C5BA1605619E-FollowerState] INFO  server.RaftServerConfigKeys (ConfUtils.java:logGet(46)) - raft.server.leaderelection.pre-vote = true (default)
2023-03-29 21:18:34,590 [om1@group-C5BA1605619E-FollowerState] INFO  impl.RoleInfo (RoleInfo.java:updateAndGet(139)) - om1: start om1@group-C5BA1605619E-LeaderElection35
2023-03-29 21:18:34,592 [om1@group-C5BA1605619E-LeaderElection35] INFO  impl.LeaderElection (LeaderElection.java:askForVotes(312)) - om1@group-C5BA1605619E-LeaderElection35 PRE_VOTE round 0: submit vote requests at term 0 for -1: peers:[om1|rpc:localhost:9872|priority:0|startupRole:FOLLOWER]|listeners:[], old=null
2023-03-29 21:18:34,592 [om1@group-C5BA1605619E-LeaderElection35] INFO  impl.LeaderElection (LeaderElection.java:askForVotes(314)) - om1@group-C5BA1605619E-LeaderElection35 PRE_VOTE round 0: result PASSED (term=0)
2023-03-29 21:18:34,593 [om1@group-C5BA1605619E-LeaderElection35] INFO  impl.LeaderElection (LeaderElection.java:askForVotes(312)) - om1@group-C5BA1605619E-LeaderElection35 ELECTION round 0: submit vote requests at term 1 for -1: peers:[om1|rpc:localhost:9872|priority:0|startupRole:FOLLOWER]|listeners:[], old=null
2023-03-29 21:18:34,593 [om1@group-C5BA1605619E-LeaderElection35] INFO  impl.LeaderElection (LeaderElection.java:askForVotes(314)) - om1@group-C5BA1605619E-LeaderElection35 ELECTION round 0: result PASSED (term=1)
2023-03-29 21:18:34,593 [om1@group-C5BA1605619E-LeaderElection35] INFO  impl.RoleInfo (RoleInfo.java:shutdownLeaderElection(130)) - om1: shutdown om1@group-C5BA1605619E-LeaderElection35
2023-03-29 21:18:34,593 [om1@group-C5BA1605619E-LeaderElection35] INFO  server.RaftServer$Division (RaftServerImpl.java:setRole(321)) - om1@group-C5BA1605619E: changes role from CANDIDATE to LEADER at term 1 for changeToLeader
2023-03-29 21:18:34,593 [om1@group-C5BA1605619E-LeaderElection35] INFO  server.RaftServer$Division (ServerState.java:setLeader(313)) - om1@group-C5BA1605619E: change Leader from null to om1 at term 1 for becomeLeader, leader elected after 1556ms
2023-03-29 21:18:34,594 [om1@group-C5BA1605619E-LeaderElection35] INFO  server.RaftServerConfigKeys (ConfUtils.java:logGet(46)) - raft.server.staging.catchup.gap = 1000 (default)
2023-03-29 21:18:34,594 [om1@group-C5BA1605619E-LeaderElection35] INFO  server.RaftServerConfigKeys (ConfUtils.java:logGet(46)) - raft.server.write.element-limit = 4096 (default)
2023-03-29 21:18:34,594 [om1@group-C5BA1605619E-LeaderElection35] INFO  server.RaftServerConfigKeys (ConfUtils.java:logGet(46)) - raft.server.write.byte-limit = 64MB (=67108864) (default)
2023-03-29 21:18:34,594 [om1@group-C5BA1605619E-LeaderElection35] INFO  server.RaftServerConfigKeys (ConfUtils.java:logGet(46)) - raft.server.watch.timeout = 10s (default)
2023-03-29 21:18:34,594 [om1@group-C5BA1605619E-LeaderElection35] INFO  server.RaftServerConfigKeys (ConfUtils.java:logGet(46)) - raft.server.watch.timeout.denomination = 1s (default)
2023-03-29 21:18:34,594 [om1@group-C5BA1605619E-LeaderElection35] INFO  server.RaftServerConfigKeys (ConfUtils.java:logGet(46)) - raft.server.watch.element-limit = 65536 (default)
2023-03-29 21:18:34,594 [om1@group-C5BA1605619E-LeaderElection35] INFO  server.RaftServerConfigKeys (ConfUtils.java:logGet(46)) - raft.server.write.element-limit = 4096 (default)
2023-03-29 21:18:34,594 [om1@group-C5BA1605619E-LeaderElection35] INFO  server.RaftServerConfigKeys (ConfUtils.java:logGet(46)) - raft.server.write.follower.gap.ratio.max = -1.0 (default)
2023-03-29 21:18:34,594 [om1@group-C5BA1605619E-LeaderElection35] INFO  impl.RoleInfo (RoleInfo.java:updateAndGet(139)) - om1: start om1@group-C5BA1605619E-LeaderStateImpl
2023-03-29 21:18:34,594 [om1@group-C5BA1605619E-LeaderElection35] INFO  segmented.SegmentedRaftLogWorker (SegmentedRaftLogWorker.java:startLogSegment(452)) - om1@group-C5BA1605619E-SegmentedRaftLogWorker: Starting segment from index:0
2023-03-29 21:18:34,603 [om1@group-C5BA1605619E-LeaderElection35] INFO  server.RaftServer$Division (ServerState.java:setRaftConf(430)) - om1@group-C5BA1605619E: set configuration 0: peers:[om1|rpc:localhost:9872|admin:|client:|dataStream:|priority:0|startupRole:FOLLOWER]|listeners:[], old=null
2023-03-29 21:18:34,604 [om1@group-C5BA1605619E-SegmentedRaftLogWorker] INFO  segmented.SegmentedRaftLogWorker (SegmentedRaftLogWorker.java:execute(656)) - om1@group-C5BA1605619E-SegmentedRaftLogWorker: created new log segment /home/runner/work/ozone/ozone/hadoop-ozone/integration-test/target/test-dir/MiniOzoneClusterImpl-81c774c4-8c24-4526-9b8e-41dc3c8fdf7d/ozone-meta/ratis/bf265839-605b-3f16-9796-c5ba1605619e/current/log_inprogress_0
2023-03-29 21:18:34,605 [om1@group-C5BA1605619E-StateMachineUpdater] INFO  ratis.OzoneManagerStateMachine (OzoneManagerStateMachine.java:notifyConfigurationChanged(192)) - Received Configuration change notification from Ratis. New Peer list:
[id: "om1"
address: "localhost:9872"
startupRole: FOLLOWER
]
2023-03-29 21:18:35,514 [Listener at 127.0.0.1/44447] INFO  ozone.MiniOzoneClusterImpl (MiniOzoneClusterImpl.java:lambda$waitForClusterToBeReady$0(222)) - Waiting for nodes to be ready. Got 0 of 3 DN Heartbeats.
2023-03-29 21:18:35,514 [Listener at 127.0.0.1/44447] INFO  ozone.MiniOzoneClusterImpl (MiniOzoneClusterImpl.java:lambda$waitForClusterToBeReady$0(225)) - Waiting for cluster to exit safe mode
2023-03-29 21:18:35,514 [Listener at 127.0.0.1/44447] INFO  ozone.MiniOzoneClusterImpl (MiniOzoneClusterImpl.java:lambda$waitForClusterToBeReady$0(227)) - SCM became leader
2023-03-29 21:18:35,881 [EndpointStateMachine task thread for /0.0.0.0:41797 - 0 ] INFO  utils.DatanodeStoreCache (DatanodeStoreCache.java:addDB(58)) - Added db /home/runner/work/ozone/ozone/hadoop-ozone/integration-test/target/test-dir/MiniOzoneClusterImpl-81c774c4-8c24-4526-9b8e-41dc3c8fdf7d/datanode-0/data-0/containers/hdds/81c774c4-8c24-4526-9b8e-41dc3c8fdf7d/DS-b596adf8-3046-497f-9e26-080f2174bea3/container.db to cache
2023-03-29 21:18:35,881 [EndpointStateMachine task thread for /0.0.0.0:41797 - 0 ] INFO  volume.HddsVolume (HddsVolume.java:createDbStore(350)) - SchemaV3 db is created and loaded at /home/runner/work/ozone/ozone/hadoop-ozone/integration-test/target/test-dir/MiniOzoneClusterImpl-81c774c4-8c24-4526-9b8e-41dc3c8fdf7d/datanode-0/data-0/containers/hdds/81c774c4-8c24-4526-9b8e-41dc3c8fdf7d/DS-b596adf8-3046-497f-9e26-080f2174bea3/container.db for volume DS-b596adf8-3046-497f-9e26-080f2174bea3
2023-03-29 21:18:35,881 [EndpointStateMachine task thread for /0.0.0.0:41797 - 0 ] INFO  ozoneimpl.OzoneContainer (OzoneContainer.java:start(397)) - Attempting to start container services.
2023-03-29 21:18:35,882 [EndpointStateMachine task thread for /0.0.0.0:41797 - 0 ] INFO  ozoneimpl.OzoneContainer (OzoneContainer.java:startContainerScrub(314)) - Scheduled background container scanners and the on-demand container scanner have been disabled.
2023-03-29 21:18:35,883 [EndpointStateMachine task thread for /0.0.0.0:41797 - 0 ] INFO  replication.ReplicationServer (ReplicationServer.java:start(109)) - ReplicationServer is started using port 38841
2023-03-29 21:18:35,884 [EndpointStateMachine task thread for /0.0.0.0:41797 - 0 ] INFO  ratis.XceiverServerRatis (XceiverServerRatis.java:start(517)) - Starting XceiverServerRatis 306f285f-d174-4f26-bb71-a6ae1f938ea0
2023-03-29 21:18:35,893 [EndpointStateMachine task thread for /0.0.0.0:41797 - 0 ] INFO  server.RaftServer (RaftServerProxy.java:startImpl(393)) - 306f285f-d174-4f26-bb71-a6ae1f938ea0: start RPC server
2023-03-29 21:18:35,898 [EndpointStateMachine task thread for /0.0.0.0:41797 - 0 ] INFO  server.GrpcService (GrpcService.java:startImpl(262)) - 306f285f-d174-4f26-bb71-a6ae1f938ea0: GrpcService started, listening on 45957
2023-03-29 21:18:35,898 [EndpointStateMachine task thread for /0.0.0.0:41797 - 0 ] INFO  ratis.XceiverServerRatis (XceiverServerRatis.java:getRealPort(543)) - XceiverServerRatis 306f285f-d174-4f26-bb71-a6ae1f938ea0 is started using port 45957 for RATIS
2023-03-29 21:18:35,898 [EndpointStateMachine task thread for /0.0.0.0:41797 - 0 ] INFO  ratis.XceiverServerRatis (XceiverServerRatis.java:getRealPort(543)) - XceiverServerRatis 306f285f-d174-4f26-bb71-a6ae1f938ea0 is started using port 45957 for RATIS_ADMIN
2023-03-29 21:18:35,898 [EndpointStateMachine task thread for /0.0.0.0:41797 - 0 ] INFO  ratis.XceiverServerRatis (XceiverServerRatis.java:getRealPort(543)) - XceiverServerRatis 306f285f-d174-4f26-bb71-a6ae1f938ea0 is started using port 45957 for RATIS_SERVER
2023-03-29 21:18:35,898 [EndpointStateMachine task thread for /0.0.0.0:41797 - 0 ] INFO  ratis.XceiverServerRatis (XceiverServerRatis.java:getRealPort(543)) - XceiverServerRatis 306f285f-d174-4f26-bb71-a6ae1f938ea0 is started using port 32955 for RATIS_DATASTREAM
2023-03-29 21:18:35,898 [JvmPauseMonitor21] INFO  util.JvmPauseMonitor (JvmPauseMonitor.java:run(105)) - JvmPauseMonitor-306f285f-d174-4f26-bb71-a6ae1f938ea0: Started
2023-03-29 21:18:35,906 [EndpointStateMachine task thread for /0.0.0.0:41797 - 0 ] INFO  server.XceiverServerGrpc (XceiverServerGrpc.java:start(180)) - XceiverServerGrpc 306f285f-d174-4f26-bb71-a6ae1f938ea0 is started using port 37867
2023-03-29 21:18:35,907 [BlockDeletingService#0] INFO  interfaces.ContainerDeletionChoosingPolicyTemplate (ContainerDeletionChoosingPolicyTemplate.java:chooseContainerForBlockDeletion(83)) - Chosen 0/5000 blocks from 0 candidate containers.
2023-03-29 21:18:36,242 [EndpointStateMachine task thread for /0.0.0.0:41797 - 0 ] INFO  utils.DatanodeStoreCache (DatanodeStoreCache.java:addDB(58)) - Added db /home/runner/work/ozone/ozone/hadoop-ozone/integration-test/target/test-dir/MiniOzoneClusterImpl-81c774c4-8c24-4526-9b8e-41dc3c8fdf7d/datanode-1/data-0/containers/hdds/81c774c4-8c24-4526-9b8e-41dc3c8fdf7d/DS-83b675ed-aeaf-4893-b9fe-c4ca314d5146/container.db to cache
2023-03-29 21:18:36,242 [EndpointStateMachine task thread for /0.0.0.0:41797 - 0 ] INFO  volume.HddsVolume (HddsVolume.java:createDbStore(350)) - SchemaV3 db is created and loaded at /home/runner/work/ozone/ozone/hadoop-ozone/integration-test/target/test-dir/MiniOzoneClusterImpl-81c774c4-8c24-4526-9b8e-41dc3c8fdf7d/datanode-1/data-0/containers/hdds/81c774c4-8c24-4526-9b8e-41dc3c8fdf7d/DS-83b675ed-aeaf-4893-b9fe-c4ca314d5146/container.db for volume DS-83b675ed-aeaf-4893-b9fe-c4ca314d5146
2023-03-29 21:18:36,242 [EndpointStateMachine task thread for /0.0.0.0:41797 - 0 ] INFO  ozoneimpl.OzoneContainer (OzoneContainer.java:start(397)) - Attempting to start container services.
2023-03-29 21:18:36,243 [EndpointStateMachine task thread for /0.0.0.0:41797 - 0 ] INFO  ozoneimpl.OzoneContainer (OzoneContainer.java:startContainerScrub(314)) - Scheduled background container scanners and the on-demand container scanner have been disabled.
2023-03-29 21:18:36,244 [EndpointStateMachine task thread for /0.0.0.0:41797 - 0 ] INFO  replication.ReplicationServer (ReplicationServer.java:start(109)) - ReplicationServer is started using port 41785
2023-03-29 21:18:36,245 [EndpointStateMachine task thread for /0.0.0.0:41797 - 0 ] INFO  ratis.XceiverServerRatis (XceiverServerRatis.java:start(517)) - Starting XceiverServerRatis dee73a76-5b7c-4518-85e5-022f097c94ce
2023-03-29 21:18:36,245 [EndpointStateMachine task thread for /0.0.0.0:41797 - 0 ] INFO  server.RaftServer (RaftServerProxy.java:startImpl(393)) - dee73a76-5b7c-4518-85e5-022f097c94ce: start RPC server
2023-03-29 21:18:36,246 [EndpointStateMachine task thread for /0.0.0.0:41797 - 0 ] INFO  server.GrpcService (GrpcService.java:startImpl(262)) - dee73a76-5b7c-4518-85e5-022f097c94ce: GrpcService started, listening on 40537
2023-03-29 21:18:36,247 [EndpointStateMachine task thread for /0.0.0.0:41797 - 0 ] INFO  ratis.XceiverServerRatis (XceiverServerRatis.java:getRealPort(543)) - XceiverServerRatis dee73a76-5b7c-4518-85e5-022f097c94ce is started using port 40537 for RATIS
2023-03-29 21:18:36,247 [EndpointStateMachine task thread for /0.0.0.0:41797 - 0 ] INFO  ratis.XceiverServerRatis (XceiverServerRatis.java:getRealPort(543)) - XceiverServerRatis dee73a76-5b7c-4518-85e5-022f097c94ce is started using port 40537 for RATIS_ADMIN
2023-03-29 21:18:36,247 [JvmPauseMonitor22] INFO  util.JvmPauseMonitor (JvmPauseMonitor.java:run(105)) - JvmPauseMonitor-dee73a76-5b7c-4518-85e5-022f097c94ce: Started
2023-03-29 21:18:36,247 [EndpointStateMachine task thread for /0.0.0.0:41797 - 0 ] INFO  ratis.XceiverServerRatis (XceiverServerRatis.java:getRealPort(543)) - XceiverServerRatis dee73a76-5b7c-4518-85e5-022f097c94ce is started using port 40537 for RATIS_SERVER
2023-03-29 21:18:36,247 [EndpointStateMachine task thread for /0.0.0.0:41797 - 0 ] INFO  ratis.XceiverServerRatis (XceiverServerRatis.java:getRealPort(543)) - XceiverServerRatis dee73a76-5b7c-4518-85e5-022f097c94ce is started using port 43583 for RATIS_DATASTREAM
2023-03-29 21:18:36,249 [EndpointStateMachine task thread for /0.0.0.0:41797 - 0 ] INFO  server.XceiverServerGrpc (XceiverServerGrpc.java:start(180)) - XceiverServerGrpc dee73a76-5b7c-4518-85e5-022f097c94ce is started using port 34075
2023-03-29 21:18:36,250 [BlockDeletingService#0] INFO  interfaces.ContainerDeletionChoosingPolicyTemplate (ContainerDeletionChoosingPolicyTemplate.java:chooseContainerForBlockDeletion(83)) - Chosen 0/5000 blocks from 0 candidate containers.
2023-03-29 21:18:36,514 [Listener at 127.0.0.1/44447] INFO  ozone.MiniOzoneClusterImpl (MiniOzoneClusterImpl.java:lambda$waitForClusterToBeReady$0(222)) - Waiting for nodes to be ready. Got 0 of 3 DN Heartbeats.
2023-03-29 21:18:36,514 [Listener at 127.0.0.1/44447] INFO  ozone.MiniOzoneClusterImpl (MiniOzoneClusterImpl.java:lambda$waitForClusterToBeReady$0(225)) - Waiting for cluster to exit safe mode
2023-03-29 21:18:36,514 [Listener at 127.0.0.1/44447] INFO  ozone.MiniOzoneClusterImpl (MiniOzoneClusterImpl.java:lambda$waitForClusterToBeReady$0(227)) - SCM became leader
2023-03-29 21:18:36,545 [EndpointStateMachine task thread for /0.0.0.0:41797 - 0 ] INFO  utils.DatanodeStoreCache (DatanodeStoreCache.java:addDB(58)) - Added db /home/runner/work/ozone/ozone/hadoop-ozone/integration-test/target/test-dir/MiniOzoneClusterImpl-81c774c4-8c24-4526-9b8e-41dc3c8fdf7d/datanode-2/data-0/containers/hdds/81c774c4-8c24-4526-9b8e-41dc3c8fdf7d/DS-f35cb664-051f-41a8-bf78-c94032815c08/container.db to cache
2023-03-29 21:18:36,545 [EndpointStateMachine task thread for /0.0.0.0:41797 - 0 ] INFO  volume.HddsVolume (HddsVolume.java:createDbStore(350)) - SchemaV3 db is created and loaded at /home/runner/work/ozone/ozone/hadoop-ozone/integration-test/target/test-dir/MiniOzoneClusterImpl-81c774c4-8c24-4526-9b8e-41dc3c8fdf7d/datanode-2/data-0/containers/hdds/81c774c4-8c24-4526-9b8e-41dc3c8fdf7d/DS-f35cb664-051f-41a8-bf78-c94032815c08/container.db for volume DS-f35cb664-051f-41a8-bf78-c94032815c08
2023-03-29 21:18:36,545 [EndpointStateMachine task thread for /0.0.0.0:41797 - 0 ] INFO  ozoneimpl.OzoneContainer (OzoneContainer.java:start(397)) - Attempting to start container services.
2023-03-29 21:18:36,545 [EndpointStateMachine task thread for /0.0.0.0:41797 - 0 ] INFO  ozoneimpl.OzoneContainer (OzoneContainer.java:startContainerScrub(314)) - Scheduled background container scanners and the on-demand container scanner have been disabled.
2023-03-29 21:18:36,547 [EndpointStateMachine task thread for /0.0.0.0:41797 - 0 ] INFO  replication.ReplicationServer (ReplicationServer.java:start(109)) - ReplicationServer is started using port 43061
2023-03-29 21:18:36,547 [EndpointStateMachine task thread for /0.0.0.0:41797 - 0 ] INFO  ratis.XceiverServerRatis (XceiverServerRatis.java:start(517)) - Starting XceiverServerRatis 07ed649d-abb7-49d9-8f25-6ee2674c4cb1
2023-03-29 21:18:36,548 [EndpointStateMachine task thread for /0.0.0.0:41797 - 0 ] INFO  server.RaftServer (RaftServerProxy.java:startImpl(393)) - 07ed649d-abb7-49d9-8f25-6ee2674c4cb1: start RPC server
2023-03-29 21:18:36,549 [EndpointStateMachine task thread for /0.0.0.0:41797 - 0 ] INFO  server.GrpcService (GrpcService.java:startImpl(262)) - 07ed649d-abb7-49d9-8f25-6ee2674c4cb1: GrpcService started, listening on 37627
2023-03-29 21:18:36,550 [EndpointStateMachine task thread for /0.0.0.0:41797 - 0 ] INFO  ratis.XceiverServerRatis (XceiverServerRatis.java:getRealPort(543)) - XceiverServerRatis 07ed649d-abb7-49d9-8f25-6ee2674c4cb1 is started using port 37627 for RATIS
2023-03-29 21:18:36,550 [JvmPauseMonitor23] INFO  util.JvmPauseMonitor (JvmPauseMonitor.java:run(105)) - JvmPauseMonitor-07ed649d-abb7-49d9-8f25-6ee2674c4cb1: Started
2023-03-29 21:18:36,550 [EndpointStateMachine task thread for /0.0.0.0:41797 - 0 ] INFO  ratis.XceiverServerRatis (XceiverServerRatis.java:getRealPort(543)) - XceiverServerRatis 07ed649d-abb7-49d9-8f25-6ee2674c4cb1 is started using port 37627 for RATIS_ADMIN
2023-03-29 21:18:36,550 [EndpointStateMachine task thread for /0.0.0.0:41797 - 0 ] INFO  ratis.XceiverServerRatis (XceiverServerRatis.java:getRealPort(543)) - XceiverServerRatis 07ed649d-abb7-49d9-8f25-6ee2674c4cb1 is started using port 37627 for RATIS_SERVER
2023-03-29 21:18:36,550 [EndpointStateMachine task thread for /0.0.0.0:41797 - 0 ] INFO  ratis.XceiverServerRatis (XceiverServerRatis.java:getRealPort(543)) - XceiverServerRatis 07ed649d-abb7-49d9-8f25-6ee2674c4cb1 is started using port 41833 for RATIS_DATASTREAM
2023-03-29 21:18:36,552 [EndpointStateMachine task thread for /0.0.0.0:41797 - 0 ] INFO  server.XceiverServerGrpc (XceiverServerGrpc.java:start(180)) - XceiverServerGrpc 07ed649d-abb7-49d9-8f25-6ee2674c4cb1 is started using port 39949
2023-03-29 21:18:36,553 [BlockDeletingService#0] INFO  interfaces.ContainerDeletionChoosingPolicyTemplate (ContainerDeletionChoosingPolicyTemplate.java:chooseContainerForBlockDeletion(83)) - Chosen 0/5000 blocks from 0 candidate containers.
2023-03-29 21:18:37,515 [Listener at 127.0.0.1/44447] INFO  ozone.MiniOzoneClusterImpl (MiniOzoneClusterImpl.java:lambda$waitForClusterToBeReady$0(222)) - Waiting for nodes to be ready. Got 0 of 3 DN Heartbeats.
2023-03-29 21:18:37,515 [Listener at 127.0.0.1/44447] INFO  ozone.MiniOzoneClusterImpl (MiniOzoneClusterImpl.java:lambda$waitForClusterToBeReady$0(225)) - Waiting for cluster to exit safe mode
2023-03-29 21:18:37,515 [Listener at 127.0.0.1/44447] INFO  ozone.MiniOzoneClusterImpl (MiniOzoneClusterImpl.java:lambda$waitForClusterToBeReady$0(227)) - SCM became leader
2023-03-29 21:18:37,853 [IPC Server handler 0 on default port 41797] INFO  net.NetworkTopologyImpl (NetworkTopologyImpl.java:add(112)) - Added a new node: /default-rack/306f285f-d174-4f26-bb71-a6ae1f938ea0
2023-03-29 21:18:37,853 [IPC Server handler 0 on default port 41797] INFO  node.SCMNodeManager (SCMNodeManager.java:register(404)) - Registered Data node : 306f285f-d174-4f26-bb71-a6ae1f938ea0{ip: 10.1.0.17, host: fv-az308-773, ports: [REPLICATION=38841, RATIS=45957, RATIS_ADMIN=45957, RATIS_SERVER=45957, RATIS_DATASTREAM=32955, STANDALONE=37867], networkLocation: /default-rack, certSerialId: null, persistedOpState: null, persistedOpStateExpiryEpochSec: 0}
2023-03-29 21:18:37,855 [EventQueue-NodeRegistrationContainerReportForContainerSafeModeRule] INFO  safemode.SCMSafeModeManager (SCMSafeModeManager.java:validateSafeModeExitRules(200)) - ContainerSafeModeRule rule is successfully validated
2023-03-29 21:18:37,858 [EventQueue-NewNodeForNewNodeHandler] INFO  pipeline.BackgroundPipelineCreator (BackgroundPipelineCreator.java:notifyEventTriggered(276)) - trigger a one-shot run on RatisPipelineUtilsThread.
2023-03-29 21:18:37,858 [EventQueue-NodeRegistrationContainerReportForDataNodeSafeModeRule] INFO  safemode.SCMSafeModeManager (DataNodeSafeModeRule.java:process(71)) - SCM in safe mode. 1 DataNodes registered, 3 required.
2023-03-29 21:18:37,858 [RatisPipelineUtilsThread - 0] INFO  pipeline.RatisPipelineProvider (RatisPipelineProvider.java:lambda$create$0(206)) - Sending CreatePipelineCommand for pipeline:PipelineID=e788ac12-2af6-445e-9de4-8cc9c4ead960 to datanode:306f285f-d174-4f26-bb71-a6ae1f938ea0
2023-03-29 21:18:37,859 [RatisPipelineUtilsThread - 0] INFO  pipeline.PipelineStateManagerImpl (PipelineStateManagerImpl.java:addPipeline(103)) - Created pipeline Pipeline[ Id: e788ac12-2af6-445e-9de4-8cc9c4ead960, Nodes: 306f285f-d174-4f26-bb71-a6ae1f938ea0(fv-az308-773/10.1.0.17), ReplicationConfig: RATIS/ONE, State:ALLOCATED, leaderId:, CreationTimestamp2023-03-29T21:18:37.858Z[Etc/UTC]].
2023-03-29 21:18:37,861 [EventQueue-PipelineReportForOneReplicaPipelineSafeModeRule] INFO  safemode.SCMSafeModeManager (SCMSafeModeManager.java:validateSafeModeExitRules(200)) - AtleastOneDatanodeReportedRule rule is successfully validated
2023-03-29 21:18:38,205 [IPC Server handler 1 on default port 41797] INFO  net.NetworkTopologyImpl (NetworkTopologyImpl.java:add(112)) - Added a new node: /default-rack/dee73a76-5b7c-4518-85e5-022f097c94ce
2023-03-29 21:18:38,205 [IPC Server handler 1 on default port 41797] INFO  node.SCMNodeManager (SCMNodeManager.java:register(404)) - Registered Data node : dee73a76-5b7c-4518-85e5-022f097c94ce{ip: 10.1.0.17, host: fv-az308-773, ports: [REPLICATION=41785, RATIS=40537, RATIS_ADMIN=40537, RATIS_SERVER=40537, RATIS_DATASTREAM=43583, STANDALONE=34075], networkLocation: /default-rack, certSerialId: null, persistedOpState: null, persistedOpStateExpiryEpochSec: 0}
2023-03-29 21:18:38,206 [EventQueue-NodeRegistrationContainerReportForDataNodeSafeModeRule] INFO  safemode.SCMSafeModeManager (DataNodeSafeModeRule.java:process(71)) - SCM in safe mode. 2 DataNodes registered, 3 required.
2023-03-29 21:18:38,206 [EventQueue-NewNodeForNewNodeHandler] INFO  pipeline.BackgroundPipelineCreator (BackgroundPipelineCreator.java:notifyEventTriggered(276)) - trigger a one-shot run on RatisPipelineUtilsThread.
2023-03-29 21:18:38,207 [RatisPipelineUtilsThread - 0] INFO  pipeline.RatisPipelineProvider (RatisPipelineProvider.java:lambda$create$0(206)) - Sending CreatePipelineCommand for pipeline:PipelineID=3adc2bab-eb7f-4d32-8f85-8031f004ae47 to datanode:dee73a76-5b7c-4518-85e5-022f097c94ce
2023-03-29 21:18:38,207 [RatisPipelineUtilsThread - 0] INFO  pipeline.PipelineStateManagerImpl (PipelineStateManagerImpl.java:addPipeline(103)) - Created pipeline Pipeline[ Id: 3adc2bab-eb7f-4d32-8f85-8031f004ae47, Nodes: dee73a76-5b7c-4518-85e5-022f097c94ce(fv-az308-773/10.1.0.17), ReplicationConfig: RATIS/ONE, State:ALLOCATED, leaderId:, CreationTimestamp2023-03-29T21:18:38.207Z[Etc/UTC]].
2023-03-29 21:18:38,515 [Listener at 127.0.0.1/44447] INFO  ozone.MiniOzoneClusterImpl (MiniOzoneClusterImpl.java:lambda$waitForClusterToBeReady$0(222)) - Waiting for nodes to be ready. Got 2 of 3 DN Heartbeats.
2023-03-29 21:18:38,515 [Listener at 127.0.0.1/44447] INFO  ozone.MiniOzoneClusterImpl (MiniOzoneClusterImpl.java:lambda$waitForClusterToBeReady$0(225)) - Waiting for cluster to exit safe mode
2023-03-29 21:18:38,515 [Listener at 127.0.0.1/44447] INFO  ozone.MiniOzoneClusterImpl (MiniOzoneClusterImpl.java:lambda$waitForClusterToBeReady$0(227)) - SCM became leader
2023-03-29 21:18:38,518 [IPC Server handler 2 on default port 41797] INFO  net.NetworkTopologyImpl (NetworkTopologyImpl.java:add(112)) - Added a new node: /default-rack/07ed649d-abb7-49d9-8f25-6ee2674c4cb1
2023-03-29 21:18:38,518 [IPC Server handler 2 on default port 41797] INFO  node.SCMNodeManager (SCMNodeManager.java:register(404)) - Registered Data node : 07ed649d-abb7-49d9-8f25-6ee2674c4cb1{ip: 10.1.0.17, host: fv-az308-773, ports: [REPLICATION=43061, RATIS=37627, RATIS_ADMIN=37627, RATIS_SERVER=37627, RATIS_DATASTREAM=41833, STANDALONE=39949], networkLocation: /default-rack, certSerialId: null, persistedOpState: null, persistedOpStateExpiryEpochSec: 0}
2023-03-29 21:18:38,519 [EventQueue-NewNodeForNewNodeHandler] INFO  pipeline.BackgroundPipelineCreator (BackgroundPipelineCreator.java:notifyEventTriggered(276)) - trigger a one-shot run on RatisPipelineUtilsThread.
2023-03-29 21:18:38,519 [RatisPipelineUtilsThread - 0] INFO  pipeline.RatisPipelineProvider (RatisPipelineProvider.java:lambda$create$0(206)) - Sending CreatePipelineCommand for pipeline:PipelineID=de29d18c-2491-4a2d-88d2-872cd173240f to datanode:07ed649d-abb7-49d9-8f25-6ee2674c4cb1
2023-03-29 21:18:38,519 [EventQueue-NodeRegistrationContainerReportForDataNodeSafeModeRule] INFO  safemode.SCMSafeModeManager (DataNodeSafeModeRule.java:process(71)) - SCM in safe mode. 3 DataNodes registered, 3 required.
2023-03-29 21:18:38,519 [EventQueue-NodeRegistrationContainerReportForDataNodeSafeModeRule] INFO  safemode.SCMSafeModeManager (SCMSafeModeManager.java:validateSafeModeExitRules(200)) - DataNodeSafeModeRule rule is successfully validated
2023-03-29 21:18:38,519 [EventQueue-NodeRegistrationContainerReportForDataNodeSafeModeRule] INFO  safemode.SCMSafeModeManager (SCMSafeModeManager.java:completePreCheck(229)) - All SCM safe mode pre check rules have passed
2023-03-29 21:18:38,519 [EventQueue-NodeRegistrationContainerReportForDataNodeSafeModeRule] INFO  ha.SCMContext (SCMContext.java:updateSafeModeStatus(228)) - Update SafeModeStatus from SafeModeStatus{safeModeStatus=true, preCheckPassed=false} to SafeModeStatus{safeModeStatus=true, preCheckPassed=true}.
2023-03-29 21:18:38,519 [EventQueue-NodeRegistrationContainerReportForDataNodeSafeModeRule] INFO  pipeline.BackgroundPipelineCreator (BackgroundPipelineCreator.java:notifyEventTriggered(276)) - trigger a one-shot run on RatisPipelineUtilsThread.
2023-03-29 21:18:38,519 [RatisPipelineUtilsThread - 0] INFO  pipeline.PipelineStateManagerImpl (PipelineStateManagerImpl.java:addPipeline(103)) - Created pipeline Pipeline[ Id: de29d18c-2491-4a2d-88d2-872cd173240f, Nodes: 07ed649d-abb7-49d9-8f25-6ee2674c4cb1(fv-az308-773/10.1.0.17), ReplicationConfig: RATIS/ONE, State:ALLOCATED, leaderId:, CreationTimestamp2023-03-29T21:18:38.519Z[Etc/UTC]].
2023-03-29 21:18:38,520 [RatisPipelineUtilsThread - 0] INFO  pipeline.RatisPipelineProvider (RatisPipelineProvider.java:lambda$create$0(206)) - Sending CreatePipelineCommand for pipeline:PipelineID=f70a423f-fbe9-4e14-a9bf-eeebf4493268 to datanode:07ed649d-abb7-49d9-8f25-6ee2674c4cb1
2023-03-29 21:18:38,520 [RatisPipelineUtilsThread - 0] INFO  pipeline.RatisPipelineProvider (RatisPipelineProvider.java:lambda$create$0(206)) - Sending CreatePipelineCommand for pipeline:PipelineID=f70a423f-fbe9-4e14-a9bf-eeebf4493268 to datanode:dee73a76-5b7c-4518-85e5-022f097c94ce
2023-03-29 21:18:38,520 [RatisPipelineUtilsThread - 0] INFO  pipeline.RatisPipelineProvider (RatisPipelineProvider.java:lambda$create$0(206)) - Sending CreatePipelineCommand for pipeline:PipelineID=f70a423f-fbe9-4e14-a9bf-eeebf4493268 to datanode:306f285f-d174-4f26-bb71-a6ae1f938ea0
2023-03-29 21:18:38,520 [RatisPipelineUtilsThread - 0] INFO  pipeline.PipelineStateManagerImpl (PipelineStateManagerImpl.java:addPipeline(103)) - Created pipeline Pipeline[ Id: f70a423f-fbe9-4e14-a9bf-eeebf4493268, Nodes: 07ed649d-abb7-49d9-8f25-6ee2674c4cb1(fv-az308-773/10.1.0.17)dee73a76-5b7c-4518-85e5-022f097c94ce(fv-az308-773/10.1.0.17)306f285f-d174-4f26-bb71-a6ae1f938ea0(fv-az308-773/10.1.0.17), ReplicationConfig: RATIS/THREE, State:ALLOCATED, leaderId:, CreationTimestamp2023-03-29T21:18:38.520Z[Etc/UTC]].
2023-03-29 21:18:38,522 [RatisPipelineUtilsThread - 0] INFO  pipeline.RatisPipelineProvider (RatisPipelineProvider.java:lambda$create$0(206)) - Sending CreatePipelineCommand for pipeline:PipelineID=2da4b6fb-de94-4e4b-bab0-412071db214b to datanode:dee73a76-5b7c-4518-85e5-022f097c94ce
2023-03-29 21:18:38,522 [RatisPipelineUtilsThread - 0] INFO  pipeline.RatisPipelineProvider (RatisPipelineProvider.java:lambda$create$0(206)) - Sending CreatePipelineCommand for pipeline:PipelineID=2da4b6fb-de94-4e4b-bab0-412071db214b to datanode:07ed649d-abb7-49d9-8f25-6ee2674c4cb1
2023-03-29 21:18:38,522 [RatisPipelineUtilsThread - 0] INFO  pipeline.RatisPipelineProvider (RatisPipelineProvider.java:lambda$create$0(206)) - Sending CreatePipelineCommand for pipeline:PipelineID=2da4b6fb-de94-4e4b-bab0-412071db214b to datanode:306f285f-d174-4f26-bb71-a6ae1f938ea0
2023-03-29 21:18:38,523 [RatisPipelineUtilsThread - 0] INFO  pipeline.PipelineStateManagerImpl (PipelineStateManagerImpl.java:addPipeline(103)) - Created pipeline Pipeline[ Id: 2da4b6fb-de94-4e4b-bab0-412071db214b, Nodes: dee73a76-5b7c-4518-85e5-022f097c94ce(fv-az308-773/10.1.0.17)07ed649d-abb7-49d9-8f25-6ee2674c4cb1(fv-az308-773/10.1.0.17)306f285f-d174-4f26-bb71-a6ae1f938ea0(fv-az308-773/10.1.0.17), ReplicationConfig: RATIS/THREE, State:ALLOCATED, leaderId:, CreationTimestamp2023-03-29T21:18:38.522Z[Etc/UTC]].
2023-03-29 21:18:38,523 [RatisPipelineUtilsThread - 0] INFO  pipeline.PipelineManagerImpl (PipelineManagerImpl.java:recordMetricsForPipeline(826)) - Pipeline: PipelineID=2da4b6fb-de94-4e4b-bab0-412071db214b contains same datanodes as previous pipelines: PipelineID=f70a423f-fbe9-4e14-a9bf-eeebf4493268 nodeIds: dee73a76-5b7c-4518-85e5-022f097c94ce, 07ed649d-abb7-49d9-8f25-6ee2674c4cb1, 306f285f-d174-4f26-bb71-a6ae1f938ea0
2023-03-29 21:18:38,523 [RatisPipelineUtilsThread - 0] WARN  pipeline.PipelinePlacementPolicy (PipelinePlacementPolicy.java:filterViableNodes(160)) - Pipeline creation failed due to no sufficient healthy datanodes. Required 3. Found 0. Excluded 3.
2023-03-29 21:18:38,524 [RatisPipelineUtilsThread - 0] WARN  pipeline.PipelinePlacementPolicy (PipelinePlacementPolicy.java:filterViableNodes(160)) - Pipeline creation failed due to no sufficient healthy datanodes. Required 3. Found 0. Excluded 3.
2023-03-29 21:18:39,516 [Listener at 127.0.0.1/44447] INFO  ozone.MiniOzoneClusterImpl (MiniOzoneClusterImpl.java:lambda$waitForClusterToBeReady$0(222)) - Nodes are ready. Got 3 of 3 DN Heartbeats.
2023-03-29 21:18:39,516 [Listener at 127.0.0.1/44447] INFO  ozone.MiniOzoneClusterImpl (MiniOzoneClusterImpl.java:lambda$waitForClusterToBeReady$0(225)) - Waiting for cluster to exit safe mode
2023-03-29 21:18:39,516 [Listener at 127.0.0.1/44447] INFO  ozone.MiniOzoneClusterImpl (MiniOzoneClusterImpl.java:lambda$waitForClusterToBeReady$0(227)) - SCM became leader
2023-03-29 21:18:40,516 [Listener at 127.0.0.1/44447] INFO  ozone.MiniOzoneClusterImpl (MiniOzoneClusterImpl.java:lambda$waitForClusterToBeReady$0(222)) - Nodes are ready. Got 3 of 3 DN Heartbeats.
2023-03-29 21:18:40,516 [Listener at 127.0.0.1/44447] INFO  ozone.MiniOzoneClusterImpl (MiniOzoneClusterImpl.java:lambda$waitForClusterToBeReady$0(225)) - Waiting for cluster to exit safe mode
2023-03-29 21:18:40,516 [Listener at 127.0.0.1/44447] INFO  ozone.MiniOzoneClusterImpl (MiniOzoneClusterImpl.java:lambda$waitForClusterToBeReady$0(227)) - SCM became leader
2023-03-29 21:18:40,853 [Command processor thread] INFO  server.RaftServer (RaftServerProxy.java:addNew(96)) - 306f285f-d174-4f26-bb71-a6ae1f938ea0: addNew group-8CC9C4EAD960:[306f285f-d174-4f26-bb71-a6ae1f938ea0|rpc:10.1.0.17:45957|dataStream:10.1.0.17:32955|priority:1|startupRole:FOLLOWER] returns group-8CC9C4EAD960:java.util.concurrent.CompletableFuture@52154ea4[Not completed]
2023-03-29 21:18:40,854 [pool-890-thread-1] INFO  server.RaftServer$Division (RaftServerImpl.java:<init>(195)) - 306f285f-d174-4f26-bb71-a6ae1f938ea0: new RaftServerImpl for group-8CC9C4EAD960:[306f285f-d174-4f26-bb71-a6ae1f938ea0|rpc:10.1.0.17:45957|dataStream:10.1.0.17:32955|priority:1|startupRole:FOLLOWER] with ContainerStateMachine:uninitialized
2023-03-29 21:18:40,854 [pool-890-thread-1] INFO  server.RaftServerConfigKeys (ConfUtils.java:logGet(46)) - raft.server.rpc.timeout.min = 5s (custom)
2023-03-29 21:18:40,854 [pool-890-thread-1] INFO  server.RaftServerConfigKeys (ConfUtils.java:logGet(46)) - raft.server.rpc.timeout.max = 5200ms (custom)
2023-03-29 21:18:40,854 [pool-890-thread-1] INFO  server.RaftServerConfigKeys (ConfUtils.java:logGet(46)) - raft.server.rpc.sleep.time = 25ms (default)
2023-03-29 21:18:40,855 [pool-890-thread-1] INFO  server.RaftServerConfigKeys (ConfUtils.java:logGet(46)) - raft.server.rpc.slowness.timeout = 300s (custom)
2023-03-29 21:18:40,855 [pool-890-thread-1] INFO  server.RaftServerConfigKeys (ConfUtils.java:logGet(46)) - raft.server.leaderelection.leader.step-down.wait-time = 10s (default)
2023-03-29 21:18:40,855 [pool-890-thread-1] INFO  server.RaftServerConfigKeys (ConfUtils.java:logGet(46)) - raft.server.sleep.deviation.threshold = 300ms (default)
2023-03-29 21:18:40,855 [pool-890-thread-1] INFO  server.RaftServer$Division (ServerState.java:<init>(118)) - 306f285f-d174-4f26-bb71-a6ae1f938ea0@group-8CC9C4EAD960: ConfigurationManager, init=-1: peers:[306f285f-d174-4f26-bb71-a6ae1f938ea0|rpc:10.1.0.17:45957|dataStream:10.1.0.17:32955|priority:1|startupRole:FOLLOWER]|listeners:[], old=null, confs=<EMPTY_MAP>
2023-03-29 21:18:40,855 [pool-890-thread-1] INFO  server.RaftServerConfigKeys (ConfUtils.java:logGet(46)) - raft.server.storage.dir = [/home/runner/work/ozone/ozone/hadoop-ozone/integration-test/target/test-dir/MiniOzoneClusterImpl-81c774c4-8c24-4526-9b8e-41dc3c8fdf7d/datanode-0/data/ratis] (custom)
2023-03-29 21:18:40,855 [pool-890-thread-1] INFO  server.RaftServerConfigKeys (ConfUtils.java:logGet(46)) - raft.server.log.corruption.policy = EXCEPTION (default)
2023-03-29 21:18:40,855 [pool-890-thread-1] INFO  server.RaftServerConfigKeys (ConfUtils.java:logGet(46)) - raft.server.storage.free-space.min = 0MB (=0) (default)
2023-03-29 21:18:40,855 [pool-890-thread-1] INFO  server.RaftServerConfigKeys (ConfUtils.java:logGet(46)) - raft.server.notification.no-leader.timeout = 300s (custom)
2023-03-29 21:18:40,855 [pool-890-thread-1] INFO  server.RaftServerConfigKeys (ConfUtils.java:logGet(46)) - raft.server.retrycache.expirytime = 600000ms (custom)
2023-03-29 21:18:40,855 [pool-890-thread-1] INFO  server.RaftServerConfigKeys (ConfUtils.java:logGet(46)) - raft.server.retrycache.statistics.expirytime = 100μs (default)
2023-03-29 21:18:40,856 [pool-890-thread-1] INFO  server.RaftServerConfigKeys (ConfUtils.java:logGet(46)) - raft.server.log.appender.install.snapshot.enabled = false (custom)
2023-03-29 21:18:40,856 [pool-890-thread-1] INFO  server.RaftServerConfigKeys (ConfUtils.java:logGet(46)) - raft.server.threadpool.server.cached = true (default)
2023-03-29 21:18:40,856 [pool-890-thread-1] INFO  server.RaftServerConfigKeys (ConfUtils.java:logGet(46)) - raft.server.threadpool.server.size = 0 (default)
2023-03-29 21:18:40,856 [pool-890-thread-1] INFO  server.RaftServerConfigKeys (ConfUtils.java:logGet(46)) - raft.server.threadpool.client.cached = true (default)
2023-03-29 21:18:40,856 [pool-890-thread-1] INFO  server.RaftServerConfigKeys (ConfUtils.java:logGet(46)) - raft.server.threadpool.client.size = 0 (default)
2023-03-29 21:18:40,856 [pool-890-thread-1] INFO  storage.RaftStorageDirectory (RaftStorageDirectoryImpl.java:analyzeStorage(137)) - The storage directory /home/runner/work/ozone/ozone/hadoop-ozone/integration-test/target/test-dir/MiniOzoneClusterImpl-81c774c4-8c24-4526-9b8e-41dc3c8fdf7d/datanode-0/data/ratis/e788ac12-2af6-445e-9de4-8cc9c4ead960 does not exist. Creating ...
2023-03-29 21:18:40,857 [pool-890-thread-1] INFO  storage.RaftStorageDirectory (RaftStorageDirectoryImpl.java:tryLock(231)) - Lock on /home/runner/work/ozone/ozone/hadoop-ozone/integration-test/target/test-dir/MiniOzoneClusterImpl-81c774c4-8c24-4526-9b8e-41dc3c8fdf7d/datanode-0/data/ratis/e788ac12-2af6-445e-9de4-8cc9c4ead960/in_use.lock acquired by nodename 46426@fv-az308-773
2023-03-29 21:18:40,858 [pool-890-thread-1] INFO  storage.RaftStorage (RaftStorageImpl.java:format(96)) - Storage directory /home/runner/work/ozone/ozone/hadoop-ozone/integration-test/target/test-dir/MiniOzoneClusterImpl-81c774c4-8c24-4526-9b8e-41dc3c8fdf7d/datanode-0/data/ratis/e788ac12-2af6-445e-9de4-8cc9c4ead960 has been successfully formatted.
2023-03-29 21:18:40,859 [pool-890-thread-1] INFO  ratis.ContainerStateMachine (ContainerStateMachine.java:loadSnapshot(262)) - group-8CC9C4EAD960: The snapshot info is null. Setting the last applied indexto:(t:0, i:~)
2023-03-29 21:18:40,859 [pool-890-thread-1] INFO  server.RaftServerConfigKeys (ConfUtils.java:logGet(46)) - raft.server.log.use.memory = false (default)
2023-03-29 21:18:40,859 [pool-890-thread-1] INFO  server.RaftServerConfigKeys (ConfUtils.java:logGet(46)) - raft.server.log.purge.gap = 1000000 (custom)
2023-03-29 21:18:40,859 [pool-890-thread-1] INFO  server.RaftServerConfigKeys (ConfUtils.java:logGet(46)) - raft.server.log.appender.buffer.byte-limit = 33554432 (custom)
2023-03-29 21:18:40,859 [pool-890-thread-1] INFO  server.RaftServerConfigKeys (ConfUtils.java:logGet(46)) - raft.server.log.statemachine.data.read.timeout = 1000ms (default)
2023-03-29 21:18:40,860 [pool-890-thread-1] INFO  server.RaftServerConfigKeys (ConfUtils.java:logGet(46)) - raft.server.log.purge.preservation.log.num = 0 (default)
2023-03-29 21:18:40,860 [pool-890-thread-1] INFO  server.RaftServerConfigKeys (ConfUtils.java:logGet(46)) - raft.server.log.segment.size.max = 1048576 (custom)
2023-03-29 21:18:40,860 [pool-890-thread-1] INFO  server.RaftServerConfigKeys (ConfUtils.java:logGet(46)) - raft.server.log.segment.cache.num.max = 2 (custom)
2023-03-29 21:18:40,860 [pool-890-thread-1] INFO  server.RaftServerConfigKeys (ConfUtils.java:logGet(46)) - raft.server.log.segment.cache.size.max = 200MB (=209715200) (default)
2023-03-29 21:18:40,860 [pool-890-thread-1] INFO  segmented.SegmentedRaftLogWorker (SegmentedRaftLogWorker.java:<init>(189)) - new 306f285f-d174-4f26-bb71-a6ae1f938ea0@group-8CC9C4EAD960-SegmentedRaftLogWorker for RaftStorageImpl:Storage Directory /home/runner/work/ozone/ozone/hadoop-ozone/integration-test/target/test-dir/MiniOzoneClusterImpl-81c774c4-8c24-4526-9b8e-41dc3c8fdf7d/datanode-0/data/ratis/e788ac12-2af6-445e-9de4-8cc9c4ead960
2023-03-29 21:18:40,860 [pool-890-thread-1] INFO  server.RaftServerConfigKeys (ConfUtils.java:logGet(46)) - raft.server.log.queue.byte-limit = 4294967296 (custom)
2023-03-29 21:18:40,860 [pool-890-thread-1] INFO  server.RaftServerConfigKeys (ConfUtils.java:logGet(46)) - raft.server.log.queue.element-limit = 1024 (custom)
2023-03-29 21:18:40,860 [pool-890-thread-1] INFO  server.RaftServerConfigKeys (ConfUtils.java:logGet(46)) - raft.server.log.segment.size.max = 1048576 (custom)
2023-03-29 21:18:40,860 [EventQueue-PipelineReportForPipelineReportHandler] INFO  pipeline.PipelineManagerImpl (PipelineManagerImpl.java:openPipeline(367)) - Pipeline Pipeline[ Id: e788ac12-2af6-445e-9de4-8cc9c4ead960, Nodes: 306f285f-d174-4f26-bb71-a6ae1f938ea0(fv-az308-773/10.1.0.17), ReplicationConfig: RATIS/ONE, State:ALLOCATED, leaderId:306f285f-d174-4f26-bb71-a6ae1f938ea0, CreationTimestamp2023-03-29T21:18:37.858Z[Etc/UTC]] moved to OPEN state
2023-03-29 21:18:40,860 [pool-890-thread-1] INFO  server.RaftServerConfigKeys (ConfUtils.java:logGet(46)) - raft.server.log.preallocated.size = 16384 (custom)
2023-03-29 21:18:40,861 [pool-890-thread-1] INFO  server.RaftServerConfigKeys (ConfUtils.java:logGet(46)) - raft.server.log.force.sync.num = 128 (default)
2023-03-29 21:18:40,861 [pool-890-thread-1] INFO  server.RaftServerConfigKeys (ConfUtils.java:logGet(46)) - raft.server.log.statemachine.data.sync = true (default)
2023-03-29 21:18:40,861 [pool-890-thread-1] INFO  server.RaftServerConfigKeys (ConfUtils.java:logGet(46)) - raft.server.log.statemachine.data.sync.timeout = 10s (default)
2023-03-29 21:18:40,861 [pool-890-thread-1] INFO  server.RaftServerConfigKeys (ConfUtils.java:logGet(46)) - raft.server.log.statemachine.data.sync.timeout.retry = -1 (default)
2023-03-29 21:18:40,862 [EventQueue-OpenPipelineForHealthyPipelineSafeModeRule] INFO  safemode.SCMSafeModeManager (HealthyPipelineSafeModeRule.java:process(137)) - SCM in safe mode. Healthy pipelines reported count is 0, required healthy pipeline reported count is 1
2023-03-29 21:18:40,862 [pool-890-thread-1] INFO  server.RaftServerConfigKeys (ConfUtils.java:logGet(46)) - raft.server.log.write.buffer.size = 1048576 (custom)
2023-03-29 21:18:40,863 [pool-890-thread-1] INFO  server.RaftServerConfigKeys (ConfUtils.java:logGet(46)) - raft.server.log.appender.buffer.byte-limit = 33554432 (custom)
2023-03-29 21:18:40,867 [pool-890-thread-1] INFO  server.RaftServerConfigKeys (ConfUtils.java:logGet(46)) - raft.server.log.unsafe-flush.enabled = false (default)
2023-03-29 21:18:40,867 [pool-890-thread-1] INFO  server.RaftServerConfigKeys (ConfUtils.java:logGet(46)) - raft.server.log.async-flush.enabled = false (default)
2023-03-29 21:18:40,868 [pool-890-thread-1] INFO  server.RaftServerConfigKeys (ConfUtils.java:logGet(46)) - raft.server.log.statemachine.data.caching.enabled = true (custom)
2023-03-29 21:18:40,868 [pool-890-thread-1] INFO  segmented.SegmentedRaftLogWorker (SegmentedRaftLogWorker.java:lambda$new$0(135)) - 306f285f-d174-4f26-bb71-a6ae1f938ea0@group-8CC9C4EAD960-SegmentedRaftLogWorker: flushIndex: setUnconditionally 0 -> -1
2023-03-29 21:18:40,868 [pool-890-thread-1] INFO  segmented.SegmentedRaftLogWorker (SegmentedRaftLogWorker.java:lambda$new$0(135)) - 306f285f-d174-4f26-bb71-a6ae1f938ea0@group-8CC9C4EAD960-SegmentedRaftLogWorker: safeCacheEvictIndex: setUnconditionally 0 -> -1
2023-03-29 21:18:40,868 [pool-890-thread-1] INFO  server.RaftServer$Division (RaftServerImpl.java:start(334)) - 306f285f-d174-4f26-bb71-a6ae1f938ea0@group-8CC9C4EAD960: start as a follower, conf=-1: peers:[306f285f-d174-4f26-bb71-a6ae1f938ea0|rpc:10.1.0.17:45957|dataStream:10.1.0.17:32955|priority:1|startupRole:FOLLOWER]|listeners:[], old=null
2023-03-29 21:18:40,868 [pool-890-thread-1] INFO  server.RaftServer$Division (RaftServerImpl.java:setRole(321)) - 306f285f-d174-4f26-bb71-a6ae1f938ea0@group-8CC9C4EAD960: changes role from      null to FOLLOWER at term 0 for startAsFollower
2023-03-29 21:18:40,868 [pool-890-thread-1] INFO  impl.RoleInfo (RoleInfo.java:updateAndGet(139)) - 306f285f-d174-4f26-bb71-a6ae1f938ea0: start 306f285f-d174-4f26-bb71-a6ae1f938ea0@group-8CC9C4EAD960-FollowerState
2023-03-29 21:18:40,868 [pool-890-thread-1] INFO  util.JmxRegister (JmxRegister.java:tryRegister(44)) - Successfully registered JMX Bean with object name Ratis:service=RaftServer,group=group-8CC9C4EAD960,id=306f285f-d174-4f26-bb71-a6ae1f938ea0
2023-03-29 21:18:40,868 [pool-890-thread-1] INFO  server.RaftServerConfigKeys (ConfUtils.java:logGet(46)) - raft.server.snapshot.auto.trigger.enabled = true (custom)
2023-03-29 21:18:40,868 [pool-890-thread-1] INFO  server.RaftServerConfigKeys (ConfUtils.java:logGet(46)) - raft.server.snapshot.auto.trigger.threshold = 10000 (custom)
2023-03-29 21:18:40,868 [pool-890-thread-1] INFO  server.RaftServerConfigKeys (ConfUtils.java:logGet(46)) - raft.server.snapshot.retention.file.num = 5 (custom)
2023-03-29 21:18:40,869 [pool-890-thread-1] INFO  server.RaftServerConfigKeys (ConfUtils.java:logGet(46)) - raft.server.log.purge.upto.snapshot.index = false (default)
2023-03-29 21:18:40,868 [306f285f-d174-4f26-bb71-a6ae1f938ea0@group-8CC9C4EAD960-FollowerState] INFO  server.RaftServerConfigKeys (ConfUtils.java:logFallback(53)) - raft.server.rpc.first-election.timeout.min = 5s (fallback to raft.server.rpc.timeout.min)
2023-03-29 21:18:40,869 [306f285f-d174-4f26-bb71-a6ae1f938ea0@group-8CC9C4EAD960-FollowerState] INFO  server.RaftServerConfigKeys (ConfUtils.java:logFallback(53)) - raft.server.rpc.first-election.timeout.max = 5200ms (fallback to raft.server.rpc.timeout.max)
2023-03-29 21:18:40,869 [Command processor thread] INFO  ratis.XceiverServerRatis (XceiverServerRatis.java:addGroup(806)) - Created group PipelineID=e788ac12-2af6-445e-9de4-8cc9c4ead960
2023-03-29 21:18:40,869 [Command processor thread] INFO  commandhandler.CreatePipelineCommandHandler (CreatePipelineCommandHandler.java:handle(113)) - Created Pipeline RATIS ONE PipelineID=e788ac12-2af6-445e-9de4-8cc9c4ead960.
2023-03-29 21:18:40,869 [Command processor thread] INFO  server.RaftServer (RaftServerProxy.java:addNew(96)) - 306f285f-d174-4f26-bb71-a6ae1f938ea0: addNew group-EEEBF4493268:[07ed649d-abb7-49d9-8f25-6ee2674c4cb1|rpc:10.1.0.17:37627|dataStream:10.1.0.17:41833|priority:1|startupRole:FOLLOWER, 306f285f-d174-4f26-bb71-a6ae1f938ea0|rpc:10.1.0.17:45957|dataStream:10.1.0.17:32955|priority:0|startupRole:FOLLOWER, dee73a76-5b7c-4518-85e5-022f097c94ce|rpc:10.1.0.17:40537|dataStream:10.1.0.17:43583|priority:0|startupRole:FOLLOWER] returns group-EEEBF4493268:java.util.concurrent.CompletableFuture@562ac03e[Not completed]
2023-03-29 21:18:40,870 [pool-890-thread-1] INFO  server.RaftServer$Division (RaftServerImpl.java:<init>(195)) - 306f285f-d174-4f26-bb71-a6ae1f938ea0: new RaftServerImpl for group-EEEBF4493268:[07ed649d-abb7-49d9-8f25-6ee2674c4cb1|rpc:10.1.0.17:37627|dataStream:10.1.0.17:41833|priority:1|startupRole:FOLLOWER, 306f285f-d174-4f26-bb71-a6ae1f938ea0|rpc:10.1.0.17:45957|dataStream:10.1.0.17:32955|priority:0|startupRole:FOLLOWER, dee73a76-5b7c-4518-85e5-022f097c94ce|rpc:10.1.0.17:40537|dataStream:10.1.0.17:43583|priority:0|startupRole:FOLLOWER] with ContainerStateMachine:uninitialized
2023-03-29 21:18:40,870 [pool-890-thread-1] INFO  server.RaftServerConfigKeys (ConfUtils.java:logGet(46)) - raft.server.rpc.timeout.min = 5s (custom)
2023-03-29 21:18:40,870 [pool-890-thread-1] INFO  server.RaftServerConfigKeys (ConfUtils.java:logGet(46)) - raft.server.rpc.timeout.max = 5200ms (custom)
2023-03-29 21:18:40,870 [pool-890-thread-1] INFO  server.RaftServerConfigKeys (ConfUtils.java:logGet(46)) - raft.server.rpc.sleep.time = 25ms (default)
2023-03-29 21:18:40,870 [pool-890-thread-1] INFO  server.RaftServerConfigKeys (ConfUtils.java:logGet(46)) - raft.server.rpc.slowness.timeout = 300s (custom)
2023-03-29 21:18:40,870 [pool-890-thread-1] INFO  server.RaftServerConfigKeys (ConfUtils.java:logGet(46)) - raft.server.leaderelection.leader.step-down.wait-time = 10s (default)
2023-03-29 21:18:40,870 [pool-890-thread-1] INFO  server.RaftServerConfigKeys (ConfUtils.java:logGet(46)) - raft.server.sleep.deviation.threshold = 300ms (default)
2023-03-29 21:18:40,870 [pool-890-thread-1] INFO  server.RaftServer$Division (ServerState.java:<init>(118)) - 306f285f-d174-4f26-bb71-a6ae1f938ea0@group-EEEBF4493268: ConfigurationManager, init=-1: peers:[07ed649d-abb7-49d9-8f25-6ee2674c4cb1|rpc:10.1.0.17:37627|dataStream:10.1.0.17:41833|priority:1|startupRole:FOLLOWER, 306f285f-d174-4f26-bb71-a6ae1f938ea0|rpc:10.1.0.17:45957|dataStream:10.1.0.17:32955|priority:0|startupRole:FOLLOWER, dee73a76-5b7c-4518-85e5-022f097c94ce|rpc:10.1.0.17:40537|dataStream:10.1.0.17:43583|priority:0|startupRole:FOLLOWER]|listeners:[], old=null, confs=<EMPTY_MAP>
2023-03-29 21:18:40,871 [pool-890-thread-1] INFO  server.RaftServerConfigKeys (ConfUtils.java:logGet(46)) - raft.server.storage.dir = [/home/runner/work/ozone/ozone/hadoop-ozone/integration-test/target/test-dir/MiniOzoneClusterImpl-81c774c4-8c24-4526-9b8e-41dc3c8fdf7d/datanode-0/data/ratis] (custom)
2023-03-29 21:18:40,871 [pool-890-thread-1] INFO  server.RaftServerConfigKeys (ConfUtils.java:logGet(46)) - raft.server.log.corruption.policy = EXCEPTION (default)
2023-03-29 21:18:40,871 [pool-890-thread-1] INFO  server.RaftServerConfigKeys (ConfUtils.java:logGet(46)) - raft.server.storage.free-space.min = 0MB (=0) (default)
2023-03-29 21:18:40,871 [pool-890-thread-1] INFO  server.RaftServerConfigKeys (ConfUtils.java:logGet(46)) - raft.server.notification.no-leader.timeout = 300s (custom)
2023-03-29 21:18:40,871 [pool-890-thread-1] INFO  server.RaftServerConfigKeys (ConfUtils.java:logGet(46)) - raft.server.retrycache.expirytime = 600000ms (custom)
2023-03-29 21:18:40,871 [pool-890-thread-1] INFO  server.RaftServerConfigKeys (ConfUtils.java:logGet(46)) - raft.server.retrycache.statistics.expirytime = 100μs (default)
2023-03-29 21:18:40,871 [pool-890-thread-1] INFO  server.RaftServerConfigKeys (ConfUtils.java:logGet(46)) - raft.server.log.appender.install.snapshot.enabled = false (custom)
2023-03-29 21:18:40,871 [pool-890-thread-1] INFO  server.RaftServerConfigKeys (ConfUtils.java:logGet(46)) - raft.server.threadpool.server.cached = true (default)
2023-03-29 21:18:40,872 [pool-890-thread-1] INFO  server.RaftServerConfigKeys (ConfUtils.java:logGet(46)) - raft.server.threadpool.server.size = 0 (default)
2023-03-29 21:18:40,872 [pool-890-thread-1] INFO  server.RaftServerConfigKeys (ConfUtils.java:logGet(46)) - raft.server.threadpool.client.cached = true (default)
2023-03-29 21:18:40,872 [pool-890-thread-1] INFO  server.RaftServerConfigKeys (ConfUtils.java:logGet(46)) - raft.server.threadpool.client.size = 0 (default)
2023-03-29 21:18:40,872 [pool-890-thread-1] INFO  storage.RaftStorageDirectory (RaftStorageDirectoryImpl.java:analyzeStorage(137)) - The storage directory /home/runner/work/ozone/ozone/hadoop-ozone/integration-test/target/test-dir/MiniOzoneClusterImpl-81c774c4-8c24-4526-9b8e-41dc3c8fdf7d/datanode-0/data/ratis/f70a423f-fbe9-4e14-a9bf-eeebf4493268 does not exist. Creating ...
2023-03-29 21:18:40,874 [pool-890-thread-1] INFO  storage.RaftStorageDirectory (RaftStorageDirectoryImpl.java:tryLock(231)) - Lock on /home/runner/work/ozone/ozone/hadoop-ozone/integration-test/target/test-dir/MiniOzoneClusterImpl-81c774c4-8c24-4526-9b8e-41dc3c8fdf7d/datanode-0/data/ratis/f70a423f-fbe9-4e14-a9bf-eeebf4493268/in_use.lock acquired by nodename 46426@fv-az308-773
2023-03-29 21:18:40,875 [pool-890-thread-1] INFO  storage.RaftStorage (RaftStorageImpl.java:format(96)) - Storage directory /home/runner/work/ozone/ozone/hadoop-ozone/integration-test/target/test-dir/MiniOzoneClusterImpl-81c774c4-8c24-4526-9b8e-41dc3c8fdf7d/datanode-0/data/ratis/f70a423f-fbe9-4e14-a9bf-eeebf4493268 has been successfully formatted.
2023-03-29 21:18:40,875 [pool-890-thread-1] INFO  ratis.ContainerStateMachine (ContainerStateMachine.java:loadSnapshot(262)) - group-EEEBF4493268: The snapshot info is null. Setting the last applied indexto:(t:0, i:~)
2023-03-29 21:18:40,875 [pool-890-thread-1] INFO  server.RaftServerConfigKeys (ConfUtils.java:logGet(46)) - raft.server.log.use.memory = false (default)
2023-03-29 21:18:40,875 [pool-890-thread-1] INFO  server.RaftServerConfigKeys (ConfUtils.java:logGet(46)) - raft.server.log.purge.gap = 1000000 (custom)
2023-03-29 21:18:40,875 [pool-890-thread-1] INFO  server.RaftServerConfigKeys (ConfUtils.java:logGet(46)) - raft.server.log.appender.buffer.byte-limit = 33554432 (custom)
2023-03-29 21:18:40,876 [pool-890-thread-1] INFO  server.RaftServerConfigKeys (ConfUtils.java:logGet(46)) - raft.server.log.statemachine.data.read.timeout = 1000ms (default)
2023-03-29 21:18:40,876 [pool-890-thread-1] INFO  server.RaftServerConfigKeys (ConfUtils.java:logGet(46)) - raft.server.log.purge.preservation.log.num = 0 (default)
2023-03-29 21:18:40,876 [EventQueue-OpenPipelineForHealthyPipelineSafeModeRule] INFO  safemode.SCMSafeModeManager (HealthyPipelineSafeModeRule.java:process(137)) - SCM in safe mode. Healthy pipelines reported count is 0, required healthy pipeline reported count is 1
2023-03-29 21:18:40,877 [pool-890-thread-1] INFO  server.RaftServerConfigKeys (ConfUtils.java:logGet(46)) - raft.server.log.segment.size.max = 1048576 (custom)
2023-03-29 21:18:40,877 [pool-890-thread-1] INFO  server.RaftServerConfigKeys (ConfUtils.java:logGet(46)) - raft.server.log.segment.cache.num.max = 2 (custom)
2023-03-29 21:18:40,877 [pool-890-thread-1] INFO  server.RaftServerConfigKeys (ConfUtils.java:logGet(46)) - raft.server.log.segment.cache.size.max = 200MB (=209715200) (default)
2023-03-29 21:18:40,877 [pool-890-thread-1] INFO  segmented.SegmentedRaftLogWorker (SegmentedRaftLogWorker.java:<init>(189)) - new 306f285f-d174-4f26-bb71-a6ae1f938ea0@group-EEEBF4493268-SegmentedRaftLogWorker for RaftStorageImpl:Storage Directory /home/runner/work/ozone/ozone/hadoop-ozone/integration-test/target/test-dir/MiniOzoneClusterImpl-81c774c4-8c24-4526-9b8e-41dc3c8fdf7d/datanode-0/data/ratis/f70a423f-fbe9-4e14-a9bf-eeebf4493268
2023-03-29 21:18:40,877 [pool-890-thread-1] INFO  server.RaftServerConfigKeys (ConfUtils.java:logGet(46)) - raft.server.log.queue.byte-limit = 4294967296 (custom)
2023-03-29 21:18:40,877 [pool-890-thread-1] INFO  server.RaftServerConfigKeys (ConfUtils.java:logGet(46)) - raft.server.log.queue.element-limit = 1024 (custom)
2023-03-29 21:18:40,877 [pool-890-thread-1] INFO  server.RaftServerConfigKeys (ConfUtils.java:logGet(46)) - raft.server.log.segment.size.max = 1048576 (custom)
2023-03-29 21:18:40,877 [pool-890-thread-1] INFO  server.RaftServerConfigKeys (ConfUtils.java:logGet(46)) - raft.server.log.preallocated.size = 16384 (custom)
2023-03-29 21:18:40,877 [pool-890-thread-1] INFO  server.RaftServerConfigKeys (ConfUtils.java:logGet(46)) - raft.server.log.force.sync.num = 128 (default)
2023-03-29 21:18:40,877 [pool-890-thread-1] INFO  server.RaftServerConfigKeys (ConfUtils.java:logGet(46)) - raft.server.log.statemachine.data.sync = true (default)
2023-03-29 21:18:40,877 [pool-890-thread-1] INFO  server.RaftServerConfigKeys (ConfUtils.java:logGet(46)) - raft.server.log.statemachine.data.sync.timeout = 10s (default)
2023-03-29 21:18:40,877 [pool-890-thread-1] INFO  server.RaftServerConfigKeys (ConfUtils.java:logGet(46)) - raft.server.log.statemachine.data.sync.timeout.retry = -1 (default)
2023-03-29 21:18:40,878 [pool-890-thread-1] INFO  server.RaftServerConfigKeys (ConfUtils.java:logGet(46)) - raft.server.log.write.buffer.size = 1048576 (custom)
2023-03-29 21:18:40,878 [pool-890-thread-1] INFO  server.RaftServerConfigKeys (ConfUtils.java:logGet(46)) - raft.server.log.appender.buffer.byte-limit = 33554432 (custom)
2023-03-29 21:18:40,883 [pool-890-thread-1] INFO  server.RaftServerConfigKeys (ConfUtils.java:logGet(46)) - raft.server.log.unsafe-flush.enabled = false (default)
2023-03-29 21:18:40,883 [pool-890-thread-1] INFO  server.RaftServerConfigKeys (ConfUtils.java:logGet(46)) - raft.server.log.async-flush.enabled = false (default)
2023-03-29 21:18:40,883 [pool-890-thread-1] INFO  server.RaftServerConfigKeys (ConfUtils.java:logGet(46)) - raft.server.log.statemachine.data.caching.enabled = true (custom)
2023-03-29 21:18:40,883 [pool-890-thread-1] INFO  segmented.SegmentedRaftLogWorker (SegmentedRaftLogWorker.java:lambda$new$0(135)) - 306f285f-d174-4f26-bb71-a6ae1f938ea0@group-EEEBF4493268-SegmentedRaftLogWorker: flushIndex: setUnconditionally 0 -> -1
2023-03-29 21:18:40,883 [pool-890-thread-1] INFO  segmented.SegmentedRaftLogWorker (SegmentedRaftLogWorker.java:lambda$new$0(135)) - 306f285f-d174-4f26-bb71-a6ae1f938ea0@group-EEEBF4493268-SegmentedRaftLogWorker: safeCacheEvictIndex: setUnconditionally 0 -> -1
2023-03-29 21:18:40,883 [pool-890-thread-1] INFO  server.RaftServer$Division (RaftServerImpl.java:start(334)) - 306f285f-d174-4f26-bb71-a6ae1f938ea0@group-EEEBF4493268: start as a follower, conf=-1: peers:[07ed649d-abb7-49d9-8f25-6ee2674c4cb1|rpc:10.1.0.17:37627|dataStream:10.1.0.17:41833|priority:1|startupRole:FOLLOWER, 306f285f-d174-4f26-bb71-a6ae1f938ea0|rpc:10.1.0.17:45957|dataStream:10.1.0.17:32955|priority:0|startupRole:FOLLOWER, dee73a76-5b7c-4518-85e5-022f097c94ce|rpc:10.1.0.17:40537|dataStream:10.1.0.17:43583|priority:0|startupRole:FOLLOWER]|listeners:[], old=null
2023-03-29 21:18:40,883 [pool-890-thread-1] INFO  server.RaftServer$Division (RaftServerImpl.java:setRole(321)) - 306f285f-d174-4f26-bb71-a6ae1f938ea0@group-EEEBF4493268: changes role from      null to FOLLOWER at term 0 for startAsFollower
2023-03-29 21:18:40,883 [pool-890-thread-1] INFO  impl.RoleInfo (RoleInfo.java:updateAndGet(139)) - 306f285f-d174-4f26-bb71-a6ae1f938ea0: start 306f285f-d174-4f26-bb71-a6ae1f938ea0@group-EEEBF4493268-FollowerState
2023-03-29 21:18:40,883 [pool-890-thread-1] INFO  util.JmxRegister (JmxRegister.java:tryRegister(44)) - Successfully registered JMX Bean with object name Ratis:service=RaftServer,group=group-EEEBF4493268,id=306f285f-d174-4f26-bb71-a6ae1f938ea0
2023-03-29 21:18:40,884 [306f285f-d174-4f26-bb71-a6ae1f938ea0@group-EEEBF4493268-FollowerState] INFO  server.RaftServerConfigKeys (ConfUtils.java:logFallback(53)) - raft.server.rpc.first-election.timeout.min = 5s (fallback to raft.server.rpc.timeout.min)
2023-03-29 21:18:40,884 [pool-890-thread-1] INFO  server.RaftServerConfigKeys (ConfUtils.java:logGet(46)) - raft.server.snapshot.auto.trigger.enabled = true (custom)
2023-03-29 21:18:40,884 [306f285f-d174-4f26-bb71-a6ae1f938ea0@group-EEEBF4493268-FollowerState] INFO  server.RaftServerConfigKeys (ConfUtils.java:logFallback(53)) - raft.server.rpc.first-election.timeout.max = 5200ms (fallback to raft.server.rpc.timeout.max)
2023-03-29 21:18:40,884 [pool-890-thread-1] INFO  server.RaftServerConfigKeys (ConfUtils.java:logGet(46)) - raft.server.snapshot.auto.trigger.threshold = 10000 (custom)
2023-03-29 21:18:40,884 [pool-890-thread-1] INFO  server.RaftServerConfigKeys (ConfUtils.java:logGet(46)) - raft.server.snapshot.retention.file.num = 5 (custom)
2023-03-29 21:18:40,884 [pool-890-thread-1] INFO  server.RaftServerConfigKeys (ConfUtils.java:logGet(46)) - raft.server.log.purge.upto.snapshot.index = false (default)
2023-03-29 21:18:40,885 [Command processor thread] INFO  ratis.XceiverServerRatis (XceiverServerRatis.java:addGroup(806)) - Created group PipelineID=f70a423f-fbe9-4e14-a9bf-eeebf4493268
2023-03-29 21:18:40,906 [grpc-default-executor-0] INFO  server.RaftServer (RaftServerProxy.java:addNew(96)) - 07ed649d-abb7-49d9-8f25-6ee2674c4cb1: addNew group-EEEBF4493268:[07ed649d-abb7-49d9-8f25-6ee2674c4cb1|rpc:10.1.0.17:37627|dataStream:10.1.0.17:41833|priority:1|startupRole:FOLLOWER, 306f285f-d174-4f26-bb71-a6ae1f938ea0|rpc:10.1.0.17:45957|dataStream:10.1.0.17:32955|priority:0|startupRole:FOLLOWER, dee73a76-5b7c-4518-85e5-022f097c94ce|rpc:10.1.0.17:40537|dataStream:10.1.0.17:43583|priority:0|startupRole:FOLLOWER] returns group-EEEBF4493268:java.util.concurrent.CompletableFuture@429bb4b4[Not completed]
2023-03-29 21:18:40,910 [pool-934-thread-1] INFO  server.RaftServer$Division (RaftServerImpl.java:<init>(195)) - 07ed649d-abb7-49d9-8f25-6ee2674c4cb1: new RaftServerImpl for group-EEEBF4493268:[07ed649d-abb7-49d9-8f25-6ee2674c4cb1|rpc:10.1.0.17:37627|dataStream:10.1.0.17:41833|priority:1|startupRole:FOLLOWER, 306f285f-d174-4f26-bb71-a6ae1f938ea0|rpc:10.1.0.17:45957|dataStream:10.1.0.17:32955|priority:0|startupRole:FOLLOWER, dee73a76-5b7c-4518-85e5-022f097c94ce|rpc:10.1.0.17:40537|dataStream:10.1.0.17:43583|priority:0|startupRole:FOLLOWER] with ContainerStateMachine:uninitialized
2023-03-29 21:18:40,910 [pool-934-thread-1] INFO  server.RaftServerConfigKeys (ConfUtils.java:logGet(46)) - raft.server.rpc.timeout.min = 5s (custom)
2023-03-29 21:18:40,910 [pool-934-thread-1] INFO  server.RaftServerConfigKeys (ConfUtils.java:logGet(46)) - raft.server.rpc.timeout.max = 5200ms (custom)
2023-03-29 21:18:40,910 [pool-934-thread-1] INFO  server.RaftServerConfigKeys (ConfUtils.java:logGet(46)) - raft.server.rpc.sleep.time = 25ms (default)
2023-03-29 21:18:40,910 [pool-934-thread-1] INFO  server.RaftServerConfigKeys (ConfUtils.java:logGet(46)) - raft.server.rpc.slowness.timeout = 300s (custom)
2023-03-29 21:18:40,910 [pool-934-thread-1] INFO  server.RaftServerConfigKeys (ConfUtils.java:logGet(46)) - raft.server.leaderelection.leader.step-down.wait-time = 10s (default)
2023-03-29 21:18:40,910 [pool-934-thread-1] INFO  server.RaftServerConfigKeys (ConfUtils.java:logGet(46)) - raft.server.sleep.deviation.threshold = 300ms (default)
2023-03-29 21:18:40,910 [pool-934-thread-1] INFO  server.RaftServer$Division (ServerState.java:<init>(118)) - 07ed649d-abb7-49d9-8f25-6ee2674c4cb1@group-EEEBF4493268: ConfigurationManager, init=-1: peers:[07ed649d-abb7-49d9-8f25-6ee2674c4cb1|rpc:10.1.0.17:37627|dataStream:10.1.0.17:41833|priority:1|startupRole:FOLLOWER, 306f285f-d174-4f26-bb71-a6ae1f938ea0|rpc:10.1.0.17:45957|dataStream:10.1.0.17:32955|priority:0|startupRole:FOLLOWER, dee73a76-5b7c-4518-85e5-022f097c94ce|rpc:10.1.0.17:40537|dataStream:10.1.0.17:43583|priority:0|startupRole:FOLLOWER]|listeners:[], old=null, confs=<EMPTY_MAP>
2023-03-29 21:18:40,910 [pool-934-thread-1] INFO  server.RaftServerConfigKeys (ConfUtils.java:logGet(46)) - raft.server.storage.dir = [/home/runner/work/ozone/ozone/hadoop-ozone/integration-test/target/test-dir/MiniOzoneClusterImpl-81c774c4-8c24-4526-9b8e-41dc3c8fdf7d/datanode-2/data/ratis] (custom)
2023-03-29 21:18:40,912 [pool-934-thread-1] INFO  server.RaftServerConfigKeys (ConfUtils.java:logGet(46)) - raft.server.log.corruption.policy = EXCEPTION (default)
2023-03-29 21:18:40,912 [pool-934-thread-1] INFO  server.RaftServerConfigKeys (ConfUtils.java:logGet(46)) - raft.server.storage.free-space.min = 0MB (=0) (default)
2023-03-29 21:18:40,912 [pool-934-thread-1] INFO  server.RaftServerConfigKeys (ConfUtils.java:logGet(46)) - raft.server.notification.no-leader.timeout = 300s (custom)
2023-03-29 21:18:40,912 [pool-934-thread-1] INFO  server.RaftServerConfigKeys (ConfUtils.java:logGet(46)) - raft.server.retrycache.expirytime = 600000ms (custom)
2023-03-29 21:18:40,912 [pool-934-thread-1] INFO  server.RaftServerConfigKeys (ConfUtils.java:logGet(46)) - raft.server.retrycache.statistics.expirytime = 100μs (default)
2023-03-29 21:18:40,912 [pool-934-thread-1] INFO  server.RaftServerConfigKeys (ConfUtils.java:logGet(46)) - raft.server.log.appender.install.snapshot.enabled = false (custom)
2023-03-29 21:18:40,912 [pool-934-thread-1] INFO  server.RaftServerConfigKeys (ConfUtils.java:logGet(46)) - raft.server.threadpool.server.cached = true (default)
2023-03-29 21:18:40,973 [pool-934-thread-1] INFO  server.RaftServerConfigKeys (ConfUtils.java:logGet(46)) - raft.server.threadpool.server.size = 0 (default)
2023-03-29 21:18:40,974 [pool-934-thread-1] INFO  server.RaftServerConfigKeys (ConfUtils.java:logGet(46)) - raft.server.threadpool.client.cached = true (default)
2023-03-29 21:18:40,974 [pool-934-thread-1] INFO  server.RaftServerConfigKeys (ConfUtils.java:logGet(46)) - raft.server.threadpool.client.size = 0 (default)
2023-03-29 21:18:40,974 [pool-934-thread-1] INFO  storage.RaftStorageDirectory (RaftStorageDirectoryImpl.java:analyzeStorage(137)) - The storage directory /home/runner/work/ozone/ozone/hadoop-ozone/integration-test/target/test-dir/MiniOzoneClusterImpl-81c774c4-8c24-4526-9b8e-41dc3c8fdf7d/datanode-2/data/ratis/f70a423f-fbe9-4e14-a9bf-eeebf4493268 does not exist. Creating ...
2023-03-29 21:18:40,977 [pool-934-thread-1] INFO  storage.RaftStorageDirectory (RaftStorageDirectoryImpl.java:tryLock(231)) - Lock on /home/runner/work/ozone/ozone/hadoop-ozone/integration-test/target/test-dir/MiniOzoneClusterImpl-81c774c4-8c24-4526-9b8e-41dc3c8fdf7d/datanode-2/data/ratis/f70a423f-fbe9-4e14-a9bf-eeebf4493268/in_use.lock acquired by nodename 46426@fv-az308-773
2023-03-29 21:18:40,980 [pool-934-thread-1] INFO  storage.RaftStorage (RaftStorageImpl.java:format(96)) - Storage directory /home/runner/work/ozone/ozone/hadoop-ozone/integration-test/target/test-dir/MiniOzoneClusterImpl-81c774c4-8c24-4526-9b8e-41dc3c8fdf7d/datanode-2/data/ratis/f70a423f-fbe9-4e14-a9bf-eeebf4493268 has been successfully formatted.
2023-03-29 21:18:40,981 [pool-934-thread-1] INFO  ratis.ContainerStateMachine (ContainerStateMachine.java:loadSnapshot(262)) - group-EEEBF4493268: The snapshot info is null. Setting the last applied indexto:(t:0, i:~)
2023-03-29 21:18:40,981 [pool-934-thread-1] INFO  server.RaftServerConfigKeys (ConfUtils.java:logGet(46)) - raft.server.log.use.memory = false (default)
2023-03-29 21:18:40,981 [pool-934-thread-1] INFO  server.RaftServerConfigKeys (ConfUtils.java:logGet(46)) - raft.server.log.purge.gap = 1000000 (custom)
2023-03-29 21:18:40,981 [pool-934-thread-1] INFO  server.RaftServerConfigKeys (ConfUtils.java:logGet(46)) - raft.server.log.appender.buffer.byte-limit = 33554432 (custom)
2023-03-29 21:18:40,981 [pool-934-thread-1] INFO  server.RaftServerConfigKeys (ConfUtils.java:logGet(46)) - raft.server.log.statemachine.data.read.timeout = 1000ms (default)
2023-03-29 21:18:40,982 [pool-934-thread-1] INFO  server.RaftServerConfigKeys (ConfUtils.java:logGet(46)) - raft.server.log.purge.preservation.log.num = 0 (default)
2023-03-29 21:18:40,982 [pool-934-thread-1] INFO  server.RaftServerConfigKeys (ConfUtils.java:logGet(46)) - raft.server.log.segment.size.max = 1048576 (custom)
2023-03-29 21:18:40,982 [pool-934-thread-1] INFO  server.RaftServerConfigKeys (ConfUtils.java:logGet(46)) - raft.server.log.segment.cache.num.max = 2 (custom)
2023-03-29 21:18:40,982 [pool-934-thread-1] INFO  server.RaftServerConfigKeys (ConfUtils.java:logGet(46)) - raft.server.log.segment.cache.size.max = 200MB (=209715200) (default)
2023-03-29 21:18:40,982 [pool-934-thread-1] INFO  segmented.SegmentedRaftLogWorker (SegmentedRaftLogWorker.java:<init>(189)) - new 07ed649d-abb7-49d9-8f25-6ee2674c4cb1@group-EEEBF4493268-SegmentedRaftLogWorker for RaftStorageImpl:Storage Directory /home/runner/work/ozone/ozone/hadoop-ozone/integration-test/target/test-dir/MiniOzoneClusterImpl-81c774c4-8c24-4526-9b8e-41dc3c8fdf7d/datanode-2/data/ratis/f70a423f-fbe9-4e14-a9bf-eeebf4493268
2023-03-29 21:18:40,982 [pool-934-thread-1] INFO  server.RaftServerConfigKeys (ConfUtils.java:logGet(46)) - raft.server.log.queue.byte-limit = 4294967296 (custom)
2023-03-29 21:18:40,982 [pool-934-thread-1] INFO  server.RaftServerConfigKeys (ConfUtils.java:logGet(46)) - raft.server.log.queue.element-limit = 1024 (custom)
2023-03-29 21:18:40,982 [pool-934-thread-1] INFO  server.RaftServerConfigKeys (ConfUtils.java:logGet(46)) - raft.server.log.segment.size.max = 1048576 (custom)
2023-03-29 21:18:40,982 [pool-934-thread-1] INFO  server.RaftServerConfigKeys (ConfUtils.java:logGet(46)) - raft.server.log.preallocated.size = 16384 (custom)
2023-03-29 21:18:40,982 [pool-934-thread-1] INFO  server.RaftServerConfigKeys (ConfUtils.java:logGet(46)) - raft.server.log.force.sync.num = 128 (default)
2023-03-29 21:18:40,982 [pool-934-thread-1] INFO  server.RaftServerConfigKeys (ConfUtils.java:logGet(46)) - raft.server.log.statemachine.data.sync = true (default)
2023-03-29 21:18:40,982 [pool-934-thread-1] INFO  server.RaftServerConfigKeys (ConfUtils.java:logGet(46)) - raft.server.log.statemachine.data.sync.timeout = 10s (default)
2023-03-29 21:18:40,983 [pool-934-thread-1] INFO  server.RaftServerConfigKeys (ConfUtils.java:logGet(46)) - raft.server.log.statemachine.data.sync.timeout.retry = -1 (default)
2023-03-29 21:18:40,985 [pool-934-thread-1] INFO  server.RaftServerConfigKeys (ConfUtils.java:logGet(46)) - raft.server.log.write.buffer.size = 1048576 (custom)
2023-03-29 21:18:40,986 [pool-934-thread-1] INFO  server.RaftServerConfigKeys (ConfUtils.java:logGet(46)) - raft.server.log.appender.buffer.byte-limit = 33554432 (custom)
2023-03-29 21:18:40,991 [pool-934-thread-1] INFO  server.RaftServerConfigKeys (ConfUtils.java:logGet(46)) - raft.server.log.unsafe-flush.enabled = false (default)
2023-03-29 21:18:40,991 [pool-934-thread-1] INFO  server.RaftServerConfigKeys (ConfUtils.java:logGet(46)) - raft.server.log.async-flush.enabled = false (default)
2023-03-29 21:18:40,991 [pool-934-thread-1] INFO  server.RaftServerConfigKeys (ConfUtils.java:logGet(46)) - raft.server.log.statemachine.data.caching.enabled = true (custom)
2023-03-29 21:18:40,991 [pool-934-thread-1] INFO  segmented.SegmentedRaftLogWorker (SegmentedRaftLogWorker.java:lambda$new$0(135)) - 07ed649d-abb7-49d9-8f25-6ee2674c4cb1@group-EEEBF4493268-SegmentedRaftLogWorker: flushIndex: setUnconditionally 0 -> -1
2023-03-29 21:18:40,991 [pool-934-thread-1] INFO  segmented.SegmentedRaftLogWorker (SegmentedRaftLogWorker.java:lambda$new$0(135)) - 07ed649d-abb7-49d9-8f25-6ee2674c4cb1@group-EEEBF4493268-SegmentedRaftLogWorker: safeCacheEvictIndex: setUnconditionally 0 -> -1
2023-03-29 21:18:40,991 [pool-934-thread-1] INFO  server.RaftServer$Division (RaftServerImpl.java:start(334)) - 07ed649d-abb7-49d9-8f25-6ee2674c4cb1@group-EEEBF4493268: start as a follower, conf=-1: peers:[07ed649d-abb7-49d9-8f25-6ee2674c4cb1|rpc:10.1.0.17:37627|dataStream:10.1.0.17:41833|priority:1|startupRole:FOLLOWER, 306f285f-d174-4f26-bb71-a6ae1f938ea0|rpc:10.1.0.17:45957|dataStream:10.1.0.17:32955|priority:0|startupRole:FOLLOWER, dee73a76-5b7c-4518-85e5-022f097c94ce|rpc:10.1.0.17:40537|dataStream:10.1.0.17:43583|priority:0|startupRole:FOLLOWER]|listeners:[], old=null
2023-03-29 21:18:40,991 [pool-934-thread-1] INFO  server.RaftServer$Division (RaftServerImpl.java:setRole(321)) - 07ed649d-abb7-49d9-8f25-6ee2674c4cb1@group-EEEBF4493268: changes role from      null to FOLLOWER at term 0 for startAsFollower
2023-03-29 21:18:40,991 [pool-934-thread-1] INFO  impl.RoleInfo (RoleInfo.java:updateAndGet(139)) - 07ed649d-abb7-49d9-8f25-6ee2674c4cb1: start 07ed649d-abb7-49d9-8f25-6ee2674c4cb1@group-EEEBF4493268-FollowerState
2023-03-29 21:18:40,993 [pool-934-thread-1] INFO  util.JmxRegister (JmxRegister.java:tryRegister(44)) - Successfully registered JMX Bean with object name Ratis:service=RaftServer,group=group-EEEBF4493268,id=07ed649d-abb7-49d9-8f25-6ee2674c4cb1
2023-03-29 21:18:40,993 [pool-934-thread-1] INFO  server.RaftServerConfigKeys (ConfUtils.java:logGet(46)) - raft.server.snapshot.auto.trigger.enabled = true (custom)
2023-03-29 21:18:40,993 [pool-934-thread-1] INFO  server.RaftServerConfigKeys (ConfUtils.java:logGet(46)) - raft.server.snapshot.auto.trigger.threshold = 10000 (custom)
2023-03-29 21:18:40,993 [pool-934-thread-1] INFO  server.RaftServerConfigKeys (ConfUtils.java:logGet(46)) - raft.server.snapshot.retention.file.num = 5 (custom)
2023-03-29 21:18:40,993 [pool-934-thread-1] INFO  server.RaftServerConfigKeys (ConfUtils.java:logGet(46)) - raft.server.log.purge.upto.snapshot.index = false (default)
2023-03-29 21:18:40,994 [07ed649d-abb7-49d9-8f25-6ee2674c4cb1@group-EEEBF4493268-FollowerState] INFO  server.RaftServerConfigKeys (ConfUtils.java:logFallback(53)) - raft.server.rpc.first-election.timeout.min = 5s (fallback to raft.server.rpc.timeout.min)
2023-03-29 21:18:40,994 [07ed649d-abb7-49d9-8f25-6ee2674c4cb1@group-EEEBF4493268-FollowerState] INFO  server.RaftServerConfigKeys (ConfUtils.java:logFallback(53)) - raft.server.rpc.first-election.timeout.max = 5200ms (fallback to raft.server.rpc.timeout.max)
2023-03-29 21:18:41,013 [grpc-default-executor-0] INFO  server.RaftServer (RaftServerProxy.java:addNew(96)) - dee73a76-5b7c-4518-85e5-022f097c94ce: addNew group-EEEBF4493268:[07ed649d-abb7-49d9-8f25-6ee2674c4cb1|rpc:10.1.0.17:37627|dataStream:10.1.0.17:41833|priority:1|startupRole:FOLLOWER, 306f285f-d174-4f26-bb71-a6ae1f938ea0|rpc:10.1.0.17:45957|dataStream:10.1.0.17:32955|priority:0|startupRole:FOLLOWER, dee73a76-5b7c-4518-85e5-022f097c94ce|rpc:10.1.0.17:40537|dataStream:10.1.0.17:43583|priority:0|startupRole:FOLLOWER] returns group-EEEBF4493268:java.util.concurrent.CompletableFuture@1d4281df[Not completed]
2023-03-29 21:18:41,014 [pool-912-thread-1] INFO  server.RaftServer$Division (RaftServerImpl.java:<init>(195)) - dee73a76-5b7c-4518-85e5-022f097c94ce: new RaftServerImpl for group-EEEBF4493268:[07ed649d-abb7-49d9-8f25-6ee2674c4cb1|rpc:10.1.0.17:37627|dataStream:10.1.0.17:41833|priority:1|startupRole:FOLLOWER, 306f285f-d174-4f26-bb71-a6ae1f938ea0|rpc:10.1.0.17:45957|dataStream:10.1.0.17:32955|priority:0|startupRole:FOLLOWER, dee73a76-5b7c-4518-85e5-022f097c94ce|rpc:10.1.0.17:40537|dataStream:10.1.0.17:43583|priority:0|startupRole:FOLLOWER] with ContainerStateMachine:uninitialized
2023-03-29 21:18:41,015 [pool-912-thread-1] INFO  server.RaftServerConfigKeys (ConfUtils.java:logGet(46)) - raft.server.rpc.timeout.min = 5s (custom)
2023-03-29 21:18:41,015 [pool-912-thread-1] INFO  server.RaftServerConfigKeys (ConfUtils.java:logGet(46)) - raft.server.rpc.timeout.max = 5200ms (custom)
2023-03-29 21:18:41,015 [pool-912-thread-1] INFO  server.RaftServerConfigKeys (ConfUtils.java:logGet(46)) - raft.server.rpc.sleep.time = 25ms (default)
2023-03-29 21:18:41,015 [pool-912-thread-1] INFO  server.RaftServerConfigKeys (ConfUtils.java:logGet(46)) - raft.server.rpc.slowness.timeout = 300s (custom)
2023-03-29 21:18:41,015 [pool-912-thread-1] INFO  server.RaftServerConfigKeys (ConfUtils.java:logGet(46)) - raft.server.leaderelection.leader.step-down.wait-time = 10s (default)
2023-03-29 21:18:41,015 [pool-912-thread-1] INFO  server.RaftServerConfigKeys (ConfUtils.java:logGet(46)) - raft.server.sleep.deviation.threshold = 300ms (default)
2023-03-29 21:18:41,015 [pool-912-thread-1] INFO  server.RaftServer$Division (ServerState.java:<init>(118)) - dee73a76-5b7c-4518-85e5-022f097c94ce@group-EEEBF4493268: ConfigurationManager, init=-1: peers:[07ed649d-abb7-49d9-8f25-6ee2674c4cb1|rpc:10.1.0.17:37627|dataStream:10.1.0.17:41833|priority:1|startupRole:FOLLOWER, 306f285f-d174-4f26-bb71-a6ae1f938ea0|rpc:10.1.0.17:45957|dataStream:10.1.0.17:32955|priority:0|startupRole:FOLLOWER, dee73a76-5b7c-4518-85e5-022f097c94ce|rpc:10.1.0.17:40537|dataStream:10.1.0.17:43583|priority:0|startupRole:FOLLOWER]|listeners:[], old=null, confs=<EMPTY_MAP>
2023-03-29 21:18:41,015 [pool-912-thread-1] INFO  server.RaftServerConfigKeys (ConfUtils.java:logGet(46)) - raft.server.storage.dir = [/home/runner/work/ozone/ozone/hadoop-ozone/integration-test/target/test-dir/MiniOzoneClusterImpl-81c774c4-8c24-4526-9b8e-41dc3c8fdf7d/datanode-1/data/ratis] (custom)
2023-03-29 21:18:41,015 [pool-912-thread-1] INFO  server.RaftServerConfigKeys (ConfUtils.java:logGet(46)) - raft.server.log.corruption.policy = EXCEPTION (default)
2023-03-29 21:18:41,015 [pool-912-thread-1] INFO  server.RaftServerConfigKeys (ConfUtils.java:logGet(46)) - raft.server.storage.free-space.min = 0MB (=0) (default)
2023-03-29 21:18:41,015 [pool-912-thread-1] INFO  server.RaftServerConfigKeys (ConfUtils.java:logGet(46)) - raft.server.notification.no-leader.timeout = 300s (custom)
2023-03-29 21:18:41,015 [pool-912-thread-1] INFO  server.RaftServerConfigKeys (ConfUtils.java:logGet(46)) - raft.server.retrycache.expirytime = 600000ms (custom)
2023-03-29 21:18:41,016 [pool-912-thread-1] INFO  server.RaftServerConfigKeys (ConfUtils.java:logGet(46)) - raft.server.retrycache.statistics.expirytime = 100μs (default)
2023-03-29 21:18:41,017 [pool-912-thread-1] INFO  server.RaftServerConfigKeys (ConfUtils.java:logGet(46)) - raft.server.log.appender.install.snapshot.enabled = false (custom)
2023-03-29 21:18:41,017 [pool-912-thread-1] INFO  server.RaftServerConfigKeys (ConfUtils.java:logGet(46)) - raft.server.threadpool.server.cached = true (default)
2023-03-29 21:18:41,017 [pool-912-thread-1] INFO  server.RaftServerConfigKeys (ConfUtils.java:logGet(46)) - raft.server.threadpool.server.size = 0 (default)
2023-03-29 21:18:41,017 [pool-912-thread-1] INFO  server.RaftServerConfigKeys (ConfUtils.java:logGet(46)) - raft.server.threadpool.client.cached = true (default)
2023-03-29 21:18:41,017 [pool-912-thread-1] INFO  server.RaftServerConfigKeys (ConfUtils.java:logGet(46)) - raft.server.threadpool.client.size = 0 (default)
2023-03-29 21:18:41,017 [pool-912-thread-1] INFO  storage.RaftStorageDirectory (RaftStorageDirectoryImpl.java:analyzeStorage(137)) - The storage directory /home/runner/work/ozone/ozone/hadoop-ozone/integration-test/target/test-dir/MiniOzoneClusterImpl-81c774c4-8c24-4526-9b8e-41dc3c8fdf7d/datanode-1/data/ratis/f70a423f-fbe9-4e14-a9bf-eeebf4493268 does not exist. Creating ...
2023-03-29 21:18:41,019 [pool-912-thread-1] INFO  storage.RaftStorageDirectory (RaftStorageDirectoryImpl.java:tryLock(231)) - Lock on /home/runner/work/ozone/ozone/hadoop-ozone/integration-test/target/test-dir/MiniOzoneClusterImpl-81c774c4-8c24-4526-9b8e-41dc3c8fdf7d/datanode-1/data/ratis/f70a423f-fbe9-4e14-a9bf-eeebf4493268/in_use.lock acquired by nodename 46426@fv-az308-773
2023-03-29 21:18:41,021 [pool-912-thread-1] INFO  storage.RaftStorage (RaftStorageImpl.java:format(96)) - Storage directory /home/runner/work/ozone/ozone/hadoop-ozone/integration-test/target/test-dir/MiniOzoneClusterImpl-81c774c4-8c24-4526-9b8e-41dc3c8fdf7d/datanode-1/data/ratis/f70a423f-fbe9-4e14-a9bf-eeebf4493268 has been successfully formatted.
2023-03-29 21:18:41,022 [pool-912-thread-1] INFO  ratis.ContainerStateMachine (ContainerStateMachine.java:loadSnapshot(262)) - group-EEEBF4493268: The snapshot info is null. Setting the last applied indexto:(t:0, i:~)
2023-03-29 21:18:41,022 [pool-912-thread-1] INFO  server.RaftServerConfigKeys (ConfUtils.java:logGet(46)) - raft.server.log.use.memory = false (default)
2023-03-29 21:18:41,023 [pool-912-thread-1] INFO  server.RaftServerConfigKeys (ConfUtils.java:logGet(46)) - raft.server.log.purge.gap = 1000000 (custom)
2023-03-29 21:18:41,023 [pool-912-thread-1] INFO  server.RaftServerConfigKeys (ConfUtils.java:logGet(46)) - raft.server.log.appender.buffer.byte-limit = 33554432 (custom)
2023-03-29 21:18:41,024 [pool-912-thread-1] INFO  server.RaftServerConfigKeys (ConfUtils.java:logGet(46)) - raft.server.log.statemachine.data.read.timeout = 1000ms (default)
2023-03-29 21:18:41,024 [pool-912-thread-1] INFO  server.RaftServerConfigKeys (ConfUtils.java:logGet(46)) - raft.server.log.purge.preservation.log.num = 0 (default)
2023-03-29 21:18:41,024 [pool-912-thread-1] INFO  server.RaftServerConfigKeys (ConfUtils.java:logGet(46)) - raft.server.log.segment.size.max = 1048576 (custom)
2023-03-29 21:18:41,024 [pool-912-thread-1] INFO  server.RaftServerConfigKeys (ConfUtils.java:logGet(46)) - raft.server.log.segment.cache.num.max = 2 (custom)
2023-03-29 21:18:41,024 [pool-912-thread-1] INFO  server.RaftServerConfigKeys (ConfUtils.java:logGet(46)) - raft.server.log.segment.cache.size.max = 200MB (=209715200) (default)
2023-03-29 21:18:41,024 [pool-912-thread-1] INFO  segmented.SegmentedRaftLogWorker (SegmentedRaftLogWorker.java:<init>(189)) - new dee73a76-5b7c-4518-85e5-022f097c94ce@group-EEEBF4493268-SegmentedRaftLogWorker for RaftStorageImpl:Storage Directory /home/runner/work/ozone/ozone/hadoop-ozone/integration-test/target/test-dir/MiniOzoneClusterImpl-81c774c4-8c24-4526-9b8e-41dc3c8fdf7d/datanode-1/data/ratis/f70a423f-fbe9-4e14-a9bf-eeebf4493268
2023-03-29 21:18:41,024 [pool-912-thread-1] INFO  server.RaftServerConfigKeys (ConfUtils.java:logGet(46)) - raft.server.log.queue.byte-limit = 4294967296 (custom)
2023-03-29 21:18:41,024 [pool-912-thread-1] INFO  server.RaftServerConfigKeys (ConfUtils.java:logGet(46)) - raft.server.log.queue.element-limit = 1024 (custom)
2023-03-29 21:18:41,024 [pool-912-thread-1] INFO  server.RaftServerConfigKeys (ConfUtils.java:logGet(46)) - raft.server.log.segment.size.max = 1048576 (custom)
2023-03-29 21:18:41,024 [pool-912-thread-1] INFO  server.RaftServerConfigKeys (ConfUtils.java:logGet(46)) - raft.server.log.preallocated.size = 16384 (custom)
2023-03-29 21:18:41,024 [pool-912-thread-1] INFO  server.RaftServerConfigKeys (ConfUtils.java:logGet(46)) - raft.server.log.force.sync.num = 128 (default)
2023-03-29 21:18:41,024 [pool-912-thread-1] INFO  server.RaftServerConfigKeys (ConfUtils.java:logGet(46)) - raft.server.log.statemachine.data.sync = true (default)
2023-03-29 21:18:41,024 [pool-912-thread-1] INFO  server.RaftServerConfigKeys (ConfUtils.java:logGet(46)) - raft.server.log.statemachine.data.sync.timeout = 10s (default)
2023-03-29 21:18:41,024 [pool-912-thread-1] INFO  server.RaftServerConfigKeys (ConfUtils.java:logGet(46)) - raft.server.log.statemachine.data.sync.timeout.retry = -1 (default)
2023-03-29 21:18:41,025 [pool-912-thread-1] INFO  server.RaftServerConfigKeys (ConfUtils.java:logGet(46)) - raft.server.log.write.buffer.size = 1048576 (custom)
2023-03-29 21:18:41,025 [pool-912-thread-1] INFO  server.RaftServerConfigKeys (ConfUtils.java:logGet(46)) - raft.server.log.appender.buffer.byte-limit = 33554432 (custom)
2023-03-29 21:18:41,030 [pool-912-thread-1] INFO  server.RaftServerConfigKeys (ConfUtils.java:logGet(46)) - raft.server.log.unsafe-flush.enabled = false (default)
2023-03-29 21:18:41,030 [pool-912-thread-1] INFO  server.RaftServerConfigKeys (ConfUtils.java:logGet(46)) - raft.server.log.async-flush.enabled = false (default)
2023-03-29 21:18:41,030 [pool-912-thread-1] INFO  server.RaftServerConfigKeys (ConfUtils.java:logGet(46)) - raft.server.log.statemachine.data.caching.enabled = true (custom)
2023-03-29 21:18:41,030 [pool-912-thread-1] INFO  segmented.SegmentedRaftLogWorker (SegmentedRaftLogWorker.java:lambda$new$0(135)) - dee73a76-5b7c-4518-85e5-022f097c94ce@group-EEEBF4493268-SegmentedRaftLogWorker: flushIndex: setUnconditionally 0 -> -1
2023-03-29 21:18:41,030 [pool-912-thread-1] INFO  segmented.SegmentedRaftLogWorker (SegmentedRaftLogWorker.java:lambda$new$0(135)) - dee73a76-5b7c-4518-85e5-022f097c94ce@group-EEEBF4493268-SegmentedRaftLogWorker: safeCacheEvictIndex: setUnconditionally 0 -> -1
2023-03-29 21:18:41,030 [pool-912-thread-1] INFO  server.RaftServer$Division (RaftServerImpl.java:start(334)) - dee73a76-5b7c-4518-85e5-022f097c94ce@group-EEEBF4493268: start as a follower, conf=-1: peers:[07ed649d-abb7-49d9-8f25-6ee2674c4cb1|rpc:10.1.0.17:37627|dataStream:10.1.0.17:41833|priority:1|startupRole:FOLLOWER, 306f285f-d174-4f26-bb71-a6ae1f938ea0|rpc:10.1.0.17:45957|dataStream:10.1.0.17:32955|priority:0|startupRole:FOLLOWER, dee73a76-5b7c-4518-85e5-022f097c94ce|rpc:10.1.0.17:40537|dataStream:10.1.0.17:43583|priority:0|startupRole:FOLLOWER]|listeners:[], old=null
2023-03-29 21:18:41,030 [pool-912-thread-1] INFO  server.RaftServer$Division (RaftServerImpl.java:setRole(321)) - dee73a76-5b7c-4518-85e5-022f097c94ce@group-EEEBF4493268: changes role from      null to FOLLOWER at term 0 for startAsFollower
2023-03-29 21:18:41,030 [pool-912-thread-1] INFO  impl.RoleInfo (RoleInfo.java:updateAndGet(139)) - dee73a76-5b7c-4518-85e5-022f097c94ce: start dee73a76-5b7c-4518-85e5-022f097c94ce@group-EEEBF4493268-FollowerState
2023-03-29 21:18:41,031 [pool-912-thread-1] INFO  util.JmxRegister (JmxRegister.java:tryRegister(44)) - Successfully registered JMX Bean with object name Ratis:service=RaftServer,group=group-EEEBF4493268,id=dee73a76-5b7c-4518-85e5-022f097c94ce
2023-03-29 21:18:41,031 [pool-912-thread-1] INFO  server.RaftServerConfigKeys (ConfUtils.java:logGet(46)) - raft.server.snapshot.auto.trigger.enabled = true (custom)
2023-03-29 21:18:41,031 [pool-912-thread-1] INFO  server.RaftServerConfigKeys (ConfUtils.java:logGet(46)) - raft.server.snapshot.auto.trigger.threshold = 10000 (custom)
2023-03-29 21:18:41,031 [pool-912-thread-1] INFO  server.RaftServerConfigKeys (ConfUtils.java:logGet(46)) - raft.server.snapshot.retention.file.num = 5 (custom)
2023-03-29 21:18:41,031 [pool-912-thread-1] INFO  server.RaftServerConfigKeys (ConfUtils.java:logGet(46)) - raft.server.log.purge.upto.snapshot.index = false (default)
2023-03-29 21:18:41,031 [dee73a76-5b7c-4518-85e5-022f097c94ce@group-EEEBF4493268-FollowerState] INFO  server.RaftServerConfigKeys (ConfUtils.java:logFallback(53)) - raft.server.rpc.first-election.timeout.min = 5s (fallback to raft.server.rpc.timeout.min)
2023-03-29 21:18:41,031 [dee73a76-5b7c-4518-85e5-022f097c94ce@group-EEEBF4493268-FollowerState] INFO  server.RaftServerConfigKeys (ConfUtils.java:logFallback(53)) - raft.server.rpc.first-election.timeout.max = 5200ms (fallback to raft.server.rpc.timeout.max)
2023-03-29 21:18:41,036 [Command processor thread] INFO  commandhandler.CreatePipelineCommandHandler (CreatePipelineCommandHandler.java:handle(113)) - Created Pipeline RATIS THREE PipelineID=f70a423f-fbe9-4e14-a9bf-eeebf4493268.
2023-03-29 21:18:41,036 [Command processor thread] INFO  server.RaftServer (RaftServerProxy.java:addNew(96)) - 306f285f-d174-4f26-bb71-a6ae1f938ea0: addNew group-412071DB214B:[07ed649d-abb7-49d9-8f25-6ee2674c4cb1|rpc:10.1.0.17:37627|dataStream:10.1.0.17:41833|priority:0|startupRole:FOLLOWER, 306f285f-d174-4f26-bb71-a6ae1f938ea0|rpc:10.1.0.17:45957|dataStream:10.1.0.17:32955|priority:0|startupRole:FOLLOWER, dee73a76-5b7c-4518-85e5-022f097c94ce|rpc:10.1.0.17:40537|dataStream:10.1.0.17:43583|priority:1|startupRole:FOLLOWER] returns group-412071DB214B:java.util.concurrent.CompletableFuture@3b76d601[Not completed]
2023-03-29 21:18:41,037 [pool-890-thread-1] INFO  server.RaftServer$Division (RaftServerImpl.java:<init>(195)) - 306f285f-d174-4f26-bb71-a6ae1f938ea0: new RaftServerImpl for group-412071DB214B:[07ed649d-abb7-49d9-8f25-6ee2674c4cb1|rpc:10.1.0.17:37627|dataStream:10.1.0.17:41833|priority:0|startupRole:FOLLOWER, 306f285f-d174-4f26-bb71-a6ae1f938ea0|rpc:10.1.0.17:45957|dataStream:10.1.0.17:32955|priority:0|startupRole:FOLLOWER, dee73a76-5b7c-4518-85e5-022f097c94ce|rpc:10.1.0.17:40537|dataStream:10.1.0.17:43583|priority:1|startupRole:FOLLOWER] with ContainerStateMachine:uninitialized
2023-03-29 21:18:41,037 [pool-890-thread-1] INFO  server.RaftServerConfigKeys (ConfUtils.java:logGet(46)) - raft.server.rpc.timeout.min = 5s (custom)
2023-03-29 21:18:41,037 [pool-890-thread-1] INFO  server.RaftServerConfigKeys (ConfUtils.java:logGet(46)) - raft.server.rpc.timeout.max = 5200ms (custom)
2023-03-29 21:18:41,037 [pool-890-thread-1] INFO  server.RaftServerConfigKeys (ConfUtils.java:logGet(46)) - raft.server.rpc.sleep.time = 25ms (default)
2023-03-29 21:18:41,037 [pool-890-thread-1] INFO  server.RaftServerConfigKeys (ConfUtils.java:logGet(46)) - raft.server.rpc.slowness.timeout = 300s (custom)
2023-03-29 21:18:41,037 [pool-890-thread-1] INFO  server.RaftServerConfigKeys (ConfUtils.java:logGet(46)) - raft.server.leaderelection.leader.step-down.wait-time = 10s (default)
2023-03-29 21:18:41,037 [pool-890-thread-1] INFO  server.RaftServerConfigKeys (ConfUtils.java:logGet(46)) - raft.server.sleep.deviation.threshold = 300ms (default)
2023-03-29 21:18:41,037 [pool-890-thread-1] INFO  server.RaftServer$Division (ServerState.java:<init>(118)) - 306f285f-d174-4f26-bb71-a6ae1f938ea0@group-412071DB214B: ConfigurationManager, init=-1: peers:[07ed649d-abb7-49d9-8f25-6ee2674c4cb1|rpc:10.1.0.17:37627|dataStream:10.1.0.17:41833|priority:0|startupRole:FOLLOWER, 306f285f-d174-4f26-bb71-a6ae1f938ea0|rpc:10.1.0.17:45957|dataStream:10.1.0.17:32955|priority:0|startupRole:FOLLOWER, dee73a76-5b7c-4518-85e5-022f097c94ce|rpc:10.1.0.17:40537|dataStream:10.1.0.17:43583|priority:1|startupRole:FOLLOWER]|listeners:[], old=null, confs=<EMPTY_MAP>
2023-03-29 21:18:41,037 [pool-890-thread-1] INFO  server.RaftServerConfigKeys (ConfUtils.java:logGet(46)) - raft.server.storage.dir = [/home/runner/work/ozone/ozone/hadoop-ozone/integration-test/target/test-dir/MiniOzoneClusterImpl-81c774c4-8c24-4526-9b8e-41dc3c8fdf7d/datanode-0/data/ratis] (custom)
2023-03-29 21:18:41,038 [pool-890-thread-1] INFO  server.RaftServerConfigKeys (ConfUtils.java:logGet(46)) - raft.server.log.corruption.policy = EXCEPTION (default)
2023-03-29 21:18:41,038 [pool-890-thread-1] INFO  server.RaftServerConfigKeys (ConfUtils.java:logGet(46)) - raft.server.storage.free-space.min = 0MB (=0) (default)
2023-03-29 21:18:41,038 [pool-890-thread-1] INFO  server.RaftServerConfigKeys (ConfUtils.java:logGet(46)) - raft.server.notification.no-leader.timeout = 300s (custom)
2023-03-29 21:18:41,038 [pool-890-thread-1] INFO  server.RaftServerConfigKeys (ConfUtils.java:logGet(46)) - raft.server.retrycache.expirytime = 600000ms (custom)
2023-03-29 21:18:41,038 [pool-890-thread-1] INFO  server.RaftServerConfigKeys (ConfUtils.java:logGet(46)) - raft.server.retrycache.statistics.expirytime = 100μs (default)
2023-03-29 21:18:41,038 [pool-890-thread-1] INFO  server.RaftServerConfigKeys (ConfUtils.java:logGet(46)) - raft.server.log.appender.install.snapshot.enabled = false (custom)
2023-03-29 21:18:41,038 [pool-890-thread-1] INFO  server.RaftServerConfigKeys (ConfUtils.java:logGet(46)) - raft.server.threadpool.server.cached = true (default)
2023-03-29 21:18:41,038 [pool-890-thread-1] INFO  server.RaftServerConfigKeys (ConfUtils.java:logGet(46)) - raft.server.threadpool.server.size = 0 (default)
2023-03-29 21:18:41,038 [pool-890-thread-1] INFO  server.RaftServerConfigKeys (ConfUtils.java:logGet(46)) - raft.server.threadpool.client.cached = true (default)
2023-03-29 21:18:41,038 [pool-890-thread-1] INFO  server.RaftServerConfigKeys (ConfUtils.java:logGet(46)) - raft.server.threadpool.client.size = 0 (default)
2023-03-29 21:18:41,038 [pool-890-thread-1] INFO  storage.RaftStorageDirectory (RaftStorageDirectoryImpl.java:analyzeStorage(137)) - The storage directory /home/runner/work/ozone/ozone/hadoop-ozone/integration-test/target/test-dir/MiniOzoneClusterImpl-81c774c4-8c24-4526-9b8e-41dc3c8fdf7d/datanode-0/data/ratis/2da4b6fb-de94-4e4b-bab0-412071db214b does not exist. Creating ...
2023-03-29 21:18:41,040 [pool-890-thread-1] INFO  storage.RaftStorageDirectory (RaftStorageDirectoryImpl.java:tryLock(231)) - Lock on /home/runner/work/ozone/ozone/hadoop-ozone/integration-test/target/test-dir/MiniOzoneClusterImpl-81c774c4-8c24-4526-9b8e-41dc3c8fdf7d/datanode-0/data/ratis/2da4b6fb-de94-4e4b-bab0-412071db214b/in_use.lock acquired by nodename 46426@fv-az308-773
2023-03-29 21:18:41,041 [pool-890-thread-1] INFO  storage.RaftStorage (RaftStorageImpl.java:format(96)) - Storage directory /home/runner/work/ozone/ozone/hadoop-ozone/integration-test/target/test-dir/MiniOzoneClusterImpl-81c774c4-8c24-4526-9b8e-41dc3c8fdf7d/datanode-0/data/ratis/2da4b6fb-de94-4e4b-bab0-412071db214b has been successfully formatted.
2023-03-29 21:18:41,045 [pool-890-thread-1] INFO  ratis.ContainerStateMachine (ContainerStateMachine.java:loadSnapshot(262)) - group-412071DB214B: The snapshot info is null. Setting the last applied indexto:(t:0, i:~)
2023-03-29 21:18:41,045 [EventQueue-OpenPipelineForHealthyPipelineSafeModeRule] INFO  safemode.SCMSafeModeManager (HealthyPipelineSafeModeRule.java:process(137)) - SCM in safe mode. Healthy pipelines reported count is 0, required healthy pipeline reported count is 1
2023-03-29 21:18:41,046 [pool-890-thread-1] INFO  server.RaftServerConfigKeys (ConfUtils.java:logGet(46)) - raft.server.log.use.memory = false (default)
2023-03-29 21:18:41,046 [pool-890-thread-1] INFO  server.RaftServerConfigKeys (ConfUtils.java:logGet(46)) - raft.server.log.purge.gap = 1000000 (custom)
2023-03-29 21:18:41,046 [pool-890-thread-1] INFO  server.RaftServerConfigKeys (ConfUtils.java:logGet(46)) - raft.server.log.appender.buffer.byte-limit = 33554432 (custom)
2023-03-29 21:18:41,046 [pool-890-thread-1] INFO  server.RaftServerConfigKeys (ConfUtils.java:logGet(46)) - raft.server.log.statemachine.data.read.timeout = 1000ms (default)
2023-03-29 21:18:41,046 [pool-890-thread-1] INFO  server.RaftServerConfigKeys (ConfUtils.java:logGet(46)) - raft.server.log.purge.preservation.log.num = 0 (default)
2023-03-29 21:18:41,046 [pool-890-thread-1] INFO  server.RaftServerConfigKeys (ConfUtils.java:logGet(46)) - raft.server.log.segment.size.max = 1048576 (custom)
2023-03-29 21:18:41,046 [pool-890-thread-1] INFO  server.RaftServerConfigKeys (ConfUtils.java:logGet(46)) - raft.server.log.segment.cache.num.max = 2 (custom)
2023-03-29 21:18:41,046 [pool-890-thread-1] INFO  server.RaftServerConfigKeys (ConfUtils.java:logGet(46)) - raft.server.log.segment.cache.size.max = 200MB (=209715200) (default)
2023-03-29 21:18:41,046 [pool-890-thread-1] INFO  segmented.SegmentedRaftLogWorker (SegmentedRaftLogWorker.java:<init>(189)) - new 306f285f-d174-4f26-bb71-a6ae1f938ea0@group-412071DB214B-SegmentedRaftLogWorker for RaftStorageImpl:Storage Directory /home/runner/work/ozone/ozone/hadoop-ozone/integration-test/target/test-dir/MiniOzoneClusterImpl-81c774c4-8c24-4526-9b8e-41dc3c8fdf7d/datanode-0/data/ratis/2da4b6fb-de94-4e4b-bab0-412071db214b
2023-03-29 21:18:41,046 [pool-890-thread-1] INFO  server.RaftServerConfigKeys (ConfUtils.java:logGet(46)) - raft.server.log.queue.byte-limit = 4294967296 (custom)
2023-03-29 21:18:41,046 [pool-890-thread-1] INFO  server.RaftServerConfigKeys (ConfUtils.java:logGet(46)) - raft.server.log.queue.element-limit = 1024 (custom)
2023-03-29 21:18:41,046 [pool-890-thread-1] INFO  server.RaftServerConfigKeys (ConfUtils.java:logGet(46)) - raft.server.log.segment.size.max = 1048576 (custom)
2023-03-29 21:18:41,046 [pool-890-thread-1] INFO  server.RaftServerConfigKeys (ConfUtils.java:logGet(46)) - raft.server.log.preallocated.size = 16384 (custom)
2023-03-29 21:18:41,046 [pool-890-thread-1] INFO  server.RaftServerConfigKeys (ConfUtils.java:logGet(46)) - raft.server.log.force.sync.num = 128 (default)
2023-03-29 21:18:41,047 [pool-890-thread-1] INFO  server.RaftServerConfigKeys (ConfUtils.java:logGet(46)) - raft.server.log.statemachine.data.sync = true (default)
2023-03-29 21:18:41,047 [pool-890-thread-1] INFO  server.RaftServerConfigKeys (ConfUtils.java:logGet(46)) - raft.server.log.statemachine.data.sync.timeout = 10s (default)
2023-03-29 21:18:41,047 [pool-890-thread-1] INFO  server.RaftServerConfigKeys (ConfUtils.java:logGet(46)) - raft.server.log.statemachine.data.sync.timeout.retry = -1 (default)
2023-03-29 21:18:41,047 [pool-890-thread-1] INFO  server.RaftServerConfigKeys (ConfUtils.java:logGet(46)) - raft.server.log.write.buffer.size = 1048576 (custom)
2023-03-29 21:18:41,047 [pool-890-thread-1] INFO  server.RaftServerConfigKeys (ConfUtils.java:logGet(46)) - raft.server.log.appender.buffer.byte-limit = 33554432 (custom)
2023-03-29 21:18:41,052 [pool-890-thread-1] INFO  server.RaftServerConfigKeys (ConfUtils.java:logGet(46)) - raft.server.log.unsafe-flush.enabled = false (default)
2023-03-29 21:18:41,052 [pool-890-thread-1] INFO  server.RaftServerConfigKeys (ConfUtils.java:logGet(46)) - raft.server.log.async-flush.enabled = false (default)
2023-03-29 21:18:41,052 [pool-890-thread-1] INFO  server.RaftServerConfigKeys (ConfUtils.java:logGet(46)) - raft.server.log.statemachine.data.caching.enabled = true (custom)
2023-03-29 21:18:41,053 [pool-890-thread-1] INFO  segmented.SegmentedRaftLogWorker (SegmentedRaftLogWorker.java:lambda$new$0(135)) - 306f285f-d174-4f26-bb71-a6ae1f938ea0@group-412071DB214B-SegmentedRaftLogWorker: flushIndex: setUnconditionally 0 -> -1
2023-03-29 21:18:41,053 [pool-890-thread-1] INFO  segmented.SegmentedRaftLogWorker (SegmentedRaftLogWorker.java:lambda$new$0(135)) - 306f285f-d174-4f26-bb71-a6ae1f938ea0@group-412071DB214B-SegmentedRaftLogWorker: safeCacheEvictIndex: setUnconditionally 0 -> -1
2023-03-29 21:18:41,053 [pool-890-thread-1] INFO  server.RaftServer$Division (RaftServerImpl.java:start(334)) - 306f285f-d174-4f26-bb71-a6ae1f938ea0@group-412071DB214B: start as a follower, conf=-1: peers:[07ed649d-abb7-49d9-8f25-6ee2674c4cb1|rpc:10.1.0.17:37627|dataStream:10.1.0.17:41833|priority:0|startupRole:FOLLOWER, 306f285f-d174-4f26-bb71-a6ae1f938ea0|rpc:10.1.0.17:45957|dataStream:10.1.0.17:32955|priority:0|startupRole:FOLLOWER, dee73a76-5b7c-4518-85e5-022f097c94ce|rpc:10.1.0.17:40537|dataStream:10.1.0.17:43583|priority:1|startupRole:FOLLOWER]|listeners:[], old=null
2023-03-29 21:18:41,053 [pool-890-thread-1] INFO  server.RaftServer$Division (RaftServerImpl.java:setRole(321)) - 306f285f-d174-4f26-bb71-a6ae1f938ea0@group-412071DB214B: changes role from      null to FOLLOWER at term 0 for startAsFollower
2023-03-29 21:18:41,053 [pool-890-thread-1] INFO  impl.RoleInfo (RoleInfo.java:updateAndGet(139)) - 306f285f-d174-4f26-bb71-a6ae1f938ea0: start 306f285f-d174-4f26-bb71-a6ae1f938ea0@group-412071DB214B-FollowerState
2023-03-29 21:18:41,053 [pool-890-thread-1] INFO  util.JmxRegister (JmxRegister.java:tryRegister(44)) - Successfully registered JMX Bean with object name Ratis:service=RaftServer,group=group-412071DB214B,id=306f285f-d174-4f26-bb71-a6ae1f938ea0
2023-03-29 21:18:41,053 [pool-890-thread-1] INFO  server.RaftServerConfigKeys (ConfUtils.java:logGet(46)) - raft.server.snapshot.auto.trigger.enabled = true (custom)
2023-03-29 21:18:41,053 [pool-890-thread-1] INFO  server.RaftServerConfigKeys (ConfUtils.java:logGet(46)) - raft.server.snapshot.auto.trigger.threshold = 10000 (custom)
2023-03-29 21:18:41,053 [pool-890-thread-1] INFO  server.RaftServerConfigKeys (ConfUtils.java:logGet(46)) - raft.server.snapshot.retention.file.num = 5 (custom)
2023-03-29 21:18:41,053 [pool-890-thread-1] INFO  server.RaftServerConfigKeys (ConfUtils.java:logGet(46)) - raft.server.log.purge.upto.snapshot.index = false (default)
2023-03-29 21:18:41,054 [306f285f-d174-4f26-bb71-a6ae1f938ea0@group-412071DB214B-FollowerState] INFO  server.RaftServerConfigKeys (ConfUtils.java:logFallback(53)) - raft.server.rpc.first-election.timeout.min = 5s (fallback to raft.server.rpc.timeout.min)
2023-03-29 21:18:41,054 [306f285f-d174-4f26-bb71-a6ae1f938ea0@group-412071DB214B-FollowerState] INFO  server.RaftServerConfigKeys (ConfUtils.java:logFallback(53)) - raft.server.rpc.first-election.timeout.max = 5200ms (fallback to raft.server.rpc.timeout.max)
2023-03-29 21:18:41,054 [Command processor thread] INFO  ratis.XceiverServerRatis (XceiverServerRatis.java:addGroup(806)) - Created group PipelineID=2da4b6fb-de94-4e4b-bab0-412071db214b
2023-03-29 21:18:41,063 [grpc-default-executor-0] INFO  server.RaftServer (RaftServerProxy.java:addNew(96)) - dee73a76-5b7c-4518-85e5-022f097c94ce: addNew group-412071DB214B:[07ed649d-abb7-49d9-8f25-6ee2674c4cb1|rpc:10.1.0.17:37627|dataStream:10.1.0.17:41833|priority:0|startupRole:FOLLOWER, 306f285f-d174-4f26-bb71-a6ae1f938ea0|rpc:10.1.0.17:45957|dataStream:10.1.0.17:32955|priority:0|startupRole:FOLLOWER, dee73a76-5b7c-4518-85e5-022f097c94ce|rpc:10.1.0.17:40537|dataStream:10.1.0.17:43583|priority:1|startupRole:FOLLOWER] returns group-412071DB214B:java.util.concurrent.CompletableFuture@732db95b[Not completed]
2023-03-29 21:18:41,063 [pool-912-thread-1] INFO  server.RaftServer$Division (RaftServerImpl.java:<init>(195)) - dee73a76-5b7c-4518-85e5-022f097c94ce: new RaftServerImpl for group-412071DB214B:[07ed649d-abb7-49d9-8f25-6ee2674c4cb1|rpc:10.1.0.17:37627|dataStream:10.1.0.17:41833|priority:0|startupRole:FOLLOWER, 306f285f-d174-4f26-bb71-a6ae1f938ea0|rpc:10.1.0.17:45957|dataStream:10.1.0.17:32955|priority:0|startupRole:FOLLOWER, dee73a76-5b7c-4518-85e5-022f097c94ce|rpc:10.1.0.17:40537|dataStream:10.1.0.17:43583|priority:1|startupRole:FOLLOWER] with ContainerStateMachine:uninitialized
2023-03-29 21:18:41,064 [pool-912-thread-1] INFO  server.RaftServerConfigKeys (ConfUtils.java:logGet(46)) - raft.server.rpc.timeout.min = 5s (custom)
2023-03-29 21:18:41,064 [pool-912-thread-1] INFO  server.RaftServerConfigKeys (ConfUtils.java:logGet(46)) - raft.server.rpc.timeout.max = 5200ms (custom)
2023-03-29 21:18:41,064 [pool-912-thread-1] INFO  server.RaftServerConfigKeys (ConfUtils.java:logGet(46)) - raft.server.rpc.sleep.time = 25ms (default)
2023-03-29 21:18:41,064 [pool-912-thread-1] INFO  server.RaftServerConfigKeys (ConfUtils.java:logGet(46)) - raft.server.rpc.slowness.timeout = 300s (custom)
2023-03-29 21:18:41,064 [pool-912-thread-1] INFO  server.RaftServerConfigKeys (ConfUtils.java:logGet(46)) - raft.server.leaderelection.leader.step-down.wait-time = 10s (default)
2023-03-29 21:18:41,064 [pool-912-thread-1] INFO  server.RaftServerConfigKeys (ConfUtils.java:logGet(46)) - raft.server.sleep.deviation.threshold = 300ms (default)
2023-03-29 21:18:41,064 [pool-912-thread-1] INFO  server.RaftServer$Division (ServerState.java:<init>(118)) - dee73a76-5b7c-4518-85e5-022f097c94ce@group-412071DB214B: ConfigurationManager, init=-1: peers:[07ed649d-abb7-49d9-8f25-6ee2674c4cb1|rpc:10.1.0.17:37627|dataStream:10.1.0.17:41833|priority:0|startupRole:FOLLOWER, 306f285f-d174-4f26-bb71-a6ae1f938ea0|rpc:10.1.0.17:45957|dataStream:10.1.0.17:32955|priority:0|startupRole:FOLLOWER, dee73a76-5b7c-4518-85e5-022f097c94ce|rpc:10.1.0.17:40537|dataStream:10.1.0.17:43583|priority:1|startupRole:FOLLOWER]|listeners:[], old=null, confs=<EMPTY_MAP>
2023-03-29 21:18:41,064 [pool-912-thread-1] INFO  server.RaftServerConfigKeys (ConfUtils.java:logGet(46)) - raft.server.storage.dir = [/home/runner/work/ozone/ozone/hadoop-ozone/integration-test/target/test-dir/MiniOzoneClusterImpl-81c774c4-8c24-4526-9b8e-41dc3c8fdf7d/datanode-1/data/ratis] (custom)
2023-03-29 21:18:41,064 [pool-912-thread-1] INFO  server.RaftServerConfigKeys (ConfUtils.java:logGet(46)) - raft.server.log.corruption.policy = EXCEPTION (default)
2023-03-29 21:18:41,064 [pool-912-thread-1] INFO  server.RaftServerConfigKeys (ConfUtils.java:logGet(46)) - raft.server.storage.free-space.min = 0MB (=0) (default)
2023-03-29 21:18:41,064 [pool-912-thread-1] INFO  server.RaftServerConfigKeys (ConfUtils.java:logGet(46)) - raft.server.notification.no-leader.timeout = 300s (custom)
2023-03-29 21:18:41,064 [pool-912-thread-1] INFO  server.RaftServerConfigKeys (ConfUtils.java:logGet(46)) - raft.server.retrycache.expirytime = 600000ms (custom)
2023-03-29 21:18:41,064 [pool-912-thread-1] INFO  server.RaftServerConfigKeys (ConfUtils.java:logGet(46)) - raft.server.retrycache.statistics.expirytime = 100μs (default)
2023-03-29 21:18:41,065 [pool-912-thread-1] INFO  server.RaftServerConfigKeys (ConfUtils.java:logGet(46)) - raft.server.log.appender.install.snapshot.enabled = false (custom)
2023-03-29 21:18:41,065 [pool-912-thread-1] INFO  server.RaftServerConfigKeys (ConfUtils.java:logGet(46)) - raft.server.threadpool.server.cached = true (default)
2023-03-29 21:18:41,065 [pool-912-thread-1] INFO  server.RaftServerConfigKeys (ConfUtils.java:logGet(46)) - raft.server.threadpool.server.size = 0 (default)
2023-03-29 21:18:41,065 [pool-912-thread-1] INFO  server.RaftServerConfigKeys (ConfUtils.java:logGet(46)) - raft.server.threadpool.client.cached = true (default)
2023-03-29 21:18:41,065 [pool-912-thread-1] INFO  server.RaftServerConfigKeys (ConfUtils.java:logGet(46)) - raft.server.threadpool.client.size = 0 (default)
2023-03-29 21:18:41,065 [pool-912-thread-1] INFO  storage.RaftStorageDirectory (RaftStorageDirectoryImpl.java:analyzeStorage(137)) - The storage directory /home/runner/work/ozone/ozone/hadoop-ozone/integration-test/target/test-dir/MiniOzoneClusterImpl-81c774c4-8c24-4526-9b8e-41dc3c8fdf7d/datanode-1/data/ratis/2da4b6fb-de94-4e4b-bab0-412071db214b does not exist. Creating ...
2023-03-29 21:18:41,066 [pool-912-thread-1] INFO  storage.RaftStorageDirectory (RaftStorageDirectoryImpl.java:tryLock(231)) - Lock on /home/runner/work/ozone/ozone/hadoop-ozone/integration-test/target/test-dir/MiniOzoneClusterImpl-81c774c4-8c24-4526-9b8e-41dc3c8fdf7d/datanode-1/data/ratis/2da4b6fb-de94-4e4b-bab0-412071db214b/in_use.lock acquired by nodename 46426@fv-az308-773
2023-03-29 21:18:41,067 [pool-912-thread-1] INFO  storage.RaftStorage (RaftStorageImpl.java:format(96)) - Storage directory /home/runner/work/ozone/ozone/hadoop-ozone/integration-test/target/test-dir/MiniOzoneClusterImpl-81c774c4-8c24-4526-9b8e-41dc3c8fdf7d/datanode-1/data/ratis/2da4b6fb-de94-4e4b-bab0-412071db214b has been successfully formatted.
2023-03-29 21:18:41,067 [pool-912-thread-1] INFO  ratis.ContainerStateMachine (ContainerStateMachine.java:loadSnapshot(262)) - group-412071DB214B: The snapshot info is null. Setting the last applied indexto:(t:0, i:~)
2023-03-29 21:18:41,067 [pool-912-thread-1] INFO  server.RaftServerConfigKeys (ConfUtils.java:logGet(46)) - raft.server.log.use.memory = false (default)
2023-03-29 21:18:41,067 [pool-912-thread-1] INFO  server.RaftServerConfigKeys (ConfUtils.java:logGet(46)) - raft.server.log.purge.gap = 1000000 (custom)
2023-03-29 21:18:41,068 [pool-912-thread-1] INFO  server.RaftServerConfigKeys (ConfUtils.java:logGet(46)) - raft.server.log.appender.buffer.byte-limit = 33554432 (custom)
2023-03-29 21:18:41,068 [pool-912-thread-1] INFO  server.RaftServerConfigKeys (ConfUtils.java:logGet(46)) - raft.server.log.statemachine.data.read.timeout = 1000ms (default)
2023-03-29 21:18:41,068 [pool-912-thread-1] INFO  server.RaftServerConfigKeys (ConfUtils.java:logGet(46)) - raft.server.log.purge.preservation.log.num = 0 (default)
2023-03-29 21:18:41,068 [pool-912-thread-1] INFO  server.RaftServerConfigKeys (ConfUtils.java:logGet(46)) - raft.server.log.segment.size.max = 1048576 (custom)
2023-03-29 21:18:41,069 [pool-912-thread-1] INFO  server.RaftServerConfigKeys (ConfUtils.java:logGet(46)) - raft.server.log.segment.cache.num.max = 2 (custom)
2023-03-29 21:18:41,069 [pool-912-thread-1] INFO  server.RaftServerConfigKeys (ConfUtils.java:logGet(46)) - raft.server.log.segment.cache.size.max = 200MB (=209715200) (default)
2023-03-29 21:18:41,069 [pool-912-thread-1] INFO  segmented.SegmentedRaftLogWorker (SegmentedRaftLogWorker.java:<init>(189)) - new dee73a76-5b7c-4518-85e5-022f097c94ce@group-412071DB214B-SegmentedRaftLogWorker for RaftStorageImpl:Storage Directory /home/runner/work/ozone/ozone/hadoop-ozone/integration-test/target/test-dir/MiniOzoneClusterImpl-81c774c4-8c24-4526-9b8e-41dc3c8fdf7d/datanode-1/data/ratis/2da4b6fb-de94-4e4b-bab0-412071db214b
2023-03-29 21:18:41,069 [pool-912-thread-1] INFO  server.RaftServerConfigKeys (ConfUtils.java:logGet(46)) - raft.server.log.queue.byte-limit = 4294967296 (custom)
2023-03-29 21:18:41,069 [pool-912-thread-1] INFO  server.RaftServerConfigKeys (ConfUtils.java:logGet(46)) - raft.server.log.queue.element-limit = 1024 (custom)
2023-03-29 21:18:41,069 [pool-912-thread-1] INFO  server.RaftServerConfigKeys (ConfUtils.java:logGet(46)) - raft.server.log.segment.size.max = 1048576 (custom)
2023-03-29 21:18:41,069 [pool-912-thread-1] INFO  server.RaftServerConfigKeys (ConfUtils.java:logGet(46)) - raft.server.log.preallocated.size = 16384 (custom)
2023-03-29 21:18:41,069 [pool-912-thread-1] INFO  server.RaftServerConfigKeys (ConfUtils.java:logGet(46)) - raft.server.log.force.sync.num = 128 (default)
2023-03-29 21:18:41,069 [pool-912-thread-1] INFO  server.RaftServerConfigKeys (ConfUtils.java:logGet(46)) - raft.server.log.statemachine.data.sync = true (default)
2023-03-29 21:18:41,069 [pool-912-thread-1] INFO  server.RaftServerConfigKeys (ConfUtils.java:logGet(46)) - raft.server.log.statemachine.data.sync.timeout = 10s (default)
2023-03-29 21:18:41,069 [pool-912-thread-1] INFO  server.RaftServerConfigKeys (ConfUtils.java:logGet(46)) - raft.server.log.statemachine.data.sync.timeout.retry = -1 (default)
2023-03-29 21:18:41,070 [pool-912-thread-1] INFO  server.RaftServerConfigKeys (ConfUtils.java:logGet(46)) - raft.server.log.write.buffer.size = 1048576 (custom)
2023-03-29 21:18:41,070 [pool-912-thread-1] INFO  server.RaftServerConfigKeys (ConfUtils.java:logGet(46)) - raft.server.log.appender.buffer.byte-limit = 33554432 (custom)
2023-03-29 21:18:41,075 [pool-912-thread-1] INFO  server.RaftServerConfigKeys (ConfUtils.java:logGet(46)) - raft.server.log.unsafe-flush.enabled = false (default)
2023-03-29 21:18:41,075 [pool-912-thread-1] INFO  server.RaftServerConfigKeys (ConfUtils.java:logGet(46)) - raft.server.log.async-flush.enabled = false (default)
2023-03-29 21:18:41,075 [pool-912-thread-1] INFO  server.RaftServerConfigKeys (ConfUtils.java:logGet(46)) - raft.server.log.statemachine.data.caching.enabled = true (custom)
2023-03-29 21:18:41,076 [pool-912-thread-1] INFO  segmented.SegmentedRaftLogWorker (SegmentedRaftLogWorker.java:lambda$new$0(135)) - dee73a76-5b7c-4518-85e5-022f097c94ce@group-412071DB214B-SegmentedRaftLogWorker: flushIndex: setUnconditionally 0 -> -1
2023-03-29 21:18:41,076 [pool-912-thread-1] INFO  segmented.SegmentedRaftLogWorker (SegmentedRaftLogWorker.java:lambda$new$0(135)) - dee73a76-5b7c-4518-85e5-022f097c94ce@group-412071DB214B-SegmentedRaftLogWorker: safeCacheEvictIndex: setUnconditionally 0 -> -1
2023-03-29 21:18:41,076 [pool-912-thread-1] INFO  server.RaftServer$Division (RaftServerImpl.java:start(334)) - dee73a76-5b7c-4518-85e5-022f097c94ce@group-412071DB214B: start as a follower, conf=-1: peers:[07ed649d-abb7-49d9-8f25-6ee2674c4cb1|rpc:10.1.0.17:37627|dataStream:10.1.0.17:41833|priority:0|startupRole:FOLLOWER, 306f285f-d174-4f26-bb71-a6ae1f938ea0|rpc:10.1.0.17:45957|dataStream:10.1.0.17:32955|priority:0|startupRole:FOLLOWER, dee73a76-5b7c-4518-85e5-022f097c94ce|rpc:10.1.0.17:40537|dataStream:10.1.0.17:43583|priority:1|startupRole:FOLLOWER]|listeners:[], old=null
2023-03-29 21:18:41,076 [pool-912-thread-1] INFO  server.RaftServer$Division (RaftServerImpl.java:setRole(321)) - dee73a76-5b7c-4518-85e5-022f097c94ce@group-412071DB214B: changes role from      null to FOLLOWER at term 0 for startAsFollower
2023-03-29 21:18:41,076 [pool-912-thread-1] INFO  impl.RoleInfo (RoleInfo.java:updateAndGet(139)) - dee73a76-5b7c-4518-85e5-022f097c94ce: start dee73a76-5b7c-4518-85e5-022f097c94ce@group-412071DB214B-FollowerState
2023-03-29 21:18:41,076 [pool-912-thread-1] INFO  util.JmxRegister (JmxRegister.java:tryRegister(44)) - Successfully registered JMX Bean with object name Ratis:service=RaftServer,group=group-412071DB214B,id=dee73a76-5b7c-4518-85e5-022f097c94ce
2023-03-29 21:18:41,076 [pool-912-thread-1] INFO  server.RaftServerConfigKeys (ConfUtils.java:logGet(46)) - raft.server.snapshot.auto.trigger.enabled = true (custom)
2023-03-29 21:18:41,076 [pool-912-thread-1] INFO  server.RaftServerConfigKeys (ConfUtils.java:logGet(46)) - raft.server.snapshot.auto.trigger.threshold = 10000 (custom)
2023-03-29 21:18:41,076 [pool-912-thread-1] INFO  server.RaftServerConfigKeys (ConfUtils.java:logGet(46)) - raft.server.snapshot.retention.file.num = 5 (custom)
2023-03-29 21:18:41,076 [pool-912-thread-1] INFO  server.RaftServerConfigKeys (ConfUtils.java:logGet(46)) - raft.server.log.purge.upto.snapshot.index = false (default)
2023-03-29 21:18:41,077 [dee73a76-5b7c-4518-85e5-022f097c94ce@group-412071DB214B-FollowerState] INFO  server.RaftServerConfigKeys (ConfUtils.java:logFallback(53)) - raft.server.rpc.first-election.timeout.min = 5s (fallback to raft.server.rpc.timeout.min)
2023-03-29 21:18:41,077 [dee73a76-5b7c-4518-85e5-022f097c94ce@group-412071DB214B-FollowerState] INFO  server.RaftServerConfigKeys (ConfUtils.java:logFallback(53)) - raft.server.rpc.first-election.timeout.max = 5200ms (fallback to raft.server.rpc.timeout.max)
2023-03-29 21:18:41,086 [grpc-default-executor-0] INFO  server.RaftServer (RaftServerProxy.java:addNew(96)) - 07ed649d-abb7-49d9-8f25-6ee2674c4cb1: addNew group-412071DB214B:[07ed649d-abb7-49d9-8f25-6ee2674c4cb1|rpc:10.1.0.17:37627|dataStream:10.1.0.17:41833|priority:0|startupRole:FOLLOWER, 306f285f-d174-4f26-bb71-a6ae1f938ea0|rpc:10.1.0.17:45957|dataStream:10.1.0.17:32955|priority:0|startupRole:FOLLOWER, dee73a76-5b7c-4518-85e5-022f097c94ce|rpc:10.1.0.17:40537|dataStream:10.1.0.17:43583|priority:1|startupRole:FOLLOWER] returns group-412071DB214B:java.util.concurrent.CompletableFuture@60608ba9[Not completed]
2023-03-29 21:18:41,087 [pool-934-thread-1] INFO  server.RaftServer$Division (RaftServerImpl.java:<init>(195)) - 07ed649d-abb7-49d9-8f25-6ee2674c4cb1: new RaftServerImpl for group-412071DB214B:[07ed649d-abb7-49d9-8f25-6ee2674c4cb1|rpc:10.1.0.17:37627|dataStream:10.1.0.17:41833|priority:0|startupRole:FOLLOWER, 306f285f-d174-4f26-bb71-a6ae1f938ea0|rpc:10.1.0.17:45957|dataStream:10.1.0.17:32955|priority:0|startupRole:FOLLOWER, dee73a76-5b7c-4518-85e5-022f097c94ce|rpc:10.1.0.17:40537|dataStream:10.1.0.17:43583|priority:1|startupRole:FOLLOWER] with ContainerStateMachine:uninitialized
2023-03-29 21:18:41,087 [pool-934-thread-1] INFO  server.RaftServerConfigKeys (ConfUtils.java:logGet(46)) - raft.server.rpc.timeout.min = 5s (custom)
2023-03-29 21:18:41,087 [pool-934-thread-1] INFO  server.RaftServerConfigKeys (ConfUtils.java:logGet(46)) - raft.server.rpc.timeout.max = 5200ms (custom)
2023-03-29 21:18:41,087 [pool-934-thread-1] INFO  server.RaftServerConfigKeys (ConfUtils.java:logGet(46)) - raft.server.rpc.sleep.time = 25ms (default)
2023-03-29 21:18:41,087 [pool-934-thread-1] INFO  server.RaftServerConfigKeys (ConfUtils.java:logGet(46)) - raft.server.rpc.slowness.timeout = 300s (custom)
2023-03-29 21:18:41,087 [pool-934-thread-1] INFO  server.RaftServerConfigKeys (ConfUtils.java:logGet(46)) - raft.server.leaderelection.leader.step-down.wait-time = 10s (default)
2023-03-29 21:18:41,087 [pool-934-thread-1] INFO  server.RaftServerConfigKeys (ConfUtils.java:logGet(46)) - raft.server.sleep.deviation.threshold = 300ms (default)
2023-03-29 21:18:41,087 [pool-934-thread-1] INFO  server.RaftServer$Division (ServerState.java:<init>(118)) - 07ed649d-abb7-49d9-8f25-6ee2674c4cb1@group-412071DB214B: ConfigurationManager, init=-1: peers:[07ed649d-abb7-49d9-8f25-6ee2674c4cb1|rpc:10.1.0.17:37627|dataStream:10.1.0.17:41833|priority:0|startupRole:FOLLOWER, 306f285f-d174-4f26-bb71-a6ae1f938ea0|rpc:10.1.0.17:45957|dataStream:10.1.0.17:32955|priority:0|startupRole:FOLLOWER, dee73a76-5b7c-4518-85e5-022f097c94ce|rpc:10.1.0.17:40537|dataStream:10.1.0.17:43583|priority:1|startupRole:FOLLOWER]|listeners:[], old=null, confs=<EMPTY_MAP>
2023-03-29 21:18:41,087 [pool-934-thread-1] INFO  server.RaftServerConfigKeys (ConfUtils.java:logGet(46)) - raft.server.storage.dir = [/home/runner/work/ozone/ozone/hadoop-ozone/integration-test/target/test-dir/MiniOzoneClusterImpl-81c774c4-8c24-4526-9b8e-41dc3c8fdf7d/datanode-2/data/ratis] (custom)
2023-03-29 21:18:41,087 [pool-934-thread-1] INFO  server.RaftServerConfigKeys (ConfUtils.java:logGet(46)) - raft.server.log.corruption.policy = EXCEPTION (default)
2023-03-29 21:18:41,087 [pool-934-thread-1] INFO  server.RaftServerConfigKeys (ConfUtils.java:logGet(46)) - raft.server.storage.free-space.min = 0MB (=0) (default)
2023-03-29 21:18:41,088 [pool-934-thread-1] INFO  server.RaftServerConfigKeys (ConfUtils.java:logGet(46)) - raft.server.notification.no-leader.timeout = 300s (custom)
2023-03-29 21:18:41,088 [pool-934-thread-1] INFO  server.RaftServerConfigKeys (ConfUtils.java:logGet(46)) - raft.server.retrycache.expirytime = 600000ms (custom)
2023-03-29 21:18:41,088 [pool-934-thread-1] INFO  server.RaftServerConfigKeys (ConfUtils.java:logGet(46)) - raft.server.retrycache.statistics.expirytime = 100μs (default)
2023-03-29 21:18:41,088 [pool-934-thread-1] INFO  server.RaftServerConfigKeys (ConfUtils.java:logGet(46)) - raft.server.log.appender.install.snapshot.enabled = false (custom)
2023-03-29 21:18:41,088 [pool-934-thread-1] INFO  server.RaftServerConfigKeys (ConfUtils.java:logGet(46)) - raft.server.threadpool.server.cached = true (default)
2023-03-29 21:18:41,088 [pool-934-thread-1] INFO  server.RaftServerConfigKeys (ConfUtils.java:logGet(46)) - raft.server.threadpool.server.size = 0 (default)
2023-03-29 21:18:41,088 [pool-934-thread-1] INFO  server.RaftServerConfigKeys (ConfUtils.java:logGet(46)) - raft.server.threadpool.client.cached = true (default)
2023-03-29 21:18:41,088 [pool-934-thread-1] INFO  server.RaftServerConfigKeys (ConfUtils.java:logGet(46)) - raft.server.threadpool.client.size = 0 (default)
2023-03-29 21:18:41,088 [pool-934-thread-1] INFO  storage.RaftStorageDirectory (RaftStorageDirectoryImpl.java:analyzeStorage(137)) - The storage directory /home/runner/work/ozone/ozone/hadoop-ozone/integration-test/target/test-dir/MiniOzoneClusterImpl-81c774c4-8c24-4526-9b8e-41dc3c8fdf7d/datanode-2/data/ratis/2da4b6fb-de94-4e4b-bab0-412071db214b does not exist. Creating ...
2023-03-29 21:18:41,089 [pool-934-thread-1] INFO  storage.RaftStorageDirectory (RaftStorageDirectoryImpl.java:tryLock(231)) - Lock on /home/runner/work/ozone/ozone/hadoop-ozone/integration-test/target/test-dir/MiniOzoneClusterImpl-81c774c4-8c24-4526-9b8e-41dc3c8fdf7d/datanode-2/data/ratis/2da4b6fb-de94-4e4b-bab0-412071db214b/in_use.lock acquired by nodename 46426@fv-az308-773
2023-03-29 21:18:41,091 [pool-934-thread-1] INFO  storage.RaftStorage (RaftStorageImpl.java:format(96)) - Storage directory /home/runner/work/ozone/ozone/hadoop-ozone/integration-test/target/test-dir/MiniOzoneClusterImpl-81c774c4-8c24-4526-9b8e-41dc3c8fdf7d/datanode-2/data/ratis/2da4b6fb-de94-4e4b-bab0-412071db214b has been successfully formatted.
2023-03-29 21:18:41,092 [pool-934-thread-1] INFO  ratis.ContainerStateMachine (ContainerStateMachine.java:loadSnapshot(262)) - group-412071DB214B: The snapshot info is null. Setting the last applied indexto:(t:0, i:~)
2023-03-29 21:18:41,092 [pool-934-thread-1] INFO  server.RaftServerConfigKeys (ConfUtils.java:logGet(46)) - raft.server.log.use.memory = false (default)
2023-03-29 21:18:41,092 [pool-934-thread-1] INFO  server.RaftServerConfigKeys (ConfUtils.java:logGet(46)) - raft.server.log.purge.gap = 1000000 (custom)
2023-03-29 21:18:41,092 [pool-934-thread-1] INFO  server.RaftServerConfigKeys (ConfUtils.java:logGet(46)) - raft.server.log.appender.buffer.byte-limit = 33554432 (custom)
2023-03-29 21:18:41,092 [pool-934-thread-1] INFO  server.RaftServerConfigKeys (ConfUtils.java:logGet(46)) - raft.server.log.statemachine.data.read.timeout = 1000ms (default)
2023-03-29 21:18:41,092 [pool-934-thread-1] INFO  server.RaftServerConfigKeys (ConfUtils.java:logGet(46)) - raft.server.log.purge.preservation.log.num = 0 (default)
2023-03-29 21:18:41,092 [pool-934-thread-1] INFO  server.RaftServerConfigKeys (ConfUtils.java:logGet(46)) - raft.server.log.segment.size.max = 1048576 (custom)
2023-03-29 21:18:41,093 [pool-934-thread-1] INFO  server.RaftServerConfigKeys (ConfUtils.java:logGet(46)) - raft.server.log.segment.cache.num.max = 2 (custom)
2023-03-29 21:18:41,093 [pool-934-thread-1] INFO  server.RaftServerConfigKeys (ConfUtils.java:logGet(46)) - raft.server.log.segment.cache.size.max = 200MB (=209715200) (default)
2023-03-29 21:18:41,093 [pool-934-thread-1] INFO  segmented.SegmentedRaftLogWorker (SegmentedRaftLogWorker.java:<init>(189)) - new 07ed649d-abb7-49d9-8f25-6ee2674c4cb1@group-412071DB214B-SegmentedRaftLogWorker for RaftStorageImpl:Storage Directory /home/runner/work/ozone/ozone/hadoop-ozone/integration-test/target/test-dir/MiniOzoneClusterImpl-81c774c4-8c24-4526-9b8e-41dc3c8fdf7d/datanode-2/data/ratis/2da4b6fb-de94-4e4b-bab0-412071db214b
2023-03-29 21:18:41,093 [pool-934-thread-1] INFO  server.RaftServerConfigKeys (ConfUtils.java:logGet(46)) - raft.server.log.queue.byte-limit = 4294967296 (custom)
2023-03-29 21:18:41,093 [pool-934-thread-1] INFO  server.RaftServerConfigKeys (ConfUtils.java:logGet(46)) - raft.server.log.queue.element-limit = 1024 (custom)
2023-03-29 21:18:41,093 [pool-934-thread-1] INFO  server.RaftServerConfigKeys (ConfUtils.java:logGet(46)) - raft.server.log.segment.size.max = 1048576 (custom)
2023-03-29 21:18:41,093 [pool-934-thread-1] INFO  server.RaftServerConfigKeys (ConfUtils.java:logGet(46)) - raft.server.log.preallocated.size = 16384 (custom)
2023-03-29 21:18:41,093 [pool-934-thread-1] INFO  server.RaftServerConfigKeys (ConfUtils.java:logGet(46)) - raft.server.log.force.sync.num = 128 (default)
2023-03-29 21:18:41,093 [pool-934-thread-1] INFO  server.RaftServerConfigKeys (ConfUtils.java:logGet(46)) - raft.server.log.statemachine.data.sync = true (default)
2023-03-29 21:18:41,093 [pool-934-thread-1] INFO  server.RaftServerConfigKeys (ConfUtils.java:logGet(46)) - raft.server.log.statemachine.data.sync.timeout = 10s (default)
2023-03-29 21:18:41,093 [pool-934-thread-1] INFO  server.RaftServerConfigKeys (ConfUtils.java:logGet(46)) - raft.server.log.statemachine.data.sync.timeout.retry = -1 (default)
2023-03-29 21:18:41,093 [pool-934-thread-1] INFO  server.RaftServerConfigKeys (ConfUtils.java:logGet(46)) - raft.server.log.write.buffer.size = 1048576 (custom)
2023-03-29 21:18:41,094 [pool-934-thread-1] INFO  server.RaftServerConfigKeys (ConfUtils.java:logGet(46)) - raft.server.log.appender.buffer.byte-limit = 33554432 (custom)
2023-03-29 21:18:41,099 [pool-934-thread-1] INFO  server.RaftServerConfigKeys (ConfUtils.java:logGet(46)) - raft.server.log.unsafe-flush.enabled = false (default)
2023-03-29 21:18:41,099 [pool-934-thread-1] INFO  server.RaftServerConfigKeys (ConfUtils.java:logGet(46)) - raft.server.log.async-flush.enabled = false (default)
2023-03-29 21:18:41,099 [pool-934-thread-1] INFO  server.RaftServerConfigKeys (ConfUtils.java:logGet(46)) - raft.server.log.statemachine.data.caching.enabled = true (custom)
2023-03-29 21:18:41,099 [pool-934-thread-1] INFO  segmented.SegmentedRaftLogWorker (SegmentedRaftLogWorker.java:lambda$new$0(135)) - 07ed649d-abb7-49d9-8f25-6ee2674c4cb1@group-412071DB214B-SegmentedRaftLogWorker: flushIndex: setUnconditionally 0 -> -1
2023-03-29 21:18:41,099 [pool-934-thread-1] INFO  segmented.SegmentedRaftLogWorker (SegmentedRaftLogWorker.java:lambda$new$0(135)) - 07ed649d-abb7-49d9-8f25-6ee2674c4cb1@group-412071DB214B-SegmentedRaftLogWorker: safeCacheEvictIndex: setUnconditionally 0 -> -1
2023-03-29 21:18:41,099 [pool-934-thread-1] INFO  server.RaftServer$Division (RaftServerImpl.java:start(334)) - 07ed649d-abb7-49d9-8f25-6ee2674c4cb1@group-412071DB214B: start as a follower, conf=-1: peers:[07ed649d-abb7-49d9-8f25-6ee2674c4cb1|rpc:10.1.0.17:37627|dataStream:10.1.0.17:41833|priority:0|startupRole:FOLLOWER, 306f285f-d174-4f26-bb71-a6ae1f938ea0|rpc:10.1.0.17:45957|dataStream:10.1.0.17:32955|priority:0|startupRole:FOLLOWER, dee73a76-5b7c-4518-85e5-022f097c94ce|rpc:10.1.0.17:40537|dataStream:10.1.0.17:43583|priority:1|startupRole:FOLLOWER]|listeners:[], old=null
2023-03-29 21:18:41,099 [pool-934-thread-1] INFO  server.RaftServer$Division (RaftServerImpl.java:setRole(321)) - 07ed649d-abb7-49d9-8f25-6ee2674c4cb1@group-412071DB214B: changes role from      null to FOLLOWER at term 0 for startAsFollower
2023-03-29 21:18:41,099 [pool-934-thread-1] INFO  impl.RoleInfo (RoleInfo.java:updateAndGet(139)) - 07ed649d-abb7-49d9-8f25-6ee2674c4cb1: start 07ed649d-abb7-49d9-8f25-6ee2674c4cb1@group-412071DB214B-FollowerState
2023-03-29 21:18:41,101 [pool-934-thread-1] INFO  util.JmxRegister (JmxRegister.java:tryRegister(44)) - Successfully registered JMX Bean with object name Ratis:service=RaftServer,group=group-412071DB214B,id=07ed649d-abb7-49d9-8f25-6ee2674c4cb1
2023-03-29 21:18:41,101 [pool-934-thread-1] INFO  server.RaftServerConfigKeys (ConfUtils.java:logGet(46)) - raft.server.snapshot.auto.trigger.enabled = true (custom)
2023-03-29 21:18:41,101 [pool-934-thread-1] INFO  server.RaftServerConfigKeys (ConfUtils.java:logGet(46)) - raft.server.snapshot.auto.trigger.threshold = 10000 (custom)
2023-03-29 21:18:41,101 [pool-934-thread-1] INFO  server.RaftServerConfigKeys (ConfUtils.java:logGet(46)) - raft.server.snapshot.retention.file.num = 5 (custom)
2023-03-29 21:18:41,101 [pool-934-thread-1] INFO  server.RaftServerConfigKeys (ConfUtils.java:logGet(46)) - raft.server.log.purge.upto.snapshot.index = false (default)
2023-03-29 21:18:41,102 [07ed649d-abb7-49d9-8f25-6ee2674c4cb1@group-412071DB214B-FollowerState] INFO  server.RaftServerConfigKeys (ConfUtils.java:logFallback(53)) - raft.server.rpc.first-election.timeout.min = 5s (fallback to raft.server.rpc.timeout.min)
2023-03-29 21:18:41,102 [07ed649d-abb7-49d9-8f25-6ee2674c4cb1@group-412071DB214B-FollowerState] INFO  server.RaftServerConfigKeys (ConfUtils.java:logFallback(53)) - raft.server.rpc.first-election.timeout.max = 5200ms (fallback to raft.server.rpc.timeout.max)
2023-03-29 21:18:41,110 [Command processor thread] INFO  commandhandler.CreatePipelineCommandHandler (CreatePipelineCommandHandler.java:handle(113)) - Created Pipeline RATIS THREE PipelineID=2da4b6fb-de94-4e4b-bab0-412071db214b.
2023-03-29 21:18:41,204 [Command processor thread] INFO  server.RaftServer (RaftServerProxy.java:addNew(96)) - dee73a76-5b7c-4518-85e5-022f097c94ce: addNew group-8031F004AE47:[dee73a76-5b7c-4518-85e5-022f097c94ce|rpc:10.1.0.17:40537|dataStream:10.1.0.17:43583|priority:1|startupRole:FOLLOWER] returns group-8031F004AE47:java.util.concurrent.CompletableFuture@3a36cd8[Not completed]
2023-03-29 21:18:41,204 [pool-912-thread-1] INFO  server.RaftServer$Division (RaftServerImpl.java:<init>(195)) - dee73a76-5b7c-4518-85e5-022f097c94ce: new RaftServerImpl for group-8031F004AE47:[dee73a76-5b7c-4518-85e5-022f097c94ce|rpc:10.1.0.17:40537|dataStream:10.1.0.17:43583|priority:1|startupRole:FOLLOWER] with ContainerStateMachine:uninitialized
2023-03-29 21:18:41,204 [pool-912-thread-1] INFO  server.RaftServerConfigKeys (ConfUtils.java:logGet(46)) - raft.server.rpc.timeout.min = 5s (custom)
2023-03-29 21:18:41,205 [pool-912-thread-1] INFO  server.RaftServerConfigKeys (ConfUtils.java:logGet(46)) - raft.server.rpc.timeout.max = 5200ms (custom)
2023-03-29 21:18:41,205 [pool-912-thread-1] INFO  server.RaftServerConfigKeys (ConfUtils.java:logGet(46)) - raft.server.rpc.sleep.time = 25ms (default)
2023-03-29 21:18:41,205 [pool-912-thread-1] INFO  server.RaftServerConfigKeys (ConfUtils.java:logGet(46)) - raft.server.rpc.slowness.timeout = 300s (custom)
2023-03-29 21:18:41,205 [pool-912-thread-1] INFO  server.RaftServerConfigKeys (ConfUtils.java:logGet(46)) - raft.server.leaderelection.leader.step-down.wait-time = 10s (default)
2023-03-29 21:18:41,205 [pool-912-thread-1] INFO  server.RaftServerConfigKeys (ConfUtils.java:logGet(46)) - raft.server.sleep.deviation.threshold = 300ms (default)
2023-03-29 21:18:41,205 [pool-912-thread-1] INFO  server.RaftServer$Division (ServerState.java:<init>(118)) - dee73a76-5b7c-4518-85e5-022f097c94ce@group-8031F004AE47: ConfigurationManager, init=-1: peers:[dee73a76-5b7c-4518-85e5-022f097c94ce|rpc:10.1.0.17:40537|dataStream:10.1.0.17:43583|priority:1|startupRole:FOLLOWER]|listeners:[], old=null, confs=<EMPTY_MAP>
2023-03-29 21:18:41,205 [pool-912-thread-1] INFO  server.RaftServerConfigKeys (ConfUtils.java:logGet(46)) - raft.server.storage.dir = [/home/runner/work/ozone/ozone/hadoop-ozone/integration-test/target/test-dir/MiniOzoneClusterImpl-81c774c4-8c24-4526-9b8e-41dc3c8fdf7d/datanode-1/data/ratis] (custom)
2023-03-29 21:18:41,205 [pool-912-thread-1] INFO  server.RaftServerConfigKeys (ConfUtils.java:logGet(46)) - raft.server.log.corruption.policy = EXCEPTION (default)
2023-03-29 21:18:41,205 [pool-912-thread-1] INFO  server.RaftServerConfigKeys (ConfUtils.java:logGet(46)) - raft.server.storage.free-space.min = 0MB (=0) (default)
2023-03-29 21:18:41,205 [pool-912-thread-1] INFO  server.RaftServerConfigKeys (ConfUtils.java:logGet(46)) - raft.server.notification.no-leader.timeout = 300s (custom)
2023-03-29 21:18:41,205 [pool-912-thread-1] INFO  server.RaftServerConfigKeys (ConfUtils.java:logGet(46)) - raft.server.retrycache.expirytime = 600000ms (custom)
2023-03-29 21:18:41,205 [pool-912-thread-1] INFO  server.RaftServerConfigKeys (ConfUtils.java:logGet(46)) - raft.server.retrycache.statistics.expirytime = 100μs (default)
2023-03-29 21:18:41,206 [pool-912-thread-1] INFO  server.RaftServerConfigKeys (ConfUtils.java:logGet(46)) - raft.server.log.appender.install.snapshot.enabled = false (custom)
2023-03-29 21:18:41,206 [pool-912-thread-1] INFO  server.RaftServerConfigKeys (ConfUtils.java:logGet(46)) - raft.server.threadpool.server.cached = true (default)
2023-03-29 21:18:41,206 [pool-912-thread-1] INFO  server.RaftServerConfigKeys (ConfUtils.java:logGet(46)) - raft.server.threadpool.server.size = 0 (default)
2023-03-29 21:18:41,206 [pool-912-thread-1] INFO  server.RaftServerConfigKeys (ConfUtils.java:logGet(46)) - raft.server.threadpool.client.cached = true (default)
2023-03-29 21:18:41,206 [pool-912-thread-1] INFO  server.RaftServerConfigKeys (ConfUtils.java:logGet(46)) - raft.server.threadpool.client.size = 0 (default)
2023-03-29 21:18:41,206 [pool-912-thread-1] INFO  storage.RaftStorageDirectory (RaftStorageDirectoryImpl.java:analyzeStorage(137)) - The storage directory /home/runner/work/ozone/ozone/hadoop-ozone/integration-test/target/test-dir/MiniOzoneClusterImpl-81c774c4-8c24-4526-9b8e-41dc3c8fdf7d/datanode-1/data/ratis/3adc2bab-eb7f-4d32-8f85-8031f004ae47 does not exist. Creating ...
2023-03-29 21:18:41,207 [pool-912-thread-1] INFO  storage.RaftStorageDirectory (RaftStorageDirectoryImpl.java:tryLock(231)) - Lock on /home/runner/work/ozone/ozone/hadoop-ozone/integration-test/target/test-dir/MiniOzoneClusterImpl-81c774c4-8c24-4526-9b8e-41dc3c8fdf7d/datanode-1/data/ratis/3adc2bab-eb7f-4d32-8f85-8031f004ae47/in_use.lock acquired by nodename 46426@fv-az308-773
2023-03-29 21:18:41,208 [pool-912-thread-1] INFO  storage.RaftStorage (RaftStorageImpl.java:format(96)) - Storage directory /home/runner/work/ozone/ozone/hadoop-ozone/integration-test/target/test-dir/MiniOzoneClusterImpl-81c774c4-8c24-4526-9b8e-41dc3c8fdf7d/datanode-1/data/ratis/3adc2bab-eb7f-4d32-8f85-8031f004ae47 has been successfully formatted.
2023-03-29 21:18:41,209 [pool-912-thread-1] INFO  ratis.ContainerStateMachine (ContainerStateMachine.java:loadSnapshot(262)) - group-8031F004AE47: The snapshot info is null. Setting the last applied indexto:(t:0, i:~)
2023-03-29 21:18:41,209 [pool-912-thread-1] INFO  server.RaftServerConfigKeys (ConfUtils.java:logGet(46)) - raft.server.log.use.memory = false (default)
2023-03-29 21:18:41,210 [EventQueue-PipelineReportForPipelineReportHandler] INFO  pipeline.PipelineManagerImpl (PipelineManagerImpl.java:openPipeline(367)) - Pipeline Pipeline[ Id: 3adc2bab-eb7f-4d32-8f85-8031f004ae47, Nodes: dee73a76-5b7c-4518-85e5-022f097c94ce(fv-az308-773/10.1.0.17), ReplicationConfig: RATIS/ONE, State:ALLOCATED, leaderId:dee73a76-5b7c-4518-85e5-022f097c94ce, CreationTimestamp2023-03-29T21:18:38.207Z[Etc/UTC]] moved to OPEN state
2023-03-29 21:18:41,210 [pool-912-thread-1] INFO  server.RaftServerConfigKeys (ConfUtils.java:logGet(46)) - raft.server.log.purge.gap = 1000000 (custom)
2023-03-29 21:18:41,211 [pool-912-thread-1] INFO  server.RaftServerConfigKeys (ConfUtils.java:logGet(46)) - raft.server.log.appender.buffer.byte-limit = 33554432 (custom)
2023-03-29 21:18:41,211 [pool-912-thread-1] INFO  server.RaftServerConfigKeys (ConfUtils.java:logGet(46)) - raft.server.log.statemachine.data.read.timeout = 1000ms (default)
2023-03-29 21:18:41,211 [pool-912-thread-1] INFO  server.RaftServerConfigKeys (ConfUtils.java:logGet(46)) - raft.server.log.purge.preservation.log.num = 0 (default)
2023-03-29 21:18:41,211 [pool-912-thread-1] INFO  server.RaftServerConfigKeys (ConfUtils.java:logGet(46)) - raft.server.log.segment.size.max = 1048576 (custom)
2023-03-29 21:18:41,211 [EventQueue-OpenPipelineForHealthyPipelineSafeModeRule] INFO  safemode.SCMSafeModeManager (HealthyPipelineSafeModeRule.java:process(137)) - SCM in safe mode. Healthy pipelines reported count is 0, required healthy pipeline reported count is 1
2023-03-29 21:18:41,211 [pool-912-thread-1] INFO  server.RaftServerConfigKeys (ConfUtils.java:logGet(46)) - raft.server.log.segment.cache.num.max = 2 (custom)
2023-03-29 21:18:41,212 [pool-912-thread-1] INFO  server.RaftServerConfigKeys (ConfUtils.java:logGet(46)) - raft.server.log.segment.cache.size.max = 200MB (=209715200) (default)
2023-03-29 21:18:41,212 [pool-912-thread-1] INFO  segmented.SegmentedRaftLogWorker (SegmentedRaftLogWorker.java:<init>(189)) - new dee73a76-5b7c-4518-85e5-022f097c94ce@group-8031F004AE47-SegmentedRaftLogWorker for RaftStorageImpl:Storage Directory /home/runner/work/ozone/ozone/hadoop-ozone/integration-test/target/test-dir/MiniOzoneClusterImpl-81c774c4-8c24-4526-9b8e-41dc3c8fdf7d/datanode-1/data/ratis/3adc2bab-eb7f-4d32-8f85-8031f004ae47
2023-03-29 21:18:41,212 [pool-912-thread-1] INFO  server.RaftServerConfigKeys (ConfUtils.java:logGet(46)) - raft.server.log.queue.byte-limit = 4294967296 (custom)
2023-03-29 21:18:41,212 [pool-912-thread-1] INFO  server.RaftServerConfigKeys (ConfUtils.java:logGet(46)) - raft.server.log.queue.element-limit = 1024 (custom)
2023-03-29 21:18:41,212 [pool-912-thread-1] INFO  server.RaftServerConfigKeys (ConfUtils.java:logGet(46)) - raft.server.log.segment.size.max = 1048576 (custom)
2023-03-29 21:18:41,212 [pool-912-thread-1] INFO  server.RaftServerConfigKeys (ConfUtils.java:logGet(46)) - raft.server.log.preallocated.size = 16384 (custom)
2023-03-29 21:18:41,212 [pool-912-thread-1] INFO  server.RaftServerConfigKeys (ConfUtils.java:logGet(46)) - raft.server.log.force.sync.num = 128 (default)
2023-03-29 21:18:41,212 [pool-912-thread-1] INFO  server.RaftServerConfigKeys (ConfUtils.java:logGet(46)) - raft.server.log.statemachine.data.sync = true (default)
2023-03-29 21:18:41,212 [pool-912-thread-1] INFO  server.RaftServerConfigKeys (ConfUtils.java:logGet(46)) - raft.server.log.statemachine.data.sync.timeout = 10s (default)
2023-03-29 21:18:41,212 [pool-912-thread-1] INFO  server.RaftServerConfigKeys (ConfUtils.java:logGet(46)) - raft.server.log.statemachine.data.sync.timeout.retry = -1 (default)
2023-03-29 21:18:41,212 [pool-912-thread-1] INFO  server.RaftServerConfigKeys (ConfUtils.java:logGet(46)) - raft.server.log.write.buffer.size = 1048576 (custom)
2023-03-29 21:18:41,213 [pool-912-thread-1] INFO  server.RaftServerConfigKeys (ConfUtils.java:logGet(46)) - raft.server.log.appender.buffer.byte-limit = 33554432 (custom)
2023-03-29 21:18:41,218 [pool-912-thread-1] INFO  server.RaftServerConfigKeys (ConfUtils.java:logGet(46)) - raft.server.log.unsafe-flush.enabled = false (default)
2023-03-29 21:18:41,218 [pool-912-thread-1] INFO  server.RaftServerConfigKeys (ConfUtils.java:logGet(46)) - raft.server.log.async-flush.enabled = false (default)
2023-03-29 21:18:41,218 [pool-912-thread-1] INFO  server.RaftServerConfigKeys (ConfUtils.java:logGet(46)) - raft.server.log.statemachine.data.caching.enabled = true (custom)
2023-03-29 21:18:41,218 [pool-912-thread-1] INFO  segmented.SegmentedRaftLogWorker (SegmentedRaftLogWorker.java:lambda$new$0(135)) - dee73a76-5b7c-4518-85e5-022f097c94ce@group-8031F004AE47-SegmentedRaftLogWorker: flushIndex: setUnconditionally 0 -> -1
2023-03-29 21:18:41,218 [pool-912-thread-1] INFO  segmented.SegmentedRaftLogWorker (SegmentedRaftLogWorker.java:lambda$new$0(135)) - dee73a76-5b7c-4518-85e5-022f097c94ce@group-8031F004AE47-SegmentedRaftLogWorker: safeCacheEvictIndex: setUnconditionally 0 -> -1
2023-03-29 21:18:41,218 [pool-912-thread-1] INFO  server.RaftServer$Division (RaftServerImpl.java:start(334)) - dee73a76-5b7c-4518-85e5-022f097c94ce@group-8031F004AE47: start as a follower, conf=-1: peers:[dee73a76-5b7c-4518-85e5-022f097c94ce|rpc:10.1.0.17:40537|dataStream:10.1.0.17:43583|priority:1|startupRole:FOLLOWER]|listeners:[], old=null
2023-03-29 21:18:41,218 [pool-912-thread-1] INFO  server.RaftServer$Division (RaftServerImpl.java:setRole(321)) - dee73a76-5b7c-4518-85e5-022f097c94ce@group-8031F004AE47: changes role from      null to FOLLOWER at term 0 for startAsFollower
2023-03-29 21:18:41,219 [pool-912-thread-1] INFO  impl.RoleInfo (RoleInfo.java:updateAndGet(139)) - dee73a76-5b7c-4518-85e5-022f097c94ce: start dee73a76-5b7c-4518-85e5-022f097c94ce@group-8031F004AE47-FollowerState
2023-03-29 21:18:41,219 [pool-912-thread-1] INFO  util.JmxRegister (JmxRegister.java:tryRegister(44)) - Successfully registered JMX Bean with object name Ratis:service=RaftServer,group=group-8031F004AE47,id=dee73a76-5b7c-4518-85e5-022f097c94ce
2023-03-29 21:18:41,219 [pool-912-thread-1] INFO  server.RaftServerConfigKeys (ConfUtils.java:logGet(46)) - raft.server.snapshot.auto.trigger.enabled = true (custom)
2023-03-29 21:18:41,219 [pool-912-thread-1] INFO  server.RaftServerConfigKeys (ConfUtils.java:logGet(46)) - raft.server.snapshot.auto.trigger.threshold = 10000 (custom)
2023-03-29 21:18:41,219 [pool-912-thread-1] INFO  server.RaftServerConfigKeys (ConfUtils.java:logGet(46)) - raft.server.snapshot.retention.file.num = 5 (custom)
2023-03-29 21:18:41,219 [pool-912-thread-1] INFO  server.RaftServerConfigKeys (ConfUtils.java:logGet(46)) - raft.server.log.purge.upto.snapshot.index = false (default)
2023-03-29 21:18:41,219 [dee73a76-5b7c-4518-85e5-022f097c94ce@group-8031F004AE47-FollowerState] INFO  server.RaftServerConfigKeys (ConfUtils.java:logFallback(53)) - raft.server.rpc.first-election.timeout.min = 5s (fallback to raft.server.rpc.timeout.min)
2023-03-29 21:18:41,219 [dee73a76-5b7c-4518-85e5-022f097c94ce@group-8031F004AE47-FollowerState] INFO  server.RaftServerConfigKeys (ConfUtils.java:logFallback(53)) - raft.server.rpc.first-election.timeout.max = 5200ms (fallback to raft.server.rpc.timeout.max)
2023-03-29 21:18:41,220 [Command processor thread] INFO  ratis.XceiverServerRatis (XceiverServerRatis.java:addGroup(806)) - Created group PipelineID=3adc2bab-eb7f-4d32-8f85-8031f004ae47
2023-03-29 21:18:41,220 [Command processor thread] INFO  commandhandler.CreatePipelineCommandHandler (CreatePipelineCommandHandler.java:handle(113)) - Created Pipeline RATIS ONE PipelineID=3adc2bab-eb7f-4d32-8f85-8031f004ae47.
2023-03-29 21:18:41,517 [Listener at 127.0.0.1/44447] INFO  ozone.MiniOzoneClusterImpl (MiniOzoneClusterImpl.java:lambda$waitForClusterToBeReady$0(222)) - Nodes are ready. Got 3 of 3 DN Heartbeats.
2023-03-29 21:18:41,517 [Listener at 127.0.0.1/44447] INFO  ozone.MiniOzoneClusterImpl (MiniOzoneClusterImpl.java:lambda$waitForClusterToBeReady$0(225)) - Waiting for cluster to exit safe mode
2023-03-29 21:18:41,517 [Listener at 127.0.0.1/44447] INFO  ozone.MiniOzoneClusterImpl (MiniOzoneClusterImpl.java:lambda$waitForClusterToBeReady$0(227)) - SCM became leader
2023-03-29 21:18:41,517 [Command processor thread] INFO  server.RaftServer (RaftServerProxy.java:addNew(96)) - 07ed649d-abb7-49d9-8f25-6ee2674c4cb1: addNew group-872CD173240F:[07ed649d-abb7-49d9-8f25-6ee2674c4cb1|rpc:10.1.0.17:37627|dataStream:10.1.0.17:41833|priority:1|startupRole:FOLLOWER] returns group-872CD173240F:java.util.concurrent.CompletableFuture@708e9d46[Not completed]
2023-03-29 21:18:41,518 [pool-934-thread-1] INFO  server.RaftServer$Division (RaftServerImpl.java:<init>(195)) - 07ed649d-abb7-49d9-8f25-6ee2674c4cb1: new RaftServerImpl for group-872CD173240F:[07ed649d-abb7-49d9-8f25-6ee2674c4cb1|rpc:10.1.0.17:37627|dataStream:10.1.0.17:41833|priority:1|startupRole:FOLLOWER] with ContainerStateMachine:uninitialized
2023-03-29 21:18:41,518 [pool-934-thread-1] INFO  server.RaftServerConfigKeys (ConfUtils.java:logGet(46)) - raft.server.rpc.timeout.min = 5s (custom)
2023-03-29 21:18:41,519 [pool-934-thread-1] INFO  server.RaftServerConfigKeys (ConfUtils.java:logGet(46)) - raft.server.rpc.timeout.max = 5200ms (custom)
2023-03-29 21:18:41,519 [pool-934-thread-1] INFO  server.RaftServerConfigKeys (ConfUtils.java:logGet(46)) - raft.server.rpc.sleep.time = 25ms (default)
2023-03-29 21:18:41,519 [pool-934-thread-1] INFO  server.RaftServerConfigKeys (ConfUtils.java:logGet(46)) - raft.server.rpc.slowness.timeout = 300s (custom)
2023-03-29 21:18:41,519 [pool-934-thread-1] INFO  server.RaftServerConfigKeys (ConfUtils.java:logGet(46)) - raft.server.leaderelection.leader.step-down.wait-time = 10s (default)
2023-03-29 21:18:41,519 [pool-934-thread-1] INFO  server.RaftServerConfigKeys (ConfUtils.java:logGet(46)) - raft.server.sleep.deviation.threshold = 300ms (default)
2023-03-29 21:18:41,519 [pool-934-thread-1] INFO  server.RaftServer$Division (ServerState.java:<init>(118)) - 07ed649d-abb7-49d9-8f25-6ee2674c4cb1@group-872CD173240F: ConfigurationManager, init=-1: peers:[07ed649d-abb7-49d9-8f25-6ee2674c4cb1|rpc:10.1.0.17:37627|dataStream:10.1.0.17:41833|priority:1|startupRole:FOLLOWER]|listeners:[], old=null, confs=<EMPTY_MAP>
2023-03-29 21:18:41,519 [pool-934-thread-1] INFO  server.RaftServerConfigKeys (ConfUtils.java:logGet(46)) - raft.server.storage.dir = [/home/runner/work/ozone/ozone/hadoop-ozone/integration-test/target/test-dir/MiniOzoneClusterImpl-81c774c4-8c24-4526-9b8e-41dc3c8fdf7d/datanode-2/data/ratis] (custom)
2023-03-29 21:18:41,519 [pool-934-thread-1] INFO  server.RaftServerConfigKeys (ConfUtils.java:logGet(46)) - raft.server.log.corruption.policy = EXCEPTION (default)
2023-03-29 21:18:41,519 [pool-934-thread-1] INFO  server.RaftServerConfigKeys (ConfUtils.java:logGet(46)) - raft.server.storage.free-space.min = 0MB (=0) (default)
2023-03-29 21:18:41,519 [pool-934-thread-1] INFO  server.RaftServerConfigKeys (ConfUtils.java:logGet(46)) - raft.server.notification.no-leader.timeout = 300s (custom)
2023-03-29 21:18:41,519 [pool-934-thread-1] INFO  server.RaftServerConfigKeys (ConfUtils.java:logGet(46)) - raft.server.retrycache.expirytime = 600000ms (custom)
2023-03-29 21:18:41,519 [pool-934-thread-1] INFO  server.RaftServerConfigKeys (ConfUtils.java:logGet(46)) - raft.server.retrycache.statistics.expirytime = 100μs (default)
2023-03-29 21:18:41,520 [pool-934-thread-1] INFO  server.RaftServerConfigKeys (ConfUtils.java:logGet(46)) - raft.server.log.appender.install.snapshot.enabled = false (custom)
2023-03-29 21:18:41,520 [pool-934-thread-1] INFO  server.RaftServerConfigKeys (ConfUtils.java:logGet(46)) - raft.server.threadpool.server.cached = true (default)
2023-03-29 21:18:41,520 [pool-934-thread-1] INFO  server.RaftServerConfigKeys (ConfUtils.java:logGet(46)) - raft.server.threadpool.server.size = 0 (default)
2023-03-29 21:18:41,520 [pool-934-thread-1] INFO  server.RaftServerConfigKeys (ConfUtils.java:logGet(46)) - raft.server.threadpool.client.cached = true (default)
2023-03-29 21:18:41,520 [pool-934-thread-1] INFO  server.RaftServerConfigKeys (ConfUtils.java:logGet(46)) - raft.server.threadpool.client.size = 0 (default)
2023-03-29 21:18:41,520 [pool-934-thread-1] INFO  storage.RaftStorageDirectory (RaftStorageDirectoryImpl.java:analyzeStorage(137)) - The storage directory /home/runner/work/ozone/ozone/hadoop-ozone/integration-test/target/test-dir/MiniOzoneClusterImpl-81c774c4-8c24-4526-9b8e-41dc3c8fdf7d/datanode-2/data/ratis/de29d18c-2491-4a2d-88d2-872cd173240f does not exist. Creating ...
2023-03-29 21:18:41,521 [pool-934-thread-1] INFO  storage.RaftStorageDirectory (RaftStorageDirectoryImpl.java:tryLock(231)) - Lock on /home/runner/work/ozone/ozone/hadoop-ozone/integration-test/target/test-dir/MiniOzoneClusterImpl-81c774c4-8c24-4526-9b8e-41dc3c8fdf7d/datanode-2/data/ratis/de29d18c-2491-4a2d-88d2-872cd173240f/in_use.lock acquired by nodename 46426@fv-az308-773
2023-03-29 21:18:41,522 [pool-934-thread-1] INFO  storage.RaftStorage (RaftStorageImpl.java:format(96)) - Storage directory /home/runner/work/ozone/ozone/hadoop-ozone/integration-test/target/test-dir/MiniOzoneClusterImpl-81c774c4-8c24-4526-9b8e-41dc3c8fdf7d/datanode-2/data/ratis/de29d18c-2491-4a2d-88d2-872cd173240f has been successfully formatted.
2023-03-29 21:18:41,522 [pool-934-thread-1] INFO  ratis.ContainerStateMachine (ContainerStateMachine.java:loadSnapshot(262)) - group-872CD173240F: The snapshot info is null. Setting the last applied indexto:(t:0, i:~)
2023-03-29 21:18:41,522 [pool-934-thread-1] INFO  server.RaftServerConfigKeys (ConfUtils.java:logGet(46)) - raft.server.log.use.memory = false (default)
2023-03-29 21:18:41,522 [pool-934-thread-1] INFO  server.RaftServerConfigKeys (ConfUtils.java:logGet(46)) - raft.server.log.purge.gap = 1000000 (custom)
2023-03-29 21:18:41,522 [pool-934-thread-1] INFO  server.RaftServerConfigKeys (ConfUtils.java:logGet(46)) - raft.server.log.appender.buffer.byte-limit = 33554432 (custom)
2023-03-29 21:18:41,523 [pool-934-thread-1] INFO  server.RaftServerConfigKeys (ConfUtils.java:logGet(46)) - raft.server.log.statemachine.data.read.timeout = 1000ms (default)
2023-03-29 21:18:41,523 [pool-934-thread-1] INFO  server.RaftServerConfigKeys (ConfUtils.java:logGet(46)) - raft.server.log.purge.preservation.log.num = 0 (default)
2023-03-29 21:18:41,523 [pool-934-thread-1] INFO  server.RaftServerConfigKeys (ConfUtils.java:logGet(46)) - raft.server.log.segment.size.max = 1048576 (custom)
2023-03-29 21:18:41,523 [pool-934-thread-1] INFO  server.RaftServerConfigKeys (ConfUtils.java:logGet(46)) - raft.server.log.segment.cache.num.max = 2 (custom)
2023-03-29 21:18:41,523 [pool-934-thread-1] INFO  server.RaftServerConfigKeys (ConfUtils.java:logGet(46)) - raft.server.log.segment.cache.size.max = 200MB (=209715200) (default)
2023-03-29 21:18:41,523 [pool-934-thread-1] INFO  segmented.SegmentedRaftLogWorker (SegmentedRaftLogWorker.java:<init>(189)) - new 07ed649d-abb7-49d9-8f25-6ee2674c4cb1@group-872CD173240F-SegmentedRaftLogWorker for RaftStorageImpl:Storage Directory /home/runner/work/ozone/ozone/hadoop-ozone/integration-test/target/test-dir/MiniOzoneClusterImpl-81c774c4-8c24-4526-9b8e-41dc3c8fdf7d/datanode-2/data/ratis/de29d18c-2491-4a2d-88d2-872cd173240f
2023-03-29 21:18:41,523 [pool-934-thread-1] INFO  server.RaftServerConfigKeys (ConfUtils.java:logGet(46)) - raft.server.log.queue.byte-limit = 4294967296 (custom)
2023-03-29 21:18:41,524 [EventQueue-PipelineReportForPipelineReportHandler] INFO  pipeline.PipelineManagerImpl (PipelineManagerImpl.java:openPipeline(367)) - Pipeline Pipeline[ Id: de29d18c-2491-4a2d-88d2-872cd173240f, Nodes: 07ed649d-abb7-49d9-8f25-6ee2674c4cb1(fv-az308-773/10.1.0.17), ReplicationConfig: RATIS/ONE, State:ALLOCATED, leaderId:07ed649d-abb7-49d9-8f25-6ee2674c4cb1, CreationTimestamp2023-03-29T21:18:38.519Z[Etc/UTC]] moved to OPEN state
2023-03-29 21:18:41,524 [pool-934-thread-1] INFO  server.RaftServerConfigKeys (ConfUtils.java:logGet(46)) - raft.server.log.queue.element-limit = 1024 (custom)
2023-03-29 21:18:41,524 [pool-934-thread-1] INFO  server.RaftServerConfigKeys (ConfUtils.java:logGet(46)) - raft.server.log.segment.size.max = 1048576 (custom)
2023-03-29 21:18:41,524 [pool-934-thread-1] INFO  server.RaftServerConfigKeys (ConfUtils.java:logGet(46)) - raft.server.log.preallocated.size = 16384 (custom)
2023-03-29 21:18:41,524 [pool-934-thread-1] INFO  server.RaftServerConfigKeys (ConfUtils.java:logGet(46)) - raft.server.log.force.sync.num = 128 (default)
2023-03-29 21:18:41,524 [pool-934-thread-1] INFO  server.RaftServerConfigKeys (ConfUtils.java:logGet(46)) - raft.server.log.statemachine.data.sync = true (default)
2023-03-29 21:18:41,525 [pool-934-thread-1] INFO  server.RaftServerConfigKeys (ConfUtils.java:logGet(46)) - raft.server.log.statemachine.data.sync.timeout = 10s (default)
2023-03-29 21:18:41,525 [pool-934-thread-1] INFO  server.RaftServerConfigKeys (ConfUtils.java:logGet(46)) - raft.server.log.statemachine.data.sync.timeout.retry = -1 (default)
2023-03-29 21:18:41,525 [EventQueue-OpenPipelineForHealthyPipelineSafeModeRule] INFO  safemode.SCMSafeModeManager (HealthyPipelineSafeModeRule.java:process(137)) - SCM in safe mode. Healthy pipelines reported count is 0, required healthy pipeline reported count is 1
2023-03-29 21:18:41,525 [pool-934-thread-1] INFO  server.RaftServerConfigKeys (ConfUtils.java:logGet(46)) - raft.server.log.write.buffer.size = 1048576 (custom)
2023-03-29 21:18:41,525 [pool-934-thread-1] INFO  server.RaftServerConfigKeys (ConfUtils.java:logGet(46)) - raft.server.log.appender.buffer.byte-limit = 33554432 (custom)
2023-03-29 21:18:41,531 [pool-934-thread-1] INFO  server.RaftServerConfigKeys (ConfUtils.java:logGet(46)) - raft.server.log.unsafe-flush.enabled = false (default)
2023-03-29 21:18:41,531 [pool-934-thread-1] INFO  server.RaftServerConfigKeys (ConfUtils.java:logGet(46)) - raft.server.log.async-flush.enabled = false (default)
2023-03-29 21:18:41,531 [pool-934-thread-1] INFO  server.RaftServerConfigKeys (ConfUtils.java:logGet(46)) - raft.server.log.statemachine.data.caching.enabled = true (custom)
2023-03-29 21:18:41,531 [pool-934-thread-1] INFO  segmented.SegmentedRaftLogWorker (SegmentedRaftLogWorker.java:lambda$new$0(135)) - 07ed649d-abb7-49d9-8f25-6ee2674c4cb1@group-872CD173240F-SegmentedRaftLogWorker: flushIndex: setUnconditionally 0 -> -1
2023-03-29 21:18:41,531 [pool-934-thread-1] INFO  segmented.SegmentedRaftLogWorker (SegmentedRaftLogWorker.java:lambda$new$0(135)) - 07ed649d-abb7-49d9-8f25-6ee2674c4cb1@group-872CD173240F-SegmentedRaftLogWorker: safeCacheEvictIndex: setUnconditionally 0 -> -1
2023-03-29 21:18:41,532 [pool-934-thread-1] INFO  server.RaftServer$Division (RaftServerImpl.java:start(334)) - 07ed649d-abb7-49d9-8f25-6ee2674c4cb1@group-872CD173240F: start as a follower, conf=-1: peers:[07ed649d-abb7-49d9-8f25-6ee2674c4cb1|rpc:10.1.0.17:37627|dataStream:10.1.0.17:41833|priority:1|startupRole:FOLLOWER]|listeners:[], old=null
2023-03-29 21:18:41,532 [pool-934-thread-1] INFO  server.RaftServer$Division (RaftServerImpl.java:setRole(321)) - 07ed649d-abb7-49d9-8f25-6ee2674c4cb1@group-872CD173240F: changes role from      null to FOLLOWER at term 0 for startAsFollower
2023-03-29 21:18:41,532 [pool-934-thread-1] INFO  impl.RoleInfo (RoleInfo.java:updateAndGet(139)) - 07ed649d-abb7-49d9-8f25-6ee2674c4cb1: start 07ed649d-abb7-49d9-8f25-6ee2674c4cb1@group-872CD173240F-FollowerState
2023-03-29 21:18:41,532 [pool-934-thread-1] INFO  util.JmxRegister (JmxRegister.java:tryRegister(44)) - Successfully registered JMX Bean with object name Ratis:service=RaftServer,group=group-872CD173240F,id=07ed649d-abb7-49d9-8f25-6ee2674c4cb1
2023-03-29 21:18:41,532 [07ed649d-abb7-49d9-8f25-6ee2674c4cb1@group-872CD173240F-FollowerState] INFO  server.RaftServerConfigKeys (ConfUtils.java:logFallback(53)) - raft.server.rpc.first-election.timeout.min = 5s (fallback to raft.server.rpc.timeout.min)
2023-03-29 21:18:41,532 [pool-934-thread-1] INFO  server.RaftServerConfigKeys (ConfUtils.java:logGet(46)) - raft.server.snapshot.auto.trigger.enabled = true (custom)
2023-03-29 21:18:41,532 [07ed649d-abb7-49d9-8f25-6ee2674c4cb1@group-872CD173240F-FollowerState] INFO  server.RaftServerConfigKeys (ConfUtils.java:logFallback(53)) - raft.server.rpc.first-election.timeout.max = 5200ms (fallback to raft.server.rpc.timeout.max)
2023-03-29 21:18:41,532 [pool-934-thread-1] INFO  server.RaftServerConfigKeys (ConfUtils.java:logGet(46)) - raft.server.snapshot.auto.trigger.threshold = 10000 (custom)
2023-03-29 21:18:41,532 [pool-934-thread-1] INFO  server.RaftServerConfigKeys (ConfUtils.java:logGet(46)) - raft.server.snapshot.retention.file.num = 5 (custom)
2023-03-29 21:18:41,532 [pool-934-thread-1] INFO  server.RaftServerConfigKeys (ConfUtils.java:logGet(46)) - raft.server.log.purge.upto.snapshot.index = false (default)
2023-03-29 21:18:41,533 [Command processor thread] INFO  ratis.XceiverServerRatis (XceiverServerRatis.java:addGroup(806)) - Created group PipelineID=de29d18c-2491-4a2d-88d2-872cd173240f
2023-03-29 21:18:41,533 [Command processor thread] INFO  commandhandler.CreatePipelineCommandHandler (CreatePipelineCommandHandler.java:handle(113)) - Created Pipeline RATIS ONE PipelineID=de29d18c-2491-4a2d-88d2-872cd173240f.
2023-03-29 21:18:42,517 [Listener at 127.0.0.1/44447] INFO  ozone.MiniOzoneClusterImpl (MiniOzoneClusterImpl.java:lambda$waitForClusterToBeReady$0(222)) - Nodes are ready. Got 3 of 3 DN Heartbeats.
2023-03-29 21:18:42,517 [Listener at 127.0.0.1/44447] INFO  ozone.MiniOzoneClusterImpl (MiniOzoneClusterImpl.java:lambda$waitForClusterToBeReady$0(225)) - Waiting for cluster to exit safe mode
2023-03-29 21:18:42,517 [Listener at 127.0.0.1/44447] INFO  ozone.MiniOzoneClusterImpl (MiniOzoneClusterImpl.java:lambda$waitForClusterToBeReady$0(227)) - SCM became leader
2023-03-29 21:18:43,518 [Listener at 127.0.0.1/44447] INFO  ozone.MiniOzoneClusterImpl (MiniOzoneClusterImpl.java:lambda$waitForClusterToBeReady$0(222)) - Nodes are ready. Got 3 of 3 DN Heartbeats.
2023-03-29 21:18:43,518 [Listener at 127.0.0.1/44447] INFO  ozone.MiniOzoneClusterImpl (MiniOzoneClusterImpl.java:lambda$waitForClusterToBeReady$0(225)) - Waiting for cluster to exit safe mode
2023-03-29 21:18:43,518 [Listener at 127.0.0.1/44447] INFO  ozone.MiniOzoneClusterImpl (MiniOzoneClusterImpl.java:lambda$waitForClusterToBeReady$0(227)) - SCM became leader
2023-03-29 21:18:44,518 [Listener at 127.0.0.1/44447] INFO  ozone.MiniOzoneClusterImpl (MiniOzoneClusterImpl.java:lambda$waitForClusterToBeReady$0(222)) - Nodes are ready. Got 3 of 3 DN Heartbeats.
2023-03-29 21:18:44,518 [Listener at 127.0.0.1/44447] INFO  ozone.MiniOzoneClusterImpl (MiniOzoneClusterImpl.java:lambda$waitForClusterToBeReady$0(225)) - Waiting for cluster to exit safe mode
2023-03-29 21:18:44,518 [Listener at 127.0.0.1/44447] INFO  ozone.MiniOzoneClusterImpl (MiniOzoneClusterImpl.java:lambda$waitForClusterToBeReady$0(227)) - SCM became leader
2023-03-29 21:18:45,519 [Listener at 127.0.0.1/44447] INFO  ozone.MiniOzoneClusterImpl (MiniOzoneClusterImpl.java:lambda$waitForClusterToBeReady$0(222)) - Nodes are ready. Got 3 of 3 DN Heartbeats.
2023-03-29 21:18:45,519 [Listener at 127.0.0.1/44447] INFO  ozone.MiniOzoneClusterImpl (MiniOzoneClusterImpl.java:lambda$waitForClusterToBeReady$0(225)) - Waiting for cluster to exit safe mode
2023-03-29 21:18:45,519 [Listener at 127.0.0.1/44447] INFO  ozone.MiniOzoneClusterImpl (MiniOzoneClusterImpl.java:lambda$waitForClusterToBeReady$0(227)) - SCM became leader
2023-03-29 21:18:45,927 [306f285f-d174-4f26-bb71-a6ae1f938ea0@group-8CC9C4EAD960-FollowerState] INFO  impl.FollowerState (FollowerState.java:run(143)) - 306f285f-d174-4f26-bb71-a6ae1f938ea0@group-8CC9C4EAD960-FollowerState: change to CANDIDATE, lastRpcElapsedTime:5058886048ns, electionTimeout:5058ms
2023-03-29 21:18:45,927 [306f285f-d174-4f26-bb71-a6ae1f938ea0@group-8CC9C4EAD960-FollowerState] INFO  impl.RoleInfo (RoleInfo.java:shutdownFollowerState(110)) - 306f285f-d174-4f26-bb71-a6ae1f938ea0: shutdown 306f285f-d174-4f26-bb71-a6ae1f938ea0@group-8CC9C4EAD960-FollowerState
2023-03-29 21:18:45,927 [306f285f-d174-4f26-bb71-a6ae1f938ea0@group-8CC9C4EAD960-FollowerState] INFO  server.RaftServer$Division (RaftServerImpl.java:setRole(321)) - 306f285f-d174-4f26-bb71-a6ae1f938ea0@group-8CC9C4EAD960: changes role from  FOLLOWER to CANDIDATE at term 0 for changeToCandidate
2023-03-29 21:18:45,927 [306f285f-d174-4f26-bb71-a6ae1f938ea0@group-8CC9C4EAD960-FollowerState] INFO  server.RaftServerConfigKeys (ConfUtils.java:logGet(46)) - raft.server.leaderelection.pre-vote = true (default)
2023-03-29 21:18:45,927 [306f285f-d174-4f26-bb71-a6ae1f938ea0@group-8CC9C4EAD960-FollowerState] INFO  impl.RoleInfo (RoleInfo.java:updateAndGet(139)) - 306f285f-d174-4f26-bb71-a6ae1f938ea0: start 306f285f-d174-4f26-bb71-a6ae1f938ea0@group-8CC9C4EAD960-LeaderElection36
2023-03-29 21:18:45,929 [306f285f-d174-4f26-bb71-a6ae1f938ea0@group-8CC9C4EAD960-LeaderElection36] INFO  impl.LeaderElection (LeaderElection.java:askForVotes(312)) - 306f285f-d174-4f26-bb71-a6ae1f938ea0@group-8CC9C4EAD960-LeaderElection36 PRE_VOTE round 0: submit vote requests at term 0 for -1: peers:[306f285f-d174-4f26-bb71-a6ae1f938ea0|rpc:10.1.0.17:45957|dataStream:10.1.0.17:32955|priority:1|startupRole:FOLLOWER]|listeners:[], old=null
2023-03-29 21:18:45,929 [306f285f-d174-4f26-bb71-a6ae1f938ea0@group-8CC9C4EAD960-LeaderElection36] INFO  impl.LeaderElection (LeaderElection.java:askForVotes(314)) - 306f285f-d174-4f26-bb71-a6ae1f938ea0@group-8CC9C4EAD960-LeaderElection36 PRE_VOTE round 0: result PASSED (term=0)
2023-03-29 21:18:45,931 [306f285f-d174-4f26-bb71-a6ae1f938ea0@group-8CC9C4EAD960-LeaderElection36] INFO  impl.LeaderElection (LeaderElection.java:askForVotes(312)) - 306f285f-d174-4f26-bb71-a6ae1f938ea0@group-8CC9C4EAD960-LeaderElection36 ELECTION round 0: submit vote requests at term 1 for -1: peers:[306f285f-d174-4f26-bb71-a6ae1f938ea0|rpc:10.1.0.17:45957|dataStream:10.1.0.17:32955|priority:1|startupRole:FOLLOWER]|listeners:[], old=null
2023-03-29 21:18:45,931 [306f285f-d174-4f26-bb71-a6ae1f938ea0@group-8CC9C4EAD960-LeaderElection36] INFO  impl.LeaderElection (LeaderElection.java:askForVotes(314)) - 306f285f-d174-4f26-bb71-a6ae1f938ea0@group-8CC9C4EAD960-LeaderElection36 ELECTION round 0: result PASSED (term=1)
2023-03-29 21:18:45,931 [306f285f-d174-4f26-bb71-a6ae1f938ea0@group-8CC9C4EAD960-LeaderElection36] INFO  impl.RoleInfo (RoleInfo.java:shutdownLeaderElection(130)) - 306f285f-d174-4f26-bb71-a6ae1f938ea0: shutdown 306f285f-d174-4f26-bb71-a6ae1f938ea0@group-8CC9C4EAD960-LeaderElection36
2023-03-29 21:18:45,931 [306f285f-d174-4f26-bb71-a6ae1f938ea0@group-8CC9C4EAD960-LeaderElection36] INFO  server.RaftServer$Division (RaftServerImpl.java:setRole(321)) - 306f285f-d174-4f26-bb71-a6ae1f938ea0@group-8CC9C4EAD960: changes role from CANDIDATE to LEADER at term 1 for changeToLeader
2023-03-29 21:18:45,931 [306f285f-d174-4f26-bb71-a6ae1f938ea0@group-8CC9C4EAD960-LeaderElection36] INFO  ratis.XceiverServerRatis (XceiverServerRatis.java:handleLeaderChangedNotification(904)) - Leader change notification received for group: group-8CC9C4EAD960 with new leaderId: 306f285f-d174-4f26-bb71-a6ae1f938ea0
2023-03-29 21:18:45,931 [306f285f-d174-4f26-bb71-a6ae1f938ea0@group-8CC9C4EAD960-LeaderElection36] INFO  server.RaftServer$Division (ServerState.java:setLeader(313)) - 306f285f-d174-4f26-bb71-a6ae1f938ea0@group-8CC9C4EAD960: change Leader from null to 306f285f-d174-4f26-bb71-a6ae1f938ea0 at term 1 for becomeLeader, leader elected after 5075ms
2023-03-29 21:18:45,931 [306f285f-d174-4f26-bb71-a6ae1f938ea0@group-8CC9C4EAD960-LeaderElection36] INFO  server.RaftServerConfigKeys (ConfUtils.java:logGet(46)) - raft.server.staging.catchup.gap = 1000 (default)
2023-03-29 21:18:45,932 [306f285f-d174-4f26-bb71-a6ae1f938ea0@group-8CC9C4EAD960-LeaderElection36] INFO  server.RaftServerConfigKeys (ConfUtils.java:logGet(46)) - raft.server.write.element-limit = 1024 (custom)
2023-03-29 21:18:45,933 [306f285f-d174-4f26-bb71-a6ae1f938ea0@group-8CC9C4EAD960-LeaderElection36] INFO  server.RaftServerConfigKeys (ConfUtils.java:logGet(46)) - raft.server.write.byte-limit = 1024 M (=1073741824) (custom)
2023-03-29 21:18:45,932 [EventQueue-OpenPipelineForHealthyPipelineSafeModeRule] INFO  safemode.SCMSafeModeManager (HealthyPipelineSafeModeRule.java:process(137)) - SCM in safe mode. Healthy pipelines reported count is 0, required healthy pipeline reported count is 1
2023-03-29 21:18:45,933 [306f285f-d174-4f26-bb71-a6ae1f938ea0@group-8CC9C4EAD960-LeaderElection36] INFO  server.RaftServerConfigKeys (ConfUtils.java:logGet(46)) - raft.server.watch.timeout = 180s (custom)
2023-03-29 21:18:45,933 [306f285f-d174-4f26-bb71-a6ae1f938ea0@group-8CC9C4EAD960-LeaderElection36] INFO  server.RaftServerConfigKeys (ConfUtils.java:logGet(46)) - raft.server.watch.timeout.denomination = 1s (default)
2023-03-29 21:18:45,933 [306f285f-d174-4f26-bb71-a6ae1f938ea0@group-8CC9C4EAD960-LeaderElection36] INFO  server.RaftServerConfigKeys (ConfUtils.java:logGet(46)) - raft.server.watch.element-limit = 65536 (default)
2023-03-29 21:18:45,933 [306f285f-d174-4f26-bb71-a6ae1f938ea0@group-8CC9C4EAD960-LeaderElection36] INFO  server.RaftServerConfigKeys (ConfUtils.java:logGet(46)) - raft.server.write.element-limit = 1024 (custom)
2023-03-29 21:18:45,933 [306f285f-d174-4f26-bb71-a6ae1f938ea0@group-8CC9C4EAD960-LeaderElection36] INFO  server.RaftServerConfigKeys (ConfUtils.java:logGet(46)) - raft.server.write.follower.gap.ratio.max = -1.0 (default)
2023-03-29 21:18:45,933 [306f285f-d174-4f26-bb71-a6ae1f938ea0@group-8CC9C4EAD960-LeaderElection36] INFO  impl.RoleInfo (RoleInfo.java:updateAndGet(139)) - 306f285f-d174-4f26-bb71-a6ae1f938ea0: start 306f285f-d174-4f26-bb71-a6ae1f938ea0@group-8CC9C4EAD960-LeaderStateImpl
2023-03-29 21:18:45,933 [306f285f-d174-4f26-bb71-a6ae1f938ea0@group-8CC9C4EAD960-LeaderElection36] INFO  segmented.SegmentedRaftLogWorker (SegmentedRaftLogWorker.java:startLogSegment(452)) - 306f285f-d174-4f26-bb71-a6ae1f938ea0@group-8CC9C4EAD960-SegmentedRaftLogWorker: Starting segment from index:0
2023-03-29 21:18:45,935 [306f285f-d174-4f26-bb71-a6ae1f938ea0@group-8CC9C4EAD960-LeaderElection36] INFO  server.RaftServer$Division (ServerState.java:setRaftConf(430)) - 306f285f-d174-4f26-bb71-a6ae1f938ea0@group-8CC9C4EAD960: set configuration 0: peers:[306f285f-d174-4f26-bb71-a6ae1f938ea0|rpc:10.1.0.17:45957|dataStream:10.1.0.17:32955|priority:1|startupRole:FOLLOWER]|listeners:[], old=null
2023-03-29 21:18:45,935 [306f285f-d174-4f26-bb71-a6ae1f938ea0@group-8CC9C4EAD960-SegmentedRaftLogWorker] INFO  segmented.SegmentedRaftLogWorker (SegmentedRaftLogWorker.java:execute(656)) - 306f285f-d174-4f26-bb71-a6ae1f938ea0@group-8CC9C4EAD960-SegmentedRaftLogWorker: created new log segment /home/runner/work/ozone/ozone/hadoop-ozone/integration-test/target/test-dir/MiniOzoneClusterImpl-81c774c4-8c24-4526-9b8e-41dc3c8fdf7d/datanode-0/data/ratis/e788ac12-2af6-445e-9de4-8cc9c4ead960/current/log_inprogress_0
2023-03-29 21:18:46,023 [306f285f-d174-4f26-bb71-a6ae1f938ea0@group-EEEBF4493268-FollowerState] INFO  impl.FollowerState (FollowerState.java:run(143)) - 306f285f-d174-4f26-bb71-a6ae1f938ea0@group-EEEBF4493268-FollowerState: change to CANDIDATE, lastRpcElapsedTime:5139502006ns, electionTimeout:5139ms
2023-03-29 21:18:46,023 [306f285f-d174-4f26-bb71-a6ae1f938ea0@group-EEEBF4493268-FollowerState] INFO  impl.RoleInfo (RoleInfo.java:shutdownFollowerState(110)) - 306f285f-d174-4f26-bb71-a6ae1f938ea0: shutdown 306f285f-d174-4f26-bb71-a6ae1f938ea0@group-EEEBF4493268-FollowerState
2023-03-29 21:18:46,023 [306f285f-d174-4f26-bb71-a6ae1f938ea0@group-EEEBF4493268-FollowerState] INFO  server.RaftServer$Division (RaftServerImpl.java:setRole(321)) - 306f285f-d174-4f26-bb71-a6ae1f938ea0@group-EEEBF4493268: changes role from  FOLLOWER to CANDIDATE at term 0 for changeToCandidate
2023-03-29 21:18:46,023 [306f285f-d174-4f26-bb71-a6ae1f938ea0@group-EEEBF4493268-FollowerState] INFO  server.RaftServerConfigKeys (ConfUtils.java:logGet(46)) - raft.server.leaderelection.pre-vote = true (default)
2023-03-29 21:18:46,023 [306f285f-d174-4f26-bb71-a6ae1f938ea0@group-EEEBF4493268-FollowerState] INFO  impl.RoleInfo (RoleInfo.java:updateAndGet(139)) - 306f285f-d174-4f26-bb71-a6ae1f938ea0: start 306f285f-d174-4f26-bb71-a6ae1f938ea0@group-EEEBF4493268-LeaderElection37
2023-03-29 21:18:46,028 [306f285f-d174-4f26-bb71-a6ae1f938ea0@group-EEEBF4493268-LeaderElection37] INFO  impl.LeaderElection (LeaderElection.java:askForVotes(312)) - 306f285f-d174-4f26-bb71-a6ae1f938ea0@group-EEEBF4493268-LeaderElection37 PRE_VOTE round 0: submit vote requests at term 0 for -1: peers:[07ed649d-abb7-49d9-8f25-6ee2674c4cb1|rpc:10.1.0.17:37627|dataStream:10.1.0.17:41833|priority:1|startupRole:FOLLOWER, 306f285f-d174-4f26-bb71-a6ae1f938ea0|rpc:10.1.0.17:45957|dataStream:10.1.0.17:32955|priority:0|startupRole:FOLLOWER, dee73a76-5b7c-4518-85e5-022f097c94ce|rpc:10.1.0.17:40537|dataStream:10.1.0.17:43583|priority:0|startupRole:FOLLOWER]|listeners:[], old=null
2023-03-29 21:18:46,028 [306f285f-d174-4f26-bb71-a6ae1f938ea0@group-EEEBF4493268-LeaderElection37] INFO  server.RaftServerConfigKeys (ConfUtils.java:logFallback(53)) - raft.server.rpc.first-election.timeout.min = 5s (fallback to raft.server.rpc.timeout.min)
2023-03-29 21:18:46,028 [306f285f-d174-4f26-bb71-a6ae1f938ea0@group-EEEBF4493268-LeaderElection37-1] INFO  server.GrpcServerProtocolClient (GrpcServerProtocolClient.java:<init>(63)) - Build channel for 07ed649d-abb7-49d9-8f25-6ee2674c4cb1
2023-03-29 21:18:46,029 [306f285f-d174-4f26-bb71-a6ae1f938ea0@group-EEEBF4493268-LeaderElection37] INFO  server.RaftServerConfigKeys (ConfUtils.java:logFallback(53)) - raft.server.rpc.first-election.timeout.max = 5200ms (fallback to raft.server.rpc.timeout.max)
2023-03-29 21:18:46,029 [306f285f-d174-4f26-bb71-a6ae1f938ea0@group-EEEBF4493268-LeaderElection37-2] INFO  server.GrpcServerProtocolClient (GrpcServerProtocolClient.java:<init>(63)) - Build channel for dee73a76-5b7c-4518-85e5-022f097c94ce
2023-03-29 21:18:46,038 [grpc-default-executor-0] INFO  server.RaftServer$Division (RaftServerImpl.java:requestVote(1218)) - 07ed649d-abb7-49d9-8f25-6ee2674c4cb1@group-EEEBF4493268: receive requestVote(PRE_VOTE, 306f285f-d174-4f26-bb71-a6ae1f938ea0, group-EEEBF4493268, 0, (t:0, i:0))
2023-03-29 21:18:46,038 [grpc-default-executor-0] INFO  impl.VoteContext (VoteContext.java:log(49)) - 07ed649d-abb7-49d9-8f25-6ee2674c4cb1@group-EEEBF4493268-FOLLOWER: reject PRE_VOTE from 306f285f-d174-4f26-bb71-a6ae1f938ea0: our priority 1 > candidate's priority 0
2023-03-29 21:18:46,038 [grpc-default-executor-0] INFO  server.RaftServer$Division (RaftServerImpl.java:requestVote(1251)) - 07ed649d-abb7-49d9-8f25-6ee2674c4cb1@group-EEEBF4493268 replies to PRE_VOTE vote request: 306f285f-d174-4f26-bb71-a6ae1f938ea0<-07ed649d-abb7-49d9-8f25-6ee2674c4cb1#0:FAIL-t0. Peer's state: 07ed649d-abb7-49d9-8f25-6ee2674c4cb1@group-EEEBF4493268:t0, leader=null, voted=, raftlog=Memoized:07ed649d-abb7-49d9-8f25-6ee2674c4cb1@group-EEEBF4493268-SegmentedRaftLog:OPENED:c-1, conf=-1: peers:[07ed649d-abb7-49d9-8f25-6ee2674c4cb1|rpc:10.1.0.17:37627|dataStream:10.1.0.17:41833|priority:1|startupRole:FOLLOWER, 306f285f-d174-4f26-bb71-a6ae1f938ea0|rpc:10.1.0.17:45957|dataStream:10.1.0.17:32955|priority:0|startupRole:FOLLOWER, dee73a76-5b7c-4518-85e5-022f097c94ce|rpc:10.1.0.17:40537|dataStream:10.1.0.17:43583|priority:0|startupRole:FOLLOWER]|listeners:[], old=null
2023-03-29 21:18:46,039 [306f285f-d174-4f26-bb71-a6ae1f938ea0@group-EEEBF4493268-LeaderElection37] INFO  impl.LeaderElection (LeaderElection.java:logAndReturn(90)) - 306f285f-d174-4f26-bb71-a6ae1f938ea0@group-EEEBF4493268-LeaderElection37: PRE_VOTE REJECTED received 1 response(s) and 0 exception(s):
2023-03-29 21:18:46,039 [306f285f-d174-4f26-bb71-a6ae1f938ea0@group-EEEBF4493268-LeaderElection37] INFO  impl.LeaderElection (LeaderElection.java:logAndReturn(94)) -   Response 0: 306f285f-d174-4f26-bb71-a6ae1f938ea0<-07ed649d-abb7-49d9-8f25-6ee2674c4cb1#0:FAIL-t0
2023-03-29 21:18:46,039 [306f285f-d174-4f26-bb71-a6ae1f938ea0@group-EEEBF4493268-LeaderElection37] INFO  impl.LeaderElection (LeaderElection.java:askForVotes(314)) - 306f285f-d174-4f26-bb71-a6ae1f938ea0@group-EEEBF4493268-LeaderElection37 PRE_VOTE round 0: result REJECTED
2023-03-29 21:18:46,039 [306f285f-d174-4f26-bb71-a6ae1f938ea0@group-EEEBF4493268-LeaderElection37] INFO  server.RaftServer$Division (RaftServerImpl.java:setRole(321)) - 306f285f-d174-4f26-bb71-a6ae1f938ea0@group-EEEBF4493268: changes role from CANDIDATE to FOLLOWER at term 0 for REJECTED
2023-03-29 21:18:46,039 [306f285f-d174-4f26-bb71-a6ae1f938ea0@group-EEEBF4493268-LeaderElection37] INFO  impl.RoleInfo (RoleInfo.java:shutdownLeaderElection(130)) - 306f285f-d174-4f26-bb71-a6ae1f938ea0: shutdown 306f285f-d174-4f26-bb71-a6ae1f938ea0@group-EEEBF4493268-LeaderElection37
2023-03-29 21:18:46,039 [306f285f-d174-4f26-bb71-a6ae1f938ea0@group-EEEBF4493268-LeaderElection37] INFO  impl.RoleInfo (RoleInfo.java:updateAndGet(139)) - 306f285f-d174-4f26-bb71-a6ae1f938ea0: start 306f285f-d174-4f26-bb71-a6ae1f938ea0@group-EEEBF4493268-FollowerState
2023-03-29 21:18:46,040 [306f285f-d174-4f26-bb71-a6ae1f938ea0@group-EEEBF4493268-FollowerState] INFO  server.RaftServerConfigKeys (ConfUtils.java:logFallback(53)) - raft.server.rpc.first-election.timeout.min = 5s (fallback to raft.server.rpc.timeout.min)
2023-03-29 21:18:46,040 [306f285f-d174-4f26-bb71-a6ae1f938ea0@group-EEEBF4493268-FollowerState] INFO  server.RaftServerConfigKeys (ConfUtils.java:logFallback(53)) - raft.server.rpc.first-election.timeout.max = 5200ms (fallback to raft.server.rpc.timeout.max)
2023-03-29 21:18:46,042 [grpc-default-executor-0] INFO  server.RaftServer$Division (RaftServerImpl.java:requestVote(1218)) - dee73a76-5b7c-4518-85e5-022f097c94ce@group-EEEBF4493268: receive requestVote(PRE_VOTE, 306f285f-d174-4f26-bb71-a6ae1f938ea0, group-EEEBF4493268, 0, (t:0, i:0))
2023-03-29 21:18:46,042 [grpc-default-executor-0] INFO  impl.VoteContext (VoteContext.java:log(49)) - dee73a76-5b7c-4518-85e5-022f097c94ce@group-EEEBF4493268-FOLLOWER: accept PRE_VOTE from 306f285f-d174-4f26-bb71-a6ae1f938ea0: our priority 0 <= candidate's priority 0
2023-03-29 21:18:46,042 [grpc-default-executor-0] INFO  server.RaftServer$Division (RaftServerImpl.java:requestVote(1251)) - dee73a76-5b7c-4518-85e5-022f097c94ce@group-EEEBF4493268 replies to PRE_VOTE vote request: 306f285f-d174-4f26-bb71-a6ae1f938ea0<-dee73a76-5b7c-4518-85e5-022f097c94ce#0:OK-t0. Peer's state: dee73a76-5b7c-4518-85e5-022f097c94ce@group-EEEBF4493268:t0, leader=null, voted=, raftlog=Memoized:dee73a76-5b7c-4518-85e5-022f097c94ce@group-EEEBF4493268-SegmentedRaftLog:OPENED:c-1, conf=-1: peers:[07ed649d-abb7-49d9-8f25-6ee2674c4cb1|rpc:10.1.0.17:37627|dataStream:10.1.0.17:41833|priority:1|startupRole:FOLLOWER, 306f285f-d174-4f26-bb71-a6ae1f938ea0|rpc:10.1.0.17:45957|dataStream:10.1.0.17:32955|priority:0|startupRole:FOLLOWER, dee73a76-5b7c-4518-85e5-022f097c94ce|rpc:10.1.0.17:40537|dataStream:10.1.0.17:43583|priority:0|startupRole:FOLLOWER]|listeners:[], old=null
2023-03-29 21:18:46,043 [dee73a76-5b7c-4518-85e5-022f097c94ce@group-EEEBF4493268-FollowerState] INFO  server.RaftServerConfigKeys (ConfUtils.java:logFallback(53)) - raft.server.rpc.first-election.timeout.min = 5s (fallback to raft.server.rpc.timeout.min)
2023-03-29 21:18:46,043 [dee73a76-5b7c-4518-85e5-022f097c94ce@group-EEEBF4493268-FollowerState] INFO  server.RaftServerConfigKeys (ConfUtils.java:logFallback(53)) - raft.server.rpc.first-election.timeout.max = 5200ms (fallback to raft.server.rpc.timeout.max)
2023-03-29 21:18:46,044 [07ed649d-abb7-49d9-8f25-6ee2674c4cb1@group-EEEBF4493268-FollowerState] INFO  impl.FollowerState (FollowerState.java:run(143)) - 07ed649d-abb7-49d9-8f25-6ee2674c4cb1@group-EEEBF4493268-FollowerState: change to CANDIDATE, lastRpcElapsedTime:5052890389ns, electionTimeout:5049ms
2023-03-29 21:18:46,044 [07ed649d-abb7-49d9-8f25-6ee2674c4cb1@group-EEEBF4493268-FollowerState] INFO  impl.RoleInfo (RoleInfo.java:shutdownFollowerState(110)) - 07ed649d-abb7-49d9-8f25-6ee2674c4cb1: shutdown 07ed649d-abb7-49d9-8f25-6ee2674c4cb1@group-EEEBF4493268-FollowerState
2023-03-29 21:18:46,045 [07ed649d-abb7-49d9-8f25-6ee2674c4cb1@group-EEEBF4493268-FollowerState] INFO  server.RaftServer$Division (RaftServerImpl.java:setRole(321)) - 07ed649d-abb7-49d9-8f25-6ee2674c4cb1@group-EEEBF4493268: changes role from  FOLLOWER to CANDIDATE at term 0 for changeToCandidate
2023-03-29 21:18:46,045 [07ed649d-abb7-49d9-8f25-6ee2674c4cb1@group-EEEBF4493268-FollowerState] INFO  server.RaftServerConfigKeys (ConfUtils.java:logGet(46)) - raft.server.leaderelection.pre-vote = true (default)
2023-03-29 21:18:46,045 [07ed649d-abb7-49d9-8f25-6ee2674c4cb1@group-EEEBF4493268-FollowerState] INFO  impl.RoleInfo (RoleInfo.java:updateAndGet(139)) - 07ed649d-abb7-49d9-8f25-6ee2674c4cb1: start 07ed649d-abb7-49d9-8f25-6ee2674c4cb1@group-EEEBF4493268-LeaderElection38
2023-03-29 21:18:46,049 [07ed649d-abb7-49d9-8f25-6ee2674c4cb1@group-EEEBF4493268-LeaderElection38] INFO  impl.LeaderElection (LeaderElection.java:askForVotes(312)) - 07ed649d-abb7-49d9-8f25-6ee2674c4cb1@group-EEEBF4493268-LeaderElection38 PRE_VOTE round 0: submit vote requests at term 0 for -1: peers:[07ed649d-abb7-49d9-8f25-6ee2674c4cb1|rpc:10.1.0.17:37627|dataStream:10.1.0.17:41833|priority:1|startupRole:FOLLOWER, 306f285f-d174-4f26-bb71-a6ae1f938ea0|rpc:10.1.0.17:45957|dataStream:10.1.0.17:32955|priority:0|startupRole:FOLLOWER, dee73a76-5b7c-4518-85e5-022f097c94ce|rpc:10.1.0.17:40537|dataStream:10.1.0.17:43583|priority:0|startupRole:FOLLOWER]|listeners:[], old=null
2023-03-29 21:18:46,053 [07ed649d-abb7-49d9-8f25-6ee2674c4cb1@group-EEEBF4493268-LeaderElection38-1] INFO  server.GrpcServerProtocolClient (GrpcServerProtocolClient.java:<init>(63)) - Build channel for 306f285f-d174-4f26-bb71-a6ae1f938ea0
2023-03-29 21:18:46,057 [07ed649d-abb7-49d9-8f25-6ee2674c4cb1@group-EEEBF4493268-LeaderElection38] INFO  server.RaftServerConfigKeys (ConfUtils.java:logFallback(53)) - raft.server.rpc.first-election.timeout.min = 5s (fallback to raft.server.rpc.timeout.min)
2023-03-29 21:18:46,057 [07ed649d-abb7-49d9-8f25-6ee2674c4cb1@group-EEEBF4493268-LeaderElection38] INFO  server.RaftServerConfigKeys (ConfUtils.java:logFallback(53)) - raft.server.rpc.first-election.timeout.max = 5200ms (fallback to raft.server.rpc.timeout.max)
2023-03-29 21:18:46,060 [grpc-default-executor-0] INFO  server.RaftServer$Division (RaftServerImpl.java:requestVote(1218)) - 306f285f-d174-4f26-bb71-a6ae1f938ea0@group-EEEBF4493268: receive requestVote(PRE_VOTE, 07ed649d-abb7-49d9-8f25-6ee2674c4cb1, group-EEEBF4493268, 0, (t:0, i:0))
2023-03-29 21:18:46,060 [grpc-default-executor-0] INFO  impl.VoteContext (VoteContext.java:log(49)) - 306f285f-d174-4f26-bb71-a6ae1f938ea0@group-EEEBF4493268-FOLLOWER: accept PRE_VOTE from 07ed649d-abb7-49d9-8f25-6ee2674c4cb1: our priority 0 <= candidate's priority 1
2023-03-29 21:18:46,060 [grpc-default-executor-0] INFO  server.RaftServer$Division (RaftServerImpl.java:requestVote(1251)) - 306f285f-d174-4f26-bb71-a6ae1f938ea0@group-EEEBF4493268 replies to PRE_VOTE vote request: 07ed649d-abb7-49d9-8f25-6ee2674c4cb1<-306f285f-d174-4f26-bb71-a6ae1f938ea0#0:OK-t0. Peer's state: 306f285f-d174-4f26-bb71-a6ae1f938ea0@group-EEEBF4493268:t0, leader=null, voted=, raftlog=Memoized:306f285f-d174-4f26-bb71-a6ae1f938ea0@group-EEEBF4493268-SegmentedRaftLog:OPENED:c-1, conf=-1: peers:[07ed649d-abb7-49d9-8f25-6ee2674c4cb1|rpc:10.1.0.17:37627|dataStream:10.1.0.17:41833|priority:1|startupRole:FOLLOWER, 306f285f-d174-4f26-bb71-a6ae1f938ea0|rpc:10.1.0.17:45957|dataStream:10.1.0.17:32955|priority:0|startupRole:FOLLOWER, dee73a76-5b7c-4518-85e5-022f097c94ce|rpc:10.1.0.17:40537|dataStream:10.1.0.17:43583|priority:0|startupRole:FOLLOWER]|listeners:[], old=null
2023-03-29 21:18:46,062 [07ed649d-abb7-49d9-8f25-6ee2674c4cb1@group-EEEBF4493268-LeaderElection38-2] INFO  server.GrpcServerProtocolClient (GrpcServerProtocolClient.java:<init>(63)) - Build channel for dee73a76-5b7c-4518-85e5-022f097c94ce
2023-03-29 21:18:46,063 [07ed649d-abb7-49d9-8f25-6ee2674c4cb1@group-EEEBF4493268-LeaderElection38] INFO  impl.LeaderElection (LeaderElection.java:logAndReturn(90)) - 07ed649d-abb7-49d9-8f25-6ee2674c4cb1@group-EEEBF4493268-LeaderElection38: PRE_VOTE PASSED received 1 response(s) and 0 exception(s):
2023-03-29 21:18:46,063 [07ed649d-abb7-49d9-8f25-6ee2674c4cb1@group-EEEBF4493268-LeaderElection38] INFO  impl.LeaderElection (LeaderElection.java:logAndReturn(94)) -   Response 0: 07ed649d-abb7-49d9-8f25-6ee2674c4cb1<-306f285f-d174-4f26-bb71-a6ae1f938ea0#0:OK-t0
2023-03-29 21:18:46,064 [07ed649d-abb7-49d9-8f25-6ee2674c4cb1@group-EEEBF4493268-LeaderElection38] INFO  impl.LeaderElection (LeaderElection.java:askForVotes(314)) - 07ed649d-abb7-49d9-8f25-6ee2674c4cb1@group-EEEBF4493268-LeaderElection38 PRE_VOTE round 0: result PASSED
2023-03-29 21:18:46,065 [07ed649d-abb7-49d9-8f25-6ee2674c4cb1@group-EEEBF4493268-LeaderElection38] INFO  impl.LeaderElection (LeaderElection.java:askForVotes(312)) - 07ed649d-abb7-49d9-8f25-6ee2674c4cb1@group-EEEBF4493268-LeaderElection38 ELECTION round 0: submit vote requests at term 1 for -1: peers:[07ed649d-abb7-49d9-8f25-6ee2674c4cb1|rpc:10.1.0.17:37627|dataStream:10.1.0.17:41833|priority:1|startupRole:FOLLOWER, 306f285f-d174-4f26-bb71-a6ae1f938ea0|rpc:10.1.0.17:45957|dataStream:10.1.0.17:32955|priority:0|startupRole:FOLLOWER, dee73a76-5b7c-4518-85e5-022f097c94ce|rpc:10.1.0.17:40537|dataStream:10.1.0.17:43583|priority:0|startupRole:FOLLOWER]|listeners:[], old=null
2023-03-29 21:18:46,066 [07ed649d-abb7-49d9-8f25-6ee2674c4cb1@group-EEEBF4493268-LeaderElection38] INFO  server.RaftServerConfigKeys (ConfUtils.java:logFallback(53)) - raft.server.rpc.first-election.timeout.min = 5s (fallback to raft.server.rpc.timeout.min)
2023-03-29 21:18:46,066 [07ed649d-abb7-49d9-8f25-6ee2674c4cb1@group-EEEBF4493268-LeaderElection38] INFO  server.RaftServerConfigKeys (ConfUtils.java:logFallback(53)) - raft.server.rpc.first-election.timeout.max = 5200ms (fallback to raft.server.rpc.timeout.max)
2023-03-29 21:18:46,069 [grpc-default-executor-0] INFO  server.RaftServer$Division (RaftServerImpl.java:requestVote(1218)) - dee73a76-5b7c-4518-85e5-022f097c94ce@group-EEEBF4493268: receive requestVote(ELECTION, 07ed649d-abb7-49d9-8f25-6ee2674c4cb1, group-EEEBF4493268, 1, (t:0, i:0))
2023-03-29 21:18:46,069 [grpc-default-executor-0] INFO  impl.VoteContext (VoteContext.java:log(49)) - dee73a76-5b7c-4518-85e5-022f097c94ce@group-EEEBF4493268-FOLLOWER: accept ELECTION from 07ed649d-abb7-49d9-8f25-6ee2674c4cb1: our priority 0 <= candidate's priority 1
2023-03-29 21:18:46,069 [grpc-default-executor-0] INFO  server.RaftServer$Division (RaftServerImpl.java:setRole(321)) - dee73a76-5b7c-4518-85e5-022f097c94ce@group-EEEBF4493268: changes role from  FOLLOWER to FOLLOWER at term 1 for candidate:07ed649d-abb7-49d9-8f25-6ee2674c4cb1
2023-03-29 21:18:46,069 [grpc-default-executor-0] INFO  impl.RoleInfo (RoleInfo.java:shutdownFollowerState(110)) - dee73a76-5b7c-4518-85e5-022f097c94ce: shutdown dee73a76-5b7c-4518-85e5-022f097c94ce@group-EEEBF4493268-FollowerState
2023-03-29 21:18:46,069 [grpc-default-executor-0] INFO  impl.RoleInfo (RoleInfo.java:updateAndGet(139)) - dee73a76-5b7c-4518-85e5-022f097c94ce: start dee73a76-5b7c-4518-85e5-022f097c94ce@group-EEEBF4493268-FollowerState
2023-03-29 21:18:46,069 [dee73a76-5b7c-4518-85e5-022f097c94ce@group-EEEBF4493268-FollowerState] INFO  impl.FollowerState (FollowerState.java:run(152)) - dee73a76-5b7c-4518-85e5-022f097c94ce@group-EEEBF4493268-FollowerState was interrupted
2023-03-29 21:18:46,074 [dee73a76-5b7c-4518-85e5-022f097c94ce@group-EEEBF4493268-FollowerState] INFO  server.RaftServerConfigKeys (ConfUtils.java:logFallback(53)) - raft.server.rpc.first-election.timeout.min = 5s (fallback to raft.server.rpc.timeout.min)
2023-03-29 21:18:46,075 [dee73a76-5b7c-4518-85e5-022f097c94ce@group-EEEBF4493268-FollowerState] INFO  server.RaftServerConfigKeys (ConfUtils.java:logFallback(53)) - raft.server.rpc.first-election.timeout.max = 5200ms (fallback to raft.server.rpc.timeout.max)
2023-03-29 21:18:46,078 [grpc-default-executor-1] INFO  server.RaftServer$Division (RaftServerImpl.java:requestVote(1218)) - 306f285f-d174-4f26-bb71-a6ae1f938ea0@group-EEEBF4493268: receive requestVote(ELECTION, 07ed649d-abb7-49d9-8f25-6ee2674c4cb1, group-EEEBF4493268, 1, (t:0, i:0))
2023-03-29 21:18:46,078 [grpc-default-executor-1] INFO  impl.VoteContext (VoteContext.java:log(49)) - 306f285f-d174-4f26-bb71-a6ae1f938ea0@group-EEEBF4493268-FOLLOWER: accept ELECTION from 07ed649d-abb7-49d9-8f25-6ee2674c4cb1: our priority 0 <= candidate's priority 1
2023-03-29 21:18:46,078 [grpc-default-executor-1] INFO  server.RaftServer$Division (RaftServerImpl.java:setRole(321)) - 306f285f-d174-4f26-bb71-a6ae1f938ea0@group-EEEBF4493268: changes role from  FOLLOWER to FOLLOWER at term 1 for candidate:07ed649d-abb7-49d9-8f25-6ee2674c4cb1
2023-03-29 21:18:46,078 [grpc-default-executor-1] INFO  impl.RoleInfo (RoleInfo.java:shutdownFollowerState(110)) - 306f285f-d174-4f26-bb71-a6ae1f938ea0: shutdown 306f285f-d174-4f26-bb71-a6ae1f938ea0@group-EEEBF4493268-FollowerState
2023-03-29 21:18:46,078 [grpc-default-executor-1] INFO  impl.RoleInfo (RoleInfo.java:updateAndGet(139)) - 306f285f-d174-4f26-bb71-a6ae1f938ea0: start 306f285f-d174-4f26-bb71-a6ae1f938ea0@group-EEEBF4493268-FollowerState
2023-03-29 21:18:46,078 [306f285f-d174-4f26-bb71-a6ae1f938ea0@group-EEEBF4493268-FollowerState] INFO  impl.FollowerState (FollowerState.java:run(152)) - 306f285f-d174-4f26-bb71-a6ae1f938ea0@group-EEEBF4493268-FollowerState was interrupted
2023-03-29 21:18:46,079 [306f285f-d174-4f26-bb71-a6ae1f938ea0@group-EEEBF4493268-FollowerState] INFO  server.RaftServerConfigKeys (ConfUtils.java:logFallback(53)) - raft.server.rpc.first-election.timeout.min = 5s (fallback to raft.server.rpc.timeout.min)
2023-03-29 21:18:46,079 [306f285f-d174-4f26-bb71-a6ae1f938ea0@group-EEEBF4493268-FollowerState] INFO  server.RaftServerConfigKeys (ConfUtils.java:logFallback(53)) - raft.server.rpc.first-election.timeout.max = 5200ms (fallback to raft.server.rpc.timeout.max)
2023-03-29 21:18:46,079 [grpc-default-executor-2] INFO  server.RaftServer$Division (RaftServerImpl.java:requestVote(1218)) - dee73a76-5b7c-4518-85e5-022f097c94ce@group-EEEBF4493268: receive requestVote(PRE_VOTE, 07ed649d-abb7-49d9-8f25-6ee2674c4cb1, group-EEEBF4493268, 0, (t:0, i:0))
2023-03-29 21:18:46,079 [grpc-default-executor-0] INFO  server.RaftServer$Division (RaftServerImpl.java:requestVote(1251)) - dee73a76-5b7c-4518-85e5-022f097c94ce@group-EEEBF4493268 replies to ELECTION vote request: 07ed649d-abb7-49d9-8f25-6ee2674c4cb1<-dee73a76-5b7c-4518-85e5-022f097c94ce#0:OK-t1. Peer's state: dee73a76-5b7c-4518-85e5-022f097c94ce@group-EEEBF4493268:t1, leader=null, voted=07ed649d-abb7-49d9-8f25-6ee2674c4cb1, raftlog=Memoized:dee73a76-5b7c-4518-85e5-022f097c94ce@group-EEEBF4493268-SegmentedRaftLog:OPENED:c-1, conf=-1: peers:[07ed649d-abb7-49d9-8f25-6ee2674c4cb1|rpc:10.1.0.17:37627|dataStream:10.1.0.17:41833|priority:1|startupRole:FOLLOWER, 306f285f-d174-4f26-bb71-a6ae1f938ea0|rpc:10.1.0.17:45957|dataStream:10.1.0.17:32955|priority:0|startupRole:FOLLOWER, dee73a76-5b7c-4518-85e5-022f097c94ce|rpc:10.1.0.17:40537|dataStream:10.1.0.17:43583|priority:0|startupRole:FOLLOWER]|listeners:[], old=null
2023-03-29 21:18:46,082 [grpc-default-executor-1] INFO  server.RaftServer$Division (RaftServerImpl.java:requestVote(1251)) - 306f285f-d174-4f26-bb71-a6ae1f938ea0@group-EEEBF4493268 replies to ELECTION vote request: 07ed649d-abb7-49d9-8f25-6ee2674c4cb1<-306f285f-d174-4f26-bb71-a6ae1f938ea0#0:OK-t1. Peer's state: 306f285f-d174-4f26-bb71-a6ae1f938ea0@group-EEEBF4493268:t1, leader=null, voted=07ed649d-abb7-49d9-8f25-6ee2674c4cb1, raftlog=Memoized:306f285f-d174-4f26-bb71-a6ae1f938ea0@group-EEEBF4493268-SegmentedRaftLog:OPENED:c-1, conf=-1: peers:[07ed649d-abb7-49d9-8f25-6ee2674c4cb1|rpc:10.1.0.17:37627|dataStream:10.1.0.17:41833|priority:1|startupRole:FOLLOWER, 306f285f-d174-4f26-bb71-a6ae1f938ea0|rpc:10.1.0.17:45957|dataStream:10.1.0.17:32955|priority:0|startupRole:FOLLOWER, dee73a76-5b7c-4518-85e5-022f097c94ce|rpc:10.1.0.17:40537|dataStream:10.1.0.17:43583|priority:0|startupRole:FOLLOWER]|listeners:[], old=null
2023-03-29 21:18:46,083 [07ed649d-abb7-49d9-8f25-6ee2674c4cb1@group-EEEBF4493268-LeaderElection38] INFO  impl.LeaderElection (LeaderElection.java:logAndReturn(90)) - 07ed649d-abb7-49d9-8f25-6ee2674c4cb1@group-EEEBF4493268-LeaderElection38: ELECTION PASSED received 1 response(s) and 0 exception(s):
2023-03-29 21:18:46,085 [07ed649d-abb7-49d9-8f25-6ee2674c4cb1@group-EEEBF4493268-LeaderElection38] INFO  impl.LeaderElection (LeaderElection.java:logAndReturn(94)) -   Response 0: 07ed649d-abb7-49d9-8f25-6ee2674c4cb1<-dee73a76-5b7c-4518-85e5-022f097c94ce#0:OK-t1
2023-03-29 21:18:46,085 [07ed649d-abb7-49d9-8f25-6ee2674c4cb1@group-EEEBF4493268-LeaderElection38] INFO  impl.LeaderElection (LeaderElection.java:askForVotes(314)) - 07ed649d-abb7-49d9-8f25-6ee2674c4cb1@group-EEEBF4493268-LeaderElection38 ELECTION round 0: result PASSED
2023-03-29 21:18:46,085 [07ed649d-abb7-49d9-8f25-6ee2674c4cb1@group-EEEBF4493268-LeaderElection38] INFO  impl.RoleInfo (RoleInfo.java:shutdownLeaderElection(130)) - 07ed649d-abb7-49d9-8f25-6ee2674c4cb1: shutdown 07ed649d-abb7-49d9-8f25-6ee2674c4cb1@group-EEEBF4493268-LeaderElection38
2023-03-29 21:18:46,085 [07ed649d-abb7-49d9-8f25-6ee2674c4cb1@group-EEEBF4493268-LeaderElection38] INFO  server.RaftServer$Division (RaftServerImpl.java:setRole(321)) - 07ed649d-abb7-49d9-8f25-6ee2674c4cb1@group-EEEBF4493268: changes role from CANDIDATE to LEADER at term 1 for changeToLeader
2023-03-29 21:18:46,085 [07ed649d-abb7-49d9-8f25-6ee2674c4cb1@group-EEEBF4493268-LeaderElection38] INFO  ratis.XceiverServerRatis (XceiverServerRatis.java:handleLeaderChangedNotification(904)) - Leader change notification received for group: group-EEEBF4493268 with new leaderId: 07ed649d-abb7-49d9-8f25-6ee2674c4cb1
2023-03-29 21:18:46,086 [07ed649d-abb7-49d9-8f25-6ee2674c4cb1@group-EEEBF4493268-LeaderElection38] INFO  server.RaftServer$Division (ServerState.java:setLeader(313)) - 07ed649d-abb7-49d9-8f25-6ee2674c4cb1@group-EEEBF4493268: change Leader from null to 07ed649d-abb7-49d9-8f25-6ee2674c4cb1 at term 1 for becomeLeader, leader elected after 5173ms
2023-03-29 21:18:46,086 [07ed649d-abb7-49d9-8f25-6ee2674c4cb1@group-EEEBF4493268-LeaderElection38] INFO  server.RaftServerConfigKeys (ConfUtils.java:logGet(46)) - raft.server.staging.catchup.gap = 1000 (default)
2023-03-29 21:18:46,086 [07ed649d-abb7-49d9-8f25-6ee2674c4cb1@group-EEEBF4493268-LeaderElection38] INFO  server.RaftServerConfigKeys (ConfUtils.java:logGet(46)) - raft.server.write.element-limit = 1024 (custom)
2023-03-29 21:18:46,086 [07ed649d-abb7-49d9-8f25-6ee2674c4cb1@group-EEEBF4493268-LeaderElection38] INFO  server.RaftServerConfigKeys (ConfUtils.java:logGet(46)) - raft.server.write.byte-limit = 1024 M (=1073741824) (custom)
2023-03-29 21:18:46,086 [07ed649d-abb7-49d9-8f25-6ee2674c4cb1@group-EEEBF4493268-LeaderElection38] INFO  server.RaftServerConfigKeys (ConfUtils.java:logGet(46)) - raft.server.watch.timeout = 180s (custom)
2023-03-29 21:18:46,086 [07ed649d-abb7-49d9-8f25-6ee2674c4cb1@group-EEEBF4493268-LeaderElection38] INFO  server.RaftServerConfigKeys (ConfUtils.java:logGet(46)) - raft.server.watch.timeout.denomination = 1s (default)
2023-03-29 21:18:46,086 [07ed649d-abb7-49d9-8f25-6ee2674c4cb1@group-EEEBF4493268-LeaderElection38] INFO  server.RaftServerConfigKeys (ConfUtils.java:logGet(46)) - raft.server.watch.element-limit = 65536 (default)
2023-03-29 21:18:46,086 [07ed649d-abb7-49d9-8f25-6ee2674c4cb1@group-EEEBF4493268-LeaderElection38] INFO  server.RaftServerConfigKeys (ConfUtils.java:logGet(46)) - raft.server.write.element-limit = 1024 (custom)
2023-03-29 21:18:46,086 [07ed649d-abb7-49d9-8f25-6ee2674c4cb1@group-EEEBF4493268-LeaderElection38] INFO  server.RaftServerConfigKeys (ConfUtils.java:logGet(46)) - raft.server.write.follower.gap.ratio.max = -1.0 (default)
2023-03-29 21:18:46,086 [07ed649d-abb7-49d9-8f25-6ee2674c4cb1@group-EEEBF4493268-LeaderElection38] INFO  server.RaftServerConfigKeys (ConfUtils.java:logGet(46)) - raft.server.log.appender.snapshot.chunk.size.max = 16MB (=16777216) (default)
2023-03-29 21:18:46,087 [07ed649d-abb7-49d9-8f25-6ee2674c4cb1@group-EEEBF4493268-LeaderElection38] INFO  server.RaftServerConfigKeys (ConfUtils.java:logGet(46)) - raft.server.log.appender.buffer.byte-limit = 33554432 (custom)
2023-03-29 21:18:46,087 [07ed649d-abb7-49d9-8f25-6ee2674c4cb1@group-EEEBF4493268-LeaderElection38] INFO  server.RaftServerConfigKeys (ConfUtils.java:logGet(46)) - raft.server.log.appender.buffer.element-limit = 1 (custom)
2023-03-29 21:18:46,087 [07ed649d-abb7-49d9-8f25-6ee2674c4cb1@group-EEEBF4493268-LeaderElection38] INFO  grpc.GrpcConfigKeys (ConfUtils.java:logGet(46)) - raft.grpc.server.leader.outstanding.appends.max = 128 (default)
2023-03-29 21:18:46,087 [07ed649d-abb7-49d9-8f25-6ee2674c4cb1@group-EEEBF4493268-LeaderElection38] INFO  server.RaftServerConfigKeys (ConfUtils.java:logGet(46)) - raft.server.rpc.request.timeout = 60s (custom)
2023-03-29 21:18:46,087 [07ed649d-abb7-49d9-8f25-6ee2674c4cb1@group-EEEBF4493268-LeaderElection38] INFO  server.RaftServerConfigKeys (ConfUtils.java:logGet(46)) - raft.server.log.appender.install.snapshot.enabled = false (custom)
2023-03-29 21:18:46,087 [07ed649d-abb7-49d9-8f25-6ee2674c4cb1@group-EEEBF4493268-LeaderElection38] INFO  grpc.GrpcConfigKeys (ConfUtils.java:logGet(46)) - raft.grpc.server.heartbeat.channel = true (default)
2023-03-29 21:18:46,087 [07ed649d-abb7-49d9-8f25-6ee2674c4cb1@group-EEEBF4493268-LeaderElection38] INFO  server.RaftServerConfigKeys (ConfUtils.java:logGet(46)) - raft.server.log.appender.wait-time.min = 10ms (default)
2023-03-29 21:18:46,087 [07ed649d-abb7-49d9-8f25-6ee2674c4cb1@group-EEEBF4493268-LeaderElection38] INFO  server.RaftServerConfigKeys (ConfUtils.java:logGet(46)) - raft.server.log.appender.snapshot.chunk.size.max = 16MB (=16777216) (default)
2023-03-29 21:18:46,087 [07ed649d-abb7-49d9-8f25-6ee2674c4cb1@group-EEEBF4493268-LeaderElection38] INFO  server.RaftServerConfigKeys (ConfUtils.java:logGet(46)) - raft.server.log.appender.buffer.byte-limit = 33554432 (custom)
2023-03-29 21:18:46,087 [07ed649d-abb7-49d9-8f25-6ee2674c4cb1@group-EEEBF4493268-LeaderElection38] INFO  server.RaftServerConfigKeys (ConfUtils.java:logGet(46)) - raft.server.log.appender.buffer.element-limit = 1 (custom)
2023-03-29 21:18:46,087 [07ed649d-abb7-49d9-8f25-6ee2674c4cb1@group-EEEBF4493268-LeaderElection38] INFO  grpc.GrpcConfigKeys (ConfUtils.java:logGet(46)) - raft.grpc.server.leader.outstanding.appends.max = 128 (default)
2023-03-29 21:18:46,087 [07ed649d-abb7-49d9-8f25-6ee2674c4cb1@group-EEEBF4493268-LeaderElection38] INFO  server.RaftServerConfigKeys (ConfUtils.java:logGet(46)) - raft.server.rpc.request.timeout = 60s (custom)
2023-03-29 21:18:46,087 [07ed649d-abb7-49d9-8f25-6ee2674c4cb1@group-EEEBF4493268-LeaderElection38] INFO  server.RaftServerConfigKeys (ConfUtils.java:logGet(46)) - raft.server.log.appender.install.snapshot.enabled = false (custom)
2023-03-29 21:18:46,087 [07ed649d-abb7-49d9-8f25-6ee2674c4cb1@group-EEEBF4493268-LeaderElection38] INFO  grpc.GrpcConfigKeys (ConfUtils.java:logGet(46)) - raft.grpc.server.heartbeat.channel = true (default)
2023-03-29 21:18:46,088 [07ed649d-abb7-49d9-8f25-6ee2674c4cb1@group-EEEBF4493268-LeaderElection38] INFO  server.RaftServerConfigKeys (ConfUtils.java:logGet(46)) - raft.server.log.appender.wait-time.min = 10ms (default)
2023-03-29 21:18:46,088 [07ed649d-abb7-49d9-8f25-6ee2674c4cb1@group-EEEBF4493268-LeaderElection38] INFO  impl.RoleInfo (RoleInfo.java:updateAndGet(139)) - 07ed649d-abb7-49d9-8f25-6ee2674c4cb1: start 07ed649d-abb7-49d9-8f25-6ee2674c4cb1@group-EEEBF4493268-LeaderStateImpl
2023-03-29 21:18:46,088 [07ed649d-abb7-49d9-8f25-6ee2674c4cb1@group-EEEBF4493268-LeaderElection38] INFO  segmented.SegmentedRaftLogWorker (SegmentedRaftLogWorker.java:startLogSegment(452)) - 07ed649d-abb7-49d9-8f25-6ee2674c4cb1@group-EEEBF4493268-SegmentedRaftLogWorker: Starting segment from index:0
2023-03-29 21:18:46,089 [07ed649d-abb7-49d9-8f25-6ee2674c4cb1@group-EEEBF4493268-SegmentedRaftLogWorker] INFO  segmented.SegmentedRaftLogWorker (SegmentedRaftLogWorker.java:execute(656)) - 07ed649d-abb7-49d9-8f25-6ee2674c4cb1@group-EEEBF4493268-SegmentedRaftLogWorker: created new log segment /home/runner/work/ozone/ozone/hadoop-ozone/integration-test/target/test-dir/MiniOzoneClusterImpl-81c774c4-8c24-4526-9b8e-41dc3c8fdf7d/datanode-2/data/ratis/f70a423f-fbe9-4e14-a9bf-eeebf4493268/current/log_inprogress_0
2023-03-29 21:18:46,089 [EventQueue-OpenPipelineForHealthyPipelineSafeModeRule] INFO  safemode.SCMSafeModeManager (HealthyPipelineSafeModeRule.java:process(137)) - SCM in safe mode. Healthy pipelines reported count is 0, required healthy pipeline reported count is 1
2023-03-29 21:18:46,089 [EventQueue-PipelineReportForPipelineReportHandler] INFO  pipeline.PipelineManagerImpl (PipelineManagerImpl.java:openPipeline(367)) - Pipeline Pipeline[ Id: f70a423f-fbe9-4e14-a9bf-eeebf4493268, Nodes: 07ed649d-abb7-49d9-8f25-6ee2674c4cb1(fv-az308-773/10.1.0.17)dee73a76-5b7c-4518-85e5-022f097c94ce(fv-az308-773/10.1.0.17)306f285f-d174-4f26-bb71-a6ae1f938ea0(fv-az308-773/10.1.0.17), ReplicationConfig: RATIS/THREE, State:ALLOCATED, leaderId:07ed649d-abb7-49d9-8f25-6ee2674c4cb1, CreationTimestamp2023-03-29T21:18:38.520Z[Etc/UTC]] moved to OPEN state
2023-03-29 21:18:46,090 [EventQueue-OpenPipelineForHealthyPipelineSafeModeRule] INFO  safemode.SCMSafeModeManager (HealthyPipelineSafeModeRule.java:process(137)) - SCM in safe mode. Healthy pipelines reported count is 1, required healthy pipeline reported count is 1
2023-03-29 21:18:46,090 [EventQueue-OpenPipelineForHealthyPipelineSafeModeRule] INFO  safemode.SCMSafeModeManager (SCMSafeModeManager.java:validateSafeModeExitRules(200)) - HealthyPipelineSafeModeRule rule is successfully validated
2023-03-29 21:18:46,090 [EventQueue-OpenPipelineForHealthyPipelineSafeModeRule] INFO  safemode.SCMSafeModeManager (SCMSafeModeManager.java:validateSafeModeExitRules(215)) - ScmSafeModeManager, all rules are successfully validated
2023-03-29 21:18:46,090 [EventQueue-OpenPipelineForHealthyPipelineSafeModeRule] INFO  safemode.SCMSafeModeManager (SCMSafeModeManager.java:exitSafeMode(244)) - SCM exiting safe mode.
2023-03-29 21:18:46,090 [EventQueue-OpenPipelineForHealthyPipelineSafeModeRule] INFO  ha.SCMContext (SCMContext.java:updateSafeModeStatus(228)) - Update SafeModeStatus from SafeModeStatus{safeModeStatus=true, preCheckPassed=true} to SafeModeStatus{safeModeStatus=false, preCheckPassed=true}.
2023-03-29 21:18:46,090 [EventQueue-OpenPipelineForHealthyPipelineSafeModeRule] INFO  pipeline.BackgroundPipelineCreator (BackgroundPipelineCreator.java:notifyStatusChanged(254)) - Service BackgroundPipelineCreator transitions to RUNNING.
2023-03-29 21:18:46,090 [EventQueue-OpenPipelineForHealthyPipelineSafeModeRule] INFO  BackgroundPipelineScrubber (BackgroundSCMService.java:notifyStatusChanged(82)) - Service BackgroundPipelineScrubber transitions to RUNNING.
2023-03-29 21:18:46,090 [EventQueue-OpenPipelineForHealthyPipelineSafeModeRule] INFO  ExpiredContainerReplicaOpScrubber (BackgroundSCMService.java:notifyStatusChanged(82)) - Service ExpiredContainerReplicaOpScrubber transitions to RUNNING.
2023-03-29 21:18:46,090 [EventQueue-OpenPipelineForHealthyPipelineSafeModeRule] INFO  replication.ReplicationManager (ReplicationManager.java:notifyStatusChanged(1255)) - Service ReplicationManager transitions to RUNNING.
2023-03-29 21:18:46,090 [EventQueue-OpenPipelineForHealthyPipelineSafeModeRule] WARN  balancer.ContainerBalancer (ContainerBalancer.java:shouldRun(132)) - Could not find persisted configuration for ContainerBalancer when checking if ContainerBalancer should run. ContainerBalancer should not run now.
2023-03-29 21:18:46,090 [grpc-default-executor-2] INFO  impl.VoteContext (VoteContext.java:log(49)) - dee73a76-5b7c-4518-85e5-022f097c94ce@group-EEEBF4493268-FOLLOWER: accept PRE_VOTE from 07ed649d-abb7-49d9-8f25-6ee2674c4cb1: our priority 0 <= candidate's priority 1
2023-03-29 21:18:46,091 [grpc-default-executor-2] INFO  server.RaftServer$Division (RaftServerImpl.java:requestVote(1251)) - dee73a76-5b7c-4518-85e5-022f097c94ce@group-EEEBF4493268 replies to PRE_VOTE vote request: 07ed649d-abb7-49d9-8f25-6ee2674c4cb1<-dee73a76-5b7c-4518-85e5-022f097c94ce#0:OK-t1. Peer's state: dee73a76-5b7c-4518-85e5-022f097c94ce@group-EEEBF4493268:t1, leader=null, voted=07ed649d-abb7-49d9-8f25-6ee2674c4cb1, raftlog=Memoized:dee73a76-5b7c-4518-85e5-022f097c94ce@group-EEEBF4493268-SegmentedRaftLog:OPENED:c-1, conf=-1: peers:[07ed649d-abb7-49d9-8f25-6ee2674c4cb1|rpc:10.1.0.17:37627|dataStream:10.1.0.17:41833|priority:1|startupRole:FOLLOWER, 306f285f-d174-4f26-bb71-a6ae1f938ea0|rpc:10.1.0.17:45957|dataStream:10.1.0.17:32955|priority:0|startupRole:FOLLOWER, dee73a76-5b7c-4518-85e5-022f097c94ce|rpc:10.1.0.17:40537|dataStream:10.1.0.17:43583|priority:0|startupRole:FOLLOWER]|listeners:[], old=null
2023-03-29 21:18:46,098 [07ed649d-abb7-49d9-8f25-6ee2674c4cb1@group-EEEBF4493268-LeaderElection38] INFO  server.RaftServer$Division (ServerState.java:setRaftConf(430)) - 07ed649d-abb7-49d9-8f25-6ee2674c4cb1@group-EEEBF4493268: set configuration 0: peers:[07ed649d-abb7-49d9-8f25-6ee2674c4cb1|rpc:10.1.0.17:37627|dataStream:10.1.0.17:41833|priority:1|startupRole:FOLLOWER, 306f285f-d174-4f26-bb71-a6ae1f938ea0|rpc:10.1.0.17:45957|dataStream:10.1.0.17:32955|priority:0|startupRole:FOLLOWER, dee73a76-5b7c-4518-85e5-022f097c94ce|rpc:10.1.0.17:40537|dataStream:10.1.0.17:43583|priority:0|startupRole:FOLLOWER]|listeners:[], old=null
2023-03-29 21:18:46,101 [306f285f-d174-4f26-bb71-a6ae1f938ea0@group-412071DB214B-FollowerState] INFO  impl.FollowerState (FollowerState.java:run(143)) - 306f285f-d174-4f26-bb71-a6ae1f938ea0@group-412071DB214B-FollowerState: change to CANDIDATE, lastRpcElapsedTime:5048384946ns, electionTimeout:5042ms
2023-03-29 21:18:46,102 [306f285f-d174-4f26-bb71-a6ae1f938ea0@group-412071DB214B-FollowerState] INFO  impl.RoleInfo (RoleInfo.java:shutdownFollowerState(110)) - 306f285f-d174-4f26-bb71-a6ae1f938ea0: shutdown 306f285f-d174-4f26-bb71-a6ae1f938ea0@group-412071DB214B-FollowerState
2023-03-29 21:18:46,102 [306f285f-d174-4f26-bb71-a6ae1f938ea0@group-412071DB214B-FollowerState] INFO  server.RaftServer$Division (RaftServerImpl.java:setRole(321)) - 306f285f-d174-4f26-bb71-a6ae1f938ea0@group-412071DB214B: changes role from  FOLLOWER to CANDIDATE at term 0 for changeToCandidate
2023-03-29 21:18:46,102 [306f285f-d174-4f26-bb71-a6ae1f938ea0@group-412071DB214B-FollowerState] INFO  server.RaftServerConfigKeys (ConfUtils.java:logGet(46)) - raft.server.leaderelection.pre-vote = true (default)
2023-03-29 21:18:46,102 [306f285f-d174-4f26-bb71-a6ae1f938ea0@group-412071DB214B-FollowerState] INFO  impl.RoleInfo (RoleInfo.java:updateAndGet(139)) - 306f285f-d174-4f26-bb71-a6ae1f938ea0: start 306f285f-d174-4f26-bb71-a6ae1f938ea0@group-412071DB214B-LeaderElection39
2023-03-29 21:18:46,107 [306f285f-d174-4f26-bb71-a6ae1f938ea0@group-412071DB214B-LeaderElection39] INFO  impl.LeaderElection (LeaderElection.java:askForVotes(312)) - 306f285f-d174-4f26-bb71-a6ae1f938ea0@group-412071DB214B-LeaderElection39 PRE_VOTE round 0: submit vote requests at term 0 for -1: peers:[07ed649d-abb7-49d9-8f25-6ee2674c4cb1|rpc:10.1.0.17:37627|dataStream:10.1.0.17:41833|priority:0|startupRole:FOLLOWER, 306f285f-d174-4f26-bb71-a6ae1f938ea0|rpc:10.1.0.17:45957|dataStream:10.1.0.17:32955|priority:0|startupRole:FOLLOWER, dee73a76-5b7c-4518-85e5-022f097c94ce|rpc:10.1.0.17:40537|dataStream:10.1.0.17:43583|priority:1|startupRole:FOLLOWER]|listeners:[], old=null
2023-03-29 21:18:46,109 [grpc-default-executor-0] INFO  server.RaftServer$Division (RaftServerImpl.java:requestVote(1218)) - 07ed649d-abb7-49d9-8f25-6ee2674c4cb1@group-412071DB214B: receive requestVote(PRE_VOTE, 306f285f-d174-4f26-bb71-a6ae1f938ea0, group-412071DB214B, 0, (t:0, i:0))
2023-03-29 21:18:46,109 [grpc-default-executor-0] INFO  impl.VoteContext (VoteContext.java:log(49)) - 07ed649d-abb7-49d9-8f25-6ee2674c4cb1@group-412071DB214B-FOLLOWER: accept PRE_VOTE from 306f285f-d174-4f26-bb71-a6ae1f938ea0: our priority 0 <= candidate's priority 0
2023-03-29 21:18:46,109 [grpc-default-executor-0] INFO  server.RaftServer$Division (RaftServerImpl.java:requestVote(1251)) - 07ed649d-abb7-49d9-8f25-6ee2674c4cb1@group-412071DB214B replies to PRE_VOTE vote request: 306f285f-d174-4f26-bb71-a6ae1f938ea0<-07ed649d-abb7-49d9-8f25-6ee2674c4cb1#0:OK-t0. Peer's state: 07ed649d-abb7-49d9-8f25-6ee2674c4cb1@group-412071DB214B:t0, leader=null, voted=, raftlog=Memoized:07ed649d-abb7-49d9-8f25-6ee2674c4cb1@group-412071DB214B-SegmentedRaftLog:OPENED:c-1, conf=-1: peers:[07ed649d-abb7-49d9-8f25-6ee2674c4cb1|rpc:10.1.0.17:37627|dataStream:10.1.0.17:41833|priority:0|startupRole:FOLLOWER, 306f285f-d174-4f26-bb71-a6ae1f938ea0|rpc:10.1.0.17:45957|dataStream:10.1.0.17:32955|priority:0|startupRole:FOLLOWER, dee73a76-5b7c-4518-85e5-022f097c94ce|rpc:10.1.0.17:40537|dataStream:10.1.0.17:43583|priority:1|startupRole:FOLLOWER]|listeners:[], old=null
2023-03-29 21:18:46,109 [306f285f-d174-4f26-bb71-a6ae1f938ea0@group-412071DB214B-LeaderElection39] INFO  server.RaftServerConfigKeys (ConfUtils.java:logFallback(53)) - raft.server.rpc.first-election.timeout.min = 5s (fallback to raft.server.rpc.timeout.min)
2023-03-29 21:18:46,109 [306f285f-d174-4f26-bb71-a6ae1f938ea0@group-412071DB214B-LeaderElection39] INFO  server.RaftServerConfigKeys (ConfUtils.java:logFallback(53)) - raft.server.rpc.first-election.timeout.max = 5200ms (fallback to raft.server.rpc.timeout.max)
2023-03-29 21:18:46,109 [306f285f-d174-4f26-bb71-a6ae1f938ea0-server-thread1] INFO  ratis.XceiverServerRatis (XceiverServerRatis.java:handleLeaderChangedNotification(904)) - Leader change notification received for group: group-EEEBF4493268 with new leaderId: 07ed649d-abb7-49d9-8f25-6ee2674c4cb1
2023-03-29 21:18:46,109 [306f285f-d174-4f26-bb71-a6ae1f938ea0-server-thread1] INFO  server.RaftServer$Division (ServerState.java:setLeader(313)) - 306f285f-d174-4f26-bb71-a6ae1f938ea0@group-EEEBF4493268: change Leader from null to 07ed649d-abb7-49d9-8f25-6ee2674c4cb1 at term 1 for appendEntries, leader elected after 5238ms
2023-03-29 21:18:46,116 [07ed649d-abb7-49d9-8f25-6ee2674c4cb1@group-412071DB214B-FollowerState] INFO  server.RaftServerConfigKeys (ConfUtils.java:logFallback(53)) - raft.server.rpc.first-election.timeout.min = 5s (fallback to raft.server.rpc.timeout.min)
2023-03-29 21:18:46,117 [07ed649d-abb7-49d9-8f25-6ee2674c4cb1@group-412071DB214B-FollowerState] INFO  server.RaftServerConfigKeys (ConfUtils.java:logFallback(53)) - raft.server.rpc.first-election.timeout.max = 5200ms (fallback to raft.server.rpc.timeout.max)
2023-03-29 21:18:46,118 [306f285f-d174-4f26-bb71-a6ae1f938ea0-server-thread2] INFO  server.RaftServer$Division (ServerState.java:setRaftConf(430)) - 306f285f-d174-4f26-bb71-a6ae1f938ea0@group-EEEBF4493268: set configuration 0: peers:[07ed649d-abb7-49d9-8f25-6ee2674c4cb1|rpc:10.1.0.17:37627|dataStream:10.1.0.17:41833|priority:1|startupRole:FOLLOWER, 306f285f-d174-4f26-bb71-a6ae1f938ea0|rpc:10.1.0.17:45957|dataStream:10.1.0.17:32955|priority:0|startupRole:FOLLOWER, dee73a76-5b7c-4518-85e5-022f097c94ce|rpc:10.1.0.17:40537|dataStream:10.1.0.17:43583|priority:0|startupRole:FOLLOWER]|listeners:[], old=null
2023-03-29 21:18:46,119 [306f285f-d174-4f26-bb71-a6ae1f938ea0-server-thread2] INFO  segmented.SegmentedRaftLogWorker (SegmentedRaftLogWorker.java:startLogSegment(452)) - 306f285f-d174-4f26-bb71-a6ae1f938ea0@group-EEEBF4493268-SegmentedRaftLogWorker: Starting segment from index:0
2023-03-29 21:18:46,120 [306f285f-d174-4f26-bb71-a6ae1f938ea0@group-EEEBF4493268-SegmentedRaftLogWorker] INFO  segmented.SegmentedRaftLogWorker (SegmentedRaftLogWorker.java:execute(656)) - 306f285f-d174-4f26-bb71-a6ae1f938ea0@group-EEEBF4493268-SegmentedRaftLogWorker: created new log segment /home/runner/work/ozone/ozone/hadoop-ozone/integration-test/target/test-dir/MiniOzoneClusterImpl-81c774c4-8c24-4526-9b8e-41dc3c8fdf7d/datanode-0/data/ratis/f70a423f-fbe9-4e14-a9bf-eeebf4493268/current/log_inprogress_0
2023-03-29 21:18:46,123 [grpc-default-executor-0] INFO  server.RaftServer$Division (RaftServerImpl.java:requestVote(1218)) - dee73a76-5b7c-4518-85e5-022f097c94ce@group-412071DB214B: receive requestVote(PRE_VOTE, 306f285f-d174-4f26-bb71-a6ae1f938ea0, group-412071DB214B, 0, (t:0, i:0))
2023-03-29 21:18:46,123 [grpc-default-executor-0] INFO  impl.VoteContext (VoteContext.java:log(49)) - dee73a76-5b7c-4518-85e5-022f097c94ce@group-412071DB214B-FOLLOWER: reject PRE_VOTE from 306f285f-d174-4f26-bb71-a6ae1f938ea0: our priority 1 > candidate's priority 0
2023-03-29 21:18:46,123 [grpc-default-executor-0] INFO  server.RaftServer$Division (RaftServerImpl.java:requestVote(1251)) - dee73a76-5b7c-4518-85e5-022f097c94ce@group-412071DB214B replies to PRE_VOTE vote request: 306f285f-d174-4f26-bb71-a6ae1f938ea0<-dee73a76-5b7c-4518-85e5-022f097c94ce#0:FAIL-t0. Peer's state: dee73a76-5b7c-4518-85e5-022f097c94ce@group-412071DB214B:t0, leader=null, voted=, raftlog=Memoized:dee73a76-5b7c-4518-85e5-022f097c94ce@group-412071DB214B-SegmentedRaftLog:OPENED:c-1, conf=-1: peers:[07ed649d-abb7-49d9-8f25-6ee2674c4cb1|rpc:10.1.0.17:37627|dataStream:10.1.0.17:41833|priority:0|startupRole:FOLLOWER, 306f285f-d174-4f26-bb71-a6ae1f938ea0|rpc:10.1.0.17:45957|dataStream:10.1.0.17:32955|priority:0|startupRole:FOLLOWER, dee73a76-5b7c-4518-85e5-022f097c94ce|rpc:10.1.0.17:40537|dataStream:10.1.0.17:43583|priority:1|startupRole:FOLLOWER]|listeners:[], old=null
2023-03-29 21:18:46,126 [306f285f-d174-4f26-bb71-a6ae1f938ea0@group-412071DB214B-LeaderElection39] INFO  impl.LeaderElection (LeaderElection.java:logAndReturn(90)) - 306f285f-d174-4f26-bb71-a6ae1f938ea0@group-412071DB214B-LeaderElection39: PRE_VOTE REJECTED received 2 response(s) and 0 exception(s):
2023-03-29 21:18:46,126 [dee73a76-5b7c-4518-85e5-022f097c94ce-server-thread1] INFO  ratis.XceiverServerRatis (XceiverServerRatis.java:handleLeaderChangedNotification(904)) - Leader change notification received for group: group-EEEBF4493268 with new leaderId: 07ed649d-abb7-49d9-8f25-6ee2674c4cb1
2023-03-29 21:18:46,126 [dee73a76-5b7c-4518-85e5-022f097c94ce-server-thread1] INFO  server.RaftServer$Division (ServerState.java:setLeader(313)) - dee73a76-5b7c-4518-85e5-022f097c94ce@group-EEEBF4493268: change Leader from null to 07ed649d-abb7-49d9-8f25-6ee2674c4cb1 at term 1 for appendEntries, leader elected after 5110ms
2023-03-29 21:18:46,126 [306f285f-d174-4f26-bb71-a6ae1f938ea0@group-412071DB214B-LeaderElection39] INFO  impl.LeaderElection (LeaderElection.java:logAndReturn(94)) -   Response 0: 306f285f-d174-4f26-bb71-a6ae1f938ea0<-07ed649d-abb7-49d9-8f25-6ee2674c4cb1#0:OK-t0
2023-03-29 21:18:46,127 [306f285f-d174-4f26-bb71-a6ae1f938ea0@group-412071DB214B-LeaderElection39] INFO  impl.LeaderElection (LeaderElection.java:logAndReturn(94)) -   Response 1: 306f285f-d174-4f26-bb71-a6ae1f938ea0<-dee73a76-5b7c-4518-85e5-022f097c94ce#0:FAIL-t0
2023-03-29 21:18:46,129 [306f285f-d174-4f26-bb71-a6ae1f938ea0@group-412071DB214B-LeaderElection39] INFO  impl.LeaderElection (LeaderElection.java:askForVotes(314)) - 306f285f-d174-4f26-bb71-a6ae1f938ea0@group-412071DB214B-LeaderElection39 PRE_VOTE round 0: result REJECTED
2023-03-29 21:18:46,129 [306f285f-d174-4f26-bb71-a6ae1f938ea0@group-412071DB214B-LeaderElection39] INFO  server.RaftServer$Division (RaftServerImpl.java:setRole(321)) - 306f285f-d174-4f26-bb71-a6ae1f938ea0@group-412071DB214B: changes role from CANDIDATE to FOLLOWER at term 0 for REJECTED
2023-03-29 21:18:46,129 [306f285f-d174-4f26-bb71-a6ae1f938ea0@group-412071DB214B-LeaderElection39] INFO  impl.RoleInfo (RoleInfo.java:shutdownLeaderElection(130)) - 306f285f-d174-4f26-bb71-a6ae1f938ea0: shutdown 306f285f-d174-4f26-bb71-a6ae1f938ea0@group-412071DB214B-LeaderElection39
2023-03-29 21:18:46,131 [306f285f-d174-4f26-bb71-a6ae1f938ea0@group-412071DB214B-LeaderElection39] INFO  impl.RoleInfo (RoleInfo.java:updateAndGet(139)) - 306f285f-d174-4f26-bb71-a6ae1f938ea0: start 306f285f-d174-4f26-bb71-a6ae1f938ea0@group-412071DB214B-FollowerState
2023-03-29 21:18:46,131 [dee73a76-5b7c-4518-85e5-022f097c94ce-server-thread2] INFO  server.RaftServer$Division (ServerState.java:setRaftConf(430)) - dee73a76-5b7c-4518-85e5-022f097c94ce@group-EEEBF4493268: set configuration 0: peers:[07ed649d-abb7-49d9-8f25-6ee2674c4cb1|rpc:10.1.0.17:37627|dataStream:10.1.0.17:41833|priority:1|startupRole:FOLLOWER, 306f285f-d174-4f26-bb71-a6ae1f938ea0|rpc:10.1.0.17:45957|dataStream:10.1.0.17:32955|priority:0|startupRole:FOLLOWER, dee73a76-5b7c-4518-85e5-022f097c94ce|rpc:10.1.0.17:40537|dataStream:10.1.0.17:43583|priority:0|startupRole:FOLLOWER]|listeners:[], old=null
2023-03-29 21:18:46,131 [dee73a76-5b7c-4518-85e5-022f097c94ce-server-thread2] INFO  segmented.SegmentedRaftLogWorker (SegmentedRaftLogWorker.java:startLogSegment(452)) - dee73a76-5b7c-4518-85e5-022f097c94ce@group-EEEBF4493268-SegmentedRaftLogWorker: Starting segment from index:0
2023-03-29 21:18:46,132 [306f285f-d174-4f26-bb71-a6ae1f938ea0@group-412071DB214B-FollowerState] INFO  server.RaftServerConfigKeys (ConfUtils.java:logFallback(53)) - raft.server.rpc.first-election.timeout.min = 5s (fallback to raft.server.rpc.timeout.min)
2023-03-29 21:18:46,132 [306f285f-d174-4f26-bb71-a6ae1f938ea0@group-412071DB214B-FollowerState] INFO  server.RaftServerConfigKeys (ConfUtils.java:logFallback(53)) - raft.server.rpc.first-election.timeout.max = 5200ms (fallback to raft.server.rpc.timeout.max)
2023-03-29 21:18:46,132 [dee73a76-5b7c-4518-85e5-022f097c94ce@group-EEEBF4493268-SegmentedRaftLogWorker] INFO  segmented.SegmentedRaftLogWorker (SegmentedRaftLogWorker.java:execute(656)) - dee73a76-5b7c-4518-85e5-022f097c94ce@group-EEEBF4493268-SegmentedRaftLogWorker: created new log segment /home/runner/work/ozone/ozone/hadoop-ozone/integration-test/target/test-dir/MiniOzoneClusterImpl-81c774c4-8c24-4526-9b8e-41dc3c8fdf7d/datanode-1/data/ratis/f70a423f-fbe9-4e14-a9bf-eeebf4493268/current/log_inprogress_0
2023-03-29 21:18:46,198 [dee73a76-5b7c-4518-85e5-022f097c94ce@group-412071DB214B-FollowerState] INFO  impl.FollowerState (FollowerState.java:run(143)) - dee73a76-5b7c-4518-85e5-022f097c94ce@group-412071DB214B-FollowerState: change to CANDIDATE, lastRpcElapsedTime:5121966037ns, electionTimeout:5120ms
2023-03-29 21:18:46,198 [dee73a76-5b7c-4518-85e5-022f097c94ce@group-412071DB214B-FollowerState] INFO  impl.RoleInfo (RoleInfo.java:shutdownFollowerState(110)) - dee73a76-5b7c-4518-85e5-022f097c94ce: shutdown dee73a76-5b7c-4518-85e5-022f097c94ce@group-412071DB214B-FollowerState
2023-03-29 21:18:46,198 [dee73a76-5b7c-4518-85e5-022f097c94ce@group-412071DB214B-FollowerState] INFO  server.RaftServer$Division (RaftServerImpl.java:setRole(321)) - dee73a76-5b7c-4518-85e5-022f097c94ce@group-412071DB214B: changes role from  FOLLOWER to CANDIDATE at term 0 for changeToCandidate
2023-03-29 21:18:46,198 [dee73a76-5b7c-4518-85e5-022f097c94ce@group-412071DB214B-FollowerState] INFO  server.RaftServerConfigKeys (ConfUtils.java:logGet(46)) - raft.server.leaderelection.pre-vote = true (default)
2023-03-29 21:18:46,198 [dee73a76-5b7c-4518-85e5-022f097c94ce@group-412071DB214B-FollowerState] INFO  impl.RoleInfo (RoleInfo.java:updateAndGet(139)) - dee73a76-5b7c-4518-85e5-022f097c94ce: start dee73a76-5b7c-4518-85e5-022f097c94ce@group-412071DB214B-LeaderElection40
2023-03-29 21:18:46,199 [dee73a76-5b7c-4518-85e5-022f097c94ce@group-412071DB214B-LeaderElection40] INFO  impl.LeaderElection (LeaderElection.java:askForVotes(312)) - dee73a76-5b7c-4518-85e5-022f097c94ce@group-412071DB214B-LeaderElection40 PRE_VOTE round 0: submit vote requests at term 0 for -1: peers:[07ed649d-abb7-49d9-8f25-6ee2674c4cb1|rpc:10.1.0.17:37627|dataStream:10.1.0.17:41833|priority:0|startupRole:FOLLOWER, 306f285f-d174-4f26-bb71-a6ae1f938ea0|rpc:10.1.0.17:45957|dataStream:10.1.0.17:32955|priority:0|startupRole:FOLLOWER, dee73a76-5b7c-4518-85e5-022f097c94ce|rpc:10.1.0.17:40537|dataStream:10.1.0.17:43583|priority:1|startupRole:FOLLOWER]|listeners:[], old=null
2023-03-29 21:18:46,200 [dee73a76-5b7c-4518-85e5-022f097c94ce@group-412071DB214B-LeaderElection40] INFO  server.RaftServerConfigKeys (ConfUtils.java:logFallback(53)) - raft.server.rpc.first-election.timeout.min = 5s (fallback to raft.server.rpc.timeout.min)
2023-03-29 21:18:46,200 [dee73a76-5b7c-4518-85e5-022f097c94ce@group-412071DB214B-LeaderElection40-1] INFO  server.GrpcServerProtocolClient (GrpcServerProtocolClient.java:<init>(63)) - Build channel for 07ed649d-abb7-49d9-8f25-6ee2674c4cb1
2023-03-29 21:18:46,200 [dee73a76-5b7c-4518-85e5-022f097c94ce@group-412071DB214B-LeaderElection40] INFO  server.RaftServerConfigKeys (ConfUtils.java:logFallback(53)) - raft.server.rpc.first-election.timeout.max = 5200ms (fallback to raft.server.rpc.timeout.max)
2023-03-29 21:18:46,200 [dee73a76-5b7c-4518-85e5-022f097c94ce@group-412071DB214B-LeaderElection40-2] INFO  server.GrpcServerProtocolClient (GrpcServerProtocolClient.java:<init>(63)) - Build channel for 306f285f-d174-4f26-bb71-a6ae1f938ea0
2023-03-29 21:18:46,208 [grpc-default-executor-2] INFO  server.RaftServer$Division (RaftServerImpl.java:requestVote(1218)) - 306f285f-d174-4f26-bb71-a6ae1f938ea0@group-412071DB214B: receive requestVote(PRE_VOTE, dee73a76-5b7c-4518-85e5-022f097c94ce, group-412071DB214B, 0, (t:0, i:0))
2023-03-29 21:18:46,208 [grpc-default-executor-2] INFO  impl.VoteContext (VoteContext.java:log(49)) - 306f285f-d174-4f26-bb71-a6ae1f938ea0@group-412071DB214B-FOLLOWER: accept PRE_VOTE from dee73a76-5b7c-4518-85e5-022f097c94ce: our priority 0 <= candidate's priority 1
2023-03-29 21:18:46,208 [grpc-default-executor-2] INFO  server.RaftServer$Division (RaftServerImpl.java:requestVote(1251)) - 306f285f-d174-4f26-bb71-a6ae1f938ea0@group-412071DB214B replies to PRE_VOTE vote request: dee73a76-5b7c-4518-85e5-022f097c94ce<-306f285f-d174-4f26-bb71-a6ae1f938ea0#0:OK-t0. Peer's state: 306f285f-d174-4f26-bb71-a6ae1f938ea0@group-412071DB214B:t0, leader=null, voted=, raftlog=Memoized:306f285f-d174-4f26-bb71-a6ae1f938ea0@group-412071DB214B-SegmentedRaftLog:OPENED:c-1, conf=-1: peers:[07ed649d-abb7-49d9-8f25-6ee2674c4cb1|rpc:10.1.0.17:37627|dataStream:10.1.0.17:41833|priority:0|startupRole:FOLLOWER, 306f285f-d174-4f26-bb71-a6ae1f938ea0|rpc:10.1.0.17:45957|dataStream:10.1.0.17:32955|priority:0|startupRole:FOLLOWER, dee73a76-5b7c-4518-85e5-022f097c94ce|rpc:10.1.0.17:40537|dataStream:10.1.0.17:43583|priority:1|startupRole:FOLLOWER]|listeners:[], old=null
2023-03-29 21:18:46,209 [dee73a76-5b7c-4518-85e5-022f097c94ce@group-412071DB214B-LeaderElection40] INFO  impl.LeaderElection (LeaderElection.java:logAndReturn(90)) - dee73a76-5b7c-4518-85e5-022f097c94ce@group-412071DB214B-LeaderElection40: PRE_VOTE PASSED received 1 response(s) and 0 exception(s):
2023-03-29 21:18:46,209 [dee73a76-5b7c-4518-85e5-022f097c94ce@group-412071DB214B-LeaderElection40] INFO  impl.LeaderElection (LeaderElection.java:logAndReturn(94)) -   Response 0: dee73a76-5b7c-4518-85e5-022f097c94ce<-306f285f-d174-4f26-bb71-a6ae1f938ea0#0:OK-t0
2023-03-29 21:18:46,209 [dee73a76-5b7c-4518-85e5-022f097c94ce@group-412071DB214B-LeaderElection40] INFO  impl.LeaderElection (LeaderElection.java:askForVotes(314)) - dee73a76-5b7c-4518-85e5-022f097c94ce@group-412071DB214B-LeaderElection40 PRE_VOTE round 0: result PASSED
2023-03-29 21:18:46,210 [dee73a76-5b7c-4518-85e5-022f097c94ce@group-412071DB214B-LeaderElection40] INFO  impl.LeaderElection (LeaderElection.java:askForVotes(312)) - dee73a76-5b7c-4518-85e5-022f097c94ce@group-412071DB214B-LeaderElection40 ELECTION round 0: submit vote requests at term 1 for -1: peers:[07ed649d-abb7-49d9-8f25-6ee2674c4cb1|rpc:10.1.0.17:37627|dataStream:10.1.0.17:41833|priority:0|startupRole:FOLLOWER, 306f285f-d174-4f26-bb71-a6ae1f938ea0|rpc:10.1.0.17:45957|dataStream:10.1.0.17:32955|priority:0|startupRole:FOLLOWER, dee73a76-5b7c-4518-85e5-022f097c94ce|rpc:10.1.0.17:40537|dataStream:10.1.0.17:43583|priority:1|startupRole:FOLLOWER]|listeners:[], old=null
2023-03-29 21:18:46,214 [dee73a76-5b7c-4518-85e5-022f097c94ce@group-412071DB214B-LeaderElection40] INFO  server.RaftServerConfigKeys (ConfUtils.java:logFallback(53)) - raft.server.rpc.first-election.timeout.min = 5s (fallback to raft.server.rpc.timeout.min)
2023-03-29 21:18:46,214 [dee73a76-5b7c-4518-85e5-022f097c94ce@group-412071DB214B-LeaderElection40] INFO  server.RaftServerConfigKeys (ConfUtils.java:logFallback(53)) - raft.server.rpc.first-election.timeout.max = 5200ms (fallback to raft.server.rpc.timeout.max)
2023-03-29 21:18:46,217 [grpc-default-executor-1] INFO  server.RaftServer$Division (RaftServerImpl.java:requestVote(1218)) - 07ed649d-abb7-49d9-8f25-6ee2674c4cb1@group-412071DB214B: receive requestVote(ELECTION, dee73a76-5b7c-4518-85e5-022f097c94ce, group-412071DB214B, 1, (t:0, i:0))
2023-03-29 21:18:46,217 [grpc-default-executor-1] INFO  impl.VoteContext (VoteContext.java:log(49)) - 07ed649d-abb7-49d9-8f25-6ee2674c4cb1@group-412071DB214B-FOLLOWER: accept ELECTION from dee73a76-5b7c-4518-85e5-022f097c94ce: our priority 0 <= candidate's priority 1
2023-03-29 21:18:46,217 [grpc-default-executor-1] INFO  server.RaftServer$Division (RaftServerImpl.java:setRole(321)) - 07ed649d-abb7-49d9-8f25-6ee2674c4cb1@group-412071DB214B: changes role from  FOLLOWER to FOLLOWER at term 1 for candidate:dee73a76-5b7c-4518-85e5-022f097c94ce
2023-03-29 21:18:46,217 [grpc-default-executor-1] INFO  impl.RoleInfo (RoleInfo.java:shutdownFollowerState(110)) - 07ed649d-abb7-49d9-8f25-6ee2674c4cb1: shutdown 07ed649d-abb7-49d9-8f25-6ee2674c4cb1@group-412071DB214B-FollowerState
2023-03-29 21:18:46,217 [grpc-default-executor-1] INFO  impl.RoleInfo (RoleInfo.java:updateAndGet(139)) - 07ed649d-abb7-49d9-8f25-6ee2674c4cb1: start 07ed649d-abb7-49d9-8f25-6ee2674c4cb1@group-412071DB214B-FollowerState
2023-03-29 21:18:46,217 [07ed649d-abb7-49d9-8f25-6ee2674c4cb1@group-412071DB214B-FollowerState] INFO  impl.FollowerState (FollowerState.java:run(152)) - 07ed649d-abb7-49d9-8f25-6ee2674c4cb1@group-412071DB214B-FollowerState was interrupted
2023-03-29 21:18:46,225 [07ed649d-abb7-49d9-8f25-6ee2674c4cb1@group-412071DB214B-FollowerState] INFO  server.RaftServerConfigKeys (ConfUtils.java:logFallback(53)) - raft.server.rpc.first-election.timeout.min = 5s (fallback to raft.server.rpc.timeout.min)
2023-03-29 21:18:46,225 [grpc-default-executor-1] INFO  server.RaftServer$Division (RaftServerImpl.java:requestVote(1251)) - 07ed649d-abb7-49d9-8f25-6ee2674c4cb1@group-412071DB214B replies to ELECTION vote request: dee73a76-5b7c-4518-85e5-022f097c94ce<-07ed649d-abb7-49d9-8f25-6ee2674c4cb1#0:OK-t1. Peer's state: 07ed649d-abb7-49d9-8f25-6ee2674c4cb1@group-412071DB214B:t1, leader=null, voted=dee73a76-5b7c-4518-85e5-022f097c94ce, raftlog=Memoized:07ed649d-abb7-49d9-8f25-6ee2674c4cb1@group-412071DB214B-SegmentedRaftLog:OPENED:c-1, conf=-1: peers:[07ed649d-abb7-49d9-8f25-6ee2674c4cb1|rpc:10.1.0.17:37627|dataStream:10.1.0.17:41833|priority:0|startupRole:FOLLOWER, 306f285f-d174-4f26-bb71-a6ae1f938ea0|rpc:10.1.0.17:45957|dataStream:10.1.0.17:32955|priority:0|startupRole:FOLLOWER, dee73a76-5b7c-4518-85e5-022f097c94ce|rpc:10.1.0.17:40537|dataStream:10.1.0.17:43583|priority:1|startupRole:FOLLOWER]|listeners:[], old=null
2023-03-29 21:18:46,226 [dee73a76-5b7c-4518-85e5-022f097c94ce@group-412071DB214B-LeaderElection40] INFO  impl.LeaderElection (LeaderElection.java:logAndReturn(90)) - dee73a76-5b7c-4518-85e5-022f097c94ce@group-412071DB214B-LeaderElection40: ELECTION PASSED received 1 response(s) and 0 exception(s):
2023-03-29 21:18:46,226 [grpc-default-executor-1] INFO  server.RaftServer$Division (RaftServerImpl.java:requestVote(1218)) - 306f285f-d174-4f26-bb71-a6ae1f938ea0@group-412071DB214B: receive requestVote(ELECTION, dee73a76-5b7c-4518-85e5-022f097c94ce, group-412071DB214B, 1, (t:0, i:0))
2023-03-29 21:18:46,225 [07ed649d-abb7-49d9-8f25-6ee2674c4cb1@group-412071DB214B-FollowerState] INFO  server.RaftServerConfigKeys (ConfUtils.java:logFallback(53)) - raft.server.rpc.first-election.timeout.max = 5200ms (fallback to raft.server.rpc.timeout.max)
2023-03-29 21:18:46,226 [grpc-default-executor-1] INFO  impl.VoteContext (VoteContext.java:log(49)) - 306f285f-d174-4f26-bb71-a6ae1f938ea0@group-412071DB214B-FOLLOWER: accept ELECTION from dee73a76-5b7c-4518-85e5-022f097c94ce: our priority 0 <= candidate's priority 1
2023-03-29 21:18:46,226 [dee73a76-5b7c-4518-85e5-022f097c94ce@group-412071DB214B-LeaderElection40] INFO  impl.LeaderElection (LeaderElection.java:logAndReturn(94)) -   Response 0: dee73a76-5b7c-4518-85e5-022f097c94ce<-07ed649d-abb7-49d9-8f25-6ee2674c4cb1#0:OK-t1
2023-03-29 21:18:46,226 [dee73a76-5b7c-4518-85e5-022f097c94ce@group-412071DB214B-LeaderElection40] INFO  impl.LeaderElection (LeaderElection.java:askForVotes(314)) - dee73a76-5b7c-4518-85e5-022f097c94ce@group-412071DB214B-LeaderElection40 ELECTION round 0: result PASSED
2023-03-29 21:18:46,226 [dee73a76-5b7c-4518-85e5-022f097c94ce@group-412071DB214B-LeaderElection40] INFO  impl.RoleInfo (RoleInfo.java:shutdownLeaderElection(130)) - dee73a76-5b7c-4518-85e5-022f097c94ce: shutdown dee73a76-5b7c-4518-85e5-022f097c94ce@group-412071DB214B-LeaderElection40
2023-03-29 21:18:46,226 [dee73a76-5b7c-4518-85e5-022f097c94ce@group-412071DB214B-LeaderElection40] INFO  server.RaftServer$Division (RaftServerImpl.java:setRole(321)) - dee73a76-5b7c-4518-85e5-022f097c94ce@group-412071DB214B: changes role from CANDIDATE to LEADER at term 1 for changeToLeader
2023-03-29 21:18:46,226 [dee73a76-5b7c-4518-85e5-022f097c94ce@group-412071DB214B-LeaderElection40] INFO  ratis.XceiverServerRatis (XceiverServerRatis.java:handleLeaderChangedNotification(904)) - Leader change notification received for group: group-412071DB214B with new leaderId: dee73a76-5b7c-4518-85e5-022f097c94ce
2023-03-29 21:18:46,226 [dee73a76-5b7c-4518-85e5-022f097c94ce@group-412071DB214B-LeaderElection40] INFO  server.RaftServer$Division (ServerState.java:setLeader(313)) - dee73a76-5b7c-4518-85e5-022f097c94ce@group-412071DB214B: change Leader from null to dee73a76-5b7c-4518-85e5-022f097c94ce at term 1 for becomeLeader, leader elected after 5162ms
2023-03-29 21:18:46,226 [dee73a76-5b7c-4518-85e5-022f097c94ce@group-412071DB214B-LeaderElection40] INFO  server.RaftServerConfigKeys (ConfUtils.java:logGet(46)) - raft.server.staging.catchup.gap = 1000 (default)
2023-03-29 21:18:46,227 [grpc-default-executor-2] INFO  server.RaftServer$Division (RaftServerImpl.java:requestVote(1218)) - 07ed649d-abb7-49d9-8f25-6ee2674c4cb1@group-412071DB214B: receive requestVote(PRE_VOTE, dee73a76-5b7c-4518-85e5-022f097c94ce, group-412071DB214B, 0, (t:0, i:0))
2023-03-29 21:18:46,227 [grpc-default-executor-2] INFO  impl.VoteContext (VoteContext.java:log(49)) - 07ed649d-abb7-49d9-8f25-6ee2674c4cb1@group-412071DB214B-FOLLOWER: accept PRE_VOTE from dee73a76-5b7c-4518-85e5-022f097c94ce: our priority 0 <= candidate's priority 1
2023-03-29 21:18:46,227 [grpc-default-executor-2] INFO  server.RaftServer$Division (RaftServerImpl.java:requestVote(1251)) - 07ed649d-abb7-49d9-8f25-6ee2674c4cb1@group-412071DB214B replies to PRE_VOTE vote request: dee73a76-5b7c-4518-85e5-022f097c94ce<-07ed649d-abb7-49d9-8f25-6ee2674c4cb1#0:OK-t1. Peer's state: 07ed649d-abb7-49d9-8f25-6ee2674c4cb1@group-412071DB214B:t1, leader=null, voted=dee73a76-5b7c-4518-85e5-022f097c94ce, raftlog=Memoized:07ed649d-abb7-49d9-8f25-6ee2674c4cb1@group-412071DB214B-SegmentedRaftLog:OPENED:c-1, conf=-1: peers:[07ed649d-abb7-49d9-8f25-6ee2674c4cb1|rpc:10.1.0.17:37627|dataStream:10.1.0.17:41833|priority:0|startupRole:FOLLOWER, 306f285f-d174-4f26-bb71-a6ae1f938ea0|rpc:10.1.0.17:45957|dataStream:10.1.0.17:32955|priority:0|startupRole:FOLLOWER, dee73a76-5b7c-4518-85e5-022f097c94ce|rpc:10.1.0.17:40537|dataStream:10.1.0.17:43583|priority:1|startupRole:FOLLOWER]|listeners:[], old=null
2023-03-29 21:18:46,226 [grpc-default-executor-1] INFO  server.RaftServer$Division (RaftServerImpl.java:setRole(321)) - 306f285f-d174-4f26-bb71-a6ae1f938ea0@group-412071DB214B: changes role from  FOLLOWER to FOLLOWER at term 1 for candidate:dee73a76-5b7c-4518-85e5-022f097c94ce
2023-03-29 21:18:46,227 [grpc-default-executor-1] INFO  impl.RoleInfo (RoleInfo.java:shutdownFollowerState(110)) - 306f285f-d174-4f26-bb71-a6ae1f938ea0: shutdown 306f285f-d174-4f26-bb71-a6ae1f938ea0@group-412071DB214B-FollowerState
2023-03-29 21:18:46,227 [grpc-default-executor-1] INFO  impl.RoleInfo (RoleInfo.java:updateAndGet(139)) - 306f285f-d174-4f26-bb71-a6ae1f938ea0: start 306f285f-d174-4f26-bb71-a6ae1f938ea0@group-412071DB214B-FollowerState
2023-03-29 21:18:46,228 [306f285f-d174-4f26-bb71-a6ae1f938ea0@group-412071DB214B-FollowerState] INFO  impl.FollowerState (FollowerState.java:run(152)) - 306f285f-d174-4f26-bb71-a6ae1f938ea0@group-412071DB214B-FollowerState was interrupted
2023-03-29 21:18:46,228 [EventQueue-PipelineReportForPipelineReportHandler] INFO  pipeline.PipelineManagerImpl (PipelineManagerImpl.java:openPipeline(367)) - Pipeline Pipeline[ Id: 2da4b6fb-de94-4e4b-bab0-412071db214b, Nodes: dee73a76-5b7c-4518-85e5-022f097c94ce(fv-az308-773/10.1.0.17)07ed649d-abb7-49d9-8f25-6ee2674c4cb1(fv-az308-773/10.1.0.17)306f285f-d174-4f26-bb71-a6ae1f938ea0(fv-az308-773/10.1.0.17), ReplicationConfig: RATIS/THREE, State:ALLOCATED, leaderId:dee73a76-5b7c-4518-85e5-022f097c94ce, CreationTimestamp2023-03-29T21:18:38.522Z[Etc/UTC]] moved to OPEN state
2023-03-29 21:18:46,227 [dee73a76-5b7c-4518-85e5-022f097c94ce@group-412071DB214B-LeaderElection40] INFO  server.RaftServerConfigKeys (ConfUtils.java:logGet(46)) - raft.server.write.element-limit = 1024 (custom)
2023-03-29 21:18:46,229 [dee73a76-5b7c-4518-85e5-022f097c94ce@group-412071DB214B-LeaderElection40] INFO  server.RaftServerConfigKeys (ConfUtils.java:logGet(46)) - raft.server.write.byte-limit = 1024 M (=1073741824) (custom)
2023-03-29 21:18:46,229 [dee73a76-5b7c-4518-85e5-022f097c94ce@group-412071DB214B-LeaderElection40] INFO  server.RaftServerConfigKeys (ConfUtils.java:logGet(46)) - raft.server.watch.timeout = 180s (custom)
2023-03-29 21:18:46,229 [dee73a76-5b7c-4518-85e5-022f097c94ce@group-412071DB214B-LeaderElection40] INFO  server.RaftServerConfigKeys (ConfUtils.java:logGet(46)) - raft.server.watch.timeout.denomination = 1s (default)
2023-03-29 21:18:46,229 [dee73a76-5b7c-4518-85e5-022f097c94ce@group-412071DB214B-LeaderElection40] INFO  server.RaftServerConfigKeys (ConfUtils.java:logGet(46)) - raft.server.watch.element-limit = 65536 (default)
2023-03-29 21:18:46,229 [dee73a76-5b7c-4518-85e5-022f097c94ce@group-412071DB214B-LeaderElection40] INFO  server.RaftServerConfigKeys (ConfUtils.java:logGet(46)) - raft.server.write.element-limit = 1024 (custom)
2023-03-29 21:18:46,229 [dee73a76-5b7c-4518-85e5-022f097c94ce@group-412071DB214B-LeaderElection40] INFO  server.RaftServerConfigKeys (ConfUtils.java:logGet(46)) - raft.server.write.follower.gap.ratio.max = -1.0 (default)
2023-03-29 21:18:46,229 [dee73a76-5b7c-4518-85e5-022f097c94ce@group-412071DB214B-LeaderElection40] INFO  server.RaftServerConfigKeys (ConfUtils.java:logGet(46)) - raft.server.log.appender.snapshot.chunk.size.max = 16MB (=16777216) (default)
2023-03-29 21:18:46,229 [dee73a76-5b7c-4518-85e5-022f097c94ce@group-412071DB214B-LeaderElection40] INFO  server.RaftServerConfigKeys (ConfUtils.java:logGet(46)) - raft.server.log.appender.buffer.byte-limit = 33554432 (custom)
2023-03-29 21:18:46,229 [dee73a76-5b7c-4518-85e5-022f097c94ce@group-412071DB214B-LeaderElection40] INFO  server.RaftServerConfigKeys (ConfUtils.java:logGet(46)) - raft.server.log.appender.buffer.element-limit = 1 (custom)
2023-03-29 21:18:46,233 [dee73a76-5b7c-4518-85e5-022f097c94ce@group-412071DB214B-LeaderElection40] INFO  grpc.GrpcConfigKeys (ConfUtils.java:logGet(46)) - raft.grpc.server.leader.outstanding.appends.max = 128 (default)
2023-03-29 21:18:46,233 [dee73a76-5b7c-4518-85e5-022f097c94ce@group-412071DB214B-LeaderElection40] INFO  server.RaftServerConfigKeys (ConfUtils.java:logGet(46)) - raft.server.rpc.request.timeout = 60s (custom)
2023-03-29 21:18:46,233 [dee73a76-5b7c-4518-85e5-022f097c94ce@group-412071DB214B-LeaderElection40] INFO  server.RaftServerConfigKeys (ConfUtils.java:logGet(46)) - raft.server.log.appender.install.snapshot.enabled = false (custom)
2023-03-29 21:18:46,233 [dee73a76-5b7c-4518-85e5-022f097c94ce@group-412071DB214B-LeaderElection40] INFO  grpc.GrpcConfigKeys (ConfUtils.java:logGet(46)) - raft.grpc.server.heartbeat.channel = true (default)
2023-03-29 21:18:46,233 [dee73a76-5b7c-4518-85e5-022f097c94ce@group-412071DB214B-LeaderElection40] INFO  server.RaftServerConfigKeys (ConfUtils.java:logGet(46)) - raft.server.log.appender.wait-time.min = 10ms (default)
2023-03-29 21:18:46,233 [dee73a76-5b7c-4518-85e5-022f097c94ce@group-412071DB214B-LeaderElection40] INFO  server.RaftServerConfigKeys (ConfUtils.java:logGet(46)) - raft.server.log.appender.snapshot.chunk.size.max = 16MB (=16777216) (default)
2023-03-29 21:18:46,233 [dee73a76-5b7c-4518-85e5-022f097c94ce@group-412071DB214B-LeaderElection40] INFO  server.RaftServerConfigKeys (ConfUtils.java:logGet(46)) - raft.server.log.appender.buffer.byte-limit = 33554432 (custom)
2023-03-29 21:18:46,233 [dee73a76-5b7c-4518-85e5-022f097c94ce@group-412071DB214B-LeaderElection40] INFO  server.RaftServerConfigKeys (ConfUtils.java:logGet(46)) - raft.server.log.appender.buffer.element-limit = 1 (custom)
2023-03-29 21:18:46,233 [dee73a76-5b7c-4518-85e5-022f097c94ce@group-412071DB214B-LeaderElection40] INFO  grpc.GrpcConfigKeys (ConfUtils.java:logGet(46)) - raft.grpc.server.leader.outstanding.appends.max = 128 (default)
2023-03-29 21:18:46,233 [dee73a76-5b7c-4518-85e5-022f097c94ce@group-412071DB214B-LeaderElection40] INFO  server.RaftServerConfigKeys (ConfUtils.java:logGet(46)) - raft.server.rpc.request.timeout = 60s (custom)
2023-03-29 21:18:46,233 [dee73a76-5b7c-4518-85e5-022f097c94ce@group-412071DB214B-LeaderElection40] INFO  server.RaftServerConfigKeys (ConfUtils.java:logGet(46)) - raft.server.log.appender.install.snapshot.enabled = false (custom)
2023-03-29 21:18:46,234 [dee73a76-5b7c-4518-85e5-022f097c94ce@group-412071DB214B-LeaderElection40] INFO  grpc.GrpcConfigKeys (ConfUtils.java:logGet(46)) - raft.grpc.server.heartbeat.channel = true (default)
2023-03-29 21:18:46,234 [dee73a76-5b7c-4518-85e5-022f097c94ce@group-412071DB214B-LeaderElection40] INFO  server.RaftServerConfigKeys (ConfUtils.java:logGet(46)) - raft.server.log.appender.wait-time.min = 10ms (default)
2023-03-29 21:18:46,234 [grpc-default-executor-1] INFO  server.RaftServer$Division (RaftServerImpl.java:requestVote(1251)) - 306f285f-d174-4f26-bb71-a6ae1f938ea0@group-412071DB214B replies to ELECTION vote request: dee73a76-5b7c-4518-85e5-022f097c94ce<-306f285f-d174-4f26-bb71-a6ae1f938ea0#0:OK-t1. Peer's state: 306f285f-d174-4f26-bb71-a6ae1f938ea0@group-412071DB214B:t1, leader=null, voted=dee73a76-5b7c-4518-85e5-022f097c94ce, raftlog=Memoized:306f285f-d174-4f26-bb71-a6ae1f938ea0@group-412071DB214B-SegmentedRaftLog:OPENED:c-1, conf=-1: peers:[07ed649d-abb7-49d9-8f25-6ee2674c4cb1|rpc:10.1.0.17:37627|dataStream:10.1.0.17:41833|priority:0|startupRole:FOLLOWER, 306f285f-d174-4f26-bb71-a6ae1f938ea0|rpc:10.1.0.17:45957|dataStream:10.1.0.17:32955|priority:0|startupRole:FOLLOWER, dee73a76-5b7c-4518-85e5-022f097c94ce|rpc:10.1.0.17:40537|dataStream:10.1.0.17:43583|priority:1|startupRole:FOLLOWER]|listeners:[], old=null
2023-03-29 21:18:46,234 [dee73a76-5b7c-4518-85e5-022f097c94ce@group-412071DB214B-LeaderElection40] INFO  impl.RoleInfo (RoleInfo.java:updateAndGet(139)) - dee73a76-5b7c-4518-85e5-022f097c94ce: start dee73a76-5b7c-4518-85e5-022f097c94ce@group-412071DB214B-LeaderStateImpl
2023-03-29 21:18:46,234 [dee73a76-5b7c-4518-85e5-022f097c94ce@group-412071DB214B-LeaderElection40] INFO  segmented.SegmentedRaftLogWorker (SegmentedRaftLogWorker.java:startLogSegment(452)) - dee73a76-5b7c-4518-85e5-022f097c94ce@group-412071DB214B-SegmentedRaftLogWorker: Starting segment from index:0
2023-03-29 21:18:46,235 [dee73a76-5b7c-4518-85e5-022f097c94ce@group-412071DB214B-SegmentedRaftLogWorker] INFO  segmented.SegmentedRaftLogWorker (SegmentedRaftLogWorker.java:execute(656)) - dee73a76-5b7c-4518-85e5-022f097c94ce@group-412071DB214B-SegmentedRaftLogWorker: created new log segment /home/runner/work/ozone/ozone/hadoop-ozone/integration-test/target/test-dir/MiniOzoneClusterImpl-81c774c4-8c24-4526-9b8e-41dc3c8fdf7d/datanode-1/data/ratis/2da4b6fb-de94-4e4b-bab0-412071db214b/current/log_inprogress_0
2023-03-29 21:18:46,236 [306f285f-d174-4f26-bb71-a6ae1f938ea0@group-412071DB214B-FollowerState] INFO  server.RaftServerConfigKeys (ConfUtils.java:logFallback(53)) - raft.server.rpc.first-election.timeout.min = 5s (fallback to raft.server.rpc.timeout.min)
2023-03-29 21:18:46,236 [306f285f-d174-4f26-bb71-a6ae1f938ea0@group-412071DB214B-FollowerState] INFO  server.RaftServerConfigKeys (ConfUtils.java:logFallback(53)) - raft.server.rpc.first-election.timeout.max = 5200ms (fallback to raft.server.rpc.timeout.max)
2023-03-29 21:18:46,242 [dee73a76-5b7c-4518-85e5-022f097c94ce@group-412071DB214B-LeaderElection40] INFO  server.RaftServer$Division (ServerState.java:setRaftConf(430)) - dee73a76-5b7c-4518-85e5-022f097c94ce@group-412071DB214B: set configuration 0: peers:[07ed649d-abb7-49d9-8f25-6ee2674c4cb1|rpc:10.1.0.17:37627|dataStream:10.1.0.17:41833|priority:0|startupRole:FOLLOWER, 306f285f-d174-4f26-bb71-a6ae1f938ea0|rpc:10.1.0.17:45957|dataStream:10.1.0.17:32955|priority:0|startupRole:FOLLOWER, dee73a76-5b7c-4518-85e5-022f097c94ce|rpc:10.1.0.17:40537|dataStream:10.1.0.17:43583|priority:1|startupRole:FOLLOWER]|listeners:[], old=null
2023-03-29 21:18:46,244 [07ed649d-abb7-49d9-8f25-6ee2674c4cb1-server-thread1] INFO  ratis.XceiverServerRatis (XceiverServerRatis.java:handleLeaderChangedNotification(904)) - Leader change notification received for group: group-412071DB214B with new leaderId: dee73a76-5b7c-4518-85e5-022f097c94ce
2023-03-29 21:18:46,244 [07ed649d-abb7-49d9-8f25-6ee2674c4cb1-server-thread1] INFO  server.RaftServer$Division (ServerState.java:setLeader(313)) - 07ed649d-abb7-49d9-8f25-6ee2674c4cb1@group-412071DB214B: change Leader from null to dee73a76-5b7c-4518-85e5-022f097c94ce at term 1 for appendEntries, leader elected after 5156ms
2023-03-29 21:18:46,253 [07ed649d-abb7-49d9-8f25-6ee2674c4cb1-server-thread1] INFO  server.RaftServer$Division (ServerState.java:setRaftConf(430)) - 07ed649d-abb7-49d9-8f25-6ee2674c4cb1@group-412071DB214B: set configuration 0: peers:[07ed649d-abb7-49d9-8f25-6ee2674c4cb1|rpc:10.1.0.17:37627|dataStream:10.1.0.17:41833|priority:0|startupRole:FOLLOWER, 306f285f-d174-4f26-bb71-a6ae1f938ea0|rpc:10.1.0.17:45957|dataStream:10.1.0.17:32955|priority:0|startupRole:FOLLOWER, dee73a76-5b7c-4518-85e5-022f097c94ce|rpc:10.1.0.17:40537|dataStream:10.1.0.17:43583|priority:1|startupRole:FOLLOWER]|listeners:[], old=null
2023-03-29 21:18:46,253 [07ed649d-abb7-49d9-8f25-6ee2674c4cb1-server-thread1] INFO  segmented.SegmentedRaftLogWorker (SegmentedRaftLogWorker.java:startLogSegment(452)) - 07ed649d-abb7-49d9-8f25-6ee2674c4cb1@group-412071DB214B-SegmentedRaftLogWorker: Starting segment from index:0
2023-03-29 21:18:46,256 [07ed649d-abb7-49d9-8f25-6ee2674c4cb1@group-412071DB214B-SegmentedRaftLogWorker] INFO  segmented.SegmentedRaftLogWorker (SegmentedRaftLogWorker.java:execute(656)) - 07ed649d-abb7-49d9-8f25-6ee2674c4cb1@group-412071DB214B-SegmentedRaftLogWorker: created new log segment /home/runner/work/ozone/ozone/hadoop-ozone/integration-test/target/test-dir/MiniOzoneClusterImpl-81c774c4-8c24-4526-9b8e-41dc3c8fdf7d/datanode-2/data/ratis/2da4b6fb-de94-4e4b-bab0-412071db214b/current/log_inprogress_0
2023-03-29 21:18:46,259 [306f285f-d174-4f26-bb71-a6ae1f938ea0-server-thread1] INFO  ratis.XceiverServerRatis (XceiverServerRatis.java:handleLeaderChangedNotification(904)) - Leader change notification received for group: group-412071DB214B with new leaderId: dee73a76-5b7c-4518-85e5-022f097c94ce
2023-03-29 21:18:46,259 [306f285f-d174-4f26-bb71-a6ae1f938ea0-server-thread1] INFO  server.RaftServer$Division (ServerState.java:setLeader(313)) - 306f285f-d174-4f26-bb71-a6ae1f938ea0@group-412071DB214B: change Leader from null to dee73a76-5b7c-4518-85e5-022f097c94ce at term 1 for appendEntries, leader elected after 5221ms
2023-03-29 21:18:46,260 [306f285f-d174-4f26-bb71-a6ae1f938ea0-server-thread2] INFO  server.RaftServer$Division (ServerState.java:setRaftConf(430)) - 306f285f-d174-4f26-bb71-a6ae1f938ea0@group-412071DB214B: set configuration 0: peers:[07ed649d-abb7-49d9-8f25-6ee2674c4cb1|rpc:10.1.0.17:37627|dataStream:10.1.0.17:41833|priority:0|startupRole:FOLLOWER, 306f285f-d174-4f26-bb71-a6ae1f938ea0|rpc:10.1.0.17:45957|dataStream:10.1.0.17:32955|priority:0|startupRole:FOLLOWER, dee73a76-5b7c-4518-85e5-022f097c94ce|rpc:10.1.0.17:40537|dataStream:10.1.0.17:43583|priority:1|startupRole:FOLLOWER]|listeners:[], old=null
2023-03-29 21:18:46,260 [306f285f-d174-4f26-bb71-a6ae1f938ea0-server-thread2] INFO  segmented.SegmentedRaftLogWorker (SegmentedRaftLogWorker.java:startLogSegment(452)) - 306f285f-d174-4f26-bb71-a6ae1f938ea0@group-412071DB214B-SegmentedRaftLogWorker: Starting segment from index:0
2023-03-29 21:18:46,261 [306f285f-d174-4f26-bb71-a6ae1f938ea0@group-412071DB214B-SegmentedRaftLogWorker] INFO  segmented.SegmentedRaftLogWorker (SegmentedRaftLogWorker.java:execute(656)) - 306f285f-d174-4f26-bb71-a6ae1f938ea0@group-412071DB214B-SegmentedRaftLogWorker: created new log segment /home/runner/work/ozone/ozone/hadoop-ozone/integration-test/target/test-dir/MiniOzoneClusterImpl-81c774c4-8c24-4526-9b8e-41dc3c8fdf7d/datanode-0/data/ratis/2da4b6fb-de94-4e4b-bab0-412071db214b/current/log_inprogress_0
2023-03-29 21:18:46,384 [dee73a76-5b7c-4518-85e5-022f097c94ce@group-8031F004AE47-FollowerState] INFO  impl.FollowerState (FollowerState.java:run(143)) - dee73a76-5b7c-4518-85e5-022f097c94ce@group-8031F004AE47-FollowerState: change to CANDIDATE, lastRpcElapsedTime:5165080340ns, electionTimeout:5164ms
2023-03-29 21:18:46,384 [dee73a76-5b7c-4518-85e5-022f097c94ce@group-8031F004AE47-FollowerState] INFO  impl.RoleInfo (RoleInfo.java:shutdownFollowerState(110)) - dee73a76-5b7c-4518-85e5-022f097c94ce: shutdown dee73a76-5b7c-4518-85e5-022f097c94ce@group-8031F004AE47-FollowerState
2023-03-29 21:18:46,384 [dee73a76-5b7c-4518-85e5-022f097c94ce@group-8031F004AE47-FollowerState] INFO  server.RaftServer$Division (RaftServerImpl.java:setRole(321)) - dee73a76-5b7c-4518-85e5-022f097c94ce@group-8031F004AE47: changes role from  FOLLOWER to CANDIDATE at term 0 for changeToCandidate
2023-03-29 21:18:46,384 [dee73a76-5b7c-4518-85e5-022f097c94ce@group-8031F004AE47-FollowerState] INFO  server.RaftServerConfigKeys (ConfUtils.java:logGet(46)) - raft.server.leaderelection.pre-vote = true (default)
2023-03-29 21:18:46,384 [dee73a76-5b7c-4518-85e5-022f097c94ce@group-8031F004AE47-FollowerState] INFO  impl.RoleInfo (RoleInfo.java:updateAndGet(139)) - dee73a76-5b7c-4518-85e5-022f097c94ce: start dee73a76-5b7c-4518-85e5-022f097c94ce@group-8031F004AE47-LeaderElection41
2023-03-29 21:18:46,386 [dee73a76-5b7c-4518-85e5-022f097c94ce@group-8031F004AE47-LeaderElection41] INFO  impl.LeaderElection (LeaderElection.java:askForVotes(312)) - dee73a76-5b7c-4518-85e5-022f097c94ce@group-8031F004AE47-LeaderElection41 PRE_VOTE round 0: submit vote requests at term 0 for -1: peers:[dee73a76-5b7c-4518-85e5-022f097c94ce|rpc:10.1.0.17:40537|dataStream:10.1.0.17:43583|priority:1|startupRole:FOLLOWER]|listeners:[], old=null
2023-03-29 21:18:46,386 [dee73a76-5b7c-4518-85e5-022f097c94ce@group-8031F004AE47-LeaderElection41] INFO  impl.LeaderElection (LeaderElection.java:askForVotes(314)) - dee73a76-5b7c-4518-85e5-022f097c94ce@group-8031F004AE47-LeaderElection41 PRE_VOTE round 0: result PASSED (term=0)
2023-03-29 21:18:46,388 [dee73a76-5b7c-4518-85e5-022f097c94ce@group-8031F004AE47-LeaderElection41] INFO  impl.LeaderElection (LeaderElection.java:askForVotes(312)) - dee73a76-5b7c-4518-85e5-022f097c94ce@group-8031F004AE47-LeaderElection41 ELECTION round 0: submit vote requests at term 1 for -1: peers:[dee73a76-5b7c-4518-85e5-022f097c94ce|rpc:10.1.0.17:40537|dataStream:10.1.0.17:43583|priority:1|startupRole:FOLLOWER]|listeners:[], old=null
2023-03-29 21:18:46,388 [dee73a76-5b7c-4518-85e5-022f097c94ce@group-8031F004AE47-LeaderElection41] INFO  impl.LeaderElection (LeaderElection.java:askForVotes(314)) - dee73a76-5b7c-4518-85e5-022f097c94ce@group-8031F004AE47-LeaderElection41 ELECTION round 0: result PASSED (term=1)
2023-03-29 21:18:46,388 [dee73a76-5b7c-4518-85e5-022f097c94ce@group-8031F004AE47-LeaderElection41] INFO  impl.RoleInfo (RoleInfo.java:shutdownLeaderElection(130)) - dee73a76-5b7c-4518-85e5-022f097c94ce: shutdown dee73a76-5b7c-4518-85e5-022f097c94ce@group-8031F004AE47-LeaderElection41
2023-03-29 21:18:46,388 [dee73a76-5b7c-4518-85e5-022f097c94ce@group-8031F004AE47-LeaderElection41] INFO  server.RaftServer$Division (RaftServerImpl.java:setRole(321)) - dee73a76-5b7c-4518-85e5-022f097c94ce@group-8031F004AE47: changes role from CANDIDATE to LEADER at term 1 for changeToLeader
2023-03-29 21:18:46,388 [dee73a76-5b7c-4518-85e5-022f097c94ce@group-8031F004AE47-LeaderElection41] INFO  ratis.XceiverServerRatis (XceiverServerRatis.java:handleLeaderChangedNotification(904)) - Leader change notification received for group: group-8031F004AE47 with new leaderId: dee73a76-5b7c-4518-85e5-022f097c94ce
2023-03-29 21:18:46,389 [dee73a76-5b7c-4518-85e5-022f097c94ce@group-8031F004AE47-LeaderElection41] INFO  server.RaftServer$Division (ServerState.java:setLeader(313)) - dee73a76-5b7c-4518-85e5-022f097c94ce@group-8031F004AE47: change Leader from null to dee73a76-5b7c-4518-85e5-022f097c94ce at term 1 for becomeLeader, leader elected after 5182ms
2023-03-29 21:18:46,389 [dee73a76-5b7c-4518-85e5-022f097c94ce@group-8031F004AE47-LeaderElection41] INFO  server.RaftServerConfigKeys (ConfUtils.java:logGet(46)) - raft.server.staging.catchup.gap = 1000 (default)
2023-03-29 21:18:46,389 [dee73a76-5b7c-4518-85e5-022f097c94ce@group-8031F004AE47-LeaderElection41] INFO  server.RaftServerConfigKeys (ConfUtils.java:logGet(46)) - raft.server.write.element-limit = 1024 (custom)
2023-03-29 21:18:46,389 [dee73a76-5b7c-4518-85e5-022f097c94ce@group-8031F004AE47-LeaderElection41] INFO  server.RaftServerConfigKeys (ConfUtils.java:logGet(46)) - raft.server.write.byte-limit = 1024 M (=1073741824) (custom)
2023-03-29 21:18:46,389 [dee73a76-5b7c-4518-85e5-022f097c94ce@group-8031F004AE47-LeaderElection41] INFO  server.RaftServerConfigKeys (ConfUtils.java:logGet(46)) - raft.server.watch.timeout = 180s (custom)
2023-03-29 21:18:46,390 [dee73a76-5b7c-4518-85e5-022f097c94ce@group-8031F004AE47-LeaderElection41] INFO  server.RaftServerConfigKeys (ConfUtils.java:logGet(46)) - raft.server.watch.timeout.denomination = 1s (default)
2023-03-29 21:18:46,390 [dee73a76-5b7c-4518-85e5-022f097c94ce@group-8031F004AE47-LeaderElection41] INFO  server.RaftServerConfigKeys (ConfUtils.java:logGet(46)) - raft.server.watch.element-limit = 65536 (default)
2023-03-29 21:18:46,390 [dee73a76-5b7c-4518-85e5-022f097c94ce@group-8031F004AE47-LeaderElection41] INFO  server.RaftServerConfigKeys (ConfUtils.java:logGet(46)) - raft.server.write.element-limit = 1024 (custom)
2023-03-29 21:18:46,390 [dee73a76-5b7c-4518-85e5-022f097c94ce@group-8031F004AE47-LeaderElection41] INFO  server.RaftServerConfigKeys (ConfUtils.java:logGet(46)) - raft.server.write.follower.gap.ratio.max = -1.0 (default)
2023-03-29 21:18:46,390 [dee73a76-5b7c-4518-85e5-022f097c94ce@group-8031F004AE47-LeaderElection41] INFO  impl.RoleInfo (RoleInfo.java:updateAndGet(139)) - dee73a76-5b7c-4518-85e5-022f097c94ce: start dee73a76-5b7c-4518-85e5-022f097c94ce@group-8031F004AE47-LeaderStateImpl
2023-03-29 21:18:46,390 [dee73a76-5b7c-4518-85e5-022f097c94ce@group-8031F004AE47-LeaderElection41] INFO  segmented.SegmentedRaftLogWorker (SegmentedRaftLogWorker.java:startLogSegment(452)) - dee73a76-5b7c-4518-85e5-022f097c94ce@group-8031F004AE47-SegmentedRaftLogWorker: Starting segment from index:0
2023-03-29 21:18:46,391 [dee73a76-5b7c-4518-85e5-022f097c94ce@group-8031F004AE47-LeaderElection41] INFO  server.RaftServer$Division (ServerState.java:setRaftConf(430)) - dee73a76-5b7c-4518-85e5-022f097c94ce@group-8031F004AE47: set configuration 0: peers:[dee73a76-5b7c-4518-85e5-022f097c94ce|rpc:10.1.0.17:40537|dataStream:10.1.0.17:43583|priority:1|startupRole:FOLLOWER]|listeners:[], old=null
2023-03-29 21:18:46,392 [dee73a76-5b7c-4518-85e5-022f097c94ce@group-8031F004AE47-SegmentedRaftLogWorker] INFO  segmented.SegmentedRaftLogWorker (SegmentedRaftLogWorker.java:execute(656)) - dee73a76-5b7c-4518-85e5-022f097c94ce@group-8031F004AE47-SegmentedRaftLogWorker: created new log segment /home/runner/work/ozone/ozone/hadoop-ozone/integration-test/target/test-dir/MiniOzoneClusterImpl-81c774c4-8c24-4526-9b8e-41dc3c8fdf7d/datanode-1/data/ratis/3adc2bab-eb7f-4d32-8f85-8031f004ae47/current/log_inprogress_0
2023-03-29 21:18:46,519 [Listener at 127.0.0.1/44447] INFO  ozone.MiniOzoneClusterImpl (MiniOzoneClusterImpl.java:lambda$waitForClusterToBeReady$0(222)) - Nodes are ready. Got 3 of 3 DN Heartbeats.
2023-03-29 21:18:46,519 [Listener at 127.0.0.1/44447] INFO  ozone.MiniOzoneClusterImpl (MiniOzoneClusterImpl.java:lambda$waitForClusterToBeReady$0(225)) - Cluster exits safe mode
2023-03-29 21:18:46,519 [Listener at 127.0.0.1/44447] INFO  ozone.MiniOzoneClusterImpl (MiniOzoneClusterImpl.java:lambda$waitForClusterToBeReady$0(227)) - SCM became leader
21:18:46.521 [Listener at 127.0.0.1/44447] ERROR SCMAudit - user=null | ip=null | op=DELETE_CONTAINER {remoteUser=adminUser2, containerID=1680124726520} | ret=FAILURE
org.apache.hadoop.hdds.scm.container.ContainerNotFoundException: Container with id #1680124726520 not found.
	at org.apache.hadoop.hdds.scm.container.ContainerManagerImpl.throwContainerNotFoundException(ContainerManagerImpl.java:455) ~[hdds-server-scm-1.4.0-SNAPSHOT.jar:?]
	at org.apache.hadoop.hdds.scm.container.ContainerManagerImpl.deleteContainer(ContainerManagerImpl.java:441) ~[hdds-server-scm-1.4.0-SNAPSHOT.jar:?]
	at org.apache.hadoop.hdds.scm.server.SCMClientProtocolServer.deleteContainer(SCMClientProtocolServer.java:586) [hdds-server-scm-1.4.0-SNAPSHOT.jar:?]
	at sun.reflect.NativeMethodAccessorImpl.invoke0(Native Method) ~[?:1.8.0_362]
	at sun.reflect.NativeMethodAccessorImpl.invoke(NativeMethodAccessorImpl.java:62) ~[?:1.8.0_362]
	at sun.reflect.DelegatingMethodAccessorImpl.invoke(DelegatingMethodAccessorImpl.java:43) ~[?:1.8.0_362]
	at java.lang.reflect.Method.invoke(Method.java:498) ~[?:1.8.0_362]
	at org.mockito.internal.creation.bytebuddy.MockMethodAdvice.tryInvoke(MockMethodAdvice.java:212) [mockito-core-2.28.2.jar:?]
	at org.mockito.internal.creation.bytebuddy.MockMethodAdvice.access$400(MockMethodAdvice.java:34) [mockito-core-2.28.2.jar:?]
	at org.mockito.internal.creation.bytebuddy.MockMethodAdvice$RealMethodCall.invoke(MockMethodAdvice.java:164) [mockito-core-2.28.2.jar:?]
	at org.mockito.internal.invocation.InterceptedInvocation.callRealMethod(InterceptedInvocation.java:152) [mockito-core-2.28.2.jar:?]
	at org.mockito.internal.stubbing.answers.CallsRealMethods.answer(CallsRealMethods.java:43) [mockito-core-2.28.2.jar:?]
	at org.mockito.Answers.answer(Answers.java:100) [mockito-core-2.28.2.jar:?]
	at org.mockito.internal.handler.MockHandlerImpl.handle(MockHandlerImpl.java:103) [mockito-core-2.28.2.jar:?]
	at org.mockito.internal.handler.NullResultGuardian.handle(NullResultGuardian.java:29) [mockito-core-2.28.2.jar:?]
	at org.mockito.internal.handler.InvocationNotifierHandler.handle(InvocationNotifierHandler.java:35) [mockito-core-2.28.2.jar:?]
	at org.mockito.internal.creation.bytebuddy.MockMethodInterceptor.doIntercept(MockMethodInterceptor.java:61) [mockito-core-2.28.2.jar:?]
	at org.mockito.internal.creation.bytebuddy.MockMethodAdvice.handle(MockMethodAdvice.java:105) [mockito-core-2.28.2.jar:?]
	at org.apache.hadoop.hdds.scm.server.SCMClientProtocolServer.deleteContainer(SCMClientProtocolServer.java:580) [hdds-server-scm-1.4.0-SNAPSHOT.jar:?]
	at org.apache.hadoop.ozone.TestStorageContainerManager.testRpcPermissionWithConf(TestStorageContainerManager.java:205) [test-classes/:?]
	at org.apache.hadoop.ozone.TestStorageContainerManager.testRpcPermission(TestStorageContainerManager.java:188) [test-classes/:?]
	at sun.reflect.NativeMethodAccessorImpl.invoke0(Native Method) ~[?:1.8.0_362]
	at sun.reflect.NativeMethodAccessorImpl.invoke(NativeMethodAccessorImpl.java:62) ~[?:1.8.0_362]
	at sun.reflect.DelegatingMethodAccessorImpl.invoke(DelegatingMethodAccessorImpl.java:43) ~[?:1.8.0_362]
	at java.lang.reflect.Method.invoke(Method.java:498) ~[?:1.8.0_362]
	at org.junit.runners.model.FrameworkMethod$1.runReflectiveCall(FrameworkMethod.java:59) [junit-4.13.1.jar:4.13.1]
	at org.junit.internal.runners.model.ReflectiveCallable.run(ReflectiveCallable.java:12) [junit-4.13.1.jar:4.13.1]
	at org.junit.runners.model.FrameworkMethod.invokeExplosively(FrameworkMethod.java:56) [junit-4.13.1.jar:4.13.1]
	at org.junit.internal.runners.statements.InvokeMethod.evaluate(InvokeMethod.java:17) [junit-4.13.1.jar:4.13.1]
	at org.junit.internal.runners.statements.RunAfters.evaluate(RunAfters.java:27) [junit-4.13.1.jar:4.13.1]
	at org.junit.rules.ExpectedException$ExpectedExceptionStatement.evaluate(ExpectedException.java:258) [junit-4.13.1.jar:4.13.1]
	at org.junit.internal.runners.statements.FailOnTimeout$CallableStatement.call(FailOnTimeout.java:288) [junit-4.13.1.jar:4.13.1]
	at org.junit.internal.runners.statements.FailOnTimeout$CallableStatement.call(FailOnTimeout.java:282) [junit-4.13.1.jar:4.13.1]
	at java.util.concurrent.FutureTask.run(FutureTask.java:266) [?:1.8.0_362]
	at java.lang.Thread.run(Thread.java:750) [?:1.8.0_362]
2023-03-29 21:18:46,532 [Listener at 127.0.0.1/44447] INFO  pipeline.PipelineStateManagerImpl (PipelineStateManagerImpl.java:addPipeline(103)) - Created pipeline Pipeline[ Id: 5e168b4d-8b23-4d1f-86d3-a90a61940ca0, Nodes: 07ed649d-abb7-49d9-8f25-6ee2674c4cb1(fv-az308-773/10.1.0.17), ReplicationConfig: STANDALONE/ONE, State:OPEN, leaderId:, CreationTimestamp2023-03-29T21:18:46.530Z[Etc/UTC]].
2023-03-29 21:18:46,533 [Listener at 127.0.0.1/44447] INFO  ha.SequenceIdGenerator (SequenceIdGenerator.java:getNextId(128)) - Allocate a batch for containerId, change lastId from 0 to 1000.
21:18:46.535 [Listener at 127.0.0.1/44447] ERROR SCMAudit - user=null | ip=null | op=GET_CONTAINER {containerID=1680124726534} | ret=FAILURE
org.apache.hadoop.hdds.scm.container.ContainerNotFoundException: ID #1680124726534
	at org.apache.hadoop.hdds.scm.container.ContainerManagerImpl.lambda$getContainer$0(ContainerManagerImpl.java:140) ~[hdds-server-scm-1.4.0-SNAPSHOT.jar:?]
	at java.util.Optional.orElseThrow(Optional.java:290) ~[?:1.8.0_362]
	at org.apache.hadoop.hdds.scm.container.ContainerManagerImpl.getContainer(ContainerManagerImpl.java:140) ~[hdds-server-scm-1.4.0-SNAPSHOT.jar:?]
	at org.apache.hadoop.hdds.scm.server.SCMClientProtocolServer.getContainer(SCMClientProtocolServer.java:253) [hdds-server-scm-1.4.0-SNAPSHOT.jar:?]
	at sun.reflect.NativeMethodAccessorImpl.invoke0(Native Method) ~[?:1.8.0_362]
	at sun.reflect.NativeMethodAccessorImpl.invoke(NativeMethodAccessorImpl.java:62) ~[?:1.8.0_362]
	at sun.reflect.DelegatingMethodAccessorImpl.invoke(DelegatingMethodAccessorImpl.java:43) ~[?:1.8.0_362]
	at java.lang.reflect.Method.invoke(Method.java:498) ~[?:1.8.0_362]
	at org.mockito.internal.creation.bytebuddy.MockMethodAdvice.tryInvoke(MockMethodAdvice.java:212) [mockito-core-2.28.2.jar:?]
	at org.mockito.internal.creation.bytebuddy.MockMethodAdvice.access$400(MockMethodAdvice.java:34) [mockito-core-2.28.2.jar:?]
	at org.mockito.internal.creation.bytebuddy.MockMethodAdvice$RealMethodCall.invoke(MockMethodAdvice.java:164) [mockito-core-2.28.2.jar:?]
	at org.mockito.internal.invocation.InterceptedInvocation.callRealMethod(InterceptedInvocation.java:152) [mockito-core-2.28.2.jar:?]
	at org.mockito.internal.stubbing.answers.CallsRealMethods.answer(CallsRealMethods.java:43) [mockito-core-2.28.2.jar:?]
	at org.mockito.Answers.answer(Answers.java:100) [mockito-core-2.28.2.jar:?]
	at org.mockito.internal.handler.MockHandlerImpl.handle(MockHandlerImpl.java:103) [mockito-core-2.28.2.jar:?]
	at org.mockito.internal.handler.NullResultGuardian.handle(NullResultGuardian.java:29) [mockito-core-2.28.2.jar:?]
	at org.mockito.internal.handler.InvocationNotifierHandler.handle(InvocationNotifierHandler.java:35) [mockito-core-2.28.2.jar:?]
	at org.mockito.internal.creation.bytebuddy.MockMethodInterceptor.doIntercept(MockMethodInterceptor.java:61) [mockito-core-2.28.2.jar:?]
	at org.mockito.internal.creation.bytebuddy.MockMethodAdvice.handle(MockMethodAdvice.java:105) [mockito-core-2.28.2.jar:?]
	at org.apache.hadoop.hdds.scm.server.SCMClientProtocolServer.getContainer(SCMClientProtocolServer.java:247) [hdds-server-scm-1.4.0-SNAPSHOT.jar:?]
	at org.apache.hadoop.ozone.TestStorageContainerManager.testRpcPermissionWithConf(TestStorageContainerManager.java:245) [test-classes/:?]
	at org.apache.hadoop.ozone.TestStorageContainerManager.testRpcPermission(TestStorageContainerManager.java:188) [test-classes/:?]
	at sun.reflect.NativeMethodAccessorImpl.invoke0(Native Method) ~[?:1.8.0_362]
	at sun.reflect.NativeMethodAccessorImpl.invoke(NativeMethodAccessorImpl.java:62) ~[?:1.8.0_362]
	at sun.reflect.DelegatingMethodAccessorImpl.invoke(DelegatingMethodAccessorImpl.java:43) ~[?:1.8.0_362]
	at java.lang.reflect.Method.invoke(Method.java:498) ~[?:1.8.0_362]
	at org.junit.runners.model.FrameworkMethod$1.runReflectiveCall(FrameworkMethod.java:59) [junit-4.13.1.jar:4.13.1]
	at org.junit.internal.runners.model.ReflectiveCallable.run(ReflectiveCallable.java:12) [junit-4.13.1.jar:4.13.1]
	at org.junit.runners.model.FrameworkMethod.invokeExplosively(FrameworkMethod.java:56) [junit-4.13.1.jar:4.13.1]
	at org.junit.internal.runners.statements.InvokeMethod.evaluate(InvokeMethod.java:17) [junit-4.13.1.jar:4.13.1]
	at org.junit.internal.runners.statements.RunAfters.evaluate(RunAfters.java:27) [junit-4.13.1.jar:4.13.1]
	at org.junit.rules.ExpectedException$ExpectedExceptionStatement.evaluate(ExpectedException.java:258) [junit-4.13.1.jar:4.13.1]
	at org.junit.internal.runners.statements.FailOnTimeout$CallableStatement.call(FailOnTimeout.java:288) [junit-4.13.1.jar:4.13.1]
	at org.junit.internal.runners.statements.FailOnTimeout$CallableStatement.call(FailOnTimeout.java:282) [junit-4.13.1.jar:4.13.1]
	at java.util.concurrent.FutureTask.run(FutureTask.java:266) [?:1.8.0_362]
	at java.lang.Thread.run(Thread.java:750) [?:1.8.0_362]
2023-03-29 21:18:46,535 [Listener at 127.0.0.1/44447] INFO  ozone.MiniOzoneClusterImpl (MiniOzoneClusterImpl.java:shutdown(455)) - Shutting down the Mini Ozone Cluster
2023-03-29 21:18:46,535 [Listener at 127.0.0.1/44447] INFO  ozone.MiniOzoneClusterImpl (MiniOzoneClusterImpl.java:stop(471)) - Stopping the Mini Ozone Cluster
2023-03-29 21:18:46,535 [Listener at 127.0.0.1/44447] INFO  ozone.MiniOzoneClusterImpl (MiniOzoneClusterImpl.java:stopOM(553)) - Stopping the OzoneManager
2023-03-29 21:18:46,535 [Listener at 127.0.0.1/44447] INFO  om.OzoneManager (OzoneManager.java:stop(2155)) - om1[localhost:0]: Stopping Ozone Manager
2023-03-29 21:18:46,535 [Listener at 127.0.0.1/44447] INFO  ipc.Server (Server.java:stop(3428)) - Stopping server on 44447
2023-03-29 21:18:46,538 [IPC Server listener on 0] INFO  ipc.Server (Server.java:run(1384)) - Stopping IPC Server listener on 0
2023-03-29 21:18:46,540 [IPC Server Responder] INFO  ipc.Server (Server.java:run(1517)) - Stopping IPC Server Responder
2023-03-29 21:18:46,541 [Listener at 127.0.0.1/44447] INFO  server.RaftServer (RaftServerProxy.java:lambda$close$6(409)) - om1: close
2023-03-29 21:18:46,541 [Listener at 127.0.0.1/44447] INFO  server.GrpcService (GrpcService.java:closeImpl(271)) - om1: shutdown server GrpcServerProtocolService now
2023-03-29 21:18:46,541 [om1-impl-thread1] INFO  server.RaftServer$Division (RaftServerImpl.java:lambda$close$4(458)) - om1@group-C5BA1605619E: shutdown
2023-03-29 21:18:46,541 [om1-impl-thread1] INFO  util.JmxRegister (JmxRegister.java:unregister(73)) - Successfully un-registered JMX Bean with object name Ratis:service=RaftServer,group=group-C5BA1605619E,id=om1
2023-03-29 21:18:46,541 [om1-impl-thread1] INFO  impl.RoleInfo (RoleInfo.java:shutdownLeaderState(93)) - om1: shutdown om1@group-C5BA1605619E-LeaderStateImpl
2023-03-29 21:18:46,541 [om1-impl-thread1] INFO  impl.PendingRequests (PendingRequests.java:sendNotLeaderResponses(282)) - om1@group-C5BA1605619E-PendingRequests: sendNotLeaderResponses
2023-03-29 21:18:46,541 [om1-impl-thread1] INFO  impl.StateMachineUpdater (StateMachineUpdater.java:stopAndJoin(153)) - om1@group-C5BA1605619E-StateMachineUpdater: set stopIndex = 0
2023-03-29 21:18:46,542 [om1@group-C5BA1605619E-StateMachineUpdater] INFO  ratis.OzoneManagerStateMachine (OzoneManagerStateMachine.java:takeSnapshot(445)) - Current Snapshot Index (t:1, i:0)
2023-03-29 21:18:46,542 [Listener at 127.0.0.1/44447] INFO  server.GrpcService (GrpcService.java:closeImpl(280)) - om1: shutdown server GrpcServerProtocolService successfully
2023-03-29 21:18:46,551 [om1@group-C5BA1605619E-StateMachineUpdater] INFO  impl.StateMachineUpdater (StateMachineUpdater.java:takeSnapshot(287)) - om1@group-C5BA1605619E-StateMachineUpdater: Took a snapshot at index 0
2023-03-29 21:18:46,551 [om1@group-C5BA1605619E-StateMachineUpdater] INFO  impl.StateMachineUpdater (StateMachineUpdater.java:lambda$new$0(92)) - om1@group-C5BA1605619E-StateMachineUpdater: snapshotIndex: updateIncreasingly -1 -> 0
2023-03-29 21:18:46,551 [om1@group-C5BA1605619E-StateMachineUpdater] INFO  ratis.OzoneManagerStateMachine (OzoneManagerStateMachine.java:close(499)) - StateMachine has shutdown. Shutdown OzoneManager if not already shutdown.
2023-03-29 21:18:46,551 [om1@group-C5BA1605619E-StateMachineUpdater] INFO  ratis.OzoneManagerDoubleBuffer (OzoneManagerDoubleBuffer.java:stopDaemon(540)) - Stopping OMDoubleBuffer flush thread
2023-03-29 21:18:46,551 [OMDoubleBufferFlushThread] INFO  ratis.OzoneManagerDoubleBuffer (OzoneManagerDoubleBuffer.java:canFlush(625)) - OMDoubleBuffer flush thread OMDoubleBufferFlushThread is interrupted and will exit.
2023-03-29 21:18:46,552 [om1-impl-thread1] INFO  server.RaftServer$Division (ServerState.java:close(466)) - om1@group-C5BA1605619E: closes. applyIndex: 0
2023-03-29 21:18:46,552 [om1@group-C5BA1605619E-SegmentedRaftLogWorker] INFO  segmented.SegmentedRaftLogWorker (SegmentedRaftLogWorker.java:run(347)) - om1@group-C5BA1605619E-SegmentedRaftLogWorker was interrupted, exiting. There are 0 tasks remaining in the queue.
2023-03-29 21:18:46,553 [om1-impl-thread1] INFO  segmented.SegmentedRaftLogWorker (SegmentedRaftLogWorker.java:close(257)) - om1@group-C5BA1605619E-SegmentedRaftLogWorker close()
2023-03-29 21:18:46,554 [JvmPauseMonitor20] INFO  util.JvmPauseMonitor (JvmPauseMonitor.java:run(111)) - JvmPauseMonitor-om1: Stopped
2023-03-29 21:18:46,554 [Listener at 127.0.0.1/44447] INFO  ratis.OzoneManagerStateMachine (OzoneManagerStateMachine.java:close(499)) - StateMachine has shutdown. Shutdown OzoneManager if not already shutdown.
2023-03-29 21:18:46,554 [Listener at 127.0.0.1/44447] INFO  ratis.OzoneManagerDoubleBuffer (OzoneManagerDoubleBuffer.java:stopDaemon(549)) - OMDoubleBuffer flush thread is not running.
2023-03-29 21:18:46,554 [Listener at 127.0.0.1/44447] INFO  utils.BackgroundService (BackgroundService.java:shutdown(141)) - Shutting down service KeyDeletingService
2023-03-29 21:18:46,554 [Listener at 127.0.0.1/44447] INFO  utils.BackgroundService (BackgroundService.java:shutdown(141)) - Shutting down service DirectoryDeletingService
2023-03-29 21:18:46,555 [Listener at 127.0.0.1/44447] INFO  utils.BackgroundService (BackgroundService.java:shutdown(141)) - Shutting down service OpenKeyCleanupService
2023-03-29 21:18:46,555 [Listener at 127.0.0.1/44447] INFO  utils.BackgroundService (BackgroundService.java:shutdown(141)) - Shutting down service SstFilteringService
2023-03-29 21:18:46,555 [Listener at 127.0.0.1/44447] INFO  utils.BackgroundService (BackgroundService.java:shutdown(141)) - Shutting down service SnapshotDeletingService
2023-03-29 21:18:46,555 [Listener at 127.0.0.1/44447] INFO  handler.ContextHandler (ContextHandler.java:doStop(1159)) - Stopped o.e.j.w.WebAppContext@63d96597{ozoneManager,/,null,STOPPED}{file:/home/runner/work/ozone/ozone/hadoop-ozone/integration-test/target/test-classes/webapps/ozoneManager}
2023-03-29 21:18:46,556 [Listener at 127.0.0.1/44447] INFO  server.AbstractConnector (AbstractConnector.java:doStop(383)) - Stopped ServerConnector@4bb1420b{HTTP/1.1, (http/1.1)}{0.0.0.0:0}
2023-03-29 21:18:46,556 [Listener at 127.0.0.1/44447] INFO  server.session (HouseKeeper.java:stopScavenging(149)) - node0 Stopped scavenging
2023-03-29 21:18:46,556 [Listener at 127.0.0.1/44447] INFO  handler.ContextHandler (ContextHandler.java:doStop(1159)) - Stopped o.e.j.s.ServletContextHandler@7036232c{static,/static,file:///home/runner/work/ozone/ozone/hadoop-ozone/integration-test/target/test-classes/webapps/static,STOPPED}
2023-03-29 21:18:46,556 [Listener at 127.0.0.1/44447] INFO  handler.ContextHandler (ContextHandler.java:doStop(1159)) - Stopped o.e.j.s.ServletContextHandler@1d0efe16{logs,/logs,file:///home/runner/work/ozone/ozone/hadoop-ozone/integration-test/target/log,STOPPED}
2023-03-29 21:18:46,559 [Listener at 127.0.0.1/44447] INFO  ozone.MiniOzoneClusterImpl (MiniOzoneClusterImpl.java:stopDatanodes(530)) - Stopping the HddsDatanodes
2023-03-29 21:18:46,563 [ForkJoinPool.commonPool-worker-1] INFO  ozoneimpl.OzoneContainer (OzoneContainer.java:stop(419)) - Attempting to stop container services.
2023-03-29 21:18:46,564 [ForkJoinPool.commonPool-worker-1] INFO  server.RaftServer (RaftServerProxy.java:lambda$close$6(409)) - 306f285f-d174-4f26-bb71-a6ae1f938ea0: close
2023-03-29 21:18:46,564 [306f285f-d174-4f26-bb71-a6ae1f938ea0-impl-thread1] INFO  server.RaftServer$Division (RaftServerImpl.java:lambda$close$4(458)) - 306f285f-d174-4f26-bb71-a6ae1f938ea0@group-412071DB214B: shutdown
2023-03-29 21:18:46,564 [306f285f-d174-4f26-bb71-a6ae1f938ea0-impl-thread1] INFO  util.JmxRegister (JmxRegister.java:unregister(73)) - Successfully un-registered JMX Bean with object name Ratis:service=RaftServer,group=group-412071DB214B,id=306f285f-d174-4f26-bb71-a6ae1f938ea0
2023-03-29 21:18:46,564 [306f285f-d174-4f26-bb71-a6ae1f938ea0-impl-thread1] INFO  impl.RoleInfo (RoleInfo.java:shutdownFollowerState(110)) - 306f285f-d174-4f26-bb71-a6ae1f938ea0: shutdown 306f285f-d174-4f26-bb71-a6ae1f938ea0@group-412071DB214B-FollowerState
2023-03-29 21:18:46,565 [306f285f-d174-4f26-bb71-a6ae1f938ea0-impl-thread2] INFO  server.RaftServer$Division (RaftServerImpl.java:lambda$close$4(458)) - 306f285f-d174-4f26-bb71-a6ae1f938ea0@group-8CC9C4EAD960: shutdown
2023-03-29 21:18:46,565 [306f285f-d174-4f26-bb71-a6ae1f938ea0-impl-thread2] INFO  util.JmxRegister (JmxRegister.java:unregister(73)) - Successfully un-registered JMX Bean with object name Ratis:service=RaftServer,group=group-8CC9C4EAD960,id=306f285f-d174-4f26-bb71-a6ae1f938ea0
2023-03-29 21:18:46,565 [306f285f-d174-4f26-bb71-a6ae1f938ea0-impl-thread2] INFO  impl.RoleInfo (RoleInfo.java:shutdownLeaderState(93)) - 306f285f-d174-4f26-bb71-a6ae1f938ea0: shutdown 306f285f-d174-4f26-bb71-a6ae1f938ea0@group-8CC9C4EAD960-LeaderStateImpl
2023-03-29 21:18:46,565 [306f285f-d174-4f26-bb71-a6ae1f938ea0-impl-thread2] INFO  impl.PendingRequests (PendingRequests.java:sendNotLeaderResponses(282)) - 306f285f-d174-4f26-bb71-a6ae1f938ea0@group-8CC9C4EAD960-PendingRequests: sendNotLeaderResponses
2023-03-29 21:18:46,566 [306f285f-d174-4f26-bb71-a6ae1f938ea0@group-8CC9C4EAD960-StateMachineUpdater] INFO  ratis.ContainerStateMachine (ContainerStateMachine.java:takeSnapshot(330)) - group-8CC9C4EAD960: Taking a snapshot at:(t:1, i:0) file /home/runner/work/ozone/ozone/hadoop-ozone/integration-test/target/test-dir/MiniOzoneClusterImpl-81c774c4-8c24-4526-9b8e-41dc3c8fdf7d/datanode-0/data/ratis/e788ac12-2af6-445e-9de4-8cc9c4ead960/sm/snapshot.1_0
2023-03-29 21:18:46,566 [306f285f-d174-4f26-bb71-a6ae1f938ea0-impl-thread2] INFO  impl.StateMachineUpdater (StateMachineUpdater.java:stopAndJoin(153)) - 306f285f-d174-4f26-bb71-a6ae1f938ea0@group-8CC9C4EAD960-StateMachineUpdater: set stopIndex = 0
2023-03-29 21:18:46,567 [306f285f-d174-4f26-bb71-a6ae1f938ea0@group-8CC9C4EAD960-StateMachineUpdater] INFO  ratis.ContainerStateMachine (ContainerStateMachine.java:takeSnapshot(341)) - group-8CC9C4EAD960: Finished taking a snapshot at:(t:1, i:0) file:/home/runner/work/ozone/ozone/hadoop-ozone/integration-test/target/test-dir/MiniOzoneClusterImpl-81c774c4-8c24-4526-9b8e-41dc3c8fdf7d/datanode-0/data/ratis/e788ac12-2af6-445e-9de4-8cc9c4ead960/sm/snapshot.1_0 took: 0 ms
2023-03-29 21:18:46,567 [306f285f-d174-4f26-bb71-a6ae1f938ea0@group-8CC9C4EAD960-StateMachineUpdater] INFO  impl.StateMachineUpdater (StateMachineUpdater.java:takeSnapshot(287)) - 306f285f-d174-4f26-bb71-a6ae1f938ea0@group-8CC9C4EAD960-StateMachineUpdater: Took a snapshot at index 0
2023-03-29 21:18:46,567 [306f285f-d174-4f26-bb71-a6ae1f938ea0@group-8CC9C4EAD960-StateMachineUpdater] INFO  impl.StateMachineUpdater (StateMachineUpdater.java:lambda$new$0(92)) - 306f285f-d174-4f26-bb71-a6ae1f938ea0@group-8CC9C4EAD960-StateMachineUpdater: snapshotIndex: updateIncreasingly -1 -> 0
2023-03-29 21:18:46,567 [306f285f-d174-4f26-bb71-a6ae1f938ea0-impl-thread2] INFO  server.RaftServer$Division (ServerState.java:close(466)) - 306f285f-d174-4f26-bb71-a6ae1f938ea0@group-8CC9C4EAD960: closes. applyIndex: 0
2023-03-29 21:18:46,573 [ForkJoinPool.commonPool-worker-1] INFO  server.GrpcService (GrpcService.java:closeImpl(271)) - 306f285f-d174-4f26-bb71-a6ae1f938ea0: shutdown server GrpcServerProtocolService now
2023-03-29 21:18:46,573 [306f285f-d174-4f26-bb71-a6ae1f938ea0-impl-thread3] INFO  server.RaftServer$Division (RaftServerImpl.java:lambda$close$4(458)) - 306f285f-d174-4f26-bb71-a6ae1f938ea0@group-EEEBF4493268: shutdown
2023-03-29 21:18:46,573 [306f285f-d174-4f26-bb71-a6ae1f938ea0-impl-thread3] INFO  util.JmxRegister (JmxRegister.java:unregister(73)) - Successfully un-registered JMX Bean with object name Ratis:service=RaftServer,group=group-EEEBF4493268,id=306f285f-d174-4f26-bb71-a6ae1f938ea0
2023-03-29 21:18:46,576 [grpc-default-executor-0] WARN  server.GrpcServerProtocolService (LogUtils.java:warn(122)) - 306f285f-d174-4f26-bb71-a6ae1f938ea0: installSnapshot onError, lastRequest: null: org.apache.ratis.thirdparty.io.grpc.StatusRuntimeException: CANCELLED: client cancelled
2023-03-29 21:18:46,575 [grpc-default-executor-1] WARN  server.GrpcServerProtocolService (LogUtils.java:warn(122)) - 306f285f-d174-4f26-bb71-a6ae1f938ea0: installSnapshot onError, lastRequest: null: org.apache.ratis.thirdparty.io.grpc.StatusRuntimeException: CANCELLED: client cancelled
2023-03-29 21:18:46,575 [306f285f-d174-4f26-bb71-a6ae1f938ea0@group-8CC9C4EAD960-SegmentedRaftLogWorker] INFO  segmented.SegmentedRaftLogWorker (SegmentedRaftLogWorker.java:run(347)) - 306f285f-d174-4f26-bb71-a6ae1f938ea0@group-8CC9C4EAD960-SegmentedRaftLogWorker was interrupted, exiting. There are 0 tasks remaining in the queue.
2023-03-29 21:18:46,575 [ForkJoinPool.commonPool-worker-1] INFO  server.GrpcServerProtocolClient (GrpcServerProtocolClient.java:close(101)) - 07ed649d-abb7-49d9-8f25-6ee2674c4cb1 Close channels
2023-03-29 21:18:46,574 [306f285f-d174-4f26-bb71-a6ae1f938ea0@group-412071DB214B-StateMachineUpdater] INFO  ratis.ContainerStateMachine (ContainerStateMachine.java:takeSnapshot(330)) - group-412071DB214B: Taking a snapshot at:(t:1, i:0) file /home/runner/work/ozone/ozone/hadoop-ozone/integration-test/target/test-dir/MiniOzoneClusterImpl-81c774c4-8c24-4526-9b8e-41dc3c8fdf7d/datanode-0/data/ratis/2da4b6fb-de94-4e4b-bab0-412071db214b/sm/snapshot.1_0
2023-03-29 21:18:46,574 [306f285f-d174-4f26-bb71-a6ae1f938ea0@group-412071DB214B-FollowerState] INFO  impl.FollowerState (FollowerState.java:run(152)) - 306f285f-d174-4f26-bb71-a6ae1f938ea0@group-412071DB214B-FollowerState was interrupted
2023-03-29 21:18:46,574 [306f285f-d174-4f26-bb71-a6ae1f938ea0-impl-thread1] INFO  impl.StateMachineUpdater (StateMachineUpdater.java:stopAndJoin(153)) - 306f285f-d174-4f26-bb71-a6ae1f938ea0@group-412071DB214B-StateMachineUpdater: set stopIndex = 0
2023-03-29 21:18:46,576 [306f285f-d174-4f26-bb71-a6ae1f938ea0-impl-thread3] INFO  impl.RoleInfo (RoleInfo.java:shutdownFollowerState(110)) - 306f285f-d174-4f26-bb71-a6ae1f938ea0: shutdown 306f285f-d174-4f26-bb71-a6ae1f938ea0@group-EEEBF4493268-FollowerState
2023-03-29 21:18:46,577 [306f285f-d174-4f26-bb71-a6ae1f938ea0@group-412071DB214B-StateMachineUpdater] INFO  ratis.ContainerStateMachine (ContainerStateMachine.java:takeSnapshot(341)) - group-412071DB214B: Finished taking a snapshot at:(t:1, i:0) file:/home/runner/work/ozone/ozone/hadoop-ozone/integration-test/target/test-dir/MiniOzoneClusterImpl-81c774c4-8c24-4526-9b8e-41dc3c8fdf7d/datanode-0/data/ratis/2da4b6fb-de94-4e4b-bab0-412071db214b/sm/snapshot.1_0 took: 2 ms
2023-03-29 21:18:46,577 [306f285f-d174-4f26-bb71-a6ae1f938ea0@group-412071DB214B-StateMachineUpdater] INFO  impl.StateMachineUpdater (StateMachineUpdater.java:takeSnapshot(287)) - 306f285f-d174-4f26-bb71-a6ae1f938ea0@group-412071DB214B-StateMachineUpdater: Took a snapshot at index 0
2023-03-29 21:18:46,577 [306f285f-d174-4f26-bb71-a6ae1f938ea0@group-412071DB214B-StateMachineUpdater] INFO  impl.StateMachineUpdater (StateMachineUpdater.java:lambda$new$0(92)) - 306f285f-d174-4f26-bb71-a6ae1f938ea0@group-412071DB214B-StateMachineUpdater: snapshotIndex: updateIncreasingly -1 -> 0
2023-03-29 21:18:46,577 [306f285f-d174-4f26-bb71-a6ae1f938ea0-impl-thread1] INFO  server.RaftServer$Division (ServerState.java:close(466)) - 306f285f-d174-4f26-bb71-a6ae1f938ea0@group-412071DB214B: closes. applyIndex: 0
2023-03-29 21:18:46,578 [grpc-default-executor-1] WARN  server.GrpcServerProtocolService (LogUtils.java:warn(122)) - 306f285f-d174-4f26-bb71-a6ae1f938ea0: installSnapshot onError, lastRequest: dee73a76-5b7c-4518-85e5-022f097c94ce->306f285f-d174-4f26-bb71-a6ae1f938ea0#1-t1,previous=(t:0, i:0),leaderCommit=0,initializing? true,entries: size=1, first=(t:1, i:0), CONFIGURATIONENTRY(current:id: "07ed649d-abb7-49d9-8f25-6ee2674c4cb1"
address: "10.1.0.17:37627"
dataStreamAddress: "10.1.0.17:41833"
clientAddress: "10.1.0.17:37627"
adminAddress: "10.1.0.17:37627"
startupRole: FOLLOWER
,id: "306f285f-d174-4f26-bb71-a6ae1f938ea0"
address: "10.1.0.17:45957"
dataStreamAddress: "10.1.0.17:32955"
clientAddress: "10.1.0.17:45957"
adminAddress: "10.1.0.17:45957"
startupRole: FOLLOWER
,id: "dee73a76-5b7c-4518-85e5-022f097c94ce"
address: "10.1.0.17:40537"
priority: 1
dataStreamAddress: "10.1.0.17:43583"
clientAddress: "10.1.0.17:40537"
adminAddress: "10.1.0.17:40537"
startupRole: FOLLOWER
, old:): org.apache.ratis.thirdparty.io.grpc.StatusRuntimeException: CANCELLED: client cancelled
2023-03-29 21:18:46,579 [306f285f-d174-4f26-bb71-a6ae1f938ea0@group-412071DB214B-SegmentedRaftLogWorker] INFO  segmented.SegmentedRaftLogWorker (SegmentedRaftLogWorker.java:run(347)) - 306f285f-d174-4f26-bb71-a6ae1f938ea0@group-412071DB214B-SegmentedRaftLogWorker was interrupted, exiting. There are 0 tasks remaining in the queue.
2023-03-29 21:18:46,579 [Listener at 127.0.0.1/44447] INFO  ozoneimpl.OzoneContainer (OzoneContainer.java:stop(419)) - Attempting to stop container services.
2023-03-29 21:18:46,579 [grpc-default-executor-0] WARN  server.GrpcServerProtocolService (LogUtils.java:warn(122)) - 306f285f-d174-4f26-bb71-a6ae1f938ea0: installSnapshot onError, lastRequest: 07ed649d-abb7-49d9-8f25-6ee2674c4cb1->306f285f-d174-4f26-bb71-a6ae1f938ea0#1-t1,previous=(t:0, i:0),leaderCommit=0,initializing? true,entries: size=1, first=(t:1, i:0), CONFIGURATIONENTRY(current:id: "07ed649d-abb7-49d9-8f25-6ee2674c4cb1"
address: "10.1.0.17:37627"
priority: 1
dataStreamAddress: "10.1.0.17:41833"
clientAddress: "10.1.0.17:37627"
adminAddress: "10.1.0.17:37627"
startupRole: FOLLOWER
,id: "306f285f-d174-4f26-bb71-a6ae1f938ea0"
address: "10.1.0.17:45957"
dataStreamAddress: "10.1.0.17:32955"
clientAddress: "10.1.0.17:45957"
adminAddress: "10.1.0.17:45957"
startupRole: FOLLOWER
,id: "dee73a76-5b7c-4518-85e5-022f097c94ce"
address: "10.1.0.17:40537"
dataStreamAddress: "10.1.0.17:43583"
clientAddress: "10.1.0.17:40537"
adminAddress: "10.1.0.17:40537"
startupRole: FOLLOWER
, old:): org.apache.ratis.thirdparty.io.grpc.StatusRuntimeException: CANCELLED: client cancelled
2023-03-29 21:18:46,579 [grpc-default-executor-2] WARN  server.GrpcLogAppender (LogUtils.java:warn(122)) - dee73a76-5b7c-4518-85e5-022f097c94ce@group-412071DB214B->306f285f-d174-4f26-bb71-a6ae1f938ea0-AppendLogResponseHandler: Failed appendEntries: org.apache.ratis.thirdparty.io.grpc.StatusRuntimeException: CANCELLED: RST_STREAM closed stream. HTTP/2 error code: CANCEL
2023-03-29 21:18:46,579 [Listener at 127.0.0.1/44447] INFO  server.RaftServer (RaftServerProxy.java:lambda$close$6(409)) - dee73a76-5b7c-4518-85e5-022f097c94ce: close
2023-03-29 21:18:46,579 [grpc-default-executor-2] WARN  server.GrpcLogAppender (GrpcLogAppender.java:resetClient(131)) - dee73a76-5b7c-4518-85e5-022f097c94ce@group-412071DB214B->306f285f-d174-4f26-bb71-a6ae1f938ea0-GrpcLogAppender: Leader has not got in touch with Follower dee73a76-5b7c-4518-85e5-022f097c94ce@group-412071DB214B->306f285f-d174-4f26-bb71-a6ae1f938ea0(c0,m0,n1, attendVote=true, lastRpcSendTime=320, lastRpcResponseTime=316) yet, just keep nextIndex unchanged and retry.
2023-03-29 21:18:46,579 [dee73a76-5b7c-4518-85e5-022f097c94ce-impl-thread1] INFO  server.RaftServer$Division (RaftServerImpl.java:lambda$close$4(458)) - dee73a76-5b7c-4518-85e5-022f097c94ce@group-412071DB214B: shutdown
2023-03-29 21:18:46,579 [dee73a76-5b7c-4518-85e5-022f097c94ce-impl-thread1] INFO  util.JmxRegister (JmxRegister.java:unregister(73)) - Successfully un-registered JMX Bean with object name Ratis:service=RaftServer,group=group-412071DB214B,id=dee73a76-5b7c-4518-85e5-022f097c94ce
2023-03-29 21:18:46,579 [dee73a76-5b7c-4518-85e5-022f097c94ce-impl-thread1] INFO  impl.RoleInfo (RoleInfo.java:shutdownLeaderState(93)) - dee73a76-5b7c-4518-85e5-022f097c94ce: shutdown dee73a76-5b7c-4518-85e5-022f097c94ce@group-412071DB214B-LeaderStateImpl
2023-03-29 21:18:46,585 [306f285f-d174-4f26-bb71-a6ae1f938ea0-impl-thread3] INFO  impl.StateMachineUpdater (StateMachineUpdater.java:stopAndJoin(153)) - 306f285f-d174-4f26-bb71-a6ae1f938ea0@group-EEEBF4493268-StateMachineUpdater: set stopIndex = 0
2023-03-29 21:18:46,585 [306f285f-d174-4f26-bb71-a6ae1f938ea0@group-EEEBF4493268-FollowerState] INFO  impl.FollowerState (FollowerState.java:run(152)) - 306f285f-d174-4f26-bb71-a6ae1f938ea0@group-EEEBF4493268-FollowerState was interrupted
2023-03-29 21:18:46,586 [306f285f-d174-4f26-bb71-a6ae1f938ea0@group-EEEBF4493268-StateMachineUpdater] INFO  ratis.ContainerStateMachine (ContainerStateMachine.java:takeSnapshot(330)) - group-EEEBF4493268: Taking a snapshot at:(t:1, i:0) file /home/runner/work/ozone/ozone/hadoop-ozone/integration-test/target/test-dir/MiniOzoneClusterImpl-81c774c4-8c24-4526-9b8e-41dc3c8fdf7d/datanode-0/data/ratis/f70a423f-fbe9-4e14-a9bf-eeebf4493268/sm/snapshot.1_0
2023-03-29 21:18:46,586 [Listener at 127.0.0.1/44447] INFO  server.GrpcService (GrpcService.java:closeImpl(271)) - dee73a76-5b7c-4518-85e5-022f097c94ce: shutdown server GrpcServerProtocolService now
2023-03-29 21:18:46,597 [306f285f-d174-4f26-bb71-a6ae1f938ea0-impl-thread2] INFO  segmented.SegmentedRaftLogWorker (SegmentedRaftLogWorker.java:close(257)) - 306f285f-d174-4f26-bb71-a6ae1f938ea0@group-8CC9C4EAD960-SegmentedRaftLogWorker close()
2023-03-29 21:18:46,597 [grpc-default-executor-1] WARN  server.GrpcLogAppender (LogUtils.java:warn(122)) - 07ed649d-abb7-49d9-8f25-6ee2674c4cb1@group-EEEBF4493268->306f285f-d174-4f26-bb71-a6ae1f938ea0-AppendLogResponseHandler: Failed appendEntries: org.apache.ratis.thirdparty.io.grpc.StatusRuntimeException: CANCELLED: RST_STREAM closed stream. HTTP/2 error code: CANCEL
2023-03-29 21:18:46,598 [grpc-default-executor-1] WARN  server.GrpcLogAppender (GrpcLogAppender.java:resetClient(131)) - 07ed649d-abb7-49d9-8f25-6ee2674c4cb1@group-EEEBF4493268->306f285f-d174-4f26-bb71-a6ae1f938ea0-GrpcLogAppender: Leader has not got in touch with Follower 07ed649d-abb7-49d9-8f25-6ee2674c4cb1@group-EEEBF4493268->306f285f-d174-4f26-bb71-a6ae1f938ea0(c0,m0,n1, attendVote=true, lastRpcSendTime=485, lastRpcResponseTime=467) yet, just keep nextIndex unchanged and retry.
2023-03-29 21:18:46,598 [306f285f-d174-4f26-bb71-a6ae1f938ea0-impl-thread1] INFO  segmented.SegmentedRaftLogWorker (SegmentedRaftLogWorker.java:close(257)) - 306f285f-d174-4f26-bb71-a6ae1f938ea0@group-412071DB214B-SegmentedRaftLogWorker close()
2023-03-29 21:18:46,598 [grpc-default-executor-1] WARN  server.GrpcLogAppender (LogUtils.java:warn(122)) - dee73a76-5b7c-4518-85e5-022f097c94ce@group-412071DB214B->306f285f-d174-4f26-bb71-a6ae1f938ea0-AppendLogResponseHandler: Failed appendEntries: org.apache.ratis.thirdparty.io.grpc.StatusRuntimeException: CANCELLED: RST_STREAM closed stream. HTTP/2 error code: CANCEL
2023-03-29 21:18:46,598 [grpc-default-executor-1] WARN  server.GrpcLogAppender (GrpcLogAppender.java:resetClient(131)) - dee73a76-5b7c-4518-85e5-022f097c94ce@group-412071DB214B->306f285f-d174-4f26-bb71-a6ae1f938ea0-GrpcLogAppender: Leader has not got in touch with Follower dee73a76-5b7c-4518-85e5-022f097c94ce@group-412071DB214B->306f285f-d174-4f26-bb71-a6ae1f938ea0(c0,m0,n1, attendVote=true, lastRpcSendTime=339, lastRpcResponseTime=335) yet, just keep nextIndex unchanged and retry.
2023-03-29 21:18:46,598 [grpc-default-executor-2] WARN  server.GrpcLogAppender (LogUtils.java:warn(122)) - 07ed649d-abb7-49d9-8f25-6ee2674c4cb1@group-EEEBF4493268->306f285f-d174-4f26-bb71-a6ae1f938ea0-AppendLogResponseHandler: Failed appendEntries: org.apache.ratis.thirdparty.io.grpc.StatusRuntimeException: CANCELLED: RST_STREAM closed stream. HTTP/2 error code: CANCEL
2023-03-29 21:18:46,601 [dee73a76-5b7c-4518-85e5-022f097c94ce-impl-thread2] INFO  server.RaftServer$Division (RaftServerImpl.java:lambda$close$4(458)) - dee73a76-5b7c-4518-85e5-022f097c94ce@group-EEEBF4493268: shutdown
2023-03-29 21:18:46,601 [dee73a76-5b7c-4518-85e5-022f097c94ce-impl-thread2] INFO  util.JmxRegister (JmxRegister.java:unregister(73)) - Successfully un-registered JMX Bean with object name Ratis:service=RaftServer,group=group-EEEBF4493268,id=dee73a76-5b7c-4518-85e5-022f097c94ce
2023-03-29 21:18:46,601 [dee73a76-5b7c-4518-85e5-022f097c94ce-impl-thread2] INFO  impl.RoleInfo (RoleInfo.java:shutdownFollowerState(110)) - dee73a76-5b7c-4518-85e5-022f097c94ce: shutdown dee73a76-5b7c-4518-85e5-022f097c94ce@group-EEEBF4493268-FollowerState
2023-03-29 21:18:46,601 [dee73a76-5b7c-4518-85e5-022f097c94ce-impl-thread2] INFO  impl.StateMachineUpdater (StateMachineUpdater.java:stopAndJoin(153)) - dee73a76-5b7c-4518-85e5-022f097c94ce@group-EEEBF4493268-StateMachineUpdater: set stopIndex = 0
2023-03-29 21:18:46,601 [dee73a76-5b7c-4518-85e5-022f097c94ce@group-EEEBF4493268-StateMachineUpdater] INFO  ratis.ContainerStateMachine (ContainerStateMachine.java:takeSnapshot(330)) - group-EEEBF4493268: Taking a snapshot at:(t:1, i:0) file /home/runner/work/ozone/ozone/hadoop-ozone/integration-test/target/test-dir/MiniOzoneClusterImpl-81c774c4-8c24-4526-9b8e-41dc3c8fdf7d/datanode-1/data/ratis/f70a423f-fbe9-4e14-a9bf-eeebf4493268/sm/snapshot.1_0
2023-03-29 21:18:46,601 [dee73a76-5b7c-4518-85e5-022f097c94ce@group-EEEBF4493268-FollowerState] INFO  impl.FollowerState (FollowerState.java:run(152)) - dee73a76-5b7c-4518-85e5-022f097c94ce@group-EEEBF4493268-FollowerState was interrupted
2023-03-29 21:18:46,601 [306f285f-d174-4f26-bb71-a6ae1f938ea0@group-EEEBF4493268-StateMachineUpdater] INFO  ratis.ContainerStateMachine (ContainerStateMachine.java:takeSnapshot(341)) - group-EEEBF4493268: Finished taking a snapshot at:(t:1, i:0) file:/home/runner/work/ozone/ozone/hadoop-ozone/integration-test/target/test-dir/MiniOzoneClusterImpl-81c774c4-8c24-4526-9b8e-41dc3c8fdf7d/datanode-0/data/ratis/f70a423f-fbe9-4e14-a9bf-eeebf4493268/sm/snapshot.1_0 took: 16 ms
2023-03-29 21:18:46,601 [ForkJoinPool.commonPool-worker-1] INFO  server.GrpcServerProtocolClient (GrpcServerProtocolClient.java:close(101)) - dee73a76-5b7c-4518-85e5-022f097c94ce Close channels
2023-03-29 21:18:46,601 [grpc-default-executor-0] WARN  server.GrpcServerProtocolService (LogUtils.java:warn(122)) - dee73a76-5b7c-4518-85e5-022f097c94ce: installSnapshot onError, lastRequest: null: org.apache.ratis.thirdparty.io.grpc.StatusRuntimeException: CANCELLED: client cancelled
2023-03-29 21:18:46,603 [grpc-default-executor-4] INFO  server.GrpcServerProtocolService (GrpcServerProtocolService.java:onCompleted(143)) - 07ed649d-abb7-49d9-8f25-6ee2674c4cb1: Completed APPEND_ENTRIES, lastRequest: dee73a76-5b7c-4518-85e5-022f097c94ce->07ed649d-abb7-49d9-8f25-6ee2674c4cb1#1-t1,previous=(t:0, i:0),leaderCommit=0,initializing? true,entries: size=1, first=(t:1, i:0), CONFIGURATIONENTRY(current:id: "07ed649d-abb7-49d9-8f25-6ee2674c4cb1"
address: "10.1.0.17:37627"
dataStreamAddress: "10.1.0.17:41833"
clientAddress: "10.1.0.17:37627"
adminAddress: "10.1.0.17:37627"
startupRole: FOLLOWER
,id: "306f285f-d174-4f26-bb71-a6ae1f938ea0"
address: "10.1.0.17:45957"
dataStreamAddress: "10.1.0.17:32955"
clientAddress: "10.1.0.17:45957"
adminAddress: "10.1.0.17:45957"
startupRole: FOLLOWER
,id: "dee73a76-5b7c-4518-85e5-022f097c94ce"
address: "10.1.0.17:40537"
priority: 1
dataStreamAddress: "10.1.0.17:43583"
clientAddress: "10.1.0.17:40537"
adminAddress: "10.1.0.17:40537"
startupRole: FOLLOWER
, old:)
2023-03-29 21:18:46,603 [dee73a76-5b7c-4518-85e5-022f097c94ce@group-EEEBF4493268-StateMachineUpdater] INFO  ratis.ContainerStateMachine (ContainerStateMachine.java:takeSnapshot(341)) - group-EEEBF4493268: Finished taking a snapshot at:(t:1, i:0) file:/home/runner/work/ozone/ozone/hadoop-ozone/integration-test/target/test-dir/MiniOzoneClusterImpl-81c774c4-8c24-4526-9b8e-41dc3c8fdf7d/datanode-1/data/ratis/f70a423f-fbe9-4e14-a9bf-eeebf4493268/sm/snapshot.1_0 took: 2 ms
2023-03-29 21:18:46,603 [dee73a76-5b7c-4518-85e5-022f097c94ce@group-EEEBF4493268-StateMachineUpdater] INFO  impl.StateMachineUpdater (StateMachineUpdater.java:takeSnapshot(287)) - dee73a76-5b7c-4518-85e5-022f097c94ce@group-EEEBF4493268-StateMachineUpdater: Took a snapshot at index 0
2023-03-29 21:18:46,603 [dee73a76-5b7c-4518-85e5-022f097c94ce@group-EEEBF4493268-StateMachineUpdater] INFO  impl.StateMachineUpdater (StateMachineUpdater.java:lambda$new$0(92)) - dee73a76-5b7c-4518-85e5-022f097c94ce@group-EEEBF4493268-StateMachineUpdater: snapshotIndex: updateIncreasingly -1 -> 0
2023-03-29 21:18:46,603 [dee73a76-5b7c-4518-85e5-022f097c94ce-impl-thread2] INFO  server.RaftServer$Division (ServerState.java:close(466)) - dee73a76-5b7c-4518-85e5-022f097c94ce@group-EEEBF4493268: closes. applyIndex: 0
2023-03-29 21:18:46,603 [dee73a76-5b7c-4518-85e5-022f097c94ce-impl-thread1] INFO  impl.PendingRequests (PendingRequests.java:sendNotLeaderResponses(282)) - dee73a76-5b7c-4518-85e5-022f097c94ce@group-412071DB214B-PendingRequests: sendNotLeaderResponses
2023-03-29 21:18:46,604 [dee73a76-5b7c-4518-85e5-022f097c94ce-impl-thread1] INFO  impl.StateMachineUpdater (StateMachineUpdater.java:stopAndJoin(153)) - dee73a76-5b7c-4518-85e5-022f097c94ce@group-412071DB214B-StateMachineUpdater: set stopIndex = 0
2023-03-29 21:18:46,604 [dee73a76-5b7c-4518-85e5-022f097c94ce@group-EEEBF4493268-SegmentedRaftLogWorker] INFO  segmented.SegmentedRaftLogWorker (SegmentedRaftLogWorker.java:run(347)) - dee73a76-5b7c-4518-85e5-022f097c94ce@group-EEEBF4493268-SegmentedRaftLogWorker was interrupted, exiting. There are 0 tasks remaining in the queue.
2023-03-29 21:18:46,604 [dee73a76-5b7c-4518-85e5-022f097c94ce@group-412071DB214B-StateMachineUpdater] INFO  ratis.ContainerStateMachine (ContainerStateMachine.java:takeSnapshot(330)) - group-412071DB214B: Taking a snapshot at:(t:1, i:0) file /home/runner/work/ozone/ozone/hadoop-ozone/integration-test/target/test-dir/MiniOzoneClusterImpl-81c774c4-8c24-4526-9b8e-41dc3c8fdf7d/datanode-1/data/ratis/2da4b6fb-de94-4e4b-bab0-412071db214b/sm/snapshot.1_0
2023-03-29 21:18:46,604 [grpc-default-executor-0] WARN  server.GrpcLogAppender (LogUtils.java:warn(122)) - 07ed649d-abb7-49d9-8f25-6ee2674c4cb1@group-EEEBF4493268->dee73a76-5b7c-4518-85e5-022f097c94ce-AppendLogResponseHandler: Failed appendEntries: org.apache.ratis.thirdparty.io.grpc.StatusRuntimeException: CANCELLED: RST_STREAM closed stream. HTTP/2 error code: CANCEL
2023-03-29 21:18:46,604 [grpc-default-executor-0] WARN  server.GrpcLogAppender (GrpcLogAppender.java:resetClient(131)) - 07ed649d-abb7-49d9-8f25-6ee2674c4cb1@group-EEEBF4493268->dee73a76-5b7c-4518-85e5-022f097c94ce-GrpcLogAppender: Leader has not got in touch with Follower 07ed649d-abb7-49d9-8f25-6ee2674c4cb1@group-EEEBF4493268->dee73a76-5b7c-4518-85e5-022f097c94ce(c0,m0,n1, attendVote=true, lastRpcSendTime=473, lastRpcResponseTime=461) yet, just keep nextIndex unchanged and retry.
2023-03-29 21:18:46,604 [306f285f-d174-4f26-bb71-a6ae1f938ea0@group-EEEBF4493268-StateMachineUpdater] INFO  impl.StateMachineUpdater (StateMachineUpdater.java:takeSnapshot(287)) - 306f285f-d174-4f26-bb71-a6ae1f938ea0@group-EEEBF4493268-StateMachineUpdater: Took a snapshot at index 0
2023-03-29 21:18:46,604 [306f285f-d174-4f26-bb71-a6ae1f938ea0@group-EEEBF4493268-StateMachineUpdater] INFO  impl.StateMachineUpdater (StateMachineUpdater.java:lambda$new$0(92)) - 306f285f-d174-4f26-bb71-a6ae1f938ea0@group-EEEBF4493268-StateMachineUpdater: snapshotIndex: updateIncreasingly -1 -> 0
2023-03-29 21:18:46,604 [306f285f-d174-4f26-bb71-a6ae1f938ea0-impl-thread3] INFO  server.RaftServer$Division (ServerState.java:close(466)) - 306f285f-d174-4f26-bb71-a6ae1f938ea0@group-EEEBF4493268: closes. applyIndex: 0
2023-03-29 21:18:46,605 [306f285f-d174-4f26-bb71-a6ae1f938ea0@group-EEEBF4493268-SegmentedRaftLogWorker] INFO  segmented.SegmentedRaftLogWorker (SegmentedRaftLogWorker.java:run(347)) - 306f285f-d174-4f26-bb71-a6ae1f938ea0@group-EEEBF4493268-SegmentedRaftLogWorker was interrupted, exiting. There are 0 tasks remaining in the queue.
2023-03-29 21:18:46,605 [dee73a76-5b7c-4518-85e5-022f097c94ce@group-412071DB214B-StateMachineUpdater] INFO  ratis.ContainerStateMachine (ContainerStateMachine.java:takeSnapshot(341)) - group-412071DB214B: Finished taking a snapshot at:(t:1, i:0) file:/home/runner/work/ozone/ozone/hadoop-ozone/integration-test/target/test-dir/MiniOzoneClusterImpl-81c774c4-8c24-4526-9b8e-41dc3c8fdf7d/datanode-1/data/ratis/2da4b6fb-de94-4e4b-bab0-412071db214b/sm/snapshot.1_0 took: 0 ms
2023-03-29 21:18:46,605 [dee73a76-5b7c-4518-85e5-022f097c94ce@group-412071DB214B-StateMachineUpdater] INFO  impl.StateMachineUpdater (StateMachineUpdater.java:takeSnapshot(287)) - dee73a76-5b7c-4518-85e5-022f097c94ce@group-412071DB214B-StateMachineUpdater: Took a snapshot at index 0
2023-03-29 21:18:46,605 [dee73a76-5b7c-4518-85e5-022f097c94ce@group-412071DB214B-StateMachineUpdater] INFO  impl.StateMachineUpdater (StateMachineUpdater.java:lambda$new$0(92)) - dee73a76-5b7c-4518-85e5-022f097c94ce@group-412071DB214B-StateMachineUpdater: snapshotIndex: updateIncreasingly -1 -> 0
2023-03-29 21:18:46,605 [dee73a76-5b7c-4518-85e5-022f097c94ce-impl-thread1] INFO  server.RaftServer$Division (ServerState.java:close(466)) - dee73a76-5b7c-4518-85e5-022f097c94ce@group-412071DB214B: closes. applyIndex: 0
2023-03-29 21:18:46,605 [grpc-default-executor-1] WARN  server.GrpcServerProtocolService (LogUtils.java:warn(122)) - dee73a76-5b7c-4518-85e5-022f097c94ce: installSnapshot onError, lastRequest: 07ed649d-abb7-49d9-8f25-6ee2674c4cb1->dee73a76-5b7c-4518-85e5-022f097c94ce#1-t1,previous=(t:0, i:0),leaderCommit=0,initializing? true,entries: size=1, first=(t:1, i:0), CONFIGURATIONENTRY(current:id: "07ed649d-abb7-49d9-8f25-6ee2674c4cb1"
address: "10.1.0.17:37627"
priority: 1
dataStreamAddress: "10.1.0.17:41833"
clientAddress: "10.1.0.17:37627"
adminAddress: "10.1.0.17:37627"
startupRole: FOLLOWER
,id: "306f285f-d174-4f26-bb71-a6ae1f938ea0"
address: "10.1.0.17:45957"
dataStreamAddress: "10.1.0.17:32955"
clientAddress: "10.1.0.17:45957"
adminAddress: "10.1.0.17:45957"
startupRole: FOLLOWER
,id: "dee73a76-5b7c-4518-85e5-022f097c94ce"
address: "10.1.0.17:40537"
dataStreamAddress: "10.1.0.17:43583"
clientAddress: "10.1.0.17:40537"
adminAddress: "10.1.0.17:40537"
startupRole: FOLLOWER
, old:): org.apache.ratis.thirdparty.io.grpc.StatusRuntimeException: CANCELLED: client cancelled
2023-03-29 21:18:46,607 [grpc-default-executor-2] WARN  server.GrpcLogAppender (GrpcLogAppender.java:resetClient(131)) - 07ed649d-abb7-49d9-8f25-6ee2674c4cb1@group-EEEBF4493268->306f285f-d174-4f26-bb71-a6ae1f938ea0-GrpcLogAppender: Leader has not got in touch with Follower 07ed649d-abb7-49d9-8f25-6ee2674c4cb1@group-EEEBF4493268->306f285f-d174-4f26-bb71-a6ae1f938ea0(c0,m0,n1, attendVote=true, lastRpcSendTime=494, lastRpcResponseTime=476) yet, just keep nextIndex unchanged and retry.
2023-03-29 21:18:46,613 [dee73a76-5b7c-4518-85e5-022f097c94ce@group-412071DB214B-SegmentedRaftLogWorker] INFO  segmented.SegmentedRaftLogWorker (SegmentedRaftLogWorker.java:run(347)) - dee73a76-5b7c-4518-85e5-022f097c94ce@group-412071DB214B-SegmentedRaftLogWorker was interrupted, exiting. There are 0 tasks remaining in the queue.
2023-03-29 21:18:46,613 [dee73a76-5b7c-4518-85e5-022f097c94ce@group-412071DB214B->306f285f-d174-4f26-bb71-a6ae1f938ea0-GrpcLogAppender-LogAppenderDaemon] ERROR leader.LogAppenderDaemon (LogAppenderDaemon.java:run(87)) - dee73a76-5b7c-4518-85e5-022f097c94ce@group-412071DB214B->306f285f-d174-4f26-bb71-a6ae1f938ea0-GrpcLogAppender-LogAppenderDaemon failed
java.lang.IllegalArgumentException: dee73a76-5b7c-4518-85e5-022f097c94ce@group-412071DB214B-SegmentedRaftLog is expected to be opened but it is CLOSED
	at org.apache.ratis.util.OpenCloseState.assertOpen(OpenCloseState.java:63)
	at org.apache.ratis.server.raftlog.RaftLogBase.checkLogState(RaftLogBase.java:111)
	at org.apache.ratis.server.raftlog.segmented.SegmentedRaftLog.getTermIndex(SegmentedRaftLog.java:323)
	at org.apache.ratis.grpc.server.GrpcLogAppender.shouldNotifyToInstallSnapshot(GrpcLogAppender.java:678)
	at org.apache.ratis.grpc.server.GrpcLogAppender.run(GrpcLogAppender.java:161)
	at org.apache.ratis.server.leader.LogAppenderDaemon.run(LogAppenderDaemon.java:78)
	at java.lang.Thread.run(Thread.java:750)
Caused by: org.apache.ratis.util.OpenCloseState$CloseTrace: Close dee73a76-5b7c-4518-85e5-022f097c94ce@group-412071DB214B-SegmentedRaftLog
	at org.apache.ratis.util.OpenCloseState.lambda$close$1(OpenCloseState.java:109)
	at java.util.concurrent.atomic.AtomicReference.getAndUpdate(AtomicReference.java:160)
	at org.apache.ratis.util.OpenCloseState.close(OpenCloseState.java:109)
	at org.apache.ratis.server.raftlog.RaftLogBase.close(RaftLogBase.java:365)
	at org.apache.ratis.server.raftlog.segmented.SegmentedRaftLog.close(SegmentedRaftLog.java:506)
	at org.apache.ratis.server.impl.ServerState.close(ServerState.java:468)
	at org.apache.ratis.server.impl.RaftServerImpl.lambda$close$4(RaftServerImpl.java:480)
	at org.apache.ratis.util.LifeCycle.lambda$checkStateAndClose$4(LifeCycle.java:299)
	at org.apache.ratis.util.LifeCycle.checkStateAndClose(LifeCycle.java:319)
	at org.apache.ratis.util.LifeCycle.checkStateAndClose(LifeCycle.java:297)
	at org.apache.ratis.server.impl.RaftServerImpl.close(RaftServerImpl.java:457)
	at org.apache.ratis.server.impl.RaftServerProxy$ImplMap.close(RaftServerProxy.java:132)
	at org.apache.ratis.server.impl.RaftServerProxy$ImplMap.lambda$close$0(RaftServerProxy.java:119)
	at org.apache.ratis.util.ConcurrentUtils.accept(ConcurrentUtils.java:173)
	at org.apache.ratis.util.ConcurrentUtils.lambda$null$3(ConcurrentUtils.java:165)
	at java.util.concurrent.ThreadPoolExecutor.runWorker(ThreadPoolExecutor.java:1149)
	at java.util.concurrent.ThreadPoolExecutor$Worker.run(ThreadPoolExecutor.java:624)
	... 1 more
2023-03-29 21:18:46,617 [dee73a76-5b7c-4518-85e5-022f097c94ce-impl-thread1] INFO  segmented.SegmentedRaftLogWorker (SegmentedRaftLogWorker.java:close(257)) - dee73a76-5b7c-4518-85e5-022f097c94ce@group-412071DB214B-SegmentedRaftLogWorker close()
2023-03-29 21:18:46,616 [grpc-default-executor-1] INFO  server.GrpcServerProtocolService (GrpcServerProtocolService.java:onCompleted(143)) - 07ed649d-abb7-49d9-8f25-6ee2674c4cb1: Completed APPEND_ENTRIES, lastRequest: null
2023-03-29 21:18:46,616 [dee73a76-5b7c-4518-85e5-022f097c94ce-impl-thread2] INFO  segmented.SegmentedRaftLogWorker (SegmentedRaftLogWorker.java:close(257)) - dee73a76-5b7c-4518-85e5-022f097c94ce@group-EEEBF4493268-SegmentedRaftLogWorker close()
2023-03-29 21:18:46,616 [ForkJoinPool.commonPool-worker-1] INFO  server.GrpcService (GrpcService.java:closeImpl(280)) - 306f285f-d174-4f26-bb71-a6ae1f938ea0: shutdown server GrpcServerProtocolService successfully
2023-03-29 21:18:46,616 [grpc-default-executor-4] INFO  server.GrpcLogAppender (GrpcLogAppender.java:onCompleted(415)) - dee73a76-5b7c-4518-85e5-022f097c94ce@group-412071DB214B->07ed649d-abb7-49d9-8f25-6ee2674c4cb1-AppendLogResponseHandler: follower responses appendEntries COMPLETED
2023-03-29 21:18:46,622 [306f285f-d174-4f26-bb71-a6ae1f938ea0-NettyServerStreamRpc-bossGroup--thread1] INFO  logging.LoggingHandler (AbstractInternalLogger.java:log(148)) - [id: 0x60bf51ae, L:/0:0:0:0:0:0:0:0:32955] CLOSE
2023-03-29 21:18:46,616 [306f285f-d174-4f26-bb71-a6ae1f938ea0-impl-thread3] INFO  segmented.SegmentedRaftLogWorker (SegmentedRaftLogWorker.java:close(257)) - 306f285f-d174-4f26-bb71-a6ae1f938ea0@group-EEEBF4493268-SegmentedRaftLogWorker close()
2023-03-29 21:18:46,622 [306f285f-d174-4f26-bb71-a6ae1f938ea0-NettyServerStreamRpc-bossGroup--thread1] INFO  logging.LoggingHandler (AbstractInternalLogger.java:log(148)) - [id: 0x60bf51ae, L:/0:0:0:0:0:0:0:0:32955] INACTIVE
2023-03-29 21:18:46,622 [306f285f-d174-4f26-bb71-a6ae1f938ea0-NettyServerStreamRpc-bossGroup--thread1] INFO  logging.LoggingHandler (AbstractInternalLogger.java:log(148)) - [id: 0x60bf51ae, L:/0:0:0:0:0:0:0:0:32955] UNREGISTERED
2023-03-29 21:18:46,615 [Listener at 127.0.0.1/44447] INFO  server.GrpcServerProtocolClient (GrpcServerProtocolClient.java:close(101)) - 07ed649d-abb7-49d9-8f25-6ee2674c4cb1 Close channels
2023-03-29 21:18:46,614 [dee73a76-5b7c-4518-85e5-022f097c94ce-impl-thread3] INFO  server.RaftServer$Division (RaftServerImpl.java:lambda$close$4(458)) - dee73a76-5b7c-4518-85e5-022f097c94ce@group-8031F004AE47: shutdown
2023-03-29 21:18:46,623 [dee73a76-5b7c-4518-85e5-022f097c94ce-impl-thread3] INFO  util.JmxRegister (JmxRegister.java:unregister(73)) - Successfully un-registered JMX Bean with object name Ratis:service=RaftServer,group=group-8031F004AE47,id=dee73a76-5b7c-4518-85e5-022f097c94ce
2023-03-29 21:18:46,623 [dee73a76-5b7c-4518-85e5-022f097c94ce-impl-thread3] INFO  impl.RoleInfo (RoleInfo.java:shutdownLeaderState(93)) - dee73a76-5b7c-4518-85e5-022f097c94ce: shutdown dee73a76-5b7c-4518-85e5-022f097c94ce@group-8031F004AE47-LeaderStateImpl
2023-03-29 21:18:46,622 [grpc-default-executor-4] WARN  server.GrpcLogAppender (GrpcLogAppender.java:resetClient(137)) - dee73a76-5b7c-4518-85e5-022f097c94ce@group-412071DB214B->07ed649d-abb7-49d9-8f25-6ee2674c4cb1-GrpcLogAppender: Failed to getClient for 07ed649d-abb7-49d9-8f25-6ee2674c4cb1
org.apache.ratis.protocol.exceptions.AlreadyClosedException: dee73a76-5b7c-4518-85e5-022f097c94ce is already CLOSED
	at org.apache.ratis.util.PeerProxyMap$PeerAndProxy.getProxy(PeerProxyMap.java:61)
	at org.apache.ratis.util.PeerProxyMap.getProxy(PeerProxyMap.java:115)
	at org.apache.ratis.grpc.server.GrpcLogAppender.getClient(GrpcLogAppender.java:116)
	at org.apache.ratis.grpc.server.GrpcLogAppender.resetClient(GrpcLogAppender.java:121)
	at org.apache.ratis.grpc.server.GrpcLogAppender.access$500(GrpcLogAppender.java:58)
	at org.apache.ratis.grpc.server.GrpcLogAppender$AppendLogResponseHandler.onCompleted(GrpcLogAppender.java:416)
	at org.apache.ratis.thirdparty.io.grpc.stub.ClientCalls$StreamObserverToCallListenerAdapter.onClose(ClientCalls.java:485)
	at org.apache.ratis.thirdparty.io.grpc.internal.ClientCallImpl.closeObserver(ClientCallImpl.java:562)
	at org.apache.ratis.thirdparty.io.grpc.internal.ClientCallImpl.access$300(ClientCallImpl.java:70)
	at org.apache.ratis.thirdparty.io.grpc.internal.ClientCallImpl$ClientStreamListenerImpl$1StreamClosed.runInternal(ClientCallImpl.java:743)
	at org.apache.ratis.thirdparty.io.grpc.internal.ClientCallImpl$ClientStreamListenerImpl$1StreamClosed.runInContext(ClientCallImpl.java:722)
	at org.apache.ratis.thirdparty.io.grpc.internal.ContextRunnable.run(ContextRunnable.java:37)
	at org.apache.ratis.thirdparty.io.grpc.internal.SerializingExecutor.run(SerializingExecutor.java:133)
	at java.util.concurrent.ThreadPoolExecutor.runWorker(ThreadPoolExecutor.java:1149)
	at java.util.concurrent.ThreadPoolExecutor$Worker.run(ThreadPoolExecutor.java:624)
	at java.lang.Thread.run(Thread.java:750)
2023-03-29 21:18:46,623 [grpc-default-executor-1] INFO  server.GrpcLogAppender (GrpcLogAppender.java:onCompleted(415)) - dee73a76-5b7c-4518-85e5-022f097c94ce@group-412071DB214B->07ed649d-abb7-49d9-8f25-6ee2674c4cb1-AppendLogResponseHandler: follower responses appendEntries COMPLETED
2023-03-29 21:18:46,624 [grpc-default-executor-1] WARN  server.GrpcLogAppender (GrpcLogAppender.java:resetClient(137)) - dee73a76-5b7c-4518-85e5-022f097c94ce@group-412071DB214B->07ed649d-abb7-49d9-8f25-6ee2674c4cb1-GrpcLogAppender: Failed to getClient for 07ed649d-abb7-49d9-8f25-6ee2674c4cb1
org.apache.ratis.protocol.exceptions.AlreadyClosedException: dee73a76-5b7c-4518-85e5-022f097c94ce is already CLOSED
	at org.apache.ratis.util.PeerProxyMap$PeerAndProxy.getProxy(PeerProxyMap.java:61)
	at org.apache.ratis.util.PeerProxyMap.getProxy(PeerProxyMap.java:115)
	at org.apache.ratis.grpc.server.GrpcLogAppender.getClient(GrpcLogAppender.java:116)
	at org.apache.ratis.grpc.server.GrpcLogAppender.resetClient(GrpcLogAppender.java:121)
	at org.apache.ratis.grpc.server.GrpcLogAppender.access$500(GrpcLogAppender.java:58)
	at org.apache.ratis.grpc.server.GrpcLogAppender$AppendLogResponseHandler.onCompleted(GrpcLogAppender.java:416)
	at org.apache.ratis.thirdparty.io.grpc.stub.ClientCalls$StreamObserverToCallListenerAdapter.onClose(ClientCalls.java:485)
	at org.apache.ratis.thirdparty.io.grpc.internal.ClientCallImpl.closeObserver(ClientCallImpl.java:562)
	at org.apache.ratis.thirdparty.io.grpc.internal.ClientCallImpl.access$300(ClientCallImpl.java:70)
	at org.apache.ratis.thirdparty.io.grpc.internal.ClientCallImpl$ClientStreamListenerImpl$1StreamClosed.runInternal(ClientCallImpl.java:743)
	at org.apache.ratis.thirdparty.io.grpc.internal.ClientCallImpl$ClientStreamListenerImpl$1StreamClosed.runInContext(ClientCallImpl.java:722)
	at org.apache.ratis.thirdparty.io.grpc.internal.ContextRunnable.run(ContextRunnable.java:37)
	at org.apache.ratis.thirdparty.io.grpc.internal.SerializingExecutor.run(SerializingExecutor.java:133)
	at java.util.concurrent.ThreadPoolExecutor.runWorker(ThreadPoolExecutor.java:1149)
	at java.util.concurrent.ThreadPoolExecutor$Worker.run(ThreadPoolExecutor.java:624)
	at java.lang.Thread.run(Thread.java:750)
2023-03-29 21:18:46,623 [dee73a76-5b7c-4518-85e5-022f097c94ce-impl-thread3] INFO  impl.PendingRequests (PendingRequests.java:sendNotLeaderResponses(282)) - dee73a76-5b7c-4518-85e5-022f097c94ce@group-8031F004AE47-PendingRequests: sendNotLeaderResponses
2023-03-29 21:18:46,624 [dee73a76-5b7c-4518-85e5-022f097c94ce-impl-thread3] INFO  impl.StateMachineUpdater (StateMachineUpdater.java:stopAndJoin(153)) - dee73a76-5b7c-4518-85e5-022f097c94ce@group-8031F004AE47-StateMachineUpdater: set stopIndex = 0
2023-03-29 21:18:46,624 [dee73a76-5b7c-4518-85e5-022f097c94ce@group-8031F004AE47-StateMachineUpdater] INFO  ratis.ContainerStateMachine (ContainerStateMachine.java:takeSnapshot(330)) - group-8031F004AE47: Taking a snapshot at:(t:1, i:0) file /home/runner/work/ozone/ozone/hadoop-ozone/integration-test/target/test-dir/MiniOzoneClusterImpl-81c774c4-8c24-4526-9b8e-41dc3c8fdf7d/datanode-1/data/ratis/3adc2bab-eb7f-4d32-8f85-8031f004ae47/sm/snapshot.1_0
2023-03-29 21:18:46,625 [dee73a76-5b7c-4518-85e5-022f097c94ce@group-8031F004AE47-StateMachineUpdater] INFO  ratis.ContainerStateMachine (ContainerStateMachine.java:takeSnapshot(341)) - group-8031F004AE47: Finished taking a snapshot at:(t:1, i:0) file:/home/runner/work/ozone/ozone/hadoop-ozone/integration-test/target/test-dir/MiniOzoneClusterImpl-81c774c4-8c24-4526-9b8e-41dc3c8fdf7d/datanode-1/data/ratis/3adc2bab-eb7f-4d32-8f85-8031f004ae47/sm/snapshot.1_0 took: 0 ms
2023-03-29 21:18:46,625 [dee73a76-5b7c-4518-85e5-022f097c94ce@group-8031F004AE47-StateMachineUpdater] INFO  impl.StateMachineUpdater (StateMachineUpdater.java:takeSnapshot(287)) - dee73a76-5b7c-4518-85e5-022f097c94ce@group-8031F004AE47-StateMachineUpdater: Took a snapshot at index 0
2023-03-29 21:18:46,625 [dee73a76-5b7c-4518-85e5-022f097c94ce@group-8031F004AE47-StateMachineUpdater] INFO  impl.StateMachineUpdater (StateMachineUpdater.java:lambda$new$0(92)) - dee73a76-5b7c-4518-85e5-022f097c94ce@group-8031F004AE47-StateMachineUpdater: snapshotIndex: updateIncreasingly -1 -> 0
2023-03-29 21:18:46,625 [dee73a76-5b7c-4518-85e5-022f097c94ce-impl-thread3] INFO  server.RaftServer$Division (ServerState.java:close(466)) - dee73a76-5b7c-4518-85e5-022f097c94ce@group-8031F004AE47: closes. applyIndex: 0
2023-03-29 21:18:46,669 [dee73a76-5b7c-4518-85e5-022f097c94ce@group-8031F004AE47-SegmentedRaftLogWorker] INFO  segmented.SegmentedRaftLogWorker (SegmentedRaftLogWorker.java:run(347)) - dee73a76-5b7c-4518-85e5-022f097c94ce@group-8031F004AE47-SegmentedRaftLogWorker was interrupted, exiting. There are 0 tasks remaining in the queue.
2023-03-29 21:18:46,670 [grpc-default-executor-0] WARN  server.GrpcLogAppender (LogUtils.java:warn(122)) - 07ed649d-abb7-49d9-8f25-6ee2674c4cb1@group-EEEBF4493268->dee73a76-5b7c-4518-85e5-022f097c94ce-AppendLogResponseHandler: Failed appendEntries: org.apache.ratis.thirdparty.io.grpc.StatusRuntimeException: CANCELLED: RST_STREAM closed stream. HTTP/2 error code: CANCEL
2023-03-29 21:18:46,670 [grpc-default-executor-0] WARN  server.GrpcLogAppender (GrpcLogAppender.java:resetClient(131)) - 07ed649d-abb7-49d9-8f25-6ee2674c4cb1@group-EEEBF4493268->dee73a76-5b7c-4518-85e5-022f097c94ce-GrpcLogAppender: Leader has not got in touch with Follower 07ed649d-abb7-49d9-8f25-6ee2674c4cb1@group-EEEBF4493268->dee73a76-5b7c-4518-85e5-022f097c94ce(c0,m0,n1, attendVote=true, lastRpcSendTime=540, lastRpcResponseTime=528) yet, just keep nextIndex unchanged and retry.
2023-03-29 21:18:46,677 [dee73a76-5b7c-4518-85e5-022f097c94ce-impl-thread3] INFO  segmented.SegmentedRaftLogWorker (SegmentedRaftLogWorker.java:close(257)) - dee73a76-5b7c-4518-85e5-022f097c94ce@group-8031F004AE47-SegmentedRaftLogWorker close()
2023-03-29 21:18:46,677 [JvmPauseMonitor21] INFO  util.JvmPauseMonitor (JvmPauseMonitor.java:run(111)) - JvmPauseMonitor-306f285f-d174-4f26-bb71-a6ae1f938ea0: Stopped
2023-03-29 21:18:46,685 [Listener at 127.0.0.1/44447] INFO  server.GrpcServerProtocolClient (GrpcServerProtocolClient.java:close(101)) - 306f285f-d174-4f26-bb71-a6ae1f938ea0 Close channels
2023-03-29 21:18:46,701 [07ed649d-abb7-49d9-8f25-6ee2674c4cb1@group-872CD173240F-FollowerState] INFO  impl.FollowerState (FollowerState.java:run(143)) - 07ed649d-abb7-49d9-8f25-6ee2674c4cb1@group-872CD173240F-FollowerState: change to CANDIDATE, lastRpcElapsedTime:5169534076ns, electionTimeout:5169ms
2023-03-29 21:18:46,701 [07ed649d-abb7-49d9-8f25-6ee2674c4cb1@group-872CD173240F-FollowerState] INFO  impl.RoleInfo (RoleInfo.java:shutdownFollowerState(110)) - 07ed649d-abb7-49d9-8f25-6ee2674c4cb1: shutdown 07ed649d-abb7-49d9-8f25-6ee2674c4cb1@group-872CD173240F-FollowerState
2023-03-29 21:18:46,701 [07ed649d-abb7-49d9-8f25-6ee2674c4cb1@group-872CD173240F-FollowerState] INFO  server.RaftServer$Division (RaftServerImpl.java:setRole(321)) - 07ed649d-abb7-49d9-8f25-6ee2674c4cb1@group-872CD173240F: changes role from  FOLLOWER to CANDIDATE at term 0 for changeToCandidate
2023-03-29 21:18:46,702 [07ed649d-abb7-49d9-8f25-6ee2674c4cb1@group-872CD173240F-FollowerState] INFO  server.RaftServerConfigKeys (ConfUtils.java:logGet(46)) - raft.server.leaderelection.pre-vote = true (default)
2023-03-29 21:18:46,702 [07ed649d-abb7-49d9-8f25-6ee2674c4cb1@group-872CD173240F-FollowerState] INFO  impl.RoleInfo (RoleInfo.java:updateAndGet(139)) - 07ed649d-abb7-49d9-8f25-6ee2674c4cb1: start 07ed649d-abb7-49d9-8f25-6ee2674c4cb1@group-872CD173240F-LeaderElection42
2023-03-29 21:18:46,705 [Listener at 127.0.0.1/44447] INFO  server.GrpcService (GrpcService.java:closeImpl(280)) - dee73a76-5b7c-4518-85e5-022f097c94ce: shutdown server GrpcServerProtocolService successfully
2023-03-29 21:18:46,705 [dee73a76-5b7c-4518-85e5-022f097c94ce-NettyServerStreamRpc-bossGroup--thread1] INFO  logging.LoggingHandler (AbstractInternalLogger.java:log(148)) - [id: 0xe1ca5f30, L:/0:0:0:0:0:0:0:0:43583] CLOSE
2023-03-29 21:18:46,705 [dee73a76-5b7c-4518-85e5-022f097c94ce-NettyServerStreamRpc-bossGroup--thread1] INFO  logging.LoggingHandler (AbstractInternalLogger.java:log(148)) - [id: 0xe1ca5f30, L:/0:0:0:0:0:0:0:0:43583] INACTIVE
2023-03-29 21:18:46,705 [dee73a76-5b7c-4518-85e5-022f097c94ce-NettyServerStreamRpc-bossGroup--thread1] INFO  logging.LoggingHandler (AbstractInternalLogger.java:log(148)) - [id: 0xe1ca5f30, L:/0:0:0:0:0:0:0:0:43583] UNREGISTERED
2023-03-29 21:18:46,758 [07ed649d-abb7-49d9-8f25-6ee2674c4cb1@group-872CD173240F-LeaderElection42] INFO  impl.LeaderElection (LeaderElection.java:askForVotes(312)) - 07ed649d-abb7-49d9-8f25-6ee2674c4cb1@group-872CD173240F-LeaderElection42 PRE_VOTE round 0: submit vote requests at term 0 for -1: peers:[07ed649d-abb7-49d9-8f25-6ee2674c4cb1|rpc:10.1.0.17:37627|dataStream:10.1.0.17:41833|priority:1|startupRole:FOLLOWER]|listeners:[], old=null
2023-03-29 21:18:46,759 [07ed649d-abb7-49d9-8f25-6ee2674c4cb1@group-872CD173240F-LeaderElection42] INFO  impl.LeaderElection (LeaderElection.java:askForVotes(314)) - 07ed649d-abb7-49d9-8f25-6ee2674c4cb1@group-872CD173240F-LeaderElection42 PRE_VOTE round 0: result PASSED (term=0)
2023-03-29 21:18:46,760 [07ed649d-abb7-49d9-8f25-6ee2674c4cb1@group-872CD173240F-LeaderElection42] INFO  impl.LeaderElection (LeaderElection.java:askForVotes(312)) - 07ed649d-abb7-49d9-8f25-6ee2674c4cb1@group-872CD173240F-LeaderElection42 ELECTION round 0: submit vote requests at term 1 for -1: peers:[07ed649d-abb7-49d9-8f25-6ee2674c4cb1|rpc:10.1.0.17:37627|dataStream:10.1.0.17:41833|priority:1|startupRole:FOLLOWER]|listeners:[], old=null
2023-03-29 21:18:46,760 [07ed649d-abb7-49d9-8f25-6ee2674c4cb1@group-872CD173240F-LeaderElection42] INFO  impl.LeaderElection (LeaderElection.java:askForVotes(314)) - 07ed649d-abb7-49d9-8f25-6ee2674c4cb1@group-872CD173240F-LeaderElection42 ELECTION round 0: result PASSED (term=1)
2023-03-29 21:18:46,760 [07ed649d-abb7-49d9-8f25-6ee2674c4cb1@group-872CD173240F-LeaderElection42] INFO  impl.RoleInfo (RoleInfo.java:shutdownLeaderElection(130)) - 07ed649d-abb7-49d9-8f25-6ee2674c4cb1: shutdown 07ed649d-abb7-49d9-8f25-6ee2674c4cb1@group-872CD173240F-LeaderElection42
2023-03-29 21:18:46,760 [07ed649d-abb7-49d9-8f25-6ee2674c4cb1@group-872CD173240F-LeaderElection42] INFO  server.RaftServer$Division (RaftServerImpl.java:setRole(321)) - 07ed649d-abb7-49d9-8f25-6ee2674c4cb1@group-872CD173240F: changes role from CANDIDATE to LEADER at term 1 for changeToLeader
2023-03-29 21:18:46,760 [07ed649d-abb7-49d9-8f25-6ee2674c4cb1@group-872CD173240F-LeaderElection42] INFO  ratis.XceiverServerRatis (XceiverServerRatis.java:handleLeaderChangedNotification(904)) - Leader change notification received for group: group-872CD173240F with new leaderId: 07ed649d-abb7-49d9-8f25-6ee2674c4cb1
2023-03-29 21:18:46,760 [07ed649d-abb7-49d9-8f25-6ee2674c4cb1@group-872CD173240F-LeaderElection42] INFO  server.RaftServer$Division (ServerState.java:setLeader(313)) - 07ed649d-abb7-49d9-8f25-6ee2674c4cb1@group-872CD173240F: change Leader from null to 07ed649d-abb7-49d9-8f25-6ee2674c4cb1 at term 1 for becomeLeader, leader elected after 5240ms
2023-03-29 21:18:46,760 [07ed649d-abb7-49d9-8f25-6ee2674c4cb1@group-872CD173240F-LeaderElection42] INFO  server.RaftServerConfigKeys (ConfUtils.java:logGet(46)) - raft.server.staging.catchup.gap = 1000 (default)
2023-03-29 21:18:46,760 [07ed649d-abb7-49d9-8f25-6ee2674c4cb1@group-872CD173240F-LeaderElection42] INFO  server.RaftServerConfigKeys (ConfUtils.java:logGet(46)) - raft.server.write.element-limit = 1024 (custom)
2023-03-29 21:18:46,760 [07ed649d-abb7-49d9-8f25-6ee2674c4cb1@group-872CD173240F-LeaderElection42] INFO  server.RaftServerConfigKeys (ConfUtils.java:logGet(46)) - raft.server.write.byte-limit = 1024 M (=1073741824) (custom)
2023-03-29 21:18:46,761 [07ed649d-abb7-49d9-8f25-6ee2674c4cb1@group-872CD173240F-LeaderElection42] INFO  server.RaftServerConfigKeys (ConfUtils.java:logGet(46)) - raft.server.watch.timeout = 180s (custom)
2023-03-29 21:18:46,761 [07ed649d-abb7-49d9-8f25-6ee2674c4cb1@group-872CD173240F-LeaderElection42] INFO  server.RaftServerConfigKeys (ConfUtils.java:logGet(46)) - raft.server.watch.timeout.denomination = 1s (default)
2023-03-29 21:18:46,761 [07ed649d-abb7-49d9-8f25-6ee2674c4cb1@group-872CD173240F-LeaderElection42] INFO  server.RaftServerConfigKeys (ConfUtils.java:logGet(46)) - raft.server.watch.element-limit = 65536 (default)
2023-03-29 21:18:46,761 [07ed649d-abb7-49d9-8f25-6ee2674c4cb1@group-872CD173240F-LeaderElection42] INFO  server.RaftServerConfigKeys (ConfUtils.java:logGet(46)) - raft.server.write.element-limit = 1024 (custom)
2023-03-29 21:18:46,761 [07ed649d-abb7-49d9-8f25-6ee2674c4cb1@group-872CD173240F-LeaderElection42] INFO  server.RaftServerConfigKeys (ConfUtils.java:logGet(46)) - raft.server.write.follower.gap.ratio.max = -1.0 (default)
2023-03-29 21:18:46,761 [07ed649d-abb7-49d9-8f25-6ee2674c4cb1@group-872CD173240F-LeaderElection42] INFO  impl.RoleInfo (RoleInfo.java:updateAndGet(139)) - 07ed649d-abb7-49d9-8f25-6ee2674c4cb1: start 07ed649d-abb7-49d9-8f25-6ee2674c4cb1@group-872CD173240F-LeaderStateImpl
2023-03-29 21:18:46,761 [07ed649d-abb7-49d9-8f25-6ee2674c4cb1@group-872CD173240F-LeaderElection42] INFO  segmented.SegmentedRaftLogWorker (SegmentedRaftLogWorker.java:startLogSegment(452)) - 07ed649d-abb7-49d9-8f25-6ee2674c4cb1@group-872CD173240F-SegmentedRaftLogWorker: Starting segment from index:0
2023-03-29 21:18:46,764 [07ed649d-abb7-49d9-8f25-6ee2674c4cb1@group-872CD173240F-SegmentedRaftLogWorker] INFO  segmented.SegmentedRaftLogWorker (SegmentedRaftLogWorker.java:execute(656)) - 07ed649d-abb7-49d9-8f25-6ee2674c4cb1@group-872CD173240F-SegmentedRaftLogWorker: created new log segment /home/runner/work/ozone/ozone/hadoop-ozone/integration-test/target/test-dir/MiniOzoneClusterImpl-81c774c4-8c24-4526-9b8e-41dc3c8fdf7d/datanode-2/data/ratis/de29d18c-2491-4a2d-88d2-872cd173240f/current/log_inprogress_0
2023-03-29 21:18:46,774 [JvmPauseMonitor22] INFO  util.JvmPauseMonitor (JvmPauseMonitor.java:run(111)) - JvmPauseMonitor-dee73a76-5b7c-4518-85e5-022f097c94ce: Stopped
2023-03-29 21:18:46,775 [07ed649d-abb7-49d9-8f25-6ee2674c4cb1@group-872CD173240F-LeaderElection42] INFO  server.RaftServer$Division (ServerState.java:setRaftConf(430)) - 07ed649d-abb7-49d9-8f25-6ee2674c4cb1@group-872CD173240F: set configuration 0: peers:[07ed649d-abb7-49d9-8f25-6ee2674c4cb1|rpc:10.1.0.17:37627|dataStream:10.1.0.17:41833|priority:1|startupRole:FOLLOWER]|listeners:[], old=null
2023-03-29 21:18:48,633 [grpc-default-executor-1] WARN  server.GrpcLogAppender (LogUtils.java:warn(122)) - 07ed649d-abb7-49d9-8f25-6ee2674c4cb1@group-EEEBF4493268->306f285f-d174-4f26-bb71-a6ae1f938ea0-AppendLogResponseHandler: Failed appendEntries: org.apache.ratis.thirdparty.io.grpc.StatusRuntimeException: UNAVAILABLE: io exception
2023-03-29 21:18:48,634 [grpc-default-executor-1] WARN  server.GrpcLogAppender (GrpcLogAppender.java:resetClient(131)) - 07ed649d-abb7-49d9-8f25-6ee2674c4cb1@group-EEEBF4493268->306f285f-d174-4f26-bb71-a6ae1f938ea0-GrpcLogAppender: Leader has not got in touch with Follower 07ed649d-abb7-49d9-8f25-6ee2674c4cb1@group-EEEBF4493268->306f285f-d174-4f26-bb71-a6ae1f938ea0(c0,m0,n1, attendVote=true, lastRpcSendTime=2, lastRpcResponseTime=2503) yet, just keep nextIndex unchanged and retry.
2023-03-29 21:18:48,633 [grpc-default-executor-4] WARN  server.GrpcLogAppender (LogUtils.java:warn(122)) - 07ed649d-abb7-49d9-8f25-6ee2674c4cb1@group-EEEBF4493268->306f285f-d174-4f26-bb71-a6ae1f938ea0-AppendLogResponseHandler: Failed appendEntries: org.apache.ratis.thirdparty.io.grpc.StatusRuntimeException: UNAVAILABLE: io exception
2023-03-29 21:18:48,634 [grpc-default-executor-4] WARN  server.GrpcLogAppender (GrpcLogAppender.java:resetClient(131)) - 07ed649d-abb7-49d9-8f25-6ee2674c4cb1@group-EEEBF4493268->306f285f-d174-4f26-bb71-a6ae1f938ea0-GrpcLogAppender: Leader has not got in touch with Follower 07ed649d-abb7-49d9-8f25-6ee2674c4cb1@group-EEEBF4493268->306f285f-d174-4f26-bb71-a6ae1f938ea0(c0,m0,n1, attendVote=true, lastRpcSendTime=2, lastRpcResponseTime=2504) yet, just keep nextIndex unchanged and retry.
2023-03-29 21:18:48,647 [grpc-default-executor-1] WARN  server.GrpcLogAppender (LogUtils.java:warn(122)) - 07ed649d-abb7-49d9-8f25-6ee2674c4cb1@group-EEEBF4493268->dee73a76-5b7c-4518-85e5-022f097c94ce-AppendLogResponseHandler: Failed appendEntries: org.apache.ratis.thirdparty.io.grpc.StatusRuntimeException: UNAVAILABLE: io exception
2023-03-29 21:18:48,647 [grpc-default-executor-1] WARN  server.GrpcLogAppender (GrpcLogAppender.java:resetClient(131)) - 07ed649d-abb7-49d9-8f25-6ee2674c4cb1@group-EEEBF4493268->dee73a76-5b7c-4518-85e5-022f097c94ce-GrpcLogAppender: Leader has not got in touch with Follower 07ed649d-abb7-49d9-8f25-6ee2674c4cb1@group-EEEBF4493268->dee73a76-5b7c-4518-85e5-022f097c94ce(c0,m0,n1, attendVote=true, lastRpcSendTime=2517, lastRpcResponseTime=2504) yet, just keep nextIndex unchanged and retry.
2023-03-29 21:18:48,647 [grpc-default-executor-1] WARN  server.GrpcLogAppender (LogUtils.java:warn(122)) - 07ed649d-abb7-49d9-8f25-6ee2674c4cb1@group-EEEBF4493268->dee73a76-5b7c-4518-85e5-022f097c94ce-AppendLogResponseHandler: Failed appendEntries: org.apache.ratis.thirdparty.io.grpc.StatusRuntimeException: UNAVAILABLE: io exception
2023-03-29 21:18:48,648 [grpc-default-executor-1] WARN  server.GrpcLogAppender (GrpcLogAppender.java:resetClient(131)) - 07ed649d-abb7-49d9-8f25-6ee2674c4cb1@group-EEEBF4493268->dee73a76-5b7c-4518-85e5-022f097c94ce-GrpcLogAppender: Leader has not got in touch with Follower 07ed649d-abb7-49d9-8f25-6ee2674c4cb1@group-EEEBF4493268->dee73a76-5b7c-4518-85e5-022f097c94ce(c0,m0,n1, attendVote=true, lastRpcSendTime=2517, lastRpcResponseTime=2505) yet, just keep nextIndex unchanged and retry.
2023-03-29 21:18:48,650 [grpc-default-executor-1] WARN  server.GrpcLogAppender (LogUtils.java:warn(122)) - 07ed649d-abb7-49d9-8f25-6ee2674c4cb1@group-EEEBF4493268->dee73a76-5b7c-4518-85e5-022f097c94ce-AppendLogResponseHandler: Failed appendEntries: org.apache.ratis.thirdparty.io.grpc.StatusRuntimeException: UNAVAILABLE: io exception
2023-03-29 21:18:48,650 [grpc-default-executor-4] WARN  server.GrpcLogAppender (LogUtils.java:warn(122)) - 07ed649d-abb7-49d9-8f25-6ee2674c4cb1@group-EEEBF4493268->dee73a76-5b7c-4518-85e5-022f097c94ce-AppendLogResponseHandler: Failed appendEntries: org.apache.ratis.thirdparty.io.grpc.StatusRuntimeException: UNAVAILABLE: io exception
2023-03-29 21:18:48,651 [grpc-default-executor-1] WARN  server.GrpcLogAppender (GrpcLogAppender.java:resetClient(131)) - 07ed649d-abb7-49d9-8f25-6ee2674c4cb1@group-EEEBF4493268->dee73a76-5b7c-4518-85e5-022f097c94ce-GrpcLogAppender: Leader has not got in touch with Follower 07ed649d-abb7-49d9-8f25-6ee2674c4cb1@group-EEEBF4493268->dee73a76-5b7c-4518-85e5-022f097c94ce(c0,m0,n1, attendVote=true, lastRpcSendTime=2520, lastRpcResponseTime=2508) yet, just keep nextIndex unchanged and retry.
2023-03-29 21:18:48,651 [grpc-default-executor-4] WARN  server.GrpcLogAppender (GrpcLogAppender.java:resetClient(131)) - 07ed649d-abb7-49d9-8f25-6ee2674c4cb1@group-EEEBF4493268->dee73a76-5b7c-4518-85e5-022f097c94ce-GrpcLogAppender: Leader has not got in touch with Follower 07ed649d-abb7-49d9-8f25-6ee2674c4cb1@group-EEEBF4493268->dee73a76-5b7c-4518-85e5-022f097c94ce(c0,m0,n1, attendVote=true, lastRpcSendTime=2520, lastRpcResponseTime=2508) yet, just keep nextIndex unchanged and retry.
2023-03-29 21:18:48,652 [grpc-default-executor-4] WARN  server.GrpcLogAppender (LogUtils.java:warn(122)) - 07ed649d-abb7-49d9-8f25-6ee2674c4cb1@group-EEEBF4493268->dee73a76-5b7c-4518-85e5-022f097c94ce-AppendLogResponseHandler: Failed appendEntries: org.apache.ratis.thirdparty.io.grpc.StatusRuntimeException: UNAVAILABLE: io exception
2023-03-29 21:18:48,652 [grpc-default-executor-1] WARN  server.GrpcLogAppender (LogUtils.java:warn(122)) - 07ed649d-abb7-49d9-8f25-6ee2674c4cb1@group-EEEBF4493268->dee73a76-5b7c-4518-85e5-022f097c94ce-AppendLogResponseHandler: Failed appendEntries: org.apache.ratis.thirdparty.io.grpc.StatusRuntimeException: UNAVAILABLE: io exception
2023-03-29 21:18:48,653 [grpc-default-executor-4] WARN  server.GrpcLogAppender (GrpcLogAppender.java:resetClient(131)) - 07ed649d-abb7-49d9-8f25-6ee2674c4cb1@group-EEEBF4493268->dee73a76-5b7c-4518-85e5-022f097c94ce-GrpcLogAppender: Leader has not got in touch with Follower 07ed649d-abb7-49d9-8f25-6ee2674c4cb1@group-EEEBF4493268->dee73a76-5b7c-4518-85e5-022f097c94ce(c0,m0,n1, attendVote=true, lastRpcSendTime=2522, lastRpcResponseTime=2510) yet, just keep nextIndex unchanged and retry.
2023-03-29 21:18:48,654 [grpc-default-executor-1] WARN  server.GrpcLogAppender (GrpcLogAppender.java:resetClient(131)) - 07ed649d-abb7-49d9-8f25-6ee2674c4cb1@group-EEEBF4493268->dee73a76-5b7c-4518-85e5-022f097c94ce-GrpcLogAppender: Leader has not got in touch with Follower 07ed649d-abb7-49d9-8f25-6ee2674c4cb1@group-EEEBF4493268->dee73a76-5b7c-4518-85e5-022f097c94ce(c0,m0,n1, attendVote=true, lastRpcSendTime=2523, lastRpcResponseTime=2511) yet, just keep nextIndex unchanged and retry.
2023-03-29 21:18:48,656 [grpc-default-executor-1] WARN  server.GrpcLogAppender (LogUtils.java:warn(122)) - 07ed649d-abb7-49d9-8f25-6ee2674c4cb1@group-EEEBF4493268->dee73a76-5b7c-4518-85e5-022f097c94ce-AppendLogResponseHandler: Failed appendEntries: org.apache.ratis.thirdparty.io.grpc.StatusRuntimeException: UNAVAILABLE: io exception
2023-03-29 21:18:48,656 [grpc-default-executor-4] WARN  server.GrpcLogAppender (LogUtils.java:warn(122)) - 07ed649d-abb7-49d9-8f25-6ee2674c4cb1@group-EEEBF4493268->dee73a76-5b7c-4518-85e5-022f097c94ce-AppendLogResponseHandler: Failed appendEntries: org.apache.ratis.thirdparty.io.grpc.StatusRuntimeException: UNAVAILABLE: io exception
2023-03-29 21:18:48,656 [grpc-default-executor-1] WARN  server.GrpcLogAppender (GrpcLogAppender.java:resetClient(131)) - 07ed649d-abb7-49d9-8f25-6ee2674c4cb1@group-EEEBF4493268->dee73a76-5b7c-4518-85e5-022f097c94ce-GrpcLogAppender: Leader has not got in touch with Follower 07ed649d-abb7-49d9-8f25-6ee2674c4cb1@group-EEEBF4493268->dee73a76-5b7c-4518-85e5-022f097c94ce(c0,m0,n1, attendVote=true, lastRpcSendTime=2526, lastRpcResponseTime=2513) yet, just keep nextIndex unchanged and retry.
2023-03-29 21:18:48,656 [grpc-default-executor-4] WARN  server.GrpcLogAppender (GrpcLogAppender.java:resetClient(131)) - 07ed649d-abb7-49d9-8f25-6ee2674c4cb1@group-EEEBF4493268->dee73a76-5b7c-4518-85e5-022f097c94ce-GrpcLogAppender: Leader has not got in touch with Follower 07ed649d-abb7-49d9-8f25-6ee2674c4cb1@group-EEEBF4493268->dee73a76-5b7c-4518-85e5-022f097c94ce(c0,m0,n1, attendVote=true, lastRpcSendTime=2526, lastRpcResponseTime=2513) yet, just keep nextIndex unchanged and retry.
2023-03-29 21:18:48,658 [grpc-default-executor-4] WARN  server.GrpcLogAppender (LogUtils.java:warn(122)) - 07ed649d-abb7-49d9-8f25-6ee2674c4cb1@group-EEEBF4493268->dee73a76-5b7c-4518-85e5-022f097c94ce-AppendLogResponseHandler: Failed appendEntries: org.apache.ratis.thirdparty.io.grpc.StatusRuntimeException: UNAVAILABLE: io exception
2023-03-29 21:18:48,658 [grpc-default-executor-1] WARN  server.GrpcLogAppender (LogUtils.java:warn(122)) - 07ed649d-abb7-49d9-8f25-6ee2674c4cb1@group-EEEBF4493268->dee73a76-5b7c-4518-85e5-022f097c94ce-AppendLogResponseHandler: Failed appendEntries: org.apache.ratis.thirdparty.io.grpc.StatusRuntimeException: UNAVAILABLE: io exception
2023-03-29 21:18:48,659 [grpc-default-executor-4] WARN  server.GrpcLogAppender (GrpcLogAppender.java:resetClient(131)) - 07ed649d-abb7-49d9-8f25-6ee2674c4cb1@group-EEEBF4493268->dee73a76-5b7c-4518-85e5-022f097c94ce-GrpcLogAppender: Leader has not got in touch with Follower 07ed649d-abb7-49d9-8f25-6ee2674c4cb1@group-EEEBF4493268->dee73a76-5b7c-4518-85e5-022f097c94ce(c0,m0,n1, attendVote=true, lastRpcSendTime=2528, lastRpcResponseTime=2516) yet, just keep nextIndex unchanged and retry.
2023-03-29 21:18:48,664 [grpc-default-executor-1] WARN  server.GrpcLogAppender (GrpcLogAppender.java:resetClient(131)) - 07ed649d-abb7-49d9-8f25-6ee2674c4cb1@group-EEEBF4493268->dee73a76-5b7c-4518-85e5-022f097c94ce-GrpcLogAppender: Leader has not got in touch with Follower 07ed649d-abb7-49d9-8f25-6ee2674c4cb1@group-EEEBF4493268->dee73a76-5b7c-4518-85e5-022f097c94ce(c0,m0,n1, attendVote=true, lastRpcSendTime=2534, lastRpcResponseTime=2521) yet, just keep nextIndex unchanged and retry.
2023-03-29 21:18:48,665 [grpc-default-executor-1] WARN  server.GrpcLogAppender (LogUtils.java:warn(122)) - 07ed649d-abb7-49d9-8f25-6ee2674c4cb1@group-EEEBF4493268->dee73a76-5b7c-4518-85e5-022f097c94ce-AppendLogResponseHandler: Failed appendEntries: org.apache.ratis.thirdparty.io.grpc.StatusRuntimeException: UNAVAILABLE: io exception
2023-03-29 21:18:48,665 [grpc-default-executor-4] WARN  server.GrpcLogAppender (LogUtils.java:warn(122)) - 07ed649d-abb7-49d9-8f25-6ee2674c4cb1@group-EEEBF4493268->dee73a76-5b7c-4518-85e5-022f097c94ce-AppendLogResponseHandler: Failed appendEntries: org.apache.ratis.thirdparty.io.grpc.StatusRuntimeException: UNAVAILABLE: io exception
2023-03-29 21:18:48,666 [grpc-default-executor-1] WARN  server.GrpcLogAppender (GrpcLogAppender.java:resetClient(131)) - 07ed649d-abb7-49d9-8f25-6ee2674c4cb1@group-EEEBF4493268->dee73a76-5b7c-4518-85e5-022f097c94ce-GrpcLogAppender: Leader has not got in touch with Follower 07ed649d-abb7-49d9-8f25-6ee2674c4cb1@group-EEEBF4493268->dee73a76-5b7c-4518-85e5-022f097c94ce(c0,m0,n1, attendVote=true, lastRpcSendTime=2535, lastRpcResponseTime=2523) yet, just keep nextIndex unchanged and retry.
2023-03-29 21:18:48,666 [grpc-default-executor-4] WARN  server.GrpcLogAppender (GrpcLogAppender.java:resetClient(131)) - 07ed649d-abb7-49d9-8f25-6ee2674c4cb1@group-EEEBF4493268->dee73a76-5b7c-4518-85e5-022f097c94ce-GrpcLogAppender: Leader has not got in touch with Follower 07ed649d-abb7-49d9-8f25-6ee2674c4cb1@group-EEEBF4493268->dee73a76-5b7c-4518-85e5-022f097c94ce(c0,m0,n1, attendVote=true, lastRpcSendTime=2535, lastRpcResponseTime=2523) yet, just keep nextIndex unchanged and retry.
2023-03-29 21:18:48,666 [grpc-default-executor-4] WARN  server.GrpcLogAppender (LogUtils.java:warn(122)) - 07ed649d-abb7-49d9-8f25-6ee2674c4cb1@group-EEEBF4493268->dee73a76-5b7c-4518-85e5-022f097c94ce-AppendLogResponseHandler: Failed appendEntries: org.apache.ratis.thirdparty.io.grpc.StatusRuntimeException: UNAVAILABLE: io exception
2023-03-29 21:18:48,666 [grpc-default-executor-1] WARN  server.GrpcLogAppender (LogUtils.java:warn(122)) - 07ed649d-abb7-49d9-8f25-6ee2674c4cb1@group-EEEBF4493268->dee73a76-5b7c-4518-85e5-022f097c94ce-AppendLogResponseHandler: Failed appendEntries: org.apache.ratis.thirdparty.io.grpc.StatusRuntimeException: UNAVAILABLE: io exception
2023-03-29 21:18:48,667 [grpc-default-executor-4] WARN  server.GrpcLogAppender (GrpcLogAppender.java:resetClient(131)) - 07ed649d-abb7-49d9-8f25-6ee2674c4cb1@group-EEEBF4493268->dee73a76-5b7c-4518-85e5-022f097c94ce-GrpcLogAppender: Leader has not got in touch with Follower 07ed649d-abb7-49d9-8f25-6ee2674c4cb1@group-EEEBF4493268->dee73a76-5b7c-4518-85e5-022f097c94ce(c0,m0,n1, attendVote=true, lastRpcSendTime=2536, lastRpcResponseTime=2524) yet, just keep nextIndex unchanged and retry.
2023-03-29 21:18:48,668 [grpc-default-executor-1] WARN  server.GrpcLogAppender (GrpcLogAppender.java:resetClient(131)) - 07ed649d-abb7-49d9-8f25-6ee2674c4cb1@group-EEEBF4493268->dee73a76-5b7c-4518-85e5-022f097c94ce-GrpcLogAppender: Leader has not got in touch with Follower 07ed649d-abb7-49d9-8f25-6ee2674c4cb1@group-EEEBF4493268->dee73a76-5b7c-4518-85e5-022f097c94ce(c0,m0,n1, attendVote=true, lastRpcSendTime=2537, lastRpcResponseTime=2525) yet, just keep nextIndex unchanged and retry.
2023-03-29 21:18:48,668 [grpc-default-executor-1] WARN  server.GrpcLogAppender (LogUtils.java:warn(122)) - 07ed649d-abb7-49d9-8f25-6ee2674c4cb1@group-EEEBF4493268->dee73a76-5b7c-4518-85e5-022f097c94ce-AppendLogResponseHandler: Failed appendEntries: org.apache.ratis.thirdparty.io.grpc.StatusRuntimeException: UNAVAILABLE: io exception
2023-03-29 21:18:48,668 [grpc-default-executor-4] WARN  server.GrpcLogAppender (LogUtils.java:warn(122)) - 07ed649d-abb7-49d9-8f25-6ee2674c4cb1@group-EEEBF4493268->dee73a76-5b7c-4518-85e5-022f097c94ce-AppendLogResponseHandler: Failed appendEntries: org.apache.ratis.thirdparty.io.grpc.StatusRuntimeException: UNAVAILABLE: io exception
2023-03-29 21:18:48,669 [grpc-default-executor-1] WARN  server.GrpcLogAppender (GrpcLogAppender.java:resetClient(131)) - 07ed649d-abb7-49d9-8f25-6ee2674c4cb1@group-EEEBF4493268->dee73a76-5b7c-4518-85e5-022f097c94ce-GrpcLogAppender: Leader has not got in touch with Follower 07ed649d-abb7-49d9-8f25-6ee2674c4cb1@group-EEEBF4493268->dee73a76-5b7c-4518-85e5-022f097c94ce(c0,m0,n1, attendVote=true, lastRpcSendTime=2538, lastRpcResponseTime=2526) yet, just keep nextIndex unchanged and retry.
2023-03-29 21:18:48,669 [grpc-default-executor-4] WARN  server.GrpcLogAppender (GrpcLogAppender.java:resetClient(131)) - 07ed649d-abb7-49d9-8f25-6ee2674c4cb1@group-EEEBF4493268->dee73a76-5b7c-4518-85e5-022f097c94ce-GrpcLogAppender: Leader has not got in touch with Follower 07ed649d-abb7-49d9-8f25-6ee2674c4cb1@group-EEEBF4493268->dee73a76-5b7c-4518-85e5-022f097c94ce(c0,m0,n1, attendVote=true, lastRpcSendTime=2538, lastRpcResponseTime=2526) yet, just keep nextIndex unchanged and retry.
2023-03-29 21:18:48,669 [grpc-default-executor-4] WARN  server.GrpcLogAppender (LogUtils.java:warn(122)) - 07ed649d-abb7-49d9-8f25-6ee2674c4cb1@group-EEEBF4493268->dee73a76-5b7c-4518-85e5-022f097c94ce-AppendLogResponseHandler: Failed appendEntries: org.apache.ratis.thirdparty.io.grpc.StatusRuntimeException: UNAVAILABLE: io exception
2023-03-29 21:18:48,670 [grpc-default-executor-1] WARN  server.GrpcLogAppender (LogUtils.java:warn(122)) - 07ed649d-abb7-49d9-8f25-6ee2674c4cb1@group-EEEBF4493268->dee73a76-5b7c-4518-85e5-022f097c94ce-AppendLogResponseHandler: Failed appendEntries: org.apache.ratis.thirdparty.io.grpc.StatusRuntimeException: UNAVAILABLE: io exception
2023-03-29 21:18:48,670 [grpc-default-executor-4] WARN  server.GrpcLogAppender (GrpcLogAppender.java:resetClient(131)) - 07ed649d-abb7-49d9-8f25-6ee2674c4cb1@group-EEEBF4493268->dee73a76-5b7c-4518-85e5-022f097c94ce-GrpcLogAppender: Leader has not got in touch with Follower 07ed649d-abb7-49d9-8f25-6ee2674c4cb1@group-EEEBF4493268->dee73a76-5b7c-4518-85e5-022f097c94ce(c0,m0,n1, attendVote=true, lastRpcSendTime=2539, lastRpcResponseTime=2527) yet, just keep nextIndex unchanged and retry.
2023-03-29 21:18:48,674 [grpc-default-executor-1] WARN  server.GrpcLogAppender (GrpcLogAppender.java:resetClient(131)) - 07ed649d-abb7-49d9-8f25-6ee2674c4cb1@group-EEEBF4493268->dee73a76-5b7c-4518-85e5-022f097c94ce-GrpcLogAppender: Leader has not got in touch with Follower 07ed649d-abb7-49d9-8f25-6ee2674c4cb1@group-EEEBF4493268->dee73a76-5b7c-4518-85e5-022f097c94ce(c0,m0,n1, attendVote=true, lastRpcSendTime=2543, lastRpcResponseTime=2531) yet, just keep nextIndex unchanged and retry.
2023-03-29 21:18:48,677 [grpc-default-executor-1] WARN  server.GrpcLogAppender (LogUtils.java:warn(122)) - 07ed649d-abb7-49d9-8f25-6ee2674c4cb1@group-EEEBF4493268->dee73a76-5b7c-4518-85e5-022f097c94ce-AppendLogResponseHandler: Failed appendEntries: org.apache.ratis.thirdparty.io.grpc.StatusRuntimeException: UNAVAILABLE: io exception
2023-03-29 21:18:48,678 [grpc-default-executor-4] WARN  server.GrpcLogAppender (LogUtils.java:warn(122)) - 07ed649d-abb7-49d9-8f25-6ee2674c4cb1@group-EEEBF4493268->dee73a76-5b7c-4518-85e5-022f097c94ce-AppendLogResponseHandler: Failed appendEntries: org.apache.ratis.thirdparty.io.grpc.StatusRuntimeException: UNAVAILABLE: io exception
2023-03-29 21:18:48,678 [grpc-default-executor-1] WARN  server.GrpcLogAppender (GrpcLogAppender.java:resetClient(131)) - 07ed649d-abb7-49d9-8f25-6ee2674c4cb1@group-EEEBF4493268->dee73a76-5b7c-4518-85e5-022f097c94ce-GrpcLogAppender: Leader has not got in touch with Follower 07ed649d-abb7-49d9-8f25-6ee2674c4cb1@group-EEEBF4493268->dee73a76-5b7c-4518-85e5-022f097c94ce(c0,m0,n1, attendVote=true, lastRpcSendTime=2548, lastRpcResponseTime=2535) yet, just keep nextIndex unchanged and retry.
2023-03-29 21:18:48,679 [grpc-default-executor-4] WARN  server.GrpcLogAppender (GrpcLogAppender.java:resetClient(131)) - 07ed649d-abb7-49d9-8f25-6ee2674c4cb1@group-EEEBF4493268->dee73a76-5b7c-4518-85e5-022f097c94ce-GrpcLogAppender: Leader has not got in touch with Follower 07ed649d-abb7-49d9-8f25-6ee2674c4cb1@group-EEEBF4493268->dee73a76-5b7c-4518-85e5-022f097c94ce(c0,m0,n1, attendVote=true, lastRpcSendTime=2548, lastRpcResponseTime=2536) yet, just keep nextIndex unchanged and retry.
2023-03-29 21:18:48,680 [grpc-default-executor-1] WARN  server.GrpcLogAppender (LogUtils.java:warn(122)) - 07ed649d-abb7-49d9-8f25-6ee2674c4cb1@group-EEEBF4493268->dee73a76-5b7c-4518-85e5-022f097c94ce-AppendLogResponseHandler: Failed appendEntries: org.apache.ratis.thirdparty.io.grpc.StatusRuntimeException: UNAVAILABLE: io exception
2023-03-29 21:18:48,680 [grpc-default-executor-4] WARN  server.GrpcLogAppender (LogUtils.java:warn(122)) - 07ed649d-abb7-49d9-8f25-6ee2674c4cb1@group-EEEBF4493268->dee73a76-5b7c-4518-85e5-022f097c94ce-AppendLogResponseHandler: Failed appendEntries: org.apache.ratis.thirdparty.io.grpc.StatusRuntimeException: UNAVAILABLE: io exception
2023-03-29 21:18:48,680 [grpc-default-executor-1] WARN  server.GrpcLogAppender (GrpcLogAppender.java:resetClient(131)) - 07ed649d-abb7-49d9-8f25-6ee2674c4cb1@group-EEEBF4493268->dee73a76-5b7c-4518-85e5-022f097c94ce-GrpcLogAppender: Leader has not got in touch with Follower 07ed649d-abb7-49d9-8f25-6ee2674c4cb1@group-EEEBF4493268->dee73a76-5b7c-4518-85e5-022f097c94ce(c0,m0,n1, attendVote=true, lastRpcSendTime=2550, lastRpcResponseTime=2537) yet, just keep nextIndex unchanged and retry.
2023-03-29 21:18:48,683 [grpc-default-executor-4] WARN  server.GrpcLogAppender (GrpcLogAppender.java:resetClient(131)) - 07ed649d-abb7-49d9-8f25-6ee2674c4cb1@group-EEEBF4493268->dee73a76-5b7c-4518-85e5-022f097c94ce-GrpcLogAppender: Leader has not got in touch with Follower 07ed649d-abb7-49d9-8f25-6ee2674c4cb1@group-EEEBF4493268->dee73a76-5b7c-4518-85e5-022f097c94ce(c0,m0,n1, attendVote=true, lastRpcSendTime=2552, lastRpcResponseTime=2540) yet, just keep nextIndex unchanged and retry.
2023-03-29 21:18:48,684 [grpc-default-executor-0] WARN  server.GrpcLogAppender (LogUtils.java:warn(122)) - 07ed649d-abb7-49d9-8f25-6ee2674c4cb1@group-EEEBF4493268->dee73a76-5b7c-4518-85e5-022f097c94ce-AppendLogResponseHandler: Failed appendEntries: org.apache.ratis.thirdparty.io.grpc.StatusRuntimeException: UNAVAILABLE: io exception
2023-03-29 21:18:48,684 [grpc-default-executor-0] WARN  server.GrpcLogAppender (GrpcLogAppender.java:resetClient(131)) - 07ed649d-abb7-49d9-8f25-6ee2674c4cb1@group-EEEBF4493268->dee73a76-5b7c-4518-85e5-022f097c94ce-GrpcLogAppender: Leader has not got in touch with Follower 07ed649d-abb7-49d9-8f25-6ee2674c4cb1@group-EEEBF4493268->dee73a76-5b7c-4518-85e5-022f097c94ce(c0,m0,n1, attendVote=true, lastRpcSendTime=0, lastRpcResponseTime=2541) yet, just keep nextIndex unchanged and retry.
2023-03-29 21:18:48,685 [grpc-default-executor-0] WARN  server.GrpcLogAppender (LogUtils.java:warn(122)) - 07ed649d-abb7-49d9-8f25-6ee2674c4cb1@group-EEEBF4493268->dee73a76-5b7c-4518-85e5-022f097c94ce-AppendLogResponseHandler: Failed appendEntries: org.apache.ratis.thirdparty.io.grpc.StatusRuntimeException: UNAVAILABLE: io exception
2023-03-29 21:18:48,686 [grpc-default-executor-0] WARN  server.GrpcLogAppender (GrpcLogAppender.java:resetClient(131)) - 07ed649d-abb7-49d9-8f25-6ee2674c4cb1@group-EEEBF4493268->dee73a76-5b7c-4518-85e5-022f097c94ce-GrpcLogAppender: Leader has not got in touch with Follower 07ed649d-abb7-49d9-8f25-6ee2674c4cb1@group-EEEBF4493268->dee73a76-5b7c-4518-85e5-022f097c94ce(c0,m0,n1, attendVote=true, lastRpcSendTime=2, lastRpcResponseTime=2543) yet, just keep nextIndex unchanged and retry.
2023-03-29 21:18:48,700 [ForkJoinPool.commonPool-worker-1] INFO  volume.HddsVolume (HddsVolume.java:closeDbStore(437)) - SchemaV3 db is stopped at /home/runner/work/ozone/ozone/hadoop-ozone/integration-test/target/test-dir/MiniOzoneClusterImpl-81c774c4-8c24-4526-9b8e-41dc3c8fdf7d/datanode-0/data-0/containers/hdds/81c774c4-8c24-4526-9b8e-41dc3c8fdf7d/DS-b596adf8-3046-497f-9e26-080f2174bea3/container.db for volume DS-b596adf8-3046-497f-9e26-080f2174bea3
2023-03-29 21:18:48,700 [ForkJoinPool.commonPool-worker-1] INFO  utils.BackgroundService (BackgroundService.java:shutdown(141)) - Shutting down service BlockDeletingService
2023-03-29 21:18:48,700 [ForkJoinPool.commonPool-worker-1] INFO  utils.BackgroundService (BackgroundService.java:shutdown(141)) - Shutting down service StaleRecoveringContainerScrubbingService
2023-03-29 21:18:48,703 [ForkJoinPool.commonPool-worker-1] INFO  statemachine.DatanodeStateMachine (DatanodeStateMachine.java:stopDaemon(601)) - Ozone container server stopped.
2023-03-29 21:18:48,717 [ForkJoinPool.commonPool-worker-1] INFO  handler.ContextHandler (ContextHandler.java:doStop(1159)) - Stopped o.e.j.w.WebAppContext@7b5bc272{hddsDatanode,/,null,STOPPED}{jar:file:/home/runner/.m2/repository/org/apache/ozone/hdds-container-service/1.4.0-SNAPSHOT/hdds-container-service-1.4.0-SNAPSHOT.jar!/webapps/hddsDatanode}
2023-03-29 21:18:48,717 [ForkJoinPool.commonPool-worker-1] INFO  server.AbstractConnector (AbstractConnector.java:doStop(383)) - Stopped ServerConnector@55e3b419{HTTP/1.1, (http/1.1)}{0.0.0.0:0}
2023-03-29 21:18:48,717 [ForkJoinPool.commonPool-worker-1] INFO  server.session (HouseKeeper.java:stopScavenging(149)) - node0 Stopped scavenging
2023-03-29 21:18:48,719 [ForkJoinPool.commonPool-worker-1] INFO  handler.ContextHandler (ContextHandler.java:doStop(1159)) - Stopped o.e.j.s.ServletContextHandler@6a960073{static,/static,jar:file:/home/runner/.m2/repository/org/apache/ozone/hdds-container-service/1.4.0-SNAPSHOT/hdds-container-service-1.4.0-SNAPSHOT.jar!/webapps/static,STOPPED}
2023-03-29 21:18:48,720 [ForkJoinPool.commonPool-worker-1] INFO  handler.ContextHandler (ContextHandler.java:doStop(1159)) - Stopped o.e.j.s.ServletContextHandler@243e5488{logs,/logs,file:///home/runner/work/ozone/ozone/hadoop-ozone/integration-test/target/log,STOPPED}
2023-03-29 21:18:48,727 [ForkJoinPool.commonPool-worker-1] INFO  ozoneimpl.OzoneContainer (OzoneContainer.java:stop(419)) - Attempting to stop container services.
2023-03-29 21:18:48,730 [ForkJoinPool.commonPool-worker-1] INFO  server.RaftServer (RaftServerProxy.java:lambda$close$6(409)) - 07ed649d-abb7-49d9-8f25-6ee2674c4cb1: close
2023-03-29 21:18:48,730 [07ed649d-abb7-49d9-8f25-6ee2674c4cb1-impl-thread1] INFO  server.RaftServer$Division (RaftServerImpl.java:lambda$close$4(458)) - 07ed649d-abb7-49d9-8f25-6ee2674c4cb1@group-412071DB214B: shutdown
2023-03-29 21:18:48,730 [07ed649d-abb7-49d9-8f25-6ee2674c4cb1-impl-thread1] INFO  util.JmxRegister (JmxRegister.java:unregister(73)) - Successfully un-registered JMX Bean with object name Ratis:service=RaftServer,group=group-412071DB214B,id=07ed649d-abb7-49d9-8f25-6ee2674c4cb1
2023-03-29 21:18:48,730 [07ed649d-abb7-49d9-8f25-6ee2674c4cb1-impl-thread1] INFO  impl.RoleInfo (RoleInfo.java:shutdownFollowerState(110)) - 07ed649d-abb7-49d9-8f25-6ee2674c4cb1: shutdown 07ed649d-abb7-49d9-8f25-6ee2674c4cb1@group-412071DB214B-FollowerState
2023-03-29 21:18:48,730 [07ed649d-abb7-49d9-8f25-6ee2674c4cb1-impl-thread2] INFO  server.RaftServer$Division (RaftServerImpl.java:lambda$close$4(458)) - 07ed649d-abb7-49d9-8f25-6ee2674c4cb1@group-872CD173240F: shutdown
2023-03-29 21:18:48,730 [07ed649d-abb7-49d9-8f25-6ee2674c4cb1-impl-thread2] INFO  util.JmxRegister (JmxRegister.java:unregister(73)) - Successfully un-registered JMX Bean with object name Ratis:service=RaftServer,group=group-872CD173240F,id=07ed649d-abb7-49d9-8f25-6ee2674c4cb1
2023-03-29 21:18:48,730 [07ed649d-abb7-49d9-8f25-6ee2674c4cb1-impl-thread2] INFO  impl.RoleInfo (RoleInfo.java:shutdownLeaderState(93)) - 07ed649d-abb7-49d9-8f25-6ee2674c4cb1: shutdown 07ed649d-abb7-49d9-8f25-6ee2674c4cb1@group-872CD173240F-LeaderStateImpl
2023-03-29 21:18:48,730 [07ed649d-abb7-49d9-8f25-6ee2674c4cb1-impl-thread2] INFO  impl.PendingRequests (PendingRequests.java:sendNotLeaderResponses(282)) - 07ed649d-abb7-49d9-8f25-6ee2674c4cb1@group-872CD173240F-PendingRequests: sendNotLeaderResponses
2023-03-29 21:18:48,731 [07ed649d-abb7-49d9-8f25-6ee2674c4cb1@group-872CD173240F-StateMachineUpdater] INFO  ratis.ContainerStateMachine (ContainerStateMachine.java:takeSnapshot(330)) - group-872CD173240F: Taking a snapshot at:(t:1, i:0) file /home/runner/work/ozone/ozone/hadoop-ozone/integration-test/target/test-dir/MiniOzoneClusterImpl-81c774c4-8c24-4526-9b8e-41dc3c8fdf7d/datanode-2/data/ratis/de29d18c-2491-4a2d-88d2-872cd173240f/sm/snapshot.1_0
2023-03-29 21:18:48,731 [07ed649d-abb7-49d9-8f25-6ee2674c4cb1-impl-thread2] INFO  impl.StateMachineUpdater (StateMachineUpdater.java:stopAndJoin(153)) - 07ed649d-abb7-49d9-8f25-6ee2674c4cb1@group-872CD173240F-StateMachineUpdater: set stopIndex = 0
2023-03-29 21:18:48,731 [ForkJoinPool.commonPool-worker-1] INFO  server.GrpcService (GrpcService.java:closeImpl(271)) - 07ed649d-abb7-49d9-8f25-6ee2674c4cb1: shutdown server GrpcServerProtocolService now
2023-03-29 21:18:48,732 [07ed649d-abb7-49d9-8f25-6ee2674c4cb1-impl-thread3] INFO  server.RaftServer$Division (RaftServerImpl.java:lambda$close$4(458)) - 07ed649d-abb7-49d9-8f25-6ee2674c4cb1@group-EEEBF4493268: shutdown
2023-03-29 21:18:48,732 [07ed649d-abb7-49d9-8f25-6ee2674c4cb1-impl-thread3] INFO  util.JmxRegister (JmxRegister.java:unregister(73)) - Successfully un-registered JMX Bean with object name Ratis:service=RaftServer,group=group-EEEBF4493268,id=07ed649d-abb7-49d9-8f25-6ee2674c4cb1
2023-03-29 21:18:48,732 [07ed649d-abb7-49d9-8f25-6ee2674c4cb1-impl-thread3] INFO  impl.RoleInfo (RoleInfo.java:shutdownLeaderState(93)) - 07ed649d-abb7-49d9-8f25-6ee2674c4cb1: shutdown 07ed649d-abb7-49d9-8f25-6ee2674c4cb1@group-EEEBF4493268-LeaderStateImpl
2023-03-29 21:18:48,732 [07ed649d-abb7-49d9-8f25-6ee2674c4cb1@group-872CD173240F-StateMachineUpdater] INFO  ratis.ContainerStateMachine (ContainerStateMachine.java:takeSnapshot(341)) - group-872CD173240F: Finished taking a snapshot at:(t:1, i:0) file:/home/runner/work/ozone/ozone/hadoop-ozone/integration-test/target/test-dir/MiniOzoneClusterImpl-81c774c4-8c24-4526-9b8e-41dc3c8fdf7d/datanode-2/data/ratis/de29d18c-2491-4a2d-88d2-872cd173240f/sm/snapshot.1_0 took: 2 ms
2023-03-29 21:18:48,732 [07ed649d-abb7-49d9-8f25-6ee2674c4cb1@group-872CD173240F-StateMachineUpdater] INFO  impl.StateMachineUpdater (StateMachineUpdater.java:takeSnapshot(287)) - 07ed649d-abb7-49d9-8f25-6ee2674c4cb1@group-872CD173240F-StateMachineUpdater: Took a snapshot at index 0
2023-03-29 21:18:48,732 [07ed649d-abb7-49d9-8f25-6ee2674c4cb1@group-872CD173240F-StateMachineUpdater] INFO  impl.StateMachineUpdater (StateMachineUpdater.java:lambda$new$0(92)) - 07ed649d-abb7-49d9-8f25-6ee2674c4cb1@group-872CD173240F-StateMachineUpdater: snapshotIndex: updateIncreasingly -1 -> 0
2023-03-29 21:18:48,733 [07ed649d-abb7-49d9-8f25-6ee2674c4cb1-impl-thread2] INFO  server.RaftServer$Division (ServerState.java:close(466)) - 07ed649d-abb7-49d9-8f25-6ee2674c4cb1@group-872CD173240F: closes. applyIndex: 0
2023-03-29 21:18:48,734 [ForkJoinPool.commonPool-worker-1] INFO  server.GrpcServerProtocolClient (GrpcServerProtocolClient.java:close(101)) - 306f285f-d174-4f26-bb71-a6ae1f938ea0 Close channels
2023-03-29 21:18:48,734 [07ed649d-abb7-49d9-8f25-6ee2674c4cb1@group-412071DB214B-FollowerState] INFO  impl.FollowerState (FollowerState.java:run(152)) - 07ed649d-abb7-49d9-8f25-6ee2674c4cb1@group-412071DB214B-FollowerState was interrupted
2023-03-29 21:18:48,734 [07ed649d-abb7-49d9-8f25-6ee2674c4cb1-impl-thread1] INFO  impl.StateMachineUpdater (StateMachineUpdater.java:stopAndJoin(153)) - 07ed649d-abb7-49d9-8f25-6ee2674c4cb1@group-412071DB214B-StateMachineUpdater: set stopIndex = 0
2023-03-29 21:18:48,734 [07ed649d-abb7-49d9-8f25-6ee2674c4cb1@group-412071DB214B-StateMachineUpdater] INFO  ratis.ContainerStateMachine (ContainerStateMachine.java:takeSnapshot(330)) - group-412071DB214B: Taking a snapshot at:(t:1, i:0) file /home/runner/work/ozone/ozone/hadoop-ozone/integration-test/target/test-dir/MiniOzoneClusterImpl-81c774c4-8c24-4526-9b8e-41dc3c8fdf7d/datanode-2/data/ratis/2da4b6fb-de94-4e4b-bab0-412071db214b/sm/snapshot.1_0
2023-03-29 21:18:48,734 [07ed649d-abb7-49d9-8f25-6ee2674c4cb1@group-872CD173240F-SegmentedRaftLogWorker] INFO  segmented.SegmentedRaftLogWorker (SegmentedRaftLogWorker.java:run(347)) - 07ed649d-abb7-49d9-8f25-6ee2674c4cb1@group-872CD173240F-SegmentedRaftLogWorker was interrupted, exiting. There are 0 tasks remaining in the queue.
2023-03-29 21:18:48,735 [ForkJoinPool.commonPool-worker-1] INFO  server.GrpcServerProtocolClient (GrpcServerProtocolClient.java:close(101)) - dee73a76-5b7c-4518-85e5-022f097c94ce Close channels
2023-03-29 21:18:48,736 [ForkJoinPool.commonPool-worker-1] INFO  server.GrpcService (GrpcService.java:closeImpl(280)) - 07ed649d-abb7-49d9-8f25-6ee2674c4cb1: shutdown server GrpcServerProtocolService successfully
2023-03-29 21:18:48,736 [07ed649d-abb7-49d9-8f25-6ee2674c4cb1-NettyServerStreamRpc-bossGroup--thread1] INFO  logging.LoggingHandler (AbstractInternalLogger.java:log(148)) - [id: 0x802827d9, L:/0:0:0:0:0:0:0:0:41833] CLOSE
2023-03-29 21:18:48,736 [07ed649d-abb7-49d9-8f25-6ee2674c4cb1-NettyServerStreamRpc-bossGroup--thread1] INFO  logging.LoggingHandler (AbstractInternalLogger.java:log(148)) - [id: 0x802827d9, L:/0:0:0:0:0:0:0:0:41833] INACTIVE
2023-03-29 21:18:48,736 [07ed649d-abb7-49d9-8f25-6ee2674c4cb1-NettyServerStreamRpc-bossGroup--thread1] INFO  logging.LoggingHandler (AbstractInternalLogger.java:log(148)) - [id: 0x802827d9, L:/0:0:0:0:0:0:0:0:41833] UNREGISTERED
2023-03-29 21:18:48,738 [07ed649d-abb7-49d9-8f25-6ee2674c4cb1-impl-thread3] INFO  impl.PendingRequests (PendingRequests.java:sendNotLeaderResponses(282)) - 07ed649d-abb7-49d9-8f25-6ee2674c4cb1@group-EEEBF4493268-PendingRequests: sendNotLeaderResponses
2023-03-29 21:18:48,738 [07ed649d-abb7-49d9-8f25-6ee2674c4cb1-impl-thread3] INFO  impl.StateMachineUpdater (StateMachineUpdater.java:stopAndJoin(153)) - 07ed649d-abb7-49d9-8f25-6ee2674c4cb1@group-EEEBF4493268-StateMachineUpdater: set stopIndex = 0
2023-03-29 21:18:48,738 [07ed649d-abb7-49d9-8f25-6ee2674c4cb1@group-EEEBF4493268-StateMachineUpdater] INFO  ratis.ContainerStateMachine (ContainerStateMachine.java:takeSnapshot(330)) - group-EEEBF4493268: Taking a snapshot at:(t:1, i:0) file /home/runner/work/ozone/ozone/hadoop-ozone/integration-test/target/test-dir/MiniOzoneClusterImpl-81c774c4-8c24-4526-9b8e-41dc3c8fdf7d/datanode-2/data/ratis/f70a423f-fbe9-4e14-a9bf-eeebf4493268/sm/snapshot.1_0
2023-03-29 21:18:48,738 [07ed649d-abb7-49d9-8f25-6ee2674c4cb1@group-EEEBF4493268-StateMachineUpdater] INFO  ratis.ContainerStateMachine (ContainerStateMachine.java:takeSnapshot(341)) - group-EEEBF4493268: Finished taking a snapshot at:(t:1, i:0) file:/home/runner/work/ozone/ozone/hadoop-ozone/integration-test/target/test-dir/MiniOzoneClusterImpl-81c774c4-8c24-4526-9b8e-41dc3c8fdf7d/datanode-2/data/ratis/f70a423f-fbe9-4e14-a9bf-eeebf4493268/sm/snapshot.1_0 took: 0 ms
2023-03-29 21:18:48,739 [07ed649d-abb7-49d9-8f25-6ee2674c4cb1@group-EEEBF4493268-StateMachineUpdater] INFO  impl.StateMachineUpdater (StateMachineUpdater.java:takeSnapshot(287)) - 07ed649d-abb7-49d9-8f25-6ee2674c4cb1@group-EEEBF4493268-StateMachineUpdater: Took a snapshot at index 0
2023-03-29 21:18:48,739 [07ed649d-abb7-49d9-8f25-6ee2674c4cb1@group-EEEBF4493268-StateMachineUpdater] INFO  impl.StateMachineUpdater (StateMachineUpdater.java:lambda$new$0(92)) - 07ed649d-abb7-49d9-8f25-6ee2674c4cb1@group-EEEBF4493268-StateMachineUpdater: snapshotIndex: updateIncreasingly -1 -> 0
2023-03-29 21:18:48,739 [07ed649d-abb7-49d9-8f25-6ee2674c4cb1-impl-thread3] INFO  server.RaftServer$Division (ServerState.java:close(466)) - 07ed649d-abb7-49d9-8f25-6ee2674c4cb1@group-EEEBF4493268: closes. applyIndex: 0
2023-03-29 21:18:48,740 [07ed649d-abb7-49d9-8f25-6ee2674c4cb1@group-412071DB214B-StateMachineUpdater] INFO  ratis.ContainerStateMachine (ContainerStateMachine.java:takeSnapshot(341)) - group-412071DB214B: Finished taking a snapshot at:(t:1, i:0) file:/home/runner/work/ozone/ozone/hadoop-ozone/integration-test/target/test-dir/MiniOzoneClusterImpl-81c774c4-8c24-4526-9b8e-41dc3c8fdf7d/datanode-2/data/ratis/2da4b6fb-de94-4e4b-bab0-412071db214b/sm/snapshot.1_0 took: 6 ms
2023-03-29 21:18:48,740 [07ed649d-abb7-49d9-8f25-6ee2674c4cb1@group-EEEBF4493268->dee73a76-5b7c-4518-85e5-022f097c94ce-GrpcLogAppender-LogAppenderDaemon] ERROR leader.LogAppenderDaemon (LogAppenderDaemon.java:run(87)) - 07ed649d-abb7-49d9-8f25-6ee2674c4cb1@group-EEEBF4493268->dee73a76-5b7c-4518-85e5-022f097c94ce-GrpcLogAppender-LogAppenderDaemon failed
java.lang.IllegalArgumentException: 07ed649d-abb7-49d9-8f25-6ee2674c4cb1@group-EEEBF4493268-SegmentedRaftLog is expected to be opened but it is CLOSED
	at org.apache.ratis.util.OpenCloseState.assertOpen(OpenCloseState.java:63)
	at org.apache.ratis.server.raftlog.RaftLogBase.checkLogState(RaftLogBase.java:111)
	at org.apache.ratis.server.raftlog.segmented.SegmentedRaftLog.getLastEntryTermIndex(SegmentedRaftLog.java:340)
	at org.apache.ratis.server.raftlog.RaftLog.getNextIndex(RaftLog.java:83)
	at org.apache.ratis.server.leader.LogAppenderBase.newAppendEntriesRequest(LogAppenderBase.java:178)
	at org.apache.ratis.grpc.server.GrpcLogAppender.appendLog(GrpcLogAppender.java:271)
	at org.apache.ratis.grpc.server.GrpcLogAppender.run(GrpcLogAppender.java:168)
	at org.apache.ratis.server.leader.LogAppenderDaemon.run(LogAppenderDaemon.java:78)
	at java.lang.Thread.run(Thread.java:750)
Caused by: org.apache.ratis.util.OpenCloseState$CloseTrace: Close 07ed649d-abb7-49d9-8f25-6ee2674c4cb1@group-EEEBF4493268-SegmentedRaftLog
	at org.apache.ratis.util.OpenCloseState.lambda$close$1(OpenCloseState.java:109)
	at java.util.concurrent.atomic.AtomicReference.getAndUpdate(AtomicReference.java:160)
	at org.apache.ratis.util.OpenCloseState.close(OpenCloseState.java:109)
	at org.apache.ratis.server.raftlog.RaftLogBase.close(RaftLogBase.java:365)
	at org.apache.ratis.server.raftlog.segmented.SegmentedRaftLog.close(SegmentedRaftLog.java:506)
	at org.apache.ratis.server.impl.ServerState.close(ServerState.java:468)
	at org.apache.ratis.server.impl.RaftServerImpl.lambda$close$4(RaftServerImpl.java:480)
	at org.apache.ratis.util.LifeCycle.lambda$checkStateAndClose$4(LifeCycle.java:299)
	at org.apache.ratis.util.LifeCycle.checkStateAndClose(LifeCycle.java:319)
	at org.apache.ratis.util.LifeCycle.checkStateAndClose(LifeCycle.java:297)
	at org.apache.ratis.server.impl.RaftServerImpl.close(RaftServerImpl.java:457)
	at org.apache.ratis.server.impl.RaftServerProxy$ImplMap.close(RaftServerProxy.java:132)
	at org.apache.ratis.server.impl.RaftServerProxy$ImplMap.lambda$close$0(RaftServerProxy.java:119)
	at org.apache.ratis.util.ConcurrentUtils.accept(ConcurrentUtils.java:173)
	at org.apache.ratis.util.ConcurrentUtils.lambda$null$3(ConcurrentUtils.java:165)
	at java.util.concurrent.ThreadPoolExecutor.runWorker(ThreadPoolExecutor.java:1149)
	at java.util.concurrent.ThreadPoolExecutor$Worker.run(ThreadPoolExecutor.java:624)
	... 1 more
2023-03-29 21:18:48,741 [07ed649d-abb7-49d9-8f25-6ee2674c4cb1@group-EEEBF4493268-SegmentedRaftLogWorker] INFO  segmented.SegmentedRaftLogWorker (SegmentedRaftLogWorker.java:run(347)) - 07ed649d-abb7-49d9-8f25-6ee2674c4cb1@group-EEEBF4493268-SegmentedRaftLogWorker was interrupted, exiting. There are 0 tasks remaining in the queue.
2023-03-29 21:18:48,741 [07ed649d-abb7-49d9-8f25-6ee2674c4cb1-impl-thread2] INFO  segmented.SegmentedRaftLogWorker (SegmentedRaftLogWorker.java:close(257)) - 07ed649d-abb7-49d9-8f25-6ee2674c4cb1@group-872CD173240F-SegmentedRaftLogWorker close()
2023-03-29 21:18:48,740 [07ed649d-abb7-49d9-8f25-6ee2674c4cb1@group-412071DB214B-StateMachineUpdater] INFO  impl.StateMachineUpdater (StateMachineUpdater.java:takeSnapshot(287)) - 07ed649d-abb7-49d9-8f25-6ee2674c4cb1@group-412071DB214B-StateMachineUpdater: Took a snapshot at index 0
2023-03-29 21:18:48,741 [07ed649d-abb7-49d9-8f25-6ee2674c4cb1@group-412071DB214B-StateMachineUpdater] INFO  impl.StateMachineUpdater (StateMachineUpdater.java:lambda$new$0(92)) - 07ed649d-abb7-49d9-8f25-6ee2674c4cb1@group-412071DB214B-StateMachineUpdater: snapshotIndex: updateIncreasingly -1 -> 0
2023-03-29 21:18:48,743 [07ed649d-abb7-49d9-8f25-6ee2674c4cb1-impl-thread1] INFO  server.RaftServer$Division (ServerState.java:close(466)) - 07ed649d-abb7-49d9-8f25-6ee2674c4cb1@group-412071DB214B: closes. applyIndex: 0
2023-03-29 21:18:48,744 [07ed649d-abb7-49d9-8f25-6ee2674c4cb1-impl-thread3] INFO  segmented.SegmentedRaftLogWorker (SegmentedRaftLogWorker.java:close(257)) - 07ed649d-abb7-49d9-8f25-6ee2674c4cb1@group-EEEBF4493268-SegmentedRaftLogWorker close()
2023-03-29 21:18:48,744 [07ed649d-abb7-49d9-8f25-6ee2674c4cb1@group-412071DB214B-SegmentedRaftLogWorker] INFO  segmented.SegmentedRaftLogWorker (SegmentedRaftLogWorker.java:run(347)) - 07ed649d-abb7-49d9-8f25-6ee2674c4cb1@group-412071DB214B-SegmentedRaftLogWorker was interrupted, exiting. There are 0 tasks remaining in the queue.
2023-03-29 21:18:48,745 [07ed649d-abb7-49d9-8f25-6ee2674c4cb1-impl-thread1] INFO  segmented.SegmentedRaftLogWorker (SegmentedRaftLogWorker.java:close(257)) - 07ed649d-abb7-49d9-8f25-6ee2674c4cb1@group-412071DB214B-SegmentedRaftLogWorker close()
2023-03-29 21:18:48,746 [JvmPauseMonitor23] INFO  util.JvmPauseMonitor (JvmPauseMonitor.java:run(111)) - JvmPauseMonitor-07ed649d-abb7-49d9-8f25-6ee2674c4cb1: Stopped
2023-03-29 21:18:48,789 [Listener at 127.0.0.1/44447] INFO  volume.HddsVolume (HddsVolume.java:closeDbStore(437)) - SchemaV3 db is stopped at /home/runner/work/ozone/ozone/hadoop-ozone/integration-test/target/test-dir/MiniOzoneClusterImpl-81c774c4-8c24-4526-9b8e-41dc3c8fdf7d/datanode-1/data-0/containers/hdds/81c774c4-8c24-4526-9b8e-41dc3c8fdf7d/DS-83b675ed-aeaf-4893-b9fe-c4ca314d5146/container.db for volume DS-83b675ed-aeaf-4893-b9fe-c4ca314d5146
2023-03-29 21:18:48,789 [Listener at 127.0.0.1/44447] INFO  utils.BackgroundService (BackgroundService.java:shutdown(141)) - Shutting down service BlockDeletingService
2023-03-29 21:18:48,790 [Listener at 127.0.0.1/44447] INFO  utils.BackgroundService (BackgroundService.java:shutdown(141)) - Shutting down service StaleRecoveringContainerScrubbingService
2023-03-29 21:18:48,792 [Listener at 127.0.0.1/44447] INFO  statemachine.DatanodeStateMachine (DatanodeStateMachine.java:stopDaemon(601)) - Ozone container server stopped.
2023-03-29 21:18:48,800 [Listener at 127.0.0.1/44447] INFO  handler.ContextHandler (ContextHandler.java:doStop(1159)) - Stopped o.e.j.w.WebAppContext@4fee7173{hddsDatanode,/,null,STOPPED}{jar:file:/home/runner/.m2/repository/org/apache/ozone/hdds-container-service/1.4.0-SNAPSHOT/hdds-container-service-1.4.0-SNAPSHOT.jar!/webapps/hddsDatanode}
2023-03-29 21:18:48,803 [Listener at 127.0.0.1/44447] INFO  server.AbstractConnector (AbstractConnector.java:doStop(383)) - Stopped ServerConnector@27f583c9{HTTP/1.1, (http/1.1)}{0.0.0.0:0}
2023-03-29 21:18:48,803 [Listener at 127.0.0.1/44447] INFO  server.session (HouseKeeper.java:stopScavenging(149)) - node0 Stopped scavenging
2023-03-29 21:18:48,804 [Listener at 127.0.0.1/44447] INFO  handler.ContextHandler (ContextHandler.java:doStop(1159)) - Stopped o.e.j.s.ServletContextHandler@3657a64a{static,/static,jar:file:/home/runner/.m2/repository/org/apache/ozone/hdds-container-service/1.4.0-SNAPSHOT/hdds-container-service-1.4.0-SNAPSHOT.jar!/webapps/static,STOPPED}
2023-03-29 21:18:48,804 [Listener at 127.0.0.1/44447] INFO  handler.ContextHandler (ContextHandler.java:doStop(1159)) - Stopped o.e.j.s.ServletContextHandler@4a7fe277{logs,/logs,file:///home/runner/work/ozone/ozone/hadoop-ozone/integration-test/target/log,STOPPED}
2023-03-29 21:18:50,750 [ForkJoinPool.commonPool-worker-1] INFO  volume.HddsVolume (HddsVolume.java:closeDbStore(437)) - SchemaV3 db is stopped at /home/runner/work/ozone/ozone/hadoop-ozone/integration-test/target/test-dir/MiniOzoneClusterImpl-81c774c4-8c24-4526-9b8e-41dc3c8fdf7d/datanode-2/data-0/containers/hdds/81c774c4-8c24-4526-9b8e-41dc3c8fdf7d/DS-f35cb664-051f-41a8-bf78-c94032815c08/container.db for volume DS-f35cb664-051f-41a8-bf78-c94032815c08
2023-03-29 21:18:50,751 [ForkJoinPool.commonPool-worker-1] INFO  utils.BackgroundService (BackgroundService.java:shutdown(141)) - Shutting down service BlockDeletingService
2023-03-29 21:18:50,751 [ForkJoinPool.commonPool-worker-1] INFO  utils.BackgroundService (BackgroundService.java:shutdown(141)) - Shutting down service StaleRecoveringContainerScrubbingService
2023-03-29 21:18:50,752 [ForkJoinPool.commonPool-worker-1] INFO  statemachine.DatanodeStateMachine (DatanodeStateMachine.java:stopDaemon(601)) - Ozone container server stopped.
2023-03-29 21:18:50,761 [ForkJoinPool.commonPool-worker-1] INFO  handler.ContextHandler (ContextHandler.java:doStop(1159)) - Stopped o.e.j.w.WebAppContext@1b5eafdb{hddsDatanode,/,null,STOPPED}{jar:file:/home/runner/.m2/repository/org/apache/ozone/hdds-container-service/1.4.0-SNAPSHOT/hdds-container-service-1.4.0-SNAPSHOT.jar!/webapps/hddsDatanode}
2023-03-29 21:18:50,762 [ForkJoinPool.commonPool-worker-1] INFO  server.AbstractConnector (AbstractConnector.java:doStop(383)) - Stopped ServerConnector@475ec34f{HTTP/1.1, (http/1.1)}{0.0.0.0:0}
2023-03-29 21:18:50,763 [ForkJoinPool.commonPool-worker-1] INFO  server.session (HouseKeeper.java:stopScavenging(149)) - node0 Stopped scavenging
2023-03-29 21:18:50,764 [ForkJoinPool.commonPool-worker-1] INFO  handler.ContextHandler (ContextHandler.java:doStop(1159)) - Stopped o.e.j.s.ServletContextHandler@a38d565{static,/static,jar:file:/home/runner/.m2/repository/org/apache/ozone/hdds-container-service/1.4.0-SNAPSHOT/hdds-container-service-1.4.0-SNAPSHOT.jar!/webapps/static,STOPPED}
2023-03-29 21:18:50,764 [ForkJoinPool.commonPool-worker-1] INFO  handler.ContextHandler (ContextHandler.java:doStop(1159)) - Stopped o.e.j.s.ServletContextHandler@5cc3aa94{logs,/logs,file:///home/runner/work/ozone/ozone/hadoop-ozone/integration-test/target/log,STOPPED}
2023-03-29 21:18:50,766 [Listener at 127.0.0.1/44447] INFO  ozone.MiniOzoneClusterImpl (MiniOzoneClusterImpl.java:stopSCM(545)) - Stopping the StorageContainerManager
2023-03-29 21:18:50,767 [Listener at 127.0.0.1/44447] INFO  server.StorageContainerManager (StorageContainerManager.java:stop(1546)) - Container Balancer is not running.
2023-03-29 21:18:50,767 [Listener at 127.0.0.1/44447] INFO  server.StorageContainerManager (StorageContainerManager.java:stopReplicationManager(1660)) - Stopping Replication Manager Service.
2023-03-29 21:18:50,767 [Listener at 127.0.0.1/44447] INFO  replication.ReplicationManager (ReplicationManager.java:stop(310)) - Stopping Replication Monitor Thread.
2023-03-29 21:18:50,767 [Listener at 127.0.0.1/44447] INFO  server.StorageContainerManager (StorageContainerManager.java:stop(1555)) - Stopping the Datanode Admin Monitor.
2023-03-29 21:18:50,767 [Under Replicated Processor] WARN  replication.UnhealthyReplicationProcessor (UnhealthyReplicationProcessor.java:run(146)) - Under Replicated Processor interrupted. Exiting...
2023-03-29 21:18:50,767 [Over Replicated Processor] WARN  replication.UnhealthyReplicationProcessor (UnhealthyReplicationProcessor.java:run(146)) - Over Replicated Processor interrupted. Exiting...
2023-03-29 21:18:50,767 [ReplicationMonitor] INFO  replication.ReplicationManager (ReplicationManager.java:run(880)) - Replication Monitor Thread is stopped
2023-03-29 21:18:50,767 [Listener at 127.0.0.1/44447] INFO  server.StorageContainerManager (StorageContainerManager.java:stop(1562)) - Stopping datanode service RPC server
2023-03-29 21:18:50,767 [Listener at 127.0.0.1/44447] INFO  server.SCMDatanodeProtocolServer (SCMDatanodeProtocolServer.java:stop(424)) - Stopping the RPC server for DataNodes
2023-03-29 21:18:50,767 [Listener at 127.0.0.1/44447] INFO  ipc.Server (Server.java:stop(3428)) - Stopping server on 41797
2023-03-29 21:18:50,774 [IPC Server listener on 0] INFO  ipc.Server (Server.java:run(1384)) - Stopping IPC Server listener on 0
2023-03-29 21:18:50,774 [IPC Server Responder] INFO  ipc.Server (Server.java:run(1517)) - Stopping IPC Server Responder
2023-03-29 21:18:50,809 [SCM Heartbeat Processing Thread - 0] WARN  node.NodeStateManager (NodeStateManager.java:scheduleNextHealthCheck(870)) - Current Thread is interrupted, shutting down HB processing thread for Node Manager.
2023-03-29 21:18:50,809 [Listener at 127.0.0.1/44447] INFO  server.StorageContainerManager (StorageContainerManager.java:stop(1570)) - Stopping block service RPC server
2023-03-29 21:18:50,809 [Listener at 127.0.0.1/44447] INFO  server.SCMBlockProtocolServer (SCMBlockProtocolServer.java:stop(161)) - Stopping the RPC server for Block Protocol
2023-03-29 21:18:50,809 [Listener at 127.0.0.1/44447] INFO  ipc.Server (Server.java:stop(3428)) - Stopping server on 45691
2023-03-29 21:18:50,812 [IPC Server Responder] INFO  ipc.Server (Server.java:run(1517)) - Stopping IPC Server Responder
2023-03-29 21:18:50,812 [IPC Server listener on 0] INFO  ipc.Server (Server.java:run(1384)) - Stopping IPC Server listener on 0
2023-03-29 21:18:50,812 [Listener at 127.0.0.1/44447] INFO  server.StorageContainerManager (StorageContainerManager.java:stop(1577)) - Stopping the StorageContainerLocationProtocol RPC server
2023-03-29 21:18:50,812 [Listener at 127.0.0.1/44447] INFO  server.SCMClientProtocolServer (SCMClientProtocolServer.java:stop(206)) - Stopping the RPC server for Client Protocol
2023-03-29 21:18:50,812 [Listener at 127.0.0.1/44447] INFO  ipc.Server (Server.java:stop(3428)) - Stopping server on 39587
2023-03-29 21:18:50,814 [IPC Server listener on 0] INFO  ipc.Server (Server.java:run(1384)) - Stopping IPC Server listener on 0
2023-03-29 21:18:50,815 [IPC Server Responder] INFO  ipc.Server (Server.java:run(1517)) - Stopping IPC Server Responder
2023-03-29 21:18:50,815 [Listener at 127.0.0.1/44447] INFO  server.StorageContainerManager (StorageContainerManager.java:stop(1584)) - Stopping Storage Container Manager HTTP server.
2023-03-29 21:18:50,815 [Listener at 127.0.0.1/44447] INFO  handler.ContextHandler (ContextHandler.java:doStop(1159)) - Stopped o.e.j.w.WebAppContext@3fe8580b{scm,/,null,STOPPED}{file:/home/runner/work/ozone/ozone/hadoop-ozone/integration-test/target/test-classes/webapps/scm}
2023-03-29 21:18:50,817 [Listener at 127.0.0.1/44447] INFO  server.AbstractConnector (AbstractConnector.java:doStop(383)) - Stopped ServerConnector@704a23e{HTTP/1.1, (http/1.1)}{0.0.0.0:0}
2023-03-29 21:18:50,817 [Listener at 127.0.0.1/44447] INFO  server.session (HouseKeeper.java:stopScavenging(149)) - node0 Stopped scavenging
2023-03-29 21:18:50,819 [Listener at 127.0.0.1/44447] INFO  handler.ContextHandler (ContextHandler.java:doStop(1159)) - Stopped o.e.j.s.ServletContextHandler@791b35ba{static,/static,file:///home/runner/work/ozone/ozone/hadoop-ozone/integration-test/target/test-classes/webapps/static,STOPPED}
2023-03-29 21:18:50,820 [Listener at 127.0.0.1/44447] INFO  handler.ContextHandler (ContextHandler.java:doStop(1159)) - Stopped o.e.j.s.ServletContextHandler@140c53c9{logs,/logs,file:///home/runner/work/ozone/ozone/hadoop-ozone/integration-test/target/log,STOPPED}
2023-03-29 21:18:50,822 [Listener at 127.0.0.1/44447] INFO  server.StorageContainerManager (StorageContainerManager.java:stop(1592)) - Stopping SCM LayoutVersionManager Service.
2023-03-29 21:18:50,822 [Listener at 127.0.0.1/44447] INFO  server.StorageContainerManager (StorageContainerManager.java:stop(1600)) - Stopping Block Manager Service.
2023-03-29 21:18:50,822 [Listener at 127.0.0.1/44447] INFO  utils.BackgroundService (BackgroundService.java:shutdown(141)) - Shutting down service SCMBlockDeletingService
2023-03-29 21:18:50,822 [Listener at 127.0.0.1/44447] INFO  utils.BackgroundService (BackgroundService.java:shutdown(141)) - Shutting down service SCMBlockDeletingService
2023-03-29 21:18:50,822 [Listener at 127.0.0.1/44447] INFO  server.StorageContainerManager (StorageContainerManager.java:stop(1622)) - Stopping SCM Event Queue.
2023-03-29 21:18:50,824 [Listener at 127.0.0.1/44447] INFO  server.StorageContainerManager (StorageContainerManager.java:stop(1633)) - Stopping SCM HA services.
2023-03-29 21:18:50,824 [Listener at 127.0.0.1/44447] INFO  pipeline.BackgroundPipelineCreator (BackgroundPipelineCreator.java:stop(149)) - Stopping RatisPipelineUtilsThread.
2023-03-29 21:18:50,824 [RatisPipelineUtilsThread - 0] WARN  pipeline.BackgroundPipelineCreator (BackgroundPipelineCreator.java:run(180)) - RatisPipelineUtilsThread is interrupted.
2023-03-29 21:18:50,824 [Listener at 127.0.0.1/44447] INFO  BackgroundPipelineScrubber (BackgroundSCMService.java:stop(131)) - Stopping BackgroundPipelineScrubber Service.
2023-03-29 21:18:50,824 [BackgroundPipelineScrubberThread] WARN  BackgroundPipelineScrubber (BackgroundSCMService.java:run(115)) - BackgroundPipelineScrubber is interrupted, exit
2023-03-29 21:18:50,824 [Listener at 127.0.0.1/44447] INFO  impl.MetricsSystemImpl (MetricsSystemImpl.java:stop(210)) - Stopping HddsDatanode metrics system...
2023-03-29 21:18:50,830 [prometheus] INFO  impl.MetricsSinkAdapter (MetricsSinkAdapter.java:publishMetricsFromQueue(141)) - prometheus thread interrupted.
2023-03-29 21:18:50,830 [Listener at 127.0.0.1/44447] INFO  impl.MetricsSystemImpl (MetricsSystemImpl.java:stop(216)) - HddsDatanode metrics system stopped.
2023-03-29 21:18:50,831 [Listener at 127.0.0.1/44447] WARN  pipeline.BackgroundPipelineCreator (BackgroundPipelineCreator.java:stop(145)) - RatisPipelineUtilsThread is not running, just ignore.
2023-03-29 21:18:50,831 [Listener at 127.0.0.1/44447] INFO  BackgroundPipelineScrubber (BackgroundSCMService.java:stop(126)) - BackgroundPipelineScrubber Service is not running, skip stop.
2023-03-29 21:18:50,831 [Listener at 127.0.0.1/44447] INFO  ExpiredContainerReplicaOpScrubber (BackgroundSCMService.java:stop(131)) - Stopping ExpiredContainerReplicaOpScrubber Service.
2023-03-29 21:18:50,831 [Listener at 127.0.0.1/44447] INFO  utils.BackgroundService (BackgroundService.java:shutdown(141)) - Shutting down service SCMBlockDeletingService
2023-03-29 21:18:50,831 [ExpiredContainerReplicaOpScrubberThread] WARN  ExpiredContainerReplicaOpScrubber (BackgroundSCMService.java:run(115)) - ExpiredContainerReplicaOpScrubber is interrupted, exit
2023-03-29 21:18:50,831 [Listener at 127.0.0.1/44447] INFO  replication.ReplicationManager (ReplicationManager.java:stop(320)) - Replication Monitor Thread is not running.
2023-03-29 21:18:50,831 [Listener at 127.0.0.1/44447] WARN  balancer.ContainerBalancer (ContainerBalancer.java:stop(324)) - Cannot stop Container Balancer because it's not running or stopping
2023-03-29 21:18:50,831 [Listener at 127.0.0.1/44447] INFO  server.StorageContainerManager (StorageContainerManager.java:stop(1651)) - Stopping SCM MetadataStore.
]]></system-out>
  </testcase>
  <testcase name="testSCMInitializationFailure" classname="org.apache.hadoop.ozone.TestStorageContainerManager" time="0.028">
    <system-out><![CDATA[2023-03-29 21:18:50,872 [Time-limited test] WARN  server.ServerUtils (ServerUtils.java:getScmDbDir(148)) - ozone.scm.db.dirs is not configured. We recommend adding this setting. Falling back to ozone.metadata.dirs instead.
2023-03-29 21:18:50,872 [Time-limited test] INFO  ha.SCMHANodeDetails (SCMHANodeDetails.java:loadSCMHAConfig(209)) - ServiceID for StorageContainerManager is null
2023-03-29 21:18:50,872 [Time-limited test] INFO  ha.SCMHANodeDetails (SCMHANodeDetails.java:loadSCMHAConfig(214)) - ozone.scm.default.service.id is not defined, falling back to ozone.scm.service.ids to find serviceID for StorageContainerManager if it is HA enabled cluster
2023-03-29 21:18:50,872 [Time-limited test] ERROR server.StorageContainerManager (StorageContainerManager.java:<init>(357)) - Please make sure you have run 'ozone scm --init' command to generate all the required metadata to /home/runner/work/ozone/ozone/hadoop-ozone/integration-test/target/test-dir/9f4b30f4-4c64-4f51-bc4d-f6ea3a0cd6b2/scm-meta/scm or make sure you have run 'ozone scm --bootstrap' cmd to add the SCM to existing SCM HA group.
]]></system-out>
  </testcase>
  <testcase name="testSCMInitialization" classname="org.apache.hadoop.ozone.TestStorageContainerManager" time="6.108">
    <system-out><![CDATA[2023-03-29 21:18:50,889 [Time-limited test] WARN  server.ServerUtils (ServerUtils.java:getScmDbDir(148)) - ozone.scm.db.dirs is not configured. We recommend adding this setting. Falling back to ozone.metadata.dirs instead.
2023-03-29 21:18:50,890 [Time-limited test] INFO  ha.SCMHANodeDetails (SCMHANodeDetails.java:loadSCMHAConfig(209)) - ServiceID for StorageContainerManager is null
2023-03-29 21:18:50,890 [Time-limited test] INFO  ha.SCMHANodeDetails (SCMHANodeDetails.java:loadSCMHAConfig(214)) - ozone.scm.default.service.id is not defined, falling back to ozone.scm.service.ids to find serviceID for StorageContainerManager if it is HA enabled cluster
2023-03-29 21:18:50,899 [Time-limited test] INFO  server.RaftServer (ConfUtils.java:logGet(46)) - raft.rpc.type = GRPC (default)
2023-03-29 21:18:50,899 [Time-limited test] INFO  grpc.GrpcConfigKeys (ConfUtils.java:logFallback(53)) - raft.grpc.admin.host = null (fallback to raft.grpc.server.host)
2023-03-29 21:18:50,899 [Time-limited test] INFO  grpc.GrpcConfigKeys (ConfUtils.java:logFallback(53)) - raft.grpc.admin.port = 9894 (fallback to raft.grpc.server.port)
2023-03-29 21:18:50,899 [Time-limited test] INFO  grpc.GrpcConfigKeys (ConfUtils.java:logFallback(53)) - raft.grpc.client.host = null (fallback to raft.grpc.server.host)
2023-03-29 21:18:50,899 [Time-limited test] INFO  grpc.GrpcConfigKeys (ConfUtils.java:logFallback(53)) - raft.grpc.client.port = 9894 (fallback to raft.grpc.server.port)
2023-03-29 21:18:50,899 [Time-limited test] INFO  grpc.GrpcConfigKeys (ConfUtils.java:logGet(46)) - raft.grpc.server.host = null (default)
2023-03-29 21:18:50,899 [Time-limited test] INFO  grpc.GrpcConfigKeys (ConfUtils.java:logGet(46)) - raft.grpc.server.port = 9894 (custom)
2023-03-29 21:18:50,899 [Time-limited test] INFO  server.GrpcService (ConfUtils.java:logGet(46)) - raft.grpc.message.size.max = 32m (=33554432) (custom)
2023-03-29 21:18:50,899 [Time-limited test] INFO  server.RaftServerConfigKeys (ConfUtils.java:logGet(46)) - raft.server.log.appender.buffer.byte-limit = 33554432 (custom)
2023-03-29 21:18:50,899 [Time-limited test] INFO  server.GrpcService (ConfUtils.java:logGet(46)) - raft.grpc.flow.control.window = 1MB (=1048576) (default)
2023-03-29 21:18:50,899 [Time-limited test] INFO  server.RaftServerConfigKeys (ConfUtils.java:logGet(46)) - raft.server.rpc.request.timeout = 30000ms (custom)
2023-03-29 21:18:50,900 [Time-limited test] INFO  grpc.GrpcConfigKeys (ConfUtils.java:logGet(46)) - raft.grpc.server.heartbeat.channel = true (default)
2023-03-29 21:18:50,900 [Time-limited test] INFO  grpc.GrpcConfigKeys (ConfUtils.java:logGet(46)) - raft.grpc.server.async.request.thread.pool.cached = true (default)
2023-03-29 21:18:50,900 [Time-limited test] INFO  grpc.GrpcConfigKeys (ConfUtils.java:logGet(46)) - raft.grpc.server.async.request.thread.pool.size = 32 (default)
2023-03-29 21:18:50,901 [Time-limited test] INFO  impl.DataStreamServerImpl (ConfUtils.java:logGet(46)) - raft.datastream.type = DISABLED (default)
2023-03-29 21:18:50,901 [Time-limited test] INFO  server.RaftServerConfigKeys (ConfUtils.java:logGet(46)) - raft.server.threadpool.proxy.cached = true (default)
2023-03-29 21:18:50,901 [Time-limited test] INFO  server.RaftServerConfigKeys (ConfUtils.java:logGet(46)) - raft.server.threadpool.proxy.size = 0 (default)
2023-03-29 21:18:50,901 [Time-limited test] INFO  server.RaftServerConfigKeys (ConfUtils.java:logGet(46)) - raft.server.rpc.slowness.timeout = 120000ms (custom)
2023-03-29 21:18:50,901 [Time-limited test] INFO  server.RaftServerConfigKeys (ConfUtils.java:logGet(46)) - raft.server.leaderelection.leader.step-down.wait-time = 10s (default)
2023-03-29 21:18:50,901 [Time-limited test] INFO  server.RaftServerConfigKeys (ConfUtils.java:logGet(46)) - raft.server.storage.dir = [/home/runner/work/ozone/ozone/hadoop-ozone/integration-test/target/test-dir/710f692e-cf99-499a-8604-44306dfdc26a/scm-meta/scm-ha] (custom)
2023-03-29 21:18:50,902 [Time-limited test] INFO  server.RaftServer (RaftServerProxy.java:addNew(96)) - 49002c05-7bb9-47dd-b1bd-7ee98c55775a: addNew group-351B86EB7702:[49002c05-7bb9-47dd-b1bd-7ee98c55775a|rpc:fv-az308-773:9894|priority:0|startupRole:FOLLOWER] returns group-351B86EB7702:java.util.concurrent.CompletableFuture@87bb453[Not completed]
2023-03-29 21:18:50,905 [pool-967-thread-1] INFO  server.RaftServer$Division (RaftServerImpl.java:<init>(195)) - 49002c05-7bb9-47dd-b1bd-7ee98c55775a: new RaftServerImpl for group-351B86EB7702:[49002c05-7bb9-47dd-b1bd-7ee98c55775a|rpc:fv-az308-773:9894|priority:0|startupRole:FOLLOWER] with SCMStateMachine:uninitialized
2023-03-29 21:18:50,906 [pool-967-thread-1] INFO  server.RaftServerConfigKeys (ConfUtils.java:logGet(46)) - raft.server.rpc.timeout.min = 5000ms (custom)
2023-03-29 21:18:50,906 [pool-967-thread-1] INFO  server.RaftServerConfigKeys (ConfUtils.java:logGet(46)) - raft.server.rpc.timeout.max = 5200ms (custom)
2023-03-29 21:18:50,906 [pool-967-thread-1] INFO  server.RaftServerConfigKeys (ConfUtils.java:logGet(46)) - raft.server.rpc.sleep.time = 25ms (default)
2023-03-29 21:18:50,906 [pool-967-thread-1] INFO  server.RaftServerConfigKeys (ConfUtils.java:logGet(46)) - raft.server.rpc.slowness.timeout = 120000ms (custom)
2023-03-29 21:18:50,906 [pool-967-thread-1] INFO  server.RaftServerConfigKeys (ConfUtils.java:logGet(46)) - raft.server.leaderelection.leader.step-down.wait-time = 10s (default)
2023-03-29 21:18:50,906 [pool-967-thread-1] INFO  server.RaftServerConfigKeys (ConfUtils.java:logGet(46)) - raft.server.sleep.deviation.threshold = 300ms (default)
2023-03-29 21:18:50,906 [pool-967-thread-1] INFO  server.RaftServer$Division (ServerState.java:<init>(118)) - 49002c05-7bb9-47dd-b1bd-7ee98c55775a@group-351B86EB7702: ConfigurationManager, init=-1: peers:[49002c05-7bb9-47dd-b1bd-7ee98c55775a|rpc:fv-az308-773:9894|priority:0|startupRole:FOLLOWER]|listeners:[], old=null, confs=<EMPTY_MAP>
2023-03-29 21:18:50,906 [pool-967-thread-1] INFO  server.RaftServerConfigKeys (ConfUtils.java:logGet(46)) - raft.server.storage.dir = [/home/runner/work/ozone/ozone/hadoop-ozone/integration-test/target/test-dir/710f692e-cf99-499a-8604-44306dfdc26a/scm-meta/scm-ha] (custom)
2023-03-29 21:18:50,906 [pool-967-thread-1] INFO  server.RaftServerConfigKeys (ConfUtils.java:logGet(46)) - raft.server.log.corruption.policy = EXCEPTION (default)
2023-03-29 21:18:50,906 [pool-967-thread-1] INFO  server.RaftServerConfigKeys (ConfUtils.java:logGet(46)) - raft.server.storage.free-space.min = 0MB (=0) (default)
2023-03-29 21:18:50,906 [pool-967-thread-1] INFO  server.RaftServerConfigKeys (ConfUtils.java:logGet(46)) - raft.server.notification.no-leader.timeout = 60s (default)
2023-03-29 21:18:50,906 [pool-967-thread-1] INFO  server.RaftServerConfigKeys (ConfUtils.java:logGet(46)) - raft.server.retrycache.expirytime = 60000ms (default)
2023-03-29 21:18:50,906 [pool-967-thread-1] INFO  server.RaftServerConfigKeys (ConfUtils.java:logGet(46)) - raft.server.retrycache.statistics.expirytime = 100μs (default)
2023-03-29 21:18:50,906 [pool-967-thread-1] INFO  server.RaftServerConfigKeys (ConfUtils.java:logGet(46)) - raft.server.log.appender.install.snapshot.enabled = false (custom)
2023-03-29 21:18:50,906 [pool-967-thread-1] INFO  server.RaftServerConfigKeys (ConfUtils.java:logGet(46)) - raft.server.threadpool.server.cached = true (default)
2023-03-29 21:18:50,906 [pool-967-thread-1] INFO  server.RaftServerConfigKeys (ConfUtils.java:logGet(46)) - raft.server.threadpool.server.size = 0 (default)
2023-03-29 21:18:50,906 [pool-967-thread-1] INFO  server.RaftServerConfigKeys (ConfUtils.java:logGet(46)) - raft.server.threadpool.client.cached = true (default)
2023-03-29 21:18:50,906 [pool-967-thread-1] INFO  server.RaftServerConfigKeys (ConfUtils.java:logGet(46)) - raft.server.threadpool.client.size = 0 (default)
2023-03-29 21:18:50,907 [49002c05-7bb9-47dd-b1bd-7ee98c55775a-impl-thread1] INFO  storage.RaftStorageDirectory (RaftStorageDirectoryImpl.java:analyzeStorage(137)) - The storage directory /home/runner/work/ozone/ozone/hadoop-ozone/integration-test/target/test-dir/710f692e-cf99-499a-8604-44306dfdc26a/scm-meta/scm-ha/28b48e77-2265-4f1b-8e0f-351b86eb7702 does not exist. Creating ...
2023-03-29 21:18:50,908 [49002c05-7bb9-47dd-b1bd-7ee98c55775a-impl-thread1] INFO  storage.RaftStorageDirectory (RaftStorageDirectoryImpl.java:tryLock(231)) - Lock on /home/runner/work/ozone/ozone/hadoop-ozone/integration-test/target/test-dir/710f692e-cf99-499a-8604-44306dfdc26a/scm-meta/scm-ha/28b48e77-2265-4f1b-8e0f-351b86eb7702/in_use.lock acquired by nodename 46426@fv-az308-773
2023-03-29 21:18:50,911 [49002c05-7bb9-47dd-b1bd-7ee98c55775a-impl-thread1] INFO  storage.RaftStorage (RaftStorageImpl.java:format(96)) - Storage directory /home/runner/work/ozone/ozone/hadoop-ozone/integration-test/target/test-dir/710f692e-cf99-499a-8604-44306dfdc26a/scm-meta/scm-ha/28b48e77-2265-4f1b-8e0f-351b86eb7702 has been successfully formatted.
2023-03-29 21:18:50,911 [49002c05-7bb9-47dd-b1bd-7ee98c55775a-impl-thread1] INFO  server.RaftServerConfigKeys (ConfUtils.java:logGet(46)) - raft.server.log.use.memory = false (default)
2023-03-29 21:18:50,912 [49002c05-7bb9-47dd-b1bd-7ee98c55775a-impl-thread1] INFO  server.RaftServerConfigKeys (ConfUtils.java:logGet(46)) - raft.server.log.purge.gap = 1000000 (custom)
2023-03-29 21:18:50,912 [49002c05-7bb9-47dd-b1bd-7ee98c55775a-impl-thread1] INFO  server.RaftServerConfigKeys (ConfUtils.java:logGet(46)) - raft.server.log.appender.buffer.byte-limit = 33554432 (custom)
2023-03-29 21:18:50,912 [49002c05-7bb9-47dd-b1bd-7ee98c55775a-impl-thread1] INFO  server.RaftServerConfigKeys (ConfUtils.java:logGet(46)) - raft.server.log.statemachine.data.read.timeout = 1000ms (default)
2023-03-29 21:18:50,912 [49002c05-7bb9-47dd-b1bd-7ee98c55775a-impl-thread1] INFO  server.RaftServerConfigKeys (ConfUtils.java:logGet(46)) - raft.server.log.purge.preservation.log.num = 0 (default)
2023-03-29 21:18:50,912 [49002c05-7bb9-47dd-b1bd-7ee98c55775a-impl-thread1] INFO  server.RaftServerConfigKeys (ConfUtils.java:logGet(46)) - raft.server.log.segment.size.max = 4194304 (custom)
2023-03-29 21:18:50,912 [49002c05-7bb9-47dd-b1bd-7ee98c55775a-impl-thread1] INFO  server.RaftServerConfigKeys (ConfUtils.java:logGet(46)) - raft.server.log.segment.cache.num.max = 2 (custom)
2023-03-29 21:18:50,912 [49002c05-7bb9-47dd-b1bd-7ee98c55775a-impl-thread1] INFO  server.RaftServerConfigKeys (ConfUtils.java:logGet(46)) - raft.server.log.segment.cache.size.max = 200MB (=209715200) (default)
2023-03-29 21:18:50,912 [49002c05-7bb9-47dd-b1bd-7ee98c55775a-impl-thread1] INFO  segmented.SegmentedRaftLogWorker (SegmentedRaftLogWorker.java:<init>(189)) - new 49002c05-7bb9-47dd-b1bd-7ee98c55775a@group-351B86EB7702-SegmentedRaftLogWorker for RaftStorageImpl:Storage Directory /home/runner/work/ozone/ozone/hadoop-ozone/integration-test/target/test-dir/710f692e-cf99-499a-8604-44306dfdc26a/scm-meta/scm-ha/28b48e77-2265-4f1b-8e0f-351b86eb7702
2023-03-29 21:18:50,912 [49002c05-7bb9-47dd-b1bd-7ee98c55775a-impl-thread1] INFO  server.RaftServerConfigKeys (ConfUtils.java:logGet(46)) - raft.server.log.queue.byte-limit = 64MB (=67108864) (default)
2023-03-29 21:18:50,912 [49002c05-7bb9-47dd-b1bd-7ee98c55775a-impl-thread1] INFO  server.RaftServerConfigKeys (ConfUtils.java:logGet(46)) - raft.server.log.queue.element-limit = 4096 (default)
2023-03-29 21:18:50,912 [49002c05-7bb9-47dd-b1bd-7ee98c55775a-impl-thread1] INFO  server.RaftServerConfigKeys (ConfUtils.java:logGet(46)) - raft.server.log.segment.size.max = 4194304 (custom)
2023-03-29 21:18:50,912 [49002c05-7bb9-47dd-b1bd-7ee98c55775a-impl-thread1] INFO  server.RaftServerConfigKeys (ConfUtils.java:logGet(46)) - raft.server.log.preallocated.size = 4194304 (custom)
2023-03-29 21:18:50,912 [49002c05-7bb9-47dd-b1bd-7ee98c55775a-impl-thread1] INFO  server.RaftServerConfigKeys (ConfUtils.java:logGet(46)) - raft.server.log.force.sync.num = 128 (default)
2023-03-29 21:18:50,912 [49002c05-7bb9-47dd-b1bd-7ee98c55775a-impl-thread1] INFO  server.RaftServerConfigKeys (ConfUtils.java:logGet(46)) - raft.server.log.statemachine.data.sync = true (default)
2023-03-29 21:18:50,912 [49002c05-7bb9-47dd-b1bd-7ee98c55775a-impl-thread1] INFO  server.RaftServerConfigKeys (ConfUtils.java:logGet(46)) - raft.server.log.statemachine.data.sync.timeout = 10s (default)
2023-03-29 21:18:50,912 [49002c05-7bb9-47dd-b1bd-7ee98c55775a-impl-thread1] INFO  server.RaftServerConfigKeys (ConfUtils.java:logGet(46)) - raft.server.log.statemachine.data.sync.timeout.retry = -1 (default)
2023-03-29 21:18:50,912 [49002c05-7bb9-47dd-b1bd-7ee98c55775a-impl-thread1] INFO  server.RaftServerConfigKeys (ConfUtils.java:logGet(46)) - raft.server.log.write.buffer.size = 64KB (=65536) (default)
2023-03-29 21:18:50,912 [49002c05-7bb9-47dd-b1bd-7ee98c55775a-impl-thread1] INFO  server.RaftServerConfigKeys (ConfUtils.java:logGet(46)) - raft.server.log.appender.buffer.byte-limit = 33554432 (custom)
2023-03-29 21:18:50,917 [49002c05-7bb9-47dd-b1bd-7ee98c55775a-impl-thread1] INFO  server.RaftServerConfigKeys (ConfUtils.java:logGet(46)) - raft.server.log.unsafe-flush.enabled = false (default)
2023-03-29 21:18:50,919 [49002c05-7bb9-47dd-b1bd-7ee98c55775a-impl-thread1] INFO  server.RaftServerConfigKeys (ConfUtils.java:logGet(46)) - raft.server.log.async-flush.enabled = false (default)
2023-03-29 21:18:50,919 [49002c05-7bb9-47dd-b1bd-7ee98c55775a-impl-thread1] INFO  server.RaftServerConfigKeys (ConfUtils.java:logGet(46)) - raft.server.log.statemachine.data.caching.enabled = false (default)
2023-03-29 21:18:50,919 [49002c05-7bb9-47dd-b1bd-7ee98c55775a-impl-thread1] INFO  segmented.SegmentedRaftLogWorker (SegmentedRaftLogWorker.java:lambda$new$0(135)) - 49002c05-7bb9-47dd-b1bd-7ee98c55775a@group-351B86EB7702-SegmentedRaftLogWorker: flushIndex: setUnconditionally 0 -> -1
2023-03-29 21:18:50,919 [49002c05-7bb9-47dd-b1bd-7ee98c55775a-impl-thread1] INFO  segmented.SegmentedRaftLogWorker (SegmentedRaftLogWorker.java:lambda$new$0(135)) - 49002c05-7bb9-47dd-b1bd-7ee98c55775a@group-351B86EB7702-SegmentedRaftLogWorker: safeCacheEvictIndex: setUnconditionally 0 -> -1
2023-03-29 21:18:50,920 [49002c05-7bb9-47dd-b1bd-7ee98c55775a-impl-thread1] INFO  server.RaftServer$Division (RaftServerImpl.java:start(334)) - 49002c05-7bb9-47dd-b1bd-7ee98c55775a@group-351B86EB7702: start as a follower, conf=-1: peers:[49002c05-7bb9-47dd-b1bd-7ee98c55775a|rpc:fv-az308-773:9894|priority:0|startupRole:FOLLOWER]|listeners:[], old=null
2023-03-29 21:18:50,920 [49002c05-7bb9-47dd-b1bd-7ee98c55775a-impl-thread1] INFO  server.RaftServer$Division (RaftServerImpl.java:setRole(321)) - 49002c05-7bb9-47dd-b1bd-7ee98c55775a@group-351B86EB7702: changes role from      null to FOLLOWER at term 0 for startAsFollower
2023-03-29 21:18:50,920 [49002c05-7bb9-47dd-b1bd-7ee98c55775a-impl-thread1] INFO  impl.RoleInfo (RoleInfo.java:updateAndGet(139)) - 49002c05-7bb9-47dd-b1bd-7ee98c55775a: start 49002c05-7bb9-47dd-b1bd-7ee98c55775a@group-351B86EB7702-FollowerState
2023-03-29 21:18:50,923 [49002c05-7bb9-47dd-b1bd-7ee98c55775a@group-351B86EB7702-FollowerState] INFO  server.RaftServerConfigKeys (ConfUtils.java:logFallback(53)) - raft.server.rpc.first-election.timeout.min = 5000ms (fallback to raft.server.rpc.timeout.min)
2023-03-29 21:18:50,923 [49002c05-7bb9-47dd-b1bd-7ee98c55775a-impl-thread1] INFO  util.JmxRegister (JmxRegister.java:tryRegister(44)) - Successfully registered JMX Bean with object name Ratis:service=RaftServer,group=group-351B86EB7702,id=49002c05-7bb9-47dd-b1bd-7ee98c55775a
2023-03-29 21:18:50,923 [49002c05-7bb9-47dd-b1bd-7ee98c55775a@group-351B86EB7702-FollowerState] INFO  server.RaftServerConfigKeys (ConfUtils.java:logFallback(53)) - raft.server.rpc.first-election.timeout.max = 5200ms (fallback to raft.server.rpc.timeout.max)
2023-03-29 21:18:50,923 [49002c05-7bb9-47dd-b1bd-7ee98c55775a-impl-thread1] INFO  server.RaftServerConfigKeys (ConfUtils.java:logGet(46)) - raft.server.snapshot.auto.trigger.enabled = true (custom)
2023-03-29 21:18:50,924 [49002c05-7bb9-47dd-b1bd-7ee98c55775a-impl-thread1] INFO  server.RaftServerConfigKeys (ConfUtils.java:logGet(46)) - raft.server.snapshot.auto.trigger.threshold = 1000 (custom)
2023-03-29 21:18:50,924 [49002c05-7bb9-47dd-b1bd-7ee98c55775a-impl-thread1] INFO  server.RaftServerConfigKeys (ConfUtils.java:logGet(46)) - raft.server.snapshot.retention.file.num = -1 (default)
2023-03-29 21:18:50,924 [49002c05-7bb9-47dd-b1bd-7ee98c55775a-impl-thread1] INFO  server.RaftServerConfigKeys (ConfUtils.java:logGet(46)) - raft.server.log.purge.upto.snapshot.index = false (default)
2023-03-29 21:18:50,924 [Time-limited test] INFO  server.RaftServer (RaftServerProxy.java:startImpl(393)) - 49002c05-7bb9-47dd-b1bd-7ee98c55775a: start RPC server
2023-03-29 21:18:50,926 [Time-limited test] INFO  server.GrpcService (GrpcService.java:startImpl(262)) - 49002c05-7bb9-47dd-b1bd-7ee98c55775a: GrpcService started, listening on 9894
2023-03-29 21:18:50,929 [JvmPauseMonitor24] INFO  util.JvmPauseMonitor (JvmPauseMonitor.java:run(105)) - JvmPauseMonitor-49002c05-7bb9-47dd-b1bd-7ee98c55775a: Started
2023-03-29 21:18:56,085 [49002c05-7bb9-47dd-b1bd-7ee98c55775a@group-351B86EB7702-FollowerState] INFO  impl.FollowerState (FollowerState.java:run(143)) - 49002c05-7bb9-47dd-b1bd-7ee98c55775a@group-351B86EB7702-FollowerState: change to CANDIDATE, lastRpcElapsedTime:5164152744ns, electionTimeout:5161ms
2023-03-29 21:18:56,085 [49002c05-7bb9-47dd-b1bd-7ee98c55775a@group-351B86EB7702-FollowerState] INFO  impl.RoleInfo (RoleInfo.java:shutdownFollowerState(110)) - 49002c05-7bb9-47dd-b1bd-7ee98c55775a: shutdown 49002c05-7bb9-47dd-b1bd-7ee98c55775a@group-351B86EB7702-FollowerState
2023-03-29 21:18:56,085 [49002c05-7bb9-47dd-b1bd-7ee98c55775a@group-351B86EB7702-FollowerState] INFO  server.RaftServer$Division (RaftServerImpl.java:setRole(321)) - 49002c05-7bb9-47dd-b1bd-7ee98c55775a@group-351B86EB7702: changes role from  FOLLOWER to CANDIDATE at term 0 for changeToCandidate
2023-03-29 21:18:56,085 [49002c05-7bb9-47dd-b1bd-7ee98c55775a@group-351B86EB7702-FollowerState] INFO  server.RaftServerConfigKeys (ConfUtils.java:logGet(46)) - raft.server.leaderelection.pre-vote = true (default)
2023-03-29 21:18:56,085 [49002c05-7bb9-47dd-b1bd-7ee98c55775a@group-351B86EB7702-FollowerState] INFO  impl.RoleInfo (RoleInfo.java:updateAndGet(139)) - 49002c05-7bb9-47dd-b1bd-7ee98c55775a: start 49002c05-7bb9-47dd-b1bd-7ee98c55775a@group-351B86EB7702-LeaderElection43
2023-03-29 21:18:56,086 [49002c05-7bb9-47dd-b1bd-7ee98c55775a@group-351B86EB7702-LeaderElection43] INFO  impl.LeaderElection (LeaderElection.java:askForVotes(312)) - 49002c05-7bb9-47dd-b1bd-7ee98c55775a@group-351B86EB7702-LeaderElection43 PRE_VOTE round 0: submit vote requests at term 0 for -1: peers:[49002c05-7bb9-47dd-b1bd-7ee98c55775a|rpc:fv-az308-773:9894|priority:0|startupRole:FOLLOWER]|listeners:[], old=null
2023-03-29 21:18:56,086 [49002c05-7bb9-47dd-b1bd-7ee98c55775a@group-351B86EB7702-LeaderElection43] INFO  impl.LeaderElection (LeaderElection.java:askForVotes(314)) - 49002c05-7bb9-47dd-b1bd-7ee98c55775a@group-351B86EB7702-LeaderElection43 PRE_VOTE round 0: result PASSED (term=0)
2023-03-29 21:18:56,087 [49002c05-7bb9-47dd-b1bd-7ee98c55775a@group-351B86EB7702-LeaderElection43] INFO  impl.LeaderElection (LeaderElection.java:askForVotes(312)) - 49002c05-7bb9-47dd-b1bd-7ee98c55775a@group-351B86EB7702-LeaderElection43 ELECTION round 0: submit vote requests at term 1 for -1: peers:[49002c05-7bb9-47dd-b1bd-7ee98c55775a|rpc:fv-az308-773:9894|priority:0|startupRole:FOLLOWER]|listeners:[], old=null
2023-03-29 21:18:56,087 [49002c05-7bb9-47dd-b1bd-7ee98c55775a@group-351B86EB7702-LeaderElection43] INFO  impl.LeaderElection (LeaderElection.java:askForVotes(314)) - 49002c05-7bb9-47dd-b1bd-7ee98c55775a@group-351B86EB7702-LeaderElection43 ELECTION round 0: result PASSED (term=1)
2023-03-29 21:18:56,087 [49002c05-7bb9-47dd-b1bd-7ee98c55775a@group-351B86EB7702-LeaderElection43] INFO  impl.RoleInfo (RoleInfo.java:shutdownLeaderElection(130)) - 49002c05-7bb9-47dd-b1bd-7ee98c55775a: shutdown 49002c05-7bb9-47dd-b1bd-7ee98c55775a@group-351B86EB7702-LeaderElection43
2023-03-29 21:18:56,087 [49002c05-7bb9-47dd-b1bd-7ee98c55775a@group-351B86EB7702-LeaderElection43] INFO  server.RaftServer$Division (RaftServerImpl.java:setRole(321)) - 49002c05-7bb9-47dd-b1bd-7ee98c55775a@group-351B86EB7702: changes role from CANDIDATE to LEADER at term 1 for changeToLeader
2023-03-29 21:18:56,087 [49002c05-7bb9-47dd-b1bd-7ee98c55775a@group-351B86EB7702-LeaderElection43] INFO  server.RaftServer$Division (ServerState.java:setLeader(313)) - 49002c05-7bb9-47dd-b1bd-7ee98c55775a@group-351B86EB7702: change Leader from null to 49002c05-7bb9-47dd-b1bd-7ee98c55775a at term 1 for becomeLeader, leader elected after 5181ms
2023-03-29 21:18:56,087 [49002c05-7bb9-47dd-b1bd-7ee98c55775a@group-351B86EB7702-LeaderElection43] INFO  server.RaftServerConfigKeys (ConfUtils.java:logGet(46)) - raft.server.staging.catchup.gap = 1000 (default)
2023-03-29 21:18:56,087 [49002c05-7bb9-47dd-b1bd-7ee98c55775a@group-351B86EB7702-LeaderElection43] INFO  server.RaftServerConfigKeys (ConfUtils.java:logGet(46)) - raft.server.write.element-limit = 4096 (default)
2023-03-29 21:18:56,088 [49002c05-7bb9-47dd-b1bd-7ee98c55775a@group-351B86EB7702-LeaderElection43] INFO  server.RaftServerConfigKeys (ConfUtils.java:logGet(46)) - raft.server.write.byte-limit = 64MB (=67108864) (default)
2023-03-29 21:18:56,088 [49002c05-7bb9-47dd-b1bd-7ee98c55775a@group-351B86EB7702-LeaderElection43] INFO  server.RaftServerConfigKeys (ConfUtils.java:logGet(46)) - raft.server.watch.timeout = 10s (default)
2023-03-29 21:18:56,088 [49002c05-7bb9-47dd-b1bd-7ee98c55775a@group-351B86EB7702-LeaderElection43] INFO  server.RaftServerConfigKeys (ConfUtils.java:logGet(46)) - raft.server.watch.timeout.denomination = 1s (default)
2023-03-29 21:18:56,088 [49002c05-7bb9-47dd-b1bd-7ee98c55775a@group-351B86EB7702-LeaderElection43] INFO  server.RaftServerConfigKeys (ConfUtils.java:logGet(46)) - raft.server.watch.element-limit = 65536 (default)
2023-03-29 21:18:56,088 [49002c05-7bb9-47dd-b1bd-7ee98c55775a@group-351B86EB7702-LeaderElection43] INFO  server.RaftServerConfigKeys (ConfUtils.java:logGet(46)) - raft.server.write.element-limit = 4096 (default)
2023-03-29 21:18:56,088 [49002c05-7bb9-47dd-b1bd-7ee98c55775a@group-351B86EB7702-LeaderElection43] INFO  server.RaftServerConfigKeys (ConfUtils.java:logGet(46)) - raft.server.write.follower.gap.ratio.max = -1.0 (default)
2023-03-29 21:18:56,088 [49002c05-7bb9-47dd-b1bd-7ee98c55775a@group-351B86EB7702-LeaderElection43] INFO  impl.RoleInfo (RoleInfo.java:updateAndGet(139)) - 49002c05-7bb9-47dd-b1bd-7ee98c55775a: start 49002c05-7bb9-47dd-b1bd-7ee98c55775a@group-351B86EB7702-LeaderStateImpl
2023-03-29 21:18:56,088 [49002c05-7bb9-47dd-b1bd-7ee98c55775a@group-351B86EB7702-LeaderElection43] INFO  segmented.SegmentedRaftLogWorker (SegmentedRaftLogWorker.java:startLogSegment(452)) - 49002c05-7bb9-47dd-b1bd-7ee98c55775a@group-351B86EB7702-SegmentedRaftLogWorker: Starting segment from index:0
2023-03-29 21:18:56,089 [49002c05-7bb9-47dd-b1bd-7ee98c55775a@group-351B86EB7702-LeaderElection43] INFO  server.RaftServer$Division (ServerState.java:setRaftConf(430)) - 49002c05-7bb9-47dd-b1bd-7ee98c55775a@group-351B86EB7702: set configuration 0: peers:[49002c05-7bb9-47dd-b1bd-7ee98c55775a|rpc:fv-az308-773:9894|admin:|client:|dataStream:|priority:0|startupRole:FOLLOWER]|listeners:[], old=null
2023-03-29 21:18:56,100 [49002c05-7bb9-47dd-b1bd-7ee98c55775a@group-351B86EB7702-SegmentedRaftLogWorker] INFO  segmented.SegmentedRaftLogWorker (SegmentedRaftLogWorker.java:execute(656)) - 49002c05-7bb9-47dd-b1bd-7ee98c55775a@group-351B86EB7702-SegmentedRaftLogWorker: created new log segment /home/runner/work/ozone/ozone/hadoop-ozone/integration-test/target/test-dir/710f692e-cf99-499a-8604-44306dfdc26a/scm-meta/scm-ha/28b48e77-2265-4f1b-8e0f-351b86eb7702/current/log_inprogress_0
2023-03-29 21:18:56,930 [Time-limited test] INFO  server.RaftServer (RaftServerProxy.java:lambda$close$6(409)) - 49002c05-7bb9-47dd-b1bd-7ee98c55775a: close
2023-03-29 21:18:56,930 [Time-limited test] INFO  server.GrpcService (GrpcService.java:closeImpl(271)) - 49002c05-7bb9-47dd-b1bd-7ee98c55775a: shutdown server GrpcServerProtocolService now
2023-03-29 21:18:56,930 [49002c05-7bb9-47dd-b1bd-7ee98c55775a-impl-thread1] INFO  server.RaftServer$Division (RaftServerImpl.java:lambda$close$4(458)) - 49002c05-7bb9-47dd-b1bd-7ee98c55775a@group-351B86EB7702: shutdown
2023-03-29 21:18:56,931 [49002c05-7bb9-47dd-b1bd-7ee98c55775a-impl-thread1] INFO  util.JmxRegister (JmxRegister.java:unregister(73)) - Successfully un-registered JMX Bean with object name Ratis:service=RaftServer,group=group-351B86EB7702,id=49002c05-7bb9-47dd-b1bd-7ee98c55775a
2023-03-29 21:18:56,931 [49002c05-7bb9-47dd-b1bd-7ee98c55775a-impl-thread1] INFO  impl.RoleInfo (RoleInfo.java:shutdownLeaderState(93)) - 49002c05-7bb9-47dd-b1bd-7ee98c55775a: shutdown 49002c05-7bb9-47dd-b1bd-7ee98c55775a@group-351B86EB7702-LeaderStateImpl
2023-03-29 21:18:56,931 [49002c05-7bb9-47dd-b1bd-7ee98c55775a-impl-thread1] INFO  impl.PendingRequests (PendingRequests.java:sendNotLeaderResponses(282)) - 49002c05-7bb9-47dd-b1bd-7ee98c55775a@group-351B86EB7702-PendingRequests: sendNotLeaderResponses
2023-03-29 21:18:56,931 [49002c05-7bb9-47dd-b1bd-7ee98c55775a-impl-thread1] INFO  impl.StateMachineUpdater (StateMachineUpdater.java:stopAndJoin(153)) - 49002c05-7bb9-47dd-b1bd-7ee98c55775a@group-351B86EB7702-StateMachineUpdater: set stopIndex = 0
2023-03-29 21:18:56,931 [Time-limited test] INFO  server.GrpcService (GrpcService.java:closeImpl(280)) - 49002c05-7bb9-47dd-b1bd-7ee98c55775a: shutdown server GrpcServerProtocolService successfully
2023-03-29 21:18:56,931 [49002c05-7bb9-47dd-b1bd-7ee98c55775a@group-351B86EB7702-StateMachineUpdater] INFO  impl.StateMachineUpdater (StateMachineUpdater.java:takeSnapshot(287)) - 49002c05-7bb9-47dd-b1bd-7ee98c55775a@group-351B86EB7702-StateMachineUpdater: Took a snapshot at index 0
2023-03-29 21:18:56,932 [49002c05-7bb9-47dd-b1bd-7ee98c55775a@group-351B86EB7702-StateMachineUpdater] INFO  impl.StateMachineUpdater (StateMachineUpdater.java:lambda$new$0(92)) - 49002c05-7bb9-47dd-b1bd-7ee98c55775a@group-351B86EB7702-StateMachineUpdater: snapshotIndex: updateIncreasingly -1 -> 0
2023-03-29 21:18:56,932 [49002c05-7bb9-47dd-b1bd-7ee98c55775a-impl-thread1] INFO  server.RaftServer$Division (ServerState.java:close(466)) - 49002c05-7bb9-47dd-b1bd-7ee98c55775a@group-351B86EB7702: closes. applyIndex: 0
2023-03-29 21:18:56,932 [49002c05-7bb9-47dd-b1bd-7ee98c55775a@group-351B86EB7702-SegmentedRaftLogWorker] INFO  segmented.SegmentedRaftLogWorker (SegmentedRaftLogWorker.java:run(347)) - 49002c05-7bb9-47dd-b1bd-7ee98c55775a@group-351B86EB7702-SegmentedRaftLogWorker was interrupted, exiting. There are 0 tasks remaining in the queue.
2023-03-29 21:18:56,934 [49002c05-7bb9-47dd-b1bd-7ee98c55775a-impl-thread1] INFO  segmented.SegmentedRaftLogWorker (SegmentedRaftLogWorker.java:close(257)) - 49002c05-7bb9-47dd-b1bd-7ee98c55775a@group-351B86EB7702-SegmentedRaftLogWorker close()
2023-03-29 21:18:56,934 [JvmPauseMonitor24] INFO  util.JvmPauseMonitor (JvmPauseMonitor.java:run(111)) - JvmPauseMonitor-49002c05-7bb9-47dd-b1bd-7ee98c55775a: Stopped
2023-03-29 21:18:56,934 [Time-limited test] WARN  server.ServerUtils (ServerUtils.java:getScmDbDir(148)) - ozone.scm.db.dirs is not configured. We recommend adding this setting. Falling back to ozone.metadata.dirs instead.
2023-03-29 21:18:56,935 [Time-limited test] INFO  server.StorageContainerManager (StorageContainerManager.java:scmInit(1256)) - SCM initialization succeeded. Current cluster id for sd=/home/runner/work/ozone/ozone/hadoop-ozone/integration-test/target/test-dir/710f692e-cf99-499a-8604-44306dfdc26a/scm-meta/scm; cid=28b48e77-2265-4f1b-8e0f-351b86eb7702; layoutVersion=4; scmId=49002c05-7bb9-47dd-b1bd-7ee98c55775a
2023-03-29 21:18:56,935 [Time-limited test] WARN  server.ServerUtils (ServerUtils.java:getScmDbDir(148)) - ozone.scm.db.dirs is not configured. We recommend adding this setting. Falling back to ozone.metadata.dirs instead.
2023-03-29 21:18:56,935 [Time-limited test] WARN  server.ServerUtils (ServerUtils.java:getScmDbDir(148)) - ozone.scm.db.dirs is not configured. We recommend adding this setting. Falling back to ozone.metadata.dirs instead.
2023-03-29 21:18:56,936 [Time-limited test] INFO  ha.SCMHANodeDetails (SCMHANodeDetails.java:loadSCMHAConfig(209)) - ServiceID for StorageContainerManager is null
2023-03-29 21:18:56,936 [Time-limited test] INFO  ha.SCMHANodeDetails (SCMHANodeDetails.java:loadSCMHAConfig(214)) - ozone.scm.default.service.id is not defined, falling back to ozone.scm.service.ids to find serviceID for StorageContainerManager if it is HA enabled cluster
2023-03-29 21:18:56,936 [Time-limited test] INFO  upgrade.AbstractLayoutVersionManager (AbstractLayoutVersionManager.java:init(83)) - Initializing Layout version manager with metadata layout = DATANODE_SCHEMA_V3 (version = 4), software layout = DATANODE_SCHEMA_V3 (version = 4)
2023-03-29 21:18:56,981 [Time-limited test] INFO  reflections.Reflections (Reflections.java:scan(232)) - Reflections took 44 ms to scan 7 urls, producing 155 keys and 368 values 
2023-03-29 21:18:56,982 [Time-limited test] INFO  server.StorageContainerManager (StorageContainerManager.java:scmInit(1288)) - SCM already initialized. Reusing existing cluster id for sd=/home/runner/work/ozone/ozone/hadoop-ozone/integration-test/target/test-dir/710f692e-cf99-499a-8604-44306dfdc26a/scm-meta/scm;cid=28b48e77-2265-4f1b-8e0f-351b86eb7702; layoutVersion=4; HAEnabled=true
]]></system-out>
  </testcase>
  <testcase name="testContainerReportQueueTakingMoreTime" classname="org.apache.hadoop.ozone.TestStorageContainerManager" time="3.005">
    <system-out><![CDATA[2023-03-29 21:18:57,989 [FixedThreadPoolWithAffinityExecutor-0-0] WARN  events.FixedThreadPoolWithAffinityExecutor (FixedThreadPoolWithAffinityExecutor.java:run(283)) - Event taken long execution time 1001 millisec, 17e088f4-ee34-4169-894f-ce9f0d51ad65(null/null), {type: FCR, size: 0}
2023-03-29 21:18:57,989 [FixedThreadPoolWithAffinityExecutor-0-0] WARN  events.FixedThreadPoolWithAffinityExecutor (FixedThreadPoolWithAffinityExecutor.java:run(270)) - Event remained in queue for long time 1002 millisec, 26f07f1d-5cd8-4fd7-b870-fc4500e0159b(null/null), {type: FCR, size: 0}
2023-03-29 21:18:58,990 [FixedThreadPoolWithAffinityExecutor-0-0] WARN  events.FixedThreadPoolWithAffinityExecutor (FixedThreadPoolWithAffinityExecutor.java:run(283)) - Event taken long execution time 2002 millisec, 26f07f1d-5cd8-4fd7-b870-fc4500e0159b(null/null), {type: FCR, size: 0}
]]></system-out>
  </testcase>
  <testcase name="testScmProcessDatanodeHeartbeat" classname="org.apache.hadoop.ozone.TestStorageContainerManager" time="30.26">
    <system-out><![CDATA[2023-03-29 21:19:00,005 [Time-limited test] WARN  server.ServerUtils (ServerUtils.java:getScmDbDir(148)) - ozone.scm.db.dirs is not configured. We recommend adding this setting. Falling back to ozone.metadata.dirs instead.
2023-03-29 21:19:00,007 [Time-limited test] WARN  server.ServerUtils (ServerUtils.java:getScmDbDir(148)) - ozone.scm.db.dirs is not configured. We recommend adding this setting. Falling back to ozone.metadata.dirs instead.
2023-03-29 21:19:00,007 [Time-limited test] INFO  ha.SCMHANodeDetails (SCMHANodeDetails.java:loadSCMHAConfig(209)) - ServiceID for StorageContainerManager is null
2023-03-29 21:19:00,007 [Time-limited test] WARN  ha.SCMHANodeDetails (SCMHANodeDetails.java:validateSCMHAConfig(182)) - Invalid config ozone.scm.ratis.enable. The config was not specified, but the default value true conflicts with the expected config value false. Falling back to the expected value. Current State of SCM: SCM is running in Non-HA without Ratis Ratis SCM -> Non Ratis SCM or Non HA SCM -> HA SCM is not supported
2023-03-29 21:19:00,007 [Time-limited test] INFO  ha.SCMHANodeDetails (SCMHANodeDetails.java:loadSCMHAConfig(214)) - ozone.scm.default.service.id is not defined, falling back to ozone.scm.service.ids to find serviceID for StorageContainerManager if it is HA enabled cluster
2023-03-29 21:19:00,008 [Time-limited test] WARN  utils.HAUtils (HAUtils.java:getMetaDir(342)) - ozone.scm.db.dirs is not configured. We recommend adding this setting. Falling back to ozone.metadata.dirs instead.
2023-03-29 21:19:00,008 [Time-limited test] WARN  db.DBStoreBuilder (DBStoreBuilder.java:applyDBDefinition(181)) - ozone.scm.db.dirs is not configured. We recommend adding this setting. Falling back to ozone.metadata.dirs instead.
2023-03-29 21:19:00,096 [Time-limited test] INFO  net.NodeSchemaLoader (NodeSchemaLoader.java:loadSchemaFromFile(129)) - Loading schema from [jar:file:/home/runner/.m2/repository/org/apache/ozone/hdds-common/1.4.0-SNAPSHOT/hdds-common-1.4.0-SNAPSHOT.jar!/network-topology-default.xml]
2023-03-29 21:19:00,096 [Time-limited test] INFO  net.NodeSchemaLoader (NodeSchemaLoader.java:loadSchema(176)) - Loading network topology layer schema file
2023-03-29 21:19:00,099 [Time-limited test] INFO  upgrade.AbstractLayoutVersionManager (AbstractLayoutVersionManager.java:init(83)) - Initializing Layout version manager with metadata layout = DATANODE_SCHEMA_V3 (version = 4), software layout = DATANODE_SCHEMA_V3 (version = 4)
2023-03-29 21:19:00,142 [Time-limited test] INFO  reflections.Reflections (Reflections.java:scan(232)) - Reflections took 42 ms to scan 7 urls, producing 155 keys and 368 values 
2023-03-29 21:19:00,144 [Time-limited test] INFO  ha.SequenceIdGenerator (SequenceIdGenerator.java:upgradeToSequenceId(349)) - upgrade localId to 111677748019200000
2023-03-29 21:19:00,144 [Time-limited test] INFO  ha.SequenceIdGenerator (SequenceIdGenerator.java:upgradeToSequenceId(359)) - upgrade delTxnId to 0
2023-03-29 21:19:00,144 [Time-limited test] INFO  ha.SequenceIdGenerator (SequenceIdGenerator.java:upgradeToSequenceId(376)) - upgrade containerId to 0
2023-03-29 21:19:00,144 [Time-limited test] INFO  ha.SequenceIdGenerator (SequenceIdGenerator.java:<init>(220)) - Init the HA SequenceIdGenerator.
2023-03-29 21:19:00,145 [Time-limited test] WARN  server.ServerUtils (ServerUtils.java:sanitizeUserArgs(73)) - ozone.scm.stale.node.interval value = 300000 is larger than max = 100000 based on the key value of ozone.scm.heartbeat.thread.interval, reset to the max value 100000.
2023-03-29 21:19:00,145 [Time-limited test] WARN  server.ServerUtils (ServerUtils.java:sanitizeUserArgs(73)) - ozone.scm.stale.node.interval value = 300000 is larger than max = 100000 based on the key value of ozone.scm.heartbeat.thread.interval, reset to the max value 100000.
2023-03-29 21:19:00,145 [Time-limited test] INFO  node.SCMNodeManager (SCMNodeManager.java:<init>(156)) - Entering startup safe mode.
2023-03-29 21:19:00,146 [Time-limited test] INFO  Configuration.deprecation (Configuration.java:logDeprecation(1441)) - hadoop.configured.node.mapping is deprecated. Instead, use net.topology.configured.node.mapping
2023-03-29 21:19:00,146 [Time-limited test] INFO  algorithms.ContainerPlacementPolicyFactory (ContainerPlacementPolicyFactory.java:getPolicyInternal(86)) - Create container placement policy of type org.apache.hadoop.hdds.scm.container.placement.algorithms.SCMContainerPlacementRandom
2023-03-29 21:19:00,146 [Time-limited test] INFO  algorithms.ContainerPlacementPolicyFactory (ContainerPlacementPolicyFactory.java:getPolicyInternal(86)) - Create container placement policy of type org.apache.hadoop.hdds.scm.container.placement.algorithms.SCMContainerPlacementRackScatter
2023-03-29 21:19:00,146 [Time-limited test] INFO  pipeline.PipelineStateManagerImpl (PipelineStateManagerImpl.java:initialize(78)) - No pipeline exists in current db
2023-03-29 21:19:00,146 [Time-limited test] INFO  algorithms.LeaderChoosePolicyFactory (LeaderChoosePolicyFactory.java:getPolicy(57)) - Create leader choose policy of type org.apache.hadoop.hdds.scm.pipeline.leader.choose.algorithms.MinLeaderCountChoosePolicy
2023-03-29 21:19:00,146 [Time-limited test] INFO  algorithms.ContainerPlacementPolicyFactory (ContainerPlacementPolicyFactory.java:getPolicyInternal(86)) - Create container placement policy of type org.apache.hadoop.hdds.scm.container.placement.algorithms.SCMContainerPlacementRackScatter
2023-03-29 21:19:00,146 [Time-limited test] INFO  ha.SCMServiceManager (SCMServiceManager.java:register(42)) - Registering service BackgroundPipelineCreator.
2023-03-29 21:19:00,146 [Time-limited test] INFO  pipeline.BackgroundPipelineCreator (BackgroundPipelineCreator.java:start(124)) - Starting RatisPipelineUtilsThread.
2023-03-29 21:19:00,147 [Time-limited test] INFO  BackgroundPipelineScrubber (BackgroundSCMService.java:start(68)) - Starting BackgroundPipelineScrubber Service.
2023-03-29 21:19:00,147 [Time-limited test] INFO  ha.SCMServiceManager (SCMServiceManager.java:register(42)) - Registering service BackgroundPipelineScrubber.
2023-03-29 21:19:00,147 [Time-limited test] INFO  ExpiredContainerReplicaOpScrubber (BackgroundSCMService.java:start(68)) - Starting ExpiredContainerReplicaOpScrubber Service.
2023-03-29 21:19:00,147 [Time-limited test] INFO  ha.SCMServiceManager (SCMServiceManager.java:register(42)) - Registering service ExpiredContainerReplicaOpScrubber.
2023-03-29 21:19:00,148 [Time-limited test] INFO  algorithms.PipelineChoosePolicyFactory (PipelineChoosePolicyFactory.java:createPipelineChoosePolicyFromClass(73)) - Create pipeline choose policy of type org.apache.hadoop.hdds.scm.pipeline.choose.algorithms.RandomPipelineChoosePolicy
2023-03-29 21:19:00,148 [Time-limited test] INFO  ha.SCMServiceManager (SCMServiceManager.java:register(42)) - Registering service SCMBlockDeletingService.
2023-03-29 21:19:00,148 [Time-limited test] INFO  replication.ReplicationManager (ReplicationManager.java:start(277)) - Starting Replication Monitor Thread.
2023-03-29 21:19:00,149 [Time-limited test] INFO  ha.SCMServiceManager (SCMServiceManager.java:register(42)) - Registering service ReplicationManager.
2023-03-29 21:19:00,149 [Time-limited test] INFO  safemode.ContainerSafeModeRule (ContainerSafeModeRule.java:<init>(89)) - containers with one replica threshold count 0
2023-03-29 21:19:00,149 [Time-limited test] INFO  safemode.HealthyPipelineSafeModeRule (HealthyPipelineSafeModeRule.java:initializeRule(169)) - Total pipeline count is 0, healthy pipeline threshold count is 1
2023-03-29 21:19:00,150 [Time-limited test] INFO  safemode.OneReplicaPipelineSafeModeRule (OneReplicaPipelineSafeModeRule.java:initializeRule(180)) - Total pipeline count is 0, pipeline's with at least one datanode reported threshold count is 0
2023-03-29 21:19:00,152 [Time-limited test] INFO  server.StorageContainerManager (StorageContainerManager.java:<init>(398)) - SCM start with adminUsers: [runner]
2023-03-29 21:19:00,152 [Time-limited test] INFO  ipc.CallQueueManager (CallQueueManager.java:<init>(90)) - Using callQueue: class java.util.concurrent.LinkedBlockingQueue, queueCapacity: 2000, scheduler: class org.apache.hadoop.ipc.DefaultRpcScheduler, ipcBackoff: false.
2023-03-29 21:19:00,154 [Socket Reader #1 for port 0] INFO  ipc.Server (Server.java:run(1273)) - Starting Socket Reader #1 for port 0
2023-03-29 21:19:00,155 [Listener at 0.0.0.0/44239] INFO  ipc.CallQueueManager (CallQueueManager.java:<init>(90)) - Using callQueue: class java.util.concurrent.LinkedBlockingQueue, queueCapacity: 2000, scheduler: class org.apache.hadoop.ipc.DefaultRpcScheduler, ipcBackoff: false.
2023-03-29 21:19:00,158 [ReplicationMonitor] INFO  replication.ReplicationManager (ReplicationManager.java:processAll(352)) - Replication Manager is not ready to run until 3000ms after safemode exit
2023-03-29 21:19:00,158 [Listener at 0.0.0.0/45371] INFO  ipc.CallQueueManager (CallQueueManager.java:<init>(90)) - Using callQueue: class java.util.concurrent.LinkedBlockingQueue, queueCapacity: 2000, scheduler: class org.apache.hadoop.ipc.DefaultRpcScheduler, ipcBackoff: false.
2023-03-29 21:19:00,159 [Socket Reader #1 for port 0] INFO  ipc.Server (Server.java:run(1273)) - Starting Socket Reader #1 for port 0
2023-03-29 21:19:00,161 [Socket Reader #1 for port 0] INFO  ipc.Server (Server.java:run(1273)) - Starting Socket Reader #1 for port 0
2023-03-29 21:19:00,163 [Listener at 0.0.0.0/45495] INFO  ha.SCMServiceManager (SCMServiceManager.java:register(42)) - Registering service ContainerBalancer.
2023-03-29 21:19:00,163 [Listener at 0.0.0.0/45495] INFO  server.StorageContainerManager (StorageContainerManager.java:<init>(415)) - 
Container Balancer status:
Key                            Value
Running                        false
Container Balancer Configuration values:
Key                                                Value
Threshold                                          10
Max Datanodes to Involve per Iteration(percent)    20
Max Size to Move per Iteration                     500GB
Max Size Entering Target per Iteration             26GB
Max Size Leaving Source per Iteration              26GB

2023-03-29 21:19:00,163 [Listener at 0.0.0.0/45495] INFO  ha.SCMContext (SCMContext.java:updateSafeModeStatus(228)) - Update SafeModeStatus from SafeModeStatus{safeModeStatus=true, preCheckPassed=false} to SafeModeStatus{safeModeStatus=true, preCheckPassed=false}.
2023-03-29 21:19:00,164 [Listener at 0.0.0.0/45495] INFO  server.StorageContainerManager (StorageContainerManager.java:start(1449)) - StorageContainerLocationProtocol RPC server is listening at /0.0.0.0:45495
2023-03-29 21:19:00,165 [Listener at 0.0.0.0/45495] WARN  impl.MetricsConfig (MetricsConfig.java:loadFirst(136)) - Cannot locate configuration: tried hadoop-metrics2-storagecontainermanager.properties,hadoop-metrics2.properties
2023-03-29 21:19:00,166 [Listener at 0.0.0.0/45495] INFO  impl.MetricsSystemImpl (MetricsSystemImpl.java:startTimer(378)) - Scheduled Metric snapshot period at 10 second(s).
2023-03-29 21:19:00,166 [Listener at 0.0.0.0/45495] INFO  impl.MetricsSystemImpl (MetricsSystemImpl.java:start(191)) - StorageContainerManager metrics system started
2023-03-29 21:19:00,173 [Listener at 0.0.0.0/45495] INFO  impl.MetricsSinkAdapter (MetricsSinkAdapter.java:start(204)) - Sink prometheus started
2023-03-29 21:19:00,173 [Listener at 0.0.0.0/45495] INFO  impl.MetricsSystemImpl (MetricsSystemImpl.java:registerSink(305)) - Registered sink prometheus
2023-03-29 21:19:00,187 [Listener at 0.0.0.0/45495] INFO  server.SCMClientProtocolServer (SCMClientProtocolServer.java:start(197)) - RPC server for Client  is listening at /0.0.0.0:45495
2023-03-29 21:19:00,188 [IPC Server Responder] INFO  ipc.Server (Server.java:run(1512)) - IPC Server Responder: starting
2023-03-29 21:19:00,188 [IPC Server listener on 0] INFO  ipc.Server (Server.java:run(1352)) - IPC Server listener on 0: starting
2023-03-29 21:19:00,196 [Listener at 0.0.0.0/45495] INFO  server.StorageContainerManager (StorageContainerManager.java:start(1463)) - ScmBlockLocationProtocol RPC server is listening at /0.0.0.0:45371
2023-03-29 21:19:00,196 [Listener at 0.0.0.0/45495] INFO  server.SCMBlockProtocolServer (SCMBlockProtocolServer.java:start(152)) - RPC server for Block Protocol is listening at /0.0.0.0:45371
2023-03-29 21:19:00,196 [IPC Server Responder] INFO  ipc.Server (Server.java:run(1512)) - IPC Server Responder: starting
2023-03-29 21:19:00,196 [IPC Server listener on 0] INFO  ipc.Server (Server.java:run(1352)) - IPC Server listener on 0: starting
2023-03-29 21:19:00,198 [Listener at 0.0.0.0/45495] INFO  server.SCMDatanodeProtocolServer (SCMDatanodeProtocolServer.java:start(193)) - ScmDatanodeProtocol RPC server for DataNodes is listening at /0.0.0.0:44239
2023-03-29 21:19:00,198 [IPC Server Responder] INFO  ipc.Server (Server.java:run(1512)) - IPC Server Responder: starting
2023-03-29 21:19:00,198 [IPC Server listener on 0] INFO  ipc.Server (Server.java:run(1352)) - IPC Server listener on 0: starting
2023-03-29 21:19:00,205 [Listener at 0.0.0.0/45495] INFO  http.BaseHttpServer (BaseHttpServer.java:newHttpServer2BuilderForOzone(224)) - Starting Web-server for scm at: http://0.0.0.0:0
2023-03-29 21:19:00,205 [Listener at 0.0.0.0/45495] INFO  http.BaseHttpServer (BaseHttpServer.java:<init>(111)) - Hadoop Security Enabled: false Ozone Security Enabled: false Ozone HTTP Security Enabled: false 
2023-03-29 21:19:00,207 [Listener at 0.0.0.0/45495] WARN  server.AuthenticationFilter (AuthenticationFilter.java:constructSecretProvider(240)) - Unable to initialize FileSignerSecretProvider, falling back to use random secrets. Reason: Could not read signature secret file: /home/runner/hadoop-http-auth-signature-secret
2023-03-29 21:19:00,208 [org.apache.hadoop.util.JvmPauseMonitor$Monitor@6d26580e] INFO  util.JvmPauseMonitor (JvmPauseMonitor.java:run(188)) - Starting JVM pause monitor
2023-03-29 21:19:00,208 [Listener at 0.0.0.0/45495] WARN  http.HttpRequestLog (HttpRequestLog.java:getRequestLog(103)) - Jetty request log can only be enabled using Log4j
2023-03-29 21:19:00,209 [Listener at 0.0.0.0/45495] INFO  http.HttpServer2 (HttpServer2.java:addGlobalFilter(1031)) - Added global filter 'safety' (class=org.apache.hadoop.hdds.server.http.HttpServer2$QuotingInputFilter)
2023-03-29 21:19:00,209 [Listener at 0.0.0.0/45495] INFO  http.HttpServer2 (HttpServer2.java:addFilter(1007)) - Added filter static_user_filter (class=org.apache.hadoop.http.lib.StaticUserWebFilter$StaticUserFilter) to context scm
2023-03-29 21:19:00,209 [Listener at 0.0.0.0/45495] INFO  http.HttpServer2 (HttpServer2.java:addFilter(1015)) - Added filter static_user_filter (class=org.apache.hadoop.http.lib.StaticUserWebFilter$StaticUserFilter) to context logs
2023-03-29 21:19:00,209 [Listener at 0.0.0.0/45495] INFO  http.HttpServer2 (HttpServer2.java:addFilter(1015)) - Added filter static_user_filter (class=org.apache.hadoop.http.lib.StaticUserWebFilter$StaticUserFilter) to context static
2023-03-29 21:19:00,210 [Listener at 0.0.0.0/45495] INFO  http.BaseHttpServer (BaseHttpServer.java:<init>(190)) - HTTP server of scm uses base directory /home/runner/work/ozone/ozone/hadoop-ozone/integration-test/target/test-dir/MiniOzoneClusterImpl-0d259c79-1228-4415-b9fd-a9070010e405/ozone-meta/webserver
2023-03-29 21:19:00,210 [Listener at 0.0.0.0/45495] INFO  http.HttpServer2 (HttpServer2.java:bindListener(1250)) - Jetty bound to port 45809
2023-03-29 21:19:00,210 [Listener at 0.0.0.0/45495] INFO  server.Server (Server.java:doStart(375)) - jetty-9.4.49.v20220914; built: 2022-09-14T01:07:36.601Z; git: 4231a3b2e4cb8548a412a789936d640a97b1aa0a; jvm 1.8.0_362-b09
2023-03-29 21:19:00,214 [Listener at 0.0.0.0/45495] INFO  server.session (DefaultSessionIdManager.java:doStart(334)) - DefaultSessionIdManager workerName=node0
2023-03-29 21:19:00,214 [Listener at 0.0.0.0/45495] INFO  server.session (DefaultSessionIdManager.java:doStart(339)) - No SessionScavenger set, using defaults
2023-03-29 21:19:00,214 [Listener at 0.0.0.0/45495] INFO  server.session (HouseKeeper.java:startScavenging(132)) - node0 Scavenging every 660000ms
2023-03-29 21:19:00,218 [Listener at 0.0.0.0/45495] INFO  handler.ContextHandler (ContextHandler.java:doStart(921)) - Started o.e.j.s.ServletContextHandler@76a965aa{logs,/logs,file:///home/runner/work/ozone/ozone/hadoop-ozone/integration-test/target/log,AVAILABLE}
2023-03-29 21:19:00,218 [Listener at 0.0.0.0/45495] INFO  handler.ContextHandler (ContextHandler.java:doStart(921)) - Started o.e.j.s.ServletContextHandler@29eca986{static,/static,file:///home/runner/work/ozone/ozone/hadoop-ozone/integration-test/target/test-classes/webapps/static,AVAILABLE}
2023-03-29 21:19:00,223 [Listener at 0.0.0.0/45495] INFO  handler.ContextHandler (ContextHandler.java:doStart(921)) - Started o.e.j.w.WebAppContext@67feb9d6{scm,/,file:///home/runner/work/ozone/ozone/hadoop-ozone/integration-test/target/test-classes/webapps/scm/,AVAILABLE}{file:/home/runner/work/ozone/ozone/hadoop-ozone/integration-test/target/test-classes/webapps/scm}
2023-03-29 21:19:00,224 [Listener at 0.0.0.0/45495] INFO  server.AbstractConnector (AbstractConnector.java:doStart(333)) - Started ServerConnector@301192fd{HTTP/1.1, (http/1.1)}{0.0.0.0:45809}
2023-03-29 21:19:00,224 [Listener at 0.0.0.0/45495] INFO  server.Server (Server.java:doStart(415)) - Started @193990ms
2023-03-29 21:19:00,224 [Listener at 0.0.0.0/45495] WARN  impl.MetricsSystemImpl (MetricsSystemImpl.java:register(279)) - Sink prometheus already exists!
2023-03-29 21:19:00,224 [Listener at 0.0.0.0/45495] INFO  http.BaseHttpServer (BaseHttpServer.java:updateConnectorAddress(344)) - HTTP server of scm listening at http://0.0.0.0:45809
2023-03-29 21:19:00,224 [Listener at 0.0.0.0/45495] WARN  server.ServerUtils (ServerUtils.java:getDBPath(225)) - ozone.om.db.dirs is not configured. We recommend adding this setting. Falling back to ozone.metadata.dirs instead.
2023-03-29 21:19:00,225 [Listener at 0.0.0.0/45495] INFO  ha.OMHANodeDetails (OMHANodeDetails.java:loadOMHAConfig(115)) - ozone.om.internal.service.id is not defined, falling back to ozone.om.service.ids to find serviceID for OzoneManager if it is HA enabled cluster
2023-03-29 21:19:00,226 [Listener at 0.0.0.0/45495] INFO  ha.OMHANodeDetails (OMHANodeDetails.java:loadOMHAConfig(226)) - Configuration does not have ozone.om.address set. Falling back to the default OM address /127.0.0.1:0
2023-03-29 21:19:00,226 [Listener at 0.0.0.0/45495] INFO  ha.OMHANodeDetails (OMHANodeDetails.java:getOMNodeDetailsForNonHA(254)) - OM Service ID is not set. Setting it to the default ID: omServiceIdDefault
2023-03-29 21:19:00,226 [Listener at 0.0.0.0/45495] INFO  ha.OMHANodeDetails (OMHANodeDetails.java:getOMNodeDetailsForNonHA(261)) - OM Node ID is not set. Setting it to the default ID: om1
2023-03-29 21:19:00,226 [Listener at 0.0.0.0/45495] WARN  server.ServerUtils (ServerUtils.java:getDBPath(225)) - ozone.om.db.dirs is not configured. We recommend adding this setting. Falling back to ozone.metadata.dirs instead.
2023-03-29 21:19:00,227 [Listener at 0.0.0.0/45495] INFO  upgrade.AbstractLayoutVersionManager (AbstractLayoutVersionManager.java:init(83)) - Initializing Layout version manager with metadata layout = MULTITENANCY_SCHEMA (version = 3), software layout = MULTITENANCY_SCHEMA (version = 3)
2023-03-29 21:19:00,306 [Listener at 0.0.0.0/45495] INFO  reflections.Reflections (Reflections.java:scan(232)) - Reflections took 78 ms to scan 2 urls, producing 170 keys and 470 values [using 2 cores]
2023-03-29 21:19:00,306 [Listener at 0.0.0.0/45495] INFO  upgrade.OMLayoutVersionManager (OMLayoutVersionManager.java:lambda$0(115)) - Skipping Upgrade Action MockOmUpgradeAction since it has been finalized.
2023-03-29 21:19:00,306 [Listener at 0.0.0.0/45495] WARN  server.ServerUtils (ServerUtils.java:getDBPath(225)) - ozone.om.db.dirs is not configured. We recommend adding this setting. Falling back to ozone.metadata.dirs instead.
2023-03-29 21:19:00,307 [Listener at 0.0.0.0/45495] INFO  proxy.SCMBlockLocationFailoverProxyProvider (SCMBlockLocationFailoverProxyProvider.java:<init>(114)) - Created block location fail-over proxy with 1 nodes: [nodeId=scmNodeId,nodeAddress=/0.0.0.0:45371]
2023-03-29 21:19:00,309 [Listener at 0.0.0.0/45495] INFO  proxy.SCMBlockLocationFailoverProxyProvider (SCMBlockLocationFailoverProxyProvider.java:<init>(114)) - Created block location fail-over proxy with 1 nodes: [nodeId=scmNodeId,nodeAddress=/0.0.0.0:45371]
2023-03-29 21:19:00,317 [Listener at 0.0.0.0/45495] INFO  om.OzoneManager (OzoneManager.java:<init>(619)) - OM start with adminUsers: [runner]
2023-03-29 21:19:00,319 [Listener at 0.0.0.0/45495] WARN  server.ServerUtils (ServerUtils.java:getDBPath(225)) - ozone.om.db.dirs is not configured. We recommend adding this setting. Falling back to ozone.metadata.dirs instead.
2023-03-29 21:19:00,319 [Listener at 0.0.0.0/45495] INFO  codec.OmKeyInfoCodec (OmKeyInfoCodec.java:<init>(49)) - OmKeyInfoCodec ignorePipeline = true
2023-03-29 21:19:00,319 [Listener at 0.0.0.0/45495] INFO  codec.RepeatedOmKeyInfoCodec (RepeatedOmKeyInfoCodec.java:<init>(41)) - RepeatedOmKeyInfoCodec ignorePipeline = true
2023-03-29 21:19:00,477 [Listener at 0.0.0.0/45495] INFO  om.OzoneManager (OzoneManager.java:instantiateServices(749)) - S3 Multi-Tenancy is disabled
2023-03-29 21:19:00,478 [Listener at 0.0.0.0/45495] WARN  server.ServerUtils (ServerUtils.java:getDBPath(225)) - ozone.om.snapshot.diff.db.dir is not configured. We recommend adding this setting. Falling back to ozone.metadata.dirs instead.
2023-03-29 21:19:00,497 [Listener at 0.0.0.0/45495] INFO  om.OzoneManager (OzoneManager.java:addS3GVolumeToDB(4223)) - Created Volume s3v With Owner runner required for S3Gateway operations.
2023-03-29 21:19:00,497 [Listener at 0.0.0.0/45495] WARN  server.ServerUtils (ServerUtils.java:getDefaultRatisDirectory(237)) - Storage directory for Ratis is not configured. It is a good idea to map this to an SSD disk. Falling back to ozone.metadata.dirs
2023-03-29 21:19:00,497 [Listener at 0.0.0.0/45495] WARN  utils.OzoneManagerRatisUtils (OzoneManagerRatisUtils.java:getOMRatisSnapshotDirectory(446)) - ozone.om.ratis.snapshot.dir is not configured. Falling back to ozone.metadata.dirs config
2023-03-29 21:19:00,497 [Listener at 0.0.0.0/45495] WARN  server.ServerUtils (ServerUtils.java:getDefaultRatisDirectory(237)) - Storage directory for Ratis is not configured. It is a good idea to map this to an SSD disk. Falling back to ozone.metadata.dirs
2023-03-29 21:19:00,498 [Listener at 0.0.0.0/45495] INFO  ratis.OzoneManagerRatisServer (OzoneManagerRatisServer.java:<init>(163)) - Instantiating OM Ratis server with groupID: omServiceIdDefault and peers: localhost:9872
2023-03-29 21:19:00,498 [Listener at 0.0.0.0/45495] INFO  ratis.OzoneManagerStateMachine (OzoneManagerStateMachine.java:loadSnapshotInfoFromDB(636)) - LastAppliedIndex is set from TransactionInfo from OM DB as (t:0, i:~)
2023-03-29 21:19:00,499 [Listener at 0.0.0.0/45495] INFO  server.RaftServer (ConfUtils.java:logGet(46)) - raft.rpc.type = GRPC (default)
2023-03-29 21:19:00,499 [Listener at 0.0.0.0/45495] INFO  grpc.GrpcConfigKeys (ConfUtils.java:logFallback(53)) - raft.grpc.admin.host = null (fallback to raft.grpc.server.host)
2023-03-29 21:19:00,499 [Listener at 0.0.0.0/45495] INFO  grpc.GrpcConfigKeys (ConfUtils.java:logFallback(53)) - raft.grpc.admin.port = 9872 (fallback to raft.grpc.server.port)
2023-03-29 21:19:00,499 [Listener at 0.0.0.0/45495] INFO  grpc.GrpcConfigKeys (ConfUtils.java:logFallback(53)) - raft.grpc.client.host = null (fallback to raft.grpc.server.host)
2023-03-29 21:19:00,499 [Listener at 0.0.0.0/45495] INFO  grpc.GrpcConfigKeys (ConfUtils.java:logFallback(53)) - raft.grpc.client.port = 9872 (fallback to raft.grpc.server.port)
2023-03-29 21:19:00,499 [Listener at 0.0.0.0/45495] INFO  grpc.GrpcConfigKeys (ConfUtils.java:logGet(46)) - raft.grpc.server.host = null (default)
2023-03-29 21:19:00,499 [Listener at 0.0.0.0/45495] INFO  grpc.GrpcConfigKeys (ConfUtils.java:logGet(46)) - raft.grpc.server.port = 9872 (custom)
2023-03-29 21:19:00,499 [Listener at 0.0.0.0/45495] INFO  server.GrpcService (ConfUtils.java:logGet(46)) - raft.grpc.message.size.max = 33554432 (custom)
2023-03-29 21:19:00,499 [Listener at 0.0.0.0/45495] INFO  server.RaftServerConfigKeys (ConfUtils.java:logGet(46)) - raft.server.log.appender.buffer.byte-limit = 33554432 (custom)
2023-03-29 21:19:00,499 [Listener at 0.0.0.0/45495] INFO  server.GrpcService (ConfUtils.java:logGet(46)) - raft.grpc.flow.control.window = 1MB (=1048576) (default)
2023-03-29 21:19:00,500 [Listener at 0.0.0.0/45495] INFO  server.RaftServerConfigKeys (ConfUtils.java:logGet(46)) - raft.server.rpc.request.timeout = 3000ms (default)
2023-03-29 21:19:00,500 [Listener at 0.0.0.0/45495] INFO  grpc.GrpcConfigKeys (ConfUtils.java:logGet(46)) - raft.grpc.server.heartbeat.channel = true (default)
2023-03-29 21:19:00,500 [Listener at 0.0.0.0/45495] INFO  grpc.GrpcConfigKeys (ConfUtils.java:logGet(46)) - raft.grpc.server.async.request.thread.pool.cached = true (default)
2023-03-29 21:19:00,500 [Listener at 0.0.0.0/45495] INFO  grpc.GrpcConfigKeys (ConfUtils.java:logGet(46)) - raft.grpc.server.async.request.thread.pool.size = 32 (default)
2023-03-29 21:19:00,501 [Listener at 0.0.0.0/45495] INFO  impl.DataStreamServerImpl (ConfUtils.java:logGet(46)) - raft.datastream.type = DISABLED (default)
2023-03-29 21:19:00,501 [Listener at 0.0.0.0/45495] INFO  server.RaftServerConfigKeys (ConfUtils.java:logGet(46)) - raft.server.threadpool.proxy.cached = true (default)
2023-03-29 21:19:00,501 [Listener at 0.0.0.0/45495] INFO  server.RaftServerConfigKeys (ConfUtils.java:logGet(46)) - raft.server.threadpool.proxy.size = 0 (default)
2023-03-29 21:19:00,501 [Listener at 0.0.0.0/45495] INFO  server.RaftServerConfigKeys (ConfUtils.java:logGet(46)) - raft.server.rpc.slowness.timeout = 120s (custom)
2023-03-29 21:19:00,501 [Listener at 0.0.0.0/45495] INFO  server.RaftServerConfigKeys (ConfUtils.java:logGet(46)) - raft.server.leaderelection.leader.step-down.wait-time = 10s (default)
2023-03-29 21:19:00,502 [Listener at 0.0.0.0/45495] INFO  server.RaftServerConfigKeys (ConfUtils.java:logGet(46)) - raft.server.storage.dir = [/home/runner/work/ozone/ozone/hadoop-ozone/integration-test/target/test-dir/MiniOzoneClusterImpl-0d259c79-1228-4415-b9fd-a9070010e405/ozone-meta/ratis] (custom)
2023-03-29 21:19:00,502 [Listener at 0.0.0.0/45495] INFO  server.RaftServer (RaftServerProxy.java:addNew(96)) - om1: addNew group-C5BA1605619E:[om1|rpc:localhost:9872|priority:0|startupRole:FOLLOWER] returns group-C5BA1605619E:java.util.concurrent.CompletableFuture@73417783[Not completed]
2023-03-29 21:19:00,502 [Listener at 0.0.0.0/45495] INFO  om.OzoneManager (OzoneManager.java:initializeRatisServer(2096)) - OzoneManager Ratis server initialized at port 9872
2023-03-29 21:19:00,502 [Listener at 0.0.0.0/45495] INFO  om.OzoneManager (OzoneManager.java:getRpcServer(1132)) - Creating RPC Server
2023-03-29 21:19:00,503 [pool-1025-thread-1] INFO  server.RaftServer$Division (RaftServerImpl.java:<init>(195)) - om1: new RaftServerImpl for group-C5BA1605619E:[om1|rpc:localhost:9872|priority:0|startupRole:FOLLOWER] with OzoneManagerStateMachine:uninitialized
2023-03-29 21:19:00,503 [pool-1025-thread-1] INFO  server.RaftServerConfigKeys (ConfUtils.java:logGet(46)) - raft.server.rpc.timeout.min = 1s (custom)
2023-03-29 21:19:00,503 [pool-1025-thread-1] INFO  server.RaftServerConfigKeys (ConfUtils.java:logGet(46)) - raft.server.rpc.timeout.max = 1200ms (custom)
2023-03-29 21:19:00,503 [pool-1025-thread-1] INFO  server.RaftServerConfigKeys (ConfUtils.java:logGet(46)) - raft.server.rpc.sleep.time = 25ms (default)
2023-03-29 21:19:00,503 [pool-1025-thread-1] INFO  server.RaftServerConfigKeys (ConfUtils.java:logGet(46)) - raft.server.rpc.slowness.timeout = 120s (custom)
2023-03-29 21:19:00,503 [pool-1025-thread-1] INFO  server.RaftServerConfigKeys (ConfUtils.java:logGet(46)) - raft.server.leaderelection.leader.step-down.wait-time = 10s (default)
2023-03-29 21:19:00,504 [pool-1025-thread-1] INFO  server.RaftServerConfigKeys (ConfUtils.java:logGet(46)) - raft.server.sleep.deviation.threshold = 300ms (default)
2023-03-29 21:19:00,504 [pool-1025-thread-1] INFO  server.RaftServer$Division (ServerState.java:<init>(118)) - om1@group-C5BA1605619E: ConfigurationManager, init=-1: peers:[om1|rpc:localhost:9872|priority:0|startupRole:FOLLOWER]|listeners:[], old=null, confs=<EMPTY_MAP>
2023-03-29 21:19:00,504 [pool-1025-thread-1] INFO  server.RaftServerConfigKeys (ConfUtils.java:logGet(46)) - raft.server.storage.dir = [/home/runner/work/ozone/ozone/hadoop-ozone/integration-test/target/test-dir/MiniOzoneClusterImpl-0d259c79-1228-4415-b9fd-a9070010e405/ozone-meta/ratis] (custom)
2023-03-29 21:19:00,504 [pool-1025-thread-1] INFO  server.RaftServerConfigKeys (ConfUtils.java:logGet(46)) - raft.server.log.corruption.policy = EXCEPTION (default)
2023-03-29 21:19:00,504 [pool-1025-thread-1] INFO  server.RaftServerConfigKeys (ConfUtils.java:logGet(46)) - raft.server.storage.free-space.min = 0MB (=0) (default)
2023-03-29 21:19:00,504 [pool-1025-thread-1] INFO  server.RaftServerConfigKeys (ConfUtils.java:logGet(46)) - raft.server.notification.no-leader.timeout = 120s (custom)
2023-03-29 21:19:00,504 [pool-1025-thread-1] INFO  server.RaftServerConfigKeys (ConfUtils.java:logGet(46)) - raft.server.retrycache.expirytime = 300s (custom)
2023-03-29 21:19:00,504 [pool-1025-thread-1] INFO  server.RaftServerConfigKeys (ConfUtils.java:logGet(46)) - raft.server.retrycache.statistics.expirytime = 100μs (default)
2023-03-29 21:19:00,504 [pool-1025-thread-1] INFO  server.RaftServerConfigKeys (ConfUtils.java:logGet(46)) - raft.server.log.appender.install.snapshot.enabled = false (custom)
2023-03-29 21:19:00,504 [pool-1025-thread-1] INFO  server.RaftServerConfigKeys (ConfUtils.java:logGet(46)) - raft.server.threadpool.server.cached = true (default)
2023-03-29 21:19:00,504 [pool-1025-thread-1] INFO  server.RaftServerConfigKeys (ConfUtils.java:logGet(46)) - raft.server.threadpool.server.size = 0 (default)
2023-03-29 21:19:00,504 [pool-1025-thread-1] INFO  server.RaftServerConfigKeys (ConfUtils.java:logGet(46)) - raft.server.threadpool.client.cached = true (default)
2023-03-29 21:19:00,504 [pool-1025-thread-1] INFO  server.RaftServerConfigKeys (ConfUtils.java:logGet(46)) - raft.server.threadpool.client.size = 0 (default)
2023-03-29 21:19:00,832 [Listener at 0.0.0.0/45495] INFO  reflections.Reflections (Reflections.java:scan(232)) - Reflections took 329 ms to scan 19 urls, producing 68 keys and 4992 values [using 2 cores]
2023-03-29 21:19:00,834 [Listener at 0.0.0.0/45495] INFO  ipc.CallQueueManager (CallQueueManager.java:<init>(90)) - Using callQueue: class java.util.concurrent.LinkedBlockingQueue, queueCapacity: 2000, scheduler: class org.apache.hadoop.ipc.DefaultRpcScheduler, ipcBackoff: false.
2023-03-29 21:19:00,834 [Socket Reader #1 for port 0] INFO  ipc.Server (Server.java:run(1273)) - Starting Socket Reader #1 for port 0
2023-03-29 21:19:00,854 [Listener at 127.0.0.1/39503] INFO  impl.MetricsSystemImpl (MetricsSystemImpl.java:init(158)) - OzoneManager metrics system started (again)
2023-03-29 21:19:00,863 [Listener at 127.0.0.1/39503] INFO  om.OzoneManager (OzoneManager.java:start(1553)) - OzoneManager RPC server is listening at localhost/127.0.0.1:39503
2023-03-29 21:19:00,863 [Listener at 127.0.0.1/39503] INFO  ratis.OzoneManagerRatisServer (OzoneManagerRatisServer.java:start(558)) - Starting OzoneManagerRatisServer om1 at port 9872
2023-03-29 21:19:00,863 [om1-impl-thread1] INFO  storage.RaftStorageDirectory (RaftStorageDirectoryImpl.java:analyzeStorage(137)) - The storage directory /home/runner/work/ozone/ozone/hadoop-ozone/integration-test/target/test-dir/MiniOzoneClusterImpl-0d259c79-1228-4415-b9fd-a9070010e405/ozone-meta/ratis/bf265839-605b-3f16-9796-c5ba1605619e does not exist. Creating ...
2023-03-29 21:19:00,864 [om1-impl-thread1] INFO  storage.RaftStorageDirectory (RaftStorageDirectoryImpl.java:tryLock(231)) - Lock on /home/runner/work/ozone/ozone/hadoop-ozone/integration-test/target/test-dir/MiniOzoneClusterImpl-0d259c79-1228-4415-b9fd-a9070010e405/ozone-meta/ratis/bf265839-605b-3f16-9796-c5ba1605619e/in_use.lock acquired by nodename 46426@fv-az308-773
2023-03-29 21:19:00,865 [om1-impl-thread1] INFO  storage.RaftStorage (RaftStorageImpl.java:format(96)) - Storage directory /home/runner/work/ozone/ozone/hadoop-ozone/integration-test/target/test-dir/MiniOzoneClusterImpl-0d259c79-1228-4415-b9fd-a9070010e405/ozone-meta/ratis/bf265839-605b-3f16-9796-c5ba1605619e has been successfully formatted.
2023-03-29 21:19:00,866 [om1-impl-thread1] INFO  server.RaftServerConfigKeys (ConfUtils.java:logGet(46)) - raft.server.log.use.memory = false (default)
2023-03-29 21:19:00,866 [om1-impl-thread1] INFO  server.RaftServerConfigKeys (ConfUtils.java:logGet(46)) - raft.server.log.purge.gap = 1000000 (custom)
2023-03-29 21:19:00,866 [om1-impl-thread1] INFO  server.RaftServerConfigKeys (ConfUtils.java:logGet(46)) - raft.server.log.appender.buffer.byte-limit = 33554432 (custom)
2023-03-29 21:19:00,866 [om1-impl-thread1] INFO  server.RaftServerConfigKeys (ConfUtils.java:logGet(46)) - raft.server.log.statemachine.data.read.timeout = 1000ms (default)
2023-03-29 21:19:00,866 [om1-impl-thread1] INFO  server.RaftServerConfigKeys (ConfUtils.java:logGet(46)) - raft.server.log.purge.preservation.log.num = 0 (default)
2023-03-29 21:19:00,866 [om1-impl-thread1] INFO  server.RaftServerConfigKeys (ConfUtils.java:logGet(46)) - raft.server.log.segment.size.max = 4194304 (custom)
2023-03-29 21:19:00,866 [om1-impl-thread1] INFO  server.RaftServerConfigKeys (ConfUtils.java:logGet(46)) - raft.server.log.segment.cache.num.max = 2 (custom)
2023-03-29 21:19:00,866 [om1-impl-thread1] INFO  server.RaftServerConfigKeys (ConfUtils.java:logGet(46)) - raft.server.log.segment.cache.size.max = 200MB (=209715200) (default)
2023-03-29 21:19:00,866 [om1-impl-thread1] INFO  segmented.SegmentedRaftLogWorker (SegmentedRaftLogWorker.java:<init>(189)) - new om1@group-C5BA1605619E-SegmentedRaftLogWorker for RaftStorageImpl:Storage Directory /home/runner/work/ozone/ozone/hadoop-ozone/integration-test/target/test-dir/MiniOzoneClusterImpl-0d259c79-1228-4415-b9fd-a9070010e405/ozone-meta/ratis/bf265839-605b-3f16-9796-c5ba1605619e
2023-03-29 21:19:00,866 [om1-impl-thread1] INFO  server.RaftServerConfigKeys (ConfUtils.java:logGet(46)) - raft.server.log.queue.byte-limit = 64MB (=67108864) (default)
2023-03-29 21:19:00,866 [om1-impl-thread1] INFO  server.RaftServerConfigKeys (ConfUtils.java:logGet(46)) - raft.server.log.queue.element-limit = 4096 (default)
2023-03-29 21:19:00,866 [om1-impl-thread1] INFO  server.RaftServerConfigKeys (ConfUtils.java:logGet(46)) - raft.server.log.segment.size.max = 4194304 (custom)
2023-03-29 21:19:00,866 [om1-impl-thread1] INFO  server.RaftServerConfigKeys (ConfUtils.java:logGet(46)) - raft.server.log.preallocated.size = 4194304 (custom)
2023-03-29 21:19:00,866 [om1-impl-thread1] INFO  server.RaftServerConfigKeys (ConfUtils.java:logGet(46)) - raft.server.log.force.sync.num = 128 (default)
2023-03-29 21:19:00,866 [om1-impl-thread1] INFO  server.RaftServerConfigKeys (ConfUtils.java:logGet(46)) - raft.server.log.statemachine.data.sync = true (default)
2023-03-29 21:19:00,866 [om1-impl-thread1] INFO  server.RaftServerConfigKeys (ConfUtils.java:logGet(46)) - raft.server.log.statemachine.data.sync.timeout = 10s (default)
2023-03-29 21:19:00,866 [om1-impl-thread1] INFO  server.RaftServerConfigKeys (ConfUtils.java:logGet(46)) - raft.server.log.statemachine.data.sync.timeout.retry = -1 (default)
2023-03-29 21:19:00,867 [om1-impl-thread1] INFO  server.RaftServerConfigKeys (ConfUtils.java:logGet(46)) - raft.server.log.write.buffer.size = 64KB (=65536) (default)
2023-03-29 21:19:00,867 [om1-impl-thread1] INFO  server.RaftServerConfigKeys (ConfUtils.java:logGet(46)) - raft.server.log.appender.buffer.byte-limit = 33554432 (custom)
2023-03-29 21:19:00,872 [om1-impl-thread1] INFO  server.RaftServerConfigKeys (ConfUtils.java:logGet(46)) - raft.server.log.unsafe-flush.enabled = false (default)
2023-03-29 21:19:00,872 [om1-impl-thread1] INFO  server.RaftServerConfigKeys (ConfUtils.java:logGet(46)) - raft.server.log.async-flush.enabled = false (default)
2023-03-29 21:19:00,872 [om1-impl-thread1] INFO  server.RaftServerConfigKeys (ConfUtils.java:logGet(46)) - raft.server.log.statemachine.data.caching.enabled = false (default)
2023-03-29 21:19:00,872 [om1-impl-thread1] INFO  segmented.SegmentedRaftLogWorker (SegmentedRaftLogWorker.java:lambda$new$0(135)) - om1@group-C5BA1605619E-SegmentedRaftLogWorker: flushIndex: setUnconditionally 0 -> -1
2023-03-29 21:19:00,872 [om1-impl-thread1] INFO  segmented.SegmentedRaftLogWorker (SegmentedRaftLogWorker.java:lambda$new$0(135)) - om1@group-C5BA1605619E-SegmentedRaftLogWorker: safeCacheEvictIndex: setUnconditionally 0 -> -1
2023-03-29 21:19:00,872 [om1-impl-thread1] INFO  server.RaftServer$Division (RaftServerImpl.java:start(334)) - om1@group-C5BA1605619E: start as a follower, conf=-1: peers:[om1|rpc:localhost:9872|priority:0|startupRole:FOLLOWER]|listeners:[], old=null
2023-03-29 21:19:00,872 [om1-impl-thread1] INFO  server.RaftServer$Division (RaftServerImpl.java:setRole(321)) - om1@group-C5BA1605619E: changes role from      null to FOLLOWER at term 0 for startAsFollower
2023-03-29 21:19:00,872 [om1-impl-thread1] INFO  impl.RoleInfo (RoleInfo.java:updateAndGet(139)) - om1: start om1@group-C5BA1605619E-FollowerState
2023-03-29 21:19:00,873 [om1-impl-thread1] INFO  util.JmxRegister (JmxRegister.java:tryRegister(44)) - Successfully registered JMX Bean with object name Ratis:service=RaftServer,group=group-C5BA1605619E,id=om1
2023-03-29 21:19:00,873 [om1-impl-thread1] INFO  server.RaftServerConfigKeys (ConfUtils.java:logGet(46)) - raft.server.snapshot.auto.trigger.enabled = true (custom)
2023-03-29 21:19:00,873 [om1-impl-thread1] INFO  server.RaftServerConfigKeys (ConfUtils.java:logGet(46)) - raft.server.snapshot.auto.trigger.threshold = 400000 (default)
2023-03-29 21:19:00,873 [om1-impl-thread1] INFO  server.RaftServerConfigKeys (ConfUtils.java:logGet(46)) - raft.server.snapshot.retention.file.num = -1 (default)
2023-03-29 21:19:00,873 [om1-impl-thread1] INFO  server.RaftServerConfigKeys (ConfUtils.java:logGet(46)) - raft.server.log.purge.upto.snapshot.index = true (custom)
2023-03-29 21:19:00,873 [om1@group-C5BA1605619E-FollowerState] INFO  server.RaftServerConfigKeys (ConfUtils.java:logFallback(53)) - raft.server.rpc.first-election.timeout.min = 1s (fallback to raft.server.rpc.timeout.min)
2023-03-29 21:19:00,873 [om1@group-C5BA1605619E-FollowerState] INFO  server.RaftServerConfigKeys (ConfUtils.java:logFallback(53)) - raft.server.rpc.first-election.timeout.max = 1200ms (fallback to raft.server.rpc.timeout.max)
2023-03-29 21:19:00,877 [Listener at 127.0.0.1/39503] INFO  server.RaftServer (RaftServerProxy.java:startImpl(393)) - om1: start RPC server
2023-03-29 21:19:00,879 [Listener at 127.0.0.1/39503] INFO  server.GrpcService (GrpcService.java:startImpl(262)) - om1: GrpcService started, listening on 9872
2023-03-29 21:19:00,879 [Listener at 127.0.0.1/39503] INFO  om.OzoneManager (OzoneManager.java:start(1569)) - Version File has different layout version (3) than OM DB (null). That is expected if this OM has never been finalized to a newer layout version.
2023-03-29 21:19:00,879 [JvmPauseMonitor25] INFO  util.JvmPauseMonitor (JvmPauseMonitor.java:run(105)) - JvmPauseMonitor-om1: Started
2023-03-29 21:19:00,881 [Listener at 127.0.0.1/39503] INFO  http.BaseHttpServer (BaseHttpServer.java:newHttpServer2BuilderForOzone(224)) - Starting Web-server for ozoneManager at: http://0.0.0.0:0
2023-03-29 21:19:00,881 [Listener at 127.0.0.1/39503] INFO  http.BaseHttpServer (BaseHttpServer.java:<init>(111)) - Hadoop Security Enabled: false Ozone Security Enabled: false Ozone HTTP Security Enabled: false 
2023-03-29 21:19:00,882 [Listener at 127.0.0.1/39503] WARN  server.AuthenticationFilter (AuthenticationFilter.java:constructSecretProvider(240)) - Unable to initialize FileSignerSecretProvider, falling back to use random secrets. Reason: Could not read signature secret file: /home/runner/hadoop-http-auth-signature-secret
2023-03-29 21:19:00,884 [Listener at 127.0.0.1/39503] WARN  http.HttpRequestLog (HttpRequestLog.java:getRequestLog(103)) - Jetty request log can only be enabled using Log4j
2023-03-29 21:19:00,885 [Listener at 127.0.0.1/39503] INFO  http.HttpServer2 (HttpServer2.java:addGlobalFilter(1031)) - Added global filter 'safety' (class=org.apache.hadoop.hdds.server.http.HttpServer2$QuotingInputFilter)
2023-03-29 21:19:00,885 [Listener at 127.0.0.1/39503] INFO  http.HttpServer2 (HttpServer2.java:addFilter(1007)) - Added filter static_user_filter (class=org.apache.hadoop.http.lib.StaticUserWebFilter$StaticUserFilter) to context ozoneManager
2023-03-29 21:19:00,885 [Listener at 127.0.0.1/39503] INFO  http.HttpServer2 (HttpServer2.java:addFilter(1015)) - Added filter static_user_filter (class=org.apache.hadoop.http.lib.StaticUserWebFilter$StaticUserFilter) to context static
2023-03-29 21:19:00,885 [Listener at 127.0.0.1/39503] INFO  http.HttpServer2 (HttpServer2.java:addFilter(1015)) - Added filter static_user_filter (class=org.apache.hadoop.http.lib.StaticUserWebFilter$StaticUserFilter) to context logs
2023-03-29 21:19:00,885 [Listener at 127.0.0.1/39503] INFO  http.BaseHttpServer (BaseHttpServer.java:<init>(190)) - HTTP server of ozoneManager uses base directory /home/runner/work/ozone/ozone/hadoop-ozone/integration-test/target/test-dir/MiniOzoneClusterImpl-0d259c79-1228-4415-b9fd-a9070010e405/ozone-meta/webserver
2023-03-29 21:19:00,886 [Listener at 127.0.0.1/39503] INFO  http.HttpServer2 (HttpServer2.java:bindListener(1250)) - Jetty bound to port 38849
2023-03-29 21:19:00,886 [Listener at 127.0.0.1/39503] INFO  server.Server (Server.java:doStart(375)) - jetty-9.4.49.v20220914; built: 2022-09-14T01:07:36.601Z; git: 4231a3b2e4cb8548a412a789936d640a97b1aa0a; jvm 1.8.0_362-b09
2023-03-29 21:19:00,893 [Listener at 127.0.0.1/39503] INFO  server.session (DefaultSessionIdManager.java:doStart(334)) - DefaultSessionIdManager workerName=node0
2023-03-29 21:19:00,893 [Listener at 127.0.0.1/39503] INFO  server.session (DefaultSessionIdManager.java:doStart(339)) - No SessionScavenger set, using defaults
2023-03-29 21:19:00,894 [Listener at 127.0.0.1/39503] INFO  server.session (HouseKeeper.java:startScavenging(132)) - node0 Scavenging every 600000ms
2023-03-29 21:19:00,894 [Listener at 127.0.0.1/39503] INFO  handler.ContextHandler (ContextHandler.java:doStart(921)) - Started o.e.j.s.ServletContextHandler@37d14f1d{logs,/logs,file:///home/runner/work/ozone/ozone/hadoop-ozone/integration-test/target/log,AVAILABLE}
2023-03-29 21:19:00,894 [Listener at 127.0.0.1/39503] INFO  handler.ContextHandler (ContextHandler.java:doStart(921)) - Started o.e.j.s.ServletContextHandler@256faf9e{static,/static,file:///home/runner/work/ozone/ozone/hadoop-ozone/integration-test/target/test-classes/webapps/static,AVAILABLE}
2023-03-29 21:19:00,896 [Listener at 127.0.0.1/39503] INFO  handler.ContextHandler (ContextHandler.java:doStart(921)) - Started o.e.j.w.WebAppContext@4fe1d55a{ozoneManager,/,file:///home/runner/work/ozone/ozone/hadoop-ozone/integration-test/target/test-classes/webapps/ozoneManager/,AVAILABLE}{file:/home/runner/work/ozone/ozone/hadoop-ozone/integration-test/target/test-classes/webapps/ozoneManager}
2023-03-29 21:19:00,897 [Listener at 127.0.0.1/39503] INFO  server.AbstractConnector (AbstractConnector.java:doStart(333)) - Started ServerConnector@5aa5dde4{HTTP/1.1, (http/1.1)}{0.0.0.0:38849}
2023-03-29 21:19:00,897 [Listener at 127.0.0.1/39503] INFO  server.Server (Server.java:doStart(415)) - Started @194663ms
2023-03-29 21:19:00,897 [Listener at 127.0.0.1/39503] WARN  impl.MetricsSystemImpl (MetricsSystemImpl.java:register(279)) - Sink prometheus already exists!
2023-03-29 21:19:00,898 [Listener at 127.0.0.1/39503] INFO  http.BaseHttpServer (BaseHttpServer.java:updateConnectorAddress(344)) - HTTP server of ozoneManager listening at http://0.0.0.0:38849
2023-03-29 21:19:00,898 [IPC Server Responder] INFO  ipc.Server (Server.java:run(1512)) - IPC Server Responder: starting
2023-03-29 21:19:00,901 [IPC Server listener on 0] INFO  ipc.Server (Server.java:run(1352)) - IPC Server listener on 0: starting
2023-03-29 21:19:00,903 [Listener at 127.0.0.1/39503] INFO  om.OzoneManager (OzoneManager.java:startTrashEmptier(2040)) - Trash Interval set to 0. Files deleted won't move to trash
2023-03-29 21:19:00,904 [org.apache.hadoop.util.JvmPauseMonitor$Monitor@36aca49e] INFO  util.JvmPauseMonitor (JvmPauseMonitor.java:run(188)) - Starting JVM pause monitor
2023-03-29 21:19:00,911 [Listener at 127.0.0.1/39503] WARN  impl.MetricRegistriesImpl (MetricRegistriesImpl.java:addReporterRegistration(111)) - New reporters are added after registries were created. Some metrics will be missing from the reporter. Please add reporter before adding any new registry.
2023-03-29 21:19:00,911 [Listener at 127.0.0.1/39503] WARN  impl.MetricRegistriesImpl (MetricRegistriesImpl.java:addReporterRegistration(111)) - New reporters are added after registries were created. Some metrics will be missing from the reporter. Please add reporter before adding any new registry.
2023-03-29 21:19:00,911 [Listener at 127.0.0.1/39503] INFO  impl.MetricsSystemImpl (MetricsSystemImpl.java:init(158)) - HddsDatanode metrics system started (again)
2023-03-29 21:19:00,925 [Listener at 127.0.0.1/39503] INFO  ozone.HddsDatanodeService (HddsDatanodeService.java:start(249)) - HddsDatanodeService host:fv-az308-773 ip:10.1.0.17
2023-03-29 21:19:00,944 [Listener at 127.0.0.1/39503] INFO  upgrade.AbstractLayoutVersionManager (AbstractLayoutVersionManager.java:init(83)) - Initializing Layout version manager with metadata layout = DATANODE_SCHEMA_V3 (version = 4), software layout = DATANODE_SCHEMA_V3 (version = 4)
2023-03-29 21:19:00,990 [Listener at 127.0.0.1/39503] INFO  reflections.Reflections (Reflections.java:scan(232)) - Reflections took 45 ms to scan 7 urls, producing 155 keys and 368 values 
2023-03-29 21:19:00,991 [Listener at 127.0.0.1/39503] INFO  statemachine.DatanodeStateMachine (DatanodeStateMachine.java:getEndPointTaskThreadPoolSize(260)) - Datanode State Machine Task Thread Pool size 2
2023-03-29 21:19:00,992 [Listener at 127.0.0.1/39503] INFO  volume.HddsVolume (HddsVolume.java:<init>(130)) - Creating HddsVolume: /home/runner/work/ozone/ozone/hadoop-ozone/integration-test/target/test-dir/MiniOzoneClusterImpl-0d259c79-1228-4415-b9fd-a9070010e405/datanode-0/data-0/containers/hdds of storage type : DISK capacity : 9223372036854775807
2023-03-29 21:19:00,992 [Listener at 127.0.0.1/39503] INFO  volume.MutableVolumeSet (MutableVolumeSet.java:initializeVolumeSet(175)) - Added Volume : /home/runner/work/ozone/ozone/hadoop-ozone/integration-test/target/test-dir/MiniOzoneClusterImpl-0d259c79-1228-4415-b9fd-a9070010e405/datanode-0/data-0/containers/hdds to VolumeSet
2023-03-29 21:19:00,993 [Listener at 127.0.0.1/39503] INFO  volume.ThrottledAsyncChecker (ThrottledAsyncChecker.java:schedule(141)) - Scheduling a check for /home/runner/work/ozone/ozone/hadoop-ozone/integration-test/target/test-dir/MiniOzoneClusterImpl-0d259c79-1228-4415-b9fd-a9070010e405/datanode-0/data-0/containers/hdds
2023-03-29 21:19:00,993 [Listener at 127.0.0.1/39503] INFO  volume.StorageVolumeChecker (StorageVolumeChecker.java:checkAllVolumes(202)) - Scheduled health check for volume /home/runner/work/ozone/ozone/hadoop-ozone/integration-test/target/test-dir/MiniOzoneClusterImpl-0d259c79-1228-4415-b9fd-a9070010e405/datanode-0/data-0/containers/hdds
2023-03-29 21:19:01,003 [Listener at 127.0.0.1/39503] INFO  volume.MutableVolumeSet (MutableVolumeSet.java:initializeVolumeSet(175)) - Added Volume : /home/runner/work/ozone/ozone/hadoop-ozone/integration-test/target/test-dir/MiniOzoneClusterImpl-0d259c79-1228-4415-b9fd-a9070010e405/datanode-0/data/ratis to VolumeSet
2023-03-29 21:19:01,003 [Listener at 127.0.0.1/39503] INFO  volume.ThrottledAsyncChecker (ThrottledAsyncChecker.java:schedule(141)) - Scheduling a check for /home/runner/work/ozone/ozone/hadoop-ozone/integration-test/target/test-dir/MiniOzoneClusterImpl-0d259c79-1228-4415-b9fd-a9070010e405/datanode-0/data/ratis
2023-03-29 21:19:01,003 [Listener at 127.0.0.1/39503] INFO  volume.StorageVolumeChecker (StorageVolumeChecker.java:checkAllVolumes(202)) - Scheduled health check for volume /home/runner/work/ozone/ozone/hadoop-ozone/integration-test/target/test-dir/MiniOzoneClusterImpl-0d259c79-1228-4415-b9fd-a9070010e405/datanode-0/data/ratis
2023-03-29 21:19:01,013 [Thread-2432] INFO  ozoneimpl.ContainerReader (ContainerReader.java:readVolume(175)) - Finish verifying containers on volume /home/runner/work/ozone/ozone/hadoop-ozone/integration-test/target/test-dir/MiniOzoneClusterImpl-0d259c79-1228-4415-b9fd-a9070010e405/datanode-0/data-0/containers/hdds
2023-03-29 21:19:01,013 [Listener at 127.0.0.1/39503] INFO  ozoneimpl.OzoneContainer (OzoneContainer.java:buildContainerSet(303)) - Build ContainerSet costs 0s
2023-03-29 21:19:01,015 [Listener at 127.0.0.1/39503] INFO  server.RaftServer (ConfUtils.java:logGet(46)) - raft.rpc.type = GRPC (default)
2023-03-29 21:19:01,015 [Listener at 127.0.0.1/39503] INFO  grpc.GrpcConfigKeys (ConfUtils.java:logFallback(53)) - raft.grpc.admin.host = null (fallback to raft.grpc.server.host)
2023-03-29 21:19:01,015 [Listener at 127.0.0.1/39503] INFO  grpc.GrpcConfigKeys (ConfUtils.java:logGet(46)) - raft.grpc.admin.port = 0 (custom)
2023-03-29 21:19:01,015 [Listener at 127.0.0.1/39503] INFO  grpc.GrpcConfigKeys (ConfUtils.java:logFallback(53)) - raft.grpc.client.host = null (fallback to raft.grpc.server.host)
2023-03-29 21:19:01,015 [Listener at 127.0.0.1/39503] INFO  grpc.GrpcConfigKeys (ConfUtils.java:logGet(46)) - raft.grpc.client.port = 0 (custom)
2023-03-29 21:19:01,015 [Listener at 127.0.0.1/39503] INFO  grpc.GrpcConfigKeys (ConfUtils.java:logGet(46)) - raft.grpc.server.host = null (default)
2023-03-29 21:19:01,015 [Listener at 127.0.0.1/39503] INFO  grpc.GrpcConfigKeys (ConfUtils.java:logGet(46)) - raft.grpc.server.port = 0 (default)
2023-03-29 21:19:01,015 [Listener at 127.0.0.1/39503] INFO  server.GrpcService (ConfUtils.java:logGet(46)) - raft.grpc.message.size.max = 32MB (=33554432) (custom)
2023-03-29 21:19:01,015 [Listener at 127.0.0.1/39503] INFO  server.RaftServerConfigKeys (ConfUtils.java:logGet(46)) - raft.server.log.appender.buffer.byte-limit = 33554432 (custom)
2023-03-29 21:19:01,015 [Listener at 127.0.0.1/39503] INFO  server.GrpcService (ConfUtils.java:logGet(46)) - raft.grpc.flow.control.window = 5MB (=5242880) (custom)
2023-03-29 21:19:01,015 [Listener at 127.0.0.1/39503] INFO  server.RaftServerConfigKeys (ConfUtils.java:logGet(46)) - raft.server.rpc.request.timeout = 60s (custom)
2023-03-29 21:19:01,015 [Listener at 127.0.0.1/39503] INFO  grpc.GrpcConfigKeys (ConfUtils.java:logGet(46)) - raft.grpc.server.heartbeat.channel = true (default)
2023-03-29 21:19:01,015 [Listener at 127.0.0.1/39503] INFO  grpc.GrpcConfigKeys (ConfUtils.java:logGet(46)) - raft.grpc.server.async.request.thread.pool.cached = true (default)
2023-03-29 21:19:01,015 [Listener at 127.0.0.1/39503] INFO  grpc.GrpcConfigKeys (ConfUtils.java:logGet(46)) - raft.grpc.server.async.request.thread.pool.size = 32 (default)
2023-03-29 21:19:01,016 [Listener at 127.0.0.1/39503] INFO  impl.DataStreamServerImpl (ConfUtils.java:logGet(46)) - raft.datastream.type = NETTY (custom)
2023-03-29 21:19:01,017 [Listener at 127.0.0.1/39503] INFO  server.RaftServerConfigKeys (ConfUtils.java:logGet(46)) - raft.server.data-stream.async.request.thread.pool.cached = false (default)
2023-03-29 21:19:01,017 [Listener at 127.0.0.1/39503] INFO  server.RaftServerConfigKeys (ConfUtils.java:logGet(46)) - raft.server.data-stream.async.request.thread.pool.size = 20 (custom)
2023-03-29 21:19:01,017 [Listener at 127.0.0.1/39503] INFO  server.RaftServerConfigKeys (ConfUtils.java:logGet(46)) - raft.server.data-stream.async.write.thread.pool.size = 16 (default)
2023-03-29 21:19:01,017 [Listener at 127.0.0.1/39503] INFO  server.RaftServerConfigKeys (ConfUtils.java:logGet(46)) - raft.server.data-stream.client.pool.size = 10 (default)
2023-03-29 21:19:01,017 [Listener at 127.0.0.1/39503] INFO  netty.NettyConfigKeys$DataStream (ConfUtils.java:logGet(46)) - raft.netty.dataStream.server.use-epoll = false (default)
2023-03-29 21:19:01,017 [Listener at 127.0.0.1/39503] INFO  netty.NettyConfigKeys$DataStream (ConfUtils.java:logGet(46)) - raft.netty.dataStream.server.boss-group.size = 0 (default)
2023-03-29 21:19:01,017 [Listener at 127.0.0.1/39503] INFO  netty.NettyConfigKeys$DataStream (ConfUtils.java:logGet(46)) - raft.netty.dataStream.server.worker-group.size = 0 (default)
2023-03-29 21:19:01,017 [Listener at 127.0.0.1/39503] INFO  netty.NettyConfigKeys$DataStream (ConfUtils.java:logGet(46)) - raft.netty.dataStream.server.tls.conf = null (default)
2023-03-29 21:19:01,018 [Listener at 127.0.0.1/39503] INFO  netty.NettyConfigKeys$DataStream (ConfUtils.java:logGet(46)) - raft.netty.dataStream.host = null (default)
2023-03-29 21:19:01,018 [Listener at 127.0.0.1/39503] INFO  netty.NettyConfigKeys$DataStream (ConfUtils.java:logGet(46)) - raft.netty.dataStream.port = 0 (default)
2023-03-29 21:19:01,018 [Listener at 127.0.0.1/39503] INFO  server.RaftServerConfigKeys (ConfUtils.java:logGet(46)) - raft.server.threadpool.proxy.cached = true (default)
2023-03-29 21:19:01,018 [Listener at 127.0.0.1/39503] INFO  server.RaftServerConfigKeys (ConfUtils.java:logGet(46)) - raft.server.threadpool.proxy.size = 0 (default)
2023-03-29 21:19:01,018 [Listener at 127.0.0.1/39503] INFO  server.RaftServerConfigKeys (ConfUtils.java:logGet(46)) - raft.server.rpc.slowness.timeout = 300s (custom)
2023-03-29 21:19:01,018 [Listener at 127.0.0.1/39503] INFO  server.RaftServerConfigKeys (ConfUtils.java:logGet(46)) - raft.server.leaderelection.leader.step-down.wait-time = 10s (default)
2023-03-29 21:19:01,018 [Listener at 127.0.0.1/39503] INFO  server.RaftServerConfigKeys (ConfUtils.java:logGet(46)) - raft.server.storage.dir = [/home/runner/work/ozone/ozone/hadoop-ozone/integration-test/target/test-dir/MiniOzoneClusterImpl-0d259c79-1228-4415-b9fd-a9070010e405/datanode-0/data/ratis] (custom)
2023-03-29 21:19:01,019 [1abb1f07-e430-4123-bdc4-d890b91ae57d-NettyServerStreamRpc-bossGroup--thread1] INFO  logging.LoggingHandler (AbstractInternalLogger.java:log(148)) - [id: 0x053584ae] REGISTERED
2023-03-29 21:19:01,019 [1abb1f07-e430-4123-bdc4-d890b91ae57d-NettyServerStreamRpc-bossGroup--thread1] INFO  logging.LoggingHandler (AbstractInternalLogger.java:log(148)) - [id: 0x053584ae] BIND: 0.0.0.0/0.0.0.0:0
2023-03-29 21:19:01,019 [1abb1f07-e430-4123-bdc4-d890b91ae57d-NettyServerStreamRpc-bossGroup--thread1] INFO  logging.LoggingHandler (AbstractInternalLogger.java:log(148)) - [id: 0x053584ae, L:/0:0:0:0:0:0:0:0:45191] ACTIVE
2023-03-29 21:19:01,020 [Listener at 127.0.0.1/39503] INFO  server.XceiverServerGrpc (XceiverServerGrpc.java:<init>(132)) - GrpcServer channel type EpollServerSocketChannel
2023-03-29 21:19:01,024 [Listener at 127.0.0.1/39503] INFO  http.BaseHttpServer (BaseHttpServer.java:newHttpServer2BuilderForOzone(224)) - Starting Web-server for hddsDatanode at: http://0.0.0.0:0
2023-03-29 21:19:01,024 [Listener at 127.0.0.1/39503] INFO  http.BaseHttpServer (BaseHttpServer.java:<init>(111)) - Hadoop Security Enabled: false Ozone Security Enabled: false Ozone HTTP Security Enabled: false 
2023-03-29 21:19:01,024 [Listener at 127.0.0.1/39503] WARN  server.AuthenticationFilter (AuthenticationFilter.java:constructSecretProvider(240)) - Unable to initialize FileSignerSecretProvider, falling back to use random secrets. Reason: Could not read signature secret file: /home/runner/hadoop-http-auth-signature-secret
2023-03-29 21:19:01,025 [Listener at 127.0.0.1/39503] WARN  http.HttpRequestLog (HttpRequestLog.java:getRequestLog(103)) - Jetty request log can only be enabled using Log4j
2023-03-29 21:19:01,026 [Listener at 127.0.0.1/39503] INFO  http.HttpServer2 (HttpServer2.java:addGlobalFilter(1031)) - Added global filter 'safety' (class=org.apache.hadoop.hdds.server.http.HttpServer2$QuotingInputFilter)
2023-03-29 21:19:01,026 [Listener at 127.0.0.1/39503] INFO  http.HttpServer2 (HttpServer2.java:addFilter(1007)) - Added filter static_user_filter (class=org.apache.hadoop.http.lib.StaticUserWebFilter$StaticUserFilter) to context hddsDatanode
2023-03-29 21:19:01,026 [Listener at 127.0.0.1/39503] INFO  http.HttpServer2 (HttpServer2.java:addFilter(1015)) - Added filter static_user_filter (class=org.apache.hadoop.http.lib.StaticUserWebFilter$StaticUserFilter) to context logs
2023-03-29 21:19:01,026 [Listener at 127.0.0.1/39503] INFO  http.HttpServer2 (HttpServer2.java:addFilter(1015)) - Added filter static_user_filter (class=org.apache.hadoop.http.lib.StaticUserWebFilter$StaticUserFilter) to context static
2023-03-29 21:19:01,029 [Listener at 127.0.0.1/39503] INFO  http.BaseHttpServer (BaseHttpServer.java:<init>(190)) - HTTP server of hddsDatanode uses base directory /home/runner/work/ozone/ozone/hadoop-ozone/integration-test/target/test-dir/MiniOzoneClusterImpl-0d259c79-1228-4415-b9fd-a9070010e405/datanode-0/meta/webserver
2023-03-29 21:19:01,029 [Listener at 127.0.0.1/39503] INFO  http.HttpServer2 (HttpServer2.java:bindListener(1250)) - Jetty bound to port 45723
2023-03-29 21:19:01,029 [Listener at 127.0.0.1/39503] INFO  server.Server (Server.java:doStart(375)) - jetty-9.4.49.v20220914; built: 2022-09-14T01:07:36.601Z; git: 4231a3b2e4cb8548a412a789936d640a97b1aa0a; jvm 1.8.0_362-b09
2023-03-29 21:19:01,030 [Listener at 127.0.0.1/39503] INFO  server.session (DefaultSessionIdManager.java:doStart(334)) - DefaultSessionIdManager workerName=node0
2023-03-29 21:19:01,030 [Listener at 127.0.0.1/39503] INFO  server.session (DefaultSessionIdManager.java:doStart(339)) - No SessionScavenger set, using defaults
2023-03-29 21:19:01,030 [Listener at 127.0.0.1/39503] INFO  server.session (HouseKeeper.java:startScavenging(132)) - node0 Scavenging every 660000ms
2023-03-29 21:19:01,031 [Listener at 127.0.0.1/39503] INFO  handler.ContextHandler (ContextHandler.java:doStart(921)) - Started o.e.j.s.ServletContextHandler@399fecc3{logs,/logs,file:///home/runner/work/ozone/ozone/hadoop-ozone/integration-test/target/log,AVAILABLE}
2023-03-29 21:19:01,032 [Listener at 127.0.0.1/39503] INFO  handler.ContextHandler (ContextHandler.java:doStart(921)) - Started o.e.j.s.ServletContextHandler@46c291fd{static,/static,jar:file:/home/runner/.m2/repository/org/apache/ozone/hdds-container-service/1.4.0-SNAPSHOT/hdds-container-service-1.4.0-SNAPSHOT.jar!/webapps/static,AVAILABLE}
2023-03-29 21:19:01,227 [Listener at 127.0.0.1/39503] INFO  handler.ContextHandler (ContextHandler.java:doStart(921)) - Started o.e.j.w.WebAppContext@af3c368{hddsDatanode,/,file:///home/runner/work/ozone/ozone/hadoop-ozone/integration-test/target/test-dir/MiniOzoneClusterImpl-0d259c79-1228-4415-b9fd-a9070010e405/datanode-0/meta/webserver/jetty-0_0_0_0-45723-hdds-container-service-1_4_0-SNAPSHOT_jar-_-any-5298395659974597401/webapp/,AVAILABLE}{jar:file:/home/runner/.m2/repository/org/apache/ozone/hdds-container-service/1.4.0-SNAPSHOT/hdds-container-service-1.4.0-SNAPSHOT.jar!/webapps/hddsDatanode}
2023-03-29 21:19:01,228 [Listener at 127.0.0.1/39503] INFO  server.AbstractConnector (AbstractConnector.java:doStart(333)) - Started ServerConnector@79b7c2b3{HTTP/1.1, (http/1.1)}{0.0.0.0:45723}
2023-03-29 21:19:01,228 [Listener at 127.0.0.1/39503] INFO  server.Server (Server.java:doStart(415)) - Started @194994ms
2023-03-29 21:19:01,228 [Listener at 127.0.0.1/39503] WARN  impl.MetricsSystemImpl (MetricsSystemImpl.java:register(279)) - Sink prometheus already exists!
2023-03-29 21:19:01,229 [Listener at 127.0.0.1/39503] INFO  http.BaseHttpServer (BaseHttpServer.java:updateConnectorAddress(344)) - HTTP server of hddsDatanode listening at http://0.0.0.0:45723
2023-03-29 21:19:01,229 [Listener at 127.0.0.1/39503] WARN  impl.MetricRegistriesImpl (MetricRegistriesImpl.java:addReporterRegistration(111)) - New reporters are added after registries were created. Some metrics will be missing from the reporter. Please add reporter before adding any new registry.
2023-03-29 21:19:01,229 [Listener at 127.0.0.1/39503] WARN  impl.MetricRegistriesImpl (MetricRegistriesImpl.java:addReporterRegistration(111)) - New reporters are added after registries were created. Some metrics will be missing from the reporter. Please add reporter before adding any new registry.
2023-03-29 21:19:01,229 [Listener at 127.0.0.1/39503] INFO  impl.MetricsSystemImpl (MetricsSystemImpl.java:init(158)) - HddsDatanode metrics system started (again)
2023-03-29 21:19:01,237 [Datanode State Machine Daemon Thread] INFO  statemachine.DatanodeStateMachine (DatanodeStateMachine.java:lambda$startDaemon$0(517)) - Ozone container server started.
2023-03-29 21:19:01,246 [org.apache.hadoop.util.JvmPauseMonitor$Monitor@1dcfab5b] INFO  util.JvmPauseMonitor (JvmPauseMonitor.java:run(188)) - Starting JVM pause monitor
2023-03-29 21:19:01,248 [Listener at 127.0.0.1/39503] INFO  ozone.HddsDatanodeService (HddsDatanodeService.java:start(249)) - HddsDatanodeService host:fv-az308-773 ip:10.1.0.17
2023-03-29 21:19:01,268 [Datanode State Machine Task Thread - 0] INFO  datanode.InitDatanodeState (InitDatanodeState.java:persistContainerDatanodeDetails(138)) - DatanodeDetails is persisted to /home/runner/work/ozone/ozone/hadoop-ozone/integration-test/target/test-dir/MiniOzoneClusterImpl-0d259c79-1228-4415-b9fd-a9070010e405/datanode-0/meta/datanode.id
2023-03-29 21:19:01,278 [Listener at 127.0.0.1/39503] INFO  upgrade.AbstractLayoutVersionManager (AbstractLayoutVersionManager.java:init(83)) - Initializing Layout version manager with metadata layout = DATANODE_SCHEMA_V3 (version = 4), software layout = DATANODE_SCHEMA_V3 (version = 4)
2023-03-29 21:19:01,324 [Listener at 127.0.0.1/39503] INFO  reflections.Reflections (Reflections.java:scan(232)) - Reflections took 45 ms to scan 7 urls, producing 155 keys and 368 values 
2023-03-29 21:19:01,326 [Listener at 127.0.0.1/39503] INFO  statemachine.DatanodeStateMachine (DatanodeStateMachine.java:getEndPointTaskThreadPoolSize(260)) - Datanode State Machine Task Thread Pool size 2
2023-03-29 21:19:01,327 [Listener at 127.0.0.1/39503] INFO  volume.HddsVolume (HddsVolume.java:<init>(130)) - Creating HddsVolume: /home/runner/work/ozone/ozone/hadoop-ozone/integration-test/target/test-dir/MiniOzoneClusterImpl-0d259c79-1228-4415-b9fd-a9070010e405/datanode-1/data-0/containers/hdds of storage type : DISK capacity : 9223372036854775807
2023-03-29 21:19:01,327 [Listener at 127.0.0.1/39503] INFO  volume.MutableVolumeSet (MutableVolumeSet.java:initializeVolumeSet(175)) - Added Volume : /home/runner/work/ozone/ozone/hadoop-ozone/integration-test/target/test-dir/MiniOzoneClusterImpl-0d259c79-1228-4415-b9fd-a9070010e405/datanode-1/data-0/containers/hdds to VolumeSet
2023-03-29 21:19:01,327 [Listener at 127.0.0.1/39503] INFO  volume.ThrottledAsyncChecker (ThrottledAsyncChecker.java:schedule(141)) - Scheduling a check for /home/runner/work/ozone/ozone/hadoop-ozone/integration-test/target/test-dir/MiniOzoneClusterImpl-0d259c79-1228-4415-b9fd-a9070010e405/datanode-1/data-0/containers/hdds
2023-03-29 21:19:01,328 [Listener at 127.0.0.1/39503] INFO  volume.StorageVolumeChecker (StorageVolumeChecker.java:checkAllVolumes(202)) - Scheduled health check for volume /home/runner/work/ozone/ozone/hadoop-ozone/integration-test/target/test-dir/MiniOzoneClusterImpl-0d259c79-1228-4415-b9fd-a9070010e405/datanode-1/data-0/containers/hdds
2023-03-29 21:19:01,338 [Listener at 127.0.0.1/39503] INFO  volume.MutableVolumeSet (MutableVolumeSet.java:initializeVolumeSet(175)) - Added Volume : /home/runner/work/ozone/ozone/hadoop-ozone/integration-test/target/test-dir/MiniOzoneClusterImpl-0d259c79-1228-4415-b9fd-a9070010e405/datanode-1/data/ratis to VolumeSet
2023-03-29 21:19:01,338 [Listener at 127.0.0.1/39503] INFO  volume.ThrottledAsyncChecker (ThrottledAsyncChecker.java:schedule(141)) - Scheduling a check for /home/runner/work/ozone/ozone/hadoop-ozone/integration-test/target/test-dir/MiniOzoneClusterImpl-0d259c79-1228-4415-b9fd-a9070010e405/datanode-1/data/ratis
2023-03-29 21:19:01,338 [Listener at 127.0.0.1/39503] INFO  volume.StorageVolumeChecker (StorageVolumeChecker.java:checkAllVolumes(202)) - Scheduled health check for volume /home/runner/work/ozone/ozone/hadoop-ozone/integration-test/target/test-dir/MiniOzoneClusterImpl-0d259c79-1228-4415-b9fd-a9070010e405/datanode-1/data/ratis
2023-03-29 21:19:01,356 [Thread-2446] INFO  ozoneimpl.ContainerReader (ContainerReader.java:readVolume(175)) - Finish verifying containers on volume /home/runner/work/ozone/ozone/hadoop-ozone/integration-test/target/test-dir/MiniOzoneClusterImpl-0d259c79-1228-4415-b9fd-a9070010e405/datanode-1/data-0/containers/hdds
2023-03-29 21:19:01,356 [Listener at 127.0.0.1/39503] INFO  ozoneimpl.OzoneContainer (OzoneContainer.java:buildContainerSet(303)) - Build ContainerSet costs 0s
2023-03-29 21:19:01,358 [Listener at 127.0.0.1/39503] INFO  server.RaftServer (ConfUtils.java:logGet(46)) - raft.rpc.type = GRPC (default)
2023-03-29 21:19:01,358 [Listener at 127.0.0.1/39503] INFO  grpc.GrpcConfigKeys (ConfUtils.java:logFallback(53)) - raft.grpc.admin.host = null (fallback to raft.grpc.server.host)
2023-03-29 21:19:01,358 [Listener at 127.0.0.1/39503] INFO  grpc.GrpcConfigKeys (ConfUtils.java:logGet(46)) - raft.grpc.admin.port = 0 (custom)
2023-03-29 21:19:01,358 [Listener at 127.0.0.1/39503] INFO  grpc.GrpcConfigKeys (ConfUtils.java:logFallback(53)) - raft.grpc.client.host = null (fallback to raft.grpc.server.host)
2023-03-29 21:19:01,358 [Listener at 127.0.0.1/39503] INFO  grpc.GrpcConfigKeys (ConfUtils.java:logGet(46)) - raft.grpc.client.port = 0 (custom)
2023-03-29 21:19:01,358 [Listener at 127.0.0.1/39503] INFO  grpc.GrpcConfigKeys (ConfUtils.java:logGet(46)) - raft.grpc.server.host = null (default)
2023-03-29 21:19:01,358 [Listener at 127.0.0.1/39503] INFO  grpc.GrpcConfigKeys (ConfUtils.java:logGet(46)) - raft.grpc.server.port = 0 (default)
2023-03-29 21:19:01,358 [Listener at 127.0.0.1/39503] INFO  server.GrpcService (ConfUtils.java:logGet(46)) - raft.grpc.message.size.max = 32MB (=33554432) (custom)
2023-03-29 21:19:01,358 [Listener at 127.0.0.1/39503] INFO  server.RaftServerConfigKeys (ConfUtils.java:logGet(46)) - raft.server.log.appender.buffer.byte-limit = 33554432 (custom)
2023-03-29 21:19:01,358 [Listener at 127.0.0.1/39503] INFO  server.GrpcService (ConfUtils.java:logGet(46)) - raft.grpc.flow.control.window = 5MB (=5242880) (custom)
2023-03-29 21:19:01,359 [Listener at 127.0.0.1/39503] INFO  server.RaftServerConfigKeys (ConfUtils.java:logGet(46)) - raft.server.rpc.request.timeout = 60s (custom)
2023-03-29 21:19:01,359 [Listener at 127.0.0.1/39503] INFO  grpc.GrpcConfigKeys (ConfUtils.java:logGet(46)) - raft.grpc.server.heartbeat.channel = true (default)
2023-03-29 21:19:01,359 [Listener at 127.0.0.1/39503] INFO  grpc.GrpcConfigKeys (ConfUtils.java:logGet(46)) - raft.grpc.server.async.request.thread.pool.cached = true (default)
2023-03-29 21:19:01,359 [Listener at 127.0.0.1/39503] INFO  grpc.GrpcConfigKeys (ConfUtils.java:logGet(46)) - raft.grpc.server.async.request.thread.pool.size = 32 (default)
2023-03-29 21:19:01,360 [Listener at 127.0.0.1/39503] INFO  impl.DataStreamServerImpl (ConfUtils.java:logGet(46)) - raft.datastream.type = NETTY (custom)
2023-03-29 21:19:01,360 [Listener at 127.0.0.1/39503] INFO  server.RaftServerConfigKeys (ConfUtils.java:logGet(46)) - raft.server.data-stream.async.request.thread.pool.cached = false (default)
2023-03-29 21:19:01,360 [Listener at 127.0.0.1/39503] INFO  server.RaftServerConfigKeys (ConfUtils.java:logGet(46)) - raft.server.data-stream.async.request.thread.pool.size = 20 (custom)
2023-03-29 21:19:01,360 [Listener at 127.0.0.1/39503] INFO  server.RaftServerConfigKeys (ConfUtils.java:logGet(46)) - raft.server.data-stream.async.write.thread.pool.size = 16 (default)
2023-03-29 21:19:01,360 [Listener at 127.0.0.1/39503] INFO  server.RaftServerConfigKeys (ConfUtils.java:logGet(46)) - raft.server.data-stream.client.pool.size = 10 (default)
2023-03-29 21:19:01,360 [Listener at 127.0.0.1/39503] INFO  netty.NettyConfigKeys$DataStream (ConfUtils.java:logGet(46)) - raft.netty.dataStream.server.use-epoll = false (default)
2023-03-29 21:19:01,360 [Listener at 127.0.0.1/39503] INFO  netty.NettyConfigKeys$DataStream (ConfUtils.java:logGet(46)) - raft.netty.dataStream.server.boss-group.size = 0 (default)
2023-03-29 21:19:01,361 [Listener at 127.0.0.1/39503] INFO  netty.NettyConfigKeys$DataStream (ConfUtils.java:logGet(46)) - raft.netty.dataStream.server.worker-group.size = 0 (default)
2023-03-29 21:19:01,361 [Listener at 127.0.0.1/39503] INFO  netty.NettyConfigKeys$DataStream (ConfUtils.java:logGet(46)) - raft.netty.dataStream.server.tls.conf = null (default)
2023-03-29 21:19:01,361 [Listener at 127.0.0.1/39503] INFO  netty.NettyConfigKeys$DataStream (ConfUtils.java:logGet(46)) - raft.netty.dataStream.host = null (default)
2023-03-29 21:19:01,361 [Listener at 127.0.0.1/39503] INFO  netty.NettyConfigKeys$DataStream (ConfUtils.java:logGet(46)) - raft.netty.dataStream.port = 0 (default)
2023-03-29 21:19:01,361 [Listener at 127.0.0.1/39503] INFO  server.RaftServerConfigKeys (ConfUtils.java:logGet(46)) - raft.server.threadpool.proxy.cached = true (default)
2023-03-29 21:19:01,361 [Listener at 127.0.0.1/39503] INFO  server.RaftServerConfigKeys (ConfUtils.java:logGet(46)) - raft.server.threadpool.proxy.size = 0 (default)
2023-03-29 21:19:01,361 [Listener at 127.0.0.1/39503] INFO  server.RaftServerConfigKeys (ConfUtils.java:logGet(46)) - raft.server.rpc.slowness.timeout = 300s (custom)
2023-03-29 21:19:01,362 [10c8465d-f338-41bc-bb05-aaed11bcc7c4-NettyServerStreamRpc-bossGroup--thread1] INFO  logging.LoggingHandler (AbstractInternalLogger.java:log(148)) - [id: 0x9f524bc6] REGISTERED
2023-03-29 21:19:01,362 [Listener at 127.0.0.1/39503] INFO  server.RaftServerConfigKeys (ConfUtils.java:logGet(46)) - raft.server.leaderelection.leader.step-down.wait-time = 10s (default)
2023-03-29 21:19:01,362 [10c8465d-f338-41bc-bb05-aaed11bcc7c4-NettyServerStreamRpc-bossGroup--thread1] INFO  logging.LoggingHandler (AbstractInternalLogger.java:log(148)) - [id: 0x9f524bc6] BIND: 0.0.0.0/0.0.0.0:0
2023-03-29 21:19:01,362 [Listener at 127.0.0.1/39503] INFO  server.RaftServerConfigKeys (ConfUtils.java:logGet(46)) - raft.server.storage.dir = [/home/runner/work/ozone/ozone/hadoop-ozone/integration-test/target/test-dir/MiniOzoneClusterImpl-0d259c79-1228-4415-b9fd-a9070010e405/datanode-1/data/ratis] (custom)
2023-03-29 21:19:01,362 [10c8465d-f338-41bc-bb05-aaed11bcc7c4-NettyServerStreamRpc-bossGroup--thread1] INFO  logging.LoggingHandler (AbstractInternalLogger.java:log(148)) - [id: 0x9f524bc6, L:/0:0:0:0:0:0:0:0:42937] ACTIVE
2023-03-29 21:19:01,363 [Listener at 127.0.0.1/39503] INFO  server.XceiverServerGrpc (XceiverServerGrpc.java:<init>(132)) - GrpcServer channel type EpollServerSocketChannel
2023-03-29 21:19:01,366 [Listener at 127.0.0.1/39503] INFO  http.BaseHttpServer (BaseHttpServer.java:newHttpServer2BuilderForOzone(224)) - Starting Web-server for hddsDatanode at: http://0.0.0.0:0
2023-03-29 21:19:01,366 [Listener at 127.0.0.1/39503] INFO  http.BaseHttpServer (BaseHttpServer.java:<init>(111)) - Hadoop Security Enabled: false Ozone Security Enabled: false Ozone HTTP Security Enabled: false 
2023-03-29 21:19:01,367 [Listener at 127.0.0.1/39503] WARN  server.AuthenticationFilter (AuthenticationFilter.java:constructSecretProvider(240)) - Unable to initialize FileSignerSecretProvider, falling back to use random secrets. Reason: Could not read signature secret file: /home/runner/hadoop-http-auth-signature-secret
2023-03-29 21:19:01,367 [Listener at 127.0.0.1/39503] WARN  http.HttpRequestLog (HttpRequestLog.java:getRequestLog(103)) - Jetty request log can only be enabled using Log4j
2023-03-29 21:19:01,368 [Listener at 127.0.0.1/39503] INFO  http.HttpServer2 (HttpServer2.java:addGlobalFilter(1031)) - Added global filter 'safety' (class=org.apache.hadoop.hdds.server.http.HttpServer2$QuotingInputFilter)
2023-03-29 21:19:01,368 [Listener at 127.0.0.1/39503] INFO  http.HttpServer2 (HttpServer2.java:addFilter(1007)) - Added filter static_user_filter (class=org.apache.hadoop.http.lib.StaticUserWebFilter$StaticUserFilter) to context hddsDatanode
2023-03-29 21:19:01,369 [Listener at 127.0.0.1/39503] INFO  http.HttpServer2 (HttpServer2.java:addFilter(1015)) - Added filter static_user_filter (class=org.apache.hadoop.http.lib.StaticUserWebFilter$StaticUserFilter) to context logs
2023-03-29 21:19:01,369 [Listener at 127.0.0.1/39503] INFO  http.HttpServer2 (HttpServer2.java:addFilter(1015)) - Added filter static_user_filter (class=org.apache.hadoop.http.lib.StaticUserWebFilter$StaticUserFilter) to context static
2023-03-29 21:19:01,369 [Listener at 127.0.0.1/39503] INFO  http.BaseHttpServer (BaseHttpServer.java:<init>(190)) - HTTP server of hddsDatanode uses base directory /home/runner/work/ozone/ozone/hadoop-ozone/integration-test/target/test-dir/MiniOzoneClusterImpl-0d259c79-1228-4415-b9fd-a9070010e405/datanode-1/meta/webserver
2023-03-29 21:19:01,369 [Listener at 127.0.0.1/39503] INFO  http.HttpServer2 (HttpServer2.java:bindListener(1250)) - Jetty bound to port 35121
2023-03-29 21:19:01,372 [Listener at 127.0.0.1/39503] INFO  server.Server (Server.java:doStart(375)) - jetty-9.4.49.v20220914; built: 2022-09-14T01:07:36.601Z; git: 4231a3b2e4cb8548a412a789936d640a97b1aa0a; jvm 1.8.0_362-b09
2023-03-29 21:19:01,386 [Listener at 127.0.0.1/39503] INFO  server.session (DefaultSessionIdManager.java:doStart(334)) - DefaultSessionIdManager workerName=node0
2023-03-29 21:19:01,386 [Listener at 127.0.0.1/39503] INFO  server.session (DefaultSessionIdManager.java:doStart(339)) - No SessionScavenger set, using defaults
2023-03-29 21:19:01,386 [Listener at 127.0.0.1/39503] INFO  server.session (HouseKeeper.java:startScavenging(132)) - node0 Scavenging every 660000ms
2023-03-29 21:19:01,387 [Listener at 127.0.0.1/39503] INFO  handler.ContextHandler (ContextHandler.java:doStart(921)) - Started o.e.j.s.ServletContextHandler@1ed1285{logs,/logs,file:///home/runner/work/ozone/ozone/hadoop-ozone/integration-test/target/log,AVAILABLE}
2023-03-29 21:19:01,387 [Listener at 127.0.0.1/39503] INFO  handler.ContextHandler (ContextHandler.java:doStart(921)) - Started o.e.j.s.ServletContextHandler@70e11968{static,/static,jar:file:/home/runner/.m2/repository/org/apache/ozone/hdds-container-service/1.4.0-SNAPSHOT/hdds-container-service-1.4.0-SNAPSHOT.jar!/webapps/static,AVAILABLE}
2023-03-29 21:19:01,587 [Listener at 127.0.0.1/39503] INFO  handler.ContextHandler (ContextHandler.java:doStart(921)) - Started o.e.j.w.WebAppContext@5726e77{hddsDatanode,/,file:///home/runner/work/ozone/ozone/hadoop-ozone/integration-test/target/test-dir/MiniOzoneClusterImpl-0d259c79-1228-4415-b9fd-a9070010e405/datanode-1/meta/webserver/jetty-0_0_0_0-35121-hdds-container-service-1_4_0-SNAPSHOT_jar-_-any-2981522977184869817/webapp/,AVAILABLE}{jar:file:/home/runner/.m2/repository/org/apache/ozone/hdds-container-service/1.4.0-SNAPSHOT/hdds-container-service-1.4.0-SNAPSHOT.jar!/webapps/hddsDatanode}
2023-03-29 21:19:01,589 [Listener at 127.0.0.1/39503] INFO  server.AbstractConnector (AbstractConnector.java:doStart(333)) - Started ServerConnector@1d187861{HTTP/1.1, (http/1.1)}{0.0.0.0:35121}
2023-03-29 21:19:01,589 [Listener at 127.0.0.1/39503] INFO  server.Server (Server.java:doStart(415)) - Started @195355ms
2023-03-29 21:19:01,589 [Listener at 127.0.0.1/39503] WARN  impl.MetricsSystemImpl (MetricsSystemImpl.java:register(279)) - Sink prometheus already exists!
2023-03-29 21:19:01,593 [Listener at 127.0.0.1/39503] INFO  http.BaseHttpServer (BaseHttpServer.java:updateConnectorAddress(344)) - HTTP server of hddsDatanode listening at http://0.0.0.0:35121
2023-03-29 21:19:01,594 [Listener at 127.0.0.1/39503] WARN  impl.MetricRegistriesImpl (MetricRegistriesImpl.java:addReporterRegistration(111)) - New reporters are added after registries were created. Some metrics will be missing from the reporter. Please add reporter before adding any new registry.
2023-03-29 21:19:01,594 [Listener at 127.0.0.1/39503] WARN  impl.MetricRegistriesImpl (MetricRegistriesImpl.java:addReporterRegistration(111)) - New reporters are added after registries were created. Some metrics will be missing from the reporter. Please add reporter before adding any new registry.
2023-03-29 21:19:01,594 [Listener at 127.0.0.1/39503] INFO  impl.MetricsSystemImpl (MetricsSystemImpl.java:init(158)) - HddsDatanode metrics system started (again)
2023-03-29 21:19:01,601 [Datanode State Machine Daemon Thread] INFO  statemachine.DatanodeStateMachine (DatanodeStateMachine.java:lambda$startDaemon$0(517)) - Ozone container server started.
2023-03-29 21:19:01,609 [org.apache.hadoop.util.JvmPauseMonitor$Monitor@51b977fc] INFO  util.JvmPauseMonitor (JvmPauseMonitor.java:run(188)) - Starting JVM pause monitor
2023-03-29 21:19:01,613 [Listener at 127.0.0.1/39503] INFO  ozone.HddsDatanodeService (HddsDatanodeService.java:start(249)) - HddsDatanodeService host:fv-az308-773 ip:10.1.0.17
2023-03-29 21:19:01,623 [Datanode State Machine Task Thread - 0] INFO  datanode.InitDatanodeState (InitDatanodeState.java:persistContainerDatanodeDetails(138)) - DatanodeDetails is persisted to /home/runner/work/ozone/ozone/hadoop-ozone/integration-test/target/test-dir/MiniOzoneClusterImpl-0d259c79-1228-4415-b9fd-a9070010e405/datanode-1/meta/datanode.id
2023-03-29 21:19:01,637 [Listener at 127.0.0.1/39503] INFO  upgrade.AbstractLayoutVersionManager (AbstractLayoutVersionManager.java:init(83)) - Initializing Layout version manager with metadata layout = DATANODE_SCHEMA_V3 (version = 4), software layout = DATANODE_SCHEMA_V3 (version = 4)
2023-03-29 21:19:01,683 [Listener at 127.0.0.1/39503] INFO  reflections.Reflections (Reflections.java:scan(232)) - Reflections took 45 ms to scan 7 urls, producing 155 keys and 368 values 
2023-03-29 21:19:01,684 [Listener at 127.0.0.1/39503] INFO  statemachine.DatanodeStateMachine (DatanodeStateMachine.java:getEndPointTaskThreadPoolSize(260)) - Datanode State Machine Task Thread Pool size 2
2023-03-29 21:19:01,686 [Listener at 127.0.0.1/39503] INFO  volume.HddsVolume (HddsVolume.java:<init>(130)) - Creating HddsVolume: /home/runner/work/ozone/ozone/hadoop-ozone/integration-test/target/test-dir/MiniOzoneClusterImpl-0d259c79-1228-4415-b9fd-a9070010e405/datanode-2/data-0/containers/hdds of storage type : DISK capacity : 9223372036854775807
2023-03-29 21:19:01,686 [Listener at 127.0.0.1/39503] INFO  volume.MutableVolumeSet (MutableVolumeSet.java:initializeVolumeSet(175)) - Added Volume : /home/runner/work/ozone/ozone/hadoop-ozone/integration-test/target/test-dir/MiniOzoneClusterImpl-0d259c79-1228-4415-b9fd-a9070010e405/datanode-2/data-0/containers/hdds to VolumeSet
2023-03-29 21:19:01,686 [Listener at 127.0.0.1/39503] INFO  volume.ThrottledAsyncChecker (ThrottledAsyncChecker.java:schedule(141)) - Scheduling a check for /home/runner/work/ozone/ozone/hadoop-ozone/integration-test/target/test-dir/MiniOzoneClusterImpl-0d259c79-1228-4415-b9fd-a9070010e405/datanode-2/data-0/containers/hdds
2023-03-29 21:19:01,688 [Listener at 127.0.0.1/39503] INFO  volume.StorageVolumeChecker (StorageVolumeChecker.java:checkAllVolumes(202)) - Scheduled health check for volume /home/runner/work/ozone/ozone/hadoop-ozone/integration-test/target/test-dir/MiniOzoneClusterImpl-0d259c79-1228-4415-b9fd-a9070010e405/datanode-2/data-0/containers/hdds
2023-03-29 21:19:01,699 [Listener at 127.0.0.1/39503] INFO  volume.MutableVolumeSet (MutableVolumeSet.java:initializeVolumeSet(175)) - Added Volume : /home/runner/work/ozone/ozone/hadoop-ozone/integration-test/target/test-dir/MiniOzoneClusterImpl-0d259c79-1228-4415-b9fd-a9070010e405/datanode-2/data/ratis to VolumeSet
2023-03-29 21:19:01,699 [Listener at 127.0.0.1/39503] INFO  volume.ThrottledAsyncChecker (ThrottledAsyncChecker.java:schedule(141)) - Scheduling a check for /home/runner/work/ozone/ozone/hadoop-ozone/integration-test/target/test-dir/MiniOzoneClusterImpl-0d259c79-1228-4415-b9fd-a9070010e405/datanode-2/data/ratis
2023-03-29 21:19:01,699 [Listener at 127.0.0.1/39503] INFO  volume.StorageVolumeChecker (StorageVolumeChecker.java:checkAllVolumes(202)) - Scheduled health check for volume /home/runner/work/ozone/ozone/hadoop-ozone/integration-test/target/test-dir/MiniOzoneClusterImpl-0d259c79-1228-4415-b9fd-a9070010e405/datanode-2/data/ratis
2023-03-29 21:19:01,717 [Thread-2460] INFO  ozoneimpl.ContainerReader (ContainerReader.java:readVolume(175)) - Finish verifying containers on volume /home/runner/work/ozone/ozone/hadoop-ozone/integration-test/target/test-dir/MiniOzoneClusterImpl-0d259c79-1228-4415-b9fd-a9070010e405/datanode-2/data-0/containers/hdds
2023-03-29 21:19:01,717 [Listener at 127.0.0.1/39503] INFO  ozoneimpl.OzoneContainer (OzoneContainer.java:buildContainerSet(303)) - Build ContainerSet costs 0s
2023-03-29 21:19:01,720 [Listener at 127.0.0.1/39503] INFO  server.RaftServer (ConfUtils.java:logGet(46)) - raft.rpc.type = GRPC (default)
2023-03-29 21:19:01,721 [Listener at 127.0.0.1/39503] INFO  grpc.GrpcConfigKeys (ConfUtils.java:logFallback(53)) - raft.grpc.admin.host = null (fallback to raft.grpc.server.host)
2023-03-29 21:19:01,721 [Listener at 127.0.0.1/39503] INFO  grpc.GrpcConfigKeys (ConfUtils.java:logGet(46)) - raft.grpc.admin.port = 0 (custom)
2023-03-29 21:19:01,721 [Listener at 127.0.0.1/39503] INFO  grpc.GrpcConfigKeys (ConfUtils.java:logFallback(53)) - raft.grpc.client.host = null (fallback to raft.grpc.server.host)
2023-03-29 21:19:01,722 [Listener at 127.0.0.1/39503] INFO  grpc.GrpcConfigKeys (ConfUtils.java:logGet(46)) - raft.grpc.client.port = 0 (custom)
2023-03-29 21:19:01,722 [Listener at 127.0.0.1/39503] INFO  grpc.GrpcConfigKeys (ConfUtils.java:logGet(46)) - raft.grpc.server.host = null (default)
2023-03-29 21:19:01,722 [Listener at 127.0.0.1/39503] INFO  grpc.GrpcConfigKeys (ConfUtils.java:logGet(46)) - raft.grpc.server.port = 0 (default)
2023-03-29 21:19:01,722 [Listener at 127.0.0.1/39503] INFO  server.GrpcService (ConfUtils.java:logGet(46)) - raft.grpc.message.size.max = 32MB (=33554432) (custom)
2023-03-29 21:19:01,722 [Listener at 127.0.0.1/39503] INFO  server.RaftServerConfigKeys (ConfUtils.java:logGet(46)) - raft.server.log.appender.buffer.byte-limit = 33554432 (custom)
2023-03-29 21:19:01,722 [Listener at 127.0.0.1/39503] INFO  server.GrpcService (ConfUtils.java:logGet(46)) - raft.grpc.flow.control.window = 5MB (=5242880) (custom)
2023-03-29 21:19:01,722 [Listener at 127.0.0.1/39503] INFO  server.RaftServerConfigKeys (ConfUtils.java:logGet(46)) - raft.server.rpc.request.timeout = 60s (custom)
2023-03-29 21:19:01,722 [Listener at 127.0.0.1/39503] INFO  grpc.GrpcConfigKeys (ConfUtils.java:logGet(46)) - raft.grpc.server.heartbeat.channel = true (default)
2023-03-29 21:19:01,722 [Listener at 127.0.0.1/39503] INFO  grpc.GrpcConfigKeys (ConfUtils.java:logGet(46)) - raft.grpc.server.async.request.thread.pool.cached = true (default)
2023-03-29 21:19:01,722 [Listener at 127.0.0.1/39503] INFO  grpc.GrpcConfigKeys (ConfUtils.java:logGet(46)) - raft.grpc.server.async.request.thread.pool.size = 32 (default)
2023-03-29 21:19:01,723 [Listener at 127.0.0.1/39503] INFO  impl.DataStreamServerImpl (ConfUtils.java:logGet(46)) - raft.datastream.type = NETTY (custom)
2023-03-29 21:19:01,723 [Listener at 127.0.0.1/39503] INFO  server.RaftServerConfigKeys (ConfUtils.java:logGet(46)) - raft.server.data-stream.async.request.thread.pool.cached = false (default)
2023-03-29 21:19:01,723 [Listener at 127.0.0.1/39503] INFO  server.RaftServerConfigKeys (ConfUtils.java:logGet(46)) - raft.server.data-stream.async.request.thread.pool.size = 20 (custom)
2023-03-29 21:19:01,723 [Listener at 127.0.0.1/39503] INFO  server.RaftServerConfigKeys (ConfUtils.java:logGet(46)) - raft.server.data-stream.async.write.thread.pool.size = 16 (default)
2023-03-29 21:19:01,723 [Listener at 127.0.0.1/39503] INFO  server.RaftServerConfigKeys (ConfUtils.java:logGet(46)) - raft.server.data-stream.client.pool.size = 10 (default)
2023-03-29 21:19:01,724 [Listener at 127.0.0.1/39503] INFO  netty.NettyConfigKeys$DataStream (ConfUtils.java:logGet(46)) - raft.netty.dataStream.server.use-epoll = false (default)
2023-03-29 21:19:01,724 [Listener at 127.0.0.1/39503] INFO  netty.NettyConfigKeys$DataStream (ConfUtils.java:logGet(46)) - raft.netty.dataStream.server.boss-group.size = 0 (default)
2023-03-29 21:19:01,724 [Listener at 127.0.0.1/39503] INFO  netty.NettyConfigKeys$DataStream (ConfUtils.java:logGet(46)) - raft.netty.dataStream.server.worker-group.size = 0 (default)
2023-03-29 21:19:01,724 [Listener at 127.0.0.1/39503] INFO  netty.NettyConfigKeys$DataStream (ConfUtils.java:logGet(46)) - raft.netty.dataStream.server.tls.conf = null (default)
2023-03-29 21:19:01,724 [Listener at 127.0.0.1/39503] INFO  netty.NettyConfigKeys$DataStream (ConfUtils.java:logGet(46)) - raft.netty.dataStream.host = null (default)
2023-03-29 21:19:01,724 [Listener at 127.0.0.1/39503] INFO  netty.NettyConfigKeys$DataStream (ConfUtils.java:logGet(46)) - raft.netty.dataStream.port = 0 (default)
2023-03-29 21:19:01,725 [Listener at 127.0.0.1/39503] INFO  server.RaftServerConfigKeys (ConfUtils.java:logGet(46)) - raft.server.threadpool.proxy.cached = true (default)
2023-03-29 21:19:01,725 [Listener at 127.0.0.1/39503] INFO  server.RaftServerConfigKeys (ConfUtils.java:logGet(46)) - raft.server.threadpool.proxy.size = 0 (default)
2023-03-29 21:19:01,725 [Listener at 127.0.0.1/39503] INFO  server.RaftServerConfigKeys (ConfUtils.java:logGet(46)) - raft.server.rpc.slowness.timeout = 300s (custom)
2023-03-29 21:19:01,725 [Listener at 127.0.0.1/39503] INFO  server.RaftServerConfigKeys (ConfUtils.java:logGet(46)) - raft.server.leaderelection.leader.step-down.wait-time = 10s (default)
2023-03-29 21:19:01,725 [Listener at 127.0.0.1/39503] INFO  server.RaftServerConfigKeys (ConfUtils.java:logGet(46)) - raft.server.storage.dir = [/home/runner/work/ozone/ozone/hadoop-ozone/integration-test/target/test-dir/MiniOzoneClusterImpl-0d259c79-1228-4415-b9fd-a9070010e405/datanode-2/data/ratis] (custom)
2023-03-29 21:19:01,726 [9f5ac200-d2f7-413f-8590-e4ff1008cbf0-NettyServerStreamRpc-bossGroup--thread1] INFO  logging.LoggingHandler (AbstractInternalLogger.java:log(148)) - [id: 0x51c7c39a] REGISTERED
2023-03-29 21:19:01,726 [9f5ac200-d2f7-413f-8590-e4ff1008cbf0-NettyServerStreamRpc-bossGroup--thread1] INFO  logging.LoggingHandler (AbstractInternalLogger.java:log(148)) - [id: 0x51c7c39a] BIND: 0.0.0.0/0.0.0.0:0
2023-03-29 21:19:01,726 [9f5ac200-d2f7-413f-8590-e4ff1008cbf0-NettyServerStreamRpc-bossGroup--thread1] INFO  logging.LoggingHandler (AbstractInternalLogger.java:log(148)) - [id: 0x51c7c39a, L:/0:0:0:0:0:0:0:0:34153] ACTIVE
2023-03-29 21:19:01,732 [Listener at 127.0.0.1/39503] INFO  server.XceiverServerGrpc (XceiverServerGrpc.java:<init>(132)) - GrpcServer channel type EpollServerSocketChannel
2023-03-29 21:19:01,734 [Listener at 127.0.0.1/39503] INFO  http.BaseHttpServer (BaseHttpServer.java:newHttpServer2BuilderForOzone(224)) - Starting Web-server for hddsDatanode at: http://0.0.0.0:0
2023-03-29 21:19:01,734 [Listener at 127.0.0.1/39503] INFO  http.BaseHttpServer (BaseHttpServer.java:<init>(111)) - Hadoop Security Enabled: false Ozone Security Enabled: false Ozone HTTP Security Enabled: false 
2023-03-29 21:19:01,735 [Listener at 127.0.0.1/39503] WARN  server.AuthenticationFilter (AuthenticationFilter.java:constructSecretProvider(240)) - Unable to initialize FileSignerSecretProvider, falling back to use random secrets. Reason: Could not read signature secret file: /home/runner/hadoop-http-auth-signature-secret
2023-03-29 21:19:01,737 [Listener at 127.0.0.1/39503] WARN  http.HttpRequestLog (HttpRequestLog.java:getRequestLog(103)) - Jetty request log can only be enabled using Log4j
2023-03-29 21:19:01,738 [Listener at 127.0.0.1/39503] INFO  http.HttpServer2 (HttpServer2.java:addGlobalFilter(1031)) - Added global filter 'safety' (class=org.apache.hadoop.hdds.server.http.HttpServer2$QuotingInputFilter)
2023-03-29 21:19:01,738 [Listener at 127.0.0.1/39503] INFO  http.HttpServer2 (HttpServer2.java:addFilter(1007)) - Added filter static_user_filter (class=org.apache.hadoop.http.lib.StaticUserWebFilter$StaticUserFilter) to context hddsDatanode
2023-03-29 21:19:01,738 [Listener at 127.0.0.1/39503] INFO  http.HttpServer2 (HttpServer2.java:addFilter(1015)) - Added filter static_user_filter (class=org.apache.hadoop.http.lib.StaticUserWebFilter$StaticUserFilter) to context logs
2023-03-29 21:19:01,739 [Listener at 127.0.0.1/39503] INFO  http.HttpServer2 (HttpServer2.java:addFilter(1015)) - Added filter static_user_filter (class=org.apache.hadoop.http.lib.StaticUserWebFilter$StaticUserFilter) to context static
2023-03-29 21:19:01,739 [Listener at 127.0.0.1/39503] INFO  http.BaseHttpServer (BaseHttpServer.java:<init>(190)) - HTTP server of hddsDatanode uses base directory /home/runner/work/ozone/ozone/hadoop-ozone/integration-test/target/test-dir/MiniOzoneClusterImpl-0d259c79-1228-4415-b9fd-a9070010e405/datanode-2/meta/webserver
2023-03-29 21:19:01,739 [Listener at 127.0.0.1/39503] INFO  http.HttpServer2 (HttpServer2.java:bindListener(1250)) - Jetty bound to port 39803
2023-03-29 21:19:01,739 [Listener at 127.0.0.1/39503] INFO  server.Server (Server.java:doStart(375)) - jetty-9.4.49.v20220914; built: 2022-09-14T01:07:36.601Z; git: 4231a3b2e4cb8548a412a789936d640a97b1aa0a; jvm 1.8.0_362-b09
2023-03-29 21:19:01,744 [Listener at 127.0.0.1/39503] INFO  server.session (DefaultSessionIdManager.java:doStart(334)) - DefaultSessionIdManager workerName=node0
2023-03-29 21:19:01,744 [Listener at 127.0.0.1/39503] INFO  server.session (DefaultSessionIdManager.java:doStart(339)) - No SessionScavenger set, using defaults
2023-03-29 21:19:01,744 [Listener at 127.0.0.1/39503] INFO  server.session (HouseKeeper.java:startScavenging(132)) - node0 Scavenging every 660000ms
2023-03-29 21:19:01,744 [Listener at 127.0.0.1/39503] INFO  handler.ContextHandler (ContextHandler.java:doStart(921)) - Started o.e.j.s.ServletContextHandler@434769c4{logs,/logs,file:///home/runner/work/ozone/ozone/hadoop-ozone/integration-test/target/log,AVAILABLE}
2023-03-29 21:19:01,745 [Listener at 127.0.0.1/39503] INFO  handler.ContextHandler (ContextHandler.java:doStart(921)) - Started o.e.j.s.ServletContextHandler@197cfcd5{static,/static,jar:file:/home/runner/.m2/repository/org/apache/ozone/hdds-container-service/1.4.0-SNAPSHOT/hdds-container-service-1.4.0-SNAPSHOT.jar!/webapps/static,AVAILABLE}
2023-03-29 21:19:01,939 [Listener at 127.0.0.1/39503] INFO  handler.ContextHandler (ContextHandler.java:doStart(921)) - Started o.e.j.w.WebAppContext@450c77ba{hddsDatanode,/,file:///home/runner/work/ozone/ozone/hadoop-ozone/integration-test/target/test-dir/MiniOzoneClusterImpl-0d259c79-1228-4415-b9fd-a9070010e405/datanode-2/meta/webserver/jetty-0_0_0_0-39803-hdds-container-service-1_4_0-SNAPSHOT_jar-_-any-9047818143757141173/webapp/,AVAILABLE}{jar:file:/home/runner/.m2/repository/org/apache/ozone/hdds-container-service/1.4.0-SNAPSHOT/hdds-container-service-1.4.0-SNAPSHOT.jar!/webapps/hddsDatanode}
2023-03-29 21:19:01,940 [Listener at 127.0.0.1/39503] INFO  server.AbstractConnector (AbstractConnector.java:doStart(333)) - Started ServerConnector@742d7812{HTTP/1.1, (http/1.1)}{0.0.0.0:39803}
2023-03-29 21:19:01,940 [Listener at 127.0.0.1/39503] INFO  server.Server (Server.java:doStart(415)) - Started @195706ms
2023-03-29 21:19:01,940 [Listener at 127.0.0.1/39503] WARN  impl.MetricsSystemImpl (MetricsSystemImpl.java:register(279)) - Sink prometheus already exists!
2023-03-29 21:19:01,941 [Listener at 127.0.0.1/39503] INFO  http.BaseHttpServer (BaseHttpServer.java:updateConnectorAddress(344)) - HTTP server of hddsDatanode listening at http://0.0.0.0:39803
2023-03-29 21:19:01,941 [Listener at 127.0.0.1/39503] INFO  ozone.MiniOzoneClusterImpl (MiniOzoneClusterImpl.java:lambda$waitForClusterToBeReady$0(222)) - Waiting for nodes to be ready. Got 0 of 3 DN Heartbeats.
2023-03-29 21:19:01,941 [Listener at 127.0.0.1/39503] INFO  ozone.MiniOzoneClusterImpl (MiniOzoneClusterImpl.java:lambda$waitForClusterToBeReady$0(225)) - Waiting for cluster to exit safe mode
2023-03-29 21:19:01,941 [Listener at 127.0.0.1/39503] INFO  ozone.MiniOzoneClusterImpl (MiniOzoneClusterImpl.java:lambda$waitForClusterToBeReady$0(227)) - SCM became leader
2023-03-29 21:19:01,941 [Datanode State Machine Daemon Thread] INFO  statemachine.DatanodeStateMachine (DatanodeStateMachine.java:lambda$startDaemon$0(517)) - Ozone container server started.
2023-03-29 21:19:01,943 [org.apache.hadoop.util.JvmPauseMonitor$Monitor@6f5426f3] INFO  util.JvmPauseMonitor (JvmPauseMonitor.java:run(188)) - Starting JVM pause monitor
2023-03-29 21:19:01,944 [Datanode State Machine Task Thread - 0] INFO  datanode.InitDatanodeState (InitDatanodeState.java:persistContainerDatanodeDetails(138)) - DatanodeDetails is persisted to /home/runner/work/ozone/ozone/hadoop-ozone/integration-test/target/test-dir/MiniOzoneClusterImpl-0d259c79-1228-4415-b9fd-a9070010e405/datanode-2/meta/datanode.id
2023-03-29 21:19:02,015 [om1@group-C5BA1605619E-FollowerState] INFO  impl.FollowerState (FollowerState.java:run(143)) - om1@group-C5BA1605619E-FollowerState: change to CANDIDATE, lastRpcElapsedTime:1143245632ns, electionTimeout:1142ms
2023-03-29 21:19:02,016 [om1@group-C5BA1605619E-FollowerState] INFO  impl.RoleInfo (RoleInfo.java:shutdownFollowerState(110)) - om1: shutdown om1@group-C5BA1605619E-FollowerState
2023-03-29 21:19:02,016 [om1@group-C5BA1605619E-FollowerState] INFO  server.RaftServer$Division (RaftServerImpl.java:setRole(321)) - om1@group-C5BA1605619E: changes role from  FOLLOWER to CANDIDATE at term 0 for changeToCandidate
2023-03-29 21:19:02,016 [om1@group-C5BA1605619E-FollowerState] INFO  server.RaftServerConfigKeys (ConfUtils.java:logGet(46)) - raft.server.leaderelection.pre-vote = true (default)
2023-03-29 21:19:02,016 [om1@group-C5BA1605619E-FollowerState] INFO  impl.RoleInfo (RoleInfo.java:updateAndGet(139)) - om1: start om1@group-C5BA1605619E-LeaderElection44
2023-03-29 21:19:02,017 [om1@group-C5BA1605619E-LeaderElection44] INFO  impl.LeaderElection (LeaderElection.java:askForVotes(312)) - om1@group-C5BA1605619E-LeaderElection44 PRE_VOTE round 0: submit vote requests at term 0 for -1: peers:[om1|rpc:localhost:9872|priority:0|startupRole:FOLLOWER]|listeners:[], old=null
2023-03-29 21:19:02,017 [om1@group-C5BA1605619E-LeaderElection44] INFO  impl.LeaderElection (LeaderElection.java:askForVotes(314)) - om1@group-C5BA1605619E-LeaderElection44 PRE_VOTE round 0: result PASSED (term=0)
2023-03-29 21:19:02,019 [om1@group-C5BA1605619E-LeaderElection44] INFO  impl.LeaderElection (LeaderElection.java:askForVotes(312)) - om1@group-C5BA1605619E-LeaderElection44 ELECTION round 0: submit vote requests at term 1 for -1: peers:[om1|rpc:localhost:9872|priority:0|startupRole:FOLLOWER]|listeners:[], old=null
2023-03-29 21:19:02,019 [om1@group-C5BA1605619E-LeaderElection44] INFO  impl.LeaderElection (LeaderElection.java:askForVotes(314)) - om1@group-C5BA1605619E-LeaderElection44 ELECTION round 0: result PASSED (term=1)
2023-03-29 21:19:02,019 [om1@group-C5BA1605619E-LeaderElection44] INFO  impl.RoleInfo (RoleInfo.java:shutdownLeaderElection(130)) - om1: shutdown om1@group-C5BA1605619E-LeaderElection44
2023-03-29 21:19:02,019 [om1@group-C5BA1605619E-LeaderElection44] INFO  server.RaftServer$Division (RaftServerImpl.java:setRole(321)) - om1@group-C5BA1605619E: changes role from CANDIDATE to LEADER at term 1 for changeToLeader
2023-03-29 21:19:02,019 [om1@group-C5BA1605619E-LeaderElection44] INFO  server.RaftServer$Division (ServerState.java:setLeader(313)) - om1@group-C5BA1605619E: change Leader from null to om1 at term 1 for becomeLeader, leader elected after 1515ms
2023-03-29 21:19:02,019 [om1@group-C5BA1605619E-LeaderElection44] INFO  server.RaftServerConfigKeys (ConfUtils.java:logGet(46)) - raft.server.staging.catchup.gap = 1000 (default)
2023-03-29 21:19:02,019 [om1@group-C5BA1605619E-LeaderElection44] INFO  server.RaftServerConfigKeys (ConfUtils.java:logGet(46)) - raft.server.write.element-limit = 4096 (default)
2023-03-29 21:19:02,019 [om1@group-C5BA1605619E-LeaderElection44] INFO  server.RaftServerConfigKeys (ConfUtils.java:logGet(46)) - raft.server.write.byte-limit = 64MB (=67108864) (default)
2023-03-29 21:19:02,019 [om1@group-C5BA1605619E-LeaderElection44] INFO  server.RaftServerConfigKeys (ConfUtils.java:logGet(46)) - raft.server.watch.timeout = 10s (default)
2023-03-29 21:19:02,019 [om1@group-C5BA1605619E-LeaderElection44] INFO  server.RaftServerConfigKeys (ConfUtils.java:logGet(46)) - raft.server.watch.timeout.denomination = 1s (default)
2023-03-29 21:19:02,019 [om1@group-C5BA1605619E-LeaderElection44] INFO  server.RaftServerConfigKeys (ConfUtils.java:logGet(46)) - raft.server.watch.element-limit = 65536 (default)
2023-03-29 21:19:02,020 [om1@group-C5BA1605619E-LeaderElection44] INFO  server.RaftServerConfigKeys (ConfUtils.java:logGet(46)) - raft.server.write.element-limit = 4096 (default)
2023-03-29 21:19:02,020 [om1@group-C5BA1605619E-LeaderElection44] INFO  server.RaftServerConfigKeys (ConfUtils.java:logGet(46)) - raft.server.write.follower.gap.ratio.max = -1.0 (default)
2023-03-29 21:19:02,020 [om1@group-C5BA1605619E-LeaderElection44] INFO  impl.RoleInfo (RoleInfo.java:updateAndGet(139)) - om1: start om1@group-C5BA1605619E-LeaderStateImpl
2023-03-29 21:19:02,020 [om1@group-C5BA1605619E-LeaderElection44] INFO  segmented.SegmentedRaftLogWorker (SegmentedRaftLogWorker.java:startLogSegment(452)) - om1@group-C5BA1605619E-SegmentedRaftLogWorker: Starting segment from index:0
2023-03-29 21:19:02,022 [om1@group-C5BA1605619E-LeaderElection44] INFO  server.RaftServer$Division (ServerState.java:setRaftConf(430)) - om1@group-C5BA1605619E: set configuration 0: peers:[om1|rpc:localhost:9872|admin:|client:|dataStream:|priority:0|startupRole:FOLLOWER]|listeners:[], old=null
2023-03-29 21:19:02,032 [om1@group-C5BA1605619E-SegmentedRaftLogWorker] INFO  segmented.SegmentedRaftLogWorker (SegmentedRaftLogWorker.java:execute(656)) - om1@group-C5BA1605619E-SegmentedRaftLogWorker: created new log segment /home/runner/work/ozone/ozone/hadoop-ozone/integration-test/target/test-dir/MiniOzoneClusterImpl-0d259c79-1228-4415-b9fd-a9070010e405/ozone-meta/ratis/bf265839-605b-3f16-9796-c5ba1605619e/current/log_inprogress_0
2023-03-29 21:19:02,033 [om1@group-C5BA1605619E-StateMachineUpdater] INFO  ratis.OzoneManagerStateMachine (OzoneManagerStateMachine.java:notifyConfigurationChanged(192)) - Received Configuration change notification from Ratis. New Peer list:
[id: "om1"
address: "localhost:9872"
startupRole: FOLLOWER
]
2023-03-29 21:19:02,941 [Listener at 127.0.0.1/39503] INFO  ozone.MiniOzoneClusterImpl (MiniOzoneClusterImpl.java:lambda$waitForClusterToBeReady$0(222)) - Waiting for nodes to be ready. Got 0 of 3 DN Heartbeats.
2023-03-29 21:19:02,941 [Listener at 127.0.0.1/39503] INFO  ozone.MiniOzoneClusterImpl (MiniOzoneClusterImpl.java:lambda$waitForClusterToBeReady$0(225)) - Waiting for cluster to exit safe mode
2023-03-29 21:19:02,941 [Listener at 127.0.0.1/39503] INFO  ozone.MiniOzoneClusterImpl (MiniOzoneClusterImpl.java:lambda$waitForClusterToBeReady$0(227)) - SCM became leader
2023-03-29 21:19:03,275 [EndpointStateMachine task thread for /0.0.0.0:44239 - 0 ] INFO  utils.DatanodeStoreCache (DatanodeStoreCache.java:addDB(58)) - Added db /home/runner/work/ozone/ozone/hadoop-ozone/integration-test/target/test-dir/MiniOzoneClusterImpl-0d259c79-1228-4415-b9fd-a9070010e405/datanode-0/data-0/containers/hdds/0d259c79-1228-4415-b9fd-a9070010e405/DS-831990ef-0e3c-4abb-beda-dbd4298059a3/container.db to cache
2023-03-29 21:19:03,275 [EndpointStateMachine task thread for /0.0.0.0:44239 - 0 ] INFO  volume.HddsVolume (HddsVolume.java:createDbStore(350)) - SchemaV3 db is created and loaded at /home/runner/work/ozone/ozone/hadoop-ozone/integration-test/target/test-dir/MiniOzoneClusterImpl-0d259c79-1228-4415-b9fd-a9070010e405/datanode-0/data-0/containers/hdds/0d259c79-1228-4415-b9fd-a9070010e405/DS-831990ef-0e3c-4abb-beda-dbd4298059a3/container.db for volume DS-831990ef-0e3c-4abb-beda-dbd4298059a3
2023-03-29 21:19:03,276 [EndpointStateMachine task thread for /0.0.0.0:44239 - 0 ] INFO  ozoneimpl.OzoneContainer (OzoneContainer.java:start(397)) - Attempting to start container services.
2023-03-29 21:19:03,276 [EndpointStateMachine task thread for /0.0.0.0:44239 - 0 ] INFO  ozoneimpl.OzoneContainer (OzoneContainer.java:startContainerScrub(314)) - Scheduled background container scanners and the on-demand container scanner have been disabled.
2023-03-29 21:19:03,277 [EndpointStateMachine task thread for /0.0.0.0:44239 - 0 ] INFO  replication.ReplicationServer (ReplicationServer.java:start(109)) - ReplicationServer is started using port 37481
2023-03-29 21:19:03,277 [EndpointStateMachine task thread for /0.0.0.0:44239 - 0 ] INFO  ratis.XceiverServerRatis (XceiverServerRatis.java:start(517)) - Starting XceiverServerRatis 1abb1f07-e430-4123-bdc4-d890b91ae57d
2023-03-29 21:19:03,278 [EndpointStateMachine task thread for /0.0.0.0:44239 - 0 ] INFO  server.RaftServer (RaftServerProxy.java:startImpl(393)) - 1abb1f07-e430-4123-bdc4-d890b91ae57d: start RPC server
2023-03-29 21:19:03,282 [EndpointStateMachine task thread for /0.0.0.0:44239 - 0 ] INFO  server.GrpcService (GrpcService.java:startImpl(262)) - 1abb1f07-e430-4123-bdc4-d890b91ae57d: GrpcService started, listening on 46059
2023-03-29 21:19:03,282 [EndpointStateMachine task thread for /0.0.0.0:44239 - 0 ] INFO  ratis.XceiverServerRatis (XceiverServerRatis.java:getRealPort(543)) - XceiverServerRatis 1abb1f07-e430-4123-bdc4-d890b91ae57d is started using port 46059 for RATIS
2023-03-29 21:19:03,282 [JvmPauseMonitor26] INFO  util.JvmPauseMonitor (JvmPauseMonitor.java:run(105)) - JvmPauseMonitor-1abb1f07-e430-4123-bdc4-d890b91ae57d: Started
2023-03-29 21:19:03,282 [EndpointStateMachine task thread for /0.0.0.0:44239 - 0 ] INFO  ratis.XceiverServerRatis (XceiverServerRatis.java:getRealPort(543)) - XceiverServerRatis 1abb1f07-e430-4123-bdc4-d890b91ae57d is started using port 46059 for RATIS_ADMIN
2023-03-29 21:19:03,282 [EndpointStateMachine task thread for /0.0.0.0:44239 - 0 ] INFO  ratis.XceiverServerRatis (XceiverServerRatis.java:getRealPort(543)) - XceiverServerRatis 1abb1f07-e430-4123-bdc4-d890b91ae57d is started using port 46059 for RATIS_SERVER
2023-03-29 21:19:03,282 [EndpointStateMachine task thread for /0.0.0.0:44239 - 0 ] INFO  ratis.XceiverServerRatis (XceiverServerRatis.java:getRealPort(543)) - XceiverServerRatis 1abb1f07-e430-4123-bdc4-d890b91ae57d is started using port 45191 for RATIS_DATASTREAM
2023-03-29 21:19:03,283 [EndpointStateMachine task thread for /0.0.0.0:44239 - 0 ] INFO  server.XceiverServerGrpc (XceiverServerGrpc.java:start(180)) - XceiverServerGrpc 1abb1f07-e430-4123-bdc4-d890b91ae57d is started using port 34435
2023-03-29 21:19:03,284 [BlockDeletingService#0] INFO  interfaces.ContainerDeletionChoosingPolicyTemplate (ContainerDeletionChoosingPolicyTemplate.java:chooseContainerForBlockDeletion(83)) - Chosen 0/5000 blocks from 0 candidate containers.
2023-03-29 21:19:03,639 [EndpointStateMachine task thread for /0.0.0.0:44239 - 0 ] INFO  utils.DatanodeStoreCache (DatanodeStoreCache.java:addDB(58)) - Added db /home/runner/work/ozone/ozone/hadoop-ozone/integration-test/target/test-dir/MiniOzoneClusterImpl-0d259c79-1228-4415-b9fd-a9070010e405/datanode-1/data-0/containers/hdds/0d259c79-1228-4415-b9fd-a9070010e405/DS-7bc3e323-4701-4a57-9999-55c85a65b6b5/container.db to cache
2023-03-29 21:19:03,640 [EndpointStateMachine task thread for /0.0.0.0:44239 - 0 ] INFO  volume.HddsVolume (HddsVolume.java:createDbStore(350)) - SchemaV3 db is created and loaded at /home/runner/work/ozone/ozone/hadoop-ozone/integration-test/target/test-dir/MiniOzoneClusterImpl-0d259c79-1228-4415-b9fd-a9070010e405/datanode-1/data-0/containers/hdds/0d259c79-1228-4415-b9fd-a9070010e405/DS-7bc3e323-4701-4a57-9999-55c85a65b6b5/container.db for volume DS-7bc3e323-4701-4a57-9999-55c85a65b6b5
2023-03-29 21:19:03,640 [EndpointStateMachine task thread for /0.0.0.0:44239 - 0 ] INFO  ozoneimpl.OzoneContainer (OzoneContainer.java:start(397)) - Attempting to start container services.
2023-03-29 21:19:03,640 [EndpointStateMachine task thread for /0.0.0.0:44239 - 0 ] INFO  ozoneimpl.OzoneContainer (OzoneContainer.java:startContainerScrub(314)) - Scheduled background container scanners and the on-demand container scanner have been disabled.
2023-03-29 21:19:03,641 [EndpointStateMachine task thread for /0.0.0.0:44239 - 0 ] INFO  replication.ReplicationServer (ReplicationServer.java:start(109)) - ReplicationServer is started using port 43297
2023-03-29 21:19:03,641 [EndpointStateMachine task thread for /0.0.0.0:44239 - 0 ] INFO  ratis.XceiverServerRatis (XceiverServerRatis.java:start(517)) - Starting XceiverServerRatis 10c8465d-f338-41bc-bb05-aaed11bcc7c4
2023-03-29 21:19:03,642 [EndpointStateMachine task thread for /0.0.0.0:44239 - 0 ] INFO  server.RaftServer (RaftServerProxy.java:startImpl(393)) - 10c8465d-f338-41bc-bb05-aaed11bcc7c4: start RPC server
2023-03-29 21:19:03,644 [EndpointStateMachine task thread for /0.0.0.0:44239 - 0 ] INFO  server.GrpcService (GrpcService.java:startImpl(262)) - 10c8465d-f338-41bc-bb05-aaed11bcc7c4: GrpcService started, listening on 37199
2023-03-29 21:19:03,646 [EndpointStateMachine task thread for /0.0.0.0:44239 - 0 ] INFO  ratis.XceiverServerRatis (XceiverServerRatis.java:getRealPort(543)) - XceiverServerRatis 10c8465d-f338-41bc-bb05-aaed11bcc7c4 is started using port 37199 for RATIS
2023-03-29 21:19:03,646 [JvmPauseMonitor27] INFO  util.JvmPauseMonitor (JvmPauseMonitor.java:run(105)) - JvmPauseMonitor-10c8465d-f338-41bc-bb05-aaed11bcc7c4: Started
2023-03-29 21:19:03,646 [EndpointStateMachine task thread for /0.0.0.0:44239 - 0 ] INFO  ratis.XceiverServerRatis (XceiverServerRatis.java:getRealPort(543)) - XceiverServerRatis 10c8465d-f338-41bc-bb05-aaed11bcc7c4 is started using port 37199 for RATIS_ADMIN
2023-03-29 21:19:03,646 [EndpointStateMachine task thread for /0.0.0.0:44239 - 0 ] INFO  ratis.XceiverServerRatis (XceiverServerRatis.java:getRealPort(543)) - XceiverServerRatis 10c8465d-f338-41bc-bb05-aaed11bcc7c4 is started using port 37199 for RATIS_SERVER
2023-03-29 21:19:03,646 [EndpointStateMachine task thread for /0.0.0.0:44239 - 0 ] INFO  ratis.XceiverServerRatis (XceiverServerRatis.java:getRealPort(543)) - XceiverServerRatis 10c8465d-f338-41bc-bb05-aaed11bcc7c4 is started using port 42937 for RATIS_DATASTREAM
2023-03-29 21:19:03,647 [EndpointStateMachine task thread for /0.0.0.0:44239 - 0 ] INFO  server.XceiverServerGrpc (XceiverServerGrpc.java:start(180)) - XceiverServerGrpc 10c8465d-f338-41bc-bb05-aaed11bcc7c4 is started using port 39515
2023-03-29 21:19:03,648 [BlockDeletingService#0] INFO  interfaces.ContainerDeletionChoosingPolicyTemplate (ContainerDeletionChoosingPolicyTemplate.java:chooseContainerForBlockDeletion(83)) - Chosen 0/5000 blocks from 0 candidate containers.
2023-03-29 21:19:03,942 [Listener at 127.0.0.1/39503] INFO  ozone.MiniOzoneClusterImpl (MiniOzoneClusterImpl.java:lambda$waitForClusterToBeReady$0(222)) - Waiting for nodes to be ready. Got 0 of 3 DN Heartbeats.
2023-03-29 21:19:03,942 [Listener at 127.0.0.1/39503] INFO  ozone.MiniOzoneClusterImpl (MiniOzoneClusterImpl.java:lambda$waitForClusterToBeReady$0(225)) - Waiting for cluster to exit safe mode
2023-03-29 21:19:03,942 [Listener at 127.0.0.1/39503] INFO  ozone.MiniOzoneClusterImpl (MiniOzoneClusterImpl.java:lambda$waitForClusterToBeReady$0(227)) - SCM became leader
2023-03-29 21:19:03,970 [EndpointStateMachine task thread for /0.0.0.0:44239 - 0 ] INFO  utils.DatanodeStoreCache (DatanodeStoreCache.java:addDB(58)) - Added db /home/runner/work/ozone/ozone/hadoop-ozone/integration-test/target/test-dir/MiniOzoneClusterImpl-0d259c79-1228-4415-b9fd-a9070010e405/datanode-2/data-0/containers/hdds/0d259c79-1228-4415-b9fd-a9070010e405/DS-a4797eaf-fded-4212-8dbb-eacc77784796/container.db to cache
2023-03-29 21:19:03,970 [EndpointStateMachine task thread for /0.0.0.0:44239 - 0 ] INFO  volume.HddsVolume (HddsVolume.java:createDbStore(350)) - SchemaV3 db is created and loaded at /home/runner/work/ozone/ozone/hadoop-ozone/integration-test/target/test-dir/MiniOzoneClusterImpl-0d259c79-1228-4415-b9fd-a9070010e405/datanode-2/data-0/containers/hdds/0d259c79-1228-4415-b9fd-a9070010e405/DS-a4797eaf-fded-4212-8dbb-eacc77784796/container.db for volume DS-a4797eaf-fded-4212-8dbb-eacc77784796
2023-03-29 21:19:03,971 [EndpointStateMachine task thread for /0.0.0.0:44239 - 0 ] INFO  ozoneimpl.OzoneContainer (OzoneContainer.java:start(397)) - Attempting to start container services.
2023-03-29 21:19:03,971 [EndpointStateMachine task thread for /0.0.0.0:44239 - 0 ] INFO  ozoneimpl.OzoneContainer (OzoneContainer.java:startContainerScrub(314)) - Scheduled background container scanners and the on-demand container scanner have been disabled.
2023-03-29 21:19:03,972 [EndpointStateMachine task thread for /0.0.0.0:44239 - 0 ] INFO  replication.ReplicationServer (ReplicationServer.java:start(109)) - ReplicationServer is started using port 36711
2023-03-29 21:19:03,973 [EndpointStateMachine task thread for /0.0.0.0:44239 - 0 ] INFO  ratis.XceiverServerRatis (XceiverServerRatis.java:start(517)) - Starting XceiverServerRatis 9f5ac200-d2f7-413f-8590-e4ff1008cbf0
2023-03-29 21:19:03,974 [EndpointStateMachine task thread for /0.0.0.0:44239 - 0 ] INFO  server.RaftServer (RaftServerProxy.java:startImpl(393)) - 9f5ac200-d2f7-413f-8590-e4ff1008cbf0: start RPC server
2023-03-29 21:19:03,975 [EndpointStateMachine task thread for /0.0.0.0:44239 - 0 ] INFO  server.GrpcService (GrpcService.java:startImpl(262)) - 9f5ac200-d2f7-413f-8590-e4ff1008cbf0: GrpcService started, listening on 40263
2023-03-29 21:19:03,975 [EndpointStateMachine task thread for /0.0.0.0:44239 - 0 ] INFO  ratis.XceiverServerRatis (XceiverServerRatis.java:getRealPort(543)) - XceiverServerRatis 9f5ac200-d2f7-413f-8590-e4ff1008cbf0 is started using port 40263 for RATIS
2023-03-29 21:19:03,975 [EndpointStateMachine task thread for /0.0.0.0:44239 - 0 ] INFO  ratis.XceiverServerRatis (XceiverServerRatis.java:getRealPort(543)) - XceiverServerRatis 9f5ac200-d2f7-413f-8590-e4ff1008cbf0 is started using port 40263 for RATIS_ADMIN
2023-03-29 21:19:03,975 [JvmPauseMonitor28] INFO  util.JvmPauseMonitor (JvmPauseMonitor.java:run(105)) - JvmPauseMonitor-9f5ac200-d2f7-413f-8590-e4ff1008cbf0: Started
2023-03-29 21:19:03,975 [EndpointStateMachine task thread for /0.0.0.0:44239 - 0 ] INFO  ratis.XceiverServerRatis (XceiverServerRatis.java:getRealPort(543)) - XceiverServerRatis 9f5ac200-d2f7-413f-8590-e4ff1008cbf0 is started using port 40263 for RATIS_SERVER
2023-03-29 21:19:03,975 [EndpointStateMachine task thread for /0.0.0.0:44239 - 0 ] INFO  ratis.XceiverServerRatis (XceiverServerRatis.java:getRealPort(543)) - XceiverServerRatis 9f5ac200-d2f7-413f-8590-e4ff1008cbf0 is started using port 34153 for RATIS_DATASTREAM
2023-03-29 21:19:03,978 [EndpointStateMachine task thread for /0.0.0.0:44239 - 0 ] INFO  server.XceiverServerGrpc (XceiverServerGrpc.java:start(180)) - XceiverServerGrpc 9f5ac200-d2f7-413f-8590-e4ff1008cbf0 is started using port 45337
2023-03-29 21:19:03,978 [BlockDeletingService#0] INFO  interfaces.ContainerDeletionChoosingPolicyTemplate (ContainerDeletionChoosingPolicyTemplate.java:chooseContainerForBlockDeletion(83)) - Chosen 0/5000 blocks from 0 candidate containers.
2023-03-29 21:19:04,942 [Listener at 127.0.0.1/39503] INFO  ozone.MiniOzoneClusterImpl (MiniOzoneClusterImpl.java:lambda$waitForClusterToBeReady$0(222)) - Waiting for nodes to be ready. Got 0 of 3 DN Heartbeats.
2023-03-29 21:19:04,942 [Listener at 127.0.0.1/39503] INFO  ozone.MiniOzoneClusterImpl (MiniOzoneClusterImpl.java:lambda$waitForClusterToBeReady$0(225)) - Waiting for cluster to exit safe mode
2023-03-29 21:19:04,942 [Listener at 127.0.0.1/39503] INFO  ozone.MiniOzoneClusterImpl (MiniOzoneClusterImpl.java:lambda$waitForClusterToBeReady$0(227)) - SCM became leader
2023-03-29 21:19:05,249 [IPC Server handler 0 on default port 44239] INFO  net.NetworkTopologyImpl (NetworkTopologyImpl.java:add(112)) - Added a new node: /rack1/1abb1f07-e430-4123-bdc4-d890b91ae57d
2023-03-29 21:19:05,249 [IPC Server handler 0 on default port 44239] INFO  node.SCMNodeManager (SCMNodeManager.java:register(404)) - Registered Data node : 1abb1f07-e430-4123-bdc4-d890b91ae57d{ip: 10.1.0.17, host: fv-az308-773, ports: [REPLICATION=37481, RATIS=46059, RATIS_ADMIN=46059, RATIS_SERVER=46059, RATIS_DATASTREAM=45191, STANDALONE=34435], networkLocation: /rack1, certSerialId: null, persistedOpState: null, persistedOpStateExpiryEpochSec: 0}
2023-03-29 21:19:05,252 [EventQueue-NodeRegistrationContainerReportForDataNodeSafeModeRule] INFO  safemode.SCMSafeModeManager (DataNodeSafeModeRule.java:process(71)) - SCM in safe mode. 1 DataNodes registered, 3 required.
2023-03-29 21:19:05,252 [EventQueue-NodeRegistrationContainerReportForContainerSafeModeRule] INFO  safemode.SCMSafeModeManager (SCMSafeModeManager.java:validateSafeModeExitRules(200)) - ContainerSafeModeRule rule is successfully validated
2023-03-29 21:19:05,254 [EventQueue-NewNodeForNewNodeHandler] INFO  pipeline.BackgroundPipelineCreator (BackgroundPipelineCreator.java:notifyEventTriggered(276)) - trigger a one-shot run on RatisPipelineUtilsThread.
2023-03-29 21:19:05,254 [EventQueue-PipelineReportForOneReplicaPipelineSafeModeRule] INFO  safemode.SCMSafeModeManager (SCMSafeModeManager.java:validateSafeModeExitRules(200)) - AtleastOneDatanodeReportedRule rule is successfully validated
2023-03-29 21:19:05,254 [RatisPipelineUtilsThread - 0] INFO  pipeline.RatisPipelineProvider (RatisPipelineProvider.java:lambda$create$0(206)) - Sending CreatePipelineCommand for pipeline:PipelineID=3df01a8a-c5f9-43ee-95ee-f46f346b2b0a to datanode:1abb1f07-e430-4123-bdc4-d890b91ae57d
2023-03-29 21:19:05,255 [RatisPipelineUtilsThread - 0] INFO  pipeline.PipelineStateManagerImpl (PipelineStateManagerImpl.java:addPipeline(103)) - Created pipeline Pipeline[ Id: 3df01a8a-c5f9-43ee-95ee-f46f346b2b0a, Nodes: 1abb1f07-e430-4123-bdc4-d890b91ae57d(fv-az308-773/10.1.0.17), ReplicationConfig: RATIS/ONE, State:ALLOCATED, leaderId:, CreationTimestamp2023-03-29T21:19:05.254Z[Etc/UTC]].
2023-03-29 21:19:05,610 [IPC Server handler 1 on default port 44239] INFO  net.NetworkTopologyImpl (NetworkTopologyImpl.java:add(112)) - Added a new node: /rack1/10c8465d-f338-41bc-bb05-aaed11bcc7c4
2023-03-29 21:19:05,610 [IPC Server handler 1 on default port 44239] INFO  node.SCMNodeManager (SCMNodeManager.java:register(404)) - Registered Data node : 10c8465d-f338-41bc-bb05-aaed11bcc7c4{ip: 10.1.0.17, host: fv-az308-773, ports: [REPLICATION=43297, RATIS=37199, RATIS_ADMIN=37199, RATIS_SERVER=37199, RATIS_DATASTREAM=42937, STANDALONE=39515], networkLocation: /rack1, certSerialId: null, persistedOpState: null, persistedOpStateExpiryEpochSec: 0}
2023-03-29 21:19:05,612 [EventQueue-NodeRegistrationContainerReportForDataNodeSafeModeRule] INFO  safemode.SCMSafeModeManager (DataNodeSafeModeRule.java:process(71)) - SCM in safe mode. 2 DataNodes registered, 3 required.
2023-03-29 21:19:05,612 [EventQueue-NewNodeForNewNodeHandler] INFO  pipeline.BackgroundPipelineCreator (BackgroundPipelineCreator.java:notifyEventTriggered(276)) - trigger a one-shot run on RatisPipelineUtilsThread.
2023-03-29 21:19:05,612 [RatisPipelineUtilsThread - 0] INFO  pipeline.RatisPipelineProvider (RatisPipelineProvider.java:lambda$create$0(206)) - Sending CreatePipelineCommand for pipeline:PipelineID=07c8e1f0-909a-4363-b4d7-8d8cee43932a to datanode:10c8465d-f338-41bc-bb05-aaed11bcc7c4
2023-03-29 21:19:05,613 [RatisPipelineUtilsThread - 0] INFO  pipeline.PipelineStateManagerImpl (PipelineStateManagerImpl.java:addPipeline(103)) - Created pipeline Pipeline[ Id: 07c8e1f0-909a-4363-b4d7-8d8cee43932a, Nodes: 10c8465d-f338-41bc-bb05-aaed11bcc7c4(fv-az308-773/10.1.0.17), ReplicationConfig: RATIS/ONE, State:ALLOCATED, leaderId:, CreationTimestamp2023-03-29T21:19:05.612Z[Etc/UTC]].
2023-03-29 21:19:05,943 [Listener at 127.0.0.1/39503] INFO  ozone.MiniOzoneClusterImpl (MiniOzoneClusterImpl.java:lambda$waitForClusterToBeReady$0(222)) - Waiting for nodes to be ready. Got 2 of 3 DN Heartbeats.
2023-03-29 21:19:05,943 [Listener at 127.0.0.1/39503] INFO  ozone.MiniOzoneClusterImpl (MiniOzoneClusterImpl.java:lambda$waitForClusterToBeReady$0(225)) - Waiting for cluster to exit safe mode
2023-03-29 21:19:05,943 [Listener at 127.0.0.1/39503] INFO  ozone.MiniOzoneClusterImpl (MiniOzoneClusterImpl.java:lambda$waitForClusterToBeReady$0(227)) - SCM became leader
2023-03-29 21:19:05,945 [IPC Server handler 2 on default port 44239] INFO  net.NetworkTopologyImpl (NetworkTopologyImpl.java:add(112)) - Added a new node: /rack1/9f5ac200-d2f7-413f-8590-e4ff1008cbf0
2023-03-29 21:19:05,945 [IPC Server handler 2 on default port 44239] INFO  node.SCMNodeManager (SCMNodeManager.java:register(404)) - Registered Data node : 9f5ac200-d2f7-413f-8590-e4ff1008cbf0{ip: 10.1.0.17, host: fv-az308-773, ports: [REPLICATION=36711, RATIS=40263, RATIS_ADMIN=40263, RATIS_SERVER=40263, RATIS_DATASTREAM=34153, STANDALONE=45337], networkLocation: /rack1, certSerialId: null, persistedOpState: null, persistedOpStateExpiryEpochSec: 0}
2023-03-29 21:19:05,945 [EventQueue-NewNodeForNewNodeHandler] INFO  pipeline.BackgroundPipelineCreator (BackgroundPipelineCreator.java:notifyEventTriggered(276)) - trigger a one-shot run on RatisPipelineUtilsThread.
2023-03-29 21:19:05,946 [EventQueue-NodeRegistrationContainerReportForDataNodeSafeModeRule] INFO  safemode.SCMSafeModeManager (DataNodeSafeModeRule.java:process(71)) - SCM in safe mode. 3 DataNodes registered, 3 required.
2023-03-29 21:19:05,946 [EventQueue-NodeRegistrationContainerReportForDataNodeSafeModeRule] INFO  safemode.SCMSafeModeManager (SCMSafeModeManager.java:validateSafeModeExitRules(200)) - DataNodeSafeModeRule rule is successfully validated
2023-03-29 21:19:05,946 [EventQueue-NodeRegistrationContainerReportForDataNodeSafeModeRule] INFO  safemode.SCMSafeModeManager (SCMSafeModeManager.java:completePreCheck(229)) - All SCM safe mode pre check rules have passed
2023-03-29 21:19:05,946 [EventQueue-NodeRegistrationContainerReportForDataNodeSafeModeRule] INFO  ha.SCMContext (SCMContext.java:updateSafeModeStatus(228)) - Update SafeModeStatus from SafeModeStatus{safeModeStatus=true, preCheckPassed=false} to SafeModeStatus{safeModeStatus=true, preCheckPassed=true}.
2023-03-29 21:19:05,946 [EventQueue-NodeRegistrationContainerReportForDataNodeSafeModeRule] INFO  pipeline.BackgroundPipelineCreator (BackgroundPipelineCreator.java:notifyEventTriggered(276)) - trigger a one-shot run on RatisPipelineUtilsThread.
2023-03-29 21:19:05,947 [RatisPipelineUtilsThread - 0] INFO  pipeline.RatisPipelineProvider (RatisPipelineProvider.java:lambda$create$0(206)) - Sending CreatePipelineCommand for pipeline:PipelineID=20e00ea0-ba19-470d-bebf-4bbe8947c7ef to datanode:9f5ac200-d2f7-413f-8590-e4ff1008cbf0
2023-03-29 21:19:05,947 [RatisPipelineUtilsThread - 0] INFO  pipeline.PipelineStateManagerImpl (PipelineStateManagerImpl.java:addPipeline(103)) - Created pipeline Pipeline[ Id: 20e00ea0-ba19-470d-bebf-4bbe8947c7ef, Nodes: 9f5ac200-d2f7-413f-8590-e4ff1008cbf0(fv-az308-773/10.1.0.17), ReplicationConfig: RATIS/ONE, State:ALLOCATED, leaderId:, CreationTimestamp2023-03-29T21:19:05.947Z[Etc/UTC]].
2023-03-29 21:19:05,948 [RatisPipelineUtilsThread - 0] INFO  pipeline.RatisPipelineProvider (RatisPipelineProvider.java:lambda$create$0(206)) - Sending CreatePipelineCommand for pipeline:PipelineID=f59e7d95-e046-46e8-83f8-871f59f78747 to datanode:10c8465d-f338-41bc-bb05-aaed11bcc7c4
2023-03-29 21:19:05,948 [RatisPipelineUtilsThread - 0] INFO  pipeline.RatisPipelineProvider (RatisPipelineProvider.java:lambda$create$0(206)) - Sending CreatePipelineCommand for pipeline:PipelineID=f59e7d95-e046-46e8-83f8-871f59f78747 to datanode:1abb1f07-e430-4123-bdc4-d890b91ae57d
2023-03-29 21:19:05,948 [RatisPipelineUtilsThread - 0] INFO  pipeline.RatisPipelineProvider (RatisPipelineProvider.java:lambda$create$0(206)) - Sending CreatePipelineCommand for pipeline:PipelineID=f59e7d95-e046-46e8-83f8-871f59f78747 to datanode:9f5ac200-d2f7-413f-8590-e4ff1008cbf0
2023-03-29 21:19:05,948 [RatisPipelineUtilsThread - 0] INFO  pipeline.PipelineStateManagerImpl (PipelineStateManagerImpl.java:addPipeline(103)) - Created pipeline Pipeline[ Id: f59e7d95-e046-46e8-83f8-871f59f78747, Nodes: 10c8465d-f338-41bc-bb05-aaed11bcc7c4(fv-az308-773/10.1.0.17)1abb1f07-e430-4123-bdc4-d890b91ae57d(fv-az308-773/10.1.0.17)9f5ac200-d2f7-413f-8590-e4ff1008cbf0(fv-az308-773/10.1.0.17), ReplicationConfig: RATIS/THREE, State:ALLOCATED, leaderId:, CreationTimestamp2023-03-29T21:19:05.948Z[Etc/UTC]].
2023-03-29 21:19:05,949 [RatisPipelineUtilsThread - 0] INFO  pipeline.RatisPipelineProvider (RatisPipelineProvider.java:lambda$create$0(206)) - Sending CreatePipelineCommand for pipeline:PipelineID=b8760019-3358-43e9-b3bf-6cdae7bf2089 to datanode:1abb1f07-e430-4123-bdc4-d890b91ae57d
2023-03-29 21:19:05,949 [RatisPipelineUtilsThread - 0] INFO  pipeline.RatisPipelineProvider (RatisPipelineProvider.java:lambda$create$0(206)) - Sending CreatePipelineCommand for pipeline:PipelineID=b8760019-3358-43e9-b3bf-6cdae7bf2089 to datanode:10c8465d-f338-41bc-bb05-aaed11bcc7c4
2023-03-29 21:19:05,949 [RatisPipelineUtilsThread - 0] INFO  pipeline.RatisPipelineProvider (RatisPipelineProvider.java:lambda$create$0(206)) - Sending CreatePipelineCommand for pipeline:PipelineID=b8760019-3358-43e9-b3bf-6cdae7bf2089 to datanode:9f5ac200-d2f7-413f-8590-e4ff1008cbf0
2023-03-29 21:19:05,949 [RatisPipelineUtilsThread - 0] INFO  pipeline.PipelineStateManagerImpl (PipelineStateManagerImpl.java:addPipeline(103)) - Created pipeline Pipeline[ Id: b8760019-3358-43e9-b3bf-6cdae7bf2089, Nodes: 1abb1f07-e430-4123-bdc4-d890b91ae57d(fv-az308-773/10.1.0.17)10c8465d-f338-41bc-bb05-aaed11bcc7c4(fv-az308-773/10.1.0.17)9f5ac200-d2f7-413f-8590-e4ff1008cbf0(fv-az308-773/10.1.0.17), ReplicationConfig: RATIS/THREE, State:ALLOCATED, leaderId:, CreationTimestamp2023-03-29T21:19:05.949Z[Etc/UTC]].
2023-03-29 21:19:05,949 [RatisPipelineUtilsThread - 0] INFO  pipeline.PipelineManagerImpl (PipelineManagerImpl.java:recordMetricsForPipeline(826)) - Pipeline: PipelineID=b8760019-3358-43e9-b3bf-6cdae7bf2089 contains same datanodes as previous pipelines: PipelineID=f59e7d95-e046-46e8-83f8-871f59f78747 nodeIds: 1abb1f07-e430-4123-bdc4-d890b91ae57d, 10c8465d-f338-41bc-bb05-aaed11bcc7c4, 9f5ac200-d2f7-413f-8590-e4ff1008cbf0
2023-03-29 21:19:05,951 [RatisPipelineUtilsThread - 0] WARN  pipeline.PipelinePlacementPolicy (PipelinePlacementPolicy.java:filterViableNodes(160)) - Pipeline creation failed due to no sufficient healthy datanodes. Required 3. Found 0. Excluded 3.
2023-03-29 21:19:05,951 [RatisPipelineUtilsThread - 0] WARN  pipeline.PipelinePlacementPolicy (PipelinePlacementPolicy.java:filterViableNodes(160)) - Pipeline creation failed due to no sufficient healthy datanodes. Required 3. Found 0. Excluded 3.
2023-03-29 21:19:06,943 [Listener at 127.0.0.1/39503] INFO  ozone.MiniOzoneClusterImpl (MiniOzoneClusterImpl.java:lambda$waitForClusterToBeReady$0(222)) - Nodes are ready. Got 3 of 3 DN Heartbeats.
2023-03-29 21:19:06,944 [Listener at 127.0.0.1/39503] INFO  ozone.MiniOzoneClusterImpl (MiniOzoneClusterImpl.java:lambda$waitForClusterToBeReady$0(225)) - Waiting for cluster to exit safe mode
2023-03-29 21:19:06,944 [Listener at 127.0.0.1/39503] INFO  ozone.MiniOzoneClusterImpl (MiniOzoneClusterImpl.java:lambda$waitForClusterToBeReady$0(227)) - SCM became leader
2023-03-29 21:19:07,944 [Listener at 127.0.0.1/39503] INFO  ozone.MiniOzoneClusterImpl (MiniOzoneClusterImpl.java:lambda$waitForClusterToBeReady$0(222)) - Nodes are ready. Got 3 of 3 DN Heartbeats.
2023-03-29 21:19:07,944 [Listener at 127.0.0.1/39503] INFO  ozone.MiniOzoneClusterImpl (MiniOzoneClusterImpl.java:lambda$waitForClusterToBeReady$0(225)) - Waiting for cluster to exit safe mode
2023-03-29 21:19:07,944 [Listener at 127.0.0.1/39503] INFO  ozone.MiniOzoneClusterImpl (MiniOzoneClusterImpl.java:lambda$waitForClusterToBeReady$0(227)) - SCM became leader
2023-03-29 21:19:08,247 [Command processor thread] INFO  server.RaftServer (RaftServerProxy.java:addNew(96)) - 1abb1f07-e430-4123-bdc4-d890b91ae57d: addNew group-F46F346B2B0A:[1abb1f07-e430-4123-bdc4-d890b91ae57d|rpc:10.1.0.17:46059|dataStream:10.1.0.17:45191|priority:1|startupRole:FOLLOWER] returns group-F46F346B2B0A:java.util.concurrent.CompletableFuture@2cf0c288[Not completed]
2023-03-29 21:19:08,249 [pool-1040-thread-1] INFO  server.RaftServer$Division (RaftServerImpl.java:<init>(195)) - 1abb1f07-e430-4123-bdc4-d890b91ae57d: new RaftServerImpl for group-F46F346B2B0A:[1abb1f07-e430-4123-bdc4-d890b91ae57d|rpc:10.1.0.17:46059|dataStream:10.1.0.17:45191|priority:1|startupRole:FOLLOWER] with ContainerStateMachine:uninitialized
2023-03-29 21:19:08,249 [pool-1040-thread-1] INFO  server.RaftServerConfigKeys (ConfUtils.java:logGet(46)) - raft.server.rpc.timeout.min = 5s (custom)
2023-03-29 21:19:08,250 [pool-1040-thread-1] INFO  server.RaftServerConfigKeys (ConfUtils.java:logGet(46)) - raft.server.rpc.timeout.max = 5200ms (custom)
2023-03-29 21:19:08,250 [pool-1040-thread-1] INFO  server.RaftServerConfigKeys (ConfUtils.java:logGet(46)) - raft.server.rpc.sleep.time = 25ms (default)
2023-03-29 21:19:08,250 [pool-1040-thread-1] INFO  server.RaftServerConfigKeys (ConfUtils.java:logGet(46)) - raft.server.rpc.slowness.timeout = 300s (custom)
2023-03-29 21:19:08,250 [pool-1040-thread-1] INFO  server.RaftServerConfigKeys (ConfUtils.java:logGet(46)) - raft.server.leaderelection.leader.step-down.wait-time = 10s (default)
2023-03-29 21:19:08,250 [pool-1040-thread-1] INFO  server.RaftServerConfigKeys (ConfUtils.java:logGet(46)) - raft.server.sleep.deviation.threshold = 300ms (default)
2023-03-29 21:19:08,250 [pool-1040-thread-1] INFO  server.RaftServer$Division (ServerState.java:<init>(118)) - 1abb1f07-e430-4123-bdc4-d890b91ae57d@group-F46F346B2B0A: ConfigurationManager, init=-1: peers:[1abb1f07-e430-4123-bdc4-d890b91ae57d|rpc:10.1.0.17:46059|dataStream:10.1.0.17:45191|priority:1|startupRole:FOLLOWER]|listeners:[], old=null, confs=<EMPTY_MAP>
2023-03-29 21:19:08,250 [pool-1040-thread-1] INFO  server.RaftServerConfigKeys (ConfUtils.java:logGet(46)) - raft.server.storage.dir = [/home/runner/work/ozone/ozone/hadoop-ozone/integration-test/target/test-dir/MiniOzoneClusterImpl-0d259c79-1228-4415-b9fd-a9070010e405/datanode-0/data/ratis] (custom)
2023-03-29 21:19:08,250 [pool-1040-thread-1] INFO  server.RaftServerConfigKeys (ConfUtils.java:logGet(46)) - raft.server.log.corruption.policy = EXCEPTION (default)
2023-03-29 21:19:08,250 [pool-1040-thread-1] INFO  server.RaftServerConfigKeys (ConfUtils.java:logGet(46)) - raft.server.storage.free-space.min = 0MB (=0) (default)
2023-03-29 21:19:08,250 [pool-1040-thread-1] INFO  server.RaftServerConfigKeys (ConfUtils.java:logGet(46)) - raft.server.notification.no-leader.timeout = 300s (custom)
2023-03-29 21:19:08,250 [pool-1040-thread-1] INFO  server.RaftServerConfigKeys (ConfUtils.java:logGet(46)) - raft.server.retrycache.expirytime = 600000ms (custom)
2023-03-29 21:19:08,250 [pool-1040-thread-1] INFO  server.RaftServerConfigKeys (ConfUtils.java:logGet(46)) - raft.server.retrycache.statistics.expirytime = 100μs (default)
2023-03-29 21:19:08,251 [pool-1040-thread-1] INFO  server.RaftServerConfigKeys (ConfUtils.java:logGet(46)) - raft.server.log.appender.install.snapshot.enabled = false (custom)
2023-03-29 21:19:08,251 [pool-1040-thread-1] INFO  server.RaftServerConfigKeys (ConfUtils.java:logGet(46)) - raft.server.threadpool.server.cached = true (default)
2023-03-29 21:19:08,251 [pool-1040-thread-1] INFO  server.RaftServerConfigKeys (ConfUtils.java:logGet(46)) - raft.server.threadpool.server.size = 0 (default)
2023-03-29 21:19:08,251 [pool-1040-thread-1] INFO  server.RaftServerConfigKeys (ConfUtils.java:logGet(46)) - raft.server.threadpool.client.cached = true (default)
2023-03-29 21:19:08,251 [pool-1040-thread-1] INFO  server.RaftServerConfigKeys (ConfUtils.java:logGet(46)) - raft.server.threadpool.client.size = 0 (default)
2023-03-29 21:19:08,251 [pool-1040-thread-1] INFO  storage.RaftStorageDirectory (RaftStorageDirectoryImpl.java:analyzeStorage(137)) - The storage directory /home/runner/work/ozone/ozone/hadoop-ozone/integration-test/target/test-dir/MiniOzoneClusterImpl-0d259c79-1228-4415-b9fd-a9070010e405/datanode-0/data/ratis/3df01a8a-c5f9-43ee-95ee-f46f346b2b0a does not exist. Creating ...
2023-03-29 21:19:08,253 [pool-1040-thread-1] INFO  storage.RaftStorageDirectory (RaftStorageDirectoryImpl.java:tryLock(231)) - Lock on /home/runner/work/ozone/ozone/hadoop-ozone/integration-test/target/test-dir/MiniOzoneClusterImpl-0d259c79-1228-4415-b9fd-a9070010e405/datanode-0/data/ratis/3df01a8a-c5f9-43ee-95ee-f46f346b2b0a/in_use.lock acquired by nodename 46426@fv-az308-773
2023-03-29 21:19:08,254 [pool-1040-thread-1] INFO  storage.RaftStorage (RaftStorageImpl.java:format(96)) - Storage directory /home/runner/work/ozone/ozone/hadoop-ozone/integration-test/target/test-dir/MiniOzoneClusterImpl-0d259c79-1228-4415-b9fd-a9070010e405/datanode-0/data/ratis/3df01a8a-c5f9-43ee-95ee-f46f346b2b0a has been successfully formatted.
2023-03-29 21:19:08,256 [pool-1040-thread-1] INFO  ratis.ContainerStateMachine (ContainerStateMachine.java:loadSnapshot(262)) - group-F46F346B2B0A: The snapshot info is null. Setting the last applied indexto:(t:0, i:~)
2023-03-29 21:19:08,256 [pool-1040-thread-1] INFO  server.RaftServerConfigKeys (ConfUtils.java:logGet(46)) - raft.server.log.use.memory = false (default)
2023-03-29 21:19:08,256 [pool-1040-thread-1] INFO  server.RaftServerConfigKeys (ConfUtils.java:logGet(46)) - raft.server.log.purge.gap = 1000000 (custom)
2023-03-29 21:19:08,256 [pool-1040-thread-1] INFO  server.RaftServerConfigKeys (ConfUtils.java:logGet(46)) - raft.server.log.appender.buffer.byte-limit = 33554432 (custom)
2023-03-29 21:19:08,256 [pool-1040-thread-1] INFO  server.RaftServerConfigKeys (ConfUtils.java:logGet(46)) - raft.server.log.statemachine.data.read.timeout = 1000ms (default)
2023-03-29 21:19:08,256 [pool-1040-thread-1] INFO  server.RaftServerConfigKeys (ConfUtils.java:logGet(46)) - raft.server.log.purge.preservation.log.num = 0 (default)
2023-03-29 21:19:08,256 [pool-1040-thread-1] INFO  server.RaftServerConfigKeys (ConfUtils.java:logGet(46)) - raft.server.log.segment.size.max = 1048576 (custom)
2023-03-29 21:19:08,256 [pool-1040-thread-1] INFO  server.RaftServerConfigKeys (ConfUtils.java:logGet(46)) - raft.server.log.segment.cache.num.max = 2 (custom)
2023-03-29 21:19:08,256 [pool-1040-thread-1] INFO  server.RaftServerConfigKeys (ConfUtils.java:logGet(46)) - raft.server.log.segment.cache.size.max = 200MB (=209715200) (default)
2023-03-29 21:19:08,256 [pool-1040-thread-1] INFO  segmented.SegmentedRaftLogWorker (SegmentedRaftLogWorker.java:<init>(189)) - new 1abb1f07-e430-4123-bdc4-d890b91ae57d@group-F46F346B2B0A-SegmentedRaftLogWorker for RaftStorageImpl:Storage Directory /home/runner/work/ozone/ozone/hadoop-ozone/integration-test/target/test-dir/MiniOzoneClusterImpl-0d259c79-1228-4415-b9fd-a9070010e405/datanode-0/data/ratis/3df01a8a-c5f9-43ee-95ee-f46f346b2b0a
2023-03-29 21:19:08,256 [pool-1040-thread-1] INFO  server.RaftServerConfigKeys (ConfUtils.java:logGet(46)) - raft.server.log.queue.byte-limit = 4294967296 (custom)
2023-03-29 21:19:08,257 [pool-1040-thread-1] INFO  server.RaftServerConfigKeys (ConfUtils.java:logGet(46)) - raft.server.log.queue.element-limit = 1024 (custom)
2023-03-29 21:19:08,257 [pool-1040-thread-1] INFO  server.RaftServerConfigKeys (ConfUtils.java:logGet(46)) - raft.server.log.segment.size.max = 1048576 (custom)
2023-03-29 21:19:08,257 [pool-1040-thread-1] INFO  server.RaftServerConfigKeys (ConfUtils.java:logGet(46)) - raft.server.log.preallocated.size = 16384 (custom)
2023-03-29 21:19:08,257 [pool-1040-thread-1] INFO  server.RaftServerConfigKeys (ConfUtils.java:logGet(46)) - raft.server.log.force.sync.num = 128 (default)
2023-03-29 21:19:08,257 [pool-1040-thread-1] INFO  server.RaftServerConfigKeys (ConfUtils.java:logGet(46)) - raft.server.log.statemachine.data.sync = true (default)
2023-03-29 21:19:08,257 [pool-1040-thread-1] INFO  server.RaftServerConfigKeys (ConfUtils.java:logGet(46)) - raft.server.log.statemachine.data.sync.timeout = 10s (default)
2023-03-29 21:19:08,257 [pool-1040-thread-1] INFO  server.RaftServerConfigKeys (ConfUtils.java:logGet(46)) - raft.server.log.statemachine.data.sync.timeout.retry = -1 (default)
2023-03-29 21:19:08,257 [pool-1040-thread-1] INFO  server.RaftServerConfigKeys (ConfUtils.java:logGet(46)) - raft.server.log.write.buffer.size = 1048576 (custom)
2023-03-29 21:19:08,258 [EventQueue-PipelineReportForPipelineReportHandler] INFO  pipeline.PipelineManagerImpl (PipelineManagerImpl.java:openPipeline(367)) - Pipeline Pipeline[ Id: 3df01a8a-c5f9-43ee-95ee-f46f346b2b0a, Nodes: 1abb1f07-e430-4123-bdc4-d890b91ae57d(fv-az308-773/10.1.0.17), ReplicationConfig: RATIS/ONE, State:ALLOCATED, leaderId:1abb1f07-e430-4123-bdc4-d890b91ae57d, CreationTimestamp2023-03-29T21:19:05.254Z[Etc/UTC]] moved to OPEN state
2023-03-29 21:19:08,259 [pool-1040-thread-1] INFO  server.RaftServerConfigKeys (ConfUtils.java:logGet(46)) - raft.server.log.appender.buffer.byte-limit = 33554432 (custom)
2023-03-29 21:19:08,264 [pool-1040-thread-1] INFO  server.RaftServerConfigKeys (ConfUtils.java:logGet(46)) - raft.server.log.unsafe-flush.enabled = false (default)
2023-03-29 21:19:08,264 [pool-1040-thread-1] INFO  server.RaftServerConfigKeys (ConfUtils.java:logGet(46)) - raft.server.log.async-flush.enabled = false (default)
2023-03-29 21:19:08,264 [pool-1040-thread-1] INFO  server.RaftServerConfigKeys (ConfUtils.java:logGet(46)) - raft.server.log.statemachine.data.caching.enabled = true (custom)
2023-03-29 21:19:08,264 [pool-1040-thread-1] INFO  segmented.SegmentedRaftLogWorker (SegmentedRaftLogWorker.java:lambda$new$0(135)) - 1abb1f07-e430-4123-bdc4-d890b91ae57d@group-F46F346B2B0A-SegmentedRaftLogWorker: flushIndex: setUnconditionally 0 -> -1
2023-03-29 21:19:08,265 [pool-1040-thread-1] INFO  segmented.SegmentedRaftLogWorker (SegmentedRaftLogWorker.java:lambda$new$0(135)) - 1abb1f07-e430-4123-bdc4-d890b91ae57d@group-F46F346B2B0A-SegmentedRaftLogWorker: safeCacheEvictIndex: setUnconditionally 0 -> -1
2023-03-29 21:19:08,265 [pool-1040-thread-1] INFO  server.RaftServer$Division (RaftServerImpl.java:start(334)) - 1abb1f07-e430-4123-bdc4-d890b91ae57d@group-F46F346B2B0A: start as a follower, conf=-1: peers:[1abb1f07-e430-4123-bdc4-d890b91ae57d|rpc:10.1.0.17:46059|dataStream:10.1.0.17:45191|priority:1|startupRole:FOLLOWER]|listeners:[], old=null
2023-03-29 21:19:08,265 [pool-1040-thread-1] INFO  server.RaftServer$Division (RaftServerImpl.java:setRole(321)) - 1abb1f07-e430-4123-bdc4-d890b91ae57d@group-F46F346B2B0A: changes role from      null to FOLLOWER at term 0 for startAsFollower
2023-03-29 21:19:08,265 [pool-1040-thread-1] INFO  impl.RoleInfo (RoleInfo.java:updateAndGet(139)) - 1abb1f07-e430-4123-bdc4-d890b91ae57d: start 1abb1f07-e430-4123-bdc4-d890b91ae57d@group-F46F346B2B0A-FollowerState
2023-03-29 21:19:08,266 [EventQueue-OpenPipelineForHealthyPipelineSafeModeRule] INFO  safemode.SCMSafeModeManager (HealthyPipelineSafeModeRule.java:process(137)) - SCM in safe mode. Healthy pipelines reported count is 0, required healthy pipeline reported count is 1
2023-03-29 21:19:08,266 [pool-1040-thread-1] INFO  util.JmxRegister (JmxRegister.java:tryRegister(44)) - Successfully registered JMX Bean with object name Ratis:service=RaftServer,group=group-F46F346B2B0A,id=1abb1f07-e430-4123-bdc4-d890b91ae57d
2023-03-29 21:19:08,266 [pool-1040-thread-1] INFO  server.RaftServerConfigKeys (ConfUtils.java:logGet(46)) - raft.server.snapshot.auto.trigger.enabled = true (custom)
2023-03-29 21:19:08,266 [pool-1040-thread-1] INFO  server.RaftServerConfigKeys (ConfUtils.java:logGet(46)) - raft.server.snapshot.auto.trigger.threshold = 10000 (custom)
2023-03-29 21:19:08,266 [pool-1040-thread-1] INFO  server.RaftServerConfigKeys (ConfUtils.java:logGet(46)) - raft.server.snapshot.retention.file.num = 5 (custom)
2023-03-29 21:19:08,266 [pool-1040-thread-1] INFO  server.RaftServerConfigKeys (ConfUtils.java:logGet(46)) - raft.server.log.purge.upto.snapshot.index = false (default)
2023-03-29 21:19:08,267 [Command processor thread] INFO  ratis.XceiverServerRatis (XceiverServerRatis.java:addGroup(806)) - Created group PipelineID=3df01a8a-c5f9-43ee-95ee-f46f346b2b0a
2023-03-29 21:19:08,267 [Command processor thread] INFO  commandhandler.CreatePipelineCommandHandler (CreatePipelineCommandHandler.java:handle(113)) - Created Pipeline RATIS ONE PipelineID=3df01a8a-c5f9-43ee-95ee-f46f346b2b0a.
2023-03-29 21:19:08,267 [1abb1f07-e430-4123-bdc4-d890b91ae57d@group-F46F346B2B0A-FollowerState] INFO  server.RaftServerConfigKeys (ConfUtils.java:logFallback(53)) - raft.server.rpc.first-election.timeout.min = 5s (fallback to raft.server.rpc.timeout.min)
2023-03-29 21:19:08,267 [1abb1f07-e430-4123-bdc4-d890b91ae57d@group-F46F346B2B0A-FollowerState] INFO  server.RaftServerConfigKeys (ConfUtils.java:logFallback(53)) - raft.server.rpc.first-election.timeout.max = 5200ms (fallback to raft.server.rpc.timeout.max)
2023-03-29 21:19:08,267 [Command processor thread] INFO  server.RaftServer (RaftServerProxy.java:addNew(96)) - 1abb1f07-e430-4123-bdc4-d890b91ae57d: addNew group-871F59F78747:[1abb1f07-e430-4123-bdc4-d890b91ae57d|rpc:10.1.0.17:46059|dataStream:10.1.0.17:45191|priority:0|startupRole:FOLLOWER, 9f5ac200-d2f7-413f-8590-e4ff1008cbf0|rpc:10.1.0.17:40263|dataStream:10.1.0.17:34153|priority:0|startupRole:FOLLOWER, 10c8465d-f338-41bc-bb05-aaed11bcc7c4|rpc:10.1.0.17:37199|dataStream:10.1.0.17:42937|priority:1|startupRole:FOLLOWER] returns group-871F59F78747:java.util.concurrent.CompletableFuture@28cf53ce[Not completed]
2023-03-29 21:19:08,267 [pool-1040-thread-1] INFO  server.RaftServer$Division (RaftServerImpl.java:<init>(195)) - 1abb1f07-e430-4123-bdc4-d890b91ae57d: new RaftServerImpl for group-871F59F78747:[1abb1f07-e430-4123-bdc4-d890b91ae57d|rpc:10.1.0.17:46059|dataStream:10.1.0.17:45191|priority:0|startupRole:FOLLOWER, 9f5ac200-d2f7-413f-8590-e4ff1008cbf0|rpc:10.1.0.17:40263|dataStream:10.1.0.17:34153|priority:0|startupRole:FOLLOWER, 10c8465d-f338-41bc-bb05-aaed11bcc7c4|rpc:10.1.0.17:37199|dataStream:10.1.0.17:42937|priority:1|startupRole:FOLLOWER] with ContainerStateMachine:uninitialized
2023-03-29 21:19:08,267 [pool-1040-thread-1] INFO  server.RaftServerConfigKeys (ConfUtils.java:logGet(46)) - raft.server.rpc.timeout.min = 5s (custom)
2023-03-29 21:19:08,268 [pool-1040-thread-1] INFO  server.RaftServerConfigKeys (ConfUtils.java:logGet(46)) - raft.server.rpc.timeout.max = 5200ms (custom)
2023-03-29 21:19:08,268 [pool-1040-thread-1] INFO  server.RaftServerConfigKeys (ConfUtils.java:logGet(46)) - raft.server.rpc.sleep.time = 25ms (default)
2023-03-29 21:19:08,268 [pool-1040-thread-1] INFO  server.RaftServerConfigKeys (ConfUtils.java:logGet(46)) - raft.server.rpc.slowness.timeout = 300s (custom)
2023-03-29 21:19:08,268 [pool-1040-thread-1] INFO  server.RaftServerConfigKeys (ConfUtils.java:logGet(46)) - raft.server.leaderelection.leader.step-down.wait-time = 10s (default)
2023-03-29 21:19:08,268 [pool-1040-thread-1] INFO  server.RaftServerConfigKeys (ConfUtils.java:logGet(46)) - raft.server.sleep.deviation.threshold = 300ms (default)
2023-03-29 21:19:08,268 [pool-1040-thread-1] INFO  server.RaftServer$Division (ServerState.java:<init>(118)) - 1abb1f07-e430-4123-bdc4-d890b91ae57d@group-871F59F78747: ConfigurationManager, init=-1: peers:[1abb1f07-e430-4123-bdc4-d890b91ae57d|rpc:10.1.0.17:46059|dataStream:10.1.0.17:45191|priority:0|startupRole:FOLLOWER, 9f5ac200-d2f7-413f-8590-e4ff1008cbf0|rpc:10.1.0.17:40263|dataStream:10.1.0.17:34153|priority:0|startupRole:FOLLOWER, 10c8465d-f338-41bc-bb05-aaed11bcc7c4|rpc:10.1.0.17:37199|dataStream:10.1.0.17:42937|priority:1|startupRole:FOLLOWER]|listeners:[], old=null, confs=<EMPTY_MAP>
2023-03-29 21:19:08,268 [pool-1040-thread-1] INFO  server.RaftServerConfigKeys (ConfUtils.java:logGet(46)) - raft.server.storage.dir = [/home/runner/work/ozone/ozone/hadoop-ozone/integration-test/target/test-dir/MiniOzoneClusterImpl-0d259c79-1228-4415-b9fd-a9070010e405/datanode-0/data/ratis] (custom)
2023-03-29 21:19:08,268 [pool-1040-thread-1] INFO  server.RaftServerConfigKeys (ConfUtils.java:logGet(46)) - raft.server.log.corruption.policy = EXCEPTION (default)
2023-03-29 21:19:08,268 [pool-1040-thread-1] INFO  server.RaftServerConfigKeys (ConfUtils.java:logGet(46)) - raft.server.storage.free-space.min = 0MB (=0) (default)
2023-03-29 21:19:08,268 [pool-1040-thread-1] INFO  server.RaftServerConfigKeys (ConfUtils.java:logGet(46)) - raft.server.notification.no-leader.timeout = 300s (custom)
2023-03-29 21:19:08,268 [pool-1040-thread-1] INFO  server.RaftServerConfigKeys (ConfUtils.java:logGet(46)) - raft.server.retrycache.expirytime = 600000ms (custom)
2023-03-29 21:19:08,268 [pool-1040-thread-1] INFO  server.RaftServerConfigKeys (ConfUtils.java:logGet(46)) - raft.server.retrycache.statistics.expirytime = 100μs (default)
2023-03-29 21:19:08,269 [pool-1040-thread-1] INFO  server.RaftServerConfigKeys (ConfUtils.java:logGet(46)) - raft.server.log.appender.install.snapshot.enabled = false (custom)
2023-03-29 21:19:08,269 [pool-1040-thread-1] INFO  server.RaftServerConfigKeys (ConfUtils.java:logGet(46)) - raft.server.threadpool.server.cached = true (default)
2023-03-29 21:19:08,269 [pool-1040-thread-1] INFO  server.RaftServerConfigKeys (ConfUtils.java:logGet(46)) - raft.server.threadpool.server.size = 0 (default)
2023-03-29 21:19:08,269 [pool-1040-thread-1] INFO  server.RaftServerConfigKeys (ConfUtils.java:logGet(46)) - raft.server.threadpool.client.cached = true (default)
2023-03-29 21:19:08,269 [pool-1040-thread-1] INFO  server.RaftServerConfigKeys (ConfUtils.java:logGet(46)) - raft.server.threadpool.client.size = 0 (default)
2023-03-29 21:19:08,269 [pool-1040-thread-1] INFO  storage.RaftStorageDirectory (RaftStorageDirectoryImpl.java:analyzeStorage(137)) - The storage directory /home/runner/work/ozone/ozone/hadoop-ozone/integration-test/target/test-dir/MiniOzoneClusterImpl-0d259c79-1228-4415-b9fd-a9070010e405/datanode-0/data/ratis/f59e7d95-e046-46e8-83f8-871f59f78747 does not exist. Creating ...
2023-03-29 21:19:08,270 [pool-1040-thread-1] INFO  storage.RaftStorageDirectory (RaftStorageDirectoryImpl.java:tryLock(231)) - Lock on /home/runner/work/ozone/ozone/hadoop-ozone/integration-test/target/test-dir/MiniOzoneClusterImpl-0d259c79-1228-4415-b9fd-a9070010e405/datanode-0/data/ratis/f59e7d95-e046-46e8-83f8-871f59f78747/in_use.lock acquired by nodename 46426@fv-az308-773
2023-03-29 21:19:08,272 [pool-1040-thread-1] INFO  storage.RaftStorage (RaftStorageImpl.java:format(96)) - Storage directory /home/runner/work/ozone/ozone/hadoop-ozone/integration-test/target/test-dir/MiniOzoneClusterImpl-0d259c79-1228-4415-b9fd-a9070010e405/datanode-0/data/ratis/f59e7d95-e046-46e8-83f8-871f59f78747 has been successfully formatted.
2023-03-29 21:19:08,273 [pool-1040-thread-1] INFO  ratis.ContainerStateMachine (ContainerStateMachine.java:loadSnapshot(262)) - group-871F59F78747: The snapshot info is null. Setting the last applied indexto:(t:0, i:~)
2023-03-29 21:19:08,273 [pool-1040-thread-1] INFO  server.RaftServerConfigKeys (ConfUtils.java:logGet(46)) - raft.server.log.use.memory = false (default)
2023-03-29 21:19:08,273 [pool-1040-thread-1] INFO  server.RaftServerConfigKeys (ConfUtils.java:logGet(46)) - raft.server.log.purge.gap = 1000000 (custom)
2023-03-29 21:19:08,273 [pool-1040-thread-1] INFO  server.RaftServerConfigKeys (ConfUtils.java:logGet(46)) - raft.server.log.appender.buffer.byte-limit = 33554432 (custom)
2023-03-29 21:19:08,273 [pool-1040-thread-1] INFO  server.RaftServerConfigKeys (ConfUtils.java:logGet(46)) - raft.server.log.statemachine.data.read.timeout = 1000ms (default)
2023-03-29 21:19:08,273 [pool-1040-thread-1] INFO  server.RaftServerConfigKeys (ConfUtils.java:logGet(46)) - raft.server.log.purge.preservation.log.num = 0 (default)
2023-03-29 21:19:08,273 [EventQueue-OpenPipelineForHealthyPipelineSafeModeRule] INFO  safemode.SCMSafeModeManager (HealthyPipelineSafeModeRule.java:process(137)) - SCM in safe mode. Healthy pipelines reported count is 0, required healthy pipeline reported count is 1
2023-03-29 21:19:08,273 [pool-1040-thread-1] INFO  server.RaftServerConfigKeys (ConfUtils.java:logGet(46)) - raft.server.log.segment.size.max = 1048576 (custom)
2023-03-29 21:19:08,274 [pool-1040-thread-1] INFO  server.RaftServerConfigKeys (ConfUtils.java:logGet(46)) - raft.server.log.segment.cache.num.max = 2 (custom)
2023-03-29 21:19:08,274 [pool-1040-thread-1] INFO  server.RaftServerConfigKeys (ConfUtils.java:logGet(46)) - raft.server.log.segment.cache.size.max = 200MB (=209715200) (default)
2023-03-29 21:19:08,274 [pool-1040-thread-1] INFO  segmented.SegmentedRaftLogWorker (SegmentedRaftLogWorker.java:<init>(189)) - new 1abb1f07-e430-4123-bdc4-d890b91ae57d@group-871F59F78747-SegmentedRaftLogWorker for RaftStorageImpl:Storage Directory /home/runner/work/ozone/ozone/hadoop-ozone/integration-test/target/test-dir/MiniOzoneClusterImpl-0d259c79-1228-4415-b9fd-a9070010e405/datanode-0/data/ratis/f59e7d95-e046-46e8-83f8-871f59f78747
2023-03-29 21:19:08,274 [pool-1040-thread-1] INFO  server.RaftServerConfigKeys (ConfUtils.java:logGet(46)) - raft.server.log.queue.byte-limit = 4294967296 (custom)
2023-03-29 21:19:08,274 [pool-1040-thread-1] INFO  server.RaftServerConfigKeys (ConfUtils.java:logGet(46)) - raft.server.log.queue.element-limit = 1024 (custom)
2023-03-29 21:19:08,274 [pool-1040-thread-1] INFO  server.RaftServerConfigKeys (ConfUtils.java:logGet(46)) - raft.server.log.segment.size.max = 1048576 (custom)
2023-03-29 21:19:08,274 [pool-1040-thread-1] INFO  server.RaftServerConfigKeys (ConfUtils.java:logGet(46)) - raft.server.log.preallocated.size = 16384 (custom)
2023-03-29 21:19:08,274 [pool-1040-thread-1] INFO  server.RaftServerConfigKeys (ConfUtils.java:logGet(46)) - raft.server.log.force.sync.num = 128 (default)
2023-03-29 21:19:08,274 [pool-1040-thread-1] INFO  server.RaftServerConfigKeys (ConfUtils.java:logGet(46)) - raft.server.log.statemachine.data.sync = true (default)
2023-03-29 21:19:08,274 [pool-1040-thread-1] INFO  server.RaftServerConfigKeys (ConfUtils.java:logGet(46)) - raft.server.log.statemachine.data.sync.timeout = 10s (default)
2023-03-29 21:19:08,274 [pool-1040-thread-1] INFO  server.RaftServerConfigKeys (ConfUtils.java:logGet(46)) - raft.server.log.statemachine.data.sync.timeout.retry = -1 (default)
2023-03-29 21:19:08,274 [pool-1040-thread-1] INFO  server.RaftServerConfigKeys (ConfUtils.java:logGet(46)) - raft.server.log.write.buffer.size = 1048576 (custom)
2023-03-29 21:19:08,275 [pool-1040-thread-1] INFO  server.RaftServerConfigKeys (ConfUtils.java:logGet(46)) - raft.server.log.appender.buffer.byte-limit = 33554432 (custom)
2023-03-29 21:19:08,280 [pool-1040-thread-1] INFO  server.RaftServerConfigKeys (ConfUtils.java:logGet(46)) - raft.server.log.unsafe-flush.enabled = false (default)
2023-03-29 21:19:08,280 [pool-1040-thread-1] INFO  server.RaftServerConfigKeys (ConfUtils.java:logGet(46)) - raft.server.log.async-flush.enabled = false (default)
2023-03-29 21:19:08,280 [pool-1040-thread-1] INFO  server.RaftServerConfigKeys (ConfUtils.java:logGet(46)) - raft.server.log.statemachine.data.caching.enabled = true (custom)
2023-03-29 21:19:08,280 [pool-1040-thread-1] INFO  segmented.SegmentedRaftLogWorker (SegmentedRaftLogWorker.java:lambda$new$0(135)) - 1abb1f07-e430-4123-bdc4-d890b91ae57d@group-871F59F78747-SegmentedRaftLogWorker: flushIndex: setUnconditionally 0 -> -1
2023-03-29 21:19:08,280 [pool-1040-thread-1] INFO  segmented.SegmentedRaftLogWorker (SegmentedRaftLogWorker.java:lambda$new$0(135)) - 1abb1f07-e430-4123-bdc4-d890b91ae57d@group-871F59F78747-SegmentedRaftLogWorker: safeCacheEvictIndex: setUnconditionally 0 -> -1
2023-03-29 21:19:08,281 [pool-1040-thread-1] INFO  server.RaftServer$Division (RaftServerImpl.java:start(334)) - 1abb1f07-e430-4123-bdc4-d890b91ae57d@group-871F59F78747: start as a follower, conf=-1: peers:[1abb1f07-e430-4123-bdc4-d890b91ae57d|rpc:10.1.0.17:46059|dataStream:10.1.0.17:45191|priority:0|startupRole:FOLLOWER, 9f5ac200-d2f7-413f-8590-e4ff1008cbf0|rpc:10.1.0.17:40263|dataStream:10.1.0.17:34153|priority:0|startupRole:FOLLOWER, 10c8465d-f338-41bc-bb05-aaed11bcc7c4|rpc:10.1.0.17:37199|dataStream:10.1.0.17:42937|priority:1|startupRole:FOLLOWER]|listeners:[], old=null
2023-03-29 21:19:08,281 [pool-1040-thread-1] INFO  server.RaftServer$Division (RaftServerImpl.java:setRole(321)) - 1abb1f07-e430-4123-bdc4-d890b91ae57d@group-871F59F78747: changes role from      null to FOLLOWER at term 0 for startAsFollower
2023-03-29 21:19:08,281 [pool-1040-thread-1] INFO  impl.RoleInfo (RoleInfo.java:updateAndGet(139)) - 1abb1f07-e430-4123-bdc4-d890b91ae57d: start 1abb1f07-e430-4123-bdc4-d890b91ae57d@group-871F59F78747-FollowerState
2023-03-29 21:19:08,281 [pool-1040-thread-1] INFO  util.JmxRegister (JmxRegister.java:tryRegister(44)) - Successfully registered JMX Bean with object name Ratis:service=RaftServer,group=group-871F59F78747,id=1abb1f07-e430-4123-bdc4-d890b91ae57d
2023-03-29 21:19:08,281 [pool-1040-thread-1] INFO  server.RaftServerConfigKeys (ConfUtils.java:logGet(46)) - raft.server.snapshot.auto.trigger.enabled = true (custom)
2023-03-29 21:19:08,281 [pool-1040-thread-1] INFO  server.RaftServerConfigKeys (ConfUtils.java:logGet(46)) - raft.server.snapshot.auto.trigger.threshold = 10000 (custom)
2023-03-29 21:19:08,281 [pool-1040-thread-1] INFO  server.RaftServerConfigKeys (ConfUtils.java:logGet(46)) - raft.server.snapshot.retention.file.num = 5 (custom)
2023-03-29 21:19:08,281 [pool-1040-thread-1] INFO  server.RaftServerConfigKeys (ConfUtils.java:logGet(46)) - raft.server.log.purge.upto.snapshot.index = false (default)
2023-03-29 21:19:08,282 [1abb1f07-e430-4123-bdc4-d890b91ae57d@group-871F59F78747-FollowerState] INFO  server.RaftServerConfigKeys (ConfUtils.java:logFallback(53)) - raft.server.rpc.first-election.timeout.min = 5s (fallback to raft.server.rpc.timeout.min)
2023-03-29 21:19:08,282 [1abb1f07-e430-4123-bdc4-d890b91ae57d@group-871F59F78747-FollowerState] INFO  server.RaftServerConfigKeys (ConfUtils.java:logFallback(53)) - raft.server.rpc.first-election.timeout.max = 5200ms (fallback to raft.server.rpc.timeout.max)
2023-03-29 21:19:08,282 [Command processor thread] INFO  ratis.XceiverServerRatis (XceiverServerRatis.java:addGroup(806)) - Created group PipelineID=f59e7d95-e046-46e8-83f8-871f59f78747
2023-03-29 21:19:08,296 [grpc-default-executor-0] INFO  server.RaftServer (RaftServerProxy.java:addNew(96)) - 10c8465d-f338-41bc-bb05-aaed11bcc7c4: addNew group-871F59F78747:[1abb1f07-e430-4123-bdc4-d890b91ae57d|rpc:10.1.0.17:46059|dataStream:10.1.0.17:45191|priority:0|startupRole:FOLLOWER, 9f5ac200-d2f7-413f-8590-e4ff1008cbf0|rpc:10.1.0.17:40263|dataStream:10.1.0.17:34153|priority:0|startupRole:FOLLOWER, 10c8465d-f338-41bc-bb05-aaed11bcc7c4|rpc:10.1.0.17:37199|dataStream:10.1.0.17:42937|priority:1|startupRole:FOLLOWER] returns group-871F59F78747:java.util.concurrent.CompletableFuture@101d7668[Not completed]
2023-03-29 21:19:08,297 [pool-1062-thread-1] INFO  server.RaftServer$Division (RaftServerImpl.java:<init>(195)) - 10c8465d-f338-41bc-bb05-aaed11bcc7c4: new RaftServerImpl for group-871F59F78747:[1abb1f07-e430-4123-bdc4-d890b91ae57d|rpc:10.1.0.17:46059|dataStream:10.1.0.17:45191|priority:0|startupRole:FOLLOWER, 9f5ac200-d2f7-413f-8590-e4ff1008cbf0|rpc:10.1.0.17:40263|dataStream:10.1.0.17:34153|priority:0|startupRole:FOLLOWER, 10c8465d-f338-41bc-bb05-aaed11bcc7c4|rpc:10.1.0.17:37199|dataStream:10.1.0.17:42937|priority:1|startupRole:FOLLOWER] with ContainerStateMachine:uninitialized
2023-03-29 21:19:08,297 [pool-1062-thread-1] INFO  server.RaftServerConfigKeys (ConfUtils.java:logGet(46)) - raft.server.rpc.timeout.min = 5s (custom)
2023-03-29 21:19:08,297 [pool-1062-thread-1] INFO  server.RaftServerConfigKeys (ConfUtils.java:logGet(46)) - raft.server.rpc.timeout.max = 5200ms (custom)
2023-03-29 21:19:08,297 [pool-1062-thread-1] INFO  server.RaftServerConfigKeys (ConfUtils.java:logGet(46)) - raft.server.rpc.sleep.time = 25ms (default)
2023-03-29 21:19:08,297 [pool-1062-thread-1] INFO  server.RaftServerConfigKeys (ConfUtils.java:logGet(46)) - raft.server.rpc.slowness.timeout = 300s (custom)
2023-03-29 21:19:08,297 [pool-1062-thread-1] INFO  server.RaftServerConfigKeys (ConfUtils.java:logGet(46)) - raft.server.leaderelection.leader.step-down.wait-time = 10s (default)
2023-03-29 21:19:08,297 [pool-1062-thread-1] INFO  server.RaftServerConfigKeys (ConfUtils.java:logGet(46)) - raft.server.sleep.deviation.threshold = 300ms (default)
2023-03-29 21:19:08,297 [pool-1062-thread-1] INFO  server.RaftServer$Division (ServerState.java:<init>(118)) - 10c8465d-f338-41bc-bb05-aaed11bcc7c4@group-871F59F78747: ConfigurationManager, init=-1: peers:[1abb1f07-e430-4123-bdc4-d890b91ae57d|rpc:10.1.0.17:46059|dataStream:10.1.0.17:45191|priority:0|startupRole:FOLLOWER, 9f5ac200-d2f7-413f-8590-e4ff1008cbf0|rpc:10.1.0.17:40263|dataStream:10.1.0.17:34153|priority:0|startupRole:FOLLOWER, 10c8465d-f338-41bc-bb05-aaed11bcc7c4|rpc:10.1.0.17:37199|dataStream:10.1.0.17:42937|priority:1|startupRole:FOLLOWER]|listeners:[], old=null, confs=<EMPTY_MAP>
2023-03-29 21:19:08,297 [pool-1062-thread-1] INFO  server.RaftServerConfigKeys (ConfUtils.java:logGet(46)) - raft.server.storage.dir = [/home/runner/work/ozone/ozone/hadoop-ozone/integration-test/target/test-dir/MiniOzoneClusterImpl-0d259c79-1228-4415-b9fd-a9070010e405/datanode-1/data/ratis] (custom)
2023-03-29 21:19:08,297 [pool-1062-thread-1] INFO  server.RaftServerConfigKeys (ConfUtils.java:logGet(46)) - raft.server.log.corruption.policy = EXCEPTION (default)
2023-03-29 21:19:08,297 [pool-1062-thread-1] INFO  server.RaftServerConfigKeys (ConfUtils.java:logGet(46)) - raft.server.storage.free-space.min = 0MB (=0) (default)
2023-03-29 21:19:08,298 [pool-1062-thread-1] INFO  server.RaftServerConfigKeys (ConfUtils.java:logGet(46)) - raft.server.notification.no-leader.timeout = 300s (custom)
2023-03-29 21:19:08,298 [pool-1062-thread-1] INFO  server.RaftServerConfigKeys (ConfUtils.java:logGet(46)) - raft.server.retrycache.expirytime = 600000ms (custom)
2023-03-29 21:19:08,298 [pool-1062-thread-1] INFO  server.RaftServerConfigKeys (ConfUtils.java:logGet(46)) - raft.server.retrycache.statistics.expirytime = 100μs (default)
2023-03-29 21:19:08,298 [pool-1062-thread-1] INFO  server.RaftServerConfigKeys (ConfUtils.java:logGet(46)) - raft.server.log.appender.install.snapshot.enabled = false (custom)
2023-03-29 21:19:08,298 [pool-1062-thread-1] INFO  server.RaftServerConfigKeys (ConfUtils.java:logGet(46)) - raft.server.threadpool.server.cached = true (default)
2023-03-29 21:19:08,298 [pool-1062-thread-1] INFO  server.RaftServerConfigKeys (ConfUtils.java:logGet(46)) - raft.server.threadpool.server.size = 0 (default)
2023-03-29 21:19:08,298 [pool-1062-thread-1] INFO  server.RaftServerConfigKeys (ConfUtils.java:logGet(46)) - raft.server.threadpool.client.cached = true (default)
2023-03-29 21:19:08,298 [pool-1062-thread-1] INFO  server.RaftServerConfigKeys (ConfUtils.java:logGet(46)) - raft.server.threadpool.client.size = 0 (default)
2023-03-29 21:19:08,298 [pool-1062-thread-1] INFO  storage.RaftStorageDirectory (RaftStorageDirectoryImpl.java:analyzeStorage(137)) - The storage directory /home/runner/work/ozone/ozone/hadoop-ozone/integration-test/target/test-dir/MiniOzoneClusterImpl-0d259c79-1228-4415-b9fd-a9070010e405/datanode-1/data/ratis/f59e7d95-e046-46e8-83f8-871f59f78747 does not exist. Creating ...
2023-03-29 21:19:08,299 [pool-1062-thread-1] INFO  storage.RaftStorageDirectory (RaftStorageDirectoryImpl.java:tryLock(231)) - Lock on /home/runner/work/ozone/ozone/hadoop-ozone/integration-test/target/test-dir/MiniOzoneClusterImpl-0d259c79-1228-4415-b9fd-a9070010e405/datanode-1/data/ratis/f59e7d95-e046-46e8-83f8-871f59f78747/in_use.lock acquired by nodename 46426@fv-az308-773
2023-03-29 21:19:08,300 [pool-1062-thread-1] INFO  storage.RaftStorage (RaftStorageImpl.java:format(96)) - Storage directory /home/runner/work/ozone/ozone/hadoop-ozone/integration-test/target/test-dir/MiniOzoneClusterImpl-0d259c79-1228-4415-b9fd-a9070010e405/datanode-1/data/ratis/f59e7d95-e046-46e8-83f8-871f59f78747 has been successfully formatted.
2023-03-29 21:19:08,302 [pool-1062-thread-1] INFO  ratis.ContainerStateMachine (ContainerStateMachine.java:loadSnapshot(262)) - group-871F59F78747: The snapshot info is null. Setting the last applied indexto:(t:0, i:~)
2023-03-29 21:19:08,302 [pool-1062-thread-1] INFO  server.RaftServerConfigKeys (ConfUtils.java:logGet(46)) - raft.server.log.use.memory = false (default)
2023-03-29 21:19:08,302 [pool-1062-thread-1] INFO  server.RaftServerConfigKeys (ConfUtils.java:logGet(46)) - raft.server.log.purge.gap = 1000000 (custom)
2023-03-29 21:19:08,302 [pool-1062-thread-1] INFO  server.RaftServerConfigKeys (ConfUtils.java:logGet(46)) - raft.server.log.appender.buffer.byte-limit = 33554432 (custom)
2023-03-29 21:19:08,303 [pool-1062-thread-1] INFO  server.RaftServerConfigKeys (ConfUtils.java:logGet(46)) - raft.server.log.statemachine.data.read.timeout = 1000ms (default)
2023-03-29 21:19:08,303 [pool-1062-thread-1] INFO  server.RaftServerConfigKeys (ConfUtils.java:logGet(46)) - raft.server.log.purge.preservation.log.num = 0 (default)
2023-03-29 21:19:08,303 [pool-1062-thread-1] INFO  server.RaftServerConfigKeys (ConfUtils.java:logGet(46)) - raft.server.log.segment.size.max = 1048576 (custom)
2023-03-29 21:19:08,303 [pool-1062-thread-1] INFO  server.RaftServerConfigKeys (ConfUtils.java:logGet(46)) - raft.server.log.segment.cache.num.max = 2 (custom)
2023-03-29 21:19:08,305 [pool-1062-thread-1] INFO  server.RaftServerConfigKeys (ConfUtils.java:logGet(46)) - raft.server.log.segment.cache.size.max = 200MB (=209715200) (default)
2023-03-29 21:19:08,305 [pool-1062-thread-1] INFO  segmented.SegmentedRaftLogWorker (SegmentedRaftLogWorker.java:<init>(189)) - new 10c8465d-f338-41bc-bb05-aaed11bcc7c4@group-871F59F78747-SegmentedRaftLogWorker for RaftStorageImpl:Storage Directory /home/runner/work/ozone/ozone/hadoop-ozone/integration-test/target/test-dir/MiniOzoneClusterImpl-0d259c79-1228-4415-b9fd-a9070010e405/datanode-1/data/ratis/f59e7d95-e046-46e8-83f8-871f59f78747
2023-03-29 21:19:08,305 [pool-1062-thread-1] INFO  server.RaftServerConfigKeys (ConfUtils.java:logGet(46)) - raft.server.log.queue.byte-limit = 4294967296 (custom)
2023-03-29 21:19:08,305 [pool-1062-thread-1] INFO  server.RaftServerConfigKeys (ConfUtils.java:logGet(46)) - raft.server.log.queue.element-limit = 1024 (custom)
2023-03-29 21:19:08,305 [pool-1062-thread-1] INFO  server.RaftServerConfigKeys (ConfUtils.java:logGet(46)) - raft.server.log.segment.size.max = 1048576 (custom)
2023-03-29 21:19:08,305 [pool-1062-thread-1] INFO  server.RaftServerConfigKeys (ConfUtils.java:logGet(46)) - raft.server.log.preallocated.size = 16384 (custom)
2023-03-29 21:19:08,305 [pool-1062-thread-1] INFO  server.RaftServerConfigKeys (ConfUtils.java:logGet(46)) - raft.server.log.force.sync.num = 128 (default)
2023-03-29 21:19:08,305 [pool-1062-thread-1] INFO  server.RaftServerConfigKeys (ConfUtils.java:logGet(46)) - raft.server.log.statemachine.data.sync = true (default)
2023-03-29 21:19:08,305 [pool-1062-thread-1] INFO  server.RaftServerConfigKeys (ConfUtils.java:logGet(46)) - raft.server.log.statemachine.data.sync.timeout = 10s (default)
2023-03-29 21:19:08,305 [pool-1062-thread-1] INFO  server.RaftServerConfigKeys (ConfUtils.java:logGet(46)) - raft.server.log.statemachine.data.sync.timeout.retry = -1 (default)
2023-03-29 21:19:08,305 [pool-1062-thread-1] INFO  server.RaftServerConfigKeys (ConfUtils.java:logGet(46)) - raft.server.log.write.buffer.size = 1048576 (custom)
2023-03-29 21:19:08,306 [pool-1062-thread-1] INFO  server.RaftServerConfigKeys (ConfUtils.java:logGet(46)) - raft.server.log.appender.buffer.byte-limit = 33554432 (custom)
2023-03-29 21:19:08,311 [pool-1062-thread-1] INFO  server.RaftServerConfigKeys (ConfUtils.java:logGet(46)) - raft.server.log.unsafe-flush.enabled = false (default)
2023-03-29 21:19:08,311 [pool-1062-thread-1] INFO  server.RaftServerConfigKeys (ConfUtils.java:logGet(46)) - raft.server.log.async-flush.enabled = false (default)
2023-03-29 21:19:08,311 [pool-1062-thread-1] INFO  server.RaftServerConfigKeys (ConfUtils.java:logGet(46)) - raft.server.log.statemachine.data.caching.enabled = true (custom)
2023-03-29 21:19:08,311 [pool-1062-thread-1] INFO  segmented.SegmentedRaftLogWorker (SegmentedRaftLogWorker.java:lambda$new$0(135)) - 10c8465d-f338-41bc-bb05-aaed11bcc7c4@group-871F59F78747-SegmentedRaftLogWorker: flushIndex: setUnconditionally 0 -> -1
2023-03-29 21:19:08,311 [pool-1062-thread-1] INFO  segmented.SegmentedRaftLogWorker (SegmentedRaftLogWorker.java:lambda$new$0(135)) - 10c8465d-f338-41bc-bb05-aaed11bcc7c4@group-871F59F78747-SegmentedRaftLogWorker: safeCacheEvictIndex: setUnconditionally 0 -> -1
2023-03-29 21:19:08,312 [pool-1062-thread-1] INFO  server.RaftServer$Division (RaftServerImpl.java:start(334)) - 10c8465d-f338-41bc-bb05-aaed11bcc7c4@group-871F59F78747: start as a follower, conf=-1: peers:[1abb1f07-e430-4123-bdc4-d890b91ae57d|rpc:10.1.0.17:46059|dataStream:10.1.0.17:45191|priority:0|startupRole:FOLLOWER, 9f5ac200-d2f7-413f-8590-e4ff1008cbf0|rpc:10.1.0.17:40263|dataStream:10.1.0.17:34153|priority:0|startupRole:FOLLOWER, 10c8465d-f338-41bc-bb05-aaed11bcc7c4|rpc:10.1.0.17:37199|dataStream:10.1.0.17:42937|priority:1|startupRole:FOLLOWER]|listeners:[], old=null
2023-03-29 21:19:08,312 [pool-1062-thread-1] INFO  server.RaftServer$Division (RaftServerImpl.java:setRole(321)) - 10c8465d-f338-41bc-bb05-aaed11bcc7c4@group-871F59F78747: changes role from      null to FOLLOWER at term 0 for startAsFollower
2023-03-29 21:19:08,312 [pool-1062-thread-1] INFO  impl.RoleInfo (RoleInfo.java:updateAndGet(139)) - 10c8465d-f338-41bc-bb05-aaed11bcc7c4: start 10c8465d-f338-41bc-bb05-aaed11bcc7c4@group-871F59F78747-FollowerState
2023-03-29 21:19:08,312 [pool-1062-thread-1] INFO  util.JmxRegister (JmxRegister.java:tryRegister(44)) - Successfully registered JMX Bean with object name Ratis:service=RaftServer,group=group-871F59F78747,id=10c8465d-f338-41bc-bb05-aaed11bcc7c4
2023-03-29 21:19:08,312 [pool-1062-thread-1] INFO  server.RaftServerConfigKeys (ConfUtils.java:logGet(46)) - raft.server.snapshot.auto.trigger.enabled = true (custom)
2023-03-29 21:19:08,312 [pool-1062-thread-1] INFO  server.RaftServerConfigKeys (ConfUtils.java:logGet(46)) - raft.server.snapshot.auto.trigger.threshold = 10000 (custom)
2023-03-29 21:19:08,312 [pool-1062-thread-1] INFO  server.RaftServerConfigKeys (ConfUtils.java:logGet(46)) - raft.server.snapshot.retention.file.num = 5 (custom)
2023-03-29 21:19:08,312 [pool-1062-thread-1] INFO  server.RaftServerConfigKeys (ConfUtils.java:logGet(46)) - raft.server.log.purge.upto.snapshot.index = false (default)
2023-03-29 21:19:08,312 [10c8465d-f338-41bc-bb05-aaed11bcc7c4@group-871F59F78747-FollowerState] INFO  server.RaftServerConfigKeys (ConfUtils.java:logFallback(53)) - raft.server.rpc.first-election.timeout.min = 5s (fallback to raft.server.rpc.timeout.min)
2023-03-29 21:19:08,313 [10c8465d-f338-41bc-bb05-aaed11bcc7c4@group-871F59F78747-FollowerState] INFO  server.RaftServerConfigKeys (ConfUtils.java:logFallback(53)) - raft.server.rpc.first-election.timeout.max = 5200ms (fallback to raft.server.rpc.timeout.max)
2023-03-29 21:19:08,333 [grpc-default-executor-0] INFO  server.RaftServer (RaftServerProxy.java:addNew(96)) - 9f5ac200-d2f7-413f-8590-e4ff1008cbf0: addNew group-871F59F78747:[1abb1f07-e430-4123-bdc4-d890b91ae57d|rpc:10.1.0.17:46059|dataStream:10.1.0.17:45191|priority:0|startupRole:FOLLOWER, 9f5ac200-d2f7-413f-8590-e4ff1008cbf0|rpc:10.1.0.17:40263|dataStream:10.1.0.17:34153|priority:0|startupRole:FOLLOWER, 10c8465d-f338-41bc-bb05-aaed11bcc7c4|rpc:10.1.0.17:37199|dataStream:10.1.0.17:42937|priority:1|startupRole:FOLLOWER] returns group-871F59F78747:java.util.concurrent.CompletableFuture@6b6bf0a6[Not completed]
2023-03-29 21:19:08,334 [pool-1084-thread-1] INFO  server.RaftServer$Division (RaftServerImpl.java:<init>(195)) - 9f5ac200-d2f7-413f-8590-e4ff1008cbf0: new RaftServerImpl for group-871F59F78747:[1abb1f07-e430-4123-bdc4-d890b91ae57d|rpc:10.1.0.17:46059|dataStream:10.1.0.17:45191|priority:0|startupRole:FOLLOWER, 9f5ac200-d2f7-413f-8590-e4ff1008cbf0|rpc:10.1.0.17:40263|dataStream:10.1.0.17:34153|priority:0|startupRole:FOLLOWER, 10c8465d-f338-41bc-bb05-aaed11bcc7c4|rpc:10.1.0.17:37199|dataStream:10.1.0.17:42937|priority:1|startupRole:FOLLOWER] with ContainerStateMachine:uninitialized
2023-03-29 21:19:08,334 [pool-1084-thread-1] INFO  server.RaftServerConfigKeys (ConfUtils.java:logGet(46)) - raft.server.rpc.timeout.min = 5s (custom)
2023-03-29 21:19:08,334 [pool-1084-thread-1] INFO  server.RaftServerConfigKeys (ConfUtils.java:logGet(46)) - raft.server.rpc.timeout.max = 5200ms (custom)
2023-03-29 21:19:08,334 [pool-1084-thread-1] INFO  server.RaftServerConfigKeys (ConfUtils.java:logGet(46)) - raft.server.rpc.sleep.time = 25ms (default)
2023-03-29 21:19:08,334 [pool-1084-thread-1] INFO  server.RaftServerConfigKeys (ConfUtils.java:logGet(46)) - raft.server.rpc.slowness.timeout = 300s (custom)
2023-03-29 21:19:08,334 [pool-1084-thread-1] INFO  server.RaftServerConfigKeys (ConfUtils.java:logGet(46)) - raft.server.leaderelection.leader.step-down.wait-time = 10s (default)
2023-03-29 21:19:08,334 [pool-1084-thread-1] INFO  server.RaftServerConfigKeys (ConfUtils.java:logGet(46)) - raft.server.sleep.deviation.threshold = 300ms (default)
2023-03-29 21:19:08,334 [pool-1084-thread-1] INFO  server.RaftServer$Division (ServerState.java:<init>(118)) - 9f5ac200-d2f7-413f-8590-e4ff1008cbf0@group-871F59F78747: ConfigurationManager, init=-1: peers:[1abb1f07-e430-4123-bdc4-d890b91ae57d|rpc:10.1.0.17:46059|dataStream:10.1.0.17:45191|priority:0|startupRole:FOLLOWER, 9f5ac200-d2f7-413f-8590-e4ff1008cbf0|rpc:10.1.0.17:40263|dataStream:10.1.0.17:34153|priority:0|startupRole:FOLLOWER, 10c8465d-f338-41bc-bb05-aaed11bcc7c4|rpc:10.1.0.17:37199|dataStream:10.1.0.17:42937|priority:1|startupRole:FOLLOWER]|listeners:[], old=null, confs=<EMPTY_MAP>
2023-03-29 21:19:08,334 [pool-1084-thread-1] INFO  server.RaftServerConfigKeys (ConfUtils.java:logGet(46)) - raft.server.storage.dir = [/home/runner/work/ozone/ozone/hadoop-ozone/integration-test/target/test-dir/MiniOzoneClusterImpl-0d259c79-1228-4415-b9fd-a9070010e405/datanode-2/data/ratis] (custom)
2023-03-29 21:19:08,335 [pool-1084-thread-1] INFO  server.RaftServerConfigKeys (ConfUtils.java:logGet(46)) - raft.server.log.corruption.policy = EXCEPTION (default)
2023-03-29 21:19:08,335 [pool-1084-thread-1] INFO  server.RaftServerConfigKeys (ConfUtils.java:logGet(46)) - raft.server.storage.free-space.min = 0MB (=0) (default)
2023-03-29 21:19:08,335 [pool-1084-thread-1] INFO  server.RaftServerConfigKeys (ConfUtils.java:logGet(46)) - raft.server.notification.no-leader.timeout = 300s (custom)
2023-03-29 21:19:08,335 [pool-1084-thread-1] INFO  server.RaftServerConfigKeys (ConfUtils.java:logGet(46)) - raft.server.retrycache.expirytime = 600000ms (custom)
2023-03-29 21:19:08,335 [pool-1084-thread-1] INFO  server.RaftServerConfigKeys (ConfUtils.java:logGet(46)) - raft.server.retrycache.statistics.expirytime = 100μs (default)
2023-03-29 21:19:08,335 [pool-1084-thread-1] INFO  server.RaftServerConfigKeys (ConfUtils.java:logGet(46)) - raft.server.log.appender.install.snapshot.enabled = false (custom)
2023-03-29 21:19:08,335 [pool-1084-thread-1] INFO  server.RaftServerConfigKeys (ConfUtils.java:logGet(46)) - raft.server.threadpool.server.cached = true (default)
2023-03-29 21:19:08,335 [pool-1084-thread-1] INFO  server.RaftServerConfigKeys (ConfUtils.java:logGet(46)) - raft.server.threadpool.server.size = 0 (default)
2023-03-29 21:19:08,335 [pool-1084-thread-1] INFO  server.RaftServerConfigKeys (ConfUtils.java:logGet(46)) - raft.server.threadpool.client.cached = true (default)
2023-03-29 21:19:08,335 [pool-1084-thread-1] INFO  server.RaftServerConfigKeys (ConfUtils.java:logGet(46)) - raft.server.threadpool.client.size = 0 (default)
2023-03-29 21:19:08,335 [pool-1084-thread-1] INFO  storage.RaftStorageDirectory (RaftStorageDirectoryImpl.java:analyzeStorage(137)) - The storage directory /home/runner/work/ozone/ozone/hadoop-ozone/integration-test/target/test-dir/MiniOzoneClusterImpl-0d259c79-1228-4415-b9fd-a9070010e405/datanode-2/data/ratis/f59e7d95-e046-46e8-83f8-871f59f78747 does not exist. Creating ...
2023-03-29 21:19:08,336 [pool-1084-thread-1] INFO  storage.RaftStorageDirectory (RaftStorageDirectoryImpl.java:tryLock(231)) - Lock on /home/runner/work/ozone/ozone/hadoop-ozone/integration-test/target/test-dir/MiniOzoneClusterImpl-0d259c79-1228-4415-b9fd-a9070010e405/datanode-2/data/ratis/f59e7d95-e046-46e8-83f8-871f59f78747/in_use.lock acquired by nodename 46426@fv-az308-773
2023-03-29 21:19:08,337 [pool-1084-thread-1] INFO  storage.RaftStorage (RaftStorageImpl.java:format(96)) - Storage directory /home/runner/work/ozone/ozone/hadoop-ozone/integration-test/target/test-dir/MiniOzoneClusterImpl-0d259c79-1228-4415-b9fd-a9070010e405/datanode-2/data/ratis/f59e7d95-e046-46e8-83f8-871f59f78747 has been successfully formatted.
2023-03-29 21:19:08,338 [pool-1084-thread-1] INFO  ratis.ContainerStateMachine (ContainerStateMachine.java:loadSnapshot(262)) - group-871F59F78747: The snapshot info is null. Setting the last applied indexto:(t:0, i:~)
2023-03-29 21:19:08,339 [pool-1084-thread-1] INFO  server.RaftServerConfigKeys (ConfUtils.java:logGet(46)) - raft.server.log.use.memory = false (default)
2023-03-29 21:19:08,339 [pool-1084-thread-1] INFO  server.RaftServerConfigKeys (ConfUtils.java:logGet(46)) - raft.server.log.purge.gap = 1000000 (custom)
2023-03-29 21:19:08,339 [pool-1084-thread-1] INFO  server.RaftServerConfigKeys (ConfUtils.java:logGet(46)) - raft.server.log.appender.buffer.byte-limit = 33554432 (custom)
2023-03-29 21:19:08,340 [pool-1084-thread-1] INFO  server.RaftServerConfigKeys (ConfUtils.java:logGet(46)) - raft.server.log.statemachine.data.read.timeout = 1000ms (default)
2023-03-29 21:19:08,341 [pool-1084-thread-1] INFO  server.RaftServerConfigKeys (ConfUtils.java:logGet(46)) - raft.server.log.purge.preservation.log.num = 0 (default)
2023-03-29 21:19:08,341 [pool-1084-thread-1] INFO  server.RaftServerConfigKeys (ConfUtils.java:logGet(46)) - raft.server.log.segment.size.max = 1048576 (custom)
2023-03-29 21:19:08,341 [pool-1084-thread-1] INFO  server.RaftServerConfigKeys (ConfUtils.java:logGet(46)) - raft.server.log.segment.cache.num.max = 2 (custom)
2023-03-29 21:19:08,341 [pool-1084-thread-1] INFO  server.RaftServerConfigKeys (ConfUtils.java:logGet(46)) - raft.server.log.segment.cache.size.max = 200MB (=209715200) (default)
2023-03-29 21:19:08,341 [pool-1084-thread-1] INFO  segmented.SegmentedRaftLogWorker (SegmentedRaftLogWorker.java:<init>(189)) - new 9f5ac200-d2f7-413f-8590-e4ff1008cbf0@group-871F59F78747-SegmentedRaftLogWorker for RaftStorageImpl:Storage Directory /home/runner/work/ozone/ozone/hadoop-ozone/integration-test/target/test-dir/MiniOzoneClusterImpl-0d259c79-1228-4415-b9fd-a9070010e405/datanode-2/data/ratis/f59e7d95-e046-46e8-83f8-871f59f78747
2023-03-29 21:19:08,341 [pool-1084-thread-1] INFO  server.RaftServerConfigKeys (ConfUtils.java:logGet(46)) - raft.server.log.queue.byte-limit = 4294967296 (custom)
2023-03-29 21:19:08,342 [pool-1084-thread-1] INFO  server.RaftServerConfigKeys (ConfUtils.java:logGet(46)) - raft.server.log.queue.element-limit = 1024 (custom)
2023-03-29 21:19:08,342 [pool-1084-thread-1] INFO  server.RaftServerConfigKeys (ConfUtils.java:logGet(46)) - raft.server.log.segment.size.max = 1048576 (custom)
2023-03-29 21:19:08,342 [pool-1084-thread-1] INFO  server.RaftServerConfigKeys (ConfUtils.java:logGet(46)) - raft.server.log.preallocated.size = 16384 (custom)
2023-03-29 21:19:08,342 [pool-1084-thread-1] INFO  server.RaftServerConfigKeys (ConfUtils.java:logGet(46)) - raft.server.log.force.sync.num = 128 (default)
2023-03-29 21:19:08,342 [pool-1084-thread-1] INFO  server.RaftServerConfigKeys (ConfUtils.java:logGet(46)) - raft.server.log.statemachine.data.sync = true (default)
2023-03-29 21:19:08,342 [pool-1084-thread-1] INFO  server.RaftServerConfigKeys (ConfUtils.java:logGet(46)) - raft.server.log.statemachine.data.sync.timeout = 10s (default)
2023-03-29 21:19:08,343 [pool-1084-thread-1] INFO  server.RaftServerConfigKeys (ConfUtils.java:logGet(46)) - raft.server.log.statemachine.data.sync.timeout.retry = -1 (default)
2023-03-29 21:19:08,343 [pool-1084-thread-1] INFO  server.RaftServerConfigKeys (ConfUtils.java:logGet(46)) - raft.server.log.write.buffer.size = 1048576 (custom)
2023-03-29 21:19:08,343 [pool-1084-thread-1] INFO  server.RaftServerConfigKeys (ConfUtils.java:logGet(46)) - raft.server.log.appender.buffer.byte-limit = 33554432 (custom)
2023-03-29 21:19:08,348 [pool-1084-thread-1] INFO  server.RaftServerConfigKeys (ConfUtils.java:logGet(46)) - raft.server.log.unsafe-flush.enabled = false (default)
2023-03-29 21:19:08,348 [pool-1084-thread-1] INFO  server.RaftServerConfigKeys (ConfUtils.java:logGet(46)) - raft.server.log.async-flush.enabled = false (default)
2023-03-29 21:19:08,348 [pool-1084-thread-1] INFO  server.RaftServerConfigKeys (ConfUtils.java:logGet(46)) - raft.server.log.statemachine.data.caching.enabled = true (custom)
2023-03-29 21:19:08,348 [pool-1084-thread-1] INFO  segmented.SegmentedRaftLogWorker (SegmentedRaftLogWorker.java:lambda$new$0(135)) - 9f5ac200-d2f7-413f-8590-e4ff1008cbf0@group-871F59F78747-SegmentedRaftLogWorker: flushIndex: setUnconditionally 0 -> -1
2023-03-29 21:19:08,349 [pool-1084-thread-1] INFO  segmented.SegmentedRaftLogWorker (SegmentedRaftLogWorker.java:lambda$new$0(135)) - 9f5ac200-d2f7-413f-8590-e4ff1008cbf0@group-871F59F78747-SegmentedRaftLogWorker: safeCacheEvictIndex: setUnconditionally 0 -> -1
2023-03-29 21:19:08,349 [pool-1084-thread-1] INFO  server.RaftServer$Division (RaftServerImpl.java:start(334)) - 9f5ac200-d2f7-413f-8590-e4ff1008cbf0@group-871F59F78747: start as a follower, conf=-1: peers:[1abb1f07-e430-4123-bdc4-d890b91ae57d|rpc:10.1.0.17:46059|dataStream:10.1.0.17:45191|priority:0|startupRole:FOLLOWER, 9f5ac200-d2f7-413f-8590-e4ff1008cbf0|rpc:10.1.0.17:40263|dataStream:10.1.0.17:34153|priority:0|startupRole:FOLLOWER, 10c8465d-f338-41bc-bb05-aaed11bcc7c4|rpc:10.1.0.17:37199|dataStream:10.1.0.17:42937|priority:1|startupRole:FOLLOWER]|listeners:[], old=null
2023-03-29 21:19:08,349 [pool-1084-thread-1] INFO  server.RaftServer$Division (RaftServerImpl.java:setRole(321)) - 9f5ac200-d2f7-413f-8590-e4ff1008cbf0@group-871F59F78747: changes role from      null to FOLLOWER at term 0 for startAsFollower
2023-03-29 21:19:08,349 [pool-1084-thread-1] INFO  impl.RoleInfo (RoleInfo.java:updateAndGet(139)) - 9f5ac200-d2f7-413f-8590-e4ff1008cbf0: start 9f5ac200-d2f7-413f-8590-e4ff1008cbf0@group-871F59F78747-FollowerState
2023-03-29 21:19:08,349 [pool-1084-thread-1] INFO  util.JmxRegister (JmxRegister.java:tryRegister(44)) - Successfully registered JMX Bean with object name Ratis:service=RaftServer,group=group-871F59F78747,id=9f5ac200-d2f7-413f-8590-e4ff1008cbf0
2023-03-29 21:19:08,349 [9f5ac200-d2f7-413f-8590-e4ff1008cbf0@group-871F59F78747-FollowerState] INFO  server.RaftServerConfigKeys (ConfUtils.java:logFallback(53)) - raft.server.rpc.first-election.timeout.min = 5s (fallback to raft.server.rpc.timeout.min)
2023-03-29 21:19:08,349 [pool-1084-thread-1] INFO  server.RaftServerConfigKeys (ConfUtils.java:logGet(46)) - raft.server.snapshot.auto.trigger.enabled = true (custom)
2023-03-29 21:19:08,349 [pool-1084-thread-1] INFO  server.RaftServerConfigKeys (ConfUtils.java:logGet(46)) - raft.server.snapshot.auto.trigger.threshold = 10000 (custom)
2023-03-29 21:19:08,349 [pool-1084-thread-1] INFO  server.RaftServerConfigKeys (ConfUtils.java:logGet(46)) - raft.server.snapshot.retention.file.num = 5 (custom)
2023-03-29 21:19:08,349 [pool-1084-thread-1] INFO  server.RaftServerConfigKeys (ConfUtils.java:logGet(46)) - raft.server.log.purge.upto.snapshot.index = false (default)
2023-03-29 21:19:08,349 [9f5ac200-d2f7-413f-8590-e4ff1008cbf0@group-871F59F78747-FollowerState] INFO  server.RaftServerConfigKeys (ConfUtils.java:logFallback(53)) - raft.server.rpc.first-election.timeout.max = 5200ms (fallback to raft.server.rpc.timeout.max)
2023-03-29 21:19:08,355 [Command processor thread] INFO  commandhandler.CreatePipelineCommandHandler (CreatePipelineCommandHandler.java:handle(113)) - Created Pipeline RATIS THREE PipelineID=f59e7d95-e046-46e8-83f8-871f59f78747.
2023-03-29 21:19:08,355 [Command processor thread] INFO  server.RaftServer (RaftServerProxy.java:addNew(96)) - 1abb1f07-e430-4123-bdc4-d890b91ae57d: addNew group-6CDAE7BF2089:[1abb1f07-e430-4123-bdc4-d890b91ae57d|rpc:10.1.0.17:46059|dataStream:10.1.0.17:45191|priority:0|startupRole:FOLLOWER, 9f5ac200-d2f7-413f-8590-e4ff1008cbf0|rpc:10.1.0.17:40263|dataStream:10.1.0.17:34153|priority:1|startupRole:FOLLOWER, 10c8465d-f338-41bc-bb05-aaed11bcc7c4|rpc:10.1.0.17:37199|dataStream:10.1.0.17:42937|priority:0|startupRole:FOLLOWER] returns group-6CDAE7BF2089:java.util.concurrent.CompletableFuture@17ec4cd7[Not completed]
2023-03-29 21:19:08,356 [pool-1040-thread-1] INFO  server.RaftServer$Division (RaftServerImpl.java:<init>(195)) - 1abb1f07-e430-4123-bdc4-d890b91ae57d: new RaftServerImpl for group-6CDAE7BF2089:[1abb1f07-e430-4123-bdc4-d890b91ae57d|rpc:10.1.0.17:46059|dataStream:10.1.0.17:45191|priority:0|startupRole:FOLLOWER, 9f5ac200-d2f7-413f-8590-e4ff1008cbf0|rpc:10.1.0.17:40263|dataStream:10.1.0.17:34153|priority:1|startupRole:FOLLOWER, 10c8465d-f338-41bc-bb05-aaed11bcc7c4|rpc:10.1.0.17:37199|dataStream:10.1.0.17:42937|priority:0|startupRole:FOLLOWER] with ContainerStateMachine:uninitialized
2023-03-29 21:19:08,356 [pool-1040-thread-1] INFO  server.RaftServerConfigKeys (ConfUtils.java:logGet(46)) - raft.server.rpc.timeout.min = 5s (custom)
2023-03-29 21:19:08,356 [pool-1040-thread-1] INFO  server.RaftServerConfigKeys (ConfUtils.java:logGet(46)) - raft.server.rpc.timeout.max = 5200ms (custom)
2023-03-29 21:19:08,356 [pool-1040-thread-1] INFO  server.RaftServerConfigKeys (ConfUtils.java:logGet(46)) - raft.server.rpc.sleep.time = 25ms (default)
2023-03-29 21:19:08,356 [pool-1040-thread-1] INFO  server.RaftServerConfigKeys (ConfUtils.java:logGet(46)) - raft.server.rpc.slowness.timeout = 300s (custom)
2023-03-29 21:19:08,356 [pool-1040-thread-1] INFO  server.RaftServerConfigKeys (ConfUtils.java:logGet(46)) - raft.server.leaderelection.leader.step-down.wait-time = 10s (default)
2023-03-29 21:19:08,356 [pool-1040-thread-1] INFO  server.RaftServerConfigKeys (ConfUtils.java:logGet(46)) - raft.server.sleep.deviation.threshold = 300ms (default)
2023-03-29 21:19:08,356 [pool-1040-thread-1] INFO  server.RaftServer$Division (ServerState.java:<init>(118)) - 1abb1f07-e430-4123-bdc4-d890b91ae57d@group-6CDAE7BF2089: ConfigurationManager, init=-1: peers:[1abb1f07-e430-4123-bdc4-d890b91ae57d|rpc:10.1.0.17:46059|dataStream:10.1.0.17:45191|priority:0|startupRole:FOLLOWER, 9f5ac200-d2f7-413f-8590-e4ff1008cbf0|rpc:10.1.0.17:40263|dataStream:10.1.0.17:34153|priority:1|startupRole:FOLLOWER, 10c8465d-f338-41bc-bb05-aaed11bcc7c4|rpc:10.1.0.17:37199|dataStream:10.1.0.17:42937|priority:0|startupRole:FOLLOWER]|listeners:[], old=null, confs=<EMPTY_MAP>
2023-03-29 21:19:08,356 [pool-1040-thread-1] INFO  server.RaftServerConfigKeys (ConfUtils.java:logGet(46)) - raft.server.storage.dir = [/home/runner/work/ozone/ozone/hadoop-ozone/integration-test/target/test-dir/MiniOzoneClusterImpl-0d259c79-1228-4415-b9fd-a9070010e405/datanode-0/data/ratis] (custom)
2023-03-29 21:19:08,356 [pool-1040-thread-1] INFO  server.RaftServerConfigKeys (ConfUtils.java:logGet(46)) - raft.server.log.corruption.policy = EXCEPTION (default)
2023-03-29 21:19:08,356 [pool-1040-thread-1] INFO  server.RaftServerConfigKeys (ConfUtils.java:logGet(46)) - raft.server.storage.free-space.min = 0MB (=0) (default)
2023-03-29 21:19:08,356 [pool-1040-thread-1] INFO  server.RaftServerConfigKeys (ConfUtils.java:logGet(46)) - raft.server.notification.no-leader.timeout = 300s (custom)
2023-03-29 21:19:08,356 [pool-1040-thread-1] INFO  server.RaftServerConfigKeys (ConfUtils.java:logGet(46)) - raft.server.retrycache.expirytime = 600000ms (custom)
2023-03-29 21:19:08,356 [pool-1040-thread-1] INFO  server.RaftServerConfigKeys (ConfUtils.java:logGet(46)) - raft.server.retrycache.statistics.expirytime = 100μs (default)
2023-03-29 21:19:08,357 [pool-1040-thread-1] INFO  server.RaftServerConfigKeys (ConfUtils.java:logGet(46)) - raft.server.log.appender.install.snapshot.enabled = false (custom)
2023-03-29 21:19:08,357 [pool-1040-thread-1] INFO  server.RaftServerConfigKeys (ConfUtils.java:logGet(46)) - raft.server.threadpool.server.cached = true (default)
2023-03-29 21:19:08,357 [pool-1040-thread-1] INFO  server.RaftServerConfigKeys (ConfUtils.java:logGet(46)) - raft.server.threadpool.server.size = 0 (default)
2023-03-29 21:19:08,357 [pool-1040-thread-1] INFO  server.RaftServerConfigKeys (ConfUtils.java:logGet(46)) - raft.server.threadpool.client.cached = true (default)
2023-03-29 21:19:08,357 [pool-1040-thread-1] INFO  server.RaftServerConfigKeys (ConfUtils.java:logGet(46)) - raft.server.threadpool.client.size = 0 (default)
2023-03-29 21:19:08,357 [pool-1040-thread-1] INFO  storage.RaftStorageDirectory (RaftStorageDirectoryImpl.java:analyzeStorage(137)) - The storage directory /home/runner/work/ozone/ozone/hadoop-ozone/integration-test/target/test-dir/MiniOzoneClusterImpl-0d259c79-1228-4415-b9fd-a9070010e405/datanode-0/data/ratis/b8760019-3358-43e9-b3bf-6cdae7bf2089 does not exist. Creating ...
2023-03-29 21:19:08,358 [pool-1040-thread-1] INFO  storage.RaftStorageDirectory (RaftStorageDirectoryImpl.java:tryLock(231)) - Lock on /home/runner/work/ozone/ozone/hadoop-ozone/integration-test/target/test-dir/MiniOzoneClusterImpl-0d259c79-1228-4415-b9fd-a9070010e405/datanode-0/data/ratis/b8760019-3358-43e9-b3bf-6cdae7bf2089/in_use.lock acquired by nodename 46426@fv-az308-773
2023-03-29 21:19:08,359 [pool-1040-thread-1] INFO  storage.RaftStorage (RaftStorageImpl.java:format(96)) - Storage directory /home/runner/work/ozone/ozone/hadoop-ozone/integration-test/target/test-dir/MiniOzoneClusterImpl-0d259c79-1228-4415-b9fd-a9070010e405/datanode-0/data/ratis/b8760019-3358-43e9-b3bf-6cdae7bf2089 has been successfully formatted.
2023-03-29 21:19:08,359 [pool-1040-thread-1] INFO  ratis.ContainerStateMachine (ContainerStateMachine.java:loadSnapshot(262)) - group-6CDAE7BF2089: The snapshot info is null. Setting the last applied indexto:(t:0, i:~)
2023-03-29 21:19:08,359 [pool-1040-thread-1] INFO  server.RaftServerConfigKeys (ConfUtils.java:logGet(46)) - raft.server.log.use.memory = false (default)
2023-03-29 21:19:08,360 [pool-1040-thread-1] INFO  server.RaftServerConfigKeys (ConfUtils.java:logGet(46)) - raft.server.log.purge.gap = 1000000 (custom)
2023-03-29 21:19:08,360 [pool-1040-thread-1] INFO  server.RaftServerConfigKeys (ConfUtils.java:logGet(46)) - raft.server.log.appender.buffer.byte-limit = 33554432 (custom)
2023-03-29 21:19:08,360 [pool-1040-thread-1] INFO  server.RaftServerConfigKeys (ConfUtils.java:logGet(46)) - raft.server.log.statemachine.data.read.timeout = 1000ms (default)
2023-03-29 21:19:08,360 [pool-1040-thread-1] INFO  server.RaftServerConfigKeys (ConfUtils.java:logGet(46)) - raft.server.log.purge.preservation.log.num = 0 (default)
2023-03-29 21:19:08,360 [EventQueue-OpenPipelineForHealthyPipelineSafeModeRule] INFO  safemode.SCMSafeModeManager (HealthyPipelineSafeModeRule.java:process(137)) - SCM in safe mode. Healthy pipelines reported count is 0, required healthy pipeline reported count is 1
2023-03-29 21:19:08,361 [pool-1040-thread-1] INFO  server.RaftServerConfigKeys (ConfUtils.java:logGet(46)) - raft.server.log.segment.size.max = 1048576 (custom)
2023-03-29 21:19:08,361 [pool-1040-thread-1] INFO  server.RaftServerConfigKeys (ConfUtils.java:logGet(46)) - raft.server.log.segment.cache.num.max = 2 (custom)
2023-03-29 21:19:08,361 [pool-1040-thread-1] INFO  server.RaftServerConfigKeys (ConfUtils.java:logGet(46)) - raft.server.log.segment.cache.size.max = 200MB (=209715200) (default)
2023-03-29 21:19:08,361 [pool-1040-thread-1] INFO  segmented.SegmentedRaftLogWorker (SegmentedRaftLogWorker.java:<init>(189)) - new 1abb1f07-e430-4123-bdc4-d890b91ae57d@group-6CDAE7BF2089-SegmentedRaftLogWorker for RaftStorageImpl:Storage Directory /home/runner/work/ozone/ozone/hadoop-ozone/integration-test/target/test-dir/MiniOzoneClusterImpl-0d259c79-1228-4415-b9fd-a9070010e405/datanode-0/data/ratis/b8760019-3358-43e9-b3bf-6cdae7bf2089
2023-03-29 21:19:08,361 [pool-1040-thread-1] INFO  server.RaftServerConfigKeys (ConfUtils.java:logGet(46)) - raft.server.log.queue.byte-limit = 4294967296 (custom)
2023-03-29 21:19:08,361 [pool-1040-thread-1] INFO  server.RaftServerConfigKeys (ConfUtils.java:logGet(46)) - raft.server.log.queue.element-limit = 1024 (custom)
2023-03-29 21:19:08,361 [pool-1040-thread-1] INFO  server.RaftServerConfigKeys (ConfUtils.java:logGet(46)) - raft.server.log.segment.size.max = 1048576 (custom)
2023-03-29 21:19:08,361 [pool-1040-thread-1] INFO  server.RaftServerConfigKeys (ConfUtils.java:logGet(46)) - raft.server.log.preallocated.size = 16384 (custom)
2023-03-29 21:19:08,361 [pool-1040-thread-1] INFO  server.RaftServerConfigKeys (ConfUtils.java:logGet(46)) - raft.server.log.force.sync.num = 128 (default)
2023-03-29 21:19:08,361 [pool-1040-thread-1] INFO  server.RaftServerConfigKeys (ConfUtils.java:logGet(46)) - raft.server.log.statemachine.data.sync = true (default)
2023-03-29 21:19:08,361 [pool-1040-thread-1] INFO  server.RaftServerConfigKeys (ConfUtils.java:logGet(46)) - raft.server.log.statemachine.data.sync.timeout = 10s (default)
2023-03-29 21:19:08,361 [pool-1040-thread-1] INFO  server.RaftServerConfigKeys (ConfUtils.java:logGet(46)) - raft.server.log.statemachine.data.sync.timeout.retry = -1 (default)
2023-03-29 21:19:08,362 [pool-1040-thread-1] INFO  server.RaftServerConfigKeys (ConfUtils.java:logGet(46)) - raft.server.log.write.buffer.size = 1048576 (custom)
2023-03-29 21:19:08,362 [pool-1040-thread-1] INFO  server.RaftServerConfigKeys (ConfUtils.java:logGet(46)) - raft.server.log.appender.buffer.byte-limit = 33554432 (custom)
2023-03-29 21:19:08,367 [pool-1040-thread-1] INFO  server.RaftServerConfigKeys (ConfUtils.java:logGet(46)) - raft.server.log.unsafe-flush.enabled = false (default)
2023-03-29 21:19:08,367 [pool-1040-thread-1] INFO  server.RaftServerConfigKeys (ConfUtils.java:logGet(46)) - raft.server.log.async-flush.enabled = false (default)
2023-03-29 21:19:08,367 [pool-1040-thread-1] INFO  server.RaftServerConfigKeys (ConfUtils.java:logGet(46)) - raft.server.log.statemachine.data.caching.enabled = true (custom)
2023-03-29 21:19:08,368 [pool-1040-thread-1] INFO  segmented.SegmentedRaftLogWorker (SegmentedRaftLogWorker.java:lambda$new$0(135)) - 1abb1f07-e430-4123-bdc4-d890b91ae57d@group-6CDAE7BF2089-SegmentedRaftLogWorker: flushIndex: setUnconditionally 0 -> -1
2023-03-29 21:19:08,368 [pool-1040-thread-1] INFO  segmented.SegmentedRaftLogWorker (SegmentedRaftLogWorker.java:lambda$new$0(135)) - 1abb1f07-e430-4123-bdc4-d890b91ae57d@group-6CDAE7BF2089-SegmentedRaftLogWorker: safeCacheEvictIndex: setUnconditionally 0 -> -1
2023-03-29 21:19:08,368 [pool-1040-thread-1] INFO  server.RaftServer$Division (RaftServerImpl.java:start(334)) - 1abb1f07-e430-4123-bdc4-d890b91ae57d@group-6CDAE7BF2089: start as a follower, conf=-1: peers:[1abb1f07-e430-4123-bdc4-d890b91ae57d|rpc:10.1.0.17:46059|dataStream:10.1.0.17:45191|priority:0|startupRole:FOLLOWER, 9f5ac200-d2f7-413f-8590-e4ff1008cbf0|rpc:10.1.0.17:40263|dataStream:10.1.0.17:34153|priority:1|startupRole:FOLLOWER, 10c8465d-f338-41bc-bb05-aaed11bcc7c4|rpc:10.1.0.17:37199|dataStream:10.1.0.17:42937|priority:0|startupRole:FOLLOWER]|listeners:[], old=null
2023-03-29 21:19:08,368 [pool-1040-thread-1] INFO  server.RaftServer$Division (RaftServerImpl.java:setRole(321)) - 1abb1f07-e430-4123-bdc4-d890b91ae57d@group-6CDAE7BF2089: changes role from      null to FOLLOWER at term 0 for startAsFollower
2023-03-29 21:19:08,368 [pool-1040-thread-1] INFO  impl.RoleInfo (RoleInfo.java:updateAndGet(139)) - 1abb1f07-e430-4123-bdc4-d890b91ae57d: start 1abb1f07-e430-4123-bdc4-d890b91ae57d@group-6CDAE7BF2089-FollowerState
2023-03-29 21:19:08,368 [pool-1040-thread-1] INFO  util.JmxRegister (JmxRegister.java:tryRegister(44)) - Successfully registered JMX Bean with object name Ratis:service=RaftServer,group=group-6CDAE7BF2089,id=1abb1f07-e430-4123-bdc4-d890b91ae57d
2023-03-29 21:19:08,368 [1abb1f07-e430-4123-bdc4-d890b91ae57d@group-6CDAE7BF2089-FollowerState] INFO  server.RaftServerConfigKeys (ConfUtils.java:logFallback(53)) - raft.server.rpc.first-election.timeout.min = 5s (fallback to raft.server.rpc.timeout.min)
2023-03-29 21:19:08,368 [pool-1040-thread-1] INFO  server.RaftServerConfigKeys (ConfUtils.java:logGet(46)) - raft.server.snapshot.auto.trigger.enabled = true (custom)
2023-03-29 21:19:08,368 [1abb1f07-e430-4123-bdc4-d890b91ae57d@group-6CDAE7BF2089-FollowerState] INFO  server.RaftServerConfigKeys (ConfUtils.java:logFallback(53)) - raft.server.rpc.first-election.timeout.max = 5200ms (fallback to raft.server.rpc.timeout.max)
2023-03-29 21:19:08,368 [pool-1040-thread-1] INFO  server.RaftServerConfigKeys (ConfUtils.java:logGet(46)) - raft.server.snapshot.auto.trigger.threshold = 10000 (custom)
2023-03-29 21:19:08,368 [pool-1040-thread-1] INFO  server.RaftServerConfigKeys (ConfUtils.java:logGet(46)) - raft.server.snapshot.retention.file.num = 5 (custom)
2023-03-29 21:19:08,368 [pool-1040-thread-1] INFO  server.RaftServerConfigKeys (ConfUtils.java:logGet(46)) - raft.server.log.purge.upto.snapshot.index = false (default)
2023-03-29 21:19:08,369 [Command processor thread] INFO  ratis.XceiverServerRatis (XceiverServerRatis.java:addGroup(806)) - Created group PipelineID=b8760019-3358-43e9-b3bf-6cdae7bf2089
2023-03-29 21:19:08,380 [grpc-default-executor-0] INFO  server.RaftServer (RaftServerProxy.java:addNew(96)) - 10c8465d-f338-41bc-bb05-aaed11bcc7c4: addNew group-6CDAE7BF2089:[1abb1f07-e430-4123-bdc4-d890b91ae57d|rpc:10.1.0.17:46059|dataStream:10.1.0.17:45191|priority:0|startupRole:FOLLOWER, 9f5ac200-d2f7-413f-8590-e4ff1008cbf0|rpc:10.1.0.17:40263|dataStream:10.1.0.17:34153|priority:1|startupRole:FOLLOWER, 10c8465d-f338-41bc-bb05-aaed11bcc7c4|rpc:10.1.0.17:37199|dataStream:10.1.0.17:42937|priority:0|startupRole:FOLLOWER] returns group-6CDAE7BF2089:java.util.concurrent.CompletableFuture@2fe50465[Not completed]
2023-03-29 21:19:08,381 [pool-1062-thread-1] INFO  server.RaftServer$Division (RaftServerImpl.java:<init>(195)) - 10c8465d-f338-41bc-bb05-aaed11bcc7c4: new RaftServerImpl for group-6CDAE7BF2089:[1abb1f07-e430-4123-bdc4-d890b91ae57d|rpc:10.1.0.17:46059|dataStream:10.1.0.17:45191|priority:0|startupRole:FOLLOWER, 9f5ac200-d2f7-413f-8590-e4ff1008cbf0|rpc:10.1.0.17:40263|dataStream:10.1.0.17:34153|priority:1|startupRole:FOLLOWER, 10c8465d-f338-41bc-bb05-aaed11bcc7c4|rpc:10.1.0.17:37199|dataStream:10.1.0.17:42937|priority:0|startupRole:FOLLOWER] with ContainerStateMachine:uninitialized
2023-03-29 21:19:08,381 [pool-1062-thread-1] INFO  server.RaftServerConfigKeys (ConfUtils.java:logGet(46)) - raft.server.rpc.timeout.min = 5s (custom)
2023-03-29 21:19:08,381 [pool-1062-thread-1] INFO  server.RaftServerConfigKeys (ConfUtils.java:logGet(46)) - raft.server.rpc.timeout.max = 5200ms (custom)
2023-03-29 21:19:08,381 [pool-1062-thread-1] INFO  server.RaftServerConfigKeys (ConfUtils.java:logGet(46)) - raft.server.rpc.sleep.time = 25ms (default)
2023-03-29 21:19:08,382 [pool-1062-thread-1] INFO  server.RaftServerConfigKeys (ConfUtils.java:logGet(46)) - raft.server.rpc.slowness.timeout = 300s (custom)
2023-03-29 21:19:08,382 [pool-1062-thread-1] INFO  server.RaftServerConfigKeys (ConfUtils.java:logGet(46)) - raft.server.leaderelection.leader.step-down.wait-time = 10s (default)
2023-03-29 21:19:08,382 [pool-1062-thread-1] INFO  server.RaftServerConfigKeys (ConfUtils.java:logGet(46)) - raft.server.sleep.deviation.threshold = 300ms (default)
2023-03-29 21:19:08,382 [pool-1062-thread-1] INFO  server.RaftServer$Division (ServerState.java:<init>(118)) - 10c8465d-f338-41bc-bb05-aaed11bcc7c4@group-6CDAE7BF2089: ConfigurationManager, init=-1: peers:[1abb1f07-e430-4123-bdc4-d890b91ae57d|rpc:10.1.0.17:46059|dataStream:10.1.0.17:45191|priority:0|startupRole:FOLLOWER, 9f5ac200-d2f7-413f-8590-e4ff1008cbf0|rpc:10.1.0.17:40263|dataStream:10.1.0.17:34153|priority:1|startupRole:FOLLOWER, 10c8465d-f338-41bc-bb05-aaed11bcc7c4|rpc:10.1.0.17:37199|dataStream:10.1.0.17:42937|priority:0|startupRole:FOLLOWER]|listeners:[], old=null, confs=<EMPTY_MAP>
2023-03-29 21:19:08,382 [pool-1062-thread-1] INFO  server.RaftServerConfigKeys (ConfUtils.java:logGet(46)) - raft.server.storage.dir = [/home/runner/work/ozone/ozone/hadoop-ozone/integration-test/target/test-dir/MiniOzoneClusterImpl-0d259c79-1228-4415-b9fd-a9070010e405/datanode-1/data/ratis] (custom)
2023-03-29 21:19:08,382 [pool-1062-thread-1] INFO  server.RaftServerConfigKeys (ConfUtils.java:logGet(46)) - raft.server.log.corruption.policy = EXCEPTION (default)
2023-03-29 21:19:08,382 [pool-1062-thread-1] INFO  server.RaftServerConfigKeys (ConfUtils.java:logGet(46)) - raft.server.storage.free-space.min = 0MB (=0) (default)
2023-03-29 21:19:08,382 [pool-1062-thread-1] INFO  server.RaftServerConfigKeys (ConfUtils.java:logGet(46)) - raft.server.notification.no-leader.timeout = 300s (custom)
2023-03-29 21:19:08,382 [pool-1062-thread-1] INFO  server.RaftServerConfigKeys (ConfUtils.java:logGet(46)) - raft.server.retrycache.expirytime = 600000ms (custom)
2023-03-29 21:19:08,382 [pool-1062-thread-1] INFO  server.RaftServerConfigKeys (ConfUtils.java:logGet(46)) - raft.server.retrycache.statistics.expirytime = 100μs (default)
2023-03-29 21:19:08,382 [pool-1062-thread-1] INFO  server.RaftServerConfigKeys (ConfUtils.java:logGet(46)) - raft.server.log.appender.install.snapshot.enabled = false (custom)
2023-03-29 21:19:08,382 [pool-1062-thread-1] INFO  server.RaftServerConfigKeys (ConfUtils.java:logGet(46)) - raft.server.threadpool.server.cached = true (default)
2023-03-29 21:19:08,383 [pool-1062-thread-1] INFO  server.RaftServerConfigKeys (ConfUtils.java:logGet(46)) - raft.server.threadpool.server.size = 0 (default)
2023-03-29 21:19:08,383 [pool-1062-thread-1] INFO  server.RaftServerConfigKeys (ConfUtils.java:logGet(46)) - raft.server.threadpool.client.cached = true (default)
2023-03-29 21:19:08,383 [pool-1062-thread-1] INFO  server.RaftServerConfigKeys (ConfUtils.java:logGet(46)) - raft.server.threadpool.client.size = 0 (default)
2023-03-29 21:19:08,383 [pool-1062-thread-1] INFO  storage.RaftStorageDirectory (RaftStorageDirectoryImpl.java:analyzeStorage(137)) - The storage directory /home/runner/work/ozone/ozone/hadoop-ozone/integration-test/target/test-dir/MiniOzoneClusterImpl-0d259c79-1228-4415-b9fd-a9070010e405/datanode-1/data/ratis/b8760019-3358-43e9-b3bf-6cdae7bf2089 does not exist. Creating ...
2023-03-29 21:19:08,383 [pool-1062-thread-1] INFO  storage.RaftStorageDirectory (RaftStorageDirectoryImpl.java:tryLock(231)) - Lock on /home/runner/work/ozone/ozone/hadoop-ozone/integration-test/target/test-dir/MiniOzoneClusterImpl-0d259c79-1228-4415-b9fd-a9070010e405/datanode-1/data/ratis/b8760019-3358-43e9-b3bf-6cdae7bf2089/in_use.lock acquired by nodename 46426@fv-az308-773
2023-03-29 21:19:08,384 [pool-1062-thread-1] INFO  storage.RaftStorage (RaftStorageImpl.java:format(96)) - Storage directory /home/runner/work/ozone/ozone/hadoop-ozone/integration-test/target/test-dir/MiniOzoneClusterImpl-0d259c79-1228-4415-b9fd-a9070010e405/datanode-1/data/ratis/b8760019-3358-43e9-b3bf-6cdae7bf2089 has been successfully formatted.
2023-03-29 21:19:08,385 [pool-1062-thread-1] INFO  ratis.ContainerStateMachine (ContainerStateMachine.java:loadSnapshot(262)) - group-6CDAE7BF2089: The snapshot info is null. Setting the last applied indexto:(t:0, i:~)
2023-03-29 21:19:08,385 [pool-1062-thread-1] INFO  server.RaftServerConfigKeys (ConfUtils.java:logGet(46)) - raft.server.log.use.memory = false (default)
2023-03-29 21:19:08,385 [pool-1062-thread-1] INFO  server.RaftServerConfigKeys (ConfUtils.java:logGet(46)) - raft.server.log.purge.gap = 1000000 (custom)
2023-03-29 21:19:08,385 [pool-1062-thread-1] INFO  server.RaftServerConfigKeys (ConfUtils.java:logGet(46)) - raft.server.log.appender.buffer.byte-limit = 33554432 (custom)
2023-03-29 21:19:08,386 [pool-1062-thread-1] INFO  server.RaftServerConfigKeys (ConfUtils.java:logGet(46)) - raft.server.log.statemachine.data.read.timeout = 1000ms (default)
2023-03-29 21:19:08,386 [pool-1062-thread-1] INFO  server.RaftServerConfigKeys (ConfUtils.java:logGet(46)) - raft.server.log.purge.preservation.log.num = 0 (default)
2023-03-29 21:19:08,386 [pool-1062-thread-1] INFO  server.RaftServerConfigKeys (ConfUtils.java:logGet(46)) - raft.server.log.segment.size.max = 1048576 (custom)
2023-03-29 21:19:08,386 [pool-1062-thread-1] INFO  server.RaftServerConfigKeys (ConfUtils.java:logGet(46)) - raft.server.log.segment.cache.num.max = 2 (custom)
2023-03-29 21:19:08,386 [pool-1062-thread-1] INFO  server.RaftServerConfigKeys (ConfUtils.java:logGet(46)) - raft.server.log.segment.cache.size.max = 200MB (=209715200) (default)
2023-03-29 21:19:08,387 [pool-1062-thread-1] INFO  segmented.SegmentedRaftLogWorker (SegmentedRaftLogWorker.java:<init>(189)) - new 10c8465d-f338-41bc-bb05-aaed11bcc7c4@group-6CDAE7BF2089-SegmentedRaftLogWorker for RaftStorageImpl:Storage Directory /home/runner/work/ozone/ozone/hadoop-ozone/integration-test/target/test-dir/MiniOzoneClusterImpl-0d259c79-1228-4415-b9fd-a9070010e405/datanode-1/data/ratis/b8760019-3358-43e9-b3bf-6cdae7bf2089
2023-03-29 21:19:08,387 [pool-1062-thread-1] INFO  server.RaftServerConfigKeys (ConfUtils.java:logGet(46)) - raft.server.log.queue.byte-limit = 4294967296 (custom)
2023-03-29 21:19:08,387 [pool-1062-thread-1] INFO  server.RaftServerConfigKeys (ConfUtils.java:logGet(46)) - raft.server.log.queue.element-limit = 1024 (custom)
2023-03-29 21:19:08,387 [pool-1062-thread-1] INFO  server.RaftServerConfigKeys (ConfUtils.java:logGet(46)) - raft.server.log.segment.size.max = 1048576 (custom)
2023-03-29 21:19:08,387 [pool-1062-thread-1] INFO  server.RaftServerConfigKeys (ConfUtils.java:logGet(46)) - raft.server.log.preallocated.size = 16384 (custom)
2023-03-29 21:19:08,387 [pool-1062-thread-1] INFO  server.RaftServerConfigKeys (ConfUtils.java:logGet(46)) - raft.server.log.force.sync.num = 128 (default)
2023-03-29 21:19:08,387 [pool-1062-thread-1] INFO  server.RaftServerConfigKeys (ConfUtils.java:logGet(46)) - raft.server.log.statemachine.data.sync = true (default)
2023-03-29 21:19:08,387 [pool-1062-thread-1] INFO  server.RaftServerConfigKeys (ConfUtils.java:logGet(46)) - raft.server.log.statemachine.data.sync.timeout = 10s (default)
2023-03-29 21:19:08,387 [pool-1062-thread-1] INFO  server.RaftServerConfigKeys (ConfUtils.java:logGet(46)) - raft.server.log.statemachine.data.sync.timeout.retry = -1 (default)
2023-03-29 21:19:08,387 [pool-1062-thread-1] INFO  server.RaftServerConfigKeys (ConfUtils.java:logGet(46)) - raft.server.log.write.buffer.size = 1048576 (custom)
2023-03-29 21:19:08,388 [pool-1062-thread-1] INFO  server.RaftServerConfigKeys (ConfUtils.java:logGet(46)) - raft.server.log.appender.buffer.byte-limit = 33554432 (custom)
2023-03-29 21:19:08,393 [pool-1062-thread-1] INFO  server.RaftServerConfigKeys (ConfUtils.java:logGet(46)) - raft.server.log.unsafe-flush.enabled = false (default)
2023-03-29 21:19:08,393 [pool-1062-thread-1] INFO  server.RaftServerConfigKeys (ConfUtils.java:logGet(46)) - raft.server.log.async-flush.enabled = false (default)
2023-03-29 21:19:08,393 [pool-1062-thread-1] INFO  server.RaftServerConfigKeys (ConfUtils.java:logGet(46)) - raft.server.log.statemachine.data.caching.enabled = true (custom)
2023-03-29 21:19:08,393 [pool-1062-thread-1] INFO  segmented.SegmentedRaftLogWorker (SegmentedRaftLogWorker.java:lambda$new$0(135)) - 10c8465d-f338-41bc-bb05-aaed11bcc7c4@group-6CDAE7BF2089-SegmentedRaftLogWorker: flushIndex: setUnconditionally 0 -> -1
2023-03-29 21:19:08,393 [pool-1062-thread-1] INFO  segmented.SegmentedRaftLogWorker (SegmentedRaftLogWorker.java:lambda$new$0(135)) - 10c8465d-f338-41bc-bb05-aaed11bcc7c4@group-6CDAE7BF2089-SegmentedRaftLogWorker: safeCacheEvictIndex: setUnconditionally 0 -> -1
2023-03-29 21:19:08,394 [pool-1062-thread-1] INFO  server.RaftServer$Division (RaftServerImpl.java:start(334)) - 10c8465d-f338-41bc-bb05-aaed11bcc7c4@group-6CDAE7BF2089: start as a follower, conf=-1: peers:[1abb1f07-e430-4123-bdc4-d890b91ae57d|rpc:10.1.0.17:46059|dataStream:10.1.0.17:45191|priority:0|startupRole:FOLLOWER, 9f5ac200-d2f7-413f-8590-e4ff1008cbf0|rpc:10.1.0.17:40263|dataStream:10.1.0.17:34153|priority:1|startupRole:FOLLOWER, 10c8465d-f338-41bc-bb05-aaed11bcc7c4|rpc:10.1.0.17:37199|dataStream:10.1.0.17:42937|priority:0|startupRole:FOLLOWER]|listeners:[], old=null
2023-03-29 21:19:08,394 [pool-1062-thread-1] INFO  server.RaftServer$Division (RaftServerImpl.java:setRole(321)) - 10c8465d-f338-41bc-bb05-aaed11bcc7c4@group-6CDAE7BF2089: changes role from      null to FOLLOWER at term 0 for startAsFollower
2023-03-29 21:19:08,394 [pool-1062-thread-1] INFO  impl.RoleInfo (RoleInfo.java:updateAndGet(139)) - 10c8465d-f338-41bc-bb05-aaed11bcc7c4: start 10c8465d-f338-41bc-bb05-aaed11bcc7c4@group-6CDAE7BF2089-FollowerState
2023-03-29 21:19:08,397 [pool-1062-thread-1] INFO  util.JmxRegister (JmxRegister.java:tryRegister(44)) - Successfully registered JMX Bean with object name Ratis:service=RaftServer,group=group-6CDAE7BF2089,id=10c8465d-f338-41bc-bb05-aaed11bcc7c4
2023-03-29 21:19:08,397 [pool-1062-thread-1] INFO  server.RaftServerConfigKeys (ConfUtils.java:logGet(46)) - raft.server.snapshot.auto.trigger.enabled = true (custom)
2023-03-29 21:19:08,397 [pool-1062-thread-1] INFO  server.RaftServerConfigKeys (ConfUtils.java:logGet(46)) - raft.server.snapshot.auto.trigger.threshold = 10000 (custom)
2023-03-29 21:19:08,397 [pool-1062-thread-1] INFO  server.RaftServerConfigKeys (ConfUtils.java:logGet(46)) - raft.server.snapshot.retention.file.num = 5 (custom)
2023-03-29 21:19:08,397 [pool-1062-thread-1] INFO  server.RaftServerConfigKeys (ConfUtils.java:logGet(46)) - raft.server.log.purge.upto.snapshot.index = false (default)
2023-03-29 21:19:08,398 [10c8465d-f338-41bc-bb05-aaed11bcc7c4@group-6CDAE7BF2089-FollowerState] INFO  server.RaftServerConfigKeys (ConfUtils.java:logFallback(53)) - raft.server.rpc.first-election.timeout.min = 5s (fallback to raft.server.rpc.timeout.min)
2023-03-29 21:19:08,398 [10c8465d-f338-41bc-bb05-aaed11bcc7c4@group-6CDAE7BF2089-FollowerState] INFO  server.RaftServerConfigKeys (ConfUtils.java:logFallback(53)) - raft.server.rpc.first-election.timeout.max = 5200ms (fallback to raft.server.rpc.timeout.max)
2023-03-29 21:19:08,422 [grpc-default-executor-0] INFO  server.RaftServer (RaftServerProxy.java:addNew(96)) - 9f5ac200-d2f7-413f-8590-e4ff1008cbf0: addNew group-6CDAE7BF2089:[1abb1f07-e430-4123-bdc4-d890b91ae57d|rpc:10.1.0.17:46059|dataStream:10.1.0.17:45191|priority:0|startupRole:FOLLOWER, 9f5ac200-d2f7-413f-8590-e4ff1008cbf0|rpc:10.1.0.17:40263|dataStream:10.1.0.17:34153|priority:1|startupRole:FOLLOWER, 10c8465d-f338-41bc-bb05-aaed11bcc7c4|rpc:10.1.0.17:37199|dataStream:10.1.0.17:42937|priority:0|startupRole:FOLLOWER] returns group-6CDAE7BF2089:java.util.concurrent.CompletableFuture@3c02f8c[Not completed]
2023-03-29 21:19:08,423 [pool-1084-thread-1] INFO  server.RaftServer$Division (RaftServerImpl.java:<init>(195)) - 9f5ac200-d2f7-413f-8590-e4ff1008cbf0: new RaftServerImpl for group-6CDAE7BF2089:[1abb1f07-e430-4123-bdc4-d890b91ae57d|rpc:10.1.0.17:46059|dataStream:10.1.0.17:45191|priority:0|startupRole:FOLLOWER, 9f5ac200-d2f7-413f-8590-e4ff1008cbf0|rpc:10.1.0.17:40263|dataStream:10.1.0.17:34153|priority:1|startupRole:FOLLOWER, 10c8465d-f338-41bc-bb05-aaed11bcc7c4|rpc:10.1.0.17:37199|dataStream:10.1.0.17:42937|priority:0|startupRole:FOLLOWER] with ContainerStateMachine:uninitialized
2023-03-29 21:19:08,423 [pool-1084-thread-1] INFO  server.RaftServerConfigKeys (ConfUtils.java:logGet(46)) - raft.server.rpc.timeout.min = 5s (custom)
2023-03-29 21:19:08,423 [pool-1084-thread-1] INFO  server.RaftServerConfigKeys (ConfUtils.java:logGet(46)) - raft.server.rpc.timeout.max = 5200ms (custom)
2023-03-29 21:19:08,423 [pool-1084-thread-1] INFO  server.RaftServerConfigKeys (ConfUtils.java:logGet(46)) - raft.server.rpc.sleep.time = 25ms (default)
2023-03-29 21:19:08,423 [pool-1084-thread-1] INFO  server.RaftServerConfigKeys (ConfUtils.java:logGet(46)) - raft.server.rpc.slowness.timeout = 300s (custom)
2023-03-29 21:19:08,423 [pool-1084-thread-1] INFO  server.RaftServerConfigKeys (ConfUtils.java:logGet(46)) - raft.server.leaderelection.leader.step-down.wait-time = 10s (default)
2023-03-29 21:19:08,423 [pool-1084-thread-1] INFO  server.RaftServerConfigKeys (ConfUtils.java:logGet(46)) - raft.server.sleep.deviation.threshold = 300ms (default)
2023-03-29 21:19:08,423 [pool-1084-thread-1] INFO  server.RaftServer$Division (ServerState.java:<init>(118)) - 9f5ac200-d2f7-413f-8590-e4ff1008cbf0@group-6CDAE7BF2089: ConfigurationManager, init=-1: peers:[1abb1f07-e430-4123-bdc4-d890b91ae57d|rpc:10.1.0.17:46059|dataStream:10.1.0.17:45191|priority:0|startupRole:FOLLOWER, 9f5ac200-d2f7-413f-8590-e4ff1008cbf0|rpc:10.1.0.17:40263|dataStream:10.1.0.17:34153|priority:1|startupRole:FOLLOWER, 10c8465d-f338-41bc-bb05-aaed11bcc7c4|rpc:10.1.0.17:37199|dataStream:10.1.0.17:42937|priority:0|startupRole:FOLLOWER]|listeners:[], old=null, confs=<EMPTY_MAP>
2023-03-29 21:19:08,423 [pool-1084-thread-1] INFO  server.RaftServerConfigKeys (ConfUtils.java:logGet(46)) - raft.server.storage.dir = [/home/runner/work/ozone/ozone/hadoop-ozone/integration-test/target/test-dir/MiniOzoneClusterImpl-0d259c79-1228-4415-b9fd-a9070010e405/datanode-2/data/ratis] (custom)
2023-03-29 21:19:08,423 [pool-1084-thread-1] INFO  server.RaftServerConfigKeys (ConfUtils.java:logGet(46)) - raft.server.log.corruption.policy = EXCEPTION (default)
2023-03-29 21:19:08,423 [pool-1084-thread-1] INFO  server.RaftServerConfigKeys (ConfUtils.java:logGet(46)) - raft.server.storage.free-space.min = 0MB (=0) (default)
2023-03-29 21:19:08,424 [pool-1084-thread-1] INFO  server.RaftServerConfigKeys (ConfUtils.java:logGet(46)) - raft.server.notification.no-leader.timeout = 300s (custom)
2023-03-29 21:19:08,424 [pool-1084-thread-1] INFO  server.RaftServerConfigKeys (ConfUtils.java:logGet(46)) - raft.server.retrycache.expirytime = 600000ms (custom)
2023-03-29 21:19:08,424 [pool-1084-thread-1] INFO  server.RaftServerConfigKeys (ConfUtils.java:logGet(46)) - raft.server.retrycache.statistics.expirytime = 100μs (default)
2023-03-29 21:19:08,424 [pool-1084-thread-1] INFO  server.RaftServerConfigKeys (ConfUtils.java:logGet(46)) - raft.server.log.appender.install.snapshot.enabled = false (custom)
2023-03-29 21:19:08,424 [pool-1084-thread-1] INFO  server.RaftServerConfigKeys (ConfUtils.java:logGet(46)) - raft.server.threadpool.server.cached = true (default)
2023-03-29 21:19:08,424 [pool-1084-thread-1] INFO  server.RaftServerConfigKeys (ConfUtils.java:logGet(46)) - raft.server.threadpool.server.size = 0 (default)
2023-03-29 21:19:08,424 [pool-1084-thread-1] INFO  server.RaftServerConfigKeys (ConfUtils.java:logGet(46)) - raft.server.threadpool.client.cached = true (default)
2023-03-29 21:19:08,424 [pool-1084-thread-1] INFO  server.RaftServerConfigKeys (ConfUtils.java:logGet(46)) - raft.server.threadpool.client.size = 0 (default)
2023-03-29 21:19:08,424 [pool-1084-thread-1] INFO  storage.RaftStorageDirectory (RaftStorageDirectoryImpl.java:analyzeStorage(137)) - The storage directory /home/runner/work/ozone/ozone/hadoop-ozone/integration-test/target/test-dir/MiniOzoneClusterImpl-0d259c79-1228-4415-b9fd-a9070010e405/datanode-2/data/ratis/b8760019-3358-43e9-b3bf-6cdae7bf2089 does not exist. Creating ...
2023-03-29 21:19:08,429 [pool-1084-thread-1] INFO  storage.RaftStorageDirectory (RaftStorageDirectoryImpl.java:tryLock(231)) - Lock on /home/runner/work/ozone/ozone/hadoop-ozone/integration-test/target/test-dir/MiniOzoneClusterImpl-0d259c79-1228-4415-b9fd-a9070010e405/datanode-2/data/ratis/b8760019-3358-43e9-b3bf-6cdae7bf2089/in_use.lock acquired by nodename 46426@fv-az308-773
2023-03-29 21:19:08,431 [pool-1084-thread-1] INFO  storage.RaftStorage (RaftStorageImpl.java:format(96)) - Storage directory /home/runner/work/ozone/ozone/hadoop-ozone/integration-test/target/test-dir/MiniOzoneClusterImpl-0d259c79-1228-4415-b9fd-a9070010e405/datanode-2/data/ratis/b8760019-3358-43e9-b3bf-6cdae7bf2089 has been successfully formatted.
2023-03-29 21:19:08,432 [pool-1084-thread-1] INFO  ratis.ContainerStateMachine (ContainerStateMachine.java:loadSnapshot(262)) - group-6CDAE7BF2089: The snapshot info is null. Setting the last applied indexto:(t:0, i:~)
2023-03-29 21:19:08,432 [pool-1084-thread-1] INFO  server.RaftServerConfigKeys (ConfUtils.java:logGet(46)) - raft.server.log.use.memory = false (default)
2023-03-29 21:19:08,433 [pool-1084-thread-1] INFO  server.RaftServerConfigKeys (ConfUtils.java:logGet(46)) - raft.server.log.purge.gap = 1000000 (custom)
2023-03-29 21:19:08,433 [pool-1084-thread-1] INFO  server.RaftServerConfigKeys (ConfUtils.java:logGet(46)) - raft.server.log.appender.buffer.byte-limit = 33554432 (custom)
2023-03-29 21:19:08,433 [pool-1084-thread-1] INFO  server.RaftServerConfigKeys (ConfUtils.java:logGet(46)) - raft.server.log.statemachine.data.read.timeout = 1000ms (default)
2023-03-29 21:19:08,433 [pool-1084-thread-1] INFO  server.RaftServerConfigKeys (ConfUtils.java:logGet(46)) - raft.server.log.purge.preservation.log.num = 0 (default)
2023-03-29 21:19:08,433 [pool-1084-thread-1] INFO  server.RaftServerConfigKeys (ConfUtils.java:logGet(46)) - raft.server.log.segment.size.max = 1048576 (custom)
2023-03-29 21:19:08,433 [pool-1084-thread-1] INFO  server.RaftServerConfigKeys (ConfUtils.java:logGet(46)) - raft.server.log.segment.cache.num.max = 2 (custom)
2023-03-29 21:19:08,433 [pool-1084-thread-1] INFO  server.RaftServerConfigKeys (ConfUtils.java:logGet(46)) - raft.server.log.segment.cache.size.max = 200MB (=209715200) (default)
2023-03-29 21:19:08,433 [pool-1084-thread-1] INFO  segmented.SegmentedRaftLogWorker (SegmentedRaftLogWorker.java:<init>(189)) - new 9f5ac200-d2f7-413f-8590-e4ff1008cbf0@group-6CDAE7BF2089-SegmentedRaftLogWorker for RaftStorageImpl:Storage Directory /home/runner/work/ozone/ozone/hadoop-ozone/integration-test/target/test-dir/MiniOzoneClusterImpl-0d259c79-1228-4415-b9fd-a9070010e405/datanode-2/data/ratis/b8760019-3358-43e9-b3bf-6cdae7bf2089
2023-03-29 21:19:08,433 [pool-1084-thread-1] INFO  server.RaftServerConfigKeys (ConfUtils.java:logGet(46)) - raft.server.log.queue.byte-limit = 4294967296 (custom)
2023-03-29 21:19:08,433 [pool-1084-thread-1] INFO  server.RaftServerConfigKeys (ConfUtils.java:logGet(46)) - raft.server.log.queue.element-limit = 1024 (custom)
2023-03-29 21:19:08,433 [pool-1084-thread-1] INFO  server.RaftServerConfigKeys (ConfUtils.java:logGet(46)) - raft.server.log.segment.size.max = 1048576 (custom)
2023-03-29 21:19:08,433 [pool-1084-thread-1] INFO  server.RaftServerConfigKeys (ConfUtils.java:logGet(46)) - raft.server.log.preallocated.size = 16384 (custom)
2023-03-29 21:19:08,433 [pool-1084-thread-1] INFO  server.RaftServerConfigKeys (ConfUtils.java:logGet(46)) - raft.server.log.force.sync.num = 128 (default)
2023-03-29 21:19:08,433 [pool-1084-thread-1] INFO  server.RaftServerConfigKeys (ConfUtils.java:logGet(46)) - raft.server.log.statemachine.data.sync = true (default)
2023-03-29 21:19:08,433 [pool-1084-thread-1] INFO  server.RaftServerConfigKeys (ConfUtils.java:logGet(46)) - raft.server.log.statemachine.data.sync.timeout = 10s (default)
2023-03-29 21:19:08,433 [pool-1084-thread-1] INFO  server.RaftServerConfigKeys (ConfUtils.java:logGet(46)) - raft.server.log.statemachine.data.sync.timeout.retry = -1 (default)
2023-03-29 21:19:08,434 [pool-1084-thread-1] INFO  server.RaftServerConfigKeys (ConfUtils.java:logGet(46)) - raft.server.log.write.buffer.size = 1048576 (custom)
2023-03-29 21:19:08,434 [pool-1084-thread-1] INFO  server.RaftServerConfigKeys (ConfUtils.java:logGet(46)) - raft.server.log.appender.buffer.byte-limit = 33554432 (custom)
2023-03-29 21:19:08,439 [pool-1084-thread-1] INFO  server.RaftServerConfigKeys (ConfUtils.java:logGet(46)) - raft.server.log.unsafe-flush.enabled = false (default)
2023-03-29 21:19:08,439 [pool-1084-thread-1] INFO  server.RaftServerConfigKeys (ConfUtils.java:logGet(46)) - raft.server.log.async-flush.enabled = false (default)
2023-03-29 21:19:08,439 [pool-1084-thread-1] INFO  server.RaftServerConfigKeys (ConfUtils.java:logGet(46)) - raft.server.log.statemachine.data.caching.enabled = true (custom)
2023-03-29 21:19:08,439 [pool-1084-thread-1] INFO  segmented.SegmentedRaftLogWorker (SegmentedRaftLogWorker.java:lambda$new$0(135)) - 9f5ac200-d2f7-413f-8590-e4ff1008cbf0@group-6CDAE7BF2089-SegmentedRaftLogWorker: flushIndex: setUnconditionally 0 -> -1
2023-03-29 21:19:08,439 [pool-1084-thread-1] INFO  segmented.SegmentedRaftLogWorker (SegmentedRaftLogWorker.java:lambda$new$0(135)) - 9f5ac200-d2f7-413f-8590-e4ff1008cbf0@group-6CDAE7BF2089-SegmentedRaftLogWorker: safeCacheEvictIndex: setUnconditionally 0 -> -1
2023-03-29 21:19:08,443 [pool-1084-thread-1] INFO  server.RaftServer$Division (RaftServerImpl.java:start(334)) - 9f5ac200-d2f7-413f-8590-e4ff1008cbf0@group-6CDAE7BF2089: start as a follower, conf=-1: peers:[1abb1f07-e430-4123-bdc4-d890b91ae57d|rpc:10.1.0.17:46059|dataStream:10.1.0.17:45191|priority:0|startupRole:FOLLOWER, 9f5ac200-d2f7-413f-8590-e4ff1008cbf0|rpc:10.1.0.17:40263|dataStream:10.1.0.17:34153|priority:1|startupRole:FOLLOWER, 10c8465d-f338-41bc-bb05-aaed11bcc7c4|rpc:10.1.0.17:37199|dataStream:10.1.0.17:42937|priority:0|startupRole:FOLLOWER]|listeners:[], old=null
2023-03-29 21:19:08,443 [pool-1084-thread-1] INFO  server.RaftServer$Division (RaftServerImpl.java:setRole(321)) - 9f5ac200-d2f7-413f-8590-e4ff1008cbf0@group-6CDAE7BF2089: changes role from      null to FOLLOWER at term 0 for startAsFollower
2023-03-29 21:19:08,443 [pool-1084-thread-1] INFO  impl.RoleInfo (RoleInfo.java:updateAndGet(139)) - 9f5ac200-d2f7-413f-8590-e4ff1008cbf0: start 9f5ac200-d2f7-413f-8590-e4ff1008cbf0@group-6CDAE7BF2089-FollowerState
2023-03-29 21:19:08,445 [pool-1084-thread-1] INFO  util.JmxRegister (JmxRegister.java:tryRegister(44)) - Successfully registered JMX Bean with object name Ratis:service=RaftServer,group=group-6CDAE7BF2089,id=9f5ac200-d2f7-413f-8590-e4ff1008cbf0
2023-03-29 21:19:08,445 [pool-1084-thread-1] INFO  server.RaftServerConfigKeys (ConfUtils.java:logGet(46)) - raft.server.snapshot.auto.trigger.enabled = true (custom)
2023-03-29 21:19:08,445 [pool-1084-thread-1] INFO  server.RaftServerConfigKeys (ConfUtils.java:logGet(46)) - raft.server.snapshot.auto.trigger.threshold = 10000 (custom)
2023-03-29 21:19:08,445 [pool-1084-thread-1] INFO  server.RaftServerConfigKeys (ConfUtils.java:logGet(46)) - raft.server.snapshot.retention.file.num = 5 (custom)
2023-03-29 21:19:08,445 [pool-1084-thread-1] INFO  server.RaftServerConfigKeys (ConfUtils.java:logGet(46)) - raft.server.log.purge.upto.snapshot.index = false (default)
2023-03-29 21:19:08,445 [9f5ac200-d2f7-413f-8590-e4ff1008cbf0@group-6CDAE7BF2089-FollowerState] INFO  server.RaftServerConfigKeys (ConfUtils.java:logFallback(53)) - raft.server.rpc.first-election.timeout.min = 5s (fallback to raft.server.rpc.timeout.min)
2023-03-29 21:19:08,445 [9f5ac200-d2f7-413f-8590-e4ff1008cbf0@group-6CDAE7BF2089-FollowerState] INFO  server.RaftServerConfigKeys (ConfUtils.java:logFallback(53)) - raft.server.rpc.first-election.timeout.max = 5200ms (fallback to raft.server.rpc.timeout.max)
2023-03-29 21:19:08,449 [Command processor thread] INFO  commandhandler.CreatePipelineCommandHandler (CreatePipelineCommandHandler.java:handle(113)) - Created Pipeline RATIS THREE PipelineID=b8760019-3358-43e9-b3bf-6cdae7bf2089.
2023-03-29 21:19:08,610 [Command processor thread] INFO  server.RaftServer (RaftServerProxy.java:addNew(96)) - 10c8465d-f338-41bc-bb05-aaed11bcc7c4: addNew group-8D8CEE43932A:[10c8465d-f338-41bc-bb05-aaed11bcc7c4|rpc:10.1.0.17:37199|dataStream:10.1.0.17:42937|priority:1|startupRole:FOLLOWER] returns group-8D8CEE43932A:java.util.concurrent.CompletableFuture@69e4b87a[Not completed]
2023-03-29 21:19:08,611 [pool-1062-thread-1] INFO  server.RaftServer$Division (RaftServerImpl.java:<init>(195)) - 10c8465d-f338-41bc-bb05-aaed11bcc7c4: new RaftServerImpl for group-8D8CEE43932A:[10c8465d-f338-41bc-bb05-aaed11bcc7c4|rpc:10.1.0.17:37199|dataStream:10.1.0.17:42937|priority:1|startupRole:FOLLOWER] with ContainerStateMachine:uninitialized
2023-03-29 21:19:08,611 [pool-1062-thread-1] INFO  server.RaftServerConfigKeys (ConfUtils.java:logGet(46)) - raft.server.rpc.timeout.min = 5s (custom)
2023-03-29 21:19:08,611 [pool-1062-thread-1] INFO  server.RaftServerConfigKeys (ConfUtils.java:logGet(46)) - raft.server.rpc.timeout.max = 5200ms (custom)
2023-03-29 21:19:08,611 [pool-1062-thread-1] INFO  server.RaftServerConfigKeys (ConfUtils.java:logGet(46)) - raft.server.rpc.sleep.time = 25ms (default)
2023-03-29 21:19:08,611 [pool-1062-thread-1] INFO  server.RaftServerConfigKeys (ConfUtils.java:logGet(46)) - raft.server.rpc.slowness.timeout = 300s (custom)
2023-03-29 21:19:08,611 [pool-1062-thread-1] INFO  server.RaftServerConfigKeys (ConfUtils.java:logGet(46)) - raft.server.leaderelection.leader.step-down.wait-time = 10s (default)
2023-03-29 21:19:08,611 [pool-1062-thread-1] INFO  server.RaftServerConfigKeys (ConfUtils.java:logGet(46)) - raft.server.sleep.deviation.threshold = 300ms (default)
2023-03-29 21:19:08,611 [pool-1062-thread-1] INFO  server.RaftServer$Division (ServerState.java:<init>(118)) - 10c8465d-f338-41bc-bb05-aaed11bcc7c4@group-8D8CEE43932A: ConfigurationManager, init=-1: peers:[10c8465d-f338-41bc-bb05-aaed11bcc7c4|rpc:10.1.0.17:37199|dataStream:10.1.0.17:42937|priority:1|startupRole:FOLLOWER]|listeners:[], old=null, confs=<EMPTY_MAP>
2023-03-29 21:19:08,611 [pool-1062-thread-1] INFO  server.RaftServerConfigKeys (ConfUtils.java:logGet(46)) - raft.server.storage.dir = [/home/runner/work/ozone/ozone/hadoop-ozone/integration-test/target/test-dir/MiniOzoneClusterImpl-0d259c79-1228-4415-b9fd-a9070010e405/datanode-1/data/ratis] (custom)
2023-03-29 21:19:08,611 [pool-1062-thread-1] INFO  server.RaftServerConfigKeys (ConfUtils.java:logGet(46)) - raft.server.log.corruption.policy = EXCEPTION (default)
2023-03-29 21:19:08,611 [pool-1062-thread-1] INFO  server.RaftServerConfigKeys (ConfUtils.java:logGet(46)) - raft.server.storage.free-space.min = 0MB (=0) (default)
2023-03-29 21:19:08,611 [pool-1062-thread-1] INFO  server.RaftServerConfigKeys (ConfUtils.java:logGet(46)) - raft.server.notification.no-leader.timeout = 300s (custom)
2023-03-29 21:19:08,611 [pool-1062-thread-1] INFO  server.RaftServerConfigKeys (ConfUtils.java:logGet(46)) - raft.server.retrycache.expirytime = 600000ms (custom)
2023-03-29 21:19:08,611 [pool-1062-thread-1] INFO  server.RaftServerConfigKeys (ConfUtils.java:logGet(46)) - raft.server.retrycache.statistics.expirytime = 100μs (default)
2023-03-29 21:19:08,612 [pool-1062-thread-1] INFO  server.RaftServerConfigKeys (ConfUtils.java:logGet(46)) - raft.server.log.appender.install.snapshot.enabled = false (custom)
2023-03-29 21:19:08,612 [pool-1062-thread-1] INFO  server.RaftServerConfigKeys (ConfUtils.java:logGet(46)) - raft.server.threadpool.server.cached = true (default)
2023-03-29 21:19:08,612 [pool-1062-thread-1] INFO  server.RaftServerConfigKeys (ConfUtils.java:logGet(46)) - raft.server.threadpool.server.size = 0 (default)
2023-03-29 21:19:08,612 [pool-1062-thread-1] INFO  server.RaftServerConfigKeys (ConfUtils.java:logGet(46)) - raft.server.threadpool.client.cached = true (default)
2023-03-29 21:19:08,612 [pool-1062-thread-1] INFO  server.RaftServerConfigKeys (ConfUtils.java:logGet(46)) - raft.server.threadpool.client.size = 0 (default)
2023-03-29 21:19:08,612 [pool-1062-thread-1] INFO  storage.RaftStorageDirectory (RaftStorageDirectoryImpl.java:analyzeStorage(137)) - The storage directory /home/runner/work/ozone/ozone/hadoop-ozone/integration-test/target/test-dir/MiniOzoneClusterImpl-0d259c79-1228-4415-b9fd-a9070010e405/datanode-1/data/ratis/07c8e1f0-909a-4363-b4d7-8d8cee43932a does not exist. Creating ...
2023-03-29 21:19:08,614 [pool-1062-thread-1] INFO  storage.RaftStorageDirectory (RaftStorageDirectoryImpl.java:tryLock(231)) - Lock on /home/runner/work/ozone/ozone/hadoop-ozone/integration-test/target/test-dir/MiniOzoneClusterImpl-0d259c79-1228-4415-b9fd-a9070010e405/datanode-1/data/ratis/07c8e1f0-909a-4363-b4d7-8d8cee43932a/in_use.lock acquired by nodename 46426@fv-az308-773
2023-03-29 21:19:08,615 [pool-1062-thread-1] INFO  storage.RaftStorage (RaftStorageImpl.java:format(96)) - Storage directory /home/runner/work/ozone/ozone/hadoop-ozone/integration-test/target/test-dir/MiniOzoneClusterImpl-0d259c79-1228-4415-b9fd-a9070010e405/datanode-1/data/ratis/07c8e1f0-909a-4363-b4d7-8d8cee43932a has been successfully formatted.
2023-03-29 21:19:08,615 [pool-1062-thread-1] INFO  ratis.ContainerStateMachine (ContainerStateMachine.java:loadSnapshot(262)) - group-8D8CEE43932A: The snapshot info is null. Setting the last applied indexto:(t:0, i:~)
2023-03-29 21:19:08,615 [pool-1062-thread-1] INFO  server.RaftServerConfigKeys (ConfUtils.java:logGet(46)) - raft.server.log.use.memory = false (default)
2023-03-29 21:19:08,615 [pool-1062-thread-1] INFO  server.RaftServerConfigKeys (ConfUtils.java:logGet(46)) - raft.server.log.purge.gap = 1000000 (custom)
2023-03-29 21:19:08,615 [pool-1062-thread-1] INFO  server.RaftServerConfigKeys (ConfUtils.java:logGet(46)) - raft.server.log.appender.buffer.byte-limit = 33554432 (custom)
2023-03-29 21:19:08,615 [pool-1062-thread-1] INFO  server.RaftServerConfigKeys (ConfUtils.java:logGet(46)) - raft.server.log.statemachine.data.read.timeout = 1000ms (default)
2023-03-29 21:19:08,615 [pool-1062-thread-1] INFO  server.RaftServerConfigKeys (ConfUtils.java:logGet(46)) - raft.server.log.purge.preservation.log.num = 0 (default)
2023-03-29 21:19:08,615 [pool-1062-thread-1] INFO  server.RaftServerConfigKeys (ConfUtils.java:logGet(46)) - raft.server.log.segment.size.max = 1048576 (custom)
2023-03-29 21:19:08,616 [pool-1062-thread-1] INFO  server.RaftServerConfigKeys (ConfUtils.java:logGet(46)) - raft.server.log.segment.cache.num.max = 2 (custom)
2023-03-29 21:19:08,617 [EventQueue-PipelineReportForPipelineReportHandler] INFO  pipeline.PipelineManagerImpl (PipelineManagerImpl.java:openPipeline(367)) - Pipeline Pipeline[ Id: 07c8e1f0-909a-4363-b4d7-8d8cee43932a, Nodes: 10c8465d-f338-41bc-bb05-aaed11bcc7c4(fv-az308-773/10.1.0.17), ReplicationConfig: RATIS/ONE, State:ALLOCATED, leaderId:10c8465d-f338-41bc-bb05-aaed11bcc7c4, CreationTimestamp2023-03-29T21:19:05.612Z[Etc/UTC]] moved to OPEN state
2023-03-29 21:19:08,617 [EventQueue-OpenPipelineForHealthyPipelineSafeModeRule] INFO  safemode.SCMSafeModeManager (HealthyPipelineSafeModeRule.java:process(137)) - SCM in safe mode. Healthy pipelines reported count is 0, required healthy pipeline reported count is 1
2023-03-29 21:19:08,617 [pool-1062-thread-1] INFO  server.RaftServerConfigKeys (ConfUtils.java:logGet(46)) - raft.server.log.segment.cache.size.max = 200MB (=209715200) (default)
2023-03-29 21:19:08,617 [pool-1062-thread-1] INFO  segmented.SegmentedRaftLogWorker (SegmentedRaftLogWorker.java:<init>(189)) - new 10c8465d-f338-41bc-bb05-aaed11bcc7c4@group-8D8CEE43932A-SegmentedRaftLogWorker for RaftStorageImpl:Storage Directory /home/runner/work/ozone/ozone/hadoop-ozone/integration-test/target/test-dir/MiniOzoneClusterImpl-0d259c79-1228-4415-b9fd-a9070010e405/datanode-1/data/ratis/07c8e1f0-909a-4363-b4d7-8d8cee43932a
2023-03-29 21:19:08,617 [pool-1062-thread-1] INFO  server.RaftServerConfigKeys (ConfUtils.java:logGet(46)) - raft.server.log.queue.byte-limit = 4294967296 (custom)
2023-03-29 21:19:08,617 [pool-1062-thread-1] INFO  server.RaftServerConfigKeys (ConfUtils.java:logGet(46)) - raft.server.log.queue.element-limit = 1024 (custom)
2023-03-29 21:19:08,617 [pool-1062-thread-1] INFO  server.RaftServerConfigKeys (ConfUtils.java:logGet(46)) - raft.server.log.segment.size.max = 1048576 (custom)
2023-03-29 21:19:08,618 [pool-1062-thread-1] INFO  server.RaftServerConfigKeys (ConfUtils.java:logGet(46)) - raft.server.log.preallocated.size = 16384 (custom)
2023-03-29 21:19:08,618 [pool-1062-thread-1] INFO  server.RaftServerConfigKeys (ConfUtils.java:logGet(46)) - raft.server.log.force.sync.num = 128 (default)
2023-03-29 21:19:08,618 [pool-1062-thread-1] INFO  server.RaftServerConfigKeys (ConfUtils.java:logGet(46)) - raft.server.log.statemachine.data.sync = true (default)
2023-03-29 21:19:08,618 [pool-1062-thread-1] INFO  server.RaftServerConfigKeys (ConfUtils.java:logGet(46)) - raft.server.log.statemachine.data.sync.timeout = 10s (default)
2023-03-29 21:19:08,618 [pool-1062-thread-1] INFO  server.RaftServerConfigKeys (ConfUtils.java:logGet(46)) - raft.server.log.statemachine.data.sync.timeout.retry = -1 (default)
2023-03-29 21:19:08,618 [pool-1062-thread-1] INFO  server.RaftServerConfigKeys (ConfUtils.java:logGet(46)) - raft.server.log.write.buffer.size = 1048576 (custom)
2023-03-29 21:19:08,619 [pool-1062-thread-1] INFO  server.RaftServerConfigKeys (ConfUtils.java:logGet(46)) - raft.server.log.appender.buffer.byte-limit = 33554432 (custom)
2023-03-29 21:19:08,624 [pool-1062-thread-1] INFO  server.RaftServerConfigKeys (ConfUtils.java:logGet(46)) - raft.server.log.unsafe-flush.enabled = false (default)
2023-03-29 21:19:08,624 [pool-1062-thread-1] INFO  server.RaftServerConfigKeys (ConfUtils.java:logGet(46)) - raft.server.log.async-flush.enabled = false (default)
2023-03-29 21:19:08,624 [pool-1062-thread-1] INFO  server.RaftServerConfigKeys (ConfUtils.java:logGet(46)) - raft.server.log.statemachine.data.caching.enabled = true (custom)
2023-03-29 21:19:08,624 [pool-1062-thread-1] INFO  segmented.SegmentedRaftLogWorker (SegmentedRaftLogWorker.java:lambda$new$0(135)) - 10c8465d-f338-41bc-bb05-aaed11bcc7c4@group-8D8CEE43932A-SegmentedRaftLogWorker: flushIndex: setUnconditionally 0 -> -1
2023-03-29 21:19:08,624 [pool-1062-thread-1] INFO  segmented.SegmentedRaftLogWorker (SegmentedRaftLogWorker.java:lambda$new$0(135)) - 10c8465d-f338-41bc-bb05-aaed11bcc7c4@group-8D8CEE43932A-SegmentedRaftLogWorker: safeCacheEvictIndex: setUnconditionally 0 -> -1
2023-03-29 21:19:08,624 [pool-1062-thread-1] INFO  server.RaftServer$Division (RaftServerImpl.java:start(334)) - 10c8465d-f338-41bc-bb05-aaed11bcc7c4@group-8D8CEE43932A: start as a follower, conf=-1: peers:[10c8465d-f338-41bc-bb05-aaed11bcc7c4|rpc:10.1.0.17:37199|dataStream:10.1.0.17:42937|priority:1|startupRole:FOLLOWER]|listeners:[], old=null
2023-03-29 21:19:08,624 [pool-1062-thread-1] INFO  server.RaftServer$Division (RaftServerImpl.java:setRole(321)) - 10c8465d-f338-41bc-bb05-aaed11bcc7c4@group-8D8CEE43932A: changes role from      null to FOLLOWER at term 0 for startAsFollower
2023-03-29 21:19:08,624 [pool-1062-thread-1] INFO  impl.RoleInfo (RoleInfo.java:updateAndGet(139)) - 10c8465d-f338-41bc-bb05-aaed11bcc7c4: start 10c8465d-f338-41bc-bb05-aaed11bcc7c4@group-8D8CEE43932A-FollowerState
2023-03-29 21:19:08,624 [pool-1062-thread-1] INFO  util.JmxRegister (JmxRegister.java:tryRegister(44)) - Successfully registered JMX Bean with object name Ratis:service=RaftServer,group=group-8D8CEE43932A,id=10c8465d-f338-41bc-bb05-aaed11bcc7c4
2023-03-29 21:19:08,625 [pool-1062-thread-1] INFO  server.RaftServerConfigKeys (ConfUtils.java:logGet(46)) - raft.server.snapshot.auto.trigger.enabled = true (custom)
2023-03-29 21:19:08,625 [pool-1062-thread-1] INFO  server.RaftServerConfigKeys (ConfUtils.java:logGet(46)) - raft.server.snapshot.auto.trigger.threshold = 10000 (custom)
2023-03-29 21:19:08,625 [pool-1062-thread-1] INFO  server.RaftServerConfigKeys (ConfUtils.java:logGet(46)) - raft.server.snapshot.retention.file.num = 5 (custom)
2023-03-29 21:19:08,625 [pool-1062-thread-1] INFO  server.RaftServerConfigKeys (ConfUtils.java:logGet(46)) - raft.server.log.purge.upto.snapshot.index = false (default)
2023-03-29 21:19:08,625 [10c8465d-f338-41bc-bb05-aaed11bcc7c4@group-8D8CEE43932A-FollowerState] INFO  server.RaftServerConfigKeys (ConfUtils.java:logFallback(53)) - raft.server.rpc.first-election.timeout.min = 5s (fallback to raft.server.rpc.timeout.min)
2023-03-29 21:19:08,625 [10c8465d-f338-41bc-bb05-aaed11bcc7c4@group-8D8CEE43932A-FollowerState] INFO  server.RaftServerConfigKeys (ConfUtils.java:logFallback(53)) - raft.server.rpc.first-election.timeout.max = 5200ms (fallback to raft.server.rpc.timeout.max)
2023-03-29 21:19:08,625 [Command processor thread] INFO  ratis.XceiverServerRatis (XceiverServerRatis.java:addGroup(806)) - Created group PipelineID=07c8e1f0-909a-4363-b4d7-8d8cee43932a
2023-03-29 21:19:08,625 [Command processor thread] INFO  commandhandler.CreatePipelineCommandHandler (CreatePipelineCommandHandler.java:handle(113)) - Created Pipeline RATIS ONE PipelineID=07c8e1f0-909a-4363-b4d7-8d8cee43932a.
2023-03-29 21:19:08,944 [Command processor thread] INFO  server.RaftServer (RaftServerProxy.java:addNew(96)) - 9f5ac200-d2f7-413f-8590-e4ff1008cbf0: addNew group-4BBE8947C7EF:[9f5ac200-d2f7-413f-8590-e4ff1008cbf0|rpc:10.1.0.17:40263|dataStream:10.1.0.17:34153|priority:1|startupRole:FOLLOWER] returns group-4BBE8947C7EF:java.util.concurrent.CompletableFuture@3759a34d[Not completed]
2023-03-29 21:19:08,944 [Listener at 127.0.0.1/39503] INFO  ozone.MiniOzoneClusterImpl (MiniOzoneClusterImpl.java:lambda$waitForClusterToBeReady$0(222)) - Nodes are ready. Got 3 of 3 DN Heartbeats.
2023-03-29 21:19:08,944 [Listener at 127.0.0.1/39503] INFO  ozone.MiniOzoneClusterImpl (MiniOzoneClusterImpl.java:lambda$waitForClusterToBeReady$0(225)) - Waiting for cluster to exit safe mode
2023-03-29 21:19:08,944 [Listener at 127.0.0.1/39503] INFO  ozone.MiniOzoneClusterImpl (MiniOzoneClusterImpl.java:lambda$waitForClusterToBeReady$0(227)) - SCM became leader
2023-03-29 21:19:08,945 [pool-1084-thread-1] INFO  server.RaftServer$Division (RaftServerImpl.java:<init>(195)) - 9f5ac200-d2f7-413f-8590-e4ff1008cbf0: new RaftServerImpl for group-4BBE8947C7EF:[9f5ac200-d2f7-413f-8590-e4ff1008cbf0|rpc:10.1.0.17:40263|dataStream:10.1.0.17:34153|priority:1|startupRole:FOLLOWER] with ContainerStateMachine:uninitialized
2023-03-29 21:19:08,945 [pool-1084-thread-1] INFO  server.RaftServerConfigKeys (ConfUtils.java:logGet(46)) - raft.server.rpc.timeout.min = 5s (custom)
2023-03-29 21:19:08,945 [pool-1084-thread-1] INFO  server.RaftServerConfigKeys (ConfUtils.java:logGet(46)) - raft.server.rpc.timeout.max = 5200ms (custom)
2023-03-29 21:19:08,945 [pool-1084-thread-1] INFO  server.RaftServerConfigKeys (ConfUtils.java:logGet(46)) - raft.server.rpc.sleep.time = 25ms (default)
2023-03-29 21:19:08,945 [pool-1084-thread-1] INFO  server.RaftServerConfigKeys (ConfUtils.java:logGet(46)) - raft.server.rpc.slowness.timeout = 300s (custom)
2023-03-29 21:19:08,945 [pool-1084-thread-1] INFO  server.RaftServerConfigKeys (ConfUtils.java:logGet(46)) - raft.server.leaderelection.leader.step-down.wait-time = 10s (default)
2023-03-29 21:19:08,945 [pool-1084-thread-1] INFO  server.RaftServerConfigKeys (ConfUtils.java:logGet(46)) - raft.server.sleep.deviation.threshold = 300ms (default)
2023-03-29 21:19:08,945 [pool-1084-thread-1] INFO  server.RaftServer$Division (ServerState.java:<init>(118)) - 9f5ac200-d2f7-413f-8590-e4ff1008cbf0@group-4BBE8947C7EF: ConfigurationManager, init=-1: peers:[9f5ac200-d2f7-413f-8590-e4ff1008cbf0|rpc:10.1.0.17:40263|dataStream:10.1.0.17:34153|priority:1|startupRole:FOLLOWER]|listeners:[], old=null, confs=<EMPTY_MAP>
2023-03-29 21:19:08,945 [pool-1084-thread-1] INFO  server.RaftServerConfigKeys (ConfUtils.java:logGet(46)) - raft.server.storage.dir = [/home/runner/work/ozone/ozone/hadoop-ozone/integration-test/target/test-dir/MiniOzoneClusterImpl-0d259c79-1228-4415-b9fd-a9070010e405/datanode-2/data/ratis] (custom)
2023-03-29 21:19:08,945 [pool-1084-thread-1] INFO  server.RaftServerConfigKeys (ConfUtils.java:logGet(46)) - raft.server.log.corruption.policy = EXCEPTION (default)
2023-03-29 21:19:08,945 [pool-1084-thread-1] INFO  server.RaftServerConfigKeys (ConfUtils.java:logGet(46)) - raft.server.storage.free-space.min = 0MB (=0) (default)
2023-03-29 21:19:08,945 [pool-1084-thread-1] INFO  server.RaftServerConfigKeys (ConfUtils.java:logGet(46)) - raft.server.notification.no-leader.timeout = 300s (custom)
2023-03-29 21:19:08,945 [pool-1084-thread-1] INFO  server.RaftServerConfigKeys (ConfUtils.java:logGet(46)) - raft.server.retrycache.expirytime = 600000ms (custom)
2023-03-29 21:19:08,945 [pool-1084-thread-1] INFO  server.RaftServerConfigKeys (ConfUtils.java:logGet(46)) - raft.server.retrycache.statistics.expirytime = 100μs (default)
2023-03-29 21:19:08,946 [pool-1084-thread-1] INFO  server.RaftServerConfigKeys (ConfUtils.java:logGet(46)) - raft.server.log.appender.install.snapshot.enabled = false (custom)
2023-03-29 21:19:08,946 [pool-1084-thread-1] INFO  server.RaftServerConfigKeys (ConfUtils.java:logGet(46)) - raft.server.threadpool.server.cached = true (default)
2023-03-29 21:19:08,946 [pool-1084-thread-1] INFO  server.RaftServerConfigKeys (ConfUtils.java:logGet(46)) - raft.server.threadpool.server.size = 0 (default)
2023-03-29 21:19:08,946 [pool-1084-thread-1] INFO  server.RaftServerConfigKeys (ConfUtils.java:logGet(46)) - raft.server.threadpool.client.cached = true (default)
2023-03-29 21:19:08,946 [pool-1084-thread-1] INFO  server.RaftServerConfigKeys (ConfUtils.java:logGet(46)) - raft.server.threadpool.client.size = 0 (default)
2023-03-29 21:19:08,947 [pool-1084-thread-1] INFO  storage.RaftStorageDirectory (RaftStorageDirectoryImpl.java:analyzeStorage(137)) - The storage directory /home/runner/work/ozone/ozone/hadoop-ozone/integration-test/target/test-dir/MiniOzoneClusterImpl-0d259c79-1228-4415-b9fd-a9070010e405/datanode-2/data/ratis/20e00ea0-ba19-470d-bebf-4bbe8947c7ef does not exist. Creating ...
2023-03-29 21:19:08,947 [pool-1084-thread-1] INFO  storage.RaftStorageDirectory (RaftStorageDirectoryImpl.java:tryLock(231)) - Lock on /home/runner/work/ozone/ozone/hadoop-ozone/integration-test/target/test-dir/MiniOzoneClusterImpl-0d259c79-1228-4415-b9fd-a9070010e405/datanode-2/data/ratis/20e00ea0-ba19-470d-bebf-4bbe8947c7ef/in_use.lock acquired by nodename 46426@fv-az308-773
2023-03-29 21:19:08,948 [pool-1084-thread-1] INFO  storage.RaftStorage (RaftStorageImpl.java:format(96)) - Storage directory /home/runner/work/ozone/ozone/hadoop-ozone/integration-test/target/test-dir/MiniOzoneClusterImpl-0d259c79-1228-4415-b9fd-a9070010e405/datanode-2/data/ratis/20e00ea0-ba19-470d-bebf-4bbe8947c7ef has been successfully formatted.
2023-03-29 21:19:08,949 [pool-1084-thread-1] INFO  ratis.ContainerStateMachine (ContainerStateMachine.java:loadSnapshot(262)) - group-4BBE8947C7EF: The snapshot info is null. Setting the last applied indexto:(t:0, i:~)
2023-03-29 21:19:08,949 [pool-1084-thread-1] INFO  server.RaftServerConfigKeys (ConfUtils.java:logGet(46)) - raft.server.log.use.memory = false (default)
2023-03-29 21:19:08,949 [pool-1084-thread-1] INFO  server.RaftServerConfigKeys (ConfUtils.java:logGet(46)) - raft.server.log.purge.gap = 1000000 (custom)
2023-03-29 21:19:08,949 [pool-1084-thread-1] INFO  server.RaftServerConfigKeys (ConfUtils.java:logGet(46)) - raft.server.log.appender.buffer.byte-limit = 33554432 (custom)
2023-03-29 21:19:08,949 [pool-1084-thread-1] INFO  server.RaftServerConfigKeys (ConfUtils.java:logGet(46)) - raft.server.log.statemachine.data.read.timeout = 1000ms (default)
2023-03-29 21:19:08,949 [pool-1084-thread-1] INFO  server.RaftServerConfigKeys (ConfUtils.java:logGet(46)) - raft.server.log.purge.preservation.log.num = 0 (default)
2023-03-29 21:19:08,949 [pool-1084-thread-1] INFO  server.RaftServerConfigKeys (ConfUtils.java:logGet(46)) - raft.server.log.segment.size.max = 1048576 (custom)
2023-03-29 21:19:08,950 [pool-1084-thread-1] INFO  server.RaftServerConfigKeys (ConfUtils.java:logGet(46)) - raft.server.log.segment.cache.num.max = 2 (custom)
2023-03-29 21:19:08,950 [pool-1084-thread-1] INFO  server.RaftServerConfigKeys (ConfUtils.java:logGet(46)) - raft.server.log.segment.cache.size.max = 200MB (=209715200) (default)
2023-03-29 21:19:08,950 [pool-1084-thread-1] INFO  segmented.SegmentedRaftLogWorker (SegmentedRaftLogWorker.java:<init>(189)) - new 9f5ac200-d2f7-413f-8590-e4ff1008cbf0@group-4BBE8947C7EF-SegmentedRaftLogWorker for RaftStorageImpl:Storage Directory /home/runner/work/ozone/ozone/hadoop-ozone/integration-test/target/test-dir/MiniOzoneClusterImpl-0d259c79-1228-4415-b9fd-a9070010e405/datanode-2/data/ratis/20e00ea0-ba19-470d-bebf-4bbe8947c7ef
2023-03-29 21:19:08,950 [pool-1084-thread-1] INFO  server.RaftServerConfigKeys (ConfUtils.java:logGet(46)) - raft.server.log.queue.byte-limit = 4294967296 (custom)
2023-03-29 21:19:08,950 [pool-1084-thread-1] INFO  server.RaftServerConfigKeys (ConfUtils.java:logGet(46)) - raft.server.log.queue.element-limit = 1024 (custom)
2023-03-29 21:19:08,950 [pool-1084-thread-1] INFO  server.RaftServerConfigKeys (ConfUtils.java:logGet(46)) - raft.server.log.segment.size.max = 1048576 (custom)
2023-03-29 21:19:08,950 [pool-1084-thread-1] INFO  server.RaftServerConfigKeys (ConfUtils.java:logGet(46)) - raft.server.log.preallocated.size = 16384 (custom)
2023-03-29 21:19:08,950 [pool-1084-thread-1] INFO  server.RaftServerConfigKeys (ConfUtils.java:logGet(46)) - raft.server.log.force.sync.num = 128 (default)
2023-03-29 21:19:08,950 [pool-1084-thread-1] INFO  server.RaftServerConfigKeys (ConfUtils.java:logGet(46)) - raft.server.log.statemachine.data.sync = true (default)
2023-03-29 21:19:08,950 [pool-1084-thread-1] INFO  server.RaftServerConfigKeys (ConfUtils.java:logGet(46)) - raft.server.log.statemachine.data.sync.timeout = 10s (default)
2023-03-29 21:19:08,950 [pool-1084-thread-1] INFO  server.RaftServerConfigKeys (ConfUtils.java:logGet(46)) - raft.server.log.statemachine.data.sync.timeout.retry = -1 (default)
2023-03-29 21:19:08,950 [EventQueue-PipelineReportForPipelineReportHandler] INFO  pipeline.PipelineManagerImpl (PipelineManagerImpl.java:openPipeline(367)) - Pipeline Pipeline[ Id: 20e00ea0-ba19-470d-bebf-4bbe8947c7ef, Nodes: 9f5ac200-d2f7-413f-8590-e4ff1008cbf0(fv-az308-773/10.1.0.17), ReplicationConfig: RATIS/ONE, State:ALLOCATED, leaderId:9f5ac200-d2f7-413f-8590-e4ff1008cbf0, CreationTimestamp2023-03-29T21:19:05.947Z[Etc/UTC]] moved to OPEN state
2023-03-29 21:19:08,950 [pool-1084-thread-1] INFO  server.RaftServerConfigKeys (ConfUtils.java:logGet(46)) - raft.server.log.write.buffer.size = 1048576 (custom)
2023-03-29 21:19:08,951 [EventQueue-OpenPipelineForHealthyPipelineSafeModeRule] INFO  safemode.SCMSafeModeManager (HealthyPipelineSafeModeRule.java:process(137)) - SCM in safe mode. Healthy pipelines reported count is 0, required healthy pipeline reported count is 1
2023-03-29 21:19:08,951 [pool-1084-thread-1] INFO  server.RaftServerConfigKeys (ConfUtils.java:logGet(46)) - raft.server.log.appender.buffer.byte-limit = 33554432 (custom)
2023-03-29 21:19:08,956 [pool-1084-thread-1] INFO  server.RaftServerConfigKeys (ConfUtils.java:logGet(46)) - raft.server.log.unsafe-flush.enabled = false (default)
2023-03-29 21:19:08,956 [pool-1084-thread-1] INFO  server.RaftServerConfigKeys (ConfUtils.java:logGet(46)) - raft.server.log.async-flush.enabled = false (default)
2023-03-29 21:19:08,956 [pool-1084-thread-1] INFO  server.RaftServerConfigKeys (ConfUtils.java:logGet(46)) - raft.server.log.statemachine.data.caching.enabled = true (custom)
2023-03-29 21:19:08,956 [pool-1084-thread-1] INFO  segmented.SegmentedRaftLogWorker (SegmentedRaftLogWorker.java:lambda$new$0(135)) - 9f5ac200-d2f7-413f-8590-e4ff1008cbf0@group-4BBE8947C7EF-SegmentedRaftLogWorker: flushIndex: setUnconditionally 0 -> -1
2023-03-29 21:19:08,956 [pool-1084-thread-1] INFO  segmented.SegmentedRaftLogWorker (SegmentedRaftLogWorker.java:lambda$new$0(135)) - 9f5ac200-d2f7-413f-8590-e4ff1008cbf0@group-4BBE8947C7EF-SegmentedRaftLogWorker: safeCacheEvictIndex: setUnconditionally 0 -> -1
2023-03-29 21:19:08,956 [pool-1084-thread-1] INFO  server.RaftServer$Division (RaftServerImpl.java:start(334)) - 9f5ac200-d2f7-413f-8590-e4ff1008cbf0@group-4BBE8947C7EF: start as a follower, conf=-1: peers:[9f5ac200-d2f7-413f-8590-e4ff1008cbf0|rpc:10.1.0.17:40263|dataStream:10.1.0.17:34153|priority:1|startupRole:FOLLOWER]|listeners:[], old=null
2023-03-29 21:19:08,956 [pool-1084-thread-1] INFO  server.RaftServer$Division (RaftServerImpl.java:setRole(321)) - 9f5ac200-d2f7-413f-8590-e4ff1008cbf0@group-4BBE8947C7EF: changes role from      null to FOLLOWER at term 0 for startAsFollower
2023-03-29 21:19:08,957 [pool-1084-thread-1] INFO  impl.RoleInfo (RoleInfo.java:updateAndGet(139)) - 9f5ac200-d2f7-413f-8590-e4ff1008cbf0: start 9f5ac200-d2f7-413f-8590-e4ff1008cbf0@group-4BBE8947C7EF-FollowerState
2023-03-29 21:19:08,957 [pool-1084-thread-1] INFO  util.JmxRegister (JmxRegister.java:tryRegister(44)) - Successfully registered JMX Bean with object name Ratis:service=RaftServer,group=group-4BBE8947C7EF,id=9f5ac200-d2f7-413f-8590-e4ff1008cbf0
2023-03-29 21:19:08,957 [9f5ac200-d2f7-413f-8590-e4ff1008cbf0@group-4BBE8947C7EF-FollowerState] INFO  server.RaftServerConfigKeys (ConfUtils.java:logFallback(53)) - raft.server.rpc.first-election.timeout.min = 5s (fallback to raft.server.rpc.timeout.min)
2023-03-29 21:19:08,957 [pool-1084-thread-1] INFO  server.RaftServerConfigKeys (ConfUtils.java:logGet(46)) - raft.server.snapshot.auto.trigger.enabled = true (custom)
2023-03-29 21:19:08,957 [9f5ac200-d2f7-413f-8590-e4ff1008cbf0@group-4BBE8947C7EF-FollowerState] INFO  server.RaftServerConfigKeys (ConfUtils.java:logFallback(53)) - raft.server.rpc.first-election.timeout.max = 5200ms (fallback to raft.server.rpc.timeout.max)
2023-03-29 21:19:08,957 [pool-1084-thread-1] INFO  server.RaftServerConfigKeys (ConfUtils.java:logGet(46)) - raft.server.snapshot.auto.trigger.threshold = 10000 (custom)
2023-03-29 21:19:08,958 [pool-1084-thread-1] INFO  server.RaftServerConfigKeys (ConfUtils.java:logGet(46)) - raft.server.snapshot.retention.file.num = 5 (custom)
2023-03-29 21:19:08,958 [pool-1084-thread-1] INFO  server.RaftServerConfigKeys (ConfUtils.java:logGet(46)) - raft.server.log.purge.upto.snapshot.index = false (default)
2023-03-29 21:19:08,959 [Command processor thread] INFO  ratis.XceiverServerRatis (XceiverServerRatis.java:addGroup(806)) - Created group PipelineID=20e00ea0-ba19-470d-bebf-4bbe8947c7ef
2023-03-29 21:19:08,959 [Command processor thread] INFO  commandhandler.CreatePipelineCommandHandler (CreatePipelineCommandHandler.java:handle(113)) - Created Pipeline RATIS ONE PipelineID=20e00ea0-ba19-470d-bebf-4bbe8947c7ef.
2023-03-29 21:19:09,945 [Listener at 127.0.0.1/39503] INFO  ozone.MiniOzoneClusterImpl (MiniOzoneClusterImpl.java:lambda$waitForClusterToBeReady$0(222)) - Nodes are ready. Got 3 of 3 DN Heartbeats.
2023-03-29 21:19:09,945 [Listener at 127.0.0.1/39503] INFO  ozone.MiniOzoneClusterImpl (MiniOzoneClusterImpl.java:lambda$waitForClusterToBeReady$0(225)) - Waiting for cluster to exit safe mode
2023-03-29 21:19:09,945 [Listener at 127.0.0.1/39503] INFO  ozone.MiniOzoneClusterImpl (MiniOzoneClusterImpl.java:lambda$waitForClusterToBeReady$0(227)) - SCM became leader
2023-03-29 21:19:10,601 [JvmPauseMonitor28] WARN  util.JvmPauseMonitor (JvmPauseMonitor.java:detectPause(126)) - JvmPauseMonitor-9f5ac200-d2f7-413f-8590-e4ff1008cbf0: Detected pause in JVM or host machine (eg GC): pause of approximately 124133345ns.
GC pool 'PS MarkSweep' had collection(s): count=1 time=287ms
GC pool 'PS Scavenge' had collection(s): count=1 time=100ms
2023-03-29 21:19:10,601 [JvmPauseMonitor25] WARN  util.JvmPauseMonitor (JvmPauseMonitor.java:detectPause(126)) - JvmPauseMonitor-om1: Detected pause in JVM or host machine (eg GC): pause of approximately 217428282ns.
GC pool 'PS MarkSweep' had collection(s): count=1 time=287ms
GC pool 'PS Scavenge' had collection(s): count=1 time=100ms
2023-03-29 21:19:10,602 [JvmPauseMonitor26] WARN  util.JvmPauseMonitor (JvmPauseMonitor.java:detectPause(126)) - JvmPauseMonitor-1abb1f07-e430-4123-bdc4-d890b91ae57d: Detected pause in JVM or host machine (eg GC): pause of approximately 317927522ns.
GC pool 'PS MarkSweep' had collection(s): count=1 time=287ms
GC pool 'PS Scavenge' had collection(s): count=1 time=100ms
2023-03-29 21:19:10,945 [Listener at 127.0.0.1/39503] INFO  ozone.MiniOzoneClusterImpl (MiniOzoneClusterImpl.java:lambda$waitForClusterToBeReady$0(222)) - Nodes are ready. Got 3 of 3 DN Heartbeats.
2023-03-29 21:19:10,946 [Listener at 127.0.0.1/39503] INFO  ozone.MiniOzoneClusterImpl (MiniOzoneClusterImpl.java:lambda$waitForClusterToBeReady$0(225)) - Waiting for cluster to exit safe mode
2023-03-29 21:19:10,946 [Listener at 127.0.0.1/39503] INFO  ozone.MiniOzoneClusterImpl (MiniOzoneClusterImpl.java:lambda$waitForClusterToBeReady$0(227)) - SCM became leader
2023-03-29 21:19:11,946 [Listener at 127.0.0.1/39503] INFO  ozone.MiniOzoneClusterImpl (MiniOzoneClusterImpl.java:lambda$waitForClusterToBeReady$0(222)) - Nodes are ready. Got 3 of 3 DN Heartbeats.
2023-03-29 21:19:11,946 [Listener at 127.0.0.1/39503] INFO  ozone.MiniOzoneClusterImpl (MiniOzoneClusterImpl.java:lambda$waitForClusterToBeReady$0(225)) - Waiting for cluster to exit safe mode
2023-03-29 21:19:11,946 [Listener at 127.0.0.1/39503] INFO  ozone.MiniOzoneClusterImpl (MiniOzoneClusterImpl.java:lambda$waitForClusterToBeReady$0(227)) - SCM became leader
2023-03-29 21:19:12,947 [Listener at 127.0.0.1/39503] INFO  ozone.MiniOzoneClusterImpl (MiniOzoneClusterImpl.java:lambda$waitForClusterToBeReady$0(222)) - Nodes are ready. Got 3 of 3 DN Heartbeats.
2023-03-29 21:19:12,947 [Listener at 127.0.0.1/39503] INFO  ozone.MiniOzoneClusterImpl (MiniOzoneClusterImpl.java:lambda$waitForClusterToBeReady$0(225)) - Waiting for cluster to exit safe mode
2023-03-29 21:19:12,947 [Listener at 127.0.0.1/39503] INFO  ozone.MiniOzoneClusterImpl (MiniOzoneClusterImpl.java:lambda$waitForClusterToBeReady$0(227)) - SCM became leader
2023-03-29 21:19:13,349 [1abb1f07-e430-4123-bdc4-d890b91ae57d@group-F46F346B2B0A-FollowerState] INFO  impl.FollowerState (FollowerState.java:run(143)) - 1abb1f07-e430-4123-bdc4-d890b91ae57d@group-F46F346B2B0A-FollowerState: change to CANDIDATE, lastRpcElapsedTime:5084475018ns, electionTimeout:5080ms
2023-03-29 21:19:13,350 [1abb1f07-e430-4123-bdc4-d890b91ae57d@group-F46F346B2B0A-FollowerState] INFO  impl.RoleInfo (RoleInfo.java:shutdownFollowerState(110)) - 1abb1f07-e430-4123-bdc4-d890b91ae57d: shutdown 1abb1f07-e430-4123-bdc4-d890b91ae57d@group-F46F346B2B0A-FollowerState
2023-03-29 21:19:13,350 [1abb1f07-e430-4123-bdc4-d890b91ae57d@group-F46F346B2B0A-FollowerState] INFO  server.RaftServer$Division (RaftServerImpl.java:setRole(321)) - 1abb1f07-e430-4123-bdc4-d890b91ae57d@group-F46F346B2B0A: changes role from  FOLLOWER to CANDIDATE at term 0 for changeToCandidate
2023-03-29 21:19:13,350 [1abb1f07-e430-4123-bdc4-d890b91ae57d@group-F46F346B2B0A-FollowerState] INFO  server.RaftServerConfigKeys (ConfUtils.java:logGet(46)) - raft.server.leaderelection.pre-vote = true (default)
2023-03-29 21:19:13,350 [1abb1f07-e430-4123-bdc4-d890b91ae57d@group-F46F346B2B0A-FollowerState] INFO  impl.RoleInfo (RoleInfo.java:updateAndGet(139)) - 1abb1f07-e430-4123-bdc4-d890b91ae57d: start 1abb1f07-e430-4123-bdc4-d890b91ae57d@group-F46F346B2B0A-LeaderElection45
2023-03-29 21:19:13,351 [1abb1f07-e430-4123-bdc4-d890b91ae57d@group-F46F346B2B0A-LeaderElection45] INFO  impl.LeaderElection (LeaderElection.java:askForVotes(312)) - 1abb1f07-e430-4123-bdc4-d890b91ae57d@group-F46F346B2B0A-LeaderElection45 PRE_VOTE round 0: submit vote requests at term 0 for -1: peers:[1abb1f07-e430-4123-bdc4-d890b91ae57d|rpc:10.1.0.17:46059|dataStream:10.1.0.17:45191|priority:1|startupRole:FOLLOWER]|listeners:[], old=null
2023-03-29 21:19:13,352 [1abb1f07-e430-4123-bdc4-d890b91ae57d@group-F46F346B2B0A-LeaderElection45] INFO  impl.LeaderElection (LeaderElection.java:askForVotes(314)) - 1abb1f07-e430-4123-bdc4-d890b91ae57d@group-F46F346B2B0A-LeaderElection45 PRE_VOTE round 0: result PASSED (term=0)
2023-03-29 21:19:13,353 [1abb1f07-e430-4123-bdc4-d890b91ae57d@group-F46F346B2B0A-LeaderElection45] INFO  impl.LeaderElection (LeaderElection.java:askForVotes(312)) - 1abb1f07-e430-4123-bdc4-d890b91ae57d@group-F46F346B2B0A-LeaderElection45 ELECTION round 0: submit vote requests at term 1 for -1: peers:[1abb1f07-e430-4123-bdc4-d890b91ae57d|rpc:10.1.0.17:46059|dataStream:10.1.0.17:45191|priority:1|startupRole:FOLLOWER]|listeners:[], old=null
2023-03-29 21:19:13,353 [1abb1f07-e430-4123-bdc4-d890b91ae57d@group-F46F346B2B0A-LeaderElection45] INFO  impl.LeaderElection (LeaderElection.java:askForVotes(314)) - 1abb1f07-e430-4123-bdc4-d890b91ae57d@group-F46F346B2B0A-LeaderElection45 ELECTION round 0: result PASSED (term=1)
2023-03-29 21:19:13,353 [1abb1f07-e430-4123-bdc4-d890b91ae57d@group-F46F346B2B0A-LeaderElection45] INFO  impl.RoleInfo (RoleInfo.java:shutdownLeaderElection(130)) - 1abb1f07-e430-4123-bdc4-d890b91ae57d: shutdown 1abb1f07-e430-4123-bdc4-d890b91ae57d@group-F46F346B2B0A-LeaderElection45
2023-03-29 21:19:13,353 [1abb1f07-e430-4123-bdc4-d890b91ae57d@group-F46F346B2B0A-LeaderElection45] INFO  server.RaftServer$Division (RaftServerImpl.java:setRole(321)) - 1abb1f07-e430-4123-bdc4-d890b91ae57d@group-F46F346B2B0A: changes role from CANDIDATE to LEADER at term 1 for changeToLeader
2023-03-29 21:19:13,353 [1abb1f07-e430-4123-bdc4-d890b91ae57d@group-F46F346B2B0A-LeaderElection45] INFO  ratis.XceiverServerRatis (XceiverServerRatis.java:handleLeaderChangedNotification(904)) - Leader change notification received for group: group-F46F346B2B0A with new leaderId: 1abb1f07-e430-4123-bdc4-d890b91ae57d
2023-03-29 21:19:13,353 [1abb1f07-e430-4123-bdc4-d890b91ae57d@group-F46F346B2B0A-LeaderElection45] INFO  server.RaftServer$Division (ServerState.java:setLeader(313)) - 1abb1f07-e430-4123-bdc4-d890b91ae57d@group-F46F346B2B0A: change Leader from null to 1abb1f07-e430-4123-bdc4-d890b91ae57d at term 1 for becomeLeader, leader elected after 5102ms
2023-03-29 21:19:13,353 [1abb1f07-e430-4123-bdc4-d890b91ae57d@group-F46F346B2B0A-LeaderElection45] INFO  server.RaftServerConfigKeys (ConfUtils.java:logGet(46)) - raft.server.staging.catchup.gap = 1000 (default)
2023-03-29 21:19:13,354 [1abb1f07-e430-4123-bdc4-d890b91ae57d@group-F46F346B2B0A-LeaderElection45] INFO  server.RaftServerConfigKeys (ConfUtils.java:logGet(46)) - raft.server.write.element-limit = 1024 (custom)
2023-03-29 21:19:13,354 [1abb1f07-e430-4123-bdc4-d890b91ae57d@group-F46F346B2B0A-LeaderElection45] INFO  server.RaftServerConfigKeys (ConfUtils.java:logGet(46)) - raft.server.write.byte-limit = 1024 M (=1073741824) (custom)
2023-03-29 21:19:13,354 [1abb1f07-e430-4123-bdc4-d890b91ae57d@group-F46F346B2B0A-LeaderElection45] INFO  server.RaftServerConfigKeys (ConfUtils.java:logGet(46)) - raft.server.watch.timeout = 180s (custom)
2023-03-29 21:19:13,354 [1abb1f07-e430-4123-bdc4-d890b91ae57d@group-F46F346B2B0A-LeaderElection45] INFO  server.RaftServerConfigKeys (ConfUtils.java:logGet(46)) - raft.server.watch.timeout.denomination = 1s (default)
2023-03-29 21:19:13,354 [1abb1f07-e430-4123-bdc4-d890b91ae57d@group-F46F346B2B0A-LeaderElection45] INFO  server.RaftServerConfigKeys (ConfUtils.java:logGet(46)) - raft.server.watch.element-limit = 65536 (default)
2023-03-29 21:19:13,354 [1abb1f07-e430-4123-bdc4-d890b91ae57d@group-F46F346B2B0A-LeaderElection45] INFO  server.RaftServerConfigKeys (ConfUtils.java:logGet(46)) - raft.server.write.element-limit = 1024 (custom)
2023-03-29 21:19:13,354 [1abb1f07-e430-4123-bdc4-d890b91ae57d@group-F46F346B2B0A-LeaderElection45] INFO  server.RaftServerConfigKeys (ConfUtils.java:logGet(46)) - raft.server.write.follower.gap.ratio.max = -1.0 (default)
2023-03-29 21:19:13,354 [1abb1f07-e430-4123-bdc4-d890b91ae57d@group-F46F346B2B0A-LeaderElection45] INFO  impl.RoleInfo (RoleInfo.java:updateAndGet(139)) - 1abb1f07-e430-4123-bdc4-d890b91ae57d: start 1abb1f07-e430-4123-bdc4-d890b91ae57d@group-F46F346B2B0A-LeaderStateImpl
2023-03-29 21:19:13,355 [1abb1f07-e430-4123-bdc4-d890b91ae57d@group-F46F346B2B0A-LeaderElection45] INFO  segmented.SegmentedRaftLogWorker (SegmentedRaftLogWorker.java:startLogSegment(452)) - 1abb1f07-e430-4123-bdc4-d890b91ae57d@group-F46F346B2B0A-SegmentedRaftLogWorker: Starting segment from index:0
2023-03-29 21:19:13,357 [EventQueue-OpenPipelineForHealthyPipelineSafeModeRule] INFO  safemode.SCMSafeModeManager (HealthyPipelineSafeModeRule.java:process(137)) - SCM in safe mode. Healthy pipelines reported count is 0, required healthy pipeline reported count is 1
2023-03-29 21:19:13,358 [1abb1f07-e430-4123-bdc4-d890b91ae57d@group-F46F346B2B0A-SegmentedRaftLogWorker] INFO  segmented.SegmentedRaftLogWorker (SegmentedRaftLogWorker.java:execute(656)) - 1abb1f07-e430-4123-bdc4-d890b91ae57d@group-F46F346B2B0A-SegmentedRaftLogWorker: created new log segment /home/runner/work/ozone/ozone/hadoop-ozone/integration-test/target/test-dir/MiniOzoneClusterImpl-0d259c79-1228-4415-b9fd-a9070010e405/datanode-0/data/ratis/3df01a8a-c5f9-43ee-95ee-f46f346b2b0a/current/log_inprogress_0
2023-03-29 21:19:13,358 [1abb1f07-e430-4123-bdc4-d890b91ae57d@group-F46F346B2B0A-LeaderElection45] INFO  server.RaftServer$Division (ServerState.java:setRaftConf(430)) - 1abb1f07-e430-4123-bdc4-d890b91ae57d@group-F46F346B2B0A: set configuration 0: peers:[1abb1f07-e430-4123-bdc4-d890b91ae57d|rpc:10.1.0.17:46059|dataStream:10.1.0.17:45191|priority:1|startupRole:FOLLOWER]|listeners:[], old=null
2023-03-29 21:19:13,373 [1abb1f07-e430-4123-bdc4-d890b91ae57d@group-6CDAE7BF2089-FollowerState] INFO  impl.FollowerState (FollowerState.java:run(143)) - 1abb1f07-e430-4123-bdc4-d890b91ae57d@group-6CDAE7BF2089-FollowerState: change to CANDIDATE, lastRpcElapsedTime:5005499795ns, electionTimeout:5005ms
2023-03-29 21:19:13,374 [1abb1f07-e430-4123-bdc4-d890b91ae57d@group-6CDAE7BF2089-FollowerState] INFO  impl.RoleInfo (RoleInfo.java:shutdownFollowerState(110)) - 1abb1f07-e430-4123-bdc4-d890b91ae57d: shutdown 1abb1f07-e430-4123-bdc4-d890b91ae57d@group-6CDAE7BF2089-FollowerState
2023-03-29 21:19:13,374 [1abb1f07-e430-4123-bdc4-d890b91ae57d@group-6CDAE7BF2089-FollowerState] INFO  server.RaftServer$Division (RaftServerImpl.java:setRole(321)) - 1abb1f07-e430-4123-bdc4-d890b91ae57d@group-6CDAE7BF2089: changes role from  FOLLOWER to CANDIDATE at term 0 for changeToCandidate
2023-03-29 21:19:13,374 [1abb1f07-e430-4123-bdc4-d890b91ae57d@group-6CDAE7BF2089-FollowerState] INFO  server.RaftServerConfigKeys (ConfUtils.java:logGet(46)) - raft.server.leaderelection.pre-vote = true (default)
2023-03-29 21:19:13,374 [1abb1f07-e430-4123-bdc4-d890b91ae57d@group-6CDAE7BF2089-FollowerState] INFO  impl.RoleInfo (RoleInfo.java:updateAndGet(139)) - 1abb1f07-e430-4123-bdc4-d890b91ae57d: start 1abb1f07-e430-4123-bdc4-d890b91ae57d@group-6CDAE7BF2089-LeaderElection46
2023-03-29 21:19:13,375 [1abb1f07-e430-4123-bdc4-d890b91ae57d@group-6CDAE7BF2089-LeaderElection46] INFO  impl.LeaderElection (LeaderElection.java:askForVotes(312)) - 1abb1f07-e430-4123-bdc4-d890b91ae57d@group-6CDAE7BF2089-LeaderElection46 PRE_VOTE round 0: submit vote requests at term 0 for -1: peers:[1abb1f07-e430-4123-bdc4-d890b91ae57d|rpc:10.1.0.17:46059|dataStream:10.1.0.17:45191|priority:0|startupRole:FOLLOWER, 9f5ac200-d2f7-413f-8590-e4ff1008cbf0|rpc:10.1.0.17:40263|dataStream:10.1.0.17:34153|priority:1|startupRole:FOLLOWER, 10c8465d-f338-41bc-bb05-aaed11bcc7c4|rpc:10.1.0.17:37199|dataStream:10.1.0.17:42937|priority:0|startupRole:FOLLOWER]|listeners:[], old=null
2023-03-29 21:19:13,375 [1abb1f07-e430-4123-bdc4-d890b91ae57d@group-6CDAE7BF2089-LeaderElection46] INFO  server.RaftServerConfigKeys (ConfUtils.java:logFallback(53)) - raft.server.rpc.first-election.timeout.min = 5s (fallback to raft.server.rpc.timeout.min)
2023-03-29 21:19:13,375 [1abb1f07-e430-4123-bdc4-d890b91ae57d@group-6CDAE7BF2089-LeaderElection46-1] INFO  server.GrpcServerProtocolClient (GrpcServerProtocolClient.java:<init>(63)) - Build channel for 9f5ac200-d2f7-413f-8590-e4ff1008cbf0
2023-03-29 21:19:13,375 [1abb1f07-e430-4123-bdc4-d890b91ae57d@group-6CDAE7BF2089-LeaderElection46] INFO  server.RaftServerConfigKeys (ConfUtils.java:logFallback(53)) - raft.server.rpc.first-election.timeout.max = 5200ms (fallback to raft.server.rpc.timeout.max)
2023-03-29 21:19:13,375 [1abb1f07-e430-4123-bdc4-d890b91ae57d@group-6CDAE7BF2089-LeaderElection46-2] INFO  server.GrpcServerProtocolClient (GrpcServerProtocolClient.java:<init>(63)) - Build channel for 10c8465d-f338-41bc-bb05-aaed11bcc7c4
2023-03-29 21:19:13,376 [1abb1f07-e430-4123-bdc4-d890b91ae57d@group-871F59F78747-FollowerState] INFO  impl.FollowerState (FollowerState.java:run(143)) - 1abb1f07-e430-4123-bdc4-d890b91ae57d@group-871F59F78747-FollowerState: change to CANDIDATE, lastRpcElapsedTime:5094992748ns, electionTimeout:5094ms
2023-03-29 21:19:13,376 [1abb1f07-e430-4123-bdc4-d890b91ae57d@group-871F59F78747-FollowerState] INFO  impl.RoleInfo (RoleInfo.java:shutdownFollowerState(110)) - 1abb1f07-e430-4123-bdc4-d890b91ae57d: shutdown 1abb1f07-e430-4123-bdc4-d890b91ae57d@group-871F59F78747-FollowerState
2023-03-29 21:19:13,376 [1abb1f07-e430-4123-bdc4-d890b91ae57d@group-871F59F78747-FollowerState] INFO  server.RaftServer$Division (RaftServerImpl.java:setRole(321)) - 1abb1f07-e430-4123-bdc4-d890b91ae57d@group-871F59F78747: changes role from  FOLLOWER to CANDIDATE at term 0 for changeToCandidate
2023-03-29 21:19:13,376 [1abb1f07-e430-4123-bdc4-d890b91ae57d@group-871F59F78747-FollowerState] INFO  server.RaftServerConfigKeys (ConfUtils.java:logGet(46)) - raft.server.leaderelection.pre-vote = true (default)
2023-03-29 21:19:13,376 [1abb1f07-e430-4123-bdc4-d890b91ae57d@group-871F59F78747-FollowerState] INFO  impl.RoleInfo (RoleInfo.java:updateAndGet(139)) - 1abb1f07-e430-4123-bdc4-d890b91ae57d: start 1abb1f07-e430-4123-bdc4-d890b91ae57d@group-871F59F78747-LeaderElection47
2023-03-29 21:19:13,383 [grpc-default-executor-0] INFO  server.RaftServer$Division (RaftServerImpl.java:requestVote(1218)) - 9f5ac200-d2f7-413f-8590-e4ff1008cbf0@group-6CDAE7BF2089: receive requestVote(PRE_VOTE, 1abb1f07-e430-4123-bdc4-d890b91ae57d, group-6CDAE7BF2089, 0, (t:0, i:0))
2023-03-29 21:19:13,383 [grpc-default-executor-0] INFO  impl.VoteContext (VoteContext.java:log(49)) - 9f5ac200-d2f7-413f-8590-e4ff1008cbf0@group-6CDAE7BF2089-FOLLOWER: reject PRE_VOTE from 1abb1f07-e430-4123-bdc4-d890b91ae57d: our priority 1 > candidate's priority 0
2023-03-29 21:19:13,383 [grpc-default-executor-0] INFO  server.RaftServer$Division (RaftServerImpl.java:requestVote(1251)) - 9f5ac200-d2f7-413f-8590-e4ff1008cbf0@group-6CDAE7BF2089 replies to PRE_VOTE vote request: 1abb1f07-e430-4123-bdc4-d890b91ae57d<-9f5ac200-d2f7-413f-8590-e4ff1008cbf0#0:FAIL-t0. Peer's state: 9f5ac200-d2f7-413f-8590-e4ff1008cbf0@group-6CDAE7BF2089:t0, leader=null, voted=, raftlog=Memoized:9f5ac200-d2f7-413f-8590-e4ff1008cbf0@group-6CDAE7BF2089-SegmentedRaftLog:OPENED:c-1, conf=-1: peers:[1abb1f07-e430-4123-bdc4-d890b91ae57d|rpc:10.1.0.17:46059|dataStream:10.1.0.17:45191|priority:0|startupRole:FOLLOWER, 9f5ac200-d2f7-413f-8590-e4ff1008cbf0|rpc:10.1.0.17:40263|dataStream:10.1.0.17:34153|priority:1|startupRole:FOLLOWER, 10c8465d-f338-41bc-bb05-aaed11bcc7c4|rpc:10.1.0.17:37199|dataStream:10.1.0.17:42937|priority:0|startupRole:FOLLOWER]|listeners:[], old=null
2023-03-29 21:19:13,385 [1abb1f07-e430-4123-bdc4-d890b91ae57d@group-871F59F78747-LeaderElection47] INFO  impl.LeaderElection (LeaderElection.java:askForVotes(312)) - 1abb1f07-e430-4123-bdc4-d890b91ae57d@group-871F59F78747-LeaderElection47 PRE_VOTE round 0: submit vote requests at term 0 for -1: peers:[1abb1f07-e430-4123-bdc4-d890b91ae57d|rpc:10.1.0.17:46059|dataStream:10.1.0.17:45191|priority:0|startupRole:FOLLOWER, 9f5ac200-d2f7-413f-8590-e4ff1008cbf0|rpc:10.1.0.17:40263|dataStream:10.1.0.17:34153|priority:0|startupRole:FOLLOWER, 10c8465d-f338-41bc-bb05-aaed11bcc7c4|rpc:10.1.0.17:37199|dataStream:10.1.0.17:42937|priority:1|startupRole:FOLLOWER]|listeners:[], old=null
2023-03-29 21:19:13,385 [grpc-default-executor-0] INFO  server.RaftServer$Division (RaftServerImpl.java:requestVote(1218)) - 10c8465d-f338-41bc-bb05-aaed11bcc7c4@group-6CDAE7BF2089: receive requestVote(PRE_VOTE, 1abb1f07-e430-4123-bdc4-d890b91ae57d, group-6CDAE7BF2089, 0, (t:0, i:0))
2023-03-29 21:19:13,385 [grpc-default-executor-0] INFO  impl.VoteContext (VoteContext.java:log(49)) - 10c8465d-f338-41bc-bb05-aaed11bcc7c4@group-6CDAE7BF2089-FOLLOWER: accept PRE_VOTE from 1abb1f07-e430-4123-bdc4-d890b91ae57d: our priority 0 <= candidate's priority 0
2023-03-29 21:19:13,385 [grpc-default-executor-0] INFO  server.RaftServer$Division (RaftServerImpl.java:requestVote(1251)) - 10c8465d-f338-41bc-bb05-aaed11bcc7c4@group-6CDAE7BF2089 replies to PRE_VOTE vote request: 1abb1f07-e430-4123-bdc4-d890b91ae57d<-10c8465d-f338-41bc-bb05-aaed11bcc7c4#0:OK-t0. Peer's state: 10c8465d-f338-41bc-bb05-aaed11bcc7c4@group-6CDAE7BF2089:t0, leader=null, voted=, raftlog=Memoized:10c8465d-f338-41bc-bb05-aaed11bcc7c4@group-6CDAE7BF2089-SegmentedRaftLog:OPENED:c-1, conf=-1: peers:[1abb1f07-e430-4123-bdc4-d890b91ae57d|rpc:10.1.0.17:46059|dataStream:10.1.0.17:45191|priority:0|startupRole:FOLLOWER, 9f5ac200-d2f7-413f-8590-e4ff1008cbf0|rpc:10.1.0.17:40263|dataStream:10.1.0.17:34153|priority:1|startupRole:FOLLOWER, 10c8465d-f338-41bc-bb05-aaed11bcc7c4|rpc:10.1.0.17:37199|dataStream:10.1.0.17:42937|priority:0|startupRole:FOLLOWER]|listeners:[], old=null
2023-03-29 21:19:13,386 [1abb1f07-e430-4123-bdc4-d890b91ae57d@group-871F59F78747-LeaderElection47] INFO  server.RaftServerConfigKeys (ConfUtils.java:logFallback(53)) - raft.server.rpc.first-election.timeout.min = 5s (fallback to raft.server.rpc.timeout.min)
2023-03-29 21:19:13,386 [1abb1f07-e430-4123-bdc4-d890b91ae57d@group-871F59F78747-LeaderElection47] INFO  server.RaftServerConfigKeys (ConfUtils.java:logFallback(53)) - raft.server.rpc.first-election.timeout.max = 5200ms (fallback to raft.server.rpc.timeout.max)
2023-03-29 21:19:13,387 [grpc-default-executor-1] INFO  server.RaftServer$Division (RaftServerImpl.java:requestVote(1218)) - 10c8465d-f338-41bc-bb05-aaed11bcc7c4@group-871F59F78747: receive requestVote(PRE_VOTE, 1abb1f07-e430-4123-bdc4-d890b91ae57d, group-871F59F78747, 0, (t:0, i:0))
2023-03-29 21:19:13,388 [grpc-default-executor-1] INFO  impl.VoteContext (VoteContext.java:log(49)) - 10c8465d-f338-41bc-bb05-aaed11bcc7c4@group-871F59F78747-FOLLOWER: reject PRE_VOTE from 1abb1f07-e430-4123-bdc4-d890b91ae57d: our priority 1 > candidate's priority 0
2023-03-29 21:19:13,388 [grpc-default-executor-1] INFO  server.RaftServer$Division (RaftServerImpl.java:requestVote(1251)) - 10c8465d-f338-41bc-bb05-aaed11bcc7c4@group-871F59F78747 replies to PRE_VOTE vote request: 1abb1f07-e430-4123-bdc4-d890b91ae57d<-10c8465d-f338-41bc-bb05-aaed11bcc7c4#0:FAIL-t0. Peer's state: 10c8465d-f338-41bc-bb05-aaed11bcc7c4@group-871F59F78747:t0, leader=null, voted=, raftlog=Memoized:10c8465d-f338-41bc-bb05-aaed11bcc7c4@group-871F59F78747-SegmentedRaftLog:OPENED:c-1, conf=-1: peers:[1abb1f07-e430-4123-bdc4-d890b91ae57d|rpc:10.1.0.17:46059|dataStream:10.1.0.17:45191|priority:0|startupRole:FOLLOWER, 9f5ac200-d2f7-413f-8590-e4ff1008cbf0|rpc:10.1.0.17:40263|dataStream:10.1.0.17:34153|priority:0|startupRole:FOLLOWER, 10c8465d-f338-41bc-bb05-aaed11bcc7c4|rpc:10.1.0.17:37199|dataStream:10.1.0.17:42937|priority:1|startupRole:FOLLOWER]|listeners:[], old=null
2023-03-29 21:19:13,390 [10c8465d-f338-41bc-bb05-aaed11bcc7c4@group-871F59F78747-FollowerState] INFO  impl.FollowerState (FollowerState.java:run(143)) - 10c8465d-f338-41bc-bb05-aaed11bcc7c4@group-871F59F78747-FollowerState: change to CANDIDATE, lastRpcElapsedTime:5077930655ns, electionTimeout:5075ms
2023-03-29 21:19:13,390 [1abb1f07-e430-4123-bdc4-d890b91ae57d@group-871F59F78747-LeaderElection47] INFO  impl.LeaderElection (LeaderElection.java:logAndReturn(90)) - 1abb1f07-e430-4123-bdc4-d890b91ae57d@group-871F59F78747-LeaderElection47: PRE_VOTE REJECTED received 1 response(s) and 0 exception(s):
2023-03-29 21:19:13,390 [10c8465d-f338-41bc-bb05-aaed11bcc7c4@group-871F59F78747-FollowerState] INFO  impl.RoleInfo (RoleInfo.java:shutdownFollowerState(110)) - 10c8465d-f338-41bc-bb05-aaed11bcc7c4: shutdown 10c8465d-f338-41bc-bb05-aaed11bcc7c4@group-871F59F78747-FollowerState
2023-03-29 21:19:13,390 [1abb1f07-e430-4123-bdc4-d890b91ae57d@group-871F59F78747-LeaderElection47] INFO  impl.LeaderElection (LeaderElection.java:logAndReturn(94)) -   Response 0: 1abb1f07-e430-4123-bdc4-d890b91ae57d<-10c8465d-f338-41bc-bb05-aaed11bcc7c4#0:FAIL-t0
2023-03-29 21:19:13,390 [9f5ac200-d2f7-413f-8590-e4ff1008cbf0@group-871F59F78747-FollowerState] INFO  impl.FollowerState (FollowerState.java:run(143)) - 9f5ac200-d2f7-413f-8590-e4ff1008cbf0@group-871F59F78747-FollowerState: change to CANDIDATE, lastRpcElapsedTime:5040958109ns, electionTimeout:5040ms
2023-03-29 21:19:13,390 [1abb1f07-e430-4123-bdc4-d890b91ae57d@group-871F59F78747-LeaderElection47] INFO  impl.LeaderElection (LeaderElection.java:askForVotes(314)) - 1abb1f07-e430-4123-bdc4-d890b91ae57d@group-871F59F78747-LeaderElection47 PRE_VOTE round 0: result REJECTED
2023-03-29 21:19:13,390 [9f5ac200-d2f7-413f-8590-e4ff1008cbf0@group-871F59F78747-FollowerState] INFO  impl.RoleInfo (RoleInfo.java:shutdownFollowerState(110)) - 9f5ac200-d2f7-413f-8590-e4ff1008cbf0: shutdown 9f5ac200-d2f7-413f-8590-e4ff1008cbf0@group-871F59F78747-FollowerState
2023-03-29 21:19:13,390 [1abb1f07-e430-4123-bdc4-d890b91ae57d@group-871F59F78747-LeaderElection47] INFO  server.RaftServer$Division (RaftServerImpl.java:setRole(321)) - 1abb1f07-e430-4123-bdc4-d890b91ae57d@group-871F59F78747: changes role from CANDIDATE to FOLLOWER at term 0 for REJECTED
2023-03-29 21:19:13,390 [1abb1f07-e430-4123-bdc4-d890b91ae57d@group-871F59F78747-LeaderElection47] INFO  impl.RoleInfo (RoleInfo.java:shutdownLeaderElection(130)) - 1abb1f07-e430-4123-bdc4-d890b91ae57d: shutdown 1abb1f07-e430-4123-bdc4-d890b91ae57d@group-871F59F78747-LeaderElection47
2023-03-29 21:19:13,390 [1abb1f07-e430-4123-bdc4-d890b91ae57d@group-6CDAE7BF2089-LeaderElection46] INFO  impl.LeaderElection (LeaderElection.java:logAndReturn(90)) - 1abb1f07-e430-4123-bdc4-d890b91ae57d@group-6CDAE7BF2089-LeaderElection46: PRE_VOTE REJECTED received 2 response(s) and 0 exception(s):
2023-03-29 21:19:13,390 [10c8465d-f338-41bc-bb05-aaed11bcc7c4@group-871F59F78747-FollowerState] INFO  server.RaftServer$Division (RaftServerImpl.java:setRole(321)) - 10c8465d-f338-41bc-bb05-aaed11bcc7c4@group-871F59F78747: changes role from  FOLLOWER to CANDIDATE at term 0 for changeToCandidate
2023-03-29 21:19:13,390 [10c8465d-f338-41bc-bb05-aaed11bcc7c4@group-871F59F78747-FollowerState] INFO  server.RaftServerConfigKeys (ConfUtils.java:logGet(46)) - raft.server.leaderelection.pre-vote = true (default)
2023-03-29 21:19:13,390 [10c8465d-f338-41bc-bb05-aaed11bcc7c4@group-871F59F78747-FollowerState] INFO  impl.RoleInfo (RoleInfo.java:updateAndGet(139)) - 10c8465d-f338-41bc-bb05-aaed11bcc7c4: start 10c8465d-f338-41bc-bb05-aaed11bcc7c4@group-871F59F78747-LeaderElection48
2023-03-29 21:19:13,390 [1abb1f07-e430-4123-bdc4-d890b91ae57d@group-6CDAE7BF2089-LeaderElection46] INFO  impl.LeaderElection (LeaderElection.java:logAndReturn(94)) -   Response 0: 1abb1f07-e430-4123-bdc4-d890b91ae57d<-9f5ac200-d2f7-413f-8590-e4ff1008cbf0#0:FAIL-t0
2023-03-29 21:19:13,390 [1abb1f07-e430-4123-bdc4-d890b91ae57d@group-6CDAE7BF2089-LeaderElection46] INFO  impl.LeaderElection (LeaderElection.java:logAndReturn(94)) -   Response 1: 1abb1f07-e430-4123-bdc4-d890b91ae57d<-10c8465d-f338-41bc-bb05-aaed11bcc7c4#0:OK-t0
2023-03-29 21:19:13,390 [1abb1f07-e430-4123-bdc4-d890b91ae57d@group-871F59F78747-LeaderElection47] INFO  impl.RoleInfo (RoleInfo.java:updateAndGet(139)) - 1abb1f07-e430-4123-bdc4-d890b91ae57d: start 1abb1f07-e430-4123-bdc4-d890b91ae57d@group-871F59F78747-FollowerState
2023-03-29 21:19:13,390 [9f5ac200-d2f7-413f-8590-e4ff1008cbf0@group-871F59F78747-FollowerState] INFO  server.RaftServer$Division (RaftServerImpl.java:setRole(321)) - 9f5ac200-d2f7-413f-8590-e4ff1008cbf0@group-871F59F78747: changes role from  FOLLOWER to CANDIDATE at term 0 for changeToCandidate
2023-03-29 21:19:13,391 [grpc-default-executor-1] INFO  server.RaftServer$Division (RaftServerImpl.java:requestVote(1218)) - 9f5ac200-d2f7-413f-8590-e4ff1008cbf0@group-871F59F78747: receive requestVote(PRE_VOTE, 1abb1f07-e430-4123-bdc4-d890b91ae57d, group-871F59F78747, 0, (t:0, i:0))
2023-03-29 21:19:13,392 [9f5ac200-d2f7-413f-8590-e4ff1008cbf0@group-871F59F78747-FollowerState] INFO  server.RaftServerConfigKeys (ConfUtils.java:logGet(46)) - raft.server.leaderelection.pre-vote = true (default)
2023-03-29 21:19:13,392 [9f5ac200-d2f7-413f-8590-e4ff1008cbf0@group-871F59F78747-FollowerState] INFO  impl.RoleInfo (RoleInfo.java:updateAndGet(139)) - 9f5ac200-d2f7-413f-8590-e4ff1008cbf0: start 9f5ac200-d2f7-413f-8590-e4ff1008cbf0@group-871F59F78747-LeaderElection49
2023-03-29 21:19:13,392 [grpc-default-executor-1] INFO  impl.VoteContext (VoteContext.java:log(49)) - 9f5ac200-d2f7-413f-8590-e4ff1008cbf0@group-871F59F78747-CANDIDATE: accept PRE_VOTE from 1abb1f07-e430-4123-bdc4-d890b91ae57d: our priority 0 <= candidate's priority 0
2023-03-29 21:19:13,392 [grpc-default-executor-1] INFO  server.RaftServer$Division (RaftServerImpl.java:requestVote(1251)) - 9f5ac200-d2f7-413f-8590-e4ff1008cbf0@group-871F59F78747 replies to PRE_VOTE vote request: 1abb1f07-e430-4123-bdc4-d890b91ae57d<-9f5ac200-d2f7-413f-8590-e4ff1008cbf0#0:OK-t0. Peer's state: 9f5ac200-d2f7-413f-8590-e4ff1008cbf0@group-871F59F78747:t0, leader=null, voted=, raftlog=Memoized:9f5ac200-d2f7-413f-8590-e4ff1008cbf0@group-871F59F78747-SegmentedRaftLog:OPENED:c-1, conf=-1: peers:[1abb1f07-e430-4123-bdc4-d890b91ae57d|rpc:10.1.0.17:46059|dataStream:10.1.0.17:45191|priority:0|startupRole:FOLLOWER, 9f5ac200-d2f7-413f-8590-e4ff1008cbf0|rpc:10.1.0.17:40263|dataStream:10.1.0.17:34153|priority:0|startupRole:FOLLOWER, 10c8465d-f338-41bc-bb05-aaed11bcc7c4|rpc:10.1.0.17:37199|dataStream:10.1.0.17:42937|priority:1|startupRole:FOLLOWER]|listeners:[], old=null
2023-03-29 21:19:13,392 [9f5ac200-d2f7-413f-8590-e4ff1008cbf0@group-871F59F78747-LeaderElection49] INFO  impl.LeaderElection (LeaderElection.java:askForVotes(312)) - 9f5ac200-d2f7-413f-8590-e4ff1008cbf0@group-871F59F78747-LeaderElection49 PRE_VOTE round 0: submit vote requests at term 0 for -1: peers:[1abb1f07-e430-4123-bdc4-d890b91ae57d|rpc:10.1.0.17:46059|dataStream:10.1.0.17:45191|priority:0|startupRole:FOLLOWER, 9f5ac200-d2f7-413f-8590-e4ff1008cbf0|rpc:10.1.0.17:40263|dataStream:10.1.0.17:34153|priority:0|startupRole:FOLLOWER, 10c8465d-f338-41bc-bb05-aaed11bcc7c4|rpc:10.1.0.17:37199|dataStream:10.1.0.17:42937|priority:1|startupRole:FOLLOWER]|listeners:[], old=null
2023-03-29 21:19:13,392 [9f5ac200-d2f7-413f-8590-e4ff1008cbf0@group-871F59F78747-LeaderElection49-1] INFO  server.GrpcServerProtocolClient (GrpcServerProtocolClient.java:<init>(63)) - Build channel for 1abb1f07-e430-4123-bdc4-d890b91ae57d
2023-03-29 21:19:13,393 [9f5ac200-d2f7-413f-8590-e4ff1008cbf0@group-871F59F78747-LeaderElection49] INFO  server.RaftServerConfigKeys (ConfUtils.java:logFallback(53)) - raft.server.rpc.first-election.timeout.min = 5s (fallback to raft.server.rpc.timeout.min)
2023-03-29 21:19:13,393 [9f5ac200-d2f7-413f-8590-e4ff1008cbf0@group-871F59F78747-LeaderElection49] INFO  server.RaftServerConfigKeys (ConfUtils.java:logFallback(53)) - raft.server.rpc.first-election.timeout.max = 5200ms (fallback to raft.server.rpc.timeout.max)
2023-03-29 21:19:13,393 [9f5ac200-d2f7-413f-8590-e4ff1008cbf0@group-871F59F78747-LeaderElection49-2] INFO  server.GrpcServerProtocolClient (GrpcServerProtocolClient.java:<init>(63)) - Build channel for 10c8465d-f338-41bc-bb05-aaed11bcc7c4
2023-03-29 21:19:13,396 [1abb1f07-e430-4123-bdc4-d890b91ae57d@group-6CDAE7BF2089-LeaderElection46] INFO  impl.LeaderElection (LeaderElection.java:askForVotes(314)) - 1abb1f07-e430-4123-bdc4-d890b91ae57d@group-6CDAE7BF2089-LeaderElection46 PRE_VOTE round 0: result REJECTED
2023-03-29 21:19:13,396 [1abb1f07-e430-4123-bdc4-d890b91ae57d@group-6CDAE7BF2089-LeaderElection46] INFO  server.RaftServer$Division (RaftServerImpl.java:setRole(321)) - 1abb1f07-e430-4123-bdc4-d890b91ae57d@group-6CDAE7BF2089: changes role from CANDIDATE to FOLLOWER at term 0 for REJECTED
2023-03-29 21:19:13,396 [1abb1f07-e430-4123-bdc4-d890b91ae57d@group-6CDAE7BF2089-LeaderElection46] INFO  impl.RoleInfo (RoleInfo.java:shutdownLeaderElection(130)) - 1abb1f07-e430-4123-bdc4-d890b91ae57d: shutdown 1abb1f07-e430-4123-bdc4-d890b91ae57d@group-6CDAE7BF2089-LeaderElection46
2023-03-29 21:19:13,396 [1abb1f07-e430-4123-bdc4-d890b91ae57d@group-6CDAE7BF2089-LeaderElection46] INFO  impl.RoleInfo (RoleInfo.java:updateAndGet(139)) - 1abb1f07-e430-4123-bdc4-d890b91ae57d: start 1abb1f07-e430-4123-bdc4-d890b91ae57d@group-6CDAE7BF2089-FollowerState
2023-03-29 21:19:13,396 [1abb1f07-e430-4123-bdc4-d890b91ae57d@group-6CDAE7BF2089-FollowerState] INFO  server.RaftServerConfigKeys (ConfUtils.java:logFallback(53)) - raft.server.rpc.first-election.timeout.min = 5s (fallback to raft.server.rpc.timeout.min)
2023-03-29 21:19:13,396 [1abb1f07-e430-4123-bdc4-d890b91ae57d@group-6CDAE7BF2089-FollowerState] INFO  server.RaftServerConfigKeys (ConfUtils.java:logFallback(53)) - raft.server.rpc.first-election.timeout.max = 5200ms (fallback to raft.server.rpc.timeout.max)
2023-03-29 21:19:13,397 [1abb1f07-e430-4123-bdc4-d890b91ae57d@group-871F59F78747-FollowerState] INFO  server.RaftServerConfigKeys (ConfUtils.java:logFallback(53)) - raft.server.rpc.first-election.timeout.min = 5s (fallback to raft.server.rpc.timeout.min)
2023-03-29 21:19:13,397 [1abb1f07-e430-4123-bdc4-d890b91ae57d@group-871F59F78747-FollowerState] INFO  server.RaftServerConfigKeys (ConfUtils.java:logFallback(53)) - raft.server.rpc.first-election.timeout.max = 5200ms (fallback to raft.server.rpc.timeout.max)
2023-03-29 21:19:13,399 [10c8465d-f338-41bc-bb05-aaed11bcc7c4@group-871F59F78747-LeaderElection48] INFO  impl.LeaderElection (LeaderElection.java:askForVotes(312)) - 10c8465d-f338-41bc-bb05-aaed11bcc7c4@group-871F59F78747-LeaderElection48 PRE_VOTE round 0: submit vote requests at term 0 for -1: peers:[1abb1f07-e430-4123-bdc4-d890b91ae57d|rpc:10.1.0.17:46059|dataStream:10.1.0.17:45191|priority:0|startupRole:FOLLOWER, 9f5ac200-d2f7-413f-8590-e4ff1008cbf0|rpc:10.1.0.17:40263|dataStream:10.1.0.17:34153|priority:0|startupRole:FOLLOWER, 10c8465d-f338-41bc-bb05-aaed11bcc7c4|rpc:10.1.0.17:37199|dataStream:10.1.0.17:42937|priority:1|startupRole:FOLLOWER]|listeners:[], old=null
2023-03-29 21:19:13,403 [grpc-default-executor-1] INFO  server.RaftServer$Division (RaftServerImpl.java:requestVote(1218)) - 1abb1f07-e430-4123-bdc4-d890b91ae57d@group-871F59F78747: receive requestVote(PRE_VOTE, 9f5ac200-d2f7-413f-8590-e4ff1008cbf0, group-871F59F78747, 0, (t:0, i:0))
2023-03-29 21:19:13,403 [grpc-default-executor-1] INFO  impl.VoteContext (VoteContext.java:log(49)) - 1abb1f07-e430-4123-bdc4-d890b91ae57d@group-871F59F78747-FOLLOWER: accept PRE_VOTE from 9f5ac200-d2f7-413f-8590-e4ff1008cbf0: our priority 0 <= candidate's priority 0
2023-03-29 21:19:13,403 [grpc-default-executor-1] INFO  server.RaftServer$Division (RaftServerImpl.java:requestVote(1251)) - 1abb1f07-e430-4123-bdc4-d890b91ae57d@group-871F59F78747 replies to PRE_VOTE vote request: 9f5ac200-d2f7-413f-8590-e4ff1008cbf0<-1abb1f07-e430-4123-bdc4-d890b91ae57d#0:OK-t0. Peer's state: 1abb1f07-e430-4123-bdc4-d890b91ae57d@group-871F59F78747:t0, leader=null, voted=, raftlog=Memoized:1abb1f07-e430-4123-bdc4-d890b91ae57d@group-871F59F78747-SegmentedRaftLog:OPENED:c-1, conf=-1: peers:[1abb1f07-e430-4123-bdc4-d890b91ae57d|rpc:10.1.0.17:46059|dataStream:10.1.0.17:45191|priority:0|startupRole:FOLLOWER, 9f5ac200-d2f7-413f-8590-e4ff1008cbf0|rpc:10.1.0.17:40263|dataStream:10.1.0.17:34153|priority:0|startupRole:FOLLOWER, 10c8465d-f338-41bc-bb05-aaed11bcc7c4|rpc:10.1.0.17:37199|dataStream:10.1.0.17:42937|priority:1|startupRole:FOLLOWER]|listeners:[], old=null
2023-03-29 21:19:13,404 [grpc-default-executor-1] INFO  server.RaftServer$Division (RaftServerImpl.java:requestVote(1218)) - 10c8465d-f338-41bc-bb05-aaed11bcc7c4@group-871F59F78747: receive requestVote(PRE_VOTE, 9f5ac200-d2f7-413f-8590-e4ff1008cbf0, group-871F59F78747, 0, (t:0, i:0))
2023-03-29 21:19:13,404 [grpc-default-executor-1] INFO  impl.VoteContext (VoteContext.java:log(49)) - 10c8465d-f338-41bc-bb05-aaed11bcc7c4@group-871F59F78747-CANDIDATE: reject PRE_VOTE from 9f5ac200-d2f7-413f-8590-e4ff1008cbf0: our priority 1 > candidate's priority 0
2023-03-29 21:19:13,404 [grpc-default-executor-1] INFO  server.RaftServer$Division (RaftServerImpl.java:requestVote(1251)) - 10c8465d-f338-41bc-bb05-aaed11bcc7c4@group-871F59F78747 replies to PRE_VOTE vote request: 9f5ac200-d2f7-413f-8590-e4ff1008cbf0<-10c8465d-f338-41bc-bb05-aaed11bcc7c4#0:FAIL-t0. Peer's state: 10c8465d-f338-41bc-bb05-aaed11bcc7c4@group-871F59F78747:t0, leader=null, voted=, raftlog=Memoized:10c8465d-f338-41bc-bb05-aaed11bcc7c4@group-871F59F78747-SegmentedRaftLog:OPENED:c-1, conf=-1: peers:[1abb1f07-e430-4123-bdc4-d890b91ae57d|rpc:10.1.0.17:46059|dataStream:10.1.0.17:45191|priority:0|startupRole:FOLLOWER, 9f5ac200-d2f7-413f-8590-e4ff1008cbf0|rpc:10.1.0.17:40263|dataStream:10.1.0.17:34153|priority:0|startupRole:FOLLOWER, 10c8465d-f338-41bc-bb05-aaed11bcc7c4|rpc:10.1.0.17:37199|dataStream:10.1.0.17:42937|priority:1|startupRole:FOLLOWER]|listeners:[], old=null
2023-03-29 21:19:13,409 [10c8465d-f338-41bc-bb05-aaed11bcc7c4@group-871F59F78747-LeaderElection48] INFO  server.RaftServerConfigKeys (ConfUtils.java:logFallback(53)) - raft.server.rpc.first-election.timeout.min = 5s (fallback to raft.server.rpc.timeout.min)
2023-03-29 21:19:13,409 [10c8465d-f338-41bc-bb05-aaed11bcc7c4@group-871F59F78747-LeaderElection48] INFO  server.RaftServerConfigKeys (ConfUtils.java:logFallback(53)) - raft.server.rpc.first-election.timeout.max = 5200ms (fallback to raft.server.rpc.timeout.max)
2023-03-29 21:19:13,409 [9f5ac200-d2f7-413f-8590-e4ff1008cbf0@group-871F59F78747-LeaderElection49] INFO  impl.LeaderElection (LeaderElection.java:logAndReturn(90)) - 9f5ac200-d2f7-413f-8590-e4ff1008cbf0@group-871F59F78747-LeaderElection49: PRE_VOTE REJECTED received 1 response(s) and 0 exception(s):
2023-03-29 21:19:13,409 [9f5ac200-d2f7-413f-8590-e4ff1008cbf0@group-871F59F78747-LeaderElection49] INFO  impl.LeaderElection (LeaderElection.java:logAndReturn(94)) -   Response 0: 9f5ac200-d2f7-413f-8590-e4ff1008cbf0<-10c8465d-f338-41bc-bb05-aaed11bcc7c4#0:FAIL-t0
2023-03-29 21:19:13,409 [9f5ac200-d2f7-413f-8590-e4ff1008cbf0@group-871F59F78747-LeaderElection49] INFO  impl.LeaderElection (LeaderElection.java:askForVotes(314)) - 9f5ac200-d2f7-413f-8590-e4ff1008cbf0@group-871F59F78747-LeaderElection49 PRE_VOTE round 0: result REJECTED
2023-03-29 21:19:13,409 [10c8465d-f338-41bc-bb05-aaed11bcc7c4@group-871F59F78747-LeaderElection48-2] INFO  server.GrpcServerProtocolClient (GrpcServerProtocolClient.java:<init>(63)) - Build channel for 9f5ac200-d2f7-413f-8590-e4ff1008cbf0
2023-03-29 21:19:13,409 [9f5ac200-d2f7-413f-8590-e4ff1008cbf0@group-871F59F78747-LeaderElection49] INFO  server.RaftServer$Division (RaftServerImpl.java:setRole(321)) - 9f5ac200-d2f7-413f-8590-e4ff1008cbf0@group-871F59F78747: changes role from CANDIDATE to FOLLOWER at term 0 for REJECTED
2023-03-29 21:19:13,409 [9f5ac200-d2f7-413f-8590-e4ff1008cbf0@group-871F59F78747-LeaderElection49] INFO  impl.RoleInfo (RoleInfo.java:shutdownLeaderElection(130)) - 9f5ac200-d2f7-413f-8590-e4ff1008cbf0: shutdown 9f5ac200-d2f7-413f-8590-e4ff1008cbf0@group-871F59F78747-LeaderElection49
2023-03-29 21:19:13,409 [9f5ac200-d2f7-413f-8590-e4ff1008cbf0@group-871F59F78747-LeaderElection49] INFO  impl.RoleInfo (RoleInfo.java:updateAndGet(139)) - 9f5ac200-d2f7-413f-8590-e4ff1008cbf0: start 9f5ac200-d2f7-413f-8590-e4ff1008cbf0@group-871F59F78747-FollowerState
2023-03-29 21:19:13,409 [10c8465d-f338-41bc-bb05-aaed11bcc7c4@group-871F59F78747-LeaderElection48-1] INFO  server.GrpcServerProtocolClient (GrpcServerProtocolClient.java:<init>(63)) - Build channel for 1abb1f07-e430-4123-bdc4-d890b91ae57d
2023-03-29 21:19:13,412 [9f5ac200-d2f7-413f-8590-e4ff1008cbf0@group-871F59F78747-FollowerState] INFO  server.RaftServerConfigKeys (ConfUtils.java:logFallback(53)) - raft.server.rpc.first-election.timeout.min = 5s (fallback to raft.server.rpc.timeout.min)
2023-03-29 21:19:13,412 [9f5ac200-d2f7-413f-8590-e4ff1008cbf0@group-871F59F78747-FollowerState] INFO  server.RaftServerConfigKeys (ConfUtils.java:logFallback(53)) - raft.server.rpc.first-election.timeout.max = 5200ms (fallback to raft.server.rpc.timeout.max)
2023-03-29 21:19:13,414 [grpc-default-executor-1] INFO  server.RaftServer$Division (RaftServerImpl.java:requestVote(1218)) - 9f5ac200-d2f7-413f-8590-e4ff1008cbf0@group-871F59F78747: receive requestVote(PRE_VOTE, 10c8465d-f338-41bc-bb05-aaed11bcc7c4, group-871F59F78747, 0, (t:0, i:0))
2023-03-29 21:19:13,414 [grpc-default-executor-1] INFO  impl.VoteContext (VoteContext.java:log(49)) - 9f5ac200-d2f7-413f-8590-e4ff1008cbf0@group-871F59F78747-FOLLOWER: accept PRE_VOTE from 10c8465d-f338-41bc-bb05-aaed11bcc7c4: our priority 0 <= candidate's priority 1
2023-03-29 21:19:13,414 [grpc-default-executor-1] INFO  server.RaftServer$Division (RaftServerImpl.java:requestVote(1251)) - 9f5ac200-d2f7-413f-8590-e4ff1008cbf0@group-871F59F78747 replies to PRE_VOTE vote request: 10c8465d-f338-41bc-bb05-aaed11bcc7c4<-9f5ac200-d2f7-413f-8590-e4ff1008cbf0#0:OK-t0. Peer's state: 9f5ac200-d2f7-413f-8590-e4ff1008cbf0@group-871F59F78747:t0, leader=null, voted=, raftlog=Memoized:9f5ac200-d2f7-413f-8590-e4ff1008cbf0@group-871F59F78747-SegmentedRaftLog:OPENED:c-1, conf=-1: peers:[1abb1f07-e430-4123-bdc4-d890b91ae57d|rpc:10.1.0.17:46059|dataStream:10.1.0.17:45191|priority:0|startupRole:FOLLOWER, 9f5ac200-d2f7-413f-8590-e4ff1008cbf0|rpc:10.1.0.17:40263|dataStream:10.1.0.17:34153|priority:0|startupRole:FOLLOWER, 10c8465d-f338-41bc-bb05-aaed11bcc7c4|rpc:10.1.0.17:37199|dataStream:10.1.0.17:42937|priority:1|startupRole:FOLLOWER]|listeners:[], old=null
2023-03-29 21:19:13,417 [10c8465d-f338-41bc-bb05-aaed11bcc7c4@group-871F59F78747-LeaderElection48] INFO  impl.LeaderElection (LeaderElection.java:logAndReturn(90)) - 10c8465d-f338-41bc-bb05-aaed11bcc7c4@group-871F59F78747-LeaderElection48: PRE_VOTE PASSED received 1 response(s) and 0 exception(s):
2023-03-29 21:19:13,417 [10c8465d-f338-41bc-bb05-aaed11bcc7c4@group-871F59F78747-LeaderElection48] INFO  impl.LeaderElection (LeaderElection.java:logAndReturn(94)) -   Response 0: 10c8465d-f338-41bc-bb05-aaed11bcc7c4<-9f5ac200-d2f7-413f-8590-e4ff1008cbf0#0:OK-t0
2023-03-29 21:19:13,417 [10c8465d-f338-41bc-bb05-aaed11bcc7c4@group-871F59F78747-LeaderElection48] INFO  impl.LeaderElection (LeaderElection.java:askForVotes(314)) - 10c8465d-f338-41bc-bb05-aaed11bcc7c4@group-871F59F78747-LeaderElection48 PRE_VOTE round 0: result PASSED
2023-03-29 21:19:13,418 [10c8465d-f338-41bc-bb05-aaed11bcc7c4@group-871F59F78747-LeaderElection48] INFO  impl.LeaderElection (LeaderElection.java:askForVotes(312)) - 10c8465d-f338-41bc-bb05-aaed11bcc7c4@group-871F59F78747-LeaderElection48 ELECTION round 0: submit vote requests at term 1 for -1: peers:[1abb1f07-e430-4123-bdc4-d890b91ae57d|rpc:10.1.0.17:46059|dataStream:10.1.0.17:45191|priority:0|startupRole:FOLLOWER, 9f5ac200-d2f7-413f-8590-e4ff1008cbf0|rpc:10.1.0.17:40263|dataStream:10.1.0.17:34153|priority:0|startupRole:FOLLOWER, 10c8465d-f338-41bc-bb05-aaed11bcc7c4|rpc:10.1.0.17:37199|dataStream:10.1.0.17:42937|priority:1|startupRole:FOLLOWER]|listeners:[], old=null
2023-03-29 21:19:13,419 [grpc-default-executor-1] INFO  server.RaftServer$Division (RaftServerImpl.java:requestVote(1218)) - 1abb1f07-e430-4123-bdc4-d890b91ae57d@group-871F59F78747: receive requestVote(ELECTION, 10c8465d-f338-41bc-bb05-aaed11bcc7c4, group-871F59F78747, 1, (t:0, i:0))
2023-03-29 21:19:13,419 [grpc-default-executor-1] INFO  impl.VoteContext (VoteContext.java:log(49)) - 1abb1f07-e430-4123-bdc4-d890b91ae57d@group-871F59F78747-FOLLOWER: accept ELECTION from 10c8465d-f338-41bc-bb05-aaed11bcc7c4: our priority 0 <= candidate's priority 1
2023-03-29 21:19:13,419 [grpc-default-executor-1] INFO  server.RaftServer$Division (RaftServerImpl.java:setRole(321)) - 1abb1f07-e430-4123-bdc4-d890b91ae57d@group-871F59F78747: changes role from  FOLLOWER to FOLLOWER at term 1 for candidate:10c8465d-f338-41bc-bb05-aaed11bcc7c4
2023-03-29 21:19:13,419 [grpc-default-executor-1] INFO  impl.RoleInfo (RoleInfo.java:shutdownFollowerState(110)) - 1abb1f07-e430-4123-bdc4-d890b91ae57d: shutdown 1abb1f07-e430-4123-bdc4-d890b91ae57d@group-871F59F78747-FollowerState
2023-03-29 21:19:13,421 [grpc-default-executor-0] INFO  server.RaftServer$Division (RaftServerImpl.java:requestVote(1218)) - 1abb1f07-e430-4123-bdc4-d890b91ae57d@group-871F59F78747: receive requestVote(PRE_VOTE, 10c8465d-f338-41bc-bb05-aaed11bcc7c4, group-871F59F78747, 0, (t:0, i:0))
2023-03-29 21:19:13,424 [10c8465d-f338-41bc-bb05-aaed11bcc7c4@group-871F59F78747-LeaderElection48] INFO  server.RaftServerConfigKeys (ConfUtils.java:logFallback(53)) - raft.server.rpc.first-election.timeout.min = 5s (fallback to raft.server.rpc.timeout.min)
2023-03-29 21:19:13,424 [1abb1f07-e430-4123-bdc4-d890b91ae57d@group-871F59F78747-FollowerState] INFO  impl.FollowerState (FollowerState.java:run(152)) - 1abb1f07-e430-4123-bdc4-d890b91ae57d@group-871F59F78747-FollowerState was interrupted
2023-03-29 21:19:13,424 [10c8465d-f338-41bc-bb05-aaed11bcc7c4@group-871F59F78747-LeaderElection48] INFO  server.RaftServerConfigKeys (ConfUtils.java:logFallback(53)) - raft.server.rpc.first-election.timeout.max = 5200ms (fallback to raft.server.rpc.timeout.max)
2023-03-29 21:19:13,424 [grpc-default-executor-1] INFO  impl.RoleInfo (RoleInfo.java:updateAndGet(139)) - 1abb1f07-e430-4123-bdc4-d890b91ae57d: start 1abb1f07-e430-4123-bdc4-d890b91ae57d@group-871F59F78747-FollowerState
2023-03-29 21:19:13,425 [1abb1f07-e430-4123-bdc4-d890b91ae57d@group-871F59F78747-FollowerState] INFO  server.RaftServerConfigKeys (ConfUtils.java:logFallback(53)) - raft.server.rpc.first-election.timeout.min = 5s (fallback to raft.server.rpc.timeout.min)
2023-03-29 21:19:13,426 [grpc-default-executor-1] INFO  server.RaftServer$Division (RaftServerImpl.java:requestVote(1251)) - 1abb1f07-e430-4123-bdc4-d890b91ae57d@group-871F59F78747 replies to ELECTION vote request: 10c8465d-f338-41bc-bb05-aaed11bcc7c4<-1abb1f07-e430-4123-bdc4-d890b91ae57d#0:OK-t1. Peer's state: 1abb1f07-e430-4123-bdc4-d890b91ae57d@group-871F59F78747:t1, leader=null, voted=10c8465d-f338-41bc-bb05-aaed11bcc7c4, raftlog=Memoized:1abb1f07-e430-4123-bdc4-d890b91ae57d@group-871F59F78747-SegmentedRaftLog:OPENED:c-1, conf=-1: peers:[1abb1f07-e430-4123-bdc4-d890b91ae57d|rpc:10.1.0.17:46059|dataStream:10.1.0.17:45191|priority:0|startupRole:FOLLOWER, 9f5ac200-d2f7-413f-8590-e4ff1008cbf0|rpc:10.1.0.17:40263|dataStream:10.1.0.17:34153|priority:0|startupRole:FOLLOWER, 10c8465d-f338-41bc-bb05-aaed11bcc7c4|rpc:10.1.0.17:37199|dataStream:10.1.0.17:42937|priority:1|startupRole:FOLLOWER]|listeners:[], old=null
2023-03-29 21:19:13,426 [grpc-default-executor-0] INFO  impl.VoteContext (VoteContext.java:log(49)) - 1abb1f07-e430-4123-bdc4-d890b91ae57d@group-871F59F78747-FOLLOWER: accept PRE_VOTE from 10c8465d-f338-41bc-bb05-aaed11bcc7c4: our priority 0 <= candidate's priority 1
2023-03-29 21:19:13,426 [grpc-default-executor-0] INFO  server.RaftServer$Division (RaftServerImpl.java:requestVote(1251)) - 1abb1f07-e430-4123-bdc4-d890b91ae57d@group-871F59F78747 replies to PRE_VOTE vote request: 10c8465d-f338-41bc-bb05-aaed11bcc7c4<-1abb1f07-e430-4123-bdc4-d890b91ae57d#0:OK-t1. Peer's state: 1abb1f07-e430-4123-bdc4-d890b91ae57d@group-871F59F78747:t1, leader=null, voted=10c8465d-f338-41bc-bb05-aaed11bcc7c4, raftlog=Memoized:1abb1f07-e430-4123-bdc4-d890b91ae57d@group-871F59F78747-SegmentedRaftLog:OPENED:c-1, conf=-1: peers:[1abb1f07-e430-4123-bdc4-d890b91ae57d|rpc:10.1.0.17:46059|dataStream:10.1.0.17:45191|priority:0|startupRole:FOLLOWER, 9f5ac200-d2f7-413f-8590-e4ff1008cbf0|rpc:10.1.0.17:40263|dataStream:10.1.0.17:34153|priority:0|startupRole:FOLLOWER, 10c8465d-f338-41bc-bb05-aaed11bcc7c4|rpc:10.1.0.17:37199|dataStream:10.1.0.17:42937|priority:1|startupRole:FOLLOWER]|listeners:[], old=null
2023-03-29 21:19:13,428 [10c8465d-f338-41bc-bb05-aaed11bcc7c4@group-871F59F78747-LeaderElection48] INFO  impl.LeaderElection (LeaderElection.java:logAndReturn(90)) - 10c8465d-f338-41bc-bb05-aaed11bcc7c4@group-871F59F78747-LeaderElection48: ELECTION PASSED received 1 response(s) and 0 exception(s):
2023-03-29 21:19:13,429 [10c8465d-f338-41bc-bb05-aaed11bcc7c4@group-871F59F78747-LeaderElection48] INFO  impl.LeaderElection (LeaderElection.java:logAndReturn(94)) -   Response 0: 10c8465d-f338-41bc-bb05-aaed11bcc7c4<-1abb1f07-e430-4123-bdc4-d890b91ae57d#0:OK-t1
2023-03-29 21:19:13,429 [10c8465d-f338-41bc-bb05-aaed11bcc7c4@group-871F59F78747-LeaderElection48] INFO  impl.LeaderElection (LeaderElection.java:askForVotes(314)) - 10c8465d-f338-41bc-bb05-aaed11bcc7c4@group-871F59F78747-LeaderElection48 ELECTION round 0: result PASSED
2023-03-29 21:19:13,429 [10c8465d-f338-41bc-bb05-aaed11bcc7c4@group-871F59F78747-LeaderElection48] INFO  impl.RoleInfo (RoleInfo.java:shutdownLeaderElection(130)) - 10c8465d-f338-41bc-bb05-aaed11bcc7c4: shutdown 10c8465d-f338-41bc-bb05-aaed11bcc7c4@group-871F59F78747-LeaderElection48
2023-03-29 21:19:13,429 [10c8465d-f338-41bc-bb05-aaed11bcc7c4@group-871F59F78747-LeaderElection48] INFO  server.RaftServer$Division (RaftServerImpl.java:setRole(321)) - 10c8465d-f338-41bc-bb05-aaed11bcc7c4@group-871F59F78747: changes role from CANDIDATE to LEADER at term 1 for changeToLeader
2023-03-29 21:19:13,429 [10c8465d-f338-41bc-bb05-aaed11bcc7c4@group-871F59F78747-LeaderElection48] INFO  ratis.XceiverServerRatis (XceiverServerRatis.java:handleLeaderChangedNotification(904)) - Leader change notification received for group: group-871F59F78747 with new leaderId: 10c8465d-f338-41bc-bb05-aaed11bcc7c4
2023-03-29 21:19:13,429 [10c8465d-f338-41bc-bb05-aaed11bcc7c4@group-871F59F78747-LeaderElection48] INFO  server.RaftServer$Division (ServerState.java:setLeader(313)) - 10c8465d-f338-41bc-bb05-aaed11bcc7c4@group-871F59F78747: change Leader from null to 10c8465d-f338-41bc-bb05-aaed11bcc7c4 at term 1 for becomeLeader, leader elected after 5131ms
2023-03-29 21:19:13,429 [10c8465d-f338-41bc-bb05-aaed11bcc7c4@group-871F59F78747-LeaderElection48] INFO  server.RaftServerConfigKeys (ConfUtils.java:logGet(46)) - raft.server.staging.catchup.gap = 1000 (default)
2023-03-29 21:19:13,429 [10c8465d-f338-41bc-bb05-aaed11bcc7c4@group-871F59F78747-LeaderElection48] INFO  server.RaftServerConfigKeys (ConfUtils.java:logGet(46)) - raft.server.write.element-limit = 1024 (custom)
2023-03-29 21:19:13,429 [10c8465d-f338-41bc-bb05-aaed11bcc7c4@group-871F59F78747-LeaderElection48] INFO  server.RaftServerConfigKeys (ConfUtils.java:logGet(46)) - raft.server.write.byte-limit = 1024 M (=1073741824) (custom)
2023-03-29 21:19:13,430 [10c8465d-f338-41bc-bb05-aaed11bcc7c4@group-871F59F78747-LeaderElection48] INFO  server.RaftServerConfigKeys (ConfUtils.java:logGet(46)) - raft.server.watch.timeout = 180s (custom)
2023-03-29 21:19:13,430 [10c8465d-f338-41bc-bb05-aaed11bcc7c4@group-871F59F78747-LeaderElection48] INFO  server.RaftServerConfigKeys (ConfUtils.java:logGet(46)) - raft.server.watch.timeout.denomination = 1s (default)
2023-03-29 21:19:13,430 [10c8465d-f338-41bc-bb05-aaed11bcc7c4@group-871F59F78747-LeaderElection48] INFO  server.RaftServerConfigKeys (ConfUtils.java:logGet(46)) - raft.server.watch.element-limit = 65536 (default)
2023-03-29 21:19:13,430 [10c8465d-f338-41bc-bb05-aaed11bcc7c4@group-871F59F78747-LeaderElection48] INFO  server.RaftServerConfigKeys (ConfUtils.java:logGet(46)) - raft.server.write.element-limit = 1024 (custom)
2023-03-29 21:19:13,430 [10c8465d-f338-41bc-bb05-aaed11bcc7c4@group-871F59F78747-LeaderElection48] INFO  server.RaftServerConfigKeys (ConfUtils.java:logGet(46)) - raft.server.write.follower.gap.ratio.max = -1.0 (default)
2023-03-29 21:19:13,430 [10c8465d-f338-41bc-bb05-aaed11bcc7c4@group-871F59F78747-LeaderElection48] INFO  server.RaftServerConfigKeys (ConfUtils.java:logGet(46)) - raft.server.log.appender.snapshot.chunk.size.max = 16MB (=16777216) (default)
2023-03-29 21:19:13,430 [10c8465d-f338-41bc-bb05-aaed11bcc7c4@group-871F59F78747-LeaderElection48] INFO  server.RaftServerConfigKeys (ConfUtils.java:logGet(46)) - raft.server.log.appender.buffer.byte-limit = 33554432 (custom)
2023-03-29 21:19:13,430 [10c8465d-f338-41bc-bb05-aaed11bcc7c4@group-871F59F78747-LeaderElection48] INFO  server.RaftServerConfigKeys (ConfUtils.java:logGet(46)) - raft.server.log.appender.buffer.element-limit = 1 (custom)
2023-03-29 21:19:13,431 [10c8465d-f338-41bc-bb05-aaed11bcc7c4@group-871F59F78747-LeaderElection48] INFO  grpc.GrpcConfigKeys (ConfUtils.java:logGet(46)) - raft.grpc.server.leader.outstanding.appends.max = 128 (default)
2023-03-29 21:19:13,431 [10c8465d-f338-41bc-bb05-aaed11bcc7c4@group-871F59F78747-LeaderElection48] INFO  server.RaftServerConfigKeys (ConfUtils.java:logGet(46)) - raft.server.rpc.request.timeout = 60s (custom)
2023-03-29 21:19:13,431 [10c8465d-f338-41bc-bb05-aaed11bcc7c4@group-871F59F78747-LeaderElection48] INFO  server.RaftServerConfigKeys (ConfUtils.java:logGet(46)) - raft.server.log.appender.install.snapshot.enabled = false (custom)
2023-03-29 21:19:13,431 [10c8465d-f338-41bc-bb05-aaed11bcc7c4@group-871F59F78747-LeaderElection48] INFO  grpc.GrpcConfigKeys (ConfUtils.java:logGet(46)) - raft.grpc.server.heartbeat.channel = true (default)
2023-03-29 21:19:13,431 [10c8465d-f338-41bc-bb05-aaed11bcc7c4@group-871F59F78747-LeaderElection48] INFO  server.RaftServerConfigKeys (ConfUtils.java:logGet(46)) - raft.server.log.appender.wait-time.min = 10ms (default)
2023-03-29 21:19:13,431 [10c8465d-f338-41bc-bb05-aaed11bcc7c4@group-871F59F78747-LeaderElection48] INFO  server.RaftServerConfigKeys (ConfUtils.java:logGet(46)) - raft.server.log.appender.snapshot.chunk.size.max = 16MB (=16777216) (default)
2023-03-29 21:19:13,431 [10c8465d-f338-41bc-bb05-aaed11bcc7c4@group-871F59F78747-LeaderElection48] INFO  server.RaftServerConfigKeys (ConfUtils.java:logGet(46)) - raft.server.log.appender.buffer.byte-limit = 33554432 (custom)
2023-03-29 21:19:13,431 [10c8465d-f338-41bc-bb05-aaed11bcc7c4@group-871F59F78747-LeaderElection48] INFO  server.RaftServerConfigKeys (ConfUtils.java:logGet(46)) - raft.server.log.appender.buffer.element-limit = 1 (custom)
2023-03-29 21:19:13,431 [10c8465d-f338-41bc-bb05-aaed11bcc7c4@group-871F59F78747-LeaderElection48] INFO  grpc.GrpcConfigKeys (ConfUtils.java:logGet(46)) - raft.grpc.server.leader.outstanding.appends.max = 128 (default)
2023-03-29 21:19:13,431 [10c8465d-f338-41bc-bb05-aaed11bcc7c4@group-871F59F78747-LeaderElection48] INFO  server.RaftServerConfigKeys (ConfUtils.java:logGet(46)) - raft.server.rpc.request.timeout = 60s (custom)
2023-03-29 21:19:13,431 [10c8465d-f338-41bc-bb05-aaed11bcc7c4@group-871F59F78747-LeaderElection48] INFO  server.RaftServerConfigKeys (ConfUtils.java:logGet(46)) - raft.server.log.appender.install.snapshot.enabled = false (custom)
2023-03-29 21:19:13,431 [10c8465d-f338-41bc-bb05-aaed11bcc7c4@group-871F59F78747-LeaderElection48] INFO  grpc.GrpcConfigKeys (ConfUtils.java:logGet(46)) - raft.grpc.server.heartbeat.channel = true (default)
2023-03-29 21:19:13,431 [10c8465d-f338-41bc-bb05-aaed11bcc7c4@group-871F59F78747-LeaderElection48] INFO  server.RaftServerConfigKeys (ConfUtils.java:logGet(46)) - raft.server.log.appender.wait-time.min = 10ms (default)
2023-03-29 21:19:13,431 [10c8465d-f338-41bc-bb05-aaed11bcc7c4@group-871F59F78747-LeaderElection48] INFO  impl.RoleInfo (RoleInfo.java:updateAndGet(139)) - 10c8465d-f338-41bc-bb05-aaed11bcc7c4: start 10c8465d-f338-41bc-bb05-aaed11bcc7c4@group-871F59F78747-LeaderStateImpl
2023-03-29 21:19:13,432 [10c8465d-f338-41bc-bb05-aaed11bcc7c4@group-871F59F78747-LeaderElection48] INFO  segmented.SegmentedRaftLogWorker (SegmentedRaftLogWorker.java:startLogSegment(452)) - 10c8465d-f338-41bc-bb05-aaed11bcc7c4@group-871F59F78747-SegmentedRaftLogWorker: Starting segment from index:0
2023-03-29 21:19:13,429 [1abb1f07-e430-4123-bdc4-d890b91ae57d@group-871F59F78747-FollowerState] INFO  server.RaftServerConfigKeys (ConfUtils.java:logFallback(53)) - raft.server.rpc.first-election.timeout.max = 5200ms (fallback to raft.server.rpc.timeout.max)
2023-03-29 21:19:13,433 [10c8465d-f338-41bc-bb05-aaed11bcc7c4@group-871F59F78747-SegmentedRaftLogWorker] INFO  segmented.SegmentedRaftLogWorker (SegmentedRaftLogWorker.java:execute(656)) - 10c8465d-f338-41bc-bb05-aaed11bcc7c4@group-871F59F78747-SegmentedRaftLogWorker: created new log segment /home/runner/work/ozone/ozone/hadoop-ozone/integration-test/target/test-dir/MiniOzoneClusterImpl-0d259c79-1228-4415-b9fd-a9070010e405/datanode-1/data/ratis/f59e7d95-e046-46e8-83f8-871f59f78747/current/log_inprogress_0
2023-03-29 21:19:13,433 [EventQueue-PipelineReportForPipelineReportHandler] INFO  pipeline.PipelineManagerImpl (PipelineManagerImpl.java:openPipeline(367)) - Pipeline Pipeline[ Id: f59e7d95-e046-46e8-83f8-871f59f78747, Nodes: 10c8465d-f338-41bc-bb05-aaed11bcc7c4(fv-az308-773/10.1.0.17)1abb1f07-e430-4123-bdc4-d890b91ae57d(fv-az308-773/10.1.0.17)9f5ac200-d2f7-413f-8590-e4ff1008cbf0(fv-az308-773/10.1.0.17), ReplicationConfig: RATIS/THREE, State:ALLOCATED, leaderId:10c8465d-f338-41bc-bb05-aaed11bcc7c4, CreationTimestamp2023-03-29T21:19:05.948Z[Etc/UTC]] moved to OPEN state
2023-03-29 21:19:13,435 [EventQueue-OpenPipelineForHealthyPipelineSafeModeRule] INFO  safemode.SCMSafeModeManager (HealthyPipelineSafeModeRule.java:process(137)) - SCM in safe mode. Healthy pipelines reported count is 1, required healthy pipeline reported count is 1
2023-03-29 21:19:13,435 [EventQueue-OpenPipelineForHealthyPipelineSafeModeRule] INFO  safemode.SCMSafeModeManager (SCMSafeModeManager.java:validateSafeModeExitRules(200)) - HealthyPipelineSafeModeRule rule is successfully validated
2023-03-29 21:19:13,435 [EventQueue-OpenPipelineForHealthyPipelineSafeModeRule] INFO  safemode.SCMSafeModeManager (SCMSafeModeManager.java:validateSafeModeExitRules(215)) - ScmSafeModeManager, all rules are successfully validated
2023-03-29 21:19:13,435 [EventQueue-OpenPipelineForHealthyPipelineSafeModeRule] INFO  safemode.SCMSafeModeManager (SCMSafeModeManager.java:exitSafeMode(244)) - SCM exiting safe mode.
2023-03-29 21:19:13,435 [EventQueue-OpenPipelineForHealthyPipelineSafeModeRule] INFO  ha.SCMContext (SCMContext.java:updateSafeModeStatus(228)) - Update SafeModeStatus from SafeModeStatus{safeModeStatus=true, preCheckPassed=true} to SafeModeStatus{safeModeStatus=false, preCheckPassed=true}.
2023-03-29 21:19:13,435 [EventQueue-OpenPipelineForHealthyPipelineSafeModeRule] INFO  pipeline.BackgroundPipelineCreator (BackgroundPipelineCreator.java:notifyStatusChanged(254)) - Service BackgroundPipelineCreator transitions to RUNNING.
2023-03-29 21:19:13,435 [EventQueue-OpenPipelineForHealthyPipelineSafeModeRule] INFO  BackgroundPipelineScrubber (BackgroundSCMService.java:notifyStatusChanged(82)) - Service BackgroundPipelineScrubber transitions to RUNNING.
2023-03-29 21:19:13,435 [EventQueue-OpenPipelineForHealthyPipelineSafeModeRule] INFO  ExpiredContainerReplicaOpScrubber (BackgroundSCMService.java:notifyStatusChanged(82)) - Service ExpiredContainerReplicaOpScrubber transitions to RUNNING.
2023-03-29 21:19:13,436 [EventQueue-OpenPipelineForHealthyPipelineSafeModeRule] INFO  replication.ReplicationManager (ReplicationManager.java:notifyStatusChanged(1255)) - Service ReplicationManager transitions to RUNNING.
2023-03-29 21:19:13,436 [EventQueue-OpenPipelineForHealthyPipelineSafeModeRule] WARN  balancer.ContainerBalancer (ContainerBalancer.java:shouldRun(132)) - Could not find persisted configuration for ContainerBalancer when checking if ContainerBalancer should run. ContainerBalancer should not run now.
2023-03-29 21:19:13,429 [grpc-default-executor-1] INFO  server.RaftServer$Division (RaftServerImpl.java:requestVote(1218)) - 9f5ac200-d2f7-413f-8590-e4ff1008cbf0@group-871F59F78747: receive requestVote(ELECTION, 10c8465d-f338-41bc-bb05-aaed11bcc7c4, group-871F59F78747, 1, (t:0, i:0))
2023-03-29 21:19:13,436 [grpc-default-executor-1] INFO  impl.VoteContext (VoteContext.java:log(49)) - 9f5ac200-d2f7-413f-8590-e4ff1008cbf0@group-871F59F78747-FOLLOWER: accept ELECTION from 10c8465d-f338-41bc-bb05-aaed11bcc7c4: our priority 0 <= candidate's priority 1
2023-03-29 21:19:13,436 [grpc-default-executor-1] INFO  server.RaftServer$Division (RaftServerImpl.java:setRole(321)) - 9f5ac200-d2f7-413f-8590-e4ff1008cbf0@group-871F59F78747: changes role from  FOLLOWER to FOLLOWER at term 1 for candidate:10c8465d-f338-41bc-bb05-aaed11bcc7c4
2023-03-29 21:19:13,436 [grpc-default-executor-1] INFO  impl.RoleInfo (RoleInfo.java:shutdownFollowerState(110)) - 9f5ac200-d2f7-413f-8590-e4ff1008cbf0: shutdown 9f5ac200-d2f7-413f-8590-e4ff1008cbf0@group-871F59F78747-FollowerState
2023-03-29 21:19:13,439 [10c8465d-f338-41bc-bb05-aaed11bcc7c4@group-871F59F78747-LeaderElection48] INFO  server.RaftServer$Division (ServerState.java:setRaftConf(430)) - 10c8465d-f338-41bc-bb05-aaed11bcc7c4@group-871F59F78747: set configuration 0: peers:[1abb1f07-e430-4123-bdc4-d890b91ae57d|rpc:10.1.0.17:46059|dataStream:10.1.0.17:45191|priority:0|startupRole:FOLLOWER, 9f5ac200-d2f7-413f-8590-e4ff1008cbf0|rpc:10.1.0.17:40263|dataStream:10.1.0.17:34153|priority:0|startupRole:FOLLOWER, 10c8465d-f338-41bc-bb05-aaed11bcc7c4|rpc:10.1.0.17:37199|dataStream:10.1.0.17:42937|priority:1|startupRole:FOLLOWER]|listeners:[], old=null
2023-03-29 21:19:13,442 [grpc-default-executor-1] INFO  impl.RoleInfo (RoleInfo.java:updateAndGet(139)) - 9f5ac200-d2f7-413f-8590-e4ff1008cbf0: start 9f5ac200-d2f7-413f-8590-e4ff1008cbf0@group-871F59F78747-FollowerState
2023-03-29 21:19:13,442 [9f5ac200-d2f7-413f-8590-e4ff1008cbf0@group-871F59F78747-FollowerState] INFO  impl.FollowerState (FollowerState.java:run(152)) - 9f5ac200-d2f7-413f-8590-e4ff1008cbf0@group-871F59F78747-FollowerState was interrupted
2023-03-29 21:19:13,451 [grpc-default-executor-1] INFO  server.RaftServer$Division (RaftServerImpl.java:requestVote(1251)) - 9f5ac200-d2f7-413f-8590-e4ff1008cbf0@group-871F59F78747 replies to ELECTION vote request: 10c8465d-f338-41bc-bb05-aaed11bcc7c4<-9f5ac200-d2f7-413f-8590-e4ff1008cbf0#0:OK-t1. Peer's state: 9f5ac200-d2f7-413f-8590-e4ff1008cbf0@group-871F59F78747:t1, leader=null, voted=10c8465d-f338-41bc-bb05-aaed11bcc7c4, raftlog=Memoized:9f5ac200-d2f7-413f-8590-e4ff1008cbf0@group-871F59F78747-SegmentedRaftLog:OPENED:c-1, conf=-1: peers:[1abb1f07-e430-4123-bdc4-d890b91ae57d|rpc:10.1.0.17:46059|dataStream:10.1.0.17:45191|priority:0|startupRole:FOLLOWER, 9f5ac200-d2f7-413f-8590-e4ff1008cbf0|rpc:10.1.0.17:40263|dataStream:10.1.0.17:34153|priority:0|startupRole:FOLLOWER, 10c8465d-f338-41bc-bb05-aaed11bcc7c4|rpc:10.1.0.17:37199|dataStream:10.1.0.17:42937|priority:1|startupRole:FOLLOWER]|listeners:[], old=null
2023-03-29 21:19:13,451 [9f5ac200-d2f7-413f-8590-e4ff1008cbf0@group-871F59F78747-FollowerState] INFO  server.RaftServerConfigKeys (ConfUtils.java:logFallback(53)) - raft.server.rpc.first-election.timeout.min = 5s (fallback to raft.server.rpc.timeout.min)
2023-03-29 21:19:13,451 [9f5ac200-d2f7-413f-8590-e4ff1008cbf0@group-871F59F78747-FollowerState] INFO  server.RaftServerConfigKeys (ConfUtils.java:logFallback(53)) - raft.server.rpc.first-election.timeout.max = 5200ms (fallback to raft.server.rpc.timeout.max)
2023-03-29 21:19:13,452 [9f5ac200-d2f7-413f-8590-e4ff1008cbf0-server-thread1] INFO  ratis.XceiverServerRatis (XceiverServerRatis.java:handleLeaderChangedNotification(904)) - Leader change notification received for group: group-871F59F78747 with new leaderId: 10c8465d-f338-41bc-bb05-aaed11bcc7c4
2023-03-29 21:19:13,452 [9f5ac200-d2f7-413f-8590-e4ff1008cbf0-server-thread1] INFO  server.RaftServer$Division (ServerState.java:setLeader(313)) - 9f5ac200-d2f7-413f-8590-e4ff1008cbf0@group-871F59F78747: change Leader from null to 10c8465d-f338-41bc-bb05-aaed11bcc7c4 at term 1 for appendEntries, leader elected after 5117ms
2023-03-29 21:19:13,455 [1abb1f07-e430-4123-bdc4-d890b91ae57d-server-thread2] INFO  ratis.XceiverServerRatis (XceiverServerRatis.java:handleLeaderChangedNotification(904)) - Leader change notification received for group: group-871F59F78747 with new leaderId: 10c8465d-f338-41bc-bb05-aaed11bcc7c4
2023-03-29 21:19:13,455 [1abb1f07-e430-4123-bdc4-d890b91ae57d-server-thread2] INFO  server.RaftServer$Division (ServerState.java:setLeader(313)) - 1abb1f07-e430-4123-bdc4-d890b91ae57d@group-871F59F78747: change Leader from null to 10c8465d-f338-41bc-bb05-aaed11bcc7c4 at term 1 for appendEntries, leader elected after 5186ms
2023-03-29 21:19:13,461 [9f5ac200-d2f7-413f-8590-e4ff1008cbf0-server-thread2] INFO  server.RaftServer$Division (ServerState.java:setRaftConf(430)) - 9f5ac200-d2f7-413f-8590-e4ff1008cbf0@group-871F59F78747: set configuration 0: peers:[1abb1f07-e430-4123-bdc4-d890b91ae57d|rpc:10.1.0.17:46059|dataStream:10.1.0.17:45191|priority:0|startupRole:FOLLOWER, 9f5ac200-d2f7-413f-8590-e4ff1008cbf0|rpc:10.1.0.17:40263|dataStream:10.1.0.17:34153|priority:0|startupRole:FOLLOWER, 10c8465d-f338-41bc-bb05-aaed11bcc7c4|rpc:10.1.0.17:37199|dataStream:10.1.0.17:42937|priority:1|startupRole:FOLLOWER]|listeners:[], old=null
2023-03-29 21:19:13,461 [9f5ac200-d2f7-413f-8590-e4ff1008cbf0-server-thread2] INFO  segmented.SegmentedRaftLogWorker (SegmentedRaftLogWorker.java:startLogSegment(452)) - 9f5ac200-d2f7-413f-8590-e4ff1008cbf0@group-871F59F78747-SegmentedRaftLogWorker: Starting segment from index:0
2023-03-29 21:19:13,462 [1abb1f07-e430-4123-bdc4-d890b91ae57d-server-thread2] INFO  server.RaftServer$Division (ServerState.java:setRaftConf(430)) - 1abb1f07-e430-4123-bdc4-d890b91ae57d@group-871F59F78747: set configuration 0: peers:[1abb1f07-e430-4123-bdc4-d890b91ae57d|rpc:10.1.0.17:46059|dataStream:10.1.0.17:45191|priority:0|startupRole:FOLLOWER, 9f5ac200-d2f7-413f-8590-e4ff1008cbf0|rpc:10.1.0.17:40263|dataStream:10.1.0.17:34153|priority:0|startupRole:FOLLOWER, 10c8465d-f338-41bc-bb05-aaed11bcc7c4|rpc:10.1.0.17:37199|dataStream:10.1.0.17:42937|priority:1|startupRole:FOLLOWER]|listeners:[], old=null
2023-03-29 21:19:13,462 [9f5ac200-d2f7-413f-8590-e4ff1008cbf0@group-871F59F78747-SegmentedRaftLogWorker] INFO  segmented.SegmentedRaftLogWorker (SegmentedRaftLogWorker.java:execute(656)) - 9f5ac200-d2f7-413f-8590-e4ff1008cbf0@group-871F59F78747-SegmentedRaftLogWorker: created new log segment /home/runner/work/ozone/ozone/hadoop-ozone/integration-test/target/test-dir/MiniOzoneClusterImpl-0d259c79-1228-4415-b9fd-a9070010e405/datanode-2/data/ratis/f59e7d95-e046-46e8-83f8-871f59f78747/current/log_inprogress_0
2023-03-29 21:19:13,462 [1abb1f07-e430-4123-bdc4-d890b91ae57d-server-thread2] INFO  segmented.SegmentedRaftLogWorker (SegmentedRaftLogWorker.java:startLogSegment(452)) - 1abb1f07-e430-4123-bdc4-d890b91ae57d@group-871F59F78747-SegmentedRaftLogWorker: Starting segment from index:0
2023-03-29 21:19:13,471 [1abb1f07-e430-4123-bdc4-d890b91ae57d@group-871F59F78747-SegmentedRaftLogWorker] INFO  segmented.SegmentedRaftLogWorker (SegmentedRaftLogWorker.java:execute(656)) - 1abb1f07-e430-4123-bdc4-d890b91ae57d@group-871F59F78747-SegmentedRaftLogWorker: created new log segment /home/runner/work/ozone/ozone/hadoop-ozone/integration-test/target/test-dir/MiniOzoneClusterImpl-0d259c79-1228-4415-b9fd-a9070010e405/datanode-0/data/ratis/f59e7d95-e046-46e8-83f8-871f59f78747/current/log_inprogress_0
2023-03-29 21:19:13,592 [9f5ac200-d2f7-413f-8590-e4ff1008cbf0@group-6CDAE7BF2089-FollowerState] INFO  impl.FollowerState (FollowerState.java:run(143)) - 9f5ac200-d2f7-413f-8590-e4ff1008cbf0@group-6CDAE7BF2089-FollowerState: change to CANDIDATE, lastRpcElapsedTime:5149179123ns, electionTimeout:5145ms
2023-03-29 21:19:13,592 [9f5ac200-d2f7-413f-8590-e4ff1008cbf0@group-6CDAE7BF2089-FollowerState] INFO  impl.RoleInfo (RoleInfo.java:shutdownFollowerState(110)) - 9f5ac200-d2f7-413f-8590-e4ff1008cbf0: shutdown 9f5ac200-d2f7-413f-8590-e4ff1008cbf0@group-6CDAE7BF2089-FollowerState
2023-03-29 21:19:13,592 [9f5ac200-d2f7-413f-8590-e4ff1008cbf0@group-6CDAE7BF2089-FollowerState] INFO  server.RaftServer$Division (RaftServerImpl.java:setRole(321)) - 9f5ac200-d2f7-413f-8590-e4ff1008cbf0@group-6CDAE7BF2089: changes role from  FOLLOWER to CANDIDATE at term 0 for changeToCandidate
2023-03-29 21:19:13,592 [9f5ac200-d2f7-413f-8590-e4ff1008cbf0@group-6CDAE7BF2089-FollowerState] INFO  server.RaftServerConfigKeys (ConfUtils.java:logGet(46)) - raft.server.leaderelection.pre-vote = true (default)
2023-03-29 21:19:13,592 [9f5ac200-d2f7-413f-8590-e4ff1008cbf0@group-6CDAE7BF2089-FollowerState] INFO  impl.RoleInfo (RoleInfo.java:updateAndGet(139)) - 9f5ac200-d2f7-413f-8590-e4ff1008cbf0: start 9f5ac200-d2f7-413f-8590-e4ff1008cbf0@group-6CDAE7BF2089-LeaderElection50
2023-03-29 21:19:13,593 [9f5ac200-d2f7-413f-8590-e4ff1008cbf0@group-6CDAE7BF2089-LeaderElection50] INFO  impl.LeaderElection (LeaderElection.java:askForVotes(312)) - 9f5ac200-d2f7-413f-8590-e4ff1008cbf0@group-6CDAE7BF2089-LeaderElection50 PRE_VOTE round 0: submit vote requests at term 0 for -1: peers:[1abb1f07-e430-4123-bdc4-d890b91ae57d|rpc:10.1.0.17:46059|dataStream:10.1.0.17:45191|priority:0|startupRole:FOLLOWER, 9f5ac200-d2f7-413f-8590-e4ff1008cbf0|rpc:10.1.0.17:40263|dataStream:10.1.0.17:34153|priority:1|startupRole:FOLLOWER, 10c8465d-f338-41bc-bb05-aaed11bcc7c4|rpc:10.1.0.17:37199|dataStream:10.1.0.17:42937|priority:0|startupRole:FOLLOWER]|listeners:[], old=null
2023-03-29 21:19:13,593 [9f5ac200-d2f7-413f-8590-e4ff1008cbf0@group-6CDAE7BF2089-LeaderElection50] INFO  server.RaftServerConfigKeys (ConfUtils.java:logFallback(53)) - raft.server.rpc.first-election.timeout.min = 5s (fallback to raft.server.rpc.timeout.min)
2023-03-29 21:19:13,593 [9f5ac200-d2f7-413f-8590-e4ff1008cbf0@group-6CDAE7BF2089-LeaderElection50] INFO  server.RaftServerConfigKeys (ConfUtils.java:logFallback(53)) - raft.server.rpc.first-election.timeout.max = 5200ms (fallback to raft.server.rpc.timeout.max)
2023-03-29 21:19:13,595 [grpc-default-executor-3] INFO  server.RaftServer$Division (RaftServerImpl.java:requestVote(1218)) - 10c8465d-f338-41bc-bb05-aaed11bcc7c4@group-6CDAE7BF2089: receive requestVote(PRE_VOTE, 9f5ac200-d2f7-413f-8590-e4ff1008cbf0, group-6CDAE7BF2089, 0, (t:0, i:0))
2023-03-29 21:19:13,598 [grpc-default-executor-3] INFO  impl.VoteContext (VoteContext.java:log(49)) - 10c8465d-f338-41bc-bb05-aaed11bcc7c4@group-6CDAE7BF2089-FOLLOWER: accept PRE_VOTE from 9f5ac200-d2f7-413f-8590-e4ff1008cbf0: our priority 0 <= candidate's priority 1
2023-03-29 21:19:13,598 [grpc-default-executor-3] INFO  server.RaftServer$Division (RaftServerImpl.java:requestVote(1251)) - 10c8465d-f338-41bc-bb05-aaed11bcc7c4@group-6CDAE7BF2089 replies to PRE_VOTE vote request: 9f5ac200-d2f7-413f-8590-e4ff1008cbf0<-10c8465d-f338-41bc-bb05-aaed11bcc7c4#0:OK-t0. Peer's state: 10c8465d-f338-41bc-bb05-aaed11bcc7c4@group-6CDAE7BF2089:t0, leader=null, voted=, raftlog=Memoized:10c8465d-f338-41bc-bb05-aaed11bcc7c4@group-6CDAE7BF2089-SegmentedRaftLog:OPENED:c-1, conf=-1: peers:[1abb1f07-e430-4123-bdc4-d890b91ae57d|rpc:10.1.0.17:46059|dataStream:10.1.0.17:45191|priority:0|startupRole:FOLLOWER, 9f5ac200-d2f7-413f-8590-e4ff1008cbf0|rpc:10.1.0.17:40263|dataStream:10.1.0.17:34153|priority:1|startupRole:FOLLOWER, 10c8465d-f338-41bc-bb05-aaed11bcc7c4|rpc:10.1.0.17:37199|dataStream:10.1.0.17:42937|priority:0|startupRole:FOLLOWER]|listeners:[], old=null
2023-03-29 21:19:13,598 [grpc-default-executor-3] INFO  server.RaftServer$Division (RaftServerImpl.java:requestVote(1218)) - 1abb1f07-e430-4123-bdc4-d890b91ae57d@group-6CDAE7BF2089: receive requestVote(PRE_VOTE, 9f5ac200-d2f7-413f-8590-e4ff1008cbf0, group-6CDAE7BF2089, 0, (t:0, i:0))
2023-03-29 21:19:13,598 [10c8465d-f338-41bc-bb05-aaed11bcc7c4@group-6CDAE7BF2089-FollowerState] INFO  server.RaftServerConfigKeys (ConfUtils.java:logFallback(53)) - raft.server.rpc.first-election.timeout.min = 5s (fallback to raft.server.rpc.timeout.min)
2023-03-29 21:19:13,598 [grpc-default-executor-3] INFO  impl.VoteContext (VoteContext.java:log(49)) - 1abb1f07-e430-4123-bdc4-d890b91ae57d@group-6CDAE7BF2089-FOLLOWER: accept PRE_VOTE from 9f5ac200-d2f7-413f-8590-e4ff1008cbf0: our priority 0 <= candidate's priority 1
2023-03-29 21:19:13,598 [10c8465d-f338-41bc-bb05-aaed11bcc7c4@group-6CDAE7BF2089-FollowerState] INFO  server.RaftServerConfigKeys (ConfUtils.java:logFallback(53)) - raft.server.rpc.first-election.timeout.max = 5200ms (fallback to raft.server.rpc.timeout.max)
2023-03-29 21:19:13,599 [grpc-default-executor-3] INFO  server.RaftServer$Division (RaftServerImpl.java:requestVote(1251)) - 1abb1f07-e430-4123-bdc4-d890b91ae57d@group-6CDAE7BF2089 replies to PRE_VOTE vote request: 9f5ac200-d2f7-413f-8590-e4ff1008cbf0<-1abb1f07-e430-4123-bdc4-d890b91ae57d#0:OK-t0. Peer's state: 1abb1f07-e430-4123-bdc4-d890b91ae57d@group-6CDAE7BF2089:t0, leader=null, voted=, raftlog=Memoized:1abb1f07-e430-4123-bdc4-d890b91ae57d@group-6CDAE7BF2089-SegmentedRaftLog:OPENED:c-1, conf=-1: peers:[1abb1f07-e430-4123-bdc4-d890b91ae57d|rpc:10.1.0.17:46059|dataStream:10.1.0.17:45191|priority:0|startupRole:FOLLOWER, 9f5ac200-d2f7-413f-8590-e4ff1008cbf0|rpc:10.1.0.17:40263|dataStream:10.1.0.17:34153|priority:1|startupRole:FOLLOWER, 10c8465d-f338-41bc-bb05-aaed11bcc7c4|rpc:10.1.0.17:37199|dataStream:10.1.0.17:42937|priority:0|startupRole:FOLLOWER]|listeners:[], old=null
2023-03-29 21:19:13,599 [9f5ac200-d2f7-413f-8590-e4ff1008cbf0@group-6CDAE7BF2089-LeaderElection50] INFO  impl.LeaderElection (LeaderElection.java:logAndReturn(90)) - 9f5ac200-d2f7-413f-8590-e4ff1008cbf0@group-6CDAE7BF2089-LeaderElection50: PRE_VOTE PASSED received 1 response(s) and 0 exception(s):
2023-03-29 21:19:13,599 [9f5ac200-d2f7-413f-8590-e4ff1008cbf0@group-6CDAE7BF2089-LeaderElection50] INFO  impl.LeaderElection (LeaderElection.java:logAndReturn(94)) -   Response 0: 9f5ac200-d2f7-413f-8590-e4ff1008cbf0<-1abb1f07-e430-4123-bdc4-d890b91ae57d#0:OK-t0
2023-03-29 21:19:13,599 [9f5ac200-d2f7-413f-8590-e4ff1008cbf0@group-6CDAE7BF2089-LeaderElection50] INFO  impl.LeaderElection (LeaderElection.java:askForVotes(314)) - 9f5ac200-d2f7-413f-8590-e4ff1008cbf0@group-6CDAE7BF2089-LeaderElection50 PRE_VOTE round 0: result PASSED
2023-03-29 21:19:13,600 [9f5ac200-d2f7-413f-8590-e4ff1008cbf0@group-6CDAE7BF2089-LeaderElection50] INFO  impl.LeaderElection (LeaderElection.java:askForVotes(312)) - 9f5ac200-d2f7-413f-8590-e4ff1008cbf0@group-6CDAE7BF2089-LeaderElection50 ELECTION round 0: submit vote requests at term 1 for -1: peers:[1abb1f07-e430-4123-bdc4-d890b91ae57d|rpc:10.1.0.17:46059|dataStream:10.1.0.17:45191|priority:0|startupRole:FOLLOWER, 9f5ac200-d2f7-413f-8590-e4ff1008cbf0|rpc:10.1.0.17:40263|dataStream:10.1.0.17:34153|priority:1|startupRole:FOLLOWER, 10c8465d-f338-41bc-bb05-aaed11bcc7c4|rpc:10.1.0.17:37199|dataStream:10.1.0.17:42937|priority:0|startupRole:FOLLOWER]|listeners:[], old=null
2023-03-29 21:19:13,601 [9f5ac200-d2f7-413f-8590-e4ff1008cbf0@group-6CDAE7BF2089-LeaderElection50] INFO  server.RaftServerConfigKeys (ConfUtils.java:logFallback(53)) - raft.server.rpc.first-election.timeout.min = 5s (fallback to raft.server.rpc.timeout.min)
2023-03-29 21:19:13,601 [9f5ac200-d2f7-413f-8590-e4ff1008cbf0@group-6CDAE7BF2089-LeaderElection50] INFO  server.RaftServerConfigKeys (ConfUtils.java:logFallback(53)) - raft.server.rpc.first-election.timeout.max = 5200ms (fallback to raft.server.rpc.timeout.max)
2023-03-29 21:19:13,602 [grpc-default-executor-3] INFO  server.RaftServer$Division (RaftServerImpl.java:requestVote(1218)) - 10c8465d-f338-41bc-bb05-aaed11bcc7c4@group-6CDAE7BF2089: receive requestVote(ELECTION, 9f5ac200-d2f7-413f-8590-e4ff1008cbf0, group-6CDAE7BF2089, 1, (t:0, i:0))
2023-03-29 21:19:13,602 [grpc-default-executor-3] INFO  impl.VoteContext (VoteContext.java:log(49)) - 10c8465d-f338-41bc-bb05-aaed11bcc7c4@group-6CDAE7BF2089-FOLLOWER: accept ELECTION from 9f5ac200-d2f7-413f-8590-e4ff1008cbf0: our priority 0 <= candidate's priority 1
2023-03-29 21:19:13,602 [grpc-default-executor-3] INFO  server.RaftServer$Division (RaftServerImpl.java:setRole(321)) - 10c8465d-f338-41bc-bb05-aaed11bcc7c4@group-6CDAE7BF2089: changes role from  FOLLOWER to FOLLOWER at term 1 for candidate:9f5ac200-d2f7-413f-8590-e4ff1008cbf0
2023-03-29 21:19:13,602 [grpc-default-executor-3] INFO  impl.RoleInfo (RoleInfo.java:shutdownFollowerState(110)) - 10c8465d-f338-41bc-bb05-aaed11bcc7c4: shutdown 10c8465d-f338-41bc-bb05-aaed11bcc7c4@group-6CDAE7BF2089-FollowerState
2023-03-29 21:19:13,602 [grpc-default-executor-3] INFO  impl.RoleInfo (RoleInfo.java:updateAndGet(139)) - 10c8465d-f338-41bc-bb05-aaed11bcc7c4: start 10c8465d-f338-41bc-bb05-aaed11bcc7c4@group-6CDAE7BF2089-FollowerState
2023-03-29 21:19:13,603 [10c8465d-f338-41bc-bb05-aaed11bcc7c4@group-6CDAE7BF2089-FollowerState] INFO  impl.FollowerState (FollowerState.java:run(152)) - 10c8465d-f338-41bc-bb05-aaed11bcc7c4@group-6CDAE7BF2089-FollowerState was interrupted
2023-03-29 21:19:13,603 [grpc-default-executor-4] INFO  server.RaftServer$Division (RaftServerImpl.java:requestVote(1218)) - 1abb1f07-e430-4123-bdc4-d890b91ae57d@group-6CDAE7BF2089: receive requestVote(ELECTION, 9f5ac200-d2f7-413f-8590-e4ff1008cbf0, group-6CDAE7BF2089, 1, (t:0, i:0))
2023-03-29 21:19:13,603 [grpc-default-executor-4] INFO  impl.VoteContext (VoteContext.java:log(49)) - 1abb1f07-e430-4123-bdc4-d890b91ae57d@group-6CDAE7BF2089-FOLLOWER: accept ELECTION from 9f5ac200-d2f7-413f-8590-e4ff1008cbf0: our priority 0 <= candidate's priority 1
2023-03-29 21:19:13,603 [grpc-default-executor-4] INFO  server.RaftServer$Division (RaftServerImpl.java:setRole(321)) - 1abb1f07-e430-4123-bdc4-d890b91ae57d@group-6CDAE7BF2089: changes role from  FOLLOWER to FOLLOWER at term 1 for candidate:9f5ac200-d2f7-413f-8590-e4ff1008cbf0
2023-03-29 21:19:13,603 [grpc-default-executor-4] INFO  impl.RoleInfo (RoleInfo.java:shutdownFollowerState(110)) - 1abb1f07-e430-4123-bdc4-d890b91ae57d: shutdown 1abb1f07-e430-4123-bdc4-d890b91ae57d@group-6CDAE7BF2089-FollowerState
2023-03-29 21:19:13,603 [grpc-default-executor-4] INFO  impl.RoleInfo (RoleInfo.java:updateAndGet(139)) - 1abb1f07-e430-4123-bdc4-d890b91ae57d: start 1abb1f07-e430-4123-bdc4-d890b91ae57d@group-6CDAE7BF2089-FollowerState
2023-03-29 21:19:13,603 [1abb1f07-e430-4123-bdc4-d890b91ae57d@group-6CDAE7BF2089-FollowerState] INFO  impl.FollowerState (FollowerState.java:run(152)) - 1abb1f07-e430-4123-bdc4-d890b91ae57d@group-6CDAE7BF2089-FollowerState was interrupted
2023-03-29 21:19:13,603 [10c8465d-f338-41bc-bb05-aaed11bcc7c4@group-6CDAE7BF2089-FollowerState] INFO  server.RaftServerConfigKeys (ConfUtils.java:logFallback(53)) - raft.server.rpc.first-election.timeout.min = 5s (fallback to raft.server.rpc.timeout.min)
2023-03-29 21:19:13,603 [10c8465d-f338-41bc-bb05-aaed11bcc7c4@group-6CDAE7BF2089-FollowerState] INFO  server.RaftServerConfigKeys (ConfUtils.java:logFallback(53)) - raft.server.rpc.first-election.timeout.max = 5200ms (fallback to raft.server.rpc.timeout.max)
2023-03-29 21:19:13,604 [grpc-default-executor-3] INFO  server.RaftServer$Division (RaftServerImpl.java:requestVote(1251)) - 10c8465d-f338-41bc-bb05-aaed11bcc7c4@group-6CDAE7BF2089 replies to ELECTION vote request: 9f5ac200-d2f7-413f-8590-e4ff1008cbf0<-10c8465d-f338-41bc-bb05-aaed11bcc7c4#0:OK-t1. Peer's state: 10c8465d-f338-41bc-bb05-aaed11bcc7c4@group-6CDAE7BF2089:t1, leader=null, voted=9f5ac200-d2f7-413f-8590-e4ff1008cbf0, raftlog=Memoized:10c8465d-f338-41bc-bb05-aaed11bcc7c4@group-6CDAE7BF2089-SegmentedRaftLog:OPENED:c-1, conf=-1: peers:[1abb1f07-e430-4123-bdc4-d890b91ae57d|rpc:10.1.0.17:46059|dataStream:10.1.0.17:45191|priority:0|startupRole:FOLLOWER, 9f5ac200-d2f7-413f-8590-e4ff1008cbf0|rpc:10.1.0.17:40263|dataStream:10.1.0.17:34153|priority:1|startupRole:FOLLOWER, 10c8465d-f338-41bc-bb05-aaed11bcc7c4|rpc:10.1.0.17:37199|dataStream:10.1.0.17:42937|priority:0|startupRole:FOLLOWER]|listeners:[], old=null
2023-03-29 21:19:13,604 [1abb1f07-e430-4123-bdc4-d890b91ae57d@group-6CDAE7BF2089-FollowerState] INFO  server.RaftServerConfigKeys (ConfUtils.java:logFallback(53)) - raft.server.rpc.first-election.timeout.min = 5s (fallback to raft.server.rpc.timeout.min)
2023-03-29 21:19:13,604 [1abb1f07-e430-4123-bdc4-d890b91ae57d@group-6CDAE7BF2089-FollowerState] INFO  server.RaftServerConfigKeys (ConfUtils.java:logFallback(53)) - raft.server.rpc.first-election.timeout.max = 5200ms (fallback to raft.server.rpc.timeout.max)
2023-03-29 21:19:13,604 [grpc-default-executor-4] INFO  server.RaftServer$Division (RaftServerImpl.java:requestVote(1251)) - 1abb1f07-e430-4123-bdc4-d890b91ae57d@group-6CDAE7BF2089 replies to ELECTION vote request: 9f5ac200-d2f7-413f-8590-e4ff1008cbf0<-1abb1f07-e430-4123-bdc4-d890b91ae57d#0:OK-t1. Peer's state: 1abb1f07-e430-4123-bdc4-d890b91ae57d@group-6CDAE7BF2089:t1, leader=null, voted=9f5ac200-d2f7-413f-8590-e4ff1008cbf0, raftlog=Memoized:1abb1f07-e430-4123-bdc4-d890b91ae57d@group-6CDAE7BF2089-SegmentedRaftLog:OPENED:c-1, conf=-1: peers:[1abb1f07-e430-4123-bdc4-d890b91ae57d|rpc:10.1.0.17:46059|dataStream:10.1.0.17:45191|priority:0|startupRole:FOLLOWER, 9f5ac200-d2f7-413f-8590-e4ff1008cbf0|rpc:10.1.0.17:40263|dataStream:10.1.0.17:34153|priority:1|startupRole:FOLLOWER, 10c8465d-f338-41bc-bb05-aaed11bcc7c4|rpc:10.1.0.17:37199|dataStream:10.1.0.17:42937|priority:0|startupRole:FOLLOWER]|listeners:[], old=null
2023-03-29 21:19:13,605 [9f5ac200-d2f7-413f-8590-e4ff1008cbf0@group-6CDAE7BF2089-LeaderElection50] INFO  impl.LeaderElection (LeaderElection.java:logAndReturn(90)) - 9f5ac200-d2f7-413f-8590-e4ff1008cbf0@group-6CDAE7BF2089-LeaderElection50: ELECTION PASSED received 1 response(s) and 0 exception(s):
2023-03-29 21:19:13,605 [9f5ac200-d2f7-413f-8590-e4ff1008cbf0@group-6CDAE7BF2089-LeaderElection50] INFO  impl.LeaderElection (LeaderElection.java:logAndReturn(94)) -   Response 0: 9f5ac200-d2f7-413f-8590-e4ff1008cbf0<-10c8465d-f338-41bc-bb05-aaed11bcc7c4#0:OK-t1
2023-03-29 21:19:13,605 [9f5ac200-d2f7-413f-8590-e4ff1008cbf0@group-6CDAE7BF2089-LeaderElection50] INFO  impl.LeaderElection (LeaderElection.java:askForVotes(314)) - 9f5ac200-d2f7-413f-8590-e4ff1008cbf0@group-6CDAE7BF2089-LeaderElection50 ELECTION round 0: result PASSED
2023-03-29 21:19:13,605 [9f5ac200-d2f7-413f-8590-e4ff1008cbf0@group-6CDAE7BF2089-LeaderElection50] INFO  impl.RoleInfo (RoleInfo.java:shutdownLeaderElection(130)) - 9f5ac200-d2f7-413f-8590-e4ff1008cbf0: shutdown 9f5ac200-d2f7-413f-8590-e4ff1008cbf0@group-6CDAE7BF2089-LeaderElection50
2023-03-29 21:19:13,605 [9f5ac200-d2f7-413f-8590-e4ff1008cbf0@group-6CDAE7BF2089-LeaderElection50] INFO  server.RaftServer$Division (RaftServerImpl.java:setRole(321)) - 9f5ac200-d2f7-413f-8590-e4ff1008cbf0@group-6CDAE7BF2089: changes role from CANDIDATE to LEADER at term 1 for changeToLeader
2023-03-29 21:19:13,605 [9f5ac200-d2f7-413f-8590-e4ff1008cbf0@group-6CDAE7BF2089-LeaderElection50] INFO  ratis.XceiverServerRatis (XceiverServerRatis.java:handleLeaderChangedNotification(904)) - Leader change notification received for group: group-6CDAE7BF2089 with new leaderId: 9f5ac200-d2f7-413f-8590-e4ff1008cbf0
2023-03-29 21:19:13,605 [9f5ac200-d2f7-413f-8590-e4ff1008cbf0@group-6CDAE7BF2089-LeaderElection50] INFO  server.RaftServer$Division (ServerState.java:setLeader(313)) - 9f5ac200-d2f7-413f-8590-e4ff1008cbf0@group-6CDAE7BF2089: change Leader from null to 9f5ac200-d2f7-413f-8590-e4ff1008cbf0 at term 1 for becomeLeader, leader elected after 5181ms
2023-03-29 21:19:13,605 [9f5ac200-d2f7-413f-8590-e4ff1008cbf0@group-6CDAE7BF2089-LeaderElection50] INFO  server.RaftServerConfigKeys (ConfUtils.java:logGet(46)) - raft.server.staging.catchup.gap = 1000 (default)
2023-03-29 21:19:13,605 [9f5ac200-d2f7-413f-8590-e4ff1008cbf0@group-6CDAE7BF2089-LeaderElection50] INFO  server.RaftServerConfigKeys (ConfUtils.java:logGet(46)) - raft.server.write.element-limit = 1024 (custom)
2023-03-29 21:19:13,605 [9f5ac200-d2f7-413f-8590-e4ff1008cbf0@group-6CDAE7BF2089-LeaderElection50] INFO  server.RaftServerConfigKeys (ConfUtils.java:logGet(46)) - raft.server.write.byte-limit = 1024 M (=1073741824) (custom)
2023-03-29 21:19:13,606 [9f5ac200-d2f7-413f-8590-e4ff1008cbf0@group-6CDAE7BF2089-LeaderElection50] INFO  server.RaftServerConfigKeys (ConfUtils.java:logGet(46)) - raft.server.watch.timeout = 180s (custom)
2023-03-29 21:19:13,606 [9f5ac200-d2f7-413f-8590-e4ff1008cbf0@group-6CDAE7BF2089-LeaderElection50] INFO  server.RaftServerConfigKeys (ConfUtils.java:logGet(46)) - raft.server.watch.timeout.denomination = 1s (default)
2023-03-29 21:19:13,606 [9f5ac200-d2f7-413f-8590-e4ff1008cbf0@group-6CDAE7BF2089-LeaderElection50] INFO  server.RaftServerConfigKeys (ConfUtils.java:logGet(46)) - raft.server.watch.element-limit = 65536 (default)
2023-03-29 21:19:13,606 [9f5ac200-d2f7-413f-8590-e4ff1008cbf0@group-6CDAE7BF2089-LeaderElection50] INFO  server.RaftServerConfigKeys (ConfUtils.java:logGet(46)) - raft.server.write.element-limit = 1024 (custom)
2023-03-29 21:19:13,606 [9f5ac200-d2f7-413f-8590-e4ff1008cbf0@group-6CDAE7BF2089-LeaderElection50] INFO  server.RaftServerConfigKeys (ConfUtils.java:logGet(46)) - raft.server.write.follower.gap.ratio.max = -1.0 (default)
2023-03-29 21:19:13,606 [9f5ac200-d2f7-413f-8590-e4ff1008cbf0@group-6CDAE7BF2089-LeaderElection50] INFO  server.RaftServerConfigKeys (ConfUtils.java:logGet(46)) - raft.server.log.appender.snapshot.chunk.size.max = 16MB (=16777216) (default)
2023-03-29 21:19:13,606 [9f5ac200-d2f7-413f-8590-e4ff1008cbf0@group-6CDAE7BF2089-LeaderElection50] INFO  server.RaftServerConfigKeys (ConfUtils.java:logGet(46)) - raft.server.log.appender.buffer.byte-limit = 33554432 (custom)
2023-03-29 21:19:13,606 [9f5ac200-d2f7-413f-8590-e4ff1008cbf0@group-6CDAE7BF2089-LeaderElection50] INFO  server.RaftServerConfigKeys (ConfUtils.java:logGet(46)) - raft.server.log.appender.buffer.element-limit = 1 (custom)
2023-03-29 21:19:13,606 [9f5ac200-d2f7-413f-8590-e4ff1008cbf0@group-6CDAE7BF2089-LeaderElection50] INFO  grpc.GrpcConfigKeys (ConfUtils.java:logGet(46)) - raft.grpc.server.leader.outstanding.appends.max = 128 (default)
2023-03-29 21:19:13,606 [9f5ac200-d2f7-413f-8590-e4ff1008cbf0@group-6CDAE7BF2089-LeaderElection50] INFO  server.RaftServerConfigKeys (ConfUtils.java:logGet(46)) - raft.server.rpc.request.timeout = 60s (custom)
2023-03-29 21:19:13,606 [9f5ac200-d2f7-413f-8590-e4ff1008cbf0@group-6CDAE7BF2089-LeaderElection50] INFO  server.RaftServerConfigKeys (ConfUtils.java:logGet(46)) - raft.server.log.appender.install.snapshot.enabled = false (custom)
2023-03-29 21:19:13,606 [9f5ac200-d2f7-413f-8590-e4ff1008cbf0@group-6CDAE7BF2089-LeaderElection50] INFO  grpc.GrpcConfigKeys (ConfUtils.java:logGet(46)) - raft.grpc.server.heartbeat.channel = true (default)
2023-03-29 21:19:13,606 [9f5ac200-d2f7-413f-8590-e4ff1008cbf0@group-6CDAE7BF2089-LeaderElection50] INFO  server.RaftServerConfigKeys (ConfUtils.java:logGet(46)) - raft.server.log.appender.wait-time.min = 10ms (default)
2023-03-29 21:19:13,607 [9f5ac200-d2f7-413f-8590-e4ff1008cbf0@group-6CDAE7BF2089-LeaderElection50] INFO  server.RaftServerConfigKeys (ConfUtils.java:logGet(46)) - raft.server.log.appender.snapshot.chunk.size.max = 16MB (=16777216) (default)
2023-03-29 21:19:13,607 [9f5ac200-d2f7-413f-8590-e4ff1008cbf0@group-6CDAE7BF2089-LeaderElection50] INFO  server.RaftServerConfigKeys (ConfUtils.java:logGet(46)) - raft.server.log.appender.buffer.byte-limit = 33554432 (custom)
2023-03-29 21:19:13,607 [9f5ac200-d2f7-413f-8590-e4ff1008cbf0@group-6CDAE7BF2089-LeaderElection50] INFO  server.RaftServerConfigKeys (ConfUtils.java:logGet(46)) - raft.server.log.appender.buffer.element-limit = 1 (custom)
2023-03-29 21:19:13,607 [9f5ac200-d2f7-413f-8590-e4ff1008cbf0@group-6CDAE7BF2089-LeaderElection50] INFO  grpc.GrpcConfigKeys (ConfUtils.java:logGet(46)) - raft.grpc.server.leader.outstanding.appends.max = 128 (default)
2023-03-29 21:19:13,607 [9f5ac200-d2f7-413f-8590-e4ff1008cbf0@group-6CDAE7BF2089-LeaderElection50] INFO  server.RaftServerConfigKeys (ConfUtils.java:logGet(46)) - raft.server.rpc.request.timeout = 60s (custom)
2023-03-29 21:19:13,607 [9f5ac200-d2f7-413f-8590-e4ff1008cbf0@group-6CDAE7BF2089-LeaderElection50] INFO  server.RaftServerConfigKeys (ConfUtils.java:logGet(46)) - raft.server.log.appender.install.snapshot.enabled = false (custom)
2023-03-29 21:19:13,607 [9f5ac200-d2f7-413f-8590-e4ff1008cbf0@group-6CDAE7BF2089-LeaderElection50] INFO  grpc.GrpcConfigKeys (ConfUtils.java:logGet(46)) - raft.grpc.server.heartbeat.channel = true (default)
2023-03-29 21:19:13,607 [9f5ac200-d2f7-413f-8590-e4ff1008cbf0@group-6CDAE7BF2089-LeaderElection50] INFO  server.RaftServerConfigKeys (ConfUtils.java:logGet(46)) - raft.server.log.appender.wait-time.min = 10ms (default)
2023-03-29 21:19:13,607 [9f5ac200-d2f7-413f-8590-e4ff1008cbf0@group-6CDAE7BF2089-LeaderElection50] INFO  impl.RoleInfo (RoleInfo.java:updateAndGet(139)) - 9f5ac200-d2f7-413f-8590-e4ff1008cbf0: start 9f5ac200-d2f7-413f-8590-e4ff1008cbf0@group-6CDAE7BF2089-LeaderStateImpl
2023-03-29 21:19:13,607 [9f5ac200-d2f7-413f-8590-e4ff1008cbf0@group-6CDAE7BF2089-LeaderElection50] INFO  segmented.SegmentedRaftLogWorker (SegmentedRaftLogWorker.java:startLogSegment(452)) - 9f5ac200-d2f7-413f-8590-e4ff1008cbf0@group-6CDAE7BF2089-SegmentedRaftLogWorker: Starting segment from index:0
2023-03-29 21:19:13,608 [EventQueue-PipelineReportForPipelineReportHandler] INFO  pipeline.PipelineManagerImpl (PipelineManagerImpl.java:openPipeline(367)) - Pipeline Pipeline[ Id: b8760019-3358-43e9-b3bf-6cdae7bf2089, Nodes: 1abb1f07-e430-4123-bdc4-d890b91ae57d(fv-az308-773/10.1.0.17)10c8465d-f338-41bc-bb05-aaed11bcc7c4(fv-az308-773/10.1.0.17)9f5ac200-d2f7-413f-8590-e4ff1008cbf0(fv-az308-773/10.1.0.17), ReplicationConfig: RATIS/THREE, State:ALLOCATED, leaderId:9f5ac200-d2f7-413f-8590-e4ff1008cbf0, CreationTimestamp2023-03-29T21:19:05.949Z[Etc/UTC]] moved to OPEN state
2023-03-29 21:19:13,608 [9f5ac200-d2f7-413f-8590-e4ff1008cbf0@group-6CDAE7BF2089-SegmentedRaftLogWorker] INFO  segmented.SegmentedRaftLogWorker (SegmentedRaftLogWorker.java:execute(656)) - 9f5ac200-d2f7-413f-8590-e4ff1008cbf0@group-6CDAE7BF2089-SegmentedRaftLogWorker: created new log segment /home/runner/work/ozone/ozone/hadoop-ozone/integration-test/target/test-dir/MiniOzoneClusterImpl-0d259c79-1228-4415-b9fd-a9070010e405/datanode-2/data/ratis/b8760019-3358-43e9-b3bf-6cdae7bf2089/current/log_inprogress_0
2023-03-29 21:19:13,620 [9f5ac200-d2f7-413f-8590-e4ff1008cbf0@group-6CDAE7BF2089-LeaderElection50] INFO  server.RaftServer$Division (ServerState.java:setRaftConf(430)) - 9f5ac200-d2f7-413f-8590-e4ff1008cbf0@group-6CDAE7BF2089: set configuration 0: peers:[1abb1f07-e430-4123-bdc4-d890b91ae57d|rpc:10.1.0.17:46059|dataStream:10.1.0.17:45191|priority:0|startupRole:FOLLOWER, 9f5ac200-d2f7-413f-8590-e4ff1008cbf0|rpc:10.1.0.17:40263|dataStream:10.1.0.17:34153|priority:1|startupRole:FOLLOWER, 10c8465d-f338-41bc-bb05-aaed11bcc7c4|rpc:10.1.0.17:37199|dataStream:10.1.0.17:42937|priority:0|startupRole:FOLLOWER]|listeners:[], old=null
2023-03-29 21:19:13,627 [1abb1f07-e430-4123-bdc4-d890b91ae57d-server-thread1] INFO  ratis.XceiverServerRatis (XceiverServerRatis.java:handleLeaderChangedNotification(904)) - Leader change notification received for group: group-6CDAE7BF2089 with new leaderId: 9f5ac200-d2f7-413f-8590-e4ff1008cbf0
2023-03-29 21:19:13,632 [1abb1f07-e430-4123-bdc4-d890b91ae57d-server-thread1] INFO  server.RaftServer$Division (ServerState.java:setLeader(313)) - 1abb1f07-e430-4123-bdc4-d890b91ae57d@group-6CDAE7BF2089: change Leader from null to 9f5ac200-d2f7-413f-8590-e4ff1008cbf0 at term 1 for appendEntries, leader elected after 5270ms
2023-03-29 21:19:13,635 [1abb1f07-e430-4123-bdc4-d890b91ae57d-server-thread1] INFO  server.RaftServer$Division (ServerState.java:setRaftConf(430)) - 1abb1f07-e430-4123-bdc4-d890b91ae57d@group-6CDAE7BF2089: set configuration 0: peers:[1abb1f07-e430-4123-bdc4-d890b91ae57d|rpc:10.1.0.17:46059|dataStream:10.1.0.17:45191|priority:0|startupRole:FOLLOWER, 9f5ac200-d2f7-413f-8590-e4ff1008cbf0|rpc:10.1.0.17:40263|dataStream:10.1.0.17:34153|priority:1|startupRole:FOLLOWER, 10c8465d-f338-41bc-bb05-aaed11bcc7c4|rpc:10.1.0.17:37199|dataStream:10.1.0.17:42937|priority:0|startupRole:FOLLOWER]|listeners:[], old=null
2023-03-29 21:19:13,635 [1abb1f07-e430-4123-bdc4-d890b91ae57d-server-thread1] INFO  segmented.SegmentedRaftLogWorker (SegmentedRaftLogWorker.java:startLogSegment(452)) - 1abb1f07-e430-4123-bdc4-d890b91ae57d@group-6CDAE7BF2089-SegmentedRaftLogWorker: Starting segment from index:0
2023-03-29 21:19:13,635 [10c8465d-f338-41bc-bb05-aaed11bcc7c4-server-thread1] INFO  ratis.XceiverServerRatis (XceiverServerRatis.java:handleLeaderChangedNotification(904)) - Leader change notification received for group: group-6CDAE7BF2089 with new leaderId: 9f5ac200-d2f7-413f-8590-e4ff1008cbf0
2023-03-29 21:19:13,636 [10c8465d-f338-41bc-bb05-aaed11bcc7c4-server-thread1] INFO  server.RaftServer$Division (ServerState.java:setLeader(313)) - 10c8465d-f338-41bc-bb05-aaed11bcc7c4@group-6CDAE7BF2089: change Leader from null to 9f5ac200-d2f7-413f-8590-e4ff1008cbf0 at term 1 for appendEntries, leader elected after 5253ms
2023-03-29 21:19:13,636 [1abb1f07-e430-4123-bdc4-d890b91ae57d@group-6CDAE7BF2089-SegmentedRaftLogWorker] INFO  segmented.SegmentedRaftLogWorker (SegmentedRaftLogWorker.java:execute(656)) - 1abb1f07-e430-4123-bdc4-d890b91ae57d@group-6CDAE7BF2089-SegmentedRaftLogWorker: created new log segment /home/runner/work/ozone/ozone/hadoop-ozone/integration-test/target/test-dir/MiniOzoneClusterImpl-0d259c79-1228-4415-b9fd-a9070010e405/datanode-0/data/ratis/b8760019-3358-43e9-b3bf-6cdae7bf2089/current/log_inprogress_0
2023-03-29 21:19:13,640 [10c8465d-f338-41bc-bb05-aaed11bcc7c4-server-thread2] INFO  server.RaftServer$Division (ServerState.java:setRaftConf(430)) - 10c8465d-f338-41bc-bb05-aaed11bcc7c4@group-6CDAE7BF2089: set configuration 0: peers:[1abb1f07-e430-4123-bdc4-d890b91ae57d|rpc:10.1.0.17:46059|dataStream:10.1.0.17:45191|priority:0|startupRole:FOLLOWER, 9f5ac200-d2f7-413f-8590-e4ff1008cbf0|rpc:10.1.0.17:40263|dataStream:10.1.0.17:34153|priority:1|startupRole:FOLLOWER, 10c8465d-f338-41bc-bb05-aaed11bcc7c4|rpc:10.1.0.17:37199|dataStream:10.1.0.17:42937|priority:0|startupRole:FOLLOWER]|listeners:[], old=null
2023-03-29 21:19:13,640 [10c8465d-f338-41bc-bb05-aaed11bcc7c4-server-thread2] INFO  segmented.SegmentedRaftLogWorker (SegmentedRaftLogWorker.java:startLogSegment(452)) - 10c8465d-f338-41bc-bb05-aaed11bcc7c4@group-6CDAE7BF2089-SegmentedRaftLogWorker: Starting segment from index:0
2023-03-29 21:19:13,643 [10c8465d-f338-41bc-bb05-aaed11bcc7c4@group-6CDAE7BF2089-SegmentedRaftLogWorker] INFO  segmented.SegmentedRaftLogWorker (SegmentedRaftLogWorker.java:execute(656)) - 10c8465d-f338-41bc-bb05-aaed11bcc7c4@group-6CDAE7BF2089-SegmentedRaftLogWorker: created new log segment /home/runner/work/ozone/ozone/hadoop-ozone/integration-test/target/test-dir/MiniOzoneClusterImpl-0d259c79-1228-4415-b9fd-a9070010e405/datanode-1/data/ratis/b8760019-3358-43e9-b3bf-6cdae7bf2089/current/log_inprogress_0
2023-03-29 21:19:13,753 [10c8465d-f338-41bc-bb05-aaed11bcc7c4@group-8D8CEE43932A-FollowerState] INFO  impl.FollowerState (FollowerState.java:run(143)) - 10c8465d-f338-41bc-bb05-aaed11bcc7c4@group-8D8CEE43932A-FollowerState: change to CANDIDATE, lastRpcElapsedTime:5129058931ns, electionTimeout:5128ms
2023-03-29 21:19:13,753 [10c8465d-f338-41bc-bb05-aaed11bcc7c4@group-8D8CEE43932A-FollowerState] INFO  impl.RoleInfo (RoleInfo.java:shutdownFollowerState(110)) - 10c8465d-f338-41bc-bb05-aaed11bcc7c4: shutdown 10c8465d-f338-41bc-bb05-aaed11bcc7c4@group-8D8CEE43932A-FollowerState
2023-03-29 21:19:13,753 [10c8465d-f338-41bc-bb05-aaed11bcc7c4@group-8D8CEE43932A-FollowerState] INFO  server.RaftServer$Division (RaftServerImpl.java:setRole(321)) - 10c8465d-f338-41bc-bb05-aaed11bcc7c4@group-8D8CEE43932A: changes role from  FOLLOWER to CANDIDATE at term 0 for changeToCandidate
2023-03-29 21:19:13,754 [10c8465d-f338-41bc-bb05-aaed11bcc7c4@group-8D8CEE43932A-FollowerState] INFO  server.RaftServerConfigKeys (ConfUtils.java:logGet(46)) - raft.server.leaderelection.pre-vote = true (default)
2023-03-29 21:19:13,754 [10c8465d-f338-41bc-bb05-aaed11bcc7c4@group-8D8CEE43932A-FollowerState] INFO  impl.RoleInfo (RoleInfo.java:updateAndGet(139)) - 10c8465d-f338-41bc-bb05-aaed11bcc7c4: start 10c8465d-f338-41bc-bb05-aaed11bcc7c4@group-8D8CEE43932A-LeaderElection51
2023-03-29 21:19:13,755 [10c8465d-f338-41bc-bb05-aaed11bcc7c4@group-8D8CEE43932A-LeaderElection51] INFO  impl.LeaderElection (LeaderElection.java:askForVotes(312)) - 10c8465d-f338-41bc-bb05-aaed11bcc7c4@group-8D8CEE43932A-LeaderElection51 PRE_VOTE round 0: submit vote requests at term 0 for -1: peers:[10c8465d-f338-41bc-bb05-aaed11bcc7c4|rpc:10.1.0.17:37199|dataStream:10.1.0.17:42937|priority:1|startupRole:FOLLOWER]|listeners:[], old=null
2023-03-29 21:19:13,755 [10c8465d-f338-41bc-bb05-aaed11bcc7c4@group-8D8CEE43932A-LeaderElection51] INFO  impl.LeaderElection (LeaderElection.java:askForVotes(314)) - 10c8465d-f338-41bc-bb05-aaed11bcc7c4@group-8D8CEE43932A-LeaderElection51 PRE_VOTE round 0: result PASSED (term=0)
2023-03-29 21:19:13,756 [10c8465d-f338-41bc-bb05-aaed11bcc7c4@group-8D8CEE43932A-LeaderElection51] INFO  impl.LeaderElection (LeaderElection.java:askForVotes(312)) - 10c8465d-f338-41bc-bb05-aaed11bcc7c4@group-8D8CEE43932A-LeaderElection51 ELECTION round 0: submit vote requests at term 1 for -1: peers:[10c8465d-f338-41bc-bb05-aaed11bcc7c4|rpc:10.1.0.17:37199|dataStream:10.1.0.17:42937|priority:1|startupRole:FOLLOWER]|listeners:[], old=null
2023-03-29 21:19:13,756 [10c8465d-f338-41bc-bb05-aaed11bcc7c4@group-8D8CEE43932A-LeaderElection51] INFO  impl.LeaderElection (LeaderElection.java:askForVotes(314)) - 10c8465d-f338-41bc-bb05-aaed11bcc7c4@group-8D8CEE43932A-LeaderElection51 ELECTION round 0: result PASSED (term=1)
2023-03-29 21:19:13,756 [10c8465d-f338-41bc-bb05-aaed11bcc7c4@group-8D8CEE43932A-LeaderElection51] INFO  impl.RoleInfo (RoleInfo.java:shutdownLeaderElection(130)) - 10c8465d-f338-41bc-bb05-aaed11bcc7c4: shutdown 10c8465d-f338-41bc-bb05-aaed11bcc7c4@group-8D8CEE43932A-LeaderElection51
2023-03-29 21:19:13,756 [10c8465d-f338-41bc-bb05-aaed11bcc7c4@group-8D8CEE43932A-LeaderElection51] INFO  server.RaftServer$Division (RaftServerImpl.java:setRole(321)) - 10c8465d-f338-41bc-bb05-aaed11bcc7c4@group-8D8CEE43932A: changes role from CANDIDATE to LEADER at term 1 for changeToLeader
2023-03-29 21:19:13,756 [10c8465d-f338-41bc-bb05-aaed11bcc7c4@group-8D8CEE43932A-LeaderElection51] INFO  ratis.XceiverServerRatis (XceiverServerRatis.java:handleLeaderChangedNotification(904)) - Leader change notification received for group: group-8D8CEE43932A with new leaderId: 10c8465d-f338-41bc-bb05-aaed11bcc7c4
2023-03-29 21:19:13,756 [10c8465d-f338-41bc-bb05-aaed11bcc7c4@group-8D8CEE43932A-LeaderElection51] INFO  server.RaftServer$Division (ServerState.java:setLeader(313)) - 10c8465d-f338-41bc-bb05-aaed11bcc7c4@group-8D8CEE43932A: change Leader from null to 10c8465d-f338-41bc-bb05-aaed11bcc7c4 at term 1 for becomeLeader, leader elected after 5144ms
2023-03-29 21:19:13,756 [10c8465d-f338-41bc-bb05-aaed11bcc7c4@group-8D8CEE43932A-LeaderElection51] INFO  server.RaftServerConfigKeys (ConfUtils.java:logGet(46)) - raft.server.staging.catchup.gap = 1000 (default)
2023-03-29 21:19:13,757 [10c8465d-f338-41bc-bb05-aaed11bcc7c4@group-8D8CEE43932A-LeaderElection51] INFO  server.RaftServerConfigKeys (ConfUtils.java:logGet(46)) - raft.server.write.element-limit = 1024 (custom)
2023-03-29 21:19:13,757 [10c8465d-f338-41bc-bb05-aaed11bcc7c4@group-8D8CEE43932A-LeaderElection51] INFO  server.RaftServerConfigKeys (ConfUtils.java:logGet(46)) - raft.server.write.byte-limit = 1024 M (=1073741824) (custom)
2023-03-29 21:19:13,757 [10c8465d-f338-41bc-bb05-aaed11bcc7c4@group-8D8CEE43932A-LeaderElection51] INFO  server.RaftServerConfigKeys (ConfUtils.java:logGet(46)) - raft.server.watch.timeout = 180s (custom)
2023-03-29 21:19:13,757 [10c8465d-f338-41bc-bb05-aaed11bcc7c4@group-8D8CEE43932A-LeaderElection51] INFO  server.RaftServerConfigKeys (ConfUtils.java:logGet(46)) - raft.server.watch.timeout.denomination = 1s (default)
2023-03-29 21:19:13,757 [10c8465d-f338-41bc-bb05-aaed11bcc7c4@group-8D8CEE43932A-LeaderElection51] INFO  server.RaftServerConfigKeys (ConfUtils.java:logGet(46)) - raft.server.watch.element-limit = 65536 (default)
2023-03-29 21:19:13,757 [10c8465d-f338-41bc-bb05-aaed11bcc7c4@group-8D8CEE43932A-LeaderElection51] INFO  server.RaftServerConfigKeys (ConfUtils.java:logGet(46)) - raft.server.write.element-limit = 1024 (custom)
2023-03-29 21:19:13,757 [10c8465d-f338-41bc-bb05-aaed11bcc7c4@group-8D8CEE43932A-LeaderElection51] INFO  server.RaftServerConfigKeys (ConfUtils.java:logGet(46)) - raft.server.write.follower.gap.ratio.max = -1.0 (default)
2023-03-29 21:19:13,758 [10c8465d-f338-41bc-bb05-aaed11bcc7c4@group-8D8CEE43932A-LeaderElection51] INFO  impl.RoleInfo (RoleInfo.java:updateAndGet(139)) - 10c8465d-f338-41bc-bb05-aaed11bcc7c4: start 10c8465d-f338-41bc-bb05-aaed11bcc7c4@group-8D8CEE43932A-LeaderStateImpl
2023-03-29 21:19:13,758 [10c8465d-f338-41bc-bb05-aaed11bcc7c4@group-8D8CEE43932A-LeaderElection51] INFO  segmented.SegmentedRaftLogWorker (SegmentedRaftLogWorker.java:startLogSegment(452)) - 10c8465d-f338-41bc-bb05-aaed11bcc7c4@group-8D8CEE43932A-SegmentedRaftLogWorker: Starting segment from index:0
2023-03-29 21:19:13,762 [10c8465d-f338-41bc-bb05-aaed11bcc7c4@group-8D8CEE43932A-LeaderElection51] INFO  server.RaftServer$Division (ServerState.java:setRaftConf(430)) - 10c8465d-f338-41bc-bb05-aaed11bcc7c4@group-8D8CEE43932A: set configuration 0: peers:[10c8465d-f338-41bc-bb05-aaed11bcc7c4|rpc:10.1.0.17:37199|dataStream:10.1.0.17:42937|priority:1|startupRole:FOLLOWER]|listeners:[], old=null
2023-03-29 21:19:13,762 [10c8465d-f338-41bc-bb05-aaed11bcc7c4@group-8D8CEE43932A-SegmentedRaftLogWorker] INFO  segmented.SegmentedRaftLogWorker (SegmentedRaftLogWorker.java:execute(656)) - 10c8465d-f338-41bc-bb05-aaed11bcc7c4@group-8D8CEE43932A-SegmentedRaftLogWorker: created new log segment /home/runner/work/ozone/ozone/hadoop-ozone/integration-test/target/test-dir/MiniOzoneClusterImpl-0d259c79-1228-4415-b9fd-a9070010e405/datanode-1/data/ratis/07c8e1f0-909a-4363-b4d7-8d8cee43932a/current/log_inprogress_0
2023-03-29 21:19:13,947 [Listener at 127.0.0.1/39503] INFO  ozone.MiniOzoneClusterImpl (MiniOzoneClusterImpl.java:lambda$waitForClusterToBeReady$0(222)) - Nodes are ready. Got 3 of 3 DN Heartbeats.
2023-03-29 21:19:13,947 [Listener at 127.0.0.1/39503] INFO  ozone.MiniOzoneClusterImpl (MiniOzoneClusterImpl.java:lambda$waitForClusterToBeReady$0(225)) - Cluster exits safe mode
2023-03-29 21:19:13,947 [Listener at 127.0.0.1/39503] INFO  ozone.MiniOzoneClusterImpl (MiniOzoneClusterImpl.java:lambda$waitForClusterToBeReady$0(227)) - SCM became leader
2023-03-29 21:19:14,119 [9f5ac200-d2f7-413f-8590-e4ff1008cbf0@group-4BBE8947C7EF-FollowerState] INFO  impl.FollowerState (FollowerState.java:run(143)) - 9f5ac200-d2f7-413f-8590-e4ff1008cbf0@group-4BBE8947C7EF-FollowerState: change to CANDIDATE, lastRpcElapsedTime:5162082144ns, electionTimeout:5161ms
2023-03-29 21:19:14,119 [9f5ac200-d2f7-413f-8590-e4ff1008cbf0@group-4BBE8947C7EF-FollowerState] INFO  impl.RoleInfo (RoleInfo.java:shutdownFollowerState(110)) - 9f5ac200-d2f7-413f-8590-e4ff1008cbf0: shutdown 9f5ac200-d2f7-413f-8590-e4ff1008cbf0@group-4BBE8947C7EF-FollowerState
2023-03-29 21:19:14,119 [9f5ac200-d2f7-413f-8590-e4ff1008cbf0@group-4BBE8947C7EF-FollowerState] INFO  server.RaftServer$Division (RaftServerImpl.java:setRole(321)) - 9f5ac200-d2f7-413f-8590-e4ff1008cbf0@group-4BBE8947C7EF: changes role from  FOLLOWER to CANDIDATE at term 0 for changeToCandidate
2023-03-29 21:19:14,119 [9f5ac200-d2f7-413f-8590-e4ff1008cbf0@group-4BBE8947C7EF-FollowerState] INFO  server.RaftServerConfigKeys (ConfUtils.java:logGet(46)) - raft.server.leaderelection.pre-vote = true (default)
2023-03-29 21:19:14,119 [9f5ac200-d2f7-413f-8590-e4ff1008cbf0@group-4BBE8947C7EF-FollowerState] INFO  impl.RoleInfo (RoleInfo.java:updateAndGet(139)) - 9f5ac200-d2f7-413f-8590-e4ff1008cbf0: start 9f5ac200-d2f7-413f-8590-e4ff1008cbf0@group-4BBE8947C7EF-LeaderElection52
2023-03-29 21:19:14,120 [9f5ac200-d2f7-413f-8590-e4ff1008cbf0@group-4BBE8947C7EF-LeaderElection52] INFO  impl.LeaderElection (LeaderElection.java:askForVotes(312)) - 9f5ac200-d2f7-413f-8590-e4ff1008cbf0@group-4BBE8947C7EF-LeaderElection52 PRE_VOTE round 0: submit vote requests at term 0 for -1: peers:[9f5ac200-d2f7-413f-8590-e4ff1008cbf0|rpc:10.1.0.17:40263|dataStream:10.1.0.17:34153|priority:1|startupRole:FOLLOWER]|listeners:[], old=null
2023-03-29 21:19:14,121 [9f5ac200-d2f7-413f-8590-e4ff1008cbf0@group-4BBE8947C7EF-LeaderElection52] INFO  impl.LeaderElection (LeaderElection.java:askForVotes(314)) - 9f5ac200-d2f7-413f-8590-e4ff1008cbf0@group-4BBE8947C7EF-LeaderElection52 PRE_VOTE round 0: result PASSED (term=0)
2023-03-29 21:19:14,122 [9f5ac200-d2f7-413f-8590-e4ff1008cbf0@group-4BBE8947C7EF-LeaderElection52] INFO  impl.LeaderElection (LeaderElection.java:askForVotes(312)) - 9f5ac200-d2f7-413f-8590-e4ff1008cbf0@group-4BBE8947C7EF-LeaderElection52 ELECTION round 0: submit vote requests at term 1 for -1: peers:[9f5ac200-d2f7-413f-8590-e4ff1008cbf0|rpc:10.1.0.17:40263|dataStream:10.1.0.17:34153|priority:1|startupRole:FOLLOWER]|listeners:[], old=null
2023-03-29 21:19:14,122 [9f5ac200-d2f7-413f-8590-e4ff1008cbf0@group-4BBE8947C7EF-LeaderElection52] INFO  impl.LeaderElection (LeaderElection.java:askForVotes(314)) - 9f5ac200-d2f7-413f-8590-e4ff1008cbf0@group-4BBE8947C7EF-LeaderElection52 ELECTION round 0: result PASSED (term=1)
2023-03-29 21:19:14,122 [9f5ac200-d2f7-413f-8590-e4ff1008cbf0@group-4BBE8947C7EF-LeaderElection52] INFO  impl.RoleInfo (RoleInfo.java:shutdownLeaderElection(130)) - 9f5ac200-d2f7-413f-8590-e4ff1008cbf0: shutdown 9f5ac200-d2f7-413f-8590-e4ff1008cbf0@group-4BBE8947C7EF-LeaderElection52
2023-03-29 21:19:14,122 [9f5ac200-d2f7-413f-8590-e4ff1008cbf0@group-4BBE8947C7EF-LeaderElection52] INFO  server.RaftServer$Division (RaftServerImpl.java:setRole(321)) - 9f5ac200-d2f7-413f-8590-e4ff1008cbf0@group-4BBE8947C7EF: changes role from CANDIDATE to LEADER at term 1 for changeToLeader
2023-03-29 21:19:14,122 [9f5ac200-d2f7-413f-8590-e4ff1008cbf0@group-4BBE8947C7EF-LeaderElection52] INFO  ratis.XceiverServerRatis (XceiverServerRatis.java:handleLeaderChangedNotification(904)) - Leader change notification received for group: group-4BBE8947C7EF with new leaderId: 9f5ac200-d2f7-413f-8590-e4ff1008cbf0
2023-03-29 21:19:14,122 [9f5ac200-d2f7-413f-8590-e4ff1008cbf0@group-4BBE8947C7EF-LeaderElection52] INFO  server.RaftServer$Division (ServerState.java:setLeader(313)) - 9f5ac200-d2f7-413f-8590-e4ff1008cbf0@group-4BBE8947C7EF: change Leader from null to 9f5ac200-d2f7-413f-8590-e4ff1008cbf0 at term 1 for becomeLeader, leader elected after 5176ms
2023-03-29 21:19:14,122 [9f5ac200-d2f7-413f-8590-e4ff1008cbf0@group-4BBE8947C7EF-LeaderElection52] INFO  server.RaftServerConfigKeys (ConfUtils.java:logGet(46)) - raft.server.staging.catchup.gap = 1000 (default)
2023-03-29 21:19:14,122 [9f5ac200-d2f7-413f-8590-e4ff1008cbf0@group-4BBE8947C7EF-LeaderElection52] INFO  server.RaftServerConfigKeys (ConfUtils.java:logGet(46)) - raft.server.write.element-limit = 1024 (custom)
2023-03-29 21:19:14,122 [9f5ac200-d2f7-413f-8590-e4ff1008cbf0@group-4BBE8947C7EF-LeaderElection52] INFO  server.RaftServerConfigKeys (ConfUtils.java:logGet(46)) - raft.server.write.byte-limit = 1024 M (=1073741824) (custom)
2023-03-29 21:19:14,123 [9f5ac200-d2f7-413f-8590-e4ff1008cbf0@group-4BBE8947C7EF-LeaderElection52] INFO  server.RaftServerConfigKeys (ConfUtils.java:logGet(46)) - raft.server.watch.timeout = 180s (custom)
2023-03-29 21:19:14,123 [9f5ac200-d2f7-413f-8590-e4ff1008cbf0@group-4BBE8947C7EF-LeaderElection52] INFO  server.RaftServerConfigKeys (ConfUtils.java:logGet(46)) - raft.server.watch.timeout.denomination = 1s (default)
2023-03-29 21:19:14,123 [9f5ac200-d2f7-413f-8590-e4ff1008cbf0@group-4BBE8947C7EF-LeaderElection52] INFO  server.RaftServerConfigKeys (ConfUtils.java:logGet(46)) - raft.server.watch.element-limit = 65536 (default)
2023-03-29 21:19:14,123 [9f5ac200-d2f7-413f-8590-e4ff1008cbf0@group-4BBE8947C7EF-LeaderElection52] INFO  server.RaftServerConfigKeys (ConfUtils.java:logGet(46)) - raft.server.write.element-limit = 1024 (custom)
2023-03-29 21:19:14,123 [9f5ac200-d2f7-413f-8590-e4ff1008cbf0@group-4BBE8947C7EF-LeaderElection52] INFO  server.RaftServerConfigKeys (ConfUtils.java:logGet(46)) - raft.server.write.follower.gap.ratio.max = -1.0 (default)
2023-03-29 21:19:14,123 [9f5ac200-d2f7-413f-8590-e4ff1008cbf0@group-4BBE8947C7EF-LeaderElection52] INFO  impl.RoleInfo (RoleInfo.java:updateAndGet(139)) - 9f5ac200-d2f7-413f-8590-e4ff1008cbf0: start 9f5ac200-d2f7-413f-8590-e4ff1008cbf0@group-4BBE8947C7EF-LeaderStateImpl
2023-03-29 21:19:14,124 [9f5ac200-d2f7-413f-8590-e4ff1008cbf0@group-4BBE8947C7EF-LeaderElection52] INFO  segmented.SegmentedRaftLogWorker (SegmentedRaftLogWorker.java:startLogSegment(452)) - 9f5ac200-d2f7-413f-8590-e4ff1008cbf0@group-4BBE8947C7EF-SegmentedRaftLogWorker: Starting segment from index:0
2023-03-29 21:19:14,125 [9f5ac200-d2f7-413f-8590-e4ff1008cbf0@group-4BBE8947C7EF-SegmentedRaftLogWorker] INFO  segmented.SegmentedRaftLogWorker (SegmentedRaftLogWorker.java:execute(656)) - 9f5ac200-d2f7-413f-8590-e4ff1008cbf0@group-4BBE8947C7EF-SegmentedRaftLogWorker: created new log segment /home/runner/work/ozone/ozone/hadoop-ozone/integration-test/target/test-dir/MiniOzoneClusterImpl-0d259c79-1228-4415-b9fd-a9070010e405/datanode-2/data/ratis/20e00ea0-ba19-470d-bebf-4bbe8947c7ef/current/log_inprogress_0
2023-03-29 21:19:14,126 [9f5ac200-d2f7-413f-8590-e4ff1008cbf0@group-4BBE8947C7EF-LeaderElection52] INFO  server.RaftServer$Division (ServerState.java:setRaftConf(430)) - 9f5ac200-d2f7-413f-8590-e4ff1008cbf0@group-4BBE8947C7EF: set configuration 0: peers:[9f5ac200-d2f7-413f-8590-e4ff1008cbf0|rpc:10.1.0.17:40263|dataStream:10.1.0.17:34153|priority:1|startupRole:FOLLOWER]|listeners:[], old=null
2023-03-29 21:19:25,949 [Listener at 127.0.0.1/39503] INFO  ozone.MiniOzoneClusterImpl (MiniOzoneClusterImpl.java:shutdown(455)) - Shutting down the Mini Ozone Cluster
2023-03-29 21:19:25,949 [Listener at 127.0.0.1/39503] INFO  ozone.MiniOzoneClusterImpl (MiniOzoneClusterImpl.java:stop(471)) - Stopping the Mini Ozone Cluster
2023-03-29 21:19:25,949 [Listener at 127.0.0.1/39503] INFO  ozone.MiniOzoneClusterImpl (MiniOzoneClusterImpl.java:stopOM(553)) - Stopping the OzoneManager
2023-03-29 21:19:25,949 [Listener at 127.0.0.1/39503] INFO  om.OzoneManager (OzoneManager.java:stop(2155)) - om1[localhost:0]: Stopping Ozone Manager
2023-03-29 21:19:25,949 [Listener at 127.0.0.1/39503] INFO  ipc.Server (Server.java:stop(3428)) - Stopping server on 39503
2023-03-29 21:19:25,952 [IPC Server listener on 0] INFO  ipc.Server (Server.java:run(1384)) - Stopping IPC Server listener on 0
2023-03-29 21:19:25,954 [IPC Server Responder] INFO  ipc.Server (Server.java:run(1517)) - Stopping IPC Server Responder
2023-03-29 21:19:25,954 [Listener at 127.0.0.1/39503] INFO  server.RaftServer (RaftServerProxy.java:lambda$close$6(409)) - om1: close
2023-03-29 21:19:25,954 [Listener at 127.0.0.1/39503] INFO  server.GrpcService (GrpcService.java:closeImpl(271)) - om1: shutdown server GrpcServerProtocolService now
2023-03-29 21:19:25,955 [om1-impl-thread1] INFO  server.RaftServer$Division (RaftServerImpl.java:lambda$close$4(458)) - om1@group-C5BA1605619E: shutdown
2023-03-29 21:19:25,955 [om1-impl-thread1] INFO  util.JmxRegister (JmxRegister.java:unregister(73)) - Successfully un-registered JMX Bean with object name Ratis:service=RaftServer,group=group-C5BA1605619E,id=om1
2023-03-29 21:19:25,955 [om1-impl-thread1] INFO  impl.RoleInfo (RoleInfo.java:shutdownLeaderState(93)) - om1: shutdown om1@group-C5BA1605619E-LeaderStateImpl
2023-03-29 21:19:25,955 [om1-impl-thread1] INFO  impl.PendingRequests (PendingRequests.java:sendNotLeaderResponses(282)) - om1@group-C5BA1605619E-PendingRequests: sendNotLeaderResponses
2023-03-29 21:19:25,955 [om1-impl-thread1] INFO  impl.StateMachineUpdater (StateMachineUpdater.java:stopAndJoin(153)) - om1@group-C5BA1605619E-StateMachineUpdater: set stopIndex = 0
2023-03-29 21:19:25,956 [Listener at 127.0.0.1/39503] INFO  server.GrpcService (GrpcService.java:closeImpl(280)) - om1: shutdown server GrpcServerProtocolService successfully
2023-03-29 21:19:25,956 [om1@group-C5BA1605619E-StateMachineUpdater] INFO  ratis.OzoneManagerStateMachine (OzoneManagerStateMachine.java:takeSnapshot(445)) - Current Snapshot Index (t:1, i:0)
2023-03-29 21:19:25,964 [om1@group-C5BA1605619E-StateMachineUpdater] INFO  impl.StateMachineUpdater (StateMachineUpdater.java:takeSnapshot(287)) - om1@group-C5BA1605619E-StateMachineUpdater: Took a snapshot at index 0
2023-03-29 21:19:25,964 [om1@group-C5BA1605619E-StateMachineUpdater] INFO  impl.StateMachineUpdater (StateMachineUpdater.java:lambda$new$0(92)) - om1@group-C5BA1605619E-StateMachineUpdater: snapshotIndex: updateIncreasingly -1 -> 0
2023-03-29 21:19:25,964 [om1@group-C5BA1605619E-StateMachineUpdater] INFO  ratis.OzoneManagerStateMachine (OzoneManagerStateMachine.java:close(499)) - StateMachine has shutdown. Shutdown OzoneManager if not already shutdown.
2023-03-29 21:19:25,964 [om1@group-C5BA1605619E-StateMachineUpdater] INFO  ratis.OzoneManagerDoubleBuffer (OzoneManagerDoubleBuffer.java:stopDaemon(540)) - Stopping OMDoubleBuffer flush thread
2023-03-29 21:19:25,965 [OMDoubleBufferFlushThread] INFO  ratis.OzoneManagerDoubleBuffer (OzoneManagerDoubleBuffer.java:canFlush(625)) - OMDoubleBuffer flush thread OMDoubleBufferFlushThread is interrupted and will exit.
2023-03-29 21:19:25,965 [om1-impl-thread1] INFO  server.RaftServer$Division (ServerState.java:close(466)) - om1@group-C5BA1605619E: closes. applyIndex: 0
2023-03-29 21:19:25,965 [om1@group-C5BA1605619E-SegmentedRaftLogWorker] INFO  segmented.SegmentedRaftLogWorker (SegmentedRaftLogWorker.java:run(347)) - om1@group-C5BA1605619E-SegmentedRaftLogWorker was interrupted, exiting. There are 0 tasks remaining in the queue.
2023-03-29 21:19:25,967 [om1-impl-thread1] INFO  segmented.SegmentedRaftLogWorker (SegmentedRaftLogWorker.java:close(257)) - om1@group-C5BA1605619E-SegmentedRaftLogWorker close()
2023-03-29 21:19:25,967 [JvmPauseMonitor25] INFO  util.JvmPauseMonitor (JvmPauseMonitor.java:run(111)) - JvmPauseMonitor-om1: Stopped
2023-03-29 21:19:25,967 [Listener at 127.0.0.1/39503] INFO  ratis.OzoneManagerStateMachine (OzoneManagerStateMachine.java:close(499)) - StateMachine has shutdown. Shutdown OzoneManager if not already shutdown.
2023-03-29 21:19:25,967 [Listener at 127.0.0.1/39503] INFO  ratis.OzoneManagerDoubleBuffer (OzoneManagerDoubleBuffer.java:stopDaemon(549)) - OMDoubleBuffer flush thread is not running.
2023-03-29 21:19:25,967 [Listener at 127.0.0.1/39503] INFO  utils.BackgroundService (BackgroundService.java:shutdown(141)) - Shutting down service KeyDeletingService
2023-03-29 21:19:25,967 [Listener at 127.0.0.1/39503] INFO  utils.BackgroundService (BackgroundService.java:shutdown(141)) - Shutting down service DirectoryDeletingService
2023-03-29 21:19:25,967 [Listener at 127.0.0.1/39503] INFO  utils.BackgroundService (BackgroundService.java:shutdown(141)) - Shutting down service OpenKeyCleanupService
2023-03-29 21:19:25,967 [Listener at 127.0.0.1/39503] INFO  utils.BackgroundService (BackgroundService.java:shutdown(141)) - Shutting down service SstFilteringService
2023-03-29 21:19:25,967 [Listener at 127.0.0.1/39503] INFO  utils.BackgroundService (BackgroundService.java:shutdown(141)) - Shutting down service SnapshotDeletingService
2023-03-29 21:19:25,968 [Listener at 127.0.0.1/39503] INFO  handler.ContextHandler (ContextHandler.java:doStop(1159)) - Stopped o.e.j.w.WebAppContext@4fe1d55a{ozoneManager,/,null,STOPPED}{file:/home/runner/work/ozone/ozone/hadoop-ozone/integration-test/target/test-classes/webapps/ozoneManager}
2023-03-29 21:19:25,969 [Listener at 127.0.0.1/39503] INFO  server.AbstractConnector (AbstractConnector.java:doStop(383)) - Stopped ServerConnector@5aa5dde4{HTTP/1.1, (http/1.1)}{0.0.0.0:0}
2023-03-29 21:19:25,969 [Listener at 127.0.0.1/39503] INFO  server.session (HouseKeeper.java:stopScavenging(149)) - node0 Stopped scavenging
2023-03-29 21:19:25,969 [Listener at 127.0.0.1/39503] INFO  handler.ContextHandler (ContextHandler.java:doStop(1159)) - Stopped o.e.j.s.ServletContextHandler@256faf9e{static,/static,file:///home/runner/work/ozone/ozone/hadoop-ozone/integration-test/target/test-classes/webapps/static,STOPPED}
2023-03-29 21:19:25,969 [Listener at 127.0.0.1/39503] INFO  handler.ContextHandler (ContextHandler.java:doStop(1159)) - Stopped o.e.j.s.ServletContextHandler@37d14f1d{logs,/logs,file:///home/runner/work/ozone/ozone/hadoop-ozone/integration-test/target/log,STOPPED}
2023-03-29 21:19:25,971 [Listener at 127.0.0.1/39503] INFO  ozone.MiniOzoneClusterImpl (MiniOzoneClusterImpl.java:stopDatanodes(530)) - Stopping the HddsDatanodes
2023-03-29 21:19:25,973 [ForkJoinPool.commonPool-worker-0] INFO  ozoneimpl.OzoneContainer (OzoneContainer.java:stop(419)) - Attempting to stop container services.
2023-03-29 21:19:25,979 [ForkJoinPool.commonPool-worker-0] INFO  server.RaftServer (RaftServerProxy.java:lambda$close$6(409)) - 1abb1f07-e430-4123-bdc4-d890b91ae57d: close
2023-03-29 21:19:25,979 [Listener at 127.0.0.1/39503] INFO  ozoneimpl.OzoneContainer (OzoneContainer.java:stop(419)) - Attempting to stop container services.
2023-03-29 21:19:25,979 [1abb1f07-e430-4123-bdc4-d890b91ae57d-impl-thread1] INFO  server.RaftServer$Division (RaftServerImpl.java:lambda$close$4(458)) - 1abb1f07-e430-4123-bdc4-d890b91ae57d@group-871F59F78747: shutdown
2023-03-29 21:19:25,980 [1abb1f07-e430-4123-bdc4-d890b91ae57d-impl-thread1] INFO  util.JmxRegister (JmxRegister.java:unregister(73)) - Successfully un-registered JMX Bean with object name Ratis:service=RaftServer,group=group-871F59F78747,id=1abb1f07-e430-4123-bdc4-d890b91ae57d
2023-03-29 21:19:25,980 [1abb1f07-e430-4123-bdc4-d890b91ae57d-impl-thread2] INFO  server.RaftServer$Division (RaftServerImpl.java:lambda$close$4(458)) - 1abb1f07-e430-4123-bdc4-d890b91ae57d@group-F46F346B2B0A: shutdown
2023-03-29 21:19:25,980 [1abb1f07-e430-4123-bdc4-d890b91ae57d-impl-thread1] INFO  impl.RoleInfo (RoleInfo.java:shutdownFollowerState(110)) - 1abb1f07-e430-4123-bdc4-d890b91ae57d: shutdown 1abb1f07-e430-4123-bdc4-d890b91ae57d@group-871F59F78747-FollowerState
2023-03-29 21:19:25,980 [1abb1f07-e430-4123-bdc4-d890b91ae57d-impl-thread1] INFO  impl.StateMachineUpdater (StateMachineUpdater.java:stopAndJoin(153)) - 1abb1f07-e430-4123-bdc4-d890b91ae57d@group-871F59F78747-StateMachineUpdater: set stopIndex = 0
2023-03-29 21:19:25,980 [1abb1f07-e430-4123-bdc4-d890b91ae57d-impl-thread2] INFO  util.JmxRegister (JmxRegister.java:unregister(73)) - Successfully un-registered JMX Bean with object name Ratis:service=RaftServer,group=group-F46F346B2B0A,id=1abb1f07-e430-4123-bdc4-d890b91ae57d
2023-03-29 21:19:25,980 [1abb1f07-e430-4123-bdc4-d890b91ae57d-impl-thread2] INFO  impl.RoleInfo (RoleInfo.java:shutdownLeaderState(93)) - 1abb1f07-e430-4123-bdc4-d890b91ae57d: shutdown 1abb1f07-e430-4123-bdc4-d890b91ae57d@group-F46F346B2B0A-LeaderStateImpl
2023-03-29 21:19:25,980 [1abb1f07-e430-4123-bdc4-d890b91ae57d-impl-thread2] INFO  impl.PendingRequests (PendingRequests.java:sendNotLeaderResponses(282)) - 1abb1f07-e430-4123-bdc4-d890b91ae57d@group-F46F346B2B0A-PendingRequests: sendNotLeaderResponses
2023-03-29 21:19:25,980 [1abb1f07-e430-4123-bdc4-d890b91ae57d@group-871F59F78747-FollowerState] INFO  impl.FollowerState (FollowerState.java:run(152)) - 1abb1f07-e430-4123-bdc4-d890b91ae57d@group-871F59F78747-FollowerState was interrupted
2023-03-29 21:19:25,980 [ForkJoinPool.commonPool-worker-0] INFO  server.GrpcService (GrpcService.java:closeImpl(271)) - 1abb1f07-e430-4123-bdc4-d890b91ae57d: shutdown server GrpcServerProtocolService now
2023-03-29 21:19:25,980 [1abb1f07-e430-4123-bdc4-d890b91ae57d@group-871F59F78747-StateMachineUpdater] INFO  ratis.ContainerStateMachine (ContainerStateMachine.java:takeSnapshot(330)) - group-871F59F78747: Taking a snapshot at:(t:1, i:0) file /home/runner/work/ozone/ozone/hadoop-ozone/integration-test/target/test-dir/MiniOzoneClusterImpl-0d259c79-1228-4415-b9fd-a9070010e405/datanode-0/data/ratis/f59e7d95-e046-46e8-83f8-871f59f78747/sm/snapshot.1_0
2023-03-29 21:19:25,980 [1abb1f07-e430-4123-bdc4-d890b91ae57d@group-F46F346B2B0A-StateMachineUpdater] INFO  ratis.ContainerStateMachine (ContainerStateMachine.java:takeSnapshot(330)) - group-F46F346B2B0A: Taking a snapshot at:(t:1, i:0) file /home/runner/work/ozone/ozone/hadoop-ozone/integration-test/target/test-dir/MiniOzoneClusterImpl-0d259c79-1228-4415-b9fd-a9070010e405/datanode-0/data/ratis/3df01a8a-c5f9-43ee-95ee-f46f346b2b0a/sm/snapshot.1_0
2023-03-29 21:19:25,980 [Listener at 127.0.0.1/39503] INFO  server.RaftServer (RaftServerProxy.java:lambda$close$6(409)) - 10c8465d-f338-41bc-bb05-aaed11bcc7c4: close
2023-03-29 21:19:25,981 [1abb1f07-e430-4123-bdc4-d890b91ae57d-impl-thread2] INFO  impl.StateMachineUpdater (StateMachineUpdater.java:stopAndJoin(153)) - 1abb1f07-e430-4123-bdc4-d890b91ae57d@group-F46F346B2B0A-StateMachineUpdater: set stopIndex = 0
2023-03-29 21:19:25,981 [1abb1f07-e430-4123-bdc4-d890b91ae57d@group-F46F346B2B0A-StateMachineUpdater] INFO  ratis.ContainerStateMachine (ContainerStateMachine.java:takeSnapshot(341)) - group-F46F346B2B0A: Finished taking a snapshot at:(t:1, i:0) file:/home/runner/work/ozone/ozone/hadoop-ozone/integration-test/target/test-dir/MiniOzoneClusterImpl-0d259c79-1228-4415-b9fd-a9070010e405/datanode-0/data/ratis/3df01a8a-c5f9-43ee-95ee-f46f346b2b0a/sm/snapshot.1_0 took: 1 ms
2023-03-29 21:19:25,981 [10c8465d-f338-41bc-bb05-aaed11bcc7c4-impl-thread1] INFO  server.RaftServer$Division (RaftServerImpl.java:lambda$close$4(458)) - 10c8465d-f338-41bc-bb05-aaed11bcc7c4@group-871F59F78747: shutdown
2023-03-29 21:19:25,981 [10c8465d-f338-41bc-bb05-aaed11bcc7c4-impl-thread1] INFO  util.JmxRegister (JmxRegister.java:unregister(73)) - Successfully un-registered JMX Bean with object name Ratis:service=RaftServer,group=group-871F59F78747,id=10c8465d-f338-41bc-bb05-aaed11bcc7c4
2023-03-29 21:19:25,981 [1abb1f07-e430-4123-bdc4-d890b91ae57d@group-F46F346B2B0A-StateMachineUpdater] INFO  impl.StateMachineUpdater (StateMachineUpdater.java:takeSnapshot(287)) - 1abb1f07-e430-4123-bdc4-d890b91ae57d@group-F46F346B2B0A-StateMachineUpdater: Took a snapshot at index 0
2023-03-29 21:19:25,981 [1abb1f07-e430-4123-bdc4-d890b91ae57d@group-871F59F78747-StateMachineUpdater] INFO  ratis.ContainerStateMachine (ContainerStateMachine.java:takeSnapshot(341)) - group-871F59F78747: Finished taking a snapshot at:(t:1, i:0) file:/home/runner/work/ozone/ozone/hadoop-ozone/integration-test/target/test-dir/MiniOzoneClusterImpl-0d259c79-1228-4415-b9fd-a9070010e405/datanode-0/data/ratis/f59e7d95-e046-46e8-83f8-871f59f78747/sm/snapshot.1_0 took: 1 ms
2023-03-29 21:19:25,981 [1abb1f07-e430-4123-bdc4-d890b91ae57d-impl-thread3] INFO  server.RaftServer$Division (RaftServerImpl.java:lambda$close$4(458)) - 1abb1f07-e430-4123-bdc4-d890b91ae57d@group-6CDAE7BF2089: shutdown
2023-03-29 21:19:25,981 [1abb1f07-e430-4123-bdc4-d890b91ae57d@group-871F59F78747-StateMachineUpdater] INFO  impl.StateMachineUpdater (StateMachineUpdater.java:takeSnapshot(287)) - 1abb1f07-e430-4123-bdc4-d890b91ae57d@group-871F59F78747-StateMachineUpdater: Took a snapshot at index 0
2023-03-29 21:19:25,981 [1abb1f07-e430-4123-bdc4-d890b91ae57d@group-871F59F78747-StateMachineUpdater] INFO  impl.StateMachineUpdater (StateMachineUpdater.java:lambda$new$0(92)) - 1abb1f07-e430-4123-bdc4-d890b91ae57d@group-871F59F78747-StateMachineUpdater: snapshotIndex: updateIncreasingly -1 -> 0
2023-03-29 21:19:25,982 [10c8465d-f338-41bc-bb05-aaed11bcc7c4-impl-thread2] INFO  server.RaftServer$Division (RaftServerImpl.java:lambda$close$4(458)) - 10c8465d-f338-41bc-bb05-aaed11bcc7c4@group-8D8CEE43932A: shutdown
2023-03-29 21:19:25,981 [10c8465d-f338-41bc-bb05-aaed11bcc7c4-impl-thread1] INFO  impl.RoleInfo (RoleInfo.java:shutdownLeaderState(93)) - 10c8465d-f338-41bc-bb05-aaed11bcc7c4: shutdown 10c8465d-f338-41bc-bb05-aaed11bcc7c4@group-871F59F78747-LeaderStateImpl
2023-03-29 21:19:25,982 [Listener at 127.0.0.1/39503] INFO  server.GrpcService (GrpcService.java:closeImpl(271)) - 10c8465d-f338-41bc-bb05-aaed11bcc7c4: shutdown server GrpcServerProtocolService now
2023-03-29 21:19:25,982 [10c8465d-f338-41bc-bb05-aaed11bcc7c4@group-871F59F78747->1abb1f07-e430-4123-bdc4-d890b91ae57d-GrpcLogAppender-LogAppenderDaemon] WARN  server.GrpcLogAppender (GrpcLogAppender.java:mayWait(200)) - 10c8465d-f338-41bc-bb05-aaed11bcc7c4@group-871F59F78747->1abb1f07-e430-4123-bdc4-d890b91ae57d-GrpcLogAppender: Wait interrupted by java.lang.InterruptedException
2023-03-29 21:19:25,982 [10c8465d-f338-41bc-bb05-aaed11bcc7c4-impl-thread2] INFO  util.JmxRegister (JmxRegister.java:unregister(73)) - Successfully un-registered JMX Bean with object name Ratis:service=RaftServer,group=group-8D8CEE43932A,id=10c8465d-f338-41bc-bb05-aaed11bcc7c4
2023-03-29 21:19:25,981 [1abb1f07-e430-4123-bdc4-d890b91ae57d-impl-thread3] INFO  util.JmxRegister (JmxRegister.java:unregister(73)) - Successfully un-registered JMX Bean with object name Ratis:service=RaftServer,group=group-6CDAE7BF2089,id=1abb1f07-e430-4123-bdc4-d890b91ae57d
2023-03-29 21:19:25,986 [1abb1f07-e430-4123-bdc4-d890b91ae57d-impl-thread3] INFO  impl.RoleInfo (RoleInfo.java:shutdownFollowerState(110)) - 1abb1f07-e430-4123-bdc4-d890b91ae57d: shutdown 1abb1f07-e430-4123-bdc4-d890b91ae57d@group-6CDAE7BF2089-FollowerState
2023-03-29 21:19:25,981 [1abb1f07-e430-4123-bdc4-d890b91ae57d@group-F46F346B2B0A-StateMachineUpdater] INFO  impl.StateMachineUpdater (StateMachineUpdater.java:lambda$new$0(92)) - 1abb1f07-e430-4123-bdc4-d890b91ae57d@group-F46F346B2B0A-StateMachineUpdater: snapshotIndex: updateIncreasingly -1 -> 0
2023-03-29 21:19:25,986 [1abb1f07-e430-4123-bdc4-d890b91ae57d-impl-thread2] INFO  server.RaftServer$Division (ServerState.java:close(466)) - 1abb1f07-e430-4123-bdc4-d890b91ae57d@group-F46F346B2B0A: closes. applyIndex: 0
2023-03-29 21:19:25,986 [grpc-default-executor-4] INFO  server.GrpcServerProtocolService (GrpcServerProtocolService.java:onCompleted(143)) - 1abb1f07-e430-4123-bdc4-d890b91ae57d: Completed APPEND_ENTRIES, lastRequest: 10c8465d-f338-41bc-bb05-aaed11bcc7c4->1abb1f07-e430-4123-bdc4-d890b91ae57d#1-t1,previous=(t:0, i:0),leaderCommit=0,initializing? true,entries: size=1, first=(t:1, i:0), CONFIGURATIONENTRY(current:id: "1abb1f07-e430-4123-bdc4-d890b91ae57d"
address: "10.1.0.17:46059"
dataStreamAddress: "10.1.0.17:45191"
clientAddress: "10.1.0.17:46059"
adminAddress: "10.1.0.17:46059"
startupRole: FOLLOWER
,id: "9f5ac200-d2f7-413f-8590-e4ff1008cbf0"
address: "10.1.0.17:40263"
dataStreamAddress: "10.1.0.17:34153"
clientAddress: "10.1.0.17:40263"
adminAddress: "10.1.0.17:40263"
startupRole: FOLLOWER
,id: "10c8465d-f338-41bc-bb05-aaed11bcc7c4"
address: "10.1.0.17:37199"
priority: 1
dataStreamAddress: "10.1.0.17:42937"
clientAddress: "10.1.0.17:37199"
adminAddress: "10.1.0.17:37199"
startupRole: FOLLOWER
, old:)
2023-03-29 21:19:25,987 [10c8465d-f338-41bc-bb05-aaed11bcc7c4-impl-thread2] INFO  impl.RoleInfo (RoleInfo.java:shutdownLeaderState(93)) - 10c8465d-f338-41bc-bb05-aaed11bcc7c4: shutdown 10c8465d-f338-41bc-bb05-aaed11bcc7c4@group-8D8CEE43932A-LeaderStateImpl
2023-03-29 21:19:25,987 [10c8465d-f338-41bc-bb05-aaed11bcc7c4-impl-thread2] INFO  impl.PendingRequests (PendingRequests.java:sendNotLeaderResponses(282)) - 10c8465d-f338-41bc-bb05-aaed11bcc7c4@group-8D8CEE43932A-PendingRequests: sendNotLeaderResponses
2023-03-29 21:19:25,987 [10c8465d-f338-41bc-bb05-aaed11bcc7c4-impl-thread3] INFO  server.RaftServer$Division (RaftServerImpl.java:lambda$close$4(458)) - 10c8465d-f338-41bc-bb05-aaed11bcc7c4@group-6CDAE7BF2089: shutdown
2023-03-29 21:19:25,987 [10c8465d-f338-41bc-bb05-aaed11bcc7c4-impl-thread3] INFO  util.JmxRegister (JmxRegister.java:unregister(73)) - Successfully un-registered JMX Bean with object name Ratis:service=RaftServer,group=group-6CDAE7BF2089,id=10c8465d-f338-41bc-bb05-aaed11bcc7c4
2023-03-29 21:19:25,987 [10c8465d-f338-41bc-bb05-aaed11bcc7c4-impl-thread3] INFO  impl.RoleInfo (RoleInfo.java:shutdownFollowerState(110)) - 10c8465d-f338-41bc-bb05-aaed11bcc7c4: shutdown 10c8465d-f338-41bc-bb05-aaed11bcc7c4@group-6CDAE7BF2089-FollowerState
2023-03-29 21:19:25,985 [grpc-default-executor-0] WARN  server.GrpcServerProtocolService (LogUtils.java:warn(122)) - 1abb1f07-e430-4123-bdc4-d890b91ae57d: installSnapshot onError, lastRequest: null: org.apache.ratis.thirdparty.io.grpc.StatusRuntimeException: CANCELLED: client cancelled
2023-03-29 21:19:25,985 [grpc-default-executor-1] WARN  server.GrpcServerProtocolService (LogUtils.java:warn(122)) - 1abb1f07-e430-4123-bdc4-d890b91ae57d: installSnapshot onError, lastRequest: null: org.apache.ratis.thirdparty.io.grpc.StatusRuntimeException: CANCELLED: client cancelled
2023-03-29 21:19:25,984 [ForkJoinPool.commonPool-worker-0] INFO  server.GrpcServerProtocolClient (GrpcServerProtocolClient.java:close(101)) - 9f5ac200-d2f7-413f-8590-e4ff1008cbf0 Close channels
2023-03-29 21:19:25,982 [1abb1f07-e430-4123-bdc4-d890b91ae57d-impl-thread1] INFO  server.RaftServer$Division (ServerState.java:close(466)) - 1abb1f07-e430-4123-bdc4-d890b91ae57d@group-871F59F78747: closes. applyIndex: 0
2023-03-29 21:19:25,982 [10c8465d-f338-41bc-bb05-aaed11bcc7c4-impl-thread1] INFO  impl.PendingRequests (PendingRequests.java:sendNotLeaderResponses(282)) - 10c8465d-f338-41bc-bb05-aaed11bcc7c4@group-871F59F78747-PendingRequests: sendNotLeaderResponses
2023-03-29 21:19:25,988 [10c8465d-f338-41bc-bb05-aaed11bcc7c4-impl-thread1] INFO  impl.StateMachineUpdater (StateMachineUpdater.java:stopAndJoin(153)) - 10c8465d-f338-41bc-bb05-aaed11bcc7c4@group-871F59F78747-StateMachineUpdater: set stopIndex = 0
2023-03-29 21:19:25,988 [10c8465d-f338-41bc-bb05-aaed11bcc7c4@group-871F59F78747-StateMachineUpdater] INFO  ratis.ContainerStateMachine (ContainerStateMachine.java:takeSnapshot(330)) - group-871F59F78747: Taking a snapshot at:(t:1, i:0) file /home/runner/work/ozone/ozone/hadoop-ozone/integration-test/target/test-dir/MiniOzoneClusterImpl-0d259c79-1228-4415-b9fd-a9070010e405/datanode-1/data/ratis/f59e7d95-e046-46e8-83f8-871f59f78747/sm/snapshot.1_0
2023-03-29 21:19:25,988 [10c8465d-f338-41bc-bb05-aaed11bcc7c4@group-871F59F78747-StateMachineUpdater] INFO  ratis.ContainerStateMachine (ContainerStateMachine.java:takeSnapshot(341)) - group-871F59F78747: Finished taking a snapshot at:(t:1, i:0) file:/home/runner/work/ozone/ozone/hadoop-ozone/integration-test/target/test-dir/MiniOzoneClusterImpl-0d259c79-1228-4415-b9fd-a9070010e405/datanode-1/data/ratis/f59e7d95-e046-46e8-83f8-871f59f78747/sm/snapshot.1_0 took: 0 ms
2023-03-29 21:19:25,989 [10c8465d-f338-41bc-bb05-aaed11bcc7c4@group-871F59F78747-StateMachineUpdater] INFO  impl.StateMachineUpdater (StateMachineUpdater.java:takeSnapshot(287)) - 10c8465d-f338-41bc-bb05-aaed11bcc7c4@group-871F59F78747-StateMachineUpdater: Took a snapshot at index 0
2023-03-29 21:19:25,989 [10c8465d-f338-41bc-bb05-aaed11bcc7c4@group-871F59F78747-StateMachineUpdater] INFO  impl.StateMachineUpdater (StateMachineUpdater.java:lambda$new$0(92)) - 10c8465d-f338-41bc-bb05-aaed11bcc7c4@group-871F59F78747-StateMachineUpdater: snapshotIndex: updateIncreasingly -1 -> 0
2023-03-29 21:19:25,989 [grpc-default-executor-1] WARN  server.GrpcServerProtocolService (LogUtils.java:warn(122)) - 1abb1f07-e430-4123-bdc4-d890b91ae57d: installSnapshot onError, lastRequest: 9f5ac200-d2f7-413f-8590-e4ff1008cbf0->1abb1f07-e430-4123-bdc4-d890b91ae57d#1-t1,previous=(t:0, i:0),leaderCommit=0,initializing? true,entries: size=1, first=(t:1, i:0), CONFIGURATIONENTRY(current:id: "1abb1f07-e430-4123-bdc4-d890b91ae57d"
address: "10.1.0.17:46059"
dataStreamAddress: "10.1.0.17:45191"
clientAddress: "10.1.0.17:46059"
adminAddress: "10.1.0.17:46059"
startupRole: FOLLOWER
,id: "9f5ac200-d2f7-413f-8590-e4ff1008cbf0"
address: "10.1.0.17:40263"
priority: 1
dataStreamAddress: "10.1.0.17:34153"
clientAddress: "10.1.0.17:40263"
adminAddress: "10.1.0.17:40263"
startupRole: FOLLOWER
,id: "10c8465d-f338-41bc-bb05-aaed11bcc7c4"
address: "10.1.0.17:37199"
dataStreamAddress: "10.1.0.17:42937"
clientAddress: "10.1.0.17:37199"
adminAddress: "10.1.0.17:37199"
startupRole: FOLLOWER
, old:): org.apache.ratis.thirdparty.io.grpc.StatusRuntimeException: CANCELLED: client cancelled
2023-03-29 21:19:25,989 [10c8465d-f338-41bc-bb05-aaed11bcc7c4@group-871F59F78747->9f5ac200-d2f7-413f-8590-e4ff1008cbf0-GrpcLogAppender-LogAppenderDaemon] WARN  server.GrpcLogAppender (GrpcLogAppender.java:mayWait(200)) - 10c8465d-f338-41bc-bb05-aaed11bcc7c4@group-871F59F78747->9f5ac200-d2f7-413f-8590-e4ff1008cbf0-GrpcLogAppender: Wait interrupted by java.lang.InterruptedException
2023-03-29 21:19:25,991 [10c8465d-f338-41bc-bb05-aaed11bcc7c4-impl-thread1] INFO  server.RaftServer$Division (ServerState.java:close(466)) - 10c8465d-f338-41bc-bb05-aaed11bcc7c4@group-871F59F78747: closes. applyIndex: 0
2023-03-29 21:19:25,991 [1abb1f07-e430-4123-bdc4-d890b91ae57d@group-F46F346B2B0A-SegmentedRaftLogWorker] INFO  segmented.SegmentedRaftLogWorker (SegmentedRaftLogWorker.java:run(347)) - 1abb1f07-e430-4123-bdc4-d890b91ae57d@group-F46F346B2B0A-SegmentedRaftLogWorker was interrupted, exiting. There are 0 tasks remaining in the queue.
2023-03-29 21:19:25,991 [10c8465d-f338-41bc-bb05-aaed11bcc7c4@group-6CDAE7BF2089-FollowerState] INFO  impl.FollowerState (FollowerState.java:run(152)) - 10c8465d-f338-41bc-bb05-aaed11bcc7c4@group-6CDAE7BF2089-FollowerState was interrupted
2023-03-29 21:19:25,991 [1abb1f07-e430-4123-bdc4-d890b91ae57d-impl-thread3] INFO  impl.StateMachineUpdater (StateMachineUpdater.java:stopAndJoin(153)) - 1abb1f07-e430-4123-bdc4-d890b91ae57d@group-6CDAE7BF2089-StateMachineUpdater: set stopIndex = 0
2023-03-29 21:19:25,991 [1abb1f07-e430-4123-bdc4-d890b91ae57d@group-6CDAE7BF2089-FollowerState] INFO  impl.FollowerState (FollowerState.java:run(152)) - 1abb1f07-e430-4123-bdc4-d890b91ae57d@group-6CDAE7BF2089-FollowerState was interrupted
2023-03-29 21:19:25,991 [1abb1f07-e430-4123-bdc4-d890b91ae57d@group-6CDAE7BF2089-StateMachineUpdater] INFO  ratis.ContainerStateMachine (ContainerStateMachine.java:takeSnapshot(330)) - group-6CDAE7BF2089: Taking a snapshot at:(t:1, i:0) file /home/runner/work/ozone/ozone/hadoop-ozone/integration-test/target/test-dir/MiniOzoneClusterImpl-0d259c79-1228-4415-b9fd-a9070010e405/datanode-0/data/ratis/b8760019-3358-43e9-b3bf-6cdae7bf2089/sm/snapshot.1_0
2023-03-29 21:19:25,991 [1abb1f07-e430-4123-bdc4-d890b91ae57d@group-871F59F78747-SegmentedRaftLogWorker] INFO  segmented.SegmentedRaftLogWorker (SegmentedRaftLogWorker.java:run(347)) - 1abb1f07-e430-4123-bdc4-d890b91ae57d@group-871F59F78747-SegmentedRaftLogWorker was interrupted, exiting. There are 0 tasks remaining in the queue.
2023-03-29 21:19:25,991 [10c8465d-f338-41bc-bb05-aaed11bcc7c4@group-871F59F78747-SegmentedRaftLogWorker] INFO  segmented.SegmentedRaftLogWorker (SegmentedRaftLogWorker.java:run(347)) - 10c8465d-f338-41bc-bb05-aaed11bcc7c4@group-871F59F78747-SegmentedRaftLogWorker was interrupted, exiting. There are 0 tasks remaining in the queue.
2023-03-29 21:19:25,992 [1abb1f07-e430-4123-bdc4-d890b91ae57d@group-6CDAE7BF2089-StateMachineUpdater] INFO  ratis.ContainerStateMachine (ContainerStateMachine.java:takeSnapshot(341)) - group-6CDAE7BF2089: Finished taking a snapshot at:(t:1, i:0) file:/home/runner/work/ozone/ozone/hadoop-ozone/integration-test/target/test-dir/MiniOzoneClusterImpl-0d259c79-1228-4415-b9fd-a9070010e405/datanode-0/data/ratis/b8760019-3358-43e9-b3bf-6cdae7bf2089/sm/snapshot.1_0 took: 1 ms
2023-03-29 21:19:25,992 [1abb1f07-e430-4123-bdc4-d890b91ae57d@group-6CDAE7BF2089-StateMachineUpdater] INFO  impl.StateMachineUpdater (StateMachineUpdater.java:takeSnapshot(287)) - 1abb1f07-e430-4123-bdc4-d890b91ae57d@group-6CDAE7BF2089-StateMachineUpdater: Took a snapshot at index 0
2023-03-29 21:19:25,992 [1abb1f07-e430-4123-bdc4-d890b91ae57d@group-6CDAE7BF2089-StateMachineUpdater] INFO  impl.StateMachineUpdater (StateMachineUpdater.java:lambda$new$0(92)) - 1abb1f07-e430-4123-bdc4-d890b91ae57d@group-6CDAE7BF2089-StateMachineUpdater: snapshotIndex: updateIncreasingly -1 -> 0
2023-03-29 21:19:25,992 [1abb1f07-e430-4123-bdc4-d890b91ae57d-impl-thread3] INFO  server.RaftServer$Division (ServerState.java:close(466)) - 1abb1f07-e430-4123-bdc4-d890b91ae57d@group-6CDAE7BF2089: closes. applyIndex: 0
2023-03-29 21:19:25,992 [1abb1f07-e430-4123-bdc4-d890b91ae57d@group-6CDAE7BF2089-SegmentedRaftLogWorker] INFO  segmented.SegmentedRaftLogWorker (SegmentedRaftLogWorker.java:run(347)) - 1abb1f07-e430-4123-bdc4-d890b91ae57d@group-6CDAE7BF2089-SegmentedRaftLogWorker was interrupted, exiting. There are 0 tasks remaining in the queue.
2023-03-29 21:19:25,993 [10c8465d-f338-41bc-bb05-aaed11bcc7c4-impl-thread2] INFO  impl.StateMachineUpdater (StateMachineUpdater.java:stopAndJoin(153)) - 10c8465d-f338-41bc-bb05-aaed11bcc7c4@group-8D8CEE43932A-StateMachineUpdater: set stopIndex = 0
2023-03-29 21:19:25,993 [10c8465d-f338-41bc-bb05-aaed11bcc7c4@group-8D8CEE43932A-StateMachineUpdater] INFO  ratis.ContainerStateMachine (ContainerStateMachine.java:takeSnapshot(330)) - group-8D8CEE43932A: Taking a snapshot at:(t:1, i:0) file /home/runner/work/ozone/ozone/hadoop-ozone/integration-test/target/test-dir/MiniOzoneClusterImpl-0d259c79-1228-4415-b9fd-a9070010e405/datanode-1/data/ratis/07c8e1f0-909a-4363-b4d7-8d8cee43932a/sm/snapshot.1_0
2023-03-29 21:19:25,993 [10c8465d-f338-41bc-bb05-aaed11bcc7c4@group-6CDAE7BF2089-StateMachineUpdater] INFO  ratis.ContainerStateMachine (ContainerStateMachine.java:takeSnapshot(330)) - group-6CDAE7BF2089: Taking a snapshot at:(t:1, i:0) file /home/runner/work/ozone/ozone/hadoop-ozone/integration-test/target/test-dir/MiniOzoneClusterImpl-0d259c79-1228-4415-b9fd-a9070010e405/datanode-1/data/ratis/b8760019-3358-43e9-b3bf-6cdae7bf2089/sm/snapshot.1_0
2023-03-29 21:19:25,993 [10c8465d-f338-41bc-bb05-aaed11bcc7c4@group-8D8CEE43932A-StateMachineUpdater] INFO  ratis.ContainerStateMachine (ContainerStateMachine.java:takeSnapshot(341)) - group-8D8CEE43932A: Finished taking a snapshot at:(t:1, i:0) file:/home/runner/work/ozone/ozone/hadoop-ozone/integration-test/target/test-dir/MiniOzoneClusterImpl-0d259c79-1228-4415-b9fd-a9070010e405/datanode-1/data/ratis/07c8e1f0-909a-4363-b4d7-8d8cee43932a/sm/snapshot.1_0 took: 1 ms
2023-03-29 21:19:25,993 [10c8465d-f338-41bc-bb05-aaed11bcc7c4@group-6CDAE7BF2089-StateMachineUpdater] INFO  ratis.ContainerStateMachine (ContainerStateMachine.java:takeSnapshot(341)) - group-6CDAE7BF2089: Finished taking a snapshot at:(t:1, i:0) file:/home/runner/work/ozone/ozone/hadoop-ozone/integration-test/target/test-dir/MiniOzoneClusterImpl-0d259c79-1228-4415-b9fd-a9070010e405/datanode-1/data/ratis/b8760019-3358-43e9-b3bf-6cdae7bf2089/sm/snapshot.1_0 took: 0 ms
2023-03-29 21:19:25,993 [10c8465d-f338-41bc-bb05-aaed11bcc7c4@group-6CDAE7BF2089-StateMachineUpdater] INFO  impl.StateMachineUpdater (StateMachineUpdater.java:takeSnapshot(287)) - 10c8465d-f338-41bc-bb05-aaed11bcc7c4@group-6CDAE7BF2089-StateMachineUpdater: Took a snapshot at index 0
2023-03-29 21:19:25,993 [10c8465d-f338-41bc-bb05-aaed11bcc7c4@group-6CDAE7BF2089-StateMachineUpdater] INFO  impl.StateMachineUpdater (StateMachineUpdater.java:lambda$new$0(92)) - 10c8465d-f338-41bc-bb05-aaed11bcc7c4@group-6CDAE7BF2089-StateMachineUpdater: snapshotIndex: updateIncreasingly -1 -> 0
2023-03-29 21:19:25,994 [10c8465d-f338-41bc-bb05-aaed11bcc7c4@group-8D8CEE43932A-StateMachineUpdater] INFO  impl.StateMachineUpdater (StateMachineUpdater.java:takeSnapshot(287)) - 10c8465d-f338-41bc-bb05-aaed11bcc7c4@group-8D8CEE43932A-StateMachineUpdater: Took a snapshot at index 0
2023-03-29 21:19:25,994 [10c8465d-f338-41bc-bb05-aaed11bcc7c4@group-8D8CEE43932A-StateMachineUpdater] INFO  impl.StateMachineUpdater (StateMachineUpdater.java:lambda$new$0(92)) - 10c8465d-f338-41bc-bb05-aaed11bcc7c4@group-8D8CEE43932A-StateMachineUpdater: snapshotIndex: updateIncreasingly -1 -> 0
2023-03-29 21:19:25,994 [10c8465d-f338-41bc-bb05-aaed11bcc7c4-impl-thread2] INFO  server.RaftServer$Division (ServerState.java:close(466)) - 10c8465d-f338-41bc-bb05-aaed11bcc7c4@group-8D8CEE43932A: closes. applyIndex: 0
2023-03-29 21:19:25,994 [10c8465d-f338-41bc-bb05-aaed11bcc7c4@group-8D8CEE43932A-SegmentedRaftLogWorker] INFO  segmented.SegmentedRaftLogWorker (SegmentedRaftLogWorker.java:run(347)) - 10c8465d-f338-41bc-bb05-aaed11bcc7c4@group-8D8CEE43932A-SegmentedRaftLogWorker was interrupted, exiting. There are 0 tasks remaining in the queue.
2023-03-29 21:19:25,994 [10c8465d-f338-41bc-bb05-aaed11bcc7c4-impl-thread3] INFO  impl.StateMachineUpdater (StateMachineUpdater.java:stopAndJoin(153)) - 10c8465d-f338-41bc-bb05-aaed11bcc7c4@group-6CDAE7BF2089-StateMachineUpdater: set stopIndex = 0
2023-03-29 21:19:25,994 [10c8465d-f338-41bc-bb05-aaed11bcc7c4-impl-thread3] INFO  server.RaftServer$Division (ServerState.java:close(466)) - 10c8465d-f338-41bc-bb05-aaed11bcc7c4@group-6CDAE7BF2089: closes. applyIndex: 0
2023-03-29 21:19:25,994 [10c8465d-f338-41bc-bb05-aaed11bcc7c4@group-6CDAE7BF2089-SegmentedRaftLogWorker] INFO  segmented.SegmentedRaftLogWorker (SegmentedRaftLogWorker.java:run(347)) - 10c8465d-f338-41bc-bb05-aaed11bcc7c4@group-6CDAE7BF2089-SegmentedRaftLogWorker was interrupted, exiting. There are 0 tasks remaining in the queue.
2023-03-29 21:19:25,996 [Listener at 127.0.0.1/39503] INFO  server.GrpcServerProtocolClient (GrpcServerProtocolClient.java:close(101)) - 1abb1f07-e430-4123-bdc4-d890b91ae57d Close channels
2023-03-29 21:19:25,996 [1abb1f07-e430-4123-bdc4-d890b91ae57d-impl-thread2] INFO  segmented.SegmentedRaftLogWorker (SegmentedRaftLogWorker.java:close(257)) - 1abb1f07-e430-4123-bdc4-d890b91ae57d@group-F46F346B2B0A-SegmentedRaftLogWorker close()
2023-03-29 21:19:25,997 [1abb1f07-e430-4123-bdc4-d890b91ae57d-impl-thread1] INFO  segmented.SegmentedRaftLogWorker (SegmentedRaftLogWorker.java:close(257)) - 1abb1f07-e430-4123-bdc4-d890b91ae57d@group-871F59F78747-SegmentedRaftLogWorker close()
2023-03-29 21:19:25,997 [grpc-default-executor-4] WARN  server.GrpcServerProtocolService (LogUtils.java:warn(122)) - 10c8465d-f338-41bc-bb05-aaed11bcc7c4: installSnapshot onError, lastRequest: 9f5ac200-d2f7-413f-8590-e4ff1008cbf0->10c8465d-f338-41bc-bb05-aaed11bcc7c4#1-t1,previous=(t:0, i:0),leaderCommit=0,initializing? true,entries: size=1, first=(t:1, i:0), CONFIGURATIONENTRY(current:id: "1abb1f07-e430-4123-bdc4-d890b91ae57d"
address: "10.1.0.17:46059"
dataStreamAddress: "10.1.0.17:45191"
clientAddress: "10.1.0.17:46059"
adminAddress: "10.1.0.17:46059"
startupRole: FOLLOWER
,id: "9f5ac200-d2f7-413f-8590-e4ff1008cbf0"
address: "10.1.0.17:40263"
priority: 1
dataStreamAddress: "10.1.0.17:34153"
clientAddress: "10.1.0.17:40263"
adminAddress: "10.1.0.17:40263"
startupRole: FOLLOWER
,id: "10c8465d-f338-41bc-bb05-aaed11bcc7c4"
address: "10.1.0.17:37199"
dataStreamAddress: "10.1.0.17:42937"
clientAddress: "10.1.0.17:37199"
adminAddress: "10.1.0.17:37199"
startupRole: FOLLOWER
, old:): org.apache.ratis.thirdparty.io.grpc.StatusRuntimeException: CANCELLED: client cancelled
2023-03-29 21:19:25,998 [10c8465d-f338-41bc-bb05-aaed11bcc7c4-impl-thread1] INFO  segmented.SegmentedRaftLogWorker (SegmentedRaftLogWorker.java:close(257)) - 10c8465d-f338-41bc-bb05-aaed11bcc7c4@group-871F59F78747-SegmentedRaftLogWorker close()
2023-03-29 21:19:25,998 [1abb1f07-e430-4123-bdc4-d890b91ae57d-impl-thread3] INFO  segmented.SegmentedRaftLogWorker (SegmentedRaftLogWorker.java:close(257)) - 1abb1f07-e430-4123-bdc4-d890b91ae57d@group-6CDAE7BF2089-SegmentedRaftLogWorker close()
2023-03-29 21:19:25,998 [grpc-default-executor-2] WARN  server.GrpcLogAppender (LogUtils.java:warn(122)) - 9f5ac200-d2f7-413f-8590-e4ff1008cbf0@group-6CDAE7BF2089->1abb1f07-e430-4123-bdc4-d890b91ae57d-AppendLogResponseHandler: Failed appendEntries: org.apache.ratis.thirdparty.io.grpc.StatusRuntimeException: CANCELLED: RST_STREAM closed stream. HTTP/2 error code: CANCEL
2023-03-29 21:19:25,998 [10c8465d-f338-41bc-bb05-aaed11bcc7c4-impl-thread2] INFO  segmented.SegmentedRaftLogWorker (SegmentedRaftLogWorker.java:close(257)) - 10c8465d-f338-41bc-bb05-aaed11bcc7c4@group-8D8CEE43932A-SegmentedRaftLogWorker close()
2023-03-29 21:19:25,998 [grpc-default-executor-2] WARN  server.GrpcLogAppender (GrpcLogAppender.java:resetClient(131)) - 9f5ac200-d2f7-413f-8590-e4ff1008cbf0@group-6CDAE7BF2089->1abb1f07-e430-4123-bdc4-d890b91ae57d-GrpcLogAppender: Leader has not got in touch with Follower 9f5ac200-d2f7-413f-8590-e4ff1008cbf0@group-6CDAE7BF2089->1abb1f07-e430-4123-bdc4-d890b91ae57d(c0,m0,n1, attendVote=true, lastRpcSendTime=2346, lastRpcResponseTime=2344) yet, just keep nextIndex unchanged and retry.
2023-03-29 21:19:25,998 [grpc-default-executor-0] WARN  server.GrpcServerProtocolService (LogUtils.java:warn(122)) - 10c8465d-f338-41bc-bb05-aaed11bcc7c4: installSnapshot onError, lastRequest: null: org.apache.ratis.thirdparty.io.grpc.StatusRuntimeException: CANCELLED: client cancelled
2023-03-29 21:19:25,998 [grpc-default-executor-1] INFO  server.GrpcLogAppender (GrpcLogAppender.java:onError(404)) - 10c8465d-f338-41bc-bb05-aaed11bcc7c4@group-871F59F78747->1abb1f07-e430-4123-bdc4-d890b91ae57d-GrpcLogAppender is already stopped
2023-03-29 21:19:25,998 [10c8465d-f338-41bc-bb05-aaed11bcc7c4-impl-thread3] INFO  segmented.SegmentedRaftLogWorker (SegmentedRaftLogWorker.java:close(257)) - 10c8465d-f338-41bc-bb05-aaed11bcc7c4@group-6CDAE7BF2089-SegmentedRaftLogWorker close()
2023-03-29 21:19:25,998 [grpc-default-executor-7] INFO  server.GrpcLogAppender (GrpcLogAppender.java:onError(404)) - 10c8465d-f338-41bc-bb05-aaed11bcc7c4@group-871F59F78747->1abb1f07-e430-4123-bdc4-d890b91ae57d-GrpcLogAppender is already stopped
2023-03-29 21:19:25,999 [grpc-default-executor-7] WARN  server.GrpcLogAppender (LogUtils.java:warn(122)) - 9f5ac200-d2f7-413f-8590-e4ff1008cbf0@group-6CDAE7BF2089->10c8465d-f338-41bc-bb05-aaed11bcc7c4-AppendLogResponseHandler: Failed appendEntries: org.apache.ratis.thirdparty.io.grpc.StatusRuntimeException: CANCELLED: RST_STREAM closed stream. HTTP/2 error code: CANCEL
2023-03-29 21:19:25,999 [grpc-default-executor-7] WARN  server.GrpcLogAppender (GrpcLogAppender.java:resetClient(131)) - 9f5ac200-d2f7-413f-8590-e4ff1008cbf0@group-6CDAE7BF2089->10c8465d-f338-41bc-bb05-aaed11bcc7c4-GrpcLogAppender: Leader has not got in touch with Follower 9f5ac200-d2f7-413f-8590-e4ff1008cbf0@group-6CDAE7BF2089->10c8465d-f338-41bc-bb05-aaed11bcc7c4(c0,m0,n1, attendVote=true, lastRpcSendTime=2346, lastRpcResponseTime=2341) yet, just keep nextIndex unchanged and retry.
2023-03-29 21:19:26,005 [ForkJoinPool.commonPool-worker-0] INFO  server.GrpcServerProtocolClient (GrpcServerProtocolClient.java:close(101)) - 10c8465d-f338-41bc-bb05-aaed11bcc7c4 Close channels
2023-03-29 21:19:26,005 [ForkJoinPool.commonPool-worker-0] INFO  server.GrpcService (GrpcService.java:closeImpl(280)) - 1abb1f07-e430-4123-bdc4-d890b91ae57d: shutdown server GrpcServerProtocolService successfully
2023-03-29 21:19:26,006 [1abb1f07-e430-4123-bdc4-d890b91ae57d-NettyServerStreamRpc-bossGroup--thread1] INFO  logging.LoggingHandler (AbstractInternalLogger.java:log(148)) - [id: 0x053584ae, L:/0:0:0:0:0:0:0:0:45191] CLOSE
2023-03-29 21:19:26,006 [1abb1f07-e430-4123-bdc4-d890b91ae57d-NettyServerStreamRpc-bossGroup--thread1] INFO  logging.LoggingHandler (AbstractInternalLogger.java:log(148)) - [id: 0x053584ae, L:/0:0:0:0:0:0:0:0:45191] INACTIVE
2023-03-29 21:19:26,006 [1abb1f07-e430-4123-bdc4-d890b91ae57d-NettyServerStreamRpc-bossGroup--thread1] INFO  logging.LoggingHandler (AbstractInternalLogger.java:log(148)) - [id: 0x053584ae, L:/0:0:0:0:0:0:0:0:45191] UNREGISTERED
2023-03-29 21:19:26,007 [grpc-default-executor-1] INFO  server.GrpcServerProtocolService (GrpcServerProtocolService.java:onCompleted(143)) - 9f5ac200-d2f7-413f-8590-e4ff1008cbf0: Completed APPEND_ENTRIES, lastRequest: null
2023-03-29 21:19:26,007 [grpc-default-executor-4] INFO  server.GrpcServerProtocolService (GrpcServerProtocolService.java:onCompleted(143)) - 9f5ac200-d2f7-413f-8590-e4ff1008cbf0: Completed APPEND_ENTRIES, lastRequest: 10c8465d-f338-41bc-bb05-aaed11bcc7c4->9f5ac200-d2f7-413f-8590-e4ff1008cbf0#1-t1,previous=(t:0, i:0),leaderCommit=0,initializing? true,entries: size=1, first=(t:1, i:0), CONFIGURATIONENTRY(current:id: "1abb1f07-e430-4123-bdc4-d890b91ae57d"
address: "10.1.0.17:46059"
dataStreamAddress: "10.1.0.17:45191"
clientAddress: "10.1.0.17:46059"
adminAddress: "10.1.0.17:46059"
startupRole: FOLLOWER
,id: "9f5ac200-d2f7-413f-8590-e4ff1008cbf0"
address: "10.1.0.17:40263"
dataStreamAddress: "10.1.0.17:34153"
clientAddress: "10.1.0.17:40263"
adminAddress: "10.1.0.17:40263"
startupRole: FOLLOWER
,id: "10c8465d-f338-41bc-bb05-aaed11bcc7c4"
address: "10.1.0.17:37199"
priority: 1
dataStreamAddress: "10.1.0.17:42937"
clientAddress: "10.1.0.17:37199"
adminAddress: "10.1.0.17:37199"
startupRole: FOLLOWER
, old:)
2023-03-29 21:19:26,008 [grpc-default-executor-4] INFO  server.GrpcLogAppender (GrpcLogAppender.java:onCompleted(415)) - 10c8465d-f338-41bc-bb05-aaed11bcc7c4@group-871F59F78747->9f5ac200-d2f7-413f-8590-e4ff1008cbf0-AppendLogResponseHandler: follower responses appendEntries COMPLETED
2023-03-29 21:19:26,008 [grpc-default-executor-4] INFO  leader.FollowerInfo (FollowerInfoImpl.java:lambda$new$0(48)) - 10c8465d-f338-41bc-bb05-aaed11bcc7c4@group-871F59F78747->9f5ac200-d2f7-413f-8590-e4ff1008cbf0: nextIndex: updateUnconditionally 1 -> 0
2023-03-29 21:19:26,008 [grpc-default-executor-4] INFO  server.GrpcLogAppender (GrpcLogAppender.java:onCompleted(415)) - 10c8465d-f338-41bc-bb05-aaed11bcc7c4@group-871F59F78747->9f5ac200-d2f7-413f-8590-e4ff1008cbf0-AppendLogResponseHandler: follower responses appendEntries COMPLETED
2023-03-29 21:19:26,008 [grpc-default-executor-4] INFO  leader.FollowerInfo (FollowerInfoImpl.java:lambda$new$0(48)) - 10c8465d-f338-41bc-bb05-aaed11bcc7c4@group-871F59F78747->9f5ac200-d2f7-413f-8590-e4ff1008cbf0: nextIndex: updateUnconditionally 0 -> 0
2023-03-29 21:19:26,011 [grpc-default-executor-7] WARN  server.GrpcLogAppender (LogUtils.java:warn(122)) - 9f5ac200-d2f7-413f-8590-e4ff1008cbf0@group-6CDAE7BF2089->10c8465d-f338-41bc-bb05-aaed11bcc7c4-AppendLogResponseHandler: Failed appendEntries: org.apache.ratis.thirdparty.io.grpc.StatusRuntimeException: CANCELLED: RST_STREAM closed stream. HTTP/2 error code: CANCEL
2023-03-29 21:19:26,011 [grpc-default-executor-7] WARN  server.GrpcLogAppender (GrpcLogAppender.java:resetClient(131)) - 9f5ac200-d2f7-413f-8590-e4ff1008cbf0@group-6CDAE7BF2089->10c8465d-f338-41bc-bb05-aaed11bcc7c4-GrpcLogAppender: Leader has not got in touch with Follower 9f5ac200-d2f7-413f-8590-e4ff1008cbf0@group-6CDAE7BF2089->10c8465d-f338-41bc-bb05-aaed11bcc7c4(c0,m0,n1, attendVote=true, lastRpcSendTime=2357, lastRpcResponseTime=2353) yet, just keep nextIndex unchanged and retry.
2023-03-29 21:19:26,011 [grpc-default-executor-6] WARN  server.GrpcLogAppender (LogUtils.java:warn(122)) - 9f5ac200-d2f7-413f-8590-e4ff1008cbf0@group-6CDAE7BF2089->1abb1f07-e430-4123-bdc4-d890b91ae57d-AppendLogResponseHandler: Failed appendEntries: org.apache.ratis.thirdparty.io.grpc.StatusRuntimeException: CANCELLED: RST_STREAM closed stream. HTTP/2 error code: CANCEL
2023-03-29 21:19:26,012 [grpc-default-executor-6] WARN  server.GrpcLogAppender (GrpcLogAppender.java:resetClient(131)) - 9f5ac200-d2f7-413f-8590-e4ff1008cbf0@group-6CDAE7BF2089->1abb1f07-e430-4123-bdc4-d890b91ae57d-GrpcLogAppender: Leader has not got in touch with Follower 9f5ac200-d2f7-413f-8590-e4ff1008cbf0@group-6CDAE7BF2089->1abb1f07-e430-4123-bdc4-d890b91ae57d(c0,m0,n1, attendVote=true, lastRpcSendTime=2360, lastRpcResponseTime=2357) yet, just keep nextIndex unchanged and retry.
2023-03-29 21:19:26,030 [Listener at 127.0.0.1/39503] INFO  server.GrpcServerProtocolClient (GrpcServerProtocolClient.java:close(101)) - 9f5ac200-d2f7-413f-8590-e4ff1008cbf0 Close channels
2023-03-29 21:19:26,031 [Listener at 127.0.0.1/39503] INFO  server.GrpcService (GrpcService.java:closeImpl(280)) - 10c8465d-f338-41bc-bb05-aaed11bcc7c4: shutdown server GrpcServerProtocolService successfully
2023-03-29 21:19:26,031 [10c8465d-f338-41bc-bb05-aaed11bcc7c4-NettyServerStreamRpc-bossGroup--thread1] INFO  logging.LoggingHandler (AbstractInternalLogger.java:log(148)) - [id: 0x9f524bc6, L:/0:0:0:0:0:0:0:0:42937] CLOSE
2023-03-29 21:19:26,031 [10c8465d-f338-41bc-bb05-aaed11bcc7c4-NettyServerStreamRpc-bossGroup--thread1] INFO  logging.LoggingHandler (AbstractInternalLogger.java:log(148)) - [id: 0x9f524bc6, L:/0:0:0:0:0:0:0:0:42937] INACTIVE
2023-03-29 21:19:26,031 [10c8465d-f338-41bc-bb05-aaed11bcc7c4-NettyServerStreamRpc-bossGroup--thread1] INFO  logging.LoggingHandler (AbstractInternalLogger.java:log(148)) - [id: 0x9f524bc6, L:/0:0:0:0:0:0:0:0:42937] UNREGISTERED
2023-03-29 21:19:26,076 [JvmPauseMonitor26] INFO  util.JvmPauseMonitor (JvmPauseMonitor.java:run(111)) - JvmPauseMonitor-1abb1f07-e430-4123-bdc4-d890b91ae57d: Stopped
2023-03-29 21:19:26,077 [JvmPauseMonitor27] INFO  util.JvmPauseMonitor (JvmPauseMonitor.java:run(111)) - JvmPauseMonitor-10c8465d-f338-41bc-bb05-aaed11bcc7c4: Stopped
2023-03-29 21:19:26,156 [grpc-default-executor-6] WARN  server.GrpcLogAppender (LogUtils.java:warn(122)) - 9f5ac200-d2f7-413f-8590-e4ff1008cbf0@group-6CDAE7BF2089->1abb1f07-e430-4123-bdc4-d890b91ae57d-AppendLogResponseHandler: Failed appendEntries: org.apache.ratis.thirdparty.io.grpc.StatusRuntimeException: UNAVAILABLE: io exception
2023-03-29 21:19:26,157 [grpc-default-executor-7] WARN  server.GrpcLogAppender (LogUtils.java:warn(122)) - 9f5ac200-d2f7-413f-8590-e4ff1008cbf0@group-6CDAE7BF2089->1abb1f07-e430-4123-bdc4-d890b91ae57d-AppendLogResponseHandler: Failed appendEntries: org.apache.ratis.thirdparty.io.grpc.StatusRuntimeException: UNAVAILABLE: io exception
2023-03-29 21:19:26,158 [grpc-default-executor-6] WARN  server.GrpcLogAppender (GrpcLogAppender.java:resetClient(131)) - 9f5ac200-d2f7-413f-8590-e4ff1008cbf0@group-6CDAE7BF2089->1abb1f07-e430-4123-bdc4-d890b91ae57d-GrpcLogAppender: Leader has not got in touch with Follower 9f5ac200-d2f7-413f-8590-e4ff1008cbf0@group-6CDAE7BF2089->1abb1f07-e430-4123-bdc4-d890b91ae57d(c0,m0,n1, attendVote=true, lastRpcSendTime=0, lastRpcResponseTime=2503) yet, just keep nextIndex unchanged and retry.
2023-03-29 21:19:26,159 [grpc-default-executor-7] WARN  server.GrpcLogAppender (GrpcLogAppender.java:resetClient(131)) - 9f5ac200-d2f7-413f-8590-e4ff1008cbf0@group-6CDAE7BF2089->1abb1f07-e430-4123-bdc4-d890b91ae57d-GrpcLogAppender: Leader has not got in touch with Follower 9f5ac200-d2f7-413f-8590-e4ff1008cbf0@group-6CDAE7BF2089->1abb1f07-e430-4123-bdc4-d890b91ae57d(c0,m0,n1, attendVote=true, lastRpcSendTime=2, lastRpcResponseTime=2505) yet, just keep nextIndex unchanged and retry.
2023-03-29 21:19:26,160 [grpc-default-executor-4] WARN  server.GrpcLogAppender (LogUtils.java:warn(122)) - 9f5ac200-d2f7-413f-8590-e4ff1008cbf0@group-6CDAE7BF2089->10c8465d-f338-41bc-bb05-aaed11bcc7c4-AppendLogResponseHandler: Failed appendEntries: org.apache.ratis.thirdparty.io.grpc.StatusRuntimeException: UNAVAILABLE: io exception
2023-03-29 21:19:26,161 [grpc-default-executor-4] WARN  server.GrpcLogAppender (GrpcLogAppender.java:resetClient(131)) - 9f5ac200-d2f7-413f-8590-e4ff1008cbf0@group-6CDAE7BF2089->10c8465d-f338-41bc-bb05-aaed11bcc7c4-GrpcLogAppender: Leader has not got in touch with Follower 9f5ac200-d2f7-413f-8590-e4ff1008cbf0@group-6CDAE7BF2089->10c8465d-f338-41bc-bb05-aaed11bcc7c4(c0,m0,n1, attendVote=true, lastRpcSendTime=2, lastRpcResponseTime=2503) yet, just keep nextIndex unchanged and retry.
2023-03-29 21:19:26,162 [grpc-default-executor-4] WARN  server.GrpcLogAppender (LogUtils.java:warn(122)) - 9f5ac200-d2f7-413f-8590-e4ff1008cbf0@group-6CDAE7BF2089->10c8465d-f338-41bc-bb05-aaed11bcc7c4-AppendLogResponseHandler: Failed appendEntries: org.apache.ratis.thirdparty.io.grpc.StatusRuntimeException: UNAVAILABLE: io exception
2023-03-29 21:19:26,162 [grpc-default-executor-4] WARN  server.GrpcLogAppender (GrpcLogAppender.java:resetClient(131)) - 9f5ac200-d2f7-413f-8590-e4ff1008cbf0@group-6CDAE7BF2089->10c8465d-f338-41bc-bb05-aaed11bcc7c4-GrpcLogAppender: Leader has not got in touch with Follower 9f5ac200-d2f7-413f-8590-e4ff1008cbf0@group-6CDAE7BF2089->10c8465d-f338-41bc-bb05-aaed11bcc7c4(c0,m0,n1, attendVote=true, lastRpcSendTime=3, lastRpcResponseTime=2504) yet, just keep nextIndex unchanged and retry.
2023-03-29 21:19:27,407 [grpc-default-executor-4] WARN  server.GrpcLogAppender (LogUtils.java:warn(122)) - 9f5ac200-d2f7-413f-8590-e4ff1008cbf0@group-6CDAE7BF2089->1abb1f07-e430-4123-bdc4-d890b91ae57d-AppendLogResponseHandler: Failed appendEntries: org.apache.ratis.thirdparty.io.grpc.StatusRuntimeException: UNAVAILABLE: io exception
2023-03-29 21:19:27,407 [grpc-default-executor-7] WARN  server.GrpcLogAppender (LogUtils.java:warn(122)) - 9f5ac200-d2f7-413f-8590-e4ff1008cbf0@group-6CDAE7BF2089->1abb1f07-e430-4123-bdc4-d890b91ae57d-AppendLogResponseHandler: Failed appendEntries: org.apache.ratis.thirdparty.io.grpc.StatusRuntimeException: UNAVAILABLE: io exception
2023-03-29 21:19:27,408 [grpc-default-executor-4] WARN  server.GrpcLogAppender (GrpcLogAppender.java:resetClient(131)) - 9f5ac200-d2f7-413f-8590-e4ff1008cbf0@group-6CDAE7BF2089->1abb1f07-e430-4123-bdc4-d890b91ae57d-GrpcLogAppender: Leader has not got in touch with Follower 9f5ac200-d2f7-413f-8590-e4ff1008cbf0@group-6CDAE7BF2089->1abb1f07-e430-4123-bdc4-d890b91ae57d(c0,m0,n1, attendVote=true, lastRpcSendTime=0, lastRpcResponseTime=3754) yet, just keep nextIndex unchanged and retry.
2023-03-29 21:19:27,408 [grpc-default-executor-7] WARN  server.GrpcLogAppender (GrpcLogAppender.java:resetClient(131)) - 9f5ac200-d2f7-413f-8590-e4ff1008cbf0@group-6CDAE7BF2089->1abb1f07-e430-4123-bdc4-d890b91ae57d-GrpcLogAppender: Leader has not got in touch with Follower 9f5ac200-d2f7-413f-8590-e4ff1008cbf0@group-6CDAE7BF2089->1abb1f07-e430-4123-bdc4-d890b91ae57d(c0,m0,n1, attendVote=true, lastRpcSendTime=1, lastRpcResponseTime=3754) yet, just keep nextIndex unchanged and retry.
2023-03-29 21:19:27,409 [grpc-default-executor-7] WARN  server.GrpcLogAppender (LogUtils.java:warn(122)) - 9f5ac200-d2f7-413f-8590-e4ff1008cbf0@group-6CDAE7BF2089->10c8465d-f338-41bc-bb05-aaed11bcc7c4-AppendLogResponseHandler: Failed appendEntries: org.apache.ratis.thirdparty.io.grpc.StatusRuntimeException: UNAVAILABLE: io exception
2023-03-29 21:19:27,409 [grpc-default-executor-7] WARN  server.GrpcLogAppender (GrpcLogAppender.java:resetClient(131)) - 9f5ac200-d2f7-413f-8590-e4ff1008cbf0@group-6CDAE7BF2089->10c8465d-f338-41bc-bb05-aaed11bcc7c4-GrpcLogAppender: Leader has not got in touch with Follower 9f5ac200-d2f7-413f-8590-e4ff1008cbf0@group-6CDAE7BF2089->10c8465d-f338-41bc-bb05-aaed11bcc7c4(c0,m0,n1, attendVote=true, lastRpcSendTime=1250, lastRpcResponseTime=3752) yet, just keep nextIndex unchanged and retry.
2023-03-29 21:19:27,410 [grpc-default-executor-4] WARN  server.GrpcLogAppender (LogUtils.java:warn(122)) - 9f5ac200-d2f7-413f-8590-e4ff1008cbf0@group-6CDAE7BF2089->10c8465d-f338-41bc-bb05-aaed11bcc7c4-AppendLogResponseHandler: Failed appendEntries: org.apache.ratis.thirdparty.io.grpc.StatusRuntimeException: UNAVAILABLE: io exception
2023-03-29 21:19:27,410 [grpc-default-executor-4] WARN  server.GrpcLogAppender (GrpcLogAppender.java:resetClient(131)) - 9f5ac200-d2f7-413f-8590-e4ff1008cbf0@group-6CDAE7BF2089->10c8465d-f338-41bc-bb05-aaed11bcc7c4-GrpcLogAppender: Leader has not got in touch with Follower 9f5ac200-d2f7-413f-8590-e4ff1008cbf0@group-6CDAE7BF2089->10c8465d-f338-41bc-bb05-aaed11bcc7c4(c0,m0,n1, attendVote=true, lastRpcSendTime=1251, lastRpcResponseTime=3752) yet, just keep nextIndex unchanged and retry.
2023-03-29 21:19:27,411 [grpc-default-executor-6] WARN  server.GrpcLogAppender (LogUtils.java:warn(122)) - 9f5ac200-d2f7-413f-8590-e4ff1008cbf0@group-6CDAE7BF2089->10c8465d-f338-41bc-bb05-aaed11bcc7c4-AppendLogResponseHandler: Failed appendEntries: org.apache.ratis.thirdparty.io.grpc.StatusRuntimeException: UNAVAILABLE: io exception
2023-03-29 21:19:27,411 [grpc-default-executor-6] WARN  server.GrpcLogAppender (GrpcLogAppender.java:resetClient(131)) - 9f5ac200-d2f7-413f-8590-e4ff1008cbf0@group-6CDAE7BF2089->10c8465d-f338-41bc-bb05-aaed11bcc7c4-GrpcLogAppender: Leader has not got in touch with Follower 9f5ac200-d2f7-413f-8590-e4ff1008cbf0@group-6CDAE7BF2089->10c8465d-f338-41bc-bb05-aaed11bcc7c4(c0,m0,n1, attendVote=true, lastRpcSendTime=0, lastRpcResponseTime=3753) yet, just keep nextIndex unchanged and retry.
2023-03-29 21:19:27,412 [grpc-default-executor-6] WARN  server.GrpcLogAppender (LogUtils.java:warn(122)) - 9f5ac200-d2f7-413f-8590-e4ff1008cbf0@group-6CDAE7BF2089->10c8465d-f338-41bc-bb05-aaed11bcc7c4-AppendLogResponseHandler: Failed appendEntries: org.apache.ratis.thirdparty.io.grpc.StatusRuntimeException: UNAVAILABLE: io exception
2023-03-29 21:19:27,412 [grpc-default-executor-6] WARN  server.GrpcLogAppender (GrpcLogAppender.java:resetClient(131)) - 9f5ac200-d2f7-413f-8590-e4ff1008cbf0@group-6CDAE7BF2089->10c8465d-f338-41bc-bb05-aaed11bcc7c4-GrpcLogAppender: Leader has not got in touch with Follower 9f5ac200-d2f7-413f-8590-e4ff1008cbf0@group-6CDAE7BF2089->10c8465d-f338-41bc-bb05-aaed11bcc7c4(c0,m0,n1, attendVote=true, lastRpcSendTime=1, lastRpcResponseTime=3754) yet, just keep nextIndex unchanged and retry.
2023-03-29 21:19:28,085 [Listener at 127.0.0.1/39503] INFO  volume.HddsVolume (HddsVolume.java:closeDbStore(437)) - SchemaV3 db is stopped at /home/runner/work/ozone/ozone/hadoop-ozone/integration-test/target/test-dir/MiniOzoneClusterImpl-0d259c79-1228-4415-b9fd-a9070010e405/datanode-1/data-0/containers/hdds/0d259c79-1228-4415-b9fd-a9070010e405/DS-7bc3e323-4701-4a57-9999-55c85a65b6b5/container.db for volume DS-7bc3e323-4701-4a57-9999-55c85a65b6b5
2023-03-29 21:19:28,086 [Listener at 127.0.0.1/39503] INFO  utils.BackgroundService (BackgroundService.java:shutdown(141)) - Shutting down service BlockDeletingService
2023-03-29 21:19:28,086 [Listener at 127.0.0.1/39503] INFO  utils.BackgroundService (BackgroundService.java:shutdown(141)) - Shutting down service StaleRecoveringContainerScrubbingService
2023-03-29 21:19:28,091 [Listener at 127.0.0.1/39503] INFO  statemachine.DatanodeStateMachine (DatanodeStateMachine.java:stopDaemon(601)) - Ozone container server stopped.
2023-03-29 21:19:28,098 [ForkJoinPool.commonPool-worker-0] INFO  volume.HddsVolume (HddsVolume.java:closeDbStore(437)) - SchemaV3 db is stopped at /home/runner/work/ozone/ozone/hadoop-ozone/integration-test/target/test-dir/MiniOzoneClusterImpl-0d259c79-1228-4415-b9fd-a9070010e405/datanode-0/data-0/containers/hdds/0d259c79-1228-4415-b9fd-a9070010e405/DS-831990ef-0e3c-4abb-beda-dbd4298059a3/container.db for volume DS-831990ef-0e3c-4abb-beda-dbd4298059a3
2023-03-29 21:19:28,098 [ForkJoinPool.commonPool-worker-0] INFO  utils.BackgroundService (BackgroundService.java:shutdown(141)) - Shutting down service BlockDeletingService
2023-03-29 21:19:28,098 [ForkJoinPool.commonPool-worker-0] INFO  utils.BackgroundService (BackgroundService.java:shutdown(141)) - Shutting down service StaleRecoveringContainerScrubbingService
2023-03-29 21:19:28,102 [ForkJoinPool.commonPool-worker-0] INFO  statemachine.DatanodeStateMachine (DatanodeStateMachine.java:stopDaemon(601)) - Ozone container server stopped.
2023-03-29 21:19:28,105 [Listener at 127.0.0.1/39503] INFO  handler.ContextHandler (ContextHandler.java:doStop(1159)) - Stopped o.e.j.w.WebAppContext@5726e77{hddsDatanode,/,null,STOPPED}{jar:file:/home/runner/.m2/repository/org/apache/ozone/hdds-container-service/1.4.0-SNAPSHOT/hdds-container-service-1.4.0-SNAPSHOT.jar!/webapps/hddsDatanode}
2023-03-29 21:19:28,105 [Listener at 127.0.0.1/39503] INFO  server.AbstractConnector (AbstractConnector.java:doStop(383)) - Stopped ServerConnector@1d187861{HTTP/1.1, (http/1.1)}{0.0.0.0:0}
2023-03-29 21:19:28,105 [Listener at 127.0.0.1/39503] INFO  server.session (HouseKeeper.java:stopScavenging(149)) - node0 Stopped scavenging
2023-03-29 21:19:28,106 [Listener at 127.0.0.1/39503] INFO  handler.ContextHandler (ContextHandler.java:doStop(1159)) - Stopped o.e.j.s.ServletContextHandler@70e11968{static,/static,jar:file:/home/runner/.m2/repository/org/apache/ozone/hdds-container-service/1.4.0-SNAPSHOT/hdds-container-service-1.4.0-SNAPSHOT.jar!/webapps/static,STOPPED}
2023-03-29 21:19:28,106 [Listener at 127.0.0.1/39503] INFO  handler.ContextHandler (ContextHandler.java:doStop(1159)) - Stopped o.e.j.s.ServletContextHandler@1ed1285{logs,/logs,file:///home/runner/work/ozone/ozone/hadoop-ozone/integration-test/target/log,STOPPED}
2023-03-29 21:19:28,111 [Listener at 127.0.0.1/39503] INFO  ozoneimpl.OzoneContainer (OzoneContainer.java:stop(419)) - Attempting to stop container services.
2023-03-29 21:19:28,113 [Listener at 127.0.0.1/39503] INFO  server.RaftServer (RaftServerProxy.java:lambda$close$6(409)) - 9f5ac200-d2f7-413f-8590-e4ff1008cbf0: close
2023-03-29 21:19:28,113 [9f5ac200-d2f7-413f-8590-e4ff1008cbf0-impl-thread1] INFO  server.RaftServer$Division (RaftServerImpl.java:lambda$close$4(458)) - 9f5ac200-d2f7-413f-8590-e4ff1008cbf0@group-871F59F78747: shutdown
2023-03-29 21:19:28,113 [9f5ac200-d2f7-413f-8590-e4ff1008cbf0-impl-thread1] INFO  util.JmxRegister (JmxRegister.java:unregister(73)) - Successfully un-registered JMX Bean with object name Ratis:service=RaftServer,group=group-871F59F78747,id=9f5ac200-d2f7-413f-8590-e4ff1008cbf0
2023-03-29 21:19:28,113 [9f5ac200-d2f7-413f-8590-e4ff1008cbf0-impl-thread1] INFO  impl.RoleInfo (RoleInfo.java:shutdownFollowerState(110)) - 9f5ac200-d2f7-413f-8590-e4ff1008cbf0: shutdown 9f5ac200-d2f7-413f-8590-e4ff1008cbf0@group-871F59F78747-FollowerState
2023-03-29 21:19:28,113 [9f5ac200-d2f7-413f-8590-e4ff1008cbf0-impl-thread1] INFO  impl.StateMachineUpdater (StateMachineUpdater.java:stopAndJoin(153)) - 9f5ac200-d2f7-413f-8590-e4ff1008cbf0@group-871F59F78747-StateMachineUpdater: set stopIndex = 0
2023-03-29 21:19:28,113 [9f5ac200-d2f7-413f-8590-e4ff1008cbf0@group-871F59F78747-StateMachineUpdater] INFO  ratis.ContainerStateMachine (ContainerStateMachine.java:takeSnapshot(330)) - group-871F59F78747: Taking a snapshot at:(t:1, i:0) file /home/runner/work/ozone/ozone/hadoop-ozone/integration-test/target/test-dir/MiniOzoneClusterImpl-0d259c79-1228-4415-b9fd-a9070010e405/datanode-2/data/ratis/f59e7d95-e046-46e8-83f8-871f59f78747/sm/snapshot.1_0
2023-03-29 21:19:28,114 [9f5ac200-d2f7-413f-8590-e4ff1008cbf0@group-871F59F78747-FollowerState] INFO  impl.FollowerState (FollowerState.java:run(152)) - 9f5ac200-d2f7-413f-8590-e4ff1008cbf0@group-871F59F78747-FollowerState was interrupted
2023-03-29 21:19:28,114 [9f5ac200-d2f7-413f-8590-e4ff1008cbf0-impl-thread2] INFO  server.RaftServer$Division (RaftServerImpl.java:lambda$close$4(458)) - 9f5ac200-d2f7-413f-8590-e4ff1008cbf0@group-6CDAE7BF2089: shutdown
2023-03-29 21:19:28,114 [9f5ac200-d2f7-413f-8590-e4ff1008cbf0-impl-thread2] INFO  util.JmxRegister (JmxRegister.java:unregister(73)) - Successfully un-registered JMX Bean with object name Ratis:service=RaftServer,group=group-6CDAE7BF2089,id=9f5ac200-d2f7-413f-8590-e4ff1008cbf0
2023-03-29 21:19:28,114 [9f5ac200-d2f7-413f-8590-e4ff1008cbf0-impl-thread2] INFO  impl.RoleInfo (RoleInfo.java:shutdownLeaderState(93)) - 9f5ac200-d2f7-413f-8590-e4ff1008cbf0: shutdown 9f5ac200-d2f7-413f-8590-e4ff1008cbf0@group-6CDAE7BF2089-LeaderStateImpl
2023-03-29 21:19:28,115 [9f5ac200-d2f7-413f-8590-e4ff1008cbf0@group-871F59F78747-StateMachineUpdater] INFO  ratis.ContainerStateMachine (ContainerStateMachine.java:takeSnapshot(341)) - group-871F59F78747: Finished taking a snapshot at:(t:1, i:0) file:/home/runner/work/ozone/ozone/hadoop-ozone/integration-test/target/test-dir/MiniOzoneClusterImpl-0d259c79-1228-4415-b9fd-a9070010e405/datanode-2/data/ratis/f59e7d95-e046-46e8-83f8-871f59f78747/sm/snapshot.1_0 took: 1 ms
2023-03-29 21:19:28,115 [9f5ac200-d2f7-413f-8590-e4ff1008cbf0@group-871F59F78747-StateMachineUpdater] INFO  impl.StateMachineUpdater (StateMachineUpdater.java:takeSnapshot(287)) - 9f5ac200-d2f7-413f-8590-e4ff1008cbf0@group-871F59F78747-StateMachineUpdater: Took a snapshot at index 0
2023-03-29 21:19:28,115 [9f5ac200-d2f7-413f-8590-e4ff1008cbf0@group-871F59F78747-StateMachineUpdater] INFO  impl.StateMachineUpdater (StateMachineUpdater.java:lambda$new$0(92)) - 9f5ac200-d2f7-413f-8590-e4ff1008cbf0@group-871F59F78747-StateMachineUpdater: snapshotIndex: updateIncreasingly -1 -> 0
2023-03-29 21:19:28,115 [9f5ac200-d2f7-413f-8590-e4ff1008cbf0-impl-thread1] INFO  server.RaftServer$Division (ServerState.java:close(466)) - 9f5ac200-d2f7-413f-8590-e4ff1008cbf0@group-871F59F78747: closes. applyIndex: 0
2023-03-29 21:19:28,116 [9f5ac200-d2f7-413f-8590-e4ff1008cbf0@group-871F59F78747-SegmentedRaftLogWorker] INFO  segmented.SegmentedRaftLogWorker (SegmentedRaftLogWorker.java:run(347)) - 9f5ac200-d2f7-413f-8590-e4ff1008cbf0@group-871F59F78747-SegmentedRaftLogWorker was interrupted, exiting. There are 0 tasks remaining in the queue.
2023-03-29 21:19:28,116 [Listener at 127.0.0.1/39503] INFO  server.GrpcService (GrpcService.java:closeImpl(271)) - 9f5ac200-d2f7-413f-8590-e4ff1008cbf0: shutdown server GrpcServerProtocolService now
2023-03-29 21:19:28,119 [9f5ac200-d2f7-413f-8590-e4ff1008cbf0-impl-thread3] INFO  server.RaftServer$Division (RaftServerImpl.java:lambda$close$4(458)) - 9f5ac200-d2f7-413f-8590-e4ff1008cbf0@group-4BBE8947C7EF: shutdown
2023-03-29 21:19:28,119 [9f5ac200-d2f7-413f-8590-e4ff1008cbf0-impl-thread3] INFO  util.JmxRegister (JmxRegister.java:unregister(73)) - Successfully un-registered JMX Bean with object name Ratis:service=RaftServer,group=group-4BBE8947C7EF,id=9f5ac200-d2f7-413f-8590-e4ff1008cbf0
2023-03-29 21:19:28,119 [9f5ac200-d2f7-413f-8590-e4ff1008cbf0-impl-thread3] INFO  impl.RoleInfo (RoleInfo.java:shutdownLeaderState(93)) - 9f5ac200-d2f7-413f-8590-e4ff1008cbf0: shutdown 9f5ac200-d2f7-413f-8590-e4ff1008cbf0@group-4BBE8947C7EF-LeaderStateImpl
2023-03-29 21:19:28,119 [9f5ac200-d2f7-413f-8590-e4ff1008cbf0-impl-thread3] INFO  impl.PendingRequests (PendingRequests.java:sendNotLeaderResponses(282)) - 9f5ac200-d2f7-413f-8590-e4ff1008cbf0@group-4BBE8947C7EF-PendingRequests: sendNotLeaderResponses
2023-03-29 21:19:28,120 [9f5ac200-d2f7-413f-8590-e4ff1008cbf0@group-4BBE8947C7EF-StateMachineUpdater] INFO  ratis.ContainerStateMachine (ContainerStateMachine.java:takeSnapshot(330)) - group-4BBE8947C7EF: Taking a snapshot at:(t:1, i:0) file /home/runner/work/ozone/ozone/hadoop-ozone/integration-test/target/test-dir/MiniOzoneClusterImpl-0d259c79-1228-4415-b9fd-a9070010e405/datanode-2/data/ratis/20e00ea0-ba19-470d-bebf-4bbe8947c7ef/sm/snapshot.1_0
2023-03-29 21:19:28,120 [9f5ac200-d2f7-413f-8590-e4ff1008cbf0-impl-thread3] INFO  impl.StateMachineUpdater (StateMachineUpdater.java:stopAndJoin(153)) - 9f5ac200-d2f7-413f-8590-e4ff1008cbf0@group-4BBE8947C7EF-StateMachineUpdater: set stopIndex = 0
2023-03-29 21:19:28,120 [9f5ac200-d2f7-413f-8590-e4ff1008cbf0@group-4BBE8947C7EF-StateMachineUpdater] INFO  ratis.ContainerStateMachine (ContainerStateMachine.java:takeSnapshot(341)) - group-4BBE8947C7EF: Finished taking a snapshot at:(t:1, i:0) file:/home/runner/work/ozone/ozone/hadoop-ozone/integration-test/target/test-dir/MiniOzoneClusterImpl-0d259c79-1228-4415-b9fd-a9070010e405/datanode-2/data/ratis/20e00ea0-ba19-470d-bebf-4bbe8947c7ef/sm/snapshot.1_0 took: 1 ms
2023-03-29 21:19:28,120 [9f5ac200-d2f7-413f-8590-e4ff1008cbf0@group-4BBE8947C7EF-StateMachineUpdater] INFO  impl.StateMachineUpdater (StateMachineUpdater.java:takeSnapshot(287)) - 9f5ac200-d2f7-413f-8590-e4ff1008cbf0@group-4BBE8947C7EF-StateMachineUpdater: Took a snapshot at index 0
2023-03-29 21:19:28,120 [9f5ac200-d2f7-413f-8590-e4ff1008cbf0@group-4BBE8947C7EF-StateMachineUpdater] INFO  impl.StateMachineUpdater (StateMachineUpdater.java:lambda$new$0(92)) - 9f5ac200-d2f7-413f-8590-e4ff1008cbf0@group-4BBE8947C7EF-StateMachineUpdater: snapshotIndex: updateIncreasingly -1 -> 0
2023-03-29 21:19:28,121 [9f5ac200-d2f7-413f-8590-e4ff1008cbf0-impl-thread3] INFO  server.RaftServer$Division (ServerState.java:close(466)) - 9f5ac200-d2f7-413f-8590-e4ff1008cbf0@group-4BBE8947C7EF: closes. applyIndex: 0
2023-03-29 21:19:28,121 [9f5ac200-d2f7-413f-8590-e4ff1008cbf0-impl-thread2] INFO  impl.PendingRequests (PendingRequests.java:sendNotLeaderResponses(282)) - 9f5ac200-d2f7-413f-8590-e4ff1008cbf0@group-6CDAE7BF2089-PendingRequests: sendNotLeaderResponses
2023-03-29 21:19:28,122 [9f5ac200-d2f7-413f-8590-e4ff1008cbf0-impl-thread2] INFO  impl.StateMachineUpdater (StateMachineUpdater.java:stopAndJoin(153)) - 9f5ac200-d2f7-413f-8590-e4ff1008cbf0@group-6CDAE7BF2089-StateMachineUpdater: set stopIndex = 0
2023-03-29 21:19:28,125 [9f5ac200-d2f7-413f-8590-e4ff1008cbf0@group-6CDAE7BF2089-StateMachineUpdater] INFO  ratis.ContainerStateMachine (ContainerStateMachine.java:takeSnapshot(330)) - group-6CDAE7BF2089: Taking a snapshot at:(t:1, i:0) file /home/runner/work/ozone/ozone/hadoop-ozone/integration-test/target/test-dir/MiniOzoneClusterImpl-0d259c79-1228-4415-b9fd-a9070010e405/datanode-2/data/ratis/b8760019-3358-43e9-b3bf-6cdae7bf2089/sm/snapshot.1_0
2023-03-29 21:19:28,126 [9f5ac200-d2f7-413f-8590-e4ff1008cbf0@group-6CDAE7BF2089-StateMachineUpdater] INFO  ratis.ContainerStateMachine (ContainerStateMachine.java:takeSnapshot(341)) - group-6CDAE7BF2089: Finished taking a snapshot at:(t:1, i:0) file:/home/runner/work/ozone/ozone/hadoop-ozone/integration-test/target/test-dir/MiniOzoneClusterImpl-0d259c79-1228-4415-b9fd-a9070010e405/datanode-2/data/ratis/b8760019-3358-43e9-b3bf-6cdae7bf2089/sm/snapshot.1_0 took: 1 ms
2023-03-29 21:19:28,126 [9f5ac200-d2f7-413f-8590-e4ff1008cbf0@group-6CDAE7BF2089-StateMachineUpdater] INFO  impl.StateMachineUpdater (StateMachineUpdater.java:takeSnapshot(287)) - 9f5ac200-d2f7-413f-8590-e4ff1008cbf0@group-6CDAE7BF2089-StateMachineUpdater: Took a snapshot at index 0
2023-03-29 21:19:28,126 [9f5ac200-d2f7-413f-8590-e4ff1008cbf0@group-6CDAE7BF2089-StateMachineUpdater] INFO  impl.StateMachineUpdater (StateMachineUpdater.java:lambda$new$0(92)) - 9f5ac200-d2f7-413f-8590-e4ff1008cbf0@group-6CDAE7BF2089-StateMachineUpdater: snapshotIndex: updateIncreasingly -1 -> 0
2023-03-29 21:19:28,126 [9f5ac200-d2f7-413f-8590-e4ff1008cbf0-impl-thread2] INFO  server.RaftServer$Division (ServerState.java:close(466)) - 9f5ac200-d2f7-413f-8590-e4ff1008cbf0@group-6CDAE7BF2089: closes. applyIndex: 0
2023-03-29 21:19:28,126 [9f5ac200-d2f7-413f-8590-e4ff1008cbf0@group-6CDAE7BF2089-SegmentedRaftLogWorker] INFO  segmented.SegmentedRaftLogWorker (SegmentedRaftLogWorker.java:run(347)) - 9f5ac200-d2f7-413f-8590-e4ff1008cbf0@group-6CDAE7BF2089-SegmentedRaftLogWorker was interrupted, exiting. There are 0 tasks remaining in the queue.
2023-03-29 21:19:28,129 [ForkJoinPool.commonPool-worker-0] INFO  handler.ContextHandler (ContextHandler.java:doStop(1159)) - Stopped o.e.j.w.WebAppContext@af3c368{hddsDatanode,/,null,STOPPED}{jar:file:/home/runner/.m2/repository/org/apache/ozone/hdds-container-service/1.4.0-SNAPSHOT/hdds-container-service-1.4.0-SNAPSHOT.jar!/webapps/hddsDatanode}
2023-03-29 21:19:28,129 [Listener at 127.0.0.1/39503] INFO  server.GrpcServerProtocolClient (GrpcServerProtocolClient.java:close(101)) - 1abb1f07-e430-4123-bdc4-d890b91ae57d Close channels
2023-03-29 21:19:28,129 [9f5ac200-d2f7-413f-8590-e4ff1008cbf0-impl-thread2] INFO  segmented.SegmentedRaftLogWorker (SegmentedRaftLogWorker.java:close(257)) - 9f5ac200-d2f7-413f-8590-e4ff1008cbf0@group-6CDAE7BF2089-SegmentedRaftLogWorker close()
2023-03-29 21:19:28,129 [9f5ac200-d2f7-413f-8590-e4ff1008cbf0-impl-thread1] INFO  segmented.SegmentedRaftLogWorker (SegmentedRaftLogWorker.java:close(257)) - 9f5ac200-d2f7-413f-8590-e4ff1008cbf0@group-871F59F78747-SegmentedRaftLogWorker close()
2023-03-29 21:19:28,130 [ForkJoinPool.commonPool-worker-0] INFO  server.AbstractConnector (AbstractConnector.java:doStop(383)) - Stopped ServerConnector@79b7c2b3{HTTP/1.1, (http/1.1)}{0.0.0.0:0}
2023-03-29 21:19:28,134 [ForkJoinPool.commonPool-worker-0] INFO  server.session (HouseKeeper.java:stopScavenging(149)) - node0 Stopped scavenging
2023-03-29 21:19:28,130 [Listener at 127.0.0.1/39503] INFO  server.GrpcServerProtocolClient (GrpcServerProtocolClient.java:close(101)) - 10c8465d-f338-41bc-bb05-aaed11bcc7c4 Close channels
2023-03-29 21:19:28,134 [Listener at 127.0.0.1/39503] INFO  server.GrpcService (GrpcService.java:closeImpl(280)) - 9f5ac200-d2f7-413f-8590-e4ff1008cbf0: shutdown server GrpcServerProtocolService successfully
2023-03-29 21:19:28,134 [9f5ac200-d2f7-413f-8590-e4ff1008cbf0-NettyServerStreamRpc-bossGroup--thread1] INFO  logging.LoggingHandler (AbstractInternalLogger.java:log(148)) - [id: 0x51c7c39a, L:/0:0:0:0:0:0:0:0:34153] CLOSE
2023-03-29 21:19:28,134 [9f5ac200-d2f7-413f-8590-e4ff1008cbf0-NettyServerStreamRpc-bossGroup--thread1] INFO  logging.LoggingHandler (AbstractInternalLogger.java:log(148)) - [id: 0x51c7c39a, L:/0:0:0:0:0:0:0:0:34153] INACTIVE
2023-03-29 21:19:28,135 [9f5ac200-d2f7-413f-8590-e4ff1008cbf0-NettyServerStreamRpc-bossGroup--thread1] INFO  logging.LoggingHandler (AbstractInternalLogger.java:log(148)) - [id: 0x51c7c39a, L:/0:0:0:0:0:0:0:0:34153] UNREGISTERED
2023-03-29 21:19:28,147 [9f5ac200-d2f7-413f-8590-e4ff1008cbf0-impl-thread3] INFO  segmented.SegmentedRaftLogWorker (SegmentedRaftLogWorker.java:close(257)) - 9f5ac200-d2f7-413f-8590-e4ff1008cbf0@group-4BBE8947C7EF-SegmentedRaftLogWorker close()
2023-03-29 21:19:28,147 [ForkJoinPool.commonPool-worker-0] INFO  handler.ContextHandler (ContextHandler.java:doStop(1159)) - Stopped o.e.j.s.ServletContextHandler@46c291fd{static,/static,jar:file:/home/runner/.m2/repository/org/apache/ozone/hdds-container-service/1.4.0-SNAPSHOT/hdds-container-service-1.4.0-SNAPSHOT.jar!/webapps/static,STOPPED}
2023-03-29 21:19:28,148 [ForkJoinPool.commonPool-worker-0] INFO  handler.ContextHandler (ContextHandler.java:doStop(1159)) - Stopped o.e.j.s.ServletContextHandler@399fecc3{logs,/logs,file:///home/runner/work/ozone/ozone/hadoop-ozone/integration-test/target/log,STOPPED}
2023-03-29 21:19:28,150 [JvmPauseMonitor28] INFO  util.JvmPauseMonitor (JvmPauseMonitor.java:run(111)) - JvmPauseMonitor-9f5ac200-d2f7-413f-8590-e4ff1008cbf0: Stopped
2023-03-29 21:19:30,153 [Listener at 127.0.0.1/39503] INFO  volume.HddsVolume (HddsVolume.java:closeDbStore(437)) - SchemaV3 db is stopped at /home/runner/work/ozone/ozone/hadoop-ozone/integration-test/target/test-dir/MiniOzoneClusterImpl-0d259c79-1228-4415-b9fd-a9070010e405/datanode-2/data-0/containers/hdds/0d259c79-1228-4415-b9fd-a9070010e405/DS-a4797eaf-fded-4212-8dbb-eacc77784796/container.db for volume DS-a4797eaf-fded-4212-8dbb-eacc77784796
2023-03-29 21:19:30,154 [Listener at 127.0.0.1/39503] INFO  utils.BackgroundService (BackgroundService.java:shutdown(141)) - Shutting down service BlockDeletingService
2023-03-29 21:19:30,154 [Listener at 127.0.0.1/39503] INFO  utils.BackgroundService (BackgroundService.java:shutdown(141)) - Shutting down service StaleRecoveringContainerScrubbingService
2023-03-29 21:19:30,157 [Listener at 127.0.0.1/39503] INFO  statemachine.DatanodeStateMachine (DatanodeStateMachine.java:stopDaemon(601)) - Ozone container server stopped.
2023-03-29 21:19:30,166 [Listener at 127.0.0.1/39503] INFO  handler.ContextHandler (ContextHandler.java:doStop(1159)) - Stopped o.e.j.w.WebAppContext@450c77ba{hddsDatanode,/,null,STOPPED}{jar:file:/home/runner/.m2/repository/org/apache/ozone/hdds-container-service/1.4.0-SNAPSHOT/hdds-container-service-1.4.0-SNAPSHOT.jar!/webapps/hddsDatanode}
2023-03-29 21:19:30,166 [Listener at 127.0.0.1/39503] INFO  server.AbstractConnector (AbstractConnector.java:doStop(383)) - Stopped ServerConnector@742d7812{HTTP/1.1, (http/1.1)}{0.0.0.0:0}
2023-03-29 21:19:30,166 [Listener at 127.0.0.1/39503] INFO  server.session (HouseKeeper.java:stopScavenging(149)) - node0 Stopped scavenging
2023-03-29 21:19:30,166 [Listener at 127.0.0.1/39503] INFO  handler.ContextHandler (ContextHandler.java:doStop(1159)) - Stopped o.e.j.s.ServletContextHandler@197cfcd5{static,/static,jar:file:/home/runner/.m2/repository/org/apache/ozone/hdds-container-service/1.4.0-SNAPSHOT/hdds-container-service-1.4.0-SNAPSHOT.jar!/webapps/static,STOPPED}
2023-03-29 21:19:30,170 [Listener at 127.0.0.1/39503] INFO  handler.ContextHandler (ContextHandler.java:doStop(1159)) - Stopped o.e.j.s.ServletContextHandler@434769c4{logs,/logs,file:///home/runner/work/ozone/ozone/hadoop-ozone/integration-test/target/log,STOPPED}
2023-03-29 21:19:30,178 [Listener at 127.0.0.1/39503] INFO  ozone.MiniOzoneClusterImpl (MiniOzoneClusterImpl.java:stopSCM(545)) - Stopping the StorageContainerManager
2023-03-29 21:19:30,178 [Listener at 127.0.0.1/39503] INFO  server.StorageContainerManager (StorageContainerManager.java:stop(1546)) - Container Balancer is not running.
2023-03-29 21:19:30,178 [Listener at 127.0.0.1/39503] INFO  server.StorageContainerManager (StorageContainerManager.java:stopReplicationManager(1660)) - Stopping Replication Manager Service.
2023-03-29 21:19:30,178 [Listener at 127.0.0.1/39503] INFO  replication.ReplicationManager (ReplicationManager.java:stop(310)) - Stopping Replication Monitor Thread.
2023-03-29 21:19:30,178 [Under Replicated Processor] WARN  replication.UnhealthyReplicationProcessor (UnhealthyReplicationProcessor.java:run(146)) - Under Replicated Processor interrupted. Exiting...
2023-03-29 21:19:30,178 [Listener at 127.0.0.1/39503] INFO  server.StorageContainerManager (StorageContainerManager.java:stop(1555)) - Stopping the Datanode Admin Monitor.
2023-03-29 21:19:30,178 [ReplicationMonitor] INFO  replication.ReplicationManager (ReplicationManager.java:run(880)) - Replication Monitor Thread is stopped
2023-03-29 21:19:30,178 [Over Replicated Processor] WARN  replication.UnhealthyReplicationProcessor (UnhealthyReplicationProcessor.java:run(146)) - Over Replicated Processor interrupted. Exiting...
2023-03-29 21:19:30,178 [Listener at 127.0.0.1/39503] INFO  server.StorageContainerManager (StorageContainerManager.java:stop(1562)) - Stopping datanode service RPC server
2023-03-29 21:19:30,178 [Listener at 127.0.0.1/39503] INFO  server.SCMDatanodeProtocolServer (SCMDatanodeProtocolServer.java:stop(424)) - Stopping the RPC server for DataNodes
2023-03-29 21:19:30,178 [Listener at 127.0.0.1/39503] INFO  ipc.Server (Server.java:stop(3428)) - Stopping server on 44239
2023-03-29 21:19:30,184 [IPC Server Responder] INFO  ipc.Server (Server.java:run(1517)) - Stopping IPC Server Responder
2023-03-29 21:19:30,185 [IPC Server listener on 0] INFO  ipc.Server (Server.java:run(1384)) - Stopping IPC Server listener on 0
2023-03-29 21:19:30,223 [SCM Heartbeat Processing Thread - 0] WARN  node.NodeStateManager (NodeStateManager.java:scheduleNextHealthCheck(870)) - Current Thread is interrupted, shutting down HB processing thread for Node Manager.
2023-03-29 21:19:30,223 [Listener at 127.0.0.1/39503] INFO  server.StorageContainerManager (StorageContainerManager.java:stop(1570)) - Stopping block service RPC server
2023-03-29 21:19:30,223 [Listener at 127.0.0.1/39503] INFO  server.SCMBlockProtocolServer (SCMBlockProtocolServer.java:stop(161)) - Stopping the RPC server for Block Protocol
2023-03-29 21:19:30,223 [Listener at 127.0.0.1/39503] INFO  ipc.Server (Server.java:stop(3428)) - Stopping server on 45371
2023-03-29 21:19:30,224 [Listener at 127.0.0.1/39503] INFO  server.StorageContainerManager (StorageContainerManager.java:stop(1577)) - Stopping the StorageContainerLocationProtocol RPC server
2023-03-29 21:19:30,224 [Listener at 127.0.0.1/39503] INFO  server.SCMClientProtocolServer (SCMClientProtocolServer.java:stop(206)) - Stopping the RPC server for Client Protocol
2023-03-29 21:19:30,224 [Listener at 127.0.0.1/39503] INFO  ipc.Server (Server.java:stop(3428)) - Stopping server on 45495
2023-03-29 21:19:30,225 [IPC Server listener on 0] INFO  ipc.Server (Server.java:run(1384)) - Stopping IPC Server listener on 0
2023-03-29 21:19:30,224 [IPC Server Responder] INFO  ipc.Server (Server.java:run(1517)) - Stopping IPC Server Responder
2023-03-29 21:19:30,227 [IPC Server listener on 0] INFO  ipc.Server (Server.java:run(1384)) - Stopping IPC Server listener on 0
2023-03-29 21:19:30,227 [Listener at 127.0.0.1/39503] INFO  server.StorageContainerManager (StorageContainerManager.java:stop(1584)) - Stopping Storage Container Manager HTTP server.
2023-03-29 21:19:30,228 [Listener at 127.0.0.1/39503] INFO  handler.ContextHandler (ContextHandler.java:doStop(1159)) - Stopped o.e.j.w.WebAppContext@67feb9d6{scm,/,null,STOPPED}{file:/home/runner/work/ozone/ozone/hadoop-ozone/integration-test/target/test-classes/webapps/scm}
2023-03-29 21:19:30,228 [IPC Server Responder] INFO  ipc.Server (Server.java:run(1517)) - Stopping IPC Server Responder
2023-03-29 21:19:30,229 [Listener at 127.0.0.1/39503] INFO  server.AbstractConnector (AbstractConnector.java:doStop(383)) - Stopped ServerConnector@301192fd{HTTP/1.1, (http/1.1)}{0.0.0.0:0}
2023-03-29 21:19:30,229 [Listener at 127.0.0.1/39503] INFO  server.session (HouseKeeper.java:stopScavenging(149)) - node0 Stopped scavenging
2023-03-29 21:19:30,229 [Listener at 127.0.0.1/39503] INFO  handler.ContextHandler (ContextHandler.java:doStop(1159)) - Stopped o.e.j.s.ServletContextHandler@29eca986{static,/static,file:///home/runner/work/ozone/ozone/hadoop-ozone/integration-test/target/test-classes/webapps/static,STOPPED}
2023-03-29 21:19:30,229 [Listener at 127.0.0.1/39503] INFO  handler.ContextHandler (ContextHandler.java:doStop(1159)) - Stopped o.e.j.s.ServletContextHandler@76a965aa{logs,/logs,file:///home/runner/work/ozone/ozone/hadoop-ozone/integration-test/target/log,STOPPED}
2023-03-29 21:19:30,230 [Listener at 127.0.0.1/39503] INFO  server.StorageContainerManager (StorageContainerManager.java:stop(1592)) - Stopping SCM LayoutVersionManager Service.
2023-03-29 21:19:30,230 [Listener at 127.0.0.1/39503] INFO  server.StorageContainerManager (StorageContainerManager.java:stop(1600)) - Stopping Block Manager Service.
2023-03-29 21:19:30,230 [Listener at 127.0.0.1/39503] INFO  utils.BackgroundService (BackgroundService.java:shutdown(141)) - Shutting down service SCMBlockDeletingService
2023-03-29 21:19:30,230 [Listener at 127.0.0.1/39503] INFO  utils.BackgroundService (BackgroundService.java:shutdown(141)) - Shutting down service SCMBlockDeletingService
2023-03-29 21:19:30,230 [Listener at 127.0.0.1/39503] INFO  server.StorageContainerManager (StorageContainerManager.java:stop(1622)) - Stopping SCM Event Queue.
2023-03-29 21:19:30,231 [Listener at 127.0.0.1/39503] INFO  server.StorageContainerManager (StorageContainerManager.java:stop(1633)) - Stopping SCM HA services.
2023-03-29 21:19:30,232 [Listener at 127.0.0.1/39503] INFO  pipeline.BackgroundPipelineCreator (BackgroundPipelineCreator.java:stop(149)) - Stopping RatisPipelineUtilsThread.
2023-03-29 21:19:30,232 [RatisPipelineUtilsThread - 0] WARN  pipeline.BackgroundPipelineCreator (BackgroundPipelineCreator.java:run(180)) - RatisPipelineUtilsThread is interrupted.
2023-03-29 21:19:30,232 [BackgroundPipelineScrubberThread] WARN  BackgroundPipelineScrubber (BackgroundSCMService.java:run(115)) - BackgroundPipelineScrubber is interrupted, exit
2023-03-29 21:19:30,232 [Listener at 127.0.0.1/39503] INFO  BackgroundPipelineScrubber (BackgroundSCMService.java:stop(131)) - Stopping BackgroundPipelineScrubber Service.
2023-03-29 21:19:30,232 [Listener at 127.0.0.1/39503] INFO  impl.MetricsSystemImpl (MetricsSystemImpl.java:stop(210)) - Stopping HddsDatanode metrics system...
2023-03-29 21:19:30,233 [prometheus] INFO  impl.MetricsSinkAdapter (MetricsSinkAdapter.java:publishMetricsFromQueue(141)) - prometheus thread interrupted.
2023-03-29 21:19:30,233 [Listener at 127.0.0.1/39503] INFO  impl.MetricsSystemImpl (MetricsSystemImpl.java:stop(216)) - HddsDatanode metrics system stopped.
2023-03-29 21:19:30,233 [Listener at 127.0.0.1/39503] WARN  pipeline.BackgroundPipelineCreator (BackgroundPipelineCreator.java:stop(145)) - RatisPipelineUtilsThread is not running, just ignore.
2023-03-29 21:19:30,233 [Listener at 127.0.0.1/39503] INFO  BackgroundPipelineScrubber (BackgroundSCMService.java:stop(126)) - BackgroundPipelineScrubber Service is not running, skip stop.
2023-03-29 21:19:30,233 [Listener at 127.0.0.1/39503] INFO  ExpiredContainerReplicaOpScrubber (BackgroundSCMService.java:stop(131)) - Stopping ExpiredContainerReplicaOpScrubber Service.
2023-03-29 21:19:30,233 [Listener at 127.0.0.1/39503] INFO  utils.BackgroundService (BackgroundService.java:shutdown(141)) - Shutting down service SCMBlockDeletingService
2023-03-29 21:19:30,233 [ExpiredContainerReplicaOpScrubberThread] WARN  ExpiredContainerReplicaOpScrubber (BackgroundSCMService.java:run(115)) - ExpiredContainerReplicaOpScrubber is interrupted, exit
2023-03-29 21:19:30,234 [Listener at 127.0.0.1/39503] INFO  replication.ReplicationManager (ReplicationManager.java:stop(320)) - Replication Monitor Thread is not running.
2023-03-29 21:19:30,234 [Listener at 127.0.0.1/39503] WARN  balancer.ContainerBalancer (ContainerBalancer.java:stop(324)) - Cannot stop Container Balancer because it's not running or stopping
2023-03-29 21:19:30,234 [Listener at 127.0.0.1/39503] INFO  server.StorageContainerManager (StorageContainerManager.java:stop(1651)) - Stopping SCM MetadataStore.
]]></system-out>
  </testcase>
  <testcase name="testIncrementalContainerReportQueue" classname="org.apache.hadoop.ozone.TestStorageContainerManager" time="3.086"/>
  <testcase name="testSCMInitializationWithHAEnabled" classname="org.apache.hadoop.ozone.TestStorageContainerManager" time="6.067">
    <system-out><![CDATA[2023-03-29 21:19:33,353 [Time-limited test] WARN  server.ServerUtils (ServerUtils.java:getScmDbDir(148)) - ozone.scm.db.dirs is not configured. We recommend adding this setting. Falling back to ozone.metadata.dirs instead.
2023-03-29 21:19:33,354 [Time-limited test] INFO  ha.SCMHANodeDetails (SCMHANodeDetails.java:loadSCMHAConfig(209)) - ServiceID for StorageContainerManager is null
2023-03-29 21:19:33,354 [Time-limited test] INFO  ha.SCMHANodeDetails (SCMHANodeDetails.java:loadSCMHAConfig(214)) - ozone.scm.default.service.id is not defined, falling back to ozone.scm.service.ids to find serviceID for StorageContainerManager if it is HA enabled cluster
2023-03-29 21:19:33,356 [Time-limited test] INFO  server.RaftServer (ConfUtils.java:logGet(46)) - raft.rpc.type = GRPC (default)
2023-03-29 21:19:33,357 [Time-limited test] INFO  grpc.GrpcConfigKeys (ConfUtils.java:logFallback(53)) - raft.grpc.admin.host = null (fallback to raft.grpc.server.host)
2023-03-29 21:19:33,357 [Time-limited test] INFO  grpc.GrpcConfigKeys (ConfUtils.java:logFallback(53)) - raft.grpc.admin.port = 9894 (fallback to raft.grpc.server.port)
2023-03-29 21:19:33,357 [Time-limited test] INFO  grpc.GrpcConfigKeys (ConfUtils.java:logFallback(53)) - raft.grpc.client.host = null (fallback to raft.grpc.server.host)
2023-03-29 21:19:33,357 [Time-limited test] INFO  grpc.GrpcConfigKeys (ConfUtils.java:logFallback(53)) - raft.grpc.client.port = 9894 (fallback to raft.grpc.server.port)
2023-03-29 21:19:33,357 [Time-limited test] INFO  grpc.GrpcConfigKeys (ConfUtils.java:logGet(46)) - raft.grpc.server.host = null (default)
2023-03-29 21:19:33,357 [Time-limited test] INFO  grpc.GrpcConfigKeys (ConfUtils.java:logGet(46)) - raft.grpc.server.port = 9894 (custom)
2023-03-29 21:19:33,357 [Time-limited test] INFO  server.GrpcService (ConfUtils.java:logGet(46)) - raft.grpc.message.size.max = 32m (=33554432) (custom)
2023-03-29 21:19:33,357 [Time-limited test] INFO  server.RaftServerConfigKeys (ConfUtils.java:logGet(46)) - raft.server.log.appender.buffer.byte-limit = 33554432 (custom)
2023-03-29 21:19:33,357 [Time-limited test] INFO  server.GrpcService (ConfUtils.java:logGet(46)) - raft.grpc.flow.control.window = 1MB (=1048576) (default)
2023-03-29 21:19:33,357 [Time-limited test] INFO  server.RaftServerConfigKeys (ConfUtils.java:logGet(46)) - raft.server.rpc.request.timeout = 30000ms (custom)
2023-03-29 21:19:33,357 [Time-limited test] INFO  grpc.GrpcConfigKeys (ConfUtils.java:logGet(46)) - raft.grpc.server.heartbeat.channel = true (default)
2023-03-29 21:19:33,358 [Time-limited test] INFO  grpc.GrpcConfigKeys (ConfUtils.java:logGet(46)) - raft.grpc.server.async.request.thread.pool.cached = true (default)
2023-03-29 21:19:33,358 [Time-limited test] INFO  grpc.GrpcConfigKeys (ConfUtils.java:logGet(46)) - raft.grpc.server.async.request.thread.pool.size = 32 (default)
2023-03-29 21:19:33,359 [Time-limited test] INFO  impl.DataStreamServerImpl (ConfUtils.java:logGet(46)) - raft.datastream.type = DISABLED (default)
2023-03-29 21:19:33,359 [Time-limited test] INFO  server.RaftServerConfigKeys (ConfUtils.java:logGet(46)) - raft.server.threadpool.proxy.cached = true (default)
2023-03-29 21:19:33,359 [Time-limited test] INFO  server.RaftServerConfigKeys (ConfUtils.java:logGet(46)) - raft.server.threadpool.proxy.size = 0 (default)
2023-03-29 21:19:33,359 [Time-limited test] INFO  server.RaftServerConfigKeys (ConfUtils.java:logGet(46)) - raft.server.rpc.slowness.timeout = 120000ms (custom)
2023-03-29 21:19:33,360 [Time-limited test] INFO  server.RaftServerConfigKeys (ConfUtils.java:logGet(46)) - raft.server.leaderelection.leader.step-down.wait-time = 10s (default)
2023-03-29 21:19:33,360 [Time-limited test] INFO  server.RaftServerConfigKeys (ConfUtils.java:logGet(46)) - raft.server.storage.dir = [/home/runner/work/ozone/ozone/hadoop-ozone/integration-test/target/test-dir/2eedef47-5e26-418e-94d7-86b52b24e6d5/scm-meta/scm-ha] (custom)
2023-03-29 21:19:33,360 [Time-limited test] INFO  server.RaftServer (RaftServerProxy.java:addNew(96)) - 1af08383-b21e-4722-8d22-7218afdf28c2: addNew group-6535179981DD:[1af08383-b21e-4722-8d22-7218afdf28c2|rpc:fv-az308-773:9894|priority:0|startupRole:FOLLOWER] returns group-6535179981DD:java.util.concurrent.CompletableFuture@66907fa7[Not completed]
2023-03-29 21:19:33,360 [pool-1118-thread-1] INFO  server.RaftServer$Division (RaftServerImpl.java:<init>(195)) - 1af08383-b21e-4722-8d22-7218afdf28c2: new RaftServerImpl for group-6535179981DD:[1af08383-b21e-4722-8d22-7218afdf28c2|rpc:fv-az308-773:9894|priority:0|startupRole:FOLLOWER] with SCMStateMachine:uninitialized
2023-03-29 21:19:33,361 [pool-1118-thread-1] INFO  server.RaftServerConfigKeys (ConfUtils.java:logGet(46)) - raft.server.rpc.timeout.min = 5000ms (custom)
2023-03-29 21:19:33,361 [pool-1118-thread-1] INFO  server.RaftServerConfigKeys (ConfUtils.java:logGet(46)) - raft.server.rpc.timeout.max = 5200ms (custom)
2023-03-29 21:19:33,361 [pool-1118-thread-1] INFO  server.RaftServerConfigKeys (ConfUtils.java:logGet(46)) - raft.server.rpc.sleep.time = 25ms (default)
2023-03-29 21:19:33,361 [pool-1118-thread-1] INFO  server.RaftServerConfigKeys (ConfUtils.java:logGet(46)) - raft.server.rpc.slowness.timeout = 120000ms (custom)
2023-03-29 21:19:33,361 [pool-1118-thread-1] INFO  server.RaftServerConfigKeys (ConfUtils.java:logGet(46)) - raft.server.leaderelection.leader.step-down.wait-time = 10s (default)
2023-03-29 21:19:33,361 [pool-1118-thread-1] INFO  server.RaftServerConfigKeys (ConfUtils.java:logGet(46)) - raft.server.sleep.deviation.threshold = 300ms (default)
2023-03-29 21:19:33,361 [pool-1118-thread-1] INFO  server.RaftServer$Division (ServerState.java:<init>(118)) - 1af08383-b21e-4722-8d22-7218afdf28c2@group-6535179981DD: ConfigurationManager, init=-1: peers:[1af08383-b21e-4722-8d22-7218afdf28c2|rpc:fv-az308-773:9894|priority:0|startupRole:FOLLOWER]|listeners:[], old=null, confs=<EMPTY_MAP>
2023-03-29 21:19:33,361 [pool-1118-thread-1] INFO  server.RaftServerConfigKeys (ConfUtils.java:logGet(46)) - raft.server.storage.dir = [/home/runner/work/ozone/ozone/hadoop-ozone/integration-test/target/test-dir/2eedef47-5e26-418e-94d7-86b52b24e6d5/scm-meta/scm-ha] (custom)
2023-03-29 21:19:33,361 [pool-1118-thread-1] INFO  server.RaftServerConfigKeys (ConfUtils.java:logGet(46)) - raft.server.log.corruption.policy = EXCEPTION (default)
2023-03-29 21:19:33,361 [pool-1118-thread-1] INFO  server.RaftServerConfigKeys (ConfUtils.java:logGet(46)) - raft.server.storage.free-space.min = 0MB (=0) (default)
2023-03-29 21:19:33,361 [pool-1118-thread-1] INFO  server.RaftServerConfigKeys (ConfUtils.java:logGet(46)) - raft.server.notification.no-leader.timeout = 60s (default)
2023-03-29 21:19:33,361 [pool-1118-thread-1] INFO  server.RaftServerConfigKeys (ConfUtils.java:logGet(46)) - raft.server.retrycache.expirytime = 60000ms (default)
2023-03-29 21:19:33,361 [pool-1118-thread-1] INFO  server.RaftServerConfigKeys (ConfUtils.java:logGet(46)) - raft.server.retrycache.statistics.expirytime = 100μs (default)
2023-03-29 21:19:33,362 [pool-1118-thread-1] INFO  server.RaftServerConfigKeys (ConfUtils.java:logGet(46)) - raft.server.log.appender.install.snapshot.enabled = false (custom)
2023-03-29 21:19:33,362 [pool-1118-thread-1] INFO  server.RaftServerConfigKeys (ConfUtils.java:logGet(46)) - raft.server.threadpool.server.cached = true (default)
2023-03-29 21:19:33,362 [pool-1118-thread-1] INFO  server.RaftServerConfigKeys (ConfUtils.java:logGet(46)) - raft.server.threadpool.server.size = 0 (default)
2023-03-29 21:19:33,362 [pool-1118-thread-1] INFO  server.RaftServerConfigKeys (ConfUtils.java:logGet(46)) - raft.server.threadpool.client.cached = true (default)
2023-03-29 21:19:33,362 [pool-1118-thread-1] INFO  server.RaftServerConfigKeys (ConfUtils.java:logGet(46)) - raft.server.threadpool.client.size = 0 (default)
2023-03-29 21:19:33,363 [1af08383-b21e-4722-8d22-7218afdf28c2-impl-thread1] INFO  storage.RaftStorageDirectory (RaftStorageDirectoryImpl.java:analyzeStorage(137)) - The storage directory /home/runner/work/ozone/ozone/hadoop-ozone/integration-test/target/test-dir/2eedef47-5e26-418e-94d7-86b52b24e6d5/scm-meta/scm-ha/7b8c7c7a-5148-4b7a-8738-6535179981dd does not exist. Creating ...
2023-03-29 21:19:33,364 [1af08383-b21e-4722-8d22-7218afdf28c2-impl-thread1] INFO  storage.RaftStorageDirectory (RaftStorageDirectoryImpl.java:tryLock(231)) - Lock on /home/runner/work/ozone/ozone/hadoop-ozone/integration-test/target/test-dir/2eedef47-5e26-418e-94d7-86b52b24e6d5/scm-meta/scm-ha/7b8c7c7a-5148-4b7a-8738-6535179981dd/in_use.lock acquired by nodename 46426@fv-az308-773
2023-03-29 21:19:33,365 [1af08383-b21e-4722-8d22-7218afdf28c2-impl-thread1] INFO  storage.RaftStorage (RaftStorageImpl.java:format(96)) - Storage directory /home/runner/work/ozone/ozone/hadoop-ozone/integration-test/target/test-dir/2eedef47-5e26-418e-94d7-86b52b24e6d5/scm-meta/scm-ha/7b8c7c7a-5148-4b7a-8738-6535179981dd has been successfully formatted.
2023-03-29 21:19:33,365 [1af08383-b21e-4722-8d22-7218afdf28c2-impl-thread1] INFO  server.RaftServerConfigKeys (ConfUtils.java:logGet(46)) - raft.server.log.use.memory = false (default)
2023-03-29 21:19:33,366 [1af08383-b21e-4722-8d22-7218afdf28c2-impl-thread1] INFO  server.RaftServerConfigKeys (ConfUtils.java:logGet(46)) - raft.server.log.purge.gap = 1000000 (custom)
2023-03-29 21:19:33,366 [1af08383-b21e-4722-8d22-7218afdf28c2-impl-thread1] INFO  server.RaftServerConfigKeys (ConfUtils.java:logGet(46)) - raft.server.log.appender.buffer.byte-limit = 33554432 (custom)
2023-03-29 21:19:33,366 [1af08383-b21e-4722-8d22-7218afdf28c2-impl-thread1] INFO  server.RaftServerConfigKeys (ConfUtils.java:logGet(46)) - raft.server.log.statemachine.data.read.timeout = 1000ms (default)
2023-03-29 21:19:33,366 [1af08383-b21e-4722-8d22-7218afdf28c2-impl-thread1] INFO  server.RaftServerConfigKeys (ConfUtils.java:logGet(46)) - raft.server.log.purge.preservation.log.num = 0 (default)
2023-03-29 21:19:33,366 [1af08383-b21e-4722-8d22-7218afdf28c2-impl-thread1] INFO  server.RaftServerConfigKeys (ConfUtils.java:logGet(46)) - raft.server.log.segment.size.max = 4194304 (custom)
2023-03-29 21:19:33,366 [1af08383-b21e-4722-8d22-7218afdf28c2-impl-thread1] INFO  server.RaftServerConfigKeys (ConfUtils.java:logGet(46)) - raft.server.log.segment.cache.num.max = 2 (custom)
2023-03-29 21:19:33,366 [1af08383-b21e-4722-8d22-7218afdf28c2-impl-thread1] INFO  server.RaftServerConfigKeys (ConfUtils.java:logGet(46)) - raft.server.log.segment.cache.size.max = 200MB (=209715200) (default)
2023-03-29 21:19:33,366 [1af08383-b21e-4722-8d22-7218afdf28c2-impl-thread1] INFO  segmented.SegmentedRaftLogWorker (SegmentedRaftLogWorker.java:<init>(189)) - new 1af08383-b21e-4722-8d22-7218afdf28c2@group-6535179981DD-SegmentedRaftLogWorker for RaftStorageImpl:Storage Directory /home/runner/work/ozone/ozone/hadoop-ozone/integration-test/target/test-dir/2eedef47-5e26-418e-94d7-86b52b24e6d5/scm-meta/scm-ha/7b8c7c7a-5148-4b7a-8738-6535179981dd
2023-03-29 21:19:33,366 [1af08383-b21e-4722-8d22-7218afdf28c2-impl-thread1] INFO  server.RaftServerConfigKeys (ConfUtils.java:logGet(46)) - raft.server.log.queue.byte-limit = 64MB (=67108864) (default)
2023-03-29 21:19:33,366 [1af08383-b21e-4722-8d22-7218afdf28c2-impl-thread1] INFO  server.RaftServerConfigKeys (ConfUtils.java:logGet(46)) - raft.server.log.queue.element-limit = 4096 (default)
2023-03-29 21:19:33,366 [1af08383-b21e-4722-8d22-7218afdf28c2-impl-thread1] INFO  server.RaftServerConfigKeys (ConfUtils.java:logGet(46)) - raft.server.log.segment.size.max = 4194304 (custom)
2023-03-29 21:19:33,366 [1af08383-b21e-4722-8d22-7218afdf28c2-impl-thread1] INFO  server.RaftServerConfigKeys (ConfUtils.java:logGet(46)) - raft.server.log.preallocated.size = 4194304 (custom)
2023-03-29 21:19:33,366 [1af08383-b21e-4722-8d22-7218afdf28c2-impl-thread1] INFO  server.RaftServerConfigKeys (ConfUtils.java:logGet(46)) - raft.server.log.force.sync.num = 128 (default)
2023-03-29 21:19:33,366 [1af08383-b21e-4722-8d22-7218afdf28c2-impl-thread1] INFO  server.RaftServerConfigKeys (ConfUtils.java:logGet(46)) - raft.server.log.statemachine.data.sync = true (default)
2023-03-29 21:19:33,366 [1af08383-b21e-4722-8d22-7218afdf28c2-impl-thread1] INFO  server.RaftServerConfigKeys (ConfUtils.java:logGet(46)) - raft.server.log.statemachine.data.sync.timeout = 10s (default)
2023-03-29 21:19:33,366 [1af08383-b21e-4722-8d22-7218afdf28c2-impl-thread1] INFO  server.RaftServerConfigKeys (ConfUtils.java:logGet(46)) - raft.server.log.statemachine.data.sync.timeout.retry = -1 (default)
2023-03-29 21:19:33,366 [1af08383-b21e-4722-8d22-7218afdf28c2-impl-thread1] INFO  server.RaftServerConfigKeys (ConfUtils.java:logGet(46)) - raft.server.log.write.buffer.size = 64KB (=65536) (default)
2023-03-29 21:19:33,367 [1af08383-b21e-4722-8d22-7218afdf28c2-impl-thread1] INFO  server.RaftServerConfigKeys (ConfUtils.java:logGet(46)) - raft.server.log.appender.buffer.byte-limit = 33554432 (custom)
2023-03-29 21:19:33,384 [1af08383-b21e-4722-8d22-7218afdf28c2-impl-thread1] INFO  server.RaftServerConfigKeys (ConfUtils.java:logGet(46)) - raft.server.log.unsafe-flush.enabled = false (default)
2023-03-29 21:19:33,384 [1af08383-b21e-4722-8d22-7218afdf28c2-impl-thread1] INFO  server.RaftServerConfigKeys (ConfUtils.java:logGet(46)) - raft.server.log.async-flush.enabled = false (default)
2023-03-29 21:19:33,384 [1af08383-b21e-4722-8d22-7218afdf28c2-impl-thread1] INFO  server.RaftServerConfigKeys (ConfUtils.java:logGet(46)) - raft.server.log.statemachine.data.caching.enabled = false (default)
2023-03-29 21:19:33,385 [1af08383-b21e-4722-8d22-7218afdf28c2-impl-thread1] INFO  segmented.SegmentedRaftLogWorker (SegmentedRaftLogWorker.java:lambda$new$0(135)) - 1af08383-b21e-4722-8d22-7218afdf28c2@group-6535179981DD-SegmentedRaftLogWorker: flushIndex: setUnconditionally 0 -> -1
2023-03-29 21:19:33,385 [1af08383-b21e-4722-8d22-7218afdf28c2-impl-thread1] INFO  segmented.SegmentedRaftLogWorker (SegmentedRaftLogWorker.java:lambda$new$0(135)) - 1af08383-b21e-4722-8d22-7218afdf28c2@group-6535179981DD-SegmentedRaftLogWorker: safeCacheEvictIndex: setUnconditionally 0 -> -1
2023-03-29 21:19:33,386 [1af08383-b21e-4722-8d22-7218afdf28c2-impl-thread1] INFO  server.RaftServer$Division (RaftServerImpl.java:start(334)) - 1af08383-b21e-4722-8d22-7218afdf28c2@group-6535179981DD: start as a follower, conf=-1: peers:[1af08383-b21e-4722-8d22-7218afdf28c2|rpc:fv-az308-773:9894|priority:0|startupRole:FOLLOWER]|listeners:[], old=null
2023-03-29 21:19:33,386 [1af08383-b21e-4722-8d22-7218afdf28c2-impl-thread1] INFO  server.RaftServer$Division (RaftServerImpl.java:setRole(321)) - 1af08383-b21e-4722-8d22-7218afdf28c2@group-6535179981DD: changes role from      null to FOLLOWER at term 0 for startAsFollower
2023-03-29 21:19:33,386 [1af08383-b21e-4722-8d22-7218afdf28c2-impl-thread1] INFO  impl.RoleInfo (RoleInfo.java:updateAndGet(139)) - 1af08383-b21e-4722-8d22-7218afdf28c2: start 1af08383-b21e-4722-8d22-7218afdf28c2@group-6535179981DD-FollowerState
2023-03-29 21:19:33,386 [1af08383-b21e-4722-8d22-7218afdf28c2@group-6535179981DD-FollowerState] INFO  server.RaftServerConfigKeys (ConfUtils.java:logFallback(53)) - raft.server.rpc.first-election.timeout.min = 5000ms (fallback to raft.server.rpc.timeout.min)
2023-03-29 21:19:33,386 [1af08383-b21e-4722-8d22-7218afdf28c2@group-6535179981DD-FollowerState] INFO  server.RaftServerConfigKeys (ConfUtils.java:logFallback(53)) - raft.server.rpc.first-election.timeout.max = 5200ms (fallback to raft.server.rpc.timeout.max)
2023-03-29 21:19:33,386 [1af08383-b21e-4722-8d22-7218afdf28c2-impl-thread1] INFO  util.JmxRegister (JmxRegister.java:tryRegister(44)) - Successfully registered JMX Bean with object name Ratis:service=RaftServer,group=group-6535179981DD,id=1af08383-b21e-4722-8d22-7218afdf28c2
2023-03-29 21:19:33,386 [1af08383-b21e-4722-8d22-7218afdf28c2-impl-thread1] INFO  server.RaftServerConfigKeys (ConfUtils.java:logGet(46)) - raft.server.snapshot.auto.trigger.enabled = true (custom)
2023-03-29 21:19:33,386 [1af08383-b21e-4722-8d22-7218afdf28c2-impl-thread1] INFO  server.RaftServerConfigKeys (ConfUtils.java:logGet(46)) - raft.server.snapshot.auto.trigger.threshold = 1000 (custom)
2023-03-29 21:19:33,386 [1af08383-b21e-4722-8d22-7218afdf28c2-impl-thread1] INFO  server.RaftServerConfigKeys (ConfUtils.java:logGet(46)) - raft.server.snapshot.retention.file.num = -1 (default)
2023-03-29 21:19:33,386 [1af08383-b21e-4722-8d22-7218afdf28c2-impl-thread1] INFO  server.RaftServerConfigKeys (ConfUtils.java:logGet(46)) - raft.server.log.purge.upto.snapshot.index = false (default)
2023-03-29 21:19:33,387 [Time-limited test] INFO  server.RaftServer (RaftServerProxy.java:startImpl(393)) - 1af08383-b21e-4722-8d22-7218afdf28c2: start RPC server
2023-03-29 21:19:33,388 [Time-limited test] INFO  server.GrpcService (GrpcService.java:startImpl(262)) - 1af08383-b21e-4722-8d22-7218afdf28c2: GrpcService started, listening on 9894
2023-03-29 21:19:33,390 [JvmPauseMonitor29] INFO  util.JvmPauseMonitor (JvmPauseMonitor.java:run(105)) - JvmPauseMonitor-1af08383-b21e-4722-8d22-7218afdf28c2: Started
2023-03-29 21:19:38,514 [1af08383-b21e-4722-8d22-7218afdf28c2@group-6535179981DD-FollowerState] INFO  impl.FollowerState (FollowerState.java:run(143)) - 1af08383-b21e-4722-8d22-7218afdf28c2@group-6535179981DD-FollowerState: change to CANDIDATE, lastRpcElapsedTime:5128653062ns, electionTimeout:5128ms
2023-03-29 21:19:38,515 [1af08383-b21e-4722-8d22-7218afdf28c2@group-6535179981DD-FollowerState] INFO  impl.RoleInfo (RoleInfo.java:shutdownFollowerState(110)) - 1af08383-b21e-4722-8d22-7218afdf28c2: shutdown 1af08383-b21e-4722-8d22-7218afdf28c2@group-6535179981DD-FollowerState
2023-03-29 21:19:38,515 [1af08383-b21e-4722-8d22-7218afdf28c2@group-6535179981DD-FollowerState] INFO  server.RaftServer$Division (RaftServerImpl.java:setRole(321)) - 1af08383-b21e-4722-8d22-7218afdf28c2@group-6535179981DD: changes role from  FOLLOWER to CANDIDATE at term 0 for changeToCandidate
2023-03-29 21:19:38,515 [1af08383-b21e-4722-8d22-7218afdf28c2@group-6535179981DD-FollowerState] INFO  server.RaftServerConfigKeys (ConfUtils.java:logGet(46)) - raft.server.leaderelection.pre-vote = true (default)
2023-03-29 21:19:38,515 [1af08383-b21e-4722-8d22-7218afdf28c2@group-6535179981DD-FollowerState] INFO  impl.RoleInfo (RoleInfo.java:updateAndGet(139)) - 1af08383-b21e-4722-8d22-7218afdf28c2: start 1af08383-b21e-4722-8d22-7218afdf28c2@group-6535179981DD-LeaderElection53
2023-03-29 21:19:38,516 [1af08383-b21e-4722-8d22-7218afdf28c2@group-6535179981DD-LeaderElection53] INFO  impl.LeaderElection (LeaderElection.java:askForVotes(312)) - 1af08383-b21e-4722-8d22-7218afdf28c2@group-6535179981DD-LeaderElection53 PRE_VOTE round 0: submit vote requests at term 0 for -1: peers:[1af08383-b21e-4722-8d22-7218afdf28c2|rpc:fv-az308-773:9894|priority:0|startupRole:FOLLOWER]|listeners:[], old=null
2023-03-29 21:19:38,516 [1af08383-b21e-4722-8d22-7218afdf28c2@group-6535179981DD-LeaderElection53] INFO  impl.LeaderElection (LeaderElection.java:askForVotes(314)) - 1af08383-b21e-4722-8d22-7218afdf28c2@group-6535179981DD-LeaderElection53 PRE_VOTE round 0: result PASSED (term=0)
2023-03-29 21:19:38,517 [1af08383-b21e-4722-8d22-7218afdf28c2@group-6535179981DD-LeaderElection53] INFO  impl.LeaderElection (LeaderElection.java:askForVotes(312)) - 1af08383-b21e-4722-8d22-7218afdf28c2@group-6535179981DD-LeaderElection53 ELECTION round 0: submit vote requests at term 1 for -1: peers:[1af08383-b21e-4722-8d22-7218afdf28c2|rpc:fv-az308-773:9894|priority:0|startupRole:FOLLOWER]|listeners:[], old=null
2023-03-29 21:19:38,517 [1af08383-b21e-4722-8d22-7218afdf28c2@group-6535179981DD-LeaderElection53] INFO  impl.LeaderElection (LeaderElection.java:askForVotes(314)) - 1af08383-b21e-4722-8d22-7218afdf28c2@group-6535179981DD-LeaderElection53 ELECTION round 0: result PASSED (term=1)
2023-03-29 21:19:38,517 [1af08383-b21e-4722-8d22-7218afdf28c2@group-6535179981DD-LeaderElection53] INFO  impl.RoleInfo (RoleInfo.java:shutdownLeaderElection(130)) - 1af08383-b21e-4722-8d22-7218afdf28c2: shutdown 1af08383-b21e-4722-8d22-7218afdf28c2@group-6535179981DD-LeaderElection53
2023-03-29 21:19:38,517 [1af08383-b21e-4722-8d22-7218afdf28c2@group-6535179981DD-LeaderElection53] INFO  server.RaftServer$Division (RaftServerImpl.java:setRole(321)) - 1af08383-b21e-4722-8d22-7218afdf28c2@group-6535179981DD: changes role from CANDIDATE to LEADER at term 1 for changeToLeader
2023-03-29 21:19:38,517 [1af08383-b21e-4722-8d22-7218afdf28c2@group-6535179981DD-LeaderElection53] INFO  server.RaftServer$Division (ServerState.java:setLeader(313)) - 1af08383-b21e-4722-8d22-7218afdf28c2@group-6535179981DD: change Leader from null to 1af08383-b21e-4722-8d22-7218afdf28c2 at term 1 for becomeLeader, leader elected after 5156ms
2023-03-29 21:19:38,517 [1af08383-b21e-4722-8d22-7218afdf28c2@group-6535179981DD-LeaderElection53] INFO  server.RaftServerConfigKeys (ConfUtils.java:logGet(46)) - raft.server.staging.catchup.gap = 1000 (default)
2023-03-29 21:19:38,518 [1af08383-b21e-4722-8d22-7218afdf28c2@group-6535179981DD-LeaderElection53] INFO  server.RaftServerConfigKeys (ConfUtils.java:logGet(46)) - raft.server.write.element-limit = 4096 (default)
2023-03-29 21:19:38,518 [1af08383-b21e-4722-8d22-7218afdf28c2@group-6535179981DD-LeaderElection53] INFO  server.RaftServerConfigKeys (ConfUtils.java:logGet(46)) - raft.server.write.byte-limit = 64MB (=67108864) (default)
2023-03-29 21:19:38,518 [1af08383-b21e-4722-8d22-7218afdf28c2@group-6535179981DD-LeaderElection53] INFO  server.RaftServerConfigKeys (ConfUtils.java:logGet(46)) - raft.server.watch.timeout = 10s (default)
2023-03-29 21:19:38,518 [1af08383-b21e-4722-8d22-7218afdf28c2@group-6535179981DD-LeaderElection53] INFO  server.RaftServerConfigKeys (ConfUtils.java:logGet(46)) - raft.server.watch.timeout.denomination = 1s (default)
2023-03-29 21:19:38,518 [1af08383-b21e-4722-8d22-7218afdf28c2@group-6535179981DD-LeaderElection53] INFO  server.RaftServerConfigKeys (ConfUtils.java:logGet(46)) - raft.server.watch.element-limit = 65536 (default)
2023-03-29 21:19:38,518 [1af08383-b21e-4722-8d22-7218afdf28c2@group-6535179981DD-LeaderElection53] INFO  server.RaftServerConfigKeys (ConfUtils.java:logGet(46)) - raft.server.write.element-limit = 4096 (default)
2023-03-29 21:19:38,518 [1af08383-b21e-4722-8d22-7218afdf28c2@group-6535179981DD-LeaderElection53] INFO  server.RaftServerConfigKeys (ConfUtils.java:logGet(46)) - raft.server.write.follower.gap.ratio.max = -1.0 (default)
2023-03-29 21:19:38,518 [1af08383-b21e-4722-8d22-7218afdf28c2@group-6535179981DD-LeaderElection53] INFO  impl.RoleInfo (RoleInfo.java:updateAndGet(139)) - 1af08383-b21e-4722-8d22-7218afdf28c2: start 1af08383-b21e-4722-8d22-7218afdf28c2@group-6535179981DD-LeaderStateImpl
2023-03-29 21:19:38,518 [1af08383-b21e-4722-8d22-7218afdf28c2@group-6535179981DD-LeaderElection53] INFO  segmented.SegmentedRaftLogWorker (SegmentedRaftLogWorker.java:startLogSegment(452)) - 1af08383-b21e-4722-8d22-7218afdf28c2@group-6535179981DD-SegmentedRaftLogWorker: Starting segment from index:0
2023-03-29 21:19:38,519 [1af08383-b21e-4722-8d22-7218afdf28c2@group-6535179981DD-LeaderElection53] INFO  server.RaftServer$Division (ServerState.java:setRaftConf(430)) - 1af08383-b21e-4722-8d22-7218afdf28c2@group-6535179981DD: set configuration 0: peers:[1af08383-b21e-4722-8d22-7218afdf28c2|rpc:fv-az308-773:9894|admin:|client:|dataStream:|priority:0|startupRole:FOLLOWER]|listeners:[], old=null
2023-03-29 21:19:38,529 [1af08383-b21e-4722-8d22-7218afdf28c2@group-6535179981DD-SegmentedRaftLogWorker] INFO  segmented.SegmentedRaftLogWorker (SegmentedRaftLogWorker.java:execute(656)) - 1af08383-b21e-4722-8d22-7218afdf28c2@group-6535179981DD-SegmentedRaftLogWorker: created new log segment /home/runner/work/ozone/ozone/hadoop-ozone/integration-test/target/test-dir/2eedef47-5e26-418e-94d7-86b52b24e6d5/scm-meta/scm-ha/7b8c7c7a-5148-4b7a-8738-6535179981dd/current/log_inprogress_0
2023-03-29 21:19:39,391 [Time-limited test] INFO  server.RaftServer (RaftServerProxy.java:lambda$close$6(409)) - 1af08383-b21e-4722-8d22-7218afdf28c2: close
2023-03-29 21:19:39,391 [Time-limited test] INFO  server.GrpcService (GrpcService.java:closeImpl(271)) - 1af08383-b21e-4722-8d22-7218afdf28c2: shutdown server GrpcServerProtocolService now
2023-03-29 21:19:39,391 [1af08383-b21e-4722-8d22-7218afdf28c2-impl-thread1] INFO  server.RaftServer$Division (RaftServerImpl.java:lambda$close$4(458)) - 1af08383-b21e-4722-8d22-7218afdf28c2@group-6535179981DD: shutdown
2023-03-29 21:19:39,392 [1af08383-b21e-4722-8d22-7218afdf28c2-impl-thread1] INFO  util.JmxRegister (JmxRegister.java:unregister(73)) - Successfully un-registered JMX Bean with object name Ratis:service=RaftServer,group=group-6535179981DD,id=1af08383-b21e-4722-8d22-7218afdf28c2
2023-03-29 21:19:39,392 [1af08383-b21e-4722-8d22-7218afdf28c2-impl-thread1] INFO  impl.RoleInfo (RoleInfo.java:shutdownLeaderState(93)) - 1af08383-b21e-4722-8d22-7218afdf28c2: shutdown 1af08383-b21e-4722-8d22-7218afdf28c2@group-6535179981DD-LeaderStateImpl
2023-03-29 21:19:39,392 [1af08383-b21e-4722-8d22-7218afdf28c2-impl-thread1] INFO  impl.PendingRequests (PendingRequests.java:sendNotLeaderResponses(282)) - 1af08383-b21e-4722-8d22-7218afdf28c2@group-6535179981DD-PendingRequests: sendNotLeaderResponses
2023-03-29 21:19:39,393 [1af08383-b21e-4722-8d22-7218afdf28c2-impl-thread1] INFO  impl.StateMachineUpdater (StateMachineUpdater.java:stopAndJoin(153)) - 1af08383-b21e-4722-8d22-7218afdf28c2@group-6535179981DD-StateMachineUpdater: set stopIndex = 0
2023-03-29 21:19:39,393 [1af08383-b21e-4722-8d22-7218afdf28c2@group-6535179981DD-StateMachineUpdater] INFO  impl.StateMachineUpdater (StateMachineUpdater.java:takeSnapshot(287)) - 1af08383-b21e-4722-8d22-7218afdf28c2@group-6535179981DD-StateMachineUpdater: Took a snapshot at index 0
2023-03-29 21:19:39,393 [1af08383-b21e-4722-8d22-7218afdf28c2@group-6535179981DD-StateMachineUpdater] INFO  impl.StateMachineUpdater (StateMachineUpdater.java:lambda$new$0(92)) - 1af08383-b21e-4722-8d22-7218afdf28c2@group-6535179981DD-StateMachineUpdater: snapshotIndex: updateIncreasingly -1 -> 0
2023-03-29 21:19:39,393 [Time-limited test] INFO  server.GrpcService (GrpcService.java:closeImpl(280)) - 1af08383-b21e-4722-8d22-7218afdf28c2: shutdown server GrpcServerProtocolService successfully
2023-03-29 21:19:39,393 [1af08383-b21e-4722-8d22-7218afdf28c2-impl-thread1] INFO  server.RaftServer$Division (ServerState.java:close(466)) - 1af08383-b21e-4722-8d22-7218afdf28c2@group-6535179981DD: closes. applyIndex: 0
2023-03-29 21:19:39,393 [1af08383-b21e-4722-8d22-7218afdf28c2@group-6535179981DD-SegmentedRaftLogWorker] INFO  segmented.SegmentedRaftLogWorker (SegmentedRaftLogWorker.java:run(347)) - 1af08383-b21e-4722-8d22-7218afdf28c2@group-6535179981DD-SegmentedRaftLogWorker was interrupted, exiting. There are 0 tasks remaining in the queue.
2023-03-29 21:19:39,395 [1af08383-b21e-4722-8d22-7218afdf28c2-impl-thread1] INFO  segmented.SegmentedRaftLogWorker (SegmentedRaftLogWorker.java:close(257)) - 1af08383-b21e-4722-8d22-7218afdf28c2@group-6535179981DD-SegmentedRaftLogWorker close()
2023-03-29 21:19:39,395 [JvmPauseMonitor29] INFO  util.JvmPauseMonitor (JvmPauseMonitor.java:run(111)) - JvmPauseMonitor-1af08383-b21e-4722-8d22-7218afdf28c2: Stopped
2023-03-29 21:19:39,396 [Time-limited test] WARN  server.ServerUtils (ServerUtils.java:getScmDbDir(148)) - ozone.scm.db.dirs is not configured. We recommend adding this setting. Falling back to ozone.metadata.dirs instead.
2023-03-29 21:19:39,397 [Time-limited test] INFO  server.StorageContainerManager (StorageContainerManager.java:scmInit(1256)) - SCM initialization succeeded. Current cluster id for sd=/home/runner/work/ozone/ozone/hadoop-ozone/integration-test/target/test-dir/2eedef47-5e26-418e-94d7-86b52b24e6d5/scm-meta/scm; cid=7b8c7c7a-5148-4b7a-8738-6535179981dd; layoutVersion=4; scmId=1af08383-b21e-4722-8d22-7218afdf28c2
2023-03-29 21:19:39,397 [Time-limited test] WARN  server.ServerUtils (ServerUtils.java:getScmDbDir(148)) - ozone.scm.db.dirs is not configured. We recommend adding this setting. Falling back to ozone.metadata.dirs instead.
2023-03-29 21:19:39,397 [Time-limited test] INFO  server.RaftServerConfigKeys (ConfUtils.java:logGet(46)) - raft.server.storage.dir = [/home/runner/work/ozone/ozone/hadoop-ozone/integration-test/target/test-dir/2eedef47-5e26-418e-94d7-86b52b24e6d5/scm-meta/scm-ha] (custom)
2023-03-29 21:19:39,402 [Time-limited test] INFO  ozone.TestStorageContainerManager (TestStorageContainerManager.java:lambda$null$5(597)) - group-6535179981DD: found a subdirectory /home/runner/work/ozone/ozone/hadoop-ozone/integration-test/target/test-dir/2eedef47-5e26-418e-94d7-86b52b24e6d5/scm-meta/scm-ha/7b8c7c7a-5148-4b7a-8738-6535179981dd
2023-03-29 21:19:39,403 [Time-limited test] INFO  ozone.TestStorageContainerManager (TestStorageContainerManager.java:lambda$null$5(607)) - group-6535179981DD : The directory /home/runner/work/ozone/ozone/hadoop-ozone/integration-test/target/test-dir/2eedef47-5e26-418e-94d7-86b52b24e6d5/scm-meta/scm-ha/7b8c7c7a-5148-4b7a-8738-6535179981dd found a group directory for cluster 7b8c7c7a-5148-4b7a-8738-6535179981dd
]]></system-out>
  </testcase>
  <testcase name="testScmInfo" classname="org.apache.hadoop.ozone.TestStorageContainerManager" time="0.179">
    <system-out><![CDATA[2023-03-29 21:19:39,421 [Time-limited test] WARN  server.ServerUtils (ServerUtils.java:getScmDbDir(148)) - ozone.scm.db.dirs is not configured. We recommend adding this setting. Falling back to ozone.metadata.dirs instead.
2023-03-29 21:19:39,423 [Time-limited test] WARN  server.ServerUtils (ServerUtils.java:getScmDbDir(148)) - ozone.scm.db.dirs is not configured. We recommend adding this setting. Falling back to ozone.metadata.dirs instead.
2023-03-29 21:19:39,423 [Time-limited test] INFO  ha.SCMHANodeDetails (SCMHANodeDetails.java:loadSCMHAConfig(209)) - ServiceID for StorageContainerManager is null
2023-03-29 21:19:39,423 [Time-limited test] WARN  ha.SCMHANodeDetails (SCMHANodeDetails.java:validateSCMHAConfig(182)) - Invalid config ozone.scm.ratis.enable. The config was not specified, but the default value true conflicts with the expected config value false. Falling back to the expected value. Current State of SCM: SCM is running in Non-HA without Ratis Ratis SCM -> Non Ratis SCM or Non HA SCM -> HA SCM is not supported
2023-03-29 21:19:39,423 [Time-limited test] INFO  ha.SCMHANodeDetails (SCMHANodeDetails.java:loadSCMHAConfig(214)) - ozone.scm.default.service.id is not defined, falling back to ozone.scm.service.ids to find serviceID for StorageContainerManager if it is HA enabled cluster
2023-03-29 21:19:39,423 [Time-limited test] WARN  utils.HAUtils (HAUtils.java:getMetaDir(342)) - ozone.scm.db.dirs is not configured. We recommend adding this setting. Falling back to ozone.metadata.dirs instead.
2023-03-29 21:19:39,424 [Time-limited test] WARN  db.DBStoreBuilder (DBStoreBuilder.java:applyDBDefinition(181)) - ozone.scm.db.dirs is not configured. We recommend adding this setting. Falling back to ozone.metadata.dirs instead.
2023-03-29 21:19:39,513 [Time-limited test] INFO  net.NodeSchemaLoader (NodeSchemaLoader.java:loadSchemaFromFile(129)) - Loading schema from [jar:file:/home/runner/.m2/repository/org/apache/ozone/hdds-common/1.4.0-SNAPSHOT/hdds-common-1.4.0-SNAPSHOT.jar!/network-topology-default.xml]
2023-03-29 21:19:39,513 [Time-limited test] INFO  net.NodeSchemaLoader (NodeSchemaLoader.java:loadSchema(176)) - Loading network topology layer schema file
2023-03-29 21:19:39,515 [Time-limited test] INFO  upgrade.AbstractLayoutVersionManager (AbstractLayoutVersionManager.java:init(83)) - Initializing Layout version manager with metadata layout = DATANODE_SCHEMA_V3 (version = 4), software layout = DATANODE_SCHEMA_V3 (version = 4)
2023-03-29 21:19:39,561 [Time-limited test] INFO  reflections.Reflections (Reflections.java:scan(232)) - Reflections took 44 ms to scan 7 urls, producing 155 keys and 368 values 
2023-03-29 21:19:39,563 [Time-limited test] INFO  ha.SequenceIdGenerator (SequenceIdGenerator.java:upgradeToSequenceId(349)) - upgrade localId to 111677748019200000
2023-03-29 21:19:39,563 [Time-limited test] INFO  ha.SequenceIdGenerator (SequenceIdGenerator.java:upgradeToSequenceId(359)) - upgrade delTxnId to 0
2023-03-29 21:19:39,563 [Time-limited test] INFO  ha.SequenceIdGenerator (SequenceIdGenerator.java:upgradeToSequenceId(376)) - upgrade containerId to 0
2023-03-29 21:19:39,563 [Time-limited test] INFO  ha.SequenceIdGenerator (SequenceIdGenerator.java:<init>(220)) - Init the HA SequenceIdGenerator.
2023-03-29 21:19:39,564 [Time-limited test] INFO  node.SCMNodeManager (SCMNodeManager.java:<init>(156)) - Entering startup safe mode.
2023-03-29 21:19:39,564 [Time-limited test] INFO  algorithms.ContainerPlacementPolicyFactory (ContainerPlacementPolicyFactory.java:getPolicyInternal(86)) - Create container placement policy of type org.apache.hadoop.hdds.scm.container.placement.algorithms.SCMContainerPlacementRandom
2023-03-29 21:19:39,564 [Time-limited test] INFO  algorithms.ContainerPlacementPolicyFactory (ContainerPlacementPolicyFactory.java:getPolicyInternal(86)) - Create container placement policy of type org.apache.hadoop.hdds.scm.container.placement.algorithms.SCMContainerPlacementRackScatter
2023-03-29 21:19:39,564 [Time-limited test] INFO  pipeline.PipelineStateManagerImpl (PipelineStateManagerImpl.java:initialize(78)) - No pipeline exists in current db
2023-03-29 21:19:39,564 [Time-limited test] INFO  algorithms.LeaderChoosePolicyFactory (LeaderChoosePolicyFactory.java:getPolicy(57)) - Create leader choose policy of type org.apache.hadoop.hdds.scm.pipeline.leader.choose.algorithms.MinLeaderCountChoosePolicy
2023-03-29 21:19:39,564 [Time-limited test] INFO  algorithms.ContainerPlacementPolicyFactory (ContainerPlacementPolicyFactory.java:getPolicyInternal(86)) - Create container placement policy of type org.apache.hadoop.hdds.scm.container.placement.algorithms.SCMContainerPlacementRackScatter
2023-03-29 21:19:39,565 [Time-limited test] INFO  ha.SCMServiceManager (SCMServiceManager.java:register(42)) - Registering service BackgroundPipelineCreator.
2023-03-29 21:19:39,565 [Time-limited test] INFO  pipeline.BackgroundPipelineCreator (BackgroundPipelineCreator.java:start(124)) - Starting RatisPipelineUtilsThread.
2023-03-29 21:19:39,565 [Time-limited test] INFO  BackgroundPipelineScrubber (BackgroundSCMService.java:start(68)) - Starting BackgroundPipelineScrubber Service.
2023-03-29 21:19:39,565 [Time-limited test] INFO  ha.SCMServiceManager (SCMServiceManager.java:register(42)) - Registering service BackgroundPipelineScrubber.
2023-03-29 21:19:39,565 [Time-limited test] INFO  ExpiredContainerReplicaOpScrubber (BackgroundSCMService.java:start(68)) - Starting ExpiredContainerReplicaOpScrubber Service.
2023-03-29 21:19:39,565 [Time-limited test] INFO  ha.SCMServiceManager (SCMServiceManager.java:register(42)) - Registering service ExpiredContainerReplicaOpScrubber.
2023-03-29 21:19:39,566 [Time-limited test] INFO  algorithms.PipelineChoosePolicyFactory (PipelineChoosePolicyFactory.java:createPipelineChoosePolicyFromClass(73)) - Create pipeline choose policy of type org.apache.hadoop.hdds.scm.pipeline.choose.algorithms.RandomPipelineChoosePolicy
2023-03-29 21:19:39,567 [Time-limited test] INFO  ha.SCMServiceManager (SCMServiceManager.java:register(42)) - Registering service SCMBlockDeletingService.
2023-03-29 21:19:39,567 [Time-limited test] INFO  replication.ReplicationManager (ReplicationManager.java:start(277)) - Starting Replication Monitor Thread.
2023-03-29 21:19:39,568 [Time-limited test] INFO  ha.SCMServiceManager (SCMServiceManager.java:register(42)) - Registering service ReplicationManager.
2023-03-29 21:19:39,568 [Time-limited test] INFO  safemode.ContainerSafeModeRule (ContainerSafeModeRule.java:<init>(89)) - containers with one replica threshold count 0
2023-03-29 21:19:39,568 [Time-limited test] INFO  safemode.HealthyPipelineSafeModeRule (HealthyPipelineSafeModeRule.java:initializeRule(169)) - Total pipeline count is 0, healthy pipeline threshold count is 0
2023-03-29 21:19:39,568 [Time-limited test] INFO  safemode.OneReplicaPipelineSafeModeRule (OneReplicaPipelineSafeModeRule.java:initializeRule(180)) - Total pipeline count is 0, pipeline's with at least one datanode reported threshold count is 0
2023-03-29 21:19:39,569 [Time-limited test] INFO  server.StorageContainerManager (StorageContainerManager.java:<init>(398)) - SCM start with adminUsers: [runner]
2023-03-29 21:19:39,569 [Time-limited test] INFO  ipc.CallQueueManager (CallQueueManager.java:<init>(90)) - Using callQueue: class java.util.concurrent.LinkedBlockingQueue, queueCapacity: 10000, scheduler: class org.apache.hadoop.ipc.DefaultRpcScheduler, ipcBackoff: false.
2023-03-29 21:19:39,570 [Socket Reader #1 for port 9861] INFO  ipc.Server (Server.java:run(1273)) - Starting Socket Reader #1 for port 9861
2023-03-29 21:19:39,570 [Listener at 0.0.0.0/9861] INFO  ipc.CallQueueManager (CallQueueManager.java:<init>(90)) - Using callQueue: class java.util.concurrent.LinkedBlockingQueue, queueCapacity: 10000, scheduler: class org.apache.hadoop.ipc.DefaultRpcScheduler, ipcBackoff: false.
2023-03-29 21:19:39,571 [Socket Reader #1 for port 9863] INFO  ipc.Server (Server.java:run(1273)) - Starting Socket Reader #1 for port 9863
2023-03-29 21:19:39,571 [Listener at 0.0.0.0/9863] INFO  ipc.CallQueueManager (CallQueueManager.java:<init>(90)) - Using callQueue: class java.util.concurrent.LinkedBlockingQueue, queueCapacity: 10000, scheduler: class org.apache.hadoop.ipc.DefaultRpcScheduler, ipcBackoff: false.
2023-03-29 21:19:39,572 [Socket Reader #1 for port 9860] INFO  ipc.Server (Server.java:run(1273)) - Starting Socket Reader #1 for port 9860
2023-03-29 21:19:39,578 [ReplicationMonitor] INFO  replication.ReplicationManager (ReplicationManager.java:processAll(352)) - Replication Manager is not ready to run until 300000ms after safemode exit
2023-03-29 21:19:39,579 [Listener at 0.0.0.0/9860] INFO  ha.SCMServiceManager (SCMServiceManager.java:register(42)) - Registering service ContainerBalancer.
2023-03-29 21:19:39,579 [Listener at 0.0.0.0/9860] INFO  server.StorageContainerManager (StorageContainerManager.java:<init>(415)) - 
Container Balancer status:
Key                            Value
Running                        false
Container Balancer Configuration values:
Key                                                Value
Threshold                                          10
Max Datanodes to Involve per Iteration(percent)    20
Max Size to Move per Iteration                     500GB
Max Size Entering Target per Iteration             26GB
Max Size Leaving Source per Iteration              26GB

2023-03-29 21:19:39,579 [Listener at 0.0.0.0/9860] INFO  ha.SCMContext (SCMContext.java:updateSafeModeStatus(228)) - Update SafeModeStatus from SafeModeStatus{safeModeStatus=true, preCheckPassed=false} to SafeModeStatus{safeModeStatus=true, preCheckPassed=false}.
]]></system-out>
  </testcase>
</testsuite>