<?xml version="1.0" encoding="UTF-8"?>
<testsuite xmlns:xsi="http://www.w3.org/2001/XMLSchema-instance" xsi:noNamespaceSchemaLocation="https://maven.apache.org/surefire/maven-surefire-plugin/xsd/surefire-test-report-3.0.xsd" version="3.0" name="org.apache.hadoop.ozone.client.rpc.TestBlockOutputStream" time="29.643" tests="6" errors="0" skipped="0" failures="3">
  <properties>
    <property name="awt.toolkit" value="sun.awt.X11.XToolkit"/>
    <property name="file.encoding.pkg" value="sun.io"/>
    <property name="java.specification.version" value="1.8"/>
    <property name="sun.cpu.isalist" value=""/>
    <property name="sun.jnu.encoding" value="UTF-8"/>
    <property name="java.class.path" value="/home/runner/work/ozone/ozone/hadoop-ozone/integration-test/target/test-classes:/home/runner/work/ozone/ozone/hadoop-ozone/integration-test/target/classes:/home/runner/.m2/repository/org/apache/ozone/ozone-common/1.4.0-SNAPSHOT/ozone-common-1.4.0-SNAPSHOT.jar:/home/runner/.m2/repository/io/grpc/grpc-netty/1.51.1/grpc-netty-1.51.1.jar:/home/runner/.m2/repository/io/grpc/grpc-core/1.51.1/grpc-core-1.51.1.jar:/home/runner/.m2/repository/com/google/android/annotations/4.1.1.4/annotations-4.1.1.4.jar:/home/runner/.m2/repository/org/codehaus/mojo/animal-sniffer-annotations/1.21/animal-sniffer-annotations-1.21.jar:/home/runner/.m2/repository/com/google/errorprone/error_prone_annotations/2.2.0/error_prone_annotations-2.2.0.jar:/home/runner/.m2/repository/io/perfmark/perfmark-api/0.25.0/perfmark-api-0.25.0.jar:/home/runner/.m2/repository/io/netty/netty-codec-http2/4.1.86.Final/netty-codec-http2-4.1.86.Final.jar:/home/runner/.m2/repository/io/netty/netty-common/4.1.86.Final/netty-common-4.1.86.Final.jar:/home/runner/.m2/repository/io/netty/netty-buffer/4.1.86.Final/netty-buffer-4.1.86.Final.jar:/home/runner/.m2/repository/io/netty/netty-codec-http/4.1.86.Final/netty-codec-http-4.1.86.Final.jar:/home/runner/.m2/repository/io/netty/netty-handler-proxy/4.1.86.Final/netty-handler-proxy-4.1.86.Final.jar:/home/runner/.m2/repository/io/netty/netty-codec-socks/4.1.86.Final/netty-codec-socks-4.1.86.Final.jar:/home/runner/.m2/repository/io/netty/netty-tcnative-boringssl-static/2.0.54.Final/netty-tcnative-boringssl-static-2.0.54.Final.jar:/home/runner/.m2/repository/io/netty/netty-tcnative-classes/2.0.54.Final/netty-tcnative-classes-2.0.54.Final.jar:/home/runner/.m2/repository/io/netty/netty-tcnative-boringssl-static/2.0.54.Final/netty-tcnative-boringssl-static-2.0.54.Final-linux-x86_64.jar:/home/runner/.m2/repository/io/netty/netty-tcnative-boringssl-static/2.0.54.Final/netty-tcnative-boringssl-static-2.0.54.Final-linux-aarch_64.jar:/home/runner/.m2/repository/io/netty/netty-tcnative-boringssl-static/2.0.54.Final/netty-tcnative-boringssl-static-2.0.54.Final-osx-x86_64.jar:/home/runner/.m2/repository/io/netty/netty-tcnative-boringssl-static/2.0.54.Final/netty-tcnative-boringssl-static-2.0.54.Final-osx-aarch_64.jar:/home/runner/.m2/repository/io/netty/netty-tcnative-boringssl-static/2.0.54.Final/netty-tcnative-boringssl-static-2.0.54.Final-windows-x86_64.jar:/home/runner/.m2/repository/org/apache/commons/commons-compress/1.21/commons-compress-1.21.jar:/home/runner/.m2/repository/org/apache/ozone/hdds-common/1.4.0-SNAPSHOT/hdds-common-1.4.0-SNAPSHOT.jar:/home/runner/.m2/repository/org/apache/ozone/hdds-client/1.4.0-SNAPSHOT/hdds-client-1.4.0-SNAPSHOT.jar:/home/runner/.m2/repository/org/apache/ozone/ozone-interface-client/1.4.0-SNAPSHOT/ozone-interface-client-1.4.0-SNAPSHOT.jar:/home/runner/.m2/repository/org/apache/ozone/hdds-test-utils/1.4.0-SNAPSHOT/hdds-test-utils-1.4.0-SNAPSHOT.jar:/home/runner/.m2/repository/com/google/guava/guava/31.1-jre/guava-31.1-jre.jar:/home/runner/.m2/repository/com/google/guava/failureaccess/1.0.1/failureaccess-1.0.1.jar:/home/runner/.m2/repository/com/google/guava/listenablefuture/9999.0-empty-to-avoid-conflict-with-guava/listenablefuture-9999.0-empty-to-avoid-conflict-with-guava.jar:/home/runner/.m2/repository/com/google/code/findbugs/jsr305/3.0.0/jsr305-3.0.0.jar:/home/runner/.m2/repository/org/checkerframework/checker-qual/3.12.0/checker-qual-3.12.0.jar:/home/runner/.m2/repository/com/google/j2objc/j2objc-annotations/1.3/j2objc-annotations-1.3.jar:/home/runner/.m2/repository/commons-io/commons-io/2.11.0/commons-io-2.11.0.jar:/home/runner/.m2/repository/commons-logging/commons-logging/1.2/commons-logging-1.2.jar:/home/runner/.m2/repository/ch/qos/reload4j/reload4j/1.2.22/reload4j-1.2.22.jar:/home/runner/.m2/repository/org/slf4j/slf4j-api/1.7.36/slf4j-api-1.7.36.jar:/home/runner/.m2/repository/org/apache/ozone/hdds-server-scm/1.4.0-SNAPSHOT/hdds-server-scm-1.4.0-SNAPSHOT.jar:/home/runner/.m2/repository/org/apache/ozone/hdds-container-service/1.4.0-SNAPSHOT/hdds-container-service-1.4.0-SNAPSHOT.jar:/home/runner/.m2/repository/org/apache/ozone/hdds-hadoop-dependency-server/1.4.0-SNAPSHOT/hdds-hadoop-dependency-server-1.4.0-SNAPSHOT.jar:/home/runner/.m2/repository/org/apache/hadoop/hadoop-hdfs/3.3.4/hadoop-hdfs-3.3.4.jar:/home/runner/.m2/repository/org/eclipse/jetty/jetty-util-ajax/9.4.49.v20220914/jetty-util-ajax-9.4.49.v20220914.jar:/home/runner/.m2/repository/commons-daemon/commons-daemon/1.0.13/commons-daemon-1.0.13.jar:/home/runner/.m2/repository/org/apache/ozone/hdds-server-framework/1.4.0-SNAPSHOT/hdds-server-framework-1.4.0-SNAPSHOT.jar:/home/runner/.m2/repository/org/apache/ozone/hdds-interface-server/1.4.0-SNAPSHOT/hdds-interface-server-1.4.0-SNAPSHOT.jar:/home/runner/.m2/repository/org/apache/commons/commons-configuration2/2.1.1/commons-configuration2-2.1.1.jar:/home/runner/.m2/repository/org/apache/logging/log4j/log4j-core/2.17.1/log4j-core-2.17.1.jar:/home/runner/.m2/repository/com/lmax/disruptor/3.4.2/disruptor-3.4.2.jar:/home/runner/.m2/repository/org/eclipse/jetty/jetty-servlet/9.4.49.v20220914/jetty-servlet-9.4.49.v20220914.jar:/home/runner/.m2/repository/org/eclipse/jetty/jetty-security/9.4.49.v20220914/jetty-security-9.4.49.v20220914.jar:/home/runner/.m2/repository/org/rocksdb/rocksdbjni/7.7.3/rocksdbjni-7.7.3.jar:/home/runner/.m2/repository/io/prometheus/simpleclient_dropwizard/0.7.0/simpleclient_dropwizard-0.7.0.jar:/home/runner/.m2/repository/io/prometheus/simpleclient/0.7.0/simpleclient-0.7.0.jar:/home/runner/.m2/repository/io/prometheus/simpleclient_common/0.7.0/simpleclient_common-0.7.0.jar:/home/runner/.m2/repository/com/github/spotbugs/spotbugs-annotations/3.1.12/spotbugs-annotations-3.1.12.jar:/home/runner/.m2/repository/io/dropwizard/metrics/metrics-core/3.2.4/metrics-core-3.2.4.jar:/home/runner/.m2/repository/org/apache/commons/commons-text/1.4/commons-text-1.4.jar:/home/runner/.m2/repository/org/apache/hadoop/hadoop-hdfs-client/3.3.4/hadoop-hdfs-client-3.3.4.jar:/home/runner/.m2/repository/com/squareup/okhttp3/okhttp/4.9.3/okhttp-4.9.3.jar:/home/runner/.m2/repository/com/squareup/okio/okio/2.8.0/okio-2.8.0.jar:/home/runner/.m2/repository/org/jetbrains/kotlin/kotlin-stdlib-common/1.6.21/kotlin-stdlib-common-1.6.21.jar:/home/runner/.m2/repository/org/bouncycastle/bcprov-jdk15on/1.67/bcprov-jdk15on-1.67.jar:/home/runner/.m2/repository/com/google/protobuf/protobuf-java/2.5.0/protobuf-java-2.5.0.jar:/home/runner/.m2/repository/org/apache/ozone/ozone-manager/1.4.0-SNAPSHOT/ozone-manager-1.4.0-SNAPSHOT.jar:/home/runner/.m2/repository/org/aspectj/aspectjrt/1.9.7/aspectjrt-1.9.7.jar:/home/runner/.m2/repository/org/aspectj/aspectjweaver/1.9.7/aspectjweaver-1.9.7.jar:/home/runner/.m2/repository/org/apache/ozone/hdds-interface-client/1.4.0-SNAPSHOT/hdds-interface-client-1.4.0-SNAPSHOT.jar:/home/runner/.m2/repository/org/apache/hadoop/thirdparty/hadoop-shaded-protobuf_3_7/1.1.1/hadoop-shaded-protobuf_3_7-1.1.1.jar:/home/runner/.m2/repository/org/apache/ratis/ratis-thirdparty-misc/1.0.3/ratis-thirdparty-misc-1.0.3.jar:/home/runner/.m2/repository/org/apache/ozone/ozone-interface-storage/1.4.0-SNAPSHOT/ozone-interface-storage-1.4.0-SNAPSHOT.jar:/home/runner/.m2/repository/org/reflections/reflections/0.9.11/reflections-0.9.11.jar:/home/runner/.m2/repository/com/sun/jersey/jersey-client/1.19/jersey-client-1.19.jar:/home/runner/.m2/repository/org/apache/ranger/ranger-intg/2.3.0/ranger-intg-2.3.0.jar:/home/runner/.m2/repository/org/apache/ranger/ranger-plugins-common/2.3.0/ranger-plugins-common-2.3.0.jar:/home/runner/.m2/repository/commons-lang/commons-lang/2.6/commons-lang-2.6.jar:/home/runner/.m2/repository/org/codehaus/jackson/jackson-jaxrs/1.9.13/jackson-jaxrs-1.9.13.jar:/home/runner/.m2/repository/org/apache/ranger/ranger-plugins-cred/2.3.0/ranger-plugins-cred-2.3.0.jar:/home/runner/.m2/repository/org/apache/ranger/ranger-plugins-audit/2.3.0/ranger-plugins-audit-2.3.0.jar:/home/runner/.m2/repository/org/eclipse/jetty/jetty-client/9.4.49.v20220914/jetty-client-9.4.49.v20220914.jar:/home/runner/.m2/repository/org/apache/httpcomponents/httpmime/4.5.6/httpmime-4.5.6.jar:/home/runner/.m2/repository/org/apache/httpcomponents/httpcore-nio/4.4.6/httpcore-nio-4.4.6.jar:/home/runner/.m2/repository/org/apache/httpcomponents/httpasyncclient/4.1.3/httpasyncclient-4.1.3.jar:/home/runner/.m2/repository/com/carrotsearch/hppc/0.8.0/hppc-0.8.0.jar:/home/runner/.m2/repository/org/apache/orc/orc-core/1.5.8/orc-core-1.5.8.jar:/home/runner/.m2/repository/net/java/dev/jna/jna/5.2.0/jna-5.2.0.jar:/home/runner/.m2/repository/net/java/dev/jna/jna-platform/5.2.0/jna-platform-5.2.0.jar:/home/runner/.m2/repository/com/kstruct/gethostname4j/0.0.2/gethostname4j-0.0.2.jar:/home/runner/.m2/repository/org/apache/ranger/ranger-plugin-classloader/2.3.0/ranger-plugin-classloader-2.3.0.jar:/home/runner/.m2/repository/org/apache/hadoop/hadoop-minikdc/3.3.4/hadoop-minikdc-3.3.4.jar:/home/runner/.m2/repository/org/apache/kerby/kerb-simplekdc/1.0.1/kerb-simplekdc-1.0.1.jar:/home/runner/.m2/repository/org/apache/kerby/kerb-client/1.0.1/kerb-client-1.0.1.jar:/home/runner/.m2/repository/org/apache/kerby/kerby-config/1.0.1/kerby-config-1.0.1.jar:/home/runner/.m2/repository/org/apache/kerby/kerb-common/1.0.1/kerb-common-1.0.1.jar:/home/runner/.m2/repository/org/apache/kerby/kerb-crypto/1.0.1/kerb-crypto-1.0.1.jar:/home/runner/.m2/repository/org/apache/kerby/kerb-util/1.0.1/kerb-util-1.0.1.jar:/home/runner/.m2/repository/org/apache/kerby/token-provider/1.0.1/token-provider-1.0.1.jar:/home/runner/.m2/repository/org/apache/kerby/kerb-admin/1.0.1/kerb-admin-1.0.1.jar:/home/runner/.m2/repository/org/apache/kerby/kerb-server/1.0.1/kerb-server-1.0.1.jar:/home/runner/.m2/repository/org/apache/kerby/kerb-identity/1.0.1/kerb-identity-1.0.1.jar:/home/runner/.m2/repository/org/apache/kerby/kerby-xdr/1.0.1/kerby-xdr-1.0.1.jar:/home/runner/.m2/repository/org/apache/ozone/ozone-s3gateway/1.4.0-SNAPSHOT/ozone-s3gateway-1.4.0-SNAPSHOT.jar:/home/runner/.m2/repository/org/javassist/javassist/3.21.0-GA/javassist-3.21.0-GA.jar:/home/runner/.m2/repository/org/jboss/weld/servlet/weld-servlet/2.4.7.Final/weld-servlet-2.4.7.Final.jar:/home/runner/.m2/repository/org/glassfish/jersey/containers/jersey-container-servlet-core/2.34/jersey-container-servlet-core-2.34.jar:/home/runner/.m2/repository/org/glassfish/hk2/external/jakarta.inject/2.6.1/jakarta.inject-2.6.1.jar:/home/runner/.m2/repository/org/glassfish/jersey/core/jersey-common/2.34/jersey-common-2.34.jar:/home/runner/.m2/repository/jakarta/ws/rs/jakarta.ws.rs-api/2.1.6/jakarta.ws.rs-api-2.1.6.jar:/home/runner/.m2/repository/org/glassfish/jersey/ext/cdi/jersey-cdi1x/2.34/jersey-cdi1x-2.34.jar:/home/runner/.m2/repository/org/glassfish/jersey/inject/jersey-hk2/2.34/jersey-hk2-2.34.jar:/home/runner/.m2/repository/org/glassfish/hk2/hk2-locator/2.6.1/hk2-locator-2.6.1.jar:/home/runner/.m2/repository/org/glassfish/jersey/media/jersey-media-jaxb/2.34/jersey-media-jaxb-2.34.jar:/home/runner/.m2/repository/org/glassfish/hk2/osgi-resource-locator/1.0.3/osgi-resource-locator-1.0.3.jar:/home/runner/.m2/repository/org/glassfish/hk2/hk2-api/2.5.0/hk2-api-2.5.0.jar:/home/runner/.m2/repository/org/glassfish/hk2/hk2-utils/2.5.0/hk2-utils-2.5.0.jar:/home/runner/.m2/repository/org/glassfish/hk2/external/aopalliance-repackaged/2.5.0/aopalliance-repackaged-2.5.0.jar:/home/runner/.m2/repository/com/fasterxml/jackson/dataformat/jackson-dataformat-xml/2.13.4/jackson-dataformat-xml-2.13.4.jar:/home/runner/.m2/repository/com/fasterxml/jackson/core/jackson-core/2.13.4/jackson-core-2.13.4.jar:/home/runner/.m2/repository/org/codehaus/woodstox/stax2-api/4.2.1/stax2-api-4.2.1.jar:/home/runner/.m2/repository/com/fasterxml/woodstox/woodstox-core/5.4.0/woodstox-core-5.4.0.jar:/home/runner/.m2/repository/com/fasterxml/jackson/module/jackson-module-jaxb-annotations/2.13.4/jackson-module-jaxb-annotations-2.13.4.jar:/home/runner/.m2/repository/jakarta/xml/bind/jakarta.xml.bind-api/2.3.3/jakarta.xml.bind-api-2.3.3.jar:/home/runner/.m2/repository/jakarta/activation/jakarta.activation-api/1.2.2/jakarta.activation-api-1.2.2.jar:/home/runner/.m2/repository/javax/enterprise/cdi-api/1.2/cdi-api-1.2.jar:/home/runner/.m2/repository/javax/el/javax.el-api/3.0.0/javax.el-api-3.0.0.jar:/home/runner/.m2/repository/javax/interceptor/javax.interceptor-api/1.2/javax.interceptor-api-1.2.jar:/home/runner/.m2/repository/javax/inject/javax.inject/1/javax.inject-1.jar:/home/runner/.m2/repository/javax/xml/bind/jaxb-api/2.3.0/jaxb-api-2.3.0.jar:/home/runner/.m2/repository/org/glassfish/jaxb/jaxb-runtime/2.3.0.1/jaxb-runtime-2.3.0.1.jar:/home/runner/.m2/repository/org/glassfish/jaxb/jaxb-core/2.3.0.1/jaxb-core-2.3.0.1.jar:/home/runner/.m2/repository/org/glassfish/jaxb/txw2/2.3.0.1/txw2-2.3.0.1.jar:/home/runner/.m2/repository/com/sun/istack/istack-commons-runtime/3.0.5/istack-commons-runtime-3.0.5.jar:/home/runner/.m2/repository/org/jvnet/staxex/stax-ex/1.7.8/stax-ex-1.7.8.jar:/home/runner/.m2/repository/com/sun/xml/fastinfoset/FastInfoset/1.2.13/FastInfoset-1.2.13.jar:/home/runner/.m2/repository/javax/activation/activation/1.1.1/activation-1.1.1.jar:/home/runner/.m2/repository/io/grpc/grpc-protobuf/1.51.1/grpc-protobuf-1.51.1.jar:/home/runner/.m2/repository/io/grpc/grpc-api/1.51.1/grpc-api-1.51.1.jar:/home/runner/.m2/repository/io/grpc/grpc-context/1.51.1/grpc-context-1.51.1.jar:/home/runner/.m2/repository/com/google/api/grpc/proto-google-common-protos/2.9.0/proto-google-common-protos-2.9.0.jar:/home/runner/.m2/repository/io/grpc/grpc-protobuf-lite/1.51.1/grpc-protobuf-lite-1.51.1.jar:/home/runner/.m2/repository/io/grpc/grpc-stub/1.51.1/grpc-stub-1.51.1.jar:/home/runner/.m2/repository/io/netty/netty-transport/4.1.86.Final/netty-transport-4.1.86.Final.jar:/home/runner/.m2/repository/io/netty/netty-resolver/4.1.86.Final/netty-resolver-4.1.86.Final.jar:/home/runner/.m2/repository/org/apache/ozone/ozone-csi/1.4.0-SNAPSHOT/ozone-csi-1.4.0-SNAPSHOT.jar:/home/runner/.m2/repository/com/google/protobuf/protobuf-java-util/3.19.6/protobuf-java-util-3.19.6.jar:/home/runner/.m2/repository/com/google/code/gson/gson/2.9.0/gson-2.9.0.jar:/home/runner/.m2/repository/org/apache/ozone/hdds-config/1.4.0-SNAPSHOT/hdds-config-1.4.0-SNAPSHOT.jar:/home/runner/.m2/repository/io/netty/netty-transport-native-epoll/4.1.86.Final/netty-transport-native-epoll-4.1.86.Final-linux-x86_64.jar:/home/runner/.m2/repository/io/netty/netty-transport-classes-epoll/4.1.86.Final/netty-transport-classes-epoll-4.1.86.Final.jar:/home/runner/.m2/repository/io/netty/netty-transport-native-unix-common/4.1.86.Final/netty-transport-native-unix-common-4.1.86.Final.jar:/home/runner/.m2/repository/org/slf4j/slf4j-reload4j/1.7.36/slf4j-reload4j-1.7.36.jar:/home/runner/.m2/repository/org/apache/ozone/ozone-recon/1.4.0-SNAPSHOT/ozone-recon-1.4.0-SNAPSHOT.jar:/home/runner/.m2/repository/org/apache/ozone/ozone-reconcodegen/1.4.0-SNAPSHOT/ozone-reconcodegen-1.4.0-SNAPSHOT.jar:/home/runner/.m2/repository/com/google/inject/extensions/guice-multibindings/4.0/guice-multibindings-4.0.jar:/home/runner/.m2/repository/com/google/inject/guice/4.0/guice-4.0.jar:/home/runner/.m2/repository/aopalliance/aopalliance/1.0/aopalliance-1.0.jar:/home/runner/.m2/repository/com/google/inject/extensions/guice-assistedinject/4.0/guice-assistedinject-4.0.jar:/home/runner/.m2/repository/com/google/inject/extensions/guice-servlet/4.0/guice-servlet-4.0.jar:/home/runner/.m2/repository/org/glassfish/jersey/containers/jersey-container-servlet/2.34/jersey-container-servlet-2.34.jar:/home/runner/.m2/repository/org/glassfish/hk2/guice-bridge/2.5.0/guice-bridge-2.5.0.jar:/home/runner/.m2/repository/org/glassfish/jersey/core/jersey-server/2.34/jersey-server-2.34.jar:/home/runner/.m2/repository/org/glassfish/jersey/core/jersey-client/2.34/jersey-client-2.34.jar:/home/runner/.m2/repository/jakarta/annotation/jakarta.annotation-api/1.3.5/jakarta.annotation-api-1.3.5.jar:/home/runner/.m2/repository/jakarta/validation/jakarta.validation-api/2.0.2/jakarta.validation-api-2.0.2.jar:/home/runner/.m2/repository/org/glassfish/jersey/media/jersey-media-json-jackson/2.34/jersey-media-json-jackson-2.34.jar:/home/runner/.m2/repository/org/glassfish/jersey/ext/jersey-entity-filtering/2.34/jersey-entity-filtering-2.34.jar:/home/runner/.m2/repository/org/jooq/jooq/3.11.10/jooq-3.11.10.jar:/home/runner/.m2/repository/org/jooq/jooq-meta/3.11.10/jooq-meta-3.11.10.jar:/home/runner/.m2/repository/org/jooq/jooq-codegen/3.11.10/jooq-codegen-3.11.10.jar:/home/runner/.m2/repository/com/jolbox/bonecp/0.8.0.RELEASE/bonecp-0.8.0.RELEASE.jar:/home/runner/.m2/repository/org/apache/derby/derby/10.14.2.0/derby-10.14.2.0.jar:/home/runner/.m2/repository/org/xerial/sqlite-jdbc/3.25.2/sqlite-jdbc-3.25.2.jar:/home/runner/.m2/repository/org/springframework/spring-jdbc/5.3.23/spring-jdbc-5.3.23.jar:/home/runner/.m2/repository/org/springframework/spring-beans/5.3.23/spring-beans-5.3.23.jar:/home/runner/.m2/repository/org/springframework/spring-core/5.3.23/spring-core-5.3.23.jar:/home/runner/.m2/repository/org/springframework/spring-jcl/5.3.23/spring-jcl-5.3.23.jar:/home/runner/.m2/repository/org/springframework/spring-tx/5.3.23/spring-tx-5.3.23.jar:/home/runner/.m2/repository/org/apache/ozone/ozone-client/1.4.0-SNAPSHOT/ozone-client-1.4.0-SNAPSHOT.jar:/home/runner/.m2/repository/org/apache/ozone/hdds-erasurecode/1.4.0-SNAPSHOT/hdds-erasurecode-1.4.0-SNAPSHOT.jar:/home/runner/.m2/repository/org/apache/ozone/ozone-filesystem/1.4.0-SNAPSHOT/ozone-filesystem-1.4.0-SNAPSHOT.jar:/home/runner/.m2/repository/org/apache/ozone/ozone-filesystem-common/1.4.0-SNAPSHOT/ozone-filesystem-common-1.4.0-SNAPSHOT.jar:/home/runner/.m2/repository/org/apache/ozone/ozone-tools/1.4.0-SNAPSHOT/ozone-tools-1.4.0-SNAPSHOT.jar:/home/runner/.m2/repository/com/amazonaws/aws-java-sdk-core/1.12.261/aws-java-sdk-core-1.12.261.jar:/home/runner/.m2/repository/org/apache/httpcomponents/httpclient/4.5.13/httpclient-4.5.13.jar:/home/runner/.m2/repository/org/apache/httpcomponents/httpcore/4.4.13/httpcore-4.4.13.jar:/home/runner/.m2/repository/software/amazon/ion/ion-java/1.0.2/ion-java-1.0.2.jar:/home/runner/.m2/repository/com/fasterxml/jackson/dataformat/jackson-dataformat-cbor/2.13.4/jackson-dataformat-cbor-2.13.4.jar:/home/runner/.m2/repository/joda-time/joda-time/2.10.6/joda-time-2.10.6.jar:/home/runner/.m2/repository/com/amazonaws/aws-java-sdk-s3/1.12.261/aws-java-sdk-s3-1.12.261.jar:/home/runner/.m2/repository/com/amazonaws/aws-java-sdk-kms/1.12.261/aws-java-sdk-kms-1.12.261.jar:/home/runner/.m2/repository/com/amazonaws/jmespath-java/1.12.261/jmespath-java-1.12.261.jar:/home/runner/.m2/repository/org/kohsuke/metainf-services/metainf-services/1.8/metainf-services-1.8.jar:/home/runner/.m2/repository/org/apache/ozone/hdds-tools/1.4.0-SNAPSHOT/hdds-tools-1.4.0-SNAPSHOT.jar:/home/runner/.m2/repository/org/apache/ratis/ratis-tools/2.4.2-8b8bdda-SNAPSHOT/ratis-tools-2.4.2-8b8bdda-SNAPSHOT.jar:/home/runner/.m2/repository/org/apache/ratis/ratis-proto/2.4.2-8b8bdda-SNAPSHOT/ratis-proto-2.4.2-8b8bdda-SNAPSHOT.jar:/home/runner/.m2/repository/org/apache/ratis/ratis-common/2.4.2-8b8bdda-SNAPSHOT/ratis-common-2.4.2-8b8bdda-SNAPSHOT.jar:/home/runner/.m2/repository/commons-cli/commons-cli/1.2/commons-cli-1.2.jar:/home/runner/.m2/repository/org/apache/commons/commons-lang3/3.7/commons-lang3-3.7.jar:/home/runner/.m2/repository/org/apache/ozone/ozone-manager/1.4.0-SNAPSHOT/ozone-manager-1.4.0-SNAPSHOT-tests.jar:/home/runner/.m2/repository/org/apache/ozone/hdds-common/1.4.0-SNAPSHOT/hdds-common-1.4.0-SNAPSHOT-tests.jar:/home/runner/.m2/repository/org/apache/ozone/hdds-hadoop-dependency-client/1.4.0-SNAPSHOT/hdds-hadoop-dependency-client-1.4.0-SNAPSHOT.jar:/home/runner/.m2/repository/info/picocli/picocli/4.6.1/picocli-4.6.1.jar:/home/runner/.m2/repository/com/fasterxml/jackson/core/jackson-annotations/2.13.4/jackson-annotations-2.13.4.jar:/home/runner/.m2/repository/com/fasterxml/jackson/datatype/jackson-datatype-jsr310/2.13.4/jackson-datatype-jsr310-2.13.4.jar:/home/runner/.m2/repository/org/apache/ozone/hdds-annotation-processing/1.4.0-SNAPSHOT/hdds-annotation-processing-1.4.0-SNAPSHOT.jar:/home/runner/.m2/repository/javax/annotation/javax.annotation-api/1.2/javax.annotation-api-1.2.jar:/home/runner/.m2/repository/org/apache/ratis/ratis-server/2.4.2-8b8bdda-SNAPSHOT/ratis-server-2.4.2-8b8bdda-SNAPSHOT.jar:/home/runner/.m2/repository/org/apache/ratis/ratis-client/2.4.2-8b8bdda-SNAPSHOT/ratis-client-2.4.2-8b8bdda-SNAPSHOT.jar:/home/runner/.m2/repository/org/apache/ratis/ratis-server-api/2.4.2-8b8bdda-SNAPSHOT/ratis-server-api-2.4.2-8b8bdda-SNAPSHOT.jar:/home/runner/.m2/repository/org/apache/ratis/ratis-metrics/2.4.2-8b8bdda-SNAPSHOT/ratis-metrics-2.4.2-8b8bdda-SNAPSHOT.jar:/home/runner/.m2/repository/org/apache/ratis/ratis-netty/2.4.2-8b8bdda-SNAPSHOT/ratis-netty-2.4.2-8b8bdda-SNAPSHOT.jar:/home/runner/.m2/repository/org/apache/ratis/ratis-grpc/2.4.2-8b8bdda-SNAPSHOT/ratis-grpc-2.4.2-8b8bdda-SNAPSHOT.jar:/home/runner/.m2/repository/org/apache/logging/log4j/log4j-api/2.17.1/log4j-api-2.17.1.jar:/home/runner/.m2/repository/org/apache/commons/commons-pool2/2.6.0/commons-pool2-2.6.0.jar:/home/runner/.m2/repository/org/bouncycastle/bcpkix-jdk15on/1.67/bcpkix-jdk15on-1.67.jar:/home/runner/.m2/repository/commons-validator/commons-validator/1.6/commons-validator-1.6.jar:/home/runner/.m2/repository/commons-beanutils/commons-beanutils/1.9.4/commons-beanutils-1.9.4.jar:/home/runner/.m2/repository/commons-digester/commons-digester/1.8.1/commons-digester-1.8.1.jar:/home/runner/.m2/repository/commons-collections/commons-collections/3.2.2/commons-collections-3.2.2.jar:/home/runner/.m2/repository/io/jaegertracing/jaeger-client/1.6.0/jaeger-client-1.6.0.jar:/home/runner/.m2/repository/io/jaegertracing/jaeger-thrift/1.6.0/jaeger-thrift-1.6.0.jar:/home/runner/.m2/repository/org/apache/thrift/libthrift/0.14.1/libthrift-0.14.1.jar:/home/runner/.m2/repository/io/jaegertracing/jaeger-core/1.6.0/jaeger-core-1.6.0.jar:/home/runner/.m2/repository/io/jaegertracing/jaeger-tracerresolver/1.6.0/jaeger-tracerresolver-1.6.0.jar:/home/runner/.m2/repository/io/opentracing/contrib/opentracing-tracerresolver/0.1.8/opentracing-tracerresolver-0.1.8.jar:/home/runner/.m2/repository/org/jetbrains/kotlin/kotlin-stdlib/1.6.21/kotlin-stdlib-1.6.21.jar:/home/runner/.m2/repository/org/jetbrains/annotations/13.0/annotations-13.0.jar:/home/runner/.m2/repository/io/opentracing/opentracing-util/0.33.0/opentracing-util-0.33.0.jar:/home/runner/.m2/repository/io/opentracing/opentracing-api/0.33.0/opentracing-api-0.33.0.jar:/home/runner/.m2/repository/io/opentracing/opentracing-noop/0.33.0/opentracing-noop-0.33.0.jar:/home/runner/.m2/repository/org/yaml/snakeyaml/1.33/snakeyaml-1.33.jar:/home/runner/.m2/repository/org/apache/ozone/hdds-interface-admin/1.4.0-SNAPSHOT/hdds-interface-admin-1.4.0-SNAPSHOT.jar:/home/runner/.m2/repository/junit/junit/4.13.1/junit-4.13.1.jar:/home/runner/.m2/repository/org/hamcrest/hamcrest-core/1.3/hamcrest-core-1.3.jar:/home/runner/.m2/repository/org/junit/jupiter/junit-jupiter-api/5.8.2/junit-jupiter-api-5.8.2.jar:/home/runner/.m2/repository/org/opentest4j/opentest4j/1.2.0/opentest4j-1.2.0.jar:/home/runner/.m2/repository/org/junit/platform/junit-platform-commons/1.8.2/junit-platform-commons-1.8.2.jar:/home/runner/.m2/repository/org/apiguardian/apiguardian-api/1.1.2/apiguardian-api-1.1.2.jar:/home/runner/.m2/repository/org/junit/jupiter/junit-jupiter-params/5.8.2/junit-jupiter-params-5.8.2.jar:/home/runner/.m2/repository/org/junit/jupiter/junit-jupiter-migrationsupport/5.8.2/junit-jupiter-migrationsupport-5.8.2.jar:/home/runner/.m2/repository/org/junit/jupiter/junit-jupiter-engine/5.8.2/junit-jupiter-engine-5.8.2.jar:/home/runner/.m2/repository/org/junit/platform/junit-platform-engine/1.8.2/junit-platform-engine-1.8.2.jar:/home/runner/.m2/repository/org/junit/vintage/junit-vintage-engine/5.8.2/junit-vintage-engine-5.8.2.jar:/home/runner/.m2/repository/org/junit/platform/junit-platform-launcher/1.8.2/junit-platform-launcher-1.8.2.jar:/home/runner/.m2/repository/org/mockito/mockito-core/2.28.2/mockito-core-2.28.2.jar:/home/runner/.m2/repository/net/bytebuddy/byte-buddy/1.9.10/byte-buddy-1.9.10.jar:/home/runner/.m2/repository/net/bytebuddy/byte-buddy-agent/1.9.10/byte-buddy-agent-1.9.10.jar:/home/runner/.m2/repository/org/objenesis/objenesis/1.0/objenesis-1.0.jar:/home/runner/.m2/repository/org/apache/hadoop/hadoop-kms/3.3.4/hadoop-kms-3.3.4.jar:/home/runner/.m2/repository/org/apache/hadoop/hadoop-auth/3.3.4/hadoop-auth-3.3.4.jar:/home/runner/.m2/repository/com/nimbusds/nimbus-jose-jwt/9.8.1/nimbus-jose-jwt-9.8.1.jar:/home/runner/.m2/repository/com/github/stephenc/jcip/jcip-annotations/1.0-1/jcip-annotations-1.0-1.jar:/home/runner/.m2/repository/net/minidev/json-smart/2.4.7/json-smart-2.4.7.jar:/home/runner/.m2/repository/net/minidev/accessors-smart/2.4.7/accessors-smart-2.4.7.jar:/home/runner/.m2/repository/org/ow2/asm/asm/5.0.4/asm-5.0.4.jar:/home/runner/.m2/repository/org/apache/zookeeper/zookeeper/3.5.6/zookeeper-3.5.6.jar:/home/runner/.m2/repository/org/apache/zookeeper/zookeeper-jute/3.5.6/zookeeper-jute-3.5.6.jar:/home/runner/.m2/repository/org/apache/yetus/audience-annotations/0.5.0/audience-annotations-0.5.0.jar:/home/runner/.m2/repository/org/apache/curator/curator-framework/4.2.0/curator-framework-4.2.0.jar:/home/runner/.m2/repository/org/apache/hadoop/thirdparty/hadoop-shaded-guava/1.1.1/hadoop-shaded-guava-1.1.1.jar:/home/runner/.m2/repository/com/sun/jersey/jersey-core/1.19/jersey-core-1.19.jar:/home/runner/.m2/repository/javax/ws/rs/jsr311-api/1.1.1/jsr311-api-1.1.1.jar:/home/runner/.m2/repository/com/sun/jersey/jersey-server/1.19/jersey-server-1.19.jar:/home/runner/.m2/repository/javax/servlet/javax.servlet-api/3.1.0/javax.servlet-api-3.1.0.jar:/home/runner/.m2/repository/org/eclipse/jetty/jetty-server/9.4.49.v20220914/jetty-server-9.4.49.v20220914.jar:/home/runner/.m2/repository/org/eclipse/jetty/jetty-http/9.4.49.v20220914/jetty-http-9.4.49.v20220914.jar:/home/runner/.m2/repository/org/eclipse/jetty/jetty-io/9.4.49.v20220914/jetty-io-9.4.49.v20220914.jar:/home/runner/.m2/repository/org/eclipse/jetty/jetty-webapp/9.4.49.v20220914/jetty-webapp-9.4.49.v20220914.jar:/home/runner/.m2/repository/org/eclipse/jetty/jetty-xml/9.4.49.v20220914/jetty-xml-9.4.49.v20220914.jar:/home/runner/.m2/repository/org/apache/hadoop/hadoop-common/3.3.4/hadoop-common-3.3.4.jar:/home/runner/.m2/repository/org/apache/commons/commons-math3/3.1.1/commons-math3-3.1.1.jar:/home/runner/.m2/repository/commons-net/commons-net/3.9.0/commons-net-3.9.0.jar:/home/runner/.m2/repository/com/sun/jersey/jersey-servlet/1.19/jersey-servlet-1.19.jar:/home/runner/.m2/repository/com/sun/jersey/jersey-json/1.19/jersey-json-1.19.jar:/home/runner/.m2/repository/org/codehaus/jettison/jettison/1.1/jettison-1.1.jar:/home/runner/.m2/repository/com/sun/xml/bind/jaxb-impl/2.2.3-1/jaxb-impl-2.2.3-1.jar:/home/runner/.m2/repository/org/codehaus/jackson/jackson-xc/1.9.2/jackson-xc-1.9.2.jar:/home/runner/.m2/repository/com/google/re2j/re2j/1.1/re2j-1.1.jar:/home/runner/.m2/repository/com/jcraft/jsch/0.1.54/jsch-0.1.54.jar:/home/runner/.m2/repository/org/apache/curator/curator-client/4.2.0/curator-client-4.2.0.jar:/home/runner/.m2/repository/org/apache/curator/curator-recipes/4.2.0/curator-recipes-4.2.0.jar:/home/runner/.m2/repository/org/apache/kerby/kerb-core/1.0.1/kerb-core-1.0.1.jar:/home/runner/.m2/repository/org/apache/kerby/kerby-pkix/1.0.1/kerby-pkix-1.0.1.jar:/home/runner/.m2/repository/org/apache/kerby/kerby-asn1/1.0.1/kerby-asn1-1.0.1.jar:/home/runner/.m2/repository/org/apache/kerby/kerby-util/1.0.1/kerby-util-1.0.1.jar:/home/runner/.m2/repository/dnsjava/dnsjava/2.1.7/dnsjava-2.1.7.jar:/home/runner/.m2/repository/org/xerial/snappy/snappy-java/1.1.8.2/snappy-java-1.1.8.2.jar:/home/runner/.m2/repository/org/eclipse/jetty/jetty-util/9.4.49.v20220914/jetty-util-9.4.49.v20220914.jar:/home/runner/.m2/repository/com/fasterxml/jackson/core/jackson-databind/2.13.4.2/jackson-databind-2.13.4.2.jar:/home/runner/.m2/repository/org/apache/hadoop/hadoop-kms/3.3.4/hadoop-kms-3.3.4-tests.jar:/home/runner/.m2/repository/org/apache/ozone/hdds-server-scm/1.4.0-SNAPSHOT/hdds-server-scm-1.4.0-SNAPSHOT-tests.jar:/home/runner/.m2/repository/org/apache/ozone/hdds-container-service/1.4.0-SNAPSHOT/hdds-container-service-1.4.0-SNAPSHOT-tests.jar:/home/runner/.m2/repository/com/github/luben/zstd-jni/1.5.2-5/zstd-jni-1.5.2-5.jar:/home/runner/.m2/repository/commons-codec/commons-codec/1.15/commons-codec-1.15.jar:/home/runner/.m2/repository/io/netty/netty-codec/4.1.86.Final/netty-codec-4.1.86.Final.jar:/home/runner/.m2/repository/io/netty/netty-handler/4.1.86.Final/netty-handler-4.1.86.Final.jar:/home/runner/.m2/repository/org/apache/ozone/hdds-hadoop-dependency-test/1.4.0-SNAPSHOT/hdds-hadoop-dependency-test-1.4.0-SNAPSHOT.jar:/home/runner/.m2/repository/org/apache/hadoop/hadoop-common/3.3.4/hadoop-common-3.3.4-tests.jar:/home/runner/.m2/repository/org/apache/hadoop/hadoop-hdfs/3.3.4/hadoop-hdfs-3.3.4-tests.jar:/home/runner/.m2/repository/org/assertj/assertj-core/3.12.2/assertj-core-3.12.2.jar:/home/runner/.m2/repository/org/apache/hadoop/hadoop-distcp/3.3.4/hadoop-distcp-3.3.4.jar:/home/runner/.m2/repository/org/apache/hadoop/hadoop-mapreduce-client-jobclient/3.3.4/hadoop-mapreduce-client-jobclient-3.3.4.jar:/home/runner/.m2/repository/org/apache/hadoop/hadoop-mapreduce-client-common/3.3.4/hadoop-mapreduce-client-common-3.3.4.jar:/home/runner/.m2/repository/org/apache/hadoop/hadoop-yarn-common/3.3.4/hadoop-yarn-common-3.3.4.jar:/home/runner/.m2/repository/org/apache/hadoop/hadoop-yarn-api/3.3.4/hadoop-yarn-api-3.3.4.jar:/home/runner/.m2/repository/com/sun/jersey/contribs/jersey-guice/1.19/jersey-guice-1.19.jar:/home/runner/.m2/repository/com/fasterxml/jackson/jaxrs/jackson-jaxrs-json-provider/2.13.4/jackson-jaxrs-json-provider-2.13.4.jar:/home/runner/.m2/repository/com/fasterxml/jackson/jaxrs/jackson-jaxrs-base/2.13.4/jackson-jaxrs-base-2.13.4.jar:/home/runner/.m2/repository/org/apache/hadoop/hadoop-yarn-client/3.3.4/hadoop-yarn-client-3.3.4.jar:/home/runner/.m2/repository/org/eclipse/jetty/websocket/websocket-client/9.4.43.v20210629/websocket-client-9.4.43.v20210629.jar:/home/runner/.m2/repository/org/eclipse/jetty/websocket/websocket-common/9.4.43.v20210629/websocket-common-9.4.43.v20210629.jar:/home/runner/.m2/repository/org/eclipse/jetty/websocket/websocket-api/9.4.43.v20210629/websocket-api-9.4.43.v20210629.jar:/home/runner/.m2/repository/org/jline/jline/3.9.0/jline-3.9.0.jar:/home/runner/.m2/repository/org/apache/hadoop/hadoop-mapreduce-client-core/3.3.4/hadoop-mapreduce-client-core-3.3.4.jar:/home/runner/.m2/repository/org/apache/avro/avro/1.7.7/avro-1.7.7.jar:/home/runner/.m2/repository/org/codehaus/jackson/jackson-core-asl/1.9.13/jackson-core-asl-1.9.13.jar:/home/runner/.m2/repository/org/codehaus/jackson/jackson-mapper-asl/1.9.13/jackson-mapper-asl-1.9.13.jar:/home/runner/.m2/repository/com/thoughtworks/paranamer/paranamer/2.3/paranamer-2.3.jar:/home/runner/.m2/repository/org/apache/hadoop/hadoop-annotations/3.3.4/hadoop-annotations-3.3.4.jar:/usr/lib/jvm/temurin-8-jdk-amd64/jre/../lib/tools.jar:/home/runner/.m2/repository/io/netty/netty/3.10.6.Final/netty-3.10.6.Final.jar:/home/runner/.m2/repository/org/apache/hadoop/hadoop-distcp/3.3.4/hadoop-distcp-3.3.4-tests.jar:/home/runner/.m2/repository/org/slf4j/jul-to-slf4j/1.7.36/jul-to-slf4j-1.7.36.jar:"/>
    <property name="java.vm.vendor" value="Temurin"/>
    <property name="sun.arch.data.model" value="64"/>
    <property name="test.build.dir" value="/home/runner/work/ozone/ozone/hadoop-ozone/integration-test/target/test-dir"/>
    <property name="test.cache.data" value=""/>
    <property name="java.vendor.url" value="https://adoptium.net/"/>
    <property name="user.timezone" value="Etc/UTC"/>
    <property name="java.vm.specification.version" value="1.8"/>
    <property name="os.name" value="Linux"/>
    <property name="test.build.data" value="/home/runner/work/ozone/ozone/hadoop-ozone/integration-test/target/test-dir"/>
    <property name="sun.java.launcher" value="SUN_STANDARD"/>
    <property name="sun.boot.library.path" value="/usr/lib/jvm/temurin-8-jdk-amd64/jre/lib/amd64"/>
    <property name="sun.java.command" value="/home/runner/work/ozone/ozone/hadoop-ozone/integration-test/target/surefire/surefirebooter7186312483939423018.jar /home/runner/work/ozone/ozone/hadoop-ozone/integration-test/target/surefire 2023-01-31T11-11-55_421-jvmRun1 surefire4243491994698708487tmp surefire_141067016807026672950tmp"/>
    <property name="surefire.test.class.path" value="/home/runner/work/ozone/ozone/hadoop-ozone/integration-test/target/test-classes:/home/runner/work/ozone/ozone/hadoop-ozone/integration-test/target/classes:/home/runner/.m2/repository/org/apache/ozone/ozone-common/1.4.0-SNAPSHOT/ozone-common-1.4.0-SNAPSHOT.jar:/home/runner/.m2/repository/io/grpc/grpc-netty/1.51.1/grpc-netty-1.51.1.jar:/home/runner/.m2/repository/io/grpc/grpc-core/1.51.1/grpc-core-1.51.1.jar:/home/runner/.m2/repository/com/google/android/annotations/4.1.1.4/annotations-4.1.1.4.jar:/home/runner/.m2/repository/org/codehaus/mojo/animal-sniffer-annotations/1.21/animal-sniffer-annotations-1.21.jar:/home/runner/.m2/repository/com/google/errorprone/error_prone_annotations/2.2.0/error_prone_annotations-2.2.0.jar:/home/runner/.m2/repository/io/perfmark/perfmark-api/0.25.0/perfmark-api-0.25.0.jar:/home/runner/.m2/repository/io/netty/netty-codec-http2/4.1.86.Final/netty-codec-http2-4.1.86.Final.jar:/home/runner/.m2/repository/io/netty/netty-common/4.1.86.Final/netty-common-4.1.86.Final.jar:/home/runner/.m2/repository/io/netty/netty-buffer/4.1.86.Final/netty-buffer-4.1.86.Final.jar:/home/runner/.m2/repository/io/netty/netty-codec-http/4.1.86.Final/netty-codec-http-4.1.86.Final.jar:/home/runner/.m2/repository/io/netty/netty-handler-proxy/4.1.86.Final/netty-handler-proxy-4.1.86.Final.jar:/home/runner/.m2/repository/io/netty/netty-codec-socks/4.1.86.Final/netty-codec-socks-4.1.86.Final.jar:/home/runner/.m2/repository/io/netty/netty-tcnative-boringssl-static/2.0.54.Final/netty-tcnative-boringssl-static-2.0.54.Final.jar:/home/runner/.m2/repository/io/netty/netty-tcnative-classes/2.0.54.Final/netty-tcnative-classes-2.0.54.Final.jar:/home/runner/.m2/repository/io/netty/netty-tcnative-boringssl-static/2.0.54.Final/netty-tcnative-boringssl-static-2.0.54.Final-linux-x86_64.jar:/home/runner/.m2/repository/io/netty/netty-tcnative-boringssl-static/2.0.54.Final/netty-tcnative-boringssl-static-2.0.54.Final-linux-aarch_64.jar:/home/runner/.m2/repository/io/netty/netty-tcnative-boringssl-static/2.0.54.Final/netty-tcnative-boringssl-static-2.0.54.Final-osx-x86_64.jar:/home/runner/.m2/repository/io/netty/netty-tcnative-boringssl-static/2.0.54.Final/netty-tcnative-boringssl-static-2.0.54.Final-osx-aarch_64.jar:/home/runner/.m2/repository/io/netty/netty-tcnative-boringssl-static/2.0.54.Final/netty-tcnative-boringssl-static-2.0.54.Final-windows-x86_64.jar:/home/runner/.m2/repository/org/apache/commons/commons-compress/1.21/commons-compress-1.21.jar:/home/runner/.m2/repository/org/apache/ozone/hdds-common/1.4.0-SNAPSHOT/hdds-common-1.4.0-SNAPSHOT.jar:/home/runner/.m2/repository/org/apache/ozone/hdds-client/1.4.0-SNAPSHOT/hdds-client-1.4.0-SNAPSHOT.jar:/home/runner/.m2/repository/org/apache/ozone/ozone-interface-client/1.4.0-SNAPSHOT/ozone-interface-client-1.4.0-SNAPSHOT.jar:/home/runner/.m2/repository/org/apache/ozone/hdds-test-utils/1.4.0-SNAPSHOT/hdds-test-utils-1.4.0-SNAPSHOT.jar:/home/runner/.m2/repository/com/google/guava/guava/31.1-jre/guava-31.1-jre.jar:/home/runner/.m2/repository/com/google/guava/failureaccess/1.0.1/failureaccess-1.0.1.jar:/home/runner/.m2/repository/com/google/guava/listenablefuture/9999.0-empty-to-avoid-conflict-with-guava/listenablefuture-9999.0-empty-to-avoid-conflict-with-guava.jar:/home/runner/.m2/repository/com/google/code/findbugs/jsr305/3.0.0/jsr305-3.0.0.jar:/home/runner/.m2/repository/org/checkerframework/checker-qual/3.12.0/checker-qual-3.12.0.jar:/home/runner/.m2/repository/com/google/j2objc/j2objc-annotations/1.3/j2objc-annotations-1.3.jar:/home/runner/.m2/repository/commons-io/commons-io/2.11.0/commons-io-2.11.0.jar:/home/runner/.m2/repository/commons-logging/commons-logging/1.2/commons-logging-1.2.jar:/home/runner/.m2/repository/ch/qos/reload4j/reload4j/1.2.22/reload4j-1.2.22.jar:/home/runner/.m2/repository/org/slf4j/slf4j-api/1.7.36/slf4j-api-1.7.36.jar:/home/runner/.m2/repository/org/apache/ozone/hdds-server-scm/1.4.0-SNAPSHOT/hdds-server-scm-1.4.0-SNAPSHOT.jar:/home/runner/.m2/repository/org/apache/ozone/hdds-container-service/1.4.0-SNAPSHOT/hdds-container-service-1.4.0-SNAPSHOT.jar:/home/runner/.m2/repository/org/apache/ozone/hdds-hadoop-dependency-server/1.4.0-SNAPSHOT/hdds-hadoop-dependency-server-1.4.0-SNAPSHOT.jar:/home/runner/.m2/repository/org/apache/hadoop/hadoop-hdfs/3.3.4/hadoop-hdfs-3.3.4.jar:/home/runner/.m2/repository/org/eclipse/jetty/jetty-util-ajax/9.4.49.v20220914/jetty-util-ajax-9.4.49.v20220914.jar:/home/runner/.m2/repository/commons-daemon/commons-daemon/1.0.13/commons-daemon-1.0.13.jar:/home/runner/.m2/repository/org/apache/ozone/hdds-server-framework/1.4.0-SNAPSHOT/hdds-server-framework-1.4.0-SNAPSHOT.jar:/home/runner/.m2/repository/org/apache/ozone/hdds-interface-server/1.4.0-SNAPSHOT/hdds-interface-server-1.4.0-SNAPSHOT.jar:/home/runner/.m2/repository/org/apache/commons/commons-configuration2/2.1.1/commons-configuration2-2.1.1.jar:/home/runner/.m2/repository/org/apache/logging/log4j/log4j-core/2.17.1/log4j-core-2.17.1.jar:/home/runner/.m2/repository/com/lmax/disruptor/3.4.2/disruptor-3.4.2.jar:/home/runner/.m2/repository/org/eclipse/jetty/jetty-servlet/9.4.49.v20220914/jetty-servlet-9.4.49.v20220914.jar:/home/runner/.m2/repository/org/eclipse/jetty/jetty-security/9.4.49.v20220914/jetty-security-9.4.49.v20220914.jar:/home/runner/.m2/repository/org/rocksdb/rocksdbjni/7.7.3/rocksdbjni-7.7.3.jar:/home/runner/.m2/repository/io/prometheus/simpleclient_dropwizard/0.7.0/simpleclient_dropwizard-0.7.0.jar:/home/runner/.m2/repository/io/prometheus/simpleclient/0.7.0/simpleclient-0.7.0.jar:/home/runner/.m2/repository/io/prometheus/simpleclient_common/0.7.0/simpleclient_common-0.7.0.jar:/home/runner/.m2/repository/com/github/spotbugs/spotbugs-annotations/3.1.12/spotbugs-annotations-3.1.12.jar:/home/runner/.m2/repository/io/dropwizard/metrics/metrics-core/3.2.4/metrics-core-3.2.4.jar:/home/runner/.m2/repository/org/apache/commons/commons-text/1.4/commons-text-1.4.jar:/home/runner/.m2/repository/org/apache/hadoop/hadoop-hdfs-client/3.3.4/hadoop-hdfs-client-3.3.4.jar:/home/runner/.m2/repository/com/squareup/okhttp3/okhttp/4.9.3/okhttp-4.9.3.jar:/home/runner/.m2/repository/com/squareup/okio/okio/2.8.0/okio-2.8.0.jar:/home/runner/.m2/repository/org/jetbrains/kotlin/kotlin-stdlib-common/1.6.21/kotlin-stdlib-common-1.6.21.jar:/home/runner/.m2/repository/org/bouncycastle/bcprov-jdk15on/1.67/bcprov-jdk15on-1.67.jar:/home/runner/.m2/repository/com/google/protobuf/protobuf-java/2.5.0/protobuf-java-2.5.0.jar:/home/runner/.m2/repository/org/apache/ozone/ozone-manager/1.4.0-SNAPSHOT/ozone-manager-1.4.0-SNAPSHOT.jar:/home/runner/.m2/repository/org/aspectj/aspectjrt/1.9.7/aspectjrt-1.9.7.jar:/home/runner/.m2/repository/org/aspectj/aspectjweaver/1.9.7/aspectjweaver-1.9.7.jar:/home/runner/.m2/repository/org/apache/ozone/hdds-interface-client/1.4.0-SNAPSHOT/hdds-interface-client-1.4.0-SNAPSHOT.jar:/home/runner/.m2/repository/org/apache/hadoop/thirdparty/hadoop-shaded-protobuf_3_7/1.1.1/hadoop-shaded-protobuf_3_7-1.1.1.jar:/home/runner/.m2/repository/org/apache/ratis/ratis-thirdparty-misc/1.0.3/ratis-thirdparty-misc-1.0.3.jar:/home/runner/.m2/repository/org/apache/ozone/ozone-interface-storage/1.4.0-SNAPSHOT/ozone-interface-storage-1.4.0-SNAPSHOT.jar:/home/runner/.m2/repository/org/reflections/reflections/0.9.11/reflections-0.9.11.jar:/home/runner/.m2/repository/com/sun/jersey/jersey-client/1.19/jersey-client-1.19.jar:/home/runner/.m2/repository/org/apache/ranger/ranger-intg/2.3.0/ranger-intg-2.3.0.jar:/home/runner/.m2/repository/org/apache/ranger/ranger-plugins-common/2.3.0/ranger-plugins-common-2.3.0.jar:/home/runner/.m2/repository/commons-lang/commons-lang/2.6/commons-lang-2.6.jar:/home/runner/.m2/repository/org/codehaus/jackson/jackson-jaxrs/1.9.13/jackson-jaxrs-1.9.13.jar:/home/runner/.m2/repository/org/apache/ranger/ranger-plugins-cred/2.3.0/ranger-plugins-cred-2.3.0.jar:/home/runner/.m2/repository/org/apache/ranger/ranger-plugins-audit/2.3.0/ranger-plugins-audit-2.3.0.jar:/home/runner/.m2/repository/org/eclipse/jetty/jetty-client/9.4.49.v20220914/jetty-client-9.4.49.v20220914.jar:/home/runner/.m2/repository/org/apache/httpcomponents/httpmime/4.5.6/httpmime-4.5.6.jar:/home/runner/.m2/repository/org/apache/httpcomponents/httpcore-nio/4.4.6/httpcore-nio-4.4.6.jar:/home/runner/.m2/repository/org/apache/httpcomponents/httpasyncclient/4.1.3/httpasyncclient-4.1.3.jar:/home/runner/.m2/repository/com/carrotsearch/hppc/0.8.0/hppc-0.8.0.jar:/home/runner/.m2/repository/org/apache/orc/orc-core/1.5.8/orc-core-1.5.8.jar:/home/runner/.m2/repository/net/java/dev/jna/jna/5.2.0/jna-5.2.0.jar:/home/runner/.m2/repository/net/java/dev/jna/jna-platform/5.2.0/jna-platform-5.2.0.jar:/home/runner/.m2/repository/com/kstruct/gethostname4j/0.0.2/gethostname4j-0.0.2.jar:/home/runner/.m2/repository/org/apache/ranger/ranger-plugin-classloader/2.3.0/ranger-plugin-classloader-2.3.0.jar:/home/runner/.m2/repository/org/apache/hadoop/hadoop-minikdc/3.3.4/hadoop-minikdc-3.3.4.jar:/home/runner/.m2/repository/org/apache/kerby/kerb-simplekdc/1.0.1/kerb-simplekdc-1.0.1.jar:/home/runner/.m2/repository/org/apache/kerby/kerb-client/1.0.1/kerb-client-1.0.1.jar:/home/runner/.m2/repository/org/apache/kerby/kerby-config/1.0.1/kerby-config-1.0.1.jar:/home/runner/.m2/repository/org/apache/kerby/kerb-common/1.0.1/kerb-common-1.0.1.jar:/home/runner/.m2/repository/org/apache/kerby/kerb-crypto/1.0.1/kerb-crypto-1.0.1.jar:/home/runner/.m2/repository/org/apache/kerby/kerb-util/1.0.1/kerb-util-1.0.1.jar:/home/runner/.m2/repository/org/apache/kerby/token-provider/1.0.1/token-provider-1.0.1.jar:/home/runner/.m2/repository/org/apache/kerby/kerb-admin/1.0.1/kerb-admin-1.0.1.jar:/home/runner/.m2/repository/org/apache/kerby/kerb-server/1.0.1/kerb-server-1.0.1.jar:/home/runner/.m2/repository/org/apache/kerby/kerb-identity/1.0.1/kerb-identity-1.0.1.jar:/home/runner/.m2/repository/org/apache/kerby/kerby-xdr/1.0.1/kerby-xdr-1.0.1.jar:/home/runner/.m2/repository/org/apache/ozone/ozone-s3gateway/1.4.0-SNAPSHOT/ozone-s3gateway-1.4.0-SNAPSHOT.jar:/home/runner/.m2/repository/org/javassist/javassist/3.21.0-GA/javassist-3.21.0-GA.jar:/home/runner/.m2/repository/org/jboss/weld/servlet/weld-servlet/2.4.7.Final/weld-servlet-2.4.7.Final.jar:/home/runner/.m2/repository/org/glassfish/jersey/containers/jersey-container-servlet-core/2.34/jersey-container-servlet-core-2.34.jar:/home/runner/.m2/repository/org/glassfish/hk2/external/jakarta.inject/2.6.1/jakarta.inject-2.6.1.jar:/home/runner/.m2/repository/org/glassfish/jersey/core/jersey-common/2.34/jersey-common-2.34.jar:/home/runner/.m2/repository/jakarta/ws/rs/jakarta.ws.rs-api/2.1.6/jakarta.ws.rs-api-2.1.6.jar:/home/runner/.m2/repository/org/glassfish/jersey/ext/cdi/jersey-cdi1x/2.34/jersey-cdi1x-2.34.jar:/home/runner/.m2/repository/org/glassfish/jersey/inject/jersey-hk2/2.34/jersey-hk2-2.34.jar:/home/runner/.m2/repository/org/glassfish/hk2/hk2-locator/2.6.1/hk2-locator-2.6.1.jar:/home/runner/.m2/repository/org/glassfish/jersey/media/jersey-media-jaxb/2.34/jersey-media-jaxb-2.34.jar:/home/runner/.m2/repository/org/glassfish/hk2/osgi-resource-locator/1.0.3/osgi-resource-locator-1.0.3.jar:/home/runner/.m2/repository/org/glassfish/hk2/hk2-api/2.5.0/hk2-api-2.5.0.jar:/home/runner/.m2/repository/org/glassfish/hk2/hk2-utils/2.5.0/hk2-utils-2.5.0.jar:/home/runner/.m2/repository/org/glassfish/hk2/external/aopalliance-repackaged/2.5.0/aopalliance-repackaged-2.5.0.jar:/home/runner/.m2/repository/com/fasterxml/jackson/dataformat/jackson-dataformat-xml/2.13.4/jackson-dataformat-xml-2.13.4.jar:/home/runner/.m2/repository/com/fasterxml/jackson/core/jackson-core/2.13.4/jackson-core-2.13.4.jar:/home/runner/.m2/repository/org/codehaus/woodstox/stax2-api/4.2.1/stax2-api-4.2.1.jar:/home/runner/.m2/repository/com/fasterxml/woodstox/woodstox-core/5.4.0/woodstox-core-5.4.0.jar:/home/runner/.m2/repository/com/fasterxml/jackson/module/jackson-module-jaxb-annotations/2.13.4/jackson-module-jaxb-annotations-2.13.4.jar:/home/runner/.m2/repository/jakarta/xml/bind/jakarta.xml.bind-api/2.3.3/jakarta.xml.bind-api-2.3.3.jar:/home/runner/.m2/repository/jakarta/activation/jakarta.activation-api/1.2.2/jakarta.activation-api-1.2.2.jar:/home/runner/.m2/repository/javax/enterprise/cdi-api/1.2/cdi-api-1.2.jar:/home/runner/.m2/repository/javax/el/javax.el-api/3.0.0/javax.el-api-3.0.0.jar:/home/runner/.m2/repository/javax/interceptor/javax.interceptor-api/1.2/javax.interceptor-api-1.2.jar:/home/runner/.m2/repository/javax/inject/javax.inject/1/javax.inject-1.jar:/home/runner/.m2/repository/javax/xml/bind/jaxb-api/2.3.0/jaxb-api-2.3.0.jar:/home/runner/.m2/repository/org/glassfish/jaxb/jaxb-runtime/2.3.0.1/jaxb-runtime-2.3.0.1.jar:/home/runner/.m2/repository/org/glassfish/jaxb/jaxb-core/2.3.0.1/jaxb-core-2.3.0.1.jar:/home/runner/.m2/repository/org/glassfish/jaxb/txw2/2.3.0.1/txw2-2.3.0.1.jar:/home/runner/.m2/repository/com/sun/istack/istack-commons-runtime/3.0.5/istack-commons-runtime-3.0.5.jar:/home/runner/.m2/repository/org/jvnet/staxex/stax-ex/1.7.8/stax-ex-1.7.8.jar:/home/runner/.m2/repository/com/sun/xml/fastinfoset/FastInfoset/1.2.13/FastInfoset-1.2.13.jar:/home/runner/.m2/repository/javax/activation/activation/1.1.1/activation-1.1.1.jar:/home/runner/.m2/repository/io/grpc/grpc-protobuf/1.51.1/grpc-protobuf-1.51.1.jar:/home/runner/.m2/repository/io/grpc/grpc-api/1.51.1/grpc-api-1.51.1.jar:/home/runner/.m2/repository/io/grpc/grpc-context/1.51.1/grpc-context-1.51.1.jar:/home/runner/.m2/repository/com/google/api/grpc/proto-google-common-protos/2.9.0/proto-google-common-protos-2.9.0.jar:/home/runner/.m2/repository/io/grpc/grpc-protobuf-lite/1.51.1/grpc-protobuf-lite-1.51.1.jar:/home/runner/.m2/repository/io/grpc/grpc-stub/1.51.1/grpc-stub-1.51.1.jar:/home/runner/.m2/repository/io/netty/netty-transport/4.1.86.Final/netty-transport-4.1.86.Final.jar:/home/runner/.m2/repository/io/netty/netty-resolver/4.1.86.Final/netty-resolver-4.1.86.Final.jar:/home/runner/.m2/repository/org/apache/ozone/ozone-csi/1.4.0-SNAPSHOT/ozone-csi-1.4.0-SNAPSHOT.jar:/home/runner/.m2/repository/com/google/protobuf/protobuf-java-util/3.19.6/protobuf-java-util-3.19.6.jar:/home/runner/.m2/repository/com/google/code/gson/gson/2.9.0/gson-2.9.0.jar:/home/runner/.m2/repository/org/apache/ozone/hdds-config/1.4.0-SNAPSHOT/hdds-config-1.4.0-SNAPSHOT.jar:/home/runner/.m2/repository/io/netty/netty-transport-native-epoll/4.1.86.Final/netty-transport-native-epoll-4.1.86.Final-linux-x86_64.jar:/home/runner/.m2/repository/io/netty/netty-transport-classes-epoll/4.1.86.Final/netty-transport-classes-epoll-4.1.86.Final.jar:/home/runner/.m2/repository/io/netty/netty-transport-native-unix-common/4.1.86.Final/netty-transport-native-unix-common-4.1.86.Final.jar:/home/runner/.m2/repository/org/slf4j/slf4j-reload4j/1.7.36/slf4j-reload4j-1.7.36.jar:/home/runner/.m2/repository/org/apache/ozone/ozone-recon/1.4.0-SNAPSHOT/ozone-recon-1.4.0-SNAPSHOT.jar:/home/runner/.m2/repository/org/apache/ozone/ozone-reconcodegen/1.4.0-SNAPSHOT/ozone-reconcodegen-1.4.0-SNAPSHOT.jar:/home/runner/.m2/repository/com/google/inject/extensions/guice-multibindings/4.0/guice-multibindings-4.0.jar:/home/runner/.m2/repository/com/google/inject/guice/4.0/guice-4.0.jar:/home/runner/.m2/repository/aopalliance/aopalliance/1.0/aopalliance-1.0.jar:/home/runner/.m2/repository/com/google/inject/extensions/guice-assistedinject/4.0/guice-assistedinject-4.0.jar:/home/runner/.m2/repository/com/google/inject/extensions/guice-servlet/4.0/guice-servlet-4.0.jar:/home/runner/.m2/repository/org/glassfish/jersey/containers/jersey-container-servlet/2.34/jersey-container-servlet-2.34.jar:/home/runner/.m2/repository/org/glassfish/hk2/guice-bridge/2.5.0/guice-bridge-2.5.0.jar:/home/runner/.m2/repository/org/glassfish/jersey/core/jersey-server/2.34/jersey-server-2.34.jar:/home/runner/.m2/repository/org/glassfish/jersey/core/jersey-client/2.34/jersey-client-2.34.jar:/home/runner/.m2/repository/jakarta/annotation/jakarta.annotation-api/1.3.5/jakarta.annotation-api-1.3.5.jar:/home/runner/.m2/repository/jakarta/validation/jakarta.validation-api/2.0.2/jakarta.validation-api-2.0.2.jar:/home/runner/.m2/repository/org/glassfish/jersey/media/jersey-media-json-jackson/2.34/jersey-media-json-jackson-2.34.jar:/home/runner/.m2/repository/org/glassfish/jersey/ext/jersey-entity-filtering/2.34/jersey-entity-filtering-2.34.jar:/home/runner/.m2/repository/org/jooq/jooq/3.11.10/jooq-3.11.10.jar:/home/runner/.m2/repository/org/jooq/jooq-meta/3.11.10/jooq-meta-3.11.10.jar:/home/runner/.m2/repository/org/jooq/jooq-codegen/3.11.10/jooq-codegen-3.11.10.jar:/home/runner/.m2/repository/com/jolbox/bonecp/0.8.0.RELEASE/bonecp-0.8.0.RELEASE.jar:/home/runner/.m2/repository/org/apache/derby/derby/10.14.2.0/derby-10.14.2.0.jar:/home/runner/.m2/repository/org/xerial/sqlite-jdbc/3.25.2/sqlite-jdbc-3.25.2.jar:/home/runner/.m2/repository/org/springframework/spring-jdbc/5.3.23/spring-jdbc-5.3.23.jar:/home/runner/.m2/repository/org/springframework/spring-beans/5.3.23/spring-beans-5.3.23.jar:/home/runner/.m2/repository/org/springframework/spring-core/5.3.23/spring-core-5.3.23.jar:/home/runner/.m2/repository/org/springframework/spring-jcl/5.3.23/spring-jcl-5.3.23.jar:/home/runner/.m2/repository/org/springframework/spring-tx/5.3.23/spring-tx-5.3.23.jar:/home/runner/.m2/repository/org/apache/ozone/ozone-client/1.4.0-SNAPSHOT/ozone-client-1.4.0-SNAPSHOT.jar:/home/runner/.m2/repository/org/apache/ozone/hdds-erasurecode/1.4.0-SNAPSHOT/hdds-erasurecode-1.4.0-SNAPSHOT.jar:/home/runner/.m2/repository/org/apache/ozone/ozone-filesystem/1.4.0-SNAPSHOT/ozone-filesystem-1.4.0-SNAPSHOT.jar:/home/runner/.m2/repository/org/apache/ozone/ozone-filesystem-common/1.4.0-SNAPSHOT/ozone-filesystem-common-1.4.0-SNAPSHOT.jar:/home/runner/.m2/repository/org/apache/ozone/ozone-tools/1.4.0-SNAPSHOT/ozone-tools-1.4.0-SNAPSHOT.jar:/home/runner/.m2/repository/com/amazonaws/aws-java-sdk-core/1.12.261/aws-java-sdk-core-1.12.261.jar:/home/runner/.m2/repository/org/apache/httpcomponents/httpclient/4.5.13/httpclient-4.5.13.jar:/home/runner/.m2/repository/org/apache/httpcomponents/httpcore/4.4.13/httpcore-4.4.13.jar:/home/runner/.m2/repository/software/amazon/ion/ion-java/1.0.2/ion-java-1.0.2.jar:/home/runner/.m2/repository/com/fasterxml/jackson/dataformat/jackson-dataformat-cbor/2.13.4/jackson-dataformat-cbor-2.13.4.jar:/home/runner/.m2/repository/joda-time/joda-time/2.10.6/joda-time-2.10.6.jar:/home/runner/.m2/repository/com/amazonaws/aws-java-sdk-s3/1.12.261/aws-java-sdk-s3-1.12.261.jar:/home/runner/.m2/repository/com/amazonaws/aws-java-sdk-kms/1.12.261/aws-java-sdk-kms-1.12.261.jar:/home/runner/.m2/repository/com/amazonaws/jmespath-java/1.12.261/jmespath-java-1.12.261.jar:/home/runner/.m2/repository/org/kohsuke/metainf-services/metainf-services/1.8/metainf-services-1.8.jar:/home/runner/.m2/repository/org/apache/ozone/hdds-tools/1.4.0-SNAPSHOT/hdds-tools-1.4.0-SNAPSHOT.jar:/home/runner/.m2/repository/org/apache/ratis/ratis-tools/2.4.2-8b8bdda-SNAPSHOT/ratis-tools-2.4.2-8b8bdda-SNAPSHOT.jar:/home/runner/.m2/repository/org/apache/ratis/ratis-proto/2.4.2-8b8bdda-SNAPSHOT/ratis-proto-2.4.2-8b8bdda-SNAPSHOT.jar:/home/runner/.m2/repository/org/apache/ratis/ratis-common/2.4.2-8b8bdda-SNAPSHOT/ratis-common-2.4.2-8b8bdda-SNAPSHOT.jar:/home/runner/.m2/repository/commons-cli/commons-cli/1.2/commons-cli-1.2.jar:/home/runner/.m2/repository/org/apache/commons/commons-lang3/3.7/commons-lang3-3.7.jar:/home/runner/.m2/repository/org/apache/ozone/ozone-manager/1.4.0-SNAPSHOT/ozone-manager-1.4.0-SNAPSHOT-tests.jar:/home/runner/.m2/repository/org/apache/ozone/hdds-common/1.4.0-SNAPSHOT/hdds-common-1.4.0-SNAPSHOT-tests.jar:/home/runner/.m2/repository/org/apache/ozone/hdds-hadoop-dependency-client/1.4.0-SNAPSHOT/hdds-hadoop-dependency-client-1.4.0-SNAPSHOT.jar:/home/runner/.m2/repository/info/picocli/picocli/4.6.1/picocli-4.6.1.jar:/home/runner/.m2/repository/com/fasterxml/jackson/core/jackson-annotations/2.13.4/jackson-annotations-2.13.4.jar:/home/runner/.m2/repository/com/fasterxml/jackson/datatype/jackson-datatype-jsr310/2.13.4/jackson-datatype-jsr310-2.13.4.jar:/home/runner/.m2/repository/org/apache/ozone/hdds-annotation-processing/1.4.0-SNAPSHOT/hdds-annotation-processing-1.4.0-SNAPSHOT.jar:/home/runner/.m2/repository/javax/annotation/javax.annotation-api/1.2/javax.annotation-api-1.2.jar:/home/runner/.m2/repository/org/apache/ratis/ratis-server/2.4.2-8b8bdda-SNAPSHOT/ratis-server-2.4.2-8b8bdda-SNAPSHOT.jar:/home/runner/.m2/repository/org/apache/ratis/ratis-client/2.4.2-8b8bdda-SNAPSHOT/ratis-client-2.4.2-8b8bdda-SNAPSHOT.jar:/home/runner/.m2/repository/org/apache/ratis/ratis-server-api/2.4.2-8b8bdda-SNAPSHOT/ratis-server-api-2.4.2-8b8bdda-SNAPSHOT.jar:/home/runner/.m2/repository/org/apache/ratis/ratis-metrics/2.4.2-8b8bdda-SNAPSHOT/ratis-metrics-2.4.2-8b8bdda-SNAPSHOT.jar:/home/runner/.m2/repository/org/apache/ratis/ratis-netty/2.4.2-8b8bdda-SNAPSHOT/ratis-netty-2.4.2-8b8bdda-SNAPSHOT.jar:/home/runner/.m2/repository/org/apache/ratis/ratis-grpc/2.4.2-8b8bdda-SNAPSHOT/ratis-grpc-2.4.2-8b8bdda-SNAPSHOT.jar:/home/runner/.m2/repository/org/apache/logging/log4j/log4j-api/2.17.1/log4j-api-2.17.1.jar:/home/runner/.m2/repository/org/apache/commons/commons-pool2/2.6.0/commons-pool2-2.6.0.jar:/home/runner/.m2/repository/org/bouncycastle/bcpkix-jdk15on/1.67/bcpkix-jdk15on-1.67.jar:/home/runner/.m2/repository/commons-validator/commons-validator/1.6/commons-validator-1.6.jar:/home/runner/.m2/repository/commons-beanutils/commons-beanutils/1.9.4/commons-beanutils-1.9.4.jar:/home/runner/.m2/repository/commons-digester/commons-digester/1.8.1/commons-digester-1.8.1.jar:/home/runner/.m2/repository/commons-collections/commons-collections/3.2.2/commons-collections-3.2.2.jar:/home/runner/.m2/repository/io/jaegertracing/jaeger-client/1.6.0/jaeger-client-1.6.0.jar:/home/runner/.m2/repository/io/jaegertracing/jaeger-thrift/1.6.0/jaeger-thrift-1.6.0.jar:/home/runner/.m2/repository/org/apache/thrift/libthrift/0.14.1/libthrift-0.14.1.jar:/home/runner/.m2/repository/io/jaegertracing/jaeger-core/1.6.0/jaeger-core-1.6.0.jar:/home/runner/.m2/repository/io/jaegertracing/jaeger-tracerresolver/1.6.0/jaeger-tracerresolver-1.6.0.jar:/home/runner/.m2/repository/io/opentracing/contrib/opentracing-tracerresolver/0.1.8/opentracing-tracerresolver-0.1.8.jar:/home/runner/.m2/repository/org/jetbrains/kotlin/kotlin-stdlib/1.6.21/kotlin-stdlib-1.6.21.jar:/home/runner/.m2/repository/org/jetbrains/annotations/13.0/annotations-13.0.jar:/home/runner/.m2/repository/io/opentracing/opentracing-util/0.33.0/opentracing-util-0.33.0.jar:/home/runner/.m2/repository/io/opentracing/opentracing-api/0.33.0/opentracing-api-0.33.0.jar:/home/runner/.m2/repository/io/opentracing/opentracing-noop/0.33.0/opentracing-noop-0.33.0.jar:/home/runner/.m2/repository/org/yaml/snakeyaml/1.33/snakeyaml-1.33.jar:/home/runner/.m2/repository/org/apache/ozone/hdds-interface-admin/1.4.0-SNAPSHOT/hdds-interface-admin-1.4.0-SNAPSHOT.jar:/home/runner/.m2/repository/junit/junit/4.13.1/junit-4.13.1.jar:/home/runner/.m2/repository/org/hamcrest/hamcrest-core/1.3/hamcrest-core-1.3.jar:/home/runner/.m2/repository/org/junit/jupiter/junit-jupiter-api/5.8.2/junit-jupiter-api-5.8.2.jar:/home/runner/.m2/repository/org/opentest4j/opentest4j/1.2.0/opentest4j-1.2.0.jar:/home/runner/.m2/repository/org/junit/platform/junit-platform-commons/1.8.2/junit-platform-commons-1.8.2.jar:/home/runner/.m2/repository/org/apiguardian/apiguardian-api/1.1.2/apiguardian-api-1.1.2.jar:/home/runner/.m2/repository/org/junit/jupiter/junit-jupiter-params/5.8.2/junit-jupiter-params-5.8.2.jar:/home/runner/.m2/repository/org/junit/jupiter/junit-jupiter-migrationsupport/5.8.2/junit-jupiter-migrationsupport-5.8.2.jar:/home/runner/.m2/repository/org/junit/jupiter/junit-jupiter-engine/5.8.2/junit-jupiter-engine-5.8.2.jar:/home/runner/.m2/repository/org/junit/platform/junit-platform-engine/1.8.2/junit-platform-engine-1.8.2.jar:/home/runner/.m2/repository/org/junit/vintage/junit-vintage-engine/5.8.2/junit-vintage-engine-5.8.2.jar:/home/runner/.m2/repository/org/junit/platform/junit-platform-launcher/1.8.2/junit-platform-launcher-1.8.2.jar:/home/runner/.m2/repository/org/mockito/mockito-core/2.28.2/mockito-core-2.28.2.jar:/home/runner/.m2/repository/net/bytebuddy/byte-buddy/1.9.10/byte-buddy-1.9.10.jar:/home/runner/.m2/repository/net/bytebuddy/byte-buddy-agent/1.9.10/byte-buddy-agent-1.9.10.jar:/home/runner/.m2/repository/org/objenesis/objenesis/1.0/objenesis-1.0.jar:/home/runner/.m2/repository/org/apache/hadoop/hadoop-kms/3.3.4/hadoop-kms-3.3.4.jar:/home/runner/.m2/repository/org/apache/hadoop/hadoop-auth/3.3.4/hadoop-auth-3.3.4.jar:/home/runner/.m2/repository/com/nimbusds/nimbus-jose-jwt/9.8.1/nimbus-jose-jwt-9.8.1.jar:/home/runner/.m2/repository/com/github/stephenc/jcip/jcip-annotations/1.0-1/jcip-annotations-1.0-1.jar:/home/runner/.m2/repository/net/minidev/json-smart/2.4.7/json-smart-2.4.7.jar:/home/runner/.m2/repository/net/minidev/accessors-smart/2.4.7/accessors-smart-2.4.7.jar:/home/runner/.m2/repository/org/ow2/asm/asm/5.0.4/asm-5.0.4.jar:/home/runner/.m2/repository/org/apache/zookeeper/zookeeper/3.5.6/zookeeper-3.5.6.jar:/home/runner/.m2/repository/org/apache/zookeeper/zookeeper-jute/3.5.6/zookeeper-jute-3.5.6.jar:/home/runner/.m2/repository/org/apache/yetus/audience-annotations/0.5.0/audience-annotations-0.5.0.jar:/home/runner/.m2/repository/org/apache/curator/curator-framework/4.2.0/curator-framework-4.2.0.jar:/home/runner/.m2/repository/org/apache/hadoop/thirdparty/hadoop-shaded-guava/1.1.1/hadoop-shaded-guava-1.1.1.jar:/home/runner/.m2/repository/com/sun/jersey/jersey-core/1.19/jersey-core-1.19.jar:/home/runner/.m2/repository/javax/ws/rs/jsr311-api/1.1.1/jsr311-api-1.1.1.jar:/home/runner/.m2/repository/com/sun/jersey/jersey-server/1.19/jersey-server-1.19.jar:/home/runner/.m2/repository/javax/servlet/javax.servlet-api/3.1.0/javax.servlet-api-3.1.0.jar:/home/runner/.m2/repository/org/eclipse/jetty/jetty-server/9.4.49.v20220914/jetty-server-9.4.49.v20220914.jar:/home/runner/.m2/repository/org/eclipse/jetty/jetty-http/9.4.49.v20220914/jetty-http-9.4.49.v20220914.jar:/home/runner/.m2/repository/org/eclipse/jetty/jetty-io/9.4.49.v20220914/jetty-io-9.4.49.v20220914.jar:/home/runner/.m2/repository/org/eclipse/jetty/jetty-webapp/9.4.49.v20220914/jetty-webapp-9.4.49.v20220914.jar:/home/runner/.m2/repository/org/eclipse/jetty/jetty-xml/9.4.49.v20220914/jetty-xml-9.4.49.v20220914.jar:/home/runner/.m2/repository/org/apache/hadoop/hadoop-common/3.3.4/hadoop-common-3.3.4.jar:/home/runner/.m2/repository/org/apache/commons/commons-math3/3.1.1/commons-math3-3.1.1.jar:/home/runner/.m2/repository/commons-net/commons-net/3.9.0/commons-net-3.9.0.jar:/home/runner/.m2/repository/com/sun/jersey/jersey-servlet/1.19/jersey-servlet-1.19.jar:/home/runner/.m2/repository/com/sun/jersey/jersey-json/1.19/jersey-json-1.19.jar:/home/runner/.m2/repository/org/codehaus/jettison/jettison/1.1/jettison-1.1.jar:/home/runner/.m2/repository/com/sun/xml/bind/jaxb-impl/2.2.3-1/jaxb-impl-2.2.3-1.jar:/home/runner/.m2/repository/org/codehaus/jackson/jackson-xc/1.9.2/jackson-xc-1.9.2.jar:/home/runner/.m2/repository/com/google/re2j/re2j/1.1/re2j-1.1.jar:/home/runner/.m2/repository/com/jcraft/jsch/0.1.54/jsch-0.1.54.jar:/home/runner/.m2/repository/org/apache/curator/curator-client/4.2.0/curator-client-4.2.0.jar:/home/runner/.m2/repository/org/apache/curator/curator-recipes/4.2.0/curator-recipes-4.2.0.jar:/home/runner/.m2/repository/org/apache/kerby/kerb-core/1.0.1/kerb-core-1.0.1.jar:/home/runner/.m2/repository/org/apache/kerby/kerby-pkix/1.0.1/kerby-pkix-1.0.1.jar:/home/runner/.m2/repository/org/apache/kerby/kerby-asn1/1.0.1/kerby-asn1-1.0.1.jar:/home/runner/.m2/repository/org/apache/kerby/kerby-util/1.0.1/kerby-util-1.0.1.jar:/home/runner/.m2/repository/dnsjava/dnsjava/2.1.7/dnsjava-2.1.7.jar:/home/runner/.m2/repository/org/xerial/snappy/snappy-java/1.1.8.2/snappy-java-1.1.8.2.jar:/home/runner/.m2/repository/org/eclipse/jetty/jetty-util/9.4.49.v20220914/jetty-util-9.4.49.v20220914.jar:/home/runner/.m2/repository/com/fasterxml/jackson/core/jackson-databind/2.13.4.2/jackson-databind-2.13.4.2.jar:/home/runner/.m2/repository/org/apache/hadoop/hadoop-kms/3.3.4/hadoop-kms-3.3.4-tests.jar:/home/runner/.m2/repository/org/apache/ozone/hdds-server-scm/1.4.0-SNAPSHOT/hdds-server-scm-1.4.0-SNAPSHOT-tests.jar:/home/runner/.m2/repository/org/apache/ozone/hdds-container-service/1.4.0-SNAPSHOT/hdds-container-service-1.4.0-SNAPSHOT-tests.jar:/home/runner/.m2/repository/com/github/luben/zstd-jni/1.5.2-5/zstd-jni-1.5.2-5.jar:/home/runner/.m2/repository/commons-codec/commons-codec/1.15/commons-codec-1.15.jar:/home/runner/.m2/repository/io/netty/netty-codec/4.1.86.Final/netty-codec-4.1.86.Final.jar:/home/runner/.m2/repository/io/netty/netty-handler/4.1.86.Final/netty-handler-4.1.86.Final.jar:/home/runner/.m2/repository/org/apache/ozone/hdds-hadoop-dependency-test/1.4.0-SNAPSHOT/hdds-hadoop-dependency-test-1.4.0-SNAPSHOT.jar:/home/runner/.m2/repository/org/apache/hadoop/hadoop-common/3.3.4/hadoop-common-3.3.4-tests.jar:/home/runner/.m2/repository/org/apache/hadoop/hadoop-hdfs/3.3.4/hadoop-hdfs-3.3.4-tests.jar:/home/runner/.m2/repository/org/assertj/assertj-core/3.12.2/assertj-core-3.12.2.jar:/home/runner/.m2/repository/org/apache/hadoop/hadoop-distcp/3.3.4/hadoop-distcp-3.3.4.jar:/home/runner/.m2/repository/org/apache/hadoop/hadoop-mapreduce-client-jobclient/3.3.4/hadoop-mapreduce-client-jobclient-3.3.4.jar:/home/runner/.m2/repository/org/apache/hadoop/hadoop-mapreduce-client-common/3.3.4/hadoop-mapreduce-client-common-3.3.4.jar:/home/runner/.m2/repository/org/apache/hadoop/hadoop-yarn-common/3.3.4/hadoop-yarn-common-3.3.4.jar:/home/runner/.m2/repository/org/apache/hadoop/hadoop-yarn-api/3.3.4/hadoop-yarn-api-3.3.4.jar:/home/runner/.m2/repository/com/sun/jersey/contribs/jersey-guice/1.19/jersey-guice-1.19.jar:/home/runner/.m2/repository/com/fasterxml/jackson/jaxrs/jackson-jaxrs-json-provider/2.13.4/jackson-jaxrs-json-provider-2.13.4.jar:/home/runner/.m2/repository/com/fasterxml/jackson/jaxrs/jackson-jaxrs-base/2.13.4/jackson-jaxrs-base-2.13.4.jar:/home/runner/.m2/repository/org/apache/hadoop/hadoop-yarn-client/3.3.4/hadoop-yarn-client-3.3.4.jar:/home/runner/.m2/repository/org/eclipse/jetty/websocket/websocket-client/9.4.43.v20210629/websocket-client-9.4.43.v20210629.jar:/home/runner/.m2/repository/org/eclipse/jetty/websocket/websocket-common/9.4.43.v20210629/websocket-common-9.4.43.v20210629.jar:/home/runner/.m2/repository/org/eclipse/jetty/websocket/websocket-api/9.4.43.v20210629/websocket-api-9.4.43.v20210629.jar:/home/runner/.m2/repository/org/jline/jline/3.9.0/jline-3.9.0.jar:/home/runner/.m2/repository/org/apache/hadoop/hadoop-mapreduce-client-core/3.3.4/hadoop-mapreduce-client-core-3.3.4.jar:/home/runner/.m2/repository/org/apache/avro/avro/1.7.7/avro-1.7.7.jar:/home/runner/.m2/repository/org/codehaus/jackson/jackson-core-asl/1.9.13/jackson-core-asl-1.9.13.jar:/home/runner/.m2/repository/org/codehaus/jackson/jackson-mapper-asl/1.9.13/jackson-mapper-asl-1.9.13.jar:/home/runner/.m2/repository/com/thoughtworks/paranamer/paranamer/2.3/paranamer-2.3.jar:/home/runner/.m2/repository/org/apache/hadoop/hadoop-annotations/3.3.4/hadoop-annotations-3.3.4.jar:/usr/lib/jvm/temurin-8-jdk-amd64/jre/../lib/tools.jar:/home/runner/.m2/repository/io/netty/netty/3.10.6.Final/netty-3.10.6.Final.jar:/home/runner/.m2/repository/org/apache/hadoop/hadoop-distcp/3.3.4/hadoop-distcp-3.3.4-tests.jar:/home/runner/.m2/repository/org/slf4j/jul-to-slf4j/1.7.36/jul-to-slf4j-1.7.36.jar:"/>
    <property name="sun.cpu.endian" value="little"/>
    <property name="user.home" value="/home/runner"/>
    <property name="user.language" value="en"/>
    <property name="java.specification.vendor" value="Oracle Corporation"/>
    <property name="java.home" value="/usr/lib/jvm/temurin-8-jdk-amd64/jre"/>
    <property name="java.security.krb5.conf" value="/home/runner/work/ozone/ozone/hadoop-ozone/integration-test/target/test-classes/krb5.conf"/>
    <property name="basedir" value="/home/runner/work/ozone/ozone/hadoop-ozone/integration-test"/>
    <property name="file.separator" value="/"/>
    <property name="line.separator" value="&#10;"/>
    <property name="java.vm.specification.vendor" value="Oracle Corporation"/>
    <property name="java.specification.name" value="Java Platform API Specification"/>
    <property name="java.awt.graphicsenv" value="sun.awt.X11GraphicsEnvironment"/>
    <property name="skip.installnpx" value="true"/>
    <property name="surefire.real.class.path" value="/home/runner/work/ozone/ozone/hadoop-ozone/integration-test/target/surefire/surefirebooter7186312483939423018.jar:/home/runner/.m2/repository/org/jacoco/org.jacoco.agent/0.8.5/org.jacoco.agent-0.8.5-runtime.jar"/>
    <property name="hadoop.log.dir" value="/home/runner/work/ozone/ozone/hadoop-ozone/integration-test/target/log"/>
    <property name="sun.boot.class.path" value="/usr/lib/jvm/temurin-8-jdk-amd64/jre/lib/resources.jar:/usr/lib/jvm/temurin-8-jdk-amd64/jre/lib/rt.jar:/usr/lib/jvm/temurin-8-jdk-amd64/jre/lib/sunrsasign.jar:/usr/lib/jvm/temurin-8-jdk-amd64/jre/lib/jsse.jar:/usr/lib/jvm/temurin-8-jdk-amd64/jre/lib/jce.jar:/usr/lib/jvm/temurin-8-jdk-amd64/jre/lib/charsets.jar:/usr/lib/jvm/temurin-8-jdk-amd64/jre/lib/jfr.jar:/usr/lib/jvm/temurin-8-jdk-amd64/jre/classes"/>
    <property name="sun.management.compiler" value="HotSpot 64-Bit Tiered Compilers"/>
    <property name="skip.npx" value="true"/>
    <property name="java.runtime.version" value="1.8.0_352-b08"/>
    <property name="java.net.preferIPv4Stack" value="true"/>
    <property name="user.name" value="runner"/>
    <property name="path.separator" value=":"/>
    <property name="java.security.egd" value="file:///dev/urandom"/>
    <property name="os.version" value="5.15.0-1031-azure"/>
    <property name="java.endorsed.dirs" value="/usr/lib/jvm/temurin-8-jdk-amd64/jre/lib/endorsed"/>
    <property name="java.runtime.name" value="OpenJDK Runtime Environment"/>
    <property name="file.encoding" value="UTF-8"/>
    <property name="java.vm.name" value="OpenJDK 64-Bit Server VM"/>
    <property name="test.build.webapps" value=""/>
    <property name="localRepository" value="/home/runner/.m2/repository"/>
    <property name="jetty.git.hash" value="4231a3b2e4cb8548a412a789936d640a97b1aa0a"/>
    <property name="java.vendor.url.bug" value="https://github.com/adoptium/adoptium-support/issues"/>
    <property name="java.io.tmpdir" value="/tmp"/>
    <property name="require.test.libhadoop" value=""/>
    <property name="java.version" value="1.8.0_352"/>
    <property name="user.dir" value="/home/runner/work/ozone/ozone/hadoop-ozone/integration-test"/>
    <property name="os.arch" value="amd64"/>
    <property name="java.vm.specification.name" value="Java Virtual Machine Specification"/>
    <property name="test.build.classes" value="/home/runner/work/ozone/ozone/hadoop-ozone/integration-test/target/test-classes"/>
    <property name="java.awt.printerjob" value="sun.print.PSPrinterJob"/>
    <property name="sun.os.patch.level" value="unknown"/>
    <property name="org.apache.ratis.thirdparty.io.netty.allocator.useCacheForAllThreads" value="false"/>
    <property name="hadoop.tmp.dir" value="/home/runner/work/ozone/ozone/hadoop-ozone/integration-test/target/tmp"/>
    <property name="java.library.path" value="/usr/java/packages/lib/amd64:/usr/lib64:/lib64:/lib:/usr/lib"/>
    <property name="java.vm.info" value="mixed mode"/>
    <property name="java.vendor" value="Temurin"/>
    <property name="java.vm.version" value="25.352-b08"/>
    <property name="java.specification.maintenance.version" value="4"/>
    <property name="java.ext.dirs" value="/usr/lib/jvm/temurin-8-jdk-amd64/jre/lib/ext:/usr/java/packages/lib/ext"/>
    <property name="sun.io.unicode.encoding" value="UnicodeLittle"/>
    <property name="java.class.version" value="52.0"/>
  </properties>
  <testcase name="testFlushChunk" classname="org.apache.hadoop.ozone.client.rpc.TestBlockOutputStream" time="1.204">
    <system-out><![CDATA[2023-01-31 11:34:05,592 [main] WARN  server.ServerUtils (ServerUtils.java:getScmDbDir(148)) - ozone.scm.db.dirs is not configured. We recommend adding this setting. Falling back to ozone.metadata.dirs instead.
2023-01-31 11:34:05,668 [main] WARN  server.ServerUtils (ServerUtils.java:getScmDbDir(148)) - ozone.scm.db.dirs is not configured. We recommend adding this setting. Falling back to ozone.metadata.dirs instead.
2023-01-31 11:34:05,674 [main] INFO  ha.SCMHANodeDetails (SCMHANodeDetails.java:loadSCMHAConfig(209)) - ServiceID for StorageContainerManager is null
2023-01-31 11:34:05,690 [main] WARN  ha.SCMHANodeDetails (SCMHANodeDetails.java:validateSCMHAConfig(182)) - Invalid config ozone.scm.ratis.enable. The config was not specified, but the default value true conflicts with the expected config value false. Falling back to the expected value. Current State of SCM: SCM is running in Non-HA without Ratis Ratis SCM -> Non Ratis SCM or Non HA SCM -> HA SCM is not supported
2023-01-31 11:34:05,690 [main] INFO  ha.SCMHANodeDetails (SCMHANodeDetails.java:loadSCMHAConfig(214)) - ozone.scm.default.service.id is not defined, falling back to ozone.scm.service.ids to find serviceID for StorageContainerManager if it is HA enabled cluster
2023-01-31 11:34:06,200 [main] WARN  utils.HAUtils (HAUtils.java:getMetaDir(342)) - ozone.scm.db.dirs is not configured. We recommend adding this setting. Falling back to ozone.metadata.dirs instead.
2023-01-31 11:34:06,327 [main] WARN  db.DBStoreBuilder (DBStoreBuilder.java:applyDBDefinition(144)) - ozone.scm.db.dirs is not configured. We recommend adding this setting. Falling back to ozone.metadata.dirs instead.
2023-01-31 11:34:06,558 [main] INFO  net.NodeSchemaLoader (NodeSchemaLoader.java:loadSchemaFromFile(129)) - Loading schema from [jar:file:/home/runner/.m2/repository/org/apache/ozone/hdds-common/1.4.0-SNAPSHOT/hdds-common-1.4.0-SNAPSHOT.jar!/network-topology-default.xml]
2023-01-31 11:34:06,560 [main] INFO  net.NodeSchemaLoader (NodeSchemaLoader.java:loadSchema(176)) - Loading network topology layer schema file
2023-01-31 11:34:06,602 [main] INFO  metrics.MetricRegistries (MetricRegistriesLoader.java:load(64)) - Loaded MetricRegistries class org.apache.ratis.metrics.impl.MetricRegistriesImpl
2023-01-31 11:34:06,606 [main] INFO  upgrade.AbstractLayoutVersionManager (AbstractLayoutVersionManager.java:init(83)) - Initializing Layout version manager with metadata layout = DATANODE_SCHEMA_V3 (version = 4), software layout = DATANODE_SCHEMA_V3 (version = 4)
2023-01-31 11:34:06,840 [main] INFO  reflections.Reflections (Reflections.java:scan(232)) - Reflections took 151 ms to scan 7 urls, producing 150 keys and 361 values 
2023-01-31 11:34:06,939 [main] INFO  ha.SequenceIdGenerator (SequenceIdGenerator.java:upgradeToSequenceId(349)) - upgrade localId to 111677748019200000
2023-01-31 11:34:06,939 [main] INFO  ha.SequenceIdGenerator (SequenceIdGenerator.java:upgradeToSequenceId(359)) - upgrade delTxnId to 0
2023-01-31 11:34:06,947 [main] INFO  ha.SequenceIdGenerator (SequenceIdGenerator.java:upgradeToSequenceId(376)) - upgrade containerId to 0
2023-01-31 11:34:06,949 [main] INFO  ha.SequenceIdGenerator (SequenceIdGenerator.java:<init>(220)) - Init the HA SequenceIdGenerator.
2023-01-31 11:34:07,002 [main] INFO  node.SCMNodeManager (SCMNodeManager.java:<init>(149)) - Entering startup safe mode.
2023-01-31 11:34:07,080 [main] INFO  algorithms.ContainerPlacementPolicyFactory (ContainerPlacementPolicyFactory.java:getPolicyInternal(86)) - Create container placement policy of type org.apache.hadoop.hdds.scm.container.placement.algorithms.SCMContainerPlacementRandom
2023-01-31 11:34:07,083 [main] INFO  algorithms.ContainerPlacementPolicyFactory (ContainerPlacementPolicyFactory.java:getPolicyInternal(86)) - Create container placement policy of type org.apache.hadoop.hdds.scm.container.placement.algorithms.SCMContainerPlacementRackScatter
2023-01-31 11:34:07,092 [main] INFO  pipeline.PipelineStateManagerImpl (PipelineStateManagerImpl.java:initialize(78)) - No pipeline exists in current db
2023-01-31 11:34:07,132 [main] INFO  algorithms.LeaderChoosePolicyFactory (LeaderChoosePolicyFactory.java:getPolicy(57)) - Create leader choose policy of type org.apache.hadoop.hdds.scm.pipeline.leader.choose.algorithms.MinLeaderCountChoosePolicy
2023-01-31 11:34:07,133 [main] INFO  algorithms.ContainerPlacementPolicyFactory (ContainerPlacementPolicyFactory.java:getPolicyInternal(86)) - Create container placement policy of type org.apache.hadoop.hdds.scm.container.placement.algorithms.SCMContainerPlacementRackScatter
2023-01-31 11:34:07,139 [main] INFO  ha.SCMServiceManager (SCMServiceManager.java:register(42)) - Registering service BackgroundPipelineCreator.
2023-01-31 11:34:07,139 [main] INFO  pipeline.BackgroundPipelineCreator (BackgroundPipelineCreator.java:start(124)) - Starting RatisPipelineUtilsThread.
2023-01-31 11:34:07,143 [main] INFO  BackgroundPipelineScrubber (BackgroundSCMService.java:start(68)) - Starting BackgroundPipelineScrubber Service.
2023-01-31 11:34:07,144 [main] INFO  ha.SCMServiceManager (SCMServiceManager.java:register(42)) - Registering service BackgroundPipelineScrubber.
2023-01-31 11:34:07,154 [main] INFO  ExpiredContainerReplicaOpScrubber (BackgroundSCMService.java:start(68)) - Starting ExpiredContainerReplicaOpScrubber Service.
2023-01-31 11:34:07,154 [main] INFO  ha.SCMServiceManager (SCMServiceManager.java:register(42)) - Registering service ExpiredContainerReplicaOpScrubber.
2023-01-31 11:34:07,200 [main] INFO  algorithms.PipelineChoosePolicyFactory (PipelineChoosePolicyFactory.java:createPipelineChoosePolicyFromClass(73)) - Create pipeline choose policy of type org.apache.hadoop.hdds.scm.pipeline.choose.algorithms.RandomPipelineChoosePolicy
2023-01-31 11:34:07,219 [main] INFO  ha.SCMServiceManager (SCMServiceManager.java:register(42)) - Registering service SCMBlockDeletingService.
2023-01-31 11:34:07,279 [main] INFO  replication.ReplicationManager (ReplicationManager.java:start(263)) - Starting Replication Monitor Thread.
2023-01-31 11:34:07,286 [main] INFO  ha.SCMServiceManager (SCMServiceManager.java:register(42)) - Registering service ReplicationManager.
2023-01-31 11:34:07,290 [ReplicationMonitor] INFO  replication.ReplicationManager (ReplicationManager.java:processAll(334)) - Replication Manager is not ready to run until 3000ms after safemode exit
2023-01-31 11:34:07,298 [main] INFO  safemode.ContainerSafeModeRule (ContainerSafeModeRule.java:<init>(89)) - containers with one replica threshold count 0
2023-01-31 11:34:07,302 [main] INFO  safemode.HealthyPipelineSafeModeRule (HealthyPipelineSafeModeRule.java:initializeRule(169)) - Total pipeline count is 0, healthy pipeline threshold count is 1
2023-01-31 11:34:07,305 [main] INFO  safemode.OneReplicaPipelineSafeModeRule (OneReplicaPipelineSafeModeRule.java:initializeRule(180)) - Total pipeline count is 0, pipeline's with at least one datanode reported threshold count is 0
2023-01-31 11:34:07,587 [main] INFO  audit.AuditLogger (AuditLogger.java:refreshDebugCmdSet(126)) - Refresh DebugCmdSet for SCMAudit to [].
2023-01-31 11:34:07,613 [main] INFO  ipc.CallQueueManager (CallQueueManager.java:<init>(90)) - Using callQueue: class java.util.concurrent.LinkedBlockingQueue, queueCapacity: 2000, scheduler: class org.apache.hadoop.ipc.DefaultRpcScheduler, ipcBackoff: false.
2023-01-31 11:34:07,646 [Socket Reader #1 for port 0] INFO  ipc.Server (Server.java:run(1273)) - Starting Socket Reader #1 for port 0
2023-01-31 11:34:07,707 [Listener at 0.0.0.0/33795] INFO  audit.AuditLogger (AuditLogger.java:refreshDebugCmdSet(126)) - Refresh DebugCmdSet for SCMAudit to [].
2023-01-31 11:34:07,712 [Listener at 0.0.0.0/33795] INFO  ipc.CallQueueManager (CallQueueManager.java:<init>(90)) - Using callQueue: class java.util.concurrent.LinkedBlockingQueue, queueCapacity: 2000, scheduler: class org.apache.hadoop.ipc.DefaultRpcScheduler, ipcBackoff: false.
2023-01-31 11:34:07,713 [Socket Reader #1 for port 0] INFO  ipc.Server (Server.java:run(1273)) - Starting Socket Reader #1 for port 0
2023-01-31 11:34:07,746 [Listener at 0.0.0.0/41725] INFO  audit.AuditLogger (AuditLogger.java:refreshDebugCmdSet(126)) - Refresh DebugCmdSet for SCMAudit to [].
2023-01-31 11:34:07,756 [Listener at 0.0.0.0/41725] INFO  ipc.CallQueueManager (CallQueueManager.java:<init>(90)) - Using callQueue: class java.util.concurrent.LinkedBlockingQueue, queueCapacity: 2000, scheduler: class org.apache.hadoop.ipc.DefaultRpcScheduler, ipcBackoff: false.
2023-01-31 11:34:07,758 [Socket Reader #1 for port 0] INFO  ipc.Server (Server.java:run(1273)) - Starting Socket Reader #1 for port 0
2023-01-31 11:34:07,806 [Listener at 0.0.0.0/35417] INFO  ha.SCMServiceManager (SCMServiceManager.java:register(42)) - Registering service ContainerBalancer.
2023-01-31 11:34:07,807 [Listener at 0.0.0.0/35417] INFO  server.StorageContainerManager (StorageContainerManager.java:<init>(401)) - 
Container Balancer status:
Key                            Value
Running                        true
Container Balancer Configuration values:
Key                                                Value
Threshold                                          10
Max Datanodes to Involve per Iteration(percent)    20
Max Size to Move per Iteration                     500GB
Max Size Entering Target per Iteration             26GB
Max Size Leaving Source per Iteration              26GB

2023-01-31 11:34:07,808 [Listener at 0.0.0.0/35417] INFO  ha.SCMContext (SCMContext.java:updateSafeModeStatus(228)) - Update SafeModeStatus from SafeModeStatus{safeModeStatus=true, preCheckPassed=false} to SafeModeStatus{safeModeStatus=true, preCheckPassed=false}.
2023-01-31 11:34:07,810 [Listener at 0.0.0.0/35417] INFO  server.StorageContainerManager (StorageContainerManager.java:start(1440)) - StorageContainerLocationProtocol RPC server is listening at /0.0.0.0:35417
2023-01-31 11:34:07,862 [Listener at 0.0.0.0/35417] WARN  impl.MetricsConfig (MetricsConfig.java:loadFirst(136)) - Cannot locate configuration: tried hadoop-metrics2-storagecontainermanager.properties,hadoop-metrics2.properties
2023-01-31 11:34:07,872 [Listener at 0.0.0.0/35417] INFO  impl.MetricsSystemImpl (MetricsSystemImpl.java:startTimer(378)) - Scheduled Metric snapshot period at 10 second(s).
2023-01-31 11:34:07,872 [Listener at 0.0.0.0/35417] INFO  impl.MetricsSystemImpl (MetricsSystemImpl.java:start(191)) - StorageContainerManager metrics system started
2023-01-31 11:34:08,139 [Listener at 0.0.0.0/35417] INFO  server.SCMClientProtocolServer (SCMClientProtocolServer.java:start(170)) - RPC server for Client  is listening at /0.0.0.0:35417
2023-01-31 11:34:08,139 [IPC Server Responder] INFO  ipc.Server (Server.java:run(1512)) - IPC Server Responder: starting
2023-01-31 11:34:08,140 [IPC Server listener on 0] INFO  ipc.Server (Server.java:run(1352)) - IPC Server listener on 0: starting
2023-01-31 11:34:08,147 [Listener at 0.0.0.0/35417] INFO  server.StorageContainerManager (StorageContainerManager.java:start(1454)) - ScmBlockLocationProtocol RPC server is listening at /0.0.0.0:41725
2023-01-31 11:34:08,147 [Listener at 0.0.0.0/35417] INFO  server.SCMBlockProtocolServer (SCMBlockProtocolServer.java:start(152)) - RPC server for Block Protocol is listening at /0.0.0.0:41725
2023-01-31 11:34:08,148 [IPC Server Responder] INFO  ipc.Server (Server.java:run(1512)) - IPC Server Responder: starting
2023-01-31 11:34:08,148 [IPC Server listener on 0] INFO  ipc.Server (Server.java:run(1352)) - IPC Server listener on 0: starting
2023-01-31 11:34:08,150 [Listener at 0.0.0.0/35417] INFO  server.SCMDatanodeProtocolServer (SCMDatanodeProtocolServer.java:start(194)) - ScmDatanodeProtocol RPC server for DataNodes is listening at /0.0.0.0:33795
2023-01-31 11:34:08,151 [IPC Server Responder] INFO  ipc.Server (Server.java:run(1512)) - IPC Server Responder: starting
2023-01-31 11:34:08,151 [IPC Server listener on 0] INFO  ipc.Server (Server.java:run(1352)) - IPC Server listener on 0: starting
2023-01-31 11:34:08,162 [org.apache.hadoop.util.JvmPauseMonitor$Monitor@6c930e7e] INFO  util.JvmPauseMonitor (JvmPauseMonitor.java:run(188)) - Starting JVM pause monitor
2023-01-31 11:34:08,177 [Listener at 0.0.0.0/35417] INFO  http.BaseHttpServer (BaseHttpServer.java:newHttpServer2BuilderForOzone(213)) - Starting Web-server for scm at: http://0.0.0.0:0
2023-01-31 11:34:08,178 [Listener at 0.0.0.0/35417] INFO  http.BaseHttpServer (BaseHttpServer.java:<init>(108)) - Hadoop Security Enabled: false Ozone Security Enabled: false Ozone HTTP Security Enabled: false 
2023-01-31 11:34:08,201 [Listener at 0.0.0.0/35417] INFO  util.log (Log.java:initialized(170)) - Logging initialized @3828ms to org.eclipse.jetty.util.log.Slf4jLog
2023-01-31 11:34:08,294 [Listener at 0.0.0.0/35417] WARN  server.AuthenticationFilter (AuthenticationFilter.java:constructSecretProvider(240)) - Unable to initialize FileSignerSecretProvider, falling back to use random secrets. Reason: Could not read signature secret file: /home/runner/hadoop-http-auth-signature-secret
2023-01-31 11:34:08,299 [Listener at 0.0.0.0/35417] WARN  http.HttpRequestLog (HttpRequestLog.java:getRequestLog(103)) - Jetty request log can only be enabled using Log4j
2023-01-31 11:34:08,306 [Listener at 0.0.0.0/35417] INFO  http.HttpServer2 (HttpServer2.java:addGlobalFilter(1031)) - Added global filter 'safety' (class=org.apache.hadoop.hdds.server.http.HttpServer2$QuotingInputFilter)
2023-01-31 11:34:08,308 [Listener at 0.0.0.0/35417] INFO  http.HttpServer2 (HttpServer2.java:addFilter(1007)) - Added filter static_user_filter (class=org.apache.hadoop.http.lib.StaticUserWebFilter$StaticUserFilter) to context scm
2023-01-31 11:34:08,308 [Listener at 0.0.0.0/35417] INFO  http.HttpServer2 (HttpServer2.java:addFilter(1015)) - Added filter static_user_filter (class=org.apache.hadoop.http.lib.StaticUserWebFilter$StaticUserFilter) to context logs
2023-01-31 11:34:08,308 [Listener at 0.0.0.0/35417] INFO  http.HttpServer2 (HttpServer2.java:addFilter(1015)) - Added filter static_user_filter (class=org.apache.hadoop.http.lib.StaticUserWebFilter$StaticUserFilter) to context static
2023-01-31 11:34:08,344 [Listener at 0.0.0.0/35417] INFO  http.HttpServer2 (HttpServer2.java:bindListener(1250)) - Jetty bound to port 38381
2023-01-31 11:34:08,345 [Listener at 0.0.0.0/35417] INFO  server.Server (Server.java:doStart(375)) - jetty-9.4.49.v20220914; built: 2022-09-14T01:07:36.601Z; git: 4231a3b2e4cb8548a412a789936d640a97b1aa0a; jvm 1.8.0_352-b08
2023-01-31 11:34:08,372 [Listener at 0.0.0.0/35417] INFO  server.session (DefaultSessionIdManager.java:doStart(334)) - DefaultSessionIdManager workerName=node0
2023-01-31 11:34:08,372 [Listener at 0.0.0.0/35417] INFO  server.session (DefaultSessionIdManager.java:doStart(339)) - No SessionScavenger set, using defaults
2023-01-31 11:34:08,373 [Listener at 0.0.0.0/35417] INFO  server.session (HouseKeeper.java:startScavenging(132)) - node0 Scavenging every 600000ms
2023-01-31 11:34:08,385 [Listener at 0.0.0.0/35417] INFO  handler.ContextHandler (ContextHandler.java:doStart(921)) - Started o.e.j.s.ServletContextHandler@291522f1{logs,/logs,file:///home/runner/work/ozone/ozone/hadoop-ozone/integration-test/target/log,AVAILABLE}
2023-01-31 11:34:08,386 [Listener at 0.0.0.0/35417] INFO  handler.ContextHandler (ContextHandler.java:doStart(921)) - Started o.e.j.s.ServletContextHandler@62977afb{static,/static,file:///home/runner/work/ozone/ozone/hadoop-ozone/integration-test/target/test-classes/webapps/static,AVAILABLE}
2023-01-31 11:34:08,428 [Listener at 0.0.0.0/35417] INFO  handler.ContextHandler (ContextHandler.java:doStart(921)) - Started o.e.j.w.WebAppContext@6e627ab8{scm,/,file:///home/runner/work/ozone/ozone/hadoop-ozone/integration-test/target/test-classes/webapps/scm/,AVAILABLE}{file:/home/runner/work/ozone/ozone/hadoop-ozone/integration-test/target/test-classes/webapps/scm}
2023-01-31 11:34:08,436 [Listener at 0.0.0.0/35417] INFO  server.AbstractConnector (AbstractConnector.java:doStart(333)) - Started ServerConnector@67521a79{HTTP/1.1, (http/1.1)}{0.0.0.0:38381}
2023-01-31 11:34:08,436 [Listener at 0.0.0.0/35417] INFO  server.Server (Server.java:doStart(415)) - Started @4063ms
2023-01-31 11:34:08,438 [Listener at 0.0.0.0/35417] INFO  impl.MetricsSinkAdapter (MetricsSinkAdapter.java:start(204)) - Sink prometheus started
2023-01-31 11:34:08,438 [Listener at 0.0.0.0/35417] INFO  impl.MetricsSystemImpl (MetricsSystemImpl.java:registerSink(305)) - Registered sink prometheus
2023-01-31 11:34:08,439 [Listener at 0.0.0.0/35417] INFO  http.BaseHttpServer (BaseHttpServer.java:updateConnectorAddress(333)) - HTTP server of scm listening at http://0.0.0.0:38381
2023-01-31 11:34:08,441 [Listener at 0.0.0.0/35417] WARN  server.ServerUtils (ServerUtils.java:getDBPath(225)) - ozone.om.db.dirs is not configured. We recommend adding this setting. Falling back to ozone.metadata.dirs instead.
2023-01-31 11:34:08,494 [Listener at 0.0.0.0/35417] INFO  audit.AuditLogger (AuditLogger.java:refreshDebugCmdSet(126)) - Refresh DebugCmdSet for OMAudit to [].
2023-01-31 11:34:08,562 [Listener at 0.0.0.0/35417] INFO  ha.OMHANodeDetails (OMHANodeDetails.java:loadOMHAConfig(115)) - ozone.om.internal.service.id is not defined, falling back to ozone.om.service.ids to find serviceID for OzoneManager if it is HA enabled cluster
2023-01-31 11:34:08,564 [Listener at 0.0.0.0/35417] INFO  ha.OMHANodeDetails (OMHANodeDetails.java:loadOMHAConfig(226)) - Configuration does not have ozone.om.address set. Falling back to the default OM address /127.0.0.1:0
2023-01-31 11:34:08,565 [Listener at 0.0.0.0/35417] INFO  ha.OMHANodeDetails (OMHANodeDetails.java:getOMNodeDetailsForNonHA(254)) - OM Service ID is not set. Setting it to the default ID: omServiceIdDefault
2023-01-31 11:34:08,565 [Listener at 0.0.0.0/35417] INFO  ha.OMHANodeDetails (OMHANodeDetails.java:getOMNodeDetailsForNonHA(261)) - OM Node ID is not set. Setting it to the default ID: om1
2023-01-31 11:34:08,568 [Listener at 0.0.0.0/35417] WARN  server.ServerUtils (ServerUtils.java:getDBPath(225)) - ozone.om.db.dirs is not configured. We recommend adding this setting. Falling back to ozone.metadata.dirs instead.
2023-01-31 11:34:08,571 [Listener at 0.0.0.0/35417] INFO  upgrade.AbstractLayoutVersionManager (AbstractLayoutVersionManager.java:init(83)) - Initializing Layout version manager with metadata layout = MULTITENANCY_SCHEMA (version = 3), software layout = MULTITENANCY_SCHEMA (version = 3)
2023-01-31 11:34:08,679 [Listener at 0.0.0.0/35417] INFO  reflections.Reflections (Reflections.java:scan(232)) - Reflections took 104 ms to scan 2 urls, producing 155 keys and 428 values [using 2 cores]
2023-01-31 11:34:08,683 [Listener at 0.0.0.0/35417] INFO  upgrade.OMLayoutVersionManager (OMLayoutVersionManager.java:lambda$0(115)) - Skipping Upgrade Action MockOmUpgradeAction since it has been finalized.
2023-01-31 11:34:08,684 [Listener at 0.0.0.0/35417] WARN  server.ServerUtils (ServerUtils.java:getDBPath(225)) - ozone.om.db.dirs is not configured. We recommend adding this setting. Falling back to ozone.metadata.dirs instead.
2023-01-31 11:34:08,828 [Listener at 0.0.0.0/35417] INFO  proxy.SCMBlockLocationFailoverProxyProvider (SCMBlockLocationFailoverProxyProvider.java:<init>(114)) - Created block location fail-over proxy with 1 nodes: [nodeId=scmNodeId,nodeAddress=/0.0.0.0:41725]
2023-01-31 11:34:08,857 [Listener at 0.0.0.0/35417] INFO  proxy.SCMBlockLocationFailoverProxyProvider (SCMBlockLocationFailoverProxyProvider.java:<init>(114)) - Created block location fail-over proxy with 1 nodes: [nodeId=scmNodeId,nodeAddress=/0.0.0.0:41725]
2023-01-31 11:34:09,038 [Listener at 0.0.0.0/35417] WARN  server.ServerUtils (ServerUtils.java:getDBPath(225)) - ozone.om.db.dirs is not configured. We recommend adding this setting. Falling back to ozone.metadata.dirs instead.
2023-01-31 11:34:09,044 [Listener at 0.0.0.0/35417] INFO  codec.OmKeyInfoCodec (OmKeyInfoCodec.java:<init>(49)) - OmKeyInfoCodec ignorePipeline = true
2023-01-31 11:34:09,045 [Listener at 0.0.0.0/35417] INFO  codec.RepeatedOmKeyInfoCodec (RepeatedOmKeyInfoCodec.java:<init>(41)) - RepeatedOmKeyInfoCodec ignorePipeline = true
2023-01-31 11:34:09,217 [Listener at 0.0.0.0/35417] INFO  om.OzoneManager (OzoneManager.java:instantiateServices(728)) - S3 Multi-Tenancy is disabled
2023-01-31 11:34:09,297 [Listener at 0.0.0.0/35417] INFO  om.OzoneManager (OzoneManager.java:addS3GVolumeToDB(4320)) - Created Volume s3v With Owner runner required for S3Gateway operations.
2023-01-31 11:34:09,374 [Listener at 0.0.0.0/35417] WARN  server.ServerUtils (ServerUtils.java:getDefaultRatisDirectory(237)) - Storage directory for Ratis is not configured. It is a good idea to map this to an SSD disk. Falling back to ozone.metadata.dirs
2023-01-31 11:34:09,376 [Listener at 0.0.0.0/35417] WARN  utils.OzoneManagerRatisUtils (OzoneManagerRatisUtils.java:getOMRatisSnapshotDirectory(431)) - ozone.om.ratis.snapshot.dir is not configured. Falling back to ozone.metadata.dirs config
2023-01-31 11:34:09,393 [Listener at 0.0.0.0/35417] WARN  server.ServerUtils (ServerUtils.java:getDefaultRatisDirectory(237)) - Storage directory for Ratis is not configured. It is a good idea to map this to an SSD disk. Falling back to ozone.metadata.dirs
2023-01-31 11:34:09,426 [Listener at 0.0.0.0/35417] INFO  ratis.OzoneManagerRatisServer (OzoneManagerRatisServer.java:<init>(160)) - Instantiating OM Ratis server with groupID: omServiceIdDefault and peers: localhost:9872
2023-01-31 11:34:09,436 [Listener at 0.0.0.0/35417] INFO  ratis.OzoneManagerStateMachine (OzoneManagerStateMachine.java:loadSnapshotInfoFromDB(636)) - LastAppliedIndex is set from TransactionInfo from OM DB as (t:0, i:~)
2023-01-31 11:34:09,487 [Listener at 0.0.0.0/35417] INFO  server.RaftServer (ConfUtils.java:logGet(46)) - raft.rpc.type = GRPC (default)
2023-01-31 11:34:09,553 [Listener at 0.0.0.0/35417] INFO  grpc.GrpcConfigKeys (ConfUtils.java:logFallback(53)) - raft.grpc.admin.host = null (fallback to raft.grpc.server.host)
2023-01-31 11:34:09,555 [Listener at 0.0.0.0/35417] INFO  grpc.GrpcConfigKeys (ConfUtils.java:logFallback(53)) - raft.grpc.admin.port = 9872 (fallback to raft.grpc.server.port)
2023-01-31 11:34:09,555 [Listener at 0.0.0.0/35417] INFO  grpc.GrpcConfigKeys (ConfUtils.java:logFallback(53)) - raft.grpc.client.host = null (fallback to raft.grpc.server.host)
2023-01-31 11:34:09,556 [Listener at 0.0.0.0/35417] INFO  grpc.GrpcConfigKeys (ConfUtils.java:logFallback(53)) - raft.grpc.client.port = 9872 (fallback to raft.grpc.server.port)
2023-01-31 11:34:09,556 [Listener at 0.0.0.0/35417] INFO  grpc.GrpcConfigKeys (ConfUtils.java:logGet(46)) - raft.grpc.server.host = null (default)
2023-01-31 11:34:09,556 [Listener at 0.0.0.0/35417] INFO  grpc.GrpcConfigKeys (ConfUtils.java:logGet(46)) - raft.grpc.server.port = 9872 (custom)
2023-01-31 11:34:09,557 [Listener at 0.0.0.0/35417] INFO  server.GrpcService (ConfUtils.java:logGet(46)) - raft.grpc.message.size.max = 33554432 (custom)
2023-01-31 11:34:09,558 [Listener at 0.0.0.0/35417] INFO  server.RaftServerConfigKeys (ConfUtils.java:logGet(46)) - raft.server.log.appender.buffer.byte-limit = 33554432 (custom)
2023-01-31 11:34:09,558 [Listener at 0.0.0.0/35417] INFO  server.GrpcService (ConfUtils.java:logGet(46)) - raft.grpc.flow.control.window = 1MB (=1048576) (default)
2023-01-31 11:34:09,559 [Listener at 0.0.0.0/35417] INFO  server.RaftServerConfigKeys (ConfUtils.java:logGet(46)) - raft.server.rpc.request.timeout = 3000ms (default)
2023-01-31 11:34:09,570 [Listener at 0.0.0.0/35417] INFO  grpc.GrpcConfigKeys (ConfUtils.java:logGet(46)) - raft.grpc.server.heartbeat.channel = true (default)
2023-01-31 11:34:09,575 [Listener at 0.0.0.0/35417] INFO  grpc.GrpcConfigKeys (ConfUtils.java:logGet(46)) - raft.grpc.server.async.request.thread.pool.cached = true (default)
2023-01-31 11:34:09,577 [Listener at 0.0.0.0/35417] INFO  grpc.GrpcConfigKeys (ConfUtils.java:logGet(46)) - raft.grpc.server.async.request.thread.pool.size = 32 (default)
2023-01-31 11:34:09,773 [Listener at 0.0.0.0/35417] INFO  impl.DataStreamServerImpl (ConfUtils.java:logGet(46)) - raft.datastream.type = NETTY (custom)
2023-01-31 11:34:09,792 [Listener at 0.0.0.0/35417] INFO  server.RaftServerConfigKeys (ConfUtils.java:logGet(46)) - raft.server.data-stream.async.request.thread.pool.cached = false (default)
2023-01-31 11:34:09,793 [Listener at 0.0.0.0/35417] INFO  server.RaftServerConfigKeys (ConfUtils.java:logGet(46)) - raft.server.data-stream.async.request.thread.pool.size = 32 (default)
2023-01-31 11:34:09,794 [Listener at 0.0.0.0/35417] INFO  server.RaftServerConfigKeys (ConfUtils.java:logGet(46)) - raft.server.data-stream.async.write.thread.pool.size = 16 (default)
2023-01-31 11:34:09,795 [Listener at 0.0.0.0/35417] INFO  server.RaftServerConfigKeys (ConfUtils.java:logGet(46)) - raft.server.data-stream.client.pool.size = 10 (default)
2023-01-31 11:34:09,799 [Listener at 0.0.0.0/35417] INFO  netty.NettyConfigKeys$DataStream (ConfUtils.java:logGet(46)) - raft.netty.dataStream.server.use-epoll = false (default)
2023-01-31 11:34:09,801 [Listener at 0.0.0.0/35417] INFO  netty.NettyConfigKeys$DataStream (ConfUtils.java:logGet(46)) - raft.netty.dataStream.server.boss-group.size = 0 (default)
2023-01-31 11:34:09,807 [Listener at 0.0.0.0/35417] INFO  netty.NettyConfigKeys$DataStream (ConfUtils.java:logGet(46)) - raft.netty.dataStream.server.worker-group.size = 0 (default)
2023-01-31 11:34:09,808 [Listener at 0.0.0.0/35417] INFO  netty.NettyConfigKeys$DataStream (ConfUtils.java:logGet(46)) - raft.netty.dataStream.server.tls.conf = null (default)
2023-01-31 11:34:09,809 [Listener at 0.0.0.0/35417] INFO  netty.NettyConfigKeys$DataStream (ConfUtils.java:logGet(46)) - raft.netty.dataStream.host = null (default)
2023-01-31 11:34:09,810 [Listener at 0.0.0.0/35417] INFO  netty.NettyConfigKeys$DataStream (ConfUtils.java:logGet(46)) - raft.netty.dataStream.port = 0 (default)
2023-01-31 11:34:09,848 [Listener at 0.0.0.0/35417] INFO  server.RaftServerConfigKeys (ConfUtils.java:logGet(46)) - raft.server.threadpool.proxy.cached = true (default)
2023-01-31 11:34:09,849 [Listener at 0.0.0.0/35417] INFO  server.RaftServerConfigKeys (ConfUtils.java:logGet(46)) - raft.server.threadpool.proxy.size = 0 (default)
2023-01-31 11:34:09,849 [Listener at 0.0.0.0/35417] INFO  server.RaftServerConfigKeys (ConfUtils.java:logGet(46)) - raft.server.rpc.slowness.timeout = 120s (custom)
2023-01-31 11:34:09,849 [Listener at 0.0.0.0/35417] INFO  server.RaftServerConfigKeys (ConfUtils.java:logGet(46)) - raft.server.leaderelection.leader.step-down.wait-time = 10s (default)
2023-01-31 11:34:09,858 [Listener at 0.0.0.0/35417] INFO  server.RaftServerConfigKeys (ConfUtils.java:logGet(46)) - raft.server.storage.dir = [/home/runner/work/ozone/ozone/hadoop-ozone/integration-test/target/test-dir/MiniOzoneClusterImpl-e7442b91-30ca-4883-b9fa-57f4a6ec4b9c/ozone-meta/ratis] (custom)
2023-01-31 11:34:09,876 [Listener at 0.0.0.0/35417] INFO  server.RaftServer (RaftServerProxy.java:addNew(96)) - om1: addNew group-C5BA1605619E:[om1|rpc:localhost:9872|priority:0|startupRole:FOLLOWER] returns group-C5BA1605619E:java.util.concurrent.CompletableFuture@60ce75d0[Not completed]
2023-01-31 11:34:09,876 [Listener at 0.0.0.0/35417] INFO  om.OzoneManager (OzoneManager.java:initializeRatisServer(2012)) - OzoneManager Ratis server initialized at port 9872
2023-01-31 11:34:09,879 [om1-NettyServerStreamRpc-bossGroup--thread1] INFO  logging.LoggingHandler (AbstractInternalLogger.java:log(148)) - [id: 0xfa557313] REGISTERED
2023-01-31 11:34:09,881 [om1-NettyServerStreamRpc-bossGroup--thread1] INFO  logging.LoggingHandler (AbstractInternalLogger.java:log(148)) - [id: 0xfa557313] BIND: 0.0.0.0/0.0.0.0:0
2023-01-31 11:34:09,888 [om1-NettyServerStreamRpc-bossGroup--thread1] INFO  logging.LoggingHandler (AbstractInternalLogger.java:log(148)) - [id: 0xfa557313, L:/0:0:0:0:0:0:0:0:38327] ACTIVE
2023-01-31 11:34:09,897 [pool-54-thread-1] INFO  server.RaftServer$Division (RaftServerImpl.java:<init>(195)) - om1: new RaftServerImpl for group-C5BA1605619E:[om1|rpc:localhost:9872|priority:0|startupRole:FOLLOWER] with OzoneManagerStateMachine:uninitialized
2023-01-31 11:34:09,902 [Listener at 0.0.0.0/35417] INFO  om.OzoneManager (OzoneManager.java:getRpcServer(1135)) - Creating RPC Server
2023-01-31 11:34:09,899 [pool-54-thread-1] INFO  server.RaftServerConfigKeys (ConfUtils.java:logGet(46)) - raft.server.rpc.timeout.min = 1s (custom)
2023-01-31 11:34:09,903 [pool-54-thread-1] INFO  server.RaftServerConfigKeys (ConfUtils.java:logGet(46)) - raft.server.rpc.timeout.max = 1200ms (custom)
2023-01-31 11:34:09,903 [pool-54-thread-1] INFO  server.RaftServerConfigKeys (ConfUtils.java:logGet(46)) - raft.server.rpc.sleep.time = 25ms (default)
2023-01-31 11:34:09,903 [pool-54-thread-1] INFO  server.RaftServerConfigKeys (ConfUtils.java:logGet(46)) - raft.server.rpc.slowness.timeout = 120s (custom)
2023-01-31 11:34:09,903 [pool-54-thread-1] INFO  server.RaftServerConfigKeys (ConfUtils.java:logGet(46)) - raft.server.leaderelection.leader.step-down.wait-time = 10s (default)
2023-01-31 11:34:09,903 [pool-54-thread-1] INFO  server.RaftServerConfigKeys (ConfUtils.java:logGet(46)) - raft.server.sleep.deviation.threshold = 300ms (default)
2023-01-31 11:34:09,919 [pool-54-thread-1] INFO  server.RaftServer$Division (ServerState.java:<init>(118)) - om1@group-C5BA1605619E: ConfigurationManager, init=-1: peers:[om1|rpc:localhost:9872|priority:0|startupRole:FOLLOWER]|listeners:[], old=null, confs=<EMPTY_MAP>
2023-01-31 11:34:09,919 [pool-54-thread-1] INFO  server.RaftServerConfigKeys (ConfUtils.java:logGet(46)) - raft.server.storage.dir = [/home/runner/work/ozone/ozone/hadoop-ozone/integration-test/target/test-dir/MiniOzoneClusterImpl-e7442b91-30ca-4883-b9fa-57f4a6ec4b9c/ozone-meta/ratis] (custom)
2023-01-31 11:34:09,927 [pool-54-thread-1] INFO  server.RaftServerConfigKeys (ConfUtils.java:logGet(46)) - raft.server.log.corruption.policy = EXCEPTION (default)
2023-01-31 11:34:09,928 [pool-54-thread-1] INFO  server.RaftServerConfigKeys (ConfUtils.java:logGet(46)) - raft.server.storage.free-space.min = 0MB (=0) (default)
2023-01-31 11:34:09,934 [pool-54-thread-1] INFO  server.RaftServerConfigKeys (ConfUtils.java:logGet(46)) - raft.server.notification.no-leader.timeout = 120s (custom)
2023-01-31 11:34:09,937 [pool-54-thread-1] INFO  server.RaftServerConfigKeys (ConfUtils.java:logGet(46)) - raft.server.retrycache.expirytime = 300s (custom)
2023-01-31 11:34:09,937 [pool-54-thread-1] INFO  server.RaftServerConfigKeys (ConfUtils.java:logGet(46)) - raft.server.retrycache.statistics.expirytime = 100μs (default)
2023-01-31 11:34:10,012 [pool-54-thread-1] INFO  server.RaftServerConfigKeys (ConfUtils.java:logGet(46)) - raft.server.log.appender.install.snapshot.enabled = false (custom)
2023-01-31 11:34:10,012 [pool-54-thread-1] INFO  server.RaftServerConfigKeys (ConfUtils.java:logGet(46)) - raft.server.threadpool.server.cached = true (default)
2023-01-31 11:34:10,014 [pool-54-thread-1] INFO  server.RaftServerConfigKeys (ConfUtils.java:logGet(46)) - raft.server.threadpool.server.size = 0 (default)
2023-01-31 11:34:10,014 [pool-54-thread-1] INFO  server.RaftServerConfigKeys (ConfUtils.java:logGet(46)) - raft.server.threadpool.client.cached = true (default)
2023-01-31 11:34:10,014 [pool-54-thread-1] INFO  server.RaftServerConfigKeys (ConfUtils.java:logGet(46)) - raft.server.threadpool.client.size = 0 (default)
2023-01-31 11:34:10,516 [Listener at 0.0.0.0/35417] INFO  reflections.Reflections (Reflections.java:scan(232)) - Reflections took 549 ms to scan 19 urls, producing 67 keys and 4594 values [using 2 cores]
2023-01-31 11:34:10,823 [Listener at 0.0.0.0/35417] INFO  ipc.CallQueueManager (CallQueueManager.java:<init>(90)) - Using callQueue: class java.util.concurrent.LinkedBlockingQueue, queueCapacity: 2000, scheduler: class org.apache.hadoop.ipc.DefaultRpcScheduler, ipcBackoff: false.
2023-01-31 11:34:10,824 [Socket Reader #1 for port 0] INFO  ipc.Server (Server.java:run(1273)) - Starting Socket Reader #1 for port 0
2023-01-31 11:34:10,852 [Listener at 127.0.0.1/43645] INFO  impl.MetricsSystemImpl (MetricsSystemImpl.java:init(158)) - OzoneManager metrics system started (again)
2023-01-31 11:34:10,864 [Listener at 127.0.0.1/43645] INFO  om.OzoneManager (OzoneManager.java:start(1519)) - OzoneManager RPC server is listening at localhost/127.0.0.1:43645
2023-01-31 11:34:10,865 [Listener at 127.0.0.1/43645] INFO  ratis.OzoneManagerRatisServer (OzoneManagerRatisServer.java:start(555)) - Starting OzoneManagerRatisServer om1 at port 9872
2023-01-31 11:34:10,867 [om1-impl-thread1] INFO  storage.RaftStorageDirectory (RaftStorageDirectoryImpl.java:analyzeStorage(137)) - The storage directory /home/runner/work/ozone/ozone/hadoop-ozone/integration-test/target/test-dir/MiniOzoneClusterImpl-e7442b91-30ca-4883-b9fa-57f4a6ec4b9c/ozone-meta/ratis/bf265839-605b-3f16-9796-c5ba1605619e does not exist. Creating ...
2023-01-31 11:34:10,871 [om1-impl-thread1] INFO  storage.RaftStorageDirectory (RaftStorageDirectoryImpl.java:tryLock(231)) - Lock on /home/runner/work/ozone/ozone/hadoop-ozone/integration-test/target/test-dir/MiniOzoneClusterImpl-e7442b91-30ca-4883-b9fa-57f4a6ec4b9c/ozone-meta/ratis/bf265839-605b-3f16-9796-c5ba1605619e/in_use.lock acquired by nodename 34275@fv-az47-440
2023-01-31 11:34:10,875 [om1-impl-thread1] INFO  storage.RaftStorage (RaftStorageImpl.java:format(96)) - Storage directory /home/runner/work/ozone/ozone/hadoop-ozone/integration-test/target/test-dir/MiniOzoneClusterImpl-e7442b91-30ca-4883-b9fa-57f4a6ec4b9c/ozone-meta/ratis/bf265839-605b-3f16-9796-c5ba1605619e has been successfully formatted.
2023-01-31 11:34:10,877 [om1-impl-thread1] INFO  server.RaftServerConfigKeys (ConfUtils.java:logGet(46)) - raft.server.log.use.memory = false (default)
2023-01-31 11:34:10,884 [om1-impl-thread1] INFO  server.RaftServerConfigKeys (ConfUtils.java:logGet(46)) - raft.server.log.purge.gap = 1000000 (custom)
2023-01-31 11:34:10,884 [om1-impl-thread1] INFO  server.RaftServerConfigKeys (ConfUtils.java:logGet(46)) - raft.server.log.appender.buffer.byte-limit = 33554432 (custom)
2023-01-31 11:34:10,885 [om1-impl-thread1] INFO  server.RaftServerConfigKeys (ConfUtils.java:logGet(46)) - raft.server.log.statemachine.data.read.timeout = 1000ms (default)
2023-01-31 11:34:10,886 [om1-impl-thread1] INFO  server.RaftServerConfigKeys (ConfUtils.java:logGet(46)) - raft.server.log.purge.preservation.log.num = 0 (default)
2023-01-31 11:34:10,888 [om1-impl-thread1] INFO  server.RaftServerConfigKeys (ConfUtils.java:logGet(46)) - raft.server.log.segment.size.max = 4194304 (custom)
2023-01-31 11:34:10,893 [om1-impl-thread1] INFO  server.RaftServerConfigKeys (ConfUtils.java:logGet(46)) - raft.server.log.segment.cache.num.max = 2 (custom)
2023-01-31 11:34:10,893 [om1-impl-thread1] INFO  server.RaftServerConfigKeys (ConfUtils.java:logGet(46)) - raft.server.log.segment.cache.size.max = 200MB (=209715200) (default)
2023-01-31 11:34:10,899 [om1-impl-thread1] INFO  segmented.SegmentedRaftLogWorker (SegmentedRaftLogWorker.java:<init>(189)) - new om1@group-C5BA1605619E-SegmentedRaftLogWorker for RaftStorageImpl:Storage Directory /home/runner/work/ozone/ozone/hadoop-ozone/integration-test/target/test-dir/MiniOzoneClusterImpl-e7442b91-30ca-4883-b9fa-57f4a6ec4b9c/ozone-meta/ratis/bf265839-605b-3f16-9796-c5ba1605619e
2023-01-31 11:34:10,899 [om1-impl-thread1] INFO  server.RaftServerConfigKeys (ConfUtils.java:logGet(46)) - raft.server.log.queue.byte-limit = 64MB (=67108864) (default)
2023-01-31 11:34:10,899 [om1-impl-thread1] INFO  server.RaftServerConfigKeys (ConfUtils.java:logGet(46)) - raft.server.log.queue.element-limit = 4096 (default)
2023-01-31 11:34:10,900 [om1-impl-thread1] INFO  server.RaftServerConfigKeys (ConfUtils.java:logGet(46)) - raft.server.log.segment.size.max = 4194304 (custom)
2023-01-31 11:34:10,900 [om1-impl-thread1] INFO  server.RaftServerConfigKeys (ConfUtils.java:logGet(46)) - raft.server.log.preallocated.size = 4194304 (custom)
2023-01-31 11:34:10,901 [om1-impl-thread1] INFO  server.RaftServerConfigKeys (ConfUtils.java:logGet(46)) - raft.server.log.force.sync.num = 128 (default)
2023-01-31 11:34:10,901 [om1-impl-thread1] INFO  server.RaftServerConfigKeys (ConfUtils.java:logGet(46)) - raft.server.log.statemachine.data.sync = true (default)
2023-01-31 11:34:10,902 [om1-impl-thread1] INFO  server.RaftServerConfigKeys (ConfUtils.java:logGet(46)) - raft.server.log.statemachine.data.sync.timeout = 10s (default)
2023-01-31 11:34:10,902 [om1-impl-thread1] INFO  server.RaftServerConfigKeys (ConfUtils.java:logGet(46)) - raft.server.log.statemachine.data.sync.timeout.retry = -1 (default)
2023-01-31 11:34:10,909 [om1-impl-thread1] INFO  server.RaftServerConfigKeys (ConfUtils.java:logGet(46)) - raft.server.log.write.buffer.size = 64KB (=65536) (default)
2023-01-31 11:34:10,909 [om1-impl-thread1] INFO  server.RaftServerConfigKeys (ConfUtils.java:logGet(46)) - raft.server.log.appender.buffer.byte-limit = 33554432 (custom)
2023-01-31 11:34:10,912 [om1-impl-thread1] INFO  server.RaftServerConfigKeys (ConfUtils.java:logGet(46)) - raft.server.log.unsafe-flush.enabled = false (default)
2023-01-31 11:34:10,912 [om1-impl-thread1] INFO  server.RaftServerConfigKeys (ConfUtils.java:logGet(46)) - raft.server.log.async-flush.enabled = false (default)
2023-01-31 11:34:10,913 [om1-impl-thread1] INFO  server.RaftServerConfigKeys (ConfUtils.java:logGet(46)) - raft.server.log.statemachine.data.caching.enabled = false (default)
2023-01-31 11:34:10,918 [om1-impl-thread1] INFO  segmented.SegmentedRaftLogWorker (SegmentedRaftLogWorker.java:lambda$new$0(135)) - om1@group-C5BA1605619E-SegmentedRaftLogWorker: flushIndex: setUnconditionally 0 -> -1
2023-01-31 11:34:10,918 [om1-impl-thread1] INFO  segmented.SegmentedRaftLogWorker (SegmentedRaftLogWorker.java:lambda$new$0(135)) - om1@group-C5BA1605619E-SegmentedRaftLogWorker: safeCacheEvictIndex: setUnconditionally 0 -> -1
2023-01-31 11:34:10,919 [om1-impl-thread1] INFO  server.RaftServer$Division (RaftServerImpl.java:start(334)) - om1@group-C5BA1605619E: start as a follower, conf=-1: peers:[om1|rpc:localhost:9872|priority:0|startupRole:FOLLOWER]|listeners:[], old=null
2023-01-31 11:34:10,923 [om1-impl-thread1] INFO  server.RaftServer$Division (RaftServerImpl.java:setRole(321)) - om1@group-C5BA1605619E: changes role from      null to FOLLOWER at term 0 for startAsFollower
2023-01-31 11:34:10,924 [om1-impl-thread1] INFO  impl.RoleInfo (RoleInfo.java:updateAndGet(139)) - om1: start om1@group-C5BA1605619E-FollowerState
2023-01-31 11:34:10,925 [om1-impl-thread1] INFO  util.JmxRegister (JmxRegister.java:tryRegister(44)) - Successfully registered JMX Bean with object name Ratis:service=RaftServer,group=group-C5BA1605619E,id=om1
2023-01-31 11:34:10,927 [om1-impl-thread1] INFO  server.RaftServerConfigKeys (ConfUtils.java:logGet(46)) - raft.server.snapshot.auto.trigger.enabled = true (custom)
2023-01-31 11:34:10,927 [om1-impl-thread1] INFO  server.RaftServerConfigKeys (ConfUtils.java:logGet(46)) - raft.server.snapshot.auto.trigger.threshold = 400000 (default)
2023-01-31 11:34:10,927 [om1-impl-thread1] INFO  server.RaftServerConfigKeys (ConfUtils.java:logGet(46)) - raft.server.snapshot.retention.file.num = -1 (default)
2023-01-31 11:34:10,928 [om1-impl-thread1] INFO  server.RaftServerConfigKeys (ConfUtils.java:logGet(46)) - raft.server.log.purge.upto.snapshot.index = true (custom)
2023-01-31 11:34:10,930 [om1@group-C5BA1605619E-FollowerState] INFO  server.RaftServerConfigKeys (ConfUtils.java:logFallback(53)) - raft.server.rpc.first-election.timeout.min = 1s (fallback to raft.server.rpc.timeout.min)
2023-01-31 11:34:10,930 [om1@group-C5BA1605619E-FollowerState] INFO  server.RaftServerConfigKeys (ConfUtils.java:logFallback(53)) - raft.server.rpc.first-election.timeout.max = 1200ms (fallback to raft.server.rpc.timeout.max)
2023-01-31 11:34:10,931 [Listener at 127.0.0.1/43645] INFO  server.RaftServer (RaftServerProxy.java:startImpl(393)) - om1: start RPC server
2023-01-31 11:34:10,945 [Listener at 127.0.0.1/43645] INFO  server.GrpcService (GrpcService.java:startImpl(262)) - om1: GrpcService started, listening on 9872
2023-01-31 11:34:10,948 [Listener at 127.0.0.1/43645] INFO  om.OzoneManager (OzoneManager.java:start(1535)) - Version File has different layout version (3) than OM DB (null). That is expected if this OM has never been finalized to a newer layout version.
2023-01-31 11:34:10,950 [JvmPauseMonitor0] INFO  util.JvmPauseMonitor (JvmPauseMonitor.java:run(105)) - JvmPauseMonitor-om1: Started
2023-01-31 11:34:10,963 [Listener at 127.0.0.1/43645] INFO  http.BaseHttpServer (BaseHttpServer.java:newHttpServer2BuilderForOzone(213)) - Starting Web-server for ozoneManager at: http://0.0.0.0:0
2023-01-31 11:34:10,963 [Listener at 127.0.0.1/43645] INFO  http.BaseHttpServer (BaseHttpServer.java:<init>(108)) - Hadoop Security Enabled: false Ozone Security Enabled: false Ozone HTTP Security Enabled: false 
2023-01-31 11:34:10,965 [Listener at 127.0.0.1/43645] WARN  server.AuthenticationFilter (AuthenticationFilter.java:constructSecretProvider(240)) - Unable to initialize FileSignerSecretProvider, falling back to use random secrets. Reason: Could not read signature secret file: /home/runner/hadoop-http-auth-signature-secret
2023-01-31 11:34:10,971 [Listener at 127.0.0.1/43645] WARN  http.HttpRequestLog (HttpRequestLog.java:getRequestLog(103)) - Jetty request log can only be enabled using Log4j
2023-01-31 11:34:10,972 [Listener at 127.0.0.1/43645] INFO  http.HttpServer2 (HttpServer2.java:addGlobalFilter(1031)) - Added global filter 'safety' (class=org.apache.hadoop.hdds.server.http.HttpServer2$QuotingInputFilter)
2023-01-31 11:34:10,973 [Listener at 127.0.0.1/43645] INFO  http.HttpServer2 (HttpServer2.java:addFilter(1007)) - Added filter static_user_filter (class=org.apache.hadoop.http.lib.StaticUserWebFilter$StaticUserFilter) to context ozoneManager
2023-01-31 11:34:10,973 [Listener at 127.0.0.1/43645] INFO  http.HttpServer2 (HttpServer2.java:addFilter(1015)) - Added filter static_user_filter (class=org.apache.hadoop.http.lib.StaticUserWebFilter$StaticUserFilter) to context logs
2023-01-31 11:34:10,973 [Listener at 127.0.0.1/43645] INFO  http.HttpServer2 (HttpServer2.java:addFilter(1015)) - Added filter static_user_filter (class=org.apache.hadoop.http.lib.StaticUserWebFilter$StaticUserFilter) to context static
2023-01-31 11:34:10,977 [Listener at 127.0.0.1/43645] INFO  http.HttpServer2 (HttpServer2.java:bindListener(1250)) - Jetty bound to port 36225
2023-01-31 11:34:10,977 [Listener at 127.0.0.1/43645] INFO  server.Server (Server.java:doStart(375)) - jetty-9.4.49.v20220914; built: 2022-09-14T01:07:36.601Z; git: 4231a3b2e4cb8548a412a789936d640a97b1aa0a; jvm 1.8.0_352-b08
2023-01-31 11:34:10,983 [Listener at 127.0.0.1/43645] INFO  server.session (DefaultSessionIdManager.java:doStart(334)) - DefaultSessionIdManager workerName=node0
2023-01-31 11:34:10,983 [Listener at 127.0.0.1/43645] INFO  server.session (DefaultSessionIdManager.java:doStart(339)) - No SessionScavenger set, using defaults
2023-01-31 11:34:10,983 [Listener at 127.0.0.1/43645] INFO  server.session (HouseKeeper.java:startScavenging(132)) - node0 Scavenging every 600000ms
2023-01-31 11:34:10,984 [Listener at 127.0.0.1/43645] INFO  handler.ContextHandler (ContextHandler.java:doStart(921)) - Started o.e.j.s.ServletContextHandler@540823d{logs,/logs,file:///home/runner/work/ozone/ozone/hadoop-ozone/integration-test/target/log,AVAILABLE}
2023-01-31 11:34:10,984 [Listener at 127.0.0.1/43645] INFO  handler.ContextHandler (ContextHandler.java:doStart(921)) - Started o.e.j.s.ServletContextHandler@4d2ad535{static,/static,file:///home/runner/work/ozone/ozone/hadoop-ozone/integration-test/target/test-classes/webapps/static,AVAILABLE}
2023-01-31 11:34:10,989 [Listener at 127.0.0.1/43645] INFO  handler.ContextHandler (ContextHandler.java:doStart(921)) - Started o.e.j.w.WebAppContext@1db9adf3{ozoneManager,/,file:///home/runner/work/ozone/ozone/hadoop-ozone/integration-test/target/test-classes/webapps/ozoneManager/,AVAILABLE}{file:/home/runner/work/ozone/ozone/hadoop-ozone/integration-test/target/test-classes/webapps/ozoneManager}
2023-01-31 11:34:10,990 [Listener at 127.0.0.1/43645] INFO  server.AbstractConnector (AbstractConnector.java:doStart(333)) - Started ServerConnector@2fa0e7a8{HTTP/1.1, (http/1.1)}{0.0.0.0:36225}
2023-01-31 11:34:10,991 [Listener at 127.0.0.1/43645] INFO  server.Server (Server.java:doStart(415)) - Started @6617ms
2023-01-31 11:34:10,991 [Listener at 127.0.0.1/43645] WARN  impl.MetricsSystemImpl (MetricsSystemImpl.java:register(279)) - Sink prometheus already exists!
2023-01-31 11:34:10,992 [Listener at 127.0.0.1/43645] INFO  http.BaseHttpServer (BaseHttpServer.java:updateConnectorAddress(333)) - HTTP server of ozoneManager listening at http://0.0.0.0:36225
2023-01-31 11:34:10,992 [IPC Server Responder] INFO  ipc.Server (Server.java:run(1512)) - IPC Server Responder: starting
2023-01-31 11:34:10,995 [IPC Server listener on 0] INFO  ipc.Server (Server.java:run(1352)) - IPC Server listener on 0: starting
2023-01-31 11:34:11,000 [Listener at 127.0.0.1/43645] INFO  om.OzoneManager (OzoneManager.java:startTrashEmptier(1956)) - Trash Interval set to 0. Files deleted won't move to trash
2023-01-31 11:34:11,009 [org.apache.hadoop.util.JvmPauseMonitor$Monitor@5d2d5dbd] INFO  util.JvmPauseMonitor (JvmPauseMonitor.java:run(188)) - Starting JVM pause monitor
2023-01-31 11:34:11,127 [Listener at 127.0.0.1/43645] WARN  impl.MetricRegistriesImpl (MetricRegistriesImpl.java:addReporterRegistration(111)) - New reporters are added after registries were created. Some metrics will be missing from the reporter. Please add reporter before adding any new registry.
2023-01-31 11:34:11,127 [Listener at 127.0.0.1/43645] WARN  impl.MetricRegistriesImpl (MetricRegistriesImpl.java:addReporterRegistration(111)) - New reporters are added after registries were created. Some metrics will be missing from the reporter. Please add reporter before adding any new registry.
2023-01-31 11:34:11,127 [Listener at 127.0.0.1/43645] INFO  impl.MetricsSystemImpl (MetricsSystemImpl.java:init(158)) - HddsDatanode metrics system started (again)
2023-01-31 11:34:11,148 [Listener at 127.0.0.1/43645] INFO  ozone.HddsDatanodeService (HddsDatanodeService.java:start(228)) - HddsDatanodeService host:fv-az47-440.mma5zatft5wupo5mzspaixdheh.bx.internal.cloudapp.net ip:10.1.0.34
2023-01-31 11:34:11,172 [Listener at 127.0.0.1/43645] INFO  upgrade.AbstractLayoutVersionManager (AbstractLayoutVersionManager.java:init(83)) - Initializing Layout version manager with metadata layout = DATANODE_SCHEMA_V3 (version = 4), software layout = DATANODE_SCHEMA_V3 (version = 4)
2023-01-31 11:34:11,231 [Listener at 127.0.0.1/43645] INFO  reflections.Reflections (Reflections.java:scan(232)) - Reflections took 55 ms to scan 7 urls, producing 150 keys and 361 values 
2023-01-31 11:34:11,237 [Listener at 127.0.0.1/43645] INFO  statemachine.DatanodeStateMachine (DatanodeStateMachine.java:getEndPointTaskThreadPoolSize(261)) - Datanode State Machine Task Thread Pool size 2
2023-01-31 11:34:11,293 [Listener at 127.0.0.1/43645] INFO  volume.HddsVolume (HddsVolume.java:<init>(117)) - Creating HddsVolume: /home/runner/work/ozone/ozone/hadoop-ozone/integration-test/target/test-dir/MiniOzoneClusterImpl-e7442b91-30ca-4883-b9fa-57f4a6ec4b9c/datanode-0/data-0/containers/hdds of storage type : DISK capacity : 9223372036854775807
2023-01-31 11:34:11,295 [Listener at 127.0.0.1/43645] INFO  volume.MutableVolumeSet (MutableVolumeSet.java:initializeVolumeSet(174)) - Added Volume : /home/runner/work/ozone/ozone/hadoop-ozone/integration-test/target/test-dir/MiniOzoneClusterImpl-e7442b91-30ca-4883-b9fa-57f4a6ec4b9c/datanode-0/data-0/containers/hdds to VolumeSet
2023-01-31 11:34:11,297 [Listener at 127.0.0.1/43645] INFO  volume.ThrottledAsyncChecker (ThrottledAsyncChecker.java:schedule(141)) - Scheduling a check for /home/runner/work/ozone/ozone/hadoop-ozone/integration-test/target/test-dir/MiniOzoneClusterImpl-e7442b91-30ca-4883-b9fa-57f4a6ec4b9c/datanode-0/data-0/containers/hdds
2023-01-31 11:34:11,313 [Listener at 127.0.0.1/43645] INFO  volume.StorageVolumeChecker (StorageVolumeChecker.java:checkAllVolumes(202)) - Scheduled health check for volume /home/runner/work/ozone/ozone/hadoop-ozone/integration-test/target/test-dir/MiniOzoneClusterImpl-e7442b91-30ca-4883-b9fa-57f4a6ec4b9c/datanode-0/data-0/containers/hdds
2023-01-31 11:34:11,332 [Listener at 127.0.0.1/43645] INFO  volume.MutableVolumeSet (MutableVolumeSet.java:initializeVolumeSet(174)) - Added Volume : /home/runner/work/ozone/ozone/hadoop-ozone/integration-test/target/test-dir/MiniOzoneClusterImpl-e7442b91-30ca-4883-b9fa-57f4a6ec4b9c/datanode-0/data/ratis to VolumeSet
2023-01-31 11:34:11,333 [Listener at 127.0.0.1/43645] INFO  volume.ThrottledAsyncChecker (ThrottledAsyncChecker.java:schedule(141)) - Scheduling a check for /home/runner/work/ozone/ozone/hadoop-ozone/integration-test/target/test-dir/MiniOzoneClusterImpl-e7442b91-30ca-4883-b9fa-57f4a6ec4b9c/datanode-0/data/ratis
2023-01-31 11:34:11,333 [Listener at 127.0.0.1/43645] INFO  volume.StorageVolumeChecker (StorageVolumeChecker.java:checkAllVolumes(202)) - Scheduled health check for volume /home/runner/work/ozone/ozone/hadoop-ozone/integration-test/target/test-dir/MiniOzoneClusterImpl-e7442b91-30ca-4883-b9fa-57f4a6ec4b9c/datanode-0/data/ratis
2023-01-31 11:34:11,358 [Thread-136] INFO  ozoneimpl.ContainerReader (ContainerReader.java:readVolume(175)) - Finish verifying containers on volume /home/runner/work/ozone/ozone/hadoop-ozone/integration-test/target/test-dir/MiniOzoneClusterImpl-e7442b91-30ca-4883-b9fa-57f4a6ec4b9c/datanode-0/data-0/containers/hdds
2023-01-31 11:34:11,358 [Listener at 127.0.0.1/43645] INFO  ozoneimpl.OzoneContainer (OzoneContainer.java:buildContainerSet(305)) - Build ContainerSet costs 0s
2023-01-31 11:34:11,419 [Listener at 127.0.0.1/43645] INFO  audit.AuditLogger (AuditLogger.java:refreshDebugCmdSet(126)) - Refresh DebugCmdSet for DNAudit to [].
2023-01-31 11:34:11,448 [Listener at 127.0.0.1/43645] INFO  server.RaftServer (ConfUtils.java:logGet(46)) - raft.rpc.type = GRPC (default)
2023-01-31 11:34:11,449 [Listener at 127.0.0.1/43645] INFO  grpc.GrpcConfigKeys (ConfUtils.java:logFallback(53)) - raft.grpc.admin.host = null (fallback to raft.grpc.server.host)
2023-01-31 11:34:11,449 [Listener at 127.0.0.1/43645] INFO  grpc.GrpcConfigKeys (ConfUtils.java:logGet(46)) - raft.grpc.admin.port = 0 (custom)
2023-01-31 11:34:11,450 [Listener at 127.0.0.1/43645] INFO  grpc.GrpcConfigKeys (ConfUtils.java:logFallback(53)) - raft.grpc.client.host = null (fallback to raft.grpc.server.host)
2023-01-31 11:34:11,455 [Listener at 127.0.0.1/43645] INFO  grpc.GrpcConfigKeys (ConfUtils.java:logGet(46)) - raft.grpc.client.port = 0 (custom)
2023-01-31 11:34:11,455 [Listener at 127.0.0.1/43645] INFO  grpc.GrpcConfigKeys (ConfUtils.java:logGet(46)) - raft.grpc.server.host = null (default)
2023-01-31 11:34:11,455 [Listener at 127.0.0.1/43645] INFO  grpc.GrpcConfigKeys (ConfUtils.java:logGet(46)) - raft.grpc.server.port = 0 (default)
2023-01-31 11:34:11,455 [Listener at 127.0.0.1/43645] INFO  server.GrpcService (ConfUtils.java:logGet(46)) - raft.grpc.message.size.max = 32MB (=33554432) (custom)
2023-01-31 11:34:11,456 [Listener at 127.0.0.1/43645] INFO  server.RaftServerConfigKeys (ConfUtils.java:logGet(46)) - raft.server.log.appender.buffer.byte-limit = 33554432 (custom)
2023-01-31 11:34:11,456 [Listener at 127.0.0.1/43645] INFO  server.GrpcService (ConfUtils.java:logGet(46)) - raft.grpc.flow.control.window = 5MB (=5242880) (custom)
2023-01-31 11:34:11,456 [Listener at 127.0.0.1/43645] INFO  server.RaftServerConfigKeys (ConfUtils.java:logGet(46)) - raft.server.rpc.request.timeout = 60s (custom)
2023-01-31 11:34:11,456 [Listener at 127.0.0.1/43645] INFO  grpc.GrpcConfigKeys (ConfUtils.java:logGet(46)) - raft.grpc.server.heartbeat.channel = true (default)
2023-01-31 11:34:11,457 [Listener at 127.0.0.1/43645] INFO  grpc.GrpcConfigKeys (ConfUtils.java:logGet(46)) - raft.grpc.server.async.request.thread.pool.cached = true (default)
2023-01-31 11:34:11,457 [Listener at 127.0.0.1/43645] INFO  grpc.GrpcConfigKeys (ConfUtils.java:logGet(46)) - raft.grpc.server.async.request.thread.pool.size = 32 (default)
2023-01-31 11:34:11,458 [Listener at 127.0.0.1/43645] INFO  impl.DataStreamServerImpl (ConfUtils.java:logGet(46)) - raft.datastream.type = NETTY (custom)
2023-01-31 11:34:11,459 [Listener at 127.0.0.1/43645] INFO  server.RaftServerConfigKeys (ConfUtils.java:logGet(46)) - raft.server.data-stream.async.request.thread.pool.cached = false (default)
2023-01-31 11:34:11,459 [Listener at 127.0.0.1/43645] INFO  server.RaftServerConfigKeys (ConfUtils.java:logGet(46)) - raft.server.data-stream.async.request.thread.pool.size = 20 (custom)
2023-01-31 11:34:11,459 [Listener at 127.0.0.1/43645] INFO  server.RaftServerConfigKeys (ConfUtils.java:logGet(46)) - raft.server.data-stream.async.write.thread.pool.size = 16 (default)
2023-01-31 11:34:11,459 [Listener at 127.0.0.1/43645] INFO  server.RaftServerConfigKeys (ConfUtils.java:logGet(46)) - raft.server.data-stream.client.pool.size = 10 (default)
2023-01-31 11:34:11,459 [Listener at 127.0.0.1/43645] INFO  netty.NettyConfigKeys$DataStream (ConfUtils.java:logGet(46)) - raft.netty.dataStream.server.use-epoll = false (default)
2023-01-31 11:34:11,459 [Listener at 127.0.0.1/43645] INFO  netty.NettyConfigKeys$DataStream (ConfUtils.java:logGet(46)) - raft.netty.dataStream.server.boss-group.size = 0 (default)
2023-01-31 11:34:11,459 [Listener at 127.0.0.1/43645] INFO  netty.NettyConfigKeys$DataStream (ConfUtils.java:logGet(46)) - raft.netty.dataStream.server.worker-group.size = 0 (default)
2023-01-31 11:34:11,474 [Listener at 127.0.0.1/43645] INFO  netty.NettyConfigKeys$DataStream (ConfUtils.java:logGet(46)) - raft.netty.dataStream.server.tls.conf = null (default)
2023-01-31 11:34:11,475 [Listener at 127.0.0.1/43645] INFO  netty.NettyConfigKeys$DataStream (ConfUtils.java:logGet(46)) - raft.netty.dataStream.host = null (default)
2023-01-31 11:34:11,475 [Listener at 127.0.0.1/43645] INFO  netty.NettyConfigKeys$DataStream (ConfUtils.java:logGet(46)) - raft.netty.dataStream.port = 0 (default)
2023-01-31 11:34:11,475 [Listener at 127.0.0.1/43645] INFO  server.RaftServerConfigKeys (ConfUtils.java:logGet(46)) - raft.server.threadpool.proxy.cached = true (default)
2023-01-31 11:34:11,475 [Listener at 127.0.0.1/43645] INFO  server.RaftServerConfigKeys (ConfUtils.java:logGet(46)) - raft.server.threadpool.proxy.size = 0 (default)
2023-01-31 11:34:11,475 [Listener at 127.0.0.1/43645] INFO  server.RaftServerConfigKeys (ConfUtils.java:logGet(46)) - raft.server.rpc.slowness.timeout = 300s (custom)
2023-01-31 11:34:11,475 [Listener at 127.0.0.1/43645] INFO  server.RaftServerConfigKeys (ConfUtils.java:logGet(46)) - raft.server.leaderelection.leader.step-down.wait-time = 10s (default)
2023-01-31 11:34:11,476 [Listener at 127.0.0.1/43645] INFO  server.RaftServerConfigKeys (ConfUtils.java:logGet(46)) - raft.server.storage.dir = [/home/runner/work/ozone/ozone/hadoop-ozone/integration-test/target/test-dir/MiniOzoneClusterImpl-e7442b91-30ca-4883-b9fa-57f4a6ec4b9c/datanode-0/data/ratis] (custom)
2023-01-31 11:34:11,477 [da03ca31-a8e2-4a02-8a0e-9033bcd0268f-NettyServerStreamRpc-bossGroup--thread1] INFO  logging.LoggingHandler (AbstractInternalLogger.java:log(148)) - [id: 0xe76a5dda] REGISTERED
2023-01-31 11:34:11,477 [da03ca31-a8e2-4a02-8a0e-9033bcd0268f-NettyServerStreamRpc-bossGroup--thread1] INFO  logging.LoggingHandler (AbstractInternalLogger.java:log(148)) - [id: 0xe76a5dda] BIND: 0.0.0.0/0.0.0.0:0
2023-01-31 11:34:11,477 [da03ca31-a8e2-4a02-8a0e-9033bcd0268f-NettyServerStreamRpc-bossGroup--thread1] INFO  logging.LoggingHandler (AbstractInternalLogger.java:log(148)) - [id: 0xe76a5dda, L:/0:0:0:0:0:0:0:0:33639] ACTIVE
2023-01-31 11:34:11,503 [Listener at 127.0.0.1/43645] INFO  server.XceiverServerGrpc (XceiverServerGrpc.java:<init>(132)) - GrpcServer channel type EpollServerSocketChannel
2023-01-31 11:34:11,570 [Listener at 127.0.0.1/43645] INFO  http.BaseHttpServer (BaseHttpServer.java:newHttpServer2BuilderForOzone(213)) - Starting Web-server for hddsDatanode at: http://0.0.0.0:0
2023-01-31 11:34:11,571 [Listener at 127.0.0.1/43645] INFO  http.BaseHttpServer (BaseHttpServer.java:<init>(108)) - Hadoop Security Enabled: false Ozone Security Enabled: false Ozone HTTP Security Enabled: false 
2023-01-31 11:34:11,572 [Listener at 127.0.0.1/43645] WARN  server.AuthenticationFilter (AuthenticationFilter.java:constructSecretProvider(240)) - Unable to initialize FileSignerSecretProvider, falling back to use random secrets. Reason: Could not read signature secret file: /home/runner/hadoop-http-auth-signature-secret
2023-01-31 11:34:11,575 [Listener at 127.0.0.1/43645] WARN  http.HttpRequestLog (HttpRequestLog.java:getRequestLog(103)) - Jetty request log can only be enabled using Log4j
2023-01-31 11:34:11,576 [Listener at 127.0.0.1/43645] INFO  http.HttpServer2 (HttpServer2.java:addGlobalFilter(1031)) - Added global filter 'safety' (class=org.apache.hadoop.hdds.server.http.HttpServer2$QuotingInputFilter)
2023-01-31 11:34:11,578 [Listener at 127.0.0.1/43645] INFO  http.HttpServer2 (HttpServer2.java:addFilter(1007)) - Added filter static_user_filter (class=org.apache.hadoop.http.lib.StaticUserWebFilter$StaticUserFilter) to context hddsDatanode
2023-01-31 11:34:11,578 [Listener at 127.0.0.1/43645] INFO  http.HttpServer2 (HttpServer2.java:addFilter(1015)) - Added filter static_user_filter (class=org.apache.hadoop.http.lib.StaticUserWebFilter$StaticUserFilter) to context static
2023-01-31 11:34:11,578 [Listener at 127.0.0.1/43645] INFO  http.HttpServer2 (HttpServer2.java:addFilter(1015)) - Added filter static_user_filter (class=org.apache.hadoop.http.lib.StaticUserWebFilter$StaticUserFilter) to context logs
2023-01-31 11:34:11,581 [Listener at 127.0.0.1/43645] INFO  http.HttpServer2 (HttpServer2.java:bindListener(1250)) - Jetty bound to port 43043
2023-01-31 11:34:11,581 [Listener at 127.0.0.1/43645] INFO  server.Server (Server.java:doStart(375)) - jetty-9.4.49.v20220914; built: 2022-09-14T01:07:36.601Z; git: 4231a3b2e4cb8548a412a789936d640a97b1aa0a; jvm 1.8.0_352-b08
2023-01-31 11:34:11,587 [Listener at 127.0.0.1/43645] INFO  server.session (DefaultSessionIdManager.java:doStart(334)) - DefaultSessionIdManager workerName=node0
2023-01-31 11:34:11,587 [Listener at 127.0.0.1/43645] INFO  server.session (DefaultSessionIdManager.java:doStart(339)) - No SessionScavenger set, using defaults
2023-01-31 11:34:11,587 [Listener at 127.0.0.1/43645] INFO  server.session (HouseKeeper.java:startScavenging(132)) - node0 Scavenging every 600000ms
2023-01-31 11:34:11,591 [Listener at 127.0.0.1/43645] INFO  handler.ContextHandler (ContextHandler.java:doStart(921)) - Started o.e.j.s.ServletContextHandler@5f98b31{logs,/logs,file:///home/runner/work/ozone/ozone/hadoop-ozone/integration-test/target/log,AVAILABLE}
2023-01-31 11:34:11,591 [Listener at 127.0.0.1/43645] INFO  handler.ContextHandler (ContextHandler.java:doStart(921)) - Started o.e.j.s.ServletContextHandler@5d050d00{static,/static,jar:file:/home/runner/.m2/repository/org/apache/ozone/hdds-container-service/1.4.0-SNAPSHOT/hdds-container-service-1.4.0-SNAPSHOT.jar!/webapps/static,AVAILABLE}
2023-01-31 11:34:11,787 [Listener at 127.0.0.1/43645] INFO  handler.ContextHandler (ContextHandler.java:doStart(921)) - Started o.e.j.w.WebAppContext@5fe11c40{hddsDatanode,/,file:///tmp/jetty-0_0_0_0-43043-hdds-container-service-1_4_0-SNAPSHOT_jar-_-any-3867479387837947353/webapp/,AVAILABLE}{jar:file:/home/runner/.m2/repository/org/apache/ozone/hdds-container-service/1.4.0-SNAPSHOT/hdds-container-service-1.4.0-SNAPSHOT.jar!/webapps/hddsDatanode}
2023-01-31 11:34:11,788 [Listener at 127.0.0.1/43645] INFO  server.AbstractConnector (AbstractConnector.java:doStart(333)) - Started ServerConnector@5964c44e{HTTP/1.1, (http/1.1)}{0.0.0.0:43043}
2023-01-31 11:34:11,788 [Listener at 127.0.0.1/43645] INFO  server.Server (Server.java:doStart(415)) - Started @7415ms
2023-01-31 11:34:11,788 [Listener at 127.0.0.1/43645] WARN  impl.MetricsSystemImpl (MetricsSystemImpl.java:register(279)) - Sink prometheus already exists!
2023-01-31 11:34:11,789 [Listener at 127.0.0.1/43645] INFO  http.BaseHttpServer (BaseHttpServer.java:updateConnectorAddress(333)) - HTTP server of hddsDatanode listening at http://0.0.0.0:43043
2023-01-31 11:34:11,792 [Listener at 127.0.0.1/43645] WARN  impl.MetricRegistriesImpl (MetricRegistriesImpl.java:addReporterRegistration(111)) - New reporters are added after registries were created. Some metrics will be missing from the reporter. Please add reporter before adding any new registry.
2023-01-31 11:34:11,791 [Datanode State Machine Daemon Thread] INFO  statemachine.DatanodeStateMachine (DatanodeStateMachine.java:lambda$startDaemon$0(517)) - Ozone container server started.
2023-01-31 11:34:11,793 [Listener at 127.0.0.1/43645] WARN  impl.MetricRegistriesImpl (MetricRegistriesImpl.java:addReporterRegistration(111)) - New reporters are added after registries were created. Some metrics will be missing from the reporter. Please add reporter before adding any new registry.
2023-01-31 11:34:11,795 [Listener at 127.0.0.1/43645] INFO  impl.MetricsSystemImpl (MetricsSystemImpl.java:init(158)) - HddsDatanode metrics system started (again)
2023-01-31 11:34:11,818 [org.apache.hadoop.util.JvmPauseMonitor$Monitor@2c2c3150] INFO  util.JvmPauseMonitor (JvmPauseMonitor.java:run(188)) - Starting JVM pause monitor
2023-01-31 11:34:11,820 [Listener at 127.0.0.1/43645] INFO  ozone.HddsDatanodeService (HddsDatanodeService.java:start(228)) - HddsDatanodeService host:fv-az47-440.mma5zatft5wupo5mzspaixdheh.bx.internal.cloudapp.net ip:10.1.0.34
2023-01-31 11:34:11,844 [Listener at 127.0.0.1/43645] INFO  upgrade.AbstractLayoutVersionManager (AbstractLayoutVersionManager.java:init(83)) - Initializing Layout version manager with metadata layout = DATANODE_SCHEMA_V3 (version = 4), software layout = DATANODE_SCHEMA_V3 (version = 4)
2023-01-31 11:34:11,909 [Datanode State Machine Task Thread - 0] INFO  datanode.InitDatanodeState (InitDatanodeState.java:persistContainerDatanodeDetails(138)) - DatanodeDetails is persisted to /home/runner/work/ozone/ozone/hadoop-ozone/integration-test/target/test-dir/MiniOzoneClusterImpl-e7442b91-30ca-4883-b9fa-57f4a6ec4b9c/datanode-0/meta/datanode.id
2023-01-31 11:34:11,927 [Listener at 127.0.0.1/43645] INFO  reflections.Reflections (Reflections.java:scan(232)) - Reflections took 82 ms to scan 7 urls, producing 150 keys and 361 values 
2023-01-31 11:34:11,929 [Listener at 127.0.0.1/43645] INFO  statemachine.DatanodeStateMachine (DatanodeStateMachine.java:getEndPointTaskThreadPoolSize(261)) - Datanode State Machine Task Thread Pool size 2
2023-01-31 11:34:11,931 [Listener at 127.0.0.1/43645] INFO  volume.HddsVolume (HddsVolume.java:<init>(117)) - Creating HddsVolume: /home/runner/work/ozone/ozone/hadoop-ozone/integration-test/target/test-dir/MiniOzoneClusterImpl-e7442b91-30ca-4883-b9fa-57f4a6ec4b9c/datanode-1/data-0/containers/hdds of storage type : DISK capacity : 9223372036854775807
2023-01-31 11:34:11,931 [Listener at 127.0.0.1/43645] INFO  volume.MutableVolumeSet (MutableVolumeSet.java:initializeVolumeSet(174)) - Added Volume : /home/runner/work/ozone/ozone/hadoop-ozone/integration-test/target/test-dir/MiniOzoneClusterImpl-e7442b91-30ca-4883-b9fa-57f4a6ec4b9c/datanode-1/data-0/containers/hdds to VolumeSet
2023-01-31 11:34:11,931 [Listener at 127.0.0.1/43645] INFO  volume.ThrottledAsyncChecker (ThrottledAsyncChecker.java:schedule(141)) - Scheduling a check for /home/runner/work/ozone/ozone/hadoop-ozone/integration-test/target/test-dir/MiniOzoneClusterImpl-e7442b91-30ca-4883-b9fa-57f4a6ec4b9c/datanode-1/data-0/containers/hdds
2023-01-31 11:34:11,937 [Listener at 127.0.0.1/43645] INFO  volume.StorageVolumeChecker (StorageVolumeChecker.java:checkAllVolumes(202)) - Scheduled health check for volume /home/runner/work/ozone/ozone/hadoop-ozone/integration-test/target/test-dir/MiniOzoneClusterImpl-e7442b91-30ca-4883-b9fa-57f4a6ec4b9c/datanode-1/data-0/containers/hdds
2023-01-31 11:34:11,947 [om1@group-C5BA1605619E-FollowerState] INFO  impl.FollowerState (FollowerState.java:run(143)) - om1@group-C5BA1605619E-FollowerState: change to CANDIDATE, lastRpcElapsedTime:1023503196ns, electionTimeout:1016ms
2023-01-31 11:34:11,948 [Listener at 127.0.0.1/43645] INFO  volume.MutableVolumeSet (MutableVolumeSet.java:initializeVolumeSet(174)) - Added Volume : /home/runner/work/ozone/ozone/hadoop-ozone/integration-test/target/test-dir/MiniOzoneClusterImpl-e7442b91-30ca-4883-b9fa-57f4a6ec4b9c/datanode-1/data/ratis to VolumeSet
2023-01-31 11:34:11,949 [Listener at 127.0.0.1/43645] INFO  volume.ThrottledAsyncChecker (ThrottledAsyncChecker.java:schedule(141)) - Scheduling a check for /home/runner/work/ozone/ozone/hadoop-ozone/integration-test/target/test-dir/MiniOzoneClusterImpl-e7442b91-30ca-4883-b9fa-57f4a6ec4b9c/datanode-1/data/ratis
2023-01-31 11:34:11,948 [om1@group-C5BA1605619E-FollowerState] INFO  impl.RoleInfo (RoleInfo.java:shutdownFollowerState(110)) - om1: shutdown om1@group-C5BA1605619E-FollowerState
2023-01-31 11:34:11,949 [om1@group-C5BA1605619E-FollowerState] INFO  server.RaftServer$Division (RaftServerImpl.java:setRole(321)) - om1@group-C5BA1605619E: changes role from  FOLLOWER to CANDIDATE at term 0 for changeToCandidate
2023-01-31 11:34:11,949 [Listener at 127.0.0.1/43645] INFO  volume.StorageVolumeChecker (StorageVolumeChecker.java:checkAllVolumes(202)) - Scheduled health check for volume /home/runner/work/ozone/ozone/hadoop-ozone/integration-test/target/test-dir/MiniOzoneClusterImpl-e7442b91-30ca-4883-b9fa-57f4a6ec4b9c/datanode-1/data/ratis
2023-01-31 11:34:11,952 [om1@group-C5BA1605619E-FollowerState] INFO  server.RaftServerConfigKeys (ConfUtils.java:logGet(46)) - raft.server.leaderelection.pre-vote = false (custom)
2023-01-31 11:34:11,952 [om1@group-C5BA1605619E-FollowerState] INFO  impl.RoleInfo (RoleInfo.java:updateAndGet(139)) - om1: start om1@group-C5BA1605619E-LeaderElection1
2023-01-31 11:34:11,961 [om1@group-C5BA1605619E-LeaderElection1] INFO  impl.LeaderElection (LeaderElection.java:askForVotes(312)) - om1@group-C5BA1605619E-LeaderElection1 ELECTION round 0: submit vote requests at term 1 for -1: peers:[om1|rpc:localhost:9872|priority:0|startupRole:FOLLOWER]|listeners:[], old=null
2023-01-31 11:34:11,963 [om1@group-C5BA1605619E-LeaderElection1] INFO  impl.LeaderElection (LeaderElection.java:askForVotes(314)) - om1@group-C5BA1605619E-LeaderElection1 ELECTION round 0: result PASSED (term=1)
2023-01-31 11:34:11,964 [om1@group-C5BA1605619E-LeaderElection1] INFO  impl.RoleInfo (RoleInfo.java:shutdownLeaderElection(130)) - om1: shutdown om1@group-C5BA1605619E-LeaderElection1
2023-01-31 11:34:11,964 [om1@group-C5BA1605619E-LeaderElection1] INFO  server.RaftServer$Division (RaftServerImpl.java:setRole(321)) - om1@group-C5BA1605619E: changes role from CANDIDATE to LEADER at term 1 for changeToLeader
2023-01-31 11:34:11,964 [om1@group-C5BA1605619E-LeaderElection1] INFO  server.RaftServer$Division (ServerState.java:setLeader(313)) - om1@group-C5BA1605619E: change Leader from null to om1 at term 1 for becomeLeader, leader elected after 2030ms
2023-01-31 11:34:11,969 [om1@group-C5BA1605619E-LeaderElection1] INFO  server.RaftServerConfigKeys (ConfUtils.java:logGet(46)) - raft.server.staging.catchup.gap = 1000 (default)
2023-01-31 11:34:11,969 [Thread-151] INFO  ozoneimpl.ContainerReader (ContainerReader.java:readVolume(175)) - Finish verifying containers on volume /home/runner/work/ozone/ozone/hadoop-ozone/integration-test/target/test-dir/MiniOzoneClusterImpl-e7442b91-30ca-4883-b9fa-57f4a6ec4b9c/datanode-1/data-0/containers/hdds
2023-01-31 11:34:11,970 [Listener at 127.0.0.1/43645] INFO  ozoneimpl.OzoneContainer (OzoneContainer.java:buildContainerSet(305)) - Build ContainerSet costs 0s
2023-01-31 11:34:11,974 [Listener at 127.0.0.1/43645] INFO  server.RaftServer (ConfUtils.java:logGet(46)) - raft.rpc.type = GRPC (default)
2023-01-31 11:34:11,974 [Listener at 127.0.0.1/43645] INFO  grpc.GrpcConfigKeys (ConfUtils.java:logFallback(53)) - raft.grpc.admin.host = null (fallback to raft.grpc.server.host)
2023-01-31 11:34:11,974 [Listener at 127.0.0.1/43645] INFO  grpc.GrpcConfigKeys (ConfUtils.java:logGet(46)) - raft.grpc.admin.port = 0 (custom)
2023-01-31 11:34:11,974 [Listener at 127.0.0.1/43645] INFO  grpc.GrpcConfigKeys (ConfUtils.java:logFallback(53)) - raft.grpc.client.host = null (fallback to raft.grpc.server.host)
2023-01-31 11:34:11,974 [Listener at 127.0.0.1/43645] INFO  grpc.GrpcConfigKeys (ConfUtils.java:logGet(46)) - raft.grpc.client.port = 0 (custom)
2023-01-31 11:34:11,974 [Listener at 127.0.0.1/43645] INFO  grpc.GrpcConfigKeys (ConfUtils.java:logGet(46)) - raft.grpc.server.host = null (default)
2023-01-31 11:34:11,974 [Listener at 127.0.0.1/43645] INFO  grpc.GrpcConfigKeys (ConfUtils.java:logGet(46)) - raft.grpc.server.port = 0 (default)
2023-01-31 11:34:11,974 [Listener at 127.0.0.1/43645] INFO  server.GrpcService (ConfUtils.java:logGet(46)) - raft.grpc.message.size.max = 32MB (=33554432) (custom)
2023-01-31 11:34:11,975 [Listener at 127.0.0.1/43645] INFO  server.RaftServerConfigKeys (ConfUtils.java:logGet(46)) - raft.server.log.appender.buffer.byte-limit = 33554432 (custom)
2023-01-31 11:34:11,975 [Listener at 127.0.0.1/43645] INFO  server.GrpcService (ConfUtils.java:logGet(46)) - raft.grpc.flow.control.window = 5MB (=5242880) (custom)
2023-01-31 11:34:11,975 [Listener at 127.0.0.1/43645] INFO  server.RaftServerConfigKeys (ConfUtils.java:logGet(46)) - raft.server.rpc.request.timeout = 60s (custom)
2023-01-31 11:34:11,975 [Listener at 127.0.0.1/43645] INFO  grpc.GrpcConfigKeys (ConfUtils.java:logGet(46)) - raft.grpc.server.heartbeat.channel = true (default)
2023-01-31 11:34:11,975 [Listener at 127.0.0.1/43645] INFO  grpc.GrpcConfigKeys (ConfUtils.java:logGet(46)) - raft.grpc.server.async.request.thread.pool.cached = true (default)
2023-01-31 11:34:11,975 [Listener at 127.0.0.1/43645] INFO  grpc.GrpcConfigKeys (ConfUtils.java:logGet(46)) - raft.grpc.server.async.request.thread.pool.size = 32 (default)
2023-01-31 11:34:11,976 [Listener at 127.0.0.1/43645] INFO  impl.DataStreamServerImpl (ConfUtils.java:logGet(46)) - raft.datastream.type = NETTY (custom)
2023-01-31 11:34:11,977 [Listener at 127.0.0.1/43645] INFO  server.RaftServerConfigKeys (ConfUtils.java:logGet(46)) - raft.server.data-stream.async.request.thread.pool.cached = false (default)
2023-01-31 11:34:11,977 [Listener at 127.0.0.1/43645] INFO  server.RaftServerConfigKeys (ConfUtils.java:logGet(46)) - raft.server.data-stream.async.request.thread.pool.size = 20 (custom)
2023-01-31 11:34:11,977 [Listener at 127.0.0.1/43645] INFO  server.RaftServerConfigKeys (ConfUtils.java:logGet(46)) - raft.server.data-stream.async.write.thread.pool.size = 16 (default)
2023-01-31 11:34:11,977 [Listener at 127.0.0.1/43645] INFO  server.RaftServerConfigKeys (ConfUtils.java:logGet(46)) - raft.server.data-stream.client.pool.size = 10 (default)
2023-01-31 11:34:11,977 [Listener at 127.0.0.1/43645] INFO  netty.NettyConfigKeys$DataStream (ConfUtils.java:logGet(46)) - raft.netty.dataStream.server.use-epoll = false (default)
2023-01-31 11:34:11,977 [Listener at 127.0.0.1/43645] INFO  netty.NettyConfigKeys$DataStream (ConfUtils.java:logGet(46)) - raft.netty.dataStream.server.boss-group.size = 0 (default)
2023-01-31 11:34:11,977 [Listener at 127.0.0.1/43645] INFO  netty.NettyConfigKeys$DataStream (ConfUtils.java:logGet(46)) - raft.netty.dataStream.server.worker-group.size = 0 (default)
2023-01-31 11:34:11,978 [Listener at 127.0.0.1/43645] INFO  netty.NettyConfigKeys$DataStream (ConfUtils.java:logGet(46)) - raft.netty.dataStream.server.tls.conf = null (default)
2023-01-31 11:34:11,978 [Listener at 127.0.0.1/43645] INFO  netty.NettyConfigKeys$DataStream (ConfUtils.java:logGet(46)) - raft.netty.dataStream.host = null (default)
2023-01-31 11:34:11,978 [Listener at 127.0.0.1/43645] INFO  netty.NettyConfigKeys$DataStream (ConfUtils.java:logGet(46)) - raft.netty.dataStream.port = 0 (default)
2023-01-31 11:34:11,979 [Listener at 127.0.0.1/43645] INFO  server.RaftServerConfigKeys (ConfUtils.java:logGet(46)) - raft.server.threadpool.proxy.cached = true (default)
2023-01-31 11:34:11,979 [Listener at 127.0.0.1/43645] INFO  server.RaftServerConfigKeys (ConfUtils.java:logGet(46)) - raft.server.threadpool.proxy.size = 0 (default)
2023-01-31 11:34:11,980 [Listener at 127.0.0.1/43645] INFO  server.RaftServerConfigKeys (ConfUtils.java:logGet(46)) - raft.server.rpc.slowness.timeout = 300s (custom)
2023-01-31 11:34:11,980 [Listener at 127.0.0.1/43645] INFO  server.RaftServerConfigKeys (ConfUtils.java:logGet(46)) - raft.server.leaderelection.leader.step-down.wait-time = 10s (default)
2023-01-31 11:34:11,980 [Listener at 127.0.0.1/43645] INFO  server.RaftServerConfigKeys (ConfUtils.java:logGet(46)) - raft.server.storage.dir = [/home/runner/work/ozone/ozone/hadoop-ozone/integration-test/target/test-dir/MiniOzoneClusterImpl-e7442b91-30ca-4883-b9fa-57f4a6ec4b9c/datanode-1/data/ratis] (custom)
2023-01-31 11:34:11,984 [om1@group-C5BA1605619E-LeaderElection1] INFO  server.RaftServerConfigKeys (ConfUtils.java:logGet(46)) - raft.server.write.element-limit = 4096 (default)
2023-01-31 11:34:11,984 [om1@group-C5BA1605619E-LeaderElection1] INFO  server.RaftServerConfigKeys (ConfUtils.java:logGet(46)) - raft.server.write.byte-limit = 64MB (=67108864) (default)
2023-01-31 11:34:11,987 [e9250560-f63f-4845-b91b-4ee2b5e52a1e-NettyServerStreamRpc-bossGroup--thread1] INFO  logging.LoggingHandler (AbstractInternalLogger.java:log(148)) - [id: 0x5f61c026] REGISTERED
2023-01-31 11:34:11,987 [e9250560-f63f-4845-b91b-4ee2b5e52a1e-NettyServerStreamRpc-bossGroup--thread1] INFO  logging.LoggingHandler (AbstractInternalLogger.java:log(148)) - [id: 0x5f61c026] BIND: 0.0.0.0/0.0.0.0:0
2023-01-31 11:34:11,987 [e9250560-f63f-4845-b91b-4ee2b5e52a1e-NettyServerStreamRpc-bossGroup--thread1] INFO  logging.LoggingHandler (AbstractInternalLogger.java:log(148)) - [id: 0x5f61c026, L:/0:0:0:0:0:0:0:0:39341] ACTIVE
2023-01-31 11:34:11,989 [om1@group-C5BA1605619E-LeaderElection1] INFO  server.RaftServerConfigKeys (ConfUtils.java:logGet(46)) - raft.server.watch.timeout = 10s (default)
2023-01-31 11:34:11,989 [om1@group-C5BA1605619E-LeaderElection1] INFO  server.RaftServerConfigKeys (ConfUtils.java:logGet(46)) - raft.server.watch.timeout.denomination = 1s (default)
2023-01-31 11:34:11,990 [om1@group-C5BA1605619E-LeaderElection1] INFO  server.RaftServerConfigKeys (ConfUtils.java:logGet(46)) - raft.server.watch.element-limit = 65536 (default)
2023-01-31 11:34:11,994 [om1@group-C5BA1605619E-LeaderElection1] INFO  server.RaftServerConfigKeys (ConfUtils.java:logGet(46)) - raft.server.write.element-limit = 4096 (default)
2023-01-31 11:34:11,996 [Listener at 127.0.0.1/43645] INFO  server.XceiverServerGrpc (XceiverServerGrpc.java:<init>(132)) - GrpcServer channel type EpollServerSocketChannel
2023-01-31 11:34:12,000 [Listener at 127.0.0.1/43645] INFO  http.BaseHttpServer (BaseHttpServer.java:newHttpServer2BuilderForOzone(213)) - Starting Web-server for hddsDatanode at: http://0.0.0.0:0
2023-01-31 11:34:12,000 [Listener at 127.0.0.1/43645] INFO  http.BaseHttpServer (BaseHttpServer.java:<init>(108)) - Hadoop Security Enabled: false Ozone Security Enabled: false Ozone HTTP Security Enabled: false 
2023-01-31 11:34:12,001 [Listener at 127.0.0.1/43645] WARN  server.AuthenticationFilter (AuthenticationFilter.java:constructSecretProvider(240)) - Unable to initialize FileSignerSecretProvider, falling back to use random secrets. Reason: Could not read signature secret file: /home/runner/hadoop-http-auth-signature-secret
2023-01-31 11:34:12,002 [om1@group-C5BA1605619E-LeaderElection1] INFO  server.RaftServerConfigKeys (ConfUtils.java:logGet(46)) - raft.server.write.follower.gap.ratio.max = -1.0 (default)
2023-01-31 11:34:12,004 [om1@group-C5BA1605619E-LeaderElection1] INFO  impl.RoleInfo (RoleInfo.java:updateAndGet(139)) - om1: start om1@group-C5BA1605619E-LeaderStateImpl
2023-01-31 11:34:12,006 [Listener at 127.0.0.1/43645] WARN  http.HttpRequestLog (HttpRequestLog.java:getRequestLog(103)) - Jetty request log can only be enabled using Log4j
2023-01-31 11:34:12,008 [Listener at 127.0.0.1/43645] INFO  http.HttpServer2 (HttpServer2.java:addGlobalFilter(1031)) - Added global filter 'safety' (class=org.apache.hadoop.hdds.server.http.HttpServer2$QuotingInputFilter)
2023-01-31 11:34:12,008 [Listener at 127.0.0.1/43645] INFO  http.HttpServer2 (HttpServer2.java:addFilter(1007)) - Added filter static_user_filter (class=org.apache.hadoop.http.lib.StaticUserWebFilter$StaticUserFilter) to context hddsDatanode
2023-01-31 11:34:12,009 [Listener at 127.0.0.1/43645] INFO  http.HttpServer2 (HttpServer2.java:addFilter(1015)) - Added filter static_user_filter (class=org.apache.hadoop.http.lib.StaticUserWebFilter$StaticUserFilter) to context static
2023-01-31 11:34:12,009 [Listener at 127.0.0.1/43645] INFO  http.HttpServer2 (HttpServer2.java:addFilter(1015)) - Added filter static_user_filter (class=org.apache.hadoop.http.lib.StaticUserWebFilter$StaticUserFilter) to context logs
2023-01-31 11:34:12,009 [Listener at 127.0.0.1/43645] INFO  http.HttpServer2 (HttpServer2.java:bindListener(1250)) - Jetty bound to port 44405
2023-01-31 11:34:12,009 [Listener at 127.0.0.1/43645] INFO  server.Server (Server.java:doStart(375)) - jetty-9.4.49.v20220914; built: 2022-09-14T01:07:36.601Z; git: 4231a3b2e4cb8548a412a789936d640a97b1aa0a; jvm 1.8.0_352-b08
2023-01-31 11:34:12,056 [Listener at 127.0.0.1/43645] INFO  server.session (DefaultSessionIdManager.java:doStart(334)) - DefaultSessionIdManager workerName=node0
2023-01-31 11:34:12,056 [Listener at 127.0.0.1/43645] INFO  server.session (DefaultSessionIdManager.java:doStart(339)) - No SessionScavenger set, using defaults
2023-01-31 11:34:12,056 [Listener at 127.0.0.1/43645] INFO  server.session (HouseKeeper.java:startScavenging(132)) - node0 Scavenging every 660000ms
2023-01-31 11:34:12,057 [Listener at 127.0.0.1/43645] INFO  handler.ContextHandler (ContextHandler.java:doStart(921)) - Started o.e.j.s.ServletContextHandler@32c26e28{logs,/logs,file:///home/runner/work/ozone/ozone/hadoop-ozone/integration-test/target/log,AVAILABLE}
2023-01-31 11:34:12,057 [Listener at 127.0.0.1/43645] INFO  handler.ContextHandler (ContextHandler.java:doStart(921)) - Started o.e.j.s.ServletContextHandler@4f5a0b3d{static,/static,jar:file:/home/runner/.m2/repository/org/apache/ozone/hdds-container-service/1.4.0-SNAPSHOT/hdds-container-service-1.4.0-SNAPSHOT.jar!/webapps/static,AVAILABLE}
2023-01-31 11:34:12,065 [om1@group-C5BA1605619E-LeaderElection1] INFO  segmented.SegmentedRaftLogWorker (SegmentedRaftLogWorker.java:startLogSegment(452)) - om1@group-C5BA1605619E-SegmentedRaftLogWorker: Starting segment from index:0
2023-01-31 11:34:12,125 [om1@group-C5BA1605619E-LeaderElection1] INFO  server.RaftServer$Division (ServerState.java:setRaftConf(430)) - om1@group-C5BA1605619E: set configuration 0: peers:[om1|rpc:localhost:9872|admin:|client:|dataStream:|priority:0|startupRole:FOLLOWER]|listeners:[], old=null
2023-01-31 11:34:12,260 [om1@group-C5BA1605619E-SegmentedRaftLogWorker] INFO  segmented.SegmentedRaftLogWorker (SegmentedRaftLogWorker.java:execute(656)) - om1@group-C5BA1605619E-SegmentedRaftLogWorker: created new log segment /home/runner/work/ozone/ozone/hadoop-ozone/integration-test/target/test-dir/MiniOzoneClusterImpl-e7442b91-30ca-4883-b9fa-57f4a6ec4b9c/ozone-meta/ratis/bf265839-605b-3f16-9796-c5ba1605619e/current/log_inprogress_0
2023-01-31 11:34:12,352 [Listener at 127.0.0.1/43645] INFO  handler.ContextHandler (ContextHandler.java:doStart(921)) - Started o.e.j.w.WebAppContext@338b9bbf{hddsDatanode,/,file:///tmp/jetty-0_0_0_0-44405-hdds-container-service-1_4_0-SNAPSHOT_jar-_-any-3547313196276095442/webapp/,AVAILABLE}{jar:file:/home/runner/.m2/repository/org/apache/ozone/hdds-container-service/1.4.0-SNAPSHOT/hdds-container-service-1.4.0-SNAPSHOT.jar!/webapps/hddsDatanode}
2023-01-31 11:34:12,354 [Listener at 127.0.0.1/43645] INFO  server.AbstractConnector (AbstractConnector.java:doStart(333)) - Started ServerConnector@4b5b2400{HTTP/1.1, (http/1.1)}{0.0.0.0:44405}
2023-01-31 11:34:12,355 [Listener at 127.0.0.1/43645] INFO  server.Server (Server.java:doStart(415)) - Started @7982ms
2023-01-31 11:34:12,355 [Listener at 127.0.0.1/43645] WARN  impl.MetricsSystemImpl (MetricsSystemImpl.java:register(279)) - Sink prometheus already exists!
2023-01-31 11:34:12,356 [Listener at 127.0.0.1/43645] INFO  http.BaseHttpServer (BaseHttpServer.java:updateConnectorAddress(333)) - HTTP server of hddsDatanode listening at http://0.0.0.0:44405
2023-01-31 11:34:12,365 [Listener at 127.0.0.1/43645] WARN  impl.MetricRegistriesImpl (MetricRegistriesImpl.java:addReporterRegistration(111)) - New reporters are added after registries were created. Some metrics will be missing from the reporter. Please add reporter before adding any new registry.
2023-01-31 11:34:12,365 [Listener at 127.0.0.1/43645] WARN  impl.MetricRegistriesImpl (MetricRegistriesImpl.java:addReporterRegistration(111)) - New reporters are added after registries were created. Some metrics will be missing from the reporter. Please add reporter before adding any new registry.
2023-01-31 11:34:12,365 [Listener at 127.0.0.1/43645] INFO  impl.MetricsSystemImpl (MetricsSystemImpl.java:init(158)) - HddsDatanode metrics system started (again)
2023-01-31 11:34:12,366 [Datanode State Machine Daemon Thread] INFO  statemachine.DatanodeStateMachine (DatanodeStateMachine.java:lambda$startDaemon$0(517)) - Ozone container server started.
2023-01-31 11:34:12,377 [Listener at 127.0.0.1/43645] INFO  ozone.HddsDatanodeService (HddsDatanodeService.java:start(228)) - HddsDatanodeService host:fv-az47-440.mma5zatft5wupo5mzspaixdheh.bx.internal.cloudapp.net ip:10.1.0.34
2023-01-31 11:34:12,391 [org.apache.hadoop.util.JvmPauseMonitor$Monitor@1e3d973c] INFO  util.JvmPauseMonitor (JvmPauseMonitor.java:run(188)) - Starting JVM pause monitor
2023-01-31 11:34:12,405 [Listener at 127.0.0.1/43645] INFO  upgrade.AbstractLayoutVersionManager (AbstractLayoutVersionManager.java:init(83)) - Initializing Layout version manager with metadata layout = DATANODE_SCHEMA_V3 (version = 4), software layout = DATANODE_SCHEMA_V3 (version = 4)
2023-01-31 11:34:12,423 [Datanode State Machine Task Thread - 0] INFO  datanode.InitDatanodeState (InitDatanodeState.java:persistContainerDatanodeDetails(138)) - DatanodeDetails is persisted to /home/runner/work/ozone/ozone/hadoop-ozone/integration-test/target/test-dir/MiniOzoneClusterImpl-e7442b91-30ca-4883-b9fa-57f4a6ec4b9c/datanode-1/meta/datanode.id
2023-01-31 11:34:12,430 [om1@group-C5BA1605619E-StateMachineUpdater] INFO  ratis.OzoneManagerStateMachine (OzoneManagerStateMachine.java:notifyConfigurationChanged(192)) - Received Configuration change notification from Ratis. New Peer list:
[id: "om1"
address: "localhost:9872"
startupRole: FOLLOWER
]
2023-01-31 11:34:12,466 [Listener at 127.0.0.1/43645] INFO  reflections.Reflections (Reflections.java:scan(232)) - Reflections took 60 ms to scan 7 urls, producing 150 keys and 361 values 
2023-01-31 11:34:12,468 [Listener at 127.0.0.1/43645] INFO  statemachine.DatanodeStateMachine (DatanodeStateMachine.java:getEndPointTaskThreadPoolSize(261)) - Datanode State Machine Task Thread Pool size 2
2023-01-31 11:34:12,470 [Listener at 127.0.0.1/43645] INFO  volume.HddsVolume (HddsVolume.java:<init>(117)) - Creating HddsVolume: /home/runner/work/ozone/ozone/hadoop-ozone/integration-test/target/test-dir/MiniOzoneClusterImpl-e7442b91-30ca-4883-b9fa-57f4a6ec4b9c/datanode-2/data-0/containers/hdds of storage type : DISK capacity : 9223372036854775807
2023-01-31 11:34:12,470 [Listener at 127.0.0.1/43645] INFO  volume.MutableVolumeSet (MutableVolumeSet.java:initializeVolumeSet(174)) - Added Volume : /home/runner/work/ozone/ozone/hadoop-ozone/integration-test/target/test-dir/MiniOzoneClusterImpl-e7442b91-30ca-4883-b9fa-57f4a6ec4b9c/datanode-2/data-0/containers/hdds to VolumeSet
2023-01-31 11:34:12,470 [Listener at 127.0.0.1/43645] INFO  volume.ThrottledAsyncChecker (ThrottledAsyncChecker.java:schedule(141)) - Scheduling a check for /home/runner/work/ozone/ozone/hadoop-ozone/integration-test/target/test-dir/MiniOzoneClusterImpl-e7442b91-30ca-4883-b9fa-57f4a6ec4b9c/datanode-2/data-0/containers/hdds
2023-01-31 11:34:12,471 [Listener at 127.0.0.1/43645] INFO  volume.StorageVolumeChecker (StorageVolumeChecker.java:checkAllVolumes(202)) - Scheduled health check for volume /home/runner/work/ozone/ozone/hadoop-ozone/integration-test/target/test-dir/MiniOzoneClusterImpl-e7442b91-30ca-4883-b9fa-57f4a6ec4b9c/datanode-2/data-0/containers/hdds
2023-01-31 11:34:12,481 [Listener at 127.0.0.1/43645] INFO  volume.MutableVolumeSet (MutableVolumeSet.java:initializeVolumeSet(174)) - Added Volume : /home/runner/work/ozone/ozone/hadoop-ozone/integration-test/target/test-dir/MiniOzoneClusterImpl-e7442b91-30ca-4883-b9fa-57f4a6ec4b9c/datanode-2/data/ratis to VolumeSet
2023-01-31 11:34:12,481 [Listener at 127.0.0.1/43645] INFO  volume.ThrottledAsyncChecker (ThrottledAsyncChecker.java:schedule(141)) - Scheduling a check for /home/runner/work/ozone/ozone/hadoop-ozone/integration-test/target/test-dir/MiniOzoneClusterImpl-e7442b91-30ca-4883-b9fa-57f4a6ec4b9c/datanode-2/data/ratis
2023-01-31 11:34:12,482 [Listener at 127.0.0.1/43645] INFO  volume.StorageVolumeChecker (StorageVolumeChecker.java:checkAllVolumes(202)) - Scheduled health check for volume /home/runner/work/ozone/ozone/hadoop-ozone/integration-test/target/test-dir/MiniOzoneClusterImpl-e7442b91-30ca-4883-b9fa-57f4a6ec4b9c/datanode-2/data/ratis
2023-01-31 11:34:12,492 [Thread-166] INFO  ozoneimpl.ContainerReader (ContainerReader.java:readVolume(175)) - Finish verifying containers on volume /home/runner/work/ozone/ozone/hadoop-ozone/integration-test/target/test-dir/MiniOzoneClusterImpl-e7442b91-30ca-4883-b9fa-57f4a6ec4b9c/datanode-2/data-0/containers/hdds
2023-01-31 11:34:12,492 [Listener at 127.0.0.1/43645] INFO  ozoneimpl.OzoneContainer (OzoneContainer.java:buildContainerSet(305)) - Build ContainerSet costs 0s
2023-01-31 11:34:12,495 [Listener at 127.0.0.1/43645] INFO  server.RaftServer (ConfUtils.java:logGet(46)) - raft.rpc.type = GRPC (default)
2023-01-31 11:34:12,495 [Listener at 127.0.0.1/43645] INFO  grpc.GrpcConfigKeys (ConfUtils.java:logFallback(53)) - raft.grpc.admin.host = null (fallback to raft.grpc.server.host)
2023-01-31 11:34:12,495 [Listener at 127.0.0.1/43645] INFO  grpc.GrpcConfigKeys (ConfUtils.java:logGet(46)) - raft.grpc.admin.port = 0 (custom)
2023-01-31 11:34:12,495 [Listener at 127.0.0.1/43645] INFO  grpc.GrpcConfigKeys (ConfUtils.java:logFallback(53)) - raft.grpc.client.host = null (fallback to raft.grpc.server.host)
2023-01-31 11:34:12,495 [Listener at 127.0.0.1/43645] INFO  grpc.GrpcConfigKeys (ConfUtils.java:logGet(46)) - raft.grpc.client.port = 0 (custom)
2023-01-31 11:34:12,495 [Listener at 127.0.0.1/43645] INFO  grpc.GrpcConfigKeys (ConfUtils.java:logGet(46)) - raft.grpc.server.host = null (default)
2023-01-31 11:34:12,495 [Listener at 127.0.0.1/43645] INFO  grpc.GrpcConfigKeys (ConfUtils.java:logGet(46)) - raft.grpc.server.port = 0 (default)
2023-01-31 11:34:12,495 [Listener at 127.0.0.1/43645] INFO  server.GrpcService (ConfUtils.java:logGet(46)) - raft.grpc.message.size.max = 32MB (=33554432) (custom)
2023-01-31 11:34:12,495 [Listener at 127.0.0.1/43645] INFO  server.RaftServerConfigKeys (ConfUtils.java:logGet(46)) - raft.server.log.appender.buffer.byte-limit = 33554432 (custom)
2023-01-31 11:34:12,496 [Listener at 127.0.0.1/43645] INFO  server.GrpcService (ConfUtils.java:logGet(46)) - raft.grpc.flow.control.window = 5MB (=5242880) (custom)
2023-01-31 11:34:12,496 [Listener at 127.0.0.1/43645] INFO  server.RaftServerConfigKeys (ConfUtils.java:logGet(46)) - raft.server.rpc.request.timeout = 60s (custom)
2023-01-31 11:34:12,496 [Listener at 127.0.0.1/43645] INFO  grpc.GrpcConfigKeys (ConfUtils.java:logGet(46)) - raft.grpc.server.heartbeat.channel = true (default)
2023-01-31 11:34:12,496 [Listener at 127.0.0.1/43645] INFO  grpc.GrpcConfigKeys (ConfUtils.java:logGet(46)) - raft.grpc.server.async.request.thread.pool.cached = true (default)
2023-01-31 11:34:12,496 [Listener at 127.0.0.1/43645] INFO  grpc.GrpcConfigKeys (ConfUtils.java:logGet(46)) - raft.grpc.server.async.request.thread.pool.size = 32 (default)
2023-01-31 11:34:12,497 [Listener at 127.0.0.1/43645] INFO  impl.DataStreamServerImpl (ConfUtils.java:logGet(46)) - raft.datastream.type = NETTY (custom)
2023-01-31 11:34:12,497 [Listener at 127.0.0.1/43645] INFO  server.RaftServerConfigKeys (ConfUtils.java:logGet(46)) - raft.server.data-stream.async.request.thread.pool.cached = false (default)
2023-01-31 11:34:12,497 [Listener at 127.0.0.1/43645] INFO  server.RaftServerConfigKeys (ConfUtils.java:logGet(46)) - raft.server.data-stream.async.request.thread.pool.size = 20 (custom)
2023-01-31 11:34:12,497 [Listener at 127.0.0.1/43645] INFO  server.RaftServerConfigKeys (ConfUtils.java:logGet(46)) - raft.server.data-stream.async.write.thread.pool.size = 16 (default)
2023-01-31 11:34:12,497 [Listener at 127.0.0.1/43645] INFO  server.RaftServerConfigKeys (ConfUtils.java:logGet(46)) - raft.server.data-stream.client.pool.size = 10 (default)
2023-01-31 11:34:12,497 [Listener at 127.0.0.1/43645] INFO  netty.NettyConfigKeys$DataStream (ConfUtils.java:logGet(46)) - raft.netty.dataStream.server.use-epoll = false (default)
2023-01-31 11:34:12,497 [Listener at 127.0.0.1/43645] INFO  netty.NettyConfigKeys$DataStream (ConfUtils.java:logGet(46)) - raft.netty.dataStream.server.boss-group.size = 0 (default)
2023-01-31 11:34:12,498 [Listener at 127.0.0.1/43645] INFO  netty.NettyConfigKeys$DataStream (ConfUtils.java:logGet(46)) - raft.netty.dataStream.server.worker-group.size = 0 (default)
2023-01-31 11:34:12,498 [Listener at 127.0.0.1/43645] INFO  netty.NettyConfigKeys$DataStream (ConfUtils.java:logGet(46)) - raft.netty.dataStream.server.tls.conf = null (default)
2023-01-31 11:34:12,498 [Listener at 127.0.0.1/43645] INFO  netty.NettyConfigKeys$DataStream (ConfUtils.java:logGet(46)) - raft.netty.dataStream.host = null (default)
2023-01-31 11:34:12,498 [Listener at 127.0.0.1/43645] INFO  netty.NettyConfigKeys$DataStream (ConfUtils.java:logGet(46)) - raft.netty.dataStream.port = 0 (default)
2023-01-31 11:34:12,499 [Listener at 127.0.0.1/43645] INFO  server.RaftServerConfigKeys (ConfUtils.java:logGet(46)) - raft.server.threadpool.proxy.cached = true (default)
2023-01-31 11:34:12,499 [Listener at 127.0.0.1/43645] INFO  server.RaftServerConfigKeys (ConfUtils.java:logGet(46)) - raft.server.threadpool.proxy.size = 0 (default)
2023-01-31 11:34:12,499 [Listener at 127.0.0.1/43645] INFO  server.RaftServerConfigKeys (ConfUtils.java:logGet(46)) - raft.server.rpc.slowness.timeout = 300s (custom)
2023-01-31 11:34:12,499 [Listener at 127.0.0.1/43645] INFO  server.RaftServerConfigKeys (ConfUtils.java:logGet(46)) - raft.server.leaderelection.leader.step-down.wait-time = 10s (default)
2023-01-31 11:34:12,499 [Listener at 127.0.0.1/43645] INFO  server.RaftServerConfigKeys (ConfUtils.java:logGet(46)) - raft.server.storage.dir = [/home/runner/work/ozone/ozone/hadoop-ozone/integration-test/target/test-dir/MiniOzoneClusterImpl-e7442b91-30ca-4883-b9fa-57f4a6ec4b9c/datanode-2/data/ratis] (custom)
2023-01-31 11:34:12,504 [7c6ec4c2-78b0-4d13-b7e2-d3daf669de24-NettyServerStreamRpc-bossGroup--thread1] INFO  logging.LoggingHandler (AbstractInternalLogger.java:log(148)) - [id: 0x45bce67d] REGISTERED
2023-01-31 11:34:12,504 [7c6ec4c2-78b0-4d13-b7e2-d3daf669de24-NettyServerStreamRpc-bossGroup--thread1] INFO  logging.LoggingHandler (AbstractInternalLogger.java:log(148)) - [id: 0x45bce67d] BIND: 0.0.0.0/0.0.0.0:0
2023-01-31 11:34:12,505 [7c6ec4c2-78b0-4d13-b7e2-d3daf669de24-NettyServerStreamRpc-bossGroup--thread1] INFO  logging.LoggingHandler (AbstractInternalLogger.java:log(148)) - [id: 0x45bce67d, L:/0:0:0:0:0:0:0:0:42751] ACTIVE
2023-01-31 11:34:12,506 [Listener at 127.0.0.1/43645] INFO  server.XceiverServerGrpc (XceiverServerGrpc.java:<init>(132)) - GrpcServer channel type EpollServerSocketChannel
2023-01-31 11:34:12,510 [Listener at 127.0.0.1/43645] INFO  http.BaseHttpServer (BaseHttpServer.java:newHttpServer2BuilderForOzone(213)) - Starting Web-server for hddsDatanode at: http://0.0.0.0:0
2023-01-31 11:34:12,510 [Listener at 127.0.0.1/43645] INFO  http.BaseHttpServer (BaseHttpServer.java:<init>(108)) - Hadoop Security Enabled: false Ozone Security Enabled: false Ozone HTTP Security Enabled: false 
2023-01-31 11:34:12,511 [Listener at 127.0.0.1/43645] WARN  server.AuthenticationFilter (AuthenticationFilter.java:constructSecretProvider(240)) - Unable to initialize FileSignerSecretProvider, falling back to use random secrets. Reason: Could not read signature secret file: /home/runner/hadoop-http-auth-signature-secret
2023-01-31 11:34:12,513 [Listener at 127.0.0.1/43645] WARN  http.HttpRequestLog (HttpRequestLog.java:getRequestLog(103)) - Jetty request log can only be enabled using Log4j
2023-01-31 11:34:12,514 [Listener at 127.0.0.1/43645] INFO  http.HttpServer2 (HttpServer2.java:addGlobalFilter(1031)) - Added global filter 'safety' (class=org.apache.hadoop.hdds.server.http.HttpServer2$QuotingInputFilter)
2023-01-31 11:34:12,515 [Listener at 127.0.0.1/43645] INFO  http.HttpServer2 (HttpServer2.java:addFilter(1007)) - Added filter static_user_filter (class=org.apache.hadoop.http.lib.StaticUserWebFilter$StaticUserFilter) to context hddsDatanode
2023-01-31 11:34:12,516 [Listener at 127.0.0.1/43645] INFO  http.HttpServer2 (HttpServer2.java:addFilter(1015)) - Added filter static_user_filter (class=org.apache.hadoop.http.lib.StaticUserWebFilter$StaticUserFilter) to context static
2023-01-31 11:34:12,516 [Listener at 127.0.0.1/43645] INFO  http.HttpServer2 (HttpServer2.java:addFilter(1015)) - Added filter static_user_filter (class=org.apache.hadoop.http.lib.StaticUserWebFilter$StaticUserFilter) to context logs
2023-01-31 11:34:12,516 [Listener at 127.0.0.1/43645] INFO  http.HttpServer2 (HttpServer2.java:bindListener(1250)) - Jetty bound to port 42269
2023-01-31 11:34:12,517 [Listener at 127.0.0.1/43645] INFO  server.Server (Server.java:doStart(375)) - jetty-9.4.49.v20220914; built: 2022-09-14T01:07:36.601Z; git: 4231a3b2e4cb8548a412a789936d640a97b1aa0a; jvm 1.8.0_352-b08
2023-01-31 11:34:12,522 [Listener at 127.0.0.1/43645] INFO  server.session (DefaultSessionIdManager.java:doStart(334)) - DefaultSessionIdManager workerName=node0
2023-01-31 11:34:12,523 [Listener at 127.0.0.1/43645] INFO  server.session (DefaultSessionIdManager.java:doStart(339)) - No SessionScavenger set, using defaults
2023-01-31 11:34:12,523 [Listener at 127.0.0.1/43645] INFO  server.session (HouseKeeper.java:startScavenging(132)) - node0 Scavenging every 600000ms
2023-01-31 11:34:12,524 [Listener at 127.0.0.1/43645] INFO  handler.ContextHandler (ContextHandler.java:doStart(921)) - Started o.e.j.s.ServletContextHandler@7a2f1b17{logs,/logs,file:///home/runner/work/ozone/ozone/hadoop-ozone/integration-test/target/log,AVAILABLE}
2023-01-31 11:34:12,524 [Listener at 127.0.0.1/43645] INFO  handler.ContextHandler (ContextHandler.java:doStart(921)) - Started o.e.j.s.ServletContextHandler@2c0e260{static,/static,jar:file:/home/runner/.m2/repository/org/apache/ozone/hdds-container-service/1.4.0-SNAPSHOT/hdds-container-service-1.4.0-SNAPSHOT.jar!/webapps/static,AVAILABLE}
2023-01-31 11:34:12,708 [Listener at 127.0.0.1/43645] INFO  handler.ContextHandler (ContextHandler.java:doStart(921)) - Started o.e.j.w.WebAppContext@10a920b5{hddsDatanode,/,file:///tmp/jetty-0_0_0_0-42269-hdds-container-service-1_4_0-SNAPSHOT_jar-_-any-537980808638424951/webapp/,AVAILABLE}{jar:file:/home/runner/.m2/repository/org/apache/ozone/hdds-container-service/1.4.0-SNAPSHOT/hdds-container-service-1.4.0-SNAPSHOT.jar!/webapps/hddsDatanode}
2023-01-31 11:34:12,709 [Listener at 127.0.0.1/43645] INFO  server.AbstractConnector (AbstractConnector.java:doStart(333)) - Started ServerConnector@1558d4ea{HTTP/1.1, (http/1.1)}{0.0.0.0:42269}
2023-01-31 11:34:12,710 [Listener at 127.0.0.1/43645] INFO  server.Server (Server.java:doStart(415)) - Started @8337ms
2023-01-31 11:34:12,710 [Listener at 127.0.0.1/43645] WARN  impl.MetricsSystemImpl (MetricsSystemImpl.java:register(279)) - Sink prometheus already exists!
2023-01-31 11:34:12,711 [Listener at 127.0.0.1/43645] INFO  http.BaseHttpServer (BaseHttpServer.java:updateConnectorAddress(333)) - HTTP server of hddsDatanode listening at http://0.0.0.0:42269
2023-01-31 11:34:12,712 [Listener at 127.0.0.1/43645] WARN  impl.MetricRegistriesImpl (MetricRegistriesImpl.java:addReporterRegistration(111)) - New reporters are added after registries were created. Some metrics will be missing from the reporter. Please add reporter before adding any new registry.
2023-01-31 11:34:12,712 [Listener at 127.0.0.1/43645] WARN  impl.MetricRegistriesImpl (MetricRegistriesImpl.java:addReporterRegistration(111)) - New reporters are added after registries were created. Some metrics will be missing from the reporter. Please add reporter before adding any new registry.
2023-01-31 11:34:12,712 [Listener at 127.0.0.1/43645] INFO  impl.MetricsSystemImpl (MetricsSystemImpl.java:init(158)) - HddsDatanode metrics system started (again)
2023-01-31 11:34:12,714 [Datanode State Machine Daemon Thread] INFO  statemachine.DatanodeStateMachine (DatanodeStateMachine.java:lambda$startDaemon$0(517)) - Ozone container server started.
2023-01-31 11:34:12,731 [org.apache.hadoop.util.JvmPauseMonitor$Monitor@22d0e376] INFO  util.JvmPauseMonitor (JvmPauseMonitor.java:run(188)) - Starting JVM pause monitor
2023-01-31 11:34:12,732 [Listener at 127.0.0.1/43645] INFO  ozone.HddsDatanodeService (HddsDatanodeService.java:start(228)) - HddsDatanodeService host:fv-az47-440.mma5zatft5wupo5mzspaixdheh.bx.internal.cloudapp.net ip:10.1.0.34
2023-01-31 11:34:12,735 [Datanode State Machine Task Thread - 0] INFO  datanode.InitDatanodeState (InitDatanodeState.java:persistContainerDatanodeDetails(138)) - DatanodeDetails is persisted to /home/runner/work/ozone/ozone/hadoop-ozone/integration-test/target/test-dir/MiniOzoneClusterImpl-e7442b91-30ca-4883-b9fa-57f4a6ec4b9c/datanode-2/meta/datanode.id
2023-01-31 11:34:12,755 [Listener at 127.0.0.1/43645] INFO  upgrade.AbstractLayoutVersionManager (AbstractLayoutVersionManager.java:init(83)) - Initializing Layout version manager with metadata layout = DATANODE_SCHEMA_V3 (version = 4), software layout = DATANODE_SCHEMA_V3 (version = 4)
2023-01-31 11:34:12,804 [Listener at 127.0.0.1/43645] INFO  reflections.Reflections (Reflections.java:scan(232)) - Reflections took 48 ms to scan 7 urls, producing 150 keys and 361 values 
2023-01-31 11:34:12,807 [Listener at 127.0.0.1/43645] INFO  statemachine.DatanodeStateMachine (DatanodeStateMachine.java:getEndPointTaskThreadPoolSize(261)) - Datanode State Machine Task Thread Pool size 2
2023-01-31 11:34:12,815 [Listener at 127.0.0.1/43645] INFO  volume.HddsVolume (HddsVolume.java:<init>(117)) - Creating HddsVolume: /home/runner/work/ozone/ozone/hadoop-ozone/integration-test/target/test-dir/MiniOzoneClusterImpl-e7442b91-30ca-4883-b9fa-57f4a6ec4b9c/datanode-3/data-0/containers/hdds of storage type : DISK capacity : 9223372036854775807
2023-01-31 11:34:12,816 [Listener at 127.0.0.1/43645] INFO  volume.MutableVolumeSet (MutableVolumeSet.java:initializeVolumeSet(174)) - Added Volume : /home/runner/work/ozone/ozone/hadoop-ozone/integration-test/target/test-dir/MiniOzoneClusterImpl-e7442b91-30ca-4883-b9fa-57f4a6ec4b9c/datanode-3/data-0/containers/hdds to VolumeSet
2023-01-31 11:34:12,816 [Listener at 127.0.0.1/43645] INFO  volume.ThrottledAsyncChecker (ThrottledAsyncChecker.java:schedule(141)) - Scheduling a check for /home/runner/work/ozone/ozone/hadoop-ozone/integration-test/target/test-dir/MiniOzoneClusterImpl-e7442b91-30ca-4883-b9fa-57f4a6ec4b9c/datanode-3/data-0/containers/hdds
2023-01-31 11:34:12,817 [Listener at 127.0.0.1/43645] INFO  volume.StorageVolumeChecker (StorageVolumeChecker.java:checkAllVolumes(202)) - Scheduled health check for volume /home/runner/work/ozone/ozone/hadoop-ozone/integration-test/target/test-dir/MiniOzoneClusterImpl-e7442b91-30ca-4883-b9fa-57f4a6ec4b9c/datanode-3/data-0/containers/hdds
2023-01-31 11:34:12,828 [Listener at 127.0.0.1/43645] INFO  volume.MutableVolumeSet (MutableVolumeSet.java:initializeVolumeSet(174)) - Added Volume : /home/runner/work/ozone/ozone/hadoop-ozone/integration-test/target/test-dir/MiniOzoneClusterImpl-e7442b91-30ca-4883-b9fa-57f4a6ec4b9c/datanode-3/data/ratis to VolumeSet
2023-01-31 11:34:12,828 [Listener at 127.0.0.1/43645] INFO  volume.ThrottledAsyncChecker (ThrottledAsyncChecker.java:schedule(141)) - Scheduling a check for /home/runner/work/ozone/ozone/hadoop-ozone/integration-test/target/test-dir/MiniOzoneClusterImpl-e7442b91-30ca-4883-b9fa-57f4a6ec4b9c/datanode-3/data/ratis
2023-01-31 11:34:12,828 [Listener at 127.0.0.1/43645] INFO  volume.StorageVolumeChecker (StorageVolumeChecker.java:checkAllVolumes(202)) - Scheduled health check for volume /home/runner/work/ozone/ozone/hadoop-ozone/integration-test/target/test-dir/MiniOzoneClusterImpl-e7442b91-30ca-4883-b9fa-57f4a6ec4b9c/datanode-3/data/ratis
2023-01-31 11:34:12,839 [Thread-180] INFO  ozoneimpl.ContainerReader (ContainerReader.java:readVolume(175)) - Finish verifying containers on volume /home/runner/work/ozone/ozone/hadoop-ozone/integration-test/target/test-dir/MiniOzoneClusterImpl-e7442b91-30ca-4883-b9fa-57f4a6ec4b9c/datanode-3/data-0/containers/hdds
2023-01-31 11:34:12,839 [Listener at 127.0.0.1/43645] INFO  ozoneimpl.OzoneContainer (OzoneContainer.java:buildContainerSet(305)) - Build ContainerSet costs 0s
2023-01-31 11:34:12,842 [Listener at 127.0.0.1/43645] INFO  server.RaftServer (ConfUtils.java:logGet(46)) - raft.rpc.type = GRPC (default)
2023-01-31 11:34:12,842 [Listener at 127.0.0.1/43645] INFO  grpc.GrpcConfigKeys (ConfUtils.java:logFallback(53)) - raft.grpc.admin.host = null (fallback to raft.grpc.server.host)
2023-01-31 11:34:12,843 [Listener at 127.0.0.1/43645] INFO  grpc.GrpcConfigKeys (ConfUtils.java:logGet(46)) - raft.grpc.admin.port = 0 (custom)
2023-01-31 11:34:12,843 [Listener at 127.0.0.1/43645] INFO  grpc.GrpcConfigKeys (ConfUtils.java:logFallback(53)) - raft.grpc.client.host = null (fallback to raft.grpc.server.host)
2023-01-31 11:34:12,843 [Listener at 127.0.0.1/43645] INFO  grpc.GrpcConfigKeys (ConfUtils.java:logGet(46)) - raft.grpc.client.port = 0 (custom)
2023-01-31 11:34:12,843 [Listener at 127.0.0.1/43645] INFO  grpc.GrpcConfigKeys (ConfUtils.java:logGet(46)) - raft.grpc.server.host = null (default)
2023-01-31 11:34:12,843 [Listener at 127.0.0.1/43645] INFO  grpc.GrpcConfigKeys (ConfUtils.java:logGet(46)) - raft.grpc.server.port = 0 (default)
2023-01-31 11:34:12,843 [Listener at 127.0.0.1/43645] INFO  server.GrpcService (ConfUtils.java:logGet(46)) - raft.grpc.message.size.max = 32MB (=33554432) (custom)
2023-01-31 11:34:12,843 [Listener at 127.0.0.1/43645] INFO  server.RaftServerConfigKeys (ConfUtils.java:logGet(46)) - raft.server.log.appender.buffer.byte-limit = 33554432 (custom)
2023-01-31 11:34:12,843 [Listener at 127.0.0.1/43645] INFO  server.GrpcService (ConfUtils.java:logGet(46)) - raft.grpc.flow.control.window = 5MB (=5242880) (custom)
2023-01-31 11:34:12,843 [Listener at 127.0.0.1/43645] INFO  server.RaftServerConfigKeys (ConfUtils.java:logGet(46)) - raft.server.rpc.request.timeout = 60s (custom)
2023-01-31 11:34:12,843 [Listener at 127.0.0.1/43645] INFO  grpc.GrpcConfigKeys (ConfUtils.java:logGet(46)) - raft.grpc.server.heartbeat.channel = true (default)
2023-01-31 11:34:12,843 [Listener at 127.0.0.1/43645] INFO  grpc.GrpcConfigKeys (ConfUtils.java:logGet(46)) - raft.grpc.server.async.request.thread.pool.cached = true (default)
2023-01-31 11:34:12,843 [Listener at 127.0.0.1/43645] INFO  grpc.GrpcConfigKeys (ConfUtils.java:logGet(46)) - raft.grpc.server.async.request.thread.pool.size = 32 (default)
2023-01-31 11:34:12,844 [Listener at 127.0.0.1/43645] INFO  impl.DataStreamServerImpl (ConfUtils.java:logGet(46)) - raft.datastream.type = NETTY (custom)
2023-01-31 11:34:12,845 [Listener at 127.0.0.1/43645] INFO  server.RaftServerConfigKeys (ConfUtils.java:logGet(46)) - raft.server.data-stream.async.request.thread.pool.cached = false (default)
2023-01-31 11:34:12,845 [Listener at 127.0.0.1/43645] INFO  server.RaftServerConfigKeys (ConfUtils.java:logGet(46)) - raft.server.data-stream.async.request.thread.pool.size = 20 (custom)
2023-01-31 11:34:12,845 [Listener at 127.0.0.1/43645] INFO  server.RaftServerConfigKeys (ConfUtils.java:logGet(46)) - raft.server.data-stream.async.write.thread.pool.size = 16 (default)
2023-01-31 11:34:12,845 [Listener at 127.0.0.1/43645] INFO  server.RaftServerConfigKeys (ConfUtils.java:logGet(46)) - raft.server.data-stream.client.pool.size = 10 (default)
2023-01-31 11:34:12,845 [Listener at 127.0.0.1/43645] INFO  netty.NettyConfigKeys$DataStream (ConfUtils.java:logGet(46)) - raft.netty.dataStream.server.use-epoll = false (default)
2023-01-31 11:34:12,845 [Listener at 127.0.0.1/43645] INFO  netty.NettyConfigKeys$DataStream (ConfUtils.java:logGet(46)) - raft.netty.dataStream.server.boss-group.size = 0 (default)
2023-01-31 11:34:12,845 [Listener at 127.0.0.1/43645] INFO  netty.NettyConfigKeys$DataStream (ConfUtils.java:logGet(46)) - raft.netty.dataStream.server.worker-group.size = 0 (default)
2023-01-31 11:34:12,846 [Listener at 127.0.0.1/43645] INFO  netty.NettyConfigKeys$DataStream (ConfUtils.java:logGet(46)) - raft.netty.dataStream.server.tls.conf = null (default)
2023-01-31 11:34:12,846 [Listener at 127.0.0.1/43645] INFO  netty.NettyConfigKeys$DataStream (ConfUtils.java:logGet(46)) - raft.netty.dataStream.host = null (default)
2023-01-31 11:34:12,846 [Listener at 127.0.0.1/43645] INFO  netty.NettyConfigKeys$DataStream (ConfUtils.java:logGet(46)) - raft.netty.dataStream.port = 0 (default)
2023-01-31 11:34:12,850 [Listener at 127.0.0.1/43645] INFO  server.RaftServerConfigKeys (ConfUtils.java:logGet(46)) - raft.server.threadpool.proxy.cached = true (default)
2023-01-31 11:34:12,850 [Listener at 127.0.0.1/43645] INFO  server.RaftServerConfigKeys (ConfUtils.java:logGet(46)) - raft.server.threadpool.proxy.size = 0 (default)
2023-01-31 11:34:12,851 [Listener at 127.0.0.1/43645] INFO  server.RaftServerConfigKeys (ConfUtils.java:logGet(46)) - raft.server.rpc.slowness.timeout = 300s (custom)
2023-01-31 11:34:12,851 [Listener at 127.0.0.1/43645] INFO  server.RaftServerConfigKeys (ConfUtils.java:logGet(46)) - raft.server.leaderelection.leader.step-down.wait-time = 10s (default)
2023-01-31 11:34:12,851 [Listener at 127.0.0.1/43645] INFO  server.RaftServerConfigKeys (ConfUtils.java:logGet(46)) - raft.server.storage.dir = [/home/runner/work/ozone/ozone/hadoop-ozone/integration-test/target/test-dir/MiniOzoneClusterImpl-e7442b91-30ca-4883-b9fa-57f4a6ec4b9c/datanode-3/data/ratis] (custom)
2023-01-31 11:34:12,854 [380eaaea-a69e-4882-97a4-89f32b49ac35-NettyServerStreamRpc-bossGroup--thread1] INFO  logging.LoggingHandler (AbstractInternalLogger.java:log(148)) - [id: 0x2c5cf99c] REGISTERED
2023-01-31 11:34:12,855 [380eaaea-a69e-4882-97a4-89f32b49ac35-NettyServerStreamRpc-bossGroup--thread1] INFO  logging.LoggingHandler (AbstractInternalLogger.java:log(148)) - [id: 0x2c5cf99c] BIND: 0.0.0.0/0.0.0.0:0
2023-01-31 11:34:12,855 [380eaaea-a69e-4882-97a4-89f32b49ac35-NettyServerStreamRpc-bossGroup--thread1] INFO  logging.LoggingHandler (AbstractInternalLogger.java:log(148)) - [id: 0x2c5cf99c, L:/0:0:0:0:0:0:0:0:43249] ACTIVE
2023-01-31 11:34:12,856 [Listener at 127.0.0.1/43645] INFO  server.XceiverServerGrpc (XceiverServerGrpc.java:<init>(132)) - GrpcServer channel type EpollServerSocketChannel
2023-01-31 11:34:12,859 [Listener at 127.0.0.1/43645] INFO  http.BaseHttpServer (BaseHttpServer.java:newHttpServer2BuilderForOzone(213)) - Starting Web-server for hddsDatanode at: http://0.0.0.0:0
2023-01-31 11:34:12,859 [Listener at 127.0.0.1/43645] INFO  http.BaseHttpServer (BaseHttpServer.java:<init>(108)) - Hadoop Security Enabled: false Ozone Security Enabled: false Ozone HTTP Security Enabled: false 
2023-01-31 11:34:12,860 [Listener at 127.0.0.1/43645] WARN  server.AuthenticationFilter (AuthenticationFilter.java:constructSecretProvider(240)) - Unable to initialize FileSignerSecretProvider, falling back to use random secrets. Reason: Could not read signature secret file: /home/runner/hadoop-http-auth-signature-secret
2023-01-31 11:34:12,865 [Listener at 127.0.0.1/43645] WARN  http.HttpRequestLog (HttpRequestLog.java:getRequestLog(103)) - Jetty request log can only be enabled using Log4j
2023-01-31 11:34:12,866 [Listener at 127.0.0.1/43645] INFO  http.HttpServer2 (HttpServer2.java:addGlobalFilter(1031)) - Added global filter 'safety' (class=org.apache.hadoop.hdds.server.http.HttpServer2$QuotingInputFilter)
2023-01-31 11:34:12,867 [Listener at 127.0.0.1/43645] INFO  http.HttpServer2 (HttpServer2.java:addFilter(1007)) - Added filter static_user_filter (class=org.apache.hadoop.http.lib.StaticUserWebFilter$StaticUserFilter) to context hddsDatanode
2023-01-31 11:34:12,867 [Listener at 127.0.0.1/43645] INFO  http.HttpServer2 (HttpServer2.java:addFilter(1015)) - Added filter static_user_filter (class=org.apache.hadoop.http.lib.StaticUserWebFilter$StaticUserFilter) to context static
2023-01-31 11:34:12,867 [Listener at 127.0.0.1/43645] INFO  http.HttpServer2 (HttpServer2.java:addFilter(1015)) - Added filter static_user_filter (class=org.apache.hadoop.http.lib.StaticUserWebFilter$StaticUserFilter) to context logs
2023-01-31 11:34:12,867 [Listener at 127.0.0.1/43645] INFO  http.HttpServer2 (HttpServer2.java:bindListener(1250)) - Jetty bound to port 35541
2023-01-31 11:34:12,868 [Listener at 127.0.0.1/43645] INFO  server.Server (Server.java:doStart(375)) - jetty-9.4.49.v20220914; built: 2022-09-14T01:07:36.601Z; git: 4231a3b2e4cb8548a412a789936d640a97b1aa0a; jvm 1.8.0_352-b08
2023-01-31 11:34:12,869 [Listener at 127.0.0.1/43645] INFO  server.session (DefaultSessionIdManager.java:doStart(334)) - DefaultSessionIdManager workerName=node0
2023-01-31 11:34:12,869 [Listener at 127.0.0.1/43645] INFO  server.session (DefaultSessionIdManager.java:doStart(339)) - No SessionScavenger set, using defaults
2023-01-31 11:34:12,869 [Listener at 127.0.0.1/43645] INFO  server.session (HouseKeeper.java:startScavenging(132)) - node0 Scavenging every 600000ms
2023-01-31 11:34:12,870 [Listener at 127.0.0.1/43645] INFO  handler.ContextHandler (ContextHandler.java:doStart(921)) - Started o.e.j.s.ServletContextHandler@55c96e37{logs,/logs,file:///home/runner/work/ozone/ozone/hadoop-ozone/integration-test/target/log,AVAILABLE}
2023-01-31 11:34:12,870 [Listener at 127.0.0.1/43645] INFO  handler.ContextHandler (ContextHandler.java:doStart(921)) - Started o.e.j.s.ServletContextHandler@483f70bf{static,/static,jar:file:/home/runner/.m2/repository/org/apache/ozone/hdds-container-service/1.4.0-SNAPSHOT/hdds-container-service-1.4.0-SNAPSHOT.jar!/webapps/static,AVAILABLE}
2023-01-31 11:34:13,044 [Listener at 127.0.0.1/43645] INFO  handler.ContextHandler (ContextHandler.java:doStart(921)) - Started o.e.j.w.WebAppContext@ed5cad2{hddsDatanode,/,file:///tmp/jetty-0_0_0_0-35541-hdds-container-service-1_4_0-SNAPSHOT_jar-_-any-5174928355814939082/webapp/,AVAILABLE}{jar:file:/home/runner/.m2/repository/org/apache/ozone/hdds-container-service/1.4.0-SNAPSHOT/hdds-container-service-1.4.0-SNAPSHOT.jar!/webapps/hddsDatanode}
2023-01-31 11:34:13,045 [Listener at 127.0.0.1/43645] INFO  server.AbstractConnector (AbstractConnector.java:doStart(333)) - Started ServerConnector@56122c1{HTTP/1.1, (http/1.1)}{0.0.0.0:35541}
2023-01-31 11:34:13,045 [Listener at 127.0.0.1/43645] INFO  server.Server (Server.java:doStart(415)) - Started @8672ms
2023-01-31 11:34:13,045 [Listener at 127.0.0.1/43645] WARN  impl.MetricsSystemImpl (MetricsSystemImpl.java:register(279)) - Sink prometheus already exists!
2023-01-31 11:34:13,046 [Listener at 127.0.0.1/43645] INFO  http.BaseHttpServer (BaseHttpServer.java:updateConnectorAddress(333)) - HTTP server of hddsDatanode listening at http://0.0.0.0:35541
2023-01-31 11:34:13,046 [Listener at 127.0.0.1/43645] WARN  impl.MetricRegistriesImpl (MetricRegistriesImpl.java:addReporterRegistration(111)) - New reporters are added after registries were created. Some metrics will be missing from the reporter. Please add reporter before adding any new registry.
2023-01-31 11:34:13,047 [Listener at 127.0.0.1/43645] WARN  impl.MetricRegistriesImpl (MetricRegistriesImpl.java:addReporterRegistration(111)) - New reporters are added after registries were created. Some metrics will be missing from the reporter. Please add reporter before adding any new registry.
2023-01-31 11:34:13,047 [Listener at 127.0.0.1/43645] INFO  impl.MetricsSystemImpl (MetricsSystemImpl.java:init(158)) - HddsDatanode metrics system started (again)
2023-01-31 11:34:13,048 [Datanode State Machine Daemon Thread] INFO  statemachine.DatanodeStateMachine (DatanodeStateMachine.java:lambda$startDaemon$0(517)) - Ozone container server started.
2023-01-31 11:34:13,066 [org.apache.hadoop.util.JvmPauseMonitor$Monitor@4878eff9] INFO  util.JvmPauseMonitor (JvmPauseMonitor.java:run(188)) - Starting JVM pause monitor
2023-01-31 11:34:13,068 [Listener at 127.0.0.1/43645] INFO  ozone.HddsDatanodeService (HddsDatanodeService.java:start(228)) - HddsDatanodeService host:fv-az47-440.mma5zatft5wupo5mzspaixdheh.bx.internal.cloudapp.net ip:10.1.0.34
2023-01-31 11:34:13,072 [Datanode State Machine Task Thread - 0] INFO  datanode.InitDatanodeState (InitDatanodeState.java:persistContainerDatanodeDetails(138)) - DatanodeDetails is persisted to /home/runner/work/ozone/ozone/hadoop-ozone/integration-test/target/test-dir/MiniOzoneClusterImpl-e7442b91-30ca-4883-b9fa-57f4a6ec4b9c/datanode-3/meta/datanode.id
2023-01-31 11:34:13,087 [Listener at 127.0.0.1/43645] INFO  upgrade.AbstractLayoutVersionManager (AbstractLayoutVersionManager.java:init(83)) - Initializing Layout version manager with metadata layout = DATANODE_SCHEMA_V3 (version = 4), software layout = DATANODE_SCHEMA_V3 (version = 4)
2023-01-31 11:34:13,140 [Listener at 127.0.0.1/43645] INFO  reflections.Reflections (Reflections.java:scan(232)) - Reflections took 52 ms to scan 7 urls, producing 150 keys and 361 values 
2023-01-31 11:34:13,142 [Listener at 127.0.0.1/43645] INFO  statemachine.DatanodeStateMachine (DatanodeStateMachine.java:getEndPointTaskThreadPoolSize(261)) - Datanode State Machine Task Thread Pool size 2
2023-01-31 11:34:13,144 [Listener at 127.0.0.1/43645] INFO  volume.HddsVolume (HddsVolume.java:<init>(117)) - Creating HddsVolume: /home/runner/work/ozone/ozone/hadoop-ozone/integration-test/target/test-dir/MiniOzoneClusterImpl-e7442b91-30ca-4883-b9fa-57f4a6ec4b9c/datanode-4/data-0/containers/hdds of storage type : DISK capacity : 9223372036854775807
2023-01-31 11:34:13,144 [Listener at 127.0.0.1/43645] INFO  volume.MutableVolumeSet (MutableVolumeSet.java:initializeVolumeSet(174)) - Added Volume : /home/runner/work/ozone/ozone/hadoop-ozone/integration-test/target/test-dir/MiniOzoneClusterImpl-e7442b91-30ca-4883-b9fa-57f4a6ec4b9c/datanode-4/data-0/containers/hdds to VolumeSet
2023-01-31 11:34:13,144 [Listener at 127.0.0.1/43645] INFO  volume.ThrottledAsyncChecker (ThrottledAsyncChecker.java:schedule(141)) - Scheduling a check for /home/runner/work/ozone/ozone/hadoop-ozone/integration-test/target/test-dir/MiniOzoneClusterImpl-e7442b91-30ca-4883-b9fa-57f4a6ec4b9c/datanode-4/data-0/containers/hdds
2023-01-31 11:34:13,146 [Listener at 127.0.0.1/43645] INFO  volume.StorageVolumeChecker (StorageVolumeChecker.java:checkAllVolumes(202)) - Scheduled health check for volume /home/runner/work/ozone/ozone/hadoop-ozone/integration-test/target/test-dir/MiniOzoneClusterImpl-e7442b91-30ca-4883-b9fa-57f4a6ec4b9c/datanode-4/data-0/containers/hdds
2023-01-31 11:34:13,162 [Listener at 127.0.0.1/43645] INFO  volume.MutableVolumeSet (MutableVolumeSet.java:initializeVolumeSet(174)) - Added Volume : /home/runner/work/ozone/ozone/hadoop-ozone/integration-test/target/test-dir/MiniOzoneClusterImpl-e7442b91-30ca-4883-b9fa-57f4a6ec4b9c/datanode-4/data/ratis to VolumeSet
2023-01-31 11:34:13,162 [Listener at 127.0.0.1/43645] INFO  volume.ThrottledAsyncChecker (ThrottledAsyncChecker.java:schedule(141)) - Scheduling a check for /home/runner/work/ozone/ozone/hadoop-ozone/integration-test/target/test-dir/MiniOzoneClusterImpl-e7442b91-30ca-4883-b9fa-57f4a6ec4b9c/datanode-4/data/ratis
2023-01-31 11:34:13,162 [Listener at 127.0.0.1/43645] INFO  volume.StorageVolumeChecker (StorageVolumeChecker.java:checkAllVolumes(202)) - Scheduled health check for volume /home/runner/work/ozone/ozone/hadoop-ozone/integration-test/target/test-dir/MiniOzoneClusterImpl-e7442b91-30ca-4883-b9fa-57f4a6ec4b9c/datanode-4/data/ratis
2023-01-31 11:34:13,174 [Thread-194] INFO  ozoneimpl.ContainerReader (ContainerReader.java:readVolume(175)) - Finish verifying containers on volume /home/runner/work/ozone/ozone/hadoop-ozone/integration-test/target/test-dir/MiniOzoneClusterImpl-e7442b91-30ca-4883-b9fa-57f4a6ec4b9c/datanode-4/data-0/containers/hdds
2023-01-31 11:34:13,174 [Listener at 127.0.0.1/43645] INFO  ozoneimpl.OzoneContainer (OzoneContainer.java:buildContainerSet(305)) - Build ContainerSet costs 0s
2023-01-31 11:34:13,184 [Listener at 127.0.0.1/43645] INFO  server.RaftServer (ConfUtils.java:logGet(46)) - raft.rpc.type = GRPC (default)
2023-01-31 11:34:13,184 [Listener at 127.0.0.1/43645] INFO  grpc.GrpcConfigKeys (ConfUtils.java:logFallback(53)) - raft.grpc.admin.host = null (fallback to raft.grpc.server.host)
2023-01-31 11:34:13,185 [Listener at 127.0.0.1/43645] INFO  grpc.GrpcConfigKeys (ConfUtils.java:logGet(46)) - raft.grpc.admin.port = 0 (custom)
2023-01-31 11:34:13,185 [Listener at 127.0.0.1/43645] INFO  grpc.GrpcConfigKeys (ConfUtils.java:logFallback(53)) - raft.grpc.client.host = null (fallback to raft.grpc.server.host)
2023-01-31 11:34:13,185 [Listener at 127.0.0.1/43645] INFO  grpc.GrpcConfigKeys (ConfUtils.java:logGet(46)) - raft.grpc.client.port = 0 (custom)
2023-01-31 11:34:13,185 [Listener at 127.0.0.1/43645] INFO  grpc.GrpcConfigKeys (ConfUtils.java:logGet(46)) - raft.grpc.server.host = null (default)
2023-01-31 11:34:13,185 [Listener at 127.0.0.1/43645] INFO  grpc.GrpcConfigKeys (ConfUtils.java:logGet(46)) - raft.grpc.server.port = 0 (default)
2023-01-31 11:34:13,185 [Listener at 127.0.0.1/43645] INFO  server.GrpcService (ConfUtils.java:logGet(46)) - raft.grpc.message.size.max = 32MB (=33554432) (custom)
2023-01-31 11:34:13,185 [Listener at 127.0.0.1/43645] INFO  server.RaftServerConfigKeys (ConfUtils.java:logGet(46)) - raft.server.log.appender.buffer.byte-limit = 33554432 (custom)
2023-01-31 11:34:13,185 [Listener at 127.0.0.1/43645] INFO  server.GrpcService (ConfUtils.java:logGet(46)) - raft.grpc.flow.control.window = 5MB (=5242880) (custom)
2023-01-31 11:34:13,186 [Listener at 127.0.0.1/43645] INFO  server.RaftServerConfigKeys (ConfUtils.java:logGet(46)) - raft.server.rpc.request.timeout = 60s (custom)
2023-01-31 11:34:13,186 [Listener at 127.0.0.1/43645] INFO  grpc.GrpcConfigKeys (ConfUtils.java:logGet(46)) - raft.grpc.server.heartbeat.channel = true (default)
2023-01-31 11:34:13,186 [Listener at 127.0.0.1/43645] INFO  grpc.GrpcConfigKeys (ConfUtils.java:logGet(46)) - raft.grpc.server.async.request.thread.pool.cached = true (default)
2023-01-31 11:34:13,186 [Listener at 127.0.0.1/43645] INFO  grpc.GrpcConfigKeys (ConfUtils.java:logGet(46)) - raft.grpc.server.async.request.thread.pool.size = 32 (default)
2023-01-31 11:34:13,187 [Listener at 127.0.0.1/43645] INFO  impl.DataStreamServerImpl (ConfUtils.java:logGet(46)) - raft.datastream.type = NETTY (custom)
2023-01-31 11:34:13,188 [Listener at 127.0.0.1/43645] INFO  server.RaftServerConfigKeys (ConfUtils.java:logGet(46)) - raft.server.data-stream.async.request.thread.pool.cached = false (default)
2023-01-31 11:34:13,189 [Listener at 127.0.0.1/43645] INFO  server.RaftServerConfigKeys (ConfUtils.java:logGet(46)) - raft.server.data-stream.async.request.thread.pool.size = 20 (custom)
2023-01-31 11:34:13,190 [Listener at 127.0.0.1/43645] INFO  server.RaftServerConfigKeys (ConfUtils.java:logGet(46)) - raft.server.data-stream.async.write.thread.pool.size = 16 (default)
2023-01-31 11:34:13,190 [Listener at 127.0.0.1/43645] INFO  server.RaftServerConfigKeys (ConfUtils.java:logGet(46)) - raft.server.data-stream.client.pool.size = 10 (default)
2023-01-31 11:34:13,190 [Listener at 127.0.0.1/43645] INFO  netty.NettyConfigKeys$DataStream (ConfUtils.java:logGet(46)) - raft.netty.dataStream.server.use-epoll = false (default)
2023-01-31 11:34:13,190 [Listener at 127.0.0.1/43645] INFO  netty.NettyConfigKeys$DataStream (ConfUtils.java:logGet(46)) - raft.netty.dataStream.server.boss-group.size = 0 (default)
2023-01-31 11:34:13,191 [Listener at 127.0.0.1/43645] INFO  netty.NettyConfigKeys$DataStream (ConfUtils.java:logGet(46)) - raft.netty.dataStream.server.worker-group.size = 0 (default)
2023-01-31 11:34:13,191 [Listener at 127.0.0.1/43645] INFO  netty.NettyConfigKeys$DataStream (ConfUtils.java:logGet(46)) - raft.netty.dataStream.server.tls.conf = null (default)
2023-01-31 11:34:13,191 [Listener at 127.0.0.1/43645] INFO  netty.NettyConfigKeys$DataStream (ConfUtils.java:logGet(46)) - raft.netty.dataStream.host = null (default)
2023-01-31 11:34:13,193 [Listener at 127.0.0.1/43645] INFO  netty.NettyConfigKeys$DataStream (ConfUtils.java:logGet(46)) - raft.netty.dataStream.port = 0 (default)
2023-01-31 11:34:13,193 [Listener at 127.0.0.1/43645] INFO  server.RaftServerConfigKeys (ConfUtils.java:logGet(46)) - raft.server.threadpool.proxy.cached = true (default)
2023-01-31 11:34:13,193 [Listener at 127.0.0.1/43645] INFO  server.RaftServerConfigKeys (ConfUtils.java:logGet(46)) - raft.server.threadpool.proxy.size = 0 (default)
2023-01-31 11:34:13,195 [Listener at 127.0.0.1/43645] INFO  server.RaftServerConfigKeys (ConfUtils.java:logGet(46)) - raft.server.rpc.slowness.timeout = 300s (custom)
2023-01-31 11:34:13,195 [Listener at 127.0.0.1/43645] INFO  server.RaftServerConfigKeys (ConfUtils.java:logGet(46)) - raft.server.leaderelection.leader.step-down.wait-time = 10s (default)
2023-01-31 11:34:13,195 [Listener at 127.0.0.1/43645] INFO  server.RaftServerConfigKeys (ConfUtils.java:logGet(46)) - raft.server.storage.dir = [/home/runner/work/ozone/ozone/hadoop-ozone/integration-test/target/test-dir/MiniOzoneClusterImpl-e7442b91-30ca-4883-b9fa-57f4a6ec4b9c/datanode-4/data/ratis] (custom)
2023-01-31 11:34:13,196 [Listener at 127.0.0.1/43645] INFO  server.XceiverServerGrpc (XceiverServerGrpc.java:<init>(132)) - GrpcServer channel type EpollServerSocketChannel
2023-01-31 11:34:13,199 [Listener at 127.0.0.1/43645] INFO  http.BaseHttpServer (BaseHttpServer.java:newHttpServer2BuilderForOzone(213)) - Starting Web-server for hddsDatanode at: http://0.0.0.0:0
2023-01-31 11:34:13,200 [Listener at 127.0.0.1/43645] INFO  http.BaseHttpServer (BaseHttpServer.java:<init>(108)) - Hadoop Security Enabled: false Ozone Security Enabled: false Ozone HTTP Security Enabled: false 
2023-01-31 11:34:13,201 [Listener at 127.0.0.1/43645] WARN  server.AuthenticationFilter (AuthenticationFilter.java:constructSecretProvider(240)) - Unable to initialize FileSignerSecretProvider, falling back to use random secrets. Reason: Could not read signature secret file: /home/runner/hadoop-http-auth-signature-secret
2023-01-31 11:34:13,201 [Listener at 127.0.0.1/43645] WARN  http.HttpRequestLog (HttpRequestLog.java:getRequestLog(103)) - Jetty request log can only be enabled using Log4j
2023-01-31 11:34:13,203 [Listener at 127.0.0.1/43645] INFO  http.HttpServer2 (HttpServer2.java:addGlobalFilter(1031)) - Added global filter 'safety' (class=org.apache.hadoop.hdds.server.http.HttpServer2$QuotingInputFilter)
2023-01-31 11:34:13,203 [Listener at 127.0.0.1/43645] INFO  http.HttpServer2 (HttpServer2.java:addFilter(1007)) - Added filter static_user_filter (class=org.apache.hadoop.http.lib.StaticUserWebFilter$StaticUserFilter) to context hddsDatanode
2023-01-31 11:34:13,203 [Listener at 127.0.0.1/43645] INFO  http.HttpServer2 (HttpServer2.java:addFilter(1015)) - Added filter static_user_filter (class=org.apache.hadoop.http.lib.StaticUserWebFilter$StaticUserFilter) to context logs
2023-01-31 11:34:13,204 [Listener at 127.0.0.1/43645] INFO  http.HttpServer2 (HttpServer2.java:addFilter(1015)) - Added filter static_user_filter (class=org.apache.hadoop.http.lib.StaticUserWebFilter$StaticUserFilter) to context static
2023-01-31 11:34:13,209 [a389750c-4ae5-414b-81bd-9813f0be5621-NettyServerStreamRpc-bossGroup--thread1] INFO  logging.LoggingHandler (AbstractInternalLogger.java:log(148)) - [id: 0xf79cb45c] REGISTERED
2023-01-31 11:34:13,209 [a389750c-4ae5-414b-81bd-9813f0be5621-NettyServerStreamRpc-bossGroup--thread1] INFO  logging.LoggingHandler (AbstractInternalLogger.java:log(148)) - [id: 0xf79cb45c] BIND: 0.0.0.0/0.0.0.0:0
2023-01-31 11:34:13,210 [a389750c-4ae5-414b-81bd-9813f0be5621-NettyServerStreamRpc-bossGroup--thread1] INFO  logging.LoggingHandler (AbstractInternalLogger.java:log(148)) - [id: 0xf79cb45c, L:/0:0:0:0:0:0:0:0:41111] ACTIVE
2023-01-31 11:34:13,212 [Listener at 127.0.0.1/43645] INFO  http.HttpServer2 (HttpServer2.java:bindListener(1250)) - Jetty bound to port 35769
2023-01-31 11:34:13,212 [Listener at 127.0.0.1/43645] INFO  server.Server (Server.java:doStart(375)) - jetty-9.4.49.v20220914; built: 2022-09-14T01:07:36.601Z; git: 4231a3b2e4cb8548a412a789936d640a97b1aa0a; jvm 1.8.0_352-b08
2023-01-31 11:34:13,214 [Listener at 127.0.0.1/43645] INFO  server.session (DefaultSessionIdManager.java:doStart(334)) - DefaultSessionIdManager workerName=node0
2023-01-31 11:34:13,214 [Listener at 127.0.0.1/43645] INFO  server.session (DefaultSessionIdManager.java:doStart(339)) - No SessionScavenger set, using defaults
2023-01-31 11:34:13,214 [Listener at 127.0.0.1/43645] INFO  server.session (HouseKeeper.java:startScavenging(132)) - node0 Scavenging every 660000ms
2023-01-31 11:34:13,216 [Listener at 127.0.0.1/43645] INFO  handler.ContextHandler (ContextHandler.java:doStart(921)) - Started o.e.j.s.ServletContextHandler@162ea06f{logs,/logs,file:///home/runner/work/ozone/ozone/hadoop-ozone/integration-test/target/log,AVAILABLE}
2023-01-31 11:34:13,216 [Listener at 127.0.0.1/43645] INFO  handler.ContextHandler (ContextHandler.java:doStart(921)) - Started o.e.j.s.ServletContextHandler@7e74d1ce{static,/static,jar:file:/home/runner/.m2/repository/org/apache/ozone/hdds-container-service/1.4.0-SNAPSHOT/hdds-container-service-1.4.0-SNAPSHOT.jar!/webapps/static,AVAILABLE}
2023-01-31 11:34:13,393 [Listener at 127.0.0.1/43645] INFO  handler.ContextHandler (ContextHandler.java:doStart(921)) - Started o.e.j.w.WebAppContext@675fd2a9{hddsDatanode,/,file:///tmp/jetty-0_0_0_0-35769-hdds-container-service-1_4_0-SNAPSHOT_jar-_-any-8752019128152001680/webapp/,AVAILABLE}{jar:file:/home/runner/.m2/repository/org/apache/ozone/hdds-container-service/1.4.0-SNAPSHOT/hdds-container-service-1.4.0-SNAPSHOT.jar!/webapps/hddsDatanode}
2023-01-31 11:34:13,394 [Listener at 127.0.0.1/43645] INFO  server.AbstractConnector (AbstractConnector.java:doStart(333)) - Started ServerConnector@2e85c350{HTTP/1.1, (http/1.1)}{0.0.0.0:35769}
2023-01-31 11:34:13,394 [Listener at 127.0.0.1/43645] INFO  server.Server (Server.java:doStart(415)) - Started @9021ms
2023-01-31 11:34:13,394 [Listener at 127.0.0.1/43645] WARN  impl.MetricsSystemImpl (MetricsSystemImpl.java:register(279)) - Sink prometheus already exists!
2023-01-31 11:34:13,395 [Listener at 127.0.0.1/43645] INFO  http.BaseHttpServer (BaseHttpServer.java:updateConnectorAddress(333)) - HTTP server of hddsDatanode listening at http://0.0.0.0:35769
2023-01-31 11:34:13,395 [Listener at 127.0.0.1/43645] WARN  impl.MetricRegistriesImpl (MetricRegistriesImpl.java:addReporterRegistration(111)) - New reporters are added after registries were created. Some metrics will be missing from the reporter. Please add reporter before adding any new registry.
2023-01-31 11:34:13,395 [Listener at 127.0.0.1/43645] WARN  impl.MetricRegistriesImpl (MetricRegistriesImpl.java:addReporterRegistration(111)) - New reporters are added after registries were created. Some metrics will be missing from the reporter. Please add reporter before adding any new registry.
2023-01-31 11:34:13,395 [Listener at 127.0.0.1/43645] INFO  impl.MetricsSystemImpl (MetricsSystemImpl.java:init(158)) - HddsDatanode metrics system started (again)
2023-01-31 11:34:13,396 [Datanode State Machine Daemon Thread] INFO  statemachine.DatanodeStateMachine (DatanodeStateMachine.java:lambda$startDaemon$0(517)) - Ozone container server started.
2023-01-31 11:34:13,407 [Listener at 127.0.0.1/43645] INFO  ozone.HddsDatanodeService (HddsDatanodeService.java:start(228)) - HddsDatanodeService host:fv-az47-440.mma5zatft5wupo5mzspaixdheh.bx.internal.cloudapp.net ip:10.1.0.34
2023-01-31 11:34:13,414 [org.apache.hadoop.util.JvmPauseMonitor$Monitor@35f39da6] INFO  util.JvmPauseMonitor (JvmPauseMonitor.java:run(188)) - Starting JVM pause monitor
2023-01-31 11:34:13,419 [Datanode State Machine Task Thread - 0] INFO  datanode.InitDatanodeState (InitDatanodeState.java:persistContainerDatanodeDetails(138)) - DatanodeDetails is persisted to /home/runner/work/ozone/ozone/hadoop-ozone/integration-test/target/test-dir/MiniOzoneClusterImpl-e7442b91-30ca-4883-b9fa-57f4a6ec4b9c/datanode-4/meta/datanode.id
2023-01-31 11:34:13,425 [Listener at 127.0.0.1/43645] INFO  upgrade.AbstractLayoutVersionManager (AbstractLayoutVersionManager.java:init(83)) - Initializing Layout version manager with metadata layout = DATANODE_SCHEMA_V3 (version = 4), software layout = DATANODE_SCHEMA_V3 (version = 4)
2023-01-31 11:34:13,475 [Listener at 127.0.0.1/43645] INFO  reflections.Reflections (Reflections.java:scan(232)) - Reflections took 49 ms to scan 7 urls, producing 150 keys and 361 values 
2023-01-31 11:34:13,476 [Listener at 127.0.0.1/43645] INFO  statemachine.DatanodeStateMachine (DatanodeStateMachine.java:getEndPointTaskThreadPoolSize(261)) - Datanode State Machine Task Thread Pool size 2
2023-01-31 11:34:13,479 [Listener at 127.0.0.1/43645] INFO  volume.HddsVolume (HddsVolume.java:<init>(117)) - Creating HddsVolume: /home/runner/work/ozone/ozone/hadoop-ozone/integration-test/target/test-dir/MiniOzoneClusterImpl-e7442b91-30ca-4883-b9fa-57f4a6ec4b9c/datanode-5/data-0/containers/hdds of storage type : DISK capacity : 9223372036854775807
2023-01-31 11:34:13,480 [Listener at 127.0.0.1/43645] INFO  volume.MutableVolumeSet (MutableVolumeSet.java:initializeVolumeSet(174)) - Added Volume : /home/runner/work/ozone/ozone/hadoop-ozone/integration-test/target/test-dir/MiniOzoneClusterImpl-e7442b91-30ca-4883-b9fa-57f4a6ec4b9c/datanode-5/data-0/containers/hdds to VolumeSet
2023-01-31 11:34:13,480 [Listener at 127.0.0.1/43645] INFO  volume.ThrottledAsyncChecker (ThrottledAsyncChecker.java:schedule(141)) - Scheduling a check for /home/runner/work/ozone/ozone/hadoop-ozone/integration-test/target/test-dir/MiniOzoneClusterImpl-e7442b91-30ca-4883-b9fa-57f4a6ec4b9c/datanode-5/data-0/containers/hdds
2023-01-31 11:34:13,484 [Listener at 127.0.0.1/43645] INFO  volume.StorageVolumeChecker (StorageVolumeChecker.java:checkAllVolumes(202)) - Scheduled health check for volume /home/runner/work/ozone/ozone/hadoop-ozone/integration-test/target/test-dir/MiniOzoneClusterImpl-e7442b91-30ca-4883-b9fa-57f4a6ec4b9c/datanode-5/data-0/containers/hdds
2023-01-31 11:34:13,495 [Listener at 127.0.0.1/43645] INFO  volume.MutableVolumeSet (MutableVolumeSet.java:initializeVolumeSet(174)) - Added Volume : /home/runner/work/ozone/ozone/hadoop-ozone/integration-test/target/test-dir/MiniOzoneClusterImpl-e7442b91-30ca-4883-b9fa-57f4a6ec4b9c/datanode-5/data/ratis to VolumeSet
2023-01-31 11:34:13,495 [Listener at 127.0.0.1/43645] INFO  volume.ThrottledAsyncChecker (ThrottledAsyncChecker.java:schedule(141)) - Scheduling a check for /home/runner/work/ozone/ozone/hadoop-ozone/integration-test/target/test-dir/MiniOzoneClusterImpl-e7442b91-30ca-4883-b9fa-57f4a6ec4b9c/datanode-5/data/ratis
2023-01-31 11:34:13,495 [Listener at 127.0.0.1/43645] INFO  volume.StorageVolumeChecker (StorageVolumeChecker.java:checkAllVolumes(202)) - Scheduled health check for volume /home/runner/work/ozone/ozone/hadoop-ozone/integration-test/target/test-dir/MiniOzoneClusterImpl-e7442b91-30ca-4883-b9fa-57f4a6ec4b9c/datanode-5/data/ratis
2023-01-31 11:34:13,505 [Thread-208] INFO  ozoneimpl.ContainerReader (ContainerReader.java:readVolume(175)) - Finish verifying containers on volume /home/runner/work/ozone/ozone/hadoop-ozone/integration-test/target/test-dir/MiniOzoneClusterImpl-e7442b91-30ca-4883-b9fa-57f4a6ec4b9c/datanode-5/data-0/containers/hdds
2023-01-31 11:34:13,506 [Listener at 127.0.0.1/43645] INFO  ozoneimpl.OzoneContainer (OzoneContainer.java:buildContainerSet(305)) - Build ContainerSet costs 0s
2023-01-31 11:34:13,508 [Listener at 127.0.0.1/43645] INFO  server.RaftServer (ConfUtils.java:logGet(46)) - raft.rpc.type = GRPC (default)
2023-01-31 11:34:13,508 [Listener at 127.0.0.1/43645] INFO  grpc.GrpcConfigKeys (ConfUtils.java:logFallback(53)) - raft.grpc.admin.host = null (fallback to raft.grpc.server.host)
2023-01-31 11:34:13,508 [Listener at 127.0.0.1/43645] INFO  grpc.GrpcConfigKeys (ConfUtils.java:logGet(46)) - raft.grpc.admin.port = 0 (custom)
2023-01-31 11:34:13,509 [Listener at 127.0.0.1/43645] INFO  grpc.GrpcConfigKeys (ConfUtils.java:logFallback(53)) - raft.grpc.client.host = null (fallback to raft.grpc.server.host)
2023-01-31 11:34:13,509 [Listener at 127.0.0.1/43645] INFO  grpc.GrpcConfigKeys (ConfUtils.java:logGet(46)) - raft.grpc.client.port = 0 (custom)
2023-01-31 11:34:13,509 [Listener at 127.0.0.1/43645] INFO  grpc.GrpcConfigKeys (ConfUtils.java:logGet(46)) - raft.grpc.server.host = null (default)
2023-01-31 11:34:13,509 [Listener at 127.0.0.1/43645] INFO  grpc.GrpcConfigKeys (ConfUtils.java:logGet(46)) - raft.grpc.server.port = 0 (default)
2023-01-31 11:34:13,509 [Listener at 127.0.0.1/43645] INFO  server.GrpcService (ConfUtils.java:logGet(46)) - raft.grpc.message.size.max = 32MB (=33554432) (custom)
2023-01-31 11:34:13,509 [Listener at 127.0.0.1/43645] INFO  server.RaftServerConfigKeys (ConfUtils.java:logGet(46)) - raft.server.log.appender.buffer.byte-limit = 33554432 (custom)
2023-01-31 11:34:13,509 [Listener at 127.0.0.1/43645] INFO  server.GrpcService (ConfUtils.java:logGet(46)) - raft.grpc.flow.control.window = 5MB (=5242880) (custom)
2023-01-31 11:34:13,509 [Listener at 127.0.0.1/43645] INFO  server.RaftServerConfigKeys (ConfUtils.java:logGet(46)) - raft.server.rpc.request.timeout = 60s (custom)
2023-01-31 11:34:13,509 [Listener at 127.0.0.1/43645] INFO  grpc.GrpcConfigKeys (ConfUtils.java:logGet(46)) - raft.grpc.server.heartbeat.channel = true (default)
2023-01-31 11:34:13,509 [Listener at 127.0.0.1/43645] INFO  grpc.GrpcConfigKeys (ConfUtils.java:logGet(46)) - raft.grpc.server.async.request.thread.pool.cached = true (default)
2023-01-31 11:34:13,509 [Listener at 127.0.0.1/43645] INFO  grpc.GrpcConfigKeys (ConfUtils.java:logGet(46)) - raft.grpc.server.async.request.thread.pool.size = 32 (default)
2023-01-31 11:34:13,510 [Listener at 127.0.0.1/43645] INFO  impl.DataStreamServerImpl (ConfUtils.java:logGet(46)) - raft.datastream.type = NETTY (custom)
2023-01-31 11:34:13,511 [Listener at 127.0.0.1/43645] INFO  server.RaftServerConfigKeys (ConfUtils.java:logGet(46)) - raft.server.data-stream.async.request.thread.pool.cached = false (default)
2023-01-31 11:34:13,511 [Listener at 127.0.0.1/43645] INFO  server.RaftServerConfigKeys (ConfUtils.java:logGet(46)) - raft.server.data-stream.async.request.thread.pool.size = 20 (custom)
2023-01-31 11:34:13,511 [Listener at 127.0.0.1/43645] INFO  server.RaftServerConfigKeys (ConfUtils.java:logGet(46)) - raft.server.data-stream.async.write.thread.pool.size = 16 (default)
2023-01-31 11:34:13,511 [Listener at 127.0.0.1/43645] INFO  server.RaftServerConfigKeys (ConfUtils.java:logGet(46)) - raft.server.data-stream.client.pool.size = 10 (default)
2023-01-31 11:34:13,511 [Listener at 127.0.0.1/43645] INFO  netty.NettyConfigKeys$DataStream (ConfUtils.java:logGet(46)) - raft.netty.dataStream.server.use-epoll = false (default)
2023-01-31 11:34:13,511 [Listener at 127.0.0.1/43645] INFO  netty.NettyConfigKeys$DataStream (ConfUtils.java:logGet(46)) - raft.netty.dataStream.server.boss-group.size = 0 (default)
2023-01-31 11:34:13,511 [Listener at 127.0.0.1/43645] INFO  netty.NettyConfigKeys$DataStream (ConfUtils.java:logGet(46)) - raft.netty.dataStream.server.worker-group.size = 0 (default)
2023-01-31 11:34:13,512 [Listener at 127.0.0.1/43645] INFO  netty.NettyConfigKeys$DataStream (ConfUtils.java:logGet(46)) - raft.netty.dataStream.server.tls.conf = null (default)
2023-01-31 11:34:13,512 [Listener at 127.0.0.1/43645] INFO  netty.NettyConfigKeys$DataStream (ConfUtils.java:logGet(46)) - raft.netty.dataStream.host = null (default)
2023-01-31 11:34:13,512 [Listener at 127.0.0.1/43645] INFO  netty.NettyConfigKeys$DataStream (ConfUtils.java:logGet(46)) - raft.netty.dataStream.port = 0 (default)
2023-01-31 11:34:13,515 [Listener at 127.0.0.1/43645] INFO  server.RaftServerConfigKeys (ConfUtils.java:logGet(46)) - raft.server.threadpool.proxy.cached = true (default)
2023-01-31 11:34:13,515 [Listener at 127.0.0.1/43645] INFO  server.RaftServerConfigKeys (ConfUtils.java:logGet(46)) - raft.server.threadpool.proxy.size = 0 (default)
2023-01-31 11:34:13,515 [Listener at 127.0.0.1/43645] INFO  server.RaftServerConfigKeys (ConfUtils.java:logGet(46)) - raft.server.rpc.slowness.timeout = 300s (custom)
2023-01-31 11:34:13,516 [Listener at 127.0.0.1/43645] INFO  server.RaftServerConfigKeys (ConfUtils.java:logGet(46)) - raft.server.leaderelection.leader.step-down.wait-time = 10s (default)
2023-01-31 11:34:13,516 [Listener at 127.0.0.1/43645] INFO  server.RaftServerConfigKeys (ConfUtils.java:logGet(46)) - raft.server.storage.dir = [/home/runner/work/ozone/ozone/hadoop-ozone/integration-test/target/test-dir/MiniOzoneClusterImpl-e7442b91-30ca-4883-b9fa-57f4a6ec4b9c/datanode-5/data/ratis] (custom)
2023-01-31 11:34:13,519 [9e99b025-1169-4fb3-85c4-dfafc24d087e-NettyServerStreamRpc-bossGroup--thread1] INFO  logging.LoggingHandler (AbstractInternalLogger.java:log(148)) - [id: 0xca368c64] REGISTERED
2023-01-31 11:34:13,519 [9e99b025-1169-4fb3-85c4-dfafc24d087e-NettyServerStreamRpc-bossGroup--thread1] INFO  logging.LoggingHandler (AbstractInternalLogger.java:log(148)) - [id: 0xca368c64] BIND: 0.0.0.0/0.0.0.0:0
2023-01-31 11:34:13,520 [9e99b025-1169-4fb3-85c4-dfafc24d087e-NettyServerStreamRpc-bossGroup--thread1] INFO  logging.LoggingHandler (AbstractInternalLogger.java:log(148)) - [id: 0xca368c64, L:/0:0:0:0:0:0:0:0:35193] ACTIVE
2023-01-31 11:34:13,522 [Listener at 127.0.0.1/43645] INFO  server.XceiverServerGrpc (XceiverServerGrpc.java:<init>(132)) - GrpcServer channel type EpollServerSocketChannel
2023-01-31 11:34:13,526 [Listener at 127.0.0.1/43645] INFO  http.BaseHttpServer (BaseHttpServer.java:newHttpServer2BuilderForOzone(213)) - Starting Web-server for hddsDatanode at: http://0.0.0.0:0
2023-01-31 11:34:13,526 [Listener at 127.0.0.1/43645] INFO  http.BaseHttpServer (BaseHttpServer.java:<init>(108)) - Hadoop Security Enabled: false Ozone Security Enabled: false Ozone HTTP Security Enabled: false 
2023-01-31 11:34:13,528 [Listener at 127.0.0.1/43645] WARN  server.AuthenticationFilter (AuthenticationFilter.java:constructSecretProvider(240)) - Unable to initialize FileSignerSecretProvider, falling back to use random secrets. Reason: Could not read signature secret file: /home/runner/hadoop-http-auth-signature-secret
2023-01-31 11:34:13,528 [Listener at 127.0.0.1/43645] WARN  http.HttpRequestLog (HttpRequestLog.java:getRequestLog(103)) - Jetty request log can only be enabled using Log4j
2023-01-31 11:34:13,529 [Listener at 127.0.0.1/43645] INFO  http.HttpServer2 (HttpServer2.java:addGlobalFilter(1031)) - Added global filter 'safety' (class=org.apache.hadoop.hdds.server.http.HttpServer2$QuotingInputFilter)
2023-01-31 11:34:13,530 [Listener at 127.0.0.1/43645] INFO  http.HttpServer2 (HttpServer2.java:addFilter(1007)) - Added filter static_user_filter (class=org.apache.hadoop.http.lib.StaticUserWebFilter$StaticUserFilter) to context hddsDatanode
2023-01-31 11:34:13,530 [Listener at 127.0.0.1/43645] INFO  http.HttpServer2 (HttpServer2.java:addFilter(1015)) - Added filter static_user_filter (class=org.apache.hadoop.http.lib.StaticUserWebFilter$StaticUserFilter) to context static
2023-01-31 11:34:13,530 [Listener at 127.0.0.1/43645] INFO  http.HttpServer2 (HttpServer2.java:addFilter(1015)) - Added filter static_user_filter (class=org.apache.hadoop.http.lib.StaticUserWebFilter$StaticUserFilter) to context logs
2023-01-31 11:34:13,531 [Listener at 127.0.0.1/43645] INFO  http.HttpServer2 (HttpServer2.java:bindListener(1250)) - Jetty bound to port 39451
2023-01-31 11:34:13,532 [Listener at 127.0.0.1/43645] INFO  server.Server (Server.java:doStart(375)) - jetty-9.4.49.v20220914; built: 2022-09-14T01:07:36.601Z; git: 4231a3b2e4cb8548a412a789936d640a97b1aa0a; jvm 1.8.0_352-b08
2023-01-31 11:34:13,537 [Listener at 127.0.0.1/43645] INFO  server.session (DefaultSessionIdManager.java:doStart(334)) - DefaultSessionIdManager workerName=node0
2023-01-31 11:34:13,537 [Listener at 127.0.0.1/43645] INFO  server.session (DefaultSessionIdManager.java:doStart(339)) - No SessionScavenger set, using defaults
2023-01-31 11:34:13,537 [Listener at 127.0.0.1/43645] INFO  server.session (HouseKeeper.java:startScavenging(132)) - node0 Scavenging every 600000ms
2023-01-31 11:34:13,538 [Listener at 127.0.0.1/43645] INFO  handler.ContextHandler (ContextHandler.java:doStart(921)) - Started o.e.j.s.ServletContextHandler@1ac1b109{logs,/logs,file:///home/runner/work/ozone/ozone/hadoop-ozone/integration-test/target/log,AVAILABLE}
2023-01-31 11:34:13,538 [Listener at 127.0.0.1/43645] INFO  handler.ContextHandler (ContextHandler.java:doStart(921)) - Started o.e.j.s.ServletContextHandler@7568df9c{static,/static,jar:file:/home/runner/.m2/repository/org/apache/ozone/hdds-container-service/1.4.0-SNAPSHOT/hdds-container-service-1.4.0-SNAPSHOT.jar!/webapps/static,AVAILABLE}
2023-01-31 11:34:13,713 [Listener at 127.0.0.1/43645] INFO  handler.ContextHandler (ContextHandler.java:doStart(921)) - Started o.e.j.w.WebAppContext@66baa18f{hddsDatanode,/,file:///tmp/jetty-0_0_0_0-39451-hdds-container-service-1_4_0-SNAPSHOT_jar-_-any-6424136250537843106/webapp/,AVAILABLE}{jar:file:/home/runner/.m2/repository/org/apache/ozone/hdds-container-service/1.4.0-SNAPSHOT/hdds-container-service-1.4.0-SNAPSHOT.jar!/webapps/hddsDatanode}
2023-01-31 11:34:13,715 [Listener at 127.0.0.1/43645] INFO  server.AbstractConnector (AbstractConnector.java:doStart(333)) - Started ServerConnector@103109d3{HTTP/1.1, (http/1.1)}{0.0.0.0:39451}
2023-01-31 11:34:13,715 [Listener at 127.0.0.1/43645] INFO  server.Server (Server.java:doStart(415)) - Started @9342ms
2023-01-31 11:34:13,715 [Listener at 127.0.0.1/43645] WARN  impl.MetricsSystemImpl (MetricsSystemImpl.java:register(279)) - Sink prometheus already exists!
2023-01-31 11:34:13,715 [Listener at 127.0.0.1/43645] INFO  http.BaseHttpServer (BaseHttpServer.java:updateConnectorAddress(333)) - HTTP server of hddsDatanode listening at http://0.0.0.0:39451
2023-01-31 11:34:13,717 [Datanode State Machine Daemon Thread] INFO  statemachine.DatanodeStateMachine (DatanodeStateMachine.java:lambda$startDaemon$0(517)) - Ozone container server started.
2023-01-31 11:34:13,723 [Listener at 127.0.0.1/43645] WARN  impl.MetricRegistriesImpl (MetricRegistriesImpl.java:addReporterRegistration(111)) - New reporters are added after registries were created. Some metrics will be missing from the reporter. Please add reporter before adding any new registry.
2023-01-31 11:34:13,723 [Listener at 127.0.0.1/43645] WARN  impl.MetricRegistriesImpl (MetricRegistriesImpl.java:addReporterRegistration(111)) - New reporters are added after registries were created. Some metrics will be missing from the reporter. Please add reporter before adding any new registry.
2023-01-31 11:34:13,723 [Listener at 127.0.0.1/43645] INFO  impl.MetricsSystemImpl (MetricsSystemImpl.java:init(158)) - HddsDatanode metrics system started (again)
2023-01-31 11:34:13,731 [org.apache.hadoop.util.JvmPauseMonitor$Monitor@570f6cea] INFO  util.JvmPauseMonitor (JvmPauseMonitor.java:run(188)) - Starting JVM pause monitor
2023-01-31 11:34:13,734 [Listener at 127.0.0.1/43645] INFO  ozone.HddsDatanodeService (HddsDatanodeService.java:start(228)) - HddsDatanodeService host:fv-az47-440.mma5zatft5wupo5mzspaixdheh.bx.internal.cloudapp.net ip:10.1.0.34
2023-01-31 11:34:13,741 [Datanode State Machine Task Thread - 0] INFO  datanode.InitDatanodeState (InitDatanodeState.java:persistContainerDatanodeDetails(138)) - DatanodeDetails is persisted to /home/runner/work/ozone/ozone/hadoop-ozone/integration-test/target/test-dir/MiniOzoneClusterImpl-e7442b91-30ca-4883-b9fa-57f4a6ec4b9c/datanode-5/meta/datanode.id
2023-01-31 11:34:13,750 [Listener at 127.0.0.1/43645] INFO  upgrade.AbstractLayoutVersionManager (AbstractLayoutVersionManager.java:init(83)) - Initializing Layout version manager with metadata layout = DATANODE_SCHEMA_V3 (version = 4), software layout = DATANODE_SCHEMA_V3 (version = 4)
2023-01-31 11:34:13,795 [Listener at 127.0.0.1/43645] INFO  reflections.Reflections (Reflections.java:scan(232)) - Reflections took 44 ms to scan 7 urls, producing 150 keys and 361 values 
2023-01-31 11:34:13,796 [Listener at 127.0.0.1/43645] INFO  statemachine.DatanodeStateMachine (DatanodeStateMachine.java:getEndPointTaskThreadPoolSize(261)) - Datanode State Machine Task Thread Pool size 2
2023-01-31 11:34:13,799 [Listener at 127.0.0.1/43645] INFO  volume.HddsVolume (HddsVolume.java:<init>(117)) - Creating HddsVolume: /home/runner/work/ozone/ozone/hadoop-ozone/integration-test/target/test-dir/MiniOzoneClusterImpl-e7442b91-30ca-4883-b9fa-57f4a6ec4b9c/datanode-6/data-0/containers/hdds of storage type : DISK capacity : 9223372036854775807
2023-01-31 11:34:13,799 [Listener at 127.0.0.1/43645] INFO  volume.MutableVolumeSet (MutableVolumeSet.java:initializeVolumeSet(174)) - Added Volume : /home/runner/work/ozone/ozone/hadoop-ozone/integration-test/target/test-dir/MiniOzoneClusterImpl-e7442b91-30ca-4883-b9fa-57f4a6ec4b9c/datanode-6/data-0/containers/hdds to VolumeSet
2023-01-31 11:34:13,800 [Listener at 127.0.0.1/43645] INFO  volume.ThrottledAsyncChecker (ThrottledAsyncChecker.java:schedule(141)) - Scheduling a check for /home/runner/work/ozone/ozone/hadoop-ozone/integration-test/target/test-dir/MiniOzoneClusterImpl-e7442b91-30ca-4883-b9fa-57f4a6ec4b9c/datanode-6/data-0/containers/hdds
2023-01-31 11:34:13,803 [Listener at 127.0.0.1/43645] INFO  volume.StorageVolumeChecker (StorageVolumeChecker.java:checkAllVolumes(202)) - Scheduled health check for volume /home/runner/work/ozone/ozone/hadoop-ozone/integration-test/target/test-dir/MiniOzoneClusterImpl-e7442b91-30ca-4883-b9fa-57f4a6ec4b9c/datanode-6/data-0/containers/hdds
2023-01-31 11:34:13,861 [Listener at 127.0.0.1/43645] INFO  volume.MutableVolumeSet (MutableVolumeSet.java:initializeVolumeSet(174)) - Added Volume : /home/runner/work/ozone/ozone/hadoop-ozone/integration-test/target/test-dir/MiniOzoneClusterImpl-e7442b91-30ca-4883-b9fa-57f4a6ec4b9c/datanode-6/data/ratis to VolumeSet
2023-01-31 11:34:13,862 [Listener at 127.0.0.1/43645] INFO  volume.ThrottledAsyncChecker (ThrottledAsyncChecker.java:schedule(141)) - Scheduling a check for /home/runner/work/ozone/ozone/hadoop-ozone/integration-test/target/test-dir/MiniOzoneClusterImpl-e7442b91-30ca-4883-b9fa-57f4a6ec4b9c/datanode-6/data/ratis
2023-01-31 11:34:13,862 [Listener at 127.0.0.1/43645] INFO  volume.StorageVolumeChecker (StorageVolumeChecker.java:checkAllVolumes(202)) - Scheduled health check for volume /home/runner/work/ozone/ozone/hadoop-ozone/integration-test/target/test-dir/MiniOzoneClusterImpl-e7442b91-30ca-4883-b9fa-57f4a6ec4b9c/datanode-6/data/ratis
2023-01-31 11:34:13,891 [Thread-222] INFO  ozoneimpl.ContainerReader (ContainerReader.java:readVolume(175)) - Finish verifying containers on volume /home/runner/work/ozone/ozone/hadoop-ozone/integration-test/target/test-dir/MiniOzoneClusterImpl-e7442b91-30ca-4883-b9fa-57f4a6ec4b9c/datanode-6/data-0/containers/hdds
2023-01-31 11:34:13,891 [Listener at 127.0.0.1/43645] INFO  ozoneimpl.OzoneContainer (OzoneContainer.java:buildContainerSet(305)) - Build ContainerSet costs 0s
2023-01-31 11:34:13,894 [Listener at 127.0.0.1/43645] INFO  server.RaftServer (ConfUtils.java:logGet(46)) - raft.rpc.type = GRPC (default)
2023-01-31 11:34:13,894 [Listener at 127.0.0.1/43645] INFO  grpc.GrpcConfigKeys (ConfUtils.java:logFallback(53)) - raft.grpc.admin.host = null (fallback to raft.grpc.server.host)
2023-01-31 11:34:13,894 [Listener at 127.0.0.1/43645] INFO  grpc.GrpcConfigKeys (ConfUtils.java:logGet(46)) - raft.grpc.admin.port = 0 (custom)
2023-01-31 11:34:13,894 [Listener at 127.0.0.1/43645] INFO  grpc.GrpcConfigKeys (ConfUtils.java:logFallback(53)) - raft.grpc.client.host = null (fallback to raft.grpc.server.host)
2023-01-31 11:34:13,895 [Listener at 127.0.0.1/43645] INFO  grpc.GrpcConfigKeys (ConfUtils.java:logGet(46)) - raft.grpc.client.port = 0 (custom)
2023-01-31 11:34:13,896 [Listener at 127.0.0.1/43645] INFO  grpc.GrpcConfigKeys (ConfUtils.java:logGet(46)) - raft.grpc.server.host = null (default)
2023-01-31 11:34:13,896 [Listener at 127.0.0.1/43645] INFO  grpc.GrpcConfigKeys (ConfUtils.java:logGet(46)) - raft.grpc.server.port = 0 (default)
2023-01-31 11:34:13,896 [Listener at 127.0.0.1/43645] INFO  server.GrpcService (ConfUtils.java:logGet(46)) - raft.grpc.message.size.max = 32MB (=33554432) (custom)
2023-01-31 11:34:13,896 [Listener at 127.0.0.1/43645] INFO  server.RaftServerConfigKeys (ConfUtils.java:logGet(46)) - raft.server.log.appender.buffer.byte-limit = 33554432 (custom)
2023-01-31 11:34:13,896 [Listener at 127.0.0.1/43645] INFO  server.GrpcService (ConfUtils.java:logGet(46)) - raft.grpc.flow.control.window = 5MB (=5242880) (custom)
2023-01-31 11:34:13,896 [Listener at 127.0.0.1/43645] INFO  server.RaftServerConfigKeys (ConfUtils.java:logGet(46)) - raft.server.rpc.request.timeout = 60s (custom)
2023-01-31 11:34:13,896 [Listener at 127.0.0.1/43645] INFO  grpc.GrpcConfigKeys (ConfUtils.java:logGet(46)) - raft.grpc.server.heartbeat.channel = true (default)
2023-01-31 11:34:13,897 [Listener at 127.0.0.1/43645] INFO  grpc.GrpcConfigKeys (ConfUtils.java:logGet(46)) - raft.grpc.server.async.request.thread.pool.cached = true (default)
2023-01-31 11:34:13,897 [Listener at 127.0.0.1/43645] INFO  grpc.GrpcConfigKeys (ConfUtils.java:logGet(46)) - raft.grpc.server.async.request.thread.pool.size = 32 (default)
2023-01-31 11:34:13,898 [Listener at 127.0.0.1/43645] INFO  impl.DataStreamServerImpl (ConfUtils.java:logGet(46)) - raft.datastream.type = NETTY (custom)
2023-01-31 11:34:13,898 [Listener at 127.0.0.1/43645] INFO  server.RaftServerConfigKeys (ConfUtils.java:logGet(46)) - raft.server.data-stream.async.request.thread.pool.cached = false (default)
2023-01-31 11:34:13,899 [Listener at 127.0.0.1/43645] INFO  server.RaftServerConfigKeys (ConfUtils.java:logGet(46)) - raft.server.data-stream.async.request.thread.pool.size = 20 (custom)
2023-01-31 11:34:13,899 [Listener at 127.0.0.1/43645] INFO  server.RaftServerConfigKeys (ConfUtils.java:logGet(46)) - raft.server.data-stream.async.write.thread.pool.size = 16 (default)
2023-01-31 11:34:13,900 [Listener at 127.0.0.1/43645] INFO  server.RaftServerConfigKeys (ConfUtils.java:logGet(46)) - raft.server.data-stream.client.pool.size = 10 (default)
2023-01-31 11:34:13,900 [Listener at 127.0.0.1/43645] INFO  netty.NettyConfigKeys$DataStream (ConfUtils.java:logGet(46)) - raft.netty.dataStream.server.use-epoll = false (default)
2023-01-31 11:34:13,900 [Listener at 127.0.0.1/43645] INFO  netty.NettyConfigKeys$DataStream (ConfUtils.java:logGet(46)) - raft.netty.dataStream.server.boss-group.size = 0 (default)
2023-01-31 11:34:13,900 [Listener at 127.0.0.1/43645] INFO  netty.NettyConfigKeys$DataStream (ConfUtils.java:logGet(46)) - raft.netty.dataStream.server.worker-group.size = 0 (default)
2023-01-31 11:34:13,901 [Listener at 127.0.0.1/43645] INFO  netty.NettyConfigKeys$DataStream (ConfUtils.java:logGet(46)) - raft.netty.dataStream.server.tls.conf = null (default)
2023-01-31 11:34:13,901 [Listener at 127.0.0.1/43645] INFO  netty.NettyConfigKeys$DataStream (ConfUtils.java:logGet(46)) - raft.netty.dataStream.host = null (default)
2023-01-31 11:34:13,901 [Listener at 127.0.0.1/43645] INFO  netty.NettyConfigKeys$DataStream (ConfUtils.java:logGet(46)) - raft.netty.dataStream.port = 0 (default)
2023-01-31 11:34:13,906 [Listener at 127.0.0.1/43645] INFO  server.RaftServerConfigKeys (ConfUtils.java:logGet(46)) - raft.server.threadpool.proxy.cached = true (default)
2023-01-31 11:34:13,909 [Listener at 127.0.0.1/43645] INFO  server.RaftServerConfigKeys (ConfUtils.java:logGet(46)) - raft.server.threadpool.proxy.size = 0 (default)
2023-01-31 11:34:13,909 [Listener at 127.0.0.1/43645] INFO  server.RaftServerConfigKeys (ConfUtils.java:logGet(46)) - raft.server.rpc.slowness.timeout = 300s (custom)
2023-01-31 11:34:13,909 [Listener at 127.0.0.1/43645] INFO  server.RaftServerConfigKeys (ConfUtils.java:logGet(46)) - raft.server.leaderelection.leader.step-down.wait-time = 10s (default)
2023-01-31 11:34:13,909 [Listener at 127.0.0.1/43645] INFO  server.RaftServerConfigKeys (ConfUtils.java:logGet(46)) - raft.server.storage.dir = [/home/runner/work/ozone/ozone/hadoop-ozone/integration-test/target/test-dir/MiniOzoneClusterImpl-e7442b91-30ca-4883-b9fa-57f4a6ec4b9c/datanode-6/data/ratis] (custom)
2023-01-31 11:34:13,923 [4c53ac08-9fc0-49b0-af80-b80d3dd99c18-NettyServerStreamRpc-bossGroup--thread1] INFO  logging.LoggingHandler (AbstractInternalLogger.java:log(148)) - [id: 0xcd20d97f] REGISTERED
2023-01-31 11:34:13,923 [4c53ac08-9fc0-49b0-af80-b80d3dd99c18-NettyServerStreamRpc-bossGroup--thread1] INFO  logging.LoggingHandler (AbstractInternalLogger.java:log(148)) - [id: 0xcd20d97f] BIND: 0.0.0.0/0.0.0.0:0
2023-01-31 11:34:13,924 [4c53ac08-9fc0-49b0-af80-b80d3dd99c18-NettyServerStreamRpc-bossGroup--thread1] INFO  logging.LoggingHandler (AbstractInternalLogger.java:log(148)) - [id: 0xcd20d97f, L:/0:0:0:0:0:0:0:0:46081] ACTIVE
2023-01-31 11:34:13,925 [Listener at 127.0.0.1/43645] INFO  server.XceiverServerGrpc (XceiverServerGrpc.java:<init>(132)) - GrpcServer channel type EpollServerSocketChannel
2023-01-31 11:34:13,931 [Listener at 127.0.0.1/43645] INFO  http.BaseHttpServer (BaseHttpServer.java:newHttpServer2BuilderForOzone(213)) - Starting Web-server for hddsDatanode at: http://0.0.0.0:0
2023-01-31 11:34:13,931 [Listener at 127.0.0.1/43645] INFO  http.BaseHttpServer (BaseHttpServer.java:<init>(108)) - Hadoop Security Enabled: false Ozone Security Enabled: false Ozone HTTP Security Enabled: false 
2023-01-31 11:34:13,932 [Listener at 127.0.0.1/43645] WARN  server.AuthenticationFilter (AuthenticationFilter.java:constructSecretProvider(240)) - Unable to initialize FileSignerSecretProvider, falling back to use random secrets. Reason: Could not read signature secret file: /home/runner/hadoop-http-auth-signature-secret
2023-01-31 11:34:13,933 [Listener at 127.0.0.1/43645] WARN  http.HttpRequestLog (HttpRequestLog.java:getRequestLog(103)) - Jetty request log can only be enabled using Log4j
2023-01-31 11:34:13,935 [Listener at 127.0.0.1/43645] INFO  http.HttpServer2 (HttpServer2.java:addGlobalFilter(1031)) - Added global filter 'safety' (class=org.apache.hadoop.hdds.server.http.HttpServer2$QuotingInputFilter)
2023-01-31 11:34:13,935 [Listener at 127.0.0.1/43645] INFO  http.HttpServer2 (HttpServer2.java:addFilter(1007)) - Added filter static_user_filter (class=org.apache.hadoop.http.lib.StaticUserWebFilter$StaticUserFilter) to context hddsDatanode
2023-01-31 11:34:13,935 [Listener at 127.0.0.1/43645] INFO  http.HttpServer2 (HttpServer2.java:addFilter(1015)) - Added filter static_user_filter (class=org.apache.hadoop.http.lib.StaticUserWebFilter$StaticUserFilter) to context logs
2023-01-31 11:34:13,935 [Listener at 127.0.0.1/43645] INFO  http.HttpServer2 (HttpServer2.java:addFilter(1015)) - Added filter static_user_filter (class=org.apache.hadoop.http.lib.StaticUserWebFilter$StaticUserFilter) to context static
2023-01-31 11:34:13,939 [Listener at 127.0.0.1/43645] INFO  http.HttpServer2 (HttpServer2.java:bindListener(1250)) - Jetty bound to port 45905
2023-01-31 11:34:13,940 [Listener at 127.0.0.1/43645] INFO  server.Server (Server.java:doStart(375)) - jetty-9.4.49.v20220914; built: 2022-09-14T01:07:36.601Z; git: 4231a3b2e4cb8548a412a789936d640a97b1aa0a; jvm 1.8.0_352-b08
2023-01-31 11:34:13,946 [Listener at 127.0.0.1/43645] INFO  server.session (DefaultSessionIdManager.java:doStart(334)) - DefaultSessionIdManager workerName=node0
2023-01-31 11:34:13,946 [Listener at 127.0.0.1/43645] INFO  server.session (DefaultSessionIdManager.java:doStart(339)) - No SessionScavenger set, using defaults
2023-01-31 11:34:13,946 [Listener at 127.0.0.1/43645] INFO  server.session (HouseKeeper.java:startScavenging(132)) - node0 Scavenging every 660000ms
2023-01-31 11:34:13,947 [Listener at 127.0.0.1/43645] INFO  handler.ContextHandler (ContextHandler.java:doStart(921)) - Started o.e.j.s.ServletContextHandler@75224ace{logs,/logs,file:///home/runner/work/ozone/ozone/hadoop-ozone/integration-test/target/log,AVAILABLE}
2023-01-31 11:34:13,947 [Listener at 127.0.0.1/43645] INFO  handler.ContextHandler (ContextHandler.java:doStart(921)) - Started o.e.j.s.ServletContextHandler@a2345de{static,/static,jar:file:/home/runner/.m2/repository/org/apache/ozone/hdds-container-service/1.4.0-SNAPSHOT/hdds-container-service-1.4.0-SNAPSHOT.jar!/webapps/static,AVAILABLE}
2023-01-31 11:34:13,983 [EndpointStateMachine task thread for /0.0.0.0:33795 - 0 ] INFO  utils.DatanodeStoreCache (DatanodeStoreCache.java:addDB(58)) - Added db /home/runner/work/ozone/ozone/hadoop-ozone/integration-test/target/test-dir/MiniOzoneClusterImpl-e7442b91-30ca-4883-b9fa-57f4a6ec4b9c/datanode-0/data-0/containers/hdds/e7442b91-30ca-4883-b9fa-57f4a6ec4b9c/DS-2f93099d-fd13-4847-9b45-7bbcdd54bef9/container.db to cache
2023-01-31 11:34:13,983 [EndpointStateMachine task thread for /0.0.0.0:33795 - 0 ] INFO  volume.HddsVolume (HddsVolume.java:createDbStore(307)) - SchemaV3 db is created and loaded at /home/runner/work/ozone/ozone/hadoop-ozone/integration-test/target/test-dir/MiniOzoneClusterImpl-e7442b91-30ca-4883-b9fa-57f4a6ec4b9c/datanode-0/data-0/containers/hdds/e7442b91-30ca-4883-b9fa-57f4a6ec4b9c/DS-2f93099d-fd13-4847-9b45-7bbcdd54bef9/container.db for volume DS-2f93099d-fd13-4847-9b45-7bbcdd54bef9
2023-01-31 11:34:13,984 [EndpointStateMachine task thread for /0.0.0.0:33795 - 0 ] INFO  ozoneimpl.OzoneContainer (OzoneContainer.java:start(399)) - Attempting to start container services.
2023-01-31 11:34:13,988 [EndpointStateMachine task thread for /0.0.0.0:33795 - 0 ] INFO  ozoneimpl.OzoneContainer (OzoneContainer.java:startContainerScrub(316)) - Scheduled background container scanners and the on-demand container scanner have been disabled.
2023-01-31 11:34:13,989 [EndpointStateMachine task thread for /0.0.0.0:33795 - 0 ] INFO  replication.ReplicationServer (ReplicationServer.java:start(109)) - ReplicationServer is started using port 39249
2023-01-31 11:34:13,992 [EndpointStateMachine task thread for /0.0.0.0:33795 - 0 ] INFO  ratis.XceiverServerRatis (XceiverServerRatis.java:start(517)) - Starting XceiverServerRatis da03ca31-a8e2-4a02-8a0e-9033bcd0268f
2023-01-31 11:34:13,999 [EndpointStateMachine task thread for /0.0.0.0:33795 - 0 ] INFO  server.RaftServer (RaftServerProxy.java:startImpl(393)) - da03ca31-a8e2-4a02-8a0e-9033bcd0268f: start RPC server
2023-01-31 11:34:14,008 [EndpointStateMachine task thread for /0.0.0.0:33795 - 0 ] INFO  server.GrpcService (GrpcService.java:startImpl(262)) - da03ca31-a8e2-4a02-8a0e-9033bcd0268f: GrpcService started, listening on 42519
2023-01-31 11:34:14,009 [EndpointStateMachine task thread for /0.0.0.0:33795 - 0 ] INFO  ratis.XceiverServerRatis (XceiverServerRatis.java:getRealPort(543)) - XceiverServerRatis da03ca31-a8e2-4a02-8a0e-9033bcd0268f is started using port 42519 for RATIS
2023-01-31 11:34:14,009 [EndpointStateMachine task thread for /0.0.0.0:33795 - 0 ] INFO  ratis.XceiverServerRatis (XceiverServerRatis.java:getRealPort(543)) - XceiverServerRatis da03ca31-a8e2-4a02-8a0e-9033bcd0268f is started using port 42519 for RATIS_ADMIN
2023-01-31 11:34:14,009 [EndpointStateMachine task thread for /0.0.0.0:33795 - 0 ] INFO  ratis.XceiverServerRatis (XceiverServerRatis.java:getRealPort(543)) - XceiverServerRatis da03ca31-a8e2-4a02-8a0e-9033bcd0268f is started using port 42519 for RATIS_SERVER
2023-01-31 11:34:14,009 [EndpointStateMachine task thread for /0.0.0.0:33795 - 0 ] INFO  ratis.XceiverServerRatis (XceiverServerRatis.java:getRealPort(543)) - XceiverServerRatis da03ca31-a8e2-4a02-8a0e-9033bcd0268f is started using port 33639 for RATIS_DATASTREAM
2023-01-31 11:34:14,011 [JvmPauseMonitor1] INFO  util.JvmPauseMonitor (JvmPauseMonitor.java:run(105)) - JvmPauseMonitor-da03ca31-a8e2-4a02-8a0e-9033bcd0268f: Started
2023-01-31 11:34:14,015 [EndpointStateMachine task thread for /0.0.0.0:33795 - 0 ] INFO  server.XceiverServerGrpc (XceiverServerGrpc.java:start(180)) - XceiverServerGrpc da03ca31-a8e2-4a02-8a0e-9033bcd0268f is started using port 43921
2023-01-31 11:34:14,145 [Listener at 127.0.0.1/43645] INFO  handler.ContextHandler (ContextHandler.java:doStart(921)) - Started o.e.j.w.WebAppContext@5ec112cf{hddsDatanode,/,file:///tmp/jetty-0_0_0_0-45905-hdds-container-service-1_4_0-SNAPSHOT_jar-_-any-839376839576323303/webapp/,AVAILABLE}{jar:file:/home/runner/.m2/repository/org/apache/ozone/hdds-container-service/1.4.0-SNAPSHOT/hdds-container-service-1.4.0-SNAPSHOT.jar!/webapps/hddsDatanode}
2023-01-31 11:34:14,147 [Listener at 127.0.0.1/43645] INFO  server.AbstractConnector (AbstractConnector.java:doStart(333)) - Started ServerConnector@154a077e{HTTP/1.1, (http/1.1)}{0.0.0.0:45905}
2023-01-31 11:34:14,147 [Listener at 127.0.0.1/43645] INFO  server.Server (Server.java:doStart(415)) - Started @9774ms
2023-01-31 11:34:14,148 [Listener at 127.0.0.1/43645] WARN  impl.MetricsSystemImpl (MetricsSystemImpl.java:register(279)) - Sink prometheus already exists!
2023-01-31 11:34:14,149 [Listener at 127.0.0.1/43645] INFO  http.BaseHttpServer (BaseHttpServer.java:updateConnectorAddress(333)) - HTTP server of hddsDatanode listening at http://0.0.0.0:45905
2023-01-31 11:34:14,149 [Datanode State Machine Daemon Thread] INFO  statemachine.DatanodeStateMachine (DatanodeStateMachine.java:lambda$startDaemon$0(517)) - Ozone container server started.
2023-01-31 11:34:14,158 [Listener at 127.0.0.1/43645] INFO  ozone.MiniOzoneClusterImpl (MiniOzoneClusterImpl.java:lambda$waitForClusterToBeReady$0(218)) - Waiting for nodes to be ready. Got 0 of 7 DN Heartbeats.
2023-01-31 11:34:14,158 [Listener at 127.0.0.1/43645] INFO  ozone.MiniOzoneClusterImpl (MiniOzoneClusterImpl.java:lambda$waitForClusterToBeReady$0(221)) - Waiting for cluster to exit safe mode
2023-01-31 11:34:14,158 [Listener at 127.0.0.1/43645] INFO  ozone.MiniOzoneClusterImpl (MiniOzoneClusterImpl.java:lambda$waitForClusterToBeReady$0(223)) - SCM became leader
2023-01-31 11:34:14,159 [org.apache.hadoop.util.JvmPauseMonitor$Monitor@63fec0f8] INFO  util.JvmPauseMonitor (JvmPauseMonitor.java:run(188)) - Starting JVM pause monitor
2023-01-31 11:34:14,162 [Datanode State Machine Task Thread - 0] INFO  datanode.InitDatanodeState (InitDatanodeState.java:persistContainerDatanodeDetails(138)) - DatanodeDetails is persisted to /home/runner/work/ozone/ozone/hadoop-ozone/integration-test/target/test-dir/MiniOzoneClusterImpl-e7442b91-30ca-4883-b9fa-57f4a6ec4b9c/datanode-6/meta/datanode.id
2023-01-31 11:34:14,414 [EndpointStateMachine task thread for /0.0.0.0:33795 - 0 ] INFO  utils.DatanodeStoreCache (DatanodeStoreCache.java:addDB(58)) - Added db /home/runner/work/ozone/ozone/hadoop-ozone/integration-test/target/test-dir/MiniOzoneClusterImpl-e7442b91-30ca-4883-b9fa-57f4a6ec4b9c/datanode-1/data-0/containers/hdds/e7442b91-30ca-4883-b9fa-57f4a6ec4b9c/DS-67fb2e18-0da5-4133-a5e3-352a42d33367/container.db to cache
2023-01-31 11:34:14,415 [EndpointStateMachine task thread for /0.0.0.0:33795 - 0 ] INFO  volume.HddsVolume (HddsVolume.java:createDbStore(307)) - SchemaV3 db is created and loaded at /home/runner/work/ozone/ozone/hadoop-ozone/integration-test/target/test-dir/MiniOzoneClusterImpl-e7442b91-30ca-4883-b9fa-57f4a6ec4b9c/datanode-1/data-0/containers/hdds/e7442b91-30ca-4883-b9fa-57f4a6ec4b9c/DS-67fb2e18-0da5-4133-a5e3-352a42d33367/container.db for volume DS-67fb2e18-0da5-4133-a5e3-352a42d33367
2023-01-31 11:34:14,415 [EndpointStateMachine task thread for /0.0.0.0:33795 - 0 ] INFO  ozoneimpl.OzoneContainer (OzoneContainer.java:start(399)) - Attempting to start container services.
2023-01-31 11:34:14,415 [EndpointStateMachine task thread for /0.0.0.0:33795 - 0 ] INFO  ozoneimpl.OzoneContainer (OzoneContainer.java:startContainerScrub(316)) - Scheduled background container scanners and the on-demand container scanner have been disabled.
2023-01-31 11:34:14,416 [EndpointStateMachine task thread for /0.0.0.0:33795 - 0 ] INFO  replication.ReplicationServer (ReplicationServer.java:start(109)) - ReplicationServer is started using port 34163
2023-01-31 11:34:14,418 [EndpointStateMachine task thread for /0.0.0.0:33795 - 0 ] INFO  ratis.XceiverServerRatis (XceiverServerRatis.java:start(517)) - Starting XceiverServerRatis e9250560-f63f-4845-b91b-4ee2b5e52a1e
2023-01-31 11:34:14,419 [EndpointStateMachine task thread for /0.0.0.0:33795 - 0 ] INFO  server.RaftServer (RaftServerProxy.java:startImpl(393)) - e9250560-f63f-4845-b91b-4ee2b5e52a1e: start RPC server
2023-01-31 11:34:14,421 [EndpointStateMachine task thread for /0.0.0.0:33795 - 0 ] INFO  server.GrpcService (GrpcService.java:startImpl(262)) - e9250560-f63f-4845-b91b-4ee2b5e52a1e: GrpcService started, listening on 46329
2023-01-31 11:34:14,421 [EndpointStateMachine task thread for /0.0.0.0:33795 - 0 ] INFO  ratis.XceiverServerRatis (XceiverServerRatis.java:getRealPort(543)) - XceiverServerRatis e9250560-f63f-4845-b91b-4ee2b5e52a1e is started using port 46329 for RATIS
2023-01-31 11:34:14,421 [EndpointStateMachine task thread for /0.0.0.0:33795 - 0 ] INFO  ratis.XceiverServerRatis (XceiverServerRatis.java:getRealPort(543)) - XceiverServerRatis e9250560-f63f-4845-b91b-4ee2b5e52a1e is started using port 46329 for RATIS_ADMIN
2023-01-31 11:34:14,421 [JvmPauseMonitor2] INFO  util.JvmPauseMonitor (JvmPauseMonitor.java:run(105)) - JvmPauseMonitor-e9250560-f63f-4845-b91b-4ee2b5e52a1e: Started
2023-01-31 11:34:14,421 [EndpointStateMachine task thread for /0.0.0.0:33795 - 0 ] INFO  ratis.XceiverServerRatis (XceiverServerRatis.java:getRealPort(543)) - XceiverServerRatis e9250560-f63f-4845-b91b-4ee2b5e52a1e is started using port 46329 for RATIS_SERVER
2023-01-31 11:34:14,421 [EndpointStateMachine task thread for /0.0.0.0:33795 - 0 ] INFO  ratis.XceiverServerRatis (XceiverServerRatis.java:getRealPort(543)) - XceiverServerRatis e9250560-f63f-4845-b91b-4ee2b5e52a1e is started using port 39341 for RATIS_DATASTREAM
2023-01-31 11:34:14,423 [EndpointStateMachine task thread for /0.0.0.0:33795 - 0 ] INFO  server.XceiverServerGrpc (XceiverServerGrpc.java:start(180)) - XceiverServerGrpc e9250560-f63f-4845-b91b-4ee2b5e52a1e is started using port 33257
2023-01-31 11:34:14,755 [EndpointStateMachine task thread for /0.0.0.0:33795 - 0 ] INFO  utils.DatanodeStoreCache (DatanodeStoreCache.java:addDB(58)) - Added db /home/runner/work/ozone/ozone/hadoop-ozone/integration-test/target/test-dir/MiniOzoneClusterImpl-e7442b91-30ca-4883-b9fa-57f4a6ec4b9c/datanode-2/data-0/containers/hdds/e7442b91-30ca-4883-b9fa-57f4a6ec4b9c/DS-8fe72c3d-0106-40da-921e-12e77cd9fb2a/container.db to cache
2023-01-31 11:34:14,755 [EndpointStateMachine task thread for /0.0.0.0:33795 - 0 ] INFO  volume.HddsVolume (HddsVolume.java:createDbStore(307)) - SchemaV3 db is created and loaded at /home/runner/work/ozone/ozone/hadoop-ozone/integration-test/target/test-dir/MiniOzoneClusterImpl-e7442b91-30ca-4883-b9fa-57f4a6ec4b9c/datanode-2/data-0/containers/hdds/e7442b91-30ca-4883-b9fa-57f4a6ec4b9c/DS-8fe72c3d-0106-40da-921e-12e77cd9fb2a/container.db for volume DS-8fe72c3d-0106-40da-921e-12e77cd9fb2a
2023-01-31 11:34:14,755 [EndpointStateMachine task thread for /0.0.0.0:33795 - 0 ] INFO  ozoneimpl.OzoneContainer (OzoneContainer.java:start(399)) - Attempting to start container services.
2023-01-31 11:34:14,755 [EndpointStateMachine task thread for /0.0.0.0:33795 - 0 ] INFO  ozoneimpl.OzoneContainer (OzoneContainer.java:startContainerScrub(316)) - Scheduled background container scanners and the on-demand container scanner have been disabled.
2023-01-31 11:34:14,756 [EndpointStateMachine task thread for /0.0.0.0:33795 - 0 ] INFO  replication.ReplicationServer (ReplicationServer.java:start(109)) - ReplicationServer is started using port 33079
2023-01-31 11:34:14,757 [EndpointStateMachine task thread for /0.0.0.0:33795 - 0 ] INFO  ratis.XceiverServerRatis (XceiverServerRatis.java:start(517)) - Starting XceiverServerRatis 7c6ec4c2-78b0-4d13-b7e2-d3daf669de24
2023-01-31 11:34:14,758 [EndpointStateMachine task thread for /0.0.0.0:33795 - 0 ] INFO  server.RaftServer (RaftServerProxy.java:startImpl(393)) - 7c6ec4c2-78b0-4d13-b7e2-d3daf669de24: start RPC server
2023-01-31 11:34:14,760 [EndpointStateMachine task thread for /0.0.0.0:33795 - 0 ] INFO  server.GrpcService (GrpcService.java:startImpl(262)) - 7c6ec4c2-78b0-4d13-b7e2-d3daf669de24: GrpcService started, listening on 37179
2023-01-31 11:34:14,760 [EndpointStateMachine task thread for /0.0.0.0:33795 - 0 ] INFO  ratis.XceiverServerRatis (XceiverServerRatis.java:getRealPort(543)) - XceiverServerRatis 7c6ec4c2-78b0-4d13-b7e2-d3daf669de24 is started using port 37179 for RATIS
2023-01-31 11:34:14,760 [EndpointStateMachine task thread for /0.0.0.0:33795 - 0 ] INFO  ratis.XceiverServerRatis (XceiverServerRatis.java:getRealPort(543)) - XceiverServerRatis 7c6ec4c2-78b0-4d13-b7e2-d3daf669de24 is started using port 37179 for RATIS_ADMIN
2023-01-31 11:34:14,760 [JvmPauseMonitor3] INFO  util.JvmPauseMonitor (JvmPauseMonitor.java:run(105)) - JvmPauseMonitor-7c6ec4c2-78b0-4d13-b7e2-d3daf669de24: Started
2023-01-31 11:34:14,760 [EndpointStateMachine task thread for /0.0.0.0:33795 - 0 ] INFO  ratis.XceiverServerRatis (XceiverServerRatis.java:getRealPort(543)) - XceiverServerRatis 7c6ec4c2-78b0-4d13-b7e2-d3daf669de24 is started using port 37179 for RATIS_SERVER
2023-01-31 11:34:14,760 [EndpointStateMachine task thread for /0.0.0.0:33795 - 0 ] INFO  ratis.XceiverServerRatis (XceiverServerRatis.java:getRealPort(543)) - XceiverServerRatis 7c6ec4c2-78b0-4d13-b7e2-d3daf669de24 is started using port 42751 for RATIS_DATASTREAM
2023-01-31 11:34:14,764 [EndpointStateMachine task thread for /0.0.0.0:33795 - 0 ] INFO  server.XceiverServerGrpc (XceiverServerGrpc.java:start(180)) - XceiverServerGrpc 7c6ec4c2-78b0-4d13-b7e2-d3daf669de24 is started using port 42235
2023-01-31 11:34:15,089 [EndpointStateMachine task thread for /0.0.0.0:33795 - 0 ] INFO  utils.DatanodeStoreCache (DatanodeStoreCache.java:addDB(58)) - Added db /home/runner/work/ozone/ozone/hadoop-ozone/integration-test/target/test-dir/MiniOzoneClusterImpl-e7442b91-30ca-4883-b9fa-57f4a6ec4b9c/datanode-3/data-0/containers/hdds/e7442b91-30ca-4883-b9fa-57f4a6ec4b9c/DS-7dc4d24d-a260-4c44-a0f7-ba4916e9e400/container.db to cache
2023-01-31 11:34:15,089 [EndpointStateMachine task thread for /0.0.0.0:33795 - 0 ] INFO  volume.HddsVolume (HddsVolume.java:createDbStore(307)) - SchemaV3 db is created and loaded at /home/runner/work/ozone/ozone/hadoop-ozone/integration-test/target/test-dir/MiniOzoneClusterImpl-e7442b91-30ca-4883-b9fa-57f4a6ec4b9c/datanode-3/data-0/containers/hdds/e7442b91-30ca-4883-b9fa-57f4a6ec4b9c/DS-7dc4d24d-a260-4c44-a0f7-ba4916e9e400/container.db for volume DS-7dc4d24d-a260-4c44-a0f7-ba4916e9e400
2023-01-31 11:34:15,090 [EndpointStateMachine task thread for /0.0.0.0:33795 - 0 ] INFO  ozoneimpl.OzoneContainer (OzoneContainer.java:start(399)) - Attempting to start container services.
2023-01-31 11:34:15,090 [EndpointStateMachine task thread for /0.0.0.0:33795 - 0 ] INFO  ozoneimpl.OzoneContainer (OzoneContainer.java:startContainerScrub(316)) - Scheduled background container scanners and the on-demand container scanner have been disabled.
2023-01-31 11:34:15,091 [EndpointStateMachine task thread for /0.0.0.0:33795 - 0 ] INFO  replication.ReplicationServer (ReplicationServer.java:start(109)) - ReplicationServer is started using port 33741
2023-01-31 11:34:15,092 [EndpointStateMachine task thread for /0.0.0.0:33795 - 0 ] INFO  ratis.XceiverServerRatis (XceiverServerRatis.java:start(517)) - Starting XceiverServerRatis 380eaaea-a69e-4882-97a4-89f32b49ac35
2023-01-31 11:34:15,092 [EndpointStateMachine task thread for /0.0.0.0:33795 - 0 ] INFO  server.RaftServer (RaftServerProxy.java:startImpl(393)) - 380eaaea-a69e-4882-97a4-89f32b49ac35: start RPC server
2023-01-31 11:34:15,094 [EndpointStateMachine task thread for /0.0.0.0:33795 - 0 ] INFO  server.GrpcService (GrpcService.java:startImpl(262)) - 380eaaea-a69e-4882-97a4-89f32b49ac35: GrpcService started, listening on 38507
2023-01-31 11:34:15,094 [EndpointStateMachine task thread for /0.0.0.0:33795 - 0 ] INFO  ratis.XceiverServerRatis (XceiverServerRatis.java:getRealPort(543)) - XceiverServerRatis 380eaaea-a69e-4882-97a4-89f32b49ac35 is started using port 38507 for RATIS
2023-01-31 11:34:15,094 [JvmPauseMonitor4] INFO  util.JvmPauseMonitor (JvmPauseMonitor.java:run(105)) - JvmPauseMonitor-380eaaea-a69e-4882-97a4-89f32b49ac35: Started
2023-01-31 11:34:15,094 [EndpointStateMachine task thread for /0.0.0.0:33795 - 0 ] INFO  ratis.XceiverServerRatis (XceiverServerRatis.java:getRealPort(543)) - XceiverServerRatis 380eaaea-a69e-4882-97a4-89f32b49ac35 is started using port 38507 for RATIS_ADMIN
2023-01-31 11:34:15,094 [EndpointStateMachine task thread for /0.0.0.0:33795 - 0 ] INFO  ratis.XceiverServerRatis (XceiverServerRatis.java:getRealPort(543)) - XceiverServerRatis 380eaaea-a69e-4882-97a4-89f32b49ac35 is started using port 38507 for RATIS_SERVER
2023-01-31 11:34:15,094 [EndpointStateMachine task thread for /0.0.0.0:33795 - 0 ] INFO  ratis.XceiverServerRatis (XceiverServerRatis.java:getRealPort(543)) - XceiverServerRatis 380eaaea-a69e-4882-97a4-89f32b49ac35 is started using port 43249 for RATIS_DATASTREAM
2023-01-31 11:34:15,099 [EndpointStateMachine task thread for /0.0.0.0:33795 - 0 ] INFO  server.XceiverServerGrpc (XceiverServerGrpc.java:start(180)) - XceiverServerGrpc 380eaaea-a69e-4882-97a4-89f32b49ac35 is started using port 34625
2023-01-31 11:34:15,159 [Listener at 127.0.0.1/43645] INFO  ozone.MiniOzoneClusterImpl (MiniOzoneClusterImpl.java:lambda$waitForClusterToBeReady$0(218)) - Waiting for nodes to be ready. Got 0 of 7 DN Heartbeats.
2023-01-31 11:34:15,159 [Listener at 127.0.0.1/43645] INFO  ozone.MiniOzoneClusterImpl (MiniOzoneClusterImpl.java:lambda$waitForClusterToBeReady$0(221)) - Waiting for cluster to exit safe mode
2023-01-31 11:34:15,159 [Listener at 127.0.0.1/43645] INFO  ozone.MiniOzoneClusterImpl (MiniOzoneClusterImpl.java:lambda$waitForClusterToBeReady$0(223)) - SCM became leader
2023-01-31 11:34:15,436 [EndpointStateMachine task thread for /0.0.0.0:33795 - 0 ] INFO  utils.DatanodeStoreCache (DatanodeStoreCache.java:addDB(58)) - Added db /home/runner/work/ozone/ozone/hadoop-ozone/integration-test/target/test-dir/MiniOzoneClusterImpl-e7442b91-30ca-4883-b9fa-57f4a6ec4b9c/datanode-4/data-0/containers/hdds/e7442b91-30ca-4883-b9fa-57f4a6ec4b9c/DS-ada973eb-90c1-4100-98ee-fc2c4cdb4d1f/container.db to cache
2023-01-31 11:34:15,436 [EndpointStateMachine task thread for /0.0.0.0:33795 - 0 ] INFO  volume.HddsVolume (HddsVolume.java:createDbStore(307)) - SchemaV3 db is created and loaded at /home/runner/work/ozone/ozone/hadoop-ozone/integration-test/target/test-dir/MiniOzoneClusterImpl-e7442b91-30ca-4883-b9fa-57f4a6ec4b9c/datanode-4/data-0/containers/hdds/e7442b91-30ca-4883-b9fa-57f4a6ec4b9c/DS-ada973eb-90c1-4100-98ee-fc2c4cdb4d1f/container.db for volume DS-ada973eb-90c1-4100-98ee-fc2c4cdb4d1f
2023-01-31 11:34:15,437 [EndpointStateMachine task thread for /0.0.0.0:33795 - 0 ] INFO  ozoneimpl.OzoneContainer (OzoneContainer.java:start(399)) - Attempting to start container services.
2023-01-31 11:34:15,437 [EndpointStateMachine task thread for /0.0.0.0:33795 - 0 ] INFO  ozoneimpl.OzoneContainer (OzoneContainer.java:startContainerScrub(316)) - Scheduled background container scanners and the on-demand container scanner have been disabled.
2023-01-31 11:34:15,439 [EndpointStateMachine task thread for /0.0.0.0:33795 - 0 ] INFO  replication.ReplicationServer (ReplicationServer.java:start(109)) - ReplicationServer is started using port 39689
2023-01-31 11:34:15,442 [EndpointStateMachine task thread for /0.0.0.0:33795 - 0 ] INFO  ratis.XceiverServerRatis (XceiverServerRatis.java:start(517)) - Starting XceiverServerRatis a389750c-4ae5-414b-81bd-9813f0be5621
2023-01-31 11:34:15,442 [EndpointStateMachine task thread for /0.0.0.0:33795 - 0 ] INFO  server.RaftServer (RaftServerProxy.java:startImpl(393)) - a389750c-4ae5-414b-81bd-9813f0be5621: start RPC server
2023-01-31 11:34:15,444 [EndpointStateMachine task thread for /0.0.0.0:33795 - 0 ] INFO  server.GrpcService (GrpcService.java:startImpl(262)) - a389750c-4ae5-414b-81bd-9813f0be5621: GrpcService started, listening on 42291
2023-01-31 11:34:15,444 [EndpointStateMachine task thread for /0.0.0.0:33795 - 0 ] INFO  ratis.XceiverServerRatis (XceiverServerRatis.java:getRealPort(543)) - XceiverServerRatis a389750c-4ae5-414b-81bd-9813f0be5621 is started using port 42291 for RATIS
2023-01-31 11:34:15,444 [EndpointStateMachine task thread for /0.0.0.0:33795 - 0 ] INFO  ratis.XceiverServerRatis (XceiverServerRatis.java:getRealPort(543)) - XceiverServerRatis a389750c-4ae5-414b-81bd-9813f0be5621 is started using port 42291 for RATIS_ADMIN
2023-01-31 11:34:15,444 [JvmPauseMonitor5] INFO  util.JvmPauseMonitor (JvmPauseMonitor.java:run(105)) - JvmPauseMonitor-a389750c-4ae5-414b-81bd-9813f0be5621: Started
2023-01-31 11:34:15,444 [EndpointStateMachine task thread for /0.0.0.0:33795 - 0 ] INFO  ratis.XceiverServerRatis (XceiverServerRatis.java:getRealPort(543)) - XceiverServerRatis a389750c-4ae5-414b-81bd-9813f0be5621 is started using port 42291 for RATIS_SERVER
2023-01-31 11:34:15,446 [EndpointStateMachine task thread for /0.0.0.0:33795 - 0 ] INFO  ratis.XceiverServerRatis (XceiverServerRatis.java:getRealPort(543)) - XceiverServerRatis a389750c-4ae5-414b-81bd-9813f0be5621 is started using port 41111 for RATIS_DATASTREAM
2023-01-31 11:34:15,452 [EndpointStateMachine task thread for /0.0.0.0:33795 - 0 ] INFO  server.XceiverServerGrpc (XceiverServerGrpc.java:start(180)) - XceiverServerGrpc a389750c-4ae5-414b-81bd-9813f0be5621 is started using port 40921
2023-01-31 11:34:15,758 [EndpointStateMachine task thread for /0.0.0.0:33795 - 0 ] INFO  utils.DatanodeStoreCache (DatanodeStoreCache.java:addDB(58)) - Added db /home/runner/work/ozone/ozone/hadoop-ozone/integration-test/target/test-dir/MiniOzoneClusterImpl-e7442b91-30ca-4883-b9fa-57f4a6ec4b9c/datanode-5/data-0/containers/hdds/e7442b91-30ca-4883-b9fa-57f4a6ec4b9c/DS-1fc26934-8b7c-46c5-9af4-61419523cc8b/container.db to cache
2023-01-31 11:34:15,758 [EndpointStateMachine task thread for /0.0.0.0:33795 - 0 ] INFO  volume.HddsVolume (HddsVolume.java:createDbStore(307)) - SchemaV3 db is created and loaded at /home/runner/work/ozone/ozone/hadoop-ozone/integration-test/target/test-dir/MiniOzoneClusterImpl-e7442b91-30ca-4883-b9fa-57f4a6ec4b9c/datanode-5/data-0/containers/hdds/e7442b91-30ca-4883-b9fa-57f4a6ec4b9c/DS-1fc26934-8b7c-46c5-9af4-61419523cc8b/container.db for volume DS-1fc26934-8b7c-46c5-9af4-61419523cc8b
2023-01-31 11:34:15,758 [EndpointStateMachine task thread for /0.0.0.0:33795 - 0 ] INFO  ozoneimpl.OzoneContainer (OzoneContainer.java:start(399)) - Attempting to start container services.
2023-01-31 11:34:15,758 [EndpointStateMachine task thread for /0.0.0.0:33795 - 0 ] INFO  ozoneimpl.OzoneContainer (OzoneContainer.java:startContainerScrub(316)) - Scheduled background container scanners and the on-demand container scanner have been disabled.
2023-01-31 11:34:15,760 [EndpointStateMachine task thread for /0.0.0.0:33795 - 0 ] INFO  replication.ReplicationServer (ReplicationServer.java:start(109)) - ReplicationServer is started using port 35371
2023-01-31 11:34:15,761 [EndpointStateMachine task thread for /0.0.0.0:33795 - 0 ] INFO  ratis.XceiverServerRatis (XceiverServerRatis.java:start(517)) - Starting XceiverServerRatis 9e99b025-1169-4fb3-85c4-dfafc24d087e
2023-01-31 11:34:15,761 [EndpointStateMachine task thread for /0.0.0.0:33795 - 0 ] INFO  server.RaftServer (RaftServerProxy.java:startImpl(393)) - 9e99b025-1169-4fb3-85c4-dfafc24d087e: start RPC server
2023-01-31 11:34:15,763 [EndpointStateMachine task thread for /0.0.0.0:33795 - 0 ] INFO  server.GrpcService (GrpcService.java:startImpl(262)) - 9e99b025-1169-4fb3-85c4-dfafc24d087e: GrpcService started, listening on 37463
2023-01-31 11:34:15,763 [EndpointStateMachine task thread for /0.0.0.0:33795 - 0 ] INFO  ratis.XceiverServerRatis (XceiverServerRatis.java:getRealPort(543)) - XceiverServerRatis 9e99b025-1169-4fb3-85c4-dfafc24d087e is started using port 37463 for RATIS
2023-01-31 11:34:15,763 [EndpointStateMachine task thread for /0.0.0.0:33795 - 0 ] INFO  ratis.XceiverServerRatis (XceiverServerRatis.java:getRealPort(543)) - XceiverServerRatis 9e99b025-1169-4fb3-85c4-dfafc24d087e is started using port 37463 for RATIS_ADMIN
2023-01-31 11:34:15,763 [EndpointStateMachine task thread for /0.0.0.0:33795 - 0 ] INFO  ratis.XceiverServerRatis (XceiverServerRatis.java:getRealPort(543)) - XceiverServerRatis 9e99b025-1169-4fb3-85c4-dfafc24d087e is started using port 37463 for RATIS_SERVER
2023-01-31 11:34:15,763 [EndpointStateMachine task thread for /0.0.0.0:33795 - 0 ] INFO  ratis.XceiverServerRatis (XceiverServerRatis.java:getRealPort(543)) - XceiverServerRatis 9e99b025-1169-4fb3-85c4-dfafc24d087e is started using port 35193 for RATIS_DATASTREAM
2023-01-31 11:34:15,764 [JvmPauseMonitor6] INFO  util.JvmPauseMonitor (JvmPauseMonitor.java:run(105)) - JvmPauseMonitor-9e99b025-1169-4fb3-85c4-dfafc24d087e: Started
2023-01-31 11:34:15,765 [EndpointStateMachine task thread for /0.0.0.0:33795 - 0 ] INFO  server.XceiverServerGrpc (XceiverServerGrpc.java:start(180)) - XceiverServerGrpc 9e99b025-1169-4fb3-85c4-dfafc24d087e is started using port 46301
2023-01-31 11:34:15,843 [IPC Server handler 16 on default port 33795] INFO  net.NetworkTopologyImpl (NetworkTopologyImpl.java:add(112)) - Added a new node: /default-rack/da03ca31-a8e2-4a02-8a0e-9033bcd0268f
2023-01-31 11:34:15,844 [IPC Server handler 16 on default port 33795] INFO  node.SCMNodeManager (SCMNodeManager.java:register(397)) - Registered Data node : da03ca31-a8e2-4a02-8a0e-9033bcd0268f{ip: 10.1.0.34, host: fv-az47-440.mma5zatft5wupo5mzspaixdheh.bx.internal.cloudapp.net, ports: [REPLICATION=39249, RATIS=42519, RATIS_ADMIN=42519, RATIS_SERVER=42519, RATIS_DATASTREAM=33639, STANDALONE=43921], networkLocation: /default-rack, certSerialId: null, persistedOpState: null, persistedOpStateExpiryEpochSec: 0}
2023-01-31 11:34:15,850 [EventQueue-NewNodeForNewNodeHandler] INFO  pipeline.BackgroundPipelineCreator (BackgroundPipelineCreator.java:notifyEventTriggered(276)) - trigger a one-shot run on RatisPipelineUtilsThread.
2023-01-31 11:34:15,854 [EventQueue-NodeRegistrationContainerReportForDataNodeSafeModeRule] INFO  safemode.SCMSafeModeManager (DataNodeSafeModeRule.java:process(71)) - SCM in safe mode. 1 DataNodes registered, 3 required.
2023-01-31 11:34:15,857 [RatisPipelineUtilsThread - 0] INFO  pipeline.RatisPipelineProvider (RatisPipelineProvider.java:lambda$create$0(206)) - Sending CreatePipelineCommand for pipeline:PipelineID=92fee0fc-7a34-409d-95ab-733583fdb156 to datanode:da03ca31-a8e2-4a02-8a0e-9033bcd0268f
2023-01-31 11:34:15,858 [EventQueue-NodeRegistrationContainerReportForContainerSafeModeRule] INFO  safemode.SCMSafeModeManager (SCMSafeModeManager.java:validateSafeModeExitRules(200)) - ContainerSafeModeRule rule is successfully validated
2023-01-31 11:34:15,868 [RatisPipelineUtilsThread - 0] INFO  pipeline.PipelineStateManagerImpl (PipelineStateManagerImpl.java:addPipeline(103)) - Created pipeline Pipeline[ Id: 92fee0fc-7a34-409d-95ab-733583fdb156, Nodes: da03ca31-a8e2-4a02-8a0e-9033bcd0268f(fv-az47-440.mma5zatft5wupo5mzspaixdheh.bx.internal.cloudapp.net/10.1.0.34), ReplicationConfig: RATIS/ONE, State:ALLOCATED, leaderId:, CreationTimestamp2023-01-31T11:34:15.856Z[Etc/UTC]].
2023-01-31 11:34:15,870 [EventQueue-PipelineReportForOneReplicaPipelineSafeModeRule] INFO  safemode.SCMSafeModeManager (SCMSafeModeManager.java:validateSafeModeExitRules(200)) - AtleastOneDatanodeReportedRule rule is successfully validated
2023-01-31 11:34:16,159 [Listener at 127.0.0.1/43645] INFO  ozone.MiniOzoneClusterImpl (MiniOzoneClusterImpl.java:lambda$waitForClusterToBeReady$0(218)) - Waiting for nodes to be ready. Got 1 of 7 DN Heartbeats.
2023-01-31 11:34:16,160 [Listener at 127.0.0.1/43645] INFO  ozone.MiniOzoneClusterImpl (MiniOzoneClusterImpl.java:lambda$waitForClusterToBeReady$0(221)) - Waiting for cluster to exit safe mode
2023-01-31 11:34:16,160 [Listener at 127.0.0.1/43645] INFO  ozone.MiniOzoneClusterImpl (MiniOzoneClusterImpl.java:lambda$waitForClusterToBeReady$0(223)) - SCM became leader
2023-01-31 11:34:16,183 [EndpointStateMachine task thread for /0.0.0.0:33795 - 0 ] INFO  utils.DatanodeStoreCache (DatanodeStoreCache.java:addDB(58)) - Added db /home/runner/work/ozone/ozone/hadoop-ozone/integration-test/target/test-dir/MiniOzoneClusterImpl-e7442b91-30ca-4883-b9fa-57f4a6ec4b9c/datanode-6/data-0/containers/hdds/e7442b91-30ca-4883-b9fa-57f4a6ec4b9c/DS-cc826a8a-3644-46de-8ea1-3b8e18498f5a/container.db to cache
2023-01-31 11:34:16,183 [EndpointStateMachine task thread for /0.0.0.0:33795 - 0 ] INFO  volume.HddsVolume (HddsVolume.java:createDbStore(307)) - SchemaV3 db is created and loaded at /home/runner/work/ozone/ozone/hadoop-ozone/integration-test/target/test-dir/MiniOzoneClusterImpl-e7442b91-30ca-4883-b9fa-57f4a6ec4b9c/datanode-6/data-0/containers/hdds/e7442b91-30ca-4883-b9fa-57f4a6ec4b9c/DS-cc826a8a-3644-46de-8ea1-3b8e18498f5a/container.db for volume DS-cc826a8a-3644-46de-8ea1-3b8e18498f5a
2023-01-31 11:34:16,183 [EndpointStateMachine task thread for /0.0.0.0:33795 - 0 ] INFO  ozoneimpl.OzoneContainer (OzoneContainer.java:start(399)) - Attempting to start container services.
2023-01-31 11:34:16,183 [EndpointStateMachine task thread for /0.0.0.0:33795 - 0 ] INFO  ozoneimpl.OzoneContainer (OzoneContainer.java:startContainerScrub(316)) - Scheduled background container scanners and the on-demand container scanner have been disabled.
2023-01-31 11:34:16,187 [EndpointStateMachine task thread for /0.0.0.0:33795 - 0 ] INFO  replication.ReplicationServer (ReplicationServer.java:start(109)) - ReplicationServer is started using port 35885
2023-01-31 11:34:16,187 [EndpointStateMachine task thread for /0.0.0.0:33795 - 0 ] INFO  ratis.XceiverServerRatis (XceiverServerRatis.java:start(517)) - Starting XceiverServerRatis 4c53ac08-9fc0-49b0-af80-b80d3dd99c18
2023-01-31 11:34:16,188 [EndpointStateMachine task thread for /0.0.0.0:33795 - 0 ] INFO  server.RaftServer (RaftServerProxy.java:startImpl(393)) - 4c53ac08-9fc0-49b0-af80-b80d3dd99c18: start RPC server
2023-01-31 11:34:16,189 [EndpointStateMachine task thread for /0.0.0.0:33795 - 0 ] INFO  server.GrpcService (GrpcService.java:startImpl(262)) - 4c53ac08-9fc0-49b0-af80-b80d3dd99c18: GrpcService started, listening on 42691
2023-01-31 11:34:16,189 [EndpointStateMachine task thread for /0.0.0.0:33795 - 0 ] INFO  ratis.XceiverServerRatis (XceiverServerRatis.java:getRealPort(543)) - XceiverServerRatis 4c53ac08-9fc0-49b0-af80-b80d3dd99c18 is started using port 42691 for RATIS
2023-01-31 11:34:16,189 [JvmPauseMonitor7] INFO  util.JvmPauseMonitor (JvmPauseMonitor.java:run(105)) - JvmPauseMonitor-4c53ac08-9fc0-49b0-af80-b80d3dd99c18: Started
2023-01-31 11:34:16,189 [EndpointStateMachine task thread for /0.0.0.0:33795 - 0 ] INFO  ratis.XceiverServerRatis (XceiverServerRatis.java:getRealPort(543)) - XceiverServerRatis 4c53ac08-9fc0-49b0-af80-b80d3dd99c18 is started using port 42691 for RATIS_ADMIN
2023-01-31 11:34:16,189 [EndpointStateMachine task thread for /0.0.0.0:33795 - 0 ] INFO  ratis.XceiverServerRatis (XceiverServerRatis.java:getRealPort(543)) - XceiverServerRatis 4c53ac08-9fc0-49b0-af80-b80d3dd99c18 is started using port 42691 for RATIS_SERVER
2023-01-31 11:34:16,189 [EndpointStateMachine task thread for /0.0.0.0:33795 - 0 ] INFO  ratis.XceiverServerRatis (XceiverServerRatis.java:getRealPort(543)) - XceiverServerRatis 4c53ac08-9fc0-49b0-af80-b80d3dd99c18 is started using port 46081 for RATIS_DATASTREAM
2023-01-31 11:34:16,192 [EndpointStateMachine task thread for /0.0.0.0:33795 - 0 ] INFO  server.XceiverServerGrpc (XceiverServerGrpc.java:start(180)) - XceiverServerGrpc 4c53ac08-9fc0-49b0-af80-b80d3dd99c18 is started using port 36889
2023-01-31 11:34:16,394 [IPC Server handler 19 on default port 33795] INFO  net.NetworkTopologyImpl (NetworkTopologyImpl.java:add(112)) - Added a new node: /default-rack/e9250560-f63f-4845-b91b-4ee2b5e52a1e
2023-01-31 11:34:16,394 [IPC Server handler 19 on default port 33795] INFO  node.SCMNodeManager (SCMNodeManager.java:register(397)) - Registered Data node : e9250560-f63f-4845-b91b-4ee2b5e52a1e{ip: 10.1.0.34, host: fv-az47-440.mma5zatft5wupo5mzspaixdheh.bx.internal.cloudapp.net, ports: [REPLICATION=34163, RATIS=46329, RATIS_ADMIN=46329, RATIS_SERVER=46329, RATIS_DATASTREAM=39341, STANDALONE=33257], networkLocation: /default-rack, certSerialId: null, persistedOpState: null, persistedOpStateExpiryEpochSec: 0}
2023-01-31 11:34:16,394 [EventQueue-NewNodeForNewNodeHandler] INFO  pipeline.BackgroundPipelineCreator (BackgroundPipelineCreator.java:notifyEventTriggered(276)) - trigger a one-shot run on RatisPipelineUtilsThread.
2023-01-31 11:34:16,395 [EventQueue-NodeRegistrationContainerReportForDataNodeSafeModeRule] INFO  safemode.SCMSafeModeManager (DataNodeSafeModeRule.java:process(71)) - SCM in safe mode. 2 DataNodes registered, 3 required.
2023-01-31 11:34:16,396 [RatisPipelineUtilsThread - 0] INFO  pipeline.RatisPipelineProvider (RatisPipelineProvider.java:lambda$create$0(206)) - Sending CreatePipelineCommand for pipeline:PipelineID=9600a70e-8ef6-40d5-80b2-b02b3020f3f8 to datanode:e9250560-f63f-4845-b91b-4ee2b5e52a1e
2023-01-31 11:34:16,396 [RatisPipelineUtilsThread - 0] INFO  pipeline.PipelineStateManagerImpl (PipelineStateManagerImpl.java:addPipeline(103)) - Created pipeline Pipeline[ Id: 9600a70e-8ef6-40d5-80b2-b02b3020f3f8, Nodes: e9250560-f63f-4845-b91b-4ee2b5e52a1e(fv-az47-440.mma5zatft5wupo5mzspaixdheh.bx.internal.cloudapp.net/10.1.0.34), ReplicationConfig: RATIS/ONE, State:ALLOCATED, leaderId:, CreationTimestamp2023-01-31T11:34:16.396Z[Etc/UTC]].
2023-01-31 11:34:16,734 [IPC Server handler 18 on default port 33795] INFO  net.NetworkTopologyImpl (NetworkTopologyImpl.java:add(112)) - Added a new node: /default-rack/7c6ec4c2-78b0-4d13-b7e2-d3daf669de24
2023-01-31 11:34:16,734 [IPC Server handler 18 on default port 33795] INFO  node.SCMNodeManager (SCMNodeManager.java:register(397)) - Registered Data node : 7c6ec4c2-78b0-4d13-b7e2-d3daf669de24{ip: 10.1.0.34, host: fv-az47-440.mma5zatft5wupo5mzspaixdheh.bx.internal.cloudapp.net, ports: [REPLICATION=33079, RATIS=37179, RATIS_ADMIN=37179, RATIS_SERVER=37179, RATIS_DATASTREAM=42751, STANDALONE=42235], networkLocation: /default-rack, certSerialId: null, persistedOpState: null, persistedOpStateExpiryEpochSec: 0}
2023-01-31 11:34:16,735 [EventQueue-NewNodeForNewNodeHandler] INFO  pipeline.BackgroundPipelineCreator (BackgroundPipelineCreator.java:notifyEventTriggered(276)) - trigger a one-shot run on RatisPipelineUtilsThread.
2023-01-31 11:34:16,735 [RatisPipelineUtilsThread - 0] INFO  pipeline.RatisPipelineProvider (RatisPipelineProvider.java:lambda$create$0(206)) - Sending CreatePipelineCommand for pipeline:PipelineID=98c73690-264d-44c0-b2a3-ec69bcbf2bc9 to datanode:7c6ec4c2-78b0-4d13-b7e2-d3daf669de24
2023-01-31 11:34:16,736 [RatisPipelineUtilsThread - 0] INFO  pipeline.PipelineStateManagerImpl (PipelineStateManagerImpl.java:addPipeline(103)) - Created pipeline Pipeline[ Id: 98c73690-264d-44c0-b2a3-ec69bcbf2bc9, Nodes: 7c6ec4c2-78b0-4d13-b7e2-d3daf669de24(fv-az47-440.mma5zatft5wupo5mzspaixdheh.bx.internal.cloudapp.net/10.1.0.34), ReplicationConfig: RATIS/ONE, State:ALLOCATED, leaderId:, CreationTimestamp2023-01-31T11:34:16.735Z[Etc/UTC]].
2023-01-31 11:34:16,736 [EventQueue-NodeRegistrationContainerReportForDataNodeSafeModeRule] INFO  safemode.SCMSafeModeManager (DataNodeSafeModeRule.java:process(71)) - SCM in safe mode. 3 DataNodes registered, 3 required.
2023-01-31 11:34:16,736 [EventQueue-NodeRegistrationContainerReportForDataNodeSafeModeRule] INFO  safemode.SCMSafeModeManager (SCMSafeModeManager.java:validateSafeModeExitRules(200)) - DataNodeSafeModeRule rule is successfully validated
2023-01-31 11:34:16,736 [EventQueue-NodeRegistrationContainerReportForDataNodeSafeModeRule] INFO  safemode.SCMSafeModeManager (SCMSafeModeManager.java:completePreCheck(229)) - All SCM safe mode pre check rules have passed
2023-01-31 11:34:16,736 [EventQueue-NodeRegistrationContainerReportForDataNodeSafeModeRule] INFO  ha.SCMContext (SCMContext.java:updateSafeModeStatus(228)) - Update SafeModeStatus from SafeModeStatus{safeModeStatus=true, preCheckPassed=false} to SafeModeStatus{safeModeStatus=true, preCheckPassed=true}.
2023-01-31 11:34:16,736 [EventQueue-NodeRegistrationContainerReportForDataNodeSafeModeRule] INFO  pipeline.BackgroundPipelineCreator (BackgroundPipelineCreator.java:notifyEventTriggered(276)) - trigger a one-shot run on RatisPipelineUtilsThread.
2023-01-31 11:34:16,740 [RatisPipelineUtilsThread - 0] INFO  pipeline.RatisPipelineProvider (RatisPipelineProvider.java:lambda$create$0(206)) - Sending CreatePipelineCommand for pipeline:PipelineID=3833c052-5fb2-4765-9402-49be29caac96 to datanode:7c6ec4c2-78b0-4d13-b7e2-d3daf669de24
2023-01-31 11:34:16,741 [RatisPipelineUtilsThread - 0] INFO  pipeline.RatisPipelineProvider (RatisPipelineProvider.java:lambda$create$0(206)) - Sending CreatePipelineCommand for pipeline:PipelineID=3833c052-5fb2-4765-9402-49be29caac96 to datanode:e9250560-f63f-4845-b91b-4ee2b5e52a1e
2023-01-31 11:34:16,741 [RatisPipelineUtilsThread - 0] INFO  pipeline.RatisPipelineProvider (RatisPipelineProvider.java:lambda$create$0(206)) - Sending CreatePipelineCommand for pipeline:PipelineID=3833c052-5fb2-4765-9402-49be29caac96 to datanode:da03ca31-a8e2-4a02-8a0e-9033bcd0268f
2023-01-31 11:34:16,742 [RatisPipelineUtilsThread - 0] INFO  pipeline.PipelineStateManagerImpl (PipelineStateManagerImpl.java:addPipeline(103)) - Created pipeline Pipeline[ Id: 3833c052-5fb2-4765-9402-49be29caac96, Nodes: 7c6ec4c2-78b0-4d13-b7e2-d3daf669de24(fv-az47-440.mma5zatft5wupo5mzspaixdheh.bx.internal.cloudapp.net/10.1.0.34)e9250560-f63f-4845-b91b-4ee2b5e52a1e(fv-az47-440.mma5zatft5wupo5mzspaixdheh.bx.internal.cloudapp.net/10.1.0.34)da03ca31-a8e2-4a02-8a0e-9033bcd0268f(fv-az47-440.mma5zatft5wupo5mzspaixdheh.bx.internal.cloudapp.net/10.1.0.34), ReplicationConfig: RATIS/THREE, State:ALLOCATED, leaderId:, CreationTimestamp2023-01-31T11:34:16.740Z[Etc/UTC]].
2023-01-31 11:34:16,743 [RatisPipelineUtilsThread - 0] INFO  pipeline.RatisPipelineProvider (RatisPipelineProvider.java:lambda$create$0(206)) - Sending CreatePipelineCommand for pipeline:PipelineID=32589a1c-0da5-42bc-820c-88cb3dfb34b0 to datanode:da03ca31-a8e2-4a02-8a0e-9033bcd0268f
2023-01-31 11:34:16,743 [RatisPipelineUtilsThread - 0] INFO  pipeline.RatisPipelineProvider (RatisPipelineProvider.java:lambda$create$0(206)) - Sending CreatePipelineCommand for pipeline:PipelineID=32589a1c-0da5-42bc-820c-88cb3dfb34b0 to datanode:e9250560-f63f-4845-b91b-4ee2b5e52a1e
2023-01-31 11:34:16,744 [RatisPipelineUtilsThread - 0] INFO  pipeline.RatisPipelineProvider (RatisPipelineProvider.java:lambda$create$0(206)) - Sending CreatePipelineCommand for pipeline:PipelineID=32589a1c-0da5-42bc-820c-88cb3dfb34b0 to datanode:7c6ec4c2-78b0-4d13-b7e2-d3daf669de24
2023-01-31 11:34:16,744 [RatisPipelineUtilsThread - 0] INFO  pipeline.PipelineStateManagerImpl (PipelineStateManagerImpl.java:addPipeline(103)) - Created pipeline Pipeline[ Id: 32589a1c-0da5-42bc-820c-88cb3dfb34b0, Nodes: da03ca31-a8e2-4a02-8a0e-9033bcd0268f(fv-az47-440.mma5zatft5wupo5mzspaixdheh.bx.internal.cloudapp.net/10.1.0.34)e9250560-f63f-4845-b91b-4ee2b5e52a1e(fv-az47-440.mma5zatft5wupo5mzspaixdheh.bx.internal.cloudapp.net/10.1.0.34)7c6ec4c2-78b0-4d13-b7e2-d3daf669de24(fv-az47-440.mma5zatft5wupo5mzspaixdheh.bx.internal.cloudapp.net/10.1.0.34), ReplicationConfig: RATIS/THREE, State:ALLOCATED, leaderId:, CreationTimestamp2023-01-31T11:34:16.743Z[Etc/UTC]].
2023-01-31 11:34:16,744 [RatisPipelineUtilsThread - 0] INFO  pipeline.PipelineManagerImpl (PipelineManagerImpl.java:recordMetricsForPipeline(826)) - Pipeline: PipelineID=32589a1c-0da5-42bc-820c-88cb3dfb34b0 contains same datanodes as previous pipelines: PipelineID=3833c052-5fb2-4765-9402-49be29caac96 nodeIds: da03ca31-a8e2-4a02-8a0e-9033bcd0268f, e9250560-f63f-4845-b91b-4ee2b5e52a1e, 7c6ec4c2-78b0-4d13-b7e2-d3daf669de24
2023-01-31 11:34:16,745 [RatisPipelineUtilsThread - 0] WARN  pipeline.PipelinePlacementPolicy (PipelinePlacementPolicy.java:filterViableNodes(158)) - Pipeline creation failed due to no sufficient healthy datanodes. Required 3. Found 0.
2023-01-31 11:34:17,068 [IPC Server handler 17 on default port 33795] INFO  net.NetworkTopologyImpl (NetworkTopologyImpl.java:add(112)) - Added a new node: /default-rack/380eaaea-a69e-4882-97a4-89f32b49ac35
2023-01-31 11:34:17,069 [IPC Server handler 17 on default port 33795] INFO  node.SCMNodeManager (SCMNodeManager.java:register(397)) - Registered Data node : 380eaaea-a69e-4882-97a4-89f32b49ac35{ip: 10.1.0.34, host: fv-az47-440.mma5zatft5wupo5mzspaixdheh.bx.internal.cloudapp.net, ports: [REPLICATION=33741, RATIS=38507, RATIS_ADMIN=38507, RATIS_SERVER=38507, RATIS_DATASTREAM=43249, STANDALONE=34625], networkLocation: /default-rack, certSerialId: null, persistedOpState: null, persistedOpStateExpiryEpochSec: 0}
2023-01-31 11:34:17,069 [EventQueue-NewNodeForNewNodeHandler] INFO  pipeline.BackgroundPipelineCreator (BackgroundPipelineCreator.java:notifyEventTriggered(276)) - trigger a one-shot run on RatisPipelineUtilsThread.
2023-01-31 11:34:17,072 [RatisPipelineUtilsThread - 0] INFO  pipeline.RatisPipelineProvider (RatisPipelineProvider.java:lambda$create$0(206)) - Sending CreatePipelineCommand for pipeline:PipelineID=71119932-096d-4769-8633-d5a5ce62e70b to datanode:380eaaea-a69e-4882-97a4-89f32b49ac35
2023-01-31 11:34:17,073 [RatisPipelineUtilsThread - 0] INFO  pipeline.PipelineStateManagerImpl (PipelineStateManagerImpl.java:addPipeline(103)) - Created pipeline Pipeline[ Id: 71119932-096d-4769-8633-d5a5ce62e70b, Nodes: 380eaaea-a69e-4882-97a4-89f32b49ac35(fv-az47-440.mma5zatft5wupo5mzspaixdheh.bx.internal.cloudapp.net/10.1.0.34), ReplicationConfig: RATIS/ONE, State:ALLOCATED, leaderId:, CreationTimestamp2023-01-31T11:34:17.072Z[Etc/UTC]].
2023-01-31 11:34:17,074 [RatisPipelineUtilsThread - 0] WARN  pipeline.PipelinePlacementPolicy (PipelinePlacementPolicy.java:filterViableNodes(158)) - Pipeline creation failed due to no sufficient healthy datanodes. Required 3. Found 1.
2023-01-31 11:34:17,160 [Listener at 127.0.0.1/43645] INFO  ozone.MiniOzoneClusterImpl (MiniOzoneClusterImpl.java:lambda$waitForClusterToBeReady$0(218)) - Waiting for nodes to be ready. Got 4 of 7 DN Heartbeats.
2023-01-31 11:34:17,160 [Listener at 127.0.0.1/43645] INFO  ozone.MiniOzoneClusterImpl (MiniOzoneClusterImpl.java:lambda$waitForClusterToBeReady$0(221)) - Waiting for cluster to exit safe mode
2023-01-31 11:34:17,160 [Listener at 127.0.0.1/43645] INFO  ozone.MiniOzoneClusterImpl (MiniOzoneClusterImpl.java:lambda$waitForClusterToBeReady$0(223)) - SCM became leader
2023-01-31 11:34:17,415 [IPC Server handler 18 on default port 33795] INFO  net.NetworkTopologyImpl (NetworkTopologyImpl.java:add(112)) - Added a new node: /default-rack/a389750c-4ae5-414b-81bd-9813f0be5621
2023-01-31 11:34:17,415 [IPC Server handler 18 on default port 33795] INFO  node.SCMNodeManager (SCMNodeManager.java:register(397)) - Registered Data node : a389750c-4ae5-414b-81bd-9813f0be5621{ip: 10.1.0.34, host: fv-az47-440.mma5zatft5wupo5mzspaixdheh.bx.internal.cloudapp.net, ports: [REPLICATION=39689, RATIS=42291, RATIS_ADMIN=42291, RATIS_SERVER=42291, RATIS_DATASTREAM=41111, STANDALONE=40921], networkLocation: /default-rack, certSerialId: null, persistedOpState: null, persistedOpStateExpiryEpochSec: 0}
2023-01-31 11:34:17,415 [EventQueue-NewNodeForNewNodeHandler] INFO  pipeline.BackgroundPipelineCreator (BackgroundPipelineCreator.java:notifyEventTriggered(276)) - trigger a one-shot run on RatisPipelineUtilsThread.
2023-01-31 11:34:17,416 [RatisPipelineUtilsThread - 0] INFO  pipeline.RatisPipelineProvider (RatisPipelineProvider.java:lambda$create$0(206)) - Sending CreatePipelineCommand for pipeline:PipelineID=5fe58cdf-1b2c-4e56-9c34-070932b0d39d to datanode:a389750c-4ae5-414b-81bd-9813f0be5621
2023-01-31 11:34:17,417 [RatisPipelineUtilsThread - 0] INFO  pipeline.PipelineStateManagerImpl (PipelineStateManagerImpl.java:addPipeline(103)) - Created pipeline Pipeline[ Id: 5fe58cdf-1b2c-4e56-9c34-070932b0d39d, Nodes: a389750c-4ae5-414b-81bd-9813f0be5621(fv-az47-440.mma5zatft5wupo5mzspaixdheh.bx.internal.cloudapp.net/10.1.0.34), ReplicationConfig: RATIS/ONE, State:ALLOCATED, leaderId:, CreationTimestamp2023-01-31T11:34:17.416Z[Etc/UTC]].
2023-01-31 11:34:17,417 [RatisPipelineUtilsThread - 0] WARN  pipeline.PipelinePlacementPolicy (PipelinePlacementPolicy.java:filterViableNodes(158)) - Pipeline creation failed due to no sufficient healthy datanodes. Required 3. Found 2.
2023-01-31 11:34:17,734 [IPC Server handler 16 on default port 33795] INFO  net.NetworkTopologyImpl (NetworkTopologyImpl.java:add(112)) - Added a new node: /default-rack/9e99b025-1169-4fb3-85c4-dfafc24d087e
2023-01-31 11:34:17,734 [IPC Server handler 16 on default port 33795] INFO  node.SCMNodeManager (SCMNodeManager.java:register(397)) - Registered Data node : 9e99b025-1169-4fb3-85c4-dfafc24d087e{ip: 10.1.0.34, host: fv-az47-440.mma5zatft5wupo5mzspaixdheh.bx.internal.cloudapp.net, ports: [REPLICATION=35371, RATIS=37463, RATIS_ADMIN=37463, RATIS_SERVER=37463, RATIS_DATASTREAM=35193, STANDALONE=46301], networkLocation: /default-rack, certSerialId: null, persistedOpState: null, persistedOpStateExpiryEpochSec: 0}
2023-01-31 11:34:17,734 [EventQueue-NewNodeForNewNodeHandler] INFO  pipeline.BackgroundPipelineCreator (BackgroundPipelineCreator.java:notifyEventTriggered(276)) - trigger a one-shot run on RatisPipelineUtilsThread.
2023-01-31 11:34:17,736 [RatisPipelineUtilsThread - 0] INFO  pipeline.RatisPipelineProvider (RatisPipelineProvider.java:lambda$create$0(206)) - Sending CreatePipelineCommand for pipeline:PipelineID=bddcac43-05f7-4c8b-a195-7e39110652d1 to datanode:9e99b025-1169-4fb3-85c4-dfafc24d087e
2023-01-31 11:34:17,736 [RatisPipelineUtilsThread - 0] INFO  pipeline.PipelineStateManagerImpl (PipelineStateManagerImpl.java:addPipeline(103)) - Created pipeline Pipeline[ Id: bddcac43-05f7-4c8b-a195-7e39110652d1, Nodes: 9e99b025-1169-4fb3-85c4-dfafc24d087e(fv-az47-440.mma5zatft5wupo5mzspaixdheh.bx.internal.cloudapp.net/10.1.0.34), ReplicationConfig: RATIS/ONE, State:ALLOCATED, leaderId:, CreationTimestamp2023-01-31T11:34:17.736Z[Etc/UTC]].
2023-01-31 11:34:17,737 [RatisPipelineUtilsThread - 0] INFO  pipeline.RatisPipelineProvider (RatisPipelineProvider.java:lambda$create$0(206)) - Sending CreatePipelineCommand for pipeline:PipelineID=dbac0fe6-f997-4e91-9c7a-00d358838691 to datanode:a389750c-4ae5-414b-81bd-9813f0be5621
2023-01-31 11:34:17,737 [RatisPipelineUtilsThread - 0] INFO  pipeline.RatisPipelineProvider (RatisPipelineProvider.java:lambda$create$0(206)) - Sending CreatePipelineCommand for pipeline:PipelineID=dbac0fe6-f997-4e91-9c7a-00d358838691 to datanode:380eaaea-a69e-4882-97a4-89f32b49ac35
2023-01-31 11:34:17,737 [RatisPipelineUtilsThread - 0] INFO  pipeline.RatisPipelineProvider (RatisPipelineProvider.java:lambda$create$0(206)) - Sending CreatePipelineCommand for pipeline:PipelineID=dbac0fe6-f997-4e91-9c7a-00d358838691 to datanode:9e99b025-1169-4fb3-85c4-dfafc24d087e
2023-01-31 11:34:17,738 [RatisPipelineUtilsThread - 0] INFO  pipeline.PipelineStateManagerImpl (PipelineStateManagerImpl.java:addPipeline(103)) - Created pipeline Pipeline[ Id: dbac0fe6-f997-4e91-9c7a-00d358838691, Nodes: a389750c-4ae5-414b-81bd-9813f0be5621(fv-az47-440.mma5zatft5wupo5mzspaixdheh.bx.internal.cloudapp.net/10.1.0.34)380eaaea-a69e-4882-97a4-89f32b49ac35(fv-az47-440.mma5zatft5wupo5mzspaixdheh.bx.internal.cloudapp.net/10.1.0.34)9e99b025-1169-4fb3-85c4-dfafc24d087e(fv-az47-440.mma5zatft5wupo5mzspaixdheh.bx.internal.cloudapp.net/10.1.0.34), ReplicationConfig: RATIS/THREE, State:ALLOCATED, leaderId:, CreationTimestamp2023-01-31T11:34:17.737Z[Etc/UTC]].
2023-01-31 11:34:17,741 [RatisPipelineUtilsThread - 0] INFO  pipeline.RatisPipelineProvider (RatisPipelineProvider.java:lambda$create$0(206)) - Sending CreatePipelineCommand for pipeline:PipelineID=61bb957a-d27f-48a1-ae32-b5678fc09d44 to datanode:9e99b025-1169-4fb3-85c4-dfafc24d087e
2023-01-31 11:34:17,741 [RatisPipelineUtilsThread - 0] INFO  pipeline.RatisPipelineProvider (RatisPipelineProvider.java:lambda$create$0(206)) - Sending CreatePipelineCommand for pipeline:PipelineID=61bb957a-d27f-48a1-ae32-b5678fc09d44 to datanode:380eaaea-a69e-4882-97a4-89f32b49ac35
2023-01-31 11:34:17,741 [RatisPipelineUtilsThread - 0] INFO  pipeline.RatisPipelineProvider (RatisPipelineProvider.java:lambda$create$0(206)) - Sending CreatePipelineCommand for pipeline:PipelineID=61bb957a-d27f-48a1-ae32-b5678fc09d44 to datanode:a389750c-4ae5-414b-81bd-9813f0be5621
2023-01-31 11:34:17,742 [RatisPipelineUtilsThread - 0] INFO  pipeline.PipelineStateManagerImpl (PipelineStateManagerImpl.java:addPipeline(103)) - Created pipeline Pipeline[ Id: 61bb957a-d27f-48a1-ae32-b5678fc09d44, Nodes: 9e99b025-1169-4fb3-85c4-dfafc24d087e(fv-az47-440.mma5zatft5wupo5mzspaixdheh.bx.internal.cloudapp.net/10.1.0.34)380eaaea-a69e-4882-97a4-89f32b49ac35(fv-az47-440.mma5zatft5wupo5mzspaixdheh.bx.internal.cloudapp.net/10.1.0.34)a389750c-4ae5-414b-81bd-9813f0be5621(fv-az47-440.mma5zatft5wupo5mzspaixdheh.bx.internal.cloudapp.net/10.1.0.34), ReplicationConfig: RATIS/THREE, State:ALLOCATED, leaderId:, CreationTimestamp2023-01-31T11:34:17.741Z[Etc/UTC]].
2023-01-31 11:34:17,742 [RatisPipelineUtilsThread - 0] INFO  pipeline.PipelineManagerImpl (PipelineManagerImpl.java:recordMetricsForPipeline(826)) - Pipeline: PipelineID=61bb957a-d27f-48a1-ae32-b5678fc09d44 contains same datanodes as previous pipelines: PipelineID=dbac0fe6-f997-4e91-9c7a-00d358838691 nodeIds: 9e99b025-1169-4fb3-85c4-dfafc24d087e, 380eaaea-a69e-4882-97a4-89f32b49ac35, a389750c-4ae5-414b-81bd-9813f0be5621
2023-01-31 11:34:17,742 [RatisPipelineUtilsThread - 0] WARN  pipeline.PipelinePlacementPolicy (PipelinePlacementPolicy.java:filterViableNodes(158)) - Pipeline creation failed due to no sufficient healthy datanodes. Required 3. Found 0.
2023-01-31 11:34:18,160 [Listener at 127.0.0.1/43645] INFO  ozone.MiniOzoneClusterImpl (MiniOzoneClusterImpl.java:lambda$waitForClusterToBeReady$0(218)) - Waiting for nodes to be ready. Got 6 of 7 DN Heartbeats.
2023-01-31 11:34:18,162 [Listener at 127.0.0.1/43645] INFO  ozone.MiniOzoneClusterImpl (MiniOzoneClusterImpl.java:lambda$waitForClusterToBeReady$0(221)) - Waiting for cluster to exit safe mode
2023-01-31 11:34:18,162 [Listener at 127.0.0.1/43645] INFO  ozone.MiniOzoneClusterImpl (MiniOzoneClusterImpl.java:lambda$waitForClusterToBeReady$0(223)) - SCM became leader
2023-01-31 11:34:18,162 [IPC Server handler 19 on default port 33795] INFO  net.NetworkTopologyImpl (NetworkTopologyImpl.java:add(112)) - Added a new node: /default-rack/4c53ac08-9fc0-49b0-af80-b80d3dd99c18
2023-01-31 11:34:18,162 [IPC Server handler 19 on default port 33795] INFO  node.SCMNodeManager (SCMNodeManager.java:register(397)) - Registered Data node : 4c53ac08-9fc0-49b0-af80-b80d3dd99c18{ip: 10.1.0.34, host: fv-az47-440.mma5zatft5wupo5mzspaixdheh.bx.internal.cloudapp.net, ports: [REPLICATION=35885, RATIS=42691, RATIS_ADMIN=42691, RATIS_SERVER=42691, RATIS_DATASTREAM=46081, STANDALONE=36889], networkLocation: /default-rack, certSerialId: null, persistedOpState: null, persistedOpStateExpiryEpochSec: 0}
2023-01-31 11:34:18,163 [EventQueue-NewNodeForNewNodeHandler] INFO  pipeline.BackgroundPipelineCreator (BackgroundPipelineCreator.java:notifyEventTriggered(276)) - trigger a one-shot run on RatisPipelineUtilsThread.
2023-01-31 11:34:18,163 [RatisPipelineUtilsThread - 0] INFO  pipeline.RatisPipelineProvider (RatisPipelineProvider.java:lambda$create$0(206)) - Sending CreatePipelineCommand for pipeline:PipelineID=aff5e404-7742-4d2f-ab79-133d60cbf860 to datanode:4c53ac08-9fc0-49b0-af80-b80d3dd99c18
2023-01-31 11:34:18,164 [RatisPipelineUtilsThread - 0] INFO  pipeline.PipelineStateManagerImpl (PipelineStateManagerImpl.java:addPipeline(103)) - Created pipeline Pipeline[ Id: aff5e404-7742-4d2f-ab79-133d60cbf860, Nodes: 4c53ac08-9fc0-49b0-af80-b80d3dd99c18(fv-az47-440.mma5zatft5wupo5mzspaixdheh.bx.internal.cloudapp.net/10.1.0.34), ReplicationConfig: RATIS/ONE, State:ALLOCATED, leaderId:, CreationTimestamp2023-01-31T11:34:18.163Z[Etc/UTC]].
2023-01-31 11:34:18,165 [RatisPipelineUtilsThread - 0] WARN  pipeline.PipelinePlacementPolicy (PipelinePlacementPolicy.java:filterViableNodes(158)) - Pipeline creation failed due to no sufficient healthy datanodes. Required 3. Found 1.
2023-01-31 11:34:18,835 [Command processor thread] INFO  server.RaftServer (RaftServerProxy.java:addNew(96)) - da03ca31-a8e2-4a02-8a0e-9033bcd0268f: addNew group-733583FDB156:[da03ca31-a8e2-4a02-8a0e-9033bcd0268f|rpc:10.1.0.34:42519|dataStream:10.1.0.34:33639|priority:1|startupRole:FOLLOWER] returns group-733583FDB156:java.util.concurrent.CompletableFuture@70055e57[Not completed]
2023-01-31 11:34:18,844 [pool-71-thread-1] INFO  server.RaftServer$Division (RaftServerImpl.java:<init>(195)) - da03ca31-a8e2-4a02-8a0e-9033bcd0268f: new RaftServerImpl for group-733583FDB156:[da03ca31-a8e2-4a02-8a0e-9033bcd0268f|rpc:10.1.0.34:42519|dataStream:10.1.0.34:33639|priority:1|startupRole:FOLLOWER] with ContainerStateMachine:uninitialized
2023-01-31 11:34:18,844 [pool-71-thread-1] INFO  server.RaftServerConfigKeys (ConfUtils.java:logGet(46)) - raft.server.rpc.timeout.min = 5s (custom)
2023-01-31 11:34:18,844 [pool-71-thread-1] INFO  server.RaftServerConfigKeys (ConfUtils.java:logGet(46)) - raft.server.rpc.timeout.max = 5200ms (custom)
2023-01-31 11:34:18,844 [pool-71-thread-1] INFO  server.RaftServerConfigKeys (ConfUtils.java:logGet(46)) - raft.server.rpc.sleep.time = 25ms (default)
2023-01-31 11:34:18,844 [pool-71-thread-1] INFO  server.RaftServerConfigKeys (ConfUtils.java:logGet(46)) - raft.server.rpc.slowness.timeout = 300s (custom)
2023-01-31 11:34:18,844 [pool-71-thread-1] INFO  server.RaftServerConfigKeys (ConfUtils.java:logGet(46)) - raft.server.leaderelection.leader.step-down.wait-time = 10s (default)
2023-01-31 11:34:18,844 [pool-71-thread-1] INFO  server.RaftServerConfigKeys (ConfUtils.java:logGet(46)) - raft.server.sleep.deviation.threshold = 300ms (default)
2023-01-31 11:34:18,845 [pool-71-thread-1] INFO  server.RaftServer$Division (ServerState.java:<init>(118)) - da03ca31-a8e2-4a02-8a0e-9033bcd0268f@group-733583FDB156: ConfigurationManager, init=-1: peers:[da03ca31-a8e2-4a02-8a0e-9033bcd0268f|rpc:10.1.0.34:42519|dataStream:10.1.0.34:33639|priority:1|startupRole:FOLLOWER]|listeners:[], old=null, confs=<EMPTY_MAP>
2023-01-31 11:34:18,845 [pool-71-thread-1] INFO  server.RaftServerConfigKeys (ConfUtils.java:logGet(46)) - raft.server.storage.dir = [/home/runner/work/ozone/ozone/hadoop-ozone/integration-test/target/test-dir/MiniOzoneClusterImpl-e7442b91-30ca-4883-b9fa-57f4a6ec4b9c/datanode-0/data/ratis] (custom)
2023-01-31 11:34:18,845 [pool-71-thread-1] INFO  server.RaftServerConfigKeys (ConfUtils.java:logGet(46)) - raft.server.log.corruption.policy = EXCEPTION (default)
2023-01-31 11:34:18,845 [pool-71-thread-1] INFO  server.RaftServerConfigKeys (ConfUtils.java:logGet(46)) - raft.server.storage.free-space.min = 0MB (=0) (default)
2023-01-31 11:34:18,845 [pool-71-thread-1] INFO  server.RaftServerConfigKeys (ConfUtils.java:logGet(46)) - raft.server.notification.no-leader.timeout = 300s (custom)
2023-01-31 11:34:18,845 [pool-71-thread-1] INFO  server.RaftServerConfigKeys (ConfUtils.java:logGet(46)) - raft.server.retrycache.expirytime = 600000ms (custom)
2023-01-31 11:34:18,845 [pool-71-thread-1] INFO  server.RaftServerConfigKeys (ConfUtils.java:logGet(46)) - raft.server.retrycache.statistics.expirytime = 100μs (default)
2023-01-31 11:34:18,848 [pool-71-thread-1] INFO  server.RaftServerConfigKeys (ConfUtils.java:logGet(46)) - raft.server.log.appender.install.snapshot.enabled = false (custom)
2023-01-31 11:34:18,848 [pool-71-thread-1] INFO  server.RaftServerConfigKeys (ConfUtils.java:logGet(46)) - raft.server.threadpool.server.cached = true (default)
2023-01-31 11:34:18,848 [pool-71-thread-1] INFO  server.RaftServerConfigKeys (ConfUtils.java:logGet(46)) - raft.server.threadpool.server.size = 0 (default)
2023-01-31 11:34:18,848 [pool-71-thread-1] INFO  server.RaftServerConfigKeys (ConfUtils.java:logGet(46)) - raft.server.threadpool.client.cached = true (default)
2023-01-31 11:34:18,848 [pool-71-thread-1] INFO  server.RaftServerConfigKeys (ConfUtils.java:logGet(46)) - raft.server.threadpool.client.size = 0 (default)
2023-01-31 11:34:18,849 [pool-71-thread-1] INFO  storage.RaftStorageDirectory (RaftStorageDirectoryImpl.java:analyzeStorage(137)) - The storage directory /home/runner/work/ozone/ozone/hadoop-ozone/integration-test/target/test-dir/MiniOzoneClusterImpl-e7442b91-30ca-4883-b9fa-57f4a6ec4b9c/datanode-0/data/ratis/92fee0fc-7a34-409d-95ab-733583fdb156 does not exist. Creating ...
2023-01-31 11:34:18,850 [pool-71-thread-1] INFO  storage.RaftStorageDirectory (RaftStorageDirectoryImpl.java:tryLock(231)) - Lock on /home/runner/work/ozone/ozone/hadoop-ozone/integration-test/target/test-dir/MiniOzoneClusterImpl-e7442b91-30ca-4883-b9fa-57f4a6ec4b9c/datanode-0/data/ratis/92fee0fc-7a34-409d-95ab-733583fdb156/in_use.lock acquired by nodename 34275@fv-az47-440
2023-01-31 11:34:18,851 [pool-71-thread-1] INFO  storage.RaftStorage (RaftStorageImpl.java:format(96)) - Storage directory /home/runner/work/ozone/ozone/hadoop-ozone/integration-test/target/test-dir/MiniOzoneClusterImpl-e7442b91-30ca-4883-b9fa-57f4a6ec4b9c/datanode-0/data/ratis/92fee0fc-7a34-409d-95ab-733583fdb156 has been successfully formatted.
2023-01-31 11:34:18,859 [pool-71-thread-1] INFO  ratis.ContainerStateMachine (ContainerStateMachine.java:loadSnapshot(240)) - group-733583FDB156: The snapshot info is null. Setting the last applied indexto:(t:0, i:~)
2023-01-31 11:34:18,859 [pool-71-thread-1] INFO  server.RaftServerConfigKeys (ConfUtils.java:logGet(46)) - raft.server.log.use.memory = false (default)
2023-01-31 11:34:18,859 [pool-71-thread-1] INFO  server.RaftServerConfigKeys (ConfUtils.java:logGet(46)) - raft.server.log.purge.gap = 1000000 (custom)
2023-01-31 11:34:18,859 [pool-71-thread-1] INFO  server.RaftServerConfigKeys (ConfUtils.java:logGet(46)) - raft.server.log.appender.buffer.byte-limit = 33554432 (custom)
2023-01-31 11:34:18,860 [pool-71-thread-1] INFO  server.RaftServerConfigKeys (ConfUtils.java:logGet(46)) - raft.server.log.statemachine.data.read.timeout = 1000ms (default)
2023-01-31 11:34:18,860 [pool-71-thread-1] INFO  server.RaftServerConfigKeys (ConfUtils.java:logGet(46)) - raft.server.log.purge.preservation.log.num = 0 (default)
2023-01-31 11:34:18,860 [pool-71-thread-1] INFO  server.RaftServerConfigKeys (ConfUtils.java:logGet(46)) - raft.server.log.segment.size.max = 1048576 (custom)
2023-01-31 11:34:18,861 [pool-71-thread-1] INFO  server.RaftServerConfigKeys (ConfUtils.java:logGet(46)) - raft.server.log.segment.cache.num.max = 2 (custom)
2023-01-31 11:34:18,861 [pool-71-thread-1] INFO  server.RaftServerConfigKeys (ConfUtils.java:logGet(46)) - raft.server.log.segment.cache.size.max = 200MB (=209715200) (default)
2023-01-31 11:34:18,861 [pool-71-thread-1] INFO  segmented.SegmentedRaftLogWorker (SegmentedRaftLogWorker.java:<init>(189)) - new da03ca31-a8e2-4a02-8a0e-9033bcd0268f@group-733583FDB156-SegmentedRaftLogWorker for RaftStorageImpl:Storage Directory /home/runner/work/ozone/ozone/hadoop-ozone/integration-test/target/test-dir/MiniOzoneClusterImpl-e7442b91-30ca-4883-b9fa-57f4a6ec4b9c/datanode-0/data/ratis/92fee0fc-7a34-409d-95ab-733583fdb156
2023-01-31 11:34:18,861 [pool-71-thread-1] INFO  server.RaftServerConfigKeys (ConfUtils.java:logGet(46)) - raft.server.log.queue.byte-limit = 4294967296 (custom)
2023-01-31 11:34:18,861 [pool-71-thread-1] INFO  server.RaftServerConfigKeys (ConfUtils.java:logGet(46)) - raft.server.log.queue.element-limit = 1024 (custom)
2023-01-31 11:34:18,861 [pool-71-thread-1] INFO  server.RaftServerConfigKeys (ConfUtils.java:logGet(46)) - raft.server.log.segment.size.max = 1048576 (custom)
2023-01-31 11:34:18,861 [pool-71-thread-1] INFO  server.RaftServerConfigKeys (ConfUtils.java:logGet(46)) - raft.server.log.preallocated.size = 16384 (custom)
2023-01-31 11:34:18,861 [pool-71-thread-1] INFO  server.RaftServerConfigKeys (ConfUtils.java:logGet(46)) - raft.server.log.force.sync.num = 128 (default)
2023-01-31 11:34:18,861 [pool-71-thread-1] INFO  server.RaftServerConfigKeys (ConfUtils.java:logGet(46)) - raft.server.log.statemachine.data.sync = true (default)
2023-01-31 11:34:18,861 [pool-71-thread-1] INFO  server.RaftServerConfigKeys (ConfUtils.java:logGet(46)) - raft.server.log.statemachine.data.sync.timeout = 10s (default)
2023-01-31 11:34:18,861 [pool-71-thread-1] INFO  server.RaftServerConfigKeys (ConfUtils.java:logGet(46)) - raft.server.log.statemachine.data.sync.timeout.retry = -1 (default)
2023-01-31 11:34:18,863 [pool-71-thread-1] INFO  server.RaftServerConfigKeys (ConfUtils.java:logGet(46)) - raft.server.log.write.buffer.size = 1048576 (custom)
2023-01-31 11:34:18,864 [pool-71-thread-1] INFO  server.RaftServerConfigKeys (ConfUtils.java:logGet(46)) - raft.server.log.appender.buffer.byte-limit = 33554432 (custom)
2023-01-31 11:34:18,867 [pool-71-thread-1] INFO  server.RaftServerConfigKeys (ConfUtils.java:logGet(46)) - raft.server.log.unsafe-flush.enabled = false (default)
2023-01-31 11:34:18,867 [pool-71-thread-1] INFO  server.RaftServerConfigKeys (ConfUtils.java:logGet(46)) - raft.server.log.async-flush.enabled = false (default)
2023-01-31 11:34:18,867 [pool-71-thread-1] INFO  server.RaftServerConfigKeys (ConfUtils.java:logGet(46)) - raft.server.log.statemachine.data.caching.enabled = true (custom)
2023-01-31 11:34:18,867 [pool-71-thread-1] INFO  segmented.SegmentedRaftLogWorker (SegmentedRaftLogWorker.java:lambda$new$0(135)) - da03ca31-a8e2-4a02-8a0e-9033bcd0268f@group-733583FDB156-SegmentedRaftLogWorker: flushIndex: setUnconditionally 0 -> -1
2023-01-31 11:34:18,867 [pool-71-thread-1] INFO  segmented.SegmentedRaftLogWorker (SegmentedRaftLogWorker.java:lambda$new$0(135)) - da03ca31-a8e2-4a02-8a0e-9033bcd0268f@group-733583FDB156-SegmentedRaftLogWorker: safeCacheEvictIndex: setUnconditionally 0 -> -1
2023-01-31 11:34:18,867 [pool-71-thread-1] INFO  server.RaftServer$Division (RaftServerImpl.java:start(334)) - da03ca31-a8e2-4a02-8a0e-9033bcd0268f@group-733583FDB156: start as a follower, conf=-1: peers:[da03ca31-a8e2-4a02-8a0e-9033bcd0268f|rpc:10.1.0.34:42519|dataStream:10.1.0.34:33639|priority:1|startupRole:FOLLOWER]|listeners:[], old=null
2023-01-31 11:34:18,867 [pool-71-thread-1] INFO  server.RaftServer$Division (RaftServerImpl.java:setRole(321)) - da03ca31-a8e2-4a02-8a0e-9033bcd0268f@group-733583FDB156: changes role from      null to FOLLOWER at term 0 for startAsFollower
2023-01-31 11:34:18,867 [pool-71-thread-1] INFO  impl.RoleInfo (RoleInfo.java:updateAndGet(139)) - da03ca31-a8e2-4a02-8a0e-9033bcd0268f: start da03ca31-a8e2-4a02-8a0e-9033bcd0268f@group-733583FDB156-FollowerState
2023-01-31 11:34:18,868 [pool-71-thread-1] INFO  util.JmxRegister (JmxRegister.java:tryRegister(44)) - Successfully registered JMX Bean with object name Ratis:service=RaftServer,group=group-733583FDB156,id=da03ca31-a8e2-4a02-8a0e-9033bcd0268f
2023-01-31 11:34:18,868 [pool-71-thread-1] INFO  server.RaftServerConfigKeys (ConfUtils.java:logGet(46)) - raft.server.snapshot.auto.trigger.enabled = true (custom)
2023-01-31 11:34:18,868 [pool-71-thread-1] INFO  server.RaftServerConfigKeys (ConfUtils.java:logGet(46)) - raft.server.snapshot.auto.trigger.threshold = 10000 (custom)
2023-01-31 11:34:18,868 [pool-71-thread-1] INFO  server.RaftServerConfigKeys (ConfUtils.java:logGet(46)) - raft.server.snapshot.retention.file.num = 5 (custom)
2023-01-31 11:34:18,868 [pool-71-thread-1] INFO  server.RaftServerConfigKeys (ConfUtils.java:logGet(46)) - raft.server.log.purge.upto.snapshot.index = false (default)
2023-01-31 11:34:18,869 [da03ca31-a8e2-4a02-8a0e-9033bcd0268f@group-733583FDB156-FollowerState] INFO  server.RaftServerConfigKeys (ConfUtils.java:logFallback(53)) - raft.server.rpc.first-election.timeout.min = 5s (fallback to raft.server.rpc.timeout.min)
2023-01-31 11:34:18,869 [da03ca31-a8e2-4a02-8a0e-9033bcd0268f@group-733583FDB156-FollowerState] INFO  server.RaftServerConfigKeys (ConfUtils.java:logFallback(53)) - raft.server.rpc.first-election.timeout.max = 5200ms (fallback to raft.server.rpc.timeout.max)
2023-01-31 11:34:18,882 [EventQueue-PipelineReportForPipelineReportHandler] INFO  pipeline.PipelineManagerImpl (PipelineManagerImpl.java:openPipeline(367)) - Pipeline Pipeline[ Id: 92fee0fc-7a34-409d-95ab-733583fdb156, Nodes: da03ca31-a8e2-4a02-8a0e-9033bcd0268f(fv-az47-440.mma5zatft5wupo5mzspaixdheh.bx.internal.cloudapp.net/10.1.0.34), ReplicationConfig: RATIS/ONE, State:ALLOCATED, leaderId:da03ca31-a8e2-4a02-8a0e-9033bcd0268f, CreationTimestamp2023-01-31T11:34:15.856Z[Etc/UTC]] moved to OPEN state
2023-01-31 11:34:18,883 [Command processor thread] INFO  ratis.XceiverServerRatis (XceiverServerRatis.java:addGroup(806)) - Created group PipelineID=92fee0fc-7a34-409d-95ab-733583fdb156
2023-01-31 11:34:18,884 [Command processor thread] INFO  commandhandler.CreatePipelineCommandHandler (CreatePipelineCommandHandler.java:handle(113)) - Created Pipeline RATIS ONE PipelineID=92fee0fc-7a34-409d-95ab-733583fdb156.
2023-01-31 11:34:18,885 [Command processor thread] INFO  server.RaftServer (RaftServerProxy.java:addNew(96)) - da03ca31-a8e2-4a02-8a0e-9033bcd0268f: addNew group-49BE29CAAC96:[7c6ec4c2-78b0-4d13-b7e2-d3daf669de24|rpc:10.1.0.34:37179|dataStream:10.1.0.34:42751|priority:0|startupRole:FOLLOWER, e9250560-f63f-4845-b91b-4ee2b5e52a1e|rpc:10.1.0.34:46329|dataStream:10.1.0.34:39341|priority:0|startupRole:FOLLOWER, da03ca31-a8e2-4a02-8a0e-9033bcd0268f|rpc:10.1.0.34:42519|dataStream:10.1.0.34:33639|priority:1|startupRole:FOLLOWER] returns group-49BE29CAAC96:java.util.concurrent.CompletableFuture@590b4b74[Not completed]
2023-01-31 11:34:18,886 [EventQueue-OpenPipelineForHealthyPipelineSafeModeRule] INFO  safemode.SCMSafeModeManager (HealthyPipelineSafeModeRule.java:process(137)) - SCM in safe mode. Healthy pipelines reported count is 0, required healthy pipeline reported count is 1
2023-01-31 11:34:18,887 [pool-71-thread-1] INFO  server.RaftServer$Division (RaftServerImpl.java:<init>(195)) - da03ca31-a8e2-4a02-8a0e-9033bcd0268f: new RaftServerImpl for group-49BE29CAAC96:[7c6ec4c2-78b0-4d13-b7e2-d3daf669de24|rpc:10.1.0.34:37179|dataStream:10.1.0.34:42751|priority:0|startupRole:FOLLOWER, e9250560-f63f-4845-b91b-4ee2b5e52a1e|rpc:10.1.0.34:46329|dataStream:10.1.0.34:39341|priority:0|startupRole:FOLLOWER, da03ca31-a8e2-4a02-8a0e-9033bcd0268f|rpc:10.1.0.34:42519|dataStream:10.1.0.34:33639|priority:1|startupRole:FOLLOWER] with ContainerStateMachine:uninitialized
2023-01-31 11:34:18,887 [pool-71-thread-1] INFO  server.RaftServerConfigKeys (ConfUtils.java:logGet(46)) - raft.server.rpc.timeout.min = 5s (custom)
2023-01-31 11:34:18,887 [pool-71-thread-1] INFO  server.RaftServerConfigKeys (ConfUtils.java:logGet(46)) - raft.server.rpc.timeout.max = 5200ms (custom)
2023-01-31 11:34:18,887 [pool-71-thread-1] INFO  server.RaftServerConfigKeys (ConfUtils.java:logGet(46)) - raft.server.rpc.sleep.time = 25ms (default)
2023-01-31 11:34:18,887 [pool-71-thread-1] INFO  server.RaftServerConfigKeys (ConfUtils.java:logGet(46)) - raft.server.rpc.slowness.timeout = 300s (custom)
2023-01-31 11:34:18,887 [pool-71-thread-1] INFO  server.RaftServerConfigKeys (ConfUtils.java:logGet(46)) - raft.server.leaderelection.leader.step-down.wait-time = 10s (default)
2023-01-31 11:34:18,887 [pool-71-thread-1] INFO  server.RaftServerConfigKeys (ConfUtils.java:logGet(46)) - raft.server.sleep.deviation.threshold = 300ms (default)
2023-01-31 11:34:18,888 [pool-71-thread-1] INFO  server.RaftServer$Division (ServerState.java:<init>(118)) - da03ca31-a8e2-4a02-8a0e-9033bcd0268f@group-49BE29CAAC96: ConfigurationManager, init=-1: peers:[7c6ec4c2-78b0-4d13-b7e2-d3daf669de24|rpc:10.1.0.34:37179|dataStream:10.1.0.34:42751|priority:0|startupRole:FOLLOWER, e9250560-f63f-4845-b91b-4ee2b5e52a1e|rpc:10.1.0.34:46329|dataStream:10.1.0.34:39341|priority:0|startupRole:FOLLOWER, da03ca31-a8e2-4a02-8a0e-9033bcd0268f|rpc:10.1.0.34:42519|dataStream:10.1.0.34:33639|priority:1|startupRole:FOLLOWER]|listeners:[], old=null, confs=<EMPTY_MAP>
2023-01-31 11:34:18,888 [pool-71-thread-1] INFO  server.RaftServerConfigKeys (ConfUtils.java:logGet(46)) - raft.server.storage.dir = [/home/runner/work/ozone/ozone/hadoop-ozone/integration-test/target/test-dir/MiniOzoneClusterImpl-e7442b91-30ca-4883-b9fa-57f4a6ec4b9c/datanode-0/data/ratis] (custom)
2023-01-31 11:34:18,888 [pool-71-thread-1] INFO  server.RaftServerConfigKeys (ConfUtils.java:logGet(46)) - raft.server.log.corruption.policy = EXCEPTION (default)
2023-01-31 11:34:18,888 [pool-71-thread-1] INFO  server.RaftServerConfigKeys (ConfUtils.java:logGet(46)) - raft.server.storage.free-space.min = 0MB (=0) (default)
2023-01-31 11:34:18,888 [pool-71-thread-1] INFO  server.RaftServerConfigKeys (ConfUtils.java:logGet(46)) - raft.server.notification.no-leader.timeout = 300s (custom)
2023-01-31 11:34:18,888 [pool-71-thread-1] INFO  server.RaftServerConfigKeys (ConfUtils.java:logGet(46)) - raft.server.retrycache.expirytime = 600000ms (custom)
2023-01-31 11:34:18,888 [pool-71-thread-1] INFO  server.RaftServerConfigKeys (ConfUtils.java:logGet(46)) - raft.server.retrycache.statistics.expirytime = 100μs (default)
2023-01-31 11:34:18,890 [pool-71-thread-1] INFO  server.RaftServerConfigKeys (ConfUtils.java:logGet(46)) - raft.server.log.appender.install.snapshot.enabled = false (custom)
2023-01-31 11:34:18,890 [pool-71-thread-1] INFO  server.RaftServerConfigKeys (ConfUtils.java:logGet(46)) - raft.server.threadpool.server.cached = true (default)
2023-01-31 11:34:18,890 [pool-71-thread-1] INFO  server.RaftServerConfigKeys (ConfUtils.java:logGet(46)) - raft.server.threadpool.server.size = 0 (default)
2023-01-31 11:34:18,890 [pool-71-thread-1] INFO  server.RaftServerConfigKeys (ConfUtils.java:logGet(46)) - raft.server.threadpool.client.cached = true (default)
2023-01-31 11:34:18,891 [pool-71-thread-1] INFO  server.RaftServerConfigKeys (ConfUtils.java:logGet(46)) - raft.server.threadpool.client.size = 0 (default)
2023-01-31 11:34:18,891 [pool-71-thread-1] INFO  storage.RaftStorageDirectory (RaftStorageDirectoryImpl.java:analyzeStorage(137)) - The storage directory /home/runner/work/ozone/ozone/hadoop-ozone/integration-test/target/test-dir/MiniOzoneClusterImpl-e7442b91-30ca-4883-b9fa-57f4a6ec4b9c/datanode-0/data/ratis/3833c052-5fb2-4765-9402-49be29caac96 does not exist. Creating ...
2023-01-31 11:34:18,892 [pool-71-thread-1] INFO  storage.RaftStorageDirectory (RaftStorageDirectoryImpl.java:tryLock(231)) - Lock on /home/runner/work/ozone/ozone/hadoop-ozone/integration-test/target/test-dir/MiniOzoneClusterImpl-e7442b91-30ca-4883-b9fa-57f4a6ec4b9c/datanode-0/data/ratis/3833c052-5fb2-4765-9402-49be29caac96/in_use.lock acquired by nodename 34275@fv-az47-440
2023-01-31 11:34:18,893 [pool-71-thread-1] INFO  storage.RaftStorage (RaftStorageImpl.java:format(96)) - Storage directory /home/runner/work/ozone/ozone/hadoop-ozone/integration-test/target/test-dir/MiniOzoneClusterImpl-e7442b91-30ca-4883-b9fa-57f4a6ec4b9c/datanode-0/data/ratis/3833c052-5fb2-4765-9402-49be29caac96 has been successfully formatted.
2023-01-31 11:34:18,893 [pool-71-thread-1] INFO  ratis.ContainerStateMachine (ContainerStateMachine.java:loadSnapshot(240)) - group-49BE29CAAC96: The snapshot info is null. Setting the last applied indexto:(t:0, i:~)
2023-01-31 11:34:18,893 [pool-71-thread-1] INFO  server.RaftServerConfigKeys (ConfUtils.java:logGet(46)) - raft.server.log.use.memory = false (default)
2023-01-31 11:34:18,893 [pool-71-thread-1] INFO  server.RaftServerConfigKeys (ConfUtils.java:logGet(46)) - raft.server.log.purge.gap = 1000000 (custom)
2023-01-31 11:34:18,893 [pool-71-thread-1] INFO  server.RaftServerConfigKeys (ConfUtils.java:logGet(46)) - raft.server.log.appender.buffer.byte-limit = 33554432 (custom)
2023-01-31 11:34:18,893 [pool-71-thread-1] INFO  server.RaftServerConfigKeys (ConfUtils.java:logGet(46)) - raft.server.log.statemachine.data.read.timeout = 1000ms (default)
2023-01-31 11:34:18,893 [pool-71-thread-1] INFO  server.RaftServerConfigKeys (ConfUtils.java:logGet(46)) - raft.server.log.purge.preservation.log.num = 0 (default)
2023-01-31 11:34:18,893 [pool-71-thread-1] INFO  server.RaftServerConfigKeys (ConfUtils.java:logGet(46)) - raft.server.log.segment.size.max = 1048576 (custom)
2023-01-31 11:34:18,895 [pool-71-thread-1] INFO  server.RaftServerConfigKeys (ConfUtils.java:logGet(46)) - raft.server.log.segment.cache.num.max = 2 (custom)
2023-01-31 11:34:18,895 [pool-71-thread-1] INFO  server.RaftServerConfigKeys (ConfUtils.java:logGet(46)) - raft.server.log.segment.cache.size.max = 200MB (=209715200) (default)
2023-01-31 11:34:18,895 [pool-71-thread-1] INFO  segmented.SegmentedRaftLogWorker (SegmentedRaftLogWorker.java:<init>(189)) - new da03ca31-a8e2-4a02-8a0e-9033bcd0268f@group-49BE29CAAC96-SegmentedRaftLogWorker for RaftStorageImpl:Storage Directory /home/runner/work/ozone/ozone/hadoop-ozone/integration-test/target/test-dir/MiniOzoneClusterImpl-e7442b91-30ca-4883-b9fa-57f4a6ec4b9c/datanode-0/data/ratis/3833c052-5fb2-4765-9402-49be29caac96
2023-01-31 11:34:18,896 [pool-71-thread-1] INFO  server.RaftServerConfigKeys (ConfUtils.java:logGet(46)) - raft.server.log.queue.byte-limit = 4294967296 (custom)
2023-01-31 11:34:18,896 [pool-71-thread-1] INFO  server.RaftServerConfigKeys (ConfUtils.java:logGet(46)) - raft.server.log.queue.element-limit = 1024 (custom)
2023-01-31 11:34:18,896 [pool-71-thread-1] INFO  server.RaftServerConfigKeys (ConfUtils.java:logGet(46)) - raft.server.log.segment.size.max = 1048576 (custom)
2023-01-31 11:34:18,896 [pool-71-thread-1] INFO  server.RaftServerConfigKeys (ConfUtils.java:logGet(46)) - raft.server.log.preallocated.size = 16384 (custom)
2023-01-31 11:34:18,896 [pool-71-thread-1] INFO  server.RaftServerConfigKeys (ConfUtils.java:logGet(46)) - raft.server.log.force.sync.num = 128 (default)
2023-01-31 11:34:18,896 [pool-71-thread-1] INFO  server.RaftServerConfigKeys (ConfUtils.java:logGet(46)) - raft.server.log.statemachine.data.sync = true (default)
2023-01-31 11:34:18,896 [pool-71-thread-1] INFO  server.RaftServerConfigKeys (ConfUtils.java:logGet(46)) - raft.server.log.statemachine.data.sync.timeout = 10s (default)
2023-01-31 11:34:18,898 [pool-71-thread-1] INFO  server.RaftServerConfigKeys (ConfUtils.java:logGet(46)) - raft.server.log.statemachine.data.sync.timeout.retry = -1 (default)
2023-01-31 11:34:18,896 [EventQueue-OpenPipelineForHealthyPipelineSafeModeRule] INFO  safemode.SCMSafeModeManager (HealthyPipelineSafeModeRule.java:process(137)) - SCM in safe mode. Healthy pipelines reported count is 0, required healthy pipeline reported count is 1
2023-01-31 11:34:18,900 [pool-71-thread-1] INFO  server.RaftServerConfigKeys (ConfUtils.java:logGet(46)) - raft.server.log.write.buffer.size = 1048576 (custom)
2023-01-31 11:34:18,902 [pool-71-thread-1] INFO  server.RaftServerConfigKeys (ConfUtils.java:logGet(46)) - raft.server.log.appender.buffer.byte-limit = 33554432 (custom)
2023-01-31 11:34:18,906 [pool-71-thread-1] INFO  server.RaftServerConfigKeys (ConfUtils.java:logGet(46)) - raft.server.log.unsafe-flush.enabled = false (default)
2023-01-31 11:34:18,906 [pool-71-thread-1] INFO  server.RaftServerConfigKeys (ConfUtils.java:logGet(46)) - raft.server.log.async-flush.enabled = false (default)
2023-01-31 11:34:18,906 [pool-71-thread-1] INFO  server.RaftServerConfigKeys (ConfUtils.java:logGet(46)) - raft.server.log.statemachine.data.caching.enabled = true (custom)
2023-01-31 11:34:18,906 [pool-71-thread-1] INFO  segmented.SegmentedRaftLogWorker (SegmentedRaftLogWorker.java:lambda$new$0(135)) - da03ca31-a8e2-4a02-8a0e-9033bcd0268f@group-49BE29CAAC96-SegmentedRaftLogWorker: flushIndex: setUnconditionally 0 -> -1
2023-01-31 11:34:18,906 [pool-71-thread-1] INFO  segmented.SegmentedRaftLogWorker (SegmentedRaftLogWorker.java:lambda$new$0(135)) - da03ca31-a8e2-4a02-8a0e-9033bcd0268f@group-49BE29CAAC96-SegmentedRaftLogWorker: safeCacheEvictIndex: setUnconditionally 0 -> -1
2023-01-31 11:34:18,906 [pool-71-thread-1] INFO  server.RaftServer$Division (RaftServerImpl.java:start(334)) - da03ca31-a8e2-4a02-8a0e-9033bcd0268f@group-49BE29CAAC96: start as a follower, conf=-1: peers:[7c6ec4c2-78b0-4d13-b7e2-d3daf669de24|rpc:10.1.0.34:37179|dataStream:10.1.0.34:42751|priority:0|startupRole:FOLLOWER, e9250560-f63f-4845-b91b-4ee2b5e52a1e|rpc:10.1.0.34:46329|dataStream:10.1.0.34:39341|priority:0|startupRole:FOLLOWER, da03ca31-a8e2-4a02-8a0e-9033bcd0268f|rpc:10.1.0.34:42519|dataStream:10.1.0.34:33639|priority:1|startupRole:FOLLOWER]|listeners:[], old=null
2023-01-31 11:34:18,906 [pool-71-thread-1] INFO  server.RaftServer$Division (RaftServerImpl.java:setRole(321)) - da03ca31-a8e2-4a02-8a0e-9033bcd0268f@group-49BE29CAAC96: changes role from      null to FOLLOWER at term 0 for startAsFollower
2023-01-31 11:34:18,906 [pool-71-thread-1] INFO  impl.RoleInfo (RoleInfo.java:updateAndGet(139)) - da03ca31-a8e2-4a02-8a0e-9033bcd0268f: start da03ca31-a8e2-4a02-8a0e-9033bcd0268f@group-49BE29CAAC96-FollowerState
2023-01-31 11:34:18,907 [da03ca31-a8e2-4a02-8a0e-9033bcd0268f@group-49BE29CAAC96-FollowerState] INFO  server.RaftServerConfigKeys (ConfUtils.java:logFallback(53)) - raft.server.rpc.first-election.timeout.min = 5s (fallback to raft.server.rpc.timeout.min)
2023-01-31 11:34:18,911 [da03ca31-a8e2-4a02-8a0e-9033bcd0268f@group-49BE29CAAC96-FollowerState] INFO  server.RaftServerConfigKeys (ConfUtils.java:logFallback(53)) - raft.server.rpc.first-election.timeout.max = 5200ms (fallback to raft.server.rpc.timeout.max)
2023-01-31 11:34:18,911 [pool-71-thread-1] INFO  util.JmxRegister (JmxRegister.java:tryRegister(44)) - Successfully registered JMX Bean with object name Ratis:service=RaftServer,group=group-49BE29CAAC96,id=da03ca31-a8e2-4a02-8a0e-9033bcd0268f
2023-01-31 11:34:18,911 [pool-71-thread-1] INFO  server.RaftServerConfigKeys (ConfUtils.java:logGet(46)) - raft.server.snapshot.auto.trigger.enabled = true (custom)
2023-01-31 11:34:18,911 [pool-71-thread-1] INFO  server.RaftServerConfigKeys (ConfUtils.java:logGet(46)) - raft.server.snapshot.auto.trigger.threshold = 10000 (custom)
2023-01-31 11:34:18,911 [pool-71-thread-1] INFO  server.RaftServerConfigKeys (ConfUtils.java:logGet(46)) - raft.server.snapshot.retention.file.num = 5 (custom)
2023-01-31 11:34:18,911 [pool-71-thread-1] INFO  server.RaftServerConfigKeys (ConfUtils.java:logGet(46)) - raft.server.log.purge.upto.snapshot.index = false (default)
2023-01-31 11:34:18,912 [Command processor thread] INFO  ratis.XceiverServerRatis (XceiverServerRatis.java:addGroup(806)) - Created group PipelineID=3833c052-5fb2-4765-9402-49be29caac96
2023-01-31 11:34:19,162 [Listener at 127.0.0.1/43645] INFO  ozone.MiniOzoneClusterImpl (MiniOzoneClusterImpl.java:lambda$waitForClusterToBeReady$0(218)) - Nodes are ready. Got 7 of 7 DN Heartbeats.
2023-01-31 11:34:19,162 [Listener at 127.0.0.1/43645] INFO  ozone.MiniOzoneClusterImpl (MiniOzoneClusterImpl.java:lambda$waitForClusterToBeReady$0(221)) - Waiting for cluster to exit safe mode
2023-01-31 11:34:19,162 [Listener at 127.0.0.1/43645] INFO  ozone.MiniOzoneClusterImpl (MiniOzoneClusterImpl.java:lambda$waitForClusterToBeReady$0(223)) - SCM became leader
2023-01-31 11:34:19,245 [grpc-default-executor-0] INFO  server.RaftServer (RaftServerProxy.java:addNew(96)) - 7c6ec4c2-78b0-4d13-b7e2-d3daf669de24: addNew group-49BE29CAAC96:[7c6ec4c2-78b0-4d13-b7e2-d3daf669de24|rpc:10.1.0.34:37179|dataStream:10.1.0.34:42751|priority:0|startupRole:FOLLOWER, e9250560-f63f-4845-b91b-4ee2b5e52a1e|rpc:10.1.0.34:46329|dataStream:10.1.0.34:39341|priority:0|startupRole:FOLLOWER, da03ca31-a8e2-4a02-8a0e-9033bcd0268f|rpc:10.1.0.34:42519|dataStream:10.1.0.34:33639|priority:1|startupRole:FOLLOWER] returns group-49BE29CAAC96:java.util.concurrent.CompletableFuture@6ce1543f[Not completed]
2023-01-31 11:34:19,247 [pool-115-thread-1] INFO  server.RaftServer$Division (RaftServerImpl.java:<init>(195)) - 7c6ec4c2-78b0-4d13-b7e2-d3daf669de24: new RaftServerImpl for group-49BE29CAAC96:[7c6ec4c2-78b0-4d13-b7e2-d3daf669de24|rpc:10.1.0.34:37179|dataStream:10.1.0.34:42751|priority:0|startupRole:FOLLOWER, e9250560-f63f-4845-b91b-4ee2b5e52a1e|rpc:10.1.0.34:46329|dataStream:10.1.0.34:39341|priority:0|startupRole:FOLLOWER, da03ca31-a8e2-4a02-8a0e-9033bcd0268f|rpc:10.1.0.34:42519|dataStream:10.1.0.34:33639|priority:1|startupRole:FOLLOWER] with ContainerStateMachine:uninitialized
2023-01-31 11:34:19,247 [pool-115-thread-1] INFO  server.RaftServerConfigKeys (ConfUtils.java:logGet(46)) - raft.server.rpc.timeout.min = 5s (custom)
2023-01-31 11:34:19,247 [pool-115-thread-1] INFO  server.RaftServerConfigKeys (ConfUtils.java:logGet(46)) - raft.server.rpc.timeout.max = 5200ms (custom)
2023-01-31 11:34:19,247 [pool-115-thread-1] INFO  server.RaftServerConfigKeys (ConfUtils.java:logGet(46)) - raft.server.rpc.sleep.time = 25ms (default)
2023-01-31 11:34:19,247 [pool-115-thread-1] INFO  server.RaftServerConfigKeys (ConfUtils.java:logGet(46)) - raft.server.rpc.slowness.timeout = 300s (custom)
2023-01-31 11:34:19,247 [pool-115-thread-1] INFO  server.RaftServerConfigKeys (ConfUtils.java:logGet(46)) - raft.server.leaderelection.leader.step-down.wait-time = 10s (default)
2023-01-31 11:34:19,247 [pool-115-thread-1] INFO  server.RaftServerConfigKeys (ConfUtils.java:logGet(46)) - raft.server.sleep.deviation.threshold = 300ms (default)
2023-01-31 11:34:19,248 [pool-115-thread-1] INFO  server.RaftServer$Division (ServerState.java:<init>(118)) - 7c6ec4c2-78b0-4d13-b7e2-d3daf669de24@group-49BE29CAAC96: ConfigurationManager, init=-1: peers:[7c6ec4c2-78b0-4d13-b7e2-d3daf669de24|rpc:10.1.0.34:37179|dataStream:10.1.0.34:42751|priority:0|startupRole:FOLLOWER, e9250560-f63f-4845-b91b-4ee2b5e52a1e|rpc:10.1.0.34:46329|dataStream:10.1.0.34:39341|priority:0|startupRole:FOLLOWER, da03ca31-a8e2-4a02-8a0e-9033bcd0268f|rpc:10.1.0.34:42519|dataStream:10.1.0.34:33639|priority:1|startupRole:FOLLOWER]|listeners:[], old=null, confs=<EMPTY_MAP>
2023-01-31 11:34:19,248 [pool-115-thread-1] INFO  server.RaftServerConfigKeys (ConfUtils.java:logGet(46)) - raft.server.storage.dir = [/home/runner/work/ozone/ozone/hadoop-ozone/integration-test/target/test-dir/MiniOzoneClusterImpl-e7442b91-30ca-4883-b9fa-57f4a6ec4b9c/datanode-2/data/ratis] (custom)
2023-01-31 11:34:19,248 [pool-115-thread-1] INFO  server.RaftServerConfigKeys (ConfUtils.java:logGet(46)) - raft.server.log.corruption.policy = EXCEPTION (default)
2023-01-31 11:34:19,248 [pool-115-thread-1] INFO  server.RaftServerConfigKeys (ConfUtils.java:logGet(46)) - raft.server.storage.free-space.min = 0MB (=0) (default)
2023-01-31 11:34:19,248 [pool-115-thread-1] INFO  server.RaftServerConfigKeys (ConfUtils.java:logGet(46)) - raft.server.notification.no-leader.timeout = 300s (custom)
2023-01-31 11:34:19,248 [pool-115-thread-1] INFO  server.RaftServerConfigKeys (ConfUtils.java:logGet(46)) - raft.server.retrycache.expirytime = 600000ms (custom)
2023-01-31 11:34:19,248 [pool-115-thread-1] INFO  server.RaftServerConfigKeys (ConfUtils.java:logGet(46)) - raft.server.retrycache.statistics.expirytime = 100μs (default)
2023-01-31 11:34:19,251 [pool-115-thread-1] INFO  server.RaftServerConfigKeys (ConfUtils.java:logGet(46)) - raft.server.log.appender.install.snapshot.enabled = false (custom)
2023-01-31 11:34:19,251 [pool-115-thread-1] INFO  server.RaftServerConfigKeys (ConfUtils.java:logGet(46)) - raft.server.threadpool.server.cached = true (default)
2023-01-31 11:34:19,252 [pool-115-thread-1] INFO  server.RaftServerConfigKeys (ConfUtils.java:logGet(46)) - raft.server.threadpool.server.size = 0 (default)
2023-01-31 11:34:19,252 [pool-115-thread-1] INFO  server.RaftServerConfigKeys (ConfUtils.java:logGet(46)) - raft.server.threadpool.client.cached = true (default)
2023-01-31 11:34:19,252 [pool-115-thread-1] INFO  server.RaftServerConfigKeys (ConfUtils.java:logGet(46)) - raft.server.threadpool.client.size = 0 (default)
2023-01-31 11:34:19,252 [pool-115-thread-1] INFO  storage.RaftStorageDirectory (RaftStorageDirectoryImpl.java:analyzeStorage(137)) - The storage directory /home/runner/work/ozone/ozone/hadoop-ozone/integration-test/target/test-dir/MiniOzoneClusterImpl-e7442b91-30ca-4883-b9fa-57f4a6ec4b9c/datanode-2/data/ratis/3833c052-5fb2-4765-9402-49be29caac96 does not exist. Creating ...
2023-01-31 11:34:19,253 [pool-115-thread-1] INFO  storage.RaftStorageDirectory (RaftStorageDirectoryImpl.java:tryLock(231)) - Lock on /home/runner/work/ozone/ozone/hadoop-ozone/integration-test/target/test-dir/MiniOzoneClusterImpl-e7442b91-30ca-4883-b9fa-57f4a6ec4b9c/datanode-2/data/ratis/3833c052-5fb2-4765-9402-49be29caac96/in_use.lock acquired by nodename 34275@fv-az47-440
2023-01-31 11:34:19,254 [pool-115-thread-1] INFO  storage.RaftStorage (RaftStorageImpl.java:format(96)) - Storage directory /home/runner/work/ozone/ozone/hadoop-ozone/integration-test/target/test-dir/MiniOzoneClusterImpl-e7442b91-30ca-4883-b9fa-57f4a6ec4b9c/datanode-2/data/ratis/3833c052-5fb2-4765-9402-49be29caac96 has been successfully formatted.
2023-01-31 11:34:19,256 [pool-115-thread-1] INFO  ratis.ContainerStateMachine (ContainerStateMachine.java:loadSnapshot(240)) - group-49BE29CAAC96: The snapshot info is null. Setting the last applied indexto:(t:0, i:~)
2023-01-31 11:34:19,258 [pool-115-thread-1] INFO  server.RaftServerConfigKeys (ConfUtils.java:logGet(46)) - raft.server.log.use.memory = false (default)
2023-01-31 11:34:19,258 [pool-115-thread-1] INFO  server.RaftServerConfigKeys (ConfUtils.java:logGet(46)) - raft.server.log.purge.gap = 1000000 (custom)
2023-01-31 11:34:19,258 [pool-115-thread-1] INFO  server.RaftServerConfigKeys (ConfUtils.java:logGet(46)) - raft.server.log.appender.buffer.byte-limit = 33554432 (custom)
2023-01-31 11:34:19,258 [pool-115-thread-1] INFO  server.RaftServerConfigKeys (ConfUtils.java:logGet(46)) - raft.server.log.statemachine.data.read.timeout = 1000ms (default)
2023-01-31 11:34:19,258 [pool-115-thread-1] INFO  server.RaftServerConfigKeys (ConfUtils.java:logGet(46)) - raft.server.log.purge.preservation.log.num = 0 (default)
2023-01-31 11:34:19,259 [pool-115-thread-1] INFO  server.RaftServerConfigKeys (ConfUtils.java:logGet(46)) - raft.server.log.segment.size.max = 1048576 (custom)
2023-01-31 11:34:19,260 [pool-115-thread-1] INFO  server.RaftServerConfigKeys (ConfUtils.java:logGet(46)) - raft.server.log.segment.cache.num.max = 2 (custom)
2023-01-31 11:34:19,260 [pool-115-thread-1] INFO  server.RaftServerConfigKeys (ConfUtils.java:logGet(46)) - raft.server.log.segment.cache.size.max = 200MB (=209715200) (default)
2023-01-31 11:34:19,260 [pool-115-thread-1] INFO  segmented.SegmentedRaftLogWorker (SegmentedRaftLogWorker.java:<init>(189)) - new 7c6ec4c2-78b0-4d13-b7e2-d3daf669de24@group-49BE29CAAC96-SegmentedRaftLogWorker for RaftStorageImpl:Storage Directory /home/runner/work/ozone/ozone/hadoop-ozone/integration-test/target/test-dir/MiniOzoneClusterImpl-e7442b91-30ca-4883-b9fa-57f4a6ec4b9c/datanode-2/data/ratis/3833c052-5fb2-4765-9402-49be29caac96
2023-01-31 11:34:19,260 [pool-115-thread-1] INFO  server.RaftServerConfigKeys (ConfUtils.java:logGet(46)) - raft.server.log.queue.byte-limit = 4294967296 (custom)
2023-01-31 11:34:19,260 [pool-115-thread-1] INFO  server.RaftServerConfigKeys (ConfUtils.java:logGet(46)) - raft.server.log.queue.element-limit = 1024 (custom)
2023-01-31 11:34:19,260 [pool-115-thread-1] INFO  server.RaftServerConfigKeys (ConfUtils.java:logGet(46)) - raft.server.log.segment.size.max = 1048576 (custom)
2023-01-31 11:34:19,260 [pool-115-thread-1] INFO  server.RaftServerConfigKeys (ConfUtils.java:logGet(46)) - raft.server.log.preallocated.size = 16384 (custom)
2023-01-31 11:34:19,260 [pool-115-thread-1] INFO  server.RaftServerConfigKeys (ConfUtils.java:logGet(46)) - raft.server.log.force.sync.num = 128 (default)
2023-01-31 11:34:19,260 [pool-115-thread-1] INFO  server.RaftServerConfigKeys (ConfUtils.java:logGet(46)) - raft.server.log.statemachine.data.sync = true (default)
2023-01-31 11:34:19,260 [pool-115-thread-1] INFO  server.RaftServerConfigKeys (ConfUtils.java:logGet(46)) - raft.server.log.statemachine.data.sync.timeout = 10s (default)
2023-01-31 11:34:19,260 [pool-115-thread-1] INFO  server.RaftServerConfigKeys (ConfUtils.java:logGet(46)) - raft.server.log.statemachine.data.sync.timeout.retry = -1 (default)
2023-01-31 11:34:19,262 [pool-115-thread-1] INFO  server.RaftServerConfigKeys (ConfUtils.java:logGet(46)) - raft.server.log.write.buffer.size = 1048576 (custom)
2023-01-31 11:34:19,262 [pool-115-thread-1] INFO  server.RaftServerConfigKeys (ConfUtils.java:logGet(46)) - raft.server.log.appender.buffer.byte-limit = 33554432 (custom)
2023-01-31 11:34:19,266 [pool-115-thread-1] INFO  server.RaftServerConfigKeys (ConfUtils.java:logGet(46)) - raft.server.log.unsafe-flush.enabled = false (default)
2023-01-31 11:34:19,266 [pool-115-thread-1] INFO  server.RaftServerConfigKeys (ConfUtils.java:logGet(46)) - raft.server.log.async-flush.enabled = false (default)
2023-01-31 11:34:19,266 [pool-115-thread-1] INFO  server.RaftServerConfigKeys (ConfUtils.java:logGet(46)) - raft.server.log.statemachine.data.caching.enabled = true (custom)
2023-01-31 11:34:19,266 [pool-115-thread-1] INFO  segmented.SegmentedRaftLogWorker (SegmentedRaftLogWorker.java:lambda$new$0(135)) - 7c6ec4c2-78b0-4d13-b7e2-d3daf669de24@group-49BE29CAAC96-SegmentedRaftLogWorker: flushIndex: setUnconditionally 0 -> -1
2023-01-31 11:34:19,266 [pool-115-thread-1] INFO  segmented.SegmentedRaftLogWorker (SegmentedRaftLogWorker.java:lambda$new$0(135)) - 7c6ec4c2-78b0-4d13-b7e2-d3daf669de24@group-49BE29CAAC96-SegmentedRaftLogWorker: safeCacheEvictIndex: setUnconditionally 0 -> -1
2023-01-31 11:34:19,267 [pool-115-thread-1] INFO  server.RaftServer$Division (RaftServerImpl.java:start(334)) - 7c6ec4c2-78b0-4d13-b7e2-d3daf669de24@group-49BE29CAAC96: start as a follower, conf=-1: peers:[7c6ec4c2-78b0-4d13-b7e2-d3daf669de24|rpc:10.1.0.34:37179|dataStream:10.1.0.34:42751|priority:0|startupRole:FOLLOWER, e9250560-f63f-4845-b91b-4ee2b5e52a1e|rpc:10.1.0.34:46329|dataStream:10.1.0.34:39341|priority:0|startupRole:FOLLOWER, da03ca31-a8e2-4a02-8a0e-9033bcd0268f|rpc:10.1.0.34:42519|dataStream:10.1.0.34:33639|priority:1|startupRole:FOLLOWER]|listeners:[], old=null
2023-01-31 11:34:19,267 [pool-115-thread-1] INFO  server.RaftServer$Division (RaftServerImpl.java:setRole(321)) - 7c6ec4c2-78b0-4d13-b7e2-d3daf669de24@group-49BE29CAAC96: changes role from      null to FOLLOWER at term 0 for startAsFollower
2023-01-31 11:34:19,267 [pool-115-thread-1] INFO  impl.RoleInfo (RoleInfo.java:updateAndGet(139)) - 7c6ec4c2-78b0-4d13-b7e2-d3daf669de24: start 7c6ec4c2-78b0-4d13-b7e2-d3daf669de24@group-49BE29CAAC96-FollowerState
2023-01-31 11:34:19,270 [pool-115-thread-1] INFO  util.JmxRegister (JmxRegister.java:tryRegister(44)) - Successfully registered JMX Bean with object name Ratis:service=RaftServer,group=group-49BE29CAAC96,id=7c6ec4c2-78b0-4d13-b7e2-d3daf669de24
2023-01-31 11:34:19,271 [pool-115-thread-1] INFO  server.RaftServerConfigKeys (ConfUtils.java:logGet(46)) - raft.server.snapshot.auto.trigger.enabled = true (custom)
2023-01-31 11:34:19,271 [pool-115-thread-1] INFO  server.RaftServerConfigKeys (ConfUtils.java:logGet(46)) - raft.server.snapshot.auto.trigger.threshold = 10000 (custom)
2023-01-31 11:34:19,271 [pool-115-thread-1] INFO  server.RaftServerConfigKeys (ConfUtils.java:logGet(46)) - raft.server.snapshot.retention.file.num = 5 (custom)
2023-01-31 11:34:19,271 [pool-115-thread-1] INFO  server.RaftServerConfigKeys (ConfUtils.java:logGet(46)) - raft.server.log.purge.upto.snapshot.index = false (default)
2023-01-31 11:34:19,272 [7c6ec4c2-78b0-4d13-b7e2-d3daf669de24@group-49BE29CAAC96-FollowerState] INFO  server.RaftServerConfigKeys (ConfUtils.java:logFallback(53)) - raft.server.rpc.first-election.timeout.min = 5s (fallback to raft.server.rpc.timeout.min)
2023-01-31 11:34:19,283 [7c6ec4c2-78b0-4d13-b7e2-d3daf669de24@group-49BE29CAAC96-FollowerState] INFO  server.RaftServerConfigKeys (ConfUtils.java:logFallback(53)) - raft.server.rpc.first-election.timeout.max = 5200ms (fallback to raft.server.rpc.timeout.max)
2023-01-31 11:34:19,350 [grpc-default-executor-0] INFO  server.RaftServer (RaftServerProxy.java:addNew(96)) - e9250560-f63f-4845-b91b-4ee2b5e52a1e: addNew group-49BE29CAAC96:[7c6ec4c2-78b0-4d13-b7e2-d3daf669de24|rpc:10.1.0.34:37179|dataStream:10.1.0.34:42751|priority:0|startupRole:FOLLOWER, e9250560-f63f-4845-b91b-4ee2b5e52a1e|rpc:10.1.0.34:46329|dataStream:10.1.0.34:39341|priority:0|startupRole:FOLLOWER, da03ca31-a8e2-4a02-8a0e-9033bcd0268f|rpc:10.1.0.34:42519|dataStream:10.1.0.34:33639|priority:1|startupRole:FOLLOWER] returns group-49BE29CAAC96:java.util.concurrent.CompletableFuture@5fb11b02[Not completed]
2023-01-31 11:34:19,351 [pool-93-thread-1] INFO  server.RaftServer$Division (RaftServerImpl.java:<init>(195)) - e9250560-f63f-4845-b91b-4ee2b5e52a1e: new RaftServerImpl for group-49BE29CAAC96:[7c6ec4c2-78b0-4d13-b7e2-d3daf669de24|rpc:10.1.0.34:37179|dataStream:10.1.0.34:42751|priority:0|startupRole:FOLLOWER, e9250560-f63f-4845-b91b-4ee2b5e52a1e|rpc:10.1.0.34:46329|dataStream:10.1.0.34:39341|priority:0|startupRole:FOLLOWER, da03ca31-a8e2-4a02-8a0e-9033bcd0268f|rpc:10.1.0.34:42519|dataStream:10.1.0.34:33639|priority:1|startupRole:FOLLOWER] with ContainerStateMachine:uninitialized
2023-01-31 11:34:19,352 [pool-93-thread-1] INFO  server.RaftServerConfigKeys (ConfUtils.java:logGet(46)) - raft.server.rpc.timeout.min = 5s (custom)
2023-01-31 11:34:19,352 [pool-93-thread-1] INFO  server.RaftServerConfigKeys (ConfUtils.java:logGet(46)) - raft.server.rpc.timeout.max = 5200ms (custom)
2023-01-31 11:34:19,352 [pool-93-thread-1] INFO  server.RaftServerConfigKeys (ConfUtils.java:logGet(46)) - raft.server.rpc.sleep.time = 25ms (default)
2023-01-31 11:34:19,352 [pool-93-thread-1] INFO  server.RaftServerConfigKeys (ConfUtils.java:logGet(46)) - raft.server.rpc.slowness.timeout = 300s (custom)
2023-01-31 11:34:19,352 [pool-93-thread-1] INFO  server.RaftServerConfigKeys (ConfUtils.java:logGet(46)) - raft.server.leaderelection.leader.step-down.wait-time = 10s (default)
2023-01-31 11:34:19,352 [pool-93-thread-1] INFO  server.RaftServerConfigKeys (ConfUtils.java:logGet(46)) - raft.server.sleep.deviation.threshold = 300ms (default)
2023-01-31 11:34:19,352 [pool-93-thread-1] INFO  server.RaftServer$Division (ServerState.java:<init>(118)) - e9250560-f63f-4845-b91b-4ee2b5e52a1e@group-49BE29CAAC96: ConfigurationManager, init=-1: peers:[7c6ec4c2-78b0-4d13-b7e2-d3daf669de24|rpc:10.1.0.34:37179|dataStream:10.1.0.34:42751|priority:0|startupRole:FOLLOWER, e9250560-f63f-4845-b91b-4ee2b5e52a1e|rpc:10.1.0.34:46329|dataStream:10.1.0.34:39341|priority:0|startupRole:FOLLOWER, da03ca31-a8e2-4a02-8a0e-9033bcd0268f|rpc:10.1.0.34:42519|dataStream:10.1.0.34:33639|priority:1|startupRole:FOLLOWER]|listeners:[], old=null, confs=<EMPTY_MAP>
2023-01-31 11:34:19,352 [pool-93-thread-1] INFO  server.RaftServerConfigKeys (ConfUtils.java:logGet(46)) - raft.server.storage.dir = [/home/runner/work/ozone/ozone/hadoop-ozone/integration-test/target/test-dir/MiniOzoneClusterImpl-e7442b91-30ca-4883-b9fa-57f4a6ec4b9c/datanode-1/data/ratis] (custom)
2023-01-31 11:34:19,352 [pool-93-thread-1] INFO  server.RaftServerConfigKeys (ConfUtils.java:logGet(46)) - raft.server.log.corruption.policy = EXCEPTION (default)
2023-01-31 11:34:19,352 [pool-93-thread-1] INFO  server.RaftServerConfigKeys (ConfUtils.java:logGet(46)) - raft.server.storage.free-space.min = 0MB (=0) (default)
2023-01-31 11:34:19,352 [pool-93-thread-1] INFO  server.RaftServerConfigKeys (ConfUtils.java:logGet(46)) - raft.server.notification.no-leader.timeout = 300s (custom)
2023-01-31 11:34:19,352 [pool-93-thread-1] INFO  server.RaftServerConfigKeys (ConfUtils.java:logGet(46)) - raft.server.retrycache.expirytime = 600000ms (custom)
2023-01-31 11:34:19,352 [pool-93-thread-1] INFO  server.RaftServerConfigKeys (ConfUtils.java:logGet(46)) - raft.server.retrycache.statistics.expirytime = 100μs (default)
2023-01-31 11:34:19,354 [pool-93-thread-1] INFO  server.RaftServerConfigKeys (ConfUtils.java:logGet(46)) - raft.server.log.appender.install.snapshot.enabled = false (custom)
2023-01-31 11:34:19,354 [pool-93-thread-1] INFO  server.RaftServerConfigKeys (ConfUtils.java:logGet(46)) - raft.server.threadpool.server.cached = true (default)
2023-01-31 11:34:19,354 [pool-93-thread-1] INFO  server.RaftServerConfigKeys (ConfUtils.java:logGet(46)) - raft.server.threadpool.server.size = 0 (default)
2023-01-31 11:34:19,354 [pool-93-thread-1] INFO  server.RaftServerConfigKeys (ConfUtils.java:logGet(46)) - raft.server.threadpool.client.cached = true (default)
2023-01-31 11:34:19,354 [pool-93-thread-1] INFO  server.RaftServerConfigKeys (ConfUtils.java:logGet(46)) - raft.server.threadpool.client.size = 0 (default)
2023-01-31 11:34:19,354 [pool-93-thread-1] INFO  storage.RaftStorageDirectory (RaftStorageDirectoryImpl.java:analyzeStorage(137)) - The storage directory /home/runner/work/ozone/ozone/hadoop-ozone/integration-test/target/test-dir/MiniOzoneClusterImpl-e7442b91-30ca-4883-b9fa-57f4a6ec4b9c/datanode-1/data/ratis/3833c052-5fb2-4765-9402-49be29caac96 does not exist. Creating ...
2023-01-31 11:34:19,355 [pool-93-thread-1] INFO  storage.RaftStorageDirectory (RaftStorageDirectoryImpl.java:tryLock(231)) - Lock on /home/runner/work/ozone/ozone/hadoop-ozone/integration-test/target/test-dir/MiniOzoneClusterImpl-e7442b91-30ca-4883-b9fa-57f4a6ec4b9c/datanode-1/data/ratis/3833c052-5fb2-4765-9402-49be29caac96/in_use.lock acquired by nodename 34275@fv-az47-440
2023-01-31 11:34:19,356 [pool-93-thread-1] INFO  storage.RaftStorage (RaftStorageImpl.java:format(96)) - Storage directory /home/runner/work/ozone/ozone/hadoop-ozone/integration-test/target/test-dir/MiniOzoneClusterImpl-e7442b91-30ca-4883-b9fa-57f4a6ec4b9c/datanode-1/data/ratis/3833c052-5fb2-4765-9402-49be29caac96 has been successfully formatted.
2023-01-31 11:34:19,357 [pool-93-thread-1] INFO  ratis.ContainerStateMachine (ContainerStateMachine.java:loadSnapshot(240)) - group-49BE29CAAC96: The snapshot info is null. Setting the last applied indexto:(t:0, i:~)
2023-01-31 11:34:19,357 [pool-93-thread-1] INFO  server.RaftServerConfigKeys (ConfUtils.java:logGet(46)) - raft.server.log.use.memory = false (default)
2023-01-31 11:34:19,357 [pool-93-thread-1] INFO  server.RaftServerConfigKeys (ConfUtils.java:logGet(46)) - raft.server.log.purge.gap = 1000000 (custom)
2023-01-31 11:34:19,357 [pool-93-thread-1] INFO  server.RaftServerConfigKeys (ConfUtils.java:logGet(46)) - raft.server.log.appender.buffer.byte-limit = 33554432 (custom)
2023-01-31 11:34:19,358 [pool-93-thread-1] INFO  server.RaftServerConfigKeys (ConfUtils.java:logGet(46)) - raft.server.log.statemachine.data.read.timeout = 1000ms (default)
2023-01-31 11:34:19,359 [pool-93-thread-1] INFO  server.RaftServerConfigKeys (ConfUtils.java:logGet(46)) - raft.server.log.purge.preservation.log.num = 0 (default)
2023-01-31 11:34:19,359 [pool-93-thread-1] INFO  server.RaftServerConfigKeys (ConfUtils.java:logGet(46)) - raft.server.log.segment.size.max = 1048576 (custom)
2023-01-31 11:34:19,360 [pool-93-thread-1] INFO  server.RaftServerConfigKeys (ConfUtils.java:logGet(46)) - raft.server.log.segment.cache.num.max = 2 (custom)
2023-01-31 11:34:19,360 [pool-93-thread-1] INFO  server.RaftServerConfigKeys (ConfUtils.java:logGet(46)) - raft.server.log.segment.cache.size.max = 200MB (=209715200) (default)
2023-01-31 11:34:19,360 [pool-93-thread-1] INFO  segmented.SegmentedRaftLogWorker (SegmentedRaftLogWorker.java:<init>(189)) - new e9250560-f63f-4845-b91b-4ee2b5e52a1e@group-49BE29CAAC96-SegmentedRaftLogWorker for RaftStorageImpl:Storage Directory /home/runner/work/ozone/ozone/hadoop-ozone/integration-test/target/test-dir/MiniOzoneClusterImpl-e7442b91-30ca-4883-b9fa-57f4a6ec4b9c/datanode-1/data/ratis/3833c052-5fb2-4765-9402-49be29caac96
2023-01-31 11:34:19,360 [pool-93-thread-1] INFO  server.RaftServerConfigKeys (ConfUtils.java:logGet(46)) - raft.server.log.queue.byte-limit = 4294967296 (custom)
2023-01-31 11:34:19,360 [pool-93-thread-1] INFO  server.RaftServerConfigKeys (ConfUtils.java:logGet(46)) - raft.server.log.queue.element-limit = 1024 (custom)
2023-01-31 11:34:19,360 [pool-93-thread-1] INFO  server.RaftServerConfigKeys (ConfUtils.java:logGet(46)) - raft.server.log.segment.size.max = 1048576 (custom)
2023-01-31 11:34:19,360 [pool-93-thread-1] INFO  server.RaftServerConfigKeys (ConfUtils.java:logGet(46)) - raft.server.log.preallocated.size = 16384 (custom)
2023-01-31 11:34:19,360 [pool-93-thread-1] INFO  server.RaftServerConfigKeys (ConfUtils.java:logGet(46)) - raft.server.log.force.sync.num = 128 (default)
2023-01-31 11:34:19,360 [pool-93-thread-1] INFO  server.RaftServerConfigKeys (ConfUtils.java:logGet(46)) - raft.server.log.statemachine.data.sync = true (default)
2023-01-31 11:34:19,360 [pool-93-thread-1] INFO  server.RaftServerConfigKeys (ConfUtils.java:logGet(46)) - raft.server.log.statemachine.data.sync.timeout = 10s (default)
2023-01-31 11:34:19,360 [pool-93-thread-1] INFO  server.RaftServerConfigKeys (ConfUtils.java:logGet(46)) - raft.server.log.statemachine.data.sync.timeout.retry = -1 (default)
2023-01-31 11:34:19,361 [pool-93-thread-1] INFO  server.RaftServerConfigKeys (ConfUtils.java:logGet(46)) - raft.server.log.write.buffer.size = 1048576 (custom)
2023-01-31 11:34:19,362 [pool-93-thread-1] INFO  server.RaftServerConfigKeys (ConfUtils.java:logGet(46)) - raft.server.log.appender.buffer.byte-limit = 33554432 (custom)
2023-01-31 11:34:19,364 [pool-93-thread-1] INFO  server.RaftServerConfigKeys (ConfUtils.java:logGet(46)) - raft.server.log.unsafe-flush.enabled = false (default)
2023-01-31 11:34:19,364 [pool-93-thread-1] INFO  server.RaftServerConfigKeys (ConfUtils.java:logGet(46)) - raft.server.log.async-flush.enabled = false (default)
2023-01-31 11:34:19,364 [pool-93-thread-1] INFO  server.RaftServerConfigKeys (ConfUtils.java:logGet(46)) - raft.server.log.statemachine.data.caching.enabled = true (custom)
2023-01-31 11:34:19,365 [pool-93-thread-1] INFO  segmented.SegmentedRaftLogWorker (SegmentedRaftLogWorker.java:lambda$new$0(135)) - e9250560-f63f-4845-b91b-4ee2b5e52a1e@group-49BE29CAAC96-SegmentedRaftLogWorker: flushIndex: setUnconditionally 0 -> -1
2023-01-31 11:34:19,365 [pool-93-thread-1] INFO  segmented.SegmentedRaftLogWorker (SegmentedRaftLogWorker.java:lambda$new$0(135)) - e9250560-f63f-4845-b91b-4ee2b5e52a1e@group-49BE29CAAC96-SegmentedRaftLogWorker: safeCacheEvictIndex: setUnconditionally 0 -> -1
2023-01-31 11:34:19,366 [pool-93-thread-1] INFO  server.RaftServer$Division (RaftServerImpl.java:start(334)) - e9250560-f63f-4845-b91b-4ee2b5e52a1e@group-49BE29CAAC96: start as a follower, conf=-1: peers:[7c6ec4c2-78b0-4d13-b7e2-d3daf669de24|rpc:10.1.0.34:37179|dataStream:10.1.0.34:42751|priority:0|startupRole:FOLLOWER, e9250560-f63f-4845-b91b-4ee2b5e52a1e|rpc:10.1.0.34:46329|dataStream:10.1.0.34:39341|priority:0|startupRole:FOLLOWER, da03ca31-a8e2-4a02-8a0e-9033bcd0268f|rpc:10.1.0.34:42519|dataStream:10.1.0.34:33639|priority:1|startupRole:FOLLOWER]|listeners:[], old=null
2023-01-31 11:34:19,366 [pool-93-thread-1] INFO  server.RaftServer$Division (RaftServerImpl.java:setRole(321)) - e9250560-f63f-4845-b91b-4ee2b5e52a1e@group-49BE29CAAC96: changes role from      null to FOLLOWER at term 0 for startAsFollower
2023-01-31 11:34:19,366 [pool-93-thread-1] INFO  impl.RoleInfo (RoleInfo.java:updateAndGet(139)) - e9250560-f63f-4845-b91b-4ee2b5e52a1e: start e9250560-f63f-4845-b91b-4ee2b5e52a1e@group-49BE29CAAC96-FollowerState
2023-01-31 11:34:19,370 [pool-93-thread-1] INFO  util.JmxRegister (JmxRegister.java:tryRegister(44)) - Successfully registered JMX Bean with object name Ratis:service=RaftServer,group=group-49BE29CAAC96,id=e9250560-f63f-4845-b91b-4ee2b5e52a1e
2023-01-31 11:34:19,370 [pool-93-thread-1] INFO  server.RaftServerConfigKeys (ConfUtils.java:logGet(46)) - raft.server.snapshot.auto.trigger.enabled = true (custom)
2023-01-31 11:34:19,371 [pool-93-thread-1] INFO  server.RaftServerConfigKeys (ConfUtils.java:logGet(46)) - raft.server.snapshot.auto.trigger.threshold = 10000 (custom)
2023-01-31 11:34:19,371 [pool-93-thread-1] INFO  server.RaftServerConfigKeys (ConfUtils.java:logGet(46)) - raft.server.snapshot.retention.file.num = 5 (custom)
2023-01-31 11:34:19,371 [pool-93-thread-1] INFO  server.RaftServerConfigKeys (ConfUtils.java:logGet(46)) - raft.server.log.purge.upto.snapshot.index = false (default)
2023-01-31 11:34:19,371 [e9250560-f63f-4845-b91b-4ee2b5e52a1e@group-49BE29CAAC96-FollowerState] INFO  server.RaftServerConfigKeys (ConfUtils.java:logFallback(53)) - raft.server.rpc.first-election.timeout.min = 5s (fallback to raft.server.rpc.timeout.min)
2023-01-31 11:34:19,375 [e9250560-f63f-4845-b91b-4ee2b5e52a1e@group-49BE29CAAC96-FollowerState] INFO  server.RaftServerConfigKeys (ConfUtils.java:logFallback(53)) - raft.server.rpc.first-election.timeout.max = 5200ms (fallback to raft.server.rpc.timeout.max)
2023-01-31 11:34:19,382 [Command processor thread] INFO  commandhandler.CreatePipelineCommandHandler (CreatePipelineCommandHandler.java:handle(113)) - Created Pipeline RATIS THREE PipelineID=3833c052-5fb2-4765-9402-49be29caac96.
2023-01-31 11:34:19,382 [Command processor thread] INFO  server.RaftServer (RaftServerProxy.java:addNew(96)) - da03ca31-a8e2-4a02-8a0e-9033bcd0268f: addNew group-88CB3DFB34B0:[7c6ec4c2-78b0-4d13-b7e2-d3daf669de24|rpc:10.1.0.34:37179|dataStream:10.1.0.34:42751|priority:1|startupRole:FOLLOWER, e9250560-f63f-4845-b91b-4ee2b5e52a1e|rpc:10.1.0.34:46329|dataStream:10.1.0.34:39341|priority:0|startupRole:FOLLOWER, da03ca31-a8e2-4a02-8a0e-9033bcd0268f|rpc:10.1.0.34:42519|dataStream:10.1.0.34:33639|priority:0|startupRole:FOLLOWER] returns group-88CB3DFB34B0:java.util.concurrent.CompletableFuture@1cf843f2[Not completed]
2023-01-31 11:34:19,383 [pool-71-thread-1] INFO  server.RaftServer$Division (RaftServerImpl.java:<init>(195)) - da03ca31-a8e2-4a02-8a0e-9033bcd0268f: new RaftServerImpl for group-88CB3DFB34B0:[7c6ec4c2-78b0-4d13-b7e2-d3daf669de24|rpc:10.1.0.34:37179|dataStream:10.1.0.34:42751|priority:1|startupRole:FOLLOWER, e9250560-f63f-4845-b91b-4ee2b5e52a1e|rpc:10.1.0.34:46329|dataStream:10.1.0.34:39341|priority:0|startupRole:FOLLOWER, da03ca31-a8e2-4a02-8a0e-9033bcd0268f|rpc:10.1.0.34:42519|dataStream:10.1.0.34:33639|priority:0|startupRole:FOLLOWER] with ContainerStateMachine:uninitialized
2023-01-31 11:34:19,383 [pool-71-thread-1] INFO  server.RaftServerConfigKeys (ConfUtils.java:logGet(46)) - raft.server.rpc.timeout.min = 5s (custom)
2023-01-31 11:34:19,383 [pool-71-thread-1] INFO  server.RaftServerConfigKeys (ConfUtils.java:logGet(46)) - raft.server.rpc.timeout.max = 5200ms (custom)
2023-01-31 11:34:19,383 [pool-71-thread-1] INFO  server.RaftServerConfigKeys (ConfUtils.java:logGet(46)) - raft.server.rpc.sleep.time = 25ms (default)
2023-01-31 11:34:19,383 [pool-71-thread-1] INFO  server.RaftServerConfigKeys (ConfUtils.java:logGet(46)) - raft.server.rpc.slowness.timeout = 300s (custom)
2023-01-31 11:34:19,383 [pool-71-thread-1] INFO  server.RaftServerConfigKeys (ConfUtils.java:logGet(46)) - raft.server.leaderelection.leader.step-down.wait-time = 10s (default)
2023-01-31 11:34:19,383 [pool-71-thread-1] INFO  server.RaftServerConfigKeys (ConfUtils.java:logGet(46)) - raft.server.sleep.deviation.threshold = 300ms (default)
2023-01-31 11:34:19,383 [pool-71-thread-1] INFO  server.RaftServer$Division (ServerState.java:<init>(118)) - da03ca31-a8e2-4a02-8a0e-9033bcd0268f@group-88CB3DFB34B0: ConfigurationManager, init=-1: peers:[7c6ec4c2-78b0-4d13-b7e2-d3daf669de24|rpc:10.1.0.34:37179|dataStream:10.1.0.34:42751|priority:1|startupRole:FOLLOWER, e9250560-f63f-4845-b91b-4ee2b5e52a1e|rpc:10.1.0.34:46329|dataStream:10.1.0.34:39341|priority:0|startupRole:FOLLOWER, da03ca31-a8e2-4a02-8a0e-9033bcd0268f|rpc:10.1.0.34:42519|dataStream:10.1.0.34:33639|priority:0|startupRole:FOLLOWER]|listeners:[], old=null, confs=<EMPTY_MAP>
2023-01-31 11:34:19,383 [pool-71-thread-1] INFO  server.RaftServerConfigKeys (ConfUtils.java:logGet(46)) - raft.server.storage.dir = [/home/runner/work/ozone/ozone/hadoop-ozone/integration-test/target/test-dir/MiniOzoneClusterImpl-e7442b91-30ca-4883-b9fa-57f4a6ec4b9c/datanode-0/data/ratis] (custom)
2023-01-31 11:34:19,383 [pool-71-thread-1] INFO  server.RaftServerConfigKeys (ConfUtils.java:logGet(46)) - raft.server.log.corruption.policy = EXCEPTION (default)
2023-01-31 11:34:19,383 [pool-71-thread-1] INFO  server.RaftServerConfigKeys (ConfUtils.java:logGet(46)) - raft.server.storage.free-space.min = 0MB (=0) (default)
2023-01-31 11:34:19,384 [pool-71-thread-1] INFO  server.RaftServerConfigKeys (ConfUtils.java:logGet(46)) - raft.server.notification.no-leader.timeout = 300s (custom)
2023-01-31 11:34:19,384 [pool-71-thread-1] INFO  server.RaftServerConfigKeys (ConfUtils.java:logGet(46)) - raft.server.retrycache.expirytime = 600000ms (custom)
2023-01-31 11:34:19,384 [pool-71-thread-1] INFO  server.RaftServerConfigKeys (ConfUtils.java:logGet(46)) - raft.server.retrycache.statistics.expirytime = 100μs (default)
2023-01-31 11:34:19,385 [pool-71-thread-1] INFO  server.RaftServerConfigKeys (ConfUtils.java:logGet(46)) - raft.server.log.appender.install.snapshot.enabled = false (custom)
2023-01-31 11:34:19,385 [pool-71-thread-1] INFO  server.RaftServerConfigKeys (ConfUtils.java:logGet(46)) - raft.server.threadpool.server.cached = true (default)
2023-01-31 11:34:19,385 [pool-71-thread-1] INFO  server.RaftServerConfigKeys (ConfUtils.java:logGet(46)) - raft.server.threadpool.server.size = 0 (default)
2023-01-31 11:34:19,385 [pool-71-thread-1] INFO  server.RaftServerConfigKeys (ConfUtils.java:logGet(46)) - raft.server.threadpool.client.cached = true (default)
2023-01-31 11:34:19,385 [pool-71-thread-1] INFO  server.RaftServerConfigKeys (ConfUtils.java:logGet(46)) - raft.server.threadpool.client.size = 0 (default)
2023-01-31 11:34:19,385 [pool-71-thread-1] INFO  storage.RaftStorageDirectory (RaftStorageDirectoryImpl.java:analyzeStorage(137)) - The storage directory /home/runner/work/ozone/ozone/hadoop-ozone/integration-test/target/test-dir/MiniOzoneClusterImpl-e7442b91-30ca-4883-b9fa-57f4a6ec4b9c/datanode-0/data/ratis/32589a1c-0da5-42bc-820c-88cb3dfb34b0 does not exist. Creating ...
2023-01-31 11:34:19,386 [pool-71-thread-1] INFO  storage.RaftStorageDirectory (RaftStorageDirectoryImpl.java:tryLock(231)) - Lock on /home/runner/work/ozone/ozone/hadoop-ozone/integration-test/target/test-dir/MiniOzoneClusterImpl-e7442b91-30ca-4883-b9fa-57f4a6ec4b9c/datanode-0/data/ratis/32589a1c-0da5-42bc-820c-88cb3dfb34b0/in_use.lock acquired by nodename 34275@fv-az47-440
2023-01-31 11:34:19,387 [pool-71-thread-1] INFO  storage.RaftStorage (RaftStorageImpl.java:format(96)) - Storage directory /home/runner/work/ozone/ozone/hadoop-ozone/integration-test/target/test-dir/MiniOzoneClusterImpl-e7442b91-30ca-4883-b9fa-57f4a6ec4b9c/datanode-0/data/ratis/32589a1c-0da5-42bc-820c-88cb3dfb34b0 has been successfully formatted.
2023-01-31 11:34:19,387 [pool-71-thread-1] INFO  ratis.ContainerStateMachine (ContainerStateMachine.java:loadSnapshot(240)) - group-88CB3DFB34B0: The snapshot info is null. Setting the last applied indexto:(t:0, i:~)
2023-01-31 11:34:19,387 [pool-71-thread-1] INFO  server.RaftServerConfigKeys (ConfUtils.java:logGet(46)) - raft.server.log.use.memory = false (default)
2023-01-31 11:34:19,387 [pool-71-thread-1] INFO  server.RaftServerConfigKeys (ConfUtils.java:logGet(46)) - raft.server.log.purge.gap = 1000000 (custom)
2023-01-31 11:34:19,389 [EventQueue-OpenPipelineForHealthyPipelineSafeModeRule] INFO  safemode.SCMSafeModeManager (HealthyPipelineSafeModeRule.java:process(137)) - SCM in safe mode. Healthy pipelines reported count is 0, required healthy pipeline reported count is 1
2023-01-31 11:34:19,395 [pool-71-thread-1] INFO  server.RaftServerConfigKeys (ConfUtils.java:logGet(46)) - raft.server.log.appender.buffer.byte-limit = 33554432 (custom)
2023-01-31 11:34:19,395 [pool-71-thread-1] INFO  server.RaftServerConfigKeys (ConfUtils.java:logGet(46)) - raft.server.log.statemachine.data.read.timeout = 1000ms (default)
2023-01-31 11:34:19,395 [pool-71-thread-1] INFO  server.RaftServerConfigKeys (ConfUtils.java:logGet(46)) - raft.server.log.purge.preservation.log.num = 0 (default)
2023-01-31 11:34:19,395 [pool-71-thread-1] INFO  server.RaftServerConfigKeys (ConfUtils.java:logGet(46)) - raft.server.log.segment.size.max = 1048576 (custom)
2023-01-31 11:34:19,395 [pool-71-thread-1] INFO  server.RaftServerConfigKeys (ConfUtils.java:logGet(46)) - raft.server.log.segment.cache.num.max = 2 (custom)
2023-01-31 11:34:19,395 [pool-71-thread-1] INFO  server.RaftServerConfigKeys (ConfUtils.java:logGet(46)) - raft.server.log.segment.cache.size.max = 200MB (=209715200) (default)
2023-01-31 11:34:19,396 [pool-71-thread-1] INFO  segmented.SegmentedRaftLogWorker (SegmentedRaftLogWorker.java:<init>(189)) - new da03ca31-a8e2-4a02-8a0e-9033bcd0268f@group-88CB3DFB34B0-SegmentedRaftLogWorker for RaftStorageImpl:Storage Directory /home/runner/work/ozone/ozone/hadoop-ozone/integration-test/target/test-dir/MiniOzoneClusterImpl-e7442b91-30ca-4883-b9fa-57f4a6ec4b9c/datanode-0/data/ratis/32589a1c-0da5-42bc-820c-88cb3dfb34b0
2023-01-31 11:34:19,396 [pool-71-thread-1] INFO  server.RaftServerConfigKeys (ConfUtils.java:logGet(46)) - raft.server.log.queue.byte-limit = 4294967296 (custom)
2023-01-31 11:34:19,396 [pool-71-thread-1] INFO  server.RaftServerConfigKeys (ConfUtils.java:logGet(46)) - raft.server.log.queue.element-limit = 1024 (custom)
2023-01-31 11:34:19,396 [pool-71-thread-1] INFO  server.RaftServerConfigKeys (ConfUtils.java:logGet(46)) - raft.server.log.segment.size.max = 1048576 (custom)
2023-01-31 11:34:19,396 [pool-71-thread-1] INFO  server.RaftServerConfigKeys (ConfUtils.java:logGet(46)) - raft.server.log.preallocated.size = 16384 (custom)
2023-01-31 11:34:19,396 [pool-71-thread-1] INFO  server.RaftServerConfigKeys (ConfUtils.java:logGet(46)) - raft.server.log.force.sync.num = 128 (default)
2023-01-31 11:34:19,396 [pool-71-thread-1] INFO  server.RaftServerConfigKeys (ConfUtils.java:logGet(46)) - raft.server.log.statemachine.data.sync = true (default)
2023-01-31 11:34:19,396 [pool-71-thread-1] INFO  server.RaftServerConfigKeys (ConfUtils.java:logGet(46)) - raft.server.log.statemachine.data.sync.timeout = 10s (default)
2023-01-31 11:34:19,396 [pool-71-thread-1] INFO  server.RaftServerConfigKeys (ConfUtils.java:logGet(46)) - raft.server.log.statemachine.data.sync.timeout.retry = -1 (default)
2023-01-31 11:34:19,397 [pool-71-thread-1] INFO  server.RaftServerConfigKeys (ConfUtils.java:logGet(46)) - raft.server.log.write.buffer.size = 1048576 (custom)
2023-01-31 11:34:19,397 [pool-71-thread-1] INFO  server.RaftServerConfigKeys (ConfUtils.java:logGet(46)) - raft.server.log.appender.buffer.byte-limit = 33554432 (custom)
2023-01-31 11:34:19,403 [pool-71-thread-1] INFO  server.RaftServerConfigKeys (ConfUtils.java:logGet(46)) - raft.server.log.unsafe-flush.enabled = false (default)
2023-01-31 11:34:19,405 [pool-71-thread-1] INFO  server.RaftServerConfigKeys (ConfUtils.java:logGet(46)) - raft.server.log.async-flush.enabled = false (default)
2023-01-31 11:34:19,405 [pool-71-thread-1] INFO  server.RaftServerConfigKeys (ConfUtils.java:logGet(46)) - raft.server.log.statemachine.data.caching.enabled = true (custom)
2023-01-31 11:34:19,405 [pool-71-thread-1] INFO  segmented.SegmentedRaftLogWorker (SegmentedRaftLogWorker.java:lambda$new$0(135)) - da03ca31-a8e2-4a02-8a0e-9033bcd0268f@group-88CB3DFB34B0-SegmentedRaftLogWorker: flushIndex: setUnconditionally 0 -> -1
2023-01-31 11:34:19,405 [pool-71-thread-1] INFO  segmented.SegmentedRaftLogWorker (SegmentedRaftLogWorker.java:lambda$new$0(135)) - da03ca31-a8e2-4a02-8a0e-9033bcd0268f@group-88CB3DFB34B0-SegmentedRaftLogWorker: safeCacheEvictIndex: setUnconditionally 0 -> -1
2023-01-31 11:34:19,406 [pool-71-thread-1] INFO  server.RaftServer$Division (RaftServerImpl.java:start(334)) - da03ca31-a8e2-4a02-8a0e-9033bcd0268f@group-88CB3DFB34B0: start as a follower, conf=-1: peers:[7c6ec4c2-78b0-4d13-b7e2-d3daf669de24|rpc:10.1.0.34:37179|dataStream:10.1.0.34:42751|priority:1|startupRole:FOLLOWER, e9250560-f63f-4845-b91b-4ee2b5e52a1e|rpc:10.1.0.34:46329|dataStream:10.1.0.34:39341|priority:0|startupRole:FOLLOWER, da03ca31-a8e2-4a02-8a0e-9033bcd0268f|rpc:10.1.0.34:42519|dataStream:10.1.0.34:33639|priority:0|startupRole:FOLLOWER]|listeners:[], old=null
2023-01-31 11:34:19,406 [pool-71-thread-1] INFO  server.RaftServer$Division (RaftServerImpl.java:setRole(321)) - da03ca31-a8e2-4a02-8a0e-9033bcd0268f@group-88CB3DFB34B0: changes role from      null to FOLLOWER at term 0 for startAsFollower
2023-01-31 11:34:19,406 [pool-71-thread-1] INFO  impl.RoleInfo (RoleInfo.java:updateAndGet(139)) - da03ca31-a8e2-4a02-8a0e-9033bcd0268f: start da03ca31-a8e2-4a02-8a0e-9033bcd0268f@group-88CB3DFB34B0-FollowerState
2023-01-31 11:34:19,406 [pool-93-thread-1] INFO  server.RaftServer$Division (RaftServerImpl.java:<init>(195)) - e9250560-f63f-4845-b91b-4ee2b5e52a1e: new RaftServerImpl for group-B02B3020F3F8:[e9250560-f63f-4845-b91b-4ee2b5e52a1e|rpc:10.1.0.34:46329|dataStream:10.1.0.34:39341|priority:1|startupRole:FOLLOWER] with ContainerStateMachine:uninitialized
2023-01-31 11:34:19,411 [pool-93-thread-1] INFO  server.RaftServerConfigKeys (ConfUtils.java:logGet(46)) - raft.server.rpc.timeout.min = 5s (custom)
2023-01-31 11:34:19,411 [pool-93-thread-1] INFO  server.RaftServerConfigKeys (ConfUtils.java:logGet(46)) - raft.server.rpc.timeout.max = 5200ms (custom)
2023-01-31 11:34:19,411 [pool-93-thread-1] INFO  server.RaftServerConfigKeys (ConfUtils.java:logGet(46)) - raft.server.rpc.sleep.time = 25ms (default)
2023-01-31 11:34:19,411 [pool-93-thread-1] INFO  server.RaftServerConfigKeys (ConfUtils.java:logGet(46)) - raft.server.rpc.slowness.timeout = 300s (custom)
2023-01-31 11:34:19,411 [pool-93-thread-1] INFO  server.RaftServerConfigKeys (ConfUtils.java:logGet(46)) - raft.server.leaderelection.leader.step-down.wait-time = 10s (default)
2023-01-31 11:34:19,411 [pool-93-thread-1] INFO  server.RaftServerConfigKeys (ConfUtils.java:logGet(46)) - raft.server.sleep.deviation.threshold = 300ms (default)
2023-01-31 11:34:19,411 [pool-93-thread-1] INFO  server.RaftServer$Division (ServerState.java:<init>(118)) - e9250560-f63f-4845-b91b-4ee2b5e52a1e@group-B02B3020F3F8: ConfigurationManager, init=-1: peers:[e9250560-f63f-4845-b91b-4ee2b5e52a1e|rpc:10.1.0.34:46329|dataStream:10.1.0.34:39341|priority:1|startupRole:FOLLOWER]|listeners:[], old=null, confs=<EMPTY_MAP>
2023-01-31 11:34:19,411 [pool-93-thread-1] INFO  server.RaftServerConfigKeys (ConfUtils.java:logGet(46)) - raft.server.storage.dir = [/home/runner/work/ozone/ozone/hadoop-ozone/integration-test/target/test-dir/MiniOzoneClusterImpl-e7442b91-30ca-4883-b9fa-57f4a6ec4b9c/datanode-1/data/ratis] (custom)
2023-01-31 11:34:19,411 [pool-93-thread-1] INFO  server.RaftServerConfigKeys (ConfUtils.java:logGet(46)) - raft.server.log.corruption.policy = EXCEPTION (default)
2023-01-31 11:34:19,411 [pool-93-thread-1] INFO  server.RaftServerConfigKeys (ConfUtils.java:logGet(46)) - raft.server.storage.free-space.min = 0MB (=0) (default)
2023-01-31 11:34:19,411 [pool-93-thread-1] INFO  server.RaftServerConfigKeys (ConfUtils.java:logGet(46)) - raft.server.notification.no-leader.timeout = 300s (custom)
2023-01-31 11:34:19,412 [pool-93-thread-1] INFO  server.RaftServerConfigKeys (ConfUtils.java:logGet(46)) - raft.server.retrycache.expirytime = 600000ms (custom)
2023-01-31 11:34:19,412 [da03ca31-a8e2-4a02-8a0e-9033bcd0268f@group-88CB3DFB34B0-FollowerState] INFO  server.RaftServerConfigKeys (ConfUtils.java:logFallback(53)) - raft.server.rpc.first-election.timeout.min = 5s (fallback to raft.server.rpc.timeout.min)
2023-01-31 11:34:19,404 [Command processor thread] INFO  server.RaftServer (RaftServerProxy.java:addNew(96)) - e9250560-f63f-4845-b91b-4ee2b5e52a1e: addNew group-B02B3020F3F8:[e9250560-f63f-4845-b91b-4ee2b5e52a1e|rpc:10.1.0.34:46329|dataStream:10.1.0.34:39341|priority:1|startupRole:FOLLOWER] returns group-B02B3020F3F8:java.util.concurrent.CompletableFuture@711df2de[Not completed]
2023-01-31 11:34:19,412 [da03ca31-a8e2-4a02-8a0e-9033bcd0268f@group-88CB3DFB34B0-FollowerState] INFO  server.RaftServerConfigKeys (ConfUtils.java:logFallback(53)) - raft.server.rpc.first-election.timeout.max = 5200ms (fallback to raft.server.rpc.timeout.max)
2023-01-31 11:34:19,412 [pool-93-thread-1] INFO  server.RaftServerConfigKeys (ConfUtils.java:logGet(46)) - raft.server.retrycache.statistics.expirytime = 100μs (default)
2023-01-31 11:34:19,409 [pool-71-thread-1] INFO  util.JmxRegister (JmxRegister.java:tryRegister(44)) - Successfully registered JMX Bean with object name Ratis:service=RaftServer,group=group-88CB3DFB34B0,id=da03ca31-a8e2-4a02-8a0e-9033bcd0268f
2023-01-31 11:34:19,412 [pool-71-thread-1] INFO  server.RaftServerConfigKeys (ConfUtils.java:logGet(46)) - raft.server.snapshot.auto.trigger.enabled = true (custom)
2023-01-31 11:34:19,412 [pool-71-thread-1] INFO  server.RaftServerConfigKeys (ConfUtils.java:logGet(46)) - raft.server.snapshot.auto.trigger.threshold = 10000 (custom)
2023-01-31 11:34:19,412 [pool-71-thread-1] INFO  server.RaftServerConfigKeys (ConfUtils.java:logGet(46)) - raft.server.snapshot.retention.file.num = 5 (custom)
2023-01-31 11:34:19,412 [pool-71-thread-1] INFO  server.RaftServerConfigKeys (ConfUtils.java:logGet(46)) - raft.server.log.purge.upto.snapshot.index = false (default)
2023-01-31 11:34:19,414 [pool-93-thread-1] INFO  server.RaftServerConfigKeys (ConfUtils.java:logGet(46)) - raft.server.log.appender.install.snapshot.enabled = false (custom)
2023-01-31 11:34:19,414 [pool-93-thread-1] INFO  server.RaftServerConfigKeys (ConfUtils.java:logGet(46)) - raft.server.threadpool.server.cached = true (default)
2023-01-31 11:34:19,414 [pool-93-thread-1] INFO  server.RaftServerConfigKeys (ConfUtils.java:logGet(46)) - raft.server.threadpool.server.size = 0 (default)
2023-01-31 11:34:19,414 [pool-93-thread-1] INFO  server.RaftServerConfigKeys (ConfUtils.java:logGet(46)) - raft.server.threadpool.client.cached = true (default)
2023-01-31 11:34:19,414 [pool-93-thread-1] INFO  server.RaftServerConfigKeys (ConfUtils.java:logGet(46)) - raft.server.threadpool.client.size = 0 (default)
2023-01-31 11:34:19,414 [pool-93-thread-1] INFO  storage.RaftStorageDirectory (RaftStorageDirectoryImpl.java:analyzeStorage(137)) - The storage directory /home/runner/work/ozone/ozone/hadoop-ozone/integration-test/target/test-dir/MiniOzoneClusterImpl-e7442b91-30ca-4883-b9fa-57f4a6ec4b9c/datanode-1/data/ratis/9600a70e-8ef6-40d5-80b2-b02b3020f3f8 does not exist. Creating ...
2023-01-31 11:34:19,415 [Command processor thread] INFO  ratis.XceiverServerRatis (XceiverServerRatis.java:addGroup(806)) - Created group PipelineID=32589a1c-0da5-42bc-820c-88cb3dfb34b0
2023-01-31 11:34:19,416 [pool-93-thread-1] INFO  storage.RaftStorageDirectory (RaftStorageDirectoryImpl.java:tryLock(231)) - Lock on /home/runner/work/ozone/ozone/hadoop-ozone/integration-test/target/test-dir/MiniOzoneClusterImpl-e7442b91-30ca-4883-b9fa-57f4a6ec4b9c/datanode-1/data/ratis/9600a70e-8ef6-40d5-80b2-b02b3020f3f8/in_use.lock acquired by nodename 34275@fv-az47-440
2023-01-31 11:34:19,422 [pool-93-thread-1] INFO  storage.RaftStorage (RaftStorageImpl.java:format(96)) - Storage directory /home/runner/work/ozone/ozone/hadoop-ozone/integration-test/target/test-dir/MiniOzoneClusterImpl-e7442b91-30ca-4883-b9fa-57f4a6ec4b9c/datanode-1/data/ratis/9600a70e-8ef6-40d5-80b2-b02b3020f3f8 has been successfully formatted.
2023-01-31 11:34:19,425 [pool-93-thread-1] INFO  ratis.ContainerStateMachine (ContainerStateMachine.java:loadSnapshot(240)) - group-B02B3020F3F8: The snapshot info is null. Setting the last applied indexto:(t:0, i:~)
2023-01-31 11:34:19,425 [pool-93-thread-1] INFO  server.RaftServerConfigKeys (ConfUtils.java:logGet(46)) - raft.server.log.use.memory = false (default)
2023-01-31 11:34:19,426 [pool-93-thread-1] INFO  server.RaftServerConfigKeys (ConfUtils.java:logGet(46)) - raft.server.log.purge.gap = 1000000 (custom)
2023-01-31 11:34:19,426 [pool-93-thread-1] INFO  server.RaftServerConfigKeys (ConfUtils.java:logGet(46)) - raft.server.log.appender.buffer.byte-limit = 33554432 (custom)
2023-01-31 11:34:19,426 [pool-93-thread-1] INFO  server.RaftServerConfigKeys (ConfUtils.java:logGet(46)) - raft.server.log.statemachine.data.read.timeout = 1000ms (default)
2023-01-31 11:34:19,426 [pool-93-thread-1] INFO  server.RaftServerConfigKeys (ConfUtils.java:logGet(46)) - raft.server.log.purge.preservation.log.num = 0 (default)
2023-01-31 11:34:19,432 [pool-93-thread-1] INFO  server.RaftServerConfigKeys (ConfUtils.java:logGet(46)) - raft.server.log.segment.size.max = 1048576 (custom)
2023-01-31 11:34:19,433 [pool-93-thread-1] INFO  server.RaftServerConfigKeys (ConfUtils.java:logGet(46)) - raft.server.log.segment.cache.num.max = 2 (custom)
2023-01-31 11:34:19,433 [pool-93-thread-1] INFO  server.RaftServerConfigKeys (ConfUtils.java:logGet(46)) - raft.server.log.segment.cache.size.max = 200MB (=209715200) (default)
2023-01-31 11:34:19,433 [pool-93-thread-1] INFO  segmented.SegmentedRaftLogWorker (SegmentedRaftLogWorker.java:<init>(189)) - new e9250560-f63f-4845-b91b-4ee2b5e52a1e@group-B02B3020F3F8-SegmentedRaftLogWorker for RaftStorageImpl:Storage Directory /home/runner/work/ozone/ozone/hadoop-ozone/integration-test/target/test-dir/MiniOzoneClusterImpl-e7442b91-30ca-4883-b9fa-57f4a6ec4b9c/datanode-1/data/ratis/9600a70e-8ef6-40d5-80b2-b02b3020f3f8
2023-01-31 11:34:19,433 [pool-93-thread-1] INFO  server.RaftServerConfigKeys (ConfUtils.java:logGet(46)) - raft.server.log.queue.byte-limit = 4294967296 (custom)
2023-01-31 11:34:19,433 [pool-93-thread-1] INFO  server.RaftServerConfigKeys (ConfUtils.java:logGet(46)) - raft.server.log.queue.element-limit = 1024 (custom)
2023-01-31 11:34:19,433 [pool-93-thread-1] INFO  server.RaftServerConfigKeys (ConfUtils.java:logGet(46)) - raft.server.log.segment.size.max = 1048576 (custom)
2023-01-31 11:34:19,433 [pool-93-thread-1] INFO  server.RaftServerConfigKeys (ConfUtils.java:logGet(46)) - raft.server.log.preallocated.size = 16384 (custom)
2023-01-31 11:34:19,433 [pool-93-thread-1] INFO  server.RaftServerConfigKeys (ConfUtils.java:logGet(46)) - raft.server.log.force.sync.num = 128 (default)
2023-01-31 11:34:19,433 [pool-93-thread-1] INFO  server.RaftServerConfigKeys (ConfUtils.java:logGet(46)) - raft.server.log.statemachine.data.sync = true (default)
2023-01-31 11:34:19,433 [pool-93-thread-1] INFO  server.RaftServerConfigKeys (ConfUtils.java:logGet(46)) - raft.server.log.statemachine.data.sync.timeout = 10s (default)
2023-01-31 11:34:19,433 [pool-93-thread-1] INFO  server.RaftServerConfigKeys (ConfUtils.java:logGet(46)) - raft.server.log.statemachine.data.sync.timeout.retry = -1 (default)
2023-01-31 11:34:19,435 [EventQueue-PipelineReportForPipelineReportHandler] INFO  pipeline.PipelineManagerImpl (PipelineManagerImpl.java:openPipeline(367)) - Pipeline Pipeline[ Id: 9600a70e-8ef6-40d5-80b2-b02b3020f3f8, Nodes: e9250560-f63f-4845-b91b-4ee2b5e52a1e(fv-az47-440.mma5zatft5wupo5mzspaixdheh.bx.internal.cloudapp.net/10.1.0.34), ReplicationConfig: RATIS/ONE, State:ALLOCATED, leaderId:e9250560-f63f-4845-b91b-4ee2b5e52a1e, CreationTimestamp2023-01-31T11:34:16.396Z[Etc/UTC]] moved to OPEN state
2023-01-31 11:34:19,436 [EventQueue-OpenPipelineForHealthyPipelineSafeModeRule] INFO  safemode.SCMSafeModeManager (HealthyPipelineSafeModeRule.java:process(137)) - SCM in safe mode. Healthy pipelines reported count is 0, required healthy pipeline reported count is 1
2023-01-31 11:34:19,437 [grpc-default-executor-0] INFO  server.RaftServer (RaftServerProxy.java:addNew(96)) - e9250560-f63f-4845-b91b-4ee2b5e52a1e: addNew group-88CB3DFB34B0:[7c6ec4c2-78b0-4d13-b7e2-d3daf669de24|rpc:10.1.0.34:37179|dataStream:10.1.0.34:42751|priority:1|startupRole:FOLLOWER, e9250560-f63f-4845-b91b-4ee2b5e52a1e|rpc:10.1.0.34:46329|dataStream:10.1.0.34:39341|priority:0|startupRole:FOLLOWER, da03ca31-a8e2-4a02-8a0e-9033bcd0268f|rpc:10.1.0.34:42519|dataStream:10.1.0.34:33639|priority:0|startupRole:FOLLOWER] returns group-88CB3DFB34B0:java.util.concurrent.CompletableFuture@6ab3e5e0[Not completed]
2023-01-31 11:34:19,439 [pool-93-thread-1] INFO  server.RaftServerConfigKeys (ConfUtils.java:logGet(46)) - raft.server.log.write.buffer.size = 1048576 (custom)
2023-01-31 11:34:19,439 [pool-93-thread-1] INFO  server.RaftServerConfigKeys (ConfUtils.java:logGet(46)) - raft.server.log.appender.buffer.byte-limit = 33554432 (custom)
2023-01-31 11:34:19,447 [pool-93-thread-1] INFO  server.RaftServerConfigKeys (ConfUtils.java:logGet(46)) - raft.server.log.unsafe-flush.enabled = false (default)
2023-01-31 11:34:19,448 [pool-93-thread-1] INFO  server.RaftServerConfigKeys (ConfUtils.java:logGet(46)) - raft.server.log.async-flush.enabled = false (default)
2023-01-31 11:34:19,448 [pool-93-thread-1] INFO  server.RaftServerConfigKeys (ConfUtils.java:logGet(46)) - raft.server.log.statemachine.data.caching.enabled = true (custom)
2023-01-31 11:34:19,448 [pool-93-thread-1] INFO  segmented.SegmentedRaftLogWorker (SegmentedRaftLogWorker.java:lambda$new$0(135)) - e9250560-f63f-4845-b91b-4ee2b5e52a1e@group-B02B3020F3F8-SegmentedRaftLogWorker: flushIndex: setUnconditionally 0 -> -1
2023-01-31 11:34:19,448 [pool-93-thread-1] INFO  segmented.SegmentedRaftLogWorker (SegmentedRaftLogWorker.java:lambda$new$0(135)) - e9250560-f63f-4845-b91b-4ee2b5e52a1e@group-B02B3020F3F8-SegmentedRaftLogWorker: safeCacheEvictIndex: setUnconditionally 0 -> -1
2023-01-31 11:34:19,448 [pool-93-thread-1] INFO  server.RaftServer$Division (RaftServerImpl.java:start(334)) - e9250560-f63f-4845-b91b-4ee2b5e52a1e@group-B02B3020F3F8: start as a follower, conf=-1: peers:[e9250560-f63f-4845-b91b-4ee2b5e52a1e|rpc:10.1.0.34:46329|dataStream:10.1.0.34:39341|priority:1|startupRole:FOLLOWER]|listeners:[], old=null
2023-01-31 11:34:19,448 [pool-93-thread-1] INFO  server.RaftServer$Division (RaftServerImpl.java:setRole(321)) - e9250560-f63f-4845-b91b-4ee2b5e52a1e@group-B02B3020F3F8: changes role from      null to FOLLOWER at term 0 for startAsFollower
2023-01-31 11:34:19,448 [pool-93-thread-1] INFO  impl.RoleInfo (RoleInfo.java:updateAndGet(139)) - e9250560-f63f-4845-b91b-4ee2b5e52a1e: start e9250560-f63f-4845-b91b-4ee2b5e52a1e@group-B02B3020F3F8-FollowerState
2023-01-31 11:34:19,449 [pool-93-thread-1] INFO  util.JmxRegister (JmxRegister.java:tryRegister(44)) - Successfully registered JMX Bean with object name Ratis:service=RaftServer,group=group-B02B3020F3F8,id=e9250560-f63f-4845-b91b-4ee2b5e52a1e
2023-01-31 11:34:19,449 [pool-93-thread-1] INFO  server.RaftServerConfigKeys (ConfUtils.java:logGet(46)) - raft.server.snapshot.auto.trigger.enabled = true (custom)
2023-01-31 11:34:19,449 [pool-93-thread-1] INFO  server.RaftServerConfigKeys (ConfUtils.java:logGet(46)) - raft.server.snapshot.auto.trigger.threshold = 10000 (custom)
2023-01-31 11:34:19,449 [pool-93-thread-1] INFO  server.RaftServerConfigKeys (ConfUtils.java:logGet(46)) - raft.server.snapshot.retention.file.num = 5 (custom)
2023-01-31 11:34:19,449 [pool-93-thread-1] INFO  server.RaftServerConfigKeys (ConfUtils.java:logGet(46)) - raft.server.log.purge.upto.snapshot.index = false (default)
2023-01-31 11:34:19,450 [e9250560-f63f-4845-b91b-4ee2b5e52a1e@group-B02B3020F3F8-FollowerState] INFO  server.RaftServerConfigKeys (ConfUtils.java:logFallback(53)) - raft.server.rpc.first-election.timeout.min = 5s (fallback to raft.server.rpc.timeout.min)
2023-01-31 11:34:19,450 [e9250560-f63f-4845-b91b-4ee2b5e52a1e@group-B02B3020F3F8-FollowerState] INFO  server.RaftServerConfigKeys (ConfUtils.java:logFallback(53)) - raft.server.rpc.first-election.timeout.max = 5200ms (fallback to raft.server.rpc.timeout.max)
2023-01-31 11:34:19,450 [Command processor thread] INFO  ratis.XceiverServerRatis (XceiverServerRatis.java:addGroup(806)) - Created group PipelineID=9600a70e-8ef6-40d5-80b2-b02b3020f3f8
2023-01-31 11:34:19,454 [Command processor thread] INFO  commandhandler.CreatePipelineCommandHandler (CreatePipelineCommandHandler.java:handle(113)) - Created Pipeline RATIS ONE PipelineID=9600a70e-8ef6-40d5-80b2-b02b3020f3f8.
2023-01-31 11:34:19,456 [pool-93-thread-1] INFO  server.RaftServer$Division (RaftServerImpl.java:<init>(195)) - e9250560-f63f-4845-b91b-4ee2b5e52a1e: new RaftServerImpl for group-88CB3DFB34B0:[7c6ec4c2-78b0-4d13-b7e2-d3daf669de24|rpc:10.1.0.34:37179|dataStream:10.1.0.34:42751|priority:1|startupRole:FOLLOWER, e9250560-f63f-4845-b91b-4ee2b5e52a1e|rpc:10.1.0.34:46329|dataStream:10.1.0.34:39341|priority:0|startupRole:FOLLOWER, da03ca31-a8e2-4a02-8a0e-9033bcd0268f|rpc:10.1.0.34:42519|dataStream:10.1.0.34:33639|priority:0|startupRole:FOLLOWER] with ContainerStateMachine:uninitialized
2023-01-31 11:34:19,456 [pool-93-thread-1] INFO  server.RaftServerConfigKeys (ConfUtils.java:logGet(46)) - raft.server.rpc.timeout.min = 5s (custom)
2023-01-31 11:34:19,456 [pool-93-thread-1] INFO  server.RaftServerConfigKeys (ConfUtils.java:logGet(46)) - raft.server.rpc.timeout.max = 5200ms (custom)
2023-01-31 11:34:19,456 [pool-93-thread-1] INFO  server.RaftServerConfigKeys (ConfUtils.java:logGet(46)) - raft.server.rpc.sleep.time = 25ms (default)
2023-01-31 11:34:19,456 [pool-93-thread-1] INFO  server.RaftServerConfigKeys (ConfUtils.java:logGet(46)) - raft.server.rpc.slowness.timeout = 300s (custom)
2023-01-31 11:34:19,456 [pool-93-thread-1] INFO  server.RaftServerConfigKeys (ConfUtils.java:logGet(46)) - raft.server.leaderelection.leader.step-down.wait-time = 10s (default)
2023-01-31 11:34:19,456 [pool-93-thread-1] INFO  server.RaftServerConfigKeys (ConfUtils.java:logGet(46)) - raft.server.sleep.deviation.threshold = 300ms (default)
2023-01-31 11:34:19,456 [pool-93-thread-1] INFO  server.RaftServer$Division (ServerState.java:<init>(118)) - e9250560-f63f-4845-b91b-4ee2b5e52a1e@group-88CB3DFB34B0: ConfigurationManager, init=-1: peers:[7c6ec4c2-78b0-4d13-b7e2-d3daf669de24|rpc:10.1.0.34:37179|dataStream:10.1.0.34:42751|priority:1|startupRole:FOLLOWER, e9250560-f63f-4845-b91b-4ee2b5e52a1e|rpc:10.1.0.34:46329|dataStream:10.1.0.34:39341|priority:0|startupRole:FOLLOWER, da03ca31-a8e2-4a02-8a0e-9033bcd0268f|rpc:10.1.0.34:42519|dataStream:10.1.0.34:33639|priority:0|startupRole:FOLLOWER]|listeners:[], old=null, confs=<EMPTY_MAP>
2023-01-31 11:34:19,456 [pool-93-thread-1] INFO  server.RaftServerConfigKeys (ConfUtils.java:logGet(46)) - raft.server.storage.dir = [/home/runner/work/ozone/ozone/hadoop-ozone/integration-test/target/test-dir/MiniOzoneClusterImpl-e7442b91-30ca-4883-b9fa-57f4a6ec4b9c/datanode-1/data/ratis] (custom)
2023-01-31 11:34:19,456 [pool-93-thread-1] INFO  server.RaftServerConfigKeys (ConfUtils.java:logGet(46)) - raft.server.log.corruption.policy = EXCEPTION (default)
2023-01-31 11:34:19,456 [pool-93-thread-1] INFO  server.RaftServerConfigKeys (ConfUtils.java:logGet(46)) - raft.server.storage.free-space.min = 0MB (=0) (default)
2023-01-31 11:34:19,456 [pool-93-thread-1] INFO  server.RaftServerConfigKeys (ConfUtils.java:logGet(46)) - raft.server.notification.no-leader.timeout = 300s (custom)
2023-01-31 11:34:19,457 [pool-93-thread-1] INFO  server.RaftServerConfigKeys (ConfUtils.java:logGet(46)) - raft.server.retrycache.expirytime = 600000ms (custom)
2023-01-31 11:34:19,457 [pool-93-thread-1] INFO  server.RaftServerConfigKeys (ConfUtils.java:logGet(46)) - raft.server.retrycache.statistics.expirytime = 100μs (default)
2023-01-31 11:34:19,458 [pool-93-thread-1] INFO  server.RaftServerConfigKeys (ConfUtils.java:logGet(46)) - raft.server.log.appender.install.snapshot.enabled = false (custom)
2023-01-31 11:34:19,458 [pool-93-thread-1] INFO  server.RaftServerConfigKeys (ConfUtils.java:logGet(46)) - raft.server.threadpool.server.cached = true (default)
2023-01-31 11:34:19,458 [pool-93-thread-1] INFO  server.RaftServerConfigKeys (ConfUtils.java:logGet(46)) - raft.server.threadpool.server.size = 0 (default)
2023-01-31 11:34:19,458 [pool-93-thread-1] INFO  server.RaftServerConfigKeys (ConfUtils.java:logGet(46)) - raft.server.threadpool.client.cached = true (default)
2023-01-31 11:34:19,458 [pool-93-thread-1] INFO  server.RaftServerConfigKeys (ConfUtils.java:logGet(46)) - raft.server.threadpool.client.size = 0 (default)
2023-01-31 11:34:19,458 [pool-93-thread-1] INFO  storage.RaftStorageDirectory (RaftStorageDirectoryImpl.java:analyzeStorage(137)) - The storage directory /home/runner/work/ozone/ozone/hadoop-ozone/integration-test/target/test-dir/MiniOzoneClusterImpl-e7442b91-30ca-4883-b9fa-57f4a6ec4b9c/datanode-1/data/ratis/32589a1c-0da5-42bc-820c-88cb3dfb34b0 does not exist. Creating ...
2023-01-31 11:34:19,459 [pool-93-thread-1] INFO  storage.RaftStorageDirectory (RaftStorageDirectoryImpl.java:tryLock(231)) - Lock on /home/runner/work/ozone/ozone/hadoop-ozone/integration-test/target/test-dir/MiniOzoneClusterImpl-e7442b91-30ca-4883-b9fa-57f4a6ec4b9c/datanode-1/data/ratis/32589a1c-0da5-42bc-820c-88cb3dfb34b0/in_use.lock acquired by nodename 34275@fv-az47-440
2023-01-31 11:34:19,460 [pool-93-thread-1] INFO  storage.RaftStorage (RaftStorageImpl.java:format(96)) - Storage directory /home/runner/work/ozone/ozone/hadoop-ozone/integration-test/target/test-dir/MiniOzoneClusterImpl-e7442b91-30ca-4883-b9fa-57f4a6ec4b9c/datanode-1/data/ratis/32589a1c-0da5-42bc-820c-88cb3dfb34b0 has been successfully formatted.
2023-01-31 11:34:19,461 [pool-93-thread-1] INFO  ratis.ContainerStateMachine (ContainerStateMachine.java:loadSnapshot(240)) - group-88CB3DFB34B0: The snapshot info is null. Setting the last applied indexto:(t:0, i:~)
2023-01-31 11:34:19,461 [pool-93-thread-1] INFO  server.RaftServerConfigKeys (ConfUtils.java:logGet(46)) - raft.server.log.use.memory = false (default)
2023-01-31 11:34:19,461 [pool-93-thread-1] INFO  server.RaftServerConfigKeys (ConfUtils.java:logGet(46)) - raft.server.log.purge.gap = 1000000 (custom)
2023-01-31 11:34:19,461 [pool-93-thread-1] INFO  server.RaftServerConfigKeys (ConfUtils.java:logGet(46)) - raft.server.log.appender.buffer.byte-limit = 33554432 (custom)
2023-01-31 11:34:19,461 [pool-93-thread-1] INFO  server.RaftServerConfigKeys (ConfUtils.java:logGet(46)) - raft.server.log.statemachine.data.read.timeout = 1000ms (default)
2023-01-31 11:34:19,462 [pool-93-thread-1] INFO  server.RaftServerConfigKeys (ConfUtils.java:logGet(46)) - raft.server.log.purge.preservation.log.num = 0 (default)
2023-01-31 11:34:19,462 [pool-93-thread-1] INFO  server.RaftServerConfigKeys (ConfUtils.java:logGet(46)) - raft.server.log.segment.size.max = 1048576 (custom)
2023-01-31 11:34:19,463 [pool-93-thread-1] INFO  server.RaftServerConfigKeys (ConfUtils.java:logGet(46)) - raft.server.log.segment.cache.num.max = 2 (custom)
2023-01-31 11:34:19,463 [pool-93-thread-1] INFO  server.RaftServerConfigKeys (ConfUtils.java:logGet(46)) - raft.server.log.segment.cache.size.max = 200MB (=209715200) (default)
2023-01-31 11:34:19,463 [pool-93-thread-1] INFO  segmented.SegmentedRaftLogWorker (SegmentedRaftLogWorker.java:<init>(189)) - new e9250560-f63f-4845-b91b-4ee2b5e52a1e@group-88CB3DFB34B0-SegmentedRaftLogWorker for RaftStorageImpl:Storage Directory /home/runner/work/ozone/ozone/hadoop-ozone/integration-test/target/test-dir/MiniOzoneClusterImpl-e7442b91-30ca-4883-b9fa-57f4a6ec4b9c/datanode-1/data/ratis/32589a1c-0da5-42bc-820c-88cb3dfb34b0
2023-01-31 11:34:19,463 [pool-93-thread-1] INFO  server.RaftServerConfigKeys (ConfUtils.java:logGet(46)) - raft.server.log.queue.byte-limit = 4294967296 (custom)
2023-01-31 11:34:19,463 [pool-93-thread-1] INFO  server.RaftServerConfigKeys (ConfUtils.java:logGet(46)) - raft.server.log.queue.element-limit = 1024 (custom)
2023-01-31 11:34:19,463 [pool-93-thread-1] INFO  server.RaftServerConfigKeys (ConfUtils.java:logGet(46)) - raft.server.log.segment.size.max = 1048576 (custom)
2023-01-31 11:34:19,463 [pool-93-thread-1] INFO  server.RaftServerConfigKeys (ConfUtils.java:logGet(46)) - raft.server.log.preallocated.size = 16384 (custom)
2023-01-31 11:34:19,463 [pool-93-thread-1] INFO  server.RaftServerConfigKeys (ConfUtils.java:logGet(46)) - raft.server.log.force.sync.num = 128 (default)
2023-01-31 11:34:19,463 [pool-93-thread-1] INFO  server.RaftServerConfigKeys (ConfUtils.java:logGet(46)) - raft.server.log.statemachine.data.sync = true (default)
2023-01-31 11:34:19,463 [pool-93-thread-1] INFO  server.RaftServerConfigKeys (ConfUtils.java:logGet(46)) - raft.server.log.statemachine.data.sync.timeout = 10s (default)
2023-01-31 11:34:19,463 [pool-93-thread-1] INFO  server.RaftServerConfigKeys (ConfUtils.java:logGet(46)) - raft.server.log.statemachine.data.sync.timeout.retry = -1 (default)
2023-01-31 11:34:19,463 [EventQueue-OpenPipelineForHealthyPipelineSafeModeRule] INFO  safemode.SCMSafeModeManager (HealthyPipelineSafeModeRule.java:process(137)) - SCM in safe mode. Healthy pipelines reported count is 0, required healthy pipeline reported count is 1
2023-01-31 11:34:19,464 [pool-93-thread-1] INFO  server.RaftServerConfigKeys (ConfUtils.java:logGet(46)) - raft.server.log.write.buffer.size = 1048576 (custom)
2023-01-31 11:34:19,465 [pool-93-thread-1] INFO  server.RaftServerConfigKeys (ConfUtils.java:logGet(46)) - raft.server.log.appender.buffer.byte-limit = 33554432 (custom)
2023-01-31 11:34:19,472 [pool-93-thread-1] INFO  server.RaftServerConfigKeys (ConfUtils.java:logGet(46)) - raft.server.log.unsafe-flush.enabled = false (default)
2023-01-31 11:34:19,472 [pool-93-thread-1] INFO  server.RaftServerConfigKeys (ConfUtils.java:logGet(46)) - raft.server.log.async-flush.enabled = false (default)
2023-01-31 11:34:19,472 [pool-93-thread-1] INFO  server.RaftServerConfigKeys (ConfUtils.java:logGet(46)) - raft.server.log.statemachine.data.caching.enabled = true (custom)
2023-01-31 11:34:19,472 [pool-93-thread-1] INFO  segmented.SegmentedRaftLogWorker (SegmentedRaftLogWorker.java:lambda$new$0(135)) - e9250560-f63f-4845-b91b-4ee2b5e52a1e@group-88CB3DFB34B0-SegmentedRaftLogWorker: flushIndex: setUnconditionally 0 -> -1
2023-01-31 11:34:19,472 [pool-93-thread-1] INFO  segmented.SegmentedRaftLogWorker (SegmentedRaftLogWorker.java:lambda$new$0(135)) - e9250560-f63f-4845-b91b-4ee2b5e52a1e@group-88CB3DFB34B0-SegmentedRaftLogWorker: safeCacheEvictIndex: setUnconditionally 0 -> -1
2023-01-31 11:34:19,473 [pool-93-thread-1] INFO  server.RaftServer$Division (RaftServerImpl.java:start(334)) - e9250560-f63f-4845-b91b-4ee2b5e52a1e@group-88CB3DFB34B0: start as a follower, conf=-1: peers:[7c6ec4c2-78b0-4d13-b7e2-d3daf669de24|rpc:10.1.0.34:37179|dataStream:10.1.0.34:42751|priority:1|startupRole:FOLLOWER, e9250560-f63f-4845-b91b-4ee2b5e52a1e|rpc:10.1.0.34:46329|dataStream:10.1.0.34:39341|priority:0|startupRole:FOLLOWER, da03ca31-a8e2-4a02-8a0e-9033bcd0268f|rpc:10.1.0.34:42519|dataStream:10.1.0.34:33639|priority:0|startupRole:FOLLOWER]|listeners:[], old=null
2023-01-31 11:34:19,473 [pool-93-thread-1] INFO  server.RaftServer$Division (RaftServerImpl.java:setRole(321)) - e9250560-f63f-4845-b91b-4ee2b5e52a1e@group-88CB3DFB34B0: changes role from      null to FOLLOWER at term 0 for startAsFollower
2023-01-31 11:34:19,473 [pool-93-thread-1] INFO  impl.RoleInfo (RoleInfo.java:updateAndGet(139)) - e9250560-f63f-4845-b91b-4ee2b5e52a1e: start e9250560-f63f-4845-b91b-4ee2b5e52a1e@group-88CB3DFB34B0-FollowerState
2023-01-31 11:34:19,474 [pool-93-thread-1] INFO  util.JmxRegister (JmxRegister.java:tryRegister(44)) - Successfully registered JMX Bean with object name Ratis:service=RaftServer,group=group-88CB3DFB34B0,id=e9250560-f63f-4845-b91b-4ee2b5e52a1e
2023-01-31 11:34:19,474 [pool-93-thread-1] INFO  server.RaftServerConfigKeys (ConfUtils.java:logGet(46)) - raft.server.snapshot.auto.trigger.enabled = true (custom)
2023-01-31 11:34:19,474 [pool-93-thread-1] INFO  server.RaftServerConfigKeys (ConfUtils.java:logGet(46)) - raft.server.snapshot.auto.trigger.threshold = 10000 (custom)
2023-01-31 11:34:19,475 [pool-93-thread-1] INFO  server.RaftServerConfigKeys (ConfUtils.java:logGet(46)) - raft.server.snapshot.retention.file.num = 5 (custom)
2023-01-31 11:34:19,475 [pool-93-thread-1] INFO  server.RaftServerConfigKeys (ConfUtils.java:logGet(46)) - raft.server.log.purge.upto.snapshot.index = false (default)
2023-01-31 11:34:19,475 [e9250560-f63f-4845-b91b-4ee2b5e52a1e@group-88CB3DFB34B0-FollowerState] INFO  server.RaftServerConfigKeys (ConfUtils.java:logFallback(53)) - raft.server.rpc.first-election.timeout.min = 5s (fallback to raft.server.rpc.timeout.min)
2023-01-31 11:34:19,476 [e9250560-f63f-4845-b91b-4ee2b5e52a1e@group-88CB3DFB34B0-FollowerState] INFO  server.RaftServerConfigKeys (ConfUtils.java:logFallback(53)) - raft.server.rpc.first-election.timeout.max = 5200ms (fallback to raft.server.rpc.timeout.max)
2023-01-31 11:34:19,499 [grpc-default-executor-0] INFO  server.RaftServer (RaftServerProxy.java:addNew(96)) - 7c6ec4c2-78b0-4d13-b7e2-d3daf669de24: addNew group-88CB3DFB34B0:[7c6ec4c2-78b0-4d13-b7e2-d3daf669de24|rpc:10.1.0.34:37179|dataStream:10.1.0.34:42751|priority:1|startupRole:FOLLOWER, e9250560-f63f-4845-b91b-4ee2b5e52a1e|rpc:10.1.0.34:46329|dataStream:10.1.0.34:39341|priority:0|startupRole:FOLLOWER, da03ca31-a8e2-4a02-8a0e-9033bcd0268f|rpc:10.1.0.34:42519|dataStream:10.1.0.34:33639|priority:0|startupRole:FOLLOWER] returns group-88CB3DFB34B0:java.util.concurrent.CompletableFuture@17bc8f18[Not completed]
2023-01-31 11:34:19,500 [pool-115-thread-1] INFO  server.RaftServer$Division (RaftServerImpl.java:<init>(195)) - 7c6ec4c2-78b0-4d13-b7e2-d3daf669de24: new RaftServerImpl for group-88CB3DFB34B0:[7c6ec4c2-78b0-4d13-b7e2-d3daf669de24|rpc:10.1.0.34:37179|dataStream:10.1.0.34:42751|priority:1|startupRole:FOLLOWER, e9250560-f63f-4845-b91b-4ee2b5e52a1e|rpc:10.1.0.34:46329|dataStream:10.1.0.34:39341|priority:0|startupRole:FOLLOWER, da03ca31-a8e2-4a02-8a0e-9033bcd0268f|rpc:10.1.0.34:42519|dataStream:10.1.0.34:33639|priority:0|startupRole:FOLLOWER] with ContainerStateMachine:uninitialized
2023-01-31 11:34:19,500 [pool-115-thread-1] INFO  server.RaftServerConfigKeys (ConfUtils.java:logGet(46)) - raft.server.rpc.timeout.min = 5s (custom)
2023-01-31 11:34:19,500 [pool-115-thread-1] INFO  server.RaftServerConfigKeys (ConfUtils.java:logGet(46)) - raft.server.rpc.timeout.max = 5200ms (custom)
2023-01-31 11:34:19,500 [pool-115-thread-1] INFO  server.RaftServerConfigKeys (ConfUtils.java:logGet(46)) - raft.server.rpc.sleep.time = 25ms (default)
2023-01-31 11:34:19,500 [pool-115-thread-1] INFO  server.RaftServerConfigKeys (ConfUtils.java:logGet(46)) - raft.server.rpc.slowness.timeout = 300s (custom)
2023-01-31 11:34:19,500 [pool-115-thread-1] INFO  server.RaftServerConfigKeys (ConfUtils.java:logGet(46)) - raft.server.leaderelection.leader.step-down.wait-time = 10s (default)
2023-01-31 11:34:19,500 [pool-115-thread-1] INFO  server.RaftServerConfigKeys (ConfUtils.java:logGet(46)) - raft.server.sleep.deviation.threshold = 300ms (default)
2023-01-31 11:34:19,501 [pool-115-thread-1] INFO  server.RaftServer$Division (ServerState.java:<init>(118)) - 7c6ec4c2-78b0-4d13-b7e2-d3daf669de24@group-88CB3DFB34B0: ConfigurationManager, init=-1: peers:[7c6ec4c2-78b0-4d13-b7e2-d3daf669de24|rpc:10.1.0.34:37179|dataStream:10.1.0.34:42751|priority:1|startupRole:FOLLOWER, e9250560-f63f-4845-b91b-4ee2b5e52a1e|rpc:10.1.0.34:46329|dataStream:10.1.0.34:39341|priority:0|startupRole:FOLLOWER, da03ca31-a8e2-4a02-8a0e-9033bcd0268f|rpc:10.1.0.34:42519|dataStream:10.1.0.34:33639|priority:0|startupRole:FOLLOWER]|listeners:[], old=null, confs=<EMPTY_MAP>
2023-01-31 11:34:19,501 [pool-115-thread-1] INFO  server.RaftServerConfigKeys (ConfUtils.java:logGet(46)) - raft.server.storage.dir = [/home/runner/work/ozone/ozone/hadoop-ozone/integration-test/target/test-dir/MiniOzoneClusterImpl-e7442b91-30ca-4883-b9fa-57f4a6ec4b9c/datanode-2/data/ratis] (custom)
2023-01-31 11:34:19,501 [pool-115-thread-1] INFO  server.RaftServerConfigKeys (ConfUtils.java:logGet(46)) - raft.server.log.corruption.policy = EXCEPTION (default)
2023-01-31 11:34:19,501 [pool-115-thread-1] INFO  server.RaftServerConfigKeys (ConfUtils.java:logGet(46)) - raft.server.storage.free-space.min = 0MB (=0) (default)
2023-01-31 11:34:19,501 [pool-115-thread-1] INFO  server.RaftServerConfigKeys (ConfUtils.java:logGet(46)) - raft.server.notification.no-leader.timeout = 300s (custom)
2023-01-31 11:34:19,501 [pool-115-thread-1] INFO  server.RaftServerConfigKeys (ConfUtils.java:logGet(46)) - raft.server.retrycache.expirytime = 600000ms (custom)
2023-01-31 11:34:19,501 [pool-115-thread-1] INFO  server.RaftServerConfigKeys (ConfUtils.java:logGet(46)) - raft.server.retrycache.statistics.expirytime = 100μs (default)
2023-01-31 11:34:19,503 [pool-115-thread-1] INFO  server.RaftServerConfigKeys (ConfUtils.java:logGet(46)) - raft.server.log.appender.install.snapshot.enabled = false (custom)
2023-01-31 11:34:19,503 [pool-115-thread-1] INFO  server.RaftServerConfigKeys (ConfUtils.java:logGet(46)) - raft.server.threadpool.server.cached = true (default)
2023-01-31 11:34:19,503 [pool-115-thread-1] INFO  server.RaftServerConfigKeys (ConfUtils.java:logGet(46)) - raft.server.threadpool.server.size = 0 (default)
2023-01-31 11:34:19,503 [pool-115-thread-1] INFO  server.RaftServerConfigKeys (ConfUtils.java:logGet(46)) - raft.server.threadpool.client.cached = true (default)
2023-01-31 11:34:19,503 [pool-115-thread-1] INFO  server.RaftServerConfigKeys (ConfUtils.java:logGet(46)) - raft.server.threadpool.client.size = 0 (default)
2023-01-31 11:34:19,503 [pool-115-thread-1] INFO  storage.RaftStorageDirectory (RaftStorageDirectoryImpl.java:analyzeStorage(137)) - The storage directory /home/runner/work/ozone/ozone/hadoop-ozone/integration-test/target/test-dir/MiniOzoneClusterImpl-e7442b91-30ca-4883-b9fa-57f4a6ec4b9c/datanode-2/data/ratis/32589a1c-0da5-42bc-820c-88cb3dfb34b0 does not exist. Creating ...
2023-01-31 11:34:19,504 [pool-115-thread-1] INFO  storage.RaftStorageDirectory (RaftStorageDirectoryImpl.java:tryLock(231)) - Lock on /home/runner/work/ozone/ozone/hadoop-ozone/integration-test/target/test-dir/MiniOzoneClusterImpl-e7442b91-30ca-4883-b9fa-57f4a6ec4b9c/datanode-2/data/ratis/32589a1c-0da5-42bc-820c-88cb3dfb34b0/in_use.lock acquired by nodename 34275@fv-az47-440
2023-01-31 11:34:19,505 [pool-115-thread-1] INFO  storage.RaftStorage (RaftStorageImpl.java:format(96)) - Storage directory /home/runner/work/ozone/ozone/hadoop-ozone/integration-test/target/test-dir/MiniOzoneClusterImpl-e7442b91-30ca-4883-b9fa-57f4a6ec4b9c/datanode-2/data/ratis/32589a1c-0da5-42bc-820c-88cb3dfb34b0 has been successfully formatted.
2023-01-31 11:34:19,505 [pool-115-thread-1] INFO  ratis.ContainerStateMachine (ContainerStateMachine.java:loadSnapshot(240)) - group-88CB3DFB34B0: The snapshot info is null. Setting the last applied indexto:(t:0, i:~)
2023-01-31 11:34:19,505 [pool-115-thread-1] INFO  server.RaftServerConfigKeys (ConfUtils.java:logGet(46)) - raft.server.log.use.memory = false (default)
2023-01-31 11:34:19,505 [pool-115-thread-1] INFO  server.RaftServerConfigKeys (ConfUtils.java:logGet(46)) - raft.server.log.purge.gap = 1000000 (custom)
2023-01-31 11:34:19,505 [pool-115-thread-1] INFO  server.RaftServerConfigKeys (ConfUtils.java:logGet(46)) - raft.server.log.appender.buffer.byte-limit = 33554432 (custom)
2023-01-31 11:34:19,505 [pool-115-thread-1] INFO  server.RaftServerConfigKeys (ConfUtils.java:logGet(46)) - raft.server.log.statemachine.data.read.timeout = 1000ms (default)
2023-01-31 11:34:19,505 [pool-115-thread-1] INFO  server.RaftServerConfigKeys (ConfUtils.java:logGet(46)) - raft.server.log.purge.preservation.log.num = 0 (default)
2023-01-31 11:34:19,506 [pool-115-thread-1] INFO  server.RaftServerConfigKeys (ConfUtils.java:logGet(46)) - raft.server.log.segment.size.max = 1048576 (custom)
2023-01-31 11:34:19,506 [pool-115-thread-1] INFO  server.RaftServerConfigKeys (ConfUtils.java:logGet(46)) - raft.server.log.segment.cache.num.max = 2 (custom)
2023-01-31 11:34:19,506 [pool-115-thread-1] INFO  server.RaftServerConfigKeys (ConfUtils.java:logGet(46)) - raft.server.log.segment.cache.size.max = 200MB (=209715200) (default)
2023-01-31 11:34:19,506 [pool-115-thread-1] INFO  segmented.SegmentedRaftLogWorker (SegmentedRaftLogWorker.java:<init>(189)) - new 7c6ec4c2-78b0-4d13-b7e2-d3daf669de24@group-88CB3DFB34B0-SegmentedRaftLogWorker for RaftStorageImpl:Storage Directory /home/runner/work/ozone/ozone/hadoop-ozone/integration-test/target/test-dir/MiniOzoneClusterImpl-e7442b91-30ca-4883-b9fa-57f4a6ec4b9c/datanode-2/data/ratis/32589a1c-0da5-42bc-820c-88cb3dfb34b0
2023-01-31 11:34:19,506 [pool-115-thread-1] INFO  server.RaftServerConfigKeys (ConfUtils.java:logGet(46)) - raft.server.log.queue.byte-limit = 4294967296 (custom)
2023-01-31 11:34:19,506 [pool-115-thread-1] INFO  server.RaftServerConfigKeys (ConfUtils.java:logGet(46)) - raft.server.log.queue.element-limit = 1024 (custom)
2023-01-31 11:34:19,506 [pool-115-thread-1] INFO  server.RaftServerConfigKeys (ConfUtils.java:logGet(46)) - raft.server.log.segment.size.max = 1048576 (custom)
2023-01-31 11:34:19,506 [pool-115-thread-1] INFO  server.RaftServerConfigKeys (ConfUtils.java:logGet(46)) - raft.server.log.preallocated.size = 16384 (custom)
2023-01-31 11:34:19,507 [pool-115-thread-1] INFO  server.RaftServerConfigKeys (ConfUtils.java:logGet(46)) - raft.server.log.force.sync.num = 128 (default)
2023-01-31 11:34:19,507 [pool-115-thread-1] INFO  server.RaftServerConfigKeys (ConfUtils.java:logGet(46)) - raft.server.log.statemachine.data.sync = true (default)
2023-01-31 11:34:19,507 [pool-115-thread-1] INFO  server.RaftServerConfigKeys (ConfUtils.java:logGet(46)) - raft.server.log.statemachine.data.sync.timeout = 10s (default)
2023-01-31 11:34:19,507 [pool-115-thread-1] INFO  server.RaftServerConfigKeys (ConfUtils.java:logGet(46)) - raft.server.log.statemachine.data.sync.timeout.retry = -1 (default)
2023-01-31 11:34:19,692 [JvmPauseMonitor1] WARN  util.JvmPauseMonitor (JvmPauseMonitor.java:detectPause(126)) - JvmPauseMonitor-da03ca31-a8e2-4a02-8a0e-9033bcd0268f: Detected pause in JVM or host machine (eg GC): pause of approximately 178628782ns.
GC pool 'PS MarkSweep' had collection(s): count=1 time=181ms
2023-01-31 11:34:19,695 [pool-115-thread-1] INFO  server.RaftServerConfigKeys (ConfUtils.java:logGet(46)) - raft.server.log.write.buffer.size = 1048576 (custom)
2023-01-31 11:34:19,699 [pool-115-thread-1] INFO  server.RaftServerConfigKeys (ConfUtils.java:logGet(46)) - raft.server.log.appender.buffer.byte-limit = 33554432 (custom)
2023-01-31 11:34:19,702 [pool-115-thread-1] INFO  server.RaftServerConfigKeys (ConfUtils.java:logGet(46)) - raft.server.log.unsafe-flush.enabled = false (default)
2023-01-31 11:34:19,704 [pool-115-thread-1] INFO  server.RaftServerConfigKeys (ConfUtils.java:logGet(46)) - raft.server.log.async-flush.enabled = false (default)
2023-01-31 11:34:19,704 [pool-115-thread-1] INFO  server.RaftServerConfigKeys (ConfUtils.java:logGet(46)) - raft.server.log.statemachine.data.caching.enabled = true (custom)
2023-01-31 11:34:19,704 [pool-115-thread-1] INFO  segmented.SegmentedRaftLogWorker (SegmentedRaftLogWorker.java:lambda$new$0(135)) - 7c6ec4c2-78b0-4d13-b7e2-d3daf669de24@group-88CB3DFB34B0-SegmentedRaftLogWorker: flushIndex: setUnconditionally 0 -> -1
2023-01-31 11:34:19,704 [pool-115-thread-1] INFO  segmented.SegmentedRaftLogWorker (SegmentedRaftLogWorker.java:lambda$new$0(135)) - 7c6ec4c2-78b0-4d13-b7e2-d3daf669de24@group-88CB3DFB34B0-SegmentedRaftLogWorker: safeCacheEvictIndex: setUnconditionally 0 -> -1
2023-01-31 11:34:19,706 [pool-115-thread-1] INFO  server.RaftServer$Division (RaftServerImpl.java:start(334)) - 7c6ec4c2-78b0-4d13-b7e2-d3daf669de24@group-88CB3DFB34B0: start as a follower, conf=-1: peers:[7c6ec4c2-78b0-4d13-b7e2-d3daf669de24|rpc:10.1.0.34:37179|dataStream:10.1.0.34:42751|priority:1|startupRole:FOLLOWER, e9250560-f63f-4845-b91b-4ee2b5e52a1e|rpc:10.1.0.34:46329|dataStream:10.1.0.34:39341|priority:0|startupRole:FOLLOWER, da03ca31-a8e2-4a02-8a0e-9033bcd0268f|rpc:10.1.0.34:42519|dataStream:10.1.0.34:33639|priority:0|startupRole:FOLLOWER]|listeners:[], old=null
2023-01-31 11:34:19,706 [pool-115-thread-1] INFO  server.RaftServer$Division (RaftServerImpl.java:setRole(321)) - 7c6ec4c2-78b0-4d13-b7e2-d3daf669de24@group-88CB3DFB34B0: changes role from      null to FOLLOWER at term 0 for startAsFollower
2023-01-31 11:34:19,706 [pool-115-thread-1] INFO  impl.RoleInfo (RoleInfo.java:updateAndGet(139)) - 7c6ec4c2-78b0-4d13-b7e2-d3daf669de24: start 7c6ec4c2-78b0-4d13-b7e2-d3daf669de24@group-88CB3DFB34B0-FollowerState
2023-01-31 11:34:19,706 [pool-115-thread-1] INFO  util.JmxRegister (JmxRegister.java:tryRegister(44)) - Successfully registered JMX Bean with object name Ratis:service=RaftServer,group=group-88CB3DFB34B0,id=7c6ec4c2-78b0-4d13-b7e2-d3daf669de24
2023-01-31 11:34:19,706 [7c6ec4c2-78b0-4d13-b7e2-d3daf669de24@group-88CB3DFB34B0-FollowerState] INFO  server.RaftServerConfigKeys (ConfUtils.java:logFallback(53)) - raft.server.rpc.first-election.timeout.min = 5s (fallback to raft.server.rpc.timeout.min)
2023-01-31 11:34:19,707 [pool-115-thread-1] INFO  server.RaftServerConfigKeys (ConfUtils.java:logGet(46)) - raft.server.snapshot.auto.trigger.enabled = true (custom)
2023-01-31 11:34:19,707 [7c6ec4c2-78b0-4d13-b7e2-d3daf669de24@group-88CB3DFB34B0-FollowerState] INFO  server.RaftServerConfigKeys (ConfUtils.java:logFallback(53)) - raft.server.rpc.first-election.timeout.max = 5200ms (fallback to raft.server.rpc.timeout.max)
2023-01-31 11:34:19,707 [pool-115-thread-1] INFO  server.RaftServerConfigKeys (ConfUtils.java:logGet(46)) - raft.server.snapshot.auto.trigger.threshold = 10000 (custom)
2023-01-31 11:34:19,707 [pool-115-thread-1] INFO  server.RaftServerConfigKeys (ConfUtils.java:logGet(46)) - raft.server.snapshot.retention.file.num = 5 (custom)
2023-01-31 11:34:19,707 [pool-115-thread-1] INFO  server.RaftServerConfigKeys (ConfUtils.java:logGet(46)) - raft.server.log.purge.upto.snapshot.index = false (default)
2023-01-31 11:34:19,714 [Command processor thread] INFO  commandhandler.CreatePipelineCommandHandler (CreatePipelineCommandHandler.java:handle(113)) - Created Pipeline RATIS THREE PipelineID=32589a1c-0da5-42bc-820c-88cb3dfb34b0.
2023-01-31 11:34:19,732 [Command processor thread] INFO  server.RaftServer (RaftServerProxy.java:addNew(96)) - 7c6ec4c2-78b0-4d13-b7e2-d3daf669de24: addNew group-EC69BCBF2BC9:[7c6ec4c2-78b0-4d13-b7e2-d3daf669de24|rpc:10.1.0.34:37179|dataStream:10.1.0.34:42751|priority:1|startupRole:FOLLOWER] returns group-EC69BCBF2BC9:java.util.concurrent.CompletableFuture@5016b435[Not completed]
2023-01-31 11:34:19,741 [pool-115-thread-1] INFO  server.RaftServer$Division (RaftServerImpl.java:<init>(195)) - 7c6ec4c2-78b0-4d13-b7e2-d3daf669de24: new RaftServerImpl for group-EC69BCBF2BC9:[7c6ec4c2-78b0-4d13-b7e2-d3daf669de24|rpc:10.1.0.34:37179|dataStream:10.1.0.34:42751|priority:1|startupRole:FOLLOWER] with ContainerStateMachine:uninitialized
2023-01-31 11:34:19,741 [pool-115-thread-1] INFO  server.RaftServerConfigKeys (ConfUtils.java:logGet(46)) - raft.server.rpc.timeout.min = 5s (custom)
2023-01-31 11:34:19,741 [pool-115-thread-1] INFO  server.RaftServerConfigKeys (ConfUtils.java:logGet(46)) - raft.server.rpc.timeout.max = 5200ms (custom)
2023-01-31 11:34:19,741 [pool-115-thread-1] INFO  server.RaftServerConfigKeys (ConfUtils.java:logGet(46)) - raft.server.rpc.sleep.time = 25ms (default)
2023-01-31 11:34:19,741 [pool-115-thread-1] INFO  server.RaftServerConfigKeys (ConfUtils.java:logGet(46)) - raft.server.rpc.slowness.timeout = 300s (custom)
2023-01-31 11:34:19,741 [pool-115-thread-1] INFO  server.RaftServerConfigKeys (ConfUtils.java:logGet(46)) - raft.server.leaderelection.leader.step-down.wait-time = 10s (default)
2023-01-31 11:34:19,741 [pool-115-thread-1] INFO  server.RaftServerConfigKeys (ConfUtils.java:logGet(46)) - raft.server.sleep.deviation.threshold = 300ms (default)
2023-01-31 11:34:19,743 [pool-115-thread-1] INFO  server.RaftServer$Division (ServerState.java:<init>(118)) - 7c6ec4c2-78b0-4d13-b7e2-d3daf669de24@group-EC69BCBF2BC9: ConfigurationManager, init=-1: peers:[7c6ec4c2-78b0-4d13-b7e2-d3daf669de24|rpc:10.1.0.34:37179|dataStream:10.1.0.34:42751|priority:1|startupRole:FOLLOWER]|listeners:[], old=null, confs=<EMPTY_MAP>
2023-01-31 11:34:19,743 [pool-115-thread-1] INFO  server.RaftServerConfigKeys (ConfUtils.java:logGet(46)) - raft.server.storage.dir = [/home/runner/work/ozone/ozone/hadoop-ozone/integration-test/target/test-dir/MiniOzoneClusterImpl-e7442b91-30ca-4883-b9fa-57f4a6ec4b9c/datanode-2/data/ratis] (custom)
2023-01-31 11:34:19,743 [pool-115-thread-1] INFO  server.RaftServerConfigKeys (ConfUtils.java:logGet(46)) - raft.server.log.corruption.policy = EXCEPTION (default)
2023-01-31 11:34:19,743 [pool-115-thread-1] INFO  server.RaftServerConfigKeys (ConfUtils.java:logGet(46)) - raft.server.storage.free-space.min = 0MB (=0) (default)
2023-01-31 11:34:19,743 [pool-115-thread-1] INFO  server.RaftServerConfigKeys (ConfUtils.java:logGet(46)) - raft.server.notification.no-leader.timeout = 300s (custom)
2023-01-31 11:34:19,743 [pool-115-thread-1] INFO  server.RaftServerConfigKeys (ConfUtils.java:logGet(46)) - raft.server.retrycache.expirytime = 600000ms (custom)
2023-01-31 11:34:19,743 [pool-115-thread-1] INFO  server.RaftServerConfigKeys (ConfUtils.java:logGet(46)) - raft.server.retrycache.statistics.expirytime = 100μs (default)
2023-01-31 11:34:19,746 [pool-115-thread-1] INFO  server.RaftServerConfigKeys (ConfUtils.java:logGet(46)) - raft.server.log.appender.install.snapshot.enabled = false (custom)
2023-01-31 11:34:19,746 [pool-115-thread-1] INFO  server.RaftServerConfigKeys (ConfUtils.java:logGet(46)) - raft.server.threadpool.server.cached = true (default)
2023-01-31 11:34:19,746 [pool-115-thread-1] INFO  server.RaftServerConfigKeys (ConfUtils.java:logGet(46)) - raft.server.threadpool.server.size = 0 (default)
2023-01-31 11:34:19,746 [pool-115-thread-1] INFO  server.RaftServerConfigKeys (ConfUtils.java:logGet(46)) - raft.server.threadpool.client.cached = true (default)
2023-01-31 11:34:19,746 [pool-115-thread-1] INFO  server.RaftServerConfigKeys (ConfUtils.java:logGet(46)) - raft.server.threadpool.client.size = 0 (default)
2023-01-31 11:34:19,746 [pool-115-thread-1] INFO  storage.RaftStorageDirectory (RaftStorageDirectoryImpl.java:analyzeStorage(137)) - The storage directory /home/runner/work/ozone/ozone/hadoop-ozone/integration-test/target/test-dir/MiniOzoneClusterImpl-e7442b91-30ca-4883-b9fa-57f4a6ec4b9c/datanode-2/data/ratis/98c73690-264d-44c0-b2a3-ec69bcbf2bc9 does not exist. Creating ...
2023-01-31 11:34:19,749 [pool-115-thread-1] INFO  storage.RaftStorageDirectory (RaftStorageDirectoryImpl.java:tryLock(231)) - Lock on /home/runner/work/ozone/ozone/hadoop-ozone/integration-test/target/test-dir/MiniOzoneClusterImpl-e7442b91-30ca-4883-b9fa-57f4a6ec4b9c/datanode-2/data/ratis/98c73690-264d-44c0-b2a3-ec69bcbf2bc9/in_use.lock acquired by nodename 34275@fv-az47-440
2023-01-31 11:34:19,751 [pool-115-thread-1] INFO  storage.RaftStorage (RaftStorageImpl.java:format(96)) - Storage directory /home/runner/work/ozone/ozone/hadoop-ozone/integration-test/target/test-dir/MiniOzoneClusterImpl-e7442b91-30ca-4883-b9fa-57f4a6ec4b9c/datanode-2/data/ratis/98c73690-264d-44c0-b2a3-ec69bcbf2bc9 has been successfully formatted.
2023-01-31 11:34:19,753 [pool-115-thread-1] INFO  ratis.ContainerStateMachine (ContainerStateMachine.java:loadSnapshot(240)) - group-EC69BCBF2BC9: The snapshot info is null. Setting the last applied indexto:(t:0, i:~)
2023-01-31 11:34:19,753 [pool-115-thread-1] INFO  server.RaftServerConfigKeys (ConfUtils.java:logGet(46)) - raft.server.log.use.memory = false (default)
2023-01-31 11:34:19,753 [pool-115-thread-1] INFO  server.RaftServerConfigKeys (ConfUtils.java:logGet(46)) - raft.server.log.purge.gap = 1000000 (custom)
2023-01-31 11:34:19,753 [pool-115-thread-1] INFO  server.RaftServerConfigKeys (ConfUtils.java:logGet(46)) - raft.server.log.appender.buffer.byte-limit = 33554432 (custom)
2023-01-31 11:34:19,754 [pool-115-thread-1] INFO  server.RaftServerConfigKeys (ConfUtils.java:logGet(46)) - raft.server.log.statemachine.data.read.timeout = 1000ms (default)
2023-01-31 11:34:19,754 [pool-115-thread-1] INFO  server.RaftServerConfigKeys (ConfUtils.java:logGet(46)) - raft.server.log.purge.preservation.log.num = 0 (default)
2023-01-31 11:34:19,754 [pool-115-thread-1] INFO  server.RaftServerConfigKeys (ConfUtils.java:logGet(46)) - raft.server.log.segment.size.max = 1048576 (custom)
2023-01-31 11:34:19,754 [EventQueue-PipelineReportForPipelineReportHandler] INFO  pipeline.PipelineManagerImpl (PipelineManagerImpl.java:openPipeline(367)) - Pipeline Pipeline[ Id: 98c73690-264d-44c0-b2a3-ec69bcbf2bc9, Nodes: 7c6ec4c2-78b0-4d13-b7e2-d3daf669de24(fv-az47-440.mma5zatft5wupo5mzspaixdheh.bx.internal.cloudapp.net/10.1.0.34), ReplicationConfig: RATIS/ONE, State:ALLOCATED, leaderId:7c6ec4c2-78b0-4d13-b7e2-d3daf669de24, CreationTimestamp2023-01-31T11:34:16.735Z[Etc/UTC]] moved to OPEN state
2023-01-31 11:34:19,754 [pool-115-thread-1] INFO  server.RaftServerConfigKeys (ConfUtils.java:logGet(46)) - raft.server.log.segment.cache.num.max = 2 (custom)
2023-01-31 11:34:19,754 [pool-115-thread-1] INFO  server.RaftServerConfigKeys (ConfUtils.java:logGet(46)) - raft.server.log.segment.cache.size.max = 200MB (=209715200) (default)
2023-01-31 11:34:19,754 [pool-115-thread-1] INFO  segmented.SegmentedRaftLogWorker (SegmentedRaftLogWorker.java:<init>(189)) - new 7c6ec4c2-78b0-4d13-b7e2-d3daf669de24@group-EC69BCBF2BC9-SegmentedRaftLogWorker for RaftStorageImpl:Storage Directory /home/runner/work/ozone/ozone/hadoop-ozone/integration-test/target/test-dir/MiniOzoneClusterImpl-e7442b91-30ca-4883-b9fa-57f4a6ec4b9c/datanode-2/data/ratis/98c73690-264d-44c0-b2a3-ec69bcbf2bc9
2023-01-31 11:34:19,754 [pool-115-thread-1] INFO  server.RaftServerConfigKeys (ConfUtils.java:logGet(46)) - raft.server.log.queue.byte-limit = 4294967296 (custom)
2023-01-31 11:34:19,754 [pool-115-thread-1] INFO  server.RaftServerConfigKeys (ConfUtils.java:logGet(46)) - raft.server.log.queue.element-limit = 1024 (custom)
2023-01-31 11:34:19,754 [pool-115-thread-1] INFO  server.RaftServerConfigKeys (ConfUtils.java:logGet(46)) - raft.server.log.segment.size.max = 1048576 (custom)
2023-01-31 11:34:19,754 [pool-115-thread-1] INFO  server.RaftServerConfigKeys (ConfUtils.java:logGet(46)) - raft.server.log.preallocated.size = 16384 (custom)
2023-01-31 11:34:19,754 [pool-115-thread-1] INFO  server.RaftServerConfigKeys (ConfUtils.java:logGet(46)) - raft.server.log.force.sync.num = 128 (default)
2023-01-31 11:34:19,754 [pool-115-thread-1] INFO  server.RaftServerConfigKeys (ConfUtils.java:logGet(46)) - raft.server.log.statemachine.data.sync = true (default)
2023-01-31 11:34:19,755 [EventQueue-OpenPipelineForHealthyPipelineSafeModeRule] INFO  safemode.SCMSafeModeManager (HealthyPipelineSafeModeRule.java:process(137)) - SCM in safe mode. Healthy pipelines reported count is 0, required healthy pipeline reported count is 1
2023-01-31 11:34:19,755 [pool-115-thread-1] INFO  server.RaftServerConfigKeys (ConfUtils.java:logGet(46)) - raft.server.log.statemachine.data.sync.timeout = 10s (default)
2023-01-31 11:34:19,755 [pool-115-thread-1] INFO  server.RaftServerConfigKeys (ConfUtils.java:logGet(46)) - raft.server.log.statemachine.data.sync.timeout.retry = -1 (default)
2023-01-31 11:34:19,756 [pool-115-thread-1] INFO  server.RaftServerConfigKeys (ConfUtils.java:logGet(46)) - raft.server.log.write.buffer.size = 1048576 (custom)
2023-01-31 11:34:19,757 [pool-115-thread-1] INFO  server.RaftServerConfigKeys (ConfUtils.java:logGet(46)) - raft.server.log.appender.buffer.byte-limit = 33554432 (custom)
2023-01-31 11:34:19,762 [pool-115-thread-1] INFO  server.RaftServerConfigKeys (ConfUtils.java:logGet(46)) - raft.server.log.unsafe-flush.enabled = false (default)
2023-01-31 11:34:19,762 [pool-115-thread-1] INFO  server.RaftServerConfigKeys (ConfUtils.java:logGet(46)) - raft.server.log.async-flush.enabled = false (default)
2023-01-31 11:34:19,762 [pool-115-thread-1] INFO  server.RaftServerConfigKeys (ConfUtils.java:logGet(46)) - raft.server.log.statemachine.data.caching.enabled = true (custom)
2023-01-31 11:34:19,762 [pool-115-thread-1] INFO  segmented.SegmentedRaftLogWorker (SegmentedRaftLogWorker.java:lambda$new$0(135)) - 7c6ec4c2-78b0-4d13-b7e2-d3daf669de24@group-EC69BCBF2BC9-SegmentedRaftLogWorker: flushIndex: setUnconditionally 0 -> -1
2023-01-31 11:34:19,762 [pool-115-thread-1] INFO  segmented.SegmentedRaftLogWorker (SegmentedRaftLogWorker.java:lambda$new$0(135)) - 7c6ec4c2-78b0-4d13-b7e2-d3daf669de24@group-EC69BCBF2BC9-SegmentedRaftLogWorker: safeCacheEvictIndex: setUnconditionally 0 -> -1
2023-01-31 11:34:19,763 [pool-115-thread-1] INFO  server.RaftServer$Division (RaftServerImpl.java:start(334)) - 7c6ec4c2-78b0-4d13-b7e2-d3daf669de24@group-EC69BCBF2BC9: start as a follower, conf=-1: peers:[7c6ec4c2-78b0-4d13-b7e2-d3daf669de24|rpc:10.1.0.34:37179|dataStream:10.1.0.34:42751|priority:1|startupRole:FOLLOWER]|listeners:[], old=null
2023-01-31 11:34:19,763 [pool-115-thread-1] INFO  server.RaftServer$Division (RaftServerImpl.java:setRole(321)) - 7c6ec4c2-78b0-4d13-b7e2-d3daf669de24@group-EC69BCBF2BC9: changes role from      null to FOLLOWER at term 0 for startAsFollower
2023-01-31 11:34:19,763 [pool-115-thread-1] INFO  impl.RoleInfo (RoleInfo.java:updateAndGet(139)) - 7c6ec4c2-78b0-4d13-b7e2-d3daf669de24: start 7c6ec4c2-78b0-4d13-b7e2-d3daf669de24@group-EC69BCBF2BC9-FollowerState
2023-01-31 11:34:19,764 [pool-115-thread-1] INFO  util.JmxRegister (JmxRegister.java:tryRegister(44)) - Successfully registered JMX Bean with object name Ratis:service=RaftServer,group=group-EC69BCBF2BC9,id=7c6ec4c2-78b0-4d13-b7e2-d3daf669de24
2023-01-31 11:34:19,764 [pool-115-thread-1] INFO  server.RaftServerConfigKeys (ConfUtils.java:logGet(46)) - raft.server.snapshot.auto.trigger.enabled = true (custom)
2023-01-31 11:34:19,764 [pool-115-thread-1] INFO  server.RaftServerConfigKeys (ConfUtils.java:logGet(46)) - raft.server.snapshot.auto.trigger.threshold = 10000 (custom)
2023-01-31 11:34:19,764 [pool-115-thread-1] INFO  server.RaftServerConfigKeys (ConfUtils.java:logGet(46)) - raft.server.snapshot.retention.file.num = 5 (custom)
2023-01-31 11:34:19,766 [pool-115-thread-1] INFO  server.RaftServerConfigKeys (ConfUtils.java:logGet(46)) - raft.server.log.purge.upto.snapshot.index = false (default)
2023-01-31 11:34:19,766 [7c6ec4c2-78b0-4d13-b7e2-d3daf669de24@group-EC69BCBF2BC9-FollowerState] INFO  server.RaftServerConfigKeys (ConfUtils.java:logFallback(53)) - raft.server.rpc.first-election.timeout.min = 5s (fallback to raft.server.rpc.timeout.min)
2023-01-31 11:34:19,767 [7c6ec4c2-78b0-4d13-b7e2-d3daf669de24@group-EC69BCBF2BC9-FollowerState] INFO  server.RaftServerConfigKeys (ConfUtils.java:logFallback(53)) - raft.server.rpc.first-election.timeout.max = 5200ms (fallback to raft.server.rpc.timeout.max)
2023-01-31 11:34:19,770 [Command processor thread] INFO  ratis.XceiverServerRatis (XceiverServerRatis.java:addGroup(806)) - Created group PipelineID=98c73690-264d-44c0-b2a3-ec69bcbf2bc9
2023-01-31 11:34:19,770 [Command processor thread] INFO  commandhandler.CreatePipelineCommandHandler (CreatePipelineCommandHandler.java:handle(113)) - Created Pipeline RATIS ONE PipelineID=98c73690-264d-44c0-b2a3-ec69bcbf2bc9.
2023-01-31 11:34:20,068 [Command processor thread] INFO  server.RaftServer (RaftServerProxy.java:addNew(96)) - 380eaaea-a69e-4882-97a4-89f32b49ac35: addNew group-D5A5CE62E70B:[380eaaea-a69e-4882-97a4-89f32b49ac35|rpc:10.1.0.34:38507|dataStream:10.1.0.34:43249|priority:1|startupRole:FOLLOWER] returns group-D5A5CE62E70B:java.util.concurrent.CompletableFuture@70821be8[Not completed]
2023-01-31 11:34:20,072 [pool-137-thread-1] INFO  server.RaftServer$Division (RaftServerImpl.java:<init>(195)) - 380eaaea-a69e-4882-97a4-89f32b49ac35: new RaftServerImpl for group-D5A5CE62E70B:[380eaaea-a69e-4882-97a4-89f32b49ac35|rpc:10.1.0.34:38507|dataStream:10.1.0.34:43249|priority:1|startupRole:FOLLOWER] with ContainerStateMachine:uninitialized
2023-01-31 11:34:20,072 [pool-137-thread-1] INFO  server.RaftServerConfigKeys (ConfUtils.java:logGet(46)) - raft.server.rpc.timeout.min = 5s (custom)
2023-01-31 11:34:20,072 [pool-137-thread-1] INFO  server.RaftServerConfigKeys (ConfUtils.java:logGet(46)) - raft.server.rpc.timeout.max = 5200ms (custom)
2023-01-31 11:34:20,072 [pool-137-thread-1] INFO  server.RaftServerConfigKeys (ConfUtils.java:logGet(46)) - raft.server.rpc.sleep.time = 25ms (default)
2023-01-31 11:34:20,072 [pool-137-thread-1] INFO  server.RaftServerConfigKeys (ConfUtils.java:logGet(46)) - raft.server.rpc.slowness.timeout = 300s (custom)
2023-01-31 11:34:20,072 [pool-137-thread-1] INFO  server.RaftServerConfigKeys (ConfUtils.java:logGet(46)) - raft.server.leaderelection.leader.step-down.wait-time = 10s (default)
2023-01-31 11:34:20,072 [pool-137-thread-1] INFO  server.RaftServerConfigKeys (ConfUtils.java:logGet(46)) - raft.server.sleep.deviation.threshold = 300ms (default)
2023-01-31 11:34:20,072 [pool-137-thread-1] INFO  server.RaftServer$Division (ServerState.java:<init>(118)) - 380eaaea-a69e-4882-97a4-89f32b49ac35@group-D5A5CE62E70B: ConfigurationManager, init=-1: peers:[380eaaea-a69e-4882-97a4-89f32b49ac35|rpc:10.1.0.34:38507|dataStream:10.1.0.34:43249|priority:1|startupRole:FOLLOWER]|listeners:[], old=null, confs=<EMPTY_MAP>
2023-01-31 11:34:20,073 [pool-137-thread-1] INFO  server.RaftServerConfigKeys (ConfUtils.java:logGet(46)) - raft.server.storage.dir = [/home/runner/work/ozone/ozone/hadoop-ozone/integration-test/target/test-dir/MiniOzoneClusterImpl-e7442b91-30ca-4883-b9fa-57f4a6ec4b9c/datanode-3/data/ratis] (custom)
2023-01-31 11:34:20,073 [pool-137-thread-1] INFO  server.RaftServerConfigKeys (ConfUtils.java:logGet(46)) - raft.server.log.corruption.policy = EXCEPTION (default)
2023-01-31 11:34:20,073 [pool-137-thread-1] INFO  server.RaftServerConfigKeys (ConfUtils.java:logGet(46)) - raft.server.storage.free-space.min = 0MB (=0) (default)
2023-01-31 11:34:20,073 [pool-137-thread-1] INFO  server.RaftServerConfigKeys (ConfUtils.java:logGet(46)) - raft.server.notification.no-leader.timeout = 300s (custom)
2023-01-31 11:34:20,073 [pool-137-thread-1] INFO  server.RaftServerConfigKeys (ConfUtils.java:logGet(46)) - raft.server.retrycache.expirytime = 600000ms (custom)
2023-01-31 11:34:20,073 [pool-137-thread-1] INFO  server.RaftServerConfigKeys (ConfUtils.java:logGet(46)) - raft.server.retrycache.statistics.expirytime = 100μs (default)
2023-01-31 11:34:20,076 [pool-137-thread-1] INFO  server.RaftServerConfigKeys (ConfUtils.java:logGet(46)) - raft.server.log.appender.install.snapshot.enabled = false (custom)
2023-01-31 11:34:20,077 [pool-137-thread-1] INFO  server.RaftServerConfigKeys (ConfUtils.java:logGet(46)) - raft.server.threadpool.server.cached = true (default)
2023-01-31 11:34:20,077 [pool-137-thread-1] INFO  server.RaftServerConfigKeys (ConfUtils.java:logGet(46)) - raft.server.threadpool.server.size = 0 (default)
2023-01-31 11:34:20,077 [pool-137-thread-1] INFO  server.RaftServerConfigKeys (ConfUtils.java:logGet(46)) - raft.server.threadpool.client.cached = true (default)
2023-01-31 11:34:20,077 [pool-137-thread-1] INFO  server.RaftServerConfigKeys (ConfUtils.java:logGet(46)) - raft.server.threadpool.client.size = 0 (default)
2023-01-31 11:34:20,077 [pool-137-thread-1] INFO  storage.RaftStorageDirectory (RaftStorageDirectoryImpl.java:analyzeStorage(137)) - The storage directory /home/runner/work/ozone/ozone/hadoop-ozone/integration-test/target/test-dir/MiniOzoneClusterImpl-e7442b91-30ca-4883-b9fa-57f4a6ec4b9c/datanode-3/data/ratis/71119932-096d-4769-8633-d5a5ce62e70b does not exist. Creating ...
2023-01-31 11:34:20,078 [pool-137-thread-1] INFO  storage.RaftStorageDirectory (RaftStorageDirectoryImpl.java:tryLock(231)) - Lock on /home/runner/work/ozone/ozone/hadoop-ozone/integration-test/target/test-dir/MiniOzoneClusterImpl-e7442b91-30ca-4883-b9fa-57f4a6ec4b9c/datanode-3/data/ratis/71119932-096d-4769-8633-d5a5ce62e70b/in_use.lock acquired by nodename 34275@fv-az47-440
2023-01-31 11:34:20,079 [pool-137-thread-1] INFO  storage.RaftStorage (RaftStorageImpl.java:format(96)) - Storage directory /home/runner/work/ozone/ozone/hadoop-ozone/integration-test/target/test-dir/MiniOzoneClusterImpl-e7442b91-30ca-4883-b9fa-57f4a6ec4b9c/datanode-3/data/ratis/71119932-096d-4769-8633-d5a5ce62e70b has been successfully formatted.
2023-01-31 11:34:20,079 [pool-137-thread-1] INFO  ratis.ContainerStateMachine (ContainerStateMachine.java:loadSnapshot(240)) - group-D5A5CE62E70B: The snapshot info is null. Setting the last applied indexto:(t:0, i:~)
2023-01-31 11:34:20,079 [pool-137-thread-1] INFO  server.RaftServerConfigKeys (ConfUtils.java:logGet(46)) - raft.server.log.use.memory = false (default)
2023-01-31 11:34:20,080 [pool-137-thread-1] INFO  server.RaftServerConfigKeys (ConfUtils.java:logGet(46)) - raft.server.log.purge.gap = 1000000 (custom)
2023-01-31 11:34:20,080 [pool-137-thread-1] INFO  server.RaftServerConfigKeys (ConfUtils.java:logGet(46)) - raft.server.log.appender.buffer.byte-limit = 33554432 (custom)
2023-01-31 11:34:20,080 [pool-137-thread-1] INFO  server.RaftServerConfigKeys (ConfUtils.java:logGet(46)) - raft.server.log.statemachine.data.read.timeout = 1000ms (default)
2023-01-31 11:34:20,080 [pool-137-thread-1] INFO  server.RaftServerConfigKeys (ConfUtils.java:logGet(46)) - raft.server.log.purge.preservation.log.num = 0 (default)
2023-01-31 11:34:20,082 [EventQueue-PipelineReportForPipelineReportHandler] INFO  pipeline.PipelineManagerImpl (PipelineManagerImpl.java:openPipeline(367)) - Pipeline Pipeline[ Id: 71119932-096d-4769-8633-d5a5ce62e70b, Nodes: 380eaaea-a69e-4882-97a4-89f32b49ac35(fv-az47-440.mma5zatft5wupo5mzspaixdheh.bx.internal.cloudapp.net/10.1.0.34), ReplicationConfig: RATIS/ONE, State:ALLOCATED, leaderId:380eaaea-a69e-4882-97a4-89f32b49ac35, CreationTimestamp2023-01-31T11:34:17.072Z[Etc/UTC]] moved to OPEN state
2023-01-31 11:34:20,082 [pool-137-thread-1] INFO  server.RaftServerConfigKeys (ConfUtils.java:logGet(46)) - raft.server.log.segment.size.max = 1048576 (custom)
2023-01-31 11:34:20,082 [EventQueue-OpenPipelineForHealthyPipelineSafeModeRule] INFO  safemode.SCMSafeModeManager (HealthyPipelineSafeModeRule.java:process(137)) - SCM in safe mode. Healthy pipelines reported count is 0, required healthy pipeline reported count is 1
2023-01-31 11:34:20,082 [pool-137-thread-1] INFO  server.RaftServerConfigKeys (ConfUtils.java:logGet(46)) - raft.server.log.segment.cache.num.max = 2 (custom)
2023-01-31 11:34:20,083 [pool-137-thread-1] INFO  server.RaftServerConfigKeys (ConfUtils.java:logGet(46)) - raft.server.log.segment.cache.size.max = 200MB (=209715200) (default)
2023-01-31 11:34:20,083 [pool-137-thread-1] INFO  segmented.SegmentedRaftLogWorker (SegmentedRaftLogWorker.java:<init>(189)) - new 380eaaea-a69e-4882-97a4-89f32b49ac35@group-D5A5CE62E70B-SegmentedRaftLogWorker for RaftStorageImpl:Storage Directory /home/runner/work/ozone/ozone/hadoop-ozone/integration-test/target/test-dir/MiniOzoneClusterImpl-e7442b91-30ca-4883-b9fa-57f4a6ec4b9c/datanode-3/data/ratis/71119932-096d-4769-8633-d5a5ce62e70b
2023-01-31 11:34:20,083 [pool-137-thread-1] INFO  server.RaftServerConfigKeys (ConfUtils.java:logGet(46)) - raft.server.log.queue.byte-limit = 4294967296 (custom)
2023-01-31 11:34:20,083 [pool-137-thread-1] INFO  server.RaftServerConfigKeys (ConfUtils.java:logGet(46)) - raft.server.log.queue.element-limit = 1024 (custom)
2023-01-31 11:34:20,083 [pool-137-thread-1] INFO  server.RaftServerConfigKeys (ConfUtils.java:logGet(46)) - raft.server.log.segment.size.max = 1048576 (custom)
2023-01-31 11:34:20,083 [pool-137-thread-1] INFO  server.RaftServerConfigKeys (ConfUtils.java:logGet(46)) - raft.server.log.preallocated.size = 16384 (custom)
2023-01-31 11:34:20,083 [pool-137-thread-1] INFO  server.RaftServerConfigKeys (ConfUtils.java:logGet(46)) - raft.server.log.force.sync.num = 128 (default)
2023-01-31 11:34:20,083 [pool-137-thread-1] INFO  server.RaftServerConfigKeys (ConfUtils.java:logGet(46)) - raft.server.log.statemachine.data.sync = true (default)
2023-01-31 11:34:20,083 [pool-137-thread-1] INFO  server.RaftServerConfigKeys (ConfUtils.java:logGet(46)) - raft.server.log.statemachine.data.sync.timeout = 10s (default)
2023-01-31 11:34:20,083 [pool-137-thread-1] INFO  server.RaftServerConfigKeys (ConfUtils.java:logGet(46)) - raft.server.log.statemachine.data.sync.timeout.retry = -1 (default)
2023-01-31 11:34:20,084 [pool-137-thread-1] INFO  server.RaftServerConfigKeys (ConfUtils.java:logGet(46)) - raft.server.log.write.buffer.size = 1048576 (custom)
2023-01-31 11:34:20,084 [pool-137-thread-1] INFO  server.RaftServerConfigKeys (ConfUtils.java:logGet(46)) - raft.server.log.appender.buffer.byte-limit = 33554432 (custom)
2023-01-31 11:34:20,087 [pool-137-thread-1] INFO  server.RaftServerConfigKeys (ConfUtils.java:logGet(46)) - raft.server.log.unsafe-flush.enabled = false (default)
2023-01-31 11:34:20,087 [pool-137-thread-1] INFO  server.RaftServerConfigKeys (ConfUtils.java:logGet(46)) - raft.server.log.async-flush.enabled = false (default)
2023-01-31 11:34:20,087 [pool-137-thread-1] INFO  server.RaftServerConfigKeys (ConfUtils.java:logGet(46)) - raft.server.log.statemachine.data.caching.enabled = true (custom)
2023-01-31 11:34:20,087 [pool-137-thread-1] INFO  segmented.SegmentedRaftLogWorker (SegmentedRaftLogWorker.java:lambda$new$0(135)) - 380eaaea-a69e-4882-97a4-89f32b49ac35@group-D5A5CE62E70B-SegmentedRaftLogWorker: flushIndex: setUnconditionally 0 -> -1
2023-01-31 11:34:20,087 [pool-137-thread-1] INFO  segmented.SegmentedRaftLogWorker (SegmentedRaftLogWorker.java:lambda$new$0(135)) - 380eaaea-a69e-4882-97a4-89f32b49ac35@group-D5A5CE62E70B-SegmentedRaftLogWorker: safeCacheEvictIndex: setUnconditionally 0 -> -1
2023-01-31 11:34:20,087 [pool-137-thread-1] INFO  server.RaftServer$Division (RaftServerImpl.java:start(334)) - 380eaaea-a69e-4882-97a4-89f32b49ac35@group-D5A5CE62E70B: start as a follower, conf=-1: peers:[380eaaea-a69e-4882-97a4-89f32b49ac35|rpc:10.1.0.34:38507|dataStream:10.1.0.34:43249|priority:1|startupRole:FOLLOWER]|listeners:[], old=null
2023-01-31 11:34:20,087 [pool-137-thread-1] INFO  server.RaftServer$Division (RaftServerImpl.java:setRole(321)) - 380eaaea-a69e-4882-97a4-89f32b49ac35@group-D5A5CE62E70B: changes role from      null to FOLLOWER at term 0 for startAsFollower
2023-01-31 11:34:20,088 [pool-137-thread-1] INFO  impl.RoleInfo (RoleInfo.java:updateAndGet(139)) - 380eaaea-a69e-4882-97a4-89f32b49ac35: start 380eaaea-a69e-4882-97a4-89f32b49ac35@group-D5A5CE62E70B-FollowerState
2023-01-31 11:34:20,093 [pool-137-thread-1] INFO  util.JmxRegister (JmxRegister.java:tryRegister(44)) - Successfully registered JMX Bean with object name Ratis:service=RaftServer,group=group-D5A5CE62E70B,id=380eaaea-a69e-4882-97a4-89f32b49ac35
2023-01-31 11:34:20,093 [380eaaea-a69e-4882-97a4-89f32b49ac35@group-D5A5CE62E70B-FollowerState] INFO  server.RaftServerConfigKeys (ConfUtils.java:logFallback(53)) - raft.server.rpc.first-election.timeout.min = 5s (fallback to raft.server.rpc.timeout.min)
2023-01-31 11:34:20,093 [pool-137-thread-1] INFO  server.RaftServerConfigKeys (ConfUtils.java:logGet(46)) - raft.server.snapshot.auto.trigger.enabled = true (custom)
2023-01-31 11:34:20,093 [380eaaea-a69e-4882-97a4-89f32b49ac35@group-D5A5CE62E70B-FollowerState] INFO  server.RaftServerConfigKeys (ConfUtils.java:logFallback(53)) - raft.server.rpc.first-election.timeout.max = 5200ms (fallback to raft.server.rpc.timeout.max)
2023-01-31 11:34:20,093 [pool-137-thread-1] INFO  server.RaftServerConfigKeys (ConfUtils.java:logGet(46)) - raft.server.snapshot.auto.trigger.threshold = 10000 (custom)
2023-01-31 11:34:20,093 [pool-137-thread-1] INFO  server.RaftServerConfigKeys (ConfUtils.java:logGet(46)) - raft.server.snapshot.retention.file.num = 5 (custom)
2023-01-31 11:34:20,093 [pool-137-thread-1] INFO  server.RaftServerConfigKeys (ConfUtils.java:logGet(46)) - raft.server.log.purge.upto.snapshot.index = false (default)
2023-01-31 11:34:20,094 [Command processor thread] INFO  ratis.XceiverServerRatis (XceiverServerRatis.java:addGroup(806)) - Created group PipelineID=71119932-096d-4769-8633-d5a5ce62e70b
2023-01-31 11:34:20,094 [Command processor thread] INFO  commandhandler.CreatePipelineCommandHandler (CreatePipelineCommandHandler.java:handle(113)) - Created Pipeline RATIS ONE PipelineID=71119932-096d-4769-8633-d5a5ce62e70b.
2023-01-31 11:34:20,094 [Command processor thread] INFO  server.RaftServer (RaftServerProxy.java:addNew(96)) - 380eaaea-a69e-4882-97a4-89f32b49ac35: addNew group-00D358838691:[9e99b025-1169-4fb3-85c4-dfafc24d087e|rpc:10.1.0.34:37463|dataStream:10.1.0.34:35193|priority:0|startupRole:FOLLOWER, a389750c-4ae5-414b-81bd-9813f0be5621|rpc:10.1.0.34:42291|dataStream:10.1.0.34:41111|priority:0|startupRole:FOLLOWER, 380eaaea-a69e-4882-97a4-89f32b49ac35|rpc:10.1.0.34:38507|dataStream:10.1.0.34:43249|priority:1|startupRole:FOLLOWER] returns group-00D358838691:java.util.concurrent.CompletableFuture@74bd8120[Not completed]
2023-01-31 11:34:20,096 [pool-137-thread-1] INFO  server.RaftServer$Division (RaftServerImpl.java:<init>(195)) - 380eaaea-a69e-4882-97a4-89f32b49ac35: new RaftServerImpl for group-00D358838691:[9e99b025-1169-4fb3-85c4-dfafc24d087e|rpc:10.1.0.34:37463|dataStream:10.1.0.34:35193|priority:0|startupRole:FOLLOWER, a389750c-4ae5-414b-81bd-9813f0be5621|rpc:10.1.0.34:42291|dataStream:10.1.0.34:41111|priority:0|startupRole:FOLLOWER, 380eaaea-a69e-4882-97a4-89f32b49ac35|rpc:10.1.0.34:38507|dataStream:10.1.0.34:43249|priority:1|startupRole:FOLLOWER] with ContainerStateMachine:uninitialized
2023-01-31 11:34:20,096 [pool-137-thread-1] INFO  server.RaftServerConfigKeys (ConfUtils.java:logGet(46)) - raft.server.rpc.timeout.min = 5s (custom)
2023-01-31 11:34:20,096 [pool-137-thread-1] INFO  server.RaftServerConfigKeys (ConfUtils.java:logGet(46)) - raft.server.rpc.timeout.max = 5200ms (custom)
2023-01-31 11:34:20,096 [pool-137-thread-1] INFO  server.RaftServerConfigKeys (ConfUtils.java:logGet(46)) - raft.server.rpc.sleep.time = 25ms (default)
2023-01-31 11:34:20,096 [pool-137-thread-1] INFO  server.RaftServerConfigKeys (ConfUtils.java:logGet(46)) - raft.server.rpc.slowness.timeout = 300s (custom)
2023-01-31 11:34:20,096 [pool-137-thread-1] INFO  server.RaftServerConfigKeys (ConfUtils.java:logGet(46)) - raft.server.leaderelection.leader.step-down.wait-time = 10s (default)
2023-01-31 11:34:20,096 [pool-137-thread-1] INFO  server.RaftServerConfigKeys (ConfUtils.java:logGet(46)) - raft.server.sleep.deviation.threshold = 300ms (default)
2023-01-31 11:34:20,096 [pool-137-thread-1] INFO  server.RaftServer$Division (ServerState.java:<init>(118)) - 380eaaea-a69e-4882-97a4-89f32b49ac35@group-00D358838691: ConfigurationManager, init=-1: peers:[9e99b025-1169-4fb3-85c4-dfafc24d087e|rpc:10.1.0.34:37463|dataStream:10.1.0.34:35193|priority:0|startupRole:FOLLOWER, a389750c-4ae5-414b-81bd-9813f0be5621|rpc:10.1.0.34:42291|dataStream:10.1.0.34:41111|priority:0|startupRole:FOLLOWER, 380eaaea-a69e-4882-97a4-89f32b49ac35|rpc:10.1.0.34:38507|dataStream:10.1.0.34:43249|priority:1|startupRole:FOLLOWER]|listeners:[], old=null, confs=<EMPTY_MAP>
2023-01-31 11:34:20,096 [pool-137-thread-1] INFO  server.RaftServerConfigKeys (ConfUtils.java:logGet(46)) - raft.server.storage.dir = [/home/runner/work/ozone/ozone/hadoop-ozone/integration-test/target/test-dir/MiniOzoneClusterImpl-e7442b91-30ca-4883-b9fa-57f4a6ec4b9c/datanode-3/data/ratis] (custom)
2023-01-31 11:34:20,096 [pool-137-thread-1] INFO  server.RaftServerConfigKeys (ConfUtils.java:logGet(46)) - raft.server.log.corruption.policy = EXCEPTION (default)
2023-01-31 11:34:20,096 [pool-137-thread-1] INFO  server.RaftServerConfigKeys (ConfUtils.java:logGet(46)) - raft.server.storage.free-space.min = 0MB (=0) (default)
2023-01-31 11:34:20,096 [pool-137-thread-1] INFO  server.RaftServerConfigKeys (ConfUtils.java:logGet(46)) - raft.server.notification.no-leader.timeout = 300s (custom)
2023-01-31 11:34:20,096 [pool-137-thread-1] INFO  server.RaftServerConfigKeys (ConfUtils.java:logGet(46)) - raft.server.retrycache.expirytime = 600000ms (custom)
2023-01-31 11:34:20,096 [pool-137-thread-1] INFO  server.RaftServerConfigKeys (ConfUtils.java:logGet(46)) - raft.server.retrycache.statistics.expirytime = 100μs (default)
2023-01-31 11:34:20,097 [pool-137-thread-1] INFO  server.RaftServerConfigKeys (ConfUtils.java:logGet(46)) - raft.server.log.appender.install.snapshot.enabled = false (custom)
2023-01-31 11:34:20,097 [pool-137-thread-1] INFO  server.RaftServerConfigKeys (ConfUtils.java:logGet(46)) - raft.server.threadpool.server.cached = true (default)
2023-01-31 11:34:20,097 [pool-137-thread-1] INFO  server.RaftServerConfigKeys (ConfUtils.java:logGet(46)) - raft.server.threadpool.server.size = 0 (default)
2023-01-31 11:34:20,097 [pool-137-thread-1] INFO  server.RaftServerConfigKeys (ConfUtils.java:logGet(46)) - raft.server.threadpool.client.cached = true (default)
2023-01-31 11:34:20,097 [pool-137-thread-1] INFO  server.RaftServerConfigKeys (ConfUtils.java:logGet(46)) - raft.server.threadpool.client.size = 0 (default)
2023-01-31 11:34:20,098 [pool-137-thread-1] INFO  storage.RaftStorageDirectory (RaftStorageDirectoryImpl.java:analyzeStorage(137)) - The storage directory /home/runner/work/ozone/ozone/hadoop-ozone/integration-test/target/test-dir/MiniOzoneClusterImpl-e7442b91-30ca-4883-b9fa-57f4a6ec4b9c/datanode-3/data/ratis/dbac0fe6-f997-4e91-9c7a-00d358838691 does not exist. Creating ...
2023-01-31 11:34:20,098 [pool-137-thread-1] INFO  storage.RaftStorageDirectory (RaftStorageDirectoryImpl.java:tryLock(231)) - Lock on /home/runner/work/ozone/ozone/hadoop-ozone/integration-test/target/test-dir/MiniOzoneClusterImpl-e7442b91-30ca-4883-b9fa-57f4a6ec4b9c/datanode-3/data/ratis/dbac0fe6-f997-4e91-9c7a-00d358838691/in_use.lock acquired by nodename 34275@fv-az47-440
2023-01-31 11:34:20,099 [pool-137-thread-1] INFO  storage.RaftStorage (RaftStorageImpl.java:format(96)) - Storage directory /home/runner/work/ozone/ozone/hadoop-ozone/integration-test/target/test-dir/MiniOzoneClusterImpl-e7442b91-30ca-4883-b9fa-57f4a6ec4b9c/datanode-3/data/ratis/dbac0fe6-f997-4e91-9c7a-00d358838691 has been successfully formatted.
2023-01-31 11:34:20,100 [pool-137-thread-1] INFO  ratis.ContainerStateMachine (ContainerStateMachine.java:loadSnapshot(240)) - group-00D358838691: The snapshot info is null. Setting the last applied indexto:(t:0, i:~)
2023-01-31 11:34:20,100 [pool-137-thread-1] INFO  server.RaftServerConfigKeys (ConfUtils.java:logGet(46)) - raft.server.log.use.memory = false (default)
2023-01-31 11:34:20,100 [pool-137-thread-1] INFO  server.RaftServerConfigKeys (ConfUtils.java:logGet(46)) - raft.server.log.purge.gap = 1000000 (custom)
2023-01-31 11:34:20,100 [pool-137-thread-1] INFO  server.RaftServerConfigKeys (ConfUtils.java:logGet(46)) - raft.server.log.appender.buffer.byte-limit = 33554432 (custom)
2023-01-31 11:34:20,100 [pool-137-thread-1] INFO  server.RaftServerConfigKeys (ConfUtils.java:logGet(46)) - raft.server.log.statemachine.data.read.timeout = 1000ms (default)
2023-01-31 11:34:20,100 [pool-137-thread-1] INFO  server.RaftServerConfigKeys (ConfUtils.java:logGet(46)) - raft.server.log.purge.preservation.log.num = 0 (default)
2023-01-31 11:34:20,100 [pool-137-thread-1] INFO  server.RaftServerConfigKeys (ConfUtils.java:logGet(46)) - raft.server.log.segment.size.max = 1048576 (custom)
2023-01-31 11:34:20,101 [pool-137-thread-1] INFO  server.RaftServerConfigKeys (ConfUtils.java:logGet(46)) - raft.server.log.segment.cache.num.max = 2 (custom)
2023-01-31 11:34:20,102 [pool-137-thread-1] INFO  server.RaftServerConfigKeys (ConfUtils.java:logGet(46)) - raft.server.log.segment.cache.size.max = 200MB (=209715200) (default)
2023-01-31 11:34:20,102 [pool-137-thread-1] INFO  segmented.SegmentedRaftLogWorker (SegmentedRaftLogWorker.java:<init>(189)) - new 380eaaea-a69e-4882-97a4-89f32b49ac35@group-00D358838691-SegmentedRaftLogWorker for RaftStorageImpl:Storage Directory /home/runner/work/ozone/ozone/hadoop-ozone/integration-test/target/test-dir/MiniOzoneClusterImpl-e7442b91-30ca-4883-b9fa-57f4a6ec4b9c/datanode-3/data/ratis/dbac0fe6-f997-4e91-9c7a-00d358838691
2023-01-31 11:34:20,102 [pool-137-thread-1] INFO  server.RaftServerConfigKeys (ConfUtils.java:logGet(46)) - raft.server.log.queue.byte-limit = 4294967296 (custom)
2023-01-31 11:34:20,102 [pool-137-thread-1] INFO  server.RaftServerConfigKeys (ConfUtils.java:logGet(46)) - raft.server.log.queue.element-limit = 1024 (custom)
2023-01-31 11:34:20,102 [pool-137-thread-1] INFO  server.RaftServerConfigKeys (ConfUtils.java:logGet(46)) - raft.server.log.segment.size.max = 1048576 (custom)
2023-01-31 11:34:20,102 [pool-137-thread-1] INFO  server.RaftServerConfigKeys (ConfUtils.java:logGet(46)) - raft.server.log.preallocated.size = 16384 (custom)
2023-01-31 11:34:20,102 [pool-137-thread-1] INFO  server.RaftServerConfigKeys (ConfUtils.java:logGet(46)) - raft.server.log.force.sync.num = 128 (default)
2023-01-31 11:34:20,102 [pool-137-thread-1] INFO  server.RaftServerConfigKeys (ConfUtils.java:logGet(46)) - raft.server.log.statemachine.data.sync = true (default)
2023-01-31 11:34:20,102 [pool-137-thread-1] INFO  server.RaftServerConfigKeys (ConfUtils.java:logGet(46)) - raft.server.log.statemachine.data.sync.timeout = 10s (default)
2023-01-31 11:34:20,102 [EventQueue-OpenPipelineForHealthyPipelineSafeModeRule] INFO  safemode.SCMSafeModeManager (HealthyPipelineSafeModeRule.java:process(137)) - SCM in safe mode. Healthy pipelines reported count is 0, required healthy pipeline reported count is 1
2023-01-31 11:34:20,102 [pool-137-thread-1] INFO  server.RaftServerConfigKeys (ConfUtils.java:logGet(46)) - raft.server.log.statemachine.data.sync.timeout.retry = -1 (default)
2023-01-31 11:34:20,103 [pool-137-thread-1] INFO  server.RaftServerConfigKeys (ConfUtils.java:logGet(46)) - raft.server.log.write.buffer.size = 1048576 (custom)
2023-01-31 11:34:20,105 [pool-137-thread-1] INFO  server.RaftServerConfigKeys (ConfUtils.java:logGet(46)) - raft.server.log.appender.buffer.byte-limit = 33554432 (custom)
2023-01-31 11:34:20,108 [pool-137-thread-1] INFO  server.RaftServerConfigKeys (ConfUtils.java:logGet(46)) - raft.server.log.unsafe-flush.enabled = false (default)
2023-01-31 11:34:20,108 [pool-137-thread-1] INFO  server.RaftServerConfigKeys (ConfUtils.java:logGet(46)) - raft.server.log.async-flush.enabled = false (default)
2023-01-31 11:34:20,109 [pool-137-thread-1] INFO  server.RaftServerConfigKeys (ConfUtils.java:logGet(46)) - raft.server.log.statemachine.data.caching.enabled = true (custom)
2023-01-31 11:34:20,109 [pool-137-thread-1] INFO  segmented.SegmentedRaftLogWorker (SegmentedRaftLogWorker.java:lambda$new$0(135)) - 380eaaea-a69e-4882-97a4-89f32b49ac35@group-00D358838691-SegmentedRaftLogWorker: flushIndex: setUnconditionally 0 -> -1
2023-01-31 11:34:20,109 [pool-137-thread-1] INFO  segmented.SegmentedRaftLogWorker (SegmentedRaftLogWorker.java:lambda$new$0(135)) - 380eaaea-a69e-4882-97a4-89f32b49ac35@group-00D358838691-SegmentedRaftLogWorker: safeCacheEvictIndex: setUnconditionally 0 -> -1
2023-01-31 11:34:20,109 [pool-137-thread-1] INFO  server.RaftServer$Division (RaftServerImpl.java:start(334)) - 380eaaea-a69e-4882-97a4-89f32b49ac35@group-00D358838691: start as a follower, conf=-1: peers:[9e99b025-1169-4fb3-85c4-dfafc24d087e|rpc:10.1.0.34:37463|dataStream:10.1.0.34:35193|priority:0|startupRole:FOLLOWER, a389750c-4ae5-414b-81bd-9813f0be5621|rpc:10.1.0.34:42291|dataStream:10.1.0.34:41111|priority:0|startupRole:FOLLOWER, 380eaaea-a69e-4882-97a4-89f32b49ac35|rpc:10.1.0.34:38507|dataStream:10.1.0.34:43249|priority:1|startupRole:FOLLOWER]|listeners:[], old=null
2023-01-31 11:34:20,109 [pool-137-thread-1] INFO  server.RaftServer$Division (RaftServerImpl.java:setRole(321)) - 380eaaea-a69e-4882-97a4-89f32b49ac35@group-00D358838691: changes role from      null to FOLLOWER at term 0 for startAsFollower
2023-01-31 11:34:20,109 [pool-137-thread-1] INFO  impl.RoleInfo (RoleInfo.java:updateAndGet(139)) - 380eaaea-a69e-4882-97a4-89f32b49ac35: start 380eaaea-a69e-4882-97a4-89f32b49ac35@group-00D358838691-FollowerState
2023-01-31 11:34:20,109 [pool-137-thread-1] INFO  util.JmxRegister (JmxRegister.java:tryRegister(44)) - Successfully registered JMX Bean with object name Ratis:service=RaftServer,group=group-00D358838691,id=380eaaea-a69e-4882-97a4-89f32b49ac35
2023-01-31 11:34:20,109 [pool-137-thread-1] INFO  server.RaftServerConfigKeys (ConfUtils.java:logGet(46)) - raft.server.snapshot.auto.trigger.enabled = true (custom)
2023-01-31 11:34:20,109 [pool-137-thread-1] INFO  server.RaftServerConfigKeys (ConfUtils.java:logGet(46)) - raft.server.snapshot.auto.trigger.threshold = 10000 (custom)
2023-01-31 11:34:20,109 [pool-137-thread-1] INFO  server.RaftServerConfigKeys (ConfUtils.java:logGet(46)) - raft.server.snapshot.retention.file.num = 5 (custom)
2023-01-31 11:34:20,110 [pool-137-thread-1] INFO  server.RaftServerConfigKeys (ConfUtils.java:logGet(46)) - raft.server.log.purge.upto.snapshot.index = false (default)
2023-01-31 11:34:20,110 [380eaaea-a69e-4882-97a4-89f32b49ac35@group-00D358838691-FollowerState] INFO  server.RaftServerConfigKeys (ConfUtils.java:logFallback(53)) - raft.server.rpc.first-election.timeout.min = 5s (fallback to raft.server.rpc.timeout.min)
2023-01-31 11:34:20,115 [380eaaea-a69e-4882-97a4-89f32b49ac35@group-00D358838691-FollowerState] INFO  server.RaftServerConfigKeys (ConfUtils.java:logFallback(53)) - raft.server.rpc.first-election.timeout.max = 5200ms (fallback to raft.server.rpc.timeout.max)
2023-01-31 11:34:20,115 [Command processor thread] INFO  ratis.XceiverServerRatis (XceiverServerRatis.java:addGroup(806)) - Created group PipelineID=dbac0fe6-f997-4e91-9c7a-00d358838691
2023-01-31 11:34:20,127 [grpc-default-executor-0] INFO  server.RaftServer (RaftServerProxy.java:addNew(96)) - a389750c-4ae5-414b-81bd-9813f0be5621: addNew group-00D358838691:[9e99b025-1169-4fb3-85c4-dfafc24d087e|rpc:10.1.0.34:37463|dataStream:10.1.0.34:35193|priority:0|startupRole:FOLLOWER, a389750c-4ae5-414b-81bd-9813f0be5621|rpc:10.1.0.34:42291|dataStream:10.1.0.34:41111|priority:0|startupRole:FOLLOWER, 380eaaea-a69e-4882-97a4-89f32b49ac35|rpc:10.1.0.34:38507|dataStream:10.1.0.34:43249|priority:1|startupRole:FOLLOWER] returns group-00D358838691:java.util.concurrent.CompletableFuture@9d49c31[Not completed]
2023-01-31 11:34:20,128 [pool-159-thread-1] INFO  server.RaftServer$Division (RaftServerImpl.java:<init>(195)) - a389750c-4ae5-414b-81bd-9813f0be5621: new RaftServerImpl for group-00D358838691:[9e99b025-1169-4fb3-85c4-dfafc24d087e|rpc:10.1.0.34:37463|dataStream:10.1.0.34:35193|priority:0|startupRole:FOLLOWER, a389750c-4ae5-414b-81bd-9813f0be5621|rpc:10.1.0.34:42291|dataStream:10.1.0.34:41111|priority:0|startupRole:FOLLOWER, 380eaaea-a69e-4882-97a4-89f32b49ac35|rpc:10.1.0.34:38507|dataStream:10.1.0.34:43249|priority:1|startupRole:FOLLOWER] with ContainerStateMachine:uninitialized
2023-01-31 11:34:20,128 [pool-159-thread-1] INFO  server.RaftServerConfigKeys (ConfUtils.java:logGet(46)) - raft.server.rpc.timeout.min = 5s (custom)
2023-01-31 11:34:20,128 [pool-159-thread-1] INFO  server.RaftServerConfigKeys (ConfUtils.java:logGet(46)) - raft.server.rpc.timeout.max = 5200ms (custom)
2023-01-31 11:34:20,128 [pool-159-thread-1] INFO  server.RaftServerConfigKeys (ConfUtils.java:logGet(46)) - raft.server.rpc.sleep.time = 25ms (default)
2023-01-31 11:34:20,128 [pool-159-thread-1] INFO  server.RaftServerConfigKeys (ConfUtils.java:logGet(46)) - raft.server.rpc.slowness.timeout = 300s (custom)
2023-01-31 11:34:20,128 [pool-159-thread-1] INFO  server.RaftServerConfigKeys (ConfUtils.java:logGet(46)) - raft.server.leaderelection.leader.step-down.wait-time = 10s (default)
2023-01-31 11:34:20,129 [pool-159-thread-1] INFO  server.RaftServerConfigKeys (ConfUtils.java:logGet(46)) - raft.server.sleep.deviation.threshold = 300ms (default)
2023-01-31 11:34:20,129 [pool-159-thread-1] INFO  server.RaftServer$Division (ServerState.java:<init>(118)) - a389750c-4ae5-414b-81bd-9813f0be5621@group-00D358838691: ConfigurationManager, init=-1: peers:[9e99b025-1169-4fb3-85c4-dfafc24d087e|rpc:10.1.0.34:37463|dataStream:10.1.0.34:35193|priority:0|startupRole:FOLLOWER, a389750c-4ae5-414b-81bd-9813f0be5621|rpc:10.1.0.34:42291|dataStream:10.1.0.34:41111|priority:0|startupRole:FOLLOWER, 380eaaea-a69e-4882-97a4-89f32b49ac35|rpc:10.1.0.34:38507|dataStream:10.1.0.34:43249|priority:1|startupRole:FOLLOWER]|listeners:[], old=null, confs=<EMPTY_MAP>
2023-01-31 11:34:20,129 [pool-159-thread-1] INFO  server.RaftServerConfigKeys (ConfUtils.java:logGet(46)) - raft.server.storage.dir = [/home/runner/work/ozone/ozone/hadoop-ozone/integration-test/target/test-dir/MiniOzoneClusterImpl-e7442b91-30ca-4883-b9fa-57f4a6ec4b9c/datanode-4/data/ratis] (custom)
2023-01-31 11:34:20,129 [pool-159-thread-1] INFO  server.RaftServerConfigKeys (ConfUtils.java:logGet(46)) - raft.server.log.corruption.policy = EXCEPTION (default)
2023-01-31 11:34:20,129 [pool-159-thread-1] INFO  server.RaftServerConfigKeys (ConfUtils.java:logGet(46)) - raft.server.storage.free-space.min = 0MB (=0) (default)
2023-01-31 11:34:20,129 [pool-159-thread-1] INFO  server.RaftServerConfigKeys (ConfUtils.java:logGet(46)) - raft.server.notification.no-leader.timeout = 300s (custom)
2023-01-31 11:34:20,129 [pool-159-thread-1] INFO  server.RaftServerConfigKeys (ConfUtils.java:logGet(46)) - raft.server.retrycache.expirytime = 600000ms (custom)
2023-01-31 11:34:20,129 [pool-159-thread-1] INFO  server.RaftServerConfigKeys (ConfUtils.java:logGet(46)) - raft.server.retrycache.statistics.expirytime = 100μs (default)
2023-01-31 11:34:20,130 [pool-159-thread-1] INFO  server.RaftServerConfigKeys (ConfUtils.java:logGet(46)) - raft.server.log.appender.install.snapshot.enabled = false (custom)
2023-01-31 11:34:20,130 [pool-159-thread-1] INFO  server.RaftServerConfigKeys (ConfUtils.java:logGet(46)) - raft.server.threadpool.server.cached = true (default)
2023-01-31 11:34:20,131 [pool-159-thread-1] INFO  server.RaftServerConfigKeys (ConfUtils.java:logGet(46)) - raft.server.threadpool.server.size = 0 (default)
2023-01-31 11:34:20,131 [pool-159-thread-1] INFO  server.RaftServerConfigKeys (ConfUtils.java:logGet(46)) - raft.server.threadpool.client.cached = true (default)
2023-01-31 11:34:20,131 [pool-159-thread-1] INFO  server.RaftServerConfigKeys (ConfUtils.java:logGet(46)) - raft.server.threadpool.client.size = 0 (default)
2023-01-31 11:34:20,131 [pool-159-thread-1] INFO  storage.RaftStorageDirectory (RaftStorageDirectoryImpl.java:analyzeStorage(137)) - The storage directory /home/runner/work/ozone/ozone/hadoop-ozone/integration-test/target/test-dir/MiniOzoneClusterImpl-e7442b91-30ca-4883-b9fa-57f4a6ec4b9c/datanode-4/data/ratis/dbac0fe6-f997-4e91-9c7a-00d358838691 does not exist. Creating ...
2023-01-31 11:34:20,133 [pool-159-thread-1] INFO  storage.RaftStorageDirectory (RaftStorageDirectoryImpl.java:tryLock(231)) - Lock on /home/runner/work/ozone/ozone/hadoop-ozone/integration-test/target/test-dir/MiniOzoneClusterImpl-e7442b91-30ca-4883-b9fa-57f4a6ec4b9c/datanode-4/data/ratis/dbac0fe6-f997-4e91-9c7a-00d358838691/in_use.lock acquired by nodename 34275@fv-az47-440
2023-01-31 11:34:20,134 [pool-159-thread-1] INFO  storage.RaftStorage (RaftStorageImpl.java:format(96)) - Storage directory /home/runner/work/ozone/ozone/hadoop-ozone/integration-test/target/test-dir/MiniOzoneClusterImpl-e7442b91-30ca-4883-b9fa-57f4a6ec4b9c/datanode-4/data/ratis/dbac0fe6-f997-4e91-9c7a-00d358838691 has been successfully formatted.
2023-01-31 11:34:20,135 [pool-159-thread-1] INFO  ratis.ContainerStateMachine (ContainerStateMachine.java:loadSnapshot(240)) - group-00D358838691: The snapshot info is null. Setting the last applied indexto:(t:0, i:~)
2023-01-31 11:34:20,135 [pool-159-thread-1] INFO  server.RaftServerConfigKeys (ConfUtils.java:logGet(46)) - raft.server.log.use.memory = false (default)
2023-01-31 11:34:20,135 [pool-159-thread-1] INFO  server.RaftServerConfigKeys (ConfUtils.java:logGet(46)) - raft.server.log.purge.gap = 1000000 (custom)
2023-01-31 11:34:20,135 [pool-159-thread-1] INFO  server.RaftServerConfigKeys (ConfUtils.java:logGet(46)) - raft.server.log.appender.buffer.byte-limit = 33554432 (custom)
2023-01-31 11:34:20,135 [pool-159-thread-1] INFO  server.RaftServerConfigKeys (ConfUtils.java:logGet(46)) - raft.server.log.statemachine.data.read.timeout = 1000ms (default)
2023-01-31 11:34:20,136 [pool-159-thread-1] INFO  server.RaftServerConfigKeys (ConfUtils.java:logGet(46)) - raft.server.log.purge.preservation.log.num = 0 (default)
2023-01-31 11:34:20,139 [pool-159-thread-1] INFO  server.RaftServerConfigKeys (ConfUtils.java:logGet(46)) - raft.server.log.segment.size.max = 1048576 (custom)
2023-01-31 11:34:20,142 [pool-159-thread-1] INFO  server.RaftServerConfigKeys (ConfUtils.java:logGet(46)) - raft.server.log.segment.cache.num.max = 2 (custom)
2023-01-31 11:34:20,142 [pool-159-thread-1] INFO  server.RaftServerConfigKeys (ConfUtils.java:logGet(46)) - raft.server.log.segment.cache.size.max = 200MB (=209715200) (default)
2023-01-31 11:34:20,142 [pool-159-thread-1] INFO  segmented.SegmentedRaftLogWorker (SegmentedRaftLogWorker.java:<init>(189)) - new a389750c-4ae5-414b-81bd-9813f0be5621@group-00D358838691-SegmentedRaftLogWorker for RaftStorageImpl:Storage Directory /home/runner/work/ozone/ozone/hadoop-ozone/integration-test/target/test-dir/MiniOzoneClusterImpl-e7442b91-30ca-4883-b9fa-57f4a6ec4b9c/datanode-4/data/ratis/dbac0fe6-f997-4e91-9c7a-00d358838691
2023-01-31 11:34:20,142 [pool-159-thread-1] INFO  server.RaftServerConfigKeys (ConfUtils.java:logGet(46)) - raft.server.log.queue.byte-limit = 4294967296 (custom)
2023-01-31 11:34:20,142 [pool-159-thread-1] INFO  server.RaftServerConfigKeys (ConfUtils.java:logGet(46)) - raft.server.log.queue.element-limit = 1024 (custom)
2023-01-31 11:34:20,142 [pool-159-thread-1] INFO  server.RaftServerConfigKeys (ConfUtils.java:logGet(46)) - raft.server.log.segment.size.max = 1048576 (custom)
2023-01-31 11:34:20,142 [pool-159-thread-1] INFO  server.RaftServerConfigKeys (ConfUtils.java:logGet(46)) - raft.server.log.preallocated.size = 16384 (custom)
2023-01-31 11:34:20,142 [pool-159-thread-1] INFO  server.RaftServerConfigKeys (ConfUtils.java:logGet(46)) - raft.server.log.force.sync.num = 128 (default)
2023-01-31 11:34:20,142 [pool-159-thread-1] INFO  server.RaftServerConfigKeys (ConfUtils.java:logGet(46)) - raft.server.log.statemachine.data.sync = true (default)
2023-01-31 11:34:20,142 [pool-159-thread-1] INFO  server.RaftServerConfigKeys (ConfUtils.java:logGet(46)) - raft.server.log.statemachine.data.sync.timeout = 10s (default)
2023-01-31 11:34:20,142 [pool-159-thread-1] INFO  server.RaftServerConfigKeys (ConfUtils.java:logGet(46)) - raft.server.log.statemachine.data.sync.timeout.retry = -1 (default)
2023-01-31 11:34:20,143 [pool-159-thread-1] INFO  server.RaftServerConfigKeys (ConfUtils.java:logGet(46)) - raft.server.log.write.buffer.size = 1048576 (custom)
2023-01-31 11:34:20,143 [pool-159-thread-1] INFO  server.RaftServerConfigKeys (ConfUtils.java:logGet(46)) - raft.server.log.appender.buffer.byte-limit = 33554432 (custom)
2023-01-31 11:34:20,149 [pool-159-thread-1] INFO  server.RaftServerConfigKeys (ConfUtils.java:logGet(46)) - raft.server.log.unsafe-flush.enabled = false (default)
2023-01-31 11:34:20,149 [pool-159-thread-1] INFO  server.RaftServerConfigKeys (ConfUtils.java:logGet(46)) - raft.server.log.async-flush.enabled = false (default)
2023-01-31 11:34:20,149 [pool-159-thread-1] INFO  server.RaftServerConfigKeys (ConfUtils.java:logGet(46)) - raft.server.log.statemachine.data.caching.enabled = true (custom)
2023-01-31 11:34:20,149 [pool-159-thread-1] INFO  segmented.SegmentedRaftLogWorker (SegmentedRaftLogWorker.java:lambda$new$0(135)) - a389750c-4ae5-414b-81bd-9813f0be5621@group-00D358838691-SegmentedRaftLogWorker: flushIndex: setUnconditionally 0 -> -1
2023-01-31 11:34:20,150 [pool-159-thread-1] INFO  segmented.SegmentedRaftLogWorker (SegmentedRaftLogWorker.java:lambda$new$0(135)) - a389750c-4ae5-414b-81bd-9813f0be5621@group-00D358838691-SegmentedRaftLogWorker: safeCacheEvictIndex: setUnconditionally 0 -> -1
2023-01-31 11:34:20,153 [pool-159-thread-1] INFO  server.RaftServer$Division (RaftServerImpl.java:start(334)) - a389750c-4ae5-414b-81bd-9813f0be5621@group-00D358838691: start as a follower, conf=-1: peers:[9e99b025-1169-4fb3-85c4-dfafc24d087e|rpc:10.1.0.34:37463|dataStream:10.1.0.34:35193|priority:0|startupRole:FOLLOWER, a389750c-4ae5-414b-81bd-9813f0be5621|rpc:10.1.0.34:42291|dataStream:10.1.0.34:41111|priority:0|startupRole:FOLLOWER, 380eaaea-a69e-4882-97a4-89f32b49ac35|rpc:10.1.0.34:38507|dataStream:10.1.0.34:43249|priority:1|startupRole:FOLLOWER]|listeners:[], old=null
2023-01-31 11:34:20,153 [pool-159-thread-1] INFO  server.RaftServer$Division (RaftServerImpl.java:setRole(321)) - a389750c-4ae5-414b-81bd-9813f0be5621@group-00D358838691: changes role from      null to FOLLOWER at term 0 for startAsFollower
2023-01-31 11:34:20,153 [pool-159-thread-1] INFO  impl.RoleInfo (RoleInfo.java:updateAndGet(139)) - a389750c-4ae5-414b-81bd-9813f0be5621: start a389750c-4ae5-414b-81bd-9813f0be5621@group-00D358838691-FollowerState
2023-01-31 11:34:20,153 [pool-159-thread-1] INFO  util.JmxRegister (JmxRegister.java:tryRegister(44)) - Successfully registered JMX Bean with object name Ratis:service=RaftServer,group=group-00D358838691,id=a389750c-4ae5-414b-81bd-9813f0be5621
2023-01-31 11:34:20,154 [pool-159-thread-1] INFO  server.RaftServerConfigKeys (ConfUtils.java:logGet(46)) - raft.server.snapshot.auto.trigger.enabled = true (custom)
2023-01-31 11:34:20,154 [pool-159-thread-1] INFO  server.RaftServerConfigKeys (ConfUtils.java:logGet(46)) - raft.server.snapshot.auto.trigger.threshold = 10000 (custom)
2023-01-31 11:34:20,154 [pool-159-thread-1] INFO  server.RaftServerConfigKeys (ConfUtils.java:logGet(46)) - raft.server.snapshot.retention.file.num = 5 (custom)
2023-01-31 11:34:20,154 [pool-159-thread-1] INFO  server.RaftServerConfigKeys (ConfUtils.java:logGet(46)) - raft.server.log.purge.upto.snapshot.index = false (default)
2023-01-31 11:34:20,154 [a389750c-4ae5-414b-81bd-9813f0be5621@group-00D358838691-FollowerState] INFO  server.RaftServerConfigKeys (ConfUtils.java:logFallback(53)) - raft.server.rpc.first-election.timeout.min = 5s (fallback to raft.server.rpc.timeout.min)
2023-01-31 11:34:20,159 [a389750c-4ae5-414b-81bd-9813f0be5621@group-00D358838691-FollowerState] INFO  server.RaftServerConfigKeys (ConfUtils.java:logFallback(53)) - raft.server.rpc.first-election.timeout.max = 5200ms (fallback to raft.server.rpc.timeout.max)
2023-01-31 11:34:20,162 [Listener at 127.0.0.1/43645] INFO  ozone.MiniOzoneClusterImpl (MiniOzoneClusterImpl.java:lambda$waitForClusterToBeReady$0(218)) - Nodes are ready. Got 7 of 7 DN Heartbeats.
2023-01-31 11:34:20,163 [Listener at 127.0.0.1/43645] INFO  ozone.MiniOzoneClusterImpl (MiniOzoneClusterImpl.java:lambda$waitForClusterToBeReady$0(221)) - Waiting for cluster to exit safe mode
2023-01-31 11:34:20,163 [Listener at 127.0.0.1/43645] INFO  ozone.MiniOzoneClusterImpl (MiniOzoneClusterImpl.java:lambda$waitForClusterToBeReady$0(223)) - SCM became leader
2023-01-31 11:34:20,186 [grpc-default-executor-0] INFO  server.RaftServer (RaftServerProxy.java:addNew(96)) - 9e99b025-1169-4fb3-85c4-dfafc24d087e: addNew group-00D358838691:[9e99b025-1169-4fb3-85c4-dfafc24d087e|rpc:10.1.0.34:37463|dataStream:10.1.0.34:35193|priority:0|startupRole:FOLLOWER, a389750c-4ae5-414b-81bd-9813f0be5621|rpc:10.1.0.34:42291|dataStream:10.1.0.34:41111|priority:0|startupRole:FOLLOWER, 380eaaea-a69e-4882-97a4-89f32b49ac35|rpc:10.1.0.34:38507|dataStream:10.1.0.34:43249|priority:1|startupRole:FOLLOWER] returns group-00D358838691:java.util.concurrent.CompletableFuture@d4fa574[Not completed]
2023-01-31 11:34:20,187 [pool-181-thread-1] INFO  server.RaftServer$Division (RaftServerImpl.java:<init>(195)) - 9e99b025-1169-4fb3-85c4-dfafc24d087e: new RaftServerImpl for group-00D358838691:[9e99b025-1169-4fb3-85c4-dfafc24d087e|rpc:10.1.0.34:37463|dataStream:10.1.0.34:35193|priority:0|startupRole:FOLLOWER, a389750c-4ae5-414b-81bd-9813f0be5621|rpc:10.1.0.34:42291|dataStream:10.1.0.34:41111|priority:0|startupRole:FOLLOWER, 380eaaea-a69e-4882-97a4-89f32b49ac35|rpc:10.1.0.34:38507|dataStream:10.1.0.34:43249|priority:1|startupRole:FOLLOWER] with ContainerStateMachine:uninitialized
2023-01-31 11:34:20,187 [pool-181-thread-1] INFO  server.RaftServerConfigKeys (ConfUtils.java:logGet(46)) - raft.server.rpc.timeout.min = 5s (custom)
2023-01-31 11:34:20,187 [pool-181-thread-1] INFO  server.RaftServerConfigKeys (ConfUtils.java:logGet(46)) - raft.server.rpc.timeout.max = 5200ms (custom)
2023-01-31 11:34:20,187 [pool-181-thread-1] INFO  server.RaftServerConfigKeys (ConfUtils.java:logGet(46)) - raft.server.rpc.sleep.time = 25ms (default)
2023-01-31 11:34:20,187 [pool-181-thread-1] INFO  server.RaftServerConfigKeys (ConfUtils.java:logGet(46)) - raft.server.rpc.slowness.timeout = 300s (custom)
2023-01-31 11:34:20,187 [pool-181-thread-1] INFO  server.RaftServerConfigKeys (ConfUtils.java:logGet(46)) - raft.server.leaderelection.leader.step-down.wait-time = 10s (default)
2023-01-31 11:34:20,187 [pool-181-thread-1] INFO  server.RaftServerConfigKeys (ConfUtils.java:logGet(46)) - raft.server.sleep.deviation.threshold = 300ms (default)
2023-01-31 11:34:20,187 [pool-181-thread-1] INFO  server.RaftServer$Division (ServerState.java:<init>(118)) - 9e99b025-1169-4fb3-85c4-dfafc24d087e@group-00D358838691: ConfigurationManager, init=-1: peers:[9e99b025-1169-4fb3-85c4-dfafc24d087e|rpc:10.1.0.34:37463|dataStream:10.1.0.34:35193|priority:0|startupRole:FOLLOWER, a389750c-4ae5-414b-81bd-9813f0be5621|rpc:10.1.0.34:42291|dataStream:10.1.0.34:41111|priority:0|startupRole:FOLLOWER, 380eaaea-a69e-4882-97a4-89f32b49ac35|rpc:10.1.0.34:38507|dataStream:10.1.0.34:43249|priority:1|startupRole:FOLLOWER]|listeners:[], old=null, confs=<EMPTY_MAP>
2023-01-31 11:34:20,188 [pool-181-thread-1] INFO  server.RaftServerConfigKeys (ConfUtils.java:logGet(46)) - raft.server.storage.dir = [/home/runner/work/ozone/ozone/hadoop-ozone/integration-test/target/test-dir/MiniOzoneClusterImpl-e7442b91-30ca-4883-b9fa-57f4a6ec4b9c/datanode-5/data/ratis] (custom)
2023-01-31 11:34:20,188 [pool-181-thread-1] INFO  server.RaftServerConfigKeys (ConfUtils.java:logGet(46)) - raft.server.log.corruption.policy = EXCEPTION (default)
2023-01-31 11:34:20,188 [pool-181-thread-1] INFO  server.RaftServerConfigKeys (ConfUtils.java:logGet(46)) - raft.server.storage.free-space.min = 0MB (=0) (default)
2023-01-31 11:34:20,188 [pool-181-thread-1] INFO  server.RaftServerConfigKeys (ConfUtils.java:logGet(46)) - raft.server.notification.no-leader.timeout = 300s (custom)
2023-01-31 11:34:20,188 [pool-181-thread-1] INFO  server.RaftServerConfigKeys (ConfUtils.java:logGet(46)) - raft.server.retrycache.expirytime = 600000ms (custom)
2023-01-31 11:34:20,188 [pool-181-thread-1] INFO  server.RaftServerConfigKeys (ConfUtils.java:logGet(46)) - raft.server.retrycache.statistics.expirytime = 100μs (default)
2023-01-31 11:34:20,191 [pool-181-thread-1] INFO  server.RaftServerConfigKeys (ConfUtils.java:logGet(46)) - raft.server.log.appender.install.snapshot.enabled = false (custom)
2023-01-31 11:34:20,191 [pool-181-thread-1] INFO  server.RaftServerConfigKeys (ConfUtils.java:logGet(46)) - raft.server.threadpool.server.cached = true (default)
2023-01-31 11:34:20,191 [pool-181-thread-1] INFO  server.RaftServerConfigKeys (ConfUtils.java:logGet(46)) - raft.server.threadpool.server.size = 0 (default)
2023-01-31 11:34:20,191 [pool-181-thread-1] INFO  server.RaftServerConfigKeys (ConfUtils.java:logGet(46)) - raft.server.threadpool.client.cached = true (default)
2023-01-31 11:34:20,191 [pool-181-thread-1] INFO  server.RaftServerConfigKeys (ConfUtils.java:logGet(46)) - raft.server.threadpool.client.size = 0 (default)
2023-01-31 11:34:20,191 [pool-181-thread-1] INFO  storage.RaftStorageDirectory (RaftStorageDirectoryImpl.java:analyzeStorage(137)) - The storage directory /home/runner/work/ozone/ozone/hadoop-ozone/integration-test/target/test-dir/MiniOzoneClusterImpl-e7442b91-30ca-4883-b9fa-57f4a6ec4b9c/datanode-5/data/ratis/dbac0fe6-f997-4e91-9c7a-00d358838691 does not exist. Creating ...
2023-01-31 11:34:20,192 [pool-181-thread-1] INFO  storage.RaftStorageDirectory (RaftStorageDirectoryImpl.java:tryLock(231)) - Lock on /home/runner/work/ozone/ozone/hadoop-ozone/integration-test/target/test-dir/MiniOzoneClusterImpl-e7442b91-30ca-4883-b9fa-57f4a6ec4b9c/datanode-5/data/ratis/dbac0fe6-f997-4e91-9c7a-00d358838691/in_use.lock acquired by nodename 34275@fv-az47-440
2023-01-31 11:34:20,193 [pool-181-thread-1] INFO  storage.RaftStorage (RaftStorageImpl.java:format(96)) - Storage directory /home/runner/work/ozone/ozone/hadoop-ozone/integration-test/target/test-dir/MiniOzoneClusterImpl-e7442b91-30ca-4883-b9fa-57f4a6ec4b9c/datanode-5/data/ratis/dbac0fe6-f997-4e91-9c7a-00d358838691 has been successfully formatted.
2023-01-31 11:34:20,194 [pool-181-thread-1] INFO  ratis.ContainerStateMachine (ContainerStateMachine.java:loadSnapshot(240)) - group-00D358838691: The snapshot info is null. Setting the last applied indexto:(t:0, i:~)
2023-01-31 11:34:20,194 [pool-181-thread-1] INFO  server.RaftServerConfigKeys (ConfUtils.java:logGet(46)) - raft.server.log.use.memory = false (default)
2023-01-31 11:34:20,194 [pool-181-thread-1] INFO  server.RaftServerConfigKeys (ConfUtils.java:logGet(46)) - raft.server.log.purge.gap = 1000000 (custom)
2023-01-31 11:34:20,194 [pool-181-thread-1] INFO  server.RaftServerConfigKeys (ConfUtils.java:logGet(46)) - raft.server.log.appender.buffer.byte-limit = 33554432 (custom)
2023-01-31 11:34:20,194 [pool-181-thread-1] INFO  server.RaftServerConfigKeys (ConfUtils.java:logGet(46)) - raft.server.log.statemachine.data.read.timeout = 1000ms (default)
2023-01-31 11:34:20,194 [pool-181-thread-1] INFO  server.RaftServerConfigKeys (ConfUtils.java:logGet(46)) - raft.server.log.purge.preservation.log.num = 0 (default)
2023-01-31 11:34:20,194 [pool-181-thread-1] INFO  server.RaftServerConfigKeys (ConfUtils.java:logGet(46)) - raft.server.log.segment.size.max = 1048576 (custom)
2023-01-31 11:34:20,199 [pool-181-thread-1] INFO  server.RaftServerConfigKeys (ConfUtils.java:logGet(46)) - raft.server.log.segment.cache.num.max = 2 (custom)
2023-01-31 11:34:20,199 [pool-181-thread-1] INFO  server.RaftServerConfigKeys (ConfUtils.java:logGet(46)) - raft.server.log.segment.cache.size.max = 200MB (=209715200) (default)
2023-01-31 11:34:20,199 [pool-181-thread-1] INFO  segmented.SegmentedRaftLogWorker (SegmentedRaftLogWorker.java:<init>(189)) - new 9e99b025-1169-4fb3-85c4-dfafc24d087e@group-00D358838691-SegmentedRaftLogWorker for RaftStorageImpl:Storage Directory /home/runner/work/ozone/ozone/hadoop-ozone/integration-test/target/test-dir/MiniOzoneClusterImpl-e7442b91-30ca-4883-b9fa-57f4a6ec4b9c/datanode-5/data/ratis/dbac0fe6-f997-4e91-9c7a-00d358838691
2023-01-31 11:34:20,199 [pool-181-thread-1] INFO  server.RaftServerConfigKeys (ConfUtils.java:logGet(46)) - raft.server.log.queue.byte-limit = 4294967296 (custom)
2023-01-31 11:34:20,199 [pool-181-thread-1] INFO  server.RaftServerConfigKeys (ConfUtils.java:logGet(46)) - raft.server.log.queue.element-limit = 1024 (custom)
2023-01-31 11:34:20,199 [pool-181-thread-1] INFO  server.RaftServerConfigKeys (ConfUtils.java:logGet(46)) - raft.server.log.segment.size.max = 1048576 (custom)
2023-01-31 11:34:20,199 [pool-181-thread-1] INFO  server.RaftServerConfigKeys (ConfUtils.java:logGet(46)) - raft.server.log.preallocated.size = 16384 (custom)
2023-01-31 11:34:20,199 [pool-181-thread-1] INFO  server.RaftServerConfigKeys (ConfUtils.java:logGet(46)) - raft.server.log.force.sync.num = 128 (default)
2023-01-31 11:34:20,199 [pool-181-thread-1] INFO  server.RaftServerConfigKeys (ConfUtils.java:logGet(46)) - raft.server.log.statemachine.data.sync = true (default)
2023-01-31 11:34:20,199 [pool-181-thread-1] INFO  server.RaftServerConfigKeys (ConfUtils.java:logGet(46)) - raft.server.log.statemachine.data.sync.timeout = 10s (default)
2023-01-31 11:34:20,199 [pool-181-thread-1] INFO  server.RaftServerConfigKeys (ConfUtils.java:logGet(46)) - raft.server.log.statemachine.data.sync.timeout.retry = -1 (default)
2023-01-31 11:34:20,200 [pool-181-thread-1] INFO  server.RaftServerConfigKeys (ConfUtils.java:logGet(46)) - raft.server.log.write.buffer.size = 1048576 (custom)
2023-01-31 11:34:20,200 [pool-181-thread-1] INFO  server.RaftServerConfigKeys (ConfUtils.java:logGet(46)) - raft.server.log.appender.buffer.byte-limit = 33554432 (custom)
2023-01-31 11:34:20,203 [pool-181-thread-1] INFO  server.RaftServerConfigKeys (ConfUtils.java:logGet(46)) - raft.server.log.unsafe-flush.enabled = false (default)
2023-01-31 11:34:20,203 [pool-181-thread-1] INFO  server.RaftServerConfigKeys (ConfUtils.java:logGet(46)) - raft.server.log.async-flush.enabled = false (default)
2023-01-31 11:34:20,203 [pool-181-thread-1] INFO  server.RaftServerConfigKeys (ConfUtils.java:logGet(46)) - raft.server.log.statemachine.data.caching.enabled = true (custom)
2023-01-31 11:34:20,203 [pool-181-thread-1] INFO  segmented.SegmentedRaftLogWorker (SegmentedRaftLogWorker.java:lambda$new$0(135)) - 9e99b025-1169-4fb3-85c4-dfafc24d087e@group-00D358838691-SegmentedRaftLogWorker: flushIndex: setUnconditionally 0 -> -1
2023-01-31 11:34:20,204 [pool-181-thread-1] INFO  segmented.SegmentedRaftLogWorker (SegmentedRaftLogWorker.java:lambda$new$0(135)) - 9e99b025-1169-4fb3-85c4-dfafc24d087e@group-00D358838691-SegmentedRaftLogWorker: safeCacheEvictIndex: setUnconditionally 0 -> -1
2023-01-31 11:34:20,206 [pool-181-thread-1] INFO  server.RaftServer$Division (RaftServerImpl.java:start(334)) - 9e99b025-1169-4fb3-85c4-dfafc24d087e@group-00D358838691: start as a follower, conf=-1: peers:[9e99b025-1169-4fb3-85c4-dfafc24d087e|rpc:10.1.0.34:37463|dataStream:10.1.0.34:35193|priority:0|startupRole:FOLLOWER, a389750c-4ae5-414b-81bd-9813f0be5621|rpc:10.1.0.34:42291|dataStream:10.1.0.34:41111|priority:0|startupRole:FOLLOWER, 380eaaea-a69e-4882-97a4-89f32b49ac35|rpc:10.1.0.34:38507|dataStream:10.1.0.34:43249|priority:1|startupRole:FOLLOWER]|listeners:[], old=null
2023-01-31 11:34:20,206 [pool-181-thread-1] INFO  server.RaftServer$Division (RaftServerImpl.java:setRole(321)) - 9e99b025-1169-4fb3-85c4-dfafc24d087e@group-00D358838691: changes role from      null to FOLLOWER at term 0 for startAsFollower
2023-01-31 11:34:20,207 [pool-181-thread-1] INFO  impl.RoleInfo (RoleInfo.java:updateAndGet(139)) - 9e99b025-1169-4fb3-85c4-dfafc24d087e: start 9e99b025-1169-4fb3-85c4-dfafc24d087e@group-00D358838691-FollowerState
2023-01-31 11:34:20,207 [pool-181-thread-1] INFO  util.JmxRegister (JmxRegister.java:tryRegister(44)) - Successfully registered JMX Bean with object name Ratis:service=RaftServer,group=group-00D358838691,id=9e99b025-1169-4fb3-85c4-dfafc24d087e
2023-01-31 11:34:20,207 [pool-181-thread-1] INFO  server.RaftServerConfigKeys (ConfUtils.java:logGet(46)) - raft.server.snapshot.auto.trigger.enabled = true (custom)
2023-01-31 11:34:20,207 [pool-181-thread-1] INFO  server.RaftServerConfigKeys (ConfUtils.java:logGet(46)) - raft.server.snapshot.auto.trigger.threshold = 10000 (custom)
2023-01-31 11:34:20,207 [pool-181-thread-1] INFO  server.RaftServerConfigKeys (ConfUtils.java:logGet(46)) - raft.server.snapshot.retention.file.num = 5 (custom)
2023-01-31 11:34:20,207 [pool-181-thread-1] INFO  server.RaftServerConfigKeys (ConfUtils.java:logGet(46)) - raft.server.log.purge.upto.snapshot.index = false (default)
2023-01-31 11:34:20,207 [9e99b025-1169-4fb3-85c4-dfafc24d087e@group-00D358838691-FollowerState] INFO  server.RaftServerConfigKeys (ConfUtils.java:logFallback(53)) - raft.server.rpc.first-election.timeout.min = 5s (fallback to raft.server.rpc.timeout.min)
2023-01-31 11:34:20,211 [9e99b025-1169-4fb3-85c4-dfafc24d087e@group-00D358838691-FollowerState] INFO  server.RaftServerConfigKeys (ConfUtils.java:logFallback(53)) - raft.server.rpc.first-election.timeout.max = 5200ms (fallback to raft.server.rpc.timeout.max)
2023-01-31 11:34:20,217 [Command processor thread] INFO  commandhandler.CreatePipelineCommandHandler (CreatePipelineCommandHandler.java:handle(113)) - Created Pipeline RATIS THREE PipelineID=dbac0fe6-f997-4e91-9c7a-00d358838691.
2023-01-31 11:34:20,217 [Command processor thread] INFO  server.RaftServer (RaftServerProxy.java:addNew(96)) - 380eaaea-a69e-4882-97a4-89f32b49ac35: addNew group-B5678FC09D44:[9e99b025-1169-4fb3-85c4-dfafc24d087e|rpc:10.1.0.34:37463|dataStream:10.1.0.34:35193|priority:0|startupRole:FOLLOWER, a389750c-4ae5-414b-81bd-9813f0be5621|rpc:10.1.0.34:42291|dataStream:10.1.0.34:41111|priority:1|startupRole:FOLLOWER, 380eaaea-a69e-4882-97a4-89f32b49ac35|rpc:10.1.0.34:38507|dataStream:10.1.0.34:43249|priority:0|startupRole:FOLLOWER] returns group-B5678FC09D44:java.util.concurrent.CompletableFuture@7341160[Not completed]
2023-01-31 11:34:20,218 [pool-137-thread-1] INFO  server.RaftServer$Division (RaftServerImpl.java:<init>(195)) - 380eaaea-a69e-4882-97a4-89f32b49ac35: new RaftServerImpl for group-B5678FC09D44:[9e99b025-1169-4fb3-85c4-dfafc24d087e|rpc:10.1.0.34:37463|dataStream:10.1.0.34:35193|priority:0|startupRole:FOLLOWER, a389750c-4ae5-414b-81bd-9813f0be5621|rpc:10.1.0.34:42291|dataStream:10.1.0.34:41111|priority:1|startupRole:FOLLOWER, 380eaaea-a69e-4882-97a4-89f32b49ac35|rpc:10.1.0.34:38507|dataStream:10.1.0.34:43249|priority:0|startupRole:FOLLOWER] with ContainerStateMachine:uninitialized
2023-01-31 11:34:20,218 [pool-137-thread-1] INFO  server.RaftServerConfigKeys (ConfUtils.java:logGet(46)) - raft.server.rpc.timeout.min = 5s (custom)
2023-01-31 11:34:20,218 [pool-137-thread-1] INFO  server.RaftServerConfigKeys (ConfUtils.java:logGet(46)) - raft.server.rpc.timeout.max = 5200ms (custom)
2023-01-31 11:34:20,218 [pool-137-thread-1] INFO  server.RaftServerConfigKeys (ConfUtils.java:logGet(46)) - raft.server.rpc.sleep.time = 25ms (default)
2023-01-31 11:34:20,218 [pool-137-thread-1] INFO  server.RaftServerConfigKeys (ConfUtils.java:logGet(46)) - raft.server.rpc.slowness.timeout = 300s (custom)
2023-01-31 11:34:20,218 [pool-137-thread-1] INFO  server.RaftServerConfigKeys (ConfUtils.java:logGet(46)) - raft.server.leaderelection.leader.step-down.wait-time = 10s (default)
2023-01-31 11:34:20,218 [pool-137-thread-1] INFO  server.RaftServerConfigKeys (ConfUtils.java:logGet(46)) - raft.server.sleep.deviation.threshold = 300ms (default)
2023-01-31 11:34:20,218 [pool-137-thread-1] INFO  server.RaftServer$Division (ServerState.java:<init>(118)) - 380eaaea-a69e-4882-97a4-89f32b49ac35@group-B5678FC09D44: ConfigurationManager, init=-1: peers:[9e99b025-1169-4fb3-85c4-dfafc24d087e|rpc:10.1.0.34:37463|dataStream:10.1.0.34:35193|priority:0|startupRole:FOLLOWER, a389750c-4ae5-414b-81bd-9813f0be5621|rpc:10.1.0.34:42291|dataStream:10.1.0.34:41111|priority:1|startupRole:FOLLOWER, 380eaaea-a69e-4882-97a4-89f32b49ac35|rpc:10.1.0.34:38507|dataStream:10.1.0.34:43249|priority:0|startupRole:FOLLOWER]|listeners:[], old=null, confs=<EMPTY_MAP>
2023-01-31 11:34:20,218 [pool-137-thread-1] INFO  server.RaftServerConfigKeys (ConfUtils.java:logGet(46)) - raft.server.storage.dir = [/home/runner/work/ozone/ozone/hadoop-ozone/integration-test/target/test-dir/MiniOzoneClusterImpl-e7442b91-30ca-4883-b9fa-57f4a6ec4b9c/datanode-3/data/ratis] (custom)
2023-01-31 11:34:20,218 [pool-137-thread-1] INFO  server.RaftServerConfigKeys (ConfUtils.java:logGet(46)) - raft.server.log.corruption.policy = EXCEPTION (default)
2023-01-31 11:34:20,218 [pool-137-thread-1] INFO  server.RaftServerConfigKeys (ConfUtils.java:logGet(46)) - raft.server.storage.free-space.min = 0MB (=0) (default)
2023-01-31 11:34:20,218 [pool-137-thread-1] INFO  server.RaftServerConfigKeys (ConfUtils.java:logGet(46)) - raft.server.notification.no-leader.timeout = 300s (custom)
2023-01-31 11:34:20,219 [pool-137-thread-1] INFO  server.RaftServerConfigKeys (ConfUtils.java:logGet(46)) - raft.server.retrycache.expirytime = 600000ms (custom)
2023-01-31 11:34:20,219 [pool-137-thread-1] INFO  server.RaftServerConfigKeys (ConfUtils.java:logGet(46)) - raft.server.retrycache.statistics.expirytime = 100μs (default)
2023-01-31 11:34:20,219 [pool-137-thread-1] INFO  server.RaftServerConfigKeys (ConfUtils.java:logGet(46)) - raft.server.log.appender.install.snapshot.enabled = false (custom)
2023-01-31 11:34:20,220 [pool-137-thread-1] INFO  server.RaftServerConfigKeys (ConfUtils.java:logGet(46)) - raft.server.threadpool.server.cached = true (default)
2023-01-31 11:34:20,220 [pool-137-thread-1] INFO  server.RaftServerConfigKeys (ConfUtils.java:logGet(46)) - raft.server.threadpool.server.size = 0 (default)
2023-01-31 11:34:20,220 [pool-137-thread-1] INFO  server.RaftServerConfigKeys (ConfUtils.java:logGet(46)) - raft.server.threadpool.client.cached = true (default)
2023-01-31 11:34:20,220 [pool-137-thread-1] INFO  server.RaftServerConfigKeys (ConfUtils.java:logGet(46)) - raft.server.threadpool.client.size = 0 (default)
2023-01-31 11:34:20,220 [pool-137-thread-1] INFO  storage.RaftStorageDirectory (RaftStorageDirectoryImpl.java:analyzeStorage(137)) - The storage directory /home/runner/work/ozone/ozone/hadoop-ozone/integration-test/target/test-dir/MiniOzoneClusterImpl-e7442b91-30ca-4883-b9fa-57f4a6ec4b9c/datanode-3/data/ratis/61bb957a-d27f-48a1-ae32-b5678fc09d44 does not exist. Creating ...
2023-01-31 11:34:20,221 [pool-137-thread-1] INFO  storage.RaftStorageDirectory (RaftStorageDirectoryImpl.java:tryLock(231)) - Lock on /home/runner/work/ozone/ozone/hadoop-ozone/integration-test/target/test-dir/MiniOzoneClusterImpl-e7442b91-30ca-4883-b9fa-57f4a6ec4b9c/datanode-3/data/ratis/61bb957a-d27f-48a1-ae32-b5678fc09d44/in_use.lock acquired by nodename 34275@fv-az47-440
2023-01-31 11:34:20,221 [pool-137-thread-1] INFO  storage.RaftStorage (RaftStorageImpl.java:format(96)) - Storage directory /home/runner/work/ozone/ozone/hadoop-ozone/integration-test/target/test-dir/MiniOzoneClusterImpl-e7442b91-30ca-4883-b9fa-57f4a6ec4b9c/datanode-3/data/ratis/61bb957a-d27f-48a1-ae32-b5678fc09d44 has been successfully formatted.
2023-01-31 11:34:20,222 [pool-137-thread-1] INFO  ratis.ContainerStateMachine (ContainerStateMachine.java:loadSnapshot(240)) - group-B5678FC09D44: The snapshot info is null. Setting the last applied indexto:(t:0, i:~)
2023-01-31 11:34:20,222 [pool-137-thread-1] INFO  server.RaftServerConfigKeys (ConfUtils.java:logGet(46)) - raft.server.log.use.memory = false (default)
2023-01-31 11:34:20,223 [pool-137-thread-1] INFO  server.RaftServerConfigKeys (ConfUtils.java:logGet(46)) - raft.server.log.purge.gap = 1000000 (custom)
2023-01-31 11:34:20,223 [pool-137-thread-1] INFO  server.RaftServerConfigKeys (ConfUtils.java:logGet(46)) - raft.server.log.appender.buffer.byte-limit = 33554432 (custom)
2023-01-31 11:34:20,223 [pool-137-thread-1] INFO  server.RaftServerConfigKeys (ConfUtils.java:logGet(46)) - raft.server.log.statemachine.data.read.timeout = 1000ms (default)
2023-01-31 11:34:20,223 [pool-137-thread-1] INFO  server.RaftServerConfigKeys (ConfUtils.java:logGet(46)) - raft.server.log.purge.preservation.log.num = 0 (default)
2023-01-31 11:34:20,223 [pool-137-thread-1] INFO  server.RaftServerConfigKeys (ConfUtils.java:logGet(46)) - raft.server.log.segment.size.max = 1048576 (custom)
2023-01-31 11:34:20,223 [pool-137-thread-1] INFO  server.RaftServerConfigKeys (ConfUtils.java:logGet(46)) - raft.server.log.segment.cache.num.max = 2 (custom)
2023-01-31 11:34:20,223 [pool-137-thread-1] INFO  server.RaftServerConfigKeys (ConfUtils.java:logGet(46)) - raft.server.log.segment.cache.size.max = 200MB (=209715200) (default)
2023-01-31 11:34:20,223 [pool-137-thread-1] INFO  segmented.SegmentedRaftLogWorker (SegmentedRaftLogWorker.java:<init>(189)) - new 380eaaea-a69e-4882-97a4-89f32b49ac35@group-B5678FC09D44-SegmentedRaftLogWorker for RaftStorageImpl:Storage Directory /home/runner/work/ozone/ozone/hadoop-ozone/integration-test/target/test-dir/MiniOzoneClusterImpl-e7442b91-30ca-4883-b9fa-57f4a6ec4b9c/datanode-3/data/ratis/61bb957a-d27f-48a1-ae32-b5678fc09d44
2023-01-31 11:34:20,223 [pool-137-thread-1] INFO  server.RaftServerConfigKeys (ConfUtils.java:logGet(46)) - raft.server.log.queue.byte-limit = 4294967296 (custom)
2023-01-31 11:34:20,223 [pool-137-thread-1] INFO  server.RaftServerConfigKeys (ConfUtils.java:logGet(46)) - raft.server.log.queue.element-limit = 1024 (custom)
2023-01-31 11:34:20,223 [pool-137-thread-1] INFO  server.RaftServerConfigKeys (ConfUtils.java:logGet(46)) - raft.server.log.segment.size.max = 1048576 (custom)
2023-01-31 11:34:20,223 [pool-137-thread-1] INFO  server.RaftServerConfigKeys (ConfUtils.java:logGet(46)) - raft.server.log.preallocated.size = 16384 (custom)
2023-01-31 11:34:20,223 [pool-137-thread-1] INFO  server.RaftServerConfigKeys (ConfUtils.java:logGet(46)) - raft.server.log.force.sync.num = 128 (default)
2023-01-31 11:34:20,225 [EventQueue-OpenPipelineForHealthyPipelineSafeModeRule] INFO  safemode.SCMSafeModeManager (HealthyPipelineSafeModeRule.java:process(137)) - SCM in safe mode. Healthy pipelines reported count is 0, required healthy pipeline reported count is 1
2023-01-31 11:34:20,230 [pool-137-thread-1] INFO  server.RaftServerConfigKeys (ConfUtils.java:logGet(46)) - raft.server.log.statemachine.data.sync = true (default)
2023-01-31 11:34:20,230 [pool-137-thread-1] INFO  server.RaftServerConfigKeys (ConfUtils.java:logGet(46)) - raft.server.log.statemachine.data.sync.timeout = 10s (default)
2023-01-31 11:34:20,230 [pool-137-thread-1] INFO  server.RaftServerConfigKeys (ConfUtils.java:logGet(46)) - raft.server.log.statemachine.data.sync.timeout.retry = -1 (default)
2023-01-31 11:34:20,231 [pool-137-thread-1] INFO  server.RaftServerConfigKeys (ConfUtils.java:logGet(46)) - raft.server.log.write.buffer.size = 1048576 (custom)
2023-01-31 11:34:20,232 [pool-137-thread-1] INFO  server.RaftServerConfigKeys (ConfUtils.java:logGet(46)) - raft.server.log.appender.buffer.byte-limit = 33554432 (custom)
2023-01-31 11:34:20,235 [pool-137-thread-1] INFO  server.RaftServerConfigKeys (ConfUtils.java:logGet(46)) - raft.server.log.unsafe-flush.enabled = false (default)
2023-01-31 11:34:20,235 [pool-137-thread-1] INFO  server.RaftServerConfigKeys (ConfUtils.java:logGet(46)) - raft.server.log.async-flush.enabled = false (default)
2023-01-31 11:34:20,235 [pool-137-thread-1] INFO  server.RaftServerConfigKeys (ConfUtils.java:logGet(46)) - raft.server.log.statemachine.data.caching.enabled = true (custom)
2023-01-31 11:34:20,235 [pool-137-thread-1] INFO  segmented.SegmentedRaftLogWorker (SegmentedRaftLogWorker.java:lambda$new$0(135)) - 380eaaea-a69e-4882-97a4-89f32b49ac35@group-B5678FC09D44-SegmentedRaftLogWorker: flushIndex: setUnconditionally 0 -> -1
2023-01-31 11:34:20,235 [pool-137-thread-1] INFO  segmented.SegmentedRaftLogWorker (SegmentedRaftLogWorker.java:lambda$new$0(135)) - 380eaaea-a69e-4882-97a4-89f32b49ac35@group-B5678FC09D44-SegmentedRaftLogWorker: safeCacheEvictIndex: setUnconditionally 0 -> -1
2023-01-31 11:34:20,238 [pool-137-thread-1] INFO  server.RaftServer$Division (RaftServerImpl.java:start(334)) - 380eaaea-a69e-4882-97a4-89f32b49ac35@group-B5678FC09D44: start as a follower, conf=-1: peers:[9e99b025-1169-4fb3-85c4-dfafc24d087e|rpc:10.1.0.34:37463|dataStream:10.1.0.34:35193|priority:0|startupRole:FOLLOWER, a389750c-4ae5-414b-81bd-9813f0be5621|rpc:10.1.0.34:42291|dataStream:10.1.0.34:41111|priority:1|startupRole:FOLLOWER, 380eaaea-a69e-4882-97a4-89f32b49ac35|rpc:10.1.0.34:38507|dataStream:10.1.0.34:43249|priority:0|startupRole:FOLLOWER]|listeners:[], old=null
2023-01-31 11:34:20,238 [pool-137-thread-1] INFO  server.RaftServer$Division (RaftServerImpl.java:setRole(321)) - 380eaaea-a69e-4882-97a4-89f32b49ac35@group-B5678FC09D44: changes role from      null to FOLLOWER at term 0 for startAsFollower
2023-01-31 11:34:20,239 [pool-137-thread-1] INFO  impl.RoleInfo (RoleInfo.java:updateAndGet(139)) - 380eaaea-a69e-4882-97a4-89f32b49ac35: start 380eaaea-a69e-4882-97a4-89f32b49ac35@group-B5678FC09D44-FollowerState
2023-01-31 11:34:20,242 [pool-137-thread-1] INFO  util.JmxRegister (JmxRegister.java:tryRegister(44)) - Successfully registered JMX Bean with object name Ratis:service=RaftServer,group=group-B5678FC09D44,id=380eaaea-a69e-4882-97a4-89f32b49ac35
2023-01-31 11:34:20,242 [pool-137-thread-1] INFO  server.RaftServerConfigKeys (ConfUtils.java:logGet(46)) - raft.server.snapshot.auto.trigger.enabled = true (custom)
2023-01-31 11:34:20,242 [pool-137-thread-1] INFO  server.RaftServerConfigKeys (ConfUtils.java:logGet(46)) - raft.server.snapshot.auto.trigger.threshold = 10000 (custom)
2023-01-31 11:34:20,242 [pool-137-thread-1] INFO  server.RaftServerConfigKeys (ConfUtils.java:logGet(46)) - raft.server.snapshot.retention.file.num = 5 (custom)
2023-01-31 11:34:20,242 [pool-137-thread-1] INFO  server.RaftServerConfigKeys (ConfUtils.java:logGet(46)) - raft.server.log.purge.upto.snapshot.index = false (default)
2023-01-31 11:34:20,243 [380eaaea-a69e-4882-97a4-89f32b49ac35@group-B5678FC09D44-FollowerState] INFO  server.RaftServerConfigKeys (ConfUtils.java:logFallback(53)) - raft.server.rpc.first-election.timeout.min = 5s (fallback to raft.server.rpc.timeout.min)
2023-01-31 11:34:20,246 [Command processor thread] INFO  ratis.XceiverServerRatis (XceiverServerRatis.java:addGroup(806)) - Created group PipelineID=61bb957a-d27f-48a1-ae32-b5678fc09d44
2023-01-31 11:34:20,246 [380eaaea-a69e-4882-97a4-89f32b49ac35@group-B5678FC09D44-FollowerState] INFO  server.RaftServerConfigKeys (ConfUtils.java:logFallback(53)) - raft.server.rpc.first-election.timeout.max = 5200ms (fallback to raft.server.rpc.timeout.max)
2023-01-31 11:34:20,256 [grpc-default-executor-0] INFO  server.RaftServer (RaftServerProxy.java:addNew(96)) - 9e99b025-1169-4fb3-85c4-dfafc24d087e: addNew group-B5678FC09D44:[9e99b025-1169-4fb3-85c4-dfafc24d087e|rpc:10.1.0.34:37463|dataStream:10.1.0.34:35193|priority:0|startupRole:FOLLOWER, a389750c-4ae5-414b-81bd-9813f0be5621|rpc:10.1.0.34:42291|dataStream:10.1.0.34:41111|priority:1|startupRole:FOLLOWER, 380eaaea-a69e-4882-97a4-89f32b49ac35|rpc:10.1.0.34:38507|dataStream:10.1.0.34:43249|priority:0|startupRole:FOLLOWER] returns group-B5678FC09D44:java.util.concurrent.CompletableFuture@741fb547[Not completed]
2023-01-31 11:34:20,257 [pool-181-thread-1] INFO  server.RaftServer$Division (RaftServerImpl.java:<init>(195)) - 9e99b025-1169-4fb3-85c4-dfafc24d087e: new RaftServerImpl for group-B5678FC09D44:[9e99b025-1169-4fb3-85c4-dfafc24d087e|rpc:10.1.0.34:37463|dataStream:10.1.0.34:35193|priority:0|startupRole:FOLLOWER, a389750c-4ae5-414b-81bd-9813f0be5621|rpc:10.1.0.34:42291|dataStream:10.1.0.34:41111|priority:1|startupRole:FOLLOWER, 380eaaea-a69e-4882-97a4-89f32b49ac35|rpc:10.1.0.34:38507|dataStream:10.1.0.34:43249|priority:0|startupRole:FOLLOWER] with ContainerStateMachine:uninitialized
2023-01-31 11:34:20,257 [pool-181-thread-1] INFO  server.RaftServerConfigKeys (ConfUtils.java:logGet(46)) - raft.server.rpc.timeout.min = 5s (custom)
2023-01-31 11:34:20,257 [pool-181-thread-1] INFO  server.RaftServerConfigKeys (ConfUtils.java:logGet(46)) - raft.server.rpc.timeout.max = 5200ms (custom)
2023-01-31 11:34:20,257 [pool-181-thread-1] INFO  server.RaftServerConfigKeys (ConfUtils.java:logGet(46)) - raft.server.rpc.sleep.time = 25ms (default)
2023-01-31 11:34:20,257 [pool-181-thread-1] INFO  server.RaftServerConfigKeys (ConfUtils.java:logGet(46)) - raft.server.rpc.slowness.timeout = 300s (custom)
2023-01-31 11:34:20,257 [pool-181-thread-1] INFO  server.RaftServerConfigKeys (ConfUtils.java:logGet(46)) - raft.server.leaderelection.leader.step-down.wait-time = 10s (default)
2023-01-31 11:34:20,257 [pool-181-thread-1] INFO  server.RaftServerConfigKeys (ConfUtils.java:logGet(46)) - raft.server.sleep.deviation.threshold = 300ms (default)
2023-01-31 11:34:20,257 [pool-181-thread-1] INFO  server.RaftServer$Division (ServerState.java:<init>(118)) - 9e99b025-1169-4fb3-85c4-dfafc24d087e@group-B5678FC09D44: ConfigurationManager, init=-1: peers:[9e99b025-1169-4fb3-85c4-dfafc24d087e|rpc:10.1.0.34:37463|dataStream:10.1.0.34:35193|priority:0|startupRole:FOLLOWER, a389750c-4ae5-414b-81bd-9813f0be5621|rpc:10.1.0.34:42291|dataStream:10.1.0.34:41111|priority:1|startupRole:FOLLOWER, 380eaaea-a69e-4882-97a4-89f32b49ac35|rpc:10.1.0.34:38507|dataStream:10.1.0.34:43249|priority:0|startupRole:FOLLOWER]|listeners:[], old=null, confs=<EMPTY_MAP>
2023-01-31 11:34:20,257 [pool-181-thread-1] INFO  server.RaftServerConfigKeys (ConfUtils.java:logGet(46)) - raft.server.storage.dir = [/home/runner/work/ozone/ozone/hadoop-ozone/integration-test/target/test-dir/MiniOzoneClusterImpl-e7442b91-30ca-4883-b9fa-57f4a6ec4b9c/datanode-5/data/ratis] (custom)
2023-01-31 11:34:20,257 [pool-181-thread-1] INFO  server.RaftServerConfigKeys (ConfUtils.java:logGet(46)) - raft.server.log.corruption.policy = EXCEPTION (default)
2023-01-31 11:34:20,257 [pool-181-thread-1] INFO  server.RaftServerConfigKeys (ConfUtils.java:logGet(46)) - raft.server.storage.free-space.min = 0MB (=0) (default)
2023-01-31 11:34:20,258 [pool-181-thread-1] INFO  server.RaftServerConfigKeys (ConfUtils.java:logGet(46)) - raft.server.notification.no-leader.timeout = 300s (custom)
2023-01-31 11:34:20,258 [pool-181-thread-1] INFO  server.RaftServerConfigKeys (ConfUtils.java:logGet(46)) - raft.server.retrycache.expirytime = 600000ms (custom)
2023-01-31 11:34:20,258 [pool-181-thread-1] INFO  server.RaftServerConfigKeys (ConfUtils.java:logGet(46)) - raft.server.retrycache.statistics.expirytime = 100μs (default)
2023-01-31 11:34:20,259 [pool-181-thread-1] INFO  server.RaftServerConfigKeys (ConfUtils.java:logGet(46)) - raft.server.log.appender.install.snapshot.enabled = false (custom)
2023-01-31 11:34:20,259 [pool-181-thread-1] INFO  server.RaftServerConfigKeys (ConfUtils.java:logGet(46)) - raft.server.threadpool.server.cached = true (default)
2023-01-31 11:34:20,259 [pool-181-thread-1] INFO  server.RaftServerConfigKeys (ConfUtils.java:logGet(46)) - raft.server.threadpool.server.size = 0 (default)
2023-01-31 11:34:20,259 [pool-181-thread-1] INFO  server.RaftServerConfigKeys (ConfUtils.java:logGet(46)) - raft.server.threadpool.client.cached = true (default)
2023-01-31 11:34:20,259 [pool-181-thread-1] INFO  server.RaftServerConfigKeys (ConfUtils.java:logGet(46)) - raft.server.threadpool.client.size = 0 (default)
2023-01-31 11:34:20,259 [pool-181-thread-1] INFO  storage.RaftStorageDirectory (RaftStorageDirectoryImpl.java:analyzeStorage(137)) - The storage directory /home/runner/work/ozone/ozone/hadoop-ozone/integration-test/target/test-dir/MiniOzoneClusterImpl-e7442b91-30ca-4883-b9fa-57f4a6ec4b9c/datanode-5/data/ratis/61bb957a-d27f-48a1-ae32-b5678fc09d44 does not exist. Creating ...
2023-01-31 11:34:20,260 [pool-181-thread-1] INFO  storage.RaftStorageDirectory (RaftStorageDirectoryImpl.java:tryLock(231)) - Lock on /home/runner/work/ozone/ozone/hadoop-ozone/integration-test/target/test-dir/MiniOzoneClusterImpl-e7442b91-30ca-4883-b9fa-57f4a6ec4b9c/datanode-5/data/ratis/61bb957a-d27f-48a1-ae32-b5678fc09d44/in_use.lock acquired by nodename 34275@fv-az47-440
2023-01-31 11:34:20,261 [pool-181-thread-1] INFO  storage.RaftStorage (RaftStorageImpl.java:format(96)) - Storage directory /home/runner/work/ozone/ozone/hadoop-ozone/integration-test/target/test-dir/MiniOzoneClusterImpl-e7442b91-30ca-4883-b9fa-57f4a6ec4b9c/datanode-5/data/ratis/61bb957a-d27f-48a1-ae32-b5678fc09d44 has been successfully formatted.
2023-01-31 11:34:20,261 [pool-181-thread-1] INFO  ratis.ContainerStateMachine (ContainerStateMachine.java:loadSnapshot(240)) - group-B5678FC09D44: The snapshot info is null. Setting the last applied indexto:(t:0, i:~)
2023-01-31 11:34:20,261 [pool-181-thread-1] INFO  server.RaftServerConfigKeys (ConfUtils.java:logGet(46)) - raft.server.log.use.memory = false (default)
2023-01-31 11:34:20,262 [pool-181-thread-1] INFO  server.RaftServerConfigKeys (ConfUtils.java:logGet(46)) - raft.server.log.purge.gap = 1000000 (custom)
2023-01-31 11:34:20,262 [pool-181-thread-1] INFO  server.RaftServerConfigKeys (ConfUtils.java:logGet(46)) - raft.server.log.appender.buffer.byte-limit = 33554432 (custom)
2023-01-31 11:34:20,262 [pool-181-thread-1] INFO  server.RaftServerConfigKeys (ConfUtils.java:logGet(46)) - raft.server.log.statemachine.data.read.timeout = 1000ms (default)
2023-01-31 11:34:20,262 [pool-181-thread-1] INFO  server.RaftServerConfigKeys (ConfUtils.java:logGet(46)) - raft.server.log.purge.preservation.log.num = 0 (default)
2023-01-31 11:34:20,262 [pool-181-thread-1] INFO  server.RaftServerConfigKeys (ConfUtils.java:logGet(46)) - raft.server.log.segment.size.max = 1048576 (custom)
2023-01-31 11:34:20,262 [pool-181-thread-1] INFO  server.RaftServerConfigKeys (ConfUtils.java:logGet(46)) - raft.server.log.segment.cache.num.max = 2 (custom)
2023-01-31 11:34:20,263 [pool-181-thread-1] INFO  server.RaftServerConfigKeys (ConfUtils.java:logGet(46)) - raft.server.log.segment.cache.size.max = 200MB (=209715200) (default)
2023-01-31 11:34:20,263 [pool-181-thread-1] INFO  segmented.SegmentedRaftLogWorker (SegmentedRaftLogWorker.java:<init>(189)) - new 9e99b025-1169-4fb3-85c4-dfafc24d087e@group-B5678FC09D44-SegmentedRaftLogWorker for RaftStorageImpl:Storage Directory /home/runner/work/ozone/ozone/hadoop-ozone/integration-test/target/test-dir/MiniOzoneClusterImpl-e7442b91-30ca-4883-b9fa-57f4a6ec4b9c/datanode-5/data/ratis/61bb957a-d27f-48a1-ae32-b5678fc09d44
2023-01-31 11:34:20,263 [pool-181-thread-1] INFO  server.RaftServerConfigKeys (ConfUtils.java:logGet(46)) - raft.server.log.queue.byte-limit = 4294967296 (custom)
2023-01-31 11:34:20,263 [pool-181-thread-1] INFO  server.RaftServerConfigKeys (ConfUtils.java:logGet(46)) - raft.server.log.queue.element-limit = 1024 (custom)
2023-01-31 11:34:20,263 [pool-181-thread-1] INFO  server.RaftServerConfigKeys (ConfUtils.java:logGet(46)) - raft.server.log.segment.size.max = 1048576 (custom)
2023-01-31 11:34:20,263 [pool-181-thread-1] INFO  server.RaftServerConfigKeys (ConfUtils.java:logGet(46)) - raft.server.log.preallocated.size = 16384 (custom)
2023-01-31 11:34:20,263 [pool-181-thread-1] INFO  server.RaftServerConfigKeys (ConfUtils.java:logGet(46)) - raft.server.log.force.sync.num = 128 (default)
2023-01-31 11:34:20,263 [pool-181-thread-1] INFO  server.RaftServerConfigKeys (ConfUtils.java:logGet(46)) - raft.server.log.statemachine.data.sync = true (default)
2023-01-31 11:34:20,263 [pool-181-thread-1] INFO  server.RaftServerConfigKeys (ConfUtils.java:logGet(46)) - raft.server.log.statemachine.data.sync.timeout = 10s (default)
2023-01-31 11:34:20,263 [pool-181-thread-1] INFO  server.RaftServerConfigKeys (ConfUtils.java:logGet(46)) - raft.server.log.statemachine.data.sync.timeout.retry = -1 (default)
2023-01-31 11:34:20,264 [pool-181-thread-1] INFO  server.RaftServerConfigKeys (ConfUtils.java:logGet(46)) - raft.server.log.write.buffer.size = 1048576 (custom)
2023-01-31 11:34:20,264 [pool-181-thread-1] INFO  server.RaftServerConfigKeys (ConfUtils.java:logGet(46)) - raft.server.log.appender.buffer.byte-limit = 33554432 (custom)
2023-01-31 11:34:20,503 [JvmPauseMonitor6] WARN  util.JvmPauseMonitor (JvmPauseMonitor.java:detectPause(126)) - JvmPauseMonitor-9e99b025-1169-4fb3-85c4-dfafc24d087e: Detected pause in JVM or host machine (eg GC): pause of approximately 236764814ns.
GC pool 'PS MarkSweep' had collection(s): count=1 time=152ms
GC pool 'PS Scavenge' had collection(s): count=1 time=77ms
2023-01-31 11:34:20,508 [Command processor thread] INFO  server.RaftServer (RaftServerProxy.java:addNew(96)) - a389750c-4ae5-414b-81bd-9813f0be5621: addNew group-070932B0D39D:[a389750c-4ae5-414b-81bd-9813f0be5621|rpc:10.1.0.34:42291|dataStream:10.1.0.34:41111|priority:1|startupRole:FOLLOWER] returns group-070932B0D39D:java.util.concurrent.CompletableFuture@50e48c51[Not completed]
2023-01-31 11:34:20,509 [pool-159-thread-1] INFO  server.RaftServer$Division (RaftServerImpl.java:<init>(195)) - a389750c-4ae5-414b-81bd-9813f0be5621: new RaftServerImpl for group-070932B0D39D:[a389750c-4ae5-414b-81bd-9813f0be5621|rpc:10.1.0.34:42291|dataStream:10.1.0.34:41111|priority:1|startupRole:FOLLOWER] with ContainerStateMachine:uninitialized
2023-01-31 11:34:20,509 [pool-159-thread-1] INFO  server.RaftServerConfigKeys (ConfUtils.java:logGet(46)) - raft.server.rpc.timeout.min = 5s (custom)
2023-01-31 11:34:20,509 [pool-159-thread-1] INFO  server.RaftServerConfigKeys (ConfUtils.java:logGet(46)) - raft.server.rpc.timeout.max = 5200ms (custom)
2023-01-31 11:34:20,509 [pool-159-thread-1] INFO  server.RaftServerConfigKeys (ConfUtils.java:logGet(46)) - raft.server.rpc.sleep.time = 25ms (default)
2023-01-31 11:34:20,509 [pool-159-thread-1] INFO  server.RaftServerConfigKeys (ConfUtils.java:logGet(46)) - raft.server.rpc.slowness.timeout = 300s (custom)
2023-01-31 11:34:20,509 [pool-159-thread-1] INFO  server.RaftServerConfigKeys (ConfUtils.java:logGet(46)) - raft.server.leaderelection.leader.step-down.wait-time = 10s (default)
2023-01-31 11:34:20,509 [pool-159-thread-1] INFO  server.RaftServerConfigKeys (ConfUtils.java:logGet(46)) - raft.server.sleep.deviation.threshold = 300ms (default)
2023-01-31 11:34:20,509 [pool-159-thread-1] INFO  server.RaftServer$Division (ServerState.java:<init>(118)) - a389750c-4ae5-414b-81bd-9813f0be5621@group-070932B0D39D: ConfigurationManager, init=-1: peers:[a389750c-4ae5-414b-81bd-9813f0be5621|rpc:10.1.0.34:42291|dataStream:10.1.0.34:41111|priority:1|startupRole:FOLLOWER]|listeners:[], old=null, confs=<EMPTY_MAP>
2023-01-31 11:34:20,510 [pool-159-thread-1] INFO  server.RaftServerConfigKeys (ConfUtils.java:logGet(46)) - raft.server.storage.dir = [/home/runner/work/ozone/ozone/hadoop-ozone/integration-test/target/test-dir/MiniOzoneClusterImpl-e7442b91-30ca-4883-b9fa-57f4a6ec4b9c/datanode-4/data/ratis] (custom)
2023-01-31 11:34:20,510 [pool-159-thread-1] INFO  server.RaftServerConfigKeys (ConfUtils.java:logGet(46)) - raft.server.log.corruption.policy = EXCEPTION (default)
2023-01-31 11:34:20,510 [pool-159-thread-1] INFO  server.RaftServerConfigKeys (ConfUtils.java:logGet(46)) - raft.server.storage.free-space.min = 0MB (=0) (default)
2023-01-31 11:34:20,510 [pool-159-thread-1] INFO  server.RaftServerConfigKeys (ConfUtils.java:logGet(46)) - raft.server.notification.no-leader.timeout = 300s (custom)
2023-01-31 11:34:20,510 [pool-159-thread-1] INFO  server.RaftServerConfigKeys (ConfUtils.java:logGet(46)) - raft.server.retrycache.expirytime = 600000ms (custom)
2023-01-31 11:34:20,510 [pool-159-thread-1] INFO  server.RaftServerConfigKeys (ConfUtils.java:logGet(46)) - raft.server.retrycache.statistics.expirytime = 100μs (default)
2023-01-31 11:34:20,511 [pool-159-thread-1] INFO  server.RaftServerConfigKeys (ConfUtils.java:logGet(46)) - raft.server.log.appender.install.snapshot.enabled = false (custom)
2023-01-31 11:34:20,511 [pool-159-thread-1] INFO  server.RaftServerConfigKeys (ConfUtils.java:logGet(46)) - raft.server.threadpool.server.cached = true (default)
2023-01-31 11:34:20,511 [pool-159-thread-1] INFO  server.RaftServerConfigKeys (ConfUtils.java:logGet(46)) - raft.server.threadpool.server.size = 0 (default)
2023-01-31 11:34:20,511 [pool-159-thread-1] INFO  server.RaftServerConfigKeys (ConfUtils.java:logGet(46)) - raft.server.threadpool.client.cached = true (default)
2023-01-31 11:34:20,511 [pool-159-thread-1] INFO  server.RaftServerConfigKeys (ConfUtils.java:logGet(46)) - raft.server.threadpool.client.size = 0 (default)
2023-01-31 11:34:20,511 [pool-159-thread-1] INFO  storage.RaftStorageDirectory (RaftStorageDirectoryImpl.java:analyzeStorage(137)) - The storage directory /home/runner/work/ozone/ozone/hadoop-ozone/integration-test/target/test-dir/MiniOzoneClusterImpl-e7442b91-30ca-4883-b9fa-57f4a6ec4b9c/datanode-4/data/ratis/5fe58cdf-1b2c-4e56-9c34-070932b0d39d does not exist. Creating ...
2023-01-31 11:34:20,511 [pool-181-thread-1] INFO  server.RaftServerConfigKeys (ConfUtils.java:logGet(46)) - raft.server.log.unsafe-flush.enabled = false (default)
2023-01-31 11:34:20,512 [pool-181-thread-1] INFO  server.RaftServerConfigKeys (ConfUtils.java:logGet(46)) - raft.server.log.async-flush.enabled = false (default)
2023-01-31 11:34:20,512 [pool-159-thread-1] INFO  storage.RaftStorageDirectory (RaftStorageDirectoryImpl.java:tryLock(231)) - Lock on /home/runner/work/ozone/ozone/hadoop-ozone/integration-test/target/test-dir/MiniOzoneClusterImpl-e7442b91-30ca-4883-b9fa-57f4a6ec4b9c/datanode-4/data/ratis/5fe58cdf-1b2c-4e56-9c34-070932b0d39d/in_use.lock acquired by nodename 34275@fv-az47-440
2023-01-31 11:34:20,513 [pool-181-thread-1] INFO  server.RaftServerConfigKeys (ConfUtils.java:logGet(46)) - raft.server.log.statemachine.data.caching.enabled = true (custom)
2023-01-31 11:34:20,515 [pool-181-thread-1] INFO  segmented.SegmentedRaftLogWorker (SegmentedRaftLogWorker.java:lambda$new$0(135)) - 9e99b025-1169-4fb3-85c4-dfafc24d087e@group-B5678FC09D44-SegmentedRaftLogWorker: flushIndex: setUnconditionally 0 -> -1
2023-01-31 11:34:20,516 [pool-181-thread-1] INFO  segmented.SegmentedRaftLogWorker (SegmentedRaftLogWorker.java:lambda$new$0(135)) - 9e99b025-1169-4fb3-85c4-dfafc24d087e@group-B5678FC09D44-SegmentedRaftLogWorker: safeCacheEvictIndex: setUnconditionally 0 -> -1
2023-01-31 11:34:20,516 [pool-181-thread-1] INFO  server.RaftServer$Division (RaftServerImpl.java:start(334)) - 9e99b025-1169-4fb3-85c4-dfafc24d087e@group-B5678FC09D44: start as a follower, conf=-1: peers:[9e99b025-1169-4fb3-85c4-dfafc24d087e|rpc:10.1.0.34:37463|dataStream:10.1.0.34:35193|priority:0|startupRole:FOLLOWER, a389750c-4ae5-414b-81bd-9813f0be5621|rpc:10.1.0.34:42291|dataStream:10.1.0.34:41111|priority:1|startupRole:FOLLOWER, 380eaaea-a69e-4882-97a4-89f32b49ac35|rpc:10.1.0.34:38507|dataStream:10.1.0.34:43249|priority:0|startupRole:FOLLOWER]|listeners:[], old=null
2023-01-31 11:34:20,516 [pool-181-thread-1] INFO  server.RaftServer$Division (RaftServerImpl.java:setRole(321)) - 9e99b025-1169-4fb3-85c4-dfafc24d087e@group-B5678FC09D44: changes role from      null to FOLLOWER at term 0 for startAsFollower
2023-01-31 11:34:20,516 [pool-181-thread-1] INFO  impl.RoleInfo (RoleInfo.java:updateAndGet(139)) - 9e99b025-1169-4fb3-85c4-dfafc24d087e: start 9e99b025-1169-4fb3-85c4-dfafc24d087e@group-B5678FC09D44-FollowerState
2023-01-31 11:34:20,517 [pool-181-thread-1] INFO  util.JmxRegister (JmxRegister.java:tryRegister(44)) - Successfully registered JMX Bean with object name Ratis:service=RaftServer,group=group-B5678FC09D44,id=9e99b025-1169-4fb3-85c4-dfafc24d087e
2023-01-31 11:34:20,517 [pool-181-thread-1] INFO  server.RaftServerConfigKeys (ConfUtils.java:logGet(46)) - raft.server.snapshot.auto.trigger.enabled = true (custom)
2023-01-31 11:34:20,517 [pool-181-thread-1] INFO  server.RaftServerConfigKeys (ConfUtils.java:logGet(46)) - raft.server.snapshot.auto.trigger.threshold = 10000 (custom)
2023-01-31 11:34:20,517 [pool-181-thread-1] INFO  server.RaftServerConfigKeys (ConfUtils.java:logGet(46)) - raft.server.snapshot.retention.file.num = 5 (custom)
2023-01-31 11:34:20,517 [pool-181-thread-1] INFO  server.RaftServerConfigKeys (ConfUtils.java:logGet(46)) - raft.server.log.purge.upto.snapshot.index = false (default)
2023-01-31 11:34:20,517 [pool-159-thread-1] INFO  storage.RaftStorage (RaftStorageImpl.java:format(96)) - Storage directory /home/runner/work/ozone/ozone/hadoop-ozone/integration-test/target/test-dir/MiniOzoneClusterImpl-e7442b91-30ca-4883-b9fa-57f4a6ec4b9c/datanode-4/data/ratis/5fe58cdf-1b2c-4e56-9c34-070932b0d39d has been successfully formatted.
2023-01-31 11:34:20,517 [9e99b025-1169-4fb3-85c4-dfafc24d087e@group-B5678FC09D44-FollowerState] INFO  server.RaftServerConfigKeys (ConfUtils.java:logFallback(53)) - raft.server.rpc.first-election.timeout.min = 5s (fallback to raft.server.rpc.timeout.min)
2023-01-31 11:34:20,520 [9e99b025-1169-4fb3-85c4-dfafc24d087e@group-B5678FC09D44-FollowerState] INFO  server.RaftServerConfigKeys (ConfUtils.java:logFallback(53)) - raft.server.rpc.first-election.timeout.max = 5200ms (fallback to raft.server.rpc.timeout.max)
2023-01-31 11:34:20,521 [pool-159-thread-1] INFO  ratis.ContainerStateMachine (ContainerStateMachine.java:loadSnapshot(240)) - group-070932B0D39D: The snapshot info is null. Setting the last applied indexto:(t:0, i:~)
2023-01-31 11:34:20,521 [pool-159-thread-1] INFO  server.RaftServerConfigKeys (ConfUtils.java:logGet(46)) - raft.server.log.use.memory = false (default)
2023-01-31 11:34:20,521 [pool-159-thread-1] INFO  server.RaftServerConfigKeys (ConfUtils.java:logGet(46)) - raft.server.log.purge.gap = 1000000 (custom)
2023-01-31 11:34:20,521 [pool-159-thread-1] INFO  server.RaftServerConfigKeys (ConfUtils.java:logGet(46)) - raft.server.log.appender.buffer.byte-limit = 33554432 (custom)
2023-01-31 11:34:20,521 [pool-159-thread-1] INFO  server.RaftServerConfigKeys (ConfUtils.java:logGet(46)) - raft.server.log.statemachine.data.read.timeout = 1000ms (default)
2023-01-31 11:34:20,521 [pool-159-thread-1] INFO  server.RaftServerConfigKeys (ConfUtils.java:logGet(46)) - raft.server.log.purge.preservation.log.num = 0 (default)
2023-01-31 11:34:20,521 [pool-159-thread-1] INFO  server.RaftServerConfigKeys (ConfUtils.java:logGet(46)) - raft.server.log.segment.size.max = 1048576 (custom)
2023-01-31 11:34:20,522 [pool-159-thread-1] INFO  server.RaftServerConfigKeys (ConfUtils.java:logGet(46)) - raft.server.log.segment.cache.num.max = 2 (custom)
2023-01-31 11:34:20,522 [pool-159-thread-1] INFO  server.RaftServerConfigKeys (ConfUtils.java:logGet(46)) - raft.server.log.segment.cache.size.max = 200MB (=209715200) (default)
2023-01-31 11:34:20,522 [pool-159-thread-1] INFO  segmented.SegmentedRaftLogWorker (SegmentedRaftLogWorker.java:<init>(189)) - new a389750c-4ae5-414b-81bd-9813f0be5621@group-070932B0D39D-SegmentedRaftLogWorker for RaftStorageImpl:Storage Directory /home/runner/work/ozone/ozone/hadoop-ozone/integration-test/target/test-dir/MiniOzoneClusterImpl-e7442b91-30ca-4883-b9fa-57f4a6ec4b9c/datanode-4/data/ratis/5fe58cdf-1b2c-4e56-9c34-070932b0d39d
2023-01-31 11:34:20,522 [pool-159-thread-1] INFO  server.RaftServerConfigKeys (ConfUtils.java:logGet(46)) - raft.server.log.queue.byte-limit = 4294967296 (custom)
2023-01-31 11:34:20,522 [pool-159-thread-1] INFO  server.RaftServerConfigKeys (ConfUtils.java:logGet(46)) - raft.server.log.queue.element-limit = 1024 (custom)
2023-01-31 11:34:20,522 [pool-159-thread-1] INFO  server.RaftServerConfigKeys (ConfUtils.java:logGet(46)) - raft.server.log.segment.size.max = 1048576 (custom)
2023-01-31 11:34:20,522 [pool-159-thread-1] INFO  server.RaftServerConfigKeys (ConfUtils.java:logGet(46)) - raft.server.log.preallocated.size = 16384 (custom)
2023-01-31 11:34:20,522 [pool-159-thread-1] INFO  server.RaftServerConfigKeys (ConfUtils.java:logGet(46)) - raft.server.log.force.sync.num = 128 (default)
2023-01-31 11:34:20,522 [pool-159-thread-1] INFO  server.RaftServerConfigKeys (ConfUtils.java:logGet(46)) - raft.server.log.statemachine.data.sync = true (default)
2023-01-31 11:34:20,522 [pool-159-thread-1] INFO  server.RaftServerConfigKeys (ConfUtils.java:logGet(46)) - raft.server.log.statemachine.data.sync.timeout = 10s (default)
2023-01-31 11:34:20,522 [pool-159-thread-1] INFO  server.RaftServerConfigKeys (ConfUtils.java:logGet(46)) - raft.server.log.statemachine.data.sync.timeout.retry = -1 (default)
2023-01-31 11:34:20,523 [pool-159-thread-1] INFO  server.RaftServerConfigKeys (ConfUtils.java:logGet(46)) - raft.server.log.write.buffer.size = 1048576 (custom)
2023-01-31 11:34:20,523 [pool-159-thread-1] INFO  server.RaftServerConfigKeys (ConfUtils.java:logGet(46)) - raft.server.log.appender.buffer.byte-limit = 33554432 (custom)
2023-01-31 11:34:20,524 [EventQueue-PipelineReportForPipelineReportHandler] INFO  pipeline.PipelineManagerImpl (PipelineManagerImpl.java:openPipeline(367)) - Pipeline Pipeline[ Id: 5fe58cdf-1b2c-4e56-9c34-070932b0d39d, Nodes: a389750c-4ae5-414b-81bd-9813f0be5621(fv-az47-440.mma5zatft5wupo5mzspaixdheh.bx.internal.cloudapp.net/10.1.0.34), ReplicationConfig: RATIS/ONE, State:ALLOCATED, leaderId:a389750c-4ae5-414b-81bd-9813f0be5621, CreationTimestamp2023-01-31T11:34:17.416Z[Etc/UTC]] moved to OPEN state
2023-01-31 11:34:20,525 [EventQueue-OpenPipelineForHealthyPipelineSafeModeRule] INFO  safemode.SCMSafeModeManager (HealthyPipelineSafeModeRule.java:process(137)) - SCM in safe mode. Healthy pipelines reported count is 0, required healthy pipeline reported count is 1
2023-01-31 11:34:20,533 [pool-159-thread-1] INFO  server.RaftServerConfigKeys (ConfUtils.java:logGet(46)) - raft.server.log.unsafe-flush.enabled = false (default)
2023-01-31 11:34:20,533 [pool-159-thread-1] INFO  server.RaftServerConfigKeys (ConfUtils.java:logGet(46)) - raft.server.log.async-flush.enabled = false (default)
2023-01-31 11:34:20,533 [pool-159-thread-1] INFO  server.RaftServerConfigKeys (ConfUtils.java:logGet(46)) - raft.server.log.statemachine.data.caching.enabled = true (custom)
2023-01-31 11:34:20,534 [pool-159-thread-1] INFO  segmented.SegmentedRaftLogWorker (SegmentedRaftLogWorker.java:lambda$new$0(135)) - a389750c-4ae5-414b-81bd-9813f0be5621@group-070932B0D39D-SegmentedRaftLogWorker: flushIndex: setUnconditionally 0 -> -1
2023-01-31 11:34:20,534 [pool-159-thread-1] INFO  segmented.SegmentedRaftLogWorker (SegmentedRaftLogWorker.java:lambda$new$0(135)) - a389750c-4ae5-414b-81bd-9813f0be5621@group-070932B0D39D-SegmentedRaftLogWorker: safeCacheEvictIndex: setUnconditionally 0 -> -1
2023-01-31 11:34:20,534 [pool-159-thread-1] INFO  server.RaftServer$Division (RaftServerImpl.java:start(334)) - a389750c-4ae5-414b-81bd-9813f0be5621@group-070932B0D39D: start as a follower, conf=-1: peers:[a389750c-4ae5-414b-81bd-9813f0be5621|rpc:10.1.0.34:42291|dataStream:10.1.0.34:41111|priority:1|startupRole:FOLLOWER]|listeners:[], old=null
2023-01-31 11:34:20,534 [pool-159-thread-1] INFO  server.RaftServer$Division (RaftServerImpl.java:setRole(321)) - a389750c-4ae5-414b-81bd-9813f0be5621@group-070932B0D39D: changes role from      null to FOLLOWER at term 0 for startAsFollower
2023-01-31 11:34:20,534 [pool-159-thread-1] INFO  impl.RoleInfo (RoleInfo.java:updateAndGet(139)) - a389750c-4ae5-414b-81bd-9813f0be5621: start a389750c-4ae5-414b-81bd-9813f0be5621@group-070932B0D39D-FollowerState
2023-01-31 11:34:20,534 [pool-159-thread-1] INFO  util.JmxRegister (JmxRegister.java:tryRegister(44)) - Successfully registered JMX Bean with object name Ratis:service=RaftServer,group=group-070932B0D39D,id=a389750c-4ae5-414b-81bd-9813f0be5621
2023-01-31 11:34:20,534 [pool-159-thread-1] INFO  server.RaftServerConfigKeys (ConfUtils.java:logGet(46)) - raft.server.snapshot.auto.trigger.enabled = true (custom)
2023-01-31 11:34:20,534 [pool-159-thread-1] INFO  server.RaftServerConfigKeys (ConfUtils.java:logGet(46)) - raft.server.snapshot.auto.trigger.threshold = 10000 (custom)
2023-01-31 11:34:20,534 [pool-159-thread-1] INFO  server.RaftServerConfigKeys (ConfUtils.java:logGet(46)) - raft.server.snapshot.retention.file.num = 5 (custom)
2023-01-31 11:34:20,535 [pool-159-thread-1] INFO  server.RaftServerConfigKeys (ConfUtils.java:logGet(46)) - raft.server.log.purge.upto.snapshot.index = false (default)
2023-01-31 11:34:20,535 [a389750c-4ae5-414b-81bd-9813f0be5621@group-070932B0D39D-FollowerState] INFO  server.RaftServerConfigKeys (ConfUtils.java:logFallback(53)) - raft.server.rpc.first-election.timeout.min = 5s (fallback to raft.server.rpc.timeout.min)
2023-01-31 11:34:20,535 [a389750c-4ae5-414b-81bd-9813f0be5621@group-070932B0D39D-FollowerState] INFO  server.RaftServerConfigKeys (ConfUtils.java:logFallback(53)) - raft.server.rpc.first-election.timeout.max = 5200ms (fallback to raft.server.rpc.timeout.max)
2023-01-31 11:34:20,539 [Command processor thread] INFO  ratis.XceiverServerRatis (XceiverServerRatis.java:addGroup(806)) - Created group PipelineID=5fe58cdf-1b2c-4e56-9c34-070932b0d39d
2023-01-31 11:34:20,539 [Command processor thread] INFO  commandhandler.CreatePipelineCommandHandler (CreatePipelineCommandHandler.java:handle(113)) - Created Pipeline RATIS ONE PipelineID=5fe58cdf-1b2c-4e56-9c34-070932b0d39d.
2023-01-31 11:34:20,539 [Command processor thread] INFO  server.RaftServer (RaftServerProxy.java:addNew(96)) - a389750c-4ae5-414b-81bd-9813f0be5621: addNew group-B5678FC09D44:[9e99b025-1169-4fb3-85c4-dfafc24d087e|rpc:10.1.0.34:37463|dataStream:10.1.0.34:35193|priority:0|startupRole:FOLLOWER, a389750c-4ae5-414b-81bd-9813f0be5621|rpc:10.1.0.34:42291|dataStream:10.1.0.34:41111|priority:1|startupRole:FOLLOWER, 380eaaea-a69e-4882-97a4-89f32b49ac35|rpc:10.1.0.34:38507|dataStream:10.1.0.34:43249|priority:0|startupRole:FOLLOWER] returns group-B5678FC09D44:java.util.concurrent.CompletableFuture@5e23783d[Not completed]
2023-01-31 11:34:20,540 [pool-159-thread-1] INFO  server.RaftServer$Division (RaftServerImpl.java:<init>(195)) - a389750c-4ae5-414b-81bd-9813f0be5621: new RaftServerImpl for group-B5678FC09D44:[9e99b025-1169-4fb3-85c4-dfafc24d087e|rpc:10.1.0.34:37463|dataStream:10.1.0.34:35193|priority:0|startupRole:FOLLOWER, a389750c-4ae5-414b-81bd-9813f0be5621|rpc:10.1.0.34:42291|dataStream:10.1.0.34:41111|priority:1|startupRole:FOLLOWER, 380eaaea-a69e-4882-97a4-89f32b49ac35|rpc:10.1.0.34:38507|dataStream:10.1.0.34:43249|priority:0|startupRole:FOLLOWER] with ContainerStateMachine:uninitialized
2023-01-31 11:34:20,540 [pool-159-thread-1] INFO  server.RaftServerConfigKeys (ConfUtils.java:logGet(46)) - raft.server.rpc.timeout.min = 5s (custom)
2023-01-31 11:34:20,541 [pool-159-thread-1] INFO  server.RaftServerConfigKeys (ConfUtils.java:logGet(46)) - raft.server.rpc.timeout.max = 5200ms (custom)
2023-01-31 11:34:20,541 [pool-159-thread-1] INFO  server.RaftServerConfigKeys (ConfUtils.java:logGet(46)) - raft.server.rpc.sleep.time = 25ms (default)
2023-01-31 11:34:20,541 [pool-159-thread-1] INFO  server.RaftServerConfigKeys (ConfUtils.java:logGet(46)) - raft.server.rpc.slowness.timeout = 300s (custom)
2023-01-31 11:34:20,541 [pool-159-thread-1] INFO  server.RaftServerConfigKeys (ConfUtils.java:logGet(46)) - raft.server.leaderelection.leader.step-down.wait-time = 10s (default)
2023-01-31 11:34:20,541 [pool-159-thread-1] INFO  server.RaftServerConfigKeys (ConfUtils.java:logGet(46)) - raft.server.sleep.deviation.threshold = 300ms (default)
2023-01-31 11:34:20,541 [pool-159-thread-1] INFO  server.RaftServer$Division (ServerState.java:<init>(118)) - a389750c-4ae5-414b-81bd-9813f0be5621@group-B5678FC09D44: ConfigurationManager, init=-1: peers:[9e99b025-1169-4fb3-85c4-dfafc24d087e|rpc:10.1.0.34:37463|dataStream:10.1.0.34:35193|priority:0|startupRole:FOLLOWER, a389750c-4ae5-414b-81bd-9813f0be5621|rpc:10.1.0.34:42291|dataStream:10.1.0.34:41111|priority:1|startupRole:FOLLOWER, 380eaaea-a69e-4882-97a4-89f32b49ac35|rpc:10.1.0.34:38507|dataStream:10.1.0.34:43249|priority:0|startupRole:FOLLOWER]|listeners:[], old=null, confs=<EMPTY_MAP>
2023-01-31 11:34:20,541 [pool-159-thread-1] INFO  server.RaftServerConfigKeys (ConfUtils.java:logGet(46)) - raft.server.storage.dir = [/home/runner/work/ozone/ozone/hadoop-ozone/integration-test/target/test-dir/MiniOzoneClusterImpl-e7442b91-30ca-4883-b9fa-57f4a6ec4b9c/datanode-4/data/ratis] (custom)
2023-01-31 11:34:20,541 [pool-159-thread-1] INFO  server.RaftServerConfigKeys (ConfUtils.java:logGet(46)) - raft.server.log.corruption.policy = EXCEPTION (default)
2023-01-31 11:34:20,541 [pool-159-thread-1] INFO  server.RaftServerConfigKeys (ConfUtils.java:logGet(46)) - raft.server.storage.free-space.min = 0MB (=0) (default)
2023-01-31 11:34:20,541 [pool-159-thread-1] INFO  server.RaftServerConfigKeys (ConfUtils.java:logGet(46)) - raft.server.notification.no-leader.timeout = 300s (custom)
2023-01-31 11:34:20,541 [pool-159-thread-1] INFO  server.RaftServerConfigKeys (ConfUtils.java:logGet(46)) - raft.server.retrycache.expirytime = 600000ms (custom)
2023-01-31 11:34:20,541 [pool-159-thread-1] INFO  server.RaftServerConfigKeys (ConfUtils.java:logGet(46)) - raft.server.retrycache.statistics.expirytime = 100μs (default)
2023-01-31 11:34:20,542 [pool-159-thread-1] INFO  server.RaftServerConfigKeys (ConfUtils.java:logGet(46)) - raft.server.log.appender.install.snapshot.enabled = false (custom)
2023-01-31 11:34:20,542 [pool-159-thread-1] INFO  server.RaftServerConfigKeys (ConfUtils.java:logGet(46)) - raft.server.threadpool.server.cached = true (default)
2023-01-31 11:34:20,542 [pool-159-thread-1] INFO  server.RaftServerConfigKeys (ConfUtils.java:logGet(46)) - raft.server.threadpool.server.size = 0 (default)
2023-01-31 11:34:20,542 [pool-159-thread-1] INFO  server.RaftServerConfigKeys (ConfUtils.java:logGet(46)) - raft.server.threadpool.client.cached = true (default)
2023-01-31 11:34:20,542 [pool-159-thread-1] INFO  server.RaftServerConfigKeys (ConfUtils.java:logGet(46)) - raft.server.threadpool.client.size = 0 (default)
2023-01-31 11:34:20,542 [pool-159-thread-1] INFO  storage.RaftStorageDirectory (RaftStorageDirectoryImpl.java:analyzeStorage(137)) - The storage directory /home/runner/work/ozone/ozone/hadoop-ozone/integration-test/target/test-dir/MiniOzoneClusterImpl-e7442b91-30ca-4883-b9fa-57f4a6ec4b9c/datanode-4/data/ratis/61bb957a-d27f-48a1-ae32-b5678fc09d44 does not exist. Creating ...
2023-01-31 11:34:20,543 [pool-159-thread-1] INFO  storage.RaftStorageDirectory (RaftStorageDirectoryImpl.java:tryLock(231)) - Lock on /home/runner/work/ozone/ozone/hadoop-ozone/integration-test/target/test-dir/MiniOzoneClusterImpl-e7442b91-30ca-4883-b9fa-57f4a6ec4b9c/datanode-4/data/ratis/61bb957a-d27f-48a1-ae32-b5678fc09d44/in_use.lock acquired by nodename 34275@fv-az47-440
2023-01-31 11:34:20,544 [pool-159-thread-1] INFO  storage.RaftStorage (RaftStorageImpl.java:format(96)) - Storage directory /home/runner/work/ozone/ozone/hadoop-ozone/integration-test/target/test-dir/MiniOzoneClusterImpl-e7442b91-30ca-4883-b9fa-57f4a6ec4b9c/datanode-4/data/ratis/61bb957a-d27f-48a1-ae32-b5678fc09d44 has been successfully formatted.
2023-01-31 11:34:20,545 [pool-159-thread-1] INFO  ratis.ContainerStateMachine (ContainerStateMachine.java:loadSnapshot(240)) - group-B5678FC09D44: The snapshot info is null. Setting the last applied indexto:(t:0, i:~)
2023-01-31 11:34:20,545 [pool-159-thread-1] INFO  server.RaftServerConfigKeys (ConfUtils.java:logGet(46)) - raft.server.log.use.memory = false (default)
2023-01-31 11:34:20,546 [EventQueue-OpenPipelineForHealthyPipelineSafeModeRule] INFO  safemode.SCMSafeModeManager (HealthyPipelineSafeModeRule.java:process(137)) - SCM in safe mode. Healthy pipelines reported count is 0, required healthy pipeline reported count is 1
2023-01-31 11:34:20,546 [pool-159-thread-1] INFO  server.RaftServerConfigKeys (ConfUtils.java:logGet(46)) - raft.server.log.purge.gap = 1000000 (custom)
2023-01-31 11:34:20,547 [pool-159-thread-1] INFO  server.RaftServerConfigKeys (ConfUtils.java:logGet(46)) - raft.server.log.appender.buffer.byte-limit = 33554432 (custom)
2023-01-31 11:34:20,547 [pool-159-thread-1] INFO  server.RaftServerConfigKeys (ConfUtils.java:logGet(46)) - raft.server.log.statemachine.data.read.timeout = 1000ms (default)
2023-01-31 11:34:20,547 [pool-159-thread-1] INFO  server.RaftServerConfigKeys (ConfUtils.java:logGet(46)) - raft.server.log.purge.preservation.log.num = 0 (default)
2023-01-31 11:34:20,548 [pool-159-thread-1] INFO  server.RaftServerConfigKeys (ConfUtils.java:logGet(46)) - raft.server.log.segment.size.max = 1048576 (custom)
2023-01-31 11:34:20,548 [pool-159-thread-1] INFO  server.RaftServerConfigKeys (ConfUtils.java:logGet(46)) - raft.server.log.segment.cache.num.max = 2 (custom)
2023-01-31 11:34:20,548 [pool-159-thread-1] INFO  server.RaftServerConfigKeys (ConfUtils.java:logGet(46)) - raft.server.log.segment.cache.size.max = 200MB (=209715200) (default)
2023-01-31 11:34:20,548 [pool-159-thread-1] INFO  segmented.SegmentedRaftLogWorker (SegmentedRaftLogWorker.java:<init>(189)) - new a389750c-4ae5-414b-81bd-9813f0be5621@group-B5678FC09D44-SegmentedRaftLogWorker for RaftStorageImpl:Storage Directory /home/runner/work/ozone/ozone/hadoop-ozone/integration-test/target/test-dir/MiniOzoneClusterImpl-e7442b91-30ca-4883-b9fa-57f4a6ec4b9c/datanode-4/data/ratis/61bb957a-d27f-48a1-ae32-b5678fc09d44
2023-01-31 11:34:20,548 [pool-159-thread-1] INFO  server.RaftServerConfigKeys (ConfUtils.java:logGet(46)) - raft.server.log.queue.byte-limit = 4294967296 (custom)
2023-01-31 11:34:20,548 [pool-159-thread-1] INFO  server.RaftServerConfigKeys (ConfUtils.java:logGet(46)) - raft.server.log.queue.element-limit = 1024 (custom)
2023-01-31 11:34:20,548 [pool-159-thread-1] INFO  server.RaftServerConfigKeys (ConfUtils.java:logGet(46)) - raft.server.log.segment.size.max = 1048576 (custom)
2023-01-31 11:34:20,548 [pool-159-thread-1] INFO  server.RaftServerConfigKeys (ConfUtils.java:logGet(46)) - raft.server.log.preallocated.size = 16384 (custom)
2023-01-31 11:34:20,548 [pool-159-thread-1] INFO  server.RaftServerConfigKeys (ConfUtils.java:logGet(46)) - raft.server.log.force.sync.num = 128 (default)
2023-01-31 11:34:20,548 [pool-159-thread-1] INFO  server.RaftServerConfigKeys (ConfUtils.java:logGet(46)) - raft.server.log.statemachine.data.sync = true (default)
2023-01-31 11:34:20,548 [pool-159-thread-1] INFO  server.RaftServerConfigKeys (ConfUtils.java:logGet(46)) - raft.server.log.statemachine.data.sync.timeout = 10s (default)
2023-01-31 11:34:20,548 [pool-159-thread-1] INFO  server.RaftServerConfigKeys (ConfUtils.java:logGet(46)) - raft.server.log.statemachine.data.sync.timeout.retry = -1 (default)
2023-01-31 11:34:20,549 [pool-159-thread-1] INFO  server.RaftServerConfigKeys (ConfUtils.java:logGet(46)) - raft.server.log.write.buffer.size = 1048576 (custom)
2023-01-31 11:34:20,549 [pool-159-thread-1] INFO  server.RaftServerConfigKeys (ConfUtils.java:logGet(46)) - raft.server.log.appender.buffer.byte-limit = 33554432 (custom)
2023-01-31 11:34:20,553 [pool-159-thread-1] INFO  server.RaftServerConfigKeys (ConfUtils.java:logGet(46)) - raft.server.log.unsafe-flush.enabled = false (default)
2023-01-31 11:34:20,556 [pool-159-thread-1] INFO  server.RaftServerConfigKeys (ConfUtils.java:logGet(46)) - raft.server.log.async-flush.enabled = false (default)
2023-01-31 11:34:20,557 [pool-159-thread-1] INFO  server.RaftServerConfigKeys (ConfUtils.java:logGet(46)) - raft.server.log.statemachine.data.caching.enabled = true (custom)
2023-01-31 11:34:20,557 [pool-159-thread-1] INFO  segmented.SegmentedRaftLogWorker (SegmentedRaftLogWorker.java:lambda$new$0(135)) - a389750c-4ae5-414b-81bd-9813f0be5621@group-B5678FC09D44-SegmentedRaftLogWorker: flushIndex: setUnconditionally 0 -> -1
2023-01-31 11:34:20,560 [pool-159-thread-1] INFO  segmented.SegmentedRaftLogWorker (SegmentedRaftLogWorker.java:lambda$new$0(135)) - a389750c-4ae5-414b-81bd-9813f0be5621@group-B5678FC09D44-SegmentedRaftLogWorker: safeCacheEvictIndex: setUnconditionally 0 -> -1
2023-01-31 11:34:20,560 [pool-159-thread-1] INFO  server.RaftServer$Division (RaftServerImpl.java:start(334)) - a389750c-4ae5-414b-81bd-9813f0be5621@group-B5678FC09D44: start as a follower, conf=-1: peers:[9e99b025-1169-4fb3-85c4-dfafc24d087e|rpc:10.1.0.34:37463|dataStream:10.1.0.34:35193|priority:0|startupRole:FOLLOWER, a389750c-4ae5-414b-81bd-9813f0be5621|rpc:10.1.0.34:42291|dataStream:10.1.0.34:41111|priority:1|startupRole:FOLLOWER, 380eaaea-a69e-4882-97a4-89f32b49ac35|rpc:10.1.0.34:38507|dataStream:10.1.0.34:43249|priority:0|startupRole:FOLLOWER]|listeners:[], old=null
2023-01-31 11:34:20,561 [pool-159-thread-1] INFO  server.RaftServer$Division (RaftServerImpl.java:setRole(321)) - a389750c-4ae5-414b-81bd-9813f0be5621@group-B5678FC09D44: changes role from      null to FOLLOWER at term 0 for startAsFollower
2023-01-31 11:34:20,561 [pool-159-thread-1] INFO  impl.RoleInfo (RoleInfo.java:updateAndGet(139)) - a389750c-4ae5-414b-81bd-9813f0be5621: start a389750c-4ae5-414b-81bd-9813f0be5621@group-B5678FC09D44-FollowerState
2023-01-31 11:34:20,561 [pool-159-thread-1] INFO  util.JmxRegister (JmxRegister.java:tryRegister(44)) - Successfully registered JMX Bean with object name Ratis:service=RaftServer,group=group-B5678FC09D44,id=a389750c-4ae5-414b-81bd-9813f0be5621
2023-01-31 11:34:20,561 [pool-159-thread-1] INFO  server.RaftServerConfigKeys (ConfUtils.java:logGet(46)) - raft.server.snapshot.auto.trigger.enabled = true (custom)
2023-01-31 11:34:20,561 [pool-159-thread-1] INFO  server.RaftServerConfigKeys (ConfUtils.java:logGet(46)) - raft.server.snapshot.auto.trigger.threshold = 10000 (custom)
2023-01-31 11:34:20,561 [pool-159-thread-1] INFO  server.RaftServerConfigKeys (ConfUtils.java:logGet(46)) - raft.server.snapshot.retention.file.num = 5 (custom)
2023-01-31 11:34:20,561 [pool-159-thread-1] INFO  server.RaftServerConfigKeys (ConfUtils.java:logGet(46)) - raft.server.log.purge.upto.snapshot.index = false (default)
2023-01-31 11:34:20,561 [a389750c-4ae5-414b-81bd-9813f0be5621@group-B5678FC09D44-FollowerState] INFO  server.RaftServerConfigKeys (ConfUtils.java:logFallback(53)) - raft.server.rpc.first-election.timeout.min = 5s (fallback to raft.server.rpc.timeout.min)
2023-01-31 11:34:20,571 [Command processor thread] INFO  ratis.XceiverServerRatis (XceiverServerRatis.java:addGroup(806)) - Created group PipelineID=61bb957a-d27f-48a1-ae32-b5678fc09d44
2023-01-31 11:34:20,575 [a389750c-4ae5-414b-81bd-9813f0be5621@group-B5678FC09D44-FollowerState] INFO  server.RaftServerConfigKeys (ConfUtils.java:logFallback(53)) - raft.server.rpc.first-election.timeout.max = 5200ms (fallback to raft.server.rpc.timeout.max)
2023-01-31 11:34:20,601 [Command processor thread] INFO  commandhandler.CreatePipelineCommandHandler (CreatePipelineCommandHandler.java:handle(113)) - Created Pipeline RATIS THREE PipelineID=61bb957a-d27f-48a1-ae32-b5678fc09d44.
2023-01-31 11:34:20,627 [Command processor thread] INFO  commandhandler.CreatePipelineCommandHandler (CreatePipelineCommandHandler.java:handle(113)) - Created Pipeline RATIS THREE PipelineID=61bb957a-d27f-48a1-ae32-b5678fc09d44.
2023-01-31 11:34:20,732 [Command processor thread] INFO  server.RaftServer (RaftServerProxy.java:addNew(96)) - 9e99b025-1169-4fb3-85c4-dfafc24d087e: addNew group-7E39110652D1:[9e99b025-1169-4fb3-85c4-dfafc24d087e|rpc:10.1.0.34:37463|dataStream:10.1.0.34:35193|priority:1|startupRole:FOLLOWER] returns group-7E39110652D1:java.util.concurrent.CompletableFuture@7c1c3cf6[Not completed]
2023-01-31 11:34:20,733 [pool-181-thread-1] INFO  server.RaftServer$Division (RaftServerImpl.java:<init>(195)) - 9e99b025-1169-4fb3-85c4-dfafc24d087e: new RaftServerImpl for group-7E39110652D1:[9e99b025-1169-4fb3-85c4-dfafc24d087e|rpc:10.1.0.34:37463|dataStream:10.1.0.34:35193|priority:1|startupRole:FOLLOWER] with ContainerStateMachine:uninitialized
2023-01-31 11:34:20,733 [pool-181-thread-1] INFO  server.RaftServerConfigKeys (ConfUtils.java:logGet(46)) - raft.server.rpc.timeout.min = 5s (custom)
2023-01-31 11:34:20,733 [pool-181-thread-1] INFO  server.RaftServerConfigKeys (ConfUtils.java:logGet(46)) - raft.server.rpc.timeout.max = 5200ms (custom)
2023-01-31 11:34:20,733 [pool-181-thread-1] INFO  server.RaftServerConfigKeys (ConfUtils.java:logGet(46)) - raft.server.rpc.sleep.time = 25ms (default)
2023-01-31 11:34:20,733 [pool-181-thread-1] INFO  server.RaftServerConfigKeys (ConfUtils.java:logGet(46)) - raft.server.rpc.slowness.timeout = 300s (custom)
2023-01-31 11:34:20,734 [pool-181-thread-1] INFO  server.RaftServerConfigKeys (ConfUtils.java:logGet(46)) - raft.server.leaderelection.leader.step-down.wait-time = 10s (default)
2023-01-31 11:34:20,734 [pool-181-thread-1] INFO  server.RaftServerConfigKeys (ConfUtils.java:logGet(46)) - raft.server.sleep.deviation.threshold = 300ms (default)
2023-01-31 11:34:20,734 [pool-181-thread-1] INFO  server.RaftServer$Division (ServerState.java:<init>(118)) - 9e99b025-1169-4fb3-85c4-dfafc24d087e@group-7E39110652D1: ConfigurationManager, init=-1: peers:[9e99b025-1169-4fb3-85c4-dfafc24d087e|rpc:10.1.0.34:37463|dataStream:10.1.0.34:35193|priority:1|startupRole:FOLLOWER]|listeners:[], old=null, confs=<EMPTY_MAP>
2023-01-31 11:34:20,734 [pool-181-thread-1] INFO  server.RaftServerConfigKeys (ConfUtils.java:logGet(46)) - raft.server.storage.dir = [/home/runner/work/ozone/ozone/hadoop-ozone/integration-test/target/test-dir/MiniOzoneClusterImpl-e7442b91-30ca-4883-b9fa-57f4a6ec4b9c/datanode-5/data/ratis] (custom)
2023-01-31 11:34:20,734 [pool-181-thread-1] INFO  server.RaftServerConfigKeys (ConfUtils.java:logGet(46)) - raft.server.log.corruption.policy = EXCEPTION (default)
2023-01-31 11:34:20,734 [pool-181-thread-1] INFO  server.RaftServerConfigKeys (ConfUtils.java:logGet(46)) - raft.server.storage.free-space.min = 0MB (=0) (default)
2023-01-31 11:34:20,734 [pool-181-thread-1] INFO  server.RaftServerConfigKeys (ConfUtils.java:logGet(46)) - raft.server.notification.no-leader.timeout = 300s (custom)
2023-01-31 11:34:20,734 [pool-181-thread-1] INFO  server.RaftServerConfigKeys (ConfUtils.java:logGet(46)) - raft.server.retrycache.expirytime = 600000ms (custom)
2023-01-31 11:34:20,734 [pool-181-thread-1] INFO  server.RaftServerConfigKeys (ConfUtils.java:logGet(46)) - raft.server.retrycache.statistics.expirytime = 100μs (default)
2023-01-31 11:34:20,735 [pool-181-thread-1] INFO  server.RaftServerConfigKeys (ConfUtils.java:logGet(46)) - raft.server.log.appender.install.snapshot.enabled = false (custom)
2023-01-31 11:34:20,735 [pool-181-thread-1] INFO  server.RaftServerConfigKeys (ConfUtils.java:logGet(46)) - raft.server.threadpool.server.cached = true (default)
2023-01-31 11:34:20,735 [pool-181-thread-1] INFO  server.RaftServerConfigKeys (ConfUtils.java:logGet(46)) - raft.server.threadpool.server.size = 0 (default)
2023-01-31 11:34:20,735 [pool-181-thread-1] INFO  server.RaftServerConfigKeys (ConfUtils.java:logGet(46)) - raft.server.threadpool.client.cached = true (default)
2023-01-31 11:34:20,735 [pool-181-thread-1] INFO  server.RaftServerConfigKeys (ConfUtils.java:logGet(46)) - raft.server.threadpool.client.size = 0 (default)
2023-01-31 11:34:20,735 [pool-181-thread-1] INFO  storage.RaftStorageDirectory (RaftStorageDirectoryImpl.java:analyzeStorage(137)) - The storage directory /home/runner/work/ozone/ozone/hadoop-ozone/integration-test/target/test-dir/MiniOzoneClusterImpl-e7442b91-30ca-4883-b9fa-57f4a6ec4b9c/datanode-5/data/ratis/bddcac43-05f7-4c8b-a195-7e39110652d1 does not exist. Creating ...
2023-01-31 11:34:20,736 [pool-181-thread-1] INFO  storage.RaftStorageDirectory (RaftStorageDirectoryImpl.java:tryLock(231)) - Lock on /home/runner/work/ozone/ozone/hadoop-ozone/integration-test/target/test-dir/MiniOzoneClusterImpl-e7442b91-30ca-4883-b9fa-57f4a6ec4b9c/datanode-5/data/ratis/bddcac43-05f7-4c8b-a195-7e39110652d1/in_use.lock acquired by nodename 34275@fv-az47-440
2023-01-31 11:34:20,737 [pool-181-thread-1] INFO  storage.RaftStorage (RaftStorageImpl.java:format(96)) - Storage directory /home/runner/work/ozone/ozone/hadoop-ozone/integration-test/target/test-dir/MiniOzoneClusterImpl-e7442b91-30ca-4883-b9fa-57f4a6ec4b9c/datanode-5/data/ratis/bddcac43-05f7-4c8b-a195-7e39110652d1 has been successfully formatted.
2023-01-31 11:34:20,737 [pool-181-thread-1] INFO  ratis.ContainerStateMachine (ContainerStateMachine.java:loadSnapshot(240)) - group-7E39110652D1: The snapshot info is null. Setting the last applied indexto:(t:0, i:~)
2023-01-31 11:34:20,737 [pool-181-thread-1] INFO  server.RaftServerConfigKeys (ConfUtils.java:logGet(46)) - raft.server.log.use.memory = false (default)
2023-01-31 11:34:20,737 [pool-181-thread-1] INFO  server.RaftServerConfigKeys (ConfUtils.java:logGet(46)) - raft.server.log.purge.gap = 1000000 (custom)
2023-01-31 11:34:20,738 [pool-181-thread-1] INFO  server.RaftServerConfigKeys (ConfUtils.java:logGet(46)) - raft.server.log.appender.buffer.byte-limit = 33554432 (custom)
2023-01-31 11:34:20,738 [pool-181-thread-1] INFO  server.RaftServerConfigKeys (ConfUtils.java:logGet(46)) - raft.server.log.statemachine.data.read.timeout = 1000ms (default)
2023-01-31 11:34:20,738 [pool-181-thread-1] INFO  server.RaftServerConfigKeys (ConfUtils.java:logGet(46)) - raft.server.log.purge.preservation.log.num = 0 (default)
2023-01-31 11:34:20,738 [pool-181-thread-1] INFO  server.RaftServerConfigKeys (ConfUtils.java:logGet(46)) - raft.server.log.segment.size.max = 1048576 (custom)
2023-01-31 11:34:20,738 [pool-181-thread-1] INFO  server.RaftServerConfigKeys (ConfUtils.java:logGet(46)) - raft.server.log.segment.cache.num.max = 2 (custom)
2023-01-31 11:34:20,738 [pool-181-thread-1] INFO  server.RaftServerConfigKeys (ConfUtils.java:logGet(46)) - raft.server.log.segment.cache.size.max = 200MB (=209715200) (default)
2023-01-31 11:34:20,738 [pool-181-thread-1] INFO  segmented.SegmentedRaftLogWorker (SegmentedRaftLogWorker.java:<init>(189)) - new 9e99b025-1169-4fb3-85c4-dfafc24d087e@group-7E39110652D1-SegmentedRaftLogWorker for RaftStorageImpl:Storage Directory /home/runner/work/ozone/ozone/hadoop-ozone/integration-test/target/test-dir/MiniOzoneClusterImpl-e7442b91-30ca-4883-b9fa-57f4a6ec4b9c/datanode-5/data/ratis/bddcac43-05f7-4c8b-a195-7e39110652d1
2023-01-31 11:34:20,738 [pool-181-thread-1] INFO  server.RaftServerConfigKeys (ConfUtils.java:logGet(46)) - raft.server.log.queue.byte-limit = 4294967296 (custom)
2023-01-31 11:34:20,738 [pool-181-thread-1] INFO  server.RaftServerConfigKeys (ConfUtils.java:logGet(46)) - raft.server.log.queue.element-limit = 1024 (custom)
2023-01-31 11:34:20,738 [pool-181-thread-1] INFO  server.RaftServerConfigKeys (ConfUtils.java:logGet(46)) - raft.server.log.segment.size.max = 1048576 (custom)
2023-01-31 11:34:20,738 [pool-181-thread-1] INFO  server.RaftServerConfigKeys (ConfUtils.java:logGet(46)) - raft.server.log.preallocated.size = 16384 (custom)
2023-01-31 11:34:20,738 [pool-181-thread-1] INFO  server.RaftServerConfigKeys (ConfUtils.java:logGet(46)) - raft.server.log.force.sync.num = 128 (default)
2023-01-31 11:34:20,739 [pool-181-thread-1] INFO  server.RaftServerConfigKeys (ConfUtils.java:logGet(46)) - raft.server.log.statemachine.data.sync = true (default)
2023-01-31 11:34:20,739 [pool-181-thread-1] INFO  server.RaftServerConfigKeys (ConfUtils.java:logGet(46)) - raft.server.log.statemachine.data.sync.timeout = 10s (default)
2023-01-31 11:34:20,739 [pool-181-thread-1] INFO  server.RaftServerConfigKeys (ConfUtils.java:logGet(46)) - raft.server.log.statemachine.data.sync.timeout.retry = -1 (default)
2023-01-31 11:34:20,739 [EventQueue-PipelineReportForPipelineReportHandler] INFO  pipeline.PipelineManagerImpl (PipelineManagerImpl.java:openPipeline(367)) - Pipeline Pipeline[ Id: bddcac43-05f7-4c8b-a195-7e39110652d1, Nodes: 9e99b025-1169-4fb3-85c4-dfafc24d087e(fv-az47-440.mma5zatft5wupo5mzspaixdheh.bx.internal.cloudapp.net/10.1.0.34), ReplicationConfig: RATIS/ONE, State:ALLOCATED, leaderId:9e99b025-1169-4fb3-85c4-dfafc24d087e, CreationTimestamp2023-01-31T11:34:17.736Z[Etc/UTC]] moved to OPEN state
2023-01-31 11:34:20,739 [pool-181-thread-1] INFO  server.RaftServerConfigKeys (ConfUtils.java:logGet(46)) - raft.server.log.write.buffer.size = 1048576 (custom)
2023-01-31 11:34:20,740 [EventQueue-OpenPipelineForHealthyPipelineSafeModeRule] INFO  safemode.SCMSafeModeManager (HealthyPipelineSafeModeRule.java:process(137)) - SCM in safe mode. Healthy pipelines reported count is 0, required healthy pipeline reported count is 1
2023-01-31 11:34:20,740 [pool-181-thread-1] INFO  server.RaftServerConfigKeys (ConfUtils.java:logGet(46)) - raft.server.log.appender.buffer.byte-limit = 33554432 (custom)
2023-01-31 11:34:20,743 [pool-181-thread-1] INFO  server.RaftServerConfigKeys (ConfUtils.java:logGet(46)) - raft.server.log.unsafe-flush.enabled = false (default)
2023-01-31 11:34:20,743 [pool-181-thread-1] INFO  server.RaftServerConfigKeys (ConfUtils.java:logGet(46)) - raft.server.log.async-flush.enabled = false (default)
2023-01-31 11:34:20,743 [pool-181-thread-1] INFO  server.RaftServerConfigKeys (ConfUtils.java:logGet(46)) - raft.server.log.statemachine.data.caching.enabled = true (custom)
2023-01-31 11:34:20,743 [pool-181-thread-1] INFO  segmented.SegmentedRaftLogWorker (SegmentedRaftLogWorker.java:lambda$new$0(135)) - 9e99b025-1169-4fb3-85c4-dfafc24d087e@group-7E39110652D1-SegmentedRaftLogWorker: flushIndex: setUnconditionally 0 -> -1
2023-01-31 11:34:20,743 [pool-181-thread-1] INFO  segmented.SegmentedRaftLogWorker (SegmentedRaftLogWorker.java:lambda$new$0(135)) - 9e99b025-1169-4fb3-85c4-dfafc24d087e@group-7E39110652D1-SegmentedRaftLogWorker: safeCacheEvictIndex: setUnconditionally 0 -> -1
2023-01-31 11:34:20,745 [pool-181-thread-1] INFO  server.RaftServer$Division (RaftServerImpl.java:start(334)) - 9e99b025-1169-4fb3-85c4-dfafc24d087e@group-7E39110652D1: start as a follower, conf=-1: peers:[9e99b025-1169-4fb3-85c4-dfafc24d087e|rpc:10.1.0.34:37463|dataStream:10.1.0.34:35193|priority:1|startupRole:FOLLOWER]|listeners:[], old=null
2023-01-31 11:34:20,745 [pool-181-thread-1] INFO  server.RaftServer$Division (RaftServerImpl.java:setRole(321)) - 9e99b025-1169-4fb3-85c4-dfafc24d087e@group-7E39110652D1: changes role from      null to FOLLOWER at term 0 for startAsFollower
2023-01-31 11:34:20,745 [pool-181-thread-1] INFO  impl.RoleInfo (RoleInfo.java:updateAndGet(139)) - 9e99b025-1169-4fb3-85c4-dfafc24d087e: start 9e99b025-1169-4fb3-85c4-dfafc24d087e@group-7E39110652D1-FollowerState
2023-01-31 11:34:20,745 [pool-181-thread-1] INFO  util.JmxRegister (JmxRegister.java:tryRegister(44)) - Successfully registered JMX Bean with object name Ratis:service=RaftServer,group=group-7E39110652D1,id=9e99b025-1169-4fb3-85c4-dfafc24d087e
2023-01-31 11:34:20,745 [9e99b025-1169-4fb3-85c4-dfafc24d087e@group-7E39110652D1-FollowerState] INFO  server.RaftServerConfigKeys (ConfUtils.java:logFallback(53)) - raft.server.rpc.first-election.timeout.min = 5s (fallback to raft.server.rpc.timeout.min)
2023-01-31 11:34:20,745 [pool-181-thread-1] INFO  server.RaftServerConfigKeys (ConfUtils.java:logGet(46)) - raft.server.snapshot.auto.trigger.enabled = true (custom)
2023-01-31 11:34:20,745 [9e99b025-1169-4fb3-85c4-dfafc24d087e@group-7E39110652D1-FollowerState] INFO  server.RaftServerConfigKeys (ConfUtils.java:logFallback(53)) - raft.server.rpc.first-election.timeout.max = 5200ms (fallback to raft.server.rpc.timeout.max)
2023-01-31 11:34:20,745 [pool-181-thread-1] INFO  server.RaftServerConfigKeys (ConfUtils.java:logGet(46)) - raft.server.snapshot.auto.trigger.threshold = 10000 (custom)
2023-01-31 11:34:20,745 [pool-181-thread-1] INFO  server.RaftServerConfigKeys (ConfUtils.java:logGet(46)) - raft.server.snapshot.retention.file.num = 5 (custom)
2023-01-31 11:34:20,745 [pool-181-thread-1] INFO  server.RaftServerConfigKeys (ConfUtils.java:logGet(46)) - raft.server.log.purge.upto.snapshot.index = false (default)
2023-01-31 11:34:20,746 [Command processor thread] INFO  ratis.XceiverServerRatis (XceiverServerRatis.java:addGroup(806)) - Created group PipelineID=bddcac43-05f7-4c8b-a195-7e39110652d1
2023-01-31 11:34:20,746 [Command processor thread] INFO  commandhandler.CreatePipelineCommandHandler (CreatePipelineCommandHandler.java:handle(113)) - Created Pipeline RATIS ONE PipelineID=bddcac43-05f7-4c8b-a195-7e39110652d1.
2023-01-31 11:34:21,160 [Command processor thread] INFO  server.RaftServer (RaftServerProxy.java:addNew(96)) - 4c53ac08-9fc0-49b0-af80-b80d3dd99c18: addNew group-133D60CBF860:[4c53ac08-9fc0-49b0-af80-b80d3dd99c18|rpc:10.1.0.34:42691|dataStream:10.1.0.34:46081|priority:1|startupRole:FOLLOWER] returns group-133D60CBF860:java.util.concurrent.CompletableFuture@711bd1be[Not completed]
2023-01-31 11:34:21,162 [pool-203-thread-1] INFO  server.RaftServer$Division (RaftServerImpl.java:<init>(195)) - 4c53ac08-9fc0-49b0-af80-b80d3dd99c18: new RaftServerImpl for group-133D60CBF860:[4c53ac08-9fc0-49b0-af80-b80d3dd99c18|rpc:10.1.0.34:42691|dataStream:10.1.0.34:46081|priority:1|startupRole:FOLLOWER] with ContainerStateMachine:uninitialized
2023-01-31 11:34:21,162 [pool-203-thread-1] INFO  server.RaftServerConfigKeys (ConfUtils.java:logGet(46)) - raft.server.rpc.timeout.min = 5s (custom)
2023-01-31 11:34:21,162 [pool-203-thread-1] INFO  server.RaftServerConfigKeys (ConfUtils.java:logGet(46)) - raft.server.rpc.timeout.max = 5200ms (custom)
2023-01-31 11:34:21,162 [pool-203-thread-1] INFO  server.RaftServerConfigKeys (ConfUtils.java:logGet(46)) - raft.server.rpc.sleep.time = 25ms (default)
2023-01-31 11:34:21,162 [pool-203-thread-1] INFO  server.RaftServerConfigKeys (ConfUtils.java:logGet(46)) - raft.server.rpc.slowness.timeout = 300s (custom)
2023-01-31 11:34:21,162 [pool-203-thread-1] INFO  server.RaftServerConfigKeys (ConfUtils.java:logGet(46)) - raft.server.leaderelection.leader.step-down.wait-time = 10s (default)
2023-01-31 11:34:21,162 [pool-203-thread-1] INFO  server.RaftServerConfigKeys (ConfUtils.java:logGet(46)) - raft.server.sleep.deviation.threshold = 300ms (default)
2023-01-31 11:34:21,162 [pool-203-thread-1] INFO  server.RaftServer$Division (ServerState.java:<init>(118)) - 4c53ac08-9fc0-49b0-af80-b80d3dd99c18@group-133D60CBF860: ConfigurationManager, init=-1: peers:[4c53ac08-9fc0-49b0-af80-b80d3dd99c18|rpc:10.1.0.34:42691|dataStream:10.1.0.34:46081|priority:1|startupRole:FOLLOWER]|listeners:[], old=null, confs=<EMPTY_MAP>
2023-01-31 11:34:21,162 [pool-203-thread-1] INFO  server.RaftServerConfigKeys (ConfUtils.java:logGet(46)) - raft.server.storage.dir = [/home/runner/work/ozone/ozone/hadoop-ozone/integration-test/target/test-dir/MiniOzoneClusterImpl-e7442b91-30ca-4883-b9fa-57f4a6ec4b9c/datanode-6/data/ratis] (custom)
2023-01-31 11:34:21,162 [pool-203-thread-1] INFO  server.RaftServerConfigKeys (ConfUtils.java:logGet(46)) - raft.server.log.corruption.policy = EXCEPTION (default)
2023-01-31 11:34:21,162 [pool-203-thread-1] INFO  server.RaftServerConfigKeys (ConfUtils.java:logGet(46)) - raft.server.storage.free-space.min = 0MB (=0) (default)
2023-01-31 11:34:21,163 [pool-203-thread-1] INFO  server.RaftServerConfigKeys (ConfUtils.java:logGet(46)) - raft.server.notification.no-leader.timeout = 300s (custom)
2023-01-31 11:34:21,163 [pool-203-thread-1] INFO  server.RaftServerConfigKeys (ConfUtils.java:logGet(46)) - raft.server.retrycache.expirytime = 600000ms (custom)
2023-01-31 11:34:21,163 [pool-203-thread-1] INFO  server.RaftServerConfigKeys (ConfUtils.java:logGet(46)) - raft.server.retrycache.statistics.expirytime = 100μs (default)
2023-01-31 11:34:21,163 [Listener at 127.0.0.1/43645] INFO  ozone.MiniOzoneClusterImpl (MiniOzoneClusterImpl.java:lambda$waitForClusterToBeReady$0(218)) - Nodes are ready. Got 7 of 7 DN Heartbeats.
2023-01-31 11:34:21,163 [Listener at 127.0.0.1/43645] INFO  ozone.MiniOzoneClusterImpl (MiniOzoneClusterImpl.java:lambda$waitForClusterToBeReady$0(221)) - Waiting for cluster to exit safe mode
2023-01-31 11:34:21,163 [Listener at 127.0.0.1/43645] INFO  ozone.MiniOzoneClusterImpl (MiniOzoneClusterImpl.java:lambda$waitForClusterToBeReady$0(223)) - SCM became leader
2023-01-31 11:34:21,167 [pool-203-thread-1] INFO  server.RaftServerConfigKeys (ConfUtils.java:logGet(46)) - raft.server.log.appender.install.snapshot.enabled = false (custom)
2023-01-31 11:34:21,167 [pool-203-thread-1] INFO  server.RaftServerConfigKeys (ConfUtils.java:logGet(46)) - raft.server.threadpool.server.cached = true (default)
2023-01-31 11:34:21,167 [pool-203-thread-1] INFO  server.RaftServerConfigKeys (ConfUtils.java:logGet(46)) - raft.server.threadpool.server.size = 0 (default)
2023-01-31 11:34:21,167 [pool-203-thread-1] INFO  server.RaftServerConfigKeys (ConfUtils.java:logGet(46)) - raft.server.threadpool.client.cached = true (default)
2023-01-31 11:34:21,167 [pool-203-thread-1] INFO  server.RaftServerConfigKeys (ConfUtils.java:logGet(46)) - raft.server.threadpool.client.size = 0 (default)
2023-01-31 11:34:21,167 [pool-203-thread-1] INFO  storage.RaftStorageDirectory (RaftStorageDirectoryImpl.java:analyzeStorage(137)) - The storage directory /home/runner/work/ozone/ozone/hadoop-ozone/integration-test/target/test-dir/MiniOzoneClusterImpl-e7442b91-30ca-4883-b9fa-57f4a6ec4b9c/datanode-6/data/ratis/aff5e404-7742-4d2f-ab79-133d60cbf860 does not exist. Creating ...
2023-01-31 11:34:21,168 [pool-203-thread-1] INFO  storage.RaftStorageDirectory (RaftStorageDirectoryImpl.java:tryLock(231)) - Lock on /home/runner/work/ozone/ozone/hadoop-ozone/integration-test/target/test-dir/MiniOzoneClusterImpl-e7442b91-30ca-4883-b9fa-57f4a6ec4b9c/datanode-6/data/ratis/aff5e404-7742-4d2f-ab79-133d60cbf860/in_use.lock acquired by nodename 34275@fv-az47-440
2023-01-31 11:34:21,169 [pool-203-thread-1] INFO  storage.RaftStorage (RaftStorageImpl.java:format(96)) - Storage directory /home/runner/work/ozone/ozone/hadoop-ozone/integration-test/target/test-dir/MiniOzoneClusterImpl-e7442b91-30ca-4883-b9fa-57f4a6ec4b9c/datanode-6/data/ratis/aff5e404-7742-4d2f-ab79-133d60cbf860 has been successfully formatted.
2023-01-31 11:34:21,170 [pool-203-thread-1] INFO  ratis.ContainerStateMachine (ContainerStateMachine.java:loadSnapshot(240)) - group-133D60CBF860: The snapshot info is null. Setting the last applied indexto:(t:0, i:~)
2023-01-31 11:34:21,171 [EventQueue-PipelineReportForPipelineReportHandler] INFO  pipeline.PipelineManagerImpl (PipelineManagerImpl.java:openPipeline(367)) - Pipeline Pipeline[ Id: aff5e404-7742-4d2f-ab79-133d60cbf860, Nodes: 4c53ac08-9fc0-49b0-af80-b80d3dd99c18(fv-az47-440.mma5zatft5wupo5mzspaixdheh.bx.internal.cloudapp.net/10.1.0.34), ReplicationConfig: RATIS/ONE, State:ALLOCATED, leaderId:4c53ac08-9fc0-49b0-af80-b80d3dd99c18, CreationTimestamp2023-01-31T11:34:18.163Z[Etc/UTC]] moved to OPEN state
2023-01-31 11:34:21,173 [pool-203-thread-1] INFO  server.RaftServerConfigKeys (ConfUtils.java:logGet(46)) - raft.server.log.use.memory = false (default)
2023-01-31 11:34:21,174 [pool-203-thread-1] INFO  server.RaftServerConfigKeys (ConfUtils.java:logGet(46)) - raft.server.log.purge.gap = 1000000 (custom)
2023-01-31 11:34:21,174 [pool-203-thread-1] INFO  server.RaftServerConfigKeys (ConfUtils.java:logGet(46)) - raft.server.log.appender.buffer.byte-limit = 33554432 (custom)
2023-01-31 11:34:21,174 [pool-203-thread-1] INFO  server.RaftServerConfigKeys (ConfUtils.java:logGet(46)) - raft.server.log.statemachine.data.read.timeout = 1000ms (default)
2023-01-31 11:34:21,174 [pool-203-thread-1] INFO  server.RaftServerConfigKeys (ConfUtils.java:logGet(46)) - raft.server.log.purge.preservation.log.num = 0 (default)
2023-01-31 11:34:21,174 [EventQueue-OpenPipelineForHealthyPipelineSafeModeRule] INFO  safemode.SCMSafeModeManager (HealthyPipelineSafeModeRule.java:process(137)) - SCM in safe mode. Healthy pipelines reported count is 0, required healthy pipeline reported count is 1
2023-01-31 11:34:21,174 [pool-203-thread-1] INFO  server.RaftServerConfigKeys (ConfUtils.java:logGet(46)) - raft.server.log.segment.size.max = 1048576 (custom)
2023-01-31 11:34:21,176 [pool-203-thread-1] INFO  server.RaftServerConfigKeys (ConfUtils.java:logGet(46)) - raft.server.log.segment.cache.num.max = 2 (custom)
2023-01-31 11:34:21,176 [pool-203-thread-1] INFO  server.RaftServerConfigKeys (ConfUtils.java:logGet(46)) - raft.server.log.segment.cache.size.max = 200MB (=209715200) (default)
2023-01-31 11:34:21,176 [pool-203-thread-1] INFO  segmented.SegmentedRaftLogWorker (SegmentedRaftLogWorker.java:<init>(189)) - new 4c53ac08-9fc0-49b0-af80-b80d3dd99c18@group-133D60CBF860-SegmentedRaftLogWorker for RaftStorageImpl:Storage Directory /home/runner/work/ozone/ozone/hadoop-ozone/integration-test/target/test-dir/MiniOzoneClusterImpl-e7442b91-30ca-4883-b9fa-57f4a6ec4b9c/datanode-6/data/ratis/aff5e404-7742-4d2f-ab79-133d60cbf860
2023-01-31 11:34:21,176 [pool-203-thread-1] INFO  server.RaftServerConfigKeys (ConfUtils.java:logGet(46)) - raft.server.log.queue.byte-limit = 4294967296 (custom)
2023-01-31 11:34:21,177 [pool-203-thread-1] INFO  server.RaftServerConfigKeys (ConfUtils.java:logGet(46)) - raft.server.log.queue.element-limit = 1024 (custom)
2023-01-31 11:34:21,177 [pool-203-thread-1] INFO  server.RaftServerConfigKeys (ConfUtils.java:logGet(46)) - raft.server.log.segment.size.max = 1048576 (custom)
2023-01-31 11:34:21,177 [pool-203-thread-1] INFO  server.RaftServerConfigKeys (ConfUtils.java:logGet(46)) - raft.server.log.preallocated.size = 16384 (custom)
2023-01-31 11:34:21,177 [pool-203-thread-1] INFO  server.RaftServerConfigKeys (ConfUtils.java:logGet(46)) - raft.server.log.force.sync.num = 128 (default)
2023-01-31 11:34:21,177 [pool-203-thread-1] INFO  server.RaftServerConfigKeys (ConfUtils.java:logGet(46)) - raft.server.log.statemachine.data.sync = true (default)
2023-01-31 11:34:21,177 [pool-203-thread-1] INFO  server.RaftServerConfigKeys (ConfUtils.java:logGet(46)) - raft.server.log.statemachine.data.sync.timeout = 10s (default)
2023-01-31 11:34:21,177 [pool-203-thread-1] INFO  server.RaftServerConfigKeys (ConfUtils.java:logGet(46)) - raft.server.log.statemachine.data.sync.timeout.retry = -1 (default)
2023-01-31 11:34:21,178 [pool-203-thread-1] INFO  server.RaftServerConfigKeys (ConfUtils.java:logGet(46)) - raft.server.log.write.buffer.size = 1048576 (custom)
2023-01-31 11:34:21,180 [pool-203-thread-1] INFO  server.RaftServerConfigKeys (ConfUtils.java:logGet(46)) - raft.server.log.appender.buffer.byte-limit = 33554432 (custom)
2023-01-31 11:34:21,182 [pool-203-thread-1] INFO  server.RaftServerConfigKeys (ConfUtils.java:logGet(46)) - raft.server.log.unsafe-flush.enabled = false (default)
2023-01-31 11:34:21,182 [pool-203-thread-1] INFO  server.RaftServerConfigKeys (ConfUtils.java:logGet(46)) - raft.server.log.async-flush.enabled = false (default)
2023-01-31 11:34:21,182 [pool-203-thread-1] INFO  server.RaftServerConfigKeys (ConfUtils.java:logGet(46)) - raft.server.log.statemachine.data.caching.enabled = true (custom)
2023-01-31 11:34:21,183 [pool-203-thread-1] INFO  segmented.SegmentedRaftLogWorker (SegmentedRaftLogWorker.java:lambda$new$0(135)) - 4c53ac08-9fc0-49b0-af80-b80d3dd99c18@group-133D60CBF860-SegmentedRaftLogWorker: flushIndex: setUnconditionally 0 -> -1
2023-01-31 11:34:21,183 [pool-203-thread-1] INFO  segmented.SegmentedRaftLogWorker (SegmentedRaftLogWorker.java:lambda$new$0(135)) - 4c53ac08-9fc0-49b0-af80-b80d3dd99c18@group-133D60CBF860-SegmentedRaftLogWorker: safeCacheEvictIndex: setUnconditionally 0 -> -1
2023-01-31 11:34:21,183 [pool-203-thread-1] INFO  server.RaftServer$Division (RaftServerImpl.java:start(334)) - 4c53ac08-9fc0-49b0-af80-b80d3dd99c18@group-133D60CBF860: start as a follower, conf=-1: peers:[4c53ac08-9fc0-49b0-af80-b80d3dd99c18|rpc:10.1.0.34:42691|dataStream:10.1.0.34:46081|priority:1|startupRole:FOLLOWER]|listeners:[], old=null
2023-01-31 11:34:21,183 [pool-203-thread-1] INFO  server.RaftServer$Division (RaftServerImpl.java:setRole(321)) - 4c53ac08-9fc0-49b0-af80-b80d3dd99c18@group-133D60CBF860: changes role from      null to FOLLOWER at term 0 for startAsFollower
2023-01-31 11:34:21,183 [pool-203-thread-1] INFO  impl.RoleInfo (RoleInfo.java:updateAndGet(139)) - 4c53ac08-9fc0-49b0-af80-b80d3dd99c18: start 4c53ac08-9fc0-49b0-af80-b80d3dd99c18@group-133D60CBF860-FollowerState
2023-01-31 11:34:21,185 [4c53ac08-9fc0-49b0-af80-b80d3dd99c18@group-133D60CBF860-FollowerState] INFO  server.RaftServerConfigKeys (ConfUtils.java:logFallback(53)) - raft.server.rpc.first-election.timeout.min = 5s (fallback to raft.server.rpc.timeout.min)
2023-01-31 11:34:21,185 [pool-203-thread-1] INFO  util.JmxRegister (JmxRegister.java:tryRegister(44)) - Successfully registered JMX Bean with object name Ratis:service=RaftServer,group=group-133D60CBF860,id=4c53ac08-9fc0-49b0-af80-b80d3dd99c18
2023-01-31 11:34:21,185 [pool-203-thread-1] INFO  server.RaftServerConfigKeys (ConfUtils.java:logGet(46)) - raft.server.snapshot.auto.trigger.enabled = true (custom)
2023-01-31 11:34:21,185 [pool-203-thread-1] INFO  server.RaftServerConfigKeys (ConfUtils.java:logGet(46)) - raft.server.snapshot.auto.trigger.threshold = 10000 (custom)
2023-01-31 11:34:21,185 [pool-203-thread-1] INFO  server.RaftServerConfigKeys (ConfUtils.java:logGet(46)) - raft.server.snapshot.retention.file.num = 5 (custom)
2023-01-31 11:34:21,185 [pool-203-thread-1] INFO  server.RaftServerConfigKeys (ConfUtils.java:logGet(46)) - raft.server.log.purge.upto.snapshot.index = false (default)
2023-01-31 11:34:21,185 [4c53ac08-9fc0-49b0-af80-b80d3dd99c18@group-133D60CBF860-FollowerState] INFO  server.RaftServerConfigKeys (ConfUtils.java:logFallback(53)) - raft.server.rpc.first-election.timeout.max = 5200ms (fallback to raft.server.rpc.timeout.max)
2023-01-31 11:34:21,186 [Command processor thread] INFO  ratis.XceiverServerRatis (XceiverServerRatis.java:addGroup(806)) - Created group PipelineID=aff5e404-7742-4d2f-ab79-133d60cbf860
2023-01-31 11:34:21,186 [Command processor thread] INFO  commandhandler.CreatePipelineCommandHandler (CreatePipelineCommandHandler.java:handle(113)) - Created Pipeline RATIS ONE PipelineID=aff5e404-7742-4d2f-ab79-133d60cbf860.
2023-01-31 11:34:22,163 [Listener at 127.0.0.1/43645] INFO  ozone.MiniOzoneClusterImpl (MiniOzoneClusterImpl.java:lambda$waitForClusterToBeReady$0(218)) - Nodes are ready. Got 7 of 7 DN Heartbeats.
2023-01-31 11:34:22,163 [Listener at 127.0.0.1/43645] INFO  ozone.MiniOzoneClusterImpl (MiniOzoneClusterImpl.java:lambda$waitForClusterToBeReady$0(221)) - Waiting for cluster to exit safe mode
2023-01-31 11:34:22,164 [Listener at 127.0.0.1/43645] INFO  ozone.MiniOzoneClusterImpl (MiniOzoneClusterImpl.java:lambda$waitForClusterToBeReady$0(223)) - SCM became leader
2023-01-31 11:34:23,164 [Listener at 127.0.0.1/43645] INFO  ozone.MiniOzoneClusterImpl (MiniOzoneClusterImpl.java:lambda$waitForClusterToBeReady$0(218)) - Nodes are ready. Got 7 of 7 DN Heartbeats.
2023-01-31 11:34:23,164 [Listener at 127.0.0.1/43645] INFO  ozone.MiniOzoneClusterImpl (MiniOzoneClusterImpl.java:lambda$waitForClusterToBeReady$0(221)) - Waiting for cluster to exit safe mode
2023-01-31 11:34:23,164 [Listener at 127.0.0.1/43645] INFO  ozone.MiniOzoneClusterImpl (MiniOzoneClusterImpl.java:lambda$waitForClusterToBeReady$0(223)) - SCM became leader
2023-01-31 11:34:23,922 [da03ca31-a8e2-4a02-8a0e-9033bcd0268f@group-733583FDB156-FollowerState] INFO  impl.FollowerState (FollowerState.java:run(143)) - da03ca31-a8e2-4a02-8a0e-9033bcd0268f@group-733583FDB156-FollowerState: change to CANDIDATE, lastRpcElapsedTime:5054673872ns, electionTimeout:5053ms
2023-01-31 11:34:23,923 [da03ca31-a8e2-4a02-8a0e-9033bcd0268f@group-733583FDB156-FollowerState] INFO  impl.RoleInfo (RoleInfo.java:shutdownFollowerState(110)) - da03ca31-a8e2-4a02-8a0e-9033bcd0268f: shutdown da03ca31-a8e2-4a02-8a0e-9033bcd0268f@group-733583FDB156-FollowerState
2023-01-31 11:34:23,923 [da03ca31-a8e2-4a02-8a0e-9033bcd0268f@group-733583FDB156-FollowerState] INFO  server.RaftServer$Division (RaftServerImpl.java:setRole(321)) - da03ca31-a8e2-4a02-8a0e-9033bcd0268f@group-733583FDB156: changes role from  FOLLOWER to CANDIDATE at term 0 for changeToCandidate
2023-01-31 11:34:23,924 [da03ca31-a8e2-4a02-8a0e-9033bcd0268f@group-733583FDB156-FollowerState] INFO  server.RaftServerConfigKeys (ConfUtils.java:logGet(46)) - raft.server.leaderelection.pre-vote = false (custom)
2023-01-31 11:34:23,924 [da03ca31-a8e2-4a02-8a0e-9033bcd0268f@group-733583FDB156-FollowerState] INFO  impl.RoleInfo (RoleInfo.java:updateAndGet(139)) - da03ca31-a8e2-4a02-8a0e-9033bcd0268f: start da03ca31-a8e2-4a02-8a0e-9033bcd0268f@group-733583FDB156-LeaderElection2
2023-01-31 11:34:23,929 [da03ca31-a8e2-4a02-8a0e-9033bcd0268f@group-733583FDB156-LeaderElection2] INFO  impl.LeaderElection (LeaderElection.java:askForVotes(312)) - da03ca31-a8e2-4a02-8a0e-9033bcd0268f@group-733583FDB156-LeaderElection2 ELECTION round 0: submit vote requests at term 1 for -1: peers:[da03ca31-a8e2-4a02-8a0e-9033bcd0268f|rpc:10.1.0.34:42519|dataStream:10.1.0.34:33639|priority:1|startupRole:FOLLOWER]|listeners:[], old=null
2023-01-31 11:34:23,929 [da03ca31-a8e2-4a02-8a0e-9033bcd0268f@group-733583FDB156-LeaderElection2] INFO  impl.LeaderElection (LeaderElection.java:askForVotes(314)) - da03ca31-a8e2-4a02-8a0e-9033bcd0268f@group-733583FDB156-LeaderElection2 ELECTION round 0: result PASSED (term=1)
2023-01-31 11:34:23,929 [da03ca31-a8e2-4a02-8a0e-9033bcd0268f@group-733583FDB156-LeaderElection2] INFO  impl.RoleInfo (RoleInfo.java:shutdownLeaderElection(130)) - da03ca31-a8e2-4a02-8a0e-9033bcd0268f: shutdown da03ca31-a8e2-4a02-8a0e-9033bcd0268f@group-733583FDB156-LeaderElection2
2023-01-31 11:34:23,929 [da03ca31-a8e2-4a02-8a0e-9033bcd0268f@group-733583FDB156-LeaderElection2] INFO  server.RaftServer$Division (RaftServerImpl.java:setRole(321)) - da03ca31-a8e2-4a02-8a0e-9033bcd0268f@group-733583FDB156: changes role from CANDIDATE to LEADER at term 1 for changeToLeader
2023-01-31 11:34:23,929 [da03ca31-a8e2-4a02-8a0e-9033bcd0268f@group-733583FDB156-LeaderElection2] INFO  ratis.XceiverServerRatis (XceiverServerRatis.java:handleLeaderChangedNotification(904)) - Leader change notification received for group: group-733583FDB156 with new leaderId: da03ca31-a8e2-4a02-8a0e-9033bcd0268f
2023-01-31 11:34:23,929 [da03ca31-a8e2-4a02-8a0e-9033bcd0268f@group-733583FDB156-LeaderElection2] INFO  server.RaftServer$Division (ServerState.java:setLeader(313)) - da03ca31-a8e2-4a02-8a0e-9033bcd0268f@group-733583FDB156: change Leader from null to da03ca31-a8e2-4a02-8a0e-9033bcd0268f at term 1 for becomeLeader, leader elected after 5084ms
2023-01-31 11:34:23,929 [da03ca31-a8e2-4a02-8a0e-9033bcd0268f@group-733583FDB156-LeaderElection2] INFO  server.RaftServerConfigKeys (ConfUtils.java:logGet(46)) - raft.server.staging.catchup.gap = 1000 (default)
2023-01-31 11:34:23,930 [da03ca31-a8e2-4a02-8a0e-9033bcd0268f@group-733583FDB156-LeaderElection2] INFO  server.RaftServerConfigKeys (ConfUtils.java:logGet(46)) - raft.server.write.element-limit = 1024 (custom)
2023-01-31 11:34:23,930 [da03ca31-a8e2-4a02-8a0e-9033bcd0268f@group-733583FDB156-LeaderElection2] INFO  server.RaftServerConfigKeys (ConfUtils.java:logGet(46)) - raft.server.write.byte-limit = 1024 M (=1073741824) (custom)
2023-01-31 11:34:23,930 [da03ca31-a8e2-4a02-8a0e-9033bcd0268f@group-733583FDB156-LeaderElection2] INFO  server.RaftServerConfigKeys (ConfUtils.java:logGet(46)) - raft.server.watch.timeout = 180s (custom)
2023-01-31 11:34:23,930 [da03ca31-a8e2-4a02-8a0e-9033bcd0268f@group-733583FDB156-LeaderElection2] INFO  server.RaftServerConfigKeys (ConfUtils.java:logGet(46)) - raft.server.watch.timeout.denomination = 1s (default)
2023-01-31 11:34:23,930 [da03ca31-a8e2-4a02-8a0e-9033bcd0268f@group-733583FDB156-LeaderElection2] INFO  server.RaftServerConfigKeys (ConfUtils.java:logGet(46)) - raft.server.watch.element-limit = 65536 (default)
2023-01-31 11:34:23,930 [da03ca31-a8e2-4a02-8a0e-9033bcd0268f@group-733583FDB156-LeaderElection2] INFO  server.RaftServerConfigKeys (ConfUtils.java:logGet(46)) - raft.server.write.element-limit = 1024 (custom)
2023-01-31 11:34:23,930 [da03ca31-a8e2-4a02-8a0e-9033bcd0268f@group-733583FDB156-LeaderElection2] INFO  server.RaftServerConfigKeys (ConfUtils.java:logGet(46)) - raft.server.write.follower.gap.ratio.max = -1.0 (default)
2023-01-31 11:34:23,930 [da03ca31-a8e2-4a02-8a0e-9033bcd0268f@group-733583FDB156-LeaderElection2] INFO  impl.RoleInfo (RoleInfo.java:updateAndGet(139)) - da03ca31-a8e2-4a02-8a0e-9033bcd0268f: start da03ca31-a8e2-4a02-8a0e-9033bcd0268f@group-733583FDB156-LeaderStateImpl
2023-01-31 11:34:23,930 [da03ca31-a8e2-4a02-8a0e-9033bcd0268f@group-733583FDB156-LeaderElection2] INFO  segmented.SegmentedRaftLogWorker (SegmentedRaftLogWorker.java:startLogSegment(452)) - da03ca31-a8e2-4a02-8a0e-9033bcd0268f@group-733583FDB156-SegmentedRaftLogWorker: Starting segment from index:0
2023-01-31 11:34:23,931 [EventQueue-OpenPipelineForHealthyPipelineSafeModeRule] INFO  safemode.SCMSafeModeManager (HealthyPipelineSafeModeRule.java:process(137)) - SCM in safe mode. Healthy pipelines reported count is 0, required healthy pipeline reported count is 1
2023-01-31 11:34:23,935 [da03ca31-a8e2-4a02-8a0e-9033bcd0268f@group-733583FDB156-LeaderElection2] INFO  server.RaftServer$Division (ServerState.java:setRaftConf(430)) - da03ca31-a8e2-4a02-8a0e-9033bcd0268f@group-733583FDB156: set configuration 0: peers:[da03ca31-a8e2-4a02-8a0e-9033bcd0268f|rpc:10.1.0.34:42519|dataStream:10.1.0.34:33639|priority:1|startupRole:FOLLOWER]|listeners:[], old=null
2023-01-31 11:34:23,935 [da03ca31-a8e2-4a02-8a0e-9033bcd0268f@group-733583FDB156-SegmentedRaftLogWorker] INFO  segmented.SegmentedRaftLogWorker (SegmentedRaftLogWorker.java:execute(656)) - da03ca31-a8e2-4a02-8a0e-9033bcd0268f@group-733583FDB156-SegmentedRaftLogWorker: created new log segment /home/runner/work/ozone/ozone/hadoop-ozone/integration-test/target/test-dir/MiniOzoneClusterImpl-e7442b91-30ca-4883-b9fa-57f4a6ec4b9c/datanode-0/data/ratis/92fee0fc-7a34-409d-95ab-733583fdb156/current/log_inprogress_0
2023-01-31 11:34:23,952 [da03ca31-a8e2-4a02-8a0e-9033bcd0268f@group-49BE29CAAC96-FollowerState] INFO  impl.FollowerState (FollowerState.java:run(143)) - da03ca31-a8e2-4a02-8a0e-9033bcd0268f@group-49BE29CAAC96-FollowerState: change to CANDIDATE, lastRpcElapsedTime:5045365814ns, electionTimeout:5041ms
2023-01-31 11:34:23,952 [da03ca31-a8e2-4a02-8a0e-9033bcd0268f@group-49BE29CAAC96-FollowerState] INFO  impl.RoleInfo (RoleInfo.java:shutdownFollowerState(110)) - da03ca31-a8e2-4a02-8a0e-9033bcd0268f: shutdown da03ca31-a8e2-4a02-8a0e-9033bcd0268f@group-49BE29CAAC96-FollowerState
2023-01-31 11:34:23,952 [da03ca31-a8e2-4a02-8a0e-9033bcd0268f@group-49BE29CAAC96-FollowerState] INFO  server.RaftServer$Division (RaftServerImpl.java:setRole(321)) - da03ca31-a8e2-4a02-8a0e-9033bcd0268f@group-49BE29CAAC96: changes role from  FOLLOWER to CANDIDATE at term 0 for changeToCandidate
2023-01-31 11:34:23,953 [da03ca31-a8e2-4a02-8a0e-9033bcd0268f@group-49BE29CAAC96-FollowerState] INFO  server.RaftServerConfigKeys (ConfUtils.java:logGet(46)) - raft.server.leaderelection.pre-vote = false (custom)
2023-01-31 11:34:23,953 [da03ca31-a8e2-4a02-8a0e-9033bcd0268f@group-49BE29CAAC96-FollowerState] INFO  impl.RoleInfo (RoleInfo.java:updateAndGet(139)) - da03ca31-a8e2-4a02-8a0e-9033bcd0268f: start da03ca31-a8e2-4a02-8a0e-9033bcd0268f@group-49BE29CAAC96-LeaderElection3
2023-01-31 11:34:23,955 [da03ca31-a8e2-4a02-8a0e-9033bcd0268f@group-49BE29CAAC96-LeaderElection3] INFO  impl.LeaderElection (LeaderElection.java:askForVotes(312)) - da03ca31-a8e2-4a02-8a0e-9033bcd0268f@group-49BE29CAAC96-LeaderElection3 ELECTION round 0: submit vote requests at term 1 for -1: peers:[7c6ec4c2-78b0-4d13-b7e2-d3daf669de24|rpc:10.1.0.34:37179|dataStream:10.1.0.34:42751|priority:0|startupRole:FOLLOWER, e9250560-f63f-4845-b91b-4ee2b5e52a1e|rpc:10.1.0.34:46329|dataStream:10.1.0.34:39341|priority:0|startupRole:FOLLOWER, da03ca31-a8e2-4a02-8a0e-9033bcd0268f|rpc:10.1.0.34:42519|dataStream:10.1.0.34:33639|priority:1|startupRole:FOLLOWER]|listeners:[], old=null
2023-01-31 11:34:23,959 [da03ca31-a8e2-4a02-8a0e-9033bcd0268f@group-49BE29CAAC96-LeaderElection3-1] INFO  server.GrpcServerProtocolClient (GrpcServerProtocolClient.java:<init>(63)) - Build channel for 7c6ec4c2-78b0-4d13-b7e2-d3daf669de24
2023-01-31 11:34:23,962 [da03ca31-a8e2-4a02-8a0e-9033bcd0268f@group-49BE29CAAC96-LeaderElection3] INFO  server.RaftServerConfigKeys (ConfUtils.java:logFallback(53)) - raft.server.rpc.first-election.timeout.min = 5s (fallback to raft.server.rpc.timeout.min)
2023-01-31 11:34:23,963 [da03ca31-a8e2-4a02-8a0e-9033bcd0268f@group-49BE29CAAC96-LeaderElection3] INFO  server.RaftServerConfigKeys (ConfUtils.java:logFallback(53)) - raft.server.rpc.first-election.timeout.max = 5200ms (fallback to raft.server.rpc.timeout.max)
2023-01-31 11:34:23,964 [da03ca31-a8e2-4a02-8a0e-9033bcd0268f@group-49BE29CAAC96-LeaderElection3-2] INFO  server.GrpcServerProtocolClient (GrpcServerProtocolClient.java:<init>(63)) - Build channel for e9250560-f63f-4845-b91b-4ee2b5e52a1e
2023-01-31 11:34:23,973 [grpc-default-executor-0] INFO  server.RaftServer$Division (RaftServerImpl.java:requestVote(1218)) - 7c6ec4c2-78b0-4d13-b7e2-d3daf669de24@group-49BE29CAAC96: receive requestVote(ELECTION, da03ca31-a8e2-4a02-8a0e-9033bcd0268f, group-49BE29CAAC96, 1, (t:0, i:0))
2023-01-31 11:34:23,975 [grpc-default-executor-0] INFO  impl.VoteContext (VoteContext.java:log(49)) - 7c6ec4c2-78b0-4d13-b7e2-d3daf669de24@group-49BE29CAAC96-FOLLOWER: accept ELECTION from da03ca31-a8e2-4a02-8a0e-9033bcd0268f: our priority 0 <= candidate's priority 1
2023-01-31 11:34:23,975 [grpc-default-executor-0] INFO  server.RaftServer$Division (RaftServerImpl.java:setRole(321)) - 7c6ec4c2-78b0-4d13-b7e2-d3daf669de24@group-49BE29CAAC96: changes role from  FOLLOWER to FOLLOWER at term 1 for candidate:da03ca31-a8e2-4a02-8a0e-9033bcd0268f
2023-01-31 11:34:23,975 [grpc-default-executor-0] INFO  impl.RoleInfo (RoleInfo.java:shutdownFollowerState(110)) - 7c6ec4c2-78b0-4d13-b7e2-d3daf669de24: shutdown 7c6ec4c2-78b0-4d13-b7e2-d3daf669de24@group-49BE29CAAC96-FollowerState
2023-01-31 11:34:23,975 [7c6ec4c2-78b0-4d13-b7e2-d3daf669de24@group-49BE29CAAC96-FollowerState] INFO  impl.FollowerState (FollowerState.java:run(152)) - 7c6ec4c2-78b0-4d13-b7e2-d3daf669de24@group-49BE29CAAC96-FollowerState was interrupted
2023-01-31 11:34:23,976 [grpc-default-executor-0] INFO  impl.RoleInfo (RoleInfo.java:updateAndGet(139)) - 7c6ec4c2-78b0-4d13-b7e2-d3daf669de24: start 7c6ec4c2-78b0-4d13-b7e2-d3daf669de24@group-49BE29CAAC96-FollowerState
2023-01-31 11:34:23,976 [7c6ec4c2-78b0-4d13-b7e2-d3daf669de24@group-49BE29CAAC96-FollowerState] INFO  server.RaftServerConfigKeys (ConfUtils.java:logFallback(53)) - raft.server.rpc.first-election.timeout.min = 5s (fallback to raft.server.rpc.timeout.min)
2023-01-31 11:34:23,976 [7c6ec4c2-78b0-4d13-b7e2-d3daf669de24@group-49BE29CAAC96-FollowerState] INFO  server.RaftServerConfigKeys (ConfUtils.java:logFallback(53)) - raft.server.rpc.first-election.timeout.max = 5200ms (fallback to raft.server.rpc.timeout.max)
2023-01-31 11:34:23,985 [grpc-default-executor-0] INFO  server.RaftServer$Division (RaftServerImpl.java:requestVote(1251)) - 7c6ec4c2-78b0-4d13-b7e2-d3daf669de24@group-49BE29CAAC96 replies to ELECTION vote request: da03ca31-a8e2-4a02-8a0e-9033bcd0268f<-7c6ec4c2-78b0-4d13-b7e2-d3daf669de24#0:OK-t1. Peer's state: 7c6ec4c2-78b0-4d13-b7e2-d3daf669de24@group-49BE29CAAC96:t1, leader=null, voted=da03ca31-a8e2-4a02-8a0e-9033bcd0268f, raftlog=Memoized:7c6ec4c2-78b0-4d13-b7e2-d3daf669de24@group-49BE29CAAC96-SegmentedRaftLog:OPENED:c-1, conf=-1: peers:[7c6ec4c2-78b0-4d13-b7e2-d3daf669de24|rpc:10.1.0.34:37179|dataStream:10.1.0.34:42751|priority:0|startupRole:FOLLOWER, e9250560-f63f-4845-b91b-4ee2b5e52a1e|rpc:10.1.0.34:46329|dataStream:10.1.0.34:39341|priority:0|startupRole:FOLLOWER, da03ca31-a8e2-4a02-8a0e-9033bcd0268f|rpc:10.1.0.34:42519|dataStream:10.1.0.34:33639|priority:1|startupRole:FOLLOWER]|listeners:[], old=null
2023-01-31 11:34:23,989 [da03ca31-a8e2-4a02-8a0e-9033bcd0268f@group-49BE29CAAC96-LeaderElection3] INFO  impl.LeaderElection (LeaderElection.java:logAndReturn(90)) - da03ca31-a8e2-4a02-8a0e-9033bcd0268f@group-49BE29CAAC96-LeaderElection3: ELECTION PASSED received 1 response(s) and 0 exception(s):
2023-01-31 11:34:23,989 [da03ca31-a8e2-4a02-8a0e-9033bcd0268f@group-49BE29CAAC96-LeaderElection3] INFO  impl.LeaderElection (LeaderElection.java:logAndReturn(94)) -   Response 0: da03ca31-a8e2-4a02-8a0e-9033bcd0268f<-7c6ec4c2-78b0-4d13-b7e2-d3daf669de24#0:OK-t1
2023-01-31 11:34:23,990 [da03ca31-a8e2-4a02-8a0e-9033bcd0268f@group-49BE29CAAC96-LeaderElection3] INFO  impl.LeaderElection (LeaderElection.java:askForVotes(314)) - da03ca31-a8e2-4a02-8a0e-9033bcd0268f@group-49BE29CAAC96-LeaderElection3 ELECTION round 0: result PASSED
2023-01-31 11:34:23,990 [da03ca31-a8e2-4a02-8a0e-9033bcd0268f@group-49BE29CAAC96-LeaderElection3] INFO  impl.RoleInfo (RoleInfo.java:shutdownLeaderElection(130)) - da03ca31-a8e2-4a02-8a0e-9033bcd0268f: shutdown da03ca31-a8e2-4a02-8a0e-9033bcd0268f@group-49BE29CAAC96-LeaderElection3
2023-01-31 11:34:23,990 [da03ca31-a8e2-4a02-8a0e-9033bcd0268f@group-49BE29CAAC96-LeaderElection3] INFO  server.RaftServer$Division (RaftServerImpl.java:setRole(321)) - da03ca31-a8e2-4a02-8a0e-9033bcd0268f@group-49BE29CAAC96: changes role from CANDIDATE to LEADER at term 1 for changeToLeader
2023-01-31 11:34:23,990 [da03ca31-a8e2-4a02-8a0e-9033bcd0268f@group-49BE29CAAC96-LeaderElection3] INFO  ratis.XceiverServerRatis (XceiverServerRatis.java:handleLeaderChangedNotification(904)) - Leader change notification received for group: group-49BE29CAAC96 with new leaderId: da03ca31-a8e2-4a02-8a0e-9033bcd0268f
2023-01-31 11:34:23,990 [da03ca31-a8e2-4a02-8a0e-9033bcd0268f@group-49BE29CAAC96-LeaderElection3] INFO  server.RaftServer$Division (ServerState.java:setLeader(313)) - da03ca31-a8e2-4a02-8a0e-9033bcd0268f@group-49BE29CAAC96: change Leader from null to da03ca31-a8e2-4a02-8a0e-9033bcd0268f at term 1 for becomeLeader, leader elected after 5102ms
2023-01-31 11:34:23,990 [da03ca31-a8e2-4a02-8a0e-9033bcd0268f@group-49BE29CAAC96-LeaderElection3] INFO  server.RaftServerConfigKeys (ConfUtils.java:logGet(46)) - raft.server.staging.catchup.gap = 1000 (default)
2023-01-31 11:34:23,991 [da03ca31-a8e2-4a02-8a0e-9033bcd0268f@group-49BE29CAAC96-LeaderElection3] INFO  server.RaftServerConfigKeys (ConfUtils.java:logGet(46)) - raft.server.write.element-limit = 1024 (custom)
2023-01-31 11:34:23,991 [da03ca31-a8e2-4a02-8a0e-9033bcd0268f@group-49BE29CAAC96-LeaderElection3] INFO  server.RaftServerConfigKeys (ConfUtils.java:logGet(46)) - raft.server.write.byte-limit = 1024 M (=1073741824) (custom)
2023-01-31 11:34:23,992 [da03ca31-a8e2-4a02-8a0e-9033bcd0268f@group-49BE29CAAC96-LeaderElection3] INFO  server.RaftServerConfigKeys (ConfUtils.java:logGet(46)) - raft.server.watch.timeout = 180s (custom)
2023-01-31 11:34:23,992 [da03ca31-a8e2-4a02-8a0e-9033bcd0268f@group-49BE29CAAC96-LeaderElection3] INFO  server.RaftServerConfigKeys (ConfUtils.java:logGet(46)) - raft.server.watch.timeout.denomination = 1s (default)
2023-01-31 11:34:23,992 [da03ca31-a8e2-4a02-8a0e-9033bcd0268f@group-49BE29CAAC96-LeaderElection3] INFO  server.RaftServerConfigKeys (ConfUtils.java:logGet(46)) - raft.server.watch.element-limit = 65536 (default)
2023-01-31 11:34:23,992 [da03ca31-a8e2-4a02-8a0e-9033bcd0268f@group-49BE29CAAC96-LeaderElection3] INFO  server.RaftServerConfigKeys (ConfUtils.java:logGet(46)) - raft.server.write.element-limit = 1024 (custom)
2023-01-31 11:34:23,992 [da03ca31-a8e2-4a02-8a0e-9033bcd0268f@group-49BE29CAAC96-LeaderElection3] INFO  server.RaftServerConfigKeys (ConfUtils.java:logGet(46)) - raft.server.write.follower.gap.ratio.max = -1.0 (default)
2023-01-31 11:34:23,993 [EventQueue-PipelineReportForPipelineReportHandler] INFO  pipeline.PipelineManagerImpl (PipelineManagerImpl.java:openPipeline(367)) - Pipeline Pipeline[ Id: 3833c052-5fb2-4765-9402-49be29caac96, Nodes: 7c6ec4c2-78b0-4d13-b7e2-d3daf669de24(fv-az47-440.mma5zatft5wupo5mzspaixdheh.bx.internal.cloudapp.net/10.1.0.34)e9250560-f63f-4845-b91b-4ee2b5e52a1e(fv-az47-440.mma5zatft5wupo5mzspaixdheh.bx.internal.cloudapp.net/10.1.0.34)da03ca31-a8e2-4a02-8a0e-9033bcd0268f(fv-az47-440.mma5zatft5wupo5mzspaixdheh.bx.internal.cloudapp.net/10.1.0.34), ReplicationConfig: RATIS/THREE, State:ALLOCATED, leaderId:da03ca31-a8e2-4a02-8a0e-9033bcd0268f, CreationTimestamp2023-01-31T11:34:16.740Z[Etc/UTC]] moved to OPEN state
2023-01-31 11:34:23,994 [EventQueue-OpenPipelineForHealthyPipelineSafeModeRule] INFO  safemode.SCMSafeModeManager (HealthyPipelineSafeModeRule.java:process(137)) - SCM in safe mode. Healthy pipelines reported count is 1, required healthy pipeline reported count is 1
2023-01-31 11:34:23,994 [EventQueue-OpenPipelineForHealthyPipelineSafeModeRule] INFO  safemode.SCMSafeModeManager (SCMSafeModeManager.java:validateSafeModeExitRules(200)) - HealthyPipelineSafeModeRule rule is successfully validated
2023-01-31 11:34:23,994 [EventQueue-OpenPipelineForHealthyPipelineSafeModeRule] INFO  safemode.SCMSafeModeManager (SCMSafeModeManager.java:validateSafeModeExitRules(215)) - ScmSafeModeManager, all rules are successfully validated
2023-01-31 11:34:23,994 [EventQueue-OpenPipelineForHealthyPipelineSafeModeRule] INFO  safemode.SCMSafeModeManager (SCMSafeModeManager.java:exitSafeMode(244)) - SCM exiting safe mode.
2023-01-31 11:34:23,994 [EventQueue-OpenPipelineForHealthyPipelineSafeModeRule] INFO  ha.SCMContext (SCMContext.java:updateSafeModeStatus(228)) - Update SafeModeStatus from SafeModeStatus{safeModeStatus=true, preCheckPassed=true} to SafeModeStatus{safeModeStatus=false, preCheckPassed=true}.
2023-01-31 11:34:23,994 [EventQueue-OpenPipelineForHealthyPipelineSafeModeRule] INFO  pipeline.BackgroundPipelineCreator (BackgroundPipelineCreator.java:notifyStatusChanged(254)) - Service BackgroundPipelineCreator transitions to RUNNING.
2023-01-31 11:34:23,994 [EventQueue-OpenPipelineForHealthyPipelineSafeModeRule] INFO  BackgroundPipelineScrubber (BackgroundSCMService.java:notifyStatusChanged(82)) - Service BackgroundPipelineScrubber transitions to RUNNING.
2023-01-31 11:34:23,994 [EventQueue-OpenPipelineForHealthyPipelineSafeModeRule] INFO  ExpiredContainerReplicaOpScrubber (BackgroundSCMService.java:notifyStatusChanged(82)) - Service ExpiredContainerReplicaOpScrubber transitions to RUNNING.
2023-01-31 11:34:23,994 [EventQueue-OpenPipelineForHealthyPipelineSafeModeRule] INFO  replication.ReplicationManager (ReplicationManager.java:notifyStatusChanged(937)) - Service ReplicationManager transitions to RUNNING.
2023-01-31 11:34:23,997 [EventQueue-OpenPipelineForHealthyPipelineSafeModeRule] WARN  balancer.ContainerBalancer (ContainerBalancer.java:shouldRun(131)) - Could not find persisted configuration for ContainerBalancer when checking if ContainerBalancer should run. ContainerBalancer should not run now.
2023-01-31 11:34:24,008 [grpc-default-executor-1] INFO  server.RaftServer$Division (RaftServerImpl.java:requestVote(1218)) - e9250560-f63f-4845-b91b-4ee2b5e52a1e@group-49BE29CAAC96: receive requestVote(ELECTION, da03ca31-a8e2-4a02-8a0e-9033bcd0268f, group-49BE29CAAC96, 1, (t:0, i:0))
2023-01-31 11:34:24,008 [grpc-default-executor-1] INFO  impl.VoteContext (VoteContext.java:log(49)) - e9250560-f63f-4845-b91b-4ee2b5e52a1e@group-49BE29CAAC96-FOLLOWER: accept ELECTION from da03ca31-a8e2-4a02-8a0e-9033bcd0268f: our priority 0 <= candidate's priority 1
2023-01-31 11:34:24,009 [grpc-default-executor-1] INFO  server.RaftServer$Division (RaftServerImpl.java:setRole(321)) - e9250560-f63f-4845-b91b-4ee2b5e52a1e@group-49BE29CAAC96: changes role from  FOLLOWER to FOLLOWER at term 1 for candidate:da03ca31-a8e2-4a02-8a0e-9033bcd0268f
2023-01-31 11:34:24,009 [grpc-default-executor-1] INFO  impl.RoleInfo (RoleInfo.java:shutdownFollowerState(110)) - e9250560-f63f-4845-b91b-4ee2b5e52a1e: shutdown e9250560-f63f-4845-b91b-4ee2b5e52a1e@group-49BE29CAAC96-FollowerState
2023-01-31 11:34:24,009 [da03ca31-a8e2-4a02-8a0e-9033bcd0268f@group-49BE29CAAC96-LeaderElection3] INFO  server.RaftServerConfigKeys (ConfUtils.java:logGet(46)) - raft.server.log.appender.snapshot.chunk.size.max = 16MB (=16777216) (default)
2023-01-31 11:34:24,009 [e9250560-f63f-4845-b91b-4ee2b5e52a1e@group-49BE29CAAC96-FollowerState] INFO  impl.FollowerState (FollowerState.java:run(152)) - e9250560-f63f-4845-b91b-4ee2b5e52a1e@group-49BE29CAAC96-FollowerState was interrupted
2023-01-31 11:34:24,009 [da03ca31-a8e2-4a02-8a0e-9033bcd0268f@group-49BE29CAAC96-LeaderElection3] INFO  server.RaftServerConfigKeys (ConfUtils.java:logGet(46)) - raft.server.log.appender.buffer.byte-limit = 33554432 (custom)
2023-01-31 11:34:24,011 [da03ca31-a8e2-4a02-8a0e-9033bcd0268f@group-49BE29CAAC96-LeaderElection3] INFO  server.RaftServerConfigKeys (ConfUtils.java:logGet(46)) - raft.server.log.appender.buffer.element-limit = 1 (custom)
2023-01-31 11:34:24,012 [grpc-default-executor-1] INFO  impl.RoleInfo (RoleInfo.java:updateAndGet(139)) - e9250560-f63f-4845-b91b-4ee2b5e52a1e: start e9250560-f63f-4845-b91b-4ee2b5e52a1e@group-49BE29CAAC96-FollowerState
2023-01-31 11:34:24,018 [grpc-default-executor-1] INFO  server.RaftServer$Division (RaftServerImpl.java:requestVote(1251)) - e9250560-f63f-4845-b91b-4ee2b5e52a1e@group-49BE29CAAC96 replies to ELECTION vote request: da03ca31-a8e2-4a02-8a0e-9033bcd0268f<-e9250560-f63f-4845-b91b-4ee2b5e52a1e#0:OK-t1. Peer's state: e9250560-f63f-4845-b91b-4ee2b5e52a1e@group-49BE29CAAC96:t1, leader=null, voted=da03ca31-a8e2-4a02-8a0e-9033bcd0268f, raftlog=Memoized:e9250560-f63f-4845-b91b-4ee2b5e52a1e@group-49BE29CAAC96-SegmentedRaftLog:OPENED:c-1, conf=-1: peers:[7c6ec4c2-78b0-4d13-b7e2-d3daf669de24|rpc:10.1.0.34:37179|dataStream:10.1.0.34:42751|priority:0|startupRole:FOLLOWER, e9250560-f63f-4845-b91b-4ee2b5e52a1e|rpc:10.1.0.34:46329|dataStream:10.1.0.34:39341|priority:0|startupRole:FOLLOWER, da03ca31-a8e2-4a02-8a0e-9033bcd0268f|rpc:10.1.0.34:42519|dataStream:10.1.0.34:33639|priority:1|startupRole:FOLLOWER]|listeners:[], old=null
2023-01-31 11:34:24,020 [da03ca31-a8e2-4a02-8a0e-9033bcd0268f@group-49BE29CAAC96-LeaderElection3] INFO  grpc.GrpcConfigKeys (ConfUtils.java:logGet(46)) - raft.grpc.server.leader.outstanding.appends.max = 128 (default)
2023-01-31 11:34:24,020 [da03ca31-a8e2-4a02-8a0e-9033bcd0268f@group-49BE29CAAC96-LeaderElection3] INFO  server.RaftServerConfigKeys (ConfUtils.java:logGet(46)) - raft.server.rpc.request.timeout = 60s (custom)
2023-01-31 11:34:24,020 [da03ca31-a8e2-4a02-8a0e-9033bcd0268f@group-49BE29CAAC96-LeaderElection3] INFO  server.RaftServerConfigKeys (ConfUtils.java:logGet(46)) - raft.server.log.appender.install.snapshot.enabled = false (custom)
2023-01-31 11:34:24,020 [da03ca31-a8e2-4a02-8a0e-9033bcd0268f@group-49BE29CAAC96-LeaderElection3] INFO  grpc.GrpcConfigKeys (ConfUtils.java:logGet(46)) - raft.grpc.server.heartbeat.channel = true (default)
2023-01-31 11:34:24,020 [da03ca31-a8e2-4a02-8a0e-9033bcd0268f@group-49BE29CAAC96-LeaderElection3] INFO  server.RaftServerConfigKeys (ConfUtils.java:logGet(46)) - raft.server.log.appender.wait-time.min = 10ms (default)
2023-01-31 11:34:24,022 [e9250560-f63f-4845-b91b-4ee2b5e52a1e@group-49BE29CAAC96-FollowerState] INFO  server.RaftServerConfigKeys (ConfUtils.java:logFallback(53)) - raft.server.rpc.first-election.timeout.min = 5s (fallback to raft.server.rpc.timeout.min)
2023-01-31 11:34:24,022 [e9250560-f63f-4845-b91b-4ee2b5e52a1e@group-49BE29CAAC96-FollowerState] INFO  server.RaftServerConfigKeys (ConfUtils.java:logFallback(53)) - raft.server.rpc.first-election.timeout.max = 5200ms (fallback to raft.server.rpc.timeout.max)
2023-01-31 11:34:24,023 [da03ca31-a8e2-4a02-8a0e-9033bcd0268f@group-49BE29CAAC96-LeaderElection3] INFO  server.RaftServerConfigKeys (ConfUtils.java:logGet(46)) - raft.server.log.appender.snapshot.chunk.size.max = 16MB (=16777216) (default)
2023-01-31 11:34:24,023 [da03ca31-a8e2-4a02-8a0e-9033bcd0268f@group-49BE29CAAC96-LeaderElection3] INFO  server.RaftServerConfigKeys (ConfUtils.java:logGet(46)) - raft.server.log.appender.buffer.byte-limit = 33554432 (custom)
2023-01-31 11:34:24,023 [da03ca31-a8e2-4a02-8a0e-9033bcd0268f@group-49BE29CAAC96-LeaderElection3] INFO  server.RaftServerConfigKeys (ConfUtils.java:logGet(46)) - raft.server.log.appender.buffer.element-limit = 1 (custom)
2023-01-31 11:34:24,024 [da03ca31-a8e2-4a02-8a0e-9033bcd0268f@group-49BE29CAAC96-LeaderElection3] INFO  grpc.GrpcConfigKeys (ConfUtils.java:logGet(46)) - raft.grpc.server.leader.outstanding.appends.max = 128 (default)
2023-01-31 11:34:24,024 [da03ca31-a8e2-4a02-8a0e-9033bcd0268f@group-49BE29CAAC96-LeaderElection3] INFO  server.RaftServerConfigKeys (ConfUtils.java:logGet(46)) - raft.server.rpc.request.timeout = 60s (custom)
2023-01-31 11:34:24,024 [da03ca31-a8e2-4a02-8a0e-9033bcd0268f@group-49BE29CAAC96-LeaderElection3] INFO  server.RaftServerConfigKeys (ConfUtils.java:logGet(46)) - raft.server.log.appender.install.snapshot.enabled = false (custom)
2023-01-31 11:34:24,024 [da03ca31-a8e2-4a02-8a0e-9033bcd0268f@group-49BE29CAAC96-LeaderElection3] INFO  grpc.GrpcConfigKeys (ConfUtils.java:logGet(46)) - raft.grpc.server.heartbeat.channel = true (default)
2023-01-31 11:34:24,024 [da03ca31-a8e2-4a02-8a0e-9033bcd0268f@group-49BE29CAAC96-LeaderElection3] INFO  server.RaftServerConfigKeys (ConfUtils.java:logGet(46)) - raft.server.log.appender.wait-time.min = 10ms (default)
2023-01-31 11:34:24,024 [da03ca31-a8e2-4a02-8a0e-9033bcd0268f@group-49BE29CAAC96-LeaderElection3] INFO  impl.RoleInfo (RoleInfo.java:updateAndGet(139)) - da03ca31-a8e2-4a02-8a0e-9033bcd0268f: start da03ca31-a8e2-4a02-8a0e-9033bcd0268f@group-49BE29CAAC96-LeaderStateImpl
2023-01-31 11:34:24,025 [da03ca31-a8e2-4a02-8a0e-9033bcd0268f@group-49BE29CAAC96-LeaderElection3] INFO  segmented.SegmentedRaftLogWorker (SegmentedRaftLogWorker.java:startLogSegment(452)) - da03ca31-a8e2-4a02-8a0e-9033bcd0268f@group-49BE29CAAC96-SegmentedRaftLogWorker: Starting segment from index:0
2023-01-31 11:34:24,026 [da03ca31-a8e2-4a02-8a0e-9033bcd0268f@group-49BE29CAAC96-SegmentedRaftLogWorker] INFO  segmented.SegmentedRaftLogWorker (SegmentedRaftLogWorker.java:execute(656)) - da03ca31-a8e2-4a02-8a0e-9033bcd0268f@group-49BE29CAAC96-SegmentedRaftLogWorker: created new log segment /home/runner/work/ozone/ozone/hadoop-ozone/integration-test/target/test-dir/MiniOzoneClusterImpl-e7442b91-30ca-4883-b9fa-57f4a6ec4b9c/datanode-0/data/ratis/3833c052-5fb2-4765-9402-49be29caac96/current/log_inprogress_0
2023-01-31 11:34:24,039 [da03ca31-a8e2-4a02-8a0e-9033bcd0268f@group-49BE29CAAC96-LeaderElection3] INFO  server.RaftServer$Division (ServerState.java:setRaftConf(430)) - da03ca31-a8e2-4a02-8a0e-9033bcd0268f@group-49BE29CAAC96: set configuration 0: peers:[7c6ec4c2-78b0-4d13-b7e2-d3daf669de24|rpc:10.1.0.34:37179|dataStream:10.1.0.34:42751|priority:0|startupRole:FOLLOWER, e9250560-f63f-4845-b91b-4ee2b5e52a1e|rpc:10.1.0.34:46329|dataStream:10.1.0.34:39341|priority:0|startupRole:FOLLOWER, da03ca31-a8e2-4a02-8a0e-9033bcd0268f|rpc:10.1.0.34:42519|dataStream:10.1.0.34:33639|priority:1|startupRole:FOLLOWER]|listeners:[], old=null
2023-01-31 11:34:24,095 [e9250560-f63f-4845-b91b-4ee2b5e52a1e-server-thread1] INFO  ratis.XceiverServerRatis (XceiverServerRatis.java:handleLeaderChangedNotification(904)) - Leader change notification received for group: group-49BE29CAAC96 with new leaderId: da03ca31-a8e2-4a02-8a0e-9033bcd0268f
2023-01-31 11:34:24,095 [e9250560-f63f-4845-b91b-4ee2b5e52a1e-server-thread1] INFO  server.RaftServer$Division (ServerState.java:setLeader(313)) - e9250560-f63f-4845-b91b-4ee2b5e52a1e@group-49BE29CAAC96: change Leader from null to da03ca31-a8e2-4a02-8a0e-9033bcd0268f at term 1 for appendEntries, leader elected after 4742ms
2023-01-31 11:34:24,100 [e9250560-f63f-4845-b91b-4ee2b5e52a1e-server-thread1] INFO  server.RaftServer$Division (ServerState.java:setRaftConf(430)) - e9250560-f63f-4845-b91b-4ee2b5e52a1e@group-49BE29CAAC96: set configuration 0: peers:[7c6ec4c2-78b0-4d13-b7e2-d3daf669de24|rpc:10.1.0.34:37179|dataStream:10.1.0.34:42751|priority:0|startupRole:FOLLOWER, e9250560-f63f-4845-b91b-4ee2b5e52a1e|rpc:10.1.0.34:46329|dataStream:10.1.0.34:39341|priority:0|startupRole:FOLLOWER, da03ca31-a8e2-4a02-8a0e-9033bcd0268f|rpc:10.1.0.34:42519|dataStream:10.1.0.34:33639|priority:1|startupRole:FOLLOWER]|listeners:[], old=null
2023-01-31 11:34:24,102 [7c6ec4c2-78b0-4d13-b7e2-d3daf669de24-server-thread1] INFO  ratis.XceiverServerRatis (XceiverServerRatis.java:handleLeaderChangedNotification(904)) - Leader change notification received for group: group-49BE29CAAC96 with new leaderId: da03ca31-a8e2-4a02-8a0e-9033bcd0268f
2023-01-31 11:34:24,102 [e9250560-f63f-4845-b91b-4ee2b5e52a1e-server-thread1] INFO  segmented.SegmentedRaftLogWorker (SegmentedRaftLogWorker.java:startLogSegment(452)) - e9250560-f63f-4845-b91b-4ee2b5e52a1e@group-49BE29CAAC96-SegmentedRaftLogWorker: Starting segment from index:0
2023-01-31 11:34:24,107 [e9250560-f63f-4845-b91b-4ee2b5e52a1e@group-49BE29CAAC96-SegmentedRaftLogWorker] INFO  segmented.SegmentedRaftLogWorker (SegmentedRaftLogWorker.java:execute(656)) - e9250560-f63f-4845-b91b-4ee2b5e52a1e@group-49BE29CAAC96-SegmentedRaftLogWorker: created new log segment /home/runner/work/ozone/ozone/hadoop-ozone/integration-test/target/test-dir/MiniOzoneClusterImpl-e7442b91-30ca-4883-b9fa-57f4a6ec4b9c/datanode-1/data/ratis/3833c052-5fb2-4765-9402-49be29caac96/current/log_inprogress_0
2023-01-31 11:34:24,104 [7c6ec4c2-78b0-4d13-b7e2-d3daf669de24-server-thread1] INFO  server.RaftServer$Division (ServerState.java:setLeader(313)) - 7c6ec4c2-78b0-4d13-b7e2-d3daf669de24@group-49BE29CAAC96: change Leader from null to da03ca31-a8e2-4a02-8a0e-9033bcd0268f at term 1 for appendEntries, leader elected after 4854ms
2023-01-31 11:34:24,116 [7c6ec4c2-78b0-4d13-b7e2-d3daf669de24-server-thread1] INFO  server.RaftServer$Division (ServerState.java:setRaftConf(430)) - 7c6ec4c2-78b0-4d13-b7e2-d3daf669de24@group-49BE29CAAC96: set configuration 0: peers:[7c6ec4c2-78b0-4d13-b7e2-d3daf669de24|rpc:10.1.0.34:37179|dataStream:10.1.0.34:42751|priority:0|startupRole:FOLLOWER, e9250560-f63f-4845-b91b-4ee2b5e52a1e|rpc:10.1.0.34:46329|dataStream:10.1.0.34:39341|priority:0|startupRole:FOLLOWER, da03ca31-a8e2-4a02-8a0e-9033bcd0268f|rpc:10.1.0.34:42519|dataStream:10.1.0.34:33639|priority:1|startupRole:FOLLOWER]|listeners:[], old=null
2023-01-31 11:34:24,116 [7c6ec4c2-78b0-4d13-b7e2-d3daf669de24-server-thread1] INFO  segmented.SegmentedRaftLogWorker (SegmentedRaftLogWorker.java:startLogSegment(452)) - 7c6ec4c2-78b0-4d13-b7e2-d3daf669de24@group-49BE29CAAC96-SegmentedRaftLogWorker: Starting segment from index:0
2023-01-31 11:34:24,120 [7c6ec4c2-78b0-4d13-b7e2-d3daf669de24@group-49BE29CAAC96-SegmentedRaftLogWorker] INFO  segmented.SegmentedRaftLogWorker (SegmentedRaftLogWorker.java:execute(656)) - 7c6ec4c2-78b0-4d13-b7e2-d3daf669de24@group-49BE29CAAC96-SegmentedRaftLogWorker: created new log segment /home/runner/work/ozone/ozone/hadoop-ozone/integration-test/target/test-dir/MiniOzoneClusterImpl-e7442b91-30ca-4883-b9fa-57f4a6ec4b9c/datanode-2/data/ratis/3833c052-5fb2-4765-9402-49be29caac96/current/log_inprogress_0
2023-01-31 11:34:24,164 [Listener at 127.0.0.1/43645] INFO  ozone.MiniOzoneClusterImpl (MiniOzoneClusterImpl.java:lambda$waitForClusterToBeReady$0(218)) - Nodes are ready. Got 7 of 7 DN Heartbeats.
2023-01-31 11:34:24,165 [Listener at 127.0.0.1/43645] INFO  ozone.MiniOzoneClusterImpl (MiniOzoneClusterImpl.java:lambda$waitForClusterToBeReady$0(221)) - Cluster exits safe mode
2023-01-31 11:34:24,165 [Listener at 127.0.0.1/43645] INFO  ozone.MiniOzoneClusterImpl (MiniOzoneClusterImpl.java:lambda$waitForClusterToBeReady$0(223)) - SCM became leader
2023-01-31 11:34:24,474 [e9250560-f63f-4845-b91b-4ee2b5e52a1e@group-B02B3020F3F8-FollowerState] INFO  impl.FollowerState (FollowerState.java:run(143)) - e9250560-f63f-4845-b91b-4ee2b5e52a1e@group-B02B3020F3F8-FollowerState: change to CANDIDATE, lastRpcElapsedTime:5025322808ns, electionTimeout:5023ms
2023-01-31 11:34:24,474 [e9250560-f63f-4845-b91b-4ee2b5e52a1e@group-B02B3020F3F8-FollowerState] INFO  impl.RoleInfo (RoleInfo.java:shutdownFollowerState(110)) - e9250560-f63f-4845-b91b-4ee2b5e52a1e: shutdown e9250560-f63f-4845-b91b-4ee2b5e52a1e@group-B02B3020F3F8-FollowerState
2023-01-31 11:34:24,474 [e9250560-f63f-4845-b91b-4ee2b5e52a1e@group-B02B3020F3F8-FollowerState] INFO  server.RaftServer$Division (RaftServerImpl.java:setRole(321)) - e9250560-f63f-4845-b91b-4ee2b5e52a1e@group-B02B3020F3F8: changes role from  FOLLOWER to CANDIDATE at term 0 for changeToCandidate
2023-01-31 11:34:24,475 [e9250560-f63f-4845-b91b-4ee2b5e52a1e@group-B02B3020F3F8-FollowerState] INFO  server.RaftServerConfigKeys (ConfUtils.java:logGet(46)) - raft.server.leaderelection.pre-vote = false (custom)
2023-01-31 11:34:24,475 [e9250560-f63f-4845-b91b-4ee2b5e52a1e@group-B02B3020F3F8-FollowerState] INFO  impl.RoleInfo (RoleInfo.java:updateAndGet(139)) - e9250560-f63f-4845-b91b-4ee2b5e52a1e: start e9250560-f63f-4845-b91b-4ee2b5e52a1e@group-B02B3020F3F8-LeaderElection4
2023-01-31 11:34:24,502 [e9250560-f63f-4845-b91b-4ee2b5e52a1e@group-B02B3020F3F8-LeaderElection4] INFO  impl.LeaderElection (LeaderElection.java:askForVotes(312)) - e9250560-f63f-4845-b91b-4ee2b5e52a1e@group-B02B3020F3F8-LeaderElection4 ELECTION round 0: submit vote requests at term 1 for -1: peers:[e9250560-f63f-4845-b91b-4ee2b5e52a1e|rpc:10.1.0.34:46329|dataStream:10.1.0.34:39341|priority:1|startupRole:FOLLOWER]|listeners:[], old=null
2023-01-31 11:34:24,503 [e9250560-f63f-4845-b91b-4ee2b5e52a1e@group-B02B3020F3F8-LeaderElection4] INFO  impl.LeaderElection (LeaderElection.java:askForVotes(314)) - e9250560-f63f-4845-b91b-4ee2b5e52a1e@group-B02B3020F3F8-LeaderElection4 ELECTION round 0: result PASSED (term=1)
2023-01-31 11:34:24,503 [e9250560-f63f-4845-b91b-4ee2b5e52a1e@group-B02B3020F3F8-LeaderElection4] INFO  impl.RoleInfo (RoleInfo.java:shutdownLeaderElection(130)) - e9250560-f63f-4845-b91b-4ee2b5e52a1e: shutdown e9250560-f63f-4845-b91b-4ee2b5e52a1e@group-B02B3020F3F8-LeaderElection4
2023-01-31 11:34:24,503 [e9250560-f63f-4845-b91b-4ee2b5e52a1e@group-B02B3020F3F8-LeaderElection4] INFO  server.RaftServer$Division (RaftServerImpl.java:setRole(321)) - e9250560-f63f-4845-b91b-4ee2b5e52a1e@group-B02B3020F3F8: changes role from CANDIDATE to LEADER at term 1 for changeToLeader
2023-01-31 11:34:24,503 [e9250560-f63f-4845-b91b-4ee2b5e52a1e@group-B02B3020F3F8-LeaderElection4] INFO  ratis.XceiverServerRatis (XceiverServerRatis.java:handleLeaderChangedNotification(904)) - Leader change notification received for group: group-B02B3020F3F8 with new leaderId: e9250560-f63f-4845-b91b-4ee2b5e52a1e
2023-01-31 11:34:24,504 [e9250560-f63f-4845-b91b-4ee2b5e52a1e@group-B02B3020F3F8-LeaderElection4] INFO  server.RaftServer$Division (ServerState.java:setLeader(313)) - e9250560-f63f-4845-b91b-4ee2b5e52a1e@group-B02B3020F3F8: change Leader from null to e9250560-f63f-4845-b91b-4ee2b5e52a1e at term 1 for becomeLeader, leader elected after 5092ms
2023-01-31 11:34:24,504 [e9250560-f63f-4845-b91b-4ee2b5e52a1e@group-B02B3020F3F8-LeaderElection4] INFO  server.RaftServerConfigKeys (ConfUtils.java:logGet(46)) - raft.server.staging.catchup.gap = 1000 (default)
2023-01-31 11:34:24,504 [e9250560-f63f-4845-b91b-4ee2b5e52a1e@group-B02B3020F3F8-LeaderElection4] INFO  server.RaftServerConfigKeys (ConfUtils.java:logGet(46)) - raft.server.write.element-limit = 1024 (custom)
2023-01-31 11:34:24,504 [e9250560-f63f-4845-b91b-4ee2b5e52a1e@group-B02B3020F3F8-LeaderElection4] INFO  server.RaftServerConfigKeys (ConfUtils.java:logGet(46)) - raft.server.write.byte-limit = 1024 M (=1073741824) (custom)
2023-01-31 11:34:24,504 [e9250560-f63f-4845-b91b-4ee2b5e52a1e@group-B02B3020F3F8-LeaderElection4] INFO  server.RaftServerConfigKeys (ConfUtils.java:logGet(46)) - raft.server.watch.timeout = 180s (custom)
2023-01-31 11:34:24,504 [e9250560-f63f-4845-b91b-4ee2b5e52a1e@group-B02B3020F3F8-LeaderElection4] INFO  server.RaftServerConfigKeys (ConfUtils.java:logGet(46)) - raft.server.watch.timeout.denomination = 1s (default)
2023-01-31 11:34:24,504 [e9250560-f63f-4845-b91b-4ee2b5e52a1e@group-B02B3020F3F8-LeaderElection4] INFO  server.RaftServerConfigKeys (ConfUtils.java:logGet(46)) - raft.server.watch.element-limit = 65536 (default)
2023-01-31 11:34:24,504 [e9250560-f63f-4845-b91b-4ee2b5e52a1e@group-B02B3020F3F8-LeaderElection4] INFO  server.RaftServerConfigKeys (ConfUtils.java:logGet(46)) - raft.server.write.element-limit = 1024 (custom)
2023-01-31 11:34:24,504 [e9250560-f63f-4845-b91b-4ee2b5e52a1e@group-B02B3020F3F8-LeaderElection4] INFO  server.RaftServerConfigKeys (ConfUtils.java:logGet(46)) - raft.server.write.follower.gap.ratio.max = -1.0 (default)
2023-01-31 11:34:24,504 [e9250560-f63f-4845-b91b-4ee2b5e52a1e@group-B02B3020F3F8-LeaderElection4] INFO  impl.RoleInfo (RoleInfo.java:updateAndGet(139)) - e9250560-f63f-4845-b91b-4ee2b5e52a1e: start e9250560-f63f-4845-b91b-4ee2b5e52a1e@group-B02B3020F3F8-LeaderStateImpl
2023-01-31 11:34:24,505 [e9250560-f63f-4845-b91b-4ee2b5e52a1e@group-B02B3020F3F8-LeaderElection4] INFO  segmented.SegmentedRaftLogWorker (SegmentedRaftLogWorker.java:startLogSegment(452)) - e9250560-f63f-4845-b91b-4ee2b5e52a1e@group-B02B3020F3F8-SegmentedRaftLogWorker: Starting segment from index:0
2023-01-31 11:34:24,507 [e9250560-f63f-4845-b91b-4ee2b5e52a1e@group-B02B3020F3F8-SegmentedRaftLogWorker] INFO  segmented.SegmentedRaftLogWorker (SegmentedRaftLogWorker.java:execute(656)) - e9250560-f63f-4845-b91b-4ee2b5e52a1e@group-B02B3020F3F8-SegmentedRaftLogWorker: created new log segment /home/runner/work/ozone/ozone/hadoop-ozone/integration-test/target/test-dir/MiniOzoneClusterImpl-e7442b91-30ca-4883-b9fa-57f4a6ec4b9c/datanode-1/data/ratis/9600a70e-8ef6-40d5-80b2-b02b3020f3f8/current/log_inprogress_0
2023-01-31 11:34:24,510 [e9250560-f63f-4845-b91b-4ee2b5e52a1e@group-B02B3020F3F8-LeaderElection4] INFO  server.RaftServer$Division (ServerState.java:setRaftConf(430)) - e9250560-f63f-4845-b91b-4ee2b5e52a1e@group-B02B3020F3F8: set configuration 0: peers:[e9250560-f63f-4845-b91b-4ee2b5e52a1e|rpc:10.1.0.34:46329|dataStream:10.1.0.34:39341|priority:1|startupRole:FOLLOWER]|listeners:[], old=null
2023-01-31 11:34:24,547 [da03ca31-a8e2-4a02-8a0e-9033bcd0268f@group-88CB3DFB34B0-FollowerState] INFO  impl.FollowerState (FollowerState.java:run(143)) - da03ca31-a8e2-4a02-8a0e-9033bcd0268f@group-88CB3DFB34B0-FollowerState: change to CANDIDATE, lastRpcElapsedTime:5141274775ns, electionTimeout:5135ms
2023-01-31 11:34:24,547 [da03ca31-a8e2-4a02-8a0e-9033bcd0268f@group-88CB3DFB34B0-FollowerState] INFO  impl.RoleInfo (RoleInfo.java:shutdownFollowerState(110)) - da03ca31-a8e2-4a02-8a0e-9033bcd0268f: shutdown da03ca31-a8e2-4a02-8a0e-9033bcd0268f@group-88CB3DFB34B0-FollowerState
2023-01-31 11:34:24,548 [da03ca31-a8e2-4a02-8a0e-9033bcd0268f@group-88CB3DFB34B0-FollowerState] INFO  server.RaftServer$Division (RaftServerImpl.java:setRole(321)) - da03ca31-a8e2-4a02-8a0e-9033bcd0268f@group-88CB3DFB34B0: changes role from  FOLLOWER to CANDIDATE at term 0 for changeToCandidate
2023-01-31 11:34:24,548 [da03ca31-a8e2-4a02-8a0e-9033bcd0268f@group-88CB3DFB34B0-FollowerState] INFO  server.RaftServerConfigKeys (ConfUtils.java:logGet(46)) - raft.server.leaderelection.pre-vote = false (custom)
2023-01-31 11:34:24,548 [da03ca31-a8e2-4a02-8a0e-9033bcd0268f@group-88CB3DFB34B0-FollowerState] INFO  impl.RoleInfo (RoleInfo.java:updateAndGet(139)) - da03ca31-a8e2-4a02-8a0e-9033bcd0268f: start da03ca31-a8e2-4a02-8a0e-9033bcd0268f@group-88CB3DFB34B0-LeaderElection5
2023-01-31 11:34:24,556 [da03ca31-a8e2-4a02-8a0e-9033bcd0268f@group-88CB3DFB34B0-LeaderElection5] INFO  impl.LeaderElection (LeaderElection.java:askForVotes(312)) - da03ca31-a8e2-4a02-8a0e-9033bcd0268f@group-88CB3DFB34B0-LeaderElection5 ELECTION round 0: submit vote requests at term 1 for -1: peers:[7c6ec4c2-78b0-4d13-b7e2-d3daf669de24|rpc:10.1.0.34:37179|dataStream:10.1.0.34:42751|priority:1|startupRole:FOLLOWER, e9250560-f63f-4845-b91b-4ee2b5e52a1e|rpc:10.1.0.34:46329|dataStream:10.1.0.34:39341|priority:0|startupRole:FOLLOWER, da03ca31-a8e2-4a02-8a0e-9033bcd0268f|rpc:10.1.0.34:42519|dataStream:10.1.0.34:33639|priority:0|startupRole:FOLLOWER]|listeners:[], old=null
2023-01-31 11:34:24,558 [da03ca31-a8e2-4a02-8a0e-9033bcd0268f@group-88CB3DFB34B0-LeaderElection5] INFO  server.RaftServerConfigKeys (ConfUtils.java:logFallback(53)) - raft.server.rpc.first-election.timeout.min = 5s (fallback to raft.server.rpc.timeout.min)
2023-01-31 11:34:24,558 [e9250560-f63f-4845-b91b-4ee2b5e52a1e@group-88CB3DFB34B0-FollowerState] INFO  impl.FollowerState (FollowerState.java:run(143)) - e9250560-f63f-4845-b91b-4ee2b5e52a1e@group-88CB3DFB34B0-FollowerState: change to CANDIDATE, lastRpcElapsedTime:5085408932ns, electionTimeout:5082ms
2023-01-31 11:34:24,567 [e9250560-f63f-4845-b91b-4ee2b5e52a1e@group-88CB3DFB34B0-FollowerState] INFO  impl.RoleInfo (RoleInfo.java:shutdownFollowerState(110)) - e9250560-f63f-4845-b91b-4ee2b5e52a1e: shutdown e9250560-f63f-4845-b91b-4ee2b5e52a1e@group-88CB3DFB34B0-FollowerState
2023-01-31 11:34:24,567 [grpc-default-executor-5] INFO  server.RaftServer$Division (RaftServerImpl.java:requestVote(1218)) - 7c6ec4c2-78b0-4d13-b7e2-d3daf669de24@group-88CB3DFB34B0: receive requestVote(ELECTION, da03ca31-a8e2-4a02-8a0e-9033bcd0268f, group-88CB3DFB34B0, 1, (t:0, i:0))
2023-01-31 11:34:24,567 [grpc-default-executor-5] INFO  impl.VoteContext (VoteContext.java:log(49)) - 7c6ec4c2-78b0-4d13-b7e2-d3daf669de24@group-88CB3DFB34B0-FOLLOWER: reject ELECTION from da03ca31-a8e2-4a02-8a0e-9033bcd0268f: our priority 1 > candidate's priority 0
2023-01-31 11:34:24,567 [grpc-default-executor-5] INFO  server.RaftServer$Division (RaftServerImpl.java:setRole(321)) - 7c6ec4c2-78b0-4d13-b7e2-d3daf669de24@group-88CB3DFB34B0: changes role from  FOLLOWER to FOLLOWER at term 1 for candidate:da03ca31-a8e2-4a02-8a0e-9033bcd0268f
2023-01-31 11:34:24,567 [grpc-default-executor-5] INFO  impl.RoleInfo (RoleInfo.java:shutdownFollowerState(110)) - 7c6ec4c2-78b0-4d13-b7e2-d3daf669de24: shutdown 7c6ec4c2-78b0-4d13-b7e2-d3daf669de24@group-88CB3DFB34B0-FollowerState
2023-01-31 11:34:24,558 [da03ca31-a8e2-4a02-8a0e-9033bcd0268f@group-88CB3DFB34B0-LeaderElection5] INFO  server.RaftServerConfigKeys (ConfUtils.java:logFallback(53)) - raft.server.rpc.first-election.timeout.max = 5200ms (fallback to raft.server.rpc.timeout.max)
2023-01-31 11:34:24,567 [e9250560-f63f-4845-b91b-4ee2b5e52a1e@group-88CB3DFB34B0-FollowerState] INFO  server.RaftServer$Division (RaftServerImpl.java:setRole(321)) - e9250560-f63f-4845-b91b-4ee2b5e52a1e@group-88CB3DFB34B0: changes role from  FOLLOWER to CANDIDATE at term 0 for changeToCandidate
2023-01-31 11:34:24,567 [7c6ec4c2-78b0-4d13-b7e2-d3daf669de24@group-88CB3DFB34B0-FollowerState] INFO  impl.FollowerState (FollowerState.java:run(152)) - 7c6ec4c2-78b0-4d13-b7e2-d3daf669de24@group-88CB3DFB34B0-FollowerState was interrupted
2023-01-31 11:34:24,572 [grpc-default-executor-5] INFO  impl.RoleInfo (RoleInfo.java:updateAndGet(139)) - 7c6ec4c2-78b0-4d13-b7e2-d3daf669de24: start 7c6ec4c2-78b0-4d13-b7e2-d3daf669de24@group-88CB3DFB34B0-FollowerState
2023-01-31 11:34:24,572 [grpc-default-executor-3] INFO  server.RaftServer$Division (RaftServerImpl.java:requestVote(1218)) - e9250560-f63f-4845-b91b-4ee2b5e52a1e@group-88CB3DFB34B0: receive requestVote(ELECTION, da03ca31-a8e2-4a02-8a0e-9033bcd0268f, group-88CB3DFB34B0, 1, (t:0, i:0))
2023-01-31 11:34:24,572 [e9250560-f63f-4845-b91b-4ee2b5e52a1e@group-88CB3DFB34B0-FollowerState] INFO  server.RaftServerConfigKeys (ConfUtils.java:logGet(46)) - raft.server.leaderelection.pre-vote = false (custom)
2023-01-31 11:34:24,572 [e9250560-f63f-4845-b91b-4ee2b5e52a1e@group-88CB3DFB34B0-FollowerState] INFO  impl.RoleInfo (RoleInfo.java:updateAndGet(139)) - e9250560-f63f-4845-b91b-4ee2b5e52a1e: start e9250560-f63f-4845-b91b-4ee2b5e52a1e@group-88CB3DFB34B0-LeaderElection6
2023-01-31 11:34:24,573 [grpc-default-executor-5] INFO  server.RaftServer$Division (RaftServerImpl.java:requestVote(1251)) - 7c6ec4c2-78b0-4d13-b7e2-d3daf669de24@group-88CB3DFB34B0 replies to ELECTION vote request: da03ca31-a8e2-4a02-8a0e-9033bcd0268f<-7c6ec4c2-78b0-4d13-b7e2-d3daf669de24#0:FAIL-t1. Peer's state: 7c6ec4c2-78b0-4d13-b7e2-d3daf669de24@group-88CB3DFB34B0:t1, leader=null, voted=null, raftlog=Memoized:7c6ec4c2-78b0-4d13-b7e2-d3daf669de24@group-88CB3DFB34B0-SegmentedRaftLog:OPENED:c-1, conf=-1: peers:[7c6ec4c2-78b0-4d13-b7e2-d3daf669de24|rpc:10.1.0.34:37179|dataStream:10.1.0.34:42751|priority:1|startupRole:FOLLOWER, e9250560-f63f-4845-b91b-4ee2b5e52a1e|rpc:10.1.0.34:46329|dataStream:10.1.0.34:39341|priority:0|startupRole:FOLLOWER, da03ca31-a8e2-4a02-8a0e-9033bcd0268f|rpc:10.1.0.34:42519|dataStream:10.1.0.34:33639|priority:0|startupRole:FOLLOWER]|listeners:[], old=null
2023-01-31 11:34:24,578 [grpc-default-executor-3] INFO  impl.VoteContext (VoteContext.java:log(49)) - e9250560-f63f-4845-b91b-4ee2b5e52a1e@group-88CB3DFB34B0-CANDIDATE: accept ELECTION from da03ca31-a8e2-4a02-8a0e-9033bcd0268f: our priority 0 <= candidate's priority 0
2023-01-31 11:34:24,579 [grpc-default-executor-3] INFO  server.RaftServer$Division (RaftServerImpl.java:setRole(321)) - e9250560-f63f-4845-b91b-4ee2b5e52a1e@group-88CB3DFB34B0: changes role from CANDIDATE to FOLLOWER at term 1 for candidate:da03ca31-a8e2-4a02-8a0e-9033bcd0268f
2023-01-31 11:34:24,579 [grpc-default-executor-3] INFO  impl.RoleInfo (RoleInfo.java:shutdownLeaderElection(130)) - e9250560-f63f-4845-b91b-4ee2b5e52a1e: shutdown e9250560-f63f-4845-b91b-4ee2b5e52a1e@group-88CB3DFB34B0-LeaderElection6
2023-01-31 11:34:24,579 [7c6ec4c2-78b0-4d13-b7e2-d3daf669de24@group-88CB3DFB34B0-FollowerState] INFO  server.RaftServerConfigKeys (ConfUtils.java:logFallback(53)) - raft.server.rpc.first-election.timeout.min = 5s (fallback to raft.server.rpc.timeout.min)
2023-01-31 11:34:24,579 [da03ca31-a8e2-4a02-8a0e-9033bcd0268f@group-88CB3DFB34B0-LeaderElection5] INFO  impl.LeaderElection (LeaderElection.java:logAndReturn(90)) - da03ca31-a8e2-4a02-8a0e-9033bcd0268f@group-88CB3DFB34B0-LeaderElection5: ELECTION REJECTED received 1 response(s) and 0 exception(s):
2023-01-31 11:34:24,580 [da03ca31-a8e2-4a02-8a0e-9033bcd0268f@group-88CB3DFB34B0-LeaderElection5] INFO  impl.LeaderElection (LeaderElection.java:logAndReturn(94)) -   Response 0: da03ca31-a8e2-4a02-8a0e-9033bcd0268f<-7c6ec4c2-78b0-4d13-b7e2-d3daf669de24#0:FAIL-t1
2023-01-31 11:34:24,580 [da03ca31-a8e2-4a02-8a0e-9033bcd0268f@group-88CB3DFB34B0-LeaderElection5] INFO  impl.LeaderElection (LeaderElection.java:askForVotes(314)) - da03ca31-a8e2-4a02-8a0e-9033bcd0268f@group-88CB3DFB34B0-LeaderElection5 ELECTION round 0: result REJECTED
2023-01-31 11:34:24,580 [da03ca31-a8e2-4a02-8a0e-9033bcd0268f@group-88CB3DFB34B0-LeaderElection5] INFO  server.RaftServer$Division (RaftServerImpl.java:setRole(321)) - da03ca31-a8e2-4a02-8a0e-9033bcd0268f@group-88CB3DFB34B0: changes role from CANDIDATE to FOLLOWER at term 1 for REJECTED
2023-01-31 11:34:24,580 [da03ca31-a8e2-4a02-8a0e-9033bcd0268f@group-88CB3DFB34B0-LeaderElection5] INFO  impl.RoleInfo (RoleInfo.java:shutdownLeaderElection(130)) - da03ca31-a8e2-4a02-8a0e-9033bcd0268f: shutdown da03ca31-a8e2-4a02-8a0e-9033bcd0268f@group-88CB3DFB34B0-LeaderElection5
2023-01-31 11:34:24,580 [da03ca31-a8e2-4a02-8a0e-9033bcd0268f@group-88CB3DFB34B0-LeaderElection5] INFO  impl.RoleInfo (RoleInfo.java:updateAndGet(139)) - da03ca31-a8e2-4a02-8a0e-9033bcd0268f: start da03ca31-a8e2-4a02-8a0e-9033bcd0268f@group-88CB3DFB34B0-FollowerState
2023-01-31 11:34:24,579 [e9250560-f63f-4845-b91b-4ee2b5e52a1e@group-88CB3DFB34B0-LeaderElection6] INFO  impl.LeaderElection (LeaderElection.java:run(233)) - e9250560-f63f-4845-b91b-4ee2b5e52a1e@group-88CB3DFB34B0-LeaderElection6: skip running since this is already CLOSING
2023-01-31 11:34:24,579 [grpc-default-executor-3] INFO  impl.RoleInfo (RoleInfo.java:updateAndGet(139)) - e9250560-f63f-4845-b91b-4ee2b5e52a1e: start e9250560-f63f-4845-b91b-4ee2b5e52a1e@group-88CB3DFB34B0-FollowerState
2023-01-31 11:34:24,580 [7c6ec4c2-78b0-4d13-b7e2-d3daf669de24@group-88CB3DFB34B0-FollowerState] INFO  server.RaftServerConfigKeys (ConfUtils.java:logFallback(53)) - raft.server.rpc.first-election.timeout.max = 5200ms (fallback to raft.server.rpc.timeout.max)
2023-01-31 11:34:24,587 [da03ca31-a8e2-4a02-8a0e-9033bcd0268f@group-88CB3DFB34B0-FollowerState] INFO  server.RaftServerConfigKeys (ConfUtils.java:logFallback(53)) - raft.server.rpc.first-election.timeout.min = 5s (fallback to raft.server.rpc.timeout.min)
2023-01-31 11:34:24,587 [da03ca31-a8e2-4a02-8a0e-9033bcd0268f@group-88CB3DFB34B0-FollowerState] INFO  server.RaftServerConfigKeys (ConfUtils.java:logFallback(53)) - raft.server.rpc.first-election.timeout.max = 5200ms (fallback to raft.server.rpc.timeout.max)
2023-01-31 11:34:24,587 [grpc-default-executor-3] INFO  server.RaftServer$Division (RaftServerImpl.java:requestVote(1251)) - e9250560-f63f-4845-b91b-4ee2b5e52a1e@group-88CB3DFB34B0 replies to ELECTION vote request: da03ca31-a8e2-4a02-8a0e-9033bcd0268f<-e9250560-f63f-4845-b91b-4ee2b5e52a1e#0:OK-t1. Peer's state: e9250560-f63f-4845-b91b-4ee2b5e52a1e@group-88CB3DFB34B0:t1, leader=null, voted=da03ca31-a8e2-4a02-8a0e-9033bcd0268f, raftlog=Memoized:e9250560-f63f-4845-b91b-4ee2b5e52a1e@group-88CB3DFB34B0-SegmentedRaftLog:OPENED:c-1, conf=-1: peers:[7c6ec4c2-78b0-4d13-b7e2-d3daf669de24|rpc:10.1.0.34:37179|dataStream:10.1.0.34:42751|priority:1|startupRole:FOLLOWER, e9250560-f63f-4845-b91b-4ee2b5e52a1e|rpc:10.1.0.34:46329|dataStream:10.1.0.34:39341|priority:0|startupRole:FOLLOWER, da03ca31-a8e2-4a02-8a0e-9033bcd0268f|rpc:10.1.0.34:42519|dataStream:10.1.0.34:33639|priority:0|startupRole:FOLLOWER]|listeners:[], old=null
2023-01-31 11:34:24,587 [e9250560-f63f-4845-b91b-4ee2b5e52a1e@group-88CB3DFB34B0-FollowerState] INFO  server.RaftServerConfigKeys (ConfUtils.java:logFallback(53)) - raft.server.rpc.first-election.timeout.min = 5s (fallback to raft.server.rpc.timeout.min)
2023-01-31 11:34:24,587 [e9250560-f63f-4845-b91b-4ee2b5e52a1e@group-88CB3DFB34B0-FollowerState] INFO  server.RaftServerConfigKeys (ConfUtils.java:logFallback(53)) - raft.server.rpc.first-election.timeout.max = 5200ms (fallback to raft.server.rpc.timeout.max)
2023-01-31 11:34:24,640 [Listener at 127.0.0.1/43645] INFO  rpc.RpcClient (RpcClient.java:createVolume(474)) - Creating Volume: testblockoutputstream, with runner as owner and space quota set to -1 bytes, counts quota set to -1
2023-01-31 11:34:24,686 [OM StateMachine ApplyTransaction Thread - 0] INFO  volume.OMVolumeCreateRequest (OMVolumeCreateRequest.java:validateAndUpdateCache(195)) - created volume:testblockoutputstream for user:runner
2023-01-31 11:34:24,710 [Listener at 127.0.0.1/43645] INFO  rpc.RpcClient (RpcClient.java:createBucket(693)) - Creating Bucket: testblockoutputstream/testblockoutputstream, with server-side default bucket layout, runner as owner, Versioning false, Storage Type set to DISK and Encryption set to false 
2023-01-31 11:34:24,733 [OM StateMachine ApplyTransaction Thread - 0] INFO  bucket.OMBucketCreateRequest (OMBucketCreateRequest.java:validateAndUpdateCache(263)) - created bucket: testblockoutputstream of layout FILE_SYSTEM_OPTIMIZED in volume: testblockoutputstream
2023-01-31 11:34:24,751 [Time-limited test] INFO  impl.MetricsSystemImpl (MetricsSystemImpl.java:init(158)) - XceiverClientMetrics metrics system started (again)
2023-01-31 11:34:24,811 [IPC Server handler 0 on default port 41725] INFO  ha.SequenceIdGenerator (SequenceIdGenerator.java:getNextId(128)) - Allocate a batch for containerId, change lastId from 0 to 1000.
2023-01-31 11:34:24,824 [IPC Server handler 0 on default port 41725] WARN  ha.SequenceIdGenerator (SequenceIdGenerator.java:allocateBatch(237)) - Failed to allocate a batch for localId, expected lastId is 0, actual lastId is 111677748019200000.
2023-01-31 11:34:24,824 [IPC Server handler 0 on default port 41725] INFO  ha.SequenceIdGenerator (SequenceIdGenerator.java:getNextId(128)) - Allocate a batch for localId, change lastId from 111677748019200000 to 111677748019201000.
2023-01-31 11:34:24,958 [7c6ec4c2-78b0-4d13-b7e2-d3daf669de24@group-EC69BCBF2BC9-FollowerState] INFO  impl.FollowerState (FollowerState.java:run(143)) - 7c6ec4c2-78b0-4d13-b7e2-d3daf669de24@group-EC69BCBF2BC9-FollowerState: change to CANDIDATE, lastRpcElapsedTime:5194946929ns, electionTimeout:5191ms
2023-01-31 11:34:24,958 [7c6ec4c2-78b0-4d13-b7e2-d3daf669de24@group-EC69BCBF2BC9-FollowerState] INFO  impl.RoleInfo (RoleInfo.java:shutdownFollowerState(110)) - 7c6ec4c2-78b0-4d13-b7e2-d3daf669de24: shutdown 7c6ec4c2-78b0-4d13-b7e2-d3daf669de24@group-EC69BCBF2BC9-FollowerState
2023-01-31 11:34:24,958 [7c6ec4c2-78b0-4d13-b7e2-d3daf669de24@group-EC69BCBF2BC9-FollowerState] INFO  server.RaftServer$Division (RaftServerImpl.java:setRole(321)) - 7c6ec4c2-78b0-4d13-b7e2-d3daf669de24@group-EC69BCBF2BC9: changes role from  FOLLOWER to CANDIDATE at term 0 for changeToCandidate
2023-01-31 11:34:24,959 [7c6ec4c2-78b0-4d13-b7e2-d3daf669de24@group-EC69BCBF2BC9-FollowerState] INFO  server.RaftServerConfigKeys (ConfUtils.java:logGet(46)) - raft.server.leaderelection.pre-vote = false (custom)
2023-01-31 11:34:24,959 [7c6ec4c2-78b0-4d13-b7e2-d3daf669de24@group-EC69BCBF2BC9-FollowerState] INFO  impl.RoleInfo (RoleInfo.java:updateAndGet(139)) - 7c6ec4c2-78b0-4d13-b7e2-d3daf669de24: start 7c6ec4c2-78b0-4d13-b7e2-d3daf669de24@group-EC69BCBF2BC9-LeaderElection7
2023-01-31 11:34:24,964 [7c6ec4c2-78b0-4d13-b7e2-d3daf669de24@group-EC69BCBF2BC9-LeaderElection7] INFO  impl.LeaderElection (LeaderElection.java:askForVotes(312)) - 7c6ec4c2-78b0-4d13-b7e2-d3daf669de24@group-EC69BCBF2BC9-LeaderElection7 ELECTION round 0: submit vote requests at term 1 for -1: peers:[7c6ec4c2-78b0-4d13-b7e2-d3daf669de24|rpc:10.1.0.34:37179|dataStream:10.1.0.34:42751|priority:1|startupRole:FOLLOWER]|listeners:[], old=null
2023-01-31 11:34:24,964 [7c6ec4c2-78b0-4d13-b7e2-d3daf669de24@group-EC69BCBF2BC9-LeaderElection7] INFO  impl.LeaderElection (LeaderElection.java:askForVotes(314)) - 7c6ec4c2-78b0-4d13-b7e2-d3daf669de24@group-EC69BCBF2BC9-LeaderElection7 ELECTION round 0: result PASSED (term=1)
2023-01-31 11:34:24,964 [7c6ec4c2-78b0-4d13-b7e2-d3daf669de24@group-EC69BCBF2BC9-LeaderElection7] INFO  impl.RoleInfo (RoleInfo.java:shutdownLeaderElection(130)) - 7c6ec4c2-78b0-4d13-b7e2-d3daf669de24: shutdown 7c6ec4c2-78b0-4d13-b7e2-d3daf669de24@group-EC69BCBF2BC9-LeaderElection7
2023-01-31 11:34:24,964 [7c6ec4c2-78b0-4d13-b7e2-d3daf669de24@group-EC69BCBF2BC9-LeaderElection7] INFO  server.RaftServer$Division (RaftServerImpl.java:setRole(321)) - 7c6ec4c2-78b0-4d13-b7e2-d3daf669de24@group-EC69BCBF2BC9: changes role from CANDIDATE to LEADER at term 1 for changeToLeader
2023-01-31 11:34:24,964 [7c6ec4c2-78b0-4d13-b7e2-d3daf669de24@group-EC69BCBF2BC9-LeaderElection7] INFO  ratis.XceiverServerRatis (XceiverServerRatis.java:handleLeaderChangedNotification(904)) - Leader change notification received for group: group-EC69BCBF2BC9 with new leaderId: 7c6ec4c2-78b0-4d13-b7e2-d3daf669de24
2023-01-31 11:34:24,964 [7c6ec4c2-78b0-4d13-b7e2-d3daf669de24@group-EC69BCBF2BC9-LeaderElection7] INFO  server.RaftServer$Division (ServerState.java:setLeader(313)) - 7c6ec4c2-78b0-4d13-b7e2-d3daf669de24@group-EC69BCBF2BC9: change Leader from null to 7c6ec4c2-78b0-4d13-b7e2-d3daf669de24 at term 1 for becomeLeader, leader elected after 5220ms
2023-01-31 11:34:24,964 [7c6ec4c2-78b0-4d13-b7e2-d3daf669de24@group-EC69BCBF2BC9-LeaderElection7] INFO  server.RaftServerConfigKeys (ConfUtils.java:logGet(46)) - raft.server.staging.catchup.gap = 1000 (default)
2023-01-31 11:34:24,965 [7c6ec4c2-78b0-4d13-b7e2-d3daf669de24@group-EC69BCBF2BC9-LeaderElection7] INFO  server.RaftServerConfigKeys (ConfUtils.java:logGet(46)) - raft.server.write.element-limit = 1024 (custom)
2023-01-31 11:34:24,965 [7c6ec4c2-78b0-4d13-b7e2-d3daf669de24@group-EC69BCBF2BC9-LeaderElection7] INFO  server.RaftServerConfigKeys (ConfUtils.java:logGet(46)) - raft.server.write.byte-limit = 1024 M (=1073741824) (custom)
2023-01-31 11:34:24,965 [7c6ec4c2-78b0-4d13-b7e2-d3daf669de24@group-EC69BCBF2BC9-LeaderElection7] INFO  server.RaftServerConfigKeys (ConfUtils.java:logGet(46)) - raft.server.watch.timeout = 180s (custom)
2023-01-31 11:34:24,965 [7c6ec4c2-78b0-4d13-b7e2-d3daf669de24@group-EC69BCBF2BC9-LeaderElection7] INFO  server.RaftServerConfigKeys (ConfUtils.java:logGet(46)) - raft.server.watch.timeout.denomination = 1s (default)
2023-01-31 11:34:24,965 [7c6ec4c2-78b0-4d13-b7e2-d3daf669de24@group-EC69BCBF2BC9-LeaderElection7] INFO  server.RaftServerConfigKeys (ConfUtils.java:logGet(46)) - raft.server.watch.element-limit = 65536 (default)
2023-01-31 11:34:24,965 [7c6ec4c2-78b0-4d13-b7e2-d3daf669de24@group-EC69BCBF2BC9-LeaderElection7] INFO  server.RaftServerConfigKeys (ConfUtils.java:logGet(46)) - raft.server.write.element-limit = 1024 (custom)
2023-01-31 11:34:24,965 [7c6ec4c2-78b0-4d13-b7e2-d3daf669de24@group-EC69BCBF2BC9-LeaderElection7] INFO  server.RaftServerConfigKeys (ConfUtils.java:logGet(46)) - raft.server.write.follower.gap.ratio.max = -1.0 (default)
2023-01-31 11:34:24,965 [7c6ec4c2-78b0-4d13-b7e2-d3daf669de24@group-EC69BCBF2BC9-LeaderElection7] INFO  impl.RoleInfo (RoleInfo.java:updateAndGet(139)) - 7c6ec4c2-78b0-4d13-b7e2-d3daf669de24: start 7c6ec4c2-78b0-4d13-b7e2-d3daf669de24@group-EC69BCBF2BC9-LeaderStateImpl
2023-01-31 11:34:24,966 [7c6ec4c2-78b0-4d13-b7e2-d3daf669de24@group-EC69BCBF2BC9-LeaderElection7] INFO  segmented.SegmentedRaftLogWorker (SegmentedRaftLogWorker.java:startLogSegment(452)) - 7c6ec4c2-78b0-4d13-b7e2-d3daf669de24@group-EC69BCBF2BC9-SegmentedRaftLogWorker: Starting segment from index:0
2023-01-31 11:34:24,967 [7c6ec4c2-78b0-4d13-b7e2-d3daf669de24@group-EC69BCBF2BC9-SegmentedRaftLogWorker] INFO  segmented.SegmentedRaftLogWorker (SegmentedRaftLogWorker.java:execute(656)) - 7c6ec4c2-78b0-4d13-b7e2-d3daf669de24@group-EC69BCBF2BC9-SegmentedRaftLogWorker: created new log segment /home/runner/work/ozone/ozone/hadoop-ozone/integration-test/target/test-dir/MiniOzoneClusterImpl-e7442b91-30ca-4883-b9fa-57f4a6ec4b9c/datanode-2/data/ratis/98c73690-264d-44c0-b2a3-ec69bcbf2bc9/current/log_inprogress_0
2023-01-31 11:34:24,975 [7c6ec4c2-78b0-4d13-b7e2-d3daf669de24@group-EC69BCBF2BC9-LeaderElection7] INFO  server.RaftServer$Division (ServerState.java:setRaftConf(430)) - 7c6ec4c2-78b0-4d13-b7e2-d3daf669de24@group-EC69BCBF2BC9: set configuration 0: peers:[7c6ec4c2-78b0-4d13-b7e2-d3daf669de24|rpc:10.1.0.34:37179|dataStream:10.1.0.34:42751|priority:1|startupRole:FOLLOWER]|listeners:[], old=null
2023-01-31 11:34:25,486 [a389750c-4ae5-414b-81bd-9813f0be5621@group-00D358838691-FollowerState] INFO  impl.FollowerState (FollowerState.java:run(143)) - a389750c-4ae5-414b-81bd-9813f0be5621@group-00D358838691-FollowerState: change to CANDIDATE, lastRpcElapsedTime:5332352398ns, electionTimeout:5160ms
2023-01-31 11:34:25,486 [a389750c-4ae5-414b-81bd-9813f0be5621@group-00D358838691-FollowerState] INFO  impl.RoleInfo (RoleInfo.java:shutdownFollowerState(110)) - a389750c-4ae5-414b-81bd-9813f0be5621: shutdown a389750c-4ae5-414b-81bd-9813f0be5621@group-00D358838691-FollowerState
2023-01-31 11:34:25,486 [a389750c-4ae5-414b-81bd-9813f0be5621@group-00D358838691-FollowerState] INFO  server.RaftServer$Division (RaftServerImpl.java:setRole(321)) - a389750c-4ae5-414b-81bd-9813f0be5621@group-00D358838691: changes role from  FOLLOWER to CANDIDATE at term 0 for changeToCandidate
2023-01-31 11:34:25,486 [a389750c-4ae5-414b-81bd-9813f0be5621@group-00D358838691-FollowerState] INFO  server.RaftServerConfigKeys (ConfUtils.java:logGet(46)) - raft.server.leaderelection.pre-vote = false (custom)
2023-01-31 11:34:25,486 [a389750c-4ae5-414b-81bd-9813f0be5621@group-00D358838691-FollowerState] INFO  impl.RoleInfo (RoleInfo.java:updateAndGet(139)) - a389750c-4ae5-414b-81bd-9813f0be5621: start a389750c-4ae5-414b-81bd-9813f0be5621@group-00D358838691-LeaderElection8
2023-01-31 11:34:25,486 [380eaaea-a69e-4882-97a4-89f32b49ac35@group-B5678FC09D44-FollowerState] INFO  impl.FollowerState (FollowerState.java:run(143)) - 380eaaea-a69e-4882-97a4-89f32b49ac35@group-B5678FC09D44-FollowerState: change to CANDIDATE, lastRpcElapsedTime:5247220589ns, electionTimeout:5117ms
2023-01-31 11:34:25,486 [380eaaea-a69e-4882-97a4-89f32b49ac35@group-D5A5CE62E70B-FollowerState] INFO  impl.FollowerState (FollowerState.java:run(143)) - 380eaaea-a69e-4882-97a4-89f32b49ac35@group-D5A5CE62E70B-FollowerState: change to CANDIDATE, lastRpcElapsedTime:5398072297ns, electionTimeout:5187ms
2023-01-31 11:34:25,487 [380eaaea-a69e-4882-97a4-89f32b49ac35@group-D5A5CE62E70B-FollowerState] INFO  impl.RoleInfo (RoleInfo.java:shutdownFollowerState(110)) - 380eaaea-a69e-4882-97a4-89f32b49ac35: shutdown 380eaaea-a69e-4882-97a4-89f32b49ac35@group-D5A5CE62E70B-FollowerState
2023-01-31 11:34:25,487 [380eaaea-a69e-4882-97a4-89f32b49ac35@group-D5A5CE62E70B-FollowerState] INFO  server.RaftServer$Division (RaftServerImpl.java:setRole(321)) - 380eaaea-a69e-4882-97a4-89f32b49ac35@group-D5A5CE62E70B: changes role from  FOLLOWER to CANDIDATE at term 0 for changeToCandidate
2023-01-31 11:34:25,486 [380eaaea-a69e-4882-97a4-89f32b49ac35@group-00D358838691-FollowerState] INFO  impl.FollowerState (FollowerState.java:run(143)) - 380eaaea-a69e-4882-97a4-89f32b49ac35@group-00D358838691-FollowerState: change to CANDIDATE, lastRpcElapsedTime:5376496896ns, electionTimeout:5180ms
2023-01-31 11:34:25,487 [380eaaea-a69e-4882-97a4-89f32b49ac35@group-00D358838691-FollowerState] INFO  impl.RoleInfo (RoleInfo.java:shutdownFollowerState(110)) - 380eaaea-a69e-4882-97a4-89f32b49ac35: shutdown 380eaaea-a69e-4882-97a4-89f32b49ac35@group-00D358838691-FollowerState
2023-01-31 11:34:25,487 [380eaaea-a69e-4882-97a4-89f32b49ac35@group-00D358838691-FollowerState] INFO  server.RaftServer$Division (RaftServerImpl.java:setRole(321)) - 380eaaea-a69e-4882-97a4-89f32b49ac35@group-00D358838691: changes role from  FOLLOWER to CANDIDATE at term 0 for changeToCandidate
2023-01-31 11:34:25,487 [380eaaea-a69e-4882-97a4-89f32b49ac35@group-B5678FC09D44-FollowerState] INFO  impl.RoleInfo (RoleInfo.java:shutdownFollowerState(110)) - 380eaaea-a69e-4882-97a4-89f32b49ac35: shutdown 380eaaea-a69e-4882-97a4-89f32b49ac35@group-B5678FC09D44-FollowerState
2023-01-31 11:34:25,487 [380eaaea-a69e-4882-97a4-89f32b49ac35@group-B5678FC09D44-FollowerState] INFO  server.RaftServer$Division (RaftServerImpl.java:setRole(321)) - 380eaaea-a69e-4882-97a4-89f32b49ac35@group-B5678FC09D44: changes role from  FOLLOWER to CANDIDATE at term 0 for changeToCandidate
2023-01-31 11:34:25,488 [JvmPauseMonitor3] WARN  util.JvmPauseMonitor (JvmPauseMonitor.java:detectPause(126)) - JvmPauseMonitor-7c6ec4c2-78b0-4d13-b7e2-d3daf669de24: Detected pause in JVM or host machine (eg GC): pause of approximately 225334368ns.
GC pool 'PS MarkSweep' had collection(s): count=1 time=241ms
GC pool 'PS Scavenge' had collection(s): count=1 time=62ms
2023-01-31 11:34:25,488 [9e99b025-1169-4fb3-85c4-dfafc24d087e@group-00D358838691-FollowerState] INFO  impl.FollowerState (FollowerState.java:run(143)) - 9e99b025-1169-4fb3-85c4-dfafc24d087e@group-00D358838691-FollowerState: change to CANDIDATE, lastRpcElapsedTime:5281923731ns, electionTimeout:5044ms
2023-01-31 11:34:25,489 [9e99b025-1169-4fb3-85c4-dfafc24d087e@group-00D358838691-FollowerState] INFO  impl.RoleInfo (RoleInfo.java:shutdownFollowerState(110)) - 9e99b025-1169-4fb3-85c4-dfafc24d087e: shutdown 9e99b025-1169-4fb3-85c4-dfafc24d087e@group-00D358838691-FollowerState
2023-01-31 11:34:25,489 [9e99b025-1169-4fb3-85c4-dfafc24d087e@group-00D358838691-FollowerState] INFO  server.RaftServer$Division (RaftServerImpl.java:setRole(321)) - 9e99b025-1169-4fb3-85c4-dfafc24d087e@group-00D358838691: changes role from  FOLLOWER to CANDIDATE at term 0 for changeToCandidate
2023-01-31 11:34:25,489 [9e99b025-1169-4fb3-85c4-dfafc24d087e@group-00D358838691-FollowerState] INFO  server.RaftServerConfigKeys (ConfUtils.java:logGet(46)) - raft.server.leaderelection.pre-vote = false (custom)
2023-01-31 11:34:25,489 [9e99b025-1169-4fb3-85c4-dfafc24d087e@group-00D358838691-FollowerState] INFO  impl.RoleInfo (RoleInfo.java:updateAndGet(139)) - 9e99b025-1169-4fb3-85c4-dfafc24d087e: start 9e99b025-1169-4fb3-85c4-dfafc24d087e@group-00D358838691-LeaderElection12
2023-01-31 11:34:25,494 [JvmPauseMonitor1] WARN  util.JvmPauseMonitor (JvmPauseMonitor.java:detectPause(126)) - JvmPauseMonitor-da03ca31-a8e2-4a02-8a0e-9033bcd0268f: Detected pause in JVM or host machine (eg GC): pause of approximately 295201747ns.
GC pool 'PS MarkSweep' had collection(s): count=1 time=241ms
GC pool 'PS Scavenge' had collection(s): count=1 time=62ms
2023-01-31 11:34:25,494 [JvmPauseMonitor7] WARN  util.JvmPauseMonitor (JvmPauseMonitor.java:detectPause(126)) - JvmPauseMonitor-4c53ac08-9fc0-49b0-af80-b80d3dd99c18: Detected pause in JVM or host machine (eg GC): pause of approximately 301336719ns.
GC pool 'PS MarkSweep' had collection(s): count=1 time=241ms
GC pool 'PS Scavenge' had collection(s): count=1 time=62ms
2023-01-31 11:34:25,495 [JvmPauseMonitor4] WARN  util.JvmPauseMonitor (JvmPauseMonitor.java:detectPause(126)) - JvmPauseMonitor-380eaaea-a69e-4882-97a4-89f32b49ac35: Detected pause in JVM or host machine (eg GC): pause of approximately 304343305ns.
GC pool 'PS MarkSweep' had collection(s): count=1 time=241ms
GC pool 'PS Scavenge' had collection(s): count=1 time=62ms
2023-01-31 11:34:25,497 [380eaaea-a69e-4882-97a4-89f32b49ac35@group-B5678FC09D44-FollowerState] INFO  server.RaftServerConfigKeys (ConfUtils.java:logGet(46)) - raft.server.leaderelection.pre-vote = false (custom)
2023-01-31 11:34:25,497 [380eaaea-a69e-4882-97a4-89f32b49ac35@group-B5678FC09D44-FollowerState] INFO  impl.RoleInfo (RoleInfo.java:updateAndGet(139)) - 380eaaea-a69e-4882-97a4-89f32b49ac35: start 380eaaea-a69e-4882-97a4-89f32b49ac35@group-B5678FC09D44-LeaderElection11
2023-01-31 11:34:25,498 [380eaaea-a69e-4882-97a4-89f32b49ac35@group-00D358838691-FollowerState] INFO  server.RaftServerConfigKeys (ConfUtils.java:logGet(46)) - raft.server.leaderelection.pre-vote = false (custom)
2023-01-31 11:34:25,498 [380eaaea-a69e-4882-97a4-89f32b49ac35@group-00D358838691-FollowerState] INFO  impl.RoleInfo (RoleInfo.java:updateAndGet(139)) - 380eaaea-a69e-4882-97a4-89f32b49ac35: start 380eaaea-a69e-4882-97a4-89f32b49ac35@group-00D358838691-LeaderElection10
2023-01-31 11:34:25,501 [9e99b025-1169-4fb3-85c4-dfafc24d087e@group-00D358838691-LeaderElection12] INFO  impl.LeaderElection (LeaderElection.java:askForVotes(312)) - 9e99b025-1169-4fb3-85c4-dfafc24d087e@group-00D358838691-LeaderElection12 ELECTION round 0: submit vote requests at term 1 for -1: peers:[9e99b025-1169-4fb3-85c4-dfafc24d087e|rpc:10.1.0.34:37463|dataStream:10.1.0.34:35193|priority:0|startupRole:FOLLOWER, a389750c-4ae5-414b-81bd-9813f0be5621|rpc:10.1.0.34:42291|dataStream:10.1.0.34:41111|priority:0|startupRole:FOLLOWER, 380eaaea-a69e-4882-97a4-89f32b49ac35|rpc:10.1.0.34:38507|dataStream:10.1.0.34:43249|priority:1|startupRole:FOLLOWER]|listeners:[], old=null
2023-01-31 11:34:25,502 [a389750c-4ae5-414b-81bd-9813f0be5621@group-00D358838691-LeaderElection8] INFO  impl.LeaderElection (LeaderElection.java:askForVotes(312)) - a389750c-4ae5-414b-81bd-9813f0be5621@group-00D358838691-LeaderElection8 ELECTION round 0: submit vote requests at term 1 for -1: peers:[9e99b025-1169-4fb3-85c4-dfafc24d087e|rpc:10.1.0.34:37463|dataStream:10.1.0.34:35193|priority:0|startupRole:FOLLOWER, a389750c-4ae5-414b-81bd-9813f0be5621|rpc:10.1.0.34:42291|dataStream:10.1.0.34:41111|priority:0|startupRole:FOLLOWER, 380eaaea-a69e-4882-97a4-89f32b49ac35|rpc:10.1.0.34:38507|dataStream:10.1.0.34:43249|priority:1|startupRole:FOLLOWER]|listeners:[], old=null
2023-01-31 11:34:25,502 [380eaaea-a69e-4882-97a4-89f32b49ac35@group-D5A5CE62E70B-FollowerState] INFO  server.RaftServerConfigKeys (ConfUtils.java:logGet(46)) - raft.server.leaderelection.pre-vote = false (custom)
2023-01-31 11:34:25,505 [380eaaea-a69e-4882-97a4-89f32b49ac35@group-D5A5CE62E70B-FollowerState] INFO  impl.RoleInfo (RoleInfo.java:updateAndGet(139)) - 380eaaea-a69e-4882-97a4-89f32b49ac35: start 380eaaea-a69e-4882-97a4-89f32b49ac35@group-D5A5CE62E70B-LeaderElection9
2023-01-31 11:34:25,503 [9e99b025-1169-4fb3-85c4-dfafc24d087e@group-00D358838691-LeaderElection12-2] INFO  server.GrpcServerProtocolClient (GrpcServerProtocolClient.java:<init>(63)) - Build channel for 380eaaea-a69e-4882-97a4-89f32b49ac35
2023-01-31 11:34:25,503 [9e99b025-1169-4fb3-85c4-dfafc24d087e@group-00D358838691-LeaderElection12] INFO  server.RaftServerConfigKeys (ConfUtils.java:logFallback(53)) - raft.server.rpc.first-election.timeout.min = 5s (fallback to raft.server.rpc.timeout.min)
2023-01-31 11:34:25,508 [9e99b025-1169-4fb3-85c4-dfafc24d087e@group-00D358838691-LeaderElection12] INFO  server.RaftServerConfigKeys (ConfUtils.java:logFallback(53)) - raft.server.rpc.first-election.timeout.max = 5200ms (fallback to raft.server.rpc.timeout.max)
2023-01-31 11:34:25,503 [9e99b025-1169-4fb3-85c4-dfafc24d087e@group-00D358838691-LeaderElection12-1] INFO  server.GrpcServerProtocolClient (GrpcServerProtocolClient.java:<init>(63)) - Build channel for a389750c-4ae5-414b-81bd-9813f0be5621
2023-01-31 11:34:25,503 [a389750c-4ae5-414b-81bd-9813f0be5621@group-00D358838691-LeaderElection8-2] INFO  server.GrpcServerProtocolClient (GrpcServerProtocolClient.java:<init>(63)) - Build channel for 380eaaea-a69e-4882-97a4-89f32b49ac35
2023-01-31 11:34:25,503 [a389750c-4ae5-414b-81bd-9813f0be5621@group-00D358838691-LeaderElection8] INFO  server.RaftServerConfigKeys (ConfUtils.java:logFallback(53)) - raft.server.rpc.first-election.timeout.min = 5s (fallback to raft.server.rpc.timeout.min)
2023-01-31 11:34:25,509 [a389750c-4ae5-414b-81bd-9813f0be5621@group-00D358838691-LeaderElection8] INFO  server.RaftServerConfigKeys (ConfUtils.java:logFallback(53)) - raft.server.rpc.first-election.timeout.max = 5200ms (fallback to raft.server.rpc.timeout.max)
2023-01-31 11:34:25,503 [a389750c-4ae5-414b-81bd-9813f0be5621@group-00D358838691-LeaderElection8-1] INFO  server.GrpcServerProtocolClient (GrpcServerProtocolClient.java:<init>(63)) - Build channel for 9e99b025-1169-4fb3-85c4-dfafc24d087e
2023-01-31 11:34:25,510 [380eaaea-a69e-4882-97a4-89f32b49ac35@group-00D358838691-LeaderElection10] INFO  impl.LeaderElection (LeaderElection.java:askForVotes(312)) - 380eaaea-a69e-4882-97a4-89f32b49ac35@group-00D358838691-LeaderElection10 ELECTION round 0: submit vote requests at term 1 for -1: peers:[9e99b025-1169-4fb3-85c4-dfafc24d087e|rpc:10.1.0.34:37463|dataStream:10.1.0.34:35193|priority:0|startupRole:FOLLOWER, a389750c-4ae5-414b-81bd-9813f0be5621|rpc:10.1.0.34:42291|dataStream:10.1.0.34:41111|priority:0|startupRole:FOLLOWER, 380eaaea-a69e-4882-97a4-89f32b49ac35|rpc:10.1.0.34:38507|dataStream:10.1.0.34:43249|priority:1|startupRole:FOLLOWER]|listeners:[], old=null
2023-01-31 11:34:25,525 [380eaaea-a69e-4882-97a4-89f32b49ac35@group-00D358838691-LeaderElection10-1] INFO  server.GrpcServerProtocolClient (GrpcServerProtocolClient.java:<init>(63)) - Build channel for 9e99b025-1169-4fb3-85c4-dfafc24d087e
2023-01-31 11:34:25,525 [380eaaea-a69e-4882-97a4-89f32b49ac35@group-B5678FC09D44-LeaderElection11] INFO  impl.LeaderElection (LeaderElection.java:askForVotes(312)) - 380eaaea-a69e-4882-97a4-89f32b49ac35@group-B5678FC09D44-LeaderElection11 ELECTION round 0: submit vote requests at term 1 for -1: peers:[9e99b025-1169-4fb3-85c4-dfafc24d087e|rpc:10.1.0.34:37463|dataStream:10.1.0.34:35193|priority:0|startupRole:FOLLOWER, a389750c-4ae5-414b-81bd-9813f0be5621|rpc:10.1.0.34:42291|dataStream:10.1.0.34:41111|priority:1|startupRole:FOLLOWER, 380eaaea-a69e-4882-97a4-89f32b49ac35|rpc:10.1.0.34:38507|dataStream:10.1.0.34:43249|priority:0|startupRole:FOLLOWER]|listeners:[], old=null
2023-01-31 11:34:25,525 [380eaaea-a69e-4882-97a4-89f32b49ac35@group-00D358838691-LeaderElection10-2] INFO  server.GrpcServerProtocolClient (GrpcServerProtocolClient.java:<init>(63)) - Build channel for a389750c-4ae5-414b-81bd-9813f0be5621
2023-01-31 11:34:25,552 [380eaaea-a69e-4882-97a4-89f32b49ac35@group-B5678FC09D44-LeaderElection11] INFO  server.RaftServerConfigKeys (ConfUtils.java:logFallback(53)) - raft.server.rpc.first-election.timeout.min = 5s (fallback to raft.server.rpc.timeout.min)
2023-01-31 11:34:25,558 [380eaaea-a69e-4882-97a4-89f32b49ac35@group-B5678FC09D44-LeaderElection11] INFO  server.RaftServerConfigKeys (ConfUtils.java:logFallback(53)) - raft.server.rpc.first-election.timeout.max = 5200ms (fallback to raft.server.rpc.timeout.max)
2023-01-31 11:34:25,525 [380eaaea-a69e-4882-97a4-89f32b49ac35@group-00D358838691-LeaderElection10] INFO  server.RaftServerConfigKeys (ConfUtils.java:logFallback(53)) - raft.server.rpc.first-election.timeout.min = 5s (fallback to raft.server.rpc.timeout.min)
2023-01-31 11:34:25,558 [380eaaea-a69e-4882-97a4-89f32b49ac35@group-00D358838691-LeaderElection10] INFO  server.RaftServerConfigKeys (ConfUtils.java:logFallback(53)) - raft.server.rpc.first-election.timeout.max = 5200ms (fallback to raft.server.rpc.timeout.max)
2023-01-31 11:34:25,550 [380eaaea-a69e-4882-97a4-89f32b49ac35@group-D5A5CE62E70B-LeaderElection9] INFO  impl.LeaderElection (LeaderElection.java:askForVotes(312)) - 380eaaea-a69e-4882-97a4-89f32b49ac35@group-D5A5CE62E70B-LeaderElection9 ELECTION round 0: submit vote requests at term 1 for -1: peers:[380eaaea-a69e-4882-97a4-89f32b49ac35|rpc:10.1.0.34:38507|dataStream:10.1.0.34:43249|priority:1|startupRole:FOLLOWER]|listeners:[], old=null
2023-01-31 11:34:25,559 [380eaaea-a69e-4882-97a4-89f32b49ac35@group-D5A5CE62E70B-LeaderElection9] INFO  impl.LeaderElection (LeaderElection.java:askForVotes(314)) - 380eaaea-a69e-4882-97a4-89f32b49ac35@group-D5A5CE62E70B-LeaderElection9 ELECTION round 0: result PASSED (term=1)
2023-01-31 11:34:25,559 [380eaaea-a69e-4882-97a4-89f32b49ac35@group-D5A5CE62E70B-LeaderElection9] INFO  impl.RoleInfo (RoleInfo.java:shutdownLeaderElection(130)) - 380eaaea-a69e-4882-97a4-89f32b49ac35: shutdown 380eaaea-a69e-4882-97a4-89f32b49ac35@group-D5A5CE62E70B-LeaderElection9
2023-01-31 11:34:25,559 [380eaaea-a69e-4882-97a4-89f32b49ac35@group-D5A5CE62E70B-LeaderElection9] INFO  server.RaftServer$Division (RaftServerImpl.java:setRole(321)) - 380eaaea-a69e-4882-97a4-89f32b49ac35@group-D5A5CE62E70B: changes role from CANDIDATE to LEADER at term 1 for changeToLeader
2023-01-31 11:34:25,559 [380eaaea-a69e-4882-97a4-89f32b49ac35@group-D5A5CE62E70B-LeaderElection9] INFO  ratis.XceiverServerRatis (XceiverServerRatis.java:handleLeaderChangedNotification(904)) - Leader change notification received for group: group-D5A5CE62E70B with new leaderId: 380eaaea-a69e-4882-97a4-89f32b49ac35
2023-01-31 11:34:25,559 [380eaaea-a69e-4882-97a4-89f32b49ac35@group-D5A5CE62E70B-LeaderElection9] INFO  server.RaftServer$Division (ServerState.java:setLeader(313)) - 380eaaea-a69e-4882-97a4-89f32b49ac35@group-D5A5CE62E70B: change Leader from null to 380eaaea-a69e-4882-97a4-89f32b49ac35 at term 1 for becomeLeader, leader elected after 5486ms
2023-01-31 11:34:25,559 [380eaaea-a69e-4882-97a4-89f32b49ac35@group-D5A5CE62E70B-LeaderElection9] INFO  server.RaftServerConfigKeys (ConfUtils.java:logGet(46)) - raft.server.staging.catchup.gap = 1000 (default)
2023-01-31 11:34:25,560 [380eaaea-a69e-4882-97a4-89f32b49ac35@group-D5A5CE62E70B-LeaderElection9] INFO  server.RaftServerConfigKeys (ConfUtils.java:logGet(46)) - raft.server.write.element-limit = 1024 (custom)
2023-01-31 11:34:25,560 [380eaaea-a69e-4882-97a4-89f32b49ac35@group-D5A5CE62E70B-LeaderElection9] INFO  server.RaftServerConfigKeys (ConfUtils.java:logGet(46)) - raft.server.write.byte-limit = 1024 M (=1073741824) (custom)
2023-01-31 11:34:25,560 [380eaaea-a69e-4882-97a4-89f32b49ac35@group-D5A5CE62E70B-LeaderElection9] INFO  server.RaftServerConfigKeys (ConfUtils.java:logGet(46)) - raft.server.watch.timeout = 180s (custom)
2023-01-31 11:34:25,561 [380eaaea-a69e-4882-97a4-89f32b49ac35@group-D5A5CE62E70B-LeaderElection9] INFO  server.RaftServerConfigKeys (ConfUtils.java:logGet(46)) - raft.server.watch.timeout.denomination = 1s (default)
2023-01-31 11:34:25,561 [380eaaea-a69e-4882-97a4-89f32b49ac35@group-D5A5CE62E70B-LeaderElection9] INFO  server.RaftServerConfigKeys (ConfUtils.java:logGet(46)) - raft.server.watch.element-limit = 65536 (default)
2023-01-31 11:34:25,561 [380eaaea-a69e-4882-97a4-89f32b49ac35@group-D5A5CE62E70B-LeaderElection9] INFO  server.RaftServerConfigKeys (ConfUtils.java:logGet(46)) - raft.server.write.element-limit = 1024 (custom)
2023-01-31 11:34:25,561 [380eaaea-a69e-4882-97a4-89f32b49ac35@group-D5A5CE62E70B-LeaderElection9] INFO  server.RaftServerConfigKeys (ConfUtils.java:logGet(46)) - raft.server.write.follower.gap.ratio.max = -1.0 (default)
2023-01-31 11:34:25,561 [380eaaea-a69e-4882-97a4-89f32b49ac35@group-D5A5CE62E70B-LeaderElection9] INFO  impl.RoleInfo (RoleInfo.java:updateAndGet(139)) - 380eaaea-a69e-4882-97a4-89f32b49ac35: start 380eaaea-a69e-4882-97a4-89f32b49ac35@group-D5A5CE62E70B-LeaderStateImpl
2023-01-31 11:34:25,561 [380eaaea-a69e-4882-97a4-89f32b49ac35@group-D5A5CE62E70B-LeaderElection9] INFO  segmented.SegmentedRaftLogWorker (SegmentedRaftLogWorker.java:startLogSegment(452)) - 380eaaea-a69e-4882-97a4-89f32b49ac35@group-D5A5CE62E70B-SegmentedRaftLogWorker: Starting segment from index:0
2023-01-31 11:34:25,563 [380eaaea-a69e-4882-97a4-89f32b49ac35@group-D5A5CE62E70B-SegmentedRaftLogWorker] INFO  segmented.SegmentedRaftLogWorker (SegmentedRaftLogWorker.java:execute(656)) - 380eaaea-a69e-4882-97a4-89f32b49ac35@group-D5A5CE62E70B-SegmentedRaftLogWorker: created new log segment /home/runner/work/ozone/ozone/hadoop-ozone/integration-test/target/test-dir/MiniOzoneClusterImpl-e7442b91-30ca-4883-b9fa-57f4a6ec4b9c/datanode-3/data/ratis/71119932-096d-4769-8633-d5a5ce62e70b/current/log_inprogress_0
2023-01-31 11:34:25,563 [grpc-default-executor-3] INFO  server.RaftServer$Division (RaftServerImpl.java:requestVote(1218)) - 380eaaea-a69e-4882-97a4-89f32b49ac35@group-00D358838691: receive requestVote(ELECTION, 9e99b025-1169-4fb3-85c4-dfafc24d087e, group-00D358838691, 1, (t:0, i:0))
2023-01-31 11:34:25,563 [grpc-default-executor-3] INFO  impl.VoteContext (VoteContext.java:log(49)) - 380eaaea-a69e-4882-97a4-89f32b49ac35@group-00D358838691-CANDIDATE: reject ELECTION from 9e99b025-1169-4fb3-85c4-dfafc24d087e: already has voted for 380eaaea-a69e-4882-97a4-89f32b49ac35 at current term 1
2023-01-31 11:34:25,563 [grpc-default-executor-3] INFO  server.RaftServer$Division (RaftServerImpl.java:requestVote(1251)) - 380eaaea-a69e-4882-97a4-89f32b49ac35@group-00D358838691 replies to ELECTION vote request: 9e99b025-1169-4fb3-85c4-dfafc24d087e<-380eaaea-a69e-4882-97a4-89f32b49ac35#0:FAIL-t1. Peer's state: 380eaaea-a69e-4882-97a4-89f32b49ac35@group-00D358838691:t1, leader=null, voted=380eaaea-a69e-4882-97a4-89f32b49ac35, raftlog=Memoized:380eaaea-a69e-4882-97a4-89f32b49ac35@group-00D358838691-SegmentedRaftLog:OPENED:c-1, conf=-1: peers:[9e99b025-1169-4fb3-85c4-dfafc24d087e|rpc:10.1.0.34:37463|dataStream:10.1.0.34:35193|priority:0|startupRole:FOLLOWER, a389750c-4ae5-414b-81bd-9813f0be5621|rpc:10.1.0.34:42291|dataStream:10.1.0.34:41111|priority:0|startupRole:FOLLOWER, 380eaaea-a69e-4882-97a4-89f32b49ac35|rpc:10.1.0.34:38507|dataStream:10.1.0.34:43249|priority:1|startupRole:FOLLOWER]|listeners:[], old=null
2023-01-31 11:34:25,579 [380eaaea-a69e-4882-97a4-89f32b49ac35@group-D5A5CE62E70B-LeaderElection9] INFO  server.RaftServer$Division (ServerState.java:setRaftConf(430)) - 380eaaea-a69e-4882-97a4-89f32b49ac35@group-D5A5CE62E70B: set configuration 0: peers:[380eaaea-a69e-4882-97a4-89f32b49ac35|rpc:10.1.0.34:38507|dataStream:10.1.0.34:43249|priority:1|startupRole:FOLLOWER]|listeners:[], old=null
2023-01-31 11:34:25,583 [grpc-default-executor-3] INFO  server.RaftServer$Division (RaftServerImpl.java:requestVote(1218)) - 9e99b025-1169-4fb3-85c4-dfafc24d087e@group-00D358838691: receive requestVote(ELECTION, a389750c-4ae5-414b-81bd-9813f0be5621, group-00D358838691, 1, (t:0, i:0))
2023-01-31 11:34:25,593 [grpc-default-executor-3] INFO  impl.VoteContext (VoteContext.java:log(49)) - 9e99b025-1169-4fb3-85c4-dfafc24d087e@group-00D358838691-CANDIDATE: reject ELECTION from a389750c-4ae5-414b-81bd-9813f0be5621: already has voted for 9e99b025-1169-4fb3-85c4-dfafc24d087e at current term 1
2023-01-31 11:34:25,594 [grpc-default-executor-1] INFO  server.RaftServer$Division (RaftServerImpl.java:requestVote(1218)) - a389750c-4ae5-414b-81bd-9813f0be5621@group-00D358838691: receive requestVote(ELECTION, 9e99b025-1169-4fb3-85c4-dfafc24d087e, group-00D358838691, 1, (t:0, i:0))
2023-01-31 11:34:25,594 [grpc-default-executor-3] INFO  server.RaftServer$Division (RaftServerImpl.java:requestVote(1251)) - 9e99b025-1169-4fb3-85c4-dfafc24d087e@group-00D358838691 replies to ELECTION vote request: a389750c-4ae5-414b-81bd-9813f0be5621<-9e99b025-1169-4fb3-85c4-dfafc24d087e#0:FAIL-t1. Peer's state: 9e99b025-1169-4fb3-85c4-dfafc24d087e@group-00D358838691:t1, leader=null, voted=9e99b025-1169-4fb3-85c4-dfafc24d087e, raftlog=Memoized:9e99b025-1169-4fb3-85c4-dfafc24d087e@group-00D358838691-SegmentedRaftLog:OPENED:c-1, conf=-1: peers:[9e99b025-1169-4fb3-85c4-dfafc24d087e|rpc:10.1.0.34:37463|dataStream:10.1.0.34:35193|priority:0|startupRole:FOLLOWER, a389750c-4ae5-414b-81bd-9813f0be5621|rpc:10.1.0.34:42291|dataStream:10.1.0.34:41111|priority:0|startupRole:FOLLOWER, 380eaaea-a69e-4882-97a4-89f32b49ac35|rpc:10.1.0.34:38507|dataStream:10.1.0.34:43249|priority:1|startupRole:FOLLOWER]|listeners:[], old=null
2023-01-31 11:34:25,594 [grpc-default-executor-1] INFO  impl.VoteContext (VoteContext.java:log(49)) - a389750c-4ae5-414b-81bd-9813f0be5621@group-00D358838691-CANDIDATE: reject ELECTION from 9e99b025-1169-4fb3-85c4-dfafc24d087e: already has voted for a389750c-4ae5-414b-81bd-9813f0be5621 at current term 1
2023-01-31 11:34:25,594 [grpc-default-executor-1] INFO  server.RaftServer$Division (RaftServerImpl.java:requestVote(1251)) - a389750c-4ae5-414b-81bd-9813f0be5621@group-00D358838691 replies to ELECTION vote request: 9e99b025-1169-4fb3-85c4-dfafc24d087e<-a389750c-4ae5-414b-81bd-9813f0be5621#0:FAIL-t1. Peer's state: a389750c-4ae5-414b-81bd-9813f0be5621@group-00D358838691:t1, leader=null, voted=a389750c-4ae5-414b-81bd-9813f0be5621, raftlog=Memoized:a389750c-4ae5-414b-81bd-9813f0be5621@group-00D358838691-SegmentedRaftLog:OPENED:c-1, conf=-1: peers:[9e99b025-1169-4fb3-85c4-dfafc24d087e|rpc:10.1.0.34:37463|dataStream:10.1.0.34:35193|priority:0|startupRole:FOLLOWER, a389750c-4ae5-414b-81bd-9813f0be5621|rpc:10.1.0.34:42291|dataStream:10.1.0.34:41111|priority:0|startupRole:FOLLOWER, 380eaaea-a69e-4882-97a4-89f32b49ac35|rpc:10.1.0.34:38507|dataStream:10.1.0.34:43249|priority:1|startupRole:FOLLOWER]|listeners:[], old=null
2023-01-31 11:34:25,585 [grpc-default-executor-5] INFO  server.RaftServer$Division (RaftServerImpl.java:requestVote(1218)) - 380eaaea-a69e-4882-97a4-89f32b49ac35@group-00D358838691: receive requestVote(ELECTION, a389750c-4ae5-414b-81bd-9813f0be5621, group-00D358838691, 1, (t:0, i:0))
2023-01-31 11:34:25,594 [grpc-default-executor-5] INFO  impl.VoteContext (VoteContext.java:log(49)) - 380eaaea-a69e-4882-97a4-89f32b49ac35@group-00D358838691-CANDIDATE: reject ELECTION from a389750c-4ae5-414b-81bd-9813f0be5621: already has voted for 380eaaea-a69e-4882-97a4-89f32b49ac35 at current term 1
2023-01-31 11:34:25,594 [grpc-default-executor-5] INFO  server.RaftServer$Division (RaftServerImpl.java:requestVote(1251)) - 380eaaea-a69e-4882-97a4-89f32b49ac35@group-00D358838691 replies to ELECTION vote request: a389750c-4ae5-414b-81bd-9813f0be5621<-380eaaea-a69e-4882-97a4-89f32b49ac35#0:FAIL-t1. Peer's state: 380eaaea-a69e-4882-97a4-89f32b49ac35@group-00D358838691:t1, leader=null, voted=380eaaea-a69e-4882-97a4-89f32b49ac35, raftlog=Memoized:380eaaea-a69e-4882-97a4-89f32b49ac35@group-00D358838691-SegmentedRaftLog:OPENED:c-1, conf=-1: peers:[9e99b025-1169-4fb3-85c4-dfafc24d087e|rpc:10.1.0.34:37463|dataStream:10.1.0.34:35193|priority:0|startupRole:FOLLOWER, a389750c-4ae5-414b-81bd-9813f0be5621|rpc:10.1.0.34:42291|dataStream:10.1.0.34:41111|priority:0|startupRole:FOLLOWER, 380eaaea-a69e-4882-97a4-89f32b49ac35|rpc:10.1.0.34:38507|dataStream:10.1.0.34:43249|priority:1|startupRole:FOLLOWER]|listeners:[], old=null
2023-01-31 11:34:25,597 [9e99b025-1169-4fb3-85c4-dfafc24d087e@group-00D358838691-LeaderElection12] INFO  impl.LeaderElection (LeaderElection.java:logAndReturn(90)) - 9e99b025-1169-4fb3-85c4-dfafc24d087e@group-00D358838691-LeaderElection12: ELECTION REJECTED received 1 response(s) and 0 exception(s):
2023-01-31 11:34:25,597 [9e99b025-1169-4fb3-85c4-dfafc24d087e@group-00D358838691-LeaderElection12] INFO  impl.LeaderElection (LeaderElection.java:logAndReturn(94)) -   Response 0: 9e99b025-1169-4fb3-85c4-dfafc24d087e<-380eaaea-a69e-4882-97a4-89f32b49ac35#0:FAIL-t1
2023-01-31 11:34:25,597 [9e99b025-1169-4fb3-85c4-dfafc24d087e@group-00D358838691-LeaderElection12] INFO  impl.LeaderElection (LeaderElection.java:askForVotes(314)) - 9e99b025-1169-4fb3-85c4-dfafc24d087e@group-00D358838691-LeaderElection12 ELECTION round 0: result REJECTED
2023-01-31 11:34:25,597 [9e99b025-1169-4fb3-85c4-dfafc24d087e@group-00D358838691-LeaderElection12] INFO  server.RaftServer$Division (RaftServerImpl.java:setRole(321)) - 9e99b025-1169-4fb3-85c4-dfafc24d087e@group-00D358838691: changes role from CANDIDATE to FOLLOWER at term 1 for REJECTED
2023-01-31 11:34:25,597 [9e99b025-1169-4fb3-85c4-dfafc24d087e@group-00D358838691-LeaderElection12] INFO  impl.RoleInfo (RoleInfo.java:shutdownLeaderElection(130)) - 9e99b025-1169-4fb3-85c4-dfafc24d087e: shutdown 9e99b025-1169-4fb3-85c4-dfafc24d087e@group-00D358838691-LeaderElection12
2023-01-31 11:34:25,597 [9e99b025-1169-4fb3-85c4-dfafc24d087e@group-00D358838691-LeaderElection12] INFO  impl.RoleInfo (RoleInfo.java:updateAndGet(139)) - 9e99b025-1169-4fb3-85c4-dfafc24d087e: start 9e99b025-1169-4fb3-85c4-dfafc24d087e@group-00D358838691-FollowerState
2023-01-31 11:34:25,598 [grpc-default-executor-1] INFO  server.RaftServer$Division (RaftServerImpl.java:requestVote(1218)) - a389750c-4ae5-414b-81bd-9813f0be5621@group-B5678FC09D44: receive requestVote(ELECTION, 380eaaea-a69e-4882-97a4-89f32b49ac35, group-B5678FC09D44, 1, (t:0, i:0))
2023-01-31 11:34:25,598 [grpc-default-executor-1] INFO  impl.VoteContext (VoteContext.java:log(49)) - a389750c-4ae5-414b-81bd-9813f0be5621@group-B5678FC09D44-FOLLOWER: reject ELECTION from 380eaaea-a69e-4882-97a4-89f32b49ac35: our priority 1 > candidate's priority 0
2023-01-31 11:34:25,598 [grpc-default-executor-1] INFO  server.RaftServer$Division (RaftServerImpl.java:setRole(321)) - a389750c-4ae5-414b-81bd-9813f0be5621@group-B5678FC09D44: changes role from  FOLLOWER to FOLLOWER at term 1 for candidate:380eaaea-a69e-4882-97a4-89f32b49ac35
2023-01-31 11:34:25,598 [grpc-default-executor-1] INFO  impl.RoleInfo (RoleInfo.java:shutdownFollowerState(110)) - a389750c-4ae5-414b-81bd-9813f0be5621: shutdown a389750c-4ae5-414b-81bd-9813f0be5621@group-B5678FC09D44-FollowerState
2023-01-31 11:34:25,601 [grpc-default-executor-0] INFO  server.RaftServer$Division (RaftServerImpl.java:requestVote(1218)) - a389750c-4ae5-414b-81bd-9813f0be5621@group-00D358838691: receive requestVote(ELECTION, 380eaaea-a69e-4882-97a4-89f32b49ac35, group-00D358838691, 1, (t:0, i:0))
2023-01-31 11:34:25,601 [grpc-default-executor-1] INFO  impl.RoleInfo (RoleInfo.java:updateAndGet(139)) - a389750c-4ae5-414b-81bd-9813f0be5621: start a389750c-4ae5-414b-81bd-9813f0be5621@group-B5678FC09D44-FollowerState
2023-01-31 11:34:25,601 [grpc-default-executor-0] INFO  impl.VoteContext (VoteContext.java:log(49)) - a389750c-4ae5-414b-81bd-9813f0be5621@group-00D358838691-CANDIDATE: reject ELECTION from 380eaaea-a69e-4882-97a4-89f32b49ac35: already has voted for a389750c-4ae5-414b-81bd-9813f0be5621 at current term 1
2023-01-31 11:34:25,603 [grpc-default-executor-0] INFO  server.RaftServer$Division (RaftServerImpl.java:requestVote(1251)) - a389750c-4ae5-414b-81bd-9813f0be5621@group-00D358838691 replies to ELECTION vote request: 380eaaea-a69e-4882-97a4-89f32b49ac35<-a389750c-4ae5-414b-81bd-9813f0be5621#0:FAIL-t1. Peer's state: a389750c-4ae5-414b-81bd-9813f0be5621@group-00D358838691:t1, leader=null, voted=a389750c-4ae5-414b-81bd-9813f0be5621, raftlog=Memoized:a389750c-4ae5-414b-81bd-9813f0be5621@group-00D358838691-SegmentedRaftLog:OPENED:c-1, conf=-1: peers:[9e99b025-1169-4fb3-85c4-dfafc24d087e|rpc:10.1.0.34:37463|dataStream:10.1.0.34:35193|priority:0|startupRole:FOLLOWER, a389750c-4ae5-414b-81bd-9813f0be5621|rpc:10.1.0.34:42291|dataStream:10.1.0.34:41111|priority:0|startupRole:FOLLOWER, 380eaaea-a69e-4882-97a4-89f32b49ac35|rpc:10.1.0.34:38507|dataStream:10.1.0.34:43249|priority:1|startupRole:FOLLOWER]|listeners:[], old=null
2023-01-31 11:34:25,603 [a389750c-4ae5-414b-81bd-9813f0be5621@group-B5678FC09D44-FollowerState] INFO  impl.FollowerState (FollowerState.java:run(152)) - a389750c-4ae5-414b-81bd-9813f0be5621@group-B5678FC09D44-FollowerState was interrupted
2023-01-31 11:34:25,602 [grpc-default-executor-5] INFO  server.RaftServer$Division (RaftServerImpl.java:requestVote(1218)) - 9e99b025-1169-4fb3-85c4-dfafc24d087e@group-00D358838691: receive requestVote(ELECTION, 380eaaea-a69e-4882-97a4-89f32b49ac35, group-00D358838691, 1, (t:0, i:0))
2023-01-31 11:34:25,603 [grpc-default-executor-5] INFO  impl.VoteContext (VoteContext.java:log(49)) - 9e99b025-1169-4fb3-85c4-dfafc24d087e@group-00D358838691-FOLLOWER: reject ELECTION from 380eaaea-a69e-4882-97a4-89f32b49ac35: already has voted for 9e99b025-1169-4fb3-85c4-dfafc24d087e at current term 1
2023-01-31 11:34:25,603 [grpc-default-executor-5] INFO  server.RaftServer$Division (RaftServerImpl.java:requestVote(1251)) - 9e99b025-1169-4fb3-85c4-dfafc24d087e@group-00D358838691 replies to ELECTION vote request: 380eaaea-a69e-4882-97a4-89f32b49ac35<-9e99b025-1169-4fb3-85c4-dfafc24d087e#0:FAIL-t1. Peer's state: 9e99b025-1169-4fb3-85c4-dfafc24d087e@group-00D358838691:t1, leader=null, voted=9e99b025-1169-4fb3-85c4-dfafc24d087e, raftlog=Memoized:9e99b025-1169-4fb3-85c4-dfafc24d087e@group-00D358838691-SegmentedRaftLog:OPENED:c-1, conf=-1: peers:[9e99b025-1169-4fb3-85c4-dfafc24d087e|rpc:10.1.0.34:37463|dataStream:10.1.0.34:35193|priority:0|startupRole:FOLLOWER, a389750c-4ae5-414b-81bd-9813f0be5621|rpc:10.1.0.34:42291|dataStream:10.1.0.34:41111|priority:0|startupRole:FOLLOWER, 380eaaea-a69e-4882-97a4-89f32b49ac35|rpc:10.1.0.34:38507|dataStream:10.1.0.34:43249|priority:1|startupRole:FOLLOWER]|listeners:[], old=null
2023-01-31 11:34:25,602 [grpc-default-executor-2] INFO  server.RaftServer$Division (RaftServerImpl.java:requestVote(1218)) - 9e99b025-1169-4fb3-85c4-dfafc24d087e@group-B5678FC09D44: receive requestVote(ELECTION, 380eaaea-a69e-4882-97a4-89f32b49ac35, group-B5678FC09D44, 1, (t:0, i:0))
2023-01-31 11:34:25,604 [grpc-default-executor-2] INFO  impl.VoteContext (VoteContext.java:log(49)) - 9e99b025-1169-4fb3-85c4-dfafc24d087e@group-B5678FC09D44-FOLLOWER: accept ELECTION from 380eaaea-a69e-4882-97a4-89f32b49ac35: our priority 0 <= candidate's priority 0
2023-01-31 11:34:25,604 [grpc-default-executor-2] INFO  server.RaftServer$Division (RaftServerImpl.java:setRole(321)) - 9e99b025-1169-4fb3-85c4-dfafc24d087e@group-B5678FC09D44: changes role from  FOLLOWER to FOLLOWER at term 1 for candidate:380eaaea-a69e-4882-97a4-89f32b49ac35
2023-01-31 11:34:25,604 [grpc-default-executor-2] INFO  impl.RoleInfo (RoleInfo.java:shutdownFollowerState(110)) - 9e99b025-1169-4fb3-85c4-dfafc24d087e: shutdown 9e99b025-1169-4fb3-85c4-dfafc24d087e@group-B5678FC09D44-FollowerState
2023-01-31 11:34:25,604 [9e99b025-1169-4fb3-85c4-dfafc24d087e@group-00D358838691-FollowerState] INFO  server.RaftServerConfigKeys (ConfUtils.java:logFallback(53)) - raft.server.rpc.first-election.timeout.min = 5s (fallback to raft.server.rpc.timeout.min)
2023-01-31 11:34:25,604 [9e99b025-1169-4fb3-85c4-dfafc24d087e@group-00D358838691-FollowerState] INFO  server.RaftServerConfigKeys (ConfUtils.java:logFallback(53)) - raft.server.rpc.first-election.timeout.max = 5200ms (fallback to raft.server.rpc.timeout.max)
2023-01-31 11:34:25,615 [a389750c-4ae5-414b-81bd-9813f0be5621@group-00D358838691-LeaderElection8] INFO  impl.LeaderElection (LeaderElection.java:logAndReturn(90)) - a389750c-4ae5-414b-81bd-9813f0be5621@group-00D358838691-LeaderElection8: ELECTION REJECTED received 1 response(s) and 0 exception(s):
2023-01-31 11:34:25,615 [a389750c-4ae5-414b-81bd-9813f0be5621@group-00D358838691-LeaderElection8] INFO  impl.LeaderElection (LeaderElection.java:logAndReturn(94)) -   Response 0: a389750c-4ae5-414b-81bd-9813f0be5621<-380eaaea-a69e-4882-97a4-89f32b49ac35#0:FAIL-t1
2023-01-31 11:34:25,615 [a389750c-4ae5-414b-81bd-9813f0be5621@group-00D358838691-LeaderElection8] INFO  impl.LeaderElection (LeaderElection.java:askForVotes(314)) - a389750c-4ae5-414b-81bd-9813f0be5621@group-00D358838691-LeaderElection8 ELECTION round 0: result REJECTED
2023-01-31 11:34:25,615 [a389750c-4ae5-414b-81bd-9813f0be5621@group-00D358838691-LeaderElection8] INFO  server.RaftServer$Division (RaftServerImpl.java:setRole(321)) - a389750c-4ae5-414b-81bd-9813f0be5621@group-00D358838691: changes role from CANDIDATE to FOLLOWER at term 1 for REJECTED
2023-01-31 11:34:25,615 [a389750c-4ae5-414b-81bd-9813f0be5621@group-00D358838691-LeaderElection8] INFO  impl.RoleInfo (RoleInfo.java:shutdownLeaderElection(130)) - a389750c-4ae5-414b-81bd-9813f0be5621: shutdown a389750c-4ae5-414b-81bd-9813f0be5621@group-00D358838691-LeaderElection8
2023-01-31 11:34:25,615 [a389750c-4ae5-414b-81bd-9813f0be5621@group-00D358838691-LeaderElection8] INFO  impl.RoleInfo (RoleInfo.java:updateAndGet(139)) - a389750c-4ae5-414b-81bd-9813f0be5621: start a389750c-4ae5-414b-81bd-9813f0be5621@group-00D358838691-FollowerState
2023-01-31 11:34:25,619 [a389750c-4ae5-414b-81bd-9813f0be5621@group-B5678FC09D44-FollowerState] INFO  server.RaftServerConfigKeys (ConfUtils.java:logFallback(53)) - raft.server.rpc.first-election.timeout.min = 5s (fallback to raft.server.rpc.timeout.min)
2023-01-31 11:34:25,619 [a389750c-4ae5-414b-81bd-9813f0be5621@group-B5678FC09D44-FollowerState] INFO  server.RaftServerConfigKeys (ConfUtils.java:logFallback(53)) - raft.server.rpc.first-election.timeout.max = 5200ms (fallback to raft.server.rpc.timeout.max)
2023-01-31 11:34:25,619 [grpc-default-executor-1] INFO  server.RaftServer$Division (RaftServerImpl.java:requestVote(1251)) - a389750c-4ae5-414b-81bd-9813f0be5621@group-B5678FC09D44 replies to ELECTION vote request: 380eaaea-a69e-4882-97a4-89f32b49ac35<-a389750c-4ae5-414b-81bd-9813f0be5621#0:FAIL-t1. Peer's state: a389750c-4ae5-414b-81bd-9813f0be5621@group-B5678FC09D44:t1, leader=null, voted=null, raftlog=Memoized:a389750c-4ae5-414b-81bd-9813f0be5621@group-B5678FC09D44-SegmentedRaftLog:OPENED:c-1, conf=-1: peers:[9e99b025-1169-4fb3-85c4-dfafc24d087e|rpc:10.1.0.34:37463|dataStream:10.1.0.34:35193|priority:0|startupRole:FOLLOWER, a389750c-4ae5-414b-81bd-9813f0be5621|rpc:10.1.0.34:42291|dataStream:10.1.0.34:41111|priority:1|startupRole:FOLLOWER, 380eaaea-a69e-4882-97a4-89f32b49ac35|rpc:10.1.0.34:38507|dataStream:10.1.0.34:43249|priority:0|startupRole:FOLLOWER]|listeners:[], old=null
2023-01-31 11:34:25,620 [grpc-default-executor-2] INFO  impl.RoleInfo (RoleInfo.java:updateAndGet(139)) - 9e99b025-1169-4fb3-85c4-dfafc24d087e: start 9e99b025-1169-4fb3-85c4-dfafc24d087e@group-B5678FC09D44-FollowerState
2023-01-31 11:34:25,620 [9e99b025-1169-4fb3-85c4-dfafc24d087e@group-B5678FC09D44-FollowerState] INFO  impl.FollowerState (FollowerState.java:run(152)) - 9e99b025-1169-4fb3-85c4-dfafc24d087e@group-B5678FC09D44-FollowerState was interrupted
2023-01-31 11:34:25,620 [a389750c-4ae5-414b-81bd-9813f0be5621@group-00D358838691-FollowerState] INFO  server.RaftServerConfigKeys (ConfUtils.java:logFallback(53)) - raft.server.rpc.first-election.timeout.min = 5s (fallback to raft.server.rpc.timeout.min)
2023-01-31 11:34:25,620 [a389750c-4ae5-414b-81bd-9813f0be5621@group-00D358838691-FollowerState] INFO  server.RaftServerConfigKeys (ConfUtils.java:logFallback(53)) - raft.server.rpc.first-election.timeout.max = 5200ms (fallback to raft.server.rpc.timeout.max)
2023-01-31 11:34:25,623 [9e99b025-1169-4fb3-85c4-dfafc24d087e@group-B5678FC09D44-FollowerState] INFO  server.RaftServerConfigKeys (ConfUtils.java:logFallback(53)) - raft.server.rpc.first-election.timeout.min = 5s (fallback to raft.server.rpc.timeout.min)
2023-01-31 11:34:25,623 [9e99b025-1169-4fb3-85c4-dfafc24d087e@group-B5678FC09D44-FollowerState] INFO  server.RaftServerConfigKeys (ConfUtils.java:logFallback(53)) - raft.server.rpc.first-election.timeout.max = 5200ms (fallback to raft.server.rpc.timeout.max)
2023-01-31 11:34:25,626 [grpc-default-executor-2] INFO  server.RaftServer$Division (RaftServerImpl.java:requestVote(1251)) - 9e99b025-1169-4fb3-85c4-dfafc24d087e@group-B5678FC09D44 replies to ELECTION vote request: 380eaaea-a69e-4882-97a4-89f32b49ac35<-9e99b025-1169-4fb3-85c4-dfafc24d087e#0:OK-t1. Peer's state: 9e99b025-1169-4fb3-85c4-dfafc24d087e@group-B5678FC09D44:t1, leader=null, voted=380eaaea-a69e-4882-97a4-89f32b49ac35, raftlog=Memoized:9e99b025-1169-4fb3-85c4-dfafc24d087e@group-B5678FC09D44-SegmentedRaftLog:OPENED:c-1, conf=-1: peers:[9e99b025-1169-4fb3-85c4-dfafc24d087e|rpc:10.1.0.34:37463|dataStream:10.1.0.34:35193|priority:0|startupRole:FOLLOWER, a389750c-4ae5-414b-81bd-9813f0be5621|rpc:10.1.0.34:42291|dataStream:10.1.0.34:41111|priority:1|startupRole:FOLLOWER, 380eaaea-a69e-4882-97a4-89f32b49ac35|rpc:10.1.0.34:38507|dataStream:10.1.0.34:43249|priority:0|startupRole:FOLLOWER]|listeners:[], old=null
2023-01-31 11:34:25,633 [a389750c-4ae5-414b-81bd-9813f0be5621@group-070932B0D39D-FollowerState] INFO  impl.FollowerState (FollowerState.java:run(143)) - a389750c-4ae5-414b-81bd-9813f0be5621@group-070932B0D39D-FollowerState: change to CANDIDATE, lastRpcElapsedTime:5099247370ns, electionTimeout:5098ms
2023-01-31 11:34:25,633 [a389750c-4ae5-414b-81bd-9813f0be5621@group-070932B0D39D-FollowerState] INFO  impl.RoleInfo (RoleInfo.java:shutdownFollowerState(110)) - a389750c-4ae5-414b-81bd-9813f0be5621: shutdown a389750c-4ae5-414b-81bd-9813f0be5621@group-070932B0D39D-FollowerState
2023-01-31 11:34:25,633 [a389750c-4ae5-414b-81bd-9813f0be5621@group-070932B0D39D-FollowerState] INFO  server.RaftServer$Division (RaftServerImpl.java:setRole(321)) - a389750c-4ae5-414b-81bd-9813f0be5621@group-070932B0D39D: changes role from  FOLLOWER to CANDIDATE at term 0 for changeToCandidate
2023-01-31 11:34:25,636 [a389750c-4ae5-414b-81bd-9813f0be5621@group-070932B0D39D-FollowerState] INFO  server.RaftServerConfigKeys (ConfUtils.java:logGet(46)) - raft.server.leaderelection.pre-vote = false (custom)
2023-01-31 11:34:25,636 [a389750c-4ae5-414b-81bd-9813f0be5621@group-070932B0D39D-FollowerState] INFO  impl.RoleInfo (RoleInfo.java:updateAndGet(139)) - a389750c-4ae5-414b-81bd-9813f0be5621: start a389750c-4ae5-414b-81bd-9813f0be5621@group-070932B0D39D-LeaderElection13
2023-01-31 11:34:25,637 [380eaaea-a69e-4882-97a4-89f32b49ac35@group-00D358838691-LeaderElection10] INFO  impl.LeaderElection (LeaderElection.java:logAndReturn(90)) - 380eaaea-a69e-4882-97a4-89f32b49ac35@group-00D358838691-LeaderElection10: ELECTION REJECTED received 2 response(s) and 0 exception(s):
2023-01-31 11:34:25,637 [380eaaea-a69e-4882-97a4-89f32b49ac35@group-00D358838691-LeaderElection10] INFO  impl.LeaderElection (LeaderElection.java:logAndReturn(94)) -   Response 0: 380eaaea-a69e-4882-97a4-89f32b49ac35<-9e99b025-1169-4fb3-85c4-dfafc24d087e#0:FAIL-t1
2023-01-31 11:34:25,637 [380eaaea-a69e-4882-97a4-89f32b49ac35@group-00D358838691-LeaderElection10] INFO  impl.LeaderElection (LeaderElection.java:logAndReturn(94)) -   Response 1: 380eaaea-a69e-4882-97a4-89f32b49ac35<-a389750c-4ae5-414b-81bd-9813f0be5621#0:FAIL-t1
2023-01-31 11:34:25,646 [380eaaea-a69e-4882-97a4-89f32b49ac35@group-00D358838691-LeaderElection10] INFO  impl.LeaderElection (LeaderElection.java:askForVotes(314)) - 380eaaea-a69e-4882-97a4-89f32b49ac35@group-00D358838691-LeaderElection10 ELECTION round 0: result REJECTED
2023-01-31 11:34:25,647 [380eaaea-a69e-4882-97a4-89f32b49ac35@group-00D358838691-LeaderElection10] INFO  server.RaftServer$Division (RaftServerImpl.java:setRole(321)) - 380eaaea-a69e-4882-97a4-89f32b49ac35@group-00D358838691: changes role from CANDIDATE to FOLLOWER at term 1 for REJECTED
2023-01-31 11:34:25,647 [380eaaea-a69e-4882-97a4-89f32b49ac35@group-00D358838691-LeaderElection10] INFO  impl.RoleInfo (RoleInfo.java:shutdownLeaderElection(130)) - 380eaaea-a69e-4882-97a4-89f32b49ac35: shutdown 380eaaea-a69e-4882-97a4-89f32b49ac35@group-00D358838691-LeaderElection10
2023-01-31 11:34:25,647 [380eaaea-a69e-4882-97a4-89f32b49ac35@group-00D358838691-LeaderElection10] INFO  impl.RoleInfo (RoleInfo.java:updateAndGet(139)) - 380eaaea-a69e-4882-97a4-89f32b49ac35: start 380eaaea-a69e-4882-97a4-89f32b49ac35@group-00D358838691-FollowerState
2023-01-31 11:34:25,649 [380eaaea-a69e-4882-97a4-89f32b49ac35@group-B5678FC09D44-LeaderElection11] INFO  impl.LeaderElection (LeaderElection.java:logAndReturn(90)) - 380eaaea-a69e-4882-97a4-89f32b49ac35@group-B5678FC09D44-LeaderElection11: ELECTION REJECTED received 2 response(s) and 0 exception(s):
2023-01-31 11:34:25,655 [380eaaea-a69e-4882-97a4-89f32b49ac35@group-B5678FC09D44-LeaderElection11] INFO  impl.LeaderElection (LeaderElection.java:logAndReturn(94)) -   Response 0: 380eaaea-a69e-4882-97a4-89f32b49ac35<-9e99b025-1169-4fb3-85c4-dfafc24d087e#0:OK-t1
2023-01-31 11:34:25,655 [380eaaea-a69e-4882-97a4-89f32b49ac35@group-B5678FC09D44-LeaderElection11] INFO  impl.LeaderElection (LeaderElection.java:logAndReturn(94)) -   Response 1: 380eaaea-a69e-4882-97a4-89f32b49ac35<-a389750c-4ae5-414b-81bd-9813f0be5621#0:FAIL-t1
2023-01-31 11:34:25,655 [380eaaea-a69e-4882-97a4-89f32b49ac35@group-B5678FC09D44-LeaderElection11] INFO  impl.LeaderElection (LeaderElection.java:askForVotes(314)) - 380eaaea-a69e-4882-97a4-89f32b49ac35@group-B5678FC09D44-LeaderElection11 ELECTION round 0: result REJECTED
2023-01-31 11:34:25,655 [380eaaea-a69e-4882-97a4-89f32b49ac35@group-B5678FC09D44-LeaderElection11] INFO  server.RaftServer$Division (RaftServerImpl.java:setRole(321)) - 380eaaea-a69e-4882-97a4-89f32b49ac35@group-B5678FC09D44: changes role from CANDIDATE to FOLLOWER at term 1 for REJECTED
2023-01-31 11:34:25,655 [380eaaea-a69e-4882-97a4-89f32b49ac35@group-B5678FC09D44-LeaderElection11] INFO  impl.RoleInfo (RoleInfo.java:shutdownLeaderElection(130)) - 380eaaea-a69e-4882-97a4-89f32b49ac35: shutdown 380eaaea-a69e-4882-97a4-89f32b49ac35@group-B5678FC09D44-LeaderElection11
2023-01-31 11:34:25,655 [380eaaea-a69e-4882-97a4-89f32b49ac35@group-B5678FC09D44-LeaderElection11] INFO  impl.RoleInfo (RoleInfo.java:updateAndGet(139)) - 380eaaea-a69e-4882-97a4-89f32b49ac35: start 380eaaea-a69e-4882-97a4-89f32b49ac35@group-B5678FC09D44-FollowerState
2023-01-31 11:34:25,657 [a389750c-4ae5-414b-81bd-9813f0be5621@group-070932B0D39D-LeaderElection13] INFO  impl.LeaderElection (LeaderElection.java:askForVotes(312)) - a389750c-4ae5-414b-81bd-9813f0be5621@group-070932B0D39D-LeaderElection13 ELECTION round 0: submit vote requests at term 1 for -1: peers:[a389750c-4ae5-414b-81bd-9813f0be5621|rpc:10.1.0.34:42291|dataStream:10.1.0.34:41111|priority:1|startupRole:FOLLOWER]|listeners:[], old=null
2023-01-31 11:34:25,657 [a389750c-4ae5-414b-81bd-9813f0be5621@group-070932B0D39D-LeaderElection13] INFO  impl.LeaderElection (LeaderElection.java:askForVotes(314)) - a389750c-4ae5-414b-81bd-9813f0be5621@group-070932B0D39D-LeaderElection13 ELECTION round 0: result PASSED (term=1)
2023-01-31 11:34:25,657 [a389750c-4ae5-414b-81bd-9813f0be5621@group-070932B0D39D-LeaderElection13] INFO  impl.RoleInfo (RoleInfo.java:shutdownLeaderElection(130)) - a389750c-4ae5-414b-81bd-9813f0be5621: shutdown a389750c-4ae5-414b-81bd-9813f0be5621@group-070932B0D39D-LeaderElection13
2023-01-31 11:34:25,657 [a389750c-4ae5-414b-81bd-9813f0be5621@group-070932B0D39D-LeaderElection13] INFO  server.RaftServer$Division (RaftServerImpl.java:setRole(321)) - a389750c-4ae5-414b-81bd-9813f0be5621@group-070932B0D39D: changes role from CANDIDATE to LEADER at term 1 for changeToLeader
2023-01-31 11:34:25,657 [a389750c-4ae5-414b-81bd-9813f0be5621@group-070932B0D39D-LeaderElection13] INFO  ratis.XceiverServerRatis (XceiverServerRatis.java:handleLeaderChangedNotification(904)) - Leader change notification received for group: group-070932B0D39D with new leaderId: a389750c-4ae5-414b-81bd-9813f0be5621
2023-01-31 11:34:25,660 [380eaaea-a69e-4882-97a4-89f32b49ac35@group-00D358838691-FollowerState] INFO  server.RaftServerConfigKeys (ConfUtils.java:logFallback(53)) - raft.server.rpc.first-election.timeout.min = 5s (fallback to raft.server.rpc.timeout.min)
2023-01-31 11:34:25,660 [380eaaea-a69e-4882-97a4-89f32b49ac35@group-00D358838691-FollowerState] INFO  server.RaftServerConfigKeys (ConfUtils.java:logFallback(53)) - raft.server.rpc.first-election.timeout.max = 5200ms (fallback to raft.server.rpc.timeout.max)
2023-01-31 11:34:25,660 [380eaaea-a69e-4882-97a4-89f32b49ac35@group-B5678FC09D44-FollowerState] INFO  server.RaftServerConfigKeys (ConfUtils.java:logFallback(53)) - raft.server.rpc.first-election.timeout.min = 5s (fallback to raft.server.rpc.timeout.min)
2023-01-31 11:34:25,662 [380eaaea-a69e-4882-97a4-89f32b49ac35@group-B5678FC09D44-FollowerState] INFO  server.RaftServerConfigKeys (ConfUtils.java:logFallback(53)) - raft.server.rpc.first-election.timeout.max = 5200ms (fallback to raft.server.rpc.timeout.max)
2023-01-31 11:34:25,663 [a389750c-4ae5-414b-81bd-9813f0be5621@group-070932B0D39D-LeaderElection13] INFO  server.RaftServer$Division (ServerState.java:setLeader(313)) - a389750c-4ae5-414b-81bd-9813f0be5621@group-070932B0D39D: change Leader from null to a389750c-4ae5-414b-81bd-9813f0be5621 at term 1 for becomeLeader, leader elected after 5147ms
2023-01-31 11:34:25,663 [a389750c-4ae5-414b-81bd-9813f0be5621@group-070932B0D39D-LeaderElection13] INFO  server.RaftServerConfigKeys (ConfUtils.java:logGet(46)) - raft.server.staging.catchup.gap = 1000 (default)
2023-01-31 11:34:25,663 [a389750c-4ae5-414b-81bd-9813f0be5621@group-070932B0D39D-LeaderElection13] INFO  server.RaftServerConfigKeys (ConfUtils.java:logGet(46)) - raft.server.write.element-limit = 1024 (custom)
2023-01-31 11:34:25,663 [a389750c-4ae5-414b-81bd-9813f0be5621@group-070932B0D39D-LeaderElection13] INFO  server.RaftServerConfigKeys (ConfUtils.java:logGet(46)) - raft.server.write.byte-limit = 1024 M (=1073741824) (custom)
2023-01-31 11:34:25,663 [a389750c-4ae5-414b-81bd-9813f0be5621@group-070932B0D39D-LeaderElection13] INFO  server.RaftServerConfigKeys (ConfUtils.java:logGet(46)) - raft.server.watch.timeout = 180s (custom)
2023-01-31 11:34:25,663 [a389750c-4ae5-414b-81bd-9813f0be5621@group-070932B0D39D-LeaderElection13] INFO  server.RaftServerConfigKeys (ConfUtils.java:logGet(46)) - raft.server.watch.timeout.denomination = 1s (default)
2023-01-31 11:34:25,663 [a389750c-4ae5-414b-81bd-9813f0be5621@group-070932B0D39D-LeaderElection13] INFO  server.RaftServerConfigKeys (ConfUtils.java:logGet(46)) - raft.server.watch.element-limit = 65536 (default)
2023-01-31 11:34:25,663 [a389750c-4ae5-414b-81bd-9813f0be5621@group-070932B0D39D-LeaderElection13] INFO  server.RaftServerConfigKeys (ConfUtils.java:logGet(46)) - raft.server.write.element-limit = 1024 (custom)
2023-01-31 11:34:25,663 [a389750c-4ae5-414b-81bd-9813f0be5621@group-070932B0D39D-LeaderElection13] INFO  server.RaftServerConfigKeys (ConfUtils.java:logGet(46)) - raft.server.write.follower.gap.ratio.max = -1.0 (default)
2023-01-31 11:34:25,664 [a389750c-4ae5-414b-81bd-9813f0be5621@group-070932B0D39D-LeaderElection13] INFO  impl.RoleInfo (RoleInfo.java:updateAndGet(139)) - a389750c-4ae5-414b-81bd-9813f0be5621: start a389750c-4ae5-414b-81bd-9813f0be5621@group-070932B0D39D-LeaderStateImpl
2023-01-31 11:34:25,664 [a389750c-4ae5-414b-81bd-9813f0be5621@group-070932B0D39D-LeaderElection13] INFO  segmented.SegmentedRaftLogWorker (SegmentedRaftLogWorker.java:startLogSegment(452)) - a389750c-4ae5-414b-81bd-9813f0be5621@group-070932B0D39D-SegmentedRaftLogWorker: Starting segment from index:0
2023-01-31 11:34:25,665 [a389750c-4ae5-414b-81bd-9813f0be5621@group-070932B0D39D-SegmentedRaftLogWorker] INFO  segmented.SegmentedRaftLogWorker (SegmentedRaftLogWorker.java:execute(656)) - a389750c-4ae5-414b-81bd-9813f0be5621@group-070932B0D39D-SegmentedRaftLogWorker: created new log segment /home/runner/work/ozone/ozone/hadoop-ozone/integration-test/target/test-dir/MiniOzoneClusterImpl-e7442b91-30ca-4883-b9fa-57f4a6ec4b9c/datanode-4/data/ratis/5fe58cdf-1b2c-4e56-9c34-070932b0d39d/current/log_inprogress_0
2023-01-31 11:34:25,671 [a389750c-4ae5-414b-81bd-9813f0be5621@group-070932B0D39D-LeaderElection13] INFO  server.RaftServer$Division (ServerState.java:setRaftConf(430)) - a389750c-4ae5-414b-81bd-9813f0be5621@group-070932B0D39D: set configuration 0: peers:[a389750c-4ae5-414b-81bd-9813f0be5621|rpc:10.1.0.34:42291|dataStream:10.1.0.34:41111|priority:1|startupRole:FOLLOWER]|listeners:[], old=null
2023-01-31 11:34:25,881 [9e99b025-1169-4fb3-85c4-dfafc24d087e@group-7E39110652D1-FollowerState] INFO  impl.FollowerState (FollowerState.java:run(143)) - 9e99b025-1169-4fb3-85c4-dfafc24d087e@group-7E39110652D1-FollowerState: change to CANDIDATE, lastRpcElapsedTime:5136520899ns, electionTimeout:5136ms
2023-01-31 11:34:25,881 [9e99b025-1169-4fb3-85c4-dfafc24d087e@group-7E39110652D1-FollowerState] INFO  impl.RoleInfo (RoleInfo.java:shutdownFollowerState(110)) - 9e99b025-1169-4fb3-85c4-dfafc24d087e: shutdown 9e99b025-1169-4fb3-85c4-dfafc24d087e@group-7E39110652D1-FollowerState
2023-01-31 11:34:25,882 [9e99b025-1169-4fb3-85c4-dfafc24d087e@group-7E39110652D1-FollowerState] INFO  server.RaftServer$Division (RaftServerImpl.java:setRole(321)) - 9e99b025-1169-4fb3-85c4-dfafc24d087e@group-7E39110652D1: changes role from  FOLLOWER to CANDIDATE at term 0 for changeToCandidate
2023-01-31 11:34:25,882 [9e99b025-1169-4fb3-85c4-dfafc24d087e@group-7E39110652D1-FollowerState] INFO  server.RaftServerConfigKeys (ConfUtils.java:logGet(46)) - raft.server.leaderelection.pre-vote = false (custom)
2023-01-31 11:34:25,882 [9e99b025-1169-4fb3-85c4-dfafc24d087e@group-7E39110652D1-FollowerState] INFO  impl.RoleInfo (RoleInfo.java:updateAndGet(139)) - 9e99b025-1169-4fb3-85c4-dfafc24d087e: start 9e99b025-1169-4fb3-85c4-dfafc24d087e@group-7E39110652D1-LeaderElection14
2023-01-31 11:34:25,900 [9e99b025-1169-4fb3-85c4-dfafc24d087e@group-7E39110652D1-LeaderElection14] INFO  impl.LeaderElection (LeaderElection.java:askForVotes(312)) - 9e99b025-1169-4fb3-85c4-dfafc24d087e@group-7E39110652D1-LeaderElection14 ELECTION round 0: submit vote requests at term 1 for -1: peers:[9e99b025-1169-4fb3-85c4-dfafc24d087e|rpc:10.1.0.34:37463|dataStream:10.1.0.34:35193|priority:1|startupRole:FOLLOWER]|listeners:[], old=null
2023-01-31 11:34:25,900 [9e99b025-1169-4fb3-85c4-dfafc24d087e@group-7E39110652D1-LeaderElection14] INFO  impl.LeaderElection (LeaderElection.java:askForVotes(314)) - 9e99b025-1169-4fb3-85c4-dfafc24d087e@group-7E39110652D1-LeaderElection14 ELECTION round 0: result PASSED (term=1)
2023-01-31 11:34:25,900 [9e99b025-1169-4fb3-85c4-dfafc24d087e@group-7E39110652D1-LeaderElection14] INFO  impl.RoleInfo (RoleInfo.java:shutdownLeaderElection(130)) - 9e99b025-1169-4fb3-85c4-dfafc24d087e: shutdown 9e99b025-1169-4fb3-85c4-dfafc24d087e@group-7E39110652D1-LeaderElection14
2023-01-31 11:34:25,900 [9e99b025-1169-4fb3-85c4-dfafc24d087e@group-7E39110652D1-LeaderElection14] INFO  server.RaftServer$Division (RaftServerImpl.java:setRole(321)) - 9e99b025-1169-4fb3-85c4-dfafc24d087e@group-7E39110652D1: changes role from CANDIDATE to LEADER at term 1 for changeToLeader
2023-01-31 11:34:25,900 [9e99b025-1169-4fb3-85c4-dfafc24d087e@group-7E39110652D1-LeaderElection14] INFO  ratis.XceiverServerRatis (XceiverServerRatis.java:handleLeaderChangedNotification(904)) - Leader change notification received for group: group-7E39110652D1 with new leaderId: 9e99b025-1169-4fb3-85c4-dfafc24d087e
2023-01-31 11:34:25,901 [9e99b025-1169-4fb3-85c4-dfafc24d087e@group-7E39110652D1-LeaderElection14] INFO  server.RaftServer$Division (ServerState.java:setLeader(313)) - 9e99b025-1169-4fb3-85c4-dfafc24d087e@group-7E39110652D1: change Leader from null to 9e99b025-1169-4fb3-85c4-dfafc24d087e at term 1 for becomeLeader, leader elected after 5166ms
2023-01-31 11:34:25,901 [9e99b025-1169-4fb3-85c4-dfafc24d087e@group-7E39110652D1-LeaderElection14] INFO  server.RaftServerConfigKeys (ConfUtils.java:logGet(46)) - raft.server.staging.catchup.gap = 1000 (default)
2023-01-31 11:34:25,901 [9e99b025-1169-4fb3-85c4-dfafc24d087e@group-7E39110652D1-LeaderElection14] INFO  server.RaftServerConfigKeys (ConfUtils.java:logGet(46)) - raft.server.write.element-limit = 1024 (custom)
2023-01-31 11:34:25,901 [9e99b025-1169-4fb3-85c4-dfafc24d087e@group-7E39110652D1-LeaderElection14] INFO  server.RaftServerConfigKeys (ConfUtils.java:logGet(46)) - raft.server.write.byte-limit = 1024 M (=1073741824) (custom)
2023-01-31 11:34:25,901 [9e99b025-1169-4fb3-85c4-dfafc24d087e@group-7E39110652D1-LeaderElection14] INFO  server.RaftServerConfigKeys (ConfUtils.java:logGet(46)) - raft.server.watch.timeout = 180s (custom)
2023-01-31 11:34:25,901 [9e99b025-1169-4fb3-85c4-dfafc24d087e@group-7E39110652D1-LeaderElection14] INFO  server.RaftServerConfigKeys (ConfUtils.java:logGet(46)) - raft.server.watch.timeout.denomination = 1s (default)
2023-01-31 11:34:25,901 [9e99b025-1169-4fb3-85c4-dfafc24d087e@group-7E39110652D1-LeaderElection14] INFO  server.RaftServerConfigKeys (ConfUtils.java:logGet(46)) - raft.server.watch.element-limit = 65536 (default)
2023-01-31 11:34:25,901 [9e99b025-1169-4fb3-85c4-dfafc24d087e@group-7E39110652D1-LeaderElection14] INFO  server.RaftServerConfigKeys (ConfUtils.java:logGet(46)) - raft.server.write.element-limit = 1024 (custom)
2023-01-31 11:34:25,902 [9e99b025-1169-4fb3-85c4-dfafc24d087e@group-7E39110652D1-LeaderElection14] INFO  server.RaftServerConfigKeys (ConfUtils.java:logGet(46)) - raft.server.write.follower.gap.ratio.max = -1.0 (default)
2023-01-31 11:34:25,902 [9e99b025-1169-4fb3-85c4-dfafc24d087e@group-7E39110652D1-LeaderElection14] INFO  impl.RoleInfo (RoleInfo.java:updateAndGet(139)) - 9e99b025-1169-4fb3-85c4-dfafc24d087e: start 9e99b025-1169-4fb3-85c4-dfafc24d087e@group-7E39110652D1-LeaderStateImpl
2023-01-31 11:34:25,902 [9e99b025-1169-4fb3-85c4-dfafc24d087e@group-7E39110652D1-LeaderElection14] INFO  segmented.SegmentedRaftLogWorker (SegmentedRaftLogWorker.java:startLogSegment(452)) - 9e99b025-1169-4fb3-85c4-dfafc24d087e@group-7E39110652D1-SegmentedRaftLogWorker: Starting segment from index:0
2023-01-31 11:34:25,907 [9e99b025-1169-4fb3-85c4-dfafc24d087e@group-7E39110652D1-LeaderElection14] INFO  server.RaftServer$Division (ServerState.java:setRaftConf(430)) - 9e99b025-1169-4fb3-85c4-dfafc24d087e@group-7E39110652D1: set configuration 0: peers:[9e99b025-1169-4fb3-85c4-dfafc24d087e|rpc:10.1.0.34:37463|dataStream:10.1.0.34:35193|priority:1|startupRole:FOLLOWER]|listeners:[], old=null
2023-01-31 11:34:25,908 [9e99b025-1169-4fb3-85c4-dfafc24d087e@group-7E39110652D1-SegmentedRaftLogWorker] INFO  segmented.SegmentedRaftLogWorker (SegmentedRaftLogWorker.java:execute(656)) - 9e99b025-1169-4fb3-85c4-dfafc24d087e@group-7E39110652D1-SegmentedRaftLogWorker: created new log segment /home/runner/work/ozone/ozone/hadoop-ozone/integration-test/target/test-dir/MiniOzoneClusterImpl-e7442b91-30ca-4883-b9fa-57f4a6ec4b9c/datanode-5/data/ratis/bddcac43-05f7-4c8b-a195-7e39110652d1/current/log_inprogress_0
]]></system-out>
  </testcase>
  <testcase name="testMultiChunkWrite2" classname="org.apache.hadoop.ozone.client.rpc.TestBlockOutputStream" time="0.061">
    <failure type="java.lang.AssertionError"><![CDATA[java.lang.AssertionError: expected:<2> but was:<1>
	at org.junit.Assert.fail(Assert.java:89)
	at org.junit.Assert.failNotEquals(Assert.java:835)
	at org.junit.Assert.assertEquals(Assert.java:647)
	at org.junit.Assert.assertEquals(Assert.java:633)
	at org.apache.hadoop.ozone.client.rpc.TestBlockOutputStream.testMultiChunkWrite2(TestBlockOutputStream.java:444)
	at sun.reflect.NativeMethodAccessorImpl.invoke0(Native Method)
	at sun.reflect.NativeMethodAccessorImpl.invoke(NativeMethodAccessorImpl.java:62)
	at sun.reflect.DelegatingMethodAccessorImpl.invoke(DelegatingMethodAccessorImpl.java:43)
	at java.lang.reflect.Method.invoke(Method.java:498)
	at org.junit.runners.model.FrameworkMethod$1.runReflectiveCall(FrameworkMethod.java:59)
	at org.junit.internal.runners.model.ReflectiveCallable.run(ReflectiveCallable.java:12)
	at org.junit.runners.model.FrameworkMethod.invokeExplosively(FrameworkMethod.java:56)
	at org.junit.internal.runners.statements.InvokeMethod.evaluate(InvokeMethod.java:17)
	at org.junit.internal.runners.statements.FailOnTimeout$CallableStatement.call(FailOnTimeout.java:288)
	at org.junit.internal.runners.statements.FailOnTimeout$CallableStatement.call(FailOnTimeout.java:282)
	at java.util.concurrent.FutureTask.run(FutureTask.java:266)
	at java.lang.Thread.run(Thread.java:750)
]]></failure>
  </testcase>
  <testcase name="testMultiChunkWrite" classname="org.apache.hadoop.ozone.client.rpc.TestBlockOutputStream" time="0.031">
    <failure type="java.lang.AssertionError"><![CDATA[java.lang.AssertionError: expected:<2> but was:<1>
	at org.junit.Assert.fail(Assert.java:89)
	at org.junit.Assert.failNotEquals(Assert.java:835)
	at org.junit.Assert.assertEquals(Assert.java:647)
	at org.junit.Assert.assertEquals(Assert.java:633)
	at org.apache.hadoop.ozone.client.rpc.TestBlockOutputStream.testMultiChunkWrite(TestBlockOutputStream.java:349)
	at sun.reflect.NativeMethodAccessorImpl.invoke0(Native Method)
	at sun.reflect.NativeMethodAccessorImpl.invoke(NativeMethodAccessorImpl.java:62)
	at sun.reflect.DelegatingMethodAccessorImpl.invoke(DelegatingMethodAccessorImpl.java:43)
	at java.lang.reflect.Method.invoke(Method.java:498)
	at org.junit.runners.model.FrameworkMethod$1.runReflectiveCall(FrameworkMethod.java:59)
	at org.junit.internal.runners.model.ReflectiveCallable.run(ReflectiveCallable.java:12)
	at org.junit.runners.model.FrameworkMethod.invokeExplosively(FrameworkMethod.java:56)
	at org.junit.internal.runners.statements.InvokeMethod.evaluate(InvokeMethod.java:17)
	at org.junit.internal.runners.statements.FailOnTimeout$CallableStatement.call(FailOnTimeout.java:288)
	at org.junit.internal.runners.statements.FailOnTimeout$CallableStatement.call(FailOnTimeout.java:282)
	at java.util.concurrent.FutureTask.run(FutureTask.java:266)
	at java.lang.Thread.run(Thread.java:750)
]]></failure>
  </testcase>
  <testcase name="testFullBufferCondition" classname="org.apache.hadoop.ozone.client.rpc.TestBlockOutputStream" time="0.093">
    <failure type="java.lang.AssertionError"><![CDATA[java.lang.AssertionError: expected:<1> but was:<0>
	at org.junit.Assert.fail(Assert.java:89)
	at org.junit.Assert.failNotEquals(Assert.java:835)
	at org.junit.Assert.assertEquals(Assert.java:647)
	at org.junit.Assert.assertEquals(Assert.java:633)
	at org.apache.hadoop.ozone.client.rpc.TestBlockOutputStream.testFullBufferCondition(TestBlockOutputStream.java:561)
	at sun.reflect.NativeMethodAccessorImpl.invoke0(Native Method)
	at sun.reflect.NativeMethodAccessorImpl.invoke(NativeMethodAccessorImpl.java:62)
	at sun.reflect.DelegatingMethodAccessorImpl.invoke(DelegatingMethodAccessorImpl.java:43)
	at java.lang.reflect.Method.invoke(Method.java:498)
	at org.junit.runners.model.FrameworkMethod$1.runReflectiveCall(FrameworkMethod.java:59)
	at org.junit.internal.runners.model.ReflectiveCallable.run(ReflectiveCallable.java:12)
	at org.junit.runners.model.FrameworkMethod.invokeExplosively(FrameworkMethod.java:56)
	at org.junit.internal.runners.statements.InvokeMethod.evaluate(InvokeMethod.java:17)
	at org.junit.internal.runners.statements.FailOnTimeout$CallableStatement.call(FailOnTimeout.java:288)
	at org.junit.internal.runners.statements.FailOnTimeout$CallableStatement.call(FailOnTimeout.java:282)
	at java.util.concurrent.FutureTask.run(FutureTask.java:266)
	at java.lang.Thread.run(Thread.java:750)
]]></failure>
  </testcase>
  <testcase name="testBufferCaching" classname="org.apache.hadoop.ozone.client.rpc.TestBlockOutputStream" time="0.083"/>
  <testcase name="testWriteWithExceedingMaxBufferLimit" classname="org.apache.hadoop.ozone.client.rpc.TestBlockOutputStream" time="0.167">
    <system-out><![CDATA[2023-01-31 11:34:26,386 [4c53ac08-9fc0-49b0-af80-b80d3dd99c18@group-133D60CBF860-FollowerState] INFO  impl.FollowerState (FollowerState.java:run(143)) - 4c53ac08-9fc0-49b0-af80-b80d3dd99c18@group-133D60CBF860-FollowerState: change to CANDIDATE, lastRpcElapsedTime:5202673996ns, electionTimeout:5200ms
2023-01-31 11:34:26,386 [4c53ac08-9fc0-49b0-af80-b80d3dd99c18@group-133D60CBF860-FollowerState] INFO  impl.RoleInfo (RoleInfo.java:shutdownFollowerState(110)) - 4c53ac08-9fc0-49b0-af80-b80d3dd99c18: shutdown 4c53ac08-9fc0-49b0-af80-b80d3dd99c18@group-133D60CBF860-FollowerState
2023-01-31 11:34:26,386 [4c53ac08-9fc0-49b0-af80-b80d3dd99c18@group-133D60CBF860-FollowerState] INFO  server.RaftServer$Division (RaftServerImpl.java:setRole(321)) - 4c53ac08-9fc0-49b0-af80-b80d3dd99c18@group-133D60CBF860: changes role from  FOLLOWER to CANDIDATE at term 0 for changeToCandidate
2023-01-31 11:34:26,387 [4c53ac08-9fc0-49b0-af80-b80d3dd99c18@group-133D60CBF860-FollowerState] INFO  server.RaftServerConfigKeys (ConfUtils.java:logGet(46)) - raft.server.leaderelection.pre-vote = false (custom)
2023-01-31 11:34:26,387 [4c53ac08-9fc0-49b0-af80-b80d3dd99c18@group-133D60CBF860-FollowerState] INFO  impl.RoleInfo (RoleInfo.java:updateAndGet(139)) - 4c53ac08-9fc0-49b0-af80-b80d3dd99c18: start 4c53ac08-9fc0-49b0-af80-b80d3dd99c18@group-133D60CBF860-LeaderElection15
]]></system-out>
  </testcase>
</testsuite>