<?xml version="1.0" encoding="UTF-8"?>
<testsuite xmlns:xsi="http://www.w3.org/2001/XMLSchema-instance" xsi:noNamespaceSchemaLocation="https://maven.apache.org/surefire/maven-surefire-plugin/xsd/surefire-test-report.xsd" version="3.0.2" name="org.apache.ozone.test.NonHATests$ContainerOperations" time="2.761" tests="10" errors="0" skipped="0" failures="1">
  <properties>
    <property name="java.specification.version" value="21"/>
    <property name="sun.jnu.encoding" value="UTF-8"/>
    <property name="java.class.path" value="/home/runner/work/ozone/ozone/hadoop-ozone/integration-test/target/test-classes:/home/runner/work/ozone/ozone/hadoop-ozone/integration-test/target/classes:/home/runner/.m2/repository/ch/qos/reload4j/reload4j/1.2.26/reload4j-1.2.26.jar:/home/runner/.m2/repository/com/fasterxml/jackson/core/jackson-core/2.16.2/jackson-core-2.16.2.jar:/home/runner/.m2/repository/com/fasterxml/jackson/core/jackson-databind/2.16.2/jackson-databind-2.16.2.jar:/home/runner/.m2/repository/com/fasterxml/jackson/core/jackson-annotations/2.16.2/jackson-annotations-2.16.2.jar:/home/runner/.m2/repository/com/github/stephenc/jcip/jcip-annotations/1.0-1/jcip-annotations-1.0-1.jar:/home/runner/.m2/repository/com/google/guava/guava/32.1.3-jre/guava-32.1.3-jre.jar:/home/runner/.m2/repository/com/google/guava/failureaccess/1.0.1/failureaccess-1.0.1.jar:/home/runner/.m2/repository/com/google/guava/listenablefuture/9999.0-empty-to-avoid-conflict-with-guava/listenablefuture-9999.0-empty-to-avoid-conflict-with-guava.jar:/home/runner/.m2/repository/org/checkerframework/checker-qual/3.37.0/checker-qual-3.37.0.jar:/home/runner/.m2/repository/com/google/errorprone/error_prone_annotations/2.29.2/error_prone_annotations-2.29.2.jar:/home/runner/.m2/repository/com/google/j2objc/j2objc-annotations/2.8/j2objc-annotations-2.8.jar:/home/runner/.m2/repository/com/google/protobuf/protobuf-java/2.5.0/protobuf-java-2.5.0.jar:/home/runner/.m2/repository/com/squareup/okhttp3/okhttp/4.12.0/okhttp-4.12.0.jar:/home/runner/.m2/repository/com/squareup/okio/okio/3.6.0/okio-3.6.0.jar:/home/runner/.m2/repository/com/squareup/okio/okio-jvm/3.6.0/okio-jvm-3.6.0.jar:/home/runner/.m2/repository/org/jetbrains/kotlin/kotlin-stdlib-common/1.9.25/kotlin-stdlib-common-1.9.25.jar:/home/runner/.m2/repository/org/jetbrains/kotlin/kotlin-stdlib-jdk8/1.9.25/kotlin-stdlib-jdk8-1.9.25.jar:/home/runner/.m2/repository/org/jetbrains/kotlin/kotlin-stdlib/1.9.25/kotlin-stdlib-1.9.25.jar:/home/runner/.m2/repository/org/jetbrains/annotations/13.0/annotations-13.0.jar:/home/runner/.m2/repository/org/jetbrains/kotlin/kotlin-stdlib-jdk7/1.9.25/kotlin-stdlib-jdk7-1.9.25.jar:/home/runner/.m2/repository/commons-codec/commons-codec/1.18.0/commons-codec-1.18.0.jar:/home/runner/.m2/repository/commons-io/commons-io/2.18.0/commons-io-2.18.0.jar:/home/runner/.m2/repository/commons-validator/commons-validator/1.6/commons-validator-1.6.jar:/home/runner/.m2/repository/commons-beanutils/commons-beanutils/1.11.0/commons-beanutils-1.11.0.jar:/home/runner/.m2/repository/commons-digester/commons-digester/1.8.1/commons-digester-1.8.1.jar:/home/runner/.m2/repository/commons-collections/commons-collections/3.2.2/commons-collections-3.2.2.jar:/home/runner/.m2/repository/info/picocli/picocli/4.7.7/picocli-4.7.7.jar:/home/runner/.m2/repository/jakarta/annotation/jakarta.annotation-api/2.1.1/jakarta.annotation-api-2.1.1.jar:/home/runner/.m2/repository/jakarta/xml/bind/jakarta.xml.bind-api/2.3.3/jakarta.xml.bind-api-2.3.3.jar:/home/runner/.m2/repository/jakarta/activation/jakarta.activation-api/1.2.2/jakarta.activation-api-1.2.2.jar:/home/runner/.m2/repository/javax/servlet/javax.servlet-api/3.1.0/javax.servlet-api-3.1.0.jar:/home/runner/.m2/repository/javax/ws/rs/jsr311-api/1.1.1/jsr311-api-1.1.1.jar:/home/runner/.m2/repository/org/apache/commons/commons-compress/1.27.1/commons-compress-1.27.1.jar:/home/runner/.m2/repository/org/apache/commons/commons-lang3/3.17.0/commons-lang3-3.17.0.jar:/home/runner/.m2/repository/org/apache/commons/commons-text/1.13.1/commons-text-1.13.1.jar:/home/runner/.m2/repository/org/apache/hadoop/hadoop-auth/3.4.1/hadoop-auth-3.4.1.jar:/home/runner/.m2/repository/com/nimbusds/nimbus-jose-jwt/9.40/nimbus-jose-jwt-9.40.jar:/home/runner/.m2/repository/io/dropwizard/metrics/metrics-core/3.2.6/metrics-core-3.2.6.jar:/home/runner/.m2/repository/org/apache/kerby/kerb-core/1.0.1/kerb-core-1.0.1.jar:/home/runner/.m2/repository/org/apache/kerby/kerby-pkix/1.0.1/kerby-pkix-1.0.1.jar:/home/runner/.m2/repository/org/apache/kerby/kerby-asn1/1.0.1/kerby-asn1-1.0.1.jar:/home/runner/.m2/repository/org/apache/kerby/kerb-util/1.0.1/kerb-util-1.0.1.jar:/home/runner/.m2/repository/org/apache/kerby/kerby-config/1.0.1/kerby-config-1.0.1.jar:/home/runner/.m2/repository/org/apache/kerby/kerb-crypto/1.0.1/kerb-crypto-1.0.1.jar:/home/runner/.m2/repository/org/apache/hadoop/thirdparty/hadoop-shaded-guava/1.3.0/hadoop-shaded-guava-1.3.0.jar:/home/runner/.m2/repository/org/apache/hadoop/hadoop-common/3.4.1/hadoop-common-3.4.1.jar:/home/runner/.m2/repository/org/apache/hadoop/thirdparty/hadoop-shaded-protobuf_3_25/1.4.0/hadoop-shaded-protobuf_3_25-1.4.0.jar:/home/runner/.m2/repository/org/apache/hadoop/hadoop-annotations/3.4.1/hadoop-annotations-3.4.1.jar:/home/runner/.m2/repository/commons-cli/commons-cli/1.8.0/commons-cli-1.8.0.jar:/home/runner/.m2/repository/commons-net/commons-net/3.11.1/commons-net-3.11.1.jar:/home/runner/.m2/repository/org/eclipse/jetty/jetty-server/9.4.57.v20241219/jetty-server-9.4.57.v20241219.jar:/home/runner/.m2/repository/org/eclipse/jetty/jetty-io/9.4.57.v20241219/jetty-io-9.4.57.v20241219.jar:/home/runner/.m2/repository/org/eclipse/jetty/jetty-util/9.4.57.v20241219/jetty-util-9.4.57.v20241219.jar:/home/runner/.m2/repository/org/eclipse/jetty/jetty-servlet/9.4.57.v20241219/jetty-servlet-9.4.57.v20241219.jar:/home/runner/.m2/repository/org/eclipse/jetty/jetty-security/9.4.57.v20241219/jetty-security-9.4.57.v20241219.jar:/home/runner/.m2/repository/org/eclipse/jetty/jetty-webapp/9.4.57.v20241219/jetty-webapp-9.4.57.v20241219.jar:/home/runner/.m2/repository/org/eclipse/jetty/jetty-xml/9.4.57.v20241219/jetty-xml-9.4.57.v20241219.jar:/home/runner/.m2/repository/javax/servlet/jsp/jsp-api/2.1/jsp-api-2.1.jar:/home/runner/.m2/repository/org/codehaus/jettison/jettison/1.5.4/jettison-1.5.4.jar:/home/runner/.m2/repository/org/apache/commons/commons-configuration2/2.12.0/commons-configuration2-2.12.0.jar:/home/runner/.m2/repository/com/google/re2j/re2j/1.7/re2j-1.7.jar:/home/runner/.m2/repository/com/google/code/gson/gson/2.10.1/gson-2.10.1.jar:/home/runner/.m2/repository/com/jcraft/jsch/0.1.55/jsch-0.1.55.jar:/home/runner/.m2/repository/io/netty/netty-handler/4.1.119.Final/netty-handler-4.1.119.Final.jar:/home/runner/.m2/repository/io/netty/netty-resolver/4.1.119.Final/netty-resolver-4.1.119.Final.jar:/home/runner/.m2/repository/io/netty/netty-transport-native-epoll/4.1.119.Final/netty-transport-native-epoll-4.1.119.Final.jar:/home/runner/.m2/repository/org/bouncycastle/bcprov-jdk18on/1.81/bcprov-jdk18on-1.81.jar:/home/runner/.m2/repository/org/codehaus/woodstox/stax2-api/4.2.1/stax2-api-4.2.1.jar:/home/runner/.m2/repository/com/fasterxml/woodstox/woodstox-core/5.4.0/woodstox-core-5.4.0.jar:/home/runner/.m2/repository/dnsjava/dnsjava/3.6.1/dnsjava-3.6.1.jar:/home/runner/.m2/repository/org/apache/hadoop/hadoop-common/3.4.1/hadoop-common-3.4.1-tests.jar:/home/runner/.m2/repository/org/apache/commons/commons-math3/3.6.1/commons-math3-3.6.1.jar:/home/runner/.m2/repository/com/sun/jersey/jersey-core/1.19.4/jersey-core-1.19.4.jar:/home/runner/.m2/repository/com/sun/jersey/jersey-servlet/1.19.4/jersey-servlet-1.19.4.jar:/home/runner/.m2/repository/com/github/pjfanning/jersey-json/1.22.0/jersey-json-1.22.0.jar:/home/runner/.m2/repository/com/sun/xml/bind/jaxb-impl/2.2.3-1/jaxb-impl-2.2.3-1.jar:/home/runner/.m2/repository/com/sun/jersey/jersey-server/1.19.4/jersey-server-1.19.4.jar:/home/runner/.m2/repository/org/slf4j/slf4j-reload4j/2.0.17/slf4j-reload4j-2.0.17.jar:/home/runner/.m2/repository/org/apache/avro/avro/1.9.2/avro-1.9.2.jar:/home/runner/.m2/repository/org/apache/curator/curator-client/4.2.0/curator-client-4.2.0.jar:/home/runner/.m2/repository/org/apache/curator/curator-recipes/5.2.0/curator-recipes-5.2.0.jar:/home/runner/.m2/repository/org/apache/curator/curator-framework/4.2.0/curator-framework-4.2.0.jar:/home/runner/.m2/repository/com/google/code/findbugs/jsr305/3.0.2/jsr305-3.0.2.jar:/home/runner/.m2/repository/org/apache/zookeeper/zookeeper/3.8.4/zookeeper-3.8.4.jar:/home/runner/.m2/repository/org/apache/zookeeper/zookeeper-jute/3.8.4/zookeeper-jute-3.8.4.jar:/home/runner/.m2/repository/org/apache/yetus/audience-annotations/0.12.0/audience-annotations-0.12.0.jar:/home/runner/.m2/repository/org/xerial/snappy/snappy-java/1.1.10.7/snappy-java-1.1.10.7.jar:/home/runner/.m2/repository/org/apache/hadoop/hadoop-distcp/3.4.1/hadoop-distcp-3.4.1.jar:/home/runner/.m2/repository/org/apache/hadoop/hadoop-distcp/3.4.1/hadoop-distcp-3.4.1-tests.jar:/home/runner/.m2/repository/org/apache/hadoop/hadoop-hdfs/3.4.1/hadoop-hdfs-3.4.1.jar:/home/runner/.m2/repository/org/eclipse/jetty/jetty-util-ajax/9.4.57.v20241219/jetty-util-ajax-9.4.57.v20241219.jar:/home/runner/.m2/repository/commons-daemon/commons-daemon/1.4.0/commons-daemon-1.4.0.jar:/home/runner/.m2/repository/org/apache/hadoop/hadoop-hdfs/3.4.1/hadoop-hdfs-3.4.1-tests.jar:/home/runner/.m2/repository/io/netty/netty-all/4.1.119.Final/netty-all-4.1.119.Final.jar:/home/runner/.m2/repository/io/netty/netty-codec-dns/4.1.119.Final/netty-codec-dns-4.1.119.Final.jar:/home/runner/.m2/repository/io/netty/netty-codec-haproxy/4.1.119.Final/netty-codec-haproxy-4.1.119.Final.jar:/home/runner/.m2/repository/io/netty/netty-codec-http/4.1.119.Final/netty-codec-http-4.1.119.Final.jar:/home/runner/.m2/repository/io/netty/netty-codec-memcache/4.1.119.Final/netty-codec-memcache-4.1.119.Final.jar:/home/runner/.m2/repository/io/netty/netty-codec-mqtt/4.1.119.Final/netty-codec-mqtt-4.1.119.Final.jar:/home/runner/.m2/repository/io/netty/netty-codec-redis/4.1.119.Final/netty-codec-redis-4.1.119.Final.jar:/home/runner/.m2/repository/io/netty/netty-codec-smtp/4.1.119.Final/netty-codec-smtp-4.1.119.Final.jar:/home/runner/.m2/repository/io/netty/netty-codec-socks/4.1.119.Final/netty-codec-socks-4.1.119.Final.jar:/home/runner/.m2/repository/io/netty/netty-codec-stomp/4.1.119.Final/netty-codec-stomp-4.1.119.Final.jar:/home/runner/.m2/repository/io/netty/netty-codec-xml/4.1.119.Final/netty-codec-xml-4.1.119.Final.jar:/home/runner/.m2/repository/io/netty/netty-handler-ssl-ocsp/4.1.119.Final/netty-handler-ssl-ocsp-4.1.119.Final.jar:/home/runner/.m2/repository/io/netty/netty-resolver-dns/4.1.119.Final/netty-resolver-dns-4.1.119.Final.jar:/home/runner/.m2/repository/io/netty/netty-transport-rxtx/4.1.119.Final/netty-transport-rxtx-4.1.119.Final.jar:/home/runner/.m2/repository/io/netty/netty-transport-sctp/4.1.119.Final/netty-transport-sctp-4.1.119.Final.jar:/home/runner/.m2/repository/io/netty/netty-transport-udt/4.1.119.Final/netty-transport-udt-4.1.119.Final.jar:/home/runner/.m2/repository/io/netty/netty-transport-classes-kqueue/4.1.119.Final/netty-transport-classes-kqueue-4.1.119.Final.jar:/home/runner/.m2/repository/io/netty/netty-resolver-dns-classes-macos/4.1.119.Final/netty-resolver-dns-classes-macos-4.1.119.Final.jar:/home/runner/.m2/repository/io/netty/netty-transport-native-epoll/4.1.119.Final/netty-transport-native-epoll-4.1.119.Final-linux-aarch_64.jar:/home/runner/.m2/repository/io/netty/netty-transport-native-epoll/4.1.119.Final/netty-transport-native-epoll-4.1.119.Final-linux-riscv64.jar:/home/runner/.m2/repository/io/netty/netty-transport-native-kqueue/4.1.119.Final/netty-transport-native-kqueue-4.1.119.Final-osx-x86_64.jar:/home/runner/.m2/repository/io/netty/netty-transport-native-kqueue/4.1.119.Final/netty-transport-native-kqueue-4.1.119.Final-osx-aarch_64.jar:/home/runner/.m2/repository/io/netty/netty-resolver-dns-native-macos/4.1.119.Final/netty-resolver-dns-native-macos-4.1.119.Final-osx-x86_64.jar:/home/runner/.m2/repository/io/netty/netty-resolver-dns-native-macos/4.1.119.Final/netty-resolver-dns-native-macos-4.1.119.Final-osx-aarch_64.jar:/home/runner/.m2/repository/org/fusesource/leveldbjni/leveldbjni-all/1.8/leveldbjni-all-1.8.jar:/home/runner/.m2/repository/org/apache/hadoop/hadoop-hdfs-client/3.4.1/hadoop-hdfs-client-3.4.1.jar:/home/runner/.m2/repository/org/apache/hadoop/hadoop-kms/3.4.1/hadoop-kms-3.4.1.jar:/home/runner/.m2/repository/org/apache/hadoop/hadoop-kms/3.4.1/hadoop-kms-3.4.1-tests.jar:/home/runner/.m2/repository/org/apache/hadoop/hadoop-mapreduce-client-core/3.4.1/hadoop-mapreduce-client-core-3.4.1.jar:/home/runner/.m2/repository/org/apache/hadoop/hadoop-yarn-client/3.4.1/hadoop-yarn-client-3.4.1.jar:/home/runner/.m2/repository/org/eclipse/jetty/websocket/websocket-client/9.4.53.v20231009/websocket-client-9.4.53.v20231009.jar:/home/runner/.m2/repository/org/eclipse/jetty/jetty-client/9.4.57.v20241219/jetty-client-9.4.57.v20241219.jar:/home/runner/.m2/repository/org/eclipse/jetty/websocket/websocket-common/9.4.53.v20231009/websocket-common-9.4.53.v20231009.jar:/home/runner/.m2/repository/org/eclipse/jetty/websocket/websocket-api/9.4.53.v20231009/websocket-api-9.4.53.v20231009.jar:/home/runner/.m2/repository/org/apache/hadoop/hadoop-yarn-api/3.4.1/hadoop-yarn-api-3.4.1.jar:/home/runner/.m2/repository/org/apache/hadoop/hadoop-yarn-common/3.4.1/hadoop-yarn-common-3.4.1.jar:/home/runner/.m2/repository/javax/xml/bind/jaxb-api/2.2.11/jaxb-api-2.2.11.jar:/home/runner/.m2/repository/com/sun/jersey/contribs/jersey-guice/1.19.4/jersey-guice-1.19.4.jar:/home/runner/.m2/repository/com/fasterxml/jackson/module/jackson-module-jaxb-annotations/2.16.2/jackson-module-jaxb-annotations-2.16.2.jar:/home/runner/.m2/repository/com/fasterxml/jackson/jaxrs/jackson-jaxrs-json-provider/2.16.2/jackson-jaxrs-json-provider-2.16.2.jar:/home/runner/.m2/repository/com/google/inject/extensions/guice-servlet/6.0.0/guice-servlet-6.0.0.jar:/home/runner/.m2/repository/org/apache/hadoop/hadoop-mapreduce-client-jobclient/3.4.1/hadoop-mapreduce-client-jobclient-3.4.1.jar:/home/runner/.m2/repository/org/apache/hadoop/hadoop-mapreduce-client-common/3.4.1/hadoop-mapreduce-client-common-3.4.1.jar:/home/runner/.m2/repository/org/apache/hadoop/hadoop-minikdc/3.4.1/hadoop-minikdc-3.4.1.jar:/home/runner/.m2/repository/org/apache/kerby/kerb-simplekdc/2.0.3/kerb-simplekdc-2.0.3.jar:/home/runner/.m2/repository/org/apache/kerby/kerb-client/2.0.3/kerb-client-2.0.3.jar:/home/runner/.m2/repository/org/apache/kerby/kerb-common/2.0.3/kerb-common-2.0.3.jar:/home/runner/.m2/repository/org/apache/kerby/token-provider/2.0.3/token-provider-2.0.3.jar:/home/runner/.m2/repository/org/apache/kerby/kerb-admin/2.0.3/kerb-admin-2.0.3.jar:/home/runner/.m2/repository/org/apache/kerby/kerb-server/2.0.3/kerb-server-2.0.3.jar:/home/runner/.m2/repository/org/apache/kerby/kerb-identity/2.0.3/kerb-identity-2.0.3.jar:/home/runner/.m2/repository/org/apache/kerby/kerby-xdr/2.0.3/kerby-xdr-2.0.3.jar:/home/runner/.m2/repository/junit/junit/4.13.2/junit-4.13.2.jar:/home/runner/.m2/repository/org/hamcrest/hamcrest-core/1.3/hamcrest-core-1.3.jar:/home/runner/.m2/repository/org/apache/httpcomponents/httpclient/4.5.14/httpclient-4.5.14.jar:/home/runner/.m2/repository/org/apache/httpcomponents/httpcore/4.4.16/httpcore-4.4.16.jar:/home/runner/.m2/repository/org/apache/kerby/kerby-util/1.0.1/kerby-util-1.0.1.jar:/home/runner/work/ozone/ozone/hadoop-hdds/client/target/hdds-client-2.1.0-SNAPSHOT.jar:/home/runner/.m2/repository/io/opentracing/opentracing-api/0.33.0/opentracing-api-0.33.0.jar:/home/runner/.m2/repository/io/opentracing/opentracing-util/0.33.0/opentracing-util-0.33.0.jar:/home/runner/.m2/repository/io/opentracing/opentracing-noop/0.33.0/opentracing-noop-0.33.0.jar:/home/runner/work/ozone/ozone/hadoop-hdds/erasurecode/target/hdds-erasurecode-2.1.0-SNAPSHOT.jar:/home/runner/work/ozone/ozone/hadoop-hdds/common/target/hdds-common-2.1.0-SNAPSHOT.jar:/home/runner/.m2/repository/com/fasterxml/jackson/datatype/jackson-datatype-jsr310/2.16.2/jackson-datatype-jsr310-2.16.2.jar:/home/runner/.m2/repository/io/jaegertracing/jaeger-core/1.8.1/jaeger-core-1.8.1.jar:/home/runner/.m2/repository/org/apache/ratis/ratis-netty/3.2.0/ratis-netty-3.2.0.jar:/home/runner/.m2/repository/org/yaml/snakeyaml/2.0/snakeyaml-2.0.jar:/home/runner/.m2/repository/io/jaegertracing/jaeger-client/1.8.1/jaeger-client-1.8.1.jar:/home/runner/.m2/repository/io/jaegertracing/jaeger-thrift/1.8.1/jaeger-thrift-1.8.1.jar:/home/runner/.m2/repository/org/apache/thrift/libthrift/0.15.0/libthrift-0.15.0.jar:/home/runner/.m2/repository/io/jaegertracing/jaeger-tracerresolver/1.8.1/jaeger-tracerresolver-1.8.1.jar:/home/runner/.m2/repository/io/opentracing/contrib/opentracing-tracerresolver/0.1.8/opentracing-tracerresolver-0.1.8.jar:/home/runner/.m2/repository/org/apache/ratis/ratis-metrics-dropwizard3/3.2.0/ratis-metrics-dropwizard3-3.2.0.jar:/home/runner/.m2/repository/org/slf4j/jcl-over-slf4j/2.0.17/jcl-over-slf4j-2.0.17.jar:/home/runner/work/ozone/ozone/hadoop-hdds/common/target/hdds-common-2.1.0-SNAPSHOT-tests.jar:/home/runner/work/ozone/ozone/hadoop-hdds/config/target/hdds-config-2.1.0-SNAPSHOT.jar:/home/runner/work/ozone/ozone/hadoop-hdds/container-service/target/hdds-container-service-2.1.0-SNAPSHOT.jar:/home/runner/.m2/repository/io/netty/netty-buffer/4.1.119.Final/netty-buffer-4.1.119.Final.jar:/home/runner/.m2/repository/io/netty/netty-codec/4.1.119.Final/netty-codec-4.1.119.Final.jar:/home/runner/.m2/repository/io/netty/netty-common/4.1.119.Final/netty-common-4.1.119.Final.jar:/home/runner/.m2/repository/io/netty/netty-transport/4.1.119.Final/netty-transport-4.1.119.Final.jar:/home/runner/.m2/repository/org/apache/logging/log4j/log4j-api/2.25.0/log4j-api-2.25.0.jar:/home/runner/.m2/repository/com/github/luben/zstd-jni/1.5.7-4/zstd-jni-1.5.7-4.jar:/home/runner/.m2/repository/log4j/apache-log4j-extras/1.2.17/apache-log4j-extras-1.2.17.jar:/home/runner/.m2/repository/org/glassfish/jaxb/jaxb-runtime/2.3.9/jaxb-runtime-2.3.9.jar:/home/runner/.m2/repository/org/glassfish/jaxb/txw2/2.3.9/txw2-2.3.9.jar:/home/runner/.m2/repository/com/sun/istack/istack-commons-runtime/3.0.12/istack-commons-runtime-3.0.12.jar:/home/runner/.m2/repository/com/sun/activation/jakarta.activation/1.2.2/jakarta.activation-1.2.2.jar:/home/runner/work/ozone/ozone/hadoop-hdds/container-service/target/hdds-container-service-2.1.0-SNAPSHOT-tests.jar:/home/runner/work/ozone/ozone/hadoop-hdds/interface-admin/target/hdds-interface-admin-2.1.0-SNAPSHOT.jar:/home/runner/work/ozone/ozone/hadoop-hdds/interface-client/target/hdds-interface-client-2.1.0-SNAPSHOT.jar:/home/runner/work/ozone/ozone/hadoop-hdds/interface-server/target/hdds-interface-server-2.1.0-SNAPSHOT.jar:/home/runner/work/ozone/ozone/hadoop-hdds/managed-rocksdb/target/hdds-managed-rocksdb-2.1.0-SNAPSHOT.jar:/home/runner/work/ozone/ozone/hadoop-hdds/rocks-native/target/hdds-rocks-native-2.1.0-SNAPSHOT.jar:/home/runner/work/ozone/ozone/hadoop-hdds/framework/target/hdds-server-framework-2.1.0-SNAPSHOT.jar:/home/runner/.m2/repository/com/github/jnr/jnr-constants/0.10.4/jnr-constants-0.10.4.jar:/home/runner/.m2/repository/com/github/jnr/jnr-posix/3.1.20/jnr-posix-3.1.20.jar:/home/runner/.m2/repository/com/github/jnr/jnr-ffi/2.2.17/jnr-ffi-2.2.17.jar:/home/runner/.m2/repository/com/github/jnr/jffi/1.3.13/jffi-1.3.13.jar:/home/runner/.m2/repository/com/github/jnr/jffi/1.3.13/jffi-1.3.13-native.jar:/home/runner/.m2/repository/org/ow2/asm/asm/9.7.1/asm-9.7.1.jar:/home/runner/.m2/repository/org/ow2/asm/asm-commons/9.7.1/asm-commons-9.7.1.jar:/home/runner/.m2/repository/org/ow2/asm/asm-analysis/9.7.1/asm-analysis-9.7.1.jar:/home/runner/.m2/repository/org/ow2/asm/asm-tree/9.7.1/asm-tree-9.7.1.jar:/home/runner/.m2/repository/org/ow2/asm/asm-util/9.7.1/asm-util-9.7.1.jar:/home/runner/.m2/repository/com/github/jnr/jnr-a64asm/1.0.0/jnr-a64asm-1.0.0.jar:/home/runner/.m2/repository/com/github/jnr/jnr-x86asm/1.0.2/jnr-x86asm-1.0.2.jar:/home/runner/.m2/repository/commons-fileupload/commons-fileupload/1.5/commons-fileupload-1.5.jar:/home/runner/.m2/repository/io/grpc/grpc-api/1.71.0/grpc-api-1.71.0.jar:/home/runner/.m2/repository/io/prometheus/simpleclient/0.16.0/simpleclient-0.16.0.jar:/home/runner/.m2/repository/io/prometheus/simpleclient_common/0.16.0/simpleclient_common-0.16.0.jar:/home/runner/.m2/repository/io/prometheus/simpleclient_dropwizard/0.16.0/simpleclient_dropwizard-0.16.0.jar:/home/runner/.m2/repository/jakarta/ws/rs/jakarta.ws.rs-api/2.1.6/jakarta.ws.rs-api-2.1.6.jar:/home/runner/.m2/repository/org/eclipse/jetty/jetty-http/9.4.57.v20241219/jetty-http-9.4.57.v20241219.jar:/home/runner/.m2/repository/org/glassfish/jersey/containers/jersey-container-servlet-core/2.47/jersey-container-servlet-core-2.47.jar:/home/runner/.m2/repository/org/glassfish/jersey/core/jersey-server/2.47/jersey-server-2.47.jar:/home/runner/.m2/repository/org/glassfish/jersey/core/jersey-client/2.47/jersey-client-2.47.jar:/home/runner/.m2/repository/com/lmax/disruptor/3.4.4/disruptor-3.4.4.jar:/home/runner/.m2/repository/org/apache/logging/log4j/log4j-core/2.25.0/log4j-core-2.25.0.jar:/home/runner/work/ozone/ozone/hadoop-hdds/framework/target/hdds-server-framework-2.1.0-SNAPSHOT-tests.jar:/home/runner/work/ozone/ozone/hadoop-hdds/server-scm/target/hdds-server-scm-2.1.0-SNAPSHOT.jar:/home/runner/work/ozone/ozone/hadoop-hdds/server-scm/target/hdds-server-scm-2.1.0-SNAPSHOT-tests.jar:/home/runner/work/ozone/ozone/hadoop-hdds/test-utils/target/hdds-test-utils-2.1.0-SNAPSHOT-tests.jar:/home/runner/work/ozone/ozone/hadoop-ozone/cli-admin/target/ozone-cli-admin-2.1.0-SNAPSHOT.jar:/home/runner/work/ozone/ozone/hadoop-ozone/cli-shell/target/ozone-cli-shell-2.1.0-SNAPSHOT.jar:/home/runner/.m2/repository/info/picocli/picocli-shell-jline3/4.7.7/picocli-shell-jline3-4.7.7.jar:/home/runner/.m2/repository/org/jline/jline/3.30.4/jline-3.30.4.jar:/home/runner/work/ozone/ozone/hadoop-ozone/client/target/ozone-client-2.1.0-SNAPSHOT.jar:/home/runner/work/ozone/ozone/hadoop-ozone/common/target/ozone-common-2.1.0-SNAPSHOT.jar:/home/runner/.m2/repository/io/grpc/grpc-netty/1.71.0/grpc-netty-1.71.0.jar:/home/runner/.m2/repository/org/codehaus/mojo/animal-sniffer-annotations/1.24/animal-sniffer-annotations-1.24.jar:/home/runner/.m2/repository/io/grpc/grpc-core/1.71.0/grpc-core-1.71.0.jar:/home/runner/.m2/repository/com/google/android/annotations/4.1.1.4/annotations-4.1.1.4.jar:/home/runner/.m2/repository/io/grpc/grpc-context/1.71.0/grpc-context-1.71.0.jar:/home/runner/.m2/repository/io/perfmark/perfmark-api/0.27.0/perfmark-api-0.27.0.jar:/home/runner/.m2/repository/io/grpc/grpc-util/1.71.0/grpc-util-1.71.0.jar:/home/runner/.m2/repository/io/netty/netty-codec-http2/4.1.119.Final/netty-codec-http2-4.1.119.Final.jar:/home/runner/.m2/repository/io/netty/netty-handler-proxy/4.1.119.Final/netty-handler-proxy-4.1.119.Final.jar:/home/runner/.m2/repository/io/netty/netty-tcnative-boringssl-static/2.0.70.Final/netty-tcnative-boringssl-static-2.0.70.Final.jar:/home/runner/.m2/repository/io/netty/netty-tcnative-classes/2.0.70.Final/netty-tcnative-classes-2.0.70.Final.jar:/home/runner/.m2/repository/io/netty/netty-tcnative-boringssl-static/2.0.70.Final/netty-tcnative-boringssl-static-2.0.70.Final-linux-x86_64.jar:/home/runner/.m2/repository/io/netty/netty-tcnative-boringssl-static/2.0.70.Final/netty-tcnative-boringssl-static-2.0.70.Final-linux-aarch_64.jar:/home/runner/.m2/repository/io/netty/netty-tcnative-boringssl-static/2.0.70.Final/netty-tcnative-boringssl-static-2.0.70.Final-osx-x86_64.jar:/home/runner/.m2/repository/io/netty/netty-tcnative-boringssl-static/2.0.70.Final/netty-tcnative-boringssl-static-2.0.70.Final-osx-aarch_64.jar:/home/runner/.m2/repository/io/netty/netty-tcnative-boringssl-static/2.0.70.Final/netty-tcnative-boringssl-static-2.0.70.Final-windows-x86_64.jar:/home/runner/work/ozone/ozone/hadoop-ozone/csi/target/ozone-csi-2.1.0-SNAPSHOT.jar:/home/runner/.m2/repository/io/grpc/grpc-protobuf/1.71.0/grpc-protobuf-1.71.0.jar:/home/runner/.m2/repository/com/google/api/grpc/proto-google-common-protos/2.51.0/proto-google-common-protos-2.51.0.jar:/home/runner/.m2/repository/io/grpc/grpc-protobuf-lite/1.71.0/grpc-protobuf-lite-1.71.0.jar:/home/runner/.m2/repository/io/grpc/grpc-stub/1.71.0/grpc-stub-1.71.0.jar:/home/runner/.m2/repository/io/netty/netty-transport-classes-epoll/4.1.119.Final/netty-transport-classes-epoll-4.1.119.Final.jar:/home/runner/.m2/repository/io/netty/netty-transport-native-unix-common/4.1.119.Final/netty-transport-native-unix-common-4.1.119.Final.jar:/home/runner/.m2/repository/io/netty/netty-transport-native-epoll/4.1.119.Final/netty-transport-native-epoll-4.1.119.Final-linux-x86_64.jar:/home/runner/work/ozone/ozone/hadoop-ozone/ozonefs/target/ozone-filesystem-2.1.0-SNAPSHOT.jar:/home/runner/work/ozone/ozone/hadoop-ozone/ozonefs-common/target/ozone-filesystem-common-2.1.0-SNAPSHOT.jar:/home/runner/work/ozone/ozone/hadoop-ozone/freon/target/ozone-freon-2.1.0-SNAPSHOT.jar:/home/runner/.m2/repository/com/amazonaws/aws-java-sdk-core/1.12.661/aws-java-sdk-core-1.12.661.jar:/home/runner/.m2/repository/com/fasterxml/jackson/dataformat/jackson-dataformat-cbor/2.16.2/jackson-dataformat-cbor-2.16.2.jar:/home/runner/.m2/repository/joda-time/joda-time/2.12.7/joda-time-2.12.7.jar:/home/runner/.m2/repository/com/amazonaws/aws-java-sdk-s3/1.12.661/aws-java-sdk-s3-1.12.661.jar:/home/runner/.m2/repository/com/amazonaws/aws-java-sdk-kms/1.12.661/aws-java-sdk-kms-1.12.661.jar:/home/runner/.m2/repository/com/amazonaws/jmespath-java/1.12.661/jmespath-java-1.12.661.jar:/home/runner/work/ozone/ozone/hadoop-ozone/interface-client/target/ozone-interface-client-2.1.0-SNAPSHOT.jar:/home/runner/work/ozone/ozone/hadoop-ozone/interface-storage/target/ozone-interface-storage-2.1.0-SNAPSHOT.jar:/home/runner/work/ozone/ozone/hadoop-ozone/ozone-manager/target/ozone-manager-2.1.0-SNAPSHOT.jar:/home/runner/.m2/repository/com/sun/jersey/jersey-client/1.19.4/jersey-client-1.19.4.jar:/home/runner/.m2/repository/org/apache/ranger/ranger-plugins-common/2.6.0/ranger-plugins-common-2.6.0.jar:/home/runner/.m2/repository/com/fasterxml/jackson/jaxrs/jackson-jaxrs-base/2.16.2/jackson-jaxrs-base-2.16.2.jar:/home/runner/.m2/repository/com/kstruct/gethostname4j/1.0.0/gethostname4j-1.0.0.jar:/home/runner/.m2/repository/commons-lang/commons-lang/2.6/commons-lang-2.6.jar:/home/runner/.m2/repository/net/java/dev/jna/jna/5.2.0/jna-5.2.0.jar:/home/runner/.m2/repository/net/java/dev/jna/jna-platform/5.2.0/jna-platform-5.2.0.jar:/home/runner/.m2/repository/org/apache/ranger/ranger-plugin-classloader/2.6.0/ranger-plugin-classloader-2.6.0.jar:/home/runner/.m2/repository/org/apache/ranger/ranger-plugins-audit/2.6.0/ranger-plugins-audit-2.6.0.jar:/home/runner/.m2/repository/com/amazonaws/aws-java-sdk-logs/1.12.765/aws-java-sdk-logs-1.12.765.jar:/home/runner/.m2/repository/com/carrotsearch/hppc/0.8.0/hppc-0.8.0.jar:/home/runner/.m2/repository/io/airlift/aircompressor/0.27/aircompressor-0.27.jar:/home/runner/.m2/repository/org/apache/httpcomponents/httpasyncclient/4.1.4/httpasyncclient-4.1.4.jar:/home/runner/.m2/repository/org/apache/httpcomponents/httpcore-nio/4.4.16/httpcore-nio-4.4.16.jar:/home/runner/.m2/repository/org/apache/httpcomponents/httpmime/4.5.13/httpmime-4.5.13.jar:/home/runner/.m2/repository/org/apache/orc/orc-core/1.5.8/orc-core-1.5.8.jar:/home/runner/.m2/repository/org/apache/orc/orc-shims/1.5.8/orc-shims-1.5.8.jar:/home/runner/.m2/repository/org/apache/ranger/ranger-plugins-cred/2.6.0/ranger-plugins-cred-2.6.0.jar:/home/runner/.m2/repository/org/aspectj/aspectjrt/1.9.7/aspectjrt-1.9.7.jar:/home/runner/work/ozone/ozone/hadoop-ozone/ozone-manager/target/ozone-manager-2.1.0-SNAPSHOT-tests.jar:/home/runner/work/ozone/ozone/hadoop-ozone/mini-cluster/target/ozone-mini-cluster-2.1.0-SNAPSHOT.jar:/home/runner/work/ozone/ozone/hadoop-ozone/recon/target/ozone-recon-2.1.0-SNAPSHOT.jar:/home/runner/.m2/repository/aopalliance/aopalliance/1.0/aopalliance-1.0.jar:/home/runner/.m2/repository/com/google/inject/guice/6.0.0/guice-6.0.0.jar:/home/runner/.m2/repository/jakarta/inject/jakarta.inject-api/2.0.1/jakarta.inject-api-2.0.1.jar:/home/runner/.m2/repository/com/jolbox/bonecp/0.8.0.RELEASE/bonecp-0.8.0.RELEASE.jar:/home/runner/.m2/repository/jakarta/validation/jakarta.validation-api/2.0.2/jakarta.validation-api-2.0.2.jar:/home/runner/.m2/repository/javax/annotation/javax.annotation-api/1.3.2/javax.annotation-api-1.3.2.jar:/home/runner/.m2/repository/javax/inject/javax.inject/1/javax.inject-1.jar:/home/runner/.m2/repository/org/apache/derby/derby/10.14.2.0/derby-10.14.2.0.jar:/home/runner/.m2/repository/org/glassfish/hk2/guice-bridge/2.6.1/guice-bridge-2.6.1.jar:/home/runner/.m2/repository/org/glassfish/hk2/hk2-api/2.6.1/hk2-api-2.6.1.jar:/home/runner/.m2/repository/org/glassfish/hk2/hk2-utils/2.6.1/hk2-utils-2.6.1.jar:/home/runner/.m2/repository/org/glassfish/hk2/external/aopalliance-repackaged/2.6.1/aopalliance-repackaged-2.6.1.jar:/home/runner/.m2/repository/org/glassfish/jersey/core/jersey-common/2.47/jersey-common-2.47.jar:/home/runner/.m2/repository/org/glassfish/hk2/osgi-resource-locator/1.0.3/osgi-resource-locator-1.0.3.jar:/home/runner/.m2/repository/org/jooq/jooq/3.11.10/jooq-3.11.10.jar:/home/runner/.m2/repository/org/springframework/spring-core/5.3.39/spring-core-5.3.39.jar:/home/runner/.m2/repository/org/springframework/spring-jdbc/5.3.39/spring-jdbc-5.3.39.jar:/home/runner/.m2/repository/org/springframework/spring-beans/5.3.39/spring-beans-5.3.39.jar:/home/runner/.m2/repository/org/springframework/spring-tx/5.3.39/spring-tx-5.3.39.jar:/home/runner/.m2/repository/org/xerial/sqlite-jdbc/3.50.2.0/sqlite-jdbc-3.50.2.0.jar:/home/runner/.m2/repository/com/google/inject/extensions/guice-assistedinject/6.0.0/guice-assistedinject-6.0.0.jar:/home/runner/.m2/repository/org/glassfish/hk2/external/jakarta.inject/2.6.1/jakarta.inject-2.6.1.jar:/home/runner/.m2/repository/org/glassfish/jersey/inject/jersey-hk2/2.47/jersey-hk2-2.47.jar:/home/runner/.m2/repository/org/glassfish/hk2/hk2-locator/2.6.1/hk2-locator-2.6.1.jar:/home/runner/.m2/repository/org/glassfish/jersey/media/jersey-media-jaxb/2.47/jersey-media-jaxb-2.47.jar:/home/runner/.m2/repository/org/glassfish/jersey/media/jersey-media-json-jackson/2.47/jersey-media-json-jackson-2.47.jar:/home/runner/.m2/repository/org/glassfish/jersey/ext/jersey-entity-filtering/2.47/jersey-entity-filtering-2.47.jar:/home/runner/work/ozone/ozone/hadoop-ozone/recon-codegen/target/ozone-reconcodegen-2.1.0-SNAPSHOT.jar:/home/runner/.m2/repository/org/jooq/jooq-codegen/3.11.10/jooq-codegen-3.11.10.jar:/home/runner/.m2/repository/org/jooq/jooq-meta/3.11.10/jooq-meta-3.11.10.jar:/home/runner/work/ozone/ozone/hadoop-ozone/s3gateway/target/ozone-s3gateway-2.1.0-SNAPSHOT.jar:/home/runner/work/ozone/ozone/hadoop-ozone/tools/target/ozone-tools-2.1.0-SNAPSHOT.jar:/home/runner/.m2/repository/com/github/vlsi/mxgraph/jgraphx/3.9.12/jgraphx-3.9.12.jar:/home/runner/.m2/repository/org/apache/ratis/ratis-shell/3.2.0/ratis-shell-3.2.0.jar:/home/runner/.m2/repository/org/apache/ratis/ratis-tools/3.2.0/ratis-tools-3.2.0.jar:/home/runner/.m2/repository/org/jgrapht/jgrapht-core/1.4.0/jgrapht-core-1.4.0.jar:/home/runner/.m2/repository/org/jheaps/jheaps/0.11/jheaps-0.11.jar:/home/runner/.m2/repository/org/jgrapht/jgrapht-ext/1.4.0/jgrapht-ext-1.4.0.jar:/home/runner/work/ozone/ozone/hadoop-hdds/rocksdb-checkpoint-differ/target/rocksdb-checkpoint-differ-2.1.0-SNAPSHOT.jar:/home/runner/.m2/repository/org/apache/ranger/ranger-intg/2.6.0/ranger-intg-2.6.0.jar:/home/runner/.m2/repository/org/apache/ratis/ratis-client/3.2.0/ratis-client-3.2.0.jar:/home/runner/.m2/repository/org/apache/ratis/ratis-common/3.2.0/ratis-common-3.2.0.jar:/home/runner/.m2/repository/org/apache/ratis/ratis-grpc/3.2.0/ratis-grpc-3.2.0.jar:/home/runner/.m2/repository/org/apache/ratis/ratis-metrics-api/3.2.0/ratis-metrics-api-3.2.0.jar:/home/runner/.m2/repository/org/apache/ratis/ratis-proto/3.2.0/ratis-proto-3.2.0.jar:/home/runner/.m2/repository/org/apache/ratis/ratis-server/3.2.0/ratis-server-3.2.0.jar:/home/runner/.m2/repository/org/apache/ratis/ratis-server-api/3.2.0/ratis-server-api-3.2.0.jar:/home/runner/.m2/repository/org/apache/ratis/ratis-thirdparty-misc/1.0.9/ratis-thirdparty-misc-1.0.9.jar:/home/runner/.m2/repository/org/bouncycastle/bcpkix-jdk18on/1.81/bcpkix-jdk18on-1.81.jar:/home/runner/.m2/repository/org/bouncycastle/bcutil-jdk18on/1.81/bcutil-jdk18on-1.81.jar:/home/runner/.m2/repository/org/hamcrest/hamcrest/2.2/hamcrest-2.2.jar:/home/runner/.m2/repository/org/reflections/reflections/0.10.2/reflections-0.10.2.jar:/home/runner/.m2/repository/org/javassist/javassist/3.30.2-GA/javassist-3.30.2-GA.jar:/home/runner/.m2/repository/org/rocksdb/rocksdbjni/7.7.3/rocksdbjni-7.7.3.jar:/home/runner/.m2/repository/org/slf4j/jul-to-slf4j/2.0.17/jul-to-slf4j-2.0.17.jar:/home/runner/.m2/repository/org/slf4j/slf4j-api/2.0.17/slf4j-api-2.0.17.jar:/home/runner/.m2/repository/org/assertj/assertj-core/3.27.3/assertj-core-3.27.3.jar:/home/runner/.m2/repository/net/bytebuddy/byte-buddy/1.15.11/byte-buddy-1.15.11.jar:/home/runner/.m2/repository/org/junit/jupiter/junit-jupiter-api/5.13.3/junit-jupiter-api-5.13.3.jar:/home/runner/.m2/repository/org/opentest4j/opentest4j/1.3.0/opentest4j-1.3.0.jar:/home/runner/.m2/repository/org/junit/platform/junit-platform-commons/1.13.3/junit-platform-commons-1.13.3.jar:/home/runner/.m2/repository/org/apiguardian/apiguardian-api/1.1.2/apiguardian-api-1.1.2.jar:/home/runner/.m2/repository/org/junit/jupiter/junit-jupiter-params/5.13.3/junit-jupiter-params-5.13.3.jar:/home/runner/.m2/repository/org/mockito/mockito-core/4.11.0/mockito-core-4.11.0.jar:/home/runner/.m2/repository/net/bytebuddy/byte-buddy-agent/1.12.19/byte-buddy-agent-1.12.19.jar:/home/runner/.m2/repository/org/objenesis/objenesis/3.3/objenesis-3.3.jar:/home/runner/.m2/repository/org/mockito/mockito-inline/4.11.0/mockito-inline-4.11.0.jar:/home/runner/.m2/repository/org/mockito/mockito-junit-jupiter/4.11.0/mockito-junit-jupiter-4.11.0.jar:/home/runner/work/ozone/ozone/hadoop-ozone/integration-test/target/gradle-enterprise/test-listeners.jar:"/>
    <property name="java.vm.vendor" value="Eclipse Adoptium"/>
    <property name="sun.arch.data.model" value="64"/>
    <property name="test.build.dir" value="/home/runner/work/ozone/ozone/hadoop-ozone/integration-test/target/test-dir"/>
    <property name="test.cache.data" value=""/>
    <property name="java.vendor.url" value="https://adoptium.net/"/>
    <property name="user.timezone" value="Etc/UTC"/>
    <property name="maven-surefire-plugin.argLineAccessArgs" value=" --add-opens java.management/com.sun.jmx.mbeanserver=ALL-UNNAMED --add-exports java.management/com.sun.jmx.mbeanserver=ALL-UNNAMED --add-opens java.base/java.nio=ALL-UNNAMED --add-opens java.base/java.lang=ALL-UNNAMED --add-opens java.base/java.lang.reflect=ALL-UNNAMED"/>
    <property name="os.name" value="Linux"/>
    <property name="java.vm.specification.version" value="21"/>
    <property name="test.build.data" value="/home/runner/work/ozone/ozone/hadoop-ozone/integration-test/target/test-dir"/>
    <property name="sun.java.launcher" value="SUN_STANDARD"/>
    <property name="sun.boot.library.path" value="/usr/lib/jvm/temurin-21-jdk-amd64/lib"/>
    <property name="sun.java.command" value="/home/runner/work/ozone/ozone/hadoop-ozone/integration-test/target/surefire/surefirebooter-20250711132454186_1076.jar /home/runner/work/ozone/ozone/hadoop-ozone/integration-test/target/surefire 2025-07-11T13-15-51_893-jvmRun1 surefire-20250711132454186_1074tmp surefire_158-20250711132454186_1075tmp"/>
    <property name="jdk.debug" value="release"/>
    <property name="native.lib.tmp.dir" value="/tmp"/>
    <property name="surefire.test.class.path" value="/home/runner/work/ozone/ozone/hadoop-ozone/integration-test/target/test-classes:/home/runner/work/ozone/ozone/hadoop-ozone/integration-test/target/classes:/home/runner/.m2/repository/ch/qos/reload4j/reload4j/1.2.26/reload4j-1.2.26.jar:/home/runner/.m2/repository/com/fasterxml/jackson/core/jackson-core/2.16.2/jackson-core-2.16.2.jar:/home/runner/.m2/repository/com/fasterxml/jackson/core/jackson-databind/2.16.2/jackson-databind-2.16.2.jar:/home/runner/.m2/repository/com/fasterxml/jackson/core/jackson-annotations/2.16.2/jackson-annotations-2.16.2.jar:/home/runner/.m2/repository/com/github/stephenc/jcip/jcip-annotations/1.0-1/jcip-annotations-1.0-1.jar:/home/runner/.m2/repository/com/google/guava/guava/32.1.3-jre/guava-32.1.3-jre.jar:/home/runner/.m2/repository/com/google/guava/failureaccess/1.0.1/failureaccess-1.0.1.jar:/home/runner/.m2/repository/com/google/guava/listenablefuture/9999.0-empty-to-avoid-conflict-with-guava/listenablefuture-9999.0-empty-to-avoid-conflict-with-guava.jar:/home/runner/.m2/repository/org/checkerframework/checker-qual/3.37.0/checker-qual-3.37.0.jar:/home/runner/.m2/repository/com/google/errorprone/error_prone_annotations/2.29.2/error_prone_annotations-2.29.2.jar:/home/runner/.m2/repository/com/google/j2objc/j2objc-annotations/2.8/j2objc-annotations-2.8.jar:/home/runner/.m2/repository/com/google/protobuf/protobuf-java/2.5.0/protobuf-java-2.5.0.jar:/home/runner/.m2/repository/com/squareup/okhttp3/okhttp/4.12.0/okhttp-4.12.0.jar:/home/runner/.m2/repository/com/squareup/okio/okio/3.6.0/okio-3.6.0.jar:/home/runner/.m2/repository/com/squareup/okio/okio-jvm/3.6.0/okio-jvm-3.6.0.jar:/home/runner/.m2/repository/org/jetbrains/kotlin/kotlin-stdlib-common/1.9.25/kotlin-stdlib-common-1.9.25.jar:/home/runner/.m2/repository/org/jetbrains/kotlin/kotlin-stdlib-jdk8/1.9.25/kotlin-stdlib-jdk8-1.9.25.jar:/home/runner/.m2/repository/org/jetbrains/kotlin/kotlin-stdlib/1.9.25/kotlin-stdlib-1.9.25.jar:/home/runner/.m2/repository/org/jetbrains/annotations/13.0/annotations-13.0.jar:/home/runner/.m2/repository/org/jetbrains/kotlin/kotlin-stdlib-jdk7/1.9.25/kotlin-stdlib-jdk7-1.9.25.jar:/home/runner/.m2/repository/commons-codec/commons-codec/1.18.0/commons-codec-1.18.0.jar:/home/runner/.m2/repository/commons-io/commons-io/2.18.0/commons-io-2.18.0.jar:/home/runner/.m2/repository/commons-validator/commons-validator/1.6/commons-validator-1.6.jar:/home/runner/.m2/repository/commons-beanutils/commons-beanutils/1.11.0/commons-beanutils-1.11.0.jar:/home/runner/.m2/repository/commons-digester/commons-digester/1.8.1/commons-digester-1.8.1.jar:/home/runner/.m2/repository/commons-collections/commons-collections/3.2.2/commons-collections-3.2.2.jar:/home/runner/.m2/repository/info/picocli/picocli/4.7.7/picocli-4.7.7.jar:/home/runner/.m2/repository/jakarta/annotation/jakarta.annotation-api/2.1.1/jakarta.annotation-api-2.1.1.jar:/home/runner/.m2/repository/jakarta/xml/bind/jakarta.xml.bind-api/2.3.3/jakarta.xml.bind-api-2.3.3.jar:/home/runner/.m2/repository/jakarta/activation/jakarta.activation-api/1.2.2/jakarta.activation-api-1.2.2.jar:/home/runner/.m2/repository/javax/servlet/javax.servlet-api/3.1.0/javax.servlet-api-3.1.0.jar:/home/runner/.m2/repository/javax/ws/rs/jsr311-api/1.1.1/jsr311-api-1.1.1.jar:/home/runner/.m2/repository/org/apache/commons/commons-compress/1.27.1/commons-compress-1.27.1.jar:/home/runner/.m2/repository/org/apache/commons/commons-lang3/3.17.0/commons-lang3-3.17.0.jar:/home/runner/.m2/repository/org/apache/commons/commons-text/1.13.1/commons-text-1.13.1.jar:/home/runner/.m2/repository/org/apache/hadoop/hadoop-auth/3.4.1/hadoop-auth-3.4.1.jar:/home/runner/.m2/repository/com/nimbusds/nimbus-jose-jwt/9.40/nimbus-jose-jwt-9.40.jar:/home/runner/.m2/repository/io/dropwizard/metrics/metrics-core/3.2.6/metrics-core-3.2.6.jar:/home/runner/.m2/repository/org/apache/kerby/kerb-core/1.0.1/kerb-core-1.0.1.jar:/home/runner/.m2/repository/org/apache/kerby/kerby-pkix/1.0.1/kerby-pkix-1.0.1.jar:/home/runner/.m2/repository/org/apache/kerby/kerby-asn1/1.0.1/kerby-asn1-1.0.1.jar:/home/runner/.m2/repository/org/apache/kerby/kerb-util/1.0.1/kerb-util-1.0.1.jar:/home/runner/.m2/repository/org/apache/kerby/kerby-config/1.0.1/kerby-config-1.0.1.jar:/home/runner/.m2/repository/org/apache/kerby/kerb-crypto/1.0.1/kerb-crypto-1.0.1.jar:/home/runner/.m2/repository/org/apache/hadoop/thirdparty/hadoop-shaded-guava/1.3.0/hadoop-shaded-guava-1.3.0.jar:/home/runner/.m2/repository/org/apache/hadoop/hadoop-common/3.4.1/hadoop-common-3.4.1.jar:/home/runner/.m2/repository/org/apache/hadoop/thirdparty/hadoop-shaded-protobuf_3_25/1.4.0/hadoop-shaded-protobuf_3_25-1.4.0.jar:/home/runner/.m2/repository/org/apache/hadoop/hadoop-annotations/3.4.1/hadoop-annotations-3.4.1.jar:/home/runner/.m2/repository/commons-cli/commons-cli/1.8.0/commons-cli-1.8.0.jar:/home/runner/.m2/repository/commons-net/commons-net/3.11.1/commons-net-3.11.1.jar:/home/runner/.m2/repository/org/eclipse/jetty/jetty-server/9.4.57.v20241219/jetty-server-9.4.57.v20241219.jar:/home/runner/.m2/repository/org/eclipse/jetty/jetty-io/9.4.57.v20241219/jetty-io-9.4.57.v20241219.jar:/home/runner/.m2/repository/org/eclipse/jetty/jetty-util/9.4.57.v20241219/jetty-util-9.4.57.v20241219.jar:/home/runner/.m2/repository/org/eclipse/jetty/jetty-servlet/9.4.57.v20241219/jetty-servlet-9.4.57.v20241219.jar:/home/runner/.m2/repository/org/eclipse/jetty/jetty-security/9.4.57.v20241219/jetty-security-9.4.57.v20241219.jar:/home/runner/.m2/repository/org/eclipse/jetty/jetty-webapp/9.4.57.v20241219/jetty-webapp-9.4.57.v20241219.jar:/home/runner/.m2/repository/org/eclipse/jetty/jetty-xml/9.4.57.v20241219/jetty-xml-9.4.57.v20241219.jar:/home/runner/.m2/repository/javax/servlet/jsp/jsp-api/2.1/jsp-api-2.1.jar:/home/runner/.m2/repository/org/codehaus/jettison/jettison/1.5.4/jettison-1.5.4.jar:/home/runner/.m2/repository/org/apache/commons/commons-configuration2/2.12.0/commons-configuration2-2.12.0.jar:/home/runner/.m2/repository/com/google/re2j/re2j/1.7/re2j-1.7.jar:/home/runner/.m2/repository/com/google/code/gson/gson/2.10.1/gson-2.10.1.jar:/home/runner/.m2/repository/com/jcraft/jsch/0.1.55/jsch-0.1.55.jar:/home/runner/.m2/repository/io/netty/netty-handler/4.1.119.Final/netty-handler-4.1.119.Final.jar:/home/runner/.m2/repository/io/netty/netty-resolver/4.1.119.Final/netty-resolver-4.1.119.Final.jar:/home/runner/.m2/repository/io/netty/netty-transport-native-epoll/4.1.119.Final/netty-transport-native-epoll-4.1.119.Final.jar:/home/runner/.m2/repository/org/bouncycastle/bcprov-jdk18on/1.81/bcprov-jdk18on-1.81.jar:/home/runner/.m2/repository/org/codehaus/woodstox/stax2-api/4.2.1/stax2-api-4.2.1.jar:/home/runner/.m2/repository/com/fasterxml/woodstox/woodstox-core/5.4.0/woodstox-core-5.4.0.jar:/home/runner/.m2/repository/dnsjava/dnsjava/3.6.1/dnsjava-3.6.1.jar:/home/runner/.m2/repository/org/apache/hadoop/hadoop-common/3.4.1/hadoop-common-3.4.1-tests.jar:/home/runner/.m2/repository/org/apache/commons/commons-math3/3.6.1/commons-math3-3.6.1.jar:/home/runner/.m2/repository/com/sun/jersey/jersey-core/1.19.4/jersey-core-1.19.4.jar:/home/runner/.m2/repository/com/sun/jersey/jersey-servlet/1.19.4/jersey-servlet-1.19.4.jar:/home/runner/.m2/repository/com/github/pjfanning/jersey-json/1.22.0/jersey-json-1.22.0.jar:/home/runner/.m2/repository/com/sun/xml/bind/jaxb-impl/2.2.3-1/jaxb-impl-2.2.3-1.jar:/home/runner/.m2/repository/com/sun/jersey/jersey-server/1.19.4/jersey-server-1.19.4.jar:/home/runner/.m2/repository/org/slf4j/slf4j-reload4j/2.0.17/slf4j-reload4j-2.0.17.jar:/home/runner/.m2/repository/org/apache/avro/avro/1.9.2/avro-1.9.2.jar:/home/runner/.m2/repository/org/apache/curator/curator-client/4.2.0/curator-client-4.2.0.jar:/home/runner/.m2/repository/org/apache/curator/curator-recipes/5.2.0/curator-recipes-5.2.0.jar:/home/runner/.m2/repository/org/apache/curator/curator-framework/4.2.0/curator-framework-4.2.0.jar:/home/runner/.m2/repository/com/google/code/findbugs/jsr305/3.0.2/jsr305-3.0.2.jar:/home/runner/.m2/repository/org/apache/zookeeper/zookeeper/3.8.4/zookeeper-3.8.4.jar:/home/runner/.m2/repository/org/apache/zookeeper/zookeeper-jute/3.8.4/zookeeper-jute-3.8.4.jar:/home/runner/.m2/repository/org/apache/yetus/audience-annotations/0.12.0/audience-annotations-0.12.0.jar:/home/runner/.m2/repository/org/xerial/snappy/snappy-java/1.1.10.7/snappy-java-1.1.10.7.jar:/home/runner/.m2/repository/org/apache/hadoop/hadoop-distcp/3.4.1/hadoop-distcp-3.4.1.jar:/home/runner/.m2/repository/org/apache/hadoop/hadoop-distcp/3.4.1/hadoop-distcp-3.4.1-tests.jar:/home/runner/.m2/repository/org/apache/hadoop/hadoop-hdfs/3.4.1/hadoop-hdfs-3.4.1.jar:/home/runner/.m2/repository/org/eclipse/jetty/jetty-util-ajax/9.4.57.v20241219/jetty-util-ajax-9.4.57.v20241219.jar:/home/runner/.m2/repository/commons-daemon/commons-daemon/1.4.0/commons-daemon-1.4.0.jar:/home/runner/.m2/repository/org/apache/hadoop/hadoop-hdfs/3.4.1/hadoop-hdfs-3.4.1-tests.jar:/home/runner/.m2/repository/io/netty/netty-all/4.1.119.Final/netty-all-4.1.119.Final.jar:/home/runner/.m2/repository/io/netty/netty-codec-dns/4.1.119.Final/netty-codec-dns-4.1.119.Final.jar:/home/runner/.m2/repository/io/netty/netty-codec-haproxy/4.1.119.Final/netty-codec-haproxy-4.1.119.Final.jar:/home/runner/.m2/repository/io/netty/netty-codec-http/4.1.119.Final/netty-codec-http-4.1.119.Final.jar:/home/runner/.m2/repository/io/netty/netty-codec-memcache/4.1.119.Final/netty-codec-memcache-4.1.119.Final.jar:/home/runner/.m2/repository/io/netty/netty-codec-mqtt/4.1.119.Final/netty-codec-mqtt-4.1.119.Final.jar:/home/runner/.m2/repository/io/netty/netty-codec-redis/4.1.119.Final/netty-codec-redis-4.1.119.Final.jar:/home/runner/.m2/repository/io/netty/netty-codec-smtp/4.1.119.Final/netty-codec-smtp-4.1.119.Final.jar:/home/runner/.m2/repository/io/netty/netty-codec-socks/4.1.119.Final/netty-codec-socks-4.1.119.Final.jar:/home/runner/.m2/repository/io/netty/netty-codec-stomp/4.1.119.Final/netty-codec-stomp-4.1.119.Final.jar:/home/runner/.m2/repository/io/netty/netty-codec-xml/4.1.119.Final/netty-codec-xml-4.1.119.Final.jar:/home/runner/.m2/repository/io/netty/netty-handler-ssl-ocsp/4.1.119.Final/netty-handler-ssl-ocsp-4.1.119.Final.jar:/home/runner/.m2/repository/io/netty/netty-resolver-dns/4.1.119.Final/netty-resolver-dns-4.1.119.Final.jar:/home/runner/.m2/repository/io/netty/netty-transport-rxtx/4.1.119.Final/netty-transport-rxtx-4.1.119.Final.jar:/home/runner/.m2/repository/io/netty/netty-transport-sctp/4.1.119.Final/netty-transport-sctp-4.1.119.Final.jar:/home/runner/.m2/repository/io/netty/netty-transport-udt/4.1.119.Final/netty-transport-udt-4.1.119.Final.jar:/home/runner/.m2/repository/io/netty/netty-transport-classes-kqueue/4.1.119.Final/netty-transport-classes-kqueue-4.1.119.Final.jar:/home/runner/.m2/repository/io/netty/netty-resolver-dns-classes-macos/4.1.119.Final/netty-resolver-dns-classes-macos-4.1.119.Final.jar:/home/runner/.m2/repository/io/netty/netty-transport-native-epoll/4.1.119.Final/netty-transport-native-epoll-4.1.119.Final-linux-aarch_64.jar:/home/runner/.m2/repository/io/netty/netty-transport-native-epoll/4.1.119.Final/netty-transport-native-epoll-4.1.119.Final-linux-riscv64.jar:/home/runner/.m2/repository/io/netty/netty-transport-native-kqueue/4.1.119.Final/netty-transport-native-kqueue-4.1.119.Final-osx-x86_64.jar:/home/runner/.m2/repository/io/netty/netty-transport-native-kqueue/4.1.119.Final/netty-transport-native-kqueue-4.1.119.Final-osx-aarch_64.jar:/home/runner/.m2/repository/io/netty/netty-resolver-dns-native-macos/4.1.119.Final/netty-resolver-dns-native-macos-4.1.119.Final-osx-x86_64.jar:/home/runner/.m2/repository/io/netty/netty-resolver-dns-native-macos/4.1.119.Final/netty-resolver-dns-native-macos-4.1.119.Final-osx-aarch_64.jar:/home/runner/.m2/repository/org/fusesource/leveldbjni/leveldbjni-all/1.8/leveldbjni-all-1.8.jar:/home/runner/.m2/repository/org/apache/hadoop/hadoop-hdfs-client/3.4.1/hadoop-hdfs-client-3.4.1.jar:/home/runner/.m2/repository/org/apache/hadoop/hadoop-kms/3.4.1/hadoop-kms-3.4.1.jar:/home/runner/.m2/repository/org/apache/hadoop/hadoop-kms/3.4.1/hadoop-kms-3.4.1-tests.jar:/home/runner/.m2/repository/org/apache/hadoop/hadoop-mapreduce-client-core/3.4.1/hadoop-mapreduce-client-core-3.4.1.jar:/home/runner/.m2/repository/org/apache/hadoop/hadoop-yarn-client/3.4.1/hadoop-yarn-client-3.4.1.jar:/home/runner/.m2/repository/org/eclipse/jetty/websocket/websocket-client/9.4.53.v20231009/websocket-client-9.4.53.v20231009.jar:/home/runner/.m2/repository/org/eclipse/jetty/jetty-client/9.4.57.v20241219/jetty-client-9.4.57.v20241219.jar:/home/runner/.m2/repository/org/eclipse/jetty/websocket/websocket-common/9.4.53.v20231009/websocket-common-9.4.53.v20231009.jar:/home/runner/.m2/repository/org/eclipse/jetty/websocket/websocket-api/9.4.53.v20231009/websocket-api-9.4.53.v20231009.jar:/home/runner/.m2/repository/org/apache/hadoop/hadoop-yarn-api/3.4.1/hadoop-yarn-api-3.4.1.jar:/home/runner/.m2/repository/org/apache/hadoop/hadoop-yarn-common/3.4.1/hadoop-yarn-common-3.4.1.jar:/home/runner/.m2/repository/javax/xml/bind/jaxb-api/2.2.11/jaxb-api-2.2.11.jar:/home/runner/.m2/repository/com/sun/jersey/contribs/jersey-guice/1.19.4/jersey-guice-1.19.4.jar:/home/runner/.m2/repository/com/fasterxml/jackson/module/jackson-module-jaxb-annotations/2.16.2/jackson-module-jaxb-annotations-2.16.2.jar:/home/runner/.m2/repository/com/fasterxml/jackson/jaxrs/jackson-jaxrs-json-provider/2.16.2/jackson-jaxrs-json-provider-2.16.2.jar:/home/runner/.m2/repository/com/google/inject/extensions/guice-servlet/6.0.0/guice-servlet-6.0.0.jar:/home/runner/.m2/repository/org/apache/hadoop/hadoop-mapreduce-client-jobclient/3.4.1/hadoop-mapreduce-client-jobclient-3.4.1.jar:/home/runner/.m2/repository/org/apache/hadoop/hadoop-mapreduce-client-common/3.4.1/hadoop-mapreduce-client-common-3.4.1.jar:/home/runner/.m2/repository/org/apache/hadoop/hadoop-minikdc/3.4.1/hadoop-minikdc-3.4.1.jar:/home/runner/.m2/repository/org/apache/kerby/kerb-simplekdc/2.0.3/kerb-simplekdc-2.0.3.jar:/home/runner/.m2/repository/org/apache/kerby/kerb-client/2.0.3/kerb-client-2.0.3.jar:/home/runner/.m2/repository/org/apache/kerby/kerb-common/2.0.3/kerb-common-2.0.3.jar:/home/runner/.m2/repository/org/apache/kerby/token-provider/2.0.3/token-provider-2.0.3.jar:/home/runner/.m2/repository/org/apache/kerby/kerb-admin/2.0.3/kerb-admin-2.0.3.jar:/home/runner/.m2/repository/org/apache/kerby/kerb-server/2.0.3/kerb-server-2.0.3.jar:/home/runner/.m2/repository/org/apache/kerby/kerb-identity/2.0.3/kerb-identity-2.0.3.jar:/home/runner/.m2/repository/org/apache/kerby/kerby-xdr/2.0.3/kerby-xdr-2.0.3.jar:/home/runner/.m2/repository/junit/junit/4.13.2/junit-4.13.2.jar:/home/runner/.m2/repository/org/hamcrest/hamcrest-core/1.3/hamcrest-core-1.3.jar:/home/runner/.m2/repository/org/apache/httpcomponents/httpclient/4.5.14/httpclient-4.5.14.jar:/home/runner/.m2/repository/org/apache/httpcomponents/httpcore/4.4.16/httpcore-4.4.16.jar:/home/runner/.m2/repository/org/apache/kerby/kerby-util/1.0.1/kerby-util-1.0.1.jar:/home/runner/work/ozone/ozone/hadoop-hdds/client/target/hdds-client-2.1.0-SNAPSHOT.jar:/home/runner/.m2/repository/io/opentracing/opentracing-api/0.33.0/opentracing-api-0.33.0.jar:/home/runner/.m2/repository/io/opentracing/opentracing-util/0.33.0/opentracing-util-0.33.0.jar:/home/runner/.m2/repository/io/opentracing/opentracing-noop/0.33.0/opentracing-noop-0.33.0.jar:/home/runner/work/ozone/ozone/hadoop-hdds/erasurecode/target/hdds-erasurecode-2.1.0-SNAPSHOT.jar:/home/runner/work/ozone/ozone/hadoop-hdds/common/target/hdds-common-2.1.0-SNAPSHOT.jar:/home/runner/.m2/repository/com/fasterxml/jackson/datatype/jackson-datatype-jsr310/2.16.2/jackson-datatype-jsr310-2.16.2.jar:/home/runner/.m2/repository/io/jaegertracing/jaeger-core/1.8.1/jaeger-core-1.8.1.jar:/home/runner/.m2/repository/org/apache/ratis/ratis-netty/3.2.0/ratis-netty-3.2.0.jar:/home/runner/.m2/repository/org/yaml/snakeyaml/2.0/snakeyaml-2.0.jar:/home/runner/.m2/repository/io/jaegertracing/jaeger-client/1.8.1/jaeger-client-1.8.1.jar:/home/runner/.m2/repository/io/jaegertracing/jaeger-thrift/1.8.1/jaeger-thrift-1.8.1.jar:/home/runner/.m2/repository/org/apache/thrift/libthrift/0.15.0/libthrift-0.15.0.jar:/home/runner/.m2/repository/io/jaegertracing/jaeger-tracerresolver/1.8.1/jaeger-tracerresolver-1.8.1.jar:/home/runner/.m2/repository/io/opentracing/contrib/opentracing-tracerresolver/0.1.8/opentracing-tracerresolver-0.1.8.jar:/home/runner/.m2/repository/org/apache/ratis/ratis-metrics-dropwizard3/3.2.0/ratis-metrics-dropwizard3-3.2.0.jar:/home/runner/.m2/repository/org/slf4j/jcl-over-slf4j/2.0.17/jcl-over-slf4j-2.0.17.jar:/home/runner/work/ozone/ozone/hadoop-hdds/common/target/hdds-common-2.1.0-SNAPSHOT-tests.jar:/home/runner/work/ozone/ozone/hadoop-hdds/config/target/hdds-config-2.1.0-SNAPSHOT.jar:/home/runner/work/ozone/ozone/hadoop-hdds/container-service/target/hdds-container-service-2.1.0-SNAPSHOT.jar:/home/runner/.m2/repository/io/netty/netty-buffer/4.1.119.Final/netty-buffer-4.1.119.Final.jar:/home/runner/.m2/repository/io/netty/netty-codec/4.1.119.Final/netty-codec-4.1.119.Final.jar:/home/runner/.m2/repository/io/netty/netty-common/4.1.119.Final/netty-common-4.1.119.Final.jar:/home/runner/.m2/repository/io/netty/netty-transport/4.1.119.Final/netty-transport-4.1.119.Final.jar:/home/runner/.m2/repository/org/apache/logging/log4j/log4j-api/2.25.0/log4j-api-2.25.0.jar:/home/runner/.m2/repository/com/github/luben/zstd-jni/1.5.7-4/zstd-jni-1.5.7-4.jar:/home/runner/.m2/repository/log4j/apache-log4j-extras/1.2.17/apache-log4j-extras-1.2.17.jar:/home/runner/.m2/repository/org/glassfish/jaxb/jaxb-runtime/2.3.9/jaxb-runtime-2.3.9.jar:/home/runner/.m2/repository/org/glassfish/jaxb/txw2/2.3.9/txw2-2.3.9.jar:/home/runner/.m2/repository/com/sun/istack/istack-commons-runtime/3.0.12/istack-commons-runtime-3.0.12.jar:/home/runner/.m2/repository/com/sun/activation/jakarta.activation/1.2.2/jakarta.activation-1.2.2.jar:/home/runner/work/ozone/ozone/hadoop-hdds/container-service/target/hdds-container-service-2.1.0-SNAPSHOT-tests.jar:/home/runner/work/ozone/ozone/hadoop-hdds/interface-admin/target/hdds-interface-admin-2.1.0-SNAPSHOT.jar:/home/runner/work/ozone/ozone/hadoop-hdds/interface-client/target/hdds-interface-client-2.1.0-SNAPSHOT.jar:/home/runner/work/ozone/ozone/hadoop-hdds/interface-server/target/hdds-interface-server-2.1.0-SNAPSHOT.jar:/home/runner/work/ozone/ozone/hadoop-hdds/managed-rocksdb/target/hdds-managed-rocksdb-2.1.0-SNAPSHOT.jar:/home/runner/work/ozone/ozone/hadoop-hdds/rocks-native/target/hdds-rocks-native-2.1.0-SNAPSHOT.jar:/home/runner/work/ozone/ozone/hadoop-hdds/framework/target/hdds-server-framework-2.1.0-SNAPSHOT.jar:/home/runner/.m2/repository/com/github/jnr/jnr-constants/0.10.4/jnr-constants-0.10.4.jar:/home/runner/.m2/repository/com/github/jnr/jnr-posix/3.1.20/jnr-posix-3.1.20.jar:/home/runner/.m2/repository/com/github/jnr/jnr-ffi/2.2.17/jnr-ffi-2.2.17.jar:/home/runner/.m2/repository/com/github/jnr/jffi/1.3.13/jffi-1.3.13.jar:/home/runner/.m2/repository/com/github/jnr/jffi/1.3.13/jffi-1.3.13-native.jar:/home/runner/.m2/repository/org/ow2/asm/asm/9.7.1/asm-9.7.1.jar:/home/runner/.m2/repository/org/ow2/asm/asm-commons/9.7.1/asm-commons-9.7.1.jar:/home/runner/.m2/repository/org/ow2/asm/asm-analysis/9.7.1/asm-analysis-9.7.1.jar:/home/runner/.m2/repository/org/ow2/asm/asm-tree/9.7.1/asm-tree-9.7.1.jar:/home/runner/.m2/repository/org/ow2/asm/asm-util/9.7.1/asm-util-9.7.1.jar:/home/runner/.m2/repository/com/github/jnr/jnr-a64asm/1.0.0/jnr-a64asm-1.0.0.jar:/home/runner/.m2/repository/com/github/jnr/jnr-x86asm/1.0.2/jnr-x86asm-1.0.2.jar:/home/runner/.m2/repository/commons-fileupload/commons-fileupload/1.5/commons-fileupload-1.5.jar:/home/runner/.m2/repository/io/grpc/grpc-api/1.71.0/grpc-api-1.71.0.jar:/home/runner/.m2/repository/io/prometheus/simpleclient/0.16.0/simpleclient-0.16.0.jar:/home/runner/.m2/repository/io/prometheus/simpleclient_common/0.16.0/simpleclient_common-0.16.0.jar:/home/runner/.m2/repository/io/prometheus/simpleclient_dropwizard/0.16.0/simpleclient_dropwizard-0.16.0.jar:/home/runner/.m2/repository/jakarta/ws/rs/jakarta.ws.rs-api/2.1.6/jakarta.ws.rs-api-2.1.6.jar:/home/runner/.m2/repository/org/eclipse/jetty/jetty-http/9.4.57.v20241219/jetty-http-9.4.57.v20241219.jar:/home/runner/.m2/repository/org/glassfish/jersey/containers/jersey-container-servlet-core/2.47/jersey-container-servlet-core-2.47.jar:/home/runner/.m2/repository/org/glassfish/jersey/core/jersey-server/2.47/jersey-server-2.47.jar:/home/runner/.m2/repository/org/glassfish/jersey/core/jersey-client/2.47/jersey-client-2.47.jar:/home/runner/.m2/repository/com/lmax/disruptor/3.4.4/disruptor-3.4.4.jar:/home/runner/.m2/repository/org/apache/logging/log4j/log4j-core/2.25.0/log4j-core-2.25.0.jar:/home/runner/work/ozone/ozone/hadoop-hdds/framework/target/hdds-server-framework-2.1.0-SNAPSHOT-tests.jar:/home/runner/work/ozone/ozone/hadoop-hdds/server-scm/target/hdds-server-scm-2.1.0-SNAPSHOT.jar:/home/runner/work/ozone/ozone/hadoop-hdds/server-scm/target/hdds-server-scm-2.1.0-SNAPSHOT-tests.jar:/home/runner/work/ozone/ozone/hadoop-hdds/test-utils/target/hdds-test-utils-2.1.0-SNAPSHOT-tests.jar:/home/runner/work/ozone/ozone/hadoop-ozone/cli-admin/target/ozone-cli-admin-2.1.0-SNAPSHOT.jar:/home/runner/work/ozone/ozone/hadoop-ozone/cli-shell/target/ozone-cli-shell-2.1.0-SNAPSHOT.jar:/home/runner/.m2/repository/info/picocli/picocli-shell-jline3/4.7.7/picocli-shell-jline3-4.7.7.jar:/home/runner/.m2/repository/org/jline/jline/3.30.4/jline-3.30.4.jar:/home/runner/work/ozone/ozone/hadoop-ozone/client/target/ozone-client-2.1.0-SNAPSHOT.jar:/home/runner/work/ozone/ozone/hadoop-ozone/common/target/ozone-common-2.1.0-SNAPSHOT.jar:/home/runner/.m2/repository/io/grpc/grpc-netty/1.71.0/grpc-netty-1.71.0.jar:/home/runner/.m2/repository/org/codehaus/mojo/animal-sniffer-annotations/1.24/animal-sniffer-annotations-1.24.jar:/home/runner/.m2/repository/io/grpc/grpc-core/1.71.0/grpc-core-1.71.0.jar:/home/runner/.m2/repository/com/google/android/annotations/4.1.1.4/annotations-4.1.1.4.jar:/home/runner/.m2/repository/io/grpc/grpc-context/1.71.0/grpc-context-1.71.0.jar:/home/runner/.m2/repository/io/perfmark/perfmark-api/0.27.0/perfmark-api-0.27.0.jar:/home/runner/.m2/repository/io/grpc/grpc-util/1.71.0/grpc-util-1.71.0.jar:/home/runner/.m2/repository/io/netty/netty-codec-http2/4.1.119.Final/netty-codec-http2-4.1.119.Final.jar:/home/runner/.m2/repository/io/netty/netty-handler-proxy/4.1.119.Final/netty-handler-proxy-4.1.119.Final.jar:/home/runner/.m2/repository/io/netty/netty-tcnative-boringssl-static/2.0.70.Final/netty-tcnative-boringssl-static-2.0.70.Final.jar:/home/runner/.m2/repository/io/netty/netty-tcnative-classes/2.0.70.Final/netty-tcnative-classes-2.0.70.Final.jar:/home/runner/.m2/repository/io/netty/netty-tcnative-boringssl-static/2.0.70.Final/netty-tcnative-boringssl-static-2.0.70.Final-linux-x86_64.jar:/home/runner/.m2/repository/io/netty/netty-tcnative-boringssl-static/2.0.70.Final/netty-tcnative-boringssl-static-2.0.70.Final-linux-aarch_64.jar:/home/runner/.m2/repository/io/netty/netty-tcnative-boringssl-static/2.0.70.Final/netty-tcnative-boringssl-static-2.0.70.Final-osx-x86_64.jar:/home/runner/.m2/repository/io/netty/netty-tcnative-boringssl-static/2.0.70.Final/netty-tcnative-boringssl-static-2.0.70.Final-osx-aarch_64.jar:/home/runner/.m2/repository/io/netty/netty-tcnative-boringssl-static/2.0.70.Final/netty-tcnative-boringssl-static-2.0.70.Final-windows-x86_64.jar:/home/runner/work/ozone/ozone/hadoop-ozone/csi/target/ozone-csi-2.1.0-SNAPSHOT.jar:/home/runner/.m2/repository/io/grpc/grpc-protobuf/1.71.0/grpc-protobuf-1.71.0.jar:/home/runner/.m2/repository/com/google/api/grpc/proto-google-common-protos/2.51.0/proto-google-common-protos-2.51.0.jar:/home/runner/.m2/repository/io/grpc/grpc-protobuf-lite/1.71.0/grpc-protobuf-lite-1.71.0.jar:/home/runner/.m2/repository/io/grpc/grpc-stub/1.71.0/grpc-stub-1.71.0.jar:/home/runner/.m2/repository/io/netty/netty-transport-classes-epoll/4.1.119.Final/netty-transport-classes-epoll-4.1.119.Final.jar:/home/runner/.m2/repository/io/netty/netty-transport-native-unix-common/4.1.119.Final/netty-transport-native-unix-common-4.1.119.Final.jar:/home/runner/.m2/repository/io/netty/netty-transport-native-epoll/4.1.119.Final/netty-transport-native-epoll-4.1.119.Final-linux-x86_64.jar:/home/runner/work/ozone/ozone/hadoop-ozone/ozonefs/target/ozone-filesystem-2.1.0-SNAPSHOT.jar:/home/runner/work/ozone/ozone/hadoop-ozone/ozonefs-common/target/ozone-filesystem-common-2.1.0-SNAPSHOT.jar:/home/runner/work/ozone/ozone/hadoop-ozone/freon/target/ozone-freon-2.1.0-SNAPSHOT.jar:/home/runner/.m2/repository/com/amazonaws/aws-java-sdk-core/1.12.661/aws-java-sdk-core-1.12.661.jar:/home/runner/.m2/repository/com/fasterxml/jackson/dataformat/jackson-dataformat-cbor/2.16.2/jackson-dataformat-cbor-2.16.2.jar:/home/runner/.m2/repository/joda-time/joda-time/2.12.7/joda-time-2.12.7.jar:/home/runner/.m2/repository/com/amazonaws/aws-java-sdk-s3/1.12.661/aws-java-sdk-s3-1.12.661.jar:/home/runner/.m2/repository/com/amazonaws/aws-java-sdk-kms/1.12.661/aws-java-sdk-kms-1.12.661.jar:/home/runner/.m2/repository/com/amazonaws/jmespath-java/1.12.661/jmespath-java-1.12.661.jar:/home/runner/work/ozone/ozone/hadoop-ozone/interface-client/target/ozone-interface-client-2.1.0-SNAPSHOT.jar:/home/runner/work/ozone/ozone/hadoop-ozone/interface-storage/target/ozone-interface-storage-2.1.0-SNAPSHOT.jar:/home/runner/work/ozone/ozone/hadoop-ozone/ozone-manager/target/ozone-manager-2.1.0-SNAPSHOT.jar:/home/runner/.m2/repository/com/sun/jersey/jersey-client/1.19.4/jersey-client-1.19.4.jar:/home/runner/.m2/repository/org/apache/ranger/ranger-plugins-common/2.6.0/ranger-plugins-common-2.6.0.jar:/home/runner/.m2/repository/com/fasterxml/jackson/jaxrs/jackson-jaxrs-base/2.16.2/jackson-jaxrs-base-2.16.2.jar:/home/runner/.m2/repository/com/kstruct/gethostname4j/1.0.0/gethostname4j-1.0.0.jar:/home/runner/.m2/repository/commons-lang/commons-lang/2.6/commons-lang-2.6.jar:/home/runner/.m2/repository/net/java/dev/jna/jna/5.2.0/jna-5.2.0.jar:/home/runner/.m2/repository/net/java/dev/jna/jna-platform/5.2.0/jna-platform-5.2.0.jar:/home/runner/.m2/repository/org/apache/ranger/ranger-plugin-classloader/2.6.0/ranger-plugin-classloader-2.6.0.jar:/home/runner/.m2/repository/org/apache/ranger/ranger-plugins-audit/2.6.0/ranger-plugins-audit-2.6.0.jar:/home/runner/.m2/repository/com/amazonaws/aws-java-sdk-logs/1.12.765/aws-java-sdk-logs-1.12.765.jar:/home/runner/.m2/repository/com/carrotsearch/hppc/0.8.0/hppc-0.8.0.jar:/home/runner/.m2/repository/io/airlift/aircompressor/0.27/aircompressor-0.27.jar:/home/runner/.m2/repository/org/apache/httpcomponents/httpasyncclient/4.1.4/httpasyncclient-4.1.4.jar:/home/runner/.m2/repository/org/apache/httpcomponents/httpcore-nio/4.4.16/httpcore-nio-4.4.16.jar:/home/runner/.m2/repository/org/apache/httpcomponents/httpmime/4.5.13/httpmime-4.5.13.jar:/home/runner/.m2/repository/org/apache/orc/orc-core/1.5.8/orc-core-1.5.8.jar:/home/runner/.m2/repository/org/apache/orc/orc-shims/1.5.8/orc-shims-1.5.8.jar:/home/runner/.m2/repository/org/apache/ranger/ranger-plugins-cred/2.6.0/ranger-plugins-cred-2.6.0.jar:/home/runner/.m2/repository/org/aspectj/aspectjrt/1.9.7/aspectjrt-1.9.7.jar:/home/runner/work/ozone/ozone/hadoop-ozone/ozone-manager/target/ozone-manager-2.1.0-SNAPSHOT-tests.jar:/home/runner/work/ozone/ozone/hadoop-ozone/mini-cluster/target/ozone-mini-cluster-2.1.0-SNAPSHOT.jar:/home/runner/work/ozone/ozone/hadoop-ozone/recon/target/ozone-recon-2.1.0-SNAPSHOT.jar:/home/runner/.m2/repository/aopalliance/aopalliance/1.0/aopalliance-1.0.jar:/home/runner/.m2/repository/com/google/inject/guice/6.0.0/guice-6.0.0.jar:/home/runner/.m2/repository/jakarta/inject/jakarta.inject-api/2.0.1/jakarta.inject-api-2.0.1.jar:/home/runner/.m2/repository/com/jolbox/bonecp/0.8.0.RELEASE/bonecp-0.8.0.RELEASE.jar:/home/runner/.m2/repository/jakarta/validation/jakarta.validation-api/2.0.2/jakarta.validation-api-2.0.2.jar:/home/runner/.m2/repository/javax/annotation/javax.annotation-api/1.3.2/javax.annotation-api-1.3.2.jar:/home/runner/.m2/repository/javax/inject/javax.inject/1/javax.inject-1.jar:/home/runner/.m2/repository/org/apache/derby/derby/10.14.2.0/derby-10.14.2.0.jar:/home/runner/.m2/repository/org/glassfish/hk2/guice-bridge/2.6.1/guice-bridge-2.6.1.jar:/home/runner/.m2/repository/org/glassfish/hk2/hk2-api/2.6.1/hk2-api-2.6.1.jar:/home/runner/.m2/repository/org/glassfish/hk2/hk2-utils/2.6.1/hk2-utils-2.6.1.jar:/home/runner/.m2/repository/org/glassfish/hk2/external/aopalliance-repackaged/2.6.1/aopalliance-repackaged-2.6.1.jar:/home/runner/.m2/repository/org/glassfish/jersey/core/jersey-common/2.47/jersey-common-2.47.jar:/home/runner/.m2/repository/org/glassfish/hk2/osgi-resource-locator/1.0.3/osgi-resource-locator-1.0.3.jar:/home/runner/.m2/repository/org/jooq/jooq/3.11.10/jooq-3.11.10.jar:/home/runner/.m2/repository/org/springframework/spring-core/5.3.39/spring-core-5.3.39.jar:/home/runner/.m2/repository/org/springframework/spring-jdbc/5.3.39/spring-jdbc-5.3.39.jar:/home/runner/.m2/repository/org/springframework/spring-beans/5.3.39/spring-beans-5.3.39.jar:/home/runner/.m2/repository/org/springframework/spring-tx/5.3.39/spring-tx-5.3.39.jar:/home/runner/.m2/repository/org/xerial/sqlite-jdbc/3.50.2.0/sqlite-jdbc-3.50.2.0.jar:/home/runner/.m2/repository/com/google/inject/extensions/guice-assistedinject/6.0.0/guice-assistedinject-6.0.0.jar:/home/runner/.m2/repository/org/glassfish/hk2/external/jakarta.inject/2.6.1/jakarta.inject-2.6.1.jar:/home/runner/.m2/repository/org/glassfish/jersey/inject/jersey-hk2/2.47/jersey-hk2-2.47.jar:/home/runner/.m2/repository/org/glassfish/hk2/hk2-locator/2.6.1/hk2-locator-2.6.1.jar:/home/runner/.m2/repository/org/glassfish/jersey/media/jersey-media-jaxb/2.47/jersey-media-jaxb-2.47.jar:/home/runner/.m2/repository/org/glassfish/jersey/media/jersey-media-json-jackson/2.47/jersey-media-json-jackson-2.47.jar:/home/runner/.m2/repository/org/glassfish/jersey/ext/jersey-entity-filtering/2.47/jersey-entity-filtering-2.47.jar:/home/runner/work/ozone/ozone/hadoop-ozone/recon-codegen/target/ozone-reconcodegen-2.1.0-SNAPSHOT.jar:/home/runner/.m2/repository/org/jooq/jooq-codegen/3.11.10/jooq-codegen-3.11.10.jar:/home/runner/.m2/repository/org/jooq/jooq-meta/3.11.10/jooq-meta-3.11.10.jar:/home/runner/work/ozone/ozone/hadoop-ozone/s3gateway/target/ozone-s3gateway-2.1.0-SNAPSHOT.jar:/home/runner/work/ozone/ozone/hadoop-ozone/tools/target/ozone-tools-2.1.0-SNAPSHOT.jar:/home/runner/.m2/repository/com/github/vlsi/mxgraph/jgraphx/3.9.12/jgraphx-3.9.12.jar:/home/runner/.m2/repository/org/apache/ratis/ratis-shell/3.2.0/ratis-shell-3.2.0.jar:/home/runner/.m2/repository/org/apache/ratis/ratis-tools/3.2.0/ratis-tools-3.2.0.jar:/home/runner/.m2/repository/org/jgrapht/jgrapht-core/1.4.0/jgrapht-core-1.4.0.jar:/home/runner/.m2/repository/org/jheaps/jheaps/0.11/jheaps-0.11.jar:/home/runner/.m2/repository/org/jgrapht/jgrapht-ext/1.4.0/jgrapht-ext-1.4.0.jar:/home/runner/work/ozone/ozone/hadoop-hdds/rocksdb-checkpoint-differ/target/rocksdb-checkpoint-differ-2.1.0-SNAPSHOT.jar:/home/runner/.m2/repository/org/apache/ranger/ranger-intg/2.6.0/ranger-intg-2.6.0.jar:/home/runner/.m2/repository/org/apache/ratis/ratis-client/3.2.0/ratis-client-3.2.0.jar:/home/runner/.m2/repository/org/apache/ratis/ratis-common/3.2.0/ratis-common-3.2.0.jar:/home/runner/.m2/repository/org/apache/ratis/ratis-grpc/3.2.0/ratis-grpc-3.2.0.jar:/home/runner/.m2/repository/org/apache/ratis/ratis-metrics-api/3.2.0/ratis-metrics-api-3.2.0.jar:/home/runner/.m2/repository/org/apache/ratis/ratis-proto/3.2.0/ratis-proto-3.2.0.jar:/home/runner/.m2/repository/org/apache/ratis/ratis-server/3.2.0/ratis-server-3.2.0.jar:/home/runner/.m2/repository/org/apache/ratis/ratis-server-api/3.2.0/ratis-server-api-3.2.0.jar:/home/runner/.m2/repository/org/apache/ratis/ratis-thirdparty-misc/1.0.9/ratis-thirdparty-misc-1.0.9.jar:/home/runner/.m2/repository/org/bouncycastle/bcpkix-jdk18on/1.81/bcpkix-jdk18on-1.81.jar:/home/runner/.m2/repository/org/bouncycastle/bcutil-jdk18on/1.81/bcutil-jdk18on-1.81.jar:/home/runner/.m2/repository/org/hamcrest/hamcrest/2.2/hamcrest-2.2.jar:/home/runner/.m2/repository/org/reflections/reflections/0.10.2/reflections-0.10.2.jar:/home/runner/.m2/repository/org/javassist/javassist/3.30.2-GA/javassist-3.30.2-GA.jar:/home/runner/.m2/repository/org/rocksdb/rocksdbjni/7.7.3/rocksdbjni-7.7.3.jar:/home/runner/.m2/repository/org/slf4j/jul-to-slf4j/2.0.17/jul-to-slf4j-2.0.17.jar:/home/runner/.m2/repository/org/slf4j/slf4j-api/2.0.17/slf4j-api-2.0.17.jar:/home/runner/.m2/repository/org/assertj/assertj-core/3.27.3/assertj-core-3.27.3.jar:/home/runner/.m2/repository/net/bytebuddy/byte-buddy/1.15.11/byte-buddy-1.15.11.jar:/home/runner/.m2/repository/org/junit/jupiter/junit-jupiter-api/5.13.3/junit-jupiter-api-5.13.3.jar:/home/runner/.m2/repository/org/opentest4j/opentest4j/1.3.0/opentest4j-1.3.0.jar:/home/runner/.m2/repository/org/junit/platform/junit-platform-commons/1.13.3/junit-platform-commons-1.13.3.jar:/home/runner/.m2/repository/org/apiguardian/apiguardian-api/1.1.2/apiguardian-api-1.1.2.jar:/home/runner/.m2/repository/org/junit/jupiter/junit-jupiter-params/5.13.3/junit-jupiter-params-5.13.3.jar:/home/runner/.m2/repository/org/mockito/mockito-core/4.11.0/mockito-core-4.11.0.jar:/home/runner/.m2/repository/net/bytebuddy/byte-buddy-agent/1.12.19/byte-buddy-agent-1.12.19.jar:/home/runner/.m2/repository/org/objenesis/objenesis/3.3/objenesis-3.3.jar:/home/runner/.m2/repository/org/mockito/mockito-inline/4.11.0/mockito-inline-4.11.0.jar:/home/runner/.m2/repository/org/mockito/mockito-junit-jupiter/4.11.0/mockito-junit-jupiter-4.11.0.jar:/home/runner/work/ozone/ozone/hadoop-ozone/integration-test/target/gradle-enterprise/test-listeners.jar:"/>
    <property name="sun.cpu.endian" value="little"/>
    <property name="user.home" value="/home/runner"/>
    <property name="user.language" value="en"/>
    <property name="java.specification.vendor" value="Oracle Corporation"/>
    <property name="skipRecon" value="true"/>
    <property name="java.version.date" value="2025-04-15"/>
    <property name="java.home" value="/usr/lib/jvm/temurin-21-jdk-amd64"/>
    <property name="java.security.krb5.conf" value="/home/runner/work/ozone/ozone/hadoop-ozone/integration-test/target/test-classes/krb5.conf"/>
    <property name="file.separator" value="/"/>
    <property name="basedir" value="/home/runner/work/ozone/ozone/hadoop-ozone/integration-test"/>
    <property name="java.vm.compressedOopsMode" value="Zero based"/>
    <property name="line.separator" value="&#10;"/>
    <property name="java.vm.specification.vendor" value="Oracle Corporation"/>
    <property name="java.specification.name" value="Java Platform API Specification"/>
    <property name="surefire.real.class.path" value="/home/runner/work/ozone/ozone/hadoop-ozone/integration-test/target/surefire/surefirebooter-20250711132454186_1076.jar"/>
    <property name="hadoop.log.dir" value="/home/runner/work/ozone/ozone/hadoop-ozone/integration-test/target/log"/>
    <property name="sun.management.compiler" value="HotSpot 64-Bit Tiered Compilers"/>
    <property name="skipShade" value="true"/>
    <property name="java.runtime.version" value="21.0.7+6-LTS"/>
    <property name="user.name" value="runner"/>
    <property name="java.net.preferIPv4Stack" value="true"/>
    <property name="stdout.encoding" value="UTF-8"/>
    <property name="path.separator" value=":"/>
    <property name="java.security.egd" value="file:///dev/urandom"/>
    <property name="os.version" value="6.11.0-1015-azure"/>
    <property name="java.runtime.name" value="OpenJDK Runtime Environment"/>
    <property name="com.gradle.maven.scan.extension.test.listener.junitplatform.NestedExecutionSafeDelegatingTestExecutionListener" value="1bb1fde8"/>
    <property name="file.encoding" value="UTF-8"/>
    <property name="java.vm.name" value="OpenJDK 64-Bit Server VM"/>
    <property name="rocks_tools_native" value="true"/>
    <property name="java.vendor.version" value="Temurin-21.0.7+6"/>
    <property name="test.build.webapps" value=""/>
    <property name="develocity.listener.surefire.forkId" value="1"/>
    <property name="localRepository" value="/home/runner/.m2/repository"/>
    <property name="java.vendor.url.bug" value="https://github.com/adoptium/adoptium-support/issues"/>
    <property name="jetty.git.hash" value="df524e6b29271c2e09ba9aea83c18dc9db464a31"/>
    <property name="java.io.tmpdir" value="/tmp"/>
    <property name="require.test.libhadoop" value=""/>
    <property name="java.version" value="21.0.7"/>
    <property name="user.dir" value="/home/runner/work/ozone/ozone/hadoop-ozone/integration-test"/>
    <property name="os.arch" value="amd64"/>
    <property name="java.vm.specification.name" value="Java Virtual Machine Specification"/>
    <property name="test.build.classes" value="/home/runner/work/ozone/ozone/hadoop-ozone/integration-test/target/test-classes"/>
    <property name="org.apache.ratis.thirdparty.io.netty.allocator.useCacheForAllThreads" value="false"/>
    <property name="native.encoding" value="UTF-8"/>
    <property name="hadoop.tmp.dir" value="/home/runner/work/ozone/ozone/hadoop-ozone/integration-test/target/tmp"/>
    <property name="java.library.path" value="/usr/java/packages/lib:/usr/lib64:/lib64:/lib:/usr/lib"/>
    <property name="java.vm.info" value="mixed mode, sharing"/>
    <property name="stderr.encoding" value="UTF-8"/>
    <property name="java.vendor" value="Eclipse Adoptium"/>
    <property name="java.vm.version" value="21.0.7+6-LTS"/>
    <property name="sun.io.unicode.encoding" value="UnicodeLittle"/>
    <property name="develocity.listener.port" value="39251"/>
    <property name="java.class.version" value="65.0"/>
  </properties>
  <testcase name="testCreateEC" classname="org.apache.ozone.test.NonHATests$ContainerOperations" time="0.033">
    <system-out><![CDATA[2025-07-11 13:51:41,297 [main] INFO  proxy.SCMContainerLocationFailoverProxyProvider (SCMFailoverProxyProviderBase.java:<init>(120)) - Created fail-over proxy for protocol StorageContainerLocationProtocolPB with 1 nodes: [nodeId=scmNodeId,nodeAddress=/0.0.0.0:15000]
2025-07-11 13:51:41,297 [main] INFO  proxy.SecretKeyProtocolFailoverProxyProvider (SCMFailoverProxyProviderBase.java:<init>(120)) - Created fail-over proxy for protocol SecretKeyProtocolScmPB with 1 nodes: [nodeId=scmNodeId,nodeAddress=/0.0.0.0:9961]
2025-07-11 13:51:41,329 [FixedThreadPoolWithAffinityExecutor-0-0] ERROR report.ContainerReportValidator$ECReplicaValidator (ContainerReportValidator.java:validate(71)) - ContainerReplicaReport for ContainerID: 65 in Datanode: 22a54b65-5ca6-44f1-bc2a-71bde50d2f1b(localhost/127.0.0.1) failed. Replica Index should be between 1 and 5. Given Replica Index: 0
]]></system-out>
  </testcase>
  <testcase name="testCreateRatis" classname="org.apache.ozone.test.NonHATests$ContainerOperations" time="2.539">
    <system-out><![CDATA[2025-07-11 13:51:41,335 [IPC Server handler 81 on default port 15000] INFO  pipeline.RatisPipelineProvider (RatisPipelineProvider.java:lambda$create$0(208)) - Sending CreatePipelineCommand for pipeline:Pipeline-3d04797b-7e6e-4ea2-bb3e-7eefe1cedc2a to datanode:afe7fe1f-1d68-4d89-80c2-7ba57cdf2335(localhost/127.0.0.1)
2025-07-11 13:51:41,336 [IPC Server handler 81 on default port 15000] INFO  pipeline.RatisPipelineProvider (RatisPipelineProvider.java:lambda$create$0(208)) - Sending CreatePipelineCommand for pipeline:Pipeline-3d04797b-7e6e-4ea2-bb3e-7eefe1cedc2a to datanode:9019234a-c2b6-4680-845a-06c77c29e11d(localhost/127.0.0.1)
2025-07-11 13:51:41,336 [IPC Server handler 81 on default port 15000] INFO  pipeline.RatisPipelineProvider (RatisPipelineProvider.java:lambda$create$0(208)) - Sending CreatePipelineCommand for pipeline:Pipeline-3d04797b-7e6e-4ea2-bb3e-7eefe1cedc2a to datanode:22a54b65-5ca6-44f1-bc2a-71bde50d2f1b(localhost/127.0.0.1)
2025-07-11 13:51:41,787 [grpc-default-executor-0] INFO  server.RaftServer (RaftServerProxy.java:remove(116)) - 22a54b65-5ca6-44f1-bc2a-71bde50d2f1b: remove    LEADER (RUNNING): 22a54b65-5ca6-44f1-bc2a-71bde50d2f1b@group-A1BF2CD5A2F6:t1, leader=22a54b65-5ca6-44f1-bc2a-71bde50d2f1b, voted=22a54b65-5ca6-44f1-bc2a-71bde50d2f1b, raftlog=Memoized:22a54b65-5ca6-44f1-bc2a-71bde50d2f1b@group-A1BF2CD5A2F6-SegmentedRaftLog:OPENED:c783:last(t:1, i:783), conf=conf: {index: 0, cur=peers:[22a54b65-5ca6-44f1-bc2a-71bde50d2f1b|127.0.0.1:15023, 8c9ceaf3-a623-4517-98dd-93652c1eae32|127.0.0.1:15015, afe7fe1f-1d68-4d89-80c2-7ba57cdf2335|127.0.0.1:15031]|listeners:[], old=null}
2025-07-11 13:51:41,788 [grpc-default-executor-3] WARN  server.RaftServer (RaftServerProxy.java:remove(111)) - 22a54b65-5ca6-44f1-bc2a-71bde50d2f1b: does not contain group: group-A1BF2CD5A2F6
2025-07-11 13:51:41,788 [grpc-default-executor-3] WARN  server.GrpcAdminProtocolService (GrpcAdminProtocolService.java:lambda$groupManagement$1(53)) - Failed groupManagement: GROUPREMOVE, GroupManagementRequest:client-694ED000FAEC->22a54b65-5ca6-44f1-bc2a-71bde50d2f1b@group-A1BF2CD5A2F6, cid=682, seq=null, RW, null, Remove:group-A1BF2CD5A2F6, delete-dir
org.apache.ratis.protocol.exceptions.GroupMismatchException: 22a54b65-5ca6-44f1-bc2a-71bde50d2f1b: Group group-A1BF2CD5A2F6 not found.
	at org.apache.ratis.server.impl.RaftServerProxy.groupRemoveAsync(RaftServerProxy.java:548)
	at org.apache.ratis.server.impl.RaftServerProxy.groupManagementAsync(RaftServerProxy.java:499)
	at org.apache.ratis.grpc.server.GrpcAdminProtocolService.lambda$groupManagement$0(GrpcAdminProtocolService.java:51)
	at org.apache.ratis.grpc.GrpcUtil.asyncCall(GrpcUtil.java:172)
	at org.apache.ratis.grpc.server.GrpcAdminProtocolService.groupManagement(GrpcAdminProtocolService.java:51)
	at org.apache.ratis.proto.grpc.AdminProtocolServiceGrpc$MethodHandlers.invoke(AdminProtocolServiceGrpc.java:701)
	at org.apache.ratis.thirdparty.io.grpc.stub.ServerCalls$UnaryServerCallHandler$UnaryServerCallListener.onHalfClose(ServerCalls.java:182)
	at org.apache.ratis.thirdparty.io.grpc.internal.ServerCallImpl$ServerStreamListenerImpl.halfClosed(ServerCallImpl.java:356)
	at org.apache.ratis.thirdparty.io.grpc.internal.ServerImpl$JumpToApplicationThreadServerStreamListener$1HalfClosed.runInContext(ServerImpl.java:861)
	at org.apache.ratis.thirdparty.io.grpc.internal.ContextRunnable.run(ContextRunnable.java:37)
	at org.apache.ratis.thirdparty.io.grpc.internal.SerializingExecutor.run(SerializingExecutor.java:133)
	at java.base/java.util.concurrent.ThreadPoolExecutor.runWorker(ThreadPoolExecutor.java:1144)
	at java.base/java.util.concurrent.ThreadPoolExecutor$Worker.run(ThreadPoolExecutor.java:642)
	at java.base/java.lang.Thread.run(Thread.java:1583)
2025-07-11 13:51:41,788 [grpc-default-executor-0] INFO  server.RaftServer$Division (RaftServerImpl.java:lambda$close$1(527)) - 22a54b65-5ca6-44f1-bc2a-71bde50d2f1b@group-A1BF2CD5A2F6: shutdown
2025-07-11 13:51:41,789 [grpc-default-executor-0] INFO  util.JmxRegister (JmxRegister.java:unregister(74)) - Successfully un-registered JMX Bean with object name Ratis:service=RaftServer,group=group-A1BF2CD5A2F6,id=22a54b65-5ca6-44f1-bc2a-71bde50d2f1b
2025-07-11 13:51:41,789 [grpc-default-executor-0] INFO  impl.RoleInfo (RoleInfo.java:shutdownLeaderState(103)) - 22a54b65-5ca6-44f1-bc2a-71bde50d2f1b: shutdown 22a54b65-5ca6-44f1-bc2a-71bde50d2f1b@group-A1BF2CD5A2F6-LeaderStateImpl
2025-07-11 13:51:41,791 [22a54b65-5ca6-44f1-bc2a-71bde50d2f1b@group-A1BF2CD5A2F6->8c9ceaf3-a623-4517-98dd-93652c1eae32-GrpcLogAppender-LogAppenderDaemon] WARN  server.GrpcLogAppender (GrpcLogAppender.java:mayWait(300)) - 22a54b65-5ca6-44f1-bc2a-71bde50d2f1b@group-A1BF2CD5A2F6->8c9ceaf3-a623-4517-98dd-93652c1eae32-GrpcLogAppender: Wait interrupted by java.lang.InterruptedException
2025-07-11 13:51:41,791 [22a54b65-5ca6-44f1-bc2a-71bde50d2f1b@group-A1BF2CD5A2F6->afe7fe1f-1d68-4d89-80c2-7ba57cdf2335-GrpcLogAppender-LogAppenderDaemon] WARN  server.GrpcLogAppender (GrpcLogAppender.java:mayWait(300)) - 22a54b65-5ca6-44f1-bc2a-71bde50d2f1b@group-A1BF2CD5A2F6->afe7fe1f-1d68-4d89-80c2-7ba57cdf2335-GrpcLogAppender: Wait interrupted by java.lang.InterruptedException
2025-07-11 13:51:41,791 [grpc-default-executor-0] INFO  impl.PendingRequests (PendingRequests.java:sendNotLeaderResponses(287)) - 22a54b65-5ca6-44f1-bc2a-71bde50d2f1b@group-A1BF2CD5A2F6-PendingRequests: sendNotLeaderResponses
2025-07-11 13:51:41,794 [grpc-default-executor-5] INFO  server.GrpcServerProtocolService (GrpcServerProtocolService.java:lambda$onCompleted$6(171)) - afe7fe1f-1d68-4d89-80c2-7ba57cdf2335: Completed APPEND_ENTRIES, lastRequest: 22a54b65-5ca6-44f1-bc2a-71bde50d2f1b->afe7fe1f-1d68-4d89-80c2-7ba57cdf2335#1848-t1,previous=(t:1, i:782),leaderCommit=781,initializing? false,entries: size=1, first=(t:1, i:783), METADATAENTRY(c:781) 
2025-07-11 13:51:41,796 [grpc-default-executor-0] INFO  impl.StateMachineUpdater (StateMachineUpdater.java:stopAndJoin(163)) - 22a54b65-5ca6-44f1-bc2a-71bde50d2f1b@group-A1BF2CD5A2F6-StateMachineUpdater: set stopIndex = 783
2025-07-11 13:51:41,796 [grpc-default-executor-1] INFO  server.GrpcServerProtocolService (GrpcServerProtocolService.java:lambda$onCompleted$6(171)) - 8c9ceaf3-a623-4517-98dd-93652c1eae32: Completed APPEND_ENTRIES, lastRequest: 22a54b65-5ca6-44f1-bc2a-71bde50d2f1b->8c9ceaf3-a623-4517-98dd-93652c1eae32#1848-t1,previous=(t:1, i:782),leaderCommit=781,initializing? false,entries: size=1, first=(t:1, i:783), METADATAENTRY(c:781) 
2025-07-11 13:51:41,796 [grpc-default-executor-1] INFO  server.GrpcServerProtocolService (GrpcServerProtocolService.java:lambda$null$7(175)) - 8c9ceaf3-a623-4517-98dd-93652c1eae32: Completed APPEND_ENTRIES, lastReply: null 
2025-07-11 13:51:41,797 [22a54b65-5ca6-44f1-bc2a-71bde50d2f1b@group-A1BF2CD5A2F6-StateMachineUpdater] INFO  ratis.ContainerStateMachine (ContainerStateMachine.java:takeSnapshot(427)) - group-A1BF2CD5A2F6: Taking a snapshot at:(t:1, i:783) file /home/runner/work/ozone/ozone/hadoop-ozone/integration-test/target/test-dir/MiniOzoneClusterImpl-02f448a6-9fdd-45b6-a527-a8325eb08e52/ozone-meta/datanode-2/ratis/54d720d8-bed7-443c-9ebc-a1bf2cd5a2f6/sm/snapshot.1_783
2025-07-11 13:51:41,797 [grpc-default-executor-7] INFO  server.GrpcLogAppender (GrpcLogAppender.java:onCompleted(558)) - 22a54b65-5ca6-44f1-bc2a-71bde50d2f1b@group-A1BF2CD5A2F6->8c9ceaf3-a623-4517-98dd-93652c1eae32-AppendLogResponseHandler: follower responses appendEntries COMPLETED
2025-07-11 13:51:41,798 [grpc-default-executor-6] INFO  server.GrpcLogAppender (GrpcLogAppender.java:onCompleted(558)) - 22a54b65-5ca6-44f1-bc2a-71bde50d2f1b@group-A1BF2CD5A2F6->8c9ceaf3-a623-4517-98dd-93652c1eae32-AppendLogResponseHandler: follower responses appendEntries COMPLETED
2025-07-11 13:51:41,802 [22a54b65-5ca6-44f1-bc2a-71bde50d2f1b@group-A1BF2CD5A2F6-StateMachineUpdater] INFO  ratis.ContainerStateMachine (ContainerStateMachine.java:takeSnapshot(436)) - group-A1BF2CD5A2F6: Finished taking a snapshot at:(t:1, i:783) file:/home/runner/work/ozone/ozone/hadoop-ozone/integration-test/target/test-dir/MiniOzoneClusterImpl-02f448a6-9fdd-45b6-a527-a8325eb08e52/ozone-meta/datanode-2/ratis/54d720d8-bed7-443c-9ebc-a1bf2cd5a2f6/sm/snapshot.1_783 took: 6 ms
2025-07-11 13:51:41,802 [22a54b65-5ca6-44f1-bc2a-71bde50d2f1b@group-A1BF2CD5A2F6-StateMachineUpdater] INFO  impl.StateMachineUpdater (StateMachineUpdater.java:takeSnapshot(307)) - 22a54b65-5ca6-44f1-bc2a-71bde50d2f1b@group-A1BF2CD5A2F6-StateMachineUpdater: Took a snapshot at index 783
2025-07-11 13:51:41,803 [22a54b65-5ca6-44f1-bc2a-71bde50d2f1b@group-A1BF2CD5A2F6-StateMachineUpdater] INFO  impl.StateMachineUpdater (StateMachineUpdater.java:lambda$new$0(101)) - 22a54b65-5ca6-44f1-bc2a-71bde50d2f1b@group-A1BF2CD5A2F6-StateMachineUpdater: snapshotIndex: updateIncreasingly -1 -> 783
2025-07-11 13:51:41,803 [22a54b65-5ca6-44f1-bc2a-71bde50d2f1b@group-A1BF2CD5A2F6-StateMachineUpdater] INFO  impl.StateMachineUpdater (StateMachineUpdater.java:stop(140)) - 22a54b65-5ca6-44f1-bc2a-71bde50d2f1b@group-A1BF2CD5A2F6-StateMachineUpdater: closing ContainerStateMachine, lastApplied=(t:1, i:783)
2025-07-11 13:51:41,804 [22a54b65-5ca6-44f1-bc2a-71bde50d2f1b@group-A1BF2CD5A2F6-cacheEviction-AwaitToRun] INFO  util.AwaitToRun (AwaitToRun.java:run(49)) - 22a54b65-5ca6-44f1-bc2a-71bde50d2f1b@group-A1BF2CD5A2F6-cacheEviction-AwaitToRun-AwaitForSignal is interrupted
2025-07-11 13:51:41,804 [grpc-default-executor-5] INFO  server.GrpcLogAppender (GrpcLogAppender.java:onCompleted(558)) - 22a54b65-5ca6-44f1-bc2a-71bde50d2f1b@group-A1BF2CD5A2F6->afe7fe1f-1d68-4d89-80c2-7ba57cdf2335-AppendLogResponseHandler: follower responses appendEntries COMPLETED
2025-07-11 13:51:41,811 [grpc-default-executor-0] INFO  segmented.SegmentedRaftLogWorker (SegmentedRaftLogWorker.java:close(254)) - 22a54b65-5ca6-44f1-bc2a-71bde50d2f1b@group-A1BF2CD5A2F6-SegmentedRaftLogWorker close()
2025-07-11 13:51:41,814 [grpc-default-executor-2] INFO  server.GrpcServerProtocolService (GrpcServerProtocolService.java:lambda$null$7(175)) - afe7fe1f-1d68-4d89-80c2-7ba57cdf2335: Completed APPEND_ENTRIES, lastReply: serverReply {
  requestorId: "22a54b65-5ca6-44f1-bc2a-71bde50d2f1b"
  replyId: "afe7fe1f-1d68-4d89-80c2-7ba57cdf2335"
  raftGroupId {
    id: "T\327 \330\276\327D<\236\274\241\277,\325\242\366"
  }
  callId: 1858
  success: true
}
term: 1
nextIndex: 784
followerCommit: 783
matchIndex: 18446744073709551615
isHearbeat: true
 
2025-07-11 13:51:41,815 [grpc-default-executor-6] INFO  server.GrpcLogAppender (GrpcLogAppender.java:onCompleted(558)) - 22a54b65-5ca6-44f1-bc2a-71bde50d2f1b@group-A1BF2CD5A2F6->afe7fe1f-1d68-4d89-80c2-7ba57cdf2335-AppendLogResponseHandler: follower responses appendEntries COMPLETED
2025-07-11 13:51:41,817 [grpc-default-executor-2] INFO  server.RaftServer (RaftServerProxy.java:remove(116)) - 8c9ceaf3-a623-4517-98dd-93652c1eae32: remove  FOLLOWER (RUNNING): 8c9ceaf3-a623-4517-98dd-93652c1eae32@group-A1BF2CD5A2F6:t1, leader=22a54b65-5ca6-44f1-bc2a-71bde50d2f1b, voted=22a54b65-5ca6-44f1-bc2a-71bde50d2f1b, raftlog=Memoized:8c9ceaf3-a623-4517-98dd-93652c1eae32@group-A1BF2CD5A2F6-SegmentedRaftLog:OPENED:c783:last(t:1, i:783), conf=conf: {index: 0, cur=peers:[22a54b65-5ca6-44f1-bc2a-71bde50d2f1b|127.0.0.1:15023, 8c9ceaf3-a623-4517-98dd-93652c1eae32|127.0.0.1:15015, afe7fe1f-1d68-4d89-80c2-7ba57cdf2335|127.0.0.1:15031]|listeners:[], old=null}
2025-07-11 13:51:41,817 [grpc-default-executor-2] INFO  server.RaftServer$Division (RaftServerImpl.java:lambda$close$1(527)) - 8c9ceaf3-a623-4517-98dd-93652c1eae32@group-A1BF2CD5A2F6: shutdown
2025-07-11 13:51:41,817 [grpc-default-executor-2] INFO  util.JmxRegister (JmxRegister.java:unregister(74)) - Successfully un-registered JMX Bean with object name Ratis:service=RaftServer,group=group-A1BF2CD5A2F6,id=8c9ceaf3-a623-4517-98dd-93652c1eae32
2025-07-11 13:51:41,817 [grpc-default-executor-2] INFO  impl.RoleInfo (RoleInfo.java:shutdownFollowerState(121)) - 8c9ceaf3-a623-4517-98dd-93652c1eae32: shutdown 8c9ceaf3-a623-4517-98dd-93652c1eae32@group-A1BF2CD5A2F6-FollowerState
2025-07-11 13:51:41,817 [grpc-default-executor-2] INFO  impl.StateMachineUpdater (StateMachineUpdater.java:stopAndJoin(163)) - 8c9ceaf3-a623-4517-98dd-93652c1eae32@group-A1BF2CD5A2F6-StateMachineUpdater: set stopIndex = 783
2025-07-11 13:51:41,817 [8c9ceaf3-a623-4517-98dd-93652c1eae32@group-A1BF2CD5A2F6-StateMachineUpdater] INFO  ratis.ContainerStateMachine (ContainerStateMachine.java:takeSnapshot(427)) - group-A1BF2CD5A2F6: Taking a snapshot at:(t:1, i:783) file /home/runner/work/ozone/ozone/hadoop-ozone/integration-test/target/test-dir/MiniOzoneClusterImpl-02f448a6-9fdd-45b6-a527-a8325eb08e52/ozone-meta/datanode-1/ratis/54d720d8-bed7-443c-9ebc-a1bf2cd5a2f6/sm/snapshot.1_783
2025-07-11 13:51:41,818 [8c9ceaf3-a623-4517-98dd-93652c1eae32@group-A1BF2CD5A2F6-FollowerState] INFO  impl.FollowerState (FollowerState.java:runImpl(170)) - 8c9ceaf3-a623-4517-98dd-93652c1eae32@group-A1BF2CD5A2F6-FollowerState was interrupted
2025-07-11 13:51:41,820 [8c9ceaf3-a623-4517-98dd-93652c1eae32@group-A1BF2CD5A2F6-StateMachineUpdater] INFO  ratis.ContainerStateMachine (ContainerStateMachine.java:takeSnapshot(436)) - group-A1BF2CD5A2F6: Finished taking a snapshot at:(t:1, i:783) file:/home/runner/work/ozone/ozone/hadoop-ozone/integration-test/target/test-dir/MiniOzoneClusterImpl-02f448a6-9fdd-45b6-a527-a8325eb08e52/ozone-meta/datanode-1/ratis/54d720d8-bed7-443c-9ebc-a1bf2cd5a2f6/sm/snapshot.1_783 took: 3 ms
2025-07-11 13:51:41,820 [8c9ceaf3-a623-4517-98dd-93652c1eae32@group-A1BF2CD5A2F6-StateMachineUpdater] INFO  impl.StateMachineUpdater (StateMachineUpdater.java:takeSnapshot(307)) - 8c9ceaf3-a623-4517-98dd-93652c1eae32@group-A1BF2CD5A2F6-StateMachineUpdater: Took a snapshot at index 783
2025-07-11 13:51:41,820 [8c9ceaf3-a623-4517-98dd-93652c1eae32@group-A1BF2CD5A2F6-StateMachineUpdater] INFO  impl.StateMachineUpdater (StateMachineUpdater.java:lambda$new$0(101)) - 8c9ceaf3-a623-4517-98dd-93652c1eae32@group-A1BF2CD5A2F6-StateMachineUpdater: snapshotIndex: updateIncreasingly -1 -> 783
2025-07-11 13:51:41,823 [grpc-default-executor-0] WARN  keyvalue.KeyValueHandler (KeyValueHandler.java:updateAndGetContainerChecksum(1451)) - Container data checksum updated from 0 to fcf70482
2025-07-11 13:51:41,823 [grpc-default-executor-0] INFO  keyvalue.KeyValueContainer (KeyValueContainer.java:flushAndSyncDB(514)) - Synced container: KeyValueContainerData #27 (CLOSING, non-empty, ri=0, origin=[dn_22a54b65-5ca6-44f1-bc2a-71bde50d2f1b, pipeline_54d720d8-bed7-443c-9ebc-a1bf2cd5a2f6])
2025-07-11 13:51:41,823 [grpc-default-executor-0] INFO  keyvalue.KeyValueContainer (KeyValueContainer.java:flushAndSyncDB(514)) - Synced container: KeyValueContainerData #27 (CLOSING, non-empty, ri=0, origin=[dn_22a54b65-5ca6-44f1-bc2a-71bde50d2f1b, pipeline_54d720d8-bed7-443c-9ebc-a1bf2cd5a2f6])
2025-07-11 13:51:41,824 [8c9ceaf3-a623-4517-98dd-93652c1eae32@group-A1BF2CD5A2F6-StateMachineUpdater] INFO  impl.StateMachineUpdater (StateMachineUpdater.java:stop(140)) - 8c9ceaf3-a623-4517-98dd-93652c1eae32@group-A1BF2CD5A2F6-StateMachineUpdater: closing ContainerStateMachine, lastApplied=(t:1, i:783)
2025-07-11 13:51:41,826 [8c9ceaf3-a623-4517-98dd-93652c1eae32@group-A1BF2CD5A2F6-cacheEviction-AwaitToRun] INFO  util.AwaitToRun (AwaitToRun.java:run(49)) - 8c9ceaf3-a623-4517-98dd-93652c1eae32@group-A1BF2CD5A2F6-cacheEviction-AwaitToRun-AwaitForSignal is interrupted
2025-07-11 13:51:41,831 [grpc-default-executor-0] INFO  server.RaftServer$Division (RaftServerImpl.java:groupRemove(497)) - 22a54b65-5ca6-44f1-bc2a-71bde50d2f1b@group-A1BF2CD5A2F6: Succeed to remove RaftStorageDirectory Storage Directory /home/runner/work/ozone/ozone/hadoop-ozone/integration-test/target/test-dir/MiniOzoneClusterImpl-02f448a6-9fdd-45b6-a527-a8325eb08e52/ozone-meta/datanode-2/ratis/54d720d8-bed7-443c-9ebc-a1bf2cd5a2f6
2025-07-11 13:51:41,833 [FixedThreadPoolWithAffinityExecutor-0-0] INFO  container.IncrementalContainerReportHandler (AbstractContainerReportHandler.java:updateContainerState(264)) - QUASI_CLOSE Container #27 (CLOSING, sid=781) r0 (QUASI_CLOSED, bcsid=781, origin=22a54b65-5ca6-44f1-bc2a-71bde50d2f1b, non-empty) from dn 22a54b65-5ca6-44f1-bc2a-71bde50d2f1b(localhost/127.0.0.1)
2025-07-11 13:51:41,843 [grpc-default-executor-0] INFO  server.RaftServer (RaftServerProxy.java:remove(116)) - afe7fe1f-1d68-4d89-80c2-7ba57cdf2335: remove  FOLLOWER (RUNNING): afe7fe1f-1d68-4d89-80c2-7ba57cdf2335@group-A1BF2CD5A2F6:t1, leader=22a54b65-5ca6-44f1-bc2a-71bde50d2f1b, voted=22a54b65-5ca6-44f1-bc2a-71bde50d2f1b, raftlog=Memoized:afe7fe1f-1d68-4d89-80c2-7ba57cdf2335@group-A1BF2CD5A2F6-SegmentedRaftLog:OPENED:c783:last(t:1, i:783), conf=conf: {index: 0, cur=peers:[22a54b65-5ca6-44f1-bc2a-71bde50d2f1b|127.0.0.1:15023, 8c9ceaf3-a623-4517-98dd-93652c1eae32|127.0.0.1:15015, afe7fe1f-1d68-4d89-80c2-7ba57cdf2335|127.0.0.1:15031]|listeners:[], old=null}
2025-07-11 13:51:41,843 [grpc-default-executor-0] INFO  server.RaftServer$Division (RaftServerImpl.java:lambda$close$1(527)) - afe7fe1f-1d68-4d89-80c2-7ba57cdf2335@group-A1BF2CD5A2F6: shutdown
2025-07-11 13:51:41,843 [grpc-default-executor-0] INFO  util.JmxRegister (JmxRegister.java:unregister(74)) - Successfully un-registered JMX Bean with object name Ratis:service=RaftServer,group=group-A1BF2CD5A2F6,id=afe7fe1f-1d68-4d89-80c2-7ba57cdf2335
2025-07-11 13:51:41,844 [grpc-default-executor-0] INFO  impl.RoleInfo (RoleInfo.java:shutdownFollowerState(121)) - afe7fe1f-1d68-4d89-80c2-7ba57cdf2335: shutdown afe7fe1f-1d68-4d89-80c2-7ba57cdf2335@group-A1BF2CD5A2F6-FollowerState
2025-07-11 13:51:41,844 [grpc-default-executor-0] INFO  impl.StateMachineUpdater (StateMachineUpdater.java:stopAndJoin(163)) - afe7fe1f-1d68-4d89-80c2-7ba57cdf2335@group-A1BF2CD5A2F6-StateMachineUpdater: set stopIndex = 783
2025-07-11 13:51:41,844 [afe7fe1f-1d68-4d89-80c2-7ba57cdf2335@group-A1BF2CD5A2F6-FollowerState] INFO  impl.FollowerState (FollowerState.java:runImpl(170)) - afe7fe1f-1d68-4d89-80c2-7ba57cdf2335@group-A1BF2CD5A2F6-FollowerState was interrupted
2025-07-11 13:51:41,844 [afe7fe1f-1d68-4d89-80c2-7ba57cdf2335@group-A1BF2CD5A2F6-StateMachineUpdater] INFO  ratis.ContainerStateMachine (ContainerStateMachine.java:takeSnapshot(427)) - group-A1BF2CD5A2F6: Taking a snapshot at:(t:1, i:783) file /home/runner/work/ozone/ozone/hadoop-ozone/integration-test/target/test-dir/MiniOzoneClusterImpl-02f448a6-9fdd-45b6-a527-a8325eb08e52/ozone-meta/datanode-3/ratis/54d720d8-bed7-443c-9ebc-a1bf2cd5a2f6/sm/snapshot.1_783
2025-07-11 13:51:41,846 [afe7fe1f-1d68-4d89-80c2-7ba57cdf2335@group-A1BF2CD5A2F6-StateMachineUpdater] INFO  ratis.ContainerStateMachine (ContainerStateMachine.java:takeSnapshot(436)) - group-A1BF2CD5A2F6: Finished taking a snapshot at:(t:1, i:783) file:/home/runner/work/ozone/ozone/hadoop-ozone/integration-test/target/test-dir/MiniOzoneClusterImpl-02f448a6-9fdd-45b6-a527-a8325eb08e52/ozone-meta/datanode-3/ratis/54d720d8-bed7-443c-9ebc-a1bf2cd5a2f6/sm/snapshot.1_783 took: 3 ms
2025-07-11 13:51:41,846 [afe7fe1f-1d68-4d89-80c2-7ba57cdf2335@group-A1BF2CD5A2F6-StateMachineUpdater] INFO  impl.StateMachineUpdater (StateMachineUpdater.java:takeSnapshot(307)) - afe7fe1f-1d68-4d89-80c2-7ba57cdf2335@group-A1BF2CD5A2F6-StateMachineUpdater: Took a snapshot at index 783
2025-07-11 13:51:41,846 [afe7fe1f-1d68-4d89-80c2-7ba57cdf2335@group-A1BF2CD5A2F6-StateMachineUpdater] INFO  impl.StateMachineUpdater (StateMachineUpdater.java:lambda$new$0(101)) - afe7fe1f-1d68-4d89-80c2-7ba57cdf2335@group-A1BF2CD5A2F6-StateMachineUpdater: snapshotIndex: updateIncreasingly -1 -> 783
2025-07-11 13:51:41,846 [afe7fe1f-1d68-4d89-80c2-7ba57cdf2335@group-A1BF2CD5A2F6-StateMachineUpdater] INFO  impl.StateMachineUpdater (StateMachineUpdater.java:stop(140)) - afe7fe1f-1d68-4d89-80c2-7ba57cdf2335@group-A1BF2CD5A2F6-StateMachineUpdater: closing ContainerStateMachine, lastApplied=(t:1, i:783)
2025-07-11 13:51:41,849 [afe7fe1f-1d68-4d89-80c2-7ba57cdf2335@group-A1BF2CD5A2F6-cacheEviction-AwaitToRun] INFO  util.AwaitToRun (AwaitToRun.java:run(49)) - afe7fe1f-1d68-4d89-80c2-7ba57cdf2335@group-A1BF2CD5A2F6-cacheEviction-AwaitToRun-AwaitForSignal is interrupted
2025-07-11 13:51:42,580 [9019234a-c2b6-4680-845a-06c77c29e11d-PipelineCommandHandlerThread-0] INFO  server.RaftServer (RaftServerProxy.java:addNew(105)) - 9019234a-c2b6-4680-845a-06c77c29e11d: addNew group-7EEFE1CEDC2A:[22a54b65-5ca6-44f1-bc2a-71bde50d2f1b|127.0.0.1:15023, 9019234a-c2b6-4680-845a-06c77c29e11d|127.0.0.1:15047, afe7fe1f-1d68-4d89-80c2-7ba57cdf2335|127.0.0.1:15031] returns group-7EEFE1CEDC2A:java.util.concurrent.CompletableFuture@1b225892[Not completed]
2025-07-11 13:51:42,585 [9019234a-c2b6-4680-845a-06c77c29e11d-CloseContainerThread-1] WARN  keyvalue.KeyValueHandler (KeyValueHandler.java:updateAndGetContainerChecksum(1451)) - Container data checksum updated from 0 to f8b8326d
2025-07-11 13:51:42,586 [9019234a-c2b6-4680-845a-06c77c29e11d-CloseContainerThread-0] WARN  keyvalue.KeyValueHandler (KeyValueHandler.java:updateAndGetContainerChecksum(1451)) - Container data checksum updated from 0 to 2f9d4286
2025-07-11 13:51:42,586 [9019234a-c2b6-4680-845a-06c77c29e11d-groupManagement] INFO  server.RaftServer$Division (RaftServerImpl.java:<init>(268)) - 9019234a-c2b6-4680-845a-06c77c29e11d: new RaftServerImpl for group-7EEFE1CEDC2A:[22a54b65-5ca6-44f1-bc2a-71bde50d2f1b|127.0.0.1:15023, 9019234a-c2b6-4680-845a-06c77c29e11d|127.0.0.1:15047, afe7fe1f-1d68-4d89-80c2-7ba57cdf2335|127.0.0.1:15031] with ContainerStateMachine:uninitialized
2025-07-11 13:51:42,587 [9019234a-c2b6-4680-845a-06c77c29e11d-CloseContainerThread-1] INFO  keyvalue.KeyValueContainer (KeyValueContainer.java:flushAndSyncDB(514)) - Synced container: KeyValueContainerData #5 (CLOSING, non-empty, ri=5, origin=[dn_9019234a-c2b6-4680-845a-06c77c29e11d, pipeline_])
2025-07-11 13:51:42,587 [9019234a-c2b6-4680-845a-06c77c29e11d-groupManagement] INFO  server.RaftServer$Division (ServerState.java:<init>(114)) - 9019234a-c2b6-4680-845a-06c77c29e11d@group-7EEFE1CEDC2A: ConfigurationManager, init=conf: {index: -1, cur=peers:[22a54b65-5ca6-44f1-bc2a-71bde50d2f1b|127.0.0.1:15023, 9019234a-c2b6-4680-845a-06c77c29e11d|127.0.0.1:15047, afe7fe1f-1d68-4d89-80c2-7ba57cdf2335|127.0.0.1:15031]|listeners:[], old=null}, confs=<EMPTY_MAP>
2025-07-11 13:51:42,587 [9019234a-c2b6-4680-845a-06c77c29e11d-CloseContainerThread-1] INFO  keyvalue.KeyValueContainer (KeyValueContainer.java:flushAndSyncDB(514)) - Synced container: KeyValueContainerData #5 (CLOSING, non-empty, ri=5, origin=[dn_9019234a-c2b6-4680-845a-06c77c29e11d, pipeline_])
2025-07-11 13:51:42,588 [9019234a-c2b6-4680-845a-06c77c29e11d-CloseContainerThread-2] WARN  keyvalue.KeyValueHandler (KeyValueHandler.java:updateAndGetContainerChecksum(1451)) - Container data checksum updated from 0 to 5a6604fc
2025-07-11 13:51:42,593 [9019234a-c2b6-4680-845a-06c77c29e11d-ContainerOp-21210131-39c1-4d93-8420-9fb72ea80a83-8] INFO  keyvalue.KeyValueContainer (KeyValueContainer.java:flushAndSyncDB(514)) - Synced container: KeyValueContainerData #14 (CLOSING, non-empty, ri=0, origin=[dn_9019234a-c2b6-4680-845a-06c77c29e11d, pipeline_21210131-39c1-4d93-8420-9fb72ea80a83])
2025-07-11 13:51:42,594 [9019234a-c2b6-4680-845a-06c77c29e11d-groupManagement] INFO  storage.RaftStorageDirectory (RaftStorageDirectoryImpl.java:analyzeStorage(138)) - The storage directory /home/runner/work/ozone/ozone/hadoop-ozone/integration-test/target/test-dir/MiniOzoneClusterImpl-02f448a6-9fdd-45b6-a527-a8325eb08e52/ozone-meta/datanode-5/ratis/3d04797b-7e6e-4ea2-bb3e-7eefe1cedc2a does not exist. Creating ...
2025-07-11 13:51:42,594 [9019234a-c2b6-4680-845a-06c77c29e11d-ContainerOp-21210131-39c1-4d93-8420-9fb72ea80a83-9] INFO  keyvalue.KeyValueContainer (KeyValueContainer.java:flushAndSyncDB(514)) - Synced container: KeyValueContainerData #10 (CLOSING, non-empty, ri=0, origin=[dn_9019234a-c2b6-4680-845a-06c77c29e11d, pipeline_21210131-39c1-4d93-8420-9fb72ea80a83])
2025-07-11 13:51:42,593 [9019234a-c2b6-4680-845a-06c77c29e11d-CloseContainerThread-1] INFO  keyvalue.KeyValueContainer (KeyValueContainer.java:close(430)) - Closed container: KeyValueContainerData #5 (CLOSED, non-empty, ri=5, origin=[dn_9019234a-c2b6-4680-845a-06c77c29e11d, pipeline_])
2025-07-11 13:51:42,594 [9019234a-c2b6-4680-845a-06c77c29e11d-ContainerOp-21210131-39c1-4d93-8420-9fb72ea80a83-9] INFO  keyvalue.KeyValueContainer (KeyValueContainer.java:flushAndSyncDB(514)) - Synced container: KeyValueContainerData #10 (CLOSING, non-empty, ri=0, origin=[dn_9019234a-c2b6-4680-845a-06c77c29e11d, pipeline_21210131-39c1-4d93-8420-9fb72ea80a83])
2025-07-11 13:51:42,594 [9019234a-c2b6-4680-845a-06c77c29e11d-CloseContainerThread-1] INFO  commandhandler.CloseContainerCommandHandler (CloseContainerCommandHandler.java:lambda$handle$0(105)) - Container #30 does not exist in datanode. Its pipeline may have closed before it was created. Container close failed.
2025-07-11 13:51:42,594 [9019234a-c2b6-4680-845a-06c77c29e11d-CloseContainerThread-1] INFO  commandhandler.CloseContainerCommandHandler (CloseContainerCommandHandler.java:lambda$handle$0(105)) - Container #31 does not exist in datanode. Its pipeline may have closed before it was created. Container close failed.
2025-07-11 13:51:42,594 [9019234a-c2b6-4680-845a-06c77c29e11d-CloseContainerThread-1] INFO  commandhandler.CloseContainerCommandHandler (CloseContainerCommandHandler.java:lambda$handle$0(105)) - Container #32 does not exist in datanode. Its pipeline may have closed before it was created. Container close failed.
2025-07-11 13:51:42,595 [9019234a-c2b6-4680-845a-06c77c29e11d-CloseContainerThread-1] INFO  commandhandler.CloseContainerCommandHandler (CloseContainerCommandHandler.java:lambda$handle$0(105)) - Container #33 does not exist in datanode. Its pipeline may have closed before it was created. Container close failed.
2025-07-11 13:51:42,594 [9019234a-c2b6-4680-845a-06c77c29e11d-ContainerOp-21210131-39c1-4d93-8420-9fb72ea80a83-8] INFO  keyvalue.KeyValueContainer (KeyValueContainer.java:flushAndSyncDB(514)) - Synced container: KeyValueContainerData #14 (CLOSING, non-empty, ri=0, origin=[dn_9019234a-c2b6-4680-845a-06c77c29e11d, pipeline_21210131-39c1-4d93-8420-9fb72ea80a83])
2025-07-11 13:51:42,595 [9019234a-c2b6-4680-845a-06c77c29e11d-groupManagement] INFO  storage.RaftStorageDirectory (RaftStorageDirectoryImpl.java:tryLock(229)) - Lock on /home/runner/work/ozone/ozone/hadoop-ozone/integration-test/target/test-dir/MiniOzoneClusterImpl-02f448a6-9fdd-45b6-a527-a8325eb08e52/ozone-meta/datanode-5/ratis/3d04797b-7e6e-4ea2-bb3e-7eefe1cedc2a/in_use.lock acquired by nodename 101088@localhost
2025-07-11 13:51:42,597 [9019234a-c2b6-4680-845a-06c77c29e11d-groupManagement] INFO  storage.RaftStorage (RaftStorageImpl.java:format(98)) - Storage directory /home/runner/work/ozone/ozone/hadoop-ozone/integration-test/target/test-dir/MiniOzoneClusterImpl-02f448a6-9fdd-45b6-a527-a8325eb08e52/ozone-meta/datanode-5/ratis/3d04797b-7e6e-4ea2-bb3e-7eefe1cedc2a has been successfully formatted.
2025-07-11 13:51:42,598 [9019234a-c2b6-4680-845a-06c77c29e11d-groupManagement] INFO  ratis.ContainerStateMachine (ContainerStateMachine.java:initialize(339)) - 9019234a-c2b6-4680-845a-06c77c29e11d: initialize group-7EEFE1CEDC2A
2025-07-11 13:51:42,598 [9019234a-c2b6-4680-845a-06c77c29e11d-groupManagement] INFO  ratis.ContainerStateMachine (ContainerStateMachine.java:loadSnapshot(347)) - group-7EEFE1CEDC2A: The snapshot info is null. Setting the last applied index to:<INITIAL_VALUE>
2025-07-11 13:51:42,598 [9019234a-c2b6-4680-845a-06c77c29e11d-groupManagement] INFO  server.RaftServerConfigKeys (ConfUtils.java:logGet(62)) - raft.server.log.appender.buffer.byte-limit = 33554432 (custom)
2025-07-11 13:51:42,599 [FixedThreadPoolWithAffinityExecutor-0-0] INFO  container.IncrementalContainerReportHandler (AbstractContainerReportHandler.java:updateContainerState(289)) - CLOSE Container #5 (CLOSING, sid=0) r5 (CLOSED, bcsid=0, origin=9019234a-c2b6-4680-845a-06c77c29e11d, non-empty) from dn 9019234a-c2b6-4680-845a-06c77c29e11d(localhost/127.0.0.1)
2025-07-11 13:51:42,602 [9019234a-c2b6-4680-845a-06c77c29e11d-ContainerOp-21210131-39c1-4d93-8420-9fb72ea80a83-9] INFO  keyvalue.KeyValueContainer (KeyValueContainer.java:close(430)) - Closed container: KeyValueContainerData #10 (CLOSED, non-empty, ri=0, origin=[dn_9019234a-c2b6-4680-845a-06c77c29e11d, pipeline_21210131-39c1-4d93-8420-9fb72ea80a83])
2025-07-11 13:51:42,602 [9019234a-c2b6-4680-845a-06c77c29e11d-groupManagement] INFO  server.RaftServerConfigKeys (ConfUtils.java:logGet(62)) - raft.server.log.segment.size.max = 67108864 (custom)
2025-07-11 13:51:42,603 [9019234a-c2b6-4680-845a-06c77c29e11d-groupManagement] INFO  server.RaftServerConfigKeys (ConfUtils.java:logGet(62)) - raft.server.log.appender.buffer.byte-limit = 33554432 (custom)
2025-07-11 13:51:42,603 [9019234a-c2b6-4680-845a-06c77c29e11d-groupManagement] INFO  util.AwaitToRun (AwaitToRun.java:start(81)) - Thread[#2196,9019234a-c2b6-4680-845a-06c77c29e11d@group-7EEFE1CEDC2A-cacheEviction-AwaitToRun,5,main] started
2025-07-11 13:51:42,603 [9019234a-c2b6-4680-845a-06c77c29e11d-groupManagement] INFO  segmented.SegmentedRaftLogWorker (SegmentedRaftLogWorker.java:<init>(190)) - new 9019234a-c2b6-4680-845a-06c77c29e11d@group-7EEFE1CEDC2A-SegmentedRaftLogWorker for RaftStorageImpl:Storage Directory /home/runner/work/ozone/ozone/hadoop-ozone/integration-test/target/test-dir/MiniOzoneClusterImpl-02f448a6-9fdd-45b6-a527-a8325eb08e52/ozone-meta/datanode-5/ratis/3d04797b-7e6e-4ea2-bb3e-7eefe1cedc2a
2025-07-11 13:51:42,603 [9019234a-c2b6-4680-845a-06c77c29e11d-groupManagement] INFO  server.RaftServerConfigKeys (ConfUtils.java:logGet(62)) - raft.server.log.queue.byte-limit = 4294967296 (custom)
2025-07-11 13:51:42,603 [9019234a-c2b6-4680-845a-06c77c29e11d-ContainerOp-21210131-39c1-4d93-8420-9fb72ea80a83-8] INFO  keyvalue.KeyValueContainer (KeyValueContainer.java:close(430)) - Closed container: KeyValueContainerData #14 (CLOSED, non-empty, ri=0, origin=[dn_9019234a-c2b6-4680-845a-06c77c29e11d, pipeline_21210131-39c1-4d93-8420-9fb72ea80a83])
2025-07-11 13:51:42,604 [9019234a-c2b6-4680-845a-06c77c29e11d-groupManagement] INFO  server.RaftServerConfigKeys (ConfUtils.java:logGet(62)) - raft.server.log.segment.size.max = 67108864 (custom)
2025-07-11 13:51:42,604 [9019234a-c2b6-4680-845a-06c77c29e11d-groupManagement] INFO  server.RaftServerConfigKeys (ConfUtils.java:logGet(62)) - raft.server.log.preallocated.size = 4194304 (custom)
2025-07-11 13:51:42,604 [FixedThreadPoolWithAffinityExecutor-0-0] INFO  container.IncrementalContainerReportHandler (AbstractContainerReportHandler.java:updateContainerState(289)) - CLOSE Container #10 (CLOSING, sid=2) r0 (CLOSED, bcsid=2, origin=9019234a-c2b6-4680-845a-06c77c29e11d, non-empty) from dn 9019234a-c2b6-4680-845a-06c77c29e11d(localhost/127.0.0.1)
2025-07-11 13:51:42,604 [9019234a-c2b6-4680-845a-06c77c29e11d-groupManagement] INFO  server.RaftServerConfigKeys (ConfUtils.java:logGet(62)) - raft.server.log.write.buffer.size = 33554440 (custom)
2025-07-11 13:51:42,606 [FixedThreadPoolWithAffinityExecutor-0-0] INFO  container.IncrementalContainerReportHandler (AbstractContainerReportHandler.java:updateContainerState(289)) - CLOSE Container #14 (CLOSING, sid=5) r0 (CLOSED, bcsid=5, origin=9019234a-c2b6-4680-845a-06c77c29e11d, non-empty) from dn 9019234a-c2b6-4680-845a-06c77c29e11d(localhost/127.0.0.1)
2025-07-11 13:51:42,611 [9019234a-c2b6-4680-845a-06c77c29e11d-groupManagement] INFO  server.RaftServerConfigKeys (ConfUtils.java:logGet(62)) - raft.server.log.appender.buffer.byte-limit = 33554432 (custom)
2025-07-11 13:51:42,611 [9019234a-c2b6-4680-845a-06c77c29e11d-groupManagement] INFO  segmented.SegmentedRaftLogWorker (SegmentedRaftLogWorker.java:lambda$new$0(141)) - 9019234a-c2b6-4680-845a-06c77c29e11d@group-7EEFE1CEDC2A-SegmentedRaftLogWorker: flushIndex: setUnconditionally 0 -> -1
2025-07-11 13:51:42,611 [9019234a-c2b6-4680-845a-06c77c29e11d-groupManagement] INFO  segmented.SegmentedRaftLogWorker (SegmentedRaftLogWorker.java:lambda$new$0(141)) - 9019234a-c2b6-4680-845a-06c77c29e11d@group-7EEFE1CEDC2A-SegmentedRaftLogWorker: safeCacheEvictIndex: setUnconditionally 0 -> -1
2025-07-11 13:51:42,612 [9019234a-c2b6-4680-845a-06c77c29e11d-groupManagement] INFO  server.RaftServer$Division (RaftServerImpl.java:start(405)) - 9019234a-c2b6-4680-845a-06c77c29e11d@group-7EEFE1CEDC2A: start as a follower, conf=conf: {index: -1, cur=peers:[22a54b65-5ca6-44f1-bc2a-71bde50d2f1b|127.0.0.1:15023, 9019234a-c2b6-4680-845a-06c77c29e11d|127.0.0.1:15047, afe7fe1f-1d68-4d89-80c2-7ba57cdf2335|127.0.0.1:15031]|listeners:[], old=null}
2025-07-11 13:51:42,612 [9019234a-c2b6-4680-845a-06c77c29e11d-groupManagement] INFO  server.RaftServer$Division (RaftServerImpl.java:setRole(392)) - 9019234a-c2b6-4680-845a-06c77c29e11d@group-7EEFE1CEDC2A: changes role from      null to FOLLOWER at term 0 for startAsFollower
2025-07-11 13:51:42,612 [9019234a-c2b6-4680-845a-06c77c29e11d-groupManagement] INFO  impl.RoleInfo (RoleInfo.java:updateAndGet(148)) - 9019234a-c2b6-4680-845a-06c77c29e11d: start 9019234a-c2b6-4680-845a-06c77c29e11d@group-7EEFE1CEDC2A-FollowerState
2025-07-11 13:51:42,613 [9019234a-c2b6-4680-845a-06c77c29e11d-groupManagement] INFO  util.JmxRegister (JmxRegister.java:tryRegister(44)) - Successfully registered JMX Bean with object name Ratis:service=RaftServer,group=group-7EEFE1CEDC2A,id=9019234a-c2b6-4680-845a-06c77c29e11d
2025-07-11 13:51:42,613 [9019234a-c2b6-4680-845a-06c77c29e11d-groupManagement] INFO  util.JmxRegister (JmxRegister.java:register(58)) - register mxBean class org.apache.ratis.server.impl.RaftServerJmxAdapter as Ratis:service=RaftServer,group=group-7EEFE1CEDC2A,id=9019234a-c2b6-4680-845a-06c77c29e11d
2025-07-11 13:51:42,614 [9019234a-c2b6-4680-845a-06c77c29e11d-groupManagement] INFO  server.RaftServer$Division (RaftServerImpl.java:start(419)) - 9019234a-c2b6-4680-845a-06c77c29e11d@group-7EEFE1CEDC2A: Successfully started.
2025-07-11 13:51:42,615 [9019234a-c2b6-4680-845a-06c77c29e11d-PipelineCommandHandlerThread-0] INFO  ratis.XceiverServerRatis (XceiverServerRatis.java:addGroup(843)) - Created group Pipeline-3d04797b-7e6e-4ea2-bb3e-7eefe1cedc2a
2025-07-11 13:51:42,621 [grpc-default-executor-6] INFO  server.RaftServer (RaftServerProxy.java:addNew(105)) - afe7fe1f-1d68-4d89-80c2-7ba57cdf2335: addNew group-7EEFE1CEDC2A:[22a54b65-5ca6-44f1-bc2a-71bde50d2f1b|127.0.0.1:15023, 9019234a-c2b6-4680-845a-06c77c29e11d|127.0.0.1:15047, afe7fe1f-1d68-4d89-80c2-7ba57cdf2335|127.0.0.1:15031] returns group-7EEFE1CEDC2A:java.util.concurrent.CompletableFuture@375eb99d[Not completed]
2025-07-11 13:51:42,624 [afe7fe1f-1d68-4d89-80c2-7ba57cdf2335-groupManagement] INFO  server.RaftServer$Division (RaftServerImpl.java:<init>(268)) - afe7fe1f-1d68-4d89-80c2-7ba57cdf2335: new RaftServerImpl for group-7EEFE1CEDC2A:[22a54b65-5ca6-44f1-bc2a-71bde50d2f1b|127.0.0.1:15023, 9019234a-c2b6-4680-845a-06c77c29e11d|127.0.0.1:15047, afe7fe1f-1d68-4d89-80c2-7ba57cdf2335|127.0.0.1:15031] with ContainerStateMachine:uninitialized
2025-07-11 13:51:42,624 [afe7fe1f-1d68-4d89-80c2-7ba57cdf2335-groupManagement] INFO  server.RaftServer$Division (ServerState.java:<init>(114)) - afe7fe1f-1d68-4d89-80c2-7ba57cdf2335@group-7EEFE1CEDC2A: ConfigurationManager, init=conf: {index: -1, cur=peers:[22a54b65-5ca6-44f1-bc2a-71bde50d2f1b|127.0.0.1:15023, 9019234a-c2b6-4680-845a-06c77c29e11d|127.0.0.1:15047, afe7fe1f-1d68-4d89-80c2-7ba57cdf2335|127.0.0.1:15031]|listeners:[], old=null}, confs=<EMPTY_MAP>
2025-07-11 13:51:42,628 [afe7fe1f-1d68-4d89-80c2-7ba57cdf2335-groupManagement] INFO  server.RaftServerConfigKeys (ConfUtils.java:logGet(62)) - raft.server.storage.dir = [/home/runner/work/ozone/ozone/hadoop-ozone/integration-test/target/test-dir/MiniOzoneClusterImpl-02f448a6-9fdd-45b6-a527-a8325eb08e52/ozone-meta/datanode-3/ratis] (custom)
2025-07-11 13:51:42,629 [afe7fe1f-1d68-4d89-80c2-7ba57cdf2335-groupManagement] INFO  storage.RaftStorageDirectory (RaftStorageDirectoryImpl.java:analyzeStorage(138)) - The storage directory /home/runner/work/ozone/ozone/hadoop-ozone/integration-test/target/test-dir/MiniOzoneClusterImpl-02f448a6-9fdd-45b6-a527-a8325eb08e52/ozone-meta/datanode-3/ratis/3d04797b-7e6e-4ea2-bb3e-7eefe1cedc2a does not exist. Creating ...
2025-07-11 13:51:42,630 [afe7fe1f-1d68-4d89-80c2-7ba57cdf2335-groupManagement] INFO  storage.RaftStorageDirectory (RaftStorageDirectoryImpl.java:tryLock(229)) - Lock on /home/runner/work/ozone/ozone/hadoop-ozone/integration-test/target/test-dir/MiniOzoneClusterImpl-02f448a6-9fdd-45b6-a527-a8325eb08e52/ozone-meta/datanode-3/ratis/3d04797b-7e6e-4ea2-bb3e-7eefe1cedc2a/in_use.lock acquired by nodename 101088@localhost
2025-07-11 13:51:42,631 [afe7fe1f-1d68-4d89-80c2-7ba57cdf2335-groupManagement] INFO  storage.RaftStorage (RaftStorageImpl.java:format(98)) - Storage directory /home/runner/work/ozone/ozone/hadoop-ozone/integration-test/target/test-dir/MiniOzoneClusterImpl-02f448a6-9fdd-45b6-a527-a8325eb08e52/ozone-meta/datanode-3/ratis/3d04797b-7e6e-4ea2-bb3e-7eefe1cedc2a has been successfully formatted.
2025-07-11 13:51:42,631 [afe7fe1f-1d68-4d89-80c2-7ba57cdf2335-groupManagement] INFO  ratis.ContainerStateMachine (ContainerStateMachine.java:initialize(339)) - afe7fe1f-1d68-4d89-80c2-7ba57cdf2335: initialize group-7EEFE1CEDC2A
2025-07-11 13:51:42,632 [afe7fe1f-1d68-4d89-80c2-7ba57cdf2335-groupManagement] INFO  ratis.ContainerStateMachine (ContainerStateMachine.java:loadSnapshot(347)) - group-7EEFE1CEDC2A: The snapshot info is null. Setting the last applied index to:<INITIAL_VALUE>
2025-07-11 13:51:42,632 [afe7fe1f-1d68-4d89-80c2-7ba57cdf2335-groupManagement] INFO  server.RaftServerConfigKeys (ConfUtils.java:logGet(62)) - raft.server.log.appender.buffer.byte-limit = 33554432 (custom)
2025-07-11 13:51:42,635 [afe7fe1f-1d68-4d89-80c2-7ba57cdf2335-groupManagement] INFO  server.RaftServerConfigKeys (ConfUtils.java:logGet(62)) - raft.server.log.segment.size.max = 67108864 (custom)
2025-07-11 13:51:42,636 [afe7fe1f-1d68-4d89-80c2-7ba57cdf2335-groupManagement] INFO  server.RaftServerConfigKeys (ConfUtils.java:logGet(62)) - raft.server.log.appender.buffer.byte-limit = 33554432 (custom)
2025-07-11 13:51:42,637 [afe7fe1f-1d68-4d89-80c2-7ba57cdf2335-groupManagement] INFO  util.AwaitToRun (AwaitToRun.java:start(81)) - Thread[#2200,afe7fe1f-1d68-4d89-80c2-7ba57cdf2335@group-7EEFE1CEDC2A-cacheEviction-AwaitToRun,5,main] started
2025-07-11 13:51:42,637 [afe7fe1f-1d68-4d89-80c2-7ba57cdf2335-groupManagement] INFO  segmented.SegmentedRaftLogWorker (SegmentedRaftLogWorker.java:<init>(190)) - new afe7fe1f-1d68-4d89-80c2-7ba57cdf2335@group-7EEFE1CEDC2A-SegmentedRaftLogWorker for RaftStorageImpl:Storage Directory /home/runner/work/ozone/ozone/hadoop-ozone/integration-test/target/test-dir/MiniOzoneClusterImpl-02f448a6-9fdd-45b6-a527-a8325eb08e52/ozone-meta/datanode-3/ratis/3d04797b-7e6e-4ea2-bb3e-7eefe1cedc2a
2025-07-11 13:51:42,637 [afe7fe1f-1d68-4d89-80c2-7ba57cdf2335-groupManagement] INFO  server.RaftServerConfigKeys (ConfUtils.java:logGet(62)) - raft.server.log.queue.byte-limit = 4294967296 (custom)
2025-07-11 13:51:42,637 [afe7fe1f-1d68-4d89-80c2-7ba57cdf2335-groupManagement] INFO  server.RaftServerConfigKeys (ConfUtils.java:logGet(62)) - raft.server.log.segment.size.max = 67108864 (custom)
2025-07-11 13:51:42,638 [afe7fe1f-1d68-4d89-80c2-7ba57cdf2335-groupManagement] INFO  server.RaftServerConfigKeys (ConfUtils.java:logGet(62)) - raft.server.log.preallocated.size = 4194304 (custom)
2025-07-11 13:51:42,638 [afe7fe1f-1d68-4d89-80c2-7ba57cdf2335-groupManagement] INFO  server.RaftServerConfigKeys (ConfUtils.java:logGet(62)) - raft.server.log.write.buffer.size = 33554440 (custom)
2025-07-11 13:51:42,644 [afe7fe1f-1d68-4d89-80c2-7ba57cdf2335-groupManagement] INFO  server.RaftServerConfigKeys (ConfUtils.java:logGet(62)) - raft.server.log.appender.buffer.byte-limit = 33554432 (custom)
2025-07-11 13:51:42,644 [afe7fe1f-1d68-4d89-80c2-7ba57cdf2335-groupManagement] INFO  segmented.SegmentedRaftLogWorker (SegmentedRaftLogWorker.java:lambda$new$0(141)) - afe7fe1f-1d68-4d89-80c2-7ba57cdf2335@group-7EEFE1CEDC2A-SegmentedRaftLogWorker: flushIndex: setUnconditionally 0 -> -1
2025-07-11 13:51:42,645 [afe7fe1f-1d68-4d89-80c2-7ba57cdf2335-groupManagement] INFO  segmented.SegmentedRaftLogWorker (SegmentedRaftLogWorker.java:lambda$new$0(141)) - afe7fe1f-1d68-4d89-80c2-7ba57cdf2335@group-7EEFE1CEDC2A-SegmentedRaftLogWorker: safeCacheEvictIndex: setUnconditionally 0 -> -1
2025-07-11 13:51:42,645 [afe7fe1f-1d68-4d89-80c2-7ba57cdf2335-groupManagement] INFO  server.RaftServer$Division (RaftServerImpl.java:start(405)) - afe7fe1f-1d68-4d89-80c2-7ba57cdf2335@group-7EEFE1CEDC2A: start as a follower, conf=conf: {index: -1, cur=peers:[22a54b65-5ca6-44f1-bc2a-71bde50d2f1b|127.0.0.1:15023, 9019234a-c2b6-4680-845a-06c77c29e11d|127.0.0.1:15047, afe7fe1f-1d68-4d89-80c2-7ba57cdf2335|127.0.0.1:15031]|listeners:[], old=null}
2025-07-11 13:51:42,645 [afe7fe1f-1d68-4d89-80c2-7ba57cdf2335-groupManagement] INFO  server.RaftServer$Division (RaftServerImpl.java:setRole(392)) - afe7fe1f-1d68-4d89-80c2-7ba57cdf2335@group-7EEFE1CEDC2A: changes role from      null to FOLLOWER at term 0 for startAsFollower
2025-07-11 13:51:42,645 [afe7fe1f-1d68-4d89-80c2-7ba57cdf2335-groupManagement] INFO  impl.RoleInfo (RoleInfo.java:updateAndGet(148)) - afe7fe1f-1d68-4d89-80c2-7ba57cdf2335: start afe7fe1f-1d68-4d89-80c2-7ba57cdf2335@group-7EEFE1CEDC2A-FollowerState
2025-07-11 13:51:42,645 [afe7fe1f-1d68-4d89-80c2-7ba57cdf2335-groupManagement] INFO  util.JmxRegister (JmxRegister.java:tryRegister(44)) - Successfully registered JMX Bean with object name Ratis:service=RaftServer,group=group-7EEFE1CEDC2A,id=afe7fe1f-1d68-4d89-80c2-7ba57cdf2335
2025-07-11 13:51:42,645 [afe7fe1f-1d68-4d89-80c2-7ba57cdf2335-groupManagement] INFO  util.JmxRegister (JmxRegister.java:register(58)) - register mxBean class org.apache.ratis.server.impl.RaftServerJmxAdapter as Ratis:service=RaftServer,group=group-7EEFE1CEDC2A,id=afe7fe1f-1d68-4d89-80c2-7ba57cdf2335
2025-07-11 13:51:42,647 [afe7fe1f-1d68-4d89-80c2-7ba57cdf2335-groupManagement] INFO  server.RaftServer$Division (RaftServerImpl.java:start(419)) - afe7fe1f-1d68-4d89-80c2-7ba57cdf2335@group-7EEFE1CEDC2A: Successfully started.
2025-07-11 13:51:42,656 [grpc-default-executor-6] INFO  server.RaftServer (RaftServerProxy.java:addNew(105)) - 22a54b65-5ca6-44f1-bc2a-71bde50d2f1b: addNew group-7EEFE1CEDC2A:[22a54b65-5ca6-44f1-bc2a-71bde50d2f1b|127.0.0.1:15023, 9019234a-c2b6-4680-845a-06c77c29e11d|127.0.0.1:15047, afe7fe1f-1d68-4d89-80c2-7ba57cdf2335|127.0.0.1:15031] returns group-7EEFE1CEDC2A:java.util.concurrent.CompletableFuture@2c5a1079[Not completed]
2025-07-11 13:51:42,658 [22a54b65-5ca6-44f1-bc2a-71bde50d2f1b-groupManagement] INFO  server.RaftServer$Division (RaftServerImpl.java:<init>(268)) - 22a54b65-5ca6-44f1-bc2a-71bde50d2f1b: new RaftServerImpl for group-7EEFE1CEDC2A:[22a54b65-5ca6-44f1-bc2a-71bde50d2f1b|127.0.0.1:15023, 9019234a-c2b6-4680-845a-06c77c29e11d|127.0.0.1:15047, afe7fe1f-1d68-4d89-80c2-7ba57cdf2335|127.0.0.1:15031] with ContainerStateMachine:uninitialized
2025-07-11 13:51:42,658 [22a54b65-5ca6-44f1-bc2a-71bde50d2f1b-groupManagement] INFO  server.RaftServer$Division (ServerState.java:<init>(114)) - 22a54b65-5ca6-44f1-bc2a-71bde50d2f1b@group-7EEFE1CEDC2A: ConfigurationManager, init=conf: {index: -1, cur=peers:[22a54b65-5ca6-44f1-bc2a-71bde50d2f1b|127.0.0.1:15023, 9019234a-c2b6-4680-845a-06c77c29e11d|127.0.0.1:15047, afe7fe1f-1d68-4d89-80c2-7ba57cdf2335|127.0.0.1:15031]|listeners:[], old=null}, confs=<EMPTY_MAP>
2025-07-11 13:51:42,663 [22a54b65-5ca6-44f1-bc2a-71bde50d2f1b-groupManagement] INFO  server.RaftServerConfigKeys (ConfUtils.java:logGet(62)) - raft.server.storage.dir = [/home/runner/work/ozone/ozone/hadoop-ozone/integration-test/target/test-dir/MiniOzoneClusterImpl-02f448a6-9fdd-45b6-a527-a8325eb08e52/ozone-meta/datanode-2/ratis] (custom)
2025-07-11 13:51:42,663 [22a54b65-5ca6-44f1-bc2a-71bde50d2f1b-groupManagement] INFO  storage.RaftStorageDirectory (RaftStorageDirectoryImpl.java:analyzeStorage(138)) - The storage directory /home/runner/work/ozone/ozone/hadoop-ozone/integration-test/target/test-dir/MiniOzoneClusterImpl-02f448a6-9fdd-45b6-a527-a8325eb08e52/ozone-meta/datanode-2/ratis/3d04797b-7e6e-4ea2-bb3e-7eefe1cedc2a does not exist. Creating ...
2025-07-11 13:51:42,665 [22a54b65-5ca6-44f1-bc2a-71bde50d2f1b-groupManagement] INFO  storage.RaftStorageDirectory (RaftStorageDirectoryImpl.java:tryLock(229)) - Lock on /home/runner/work/ozone/ozone/hadoop-ozone/integration-test/target/test-dir/MiniOzoneClusterImpl-02f448a6-9fdd-45b6-a527-a8325eb08e52/ozone-meta/datanode-2/ratis/3d04797b-7e6e-4ea2-bb3e-7eefe1cedc2a/in_use.lock acquired by nodename 101088@localhost
2025-07-11 13:51:42,667 [22a54b65-5ca6-44f1-bc2a-71bde50d2f1b-groupManagement] INFO  storage.RaftStorage (RaftStorageImpl.java:format(98)) - Storage directory /home/runner/work/ozone/ozone/hadoop-ozone/integration-test/target/test-dir/MiniOzoneClusterImpl-02f448a6-9fdd-45b6-a527-a8325eb08e52/ozone-meta/datanode-2/ratis/3d04797b-7e6e-4ea2-bb3e-7eefe1cedc2a has been successfully formatted.
2025-07-11 13:51:42,667 [22a54b65-5ca6-44f1-bc2a-71bde50d2f1b-groupManagement] INFO  ratis.ContainerStateMachine (ContainerStateMachine.java:initialize(339)) - 22a54b65-5ca6-44f1-bc2a-71bde50d2f1b: initialize group-7EEFE1CEDC2A
2025-07-11 13:51:42,668 [22a54b65-5ca6-44f1-bc2a-71bde50d2f1b-groupManagement] INFO  ratis.ContainerStateMachine (ContainerStateMachine.java:loadSnapshot(347)) - group-7EEFE1CEDC2A: The snapshot info is null. Setting the last applied index to:<INITIAL_VALUE>
2025-07-11 13:51:42,668 [22a54b65-5ca6-44f1-bc2a-71bde50d2f1b-groupManagement] INFO  server.RaftServerConfigKeys (ConfUtils.java:logGet(62)) - raft.server.log.appender.buffer.byte-limit = 33554432 (custom)
2025-07-11 13:51:42,670 [22a54b65-5ca6-44f1-bc2a-71bde50d2f1b-groupManagement] INFO  server.RaftServerConfigKeys (ConfUtils.java:logGet(62)) - raft.server.log.segment.size.max = 67108864 (custom)
2025-07-11 13:51:42,670 [22a54b65-5ca6-44f1-bc2a-71bde50d2f1b-groupManagement] INFO  server.RaftServerConfigKeys (ConfUtils.java:logGet(62)) - raft.server.log.appender.buffer.byte-limit = 33554432 (custom)
2025-07-11 13:51:42,671 [22a54b65-5ca6-44f1-bc2a-71bde50d2f1b-groupManagement] INFO  util.AwaitToRun (AwaitToRun.java:start(81)) - Thread[#2207,22a54b65-5ca6-44f1-bc2a-71bde50d2f1b@group-7EEFE1CEDC2A-cacheEviction-AwaitToRun,5,main] started
2025-07-11 13:51:42,671 [22a54b65-5ca6-44f1-bc2a-71bde50d2f1b-groupManagement] INFO  segmented.SegmentedRaftLogWorker (SegmentedRaftLogWorker.java:<init>(190)) - new 22a54b65-5ca6-44f1-bc2a-71bde50d2f1b@group-7EEFE1CEDC2A-SegmentedRaftLogWorker for RaftStorageImpl:Storage Directory /home/runner/work/ozone/ozone/hadoop-ozone/integration-test/target/test-dir/MiniOzoneClusterImpl-02f448a6-9fdd-45b6-a527-a8325eb08e52/ozone-meta/datanode-2/ratis/3d04797b-7e6e-4ea2-bb3e-7eefe1cedc2a
2025-07-11 13:51:42,671 [22a54b65-5ca6-44f1-bc2a-71bde50d2f1b-groupManagement] INFO  server.RaftServerConfigKeys (ConfUtils.java:logGet(62)) - raft.server.log.queue.byte-limit = 4294967296 (custom)
2025-07-11 13:51:42,671 [22a54b65-5ca6-44f1-bc2a-71bde50d2f1b-groupManagement] INFO  server.RaftServerConfigKeys (ConfUtils.java:logGet(62)) - raft.server.log.segment.size.max = 67108864 (custom)
2025-07-11 13:51:42,671 [22a54b65-5ca6-44f1-bc2a-71bde50d2f1b-groupManagement] INFO  server.RaftServerConfigKeys (ConfUtils.java:logGet(62)) - raft.server.log.preallocated.size = 4194304 (custom)
2025-07-11 13:51:42,671 [22a54b65-5ca6-44f1-bc2a-71bde50d2f1b-groupManagement] INFO  server.RaftServerConfigKeys (ConfUtils.java:logGet(62)) - raft.server.log.write.buffer.size = 33554440 (custom)
2025-07-11 13:51:42,677 [22a54b65-5ca6-44f1-bc2a-71bde50d2f1b-groupManagement] INFO  server.RaftServerConfigKeys (ConfUtils.java:logGet(62)) - raft.server.log.appender.buffer.byte-limit = 33554432 (custom)
2025-07-11 13:51:42,677 [22a54b65-5ca6-44f1-bc2a-71bde50d2f1b-groupManagement] INFO  segmented.SegmentedRaftLogWorker (SegmentedRaftLogWorker.java:lambda$new$0(141)) - 22a54b65-5ca6-44f1-bc2a-71bde50d2f1b@group-7EEFE1CEDC2A-SegmentedRaftLogWorker: flushIndex: setUnconditionally 0 -> -1
2025-07-11 13:51:42,678 [22a54b65-5ca6-44f1-bc2a-71bde50d2f1b-groupManagement] INFO  segmented.SegmentedRaftLogWorker (SegmentedRaftLogWorker.java:lambda$new$0(141)) - 22a54b65-5ca6-44f1-bc2a-71bde50d2f1b@group-7EEFE1CEDC2A-SegmentedRaftLogWorker: safeCacheEvictIndex: setUnconditionally 0 -> -1
2025-07-11 13:51:42,678 [22a54b65-5ca6-44f1-bc2a-71bde50d2f1b-groupManagement] INFO  server.RaftServer$Division (RaftServerImpl.java:start(405)) - 22a54b65-5ca6-44f1-bc2a-71bde50d2f1b@group-7EEFE1CEDC2A: start as a follower, conf=conf: {index: -1, cur=peers:[22a54b65-5ca6-44f1-bc2a-71bde50d2f1b|127.0.0.1:15023, 9019234a-c2b6-4680-845a-06c77c29e11d|127.0.0.1:15047, afe7fe1f-1d68-4d89-80c2-7ba57cdf2335|127.0.0.1:15031]|listeners:[], old=null}
2025-07-11 13:51:42,678 [22a54b65-5ca6-44f1-bc2a-71bde50d2f1b-groupManagement] INFO  server.RaftServer$Division (RaftServerImpl.java:setRole(392)) - 22a54b65-5ca6-44f1-bc2a-71bde50d2f1b@group-7EEFE1CEDC2A: changes role from      null to FOLLOWER at term 0 for startAsFollower
2025-07-11 13:51:42,678 [22a54b65-5ca6-44f1-bc2a-71bde50d2f1b-groupManagement] INFO  impl.RoleInfo (RoleInfo.java:updateAndGet(148)) - 22a54b65-5ca6-44f1-bc2a-71bde50d2f1b: start 22a54b65-5ca6-44f1-bc2a-71bde50d2f1b@group-7EEFE1CEDC2A-FollowerState
2025-07-11 13:51:42,679 [22a54b65-5ca6-44f1-bc2a-71bde50d2f1b-groupManagement] INFO  util.JmxRegister (JmxRegister.java:tryRegister(44)) - Successfully registered JMX Bean with object name Ratis:service=RaftServer,group=group-7EEFE1CEDC2A,id=22a54b65-5ca6-44f1-bc2a-71bde50d2f1b
2025-07-11 13:51:42,679 [22a54b65-5ca6-44f1-bc2a-71bde50d2f1b-groupManagement] INFO  util.JmxRegister (JmxRegister.java:register(58)) - register mxBean class org.apache.ratis.server.impl.RaftServerJmxAdapter as Ratis:service=RaftServer,group=group-7EEFE1CEDC2A,id=22a54b65-5ca6-44f1-bc2a-71bde50d2f1b
2025-07-11 13:51:42,680 [22a54b65-5ca6-44f1-bc2a-71bde50d2f1b-groupManagement] INFO  server.RaftServer$Division (RaftServerImpl.java:start(419)) - 22a54b65-5ca6-44f1-bc2a-71bde50d2f1b@group-7EEFE1CEDC2A: Successfully started.
2025-07-11 13:51:42,683 [9019234a-c2b6-4680-845a-06c77c29e11d-PipelineCommandHandlerThread-0] INFO  commandhandler.CreatePipelineCommandHandler (CreatePipelineCommandHandler.java:lambda$handle$2(127)) - Created Pipeline RATIS THREE Pipeline-3d04797b-7e6e-4ea2-bb3e-7eefe1cedc2a.
2025-07-11 13:51:42,809 [grpc-default-executor-2] INFO  segmented.SegmentedRaftLogWorker (SegmentedRaftLogWorker.java:close(254)) - 8c9ceaf3-a623-4517-98dd-93652c1eae32@group-A1BF2CD5A2F6-SegmentedRaftLogWorker close()
2025-07-11 13:51:42,811 [grpc-default-executor-0] INFO  segmented.SegmentedRaftLogWorker (SegmentedRaftLogWorker.java:close(254)) - afe7fe1f-1d68-4d89-80c2-7ba57cdf2335@group-A1BF2CD5A2F6-SegmentedRaftLogWorker close()
2025-07-11 13:51:42,819 [grpc-default-executor-0] WARN  keyvalue.KeyValueHandler (KeyValueHandler.java:updateAndGetContainerChecksum(1451)) - Container data checksum updated from 0 to fcf70482
2025-07-11 13:51:42,820 [c680c818-41b2-424e-92c4-60b93a679607-CloseContainerThread-1] INFO  commandhandler.CloseContainerCommandHandler (CloseContainerCommandHandler.java:lambda$handle$0(105)) - Container #28 does not exist in datanode. Its pipeline may have closed before it was created. Container close failed.
2025-07-11 13:51:42,820 [c680c818-41b2-424e-92c4-60b93a679607-CloseContainerThread-1] INFO  commandhandler.CloseContainerCommandHandler (CloseContainerCommandHandler.java:lambda$handle$0(105)) - Container #30 does not exist in datanode. Its pipeline may have closed before it was created. Container close failed.
2025-07-11 13:51:42,820 [c680c818-41b2-424e-92c4-60b93a679607-CloseContainerThread-1] INFO  commandhandler.CloseContainerCommandHandler (CloseContainerCommandHandler.java:lambda$handle$0(105)) - Container #31 does not exist in datanode. Its pipeline may have closed before it was created. Container close failed.
2025-07-11 13:51:42,820 [c680c818-41b2-424e-92c4-60b93a679607-CloseContainerThread-1] INFO  commandhandler.CloseContainerCommandHandler (CloseContainerCommandHandler.java:lambda$handle$0(105)) - Container #32 does not exist in datanode. Its pipeline may have closed before it was created. Container close failed.
2025-07-11 13:51:42,820 [c680c818-41b2-424e-92c4-60b93a679607-CloseContainerThread-1] INFO  commandhandler.CloseContainerCommandHandler (CloseContainerCommandHandler.java:lambda$handle$0(105)) - Container #33 does not exist in datanode. Its pipeline may have closed before it was created. Container close failed.
2025-07-11 13:51:42,820 [grpc-default-executor-2] WARN  keyvalue.KeyValueHandler (KeyValueHandler.java:updateAndGetContainerChecksum(1451)) - Container data checksum updated from 0 to fcf70482
2025-07-11 13:51:42,821 [grpc-default-executor-0] INFO  keyvalue.KeyValueContainer (KeyValueContainer.java:flushAndSyncDB(514)) - Synced container: KeyValueContainerData #27 (CLOSING, non-empty, ri=0, origin=[dn_afe7fe1f-1d68-4d89-80c2-7ba57cdf2335, pipeline_54d720d8-bed7-443c-9ebc-a1bf2cd5a2f6])
2025-07-11 13:51:42,821 [grpc-default-executor-0] INFO  keyvalue.KeyValueContainer (KeyValueContainer.java:flushAndSyncDB(514)) - Synced container: KeyValueContainerData #27 (CLOSING, non-empty, ri=0, origin=[dn_afe7fe1f-1d68-4d89-80c2-7ba57cdf2335, pipeline_54d720d8-bed7-443c-9ebc-a1bf2cd5a2f6])
2025-07-11 13:51:42,824 [grpc-default-executor-2] INFO  keyvalue.KeyValueContainer (KeyValueContainer.java:flushAndSyncDB(514)) - Synced container: KeyValueContainerData #27 (CLOSING, non-empty, ri=0, origin=[dn_8c9ceaf3-a623-4517-98dd-93652c1eae32, pipeline_54d720d8-bed7-443c-9ebc-a1bf2cd5a2f6])
2025-07-11 13:51:42,824 [grpc-default-executor-2] INFO  keyvalue.KeyValueContainer (KeyValueContainer.java:flushAndSyncDB(514)) - Synced container: KeyValueContainerData #27 (CLOSING, non-empty, ri=0, origin=[dn_8c9ceaf3-a623-4517-98dd-93652c1eae32, pipeline_54d720d8-bed7-443c-9ebc-a1bf2cd5a2f6])
2025-07-11 13:51:42,830 [c680c818-41b2-424e-92c4-60b93a679607-CloseContainerThread-0] WARN  keyvalue.KeyValueHandler (KeyValueHandler.java:updateAndGetContainerChecksum(1451)) - Container data checksum updated from 0 to 8c28b28a
2025-07-11 13:51:42,830 [c680c818-41b2-424e-92c4-60b93a679607-CloseContainerThread-0] INFO  keyvalue.KeyValueContainer (KeyValueContainer.java:flushAndSyncDB(514)) - Synced container: KeyValueContainerData #5 (CLOSING, non-empty, ri=2, origin=[dn_c680c818-41b2-424e-92c4-60b93a679607, pipeline_])
2025-07-11 13:51:42,830 [c680c818-41b2-424e-92c4-60b93a679607-CloseContainerThread-0] INFO  keyvalue.KeyValueContainer (KeyValueContainer.java:flushAndSyncDB(514)) - Synced container: KeyValueContainerData #5 (CLOSING, non-empty, ri=2, origin=[dn_c680c818-41b2-424e-92c4-60b93a679607, pipeline_])
2025-07-11 13:51:42,834 [grpc-default-executor-0] INFO  server.RaftServer$Division (RaftServerImpl.java:groupRemove(497)) - afe7fe1f-1d68-4d89-80c2-7ba57cdf2335@group-A1BF2CD5A2F6: Succeed to remove RaftStorageDirectory Storage Directory /home/runner/work/ozone/ozone/hadoop-ozone/integration-test/target/test-dir/MiniOzoneClusterImpl-02f448a6-9fdd-45b6-a527-a8325eb08e52/ozone-meta/datanode-3/ratis/54d720d8-bed7-443c-9ebc-a1bf2cd5a2f6
2025-07-11 13:51:42,837 [c680c818-41b2-424e-92c4-60b93a679607-CloseContainerThread-0] INFO  keyvalue.KeyValueContainer (KeyValueContainer.java:close(430)) - Closed container: KeyValueContainerData #5 (CLOSED, non-empty, ri=2, origin=[dn_c680c818-41b2-424e-92c4-60b93a679607, pipeline_])
2025-07-11 13:51:42,838 [grpc-default-executor-2] INFO  server.RaftServer$Division (RaftServerImpl.java:groupRemove(497)) - 8c9ceaf3-a623-4517-98dd-93652c1eae32@group-A1BF2CD5A2F6: Succeed to remove RaftStorageDirectory Storage Directory /home/runner/work/ozone/ozone/hadoop-ozone/integration-test/target/test-dir/MiniOzoneClusterImpl-02f448a6-9fdd-45b6-a527-a8325eb08e52/ozone-meta/datanode-1/ratis/54d720d8-bed7-443c-9ebc-a1bf2cd5a2f6
2025-07-11 13:51:42,840 [8c9ceaf3-a623-4517-98dd-93652c1eae32-PipelineCommandHandlerThread-0] WARN  server.RaftServer (RaftServerProxy.java:remove(111)) - 8c9ceaf3-a623-4517-98dd-93652c1eae32: does not contain group: group-A1BF2CD5A2F6
2025-07-11 13:51:42,843 [afe7fe1f-1d68-4d89-80c2-7ba57cdf2335-PipelineCommandHandlerThread-0] WARN  server.RaftServer (RaftServerProxy.java:remove(111)) - afe7fe1f-1d68-4d89-80c2-7ba57cdf2335: does not contain group: group-A1BF2CD5A2F6
2025-07-11 13:51:42,909 [22a54b65-5ca6-44f1-bc2a-71bde50d2f1b-CloseContainerThread-1] INFO  commandhandler.CloseContainerCommandHandler (CloseContainerCommandHandler.java:lambda$handle$0(105)) - Container #30 does not exist in datanode. Its pipeline may have closed before it was created. Container close failed.
2025-07-11 13:51:42,910 [22a54b65-5ca6-44f1-bc2a-71bde50d2f1b-CloseContainerThread-1] INFO  commandhandler.CloseContainerCommandHandler (CloseContainerCommandHandler.java:lambda$handle$0(105)) - Container #32 does not exist in datanode. Its pipeline may have closed before it was created. Container close failed.
2025-07-11 13:51:42,910 [22a54b65-5ca6-44f1-bc2a-71bde50d2f1b-CloseContainerThread-1] INFO  commandhandler.CloseContainerCommandHandler (CloseContainerCommandHandler.java:lambda$handle$0(105)) - Container #33 does not exist in datanode. Its pipeline may have closed before it was created. Container close failed.
2025-07-11 13:51:42,909 [22a54b65-5ca6-44f1-bc2a-71bde50d2f1b-CloseContainerThread-0] INFO  commandhandler.CloseContainerCommandHandler (CloseContainerCommandHandler.java:lambda$handle$0(105)) - Container #31 does not exist in datanode. Its pipeline may have closed before it was created. Container close failed.
2025-07-11 13:51:42,915 [22a54b65-5ca6-44f1-bc2a-71bde50d2f1b-CloseContainerThread-2] WARN  keyvalue.KeyValueHandler (KeyValueHandler.java:updateAndGetContainerChecksum(1451)) - Container data checksum updated from 0 to b1e608d0
2025-07-11 13:51:42,915 [22a54b65-5ca6-44f1-bc2a-71bde50d2f1b-CloseContainerThread-2] INFO  keyvalue.KeyValueContainer (KeyValueContainer.java:flushAndSyncDB(514)) - Synced container: KeyValueContainerData #5 (CLOSING, non-empty, ri=1, origin=[dn_22a54b65-5ca6-44f1-bc2a-71bde50d2f1b, pipeline_])
2025-07-11 13:51:42,916 [22a54b65-5ca6-44f1-bc2a-71bde50d2f1b-CloseContainerThread-2] INFO  keyvalue.KeyValueContainer (KeyValueContainer.java:flushAndSyncDB(514)) - Synced container: KeyValueContainerData #5 (CLOSING, non-empty, ri=1, origin=[dn_22a54b65-5ca6-44f1-bc2a-71bde50d2f1b, pipeline_])
2025-07-11 13:51:42,920 [22a54b65-5ca6-44f1-bc2a-71bde50d2f1b-CloseContainerThread-2] INFO  keyvalue.KeyValueContainer (KeyValueContainer.java:close(430)) - Closed container: KeyValueContainerData #5 (CLOSED, non-empty, ri=1, origin=[dn_22a54b65-5ca6-44f1-bc2a-71bde50d2f1b, pipeline_])
2025-07-11 13:51:43,144 [afe7fe1f-1d68-4d89-80c2-7ba57cdf2335-CloseContainerThread-1] INFO  commandhandler.CloseContainerCommandHandler (CloseContainerCommandHandler.java:lambda$handle$0(105)) - Container #7 does not exist in datanode. Its pipeline may have closed before it was created. Container close failed.
2025-07-11 13:51:43,144 [afe7fe1f-1d68-4d89-80c2-7ba57cdf2335-CloseContainerThread-2] INFO  commandhandler.CloseContainerCommandHandler (CloseContainerCommandHandler.java:lambda$handle$0(105)) - Container #8 does not exist in datanode. Its pipeline may have closed before it was created. Container close failed.
2025-07-11 13:51:43,151 [afe7fe1f-1d68-4d89-80c2-7ba57cdf2335-CloseContainerThread-0] WARN  keyvalue.KeyValueHandler (KeyValueHandler.java:updateAndGetContainerChecksum(1451)) - Container data checksum updated from 0 to a76efc22
2025-07-11 13:51:43,152 [afe7fe1f-1d68-4d89-80c2-7ba57cdf2335-CloseContainerThread-0] INFO  keyvalue.KeyValueContainer (KeyValueContainer.java:flushAndSyncDB(514)) - Synced container: KeyValueContainerData #5 (CLOSING, non-empty, ri=4, origin=[dn_afe7fe1f-1d68-4d89-80c2-7ba57cdf2335, pipeline_])
2025-07-11 13:51:43,152 [afe7fe1f-1d68-4d89-80c2-7ba57cdf2335-CloseContainerThread-0] INFO  keyvalue.KeyValueContainer (KeyValueContainer.java:flushAndSyncDB(514)) - Synced container: KeyValueContainerData #5 (CLOSING, non-empty, ri=4, origin=[dn_afe7fe1f-1d68-4d89-80c2-7ba57cdf2335, pipeline_])
2025-07-11 13:51:43,153 [afe7fe1f-1d68-4d89-80c2-7ba57cdf2335-CloseContainerThread-2] WARN  keyvalue.KeyValueHandler (KeyValueHandler.java:updateAndGetContainerChecksum(1451)) - Container data checksum updated from 0 to 72f46aae
2025-07-11 13:51:43,155 [afe7fe1f-1d68-4d89-80c2-7ba57cdf2335-CloseContainerThread-1] WARN  keyvalue.KeyValueHandler (KeyValueHandler.java:updateAndGetContainerChecksum(1451)) - Container data checksum updated from 0 to 95368130
2025-07-11 13:51:43,156 [afe7fe1f-1d68-4d89-80c2-7ba57cdf2335-ContainerOp-c5e02126-e046-45d5-8766-009a8d6dd8be-8] INFO  keyvalue.KeyValueContainer (KeyValueContainer.java:flushAndSyncDB(514)) - Synced container: KeyValueContainerData #15 (CLOSING, non-empty, ri=0, origin=[dn_afe7fe1f-1d68-4d89-80c2-7ba57cdf2335, pipeline_c5e02126-e046-45d5-8766-009a8d6dd8be])
2025-07-11 13:51:43,157 [afe7fe1f-1d68-4d89-80c2-7ba57cdf2335-ContainerOp-c5e02126-e046-45d5-8766-009a8d6dd8be-8] INFO  keyvalue.KeyValueContainer (KeyValueContainer.java:flushAndSyncDB(514)) - Synced container: KeyValueContainerData #15 (CLOSING, non-empty, ri=0, origin=[dn_afe7fe1f-1d68-4d89-80c2-7ba57cdf2335, pipeline_c5e02126-e046-45d5-8766-009a8d6dd8be])
2025-07-11 13:51:43,163 [afe7fe1f-1d68-4d89-80c2-7ba57cdf2335-ContainerOp-c5e02126-e046-45d5-8766-009a8d6dd8be-9] INFO  keyvalue.KeyValueContainer (KeyValueContainer.java:flushAndSyncDB(514)) - Synced container: KeyValueContainerData #13 (CLOSING, non-empty, ri=0, origin=[dn_afe7fe1f-1d68-4d89-80c2-7ba57cdf2335, pipeline_c5e02126-e046-45d5-8766-009a8d6dd8be])
2025-07-11 13:51:43,163 [afe7fe1f-1d68-4d89-80c2-7ba57cdf2335-CloseContainerThread-0] INFO  keyvalue.KeyValueContainer (KeyValueContainer.java:close(430)) - Closed container: KeyValueContainerData #5 (CLOSED, non-empty, ri=4, origin=[dn_afe7fe1f-1d68-4d89-80c2-7ba57cdf2335, pipeline_])
2025-07-11 13:51:43,163 [afe7fe1f-1d68-4d89-80c2-7ba57cdf2335-CloseContainerThread-0] INFO  commandhandler.CloseContainerCommandHandler (CloseContainerCommandHandler.java:lambda$handle$0(105)) - Container #30 does not exist in datanode. Its pipeline may have closed before it was created. Container close failed.
2025-07-11 13:51:43,163 [afe7fe1f-1d68-4d89-80c2-7ba57cdf2335-CloseContainerThread-0] INFO  commandhandler.CloseContainerCommandHandler (CloseContainerCommandHandler.java:lambda$handle$0(105)) - Container #31 does not exist in datanode. Its pipeline may have closed before it was created. Container close failed.
2025-07-11 13:51:43,163 [afe7fe1f-1d68-4d89-80c2-7ba57cdf2335-CloseContainerThread-0] INFO  commandhandler.CloseContainerCommandHandler (CloseContainerCommandHandler.java:lambda$handle$0(105)) - Container #32 does not exist in datanode. Its pipeline may have closed before it was created. Container close failed.
2025-07-11 13:51:43,163 [afe7fe1f-1d68-4d89-80c2-7ba57cdf2335-CloseContainerThread-0] INFO  commandhandler.CloseContainerCommandHandler (CloseContainerCommandHandler.java:lambda$handle$0(105)) - Container #33 does not exist in datanode. Its pipeline may have closed before it was created. Container close failed.
2025-07-11 13:51:43,164 [afe7fe1f-1d68-4d89-80c2-7ba57cdf2335-ContainerOp-c5e02126-e046-45d5-8766-009a8d6dd8be-9] INFO  keyvalue.KeyValueContainer (KeyValueContainer.java:flushAndSyncDB(514)) - Synced container: KeyValueContainerData #13 (CLOSING, non-empty, ri=0, origin=[dn_afe7fe1f-1d68-4d89-80c2-7ba57cdf2335, pipeline_c5e02126-e046-45d5-8766-009a8d6dd8be])
2025-07-11 13:51:43,167 [afe7fe1f-1d68-4d89-80c2-7ba57cdf2335-ContainerOp-c5e02126-e046-45d5-8766-009a8d6dd8be-8] INFO  keyvalue.KeyValueContainer (KeyValueContainer.java:close(430)) - Closed container: KeyValueContainerData #15 (CLOSED, non-empty, ri=0, origin=[dn_afe7fe1f-1d68-4d89-80c2-7ba57cdf2335, pipeline_c5e02126-e046-45d5-8766-009a8d6dd8be])
2025-07-11 13:51:43,168 [afe7fe1f-1d68-4d89-80c2-7ba57cdf2335-ContainerOp-c5e02126-e046-45d5-8766-009a8d6dd8be-9] INFO  keyvalue.KeyValueContainer (KeyValueContainer.java:close(430)) - Closed container: KeyValueContainerData #13 (CLOSED, non-empty, ri=0, origin=[dn_afe7fe1f-1d68-4d89-80c2-7ba57cdf2335, pipeline_c5e02126-e046-45d5-8766-009a8d6dd8be])
2025-07-11 13:51:43,170 [FixedThreadPoolWithAffinityExecutor-0-0] INFO  container.IncrementalContainerReportHandler (AbstractContainerReportHandler.java:updateContainerState(289)) - CLOSE Container #15 (CLOSING, sid=13) r0 (CLOSED, bcsid=13, origin=afe7fe1f-1d68-4d89-80c2-7ba57cdf2335, non-empty) from dn afe7fe1f-1d68-4d89-80c2-7ba57cdf2335(localhost/127.0.0.1)
2025-07-11 13:51:43,171 [FixedThreadPoolWithAffinityExecutor-0-0] INFO  container.IncrementalContainerReportHandler (AbstractContainerReportHandler.java:updateContainerState(289)) - CLOSE Container #13 (CLOSING, sid=9) r0 (CLOSED, bcsid=9, origin=afe7fe1f-1d68-4d89-80c2-7ba57cdf2335, non-empty) from dn afe7fe1f-1d68-4d89-80c2-7ba57cdf2335(localhost/127.0.0.1)
2025-07-11 13:51:43,176 [8c9ceaf3-a623-4517-98dd-93652c1eae32-CloseContainerThread-1] INFO  commandhandler.CloseContainerCommandHandler (CloseContainerCommandHandler.java:lambda$handle$0(105)) - Container #30 does not exist in datanode. Its pipeline may have closed before it was created. Container close failed.
2025-07-11 13:51:43,176 [8c9ceaf3-a623-4517-98dd-93652c1eae32-CloseContainerThread-1] INFO  commandhandler.CloseContainerCommandHandler (CloseContainerCommandHandler.java:lambda$handle$0(105)) - Container #31 does not exist in datanode. Its pipeline may have closed before it was created. Container close failed.
2025-07-11 13:51:43,176 [8c9ceaf3-a623-4517-98dd-93652c1eae32-CloseContainerThread-1] INFO  commandhandler.CloseContainerCommandHandler (CloseContainerCommandHandler.java:lambda$handle$0(105)) - Container #32 does not exist in datanode. Its pipeline may have closed before it was created. Container close failed.
2025-07-11 13:51:43,176 [8c9ceaf3-a623-4517-98dd-93652c1eae32-CloseContainerThread-1] INFO  commandhandler.CloseContainerCommandHandler (CloseContainerCommandHandler.java:lambda$handle$0(105)) - Container #33 does not exist in datanode. Its pipeline may have closed before it was created. Container close failed.
2025-07-11 13:51:43,179 [8c9ceaf3-a623-4517-98dd-93652c1eae32-CloseContainerThread-2] WARN  keyvalue.KeyValueHandler (KeyValueHandler.java:updateAndGetContainerChecksum(1451)) - Container data checksum updated from 0 to 2f9d4286
2025-07-11 13:51:43,180 [8c9ceaf3-a623-4517-98dd-93652c1eae32-CloseContainerThread-0] WARN  keyvalue.KeyValueHandler (KeyValueHandler.java:updateAndGetContainerChecksum(1451)) - Container data checksum updated from 0 to 8c28b28a
2025-07-11 13:51:43,180 [8c9ceaf3-a623-4517-98dd-93652c1eae32-CloseContainerThread-0] INFO  keyvalue.KeyValueContainer (KeyValueContainer.java:flushAndSyncDB(514)) - Synced container: KeyValueContainerData #5 (CLOSING, non-empty, ri=3, origin=[dn_8c9ceaf3-a623-4517-98dd-93652c1eae32, pipeline_])
2025-07-11 13:51:43,180 [8c9ceaf3-a623-4517-98dd-93652c1eae32-CloseContainerThread-0] INFO  keyvalue.KeyValueContainer (KeyValueContainer.java:flushAndSyncDB(514)) - Synced container: KeyValueContainerData #5 (CLOSING, non-empty, ri=3, origin=[dn_8c9ceaf3-a623-4517-98dd-93652c1eae32, pipeline_])
2025-07-11 13:51:43,185 [8c9ceaf3-a623-4517-98dd-93652c1eae32-CloseContainerThread-0] INFO  keyvalue.KeyValueContainer (KeyValueContainer.java:close(430)) - Closed container: KeyValueContainerData #5 (CLOSED, non-empty, ri=3, origin=[dn_8c9ceaf3-a623-4517-98dd-93652c1eae32, pipeline_])
2025-07-11 13:51:43,187 [8c9ceaf3-a623-4517-98dd-93652c1eae32-ContainerOp-7e460e08-44e8-48dd-a934-7e79796f4d76-8] INFO  keyvalue.KeyValueContainer (KeyValueContainer.java:flushAndSyncDB(514)) - Synced container: KeyValueContainerData #16 (CLOSING, non-empty, ri=0, origin=[dn_8c9ceaf3-a623-4517-98dd-93652c1eae32, pipeline_7e460e08-44e8-48dd-a934-7e79796f4d76])
2025-07-11 13:51:43,187 [8c9ceaf3-a623-4517-98dd-93652c1eae32-ContainerOp-7e460e08-44e8-48dd-a934-7e79796f4d76-8] INFO  keyvalue.KeyValueContainer (KeyValueContainer.java:flushAndSyncDB(514)) - Synced container: KeyValueContainerData #16 (CLOSING, non-empty, ri=0, origin=[dn_8c9ceaf3-a623-4517-98dd-93652c1eae32, pipeline_7e460e08-44e8-48dd-a934-7e79796f4d76])
2025-07-11 13:51:43,192 [8c9ceaf3-a623-4517-98dd-93652c1eae32-ContainerOp-7e460e08-44e8-48dd-a934-7e79796f4d76-8] INFO  keyvalue.KeyValueContainer (KeyValueContainer.java:close(430)) - Closed container: KeyValueContainerData #16 (CLOSED, non-empty, ri=0, origin=[dn_8c9ceaf3-a623-4517-98dd-93652c1eae32, pipeline_7e460e08-44e8-48dd-a934-7e79796f4d76])
2025-07-11 13:51:43,193 [FixedThreadPoolWithAffinityExecutor-1-0] INFO  container.IncrementalContainerReportHandler (AbstractContainerReportHandler.java:updateContainerState(289)) - CLOSE Container #16 (CLOSING, sid=2) r0 (CLOSED, bcsid=2, origin=8c9ceaf3-a623-4517-98dd-93652c1eae32, non-empty) from dn 8c9ceaf3-a623-4517-98dd-93652c1eae32(localhost/127.0.0.1)
2025-07-11 13:51:43,698 [9019234a-c2b6-4680-845a-06c77c29e11d@group-7EEFE1CEDC2A-FollowerState] INFO  impl.FollowerState (FollowerState.java:runImpl(161)) - 9019234a-c2b6-4680-845a-06c77c29e11d@group-7EEFE1CEDC2A-FollowerState: change to CANDIDATE, lastRpcElapsedTime:1085362399ns, electionTimeout:1084ms
2025-07-11 13:51:43,698 [9019234a-c2b6-4680-845a-06c77c29e11d@group-7EEFE1CEDC2A-FollowerState] INFO  impl.RoleInfo (RoleInfo.java:shutdownFollowerState(121)) - 9019234a-c2b6-4680-845a-06c77c29e11d: shutdown 9019234a-c2b6-4680-845a-06c77c29e11d@group-7EEFE1CEDC2A-FollowerState
2025-07-11 13:51:43,698 [9019234a-c2b6-4680-845a-06c77c29e11d@group-7EEFE1CEDC2A-FollowerState] INFO  server.RaftServer$Division (RaftServerImpl.java:setRole(392)) - 9019234a-c2b6-4680-845a-06c77c29e11d@group-7EEFE1CEDC2A: changes role from  FOLLOWER to CANDIDATE at term 0 for changeToCandidate
2025-07-11 13:51:43,698 [9019234a-c2b6-4680-845a-06c77c29e11d@group-7EEFE1CEDC2A-FollowerState] INFO  impl.RoleInfo (RoleInfo.java:updateAndGet(148)) - 9019234a-c2b6-4680-845a-06c77c29e11d: start 9019234a-c2b6-4680-845a-06c77c29e11d@group-7EEFE1CEDC2A-LeaderElection12
2025-07-11 13:51:43,698 [9019234a-c2b6-4680-845a-06c77c29e11d@group-7EEFE1CEDC2A-LeaderElection12] INFO  impl.LeaderElection (LeaderElection.java:askForVotes(448)) - 9019234a-c2b6-4680-845a-06c77c29e11d@group-7EEFE1CEDC2A-LeaderElection12 PRE_VOTE round 0: submit vote requests at term 0 for conf: {index: -1, cur=peers:[22a54b65-5ca6-44f1-bc2a-71bde50d2f1b|127.0.0.1:15023, 9019234a-c2b6-4680-845a-06c77c29e11d|127.0.0.1:15047, afe7fe1f-1d68-4d89-80c2-7ba57cdf2335|127.0.0.1:15031]|listeners:[], old=null}
2025-07-11 13:51:43,699 [9019234a-c2b6-4680-845a-06c77c29e11d@group-7EEFE1CEDC2A-LeaderElection12-1] INFO  server.GrpcServerProtocolClient (GrpcServerProtocolClient.java:<init>(65)) - Build channel for 22a54b65-5ca6-44f1-bc2a-71bde50d2f1b|127.0.0.1:15023
2025-07-11 13:51:43,699 [9019234a-c2b6-4680-845a-06c77c29e11d@group-7EEFE1CEDC2A-LeaderElection12-2] INFO  server.GrpcServerProtocolClient (GrpcServerProtocolClient.java:<init>(65)) - Build channel for afe7fe1f-1d68-4d89-80c2-7ba57cdf2335|127.0.0.1:15031
2025-07-11 13:51:43,703 [grpc-default-executor-2] INFO  server.RaftServer$Division (RaftServerImpl.java:requestVote(1421)) - 22a54b65-5ca6-44f1-bc2a-71bde50d2f1b@group-7EEFE1CEDC2A: receive requestVote(PRE_VOTE, 9019234a-c2b6-4680-845a-06c77c29e11d, group-7EEFE1CEDC2A, 0, <PROTO_DEFAULT>)
2025-07-11 13:51:43,704 [grpc-default-executor-2] INFO  impl.VoteContext (VoteContext.java:log(49)) - 22a54b65-5ca6-44f1-bc2a-71bde50d2f1b@group-7EEFE1CEDC2A-FOLLOWER: reject PRE_VOTE from 9019234a-c2b6-4680-845a-06c77c29e11d: our priority 1 > candidate's priority 0
2025-07-11 13:51:43,703 [grpc-default-executor-0] INFO  server.RaftServer$Division (RaftServerImpl.java:requestVote(1421)) - afe7fe1f-1d68-4d89-80c2-7ba57cdf2335@group-7EEFE1CEDC2A: receive requestVote(PRE_VOTE, 9019234a-c2b6-4680-845a-06c77c29e11d, group-7EEFE1CEDC2A, 0, <PROTO_DEFAULT>)
2025-07-11 13:51:43,704 [grpc-default-executor-0] INFO  impl.VoteContext (VoteContext.java:log(49)) - afe7fe1f-1d68-4d89-80c2-7ba57cdf2335@group-7EEFE1CEDC2A-FOLLOWER: accept PRE_VOTE from 9019234a-c2b6-4680-845a-06c77c29e11d: our priority 0 <= candidate's priority 0
2025-07-11 13:51:43,704 [grpc-default-executor-0] INFO  server.RaftServer$Division (RaftServerImpl.java:requestVote(1455)) - afe7fe1f-1d68-4d89-80c2-7ba57cdf2335@group-7EEFE1CEDC2A replies to PRE_VOTE vote request: 9019234a-c2b6-4680-845a-06c77c29e11d<-afe7fe1f-1d68-4d89-80c2-7ba57cdf2335#0:OK-t0-last:<INITIAL_VALUE>. Peer's state: afe7fe1f-1d68-4d89-80c2-7ba57cdf2335@group-7EEFE1CEDC2A:t0, leader=null, voted=, raftlog=Memoized:afe7fe1f-1d68-4d89-80c2-7ba57cdf2335@group-7EEFE1CEDC2A-SegmentedRaftLog:OPENED:c-1:lastnull, conf=conf: {index: -1, cur=peers:[22a54b65-5ca6-44f1-bc2a-71bde50d2f1b|127.0.0.1:15023, 9019234a-c2b6-4680-845a-06c77c29e11d|127.0.0.1:15047, afe7fe1f-1d68-4d89-80c2-7ba57cdf2335|127.0.0.1:15031]|listeners:[], old=null}
2025-07-11 13:51:43,704 [grpc-default-executor-2] INFO  server.RaftServer$Division (RaftServerImpl.java:requestVote(1455)) - 22a54b65-5ca6-44f1-bc2a-71bde50d2f1b@group-7EEFE1CEDC2A replies to PRE_VOTE vote request: 9019234a-c2b6-4680-845a-06c77c29e11d<-22a54b65-5ca6-44f1-bc2a-71bde50d2f1b#0:FAIL-t0-last:<INITIAL_VALUE>. Peer's state: 22a54b65-5ca6-44f1-bc2a-71bde50d2f1b@group-7EEFE1CEDC2A:t0, leader=null, voted=, raftlog=Memoized:22a54b65-5ca6-44f1-bc2a-71bde50d2f1b@group-7EEFE1CEDC2A-SegmentedRaftLog:OPENED:c-1:lastnull, conf=conf: {index: -1, cur=peers:[22a54b65-5ca6-44f1-bc2a-71bde50d2f1b|127.0.0.1:15023, 9019234a-c2b6-4680-845a-06c77c29e11d|127.0.0.1:15047, afe7fe1f-1d68-4d89-80c2-7ba57cdf2335|127.0.0.1:15031]|listeners:[], old=null}
2025-07-11 13:51:43,706 [9019234a-c2b6-4680-845a-06c77c29e11d@group-7EEFE1CEDC2A-LeaderElection12] INFO  impl.LeaderElection (LeaderElection.java:logAndReturn(206)) - 9019234a-c2b6-4680-845a-06c77c29e11d@group-7EEFE1CEDC2A-LeaderElection12: PRE_VOTE REJECTED received 2 response(s) and 0 exception(s):
2025-07-11 13:51:43,706 [9019234a-c2b6-4680-845a-06c77c29e11d@group-7EEFE1CEDC2A-LeaderElection12] INFO  impl.LeaderElection (LeaderElection.java:logAndReturn(210)) -   Response 0: 9019234a-c2b6-4680-845a-06c77c29e11d<-22a54b65-5ca6-44f1-bc2a-71bde50d2f1b#0:FAIL-t0-last:<INITIAL_VALUE>
2025-07-11 13:51:43,706 [9019234a-c2b6-4680-845a-06c77c29e11d@group-7EEFE1CEDC2A-LeaderElection12] INFO  impl.LeaderElection (LeaderElection.java:logAndReturn(210)) -   Response 1: 9019234a-c2b6-4680-845a-06c77c29e11d<-afe7fe1f-1d68-4d89-80c2-7ba57cdf2335#0:OK-t0-last:<INITIAL_VALUE>
2025-07-11 13:51:43,706 [9019234a-c2b6-4680-845a-06c77c29e11d@group-7EEFE1CEDC2A-LeaderElection12] INFO  impl.LeaderElection (LeaderElection.java:askForVotes(450)) - 9019234a-c2b6-4680-845a-06c77c29e11d@group-7EEFE1CEDC2A-LeaderElection12 PRE_VOTE round 0: result REJECTED
2025-07-11 13:51:43,706 [9019234a-c2b6-4680-845a-06c77c29e11d@group-7EEFE1CEDC2A-LeaderElection12] INFO  server.RaftServer$Division (RaftServerImpl.java:setRole(392)) - 9019234a-c2b6-4680-845a-06c77c29e11d@group-7EEFE1CEDC2A: changes role from CANDIDATE to FOLLOWER at term 0 for REJECTED
2025-07-11 13:51:43,706 [9019234a-c2b6-4680-845a-06c77c29e11d@group-7EEFE1CEDC2A-LeaderElection12] INFO  impl.RoleInfo (RoleInfo.java:shutdownLeaderElection(141)) - 9019234a-c2b6-4680-845a-06c77c29e11d: shutdown 9019234a-c2b6-4680-845a-06c77c29e11d@group-7EEFE1CEDC2A-LeaderElection12
2025-07-11 13:51:43,706 [9019234a-c2b6-4680-845a-06c77c29e11d@group-7EEFE1CEDC2A-LeaderElection12] INFO  impl.RoleInfo (RoleInfo.java:updateAndGet(148)) - 9019234a-c2b6-4680-845a-06c77c29e11d: start 9019234a-c2b6-4680-845a-06c77c29e11d@group-7EEFE1CEDC2A-FollowerState
2025-07-11 13:51:43,706 [9019234a-c2b6-4680-845a-06c77c29e11d@group-7EEFE1CEDC2A-LeaderElection12] INFO  server.RaftServer$Division (RaftServerImpl.java:setFirstElection(576)) - 9019234a-c2b6-4680-845a-06c77c29e11d@group-7EEFE1CEDC2A: set firstElectionSinceStartup to false for REJECTED
2025-07-11 13:51:43,742 [22a54b65-5ca6-44f1-bc2a-71bde50d2f1b@group-7EEFE1CEDC2A-FollowerState] INFO  impl.FollowerState (FollowerState.java:runImpl(161)) - 22a54b65-5ca6-44f1-bc2a-71bde50d2f1b@group-7EEFE1CEDC2A-FollowerState: change to CANDIDATE, lastRpcElapsedTime:1064151222ns, electionTimeout:1063ms
2025-07-11 13:51:43,742 [22a54b65-5ca6-44f1-bc2a-71bde50d2f1b@group-7EEFE1CEDC2A-FollowerState] INFO  impl.RoleInfo (RoleInfo.java:shutdownFollowerState(121)) - 22a54b65-5ca6-44f1-bc2a-71bde50d2f1b: shutdown 22a54b65-5ca6-44f1-bc2a-71bde50d2f1b@group-7EEFE1CEDC2A-FollowerState
2025-07-11 13:51:43,742 [22a54b65-5ca6-44f1-bc2a-71bde50d2f1b@group-7EEFE1CEDC2A-FollowerState] INFO  server.RaftServer$Division (RaftServerImpl.java:setRole(392)) - 22a54b65-5ca6-44f1-bc2a-71bde50d2f1b@group-7EEFE1CEDC2A: changes role from  FOLLOWER to CANDIDATE at term 0 for changeToCandidate
2025-07-11 13:51:43,742 [22a54b65-5ca6-44f1-bc2a-71bde50d2f1b@group-7EEFE1CEDC2A-FollowerState] INFO  impl.RoleInfo (RoleInfo.java:updateAndGet(148)) - 22a54b65-5ca6-44f1-bc2a-71bde50d2f1b: start 22a54b65-5ca6-44f1-bc2a-71bde50d2f1b@group-7EEFE1CEDC2A-LeaderElection13
2025-07-11 13:51:43,743 [22a54b65-5ca6-44f1-bc2a-71bde50d2f1b@group-7EEFE1CEDC2A-LeaderElection13] INFO  impl.LeaderElection (LeaderElection.java:askForVotes(448)) - 22a54b65-5ca6-44f1-bc2a-71bde50d2f1b@group-7EEFE1CEDC2A-LeaderElection13 PRE_VOTE round 0: submit vote requests at term 0 for conf: {index: -1, cur=peers:[22a54b65-5ca6-44f1-bc2a-71bde50d2f1b|127.0.0.1:15023, 9019234a-c2b6-4680-845a-06c77c29e11d|127.0.0.1:15047, afe7fe1f-1d68-4d89-80c2-7ba57cdf2335|127.0.0.1:15031]|listeners:[], old=null}
2025-07-11 13:51:43,743 [22a54b65-5ca6-44f1-bc2a-71bde50d2f1b@group-7EEFE1CEDC2A-LeaderElection13-1] INFO  server.GrpcServerProtocolClient (GrpcServerProtocolClient.java:<init>(65)) - Build channel for 9019234a-c2b6-4680-845a-06c77c29e11d|127.0.0.1:15047
2025-07-11 13:51:43,745 [grpc-default-executor-2] INFO  server.RaftServer$Division (RaftServerImpl.java:requestVote(1421)) - afe7fe1f-1d68-4d89-80c2-7ba57cdf2335@group-7EEFE1CEDC2A: receive requestVote(PRE_VOTE, 22a54b65-5ca6-44f1-bc2a-71bde50d2f1b, group-7EEFE1CEDC2A, 0, <PROTO_DEFAULT>)
2025-07-11 13:51:43,745 [grpc-default-executor-2] INFO  impl.VoteContext (VoteContext.java:log(49)) - afe7fe1f-1d68-4d89-80c2-7ba57cdf2335@group-7EEFE1CEDC2A-FOLLOWER: accept PRE_VOTE from 22a54b65-5ca6-44f1-bc2a-71bde50d2f1b: our priority 0 <= candidate's priority 1
2025-07-11 13:51:43,745 [grpc-default-executor-2] INFO  server.RaftServer$Division (RaftServerImpl.java:requestVote(1455)) - afe7fe1f-1d68-4d89-80c2-7ba57cdf2335@group-7EEFE1CEDC2A replies to PRE_VOTE vote request: 22a54b65-5ca6-44f1-bc2a-71bde50d2f1b<-afe7fe1f-1d68-4d89-80c2-7ba57cdf2335#0:OK-t0-last:<INITIAL_VALUE>. Peer's state: afe7fe1f-1d68-4d89-80c2-7ba57cdf2335@group-7EEFE1CEDC2A:t0, leader=null, voted=, raftlog=Memoized:afe7fe1f-1d68-4d89-80c2-7ba57cdf2335@group-7EEFE1CEDC2A-SegmentedRaftLog:OPENED:c-1:lastnull, conf=conf: {index: -1, cur=peers:[22a54b65-5ca6-44f1-bc2a-71bde50d2f1b|127.0.0.1:15023, 9019234a-c2b6-4680-845a-06c77c29e11d|127.0.0.1:15047, afe7fe1f-1d68-4d89-80c2-7ba57cdf2335|127.0.0.1:15031]|listeners:[], old=null}
2025-07-11 13:51:43,746 [22a54b65-5ca6-44f1-bc2a-71bde50d2f1b@group-7EEFE1CEDC2A-LeaderElection13] INFO  impl.LeaderElection (LeaderElection.java:logAndReturn(206)) - 22a54b65-5ca6-44f1-bc2a-71bde50d2f1b@group-7EEFE1CEDC2A-LeaderElection13: PRE_VOTE PASSED received 1 response(s) and 0 exception(s):
2025-07-11 13:51:43,746 [22a54b65-5ca6-44f1-bc2a-71bde50d2f1b@group-7EEFE1CEDC2A-LeaderElection13] INFO  impl.LeaderElection (LeaderElection.java:logAndReturn(210)) -   Response 0: 22a54b65-5ca6-44f1-bc2a-71bde50d2f1b<-afe7fe1f-1d68-4d89-80c2-7ba57cdf2335#0:OK-t0-last:<INITIAL_VALUE>
2025-07-11 13:51:43,746 [22a54b65-5ca6-44f1-bc2a-71bde50d2f1b@group-7EEFE1CEDC2A-LeaderElection13] INFO  impl.LeaderElection (LeaderElection.java:askForVotes(450)) - 22a54b65-5ca6-44f1-bc2a-71bde50d2f1b@group-7EEFE1CEDC2A-LeaderElection13 PRE_VOTE round 0: result PASSED
2025-07-11 13:51:43,748 [22a54b65-5ca6-44f1-bc2a-71bde50d2f1b@group-7EEFE1CEDC2A-LeaderElection13] INFO  impl.LeaderElection (LeaderElection.java:askForVotes(448)) - 22a54b65-5ca6-44f1-bc2a-71bde50d2f1b@group-7EEFE1CEDC2A-LeaderElection13 ELECTION round 0: submit vote requests at term 1 for conf: {index: -1, cur=peers:[22a54b65-5ca6-44f1-bc2a-71bde50d2f1b|127.0.0.1:15023, 9019234a-c2b6-4680-845a-06c77c29e11d|127.0.0.1:15047, afe7fe1f-1d68-4d89-80c2-7ba57cdf2335|127.0.0.1:15031]|listeners:[], old=null}
2025-07-11 13:51:43,750 [grpc-default-executor-2] INFO  server.RaftServer$Division (RaftServerImpl.java:requestVote(1421)) - afe7fe1f-1d68-4d89-80c2-7ba57cdf2335@group-7EEFE1CEDC2A: receive requestVote(ELECTION, 22a54b65-5ca6-44f1-bc2a-71bde50d2f1b, group-7EEFE1CEDC2A, 1, <PROTO_DEFAULT>)
2025-07-11 13:51:43,750 [grpc-default-executor-2] INFO  impl.VoteContext (VoteContext.java:log(49)) - afe7fe1f-1d68-4d89-80c2-7ba57cdf2335@group-7EEFE1CEDC2A-FOLLOWER: accept ELECTION from 22a54b65-5ca6-44f1-bc2a-71bde50d2f1b: our priority 0 <= candidate's priority 1
2025-07-11 13:51:43,750 [grpc-default-executor-2] INFO  server.RaftServer$Division (RaftServerImpl.java:setRole(392)) - afe7fe1f-1d68-4d89-80c2-7ba57cdf2335@group-7EEFE1CEDC2A: changes role from  FOLLOWER to FOLLOWER at term 0 for candidate:22a54b65-5ca6-44f1-bc2a-71bde50d2f1b
2025-07-11 13:51:43,750 [grpc-default-executor-2] INFO  impl.RoleInfo (RoleInfo.java:shutdownFollowerState(121)) - afe7fe1f-1d68-4d89-80c2-7ba57cdf2335: shutdown afe7fe1f-1d68-4d89-80c2-7ba57cdf2335@group-7EEFE1CEDC2A-FollowerState
2025-07-11 13:51:43,750 [grpc-default-executor-2] INFO  impl.RoleInfo (RoleInfo.java:updateAndGet(148)) - afe7fe1f-1d68-4d89-80c2-7ba57cdf2335: start afe7fe1f-1d68-4d89-80c2-7ba57cdf2335@group-7EEFE1CEDC2A-FollowerState
2025-07-11 13:51:43,750 [grpc-default-executor-0] INFO  server.RaftServer$Division (RaftServerImpl.java:requestVote(1421)) - 9019234a-c2b6-4680-845a-06c77c29e11d@group-7EEFE1CEDC2A: receive requestVote(ELECTION, 22a54b65-5ca6-44f1-bc2a-71bde50d2f1b, group-7EEFE1CEDC2A, 1, <PROTO_DEFAULT>)
2025-07-11 13:51:43,750 [afe7fe1f-1d68-4d89-80c2-7ba57cdf2335@group-7EEFE1CEDC2A-FollowerState] INFO  impl.FollowerState (FollowerState.java:runImpl(170)) - afe7fe1f-1d68-4d89-80c2-7ba57cdf2335@group-7EEFE1CEDC2A-FollowerState was interrupted
2025-07-11 13:51:43,750 [grpc-default-executor-0] INFO  impl.VoteContext (VoteContext.java:log(49)) - 9019234a-c2b6-4680-845a-06c77c29e11d@group-7EEFE1CEDC2A-FOLLOWER: accept ELECTION from 22a54b65-5ca6-44f1-bc2a-71bde50d2f1b: our priority 0 <= candidate's priority 1
2025-07-11 13:51:43,751 [grpc-default-executor-0] INFO  server.RaftServer$Division (RaftServerImpl.java:setRole(392)) - 9019234a-c2b6-4680-845a-06c77c29e11d@group-7EEFE1CEDC2A: changes role from  FOLLOWER to FOLLOWER at term 0 for candidate:22a54b65-5ca6-44f1-bc2a-71bde50d2f1b
2025-07-11 13:51:43,751 [grpc-default-executor-0] INFO  impl.RoleInfo (RoleInfo.java:shutdownFollowerState(121)) - 9019234a-c2b6-4680-845a-06c77c29e11d: shutdown 9019234a-c2b6-4680-845a-06c77c29e11d@group-7EEFE1CEDC2A-FollowerState
2025-07-11 13:51:43,751 [grpc-default-executor-0] INFO  impl.RoleInfo (RoleInfo.java:updateAndGet(148)) - 9019234a-c2b6-4680-845a-06c77c29e11d: start 9019234a-c2b6-4680-845a-06c77c29e11d@group-7EEFE1CEDC2A-FollowerState
2025-07-11 13:51:43,750 [grpc-default-executor-2] INFO  server.RaftServer$Division (RaftServerImpl.java:setFirstElection(576)) - afe7fe1f-1d68-4d89-80c2-7ba57cdf2335@group-7EEFE1CEDC2A: set firstElectionSinceStartup to false for candidate:22a54b65-5ca6-44f1-bc2a-71bde50d2f1b
2025-07-11 13:51:43,752 [9019234a-c2b6-4680-845a-06c77c29e11d@group-7EEFE1CEDC2A-FollowerState] INFO  impl.FollowerState (FollowerState.java:runImpl(170)) - 9019234a-c2b6-4680-845a-06c77c29e11d@group-7EEFE1CEDC2A-FollowerState was interrupted
2025-07-11 13:51:43,753 [grpc-default-executor-0] INFO  server.RaftServer$Division (RaftServerImpl.java:requestVote(1455)) - 9019234a-c2b6-4680-845a-06c77c29e11d@group-7EEFE1CEDC2A replies to ELECTION vote request: 22a54b65-5ca6-44f1-bc2a-71bde50d2f1b<-9019234a-c2b6-4680-845a-06c77c29e11d#0:OK-t1-last:<INITIAL_VALUE>. Peer's state: 9019234a-c2b6-4680-845a-06c77c29e11d@group-7EEFE1CEDC2A:t1, leader=null, voted=22a54b65-5ca6-44f1-bc2a-71bde50d2f1b, raftlog=Memoized:9019234a-c2b6-4680-845a-06c77c29e11d@group-7EEFE1CEDC2A-SegmentedRaftLog:OPENED:c-1:lastnull, conf=conf: {index: -1, cur=peers:[22a54b65-5ca6-44f1-bc2a-71bde50d2f1b|127.0.0.1:15023, 9019234a-c2b6-4680-845a-06c77c29e11d|127.0.0.1:15047, afe7fe1f-1d68-4d89-80c2-7ba57cdf2335|127.0.0.1:15031]|listeners:[], old=null}
2025-07-11 13:51:43,753 [grpc-default-executor-2] INFO  server.RaftServer$Division (RaftServerImpl.java:requestVote(1455)) - afe7fe1f-1d68-4d89-80c2-7ba57cdf2335@group-7EEFE1CEDC2A replies to ELECTION vote request: 22a54b65-5ca6-44f1-bc2a-71bde50d2f1b<-afe7fe1f-1d68-4d89-80c2-7ba57cdf2335#0:OK-t1-last:<INITIAL_VALUE>. Peer's state: afe7fe1f-1d68-4d89-80c2-7ba57cdf2335@group-7EEFE1CEDC2A:t1, leader=null, voted=22a54b65-5ca6-44f1-bc2a-71bde50d2f1b, raftlog=Memoized:afe7fe1f-1d68-4d89-80c2-7ba57cdf2335@group-7EEFE1CEDC2A-SegmentedRaftLog:OPENED:c-1:lastnull, conf=conf: {index: -1, cur=peers:[22a54b65-5ca6-44f1-bc2a-71bde50d2f1b|127.0.0.1:15023, 9019234a-c2b6-4680-845a-06c77c29e11d|127.0.0.1:15047, afe7fe1f-1d68-4d89-80c2-7ba57cdf2335|127.0.0.1:15031]|listeners:[], old=null}
2025-07-11 13:51:43,754 [22a54b65-5ca6-44f1-bc2a-71bde50d2f1b@group-7EEFE1CEDC2A-LeaderElection13] INFO  impl.LeaderElection (LeaderElection.java:logAndReturn(206)) - 22a54b65-5ca6-44f1-bc2a-71bde50d2f1b@group-7EEFE1CEDC2A-LeaderElection13: ELECTION PASSED received 1 response(s) and 0 exception(s):
2025-07-11 13:51:43,754 [22a54b65-5ca6-44f1-bc2a-71bde50d2f1b@group-7EEFE1CEDC2A-LeaderElection13] INFO  impl.LeaderElection (LeaderElection.java:logAndReturn(210)) -   Response 0: 22a54b65-5ca6-44f1-bc2a-71bde50d2f1b<-afe7fe1f-1d68-4d89-80c2-7ba57cdf2335#0:OK-t1-last:<INITIAL_VALUE>
2025-07-11 13:51:43,755 [22a54b65-5ca6-44f1-bc2a-71bde50d2f1b@group-7EEFE1CEDC2A-LeaderElection13] INFO  impl.LeaderElection (LeaderElection.java:askForVotes(450)) - 22a54b65-5ca6-44f1-bc2a-71bde50d2f1b@group-7EEFE1CEDC2A-LeaderElection13 ELECTION round 0: result PASSED
2025-07-11 13:51:43,755 [22a54b65-5ca6-44f1-bc2a-71bde50d2f1b@group-7EEFE1CEDC2A-LeaderElection13] INFO  impl.RoleInfo (RoleInfo.java:shutdownLeaderElection(141)) - 22a54b65-5ca6-44f1-bc2a-71bde50d2f1b: shutdown 22a54b65-5ca6-44f1-bc2a-71bde50d2f1b@group-7EEFE1CEDC2A-LeaderElection13
2025-07-11 13:51:43,755 [22a54b65-5ca6-44f1-bc2a-71bde50d2f1b@group-7EEFE1CEDC2A-LeaderElection13] INFO  server.RaftServer$Division (RaftServerImpl.java:setRole(392)) - 22a54b65-5ca6-44f1-bc2a-71bde50d2f1b@group-7EEFE1CEDC2A: changes role from CANDIDATE to LEADER at term 1 for changeToLeader
2025-07-11 13:51:43,755 [22a54b65-5ca6-44f1-bc2a-71bde50d2f1b@group-7EEFE1CEDC2A-LeaderElection13] INFO  server.RaftServerConfigKeys (ConfUtils.java:logFallback(69)) - raft.server.staging.timeout = 15600ms (fallback to raft.server.rpc.timeout.max)
2025-07-11 13:51:43,755 [22a54b65-5ca6-44f1-bc2a-71bde50d2f1b@group-7EEFE1CEDC2A-LeaderElection13] INFO  server.RaftServerConfigKeys (ConfUtils.java:logGet(62)) - raft.server.write.byte-limit = 1024 M (=1073741824) (custom)
2025-07-11 13:51:43,757 [22a54b65-5ca6-44f1-bc2a-71bde50d2f1b@group-7EEFE1CEDC2A-LeaderElection13] INFO  server.RaftServerConfigKeys (ConfUtils.java:logGet(62)) - raft.server.log.appender.buffer.byte-limit = 33554432 (custom)
2025-07-11 13:51:43,758 [22a54b65-5ca6-44f1-bc2a-71bde50d2f1b@group-7EEFE1CEDC2A-LeaderElection13] INFO  server.RaftServerConfigKeys (ConfUtils.java:logGet(62)) - raft.server.log.appender.buffer.byte-limit = 33554432 (custom)
2025-07-11 13:51:43,758 [22a54b65-5ca6-44f1-bc2a-71bde50d2f1b@group-7EEFE1CEDC2A-LeaderElection13] INFO  impl.RoleInfo (RoleInfo.java:updateAndGet(148)) - 22a54b65-5ca6-44f1-bc2a-71bde50d2f1b: start 22a54b65-5ca6-44f1-bc2a-71bde50d2f1b@group-7EEFE1CEDC2A-LeaderStateImpl
2025-07-11 13:51:43,758 [22a54b65-5ca6-44f1-bc2a-71bde50d2f1b@group-7EEFE1CEDC2A-LeaderElection13] INFO  server.RaftServer$Division (RaftServerImpl.java:setFirstElection(576)) - 22a54b65-5ca6-44f1-bc2a-71bde50d2f1b@group-7EEFE1CEDC2A: set firstElectionSinceStartup to false for becomeLeader
2025-07-11 13:51:43,758 [22a54b65-5ca6-44f1-bc2a-71bde50d2f1b@group-7EEFE1CEDC2A-LeaderElection13] INFO  ratis.XceiverServerRatis (XceiverServerRatis.java:handleLeaderChangedNotification(944)) - Leader change notification received for group: group-7EEFE1CEDC2A with new leaderId: 22a54b65-5ca6-44f1-bc2a-71bde50d2f1b
2025-07-11 13:51:43,759 [22a54b65-5ca6-44f1-bc2a-71bde50d2f1b@group-7EEFE1CEDC2A-LeaderElection13] INFO  server.RaftServer$Division (ServerState.java:setLeader(272)) - 22a54b65-5ca6-44f1-bc2a-71bde50d2f1b@group-7EEFE1CEDC2A: change Leader from null to 22a54b65-5ca6-44f1-bc2a-71bde50d2f1b at term 1 for becomeLeader, leader elected after 1100ms
2025-07-11 13:51:43,759 [22a54b65-5ca6-44f1-bc2a-71bde50d2f1b@group-7EEFE1CEDC2A-LeaderElection13] INFO  segmented.SegmentedRaftLogWorker (SegmentedRaftLogWorker.java:startLogSegment(440)) - 22a54b65-5ca6-44f1-bc2a-71bde50d2f1b@group-7EEFE1CEDC2A-SegmentedRaftLogWorker: Starting segment from index:0
2025-07-11 13:51:43,759 [22a54b65-5ca6-44f1-bc2a-71bde50d2f1b@group-7EEFE1CEDC2A-LeaderElection13] INFO  server.RaftServer$Division (ServerState.java:setRaftConf(386)) - 22a54b65-5ca6-44f1-bc2a-71bde50d2f1b@group-7EEFE1CEDC2A: set configuration conf: {index: 0, cur=peers:[22a54b65-5ca6-44f1-bc2a-71bde50d2f1b|127.0.0.1:15023, 9019234a-c2b6-4680-845a-06c77c29e11d|127.0.0.1:15047, afe7fe1f-1d68-4d89-80c2-7ba57cdf2335|127.0.0.1:15031]|listeners:[], old=null}
2025-07-11 13:51:43,762 [22a54b65-5ca6-44f1-bc2a-71bde50d2f1b@group-7EEFE1CEDC2A-SegmentedRaftLogWorker] INFO  segmented.BufferedWriteChannel (BufferedWriteChannel.java:open(61)) - open log_inprogress_0 at position 0
2025-07-11 13:51:43,762 [EventQueue-PipelineReportForPipelineReportHandler] INFO  pipeline.PipelineReportHandler (PipelineReportHandler.java:processPipelineReport(134)) - Opened pipeline Pipeline-3d04797b-7e6e-4ea2-bb3e-7eefe1cedc2a
2025-07-11 13:51:43,768 [grpc-default-executor-2] INFO  ratis.XceiverServerRatis (XceiverServerRatis.java:handleLeaderChangedNotification(944)) - Leader change notification received for group: group-7EEFE1CEDC2A with new leaderId: 22a54b65-5ca6-44f1-bc2a-71bde50d2f1b
2025-07-11 13:51:43,768 [grpc-default-executor-2] INFO  server.RaftServer$Division (ServerState.java:setLeader(272)) - afe7fe1f-1d68-4d89-80c2-7ba57cdf2335@group-7EEFE1CEDC2A: change Leader from null to 22a54b65-5ca6-44f1-bc2a-71bde50d2f1b at term 1 for appendEntries, leader elected after 1143ms
2025-07-11 13:51:43,770 [grpc-default-executor-0] INFO  server.RaftServer$Division (ServerState.java:setRaftConf(386)) - afe7fe1f-1d68-4d89-80c2-7ba57cdf2335@group-7EEFE1CEDC2A: set configuration conf: {index: 0, cur=peers:[22a54b65-5ca6-44f1-bc2a-71bde50d2f1b|127.0.0.1:15023, 9019234a-c2b6-4680-845a-06c77c29e11d|127.0.0.1:15047, afe7fe1f-1d68-4d89-80c2-7ba57cdf2335|127.0.0.1:15031]|listeners:[], old=null}
2025-07-11 13:51:43,770 [grpc-default-executor-0] INFO  segmented.SegmentedRaftLogWorker (SegmentedRaftLogWorker.java:startLogSegment(440)) - afe7fe1f-1d68-4d89-80c2-7ba57cdf2335@group-7EEFE1CEDC2A-SegmentedRaftLogWorker: Starting segment from index:0
2025-07-11 13:51:43,771 [afe7fe1f-1d68-4d89-80c2-7ba57cdf2335@group-7EEFE1CEDC2A-SegmentedRaftLogWorker] INFO  segmented.BufferedWriteChannel (BufferedWriteChannel.java:open(61)) - open log_inprogress_0 at position 0
2025-07-11 13:51:43,772 [grpc-default-executor-0] INFO  ratis.XceiverServerRatis (XceiverServerRatis.java:handleLeaderChangedNotification(944)) - Leader change notification received for group: group-7EEFE1CEDC2A with new leaderId: 22a54b65-5ca6-44f1-bc2a-71bde50d2f1b
2025-07-11 13:51:43,773 [grpc-default-executor-0] INFO  server.RaftServer$Division (ServerState.java:setLeader(272)) - 9019234a-c2b6-4680-845a-06c77c29e11d@group-7EEFE1CEDC2A: change Leader from null to 22a54b65-5ca6-44f1-bc2a-71bde50d2f1b at term 1 for appendEntries, leader elected after 1184ms
2025-07-11 13:51:43,773 [22a54b65-5ca6-44f1-bc2a-71bde50d2f1b@group-7EEFE1CEDC2A-SegmentedRaftLogWorker] INFO  segmented.SegmentedRaftLogWorker (SegmentedRaftLogWorker.java:execute(647)) - 22a54b65-5ca6-44f1-bc2a-71bde50d2f1b@group-7EEFE1CEDC2A-SegmentedRaftLogWorker: created new log segment /home/runner/work/ozone/ozone/hadoop-ozone/integration-test/target/test-dir/MiniOzoneClusterImpl-02f448a6-9fdd-45b6-a527-a8325eb08e52/ozone-meta/datanode-2/ratis/3d04797b-7e6e-4ea2-bb3e-7eefe1cedc2a/current/log_inprogress_0
2025-07-11 13:51:43,773 [grpc-default-executor-2] INFO  server.RaftServer$Division (ServerState.java:setRaftConf(386)) - 9019234a-c2b6-4680-845a-06c77c29e11d@group-7EEFE1CEDC2A: set configuration conf: {index: 0, cur=peers:[22a54b65-5ca6-44f1-bc2a-71bde50d2f1b|127.0.0.1:15023, 9019234a-c2b6-4680-845a-06c77c29e11d|127.0.0.1:15047, afe7fe1f-1d68-4d89-80c2-7ba57cdf2335|127.0.0.1:15031]|listeners:[], old=null}
2025-07-11 13:51:43,774 [grpc-default-executor-2] INFO  segmented.SegmentedRaftLogWorker (SegmentedRaftLogWorker.java:startLogSegment(440)) - 9019234a-c2b6-4680-845a-06c77c29e11d@group-7EEFE1CEDC2A-SegmentedRaftLogWorker: Starting segment from index:0
2025-07-11 13:51:43,775 [9019234a-c2b6-4680-845a-06c77c29e11d@group-7EEFE1CEDC2A-SegmentedRaftLogWorker] INFO  segmented.BufferedWriteChannel (BufferedWriteChannel.java:open(61)) - open log_inprogress_0 at position 0
2025-07-11 13:51:43,785 [afe7fe1f-1d68-4d89-80c2-7ba57cdf2335@group-7EEFE1CEDC2A-SegmentedRaftLogWorker] INFO  segmented.SegmentedRaftLogWorker (SegmentedRaftLogWorker.java:execute(647)) - afe7fe1f-1d68-4d89-80c2-7ba57cdf2335@group-7EEFE1CEDC2A-SegmentedRaftLogWorker: created new log segment /home/runner/work/ozone/ozone/hadoop-ozone/integration-test/target/test-dir/MiniOzoneClusterImpl-02f448a6-9fdd-45b6-a527-a8325eb08e52/ozone-meta/datanode-3/ratis/3d04797b-7e6e-4ea2-bb3e-7eefe1cedc2a/current/log_inprogress_0
2025-07-11 13:51:43,786 [9019234a-c2b6-4680-845a-06c77c29e11d@group-7EEFE1CEDC2A-SegmentedRaftLogWorker] INFO  segmented.SegmentedRaftLogWorker (SegmentedRaftLogWorker.java:execute(647)) - 9019234a-c2b6-4680-845a-06c77c29e11d@group-7EEFE1CEDC2A-SegmentedRaftLogWorker: created new log segment /home/runner/work/ozone/ozone/hadoop-ozone/integration-test/target/test-dir/MiniOzoneClusterImpl-02f448a6-9fdd-45b6-a527-a8325eb08e52/ozone-meta/datanode-5/ratis/3d04797b-7e6e-4ea2-bb3e-7eefe1cedc2a/current/log_inprogress_0
2025-07-11 13:51:43,790 [22a54b65-5ca6-44f1-bc2a-71bde50d2f1b@group-7EEFE1CEDC2A-StateMachineUpdater] INFO  server.RaftServer$Division (LeaderStateImpl.java:checkStartIndex(309)) - Leader 22a54b65-5ca6-44f1-bc2a-71bde50d2f1b@group-7EEFE1CEDC2A-LeaderStateImpl is ready since appliedIndex == startIndex == 0
]]></system-out>
  </testcase>
  <testcase name="testDatanodeUsageInfoContainerCount" classname="org.apache.ozone.test.NonHATests$ContainerOperations" time="0.015">
    <failure message="expected: &lt;26&gt; but was: &lt;27&gt;" type="org.opentest4j.AssertionFailedError"><![CDATA[org.opentest4j.AssertionFailedError: expected: <26> but was: <27>
	at org.apache.hadoop.hdds.scm.TestContainerOperations.testDatanodeUsageInfoContainerCount(TestContainerOperations.java:206)
	at java.base/java.lang.reflect.Method.invoke(Method.java:580)
	at java.base/java.util.ArrayList.forEach(ArrayList.java:1596)
	at java.base/java.util.ArrayList.forEach(ArrayList.java:1596)
	at java.base/java.util.ArrayList.forEach(ArrayList.java:1596)
]]></failure>
  </testcase>
  <testcase name="testListContainerExceedMaxAllowedCountOperations" classname="org.apache.ozone.test.NonHATests$ContainerOperations" time="0.036">
    <system-out><![CDATA[2025-07-11 13:51:43,916 [main] WARN  cli.ContainerOperationClient (ContainerOperationClient.java:listContainer(354)) - Attempting to list 2 containers. However, this exceeds the cluster's current limit of 1. The results will be capped at the maximum allowed count.
]]></system-out>
  </testcase>
  <testcase name="testHealthyNodesCount" classname="org.apache.ozone.test.NonHATests$ContainerOperations" time="0.002"/>
  <testcase name="testNodeOperationalStates" classname="org.apache.ozone.test.NonHATests$ContainerOperations" time="0.014">
    <system-out><![CDATA[2025-07-11 13:51:43,929 [EventQueue-HealthyReadonlyToHealthyNodeForReadOnlyHealthyToHealthyNodeHandler] INFO  node.ReadOnlyHealthyToHealthyNodeHandler (ReadOnlyHealthyToHealthyNodeHandler.java:onMessage(46)) - Datanode afe7fe1f-1d68-4d89-80c2-7ba57cdf2335(localhost/127.0.0.1) moved to HEALTHY state.
2025-07-11 13:51:43,929 [EventQueue-HealthyReadonlyToHealthyNodeForReadOnlyHealthyToHealthyNodeHandler] INFO  pipeline.BackgroundPipelineCreator (BackgroundPipelineCreator.java:notifyEventTriggered(290)) - trigger a one-shot run on RatisPipelineUtilsThread.
2025-07-11 13:51:43,930 [RatisPipelineUtilsThread-0] INFO  pipeline.RatisPipelineProvider (RatisPipelineProvider.java:lambda$create$0(208)) - Sending CreatePipelineCommand for pipeline:Pipeline-068c8919-096c-4c01-95a0-67fd5c315bcd to datanode:22a54b65-5ca6-44f1-bc2a-71bde50d2f1b(localhost/127.0.0.1)
2025-07-11 13:51:43,933 [RatisPipelineUtilsThread-0] INFO  pipeline.BackgroundPipelineCreator (BackgroundPipelineCreator.java:createPipelines(246)) - Created new pipeline Pipeline{ Id: 068c8919-096c-4c01-95a0-67fd5c315bcd, Nodes: [ {22a54b65-5ca6-44f1-bc2a-71bde50d2f1b(localhost/127.0.0.1), ReplicaIndex: 0},], ReplicationConfig: RATIS/ONE, State:ALLOCATED, leaderId:, CreationTimestamp2025-07-11T13:51:43.930527207Z[Etc/UTC]}
2025-07-11 13:51:43,934 [RatisPipelineUtilsThread-0] INFO  pipeline.RatisPipelineProvider (RatisPipelineProvider.java:lambda$create$0(208)) - Sending CreatePipelineCommand for pipeline:Pipeline-9b7d42cb-d6f5-476d-ad26-735e25f14392 to datanode:9019234a-c2b6-4680-845a-06c77c29e11d(localhost/127.0.0.1)
2025-07-11 13:51:43,934 [RatisPipelineUtilsThread-0] INFO  pipeline.RatisPipelineProvider (RatisPipelineProvider.java:lambda$create$0(208)) - Sending CreatePipelineCommand for pipeline:Pipeline-9b7d42cb-d6f5-476d-ad26-735e25f14392 to datanode:8c9ceaf3-a623-4517-98dd-93652c1eae32(localhost/127.0.0.1)
2025-07-11 13:51:43,934 [RatisPipelineUtilsThread-0] INFO  pipeline.RatisPipelineProvider (RatisPipelineProvider.java:lambda$create$0(208)) - Sending CreatePipelineCommand for pipeline:Pipeline-9b7d42cb-d6f5-476d-ad26-735e25f14392 to datanode:c680c818-41b2-424e-92c4-60b93a679607(localhost/127.0.0.1)
2025-07-11 13:51:43,935 [EventQueue-HealthyReadonlyToHealthyNodeForReadOnlyHealthyToHealthyNodeHandler] INFO  node.ReadOnlyHealthyToHealthyNodeHandler (ReadOnlyHealthyToHealthyNodeHandler.java:onMessage(46)) - Datanode afe7fe1f-1d68-4d89-80c2-7ba57cdf2335(localhost/127.0.0.1) moved to HEALTHY state.
2025-07-11 13:51:43,935 [EventQueue-HealthyReadonlyToHealthyNodeForReadOnlyHealthyToHealthyNodeHandler] INFO  pipeline.BackgroundPipelineCreator (BackgroundPipelineCreator.java:notifyEventTriggered(290)) - trigger a one-shot run on RatisPipelineUtilsThread.
2025-07-11 13:51:43,936 [EventQueue-HealthyReadonlyToHealthyNodeForReadOnlyHealthyToHealthyNodeHandler] INFO  node.ReadOnlyHealthyToHealthyNodeHandler (ReadOnlyHealthyToHealthyNodeHandler.java:onMessage(46)) - Datanode afe7fe1f-1d68-4d89-80c2-7ba57cdf2335(localhost/127.0.0.1) moved to HEALTHY state.
2025-07-11 13:51:43,936 [EventQueue-HealthyReadonlyToHealthyNodeForReadOnlyHealthyToHealthyNodeHandler] INFO  pipeline.BackgroundPipelineCreator (BackgroundPipelineCreator.java:notifyEventTriggered(290)) - trigger a one-shot run on RatisPipelineUtilsThread.
2025-07-11 13:51:43,937 [RatisPipelineUtilsThread-0] INFO  pipeline.BackgroundPipelineCreator (BackgroundPipelineCreator.java:createPipelines(246)) - Created new pipeline Pipeline{ Id: 9b7d42cb-d6f5-476d-ad26-735e25f14392, Nodes: [ {9019234a-c2b6-4680-845a-06c77c29e11d(localhost/127.0.0.1), ReplicaIndex: 0}, {8c9ceaf3-a623-4517-98dd-93652c1eae32(localhost/127.0.0.1), ReplicaIndex: 0}, {c680c818-41b2-424e-92c4-60b93a679607(localhost/127.0.0.1), ReplicaIndex: 0},], ReplicationConfig: RATIS/THREE, State:ALLOCATED, leaderId:, CreationTimestamp2025-07-11T13:51:43.934007982Z[Etc/UTC]}
2025-07-11 13:51:43,937 [EventQueue-HealthyReadonlyToHealthyNodeForReadOnlyHealthyToHealthyNodeHandler] INFO  node.ReadOnlyHealthyToHealthyNodeHandler (ReadOnlyHealthyToHealthyNodeHandler.java:onMessage(46)) - Datanode afe7fe1f-1d68-4d89-80c2-7ba57cdf2335(localhost/127.0.0.1) moved to HEALTHY state.
2025-07-11 13:51:43,937 [EventQueue-HealthyReadonlyToHealthyNodeForReadOnlyHealthyToHealthyNodeHandler] INFO  pipeline.BackgroundPipelineCreator (BackgroundPipelineCreator.java:notifyEventTriggered(290)) - trigger a one-shot run on RatisPipelineUtilsThread.
2025-07-11 13:51:43,937 [RatisPipelineUtilsThread-0] INFO  pipeline.RatisPipelineProvider (RatisPipelineProvider.java:lambda$create$0(208)) - Sending CreatePipelineCommand for pipeline:Pipeline-d2c148d3-2a49-4855-bf3c-e9d133462b12 to datanode:c680c818-41b2-424e-92c4-60b93a679607(localhost/127.0.0.1)
2025-07-11 13:51:43,939 [EventQueue-HealthyReadonlyToHealthyNodeForReadOnlyHealthyToHealthyNodeHandler] INFO  node.ReadOnlyHealthyToHealthyNodeHandler (ReadOnlyHealthyToHealthyNodeHandler.java:onMessage(46)) - Datanode afe7fe1f-1d68-4d89-80c2-7ba57cdf2335(localhost/127.0.0.1) moved to HEALTHY state.
2025-07-11 13:51:43,939 [EventQueue-HealthyReadonlyToHealthyNodeForReadOnlyHealthyToHealthyNodeHandler] INFO  pipeline.BackgroundPipelineCreator (BackgroundPipelineCreator.java:notifyEventTriggered(290)) - trigger a one-shot run on RatisPipelineUtilsThread.
2025-07-11 13:51:43,940 [EventQueue-HealthyReadonlyToHealthyNodeForReadOnlyHealthyToHealthyNodeHandler] INFO  node.ReadOnlyHealthyToHealthyNodeHandler (ReadOnlyHealthyToHealthyNodeHandler.java:onMessage(46)) - Datanode afe7fe1f-1d68-4d89-80c2-7ba57cdf2335(localhost/127.0.0.1) moved to HEALTHY state.
2025-07-11 13:51:43,940 [EventQueue-HealthyReadonlyToHealthyNodeForReadOnlyHealthyToHealthyNodeHandler] INFO  pipeline.BackgroundPipelineCreator (BackgroundPipelineCreator.java:notifyEventTriggered(290)) - trigger a one-shot run on RatisPipelineUtilsThread.
2025-07-11 13:51:43,940 [RatisPipelineUtilsThread-0] INFO  pipeline.BackgroundPipelineCreator (BackgroundPipelineCreator.java:createPipelines(246)) - Created new pipeline Pipeline{ Id: d2c148d3-2a49-4855-bf3c-e9d133462b12, Nodes: [ {c680c818-41b2-424e-92c4-60b93a679607(localhost/127.0.0.1), ReplicaIndex: 0},], ReplicationConfig: RATIS/ONE, State:ALLOCATED, leaderId:, CreationTimestamp2025-07-11T13:51:43.937941604Z[Etc/UTC]}
]]></system-out>
  </testcase>
  <testcase name="testDatanodeUsageInfoCompatibility" classname="org.apache.ozone.test.NonHATests$ContainerOperations" time="0.007">
    <system-out><![CDATA[2025-07-11 13:51:43,942 [EventQueue-HealthyReadonlyToHealthyNodeForReadOnlyHealthyToHealthyNodeHandler] INFO  node.ReadOnlyHealthyToHealthyNodeHandler (ReadOnlyHealthyToHealthyNodeHandler.java:onMessage(46)) - Datanode afe7fe1f-1d68-4d89-80c2-7ba57cdf2335(localhost/127.0.0.1) moved to HEALTHY state.
2025-07-11 13:51:43,943 [EventQueue-HealthyReadonlyToHealthyNodeForReadOnlyHealthyToHealthyNodeHandler] INFO  pipeline.BackgroundPipelineCreator (BackgroundPipelineCreator.java:notifyEventTriggered(290)) - trigger a one-shot run on RatisPipelineUtilsThread.
2025-07-11 13:51:43,945 [RatisPipelineUtilsThread-0] INFO  pipeline.RatisPipelineProvider (RatisPipelineProvider.java:lambda$create$0(208)) - Sending CreatePipelineCommand for pipeline:Pipeline-eb6064ab-2f64-4966-8679-5fd9a221d291 to datanode:22a54b65-5ca6-44f1-bc2a-71bde50d2f1b(localhost/127.0.0.1)
2025-07-11 13:51:43,946 [RatisPipelineUtilsThread-0] INFO  pipeline.RatisPipelineProvider (RatisPipelineProvider.java:lambda$create$0(208)) - Sending CreatePipelineCommand for pipeline:Pipeline-eb6064ab-2f64-4966-8679-5fd9a221d291 to datanode:c680c818-41b2-424e-92c4-60b93a679607(localhost/127.0.0.1)
2025-07-11 13:51:43,946 [RatisPipelineUtilsThread-0] INFO  pipeline.RatisPipelineProvider (RatisPipelineProvider.java:lambda$create$0(208)) - Sending CreatePipelineCommand for pipeline:Pipeline-eb6064ab-2f64-4966-8679-5fd9a221d291 to datanode:8c9ceaf3-a623-4517-98dd-93652c1eae32(localhost/127.0.0.1)
2025-07-11 13:51:43,949 [RatisPipelineUtilsThread-0] INFO  pipeline.BackgroundPipelineCreator (BackgroundPipelineCreator.java:createPipelines(246)) - Created new pipeline Pipeline{ Id: eb6064ab-2f64-4966-8679-5fd9a221d291, Nodes: [ {22a54b65-5ca6-44f1-bc2a-71bde50d2f1b(localhost/127.0.0.1), ReplicaIndex: 0}, {c680c818-41b2-424e-92c4-60b93a679607(localhost/127.0.0.1), ReplicaIndex: 0}, {8c9ceaf3-a623-4517-98dd-93652c1eae32(localhost/127.0.0.1), ReplicaIndex: 0},], ReplicationConfig: RATIS/THREE, State:ALLOCATED, leaderId:, CreationTimestamp2025-07-11T13:51:43.945480313Z[Etc/UTC]}
]]></system-out>
  </testcase>
  <testcase name="testGetPipeline" classname="org.apache.ozone.test.NonHATests$ContainerOperations" time="0.016">
    <system-out><![CDATA[2025-07-11T13:51:43.957047960Z IPC Server handler 48 on default port 15000 ERROR user=runner | ip=127.0.0.1 | op=GET_PIPELINE {pipelineID=12b5f5ac-4203-4f81-be02-6fedbf6ea1e0} | ret=FAILURE
org.apache.hadoop.hdds.scm.pipeline.PipelineNotFoundException: Pipeline-12b5f5ac-4203-4f81-be02-6fedbf6ea1e0 not found
	at org.apache.hadoop.hdds.scm.pipeline.PipelineStateMap.getPipeline(PipelineStateMap.java:150)
	at org.apache.hadoop.hdds.scm.pipeline.PipelineStateManagerImpl.getPipeline(PipelineStateManagerImpl.java:133)
	at java.base/jdk.internal.reflect.DirectMethodHandleAccessor.invoke(DirectMethodHandleAccessor.java:103)
	at java.base/java.lang.reflect.Method.invoke(Method.java:580)
	at org.apache.hadoop.hdds.scm.ha.SCMHAInvocationHandler.invokeLocal(SCMHAInvocationHandler.java:90)
	at org.apache.hadoop.hdds.scm.ha.SCMHAInvocationHandler.invoke(SCMHAInvocationHandler.java:73)
	at jdk.proxy2/jdk.proxy2.$Proxy51.getPipeline(Unknown Source)
	at org.apache.hadoop.hdds.scm.pipeline.PipelineManagerImpl.getPipeline(PipelineManagerImpl.java:336)
	at org.apache.hadoop.hdds.scm.server.SCMClientProtocolServer.getPipeline(SCMClientProtocolServer.java:836)
	at org.apache.hadoop.hdds.scm.protocol.StorageContainerLocationProtocolServerSideTranslatorPB.getPipeline(StorageContainerLocationProtocolServerSideTranslatorPB.java:979)
	at org.apache.hadoop.hdds.scm.protocol.StorageContainerLocationProtocolServerSideTranslatorPB.processRequest(StorageContainerLocationProtocolServerSideTranslatorPB.java:618)
	at org.apache.hadoop.hdds.server.OzoneProtocolMessageDispatcher.processRequest(OzoneProtocolMessageDispatcher.java:87)
	at org.apache.hadoop.hdds.scm.protocol.StorageContainerLocationProtocolServerSideTranslatorPB.submitRequest(StorageContainerLocationProtocolServerSideTranslatorPB.java:236)
	at org.apache.hadoop.hdds.protocol.proto.StorageContainerLocationProtocolProtos$StorageContainerLocationProtocolService$2.callBlockingMethod(StorageContainerLocationProtocolProtos.java)
	at org.apache.hadoop.ipc.ProtobufRpcEngine$Server.processCall(ProtobufRpcEngine.java:484)
	at org.apache.hadoop.ipc.ProtobufRpcEngine2$Server$ProtoBufRpcInvoker.call(ProtobufRpcEngine2.java:595)
	at org.apache.hadoop.ipc.ProtobufRpcEngine2$Server$ProtoBufRpcInvoker.call(ProtobufRpcEngine2.java:573)
	at org.apache.hadoop.ipc.RPC$Server.call(RPC.java:1227)
	at org.apache.hadoop.ipc.Server$RpcCall.run(Server.java:1246)
	at org.apache.hadoop.ipc.Server$RpcCall.run(Server.java:1169)
	at java.base/java.security.AccessController.doPrivileged(AccessController.java:714)
	at java.base/javax.security.auth.Subject.doAs(Subject.java:525)
	at org.apache.hadoop.security.UserGroupInformation.doAs(UserGroupInformation.java:1953)
	at org.apache.hadoop.ipc.Server$Handler.run(Server.java:3198)
2025-07-11 13:51:43,957 [IPC Server handler 48 on default port 15000] INFO  ipc.Server (Server.java:logException(3260)) - IPC Server handler 48 on default port 15000, call Call#3908 Retry#0 org.apache.hadoop.hdds.scm.protocol.StorageContainerLocationProtocol.submitRequest from 127.0.0.1:54610
org.apache.hadoop.hdds.scm.pipeline.PipelineNotFoundException: Pipeline-12b5f5ac-4203-4f81-be02-6fedbf6ea1e0 not found
	at org.apache.hadoop.hdds.scm.pipeline.PipelineStateMap.getPipeline(PipelineStateMap.java:150)
	at org.apache.hadoop.hdds.scm.pipeline.PipelineStateManagerImpl.getPipeline(PipelineStateManagerImpl.java:133)
	at java.base/jdk.internal.reflect.DirectMethodHandleAccessor.invoke(DirectMethodHandleAccessor.java:103)
	at java.base/java.lang.reflect.Method.invoke(Method.java:580)
	at org.apache.hadoop.hdds.scm.ha.SCMHAInvocationHandler.invokeLocal(SCMHAInvocationHandler.java:90)
	at org.apache.hadoop.hdds.scm.ha.SCMHAInvocationHandler.invoke(SCMHAInvocationHandler.java:73)
	at jdk.proxy2/jdk.proxy2.$Proxy51.getPipeline(Unknown Source)
	at org.apache.hadoop.hdds.scm.pipeline.PipelineManagerImpl.getPipeline(PipelineManagerImpl.java:336)
	at org.apache.hadoop.hdds.scm.server.SCMClientProtocolServer.getPipeline(SCMClientProtocolServer.java:836)
	at org.apache.hadoop.hdds.scm.protocol.StorageContainerLocationProtocolServerSideTranslatorPB.getPipeline(StorageContainerLocationProtocolServerSideTranslatorPB.java:979)
	at org.apache.hadoop.hdds.scm.protocol.StorageContainerLocationProtocolServerSideTranslatorPB.processRequest(StorageContainerLocationProtocolServerSideTranslatorPB.java:618)
	at org.apache.hadoop.hdds.server.OzoneProtocolMessageDispatcher.processRequest(OzoneProtocolMessageDispatcher.java:87)
	at org.apache.hadoop.hdds.scm.protocol.StorageContainerLocationProtocolServerSideTranslatorPB.submitRequest(StorageContainerLocationProtocolServerSideTranslatorPB.java:236)
	at org.apache.hadoop.hdds.protocol.proto.StorageContainerLocationProtocolProtos$StorageContainerLocationProtocolService$2.callBlockingMethod(StorageContainerLocationProtocolProtos.java)
	at org.apache.hadoop.ipc.ProtobufRpcEngine$Server.processCall(ProtobufRpcEngine.java:484)
	at org.apache.hadoop.ipc.ProtobufRpcEngine2$Server$ProtoBufRpcInvoker.call(ProtobufRpcEngine2.java:595)
	at org.apache.hadoop.ipc.ProtobufRpcEngine2$Server$ProtoBufRpcInvoker.call(ProtobufRpcEngine2.java:573)
	at org.apache.hadoop.ipc.RPC$Server.call(RPC.java:1227)
	at org.apache.hadoop.ipc.Server$RpcCall.run(Server.java:1246)
	at org.apache.hadoop.ipc.Server$RpcCall.run(Server.java:1169)
	at java.base/java.security.AccessController.doPrivileged(AccessController.java:714)
	at java.base/javax.security.auth.Subject.doAs(Subject.java:525)
	at org.apache.hadoop.security.UserGroupInformation.doAs(UserGroupInformation.java:1953)
	at org.apache.hadoop.ipc.Server$Handler.run(Server.java:3198)
]]></system-out>
  </testcase>
  <testcase name="testCreate" classname="org.apache.ozone.test.NonHATests$ContainerOperations" time="0.018"/>
  <testcase name="testContainerStateMachineIdempotency" classname="org.apache.ozone.test.NonHATests$ContainerOperations" time="0.064">
    <system-out><![CDATA[2025-07-11 13:51:44,021 [afe7fe1f-1d68-4d89-80c2-7ba57cdf2335-ChunkReader-7] WARN  helpers.ChunkUtils (ChunkUtils.java:validateChunkForOverwrite(378)) - Duplicate write chunk request. Chunk overwrite without explicit request. ChunkInfo{chunkName='114834925420675338.data.0, offset=0, len=1733}
2025-07-11 13:51:44,036 [afe7fe1f-1d68-4d89-80c2-7ba57cdf2335-ChunkReader-5] WARN  keyvalue.KeyValueHandler (KeyValueHandler.java:updateAndGetContainerChecksum(1451)) - Container data checksum updated from 0 to 74516f74
2025-07-11 13:51:44,038 [afe7fe1f-1d68-4d89-80c2-7ba57cdf2335-ChunkReader-5] INFO  keyvalue.KeyValueContainer (KeyValueContainer.java:flushAndSyncDB(514)) - Synced container: KeyValueContainerData #70 (CLOSING, non-empty, ri=0, origin=[dn_afe7fe1f-1d68-4d89-80c2-7ba57cdf2335, pipeline_])
2025-07-11 13:51:44,038 [afe7fe1f-1d68-4d89-80c2-7ba57cdf2335-ChunkReader-5] INFO  keyvalue.KeyValueContainer (KeyValueContainer.java:flushAndSyncDB(514)) - Synced container: KeyValueContainerData #70 (CLOSING, non-empty, ri=0, origin=[dn_afe7fe1f-1d68-4d89-80c2-7ba57cdf2335, pipeline_])
2025-07-11 13:51:44,040 [FixedThreadPoolWithAffinityExecutor-0-0] INFO  container.IncrementalContainerReportHandler (AbstractContainerReportHandler.java:updateContainerState(253)) - FINALIZE (i.e. CLOSING) Container #70 (OPEN, sid=0) r0 (CLOSING, bcsid=0, origin=afe7fe1f-1d68-4d89-80c2-7ba57cdf2335, non-empty) from dn afe7fe1f-1d68-4d89-80c2-7ba57cdf2335(localhost/127.0.0.1)
2025-07-11 13:51:44,042 [afe7fe1f-1d68-4d89-80c2-7ba57cdf2335-ChunkReader-5] INFO  keyvalue.KeyValueContainer (KeyValueContainer.java:close(430)) - Closed container: KeyValueContainerData #70 (CLOSED, non-empty, ri=0, origin=[dn_afe7fe1f-1d68-4d89-80c2-7ba57cdf2335, pipeline_])
2025-07-11 13:51:44,044 [FixedThreadPoolWithAffinityExecutor-0-0] INFO  container.IncrementalContainerReportHandler (AbstractContainerReportHandler.java:updateContainerState(289)) - CLOSE Container #70 (CLOSING, sid=0) r0 (CLOSED, bcsid=0, origin=afe7fe1f-1d68-4d89-80c2-7ba57cdf2335, non-empty) from dn afe7fe1f-1d68-4d89-80c2-7ba57cdf2335(localhost/127.0.0.1)
]]></system-out>
  </testcase>
</testsuite>