<?xml version="1.0" encoding="UTF-8"?>
<testsuite xmlns:xsi="http://www.w3.org/2001/XMLSchema-instance" xsi:noNamespaceSchemaLocation="https://maven.apache.org/surefire/maven-surefire-plugin/xsd/surefire-test-report.xsd" name="org.apache.hadoop.ozone.scm.TestSCMInstallSnapshotWithHA" time="203.657" tests="3" errors="0" skipped="0" failures="1">
  <properties>
    <property name="awt.toolkit" value="sun.awt.X11.XToolkit"/>
    <property name="file.encoding.pkg" value="sun.io"/>
    <property name="java.specification.version" value="1.8"/>
    <property name="sun.cpu.isalist" value=""/>
    <property name="sun.jnu.encoding" value="UTF-8"/>
    <property name="java.class.path" value="/home/runner/work/ozone/ozone/hadoop-ozone/integration-test/target/test-classes:/home/runner/work/ozone/ozone/hadoop-ozone/integration-test/target/classes:/home/runner/.m2/repository/org/apache/ozone/ozone-common/1.2.0-SNAPSHOT/ozone-common-1.2.0-SNAPSHOT.jar:/home/runner/.m2/repository/org/apache/commons/commons-compress/1.20/commons-compress-1.20.jar:/home/runner/.m2/repository/org/apache/ozone/hdds-common/1.2.0-SNAPSHOT/hdds-common-1.2.0-SNAPSHOT.jar:/home/runner/.m2/repository/org/apache/ozone/hdds-client/1.2.0-SNAPSHOT/hdds-client-1.2.0-SNAPSHOT.jar:/home/runner/.m2/repository/org/apache/ozone/ozone-interface-client/1.2.0-SNAPSHOT/ozone-interface-client-1.2.0-SNAPSHOT.jar:/home/runner/.m2/repository/org/apache/ozone/hdds-server-framework/1.2.0-SNAPSHOT/hdds-server-framework-1.2.0-SNAPSHOT.jar:/home/runner/.m2/repository/org/apache/ozone/hdds-interface-server/1.2.0-SNAPSHOT/hdds-interface-server-1.2.0-SNAPSHOT.jar:/home/runner/.m2/repository/org/eclipse/jetty/jetty-servlet/9.4.43.v20210629/jetty-servlet-9.4.43.v20210629.jar:/home/runner/.m2/repository/org/eclipse/jetty/jetty-security/9.4.43.v20210629/jetty-security-9.4.43.v20210629.jar:/home/runner/.m2/repository/org/rocksdb/rocksdbjni/6.20.3/rocksdbjni-6.20.3.jar:/home/runner/.m2/repository/io/prometheus/simpleclient_dropwizard/0.7.0/simpleclient_dropwizard-0.7.0.jar:/home/runner/.m2/repository/io/prometheus/simpleclient/0.7.0/simpleclient-0.7.0.jar:/home/runner/.m2/repository/io/prometheus/simpleclient_common/0.7.0/simpleclient_common-0.7.0.jar:/home/runner/.m2/repository/com/fasterxml/jackson/datatype/jackson-datatype-jsr310/2.12.1/jackson-datatype-jsr310-2.12.1.jar:/home/runner/.m2/repository/org/apache/ozone/hdds-test-utils/1.2.0-SNAPSHOT/hdds-test-utils-1.2.0-SNAPSHOT.jar:/home/runner/.m2/repository/com/google/guava/guava/30.1.1-jre/guava-30.1.1-jre.jar:/home/runner/.m2/repository/com/google/guava/failureaccess/1.0.1/failureaccess-1.0.1.jar:/home/runner/.m2/repository/com/google/guava/listenablefuture/9999.0-empty-to-avoid-conflict-with-guava/listenablefuture-9999.0-empty-to-avoid-conflict-with-guava.jar:/home/runner/.m2/repository/com/google/code/findbugs/jsr305/3.0.0/jsr305-3.0.0.jar:/home/runner/.m2/repository/org/checkerframework/checker-qual/3.8.0/checker-qual-3.8.0.jar:/home/runner/.m2/repository/com/google/errorprone/error_prone_annotations/2.2.0/error_prone_annotations-2.2.0.jar:/home/runner/.m2/repository/com/google/j2objc/j2objc-annotations/1.3/j2objc-annotations-1.3.jar:/home/runner/.m2/repository/commons-io/commons-io/2.8.0/commons-io-2.8.0.jar:/home/runner/.m2/repository/commons-logging/commons-logging/1.2/commons-logging-1.2.jar:/home/runner/.m2/repository/log4j/log4j/1.2.17/log4j-1.2.17.jar:/home/runner/.m2/repository/org/slf4j/slf4j-api/1.7.30/slf4j-api-1.7.30.jar:/home/runner/.m2/repository/org/apache/ozone/hdds-server-scm/1.2.0-SNAPSHOT/hdds-server-scm-1.2.0-SNAPSHOT.jar:/home/runner/.m2/repository/org/apache/ozone/hdds-container-service/1.2.0-SNAPSHOT/hdds-container-service-1.2.0-SNAPSHOT.jar:/home/runner/.m2/repository/org/apache/ozone/hdds-hadoop-dependency-server/1.2.0-SNAPSHOT/hdds-hadoop-dependency-server-1.2.0-SNAPSHOT.jar:/home/runner/.m2/repository/org/apache/hadoop/hadoop-hdfs/3.3.1/hadoop-hdfs-3.3.1.jar:/home/runner/.m2/repository/io/dropwizard/metrics/metrics-core/3.2.4/metrics-core-3.2.4.jar:/home/runner/.m2/repository/org/apache/hadoop/hadoop-hdfs-client/3.3.1/hadoop-hdfs-client-3.3.1.jar:/home/runner/.m2/repository/org/bouncycastle/bcprov-jdk15on/1.67/bcprov-jdk15on-1.67.jar:/home/runner/.m2/repository/com/google/protobuf/protobuf-java/2.5.0/protobuf-java-2.5.0.jar:/home/runner/.m2/repository/org/apache/ozone/ozone-manager/1.2.0-SNAPSHOT/ozone-manager-1.2.0-SNAPSHOT.jar:/home/runner/.m2/repository/org/aspectj/aspectjrt/1.9.7/aspectjrt-1.9.7.jar:/home/runner/.m2/repository/org/aspectj/aspectjweaver/1.9.7/aspectjweaver-1.9.7.jar:/home/runner/.m2/repository/org/apache/ozone/hdds-interface-client/1.2.0-SNAPSHOT/hdds-interface-client-1.2.0-SNAPSHOT.jar:/home/runner/.m2/repository/org/apache/hadoop/thirdparty/hadoop-shaded-protobuf_3_7/1.1.1/hadoop-shaded-protobuf_3_7-1.1.1.jar:/home/runner/.m2/repository/org/apache/ozone/ozone-interface-storage/1.2.0-SNAPSHOT/ozone-interface-storage-1.2.0-SNAPSHOT.jar:/home/runner/.m2/repository/org/reflections/reflections/0.9.11/reflections-0.9.11.jar:/home/runner/.m2/repository/org/apache/hadoop/hadoop-minikdc/3.3.1/hadoop-minikdc-3.3.1.jar:/home/runner/.m2/repository/org/apache/kerby/kerb-simplekdc/1.0.1/kerb-simplekdc-1.0.1.jar:/home/runner/.m2/repository/org/apache/kerby/kerb-client/1.0.1/kerb-client-1.0.1.jar:/home/runner/.m2/repository/org/apache/kerby/kerby-config/1.0.1/kerby-config-1.0.1.jar:/home/runner/.m2/repository/org/apache/kerby/kerb-common/1.0.1/kerb-common-1.0.1.jar:/home/runner/.m2/repository/org/apache/kerby/kerb-crypto/1.0.1/kerb-crypto-1.0.1.jar:/home/runner/.m2/repository/org/apache/kerby/kerb-util/1.0.1/kerb-util-1.0.1.jar:/home/runner/.m2/repository/org/apache/kerby/token-provider/1.0.1/token-provider-1.0.1.jar:/home/runner/.m2/repository/org/apache/kerby/kerb-admin/1.0.1/kerb-admin-1.0.1.jar:/home/runner/.m2/repository/org/apache/kerby/kerb-server/1.0.1/kerb-server-1.0.1.jar:/home/runner/.m2/repository/org/apache/kerby/kerb-identity/1.0.1/kerb-identity-1.0.1.jar:/home/runner/.m2/repository/org/apache/kerby/kerby-xdr/1.0.1/kerby-xdr-1.0.1.jar:/home/runner/.m2/repository/org/slf4j/slf4j-log4j12/1.7.30/slf4j-log4j12-1.7.30.jar:/home/runner/.m2/repository/org/apache/ozone/ozone-s3gateway/1.2.0-SNAPSHOT/ozone-s3gateway-1.2.0-SNAPSHOT.jar:/home/runner/.m2/repository/org/javassist/javassist/3.21.0-GA/javassist-3.21.0-GA.jar:/home/runner/.m2/repository/org/jboss/weld/servlet/weld-servlet/2.4.7.Final/weld-servlet-2.4.7.Final.jar:/home/runner/.m2/repository/org/glassfish/jersey/containers/jersey-container-servlet-core/2.33/jersey-container-servlet-core-2.33.jar:/home/runner/.m2/repository/org/glassfish/hk2/external/jakarta.inject/2.6.1/jakarta.inject-2.6.1.jar:/home/runner/.m2/repository/org/glassfish/jersey/core/jersey-common/2.33/jersey-common-2.33.jar:/home/runner/.m2/repository/jakarta/ws/rs/jakarta.ws.rs-api/2.1.6/jakarta.ws.rs-api-2.1.6.jar:/home/runner/.m2/repository/org/glassfish/jersey/ext/cdi/jersey-cdi1x/2.33/jersey-cdi1x-2.33.jar:/home/runner/.m2/repository/org/glassfish/jersey/inject/jersey-hk2/2.33/jersey-hk2-2.33.jar:/home/runner/.m2/repository/org/glassfish/hk2/hk2-locator/2.6.1/hk2-locator-2.6.1.jar:/home/runner/.m2/repository/org/glassfish/jersey/media/jersey-media-jaxb/2.33/jersey-media-jaxb-2.33.jar:/home/runner/.m2/repository/org/glassfish/hk2/osgi-resource-locator/1.0.3/osgi-resource-locator-1.0.3.jar:/home/runner/.m2/repository/org/glassfish/hk2/hk2-api/2.5.0/hk2-api-2.5.0.jar:/home/runner/.m2/repository/org/glassfish/hk2/hk2-utils/2.5.0/hk2-utils-2.5.0.jar:/home/runner/.m2/repository/org/glassfish/hk2/external/aopalliance-repackaged/2.5.0/aopalliance-repackaged-2.5.0.jar:/home/runner/.m2/repository/com/fasterxml/jackson/dataformat/jackson-dataformat-xml/2.12.1/jackson-dataformat-xml-2.12.1.jar:/home/runner/.m2/repository/com/fasterxml/jackson/core/jackson-core/2.12.1/jackson-core-2.12.1.jar:/home/runner/.m2/repository/com/fasterxml/jackson/module/jackson-module-jaxb-annotations/2.12.1/jackson-module-jaxb-annotations-2.12.1.jar:/home/runner/.m2/repository/jakarta/xml/bind/jakarta.xml.bind-api/2.3.2/jakarta.xml.bind-api-2.3.2.jar:/home/runner/.m2/repository/org/codehaus/woodstox/stax2-api/3.1.4/stax2-api-3.1.4.jar:/home/runner/.m2/repository/com/fasterxml/woodstox/woodstox-core/5.0.3/woodstox-core-5.0.3.jar:/home/runner/.m2/repository/javax/enterprise/cdi-api/1.2/cdi-api-1.2.jar:/home/runner/.m2/repository/javax/el/javax.el-api/3.0.0/javax.el-api-3.0.0.jar:/home/runner/.m2/repository/javax/interceptor/javax.interceptor-api/1.2/javax.interceptor-api-1.2.jar:/home/runner/.m2/repository/javax/inject/javax.inject/1/javax.inject-1.jar:/home/runner/.m2/repository/javax/xml/bind/jaxb-api/2.3.0/jaxb-api-2.3.0.jar:/home/runner/.m2/repository/org/glassfish/jaxb/jaxb-runtime/2.3.0.1/jaxb-runtime-2.3.0.1.jar:/home/runner/.m2/repository/org/glassfish/jaxb/jaxb-core/2.3.0.1/jaxb-core-2.3.0.1.jar:/home/runner/.m2/repository/org/glassfish/jaxb/txw2/2.3.0.1/txw2-2.3.0.1.jar:/home/runner/.m2/repository/com/sun/istack/istack-commons-runtime/3.0.5/istack-commons-runtime-3.0.5.jar:/home/runner/.m2/repository/org/jvnet/staxex/stax-ex/1.7.8/stax-ex-1.7.8.jar:/home/runner/.m2/repository/com/sun/xml/fastinfoset/FastInfoset/1.2.13/FastInfoset-1.2.13.jar:/home/runner/.m2/repository/javax/activation/activation/1.1.1/activation-1.1.1.jar:/home/runner/.m2/repository/org/apache/ozone/ozone-csi/1.2.0-SNAPSHOT/ozone-csi-1.2.0-SNAPSHOT.jar:/home/runner/.m2/repository/com/google/protobuf/protobuf-java-util/3.12.0/protobuf-java-util-3.12.0.jar:/home/runner/.m2/repository/com/google/code/gson/gson/2.2.4/gson-2.2.4.jar:/home/runner/.m2/repository/org/apache/ozone/hdds-config/1.2.0-SNAPSHOT/hdds-config-1.2.0-SNAPSHOT.jar:/home/runner/.m2/repository/io/grpc/grpc-netty/1.33.0/grpc-netty-1.33.0.jar:/home/runner/.m2/repository/io/grpc/grpc-core/1.33.0/grpc-core-1.33.0.jar:/home/runner/.m2/repository/com/google/android/annotations/4.1.1.4/annotations-4.1.1.4.jar:/home/runner/.m2/repository/io/netty/netty-codec-http2/4.1.63.Final/netty-codec-http2-4.1.63.Final.jar:/home/runner/.m2/repository/io/netty/netty-codec-http/4.1.63.Final/netty-codec-http-4.1.63.Final.jar:/home/runner/.m2/repository/io/netty/netty-handler-proxy/4.1.63.Final/netty-handler-proxy-4.1.63.Final.jar:/home/runner/.m2/repository/io/netty/netty-codec-socks/4.1.63.Final/netty-codec-socks-4.1.63.Final.jar:/home/runner/.m2/repository/io/perfmark/perfmark-api/0.19.0/perfmark-api-0.19.0.jar:/home/runner/.m2/repository/org/codehaus/mojo/animal-sniffer-annotations/1.18/animal-sniffer-annotations-1.18.jar:/home/runner/.m2/repository/io/netty/netty-transport-native-epoll/4.1.63.Final/netty-transport-native-epoll-4.1.63.Final.jar:/home/runner/.m2/repository/io/netty/netty-common/4.1.63.Final/netty-common-4.1.63.Final.jar:/home/runner/.m2/repository/io/netty/netty-buffer/4.1.63.Final/netty-buffer-4.1.63.Final.jar:/home/runner/.m2/repository/io/netty/netty-transport-native-unix-common/4.1.63.Final/netty-transport-native-unix-common-4.1.63.Final.jar:/home/runner/.m2/repository/io/grpc/grpc-protobuf/1.33.0/grpc-protobuf-1.33.0.jar:/home/runner/.m2/repository/io/grpc/grpc-api/1.33.0/grpc-api-1.33.0.jar:/home/runner/.m2/repository/io/grpc/grpc-context/1.33.0/grpc-context-1.33.0.jar:/home/runner/.m2/repository/com/google/api/grpc/proto-google-common-protos/1.17.0/proto-google-common-protos-1.17.0.jar:/home/runner/.m2/repository/io/grpc/grpc-protobuf-lite/1.33.0/grpc-protobuf-lite-1.33.0.jar:/home/runner/.m2/repository/io/grpc/grpc-stub/1.33.0/grpc-stub-1.33.0.jar:/home/runner/.m2/repository/org/apache/ozone/ozone-recon/1.2.0-SNAPSHOT/ozone-recon-1.2.0-SNAPSHOT.jar:/home/runner/.m2/repository/org/apache/ozone/ozone-reconcodegen/1.2.0-SNAPSHOT/ozone-reconcodegen-1.2.0-SNAPSHOT.jar:/home/runner/.m2/repository/com/google/inject/extensions/guice-multibindings/4.0/guice-multibindings-4.0.jar:/home/runner/.m2/repository/com/google/inject/guice/4.0/guice-4.0.jar:/home/runner/.m2/repository/aopalliance/aopalliance/1.0/aopalliance-1.0.jar:/home/runner/.m2/repository/com/google/inject/extensions/guice-assistedinject/4.0/guice-assistedinject-4.0.jar:/home/runner/.m2/repository/com/google/inject/extensions/guice-servlet/4.0/guice-servlet-4.0.jar:/home/runner/.m2/repository/org/glassfish/jersey/containers/jersey-container-servlet/2.33/jersey-container-servlet-2.33.jar:/home/runner/.m2/repository/org/glassfish/hk2/guice-bridge/2.5.0/guice-bridge-2.5.0.jar:/home/runner/.m2/repository/org/glassfish/jersey/core/jersey-server/2.33/jersey-server-2.33.jar:/home/runner/.m2/repository/org/glassfish/jersey/core/jersey-client/2.33/jersey-client-2.33.jar:/home/runner/.m2/repository/jakarta/annotation/jakarta.annotation-api/1.3.5/jakarta.annotation-api-1.3.5.jar:/home/runner/.m2/repository/jakarta/validation/jakarta.validation-api/2.0.2/jakarta.validation-api-2.0.2.jar:/home/runner/.m2/repository/org/glassfish/jersey/media/jersey-media-json-jackson/2.33/jersey-media-json-jackson-2.33.jar:/home/runner/.m2/repository/org/glassfish/jersey/ext/jersey-entity-filtering/2.33/jersey-entity-filtering-2.33.jar:/home/runner/.m2/repository/org/jooq/jooq/3.11.10/jooq-3.11.10.jar:/home/runner/.m2/repository/org/jooq/jooq-meta/3.11.10/jooq-meta-3.11.10.jar:/home/runner/.m2/repository/org/jooq/jooq-codegen/3.11.10/jooq-codegen-3.11.10.jar:/home/runner/.m2/repository/com/jolbox/bonecp/0.8.0.RELEASE/bonecp-0.8.0.RELEASE.jar:/home/runner/.m2/repository/org/apache/derby/derby/10.14.2.0/derby-10.14.2.0.jar:/home/runner/.m2/repository/org/xerial/sqlite-jdbc/3.25.2/sqlite-jdbc-3.25.2.jar:/home/runner/.m2/repository/org/springframework/spring-jdbc/5.2.11.RELEASE/spring-jdbc-5.2.11.RELEASE.jar:/home/runner/.m2/repository/org/springframework/spring-beans/5.2.11.RELEASE/spring-beans-5.2.11.RELEASE.jar:/home/runner/.m2/repository/org/springframework/spring-core/5.2.11.RELEASE/spring-core-5.2.11.RELEASE.jar:/home/runner/.m2/repository/org/springframework/spring-jcl/5.2.11.RELEASE/spring-jcl-5.2.11.RELEASE.jar:/home/runner/.m2/repository/org/springframework/spring-tx/5.2.11.RELEASE/spring-tx-5.2.11.RELEASE.jar:/home/runner/.m2/repository/org/apache/ozone/ozone-client/1.2.0-SNAPSHOT/ozone-client-1.2.0-SNAPSHOT.jar:/home/runner/.m2/repository/org/apache/ozone/ozone-filesystem/1.2.0-SNAPSHOT/ozone-filesystem-1.2.0-SNAPSHOT.jar:/home/runner/.m2/repository/org/apache/ozone/ozone-filesystem-common/1.2.0-SNAPSHOT/ozone-filesystem-common-1.2.0-SNAPSHOT.jar:/home/runner/.m2/repository/org/apache/ozone/ozone-tools/1.2.0-SNAPSHOT/ozone-tools-1.2.0-SNAPSHOT.jar:/home/runner/.m2/repository/org/apache/ratis/ratis-tools/2.1.0-03f3b68-SNAPSHOT/ratis-tools-2.1.0-03f3b68-SNAPSHOT.jar:/home/runner/.m2/repository/com/amazonaws/aws-java-sdk-core/1.11.901/aws-java-sdk-core-1.11.901.jar:/home/runner/.m2/repository/org/apache/httpcomponents/httpclient/4.5.13/httpclient-4.5.13.jar:/home/runner/.m2/repository/org/apache/httpcomponents/httpcore/4.4.13/httpcore-4.4.13.jar:/home/runner/.m2/repository/software/amazon/ion/ion-java/1.0.2/ion-java-1.0.2.jar:/home/runner/.m2/repository/com/fasterxml/jackson/dataformat/jackson-dataformat-cbor/2.12.1/jackson-dataformat-cbor-2.12.1.jar:/home/runner/.m2/repository/joda-time/joda-time/2.8.1/joda-time-2.8.1.jar:/home/runner/.m2/repository/com/amazonaws/aws-java-sdk-s3/1.11.901/aws-java-sdk-s3-1.11.901.jar:/home/runner/.m2/repository/com/amazonaws/aws-java-sdk-kms/1.11.901/aws-java-sdk-kms-1.11.901.jar:/home/runner/.m2/repository/com/amazonaws/jmespath-java/1.11.901/jmespath-java-1.11.901.jar:/home/runner/.m2/repository/org/kohsuke/metainf-services/metainf-services/1.8/metainf-services-1.8.jar:/home/runner/.m2/repository/org/apache/ozone/hdds-tools/1.2.0-SNAPSHOT/hdds-tools-1.2.0-SNAPSHOT.jar:/home/runner/.m2/repository/commons-cli/commons-cli/1.2/commons-cli-1.2.jar:/home/runner/.m2/repository/org/apache/commons/commons-lang3/3.7/commons-lang3-3.7.jar:/home/runner/.m2/repository/org/apache/ozone/ozone-manager/1.2.0-SNAPSHOT/ozone-manager-1.2.0-SNAPSHOT-tests.jar:/home/runner/.m2/repository/org/apache/ozone/hdds-common/1.2.0-SNAPSHOT/hdds-common-1.2.0-SNAPSHOT-tests.jar:/home/runner/.m2/repository/org/apache/ozone/hdds-hadoop-dependency-client/1.2.0-SNAPSHOT/hdds-hadoop-dependency-client-1.2.0-SNAPSHOT.jar:/home/runner/.m2/repository/info/picocli/picocli/4.6.1/picocli-4.6.1.jar:/home/runner/.m2/repository/com/fasterxml/jackson/core/jackson-annotations/2.12.1/jackson-annotations-2.12.1.jar:/home/runner/.m2/repository/javax/annotation/javax.annotation-api/1.2/javax.annotation-api-1.2.jar:/home/runner/.m2/repository/org/apache/ratis/ratis-server/2.1.0-03f3b68-SNAPSHOT/ratis-server-2.1.0-03f3b68-SNAPSHOT.jar:/home/runner/.m2/repository/org/apache/ratis/ratis-client/2.1.0-03f3b68-SNAPSHOT/ratis-client-2.1.0-03f3b68-SNAPSHOT.jar:/home/runner/.m2/repository/org/apache/ratis/ratis-server-api/2.1.0-03f3b68-SNAPSHOT/ratis-server-api-2.1.0-03f3b68-SNAPSHOT.jar:/home/runner/.m2/repository/org/apache/ratis/ratis-metrics/2.1.0-03f3b68-SNAPSHOT/ratis-metrics-2.1.0-03f3b68-SNAPSHOT.jar:/home/runner/.m2/repository/org/apache/ratis/ratis-netty/2.1.0-03f3b68-SNAPSHOT/ratis-netty-2.1.0-03f3b68-SNAPSHOT.jar:/home/runner/.m2/repository/org/apache/ratis/ratis-grpc/2.1.0-03f3b68-SNAPSHOT/ratis-grpc-2.1.0-03f3b68-SNAPSHOT.jar:/home/runner/.m2/repository/org/apache/logging/log4j/log4j-api/2.13.3/log4j-api-2.13.3.jar:/home/runner/.m2/repository/org/apache/logging/log4j/log4j-core/2.13.3/log4j-core-2.13.3.jar:/home/runner/.m2/repository/com/lmax/disruptor/3.4.2/disruptor-3.4.2.jar:/home/runner/.m2/repository/org/apache/commons/commons-pool2/2.6.0/commons-pool2-2.6.0.jar:/home/runner/.m2/repository/org/bouncycastle/bcpkix-jdk15on/1.67/bcpkix-jdk15on-1.67.jar:/home/runner/.m2/repository/commons-validator/commons-validator/1.6/commons-validator-1.6.jar:/home/runner/.m2/repository/commons-beanutils/commons-beanutils/1.9.4/commons-beanutils-1.9.4.jar:/home/runner/.m2/repository/commons-digester/commons-digester/1.8.1/commons-digester-1.8.1.jar:/home/runner/.m2/repository/commons-collections/commons-collections/3.2.2/commons-collections-3.2.2.jar:/home/runner/.m2/repository/io/jaegertracing/jaeger-client/1.6.0/jaeger-client-1.6.0.jar:/home/runner/.m2/repository/io/jaegertracing/jaeger-thrift/1.6.0/jaeger-thrift-1.6.0.jar:/home/runner/.m2/repository/org/apache/thrift/libthrift/0.14.1/libthrift-0.14.1.jar:/home/runner/.m2/repository/com/squareup/okhttp3/okhttp/4.9.0/okhttp-4.9.0.jar:/home/runner/.m2/repository/com/squareup/okio/okio/2.8.0/okio-2.8.0.jar:/home/runner/.m2/repository/io/jaegertracing/jaeger-core/1.6.0/jaeger-core-1.6.0.jar:/home/runner/.m2/repository/io/jaegertracing/jaeger-tracerresolver/1.6.0/jaeger-tracerresolver-1.6.0.jar:/home/runner/.m2/repository/io/opentracing/contrib/opentracing-tracerresolver/0.1.8/opentracing-tracerresolver-0.1.8.jar:/home/runner/.m2/repository/org/jetbrains/kotlin/kotlin-stdlib/1.4.31/kotlin-stdlib-1.4.31.jar:/home/runner/.m2/repository/org/jetbrains/kotlin/kotlin-stdlib-common/1.4.31/kotlin-stdlib-common-1.4.31.jar:/home/runner/.m2/repository/org/jetbrains/annotations/13.0/annotations-13.0.jar:/home/runner/.m2/repository/io/opentracing/opentracing-util/0.33.0/opentracing-util-0.33.0.jar:/home/runner/.m2/repository/io/opentracing/opentracing-api/0.33.0/opentracing-api-0.33.0.jar:/home/runner/.m2/repository/io/opentracing/opentracing-noop/0.33.0/opentracing-noop-0.33.0.jar:/home/runner/.m2/repository/org/yaml/snakeyaml/1.26/snakeyaml-1.26.jar:/home/runner/.m2/repository/org/apache/ozone/hdds-interface-admin/1.2.0-SNAPSHOT/hdds-interface-admin-1.2.0-SNAPSHOT.jar:/home/runner/.m2/repository/junit/junit/4.13.1/junit-4.13.1.jar:/home/runner/.m2/repository/org/hamcrest/hamcrest-core/1.3/hamcrest-core-1.3.jar:/home/runner/.m2/repository/org/junit/jupiter/junit-jupiter-api/5.7.0/junit-jupiter-api-5.7.0.jar:/home/runner/.m2/repository/org/apiguardian/apiguardian-api/1.1.0/apiguardian-api-1.1.0.jar:/home/runner/.m2/repository/org/opentest4j/opentest4j/1.2.0/opentest4j-1.2.0.jar:/home/runner/.m2/repository/org/junit/platform/junit-platform-commons/1.7.0/junit-platform-commons-1.7.0.jar:/home/runner/.m2/repository/org/junit/jupiter/junit-jupiter-engine/5.7.0/junit-jupiter-engine-5.7.0.jar:/home/runner/.m2/repository/org/junit/platform/junit-platform-engine/1.7.0/junit-platform-engine-1.7.0.jar:/home/runner/.m2/repository/org/junit/vintage/junit-vintage-engine/5.7.0/junit-vintage-engine-5.7.0.jar:/home/runner/.m2/repository/org/junit/platform/junit-platform-launcher/1.7.0/junit-platform-launcher-1.7.0.jar:/home/runner/.m2/repository/org/openjdk/jmh/jmh-core/1.19/jmh-core-1.19.jar:/home/runner/.m2/repository/net/sf/jopt-simple/jopt-simple/4.6/jopt-simple-4.6.jar:/home/runner/.m2/repository/org/apache/commons/commons-math3/3.1.1/commons-math3-3.1.1.jar:/home/runner/.m2/repository/org/openjdk/jmh/jmh-generator-annprocess/1.19/jmh-generator-annprocess-1.19.jar:/home/runner/.m2/repository/org/mockito/mockito-core/2.28.2/mockito-core-2.28.2.jar:/home/runner/.m2/repository/net/bytebuddy/byte-buddy/1.9.10/byte-buddy-1.9.10.jar:/home/runner/.m2/repository/net/bytebuddy/byte-buddy-agent/1.9.10/byte-buddy-agent-1.9.10.jar:/home/runner/.m2/repository/org/objenesis/objenesis/1.0/objenesis-1.0.jar:/home/runner/.m2/repository/org/apache/hadoop/hadoop-kms/3.3.1/hadoop-kms-3.3.1.jar:/home/runner/.m2/repository/org/apache/hadoop/hadoop-auth/3.3.1/hadoop-auth-3.3.1.jar:/home/runner/.m2/repository/com/nimbusds/nimbus-jose-jwt/7.9/nimbus-jose-jwt-7.9.jar:/home/runner/.m2/repository/com/github/stephenc/jcip/jcip-annotations/1.0-1/jcip-annotations-1.0-1.jar:/home/runner/.m2/repository/net/minidev/json-smart/2.3/json-smart-2.3.jar:/home/runner/.m2/repository/net/minidev/accessors-smart/1.2/accessors-smart-1.2.jar:/home/runner/.m2/repository/org/ow2/asm/asm/5.0.4/asm-5.0.4.jar:/home/runner/.m2/repository/org/apache/zookeeper/zookeeper/3.5.6/zookeeper-3.5.6.jar:/home/runner/.m2/repository/org/apache/zookeeper/zookeeper-jute/3.5.6/zookeeper-jute-3.5.6.jar:/home/runner/.m2/repository/org/apache/yetus/audience-annotations/0.5.0/audience-annotations-0.5.0.jar:/home/runner/.m2/repository/org/apache/curator/curator-framework/4.2.0/curator-framework-4.2.0.jar:/home/runner/.m2/repository/org/apache/hadoop/thirdparty/hadoop-shaded-guava/1.1.1/hadoop-shaded-guava-1.1.1.jar:/home/runner/.m2/repository/com/sun/jersey/jersey-core/1.19/jersey-core-1.19.jar:/home/runner/.m2/repository/javax/ws/rs/jsr311-api/1.1.1/jsr311-api-1.1.1.jar:/home/runner/.m2/repository/com/sun/jersey/jersey-server/1.19/jersey-server-1.19.jar:/home/runner/.m2/repository/javax/servlet/javax.servlet-api/3.1.0/javax.servlet-api-3.1.0.jar:/home/runner/.m2/repository/org/eclipse/jetty/jetty-server/9.4.43.v20210629/jetty-server-9.4.43.v20210629.jar:/home/runner/.m2/repository/org/eclipse/jetty/jetty-http/9.4.43.v20210629/jetty-http-9.4.43.v20210629.jar:/home/runner/.m2/repository/org/eclipse/jetty/jetty-io/9.4.43.v20210629/jetty-io-9.4.43.v20210629.jar:/home/runner/.m2/repository/org/eclipse/jetty/jetty-webapp/9.4.43.v20210629/jetty-webapp-9.4.43.v20210629.jar:/home/runner/.m2/repository/org/eclipse/jetty/jetty-xml/9.4.43.v20210629/jetty-xml-9.4.43.v20210629.jar:/home/runner/.m2/repository/org/apache/hadoop/hadoop-common/3.3.1/hadoop-common-3.3.1.jar:/home/runner/.m2/repository/commons-net/commons-net/3.6/commons-net-3.6.jar:/home/runner/.m2/repository/jakarta/activation/jakarta.activation-api/1.2.1/jakarta.activation-api-1.2.1.jar:/home/runner/.m2/repository/com/sun/jersey/jersey-servlet/1.19/jersey-servlet-1.19.jar:/home/runner/.m2/repository/com/sun/jersey/jersey-json/1.19/jersey-json-1.19.jar:/home/runner/.m2/repository/org/codehaus/jettison/jettison/1.1/jettison-1.1.jar:/home/runner/.m2/repository/com/sun/xml/bind/jaxb-impl/2.2.3-1/jaxb-impl-2.2.3-1.jar:/home/runner/.m2/repository/org/codehaus/jackson/jackson-jaxrs/1.9.2/jackson-jaxrs-1.9.2.jar:/home/runner/.m2/repository/org/codehaus/jackson/jackson-xc/1.9.2/jackson-xc-1.9.2.jar:/home/runner/.m2/repository/org/apache/commons/commons-configuration2/2.1.1/commons-configuration2-2.1.1.jar:/home/runner/.m2/repository/org/apache/commons/commons-text/1.4/commons-text-1.4.jar:/home/runner/.m2/repository/com/google/re2j/re2j/1.1/re2j-1.1.jar:/home/runner/.m2/repository/com/jcraft/jsch/0.1.54/jsch-0.1.54.jar:/home/runner/.m2/repository/org/apache/curator/curator-client/4.2.0/curator-client-4.2.0.jar:/home/runner/.m2/repository/org/apache/curator/curator-recipes/4.2.0/curator-recipes-4.2.0.jar:/home/runner/.m2/repository/org/apache/kerby/kerb-core/1.0.1/kerb-core-1.0.1.jar:/home/runner/.m2/repository/org/apache/kerby/kerby-pkix/1.0.1/kerby-pkix-1.0.1.jar:/home/runner/.m2/repository/org/apache/kerby/kerby-asn1/1.0.1/kerby-asn1-1.0.1.jar:/home/runner/.m2/repository/org/apache/kerby/kerby-util/1.0.1/kerby-util-1.0.1.jar:/home/runner/.m2/repository/dnsjava/dnsjava/2.1.7/dnsjava-2.1.7.jar:/home/runner/.m2/repository/org/xerial/snappy/snappy-java/1.1.8.2/snappy-java-1.1.8.2.jar:/home/runner/.m2/repository/org/slf4j/jul-to-slf4j/1.7.30/jul-to-slf4j-1.7.30.jar:/home/runner/.m2/repository/org/eclipse/jetty/jetty-util/9.4.43.v20210629/jetty-util-9.4.43.v20210629.jar:/home/runner/.m2/repository/com/fasterxml/jackson/core/jackson-databind/2.12.1/jackson-databind-2.12.1.jar:/home/runner/.m2/repository/org/apache/hadoop/hadoop-kms/3.3.1/hadoop-kms-3.3.1-tests.jar:/home/runner/.m2/repository/org/apache/ozone/hdds-server-scm/1.2.0-SNAPSHOT/hdds-server-scm-1.2.0-SNAPSHOT-tests.jar:/home/runner/.m2/repository/org/apache/ozone/hdds-container-service/1.2.0-SNAPSHOT/hdds-container-service-1.2.0-SNAPSHOT-tests.jar:/home/runner/.m2/repository/commons-codec/commons-codec/1.11/commons-codec-1.11.jar:/home/runner/.m2/repository/io/netty/netty-transport/4.1.63.Final/netty-transport-4.1.63.Final.jar:/home/runner/.m2/repository/io/netty/netty-resolver/4.1.63.Final/netty-resolver-4.1.63.Final.jar:/home/runner/.m2/repository/io/netty/netty-codec/4.1.63.Final/netty-codec-4.1.63.Final.jar:/home/runner/.m2/repository/io/netty/netty-handler/4.1.63.Final/netty-handler-4.1.63.Final.jar:/home/runner/.m2/repository/org/apache/ozone/hdds-hadoop-dependency-test/1.2.0-SNAPSHOT/hdds-hadoop-dependency-test-1.2.0-SNAPSHOT.jar:/home/runner/.m2/repository/org/apache/hadoop/hadoop-common/3.3.1/hadoop-common-3.3.1-tests.jar:/home/runner/.m2/repository/org/assertj/assertj-core/3.12.2/assertj-core-3.12.2.jar:/home/runner/.m2/repository/org/apache/hadoop/hadoop-hdfs/3.3.1/hadoop-hdfs-3.3.1-tests.jar:/home/runner/.m2/repository/org/eclipse/jetty/jetty-util-ajax/9.4.43.v20210629/jetty-util-ajax-9.4.43.v20210629.jar:/home/runner/.m2/repository/commons-daemon/commons-daemon/1.0.13/commons-daemon-1.0.13.jar:/home/runner/.m2/repository/io/netty/netty/3.10.6.Final/netty-3.10.6.Final.jar:/home/runner/.m2/repository/io/netty/netty-all/4.1.63.Final/netty-all-4.1.63.Final.jar:/home/runner/.m2/repository/org/apache/htrace/htrace-core4/4.1.0-incubating/htrace-core4-4.1.0-incubating.jar:/home/runner/.m2/repository/org/fusesource/leveldbjni/leveldbjni-all/1.8/leveldbjni-all-1.8.jar:/home/runner/.m2/repository/org/apache/hadoop/hadoop-distcp/3.3.1/hadoop-distcp-3.3.1.jar:/home/runner/.m2/repository/org/apache/hadoop/hadoop-mapreduce-client-jobclient/3.3.1/hadoop-mapreduce-client-jobclient-3.3.1.jar:/home/runner/.m2/repository/org/apache/hadoop/hadoop-mapreduce-client-common/3.3.1/hadoop-mapreduce-client-common-3.3.1.jar:/home/runner/.m2/repository/org/apache/hadoop/hadoop-yarn-common/3.3.1/hadoop-yarn-common-3.3.1.jar:/home/runner/.m2/repository/org/apache/hadoop/hadoop-yarn-api/3.3.1/hadoop-yarn-api-3.3.1.jar:/home/runner/.m2/repository/com/sun/jersey/jersey-client/1.19/jersey-client-1.19.jar:/home/runner/.m2/repository/com/sun/jersey/contribs/jersey-guice/1.19/jersey-guice-1.19.jar:/home/runner/.m2/repository/com/fasterxml/jackson/jaxrs/jackson-jaxrs-json-provider/2.12.1/jackson-jaxrs-json-provider-2.12.1.jar:/home/runner/.m2/repository/com/fasterxml/jackson/jaxrs/jackson-jaxrs-base/2.12.1/jackson-jaxrs-base-2.12.1.jar:/home/runner/.m2/repository/org/apache/hadoop/hadoop-yarn-client/3.3.1/hadoop-yarn-client-3.3.1.jar:/home/runner/.m2/repository/org/eclipse/jetty/websocket/websocket-client/9.4.40.v20210413/websocket-client-9.4.40.v20210413.jar:/home/runner/.m2/repository/org/eclipse/jetty/jetty-client/9.4.40.v20210413/jetty-client-9.4.40.v20210413.jar:/home/runner/.m2/repository/org/eclipse/jetty/websocket/websocket-common/9.4.40.v20210413/websocket-common-9.4.40.v20210413.jar:/home/runner/.m2/repository/org/eclipse/jetty/websocket/websocket-api/9.4.40.v20210413/websocket-api-9.4.40.v20210413.jar:/home/runner/.m2/repository/org/jline/jline/3.9.0/jline-3.9.0.jar:/home/runner/.m2/repository/org/apache/hadoop/hadoop-mapreduce-client-core/3.3.1/hadoop-mapreduce-client-core-3.3.1.jar:/home/runner/.m2/repository/org/apache/avro/avro/1.7.7/avro-1.7.7.jar:/home/runner/.m2/repository/org/codehaus/jackson/jackson-core-asl/1.9.13/jackson-core-asl-1.9.13.jar:/home/runner/.m2/repository/org/codehaus/jackson/jackson-mapper-asl/1.9.13/jackson-mapper-asl-1.9.13.jar:/home/runner/.m2/repository/com/thoughtworks/paranamer/paranamer/2.3/paranamer-2.3.jar:/home/runner/.m2/repository/org/apache/hadoop/hadoop-annotations/3.3.1/hadoop-annotations-3.3.1.jar:/usr/lib/jvm/adoptopenjdk-8-hotspot-amd64/jre/../lib/tools.jar:/home/runner/.m2/repository/org/apache/hadoop/hadoop-distcp/3.3.1/hadoop-distcp-3.3.1-tests.jar:/home/runner/.m2/repository/org/apache/ratis/ratis-common/2.1.0-03f3b68-SNAPSHOT/ratis-common-2.1.0-03f3b68-SNAPSHOT.jar:/home/runner/.m2/repository/org/apache/ratis/ratis-thirdparty-misc/0.7.0/ratis-thirdparty-misc-0.7.0.jar:/home/runner/.m2/repository/org/apache/ratis/ratis-proto/2.1.0-03f3b68-SNAPSHOT/ratis-proto-2.1.0-03f3b68-SNAPSHOT.jar:"/>
    <property name="java.vm.vendor" value="AdoptOpenJDK"/>
    <property name="sun.arch.data.model" value="64"/>
    <property name="test.build.dir" value="/home/runner/work/ozone/ozone/hadoop-ozone/integration-test/target/test-dir"/>
    <property name="test.cache.data" value=""/>
    <property name="java.vendor.url" value="https://adoptopenjdk.net/"/>
    <property name="user.timezone" value=""/>
    <property name="java.vm.specification.version" value="1.8"/>
    <property name="os.name" value="Linux"/>
    <property name="test.build.data" value="/home/runner/work/ozone/ozone/hadoop-ozone/integration-test/target/test-dir"/>
    <property name="sun.java.launcher" value="SUN_STANDARD"/>
    <property name="sun.boot.library.path" value="/usr/lib/jvm/adoptopenjdk-8-hotspot-amd64/jre/lib/amd64"/>
    <property name="sun.java.command" value="/home/runner/work/ozone/ozone/hadoop-ozone/integration-test/target/surefire/surefirebooter2730111797312302459.jar /home/runner/work/ozone/ozone/hadoop-ozone/integration-test/target/surefire 2021-09-22T09-00-43_830-jvmRun1 surefire3510542240975980723tmp surefire_796673401389191203862tmp"/>
    <property name="surefire.test.class.path" value="/home/runner/work/ozone/ozone/hadoop-ozone/integration-test/target/test-classes:/home/runner/work/ozone/ozone/hadoop-ozone/integration-test/target/classes:/home/runner/.m2/repository/org/apache/ozone/ozone-common/1.2.0-SNAPSHOT/ozone-common-1.2.0-SNAPSHOT.jar:/home/runner/.m2/repository/org/apache/commons/commons-compress/1.20/commons-compress-1.20.jar:/home/runner/.m2/repository/org/apache/ozone/hdds-common/1.2.0-SNAPSHOT/hdds-common-1.2.0-SNAPSHOT.jar:/home/runner/.m2/repository/org/apache/ozone/hdds-client/1.2.0-SNAPSHOT/hdds-client-1.2.0-SNAPSHOT.jar:/home/runner/.m2/repository/org/apache/ozone/ozone-interface-client/1.2.0-SNAPSHOT/ozone-interface-client-1.2.0-SNAPSHOT.jar:/home/runner/.m2/repository/org/apache/ozone/hdds-server-framework/1.2.0-SNAPSHOT/hdds-server-framework-1.2.0-SNAPSHOT.jar:/home/runner/.m2/repository/org/apache/ozone/hdds-interface-server/1.2.0-SNAPSHOT/hdds-interface-server-1.2.0-SNAPSHOT.jar:/home/runner/.m2/repository/org/eclipse/jetty/jetty-servlet/9.4.43.v20210629/jetty-servlet-9.4.43.v20210629.jar:/home/runner/.m2/repository/org/eclipse/jetty/jetty-security/9.4.43.v20210629/jetty-security-9.4.43.v20210629.jar:/home/runner/.m2/repository/org/rocksdb/rocksdbjni/6.20.3/rocksdbjni-6.20.3.jar:/home/runner/.m2/repository/io/prometheus/simpleclient_dropwizard/0.7.0/simpleclient_dropwizard-0.7.0.jar:/home/runner/.m2/repository/io/prometheus/simpleclient/0.7.0/simpleclient-0.7.0.jar:/home/runner/.m2/repository/io/prometheus/simpleclient_common/0.7.0/simpleclient_common-0.7.0.jar:/home/runner/.m2/repository/com/fasterxml/jackson/datatype/jackson-datatype-jsr310/2.12.1/jackson-datatype-jsr310-2.12.1.jar:/home/runner/.m2/repository/org/apache/ozone/hdds-test-utils/1.2.0-SNAPSHOT/hdds-test-utils-1.2.0-SNAPSHOT.jar:/home/runner/.m2/repository/com/google/guava/guava/30.1.1-jre/guava-30.1.1-jre.jar:/home/runner/.m2/repository/com/google/guava/failureaccess/1.0.1/failureaccess-1.0.1.jar:/home/runner/.m2/repository/com/google/guava/listenablefuture/9999.0-empty-to-avoid-conflict-with-guava/listenablefuture-9999.0-empty-to-avoid-conflict-with-guava.jar:/home/runner/.m2/repository/com/google/code/findbugs/jsr305/3.0.0/jsr305-3.0.0.jar:/home/runner/.m2/repository/org/checkerframework/checker-qual/3.8.0/checker-qual-3.8.0.jar:/home/runner/.m2/repository/com/google/errorprone/error_prone_annotations/2.2.0/error_prone_annotations-2.2.0.jar:/home/runner/.m2/repository/com/google/j2objc/j2objc-annotations/1.3/j2objc-annotations-1.3.jar:/home/runner/.m2/repository/commons-io/commons-io/2.8.0/commons-io-2.8.0.jar:/home/runner/.m2/repository/commons-logging/commons-logging/1.2/commons-logging-1.2.jar:/home/runner/.m2/repository/log4j/log4j/1.2.17/log4j-1.2.17.jar:/home/runner/.m2/repository/org/slf4j/slf4j-api/1.7.30/slf4j-api-1.7.30.jar:/home/runner/.m2/repository/org/apache/ozone/hdds-server-scm/1.2.0-SNAPSHOT/hdds-server-scm-1.2.0-SNAPSHOT.jar:/home/runner/.m2/repository/org/apache/ozone/hdds-container-service/1.2.0-SNAPSHOT/hdds-container-service-1.2.0-SNAPSHOT.jar:/home/runner/.m2/repository/org/apache/ozone/hdds-hadoop-dependency-server/1.2.0-SNAPSHOT/hdds-hadoop-dependency-server-1.2.0-SNAPSHOT.jar:/home/runner/.m2/repository/org/apache/hadoop/hadoop-hdfs/3.3.1/hadoop-hdfs-3.3.1.jar:/home/runner/.m2/repository/io/dropwizard/metrics/metrics-core/3.2.4/metrics-core-3.2.4.jar:/home/runner/.m2/repository/org/apache/hadoop/hadoop-hdfs-client/3.3.1/hadoop-hdfs-client-3.3.1.jar:/home/runner/.m2/repository/org/bouncycastle/bcprov-jdk15on/1.67/bcprov-jdk15on-1.67.jar:/home/runner/.m2/repository/com/google/protobuf/protobuf-java/2.5.0/protobuf-java-2.5.0.jar:/home/runner/.m2/repository/org/apache/ozone/ozone-manager/1.2.0-SNAPSHOT/ozone-manager-1.2.0-SNAPSHOT.jar:/home/runner/.m2/repository/org/aspectj/aspectjrt/1.9.7/aspectjrt-1.9.7.jar:/home/runner/.m2/repository/org/aspectj/aspectjweaver/1.9.7/aspectjweaver-1.9.7.jar:/home/runner/.m2/repository/org/apache/ozone/hdds-interface-client/1.2.0-SNAPSHOT/hdds-interface-client-1.2.0-SNAPSHOT.jar:/home/runner/.m2/repository/org/apache/hadoop/thirdparty/hadoop-shaded-protobuf_3_7/1.1.1/hadoop-shaded-protobuf_3_7-1.1.1.jar:/home/runner/.m2/repository/org/apache/ozone/ozone-interface-storage/1.2.0-SNAPSHOT/ozone-interface-storage-1.2.0-SNAPSHOT.jar:/home/runner/.m2/repository/org/reflections/reflections/0.9.11/reflections-0.9.11.jar:/home/runner/.m2/repository/org/apache/hadoop/hadoop-minikdc/3.3.1/hadoop-minikdc-3.3.1.jar:/home/runner/.m2/repository/org/apache/kerby/kerb-simplekdc/1.0.1/kerb-simplekdc-1.0.1.jar:/home/runner/.m2/repository/org/apache/kerby/kerb-client/1.0.1/kerb-client-1.0.1.jar:/home/runner/.m2/repository/org/apache/kerby/kerby-config/1.0.1/kerby-config-1.0.1.jar:/home/runner/.m2/repository/org/apache/kerby/kerb-common/1.0.1/kerb-common-1.0.1.jar:/home/runner/.m2/repository/org/apache/kerby/kerb-crypto/1.0.1/kerb-crypto-1.0.1.jar:/home/runner/.m2/repository/org/apache/kerby/kerb-util/1.0.1/kerb-util-1.0.1.jar:/home/runner/.m2/repository/org/apache/kerby/token-provider/1.0.1/token-provider-1.0.1.jar:/home/runner/.m2/repository/org/apache/kerby/kerb-admin/1.0.1/kerb-admin-1.0.1.jar:/home/runner/.m2/repository/org/apache/kerby/kerb-server/1.0.1/kerb-server-1.0.1.jar:/home/runner/.m2/repository/org/apache/kerby/kerb-identity/1.0.1/kerb-identity-1.0.1.jar:/home/runner/.m2/repository/org/apache/kerby/kerby-xdr/1.0.1/kerby-xdr-1.0.1.jar:/home/runner/.m2/repository/org/slf4j/slf4j-log4j12/1.7.30/slf4j-log4j12-1.7.30.jar:/home/runner/.m2/repository/org/apache/ozone/ozone-s3gateway/1.2.0-SNAPSHOT/ozone-s3gateway-1.2.0-SNAPSHOT.jar:/home/runner/.m2/repository/org/javassist/javassist/3.21.0-GA/javassist-3.21.0-GA.jar:/home/runner/.m2/repository/org/jboss/weld/servlet/weld-servlet/2.4.7.Final/weld-servlet-2.4.7.Final.jar:/home/runner/.m2/repository/org/glassfish/jersey/containers/jersey-container-servlet-core/2.33/jersey-container-servlet-core-2.33.jar:/home/runner/.m2/repository/org/glassfish/hk2/external/jakarta.inject/2.6.1/jakarta.inject-2.6.1.jar:/home/runner/.m2/repository/org/glassfish/jersey/core/jersey-common/2.33/jersey-common-2.33.jar:/home/runner/.m2/repository/jakarta/ws/rs/jakarta.ws.rs-api/2.1.6/jakarta.ws.rs-api-2.1.6.jar:/home/runner/.m2/repository/org/glassfish/jersey/ext/cdi/jersey-cdi1x/2.33/jersey-cdi1x-2.33.jar:/home/runner/.m2/repository/org/glassfish/jersey/inject/jersey-hk2/2.33/jersey-hk2-2.33.jar:/home/runner/.m2/repository/org/glassfish/hk2/hk2-locator/2.6.1/hk2-locator-2.6.1.jar:/home/runner/.m2/repository/org/glassfish/jersey/media/jersey-media-jaxb/2.33/jersey-media-jaxb-2.33.jar:/home/runner/.m2/repository/org/glassfish/hk2/osgi-resource-locator/1.0.3/osgi-resource-locator-1.0.3.jar:/home/runner/.m2/repository/org/glassfish/hk2/hk2-api/2.5.0/hk2-api-2.5.0.jar:/home/runner/.m2/repository/org/glassfish/hk2/hk2-utils/2.5.0/hk2-utils-2.5.0.jar:/home/runner/.m2/repository/org/glassfish/hk2/external/aopalliance-repackaged/2.5.0/aopalliance-repackaged-2.5.0.jar:/home/runner/.m2/repository/com/fasterxml/jackson/dataformat/jackson-dataformat-xml/2.12.1/jackson-dataformat-xml-2.12.1.jar:/home/runner/.m2/repository/com/fasterxml/jackson/core/jackson-core/2.12.1/jackson-core-2.12.1.jar:/home/runner/.m2/repository/com/fasterxml/jackson/module/jackson-module-jaxb-annotations/2.12.1/jackson-module-jaxb-annotations-2.12.1.jar:/home/runner/.m2/repository/jakarta/xml/bind/jakarta.xml.bind-api/2.3.2/jakarta.xml.bind-api-2.3.2.jar:/home/runner/.m2/repository/org/codehaus/woodstox/stax2-api/3.1.4/stax2-api-3.1.4.jar:/home/runner/.m2/repository/com/fasterxml/woodstox/woodstox-core/5.0.3/woodstox-core-5.0.3.jar:/home/runner/.m2/repository/javax/enterprise/cdi-api/1.2/cdi-api-1.2.jar:/home/runner/.m2/repository/javax/el/javax.el-api/3.0.0/javax.el-api-3.0.0.jar:/home/runner/.m2/repository/javax/interceptor/javax.interceptor-api/1.2/javax.interceptor-api-1.2.jar:/home/runner/.m2/repository/javax/inject/javax.inject/1/javax.inject-1.jar:/home/runner/.m2/repository/javax/xml/bind/jaxb-api/2.3.0/jaxb-api-2.3.0.jar:/home/runner/.m2/repository/org/glassfish/jaxb/jaxb-runtime/2.3.0.1/jaxb-runtime-2.3.0.1.jar:/home/runner/.m2/repository/org/glassfish/jaxb/jaxb-core/2.3.0.1/jaxb-core-2.3.0.1.jar:/home/runner/.m2/repository/org/glassfish/jaxb/txw2/2.3.0.1/txw2-2.3.0.1.jar:/home/runner/.m2/repository/com/sun/istack/istack-commons-runtime/3.0.5/istack-commons-runtime-3.0.5.jar:/home/runner/.m2/repository/org/jvnet/staxex/stax-ex/1.7.8/stax-ex-1.7.8.jar:/home/runner/.m2/repository/com/sun/xml/fastinfoset/FastInfoset/1.2.13/FastInfoset-1.2.13.jar:/home/runner/.m2/repository/javax/activation/activation/1.1.1/activation-1.1.1.jar:/home/runner/.m2/repository/org/apache/ozone/ozone-csi/1.2.0-SNAPSHOT/ozone-csi-1.2.0-SNAPSHOT.jar:/home/runner/.m2/repository/com/google/protobuf/protobuf-java-util/3.12.0/protobuf-java-util-3.12.0.jar:/home/runner/.m2/repository/com/google/code/gson/gson/2.2.4/gson-2.2.4.jar:/home/runner/.m2/repository/org/apache/ozone/hdds-config/1.2.0-SNAPSHOT/hdds-config-1.2.0-SNAPSHOT.jar:/home/runner/.m2/repository/io/grpc/grpc-netty/1.33.0/grpc-netty-1.33.0.jar:/home/runner/.m2/repository/io/grpc/grpc-core/1.33.0/grpc-core-1.33.0.jar:/home/runner/.m2/repository/com/google/android/annotations/4.1.1.4/annotations-4.1.1.4.jar:/home/runner/.m2/repository/io/netty/netty-codec-http2/4.1.63.Final/netty-codec-http2-4.1.63.Final.jar:/home/runner/.m2/repository/io/netty/netty-codec-http/4.1.63.Final/netty-codec-http-4.1.63.Final.jar:/home/runner/.m2/repository/io/netty/netty-handler-proxy/4.1.63.Final/netty-handler-proxy-4.1.63.Final.jar:/home/runner/.m2/repository/io/netty/netty-codec-socks/4.1.63.Final/netty-codec-socks-4.1.63.Final.jar:/home/runner/.m2/repository/io/perfmark/perfmark-api/0.19.0/perfmark-api-0.19.0.jar:/home/runner/.m2/repository/org/codehaus/mojo/animal-sniffer-annotations/1.18/animal-sniffer-annotations-1.18.jar:/home/runner/.m2/repository/io/netty/netty-transport-native-epoll/4.1.63.Final/netty-transport-native-epoll-4.1.63.Final.jar:/home/runner/.m2/repository/io/netty/netty-common/4.1.63.Final/netty-common-4.1.63.Final.jar:/home/runner/.m2/repository/io/netty/netty-buffer/4.1.63.Final/netty-buffer-4.1.63.Final.jar:/home/runner/.m2/repository/io/netty/netty-transport-native-unix-common/4.1.63.Final/netty-transport-native-unix-common-4.1.63.Final.jar:/home/runner/.m2/repository/io/grpc/grpc-protobuf/1.33.0/grpc-protobuf-1.33.0.jar:/home/runner/.m2/repository/io/grpc/grpc-api/1.33.0/grpc-api-1.33.0.jar:/home/runner/.m2/repository/io/grpc/grpc-context/1.33.0/grpc-context-1.33.0.jar:/home/runner/.m2/repository/com/google/api/grpc/proto-google-common-protos/1.17.0/proto-google-common-protos-1.17.0.jar:/home/runner/.m2/repository/io/grpc/grpc-protobuf-lite/1.33.0/grpc-protobuf-lite-1.33.0.jar:/home/runner/.m2/repository/io/grpc/grpc-stub/1.33.0/grpc-stub-1.33.0.jar:/home/runner/.m2/repository/org/apache/ozone/ozone-recon/1.2.0-SNAPSHOT/ozone-recon-1.2.0-SNAPSHOT.jar:/home/runner/.m2/repository/org/apache/ozone/ozone-reconcodegen/1.2.0-SNAPSHOT/ozone-reconcodegen-1.2.0-SNAPSHOT.jar:/home/runner/.m2/repository/com/google/inject/extensions/guice-multibindings/4.0/guice-multibindings-4.0.jar:/home/runner/.m2/repository/com/google/inject/guice/4.0/guice-4.0.jar:/home/runner/.m2/repository/aopalliance/aopalliance/1.0/aopalliance-1.0.jar:/home/runner/.m2/repository/com/google/inject/extensions/guice-assistedinject/4.0/guice-assistedinject-4.0.jar:/home/runner/.m2/repository/com/google/inject/extensions/guice-servlet/4.0/guice-servlet-4.0.jar:/home/runner/.m2/repository/org/glassfish/jersey/containers/jersey-container-servlet/2.33/jersey-container-servlet-2.33.jar:/home/runner/.m2/repository/org/glassfish/hk2/guice-bridge/2.5.0/guice-bridge-2.5.0.jar:/home/runner/.m2/repository/org/glassfish/jersey/core/jersey-server/2.33/jersey-server-2.33.jar:/home/runner/.m2/repository/org/glassfish/jersey/core/jersey-client/2.33/jersey-client-2.33.jar:/home/runner/.m2/repository/jakarta/annotation/jakarta.annotation-api/1.3.5/jakarta.annotation-api-1.3.5.jar:/home/runner/.m2/repository/jakarta/validation/jakarta.validation-api/2.0.2/jakarta.validation-api-2.0.2.jar:/home/runner/.m2/repository/org/glassfish/jersey/media/jersey-media-json-jackson/2.33/jersey-media-json-jackson-2.33.jar:/home/runner/.m2/repository/org/glassfish/jersey/ext/jersey-entity-filtering/2.33/jersey-entity-filtering-2.33.jar:/home/runner/.m2/repository/org/jooq/jooq/3.11.10/jooq-3.11.10.jar:/home/runner/.m2/repository/org/jooq/jooq-meta/3.11.10/jooq-meta-3.11.10.jar:/home/runner/.m2/repository/org/jooq/jooq-codegen/3.11.10/jooq-codegen-3.11.10.jar:/home/runner/.m2/repository/com/jolbox/bonecp/0.8.0.RELEASE/bonecp-0.8.0.RELEASE.jar:/home/runner/.m2/repository/org/apache/derby/derby/10.14.2.0/derby-10.14.2.0.jar:/home/runner/.m2/repository/org/xerial/sqlite-jdbc/3.25.2/sqlite-jdbc-3.25.2.jar:/home/runner/.m2/repository/org/springframework/spring-jdbc/5.2.11.RELEASE/spring-jdbc-5.2.11.RELEASE.jar:/home/runner/.m2/repository/org/springframework/spring-beans/5.2.11.RELEASE/spring-beans-5.2.11.RELEASE.jar:/home/runner/.m2/repository/org/springframework/spring-core/5.2.11.RELEASE/spring-core-5.2.11.RELEASE.jar:/home/runner/.m2/repository/org/springframework/spring-jcl/5.2.11.RELEASE/spring-jcl-5.2.11.RELEASE.jar:/home/runner/.m2/repository/org/springframework/spring-tx/5.2.11.RELEASE/spring-tx-5.2.11.RELEASE.jar:/home/runner/.m2/repository/org/apache/ozone/ozone-client/1.2.0-SNAPSHOT/ozone-client-1.2.0-SNAPSHOT.jar:/home/runner/.m2/repository/org/apache/ozone/ozone-filesystem/1.2.0-SNAPSHOT/ozone-filesystem-1.2.0-SNAPSHOT.jar:/home/runner/.m2/repository/org/apache/ozone/ozone-filesystem-common/1.2.0-SNAPSHOT/ozone-filesystem-common-1.2.0-SNAPSHOT.jar:/home/runner/.m2/repository/org/apache/ozone/ozone-tools/1.2.0-SNAPSHOT/ozone-tools-1.2.0-SNAPSHOT.jar:/home/runner/.m2/repository/org/apache/ratis/ratis-tools/2.1.0-03f3b68-SNAPSHOT/ratis-tools-2.1.0-03f3b68-SNAPSHOT.jar:/home/runner/.m2/repository/com/amazonaws/aws-java-sdk-core/1.11.901/aws-java-sdk-core-1.11.901.jar:/home/runner/.m2/repository/org/apache/httpcomponents/httpclient/4.5.13/httpclient-4.5.13.jar:/home/runner/.m2/repository/org/apache/httpcomponents/httpcore/4.4.13/httpcore-4.4.13.jar:/home/runner/.m2/repository/software/amazon/ion/ion-java/1.0.2/ion-java-1.0.2.jar:/home/runner/.m2/repository/com/fasterxml/jackson/dataformat/jackson-dataformat-cbor/2.12.1/jackson-dataformat-cbor-2.12.1.jar:/home/runner/.m2/repository/joda-time/joda-time/2.8.1/joda-time-2.8.1.jar:/home/runner/.m2/repository/com/amazonaws/aws-java-sdk-s3/1.11.901/aws-java-sdk-s3-1.11.901.jar:/home/runner/.m2/repository/com/amazonaws/aws-java-sdk-kms/1.11.901/aws-java-sdk-kms-1.11.901.jar:/home/runner/.m2/repository/com/amazonaws/jmespath-java/1.11.901/jmespath-java-1.11.901.jar:/home/runner/.m2/repository/org/kohsuke/metainf-services/metainf-services/1.8/metainf-services-1.8.jar:/home/runner/.m2/repository/org/apache/ozone/hdds-tools/1.2.0-SNAPSHOT/hdds-tools-1.2.0-SNAPSHOT.jar:/home/runner/.m2/repository/commons-cli/commons-cli/1.2/commons-cli-1.2.jar:/home/runner/.m2/repository/org/apache/commons/commons-lang3/3.7/commons-lang3-3.7.jar:/home/runner/.m2/repository/org/apache/ozone/ozone-manager/1.2.0-SNAPSHOT/ozone-manager-1.2.0-SNAPSHOT-tests.jar:/home/runner/.m2/repository/org/apache/ozone/hdds-common/1.2.0-SNAPSHOT/hdds-common-1.2.0-SNAPSHOT-tests.jar:/home/runner/.m2/repository/org/apache/ozone/hdds-hadoop-dependency-client/1.2.0-SNAPSHOT/hdds-hadoop-dependency-client-1.2.0-SNAPSHOT.jar:/home/runner/.m2/repository/info/picocli/picocli/4.6.1/picocli-4.6.1.jar:/home/runner/.m2/repository/com/fasterxml/jackson/core/jackson-annotations/2.12.1/jackson-annotations-2.12.1.jar:/home/runner/.m2/repository/javax/annotation/javax.annotation-api/1.2/javax.annotation-api-1.2.jar:/home/runner/.m2/repository/org/apache/ratis/ratis-server/2.1.0-03f3b68-SNAPSHOT/ratis-server-2.1.0-03f3b68-SNAPSHOT.jar:/home/runner/.m2/repository/org/apache/ratis/ratis-client/2.1.0-03f3b68-SNAPSHOT/ratis-client-2.1.0-03f3b68-SNAPSHOT.jar:/home/runner/.m2/repository/org/apache/ratis/ratis-server-api/2.1.0-03f3b68-SNAPSHOT/ratis-server-api-2.1.0-03f3b68-SNAPSHOT.jar:/home/runner/.m2/repository/org/apache/ratis/ratis-metrics/2.1.0-03f3b68-SNAPSHOT/ratis-metrics-2.1.0-03f3b68-SNAPSHOT.jar:/home/runner/.m2/repository/org/apache/ratis/ratis-netty/2.1.0-03f3b68-SNAPSHOT/ratis-netty-2.1.0-03f3b68-SNAPSHOT.jar:/home/runner/.m2/repository/org/apache/ratis/ratis-grpc/2.1.0-03f3b68-SNAPSHOT/ratis-grpc-2.1.0-03f3b68-SNAPSHOT.jar:/home/runner/.m2/repository/org/apache/logging/log4j/log4j-api/2.13.3/log4j-api-2.13.3.jar:/home/runner/.m2/repository/org/apache/logging/log4j/log4j-core/2.13.3/log4j-core-2.13.3.jar:/home/runner/.m2/repository/com/lmax/disruptor/3.4.2/disruptor-3.4.2.jar:/home/runner/.m2/repository/org/apache/commons/commons-pool2/2.6.0/commons-pool2-2.6.0.jar:/home/runner/.m2/repository/org/bouncycastle/bcpkix-jdk15on/1.67/bcpkix-jdk15on-1.67.jar:/home/runner/.m2/repository/commons-validator/commons-validator/1.6/commons-validator-1.6.jar:/home/runner/.m2/repository/commons-beanutils/commons-beanutils/1.9.4/commons-beanutils-1.9.4.jar:/home/runner/.m2/repository/commons-digester/commons-digester/1.8.1/commons-digester-1.8.1.jar:/home/runner/.m2/repository/commons-collections/commons-collections/3.2.2/commons-collections-3.2.2.jar:/home/runner/.m2/repository/io/jaegertracing/jaeger-client/1.6.0/jaeger-client-1.6.0.jar:/home/runner/.m2/repository/io/jaegertracing/jaeger-thrift/1.6.0/jaeger-thrift-1.6.0.jar:/home/runner/.m2/repository/org/apache/thrift/libthrift/0.14.1/libthrift-0.14.1.jar:/home/runner/.m2/repository/com/squareup/okhttp3/okhttp/4.9.0/okhttp-4.9.0.jar:/home/runner/.m2/repository/com/squareup/okio/okio/2.8.0/okio-2.8.0.jar:/home/runner/.m2/repository/io/jaegertracing/jaeger-core/1.6.0/jaeger-core-1.6.0.jar:/home/runner/.m2/repository/io/jaegertracing/jaeger-tracerresolver/1.6.0/jaeger-tracerresolver-1.6.0.jar:/home/runner/.m2/repository/io/opentracing/contrib/opentracing-tracerresolver/0.1.8/opentracing-tracerresolver-0.1.8.jar:/home/runner/.m2/repository/org/jetbrains/kotlin/kotlin-stdlib/1.4.31/kotlin-stdlib-1.4.31.jar:/home/runner/.m2/repository/org/jetbrains/kotlin/kotlin-stdlib-common/1.4.31/kotlin-stdlib-common-1.4.31.jar:/home/runner/.m2/repository/org/jetbrains/annotations/13.0/annotations-13.0.jar:/home/runner/.m2/repository/io/opentracing/opentracing-util/0.33.0/opentracing-util-0.33.0.jar:/home/runner/.m2/repository/io/opentracing/opentracing-api/0.33.0/opentracing-api-0.33.0.jar:/home/runner/.m2/repository/io/opentracing/opentracing-noop/0.33.0/opentracing-noop-0.33.0.jar:/home/runner/.m2/repository/org/yaml/snakeyaml/1.26/snakeyaml-1.26.jar:/home/runner/.m2/repository/org/apache/ozone/hdds-interface-admin/1.2.0-SNAPSHOT/hdds-interface-admin-1.2.0-SNAPSHOT.jar:/home/runner/.m2/repository/junit/junit/4.13.1/junit-4.13.1.jar:/home/runner/.m2/repository/org/hamcrest/hamcrest-core/1.3/hamcrest-core-1.3.jar:/home/runner/.m2/repository/org/junit/jupiter/junit-jupiter-api/5.7.0/junit-jupiter-api-5.7.0.jar:/home/runner/.m2/repository/org/apiguardian/apiguardian-api/1.1.0/apiguardian-api-1.1.0.jar:/home/runner/.m2/repository/org/opentest4j/opentest4j/1.2.0/opentest4j-1.2.0.jar:/home/runner/.m2/repository/org/junit/platform/junit-platform-commons/1.7.0/junit-platform-commons-1.7.0.jar:/home/runner/.m2/repository/org/junit/jupiter/junit-jupiter-engine/5.7.0/junit-jupiter-engine-5.7.0.jar:/home/runner/.m2/repository/org/junit/platform/junit-platform-engine/1.7.0/junit-platform-engine-1.7.0.jar:/home/runner/.m2/repository/org/junit/vintage/junit-vintage-engine/5.7.0/junit-vintage-engine-5.7.0.jar:/home/runner/.m2/repository/org/junit/platform/junit-platform-launcher/1.7.0/junit-platform-launcher-1.7.0.jar:/home/runner/.m2/repository/org/openjdk/jmh/jmh-core/1.19/jmh-core-1.19.jar:/home/runner/.m2/repository/net/sf/jopt-simple/jopt-simple/4.6/jopt-simple-4.6.jar:/home/runner/.m2/repository/org/apache/commons/commons-math3/3.1.1/commons-math3-3.1.1.jar:/home/runner/.m2/repository/org/openjdk/jmh/jmh-generator-annprocess/1.19/jmh-generator-annprocess-1.19.jar:/home/runner/.m2/repository/org/mockito/mockito-core/2.28.2/mockito-core-2.28.2.jar:/home/runner/.m2/repository/net/bytebuddy/byte-buddy/1.9.10/byte-buddy-1.9.10.jar:/home/runner/.m2/repository/net/bytebuddy/byte-buddy-agent/1.9.10/byte-buddy-agent-1.9.10.jar:/home/runner/.m2/repository/org/objenesis/objenesis/1.0/objenesis-1.0.jar:/home/runner/.m2/repository/org/apache/hadoop/hadoop-kms/3.3.1/hadoop-kms-3.3.1.jar:/home/runner/.m2/repository/org/apache/hadoop/hadoop-auth/3.3.1/hadoop-auth-3.3.1.jar:/home/runner/.m2/repository/com/nimbusds/nimbus-jose-jwt/7.9/nimbus-jose-jwt-7.9.jar:/home/runner/.m2/repository/com/github/stephenc/jcip/jcip-annotations/1.0-1/jcip-annotations-1.0-1.jar:/home/runner/.m2/repository/net/minidev/json-smart/2.3/json-smart-2.3.jar:/home/runner/.m2/repository/net/minidev/accessors-smart/1.2/accessors-smart-1.2.jar:/home/runner/.m2/repository/org/ow2/asm/asm/5.0.4/asm-5.0.4.jar:/home/runner/.m2/repository/org/apache/zookeeper/zookeeper/3.5.6/zookeeper-3.5.6.jar:/home/runner/.m2/repository/org/apache/zookeeper/zookeeper-jute/3.5.6/zookeeper-jute-3.5.6.jar:/home/runner/.m2/repository/org/apache/yetus/audience-annotations/0.5.0/audience-annotations-0.5.0.jar:/home/runner/.m2/repository/org/apache/curator/curator-framework/4.2.0/curator-framework-4.2.0.jar:/home/runner/.m2/repository/org/apache/hadoop/thirdparty/hadoop-shaded-guava/1.1.1/hadoop-shaded-guava-1.1.1.jar:/home/runner/.m2/repository/com/sun/jersey/jersey-core/1.19/jersey-core-1.19.jar:/home/runner/.m2/repository/javax/ws/rs/jsr311-api/1.1.1/jsr311-api-1.1.1.jar:/home/runner/.m2/repository/com/sun/jersey/jersey-server/1.19/jersey-server-1.19.jar:/home/runner/.m2/repository/javax/servlet/javax.servlet-api/3.1.0/javax.servlet-api-3.1.0.jar:/home/runner/.m2/repository/org/eclipse/jetty/jetty-server/9.4.43.v20210629/jetty-server-9.4.43.v20210629.jar:/home/runner/.m2/repository/org/eclipse/jetty/jetty-http/9.4.43.v20210629/jetty-http-9.4.43.v20210629.jar:/home/runner/.m2/repository/org/eclipse/jetty/jetty-io/9.4.43.v20210629/jetty-io-9.4.43.v20210629.jar:/home/runner/.m2/repository/org/eclipse/jetty/jetty-webapp/9.4.43.v20210629/jetty-webapp-9.4.43.v20210629.jar:/home/runner/.m2/repository/org/eclipse/jetty/jetty-xml/9.4.43.v20210629/jetty-xml-9.4.43.v20210629.jar:/home/runner/.m2/repository/org/apache/hadoop/hadoop-common/3.3.1/hadoop-common-3.3.1.jar:/home/runner/.m2/repository/commons-net/commons-net/3.6/commons-net-3.6.jar:/home/runner/.m2/repository/jakarta/activation/jakarta.activation-api/1.2.1/jakarta.activation-api-1.2.1.jar:/home/runner/.m2/repository/com/sun/jersey/jersey-servlet/1.19/jersey-servlet-1.19.jar:/home/runner/.m2/repository/com/sun/jersey/jersey-json/1.19/jersey-json-1.19.jar:/home/runner/.m2/repository/org/codehaus/jettison/jettison/1.1/jettison-1.1.jar:/home/runner/.m2/repository/com/sun/xml/bind/jaxb-impl/2.2.3-1/jaxb-impl-2.2.3-1.jar:/home/runner/.m2/repository/org/codehaus/jackson/jackson-jaxrs/1.9.2/jackson-jaxrs-1.9.2.jar:/home/runner/.m2/repository/org/codehaus/jackson/jackson-xc/1.9.2/jackson-xc-1.9.2.jar:/home/runner/.m2/repository/org/apache/commons/commons-configuration2/2.1.1/commons-configuration2-2.1.1.jar:/home/runner/.m2/repository/org/apache/commons/commons-text/1.4/commons-text-1.4.jar:/home/runner/.m2/repository/com/google/re2j/re2j/1.1/re2j-1.1.jar:/home/runner/.m2/repository/com/jcraft/jsch/0.1.54/jsch-0.1.54.jar:/home/runner/.m2/repository/org/apache/curator/curator-client/4.2.0/curator-client-4.2.0.jar:/home/runner/.m2/repository/org/apache/curator/curator-recipes/4.2.0/curator-recipes-4.2.0.jar:/home/runner/.m2/repository/org/apache/kerby/kerb-core/1.0.1/kerb-core-1.0.1.jar:/home/runner/.m2/repository/org/apache/kerby/kerby-pkix/1.0.1/kerby-pkix-1.0.1.jar:/home/runner/.m2/repository/org/apache/kerby/kerby-asn1/1.0.1/kerby-asn1-1.0.1.jar:/home/runner/.m2/repository/org/apache/kerby/kerby-util/1.0.1/kerby-util-1.0.1.jar:/home/runner/.m2/repository/dnsjava/dnsjava/2.1.7/dnsjava-2.1.7.jar:/home/runner/.m2/repository/org/xerial/snappy/snappy-java/1.1.8.2/snappy-java-1.1.8.2.jar:/home/runner/.m2/repository/org/slf4j/jul-to-slf4j/1.7.30/jul-to-slf4j-1.7.30.jar:/home/runner/.m2/repository/org/eclipse/jetty/jetty-util/9.4.43.v20210629/jetty-util-9.4.43.v20210629.jar:/home/runner/.m2/repository/com/fasterxml/jackson/core/jackson-databind/2.12.1/jackson-databind-2.12.1.jar:/home/runner/.m2/repository/org/apache/hadoop/hadoop-kms/3.3.1/hadoop-kms-3.3.1-tests.jar:/home/runner/.m2/repository/org/apache/ozone/hdds-server-scm/1.2.0-SNAPSHOT/hdds-server-scm-1.2.0-SNAPSHOT-tests.jar:/home/runner/.m2/repository/org/apache/ozone/hdds-container-service/1.2.0-SNAPSHOT/hdds-container-service-1.2.0-SNAPSHOT-tests.jar:/home/runner/.m2/repository/commons-codec/commons-codec/1.11/commons-codec-1.11.jar:/home/runner/.m2/repository/io/netty/netty-transport/4.1.63.Final/netty-transport-4.1.63.Final.jar:/home/runner/.m2/repository/io/netty/netty-resolver/4.1.63.Final/netty-resolver-4.1.63.Final.jar:/home/runner/.m2/repository/io/netty/netty-codec/4.1.63.Final/netty-codec-4.1.63.Final.jar:/home/runner/.m2/repository/io/netty/netty-handler/4.1.63.Final/netty-handler-4.1.63.Final.jar:/home/runner/.m2/repository/org/apache/ozone/hdds-hadoop-dependency-test/1.2.0-SNAPSHOT/hdds-hadoop-dependency-test-1.2.0-SNAPSHOT.jar:/home/runner/.m2/repository/org/apache/hadoop/hadoop-common/3.3.1/hadoop-common-3.3.1-tests.jar:/home/runner/.m2/repository/org/assertj/assertj-core/3.12.2/assertj-core-3.12.2.jar:/home/runner/.m2/repository/org/apache/hadoop/hadoop-hdfs/3.3.1/hadoop-hdfs-3.3.1-tests.jar:/home/runner/.m2/repository/org/eclipse/jetty/jetty-util-ajax/9.4.43.v20210629/jetty-util-ajax-9.4.43.v20210629.jar:/home/runner/.m2/repository/commons-daemon/commons-daemon/1.0.13/commons-daemon-1.0.13.jar:/home/runner/.m2/repository/io/netty/netty/3.10.6.Final/netty-3.10.6.Final.jar:/home/runner/.m2/repository/io/netty/netty-all/4.1.63.Final/netty-all-4.1.63.Final.jar:/home/runner/.m2/repository/org/apache/htrace/htrace-core4/4.1.0-incubating/htrace-core4-4.1.0-incubating.jar:/home/runner/.m2/repository/org/fusesource/leveldbjni/leveldbjni-all/1.8/leveldbjni-all-1.8.jar:/home/runner/.m2/repository/org/apache/hadoop/hadoop-distcp/3.3.1/hadoop-distcp-3.3.1.jar:/home/runner/.m2/repository/org/apache/hadoop/hadoop-mapreduce-client-jobclient/3.3.1/hadoop-mapreduce-client-jobclient-3.3.1.jar:/home/runner/.m2/repository/org/apache/hadoop/hadoop-mapreduce-client-common/3.3.1/hadoop-mapreduce-client-common-3.3.1.jar:/home/runner/.m2/repository/org/apache/hadoop/hadoop-yarn-common/3.3.1/hadoop-yarn-common-3.3.1.jar:/home/runner/.m2/repository/org/apache/hadoop/hadoop-yarn-api/3.3.1/hadoop-yarn-api-3.3.1.jar:/home/runner/.m2/repository/com/sun/jersey/jersey-client/1.19/jersey-client-1.19.jar:/home/runner/.m2/repository/com/sun/jersey/contribs/jersey-guice/1.19/jersey-guice-1.19.jar:/home/runner/.m2/repository/com/fasterxml/jackson/jaxrs/jackson-jaxrs-json-provider/2.12.1/jackson-jaxrs-json-provider-2.12.1.jar:/home/runner/.m2/repository/com/fasterxml/jackson/jaxrs/jackson-jaxrs-base/2.12.1/jackson-jaxrs-base-2.12.1.jar:/home/runner/.m2/repository/org/apache/hadoop/hadoop-yarn-client/3.3.1/hadoop-yarn-client-3.3.1.jar:/home/runner/.m2/repository/org/eclipse/jetty/websocket/websocket-client/9.4.40.v20210413/websocket-client-9.4.40.v20210413.jar:/home/runner/.m2/repository/org/eclipse/jetty/jetty-client/9.4.40.v20210413/jetty-client-9.4.40.v20210413.jar:/home/runner/.m2/repository/org/eclipse/jetty/websocket/websocket-common/9.4.40.v20210413/websocket-common-9.4.40.v20210413.jar:/home/runner/.m2/repository/org/eclipse/jetty/websocket/websocket-api/9.4.40.v20210413/websocket-api-9.4.40.v20210413.jar:/home/runner/.m2/repository/org/jline/jline/3.9.0/jline-3.9.0.jar:/home/runner/.m2/repository/org/apache/hadoop/hadoop-mapreduce-client-core/3.3.1/hadoop-mapreduce-client-core-3.3.1.jar:/home/runner/.m2/repository/org/apache/avro/avro/1.7.7/avro-1.7.7.jar:/home/runner/.m2/repository/org/codehaus/jackson/jackson-core-asl/1.9.13/jackson-core-asl-1.9.13.jar:/home/runner/.m2/repository/org/codehaus/jackson/jackson-mapper-asl/1.9.13/jackson-mapper-asl-1.9.13.jar:/home/runner/.m2/repository/com/thoughtworks/paranamer/paranamer/2.3/paranamer-2.3.jar:/home/runner/.m2/repository/org/apache/hadoop/hadoop-annotations/3.3.1/hadoop-annotations-3.3.1.jar:/usr/lib/jvm/adoptopenjdk-8-hotspot-amd64/jre/../lib/tools.jar:/home/runner/.m2/repository/org/apache/hadoop/hadoop-distcp/3.3.1/hadoop-distcp-3.3.1-tests.jar:/home/runner/.m2/repository/org/apache/ratis/ratis-common/2.1.0-03f3b68-SNAPSHOT/ratis-common-2.1.0-03f3b68-SNAPSHOT.jar:/home/runner/.m2/repository/org/apache/ratis/ratis-thirdparty-misc/0.7.0/ratis-thirdparty-misc-0.7.0.jar:/home/runner/.m2/repository/org/apache/ratis/ratis-proto/2.1.0-03f3b68-SNAPSHOT/ratis-proto-2.1.0-03f3b68-SNAPSHOT.jar:"/>
    <property name="sun.cpu.endian" value="little"/>
    <property name="user.home" value="/home/runner"/>
    <property name="user.language" value="en"/>
    <property name="java.specification.vendor" value="Oracle Corporation"/>
    <property name="java.home" value="/usr/lib/jvm/adoptopenjdk-8-hotspot-amd64/jre"/>
    <property name="java.security.krb5.conf" value="/home/runner/work/ozone/ozone/hadoop-ozone/integration-test/target/test-classes/krb5.conf"/>
    <property name="basedir" value="/home/runner/work/ozone/ozone/hadoop-ozone/integration-test"/>
    <property name="file.separator" value="/"/>
    <property name="line.separator" value="&#10;"/>
    <property name="java.vm.specification.vendor" value="Oracle Corporation"/>
    <property name="java.specification.name" value="Java Platform API Specification"/>
    <property name="java.awt.graphicsenv" value="sun.awt.X11GraphicsEnvironment"/>
    <property name="skip.installnpx" value="true"/>
    <property name="surefire.real.class.path" value="/home/runner/work/ozone/ozone/hadoop-ozone/integration-test/target/surefire/surefirebooter2730111797312302459.jar:/home/runner/.m2/repository/org/jacoco/org.jacoco.agent/0.8.5/org.jacoco.agent-0.8.5-runtime.jar"/>
    <property name="hadoop.log.dir" value="/home/runner/work/ozone/ozone/hadoop-ozone/integration-test/target/log"/>
    <property name="sun.boot.class.path" value="/usr/lib/jvm/adoptopenjdk-8-hotspot-amd64/jre/lib/resources.jar:/usr/lib/jvm/adoptopenjdk-8-hotspot-amd64/jre/lib/rt.jar:/usr/lib/jvm/adoptopenjdk-8-hotspot-amd64/jre/lib/sunrsasign.jar:/usr/lib/jvm/adoptopenjdk-8-hotspot-amd64/jre/lib/jsse.jar:/usr/lib/jvm/adoptopenjdk-8-hotspot-amd64/jre/lib/jce.jar:/usr/lib/jvm/adoptopenjdk-8-hotspot-amd64/jre/lib/charsets.jar:/usr/lib/jvm/adoptopenjdk-8-hotspot-amd64/jre/lib/jfr.jar:/usr/lib/jvm/adoptopenjdk-8-hotspot-amd64/jre/classes"/>
    <property name="sun.management.compiler" value="HotSpot 64-Bit Tiered Compilers"/>
    <property name="skip.npx" value="true"/>
    <property name="java.runtime.version" value="1.8.0_292-b10"/>
    <property name="java.net.preferIPv4Stack" value="true"/>
    <property name="user.name" value="runner"/>
    <property name="path.separator" value=":"/>
    <property name="java.security.egd" value="file:///dev/urandom"/>
    <property name="os.version" value="5.4.0-1058-azure"/>
    <property name="java.endorsed.dirs" value="/usr/lib/jvm/adoptopenjdk-8-hotspot-amd64/jre/lib/endorsed"/>
    <property name="java.runtime.name" value="OpenJDK Runtime Environment"/>
    <property name="file.encoding" value="UTF-8"/>
    <property name="java.vm.name" value="OpenJDK 64-Bit Server VM"/>
    <property name="test.build.webapps" value=""/>
    <property name="localRepository" value="/home/runner/.m2/repository"/>
    <property name="java.vendor.url.bug" value="https://github.com/AdoptOpenJDK/openjdk-support/issues"/>
    <property name="java.io.tmpdir" value="/tmp"/>
    <property name="require.test.libhadoop" value=""/>
    <property name="java.version" value="1.8.0_292"/>
    <property name="user.dir" value="/home/runner/work/ozone/ozone/hadoop-ozone/integration-test"/>
    <property name="os.arch" value="amd64"/>
    <property name="java.vm.specification.name" value="Java Virtual Machine Specification"/>
    <property name="test.build.classes" value="/home/runner/work/ozone/ozone/hadoop-ozone/integration-test/target/test-classes"/>
    <property name="java.awt.printerjob" value="sun.print.PSPrinterJob"/>
    <property name="sun.os.patch.level" value="unknown"/>
    <property name="hadoop.tmp.dir" value="/home/runner/work/ozone/ozone/hadoop-ozone/integration-test/target/tmp"/>
    <property name="java.library.path" value="/usr/java/packages/lib/amd64:/usr/lib64:/lib64:/lib:/usr/lib"/>
    <property name="java.vm.info" value="mixed mode"/>
    <property name="java.vendor" value="AdoptOpenJDK"/>
    <property name="java.vm.version" value="25.292-b10"/>
    <property name="java.ext.dirs" value="/usr/lib/jvm/adoptopenjdk-8-hotspot-amd64/jre/lib/ext:/usr/java/packages/lib/ext"/>
    <property name="sun.io.unicode.encoding" value="UnicodeLittle"/>
    <property name="java.class.version" value="52.0"/>
  </properties>
  <testcase name="testInstallSnapshot" classname="org.apache.hadoop.ozone.scm.TestSCMInstallSnapshotWithHA" time="64.699"/>
  <testcase name="testInstallOldCheckpointFailure" classname="org.apache.hadoop.ozone.scm.TestSCMInstallSnapshotWithHA" time="70.914">
    <failure message="expected:&lt;(t:2, i:128)&gt; but was:&lt;(t:2, i:28)&gt;" type="java.lang.AssertionError"><![CDATA[java.lang.AssertionError: expected:<(t:2, i:128)> but was:<(t:2, i:28)>
	at org.junit.Assert.fail(Assert.java:89)
	at org.junit.Assert.failNotEquals(Assert.java:835)
	at org.junit.Assert.assertEquals(Assert.java:120)
	at org.junit.Assert.assertEquals(Assert.java:146)
	at org.apache.hadoop.ozone.scm.TestSCMInstallSnapshotWithHA.testInstallOldCheckpointFailure(TestSCMInstallSnapshotWithHA.java:207)
	at sun.reflect.NativeMethodAccessorImpl.invoke0(Native Method)
	at sun.reflect.NativeMethodAccessorImpl.invoke(NativeMethodAccessorImpl.java:62)
	at sun.reflect.DelegatingMethodAccessorImpl.invoke(DelegatingMethodAccessorImpl.java:43)
	at java.lang.reflect.Method.invoke(Method.java:498)
	at org.junit.platform.commons.util.ReflectionUtils.invokeMethod(ReflectionUtils.java:688)
	at org.junit.jupiter.engine.execution.MethodInvocation.proceed(MethodInvocation.java:60)
	at org.junit.jupiter.engine.execution.InvocationInterceptorChain$ValidatingInvocation.proceed(InvocationInterceptorChain.java:131)
	at org.junit.jupiter.engine.extension.TimeoutInvocation.proceed(TimeoutInvocation.java:46)
	at org.junit.jupiter.engine.extension.TimeoutExtension.intercept(TimeoutExtension.java:149)
	at org.junit.jupiter.engine.extension.TimeoutExtension.interceptTestableMethod(TimeoutExtension.java:140)
	at org.junit.jupiter.engine.extension.TimeoutExtension.interceptTestMethod(TimeoutExtension.java:84)
	at org.junit.jupiter.engine.execution.ExecutableInvoker$ReflectiveInterceptorCall.lambda$ofVoidMethod$0(ExecutableInvoker.java:115)
	at org.junit.jupiter.engine.execution.ExecutableInvoker.lambda$invoke$0(ExecutableInvoker.java:105)
	at org.junit.jupiter.engine.execution.InvocationInterceptorChain$InterceptedInvocation.proceed(InvocationInterceptorChain.java:106)
	at org.junit.jupiter.engine.execution.InvocationInterceptorChain.proceed(InvocationInterceptorChain.java:64)
	at org.junit.jupiter.engine.execution.InvocationInterceptorChain.chainAndInvoke(InvocationInterceptorChain.java:45)
	at org.junit.jupiter.engine.execution.InvocationInterceptorChain.invoke(InvocationInterceptorChain.java:37)
	at org.junit.jupiter.engine.execution.ExecutableInvoker.invoke(ExecutableInvoker.java:104)
	at org.junit.jupiter.engine.execution.ExecutableInvoker.invoke(ExecutableInvoker.java:98)
	at org.junit.jupiter.engine.descriptor.TestMethodTestDescriptor.lambda$invokeTestMethod$6(TestMethodTestDescriptor.java:210)
	at org.junit.platform.engine.support.hierarchical.ThrowableCollector.execute(ThrowableCollector.java:73)
	at org.junit.jupiter.engine.descriptor.TestMethodTestDescriptor.invokeTestMethod(TestMethodTestDescriptor.java:206)
	at org.junit.jupiter.engine.descriptor.TestMethodTestDescriptor.execute(TestMethodTestDescriptor.java:131)
	at org.junit.jupiter.engine.descriptor.TestMethodTestDescriptor.execute(TestMethodTestDescriptor.java:65)
	at org.junit.platform.engine.support.hierarchical.NodeTestTask.lambda$executeRecursively$5(NodeTestTask.java:139)
	at org.junit.platform.engine.support.hierarchical.ThrowableCollector.execute(ThrowableCollector.java:73)
	at org.junit.platform.engine.support.hierarchical.NodeTestTask.lambda$executeRecursively$7(NodeTestTask.java:129)
	at org.junit.platform.engine.support.hierarchical.Node.around(Node.java:137)
	at org.junit.platform.engine.support.hierarchical.NodeTestTask.lambda$executeRecursively$8(NodeTestTask.java:127)
	at org.junit.platform.engine.support.hierarchical.ThrowableCollector.execute(ThrowableCollector.java:73)
	at org.junit.platform.engine.support.hierarchical.NodeTestTask.executeRecursively(NodeTestTask.java:126)
	at org.junit.platform.engine.support.hierarchical.NodeTestTask.execute(NodeTestTask.java:84)
	at java.util.ArrayList.forEach(ArrayList.java:1259)
	at org.junit.platform.engine.support.hierarchical.SameThreadHierarchicalTestExecutorService.invokeAll(SameThreadHierarchicalTestExecutorService.java:38)
	at org.junit.platform.engine.support.hierarchical.NodeTestTask.lambda$executeRecursively$5(NodeTestTask.java:143)
	at org.junit.platform.engine.support.hierarchical.ThrowableCollector.execute(ThrowableCollector.java:73)
	at org.junit.platform.engine.support.hierarchical.NodeTestTask.lambda$executeRecursively$7(NodeTestTask.java:129)
	at org.junit.platform.engine.support.hierarchical.Node.around(Node.java:137)
	at org.junit.platform.engine.support.hierarchical.NodeTestTask.lambda$executeRecursively$8(NodeTestTask.java:127)
	at org.junit.platform.engine.support.hierarchical.ThrowableCollector.execute(ThrowableCollector.java:73)
	at org.junit.platform.engine.support.hierarchical.NodeTestTask.executeRecursively(NodeTestTask.java:126)
	at org.junit.platform.engine.support.hierarchical.NodeTestTask.execute(NodeTestTask.java:84)
	at java.util.ArrayList.forEach(ArrayList.java:1259)
	at org.junit.platform.engine.support.hierarchical.SameThreadHierarchicalTestExecutorService.invokeAll(SameThreadHierarchicalTestExecutorService.java:38)
	at org.junit.platform.engine.support.hierarchical.NodeTestTask.lambda$executeRecursively$5(NodeTestTask.java:143)
	at org.junit.platform.engine.support.hierarchical.ThrowableCollector.execute(ThrowableCollector.java:73)
	at org.junit.platform.engine.support.hierarchical.NodeTestTask.lambda$executeRecursively$7(NodeTestTask.java:129)
	at org.junit.platform.engine.support.hierarchical.Node.around(Node.java:137)
	at org.junit.platform.engine.support.hierarchical.NodeTestTask.lambda$executeRecursively$8(NodeTestTask.java:127)
	at org.junit.platform.engine.support.hierarchical.ThrowableCollector.execute(ThrowableCollector.java:73)
	at org.junit.platform.engine.support.hierarchical.NodeTestTask.executeRecursively(NodeTestTask.java:126)
	at org.junit.platform.engine.support.hierarchical.NodeTestTask.execute(NodeTestTask.java:84)
	at org.junit.platform.engine.support.hierarchical.SameThreadHierarchicalTestExecutorService.submit(SameThreadHierarchicalTestExecutorService.java:32)
	at org.junit.platform.engine.support.hierarchical.HierarchicalTestExecutor.execute(HierarchicalTestExecutor.java:57)
	at org.junit.platform.engine.support.hierarchical.HierarchicalTestEngine.execute(HierarchicalTestEngine.java:51)
	at org.junit.platform.launcher.core.EngineExecutionOrchestrator.execute(EngineExecutionOrchestrator.java:108)
	at org.junit.platform.launcher.core.EngineExecutionOrchestrator.execute(EngineExecutionOrchestrator.java:88)
	at org.junit.platform.launcher.core.EngineExecutionOrchestrator.lambda$execute$0(EngineExecutionOrchestrator.java:54)
	at org.junit.platform.launcher.core.EngineExecutionOrchestrator.withInterceptedStreams(EngineExecutionOrchestrator.java:67)
	at org.junit.platform.launcher.core.EngineExecutionOrchestrator.execute(EngineExecutionOrchestrator.java:52)
	at org.junit.platform.launcher.core.DefaultLauncher.execute(DefaultLauncher.java:96)
	at org.junit.platform.launcher.core.DefaultLauncher.execute(DefaultLauncher.java:75)
	at org.apache.maven.surefire.junitplatform.JUnitPlatformProvider.invokeAllTests(JUnitPlatformProvider.java:142)
	at org.apache.maven.surefire.junitplatform.JUnitPlatformProvider.invoke(JUnitPlatformProvider.java:113)
	at org.apache.maven.surefire.booter.ForkedBooter.invokeProviderInSameClassLoader(ForkedBooter.java:384)
	at org.apache.maven.surefire.booter.ForkedBooter.runSuitesInProcess(ForkedBooter.java:345)
	at org.apache.maven.surefire.booter.ForkedBooter.execute(ForkedBooter.java:126)
	at org.apache.maven.surefire.booter.ForkedBooter.main(ForkedBooter.java:418)
]]></failure>
    <system-out><![CDATA[2021-09-22 10:23:46,348 [Listener at 127.0.0.1/10764] WARN  server.ServerUtils (ServerUtils.java:getScmDbDir(148)) - ozone.scm.db.dirs is not configured. We recommend adding this setting. Falling back to ozone.metadata.dirs instead.
2021-09-22 10:23:46,354 [Listener at 127.0.0.1/10764] INFO  ha.SCMHANodeDetails (SCMHANodeDetails.java:loadSCMHAConfig(157)) - ServiceID for StorageContainerManager is scm-service-test1
2021-09-22 10:23:46,354 [Listener at 127.0.0.1/10764] INFO  ha.SCMHANodeDetails (SCMHANodeDetails.java:loadSCMHAConfig(168)) - ServiceID for StorageContainerManager is scm-service-test1
2021-09-22 10:23:46,354 [Listener at 127.0.0.1/10764] WARN  scm.ScmUtils (ScmUtils.java:logWarn(179)) - ConfigKey ozone.scm.block.client.address is deprecated, For configuring different ports for each SCM use PortConfigKey ozone.scm.block.client.port appended with serviceId and nodeId. If want to configure same port configure ozone.scm.block.client.port
2021-09-22 10:23:46,354 [Listener at 127.0.0.1/10764] WARN  scm.ScmUtils (ScmUtils.java:logWarn(179)) - ConfigKey ozone.scm.client.address is deprecated, For configuring different ports for each SCM use PortConfigKey ozone.scm.client.port appended with serviceId and nodeId. If want to configure same port configure ozone.scm.client.port
2021-09-22 10:23:46,355 [Listener at 127.0.0.1/10764] WARN  scm.ScmUtils (ScmUtils.java:logWarn(179)) - ConfigKey ozone.scm.datanode.address is deprecated, For configuring different ports for each SCM use PortConfigKey ozone.scm.datanode.port appended with serviceId and nodeId. If want to configure same port configure ozone.scm.datanode.port
2021-09-22 10:23:46,355 [Listener at 127.0.0.1/10764] WARN  scm.ScmUtils (ScmUtils.java:logWarn(179)) - ConfigKey ozone.scm.block.client.address is deprecated, For configuring different ports for each SCM use PortConfigKey ozone.scm.block.client.port appended with serviceId and nodeId. If want to configure same port configure ozone.scm.block.client.port
2021-09-22 10:23:46,355 [Listener at 127.0.0.1/10764] WARN  scm.ScmUtils (ScmUtils.java:logWarn(179)) - ConfigKey ozone.scm.client.address is deprecated, For configuring different ports for each SCM use PortConfigKey ozone.scm.client.port appended with serviceId and nodeId. If want to configure same port configure ozone.scm.client.port
2021-09-22 10:23:46,356 [Listener at 127.0.0.1/10764] WARN  scm.ScmUtils (ScmUtils.java:logWarn(179)) - ConfigKey ozone.scm.datanode.address is deprecated, For configuring different ports for each SCM use PortConfigKey ozone.scm.datanode.port appended with serviceId and nodeId. If want to configure same port configure ozone.scm.datanode.port
2021-09-22 10:23:46,356 [Listener at 127.0.0.1/10764] INFO  ha.SCMHANodeDetails (SCMHANodeDetails.java:loadSCMHAConfig(250)) - Found matching SCM address with SCMServiceId: scm-service-test1, SCMNodeId: scmNode-1, RPC Address: localhost:14468 and Ratis port: 14468
2021-09-22 10:23:46,356 [Listener at 127.0.0.1/10764] INFO  ha.SCMHANodeDetails (ConfUtils.java:setNodeSpecificConfigs(108)) - Setting configuration key ozone.scm.datanode.address with value of key ozone.scm.datanode.address.scm-service-test1.scmNode-1: 127.0.0.1:14469
2021-09-22 10:23:46,356 [Listener at 127.0.0.1/10764] INFO  ha.SCMHANodeDetails (ConfUtils.java:setNodeSpecificConfigs(108)) - Setting configuration key ozone.scm.block.client.address with value of key ozone.scm.block.client.address.scm-service-test1.scmNode-1: 127.0.0.1:14470
2021-09-22 10:23:46,357 [Listener at 127.0.0.1/10764] INFO  ha.SCMHANodeDetails (ConfUtils.java:setNodeSpecificConfigs(108)) - Setting configuration key ozone.scm.client.address with value of key ozone.scm.client.address.scm-service-test1.scmNode-1: 127.0.0.1:14471
2021-09-22 10:23:46,357 [Listener at 127.0.0.1/10764] INFO  ha.SCMHANodeDetails (ConfUtils.java:setNodeSpecificConfigs(108)) - Setting configuration key ozone.scm.ratis.port with value of key ozone.scm.ratis.port.scm-service-test1.scmNode-1: 14468
2021-09-22 10:23:46,357 [Listener at 127.0.0.1/10764] INFO  ha.SCMHANodeDetails (ConfUtils.java:setNodeSpecificConfigs(108)) - Setting configuration key ozone.scm.grpc.port with value of key ozone.scm.grpc.port.scm-service-test1.scmNode-1: 14472
2021-09-22 10:23:46,357 [Listener at 127.0.0.1/10764] INFO  ha.SCMHANodeDetails (ConfUtils.java:setNodeSpecificConfigs(108)) - Setting configuration key ozone.scm.http-address with value of key ozone.scm.http-address.scm-service-test1.scmNode-1: 127.0.0.1:14466
2021-09-22 10:23:46,358 [Listener at 127.0.0.1/10764] INFO  ha.SCMHANodeDetails (ConfUtils.java:setNodeSpecificConfigs(108)) - Setting configuration key ozone.scm.https-address with value of key ozone.scm.https-address.scm-service-test1.scmNode-1: 127.0.0.1:14467
2021-09-22 10:23:46,358 [Listener at 127.0.0.1/10764] INFO  ha.SCMHANodeDetails (ConfUtils.java:setNodeSpecificConfigs(108)) - Setting configuration key ozone.scm.address with value of key ozone.scm.address.scm-service-test1.scmNode-1: 127.0.0.1
2021-09-22 10:23:46,358 [Listener at 127.0.0.1/10764] WARN  scm.ScmUtils (ScmUtils.java:logWarn(179)) - ConfigKey ozone.scm.block.client.address is deprecated, For configuring different ports for each SCM use PortConfigKey ozone.scm.block.client.port appended with serviceId and nodeId. If want to configure same port configure ozone.scm.block.client.port
2021-09-22 10:23:46,358 [Listener at 127.0.0.1/10764] WARN  scm.ScmUtils (ScmUtils.java:logWarn(179)) - ConfigKey ozone.scm.client.address is deprecated, For configuring different ports for each SCM use PortConfigKey ozone.scm.client.port appended with serviceId and nodeId. If want to configure same port configure ozone.scm.client.port
2021-09-22 10:23:46,358 [Listener at 127.0.0.1/10764] WARN  scm.ScmUtils (ScmUtils.java:logWarn(179)) - ConfigKey ozone.scm.datanode.address is deprecated, For configuring different ports for each SCM use PortConfigKey ozone.scm.datanode.port appended with serviceId and nodeId. If want to configure same port configure ozone.scm.datanode.port
2021-09-22 10:23:46,372 [Listener at 127.0.0.1/10764] INFO  server.RaftServer (ConfUtils.java:logGet(44)) - raft.rpc.type = GRPC (default)
2021-09-22 10:23:46,372 [Listener at 127.0.0.1/10764] INFO  grpc.GrpcFactory (GrpcFactory.java:checkPooledByteBufAllocatorUseCacheForAllThreads(48)) - PERFORMANCE WARNING: useCacheForAllThreads is true that may cause Netty to create a lot garbage objects and, as a result, trigger GC.
	It is recommended to disable useCacheForAllThreads by setting -Dorg.apache.ratis.thirdparty.io.netty.allocator.useCacheForAllThreads=false in command line.
2021-09-22 10:23:46,373 [Listener at 127.0.0.1/10764] INFO  grpc.GrpcConfigKeys (ConfUtils.java:logGet(44)) - raft.grpc.admin.port = -1 (default)
2021-09-22 10:23:46,373 [Listener at 127.0.0.1/10764] INFO  grpc.GrpcConfigKeys (ConfUtils.java:logGet(44)) - raft.grpc.server.port = 14468 (custom)
2021-09-22 10:23:46,373 [Listener at 127.0.0.1/10764] INFO  grpc.GrpcConfigKeys (ConfUtils.java:logGet(44)) - raft.grpc.client.port = -1 (default)
2021-09-22 10:23:46,374 [Listener at 127.0.0.1/10764] INFO  grpc.GrpcConfigKeys (ConfUtils.java:logGet(44)) - raft.grpc.server.port = 14468 (custom)
2021-09-22 10:23:46,374 [Listener at 127.0.0.1/10764] INFO  grpc.GrpcConfigKeys (ConfUtils.java:logGet(44)) - raft.grpc.server.port = 14468 (custom)
2021-09-22 10:23:46,374 [Listener at 127.0.0.1/10764] INFO  server.GrpcService (ConfUtils.java:logGet(44)) - raft.grpc.message.size.max = 32m (=33554432) (custom)
2021-09-22 10:23:46,374 [Listener at 127.0.0.1/10764] INFO  server.RaftServerConfigKeys (ConfUtils.java:logGet(44)) - raft.server.log.appender.buffer.byte-limit = 33554432 (custom)
2021-09-22 10:23:46,374 [Listener at 127.0.0.1/10764] INFO  server.GrpcService (ConfUtils.java:logGet(44)) - raft.grpc.flow.control.window = 1MB (=1048576) (default)
2021-09-22 10:23:46,374 [Listener at 127.0.0.1/10764] INFO  server.RaftServerConfigKeys (ConfUtils.java:logGet(44)) - raft.server.rpc.request.timeout = 30000ms (custom)
2021-09-22 10:23:46,376 [Listener at 127.0.0.1/10764] INFO  impl.DataStreamServerImpl (ConfUtils.java:logGet(44)) - raft.datastream.type = DISABLED (default)
2021-09-22 10:23:46,376 [Listener at 127.0.0.1/10764] INFO  server.RaftServerConfigKeys (ConfUtils.java:logGet(44)) - raft.server.rpc.slowness.timeout = 120000ms (custom)
2021-09-22 10:23:46,381 [Listener at 127.0.0.1/10764] INFO  server.RaftServerConfigKeys (ConfUtils.java:logGet(44)) - raft.server.leaderelection.leader.step-down.wait-time = 10s (default)
2021-09-22 10:23:46,382 [Listener at 127.0.0.1/10764] INFO  server.RaftServerConfigKeys (ConfUtils.java:logGet(44)) - raft.server.storage.dir = [/home/runner/work/ozone/ozone/hadoop-ozone/integration-test/target/test-dir/MiniOzoneClusterImpl-37bb77ab-1cd7-4f0f-8c8b-61e82082808e/scmNode-1/scm-ha] (custom)
2021-09-22 10:23:46,393 [Listener at 127.0.0.1/10764] INFO  server.RaftServer (RaftServerProxy.java:addNew(95)) - 6cde2b08-89b9-430e-b77c-97253f43be03: addNew group-61E82082808E:[6cde2b08-89b9-430e-b77c-97253f43be03|rpc:localhost:14468|priority:0] returns group-61E82082808E:java.util.concurrent.CompletableFuture@3eb85d54[Not completed]
2021-09-22 10:23:46,394 [pool-175-thread-1] INFO  server.RaftServer$Division (RaftServerImpl.java:<init>(181)) - 6cde2b08-89b9-430e-b77c-97253f43be03: new RaftServerImpl for group-61E82082808E:[6cde2b08-89b9-430e-b77c-97253f43be03|rpc:localhost:14468|priority:0] with SCMStateMachine:uninitialized
2021-09-22 10:23:46,396 [pool-175-thread-1] INFO  server.RaftServerConfigKeys (ConfUtils.java:logGet(44)) - raft.server.rpc.timeout.min = 5000ms (custom)
2021-09-22 10:23:46,401 [pool-175-thread-1] INFO  server.RaftServerConfigKeys (ConfUtils.java:logGet(44)) - raft.server.rpc.timeout.max = 5200ms (custom)
2021-09-22 10:23:46,401 [pool-175-thread-1] INFO  server.RaftServerConfigKeys (ConfUtils.java:logGet(44)) - raft.server.rpc.sleep.time = 25ms (default)
2021-09-22 10:23:46,402 [pool-175-thread-1] INFO  server.RaftServerConfigKeys (ConfUtils.java:logGet(44)) - raft.server.rpc.slowness.timeout = 120000ms (custom)
2021-09-22 10:23:46,402 [pool-175-thread-1] INFO  server.RaftServerConfigKeys (ConfUtils.java:logGet(44)) - raft.server.leaderelection.leader.step-down.wait-time = 10s (default)
2021-09-22 10:23:46,402 [pool-175-thread-1] INFO  server.RaftServerConfigKeys (ConfUtils.java:logGet(44)) - raft.server.sleep.deviation.threshold = 300ms (default)
2021-09-22 10:23:46,402 [pool-175-thread-1] INFO  server.RaftServerConfigKeys (ConfUtils.java:logGet(44)) - raft.server.log.appender.install.snapshot.enabled = false (custom)
2021-09-22 10:23:46,402 [pool-175-thread-1] INFO  server.RaftServer$Division (ServerState.java:<init>(105)) - 6cde2b08-89b9-430e-b77c-97253f43be03@group-61E82082808E: ConfigurationManager, init=-1: [6cde2b08-89b9-430e-b77c-97253f43be03|rpc:localhost:14468|priority:0], old=null, confs=<EMPTY_MAP>
2021-09-22 10:23:46,402 [pool-175-thread-1] INFO  server.RaftServerConfigKeys (ConfUtils.java:logGet(44)) - raft.server.storage.dir = [/home/runner/work/ozone/ozone/hadoop-ozone/integration-test/target/test-dir/MiniOzoneClusterImpl-37bb77ab-1cd7-4f0f-8c8b-61e82082808e/scmNode-1/scm-ha] (custom)
2021-09-22 10:23:46,403 [pool-175-thread-1] INFO  server.RaftServerConfigKeys (ConfUtils.java:logGet(44)) - raft.server.log.corruption.policy = EXCEPTION (default)
2021-09-22 10:23:46,403 [pool-175-thread-1] INFO  server.RaftServerConfigKeys (ConfUtils.java:logGet(44)) - raft.server.storage.free-space.min = 0MB (=0) (default)
2021-09-22 10:23:46,403 [pool-175-thread-1] INFO  storage.RaftStorageDirectory (RaftStorageDirectoryImpl.java:analyzeStorage(135)) - The storage directory /home/runner/work/ozone/ozone/hadoop-ozone/integration-test/target/test-dir/MiniOzoneClusterImpl-37bb77ab-1cd7-4f0f-8c8b-61e82082808e/scmNode-1/scm-ha/37bb77ab-1cd7-4f0f-8c8b-61e82082808e does not exist. Creating ...
2021-09-22 10:23:46,406 [pool-175-thread-1] INFO  storage.RaftStorageDirectory (RaftStorageDirectoryImpl.java:tryLock(230)) - Lock on /home/runner/work/ozone/ozone/hadoop-ozone/integration-test/target/test-dir/MiniOzoneClusterImpl-37bb77ab-1cd7-4f0f-8c8b-61e82082808e/scmNode-1/scm-ha/37bb77ab-1cd7-4f0f-8c8b-61e82082808e/in_use.lock acquired by nodename 4533@fv-az122-726
2021-09-22 10:23:46,408 [pool-175-thread-1] INFO  storage.RaftStorage (RaftStorageImpl.java:format(89)) - Storage directory /home/runner/work/ozone/ozone/hadoop-ozone/integration-test/target/test-dir/MiniOzoneClusterImpl-37bb77ab-1cd7-4f0f-8c8b-61e82082808e/scmNode-1/scm-ha/37bb77ab-1cd7-4f0f-8c8b-61e82082808e has been successfully formatted.
2021-09-22 10:23:46,412 [pool-175-thread-1] INFO  server.RaftServerConfigKeys (ConfUtils.java:logGet(44)) - raft.server.notification.no-leader.timeout = 60s (default)
2021-09-22 10:23:46,412 [pool-175-thread-1] INFO  server.RaftServerConfigKeys (ConfUtils.java:logGet(44)) - raft.server.log.use.memory = false (default)
2021-09-22 10:23:46,412 [pool-175-thread-1] INFO  server.RaftServerConfigKeys (ConfUtils.java:logGet(44)) - raft.server.log.purge.gap = 5 (custom)
2021-09-22 10:23:46,412 [pool-175-thread-1] INFO  server.RaftServerConfigKeys (ConfUtils.java:logGet(44)) - raft.server.log.appender.buffer.byte-limit = 33554432 (custom)
2021-09-22 10:23:46,412 [pool-175-thread-1] INFO  server.RaftServerConfigKeys (ConfUtils.java:logGet(44)) - raft.server.log.segment.size.max = 16384 (custom)
2021-09-22 10:23:46,413 [pool-175-thread-1] INFO  server.RaftServerConfigKeys (ConfUtils.java:logGet(44)) - raft.server.log.segment.cache.num.max = 2 (custom)
2021-09-22 10:23:46,413 [pool-175-thread-1] INFO  server.RaftServerConfigKeys (ConfUtils.java:logGet(44)) - raft.server.log.segment.cache.size.max = 200MB (=209715200) (default)
2021-09-22 10:23:46,413 [pool-175-thread-1] INFO  segmented.SegmentedRaftLogWorker (SegmentedRaftLogWorker.java:<init>(182)) - new 6cde2b08-89b9-430e-b77c-97253f43be03@group-61E82082808E-SegmentedRaftLogWorker for RaftStorageImpl:Storage Directory /home/runner/work/ozone/ozone/hadoop-ozone/integration-test/target/test-dir/MiniOzoneClusterImpl-37bb77ab-1cd7-4f0f-8c8b-61e82082808e/scmNode-1/scm-ha/37bb77ab-1cd7-4f0f-8c8b-61e82082808e
2021-09-22 10:23:46,413 [pool-175-thread-1] INFO  server.RaftServerConfigKeys (ConfUtils.java:logGet(44)) - raft.server.log.queue.byte-limit = 64MB (=67108864) (default)
2021-09-22 10:23:46,413 [pool-175-thread-1] INFO  server.RaftServerConfigKeys (ConfUtils.java:logGet(44)) - raft.server.log.queue.element-limit = 4096 (default)
2021-09-22 10:23:46,413 [pool-175-thread-1] INFO  server.RaftServerConfigKeys (ConfUtils.java:logGet(44)) - raft.server.log.segment.size.max = 16384 (custom)
2021-09-22 10:23:46,413 [pool-175-thread-1] INFO  server.RaftServerConfigKeys (ConfUtils.java:logGet(44)) - raft.server.log.preallocated.size = 16384 (custom)
2021-09-22 10:23:46,413 [pool-175-thread-1] INFO  server.RaftServerConfigKeys (ConfUtils.java:logGet(44)) - raft.server.log.force.sync.num = 128 (default)
2021-09-22 10:23:46,413 [pool-175-thread-1] INFO  server.RaftServerConfigKeys (ConfUtils.java:logGet(44)) - raft.server.log.statemachine.data.sync = true (default)
2021-09-22 10:23:46,413 [pool-175-thread-1] INFO  server.RaftServerConfigKeys (ConfUtils.java:logGet(44)) - raft.server.log.statemachine.data.sync.timeout = 10s (default)
2021-09-22 10:23:46,413 [pool-175-thread-1] INFO  server.RaftServerConfigKeys (ConfUtils.java:logGet(44)) - raft.server.log.statemachine.data.sync.timeout.retry = -1 (default)
2021-09-22 10:23:46,414 [pool-175-thread-1] INFO  server.RaftServerConfigKeys (ConfUtils.java:logGet(44)) - raft.server.log.write.buffer.size = 64KB (=65536) (default)
2021-09-22 10:23:46,414 [pool-175-thread-1] INFO  server.RaftServerConfigKeys (ConfUtils.java:logGet(44)) - raft.server.log.statemachine.data.caching.enabled = false (default)
2021-09-22 10:23:46,415 [pool-175-thread-1] INFO  segmented.SegmentedRaftLogWorker (SegmentedRaftLogWorker.java:lambda$new$0(133)) - 6cde2b08-89b9-430e-b77c-97253f43be03@group-61E82082808E-SegmentedRaftLogWorker: flushIndex: setUnconditionally 0 -> -1
2021-09-22 10:23:46,415 [pool-175-thread-1] INFO  segmented.SegmentedRaftLogWorker (SegmentedRaftLogWorker.java:lambda$new$0(133)) - 6cde2b08-89b9-430e-b77c-97253f43be03@group-61E82082808E-SegmentedRaftLogWorker: safeCacheEvictIndex: setUnconditionally 0 -> -1
2021-09-22 10:23:46,422 [pool-175-thread-1] INFO  server.RaftServerConfigKeys (ConfUtils.java:logGet(44)) - raft.server.snapshot.auto.trigger.enabled = true (custom)
2021-09-22 10:23:46,423 [pool-175-thread-1] INFO  server.RaftServerConfigKeys (ConfUtils.java:logGet(44)) - raft.server.snapshot.auto.trigger.threshold = 5 (custom)
2021-09-22 10:23:46,423 [pool-175-thread-1] INFO  server.RaftServerConfigKeys (ConfUtils.java:logGet(44)) - raft.server.snapshot.retention.file.num = -1 (default)
2021-09-22 10:23:46,423 [pool-175-thread-1] INFO  server.RaftServerConfigKeys (ConfUtils.java:logGet(44)) - raft.server.log.purge.upto.snapshot.index = true (custom)
2021-09-22 10:23:46,423 [pool-175-thread-1] INFO  server.RaftServerConfigKeys (ConfUtils.java:logGet(44)) - raft.server.retrycache.expirytime = 60000ms (default)
2021-09-22 10:23:46,423 [pool-175-thread-1] INFO  server.RaftServerConfigKeys (ConfUtils.java:logGet(44)) - raft.server.retrycache.statistics.expirytime = 100μs (default)
2021-09-22 10:23:46,424 [Listener at 127.0.0.1/10764] INFO  server.RaftServer$Division (RaftServerImpl.java:start(296)) - 6cde2b08-89b9-430e-b77c-97253f43be03@group-61E82082808E: start as a follower, conf=-1: [6cde2b08-89b9-430e-b77c-97253f43be03|rpc:localhost:14468|priority:0], old=null
2021-09-22 10:23:46,424 [Listener at 127.0.0.1/10764] INFO  server.RaftServer$Division (RaftServerImpl.java:setRole(285)) - 6cde2b08-89b9-430e-b77c-97253f43be03@group-61E82082808E: changes role from      null to FOLLOWER at term 0 for startAsFollower
2021-09-22 10:23:46,424 [Listener at 127.0.0.1/10764] INFO  impl.RoleInfo (RoleInfo.java:updateAndGet(130)) - 6cde2b08-89b9-430e-b77c-97253f43be03: start 6cde2b08-89b9-430e-b77c-97253f43be03@group-61E82082808E-FollowerState
2021-09-22 10:23:46,429 [Listener at 127.0.0.1/10764] INFO  util.JmxRegister (JmxRegister.java:tryRegister(44)) - Successfully registered JMX Bean with object name Ratis:service=RaftServer,group=group-61E82082808E,id=6cde2b08-89b9-430e-b77c-97253f43be03
2021-09-22 10:23:46,431 [Listener at 127.0.0.1/10764] INFO  server.RaftServer (RaftServerProxy.java:lambda$start$5(374)) - 6cde2b08-89b9-430e-b77c-97253f43be03: start RPC server
2021-09-22 10:23:46,442 [Listener at 127.0.0.1/10764] INFO  server.GrpcService (GrpcService.java:startImpl(253)) - 6cde2b08-89b9-430e-b77c-97253f43be03: GrpcService started, listening on 14468
2021-09-22 10:23:46,452 [org.apache.ratis.util.JvmPauseMonitor$$Lambda$499/1893987183@7dda1470] INFO  util.JvmPauseMonitor (JvmPauseMonitor.java:run(103)) - JvmPauseMonitor-6cde2b08-89b9-430e-b77c-97253f43be03: Started
2021-09-22 10:23:46,917 [EndpointStateMachine task thread for /127.0.0.1:14513 - 0 ] INFO  ipc.Client (Client.java:handleConnectionFailure(977)) - Retrying connect to server: localhost/127.0.0.1:14513. Already tried 1 time(s); retry policy is RetryUpToMaximumCountWithFixedSleep(maxRetries=15, sleepTime=1000 MILLISECONDS)
2021-09-22 10:23:47,180 [EndpointStateMachine task thread for /127.0.0.1:14493 - 0 ] INFO  ipc.Client (Client.java:handleConnectionFailure(977)) - Retrying connect to server: localhost/127.0.0.1:14493. Already tried 1 time(s); retry policy is RetryUpToMaximumCountWithFixedSleep(maxRetries=15, sleepTime=1000 MILLISECONDS)
2021-09-22 10:23:47,182 [EndpointStateMachine task thread for /127.0.0.1:14503 - 0 ] INFO  ipc.Client (Client.java:handleConnectionFailure(977)) - Retrying connect to server: localhost/127.0.0.1:14503. Already tried 0 time(s); retry policy is RetryUpToMaximumCountWithFixedSleep(maxRetries=15, sleepTime=1000 MILLISECONDS)
2021-09-22 10:23:47,918 [EndpointStateMachine task thread for /127.0.0.1:14513 - 0 ] INFO  ipc.Client (Client.java:handleConnectionFailure(977)) - Retrying connect to server: localhost/127.0.0.1:14513. Already tried 2 time(s); retry policy is RetryUpToMaximumCountWithFixedSleep(maxRetries=15, sleepTime=1000 MILLISECONDS)
2021-09-22 10:23:48,180 [EndpointStateMachine task thread for /127.0.0.1:14493 - 0 ] INFO  ipc.Client (Client.java:handleConnectionFailure(977)) - Retrying connect to server: localhost/127.0.0.1:14493. Already tried 2 time(s); retry policy is RetryUpToMaximumCountWithFixedSleep(maxRetries=15, sleepTime=1000 MILLISECONDS)
2021-09-22 10:23:48,182 [EndpointStateMachine task thread for /127.0.0.1:14503 - 0 ] INFO  ipc.Client (Client.java:handleConnectionFailure(977)) - Retrying connect to server: localhost/127.0.0.1:14503. Already tried 1 time(s); retry policy is RetryUpToMaximumCountWithFixedSleep(maxRetries=15, sleepTime=1000 MILLISECONDS)
2021-09-22 10:23:48,919 [EndpointStateMachine task thread for /127.0.0.1:14513 - 0 ] INFO  ipc.Client (Client.java:handleConnectionFailure(977)) - Retrying connect to server: localhost/127.0.0.1:14513. Already tried 3 time(s); retry policy is RetryUpToMaximumCountWithFixedSleep(maxRetries=15, sleepTime=1000 MILLISECONDS)
2021-09-22 10:23:49,181 [EndpointStateMachine task thread for /127.0.0.1:14493 - 0 ] INFO  ipc.Client (Client.java:handleConnectionFailure(977)) - Retrying connect to server: localhost/127.0.0.1:14493. Already tried 3 time(s); retry policy is RetryUpToMaximumCountWithFixedSleep(maxRetries=15, sleepTime=1000 MILLISECONDS)
2021-09-22 10:23:49,183 [EndpointStateMachine task thread for /127.0.0.1:14503 - 0 ] INFO  ipc.Client (Client.java:handleConnectionFailure(977)) - Retrying connect to server: localhost/127.0.0.1:14503. Already tried 2 time(s); retry policy is RetryUpToMaximumCountWithFixedSleep(maxRetries=15, sleepTime=1000 MILLISECONDS)
2021-09-22 10:23:49,919 [EndpointStateMachine task thread for /127.0.0.1:14513 - 0 ] INFO  ipc.Client (Client.java:handleConnectionFailure(977)) - Retrying connect to server: localhost/127.0.0.1:14513. Already tried 4 time(s); retry policy is RetryUpToMaximumCountWithFixedSleep(maxRetries=15, sleepTime=1000 MILLISECONDS)
2021-09-22 10:23:50,182 [EndpointStateMachine task thread for /127.0.0.1:14493 - 0 ] INFO  ipc.Client (Client.java:handleConnectionFailure(977)) - Retrying connect to server: localhost/127.0.0.1:14493. Already tried 4 time(s); retry policy is RetryUpToMaximumCountWithFixedSleep(maxRetries=15, sleepTime=1000 MILLISECONDS)
2021-09-22 10:23:50,183 [EndpointStateMachine task thread for /127.0.0.1:14503 - 0 ] INFO  ipc.Client (Client.java:handleConnectionFailure(977)) - Retrying connect to server: localhost/127.0.0.1:14503. Already tried 3 time(s); retry policy is RetryUpToMaximumCountWithFixedSleep(maxRetries=15, sleepTime=1000 MILLISECONDS)
2021-09-22 10:23:50,920 [EndpointStateMachine task thread for /127.0.0.1:14513 - 0 ] INFO  ipc.Client (Client.java:handleConnectionFailure(977)) - Retrying connect to server: localhost/127.0.0.1:14513. Already tried 5 time(s); retry policy is RetryUpToMaximumCountWithFixedSleep(maxRetries=15, sleepTime=1000 MILLISECONDS)
2021-09-22 10:23:51,182 [EndpointStateMachine task thread for /127.0.0.1:14493 - 0 ] INFO  ipc.Client (Client.java:handleConnectionFailure(977)) - Retrying connect to server: localhost/127.0.0.1:14493. Already tried 5 time(s); retry policy is RetryUpToMaximumCountWithFixedSleep(maxRetries=15, sleepTime=1000 MILLISECONDS)
2021-09-22 10:23:51,184 [EndpointStateMachine task thread for /127.0.0.1:14503 - 0 ] INFO  ipc.Client (Client.java:handleConnectionFailure(977)) - Retrying connect to server: localhost/127.0.0.1:14503. Already tried 4 time(s); retry policy is RetryUpToMaximumCountWithFixedSleep(maxRetries=15, sleepTime=1000 MILLISECONDS)
2021-09-22 10:23:51,537 [6cde2b08-89b9-430e-b77c-97253f43be03@group-61E82082808E-FollowerState] INFO  impl.FollowerState (FollowerState.java:run(134)) - 6cde2b08-89b9-430e-b77c-97253f43be03@group-61E82082808E-FollowerState: change to CANDIDATE, lastRpcElapsedTime:5112380254ns, electionTimeout:5103ms
2021-09-22 10:23:51,537 [6cde2b08-89b9-430e-b77c-97253f43be03@group-61E82082808E-FollowerState] INFO  impl.RoleInfo (RoleInfo.java:shutdownFollowerState(108)) - 6cde2b08-89b9-430e-b77c-97253f43be03: shutdown 6cde2b08-89b9-430e-b77c-97253f43be03@group-61E82082808E-FollowerState
2021-09-22 10:23:51,537 [6cde2b08-89b9-430e-b77c-97253f43be03@group-61E82082808E-FollowerState] INFO  server.RaftServer$Division (RaftServerImpl.java:setRole(285)) - 6cde2b08-89b9-430e-b77c-97253f43be03@group-61E82082808E: changes role from  FOLLOWER to CANDIDATE at term 0 for changeToCandidate
2021-09-22 10:23:51,537 [6cde2b08-89b9-430e-b77c-97253f43be03@group-61E82082808E-FollowerState] INFO  server.RaftServerConfigKeys (ConfUtils.java:logGet(44)) - raft.server.leaderelection.pre-vote = false (custom)
2021-09-22 10:23:51,537 [6cde2b08-89b9-430e-b77c-97253f43be03@group-61E82082808E-FollowerState] INFO  impl.RoleInfo (RoleInfo.java:updateAndGet(130)) - 6cde2b08-89b9-430e-b77c-97253f43be03: start 6cde2b08-89b9-430e-b77c-97253f43be03@group-61E82082808E-LeaderElection13
2021-09-22 10:23:51,551 [6cde2b08-89b9-430e-b77c-97253f43be03@group-61E82082808E-LeaderElection13] INFO  impl.LeaderElection (LeaderElection.java:askForVotes(306)) - 6cde2b08-89b9-430e-b77c-97253f43be03@group-61E82082808E-LeaderElection13 ELECTION round 0: submit vote requests at term 1 for -1: [6cde2b08-89b9-430e-b77c-97253f43be03|rpc:localhost:14468|priority:0], old=null
2021-09-22 10:23:51,551 [6cde2b08-89b9-430e-b77c-97253f43be03@group-61E82082808E-LeaderElection13] INFO  impl.LeaderElection (LeaderElection.java:askForVotes(308)) - 6cde2b08-89b9-430e-b77c-97253f43be03@group-61E82082808E-LeaderElection13 ELECTION round 0: result PASSED (term=1)
2021-09-22 10:23:51,551 [6cde2b08-89b9-430e-b77c-97253f43be03@group-61E82082808E-LeaderElection13] INFO  impl.RoleInfo (RoleInfo.java:shutdownLeaderElection(121)) - 6cde2b08-89b9-430e-b77c-97253f43be03: shutdown 6cde2b08-89b9-430e-b77c-97253f43be03@group-61E82082808E-LeaderElection13
2021-09-22 10:23:51,551 [6cde2b08-89b9-430e-b77c-97253f43be03@group-61E82082808E-LeaderElection13] INFO  server.RaftServer$Division (RaftServerImpl.java:setRole(285)) - 6cde2b08-89b9-430e-b77c-97253f43be03@group-61E82082808E: changes role from CANDIDATE to LEADER at term 1 for changeToLeader
2021-09-22 10:23:51,551 [6cde2b08-89b9-430e-b77c-97253f43be03@group-61E82082808E-LeaderElection13] INFO  server.RaftServer$Division (ServerState.java:setLeader(285)) - 6cde2b08-89b9-430e-b77c-97253f43be03@group-61E82082808E: change Leader from null to 6cde2b08-89b9-430e-b77c-97253f43be03 at term 1 for becomeLeader, leader elected after 5139ms
2021-09-22 10:23:51,551 [6cde2b08-89b9-430e-b77c-97253f43be03@group-61E82082808E-LeaderElection13] INFO  server.RaftServerConfigKeys (ConfUtils.java:logGet(44)) - raft.server.staging.catchup.gap = 1000 (default)
2021-09-22 10:23:51,552 [6cde2b08-89b9-430e-b77c-97253f43be03@group-61E82082808E-LeaderElection13] INFO  server.RaftServerConfigKeys (ConfUtils.java:logGet(44)) - raft.server.write.element-limit = 4096 (default)
2021-09-22 10:23:51,552 [6cde2b08-89b9-430e-b77c-97253f43be03@group-61E82082808E-LeaderElection13] INFO  server.RaftServerConfigKeys (ConfUtils.java:logGet(44)) - raft.server.write.byte-limit = 64MB (=67108864) (default)
2021-09-22 10:23:51,552 [6cde2b08-89b9-430e-b77c-97253f43be03@group-61E82082808E-LeaderElection13] INFO  server.RaftServerConfigKeys (ConfUtils.java:logGet(44)) - raft.server.watch.timeout = 10s (default)
2021-09-22 10:23:51,552 [6cde2b08-89b9-430e-b77c-97253f43be03@group-61E82082808E-LeaderElection13] INFO  server.RaftServerConfigKeys (ConfUtils.java:logGet(44)) - raft.server.watch.timeout.denomination = 1s (default)
2021-09-22 10:23:51,552 [6cde2b08-89b9-430e-b77c-97253f43be03@group-61E82082808E-LeaderElection13] INFO  server.RaftServerConfigKeys (ConfUtils.java:logGet(44)) - raft.server.watch.element-limit = 65536 (default)
2021-09-22 10:23:51,552 [6cde2b08-89b9-430e-b77c-97253f43be03@group-61E82082808E-LeaderElection13] INFO  impl.RoleInfo (RoleInfo.java:updateAndGet(130)) - 6cde2b08-89b9-430e-b77c-97253f43be03: start 6cde2b08-89b9-430e-b77c-97253f43be03@group-61E82082808E-LeaderStateImpl
2021-09-22 10:23:51,553 [6cde2b08-89b9-430e-b77c-97253f43be03@group-61E82082808E-LeaderElection13] INFO  segmented.SegmentedRaftLogWorker (SegmentedRaftLogWorker.java:startLogSegment(394)) - 6cde2b08-89b9-430e-b77c-97253f43be03@group-61E82082808E-SegmentedRaftLogWorker: Starting segment from index:0
2021-09-22 10:23:51,558 [6cde2b08-89b9-430e-b77c-97253f43be03@group-61E82082808E-LeaderElection13] INFO  server.RaftServer$Division (ServerState.java:setRaftConf(387)) - 6cde2b08-89b9-430e-b77c-97253f43be03@group-61E82082808E: set configuration 0: [6cde2b08-89b9-430e-b77c-97253f43be03|rpc:localhost:14468|admin:|client:|dataStream:|priority:0], old=null
2021-09-22 10:23:51,558 [6cde2b08-89b9-430e-b77c-97253f43be03@group-61E82082808E-SegmentedRaftLogWorker] INFO  segmented.SegmentedRaftLogWorker (SegmentedRaftLogWorker.java:execute(601)) - 6cde2b08-89b9-430e-b77c-97253f43be03@group-61E82082808E-SegmentedRaftLogWorker: created new log segment /home/runner/work/ozone/ozone/hadoop-ozone/integration-test/target/test-dir/MiniOzoneClusterImpl-37bb77ab-1cd7-4f0f-8c8b-61e82082808e/scmNode-1/scm-ha/37bb77ab-1cd7-4f0f-8c8b-61e82082808e/current/log_inprogress_0
2021-09-22 10:23:51,921 [EndpointStateMachine task thread for /127.0.0.1:14513 - 0 ] INFO  ipc.Client (Client.java:handleConnectionFailure(977)) - Retrying connect to server: localhost/127.0.0.1:14513. Already tried 6 time(s); retry policy is RetryUpToMaximumCountWithFixedSleep(maxRetries=15, sleepTime=1000 MILLISECONDS)
2021-09-22 10:23:52,183 [EndpointStateMachine task thread for /127.0.0.1:14493 - 0 ] INFO  ipc.Client (Client.java:handleConnectionFailure(977)) - Retrying connect to server: localhost/127.0.0.1:14493. Already tried 6 time(s); retry policy is RetryUpToMaximumCountWithFixedSleep(maxRetries=15, sleepTime=1000 MILLISECONDS)
2021-09-22 10:23:52,184 [EndpointStateMachine task thread for /127.0.0.1:14503 - 0 ] INFO  ipc.Client (Client.java:handleConnectionFailure(977)) - Retrying connect to server: localhost/127.0.0.1:14503. Already tried 5 time(s); retry policy is RetryUpToMaximumCountWithFixedSleep(maxRetries=15, sleepTime=1000 MILLISECONDS)
2021-09-22 10:23:52,452 [Listener at 127.0.0.1/10764] INFO  server.RaftServer (RaftServerProxy.java:lambda$close$6(391)) - 6cde2b08-89b9-430e-b77c-97253f43be03: close
2021-09-22 10:23:52,453 [Listener at 127.0.0.1/10764] INFO  server.RaftServer$Division (RaftServerImpl.java:lambda$close$4(407)) - 6cde2b08-89b9-430e-b77c-97253f43be03@group-61E82082808E: shutdown
2021-09-22 10:23:52,453 [Listener at 127.0.0.1/10764] INFO  util.JmxRegister (JmxRegister.java:unregister(73)) - Successfully un-registered JMX Bean with object name Ratis:service=RaftServer,group=group-61E82082808E,id=6cde2b08-89b9-430e-b77c-97253f43be03
2021-09-22 10:23:52,453 [Listener at 127.0.0.1/10764] INFO  impl.RoleInfo (RoleInfo.java:shutdownLeaderState(91)) - 6cde2b08-89b9-430e-b77c-97253f43be03: shutdown 6cde2b08-89b9-430e-b77c-97253f43be03@group-61E82082808E-LeaderStateImpl
2021-09-22 10:23:52,453 [Listener at 127.0.0.1/10764] INFO  impl.PendingRequests (PendingRequests.java:sendNotLeaderResponses(282)) - 6cde2b08-89b9-430e-b77c-97253f43be03@group-61E82082808E-PendingRequests: sendNotLeaderResponses
2021-09-22 10:23:52,454 [Listener at 127.0.0.1/10764] INFO  impl.StateMachineUpdater (StateMachineUpdater.java:stopAndJoin(149)) - 6cde2b08-89b9-430e-b77c-97253f43be03@group-61E82082808E-StateMachineUpdater: set stopIndex = 0
2021-09-22 10:23:52,454 [6cde2b08-89b9-430e-b77c-97253f43be03@group-61E82082808E-StateMachineUpdater] INFO  impl.StateMachineUpdater (StateMachineUpdater.java:takeSnapshot(281)) - 6cde2b08-89b9-430e-b77c-97253f43be03@group-61E82082808E-StateMachineUpdater: Took a snapshot at index 0
2021-09-22 10:23:52,454 [6cde2b08-89b9-430e-b77c-97253f43be03@group-61E82082808E-StateMachineUpdater] INFO  impl.StateMachineUpdater (StateMachineUpdater.java:lambda$new$0(89)) - 6cde2b08-89b9-430e-b77c-97253f43be03@group-61E82082808E-StateMachineUpdater: snapshotIndex: updateIncreasingly -1 -> 0
2021-09-22 10:23:52,454 [Listener at 127.0.0.1/10764] INFO  server.RaftServer$Division (ServerState.java:close(419)) - 6cde2b08-89b9-430e-b77c-97253f43be03@group-61E82082808E: closes. applyIndex: 0
2021-09-22 10:23:52,455 [6cde2b08-89b9-430e-b77c-97253f43be03@group-61E82082808E-SegmentedRaftLogWorker] INFO  segmented.SegmentedRaftLogWorker (SegmentedRaftLogWorker.java:run(327)) - 6cde2b08-89b9-430e-b77c-97253f43be03@group-61E82082808E-SegmentedRaftLogWorker was interrupted, exiting. There are 0 tasks remaining in the queue.
2021-09-22 10:23:52,457 [Listener at 127.0.0.1/10764] INFO  segmented.SegmentedRaftLogWorker (SegmentedRaftLogWorker.java:close(237)) - 6cde2b08-89b9-430e-b77c-97253f43be03@group-61E82082808E-SegmentedRaftLogWorker close()
2021-09-22 10:23:52,464 [Listener at 127.0.0.1/10764] INFO  server.GrpcService (GrpcService.java:closeImpl(262)) - 6cde2b08-89b9-430e-b77c-97253f43be03: shutdown server with port 14468 now
2021-09-22 10:23:52,465 [Listener at 127.0.0.1/10764] INFO  server.GrpcService (GrpcService.java:closeImpl(271)) - 6cde2b08-89b9-430e-b77c-97253f43be03: shutdown server with port 14468 successfully
2021-09-22 10:23:52,465 [org.apache.ratis.util.JvmPauseMonitor$$Lambda$499/1893987183@7dda1470] INFO  util.JvmPauseMonitor (JvmPauseMonitor.java:run(109)) - JvmPauseMonitor-6cde2b08-89b9-430e-b77c-97253f43be03: Stopped
2021-09-22 10:23:52,474 [Listener at 127.0.0.1/10764] WARN  server.ServerUtils (ServerUtils.java:getScmDbDir(148)) - ozone.scm.db.dirs is not configured. We recommend adding this setting. Falling back to ozone.metadata.dirs instead.
2021-09-22 10:23:52,476 [Listener at 127.0.0.1/10764] INFO  server.StorageContainerManager (StorageContainerManager.java:scmInit(1059)) - SCM initialization succeeded. Current cluster id for sd=/home/runner/work/ozone/ozone/hadoop-ozone/integration-test/target/test-dir/MiniOzoneClusterImpl-37bb77ab-1cd7-4f0f-8c8b-61e82082808e/scmNode-1/scm; cid=37bb77ab-1cd7-4f0f-8c8b-61e82082808e; layoutVersion=2; scmId=6cde2b08-89b9-430e-b77c-97253f43be03
2021-09-22 10:23:52,476 [Listener at 127.0.0.1/10764] INFO  ha.SCMHANodeDetails (SCMHANodeDetails.java:loadSCMHAConfig(157)) - ServiceID for StorageContainerManager is scm-service-test1
2021-09-22 10:23:52,476 [Listener at 127.0.0.1/10764] INFO  ha.SCMHANodeDetails (SCMHANodeDetails.java:loadSCMHAConfig(168)) - ServiceID for StorageContainerManager is scm-service-test1
2021-09-22 10:23:52,476 [Listener at 127.0.0.1/10764] WARN  scm.ScmUtils (ScmUtils.java:logWarn(179)) - ConfigKey ozone.scm.block.client.address is deprecated, For configuring different ports for each SCM use PortConfigKey ozone.scm.block.client.port appended with serviceId and nodeId. If want to configure same port configure ozone.scm.block.client.port
2021-09-22 10:23:52,476 [Listener at 127.0.0.1/10764] WARN  scm.ScmUtils (ScmUtils.java:logWarn(179)) - ConfigKey ozone.scm.client.address is deprecated, For configuring different ports for each SCM use PortConfigKey ozone.scm.client.port appended with serviceId and nodeId. If want to configure same port configure ozone.scm.client.port
2021-09-22 10:23:52,477 [Listener at 127.0.0.1/10764] WARN  scm.ScmUtils (ScmUtils.java:logWarn(179)) - ConfigKey ozone.scm.datanode.address is deprecated, For configuring different ports for each SCM use PortConfigKey ozone.scm.datanode.port appended with serviceId and nodeId. If want to configure same port configure ozone.scm.datanode.port
2021-09-22 10:23:52,477 [Listener at 127.0.0.1/10764] WARN  scm.ScmUtils (ScmUtils.java:logWarn(179)) - ConfigKey ozone.scm.block.client.address is deprecated, For configuring different ports for each SCM use PortConfigKey ozone.scm.block.client.port appended with serviceId and nodeId. If want to configure same port configure ozone.scm.block.client.port
2021-09-22 10:23:52,477 [Listener at 127.0.0.1/10764] WARN  scm.ScmUtils (ScmUtils.java:logWarn(179)) - ConfigKey ozone.scm.client.address is deprecated, For configuring different ports for each SCM use PortConfigKey ozone.scm.client.port appended with serviceId and nodeId. If want to configure same port configure ozone.scm.client.port
2021-09-22 10:23:52,477 [Listener at 127.0.0.1/10764] WARN  scm.ScmUtils (ScmUtils.java:logWarn(179)) - ConfigKey ozone.scm.datanode.address is deprecated, For configuring different ports for each SCM use PortConfigKey ozone.scm.datanode.port appended with serviceId and nodeId. If want to configure same port configure ozone.scm.datanode.port
2021-09-22 10:23:52,489 [Listener at 127.0.0.1/10764] INFO  ha.SCMHANodeDetails (SCMHANodeDetails.java:loadSCMHAConfig(250)) - Found matching SCM address with SCMServiceId: scm-service-test1, SCMNodeId: scmNode-1, RPC Address: localhost:14468 and Ratis port: 14468
2021-09-22 10:23:52,490 [Listener at 127.0.0.1/10764] INFO  ha.SCMHANodeDetails (ConfUtils.java:setNodeSpecificConfigs(108)) - Setting configuration key ozone.scm.datanode.address with value of key ozone.scm.datanode.address.scm-service-test1.scmNode-1: 127.0.0.1:14469
2021-09-22 10:23:52,490 [Listener at 127.0.0.1/10764] INFO  ha.SCMHANodeDetails (ConfUtils.java:setNodeSpecificConfigs(108)) - Setting configuration key ozone.scm.block.client.address with value of key ozone.scm.block.client.address.scm-service-test1.scmNode-1: 127.0.0.1:14470
2021-09-22 10:23:52,490 [Listener at 127.0.0.1/10764] INFO  ha.SCMHANodeDetails (ConfUtils.java:setNodeSpecificConfigs(108)) - Setting configuration key ozone.scm.client.address with value of key ozone.scm.client.address.scm-service-test1.scmNode-1: 127.0.0.1:14471
2021-09-22 10:23:52,490 [Listener at 127.0.0.1/10764] INFO  ha.SCMHANodeDetails (ConfUtils.java:setNodeSpecificConfigs(108)) - Setting configuration key ozone.scm.ratis.port with value of key ozone.scm.ratis.port.scm-service-test1.scmNode-1: 14468
2021-09-22 10:23:52,490 [Listener at 127.0.0.1/10764] INFO  ha.SCMHANodeDetails (ConfUtils.java:setNodeSpecificConfigs(108)) - Setting configuration key ozone.scm.grpc.port with value of key ozone.scm.grpc.port.scm-service-test1.scmNode-1: 14472
2021-09-22 10:23:52,490 [Listener at 127.0.0.1/10764] INFO  ha.SCMHANodeDetails (ConfUtils.java:setNodeSpecificConfigs(108)) - Setting configuration key ozone.scm.http-address with value of key ozone.scm.http-address.scm-service-test1.scmNode-1: 127.0.0.1:14466
2021-09-22 10:23:52,491 [Listener at 127.0.0.1/10764] INFO  ha.SCMHANodeDetails (ConfUtils.java:setNodeSpecificConfigs(108)) - Setting configuration key ozone.scm.https-address with value of key ozone.scm.https-address.scm-service-test1.scmNode-1: 127.0.0.1:14467
2021-09-22 10:23:52,491 [Listener at 127.0.0.1/10764] INFO  ha.SCMHANodeDetails (ConfUtils.java:setNodeSpecificConfigs(108)) - Setting configuration key ozone.scm.address with value of key ozone.scm.address.scm-service-test1.scmNode-1: 127.0.0.1
2021-09-22 10:23:52,491 [Listener at 127.0.0.1/10764] WARN  scm.ScmUtils (ScmUtils.java:logWarn(179)) - ConfigKey ozone.scm.block.client.address is deprecated, For configuring different ports for each SCM use PortConfigKey ozone.scm.block.client.port appended with serviceId and nodeId. If want to configure same port configure ozone.scm.block.client.port
2021-09-22 10:23:52,491 [Listener at 127.0.0.1/10764] WARN  scm.ScmUtils (ScmUtils.java:logWarn(179)) - ConfigKey ozone.scm.client.address is deprecated, For configuring different ports for each SCM use PortConfigKey ozone.scm.client.port appended with serviceId and nodeId. If want to configure same port configure ozone.scm.client.port
2021-09-22 10:23:52,491 [Listener at 127.0.0.1/10764] WARN  scm.ScmUtils (ScmUtils.java:logWarn(179)) - ConfigKey ozone.scm.datanode.address is deprecated, For configuring different ports for each SCM use PortConfigKey ozone.scm.datanode.port appended with serviceId and nodeId. If want to configure same port configure ozone.scm.datanode.port
2021-09-22 10:23:52,492 [Listener at 127.0.0.1/10764] WARN  server.ServerUtils (ServerUtils.java:getScmDbDir(148)) - ozone.scm.db.dirs is not configured. We recommend adding this setting. Falling back to ozone.metadata.dirs instead.
2021-09-22 10:23:52,492 [Listener at 127.0.0.1/10764] INFO  upgrade.AbstractLayoutVersionManager (AbstractLayoutVersionManager.java:init(79)) - Initializing Layout version manager with metadata layout = SCM_HA (version = 2), software layout = SCM_HA (version = 2)
2021-09-22 10:23:52,609 [Listener at 127.0.0.1/10764] INFO  reflections.Reflections (Reflections.java:scan(232)) - Reflections took 111 ms to scan 7 urls, producing 119 keys and 275 values 
2021-09-22 10:23:52,616 [Listener at 127.0.0.1/10764] WARN  utils.HAUtils (HAUtils.java:getMetaDir(342)) - ozone.scm.db.dirs is not configured. We recommend adding this setting. Falling back to ozone.metadata.dirs instead.
2021-09-22 10:23:52,621 [Listener at 127.0.0.1/10764] WARN  db.DBStoreBuilder (DBStoreBuilder.java:applyDBDefinition(145)) - ozone.scm.db.dirs is not configured. We recommend adding this setting. Falling back to ozone.metadata.dirs instead.
2021-09-22 10:23:52,753 [Listener at 127.0.0.1/10764] INFO  net.NodeSchemaLoader (NodeSchemaLoader.java:loadSchemaFromFile(129)) - Loading schema from [jar:file:/home/runner/.m2/repository/org/apache/ozone/hdds-common/1.2.0-SNAPSHOT/hdds-common-1.2.0-SNAPSHOT.jar!/network-topology-default.xml]
2021-09-22 10:23:52,753 [Listener at 127.0.0.1/10764] INFO  net.NodeSchemaLoader (NodeSchemaLoader.java:loadSchema(176)) - Loading network topology layer schema file
2021-09-22 10:23:52,765 [Listener at 127.0.0.1/10764] INFO  ha.SCMRatisServerImpl (SCMRatisServerImpl.java:<init>(87)) - starting Raft server for scm:6cde2b08-89b9-430e-b77c-97253f43be03
2021-09-22 10:23:52,766 [Listener at 127.0.0.1/10764] INFO  server.RaftServer (ConfUtils.java:logGet(44)) - raft.rpc.type = GRPC (default)
2021-09-22 10:23:52,766 [Listener at 127.0.0.1/10764] INFO  grpc.GrpcFactory (GrpcFactory.java:checkPooledByteBufAllocatorUseCacheForAllThreads(48)) - PERFORMANCE WARNING: useCacheForAllThreads is true that may cause Netty to create a lot garbage objects and, as a result, trigger GC.
	It is recommended to disable useCacheForAllThreads by setting -Dorg.apache.ratis.thirdparty.io.netty.allocator.useCacheForAllThreads=false in command line.
2021-09-22 10:23:52,767 [Listener at 127.0.0.1/10764] INFO  grpc.GrpcConfigKeys (ConfUtils.java:logGet(44)) - raft.grpc.admin.port = -1 (default)
2021-09-22 10:23:52,767 [Listener at 127.0.0.1/10764] INFO  grpc.GrpcConfigKeys (ConfUtils.java:logGet(44)) - raft.grpc.server.port = 14468 (custom)
2021-09-22 10:23:52,767 [Listener at 127.0.0.1/10764] INFO  grpc.GrpcConfigKeys (ConfUtils.java:logGet(44)) - raft.grpc.client.port = -1 (default)
2021-09-22 10:23:52,767 [Listener at 127.0.0.1/10764] INFO  grpc.GrpcConfigKeys (ConfUtils.java:logGet(44)) - raft.grpc.server.port = 14468 (custom)
2021-09-22 10:23:52,767 [Listener at 127.0.0.1/10764] INFO  grpc.GrpcConfigKeys (ConfUtils.java:logGet(44)) - raft.grpc.server.port = 14468 (custom)
2021-09-22 10:23:52,769 [Listener at 127.0.0.1/10764] INFO  server.GrpcService (ConfUtils.java:logGet(44)) - raft.grpc.message.size.max = 32m (=33554432) (custom)
2021-09-22 10:23:52,770 [Listener at 127.0.0.1/10764] INFO  server.RaftServerConfigKeys (ConfUtils.java:logGet(44)) - raft.server.log.appender.buffer.byte-limit = 33554432 (custom)
2021-09-22 10:23:52,770 [Listener at 127.0.0.1/10764] INFO  server.GrpcService (ConfUtils.java:logGet(44)) - raft.grpc.flow.control.window = 1MB (=1048576) (default)
2021-09-22 10:23:52,770 [Listener at 127.0.0.1/10764] INFO  server.RaftServerConfigKeys (ConfUtils.java:logGet(44)) - raft.server.rpc.request.timeout = 30000ms (custom)
2021-09-22 10:23:52,772 [Listener at 127.0.0.1/10764] INFO  impl.DataStreamServerImpl (ConfUtils.java:logGet(44)) - raft.datastream.type = DISABLED (default)
2021-09-22 10:23:52,775 [Listener at 127.0.0.1/10764] INFO  server.RaftServerConfigKeys (ConfUtils.java:logGet(44)) - raft.server.rpc.slowness.timeout = 120000ms (custom)
2021-09-22 10:23:52,775 [Listener at 127.0.0.1/10764] INFO  server.RaftServerConfigKeys (ConfUtils.java:logGet(44)) - raft.server.leaderelection.leader.step-down.wait-time = 10s (default)
2021-09-22 10:23:52,775 [Listener at 127.0.0.1/10764] INFO  server.RaftServerConfigKeys (ConfUtils.java:logGet(44)) - raft.server.storage.dir = [/home/runner/work/ozone/ozone/hadoop-ozone/integration-test/target/test-dir/MiniOzoneClusterImpl-37bb77ab-1cd7-4f0f-8c8b-61e82082808e/scmNode-1/scm-ha] (custom)
2021-09-22 10:23:52,775 [Listener at 127.0.0.1/10764] INFO  server.RaftServer (RaftServerProxy.java:lambda$null$1(235)) - 6cde2b08-89b9-430e-b77c-97253f43be03: found a subdirectory /home/runner/work/ozone/ozone/hadoop-ozone/integration-test/target/test-dir/MiniOzoneClusterImpl-37bb77ab-1cd7-4f0f-8c8b-61e82082808e/scmNode-1/scm-ha/37bb77ab-1cd7-4f0f-8c8b-61e82082808e
2021-09-22 10:23:52,781 [Listener at 127.0.0.1/10764] INFO  server.RaftServer (RaftServerProxy.java:addNew(95)) - 6cde2b08-89b9-430e-b77c-97253f43be03: addNew group-61E82082808E:[] returns group-61E82082808E:java.util.concurrent.CompletableFuture@7d043960[Not completed]
2021-09-22 10:23:52,782 [pool-190-thread-1] INFO  server.RaftServer$Division (RaftServerImpl.java:<init>(181)) - 6cde2b08-89b9-430e-b77c-97253f43be03: new RaftServerImpl for group-61E82082808E:[] with SCMStateMachine:uninitialized
2021-09-22 10:23:52,789 [pool-190-thread-1] INFO  server.RaftServerConfigKeys (ConfUtils.java:logGet(44)) - raft.server.rpc.timeout.min = 5000ms (custom)
2021-09-22 10:23:52,790 [pool-190-thread-1] INFO  server.RaftServerConfigKeys (ConfUtils.java:logGet(44)) - raft.server.rpc.timeout.max = 5200ms (custom)
2021-09-22 10:23:52,790 [pool-190-thread-1] INFO  server.RaftServerConfigKeys (ConfUtils.java:logGet(44)) - raft.server.rpc.sleep.time = 25ms (default)
2021-09-22 10:23:52,790 [pool-190-thread-1] INFO  server.RaftServerConfigKeys (ConfUtils.java:logGet(44)) - raft.server.rpc.slowness.timeout = 120000ms (custom)
2021-09-22 10:23:52,790 [pool-190-thread-1] INFO  server.RaftServerConfigKeys (ConfUtils.java:logGet(44)) - raft.server.leaderelection.leader.step-down.wait-time = 10s (default)
2021-09-22 10:23:52,790 [pool-190-thread-1] INFO  server.RaftServerConfigKeys (ConfUtils.java:logGet(44)) - raft.server.sleep.deviation.threshold = 300ms (default)
2021-09-22 10:23:52,790 [pool-190-thread-1] INFO  server.RaftServerConfigKeys (ConfUtils.java:logGet(44)) - raft.server.log.appender.install.snapshot.enabled = false (custom)
2021-09-22 10:23:52,790 [pool-190-thread-1] INFO  server.RaftServer$Division (ServerState.java:<init>(105)) - 6cde2b08-89b9-430e-b77c-97253f43be03@group-61E82082808E: ConfigurationManager, init=-1: [], old=null, confs=<EMPTY_MAP>
2021-09-22 10:23:52,790 [pool-190-thread-1] INFO  server.RaftServerConfigKeys (ConfUtils.java:logGet(44)) - raft.server.storage.dir = [/home/runner/work/ozone/ozone/hadoop-ozone/integration-test/target/test-dir/MiniOzoneClusterImpl-37bb77ab-1cd7-4f0f-8c8b-61e82082808e/scmNode-1/scm-ha] (custom)
2021-09-22 10:23:52,791 [pool-190-thread-1] INFO  server.RaftServerConfigKeys (ConfUtils.java:logGet(44)) - raft.server.log.corruption.policy = EXCEPTION (default)
2021-09-22 10:23:52,791 [pool-190-thread-1] INFO  server.RaftServerConfigKeys (ConfUtils.java:logGet(44)) - raft.server.storage.free-space.min = 0MB (=0) (default)
2021-09-22 10:23:52,792 [pool-190-thread-1] INFO  storage.RaftStorageDirectory (RaftStorageDirectoryImpl.java:tryLock(230)) - Lock on /home/runner/work/ozone/ozone/hadoop-ozone/integration-test/target/test-dir/MiniOzoneClusterImpl-37bb77ab-1cd7-4f0f-8c8b-61e82082808e/scmNode-1/scm-ha/37bb77ab-1cd7-4f0f-8c8b-61e82082808e/in_use.lock acquired by nodename 4533@fv-az122-726
2021-09-22 10:23:52,792 [pool-190-thread-1] INFO  storage.RaftStorage (RaftStorageImpl.java:analyzeAndRecoverStorage(110)) - Read RaftStorageMetadata{term=1, votedFor=6cde2b08-89b9-430e-b77c-97253f43be03} from /home/runner/work/ozone/ozone/hadoop-ozone/integration-test/target/test-dir/MiniOzoneClusterImpl-37bb77ab-1cd7-4f0f-8c8b-61e82082808e/scmNode-1/scm-ha/37bb77ab-1cd7-4f0f-8c8b-61e82082808e/current/raft-meta
2021-09-22 10:23:52,793 [pool-190-thread-1] INFO  server.RaftServer$Division (ServerState.java:setRaftConf(387)) - 6cde2b08-89b9-430e-b77c-97253f43be03@group-61E82082808E: set configuration 0: [6cde2b08-89b9-430e-b77c-97253f43be03|rpc:localhost:14468|admin:|client:|dataStream:|priority:0], old=null
2021-09-22 10:23:52,793 [pool-190-thread-1] INFO  server.RaftServerConfigKeys (ConfUtils.java:logGet(44)) - raft.server.notification.no-leader.timeout = 60s (default)
2021-09-22 10:23:52,793 [pool-190-thread-1] INFO  server.RaftServerConfigKeys (ConfUtils.java:logGet(44)) - raft.server.log.use.memory = false (default)
2021-09-22 10:23:52,793 [pool-190-thread-1] INFO  server.RaftServerConfigKeys (ConfUtils.java:logGet(44)) - raft.server.log.purge.gap = 5 (custom)
2021-09-22 10:23:52,793 [pool-190-thread-1] INFO  server.RaftServerConfigKeys (ConfUtils.java:logGet(44)) - raft.server.log.appender.buffer.byte-limit = 33554432 (custom)
2021-09-22 10:23:52,793 [pool-190-thread-1] INFO  server.RaftServerConfigKeys (ConfUtils.java:logGet(44)) - raft.server.log.segment.size.max = 16384 (custom)
2021-09-22 10:23:52,794 [pool-190-thread-1] INFO  server.RaftServerConfigKeys (ConfUtils.java:logGet(44)) - raft.server.log.segment.cache.num.max = 2 (custom)
2021-09-22 10:23:52,794 [pool-190-thread-1] INFO  server.RaftServerConfigKeys (ConfUtils.java:logGet(44)) - raft.server.log.segment.cache.size.max = 200MB (=209715200) (default)
2021-09-22 10:23:52,794 [pool-190-thread-1] INFO  segmented.SegmentedRaftLogWorker (SegmentedRaftLogWorker.java:<init>(182)) - new 6cde2b08-89b9-430e-b77c-97253f43be03@group-61E82082808E-SegmentedRaftLogWorker for RaftStorageImpl:Storage Directory /home/runner/work/ozone/ozone/hadoop-ozone/integration-test/target/test-dir/MiniOzoneClusterImpl-37bb77ab-1cd7-4f0f-8c8b-61e82082808e/scmNode-1/scm-ha/37bb77ab-1cd7-4f0f-8c8b-61e82082808e
2021-09-22 10:23:52,794 [pool-190-thread-1] INFO  server.RaftServerConfigKeys (ConfUtils.java:logGet(44)) - raft.server.log.queue.byte-limit = 64MB (=67108864) (default)
2021-09-22 10:23:52,794 [pool-190-thread-1] INFO  server.RaftServerConfigKeys (ConfUtils.java:logGet(44)) - raft.server.log.queue.element-limit = 4096 (default)
2021-09-22 10:23:52,794 [pool-190-thread-1] INFO  server.RaftServerConfigKeys (ConfUtils.java:logGet(44)) - raft.server.log.segment.size.max = 16384 (custom)
2021-09-22 10:23:52,794 [pool-190-thread-1] INFO  server.RaftServerConfigKeys (ConfUtils.java:logGet(44)) - raft.server.log.preallocated.size = 16384 (custom)
2021-09-22 10:23:52,794 [pool-190-thread-1] INFO  server.RaftServerConfigKeys (ConfUtils.java:logGet(44)) - raft.server.log.force.sync.num = 128 (default)
2021-09-22 10:23:52,794 [pool-190-thread-1] INFO  server.RaftServerConfigKeys (ConfUtils.java:logGet(44)) - raft.server.log.statemachine.data.sync = true (default)
2021-09-22 10:23:52,795 [pool-190-thread-1] INFO  server.RaftServerConfigKeys (ConfUtils.java:logGet(44)) - raft.server.log.statemachine.data.sync.timeout = 10s (default)
2021-09-22 10:23:52,795 [pool-190-thread-1] INFO  server.RaftServerConfigKeys (ConfUtils.java:logGet(44)) - raft.server.log.statemachine.data.sync.timeout.retry = -1 (default)
2021-09-22 10:23:52,795 [pool-190-thread-1] INFO  server.RaftServerConfigKeys (ConfUtils.java:logGet(44)) - raft.server.log.write.buffer.size = 64KB (=65536) (default)
2021-09-22 10:23:52,798 [pool-190-thread-1] INFO  server.RaftServerConfigKeys (ConfUtils.java:logGet(44)) - raft.server.log.statemachine.data.caching.enabled = false (default)
2021-09-22 10:23:52,799 [pool-190-thread-1] INFO  server.RaftServer$Division (ServerState.java:setRaftConf(387)) - 6cde2b08-89b9-430e-b77c-97253f43be03@group-61E82082808E: set configuration 0: [6cde2b08-89b9-430e-b77c-97253f43be03|rpc:localhost:14468|admin:|client:|dataStream:|priority:0], old=null
2021-09-22 10:23:52,800 [pool-190-thread-1] INFO  segmented.LogSegment (LogSegment.java:loadSegment(173)) - Successfully read 1 entries from segment file /home/runner/work/ozone/ozone/hadoop-ozone/integration-test/target/test-dir/MiniOzoneClusterImpl-37bb77ab-1cd7-4f0f-8c8b-61e82082808e/scmNode-1/scm-ha/37bb77ab-1cd7-4f0f-8c8b-61e82082808e/current/log_inprogress_0
2021-09-22 10:23:52,800 [pool-190-thread-1] INFO  segmented.SegmentedRaftLogWorker (SegmentedRaftLogWorker.java:lambda$new$0(133)) - 6cde2b08-89b9-430e-b77c-97253f43be03@group-61E82082808E-SegmentedRaftLogWorker: flushIndex: setUnconditionally 0 -> 0
2021-09-22 10:23:52,800 [pool-190-thread-1] INFO  segmented.SegmentedRaftLogWorker (SegmentedRaftLogWorker.java:lambda$new$0(133)) - 6cde2b08-89b9-430e-b77c-97253f43be03@group-61E82082808E-SegmentedRaftLogWorker: safeCacheEvictIndex: setUnconditionally 0 -> -1
2021-09-22 10:23:52,809 [pool-190-thread-1] INFO  server.RaftServerConfigKeys (ConfUtils.java:logGet(44)) - raft.server.snapshot.auto.trigger.enabled = true (custom)
2021-09-22 10:23:52,809 [pool-190-thread-1] INFO  server.RaftServerConfigKeys (ConfUtils.java:logGet(44)) - raft.server.snapshot.auto.trigger.threshold = 5 (custom)
2021-09-22 10:23:52,809 [pool-190-thread-1] INFO  server.RaftServerConfigKeys (ConfUtils.java:logGet(44)) - raft.server.snapshot.retention.file.num = -1 (default)
2021-09-22 10:23:52,809 [pool-190-thread-1] INFO  server.RaftServerConfigKeys (ConfUtils.java:logGet(44)) - raft.server.log.purge.upto.snapshot.index = true (custom)
2021-09-22 10:23:52,809 [pool-190-thread-1] INFO  server.RaftServerConfigKeys (ConfUtils.java:logGet(44)) - raft.server.retrycache.expirytime = 60000ms (default)
2021-09-22 10:23:52,809 [pool-190-thread-1] INFO  server.RaftServerConfigKeys (ConfUtils.java:logGet(44)) - raft.server.retrycache.statistics.expirytime = 100μs (default)
2021-09-22 10:23:52,810 [Listener at 127.0.0.1/10764] INFO  ha.SCMSnapshotProvider (SCMSnapshotProvider.java:<init>(66)) - Initializing SCM Snapshot Provider
2021-09-22 10:23:52,810 [Listener at 127.0.0.1/10764] WARN  server.ServerUtils (ServerUtils.java:getDefaultRatisDirectory(237)) - Storage directory for Ratis is not configured. It is a good idea to map this to an SSD disk. Falling back to ozone.metadata.dirs
2021-09-22 10:23:52,811 [Listener at 127.0.0.1/10764] WARN  ha.SCMHAUtils (SCMHAUtils.java:getSCMRatisSnapshotDirectory(146)) - SCM snapshot dir is not configured. Falling back to ozone.metadata.dirs config
2021-09-22 10:23:52,812 [Listener at 127.0.0.1/10764] INFO  ha.SequenceIdGenerator (SequenceIdGenerator.java:upgradeToSequenceId(327)) - upgrade localId to 107544261427200000
2021-09-22 10:23:52,814 [Listener at 127.0.0.1/10764] INFO  ha.SequenceIdGenerator (SequenceIdGenerator.java:upgradeToSequenceId(337)) - upgrade delTxnId to 0
2021-09-22 10:23:52,814 [Listener at 127.0.0.1/10764] INFO  ha.SequenceIdGenerator (SequenceIdGenerator.java:upgradeToSequenceId(351)) - upgrade containerId to 0
2021-09-22 10:23:52,814 [Listener at 127.0.0.1/10764] INFO  ha.SequenceIdGenerator (SequenceIdGenerator.java:<init>(217)) - Init the HA SequenceIdGenerator.
2021-09-22 10:23:52,821 [Listener at 127.0.0.1/10764] INFO  node.SCMNodeManager (SCMNodeManager.java:<init>(144)) - Entering startup safe mode.
2021-09-22 10:23:52,822 [Listener at 127.0.0.1/10764] INFO  algorithms.ContainerPlacementPolicyFactory (ContainerPlacementPolicyFactory.java:getPolicy(60)) - Create container placement policy of type org.apache.hadoop.hdds.scm.container.placement.algorithms.SCMContainerPlacementRandom
2021-09-22 10:23:52,822 [Listener at 127.0.0.1/10764] INFO  pipeline.PipelineStateManager (PipelineStateManagerV2Impl.java:initialize(78)) - No pipeline exists in current db
2021-09-22 10:23:52,822 [Listener at 127.0.0.1/10764] INFO  algorithms.LeaderChoosePolicyFactory (LeaderChoosePolicyFactory.java:getPolicy(57)) - Create leader choose policy of type org.apache.hadoop.hdds.scm.pipeline.leader.choose.algorithms.MinLeaderCountChoosePolicy
2021-09-22 10:23:52,823 [Listener at 127.0.0.1/10764] INFO  ha.SCMServiceManager (SCMServiceManager.java:register(43)) - Registering service BackgroundPipelineCreator.
2021-09-22 10:23:52,823 [Listener at 127.0.0.1/10764] INFO  pipeline.BackgroundPipelineCreator (BackgroundPipelineCreatorV2.java:start(130)) - Starting RatisPipelineUtilsThread.
2021-09-22 10:23:52,827 [Listener at 127.0.0.1/10764] INFO  algorithms.PipelineChoosePolicyFactory (PipelineChoosePolicyFactory.java:createPipelineChoosePolicyFromClass(73)) - Create pipeline choose policy of type org.apache.hadoop.hdds.scm.pipeline.choose.algorithms.RandomPipelineChoosePolicy
2021-09-22 10:23:52,828 [Listener at 127.0.0.1/10764] INFO  ha.SCMServiceManager (SCMServiceManager.java:register(43)) - Registering service SCMBlockDeletingService.
2021-09-22 10:23:52,828 [Listener at 127.0.0.1/10764] INFO  ha.SCMServiceManager (SCMServiceManager.java:register(43)) - Registering service ReplicationManager.
2021-09-22 10:23:52,828 [Listener at 127.0.0.1/10764] INFO  container.ReplicationManager (ReplicationManager.java:start(319)) - Starting Replication Monitor Thread.
2021-09-22 10:23:52,846 [ReplicationMonitor] INFO  container.ReplicationManager (ReplicationManager.java:processAll(371)) - Replication Monitor Thread took 0 milliseconds for processing 0 containers.
2021-09-22 10:23:52,854 [Listener at 127.0.0.1/10764] INFO  safemode.ContainerSafeModeRule (ContainerSafeModeRule.java:<init>(89)) - containers with one replica threshold count 0
2021-09-22 10:23:52,854 [Listener at 127.0.0.1/10764] INFO  safemode.HealthyPipelineSafeModeRule (HealthyPipelineSafeModeRule.java:initializeRule(156)) - Total pipeline count is 0, healthy pipeline threshold count is 1
2021-09-22 10:23:52,854 [Listener at 127.0.0.1/10764] INFO  safemode.OneReplicaPipelineSafeModeRule (OneReplicaPipelineSafeModeRule.java:initializeRule(180)) - Total pipeline count is 0, pipeline's with at least one datanode reported threshold count is 0
2021-09-22 10:23:52,866 [Listener at 127.0.0.1/10764] INFO  ipc.CallQueueManager (CallQueueManager.java:<init>(90)) - Using callQueue: class java.util.concurrent.LinkedBlockingQueue, queueCapacity: 10000, scheduler: class org.apache.hadoop.ipc.DefaultRpcScheduler, ipcBackoff: false.
2021-09-22 10:23:52,867 [Socket Reader #1 for port 14469] INFO  ipc.Server (Server.java:run(1265)) - Starting Socket Reader #1 for port 14469
2021-09-22 10:23:52,867 [Listener at 0.0.0.0/14469] INFO  ipc.CallQueueManager (CallQueueManager.java:<init>(90)) - Using callQueue: class java.util.concurrent.LinkedBlockingQueue, queueCapacity: 10000, scheduler: class org.apache.hadoop.ipc.DefaultRpcScheduler, ipcBackoff: false.
2021-09-22 10:23:52,869 [Socket Reader #1 for port 14470] INFO  ipc.Server (Server.java:run(1265)) - Starting Socket Reader #1 for port 14470
2021-09-22 10:23:52,874 [Listener at 0.0.0.0/14470] INFO  ipc.CallQueueManager (CallQueueManager.java:<init>(90)) - Using callQueue: class java.util.concurrent.LinkedBlockingQueue, queueCapacity: 10000, scheduler: class org.apache.hadoop.ipc.DefaultRpcScheduler, ipcBackoff: false.
2021-09-22 10:23:52,882 [Socket Reader #1 for port 14471] INFO  ipc.Server (Server.java:run(1265)) - Starting Socket Reader #1 for port 14471
2021-09-22 10:23:52,918 [Listener at 0.0.0.0/14471] INFO  algorithms.ContainerPlacementPolicyFactory (ContainerPlacementPolicyFactory.java:getPolicy(60)) - Create container placement policy of type org.apache.hadoop.hdds.scm.container.placement.algorithms.SCMContainerPlacementRandom
2021-09-22 10:23:52,919 [Listener at 0.0.0.0/14471] INFO  server.StorageContainerManager (StorageContainerManager.java:<init>(387)) - 
Container Balancer status:
Key                            Value
Running                        false
Container Balancer Configuration values:
Key                                                Value
Threshold                                          0.1
Max Datanodes to Involve per Iteration(ratio)      0.5
Max Size to Move per Iteration                     10737418240B

2021-09-22 10:23:52,919 [Listener at 0.0.0.0/14471] WARN  events.EventQueue (EventQueue.java:fireEvent(194)) - No event handler registered for event TypedEvent{payloadType=SafeModeStatus, name='Safe mode status'}
2021-09-22 10:23:52,919 [Listener at 0.0.0.0/14471] INFO  ha.SCMContext (SCMContext.java:updateSafeModeStatus(205)) - Update SafeModeStatus from SafeModeStatus{safeModeStatus=true, preCheckPassed=false} to SafeModeStatus{safeModeStatus=true, preCheckPassed=false}.
2021-09-22 10:23:52,919 [Listener at 0.0.0.0/14471] INFO  server.StorageContainerManager (StorageContainerManager.java:start(1279)) - StorageContainerLocationProtocol RPC server is listening at /0.0.0.0:14471
2021-09-22 10:23:52,919 [Listener at 0.0.0.0/14471] INFO  ha.SCMRatisServerImpl (SCMRatisServerImpl.java:start(177)) - starting ratis server 0.0.0.0:14468
2021-09-22 10:23:52,920 [Listener at 0.0.0.0/14471] INFO  server.RaftServer$Division (RaftServerImpl.java:start(296)) - 6cde2b08-89b9-430e-b77c-97253f43be03@group-61E82082808E: start as a follower, conf=0: [6cde2b08-89b9-430e-b77c-97253f43be03|rpc:localhost:14468|admin:|client:|dataStream:|priority:0], old=null
2021-09-22 10:23:52,920 [Listener at 0.0.0.0/14471] INFO  server.RaftServer$Division (RaftServerImpl.java:setRole(285)) - 6cde2b08-89b9-430e-b77c-97253f43be03@group-61E82082808E: changes role from      null to FOLLOWER at term 1 for startAsFollower
2021-09-22 10:23:52,920 [Listener at 0.0.0.0/14471] INFO  impl.RoleInfo (RoleInfo.java:updateAndGet(130)) - 6cde2b08-89b9-430e-b77c-97253f43be03: start 6cde2b08-89b9-430e-b77c-97253f43be03@group-61E82082808E-FollowerState
2021-09-22 10:23:52,920 [Listener at 0.0.0.0/14471] INFO  util.JmxRegister (JmxRegister.java:tryRegister(44)) - Successfully registered JMX Bean with object name Ratis:service=RaftServer,group=group-61E82082808E,id=6cde2b08-89b9-430e-b77c-97253f43be03
2021-09-22 10:23:52,926 [Listener at 0.0.0.0/14471] INFO  server.RaftServer (RaftServerProxy.java:lambda$start$5(374)) - 6cde2b08-89b9-430e-b77c-97253f43be03: start RPC server
2021-09-22 10:23:52,930 [Listener at 0.0.0.0/14471] INFO  server.GrpcService (GrpcService.java:startImpl(253)) - 6cde2b08-89b9-430e-b77c-97253f43be03: GrpcService started, listening on 14468
2021-09-22 10:23:52,930 [Listener at 0.0.0.0/14471] INFO  ha.SCMHAManagerImpl (SCMHAManagerImpl.java:start(120)) -  scm role is FOLLOWER peers [6cde2b08-89b9-430e-b77c-97253f43be03|rpc:localhost:14468|admin:|client:|dataStream:|priority:0]
2021-09-22 10:23:52,930 [Listener at 0.0.0.0/14471] INFO  ha.InterSCMGrpcService (InterSCMGrpcProtocolService.java:start(94)) - Starting SCM Grpc Service at port 14472
2021-09-22 10:23:52,935 [EndpointStateMachine task thread for /127.0.0.1:14513 - 0 ] INFO  ipc.Client (Client.java:handleConnectionFailure(977)) - Retrying connect to server: localhost/127.0.0.1:14513. Already tried 7 time(s); retry policy is RetryUpToMaximumCountWithFixedSleep(maxRetries=15, sleepTime=1000 MILLISECONDS)
2021-09-22 10:23:52,938 [Listener at 0.0.0.0/14471] WARN  impl.MetricsConfig (MetricsConfig.java:loadFirst(136)) - Cannot locate configuration: tried hadoop-metrics2-storagecontainermanager.properties,hadoop-metrics2.properties
2021-09-22 10:23:52,945 [Listener at 0.0.0.0/14471] INFO  impl.MetricsSystemImpl (MetricsSystemImpl.java:startTimer(378)) - Scheduled Metric snapshot period at 10 second(s).
2021-09-22 10:23:52,946 [Listener at 0.0.0.0/14471] INFO  impl.MetricsSystemImpl (MetricsSystemImpl.java:start(191)) - StorageContainerManager metrics system started
2021-09-22 10:23:52,954 [org.apache.ratis.util.JvmPauseMonitor$$Lambda$499/1893987183@49fdc88e] INFO  util.JvmPauseMonitor (JvmPauseMonitor.java:run(103)) - JvmPauseMonitor-6cde2b08-89b9-430e-b77c-97253f43be03: Started
2021-09-22 10:23:53,011 [Listener at 0.0.0.0/14471] INFO  impl.MetricsSinkAdapter (MetricsSinkAdapter.java:start(204)) - Sink prometheus started
2021-09-22 10:23:53,012 [Listener at 0.0.0.0/14471] INFO  impl.MetricsSystemImpl (MetricsSystemImpl.java:registerSink(305)) - Registered sink prometheus
2021-09-22 10:23:53,055 [Listener at 0.0.0.0/14471] INFO  server.SCMClientProtocolServer (SCMClientProtocolServer.java:start(164)) - RPC server for Client  is listening at /0.0.0.0:14471
2021-09-22 10:23:53,057 [IPC Server Responder] INFO  ipc.Server (Server.java:run(1507)) - IPC Server Responder: starting
2021-09-22 10:23:53,057 [IPC Server listener on 14471] INFO  ipc.Server (Server.java:run(1344)) - IPC Server listener on 14471: starting
2021-09-22 10:23:53,184 [EndpointStateMachine task thread for /127.0.0.1:14493 - 0 ] INFO  ipc.Client (Client.java:handleConnectionFailure(977)) - Retrying connect to server: localhost/127.0.0.1:14493. Already tried 7 time(s); retry policy is RetryUpToMaximumCountWithFixedSleep(maxRetries=15, sleepTime=1000 MILLISECONDS)
2021-09-22 10:23:53,184 [EndpointStateMachine task thread for /127.0.0.1:14503 - 0 ] INFO  ipc.Client (Client.java:handleConnectionFailure(977)) - Retrying connect to server: localhost/127.0.0.1:14503. Already tried 6 time(s); retry policy is RetryUpToMaximumCountWithFixedSleep(maxRetries=15, sleepTime=1000 MILLISECONDS)
2021-09-22 10:23:53,189 [Listener at 0.0.0.0/14471] INFO  server.StorageContainerManager (StorageContainerManager.java:start(1294)) - ScmBlockLocationProtocol RPC server is listening at /0.0.0.0:14470
2021-09-22 10:23:53,190 [Listener at 0.0.0.0/14471] INFO  server.SCMBlockProtocolServer (SCMBlockProtocolServer.java:start(151)) - RPC server for Block Protocol is listening at /0.0.0.0:14470
2021-09-22 10:23:53,190 [IPC Server Responder] INFO  ipc.Server (Server.java:run(1507)) - IPC Server Responder: starting
2021-09-22 10:23:53,191 [IPC Server listener on 14470] INFO  ipc.Server (Server.java:run(1344)) - IPC Server listener on 14470: starting
2021-09-22 10:23:53,210 [Listener at 0.0.0.0/14471] INFO  server.StorageContainerManager (StorageContainerManager.java:start(1300)) - ScmDatanodeProtocl RPC server is listening at /0.0.0.0:14469
2021-09-22 10:23:53,212 [Listener at 0.0.0.0/14471] INFO  http.BaseHttpServer (BaseHttpServer.java:newHttpServer2BuilderForOzone(209)) - Starting Web-server for scm at: http://0.0.0.0:14466
2021-09-22 10:23:53,212 [Listener at 0.0.0.0/14471] INFO  http.BaseHttpServer (BaseHttpServer.java:<init>(107)) - Hadoop Security Enabled: false Ozone Security Enabled: false Ozone HTTP Security Enabled: false 
2021-09-22 10:23:53,214 [Listener at 0.0.0.0/14471] INFO  server.AuthenticationFilter (AuthenticationFilter.java:constructSecretProvider(240)) - Unable to initialize FileSignerSecretProvider, falling back to use random secrets.
2021-09-22 10:23:53,215 [org.apache.hadoop.util.JvmPauseMonitor$Monitor@602d7631] INFO  util.JvmPauseMonitor (JvmPauseMonitor.java:run(188)) - Starting JVM pause monitor
2021-09-22 10:23:53,222 [Listener at 0.0.0.0/14471] WARN  http.HttpRequestLog (HttpRequestLog.java:getRequestLog(103)) - Jetty request log can only be enabled using Log4j
2021-09-22 10:23:53,223 [Listener at 0.0.0.0/14471] INFO  http.HttpServer2 (HttpServer2.java:addGlobalFilter(1030)) - Added global filter 'safety' (class=org.apache.hadoop.hdds.server.http.HttpServer2$QuotingInputFilter)
2021-09-22 10:23:53,224 [Listener at 0.0.0.0/14471] INFO  http.HttpServer2 (HttpServer2.java:addFilter(1006)) - Added filter static_user_filter (class=org.apache.hadoop.http.lib.StaticUserWebFilter$StaticUserFilter) to context scm
2021-09-22 10:23:53,224 [Listener at 0.0.0.0/14471] INFO  http.HttpServer2 (HttpServer2.java:addFilter(1014)) - Added filter static_user_filter (class=org.apache.hadoop.http.lib.StaticUserWebFilter$StaticUserFilter) to context static
2021-09-22 10:23:53,224 [Listener at 0.0.0.0/14471] INFO  http.HttpServer2 (HttpServer2.java:addFilter(1014)) - Added filter static_user_filter (class=org.apache.hadoop.http.lib.StaticUserWebFilter$StaticUserFilter) to context logs
2021-09-22 10:23:53,225 [Listener at 0.0.0.0/14471] INFO  http.HttpServer2 (HttpServer2.java:bindListener(1249)) - Jetty bound to port 14466
2021-09-22 10:23:53,225 [Listener at 0.0.0.0/14471] INFO  server.Server (Server.java:doStart(375)) - jetty-9.4.43.v20210629; built: 2021-06-30T11:07:22.254Z; git: 526006ecfa3af7f1a27ef3a288e2bef7ea9dd7e8; jvm 1.8.0_292-b10
2021-09-22 10:23:53,234 [Listener at 0.0.0.0/14471] INFO  server.session (DefaultSessionIdManager.java:doStart(334)) - DefaultSessionIdManager workerName=node0
2021-09-22 10:23:53,234 [Listener at 0.0.0.0/14471] INFO  server.session (DefaultSessionIdManager.java:doStart(339)) - No SessionScavenger set, using defaults
2021-09-22 10:23:53,234 [Listener at 0.0.0.0/14471] INFO  server.session (HouseKeeper.java:startScavenging(132)) - node0 Scavenging every 660000ms
2021-09-22 10:23:53,235 [Listener at 0.0.0.0/14471] INFO  handler.ContextHandler (ContextHandler.java:doStart(915)) - Started o.e.j.s.ServletContextHandler@1aff6f46{logs,/logs,file:///home/runner/work/ozone/ozone/hadoop-ozone/integration-test/target/log,AVAILABLE}
2021-09-22 10:23:53,236 [Listener at 0.0.0.0/14471] INFO  handler.ContextHandler (ContextHandler.java:doStart(915)) - Started o.e.j.s.ServletContextHandler@501f3c79{static,/static,file:///home/runner/work/ozone/ozone/hadoop-ozone/integration-test/target/test-classes/webapps/static,AVAILABLE}
2021-09-22 10:23:53,244 [Listener at 0.0.0.0/14471] INFO  handler.ContextHandler (ContextHandler.java:doStart(915)) - Started o.e.j.w.WebAppContext@2668c100{scm,/,file:///home/runner/work/ozone/ozone/hadoop-ozone/integration-test/target/test-classes/webapps/scm/,AVAILABLE}{file:/home/runner/work/ozone/ozone/hadoop-ozone/integration-test/target/test-classes/webapps/scm}
2021-09-22 10:23:53,246 [Listener at 0.0.0.0/14471] INFO  server.AbstractConnector (AbstractConnector.java:doStart(331)) - Started ServerConnector@37d61cea{HTTP/1.1, (http/1.1)}{0.0.0.0:14466}
2021-09-22 10:23:53,247 [Listener at 0.0.0.0/14471] INFO  server.Server (Server.java:doStart(415)) - Started @72958ms
2021-09-22 10:23:53,247 [Listener at 0.0.0.0/14471] WARN  impl.MetricsSystemImpl (MetricsSystemImpl.java:register(279)) - Sink prometheus already exists!
2021-09-22 10:23:53,248 [Listener at 0.0.0.0/14471] INFO  http.BaseHttpServer (BaseHttpServer.java:updateConnectorAddress(329)) - HTTP server of scm listening at http://0.0.0.0:14466
2021-09-22 10:23:53,248 [Listener at 0.0.0.0/14471] INFO  ozone.MiniOzoneHAClusterImpl (MiniOzoneHAClusterImpl.java:createSCMService(564)) - Started SCM RPC server at org.apache.hadoop.hdds.scm.server.SCMClientProtocolServer@4dae054b
2021-09-22 10:23:53,260 [Listener at 0.0.0.0/14471] INFO  ha.SCMHANodeDetails (SCMHANodeDetails.java:loadSCMHAConfig(157)) - ServiceID for StorageContainerManager is scm-service-test1
2021-09-22 10:23:53,260 [Listener at 0.0.0.0/14471] INFO  ha.SCMHANodeDetails (SCMHANodeDetails.java:loadSCMHAConfig(168)) - ServiceID for StorageContainerManager is scm-service-test1
2021-09-22 10:23:53,260 [Listener at 0.0.0.0/14471] WARN  scm.ScmUtils (ScmUtils.java:logWarn(179)) - ConfigKey ozone.scm.block.client.address is deprecated, For configuring different ports for each SCM use PortConfigKey ozone.scm.block.client.port appended with serviceId and nodeId. If want to configure same port configure ozone.scm.block.client.port
2021-09-22 10:23:53,260 [Listener at 0.0.0.0/14471] WARN  scm.ScmUtils (ScmUtils.java:logWarn(179)) - ConfigKey ozone.scm.client.address is deprecated, For configuring different ports for each SCM use PortConfigKey ozone.scm.client.port appended with serviceId and nodeId. If want to configure same port configure ozone.scm.client.port
2021-09-22 10:23:53,261 [Listener at 0.0.0.0/14471] WARN  scm.ScmUtils (ScmUtils.java:logWarn(179)) - ConfigKey ozone.scm.datanode.address is deprecated, For configuring different ports for each SCM use PortConfigKey ozone.scm.datanode.port appended with serviceId and nodeId. If want to configure same port configure ozone.scm.datanode.port
2021-09-22 10:23:53,262 [Listener at 0.0.0.0/14471] WARN  scm.ScmUtils (ScmUtils.java:logWarn(179)) - ConfigKey ozone.scm.block.client.address is deprecated, For configuring different ports for each SCM use PortConfigKey ozone.scm.block.client.port appended with serviceId and nodeId. If want to configure same port configure ozone.scm.block.client.port
2021-09-22 10:23:53,262 [Listener at 0.0.0.0/14471] WARN  scm.ScmUtils (ScmUtils.java:logWarn(179)) - ConfigKey ozone.scm.client.address is deprecated, For configuring different ports for each SCM use PortConfigKey ozone.scm.client.port appended with serviceId and nodeId. If want to configure same port configure ozone.scm.client.port
2021-09-22 10:23:53,262 [Listener at 0.0.0.0/14471] WARN  scm.ScmUtils (ScmUtils.java:logWarn(179)) - ConfigKey ozone.scm.datanode.address is deprecated, For configuring different ports for each SCM use PortConfigKey ozone.scm.datanode.port appended with serviceId and nodeId. If want to configure same port configure ozone.scm.datanode.port
2021-09-22 10:23:53,263 [Listener at 0.0.0.0/14471] INFO  ha.SCMHANodeDetails (SCMHANodeDetails.java:loadSCMHAConfig(250)) - Found matching SCM address with SCMServiceId: scm-service-test1, SCMNodeId: scmNode-2, RPC Address: localhost:14478 and Ratis port: 14478
2021-09-22 10:23:53,263 [Listener at 0.0.0.0/14471] INFO  ha.SCMHANodeDetails (ConfUtils.java:setNodeSpecificConfigs(108)) - Setting configuration key ozone.scm.datanode.address with value of key ozone.scm.datanode.address.scm-service-test1.scmNode-2: 127.0.0.1:14479
2021-09-22 10:23:53,264 [Listener at 0.0.0.0/14471] INFO  ha.SCMHANodeDetails (ConfUtils.java:setNodeSpecificConfigs(108)) - Setting configuration key ozone.scm.block.client.address with value of key ozone.scm.block.client.address.scm-service-test1.scmNode-2: 127.0.0.1:14480
2021-09-22 10:23:53,264 [Listener at 0.0.0.0/14471] INFO  ha.SCMHANodeDetails (ConfUtils.java:setNodeSpecificConfigs(108)) - Setting configuration key ozone.scm.client.address with value of key ozone.scm.client.address.scm-service-test1.scmNode-2: 127.0.0.1:14481
2021-09-22 10:23:53,264 [Listener at 0.0.0.0/14471] INFO  ha.SCMHANodeDetails (ConfUtils.java:setNodeSpecificConfigs(108)) - Setting configuration key ozone.scm.ratis.port with value of key ozone.scm.ratis.port.scm-service-test1.scmNode-2: 14478
2021-09-22 10:23:53,264 [Listener at 0.0.0.0/14471] INFO  ha.SCMHANodeDetails (ConfUtils.java:setNodeSpecificConfigs(108)) - Setting configuration key ozone.scm.grpc.port with value of key ozone.scm.grpc.port.scm-service-test1.scmNode-2: 14482
2021-09-22 10:23:53,264 [Listener at 0.0.0.0/14471] INFO  ha.SCMHANodeDetails (ConfUtils.java:setNodeSpecificConfigs(108)) - Setting configuration key ozone.scm.http-address with value of key ozone.scm.http-address.scm-service-test1.scmNode-2: 127.0.0.1:14476
2021-09-22 10:23:53,264 [Listener at 0.0.0.0/14471] INFO  ha.SCMHANodeDetails (ConfUtils.java:setNodeSpecificConfigs(108)) - Setting configuration key ozone.scm.https-address with value of key ozone.scm.https-address.scm-service-test1.scmNode-2: 127.0.0.1:14477
2021-09-22 10:23:53,265 [Listener at 0.0.0.0/14471] INFO  ha.SCMHANodeDetails (ConfUtils.java:setNodeSpecificConfigs(108)) - Setting configuration key ozone.scm.address with value of key ozone.scm.address.scm-service-test1.scmNode-2: 127.0.0.1
2021-09-22 10:23:53,265 [Listener at 0.0.0.0/14471] WARN  scm.ScmUtils (ScmUtils.java:logWarn(179)) - ConfigKey ozone.scm.block.client.address is deprecated, For configuring different ports for each SCM use PortConfigKey ozone.scm.block.client.port appended with serviceId and nodeId. If want to configure same port configure ozone.scm.block.client.port
2021-09-22 10:23:53,265 [Listener at 0.0.0.0/14471] WARN  scm.ScmUtils (ScmUtils.java:logWarn(179)) - ConfigKey ozone.scm.client.address is deprecated, For configuring different ports for each SCM use PortConfigKey ozone.scm.client.port appended with serviceId and nodeId. If want to configure same port configure ozone.scm.client.port
2021-09-22 10:23:53,265 [Listener at 0.0.0.0/14471] WARN  scm.ScmUtils (ScmUtils.java:logWarn(179)) - ConfigKey ozone.scm.datanode.address is deprecated, For configuring different ports for each SCM use PortConfigKey ozone.scm.datanode.port appended with serviceId and nodeId. If want to configure same port configure ozone.scm.datanode.port
2021-09-22 10:23:53,267 [Listener at 0.0.0.0/14471] WARN  server.ServerUtils (ServerUtils.java:getScmDbDir(148)) - ozone.scm.db.dirs is not configured. We recommend adding this setting. Falling back to ozone.metadata.dirs instead.
2021-09-22 10:23:53,284 [Listener at 0.0.0.0/14471] INFO  ha.SCMNodeInfo (SCMNodeInfo.java:getPort(197)) - ConfigKey ozone.scm.client.address is deprecated, For configuring different ports for each SCM use PortConfigKey ozone.scm.client.port appended with serviceId and nodeId
2021-09-22 10:23:53,285 [Listener at 0.0.0.0/14471] INFO  ha.SCMNodeInfo (SCMNodeInfo.java:getPort(197)) - ConfigKey ozone.scm.block.client.address is deprecated, For configuring different ports for each SCM use PortConfigKey ozone.scm.block.client.port appended with serviceId and nodeId
2021-09-22 10:23:53,286 [Listener at 0.0.0.0/14471] INFO  ha.SCMNodeInfo (SCMNodeInfo.java:getPort(197)) - ConfigKey ozone.scm.datanode.address is deprecated, For configuring different ports for each SCM use PortConfigKey ozone.scm.datanode.port appended with serviceId and nodeId
2021-09-22 10:23:53,286 [Listener at 0.0.0.0/14471] INFO  ha.SCMNodeInfo (SCMNodeInfo.java:getPort(197)) - ConfigKey ozone.scm.client.address is deprecated, For configuring different ports for each SCM use PortConfigKey ozone.scm.client.port appended with serviceId and nodeId
2021-09-22 10:23:53,286 [Listener at 0.0.0.0/14471] INFO  ha.SCMNodeInfo (SCMNodeInfo.java:getPort(197)) - ConfigKey ozone.scm.block.client.address is deprecated, For configuring different ports for each SCM use PortConfigKey ozone.scm.block.client.port appended with serviceId and nodeId
2021-09-22 10:23:53,286 [Listener at 0.0.0.0/14471] INFO  ha.SCMNodeInfo (SCMNodeInfo.java:getPort(197)) - ConfigKey ozone.scm.datanode.address is deprecated, For configuring different ports for each SCM use PortConfigKey ozone.scm.datanode.port appended with serviceId and nodeId
2021-09-22 10:23:53,286 [Listener at 0.0.0.0/14471] INFO  ha.SCMNodeInfo (SCMNodeInfo.java:getPort(197)) - ConfigKey ozone.scm.client.address is deprecated, For configuring different ports for each SCM use PortConfigKey ozone.scm.client.port appended with serviceId and nodeId
2021-09-22 10:23:53,286 [Listener at 0.0.0.0/14471] INFO  ha.SCMNodeInfo (SCMNodeInfo.java:getPort(197)) - ConfigKey ozone.scm.block.client.address is deprecated, For configuring different ports for each SCM use PortConfigKey ozone.scm.block.client.port appended with serviceId and nodeId
2021-09-22 10:23:53,287 [Listener at 0.0.0.0/14471] INFO  ha.SCMNodeInfo (SCMNodeInfo.java:getPort(197)) - ConfigKey ozone.scm.datanode.address is deprecated, For configuring different ports for each SCM use PortConfigKey ozone.scm.datanode.port appended with serviceId and nodeId
2021-09-22 10:23:53,936 [EndpointStateMachine task thread for /127.0.0.1:14513 - 0 ] INFO  ipc.Client (Client.java:handleConnectionFailure(977)) - Retrying connect to server: localhost/127.0.0.1:14513. Already tried 8 time(s); retry policy is RetryUpToMaximumCountWithFixedSleep(maxRetries=15, sleepTime=1000 MILLISECONDS)
2021-09-22 10:23:54,197 [EndpointStateMachine task thread for /127.0.0.1:14503 - 0 ] INFO  ipc.Client (Client.java:handleConnectionFailure(977)) - Retrying connect to server: localhost/127.0.0.1:14503. Already tried 7 time(s); retry policy is RetryUpToMaximumCountWithFixedSleep(maxRetries=15, sleepTime=1000 MILLISECONDS)
2021-09-22 10:23:54,198 [EndpointStateMachine task thread for /127.0.0.1:14493 - 0 ] INFO  ipc.Client (Client.java:handleConnectionFailure(977)) - Retrying connect to server: localhost/127.0.0.1:14493. Already tried 8 time(s); retry policy is RetryUpToMaximumCountWithFixedSleep(maxRetries=15, sleepTime=1000 MILLISECONDS)
2021-09-22 10:23:54,937 [EndpointStateMachine task thread for /127.0.0.1:14513 - 0 ] INFO  ipc.Client (Client.java:handleConnectionFailure(977)) - Retrying connect to server: localhost/127.0.0.1:14513. Already tried 9 time(s); retry policy is RetryUpToMaximumCountWithFixedSleep(maxRetries=15, sleepTime=1000 MILLISECONDS)
2021-09-22 10:23:55,198 [EndpointStateMachine task thread for /127.0.0.1:14503 - 0 ] INFO  ipc.Client (Client.java:handleConnectionFailure(977)) - Retrying connect to server: localhost/127.0.0.1:14503. Already tried 8 time(s); retry policy is RetryUpToMaximumCountWithFixedSleep(maxRetries=15, sleepTime=1000 MILLISECONDS)
2021-09-22 10:23:55,199 [EndpointStateMachine task thread for /127.0.0.1:14493 - 0 ] INFO  ipc.Client (Client.java:handleConnectionFailure(977)) - Retrying connect to server: localhost/127.0.0.1:14493. Already tried 9 time(s); retry policy is RetryUpToMaximumCountWithFixedSleep(maxRetries=15, sleepTime=1000 MILLISECONDS)
2021-09-22 10:23:55,300 [Listener at 0.0.0.0/14471] INFO  retry.RetryInvocationHandler (RetryInvocationHandler.java:log(411)) - com.google.protobuf.ServiceException: java.net.ConnectException: Call From fv-az122-726/10.1.0.46 to localhost:14480 failed on connection exception: java.net.ConnectException: Connection refused; For more details see:  http://wiki.apache.org/hadoop/ConnectionRefused, while invoking $Proxy39.send over nodeId=scmNode-2,nodeAddress=/127.0.0.1:14480 after 1 failover attempts. Trying to failover after sleeping for 2000ms.
2021-09-22 10:23:55,937 [EndpointStateMachine task thread for /127.0.0.1:14513 - 0 ] INFO  ipc.Client (Client.java:handleConnectionFailure(977)) - Retrying connect to server: localhost/127.0.0.1:14513. Already tried 10 time(s); retry policy is RetryUpToMaximumCountWithFixedSleep(maxRetries=15, sleepTime=1000 MILLISECONDS)
2021-09-22 10:23:56,199 [EndpointStateMachine task thread for /127.0.0.1:14493 - 0 ] INFO  ipc.Client (Client.java:handleConnectionFailure(977)) - Retrying connect to server: localhost/127.0.0.1:14493. Already tried 10 time(s); retry policy is RetryUpToMaximumCountWithFixedSleep(maxRetries=15, sleepTime=1000 MILLISECONDS)
2021-09-22 10:23:56,202 [EndpointStateMachine task thread for /127.0.0.1:14503 - 0 ] INFO  ipc.Client (Client.java:handleConnectionFailure(977)) - Retrying connect to server: localhost/127.0.0.1:14503. Already tried 9 time(s); retry policy is RetryUpToMaximumCountWithFixedSleep(maxRetries=15, sleepTime=1000 MILLISECONDS)
2021-09-22 10:23:56,938 [EndpointStateMachine task thread for /127.0.0.1:14513 - 0 ] INFO  ipc.Client (Client.java:handleConnectionFailure(977)) - Retrying connect to server: localhost/127.0.0.1:14513. Already tried 11 time(s); retry policy is RetryUpToMaximumCountWithFixedSleep(maxRetries=15, sleepTime=1000 MILLISECONDS)
2021-09-22 10:23:57,200 [EndpointStateMachine task thread for /127.0.0.1:14493 - 0 ] INFO  ipc.Client (Client.java:handleConnectionFailure(977)) - Retrying connect to server: localhost/127.0.0.1:14493. Already tried 11 time(s); retry policy is RetryUpToMaximumCountWithFixedSleep(maxRetries=15, sleepTime=1000 MILLISECONDS)
2021-09-22 10:23:57,204 [EndpointStateMachine task thread for /127.0.0.1:14503 - 0 ] INFO  ipc.Client (Client.java:handleConnectionFailure(977)) - Retrying connect to server: localhost/127.0.0.1:14503. Already tried 10 time(s); retry policy is RetryUpToMaximumCountWithFixedSleep(maxRetries=15, sleepTime=1000 MILLISECONDS)
2021-09-22 10:23:57,304 [Listener at 0.0.0.0/14471] INFO  retry.RetryInvocationHandler (RetryInvocationHandler.java:log(411)) - com.google.protobuf.ServiceException: java.net.ConnectException: Call From fv-az122-726/10.1.0.46 to localhost:14490 failed on connection exception: java.net.ConnectException: Connection refused; For more details see:  http://wiki.apache.org/hadoop/ConnectionRefused, while invoking $Proxy39.send over nodeId=scmNode-3,nodeAddress=/127.0.0.1:14490 after 2 failover attempts. Trying to failover after sleeping for 2000ms.
2021-09-22 10:23:57,939 [EndpointStateMachine task thread for /127.0.0.1:14513 - 0 ] INFO  ipc.Client (Client.java:handleConnectionFailure(977)) - Retrying connect to server: localhost/127.0.0.1:14513. Already tried 12 time(s); retry policy is RetryUpToMaximumCountWithFixedSleep(maxRetries=15, sleepTime=1000 MILLISECONDS)
2021-09-22 10:23:58,102 [6cde2b08-89b9-430e-b77c-97253f43be03@group-61E82082808E-FollowerState] INFO  impl.FollowerState (FollowerState.java:run(134)) - 6cde2b08-89b9-430e-b77c-97253f43be03@group-61E82082808E-FollowerState: change to CANDIDATE, lastRpcElapsedTime:5182099275ns, electionTimeout:5170ms
2021-09-22 10:23:58,103 [6cde2b08-89b9-430e-b77c-97253f43be03@group-61E82082808E-FollowerState] INFO  impl.RoleInfo (RoleInfo.java:shutdownFollowerState(108)) - 6cde2b08-89b9-430e-b77c-97253f43be03: shutdown 6cde2b08-89b9-430e-b77c-97253f43be03@group-61E82082808E-FollowerState
2021-09-22 10:23:58,103 [6cde2b08-89b9-430e-b77c-97253f43be03@group-61E82082808E-FollowerState] INFO  server.RaftServer$Division (RaftServerImpl.java:setRole(285)) - 6cde2b08-89b9-430e-b77c-97253f43be03@group-61E82082808E: changes role from  FOLLOWER to CANDIDATE at term 1 for changeToCandidate
2021-09-22 10:23:58,103 [6cde2b08-89b9-430e-b77c-97253f43be03@group-61E82082808E-FollowerState] INFO  server.RaftServerConfigKeys (ConfUtils.java:logGet(44)) - raft.server.leaderelection.pre-vote = false (custom)
2021-09-22 10:23:58,103 [6cde2b08-89b9-430e-b77c-97253f43be03@group-61E82082808E-FollowerState] INFO  impl.RoleInfo (RoleInfo.java:updateAndGet(130)) - 6cde2b08-89b9-430e-b77c-97253f43be03: start 6cde2b08-89b9-430e-b77c-97253f43be03@group-61E82082808E-LeaderElection14
2021-09-22 10:23:58,108 [6cde2b08-89b9-430e-b77c-97253f43be03@group-61E82082808E-LeaderElection14] INFO  impl.LeaderElection (LeaderElection.java:askForVotes(306)) - 6cde2b08-89b9-430e-b77c-97253f43be03@group-61E82082808E-LeaderElection14 ELECTION round 0: submit vote requests at term 2 for 0: [6cde2b08-89b9-430e-b77c-97253f43be03|rpc:localhost:14468|admin:|client:|dataStream:|priority:0], old=null
2021-09-22 10:23:58,108 [6cde2b08-89b9-430e-b77c-97253f43be03@group-61E82082808E-LeaderElection14] INFO  impl.LeaderElection (LeaderElection.java:askForVotes(308)) - 6cde2b08-89b9-430e-b77c-97253f43be03@group-61E82082808E-LeaderElection14 ELECTION round 0: result PASSED (term=2)
2021-09-22 10:23:58,108 [6cde2b08-89b9-430e-b77c-97253f43be03@group-61E82082808E-LeaderElection14] INFO  impl.RoleInfo (RoleInfo.java:shutdownLeaderElection(121)) - 6cde2b08-89b9-430e-b77c-97253f43be03: shutdown 6cde2b08-89b9-430e-b77c-97253f43be03@group-61E82082808E-LeaderElection14
2021-09-22 10:23:58,108 [6cde2b08-89b9-430e-b77c-97253f43be03@group-61E82082808E-LeaderElection14] INFO  server.RaftServer$Division (RaftServerImpl.java:setRole(285)) - 6cde2b08-89b9-430e-b77c-97253f43be03@group-61E82082808E: changes role from CANDIDATE to LEADER at term 2 for changeToLeader
2021-09-22 10:23:58,108 [6cde2b08-89b9-430e-b77c-97253f43be03@group-61E82082808E-LeaderElection14] INFO  ha.SCMStateMachine (SCMStateMachine.java:notifyLeaderChanged(252)) - current SCM becomes leader of term 2.
2021-09-22 10:23:58,108 [6cde2b08-89b9-430e-b77c-97253f43be03@group-61E82082808E-LeaderElection14] INFO  ha.SCMContext (SCMContext.java:updateLeaderAndTerm(88)) - update <isLeader,term> from <false,0> to <true,2>
2021-09-22 10:23:58,108 [6cde2b08-89b9-430e-b77c-97253f43be03@group-61E82082808E-LeaderElection14] INFO  server.RaftServer$Division (ServerState.java:setLeader(285)) - 6cde2b08-89b9-430e-b77c-97253f43be03@group-61E82082808E: change Leader from null to 6cde2b08-89b9-430e-b77c-97253f43be03 at term 2 for becomeLeader, leader elected after 5315ms
2021-09-22 10:23:58,108 [6cde2b08-89b9-430e-b77c-97253f43be03@group-61E82082808E-LeaderElection14] INFO  server.RaftServerConfigKeys (ConfUtils.java:logGet(44)) - raft.server.staging.catchup.gap = 1000 (default)
2021-09-22 10:23:58,108 [6cde2b08-89b9-430e-b77c-97253f43be03@group-61E82082808E-LeaderElection14] INFO  server.RaftServerConfigKeys (ConfUtils.java:logGet(44)) - raft.server.write.element-limit = 4096 (default)
2021-09-22 10:23:58,109 [6cde2b08-89b9-430e-b77c-97253f43be03@group-61E82082808E-LeaderElection14] INFO  server.RaftServerConfigKeys (ConfUtils.java:logGet(44)) - raft.server.write.byte-limit = 64MB (=67108864) (default)
2021-09-22 10:23:58,109 [6cde2b08-89b9-430e-b77c-97253f43be03@group-61E82082808E-LeaderElection14] INFO  server.RaftServerConfigKeys (ConfUtils.java:logGet(44)) - raft.server.watch.timeout = 10s (default)
2021-09-22 10:23:58,109 [6cde2b08-89b9-430e-b77c-97253f43be03@group-61E82082808E-LeaderElection14] INFO  server.RaftServerConfigKeys (ConfUtils.java:logGet(44)) - raft.server.watch.timeout.denomination = 1s (default)
2021-09-22 10:23:58,111 [6cde2b08-89b9-430e-b77c-97253f43be03@group-61E82082808E-LeaderElection14] INFO  server.RaftServerConfigKeys (ConfUtils.java:logGet(44)) - raft.server.watch.element-limit = 65536 (default)
2021-09-22 10:23:58,113 [6cde2b08-89b9-430e-b77c-97253f43be03@group-61E82082808E-LeaderElection14] INFO  impl.RoleInfo (RoleInfo.java:updateAndGet(130)) - 6cde2b08-89b9-430e-b77c-97253f43be03: start 6cde2b08-89b9-430e-b77c-97253f43be03@group-61E82082808E-LeaderStateImpl
2021-09-22 10:23:58,113 [6cde2b08-89b9-430e-b77c-97253f43be03@group-61E82082808E-LeaderElection14] INFO  segmented.SegmentedRaftLogWorker (SegmentedRaftLogWorker.java:rollLogSegment(399)) - 6cde2b08-89b9-430e-b77c-97253f43be03@group-61E82082808E-SegmentedRaftLogWorker: Rolling segment log-0_0 to index:0
2021-09-22 10:23:58,114 [6cde2b08-89b9-430e-b77c-97253f43be03@group-61E82082808E-SegmentedRaftLogWorker] INFO  segmented.SegmentedRaftLogWorker (SegmentedRaftLogWorker.java:execute(558)) - 6cde2b08-89b9-430e-b77c-97253f43be03@group-61E82082808E-SegmentedRaftLogWorker: Rolled log segment from /home/runner/work/ozone/ozone/hadoop-ozone/integration-test/target/test-dir/MiniOzoneClusterImpl-37bb77ab-1cd7-4f0f-8c8b-61e82082808e/scmNode-1/scm-ha/37bb77ab-1cd7-4f0f-8c8b-61e82082808e/current/log_inprogress_0 to /home/runner/work/ozone/ozone/hadoop-ozone/integration-test/target/test-dir/MiniOzoneClusterImpl-37bb77ab-1cd7-4f0f-8c8b-61e82082808e/scmNode-1/scm-ha/37bb77ab-1cd7-4f0f-8c8b-61e82082808e/current/log_0-0
2021-09-22 10:23:58,124 [6cde2b08-89b9-430e-b77c-97253f43be03@group-61E82082808E-SegmentedRaftLogWorker] INFO  segmented.SegmentedRaftLogWorker (SegmentedRaftLogWorker.java:execute(601)) - 6cde2b08-89b9-430e-b77c-97253f43be03@group-61E82082808E-SegmentedRaftLogWorker: created new log segment /home/runner/work/ozone/ozone/hadoop-ozone/integration-test/target/test-dir/MiniOzoneClusterImpl-37bb77ab-1cd7-4f0f-8c8b-61e82082808e/scmNode-1/scm-ha/37bb77ab-1cd7-4f0f-8c8b-61e82082808e/current/log_inprogress_1
2021-09-22 10:23:58,128 [6cde2b08-89b9-430e-b77c-97253f43be03@group-61E82082808E-LeaderElection14] INFO  server.RaftServer$Division (ServerState.java:setRaftConf(387)) - 6cde2b08-89b9-430e-b77c-97253f43be03@group-61E82082808E: set configuration 1: [6cde2b08-89b9-430e-b77c-97253f43be03|rpc:localhost:14468|admin:|client:|dataStream:|priority:0], old=null
2021-09-22 10:23:58,131 [6cde2b08-89b9-430e-b77c-97253f43be03@group-61E82082808E-StateMachineUpdater] INFO  ha.SCMContext (SCMContext.java:setLeaderReady(115)) - update <isLeaderReady> from <false> to <true>
2021-09-22 10:23:58,131 [6cde2b08-89b9-430e-b77c-97253f43be03@group-61E82082808E-StateMachineUpdater] INFO  pipeline.BackgroundPipelineCreator (BackgroundPipelineCreatorV2.java:notifyStatusChanged(264)) - Service BackgroundPipelineCreator transitions to RUNNING.
2021-09-22 10:23:58,132 [6cde2b08-89b9-430e-b77c-97253f43be03@group-61E82082808E-StateMachineUpdater] INFO  safemode.HealthyPipelineSafeModeRule (HealthyPipelineSafeModeRule.java:initializeRule(152)) - Refreshed total pipeline count is 0, healthy pipeline threshold count is 1
2021-09-22 10:23:58,132 [6cde2b08-89b9-430e-b77c-97253f43be03@group-61E82082808E-StateMachineUpdater] INFO  safemode.ContainerSafeModeRule (ContainerSafeModeRule.java:reInitializeRule(177)) - Refreshed one replica container threshold 0, currentThreshold 0
2021-09-22 10:23:58,132 [6cde2b08-89b9-430e-b77c-97253f43be03@group-61E82082808E-StateMachineUpdater] INFO  safemode.OneReplicaPipelineSafeModeRule (OneReplicaPipelineSafeModeRule.java:initializeRule(176)) - Refreshed Total pipeline count is 0, pipeline's with at least one datanode reported threshold count is 0
2021-09-22 10:23:58,132 [6cde2b08-89b9-430e-b77c-97253f43be03@group-61E82082808E-StateMachineUpdater] INFO  server.SCMDatanodeProtocolServer (SCMDatanodeProtocolServer.java:start(181)) - RPC server for DataNodes is listening at /0.0.0.0:14469
2021-09-22 10:23:58,138 [IPC Server listener on 14469] INFO  ipc.Server (Server.java:run(1344)) - IPC Server listener on 14469: starting
2021-09-22 10:23:58,153 [IPC Server Responder] INFO  ipc.Server (Server.java:run(1507)) - IPC Server Responder: starting
2021-09-22 10:23:58,201 [EndpointStateMachine task thread for /127.0.0.1:14493 - 0 ] INFO  ipc.Client (Client.java:handleConnectionFailure(977)) - Retrying connect to server: localhost/127.0.0.1:14493. Already tried 12 time(s); retry policy is RetryUpToMaximumCountWithFixedSleep(maxRetries=15, sleepTime=1000 MILLISECONDS)
2021-09-22 10:23:58,204 [EndpointStateMachine task thread for /127.0.0.1:14503 - 0 ] INFO  ipc.Client (Client.java:handleConnectionFailure(977)) - Retrying connect to server: localhost/127.0.0.1:14503. Already tried 11 time(s); retry policy is RetryUpToMaximumCountWithFixedSleep(maxRetries=15, sleepTime=1000 MILLISECONDS)
2021-09-22 10:23:58,939 [EndpointStateMachine task thread for /127.0.0.1:14513 - 0 ] INFO  ipc.Client (Client.java:handleConnectionFailure(977)) - Retrying connect to server: localhost/127.0.0.1:14513. Already tried 13 time(s); retry policy is RetryUpToMaximumCountWithFixedSleep(maxRetries=15, sleepTime=1000 MILLISECONDS)
2021-09-22 10:23:59,202 [EndpointStateMachine task thread for /127.0.0.1:14493 - 0 ] INFO  ipc.Client (Client.java:handleConnectionFailure(977)) - Retrying connect to server: localhost/127.0.0.1:14493. Already tried 13 time(s); retry policy is RetryUpToMaximumCountWithFixedSleep(maxRetries=15, sleepTime=1000 MILLISECONDS)
2021-09-22 10:23:59,205 [EndpointStateMachine task thread for /127.0.0.1:14503 - 0 ] INFO  ipc.Client (Client.java:handleConnectionFailure(977)) - Retrying connect to server: localhost/127.0.0.1:14503. Already tried 12 time(s); retry policy is RetryUpToMaximumCountWithFixedSleep(maxRetries=15, sleepTime=1000 MILLISECONDS)
2021-09-22 10:23:59,308 [Listener at 0.0.0.0/14471] INFO  server.StorageContainerManager (StorageContainerManager.java:scmBootstrap(963)) - SCM BootStrap  is successful for ClusterID 37bb77ab-1cd7-4f0f-8c8b-61e82082808e, SCMID 6f37d426-3152-46b4-8a1e-16c91badf795
2021-09-22 10:23:59,308 [Listener at 0.0.0.0/14471] INFO  server.StorageContainerManager (StorageContainerManager.java:scmBootstrap(965)) - Primary SCM Node ID 6cde2b08-89b9-430e-b77c-97253f43be03
2021-09-22 10:23:59,308 [Listener at 0.0.0.0/14471] INFO  ha.SCMHANodeDetails (SCMHANodeDetails.java:loadSCMHAConfig(157)) - ServiceID for StorageContainerManager is scm-service-test1
2021-09-22 10:23:59,309 [Listener at 0.0.0.0/14471] INFO  ha.SCMHANodeDetails (SCMHANodeDetails.java:loadSCMHAConfig(168)) - ServiceID for StorageContainerManager is scm-service-test1
2021-09-22 10:23:59,309 [Listener at 0.0.0.0/14471] WARN  scm.ScmUtils (ScmUtils.java:logWarn(179)) - ConfigKey ozone.scm.block.client.address is deprecated, For configuring different ports for each SCM use PortConfigKey ozone.scm.block.client.port appended with serviceId and nodeId. If want to configure same port configure ozone.scm.block.client.port
2021-09-22 10:23:59,309 [Listener at 0.0.0.0/14471] WARN  scm.ScmUtils (ScmUtils.java:logWarn(179)) - ConfigKey ozone.scm.client.address is deprecated, For configuring different ports for each SCM use PortConfigKey ozone.scm.client.port appended with serviceId and nodeId. If want to configure same port configure ozone.scm.client.port
2021-09-22 10:23:59,309 [Listener at 0.0.0.0/14471] WARN  scm.ScmUtils (ScmUtils.java:logWarn(179)) - ConfigKey ozone.scm.datanode.address is deprecated, For configuring different ports for each SCM use PortConfigKey ozone.scm.datanode.port appended with serviceId and nodeId. If want to configure same port configure ozone.scm.datanode.port
2021-09-22 10:23:59,310 [Listener at 0.0.0.0/14471] WARN  scm.ScmUtils (ScmUtils.java:logWarn(179)) - ConfigKey ozone.scm.block.client.address is deprecated, For configuring different ports for each SCM use PortConfigKey ozone.scm.block.client.port appended with serviceId and nodeId. If want to configure same port configure ozone.scm.block.client.port
2021-09-22 10:23:59,310 [Listener at 0.0.0.0/14471] WARN  scm.ScmUtils (ScmUtils.java:logWarn(179)) - ConfigKey ozone.scm.client.address is deprecated, For configuring different ports for each SCM use PortConfigKey ozone.scm.client.port appended with serviceId and nodeId. If want to configure same port configure ozone.scm.client.port
2021-09-22 10:23:59,310 [Listener at 0.0.0.0/14471] WARN  scm.ScmUtils (ScmUtils.java:logWarn(179)) - ConfigKey ozone.scm.datanode.address is deprecated, For configuring different ports for each SCM use PortConfigKey ozone.scm.datanode.port appended with serviceId and nodeId. If want to configure same port configure ozone.scm.datanode.port
2021-09-22 10:23:59,310 [Listener at 0.0.0.0/14471] INFO  ha.SCMHANodeDetails (SCMHANodeDetails.java:loadSCMHAConfig(250)) - Found matching SCM address with SCMServiceId: scm-service-test1, SCMNodeId: scmNode-2, RPC Address: localhost:14478 and Ratis port: 14478
2021-09-22 10:23:59,311 [Listener at 0.0.0.0/14471] INFO  ha.SCMHANodeDetails (ConfUtils.java:setNodeSpecificConfigs(108)) - Setting configuration key ozone.scm.datanode.address with value of key ozone.scm.datanode.address.scm-service-test1.scmNode-2: 127.0.0.1:14479
2021-09-22 10:23:59,311 [Listener at 0.0.0.0/14471] INFO  ha.SCMHANodeDetails (ConfUtils.java:setNodeSpecificConfigs(108)) - Setting configuration key ozone.scm.block.client.address with value of key ozone.scm.block.client.address.scm-service-test1.scmNode-2: 127.0.0.1:14480
2021-09-22 10:23:59,311 [Listener at 0.0.0.0/14471] INFO  ha.SCMHANodeDetails (ConfUtils.java:setNodeSpecificConfigs(108)) - Setting configuration key ozone.scm.client.address with value of key ozone.scm.client.address.scm-service-test1.scmNode-2: 127.0.0.1:14481
2021-09-22 10:23:59,311 [Listener at 0.0.0.0/14471] INFO  ha.SCMHANodeDetails (ConfUtils.java:setNodeSpecificConfigs(108)) - Setting configuration key ozone.scm.ratis.port with value of key ozone.scm.ratis.port.scm-service-test1.scmNode-2: 14478
2021-09-22 10:23:59,311 [Listener at 0.0.0.0/14471] INFO  ha.SCMHANodeDetails (ConfUtils.java:setNodeSpecificConfigs(108)) - Setting configuration key ozone.scm.grpc.port with value of key ozone.scm.grpc.port.scm-service-test1.scmNode-2: 14482
2021-09-22 10:23:59,312 [Listener at 0.0.0.0/14471] INFO  ha.SCMHANodeDetails (ConfUtils.java:setNodeSpecificConfigs(108)) - Setting configuration key ozone.scm.http-address with value of key ozone.scm.http-address.scm-service-test1.scmNode-2: 127.0.0.1:14476
2021-09-22 10:23:59,312 [Listener at 0.0.0.0/14471] INFO  ha.SCMHANodeDetails (ConfUtils.java:setNodeSpecificConfigs(108)) - Setting configuration key ozone.scm.https-address with value of key ozone.scm.https-address.scm-service-test1.scmNode-2: 127.0.0.1:14477
2021-09-22 10:23:59,312 [Listener at 0.0.0.0/14471] INFO  ha.SCMHANodeDetails (ConfUtils.java:setNodeSpecificConfigs(108)) - Setting configuration key ozone.scm.address with value of key ozone.scm.address.scm-service-test1.scmNode-2: 127.0.0.1
2021-09-22 10:23:59,313 [Listener at 0.0.0.0/14471] WARN  scm.ScmUtils (ScmUtils.java:logWarn(179)) - ConfigKey ozone.scm.block.client.address is deprecated, For configuring different ports for each SCM use PortConfigKey ozone.scm.block.client.port appended with serviceId and nodeId. If want to configure same port configure ozone.scm.block.client.port
2021-09-22 10:23:59,313 [Listener at 0.0.0.0/14471] WARN  scm.ScmUtils (ScmUtils.java:logWarn(179)) - ConfigKey ozone.scm.client.address is deprecated, For configuring different ports for each SCM use PortConfigKey ozone.scm.client.port appended with serviceId and nodeId. If want to configure same port configure ozone.scm.client.port
2021-09-22 10:23:59,313 [Listener at 0.0.0.0/14471] WARN  scm.ScmUtils (ScmUtils.java:logWarn(179)) - ConfigKey ozone.scm.datanode.address is deprecated, For configuring different ports for each SCM use PortConfigKey ozone.scm.datanode.port appended with serviceId and nodeId. If want to configure same port configure ozone.scm.datanode.port
2021-09-22 10:23:59,314 [Listener at 0.0.0.0/14471] WARN  server.ServerUtils (ServerUtils.java:getScmDbDir(148)) - ozone.scm.db.dirs is not configured. We recommend adding this setting. Falling back to ozone.metadata.dirs instead.
2021-09-22 10:23:59,314 [Listener at 0.0.0.0/14471] INFO  upgrade.AbstractLayoutVersionManager (AbstractLayoutVersionManager.java:init(79)) - Initializing Layout version manager with metadata layout = SCM_HA (version = 2), software layout = SCM_HA (version = 2)
2021-09-22 10:23:59,368 [Listener at 0.0.0.0/14471] INFO  reflections.Reflections (Reflections.java:scan(232)) - Reflections took 50 ms to scan 7 urls, producing 119 keys and 275 values 
2021-09-22 10:23:59,375 [Listener at 0.0.0.0/14471] WARN  utils.HAUtils (HAUtils.java:getMetaDir(342)) - ozone.scm.db.dirs is not configured. We recommend adding this setting. Falling back to ozone.metadata.dirs instead.
2021-09-22 10:23:59,381 [Listener at 0.0.0.0/14471] WARN  db.DBStoreBuilder (DBStoreBuilder.java:applyDBDefinition(145)) - ozone.scm.db.dirs is not configured. We recommend adding this setting. Falling back to ozone.metadata.dirs instead.
2021-09-22 10:23:59,548 [Listener at 0.0.0.0/14471] INFO  net.NodeSchemaLoader (NodeSchemaLoader.java:loadSchemaFromFile(129)) - Loading schema from [jar:file:/home/runner/.m2/repository/org/apache/ozone/hdds-common/1.2.0-SNAPSHOT/hdds-common-1.2.0-SNAPSHOT.jar!/network-topology-default.xml]
2021-09-22 10:23:59,548 [Listener at 0.0.0.0/14471] INFO  net.NodeSchemaLoader (NodeSchemaLoader.java:loadSchema(176)) - Loading network topology layer schema file
2021-09-22 10:23:59,552 [Listener at 0.0.0.0/14471] WARN  impl.MetricRegistriesImpl (MetricRegistriesImpl.java:addReporterRegistration(111)) - New reporters are added after registries were created. Some metrics will be missing from the reporter. Please add reporter before adding any new registry.
2021-09-22 10:23:59,552 [Listener at 0.0.0.0/14471] WARN  impl.MetricRegistriesImpl (MetricRegistriesImpl.java:addReporterRegistration(111)) - New reporters are added after registries were created. Some metrics will be missing from the reporter. Please add reporter before adding any new registry.
2021-09-22 10:23:59,553 [Listener at 0.0.0.0/14471] INFO  ha.SCMRatisServerImpl (SCMRatisServerImpl.java:<init>(87)) - starting Raft server for scm:6f37d426-3152-46b4-8a1e-16c91badf795
2021-09-22 10:23:59,554 [Listener at 0.0.0.0/14471] INFO  server.RaftServer (ConfUtils.java:logGet(44)) - raft.rpc.type = GRPC (default)
2021-09-22 10:23:59,554 [Listener at 0.0.0.0/14471] INFO  grpc.GrpcFactory (GrpcFactory.java:checkPooledByteBufAllocatorUseCacheForAllThreads(48)) - PERFORMANCE WARNING: useCacheForAllThreads is true that may cause Netty to create a lot garbage objects and, as a result, trigger GC.
	It is recommended to disable useCacheForAllThreads by setting -Dorg.apache.ratis.thirdparty.io.netty.allocator.useCacheForAllThreads=false in command line.
2021-09-22 10:23:59,555 [Listener at 0.0.0.0/14471] INFO  grpc.GrpcConfigKeys (ConfUtils.java:logGet(44)) - raft.grpc.admin.port = -1 (default)
2021-09-22 10:23:59,555 [Listener at 0.0.0.0/14471] INFO  grpc.GrpcConfigKeys (ConfUtils.java:logGet(44)) - raft.grpc.server.port = 14478 (custom)
2021-09-22 10:23:59,555 [Listener at 0.0.0.0/14471] INFO  grpc.GrpcConfigKeys (ConfUtils.java:logGet(44)) - raft.grpc.client.port = -1 (default)
2021-09-22 10:23:59,555 [Listener at 0.0.0.0/14471] INFO  grpc.GrpcConfigKeys (ConfUtils.java:logGet(44)) - raft.grpc.server.port = 14478 (custom)
2021-09-22 10:23:59,556 [Listener at 0.0.0.0/14471] INFO  grpc.GrpcConfigKeys (ConfUtils.java:logGet(44)) - raft.grpc.server.port = 14478 (custom)
2021-09-22 10:23:59,556 [Listener at 0.0.0.0/14471] INFO  server.GrpcService (ConfUtils.java:logGet(44)) - raft.grpc.message.size.max = 32m (=33554432) (custom)
2021-09-22 10:23:59,556 [Listener at 0.0.0.0/14471] INFO  server.RaftServerConfigKeys (ConfUtils.java:logGet(44)) - raft.server.log.appender.buffer.byte-limit = 33554432 (custom)
2021-09-22 10:23:59,556 [Listener at 0.0.0.0/14471] INFO  server.GrpcService (ConfUtils.java:logGet(44)) - raft.grpc.flow.control.window = 1MB (=1048576) (default)
2021-09-22 10:23:59,556 [Listener at 0.0.0.0/14471] INFO  server.RaftServerConfigKeys (ConfUtils.java:logGet(44)) - raft.server.rpc.request.timeout = 30000ms (custom)
2021-09-22 10:23:59,558 [Listener at 0.0.0.0/14471] INFO  impl.DataStreamServerImpl (ConfUtils.java:logGet(44)) - raft.datastream.type = DISABLED (default)
2021-09-22 10:23:59,558 [Listener at 0.0.0.0/14471] INFO  server.RaftServerConfigKeys (ConfUtils.java:logGet(44)) - raft.server.rpc.slowness.timeout = 120000ms (custom)
2021-09-22 10:23:59,558 [Listener at 0.0.0.0/14471] INFO  server.RaftServerConfigKeys (ConfUtils.java:logGet(44)) - raft.server.leaderelection.leader.step-down.wait-time = 10s (default)
2021-09-22 10:23:59,558 [Listener at 0.0.0.0/14471] INFO  server.RaftServerConfigKeys (ConfUtils.java:logGet(44)) - raft.server.storage.dir = [/home/runner/work/ozone/ozone/hadoop-ozone/integration-test/target/test-dir/MiniOzoneClusterImpl-37bb77ab-1cd7-4f0f-8c8b-61e82082808e/scmNode-2/scm-ha] (custom)
2021-09-22 10:23:59,559 [Listener at 0.0.0.0/14471] INFO  server.RaftServer (RaftServerProxy.java:addNew(95)) - 6f37d426-3152-46b4-8a1e-16c91badf795: addNew group-61E82082808E:[] returns group-61E82082808E:java.util.concurrent.CompletableFuture@3c1ab0e1[Not completed]
2021-09-22 10:23:59,559 [pool-209-thread-1] INFO  server.RaftServer$Division (RaftServerImpl.java:<init>(181)) - 6f37d426-3152-46b4-8a1e-16c91badf795: new RaftServerImpl for group-61E82082808E:[] with SCMStateMachine:uninitialized
2021-09-22 10:23:59,573 [pool-209-thread-1] INFO  server.RaftServerConfigKeys (ConfUtils.java:logGet(44)) - raft.server.rpc.timeout.min = 5000ms (custom)
2021-09-22 10:23:59,574 [pool-209-thread-1] INFO  server.RaftServerConfigKeys (ConfUtils.java:logGet(44)) - raft.server.rpc.timeout.max = 5200ms (custom)
2021-09-22 10:23:59,574 [pool-209-thread-1] INFO  server.RaftServerConfigKeys (ConfUtils.java:logGet(44)) - raft.server.rpc.sleep.time = 25ms (default)
2021-09-22 10:23:59,574 [pool-209-thread-1] INFO  server.RaftServerConfigKeys (ConfUtils.java:logGet(44)) - raft.server.rpc.slowness.timeout = 120000ms (custom)
2021-09-22 10:23:59,574 [pool-209-thread-1] INFO  server.RaftServerConfigKeys (ConfUtils.java:logGet(44)) - raft.server.leaderelection.leader.step-down.wait-time = 10s (default)
2021-09-22 10:23:59,574 [pool-209-thread-1] INFO  server.RaftServerConfigKeys (ConfUtils.java:logGet(44)) - raft.server.sleep.deviation.threshold = 300ms (default)
2021-09-22 10:23:59,574 [pool-209-thread-1] INFO  server.RaftServerConfigKeys (ConfUtils.java:logGet(44)) - raft.server.log.appender.install.snapshot.enabled = false (custom)
2021-09-22 10:23:59,574 [pool-209-thread-1] INFO  server.RaftServer$Division (ServerState.java:<init>(105)) - 6f37d426-3152-46b4-8a1e-16c91badf795@group-61E82082808E: ConfigurationManager, init=-1: [], old=null, confs=<EMPTY_MAP>
2021-09-22 10:23:59,574 [pool-209-thread-1] INFO  server.RaftServerConfigKeys (ConfUtils.java:logGet(44)) - raft.server.storage.dir = [/home/runner/work/ozone/ozone/hadoop-ozone/integration-test/target/test-dir/MiniOzoneClusterImpl-37bb77ab-1cd7-4f0f-8c8b-61e82082808e/scmNode-2/scm-ha] (custom)
2021-09-22 10:23:59,574 [pool-209-thread-1] INFO  server.RaftServerConfigKeys (ConfUtils.java:logGet(44)) - raft.server.log.corruption.policy = EXCEPTION (default)
2021-09-22 10:23:59,574 [pool-209-thread-1] INFO  server.RaftServerConfigKeys (ConfUtils.java:logGet(44)) - raft.server.storage.free-space.min = 0MB (=0) (default)
2021-09-22 10:23:59,574 [pool-209-thread-1] INFO  storage.RaftStorageDirectory (RaftStorageDirectoryImpl.java:analyzeStorage(135)) - The storage directory /home/runner/work/ozone/ozone/hadoop-ozone/integration-test/target/test-dir/MiniOzoneClusterImpl-37bb77ab-1cd7-4f0f-8c8b-61e82082808e/scmNode-2/scm-ha/37bb77ab-1cd7-4f0f-8c8b-61e82082808e does not exist. Creating ...
2021-09-22 10:23:59,580 [pool-209-thread-1] INFO  storage.RaftStorageDirectory (RaftStorageDirectoryImpl.java:tryLock(230)) - Lock on /home/runner/work/ozone/ozone/hadoop-ozone/integration-test/target/test-dir/MiniOzoneClusterImpl-37bb77ab-1cd7-4f0f-8c8b-61e82082808e/scmNode-2/scm-ha/37bb77ab-1cd7-4f0f-8c8b-61e82082808e/in_use.lock acquired by nodename 4533@fv-az122-726
2021-09-22 10:23:59,581 [pool-209-thread-1] INFO  storage.RaftStorage (RaftStorageImpl.java:format(89)) - Storage directory /home/runner/work/ozone/ozone/hadoop-ozone/integration-test/target/test-dir/MiniOzoneClusterImpl-37bb77ab-1cd7-4f0f-8c8b-61e82082808e/scmNode-2/scm-ha/37bb77ab-1cd7-4f0f-8c8b-61e82082808e has been successfully formatted.
2021-09-22 10:23:59,582 [pool-209-thread-1] INFO  server.RaftServerConfigKeys (ConfUtils.java:logGet(44)) - raft.server.notification.no-leader.timeout = 60s (default)
2021-09-22 10:23:59,582 [pool-209-thread-1] INFO  server.RaftServerConfigKeys (ConfUtils.java:logGet(44)) - raft.server.log.use.memory = false (default)
2021-09-22 10:23:59,582 [pool-209-thread-1] INFO  server.RaftServerConfigKeys (ConfUtils.java:logGet(44)) - raft.server.log.purge.gap = 5 (custom)
2021-09-22 10:23:59,582 [pool-209-thread-1] INFO  server.RaftServerConfigKeys (ConfUtils.java:logGet(44)) - raft.server.log.appender.buffer.byte-limit = 33554432 (custom)
2021-09-22 10:23:59,582 [pool-209-thread-1] INFO  server.RaftServerConfigKeys (ConfUtils.java:logGet(44)) - raft.server.log.segment.size.max = 16384 (custom)
2021-09-22 10:23:59,583 [pool-209-thread-1] INFO  server.RaftServerConfigKeys (ConfUtils.java:logGet(44)) - raft.server.log.segment.cache.num.max = 2 (custom)
2021-09-22 10:23:59,583 [pool-209-thread-1] INFO  server.RaftServerConfigKeys (ConfUtils.java:logGet(44)) - raft.server.log.segment.cache.size.max = 200MB (=209715200) (default)
2021-09-22 10:23:59,583 [pool-209-thread-1] INFO  segmented.SegmentedRaftLogWorker (SegmentedRaftLogWorker.java:<init>(182)) - new 6f37d426-3152-46b4-8a1e-16c91badf795@group-61E82082808E-SegmentedRaftLogWorker for RaftStorageImpl:Storage Directory /home/runner/work/ozone/ozone/hadoop-ozone/integration-test/target/test-dir/MiniOzoneClusterImpl-37bb77ab-1cd7-4f0f-8c8b-61e82082808e/scmNode-2/scm-ha/37bb77ab-1cd7-4f0f-8c8b-61e82082808e
2021-09-22 10:23:59,583 [pool-209-thread-1] INFO  server.RaftServerConfigKeys (ConfUtils.java:logGet(44)) - raft.server.log.queue.byte-limit = 64MB (=67108864) (default)
2021-09-22 10:23:59,583 [pool-209-thread-1] INFO  server.RaftServerConfigKeys (ConfUtils.java:logGet(44)) - raft.server.log.queue.element-limit = 4096 (default)
2021-09-22 10:23:59,583 [pool-209-thread-1] INFO  server.RaftServerConfigKeys (ConfUtils.java:logGet(44)) - raft.server.log.segment.size.max = 16384 (custom)
2021-09-22 10:23:59,583 [pool-209-thread-1] INFO  server.RaftServerConfigKeys (ConfUtils.java:logGet(44)) - raft.server.log.preallocated.size = 16384 (custom)
2021-09-22 10:23:59,584 [pool-209-thread-1] INFO  server.RaftServerConfigKeys (ConfUtils.java:logGet(44)) - raft.server.log.force.sync.num = 128 (default)
2021-09-22 10:23:59,584 [pool-209-thread-1] INFO  server.RaftServerConfigKeys (ConfUtils.java:logGet(44)) - raft.server.log.statemachine.data.sync = true (default)
2021-09-22 10:23:59,584 [pool-209-thread-1] INFO  server.RaftServerConfigKeys (ConfUtils.java:logGet(44)) - raft.server.log.statemachine.data.sync.timeout = 10s (default)
2021-09-22 10:23:59,584 [pool-209-thread-1] INFO  server.RaftServerConfigKeys (ConfUtils.java:logGet(44)) - raft.server.log.statemachine.data.sync.timeout.retry = -1 (default)
2021-09-22 10:23:59,585 [pool-209-thread-1] INFO  server.RaftServerConfigKeys (ConfUtils.java:logGet(44)) - raft.server.log.write.buffer.size = 64KB (=65536) (default)
2021-09-22 10:23:59,585 [pool-209-thread-1] INFO  server.RaftServerConfigKeys (ConfUtils.java:logGet(44)) - raft.server.log.statemachine.data.caching.enabled = false (default)
2021-09-22 10:23:59,585 [pool-209-thread-1] INFO  segmented.SegmentedRaftLogWorker (SegmentedRaftLogWorker.java:lambda$new$0(133)) - 6f37d426-3152-46b4-8a1e-16c91badf795@group-61E82082808E-SegmentedRaftLogWorker: flushIndex: setUnconditionally 0 -> -1
2021-09-22 10:23:59,586 [pool-209-thread-1] INFO  segmented.SegmentedRaftLogWorker (SegmentedRaftLogWorker.java:lambda$new$0(133)) - 6f37d426-3152-46b4-8a1e-16c91badf795@group-61E82082808E-SegmentedRaftLogWorker: safeCacheEvictIndex: setUnconditionally 0 -> -1
2021-09-22 10:23:59,589 [pool-209-thread-1] INFO  server.RaftServerConfigKeys (ConfUtils.java:logGet(44)) - raft.server.snapshot.auto.trigger.enabled = true (custom)
2021-09-22 10:23:59,590 [pool-209-thread-1] INFO  server.RaftServerConfigKeys (ConfUtils.java:logGet(44)) - raft.server.snapshot.auto.trigger.threshold = 5 (custom)
2021-09-22 10:23:59,590 [pool-209-thread-1] INFO  server.RaftServerConfigKeys (ConfUtils.java:logGet(44)) - raft.server.snapshot.retention.file.num = -1 (default)
2021-09-22 10:23:59,590 [pool-209-thread-1] INFO  server.RaftServerConfigKeys (ConfUtils.java:logGet(44)) - raft.server.log.purge.upto.snapshot.index = true (custom)
2021-09-22 10:23:59,590 [pool-209-thread-1] INFO  server.RaftServerConfigKeys (ConfUtils.java:logGet(44)) - raft.server.retrycache.expirytime = 60000ms (default)
2021-09-22 10:23:59,590 [pool-209-thread-1] INFO  server.RaftServerConfigKeys (ConfUtils.java:logGet(44)) - raft.server.retrycache.statistics.expirytime = 100μs (default)
2021-09-22 10:23:59,591 [Listener at 0.0.0.0/14471] INFO  ha.SCMSnapshotProvider (SCMSnapshotProvider.java:<init>(66)) - Initializing SCM Snapshot Provider
2021-09-22 10:23:59,591 [Listener at 0.0.0.0/14471] WARN  server.ServerUtils (ServerUtils.java:getDefaultRatisDirectory(237)) - Storage directory for Ratis is not configured. It is a good idea to map this to an SSD disk. Falling back to ozone.metadata.dirs
2021-09-22 10:23:59,592 [Listener at 0.0.0.0/14471] WARN  ha.SCMHAUtils (SCMHAUtils.java:getSCMRatisSnapshotDirectory(146)) - SCM snapshot dir is not configured. Falling back to ozone.metadata.dirs config
2021-09-22 10:23:59,593 [Listener at 0.0.0.0/14471] INFO  ha.SequenceIdGenerator (SequenceIdGenerator.java:upgradeToSequenceId(327)) - upgrade localId to 107544261427200000
2021-09-22 10:23:59,593 [Listener at 0.0.0.0/14471] INFO  ha.SequenceIdGenerator (SequenceIdGenerator.java:upgradeToSequenceId(337)) - upgrade delTxnId to 0
2021-09-22 10:23:59,594 [Listener at 0.0.0.0/14471] INFO  ha.SequenceIdGenerator (SequenceIdGenerator.java:upgradeToSequenceId(351)) - upgrade containerId to 0
2021-09-22 10:23:59,594 [Listener at 0.0.0.0/14471] INFO  ha.SequenceIdGenerator (SequenceIdGenerator.java:<init>(217)) - Init the HA SequenceIdGenerator.
2021-09-22 10:23:59,594 [Listener at 0.0.0.0/14471] WARN  server.ServerUtils (ServerUtils.java:sanitizeUserArgs(73)) - ozone.scm.stale.node.interval value = 300000 is larger than max = 100000 based on the key value of ozone.scm.heartbeat.thread.interval, reset to the max value 100000.
2021-09-22 10:23:59,594 [Listener at 0.0.0.0/14471] WARN  server.ServerUtils (ServerUtils.java:sanitizeUserArgs(73)) - ozone.scm.stale.node.interval value = 300000 is larger than max = 100000 based on the key value of ozone.scm.heartbeat.thread.interval, reset to the max value 100000.
2021-09-22 10:23:59,598 [Listener at 0.0.0.0/14471] INFO  node.SCMNodeManager (SCMNodeManager.java:<init>(144)) - Entering startup safe mode.
2021-09-22 10:23:59,599 [Listener at 0.0.0.0/14471] INFO  algorithms.ContainerPlacementPolicyFactory (ContainerPlacementPolicyFactory.java:getPolicy(60)) - Create container placement policy of type org.apache.hadoop.hdds.scm.container.placement.algorithms.SCMContainerPlacementRandom
2021-09-22 10:23:59,599 [Listener at 0.0.0.0/14471] INFO  pipeline.PipelineStateManager (PipelineStateManagerV2Impl.java:initialize(78)) - No pipeline exists in current db
2021-09-22 10:23:59,599 [Listener at 0.0.0.0/14471] INFO  algorithms.LeaderChoosePolicyFactory (LeaderChoosePolicyFactory.java:getPolicy(57)) - Create leader choose policy of type org.apache.hadoop.hdds.scm.pipeline.leader.choose.algorithms.MinLeaderCountChoosePolicy
2021-09-22 10:23:59,600 [Listener at 0.0.0.0/14471] INFO  ha.SCMServiceManager (SCMServiceManager.java:register(43)) - Registering service BackgroundPipelineCreator.
2021-09-22 10:23:59,600 [Listener at 0.0.0.0/14471] INFO  pipeline.BackgroundPipelineCreator (BackgroundPipelineCreatorV2.java:start(130)) - Starting RatisPipelineUtilsThread.
2021-09-22 10:23:59,617 [Listener at 0.0.0.0/14471] INFO  algorithms.PipelineChoosePolicyFactory (PipelineChoosePolicyFactory.java:createPipelineChoosePolicyFromClass(73)) - Create pipeline choose policy of type org.apache.hadoop.hdds.scm.pipeline.choose.algorithms.RandomPipelineChoosePolicy
2021-09-22 10:23:59,617 [Listener at 0.0.0.0/14471] INFO  ha.SCMServiceManager (SCMServiceManager.java:register(43)) - Registering service SCMBlockDeletingService.
2021-09-22 10:23:59,618 [Listener at 0.0.0.0/14471] INFO  ha.SCMServiceManager (SCMServiceManager.java:register(43)) - Registering service ReplicationManager.
2021-09-22 10:23:59,618 [Listener at 0.0.0.0/14471] INFO  container.ReplicationManager (ReplicationManager.java:start(319)) - Starting Replication Monitor Thread.
2021-09-22 10:23:59,622 [Listener at 0.0.0.0/14471] INFO  safemode.ContainerSafeModeRule (ContainerSafeModeRule.java:<init>(89)) - containers with one replica threshold count 0
2021-09-22 10:23:59,622 [Listener at 0.0.0.0/14471] INFO  safemode.HealthyPipelineSafeModeRule (HealthyPipelineSafeModeRule.java:initializeRule(156)) - Total pipeline count is 0, healthy pipeline threshold count is 1
2021-09-22 10:23:59,623 [Listener at 0.0.0.0/14471] INFO  safemode.OneReplicaPipelineSafeModeRule (OneReplicaPipelineSafeModeRule.java:initializeRule(180)) - Total pipeline count is 0, pipeline's with at least one datanode reported threshold count is 0
2021-09-22 10:23:59,629 [ReplicationMonitor] INFO  container.ReplicationManager (ReplicationManager.java:processAll(371)) - Replication Monitor Thread took 0 milliseconds for processing 0 containers.
2021-09-22 10:23:59,629 [Listener at 0.0.0.0/14471] INFO  ipc.CallQueueManager (CallQueueManager.java:<init>(90)) - Using callQueue: class java.util.concurrent.LinkedBlockingQueue, queueCapacity: 2000, scheduler: class org.apache.hadoop.ipc.DefaultRpcScheduler, ipcBackoff: false.
2021-09-22 10:23:59,634 [Socket Reader #1 for port 14479] INFO  ipc.Server (Server.java:run(1265)) - Starting Socket Reader #1 for port 14479
2021-09-22 10:23:59,652 [Listener at 0.0.0.0/14479] INFO  ipc.CallQueueManager (CallQueueManager.java:<init>(90)) - Using callQueue: class java.util.concurrent.LinkedBlockingQueue, queueCapacity: 2000, scheduler: class org.apache.hadoop.ipc.DefaultRpcScheduler, ipcBackoff: false.
2021-09-22 10:23:59,657 [Socket Reader #1 for port 14480] INFO  ipc.Server (Server.java:run(1265)) - Starting Socket Reader #1 for port 14480
2021-09-22 10:23:59,659 [Listener at 0.0.0.0/14480] INFO  ipc.CallQueueManager (CallQueueManager.java:<init>(90)) - Using callQueue: class java.util.concurrent.LinkedBlockingQueue, queueCapacity: 2000, scheduler: class org.apache.hadoop.ipc.DefaultRpcScheduler, ipcBackoff: false.
2021-09-22 10:23:59,661 [Socket Reader #1 for port 14481] INFO  ipc.Server (Server.java:run(1265)) - Starting Socket Reader #1 for port 14481
2021-09-22 10:23:59,710 [Listener at 0.0.0.0/14481] INFO  algorithms.ContainerPlacementPolicyFactory (ContainerPlacementPolicyFactory.java:getPolicy(60)) - Create container placement policy of type org.apache.hadoop.hdds.scm.container.placement.algorithms.SCMContainerPlacementRandom
2021-09-22 10:23:59,711 [Listener at 0.0.0.0/14481] INFO  server.StorageContainerManager (StorageContainerManager.java:<init>(387)) - 
Container Balancer status:
Key                            Value
Running                        false
Container Balancer Configuration values:
Key                                                Value
Threshold                                          0.1
Max Datanodes to Involve per Iteration(ratio)      0.5
Max Size to Move per Iteration                     10737418240B

2021-09-22 10:23:59,711 [Listener at 0.0.0.0/14481] WARN  events.EventQueue (EventQueue.java:fireEvent(194)) - No event handler registered for event TypedEvent{payloadType=SafeModeStatus, name='Safe mode status'}
2021-09-22 10:23:59,711 [Listener at 0.0.0.0/14481] INFO  ha.SCMContext (SCMContext.java:updateSafeModeStatus(205)) - Update SafeModeStatus from SafeModeStatus{safeModeStatus=true, preCheckPassed=false} to SafeModeStatus{safeModeStatus=true, preCheckPassed=false}.
2021-09-22 10:23:59,712 [Listener at 0.0.0.0/14481] INFO  server.StorageContainerManager (StorageContainerManager.java:start(1279)) - StorageContainerLocationProtocol RPC server is listening at /0.0.0.0:14481
2021-09-22 10:23:59,712 [Listener at 0.0.0.0/14481] INFO  ha.SCMRatisServerImpl (SCMRatisServerImpl.java:start(177)) - starting ratis server 0.0.0.0:14478
2021-09-22 10:23:59,713 [Listener at 0.0.0.0/14481] INFO  server.RaftServer$Division (RaftServerImpl.java:start(299)) - 6f37d426-3152-46b4-8a1e-16c91badf795@group-61E82082808E: start with initializing state, conf=-1: [], old=null
2021-09-22 10:23:59,713 [Listener at 0.0.0.0/14481] INFO  server.RaftServer$Division (RaftServerImpl.java:setRole(285)) - 6f37d426-3152-46b4-8a1e-16c91badf795@group-61E82082808E: changes role from      null to FOLLOWER at term 0 for startInitializing
2021-09-22 10:23:59,713 [Listener at 0.0.0.0/14481] INFO  util.JmxRegister (JmxRegister.java:tryRegister(44)) - Successfully registered JMX Bean with object name Ratis:service=RaftServer,group=group-61E82082808E,id=6f37d426-3152-46b4-8a1e-16c91badf795
2021-09-22 10:23:59,728 [Listener at 0.0.0.0/14481] INFO  server.RaftServer (RaftServerProxy.java:lambda$start$5(374)) - 6f37d426-3152-46b4-8a1e-16c91badf795: start RPC server
2021-09-22 10:23:59,728 [Listener at 0.0.0.0/14481] INFO  server.GrpcService (GrpcService.java:startImpl(253)) - 6f37d426-3152-46b4-8a1e-16c91badf795: GrpcService started, listening on 14478
2021-09-22 10:23:59,730 [Listener at 0.0.0.0/14481] INFO  ha.SCMNodeInfo (SCMNodeInfo.java:getPort(197)) - ConfigKey ozone.scm.client.address is deprecated, For configuring different ports for each SCM use PortConfigKey ozone.scm.client.port appended with serviceId and nodeId
2021-09-22 10:23:59,730 [Listener at 0.0.0.0/14481] INFO  ha.SCMNodeInfo (SCMNodeInfo.java:getPort(197)) - ConfigKey ozone.scm.block.client.address is deprecated, For configuring different ports for each SCM use PortConfigKey ozone.scm.block.client.port appended with serviceId and nodeId
2021-09-22 10:23:59,730 [Listener at 0.0.0.0/14481] INFO  ha.SCMNodeInfo (SCMNodeInfo.java:getPort(197)) - ConfigKey ozone.scm.datanode.address is deprecated, For configuring different ports for each SCM use PortConfigKey ozone.scm.datanode.port appended with serviceId and nodeId
2021-09-22 10:23:59,730 [Listener at 0.0.0.0/14481] INFO  ha.SCMNodeInfo (SCMNodeInfo.java:getPort(197)) - ConfigKey ozone.scm.client.address is deprecated, For configuring different ports for each SCM use PortConfigKey ozone.scm.client.port appended with serviceId and nodeId
2021-09-22 10:23:59,730 [Listener at 0.0.0.0/14481] INFO  ha.SCMNodeInfo (SCMNodeInfo.java:getPort(197)) - ConfigKey ozone.scm.block.client.address is deprecated, For configuring different ports for each SCM use PortConfigKey ozone.scm.block.client.port appended with serviceId and nodeId
2021-09-22 10:23:59,730 [Listener at 0.0.0.0/14481] INFO  ha.SCMNodeInfo (SCMNodeInfo.java:getPort(197)) - ConfigKey ozone.scm.datanode.address is deprecated, For configuring different ports for each SCM use PortConfigKey ozone.scm.datanode.port appended with serviceId and nodeId
2021-09-22 10:23:59,730 [Listener at 0.0.0.0/14481] INFO  ha.SCMNodeInfo (SCMNodeInfo.java:getPort(197)) - ConfigKey ozone.scm.client.address is deprecated, For configuring different ports for each SCM use PortConfigKey ozone.scm.client.port appended with serviceId and nodeId
2021-09-22 10:23:59,731 [Listener at 0.0.0.0/14481] INFO  ha.SCMNodeInfo (SCMNodeInfo.java:getPort(197)) - ConfigKey ozone.scm.block.client.address is deprecated, For configuring different ports for each SCM use PortConfigKey ozone.scm.block.client.port appended with serviceId and nodeId
2021-09-22 10:23:59,731 [Listener at 0.0.0.0/14481] INFO  ha.SCMNodeInfo (SCMNodeInfo.java:getPort(197)) - ConfigKey ozone.scm.datanode.address is deprecated, For configuring different ports for each SCM use PortConfigKey ozone.scm.datanode.port appended with serviceId and nodeId
2021-09-22 10:23:59,734 [org.apache.ratis.util.JvmPauseMonitor$$Lambda$499/1893987183@1552bdc6] INFO  util.JvmPauseMonitor (JvmPauseMonitor.java:run(103)) - JvmPauseMonitor-6f37d426-3152-46b4-8a1e-16c91badf795: Started
2021-09-22 10:23:59,737 [IPC Server handler 27 on default port 14470] INFO  ha.SCMRatisServerImpl (SCMRatisServerImpl.java:addSCM(291)) - 6cde2b08-89b9-430e-b77c-97253f43be03: Submitting SetConfiguration request to Ratis server with new SCM peers list: [6cde2b08-89b9-430e-b77c-97253f43be03|rpc:localhost:14468|admin:|client:|dataStream:|priority:0, 6f37d426-3152-46b4-8a1e-16c91badf795|rpc:localhost:14478|priority:0]
2021-09-22 10:23:59,737 [IPC Server handler 27 on default port 14470] INFO  server.RaftServer$Division (RaftServerImpl.java:setConfigurationAsync(971)) - 6cde2b08-89b9-430e-b77c-97253f43be03@group-61E82082808E: receive setConfiguration SetConfigurationRequest:client-A3418EC5DDBA->6cde2b08-89b9-430e-b77c-97253f43be03@group-61E82082808E, cid=0, seq=0, RW, null, peers:[6cde2b08-89b9-430e-b77c-97253f43be03|rpc:localhost:14468|admin:|client:|dataStream:|priority:0, 6f37d426-3152-46b4-8a1e-16c91badf795|rpc:localhost:14478|priority:0]
2021-09-22 10:23:59,737 [IPC Server handler 27 on default port 14470] INFO  server.RaftServer$Division (LeaderStateImpl.java:startSetConfiguration(345)) - 6cde2b08-89b9-430e-b77c-97253f43be03@group-61E82082808E-LeaderStateImpl: startSetConfiguration SetConfigurationRequest:client-A3418EC5DDBA->6cde2b08-89b9-430e-b77c-97253f43be03@group-61E82082808E, cid=0, seq=0, RW, null, peers:[6cde2b08-89b9-430e-b77c-97253f43be03|rpc:localhost:14468|admin:|client:|dataStream:|priority:0, 6f37d426-3152-46b4-8a1e-16c91badf795|rpc:localhost:14478|priority:0]
2021-09-22 10:23:59,737 [IPC Server handler 27 on default port 14470] INFO  server.RaftServerConfigKeys (ConfUtils.java:logGet(44)) - raft.server.log.appender.snapshot.chunk.size.max = 16MB (=16777216) (default)
2021-09-22 10:23:59,738 [IPC Server handler 27 on default port 14470] INFO  server.RaftServerConfigKeys (ConfUtils.java:logGet(44)) - raft.server.log.appender.buffer.byte-limit = 33554432 (custom)
2021-09-22 10:23:59,738 [IPC Server handler 27 on default port 14470] INFO  server.RaftServerConfigKeys (ConfUtils.java:logGet(44)) - raft.server.log.appender.buffer.element-limit = 1024 (custom)
2021-09-22 10:23:59,739 [IPC Server handler 27 on default port 14470] INFO  grpc.GrpcConfigKeys (ConfUtils.java:logGet(44)) - raft.grpc.server.leader.outstanding.appends.max = 128 (default)
2021-09-22 10:23:59,739 [IPC Server handler 27 on default port 14470] INFO  server.RaftServerConfigKeys (ConfUtils.java:logGet(44)) - raft.server.rpc.request.timeout = 30000ms (custom)
2021-09-22 10:23:59,739 [IPC Server handler 27 on default port 14470] INFO  server.RaftServerConfigKeys (ConfUtils.java:logGet(44)) - raft.server.log.appender.install.snapshot.enabled = false (custom)
2021-09-22 10:23:59,789 [grpc-default-executor-0] INFO  ha.SCMStateMachine (SCMStateMachine.java:notifyLeaderChanged(248)) - leader changed, yet current SCM is still follower.
2021-09-22 10:23:59,790 [grpc-default-executor-0] INFO  server.RaftServer$Division (ServerState.java:setLeader(285)) - 6f37d426-3152-46b4-8a1e-16c91badf795@group-61E82082808E: change Leader from null to 6cde2b08-89b9-430e-b77c-97253f43be03 at term 2 for appendEntries, leader elected after 207ms
2021-09-22 10:23:59,790 [grpc-default-executor-0] INFO  impl.RoleInfo (RoleInfo.java:updateAndGet(130)) - 6f37d426-3152-46b4-8a1e-16c91badf795: start 6f37d426-3152-46b4-8a1e-16c91badf795@group-61E82082808E-FollowerState
2021-09-22 10:23:59,800 [grpc-default-executor-2] INFO  server.RaftServer$Division (ServerState.java:setRaftConf(387)) - 6f37d426-3152-46b4-8a1e-16c91badf795@group-61E82082808E: set configuration 0: [6cde2b08-89b9-430e-b77c-97253f43be03|rpc:localhost:14468|admin:|client:|dataStream:|priority:0], old=null
2021-09-22 10:23:59,800 [grpc-default-executor-2] INFO  server.RaftServer$Division (ServerState.java:setRaftConf(387)) - 6f37d426-3152-46b4-8a1e-16c91badf795@group-61E82082808E: set configuration 1: [6cde2b08-89b9-430e-b77c-97253f43be03|rpc:localhost:14468|admin:|client:|dataStream:|priority:0], old=null
2021-09-22 10:23:59,801 [grpc-default-executor-2] INFO  segmented.SegmentedRaftLogWorker (SegmentedRaftLogWorker.java:startLogSegment(394)) - 6f37d426-3152-46b4-8a1e-16c91badf795@group-61E82082808E-SegmentedRaftLogWorker: Starting segment from index:0
2021-09-22 10:23:59,801 [grpc-default-executor-2] INFO  segmented.SegmentedRaftLogWorker (SegmentedRaftLogWorker.java:rollLogSegment(399)) - 6f37d426-3152-46b4-8a1e-16c91badf795@group-61E82082808E-SegmentedRaftLogWorker: Rolling segment log-0_0 to index:0
2021-09-22 10:23:59,803 [6f37d426-3152-46b4-8a1e-16c91badf795@group-61E82082808E-SegmentedRaftLogWorker] INFO  segmented.SegmentedRaftLogWorker (SegmentedRaftLogWorker.java:execute(601)) - 6f37d426-3152-46b4-8a1e-16c91badf795@group-61E82082808E-SegmentedRaftLogWorker: created new log segment /home/runner/work/ozone/ozone/hadoop-ozone/integration-test/target/test-dir/MiniOzoneClusterImpl-37bb77ab-1cd7-4f0f-8c8b-61e82082808e/scmNode-2/scm-ha/37bb77ab-1cd7-4f0f-8c8b-61e82082808e/current/log_inprogress_0
2021-09-22 10:23:59,804 [6f37d426-3152-46b4-8a1e-16c91badf795@group-61E82082808E-SegmentedRaftLogWorker] INFO  segmented.SegmentedRaftLogWorker (SegmentedRaftLogWorker.java:execute(558)) - 6f37d426-3152-46b4-8a1e-16c91badf795@group-61E82082808E-SegmentedRaftLogWorker: Rolled log segment from /home/runner/work/ozone/ozone/hadoop-ozone/integration-test/target/test-dir/MiniOzoneClusterImpl-37bb77ab-1cd7-4f0f-8c8b-61e82082808e/scmNode-2/scm-ha/37bb77ab-1cd7-4f0f-8c8b-61e82082808e/current/log_inprogress_0 to /home/runner/work/ozone/ozone/hadoop-ozone/integration-test/target/test-dir/MiniOzoneClusterImpl-37bb77ab-1cd7-4f0f-8c8b-61e82082808e/scmNode-2/scm-ha/37bb77ab-1cd7-4f0f-8c8b-61e82082808e/current/log_0-0
2021-09-22 10:23:59,805 [6f37d426-3152-46b4-8a1e-16c91badf795@group-61E82082808E-SegmentedRaftLogWorker] INFO  segmented.SegmentedRaftLogWorker (SegmentedRaftLogWorker.java:execute(601)) - 6f37d426-3152-46b4-8a1e-16c91badf795@group-61E82082808E-SegmentedRaftLogWorker: created new log segment /home/runner/work/ozone/ozone/hadoop-ozone/integration-test/target/test-dir/MiniOzoneClusterImpl-37bb77ab-1cd7-4f0f-8c8b-61e82082808e/scmNode-2/scm-ha/37bb77ab-1cd7-4f0f-8c8b-61e82082808e/current/log_inprogress_1
2021-09-22 10:23:59,814 [6f37d426-3152-46b4-8a1e-16c91badf795@group-61E82082808E-StateMachineUpdater] INFO  safemode.HealthyPipelineSafeModeRule (HealthyPipelineSafeModeRule.java:initializeRule(152)) - Refreshed total pipeline count is 0, healthy pipeline threshold count is 1
2021-09-22 10:23:59,814 [6f37d426-3152-46b4-8a1e-16c91badf795@group-61E82082808E-StateMachineUpdater] INFO  safemode.ContainerSafeModeRule (ContainerSafeModeRule.java:reInitializeRule(177)) - Refreshed one replica container threshold 0, currentThreshold 0
2021-09-22 10:23:59,814 [6f37d426-3152-46b4-8a1e-16c91badf795@group-61E82082808E-StateMachineUpdater] INFO  safemode.OneReplicaPipelineSafeModeRule (OneReplicaPipelineSafeModeRule.java:initializeRule(176)) - Refreshed Total pipeline count is 0, pipeline's with at least one datanode reported threshold count is 0
2021-09-22 10:23:59,814 [6f37d426-3152-46b4-8a1e-16c91badf795@group-61E82082808E-StateMachineUpdater] INFO  server.SCMDatanodeProtocolServer (SCMDatanodeProtocolServer.java:start(181)) - RPC server for DataNodes is listening at /0.0.0.0:14479
2021-09-22 10:23:59,822 [IPC Server listener on 14479] INFO  ipc.Server (Server.java:run(1344)) - IPC Server listener on 14479: starting
2021-09-22 10:23:59,826 [IPC Server Responder] INFO  ipc.Server (Server.java:run(1507)) - IPC Server Responder: starting
2021-09-22 10:23:59,841 [6cde2b08-89b9-430e-b77c-97253f43be03@group-61E82082808E-LeaderStateImpl] INFO  server.RaftServer$Division (ServerState.java:setRaftConf(387)) - 6cde2b08-89b9-430e-b77c-97253f43be03@group-61E82082808E: set configuration 3: [6f37d426-3152-46b4-8a1e-16c91badf795|rpc:localhost:14478|priority:0, 6cde2b08-89b9-430e-b77c-97253f43be03|rpc:localhost:14468|admin:|client:|dataStream:|priority:0], old=[6cde2b08-89b9-430e-b77c-97253f43be03|rpc:localhost:14468|admin:|client:|dataStream:|priority:0]
2021-09-22 10:23:59,843 [grpc-default-executor-2] INFO  server.RaftServer$Division (ServerState.java:setRaftConf(387)) - 6f37d426-3152-46b4-8a1e-16c91badf795@group-61E82082808E: set configuration 3: [6f37d426-3152-46b4-8a1e-16c91badf795|rpc:localhost:14478|admin:|client:|dataStream:|priority:0, 6cde2b08-89b9-430e-b77c-97253f43be03|rpc:localhost:14468|admin:|client:|dataStream:|priority:0], old=[6cde2b08-89b9-430e-b77c-97253f43be03|rpc:localhost:14468|admin:|client:|dataStream:|priority:0]
2021-09-22 10:23:59,851 [6cde2b08-89b9-430e-b77c-97253f43be03@group-61E82082808E-LeaderStateImpl] INFO  server.RaftServer$Division (ServerState.java:setRaftConf(387)) - 6cde2b08-89b9-430e-b77c-97253f43be03@group-61E82082808E: set configuration 5: [6f37d426-3152-46b4-8a1e-16c91badf795|rpc:localhost:14478|priority:0, 6cde2b08-89b9-430e-b77c-97253f43be03|rpc:localhost:14468|admin:|client:|dataStream:|priority:0], old=null
2021-09-22 10:23:59,852 [grpc-default-executor-2] INFO  server.RaftServer$Division (ServerState.java:setRaftConf(387)) - 6f37d426-3152-46b4-8a1e-16c91badf795@group-61E82082808E: set configuration 5: [6f37d426-3152-46b4-8a1e-16c91badf795|rpc:localhost:14478|admin:|client:|dataStream:|priority:0, 6cde2b08-89b9-430e-b77c-97253f43be03|rpc:localhost:14468|admin:|client:|dataStream:|priority:0], old=null
2021-09-22 10:23:59,870 [IPC Server handler 27 on default port 14470] INFO  ha.SCMRatisServerImpl (SCMRatisServerImpl.java:addSCM(302)) - Successfully added new SCM: 6f37d426-3152-46b4-8a1e-16c91badf795.
2021-09-22 10:23:59,870 [6cde2b08-89b9-430e-b77c-97253f43be03@group-61E82082808E-StateMachineUpdater] INFO  ha.SCMStateMachine (SCMStateMachine.java:takeSnapshot(290)) - Current Snapshot Index 5, takeSnapshot took 0 ms
2021-09-22 10:23:59,870 [6cde2b08-89b9-430e-b77c-97253f43be03@group-61E82082808E-StateMachineUpdater] INFO  impl.StateMachineUpdater (StateMachineUpdater.java:takeSnapshot(281)) - 6cde2b08-89b9-430e-b77c-97253f43be03@group-61E82082808E-StateMachineUpdater: Took a snapshot at index 5
2021-09-22 10:23:59,870 [6cde2b08-89b9-430e-b77c-97253f43be03@group-61E82082808E-StateMachineUpdater] INFO  impl.StateMachineUpdater (StateMachineUpdater.java:lambda$new$0(89)) - 6cde2b08-89b9-430e-b77c-97253f43be03@group-61E82082808E-StateMachineUpdater: snapshotIndex: updateIncreasingly -1 -> 5
2021-09-22 10:23:59,870 [6cde2b08-89b9-430e-b77c-97253f43be03@group-61E82082808E-StateMachineUpdater] INFO  raftlog.RaftLog (RaftLogBase.java:purge(306)) - 6cde2b08-89b9-430e-b77c-97253f43be03@group-61E82082808E-SegmentedRaftLog: purge 5
2021-09-22 10:23:59,870 [6cde2b08-89b9-430e-b77c-97253f43be03@group-61E82082808E-StateMachineUpdater] INFO  raftlog.RaftLog (RaftLogBase.java:lambda$new$0(53)) - 6cde2b08-89b9-430e-b77c-97253f43be03@group-61E82082808E-SegmentedRaftLog: snapshotIndex: updateIncreasingly -1 -> 5
2021-09-22 10:23:59,871 [6cde2b08-89b9-430e-b77c-97253f43be03@group-61E82082808E-SegmentedRaftLogWorker] INFO  raftlog.RaftLog (RaftLogBase.java:lambda$new$0(53)) - 6cde2b08-89b9-430e-b77c-97253f43be03@group-61E82082808E-SegmentedRaftLog: purgeIndex: updateToMax old=-1, new=0, updated? true
2021-09-22 10:23:59,871 [Listener at 0.0.0.0/14481] INFO  ha.SCMHAManagerImpl (SCMHAManagerImpl.java:start(116)) - Successfully added SCM scmNode-2 to group group-61E82082808E:[6f37d426-3152-46b4-8a1e-16c91badf795|rpc:localhost:14478|admin:|client:|dataStream:|priority:0, 6cde2b08-89b9-430e-b77c-97253f43be03|rpc:localhost:14468|admin:|client:|dataStream:|priority:0]
2021-09-22 10:23:59,872 [Listener at 0.0.0.0/14481] INFO  ha.InterSCMGrpcService (InterSCMGrpcProtocolService.java:start(94)) - Starting SCM Grpc Service at port 14482
2021-09-22 10:23:59,876 [Listener at 0.0.0.0/14481] INFO  impl.MetricsSystemImpl (MetricsSystemImpl.java:init(158)) - StorageContainerManager metrics system started (again)
2021-09-22 10:23:59,889 [6f37d426-3152-46b4-8a1e-16c91badf795@group-61E82082808E-StateMachineUpdater] INFO  ha.SCMStateMachine (SCMStateMachine.java:takeSnapshot(290)) - Current Snapshot Index 5, takeSnapshot took 0 ms
2021-09-22 10:23:59,889 [6f37d426-3152-46b4-8a1e-16c91badf795@group-61E82082808E-StateMachineUpdater] INFO  impl.StateMachineUpdater (StateMachineUpdater.java:takeSnapshot(281)) - 6f37d426-3152-46b4-8a1e-16c91badf795@group-61E82082808E-StateMachineUpdater: Took a snapshot at index 5
2021-09-22 10:23:59,889 [6f37d426-3152-46b4-8a1e-16c91badf795@group-61E82082808E-StateMachineUpdater] INFO  impl.StateMachineUpdater (StateMachineUpdater.java:lambda$new$0(89)) - 6f37d426-3152-46b4-8a1e-16c91badf795@group-61E82082808E-StateMachineUpdater: snapshotIndex: updateIncreasingly -1 -> 5
2021-09-22 10:23:59,889 [6f37d426-3152-46b4-8a1e-16c91badf795@group-61E82082808E-StateMachineUpdater] INFO  raftlog.RaftLog (RaftLogBase.java:purge(306)) - 6f37d426-3152-46b4-8a1e-16c91badf795@group-61E82082808E-SegmentedRaftLog: purge 5
2021-09-22 10:23:59,889 [6f37d426-3152-46b4-8a1e-16c91badf795@group-61E82082808E-StateMachineUpdater] INFO  raftlog.RaftLog (RaftLogBase.java:lambda$new$0(53)) - 6f37d426-3152-46b4-8a1e-16c91badf795@group-61E82082808E-SegmentedRaftLog: snapshotIndex: updateIncreasingly -1 -> 5
2021-09-22 10:23:59,890 [6f37d426-3152-46b4-8a1e-16c91badf795@group-61E82082808E-SegmentedRaftLogWorker] INFO  raftlog.RaftLog (RaftLogBase.java:lambda$new$0(53)) - 6f37d426-3152-46b4-8a1e-16c91badf795@group-61E82082808E-SegmentedRaftLog: purgeIndex: updateToMax old=-1, new=0, updated? true
2021-09-22 10:23:59,926 [Listener at 0.0.0.0/14481] INFO  server.SCMClientProtocolServer (SCMClientProtocolServer.java:start(164)) - RPC server for Client  is listening at /0.0.0.0:14481
2021-09-22 10:23:59,927 [IPC Server Responder] INFO  ipc.Server (Server.java:run(1507)) - IPC Server Responder: starting
2021-09-22 10:23:59,927 [IPC Server listener on 14481] INFO  ipc.Server (Server.java:run(1344)) - IPC Server listener on 14481: starting
2021-09-22 10:23:59,940 [EndpointStateMachine task thread for /127.0.0.1:14513 - 0 ] INFO  ipc.Client (Client.java:handleConnectionFailure(977)) - Retrying connect to server: localhost/127.0.0.1:14513. Already tried 14 time(s); retry policy is RetryUpToMaximumCountWithFixedSleep(maxRetries=15, sleepTime=1000 MILLISECONDS)
2021-09-22 10:23:59,941 [EndpointStateMachine task thread for /127.0.0.1:14513 - 0 ] WARN  statemachine.EndpointStateMachine (EndpointStateMachine.java:logIfNeeded(236)) - Unable to communicate to SCM server at localhost:14513 for past 0 seconds.
java.net.ConnectException: Call From fv-az122-726/10.1.0.46 to localhost:14513 failed on connection exception: java.net.ConnectException: Connection refused; For more details see:  http://wiki.apache.org/hadoop/ConnectionRefused
	at sun.reflect.NativeConstructorAccessorImpl.newInstance0(Native Method)
	at sun.reflect.NativeConstructorAccessorImpl.newInstance(NativeConstructorAccessorImpl.java:62)
	at sun.reflect.DelegatingConstructorAccessorImpl.newInstance(DelegatingConstructorAccessorImpl.java:45)
	at java.lang.reflect.Constructor.newInstance(Constructor.java:423)
	at org.apache.hadoop.net.NetUtils.wrapWithMessage(NetUtils.java:913)
	at org.apache.hadoop.net.NetUtils.wrapException(NetUtils.java:828)
	at org.apache.hadoop.ipc.Client.getRpcResponse(Client.java:1577)
	at org.apache.hadoop.ipc.Client.call(Client.java:1519)
	at org.apache.hadoop.ipc.Client.call(Client.java:1416)
	at org.apache.hadoop.ipc.ProtobufRpcEngine$Invoker.invoke(ProtobufRpcEngine.java:236)
	at org.apache.hadoop.ipc.ProtobufRpcEngine$Invoker.invoke(ProtobufRpcEngine.java:123)
	at com.sun.proxy.$Proxy48.submitRequest(Unknown Source)
	at org.apache.hadoop.ozone.protocolPB.StorageContainerDatanodeProtocolClientSideTranslatorPB.submitRequest(StorageContainerDatanodeProtocolClientSideTranslatorPB.java:117)
	at org.apache.hadoop.ozone.protocolPB.StorageContainerDatanodeProtocolClientSideTranslatorPB.register(StorageContainerDatanodeProtocolClientSideTranslatorPB.java:180)
	at org.apache.hadoop.ozone.container.common.states.endpoint.RegisterEndpointTask.call(RegisterEndpointTask.java:158)
	at org.apache.hadoop.ozone.container.common.states.endpoint.RegisterEndpointTask.call(RegisterEndpointTask.java:52)
	at java.util.concurrent.FutureTask.run(FutureTask.java:266)
	at java.util.concurrent.ThreadPoolExecutor.runWorker(ThreadPoolExecutor.java:1149)
	at java.util.concurrent.ThreadPoolExecutor$Worker.run(ThreadPoolExecutor.java:624)
	at java.lang.Thread.run(Thread.java:748)
Caused by: java.net.ConnectException: Connection refused
	at sun.nio.ch.SocketChannelImpl.checkConnect(Native Method)
	at sun.nio.ch.SocketChannelImpl.finishConnect(SocketChannelImpl.java:716)
	at org.apache.hadoop.net.SocketIOWithTimeout.connect(SocketIOWithTimeout.java:206)
	at org.apache.hadoop.net.NetUtils.connect(NetUtils.java:586)
	at org.apache.hadoop.ipc.Client$Connection.setupConnection(Client.java:701)
	at org.apache.hadoop.ipc.Client$Connection.setupIOstreams(Client.java:822)
	at org.apache.hadoop.ipc.Client$Connection.access$3800(Client.java:414)
	at org.apache.hadoop.ipc.Client.getConnection(Client.java:1647)
	at org.apache.hadoop.ipc.Client.call(Client.java:1463)
	... 12 more
2021-09-22 10:23:59,944 [Listener at 0.0.0.0/14481] INFO  server.StorageContainerManager (StorageContainerManager.java:start(1294)) - ScmBlockLocationProtocol RPC server is listening at /0.0.0.0:14480
2021-09-22 10:23:59,944 [Listener at 0.0.0.0/14481] INFO  server.SCMBlockProtocolServer (SCMBlockProtocolServer.java:start(151)) - RPC server for Block Protocol is listening at /0.0.0.0:14480
2021-09-22 10:23:59,945 [IPC Server Responder] INFO  ipc.Server (Server.java:run(1507)) - IPC Server Responder: starting
2021-09-22 10:23:59,945 [IPC Server listener on 14480] INFO  ipc.Server (Server.java:run(1344)) - IPC Server listener on 14480: starting
2021-09-22 10:23:59,953 [Listener at 0.0.0.0/14481] INFO  server.StorageContainerManager (StorageContainerManager.java:start(1300)) - ScmDatanodeProtocl RPC server is listening at /0.0.0.0:14479
2021-09-22 10:23:59,962 [Listener at 0.0.0.0/14481] INFO  http.BaseHttpServer (BaseHttpServer.java:newHttpServer2BuilderForOzone(209)) - Starting Web-server for scm at: http://0.0.0.0:14476
2021-09-22 10:23:59,962 [Listener at 0.0.0.0/14481] INFO  http.BaseHttpServer (BaseHttpServer.java:<init>(107)) - Hadoop Security Enabled: false Ozone Security Enabled: false Ozone HTTP Security Enabled: false 
2021-09-22 10:23:59,964 [Listener at 0.0.0.0/14481] INFO  server.AuthenticationFilter (AuthenticationFilter.java:constructSecretProvider(240)) - Unable to initialize FileSignerSecretProvider, falling back to use random secrets.
2021-09-22 10:23:59,967 [Listener at 0.0.0.0/14481] WARN  http.HttpRequestLog (HttpRequestLog.java:getRequestLog(103)) - Jetty request log can only be enabled using Log4j
2021-09-22 10:23:59,968 [org.apache.hadoop.util.JvmPauseMonitor$Monitor@4407cd63] INFO  util.JvmPauseMonitor (JvmPauseMonitor.java:run(188)) - Starting JVM pause monitor
2021-09-22 10:23:59,972 [Listener at 0.0.0.0/14481] INFO  http.HttpServer2 (HttpServer2.java:addGlobalFilter(1030)) - Added global filter 'safety' (class=org.apache.hadoop.hdds.server.http.HttpServer2$QuotingInputFilter)
2021-09-22 10:23:59,973 [Listener at 0.0.0.0/14481] INFO  http.HttpServer2 (HttpServer2.java:addFilter(1006)) - Added filter static_user_filter (class=org.apache.hadoop.http.lib.StaticUserWebFilter$StaticUserFilter) to context scm
2021-09-22 10:23:59,973 [Listener at 0.0.0.0/14481] INFO  http.HttpServer2 (HttpServer2.java:addFilter(1014)) - Added filter static_user_filter (class=org.apache.hadoop.http.lib.StaticUserWebFilter$StaticUserFilter) to context logs
2021-09-22 10:23:59,973 [Listener at 0.0.0.0/14481] INFO  http.HttpServer2 (HttpServer2.java:addFilter(1014)) - Added filter static_user_filter (class=org.apache.hadoop.http.lib.StaticUserWebFilter$StaticUserFilter) to context static
2021-09-22 10:23:59,974 [Listener at 0.0.0.0/14481] INFO  http.HttpServer2 (HttpServer2.java:bindListener(1249)) - Jetty bound to port 14476
2021-09-22 10:23:59,977 [Listener at 0.0.0.0/14481] INFO  server.Server (Server.java:doStart(375)) - jetty-9.4.43.v20210629; built: 2021-06-30T11:07:22.254Z; git: 526006ecfa3af7f1a27ef3a288e2bef7ea9dd7e8; jvm 1.8.0_292-b10
2021-09-22 10:23:59,988 [Listener at 0.0.0.0/14481] INFO  server.session (DefaultSessionIdManager.java:doStart(334)) - DefaultSessionIdManager workerName=node0
2021-09-22 10:23:59,988 [Listener at 0.0.0.0/14481] INFO  server.session (DefaultSessionIdManager.java:doStart(339)) - No SessionScavenger set, using defaults
2021-09-22 10:23:59,988 [Listener at 0.0.0.0/14481] INFO  server.session (HouseKeeper.java:startScavenging(132)) - node0 Scavenging every 660000ms
2021-09-22 10:23:59,989 [Listener at 0.0.0.0/14481] INFO  handler.ContextHandler (ContextHandler.java:doStart(915)) - Started o.e.j.s.ServletContextHandler@72d3cdb{logs,/logs,file:///home/runner/work/ozone/ozone/hadoop-ozone/integration-test/target/log,AVAILABLE}
2021-09-22 10:23:59,990 [Listener at 0.0.0.0/14481] INFO  handler.ContextHandler (ContextHandler.java:doStart(915)) - Started o.e.j.s.ServletContextHandler@4b672ced{static,/static,file:///home/runner/work/ozone/ozone/hadoop-ozone/integration-test/target/test-classes/webapps/static,AVAILABLE}
2021-09-22 10:23:59,998 [Listener at 0.0.0.0/14481] INFO  handler.ContextHandler (ContextHandler.java:doStart(915)) - Started o.e.j.w.WebAppContext@25a4c88a{scm,/,file:///home/runner/work/ozone/ozone/hadoop-ozone/integration-test/target/test-classes/webapps/scm/,AVAILABLE}{file:/home/runner/work/ozone/ozone/hadoop-ozone/integration-test/target/test-classes/webapps/scm}
2021-09-22 10:24:00,003 [Listener at 0.0.0.0/14481] INFO  server.AbstractConnector (AbstractConnector.java:doStart(331)) - Started ServerConnector@67be0ae9{HTTP/1.1, (http/1.1)}{0.0.0.0:14476}
2021-09-22 10:24:00,004 [Listener at 0.0.0.0/14481] INFO  server.Server (Server.java:doStart(415)) - Started @79715ms
2021-09-22 10:24:00,004 [Listener at 0.0.0.0/14481] WARN  impl.MetricsSystemImpl (MetricsSystemImpl.java:register(279)) - Sink prometheus already exists!
2021-09-22 10:24:00,005 [Listener at 0.0.0.0/14481] INFO  http.BaseHttpServer (BaseHttpServer.java:updateConnectorAddress(329)) - HTTP server of scm listening at http://0.0.0.0:14476
2021-09-22 10:24:00,005 [Listener at 0.0.0.0/14481] INFO  ozone.MiniOzoneHAClusterImpl (MiniOzoneHAClusterImpl.java:createSCMService(564)) - Started SCM RPC server at org.apache.hadoop.hdds.scm.server.SCMClientProtocolServer@4cc7f8d9
2021-09-22 10:24:00,007 [Listener at 0.0.0.0/14481] INFO  ha.SCMHANodeDetails (SCMHANodeDetails.java:loadSCMHAConfig(157)) - ServiceID for StorageContainerManager is scm-service-test1
2021-09-22 10:24:00,007 [Listener at 0.0.0.0/14481] INFO  ha.SCMHANodeDetails (SCMHANodeDetails.java:loadSCMHAConfig(168)) - ServiceID for StorageContainerManager is scm-service-test1
2021-09-22 10:24:00,007 [Listener at 0.0.0.0/14481] WARN  scm.ScmUtils (ScmUtils.java:logWarn(179)) - ConfigKey ozone.scm.block.client.address is deprecated, For configuring different ports for each SCM use PortConfigKey ozone.scm.block.client.port appended with serviceId and nodeId. If want to configure same port configure ozone.scm.block.client.port
2021-09-22 10:24:00,021 [Listener at 0.0.0.0/14481] WARN  scm.ScmUtils (ScmUtils.java:logWarn(179)) - ConfigKey ozone.scm.client.address is deprecated, For configuring different ports for each SCM use PortConfigKey ozone.scm.client.port appended with serviceId and nodeId. If want to configure same port configure ozone.scm.client.port
2021-09-22 10:24:00,021 [Listener at 0.0.0.0/14481] WARN  scm.ScmUtils (ScmUtils.java:logWarn(179)) - ConfigKey ozone.scm.datanode.address is deprecated, For configuring different ports for each SCM use PortConfigKey ozone.scm.datanode.port appended with serviceId and nodeId. If want to configure same port configure ozone.scm.datanode.port
2021-09-22 10:24:00,022 [Listener at 0.0.0.0/14481] WARN  scm.ScmUtils (ScmUtils.java:logWarn(179)) - ConfigKey ozone.scm.block.client.address is deprecated, For configuring different ports for each SCM use PortConfigKey ozone.scm.block.client.port appended with serviceId and nodeId. If want to configure same port configure ozone.scm.block.client.port
2021-09-22 10:24:00,022 [Listener at 0.0.0.0/14481] WARN  scm.ScmUtils (ScmUtils.java:logWarn(179)) - ConfigKey ozone.scm.client.address is deprecated, For configuring different ports for each SCM use PortConfigKey ozone.scm.client.port appended with serviceId and nodeId. If want to configure same port configure ozone.scm.client.port
2021-09-22 10:24:00,025 [Listener at 0.0.0.0/14481] WARN  scm.ScmUtils (ScmUtils.java:logWarn(179)) - ConfigKey ozone.scm.datanode.address is deprecated, For configuring different ports for each SCM use PortConfigKey ozone.scm.datanode.port appended with serviceId and nodeId. If want to configure same port configure ozone.scm.datanode.port
2021-09-22 10:24:00,026 [Listener at 0.0.0.0/14481] INFO  ha.SCMHANodeDetails (SCMHANodeDetails.java:loadSCMHAConfig(250)) - Found matching SCM address with SCMServiceId: scm-service-test1, SCMNodeId: scmNode-3, RPC Address: localhost:14488 and Ratis port: 14488
2021-09-22 10:24:00,026 [Listener at 0.0.0.0/14481] INFO  ha.SCMHANodeDetails (ConfUtils.java:setNodeSpecificConfigs(108)) - Setting configuration key ozone.scm.datanode.address with value of key ozone.scm.datanode.address.scm-service-test1.scmNode-3: 127.0.0.1:14489
2021-09-22 10:24:00,026 [Listener at 0.0.0.0/14481] INFO  ha.SCMHANodeDetails (ConfUtils.java:setNodeSpecificConfigs(108)) - Setting configuration key ozone.scm.block.client.address with value of key ozone.scm.block.client.address.scm-service-test1.scmNode-3: 127.0.0.1:14490
2021-09-22 10:24:00,026 [Listener at 0.0.0.0/14481] INFO  ha.SCMHANodeDetails (ConfUtils.java:setNodeSpecificConfigs(108)) - Setting configuration key ozone.scm.client.address with value of key ozone.scm.client.address.scm-service-test1.scmNode-3: 127.0.0.1:14491
2021-09-22 10:24:00,027 [Listener at 0.0.0.0/14481] INFO  ha.SCMHANodeDetails (ConfUtils.java:setNodeSpecificConfigs(108)) - Setting configuration key ozone.scm.ratis.port with value of key ozone.scm.ratis.port.scm-service-test1.scmNode-3: 14488
2021-09-22 10:24:00,027 [Listener at 0.0.0.0/14481] INFO  ha.SCMHANodeDetails (ConfUtils.java:setNodeSpecificConfigs(108)) - Setting configuration key ozone.scm.grpc.port with value of key ozone.scm.grpc.port.scm-service-test1.scmNode-3: 14492
2021-09-22 10:24:00,027 [Listener at 0.0.0.0/14481] INFO  ha.SCMHANodeDetails (ConfUtils.java:setNodeSpecificConfigs(108)) - Setting configuration key ozone.scm.http-address with value of key ozone.scm.http-address.scm-service-test1.scmNode-3: 127.0.0.1:14486
2021-09-22 10:24:00,028 [Listener at 0.0.0.0/14481] INFO  ha.SCMHANodeDetails (ConfUtils.java:setNodeSpecificConfigs(108)) - Setting configuration key ozone.scm.https-address with value of key ozone.scm.https-address.scm-service-test1.scmNode-3: 127.0.0.1:14487
2021-09-22 10:24:00,028 [Listener at 0.0.0.0/14481] INFO  ha.SCMHANodeDetails (ConfUtils.java:setNodeSpecificConfigs(108)) - Setting configuration key ozone.scm.address with value of key ozone.scm.address.scm-service-test1.scmNode-3: 127.0.0.1
2021-09-22 10:24:00,028 [Listener at 0.0.0.0/14481] WARN  scm.ScmUtils (ScmUtils.java:logWarn(179)) - ConfigKey ozone.scm.block.client.address is deprecated, For configuring different ports for each SCM use PortConfigKey ozone.scm.block.client.port appended with serviceId and nodeId. If want to configure same port configure ozone.scm.block.client.port
2021-09-22 10:24:00,028 [Listener at 0.0.0.0/14481] WARN  scm.ScmUtils (ScmUtils.java:logWarn(179)) - ConfigKey ozone.scm.client.address is deprecated, For configuring different ports for each SCM use PortConfigKey ozone.scm.client.port appended with serviceId and nodeId. If want to configure same port configure ozone.scm.client.port
2021-09-22 10:24:00,028 [Listener at 0.0.0.0/14481] WARN  scm.ScmUtils (ScmUtils.java:logWarn(179)) - ConfigKey ozone.scm.datanode.address is deprecated, For configuring different ports for each SCM use PortConfigKey ozone.scm.datanode.port appended with serviceId and nodeId. If want to configure same port configure ozone.scm.datanode.port
2021-09-22 10:24:00,029 [Listener at 0.0.0.0/14481] WARN  server.ServerUtils (ServerUtils.java:getScmDbDir(148)) - ozone.scm.db.dirs is not configured. We recommend adding this setting. Falling back to ozone.metadata.dirs instead.
2021-09-22 10:24:00,032 [Listener at 0.0.0.0/14481] INFO  ha.SCMNodeInfo (SCMNodeInfo.java:getPort(197)) - ConfigKey ozone.scm.client.address is deprecated, For configuring different ports for each SCM use PortConfigKey ozone.scm.client.port appended with serviceId and nodeId
2021-09-22 10:24:00,041 [Listener at 0.0.0.0/14481] INFO  ha.SCMNodeInfo (SCMNodeInfo.java:getPort(197)) - ConfigKey ozone.scm.block.client.address is deprecated, For configuring different ports for each SCM use PortConfigKey ozone.scm.block.client.port appended with serviceId and nodeId
2021-09-22 10:24:00,041 [Listener at 0.0.0.0/14481] INFO  ha.SCMNodeInfo (SCMNodeInfo.java:getPort(197)) - ConfigKey ozone.scm.datanode.address is deprecated, For configuring different ports for each SCM use PortConfigKey ozone.scm.datanode.port appended with serviceId and nodeId
2021-09-22 10:24:00,041 [Listener at 0.0.0.0/14481] INFO  ha.SCMNodeInfo (SCMNodeInfo.java:getPort(197)) - ConfigKey ozone.scm.client.address is deprecated, For configuring different ports for each SCM use PortConfigKey ozone.scm.client.port appended with serviceId and nodeId
2021-09-22 10:24:00,041 [Listener at 0.0.0.0/14481] INFO  ha.SCMNodeInfo (SCMNodeInfo.java:getPort(197)) - ConfigKey ozone.scm.block.client.address is deprecated, For configuring different ports for each SCM use PortConfigKey ozone.scm.block.client.port appended with serviceId and nodeId
2021-09-22 10:24:00,042 [Listener at 0.0.0.0/14481] INFO  ha.SCMNodeInfo (SCMNodeInfo.java:getPort(197)) - ConfigKey ozone.scm.datanode.address is deprecated, For configuring different ports for each SCM use PortConfigKey ozone.scm.datanode.port appended with serviceId and nodeId
2021-09-22 10:24:00,042 [Listener at 0.0.0.0/14481] INFO  ha.SCMNodeInfo (SCMNodeInfo.java:getPort(197)) - ConfigKey ozone.scm.client.address is deprecated, For configuring different ports for each SCM use PortConfigKey ozone.scm.client.port appended with serviceId and nodeId
2021-09-22 10:24:00,042 [Listener at 0.0.0.0/14481] INFO  ha.SCMNodeInfo (SCMNodeInfo.java:getPort(197)) - ConfigKey ozone.scm.block.client.address is deprecated, For configuring different ports for each SCM use PortConfigKey ozone.scm.block.client.port appended with serviceId and nodeId
2021-09-22 10:24:00,042 [Listener at 0.0.0.0/14481] INFO  ha.SCMNodeInfo (SCMNodeInfo.java:getPort(197)) - ConfigKey ozone.scm.datanode.address is deprecated, For configuring different ports for each SCM use PortConfigKey ozone.scm.datanode.port appended with serviceId and nodeId
2021-09-22 10:24:00,056 [Listener at 0.0.0.0/14481] INFO  server.StorageContainerManager (StorageContainerManager.java:scmBootstrap(963)) - SCM BootStrap  is successful for ClusterID 37bb77ab-1cd7-4f0f-8c8b-61e82082808e, SCMID 348557bb-52cf-467b-ac94-ee5fd4af8d60
2021-09-22 10:24:00,056 [Listener at 0.0.0.0/14481] INFO  server.StorageContainerManager (StorageContainerManager.java:scmBootstrap(965)) - Primary SCM Node ID 6cde2b08-89b9-430e-b77c-97253f43be03
2021-09-22 10:24:00,057 [Listener at 0.0.0.0/14481] INFO  ha.SCMHANodeDetails (SCMHANodeDetails.java:loadSCMHAConfig(157)) - ServiceID for StorageContainerManager is scm-service-test1
2021-09-22 10:24:00,057 [Listener at 0.0.0.0/14481] INFO  ha.SCMHANodeDetails (SCMHANodeDetails.java:loadSCMHAConfig(168)) - ServiceID for StorageContainerManager is scm-service-test1
2021-09-22 10:24:00,057 [Listener at 0.0.0.0/14481] WARN  scm.ScmUtils (ScmUtils.java:logWarn(179)) - ConfigKey ozone.scm.block.client.address is deprecated, For configuring different ports for each SCM use PortConfigKey ozone.scm.block.client.port appended with serviceId and nodeId. If want to configure same port configure ozone.scm.block.client.port
2021-09-22 10:24:00,057 [Listener at 0.0.0.0/14481] WARN  scm.ScmUtils (ScmUtils.java:logWarn(179)) - ConfigKey ozone.scm.client.address is deprecated, For configuring different ports for each SCM use PortConfigKey ozone.scm.client.port appended with serviceId and nodeId. If want to configure same port configure ozone.scm.client.port
2021-09-22 10:24:00,057 [Listener at 0.0.0.0/14481] WARN  scm.ScmUtils (ScmUtils.java:logWarn(179)) - ConfigKey ozone.scm.datanode.address is deprecated, For configuring different ports for each SCM use PortConfigKey ozone.scm.datanode.port appended with serviceId and nodeId. If want to configure same port configure ozone.scm.datanode.port
2021-09-22 10:24:00,058 [Listener at 0.0.0.0/14481] WARN  scm.ScmUtils (ScmUtils.java:logWarn(179)) - ConfigKey ozone.scm.block.client.address is deprecated, For configuring different ports for each SCM use PortConfigKey ozone.scm.block.client.port appended with serviceId and nodeId. If want to configure same port configure ozone.scm.block.client.port
2021-09-22 10:24:00,058 [Listener at 0.0.0.0/14481] WARN  scm.ScmUtils (ScmUtils.java:logWarn(179)) - ConfigKey ozone.scm.client.address is deprecated, For configuring different ports for each SCM use PortConfigKey ozone.scm.client.port appended with serviceId and nodeId. If want to configure same port configure ozone.scm.client.port
2021-09-22 10:24:00,058 [Listener at 0.0.0.0/14481] WARN  scm.ScmUtils (ScmUtils.java:logWarn(179)) - ConfigKey ozone.scm.datanode.address is deprecated, For configuring different ports for each SCM use PortConfigKey ozone.scm.datanode.port appended with serviceId and nodeId. If want to configure same port configure ozone.scm.datanode.port
2021-09-22 10:24:00,058 [Listener at 0.0.0.0/14481] INFO  ha.SCMHANodeDetails (SCMHANodeDetails.java:loadSCMHAConfig(250)) - Found matching SCM address with SCMServiceId: scm-service-test1, SCMNodeId: scmNode-3, RPC Address: localhost:14488 and Ratis port: 14488
2021-09-22 10:24:00,058 [Listener at 0.0.0.0/14481] INFO  ha.SCMHANodeDetails (ConfUtils.java:setNodeSpecificConfigs(108)) - Setting configuration key ozone.scm.datanode.address with value of key ozone.scm.datanode.address.scm-service-test1.scmNode-3: 127.0.0.1:14489
2021-09-22 10:24:00,059 [Listener at 0.0.0.0/14481] INFO  ha.SCMHANodeDetails (ConfUtils.java:setNodeSpecificConfigs(108)) - Setting configuration key ozone.scm.block.client.address with value of key ozone.scm.block.client.address.scm-service-test1.scmNode-3: 127.0.0.1:14490
2021-09-22 10:24:00,059 [Listener at 0.0.0.0/14481] INFO  ha.SCMHANodeDetails (ConfUtils.java:setNodeSpecificConfigs(108)) - Setting configuration key ozone.scm.client.address with value of key ozone.scm.client.address.scm-service-test1.scmNode-3: 127.0.0.1:14491
2021-09-22 10:24:00,059 [Listener at 0.0.0.0/14481] INFO  ha.SCMHANodeDetails (ConfUtils.java:setNodeSpecificConfigs(108)) - Setting configuration key ozone.scm.ratis.port with value of key ozone.scm.ratis.port.scm-service-test1.scmNode-3: 14488
2021-09-22 10:24:00,059 [Listener at 0.0.0.0/14481] INFO  ha.SCMHANodeDetails (ConfUtils.java:setNodeSpecificConfigs(108)) - Setting configuration key ozone.scm.grpc.port with value of key ozone.scm.grpc.port.scm-service-test1.scmNode-3: 14492
2021-09-22 10:24:00,059 [Listener at 0.0.0.0/14481] INFO  ha.SCMHANodeDetails (ConfUtils.java:setNodeSpecificConfigs(108)) - Setting configuration key ozone.scm.http-address with value of key ozone.scm.http-address.scm-service-test1.scmNode-3: 127.0.0.1:14486
2021-09-22 10:24:00,059 [Listener at 0.0.0.0/14481] INFO  ha.SCMHANodeDetails (ConfUtils.java:setNodeSpecificConfigs(108)) - Setting configuration key ozone.scm.https-address with value of key ozone.scm.https-address.scm-service-test1.scmNode-3: 127.0.0.1:14487
2021-09-22 10:24:00,059 [Listener at 0.0.0.0/14481] INFO  ha.SCMHANodeDetails (ConfUtils.java:setNodeSpecificConfigs(108)) - Setting configuration key ozone.scm.address with value of key ozone.scm.address.scm-service-test1.scmNode-3: 127.0.0.1
2021-09-22 10:24:00,059 [Listener at 0.0.0.0/14481] WARN  scm.ScmUtils (ScmUtils.java:logWarn(179)) - ConfigKey ozone.scm.block.client.address is deprecated, For configuring different ports for each SCM use PortConfigKey ozone.scm.block.client.port appended with serviceId and nodeId. If want to configure same port configure ozone.scm.block.client.port
2021-09-22 10:24:00,060 [Listener at 0.0.0.0/14481] WARN  scm.ScmUtils (ScmUtils.java:logWarn(179)) - ConfigKey ozone.scm.client.address is deprecated, For configuring different ports for each SCM use PortConfigKey ozone.scm.client.port appended with serviceId and nodeId. If want to configure same port configure ozone.scm.client.port
2021-09-22 10:24:00,060 [Listener at 0.0.0.0/14481] WARN  scm.ScmUtils (ScmUtils.java:logWarn(179)) - ConfigKey ozone.scm.datanode.address is deprecated, For configuring different ports for each SCM use PortConfigKey ozone.scm.datanode.port appended with serviceId and nodeId. If want to configure same port configure ozone.scm.datanode.port
2021-09-22 10:24:00,061 [Listener at 0.0.0.0/14481] WARN  server.ServerUtils (ServerUtils.java:getScmDbDir(148)) - ozone.scm.db.dirs is not configured. We recommend adding this setting. Falling back to ozone.metadata.dirs instead.
2021-09-22 10:24:00,061 [Listener at 0.0.0.0/14481] INFO  upgrade.AbstractLayoutVersionManager (AbstractLayoutVersionManager.java:init(79)) - Initializing Layout version manager with metadata layout = SCM_HA (version = 2), software layout = SCM_HA (version = 2)
2021-09-22 10:24:00,141 [Listener at 0.0.0.0/14481] INFO  reflections.Reflections (Reflections.java:scan(232)) - Reflections took 71 ms to scan 7 urls, producing 119 keys and 275 values 
2021-09-22 10:24:00,148 [Listener at 0.0.0.0/14481] WARN  utils.HAUtils (HAUtils.java:getMetaDir(342)) - ozone.scm.db.dirs is not configured. We recommend adding this setting. Falling back to ozone.metadata.dirs instead.
2021-09-22 10:24:00,150 [Listener at 0.0.0.0/14481] WARN  db.DBStoreBuilder (DBStoreBuilder.java:applyDBDefinition(145)) - ozone.scm.db.dirs is not configured. We recommend adding this setting. Falling back to ozone.metadata.dirs instead.
2021-09-22 10:24:00,203 [EndpointStateMachine task thread for /127.0.0.1:14493 - 0 ] INFO  ipc.Client (Client.java:handleConnectionFailure(977)) - Retrying connect to server: localhost/127.0.0.1:14493. Already tried 14 time(s); retry policy is RetryUpToMaximumCountWithFixedSleep(maxRetries=15, sleepTime=1000 MILLISECONDS)
2021-09-22 10:24:00,205 [EndpointStateMachine task thread for /127.0.0.1:14503 - 0 ] INFO  ipc.Client (Client.java:handleConnectionFailure(977)) - Retrying connect to server: localhost/127.0.0.1:14503. Already tried 13 time(s); retry policy is RetryUpToMaximumCountWithFixedSleep(maxRetries=15, sleepTime=1000 MILLISECONDS)
2021-09-22 10:24:00,310 [Listener at 0.0.0.0/14481] INFO  net.NodeSchemaLoader (NodeSchemaLoader.java:loadSchemaFromFile(129)) - Loading schema from [jar:file:/home/runner/.m2/repository/org/apache/ozone/hdds-common/1.2.0-SNAPSHOT/hdds-common-1.2.0-SNAPSHOT.jar!/network-topology-default.xml]
2021-09-22 10:24:00,310 [Listener at 0.0.0.0/14481] INFO  net.NodeSchemaLoader (NodeSchemaLoader.java:loadSchema(176)) - Loading network topology layer schema file
2021-09-22 10:24:00,316 [Listener at 0.0.0.0/14481] WARN  impl.MetricRegistriesImpl (MetricRegistriesImpl.java:addReporterRegistration(111)) - New reporters are added after registries were created. Some metrics will be missing from the reporter. Please add reporter before adding any new registry.
2021-09-22 10:24:00,320 [Listener at 0.0.0.0/14481] WARN  impl.MetricRegistriesImpl (MetricRegistriesImpl.java:addReporterRegistration(111)) - New reporters are added after registries were created. Some metrics will be missing from the reporter. Please add reporter before adding any new registry.
2021-09-22 10:24:00,321 [Listener at 0.0.0.0/14481] INFO  ha.SCMRatisServerImpl (SCMRatisServerImpl.java:<init>(87)) - starting Raft server for scm:348557bb-52cf-467b-ac94-ee5fd4af8d60
2021-09-22 10:24:00,322 [Listener at 0.0.0.0/14481] INFO  server.RaftServer (ConfUtils.java:logGet(44)) - raft.rpc.type = GRPC (default)
2021-09-22 10:24:00,322 [Listener at 0.0.0.0/14481] INFO  grpc.GrpcFactory (GrpcFactory.java:checkPooledByteBufAllocatorUseCacheForAllThreads(48)) - PERFORMANCE WARNING: useCacheForAllThreads is true that may cause Netty to create a lot garbage objects and, as a result, trigger GC.
	It is recommended to disable useCacheForAllThreads by setting -Dorg.apache.ratis.thirdparty.io.netty.allocator.useCacheForAllThreads=false in command line.
2021-09-22 10:24:00,322 [Listener at 0.0.0.0/14481] INFO  grpc.GrpcConfigKeys (ConfUtils.java:logGet(44)) - raft.grpc.admin.port = -1 (default)
2021-09-22 10:24:00,323 [Listener at 0.0.0.0/14481] INFO  grpc.GrpcConfigKeys (ConfUtils.java:logGet(44)) - raft.grpc.server.port = 14488 (custom)
2021-09-22 10:24:00,323 [Listener at 0.0.0.0/14481] INFO  grpc.GrpcConfigKeys (ConfUtils.java:logGet(44)) - raft.grpc.client.port = -1 (default)
2021-09-22 10:24:00,323 [Listener at 0.0.0.0/14481] INFO  grpc.GrpcConfigKeys (ConfUtils.java:logGet(44)) - raft.grpc.server.port = 14488 (custom)
2021-09-22 10:24:00,324 [Listener at 0.0.0.0/14481] INFO  grpc.GrpcConfigKeys (ConfUtils.java:logGet(44)) - raft.grpc.server.port = 14488 (custom)
2021-09-22 10:24:00,324 [Listener at 0.0.0.0/14481] INFO  server.GrpcService (ConfUtils.java:logGet(44)) - raft.grpc.message.size.max = 32m (=33554432) (custom)
2021-09-22 10:24:00,324 [Listener at 0.0.0.0/14481] INFO  server.RaftServerConfigKeys (ConfUtils.java:logGet(44)) - raft.server.log.appender.buffer.byte-limit = 33554432 (custom)
2021-09-22 10:24:00,324 [Listener at 0.0.0.0/14481] INFO  server.GrpcService (ConfUtils.java:logGet(44)) - raft.grpc.flow.control.window = 1MB (=1048576) (default)
2021-09-22 10:24:00,325 [Listener at 0.0.0.0/14481] INFO  server.RaftServerConfigKeys (ConfUtils.java:logGet(44)) - raft.server.rpc.request.timeout = 30000ms (custom)
2021-09-22 10:24:00,326 [Listener at 0.0.0.0/14481] INFO  impl.DataStreamServerImpl (ConfUtils.java:logGet(44)) - raft.datastream.type = DISABLED (default)
2021-09-22 10:24:00,326 [Listener at 0.0.0.0/14481] INFO  server.RaftServerConfigKeys (ConfUtils.java:logGet(44)) - raft.server.rpc.slowness.timeout = 120000ms (custom)
2021-09-22 10:24:00,326 [Listener at 0.0.0.0/14481] INFO  server.RaftServerConfigKeys (ConfUtils.java:logGet(44)) - raft.server.leaderelection.leader.step-down.wait-time = 10s (default)
2021-09-22 10:24:00,326 [Listener at 0.0.0.0/14481] INFO  server.RaftServerConfigKeys (ConfUtils.java:logGet(44)) - raft.server.storage.dir = [/home/runner/work/ozone/ozone/hadoop-ozone/integration-test/target/test-dir/MiniOzoneClusterImpl-37bb77ab-1cd7-4f0f-8c8b-61e82082808e/scmNode-3/scm-ha] (custom)
2021-09-22 10:24:00,327 [Listener at 0.0.0.0/14481] INFO  server.RaftServer (RaftServerProxy.java:addNew(95)) - 348557bb-52cf-467b-ac94-ee5fd4af8d60: addNew group-61E82082808E:[] returns group-61E82082808E:java.util.concurrent.CompletableFuture@2e27c2b2[Not completed]
2021-09-22 10:24:00,327 [pool-228-thread-1] INFO  server.RaftServer$Division (RaftServerImpl.java:<init>(181)) - 348557bb-52cf-467b-ac94-ee5fd4af8d60: new RaftServerImpl for group-61E82082808E:[] with SCMStateMachine:uninitialized
2021-09-22 10:24:00,330 [pool-228-thread-1] INFO  server.RaftServerConfigKeys (ConfUtils.java:logGet(44)) - raft.server.rpc.timeout.min = 5000ms (custom)
2021-09-22 10:24:00,330 [pool-228-thread-1] INFO  server.RaftServerConfigKeys (ConfUtils.java:logGet(44)) - raft.server.rpc.timeout.max = 5200ms (custom)
2021-09-22 10:24:00,330 [pool-228-thread-1] INFO  server.RaftServerConfigKeys (ConfUtils.java:logGet(44)) - raft.server.rpc.sleep.time = 25ms (default)
2021-09-22 10:24:00,331 [pool-228-thread-1] INFO  server.RaftServerConfigKeys (ConfUtils.java:logGet(44)) - raft.server.rpc.slowness.timeout = 120000ms (custom)
2021-09-22 10:24:00,331 [pool-228-thread-1] INFO  server.RaftServerConfigKeys (ConfUtils.java:logGet(44)) - raft.server.leaderelection.leader.step-down.wait-time = 10s (default)
2021-09-22 10:24:00,331 [pool-228-thread-1] INFO  server.RaftServerConfigKeys (ConfUtils.java:logGet(44)) - raft.server.sleep.deviation.threshold = 300ms (default)
2021-09-22 10:24:00,331 [pool-228-thread-1] INFO  server.RaftServerConfigKeys (ConfUtils.java:logGet(44)) - raft.server.log.appender.install.snapshot.enabled = false (custom)
2021-09-22 10:24:00,331 [pool-228-thread-1] INFO  server.RaftServer$Division (ServerState.java:<init>(105)) - 348557bb-52cf-467b-ac94-ee5fd4af8d60@group-61E82082808E: ConfigurationManager, init=-1: [], old=null, confs=<EMPTY_MAP>
2021-09-22 10:24:00,331 [pool-228-thread-1] INFO  server.RaftServerConfigKeys (ConfUtils.java:logGet(44)) - raft.server.storage.dir = [/home/runner/work/ozone/ozone/hadoop-ozone/integration-test/target/test-dir/MiniOzoneClusterImpl-37bb77ab-1cd7-4f0f-8c8b-61e82082808e/scmNode-3/scm-ha] (custom)
2021-09-22 10:24:00,336 [pool-228-thread-1] INFO  server.RaftServerConfigKeys (ConfUtils.java:logGet(44)) - raft.server.log.corruption.policy = EXCEPTION (default)
2021-09-22 10:24:00,337 [pool-228-thread-1] INFO  server.RaftServerConfigKeys (ConfUtils.java:logGet(44)) - raft.server.storage.free-space.min = 0MB (=0) (default)
2021-09-22 10:24:00,337 [pool-228-thread-1] INFO  storage.RaftStorageDirectory (RaftStorageDirectoryImpl.java:analyzeStorage(135)) - The storage directory /home/runner/work/ozone/ozone/hadoop-ozone/integration-test/target/test-dir/MiniOzoneClusterImpl-37bb77ab-1cd7-4f0f-8c8b-61e82082808e/scmNode-3/scm-ha/37bb77ab-1cd7-4f0f-8c8b-61e82082808e does not exist. Creating ...
2021-09-22 10:24:00,338 [pool-228-thread-1] INFO  storage.RaftStorageDirectory (RaftStorageDirectoryImpl.java:tryLock(230)) - Lock on /home/runner/work/ozone/ozone/hadoop-ozone/integration-test/target/test-dir/MiniOzoneClusterImpl-37bb77ab-1cd7-4f0f-8c8b-61e82082808e/scmNode-3/scm-ha/37bb77ab-1cd7-4f0f-8c8b-61e82082808e/in_use.lock acquired by nodename 4533@fv-az122-726
2021-09-22 10:24:00,340 [pool-228-thread-1] INFO  storage.RaftStorage (RaftStorageImpl.java:format(89)) - Storage directory /home/runner/work/ozone/ozone/hadoop-ozone/integration-test/target/test-dir/MiniOzoneClusterImpl-37bb77ab-1cd7-4f0f-8c8b-61e82082808e/scmNode-3/scm-ha/37bb77ab-1cd7-4f0f-8c8b-61e82082808e has been successfully formatted.
2021-09-22 10:24:00,340 [pool-228-thread-1] INFO  server.RaftServerConfigKeys (ConfUtils.java:logGet(44)) - raft.server.notification.no-leader.timeout = 60s (default)
2021-09-22 10:24:00,340 [pool-228-thread-1] INFO  server.RaftServerConfigKeys (ConfUtils.java:logGet(44)) - raft.server.log.use.memory = false (default)
2021-09-22 10:24:00,340 [pool-228-thread-1] INFO  server.RaftServerConfigKeys (ConfUtils.java:logGet(44)) - raft.server.log.purge.gap = 5 (custom)
2021-09-22 10:24:00,340 [pool-228-thread-1] INFO  server.RaftServerConfigKeys (ConfUtils.java:logGet(44)) - raft.server.log.appender.buffer.byte-limit = 33554432 (custom)
2021-09-22 10:24:00,341 [pool-228-thread-1] INFO  server.RaftServerConfigKeys (ConfUtils.java:logGet(44)) - raft.server.log.segment.size.max = 16384 (custom)
2021-09-22 10:24:00,341 [pool-228-thread-1] INFO  server.RaftServerConfigKeys (ConfUtils.java:logGet(44)) - raft.server.log.segment.cache.num.max = 2 (custom)
2021-09-22 10:24:00,341 [pool-228-thread-1] INFO  server.RaftServerConfigKeys (ConfUtils.java:logGet(44)) - raft.server.log.segment.cache.size.max = 200MB (=209715200) (default)
2021-09-22 10:24:00,341 [pool-228-thread-1] INFO  segmented.SegmentedRaftLogWorker (SegmentedRaftLogWorker.java:<init>(182)) - new 348557bb-52cf-467b-ac94-ee5fd4af8d60@group-61E82082808E-SegmentedRaftLogWorker for RaftStorageImpl:Storage Directory /home/runner/work/ozone/ozone/hadoop-ozone/integration-test/target/test-dir/MiniOzoneClusterImpl-37bb77ab-1cd7-4f0f-8c8b-61e82082808e/scmNode-3/scm-ha/37bb77ab-1cd7-4f0f-8c8b-61e82082808e
2021-09-22 10:24:00,341 [pool-228-thread-1] INFO  server.RaftServerConfigKeys (ConfUtils.java:logGet(44)) - raft.server.log.queue.byte-limit = 64MB (=67108864) (default)
2021-09-22 10:24:00,342 [pool-228-thread-1] INFO  server.RaftServerConfigKeys (ConfUtils.java:logGet(44)) - raft.server.log.queue.element-limit = 4096 (default)
2021-09-22 10:24:00,342 [pool-228-thread-1] INFO  server.RaftServerConfigKeys (ConfUtils.java:logGet(44)) - raft.server.log.segment.size.max = 16384 (custom)
2021-09-22 10:24:00,342 [pool-228-thread-1] INFO  server.RaftServerConfigKeys (ConfUtils.java:logGet(44)) - raft.server.log.preallocated.size = 16384 (custom)
2021-09-22 10:24:00,342 [pool-228-thread-1] INFO  server.RaftServerConfigKeys (ConfUtils.java:logGet(44)) - raft.server.log.force.sync.num = 128 (default)
2021-09-22 10:24:00,342 [pool-228-thread-1] INFO  server.RaftServerConfigKeys (ConfUtils.java:logGet(44)) - raft.server.log.statemachine.data.sync = true (default)
2021-09-22 10:24:00,342 [pool-228-thread-1] INFO  server.RaftServerConfigKeys (ConfUtils.java:logGet(44)) - raft.server.log.statemachine.data.sync.timeout = 10s (default)
2021-09-22 10:24:00,342 [pool-228-thread-1] INFO  server.RaftServerConfigKeys (ConfUtils.java:logGet(44)) - raft.server.log.statemachine.data.sync.timeout.retry = -1 (default)
2021-09-22 10:24:00,343 [pool-228-thread-1] INFO  server.RaftServerConfigKeys (ConfUtils.java:logGet(44)) - raft.server.log.write.buffer.size = 64KB (=65536) (default)
2021-09-22 10:24:00,344 [pool-228-thread-1] INFO  server.RaftServerConfigKeys (ConfUtils.java:logGet(44)) - raft.server.log.statemachine.data.caching.enabled = false (default)
2021-09-22 10:24:00,344 [pool-228-thread-1] INFO  segmented.SegmentedRaftLogWorker (SegmentedRaftLogWorker.java:lambda$new$0(133)) - 348557bb-52cf-467b-ac94-ee5fd4af8d60@group-61E82082808E-SegmentedRaftLogWorker: flushIndex: setUnconditionally 0 -> -1
2021-09-22 10:24:00,344 [pool-228-thread-1] INFO  segmented.SegmentedRaftLogWorker (SegmentedRaftLogWorker.java:lambda$new$0(133)) - 348557bb-52cf-467b-ac94-ee5fd4af8d60@group-61E82082808E-SegmentedRaftLogWorker: safeCacheEvictIndex: setUnconditionally 0 -> -1
2021-09-22 10:24:00,351 [pool-228-thread-1] INFO  server.RaftServerConfigKeys (ConfUtils.java:logGet(44)) - raft.server.snapshot.auto.trigger.enabled = true (custom)
2021-09-22 10:24:00,351 [pool-228-thread-1] INFO  server.RaftServerConfigKeys (ConfUtils.java:logGet(44)) - raft.server.snapshot.auto.trigger.threshold = 5 (custom)
2021-09-22 10:24:00,351 [pool-228-thread-1] INFO  server.RaftServerConfigKeys (ConfUtils.java:logGet(44)) - raft.server.snapshot.retention.file.num = -1 (default)
2021-09-22 10:24:00,351 [pool-228-thread-1] INFO  server.RaftServerConfigKeys (ConfUtils.java:logGet(44)) - raft.server.log.purge.upto.snapshot.index = true (custom)
2021-09-22 10:24:00,351 [pool-228-thread-1] INFO  server.RaftServerConfigKeys (ConfUtils.java:logGet(44)) - raft.server.retrycache.expirytime = 60000ms (default)
2021-09-22 10:24:00,351 [pool-228-thread-1] INFO  server.RaftServerConfigKeys (ConfUtils.java:logGet(44)) - raft.server.retrycache.statistics.expirytime = 100μs (default)
2021-09-22 10:24:00,352 [Listener at 0.0.0.0/14481] INFO  ha.SCMSnapshotProvider (SCMSnapshotProvider.java:<init>(66)) - Initializing SCM Snapshot Provider
2021-09-22 10:24:00,353 [Listener at 0.0.0.0/14481] WARN  server.ServerUtils (ServerUtils.java:getDefaultRatisDirectory(237)) - Storage directory for Ratis is not configured. It is a good idea to map this to an SSD disk. Falling back to ozone.metadata.dirs
2021-09-22 10:24:00,353 [Listener at 0.0.0.0/14481] WARN  ha.SCMHAUtils (SCMHAUtils.java:getSCMRatisSnapshotDirectory(146)) - SCM snapshot dir is not configured. Falling back to ozone.metadata.dirs config
2021-09-22 10:24:00,355 [Listener at 0.0.0.0/14481] INFO  ha.SequenceIdGenerator (SequenceIdGenerator.java:upgradeToSequenceId(327)) - upgrade localId to 107544261427200000
2021-09-22 10:24:00,355 [Listener at 0.0.0.0/14481] INFO  ha.SequenceIdGenerator (SequenceIdGenerator.java:upgradeToSequenceId(337)) - upgrade delTxnId to 0
2021-09-22 10:24:00,355 [Listener at 0.0.0.0/14481] INFO  ha.SequenceIdGenerator (SequenceIdGenerator.java:upgradeToSequenceId(351)) - upgrade containerId to 0
2021-09-22 10:24:00,355 [Listener at 0.0.0.0/14481] INFO  ha.SequenceIdGenerator (SequenceIdGenerator.java:<init>(217)) - Init the HA SequenceIdGenerator.
2021-09-22 10:24:00,356 [Listener at 0.0.0.0/14481] WARN  server.ServerUtils (ServerUtils.java:sanitizeUserArgs(73)) - ozone.scm.stale.node.interval value = 300000 is larger than max = 100000 based on the key value of ozone.scm.heartbeat.thread.interval, reset to the max value 100000.
2021-09-22 10:24:00,356 [Listener at 0.0.0.0/14481] WARN  server.ServerUtils (ServerUtils.java:sanitizeUserArgs(73)) - ozone.scm.stale.node.interval value = 300000 is larger than max = 100000 based on the key value of ozone.scm.heartbeat.thread.interval, reset to the max value 100000.
2021-09-22 10:24:00,362 [Listener at 0.0.0.0/14481] INFO  node.SCMNodeManager (SCMNodeManager.java:<init>(144)) - Entering startup safe mode.
2021-09-22 10:24:00,363 [Listener at 0.0.0.0/14481] INFO  algorithms.ContainerPlacementPolicyFactory (ContainerPlacementPolicyFactory.java:getPolicy(60)) - Create container placement policy of type org.apache.hadoop.hdds.scm.container.placement.algorithms.SCMContainerPlacementRandom
2021-09-22 10:24:00,363 [Listener at 0.0.0.0/14481] INFO  pipeline.PipelineStateManager (PipelineStateManagerV2Impl.java:initialize(78)) - No pipeline exists in current db
2021-09-22 10:24:00,363 [Listener at 0.0.0.0/14481] INFO  algorithms.LeaderChoosePolicyFactory (LeaderChoosePolicyFactory.java:getPolicy(57)) - Create leader choose policy of type org.apache.hadoop.hdds.scm.pipeline.leader.choose.algorithms.MinLeaderCountChoosePolicy
2021-09-22 10:24:00,364 [Listener at 0.0.0.0/14481] INFO  ha.SCMServiceManager (SCMServiceManager.java:register(43)) - Registering service BackgroundPipelineCreator.
2021-09-22 10:24:00,364 [Listener at 0.0.0.0/14481] INFO  pipeline.BackgroundPipelineCreator (BackgroundPipelineCreatorV2.java:start(130)) - Starting RatisPipelineUtilsThread.
2021-09-22 10:24:00,366 [Listener at 0.0.0.0/14481] INFO  algorithms.PipelineChoosePolicyFactory (PipelineChoosePolicyFactory.java:createPipelineChoosePolicyFromClass(73)) - Create pipeline choose policy of type org.apache.hadoop.hdds.scm.pipeline.choose.algorithms.RandomPipelineChoosePolicy
2021-09-22 10:24:00,367 [Listener at 0.0.0.0/14481] INFO  ha.SCMServiceManager (SCMServiceManager.java:register(43)) - Registering service SCMBlockDeletingService.
2021-09-22 10:24:00,367 [Listener at 0.0.0.0/14481] INFO  ha.SCMServiceManager (SCMServiceManager.java:register(43)) - Registering service ReplicationManager.
2021-09-22 10:24:00,367 [Listener at 0.0.0.0/14481] INFO  container.ReplicationManager (ReplicationManager.java:start(319)) - Starting Replication Monitor Thread.
2021-09-22 10:24:00,376 [Listener at 0.0.0.0/14481] INFO  safemode.ContainerSafeModeRule (ContainerSafeModeRule.java:<init>(89)) - containers with one replica threshold count 0
2021-09-22 10:24:00,377 [Listener at 0.0.0.0/14481] INFO  safemode.HealthyPipelineSafeModeRule (HealthyPipelineSafeModeRule.java:initializeRule(156)) - Total pipeline count is 0, healthy pipeline threshold count is 1
2021-09-22 10:24:00,377 [Listener at 0.0.0.0/14481] INFO  safemode.OneReplicaPipelineSafeModeRule (OneReplicaPipelineSafeModeRule.java:initializeRule(180)) - Total pipeline count is 0, pipeline's with at least one datanode reported threshold count is 0
2021-09-22 10:24:00,391 [ReplicationMonitor] INFO  container.ReplicationManager (ReplicationManager.java:processAll(371)) - Replication Monitor Thread took 0 milliseconds for processing 0 containers.
2021-09-22 10:24:00,393 [Listener at 0.0.0.0/14481] INFO  ipc.CallQueueManager (CallQueueManager.java:<init>(90)) - Using callQueue: class java.util.concurrent.LinkedBlockingQueue, queueCapacity: 2000, scheduler: class org.apache.hadoop.ipc.DefaultRpcScheduler, ipcBackoff: false.
2021-09-22 10:24:00,405 [Socket Reader #1 for port 14489] INFO  ipc.Server (Server.java:run(1265)) - Starting Socket Reader #1 for port 14489
2021-09-22 10:24:00,408 [Listener at 0.0.0.0/14489] INFO  ipc.CallQueueManager (CallQueueManager.java:<init>(90)) - Using callQueue: class java.util.concurrent.LinkedBlockingQueue, queueCapacity: 2000, scheduler: class org.apache.hadoop.ipc.DefaultRpcScheduler, ipcBackoff: false.
2021-09-22 10:24:00,415 [Socket Reader #1 for port 14490] INFO  ipc.Server (Server.java:run(1265)) - Starting Socket Reader #1 for port 14490
2021-09-22 10:24:00,434 [Listener at 0.0.0.0/14490] INFO  ipc.CallQueueManager (CallQueueManager.java:<init>(90)) - Using callQueue: class java.util.concurrent.LinkedBlockingQueue, queueCapacity: 2000, scheduler: class org.apache.hadoop.ipc.DefaultRpcScheduler, ipcBackoff: false.
2021-09-22 10:24:00,442 [Socket Reader #1 for port 14491] INFO  ipc.Server (Server.java:run(1265)) - Starting Socket Reader #1 for port 14491
2021-09-22 10:24:00,511 [Listener at 0.0.0.0/14491] INFO  algorithms.ContainerPlacementPolicyFactory (ContainerPlacementPolicyFactory.java:getPolicy(60)) - Create container placement policy of type org.apache.hadoop.hdds.scm.container.placement.algorithms.SCMContainerPlacementRandom
2021-09-22 10:24:00,513 [Listener at 0.0.0.0/14491] INFO  server.StorageContainerManager (StorageContainerManager.java:<init>(387)) - 
Container Balancer status:
Key                            Value
Running                        false
Container Balancer Configuration values:
Key                                                Value
Threshold                                          0.1
Max Datanodes to Involve per Iteration(ratio)      0.5
Max Size to Move per Iteration                     10737418240B

2021-09-22 10:24:00,513 [Listener at 0.0.0.0/14491] WARN  events.EventQueue (EventQueue.java:fireEvent(194)) - No event handler registered for event TypedEvent{payloadType=SafeModeStatus, name='Safe mode status'}
2021-09-22 10:24:00,514 [Listener at 0.0.0.0/14491] INFO  ha.SCMContext (SCMContext.java:updateSafeModeStatus(205)) - Update SafeModeStatus from SafeModeStatus{safeModeStatus=true, preCheckPassed=false} to SafeModeStatus{safeModeStatus=true, preCheckPassed=false}.
2021-09-22 10:24:00,515 [Listener at 0.0.0.0/14491] INFO  ozone.MiniOzoneHAClusterImpl (MiniOzoneHAClusterImpl.java:createSCMService(568)) - Intialized SCM at org.apache.hadoop.hdds.scm.server.SCMClientProtocolServer@4e949342. This SCM is currently inactive (not running).
2021-09-22 10:24:00,515 [Listener at 0.0.0.0/14491] INFO  ha.OMHANodeDetails (OMHANodeDetails.java:loadOMHAConfig(118)) - ServiceID for OzoneManager is om-service-test1
2021-09-22 10:24:00,517 [Listener at 0.0.0.0/14491] INFO  ha.OMHANodeDetails (OMHANodeDetails.java:loadOMHAConfig(194)) - Found matching OM address with OMServiceId: om-service-test1, OMNodeId: omNode-1, RPC Address: localhost:12164 and Ratis port: 12168
2021-09-22 10:24:00,517 [Listener at 0.0.0.0/14491] INFO  ha.OMHANodeDetails (ConfUtils.java:setNodeSpecificConfigs(108)) - Setting configuration key ozone.om.http-address with value of key ozone.om.http-address.om-service-test1.omNode-1: 127.0.0.1:12166
2021-09-22 10:24:00,517 [Listener at 0.0.0.0/14491] INFO  ha.OMHANodeDetails (ConfUtils.java:setNodeSpecificConfigs(108)) - Setting configuration key ozone.om.https-address with value of key ozone.om.https-address.om-service-test1.omNode-1: 127.0.0.1:12167
2021-09-22 10:24:00,518 [Listener at 0.0.0.0/14491] INFO  ha.OMHANodeDetails (ConfUtils.java:setNodeSpecificConfigs(108)) - Setting configuration key ozone.om.address with value of key ozone.om.address.om-service-test1.omNode-1: 127.0.0.1:12164
2021-09-22 10:24:00,518 [Listener at 0.0.0.0/14491] WARN  server.ServerUtils (ServerUtils.java:getDBPath(225)) - ozone.om.db.dirs is not configured. We recommend adding this setting. Falling back to ozone.metadata.dirs instead.
2021-09-22 10:24:00,519 [Listener at 0.0.0.0/14491] INFO  ha.SCMNodeInfo (SCMNodeInfo.java:getPort(197)) - ConfigKey ozone.scm.client.address is deprecated, For configuring different ports for each SCM use PortConfigKey ozone.scm.client.port appended with serviceId and nodeId
2021-09-22 10:24:00,520 [Listener at 0.0.0.0/14491] INFO  ha.SCMNodeInfo (SCMNodeInfo.java:getPort(197)) - ConfigKey ozone.scm.block.client.address is deprecated, For configuring different ports for each SCM use PortConfigKey ozone.scm.block.client.port appended with serviceId and nodeId
2021-09-22 10:24:00,525 [Listener at 0.0.0.0/14491] INFO  ha.SCMNodeInfo (SCMNodeInfo.java:getPort(197)) - ConfigKey ozone.scm.datanode.address is deprecated, For configuring different ports for each SCM use PortConfigKey ozone.scm.datanode.port appended with serviceId and nodeId
2021-09-22 10:24:00,526 [Listener at 0.0.0.0/14491] INFO  ha.SCMNodeInfo (SCMNodeInfo.java:getPort(197)) - ConfigKey ozone.scm.client.address is deprecated, For configuring different ports for each SCM use PortConfigKey ozone.scm.client.port appended with serviceId and nodeId
2021-09-22 10:24:00,526 [Listener at 0.0.0.0/14491] INFO  ha.SCMNodeInfo (SCMNodeInfo.java:getPort(197)) - ConfigKey ozone.scm.block.client.address is deprecated, For configuring different ports for each SCM use PortConfigKey ozone.scm.block.client.port appended with serviceId and nodeId
2021-09-22 10:24:00,526 [Listener at 0.0.0.0/14491] INFO  ha.SCMNodeInfo (SCMNodeInfo.java:getPort(197)) - ConfigKey ozone.scm.datanode.address is deprecated, For configuring different ports for each SCM use PortConfigKey ozone.scm.datanode.port appended with serviceId and nodeId
2021-09-22 10:24:00,526 [Listener at 0.0.0.0/14491] INFO  ha.SCMNodeInfo (SCMNodeInfo.java:getPort(197)) - ConfigKey ozone.scm.client.address is deprecated, For configuring different ports for each SCM use PortConfigKey ozone.scm.client.port appended with serviceId and nodeId
2021-09-22 10:24:00,526 [Listener at 0.0.0.0/14491] INFO  ha.SCMNodeInfo (SCMNodeInfo.java:getPort(197)) - ConfigKey ozone.scm.block.client.address is deprecated, For configuring different ports for each SCM use PortConfigKey ozone.scm.block.client.port appended with serviceId and nodeId
2021-09-22 10:24:00,527 [Listener at 0.0.0.0/14491] INFO  ha.SCMNodeInfo (SCMNodeInfo.java:getPort(197)) - ConfigKey ozone.scm.datanode.address is deprecated, For configuring different ports for each SCM use PortConfigKey ozone.scm.datanode.port appended with serviceId and nodeId
OM initialization succeeded.Current cluster id for sd=/home/runner/work/ozone/ozone/hadoop-ozone/integration-test/target/test-dir/MiniOzoneClusterImpl-37bb77ab-1cd7-4f0f-8c8b-61e82082808e/omNode-1/om;cid=37bb77ab-1cd7-4f0f-8c8b-61e82082808e;layoutVersion=0
2021-09-22 10:24:00,551 [Listener at 0.0.0.0/14491] INFO  ha.OMHANodeDetails (OMHANodeDetails.java:loadOMHAConfig(118)) - ServiceID for OzoneManager is om-service-test1
2021-09-22 10:24:00,552 [Listener at 0.0.0.0/14491] INFO  ha.OMHANodeDetails (OMHANodeDetails.java:loadOMHAConfig(194)) - Found matching OM address with OMServiceId: om-service-test1, OMNodeId: omNode-1, RPC Address: localhost:12164 and Ratis port: 12168
2021-09-22 10:24:00,552 [Listener at 0.0.0.0/14491] INFO  ha.OMHANodeDetails (ConfUtils.java:setNodeSpecificConfigs(108)) - Setting configuration key ozone.om.http-address with value of key ozone.om.http-address.om-service-test1.omNode-1: 127.0.0.1:12166
2021-09-22 10:24:00,552 [Listener at 0.0.0.0/14491] INFO  ha.OMHANodeDetails (ConfUtils.java:setNodeSpecificConfigs(108)) - Setting configuration key ozone.om.https-address with value of key ozone.om.https-address.om-service-test1.omNode-1: 127.0.0.1:12167
2021-09-22 10:24:00,552 [Listener at 0.0.0.0/14491] INFO  ha.OMHANodeDetails (ConfUtils.java:setNodeSpecificConfigs(108)) - Setting configuration key ozone.om.address with value of key ozone.om.address.om-service-test1.omNode-1: 127.0.0.1:12164
2021-09-22 10:24:00,552 [Listener at 0.0.0.0/14491] WARN  server.ServerUtils (ServerUtils.java:getDBPath(225)) - ozone.om.db.dirs is not configured. We recommend adding this setting. Falling back to ozone.metadata.dirs instead.
2021-09-22 10:24:00,553 [Listener at 0.0.0.0/14491] INFO  upgrade.AbstractLayoutVersionManager (AbstractLayoutVersionManager.java:init(79)) - Initializing Layout version manager with metadata layout = INITIAL_VERSION (version = 0), software layout = INITIAL_VERSION (version = 0)
2021-09-22 10:24:00,674 [Listener at 0.0.0.0/14491] INFO  reflections.Reflections (Reflections.java:scan(232)) - Reflections took 120 ms to scan 2 urls, producing 131 keys and 342 values [using 2 cores]
2021-09-22 10:24:00,674 [Listener at 0.0.0.0/14491] INFO  upgrade.OMLayoutVersionManager (OMLayoutVersionManager.java:lambda$0(115)) - Skipping Upgrade Action MockOmUpgradeAction since it has been finalized.
2021-09-22 10:24:00,675 [Listener at 0.0.0.0/14491] WARN  server.ServerUtils (ServerUtils.java:getDBPath(225)) - ozone.om.db.dirs is not configured. We recommend adding this setting. Falling back to ozone.metadata.dirs instead.
2021-09-22 10:24:00,675 [Listener at 0.0.0.0/14491] INFO  ha.SCMNodeInfo (SCMNodeInfo.java:getPort(197)) - ConfigKey ozone.scm.client.address is deprecated, For configuring different ports for each SCM use PortConfigKey ozone.scm.client.port appended with serviceId and nodeId
2021-09-22 10:24:00,675 [Listener at 0.0.0.0/14491] INFO  ha.SCMNodeInfo (SCMNodeInfo.java:getPort(197)) - ConfigKey ozone.scm.block.client.address is deprecated, For configuring different ports for each SCM use PortConfigKey ozone.scm.block.client.port appended with serviceId and nodeId
2021-09-22 10:24:00,675 [Listener at 0.0.0.0/14491] INFO  ha.SCMNodeInfo (SCMNodeInfo.java:getPort(197)) - ConfigKey ozone.scm.datanode.address is deprecated, For configuring different ports for each SCM use PortConfigKey ozone.scm.datanode.port appended with serviceId and nodeId
2021-09-22 10:24:00,676 [Listener at 0.0.0.0/14491] INFO  ha.SCMNodeInfo (SCMNodeInfo.java:getPort(197)) - ConfigKey ozone.scm.client.address is deprecated, For configuring different ports for each SCM use PortConfigKey ozone.scm.client.port appended with serviceId and nodeId
2021-09-22 10:24:00,676 [Listener at 0.0.0.0/14491] INFO  ha.SCMNodeInfo (SCMNodeInfo.java:getPort(197)) - ConfigKey ozone.scm.block.client.address is deprecated, For configuring different ports for each SCM use PortConfigKey ozone.scm.block.client.port appended with serviceId and nodeId
2021-09-22 10:24:00,676 [Listener at 0.0.0.0/14491] INFO  ha.SCMNodeInfo (SCMNodeInfo.java:getPort(197)) - ConfigKey ozone.scm.datanode.address is deprecated, For configuring different ports for each SCM use PortConfigKey ozone.scm.datanode.port appended with serviceId and nodeId
2021-09-22 10:24:00,676 [Listener at 0.0.0.0/14491] INFO  ha.SCMNodeInfo (SCMNodeInfo.java:getPort(197)) - ConfigKey ozone.scm.client.address is deprecated, For configuring different ports for each SCM use PortConfigKey ozone.scm.client.port appended with serviceId and nodeId
2021-09-22 10:24:00,676 [Listener at 0.0.0.0/14491] INFO  ha.SCMNodeInfo (SCMNodeInfo.java:getPort(197)) - ConfigKey ozone.scm.block.client.address is deprecated, For configuring different ports for each SCM use PortConfigKey ozone.scm.block.client.port appended with serviceId and nodeId
2021-09-22 10:24:00,676 [Listener at 0.0.0.0/14491] INFO  ha.SCMNodeInfo (SCMNodeInfo.java:getPort(197)) - ConfigKey ozone.scm.datanode.address is deprecated, For configuring different ports for each SCM use PortConfigKey ozone.scm.datanode.port appended with serviceId and nodeId
2021-09-22 10:24:00,677 [Listener at 0.0.0.0/14491] INFO  ha.SCMNodeInfo (SCMNodeInfo.java:getPort(197)) - ConfigKey ozone.scm.client.address is deprecated, For configuring different ports for each SCM use PortConfigKey ozone.scm.client.port appended with serviceId and nodeId
2021-09-22 10:24:00,677 [Listener at 0.0.0.0/14491] INFO  ha.SCMNodeInfo (SCMNodeInfo.java:getPort(197)) - ConfigKey ozone.scm.block.client.address is deprecated, For configuring different ports for each SCM use PortConfigKey ozone.scm.block.client.port appended with serviceId and nodeId
2021-09-22 10:24:00,677 [Listener at 0.0.0.0/14491] INFO  ha.SCMNodeInfo (SCMNodeInfo.java:getPort(197)) - ConfigKey ozone.scm.datanode.address is deprecated, For configuring different ports for each SCM use PortConfigKey ozone.scm.datanode.port appended with serviceId and nodeId
2021-09-22 10:24:00,677 [Listener at 0.0.0.0/14491] INFO  ha.SCMNodeInfo (SCMNodeInfo.java:getPort(197)) - ConfigKey ozone.scm.client.address is deprecated, For configuring different ports for each SCM use PortConfigKey ozone.scm.client.port appended with serviceId and nodeId
2021-09-22 10:24:00,677 [Listener at 0.0.0.0/14491] INFO  ha.SCMNodeInfo (SCMNodeInfo.java:getPort(197)) - ConfigKey ozone.scm.block.client.address is deprecated, For configuring different ports for each SCM use PortConfigKey ozone.scm.block.client.port appended with serviceId and nodeId
2021-09-22 10:24:00,678 [Listener at 0.0.0.0/14491] INFO  ha.SCMNodeInfo (SCMNodeInfo.java:getPort(197)) - ConfigKey ozone.scm.datanode.address is deprecated, For configuring different ports for each SCM use PortConfigKey ozone.scm.datanode.port appended with serviceId and nodeId
2021-09-22 10:24:00,678 [Listener at 0.0.0.0/14491] INFO  ha.SCMNodeInfo (SCMNodeInfo.java:getPort(197)) - ConfigKey ozone.scm.client.address is deprecated, For configuring different ports for each SCM use PortConfigKey ozone.scm.client.port appended with serviceId and nodeId
2021-09-22 10:24:00,678 [Listener at 0.0.0.0/14491] INFO  ha.SCMNodeInfo (SCMNodeInfo.java:getPort(197)) - ConfigKey ozone.scm.block.client.address is deprecated, For configuring different ports for each SCM use PortConfigKey ozone.scm.block.client.port appended with serviceId and nodeId
2021-09-22 10:24:00,678 [Listener at 0.0.0.0/14491] INFO  ha.SCMNodeInfo (SCMNodeInfo.java:getPort(197)) - ConfigKey ozone.scm.datanode.address is deprecated, For configuring different ports for each SCM use PortConfigKey ozone.scm.datanode.port appended with serviceId and nodeId
2021-09-22 10:24:00,686 [Listener at 0.0.0.0/14491] INFO  ha.SCMNodeInfo (SCMNodeInfo.java:getPort(197)) - ConfigKey ozone.scm.client.address is deprecated, For configuring different ports for each SCM use PortConfigKey ozone.scm.client.port appended with serviceId and nodeId
2021-09-22 10:24:00,686 [Listener at 0.0.0.0/14491] INFO  ha.SCMNodeInfo (SCMNodeInfo.java:getPort(197)) - ConfigKey ozone.scm.block.client.address is deprecated, For configuring different ports for each SCM use PortConfigKey ozone.scm.block.client.port appended with serviceId and nodeId
2021-09-22 10:24:00,686 [Listener at 0.0.0.0/14491] INFO  ha.SCMNodeInfo (SCMNodeInfo.java:getPort(197)) - ConfigKey ozone.scm.datanode.address is deprecated, For configuring different ports for each SCM use PortConfigKey ozone.scm.datanode.port appended with serviceId and nodeId
2021-09-22 10:24:00,687 [Listener at 0.0.0.0/14491] INFO  ha.SCMNodeInfo (SCMNodeInfo.java:getPort(197)) - ConfigKey ozone.scm.client.address is deprecated, For configuring different ports for each SCM use PortConfigKey ozone.scm.client.port appended with serviceId and nodeId
2021-09-22 10:24:00,687 [Listener at 0.0.0.0/14491] INFO  ha.SCMNodeInfo (SCMNodeInfo.java:getPort(197)) - ConfigKey ozone.scm.block.client.address is deprecated, For configuring different ports for each SCM use PortConfigKey ozone.scm.block.client.port appended with serviceId and nodeId
2021-09-22 10:24:00,687 [Listener at 0.0.0.0/14491] INFO  ha.SCMNodeInfo (SCMNodeInfo.java:getPort(197)) - ConfigKey ozone.scm.datanode.address is deprecated, For configuring different ports for each SCM use PortConfigKey ozone.scm.datanode.port appended with serviceId and nodeId
2021-09-22 10:24:00,687 [Listener at 0.0.0.0/14491] INFO  ha.SCMNodeInfo (SCMNodeInfo.java:getPort(197)) - ConfigKey ozone.scm.client.address is deprecated, For configuring different ports for each SCM use PortConfigKey ozone.scm.client.port appended with serviceId and nodeId
2021-09-22 10:24:00,687 [Listener at 0.0.0.0/14491] INFO  ha.SCMNodeInfo (SCMNodeInfo.java:getPort(197)) - ConfigKey ozone.scm.block.client.address is deprecated, For configuring different ports for each SCM use PortConfigKey ozone.scm.block.client.port appended with serviceId and nodeId
2021-09-22 10:24:00,687 [Listener at 0.0.0.0/14491] INFO  ha.SCMNodeInfo (SCMNodeInfo.java:getPort(197)) - ConfigKey ozone.scm.datanode.address is deprecated, For configuring different ports for each SCM use PortConfigKey ozone.scm.datanode.port appended with serviceId and nodeId
2021-09-22 10:24:00,701 [Listener at 0.0.0.0/14491] WARN  server.ServerUtils (ServerUtils.java:getDBPath(225)) - ozone.om.db.dirs is not configured. We recommend adding this setting. Falling back to ozone.metadata.dirs instead.
2021-09-22 10:24:00,703 [Listener at 0.0.0.0/14491] INFO  codec.OmKeyInfoCodec (OmKeyInfoCodec.java:<init>(51)) - OmKeyInfoCodec ignorePipeline = true
2021-09-22 10:24:00,703 [Listener at 0.0.0.0/14491] INFO  codec.RepeatedOmKeyInfoCodec (RepeatedOmKeyInfoCodec.java:<init>(42)) - RepeatedOmKeyInfoCodec ignorePipeline = true
2021-09-22 10:24:00,920 [Listener at 0.0.0.0/14491] INFO  om.OzoneManager (OzoneManager.java:addS3GVolumeToDB(4127)) - Created Volume s3v With Owner runner required for S3Gateway operations.
2021-09-22 10:24:00,920 [Listener at 0.0.0.0/14491] WARN  server.ServerUtils (ServerUtils.java:getDefaultRatisDirectory(237)) - Storage directory for Ratis is not configured. It is a good idea to map this to an SSD disk. Falling back to ozone.metadata.dirs
2021-09-22 10:24:00,920 [Listener at 0.0.0.0/14491] WARN  utils.OzoneManagerRatisUtils (OzoneManagerRatisUtils.java:getOMRatisSnapshotDirectory(391)) - ozone.om.ratis.snapshot.dir is not configured. Falling back to ozone.metadata.dirs config
2021-09-22 10:24:00,921 [Listener at 0.0.0.0/14491] WARN  impl.MetricRegistriesImpl (MetricRegistriesImpl.java:addReporterRegistration(111)) - New reporters are added after registries were created. Some metrics will be missing from the reporter. Please add reporter before adding any new registry.
2021-09-22 10:24:00,921 [Listener at 0.0.0.0/14491] WARN  impl.MetricRegistriesImpl (MetricRegistriesImpl.java:addReporterRegistration(111)) - New reporters are added after registries were created. Some metrics will be missing from the reporter. Please add reporter before adding any new registry.
2021-09-22 10:24:00,921 [Listener at 0.0.0.0/14491] WARN  server.ServerUtils (ServerUtils.java:getDefaultRatisDirectory(237)) - Storage directory for Ratis is not configured. It is a good idea to map this to an SSD disk. Falling back to ozone.metadata.dirs
2021-09-22 10:24:00,930 [Listener at 0.0.0.0/14491] INFO  ratis.OzoneManagerRatisServer (OzoneManagerRatisServer.java:<init>(158)) - Instantiating OM Ratis server with groupID: om-service-test1 and peers: localhost:12168
2021-09-22 10:24:00,930 [Listener at 0.0.0.0/14491] INFO  ratis.OzoneManagerStateMachine (OzoneManagerStateMachine.java:loadSnapshotInfoFromDB(605)) - LastAppliedIndex is set from TransactionInfo from OM DB as (t:0, i:~)
2021-09-22 10:24:00,931 [Listener at 0.0.0.0/14491] INFO  server.RaftServer (ConfUtils.java:logGet(44)) - raft.rpc.type = GRPC (default)
2021-09-22 10:24:00,931 [Listener at 0.0.0.0/14491] INFO  grpc.GrpcFactory (GrpcFactory.java:checkPooledByteBufAllocatorUseCacheForAllThreads(48)) - PERFORMANCE WARNING: useCacheForAllThreads is true that may cause Netty to create a lot garbage objects and, as a result, trigger GC.
	It is recommended to disable useCacheForAllThreads by setting -Dorg.apache.ratis.thirdparty.io.netty.allocator.useCacheForAllThreads=false in command line.
2021-09-22 10:24:00,931 [Listener at 0.0.0.0/14491] INFO  grpc.GrpcConfigKeys (ConfUtils.java:logGet(44)) - raft.grpc.admin.port = -1 (default)
2021-09-22 10:24:00,932 [Listener at 0.0.0.0/14491] INFO  grpc.GrpcConfigKeys (ConfUtils.java:logGet(44)) - raft.grpc.server.port = 12168 (custom)
2021-09-22 10:24:00,932 [Listener at 0.0.0.0/14491] INFO  grpc.GrpcConfigKeys (ConfUtils.java:logGet(44)) - raft.grpc.client.port = -1 (default)
2021-09-22 10:24:00,932 [Listener at 0.0.0.0/14491] INFO  grpc.GrpcConfigKeys (ConfUtils.java:logGet(44)) - raft.grpc.server.port = 12168 (custom)
2021-09-22 10:24:00,933 [Listener at 0.0.0.0/14491] INFO  grpc.GrpcConfigKeys (ConfUtils.java:logGet(44)) - raft.grpc.server.port = 12168 (custom)
2021-09-22 10:24:00,933 [Listener at 0.0.0.0/14491] INFO  server.GrpcService (ConfUtils.java:logGet(44)) - raft.grpc.message.size.max = 33554432 (custom)
2021-09-22 10:24:00,933 [Listener at 0.0.0.0/14491] INFO  server.RaftServerConfigKeys (ConfUtils.java:logGet(44)) - raft.server.log.appender.buffer.byte-limit = 33554432 (custom)
2021-09-22 10:24:00,933 [Listener at 0.0.0.0/14491] INFO  server.GrpcService (ConfUtils.java:logGet(44)) - raft.grpc.flow.control.window = 1MB (=1048576) (default)
2021-09-22 10:24:00,935 [Listener at 0.0.0.0/14491] INFO  server.RaftServerConfigKeys (ConfUtils.java:logGet(44)) - raft.server.rpc.request.timeout = 3000ms (default)
2021-09-22 10:24:00,936 [Listener at 0.0.0.0/14491] INFO  impl.DataStreamServerImpl (ConfUtils.java:logGet(44)) - raft.datastream.type = DISABLED (default)
2021-09-22 10:24:00,937 [Listener at 0.0.0.0/14491] INFO  server.RaftServerConfigKeys (ConfUtils.java:logGet(44)) - raft.server.rpc.slowness.timeout = 2s (custom)
2021-09-22 10:24:00,937 [Listener at 0.0.0.0/14491] INFO  server.RaftServerConfigKeys (ConfUtils.java:logGet(44)) - raft.server.leaderelection.leader.step-down.wait-time = 10s (default)
2021-09-22 10:24:00,937 [Listener at 0.0.0.0/14491] INFO  server.RaftServerConfigKeys (ConfUtils.java:logGet(44)) - raft.server.storage.dir = [/home/runner/work/ozone/ozone/hadoop-ozone/integration-test/target/test-dir/MiniOzoneClusterImpl-37bb77ab-1cd7-4f0f-8c8b-61e82082808e/omNode-1/ratis] (custom)
2021-09-22 10:24:00,945 [Listener at 0.0.0.0/14491] INFO  server.RaftServer (RaftServerProxy.java:addNew(95)) - omNode-1: addNew group-523986131536:[omNode-1|rpc:localhost:12168|priority:0] returns group-523986131536:java.util.concurrent.CompletableFuture@6aae4199[Not completed]
2021-09-22 10:24:00,945 [Listener at 0.0.0.0/14491] INFO  om.OzoneManager (OzoneManager.java:initializeRatisServer(1585)) - OzoneManager Ratis server initialized at port 12168
2021-09-22 10:24:00,946 [pool-252-thread-1] INFO  server.RaftServer$Division (RaftServerImpl.java:<init>(181)) - omNode-1: new RaftServerImpl for group-523986131536:[omNode-1|rpc:localhost:12168|priority:0] with OzoneManagerStateMachine:uninitialized
2021-09-22 10:24:00,947 [Listener at 0.0.0.0/14491] INFO  ipc.CallQueueManager (CallQueueManager.java:<init>(90)) - Using callQueue: class java.util.concurrent.LinkedBlockingQueue, queueCapacity: 2000, scheduler: class org.apache.hadoop.ipc.DefaultRpcScheduler, ipcBackoff: false.
2021-09-22 10:24:00,948 [Socket Reader #1 for port 12164] INFO  ipc.Server (Server.java:run(1265)) - Starting Socket Reader #1 for port 12164
2021-09-22 10:24:00,955 [EndpointStateMachine task thread for /127.0.0.1:14513 - 0 ] INFO  ipc.Client (Client.java:handleConnectionFailure(977)) - Retrying connect to server: localhost/127.0.0.1:14513. Already tried 0 time(s); retry policy is RetryUpToMaximumCountWithFixedSleep(maxRetries=15, sleepTime=1000 MILLISECONDS)
2021-09-22 10:24:00,965 [pool-252-thread-1] INFO  server.RaftServerConfigKeys (ConfUtils.java:logGet(44)) - raft.server.rpc.timeout.min = 1s (custom)
2021-09-22 10:24:00,966 [pool-252-thread-1] INFO  server.RaftServerConfigKeys (ConfUtils.java:logGet(44)) - raft.server.rpc.timeout.max = 1200ms (custom)
2021-09-22 10:24:00,966 [pool-252-thread-1] INFO  server.RaftServerConfigKeys (ConfUtils.java:logGet(44)) - raft.server.rpc.sleep.time = 25ms (default)
2021-09-22 10:24:00,966 [pool-252-thread-1] INFO  server.RaftServerConfigKeys (ConfUtils.java:logGet(44)) - raft.server.rpc.slowness.timeout = 2s (custom)
2021-09-22 10:24:00,966 [pool-252-thread-1] INFO  server.RaftServerConfigKeys (ConfUtils.java:logGet(44)) - raft.server.leaderelection.leader.step-down.wait-time = 10s (default)
2021-09-22 10:24:00,966 [pool-252-thread-1] INFO  server.RaftServerConfigKeys (ConfUtils.java:logGet(44)) - raft.server.sleep.deviation.threshold = 300ms (default)
2021-09-22 10:24:00,966 [pool-252-thread-1] INFO  server.RaftServerConfigKeys (ConfUtils.java:logGet(44)) - raft.server.log.appender.install.snapshot.enabled = false (custom)
2021-09-22 10:24:00,966 [pool-252-thread-1] INFO  server.RaftServer$Division (ServerState.java:<init>(105)) - omNode-1@group-523986131536: ConfigurationManager, init=-1: [omNode-1|rpc:localhost:12168|priority:0], old=null, confs=<EMPTY_MAP>
2021-09-22 10:24:00,966 [pool-252-thread-1] INFO  server.RaftServerConfigKeys (ConfUtils.java:logGet(44)) - raft.server.storage.dir = [/home/runner/work/ozone/ozone/hadoop-ozone/integration-test/target/test-dir/MiniOzoneClusterImpl-37bb77ab-1cd7-4f0f-8c8b-61e82082808e/omNode-1/ratis] (custom)
2021-09-22 10:24:00,966 [pool-252-thread-1] INFO  server.RaftServerConfigKeys (ConfUtils.java:logGet(44)) - raft.server.log.corruption.policy = EXCEPTION (default)
2021-09-22 10:24:00,966 [pool-252-thread-1] INFO  server.RaftServerConfigKeys (ConfUtils.java:logGet(44)) - raft.server.storage.free-space.min = 0MB (=0) (default)
2021-09-22 10:24:00,966 [pool-252-thread-1] INFO  storage.RaftStorageDirectory (RaftStorageDirectoryImpl.java:analyzeStorage(135)) - The storage directory /home/runner/work/ozone/ozone/hadoop-ozone/integration-test/target/test-dir/MiniOzoneClusterImpl-37bb77ab-1cd7-4f0f-8c8b-61e82082808e/omNode-1/ratis/c9bc4cf4-3bc3-3c60-a66b-523986131536 does not exist. Creating ...
2021-09-22 10:24:00,968 [pool-252-thread-1] INFO  storage.RaftStorageDirectory (RaftStorageDirectoryImpl.java:tryLock(230)) - Lock on /home/runner/work/ozone/ozone/hadoop-ozone/integration-test/target/test-dir/MiniOzoneClusterImpl-37bb77ab-1cd7-4f0f-8c8b-61e82082808e/omNode-1/ratis/c9bc4cf4-3bc3-3c60-a66b-523986131536/in_use.lock acquired by nodename 4533@fv-az122-726
2021-09-22 10:24:00,969 [pool-252-thread-1] INFO  storage.RaftStorage (RaftStorageImpl.java:format(89)) - Storage directory /home/runner/work/ozone/ozone/hadoop-ozone/integration-test/target/test-dir/MiniOzoneClusterImpl-37bb77ab-1cd7-4f0f-8c8b-61e82082808e/omNode-1/ratis/c9bc4cf4-3bc3-3c60-a66b-523986131536 has been successfully formatted.
2021-09-22 10:24:00,969 [pool-252-thread-1] INFO  server.RaftServerConfigKeys (ConfUtils.java:logGet(44)) - raft.server.notification.no-leader.timeout = 2s (custom)
2021-09-22 10:24:00,969 [pool-252-thread-1] INFO  server.RaftServerConfigKeys (ConfUtils.java:logGet(44)) - raft.server.log.use.memory = false (default)
2021-09-22 10:24:00,969 [pool-252-thread-1] INFO  server.RaftServerConfigKeys (ConfUtils.java:logGet(44)) - raft.server.log.purge.gap = 1000000 (custom)
2021-09-22 10:24:00,969 [pool-252-thread-1] INFO  server.RaftServerConfigKeys (ConfUtils.java:logGet(44)) - raft.server.log.appender.buffer.byte-limit = 33554432 (custom)
2021-09-22 10:24:00,969 [pool-252-thread-1] INFO  server.RaftServerConfigKeys (ConfUtils.java:logGet(44)) - raft.server.log.segment.size.max = 4194304 (custom)
2021-09-22 10:24:00,970 [pool-252-thread-1] INFO  server.RaftServerConfigKeys (ConfUtils.java:logGet(44)) - raft.server.log.segment.cache.num.max = 2 (custom)
2021-09-22 10:24:00,970 [pool-252-thread-1] INFO  server.RaftServerConfigKeys (ConfUtils.java:logGet(44)) - raft.server.log.segment.cache.size.max = 200MB (=209715200) (default)
2021-09-22 10:24:00,970 [pool-252-thread-1] INFO  segmented.SegmentedRaftLogWorker (SegmentedRaftLogWorker.java:<init>(182)) - new omNode-1@group-523986131536-SegmentedRaftLogWorker for RaftStorageImpl:Storage Directory /home/runner/work/ozone/ozone/hadoop-ozone/integration-test/target/test-dir/MiniOzoneClusterImpl-37bb77ab-1cd7-4f0f-8c8b-61e82082808e/omNode-1/ratis/c9bc4cf4-3bc3-3c60-a66b-523986131536
2021-09-22 10:24:00,970 [pool-252-thread-1] INFO  server.RaftServerConfigKeys (ConfUtils.java:logGet(44)) - raft.server.log.queue.byte-limit = 64MB (=67108864) (default)
2021-09-22 10:24:00,970 [pool-252-thread-1] INFO  server.RaftServerConfigKeys (ConfUtils.java:logGet(44)) - raft.server.log.queue.element-limit = 4096 (default)
2021-09-22 10:24:00,970 [pool-252-thread-1] INFO  server.RaftServerConfigKeys (ConfUtils.java:logGet(44)) - raft.server.log.segment.size.max = 4194304 (custom)
2021-09-22 10:24:00,970 [pool-252-thread-1] INFO  server.RaftServerConfigKeys (ConfUtils.java:logGet(44)) - raft.server.log.preallocated.size = 4194304 (custom)
2021-09-22 10:24:00,970 [pool-252-thread-1] INFO  server.RaftServerConfigKeys (ConfUtils.java:logGet(44)) - raft.server.log.force.sync.num = 128 (default)
2021-09-22 10:24:00,970 [pool-252-thread-1] INFO  server.RaftServerConfigKeys (ConfUtils.java:logGet(44)) - raft.server.log.statemachine.data.sync = true (default)
2021-09-22 10:24:00,971 [pool-252-thread-1] INFO  server.RaftServerConfigKeys (ConfUtils.java:logGet(44)) - raft.server.log.statemachine.data.sync.timeout = 10s (default)
2021-09-22 10:24:00,971 [pool-252-thread-1] INFO  server.RaftServerConfigKeys (ConfUtils.java:logGet(44)) - raft.server.log.statemachine.data.sync.timeout.retry = -1 (default)
2021-09-22 10:24:00,971 [pool-252-thread-1] INFO  server.RaftServerConfigKeys (ConfUtils.java:logGet(44)) - raft.server.log.write.buffer.size = 64KB (=65536) (default)
2021-09-22 10:24:00,972 [pool-252-thread-1] INFO  server.RaftServerConfigKeys (ConfUtils.java:logGet(44)) - raft.server.log.statemachine.data.caching.enabled = false (default)
2021-09-22 10:24:00,972 [pool-252-thread-1] INFO  segmented.SegmentedRaftLogWorker (SegmentedRaftLogWorker.java:lambda$new$0(133)) - omNode-1@group-523986131536-SegmentedRaftLogWorker: flushIndex: setUnconditionally 0 -> -1
2021-09-22 10:24:00,972 [pool-252-thread-1] INFO  segmented.SegmentedRaftLogWorker (SegmentedRaftLogWorker.java:lambda$new$0(133)) - omNode-1@group-523986131536-SegmentedRaftLogWorker: safeCacheEvictIndex: setUnconditionally 0 -> -1
2021-09-22 10:24:00,981 [pool-252-thread-1] INFO  server.RaftServerConfigKeys (ConfUtils.java:logGet(44)) - raft.server.snapshot.auto.trigger.enabled = true (custom)
2021-09-22 10:24:00,981 [pool-252-thread-1] INFO  server.RaftServerConfigKeys (ConfUtils.java:logGet(44)) - raft.server.snapshot.auto.trigger.threshold = 400000 (default)
2021-09-22 10:24:00,982 [pool-252-thread-1] INFO  server.RaftServerConfigKeys (ConfUtils.java:logGet(44)) - raft.server.snapshot.retention.file.num = -1 (default)
2021-09-22 10:24:00,982 [pool-252-thread-1] INFO  server.RaftServerConfigKeys (ConfUtils.java:logGet(44)) - raft.server.log.purge.upto.snapshot.index = true (custom)
2021-09-22 10:24:00,982 [pool-252-thread-1] INFO  server.RaftServerConfigKeys (ConfUtils.java:logGet(44)) - raft.server.retrycache.expirytime = 300s (custom)
2021-09-22 10:24:00,982 [pool-252-thread-1] INFO  server.RaftServerConfigKeys (ConfUtils.java:logGet(44)) - raft.server.retrycache.statistics.expirytime = 100μs (default)
2021-09-22 10:24:00,986 [Listener at 127.0.0.1/12164] INFO  om.OzoneManager (OzoneManager.java:initFSOLayout(4333)) - Configured ozone.om.metadata.layout=SIMPLE and disabled optimized OM FS operations
2021-09-22 10:24:00,994 [Listener at 127.0.0.1/12164] INFO  impl.MetricsSystemImpl (MetricsSystemImpl.java:init(158)) - OzoneManager metrics system started (again)
2021-09-22 10:24:01,019 [Listener at 127.0.0.1/12164] INFO  om.OzoneManager (OzoneManager.java:start(1281)) - OzoneManager RPC server is listening at localhost/127.0.0.1:12164
2021-09-22 10:24:01,023 [Listener at 127.0.0.1/12164] INFO  ratis.OzoneManagerRatisServer (OzoneManagerRatisServer.java:start(516)) - Starting OzoneManagerRatisServer omNode-1 at port 12168
2021-09-22 10:24:01,023 [Listener at 127.0.0.1/12164] INFO  server.RaftServer$Division (RaftServerImpl.java:start(296)) - omNode-1@group-523986131536: start as a follower, conf=-1: [omNode-1|rpc:localhost:12168|priority:0], old=null
2021-09-22 10:24:01,024 [Listener at 127.0.0.1/12164] INFO  server.RaftServer$Division (RaftServerImpl.java:setRole(285)) - omNode-1@group-523986131536: changes role from      null to FOLLOWER at term 0 for startAsFollower
2021-09-22 10:24:01,024 [Listener at 127.0.0.1/12164] INFO  impl.RoleInfo (RoleInfo.java:updateAndGet(130)) - omNode-1: start omNode-1@group-523986131536-FollowerState
2021-09-22 10:24:01,030 [Listener at 127.0.0.1/12164] INFO  util.JmxRegister (JmxRegister.java:tryRegister(44)) - Successfully registered JMX Bean with object name Ratis:service=RaftServer,group=group-523986131536,id=omNode-1
2021-09-22 10:24:01,034 [Listener at 127.0.0.1/12164] INFO  server.RaftServer (RaftServerProxy.java:lambda$start$5(374)) - omNode-1: start RPC server
2021-09-22 10:24:01,035 [Listener at 127.0.0.1/12164] INFO  server.GrpcService (GrpcService.java:startImpl(253)) - omNode-1: GrpcService started, listening on 12168
2021-09-22 10:24:01,036 [Listener at 127.0.0.1/12164] INFO  om.OzoneManager (OzoneManager.java:start(1299)) - Version File has different layout version (0) than OM DB (null). That is expected if this OM has never been finalized to a newer layout version.
2021-09-22 10:24:01,036 [org.apache.ratis.util.JvmPauseMonitor$$Lambda$499/1893987183@a200a54] INFO  util.JvmPauseMonitor (JvmPauseMonitor.java:run(103)) - JvmPauseMonitor-omNode-1: Started
2021-09-22 10:24:01,038 [Listener at 127.0.0.1/12164] INFO  http.BaseHttpServer (BaseHttpServer.java:newHttpServer2BuilderForOzone(209)) - Starting Web-server for ozoneManager at: http://0.0.0.0:12166
2021-09-22 10:24:01,038 [Listener at 127.0.0.1/12164] INFO  http.BaseHttpServer (BaseHttpServer.java:<init>(107)) - Hadoop Security Enabled: false Ozone Security Enabled: false Ozone HTTP Security Enabled: false 
2021-09-22 10:24:01,040 [Listener at 127.0.0.1/12164] INFO  server.AuthenticationFilter (AuthenticationFilter.java:constructSecretProvider(240)) - Unable to initialize FileSignerSecretProvider, falling back to use random secrets.
2021-09-22 10:24:01,041 [Listener at 127.0.0.1/12164] WARN  http.HttpRequestLog (HttpRequestLog.java:getRequestLog(103)) - Jetty request log can only be enabled using Log4j
2021-09-22 10:24:01,042 [Listener at 127.0.0.1/12164] INFO  http.HttpServer2 (HttpServer2.java:addGlobalFilter(1030)) - Added global filter 'safety' (class=org.apache.hadoop.hdds.server.http.HttpServer2$QuotingInputFilter)
2021-09-22 10:24:01,043 [Listener at 127.0.0.1/12164] INFO  http.HttpServer2 (HttpServer2.java:addFilter(1006)) - Added filter static_user_filter (class=org.apache.hadoop.http.lib.StaticUserWebFilter$StaticUserFilter) to context ozoneManager
2021-09-22 10:24:01,043 [Listener at 127.0.0.1/12164] INFO  http.HttpServer2 (HttpServer2.java:addFilter(1014)) - Added filter static_user_filter (class=org.apache.hadoop.http.lib.StaticUserWebFilter$StaticUserFilter) to context logs
2021-09-22 10:24:01,043 [Listener at 127.0.0.1/12164] INFO  http.HttpServer2 (HttpServer2.java:addFilter(1014)) - Added filter static_user_filter (class=org.apache.hadoop.http.lib.StaticUserWebFilter$StaticUserFilter) to context static
2021-09-22 10:24:01,046 [Listener at 127.0.0.1/12164] INFO  http.HttpServer2 (HttpServer2.java:bindListener(1249)) - Jetty bound to port 12166
2021-09-22 10:24:01,046 [Listener at 127.0.0.1/12164] INFO  server.Server (Server.java:doStart(375)) - jetty-9.4.43.v20210629; built: 2021-06-30T11:07:22.254Z; git: 526006ecfa3af7f1a27ef3a288e2bef7ea9dd7e8; jvm 1.8.0_292-b10
2021-09-22 10:24:01,048 [Listener at 127.0.0.1/12164] INFO  server.session (DefaultSessionIdManager.java:doStart(334)) - DefaultSessionIdManager workerName=node0
2021-09-22 10:24:01,048 [Listener at 127.0.0.1/12164] INFO  server.session (DefaultSessionIdManager.java:doStart(339)) - No SessionScavenger set, using defaults
2021-09-22 10:24:01,048 [Listener at 127.0.0.1/12164] INFO  server.session (HouseKeeper.java:startScavenging(132)) - node0 Scavenging every 660000ms
2021-09-22 10:24:01,049 [Listener at 127.0.0.1/12164] INFO  handler.ContextHandler (ContextHandler.java:doStart(915)) - Started o.e.j.s.ServletContextHandler@69530799{logs,/logs,file:///home/runner/work/ozone/ozone/hadoop-ozone/integration-test/target/log,AVAILABLE}
2021-09-22 10:24:01,049 [Listener at 127.0.0.1/12164] INFO  handler.ContextHandler (ContextHandler.java:doStart(915)) - Started o.e.j.s.ServletContextHandler@25e79799{static,/static,file:///home/runner/work/ozone/ozone/hadoop-ozone/integration-test/target/test-classes/webapps/static,AVAILABLE}
2021-09-22 10:24:01,053 [Listener at 127.0.0.1/12164] INFO  handler.ContextHandler (ContextHandler.java:doStart(915)) - Started o.e.j.w.WebAppContext@7c47f5b0{ozoneManager,/,file:///home/runner/work/ozone/ozone/hadoop-ozone/integration-test/target/test-classes/webapps/ozoneManager/,AVAILABLE}{file:/home/runner/work/ozone/ozone/hadoop-ozone/integration-test/target/test-classes/webapps/ozoneManager}
2021-09-22 10:24:01,064 [Listener at 127.0.0.1/12164] INFO  server.AbstractConnector (AbstractConnector.java:doStart(331)) - Started ServerConnector@57304755{HTTP/1.1, (http/1.1)}{0.0.0.0:12166}
2021-09-22 10:24:01,065 [Listener at 127.0.0.1/12164] INFO  server.Server (Server.java:doStart(415)) - Started @80776ms
2021-09-22 10:24:01,065 [Listener at 127.0.0.1/12164] WARN  impl.MetricsSystemImpl (MetricsSystemImpl.java:register(279)) - Sink prometheus already exists!
2021-09-22 10:24:01,066 [Listener at 127.0.0.1/12164] INFO  http.BaseHttpServer (BaseHttpServer.java:updateConnectorAddress(329)) - HTTP server of ozoneManager listening at http://0.0.0.0:12166
2021-09-22 10:24:01,073 [IPC Server Responder] INFO  ipc.Server (Server.java:run(1507)) - IPC Server Responder: starting
2021-09-22 10:24:01,093 [IPC Server listener on 12164] INFO  ipc.Server (Server.java:run(1344)) - IPC Server listener on 12164: starting
2021-09-22 10:24:01,098 [Listener at 127.0.0.1/12164] INFO  om.OzoneManager (OzoneManager.java:startTrashEmptier(1543)) - Trash Interval set to 0. Files deleted will not move to trash
2021-09-22 10:24:01,098 [Listener at 127.0.0.1/12164] INFO  ozone.MiniOzoneHAClusterImpl (MiniOzoneHAClusterImpl.java:createOMService(485)) - Started OzoneManager omNode-1 RPC server at localhost/127.0.0.1:12164
2021-09-22 10:24:01,100 [org.apache.hadoop.util.JvmPauseMonitor$Monitor@e447d2d] INFO  util.JvmPauseMonitor (JvmPauseMonitor.java:run(188)) - Starting JVM pause monitor
2021-09-22 10:24:01,122 [Listener at 127.0.0.1/12164] WARN  impl.MetricRegistriesImpl (MetricRegistriesImpl.java:addReporterRegistration(111)) - New reporters are added after registries were created. Some metrics will be missing from the reporter. Please add reporter before adding any new registry.
2021-09-22 10:24:01,122 [Listener at 127.0.0.1/12164] WARN  impl.MetricRegistriesImpl (MetricRegistriesImpl.java:addReporterRegistration(111)) - New reporters are added after registries were created. Some metrics will be missing from the reporter. Please add reporter before adding any new registry.
2021-09-22 10:24:01,122 [Listener at 127.0.0.1/12164] INFO  impl.MetricsSystemImpl (MetricsSystemImpl.java:init(158)) - HddsDatanode metrics system started (again)
2021-09-22 10:24:01,156 [Listener at 127.0.0.1/12164] INFO  ozone.HddsDatanodeService (HddsDatanodeService.java:start(234)) - HddsDatanodeService host:fv-az122-726.zf1tlrj3kn4expqppa1j4mpycf.xx.internal.cloudapp.net ip:10.1.0.46
2021-09-22 10:24:01,188 [Listener at 127.0.0.1/12164] INFO  upgrade.AbstractLayoutVersionManager (AbstractLayoutVersionManager.java:init(79)) - Initializing Layout version manager with metadata layout = SCM_HA (version = 2), software layout = SCM_HA (version = 2)
2021-09-22 10:24:01,205 [EndpointStateMachine task thread for /127.0.0.1:14493 - 0 ] INFO  ipc.Client (Client.java:handleConnectionFailure(977)) - Retrying connect to server: localhost/127.0.0.1:14493. Already tried 0 time(s); retry policy is RetryUpToMaximumCountWithFixedSleep(maxRetries=15, sleepTime=1000 MILLISECONDS)
2021-09-22 10:24:01,206 [EndpointStateMachine task thread for /127.0.0.1:14503 - 0 ] INFO  ipc.Client (Client.java:handleConnectionFailure(977)) - Retrying connect to server: localhost/127.0.0.1:14503. Already tried 14 time(s); retry policy is RetryUpToMaximumCountWithFixedSleep(maxRetries=15, sleepTime=1000 MILLISECONDS)
2021-09-22 10:24:01,249 [Listener at 127.0.0.1/12164] INFO  reflections.Reflections (Reflections.java:scan(232)) - Reflections took 58 ms to scan 7 urls, producing 119 keys and 275 values 
2021-09-22 10:24:01,251 [Listener at 127.0.0.1/12164] INFO  ha.SCMNodeInfo (SCMNodeInfo.java:getPort(197)) - ConfigKey ozone.scm.client.address is deprecated, For configuring different ports for each SCM use PortConfigKey ozone.scm.client.port appended with serviceId and nodeId
2021-09-22 10:24:01,251 [Listener at 127.0.0.1/12164] INFO  ha.SCMNodeInfo (SCMNodeInfo.java:getPort(197)) - ConfigKey ozone.scm.block.client.address is deprecated, For configuring different ports for each SCM use PortConfigKey ozone.scm.block.client.port appended with serviceId and nodeId
2021-09-22 10:24:01,253 [Listener at 127.0.0.1/12164] INFO  ha.SCMNodeInfo (SCMNodeInfo.java:getPort(197)) - ConfigKey ozone.scm.datanode.address is deprecated, For configuring different ports for each SCM use PortConfigKey ozone.scm.datanode.port appended with serviceId and nodeId
2021-09-22 10:24:01,254 [Listener at 127.0.0.1/12164] INFO  ha.SCMNodeInfo (SCMNodeInfo.java:getPort(197)) - ConfigKey ozone.scm.client.address is deprecated, For configuring different ports for each SCM use PortConfigKey ozone.scm.client.port appended with serviceId and nodeId
2021-09-22 10:24:01,254 [Listener at 127.0.0.1/12164] INFO  ha.SCMNodeInfo (SCMNodeInfo.java:getPort(197)) - ConfigKey ozone.scm.block.client.address is deprecated, For configuring different ports for each SCM use PortConfigKey ozone.scm.block.client.port appended with serviceId and nodeId
2021-09-22 10:24:01,254 [Listener at 127.0.0.1/12164] INFO  ha.SCMNodeInfo (SCMNodeInfo.java:getPort(197)) - ConfigKey ozone.scm.datanode.address is deprecated, For configuring different ports for each SCM use PortConfigKey ozone.scm.datanode.port appended with serviceId and nodeId
2021-09-22 10:24:01,254 [Listener at 127.0.0.1/12164] INFO  ha.SCMNodeInfo (SCMNodeInfo.java:getPort(197)) - ConfigKey ozone.scm.client.address is deprecated, For configuring different ports for each SCM use PortConfigKey ozone.scm.client.port appended with serviceId and nodeId
2021-09-22 10:24:01,254 [Listener at 127.0.0.1/12164] INFO  ha.SCMNodeInfo (SCMNodeInfo.java:getPort(197)) - ConfigKey ozone.scm.block.client.address is deprecated, For configuring different ports for each SCM use PortConfigKey ozone.scm.block.client.port appended with serviceId and nodeId
2021-09-22 10:24:01,255 [Listener at 127.0.0.1/12164] INFO  ha.SCMNodeInfo (SCMNodeInfo.java:getPort(197)) - ConfigKey ozone.scm.datanode.address is deprecated, For configuring different ports for each SCM use PortConfigKey ozone.scm.datanode.port appended with serviceId and nodeId
2021-09-22 10:24:01,257 [Listener at 127.0.0.1/12164] INFO  volume.HddsVolume (HddsVolume.java:<init>(120)) - Creating HddsVolume: /home/runner/work/ozone/ozone/hadoop-ozone/integration-test/target/test-dir/MiniOzoneClusterImpl-37bb77ab-1cd7-4f0f-8c8b-61e82082808e/datanode-0/data-0/containers/hdds of storage type : DISK capacity : 9223372036854775807
2021-09-22 10:24:01,257 [Listener at 127.0.0.1/12164] INFO  volume.MutableVolumeSet (MutableVolumeSet.java:initializeVolumeSet(168)) - Added Volume : /home/runner/work/ozone/ozone/hadoop-ozone/integration-test/target/test-dir/MiniOzoneClusterImpl-37bb77ab-1cd7-4f0f-8c8b-61e82082808e/datanode-0/data-0/containers/hdds to VolumeSet
2021-09-22 10:24:01,257 [Listener at 127.0.0.1/12164] INFO  volume.ThrottledAsyncChecker (ThrottledAsyncChecker.java:schedule(141)) - Scheduling a check for /home/runner/work/ozone/ozone/hadoop-ozone/integration-test/target/test-dir/MiniOzoneClusterImpl-37bb77ab-1cd7-4f0f-8c8b-61e82082808e/datanode-0/data-0/containers/hdds
2021-09-22 10:24:01,260 [Listener at 127.0.0.1/12164] INFO  volume.StorageVolumeChecker (StorageVolumeChecker.java:checkAllVolumes(202)) - Scheduled health check for volume /home/runner/work/ozone/ozone/hadoop-ozone/integration-test/target/test-dir/MiniOzoneClusterImpl-37bb77ab-1cd7-4f0f-8c8b-61e82082808e/datanode-0/data-0/containers/hdds
2021-09-22 10:24:01,275 [Listener at 127.0.0.1/12164] INFO  volume.MutableVolumeSet (MutableVolumeSet.java:initializeVolumeSet(168)) - Added Volume : /home/runner/work/ozone/ozone/hadoop-ozone/integration-test/target/test-dir/MiniOzoneClusterImpl-37bb77ab-1cd7-4f0f-8c8b-61e82082808e/datanode-0/data/ratis to VolumeSet
2021-09-22 10:24:01,276 [Listener at 127.0.0.1/12164] INFO  volume.ThrottledAsyncChecker (ThrottledAsyncChecker.java:schedule(141)) - Scheduling a check for /home/runner/work/ozone/ozone/hadoop-ozone/integration-test/target/test-dir/MiniOzoneClusterImpl-37bb77ab-1cd7-4f0f-8c8b-61e82082808e/datanode-0/data/ratis
2021-09-22 10:24:01,276 [Listener at 127.0.0.1/12164] INFO  volume.StorageVolumeChecker (StorageVolumeChecker.java:checkAllVolumes(202)) - Scheduled health check for volume /home/runner/work/ozone/ozone/hadoop-ozone/integration-test/target/test-dir/MiniOzoneClusterImpl-37bb77ab-1cd7-4f0f-8c8b-61e82082808e/datanode-0/data/ratis
2021-09-22 10:24:01,292 [Thread-1439] INFO  ozoneimpl.ContainerReader (ContainerReader.java:readVolume(172)) - Finish verifying containers on volume /home/runner/work/ozone/ozone/hadoop-ozone/integration-test/target/test-dir/MiniOzoneClusterImpl-37bb77ab-1cd7-4f0f-8c8b-61e82082808e/datanode-0/data-0/containers/hdds
2021-09-22 10:24:01,292 [Listener at 127.0.0.1/12164] INFO  ozoneimpl.OzoneContainer (OzoneContainer.java:buildContainerSet(236)) - Build ContainerSet costs 0s
2021-09-22 10:24:01,294 [Listener at 127.0.0.1/12164] INFO  server.RaftServer (ConfUtils.java:logGet(44)) - raft.rpc.type = GRPC (default)
2021-09-22 10:24:01,298 [Listener at 127.0.0.1/12164] INFO  grpc.GrpcFactory (GrpcFactory.java:checkPooledByteBufAllocatorUseCacheForAllThreads(48)) - PERFORMANCE WARNING: useCacheForAllThreads is true that may cause Netty to create a lot garbage objects and, as a result, trigger GC.
	It is recommended to disable useCacheForAllThreads by setting -Dorg.apache.ratis.thirdparty.io.netty.allocator.useCacheForAllThreads=false in command line.
2021-09-22 10:24:01,301 [Listener at 127.0.0.1/12164] INFO  grpc.GrpcConfigKeys (ConfUtils.java:logGet(44)) - raft.grpc.admin.port = 0 (custom)
2021-09-22 10:24:01,301 [Listener at 127.0.0.1/12164] INFO  grpc.GrpcConfigKeys (ConfUtils.java:logGet(44)) - raft.grpc.client.port = 0 (custom)
2021-09-22 10:24:01,301 [Listener at 127.0.0.1/12164] INFO  grpc.GrpcConfigKeys (ConfUtils.java:logGet(44)) - raft.grpc.server.port = 0 (default)
2021-09-22 10:24:01,302 [Listener at 127.0.0.1/12164] INFO  server.GrpcService (ConfUtils.java:logGet(44)) - raft.grpc.message.size.max = 32MB (=33554432) (custom)
2021-09-22 10:24:01,302 [Listener at 127.0.0.1/12164] INFO  server.RaftServerConfigKeys (ConfUtils.java:logGet(44)) - raft.server.log.appender.buffer.byte-limit = 33554432 (custom)
2021-09-22 10:24:01,302 [Listener at 127.0.0.1/12164] INFO  server.GrpcService (ConfUtils.java:logGet(44)) - raft.grpc.flow.control.window = 5MB (=5242880) (custom)
2021-09-22 10:24:01,303 [Listener at 127.0.0.1/12164] INFO  server.RaftServerConfigKeys (ConfUtils.java:logGet(44)) - raft.server.rpc.request.timeout = 60s (custom)
2021-09-22 10:24:01,304 [Listener at 127.0.0.1/12164] INFO  impl.DataStreamServerImpl (ConfUtils.java:logGet(44)) - raft.datastream.type = DISABLED (default)
2021-09-22 10:24:01,304 [Listener at 127.0.0.1/12164] INFO  server.RaftServerConfigKeys (ConfUtils.java:logGet(44)) - raft.server.rpc.slowness.timeout = 300s (custom)
2021-09-22 10:24:01,304 [Listener at 127.0.0.1/12164] INFO  server.RaftServerConfigKeys (ConfUtils.java:logGet(44)) - raft.server.leaderelection.leader.step-down.wait-time = 10s (default)
2021-09-22 10:24:01,305 [Listener at 127.0.0.1/12164] INFO  server.RaftServerConfigKeys (ConfUtils.java:logGet(44)) - raft.server.storage.dir = [/home/runner/work/ozone/ozone/hadoop-ozone/integration-test/target/test-dir/MiniOzoneClusterImpl-37bb77ab-1cd7-4f0f-8c8b-61e82082808e/datanode-0/data/ratis] (custom)
2021-09-22 10:24:01,308 [Listener at 127.0.0.1/12164] INFO  http.BaseHttpServer (BaseHttpServer.java:newHttpServer2BuilderForOzone(209)) - Starting Web-server for hddsDatanode at: http://0.0.0.0:0
2021-09-22 10:24:01,308 [Listener at 127.0.0.1/12164] INFO  http.BaseHttpServer (BaseHttpServer.java:<init>(107)) - Hadoop Security Enabled: false Ozone Security Enabled: false Ozone HTTP Security Enabled: false 
2021-09-22 10:24:01,310 [Listener at 127.0.0.1/12164] INFO  server.AuthenticationFilter (AuthenticationFilter.java:constructSecretProvider(240)) - Unable to initialize FileSignerSecretProvider, falling back to use random secrets.
2021-09-22 10:24:01,316 [Listener at 127.0.0.1/12164] WARN  http.HttpRequestLog (HttpRequestLog.java:getRequestLog(103)) - Jetty request log can only be enabled using Log4j
2021-09-22 10:24:01,316 [Listener at 127.0.0.1/12164] INFO  http.HttpServer2 (HttpServer2.java:addGlobalFilter(1030)) - Added global filter 'safety' (class=org.apache.hadoop.hdds.server.http.HttpServer2$QuotingInputFilter)
2021-09-22 10:24:01,319 [Listener at 127.0.0.1/12164] INFO  http.HttpServer2 (HttpServer2.java:addFilter(1006)) - Added filter static_user_filter (class=org.apache.hadoop.http.lib.StaticUserWebFilter$StaticUserFilter) to context hddsDatanode
2021-09-22 10:24:01,319 [Listener at 127.0.0.1/12164] INFO  http.HttpServer2 (HttpServer2.java:addFilter(1014)) - Added filter static_user_filter (class=org.apache.hadoop.http.lib.StaticUserWebFilter$StaticUserFilter) to context static
2021-09-22 10:24:01,319 [Listener at 127.0.0.1/12164] INFO  http.HttpServer2 (HttpServer2.java:addFilter(1014)) - Added filter static_user_filter (class=org.apache.hadoop.http.lib.StaticUserWebFilter$StaticUserFilter) to context logs
2021-09-22 10:24:01,325 [Listener at 127.0.0.1/12164] INFO  http.HttpServer2 (HttpServer2.java:bindListener(1249)) - Jetty bound to port 37003
2021-09-22 10:24:01,326 [Listener at 127.0.0.1/12164] INFO  server.Server (Server.java:doStart(375)) - jetty-9.4.43.v20210629; built: 2021-06-30T11:07:22.254Z; git: 526006ecfa3af7f1a27ef3a288e2bef7ea9dd7e8; jvm 1.8.0_292-b10
2021-09-22 10:24:01,339 [Listener at 127.0.0.1/12164] INFO  server.session (DefaultSessionIdManager.java:doStart(334)) - DefaultSessionIdManager workerName=node0
2021-09-22 10:24:01,339 [Listener at 127.0.0.1/12164] INFO  server.session (DefaultSessionIdManager.java:doStart(339)) - No SessionScavenger set, using defaults
2021-09-22 10:24:01,339 [Listener at 127.0.0.1/12164] INFO  server.session (HouseKeeper.java:startScavenging(132)) - node0 Scavenging every 600000ms
2021-09-22 10:24:01,340 [Listener at 127.0.0.1/12164] INFO  handler.ContextHandler (ContextHandler.java:doStart(915)) - Started o.e.j.s.ServletContextHandler@23c25d3f{logs,/logs,file:///home/runner/work/ozone/ozone/hadoop-ozone/integration-test/target/log,AVAILABLE}
2021-09-22 10:24:01,341 [Listener at 127.0.0.1/12164] INFO  handler.ContextHandler (ContextHandler.java:doStart(915)) - Started o.e.j.s.ServletContextHandler@12aba7cb{static,/static,jar:file:/home/runner/.m2/repository/org/apache/ozone/hdds-container-service/1.2.0-SNAPSHOT/hdds-container-service-1.2.0-SNAPSHOT.jar!/webapps/static,AVAILABLE}
2021-09-22 10:24:01,434 [Listener at 127.0.0.1/12164] INFO  handler.ContextHandler (ContextHandler.java:doStart(915)) - Started o.e.j.w.WebAppContext@c529ddd{hddsDatanode,/,file:///tmp/jetty-0_0_0_0-37003-hdds-container-service-1_2_0-SNAPSHOT_jar-_-any-2432945708375081521/webapp/,AVAILABLE}{jar:file:/home/runner/.m2/repository/org/apache/ozone/hdds-container-service/1.2.0-SNAPSHOT/hdds-container-service-1.2.0-SNAPSHOT.jar!/webapps/hddsDatanode}
2021-09-22 10:24:01,442 [Listener at 127.0.0.1/12164] INFO  server.AbstractConnector (AbstractConnector.java:doStart(331)) - Started ServerConnector@6694bf01{HTTP/1.1, (http/1.1)}{0.0.0.0:37003}
2021-09-22 10:24:01,442 [Listener at 127.0.0.1/12164] INFO  server.Server (Server.java:doStart(415)) - Started @81153ms
2021-09-22 10:24:01,442 [Listener at 127.0.0.1/12164] WARN  impl.MetricsSystemImpl (MetricsSystemImpl.java:register(279)) - Sink prometheus already exists!
2021-09-22 10:24:01,443 [Listener at 127.0.0.1/12164] INFO  http.BaseHttpServer (BaseHttpServer.java:updateConnectorAddress(329)) - HTTP server of hddsDatanode listening at http://0.0.0.0:37003
2021-09-22 10:24:01,447 [Listener at 127.0.0.1/12164] WARN  impl.MetricRegistriesImpl (MetricRegistriesImpl.java:addReporterRegistration(111)) - New reporters are added after registries were created. Some metrics will be missing from the reporter. Please add reporter before adding any new registry.
2021-09-22 10:24:01,447 [Listener at 127.0.0.1/12164] WARN  impl.MetricRegistriesImpl (MetricRegistriesImpl.java:addReporterRegistration(111)) - New reporters are added after registries were created. Some metrics will be missing from the reporter. Please add reporter before adding any new registry.
2021-09-22 10:24:01,447 [Datanode State Machine Thread - 0] INFO  statemachine.DatanodeStateMachine (DatanodeStateMachine.java:lambda$startDaemon$0(456)) - Ozone container server started.
2021-09-22 10:24:01,447 [Listener at 127.0.0.1/12164] INFO  impl.MetricsSystemImpl (MetricsSystemImpl.java:init(158)) - HddsDatanode metrics system started (again)
2021-09-22 10:24:01,474 [org.apache.hadoop.util.JvmPauseMonitor$Monitor@7636f08c] INFO  util.JvmPauseMonitor (JvmPauseMonitor.java:run(188)) - Starting JVM pause monitor
2021-09-22 10:24:01,485 [Datanode State Machine Task Thread - 0] INFO  ha.SCMNodeInfo (SCMNodeInfo.java:getPort(197)) - ConfigKey ozone.scm.client.address is deprecated, For configuring different ports for each SCM use PortConfigKey ozone.scm.client.port appended with serviceId and nodeId
2021-09-22 10:24:01,485 [Datanode State Machine Task Thread - 0] INFO  ha.SCMNodeInfo (SCMNodeInfo.java:getPort(197)) - ConfigKey ozone.scm.block.client.address is deprecated, For configuring different ports for each SCM use PortConfigKey ozone.scm.block.client.port appended with serviceId and nodeId
2021-09-22 10:24:01,485 [Datanode State Machine Task Thread - 0] INFO  ha.SCMNodeInfo (SCMNodeInfo.java:getPort(197)) - ConfigKey ozone.scm.datanode.address is deprecated, For configuring different ports for each SCM use PortConfigKey ozone.scm.datanode.port appended with serviceId and nodeId
2021-09-22 10:24:01,485 [Datanode State Machine Task Thread - 0] INFO  ha.SCMNodeInfo (SCMNodeInfo.java:getPort(197)) - ConfigKey ozone.scm.client.address is deprecated, For configuring different ports for each SCM use PortConfigKey ozone.scm.client.port appended with serviceId and nodeId
2021-09-22 10:24:01,485 [Datanode State Machine Task Thread - 0] INFO  ha.SCMNodeInfo (SCMNodeInfo.java:getPort(197)) - ConfigKey ozone.scm.block.client.address is deprecated, For configuring different ports for each SCM use PortConfigKey ozone.scm.block.client.port appended with serviceId and nodeId
2021-09-22 10:24:01,485 [Datanode State Machine Task Thread - 0] INFO  ha.SCMNodeInfo (SCMNodeInfo.java:getPort(197)) - ConfigKey ozone.scm.datanode.address is deprecated, For configuring different ports for each SCM use PortConfigKey ozone.scm.datanode.port appended with serviceId and nodeId
2021-09-22 10:24:01,485 [Datanode State Machine Task Thread - 0] INFO  ha.SCMNodeInfo (SCMNodeInfo.java:getPort(197)) - ConfigKey ozone.scm.client.address is deprecated, For configuring different ports for each SCM use PortConfigKey ozone.scm.client.port appended with serviceId and nodeId
2021-09-22 10:24:01,486 [Datanode State Machine Task Thread - 0] INFO  ha.SCMNodeInfo (SCMNodeInfo.java:getPort(197)) - ConfigKey ozone.scm.block.client.address is deprecated, For configuring different ports for each SCM use PortConfigKey ozone.scm.block.client.port appended with serviceId and nodeId
2021-09-22 10:24:01,486 [Datanode State Machine Task Thread - 0] INFO  ha.SCMNodeInfo (SCMNodeInfo.java:getPort(197)) - ConfigKey ozone.scm.datanode.address is deprecated, For configuring different ports for each SCM use PortConfigKey ozone.scm.datanode.port appended with serviceId and nodeId
2021-09-22 10:24:01,488 [Listener at 127.0.0.1/12164] INFO  ozone.HddsDatanodeService (HddsDatanodeService.java:start(234)) - HddsDatanodeService host:fv-az122-726.zf1tlrj3kn4expqppa1j4mpycf.xx.internal.cloudapp.net ip:10.1.0.46
2021-09-22 10:24:01,489 [Datanode State Machine Task Thread - 0] INFO  datanode.InitDatanodeState (InitDatanodeState.java:persistContainerDatanodeDetails(145)) - DatanodeDetails is persisted to /home/runner/work/ozone/ozone/hadoop-ozone/integration-test/target/test-dir/MiniOzoneClusterImpl-37bb77ab-1cd7-4f0f-8c8b-61e82082808e/datanode-0/meta/datanode.id
2021-09-22 10:24:01,527 [Listener at 127.0.0.1/12164] INFO  upgrade.AbstractLayoutVersionManager (AbstractLayoutVersionManager.java:init(79)) - Initializing Layout version manager with metadata layout = SCM_HA (version = 2), software layout = SCM_HA (version = 2)
2021-09-22 10:24:01,608 [Listener at 127.0.0.1/12164] INFO  reflections.Reflections (Reflections.java:scan(232)) - Reflections took 80 ms to scan 7 urls, producing 119 keys and 275 values 
2021-09-22 10:24:01,609 [Listener at 127.0.0.1/12164] INFO  ha.SCMNodeInfo (SCMNodeInfo.java:getPort(197)) - ConfigKey ozone.scm.client.address is deprecated, For configuring different ports for each SCM use PortConfigKey ozone.scm.client.port appended with serviceId and nodeId
2021-09-22 10:24:01,610 [Listener at 127.0.0.1/12164] INFO  ha.SCMNodeInfo (SCMNodeInfo.java:getPort(197)) - ConfigKey ozone.scm.block.client.address is deprecated, For configuring different ports for each SCM use PortConfigKey ozone.scm.block.client.port appended with serviceId and nodeId
2021-09-22 10:24:01,610 [Listener at 127.0.0.1/12164] INFO  ha.SCMNodeInfo (SCMNodeInfo.java:getPort(197)) - ConfigKey ozone.scm.datanode.address is deprecated, For configuring different ports for each SCM use PortConfigKey ozone.scm.datanode.port appended with serviceId and nodeId
2021-09-22 10:24:01,610 [Listener at 127.0.0.1/12164] INFO  ha.SCMNodeInfo (SCMNodeInfo.java:getPort(197)) - ConfigKey ozone.scm.client.address is deprecated, For configuring different ports for each SCM use PortConfigKey ozone.scm.client.port appended with serviceId and nodeId
2021-09-22 10:24:01,610 [Listener at 127.0.0.1/12164] INFO  ha.SCMNodeInfo (SCMNodeInfo.java:getPort(197)) - ConfigKey ozone.scm.block.client.address is deprecated, For configuring different ports for each SCM use PortConfigKey ozone.scm.block.client.port appended with serviceId and nodeId
2021-09-22 10:24:01,610 [Listener at 127.0.0.1/12164] INFO  ha.SCMNodeInfo (SCMNodeInfo.java:getPort(197)) - ConfigKey ozone.scm.datanode.address is deprecated, For configuring different ports for each SCM use PortConfigKey ozone.scm.datanode.port appended with serviceId and nodeId
2021-09-22 10:24:01,611 [Listener at 127.0.0.1/12164] INFO  ha.SCMNodeInfo (SCMNodeInfo.java:getPort(197)) - ConfigKey ozone.scm.client.address is deprecated, For configuring different ports for each SCM use PortConfigKey ozone.scm.client.port appended with serviceId and nodeId
2021-09-22 10:24:01,611 [Listener at 127.0.0.1/12164] INFO  ha.SCMNodeInfo (SCMNodeInfo.java:getPort(197)) - ConfigKey ozone.scm.block.client.address is deprecated, For configuring different ports for each SCM use PortConfigKey ozone.scm.block.client.port appended with serviceId and nodeId
2021-09-22 10:24:01,611 [Listener at 127.0.0.1/12164] INFO  ha.SCMNodeInfo (SCMNodeInfo.java:getPort(197)) - ConfigKey ozone.scm.datanode.address is deprecated, For configuring different ports for each SCM use PortConfigKey ozone.scm.datanode.port appended with serviceId and nodeId
2021-09-22 10:24:01,612 [Listener at 127.0.0.1/12164] INFO  volume.HddsVolume (HddsVolume.java:<init>(120)) - Creating HddsVolume: /home/runner/work/ozone/ozone/hadoop-ozone/integration-test/target/test-dir/MiniOzoneClusterImpl-37bb77ab-1cd7-4f0f-8c8b-61e82082808e/datanode-1/data-0/containers/hdds of storage type : DISK capacity : 9223372036854775807
2021-09-22 10:24:01,613 [Listener at 127.0.0.1/12164] INFO  volume.MutableVolumeSet (MutableVolumeSet.java:initializeVolumeSet(168)) - Added Volume : /home/runner/work/ozone/ozone/hadoop-ozone/integration-test/target/test-dir/MiniOzoneClusterImpl-37bb77ab-1cd7-4f0f-8c8b-61e82082808e/datanode-1/data-0/containers/hdds to VolumeSet
2021-09-22 10:24:01,613 [Listener at 127.0.0.1/12164] INFO  volume.ThrottledAsyncChecker (ThrottledAsyncChecker.java:schedule(141)) - Scheduling a check for /home/runner/work/ozone/ozone/hadoop-ozone/integration-test/target/test-dir/MiniOzoneClusterImpl-37bb77ab-1cd7-4f0f-8c8b-61e82082808e/datanode-1/data-0/containers/hdds
2021-09-22 10:24:01,621 [Listener at 127.0.0.1/12164] INFO  volume.StorageVolumeChecker (StorageVolumeChecker.java:checkAllVolumes(202)) - Scheduled health check for volume /home/runner/work/ozone/ozone/hadoop-ozone/integration-test/target/test-dir/MiniOzoneClusterImpl-37bb77ab-1cd7-4f0f-8c8b-61e82082808e/datanode-1/data-0/containers/hdds
2021-09-22 10:24:01,646 [Listener at 127.0.0.1/12164] INFO  volume.MutableVolumeSet (MutableVolumeSet.java:initializeVolumeSet(168)) - Added Volume : /home/runner/work/ozone/ozone/hadoop-ozone/integration-test/target/test-dir/MiniOzoneClusterImpl-37bb77ab-1cd7-4f0f-8c8b-61e82082808e/datanode-1/data/ratis to VolumeSet
2021-09-22 10:24:01,647 [Listener at 127.0.0.1/12164] INFO  volume.ThrottledAsyncChecker (ThrottledAsyncChecker.java:schedule(141)) - Scheduling a check for /home/runner/work/ozone/ozone/hadoop-ozone/integration-test/target/test-dir/MiniOzoneClusterImpl-37bb77ab-1cd7-4f0f-8c8b-61e82082808e/datanode-1/data/ratis
2021-09-22 10:24:01,647 [Listener at 127.0.0.1/12164] INFO  volume.StorageVolumeChecker (StorageVolumeChecker.java:checkAllVolumes(202)) - Scheduled health check for volume /home/runner/work/ozone/ozone/hadoop-ozone/integration-test/target/test-dir/MiniOzoneClusterImpl-37bb77ab-1cd7-4f0f-8c8b-61e82082808e/datanode-1/data/ratis
2021-09-22 10:24:01,701 [Thread-1451] INFO  ozoneimpl.ContainerReader (ContainerReader.java:readVolume(172)) - Finish verifying containers on volume /home/runner/work/ozone/ozone/hadoop-ozone/integration-test/target/test-dir/MiniOzoneClusterImpl-37bb77ab-1cd7-4f0f-8c8b-61e82082808e/datanode-1/data-0/containers/hdds
2021-09-22 10:24:01,704 [Listener at 127.0.0.1/12164] INFO  ozoneimpl.OzoneContainer (OzoneContainer.java:buildContainerSet(236)) - Build ContainerSet costs 0s
2021-09-22 10:24:01,706 [Listener at 127.0.0.1/12164] INFO  server.RaftServer (ConfUtils.java:logGet(44)) - raft.rpc.type = GRPC (default)
2021-09-22 10:24:01,706 [Listener at 127.0.0.1/12164] INFO  grpc.GrpcFactory (GrpcFactory.java:checkPooledByteBufAllocatorUseCacheForAllThreads(48)) - PERFORMANCE WARNING: useCacheForAllThreads is true that may cause Netty to create a lot garbage objects and, as a result, trigger GC.
	It is recommended to disable useCacheForAllThreads by setting -Dorg.apache.ratis.thirdparty.io.netty.allocator.useCacheForAllThreads=false in command line.
2021-09-22 10:24:01,707 [Listener at 127.0.0.1/12164] INFO  grpc.GrpcConfigKeys (ConfUtils.java:logGet(44)) - raft.grpc.admin.port = 0 (custom)
2021-09-22 10:24:01,707 [Listener at 127.0.0.1/12164] INFO  grpc.GrpcConfigKeys (ConfUtils.java:logGet(44)) - raft.grpc.client.port = 0 (custom)
2021-09-22 10:24:01,710 [Listener at 127.0.0.1/12164] INFO  grpc.GrpcConfigKeys (ConfUtils.java:logGet(44)) - raft.grpc.server.port = 0 (default)
2021-09-22 10:24:01,711 [Listener at 127.0.0.1/12164] INFO  server.GrpcService (ConfUtils.java:logGet(44)) - raft.grpc.message.size.max = 32MB (=33554432) (custom)
2021-09-22 10:24:01,711 [Listener at 127.0.0.1/12164] INFO  server.RaftServerConfigKeys (ConfUtils.java:logGet(44)) - raft.server.log.appender.buffer.byte-limit = 33554432 (custom)
2021-09-22 10:24:01,712 [Listener at 127.0.0.1/12164] INFO  server.GrpcService (ConfUtils.java:logGet(44)) - raft.grpc.flow.control.window = 5MB (=5242880) (custom)
2021-09-22 10:24:01,712 [Listener at 127.0.0.1/12164] INFO  server.RaftServerConfigKeys (ConfUtils.java:logGet(44)) - raft.server.rpc.request.timeout = 60s (custom)
2021-09-22 10:24:01,713 [Listener at 127.0.0.1/12164] INFO  impl.DataStreamServerImpl (ConfUtils.java:logGet(44)) - raft.datastream.type = DISABLED (default)
2021-09-22 10:24:01,714 [Listener at 127.0.0.1/12164] INFO  server.RaftServerConfigKeys (ConfUtils.java:logGet(44)) - raft.server.rpc.slowness.timeout = 300s (custom)
2021-09-22 10:24:01,714 [Listener at 127.0.0.1/12164] INFO  server.RaftServerConfigKeys (ConfUtils.java:logGet(44)) - raft.server.leaderelection.leader.step-down.wait-time = 10s (default)
2021-09-22 10:24:01,714 [Listener at 127.0.0.1/12164] INFO  server.RaftServerConfigKeys (ConfUtils.java:logGet(44)) - raft.server.storage.dir = [/home/runner/work/ozone/ozone/hadoop-ozone/integration-test/target/test-dir/MiniOzoneClusterImpl-37bb77ab-1cd7-4f0f-8c8b-61e82082808e/datanode-1/data/ratis] (custom)
2021-09-22 10:24:01,731 [Listener at 127.0.0.1/12164] INFO  http.BaseHttpServer (BaseHttpServer.java:newHttpServer2BuilderForOzone(209)) - Starting Web-server for hddsDatanode at: http://0.0.0.0:0
2021-09-22 10:24:01,732 [Listener at 127.0.0.1/12164] INFO  http.BaseHttpServer (BaseHttpServer.java:<init>(107)) - Hadoop Security Enabled: false Ozone Security Enabled: false Ozone HTTP Security Enabled: false 
2021-09-22 10:24:01,733 [Listener at 127.0.0.1/12164] INFO  server.AuthenticationFilter (AuthenticationFilter.java:constructSecretProvider(240)) - Unable to initialize FileSignerSecretProvider, falling back to use random secrets.
2021-09-22 10:24:01,738 [Listener at 127.0.0.1/12164] WARN  http.HttpRequestLog (HttpRequestLog.java:getRequestLog(103)) - Jetty request log can only be enabled using Log4j
2021-09-22 10:24:01,739 [Listener at 127.0.0.1/12164] INFO  http.HttpServer2 (HttpServer2.java:addGlobalFilter(1030)) - Added global filter 'safety' (class=org.apache.hadoop.hdds.server.http.HttpServer2$QuotingInputFilter)
2021-09-22 10:24:01,739 [Listener at 127.0.0.1/12164] INFO  http.HttpServer2 (HttpServer2.java:addFilter(1006)) - Added filter static_user_filter (class=org.apache.hadoop.http.lib.StaticUserWebFilter$StaticUserFilter) to context hddsDatanode
2021-09-22 10:24:01,740 [Listener at 127.0.0.1/12164] INFO  http.HttpServer2 (HttpServer2.java:addFilter(1014)) - Added filter static_user_filter (class=org.apache.hadoop.http.lib.StaticUserWebFilter$StaticUserFilter) to context static
2021-09-22 10:24:01,740 [Listener at 127.0.0.1/12164] INFO  http.HttpServer2 (HttpServer2.java:addFilter(1014)) - Added filter static_user_filter (class=org.apache.hadoop.http.lib.StaticUserWebFilter$StaticUserFilter) to context logs
2021-09-22 10:24:01,740 [Listener at 127.0.0.1/12164] INFO  http.HttpServer2 (HttpServer2.java:bindListener(1249)) - Jetty bound to port 36035
2021-09-22 10:24:01,740 [Listener at 127.0.0.1/12164] INFO  server.Server (Server.java:doStart(375)) - jetty-9.4.43.v20210629; built: 2021-06-30T11:07:22.254Z; git: 526006ecfa3af7f1a27ef3a288e2bef7ea9dd7e8; jvm 1.8.0_292-b10
2021-09-22 10:24:01,743 [Listener at 127.0.0.1/12164] INFO  server.session (DefaultSessionIdManager.java:doStart(334)) - DefaultSessionIdManager workerName=node0
2021-09-22 10:24:01,743 [Listener at 127.0.0.1/12164] INFO  server.session (DefaultSessionIdManager.java:doStart(339)) - No SessionScavenger set, using defaults
2021-09-22 10:24:01,743 [Listener at 127.0.0.1/12164] INFO  server.session (HouseKeeper.java:startScavenging(132)) - node0 Scavenging every 600000ms
2021-09-22 10:24:01,748 [Listener at 127.0.0.1/12164] INFO  handler.ContextHandler (ContextHandler.java:doStart(915)) - Started o.e.j.s.ServletContextHandler@60e2370e{logs,/logs,file:///home/runner/work/ozone/ozone/hadoop-ozone/integration-test/target/log,AVAILABLE}
2021-09-22 10:24:01,748 [Listener at 127.0.0.1/12164] INFO  handler.ContextHandler (ContextHandler.java:doStart(915)) - Started o.e.j.s.ServletContextHandler@189738f4{static,/static,jar:file:/home/runner/.m2/repository/org/apache/ozone/hdds-container-service/1.2.0-SNAPSHOT/hdds-container-service-1.2.0-SNAPSHOT.jar!/webapps/static,AVAILABLE}
2021-09-22 10:24:01,832 [Listener at 127.0.0.1/12164] INFO  handler.ContextHandler (ContextHandler.java:doStart(915)) - Started o.e.j.w.WebAppContext@350e34e7{hddsDatanode,/,file:///tmp/jetty-0_0_0_0-36035-hdds-container-service-1_2_0-SNAPSHOT_jar-_-any-5720579409548609821/webapp/,AVAILABLE}{jar:file:/home/runner/.m2/repository/org/apache/ozone/hdds-container-service/1.2.0-SNAPSHOT/hdds-container-service-1.2.0-SNAPSHOT.jar!/webapps/hddsDatanode}
2021-09-22 10:24:01,843 [Listener at 127.0.0.1/12164] INFO  server.AbstractConnector (AbstractConnector.java:doStart(331)) - Started ServerConnector@736d26f1{HTTP/1.1, (http/1.1)}{0.0.0.0:36035}
2021-09-22 10:24:01,844 [Listener at 127.0.0.1/12164] INFO  server.Server (Server.java:doStart(415)) - Started @81555ms
2021-09-22 10:24:01,845 [Listener at 127.0.0.1/12164] WARN  impl.MetricsSystemImpl (MetricsSystemImpl.java:register(279)) - Sink prometheus already exists!
2021-09-22 10:24:01,845 [Listener at 127.0.0.1/12164] INFO  http.BaseHttpServer (BaseHttpServer.java:updateConnectorAddress(329)) - HTTP server of hddsDatanode listening at http://0.0.0.0:36035
2021-09-22 10:24:01,850 [Listener at 127.0.0.1/12164] WARN  impl.MetricRegistriesImpl (MetricRegistriesImpl.java:addReporterRegistration(111)) - New reporters are added after registries were created. Some metrics will be missing from the reporter. Please add reporter before adding any new registry.
2021-09-22 10:24:01,850 [Listener at 127.0.0.1/12164] WARN  impl.MetricRegistriesImpl (MetricRegistriesImpl.java:addReporterRegistration(111)) - New reporters are added after registries were created. Some metrics will be missing from the reporter. Please add reporter before adding any new registry.
2021-09-22 10:24:01,851 [Listener at 127.0.0.1/12164] INFO  impl.MetricsSystemImpl (MetricsSystemImpl.java:init(158)) - HddsDatanode metrics system started (again)
2021-09-22 10:24:01,857 [Datanode State Machine Thread - 0] INFO  statemachine.DatanodeStateMachine (DatanodeStateMachine.java:lambda$startDaemon$0(456)) - Ozone container server started.
2021-09-22 10:24:01,875 [Listener at 127.0.0.1/12164] INFO  ozone.HddsDatanodeService (HddsDatanodeService.java:start(234)) - HddsDatanodeService host:fv-az122-726.zf1tlrj3kn4expqppa1j4mpycf.xx.internal.cloudapp.net ip:10.1.0.46
2021-09-22 10:24:01,882 [org.apache.hadoop.util.JvmPauseMonitor$Monitor@2731451a] INFO  util.JvmPauseMonitor (JvmPauseMonitor.java:run(188)) - Starting JVM pause monitor
2021-09-22 10:24:01,887 [Datanode State Machine Task Thread - 0] INFO  ha.SCMNodeInfo (SCMNodeInfo.java:getPort(197)) - ConfigKey ozone.scm.client.address is deprecated, For configuring different ports for each SCM use PortConfigKey ozone.scm.client.port appended with serviceId and nodeId
2021-09-22 10:24:01,887 [Datanode State Machine Task Thread - 0] INFO  ha.SCMNodeInfo (SCMNodeInfo.java:getPort(197)) - ConfigKey ozone.scm.block.client.address is deprecated, For configuring different ports for each SCM use PortConfigKey ozone.scm.block.client.port appended with serviceId and nodeId
2021-09-22 10:24:01,887 [Datanode State Machine Task Thread - 0] INFO  ha.SCMNodeInfo (SCMNodeInfo.java:getPort(197)) - ConfigKey ozone.scm.datanode.address is deprecated, For configuring different ports for each SCM use PortConfigKey ozone.scm.datanode.port appended with serviceId and nodeId
2021-09-22 10:24:01,887 [Datanode State Machine Task Thread - 0] INFO  ha.SCMNodeInfo (SCMNodeInfo.java:getPort(197)) - ConfigKey ozone.scm.client.address is deprecated, For configuring different ports for each SCM use PortConfigKey ozone.scm.client.port appended with serviceId and nodeId
2021-09-22 10:24:01,887 [Datanode State Machine Task Thread - 0] INFO  ha.SCMNodeInfo (SCMNodeInfo.java:getPort(197)) - ConfigKey ozone.scm.block.client.address is deprecated, For configuring different ports for each SCM use PortConfigKey ozone.scm.block.client.port appended with serviceId and nodeId
2021-09-22 10:24:01,887 [Datanode State Machine Task Thread - 0] INFO  ha.SCMNodeInfo (SCMNodeInfo.java:getPort(197)) - ConfigKey ozone.scm.datanode.address is deprecated, For configuring different ports for each SCM use PortConfigKey ozone.scm.datanode.port appended with serviceId and nodeId
2021-09-22 10:24:01,887 [Datanode State Machine Task Thread - 0] INFO  ha.SCMNodeInfo (SCMNodeInfo.java:getPort(197)) - ConfigKey ozone.scm.client.address is deprecated, For configuring different ports for each SCM use PortConfigKey ozone.scm.client.port appended with serviceId and nodeId
2021-09-22 10:24:01,887 [Datanode State Machine Task Thread - 0] INFO  ha.SCMNodeInfo (SCMNodeInfo.java:getPort(197)) - ConfigKey ozone.scm.block.client.address is deprecated, For configuring different ports for each SCM use PortConfigKey ozone.scm.block.client.port appended with serviceId and nodeId
2021-09-22 10:24:01,887 [Datanode State Machine Task Thread - 0] INFO  ha.SCMNodeInfo (SCMNodeInfo.java:getPort(197)) - ConfigKey ozone.scm.datanode.address is deprecated, For configuring different ports for each SCM use PortConfigKey ozone.scm.datanode.port appended with serviceId and nodeId
2021-09-22 10:24:01,907 [Datanode State Machine Task Thread - 0] INFO  datanode.InitDatanodeState (InitDatanodeState.java:persistContainerDatanodeDetails(145)) - DatanodeDetails is persisted to /home/runner/work/ozone/ozone/hadoop-ozone/integration-test/target/test-dir/MiniOzoneClusterImpl-37bb77ab-1cd7-4f0f-8c8b-61e82082808e/datanode-1/meta/datanode.id
2021-09-22 10:24:01,926 [Listener at 127.0.0.1/12164] INFO  upgrade.AbstractLayoutVersionManager (AbstractLayoutVersionManager.java:init(79)) - Initializing Layout version manager with metadata layout = SCM_HA (version = 2), software layout = SCM_HA (version = 2)
2021-09-22 10:24:01,956 [EndpointStateMachine task thread for /127.0.0.1:14513 - 0 ] INFO  ipc.Client (Client.java:handleConnectionFailure(977)) - Retrying connect to server: localhost/127.0.0.1:14513. Already tried 1 time(s); retry policy is RetryUpToMaximumCountWithFixedSleep(maxRetries=15, sleepTime=1000 MILLISECONDS)
2021-09-22 10:24:02,037 [Listener at 127.0.0.1/12164] INFO  reflections.Reflections (Reflections.java:scan(232)) - Reflections took 108 ms to scan 7 urls, producing 119 keys and 275 values 
2021-09-22 10:24:02,039 [Listener at 127.0.0.1/12164] INFO  ha.SCMNodeInfo (SCMNodeInfo.java:getPort(197)) - ConfigKey ozone.scm.client.address is deprecated, For configuring different ports for each SCM use PortConfigKey ozone.scm.client.port appended with serviceId and nodeId
2021-09-22 10:24:02,045 [Listener at 127.0.0.1/12164] INFO  ha.SCMNodeInfo (SCMNodeInfo.java:getPort(197)) - ConfigKey ozone.scm.block.client.address is deprecated, For configuring different ports for each SCM use PortConfigKey ozone.scm.block.client.port appended with serviceId and nodeId
2021-09-22 10:24:02,046 [Listener at 127.0.0.1/12164] INFO  ha.SCMNodeInfo (SCMNodeInfo.java:getPort(197)) - ConfigKey ozone.scm.datanode.address is deprecated, For configuring different ports for each SCM use PortConfigKey ozone.scm.datanode.port appended with serviceId and nodeId
2021-09-22 10:24:02,046 [Listener at 127.0.0.1/12164] INFO  ha.SCMNodeInfo (SCMNodeInfo.java:getPort(197)) - ConfigKey ozone.scm.client.address is deprecated, For configuring different ports for each SCM use PortConfigKey ozone.scm.client.port appended with serviceId and nodeId
2021-09-22 10:24:02,046 [Listener at 127.0.0.1/12164] INFO  ha.SCMNodeInfo (SCMNodeInfo.java:getPort(197)) - ConfigKey ozone.scm.block.client.address is deprecated, For configuring different ports for each SCM use PortConfigKey ozone.scm.block.client.port appended with serviceId and nodeId
2021-09-22 10:24:02,046 [Listener at 127.0.0.1/12164] INFO  ha.SCMNodeInfo (SCMNodeInfo.java:getPort(197)) - ConfigKey ozone.scm.datanode.address is deprecated, For configuring different ports for each SCM use PortConfigKey ozone.scm.datanode.port appended with serviceId and nodeId
2021-09-22 10:24:02,046 [Listener at 127.0.0.1/12164] INFO  ha.SCMNodeInfo (SCMNodeInfo.java:getPort(197)) - ConfigKey ozone.scm.client.address is deprecated, For configuring different ports for each SCM use PortConfigKey ozone.scm.client.port appended with serviceId and nodeId
2021-09-22 10:24:02,053 [Listener at 127.0.0.1/12164] INFO  ha.SCMNodeInfo (SCMNodeInfo.java:getPort(197)) - ConfigKey ozone.scm.block.client.address is deprecated, For configuring different ports for each SCM use PortConfigKey ozone.scm.block.client.port appended with serviceId and nodeId
2021-09-22 10:24:02,053 [Listener at 127.0.0.1/12164] INFO  ha.SCMNodeInfo (SCMNodeInfo.java:getPort(197)) - ConfigKey ozone.scm.datanode.address is deprecated, For configuring different ports for each SCM use PortConfigKey ozone.scm.datanode.port appended with serviceId and nodeId
2021-09-22 10:24:02,062 [Listener at 127.0.0.1/12164] INFO  volume.HddsVolume (HddsVolume.java:<init>(120)) - Creating HddsVolume: /home/runner/work/ozone/ozone/hadoop-ozone/integration-test/target/test-dir/MiniOzoneClusterImpl-37bb77ab-1cd7-4f0f-8c8b-61e82082808e/datanode-2/data-0/containers/hdds of storage type : DISK capacity : 9223372036854775807
2021-09-22 10:24:02,063 [Listener at 127.0.0.1/12164] INFO  volume.MutableVolumeSet (MutableVolumeSet.java:initializeVolumeSet(168)) - Added Volume : /home/runner/work/ozone/ozone/hadoop-ozone/integration-test/target/test-dir/MiniOzoneClusterImpl-37bb77ab-1cd7-4f0f-8c8b-61e82082808e/datanode-2/data-0/containers/hdds to VolumeSet
2021-09-22 10:24:02,063 [Listener at 127.0.0.1/12164] INFO  volume.ThrottledAsyncChecker (ThrottledAsyncChecker.java:schedule(141)) - Scheduling a check for /home/runner/work/ozone/ozone/hadoop-ozone/integration-test/target/test-dir/MiniOzoneClusterImpl-37bb77ab-1cd7-4f0f-8c8b-61e82082808e/datanode-2/data-0/containers/hdds
2021-09-22 10:24:02,079 [Listener at 127.0.0.1/12164] INFO  volume.StorageVolumeChecker (StorageVolumeChecker.java:checkAllVolumes(202)) - Scheduled health check for volume /home/runner/work/ozone/ozone/hadoop-ozone/integration-test/target/test-dir/MiniOzoneClusterImpl-37bb77ab-1cd7-4f0f-8c8b-61e82082808e/datanode-2/data-0/containers/hdds
2021-09-22 10:24:02,104 [Listener at 127.0.0.1/12164] INFO  volume.MutableVolumeSet (MutableVolumeSet.java:initializeVolumeSet(168)) - Added Volume : /home/runner/work/ozone/ozone/hadoop-ozone/integration-test/target/test-dir/MiniOzoneClusterImpl-37bb77ab-1cd7-4f0f-8c8b-61e82082808e/datanode-2/data/ratis to VolumeSet
2021-09-22 10:24:02,105 [Listener at 127.0.0.1/12164] INFO  volume.ThrottledAsyncChecker (ThrottledAsyncChecker.java:schedule(141)) - Scheduling a check for /home/runner/work/ozone/ozone/hadoop-ozone/integration-test/target/test-dir/MiniOzoneClusterImpl-37bb77ab-1cd7-4f0f-8c8b-61e82082808e/datanode-2/data/ratis
2021-09-22 10:24:02,105 [Listener at 127.0.0.1/12164] INFO  volume.StorageVolumeChecker (StorageVolumeChecker.java:checkAllVolumes(202)) - Scheduled health check for volume /home/runner/work/ozone/ozone/hadoop-ozone/integration-test/target/test-dir/MiniOzoneClusterImpl-37bb77ab-1cd7-4f0f-8c8b-61e82082808e/datanode-2/data/ratis
2021-09-22 10:24:02,128 [Thread-1463] INFO  ozoneimpl.ContainerReader (ContainerReader.java:readVolume(172)) - Finish verifying containers on volume /home/runner/work/ozone/ozone/hadoop-ozone/integration-test/target/test-dir/MiniOzoneClusterImpl-37bb77ab-1cd7-4f0f-8c8b-61e82082808e/datanode-2/data-0/containers/hdds
2021-09-22 10:24:02,128 [Listener at 127.0.0.1/12164] INFO  ozoneimpl.OzoneContainer (OzoneContainer.java:buildContainerSet(236)) - Build ContainerSet costs 0s
2021-09-22 10:24:02,137 [Listener at 127.0.0.1/12164] INFO  server.RaftServer (ConfUtils.java:logGet(44)) - raft.rpc.type = GRPC (default)
2021-09-22 10:24:02,138 [Listener at 127.0.0.1/12164] INFO  grpc.GrpcFactory (GrpcFactory.java:checkPooledByteBufAllocatorUseCacheForAllThreads(48)) - PERFORMANCE WARNING: useCacheForAllThreads is true that may cause Netty to create a lot garbage objects and, as a result, trigger GC.
	It is recommended to disable useCacheForAllThreads by setting -Dorg.apache.ratis.thirdparty.io.netty.allocator.useCacheForAllThreads=false in command line.
2021-09-22 10:24:02,138 [Listener at 127.0.0.1/12164] INFO  grpc.GrpcConfigKeys (ConfUtils.java:logGet(44)) - raft.grpc.admin.port = 0 (custom)
2021-09-22 10:24:02,140 [Listener at 127.0.0.1/12164] INFO  grpc.GrpcConfigKeys (ConfUtils.java:logGet(44)) - raft.grpc.client.port = 0 (custom)
2021-09-22 10:24:02,141 [Listener at 127.0.0.1/12164] INFO  grpc.GrpcConfigKeys (ConfUtils.java:logGet(44)) - raft.grpc.server.port = 0 (default)
2021-09-22 10:24:02,141 [Listener at 127.0.0.1/12164] INFO  server.GrpcService (ConfUtils.java:logGet(44)) - raft.grpc.message.size.max = 32MB (=33554432) (custom)
2021-09-22 10:24:02,141 [Listener at 127.0.0.1/12164] INFO  server.RaftServerConfigKeys (ConfUtils.java:logGet(44)) - raft.server.log.appender.buffer.byte-limit = 33554432 (custom)
2021-09-22 10:24:02,141 [Listener at 127.0.0.1/12164] INFO  server.GrpcService (ConfUtils.java:logGet(44)) - raft.grpc.flow.control.window = 5MB (=5242880) (custom)
2021-09-22 10:24:02,142 [Listener at 127.0.0.1/12164] INFO  server.RaftServerConfigKeys (ConfUtils.java:logGet(44)) - raft.server.rpc.request.timeout = 60s (custom)
2021-09-22 10:24:02,143 [Listener at 127.0.0.1/12164] INFO  impl.DataStreamServerImpl (ConfUtils.java:logGet(44)) - raft.datastream.type = DISABLED (default)
2021-09-22 10:24:02,146 [Listener at 127.0.0.1/12164] INFO  server.RaftServerConfigKeys (ConfUtils.java:logGet(44)) - raft.server.rpc.slowness.timeout = 300s (custom)
2021-09-22 10:24:02,146 [Listener at 127.0.0.1/12164] INFO  server.RaftServerConfigKeys (ConfUtils.java:logGet(44)) - raft.server.leaderelection.leader.step-down.wait-time = 10s (default)
2021-09-22 10:24:02,147 [Listener at 127.0.0.1/12164] INFO  server.RaftServerConfigKeys (ConfUtils.java:logGet(44)) - raft.server.storage.dir = [/home/runner/work/ozone/ozone/hadoop-ozone/integration-test/target/test-dir/MiniOzoneClusterImpl-37bb77ab-1cd7-4f0f-8c8b-61e82082808e/datanode-2/data/ratis] (custom)
2021-09-22 10:24:02,153 [Listener at 127.0.0.1/12164] INFO  http.BaseHttpServer (BaseHttpServer.java:newHttpServer2BuilderForOzone(209)) - Starting Web-server for hddsDatanode at: http://0.0.0.0:0
2021-09-22 10:24:02,153 [Listener at 127.0.0.1/12164] INFO  http.BaseHttpServer (BaseHttpServer.java:<init>(107)) - Hadoop Security Enabled: false Ozone Security Enabled: false Ozone HTTP Security Enabled: false 
2021-09-22 10:24:02,155 [Listener at 127.0.0.1/12164] INFO  server.AuthenticationFilter (AuthenticationFilter.java:constructSecretProvider(240)) - Unable to initialize FileSignerSecretProvider, falling back to use random secrets.
2021-09-22 10:24:02,169 [Listener at 127.0.0.1/12164] WARN  http.HttpRequestLog (HttpRequestLog.java:getRequestLog(103)) - Jetty request log can only be enabled using Log4j
2021-09-22 10:24:02,170 [Listener at 127.0.0.1/12164] INFO  http.HttpServer2 (HttpServer2.java:addGlobalFilter(1030)) - Added global filter 'safety' (class=org.apache.hadoop.hdds.server.http.HttpServer2$QuotingInputFilter)
2021-09-22 10:24:02,170 [Listener at 127.0.0.1/12164] INFO  http.HttpServer2 (HttpServer2.java:addFilter(1006)) - Added filter static_user_filter (class=org.apache.hadoop.http.lib.StaticUserWebFilter$StaticUserFilter) to context hddsDatanode
2021-09-22 10:24:02,171 [Listener at 127.0.0.1/12164] INFO  http.HttpServer2 (HttpServer2.java:addFilter(1014)) - Added filter static_user_filter (class=org.apache.hadoop.http.lib.StaticUserWebFilter$StaticUserFilter) to context logs
2021-09-22 10:24:02,171 [Listener at 127.0.0.1/12164] INFO  http.HttpServer2 (HttpServer2.java:addFilter(1014)) - Added filter static_user_filter (class=org.apache.hadoop.http.lib.StaticUserWebFilter$StaticUserFilter) to context static
2021-09-22 10:24:02,171 [Listener at 127.0.0.1/12164] INFO  http.HttpServer2 (HttpServer2.java:bindListener(1249)) - Jetty bound to port 41613
2021-09-22 10:24:02,172 [Listener at 127.0.0.1/12164] INFO  server.Server (Server.java:doStart(375)) - jetty-9.4.43.v20210629; built: 2021-06-30T11:07:22.254Z; git: 526006ecfa3af7f1a27ef3a288e2bef7ea9dd7e8; jvm 1.8.0_292-b10
2021-09-22 10:24:02,193 [omNode-1@group-523986131536-FollowerState] INFO  impl.FollowerState (FollowerState.java:run(134)) - omNode-1@group-523986131536-FollowerState: change to CANDIDATE, lastRpcElapsedTime:1168835255ns, electionTimeout:1163ms
2021-09-22 10:24:02,193 [omNode-1@group-523986131536-FollowerState] INFO  impl.RoleInfo (RoleInfo.java:shutdownFollowerState(108)) - omNode-1: shutdown omNode-1@group-523986131536-FollowerState
2021-09-22 10:24:02,193 [omNode-1@group-523986131536-FollowerState] INFO  server.RaftServer$Division (RaftServerImpl.java:setRole(285)) - omNode-1@group-523986131536: changes role from  FOLLOWER to CANDIDATE at term 0 for changeToCandidate
2021-09-22 10:24:02,206 [EndpointStateMachine task thread for /127.0.0.1:14493 - 0 ] INFO  ipc.Client (Client.java:handleConnectionFailure(977)) - Retrying connect to server: localhost/127.0.0.1:14493. Already tried 1 time(s); retry policy is RetryUpToMaximumCountWithFixedSleep(maxRetries=15, sleepTime=1000 MILLISECONDS)
2021-09-22 10:24:02,207 [EndpointStateMachine task thread for /127.0.0.1:14503 - 0 ] INFO  ipc.Client (Client.java:handleConnectionFailure(977)) - Retrying connect to server: localhost/127.0.0.1:14503. Already tried 0 time(s); retry policy is RetryUpToMaximumCountWithFixedSleep(maxRetries=15, sleepTime=1000 MILLISECONDS)
2021-09-22 10:24:02,215 [Listener at 127.0.0.1/12164] INFO  server.session (DefaultSessionIdManager.java:doStart(334)) - DefaultSessionIdManager workerName=node0
2021-09-22 10:24:02,215 [Listener at 127.0.0.1/12164] INFO  server.session (DefaultSessionIdManager.java:doStart(339)) - No SessionScavenger set, using defaults
2021-09-22 10:24:02,215 [Listener at 127.0.0.1/12164] INFO  server.session (HouseKeeper.java:startScavenging(132)) - node0 Scavenging every 600000ms
2021-09-22 10:24:02,216 [Listener at 127.0.0.1/12164] INFO  handler.ContextHandler (ContextHandler.java:doStart(915)) - Started o.e.j.s.ServletContextHandler@6f136d41{logs,/logs,file:///home/runner/work/ozone/ozone/hadoop-ozone/integration-test/target/log,AVAILABLE}
2021-09-22 10:24:02,216 [Listener at 127.0.0.1/12164] INFO  handler.ContextHandler (ContextHandler.java:doStart(915)) - Started o.e.j.s.ServletContextHandler@4cd29de4{static,/static,jar:file:/home/runner/.m2/repository/org/apache/ozone/hdds-container-service/1.2.0-SNAPSHOT/hdds-container-service-1.2.0-SNAPSHOT.jar!/webapps/static,AVAILABLE}
2021-09-22 10:24:02,217 [omNode-1@group-523986131536-FollowerState] INFO  server.RaftServerConfigKeys (ConfUtils.java:logGet(44)) - raft.server.leaderelection.pre-vote = false (custom)
2021-09-22 10:24:02,217 [omNode-1@group-523986131536-FollowerState] INFO  impl.RoleInfo (RoleInfo.java:updateAndGet(130)) - omNode-1: start omNode-1@group-523986131536-LeaderElection15
2021-09-22 10:24:02,263 [omNode-1@group-523986131536-LeaderElection15] INFO  impl.LeaderElection (LeaderElection.java:askForVotes(306)) - omNode-1@group-523986131536-LeaderElection15 ELECTION round 0: submit vote requests at term 1 for -1: [omNode-1|rpc:localhost:12168|priority:0], old=null
2021-09-22 10:24:02,263 [omNode-1@group-523986131536-LeaderElection15] INFO  impl.LeaderElection (LeaderElection.java:askForVotes(308)) - omNode-1@group-523986131536-LeaderElection15 ELECTION round 0: result PASSED (term=1)
2021-09-22 10:24:02,263 [omNode-1@group-523986131536-LeaderElection15] INFO  impl.RoleInfo (RoleInfo.java:shutdownLeaderElection(121)) - omNode-1: shutdown omNode-1@group-523986131536-LeaderElection15
2021-09-22 10:24:02,263 [omNode-1@group-523986131536-LeaderElection15] INFO  server.RaftServer$Division (RaftServerImpl.java:setRole(285)) - omNode-1@group-523986131536: changes role from CANDIDATE to LEADER at term 1 for changeToLeader
2021-09-22 10:24:02,263 [omNode-1@group-523986131536-LeaderElection15] INFO  server.RaftServer$Division (ServerState.java:setLeader(285)) - omNode-1@group-523986131536: change Leader from null to omNode-1 at term 1 for becomeLeader, leader elected after 1294ms
2021-09-22 10:24:02,263 [omNode-1@group-523986131536-LeaderElection15] INFO  server.RaftServerConfigKeys (ConfUtils.java:logGet(44)) - raft.server.staging.catchup.gap = 1000 (default)
2021-09-22 10:24:02,264 [omNode-1@group-523986131536-LeaderElection15] INFO  server.RaftServerConfigKeys (ConfUtils.java:logGet(44)) - raft.server.write.element-limit = 4096 (default)
2021-09-22 10:24:02,264 [omNode-1@group-523986131536-LeaderElection15] INFO  server.RaftServerConfigKeys (ConfUtils.java:logGet(44)) - raft.server.write.byte-limit = 64MB (=67108864) (default)
2021-09-22 10:24:02,264 [omNode-1@group-523986131536-LeaderElection15] INFO  server.RaftServerConfigKeys (ConfUtils.java:logGet(44)) - raft.server.watch.timeout = 10s (default)
2021-09-22 10:24:02,264 [omNode-1@group-523986131536-LeaderElection15] INFO  server.RaftServerConfigKeys (ConfUtils.java:logGet(44)) - raft.server.watch.timeout.denomination = 1s (default)
2021-09-22 10:24:02,265 [omNode-1@group-523986131536-LeaderElection15] INFO  server.RaftServerConfigKeys (ConfUtils.java:logGet(44)) - raft.server.watch.element-limit = 65536 (default)
2021-09-22 10:24:02,265 [omNode-1@group-523986131536-LeaderElection15] INFO  impl.RoleInfo (RoleInfo.java:updateAndGet(130)) - omNode-1: start omNode-1@group-523986131536-LeaderStateImpl
2021-09-22 10:24:02,265 [omNode-1@group-523986131536-LeaderElection15] INFO  segmented.SegmentedRaftLogWorker (SegmentedRaftLogWorker.java:startLogSegment(394)) - omNode-1@group-523986131536-SegmentedRaftLogWorker: Starting segment from index:0
2021-09-22 10:24:02,283 [omNode-1@group-523986131536-SegmentedRaftLogWorker] INFO  segmented.SegmentedRaftLogWorker (SegmentedRaftLogWorker.java:execute(601)) - omNode-1@group-523986131536-SegmentedRaftLogWorker: created new log segment /home/runner/work/ozone/ozone/hadoop-ozone/integration-test/target/test-dir/MiniOzoneClusterImpl-37bb77ab-1cd7-4f0f-8c8b-61e82082808e/omNode-1/ratis/c9bc4cf4-3bc3-3c60-a66b-523986131536/current/log_inprogress_0
2021-09-22 10:24:02,283 [omNode-1@group-523986131536-LeaderElection15] INFO  server.RaftServer$Division (ServerState.java:setRaftConf(387)) - omNode-1@group-523986131536: set configuration 0: [omNode-1|rpc:localhost:12168|admin:|client:|dataStream:|priority:0], old=null
2021-09-22 10:24:02,291 [omNode-1@group-523986131536-StateMachineUpdater] INFO  ratis.OzoneManagerStateMachine (OzoneManagerStateMachine.java:notifyConfigurationChanged(188)) - Received Configuration change notification from Ratis. New Peer list:
[id: "omNode-1"
address: "localhost:12168"
]
2021-09-22 10:24:02,371 [Listener at 127.0.0.1/12164] INFO  handler.ContextHandler (ContextHandler.java:doStart(915)) - Started o.e.j.w.WebAppContext@61284400{hddsDatanode,/,file:///tmp/jetty-0_0_0_0-41613-hdds-container-service-1_2_0-SNAPSHOT_jar-_-any-6231122895679825023/webapp/,AVAILABLE}{jar:file:/home/runner/.m2/repository/org/apache/ozone/hdds-container-service/1.2.0-SNAPSHOT/hdds-container-service-1.2.0-SNAPSHOT.jar!/webapps/hddsDatanode}
2021-09-22 10:24:02,379 [Listener at 127.0.0.1/12164] INFO  server.AbstractConnector (AbstractConnector.java:doStart(331)) - Started ServerConnector@2775d0d4{HTTP/1.1, (http/1.1)}{0.0.0.0:41613}
2021-09-22 10:24:02,379 [Listener at 127.0.0.1/12164] INFO  server.Server (Server.java:doStart(415)) - Started @82090ms
2021-09-22 10:24:02,379 [Listener at 127.0.0.1/12164] WARN  impl.MetricsSystemImpl (MetricsSystemImpl.java:register(279)) - Sink prometheus already exists!
2021-09-22 10:24:02,380 [Listener at 127.0.0.1/12164] INFO  http.BaseHttpServer (BaseHttpServer.java:updateConnectorAddress(329)) - HTTP server of hddsDatanode listening at http://0.0.0.0:41613
2021-09-22 10:24:02,390 [Listener at 127.0.0.1/12164] INFO  ozone.MiniOzoneClusterImpl (MiniOzoneClusterImpl.java:lambda$waitForClusterToBeReady$0(235)) - Waiting for nodes to be ready. Got 0 of 3 DN Heartbeats.
2021-09-22 10:24:02,390 [Listener at 127.0.0.1/12164] INFO  ozone.MiniOzoneClusterImpl (MiniOzoneClusterImpl.java:lambda$waitForClusterToBeReady$0(238)) - Waiting for cluster to exit safe mode
2021-09-22 10:24:02,390 [Listener at 127.0.0.1/12164] INFO  ozone.MiniOzoneClusterImpl (MiniOzoneClusterImpl.java:lambda$waitForClusterToBeReady$0(240)) - SCM became leader
2021-09-22 10:24:02,397 [Datanode State Machine Thread - 0] INFO  statemachine.DatanodeStateMachine (DatanodeStateMachine.java:lambda$startDaemon$0(456)) - Ozone container server started.
2021-09-22 10:24:02,409 [org.apache.hadoop.util.JvmPauseMonitor$Monitor@278922c0] INFO  util.JvmPauseMonitor (JvmPauseMonitor.java:run(188)) - Starting JVM pause monitor
2021-09-22 10:24:02,423 [Datanode State Machine Task Thread - 0] INFO  ha.SCMNodeInfo (SCMNodeInfo.java:getPort(197)) - ConfigKey ozone.scm.client.address is deprecated, For configuring different ports for each SCM use PortConfigKey ozone.scm.client.port appended with serviceId and nodeId
2021-09-22 10:24:02,428 [Datanode State Machine Task Thread - 0] INFO  ha.SCMNodeInfo (SCMNodeInfo.java:getPort(197)) - ConfigKey ozone.scm.block.client.address is deprecated, For configuring different ports for each SCM use PortConfigKey ozone.scm.block.client.port appended with serviceId and nodeId
2021-09-22 10:24:02,429 [Datanode State Machine Task Thread - 0] INFO  ha.SCMNodeInfo (SCMNodeInfo.java:getPort(197)) - ConfigKey ozone.scm.datanode.address is deprecated, For configuring different ports for each SCM use PortConfigKey ozone.scm.datanode.port appended with serviceId and nodeId
2021-09-22 10:24:02,429 [Datanode State Machine Task Thread - 0] INFO  ha.SCMNodeInfo (SCMNodeInfo.java:getPort(197)) - ConfigKey ozone.scm.client.address is deprecated, For configuring different ports for each SCM use PortConfigKey ozone.scm.client.port appended with serviceId and nodeId
2021-09-22 10:24:02,429 [Datanode State Machine Task Thread - 0] INFO  ha.SCMNodeInfo (SCMNodeInfo.java:getPort(197)) - ConfigKey ozone.scm.block.client.address is deprecated, For configuring different ports for each SCM use PortConfigKey ozone.scm.block.client.port appended with serviceId and nodeId
2021-09-22 10:24:02,429 [Datanode State Machine Task Thread - 0] INFO  ha.SCMNodeInfo (SCMNodeInfo.java:getPort(197)) - ConfigKey ozone.scm.datanode.address is deprecated, For configuring different ports for each SCM use PortConfigKey ozone.scm.datanode.port appended with serviceId and nodeId
2021-09-22 10:24:02,429 [Datanode State Machine Task Thread - 0] INFO  ha.SCMNodeInfo (SCMNodeInfo.java:getPort(197)) - ConfigKey ozone.scm.client.address is deprecated, For configuring different ports for each SCM use PortConfigKey ozone.scm.client.port appended with serviceId and nodeId
2021-09-22 10:24:02,430 [Datanode State Machine Task Thread - 0] INFO  ha.SCMNodeInfo (SCMNodeInfo.java:getPort(197)) - ConfigKey ozone.scm.block.client.address is deprecated, For configuring different ports for each SCM use PortConfigKey ozone.scm.block.client.port appended with serviceId and nodeId
2021-09-22 10:24:02,430 [Datanode State Machine Task Thread - 0] INFO  ha.SCMNodeInfo (SCMNodeInfo.java:getPort(197)) - ConfigKey ozone.scm.datanode.address is deprecated, For configuring different ports for each SCM use PortConfigKey ozone.scm.datanode.port appended with serviceId and nodeId
2021-09-22 10:24:02,432 [Datanode State Machine Task Thread - 0] INFO  datanode.InitDatanodeState (InitDatanodeState.java:persistContainerDatanodeDetails(145)) - DatanodeDetails is persisted to /home/runner/work/ozone/ozone/hadoop-ozone/integration-test/target/test-dir/MiniOzoneClusterImpl-37bb77ab-1cd7-4f0f-8c8b-61e82082808e/datanode-2/meta/datanode.id
2021-09-22 10:24:02,962 [EndpointStateMachine task thread for /127.0.0.1:14513 - 0 ] INFO  ipc.Client (Client.java:handleConnectionFailure(977)) - Retrying connect to server: localhost/127.0.0.1:14513. Already tried 2 time(s); retry policy is RetryUpToMaximumCountWithFixedSleep(maxRetries=15, sleepTime=1000 MILLISECONDS)
2021-09-22 10:24:03,206 [EndpointStateMachine task thread for /127.0.0.1:14493 - 0 ] INFO  ipc.Client (Client.java:handleConnectionFailure(977)) - Retrying connect to server: localhost/127.0.0.1:14493. Already tried 2 time(s); retry policy is RetryUpToMaximumCountWithFixedSleep(maxRetries=15, sleepTime=1000 MILLISECONDS)
2021-09-22 10:24:03,211 [EndpointStateMachine task thread for /127.0.0.1:14503 - 0 ] INFO  ipc.Client (Client.java:handleConnectionFailure(977)) - Retrying connect to server: localhost/127.0.0.1:14503. Already tried 1 time(s); retry policy is RetryUpToMaximumCountWithFixedSleep(maxRetries=15, sleepTime=1000 MILLISECONDS)
2021-09-22 10:24:03,392 [Listener at 127.0.0.1/12164] INFO  ozone.MiniOzoneClusterImpl (MiniOzoneClusterImpl.java:lambda$waitForClusterToBeReady$0(235)) - Waiting for nodes to be ready. Got 0 of 3 DN Heartbeats.
2021-09-22 10:24:03,392 [Listener at 127.0.0.1/12164] INFO  ozone.MiniOzoneClusterImpl (MiniOzoneClusterImpl.java:lambda$waitForClusterToBeReady$0(238)) - Waiting for cluster to exit safe mode
2021-09-22 10:24:03,392 [Listener at 127.0.0.1/12164] INFO  ozone.MiniOzoneClusterImpl (MiniOzoneClusterImpl.java:lambda$waitForClusterToBeReady$0(240)) - SCM became leader
2021-09-22 10:24:03,567 [EndpointStateMachine task thread for /127.0.0.1:14469 - 0 ] INFO  ozoneimpl.OzoneContainer (OzoneContainer.java:start(304)) - Attempting to start container services.
2021-09-22 10:24:03,568 [EndpointStateMachine task thread for /127.0.0.1:14469 - 0 ] INFO  ozoneimpl.OzoneContainer (OzoneContainer.java:startContainerScrub(249)) - Background container scanner has been disabled.
2021-09-22 10:24:03,571 [EndpointStateMachine task thread for /127.0.0.1:14469 - 0 ] INFO  replication.ReplicationServer (ReplicationServer.java:start(107)) - ReplicationServer is started using port 46153
2021-09-22 10:24:03,576 [EndpointStateMachine task thread for /127.0.0.1:14469 - 0 ] INFO  ratis.XceiverServerRatis (XceiverServerRatis.java:start(481)) - Starting XceiverServerRatis f12b8819-3292-4aaa-8592-45fcb8486f00
2021-09-22 10:24:03,582 [EndpointStateMachine task thread for /127.0.0.1:14469 - 0 ] INFO  server.RaftServer (RaftServerProxy.java:lambda$start$5(374)) - f12b8819-3292-4aaa-8592-45fcb8486f00: start RPC server
2021-09-22 10:24:03,602 [EndpointStateMachine task thread for /127.0.0.1:14469 - 0 ] INFO  server.GrpcService (GrpcService.java:startImpl(253)) - f12b8819-3292-4aaa-8592-45fcb8486f00: GrpcService started, listening on 37357
2021-09-22 10:24:03,602 [EndpointStateMachine task thread for /127.0.0.1:14469 - 0 ] INFO  ratis.XceiverServerRatis (XceiverServerRatis.java:getRealPort(502)) - XceiverServerRatis f12b8819-3292-4aaa-8592-45fcb8486f00 is started using port 37357 for RATIS
2021-09-22 10:24:03,602 [EndpointStateMachine task thread for /127.0.0.1:14469 - 0 ] INFO  ratis.XceiverServerRatis (XceiverServerRatis.java:getRealPort(502)) - XceiverServerRatis f12b8819-3292-4aaa-8592-45fcb8486f00 is started using port 37357 for RATIS_ADMIN
2021-09-22 10:24:03,602 [EndpointStateMachine task thread for /127.0.0.1:14469 - 0 ] INFO  ratis.XceiverServerRatis (XceiverServerRatis.java:getRealPort(502)) - XceiverServerRatis f12b8819-3292-4aaa-8592-45fcb8486f00 is started using port 37357 for RATIS_SERVER
2021-09-22 10:24:03,603 [EndpointStateMachine task thread for /127.0.0.1:14469 - 0 ] INFO  server.XceiverServerGrpc (XceiverServerGrpc.java:start(135)) - XceiverServerGrpc f12b8819-3292-4aaa-8592-45fcb8486f00 is started using port 43927
2021-09-22 10:24:03,603 [org.apache.ratis.util.JvmPauseMonitor$$Lambda$499/1893987183@3deb9e79] INFO  util.JvmPauseMonitor (JvmPauseMonitor.java:run(103)) - JvmPauseMonitor-f12b8819-3292-4aaa-8592-45fcb8486f00: Started
2021-09-22 10:24:03,617 [EndpointStateMachine task thread for /127.0.0.1:14479 - 0 ] INFO  ozoneimpl.OzoneContainer (OzoneContainer.java:start(300)) - Ignore. OzoneContainer already started.
2021-09-22 10:24:03,922 [EndpointStateMachine task thread for /127.0.0.1:14479 - 0 ] INFO  ozoneimpl.OzoneContainer (OzoneContainer.java:start(304)) - Attempting to start container services.
2021-09-22 10:24:03,922 [EndpointStateMachine task thread for /127.0.0.1:14479 - 0 ] INFO  ozoneimpl.OzoneContainer (OzoneContainer.java:startContainerScrub(249)) - Background container scanner has been disabled.
2021-09-22 10:24:03,922 [EndpointStateMachine task thread for /127.0.0.1:14479 - 0 ] INFO  replication.ReplicationServer (ReplicationServer.java:start(107)) - ReplicationServer is started using port 36777
2021-09-22 10:24:03,923 [EndpointStateMachine task thread for /127.0.0.1:14479 - 0 ] INFO  ratis.XceiverServerRatis (XceiverServerRatis.java:start(481)) - Starting XceiverServerRatis 523ca5f6-ff53-4fd3-97b8-2ae94a10fc0e
2021-09-22 10:24:03,926 [EndpointStateMachine task thread for /127.0.0.1:14479 - 0 ] INFO  server.RaftServer (RaftServerProxy.java:lambda$start$5(374)) - 523ca5f6-ff53-4fd3-97b8-2ae94a10fc0e: start RPC server
2021-09-22 10:24:03,927 [EndpointStateMachine task thread for /127.0.0.1:14479 - 0 ] INFO  server.GrpcService (GrpcService.java:startImpl(253)) - 523ca5f6-ff53-4fd3-97b8-2ae94a10fc0e: GrpcService started, listening on 41341
2021-09-22 10:24:03,927 [EndpointStateMachine task thread for /127.0.0.1:14479 - 0 ] INFO  ratis.XceiverServerRatis (XceiverServerRatis.java:getRealPort(502)) - XceiverServerRatis 523ca5f6-ff53-4fd3-97b8-2ae94a10fc0e is started using port 41341 for RATIS
2021-09-22 10:24:03,927 [EndpointStateMachine task thread for /127.0.0.1:14479 - 0 ] INFO  ratis.XceiverServerRatis (XceiverServerRatis.java:getRealPort(502)) - XceiverServerRatis 523ca5f6-ff53-4fd3-97b8-2ae94a10fc0e is started using port 41341 for RATIS_ADMIN
2021-09-22 10:24:03,927 [EndpointStateMachine task thread for /127.0.0.1:14479 - 0 ] INFO  ratis.XceiverServerRatis (XceiverServerRatis.java:getRealPort(502)) - XceiverServerRatis 523ca5f6-ff53-4fd3-97b8-2ae94a10fc0e is started using port 41341 for RATIS_SERVER
2021-09-22 10:24:03,928 [EndpointStateMachine task thread for /127.0.0.1:14479 - 0 ] INFO  server.XceiverServerGrpc (XceiverServerGrpc.java:start(135)) - XceiverServerGrpc 523ca5f6-ff53-4fd3-97b8-2ae94a10fc0e is started using port 36643
2021-09-22 10:24:03,929 [org.apache.ratis.util.JvmPauseMonitor$$Lambda$499/1893987183@5e6fae01] INFO  util.JvmPauseMonitor (JvmPauseMonitor.java:run(103)) - JvmPauseMonitor-523ca5f6-ff53-4fd3-97b8-2ae94a10fc0e: Started
2021-09-22 10:24:03,929 [EndpointStateMachine task thread for /127.0.0.1:14469 - 0 ] INFO  ozoneimpl.OzoneContainer (OzoneContainer.java:start(300)) - Ignore. OzoneContainer already started.
2021-09-22 10:24:03,963 [EndpointStateMachine task thread for /127.0.0.1:14513 - 0 ] INFO  ipc.Client (Client.java:handleConnectionFailure(977)) - Retrying connect to server: localhost/127.0.0.1:14513. Already tried 3 time(s); retry policy is RetryUpToMaximumCountWithFixedSleep(maxRetries=15, sleepTime=1000 MILLISECONDS)
2021-09-22 10:24:04,211 [EndpointStateMachine task thread for /127.0.0.1:14493 - 0 ] INFO  ipc.Client (Client.java:handleConnectionFailure(977)) - Retrying connect to server: localhost/127.0.0.1:14493. Already tried 3 time(s); retry policy is RetryUpToMaximumCountWithFixedSleep(maxRetries=15, sleepTime=1000 MILLISECONDS)
2021-09-22 10:24:04,212 [EndpointStateMachine task thread for /127.0.0.1:14503 - 0 ] INFO  ipc.Client (Client.java:handleConnectionFailure(977)) - Retrying connect to server: localhost/127.0.0.1:14503. Already tried 2 time(s); retry policy is RetryUpToMaximumCountWithFixedSleep(maxRetries=15, sleepTime=1000 MILLISECONDS)
2021-09-22 10:24:04,392 [Listener at 127.0.0.1/12164] INFO  ozone.MiniOzoneClusterImpl (MiniOzoneClusterImpl.java:lambda$waitForClusterToBeReady$0(235)) - Waiting for nodes to be ready. Got 0 of 3 DN Heartbeats.
2021-09-22 10:24:04,393 [Listener at 127.0.0.1/12164] INFO  ozone.MiniOzoneClusterImpl (MiniOzoneClusterImpl.java:lambda$waitForClusterToBeReady$0(238)) - Waiting for cluster to exit safe mode
2021-09-22 10:24:04,393 [Listener at 127.0.0.1/12164] INFO  ozone.MiniOzoneClusterImpl (MiniOzoneClusterImpl.java:lambda$waitForClusterToBeReady$0(240)) - SCM became leader
2021-09-22 10:24:04,428 [EndpointStateMachine task thread for /127.0.0.1:14479 - 0 ] INFO  ozoneimpl.OzoneContainer (OzoneContainer.java:start(304)) - Attempting to start container services.
2021-09-22 10:24:04,428 [EndpointStateMachine task thread for /127.0.0.1:14479 - 0 ] INFO  ozoneimpl.OzoneContainer (OzoneContainer.java:startContainerScrub(249)) - Background container scanner has been disabled.
2021-09-22 10:24:04,434 [EndpointStateMachine task thread for /127.0.0.1:14479 - 0 ] INFO  replication.ReplicationServer (ReplicationServer.java:start(107)) - ReplicationServer is started using port 36831
2021-09-22 10:24:04,435 [EndpointStateMachine task thread for /127.0.0.1:14479 - 0 ] INFO  ratis.XceiverServerRatis (XceiverServerRatis.java:start(481)) - Starting XceiverServerRatis d7bf25b9-218d-4f93-a950-cbf604fb8be9
2021-09-22 10:24:04,439 [EndpointStateMachine task thread for /127.0.0.1:14479 - 0 ] INFO  server.RaftServer (RaftServerProxy.java:lambda$start$5(374)) - d7bf25b9-218d-4f93-a950-cbf604fb8be9: start RPC server
2021-09-22 10:24:04,444 [EndpointStateMachine task thread for /127.0.0.1:14479 - 0 ] INFO  server.GrpcService (GrpcService.java:startImpl(253)) - d7bf25b9-218d-4f93-a950-cbf604fb8be9: GrpcService started, listening on 43373
2021-09-22 10:24:04,449 [EndpointStateMachine task thread for /127.0.0.1:14479 - 0 ] INFO  ratis.XceiverServerRatis (XceiverServerRatis.java:getRealPort(502)) - XceiverServerRatis d7bf25b9-218d-4f93-a950-cbf604fb8be9 is started using port 43373 for RATIS
2021-09-22 10:24:04,449 [EndpointStateMachine task thread for /127.0.0.1:14479 - 0 ] INFO  ratis.XceiverServerRatis (XceiverServerRatis.java:getRealPort(502)) - XceiverServerRatis d7bf25b9-218d-4f93-a950-cbf604fb8be9 is started using port 43373 for RATIS_ADMIN
2021-09-22 10:24:04,449 [EndpointStateMachine task thread for /127.0.0.1:14479 - 0 ] INFO  ratis.XceiverServerRatis (XceiverServerRatis.java:getRealPort(502)) - XceiverServerRatis d7bf25b9-218d-4f93-a950-cbf604fb8be9 is started using port 43373 for RATIS_SERVER
2021-09-22 10:24:04,450 [EndpointStateMachine task thread for /127.0.0.1:14479 - 0 ] INFO  server.XceiverServerGrpc (XceiverServerGrpc.java:start(135)) - XceiverServerGrpc d7bf25b9-218d-4f93-a950-cbf604fb8be9 is started using port 33141
2021-09-22 10:24:04,450 [org.apache.ratis.util.JvmPauseMonitor$$Lambda$499/1893987183@f0fe996] INFO  util.JvmPauseMonitor (JvmPauseMonitor.java:run(103)) - JvmPauseMonitor-d7bf25b9-218d-4f93-a950-cbf604fb8be9: Started
2021-09-22 10:24:04,455 [EndpointStateMachine task thread for /127.0.0.1:14469 - 0 ] INFO  ozoneimpl.OzoneContainer (OzoneContainer.java:start(300)) - Ignore. OzoneContainer already started.
2021-09-22 10:24:04,963 [EndpointStateMachine task thread for /127.0.0.1:14513 - 0 ] INFO  ipc.Client (Client.java:handleConnectionFailure(977)) - Retrying connect to server: localhost/127.0.0.1:14513. Already tried 4 time(s); retry policy is RetryUpToMaximumCountWithFixedSleep(maxRetries=15, sleepTime=1000 MILLISECONDS)
2021-09-22 10:24:05,212 [EndpointStateMachine task thread for /127.0.0.1:14493 - 0 ] INFO  ipc.Client (Client.java:handleConnectionFailure(977)) - Retrying connect to server: localhost/127.0.0.1:14493. Already tried 4 time(s); retry policy is RetryUpToMaximumCountWithFixedSleep(maxRetries=15, sleepTime=1000 MILLISECONDS)
2021-09-22 10:24:05,212 [EndpointStateMachine task thread for /127.0.0.1:14503 - 0 ] INFO  ipc.Client (Client.java:handleConnectionFailure(977)) - Retrying connect to server: localhost/127.0.0.1:14503. Already tried 3 time(s); retry policy is RetryUpToMaximumCountWithFixedSleep(maxRetries=15, sleepTime=1000 MILLISECONDS)
2021-09-22 10:24:05,393 [Listener at 127.0.0.1/12164] INFO  ozone.MiniOzoneClusterImpl (MiniOzoneClusterImpl.java:lambda$waitForClusterToBeReady$0(235)) - Waiting for nodes to be ready. Got 0 of 3 DN Heartbeats.
2021-09-22 10:24:05,393 [Listener at 127.0.0.1/12164] INFO  ozone.MiniOzoneClusterImpl (MiniOzoneClusterImpl.java:lambda$waitForClusterToBeReady$0(238)) - Waiting for cluster to exit safe mode
2021-09-22 10:24:05,394 [Listener at 127.0.0.1/12164] INFO  ozone.MiniOzoneClusterImpl (MiniOzoneClusterImpl.java:lambda$waitForClusterToBeReady$0(240)) - SCM became leader
2021-09-22 10:24:05,512 [IPC Server handler 2 on default port 14479] INFO  net.NetworkTopologyImpl (NetworkTopologyImpl.java:add(112)) - Added a new node: /default-rack/f12b8819-3292-4aaa-8592-45fcb8486f00
2021-09-22 10:24:05,512 [IPC Server handler 2 on default port 14479] INFO  node.SCMNodeManager (SCMNodeManager.java:register(389)) - Registered Data node : f12b8819-3292-4aaa-8592-45fcb8486f00{ip: 127.0.0.1, host: localhost, ports: [REPLICATION=46153, RATIS=37357, RATIS_ADMIN=37357, RATIS_SERVER=37357, STANDALONE=43927], networkLocation: /default-rack, certSerialId: null, persistedOpState: null, persistedOpStateExpiryEpochSec: 0}
2021-09-22 10:24:05,513 [IPC Server handler 1 on default port 14469] INFO  net.NetworkTopologyImpl (NetworkTopologyImpl.java:add(112)) - Added a new node: /default-rack/f12b8819-3292-4aaa-8592-45fcb8486f00
2021-09-22 10:24:05,513 [IPC Server handler 1 on default port 14469] INFO  node.SCMNodeManager (SCMNodeManager.java:register(389)) - Registered Data node : f12b8819-3292-4aaa-8592-45fcb8486f00{ip: 127.0.0.1, host: localhost, ports: [REPLICATION=46153, RATIS=37357, RATIS_ADMIN=37357, RATIS_SERVER=37357, STANDALONE=43927], networkLocation: /default-rack, certSerialId: null, persistedOpState: null, persistedOpStateExpiryEpochSec: 0}
2021-09-22 10:24:05,515 [EventQueue-NodeRegistrationContainerReportForDataNodeSafeModeRule] INFO  safemode.SCMSafeModeManager (DataNodeSafeModeRule.java:process(71)) - SCM in safe mode. 1 DataNodes registered, 3 required.
2021-09-22 10:24:05,529 [EventQueue-NewNodeForNewNodeHandler] INFO  pipeline.BackgroundPipelineCreator (BackgroundPipelineCreatorV2.java:notifyEventTriggered(279)) - ignore, not leader SCM.
2021-09-22 10:24:05,529 [EventQueue-NodeRegistrationContainerReportForContainerSafeModeRule] INFO  safemode.SCMSafeModeManager (SCMSafeModeManager.java:validateSafeModeExitRules(204)) - ContainerSafeModeRule rule is successfully validated
2021-09-22 10:24:05,530 [EventQueue-NewNodeForNewNodeHandler] INFO  pipeline.BackgroundPipelineCreator (BackgroundPipelineCreatorV2.java:notifyEventTriggered(285)) - trigger a one-shot run on RatisPipelineUtilsThread.
2021-09-22 10:24:05,540 [EventQueue-NodeRegistrationContainerReportForContainerSafeModeRule] INFO  safemode.SCMSafeModeManager (SCMSafeModeManager.java:validateSafeModeExitRules(204)) - ContainerSafeModeRule rule is successfully validated
2021-09-22 10:24:05,542 [RatisPipelineUtilsThread - 0] INFO  pipeline.RatisPipelineProvider (RatisPipelineProvider.java:lambda$create$0(183)) - Sending CreatePipelineCommand for pipeline:PipelineID=fd24a85c-22b7-4d72-8614-5ff23e964353 to datanode:f12b8819-3292-4aaa-8592-45fcb8486f00
2021-09-22 10:24:05,543 [EventQueue-NodeRegistrationContainerReportForDataNodeSafeModeRule] INFO  safemode.SCMSafeModeManager (DataNodeSafeModeRule.java:process(71)) - SCM in safe mode. 1 DataNodes registered, 3 required.
2021-09-22 10:24:05,561 [EventQueue-PipelineReportForOneReplicaPipelineSafeModeRule] INFO  safemode.SCMSafeModeManager (SCMSafeModeManager.java:validateSafeModeExitRules(204)) - AtleastOneDatanodeReportedRule rule is successfully validated
2021-09-22 10:24:05,561 [EventQueue-PipelineReportForOneReplicaPipelineSafeModeRule] INFO  safemode.SCMSafeModeManager (SCMSafeModeManager.java:validateSafeModeExitRules(204)) - AtleastOneDatanodeReportedRule rule is successfully validated
2021-09-22 10:24:05,583 [6cde2b08-89b9-430e-b77c-97253f43be03@group-61E82082808E-StateMachineUpdater] INFO  pipeline.PipelineStateManager (PipelineStateManagerV2Impl.java:addPipeline(101)) - Created pipeline Pipeline[ Id: fd24a85c-22b7-4d72-8614-5ff23e964353, Nodes: f12b8819-3292-4aaa-8592-45fcb8486f00{ip: 127.0.0.1, host: localhost, ports: [REPLICATION=46153, RATIS=37357, RATIS_ADMIN=37357, RATIS_SERVER=37357, STANDALONE=43927], networkLocation: /default-rack, certSerialId: null, persistedOpState: IN_SERVICE, persistedOpStateExpiryEpochSec: 0}, ReplicationConfig: RATIS/ONE, State:ALLOCATED, leaderId:, CreationTimestamp2021-09-22T10:24:05.542Z[Etc/UTC]].
2021-09-22 10:24:05,583 [6cde2b08-89b9-430e-b77c-97253f43be03@group-61E82082808E-StateMachineUpdater] INFO  safemode.HealthyPipelineSafeModeRule (HealthyPipelineSafeModeRule.java:initializeRule(152)) - Refreshed total pipeline count is 0, healthy pipeline threshold count is 1
2021-09-22 10:24:05,583 [RatisPipelineUtilsThread - 0] INFO  ha.SCMHAInvocationHandler (SCMHAInvocationHandler.java:invokeRatis(113)) - Invoking method public abstract void org.apache.hadoop.hdds.scm.pipeline.StateManager.addPipeline(org.apache.hadoop.hdds.protocol.proto.HddsProtos$Pipeline) throws java.io.IOException on target org.apache.hadoop.hdds.scm.ha.SCMRatisServerImpl@5f5c945c, cost 30968.298us
2021-09-22 10:24:05,585 [6f37d426-3152-46b4-8a1e-16c91badf795@group-61E82082808E-StateMachineUpdater] INFO  pipeline.PipelineStateManager (PipelineStateManagerV2Impl.java:addPipeline(101)) - Created pipeline Pipeline[ Id: fd24a85c-22b7-4d72-8614-5ff23e964353, Nodes: f12b8819-3292-4aaa-8592-45fcb8486f00{ip: 127.0.0.1, host: localhost, ports: [REPLICATION=46153, RATIS=37357, RATIS_ADMIN=37357, RATIS_SERVER=37357, STANDALONE=43927], networkLocation: /default-rack, certSerialId: null, persistedOpState: IN_SERVICE, persistedOpStateExpiryEpochSec: 0}, ReplicationConfig: RATIS/ONE, State:ALLOCATED, leaderId:, CreationTimestamp2021-09-22T10:24:05.542Z[Etc/UTC]].
2021-09-22 10:24:05,586 [6f37d426-3152-46b4-8a1e-16c91badf795@group-61E82082808E-StateMachineUpdater] INFO  safemode.HealthyPipelineSafeModeRule (HealthyPipelineSafeModeRule.java:initializeRule(152)) - Refreshed total pipeline count is 0, healthy pipeline threshold count is 1
2021-09-22 10:24:05,888 [Datanode State Machine Thread - 0] ERROR datanode.RunningDatanodeState (RunningDatanodeState.java:computeNextContainerState(199)) - Error in executing end point task.
java.util.concurrent.ExecutionException: java.util.concurrent.TimeoutException
	at java.util.concurrent.FutureTask.report(FutureTask.java:122)
	at java.util.concurrent.FutureTask.get(FutureTask.java:192)
	at org.apache.hadoop.ozone.container.common.states.datanode.RunningDatanodeState.computeNextContainerState(RunningDatanodeState.java:191)
	at org.apache.hadoop.ozone.container.common.states.datanode.RunningDatanodeState.await(RunningDatanodeState.java:231)
	at org.apache.hadoop.ozone.container.common.states.datanode.RunningDatanodeState.await(RunningDatanodeState.java:50)
	at org.apache.hadoop.ozone.container.common.statemachine.StateContext.execute(StateContext.java:629)
	at org.apache.hadoop.ozone.container.common.statemachine.DatanodeStateMachine.start(DatanodeStateMachine.java:270)
	at org.apache.hadoop.ozone.container.common.statemachine.DatanodeStateMachine.lambda$startDaemon$0(DatanodeStateMachine.java:457)
	at java.lang.Thread.run(Thread.java:748)
Caused by: java.util.concurrent.TimeoutException
	at java.util.concurrent.FutureTask.get(FutureTask.java:205)
	at org.apache.hadoop.ozone.container.common.states.datanode.RunningDatanodeState.lambda$execute$0(RunningDatanodeState.java:149)
	at java.util.concurrent.FutureTask.run(FutureTask.java:266)
	at java.util.concurrent.Executors$RunnableAdapter.call(Executors.java:511)
	at java.util.concurrent.FutureTask.run(FutureTask.java:266)
	at java.util.concurrent.ThreadPoolExecutor.runWorker(ThreadPoolExecutor.java:1149)
	at java.util.concurrent.ThreadPoolExecutor$Worker.run(ThreadPoolExecutor.java:624)
	... 1 more
2021-09-22 10:24:05,893 [IPC Server handler 2 on default port 14469] INFO  net.NetworkTopologyImpl (NetworkTopologyImpl.java:add(112)) - Added a new node: /default-rack/523ca5f6-ff53-4fd3-97b8-2ae94a10fc0e
2021-09-22 10:24:05,893 [IPC Server handler 2 on default port 14469] INFO  node.SCMNodeManager (SCMNodeManager.java:register(389)) - Registered Data node : 523ca5f6-ff53-4fd3-97b8-2ae94a10fc0e{ip: 127.0.0.1, host: localhost, ports: [REPLICATION=36777, RATIS=41341, RATIS_ADMIN=41341, RATIS_SERVER=41341, STANDALONE=36643], networkLocation: /default-rack, certSerialId: null, persistedOpState: null, persistedOpStateExpiryEpochSec: 0}
2021-09-22 10:24:05,893 [EventQueue-NewNodeForNewNodeHandler] INFO  pipeline.BackgroundPipelineCreator (BackgroundPipelineCreatorV2.java:notifyEventTriggered(285)) - trigger a one-shot run on RatisPipelineUtilsThread.
2021-09-22 10:24:05,900 [EventQueue-NodeRegistrationContainerReportForDataNodeSafeModeRule] INFO  safemode.SCMSafeModeManager (DataNodeSafeModeRule.java:process(71)) - SCM in safe mode. 2 DataNodes registered, 3 required.
2021-09-22 10:24:05,901 [RatisPipelineUtilsThread - 0] INFO  pipeline.RatisPipelineProvider (RatisPipelineProvider.java:lambda$create$0(183)) - Sending CreatePipelineCommand for pipeline:PipelineID=b7668ecb-6134-4093-9b3f-f6fdb51acfcf to datanode:523ca5f6-ff53-4fd3-97b8-2ae94a10fc0e
2021-09-22 10:24:05,902 [IPC Server handler 0 on default port 14479] INFO  net.NetworkTopologyImpl (NetworkTopologyImpl.java:add(112)) - Added a new node: /default-rack/523ca5f6-ff53-4fd3-97b8-2ae94a10fc0e
2021-09-22 10:24:05,902 [IPC Server handler 0 on default port 14479] INFO  node.SCMNodeManager (SCMNodeManager.java:register(389)) - Registered Data node : 523ca5f6-ff53-4fd3-97b8-2ae94a10fc0e{ip: 127.0.0.1, host: localhost, ports: [REPLICATION=36777, RATIS=41341, RATIS_ADMIN=41341, RATIS_SERVER=41341, STANDALONE=36643], networkLocation: /default-rack, certSerialId: null, persistedOpState: null, persistedOpStateExpiryEpochSec: 0}
2021-09-22 10:24:05,905 [EventQueue-NewNodeForNewNodeHandler] INFO  pipeline.BackgroundPipelineCreator (BackgroundPipelineCreatorV2.java:notifyEventTriggered(279)) - ignore, not leader SCM.
2021-09-22 10:24:05,926 [EventQueue-NodeRegistrationContainerReportForDataNodeSafeModeRule] INFO  safemode.SCMSafeModeManager (DataNodeSafeModeRule.java:process(71)) - SCM in safe mode. 2 DataNodes registered, 3 required.
2021-09-22 10:24:05,928 [6cde2b08-89b9-430e-b77c-97253f43be03@group-61E82082808E-StateMachineUpdater] INFO  pipeline.PipelineStateManager (PipelineStateManagerV2Impl.java:addPipeline(101)) - Created pipeline Pipeline[ Id: b7668ecb-6134-4093-9b3f-f6fdb51acfcf, Nodes: 523ca5f6-ff53-4fd3-97b8-2ae94a10fc0e{ip: 127.0.0.1, host: localhost, ports: [REPLICATION=36777, RATIS=41341, RATIS_ADMIN=41341, RATIS_SERVER=41341, STANDALONE=36643], networkLocation: /default-rack, certSerialId: null, persistedOpState: IN_SERVICE, persistedOpStateExpiryEpochSec: 0}, ReplicationConfig: RATIS/ONE, State:ALLOCATED, leaderId:, CreationTimestamp2021-09-22T10:24:05.901Z[Etc/UTC]].
2021-09-22 10:24:05,928 [6cde2b08-89b9-430e-b77c-97253f43be03@group-61E82082808E-StateMachineUpdater] INFO  safemode.HealthyPipelineSafeModeRule (HealthyPipelineSafeModeRule.java:initializeRule(152)) - Refreshed total pipeline count is 0, healthy pipeline threshold count is 1
2021-09-22 10:24:05,929 [RatisPipelineUtilsThread - 0] INFO  ha.SCMHAInvocationHandler (SCMHAInvocationHandler.java:invokeRatis(113)) - Invoking method public abstract void org.apache.hadoop.hdds.scm.pipeline.StateManager.addPipeline(org.apache.hadoop.hdds.protocol.proto.HddsProtos$Pipeline) throws java.io.IOException on target org.apache.hadoop.hdds.scm.ha.SCMRatisServerImpl@5f5c945c, cost 27705.377us
2021-09-22 10:24:05,937 [6f37d426-3152-46b4-8a1e-16c91badf795@group-61E82082808E-StateMachineUpdater] INFO  pipeline.PipelineStateManager (PipelineStateManagerV2Impl.java:addPipeline(101)) - Created pipeline Pipeline[ Id: b7668ecb-6134-4093-9b3f-f6fdb51acfcf, Nodes: 523ca5f6-ff53-4fd3-97b8-2ae94a10fc0e{ip: 127.0.0.1, host: localhost, ports: [REPLICATION=36777, RATIS=41341, RATIS_ADMIN=41341, RATIS_SERVER=41341, STANDALONE=36643], networkLocation: /default-rack, certSerialId: null, persistedOpState: IN_SERVICE, persistedOpStateExpiryEpochSec: 0}, ReplicationConfig: RATIS/ONE, State:ALLOCATED, leaderId:, CreationTimestamp2021-09-22T10:24:05.901Z[Etc/UTC]].
2021-09-22 10:24:05,937 [6f37d426-3152-46b4-8a1e-16c91badf795@group-61E82082808E-StateMachineUpdater] INFO  safemode.HealthyPipelineSafeModeRule (HealthyPipelineSafeModeRule.java:initializeRule(152)) - Refreshed total pipeline count is 0, healthy pipeline threshold count is 1
2021-09-22 10:24:05,937 [6cde2b08-89b9-430e-b77c-97253f43be03@group-61E82082808E-StateMachineUpdater] INFO  ha.SCMStateMachine (SCMStateMachine.java:takeSnapshot(290)) - Current Snapshot Index 10, takeSnapshot took 0 ms
2021-09-22 10:24:05,937 [6cde2b08-89b9-430e-b77c-97253f43be03@group-61E82082808E-StateMachineUpdater] INFO  impl.StateMachineUpdater (StateMachineUpdater.java:takeSnapshot(281)) - 6cde2b08-89b9-430e-b77c-97253f43be03@group-61E82082808E-StateMachineUpdater: Took a snapshot at index 10
2021-09-22 10:24:05,937 [6cde2b08-89b9-430e-b77c-97253f43be03@group-61E82082808E-StateMachineUpdater] INFO  impl.StateMachineUpdater (StateMachineUpdater.java:lambda$new$0(89)) - 6cde2b08-89b9-430e-b77c-97253f43be03@group-61E82082808E-StateMachineUpdater: snapshotIndex: updateIncreasingly 5 -> 10
2021-09-22 10:24:05,937 [6cde2b08-89b9-430e-b77c-97253f43be03@group-61E82082808E-StateMachineUpdater] INFO  raftlog.RaftLog (RaftLogBase.java:purge(306)) - 6cde2b08-89b9-430e-b77c-97253f43be03@group-61E82082808E-SegmentedRaftLog: purge 10
2021-09-22 10:24:05,937 [6cde2b08-89b9-430e-b77c-97253f43be03@group-61E82082808E-StateMachineUpdater] INFO  raftlog.RaftLog (RaftLogBase.java:lambda$new$0(53)) - 6cde2b08-89b9-430e-b77c-97253f43be03@group-61E82082808E-SegmentedRaftLog: snapshotIndex: updateIncreasingly 5 -> 10
2021-09-22 10:24:05,938 [6cde2b08-89b9-430e-b77c-97253f43be03@group-61E82082808E-StateMachineUpdater] INFO  raftlog.RaftLog (RaftLogBase.java:lambda$new$0(53)) - 6cde2b08-89b9-430e-b77c-97253f43be03@group-61E82082808E-SegmentedRaftLog: purgeIndex: updateToMax old=0, new=10, updated? true
2021-09-22 10:24:05,964 [EndpointStateMachine task thread for /127.0.0.1:14513 - 0 ] INFO  ipc.Client (Client.java:handleConnectionFailure(977)) - Retrying connect to server: localhost/127.0.0.1:14513. Already tried 5 time(s); retry policy is RetryUpToMaximumCountWithFixedSleep(maxRetries=15, sleepTime=1000 MILLISECONDS)
2021-09-22 10:24:06,213 [EndpointStateMachine task thread for /127.0.0.1:14493 - 0 ] INFO  ipc.Client (Client.java:handleConnectionFailure(977)) - Retrying connect to server: localhost/127.0.0.1:14493. Already tried 5 time(s); retry policy is RetryUpToMaximumCountWithFixedSleep(maxRetries=15, sleepTime=1000 MILLISECONDS)
2021-09-22 10:24:06,221 [EndpointStateMachine task thread for /127.0.0.1:14503 - 0 ] INFO  ipc.Client (Client.java:handleConnectionFailure(977)) - Retrying connect to server: localhost/127.0.0.1:14503. Already tried 4 time(s); retry policy is RetryUpToMaximumCountWithFixedSleep(maxRetries=15, sleepTime=1000 MILLISECONDS)
2021-09-22 10:24:06,394 [Listener at 127.0.0.1/12164] INFO  ozone.MiniOzoneClusterImpl (MiniOzoneClusterImpl.java:lambda$waitForClusterToBeReady$0(235)) - Waiting for nodes to be ready. Got 2 of 3 DN Heartbeats.
2021-09-22 10:24:06,394 [Listener at 127.0.0.1/12164] INFO  ozone.MiniOzoneClusterImpl (MiniOzoneClusterImpl.java:lambda$waitForClusterToBeReady$0(238)) - Waiting for cluster to exit safe mode
2021-09-22 10:24:06,394 [Listener at 127.0.0.1/12164] INFO  ozone.MiniOzoneClusterImpl (MiniOzoneClusterImpl.java:lambda$waitForClusterToBeReady$0(240)) - SCM became leader
2021-09-22 10:24:06,422 [IPC Server handler 0 on default port 14469] INFO  net.NetworkTopologyImpl (NetworkTopologyImpl.java:add(112)) - Added a new node: /default-rack/d7bf25b9-218d-4f93-a950-cbf604fb8be9
2021-09-22 10:24:06,422 [IPC Server handler 0 on default port 14469] INFO  node.SCMNodeManager (SCMNodeManager.java:register(389)) - Registered Data node : d7bf25b9-218d-4f93-a950-cbf604fb8be9{ip: 127.0.0.1, host: localhost, ports: [REPLICATION=36831, RATIS=43373, RATIS_ADMIN=43373, RATIS_SERVER=43373, STANDALONE=33141], networkLocation: /default-rack, certSerialId: null, persistedOpState: null, persistedOpStateExpiryEpochSec: 0}
2021-09-22 10:24:06,422 [IPC Server handler 1 on default port 14479] INFO  net.NetworkTopologyImpl (NetworkTopologyImpl.java:add(112)) - Added a new node: /default-rack/d7bf25b9-218d-4f93-a950-cbf604fb8be9
2021-09-22 10:24:06,423 [IPC Server handler 1 on default port 14479] INFO  node.SCMNodeManager (SCMNodeManager.java:register(389)) - Registered Data node : d7bf25b9-218d-4f93-a950-cbf604fb8be9{ip: 127.0.0.1, host: localhost, ports: [REPLICATION=36831, RATIS=43373, RATIS_ADMIN=43373, RATIS_SERVER=43373, STANDALONE=33141], networkLocation: /default-rack, certSerialId: null, persistedOpState: null, persistedOpStateExpiryEpochSec: 0}
2021-09-22 10:24:06,423 [EventQueue-NewNodeForNewNodeHandler] INFO  pipeline.BackgroundPipelineCreator (BackgroundPipelineCreatorV2.java:notifyEventTriggered(285)) - trigger a one-shot run on RatisPipelineUtilsThread.
2021-09-22 10:24:06,423 [EventQueue-NewNodeForNewNodeHandler] INFO  pipeline.BackgroundPipelineCreator (BackgroundPipelineCreatorV2.java:notifyEventTriggered(279)) - ignore, not leader SCM.
2021-09-22 10:24:06,423 [RatisPipelineUtilsThread - 0] INFO  pipeline.RatisPipelineProvider (RatisPipelineProvider.java:lambda$create$0(183)) - Sending CreatePipelineCommand for pipeline:PipelineID=5db0f3da-bb48-4388-a21f-6a7b0b09f06f to datanode:d7bf25b9-218d-4f93-a950-cbf604fb8be9
2021-09-22 10:24:06,439 [EventQueue-NodeRegistrationContainerReportForDataNodeSafeModeRule] INFO  safemode.SCMSafeModeManager (DataNodeSafeModeRule.java:process(71)) - SCM in safe mode. 3 DataNodes registered, 3 required.
2021-09-22 10:24:06,440 [EventQueue-NodeRegistrationContainerReportForDataNodeSafeModeRule] INFO  safemode.SCMSafeModeManager (SCMSafeModeManager.java:validateSafeModeExitRules(204)) - DataNodeSafeModeRule rule is successfully validated
2021-09-22 10:24:06,440 [EventQueue-NodeRegistrationContainerReportForDataNodeSafeModeRule] INFO  safemode.SCMSafeModeManager (SCMSafeModeManager.java:completePreCheck(233)) - All SCM safe mode pre check rules have passed
2021-09-22 10:24:06,440 [EventQueue-NodeRegistrationContainerReportForDataNodeSafeModeRule] WARN  events.EventQueue (EventQueue.java:fireEvent(194)) - No event handler registered for event TypedEvent{payloadType=SafeModeStatus, name='Safe mode status'}
2021-09-22 10:24:06,440 [EventQueue-NodeRegistrationContainerReportForDataNodeSafeModeRule] INFO  ha.SCMContext (SCMContext.java:updateSafeModeStatus(205)) - Update SafeModeStatus from SafeModeStatus{safeModeStatus=true, preCheckPassed=false} to SafeModeStatus{safeModeStatus=true, preCheckPassed=true}.
2021-09-22 10:24:06,440 [EventQueue-NodeRegistrationContainerReportForDataNodeSafeModeRule] INFO  pipeline.BackgroundPipelineCreator (BackgroundPipelineCreatorV2.java:notifyEventTriggered(285)) - trigger a one-shot run on RatisPipelineUtilsThread.
2021-09-22 10:24:06,444 [EventQueue-NodeRegistrationContainerReportForDataNodeSafeModeRule] INFO  safemode.SCMSafeModeManager (DataNodeSafeModeRule.java:process(71)) - SCM in safe mode. 3 DataNodes registered, 3 required.
2021-09-22 10:24:06,444 [EventQueue-NodeRegistrationContainerReportForDataNodeSafeModeRule] INFO  safemode.SCMSafeModeManager (SCMSafeModeManager.java:validateSafeModeExitRules(204)) - DataNodeSafeModeRule rule is successfully validated
2021-09-22 10:24:06,444 [EventQueue-NodeRegistrationContainerReportForDataNodeSafeModeRule] INFO  safemode.SCMSafeModeManager (SCMSafeModeManager.java:completePreCheck(233)) - All SCM safe mode pre check rules have passed
2021-09-22 10:24:06,444 [EventQueue-NodeRegistrationContainerReportForDataNodeSafeModeRule] WARN  events.EventQueue (EventQueue.java:fireEvent(194)) - No event handler registered for event TypedEvent{payloadType=SafeModeStatus, name='Safe mode status'}
2021-09-22 10:24:06,444 [EventQueue-NodeRegistrationContainerReportForDataNodeSafeModeRule] INFO  ha.SCMContext (SCMContext.java:updateSafeModeStatus(205)) - Update SafeModeStatus from SafeModeStatus{safeModeStatus=true, preCheckPassed=false} to SafeModeStatus{safeModeStatus=true, preCheckPassed=true}.
2021-09-22 10:24:06,444 [EventQueue-NodeRegistrationContainerReportForDataNodeSafeModeRule] INFO  pipeline.BackgroundPipelineCreator (BackgroundPipelineCreatorV2.java:notifyEventTriggered(279)) - ignore, not leader SCM.
2021-09-22 10:24:06,444 [6f37d426-3152-46b4-8a1e-16c91badf795@group-61E82082808E-StateMachineUpdater] INFO  ha.SCMStateMachine (SCMStateMachine.java:takeSnapshot(290)) - Current Snapshot Index 10, takeSnapshot took 1 ms
2021-09-22 10:24:06,445 [6f37d426-3152-46b4-8a1e-16c91badf795@group-61E82082808E-StateMachineUpdater] INFO  impl.StateMachineUpdater (StateMachineUpdater.java:takeSnapshot(281)) - 6f37d426-3152-46b4-8a1e-16c91badf795@group-61E82082808E-StateMachineUpdater: Took a snapshot at index 10
2021-09-22 10:24:06,445 [6f37d426-3152-46b4-8a1e-16c91badf795@group-61E82082808E-StateMachineUpdater] INFO  impl.StateMachineUpdater (StateMachineUpdater.java:lambda$new$0(89)) - 6f37d426-3152-46b4-8a1e-16c91badf795@group-61E82082808E-StateMachineUpdater: snapshotIndex: updateIncreasingly 5 -> 10
2021-09-22 10:24:06,445 [6f37d426-3152-46b4-8a1e-16c91badf795@group-61E82082808E-StateMachineUpdater] INFO  raftlog.RaftLog (RaftLogBase.java:purge(306)) - 6f37d426-3152-46b4-8a1e-16c91badf795@group-61E82082808E-SegmentedRaftLog: purge 10
2021-09-22 10:24:06,445 [6f37d426-3152-46b4-8a1e-16c91badf795@group-61E82082808E-StateMachineUpdater] INFO  raftlog.RaftLog (RaftLogBase.java:lambda$new$0(53)) - 6f37d426-3152-46b4-8a1e-16c91badf795@group-61E82082808E-SegmentedRaftLog: snapshotIndex: updateIncreasingly 5 -> 10
2021-09-22 10:24:06,445 [6f37d426-3152-46b4-8a1e-16c91badf795@group-61E82082808E-StateMachineUpdater] INFO  raftlog.RaftLog (RaftLogBase.java:lambda$new$0(53)) - 6f37d426-3152-46b4-8a1e-16c91badf795@group-61E82082808E-SegmentedRaftLog: purgeIndex: updateToMax old=0, new=10, updated? true
2021-09-22 10:24:06,447 [6cde2b08-89b9-430e-b77c-97253f43be03@group-61E82082808E-StateMachineUpdater] INFO  pipeline.PipelineStateManager (PipelineStateManagerV2Impl.java:addPipeline(101)) - Created pipeline Pipeline[ Id: 5db0f3da-bb48-4388-a21f-6a7b0b09f06f, Nodes: d7bf25b9-218d-4f93-a950-cbf604fb8be9{ip: 127.0.0.1, host: localhost, ports: [REPLICATION=36831, RATIS=43373, RATIS_ADMIN=43373, RATIS_SERVER=43373, STANDALONE=33141], networkLocation: /default-rack, certSerialId: null, persistedOpState: IN_SERVICE, persistedOpStateExpiryEpochSec: 0}, ReplicationConfig: RATIS/ONE, State:ALLOCATED, leaderId:, CreationTimestamp2021-09-22T10:24:06.423Z[Etc/UTC]].
2021-09-22 10:24:06,447 [6cde2b08-89b9-430e-b77c-97253f43be03@group-61E82082808E-StateMachineUpdater] INFO  safemode.HealthyPipelineSafeModeRule (HealthyPipelineSafeModeRule.java:initializeRule(152)) - Refreshed total pipeline count is 0, healthy pipeline threshold count is 1
2021-09-22 10:24:06,448 [RatisPipelineUtilsThread - 0] INFO  ha.SCMHAInvocationHandler (SCMHAInvocationHandler.java:invokeRatis(113)) - Invoking method public abstract void org.apache.hadoop.hdds.scm.pipeline.StateManager.addPipeline(org.apache.hadoop.hdds.protocol.proto.HddsProtos$Pipeline) throws java.io.IOException on target org.apache.hadoop.hdds.scm.ha.SCMRatisServerImpl@5f5c945c, cost 24016.754us
2021-09-22 10:24:06,449 [RatisPipelineUtilsThread - 0] INFO  pipeline.RatisPipelineProvider (RatisPipelineProvider.java:lambda$create$0(183)) - Sending CreatePipelineCommand for pipeline:PipelineID=8e0a2a57-1cbe-4bdd-9500-bbcb63a168e8 to datanode:d7bf25b9-218d-4f93-a950-cbf604fb8be9
2021-09-22 10:24:06,450 [RatisPipelineUtilsThread - 0] INFO  pipeline.RatisPipelineProvider (RatisPipelineProvider.java:lambda$create$0(183)) - Sending CreatePipelineCommand for pipeline:PipelineID=8e0a2a57-1cbe-4bdd-9500-bbcb63a168e8 to datanode:523ca5f6-ff53-4fd3-97b8-2ae94a10fc0e
2021-09-22 10:24:06,450 [RatisPipelineUtilsThread - 0] INFO  pipeline.RatisPipelineProvider (RatisPipelineProvider.java:lambda$create$0(183)) - Sending CreatePipelineCommand for pipeline:PipelineID=8e0a2a57-1cbe-4bdd-9500-bbcb63a168e8 to datanode:f12b8819-3292-4aaa-8592-45fcb8486f00
2021-09-22 10:24:06,455 [6f37d426-3152-46b4-8a1e-16c91badf795@group-61E82082808E-StateMachineUpdater] INFO  pipeline.PipelineStateManager (PipelineStateManagerV2Impl.java:addPipeline(101)) - Created pipeline Pipeline[ Id: 5db0f3da-bb48-4388-a21f-6a7b0b09f06f, Nodes: d7bf25b9-218d-4f93-a950-cbf604fb8be9{ip: 127.0.0.1, host: localhost, ports: [REPLICATION=36831, RATIS=43373, RATIS_ADMIN=43373, RATIS_SERVER=43373, STANDALONE=33141], networkLocation: /default-rack, certSerialId: null, persistedOpState: IN_SERVICE, persistedOpStateExpiryEpochSec: 0}, ReplicationConfig: RATIS/ONE, State:ALLOCATED, leaderId:, CreationTimestamp2021-09-22T10:24:06.423Z[Etc/UTC]].
2021-09-22 10:24:06,455 [6f37d426-3152-46b4-8a1e-16c91badf795@group-61E82082808E-StateMachineUpdater] INFO  safemode.HealthyPipelineSafeModeRule (HealthyPipelineSafeModeRule.java:initializeRule(152)) - Refreshed total pipeline count is 0, healthy pipeline threshold count is 1
2021-09-22 10:24:06,460 [6cde2b08-89b9-430e-b77c-97253f43be03@group-61E82082808E-StateMachineUpdater] INFO  pipeline.PipelineStateManager (PipelineStateManagerV2Impl.java:addPipeline(101)) - Created pipeline Pipeline[ Id: 8e0a2a57-1cbe-4bdd-9500-bbcb63a168e8, Nodes: d7bf25b9-218d-4f93-a950-cbf604fb8be9{ip: 127.0.0.1, host: localhost, ports: [REPLICATION=36831, RATIS=43373, RATIS_ADMIN=43373, RATIS_SERVER=43373, STANDALONE=33141], networkLocation: /default-rack, certSerialId: null, persistedOpState: IN_SERVICE, persistedOpStateExpiryEpochSec: 0}523ca5f6-ff53-4fd3-97b8-2ae94a10fc0e{ip: 127.0.0.1, host: localhost, ports: [REPLICATION=36777, RATIS=41341, RATIS_ADMIN=41341, RATIS_SERVER=41341, STANDALONE=36643], networkLocation: /default-rack, certSerialId: null, persistedOpState: IN_SERVICE, persistedOpStateExpiryEpochSec: 0}f12b8819-3292-4aaa-8592-45fcb8486f00{ip: 127.0.0.1, host: localhost, ports: [REPLICATION=46153, RATIS=37357, RATIS_ADMIN=37357, RATIS_SERVER=37357, STANDALONE=43927], networkLocation: /default-rack, certSerialId: null, persistedOpState: IN_SERVICE, persistedOpStateExpiryEpochSec: 0}, ReplicationConfig: RATIS/THREE, State:ALLOCATED, leaderId:, CreationTimestamp2021-09-22T10:24:06.449Z[Etc/UTC]].
2021-09-22 10:24:06,460 [6cde2b08-89b9-430e-b77c-97253f43be03@group-61E82082808E-StateMachineUpdater] INFO  safemode.HealthyPipelineSafeModeRule (HealthyPipelineSafeModeRule.java:initializeRule(152)) - Refreshed total pipeline count is 0, healthy pipeline threshold count is 1
2021-09-22 10:24:06,460 [RatisPipelineUtilsThread - 0] INFO  ha.SCMHAInvocationHandler (SCMHAInvocationHandler.java:invokeRatis(113)) - Invoking method public abstract void org.apache.hadoop.hdds.scm.pipeline.StateManager.addPipeline(org.apache.hadoop.hdds.protocol.proto.HddsProtos$Pipeline) throws java.io.IOException on target org.apache.hadoop.hdds.scm.ha.SCMRatisServerImpl@5f5c945c, cost 10335.466us
2021-09-22 10:24:06,461 [RatisPipelineUtilsThread - 0] INFO  pipeline.RatisPipelineProvider (RatisPipelineProvider.java:lambda$create$0(183)) - Sending CreatePipelineCommand for pipeline:PipelineID=0bf11d1f-42f6-42f6-8313-fec5d6b24579 to datanode:523ca5f6-ff53-4fd3-97b8-2ae94a10fc0e
2021-09-22 10:24:06,463 [RatisPipelineUtilsThread - 0] INFO  pipeline.RatisPipelineProvider (RatisPipelineProvider.java:lambda$create$0(183)) - Sending CreatePipelineCommand for pipeline:PipelineID=0bf11d1f-42f6-42f6-8313-fec5d6b24579 to datanode:d7bf25b9-218d-4f93-a950-cbf604fb8be9
2021-09-22 10:24:06,464 [RatisPipelineUtilsThread - 0] INFO  pipeline.RatisPipelineProvider (RatisPipelineProvider.java:lambda$create$0(183)) - Sending CreatePipelineCommand for pipeline:PipelineID=0bf11d1f-42f6-42f6-8313-fec5d6b24579 to datanode:f12b8819-3292-4aaa-8592-45fcb8486f00
2021-09-22 10:24:06,464 [6f37d426-3152-46b4-8a1e-16c91badf795@group-61E82082808E-StateMachineUpdater] INFO  pipeline.PipelineStateManager (PipelineStateManagerV2Impl.java:addPipeline(101)) - Created pipeline Pipeline[ Id: 8e0a2a57-1cbe-4bdd-9500-bbcb63a168e8, Nodes: d7bf25b9-218d-4f93-a950-cbf604fb8be9{ip: 127.0.0.1, host: localhost, ports: [REPLICATION=36831, RATIS=43373, RATIS_ADMIN=43373, RATIS_SERVER=43373, STANDALONE=33141], networkLocation: /default-rack, certSerialId: null, persistedOpState: IN_SERVICE, persistedOpStateExpiryEpochSec: 0}523ca5f6-ff53-4fd3-97b8-2ae94a10fc0e{ip: 127.0.0.1, host: localhost, ports: [REPLICATION=36777, RATIS=41341, RATIS_ADMIN=41341, RATIS_SERVER=41341, STANDALONE=36643], networkLocation: /default-rack, certSerialId: null, persistedOpState: IN_SERVICE, persistedOpStateExpiryEpochSec: 0}f12b8819-3292-4aaa-8592-45fcb8486f00{ip: 127.0.0.1, host: localhost, ports: [REPLICATION=46153, RATIS=37357, RATIS_ADMIN=37357, RATIS_SERVER=37357, STANDALONE=43927], networkLocation: /default-rack, certSerialId: null, persistedOpState: IN_SERVICE, persistedOpStateExpiryEpochSec: 0}, ReplicationConfig: RATIS/THREE, State:ALLOCATED, leaderId:, CreationTimestamp2021-09-22T10:24:06.449Z[Etc/UTC]].
2021-09-22 10:24:06,464 [6f37d426-3152-46b4-8a1e-16c91badf795@group-61E82082808E-StateMachineUpdater] INFO  safemode.HealthyPipelineSafeModeRule (HealthyPipelineSafeModeRule.java:initializeRule(152)) - Refreshed total pipeline count is 0, healthy pipeline threshold count is 1
2021-09-22 10:24:06,476 [6cde2b08-89b9-430e-b77c-97253f43be03@group-61E82082808E-StateMachineUpdater] INFO  pipeline.PipelineStateManager (PipelineStateManagerV2Impl.java:addPipeline(101)) - Created pipeline Pipeline[ Id: 0bf11d1f-42f6-42f6-8313-fec5d6b24579, Nodes: 523ca5f6-ff53-4fd3-97b8-2ae94a10fc0e{ip: 127.0.0.1, host: localhost, ports: [REPLICATION=36777, RATIS=41341, RATIS_ADMIN=41341, RATIS_SERVER=41341, STANDALONE=36643], networkLocation: /default-rack, certSerialId: null, persistedOpState: IN_SERVICE, persistedOpStateExpiryEpochSec: 0}d7bf25b9-218d-4f93-a950-cbf604fb8be9{ip: 127.0.0.1, host: localhost, ports: [REPLICATION=36831, RATIS=43373, RATIS_ADMIN=43373, RATIS_SERVER=43373, STANDALONE=33141], networkLocation: /default-rack, certSerialId: null, persistedOpState: IN_SERVICE, persistedOpStateExpiryEpochSec: 0}f12b8819-3292-4aaa-8592-45fcb8486f00{ip: 127.0.0.1, host: localhost, ports: [REPLICATION=46153, RATIS=37357, RATIS_ADMIN=37357, RATIS_SERVER=37357, STANDALONE=43927], networkLocation: /default-rack, certSerialId: null, persistedOpState: IN_SERVICE, persistedOpStateExpiryEpochSec: 0}, ReplicationConfig: RATIS/THREE, State:ALLOCATED, leaderId:, CreationTimestamp2021-09-22T10:24:06.461Z[Etc/UTC]].
2021-09-22 10:24:06,476 [6cde2b08-89b9-430e-b77c-97253f43be03@group-61E82082808E-StateMachineUpdater] INFO  safemode.HealthyPipelineSafeModeRule (HealthyPipelineSafeModeRule.java:initializeRule(152)) - Refreshed total pipeline count is 0, healthy pipeline threshold count is 1
2021-09-22 10:24:06,476 [6cde2b08-89b9-430e-b77c-97253f43be03@group-61E82082808E-StateMachineUpdater] INFO  ha.SCMStateMachine (SCMStateMachine.java:takeSnapshot(290)) - Current Snapshot Index 15, takeSnapshot took 0 ms
2021-09-22 10:24:06,476 [6cde2b08-89b9-430e-b77c-97253f43be03@group-61E82082808E-StateMachineUpdater] INFO  impl.StateMachineUpdater (StateMachineUpdater.java:takeSnapshot(281)) - 6cde2b08-89b9-430e-b77c-97253f43be03@group-61E82082808E-StateMachineUpdater: Took a snapshot at index 15
2021-09-22 10:24:06,476 [6cde2b08-89b9-430e-b77c-97253f43be03@group-61E82082808E-StateMachineUpdater] INFO  impl.StateMachineUpdater (StateMachineUpdater.java:lambda$new$0(89)) - 6cde2b08-89b9-430e-b77c-97253f43be03@group-61E82082808E-StateMachineUpdater: snapshotIndex: updateIncreasingly 10 -> 15
2021-09-22 10:24:06,476 [6cde2b08-89b9-430e-b77c-97253f43be03@group-61E82082808E-StateMachineUpdater] INFO  raftlog.RaftLog (RaftLogBase.java:purge(306)) - 6cde2b08-89b9-430e-b77c-97253f43be03@group-61E82082808E-SegmentedRaftLog: purge 15
2021-09-22 10:24:06,476 [6cde2b08-89b9-430e-b77c-97253f43be03@group-61E82082808E-StateMachineUpdater] INFO  raftlog.RaftLog (RaftLogBase.java:lambda$new$0(53)) - 6cde2b08-89b9-430e-b77c-97253f43be03@group-61E82082808E-SegmentedRaftLog: snapshotIndex: updateIncreasingly 10 -> 15
2021-09-22 10:24:06,476 [6cde2b08-89b9-430e-b77c-97253f43be03@group-61E82082808E-StateMachineUpdater] INFO  raftlog.RaftLog (RaftLogBase.java:lambda$new$0(53)) - 6cde2b08-89b9-430e-b77c-97253f43be03@group-61E82082808E-SegmentedRaftLog: purgeIndex: updateToMax old=10, new=15, updated? true
2021-09-22 10:24:06,476 [RatisPipelineUtilsThread - 0] INFO  ha.SCMHAInvocationHandler (SCMHAInvocationHandler.java:invokeRatis(113)) - Invoking method public abstract void org.apache.hadoop.hdds.scm.pipeline.StateManager.addPipeline(org.apache.hadoop.hdds.protocol.proto.HddsProtos$Pipeline) throws java.io.IOException on target org.apache.hadoop.hdds.scm.ha.SCMRatisServerImpl@5f5c945c, cost 12684.781us
2021-09-22 10:24:06,477 [RatisPipelineUtilsThread - 0] INFO  pipeline.PipelineManagerImpl (PipelineManagerImpl.java:recordMetricsForPipeline(613)) - Pipeline: PipelineID=0bf11d1f-42f6-42f6-8313-fec5d6b24579 contains same datanodes as previous pipelines: PipelineID=8e0a2a57-1cbe-4bdd-9500-bbcb63a168e8 nodeIds: 523ca5f6-ff53-4fd3-97b8-2ae94a10fc0e, d7bf25b9-218d-4f93-a950-cbf604fb8be9, f12b8819-3292-4aaa-8592-45fcb8486f00
2021-09-22 10:24:06,483 [6f37d426-3152-46b4-8a1e-16c91badf795@group-61E82082808E-StateMachineUpdater] INFO  pipeline.PipelineStateManager (PipelineStateManagerV2Impl.java:addPipeline(101)) - Created pipeline Pipeline[ Id: 0bf11d1f-42f6-42f6-8313-fec5d6b24579, Nodes: 523ca5f6-ff53-4fd3-97b8-2ae94a10fc0e{ip: 127.0.0.1, host: localhost, ports: [REPLICATION=36777, RATIS=41341, RATIS_ADMIN=41341, RATIS_SERVER=41341, STANDALONE=36643], networkLocation: /default-rack, certSerialId: null, persistedOpState: IN_SERVICE, persistedOpStateExpiryEpochSec: 0}d7bf25b9-218d-4f93-a950-cbf604fb8be9{ip: 127.0.0.1, host: localhost, ports: [REPLICATION=36831, RATIS=43373, RATIS_ADMIN=43373, RATIS_SERVER=43373, STANDALONE=33141], networkLocation: /default-rack, certSerialId: null, persistedOpState: IN_SERVICE, persistedOpStateExpiryEpochSec: 0}f12b8819-3292-4aaa-8592-45fcb8486f00{ip: 127.0.0.1, host: localhost, ports: [REPLICATION=46153, RATIS=37357, RATIS_ADMIN=37357, RATIS_SERVER=37357, STANDALONE=43927], networkLocation: /default-rack, certSerialId: null, persistedOpState: IN_SERVICE, persistedOpStateExpiryEpochSec: 0}, ReplicationConfig: RATIS/THREE, State:ALLOCATED, leaderId:, CreationTimestamp2021-09-22T10:24:06.461Z[Etc/UTC]].
2021-09-22 10:24:06,483 [6f37d426-3152-46b4-8a1e-16c91badf795@group-61E82082808E-StateMachineUpdater] INFO  safemode.HealthyPipelineSafeModeRule (HealthyPipelineSafeModeRule.java:initializeRule(152)) - Refreshed total pipeline count is 0, healthy pipeline threshold count is 1
2021-09-22 10:24:06,486 [6f37d426-3152-46b4-8a1e-16c91badf795@group-61E82082808E-StateMachineUpdater] INFO  ha.SCMStateMachine (SCMStateMachine.java:takeSnapshot(290)) - Current Snapshot Index 15, takeSnapshot took 0 ms
2021-09-22 10:24:06,486 [6f37d426-3152-46b4-8a1e-16c91badf795@group-61E82082808E-StateMachineUpdater] INFO  impl.StateMachineUpdater (StateMachineUpdater.java:takeSnapshot(281)) - 6f37d426-3152-46b4-8a1e-16c91badf795@group-61E82082808E-StateMachineUpdater: Took a snapshot at index 15
2021-09-22 10:24:06,486 [6f37d426-3152-46b4-8a1e-16c91badf795@group-61E82082808E-StateMachineUpdater] INFO  impl.StateMachineUpdater (StateMachineUpdater.java:lambda$new$0(89)) - 6f37d426-3152-46b4-8a1e-16c91badf795@group-61E82082808E-StateMachineUpdater: snapshotIndex: updateIncreasingly 10 -> 15
2021-09-22 10:24:06,487 [6f37d426-3152-46b4-8a1e-16c91badf795@group-61E82082808E-StateMachineUpdater] INFO  raftlog.RaftLog (RaftLogBase.java:purge(306)) - 6f37d426-3152-46b4-8a1e-16c91badf795@group-61E82082808E-SegmentedRaftLog: purge 15
2021-09-22 10:24:06,487 [6f37d426-3152-46b4-8a1e-16c91badf795@group-61E82082808E-StateMachineUpdater] INFO  raftlog.RaftLog (RaftLogBase.java:lambda$new$0(53)) - 6f37d426-3152-46b4-8a1e-16c91badf795@group-61E82082808E-SegmentedRaftLog: snapshotIndex: updateIncreasingly 10 -> 15
2021-09-22 10:24:06,487 [6f37d426-3152-46b4-8a1e-16c91badf795@group-61E82082808E-StateMachineUpdater] INFO  raftlog.RaftLog (RaftLogBase.java:lambda$new$0(53)) - 6f37d426-3152-46b4-8a1e-16c91badf795@group-61E82082808E-SegmentedRaftLog: purgeIndex: updateToMax old=10, new=15, updated? true
2021-09-22 10:24:06,974 [EndpointStateMachine task thread for /127.0.0.1:14513 - 0 ] INFO  ipc.Client (Client.java:handleConnectionFailure(977)) - Retrying connect to server: localhost/127.0.0.1:14513. Already tried 6 time(s); retry policy is RetryUpToMaximumCountWithFixedSleep(maxRetries=15, sleepTime=1000 MILLISECONDS)
2021-09-22 10:24:07,214 [EndpointStateMachine task thread for /127.0.0.1:14493 - 0 ] INFO  ipc.Client (Client.java:handleConnectionFailure(977)) - Retrying connect to server: localhost/127.0.0.1:14493. Already tried 6 time(s); retry policy is RetryUpToMaximumCountWithFixedSleep(maxRetries=15, sleepTime=1000 MILLISECONDS)
2021-09-22 10:24:07,222 [EndpointStateMachine task thread for /127.0.0.1:14503 - 0 ] INFO  ipc.Client (Client.java:handleConnectionFailure(977)) - Retrying connect to server: localhost/127.0.0.1:14503. Already tried 5 time(s); retry policy is RetryUpToMaximumCountWithFixedSleep(maxRetries=15, sleepTime=1000 MILLISECONDS)
2021-09-22 10:24:07,395 [Listener at 127.0.0.1/12164] INFO  ozone.MiniOzoneClusterImpl (MiniOzoneClusterImpl.java:lambda$waitForClusterToBeReady$0(235)) - Nodes are ready. Got 3 of 3 DN Heartbeats.
2021-09-22 10:24:07,395 [Listener at 127.0.0.1/12164] INFO  ozone.MiniOzoneClusterImpl (MiniOzoneClusterImpl.java:lambda$waitForClusterToBeReady$0(238)) - Waiting for cluster to exit safe mode
2021-09-22 10:24:07,395 [Listener at 127.0.0.1/12164] INFO  ozone.MiniOzoneClusterImpl (MiniOzoneClusterImpl.java:lambda$waitForClusterToBeReady$0(240)) - SCM became leader
2021-09-22 10:24:07,890 [Datanode State Machine Thread - 0] ERROR datanode.RunningDatanodeState (RunningDatanodeState.java:computeNextContainerState(199)) - Error in executing end point task.
java.util.concurrent.ExecutionException: java.util.concurrent.TimeoutException
	at java.util.concurrent.FutureTask.report(FutureTask.java:122)
	at java.util.concurrent.FutureTask.get(FutureTask.java:192)
	at org.apache.hadoop.ozone.container.common.states.datanode.RunningDatanodeState.computeNextContainerState(RunningDatanodeState.java:191)
	at org.apache.hadoop.ozone.container.common.states.datanode.RunningDatanodeState.await(RunningDatanodeState.java:231)
	at org.apache.hadoop.ozone.container.common.states.datanode.RunningDatanodeState.await(RunningDatanodeState.java:50)
	at org.apache.hadoop.ozone.container.common.statemachine.StateContext.execute(StateContext.java:629)
	at org.apache.hadoop.ozone.container.common.statemachine.DatanodeStateMachine.start(DatanodeStateMachine.java:270)
	at org.apache.hadoop.ozone.container.common.statemachine.DatanodeStateMachine.lambda$startDaemon$0(DatanodeStateMachine.java:457)
	at java.lang.Thread.run(Thread.java:748)
Caused by: java.util.concurrent.TimeoutException
	at java.util.concurrent.FutureTask.get(FutureTask.java:205)
	at org.apache.hadoop.ozone.container.common.states.datanode.RunningDatanodeState.lambda$execute$0(RunningDatanodeState.java:149)
	at java.util.concurrent.FutureTask.run(FutureTask.java:266)
	at java.util.concurrent.Executors$RunnableAdapter.call(Executors.java:511)
	at java.util.concurrent.FutureTask.run(FutureTask.java:266)
	at java.util.concurrent.ThreadPoolExecutor.runWorker(ThreadPoolExecutor.java:1149)
	at java.util.concurrent.ThreadPoolExecutor$Worker.run(ThreadPoolExecutor.java:624)
	... 1 more
2021-09-22 10:24:07,974 [EndpointStateMachine task thread for /127.0.0.1:14513 - 0 ] INFO  ipc.Client (Client.java:handleConnectionFailure(977)) - Retrying connect to server: localhost/127.0.0.1:14513. Already tried 7 time(s); retry policy is RetryUpToMaximumCountWithFixedSleep(maxRetries=15, sleepTime=1000 MILLISECONDS)
2021-09-22 10:24:08,214 [EndpointStateMachine task thread for /127.0.0.1:14493 - 0 ] INFO  ipc.Client (Client.java:handleConnectionFailure(977)) - Retrying connect to server: localhost/127.0.0.1:14493. Already tried 7 time(s); retry policy is RetryUpToMaximumCountWithFixedSleep(maxRetries=15, sleepTime=1000 MILLISECONDS)
2021-09-22 10:24:08,222 [EndpointStateMachine task thread for /127.0.0.1:14503 - 0 ] INFO  ipc.Client (Client.java:handleConnectionFailure(977)) - Retrying connect to server: localhost/127.0.0.1:14503. Already tried 6 time(s); retry policy is RetryUpToMaximumCountWithFixedSleep(maxRetries=15, sleepTime=1000 MILLISECONDS)
2021-09-22 10:24:08,395 [Listener at 127.0.0.1/12164] INFO  ozone.MiniOzoneClusterImpl (MiniOzoneClusterImpl.java:lambda$waitForClusterToBeReady$0(235)) - Nodes are ready. Got 3 of 3 DN Heartbeats.
2021-09-22 10:24:08,396 [Listener at 127.0.0.1/12164] INFO  ozone.MiniOzoneClusterImpl (MiniOzoneClusterImpl.java:lambda$waitForClusterToBeReady$0(238)) - Waiting for cluster to exit safe mode
2021-09-22 10:24:08,396 [Listener at 127.0.0.1/12164] INFO  ozone.MiniOzoneClusterImpl (MiniOzoneClusterImpl.java:lambda$waitForClusterToBeReady$0(240)) - SCM became leader
2021-09-22 10:24:08,417 [Datanode State Machine Thread - 0] ERROR datanode.RunningDatanodeState (RunningDatanodeState.java:computeNextContainerState(199)) - Error in executing end point task.
java.util.concurrent.ExecutionException: java.util.concurrent.TimeoutException
	at java.util.concurrent.FutureTask.report(FutureTask.java:122)
	at java.util.concurrent.FutureTask.get(FutureTask.java:192)
	at org.apache.hadoop.ozone.container.common.states.datanode.RunningDatanodeState.computeNextContainerState(RunningDatanodeState.java:191)
	at org.apache.hadoop.ozone.container.common.states.datanode.RunningDatanodeState.await(RunningDatanodeState.java:231)
	at org.apache.hadoop.ozone.container.common.states.datanode.RunningDatanodeState.await(RunningDatanodeState.java:50)
	at org.apache.hadoop.ozone.container.common.statemachine.StateContext.execute(StateContext.java:629)
	at org.apache.hadoop.ozone.container.common.statemachine.DatanodeStateMachine.start(DatanodeStateMachine.java:270)
	at org.apache.hadoop.ozone.container.common.statemachine.DatanodeStateMachine.lambda$startDaemon$0(DatanodeStateMachine.java:457)
	at java.lang.Thread.run(Thread.java:748)
Caused by: java.util.concurrent.TimeoutException
	at java.util.concurrent.FutureTask.get(FutureTask.java:205)
	at org.apache.hadoop.ozone.container.common.states.datanode.RunningDatanodeState.lambda$execute$0(RunningDatanodeState.java:149)
	at java.util.concurrent.FutureTask.run(FutureTask.java:266)
	at java.util.concurrent.Executors$RunnableAdapter.call(Executors.java:511)
	at java.util.concurrent.FutureTask.run(FutureTask.java:266)
	at java.util.concurrent.ThreadPoolExecutor.runWorker(ThreadPoolExecutor.java:1149)
	at java.util.concurrent.ThreadPoolExecutor$Worker.run(ThreadPoolExecutor.java:624)
	... 1 more
2021-09-22 10:24:08,505 [Command processor thread] INFO  server.RaftServer (RaftServerProxy.java:addNew(95)) - f12b8819-3292-4aaa-8592-45fcb8486f00: addNew group-5FF23E964353:[f12b8819-3292-4aaa-8592-45fcb8486f00|rpc:127.0.0.1:37357|priority:1] returns group-5FF23E964353:java.util.concurrent.CompletableFuture@4812c8bc[Not completed]
2021-09-22 10:24:08,506 [pool-265-thread-1] INFO  server.RaftServer$Division (RaftServerImpl.java:<init>(181)) - f12b8819-3292-4aaa-8592-45fcb8486f00: new RaftServerImpl for group-5FF23E964353:[f12b8819-3292-4aaa-8592-45fcb8486f00|rpc:127.0.0.1:37357|priority:1] with ContainerStateMachine:uninitialized
2021-09-22 10:24:08,511 [pool-265-thread-1] INFO  server.RaftServerConfigKeys (ConfUtils.java:logGet(44)) - raft.server.rpc.timeout.min = 5s (custom)
2021-09-22 10:24:08,517 [pool-265-thread-1] INFO  server.RaftServerConfigKeys (ConfUtils.java:logGet(44)) - raft.server.rpc.timeout.max = 5200ms (custom)
2021-09-22 10:24:08,517 [pool-265-thread-1] INFO  server.RaftServerConfigKeys (ConfUtils.java:logGet(44)) - raft.server.rpc.sleep.time = 25ms (default)
2021-09-22 10:24:08,518 [pool-265-thread-1] INFO  server.RaftServerConfigKeys (ConfUtils.java:logGet(44)) - raft.server.rpc.slowness.timeout = 300s (custom)
2021-09-22 10:24:08,518 [pool-265-thread-1] INFO  server.RaftServerConfigKeys (ConfUtils.java:logGet(44)) - raft.server.leaderelection.leader.step-down.wait-time = 10s (default)
2021-09-22 10:24:08,518 [pool-265-thread-1] INFO  server.RaftServerConfigKeys (ConfUtils.java:logGet(44)) - raft.server.sleep.deviation.threshold = 300ms (default)
2021-09-22 10:24:08,518 [pool-265-thread-1] INFO  server.RaftServerConfigKeys (ConfUtils.java:logGet(44)) - raft.server.log.appender.install.snapshot.enabled = false (custom)
2021-09-22 10:24:08,518 [pool-265-thread-1] INFO  server.RaftServer$Division (ServerState.java:<init>(105)) - f12b8819-3292-4aaa-8592-45fcb8486f00@group-5FF23E964353: ConfigurationManager, init=-1: [f12b8819-3292-4aaa-8592-45fcb8486f00|rpc:127.0.0.1:37357|priority:1], old=null, confs=<EMPTY_MAP>
2021-09-22 10:24:08,518 [pool-265-thread-1] INFO  server.RaftServerConfigKeys (ConfUtils.java:logGet(44)) - raft.server.storage.dir = [/home/runner/work/ozone/ozone/hadoop-ozone/integration-test/target/test-dir/MiniOzoneClusterImpl-37bb77ab-1cd7-4f0f-8c8b-61e82082808e/datanode-0/data/ratis] (custom)
2021-09-22 10:24:08,518 [pool-265-thread-1] INFO  server.RaftServerConfigKeys (ConfUtils.java:logGet(44)) - raft.server.log.corruption.policy = EXCEPTION (default)
2021-09-22 10:24:08,518 [pool-265-thread-1] INFO  server.RaftServerConfigKeys (ConfUtils.java:logGet(44)) - raft.server.storage.free-space.min = 0MB (=0) (default)
2021-09-22 10:24:08,518 [pool-265-thread-1] INFO  storage.RaftStorageDirectory (RaftStorageDirectoryImpl.java:analyzeStorage(135)) - The storage directory /home/runner/work/ozone/ozone/hadoop-ozone/integration-test/target/test-dir/MiniOzoneClusterImpl-37bb77ab-1cd7-4f0f-8c8b-61e82082808e/datanode-0/data/ratis/fd24a85c-22b7-4d72-8614-5ff23e964353 does not exist. Creating ...
2021-09-22 10:24:08,520 [pool-265-thread-1] INFO  storage.RaftStorageDirectory (RaftStorageDirectoryImpl.java:tryLock(230)) - Lock on /home/runner/work/ozone/ozone/hadoop-ozone/integration-test/target/test-dir/MiniOzoneClusterImpl-37bb77ab-1cd7-4f0f-8c8b-61e82082808e/datanode-0/data/ratis/fd24a85c-22b7-4d72-8614-5ff23e964353/in_use.lock acquired by nodename 4533@fv-az122-726
2021-09-22 10:24:08,521 [pool-265-thread-1] INFO  storage.RaftStorage (RaftStorageImpl.java:format(89)) - Storage directory /home/runner/work/ozone/ozone/hadoop-ozone/integration-test/target/test-dir/MiniOzoneClusterImpl-37bb77ab-1cd7-4f0f-8c8b-61e82082808e/datanode-0/data/ratis/fd24a85c-22b7-4d72-8614-5ff23e964353 has been successfully formatted.
2021-09-22 10:24:08,522 [pool-265-thread-1] INFO  ratis.ContainerStateMachine (ContainerStateMachine.java:loadSnapshot(224)) - group-5FF23E964353: The snapshot info is null. Setting the last applied indexto:(t:0, i:~)
2021-09-22 10:24:08,524 [EventQueue-PipelineReportForPipelineReportHandler] INFO  pipeline.PipelineManagerImpl (PipelineManagerImpl.java:openPipeline(282)) - Pipeline Pipeline[ Id: fd24a85c-22b7-4d72-8614-5ff23e964353, Nodes: f12b8819-3292-4aaa-8592-45fcb8486f00{ip: 127.0.0.1, host: localhost, ports: [REPLICATION=46153, RATIS=37357, RATIS_ADMIN=37357, RATIS_SERVER=37357, STANDALONE=43927], networkLocation: /default-rack, certSerialId: null, persistedOpState: IN_SERVICE, persistedOpStateExpiryEpochSec: 0}, ReplicationConfig: RATIS/ONE, State:ALLOCATED, leaderId:f12b8819-3292-4aaa-8592-45fcb8486f00, CreationTimestamp2021-09-22T10:24:05.542Z[Etc/UTC]] moved to OPEN state
2021-09-22 10:24:08,531 [EventQueue-PipelineReportForPipelineReportHandler] INFO  pipeline.PipelineManagerImpl (PipelineManagerImpl.java:openPipeline(282)) - Pipeline Pipeline[ Id: fd24a85c-22b7-4d72-8614-5ff23e964353, Nodes: f12b8819-3292-4aaa-8592-45fcb8486f00{ip: 127.0.0.1, host: localhost, ports: [REPLICATION=46153, RATIS=37357, RATIS_ADMIN=37357, RATIS_SERVER=37357, STANDALONE=43927], networkLocation: /default-rack, certSerialId: null, persistedOpState: IN_SERVICE, persistedOpStateExpiryEpochSec: 0}, ReplicationConfig: RATIS/ONE, State:ALLOCATED, leaderId:f12b8819-3292-4aaa-8592-45fcb8486f00, CreationTimestamp2021-09-22T10:24:05.542Z[Etc/UTC]] moved to OPEN state
2021-09-22 10:24:08,534 [6cde2b08-89b9-430e-b77c-97253f43be03@group-61E82082808E-StateMachineUpdater] INFO  safemode.HealthyPipelineSafeModeRule (HealthyPipelineSafeModeRule.java:initializeRule(152)) - Refreshed total pipeline count is 0, healthy pipeline threshold count is 1
2021-09-22 10:24:08,534 [EventQueue-PipelineReportForPipelineReportHandler] INFO  ha.SCMHAInvocationHandler (SCMHAInvocationHandler.java:invokeRatis(113)) - Invoking method public abstract void org.apache.hadoop.hdds.scm.pipeline.StateManager.updatePipelineState(org.apache.hadoop.hdds.protocol.proto.HddsProtos$PipelineID,org.apache.hadoop.hdds.protocol.proto.HddsProtos$PipelineState) throws java.io.IOException on target org.apache.hadoop.hdds.scm.ha.SCMRatisServerImpl@5f5c945c, cost 10329.066us
2021-09-22 10:24:08,535 [pool-265-thread-1] INFO  server.RaftServerConfigKeys (ConfUtils.java:logGet(44)) - raft.server.notification.no-leader.timeout = 300s (custom)
2021-09-22 10:24:08,535 [EventQueue-OpenPipelineForHealthyPipelineSafeModeRule] INFO  safemode.SCMSafeModeManager (HealthyPipelineSafeModeRule.java:process(124)) - SCM in safe mode. Healthy pipelines reported count is 0, required healthy pipeline reported count is 1
2021-09-22 10:24:08,535 [pool-265-thread-1] INFO  server.RaftServerConfigKeys (ConfUtils.java:logGet(44)) - raft.server.log.use.memory = false (default)
2021-09-22 10:24:08,536 [pool-265-thread-1] INFO  server.RaftServerConfigKeys (ConfUtils.java:logGet(44)) - raft.server.log.purge.gap = 1000000 (custom)
2021-09-22 10:24:08,536 [pool-265-thread-1] INFO  server.RaftServerConfigKeys (ConfUtils.java:logGet(44)) - raft.server.log.appender.buffer.byte-limit = 33554432 (custom)
2021-09-22 10:24:08,536 [pool-265-thread-1] INFO  server.RaftServerConfigKeys (ConfUtils.java:logGet(44)) - raft.server.log.segment.size.max = 1048576 (custom)
2021-09-22 10:24:08,537 [pool-265-thread-1] INFO  server.RaftServerConfigKeys (ConfUtils.java:logGet(44)) - raft.server.log.segment.cache.num.max = 2 (custom)
2021-09-22 10:24:08,537 [pool-265-thread-1] INFO  server.RaftServerConfigKeys (ConfUtils.java:logGet(44)) - raft.server.log.segment.cache.size.max = 200MB (=209715200) (default)
2021-09-22 10:24:08,537 [pool-265-thread-1] INFO  segmented.SegmentedRaftLogWorker (SegmentedRaftLogWorker.java:<init>(182)) - new f12b8819-3292-4aaa-8592-45fcb8486f00@group-5FF23E964353-SegmentedRaftLogWorker for RaftStorageImpl:Storage Directory /home/runner/work/ozone/ozone/hadoop-ozone/integration-test/target/test-dir/MiniOzoneClusterImpl-37bb77ab-1cd7-4f0f-8c8b-61e82082808e/datanode-0/data/ratis/fd24a85c-22b7-4d72-8614-5ff23e964353
2021-09-22 10:24:08,537 [pool-265-thread-1] INFO  server.RaftServerConfigKeys (ConfUtils.java:logGet(44)) - raft.server.log.queue.byte-limit = 2147483647 (custom)
2021-09-22 10:24:08,537 [pool-265-thread-1] INFO  server.RaftServerConfigKeys (ConfUtils.java:logGet(44)) - raft.server.log.queue.element-limit = 1024 (custom)
2021-09-22 10:24:08,537 [pool-265-thread-1] INFO  server.RaftServerConfigKeys (ConfUtils.java:logGet(44)) - raft.server.log.segment.size.max = 1048576 (custom)
2021-09-22 10:24:08,537 [pool-265-thread-1] INFO  server.RaftServerConfigKeys (ConfUtils.java:logGet(44)) - raft.server.log.preallocated.size = 16384 (custom)
2021-09-22 10:24:08,537 [pool-265-thread-1] INFO  server.RaftServerConfigKeys (ConfUtils.java:logGet(44)) - raft.server.log.force.sync.num = 128 (default)
2021-09-22 10:24:08,537 [pool-265-thread-1] INFO  server.RaftServerConfigKeys (ConfUtils.java:logGet(44)) - raft.server.log.statemachine.data.sync = true (default)
2021-09-22 10:24:08,537 [pool-265-thread-1] INFO  server.RaftServerConfigKeys (ConfUtils.java:logGet(44)) - raft.server.log.statemachine.data.sync.timeout = 10s (default)
2021-09-22 10:24:08,537 [pool-265-thread-1] INFO  server.RaftServerConfigKeys (ConfUtils.java:logGet(44)) - raft.server.log.statemachine.data.sync.timeout.retry = -1 (default)
2021-09-22 10:24:08,539 [pool-265-thread-1] INFO  server.RaftServerConfigKeys (ConfUtils.java:logGet(44)) - raft.server.log.write.buffer.size = 1048576 (custom)
2021-09-22 10:24:08,539 [pool-265-thread-1] INFO  server.RaftServerConfigKeys (ConfUtils.java:logGet(44)) - raft.server.log.statemachine.data.caching.enabled = true (custom)
2021-09-22 10:24:08,540 [pool-265-thread-1] INFO  segmented.SegmentedRaftLogWorker (SegmentedRaftLogWorker.java:lambda$new$0(133)) - f12b8819-3292-4aaa-8592-45fcb8486f00@group-5FF23E964353-SegmentedRaftLogWorker: flushIndex: setUnconditionally 0 -> -1
2021-09-22 10:24:08,540 [pool-265-thread-1] INFO  segmented.SegmentedRaftLogWorker (SegmentedRaftLogWorker.java:lambda$new$0(133)) - f12b8819-3292-4aaa-8592-45fcb8486f00@group-5FF23E964353-SegmentedRaftLogWorker: safeCacheEvictIndex: setUnconditionally 0 -> -1
2021-09-22 10:24:08,540 [pool-265-thread-1] INFO  server.RaftServerConfigKeys (ConfUtils.java:logGet(44)) - raft.server.snapshot.auto.trigger.enabled = true (custom)
2021-09-22 10:24:08,540 [pool-265-thread-1] INFO  server.RaftServerConfigKeys (ConfUtils.java:logGet(44)) - raft.server.snapshot.auto.trigger.threshold = 10000 (custom)
2021-09-22 10:24:08,540 [pool-265-thread-1] INFO  server.RaftServerConfigKeys (ConfUtils.java:logGet(44)) - raft.server.snapshot.retention.file.num = 5 (custom)
2021-09-22 10:24:08,540 [pool-265-thread-1] INFO  server.RaftServerConfigKeys (ConfUtils.java:logGet(44)) - raft.server.log.purge.upto.snapshot.index = false (default)
2021-09-22 10:24:08,540 [pool-265-thread-1] INFO  server.RaftServerConfigKeys (ConfUtils.java:logGet(44)) - raft.server.retrycache.expirytime = 600000ms (custom)
2021-09-22 10:24:08,540 [pool-265-thread-1] INFO  server.RaftServerConfigKeys (ConfUtils.java:logGet(44)) - raft.server.retrycache.statistics.expirytime = 100μs (default)
2021-09-22 10:24:08,542 [pool-265-thread-1] INFO  server.RaftServer$Division (RaftServerImpl.java:start(296)) - f12b8819-3292-4aaa-8592-45fcb8486f00@group-5FF23E964353: start as a follower, conf=-1: [f12b8819-3292-4aaa-8592-45fcb8486f00|rpc:127.0.0.1:37357|priority:1], old=null
2021-09-22 10:24:08,542 [pool-265-thread-1] INFO  server.RaftServer$Division (RaftServerImpl.java:setRole(285)) - f12b8819-3292-4aaa-8592-45fcb8486f00@group-5FF23E964353: changes role from      null to FOLLOWER at term 0 for startAsFollower
2021-09-22 10:24:08,542 [pool-265-thread-1] INFO  impl.RoleInfo (RoleInfo.java:updateAndGet(130)) - f12b8819-3292-4aaa-8592-45fcb8486f00: start f12b8819-3292-4aaa-8592-45fcb8486f00@group-5FF23E964353-FollowerState
2021-09-22 10:24:08,542 [pool-265-thread-1] INFO  util.JmxRegister (JmxRegister.java:tryRegister(44)) - Successfully registered JMX Bean with object name Ratis:service=RaftServer,group=group-5FF23E964353,id=f12b8819-3292-4aaa-8592-45fcb8486f00
2021-09-22 10:24:08,543 [Command processor thread] INFO  ratis.XceiverServerRatis (XceiverServerRatis.java:addGroup(762)) - Created group PipelineID=fd24a85c-22b7-4d72-8614-5ff23e964353
2021-09-22 10:24:08,543 [Command processor thread] INFO  commandhandler.CreatePipelineCommandHandler (CreatePipelineCommandHandler.java:handle(106)) - Created Pipeline RATIS ONE PipelineID=fd24a85c-22b7-4d72-8614-5ff23e964353.
2021-09-22 10:24:08,544 [Command processor thread] INFO  server.RaftServer (RaftServerProxy.java:addNew(95)) - f12b8819-3292-4aaa-8592-45fcb8486f00: addNew group-BBCB63A168E8:[d7bf25b9-218d-4f93-a950-cbf604fb8be9|rpc:127.0.0.1:43373|priority:0, 523ca5f6-ff53-4fd3-97b8-2ae94a10fc0e|rpc:127.0.0.1:41341|priority:1, f12b8819-3292-4aaa-8592-45fcb8486f00|rpc:127.0.0.1:37357|priority:0] returns group-BBCB63A168E8:java.util.concurrent.CompletableFuture@4c2d5566[Not completed]
2021-09-22 10:24:08,545 [pool-265-thread-1] INFO  server.RaftServer$Division (RaftServerImpl.java:<init>(181)) - f12b8819-3292-4aaa-8592-45fcb8486f00: new RaftServerImpl for group-BBCB63A168E8:[d7bf25b9-218d-4f93-a950-cbf604fb8be9|rpc:127.0.0.1:43373|priority:0, 523ca5f6-ff53-4fd3-97b8-2ae94a10fc0e|rpc:127.0.0.1:41341|priority:1, f12b8819-3292-4aaa-8592-45fcb8486f00|rpc:127.0.0.1:37357|priority:0] with ContainerStateMachine:uninitialized
2021-09-22 10:24:08,545 [pool-265-thread-1] INFO  server.RaftServerConfigKeys (ConfUtils.java:logGet(44)) - raft.server.rpc.timeout.min = 5s (custom)
2021-09-22 10:24:08,545 [pool-265-thread-1] INFO  server.RaftServerConfigKeys (ConfUtils.java:logGet(44)) - raft.server.rpc.timeout.max = 5200ms (custom)
2021-09-22 10:24:08,545 [pool-265-thread-1] INFO  server.RaftServerConfigKeys (ConfUtils.java:logGet(44)) - raft.server.rpc.sleep.time = 25ms (default)
2021-09-22 10:24:08,545 [pool-265-thread-1] INFO  server.RaftServerConfigKeys (ConfUtils.java:logGet(44)) - raft.server.rpc.slowness.timeout = 300s (custom)
2021-09-22 10:24:08,545 [pool-265-thread-1] INFO  server.RaftServerConfigKeys (ConfUtils.java:logGet(44)) - raft.server.leaderelection.leader.step-down.wait-time = 10s (default)
2021-09-22 10:24:08,545 [pool-265-thread-1] INFO  server.RaftServerConfigKeys (ConfUtils.java:logGet(44)) - raft.server.sleep.deviation.threshold = 300ms (default)
2021-09-22 10:24:08,545 [pool-265-thread-1] INFO  server.RaftServerConfigKeys (ConfUtils.java:logGet(44)) - raft.server.log.appender.install.snapshot.enabled = false (custom)
2021-09-22 10:24:08,545 [pool-265-thread-1] INFO  server.RaftServer$Division (ServerState.java:<init>(105)) - f12b8819-3292-4aaa-8592-45fcb8486f00@group-BBCB63A168E8: ConfigurationManager, init=-1: [d7bf25b9-218d-4f93-a950-cbf604fb8be9|rpc:127.0.0.1:43373|priority:0, 523ca5f6-ff53-4fd3-97b8-2ae94a10fc0e|rpc:127.0.0.1:41341|priority:1, f12b8819-3292-4aaa-8592-45fcb8486f00|rpc:127.0.0.1:37357|priority:0], old=null, confs=<EMPTY_MAP>
2021-09-22 10:24:08,545 [pool-265-thread-1] INFO  server.RaftServerConfigKeys (ConfUtils.java:logGet(44)) - raft.server.storage.dir = [/home/runner/work/ozone/ozone/hadoop-ozone/integration-test/target/test-dir/MiniOzoneClusterImpl-37bb77ab-1cd7-4f0f-8c8b-61e82082808e/datanode-0/data/ratis] (custom)
2021-09-22 10:24:08,545 [pool-265-thread-1] INFO  server.RaftServerConfigKeys (ConfUtils.java:logGet(44)) - raft.server.log.corruption.policy = EXCEPTION (default)
2021-09-22 10:24:08,545 [pool-265-thread-1] INFO  server.RaftServerConfigKeys (ConfUtils.java:logGet(44)) - raft.server.storage.free-space.min = 0MB (=0) (default)
2021-09-22 10:24:08,546 [pool-265-thread-1] INFO  storage.RaftStorageDirectory (RaftStorageDirectoryImpl.java:analyzeStorage(135)) - The storage directory /home/runner/work/ozone/ozone/hadoop-ozone/integration-test/target/test-dir/MiniOzoneClusterImpl-37bb77ab-1cd7-4f0f-8c8b-61e82082808e/datanode-0/data/ratis/8e0a2a57-1cbe-4bdd-9500-bbcb63a168e8 does not exist. Creating ...
2021-09-22 10:24:08,547 [pool-265-thread-1] INFO  storage.RaftStorageDirectory (RaftStorageDirectoryImpl.java:tryLock(230)) - Lock on /home/runner/work/ozone/ozone/hadoop-ozone/integration-test/target/test-dir/MiniOzoneClusterImpl-37bb77ab-1cd7-4f0f-8c8b-61e82082808e/datanode-0/data/ratis/8e0a2a57-1cbe-4bdd-9500-bbcb63a168e8/in_use.lock acquired by nodename 4533@fv-az122-726
2021-09-22 10:24:08,548 [pool-265-thread-1] INFO  storage.RaftStorage (RaftStorageImpl.java:format(89)) - Storage directory /home/runner/work/ozone/ozone/hadoop-ozone/integration-test/target/test-dir/MiniOzoneClusterImpl-37bb77ab-1cd7-4f0f-8c8b-61e82082808e/datanode-0/data/ratis/8e0a2a57-1cbe-4bdd-9500-bbcb63a168e8 has been successfully formatted.
2021-09-22 10:24:08,548 [pool-265-thread-1] INFO  ratis.ContainerStateMachine (ContainerStateMachine.java:loadSnapshot(224)) - group-BBCB63A168E8: The snapshot info is null. Setting the last applied indexto:(t:0, i:~)
2021-09-22 10:24:08,549 [pool-265-thread-1] INFO  server.RaftServerConfigKeys (ConfUtils.java:logGet(44)) - raft.server.notification.no-leader.timeout = 300s (custom)
2021-09-22 10:24:08,549 [pool-265-thread-1] INFO  server.RaftServerConfigKeys (ConfUtils.java:logGet(44)) - raft.server.log.use.memory = false (default)
2021-09-22 10:24:08,549 [pool-265-thread-1] INFO  server.RaftServerConfigKeys (ConfUtils.java:logGet(44)) - raft.server.log.purge.gap = 1000000 (custom)
2021-09-22 10:24:08,570 [EventQueue-OpenPipelineForHealthyPipelineSafeModeRule] INFO  safemode.SCMSafeModeManager (HealthyPipelineSafeModeRule.java:process(124)) - SCM in safe mode. Healthy pipelines reported count is 0, required healthy pipeline reported count is 1
2021-09-22 10:24:08,567 [6f37d426-3152-46b4-8a1e-16c91badf795@group-61E82082808E-StateMachineUpdater] INFO  safemode.HealthyPipelineSafeModeRule (HealthyPipelineSafeModeRule.java:initializeRule(152)) - Refreshed total pipeline count is 0, healthy pipeline threshold count is 1
2021-09-22 10:24:08,570 [pool-265-thread-1] INFO  server.RaftServerConfigKeys (ConfUtils.java:logGet(44)) - raft.server.log.appender.buffer.byte-limit = 33554432 (custom)
2021-09-22 10:24:08,571 [pool-265-thread-1] INFO  server.RaftServerConfigKeys (ConfUtils.java:logGet(44)) - raft.server.log.segment.size.max = 1048576 (custom)
2021-09-22 10:24:08,572 [pool-265-thread-1] INFO  server.RaftServerConfigKeys (ConfUtils.java:logGet(44)) - raft.server.log.segment.cache.num.max = 2 (custom)
2021-09-22 10:24:08,580 [pool-265-thread-1] INFO  server.RaftServerConfigKeys (ConfUtils.java:logGet(44)) - raft.server.log.segment.cache.size.max = 200MB (=209715200) (default)
2021-09-22 10:24:08,580 [pool-265-thread-1] INFO  segmented.SegmentedRaftLogWorker (SegmentedRaftLogWorker.java:<init>(182)) - new f12b8819-3292-4aaa-8592-45fcb8486f00@group-BBCB63A168E8-SegmentedRaftLogWorker for RaftStorageImpl:Storage Directory /home/runner/work/ozone/ozone/hadoop-ozone/integration-test/target/test-dir/MiniOzoneClusterImpl-37bb77ab-1cd7-4f0f-8c8b-61e82082808e/datanode-0/data/ratis/8e0a2a57-1cbe-4bdd-9500-bbcb63a168e8
2021-09-22 10:24:08,580 [pool-265-thread-1] INFO  server.RaftServerConfigKeys (ConfUtils.java:logGet(44)) - raft.server.log.queue.byte-limit = 2147483647 (custom)
2021-09-22 10:24:08,581 [pool-265-thread-1] INFO  server.RaftServerConfigKeys (ConfUtils.java:logGet(44)) - raft.server.log.queue.element-limit = 1024 (custom)
2021-09-22 10:24:08,581 [pool-265-thread-1] INFO  server.RaftServerConfigKeys (ConfUtils.java:logGet(44)) - raft.server.log.segment.size.max = 1048576 (custom)
2021-09-22 10:24:08,581 [pool-265-thread-1] INFO  server.RaftServerConfigKeys (ConfUtils.java:logGet(44)) - raft.server.log.preallocated.size = 16384 (custom)
2021-09-22 10:24:08,581 [pool-265-thread-1] INFO  server.RaftServerConfigKeys (ConfUtils.java:logGet(44)) - raft.server.log.force.sync.num = 128 (default)
2021-09-22 10:24:08,581 [pool-265-thread-1] INFO  server.RaftServerConfigKeys (ConfUtils.java:logGet(44)) - raft.server.log.statemachine.data.sync = true (default)
2021-09-22 10:24:08,581 [pool-265-thread-1] INFO  server.RaftServerConfigKeys (ConfUtils.java:logGet(44)) - raft.server.log.statemachine.data.sync.timeout = 10s (default)
2021-09-22 10:24:08,581 [pool-265-thread-1] INFO  server.RaftServerConfigKeys (ConfUtils.java:logGet(44)) - raft.server.log.statemachine.data.sync.timeout.retry = -1 (default)
2021-09-22 10:24:08,582 [pool-265-thread-1] INFO  server.RaftServerConfigKeys (ConfUtils.java:logGet(44)) - raft.server.log.write.buffer.size = 1048576 (custom)
2021-09-22 10:24:08,583 [pool-265-thread-1] INFO  server.RaftServerConfigKeys (ConfUtils.java:logGet(44)) - raft.server.log.statemachine.data.caching.enabled = true (custom)
2021-09-22 10:24:08,583 [pool-265-thread-1] INFO  segmented.SegmentedRaftLogWorker (SegmentedRaftLogWorker.java:lambda$new$0(133)) - f12b8819-3292-4aaa-8592-45fcb8486f00@group-BBCB63A168E8-SegmentedRaftLogWorker: flushIndex: setUnconditionally 0 -> -1
2021-09-22 10:24:08,583 [pool-265-thread-1] INFO  segmented.SegmentedRaftLogWorker (SegmentedRaftLogWorker.java:lambda$new$0(133)) - f12b8819-3292-4aaa-8592-45fcb8486f00@group-BBCB63A168E8-SegmentedRaftLogWorker: safeCacheEvictIndex: setUnconditionally 0 -> -1
2021-09-22 10:24:08,595 [pool-265-thread-1] INFO  server.RaftServerConfigKeys (ConfUtils.java:logGet(44)) - raft.server.snapshot.auto.trigger.enabled = true (custom)
2021-09-22 10:24:08,595 [pool-265-thread-1] INFO  server.RaftServerConfigKeys (ConfUtils.java:logGet(44)) - raft.server.snapshot.auto.trigger.threshold = 10000 (custom)
2021-09-22 10:24:08,596 [pool-265-thread-1] INFO  server.RaftServerConfigKeys (ConfUtils.java:logGet(44)) - raft.server.snapshot.retention.file.num = 5 (custom)
2021-09-22 10:24:08,601 [pool-265-thread-1] INFO  server.RaftServerConfigKeys (ConfUtils.java:logGet(44)) - raft.server.log.purge.upto.snapshot.index = false (default)
2021-09-22 10:24:08,601 [pool-265-thread-1] INFO  server.RaftServerConfigKeys (ConfUtils.java:logGet(44)) - raft.server.retrycache.expirytime = 600000ms (custom)
2021-09-22 10:24:08,603 [pool-265-thread-1] INFO  server.RaftServerConfigKeys (ConfUtils.java:logGet(44)) - raft.server.retrycache.statistics.expirytime = 100μs (default)
2021-09-22 10:24:08,604 [EndpointStateMachine task thread for /127.0.0.1:14489 - 0 ] WARN  statemachine.EndpointStateMachine (EndpointStateMachine.java:logIfNeeded(236)) - Unable to communicate to SCM server at localhost:14489 for past 0 seconds.
java.net.SocketTimeoutException: Call From fv-az122-726/10.1.0.46 to localhost:14489 failed on socket timeout exception: java.net.SocketTimeoutException: 5000 millis timeout while waiting for channel to be ready for read. ch : java.nio.channels.SocketChannel[connected local=/127.0.0.1:54642 remote=/127.0.0.1:14489]; For more details see:  http://wiki.apache.org/hadoop/SocketTimeout
	at sun.reflect.NativeConstructorAccessorImpl.newInstance0(Native Method)
	at sun.reflect.NativeConstructorAccessorImpl.newInstance(NativeConstructorAccessorImpl.java:62)
	at sun.reflect.DelegatingConstructorAccessorImpl.newInstance(DelegatingConstructorAccessorImpl.java:45)
	at java.lang.reflect.Constructor.newInstance(Constructor.java:423)
	at org.apache.hadoop.net.NetUtils.wrapWithMessage(NetUtils.java:913)
	at org.apache.hadoop.net.NetUtils.wrapException(NetUtils.java:848)
	at org.apache.hadoop.ipc.Client.getRpcResponse(Client.java:1577)
	at org.apache.hadoop.ipc.Client.call(Client.java:1519)
	at org.apache.hadoop.ipc.Client.call(Client.java:1416)
	at org.apache.hadoop.ipc.ProtobufRpcEngine$Invoker.invoke(ProtobufRpcEngine.java:236)
	at org.apache.hadoop.ipc.ProtobufRpcEngine$Invoker.invoke(ProtobufRpcEngine.java:123)
	at com.sun.proxy.$Proxy48.submitRequest(Unknown Source)
	at org.apache.hadoop.ozone.protocolPB.StorageContainerDatanodeProtocolClientSideTranslatorPB.submitRequest(StorageContainerDatanodeProtocolClientSideTranslatorPB.java:117)
	at org.apache.hadoop.ozone.protocolPB.StorageContainerDatanodeProtocolClientSideTranslatorPB.getVersion(StorageContainerDatanodeProtocolClientSideTranslatorPB.java:133)
	at org.apache.hadoop.ozone.container.common.states.endpoint.VersionEndpointTask.call(VersionEndpointTask.java:71)
	at org.apache.hadoop.ozone.container.common.states.endpoint.VersionEndpointTask.call(VersionEndpointTask.java:42)
	at java.util.concurrent.FutureTask.run(FutureTask.java:266)
	at java.util.concurrent.ThreadPoolExecutor.runWorker(ThreadPoolExecutor.java:1149)
	at java.util.concurrent.ThreadPoolExecutor$Worker.run(ThreadPoolExecutor.java:624)
	at java.lang.Thread.run(Thread.java:748)
Caused by: java.net.SocketTimeoutException: 5000 millis timeout while waiting for channel to be ready for read. ch : java.nio.channels.SocketChannel[connected local=/127.0.0.1:54642 remote=/127.0.0.1:14489]
	at org.apache.hadoop.net.SocketIOWithTimeout.doIO(SocketIOWithTimeout.java:164)
	at org.apache.hadoop.net.SocketInputStream.read(SocketInputStream.java:161)
	at org.apache.hadoop.net.SocketInputStream.read(SocketInputStream.java:131)
	at java.io.FilterInputStream.read(FilterInputStream.java:133)
	at java.io.BufferedInputStream.fill(BufferedInputStream.java:246)
	at java.io.BufferedInputStream.read(BufferedInputStream.java:265)
	at java.io.FilterInputStream.read(FilterInputStream.java:83)
	at java.io.FilterInputStream.read(FilterInputStream.java:83)
	at org.apache.hadoop.ipc.Client$Connection$PingInputStream.read(Client.java:563)
	at java.io.DataInputStream.readInt(DataInputStream.java:387)
	at org.apache.hadoop.ipc.Client$IpcStreams.readResponse(Client.java:1892)
	at org.apache.hadoop.ipc.Client$Connection.receiveRpcResponse(Client.java:1202)
	at org.apache.hadoop.ipc.Client$Connection.run(Client.java:1098)
2021-09-22 10:24:08,611 [EventQueue-PipelineReportForPipelineReportHandler] INFO  ha.SCMHAInvocationHandler (SCMHAInvocationHandler.java:invokeRatis(113)) - Invoking method public abstract void org.apache.hadoop.hdds.scm.pipeline.StateManager.updatePipelineState(org.apache.hadoop.hdds.protocol.proto.HddsProtos$PipelineID,org.apache.hadoop.hdds.protocol.proto.HddsProtos$PipelineState) throws java.io.IOException on target org.apache.hadoop.hdds.scm.ha.SCMRatisServerImpl@75c7c3f9, cost 79528.906us
2021-09-22 10:24:08,627 [EndpointStateMachine task thread for /127.0.0.1:14489 - 0 ] WARN  statemachine.EndpointStateMachine (EndpointStateMachine.java:logIfNeeded(236)) - Unable to communicate to SCM server at 127.0.0.1:14489 for past 0 seconds.
java.net.SocketTimeoutException: Call From fv-az122-726/10.1.0.46 to localhost:14489 failed on socket timeout exception: java.net.SocketTimeoutException: 5000 millis timeout while waiting for channel to be ready for read. ch : java.nio.channels.SocketChannel[connected local=/127.0.0.1:54642 remote=/127.0.0.1:14489]; For more details see:  http://wiki.apache.org/hadoop/SocketTimeout
	at sun.reflect.GeneratedConstructorAccessor40.newInstance(Unknown Source)
	at sun.reflect.DelegatingConstructorAccessorImpl.newInstance(DelegatingConstructorAccessorImpl.java:45)
	at java.lang.reflect.Constructor.newInstance(Constructor.java:423)
	at org.apache.hadoop.net.NetUtils.wrapWithMessage(NetUtils.java:913)
	at org.apache.hadoop.net.NetUtils.wrapException(NetUtils.java:848)
	at org.apache.hadoop.ipc.Client.getRpcResponse(Client.java:1577)
	at org.apache.hadoop.ipc.Client.call(Client.java:1519)
	at org.apache.hadoop.ipc.Client.call(Client.java:1416)
	at org.apache.hadoop.ipc.ProtobufRpcEngine$Invoker.invoke(ProtobufRpcEngine.java:236)
	at org.apache.hadoop.ipc.ProtobufRpcEngine$Invoker.invoke(ProtobufRpcEngine.java:123)
	at com.sun.proxy.$Proxy48.submitRequest(Unknown Source)
	at org.apache.hadoop.ozone.protocolPB.StorageContainerDatanodeProtocolClientSideTranslatorPB.submitRequest(StorageContainerDatanodeProtocolClientSideTranslatorPB.java:117)
	at org.apache.hadoop.ozone.protocolPB.StorageContainerDatanodeProtocolClientSideTranslatorPB.getVersion(StorageContainerDatanodeProtocolClientSideTranslatorPB.java:133)
	at org.apache.hadoop.ozone.container.common.states.endpoint.VersionEndpointTask.call(VersionEndpointTask.java:71)
	at org.apache.hadoop.ozone.container.common.states.endpoint.VersionEndpointTask.call(VersionEndpointTask.java:42)
	at java.util.concurrent.FutureTask.run(FutureTask.java:266)
	at java.util.concurrent.ThreadPoolExecutor.runWorker(ThreadPoolExecutor.java:1149)
	at java.util.concurrent.ThreadPoolExecutor$Worker.run(ThreadPoolExecutor.java:624)
	at java.lang.Thread.run(Thread.java:748)
Caused by: java.net.SocketTimeoutException: 5000 millis timeout while waiting for channel to be ready for read. ch : java.nio.channels.SocketChannel[connected local=/127.0.0.1:54642 remote=/127.0.0.1:14489]
	at org.apache.hadoop.net.SocketIOWithTimeout.doIO(SocketIOWithTimeout.java:164)
	at org.apache.hadoop.net.SocketInputStream.read(SocketInputStream.java:161)
	at org.apache.hadoop.net.SocketInputStream.read(SocketInputStream.java:131)
	at java.io.FilterInputStream.read(FilterInputStream.java:133)
	at java.io.BufferedInputStream.fill(BufferedInputStream.java:246)
	at java.io.BufferedInputStream.read(BufferedInputStream.java:265)
	at java.io.FilterInputStream.read(FilterInputStream.java:83)
	at java.io.FilterInputStream.read(FilterInputStream.java:83)
	at org.apache.hadoop.ipc.Client$Connection$PingInputStream.read(Client.java:563)
	at java.io.DataInputStream.readInt(DataInputStream.java:387)
	at org.apache.hadoop.ipc.Client$IpcStreams.readResponse(Client.java:1892)
	at org.apache.hadoop.ipc.Client$Connection.receiveRpcResponse(Client.java:1202)
	at org.apache.hadoop.ipc.Client$Connection.run(Client.java:1098)
2021-09-22 10:24:08,627 [EndpointStateMachine task thread for /127.0.0.1:14489 - 0 ] WARN  statemachine.EndpointStateMachine (EndpointStateMachine.java:logIfNeeded(236)) - Unable to communicate to SCM server at 127.0.0.1:14489 for past 0 seconds.
java.net.SocketTimeoutException: Call From fv-az122-726/10.1.0.46 to localhost:14489 failed on socket timeout exception: java.net.SocketTimeoutException: 5000 millis timeout while waiting for channel to be ready for read. ch : java.nio.channels.SocketChannel[connected local=/127.0.0.1:54642 remote=/127.0.0.1:14489]; For more details see:  http://wiki.apache.org/hadoop/SocketTimeout
	at sun.reflect.GeneratedConstructorAccessor40.newInstance(Unknown Source)
	at sun.reflect.DelegatingConstructorAccessorImpl.newInstance(DelegatingConstructorAccessorImpl.java:45)
	at java.lang.reflect.Constructor.newInstance(Constructor.java:423)
	at org.apache.hadoop.net.NetUtils.wrapWithMessage(NetUtils.java:913)
	at org.apache.hadoop.net.NetUtils.wrapException(NetUtils.java:848)
	at org.apache.hadoop.ipc.Client.getRpcResponse(Client.java:1577)
	at org.apache.hadoop.ipc.Client.call(Client.java:1519)
	at org.apache.hadoop.ipc.Client.call(Client.java:1416)
	at org.apache.hadoop.ipc.ProtobufRpcEngine$Invoker.invoke(ProtobufRpcEngine.java:236)
	at org.apache.hadoop.ipc.ProtobufRpcEngine$Invoker.invoke(ProtobufRpcEngine.java:123)
	at com.sun.proxy.$Proxy48.submitRequest(Unknown Source)
	at org.apache.hadoop.ozone.protocolPB.StorageContainerDatanodeProtocolClientSideTranslatorPB.submitRequest(StorageContainerDatanodeProtocolClientSideTranslatorPB.java:117)
	at org.apache.hadoop.ozone.protocolPB.StorageContainerDatanodeProtocolClientSideTranslatorPB.getVersion(StorageContainerDatanodeProtocolClientSideTranslatorPB.java:133)
	at org.apache.hadoop.ozone.container.common.states.endpoint.VersionEndpointTask.call(VersionEndpointTask.java:71)
	at org.apache.hadoop.ozone.container.common.states.endpoint.VersionEndpointTask.call(VersionEndpointTask.java:42)
	at java.util.concurrent.FutureTask.run(FutureTask.java:266)
	at java.util.concurrent.ThreadPoolExecutor.runWorker(ThreadPoolExecutor.java:1149)
	at java.util.concurrent.ThreadPoolExecutor$Worker.run(ThreadPoolExecutor.java:624)
	at java.lang.Thread.run(Thread.java:748)
Caused by: java.net.SocketTimeoutException: 5000 millis timeout while waiting for channel to be ready for read. ch : java.nio.channels.SocketChannel[connected local=/127.0.0.1:54642 remote=/127.0.0.1:14489]
	at org.apache.hadoop.net.SocketIOWithTimeout.doIO(SocketIOWithTimeout.java:164)
	at org.apache.hadoop.net.SocketInputStream.read(SocketInputStream.java:161)
	at org.apache.hadoop.net.SocketInputStream.read(SocketInputStream.java:131)
	at java.io.FilterInputStream.read(FilterInputStream.java:133)
	at java.io.BufferedInputStream.fill(BufferedInputStream.java:246)
	at java.io.BufferedInputStream.read(BufferedInputStream.java:265)
	at java.io.FilterInputStream.read(FilterInputStream.java:83)
	at java.io.FilterInputStream.read(FilterInputStream.java:83)
	at org.apache.hadoop.ipc.Client$Connection$PingInputStream.read(Client.java:563)
	at java.io.DataInputStream.readInt(DataInputStream.java:387)
	at org.apache.hadoop.ipc.Client$IpcStreams.readResponse(Client.java:1892)
	at org.apache.hadoop.ipc.Client$Connection.receiveRpcResponse(Client.java:1202)
	at org.apache.hadoop.ipc.Client$Connection.run(Client.java:1098)
2021-09-22 10:24:08,627 [pool-265-thread-1] INFO  server.RaftServer$Division (RaftServerImpl.java:start(296)) - f12b8819-3292-4aaa-8592-45fcb8486f00@group-BBCB63A168E8: start as a follower, conf=-1: [d7bf25b9-218d-4f93-a950-cbf604fb8be9|rpc:127.0.0.1:43373|priority:0, 523ca5f6-ff53-4fd3-97b8-2ae94a10fc0e|rpc:127.0.0.1:41341|priority:1, f12b8819-3292-4aaa-8592-45fcb8486f00|rpc:127.0.0.1:37357|priority:0], old=null
2021-09-22 10:24:08,628 [pool-265-thread-1] INFO  server.RaftServer$Division (RaftServerImpl.java:setRole(285)) - f12b8819-3292-4aaa-8592-45fcb8486f00@group-BBCB63A168E8: changes role from      null to FOLLOWER at term 0 for startAsFollower
2021-09-22 10:24:08,642 [pool-265-thread-1] INFO  impl.RoleInfo (RoleInfo.java:updateAndGet(130)) - f12b8819-3292-4aaa-8592-45fcb8486f00: start f12b8819-3292-4aaa-8592-45fcb8486f00@group-BBCB63A168E8-FollowerState
2021-09-22 10:24:08,643 [EventQueue-OpenPipelineForHealthyPipelineSafeModeRule] INFO  safemode.SCMSafeModeManager (HealthyPipelineSafeModeRule.java:process(124)) - SCM in safe mode. Healthy pipelines reported count is 0, required healthy pipeline reported count is 1
2021-09-22 10:24:08,652 [pool-265-thread-1] INFO  util.JmxRegister (JmxRegister.java:tryRegister(44)) - Successfully registered JMX Bean with object name Ratis:service=RaftServer,group=group-BBCB63A168E8,id=f12b8819-3292-4aaa-8592-45fcb8486f00
2021-09-22 10:24:08,659 [Command processor thread] INFO  ratis.XceiverServerRatis (XceiverServerRatis.java:addGroup(762)) - Created group PipelineID=8e0a2a57-1cbe-4bdd-9500-bbcb63a168e8
2021-09-22 10:24:08,681 [grpc-default-executor-0] INFO  server.RaftServer (RaftServerProxy.java:addNew(95)) - d7bf25b9-218d-4f93-a950-cbf604fb8be9: addNew group-BBCB63A168E8:[d7bf25b9-218d-4f93-a950-cbf604fb8be9|rpc:127.0.0.1:43373|dataStream:|priority:0, 523ca5f6-ff53-4fd3-97b8-2ae94a10fc0e|rpc:127.0.0.1:41341|dataStream:|priority:1, f12b8819-3292-4aaa-8592-45fcb8486f00|rpc:127.0.0.1:37357|dataStream:|priority:0] returns group-BBCB63A168E8:java.util.concurrent.CompletableFuture@35c33019[Not completed]
2021-09-22 10:24:08,683 [pool-307-thread-1] INFO  server.RaftServer$Division (RaftServerImpl.java:<init>(181)) - d7bf25b9-218d-4f93-a950-cbf604fb8be9: new RaftServerImpl for group-BBCB63A168E8:[d7bf25b9-218d-4f93-a950-cbf604fb8be9|rpc:127.0.0.1:43373|dataStream:|priority:0, 523ca5f6-ff53-4fd3-97b8-2ae94a10fc0e|rpc:127.0.0.1:41341|dataStream:|priority:1, f12b8819-3292-4aaa-8592-45fcb8486f00|rpc:127.0.0.1:37357|dataStream:|priority:0] with ContainerStateMachine:uninitialized
2021-09-22 10:24:08,687 [pool-307-thread-1] INFO  server.RaftServerConfigKeys (ConfUtils.java:logGet(44)) - raft.server.rpc.timeout.min = 5s (custom)
2021-09-22 10:24:08,687 [pool-307-thread-1] INFO  server.RaftServerConfigKeys (ConfUtils.java:logGet(44)) - raft.server.rpc.timeout.max = 5200ms (custom)
2021-09-22 10:24:08,687 [pool-307-thread-1] INFO  server.RaftServerConfigKeys (ConfUtils.java:logGet(44)) - raft.server.rpc.sleep.time = 25ms (default)
2021-09-22 10:24:08,687 [pool-307-thread-1] INFO  server.RaftServerConfigKeys (ConfUtils.java:logGet(44)) - raft.server.rpc.slowness.timeout = 300s (custom)
2021-09-22 10:24:08,687 [pool-307-thread-1] INFO  server.RaftServerConfigKeys (ConfUtils.java:logGet(44)) - raft.server.leaderelection.leader.step-down.wait-time = 10s (default)
2021-09-22 10:24:08,687 [pool-307-thread-1] INFO  server.RaftServerConfigKeys (ConfUtils.java:logGet(44)) - raft.server.sleep.deviation.threshold = 300ms (default)
2021-09-22 10:24:08,687 [pool-307-thread-1] INFO  server.RaftServerConfigKeys (ConfUtils.java:logGet(44)) - raft.server.log.appender.install.snapshot.enabled = false (custom)
2021-09-22 10:24:08,687 [pool-307-thread-1] INFO  server.RaftServer$Division (ServerState.java:<init>(105)) - d7bf25b9-218d-4f93-a950-cbf604fb8be9@group-BBCB63A168E8: ConfigurationManager, init=-1: [d7bf25b9-218d-4f93-a950-cbf604fb8be9|rpc:127.0.0.1:43373|dataStream:|priority:0, 523ca5f6-ff53-4fd3-97b8-2ae94a10fc0e|rpc:127.0.0.1:41341|dataStream:|priority:1, f12b8819-3292-4aaa-8592-45fcb8486f00|rpc:127.0.0.1:37357|dataStream:|priority:0], old=null, confs=<EMPTY_MAP>
2021-09-22 10:24:08,687 [pool-307-thread-1] INFO  server.RaftServerConfigKeys (ConfUtils.java:logGet(44)) - raft.server.storage.dir = [/home/runner/work/ozone/ozone/hadoop-ozone/integration-test/target/test-dir/MiniOzoneClusterImpl-37bb77ab-1cd7-4f0f-8c8b-61e82082808e/datanode-2/data/ratis] (custom)
2021-09-22 10:24:08,687 [pool-307-thread-1] INFO  server.RaftServerConfigKeys (ConfUtils.java:logGet(44)) - raft.server.log.corruption.policy = EXCEPTION (default)
2021-09-22 10:24:08,687 [pool-307-thread-1] INFO  server.RaftServerConfigKeys (ConfUtils.java:logGet(44)) - raft.server.storage.free-space.min = 0MB (=0) (default)
2021-09-22 10:24:08,688 [pool-307-thread-1] INFO  storage.RaftStorageDirectory (RaftStorageDirectoryImpl.java:analyzeStorage(135)) - The storage directory /home/runner/work/ozone/ozone/hadoop-ozone/integration-test/target/test-dir/MiniOzoneClusterImpl-37bb77ab-1cd7-4f0f-8c8b-61e82082808e/datanode-2/data/ratis/8e0a2a57-1cbe-4bdd-9500-bbcb63a168e8 does not exist. Creating ...
2021-09-22 10:24:08,694 [pool-307-thread-1] INFO  storage.RaftStorageDirectory (RaftStorageDirectoryImpl.java:tryLock(230)) - Lock on /home/runner/work/ozone/ozone/hadoop-ozone/integration-test/target/test-dir/MiniOzoneClusterImpl-37bb77ab-1cd7-4f0f-8c8b-61e82082808e/datanode-2/data/ratis/8e0a2a57-1cbe-4bdd-9500-bbcb63a168e8/in_use.lock acquired by nodename 4533@fv-az122-726
2021-09-22 10:24:08,699 [pool-307-thread-1] INFO  storage.RaftStorage (RaftStorageImpl.java:format(89)) - Storage directory /home/runner/work/ozone/ozone/hadoop-ozone/integration-test/target/test-dir/MiniOzoneClusterImpl-37bb77ab-1cd7-4f0f-8c8b-61e82082808e/datanode-2/data/ratis/8e0a2a57-1cbe-4bdd-9500-bbcb63a168e8 has been successfully formatted.
2021-09-22 10:24:08,699 [pool-307-thread-1] INFO  ratis.ContainerStateMachine (ContainerStateMachine.java:loadSnapshot(224)) - group-BBCB63A168E8: The snapshot info is null. Setting the last applied indexto:(t:0, i:~)
2021-09-22 10:24:08,700 [pool-307-thread-1] INFO  server.RaftServerConfigKeys (ConfUtils.java:logGet(44)) - raft.server.notification.no-leader.timeout = 300s (custom)
2021-09-22 10:24:08,700 [pool-307-thread-1] INFO  server.RaftServerConfigKeys (ConfUtils.java:logGet(44)) - raft.server.log.use.memory = false (default)
2021-09-22 10:24:08,700 [pool-307-thread-1] INFO  server.RaftServerConfigKeys (ConfUtils.java:logGet(44)) - raft.server.log.purge.gap = 1000000 (custom)
2021-09-22 10:24:08,700 [pool-307-thread-1] INFO  server.RaftServerConfigKeys (ConfUtils.java:logGet(44)) - raft.server.log.appender.buffer.byte-limit = 33554432 (custom)
2021-09-22 10:24:08,700 [pool-307-thread-1] INFO  server.RaftServerConfigKeys (ConfUtils.java:logGet(44)) - raft.server.log.segment.size.max = 1048576 (custom)
2021-09-22 10:24:08,706 [pool-307-thread-1] INFO  server.RaftServerConfigKeys (ConfUtils.java:logGet(44)) - raft.server.log.segment.cache.num.max = 2 (custom)
2021-09-22 10:24:08,706 [pool-307-thread-1] INFO  server.RaftServerConfigKeys (ConfUtils.java:logGet(44)) - raft.server.log.segment.cache.size.max = 200MB (=209715200) (default)
2021-09-22 10:24:08,706 [pool-307-thread-1] INFO  segmented.SegmentedRaftLogWorker (SegmentedRaftLogWorker.java:<init>(182)) - new d7bf25b9-218d-4f93-a950-cbf604fb8be9@group-BBCB63A168E8-SegmentedRaftLogWorker for RaftStorageImpl:Storage Directory /home/runner/work/ozone/ozone/hadoop-ozone/integration-test/target/test-dir/MiniOzoneClusterImpl-37bb77ab-1cd7-4f0f-8c8b-61e82082808e/datanode-2/data/ratis/8e0a2a57-1cbe-4bdd-9500-bbcb63a168e8
2021-09-22 10:24:08,706 [pool-307-thread-1] INFO  server.RaftServerConfigKeys (ConfUtils.java:logGet(44)) - raft.server.log.queue.byte-limit = 2147483647 (custom)
2021-09-22 10:24:08,706 [pool-307-thread-1] INFO  server.RaftServerConfigKeys (ConfUtils.java:logGet(44)) - raft.server.log.queue.element-limit = 1024 (custom)
2021-09-22 10:24:08,707 [pool-307-thread-1] INFO  server.RaftServerConfigKeys (ConfUtils.java:logGet(44)) - raft.server.log.segment.size.max = 1048576 (custom)
2021-09-22 10:24:08,707 [pool-307-thread-1] INFO  server.RaftServerConfigKeys (ConfUtils.java:logGet(44)) - raft.server.log.preallocated.size = 16384 (custom)
2021-09-22 10:24:08,707 [pool-307-thread-1] INFO  server.RaftServerConfigKeys (ConfUtils.java:logGet(44)) - raft.server.log.force.sync.num = 128 (default)
2021-09-22 10:24:08,707 [pool-307-thread-1] INFO  server.RaftServerConfigKeys (ConfUtils.java:logGet(44)) - raft.server.log.statemachine.data.sync = true (default)
2021-09-22 10:24:08,707 [pool-307-thread-1] INFO  server.RaftServerConfigKeys (ConfUtils.java:logGet(44)) - raft.server.log.statemachine.data.sync.timeout = 10s (default)
2021-09-22 10:24:08,707 [pool-307-thread-1] INFO  server.RaftServerConfigKeys (ConfUtils.java:logGet(44)) - raft.server.log.statemachine.data.sync.timeout.retry = -1 (default)
2021-09-22 10:24:08,709 [pool-307-thread-1] INFO  server.RaftServerConfigKeys (ConfUtils.java:logGet(44)) - raft.server.log.write.buffer.size = 1048576 (custom)
2021-09-22 10:24:08,718 [pool-307-thread-1] INFO  server.RaftServerConfigKeys (ConfUtils.java:logGet(44)) - raft.server.log.statemachine.data.caching.enabled = true (custom)
2021-09-22 10:24:08,718 [pool-307-thread-1] INFO  segmented.SegmentedRaftLogWorker (SegmentedRaftLogWorker.java:lambda$new$0(133)) - d7bf25b9-218d-4f93-a950-cbf604fb8be9@group-BBCB63A168E8-SegmentedRaftLogWorker: flushIndex: setUnconditionally 0 -> -1
2021-09-22 10:24:08,718 [pool-307-thread-1] INFO  segmented.SegmentedRaftLogWorker (SegmentedRaftLogWorker.java:lambda$new$0(133)) - d7bf25b9-218d-4f93-a950-cbf604fb8be9@group-BBCB63A168E8-SegmentedRaftLogWorker: safeCacheEvictIndex: setUnconditionally 0 -> -1
2021-09-22 10:24:08,725 [pool-307-thread-1] INFO  server.RaftServerConfigKeys (ConfUtils.java:logGet(44)) - raft.server.snapshot.auto.trigger.enabled = true (custom)
2021-09-22 10:24:08,726 [pool-307-thread-1] INFO  server.RaftServerConfigKeys (ConfUtils.java:logGet(44)) - raft.server.snapshot.auto.trigger.threshold = 10000 (custom)
2021-09-22 10:24:08,726 [pool-307-thread-1] INFO  server.RaftServerConfigKeys (ConfUtils.java:logGet(44)) - raft.server.snapshot.retention.file.num = 5 (custom)
2021-09-22 10:24:08,726 [pool-307-thread-1] INFO  server.RaftServerConfigKeys (ConfUtils.java:logGet(44)) - raft.server.log.purge.upto.snapshot.index = false (default)
2021-09-22 10:24:08,726 [pool-307-thread-1] INFO  server.RaftServerConfigKeys (ConfUtils.java:logGet(44)) - raft.server.retrycache.expirytime = 600000ms (custom)
2021-09-22 10:24:08,726 [pool-307-thread-1] INFO  server.RaftServerConfigKeys (ConfUtils.java:logGet(44)) - raft.server.retrycache.statistics.expirytime = 100μs (default)
2021-09-22 10:24:08,727 [pool-307-thread-1] INFO  server.RaftServer$Division (RaftServerImpl.java:start(296)) - d7bf25b9-218d-4f93-a950-cbf604fb8be9@group-BBCB63A168E8: start as a follower, conf=-1: [d7bf25b9-218d-4f93-a950-cbf604fb8be9|rpc:127.0.0.1:43373|dataStream:|priority:0, 523ca5f6-ff53-4fd3-97b8-2ae94a10fc0e|rpc:127.0.0.1:41341|dataStream:|priority:1, f12b8819-3292-4aaa-8592-45fcb8486f00|rpc:127.0.0.1:37357|dataStream:|priority:0], old=null
2021-09-22 10:24:08,727 [pool-307-thread-1] INFO  server.RaftServer$Division (RaftServerImpl.java:setRole(285)) - d7bf25b9-218d-4f93-a950-cbf604fb8be9@group-BBCB63A168E8: changes role from      null to FOLLOWER at term 0 for startAsFollower
2021-09-22 10:24:08,728 [pool-307-thread-1] INFO  impl.RoleInfo (RoleInfo.java:updateAndGet(130)) - d7bf25b9-218d-4f93-a950-cbf604fb8be9: start d7bf25b9-218d-4f93-a950-cbf604fb8be9@group-BBCB63A168E8-FollowerState
2021-09-22 10:24:08,741 [pool-307-thread-1] INFO  util.JmxRegister (JmxRegister.java:tryRegister(44)) - Successfully registered JMX Bean with object name Ratis:service=RaftServer,group=group-BBCB63A168E8,id=d7bf25b9-218d-4f93-a950-cbf604fb8be9
2021-09-22 10:24:08,781 [grpc-default-executor-0] INFO  server.RaftServer (RaftServerProxy.java:addNew(95)) - 523ca5f6-ff53-4fd3-97b8-2ae94a10fc0e: addNew group-BBCB63A168E8:[d7bf25b9-218d-4f93-a950-cbf604fb8be9|rpc:127.0.0.1:43373|dataStream:|priority:0, 523ca5f6-ff53-4fd3-97b8-2ae94a10fc0e|rpc:127.0.0.1:41341|dataStream:|priority:1, f12b8819-3292-4aaa-8592-45fcb8486f00|rpc:127.0.0.1:37357|dataStream:|priority:0] returns group-BBCB63A168E8:java.util.concurrent.CompletableFuture@453e4c4f[Not completed]
2021-09-22 10:24:08,786 [pool-286-thread-1] INFO  server.RaftServer$Division (RaftServerImpl.java:<init>(181)) - 523ca5f6-ff53-4fd3-97b8-2ae94a10fc0e: new RaftServerImpl for group-BBCB63A168E8:[d7bf25b9-218d-4f93-a950-cbf604fb8be9|rpc:127.0.0.1:43373|dataStream:|priority:0, 523ca5f6-ff53-4fd3-97b8-2ae94a10fc0e|rpc:127.0.0.1:41341|dataStream:|priority:1, f12b8819-3292-4aaa-8592-45fcb8486f00|rpc:127.0.0.1:37357|dataStream:|priority:0] with ContainerStateMachine:uninitialized
2021-09-22 10:24:08,798 [pool-286-thread-1] INFO  server.RaftServerConfigKeys (ConfUtils.java:logGet(44)) - raft.server.rpc.timeout.min = 5s (custom)
2021-09-22 10:24:08,798 [pool-286-thread-1] INFO  server.RaftServerConfigKeys (ConfUtils.java:logGet(44)) - raft.server.rpc.timeout.max = 5200ms (custom)
2021-09-22 10:24:08,798 [pool-286-thread-1] INFO  server.RaftServerConfigKeys (ConfUtils.java:logGet(44)) - raft.server.rpc.sleep.time = 25ms (default)
2021-09-22 10:24:08,798 [pool-286-thread-1] INFO  server.RaftServerConfigKeys (ConfUtils.java:logGet(44)) - raft.server.rpc.slowness.timeout = 300s (custom)
2021-09-22 10:24:08,798 [pool-286-thread-1] INFO  server.RaftServerConfigKeys (ConfUtils.java:logGet(44)) - raft.server.leaderelection.leader.step-down.wait-time = 10s (default)
2021-09-22 10:24:08,798 [pool-286-thread-1] INFO  server.RaftServerConfigKeys (ConfUtils.java:logGet(44)) - raft.server.sleep.deviation.threshold = 300ms (default)
2021-09-22 10:24:08,798 [pool-286-thread-1] INFO  server.RaftServerConfigKeys (ConfUtils.java:logGet(44)) - raft.server.log.appender.install.snapshot.enabled = false (custom)
2021-09-22 10:24:08,798 [pool-286-thread-1] INFO  server.RaftServer$Division (ServerState.java:<init>(105)) - 523ca5f6-ff53-4fd3-97b8-2ae94a10fc0e@group-BBCB63A168E8: ConfigurationManager, init=-1: [d7bf25b9-218d-4f93-a950-cbf604fb8be9|rpc:127.0.0.1:43373|dataStream:|priority:0, 523ca5f6-ff53-4fd3-97b8-2ae94a10fc0e|rpc:127.0.0.1:41341|dataStream:|priority:1, f12b8819-3292-4aaa-8592-45fcb8486f00|rpc:127.0.0.1:37357|dataStream:|priority:0], old=null, confs=<EMPTY_MAP>
2021-09-22 10:24:08,799 [pool-286-thread-1] INFO  server.RaftServerConfigKeys (ConfUtils.java:logGet(44)) - raft.server.storage.dir = [/home/runner/work/ozone/ozone/hadoop-ozone/integration-test/target/test-dir/MiniOzoneClusterImpl-37bb77ab-1cd7-4f0f-8c8b-61e82082808e/datanode-1/data/ratis] (custom)
2021-09-22 10:24:08,799 [pool-286-thread-1] INFO  server.RaftServerConfigKeys (ConfUtils.java:logGet(44)) - raft.server.log.corruption.policy = EXCEPTION (default)
2021-09-22 10:24:08,799 [pool-286-thread-1] INFO  server.RaftServerConfigKeys (ConfUtils.java:logGet(44)) - raft.server.storage.free-space.min = 0MB (=0) (default)
2021-09-22 10:24:08,799 [pool-286-thread-1] INFO  storage.RaftStorageDirectory (RaftStorageDirectoryImpl.java:analyzeStorage(135)) - The storage directory /home/runner/work/ozone/ozone/hadoop-ozone/integration-test/target/test-dir/MiniOzoneClusterImpl-37bb77ab-1cd7-4f0f-8c8b-61e82082808e/datanode-1/data/ratis/8e0a2a57-1cbe-4bdd-9500-bbcb63a168e8 does not exist. Creating ...
2021-09-22 10:24:08,800 [pool-286-thread-1] INFO  storage.RaftStorageDirectory (RaftStorageDirectoryImpl.java:tryLock(230)) - Lock on /home/runner/work/ozone/ozone/hadoop-ozone/integration-test/target/test-dir/MiniOzoneClusterImpl-37bb77ab-1cd7-4f0f-8c8b-61e82082808e/datanode-1/data/ratis/8e0a2a57-1cbe-4bdd-9500-bbcb63a168e8/in_use.lock acquired by nodename 4533@fv-az122-726
2021-09-22 10:24:08,807 [pool-286-thread-1] INFO  storage.RaftStorage (RaftStorageImpl.java:format(89)) - Storage directory /home/runner/work/ozone/ozone/hadoop-ozone/integration-test/target/test-dir/MiniOzoneClusterImpl-37bb77ab-1cd7-4f0f-8c8b-61e82082808e/datanode-1/data/ratis/8e0a2a57-1cbe-4bdd-9500-bbcb63a168e8 has been successfully formatted.
2021-09-22 10:24:08,807 [pool-286-thread-1] INFO  ratis.ContainerStateMachine (ContainerStateMachine.java:loadSnapshot(224)) - group-BBCB63A168E8: The snapshot info is null. Setting the last applied indexto:(t:0, i:~)
2021-09-22 10:24:08,807 [pool-286-thread-1] INFO  server.RaftServerConfigKeys (ConfUtils.java:logGet(44)) - raft.server.notification.no-leader.timeout = 300s (custom)
2021-09-22 10:24:08,807 [pool-286-thread-1] INFO  server.RaftServerConfigKeys (ConfUtils.java:logGet(44)) - raft.server.log.use.memory = false (default)
2021-09-22 10:24:08,807 [pool-286-thread-1] INFO  server.RaftServerConfigKeys (ConfUtils.java:logGet(44)) - raft.server.log.purge.gap = 1000000 (custom)
2021-09-22 10:24:08,807 [pool-286-thread-1] INFO  server.RaftServerConfigKeys (ConfUtils.java:logGet(44)) - raft.server.log.appender.buffer.byte-limit = 33554432 (custom)
2021-09-22 10:24:08,808 [pool-286-thread-1] INFO  server.RaftServerConfigKeys (ConfUtils.java:logGet(44)) - raft.server.log.segment.size.max = 1048576 (custom)
2021-09-22 10:24:08,808 [pool-286-thread-1] INFO  server.RaftServerConfigKeys (ConfUtils.java:logGet(44)) - raft.server.log.segment.cache.num.max = 2 (custom)
2021-09-22 10:24:08,808 [pool-286-thread-1] INFO  server.RaftServerConfigKeys (ConfUtils.java:logGet(44)) - raft.server.log.segment.cache.size.max = 200MB (=209715200) (default)
2021-09-22 10:24:08,808 [pool-286-thread-1] INFO  segmented.SegmentedRaftLogWorker (SegmentedRaftLogWorker.java:<init>(182)) - new 523ca5f6-ff53-4fd3-97b8-2ae94a10fc0e@group-BBCB63A168E8-SegmentedRaftLogWorker for RaftStorageImpl:Storage Directory /home/runner/work/ozone/ozone/hadoop-ozone/integration-test/target/test-dir/MiniOzoneClusterImpl-37bb77ab-1cd7-4f0f-8c8b-61e82082808e/datanode-1/data/ratis/8e0a2a57-1cbe-4bdd-9500-bbcb63a168e8
2021-09-22 10:24:08,808 [pool-286-thread-1] INFO  server.RaftServerConfigKeys (ConfUtils.java:logGet(44)) - raft.server.log.queue.byte-limit = 2147483647 (custom)
2021-09-22 10:24:08,808 [pool-286-thread-1] INFO  server.RaftServerConfigKeys (ConfUtils.java:logGet(44)) - raft.server.log.queue.element-limit = 1024 (custom)
2021-09-22 10:24:08,809 [pool-286-thread-1] INFO  server.RaftServerConfigKeys (ConfUtils.java:logGet(44)) - raft.server.log.segment.size.max = 1048576 (custom)
2021-09-22 10:24:08,809 [pool-286-thread-1] INFO  server.RaftServerConfigKeys (ConfUtils.java:logGet(44)) - raft.server.log.preallocated.size = 16384 (custom)
2021-09-22 10:24:08,809 [pool-286-thread-1] INFO  server.RaftServerConfigKeys (ConfUtils.java:logGet(44)) - raft.server.log.force.sync.num = 128 (default)
2021-09-22 10:24:08,809 [pool-286-thread-1] INFO  server.RaftServerConfigKeys (ConfUtils.java:logGet(44)) - raft.server.log.statemachine.data.sync = true (default)
2021-09-22 10:24:08,809 [pool-286-thread-1] INFO  server.RaftServerConfigKeys (ConfUtils.java:logGet(44)) - raft.server.log.statemachine.data.sync.timeout = 10s (default)
2021-09-22 10:24:08,809 [pool-286-thread-1] INFO  server.RaftServerConfigKeys (ConfUtils.java:logGet(44)) - raft.server.log.statemachine.data.sync.timeout.retry = -1 (default)
2021-09-22 10:24:08,813 [pool-286-thread-1] INFO  server.RaftServerConfigKeys (ConfUtils.java:logGet(44)) - raft.server.log.write.buffer.size = 1048576 (custom)
2021-09-22 10:24:08,818 [pool-286-thread-1] INFO  server.RaftServerConfigKeys (ConfUtils.java:logGet(44)) - raft.server.log.statemachine.data.caching.enabled = true (custom)
2021-09-22 10:24:08,818 [pool-286-thread-1] INFO  segmented.SegmentedRaftLogWorker (SegmentedRaftLogWorker.java:lambda$new$0(133)) - 523ca5f6-ff53-4fd3-97b8-2ae94a10fc0e@group-BBCB63A168E8-SegmentedRaftLogWorker: flushIndex: setUnconditionally 0 -> -1
2021-09-22 10:24:08,819 [pool-286-thread-1] INFO  segmented.SegmentedRaftLogWorker (SegmentedRaftLogWorker.java:lambda$new$0(133)) - 523ca5f6-ff53-4fd3-97b8-2ae94a10fc0e@group-BBCB63A168E8-SegmentedRaftLogWorker: safeCacheEvictIndex: setUnconditionally 0 -> -1
2021-09-22 10:24:08,827 [pool-286-thread-1] INFO  server.RaftServerConfigKeys (ConfUtils.java:logGet(44)) - raft.server.snapshot.auto.trigger.enabled = true (custom)
2021-09-22 10:24:08,827 [pool-286-thread-1] INFO  server.RaftServerConfigKeys (ConfUtils.java:logGet(44)) - raft.server.snapshot.auto.trigger.threshold = 10000 (custom)
2021-09-22 10:24:08,827 [pool-286-thread-1] INFO  server.RaftServerConfigKeys (ConfUtils.java:logGet(44)) - raft.server.snapshot.retention.file.num = 5 (custom)
2021-09-22 10:24:08,828 [pool-286-thread-1] INFO  server.RaftServerConfigKeys (ConfUtils.java:logGet(44)) - raft.server.log.purge.upto.snapshot.index = false (default)
2021-09-22 10:24:08,828 [pool-286-thread-1] INFO  server.RaftServerConfigKeys (ConfUtils.java:logGet(44)) - raft.server.retrycache.expirytime = 600000ms (custom)
2021-09-22 10:24:08,828 [pool-286-thread-1] INFO  server.RaftServerConfigKeys (ConfUtils.java:logGet(44)) - raft.server.retrycache.statistics.expirytime = 100μs (default)
2021-09-22 10:24:08,830 [pool-286-thread-1] INFO  server.RaftServer$Division (RaftServerImpl.java:start(296)) - 523ca5f6-ff53-4fd3-97b8-2ae94a10fc0e@group-BBCB63A168E8: start as a follower, conf=-1: [d7bf25b9-218d-4f93-a950-cbf604fb8be9|rpc:127.0.0.1:43373|dataStream:|priority:0, 523ca5f6-ff53-4fd3-97b8-2ae94a10fc0e|rpc:127.0.0.1:41341|dataStream:|priority:1, f12b8819-3292-4aaa-8592-45fcb8486f00|rpc:127.0.0.1:37357|dataStream:|priority:0], old=null
2021-09-22 10:24:08,830 [pool-286-thread-1] INFO  server.RaftServer$Division (RaftServerImpl.java:setRole(285)) - 523ca5f6-ff53-4fd3-97b8-2ae94a10fc0e@group-BBCB63A168E8: changes role from      null to FOLLOWER at term 0 for startAsFollower
2021-09-22 10:24:08,830 [pool-286-thread-1] INFO  impl.RoleInfo (RoleInfo.java:updateAndGet(130)) - 523ca5f6-ff53-4fd3-97b8-2ae94a10fc0e: start 523ca5f6-ff53-4fd3-97b8-2ae94a10fc0e@group-BBCB63A168E8-FollowerState
2021-09-22 10:24:08,834 [pool-286-thread-1] INFO  util.JmxRegister (JmxRegister.java:tryRegister(44)) - Successfully registered JMX Bean with object name Ratis:service=RaftServer,group=group-BBCB63A168E8,id=523ca5f6-ff53-4fd3-97b8-2ae94a10fc0e
2021-09-22 10:24:08,852 [Command processor thread] INFO  commandhandler.CreatePipelineCommandHandler (CreatePipelineCommandHandler.java:handle(106)) - Created Pipeline RATIS THREE PipelineID=8e0a2a57-1cbe-4bdd-9500-bbcb63a168e8.
2021-09-22 10:24:08,852 [Command processor thread] INFO  server.RaftServer (RaftServerProxy.java:addNew(95)) - f12b8819-3292-4aaa-8592-45fcb8486f00: addNew group-FEC5D6B24579:[523ca5f6-ff53-4fd3-97b8-2ae94a10fc0e|rpc:127.0.0.1:41341|priority:0, d7bf25b9-218d-4f93-a950-cbf604fb8be9|rpc:127.0.0.1:43373|priority:1, f12b8819-3292-4aaa-8592-45fcb8486f00|rpc:127.0.0.1:37357|priority:0] returns group-FEC5D6B24579:java.util.concurrent.CompletableFuture@42ca0d45[Not completed]
2021-09-22 10:24:08,853 [pool-265-thread-1] INFO  server.RaftServer$Division (RaftServerImpl.java:<init>(181)) - f12b8819-3292-4aaa-8592-45fcb8486f00: new RaftServerImpl for group-FEC5D6B24579:[523ca5f6-ff53-4fd3-97b8-2ae94a10fc0e|rpc:127.0.0.1:41341|priority:0, d7bf25b9-218d-4f93-a950-cbf604fb8be9|rpc:127.0.0.1:43373|priority:1, f12b8819-3292-4aaa-8592-45fcb8486f00|rpc:127.0.0.1:37357|priority:0] with ContainerStateMachine:uninitialized
2021-09-22 10:24:08,853 [pool-265-thread-1] INFO  server.RaftServerConfigKeys (ConfUtils.java:logGet(44)) - raft.server.rpc.timeout.min = 5s (custom)
2021-09-22 10:24:08,853 [pool-265-thread-1] INFO  server.RaftServerConfigKeys (ConfUtils.java:logGet(44)) - raft.server.rpc.timeout.max = 5200ms (custom)
2021-09-22 10:24:08,853 [pool-265-thread-1] INFO  server.RaftServerConfigKeys (ConfUtils.java:logGet(44)) - raft.server.rpc.sleep.time = 25ms (default)
2021-09-22 10:24:08,853 [pool-265-thread-1] INFO  server.RaftServerConfigKeys (ConfUtils.java:logGet(44)) - raft.server.rpc.slowness.timeout = 300s (custom)
2021-09-22 10:24:08,853 [pool-265-thread-1] INFO  server.RaftServerConfigKeys (ConfUtils.java:logGet(44)) - raft.server.leaderelection.leader.step-down.wait-time = 10s (default)
2021-09-22 10:24:08,853 [pool-265-thread-1] INFO  server.RaftServerConfigKeys (ConfUtils.java:logGet(44)) - raft.server.sleep.deviation.threshold = 300ms (default)
2021-09-22 10:24:08,853 [pool-265-thread-1] INFO  server.RaftServerConfigKeys (ConfUtils.java:logGet(44)) - raft.server.log.appender.install.snapshot.enabled = false (custom)
2021-09-22 10:24:08,853 [pool-265-thread-1] INFO  server.RaftServer$Division (ServerState.java:<init>(105)) - f12b8819-3292-4aaa-8592-45fcb8486f00@group-FEC5D6B24579: ConfigurationManager, init=-1: [523ca5f6-ff53-4fd3-97b8-2ae94a10fc0e|rpc:127.0.0.1:41341|priority:0, d7bf25b9-218d-4f93-a950-cbf604fb8be9|rpc:127.0.0.1:43373|priority:1, f12b8819-3292-4aaa-8592-45fcb8486f00|rpc:127.0.0.1:37357|priority:0], old=null, confs=<EMPTY_MAP>
2021-09-22 10:24:08,853 [pool-265-thread-1] INFO  server.RaftServerConfigKeys (ConfUtils.java:logGet(44)) - raft.server.storage.dir = [/home/runner/work/ozone/ozone/hadoop-ozone/integration-test/target/test-dir/MiniOzoneClusterImpl-37bb77ab-1cd7-4f0f-8c8b-61e82082808e/datanode-0/data/ratis] (custom)
2021-09-22 10:24:08,854 [pool-265-thread-1] INFO  server.RaftServerConfigKeys (ConfUtils.java:logGet(44)) - raft.server.log.corruption.policy = EXCEPTION (default)
2021-09-22 10:24:08,854 [pool-265-thread-1] INFO  server.RaftServerConfigKeys (ConfUtils.java:logGet(44)) - raft.server.storage.free-space.min = 0MB (=0) (default)
2021-09-22 10:24:08,854 [pool-265-thread-1] INFO  storage.RaftStorageDirectory (RaftStorageDirectoryImpl.java:analyzeStorage(135)) - The storage directory /home/runner/work/ozone/ozone/hadoop-ozone/integration-test/target/test-dir/MiniOzoneClusterImpl-37bb77ab-1cd7-4f0f-8c8b-61e82082808e/datanode-0/data/ratis/0bf11d1f-42f6-42f6-8313-fec5d6b24579 does not exist. Creating ...
2021-09-22 10:24:08,855 [pool-265-thread-1] INFO  storage.RaftStorageDirectory (RaftStorageDirectoryImpl.java:tryLock(230)) - Lock on /home/runner/work/ozone/ozone/hadoop-ozone/integration-test/target/test-dir/MiniOzoneClusterImpl-37bb77ab-1cd7-4f0f-8c8b-61e82082808e/datanode-0/data/ratis/0bf11d1f-42f6-42f6-8313-fec5d6b24579/in_use.lock acquired by nodename 4533@fv-az122-726
2021-09-22 10:24:08,856 [pool-265-thread-1] INFO  storage.RaftStorage (RaftStorageImpl.java:format(89)) - Storage directory /home/runner/work/ozone/ozone/hadoop-ozone/integration-test/target/test-dir/MiniOzoneClusterImpl-37bb77ab-1cd7-4f0f-8c8b-61e82082808e/datanode-0/data/ratis/0bf11d1f-42f6-42f6-8313-fec5d6b24579 has been successfully formatted.
2021-09-22 10:24:08,857 [pool-265-thread-1] INFO  ratis.ContainerStateMachine (ContainerStateMachine.java:loadSnapshot(224)) - group-FEC5D6B24579: The snapshot info is null. Setting the last applied indexto:(t:0, i:~)
2021-09-22 10:24:08,857 [pool-265-thread-1] INFO  server.RaftServerConfigKeys (ConfUtils.java:logGet(44)) - raft.server.notification.no-leader.timeout = 300s (custom)
2021-09-22 10:24:08,857 [pool-265-thread-1] INFO  server.RaftServerConfigKeys (ConfUtils.java:logGet(44)) - raft.server.log.use.memory = false (default)
2021-09-22 10:24:08,857 [pool-265-thread-1] INFO  server.RaftServerConfigKeys (ConfUtils.java:logGet(44)) - raft.server.log.purge.gap = 1000000 (custom)
2021-09-22 10:24:08,857 [pool-265-thread-1] INFO  server.RaftServerConfigKeys (ConfUtils.java:logGet(44)) - raft.server.log.appender.buffer.byte-limit = 33554432 (custom)
2021-09-22 10:24:08,860 [EventQueue-OpenPipelineForHealthyPipelineSafeModeRule] INFO  safemode.SCMSafeModeManager (HealthyPipelineSafeModeRule.java:process(124)) - SCM in safe mode. Healthy pipelines reported count is 0, required healthy pipeline reported count is 1
2021-09-22 10:24:08,862 [EventQueue-OpenPipelineForHealthyPipelineSafeModeRule] INFO  safemode.SCMSafeModeManager (HealthyPipelineSafeModeRule.java:process(124)) - SCM in safe mode. Healthy pipelines reported count is 0, required healthy pipeline reported count is 1
2021-09-22 10:24:08,862 [pool-265-thread-1] INFO  server.RaftServerConfigKeys (ConfUtils.java:logGet(44)) - raft.server.log.segment.size.max = 1048576 (custom)
2021-09-22 10:24:08,863 [pool-265-thread-1] INFO  server.RaftServerConfigKeys (ConfUtils.java:logGet(44)) - raft.server.log.segment.cache.num.max = 2 (custom)
2021-09-22 10:24:08,863 [pool-265-thread-1] INFO  server.RaftServerConfigKeys (ConfUtils.java:logGet(44)) - raft.server.log.segment.cache.size.max = 200MB (=209715200) (default)
2021-09-22 10:24:08,863 [pool-265-thread-1] INFO  segmented.SegmentedRaftLogWorker (SegmentedRaftLogWorker.java:<init>(182)) - new f12b8819-3292-4aaa-8592-45fcb8486f00@group-FEC5D6B24579-SegmentedRaftLogWorker for RaftStorageImpl:Storage Directory /home/runner/work/ozone/ozone/hadoop-ozone/integration-test/target/test-dir/MiniOzoneClusterImpl-37bb77ab-1cd7-4f0f-8c8b-61e82082808e/datanode-0/data/ratis/0bf11d1f-42f6-42f6-8313-fec5d6b24579
2021-09-22 10:24:08,863 [pool-265-thread-1] INFO  server.RaftServerConfigKeys (ConfUtils.java:logGet(44)) - raft.server.log.queue.byte-limit = 2147483647 (custom)
2021-09-22 10:24:08,863 [pool-265-thread-1] INFO  server.RaftServerConfigKeys (ConfUtils.java:logGet(44)) - raft.server.log.queue.element-limit = 1024 (custom)
2021-09-22 10:24:08,864 [pool-265-thread-1] INFO  server.RaftServerConfigKeys (ConfUtils.java:logGet(44)) - raft.server.log.segment.size.max = 1048576 (custom)
2021-09-22 10:24:08,864 [pool-265-thread-1] INFO  server.RaftServerConfigKeys (ConfUtils.java:logGet(44)) - raft.server.log.preallocated.size = 16384 (custom)
2021-09-22 10:24:08,864 [pool-265-thread-1] INFO  server.RaftServerConfigKeys (ConfUtils.java:logGet(44)) - raft.server.log.force.sync.num = 128 (default)
2021-09-22 10:24:08,864 [pool-265-thread-1] INFO  server.RaftServerConfigKeys (ConfUtils.java:logGet(44)) - raft.server.log.statemachine.data.sync = true (default)
2021-09-22 10:24:08,864 [pool-265-thread-1] INFO  server.RaftServerConfigKeys (ConfUtils.java:logGet(44)) - raft.server.log.statemachine.data.sync.timeout = 10s (default)
2021-09-22 10:24:08,864 [pool-265-thread-1] INFO  server.RaftServerConfigKeys (ConfUtils.java:logGet(44)) - raft.server.log.statemachine.data.sync.timeout.retry = -1 (default)
2021-09-22 10:24:08,865 [pool-265-thread-1] INFO  server.RaftServerConfigKeys (ConfUtils.java:logGet(44)) - raft.server.log.write.buffer.size = 1048576 (custom)
2021-09-22 10:24:08,866 [pool-265-thread-1] INFO  server.RaftServerConfigKeys (ConfUtils.java:logGet(44)) - raft.server.log.statemachine.data.caching.enabled = true (custom)
2021-09-22 10:24:08,884 [pool-265-thread-1] INFO  segmented.SegmentedRaftLogWorker (SegmentedRaftLogWorker.java:lambda$new$0(133)) - f12b8819-3292-4aaa-8592-45fcb8486f00@group-FEC5D6B24579-SegmentedRaftLogWorker: flushIndex: setUnconditionally 0 -> -1
2021-09-22 10:24:08,884 [pool-265-thread-1] INFO  segmented.SegmentedRaftLogWorker (SegmentedRaftLogWorker.java:lambda$new$0(133)) - f12b8819-3292-4aaa-8592-45fcb8486f00@group-FEC5D6B24579-SegmentedRaftLogWorker: safeCacheEvictIndex: setUnconditionally 0 -> -1
2021-09-22 10:24:08,889 [pool-265-thread-1] INFO  server.RaftServerConfigKeys (ConfUtils.java:logGet(44)) - raft.server.snapshot.auto.trigger.enabled = true (custom)
2021-09-22 10:24:08,890 [pool-265-thread-1] INFO  server.RaftServerConfigKeys (ConfUtils.java:logGet(44)) - raft.server.snapshot.auto.trigger.threshold = 10000 (custom)
2021-09-22 10:24:08,890 [pool-265-thread-1] INFO  server.RaftServerConfigKeys (ConfUtils.java:logGet(44)) - raft.server.snapshot.retention.file.num = 5 (custom)
2021-09-22 10:24:08,890 [pool-265-thread-1] INFO  server.RaftServerConfigKeys (ConfUtils.java:logGet(44)) - raft.server.log.purge.upto.snapshot.index = false (default)
2021-09-22 10:24:08,890 [pool-265-thread-1] INFO  server.RaftServerConfigKeys (ConfUtils.java:logGet(44)) - raft.server.retrycache.expirytime = 600000ms (custom)
2021-09-22 10:24:08,890 [pool-265-thread-1] INFO  server.RaftServerConfigKeys (ConfUtils.java:logGet(44)) - raft.server.retrycache.statistics.expirytime = 100μs (default)
2021-09-22 10:24:08,890 [Command processor thread] INFO  server.RaftServer (RaftServerProxy.java:addNew(95)) - 523ca5f6-ff53-4fd3-97b8-2ae94a10fc0e: addNew group-F6FDB51ACFCF:[523ca5f6-ff53-4fd3-97b8-2ae94a10fc0e|rpc:127.0.0.1:41341|priority:1] returns group-F6FDB51ACFCF:java.util.concurrent.CompletableFuture@79443189[Not completed]
2021-09-22 10:24:08,891 [pool-286-thread-1] INFO  server.RaftServer$Division (RaftServerImpl.java:<init>(181)) - 523ca5f6-ff53-4fd3-97b8-2ae94a10fc0e: new RaftServerImpl for group-F6FDB51ACFCF:[523ca5f6-ff53-4fd3-97b8-2ae94a10fc0e|rpc:127.0.0.1:41341|priority:1] with ContainerStateMachine:uninitialized
2021-09-22 10:24:08,891 [pool-286-thread-1] INFO  server.RaftServerConfigKeys (ConfUtils.java:logGet(44)) - raft.server.rpc.timeout.min = 5s (custom)
2021-09-22 10:24:08,891 [pool-286-thread-1] INFO  server.RaftServerConfigKeys (ConfUtils.java:logGet(44)) - raft.server.rpc.timeout.max = 5200ms (custom)
2021-09-22 10:24:08,891 [pool-286-thread-1] INFO  server.RaftServerConfigKeys (ConfUtils.java:logGet(44)) - raft.server.rpc.sleep.time = 25ms (default)
2021-09-22 10:24:08,891 [pool-286-thread-1] INFO  server.RaftServerConfigKeys (ConfUtils.java:logGet(44)) - raft.server.rpc.slowness.timeout = 300s (custom)
2021-09-22 10:24:08,891 [pool-286-thread-1] INFO  server.RaftServerConfigKeys (ConfUtils.java:logGet(44)) - raft.server.leaderelection.leader.step-down.wait-time = 10s (default)
2021-09-22 10:24:08,891 [pool-286-thread-1] INFO  server.RaftServerConfigKeys (ConfUtils.java:logGet(44)) - raft.server.sleep.deviation.threshold = 300ms (default)
2021-09-22 10:24:08,891 [pool-286-thread-1] INFO  server.RaftServerConfigKeys (ConfUtils.java:logGet(44)) - raft.server.log.appender.install.snapshot.enabled = false (custom)
2021-09-22 10:24:08,891 [pool-286-thread-1] INFO  server.RaftServer$Division (ServerState.java:<init>(105)) - 523ca5f6-ff53-4fd3-97b8-2ae94a10fc0e@group-F6FDB51ACFCF: ConfigurationManager, init=-1: [523ca5f6-ff53-4fd3-97b8-2ae94a10fc0e|rpc:127.0.0.1:41341|priority:1], old=null, confs=<EMPTY_MAP>
2021-09-22 10:24:08,891 [pool-286-thread-1] INFO  server.RaftServerConfigKeys (ConfUtils.java:logGet(44)) - raft.server.storage.dir = [/home/runner/work/ozone/ozone/hadoop-ozone/integration-test/target/test-dir/MiniOzoneClusterImpl-37bb77ab-1cd7-4f0f-8c8b-61e82082808e/datanode-1/data/ratis] (custom)
2021-09-22 10:24:08,892 [pool-286-thread-1] INFO  server.RaftServerConfigKeys (ConfUtils.java:logGet(44)) - raft.server.log.corruption.policy = EXCEPTION (default)
2021-09-22 10:24:08,892 [pool-286-thread-1] INFO  server.RaftServerConfigKeys (ConfUtils.java:logGet(44)) - raft.server.storage.free-space.min = 0MB (=0) (default)
2021-09-22 10:24:08,892 [pool-286-thread-1] INFO  storage.RaftStorageDirectory (RaftStorageDirectoryImpl.java:analyzeStorage(135)) - The storage directory /home/runner/work/ozone/ozone/hadoop-ozone/integration-test/target/test-dir/MiniOzoneClusterImpl-37bb77ab-1cd7-4f0f-8c8b-61e82082808e/datanode-1/data/ratis/b7668ecb-6134-4093-9b3f-f6fdb51acfcf does not exist. Creating ...
2021-09-22 10:24:08,894 [pool-286-thread-1] INFO  storage.RaftStorageDirectory (RaftStorageDirectoryImpl.java:tryLock(230)) - Lock on /home/runner/work/ozone/ozone/hadoop-ozone/integration-test/target/test-dir/MiniOzoneClusterImpl-37bb77ab-1cd7-4f0f-8c8b-61e82082808e/datanode-1/data/ratis/b7668ecb-6134-4093-9b3f-f6fdb51acfcf/in_use.lock acquired by nodename 4533@fv-az122-726
2021-09-22 10:24:08,896 [pool-265-thread-1] INFO  server.RaftServer$Division (RaftServerImpl.java:start(296)) - f12b8819-3292-4aaa-8592-45fcb8486f00@group-FEC5D6B24579: start as a follower, conf=-1: [523ca5f6-ff53-4fd3-97b8-2ae94a10fc0e|rpc:127.0.0.1:41341|priority:0, d7bf25b9-218d-4f93-a950-cbf604fb8be9|rpc:127.0.0.1:43373|priority:1, f12b8819-3292-4aaa-8592-45fcb8486f00|rpc:127.0.0.1:37357|priority:0], old=null
2021-09-22 10:24:08,896 [pool-265-thread-1] INFO  server.RaftServer$Division (RaftServerImpl.java:setRole(285)) - f12b8819-3292-4aaa-8592-45fcb8486f00@group-FEC5D6B24579: changes role from      null to FOLLOWER at term 0 for startAsFollower
2021-09-22 10:24:08,896 [pool-265-thread-1] INFO  impl.RoleInfo (RoleInfo.java:updateAndGet(130)) - f12b8819-3292-4aaa-8592-45fcb8486f00: start f12b8819-3292-4aaa-8592-45fcb8486f00@group-FEC5D6B24579-FollowerState
2021-09-22 10:24:08,896 [pool-286-thread-1] INFO  storage.RaftStorage (RaftStorageImpl.java:format(89)) - Storage directory /home/runner/work/ozone/ozone/hadoop-ozone/integration-test/target/test-dir/MiniOzoneClusterImpl-37bb77ab-1cd7-4f0f-8c8b-61e82082808e/datanode-1/data/ratis/b7668ecb-6134-4093-9b3f-f6fdb51acfcf has been successfully formatted.
2021-09-22 10:24:08,902 [pool-265-thread-1] INFO  util.JmxRegister (JmxRegister.java:tryRegister(44)) - Successfully registered JMX Bean with object name Ratis:service=RaftServer,group=group-FEC5D6B24579,id=f12b8819-3292-4aaa-8592-45fcb8486f00
2021-09-22 10:24:08,910 [Command processor thread] INFO  ratis.XceiverServerRatis (XceiverServerRatis.java:addGroup(762)) - Created group PipelineID=0bf11d1f-42f6-42f6-8313-fec5d6b24579
2021-09-22 10:24:08,912 [EventQueue-PipelineReportForPipelineReportHandler] INFO  pipeline.PipelineManagerImpl (PipelineManagerImpl.java:openPipeline(282)) - Pipeline Pipeline[ Id: b7668ecb-6134-4093-9b3f-f6fdb51acfcf, Nodes: 523ca5f6-ff53-4fd3-97b8-2ae94a10fc0e{ip: 127.0.0.1, host: localhost, ports: [REPLICATION=36777, RATIS=41341, RATIS_ADMIN=41341, RATIS_SERVER=41341, STANDALONE=36643], networkLocation: /default-rack, certSerialId: null, persistedOpState: IN_SERVICE, persistedOpStateExpiryEpochSec: 0}, ReplicationConfig: RATIS/ONE, State:ALLOCATED, leaderId:523ca5f6-ff53-4fd3-97b8-2ae94a10fc0e, CreationTimestamp2021-09-22T10:24:05.901Z[Etc/UTC]] moved to OPEN state
2021-09-22 10:24:08,910 [pool-286-thread-1] INFO  ratis.ContainerStateMachine (ContainerStateMachine.java:loadSnapshot(224)) - group-F6FDB51ACFCF: The snapshot info is null. Setting the last applied indexto:(t:0, i:~)
2021-09-22 10:24:08,912 [pool-286-thread-1] INFO  server.RaftServerConfigKeys (ConfUtils.java:logGet(44)) - raft.server.notification.no-leader.timeout = 300s (custom)
2021-09-22 10:24:08,912 [pool-286-thread-1] INFO  server.RaftServerConfigKeys (ConfUtils.java:logGet(44)) - raft.server.log.use.memory = false (default)
2021-09-22 10:24:08,912 [pool-286-thread-1] INFO  server.RaftServerConfigKeys (ConfUtils.java:logGet(44)) - raft.server.log.purge.gap = 1000000 (custom)
2021-09-22 10:24:08,912 [pool-286-thread-1] INFO  server.RaftServerConfigKeys (ConfUtils.java:logGet(44)) - raft.server.log.appender.buffer.byte-limit = 33554432 (custom)
2021-09-22 10:24:08,913 [pool-286-thread-1] INFO  server.RaftServerConfigKeys (ConfUtils.java:logGet(44)) - raft.server.log.segment.size.max = 1048576 (custom)
2021-09-22 10:24:08,913 [pool-286-thread-1] INFO  server.RaftServerConfigKeys (ConfUtils.java:logGet(44)) - raft.server.log.segment.cache.num.max = 2 (custom)
2021-09-22 10:24:08,913 [pool-286-thread-1] INFO  server.RaftServerConfigKeys (ConfUtils.java:logGet(44)) - raft.server.log.segment.cache.size.max = 200MB (=209715200) (default)
2021-09-22 10:24:08,913 [pool-286-thread-1] INFO  segmented.SegmentedRaftLogWorker (SegmentedRaftLogWorker.java:<init>(182)) - new 523ca5f6-ff53-4fd3-97b8-2ae94a10fc0e@group-F6FDB51ACFCF-SegmentedRaftLogWorker for RaftStorageImpl:Storage Directory /home/runner/work/ozone/ozone/hadoop-ozone/integration-test/target/test-dir/MiniOzoneClusterImpl-37bb77ab-1cd7-4f0f-8c8b-61e82082808e/datanode-1/data/ratis/b7668ecb-6134-4093-9b3f-f6fdb51acfcf
2021-09-22 10:24:08,913 [pool-286-thread-1] INFO  server.RaftServerConfigKeys (ConfUtils.java:logGet(44)) - raft.server.log.queue.byte-limit = 2147483647 (custom)
2021-09-22 10:24:08,913 [pool-286-thread-1] INFO  server.RaftServerConfigKeys (ConfUtils.java:logGet(44)) - raft.server.log.queue.element-limit = 1024 (custom)
2021-09-22 10:24:08,913 [pool-286-thread-1] INFO  server.RaftServerConfigKeys (ConfUtils.java:logGet(44)) - raft.server.log.segment.size.max = 1048576 (custom)
2021-09-22 10:24:08,913 [pool-286-thread-1] INFO  server.RaftServerConfigKeys (ConfUtils.java:logGet(44)) - raft.server.log.preallocated.size = 16384 (custom)
2021-09-22 10:24:08,913 [pool-286-thread-1] INFO  server.RaftServerConfigKeys (ConfUtils.java:logGet(44)) - raft.server.log.force.sync.num = 128 (default)
2021-09-22 10:24:08,913 [pool-286-thread-1] INFO  server.RaftServerConfigKeys (ConfUtils.java:logGet(44)) - raft.server.log.statemachine.data.sync = true (default)
2021-09-22 10:24:08,914 [pool-286-thread-1] INFO  server.RaftServerConfigKeys (ConfUtils.java:logGet(44)) - raft.server.log.statemachine.data.sync.timeout = 10s (default)
2021-09-22 10:24:08,914 [pool-286-thread-1] INFO  server.RaftServerConfigKeys (ConfUtils.java:logGet(44)) - raft.server.log.statemachine.data.sync.timeout.retry = -1 (default)
2021-09-22 10:24:08,915 [EventQueue-PipelineReportForPipelineReportHandler] INFO  pipeline.PipelineManagerImpl (PipelineManagerImpl.java:openPipeline(282)) - Pipeline Pipeline[ Id: b7668ecb-6134-4093-9b3f-f6fdb51acfcf, Nodes: 523ca5f6-ff53-4fd3-97b8-2ae94a10fc0e{ip: 127.0.0.1, host: localhost, ports: [REPLICATION=36777, RATIS=41341, RATIS_ADMIN=41341, RATIS_SERVER=41341, STANDALONE=36643], networkLocation: /default-rack, certSerialId: null, persistedOpState: IN_SERVICE, persistedOpStateExpiryEpochSec: 0}, ReplicationConfig: RATIS/ONE, State:ALLOCATED, leaderId:523ca5f6-ff53-4fd3-97b8-2ae94a10fc0e, CreationTimestamp2021-09-22T10:24:05.901Z[Etc/UTC]] moved to OPEN state
2021-09-22 10:24:08,912 [EventQueue-PipelineReportForPipelineReportHandler] INFO  ha.SCMHAInvocationHandler (SCMHAInvocationHandler.java:invokeRatis(113)) - Invoking method public abstract void org.apache.hadoop.hdds.scm.pipeline.StateManager.updatePipelineState(org.apache.hadoop.hdds.protocol.proto.HddsProtos$PipelineID,org.apache.hadoop.hdds.protocol.proto.HddsProtos$PipelineState) throws java.io.IOException on target org.apache.hadoop.hdds.scm.ha.SCMRatisServerImpl@75c7c3f9, cost 241.601us
2021-09-22 10:24:08,918 [pool-286-thread-1] INFO  server.RaftServerConfigKeys (ConfUtils.java:logGet(44)) - raft.server.log.write.buffer.size = 1048576 (custom)
2021-09-22 10:24:08,919 [pool-286-thread-1] INFO  server.RaftServerConfigKeys (ConfUtils.java:logGet(44)) - raft.server.log.statemachine.data.caching.enabled = true (custom)
2021-09-22 10:24:08,919 [pool-286-thread-1] INFO  segmented.SegmentedRaftLogWorker (SegmentedRaftLogWorker.java:lambda$new$0(133)) - 523ca5f6-ff53-4fd3-97b8-2ae94a10fc0e@group-F6FDB51ACFCF-SegmentedRaftLogWorker: flushIndex: setUnconditionally 0 -> -1
2021-09-22 10:24:08,919 [pool-286-thread-1] INFO  segmented.SegmentedRaftLogWorker (SegmentedRaftLogWorker.java:lambda$new$0(133)) - 523ca5f6-ff53-4fd3-97b8-2ae94a10fc0e@group-F6FDB51ACFCF-SegmentedRaftLogWorker: safeCacheEvictIndex: setUnconditionally 0 -> -1
2021-09-22 10:24:08,919 [grpc-default-executor-0] INFO  server.RaftServer (RaftServerProxy.java:addNew(95)) - 523ca5f6-ff53-4fd3-97b8-2ae94a10fc0e: addNew group-FEC5D6B24579:[523ca5f6-ff53-4fd3-97b8-2ae94a10fc0e|rpc:127.0.0.1:41341|dataStream:|priority:0, d7bf25b9-218d-4f93-a950-cbf604fb8be9|rpc:127.0.0.1:43373|dataStream:|priority:1, f12b8819-3292-4aaa-8592-45fcb8486f00|rpc:127.0.0.1:37357|dataStream:|priority:0] returns group-FEC5D6B24579:java.util.concurrent.CompletableFuture@538e0007[Not completed]
2021-09-22 10:24:08,940 [pool-286-thread-1] INFO  server.RaftServerConfigKeys (ConfUtils.java:logGet(44)) - raft.server.snapshot.auto.trigger.enabled = true (custom)
2021-09-22 10:24:08,940 [pool-286-thread-1] INFO  server.RaftServerConfigKeys (ConfUtils.java:logGet(44)) - raft.server.snapshot.auto.trigger.threshold = 10000 (custom)
2021-09-22 10:24:08,940 [pool-286-thread-1] INFO  server.RaftServerConfigKeys (ConfUtils.java:logGet(44)) - raft.server.snapshot.retention.file.num = 5 (custom)
2021-09-22 10:24:08,940 [pool-286-thread-1] INFO  server.RaftServerConfigKeys (ConfUtils.java:logGet(44)) - raft.server.log.purge.upto.snapshot.index = false (default)
2021-09-22 10:24:08,944 [pool-286-thread-1] INFO  server.RaftServerConfigKeys (ConfUtils.java:logGet(44)) - raft.server.retrycache.expirytime = 600000ms (custom)
2021-09-22 10:24:08,944 [pool-286-thread-1] INFO  server.RaftServerConfigKeys (ConfUtils.java:logGet(44)) - raft.server.retrycache.statistics.expirytime = 100μs (default)
2021-09-22 10:24:08,946 [pool-286-thread-1] INFO  server.RaftServer$Division (RaftServerImpl.java:<init>(181)) - 523ca5f6-ff53-4fd3-97b8-2ae94a10fc0e: new RaftServerImpl for group-FEC5D6B24579:[523ca5f6-ff53-4fd3-97b8-2ae94a10fc0e|rpc:127.0.0.1:41341|dataStream:|priority:0, d7bf25b9-218d-4f93-a950-cbf604fb8be9|rpc:127.0.0.1:43373|dataStream:|priority:1, f12b8819-3292-4aaa-8592-45fcb8486f00|rpc:127.0.0.1:37357|dataStream:|priority:0] with ContainerStateMachine:uninitialized
2021-09-22 10:24:08,946 [pool-286-thread-1] INFO  server.RaftServerConfigKeys (ConfUtils.java:logGet(44)) - raft.server.rpc.timeout.min = 5s (custom)
2021-09-22 10:24:08,946 [pool-286-thread-1] INFO  server.RaftServerConfigKeys (ConfUtils.java:logGet(44)) - raft.server.rpc.timeout.max = 5200ms (custom)
2021-09-22 10:24:08,946 [pool-286-thread-1] INFO  server.RaftServerConfigKeys (ConfUtils.java:logGet(44)) - raft.server.rpc.sleep.time = 25ms (default)
2021-09-22 10:24:08,947 [pool-286-thread-1] INFO  server.RaftServerConfigKeys (ConfUtils.java:logGet(44)) - raft.server.rpc.slowness.timeout = 300s (custom)
2021-09-22 10:24:08,947 [pool-286-thread-1] INFO  server.RaftServerConfigKeys (ConfUtils.java:logGet(44)) - raft.server.leaderelection.leader.step-down.wait-time = 10s (default)
2021-09-22 10:24:08,947 [pool-286-thread-1] INFO  server.RaftServerConfigKeys (ConfUtils.java:logGet(44)) - raft.server.sleep.deviation.threshold = 300ms (default)
2021-09-22 10:24:08,947 [pool-286-thread-1] INFO  server.RaftServerConfigKeys (ConfUtils.java:logGet(44)) - raft.server.log.appender.install.snapshot.enabled = false (custom)
2021-09-22 10:24:08,947 [pool-286-thread-1] INFO  server.RaftServer$Division (ServerState.java:<init>(105)) - 523ca5f6-ff53-4fd3-97b8-2ae94a10fc0e@group-FEC5D6B24579: ConfigurationManager, init=-1: [523ca5f6-ff53-4fd3-97b8-2ae94a10fc0e|rpc:127.0.0.1:41341|dataStream:|priority:0, d7bf25b9-218d-4f93-a950-cbf604fb8be9|rpc:127.0.0.1:43373|dataStream:|priority:1, f12b8819-3292-4aaa-8592-45fcb8486f00|rpc:127.0.0.1:37357|dataStream:|priority:0], old=null, confs=<EMPTY_MAP>
2021-09-22 10:24:08,947 [pool-286-thread-1] INFO  server.RaftServerConfigKeys (ConfUtils.java:logGet(44)) - raft.server.storage.dir = [/home/runner/work/ozone/ozone/hadoop-ozone/integration-test/target/test-dir/MiniOzoneClusterImpl-37bb77ab-1cd7-4f0f-8c8b-61e82082808e/datanode-1/data/ratis] (custom)
2021-09-22 10:24:08,947 [pool-286-thread-1] INFO  server.RaftServerConfigKeys (ConfUtils.java:logGet(44)) - raft.server.log.corruption.policy = EXCEPTION (default)
2021-09-22 10:24:08,947 [pool-286-thread-1] INFO  server.RaftServerConfigKeys (ConfUtils.java:logGet(44)) - raft.server.storage.free-space.min = 0MB (=0) (default)
2021-09-22 10:24:08,947 [pool-286-thread-1] INFO  storage.RaftStorageDirectory (RaftStorageDirectoryImpl.java:analyzeStorage(135)) - The storage directory /home/runner/work/ozone/ozone/hadoop-ozone/integration-test/target/test-dir/MiniOzoneClusterImpl-37bb77ab-1cd7-4f0f-8c8b-61e82082808e/datanode-1/data/ratis/0bf11d1f-42f6-42f6-8313-fec5d6b24579 does not exist. Creating ...
2021-09-22 10:24:08,949 [pool-286-thread-1] INFO  storage.RaftStorageDirectory (RaftStorageDirectoryImpl.java:tryLock(230)) - Lock on /home/runner/work/ozone/ozone/hadoop-ozone/integration-test/target/test-dir/MiniOzoneClusterImpl-37bb77ab-1cd7-4f0f-8c8b-61e82082808e/datanode-1/data/ratis/0bf11d1f-42f6-42f6-8313-fec5d6b24579/in_use.lock acquired by nodename 4533@fv-az122-726
2021-09-22 10:24:08,950 [6cde2b08-89b9-430e-b77c-97253f43be03@group-61E82082808E-StateMachineUpdater] INFO  safemode.HealthyPipelineSafeModeRule (HealthyPipelineSafeModeRule.java:initializeRule(152)) - Refreshed total pipeline count is 0, healthy pipeline threshold count is 1
2021-09-22 10:24:08,950 [EventQueue-PipelineReportForPipelineReportHandler] INFO  ha.SCMHAInvocationHandler (SCMHAInvocationHandler.java:invokeRatis(113)) - Invoking method public abstract void org.apache.hadoop.hdds.scm.pipeline.StateManager.updatePipelineState(org.apache.hadoop.hdds.protocol.proto.HddsProtos$PipelineID,org.apache.hadoop.hdds.protocol.proto.HddsProtos$PipelineState) throws java.io.IOException on target org.apache.hadoop.hdds.scm.ha.SCMRatisServerImpl@5f5c945c, cost 35094.224us
2021-09-22 10:24:08,951 [EventQueue-OpenPipelineForHealthyPipelineSafeModeRule] INFO  safemode.SCMSafeModeManager (HealthyPipelineSafeModeRule.java:process(124)) - SCM in safe mode. Healthy pipelines reported count is 0, required healthy pipeline reported count is 1
2021-09-22 10:24:08,953 [pool-286-thread-1] INFO  storage.RaftStorage (RaftStorageImpl.java:format(89)) - Storage directory /home/runner/work/ozone/ozone/hadoop-ozone/integration-test/target/test-dir/MiniOzoneClusterImpl-37bb77ab-1cd7-4f0f-8c8b-61e82082808e/datanode-1/data/ratis/0bf11d1f-42f6-42f6-8313-fec5d6b24579 has been successfully formatted.
2021-09-22 10:24:08,960 [pool-286-thread-1] INFO  ratis.ContainerStateMachine (ContainerStateMachine.java:loadSnapshot(224)) - group-FEC5D6B24579: The snapshot info is null. Setting the last applied indexto:(t:0, i:~)
2021-09-22 10:24:08,960 [pool-286-thread-1] INFO  server.RaftServerConfigKeys (ConfUtils.java:logGet(44)) - raft.server.notification.no-leader.timeout = 300s (custom)
2021-09-22 10:24:08,960 [pool-286-thread-1] INFO  server.RaftServerConfigKeys (ConfUtils.java:logGet(44)) - raft.server.log.use.memory = false (default)
2021-09-22 10:24:08,960 [pool-286-thread-1] INFO  server.RaftServerConfigKeys (ConfUtils.java:logGet(44)) - raft.server.log.purge.gap = 1000000 (custom)
2021-09-22 10:24:08,960 [6f37d426-3152-46b4-8a1e-16c91badf795@group-61E82082808E-StateMachineUpdater] INFO  safemode.HealthyPipelineSafeModeRule (HealthyPipelineSafeModeRule.java:initializeRule(152)) - Refreshed total pipeline count is 0, healthy pipeline threshold count is 1
2021-09-22 10:24:08,960 [pool-286-thread-1] INFO  server.RaftServerConfigKeys (ConfUtils.java:logGet(44)) - raft.server.log.appender.buffer.byte-limit = 33554432 (custom)
2021-09-22 10:24:08,962 [pool-286-thread-1] INFO  server.RaftServerConfigKeys (ConfUtils.java:logGet(44)) - raft.server.log.segment.size.max = 1048576 (custom)
2021-09-22 10:24:08,962 [pool-286-thread-1] INFO  server.RaftServerConfigKeys (ConfUtils.java:logGet(44)) - raft.server.log.segment.cache.num.max = 2 (custom)
2021-09-22 10:24:08,962 [pool-286-thread-1] INFO  server.RaftServerConfigKeys (ConfUtils.java:logGet(44)) - raft.server.log.segment.cache.size.max = 200MB (=209715200) (default)
2021-09-22 10:24:08,962 [pool-286-thread-1] INFO  segmented.SegmentedRaftLogWorker (SegmentedRaftLogWorker.java:<init>(182)) - new 523ca5f6-ff53-4fd3-97b8-2ae94a10fc0e@group-FEC5D6B24579-SegmentedRaftLogWorker for RaftStorageImpl:Storage Directory /home/runner/work/ozone/ozone/hadoop-ozone/integration-test/target/test-dir/MiniOzoneClusterImpl-37bb77ab-1cd7-4f0f-8c8b-61e82082808e/datanode-1/data/ratis/0bf11d1f-42f6-42f6-8313-fec5d6b24579
2021-09-22 10:24:08,962 [pool-286-thread-1] INFO  server.RaftServerConfigKeys (ConfUtils.java:logGet(44)) - raft.server.log.queue.byte-limit = 2147483647 (custom)
2021-09-22 10:24:08,962 [pool-286-thread-1] INFO  server.RaftServerConfigKeys (ConfUtils.java:logGet(44)) - raft.server.log.queue.element-limit = 1024 (custom)
2021-09-22 10:24:08,963 [pool-286-thread-1] INFO  server.RaftServerConfigKeys (ConfUtils.java:logGet(44)) - raft.server.log.segment.size.max = 1048576 (custom)
2021-09-22 10:24:08,963 [pool-286-thread-1] INFO  server.RaftServerConfigKeys (ConfUtils.java:logGet(44)) - raft.server.log.preallocated.size = 16384 (custom)
2021-09-22 10:24:08,963 [pool-286-thread-1] INFO  server.RaftServerConfigKeys (ConfUtils.java:logGet(44)) - raft.server.log.force.sync.num = 128 (default)
2021-09-22 10:24:08,963 [pool-286-thread-1] INFO  server.RaftServerConfigKeys (ConfUtils.java:logGet(44)) - raft.server.log.statemachine.data.sync = true (default)
2021-09-22 10:24:08,963 [pool-286-thread-1] INFO  server.RaftServerConfigKeys (ConfUtils.java:logGet(44)) - raft.server.log.statemachine.data.sync.timeout = 10s (default)
2021-09-22 10:24:08,963 [pool-286-thread-1] INFO  server.RaftServerConfigKeys (ConfUtils.java:logGet(44)) - raft.server.log.statemachine.data.sync.timeout.retry = -1 (default)
2021-09-22 10:24:08,963 [EventQueue-OpenPipelineForHealthyPipelineSafeModeRule] INFO  safemode.SCMSafeModeManager (HealthyPipelineSafeModeRule.java:process(124)) - SCM in safe mode. Healthy pipelines reported count is 0, required healthy pipeline reported count is 1
2021-09-22 10:24:08,964 [EventQueue-OpenPipelineForHealthyPipelineSafeModeRule] INFO  safemode.SCMSafeModeManager (HealthyPipelineSafeModeRule.java:process(124)) - SCM in safe mode. Healthy pipelines reported count is 0, required healthy pipeline reported count is 1
2021-09-22 10:24:08,965 [pool-286-thread-1] INFO  server.RaftServerConfigKeys (ConfUtils.java:logGet(44)) - raft.server.log.write.buffer.size = 1048576 (custom)
2021-09-22 10:24:08,966 [pool-286-thread-1] INFO  server.RaftServerConfigKeys (ConfUtils.java:logGet(44)) - raft.server.log.statemachine.data.caching.enabled = true (custom)
2021-09-22 10:24:08,966 [6cde2b08-89b9-430e-b77c-97253f43be03@group-61E82082808E-StateMachineUpdater] INFO  ha.SCMStateMachine (SCMStateMachine.java:takeSnapshot(290)) - Current Snapshot Index 20, takeSnapshot took 1 ms
2021-09-22 10:24:08,966 [6cde2b08-89b9-430e-b77c-97253f43be03@group-61E82082808E-StateMachineUpdater] INFO  impl.StateMachineUpdater (StateMachineUpdater.java:takeSnapshot(281)) - 6cde2b08-89b9-430e-b77c-97253f43be03@group-61E82082808E-StateMachineUpdater: Took a snapshot at index 20
2021-09-22 10:24:08,967 [6cde2b08-89b9-430e-b77c-97253f43be03@group-61E82082808E-StateMachineUpdater] INFO  impl.StateMachineUpdater (StateMachineUpdater.java:lambda$new$0(89)) - 6cde2b08-89b9-430e-b77c-97253f43be03@group-61E82082808E-StateMachineUpdater: snapshotIndex: updateIncreasingly 15 -> 20
2021-09-22 10:24:08,967 [6cde2b08-89b9-430e-b77c-97253f43be03@group-61E82082808E-StateMachineUpdater] INFO  raftlog.RaftLog (RaftLogBase.java:purge(306)) - 6cde2b08-89b9-430e-b77c-97253f43be03@group-61E82082808E-SegmentedRaftLog: purge 20
2021-09-22 10:24:08,966 [pool-286-thread-1] INFO  segmented.SegmentedRaftLogWorker (SegmentedRaftLogWorker.java:lambda$new$0(133)) - 523ca5f6-ff53-4fd3-97b8-2ae94a10fc0e@group-FEC5D6B24579-SegmentedRaftLogWorker: flushIndex: setUnconditionally 0 -> -1
2021-09-22 10:24:08,967 [6cde2b08-89b9-430e-b77c-97253f43be03@group-61E82082808E-StateMachineUpdater] INFO  raftlog.RaftLog (RaftLogBase.java:lambda$new$0(53)) - 6cde2b08-89b9-430e-b77c-97253f43be03@group-61E82082808E-SegmentedRaftLog: snapshotIndex: updateIncreasingly 15 -> 20
2021-09-22 10:24:08,967 [6cde2b08-89b9-430e-b77c-97253f43be03@group-61E82082808E-StateMachineUpdater] INFO  raftlog.RaftLog (RaftLogBase.java:lambda$new$0(53)) - 6cde2b08-89b9-430e-b77c-97253f43be03@group-61E82082808E-SegmentedRaftLog: purgeIndex: updateToMax old=15, new=20, updated? true
2021-09-22 10:24:08,967 [pool-286-thread-1] INFO  segmented.SegmentedRaftLogWorker (SegmentedRaftLogWorker.java:lambda$new$0(133)) - 523ca5f6-ff53-4fd3-97b8-2ae94a10fc0e@group-FEC5D6B24579-SegmentedRaftLogWorker: safeCacheEvictIndex: setUnconditionally 0 -> -1
2021-09-22 10:24:08,975 [EndpointStateMachine task thread for /127.0.0.1:14513 - 0 ] INFO  ipc.Client (Client.java:handleConnectionFailure(977)) - Retrying connect to server: localhost/127.0.0.1:14513. Already tried 8 time(s); retry policy is RetryUpToMaximumCountWithFixedSleep(maxRetries=15, sleepTime=1000 MILLISECONDS)
2021-09-22 10:24:08,979 [pool-286-thread-1] INFO  server.RaftServerConfigKeys (ConfUtils.java:logGet(44)) - raft.server.snapshot.auto.trigger.enabled = true (custom)
2021-09-22 10:24:08,979 [pool-286-thread-1] INFO  server.RaftServerConfigKeys (ConfUtils.java:logGet(44)) - raft.server.snapshot.auto.trigger.threshold = 10000 (custom)
2021-09-22 10:24:08,979 [pool-286-thread-1] INFO  server.RaftServerConfigKeys (ConfUtils.java:logGet(44)) - raft.server.snapshot.retention.file.num = 5 (custom)
2021-09-22 10:24:08,979 [pool-286-thread-1] INFO  server.RaftServerConfigKeys (ConfUtils.java:logGet(44)) - raft.server.log.purge.upto.snapshot.index = false (default)
2021-09-22 10:24:08,979 [pool-286-thread-1] INFO  server.RaftServerConfigKeys (ConfUtils.java:logGet(44)) - raft.server.retrycache.expirytime = 600000ms (custom)
2021-09-22 10:24:08,979 [pool-286-thread-1] INFO  server.RaftServerConfigKeys (ConfUtils.java:logGet(44)) - raft.server.retrycache.statistics.expirytime = 100μs (default)
2021-09-22 10:24:08,980 [pool-286-thread-1] INFO  server.RaftServer$Division (RaftServerImpl.java:start(296)) - 523ca5f6-ff53-4fd3-97b8-2ae94a10fc0e@group-F6FDB51ACFCF: start as a follower, conf=-1: [523ca5f6-ff53-4fd3-97b8-2ae94a10fc0e|rpc:127.0.0.1:41341|priority:1], old=null
2021-09-22 10:24:08,980 [pool-286-thread-1] INFO  server.RaftServer$Division (RaftServerImpl.java:setRole(285)) - 523ca5f6-ff53-4fd3-97b8-2ae94a10fc0e@group-F6FDB51ACFCF: changes role from      null to FOLLOWER at term 0 for startAsFollower
2021-09-22 10:24:08,980 [pool-286-thread-1] INFO  impl.RoleInfo (RoleInfo.java:updateAndGet(130)) - 523ca5f6-ff53-4fd3-97b8-2ae94a10fc0e: start 523ca5f6-ff53-4fd3-97b8-2ae94a10fc0e@group-F6FDB51ACFCF-FollowerState
2021-09-22 10:24:08,989 [pool-286-thread-1] INFO  util.JmxRegister (JmxRegister.java:tryRegister(44)) - Successfully registered JMX Bean with object name Ratis:service=RaftServer,group=group-F6FDB51ACFCF,id=523ca5f6-ff53-4fd3-97b8-2ae94a10fc0e
2021-09-22 10:24:08,996 [pool-286-thread-1] INFO  server.RaftServer$Division (RaftServerImpl.java:start(296)) - 523ca5f6-ff53-4fd3-97b8-2ae94a10fc0e@group-FEC5D6B24579: start as a follower, conf=-1: [523ca5f6-ff53-4fd3-97b8-2ae94a10fc0e|rpc:127.0.0.1:41341|dataStream:|priority:0, d7bf25b9-218d-4f93-a950-cbf604fb8be9|rpc:127.0.0.1:43373|dataStream:|priority:1, f12b8819-3292-4aaa-8592-45fcb8486f00|rpc:127.0.0.1:37357|dataStream:|priority:0], old=null
2021-09-22 10:24:08,996 [pool-286-thread-1] INFO  server.RaftServer$Division (RaftServerImpl.java:setRole(285)) - 523ca5f6-ff53-4fd3-97b8-2ae94a10fc0e@group-FEC5D6B24579: changes role from      null to FOLLOWER at term 0 for startAsFollower
2021-09-22 10:24:08,996 [pool-286-thread-1] INFO  impl.RoleInfo (RoleInfo.java:updateAndGet(130)) - 523ca5f6-ff53-4fd3-97b8-2ae94a10fc0e: start 523ca5f6-ff53-4fd3-97b8-2ae94a10fc0e@group-FEC5D6B24579-FollowerState
2021-09-22 10:24:08,996 [Command processor thread] INFO  ratis.XceiverServerRatis (XceiverServerRatis.java:addGroup(762)) - Created group PipelineID=b7668ecb-6134-4093-9b3f-f6fdb51acfcf
2021-09-22 10:24:08,996 [Command processor thread] INFO  commandhandler.CreatePipelineCommandHandler (CreatePipelineCommandHandler.java:handle(106)) - Created Pipeline RATIS ONE PipelineID=b7668ecb-6134-4093-9b3f-f6fdb51acfcf.
2021-09-22 10:24:08,999 [pool-286-thread-1] INFO  util.JmxRegister (JmxRegister.java:tryRegister(44)) - Successfully registered JMX Bean with object name Ratis:service=RaftServer,group=group-FEC5D6B24579,id=523ca5f6-ff53-4fd3-97b8-2ae94a10fc0e
2021-09-22 10:24:09,020 [grpc-default-executor-0] INFO  server.RaftServer (RaftServerProxy.java:addNew(95)) - d7bf25b9-218d-4f93-a950-cbf604fb8be9: addNew group-FEC5D6B24579:[523ca5f6-ff53-4fd3-97b8-2ae94a10fc0e|rpc:127.0.0.1:41341|dataStream:|priority:0, d7bf25b9-218d-4f93-a950-cbf604fb8be9|rpc:127.0.0.1:43373|dataStream:|priority:1, f12b8819-3292-4aaa-8592-45fcb8486f00|rpc:127.0.0.1:37357|dataStream:|priority:0] returns group-FEC5D6B24579:java.util.concurrent.CompletableFuture@c12e576[Not completed]
2021-09-22 10:24:09,022 [pool-307-thread-1] INFO  server.RaftServer$Division (RaftServerImpl.java:<init>(181)) - d7bf25b9-218d-4f93-a950-cbf604fb8be9: new RaftServerImpl for group-FEC5D6B24579:[523ca5f6-ff53-4fd3-97b8-2ae94a10fc0e|rpc:127.0.0.1:41341|dataStream:|priority:0, d7bf25b9-218d-4f93-a950-cbf604fb8be9|rpc:127.0.0.1:43373|dataStream:|priority:1, f12b8819-3292-4aaa-8592-45fcb8486f00|rpc:127.0.0.1:37357|dataStream:|priority:0] with ContainerStateMachine:uninitialized
2021-09-22 10:24:09,022 [pool-307-thread-1] INFO  server.RaftServerConfigKeys (ConfUtils.java:logGet(44)) - raft.server.rpc.timeout.min = 5s (custom)
2021-09-22 10:24:09,022 [pool-307-thread-1] INFO  server.RaftServerConfigKeys (ConfUtils.java:logGet(44)) - raft.server.rpc.timeout.max = 5200ms (custom)
2021-09-22 10:24:09,023 [pool-307-thread-1] INFO  server.RaftServerConfigKeys (ConfUtils.java:logGet(44)) - raft.server.rpc.sleep.time = 25ms (default)
2021-09-22 10:24:09,023 [pool-307-thread-1] INFO  server.RaftServerConfigKeys (ConfUtils.java:logGet(44)) - raft.server.rpc.slowness.timeout = 300s (custom)
2021-09-22 10:24:09,023 [pool-307-thread-1] INFO  server.RaftServerConfigKeys (ConfUtils.java:logGet(44)) - raft.server.leaderelection.leader.step-down.wait-time = 10s (default)
2021-09-22 10:24:09,023 [pool-307-thread-1] INFO  server.RaftServerConfigKeys (ConfUtils.java:logGet(44)) - raft.server.sleep.deviation.threshold = 300ms (default)
2021-09-22 10:24:09,023 [pool-307-thread-1] INFO  server.RaftServerConfigKeys (ConfUtils.java:logGet(44)) - raft.server.log.appender.install.snapshot.enabled = false (custom)
2021-09-22 10:24:09,023 [pool-307-thread-1] INFO  server.RaftServer$Division (ServerState.java:<init>(105)) - d7bf25b9-218d-4f93-a950-cbf604fb8be9@group-FEC5D6B24579: ConfigurationManager, init=-1: [523ca5f6-ff53-4fd3-97b8-2ae94a10fc0e|rpc:127.0.0.1:41341|dataStream:|priority:0, d7bf25b9-218d-4f93-a950-cbf604fb8be9|rpc:127.0.0.1:43373|dataStream:|priority:1, f12b8819-3292-4aaa-8592-45fcb8486f00|rpc:127.0.0.1:37357|dataStream:|priority:0], old=null, confs=<EMPTY_MAP>
2021-09-22 10:24:09,023 [pool-307-thread-1] INFO  server.RaftServerConfigKeys (ConfUtils.java:logGet(44)) - raft.server.storage.dir = [/home/runner/work/ozone/ozone/hadoop-ozone/integration-test/target/test-dir/MiniOzoneClusterImpl-37bb77ab-1cd7-4f0f-8c8b-61e82082808e/datanode-2/data/ratis] (custom)
2021-09-22 10:24:09,023 [pool-307-thread-1] INFO  server.RaftServerConfigKeys (ConfUtils.java:logGet(44)) - raft.server.log.corruption.policy = EXCEPTION (default)
2021-09-22 10:24:09,023 [pool-307-thread-1] INFO  server.RaftServerConfigKeys (ConfUtils.java:logGet(44)) - raft.server.storage.free-space.min = 0MB (=0) (default)
2021-09-22 10:24:09,023 [pool-307-thread-1] INFO  storage.RaftStorageDirectory (RaftStorageDirectoryImpl.java:analyzeStorage(135)) - The storage directory /home/runner/work/ozone/ozone/hadoop-ozone/integration-test/target/test-dir/MiniOzoneClusterImpl-37bb77ab-1cd7-4f0f-8c8b-61e82082808e/datanode-2/data/ratis/0bf11d1f-42f6-42f6-8313-fec5d6b24579 does not exist. Creating ...
2021-09-22 10:24:09,026 [pool-307-thread-1] INFO  storage.RaftStorageDirectory (RaftStorageDirectoryImpl.java:tryLock(230)) - Lock on /home/runner/work/ozone/ozone/hadoop-ozone/integration-test/target/test-dir/MiniOzoneClusterImpl-37bb77ab-1cd7-4f0f-8c8b-61e82082808e/datanode-2/data/ratis/0bf11d1f-42f6-42f6-8313-fec5d6b24579/in_use.lock acquired by nodename 4533@fv-az122-726
2021-09-22 10:24:09,030 [pool-307-thread-1] INFO  storage.RaftStorage (RaftStorageImpl.java:format(89)) - Storage directory /home/runner/work/ozone/ozone/hadoop-ozone/integration-test/target/test-dir/MiniOzoneClusterImpl-37bb77ab-1cd7-4f0f-8c8b-61e82082808e/datanode-2/data/ratis/0bf11d1f-42f6-42f6-8313-fec5d6b24579 has been successfully formatted.
2021-09-22 10:24:09,031 [pool-307-thread-1] INFO  ratis.ContainerStateMachine (ContainerStateMachine.java:loadSnapshot(224)) - group-FEC5D6B24579: The snapshot info is null. Setting the last applied indexto:(t:0, i:~)
2021-09-22 10:24:09,031 [pool-307-thread-1] INFO  server.RaftServerConfigKeys (ConfUtils.java:logGet(44)) - raft.server.notification.no-leader.timeout = 300s (custom)
2021-09-22 10:24:09,031 [pool-307-thread-1] INFO  server.RaftServerConfigKeys (ConfUtils.java:logGet(44)) - raft.server.log.use.memory = false (default)
2021-09-22 10:24:09,031 [pool-307-thread-1] INFO  server.RaftServerConfigKeys (ConfUtils.java:logGet(44)) - raft.server.log.purge.gap = 1000000 (custom)
2021-09-22 10:24:09,031 [pool-307-thread-1] INFO  server.RaftServerConfigKeys (ConfUtils.java:logGet(44)) - raft.server.log.appender.buffer.byte-limit = 33554432 (custom)
2021-09-22 10:24:09,031 [pool-307-thread-1] INFO  server.RaftServerConfigKeys (ConfUtils.java:logGet(44)) - raft.server.log.segment.size.max = 1048576 (custom)
2021-09-22 10:24:09,032 [pool-307-thread-1] INFO  server.RaftServerConfigKeys (ConfUtils.java:logGet(44)) - raft.server.log.segment.cache.num.max = 2 (custom)
2021-09-22 10:24:09,032 [pool-307-thread-1] INFO  server.RaftServerConfigKeys (ConfUtils.java:logGet(44)) - raft.server.log.segment.cache.size.max = 200MB (=209715200) (default)
2021-09-22 10:24:09,032 [pool-307-thread-1] INFO  segmented.SegmentedRaftLogWorker (SegmentedRaftLogWorker.java:<init>(182)) - new d7bf25b9-218d-4f93-a950-cbf604fb8be9@group-FEC5D6B24579-SegmentedRaftLogWorker for RaftStorageImpl:Storage Directory /home/runner/work/ozone/ozone/hadoop-ozone/integration-test/target/test-dir/MiniOzoneClusterImpl-37bb77ab-1cd7-4f0f-8c8b-61e82082808e/datanode-2/data/ratis/0bf11d1f-42f6-42f6-8313-fec5d6b24579
2021-09-22 10:24:09,032 [pool-307-thread-1] INFO  server.RaftServerConfigKeys (ConfUtils.java:logGet(44)) - raft.server.log.queue.byte-limit = 2147483647 (custom)
2021-09-22 10:24:09,032 [pool-307-thread-1] INFO  server.RaftServerConfigKeys (ConfUtils.java:logGet(44)) - raft.server.log.queue.element-limit = 1024 (custom)
2021-09-22 10:24:09,033 [pool-307-thread-1] INFO  server.RaftServerConfigKeys (ConfUtils.java:logGet(44)) - raft.server.log.segment.size.max = 1048576 (custom)
2021-09-22 10:24:09,033 [pool-307-thread-1] INFO  server.RaftServerConfigKeys (ConfUtils.java:logGet(44)) - raft.server.log.preallocated.size = 16384 (custom)
2021-09-22 10:24:09,034 [pool-307-thread-1] INFO  server.RaftServerConfigKeys (ConfUtils.java:logGet(44)) - raft.server.log.force.sync.num = 128 (default)
2021-09-22 10:24:09,034 [pool-307-thread-1] INFO  server.RaftServerConfigKeys (ConfUtils.java:logGet(44)) - raft.server.log.statemachine.data.sync = true (default)
2021-09-22 10:24:09,034 [pool-307-thread-1] INFO  server.RaftServerConfigKeys (ConfUtils.java:logGet(44)) - raft.server.log.statemachine.data.sync.timeout = 10s (default)
2021-09-22 10:24:09,034 [pool-307-thread-1] INFO  server.RaftServerConfigKeys (ConfUtils.java:logGet(44)) - raft.server.log.statemachine.data.sync.timeout.retry = -1 (default)
2021-09-22 10:24:09,035 [pool-307-thread-1] INFO  server.RaftServerConfigKeys (ConfUtils.java:logGet(44)) - raft.server.log.write.buffer.size = 1048576 (custom)
2021-09-22 10:24:09,036 [pool-307-thread-1] INFO  server.RaftServerConfigKeys (ConfUtils.java:logGet(44)) - raft.server.log.statemachine.data.caching.enabled = true (custom)
2021-09-22 10:24:09,041 [pool-307-thread-1] INFO  segmented.SegmentedRaftLogWorker (SegmentedRaftLogWorker.java:lambda$new$0(133)) - d7bf25b9-218d-4f93-a950-cbf604fb8be9@group-FEC5D6B24579-SegmentedRaftLogWorker: flushIndex: setUnconditionally 0 -> -1
2021-09-22 10:24:09,042 [pool-307-thread-1] INFO  segmented.SegmentedRaftLogWorker (SegmentedRaftLogWorker.java:lambda$new$0(133)) - d7bf25b9-218d-4f93-a950-cbf604fb8be9@group-FEC5D6B24579-SegmentedRaftLogWorker: safeCacheEvictIndex: setUnconditionally 0 -> -1
2021-09-22 10:24:09,047 [pool-307-thread-1] INFO  server.RaftServerConfigKeys (ConfUtils.java:logGet(44)) - raft.server.snapshot.auto.trigger.enabled = true (custom)
2021-09-22 10:24:09,047 [pool-307-thread-1] INFO  server.RaftServerConfigKeys (ConfUtils.java:logGet(44)) - raft.server.snapshot.auto.trigger.threshold = 10000 (custom)
2021-09-22 10:24:09,047 [pool-307-thread-1] INFO  server.RaftServerConfigKeys (ConfUtils.java:logGet(44)) - raft.server.snapshot.retention.file.num = 5 (custom)
2021-09-22 10:24:09,047 [pool-307-thread-1] INFO  server.RaftServerConfigKeys (ConfUtils.java:logGet(44)) - raft.server.log.purge.upto.snapshot.index = false (default)
2021-09-22 10:24:09,047 [pool-307-thread-1] INFO  server.RaftServerConfigKeys (ConfUtils.java:logGet(44)) - raft.server.retrycache.expirytime = 600000ms (custom)
2021-09-22 10:24:09,047 [pool-307-thread-1] INFO  server.RaftServerConfigKeys (ConfUtils.java:logGet(44)) - raft.server.retrycache.statistics.expirytime = 100μs (default)
2021-09-22 10:24:09,049 [pool-307-thread-1] INFO  server.RaftServer$Division (RaftServerImpl.java:start(296)) - d7bf25b9-218d-4f93-a950-cbf604fb8be9@group-FEC5D6B24579: start as a follower, conf=-1: [523ca5f6-ff53-4fd3-97b8-2ae94a10fc0e|rpc:127.0.0.1:41341|dataStream:|priority:0, d7bf25b9-218d-4f93-a950-cbf604fb8be9|rpc:127.0.0.1:43373|dataStream:|priority:1, f12b8819-3292-4aaa-8592-45fcb8486f00|rpc:127.0.0.1:37357|dataStream:|priority:0], old=null
2021-09-22 10:24:09,049 [pool-307-thread-1] INFO  server.RaftServer$Division (RaftServerImpl.java:setRole(285)) - d7bf25b9-218d-4f93-a950-cbf604fb8be9@group-FEC5D6B24579: changes role from      null to FOLLOWER at term 0 for startAsFollower
2021-09-22 10:24:09,049 [pool-307-thread-1] INFO  impl.RoleInfo (RoleInfo.java:updateAndGet(130)) - d7bf25b9-218d-4f93-a950-cbf604fb8be9: start d7bf25b9-218d-4f93-a950-cbf604fb8be9@group-FEC5D6B24579-FollowerState
2021-09-22 10:24:09,060 [pool-307-thread-1] INFO  util.JmxRegister (JmxRegister.java:tryRegister(44)) - Successfully registered JMX Bean with object name Ratis:service=RaftServer,group=group-FEC5D6B24579,id=d7bf25b9-218d-4f93-a950-cbf604fb8be9
2021-09-22 10:24:09,080 [Command processor thread] INFO  commandhandler.CreatePipelineCommandHandler (CreatePipelineCommandHandler.java:handle(106)) - Created Pipeline RATIS THREE PipelineID=0bf11d1f-42f6-42f6-8313-fec5d6b24579.
2021-09-22 10:24:09,215 [EndpointStateMachine task thread for /127.0.0.1:14493 - 0 ] INFO  ipc.Client (Client.java:handleConnectionFailure(977)) - Retrying connect to server: localhost/127.0.0.1:14493. Already tried 8 time(s); retry policy is RetryUpToMaximumCountWithFixedSleep(maxRetries=15, sleepTime=1000 MILLISECONDS)
2021-09-22 10:24:09,223 [EndpointStateMachine task thread for /127.0.0.1:14503 - 0 ] INFO  ipc.Client (Client.java:handleConnectionFailure(977)) - Retrying connect to server: localhost/127.0.0.1:14503. Already tried 7 time(s); retry policy is RetryUpToMaximumCountWithFixedSleep(maxRetries=15, sleepTime=1000 MILLISECONDS)
2021-09-22 10:24:09,396 [Listener at 127.0.0.1/12164] INFO  ozone.MiniOzoneClusterImpl (MiniOzoneClusterImpl.java:lambda$waitForClusterToBeReady$0(235)) - Nodes are ready. Got 3 of 3 DN Heartbeats.
2021-09-22 10:24:09,397 [Listener at 127.0.0.1/12164] INFO  ozone.MiniOzoneClusterImpl (MiniOzoneClusterImpl.java:lambda$waitForClusterToBeReady$0(238)) - Waiting for cluster to exit safe mode
2021-09-22 10:24:09,397 [Listener at 127.0.0.1/12164] INFO  ozone.MiniOzoneClusterImpl (MiniOzoneClusterImpl.java:lambda$waitForClusterToBeReady$0(240)) - SCM became leader
2021-09-22 10:24:09,416 [Command processor thread] INFO  server.RaftServer (RaftServerProxy.java:addNew(95)) - d7bf25b9-218d-4f93-a950-cbf604fb8be9: addNew group-6A7B0B09F06F:[d7bf25b9-218d-4f93-a950-cbf604fb8be9|rpc:127.0.0.1:43373|priority:1] returns group-6A7B0B09F06F:java.util.concurrent.CompletableFuture@71f471f2[Not completed]
2021-09-22 10:24:09,417 [pool-307-thread-1] INFO  server.RaftServer$Division (RaftServerImpl.java:<init>(181)) - d7bf25b9-218d-4f93-a950-cbf604fb8be9: new RaftServerImpl for group-6A7B0B09F06F:[d7bf25b9-218d-4f93-a950-cbf604fb8be9|rpc:127.0.0.1:43373|priority:1] with ContainerStateMachine:uninitialized
2021-09-22 10:24:09,417 [pool-307-thread-1] INFO  server.RaftServerConfigKeys (ConfUtils.java:logGet(44)) - raft.server.rpc.timeout.min = 5s (custom)
2021-09-22 10:24:09,417 [pool-307-thread-1] INFO  server.RaftServerConfigKeys (ConfUtils.java:logGet(44)) - raft.server.rpc.timeout.max = 5200ms (custom)
2021-09-22 10:24:09,418 [pool-307-thread-1] INFO  server.RaftServerConfigKeys (ConfUtils.java:logGet(44)) - raft.server.rpc.sleep.time = 25ms (default)
2021-09-22 10:24:09,418 [pool-307-thread-1] INFO  server.RaftServerConfigKeys (ConfUtils.java:logGet(44)) - raft.server.rpc.slowness.timeout = 300s (custom)
2021-09-22 10:24:09,418 [pool-307-thread-1] INFO  server.RaftServerConfigKeys (ConfUtils.java:logGet(44)) - raft.server.leaderelection.leader.step-down.wait-time = 10s (default)
2021-09-22 10:24:09,418 [pool-307-thread-1] INFO  server.RaftServerConfigKeys (ConfUtils.java:logGet(44)) - raft.server.sleep.deviation.threshold = 300ms (default)
2021-09-22 10:24:09,418 [pool-307-thread-1] INFO  server.RaftServerConfigKeys (ConfUtils.java:logGet(44)) - raft.server.log.appender.install.snapshot.enabled = false (custom)
2021-09-22 10:24:09,418 [pool-307-thread-1] INFO  server.RaftServer$Division (ServerState.java:<init>(105)) - d7bf25b9-218d-4f93-a950-cbf604fb8be9@group-6A7B0B09F06F: ConfigurationManager, init=-1: [d7bf25b9-218d-4f93-a950-cbf604fb8be9|rpc:127.0.0.1:43373|priority:1], old=null, confs=<EMPTY_MAP>
2021-09-22 10:24:09,418 [pool-307-thread-1] INFO  server.RaftServerConfigKeys (ConfUtils.java:logGet(44)) - raft.server.storage.dir = [/home/runner/work/ozone/ozone/hadoop-ozone/integration-test/target/test-dir/MiniOzoneClusterImpl-37bb77ab-1cd7-4f0f-8c8b-61e82082808e/datanode-2/data/ratis] (custom)
2021-09-22 10:24:09,418 [pool-307-thread-1] INFO  server.RaftServerConfigKeys (ConfUtils.java:logGet(44)) - raft.server.log.corruption.policy = EXCEPTION (default)
2021-09-22 10:24:09,418 [pool-307-thread-1] INFO  server.RaftServerConfigKeys (ConfUtils.java:logGet(44)) - raft.server.storage.free-space.min = 0MB (=0) (default)
2021-09-22 10:24:09,418 [pool-307-thread-1] INFO  storage.RaftStorageDirectory (RaftStorageDirectoryImpl.java:analyzeStorage(135)) - The storage directory /home/runner/work/ozone/ozone/hadoop-ozone/integration-test/target/test-dir/MiniOzoneClusterImpl-37bb77ab-1cd7-4f0f-8c8b-61e82082808e/datanode-2/data/ratis/5db0f3da-bb48-4388-a21f-6a7b0b09f06f does not exist. Creating ...
2021-09-22 10:24:09,420 [pool-307-thread-1] INFO  storage.RaftStorageDirectory (RaftStorageDirectoryImpl.java:tryLock(230)) - Lock on /home/runner/work/ozone/ozone/hadoop-ozone/integration-test/target/test-dir/MiniOzoneClusterImpl-37bb77ab-1cd7-4f0f-8c8b-61e82082808e/datanode-2/data/ratis/5db0f3da-bb48-4388-a21f-6a7b0b09f06f/in_use.lock acquired by nodename 4533@fv-az122-726
2021-09-22 10:24:09,422 [pool-307-thread-1] INFO  storage.RaftStorage (RaftStorageImpl.java:format(89)) - Storage directory /home/runner/work/ozone/ozone/hadoop-ozone/integration-test/target/test-dir/MiniOzoneClusterImpl-37bb77ab-1cd7-4f0f-8c8b-61e82082808e/datanode-2/data/ratis/5db0f3da-bb48-4388-a21f-6a7b0b09f06f has been successfully formatted.
2021-09-22 10:24:09,422 [pool-307-thread-1] INFO  ratis.ContainerStateMachine (ContainerStateMachine.java:loadSnapshot(224)) - group-6A7B0B09F06F: The snapshot info is null. Setting the last applied indexto:(t:0, i:~)
2021-09-22 10:24:09,423 [pool-307-thread-1] INFO  server.RaftServerConfigKeys (ConfUtils.java:logGet(44)) - raft.server.notification.no-leader.timeout = 300s (custom)
2021-09-22 10:24:09,423 [pool-307-thread-1] INFO  server.RaftServerConfigKeys (ConfUtils.java:logGet(44)) - raft.server.log.use.memory = false (default)
2021-09-22 10:24:09,423 [pool-307-thread-1] INFO  server.RaftServerConfigKeys (ConfUtils.java:logGet(44)) - raft.server.log.purge.gap = 1000000 (custom)
2021-09-22 10:24:09,423 [pool-307-thread-1] INFO  server.RaftServerConfigKeys (ConfUtils.java:logGet(44)) - raft.server.log.appender.buffer.byte-limit = 33554432 (custom)
2021-09-22 10:24:09,423 [pool-307-thread-1] INFO  server.RaftServerConfigKeys (ConfUtils.java:logGet(44)) - raft.server.log.segment.size.max = 1048576 (custom)
2021-09-22 10:24:09,423 [pool-307-thread-1] INFO  server.RaftServerConfigKeys (ConfUtils.java:logGet(44)) - raft.server.log.segment.cache.num.max = 2 (custom)
2021-09-22 10:24:09,424 [pool-307-thread-1] INFO  server.RaftServerConfigKeys (ConfUtils.java:logGet(44)) - raft.server.log.segment.cache.size.max = 200MB (=209715200) (default)
2021-09-22 10:24:09,424 [pool-307-thread-1] INFO  segmented.SegmentedRaftLogWorker (SegmentedRaftLogWorker.java:<init>(182)) - new d7bf25b9-218d-4f93-a950-cbf604fb8be9@group-6A7B0B09F06F-SegmentedRaftLogWorker for RaftStorageImpl:Storage Directory /home/runner/work/ozone/ozone/hadoop-ozone/integration-test/target/test-dir/MiniOzoneClusterImpl-37bb77ab-1cd7-4f0f-8c8b-61e82082808e/datanode-2/data/ratis/5db0f3da-bb48-4388-a21f-6a7b0b09f06f
2021-09-22 10:24:09,424 [pool-307-thread-1] INFO  server.RaftServerConfigKeys (ConfUtils.java:logGet(44)) - raft.server.log.queue.byte-limit = 2147483647 (custom)
2021-09-22 10:24:09,424 [pool-307-thread-1] INFO  server.RaftServerConfigKeys (ConfUtils.java:logGet(44)) - raft.server.log.queue.element-limit = 1024 (custom)
2021-09-22 10:24:09,424 [pool-307-thread-1] INFO  server.RaftServerConfigKeys (ConfUtils.java:logGet(44)) - raft.server.log.segment.size.max = 1048576 (custom)
2021-09-22 10:24:09,424 [pool-307-thread-1] INFO  server.RaftServerConfigKeys (ConfUtils.java:logGet(44)) - raft.server.log.preallocated.size = 16384 (custom)
2021-09-22 10:24:09,424 [pool-307-thread-1] INFO  server.RaftServerConfigKeys (ConfUtils.java:logGet(44)) - raft.server.log.force.sync.num = 128 (default)
2021-09-22 10:24:09,424 [pool-307-thread-1] INFO  server.RaftServerConfigKeys (ConfUtils.java:logGet(44)) - raft.server.log.statemachine.data.sync = true (default)
2021-09-22 10:24:09,424 [pool-307-thread-1] INFO  server.RaftServerConfigKeys (ConfUtils.java:logGet(44)) - raft.server.log.statemachine.data.sync.timeout = 10s (default)
2021-09-22 10:24:09,424 [pool-307-thread-1] INFO  server.RaftServerConfigKeys (ConfUtils.java:logGet(44)) - raft.server.log.statemachine.data.sync.timeout.retry = -1 (default)
2021-09-22 10:24:09,425 [pool-307-thread-1] INFO  server.RaftServerConfigKeys (ConfUtils.java:logGet(44)) - raft.server.log.write.buffer.size = 1048576 (custom)
2021-09-22 10:24:09,429 [EventQueue-PipelineReportForPipelineReportHandler] INFO  pipeline.PipelineManagerImpl (PipelineManagerImpl.java:openPipeline(282)) - Pipeline Pipeline[ Id: 5db0f3da-bb48-4388-a21f-6a7b0b09f06f, Nodes: d7bf25b9-218d-4f93-a950-cbf604fb8be9{ip: 127.0.0.1, host: localhost, ports: [REPLICATION=36831, RATIS=43373, RATIS_ADMIN=43373, RATIS_SERVER=43373, STANDALONE=33141], networkLocation: /default-rack, certSerialId: null, persistedOpState: IN_SERVICE, persistedOpStateExpiryEpochSec: 0}, ReplicationConfig: RATIS/ONE, State:ALLOCATED, leaderId:d7bf25b9-218d-4f93-a950-cbf604fb8be9, CreationTimestamp2021-09-22T10:24:06.423Z[Etc/UTC]] moved to OPEN state
2021-09-22 10:24:09,429 [EventQueue-PipelineReportForPipelineReportHandler] INFO  pipeline.PipelineManagerImpl (PipelineManagerImpl.java:openPipeline(282)) - Pipeline Pipeline[ Id: 5db0f3da-bb48-4388-a21f-6a7b0b09f06f, Nodes: d7bf25b9-218d-4f93-a950-cbf604fb8be9{ip: 127.0.0.1, host: localhost, ports: [REPLICATION=36831, RATIS=43373, RATIS_ADMIN=43373, RATIS_SERVER=43373, STANDALONE=33141], networkLocation: /default-rack, certSerialId: null, persistedOpState: IN_SERVICE, persistedOpStateExpiryEpochSec: 0}, ReplicationConfig: RATIS/ONE, State:ALLOCATED, leaderId:d7bf25b9-218d-4f93-a950-cbf604fb8be9, CreationTimestamp2021-09-22T10:24:06.423Z[Etc/UTC]] moved to OPEN state
2021-09-22 10:24:09,431 [EventQueue-PipelineReportForPipelineReportHandler] INFO  ha.SCMHAInvocationHandler (SCMHAInvocationHandler.java:invokeRatis(113)) - Invoking method public abstract void org.apache.hadoop.hdds.scm.pipeline.StateManager.updatePipelineState(org.apache.hadoop.hdds.protocol.proto.HddsProtos$PipelineID,org.apache.hadoop.hdds.protocol.proto.HddsProtos$PipelineState) throws java.io.IOException on target org.apache.hadoop.hdds.scm.ha.SCMRatisServerImpl@75c7c3f9, cost 214.601us
2021-09-22 10:24:09,434 [pool-307-thread-1] INFO  server.RaftServerConfigKeys (ConfUtils.java:logGet(44)) - raft.server.log.statemachine.data.caching.enabled = true (custom)
2021-09-22 10:24:09,435 [pool-307-thread-1] INFO  segmented.SegmentedRaftLogWorker (SegmentedRaftLogWorker.java:lambda$new$0(133)) - d7bf25b9-218d-4f93-a950-cbf604fb8be9@group-6A7B0B09F06F-SegmentedRaftLogWorker: flushIndex: setUnconditionally 0 -> -1
2021-09-22 10:24:09,436 [pool-307-thread-1] INFO  segmented.SegmentedRaftLogWorker (SegmentedRaftLogWorker.java:lambda$new$0(133)) - d7bf25b9-218d-4f93-a950-cbf604fb8be9@group-6A7B0B09F06F-SegmentedRaftLogWorker: safeCacheEvictIndex: setUnconditionally 0 -> -1
2021-09-22 10:24:09,441 [pool-307-thread-1] INFO  server.RaftServerConfigKeys (ConfUtils.java:logGet(44)) - raft.server.snapshot.auto.trigger.enabled = true (custom)
2021-09-22 10:24:09,441 [pool-307-thread-1] INFO  server.RaftServerConfigKeys (ConfUtils.java:logGet(44)) - raft.server.snapshot.auto.trigger.threshold = 10000 (custom)
2021-09-22 10:24:09,441 [pool-307-thread-1] INFO  server.RaftServerConfigKeys (ConfUtils.java:logGet(44)) - raft.server.snapshot.retention.file.num = 5 (custom)
2021-09-22 10:24:09,441 [pool-307-thread-1] INFO  server.RaftServerConfigKeys (ConfUtils.java:logGet(44)) - raft.server.log.purge.upto.snapshot.index = false (default)
2021-09-22 10:24:09,442 [pool-307-thread-1] INFO  server.RaftServerConfigKeys (ConfUtils.java:logGet(44)) - raft.server.retrycache.expirytime = 600000ms (custom)
2021-09-22 10:24:09,442 [pool-307-thread-1] INFO  server.RaftServerConfigKeys (ConfUtils.java:logGet(44)) - raft.server.retrycache.statistics.expirytime = 100μs (default)
2021-09-22 10:24:09,443 [pool-307-thread-1] INFO  server.RaftServer$Division (RaftServerImpl.java:start(296)) - d7bf25b9-218d-4f93-a950-cbf604fb8be9@group-6A7B0B09F06F: start as a follower, conf=-1: [d7bf25b9-218d-4f93-a950-cbf604fb8be9|rpc:127.0.0.1:43373|priority:1], old=null
2021-09-22 10:24:09,443 [pool-307-thread-1] INFO  server.RaftServer$Division (RaftServerImpl.java:setRole(285)) - d7bf25b9-218d-4f93-a950-cbf604fb8be9@group-6A7B0B09F06F: changes role from      null to FOLLOWER at term 0 for startAsFollower
2021-09-22 10:24:09,443 [pool-307-thread-1] INFO  impl.RoleInfo (RoleInfo.java:updateAndGet(130)) - d7bf25b9-218d-4f93-a950-cbf604fb8be9: start d7bf25b9-218d-4f93-a950-cbf604fb8be9@group-6A7B0B09F06F-FollowerState
2021-09-22 10:24:09,445 [pool-307-thread-1] INFO  util.JmxRegister (JmxRegister.java:tryRegister(44)) - Successfully registered JMX Bean with object name Ratis:service=RaftServer,group=group-6A7B0B09F06F,id=d7bf25b9-218d-4f93-a950-cbf604fb8be9
2021-09-22 10:24:09,451 [6f37d426-3152-46b4-8a1e-16c91badf795@group-61E82082808E-StateMachineUpdater] INFO  ha.SCMStateMachine (SCMStateMachine.java:takeSnapshot(290)) - Current Snapshot Index 20, takeSnapshot took 0 ms
2021-09-22 10:24:09,451 [6f37d426-3152-46b4-8a1e-16c91badf795@group-61E82082808E-StateMachineUpdater] INFO  impl.StateMachineUpdater (StateMachineUpdater.java:takeSnapshot(281)) - 6f37d426-3152-46b4-8a1e-16c91badf795@group-61E82082808E-StateMachineUpdater: Took a snapshot at index 20
2021-09-22 10:24:09,451 [6f37d426-3152-46b4-8a1e-16c91badf795@group-61E82082808E-StateMachineUpdater] INFO  impl.StateMachineUpdater (StateMachineUpdater.java:lambda$new$0(89)) - 6f37d426-3152-46b4-8a1e-16c91badf795@group-61E82082808E-StateMachineUpdater: snapshotIndex: updateIncreasingly 15 -> 20
2021-09-22 10:24:09,451 [6f37d426-3152-46b4-8a1e-16c91badf795@group-61E82082808E-StateMachineUpdater] INFO  raftlog.RaftLog (RaftLogBase.java:purge(306)) - 6f37d426-3152-46b4-8a1e-16c91badf795@group-61E82082808E-SegmentedRaftLog: purge 20
2021-09-22 10:24:09,451 [6f37d426-3152-46b4-8a1e-16c91badf795@group-61E82082808E-StateMachineUpdater] INFO  raftlog.RaftLog (RaftLogBase.java:lambda$new$0(53)) - 6f37d426-3152-46b4-8a1e-16c91badf795@group-61E82082808E-SegmentedRaftLog: snapshotIndex: updateIncreasingly 15 -> 20
2021-09-22 10:24:09,451 [6f37d426-3152-46b4-8a1e-16c91badf795@group-61E82082808E-StateMachineUpdater] INFO  raftlog.RaftLog (RaftLogBase.java:lambda$new$0(53)) - 6f37d426-3152-46b4-8a1e-16c91badf795@group-61E82082808E-SegmentedRaftLog: purgeIndex: updateToMax old=15, new=20, updated? true
2021-09-22 10:24:09,454 [6cde2b08-89b9-430e-b77c-97253f43be03@group-61E82082808E-StateMachineUpdater] INFO  safemode.HealthyPipelineSafeModeRule (HealthyPipelineSafeModeRule.java:initializeRule(152)) - Refreshed total pipeline count is 0, healthy pipeline threshold count is 1
2021-09-22 10:24:09,455 [EventQueue-PipelineReportForPipelineReportHandler] INFO  ha.SCMHAInvocationHandler (SCMHAInvocationHandler.java:invokeRatis(113)) - Invoking method public abstract void org.apache.hadoop.hdds.scm.pipeline.StateManager.updatePipelineState(org.apache.hadoop.hdds.protocol.proto.HddsProtos$PipelineID,org.apache.hadoop.hdds.protocol.proto.HddsProtos$PipelineState) throws java.io.IOException on target org.apache.hadoop.hdds.scm.ha.SCMRatisServerImpl@5f5c945c, cost 25698.764us
2021-09-22 10:24:09,455 [EventQueue-OpenPipelineForHealthyPipelineSafeModeRule] INFO  safemode.SCMSafeModeManager (HealthyPipelineSafeModeRule.java:process(124)) - SCM in safe mode. Healthy pipelines reported count is 0, required healthy pipeline reported count is 1
2021-09-22 10:24:09,457 [Command processor thread] INFO  ratis.XceiverServerRatis (XceiverServerRatis.java:addGroup(762)) - Created group PipelineID=5db0f3da-bb48-4388-a21f-6a7b0b09f06f
2021-09-22 10:24:09,457 [Command processor thread] INFO  commandhandler.CreatePipelineCommandHandler (CreatePipelineCommandHandler.java:handle(106)) - Created Pipeline RATIS ONE PipelineID=5db0f3da-bb48-4388-a21f-6a7b0b09f06f.
2021-09-22 10:24:09,459 [6f37d426-3152-46b4-8a1e-16c91badf795@group-61E82082808E-StateMachineUpdater] INFO  safemode.HealthyPipelineSafeModeRule (HealthyPipelineSafeModeRule.java:initializeRule(152)) - Refreshed total pipeline count is 0, healthy pipeline threshold count is 1
2021-09-22 10:24:09,975 [EndpointStateMachine task thread for /127.0.0.1:14513 - 0 ] INFO  ipc.Client (Client.java:handleConnectionFailure(977)) - Retrying connect to server: localhost/127.0.0.1:14513. Already tried 9 time(s); retry policy is RetryUpToMaximumCountWithFixedSleep(maxRetries=15, sleepTime=1000 MILLISECONDS)
2021-09-22 10:24:10,216 [EndpointStateMachine task thread for /127.0.0.1:14493 - 0 ] INFO  ipc.Client (Client.java:handleConnectionFailure(977)) - Retrying connect to server: localhost/127.0.0.1:14493. Already tried 9 time(s); retry policy is RetryUpToMaximumCountWithFixedSleep(maxRetries=15, sleepTime=1000 MILLISECONDS)
2021-09-22 10:24:10,223 [EndpointStateMachine task thread for /127.0.0.1:14503 - 0 ] INFO  ipc.Client (Client.java:handleConnectionFailure(977)) - Retrying connect to server: localhost/127.0.0.1:14503. Already tried 8 time(s); retry policy is RetryUpToMaximumCountWithFixedSleep(maxRetries=15, sleepTime=1000 MILLISECONDS)
2021-09-22 10:24:10,397 [Listener at 127.0.0.1/12164] INFO  ozone.MiniOzoneClusterImpl (MiniOzoneClusterImpl.java:lambda$waitForClusterToBeReady$0(235)) - Nodes are ready. Got 3 of 3 DN Heartbeats.
2021-09-22 10:24:10,397 [Listener at 127.0.0.1/12164] INFO  ozone.MiniOzoneClusterImpl (MiniOzoneClusterImpl.java:lambda$waitForClusterToBeReady$0(238)) - Waiting for cluster to exit safe mode
2021-09-22 10:24:10,397 [Listener at 127.0.0.1/12164] INFO  ozone.MiniOzoneClusterImpl (MiniOzoneClusterImpl.java:lambda$waitForClusterToBeReady$0(240)) - SCM became leader
2021-09-22 10:24:10,976 [EndpointStateMachine task thread for /127.0.0.1:14513 - 0 ] INFO  ipc.Client (Client.java:handleConnectionFailure(977)) - Retrying connect to server: localhost/127.0.0.1:14513. Already tried 10 time(s); retry policy is RetryUpToMaximumCountWithFixedSleep(maxRetries=15, sleepTime=1000 MILLISECONDS)
2021-09-22 10:24:11,217 [EndpointStateMachine task thread for /127.0.0.1:14493 - 0 ] INFO  ipc.Client (Client.java:handleConnectionFailure(977)) - Retrying connect to server: localhost/127.0.0.1:14493. Already tried 10 time(s); retry policy is RetryUpToMaximumCountWithFixedSleep(maxRetries=15, sleepTime=1000 MILLISECONDS)
2021-09-22 10:24:11,224 [EndpointStateMachine task thread for /127.0.0.1:14503 - 0 ] INFO  ipc.Client (Client.java:handleConnectionFailure(977)) - Retrying connect to server: localhost/127.0.0.1:14503. Already tried 9 time(s); retry policy is RetryUpToMaximumCountWithFixedSleep(maxRetries=15, sleepTime=1000 MILLISECONDS)
2021-09-22 10:24:11,398 [Listener at 127.0.0.1/12164] INFO  ozone.MiniOzoneClusterImpl (MiniOzoneClusterImpl.java:lambda$waitForClusterToBeReady$0(235)) - Nodes are ready. Got 3 of 3 DN Heartbeats.
2021-09-22 10:24:11,398 [Listener at 127.0.0.1/12164] INFO  ozone.MiniOzoneClusterImpl (MiniOzoneClusterImpl.java:lambda$waitForClusterToBeReady$0(238)) - Waiting for cluster to exit safe mode
2021-09-22 10:24:11,398 [Listener at 127.0.0.1/12164] INFO  ozone.MiniOzoneClusterImpl (MiniOzoneClusterImpl.java:lambda$waitForClusterToBeReady$0(240)) - SCM became leader
2021-09-22 10:24:11,962 [Datanode State Machine Thread - 0] ERROR datanode.RunningDatanodeState (RunningDatanodeState.java:computeNextContainerState(199)) - Error in executing end point task.
java.util.concurrent.ExecutionException: java.util.concurrent.TimeoutException
	at java.util.concurrent.FutureTask.report(FutureTask.java:122)
	at java.util.concurrent.FutureTask.get(FutureTask.java:192)
	at org.apache.hadoop.ozone.container.common.states.datanode.RunningDatanodeState.computeNextContainerState(RunningDatanodeState.java:191)
	at org.apache.hadoop.ozone.container.common.states.datanode.RunningDatanodeState.await(RunningDatanodeState.java:231)
	at org.apache.hadoop.ozone.container.common.states.datanode.RunningDatanodeState.await(RunningDatanodeState.java:50)
	at org.apache.hadoop.ozone.container.common.statemachine.StateContext.execute(StateContext.java:629)
	at org.apache.hadoop.ozone.container.common.statemachine.DatanodeStateMachine.start(DatanodeStateMachine.java:270)
	at org.apache.hadoop.ozone.container.common.statemachine.DatanodeStateMachine.lambda$startDaemon$0(DatanodeStateMachine.java:457)
	at java.lang.Thread.run(Thread.java:748)
Caused by: java.util.concurrent.TimeoutException
	at java.util.concurrent.FutureTask.get(FutureTask.java:205)
	at org.apache.hadoop.ozone.container.common.states.datanode.RunningDatanodeState.lambda$execute$0(RunningDatanodeState.java:149)
	at java.util.concurrent.FutureTask.run(FutureTask.java:266)
	at java.util.concurrent.Executors$RunnableAdapter.call(Executors.java:511)
	at java.util.concurrent.FutureTask.run(FutureTask.java:266)
	at java.util.concurrent.ThreadPoolExecutor.runWorker(ThreadPoolExecutor.java:1149)
	at java.util.concurrent.ThreadPoolExecutor$Worker.run(ThreadPoolExecutor.java:624)
	... 1 more
2021-09-22 10:24:11,977 [EndpointStateMachine task thread for /127.0.0.1:14513 - 0 ] INFO  ipc.Client (Client.java:handleConnectionFailure(977)) - Retrying connect to server: localhost/127.0.0.1:14513. Already tried 11 time(s); retry policy is RetryUpToMaximumCountWithFixedSleep(maxRetries=15, sleepTime=1000 MILLISECONDS)
2021-09-22 10:24:12,217 [EndpointStateMachine task thread for /127.0.0.1:14493 - 0 ] INFO  ipc.Client (Client.java:handleConnectionFailure(977)) - Retrying connect to server: localhost/127.0.0.1:14493. Already tried 11 time(s); retry policy is RetryUpToMaximumCountWithFixedSleep(maxRetries=15, sleepTime=1000 MILLISECONDS)
2021-09-22 10:24:12,225 [EndpointStateMachine task thread for /127.0.0.1:14503 - 0 ] INFO  ipc.Client (Client.java:handleConnectionFailure(977)) - Retrying connect to server: localhost/127.0.0.1:14503. Already tried 10 time(s); retry policy is RetryUpToMaximumCountWithFixedSleep(maxRetries=15, sleepTime=1000 MILLISECONDS)
2021-09-22 10:24:12,399 [Listener at 127.0.0.1/12164] INFO  ozone.MiniOzoneClusterImpl (MiniOzoneClusterImpl.java:lambda$waitForClusterToBeReady$0(235)) - Nodes are ready. Got 3 of 3 DN Heartbeats.
2021-09-22 10:24:12,399 [Listener at 127.0.0.1/12164] INFO  ozone.MiniOzoneClusterImpl (MiniOzoneClusterImpl.java:lambda$waitForClusterToBeReady$0(238)) - Waiting for cluster to exit safe mode
2021-09-22 10:24:12,399 [Listener at 127.0.0.1/12164] INFO  ozone.MiniOzoneClusterImpl (MiniOzoneClusterImpl.java:lambda$waitForClusterToBeReady$0(240)) - SCM became leader
2021-09-22 10:24:12,861 [Datanode State Machine Thread - 0] ERROR datanode.RunningDatanodeState (RunningDatanodeState.java:computeNextContainerState(199)) - Error in executing end point task.
java.util.concurrent.ExecutionException: java.util.concurrent.TimeoutException
	at java.util.concurrent.FutureTask.report(FutureTask.java:122)
	at java.util.concurrent.FutureTask.get(FutureTask.java:192)
	at org.apache.hadoop.ozone.container.common.states.datanode.RunningDatanodeState.computeNextContainerState(RunningDatanodeState.java:191)
	at org.apache.hadoop.ozone.container.common.states.datanode.RunningDatanodeState.await(RunningDatanodeState.java:231)
	at org.apache.hadoop.ozone.container.common.states.datanode.RunningDatanodeState.await(RunningDatanodeState.java:50)
	at org.apache.hadoop.ozone.container.common.statemachine.StateContext.execute(StateContext.java:629)
	at org.apache.hadoop.ozone.container.common.statemachine.DatanodeStateMachine.start(DatanodeStateMachine.java:270)
	at org.apache.hadoop.ozone.container.common.statemachine.DatanodeStateMachine.lambda$startDaemon$0(DatanodeStateMachine.java:457)
	at java.lang.Thread.run(Thread.java:748)
Caused by: java.util.concurrent.TimeoutException
	at java.util.concurrent.FutureTask.get(FutureTask.java:205)
	at org.apache.hadoop.ozone.container.common.states.datanode.RunningDatanodeState.lambda$execute$0(RunningDatanodeState.java:149)
	at java.util.concurrent.FutureTask.run(FutureTask.java:266)
	at java.util.concurrent.Executors$RunnableAdapter.call(Executors.java:511)
	at java.util.concurrent.FutureTask.run(FutureTask.java:266)
	at java.util.concurrent.ThreadPoolExecutor.runWorker(ThreadPoolExecutor.java:1149)
	at java.util.concurrent.ThreadPoolExecutor$Worker.run(ThreadPoolExecutor.java:624)
	... 1 more
2021-09-22 10:24:12,973 [Datanode State Machine Thread - 0] ERROR datanode.RunningDatanodeState (RunningDatanodeState.java:computeNextContainerState(199)) - Error in executing end point task.
java.util.concurrent.ExecutionException: java.util.concurrent.TimeoutException
	at java.util.concurrent.FutureTask.report(FutureTask.java:122)
	at java.util.concurrent.FutureTask.get(FutureTask.java:192)
	at org.apache.hadoop.ozone.container.common.states.datanode.RunningDatanodeState.computeNextContainerState(RunningDatanodeState.java:191)
	at org.apache.hadoop.ozone.container.common.states.datanode.RunningDatanodeState.await(RunningDatanodeState.java:231)
	at org.apache.hadoop.ozone.container.common.states.datanode.RunningDatanodeState.await(RunningDatanodeState.java:50)
	at org.apache.hadoop.ozone.container.common.statemachine.StateContext.execute(StateContext.java:629)
	at org.apache.hadoop.ozone.container.common.statemachine.DatanodeStateMachine.start(DatanodeStateMachine.java:270)
	at org.apache.hadoop.ozone.container.common.statemachine.DatanodeStateMachine.lambda$startDaemon$0(DatanodeStateMachine.java:457)
	at java.lang.Thread.run(Thread.java:748)
Caused by: java.util.concurrent.TimeoutException
	at java.util.concurrent.FutureTask.get(FutureTask.java:205)
	at org.apache.hadoop.ozone.container.common.states.datanode.RunningDatanodeState.lambda$execute$0(RunningDatanodeState.java:149)
	at java.util.concurrent.FutureTask.run(FutureTask.java:266)
	at java.util.concurrent.Executors$RunnableAdapter.call(Executors.java:511)
	at java.util.concurrent.FutureTask.run(FutureTask.java:266)
	at java.util.concurrent.ThreadPoolExecutor.runWorker(ThreadPoolExecutor.java:1149)
	at java.util.concurrent.ThreadPoolExecutor$Worker.run(ThreadPoolExecutor.java:624)
	... 1 more
2021-09-22 10:24:12,977 [EndpointStateMachine task thread for /127.0.0.1:14513 - 0 ] INFO  ipc.Client (Client.java:handleConnectionFailure(977)) - Retrying connect to server: localhost/127.0.0.1:14513. Already tried 12 time(s); retry policy is RetryUpToMaximumCountWithFixedSleep(maxRetries=15, sleepTime=1000 MILLISECONDS)
2021-09-22 10:24:13,218 [EndpointStateMachine task thread for /127.0.0.1:14493 - 0 ] INFO  ipc.Client (Client.java:handleConnectionFailure(977)) - Retrying connect to server: localhost/127.0.0.1:14493. Already tried 12 time(s); retry policy is RetryUpToMaximumCountWithFixedSleep(maxRetries=15, sleepTime=1000 MILLISECONDS)
2021-09-22 10:24:13,225 [EndpointStateMachine task thread for /127.0.0.1:14503 - 0 ] INFO  ipc.Client (Client.java:handleConnectionFailure(977)) - Retrying connect to server: localhost/127.0.0.1:14503. Already tried 11 time(s); retry policy is RetryUpToMaximumCountWithFixedSleep(maxRetries=15, sleepTime=1000 MILLISECONDS)
2021-09-22 10:24:13,399 [Listener at 127.0.0.1/12164] INFO  ozone.MiniOzoneClusterImpl (MiniOzoneClusterImpl.java:lambda$waitForClusterToBeReady$0(235)) - Nodes are ready. Got 3 of 3 DN Heartbeats.
2021-09-22 10:24:13,400 [Listener at 127.0.0.1/12164] INFO  ozone.MiniOzoneClusterImpl (MiniOzoneClusterImpl.java:lambda$waitForClusterToBeReady$0(238)) - Waiting for cluster to exit safe mode
2021-09-22 10:24:13,400 [Listener at 127.0.0.1/12164] INFO  ozone.MiniOzoneClusterImpl (MiniOzoneClusterImpl.java:lambda$waitForClusterToBeReady$0(240)) - SCM became leader
2021-09-22 10:24:13,568 [f12b8819-3292-4aaa-8592-45fcb8486f00@group-5FF23E964353-FollowerState] INFO  impl.FollowerState (FollowerState.java:run(134)) - f12b8819-3292-4aaa-8592-45fcb8486f00@group-5FF23E964353-FollowerState: change to CANDIDATE, lastRpcElapsedTime:5026370325ns, electionTimeout:5025ms
2021-09-22 10:24:13,569 [f12b8819-3292-4aaa-8592-45fcb8486f00@group-5FF23E964353-FollowerState] INFO  impl.RoleInfo (RoleInfo.java:shutdownFollowerState(108)) - f12b8819-3292-4aaa-8592-45fcb8486f00: shutdown f12b8819-3292-4aaa-8592-45fcb8486f00@group-5FF23E964353-FollowerState
2021-09-22 10:24:13,569 [f12b8819-3292-4aaa-8592-45fcb8486f00@group-5FF23E964353-FollowerState] INFO  server.RaftServer$Division (RaftServerImpl.java:setRole(285)) - f12b8819-3292-4aaa-8592-45fcb8486f00@group-5FF23E964353: changes role from  FOLLOWER to CANDIDATE at term 0 for changeToCandidate
2021-09-22 10:24:13,569 [f12b8819-3292-4aaa-8592-45fcb8486f00@group-5FF23E964353-FollowerState] INFO  server.RaftServerConfigKeys (ConfUtils.java:logGet(44)) - raft.server.leaderelection.pre-vote = false (custom)
2021-09-22 10:24:13,569 [f12b8819-3292-4aaa-8592-45fcb8486f00@group-5FF23E964353-FollowerState] INFO  impl.RoleInfo (RoleInfo.java:updateAndGet(130)) - f12b8819-3292-4aaa-8592-45fcb8486f00: start f12b8819-3292-4aaa-8592-45fcb8486f00@group-5FF23E964353-LeaderElection16
2021-09-22 10:24:13,580 [f12b8819-3292-4aaa-8592-45fcb8486f00@group-5FF23E964353-LeaderElection16] INFO  impl.LeaderElection (LeaderElection.java:askForVotes(306)) - f12b8819-3292-4aaa-8592-45fcb8486f00@group-5FF23E964353-LeaderElection16 ELECTION round 0: submit vote requests at term 1 for -1: [f12b8819-3292-4aaa-8592-45fcb8486f00|rpc:127.0.0.1:37357|priority:1], old=null
2021-09-22 10:24:13,580 [f12b8819-3292-4aaa-8592-45fcb8486f00@group-5FF23E964353-LeaderElection16] INFO  impl.LeaderElection (LeaderElection.java:askForVotes(308)) - f12b8819-3292-4aaa-8592-45fcb8486f00@group-5FF23E964353-LeaderElection16 ELECTION round 0: result PASSED (term=1)
2021-09-22 10:24:13,580 [f12b8819-3292-4aaa-8592-45fcb8486f00@group-5FF23E964353-LeaderElection16] INFO  impl.RoleInfo (RoleInfo.java:shutdownLeaderElection(121)) - f12b8819-3292-4aaa-8592-45fcb8486f00: shutdown f12b8819-3292-4aaa-8592-45fcb8486f00@group-5FF23E964353-LeaderElection16
2021-09-22 10:24:13,580 [f12b8819-3292-4aaa-8592-45fcb8486f00@group-5FF23E964353-LeaderElection16] INFO  server.RaftServer$Division (RaftServerImpl.java:setRole(285)) - f12b8819-3292-4aaa-8592-45fcb8486f00@group-5FF23E964353: changes role from CANDIDATE to LEADER at term 1 for changeToLeader
2021-09-22 10:24:13,580 [f12b8819-3292-4aaa-8592-45fcb8486f00@group-5FF23E964353-LeaderElection16] INFO  ratis.XceiverServerRatis (XceiverServerRatis.java:handleLeaderChangedNotification(860)) - Leader change notification received for group: group-5FF23E964353 with new leaderId: f12b8819-3292-4aaa-8592-45fcb8486f00
2021-09-22 10:24:13,580 [f12b8819-3292-4aaa-8592-45fcb8486f00@group-5FF23E964353-LeaderElection16] INFO  server.RaftServer$Division (ServerState.java:setLeader(285)) - f12b8819-3292-4aaa-8592-45fcb8486f00@group-5FF23E964353: change Leader from null to f12b8819-3292-4aaa-8592-45fcb8486f00 at term 1 for becomeLeader, leader elected after 5044ms
2021-09-22 10:24:13,580 [f12b8819-3292-4aaa-8592-45fcb8486f00@group-5FF23E964353-LeaderElection16] INFO  server.RaftServerConfigKeys (ConfUtils.java:logGet(44)) - raft.server.staging.catchup.gap = 1000 (default)
2021-09-22 10:24:13,580 [f12b8819-3292-4aaa-8592-45fcb8486f00@group-5FF23E964353-LeaderElection16] INFO  server.RaftServerConfigKeys (ConfUtils.java:logGet(44)) - raft.server.write.element-limit = 1024 (custom)
2021-09-22 10:24:13,580 [f12b8819-3292-4aaa-8592-45fcb8486f00@group-5FF23E964353-LeaderElection16] INFO  server.RaftServerConfigKeys (ConfUtils.java:logGet(44)) - raft.server.write.byte-limit = 1024 M (=1073741824) (custom)
2021-09-22 10:24:13,582 [EventQueue-OpenPipelineForHealthyPipelineSafeModeRule] INFO  safemode.SCMSafeModeManager (HealthyPipelineSafeModeRule.java:process(124)) - SCM in safe mode. Healthy pipelines reported count is 0, required healthy pipeline reported count is 1
2021-09-22 10:24:13,583 [EventQueue-OpenPipelineForHealthyPipelineSafeModeRule] INFO  safemode.SCMSafeModeManager (HealthyPipelineSafeModeRule.java:process(124)) - SCM in safe mode. Healthy pipelines reported count is 0, required healthy pipeline reported count is 1
2021-09-22 10:24:13,584 [f12b8819-3292-4aaa-8592-45fcb8486f00@group-5FF23E964353-LeaderElection16] INFO  server.RaftServerConfigKeys (ConfUtils.java:logGet(44)) - raft.server.watch.timeout = 180s (custom)
2021-09-22 10:24:13,584 [f12b8819-3292-4aaa-8592-45fcb8486f00@group-5FF23E964353-LeaderElection16] INFO  server.RaftServerConfigKeys (ConfUtils.java:logGet(44)) - raft.server.watch.timeout.denomination = 1s (default)
2021-09-22 10:24:13,584 [f12b8819-3292-4aaa-8592-45fcb8486f00@group-5FF23E964353-LeaderElection16] INFO  server.RaftServerConfigKeys (ConfUtils.java:logGet(44)) - raft.server.watch.element-limit = 65536 (default)
2021-09-22 10:24:13,584 [f12b8819-3292-4aaa-8592-45fcb8486f00@group-5FF23E964353-LeaderElection16] INFO  impl.RoleInfo (RoleInfo.java:updateAndGet(130)) - f12b8819-3292-4aaa-8592-45fcb8486f00: start f12b8819-3292-4aaa-8592-45fcb8486f00@group-5FF23E964353-LeaderStateImpl
2021-09-22 10:24:13,584 [f12b8819-3292-4aaa-8592-45fcb8486f00@group-5FF23E964353-LeaderElection16] INFO  segmented.SegmentedRaftLogWorker (SegmentedRaftLogWorker.java:startLogSegment(394)) - f12b8819-3292-4aaa-8592-45fcb8486f00@group-5FF23E964353-SegmentedRaftLogWorker: Starting segment from index:0
2021-09-22 10:24:13,585 [f12b8819-3292-4aaa-8592-45fcb8486f00@group-5FF23E964353-SegmentedRaftLogWorker] INFO  segmented.SegmentedRaftLogWorker (SegmentedRaftLogWorker.java:execute(601)) - f12b8819-3292-4aaa-8592-45fcb8486f00@group-5FF23E964353-SegmentedRaftLogWorker: created new log segment /home/runner/work/ozone/ozone/hadoop-ozone/integration-test/target/test-dir/MiniOzoneClusterImpl-37bb77ab-1cd7-4f0f-8c8b-61e82082808e/datanode-0/data/ratis/fd24a85c-22b7-4d72-8614-5ff23e964353/current/log_inprogress_0
2021-09-22 10:24:13,597 [f12b8819-3292-4aaa-8592-45fcb8486f00@group-5FF23E964353-LeaderElection16] INFO  server.RaftServer$Division (ServerState.java:setRaftConf(387)) - f12b8819-3292-4aaa-8592-45fcb8486f00@group-5FF23E964353: set configuration 0: [f12b8819-3292-4aaa-8592-45fcb8486f00|rpc:127.0.0.1:37357|dataStream:|priority:1], old=null
2021-09-22 10:24:13,781 [f12b8819-3292-4aaa-8592-45fcb8486f00@group-BBCB63A168E8-FollowerState] INFO  impl.FollowerState (FollowerState.java:run(134)) - f12b8819-3292-4aaa-8592-45fcb8486f00@group-BBCB63A168E8-FollowerState: change to CANDIDATE, lastRpcElapsedTime:5138870641ns, electionTimeout:5128ms
2021-09-22 10:24:13,782 [f12b8819-3292-4aaa-8592-45fcb8486f00@group-BBCB63A168E8-FollowerState] INFO  impl.RoleInfo (RoleInfo.java:shutdownFollowerState(108)) - f12b8819-3292-4aaa-8592-45fcb8486f00: shutdown f12b8819-3292-4aaa-8592-45fcb8486f00@group-BBCB63A168E8-FollowerState
2021-09-22 10:24:13,782 [f12b8819-3292-4aaa-8592-45fcb8486f00@group-BBCB63A168E8-FollowerState] INFO  server.RaftServer$Division (RaftServerImpl.java:setRole(285)) - f12b8819-3292-4aaa-8592-45fcb8486f00@group-BBCB63A168E8: changes role from  FOLLOWER to CANDIDATE at term 0 for changeToCandidate
2021-09-22 10:24:13,782 [f12b8819-3292-4aaa-8592-45fcb8486f00@group-BBCB63A168E8-FollowerState] INFO  server.RaftServerConfigKeys (ConfUtils.java:logGet(44)) - raft.server.leaderelection.pre-vote = false (custom)
2021-09-22 10:24:13,782 [f12b8819-3292-4aaa-8592-45fcb8486f00@group-BBCB63A168E8-FollowerState] INFO  impl.RoleInfo (RoleInfo.java:updateAndGet(130)) - f12b8819-3292-4aaa-8592-45fcb8486f00: start f12b8819-3292-4aaa-8592-45fcb8486f00@group-BBCB63A168E8-LeaderElection17
2021-09-22 10:24:13,804 [f12b8819-3292-4aaa-8592-45fcb8486f00@group-BBCB63A168E8-LeaderElection17] INFO  impl.LeaderElection (LeaderElection.java:askForVotes(306)) - f12b8819-3292-4aaa-8592-45fcb8486f00@group-BBCB63A168E8-LeaderElection17 ELECTION round 0: submit vote requests at term 1 for -1: [d7bf25b9-218d-4f93-a950-cbf604fb8be9|rpc:127.0.0.1:43373|priority:0, 523ca5f6-ff53-4fd3-97b8-2ae94a10fc0e|rpc:127.0.0.1:41341|priority:1, f12b8819-3292-4aaa-8592-45fcb8486f00|rpc:127.0.0.1:37357|priority:0], old=null
2021-09-22 10:24:13,816 [grpc-default-executor-0] INFO  server.RaftServer$Division (RaftServerImpl.java:requestVote(1043)) - d7bf25b9-218d-4f93-a950-cbf604fb8be9@group-BBCB63A168E8: receive requestVote(ELECTION, f12b8819-3292-4aaa-8592-45fcb8486f00, group-BBCB63A168E8, 1, (t:0, i:0))
2021-09-22 10:24:13,821 [grpc-default-executor-0] INFO  impl.VoteContext (VoteContext.java:log(48)) - d7bf25b9-218d-4f93-a950-cbf604fb8be9@group-BBCB63A168E8-FOLLOWER: accept ELECTION from f12b8819-3292-4aaa-8592-45fcb8486f00: our priority 0 <= candidate's priority 0
2021-09-22 10:24:13,822 [grpc-default-executor-0] INFO  server.RaftServer$Division (RaftServerImpl.java:setRole(285)) - d7bf25b9-218d-4f93-a950-cbf604fb8be9@group-BBCB63A168E8: changes role from  FOLLOWER to FOLLOWER at term 1 for candidate:f12b8819-3292-4aaa-8592-45fcb8486f00
2021-09-22 10:24:13,822 [grpc-default-executor-0] INFO  impl.RoleInfo (RoleInfo.java:shutdownFollowerState(108)) - d7bf25b9-218d-4f93-a950-cbf604fb8be9: shutdown d7bf25b9-218d-4f93-a950-cbf604fb8be9@group-BBCB63A168E8-FollowerState
2021-09-22 10:24:13,822 [grpc-default-executor-0] INFO  impl.RoleInfo (RoleInfo.java:updateAndGet(130)) - d7bf25b9-218d-4f93-a950-cbf604fb8be9: start d7bf25b9-218d-4f93-a950-cbf604fb8be9@group-BBCB63A168E8-FollowerState
2021-09-22 10:24:13,822 [d7bf25b9-218d-4f93-a950-cbf604fb8be9@group-BBCB63A168E8-FollowerState] INFO  impl.FollowerState (FollowerState.java:run(143)) - d7bf25b9-218d-4f93-a950-cbf604fb8be9@group-BBCB63A168E8-FollowerState was interrupted: {}
java.lang.InterruptedException: sleep interrupted
	at java.lang.Thread.sleep(Native Method)
	at java.lang.Thread.sleep(Thread.java:340)
	at java.util.concurrent.TimeUnit.sleep(TimeUnit.java:386)
	at org.apache.ratis.util.TimeDuration.sleep(TimeDuration.java:324)
	at org.apache.ratis.util.TimeDuration.sleep(TimeDuration.java:309)
	at org.apache.ratis.server.impl.FollowerState.run(FollowerState.java:118)
2021-09-22 10:24:13,832 [grpc-default-executor-0] INFO  server.RaftServer$Division (RaftServerImpl.java:requestVote(1075)) - d7bf25b9-218d-4f93-a950-cbf604fb8be9@group-BBCB63A168E8 replies to ELECTION vote request: f12b8819-3292-4aaa-8592-45fcb8486f00<-d7bf25b9-218d-4f93-a950-cbf604fb8be9#0:OK-t1. Peer's state: d7bf25b9-218d-4f93-a950-cbf604fb8be9@group-BBCB63A168E8:t1, leader=null, voted=f12b8819-3292-4aaa-8592-45fcb8486f00, raftlog=d7bf25b9-218d-4f93-a950-cbf604fb8be9@group-BBCB63A168E8-SegmentedRaftLog:OPENED:c-1,f-1,i0, conf=-1: [d7bf25b9-218d-4f93-a950-cbf604fb8be9|rpc:127.0.0.1:43373|dataStream:|priority:0, 523ca5f6-ff53-4fd3-97b8-2ae94a10fc0e|rpc:127.0.0.1:41341|dataStream:|priority:1, f12b8819-3292-4aaa-8592-45fcb8486f00|rpc:127.0.0.1:37357|dataStream:|priority:0], old=null
2021-09-22 10:24:13,842 [grpc-default-executor-2] INFO  server.RaftServer$Division (RaftServerImpl.java:requestVote(1043)) - 523ca5f6-ff53-4fd3-97b8-2ae94a10fc0e@group-BBCB63A168E8: receive requestVote(ELECTION, f12b8819-3292-4aaa-8592-45fcb8486f00, group-BBCB63A168E8, 1, (t:0, i:0))
2021-09-22 10:24:13,842 [grpc-default-executor-2] INFO  impl.VoteContext (VoteContext.java:log(48)) - 523ca5f6-ff53-4fd3-97b8-2ae94a10fc0e@group-BBCB63A168E8-FOLLOWER: reject ELECTION from f12b8819-3292-4aaa-8592-45fcb8486f00: our priority 1 > candidate's priority 0
2021-09-22 10:24:13,842 [grpc-default-executor-2] INFO  server.RaftServer$Division (RaftServerImpl.java:setRole(285)) - 523ca5f6-ff53-4fd3-97b8-2ae94a10fc0e@group-BBCB63A168E8: changes role from  FOLLOWER to FOLLOWER at term 1 for candidate:f12b8819-3292-4aaa-8592-45fcb8486f00
2021-09-22 10:24:13,842 [grpc-default-executor-2] INFO  impl.RoleInfo (RoleInfo.java:shutdownFollowerState(108)) - 523ca5f6-ff53-4fd3-97b8-2ae94a10fc0e: shutdown 523ca5f6-ff53-4fd3-97b8-2ae94a10fc0e@group-BBCB63A168E8-FollowerState
2021-09-22 10:24:13,842 [523ca5f6-ff53-4fd3-97b8-2ae94a10fc0e@group-BBCB63A168E8-FollowerState] INFO  impl.FollowerState (FollowerState.java:run(143)) - 523ca5f6-ff53-4fd3-97b8-2ae94a10fc0e@group-BBCB63A168E8-FollowerState was interrupted: {}
java.lang.InterruptedException: sleep interrupted
	at java.lang.Thread.sleep(Native Method)
	at java.lang.Thread.sleep(Thread.java:340)
	at java.util.concurrent.TimeUnit.sleep(TimeUnit.java:386)
	at org.apache.ratis.util.TimeDuration.sleep(TimeDuration.java:324)
	at org.apache.ratis.util.TimeDuration.sleep(TimeDuration.java:309)
	at org.apache.ratis.server.impl.FollowerState.run(FollowerState.java:118)
2021-09-22 10:24:13,842 [grpc-default-executor-2] INFO  impl.RoleInfo (RoleInfo.java:updateAndGet(130)) - 523ca5f6-ff53-4fd3-97b8-2ae94a10fc0e: start 523ca5f6-ff53-4fd3-97b8-2ae94a10fc0e@group-BBCB63A168E8-FollowerState
2021-09-22 10:24:13,855 [grpc-default-executor-2] INFO  server.RaftServer$Division (RaftServerImpl.java:requestVote(1075)) - 523ca5f6-ff53-4fd3-97b8-2ae94a10fc0e@group-BBCB63A168E8 replies to ELECTION vote request: f12b8819-3292-4aaa-8592-45fcb8486f00<-523ca5f6-ff53-4fd3-97b8-2ae94a10fc0e#0:FAIL-t1. Peer's state: 523ca5f6-ff53-4fd3-97b8-2ae94a10fc0e@group-BBCB63A168E8:t1, leader=null, voted=null, raftlog=523ca5f6-ff53-4fd3-97b8-2ae94a10fc0e@group-BBCB63A168E8-SegmentedRaftLog:OPENED:c-1,f-1,i0, conf=-1: [d7bf25b9-218d-4f93-a950-cbf604fb8be9|rpc:127.0.0.1:43373|dataStream:|priority:0, 523ca5f6-ff53-4fd3-97b8-2ae94a10fc0e|rpc:127.0.0.1:41341|dataStream:|priority:1, f12b8819-3292-4aaa-8592-45fcb8486f00|rpc:127.0.0.1:37357|dataStream:|priority:0], old=null
2021-09-22 10:24:13,860 [f12b8819-3292-4aaa-8592-45fcb8486f00@group-BBCB63A168E8-LeaderElection17] INFO  impl.LeaderElection (LeaderElection.java:logAndReturn(89)) - f12b8819-3292-4aaa-8592-45fcb8486f00@group-BBCB63A168E8-LeaderElection17: ELECTION REJECTED received 2 response(s) and 0 exception(s):
2021-09-22 10:24:13,860 [f12b8819-3292-4aaa-8592-45fcb8486f00@group-BBCB63A168E8-LeaderElection17] INFO  impl.LeaderElection (LeaderElection.java:logAndReturn(93)) -   Response 0: f12b8819-3292-4aaa-8592-45fcb8486f00<-d7bf25b9-218d-4f93-a950-cbf604fb8be9#0:OK-t1
2021-09-22 10:24:13,860 [f12b8819-3292-4aaa-8592-45fcb8486f00@group-BBCB63A168E8-LeaderElection17] INFO  impl.LeaderElection (LeaderElection.java:logAndReturn(93)) -   Response 1: f12b8819-3292-4aaa-8592-45fcb8486f00<-523ca5f6-ff53-4fd3-97b8-2ae94a10fc0e#0:FAIL-t1
2021-09-22 10:24:13,860 [f12b8819-3292-4aaa-8592-45fcb8486f00@group-BBCB63A168E8-LeaderElection17] INFO  impl.LeaderElection (LeaderElection.java:askForVotes(308)) - f12b8819-3292-4aaa-8592-45fcb8486f00@group-BBCB63A168E8-LeaderElection17 ELECTION round 0: result REJECTED
2021-09-22 10:24:13,861 [f12b8819-3292-4aaa-8592-45fcb8486f00@group-BBCB63A168E8-LeaderElection17] INFO  server.RaftServer$Division (RaftServerImpl.java:setRole(285)) - f12b8819-3292-4aaa-8592-45fcb8486f00@group-BBCB63A168E8: changes role from CANDIDATE to FOLLOWER at term 1 for REJECTED
2021-09-22 10:24:13,861 [f12b8819-3292-4aaa-8592-45fcb8486f00@group-BBCB63A168E8-LeaderElection17] INFO  impl.RoleInfo (RoleInfo.java:shutdownLeaderElection(121)) - f12b8819-3292-4aaa-8592-45fcb8486f00: shutdown f12b8819-3292-4aaa-8592-45fcb8486f00@group-BBCB63A168E8-LeaderElection17
2021-09-22 10:24:13,861 [f12b8819-3292-4aaa-8592-45fcb8486f00@group-BBCB63A168E8-LeaderElection17] INFO  impl.RoleInfo (RoleInfo.java:updateAndGet(130)) - f12b8819-3292-4aaa-8592-45fcb8486f00: start f12b8819-3292-4aaa-8592-45fcb8486f00@group-BBCB63A168E8-FollowerState
2021-09-22 10:24:13,950 [f12b8819-3292-4aaa-8592-45fcb8486f00@group-FEC5D6B24579-FollowerState] INFO  impl.FollowerState (FollowerState.java:run(134)) - f12b8819-3292-4aaa-8592-45fcb8486f00@group-FEC5D6B24579-FollowerState: change to CANDIDATE, lastRpcElapsedTime:5054597304ns, electionTimeout:5048ms
2021-09-22 10:24:13,951 [f12b8819-3292-4aaa-8592-45fcb8486f00@group-FEC5D6B24579-FollowerState] INFO  impl.RoleInfo (RoleInfo.java:shutdownFollowerState(108)) - f12b8819-3292-4aaa-8592-45fcb8486f00: shutdown f12b8819-3292-4aaa-8592-45fcb8486f00@group-FEC5D6B24579-FollowerState
2021-09-22 10:24:13,951 [f12b8819-3292-4aaa-8592-45fcb8486f00@group-FEC5D6B24579-FollowerState] INFO  server.RaftServer$Division (RaftServerImpl.java:setRole(285)) - f12b8819-3292-4aaa-8592-45fcb8486f00@group-FEC5D6B24579: changes role from  FOLLOWER to CANDIDATE at term 0 for changeToCandidate
2021-09-22 10:24:13,951 [f12b8819-3292-4aaa-8592-45fcb8486f00@group-FEC5D6B24579-FollowerState] INFO  server.RaftServerConfigKeys (ConfUtils.java:logGet(44)) - raft.server.leaderelection.pre-vote = false (custom)
2021-09-22 10:24:13,951 [f12b8819-3292-4aaa-8592-45fcb8486f00@group-FEC5D6B24579-FollowerState] INFO  impl.RoleInfo (RoleInfo.java:updateAndGet(130)) - f12b8819-3292-4aaa-8592-45fcb8486f00: start f12b8819-3292-4aaa-8592-45fcb8486f00@group-FEC5D6B24579-LeaderElection18
2021-09-22 10:24:13,966 [f12b8819-3292-4aaa-8592-45fcb8486f00@group-FEC5D6B24579-LeaderElection18] INFO  impl.LeaderElection (LeaderElection.java:askForVotes(306)) - f12b8819-3292-4aaa-8592-45fcb8486f00@group-FEC5D6B24579-LeaderElection18 ELECTION round 0: submit vote requests at term 1 for -1: [523ca5f6-ff53-4fd3-97b8-2ae94a10fc0e|rpc:127.0.0.1:41341|priority:0, d7bf25b9-218d-4f93-a950-cbf604fb8be9|rpc:127.0.0.1:43373|priority:1, f12b8819-3292-4aaa-8592-45fcb8486f00|rpc:127.0.0.1:37357|priority:0], old=null
2021-09-22 10:24:13,974 [grpc-default-executor-2] INFO  server.RaftServer$Division (RaftServerImpl.java:requestVote(1043)) - 523ca5f6-ff53-4fd3-97b8-2ae94a10fc0e@group-FEC5D6B24579: receive requestVote(ELECTION, f12b8819-3292-4aaa-8592-45fcb8486f00, group-FEC5D6B24579, 1, (t:0, i:0))
2021-09-22 10:24:13,974 [grpc-default-executor-2] INFO  impl.VoteContext (VoteContext.java:log(48)) - 523ca5f6-ff53-4fd3-97b8-2ae94a10fc0e@group-FEC5D6B24579-FOLLOWER: accept ELECTION from f12b8819-3292-4aaa-8592-45fcb8486f00: our priority 0 <= candidate's priority 0
2021-09-22 10:24:13,974 [grpc-default-executor-2] INFO  server.RaftServer$Division (RaftServerImpl.java:setRole(285)) - 523ca5f6-ff53-4fd3-97b8-2ae94a10fc0e@group-FEC5D6B24579: changes role from  FOLLOWER to FOLLOWER at term 1 for candidate:f12b8819-3292-4aaa-8592-45fcb8486f00
2021-09-22 10:24:13,974 [grpc-default-executor-2] INFO  impl.RoleInfo (RoleInfo.java:shutdownFollowerState(108)) - 523ca5f6-ff53-4fd3-97b8-2ae94a10fc0e: shutdown 523ca5f6-ff53-4fd3-97b8-2ae94a10fc0e@group-FEC5D6B24579-FollowerState
2021-09-22 10:24:13,977 [grpc-default-executor-2] INFO  impl.RoleInfo (RoleInfo.java:updateAndGet(130)) - 523ca5f6-ff53-4fd3-97b8-2ae94a10fc0e: start 523ca5f6-ff53-4fd3-97b8-2ae94a10fc0e@group-FEC5D6B24579-FollowerState
2021-09-22 10:24:13,977 [523ca5f6-ff53-4fd3-97b8-2ae94a10fc0e@group-FEC5D6B24579-FollowerState] INFO  impl.FollowerState (FollowerState.java:run(143)) - 523ca5f6-ff53-4fd3-97b8-2ae94a10fc0e@group-FEC5D6B24579-FollowerState was interrupted: {}
java.lang.InterruptedException: sleep interrupted
	at java.lang.Thread.sleep(Native Method)
	at java.lang.Thread.sleep(Thread.java:340)
	at java.util.concurrent.TimeUnit.sleep(TimeUnit.java:386)
	at org.apache.ratis.util.TimeDuration.sleep(TimeDuration.java:324)
	at org.apache.ratis.util.TimeDuration.sleep(TimeDuration.java:309)
	at org.apache.ratis.server.impl.FollowerState.run(FollowerState.java:118)
2021-09-22 10:24:13,978 [grpc-default-executor-0] INFO  server.RaftServer$Division (RaftServerImpl.java:requestVote(1043)) - d7bf25b9-218d-4f93-a950-cbf604fb8be9@group-FEC5D6B24579: receive requestVote(ELECTION, f12b8819-3292-4aaa-8592-45fcb8486f00, group-FEC5D6B24579, 1, (t:0, i:0))
2021-09-22 10:24:13,978 [grpc-default-executor-0] INFO  impl.VoteContext (VoteContext.java:log(48)) - d7bf25b9-218d-4f93-a950-cbf604fb8be9@group-FEC5D6B24579-FOLLOWER: reject ELECTION from f12b8819-3292-4aaa-8592-45fcb8486f00: our priority 1 > candidate's priority 0
2021-09-22 10:24:13,978 [grpc-default-executor-0] INFO  server.RaftServer$Division (RaftServerImpl.java:setRole(285)) - d7bf25b9-218d-4f93-a950-cbf604fb8be9@group-FEC5D6B24579: changes role from  FOLLOWER to FOLLOWER at term 1 for candidate:f12b8819-3292-4aaa-8592-45fcb8486f00
2021-09-22 10:24:13,979 [grpc-default-executor-0] INFO  impl.RoleInfo (RoleInfo.java:shutdownFollowerState(108)) - d7bf25b9-218d-4f93-a950-cbf604fb8be9: shutdown d7bf25b9-218d-4f93-a950-cbf604fb8be9@group-FEC5D6B24579-FollowerState
2021-09-22 10:24:13,985 [EndpointStateMachine task thread for /127.0.0.1:14513 - 0 ] INFO  ipc.Client (Client.java:handleConnectionFailure(977)) - Retrying connect to server: localhost/127.0.0.1:14513. Already tried 13 time(s); retry policy is RetryUpToMaximumCountWithFixedSleep(maxRetries=15, sleepTime=1000 MILLISECONDS)
2021-09-22 10:24:14,001 [grpc-default-executor-0] INFO  impl.RoleInfo (RoleInfo.java:updateAndGet(130)) - d7bf25b9-218d-4f93-a950-cbf604fb8be9: start d7bf25b9-218d-4f93-a950-cbf604fb8be9@group-FEC5D6B24579-FollowerState
2021-09-22 10:24:14,033 [d7bf25b9-218d-4f93-a950-cbf604fb8be9@group-FEC5D6B24579-FollowerState] INFO  impl.FollowerState (FollowerState.java:run(143)) - d7bf25b9-218d-4f93-a950-cbf604fb8be9@group-FEC5D6B24579-FollowerState was interrupted: {}
java.lang.InterruptedException: sleep interrupted
	at java.lang.Thread.sleep(Native Method)
	at java.lang.Thread.sleep(Thread.java:340)
	at java.util.concurrent.TimeUnit.sleep(TimeUnit.java:386)
	at org.apache.ratis.util.TimeDuration.sleep(TimeDuration.java:324)
	at org.apache.ratis.util.TimeDuration.sleep(TimeDuration.java:309)
	at org.apache.ratis.server.impl.FollowerState.run(FollowerState.java:118)
2021-09-22 10:24:14,037 [grpc-default-executor-0] INFO  server.RaftServer$Division (RaftServerImpl.java:requestVote(1075)) - d7bf25b9-218d-4f93-a950-cbf604fb8be9@group-FEC5D6B24579 replies to ELECTION vote request: f12b8819-3292-4aaa-8592-45fcb8486f00<-d7bf25b9-218d-4f93-a950-cbf604fb8be9#0:FAIL-t1. Peer's state: d7bf25b9-218d-4f93-a950-cbf604fb8be9@group-FEC5D6B24579:t1, leader=null, voted=null, raftlog=d7bf25b9-218d-4f93-a950-cbf604fb8be9@group-FEC5D6B24579-SegmentedRaftLog:OPENED:c-1,f-1,i0, conf=-1: [523ca5f6-ff53-4fd3-97b8-2ae94a10fc0e|rpc:127.0.0.1:41341|dataStream:|priority:0, d7bf25b9-218d-4f93-a950-cbf604fb8be9|rpc:127.0.0.1:43373|dataStream:|priority:1, f12b8819-3292-4aaa-8592-45fcb8486f00|rpc:127.0.0.1:37357|dataStream:|priority:0], old=null
2021-09-22 10:24:14,042 [f12b8819-3292-4aaa-8592-45fcb8486f00@group-FEC5D6B24579-LeaderElection18] INFO  impl.LeaderElection (LeaderElection.java:logAndReturn(89)) - f12b8819-3292-4aaa-8592-45fcb8486f00@group-FEC5D6B24579-LeaderElection18: ELECTION REJECTED received 1 response(s) and 0 exception(s):
2021-09-22 10:24:14,042 [f12b8819-3292-4aaa-8592-45fcb8486f00@group-FEC5D6B24579-LeaderElection18] INFO  impl.LeaderElection (LeaderElection.java:logAndReturn(93)) -   Response 0: f12b8819-3292-4aaa-8592-45fcb8486f00<-d7bf25b9-218d-4f93-a950-cbf604fb8be9#0:FAIL-t1
2021-09-22 10:24:14,042 [f12b8819-3292-4aaa-8592-45fcb8486f00@group-FEC5D6B24579-LeaderElection18] INFO  impl.LeaderElection (LeaderElection.java:askForVotes(308)) - f12b8819-3292-4aaa-8592-45fcb8486f00@group-FEC5D6B24579-LeaderElection18 ELECTION round 0: result REJECTED
2021-09-22 10:24:14,042 [f12b8819-3292-4aaa-8592-45fcb8486f00@group-FEC5D6B24579-LeaderElection18] INFO  server.RaftServer$Division (RaftServerImpl.java:setRole(285)) - f12b8819-3292-4aaa-8592-45fcb8486f00@group-FEC5D6B24579: changes role from CANDIDATE to FOLLOWER at term 1 for REJECTED
2021-09-22 10:24:14,042 [f12b8819-3292-4aaa-8592-45fcb8486f00@group-FEC5D6B24579-LeaderElection18] INFO  impl.RoleInfo (RoleInfo.java:shutdownLeaderElection(121)) - f12b8819-3292-4aaa-8592-45fcb8486f00: shutdown f12b8819-3292-4aaa-8592-45fcb8486f00@group-FEC5D6B24579-LeaderElection18
2021-09-22 10:24:14,042 [f12b8819-3292-4aaa-8592-45fcb8486f00@group-FEC5D6B24579-LeaderElection18] INFO  impl.RoleInfo (RoleInfo.java:updateAndGet(130)) - f12b8819-3292-4aaa-8592-45fcb8486f00: start f12b8819-3292-4aaa-8592-45fcb8486f00@group-FEC5D6B24579-FollowerState
2021-09-22 10:24:14,050 [grpc-default-executor-2] INFO  server.RaftServer$Division (RaftServerImpl.java:requestVote(1075)) - 523ca5f6-ff53-4fd3-97b8-2ae94a10fc0e@group-FEC5D6B24579 replies to ELECTION vote request: f12b8819-3292-4aaa-8592-45fcb8486f00<-523ca5f6-ff53-4fd3-97b8-2ae94a10fc0e#0:OK-t1. Peer's state: 523ca5f6-ff53-4fd3-97b8-2ae94a10fc0e@group-FEC5D6B24579:t1, leader=null, voted=f12b8819-3292-4aaa-8592-45fcb8486f00, raftlog=523ca5f6-ff53-4fd3-97b8-2ae94a10fc0e@group-FEC5D6B24579-SegmentedRaftLog:OPENED:c-1,f-1,i0, conf=-1: [523ca5f6-ff53-4fd3-97b8-2ae94a10fc0e|rpc:127.0.0.1:41341|dataStream:|priority:0, d7bf25b9-218d-4f93-a950-cbf604fb8be9|rpc:127.0.0.1:43373|dataStream:|priority:1, f12b8819-3292-4aaa-8592-45fcb8486f00|rpc:127.0.0.1:37357|dataStream:|priority:0], old=null
2021-09-22 10:24:14,159 [523ca5f6-ff53-4fd3-97b8-2ae94a10fc0e@group-F6FDB51ACFCF-FollowerState] INFO  impl.FollowerState (FollowerState.java:run(134)) - 523ca5f6-ff53-4fd3-97b8-2ae94a10fc0e@group-F6FDB51ACFCF-FollowerState: change to CANDIDATE, lastRpcElapsedTime:5178955795ns, electionTimeout:5170ms
2021-09-22 10:24:14,160 [523ca5f6-ff53-4fd3-97b8-2ae94a10fc0e@group-F6FDB51ACFCF-FollowerState] INFO  impl.RoleInfo (RoleInfo.java:shutdownFollowerState(108)) - 523ca5f6-ff53-4fd3-97b8-2ae94a10fc0e: shutdown 523ca5f6-ff53-4fd3-97b8-2ae94a10fc0e@group-F6FDB51ACFCF-FollowerState
2021-09-22 10:24:14,160 [523ca5f6-ff53-4fd3-97b8-2ae94a10fc0e@group-F6FDB51ACFCF-FollowerState] INFO  server.RaftServer$Division (RaftServerImpl.java:setRole(285)) - 523ca5f6-ff53-4fd3-97b8-2ae94a10fc0e@group-F6FDB51ACFCF: changes role from  FOLLOWER to CANDIDATE at term 0 for changeToCandidate
2021-09-22 10:24:14,162 [523ca5f6-ff53-4fd3-97b8-2ae94a10fc0e@group-F6FDB51ACFCF-FollowerState] INFO  server.RaftServerConfigKeys (ConfUtils.java:logGet(44)) - raft.server.leaderelection.pre-vote = false (custom)
2021-09-22 10:24:14,162 [523ca5f6-ff53-4fd3-97b8-2ae94a10fc0e@group-F6FDB51ACFCF-FollowerState] INFO  impl.RoleInfo (RoleInfo.java:updateAndGet(130)) - 523ca5f6-ff53-4fd3-97b8-2ae94a10fc0e: start 523ca5f6-ff53-4fd3-97b8-2ae94a10fc0e@group-F6FDB51ACFCF-LeaderElection19
2021-09-22 10:24:14,174 [523ca5f6-ff53-4fd3-97b8-2ae94a10fc0e@group-F6FDB51ACFCF-LeaderElection19] INFO  impl.LeaderElection (LeaderElection.java:askForVotes(306)) - 523ca5f6-ff53-4fd3-97b8-2ae94a10fc0e@group-F6FDB51ACFCF-LeaderElection19 ELECTION round 0: submit vote requests at term 1 for -1: [523ca5f6-ff53-4fd3-97b8-2ae94a10fc0e|rpc:127.0.0.1:41341|priority:1], old=null
2021-09-22 10:24:14,174 [523ca5f6-ff53-4fd3-97b8-2ae94a10fc0e@group-F6FDB51ACFCF-LeaderElection19] INFO  impl.LeaderElection (LeaderElection.java:askForVotes(308)) - 523ca5f6-ff53-4fd3-97b8-2ae94a10fc0e@group-F6FDB51ACFCF-LeaderElection19 ELECTION round 0: result PASSED (term=1)
2021-09-22 10:24:14,174 [523ca5f6-ff53-4fd3-97b8-2ae94a10fc0e@group-F6FDB51ACFCF-LeaderElection19] INFO  impl.RoleInfo (RoleInfo.java:shutdownLeaderElection(121)) - 523ca5f6-ff53-4fd3-97b8-2ae94a10fc0e: shutdown 523ca5f6-ff53-4fd3-97b8-2ae94a10fc0e@group-F6FDB51ACFCF-LeaderElection19
2021-09-22 10:24:14,174 [523ca5f6-ff53-4fd3-97b8-2ae94a10fc0e@group-F6FDB51ACFCF-LeaderElection19] INFO  server.RaftServer$Division (RaftServerImpl.java:setRole(285)) - 523ca5f6-ff53-4fd3-97b8-2ae94a10fc0e@group-F6FDB51ACFCF: changes role from CANDIDATE to LEADER at term 1 for changeToLeader
2021-09-22 10:24:14,174 [523ca5f6-ff53-4fd3-97b8-2ae94a10fc0e@group-F6FDB51ACFCF-LeaderElection19] INFO  ratis.XceiverServerRatis (XceiverServerRatis.java:handleLeaderChangedNotification(860)) - Leader change notification received for group: group-F6FDB51ACFCF with new leaderId: 523ca5f6-ff53-4fd3-97b8-2ae94a10fc0e
2021-09-22 10:24:14,174 [523ca5f6-ff53-4fd3-97b8-2ae94a10fc0e@group-F6FDB51ACFCF-LeaderElection19] INFO  server.RaftServer$Division (ServerState.java:setLeader(285)) - 523ca5f6-ff53-4fd3-97b8-2ae94a10fc0e@group-F6FDB51ACFCF: change Leader from null to 523ca5f6-ff53-4fd3-97b8-2ae94a10fc0e at term 1 for becomeLeader, leader elected after 5261ms
2021-09-22 10:24:14,174 [523ca5f6-ff53-4fd3-97b8-2ae94a10fc0e@group-F6FDB51ACFCF-LeaderElection19] INFO  server.RaftServerConfigKeys (ConfUtils.java:logGet(44)) - raft.server.staging.catchup.gap = 1000 (default)
2021-09-22 10:24:14,176 [EventQueue-OpenPipelineForHealthyPipelineSafeModeRule] INFO  safemode.SCMSafeModeManager (HealthyPipelineSafeModeRule.java:process(124)) - SCM in safe mode. Healthy pipelines reported count is 0, required healthy pipeline reported count is 1
2021-09-22 10:24:14,179 [523ca5f6-ff53-4fd3-97b8-2ae94a10fc0e@group-F6FDB51ACFCF-LeaderElection19] INFO  server.RaftServerConfigKeys (ConfUtils.java:logGet(44)) - raft.server.write.element-limit = 1024 (custom)
2021-09-22 10:24:14,180 [523ca5f6-ff53-4fd3-97b8-2ae94a10fc0e@group-F6FDB51ACFCF-LeaderElection19] INFO  server.RaftServerConfigKeys (ConfUtils.java:logGet(44)) - raft.server.write.byte-limit = 1024 M (=1073741824) (custom)
2021-09-22 10:24:14,180 [523ca5f6-ff53-4fd3-97b8-2ae94a10fc0e@group-F6FDB51ACFCF-LeaderElection19] INFO  server.RaftServerConfigKeys (ConfUtils.java:logGet(44)) - raft.server.watch.timeout = 180s (custom)
2021-09-22 10:24:14,180 [523ca5f6-ff53-4fd3-97b8-2ae94a10fc0e@group-F6FDB51ACFCF-LeaderElection19] INFO  server.RaftServerConfigKeys (ConfUtils.java:logGet(44)) - raft.server.watch.timeout.denomination = 1s (default)
2021-09-22 10:24:14,180 [523ca5f6-ff53-4fd3-97b8-2ae94a10fc0e@group-F6FDB51ACFCF-LeaderElection19] INFO  server.RaftServerConfigKeys (ConfUtils.java:logGet(44)) - raft.server.watch.element-limit = 65536 (default)
2021-09-22 10:24:14,180 [523ca5f6-ff53-4fd3-97b8-2ae94a10fc0e@group-F6FDB51ACFCF-LeaderElection19] INFO  impl.RoleInfo (RoleInfo.java:updateAndGet(130)) - 523ca5f6-ff53-4fd3-97b8-2ae94a10fc0e: start 523ca5f6-ff53-4fd3-97b8-2ae94a10fc0e@group-F6FDB51ACFCF-LeaderStateImpl
2021-09-22 10:24:14,181 [523ca5f6-ff53-4fd3-97b8-2ae94a10fc0e@group-F6FDB51ACFCF-LeaderElection19] INFO  segmented.SegmentedRaftLogWorker (SegmentedRaftLogWorker.java:startLogSegment(394)) - 523ca5f6-ff53-4fd3-97b8-2ae94a10fc0e@group-F6FDB51ACFCF-SegmentedRaftLogWorker: Starting segment from index:0
2021-09-22 10:24:14,182 [EventQueue-OpenPipelineForHealthyPipelineSafeModeRule] INFO  safemode.SCMSafeModeManager (HealthyPipelineSafeModeRule.java:process(124)) - SCM in safe mode. Healthy pipelines reported count is 0, required healthy pipeline reported count is 1
2021-09-22 10:24:14,184 [523ca5f6-ff53-4fd3-97b8-2ae94a10fc0e@group-F6FDB51ACFCF-SegmentedRaftLogWorker] INFO  segmented.SegmentedRaftLogWorker (SegmentedRaftLogWorker.java:execute(601)) - 523ca5f6-ff53-4fd3-97b8-2ae94a10fc0e@group-F6FDB51ACFCF-SegmentedRaftLogWorker: created new log segment /home/runner/work/ozone/ozone/hadoop-ozone/integration-test/target/test-dir/MiniOzoneClusterImpl-37bb77ab-1cd7-4f0f-8c8b-61e82082808e/datanode-1/data/ratis/b7668ecb-6134-4093-9b3f-f6fdb51acfcf/current/log_inprogress_0
2021-09-22 10:24:14,193 [523ca5f6-ff53-4fd3-97b8-2ae94a10fc0e@group-F6FDB51ACFCF-LeaderElection19] INFO  server.RaftServer$Division (ServerState.java:setRaftConf(387)) - 523ca5f6-ff53-4fd3-97b8-2ae94a10fc0e@group-F6FDB51ACFCF: set configuration 0: [523ca5f6-ff53-4fd3-97b8-2ae94a10fc0e|rpc:127.0.0.1:41341|dataStream:|priority:1], old=null
2021-09-22 10:24:14,219 [EndpointStateMachine task thread for /127.0.0.1:14493 - 0 ] INFO  ipc.Client (Client.java:handleConnectionFailure(977)) - Retrying connect to server: localhost/127.0.0.1:14493. Already tried 13 time(s); retry policy is RetryUpToMaximumCountWithFixedSleep(maxRetries=15, sleepTime=1000 MILLISECONDS)
2021-09-22 10:24:14,225 [EndpointStateMachine task thread for /127.0.0.1:14503 - 0 ] INFO  ipc.Client (Client.java:handleConnectionFailure(977)) - Retrying connect to server: localhost/127.0.0.1:14503. Already tried 12 time(s); retry policy is RetryUpToMaximumCountWithFixedSleep(maxRetries=15, sleepTime=1000 MILLISECONDS)
2021-09-22 10:24:14,400 [Listener at 127.0.0.1/12164] INFO  ozone.MiniOzoneClusterImpl (MiniOzoneClusterImpl.java:lambda$waitForClusterToBeReady$0(235)) - Nodes are ready. Got 3 of 3 DN Heartbeats.
2021-09-22 10:24:14,400 [Listener at 127.0.0.1/12164] INFO  ozone.MiniOzoneClusterImpl (MiniOzoneClusterImpl.java:lambda$waitForClusterToBeReady$0(238)) - Waiting for cluster to exit safe mode
2021-09-22 10:24:14,401 [Listener at 127.0.0.1/12164] INFO  ozone.MiniOzoneClusterImpl (MiniOzoneClusterImpl.java:lambda$waitForClusterToBeReady$0(240)) - SCM became leader
2021-09-22 10:24:14,537 [d7bf25b9-218d-4f93-a950-cbf604fb8be9@group-6A7B0B09F06F-FollowerState] INFO  impl.FollowerState (FollowerState.java:run(134)) - d7bf25b9-218d-4f93-a950-cbf604fb8be9@group-6A7B0B09F06F-FollowerState: change to CANDIDATE, lastRpcElapsedTime:5093520850ns, electionTimeout:5090ms
2021-09-22 10:24:14,537 [d7bf25b9-218d-4f93-a950-cbf604fb8be9@group-6A7B0B09F06F-FollowerState] INFO  impl.RoleInfo (RoleInfo.java:shutdownFollowerState(108)) - d7bf25b9-218d-4f93-a950-cbf604fb8be9: shutdown d7bf25b9-218d-4f93-a950-cbf604fb8be9@group-6A7B0B09F06F-FollowerState
2021-09-22 10:24:14,537 [d7bf25b9-218d-4f93-a950-cbf604fb8be9@group-6A7B0B09F06F-FollowerState] INFO  server.RaftServer$Division (RaftServerImpl.java:setRole(285)) - d7bf25b9-218d-4f93-a950-cbf604fb8be9@group-6A7B0B09F06F: changes role from  FOLLOWER to CANDIDATE at term 0 for changeToCandidate
2021-09-22 10:24:14,537 [d7bf25b9-218d-4f93-a950-cbf604fb8be9@group-6A7B0B09F06F-FollowerState] INFO  server.RaftServerConfigKeys (ConfUtils.java:logGet(44)) - raft.server.leaderelection.pre-vote = false (custom)
2021-09-22 10:24:14,537 [d7bf25b9-218d-4f93-a950-cbf604fb8be9@group-6A7B0B09F06F-FollowerState] INFO  impl.RoleInfo (RoleInfo.java:updateAndGet(130)) - d7bf25b9-218d-4f93-a950-cbf604fb8be9: start d7bf25b9-218d-4f93-a950-cbf604fb8be9@group-6A7B0B09F06F-LeaderElection20
2021-09-22 10:24:14,563 [d7bf25b9-218d-4f93-a950-cbf604fb8be9@group-6A7B0B09F06F-LeaderElection20] INFO  impl.LeaderElection (LeaderElection.java:askForVotes(306)) - d7bf25b9-218d-4f93-a950-cbf604fb8be9@group-6A7B0B09F06F-LeaderElection20 ELECTION round 0: submit vote requests at term 1 for -1: [d7bf25b9-218d-4f93-a950-cbf604fb8be9|rpc:127.0.0.1:43373|priority:1], old=null
2021-09-22 10:24:14,564 [d7bf25b9-218d-4f93-a950-cbf604fb8be9@group-6A7B0B09F06F-LeaderElection20] INFO  impl.LeaderElection (LeaderElection.java:askForVotes(308)) - d7bf25b9-218d-4f93-a950-cbf604fb8be9@group-6A7B0B09F06F-LeaderElection20 ELECTION round 0: result PASSED (term=1)
2021-09-22 10:24:14,564 [d7bf25b9-218d-4f93-a950-cbf604fb8be9@group-6A7B0B09F06F-LeaderElection20] INFO  impl.RoleInfo (RoleInfo.java:shutdownLeaderElection(121)) - d7bf25b9-218d-4f93-a950-cbf604fb8be9: shutdown d7bf25b9-218d-4f93-a950-cbf604fb8be9@group-6A7B0B09F06F-LeaderElection20
2021-09-22 10:24:14,564 [d7bf25b9-218d-4f93-a950-cbf604fb8be9@group-6A7B0B09F06F-LeaderElection20] INFO  server.RaftServer$Division (RaftServerImpl.java:setRole(285)) - d7bf25b9-218d-4f93-a950-cbf604fb8be9@group-6A7B0B09F06F: changes role from CANDIDATE to LEADER at term 1 for changeToLeader
2021-09-22 10:24:14,564 [d7bf25b9-218d-4f93-a950-cbf604fb8be9@group-6A7B0B09F06F-LeaderElection20] INFO  ratis.XceiverServerRatis (XceiverServerRatis.java:handleLeaderChangedNotification(860)) - Leader change notification received for group: group-6A7B0B09F06F with new leaderId: d7bf25b9-218d-4f93-a950-cbf604fb8be9
2021-09-22 10:24:14,567 [EventQueue-OpenPipelineForHealthyPipelineSafeModeRule] INFO  safemode.SCMSafeModeManager (HealthyPipelineSafeModeRule.java:process(124)) - SCM in safe mode. Healthy pipelines reported count is 0, required healthy pipeline reported count is 1
2021-09-22 10:24:14,568 [EventQueue-OpenPipelineForHealthyPipelineSafeModeRule] INFO  safemode.SCMSafeModeManager (HealthyPipelineSafeModeRule.java:process(124)) - SCM in safe mode. Healthy pipelines reported count is 0, required healthy pipeline reported count is 1
2021-09-22 10:24:14,569 [d7bf25b9-218d-4f93-a950-cbf604fb8be9@group-6A7B0B09F06F-LeaderElection20] INFO  server.RaftServer$Division (ServerState.java:setLeader(285)) - d7bf25b9-218d-4f93-a950-cbf604fb8be9@group-6A7B0B09F06F: change Leader from null to d7bf25b9-218d-4f93-a950-cbf604fb8be9 at term 1 for becomeLeader, leader elected after 5141ms
2021-09-22 10:24:14,569 [d7bf25b9-218d-4f93-a950-cbf604fb8be9@group-6A7B0B09F06F-LeaderElection20] INFO  server.RaftServerConfigKeys (ConfUtils.java:logGet(44)) - raft.server.staging.catchup.gap = 1000 (default)
2021-09-22 10:24:14,570 [d7bf25b9-218d-4f93-a950-cbf604fb8be9@group-6A7B0B09F06F-LeaderElection20] INFO  server.RaftServerConfigKeys (ConfUtils.java:logGet(44)) - raft.server.write.element-limit = 1024 (custom)
2021-09-22 10:24:14,570 [d7bf25b9-218d-4f93-a950-cbf604fb8be9@group-6A7B0B09F06F-LeaderElection20] INFO  server.RaftServerConfigKeys (ConfUtils.java:logGet(44)) - raft.server.write.byte-limit = 1024 M (=1073741824) (custom)
2021-09-22 10:24:14,570 [d7bf25b9-218d-4f93-a950-cbf604fb8be9@group-6A7B0B09F06F-LeaderElection20] INFO  server.RaftServerConfigKeys (ConfUtils.java:logGet(44)) - raft.server.watch.timeout = 180s (custom)
2021-09-22 10:24:14,570 [d7bf25b9-218d-4f93-a950-cbf604fb8be9@group-6A7B0B09F06F-LeaderElection20] INFO  server.RaftServerConfigKeys (ConfUtils.java:logGet(44)) - raft.server.watch.timeout.denomination = 1s (default)
2021-09-22 10:24:14,570 [d7bf25b9-218d-4f93-a950-cbf604fb8be9@group-6A7B0B09F06F-LeaderElection20] INFO  server.RaftServerConfigKeys (ConfUtils.java:logGet(44)) - raft.server.watch.element-limit = 65536 (default)
2021-09-22 10:24:14,570 [d7bf25b9-218d-4f93-a950-cbf604fb8be9@group-6A7B0B09F06F-LeaderElection20] INFO  impl.RoleInfo (RoleInfo.java:updateAndGet(130)) - d7bf25b9-218d-4f93-a950-cbf604fb8be9: start d7bf25b9-218d-4f93-a950-cbf604fb8be9@group-6A7B0B09F06F-LeaderStateImpl
2021-09-22 10:24:14,574 [d7bf25b9-218d-4f93-a950-cbf604fb8be9@group-6A7B0B09F06F-LeaderElection20] INFO  segmented.SegmentedRaftLogWorker (SegmentedRaftLogWorker.java:startLogSegment(394)) - d7bf25b9-218d-4f93-a950-cbf604fb8be9@group-6A7B0B09F06F-SegmentedRaftLogWorker: Starting segment from index:0
2021-09-22 10:24:14,575 [d7bf25b9-218d-4f93-a950-cbf604fb8be9@group-6A7B0B09F06F-SegmentedRaftLogWorker] INFO  segmented.SegmentedRaftLogWorker (SegmentedRaftLogWorker.java:execute(601)) - d7bf25b9-218d-4f93-a950-cbf604fb8be9@group-6A7B0B09F06F-SegmentedRaftLogWorker: created new log segment /home/runner/work/ozone/ozone/hadoop-ozone/integration-test/target/test-dir/MiniOzoneClusterImpl-37bb77ab-1cd7-4f0f-8c8b-61e82082808e/datanode-2/data/ratis/5db0f3da-bb48-4388-a21f-6a7b0b09f06f/current/log_inprogress_0
2021-09-22 10:24:14,614 [d7bf25b9-218d-4f93-a950-cbf604fb8be9@group-6A7B0B09F06F-LeaderElection20] INFO  server.RaftServer$Division (ServerState.java:setRaftConf(387)) - d7bf25b9-218d-4f93-a950-cbf604fb8be9@group-6A7B0B09F06F: set configuration 0: [d7bf25b9-218d-4f93-a950-cbf604fb8be9|rpc:127.0.0.1:43373|dataStream:|priority:1], old=null
2021-09-22 10:24:14,985 [EndpointStateMachine task thread for /127.0.0.1:14513 - 0 ] INFO  ipc.Client (Client.java:handleConnectionFailure(977)) - Retrying connect to server: localhost/127.0.0.1:14513. Already tried 14 time(s); retry policy is RetryUpToMaximumCountWithFixedSleep(maxRetries=15, sleepTime=1000 MILLISECONDS)
2021-09-22 10:24:15,219 [EndpointStateMachine task thread for /127.0.0.1:14493 - 0 ] INFO  ipc.Client (Client.java:handleConnectionFailure(977)) - Retrying connect to server: localhost/127.0.0.1:14493. Already tried 14 time(s); retry policy is RetryUpToMaximumCountWithFixedSleep(maxRetries=15, sleepTime=1000 MILLISECONDS)
2021-09-22 10:24:15,226 [EndpointStateMachine task thread for /127.0.0.1:14503 - 0 ] INFO  ipc.Client (Client.java:handleConnectionFailure(977)) - Retrying connect to server: localhost/127.0.0.1:14503. Already tried 13 time(s); retry policy is RetryUpToMaximumCountWithFixedSleep(maxRetries=15, sleepTime=1000 MILLISECONDS)
2021-09-22 10:24:15,401 [Listener at 127.0.0.1/12164] INFO  ozone.MiniOzoneClusterImpl (MiniOzoneClusterImpl.java:lambda$waitForClusterToBeReady$0(235)) - Nodes are ready. Got 3 of 3 DN Heartbeats.
2021-09-22 10:24:15,401 [Listener at 127.0.0.1/12164] INFO  ozone.MiniOzoneClusterImpl (MiniOzoneClusterImpl.java:lambda$waitForClusterToBeReady$0(238)) - Waiting for cluster to exit safe mode
2021-09-22 10:24:15,402 [Listener at 127.0.0.1/12164] INFO  ozone.MiniOzoneClusterImpl (MiniOzoneClusterImpl.java:lambda$waitForClusterToBeReady$0(240)) - SCM became leader
2021-09-22 10:24:15,582 [Datanode State Machine Thread - 0] ERROR datanode.RunningDatanodeState (RunningDatanodeState.java:computeNextContainerState(199)) - Error in executing end point task.
java.util.concurrent.ExecutionException: java.util.concurrent.TimeoutException
	at java.util.concurrent.FutureTask.report(FutureTask.java:122)
	at java.util.concurrent.FutureTask.get(FutureTask.java:192)
	at org.apache.hadoop.ozone.container.common.states.datanode.RunningDatanodeState.computeNextContainerState(RunningDatanodeState.java:191)
	at org.apache.hadoop.ozone.container.common.states.datanode.RunningDatanodeState.await(RunningDatanodeState.java:231)
	at org.apache.hadoop.ozone.container.common.states.datanode.RunningDatanodeState.await(RunningDatanodeState.java:50)
	at org.apache.hadoop.ozone.container.common.statemachine.StateContext.execute(StateContext.java:629)
	at org.apache.hadoop.ozone.container.common.statemachine.DatanodeStateMachine.start(DatanodeStateMachine.java:270)
	at org.apache.hadoop.ozone.container.common.statemachine.DatanodeStateMachine.lambda$startDaemon$0(DatanodeStateMachine.java:457)
	at java.lang.Thread.run(Thread.java:748)
Caused by: java.util.concurrent.TimeoutException
	at java.util.concurrent.FutureTask.get(FutureTask.java:205)
	at org.apache.hadoop.ozone.container.common.states.datanode.RunningDatanodeState.lambda$execute$0(RunningDatanodeState.java:149)
	at java.util.concurrent.FutureTask.run(FutureTask.java:266)
	at java.util.concurrent.Executors$RunnableAdapter.call(Executors.java:511)
	at java.util.concurrent.FutureTask.run(FutureTask.java:266)
	at java.util.concurrent.ThreadPoolExecutor.runWorker(ThreadPoolExecutor.java:1149)
	at java.util.concurrent.ThreadPoolExecutor$Worker.run(ThreadPoolExecutor.java:624)
	... 1 more
2021-09-22 10:24:15,987 [EndpointStateMachine task thread for /127.0.0.1:14513 - 0 ] INFO  ipc.Client (Client.java:handleConnectionFailure(977)) - Retrying connect to server: localhost/127.0.0.1:14513. Already tried 0 time(s); retry policy is RetryUpToMaximumCountWithFixedSleep(maxRetries=15, sleepTime=1000 MILLISECONDS)
2021-09-22 10:24:16,223 [EndpointStateMachine task thread for /127.0.0.1:14493 - 0 ] INFO  ipc.Client (Client.java:handleConnectionFailure(977)) - Retrying connect to server: localhost/127.0.0.1:14493. Already tried 0 time(s); retry policy is RetryUpToMaximumCountWithFixedSleep(maxRetries=15, sleepTime=1000 MILLISECONDS)
2021-09-22 10:24:16,226 [EndpointStateMachine task thread for /127.0.0.1:14503 - 0 ] INFO  ipc.Client (Client.java:handleConnectionFailure(977)) - Retrying connect to server: localhost/127.0.0.1:14503. Already tried 14 time(s); retry policy is RetryUpToMaximumCountWithFixedSleep(maxRetries=15, sleepTime=1000 MILLISECONDS)
2021-09-22 10:24:16,402 [Listener at 127.0.0.1/12164] INFO  ozone.MiniOzoneClusterImpl (MiniOzoneClusterImpl.java:lambda$waitForClusterToBeReady$0(235)) - Nodes are ready. Got 3 of 3 DN Heartbeats.
2021-09-22 10:24:16,402 [Listener at 127.0.0.1/12164] INFO  ozone.MiniOzoneClusterImpl (MiniOzoneClusterImpl.java:lambda$waitForClusterToBeReady$0(238)) - Waiting for cluster to exit safe mode
2021-09-22 10:24:16,402 [Listener at 127.0.0.1/12164] INFO  ozone.MiniOzoneClusterImpl (MiniOzoneClusterImpl.java:lambda$waitForClusterToBeReady$0(240)) - SCM became leader
2021-09-22 10:24:16,988 [EndpointStateMachine task thread for /127.0.0.1:14513 - 0 ] INFO  ipc.Client (Client.java:handleConnectionFailure(977)) - Retrying connect to server: localhost/127.0.0.1:14513. Already tried 1 time(s); retry policy is RetryUpToMaximumCountWithFixedSleep(maxRetries=15, sleepTime=1000 MILLISECONDS)
2021-09-22 10:24:17,223 [EndpointStateMachine task thread for /127.0.0.1:14493 - 0 ] INFO  ipc.Client (Client.java:handleConnectionFailure(977)) - Retrying connect to server: localhost/127.0.0.1:14493. Already tried 1 time(s); retry policy is RetryUpToMaximumCountWithFixedSleep(maxRetries=15, sleepTime=1000 MILLISECONDS)
2021-09-22 10:24:17,227 [EndpointStateMachine task thread for /127.0.0.1:14503 - 0 ] INFO  ipc.Client (Client.java:handleConnectionFailure(977)) - Retrying connect to server: localhost/127.0.0.1:14503. Already tried 0 time(s); retry policy is RetryUpToMaximumCountWithFixedSleep(maxRetries=15, sleepTime=1000 MILLISECONDS)
2021-09-22 10:24:17,403 [Listener at 127.0.0.1/12164] INFO  ozone.MiniOzoneClusterImpl (MiniOzoneClusterImpl.java:lambda$waitForClusterToBeReady$0(235)) - Nodes are ready. Got 3 of 3 DN Heartbeats.
2021-09-22 10:24:17,403 [Listener at 127.0.0.1/12164] INFO  ozone.MiniOzoneClusterImpl (MiniOzoneClusterImpl.java:lambda$waitForClusterToBeReady$0(238)) - Waiting for cluster to exit safe mode
2021-09-22 10:24:17,403 [Listener at 127.0.0.1/12164] INFO  ozone.MiniOzoneClusterImpl (MiniOzoneClusterImpl.java:lambda$waitForClusterToBeReady$0(240)) - SCM became leader
2021-09-22 10:24:17,989 [EndpointStateMachine task thread for /127.0.0.1:14513 - 0 ] INFO  ipc.Client (Client.java:handleConnectionFailure(977)) - Retrying connect to server: localhost/127.0.0.1:14513. Already tried 2 time(s); retry policy is RetryUpToMaximumCountWithFixedSleep(maxRetries=15, sleepTime=1000 MILLISECONDS)
2021-09-22 10:24:18,224 [EndpointStateMachine task thread for /127.0.0.1:14493 - 0 ] INFO  ipc.Client (Client.java:handleConnectionFailure(977)) - Retrying connect to server: localhost/127.0.0.1:14493. Already tried 2 time(s); retry policy is RetryUpToMaximumCountWithFixedSleep(maxRetries=15, sleepTime=1000 MILLISECONDS)
2021-09-22 10:24:18,227 [EndpointStateMachine task thread for /127.0.0.1:14503 - 0 ] INFO  ipc.Client (Client.java:handleConnectionFailure(977)) - Retrying connect to server: localhost/127.0.0.1:14503. Already tried 1 time(s); retry policy is RetryUpToMaximumCountWithFixedSleep(maxRetries=15, sleepTime=1000 MILLISECONDS)
2021-09-22 10:24:18,403 [Listener at 127.0.0.1/12164] INFO  ozone.MiniOzoneClusterImpl (MiniOzoneClusterImpl.java:lambda$waitForClusterToBeReady$0(235)) - Nodes are ready. Got 3 of 3 DN Heartbeats.
2021-09-22 10:24:18,404 [Listener at 127.0.0.1/12164] INFO  ozone.MiniOzoneClusterImpl (MiniOzoneClusterImpl.java:lambda$waitForClusterToBeReady$0(238)) - Waiting for cluster to exit safe mode
2021-09-22 10:24:18,404 [Listener at 127.0.0.1/12164] INFO  ozone.MiniOzoneClusterImpl (MiniOzoneClusterImpl.java:lambda$waitForClusterToBeReady$0(240)) - SCM became leader
2021-09-22 10:24:18,895 [d7bf25b9-218d-4f93-a950-cbf604fb8be9@group-BBCB63A168E8-FollowerState] INFO  impl.FollowerState (FollowerState.java:run(134)) - d7bf25b9-218d-4f93-a950-cbf604fb8be9@group-BBCB63A168E8-FollowerState: change to CANDIDATE, lastRpcElapsedTime:5063238141ns, electionTimeout:5061ms
2021-09-22 10:24:18,895 [d7bf25b9-218d-4f93-a950-cbf604fb8be9@group-BBCB63A168E8-FollowerState] INFO  impl.RoleInfo (RoleInfo.java:shutdownFollowerState(108)) - d7bf25b9-218d-4f93-a950-cbf604fb8be9: shutdown d7bf25b9-218d-4f93-a950-cbf604fb8be9@group-BBCB63A168E8-FollowerState
2021-09-22 10:24:18,895 [d7bf25b9-218d-4f93-a950-cbf604fb8be9@group-BBCB63A168E8-FollowerState] INFO  server.RaftServer$Division (RaftServerImpl.java:setRole(285)) - d7bf25b9-218d-4f93-a950-cbf604fb8be9@group-BBCB63A168E8: changes role from  FOLLOWER to CANDIDATE at term 1 for changeToCandidate
2021-09-22 10:24:18,896 [d7bf25b9-218d-4f93-a950-cbf604fb8be9@group-BBCB63A168E8-FollowerState] INFO  server.RaftServerConfigKeys (ConfUtils.java:logGet(44)) - raft.server.leaderelection.pre-vote = false (custom)
2021-09-22 10:24:18,896 [d7bf25b9-218d-4f93-a950-cbf604fb8be9@group-BBCB63A168E8-FollowerState] INFO  impl.RoleInfo (RoleInfo.java:updateAndGet(130)) - d7bf25b9-218d-4f93-a950-cbf604fb8be9: start d7bf25b9-218d-4f93-a950-cbf604fb8be9@group-BBCB63A168E8-LeaderElection21
2021-09-22 10:24:18,910 [d7bf25b9-218d-4f93-a950-cbf604fb8be9@group-BBCB63A168E8-LeaderElection21] INFO  impl.LeaderElection (LeaderElection.java:askForVotes(306)) - d7bf25b9-218d-4f93-a950-cbf604fb8be9@group-BBCB63A168E8-LeaderElection21 ELECTION round 0: submit vote requests at term 2 for -1: [d7bf25b9-218d-4f93-a950-cbf604fb8be9|rpc:127.0.0.1:43373|dataStream:|priority:0, 523ca5f6-ff53-4fd3-97b8-2ae94a10fc0e|rpc:127.0.0.1:41341|dataStream:|priority:1, f12b8819-3292-4aaa-8592-45fcb8486f00|rpc:127.0.0.1:37357|dataStream:|priority:0], old=null
2021-09-22 10:24:18,913 [f12b8819-3292-4aaa-8592-45fcb8486f00@group-BBCB63A168E8-FollowerState] INFO  impl.FollowerState (FollowerState.java:run(134)) - f12b8819-3292-4aaa-8592-45fcb8486f00@group-BBCB63A168E8-FollowerState: change to CANDIDATE, lastRpcElapsedTime:5052383872ns, electionTimeout:5048ms
2021-09-22 10:24:18,913 [f12b8819-3292-4aaa-8592-45fcb8486f00@group-BBCB63A168E8-FollowerState] INFO  impl.RoleInfo (RoleInfo.java:shutdownFollowerState(108)) - f12b8819-3292-4aaa-8592-45fcb8486f00: shutdown f12b8819-3292-4aaa-8592-45fcb8486f00@group-BBCB63A168E8-FollowerState
2021-09-22 10:24:18,913 [f12b8819-3292-4aaa-8592-45fcb8486f00@group-BBCB63A168E8-FollowerState] INFO  server.RaftServer$Division (RaftServerImpl.java:setRole(285)) - f12b8819-3292-4aaa-8592-45fcb8486f00@group-BBCB63A168E8: changes role from  FOLLOWER to CANDIDATE at term 1 for changeToCandidate
2021-09-22 10:24:18,921 [f12b8819-3292-4aaa-8592-45fcb8486f00@group-BBCB63A168E8-FollowerState] INFO  server.RaftServerConfigKeys (ConfUtils.java:logGet(44)) - raft.server.leaderelection.pre-vote = false (custom)
2021-09-22 10:24:18,921 [f12b8819-3292-4aaa-8592-45fcb8486f00@group-BBCB63A168E8-FollowerState] INFO  impl.RoleInfo (RoleInfo.java:updateAndGet(130)) - f12b8819-3292-4aaa-8592-45fcb8486f00: start f12b8819-3292-4aaa-8592-45fcb8486f00@group-BBCB63A168E8-LeaderElection22
2021-09-22 10:24:18,930 [grpc-default-executor-2] INFO  server.RaftServer$Division (RaftServerImpl.java:requestVote(1043)) - f12b8819-3292-4aaa-8592-45fcb8486f00@group-BBCB63A168E8: receive requestVote(ELECTION, d7bf25b9-218d-4f93-a950-cbf604fb8be9, group-BBCB63A168E8, 2, (t:0, i:0))
2021-09-22 10:24:18,931 [grpc-default-executor-0] INFO  server.RaftServer$Division (RaftServerImpl.java:requestVote(1043)) - 523ca5f6-ff53-4fd3-97b8-2ae94a10fc0e@group-BBCB63A168E8: receive requestVote(ELECTION, d7bf25b9-218d-4f93-a950-cbf604fb8be9, group-BBCB63A168E8, 2, (t:0, i:0))
2021-09-22 10:24:18,935 [grpc-default-executor-0] INFO  impl.VoteContext (VoteContext.java:log(48)) - 523ca5f6-ff53-4fd3-97b8-2ae94a10fc0e@group-BBCB63A168E8-FOLLOWER: reject ELECTION from d7bf25b9-218d-4f93-a950-cbf604fb8be9: our priority 1 > candidate's priority 0
2021-09-22 10:24:18,935 [grpc-default-executor-0] INFO  server.RaftServer$Division (RaftServerImpl.java:setRole(285)) - 523ca5f6-ff53-4fd3-97b8-2ae94a10fc0e@group-BBCB63A168E8: changes role from  FOLLOWER to FOLLOWER at term 2 for candidate:d7bf25b9-218d-4f93-a950-cbf604fb8be9
2021-09-22 10:24:18,935 [grpc-default-executor-0] INFO  impl.RoleInfo (RoleInfo.java:shutdownFollowerState(108)) - 523ca5f6-ff53-4fd3-97b8-2ae94a10fc0e: shutdown 523ca5f6-ff53-4fd3-97b8-2ae94a10fc0e@group-BBCB63A168E8-FollowerState
2021-09-22 10:24:18,935 [grpc-default-executor-0] INFO  impl.RoleInfo (RoleInfo.java:updateAndGet(130)) - 523ca5f6-ff53-4fd3-97b8-2ae94a10fc0e: start 523ca5f6-ff53-4fd3-97b8-2ae94a10fc0e@group-BBCB63A168E8-FollowerState
2021-09-22 10:24:18,935 [523ca5f6-ff53-4fd3-97b8-2ae94a10fc0e@group-BBCB63A168E8-FollowerState] INFO  impl.FollowerState (FollowerState.java:run(143)) - 523ca5f6-ff53-4fd3-97b8-2ae94a10fc0e@group-BBCB63A168E8-FollowerState was interrupted: {}
java.lang.InterruptedException: sleep interrupted
	at java.lang.Thread.sleep(Native Method)
	at java.lang.Thread.sleep(Thread.java:340)
	at java.util.concurrent.TimeUnit.sleep(TimeUnit.java:386)
	at org.apache.ratis.util.TimeDuration.sleep(TimeDuration.java:324)
	at org.apache.ratis.util.TimeDuration.sleep(TimeDuration.java:309)
	at org.apache.ratis.server.impl.FollowerState.run(FollowerState.java:118)
2021-09-22 10:24:18,936 [grpc-default-executor-2] INFO  impl.VoteContext (VoteContext.java:log(48)) - f12b8819-3292-4aaa-8592-45fcb8486f00@group-BBCB63A168E8-CANDIDATE: accept ELECTION from d7bf25b9-218d-4f93-a950-cbf604fb8be9: our priority 0 <= candidate's priority 0
2021-09-22 10:24:18,937 [grpc-default-executor-2] INFO  server.RaftServer$Division (RaftServerImpl.java:setRole(285)) - f12b8819-3292-4aaa-8592-45fcb8486f00@group-BBCB63A168E8: changes role from CANDIDATE to FOLLOWER at term 2 for candidate:d7bf25b9-218d-4f93-a950-cbf604fb8be9
2021-09-22 10:24:18,937 [grpc-default-executor-2] INFO  impl.RoleInfo (RoleInfo.java:shutdownLeaderElection(121)) - f12b8819-3292-4aaa-8592-45fcb8486f00: shutdown f12b8819-3292-4aaa-8592-45fcb8486f00@group-BBCB63A168E8-LeaderElection22
2021-09-22 10:24:18,937 [grpc-default-executor-2] INFO  impl.RoleInfo (RoleInfo.java:updateAndGet(130)) - f12b8819-3292-4aaa-8592-45fcb8486f00: start f12b8819-3292-4aaa-8592-45fcb8486f00@group-BBCB63A168E8-FollowerState
2021-09-22 10:24:18,937 [grpc-default-executor-0] INFO  server.RaftServer$Division (RaftServerImpl.java:requestVote(1075)) - 523ca5f6-ff53-4fd3-97b8-2ae94a10fc0e@group-BBCB63A168E8 replies to ELECTION vote request: d7bf25b9-218d-4f93-a950-cbf604fb8be9<-523ca5f6-ff53-4fd3-97b8-2ae94a10fc0e#0:FAIL-t2. Peer's state: 523ca5f6-ff53-4fd3-97b8-2ae94a10fc0e@group-BBCB63A168E8:t2, leader=null, voted=null, raftlog=523ca5f6-ff53-4fd3-97b8-2ae94a10fc0e@group-BBCB63A168E8-SegmentedRaftLog:OPENED:c-1,f-1,i0, conf=-1: [d7bf25b9-218d-4f93-a950-cbf604fb8be9|rpc:127.0.0.1:43373|dataStream:|priority:0, 523ca5f6-ff53-4fd3-97b8-2ae94a10fc0e|rpc:127.0.0.1:41341|dataStream:|priority:1, f12b8819-3292-4aaa-8592-45fcb8486f00|rpc:127.0.0.1:37357|dataStream:|priority:0], old=null
2021-09-22 10:24:18,940 [grpc-default-executor-2] INFO  server.RaftServer$Division (RaftServerImpl.java:requestVote(1075)) - f12b8819-3292-4aaa-8592-45fcb8486f00@group-BBCB63A168E8 replies to ELECTION vote request: d7bf25b9-218d-4f93-a950-cbf604fb8be9<-f12b8819-3292-4aaa-8592-45fcb8486f00#0:OK-t2. Peer's state: f12b8819-3292-4aaa-8592-45fcb8486f00@group-BBCB63A168E8:t2, leader=null, voted=d7bf25b9-218d-4f93-a950-cbf604fb8be9, raftlog=f12b8819-3292-4aaa-8592-45fcb8486f00@group-BBCB63A168E8-SegmentedRaftLog:OPENED:c-1,f-1,i0, conf=-1: [d7bf25b9-218d-4f93-a950-cbf604fb8be9|rpc:127.0.0.1:43373|priority:0, 523ca5f6-ff53-4fd3-97b8-2ae94a10fc0e|rpc:127.0.0.1:41341|priority:1, f12b8819-3292-4aaa-8592-45fcb8486f00|rpc:127.0.0.1:37357|priority:0], old=null
2021-09-22 10:24:18,943 [d7bf25b9-218d-4f93-a950-cbf604fb8be9@group-BBCB63A168E8-LeaderElection21] INFO  impl.LeaderElection (LeaderElection.java:logAndReturn(89)) - d7bf25b9-218d-4f93-a950-cbf604fb8be9@group-BBCB63A168E8-LeaderElection21: ELECTION REJECTED received 1 response(s) and 0 exception(s):
2021-09-22 10:24:18,943 [d7bf25b9-218d-4f93-a950-cbf604fb8be9@group-BBCB63A168E8-LeaderElection21] INFO  impl.LeaderElection (LeaderElection.java:logAndReturn(93)) -   Response 0: d7bf25b9-218d-4f93-a950-cbf604fb8be9<-523ca5f6-ff53-4fd3-97b8-2ae94a10fc0e#0:FAIL-t2
2021-09-22 10:24:18,943 [d7bf25b9-218d-4f93-a950-cbf604fb8be9@group-BBCB63A168E8-LeaderElection21] INFO  impl.LeaderElection (LeaderElection.java:askForVotes(308)) - d7bf25b9-218d-4f93-a950-cbf604fb8be9@group-BBCB63A168E8-LeaderElection21 ELECTION round 0: result REJECTED
2021-09-22 10:24:18,943 [d7bf25b9-218d-4f93-a950-cbf604fb8be9@group-BBCB63A168E8-LeaderElection21] INFO  server.RaftServer$Division (RaftServerImpl.java:setRole(285)) - d7bf25b9-218d-4f93-a950-cbf604fb8be9@group-BBCB63A168E8: changes role from CANDIDATE to FOLLOWER at term 2 for REJECTED
2021-09-22 10:24:18,943 [d7bf25b9-218d-4f93-a950-cbf604fb8be9@group-BBCB63A168E8-LeaderElection21] INFO  impl.RoleInfo (RoleInfo.java:shutdownLeaderElection(121)) - d7bf25b9-218d-4f93-a950-cbf604fb8be9: shutdown d7bf25b9-218d-4f93-a950-cbf604fb8be9@group-BBCB63A168E8-LeaderElection21
2021-09-22 10:24:18,943 [d7bf25b9-218d-4f93-a950-cbf604fb8be9@group-BBCB63A168E8-LeaderElection21] INFO  impl.RoleInfo (RoleInfo.java:updateAndGet(130)) - d7bf25b9-218d-4f93-a950-cbf604fb8be9: start d7bf25b9-218d-4f93-a950-cbf604fb8be9@group-BBCB63A168E8-FollowerState
2021-09-22 10:24:18,990 [EndpointStateMachine task thread for /127.0.0.1:14513 - 0 ] INFO  ipc.Client (Client.java:handleConnectionFailure(977)) - Retrying connect to server: localhost/127.0.0.1:14513. Already tried 3 time(s); retry policy is RetryUpToMaximumCountWithFixedSleep(maxRetries=15, sleepTime=1000 MILLISECONDS)
2021-09-22 10:24:19,070 [f12b8819-3292-4aaa-8592-45fcb8486f00@group-FEC5D6B24579-FollowerState] INFO  impl.FollowerState (FollowerState.java:run(134)) - f12b8819-3292-4aaa-8592-45fcb8486f00@group-FEC5D6B24579-FollowerState: change to CANDIDATE, lastRpcElapsedTime:5027691714ns, electionTimeout:5027ms
2021-09-22 10:24:19,070 [f12b8819-3292-4aaa-8592-45fcb8486f00@group-FEC5D6B24579-FollowerState] INFO  impl.RoleInfo (RoleInfo.java:shutdownFollowerState(108)) - f12b8819-3292-4aaa-8592-45fcb8486f00: shutdown f12b8819-3292-4aaa-8592-45fcb8486f00@group-FEC5D6B24579-FollowerState
2021-09-22 10:24:19,070 [f12b8819-3292-4aaa-8592-45fcb8486f00@group-FEC5D6B24579-FollowerState] INFO  server.RaftServer$Division (RaftServerImpl.java:setRole(285)) - f12b8819-3292-4aaa-8592-45fcb8486f00@group-FEC5D6B24579: changes role from  FOLLOWER to CANDIDATE at term 1 for changeToCandidate
2021-09-22 10:24:19,070 [f12b8819-3292-4aaa-8592-45fcb8486f00@group-FEC5D6B24579-FollowerState] INFO  server.RaftServerConfigKeys (ConfUtils.java:logGet(44)) - raft.server.leaderelection.pre-vote = false (custom)
2021-09-22 10:24:19,070 [f12b8819-3292-4aaa-8592-45fcb8486f00@group-FEC5D6B24579-FollowerState] INFO  impl.RoleInfo (RoleInfo.java:updateAndGet(130)) - f12b8819-3292-4aaa-8592-45fcb8486f00: start f12b8819-3292-4aaa-8592-45fcb8486f00@group-FEC5D6B24579-LeaderElection23
2021-09-22 10:24:19,088 [f12b8819-3292-4aaa-8592-45fcb8486f00@group-FEC5D6B24579-LeaderElection23] INFO  impl.LeaderElection (LeaderElection.java:askForVotes(306)) - f12b8819-3292-4aaa-8592-45fcb8486f00@group-FEC5D6B24579-LeaderElection23 ELECTION round 0: submit vote requests at term 2 for -1: [523ca5f6-ff53-4fd3-97b8-2ae94a10fc0e|rpc:127.0.0.1:41341|priority:0, d7bf25b9-218d-4f93-a950-cbf604fb8be9|rpc:127.0.0.1:43373|priority:1, f12b8819-3292-4aaa-8592-45fcb8486f00|rpc:127.0.0.1:37357|priority:0], old=null
2021-09-22 10:24:19,097 [grpc-default-executor-2] INFO  server.RaftServer$Division (RaftServerImpl.java:requestVote(1043)) - d7bf25b9-218d-4f93-a950-cbf604fb8be9@group-FEC5D6B24579: receive requestVote(ELECTION, f12b8819-3292-4aaa-8592-45fcb8486f00, group-FEC5D6B24579, 2, (t:0, i:0))
2021-09-22 10:24:19,099 [grpc-default-executor-2] INFO  impl.VoteContext (VoteContext.java:log(48)) - d7bf25b9-218d-4f93-a950-cbf604fb8be9@group-FEC5D6B24579-FOLLOWER: reject ELECTION from f12b8819-3292-4aaa-8592-45fcb8486f00: our priority 1 > candidate's priority 0
2021-09-22 10:24:19,099 [grpc-default-executor-2] INFO  server.RaftServer$Division (RaftServerImpl.java:setRole(285)) - d7bf25b9-218d-4f93-a950-cbf604fb8be9@group-FEC5D6B24579: changes role from  FOLLOWER to FOLLOWER at term 2 for candidate:f12b8819-3292-4aaa-8592-45fcb8486f00
2021-09-22 10:24:19,099 [grpc-default-executor-2] INFO  impl.RoleInfo (RoleInfo.java:shutdownFollowerState(108)) - d7bf25b9-218d-4f93-a950-cbf604fb8be9: shutdown d7bf25b9-218d-4f93-a950-cbf604fb8be9@group-FEC5D6B24579-FollowerState
2021-09-22 10:24:19,099 [d7bf25b9-218d-4f93-a950-cbf604fb8be9@group-FEC5D6B24579-FollowerState] INFO  impl.FollowerState (FollowerState.java:run(143)) - d7bf25b9-218d-4f93-a950-cbf604fb8be9@group-FEC5D6B24579-FollowerState was interrupted: {}
java.lang.InterruptedException: sleep interrupted
	at java.lang.Thread.sleep(Native Method)
	at java.lang.Thread.sleep(Thread.java:340)
	at java.util.concurrent.TimeUnit.sleep(TimeUnit.java:386)
	at org.apache.ratis.util.TimeDuration.sleep(TimeDuration.java:324)
	at org.apache.ratis.util.TimeDuration.sleep(TimeDuration.java:309)
	at org.apache.ratis.server.impl.FollowerState.run(FollowerState.java:118)
2021-09-22 10:24:19,099 [grpc-default-executor-2] INFO  impl.RoleInfo (RoleInfo.java:updateAndGet(130)) - d7bf25b9-218d-4f93-a950-cbf604fb8be9: start d7bf25b9-218d-4f93-a950-cbf604fb8be9@group-FEC5D6B24579-FollowerState
2021-09-22 10:24:19,106 [grpc-default-executor-2] INFO  server.RaftServer$Division (RaftServerImpl.java:requestVote(1075)) - d7bf25b9-218d-4f93-a950-cbf604fb8be9@group-FEC5D6B24579 replies to ELECTION vote request: f12b8819-3292-4aaa-8592-45fcb8486f00<-d7bf25b9-218d-4f93-a950-cbf604fb8be9#0:FAIL-t2. Peer's state: d7bf25b9-218d-4f93-a950-cbf604fb8be9@group-FEC5D6B24579:t2, leader=null, voted=null, raftlog=d7bf25b9-218d-4f93-a950-cbf604fb8be9@group-FEC5D6B24579-SegmentedRaftLog:OPENED:c-1,f-1,i0, conf=-1: [523ca5f6-ff53-4fd3-97b8-2ae94a10fc0e|rpc:127.0.0.1:41341|dataStream:|priority:0, d7bf25b9-218d-4f93-a950-cbf604fb8be9|rpc:127.0.0.1:43373|dataStream:|priority:1, f12b8819-3292-4aaa-8592-45fcb8486f00|rpc:127.0.0.1:37357|dataStream:|priority:0], old=null
2021-09-22 10:24:19,106 [grpc-default-executor-0] INFO  server.RaftServer$Division (RaftServerImpl.java:requestVote(1043)) - 523ca5f6-ff53-4fd3-97b8-2ae94a10fc0e@group-FEC5D6B24579: receive requestVote(ELECTION, f12b8819-3292-4aaa-8592-45fcb8486f00, group-FEC5D6B24579, 2, (t:0, i:0))
2021-09-22 10:24:19,106 [grpc-default-executor-0] INFO  impl.VoteContext (VoteContext.java:log(48)) - 523ca5f6-ff53-4fd3-97b8-2ae94a10fc0e@group-FEC5D6B24579-FOLLOWER: accept ELECTION from f12b8819-3292-4aaa-8592-45fcb8486f00: our priority 0 <= candidate's priority 0
2021-09-22 10:24:19,106 [grpc-default-executor-0] INFO  server.RaftServer$Division (RaftServerImpl.java:setRole(285)) - 523ca5f6-ff53-4fd3-97b8-2ae94a10fc0e@group-FEC5D6B24579: changes role from  FOLLOWER to FOLLOWER at term 2 for candidate:f12b8819-3292-4aaa-8592-45fcb8486f00
2021-09-22 10:24:19,106 [grpc-default-executor-0] INFO  impl.RoleInfo (RoleInfo.java:shutdownFollowerState(108)) - 523ca5f6-ff53-4fd3-97b8-2ae94a10fc0e: shutdown 523ca5f6-ff53-4fd3-97b8-2ae94a10fc0e@group-FEC5D6B24579-FollowerState
2021-09-22 10:24:19,107 [grpc-default-executor-0] INFO  impl.RoleInfo (RoleInfo.java:updateAndGet(130)) - 523ca5f6-ff53-4fd3-97b8-2ae94a10fc0e: start 523ca5f6-ff53-4fd3-97b8-2ae94a10fc0e@group-FEC5D6B24579-FollowerState
2021-09-22 10:24:19,107 [523ca5f6-ff53-4fd3-97b8-2ae94a10fc0e@group-FEC5D6B24579-FollowerState] INFO  impl.FollowerState (FollowerState.java:run(143)) - 523ca5f6-ff53-4fd3-97b8-2ae94a10fc0e@group-FEC5D6B24579-FollowerState was interrupted: {}
java.lang.InterruptedException: sleep interrupted
	at java.lang.Thread.sleep(Native Method)
	at java.lang.Thread.sleep(Thread.java:340)
	at java.util.concurrent.TimeUnit.sleep(TimeUnit.java:386)
	at org.apache.ratis.util.TimeDuration.sleep(TimeDuration.java:324)
	at org.apache.ratis.util.TimeDuration.sleep(TimeDuration.java:309)
	at org.apache.ratis.server.impl.FollowerState.run(FollowerState.java:118)
2021-09-22 10:24:19,112 [grpc-default-executor-0] INFO  server.RaftServer$Division (RaftServerImpl.java:requestVote(1075)) - 523ca5f6-ff53-4fd3-97b8-2ae94a10fc0e@group-FEC5D6B24579 replies to ELECTION vote request: f12b8819-3292-4aaa-8592-45fcb8486f00<-523ca5f6-ff53-4fd3-97b8-2ae94a10fc0e#0:OK-t2. Peer's state: 523ca5f6-ff53-4fd3-97b8-2ae94a10fc0e@group-FEC5D6B24579:t2, leader=null, voted=f12b8819-3292-4aaa-8592-45fcb8486f00, raftlog=523ca5f6-ff53-4fd3-97b8-2ae94a10fc0e@group-FEC5D6B24579-SegmentedRaftLog:OPENED:c-1,f-1,i0, conf=-1: [523ca5f6-ff53-4fd3-97b8-2ae94a10fc0e|rpc:127.0.0.1:41341|dataStream:|priority:0, d7bf25b9-218d-4f93-a950-cbf604fb8be9|rpc:127.0.0.1:43373|dataStream:|priority:1, f12b8819-3292-4aaa-8592-45fcb8486f00|rpc:127.0.0.1:37357|dataStream:|priority:0], old=null
2021-09-22 10:24:19,116 [f12b8819-3292-4aaa-8592-45fcb8486f00@group-FEC5D6B24579-LeaderElection23] INFO  impl.LeaderElection (LeaderElection.java:logAndReturn(89)) - f12b8819-3292-4aaa-8592-45fcb8486f00@group-FEC5D6B24579-LeaderElection23: ELECTION REJECTED received 1 response(s) and 0 exception(s):
2021-09-22 10:24:19,116 [f12b8819-3292-4aaa-8592-45fcb8486f00@group-FEC5D6B24579-LeaderElection23] INFO  impl.LeaderElection (LeaderElection.java:logAndReturn(93)) -   Response 0: f12b8819-3292-4aaa-8592-45fcb8486f00<-d7bf25b9-218d-4f93-a950-cbf604fb8be9#0:FAIL-t2
2021-09-22 10:24:19,116 [f12b8819-3292-4aaa-8592-45fcb8486f00@group-FEC5D6B24579-LeaderElection23] INFO  impl.LeaderElection (LeaderElection.java:askForVotes(308)) - f12b8819-3292-4aaa-8592-45fcb8486f00@group-FEC5D6B24579-LeaderElection23 ELECTION round 0: result REJECTED
2021-09-22 10:24:19,117 [f12b8819-3292-4aaa-8592-45fcb8486f00@group-FEC5D6B24579-LeaderElection23] INFO  server.RaftServer$Division (RaftServerImpl.java:setRole(285)) - f12b8819-3292-4aaa-8592-45fcb8486f00@group-FEC5D6B24579: changes role from CANDIDATE to FOLLOWER at term 2 for REJECTED
2021-09-22 10:24:19,118 [f12b8819-3292-4aaa-8592-45fcb8486f00@group-FEC5D6B24579-LeaderElection23] INFO  impl.RoleInfo (RoleInfo.java:shutdownLeaderElection(121)) - f12b8819-3292-4aaa-8592-45fcb8486f00: shutdown f12b8819-3292-4aaa-8592-45fcb8486f00@group-FEC5D6B24579-LeaderElection23
2021-09-22 10:24:19,118 [f12b8819-3292-4aaa-8592-45fcb8486f00@group-FEC5D6B24579-LeaderElection23] INFO  impl.RoleInfo (RoleInfo.java:updateAndGet(130)) - f12b8819-3292-4aaa-8592-45fcb8486f00: start f12b8819-3292-4aaa-8592-45fcb8486f00@group-FEC5D6B24579-FollowerState
2021-09-22 10:24:19,178 [Datanode State Machine Thread - 0] ERROR datanode.RunningDatanodeState (RunningDatanodeState.java:computeNextContainerState(199)) - Error in executing end point task.
java.util.concurrent.ExecutionException: java.util.concurrent.TimeoutException
	at java.util.concurrent.FutureTask.report(FutureTask.java:122)
	at java.util.concurrent.FutureTask.get(FutureTask.java:192)
	at org.apache.hadoop.ozone.container.common.states.datanode.RunningDatanodeState.computeNextContainerState(RunningDatanodeState.java:191)
	at org.apache.hadoop.ozone.container.common.states.datanode.RunningDatanodeState.await(RunningDatanodeState.java:231)
	at org.apache.hadoop.ozone.container.common.states.datanode.RunningDatanodeState.await(RunningDatanodeState.java:50)
	at org.apache.hadoop.ozone.container.common.statemachine.StateContext.execute(StateContext.java:629)
	at org.apache.hadoop.ozone.container.common.statemachine.DatanodeStateMachine.start(DatanodeStateMachine.java:270)
	at org.apache.hadoop.ozone.container.common.statemachine.DatanodeStateMachine.lambda$startDaemon$0(DatanodeStateMachine.java:457)
	at java.lang.Thread.run(Thread.java:748)
Caused by: java.util.concurrent.TimeoutException
	at java.util.concurrent.FutureTask.get(FutureTask.java:205)
	at org.apache.hadoop.ozone.container.common.states.datanode.RunningDatanodeState.lambda$execute$0(RunningDatanodeState.java:149)
	at java.util.concurrent.FutureTask.run(FutureTask.java:266)
	at java.util.concurrent.Executors$RunnableAdapter.call(Executors.java:511)
	at java.util.concurrent.FutureTask.run(FutureTask.java:266)
	at java.util.concurrent.ThreadPoolExecutor.runWorker(ThreadPoolExecutor.java:1149)
	at java.util.concurrent.ThreadPoolExecutor$Worker.run(ThreadPoolExecutor.java:624)
	... 1 more
2021-09-22 10:24:19,225 [EndpointStateMachine task thread for /127.0.0.1:14493 - 0 ] INFO  ipc.Client (Client.java:handleConnectionFailure(977)) - Retrying connect to server: localhost/127.0.0.1:14493. Already tried 3 time(s); retry policy is RetryUpToMaximumCountWithFixedSleep(maxRetries=15, sleepTime=1000 MILLISECONDS)
2021-09-22 10:24:19,228 [EndpointStateMachine task thread for /127.0.0.1:14503 - 0 ] INFO  ipc.Client (Client.java:handleConnectionFailure(977)) - Retrying connect to server: localhost/127.0.0.1:14503. Already tried 2 time(s); retry policy is RetryUpToMaximumCountWithFixedSleep(maxRetries=15, sleepTime=1000 MILLISECONDS)
2021-09-22 10:24:19,404 [Listener at 127.0.0.1/12164] INFO  ozone.MiniOzoneClusterImpl (MiniOzoneClusterImpl.java:lambda$waitForClusterToBeReady$0(235)) - Nodes are ready. Got 3 of 3 DN Heartbeats.
2021-09-22 10:24:19,404 [Listener at 127.0.0.1/12164] INFO  ozone.MiniOzoneClusterImpl (MiniOzoneClusterImpl.java:lambda$waitForClusterToBeReady$0(238)) - Waiting for cluster to exit safe mode
2021-09-22 10:24:19,404 [Listener at 127.0.0.1/12164] INFO  ozone.MiniOzoneClusterImpl (MiniOzoneClusterImpl.java:lambda$waitForClusterToBeReady$0(240)) - SCM became leader
2021-09-22 10:24:19,567 [Datanode State Machine Thread - 0] ERROR datanode.RunningDatanodeState (RunningDatanodeState.java:computeNextContainerState(199)) - Error in executing end point task.
java.util.concurrent.ExecutionException: java.util.concurrent.TimeoutException
	at java.util.concurrent.FutureTask.report(FutureTask.java:122)
	at java.util.concurrent.FutureTask.get(FutureTask.java:192)
	at org.apache.hadoop.ozone.container.common.states.datanode.RunningDatanodeState.computeNextContainerState(RunningDatanodeState.java:191)
	at org.apache.hadoop.ozone.container.common.states.datanode.RunningDatanodeState.await(RunningDatanodeState.java:231)
	at org.apache.hadoop.ozone.container.common.states.datanode.RunningDatanodeState.await(RunningDatanodeState.java:50)
	at org.apache.hadoop.ozone.container.common.statemachine.StateContext.execute(StateContext.java:629)
	at org.apache.hadoop.ozone.container.common.statemachine.DatanodeStateMachine.start(DatanodeStateMachine.java:270)
	at org.apache.hadoop.ozone.container.common.statemachine.DatanodeStateMachine.lambda$startDaemon$0(DatanodeStateMachine.java:457)
	at java.lang.Thread.run(Thread.java:748)
Caused by: java.util.concurrent.TimeoutException
	at java.util.concurrent.FutureTask.get(FutureTask.java:205)
	at org.apache.hadoop.ozone.container.common.states.datanode.RunningDatanodeState.lambda$execute$0(RunningDatanodeState.java:149)
	at java.util.concurrent.FutureTask.run(FutureTask.java:266)
	at java.util.concurrent.Executors$RunnableAdapter.call(Executors.java:511)
	at java.util.concurrent.FutureTask.run(FutureTask.java:266)
	at java.util.concurrent.ThreadPoolExecutor.runWorker(ThreadPoolExecutor.java:1149)
	at java.util.concurrent.ThreadPoolExecutor$Worker.run(ThreadPoolExecutor.java:624)
	... 1 more
2021-09-22 10:24:19,585 [Datanode State Machine Thread - 0] ERROR datanode.RunningDatanodeState (RunningDatanodeState.java:computeNextContainerState(199)) - Error in executing end point task.
java.util.concurrent.ExecutionException: java.util.concurrent.TimeoutException
	at java.util.concurrent.FutureTask.report(FutureTask.java:122)
	at java.util.concurrent.FutureTask.get(FutureTask.java:192)
	at org.apache.hadoop.ozone.container.common.states.datanode.RunningDatanodeState.computeNextContainerState(RunningDatanodeState.java:191)
	at org.apache.hadoop.ozone.container.common.states.datanode.RunningDatanodeState.await(RunningDatanodeState.java:231)
	at org.apache.hadoop.ozone.container.common.states.datanode.RunningDatanodeState.await(RunningDatanodeState.java:50)
	at org.apache.hadoop.ozone.container.common.statemachine.StateContext.execute(StateContext.java:629)
	at org.apache.hadoop.ozone.container.common.statemachine.DatanodeStateMachine.start(DatanodeStateMachine.java:270)
	at org.apache.hadoop.ozone.container.common.statemachine.DatanodeStateMachine.lambda$startDaemon$0(DatanodeStateMachine.java:457)
	at java.lang.Thread.run(Thread.java:748)
Caused by: java.util.concurrent.TimeoutException
	at java.util.concurrent.FutureTask.get(FutureTask.java:205)
	at org.apache.hadoop.ozone.container.common.states.datanode.RunningDatanodeState.lambda$execute$0(RunningDatanodeState.java:149)
	at java.util.concurrent.FutureTask.run(FutureTask.java:266)
	at java.util.concurrent.Executors$RunnableAdapter.call(Executors.java:511)
	at java.util.concurrent.FutureTask.run(FutureTask.java:266)
	at java.util.concurrent.ThreadPoolExecutor.runWorker(ThreadPoolExecutor.java:1149)
	at java.util.concurrent.ThreadPoolExecutor$Worker.run(ThreadPoolExecutor.java:624)
	... 1 more
2021-09-22 10:24:19,990 [EndpointStateMachine task thread for /127.0.0.1:14513 - 0 ] INFO  ipc.Client (Client.java:handleConnectionFailure(977)) - Retrying connect to server: localhost/127.0.0.1:14513. Already tried 4 time(s); retry policy is RetryUpToMaximumCountWithFixedSleep(maxRetries=15, sleepTime=1000 MILLISECONDS)
2021-09-22 10:24:20,225 [EndpointStateMachine task thread for /127.0.0.1:14493 - 0 ] INFO  ipc.Client (Client.java:handleConnectionFailure(977)) - Retrying connect to server: localhost/127.0.0.1:14493. Already tried 4 time(s); retry policy is RetryUpToMaximumCountWithFixedSleep(maxRetries=15, sleepTime=1000 MILLISECONDS)
2021-09-22 10:24:20,228 [EndpointStateMachine task thread for /127.0.0.1:14503 - 0 ] INFO  ipc.Client (Client.java:handleConnectionFailure(977)) - Retrying connect to server: localhost/127.0.0.1:14503. Already tried 3 time(s); retry policy is RetryUpToMaximumCountWithFixedSleep(maxRetries=15, sleepTime=1000 MILLISECONDS)
2021-09-22 10:24:20,405 [Listener at 127.0.0.1/12164] INFO  ozone.MiniOzoneClusterImpl (MiniOzoneClusterImpl.java:lambda$waitForClusterToBeReady$0(235)) - Nodes are ready. Got 3 of 3 DN Heartbeats.
2021-09-22 10:24:20,405 [Listener at 127.0.0.1/12164] INFO  ozone.MiniOzoneClusterImpl (MiniOzoneClusterImpl.java:lambda$waitForClusterToBeReady$0(238)) - Waiting for cluster to exit safe mode
2021-09-22 10:24:20,405 [Listener at 127.0.0.1/12164] INFO  ozone.MiniOzoneClusterImpl (MiniOzoneClusterImpl.java:lambda$waitForClusterToBeReady$0(240)) - SCM became leader
2021-09-22 10:24:20,587 [Datanode State Machine Thread - 0] ERROR datanode.RunningDatanodeState (RunningDatanodeState.java:computeNextContainerState(199)) - Error in executing end point task.
java.util.concurrent.ExecutionException: java.util.concurrent.TimeoutException
	at java.util.concurrent.FutureTask.report(FutureTask.java:122)
	at java.util.concurrent.FutureTask.get(FutureTask.java:192)
	at org.apache.hadoop.ozone.container.common.states.datanode.RunningDatanodeState.computeNextContainerState(RunningDatanodeState.java:191)
	at org.apache.hadoop.ozone.container.common.states.datanode.RunningDatanodeState.await(RunningDatanodeState.java:231)
	at org.apache.hadoop.ozone.container.common.states.datanode.RunningDatanodeState.await(RunningDatanodeState.java:50)
	at org.apache.hadoop.ozone.container.common.statemachine.StateContext.execute(StateContext.java:629)
	at org.apache.hadoop.ozone.container.common.statemachine.DatanodeStateMachine.start(DatanodeStateMachine.java:270)
	at org.apache.hadoop.ozone.container.common.statemachine.DatanodeStateMachine.lambda$startDaemon$0(DatanodeStateMachine.java:457)
	at java.lang.Thread.run(Thread.java:748)
Caused by: java.util.concurrent.TimeoutException
	at java.util.concurrent.FutureTask.get(FutureTask.java:205)
	at org.apache.hadoop.ozone.container.common.states.datanode.RunningDatanodeState.lambda$execute$0(RunningDatanodeState.java:149)
	at java.util.concurrent.FutureTask.run(FutureTask.java:266)
	at java.util.concurrent.Executors$RunnableAdapter.call(Executors.java:511)
	at java.util.concurrent.FutureTask.run(FutureTask.java:266)
	at java.util.concurrent.ThreadPoolExecutor.runWorker(ThreadPoolExecutor.java:1149)
	at java.util.concurrent.ThreadPoolExecutor$Worker.run(ThreadPoolExecutor.java:624)
	... 1 more
2021-09-22 10:24:20,991 [EndpointStateMachine task thread for /127.0.0.1:14513 - 0 ] INFO  ipc.Client (Client.java:handleConnectionFailure(977)) - Retrying connect to server: localhost/127.0.0.1:14513. Already tried 5 time(s); retry policy is RetryUpToMaximumCountWithFixedSleep(maxRetries=15, sleepTime=1000 MILLISECONDS)
2021-09-22 10:24:21,226 [EndpointStateMachine task thread for /127.0.0.1:14493 - 0 ] INFO  ipc.Client (Client.java:handleConnectionFailure(977)) - Retrying connect to server: localhost/127.0.0.1:14493. Already tried 5 time(s); retry policy is RetryUpToMaximumCountWithFixedSleep(maxRetries=15, sleepTime=1000 MILLISECONDS)
2021-09-22 10:24:21,229 [EndpointStateMachine task thread for /127.0.0.1:14503 - 0 ] INFO  ipc.Client (Client.java:handleConnectionFailure(977)) - Retrying connect to server: localhost/127.0.0.1:14503. Already tried 4 time(s); retry policy is RetryUpToMaximumCountWithFixedSleep(maxRetries=15, sleepTime=1000 MILLISECONDS)
2021-09-22 10:24:21,405 [Listener at 127.0.0.1/12164] INFO  ozone.MiniOzoneClusterImpl (MiniOzoneClusterImpl.java:lambda$waitForClusterToBeReady$0(235)) - Nodes are ready. Got 3 of 3 DN Heartbeats.
2021-09-22 10:24:21,406 [Listener at 127.0.0.1/12164] INFO  ozone.MiniOzoneClusterImpl (MiniOzoneClusterImpl.java:lambda$waitForClusterToBeReady$0(238)) - Waiting for cluster to exit safe mode
2021-09-22 10:24:21,406 [Listener at 127.0.0.1/12164] INFO  ozone.MiniOzoneClusterImpl (MiniOzoneClusterImpl.java:lambda$waitForClusterToBeReady$0(240)) - SCM became leader
2021-09-22 10:24:21,992 [EndpointStateMachine task thread for /127.0.0.1:14513 - 0 ] INFO  ipc.Client (Client.java:handleConnectionFailure(977)) - Retrying connect to server: localhost/127.0.0.1:14513. Already tried 6 time(s); retry policy is RetryUpToMaximumCountWithFixedSleep(maxRetries=15, sleepTime=1000 MILLISECONDS)
2021-09-22 10:24:22,226 [EndpointStateMachine task thread for /127.0.0.1:14493 - 0 ] INFO  ipc.Client (Client.java:handleConnectionFailure(977)) - Retrying connect to server: localhost/127.0.0.1:14493. Already tried 6 time(s); retry policy is RetryUpToMaximumCountWithFixedSleep(maxRetries=15, sleepTime=1000 MILLISECONDS)
2021-09-22 10:24:22,230 [EndpointStateMachine task thread for /127.0.0.1:14503 - 0 ] INFO  ipc.Client (Client.java:handleConnectionFailure(977)) - Retrying connect to server: localhost/127.0.0.1:14503. Already tried 5 time(s); retry policy is RetryUpToMaximumCountWithFixedSleep(maxRetries=15, sleepTime=1000 MILLISECONDS)
2021-09-22 10:24:22,406 [Listener at 127.0.0.1/12164] INFO  ozone.MiniOzoneClusterImpl (MiniOzoneClusterImpl.java:lambda$waitForClusterToBeReady$0(235)) - Nodes are ready. Got 3 of 3 DN Heartbeats.
2021-09-22 10:24:22,407 [Listener at 127.0.0.1/12164] INFO  ozone.MiniOzoneClusterImpl (MiniOzoneClusterImpl.java:lambda$waitForClusterToBeReady$0(238)) - Waiting for cluster to exit safe mode
2021-09-22 10:24:22,407 [Listener at 127.0.0.1/12164] INFO  ozone.MiniOzoneClusterImpl (MiniOzoneClusterImpl.java:lambda$waitForClusterToBeReady$0(240)) - SCM became leader
2021-09-22 10:24:22,589 [Datanode State Machine Thread - 0] ERROR datanode.RunningDatanodeState (RunningDatanodeState.java:computeNextContainerState(199)) - Error in executing end point task.
java.util.concurrent.ExecutionException: java.util.concurrent.TimeoutException
	at java.util.concurrent.FutureTask.report(FutureTask.java:122)
	at java.util.concurrent.FutureTask.get(FutureTask.java:192)
	at org.apache.hadoop.ozone.container.common.states.datanode.RunningDatanodeState.computeNextContainerState(RunningDatanodeState.java:191)
	at org.apache.hadoop.ozone.container.common.states.datanode.RunningDatanodeState.await(RunningDatanodeState.java:231)
	at org.apache.hadoop.ozone.container.common.states.datanode.RunningDatanodeState.await(RunningDatanodeState.java:50)
	at org.apache.hadoop.ozone.container.common.statemachine.StateContext.execute(StateContext.java:629)
	at org.apache.hadoop.ozone.container.common.statemachine.DatanodeStateMachine.start(DatanodeStateMachine.java:270)
	at org.apache.hadoop.ozone.container.common.statemachine.DatanodeStateMachine.lambda$startDaemon$0(DatanodeStateMachine.java:457)
	at java.lang.Thread.run(Thread.java:748)
Caused by: java.util.concurrent.TimeoutException
	at java.util.concurrent.FutureTask.get(FutureTask.java:205)
	at org.apache.hadoop.ozone.container.common.states.datanode.RunningDatanodeState.lambda$execute$0(RunningDatanodeState.java:149)
	at java.util.concurrent.FutureTask.run(FutureTask.java:266)
	at java.util.concurrent.Executors$RunnableAdapter.call(Executors.java:511)
	at java.util.concurrent.FutureTask.run(FutureTask.java:266)
	at java.util.concurrent.ThreadPoolExecutor.runWorker(ThreadPoolExecutor.java:1149)
	at java.util.concurrent.ThreadPoolExecutor$Worker.run(ThreadPoolExecutor.java:624)
	... 1 more
2021-09-22 10:24:22,993 [EndpointStateMachine task thread for /127.0.0.1:14513 - 0 ] INFO  ipc.Client (Client.java:handleConnectionFailure(977)) - Retrying connect to server: localhost/127.0.0.1:14513. Already tried 7 time(s); retry policy is RetryUpToMaximumCountWithFixedSleep(maxRetries=15, sleepTime=1000 MILLISECONDS)
2021-09-22 10:24:23,227 [EndpointStateMachine task thread for /127.0.0.1:14493 - 0 ] INFO  ipc.Client (Client.java:handleConnectionFailure(977)) - Retrying connect to server: localhost/127.0.0.1:14493. Already tried 7 time(s); retry policy is RetryUpToMaximumCountWithFixedSleep(maxRetries=15, sleepTime=1000 MILLISECONDS)
2021-09-22 10:24:23,230 [EndpointStateMachine task thread for /127.0.0.1:14503 - 0 ] INFO  ipc.Client (Client.java:handleConnectionFailure(977)) - Retrying connect to server: localhost/127.0.0.1:14503. Already tried 6 time(s); retry policy is RetryUpToMaximumCountWithFixedSleep(maxRetries=15, sleepTime=1000 MILLISECONDS)
2021-09-22 10:24:23,407 [Listener at 127.0.0.1/12164] INFO  ozone.MiniOzoneClusterImpl (MiniOzoneClusterImpl.java:lambda$waitForClusterToBeReady$0(235)) - Nodes are ready. Got 3 of 3 DN Heartbeats.
2021-09-22 10:24:23,407 [Listener at 127.0.0.1/12164] INFO  ozone.MiniOzoneClusterImpl (MiniOzoneClusterImpl.java:lambda$waitForClusterToBeReady$0(238)) - Waiting for cluster to exit safe mode
2021-09-22 10:24:23,407 [Listener at 127.0.0.1/12164] INFO  ozone.MiniOzoneClusterImpl (MiniOzoneClusterImpl.java:lambda$waitForClusterToBeReady$0(240)) - SCM became leader
2021-09-22 10:24:23,988 [f12b8819-3292-4aaa-8592-45fcb8486f00@group-BBCB63A168E8-FollowerState] INFO  impl.FollowerState (FollowerState.java:run(134)) - f12b8819-3292-4aaa-8592-45fcb8486f00@group-BBCB63A168E8-FollowerState: change to CANDIDATE, lastRpcElapsedTime:5047555823ns, electionTimeout:5044ms
2021-09-22 10:24:23,988 [f12b8819-3292-4aaa-8592-45fcb8486f00@group-BBCB63A168E8-FollowerState] INFO  impl.RoleInfo (RoleInfo.java:shutdownFollowerState(108)) - f12b8819-3292-4aaa-8592-45fcb8486f00: shutdown f12b8819-3292-4aaa-8592-45fcb8486f00@group-BBCB63A168E8-FollowerState
2021-09-22 10:24:23,988 [f12b8819-3292-4aaa-8592-45fcb8486f00@group-BBCB63A168E8-FollowerState] INFO  server.RaftServer$Division (RaftServerImpl.java:setRole(285)) - f12b8819-3292-4aaa-8592-45fcb8486f00@group-BBCB63A168E8: changes role from  FOLLOWER to CANDIDATE at term 2 for changeToCandidate
2021-09-22 10:24:23,988 [f12b8819-3292-4aaa-8592-45fcb8486f00@group-BBCB63A168E8-FollowerState] INFO  server.RaftServerConfigKeys (ConfUtils.java:logGet(44)) - raft.server.leaderelection.pre-vote = false (custom)
2021-09-22 10:24:23,988 [f12b8819-3292-4aaa-8592-45fcb8486f00@group-BBCB63A168E8-FollowerState] INFO  impl.RoleInfo (RoleInfo.java:updateAndGet(130)) - f12b8819-3292-4aaa-8592-45fcb8486f00: start f12b8819-3292-4aaa-8592-45fcb8486f00@group-BBCB63A168E8-LeaderElection24
2021-09-22 10:24:23,993 [EndpointStateMachine task thread for /127.0.0.1:14513 - 0 ] INFO  ipc.Client (Client.java:handleConnectionFailure(977)) - Retrying connect to server: localhost/127.0.0.1:14513. Already tried 8 time(s); retry policy is RetryUpToMaximumCountWithFixedSleep(maxRetries=15, sleepTime=1000 MILLISECONDS)
2021-09-22 10:24:24,003 [f12b8819-3292-4aaa-8592-45fcb8486f00@group-BBCB63A168E8-LeaderElection24] INFO  impl.LeaderElection (LeaderElection.java:askForVotes(306)) - f12b8819-3292-4aaa-8592-45fcb8486f00@group-BBCB63A168E8-LeaderElection24 ELECTION round 0: submit vote requests at term 3 for -1: [d7bf25b9-218d-4f93-a950-cbf604fb8be9|rpc:127.0.0.1:43373|priority:0, 523ca5f6-ff53-4fd3-97b8-2ae94a10fc0e|rpc:127.0.0.1:41341|priority:1, f12b8819-3292-4aaa-8592-45fcb8486f00|rpc:127.0.0.1:37357|priority:0], old=null
2021-09-22 10:24:24,015 [grpc-default-executor-0] INFO  server.RaftServer$Division (RaftServerImpl.java:requestVote(1043)) - d7bf25b9-218d-4f93-a950-cbf604fb8be9@group-BBCB63A168E8: receive requestVote(ELECTION, f12b8819-3292-4aaa-8592-45fcb8486f00, group-BBCB63A168E8, 3, (t:0, i:0))
2021-09-22 10:24:24,016 [grpc-default-executor-0] INFO  impl.VoteContext (VoteContext.java:log(48)) - d7bf25b9-218d-4f93-a950-cbf604fb8be9@group-BBCB63A168E8-FOLLOWER: accept ELECTION from f12b8819-3292-4aaa-8592-45fcb8486f00: our priority 0 <= candidate's priority 0
2021-09-22 10:24:24,016 [grpc-default-executor-0] INFO  server.RaftServer$Division (RaftServerImpl.java:setRole(285)) - d7bf25b9-218d-4f93-a950-cbf604fb8be9@group-BBCB63A168E8: changes role from  FOLLOWER to FOLLOWER at term 3 for candidate:f12b8819-3292-4aaa-8592-45fcb8486f00
2021-09-22 10:24:24,016 [grpc-default-executor-0] INFO  impl.RoleInfo (RoleInfo.java:shutdownFollowerState(108)) - d7bf25b9-218d-4f93-a950-cbf604fb8be9: shutdown d7bf25b9-218d-4f93-a950-cbf604fb8be9@group-BBCB63A168E8-FollowerState
2021-09-22 10:24:24,016 [grpc-default-executor-0] INFO  impl.RoleInfo (RoleInfo.java:updateAndGet(130)) - d7bf25b9-218d-4f93-a950-cbf604fb8be9: start d7bf25b9-218d-4f93-a950-cbf604fb8be9@group-BBCB63A168E8-FollowerState
2021-09-22 10:24:24,016 [d7bf25b9-218d-4f93-a950-cbf604fb8be9@group-BBCB63A168E8-FollowerState] INFO  impl.FollowerState (FollowerState.java:run(143)) - d7bf25b9-218d-4f93-a950-cbf604fb8be9@group-BBCB63A168E8-FollowerState was interrupted: {}
java.lang.InterruptedException: sleep interrupted
	at java.lang.Thread.sleep(Native Method)
	at java.lang.Thread.sleep(Thread.java:340)
	at java.util.concurrent.TimeUnit.sleep(TimeUnit.java:386)
	at org.apache.ratis.util.TimeDuration.sleep(TimeDuration.java:324)
	at org.apache.ratis.util.TimeDuration.sleep(TimeDuration.java:309)
	at org.apache.ratis.server.impl.FollowerState.run(FollowerState.java:118)
2021-09-22 10:24:24,016 [grpc-default-executor-2] INFO  server.RaftServer$Division (RaftServerImpl.java:requestVote(1043)) - 523ca5f6-ff53-4fd3-97b8-2ae94a10fc0e@group-BBCB63A168E8: receive requestVote(ELECTION, f12b8819-3292-4aaa-8592-45fcb8486f00, group-BBCB63A168E8, 3, (t:0, i:0))
2021-09-22 10:24:24,016 [grpc-default-executor-2] INFO  impl.VoteContext (VoteContext.java:log(48)) - 523ca5f6-ff53-4fd3-97b8-2ae94a10fc0e@group-BBCB63A168E8-FOLLOWER: reject ELECTION from f12b8819-3292-4aaa-8592-45fcb8486f00: our priority 1 > candidate's priority 0
2021-09-22 10:24:24,016 [grpc-default-executor-2] INFO  server.RaftServer$Division (RaftServerImpl.java:setRole(285)) - 523ca5f6-ff53-4fd3-97b8-2ae94a10fc0e@group-BBCB63A168E8: changes role from  FOLLOWER to FOLLOWER at term 3 for candidate:f12b8819-3292-4aaa-8592-45fcb8486f00
2021-09-22 10:24:24,017 [grpc-default-executor-2] INFO  impl.RoleInfo (RoleInfo.java:shutdownFollowerState(108)) - 523ca5f6-ff53-4fd3-97b8-2ae94a10fc0e: shutdown 523ca5f6-ff53-4fd3-97b8-2ae94a10fc0e@group-BBCB63A168E8-FollowerState
2021-09-22 10:24:24,025 [grpc-default-executor-2] INFO  impl.RoleInfo (RoleInfo.java:updateAndGet(130)) - 523ca5f6-ff53-4fd3-97b8-2ae94a10fc0e: start 523ca5f6-ff53-4fd3-97b8-2ae94a10fc0e@group-BBCB63A168E8-FollowerState
2021-09-22 10:24:24,026 [523ca5f6-ff53-4fd3-97b8-2ae94a10fc0e@group-BBCB63A168E8-FollowerState] INFO  impl.FollowerState (FollowerState.java:run(143)) - 523ca5f6-ff53-4fd3-97b8-2ae94a10fc0e@group-BBCB63A168E8-FollowerState was interrupted: {}
java.lang.InterruptedException: sleep interrupted
	at java.lang.Thread.sleep(Native Method)
	at java.lang.Thread.sleep(Thread.java:340)
	at java.util.concurrent.TimeUnit.sleep(TimeUnit.java:386)
	at org.apache.ratis.util.TimeDuration.sleep(TimeDuration.java:324)
	at org.apache.ratis.util.TimeDuration.sleep(TimeDuration.java:309)
	at org.apache.ratis.server.impl.FollowerState.run(FollowerState.java:118)
2021-09-22 10:24:24,027 [grpc-default-executor-0] INFO  server.RaftServer$Division (RaftServerImpl.java:requestVote(1075)) - d7bf25b9-218d-4f93-a950-cbf604fb8be9@group-BBCB63A168E8 replies to ELECTION vote request: f12b8819-3292-4aaa-8592-45fcb8486f00<-d7bf25b9-218d-4f93-a950-cbf604fb8be9#0:OK-t3. Peer's state: d7bf25b9-218d-4f93-a950-cbf604fb8be9@group-BBCB63A168E8:t3, leader=null, voted=f12b8819-3292-4aaa-8592-45fcb8486f00, raftlog=d7bf25b9-218d-4f93-a950-cbf604fb8be9@group-BBCB63A168E8-SegmentedRaftLog:OPENED:c-1,f-1,i0, conf=-1: [d7bf25b9-218d-4f93-a950-cbf604fb8be9|rpc:127.0.0.1:43373|dataStream:|priority:0, 523ca5f6-ff53-4fd3-97b8-2ae94a10fc0e|rpc:127.0.0.1:41341|dataStream:|priority:1, f12b8819-3292-4aaa-8592-45fcb8486f00|rpc:127.0.0.1:37357|dataStream:|priority:0], old=null
2021-09-22 10:24:24,045 [grpc-default-executor-2] INFO  server.RaftServer$Division (RaftServerImpl.java:requestVote(1075)) - 523ca5f6-ff53-4fd3-97b8-2ae94a10fc0e@group-BBCB63A168E8 replies to ELECTION vote request: f12b8819-3292-4aaa-8592-45fcb8486f00<-523ca5f6-ff53-4fd3-97b8-2ae94a10fc0e#0:FAIL-t3. Peer's state: 523ca5f6-ff53-4fd3-97b8-2ae94a10fc0e@group-BBCB63A168E8:t3, leader=null, voted=null, raftlog=523ca5f6-ff53-4fd3-97b8-2ae94a10fc0e@group-BBCB63A168E8-SegmentedRaftLog:OPENED:c-1,f-1,i0, conf=-1: [d7bf25b9-218d-4f93-a950-cbf604fb8be9|rpc:127.0.0.1:43373|dataStream:|priority:0, 523ca5f6-ff53-4fd3-97b8-2ae94a10fc0e|rpc:127.0.0.1:41341|dataStream:|priority:1, f12b8819-3292-4aaa-8592-45fcb8486f00|rpc:127.0.0.1:37357|dataStream:|priority:0], old=null
2021-09-22 10:24:24,046 [f12b8819-3292-4aaa-8592-45fcb8486f00@group-BBCB63A168E8-LeaderElection24] INFO  impl.LeaderElection (LeaderElection.java:logAndReturn(89)) - f12b8819-3292-4aaa-8592-45fcb8486f00@group-BBCB63A168E8-LeaderElection24: ELECTION REJECTED received 2 response(s) and 0 exception(s):
2021-09-22 10:24:24,046 [f12b8819-3292-4aaa-8592-45fcb8486f00@group-BBCB63A168E8-LeaderElection24] INFO  impl.LeaderElection (LeaderElection.java:logAndReturn(93)) -   Response 0: f12b8819-3292-4aaa-8592-45fcb8486f00<-d7bf25b9-218d-4f93-a950-cbf604fb8be9#0:OK-t3
2021-09-22 10:24:24,046 [f12b8819-3292-4aaa-8592-45fcb8486f00@group-BBCB63A168E8-LeaderElection24] INFO  impl.LeaderElection (LeaderElection.java:logAndReturn(93)) -   Response 1: f12b8819-3292-4aaa-8592-45fcb8486f00<-523ca5f6-ff53-4fd3-97b8-2ae94a10fc0e#0:FAIL-t3
2021-09-22 10:24:24,046 [f12b8819-3292-4aaa-8592-45fcb8486f00@group-BBCB63A168E8-LeaderElection24] INFO  impl.LeaderElection (LeaderElection.java:askForVotes(308)) - f12b8819-3292-4aaa-8592-45fcb8486f00@group-BBCB63A168E8-LeaderElection24 ELECTION round 0: result REJECTED
2021-09-22 10:24:24,046 [f12b8819-3292-4aaa-8592-45fcb8486f00@group-BBCB63A168E8-LeaderElection24] INFO  server.RaftServer$Division (RaftServerImpl.java:setRole(285)) - f12b8819-3292-4aaa-8592-45fcb8486f00@group-BBCB63A168E8: changes role from CANDIDATE to FOLLOWER at term 3 for REJECTED
2021-09-22 10:24:24,046 [f12b8819-3292-4aaa-8592-45fcb8486f00@group-BBCB63A168E8-LeaderElection24] INFO  impl.RoleInfo (RoleInfo.java:shutdownLeaderElection(121)) - f12b8819-3292-4aaa-8592-45fcb8486f00: shutdown f12b8819-3292-4aaa-8592-45fcb8486f00@group-BBCB63A168E8-LeaderElection24
2021-09-22 10:24:24,046 [f12b8819-3292-4aaa-8592-45fcb8486f00@group-BBCB63A168E8-LeaderElection24] INFO  impl.RoleInfo (RoleInfo.java:updateAndGet(130)) - f12b8819-3292-4aaa-8592-45fcb8486f00: start f12b8819-3292-4aaa-8592-45fcb8486f00@group-BBCB63A168E8-FollowerState
2021-09-22 10:24:24,196 [Datanode State Machine Thread - 0] ERROR datanode.RunningDatanodeState (RunningDatanodeState.java:computeNextContainerState(199)) - Error in executing end point task.
java.util.concurrent.ExecutionException: java.util.concurrent.TimeoutException
	at java.util.concurrent.FutureTask.report(FutureTask.java:122)
	at java.util.concurrent.FutureTask.get(FutureTask.java:192)
	at org.apache.hadoop.ozone.container.common.states.datanode.RunningDatanodeState.computeNextContainerState(RunningDatanodeState.java:191)
	at org.apache.hadoop.ozone.container.common.states.datanode.RunningDatanodeState.await(RunningDatanodeState.java:231)
	at org.apache.hadoop.ozone.container.common.states.datanode.RunningDatanodeState.await(RunningDatanodeState.java:50)
	at org.apache.hadoop.ozone.container.common.statemachine.StateContext.execute(StateContext.java:629)
	at org.apache.hadoop.ozone.container.common.statemachine.DatanodeStateMachine.start(DatanodeStateMachine.java:270)
	at org.apache.hadoop.ozone.container.common.statemachine.DatanodeStateMachine.lambda$startDaemon$0(DatanodeStateMachine.java:457)
	at java.lang.Thread.run(Thread.java:748)
Caused by: java.util.concurrent.TimeoutException
	at java.util.concurrent.FutureTask.get(FutureTask.java:205)
	at org.apache.hadoop.ozone.container.common.states.datanode.RunningDatanodeState.lambda$execute$0(RunningDatanodeState.java:149)
	at java.util.concurrent.FutureTask.run(FutureTask.java:266)
	at java.util.concurrent.Executors$RunnableAdapter.call(Executors.java:511)
	at java.util.concurrent.FutureTask.run(FutureTask.java:266)
	at java.util.concurrent.ThreadPoolExecutor.runWorker(ThreadPoolExecutor.java:1149)
	at java.util.concurrent.ThreadPoolExecutor$Worker.run(ThreadPoolExecutor.java:624)
	... 1 more
2021-09-22 10:24:24,228 [EndpointStateMachine task thread for /127.0.0.1:14493 - 0 ] INFO  ipc.Client (Client.java:handleConnectionFailure(977)) - Retrying connect to server: localhost/127.0.0.1:14493. Already tried 8 time(s); retry policy is RetryUpToMaximumCountWithFixedSleep(maxRetries=15, sleepTime=1000 MILLISECONDS)
2021-09-22 10:24:24,231 [EndpointStateMachine task thread for /127.0.0.1:14503 - 0 ] INFO  ipc.Client (Client.java:handleConnectionFailure(977)) - Retrying connect to server: localhost/127.0.0.1:14503. Already tried 7 time(s); retry policy is RetryUpToMaximumCountWithFixedSleep(maxRetries=15, sleepTime=1000 MILLISECONDS)
2021-09-22 10:24:24,260 [523ca5f6-ff53-4fd3-97b8-2ae94a10fc0e@group-FEC5D6B24579-FollowerState] INFO  impl.FollowerState (FollowerState.java:run(134)) - 523ca5f6-ff53-4fd3-97b8-2ae94a10fc0e@group-FEC5D6B24579-FollowerState: change to CANDIDATE, lastRpcElapsedTime:5147956262ns, electionTimeout:5143ms
2021-09-22 10:24:24,260 [523ca5f6-ff53-4fd3-97b8-2ae94a10fc0e@group-FEC5D6B24579-FollowerState] INFO  impl.RoleInfo (RoleInfo.java:shutdownFollowerState(108)) - 523ca5f6-ff53-4fd3-97b8-2ae94a10fc0e: shutdown 523ca5f6-ff53-4fd3-97b8-2ae94a10fc0e@group-FEC5D6B24579-FollowerState
2021-09-22 10:24:24,260 [523ca5f6-ff53-4fd3-97b8-2ae94a10fc0e@group-FEC5D6B24579-FollowerState] INFO  server.RaftServer$Division (RaftServerImpl.java:setRole(285)) - 523ca5f6-ff53-4fd3-97b8-2ae94a10fc0e@group-FEC5D6B24579: changes role from  FOLLOWER to CANDIDATE at term 2 for changeToCandidate
2021-09-22 10:24:24,261 [523ca5f6-ff53-4fd3-97b8-2ae94a10fc0e@group-FEC5D6B24579-FollowerState] INFO  server.RaftServerConfigKeys (ConfUtils.java:logGet(44)) - raft.server.leaderelection.pre-vote = false (custom)
2021-09-22 10:24:24,261 [523ca5f6-ff53-4fd3-97b8-2ae94a10fc0e@group-FEC5D6B24579-FollowerState] INFO  impl.RoleInfo (RoleInfo.java:updateAndGet(130)) - 523ca5f6-ff53-4fd3-97b8-2ae94a10fc0e: start 523ca5f6-ff53-4fd3-97b8-2ae94a10fc0e@group-FEC5D6B24579-LeaderElection25
2021-09-22 10:24:24,275 [d7bf25b9-218d-4f93-a950-cbf604fb8be9@group-FEC5D6B24579-FollowerState] INFO  impl.FollowerState (FollowerState.java:run(134)) - d7bf25b9-218d-4f93-a950-cbf604fb8be9@group-FEC5D6B24579-FollowerState: change to CANDIDATE, lastRpcElapsedTime:5176235942ns, electionTimeout:5164ms
2021-09-22 10:24:24,276 [d7bf25b9-218d-4f93-a950-cbf604fb8be9@group-FEC5D6B24579-FollowerState] INFO  impl.RoleInfo (RoleInfo.java:shutdownFollowerState(108)) - d7bf25b9-218d-4f93-a950-cbf604fb8be9: shutdown d7bf25b9-218d-4f93-a950-cbf604fb8be9@group-FEC5D6B24579-FollowerState
2021-09-22 10:24:24,276 [d7bf25b9-218d-4f93-a950-cbf604fb8be9@group-FEC5D6B24579-FollowerState] INFO  server.RaftServer$Division (RaftServerImpl.java:setRole(285)) - d7bf25b9-218d-4f93-a950-cbf604fb8be9@group-FEC5D6B24579: changes role from  FOLLOWER to CANDIDATE at term 2 for changeToCandidate
2021-09-22 10:24:24,276 [d7bf25b9-218d-4f93-a950-cbf604fb8be9@group-FEC5D6B24579-FollowerState] INFO  server.RaftServerConfigKeys (ConfUtils.java:logGet(44)) - raft.server.leaderelection.pre-vote = false (custom)
2021-09-22 10:24:24,276 [d7bf25b9-218d-4f93-a950-cbf604fb8be9@group-FEC5D6B24579-FollowerState] INFO  impl.RoleInfo (RoleInfo.java:updateAndGet(130)) - d7bf25b9-218d-4f93-a950-cbf604fb8be9: start d7bf25b9-218d-4f93-a950-cbf604fb8be9@group-FEC5D6B24579-LeaderElection26
2021-09-22 10:24:24,293 [d7bf25b9-218d-4f93-a950-cbf604fb8be9@group-FEC5D6B24579-LeaderElection26] INFO  impl.LeaderElection (LeaderElection.java:askForVotes(306)) - d7bf25b9-218d-4f93-a950-cbf604fb8be9@group-FEC5D6B24579-LeaderElection26 ELECTION round 0: submit vote requests at term 3 for -1: [523ca5f6-ff53-4fd3-97b8-2ae94a10fc0e|rpc:127.0.0.1:41341|dataStream:|priority:0, d7bf25b9-218d-4f93-a950-cbf604fb8be9|rpc:127.0.0.1:43373|dataStream:|priority:1, f12b8819-3292-4aaa-8592-45fcb8486f00|rpc:127.0.0.1:37357|dataStream:|priority:0], old=null
2021-09-22 10:24:24,293 [523ca5f6-ff53-4fd3-97b8-2ae94a10fc0e@group-FEC5D6B24579-LeaderElection25] INFO  impl.LeaderElection (LeaderElection.java:askForVotes(306)) - 523ca5f6-ff53-4fd3-97b8-2ae94a10fc0e@group-FEC5D6B24579-LeaderElection25 ELECTION round 0: submit vote requests at term 3 for -1: [523ca5f6-ff53-4fd3-97b8-2ae94a10fc0e|rpc:127.0.0.1:41341|dataStream:|priority:0, d7bf25b9-218d-4f93-a950-cbf604fb8be9|rpc:127.0.0.1:43373|dataStream:|priority:1, f12b8819-3292-4aaa-8592-45fcb8486f00|rpc:127.0.0.1:37357|dataStream:|priority:0], old=null
2021-09-22 10:24:24,316 [f12b8819-3292-4aaa-8592-45fcb8486f00@group-FEC5D6B24579-FollowerState] INFO  impl.FollowerState (FollowerState.java:run(134)) - f12b8819-3292-4aaa-8592-45fcb8486f00@group-FEC5D6B24579-FollowerState: change to CANDIDATE, lastRpcElapsedTime:5197195875ns, electionTimeout:5183ms
2021-09-22 10:24:24,316 [f12b8819-3292-4aaa-8592-45fcb8486f00@group-FEC5D6B24579-FollowerState] INFO  impl.RoleInfo (RoleInfo.java:shutdownFollowerState(108)) - f12b8819-3292-4aaa-8592-45fcb8486f00: shutdown f12b8819-3292-4aaa-8592-45fcb8486f00@group-FEC5D6B24579-FollowerState
2021-09-22 10:24:24,316 [f12b8819-3292-4aaa-8592-45fcb8486f00@group-FEC5D6B24579-FollowerState] INFO  server.RaftServer$Division (RaftServerImpl.java:setRole(285)) - f12b8819-3292-4aaa-8592-45fcb8486f00@group-FEC5D6B24579: changes role from  FOLLOWER to CANDIDATE at term 2 for changeToCandidate
2021-09-22 10:24:24,326 [f12b8819-3292-4aaa-8592-45fcb8486f00@group-FEC5D6B24579-FollowerState] INFO  server.RaftServerConfigKeys (ConfUtils.java:logGet(44)) - raft.server.leaderelection.pre-vote = false (custom)
2021-09-22 10:24:24,326 [f12b8819-3292-4aaa-8592-45fcb8486f00@group-FEC5D6B24579-FollowerState] INFO  impl.RoleInfo (RoleInfo.java:updateAndGet(130)) - f12b8819-3292-4aaa-8592-45fcb8486f00: start f12b8819-3292-4aaa-8592-45fcb8486f00@group-FEC5D6B24579-LeaderElection27
2021-09-22 10:24:24,327 [grpc-default-executor-0] INFO  server.RaftServer$Division (RaftServerImpl.java:requestVote(1043)) - d7bf25b9-218d-4f93-a950-cbf604fb8be9@group-FEC5D6B24579: receive requestVote(ELECTION, 523ca5f6-ff53-4fd3-97b8-2ae94a10fc0e, group-FEC5D6B24579, 3, (t:0, i:0))
2021-09-22 10:24:24,327 [grpc-default-executor-0] INFO  impl.VoteContext (VoteContext.java:log(48)) - d7bf25b9-218d-4f93-a950-cbf604fb8be9@group-FEC5D6B24579-CANDIDATE: reject ELECTION from 523ca5f6-ff53-4fd3-97b8-2ae94a10fc0e: already has voted for d7bf25b9-218d-4f93-a950-cbf604fb8be9 at current term 3
2021-09-22 10:24:24,327 [grpc-default-executor-0] INFO  server.RaftServer$Division (RaftServerImpl.java:requestVote(1075)) - d7bf25b9-218d-4f93-a950-cbf604fb8be9@group-FEC5D6B24579 replies to ELECTION vote request: 523ca5f6-ff53-4fd3-97b8-2ae94a10fc0e<-d7bf25b9-218d-4f93-a950-cbf604fb8be9#0:FAIL-t3. Peer's state: d7bf25b9-218d-4f93-a950-cbf604fb8be9@group-FEC5D6B24579:t3, leader=null, voted=d7bf25b9-218d-4f93-a950-cbf604fb8be9, raftlog=d7bf25b9-218d-4f93-a950-cbf604fb8be9@group-FEC5D6B24579-SegmentedRaftLog:OPENED:c-1,f-1,i0, conf=-1: [523ca5f6-ff53-4fd3-97b8-2ae94a10fc0e|rpc:127.0.0.1:41341|dataStream:|priority:0, d7bf25b9-218d-4f93-a950-cbf604fb8be9|rpc:127.0.0.1:43373|dataStream:|priority:1, f12b8819-3292-4aaa-8592-45fcb8486f00|rpc:127.0.0.1:37357|dataStream:|priority:0], old=null
2021-09-22 10:24:24,327 [grpc-default-executor-1] INFO  server.RaftServer$Division (RaftServerImpl.java:requestVote(1043)) - f12b8819-3292-4aaa-8592-45fcb8486f00@group-FEC5D6B24579: receive requestVote(ELECTION, 523ca5f6-ff53-4fd3-97b8-2ae94a10fc0e, group-FEC5D6B24579, 3, (t:0, i:0))
2021-09-22 10:24:24,327 [grpc-default-executor-2] INFO  server.RaftServer$Division (RaftServerImpl.java:requestVote(1043)) - 523ca5f6-ff53-4fd3-97b8-2ae94a10fc0e@group-FEC5D6B24579: receive requestVote(ELECTION, d7bf25b9-218d-4f93-a950-cbf604fb8be9, group-FEC5D6B24579, 3, (t:0, i:0))
2021-09-22 10:24:24,328 [grpc-default-executor-2] INFO  impl.VoteContext (VoteContext.java:log(48)) - 523ca5f6-ff53-4fd3-97b8-2ae94a10fc0e@group-FEC5D6B24579-CANDIDATE: reject ELECTION from d7bf25b9-218d-4f93-a950-cbf604fb8be9: already has voted for 523ca5f6-ff53-4fd3-97b8-2ae94a10fc0e at current term 3
2021-09-22 10:24:24,328 [grpc-default-executor-2] INFO  server.RaftServer$Division (RaftServerImpl.java:requestVote(1075)) - 523ca5f6-ff53-4fd3-97b8-2ae94a10fc0e@group-FEC5D6B24579 replies to ELECTION vote request: d7bf25b9-218d-4f93-a950-cbf604fb8be9<-523ca5f6-ff53-4fd3-97b8-2ae94a10fc0e#0:FAIL-t3. Peer's state: 523ca5f6-ff53-4fd3-97b8-2ae94a10fc0e@group-FEC5D6B24579:t3, leader=null, voted=523ca5f6-ff53-4fd3-97b8-2ae94a10fc0e, raftlog=523ca5f6-ff53-4fd3-97b8-2ae94a10fc0e@group-FEC5D6B24579-SegmentedRaftLog:OPENED:c-1,f-1,i0, conf=-1: [523ca5f6-ff53-4fd3-97b8-2ae94a10fc0e|rpc:127.0.0.1:41341|dataStream:|priority:0, d7bf25b9-218d-4f93-a950-cbf604fb8be9|rpc:127.0.0.1:43373|dataStream:|priority:1, f12b8819-3292-4aaa-8592-45fcb8486f00|rpc:127.0.0.1:37357|dataStream:|priority:0], old=null
2021-09-22 10:24:24,342 [523ca5f6-ff53-4fd3-97b8-2ae94a10fc0e@group-FEC5D6B24579-LeaderElection25] INFO  impl.LeaderElection (LeaderElection.java:logAndReturn(89)) - 523ca5f6-ff53-4fd3-97b8-2ae94a10fc0e@group-FEC5D6B24579-LeaderElection25: ELECTION REJECTED received 1 response(s) and 0 exception(s):
2021-09-22 10:24:24,342 [523ca5f6-ff53-4fd3-97b8-2ae94a10fc0e@group-FEC5D6B24579-LeaderElection25] INFO  impl.LeaderElection (LeaderElection.java:logAndReturn(93)) -   Response 0: 523ca5f6-ff53-4fd3-97b8-2ae94a10fc0e<-d7bf25b9-218d-4f93-a950-cbf604fb8be9#0:FAIL-t3
2021-09-22 10:24:24,342 [523ca5f6-ff53-4fd3-97b8-2ae94a10fc0e@group-FEC5D6B24579-LeaderElection25] INFO  impl.LeaderElection (LeaderElection.java:askForVotes(308)) - 523ca5f6-ff53-4fd3-97b8-2ae94a10fc0e@group-FEC5D6B24579-LeaderElection25 ELECTION round 0: result REJECTED
2021-09-22 10:24:24,342 [523ca5f6-ff53-4fd3-97b8-2ae94a10fc0e@group-FEC5D6B24579-LeaderElection25] INFO  server.RaftServer$Division (RaftServerImpl.java:setRole(285)) - 523ca5f6-ff53-4fd3-97b8-2ae94a10fc0e@group-FEC5D6B24579: changes role from CANDIDATE to FOLLOWER at term 3 for REJECTED
2021-09-22 10:24:24,342 [523ca5f6-ff53-4fd3-97b8-2ae94a10fc0e@group-FEC5D6B24579-LeaderElection25] INFO  impl.RoleInfo (RoleInfo.java:shutdownLeaderElection(121)) - 523ca5f6-ff53-4fd3-97b8-2ae94a10fc0e: shutdown 523ca5f6-ff53-4fd3-97b8-2ae94a10fc0e@group-FEC5D6B24579-LeaderElection25
2021-09-22 10:24:24,342 [523ca5f6-ff53-4fd3-97b8-2ae94a10fc0e@group-FEC5D6B24579-LeaderElection25] INFO  impl.RoleInfo (RoleInfo.java:updateAndGet(130)) - 523ca5f6-ff53-4fd3-97b8-2ae94a10fc0e: start 523ca5f6-ff53-4fd3-97b8-2ae94a10fc0e@group-FEC5D6B24579-FollowerState
2021-09-22 10:24:24,345 [grpc-default-executor-1] INFO  impl.VoteContext (VoteContext.java:log(48)) - f12b8819-3292-4aaa-8592-45fcb8486f00@group-FEC5D6B24579-CANDIDATE: accept ELECTION from 523ca5f6-ff53-4fd3-97b8-2ae94a10fc0e: our priority 0 <= candidate's priority 0
2021-09-22 10:24:24,345 [grpc-default-executor-1] INFO  server.RaftServer$Division (RaftServerImpl.java:setRole(285)) - f12b8819-3292-4aaa-8592-45fcb8486f00@group-FEC5D6B24579: changes role from CANDIDATE to FOLLOWER at term 3 for candidate:523ca5f6-ff53-4fd3-97b8-2ae94a10fc0e
2021-09-22 10:24:24,345 [grpc-default-executor-1] INFO  impl.RoleInfo (RoleInfo.java:shutdownLeaderElection(121)) - f12b8819-3292-4aaa-8592-45fcb8486f00: shutdown f12b8819-3292-4aaa-8592-45fcb8486f00@group-FEC5D6B24579-LeaderElection27
2021-09-22 10:24:24,345 [grpc-default-executor-1] INFO  impl.RoleInfo (RoleInfo.java:updateAndGet(130)) - f12b8819-3292-4aaa-8592-45fcb8486f00: start f12b8819-3292-4aaa-8592-45fcb8486f00@group-FEC5D6B24579-FollowerState
2021-09-22 10:24:24,350 [f12b8819-3292-4aaa-8592-45fcb8486f00@group-FEC5D6B24579-LeaderElection27] INFO  impl.LeaderElection (LeaderElection.java:run(230)) - f12b8819-3292-4aaa-8592-45fcb8486f00@group-FEC5D6B24579-LeaderElection27: skip running since this is already CLOSING
2021-09-22 10:24:24,351 [grpc-default-executor-1] INFO  server.RaftServer$Division (RaftServerImpl.java:requestVote(1075)) - f12b8819-3292-4aaa-8592-45fcb8486f00@group-FEC5D6B24579 replies to ELECTION vote request: 523ca5f6-ff53-4fd3-97b8-2ae94a10fc0e<-f12b8819-3292-4aaa-8592-45fcb8486f00#0:OK-t3. Peer's state: f12b8819-3292-4aaa-8592-45fcb8486f00@group-FEC5D6B24579:t3, leader=null, voted=523ca5f6-ff53-4fd3-97b8-2ae94a10fc0e, raftlog=f12b8819-3292-4aaa-8592-45fcb8486f00@group-FEC5D6B24579-SegmentedRaftLog:OPENED:c-1,f-1,i0, conf=-1: [523ca5f6-ff53-4fd3-97b8-2ae94a10fc0e|rpc:127.0.0.1:41341|priority:0, d7bf25b9-218d-4f93-a950-cbf604fb8be9|rpc:127.0.0.1:43373|priority:1, f12b8819-3292-4aaa-8592-45fcb8486f00|rpc:127.0.0.1:37357|priority:0], old=null
2021-09-22 10:24:24,357 [grpc-default-executor-1] INFO  server.RaftServer$Division (RaftServerImpl.java:requestVote(1043)) - f12b8819-3292-4aaa-8592-45fcb8486f00@group-FEC5D6B24579: receive requestVote(ELECTION, d7bf25b9-218d-4f93-a950-cbf604fb8be9, group-FEC5D6B24579, 3, (t:0, i:0))
2021-09-22 10:24:24,358 [grpc-default-executor-1] INFO  impl.VoteContext (VoteContext.java:log(48)) - f12b8819-3292-4aaa-8592-45fcb8486f00@group-FEC5D6B24579-FOLLOWER: reject ELECTION from d7bf25b9-218d-4f93-a950-cbf604fb8be9: already has voted for 523ca5f6-ff53-4fd3-97b8-2ae94a10fc0e at current term 3
2021-09-22 10:24:24,358 [grpc-default-executor-1] INFO  server.RaftServer$Division (RaftServerImpl.java:requestVote(1075)) - f12b8819-3292-4aaa-8592-45fcb8486f00@group-FEC5D6B24579 replies to ELECTION vote request: d7bf25b9-218d-4f93-a950-cbf604fb8be9<-f12b8819-3292-4aaa-8592-45fcb8486f00#0:FAIL-t3. Peer's state: f12b8819-3292-4aaa-8592-45fcb8486f00@group-FEC5D6B24579:t3, leader=null, voted=523ca5f6-ff53-4fd3-97b8-2ae94a10fc0e, raftlog=f12b8819-3292-4aaa-8592-45fcb8486f00@group-FEC5D6B24579-SegmentedRaftLog:OPENED:c-1,f-1,i0, conf=-1: [523ca5f6-ff53-4fd3-97b8-2ae94a10fc0e|rpc:127.0.0.1:41341|priority:0, d7bf25b9-218d-4f93-a950-cbf604fb8be9|rpc:127.0.0.1:43373|priority:1, f12b8819-3292-4aaa-8592-45fcb8486f00|rpc:127.0.0.1:37357|priority:0], old=null
2021-09-22 10:24:24,365 [d7bf25b9-218d-4f93-a950-cbf604fb8be9@group-FEC5D6B24579-LeaderElection26] INFO  impl.LeaderElection (LeaderElection.java:logAndReturn(89)) - d7bf25b9-218d-4f93-a950-cbf604fb8be9@group-FEC5D6B24579-LeaderElection26: ELECTION REJECTED received 2 response(s) and 0 exception(s):
2021-09-22 10:24:24,365 [d7bf25b9-218d-4f93-a950-cbf604fb8be9@group-FEC5D6B24579-LeaderElection26] INFO  impl.LeaderElection (LeaderElection.java:logAndReturn(93)) -   Response 0: d7bf25b9-218d-4f93-a950-cbf604fb8be9<-523ca5f6-ff53-4fd3-97b8-2ae94a10fc0e#0:FAIL-t3
2021-09-22 10:24:24,365 [d7bf25b9-218d-4f93-a950-cbf604fb8be9@group-FEC5D6B24579-LeaderElection26] INFO  impl.LeaderElection (LeaderElection.java:logAndReturn(93)) -   Response 1: d7bf25b9-218d-4f93-a950-cbf604fb8be9<-f12b8819-3292-4aaa-8592-45fcb8486f00#0:FAIL-t3
2021-09-22 10:24:24,365 [d7bf25b9-218d-4f93-a950-cbf604fb8be9@group-FEC5D6B24579-LeaderElection26] INFO  impl.LeaderElection (LeaderElection.java:askForVotes(308)) - d7bf25b9-218d-4f93-a950-cbf604fb8be9@group-FEC5D6B24579-LeaderElection26 ELECTION round 0: result REJECTED
2021-09-22 10:24:24,366 [d7bf25b9-218d-4f93-a950-cbf604fb8be9@group-FEC5D6B24579-LeaderElection26] INFO  server.RaftServer$Division (RaftServerImpl.java:setRole(285)) - d7bf25b9-218d-4f93-a950-cbf604fb8be9@group-FEC5D6B24579: changes role from CANDIDATE to FOLLOWER at term 3 for REJECTED
2021-09-22 10:24:24,366 [d7bf25b9-218d-4f93-a950-cbf604fb8be9@group-FEC5D6B24579-LeaderElection26] INFO  impl.RoleInfo (RoleInfo.java:shutdownLeaderElection(121)) - d7bf25b9-218d-4f93-a950-cbf604fb8be9: shutdown d7bf25b9-218d-4f93-a950-cbf604fb8be9@group-FEC5D6B24579-LeaderElection26
2021-09-22 10:24:24,366 [d7bf25b9-218d-4f93-a950-cbf604fb8be9@group-FEC5D6B24579-LeaderElection26] INFO  impl.RoleInfo (RoleInfo.java:updateAndGet(130)) - d7bf25b9-218d-4f93-a950-cbf604fb8be9: start d7bf25b9-218d-4f93-a950-cbf604fb8be9@group-FEC5D6B24579-FollowerState
2021-09-22 10:24:24,408 [Listener at 127.0.0.1/12164] INFO  ozone.MiniOzoneClusterImpl (MiniOzoneClusterImpl.java:lambda$waitForClusterToBeReady$0(235)) - Nodes are ready. Got 3 of 3 DN Heartbeats.
2021-09-22 10:24:24,408 [Listener at 127.0.0.1/12164] INFO  ozone.MiniOzoneClusterImpl (MiniOzoneClusterImpl.java:lambda$waitForClusterToBeReady$0(238)) - Waiting for cluster to exit safe mode
2021-09-22 10:24:24,408 [Listener at 127.0.0.1/12164] INFO  ozone.MiniOzoneClusterImpl (MiniOzoneClusterImpl.java:lambda$waitForClusterToBeReady$0(240)) - SCM became leader
2021-09-22 10:24:24,611 [Datanode State Machine Thread - 0] ERROR datanode.RunningDatanodeState (RunningDatanodeState.java:computeNextContainerState(199)) - Error in executing end point task.
java.util.concurrent.ExecutionException: java.util.concurrent.TimeoutException
	at java.util.concurrent.FutureTask.report(FutureTask.java:122)
	at java.util.concurrent.FutureTask.get(FutureTask.java:192)
	at org.apache.hadoop.ozone.container.common.states.datanode.RunningDatanodeState.computeNextContainerState(RunningDatanodeState.java:191)
	at org.apache.hadoop.ozone.container.common.states.datanode.RunningDatanodeState.await(RunningDatanodeState.java:231)
	at org.apache.hadoop.ozone.container.common.states.datanode.RunningDatanodeState.await(RunningDatanodeState.java:50)
	at org.apache.hadoop.ozone.container.common.statemachine.StateContext.execute(StateContext.java:629)
	at org.apache.hadoop.ozone.container.common.statemachine.DatanodeStateMachine.start(DatanodeStateMachine.java:270)
	at org.apache.hadoop.ozone.container.common.statemachine.DatanodeStateMachine.lambda$startDaemon$0(DatanodeStateMachine.java:457)
	at java.lang.Thread.run(Thread.java:748)
Caused by: java.util.concurrent.TimeoutException
	at java.util.concurrent.FutureTask.get(FutureTask.java:205)
	at org.apache.hadoop.ozone.container.common.states.datanode.RunningDatanodeState.lambda$execute$0(RunningDatanodeState.java:149)
	at java.util.concurrent.FutureTask.run(FutureTask.java:266)
	at java.util.concurrent.Executors$RunnableAdapter.call(Executors.java:511)
	at java.util.concurrent.FutureTask.run(FutureTask.java:266)
	at java.util.concurrent.ThreadPoolExecutor.runWorker(ThreadPoolExecutor.java:1149)
	at java.util.concurrent.ThreadPoolExecutor$Worker.run(ThreadPoolExecutor.java:624)
	... 1 more
2021-09-22 10:24:24,994 [EndpointStateMachine task thread for /127.0.0.1:14513 - 0 ] INFO  ipc.Client (Client.java:handleConnectionFailure(977)) - Retrying connect to server: localhost/127.0.0.1:14513. Already tried 9 time(s); retry policy is RetryUpToMaximumCountWithFixedSleep(maxRetries=15, sleepTime=1000 MILLISECONDS)
2021-09-22 10:24:25,228 [EndpointStateMachine task thread for /127.0.0.1:14493 - 0 ] INFO  ipc.Client (Client.java:handleConnectionFailure(977)) - Retrying connect to server: localhost/127.0.0.1:14493. Already tried 9 time(s); retry policy is RetryUpToMaximumCountWithFixedSleep(maxRetries=15, sleepTime=1000 MILLISECONDS)
2021-09-22 10:24:25,231 [EndpointStateMachine task thread for /127.0.0.1:14503 - 0 ] INFO  ipc.Client (Client.java:handleConnectionFailure(977)) - Retrying connect to server: localhost/127.0.0.1:14503. Already tried 8 time(s); retry policy is RetryUpToMaximumCountWithFixedSleep(maxRetries=15, sleepTime=1000 MILLISECONDS)
2021-09-22 10:24:25,408 [Listener at 127.0.0.1/12164] INFO  ozone.MiniOzoneClusterImpl (MiniOzoneClusterImpl.java:lambda$waitForClusterToBeReady$0(235)) - Nodes are ready. Got 3 of 3 DN Heartbeats.
2021-09-22 10:24:25,409 [Listener at 127.0.0.1/12164] INFO  ozone.MiniOzoneClusterImpl (MiniOzoneClusterImpl.java:lambda$waitForClusterToBeReady$0(238)) - Waiting for cluster to exit safe mode
2021-09-22 10:24:25,409 [Listener at 127.0.0.1/12164] INFO  ozone.MiniOzoneClusterImpl (MiniOzoneClusterImpl.java:lambda$waitForClusterToBeReady$0(240)) - SCM became leader
2021-09-22 10:24:25,995 [EndpointStateMachine task thread for /127.0.0.1:14513 - 0 ] INFO  ipc.Client (Client.java:handleConnectionFailure(977)) - Retrying connect to server: localhost/127.0.0.1:14513. Already tried 10 time(s); retry policy is RetryUpToMaximumCountWithFixedSleep(maxRetries=15, sleepTime=1000 MILLISECONDS)
2021-09-22 10:24:26,229 [EndpointStateMachine task thread for /127.0.0.1:14493 - 0 ] INFO  ipc.Client (Client.java:handleConnectionFailure(977)) - Retrying connect to server: localhost/127.0.0.1:14493. Already tried 10 time(s); retry policy is RetryUpToMaximumCountWithFixedSleep(maxRetries=15, sleepTime=1000 MILLISECONDS)
2021-09-22 10:24:26,232 [EndpointStateMachine task thread for /127.0.0.1:14503 - 0 ] INFO  ipc.Client (Client.java:handleConnectionFailure(977)) - Retrying connect to server: localhost/127.0.0.1:14503. Already tried 9 time(s); retry policy is RetryUpToMaximumCountWithFixedSleep(maxRetries=15, sleepTime=1000 MILLISECONDS)
2021-09-22 10:24:26,409 [Listener at 127.0.0.1/12164] INFO  ozone.MiniOzoneClusterImpl (MiniOzoneClusterImpl.java:lambda$waitForClusterToBeReady$0(235)) - Nodes are ready. Got 3 of 3 DN Heartbeats.
2021-09-22 10:24:26,409 [Listener at 127.0.0.1/12164] INFO  ozone.MiniOzoneClusterImpl (MiniOzoneClusterImpl.java:lambda$waitForClusterToBeReady$0(238)) - Waiting for cluster to exit safe mode
2021-09-22 10:24:26,409 [Listener at 127.0.0.1/12164] INFO  ozone.MiniOzoneClusterImpl (MiniOzoneClusterImpl.java:lambda$waitForClusterToBeReady$0(240)) - SCM became leader
2021-09-22 10:24:26,572 [Datanode State Machine Thread - 0] ERROR datanode.RunningDatanodeState (RunningDatanodeState.java:computeNextContainerState(199)) - Error in executing end point task.
java.util.concurrent.ExecutionException: java.util.concurrent.TimeoutException
	at java.util.concurrent.FutureTask.report(FutureTask.java:122)
	at java.util.concurrent.FutureTask.get(FutureTask.java:192)
	at org.apache.hadoop.ozone.container.common.states.datanode.RunningDatanodeState.computeNextContainerState(RunningDatanodeState.java:191)
	at org.apache.hadoop.ozone.container.common.states.datanode.RunningDatanodeState.await(RunningDatanodeState.java:231)
	at org.apache.hadoop.ozone.container.common.states.datanode.RunningDatanodeState.await(RunningDatanodeState.java:50)
	at org.apache.hadoop.ozone.container.common.statemachine.StateContext.execute(StateContext.java:629)
	at org.apache.hadoop.ozone.container.common.statemachine.DatanodeStateMachine.start(DatanodeStateMachine.java:270)
	at org.apache.hadoop.ozone.container.common.statemachine.DatanodeStateMachine.lambda$startDaemon$0(DatanodeStateMachine.java:457)
	at java.lang.Thread.run(Thread.java:748)
Caused by: java.util.concurrent.TimeoutException
	at java.util.concurrent.FutureTask.get(FutureTask.java:205)
	at org.apache.hadoop.ozone.container.common.states.datanode.RunningDatanodeState.lambda$execute$0(RunningDatanodeState.java:149)
	at java.util.concurrent.FutureTask.run(FutureTask.java:266)
	at java.util.concurrent.Executors$RunnableAdapter.call(Executors.java:511)
	at java.util.concurrent.FutureTask.run(FutureTask.java:266)
	at java.util.concurrent.ThreadPoolExecutor.runWorker(ThreadPoolExecutor.java:1149)
	at java.util.concurrent.ThreadPoolExecutor$Worker.run(ThreadPoolExecutor.java:624)
	... 1 more
2021-09-22 10:24:26,615 [Datanode State Machine Thread - 0] ERROR datanode.RunningDatanodeState (RunningDatanodeState.java:computeNextContainerState(199)) - Error in executing end point task.
java.util.concurrent.ExecutionException: java.util.concurrent.TimeoutException
	at java.util.concurrent.FutureTask.report(FutureTask.java:122)
	at java.util.concurrent.FutureTask.get(FutureTask.java:192)
	at org.apache.hadoop.ozone.container.common.states.datanode.RunningDatanodeState.computeNextContainerState(RunningDatanodeState.java:191)
	at org.apache.hadoop.ozone.container.common.states.datanode.RunningDatanodeState.await(RunningDatanodeState.java:231)
	at org.apache.hadoop.ozone.container.common.states.datanode.RunningDatanodeState.await(RunningDatanodeState.java:50)
	at org.apache.hadoop.ozone.container.common.statemachine.StateContext.execute(StateContext.java:629)
	at org.apache.hadoop.ozone.container.common.statemachine.DatanodeStateMachine.start(DatanodeStateMachine.java:270)
	at org.apache.hadoop.ozone.container.common.statemachine.DatanodeStateMachine.lambda$startDaemon$0(DatanodeStateMachine.java:457)
	at java.lang.Thread.run(Thread.java:748)
Caused by: java.util.concurrent.TimeoutException
	at java.util.concurrent.FutureTask.get(FutureTask.java:205)
	at org.apache.hadoop.ozone.container.common.states.datanode.RunningDatanodeState.lambda$execute$0(RunningDatanodeState.java:149)
	at java.util.concurrent.FutureTask.run(FutureTask.java:266)
	at java.util.concurrent.Executors$RunnableAdapter.call(Executors.java:511)
	at java.util.concurrent.FutureTask.run(FutureTask.java:266)
	at java.util.concurrent.ThreadPoolExecutor.runWorker(ThreadPoolExecutor.java:1149)
	at java.util.concurrent.ThreadPoolExecutor$Worker.run(ThreadPoolExecutor.java:624)
	... 1 more
2021-09-22 10:24:26,995 [EndpointStateMachine task thread for /127.0.0.1:14513 - 0 ] INFO  ipc.Client (Client.java:handleConnectionFailure(977)) - Retrying connect to server: localhost/127.0.0.1:14513. Already tried 11 time(s); retry policy is RetryUpToMaximumCountWithFixedSleep(maxRetries=15, sleepTime=1000 MILLISECONDS)
2021-09-22 10:24:27,229 [EndpointStateMachine task thread for /127.0.0.1:14493 - 0 ] INFO  ipc.Client (Client.java:handleConnectionFailure(977)) - Retrying connect to server: localhost/127.0.0.1:14493. Already tried 11 time(s); retry policy is RetryUpToMaximumCountWithFixedSleep(maxRetries=15, sleepTime=1000 MILLISECONDS)
2021-09-22 10:24:27,232 [EndpointStateMachine task thread for /127.0.0.1:14503 - 0 ] INFO  ipc.Client (Client.java:handleConnectionFailure(977)) - Retrying connect to server: localhost/127.0.0.1:14503. Already tried 10 time(s); retry policy is RetryUpToMaximumCountWithFixedSleep(maxRetries=15, sleepTime=1000 MILLISECONDS)
2021-09-22 10:24:27,410 [Listener at 127.0.0.1/12164] INFO  ozone.MiniOzoneClusterImpl (MiniOzoneClusterImpl.java:lambda$waitForClusterToBeReady$0(235)) - Nodes are ready. Got 3 of 3 DN Heartbeats.
2021-09-22 10:24:27,410 [Listener at 127.0.0.1/12164] INFO  ozone.MiniOzoneClusterImpl (MiniOzoneClusterImpl.java:lambda$waitForClusterToBeReady$0(238)) - Waiting for cluster to exit safe mode
2021-09-22 10:24:27,410 [Listener at 127.0.0.1/12164] INFO  ozone.MiniOzoneClusterImpl (MiniOzoneClusterImpl.java:lambda$waitForClusterToBeReady$0(240)) - SCM became leader
2021-09-22 10:24:27,632 [Datanode State Machine Thread - 0] ERROR datanode.RunningDatanodeState (RunningDatanodeState.java:computeNextContainerState(199)) - Error in executing end point task.
java.util.concurrent.ExecutionException: java.util.concurrent.TimeoutException
	at java.util.concurrent.FutureTask.report(FutureTask.java:122)
	at java.util.concurrent.FutureTask.get(FutureTask.java:192)
	at org.apache.hadoop.ozone.container.common.states.datanode.RunningDatanodeState.computeNextContainerState(RunningDatanodeState.java:191)
	at org.apache.hadoop.ozone.container.common.states.datanode.RunningDatanodeState.await(RunningDatanodeState.java:231)
	at org.apache.hadoop.ozone.container.common.states.datanode.RunningDatanodeState.await(RunningDatanodeState.java:50)
	at org.apache.hadoop.ozone.container.common.statemachine.StateContext.execute(StateContext.java:629)
	at org.apache.hadoop.ozone.container.common.statemachine.DatanodeStateMachine.start(DatanodeStateMachine.java:270)
	at org.apache.hadoop.ozone.container.common.statemachine.DatanodeStateMachine.lambda$startDaemon$0(DatanodeStateMachine.java:457)
	at java.lang.Thread.run(Thread.java:748)
Caused by: java.util.concurrent.TimeoutException
	at java.util.concurrent.FutureTask.get(FutureTask.java:205)
	at org.apache.hadoop.ozone.container.common.states.datanode.RunningDatanodeState.lambda$execute$0(RunningDatanodeState.java:149)
	at java.util.concurrent.FutureTask.run(FutureTask.java:266)
	at java.util.concurrent.Executors$RunnableAdapter.call(Executors.java:511)
	at java.util.concurrent.FutureTask.run(FutureTask.java:266)
	at java.util.concurrent.ThreadPoolExecutor.runWorker(ThreadPoolExecutor.java:1149)
	at java.util.concurrent.ThreadPoolExecutor$Worker.run(ThreadPoolExecutor.java:624)
	... 1 more
2021-09-22 10:24:27,996 [EndpointStateMachine task thread for /127.0.0.1:14513 - 0 ] INFO  ipc.Client (Client.java:handleConnectionFailure(977)) - Retrying connect to server: localhost/127.0.0.1:14513. Already tried 12 time(s); retry policy is RetryUpToMaximumCountWithFixedSleep(maxRetries=15, sleepTime=1000 MILLISECONDS)
2021-09-22 10:24:28,230 [EndpointStateMachine task thread for /127.0.0.1:14493 - 0 ] INFO  ipc.Client (Client.java:handleConnectionFailure(977)) - Retrying connect to server: localhost/127.0.0.1:14493. Already tried 12 time(s); retry policy is RetryUpToMaximumCountWithFixedSleep(maxRetries=15, sleepTime=1000 MILLISECONDS)
2021-09-22 10:24:28,232 [EndpointStateMachine task thread for /127.0.0.1:14503 - 0 ] INFO  ipc.Client (Client.java:handleConnectionFailure(977)) - Retrying connect to server: localhost/127.0.0.1:14503. Already tried 11 time(s); retry policy is RetryUpToMaximumCountWithFixedSleep(maxRetries=15, sleepTime=1000 MILLISECONDS)
2021-09-22 10:24:28,410 [Listener at 127.0.0.1/12164] INFO  ozone.MiniOzoneClusterImpl (MiniOzoneClusterImpl.java:lambda$waitForClusterToBeReady$0(235)) - Nodes are ready. Got 3 of 3 DN Heartbeats.
2021-09-22 10:24:28,411 [Listener at 127.0.0.1/12164] INFO  ozone.MiniOzoneClusterImpl (MiniOzoneClusterImpl.java:lambda$waitForClusterToBeReady$0(238)) - Waiting for cluster to exit safe mode
2021-09-22 10:24:28,411 [Listener at 127.0.0.1/12164] INFO  ozone.MiniOzoneClusterImpl (MiniOzoneClusterImpl.java:lambda$waitForClusterToBeReady$0(240)) - SCM became leader
2021-09-22 10:24:28,997 [EndpointStateMachine task thread for /127.0.0.1:14513 - 0 ] INFO  ipc.Client (Client.java:handleConnectionFailure(977)) - Retrying connect to server: localhost/127.0.0.1:14513. Already tried 13 time(s); retry policy is RetryUpToMaximumCountWithFixedSleep(maxRetries=15, sleepTime=1000 MILLISECONDS)
2021-09-22 10:24:29,082 [f12b8819-3292-4aaa-8592-45fcb8486f00@group-BBCB63A168E8-FollowerState] INFO  impl.FollowerState (FollowerState.java:run(134)) - f12b8819-3292-4aaa-8592-45fcb8486f00@group-BBCB63A168E8-FollowerState: change to CANDIDATE, lastRpcElapsedTime:5036383935ns, electionTimeout:5028ms
2021-09-22 10:24:29,082 [f12b8819-3292-4aaa-8592-45fcb8486f00@group-BBCB63A168E8-FollowerState] INFO  impl.RoleInfo (RoleInfo.java:shutdownFollowerState(108)) - f12b8819-3292-4aaa-8592-45fcb8486f00: shutdown f12b8819-3292-4aaa-8592-45fcb8486f00@group-BBCB63A168E8-FollowerState
2021-09-22 10:24:29,083 [f12b8819-3292-4aaa-8592-45fcb8486f00@group-BBCB63A168E8-FollowerState] INFO  server.RaftServer$Division (RaftServerImpl.java:setRole(285)) - f12b8819-3292-4aaa-8592-45fcb8486f00@group-BBCB63A168E8: changes role from  FOLLOWER to CANDIDATE at term 3 for changeToCandidate
2021-09-22 10:24:29,083 [f12b8819-3292-4aaa-8592-45fcb8486f00@group-BBCB63A168E8-FollowerState] INFO  server.RaftServerConfigKeys (ConfUtils.java:logGet(44)) - raft.server.leaderelection.pre-vote = false (custom)
2021-09-22 10:24:29,083 [f12b8819-3292-4aaa-8592-45fcb8486f00@group-BBCB63A168E8-FollowerState] INFO  impl.RoleInfo (RoleInfo.java:updateAndGet(130)) - f12b8819-3292-4aaa-8592-45fcb8486f00: start f12b8819-3292-4aaa-8592-45fcb8486f00@group-BBCB63A168E8-LeaderElection28
2021-09-22 10:24:29,089 [f12b8819-3292-4aaa-8592-45fcb8486f00@group-BBCB63A168E8-LeaderElection28] INFO  impl.LeaderElection (LeaderElection.java:askForVotes(306)) - f12b8819-3292-4aaa-8592-45fcb8486f00@group-BBCB63A168E8-LeaderElection28 ELECTION round 0: submit vote requests at term 4 for -1: [d7bf25b9-218d-4f93-a950-cbf604fb8be9|rpc:127.0.0.1:43373|priority:0, 523ca5f6-ff53-4fd3-97b8-2ae94a10fc0e|rpc:127.0.0.1:41341|priority:1, f12b8819-3292-4aaa-8592-45fcb8486f00|rpc:127.0.0.1:37357|priority:0], old=null
2021-09-22 10:24:29,096 [grpc-default-executor-1] INFO  server.RaftServer$Division (RaftServerImpl.java:requestVote(1043)) - d7bf25b9-218d-4f93-a950-cbf604fb8be9@group-BBCB63A168E8: receive requestVote(ELECTION, f12b8819-3292-4aaa-8592-45fcb8486f00, group-BBCB63A168E8, 4, (t:0, i:0))
2021-09-22 10:24:29,096 [grpc-default-executor-1] INFO  impl.VoteContext (VoteContext.java:log(48)) - d7bf25b9-218d-4f93-a950-cbf604fb8be9@group-BBCB63A168E8-FOLLOWER: accept ELECTION from f12b8819-3292-4aaa-8592-45fcb8486f00: our priority 0 <= candidate's priority 0
2021-09-22 10:24:29,096 [grpc-default-executor-1] INFO  server.RaftServer$Division (RaftServerImpl.java:setRole(285)) - d7bf25b9-218d-4f93-a950-cbf604fb8be9@group-BBCB63A168E8: changes role from  FOLLOWER to FOLLOWER at term 4 for candidate:f12b8819-3292-4aaa-8592-45fcb8486f00
2021-09-22 10:24:29,096 [grpc-default-executor-1] INFO  impl.RoleInfo (RoleInfo.java:shutdownFollowerState(108)) - d7bf25b9-218d-4f93-a950-cbf604fb8be9: shutdown d7bf25b9-218d-4f93-a950-cbf604fb8be9@group-BBCB63A168E8-FollowerState
2021-09-22 10:24:29,112 [grpc-default-executor-1] INFO  impl.RoleInfo (RoleInfo.java:updateAndGet(130)) - d7bf25b9-218d-4f93-a950-cbf604fb8be9: start d7bf25b9-218d-4f93-a950-cbf604fb8be9@group-BBCB63A168E8-FollowerState
2021-09-22 10:24:29,112 [d7bf25b9-218d-4f93-a950-cbf604fb8be9@group-BBCB63A168E8-FollowerState] INFO  impl.FollowerState (FollowerState.java:run(143)) - d7bf25b9-218d-4f93-a950-cbf604fb8be9@group-BBCB63A168E8-FollowerState was interrupted: {}
java.lang.InterruptedException: sleep interrupted
	at java.lang.Thread.sleep(Native Method)
	at java.lang.Thread.sleep(Thread.java:340)
	at java.util.concurrent.TimeUnit.sleep(TimeUnit.java:386)
	at org.apache.ratis.util.TimeDuration.sleep(TimeDuration.java:324)
	at org.apache.ratis.util.TimeDuration.sleep(TimeDuration.java:309)
	at org.apache.ratis.server.impl.FollowerState.run(FollowerState.java:118)
2021-09-22 10:24:29,115 [grpc-default-executor-0] INFO  server.RaftServer$Division (RaftServerImpl.java:requestVote(1043)) - 523ca5f6-ff53-4fd3-97b8-2ae94a10fc0e@group-BBCB63A168E8: receive requestVote(ELECTION, f12b8819-3292-4aaa-8592-45fcb8486f00, group-BBCB63A168E8, 4, (t:0, i:0))
2021-09-22 10:24:29,116 [grpc-default-executor-0] INFO  impl.VoteContext (VoteContext.java:log(48)) - 523ca5f6-ff53-4fd3-97b8-2ae94a10fc0e@group-BBCB63A168E8-FOLLOWER: reject ELECTION from f12b8819-3292-4aaa-8592-45fcb8486f00: our priority 1 > candidate's priority 0
2021-09-22 10:24:29,116 [grpc-default-executor-0] INFO  server.RaftServer$Division (RaftServerImpl.java:setRole(285)) - 523ca5f6-ff53-4fd3-97b8-2ae94a10fc0e@group-BBCB63A168E8: changes role from  FOLLOWER to FOLLOWER at term 4 for candidate:f12b8819-3292-4aaa-8592-45fcb8486f00
2021-09-22 10:24:29,116 [grpc-default-executor-0] INFO  impl.RoleInfo (RoleInfo.java:shutdownFollowerState(108)) - 523ca5f6-ff53-4fd3-97b8-2ae94a10fc0e: shutdown 523ca5f6-ff53-4fd3-97b8-2ae94a10fc0e@group-BBCB63A168E8-FollowerState
2021-09-22 10:24:29,119 [grpc-default-executor-0] INFO  impl.RoleInfo (RoleInfo.java:updateAndGet(130)) - 523ca5f6-ff53-4fd3-97b8-2ae94a10fc0e: start 523ca5f6-ff53-4fd3-97b8-2ae94a10fc0e@group-BBCB63A168E8-FollowerState
2021-09-22 10:24:29,120 [523ca5f6-ff53-4fd3-97b8-2ae94a10fc0e@group-BBCB63A168E8-FollowerState] INFO  impl.FollowerState (FollowerState.java:run(143)) - 523ca5f6-ff53-4fd3-97b8-2ae94a10fc0e@group-BBCB63A168E8-FollowerState was interrupted: {}
java.lang.InterruptedException: sleep interrupted
	at java.lang.Thread.sleep(Native Method)
	at java.lang.Thread.sleep(Thread.java:340)
	at java.util.concurrent.TimeUnit.sleep(TimeUnit.java:386)
	at org.apache.ratis.util.TimeDuration.sleep(TimeDuration.java:324)
	at org.apache.ratis.util.TimeDuration.sleep(TimeDuration.java:309)
	at org.apache.ratis.server.impl.FollowerState.run(FollowerState.java:118)
2021-09-22 10:24:29,121 [grpc-default-executor-1] INFO  server.RaftServer$Division (RaftServerImpl.java:requestVote(1075)) - d7bf25b9-218d-4f93-a950-cbf604fb8be9@group-BBCB63A168E8 replies to ELECTION vote request: f12b8819-3292-4aaa-8592-45fcb8486f00<-d7bf25b9-218d-4f93-a950-cbf604fb8be9#0:OK-t4. Peer's state: d7bf25b9-218d-4f93-a950-cbf604fb8be9@group-BBCB63A168E8:t4, leader=null, voted=f12b8819-3292-4aaa-8592-45fcb8486f00, raftlog=d7bf25b9-218d-4f93-a950-cbf604fb8be9@group-BBCB63A168E8-SegmentedRaftLog:OPENED:c-1,f-1,i0, conf=-1: [d7bf25b9-218d-4f93-a950-cbf604fb8be9|rpc:127.0.0.1:43373|dataStream:|priority:0, 523ca5f6-ff53-4fd3-97b8-2ae94a10fc0e|rpc:127.0.0.1:41341|dataStream:|priority:1, f12b8819-3292-4aaa-8592-45fcb8486f00|rpc:127.0.0.1:37357|dataStream:|priority:0], old=null
2021-09-22 10:24:29,130 [grpc-default-executor-0] INFO  server.RaftServer$Division (RaftServerImpl.java:requestVote(1075)) - 523ca5f6-ff53-4fd3-97b8-2ae94a10fc0e@group-BBCB63A168E8 replies to ELECTION vote request: f12b8819-3292-4aaa-8592-45fcb8486f00<-523ca5f6-ff53-4fd3-97b8-2ae94a10fc0e#0:FAIL-t4. Peer's state: 523ca5f6-ff53-4fd3-97b8-2ae94a10fc0e@group-BBCB63A168E8:t4, leader=null, voted=null, raftlog=523ca5f6-ff53-4fd3-97b8-2ae94a10fc0e@group-BBCB63A168E8-SegmentedRaftLog:OPENED:c-1,f-1,i0, conf=-1: [d7bf25b9-218d-4f93-a950-cbf604fb8be9|rpc:127.0.0.1:43373|dataStream:|priority:0, 523ca5f6-ff53-4fd3-97b8-2ae94a10fc0e|rpc:127.0.0.1:41341|dataStream:|priority:1, f12b8819-3292-4aaa-8592-45fcb8486f00|rpc:127.0.0.1:37357|dataStream:|priority:0], old=null
2021-09-22 10:24:29,134 [f12b8819-3292-4aaa-8592-45fcb8486f00@group-BBCB63A168E8-LeaderElection28] INFO  impl.LeaderElection (LeaderElection.java:logAndReturn(89)) - f12b8819-3292-4aaa-8592-45fcb8486f00@group-BBCB63A168E8-LeaderElection28: ELECTION REJECTED received 2 response(s) and 0 exception(s):
2021-09-22 10:24:29,134 [f12b8819-3292-4aaa-8592-45fcb8486f00@group-BBCB63A168E8-LeaderElection28] INFO  impl.LeaderElection (LeaderElection.java:logAndReturn(93)) -   Response 0: f12b8819-3292-4aaa-8592-45fcb8486f00<-d7bf25b9-218d-4f93-a950-cbf604fb8be9#0:OK-t4
2021-09-22 10:24:29,134 [f12b8819-3292-4aaa-8592-45fcb8486f00@group-BBCB63A168E8-LeaderElection28] INFO  impl.LeaderElection (LeaderElection.java:logAndReturn(93)) -   Response 1: f12b8819-3292-4aaa-8592-45fcb8486f00<-523ca5f6-ff53-4fd3-97b8-2ae94a10fc0e#0:FAIL-t4
2021-09-22 10:24:29,134 [f12b8819-3292-4aaa-8592-45fcb8486f00@group-BBCB63A168E8-LeaderElection28] INFO  impl.LeaderElection (LeaderElection.java:askForVotes(308)) - f12b8819-3292-4aaa-8592-45fcb8486f00@group-BBCB63A168E8-LeaderElection28 ELECTION round 0: result REJECTED
2021-09-22 10:24:29,136 [f12b8819-3292-4aaa-8592-45fcb8486f00@group-BBCB63A168E8-LeaderElection28] INFO  server.RaftServer$Division (RaftServerImpl.java:setRole(285)) - f12b8819-3292-4aaa-8592-45fcb8486f00@group-BBCB63A168E8: changes role from CANDIDATE to FOLLOWER at term 4 for REJECTED
2021-09-22 10:24:29,136 [f12b8819-3292-4aaa-8592-45fcb8486f00@group-BBCB63A168E8-LeaderElection28] INFO  impl.RoleInfo (RoleInfo.java:shutdownLeaderElection(121)) - f12b8819-3292-4aaa-8592-45fcb8486f00: shutdown f12b8819-3292-4aaa-8592-45fcb8486f00@group-BBCB63A168E8-LeaderElection28
2021-09-22 10:24:29,136 [f12b8819-3292-4aaa-8592-45fcb8486f00@group-BBCB63A168E8-LeaderElection28] INFO  impl.RoleInfo (RoleInfo.java:updateAndGet(130)) - f12b8819-3292-4aaa-8592-45fcb8486f00: start f12b8819-3292-4aaa-8592-45fcb8486f00@group-BBCB63A168E8-FollowerState
2021-09-22 10:24:29,231 [EndpointStateMachine task thread for /127.0.0.1:14493 - 0 ] INFO  ipc.Client (Client.java:handleConnectionFailure(977)) - Retrying connect to server: localhost/127.0.0.1:14493. Already tried 13 time(s); retry policy is RetryUpToMaximumCountWithFixedSleep(maxRetries=15, sleepTime=1000 MILLISECONDS)
2021-09-22 10:24:29,233 [EndpointStateMachine task thread for /127.0.0.1:14503 - 0 ] INFO  ipc.Client (Client.java:handleConnectionFailure(977)) - Retrying connect to server: localhost/127.0.0.1:14503. Already tried 12 time(s); retry policy is RetryUpToMaximumCountWithFixedSleep(maxRetries=15, sleepTime=1000 MILLISECONDS)
2021-09-22 10:24:29,411 [Listener at 127.0.0.1/12164] INFO  ozone.MiniOzoneClusterImpl (MiniOzoneClusterImpl.java:lambda$waitForClusterToBeReady$0(235)) - Nodes are ready. Got 3 of 3 DN Heartbeats.
2021-09-22 10:24:29,412 [Listener at 127.0.0.1/12164] INFO  ozone.MiniOzoneClusterImpl (MiniOzoneClusterImpl.java:lambda$waitForClusterToBeReady$0(238)) - Waiting for cluster to exit safe mode
2021-09-22 10:24:29,412 [Listener at 127.0.0.1/12164] INFO  ozone.MiniOzoneClusterImpl (MiniOzoneClusterImpl.java:lambda$waitForClusterToBeReady$0(240)) - SCM became leader
2021-09-22 10:24:29,524 [523ca5f6-ff53-4fd3-97b8-2ae94a10fc0e@group-FEC5D6B24579-FollowerState] INFO  impl.FollowerState (FollowerState.java:run(134)) - 523ca5f6-ff53-4fd3-97b8-2ae94a10fc0e@group-FEC5D6B24579-FollowerState: change to CANDIDATE, lastRpcElapsedTime:5182159161ns, electionTimeout:5162ms
2021-09-22 10:24:29,525 [523ca5f6-ff53-4fd3-97b8-2ae94a10fc0e@group-FEC5D6B24579-FollowerState] INFO  impl.RoleInfo (RoleInfo.java:shutdownFollowerState(108)) - 523ca5f6-ff53-4fd3-97b8-2ae94a10fc0e: shutdown 523ca5f6-ff53-4fd3-97b8-2ae94a10fc0e@group-FEC5D6B24579-FollowerState
2021-09-22 10:24:29,525 [523ca5f6-ff53-4fd3-97b8-2ae94a10fc0e@group-FEC5D6B24579-FollowerState] INFO  server.RaftServer$Division (RaftServerImpl.java:setRole(285)) - 523ca5f6-ff53-4fd3-97b8-2ae94a10fc0e@group-FEC5D6B24579: changes role from  FOLLOWER to CANDIDATE at term 3 for changeToCandidate
2021-09-22 10:24:29,525 [523ca5f6-ff53-4fd3-97b8-2ae94a10fc0e@group-FEC5D6B24579-FollowerState] INFO  server.RaftServerConfigKeys (ConfUtils.java:logGet(44)) - raft.server.leaderelection.pre-vote = false (custom)
2021-09-22 10:24:29,525 [523ca5f6-ff53-4fd3-97b8-2ae94a10fc0e@group-FEC5D6B24579-FollowerState] INFO  impl.RoleInfo (RoleInfo.java:updateAndGet(130)) - 523ca5f6-ff53-4fd3-97b8-2ae94a10fc0e: start 523ca5f6-ff53-4fd3-97b8-2ae94a10fc0e@group-FEC5D6B24579-LeaderElection29
2021-09-22 10:24:29,532 [523ca5f6-ff53-4fd3-97b8-2ae94a10fc0e@group-FEC5D6B24579-LeaderElection29] INFO  impl.LeaderElection (LeaderElection.java:askForVotes(306)) - 523ca5f6-ff53-4fd3-97b8-2ae94a10fc0e@group-FEC5D6B24579-LeaderElection29 ELECTION round 0: submit vote requests at term 4 for -1: [523ca5f6-ff53-4fd3-97b8-2ae94a10fc0e|rpc:127.0.0.1:41341|dataStream:|priority:0, d7bf25b9-218d-4f93-a950-cbf604fb8be9|rpc:127.0.0.1:43373|dataStream:|priority:1, f12b8819-3292-4aaa-8592-45fcb8486f00|rpc:127.0.0.1:37357|dataStream:|priority:0], old=null
2021-09-22 10:24:29,536 [grpc-default-executor-0] INFO  server.RaftServer$Division (RaftServerImpl.java:requestVote(1043)) - d7bf25b9-218d-4f93-a950-cbf604fb8be9@group-FEC5D6B24579: receive requestVote(ELECTION, 523ca5f6-ff53-4fd3-97b8-2ae94a10fc0e, group-FEC5D6B24579, 4, (t:0, i:0))
2021-09-22 10:24:29,536 [grpc-default-executor-0] INFO  impl.VoteContext (VoteContext.java:log(48)) - d7bf25b9-218d-4f93-a950-cbf604fb8be9@group-FEC5D6B24579-FOLLOWER: reject ELECTION from 523ca5f6-ff53-4fd3-97b8-2ae94a10fc0e: our priority 1 > candidate's priority 0
2021-09-22 10:24:29,536 [grpc-default-executor-0] INFO  server.RaftServer$Division (RaftServerImpl.java:setRole(285)) - d7bf25b9-218d-4f93-a950-cbf604fb8be9@group-FEC5D6B24579: changes role from  FOLLOWER to FOLLOWER at term 4 for candidate:523ca5f6-ff53-4fd3-97b8-2ae94a10fc0e
2021-09-22 10:24:29,537 [grpc-default-executor-0] INFO  impl.RoleInfo (RoleInfo.java:shutdownFollowerState(108)) - d7bf25b9-218d-4f93-a950-cbf604fb8be9: shutdown d7bf25b9-218d-4f93-a950-cbf604fb8be9@group-FEC5D6B24579-FollowerState
2021-09-22 10:24:29,542 [grpc-default-executor-0] INFO  impl.RoleInfo (RoleInfo.java:updateAndGet(130)) - d7bf25b9-218d-4f93-a950-cbf604fb8be9: start d7bf25b9-218d-4f93-a950-cbf604fb8be9@group-FEC5D6B24579-FollowerState
2021-09-22 10:24:29,542 [d7bf25b9-218d-4f93-a950-cbf604fb8be9@group-FEC5D6B24579-FollowerState] INFO  impl.FollowerState (FollowerState.java:run(143)) - d7bf25b9-218d-4f93-a950-cbf604fb8be9@group-FEC5D6B24579-FollowerState was interrupted: {}
java.lang.InterruptedException: sleep interrupted
	at java.lang.Thread.sleep(Native Method)
	at java.lang.Thread.sleep(Thread.java:340)
	at java.util.concurrent.TimeUnit.sleep(TimeUnit.java:386)
	at org.apache.ratis.util.TimeDuration.sleep(TimeDuration.java:324)
	at org.apache.ratis.util.TimeDuration.sleep(TimeDuration.java:309)
	at org.apache.ratis.server.impl.FollowerState.run(FollowerState.java:118)
2021-09-22 10:24:29,547 [grpc-default-executor-1] INFO  server.RaftServer$Division (RaftServerImpl.java:requestVote(1043)) - f12b8819-3292-4aaa-8592-45fcb8486f00@group-FEC5D6B24579: receive requestVote(ELECTION, 523ca5f6-ff53-4fd3-97b8-2ae94a10fc0e, group-FEC5D6B24579, 4, (t:0, i:0))
2021-09-22 10:24:29,547 [grpc-default-executor-1] INFO  impl.VoteContext (VoteContext.java:log(48)) - f12b8819-3292-4aaa-8592-45fcb8486f00@group-FEC5D6B24579-FOLLOWER: accept ELECTION from 523ca5f6-ff53-4fd3-97b8-2ae94a10fc0e: our priority 0 <= candidate's priority 0
2021-09-22 10:24:29,547 [grpc-default-executor-1] INFO  server.RaftServer$Division (RaftServerImpl.java:setRole(285)) - f12b8819-3292-4aaa-8592-45fcb8486f00@group-FEC5D6B24579: changes role from  FOLLOWER to FOLLOWER at term 4 for candidate:523ca5f6-ff53-4fd3-97b8-2ae94a10fc0e
2021-09-22 10:24:29,547 [grpc-default-executor-1] INFO  impl.RoleInfo (RoleInfo.java:shutdownFollowerState(108)) - f12b8819-3292-4aaa-8592-45fcb8486f00: shutdown f12b8819-3292-4aaa-8592-45fcb8486f00@group-FEC5D6B24579-FollowerState
2021-09-22 10:24:29,548 [grpc-default-executor-1] INFO  impl.RoleInfo (RoleInfo.java:updateAndGet(130)) - f12b8819-3292-4aaa-8592-45fcb8486f00: start f12b8819-3292-4aaa-8592-45fcb8486f00@group-FEC5D6B24579-FollowerState
2021-09-22 10:24:29,548 [f12b8819-3292-4aaa-8592-45fcb8486f00@group-FEC5D6B24579-FollowerState] INFO  impl.FollowerState (FollowerState.java:run(143)) - f12b8819-3292-4aaa-8592-45fcb8486f00@group-FEC5D6B24579-FollowerState was interrupted: {}
java.lang.InterruptedException: sleep interrupted
	at java.lang.Thread.sleep(Native Method)
	at java.lang.Thread.sleep(Thread.java:340)
	at java.util.concurrent.TimeUnit.sleep(TimeUnit.java:386)
	at org.apache.ratis.util.TimeDuration.sleep(TimeDuration.java:324)
	at org.apache.ratis.util.TimeDuration.sleep(TimeDuration.java:309)
	at org.apache.ratis.server.impl.FollowerState.run(FollowerState.java:118)
2021-09-22 10:24:29,552 [grpc-default-executor-0] INFO  server.RaftServer$Division (RaftServerImpl.java:requestVote(1075)) - d7bf25b9-218d-4f93-a950-cbf604fb8be9@group-FEC5D6B24579 replies to ELECTION vote request: 523ca5f6-ff53-4fd3-97b8-2ae94a10fc0e<-d7bf25b9-218d-4f93-a950-cbf604fb8be9#0:FAIL-t4. Peer's state: d7bf25b9-218d-4f93-a950-cbf604fb8be9@group-FEC5D6B24579:t4, leader=null, voted=null, raftlog=d7bf25b9-218d-4f93-a950-cbf604fb8be9@group-FEC5D6B24579-SegmentedRaftLog:OPENED:c-1,f-1,i0, conf=-1: [523ca5f6-ff53-4fd3-97b8-2ae94a10fc0e|rpc:127.0.0.1:41341|dataStream:|priority:0, d7bf25b9-218d-4f93-a950-cbf604fb8be9|rpc:127.0.0.1:43373|dataStream:|priority:1, f12b8819-3292-4aaa-8592-45fcb8486f00|rpc:127.0.0.1:37357|dataStream:|priority:0], old=null
2021-09-22 10:24:29,554 [523ca5f6-ff53-4fd3-97b8-2ae94a10fc0e@group-FEC5D6B24579-LeaderElection29] INFO  impl.LeaderElection (LeaderElection.java:logAndReturn(89)) - 523ca5f6-ff53-4fd3-97b8-2ae94a10fc0e@group-FEC5D6B24579-LeaderElection29: ELECTION REJECTED received 1 response(s) and 0 exception(s):
2021-09-22 10:24:29,554 [523ca5f6-ff53-4fd3-97b8-2ae94a10fc0e@group-FEC5D6B24579-LeaderElection29] INFO  impl.LeaderElection (LeaderElection.java:logAndReturn(93)) -   Response 0: 523ca5f6-ff53-4fd3-97b8-2ae94a10fc0e<-d7bf25b9-218d-4f93-a950-cbf604fb8be9#0:FAIL-t4
2021-09-22 10:24:29,554 [523ca5f6-ff53-4fd3-97b8-2ae94a10fc0e@group-FEC5D6B24579-LeaderElection29] INFO  impl.LeaderElection (LeaderElection.java:askForVotes(308)) - 523ca5f6-ff53-4fd3-97b8-2ae94a10fc0e@group-FEC5D6B24579-LeaderElection29 ELECTION round 0: result REJECTED
2021-09-22 10:24:29,554 [523ca5f6-ff53-4fd3-97b8-2ae94a10fc0e@group-FEC5D6B24579-LeaderElection29] INFO  server.RaftServer$Division (RaftServerImpl.java:setRole(285)) - 523ca5f6-ff53-4fd3-97b8-2ae94a10fc0e@group-FEC5D6B24579: changes role from CANDIDATE to FOLLOWER at term 4 for REJECTED
2021-09-22 10:24:29,554 [523ca5f6-ff53-4fd3-97b8-2ae94a10fc0e@group-FEC5D6B24579-LeaderElection29] INFO  impl.RoleInfo (RoleInfo.java:shutdownLeaderElection(121)) - 523ca5f6-ff53-4fd3-97b8-2ae94a10fc0e: shutdown 523ca5f6-ff53-4fd3-97b8-2ae94a10fc0e@group-FEC5D6B24579-LeaderElection29
2021-09-22 10:24:29,554 [523ca5f6-ff53-4fd3-97b8-2ae94a10fc0e@group-FEC5D6B24579-LeaderElection29] INFO  impl.RoleInfo (RoleInfo.java:updateAndGet(130)) - 523ca5f6-ff53-4fd3-97b8-2ae94a10fc0e: start 523ca5f6-ff53-4fd3-97b8-2ae94a10fc0e@group-FEC5D6B24579-FollowerState
2021-09-22 10:24:29,555 [grpc-default-executor-1] INFO  server.RaftServer$Division (RaftServerImpl.java:requestVote(1075)) - f12b8819-3292-4aaa-8592-45fcb8486f00@group-FEC5D6B24579 replies to ELECTION vote request: 523ca5f6-ff53-4fd3-97b8-2ae94a10fc0e<-f12b8819-3292-4aaa-8592-45fcb8486f00#0:OK-t4. Peer's state: f12b8819-3292-4aaa-8592-45fcb8486f00@group-FEC5D6B24579:t4, leader=null, voted=523ca5f6-ff53-4fd3-97b8-2ae94a10fc0e, raftlog=f12b8819-3292-4aaa-8592-45fcb8486f00@group-FEC5D6B24579-SegmentedRaftLog:OPENED:c-1,f-1,i0, conf=-1: [523ca5f6-ff53-4fd3-97b8-2ae94a10fc0e|rpc:127.0.0.1:41341|priority:0, d7bf25b9-218d-4f93-a950-cbf604fb8be9|rpc:127.0.0.1:43373|priority:1, f12b8819-3292-4aaa-8592-45fcb8486f00|rpc:127.0.0.1:37357|priority:0], old=null
2021-09-22 10:24:29,998 [EndpointStateMachine task thread for /127.0.0.1:14513 - 0 ] INFO  ipc.Client (Client.java:handleConnectionFailure(977)) - Retrying connect to server: localhost/127.0.0.1:14513. Already tried 14 time(s); retry policy is RetryUpToMaximumCountWithFixedSleep(maxRetries=15, sleepTime=1000 MILLISECONDS)
2021-09-22 10:24:30,231 [EndpointStateMachine task thread for /127.0.0.1:14493 - 0 ] INFO  ipc.Client (Client.java:handleConnectionFailure(977)) - Retrying connect to server: localhost/127.0.0.1:14493. Already tried 14 time(s); retry policy is RetryUpToMaximumCountWithFixedSleep(maxRetries=15, sleepTime=1000 MILLISECONDS)
2021-09-22 10:24:30,234 [EndpointStateMachine task thread for /127.0.0.1:14503 - 0 ] INFO  ipc.Client (Client.java:handleConnectionFailure(977)) - Retrying connect to server: localhost/127.0.0.1:14503. Already tried 13 time(s); retry policy is RetryUpToMaximumCountWithFixedSleep(maxRetries=15, sleepTime=1000 MILLISECONDS)
2021-09-22 10:24:30,412 [Listener at 127.0.0.1/12164] INFO  ozone.MiniOzoneClusterImpl (MiniOzoneClusterImpl.java:lambda$waitForClusterToBeReady$0(235)) - Nodes are ready. Got 3 of 3 DN Heartbeats.
2021-09-22 10:24:30,413 [Listener at 127.0.0.1/12164] INFO  ozone.MiniOzoneClusterImpl (MiniOzoneClusterImpl.java:lambda$waitForClusterToBeReady$0(238)) - Waiting for cluster to exit safe mode
2021-09-22 10:24:30,413 [Listener at 127.0.0.1/12164] INFO  ozone.MiniOzoneClusterImpl (MiniOzoneClusterImpl.java:lambda$waitForClusterToBeReady$0(240)) - SCM became leader
2021-09-22 10:24:30,999 [EndpointStateMachine task thread for /127.0.0.1:14513 - 0 ] INFO  ipc.Client (Client.java:handleConnectionFailure(977)) - Retrying connect to server: localhost/127.0.0.1:14513. Already tried 0 time(s); retry policy is RetryUpToMaximumCountWithFixedSleep(maxRetries=15, sleepTime=1000 MILLISECONDS)
2021-09-22 10:24:31,233 [EndpointStateMachine task thread for /127.0.0.1:14493 - 0 ] INFO  ipc.Client (Client.java:handleConnectionFailure(977)) - Retrying connect to server: localhost/127.0.0.1:14493. Already tried 0 time(s); retry policy is RetryUpToMaximumCountWithFixedSleep(maxRetries=15, sleepTime=1000 MILLISECONDS)
2021-09-22 10:24:31,234 [EndpointStateMachine task thread for /127.0.0.1:14503 - 0 ] INFO  ipc.Client (Client.java:handleConnectionFailure(977)) - Retrying connect to server: localhost/127.0.0.1:14503. Already tried 14 time(s); retry policy is RetryUpToMaximumCountWithFixedSleep(maxRetries=15, sleepTime=1000 MILLISECONDS)
2021-09-22 10:24:31,413 [Listener at 127.0.0.1/12164] INFO  ozone.MiniOzoneClusterImpl (MiniOzoneClusterImpl.java:lambda$waitForClusterToBeReady$0(235)) - Nodes are ready. Got 3 of 3 DN Heartbeats.
2021-09-22 10:24:31,413 [Listener at 127.0.0.1/12164] INFO  ozone.MiniOzoneClusterImpl (MiniOzoneClusterImpl.java:lambda$waitForClusterToBeReady$0(238)) - Waiting for cluster to exit safe mode
2021-09-22 10:24:31,413 [Listener at 127.0.0.1/12164] INFO  ozone.MiniOzoneClusterImpl (MiniOzoneClusterImpl.java:lambda$waitForClusterToBeReady$0(240)) - SCM became leader
2021-09-22 10:24:32,000 [EndpointStateMachine task thread for /127.0.0.1:14513 - 0 ] INFO  ipc.Client (Client.java:handleConnectionFailure(977)) - Retrying connect to server: localhost/127.0.0.1:14513. Already tried 1 time(s); retry policy is RetryUpToMaximumCountWithFixedSleep(maxRetries=15, sleepTime=1000 MILLISECONDS)
2021-09-22 10:24:32,234 [EndpointStateMachine task thread for /127.0.0.1:14493 - 0 ] INFO  ipc.Client (Client.java:handleConnectionFailure(977)) - Retrying connect to server: localhost/127.0.0.1:14493. Already tried 1 time(s); retry policy is RetryUpToMaximumCountWithFixedSleep(maxRetries=15, sleepTime=1000 MILLISECONDS)
2021-09-22 10:24:32,236 [EndpointStateMachine task thread for /127.0.0.1:14503 - 0 ] INFO  ipc.Client (Client.java:handleConnectionFailure(977)) - Retrying connect to server: localhost/127.0.0.1:14503. Already tried 0 time(s); retry policy is RetryUpToMaximumCountWithFixedSleep(maxRetries=15, sleepTime=1000 MILLISECONDS)
2021-09-22 10:24:32,414 [Listener at 127.0.0.1/12164] INFO  ozone.MiniOzoneClusterImpl (MiniOzoneClusterImpl.java:lambda$waitForClusterToBeReady$0(235)) - Nodes are ready. Got 3 of 3 DN Heartbeats.
2021-09-22 10:24:32,414 [Listener at 127.0.0.1/12164] INFO  ozone.MiniOzoneClusterImpl (MiniOzoneClusterImpl.java:lambda$waitForClusterToBeReady$0(238)) - Waiting for cluster to exit safe mode
2021-09-22 10:24:32,414 [Listener at 127.0.0.1/12164] INFO  ozone.MiniOzoneClusterImpl (MiniOzoneClusterImpl.java:lambda$waitForClusterToBeReady$0(240)) - SCM became leader
2021-09-22 10:24:33,001 [EndpointStateMachine task thread for /127.0.0.1:14513 - 0 ] INFO  ipc.Client (Client.java:handleConnectionFailure(977)) - Retrying connect to server: localhost/127.0.0.1:14513. Already tried 2 time(s); retry policy is RetryUpToMaximumCountWithFixedSleep(maxRetries=15, sleepTime=1000 MILLISECONDS)
2021-09-22 10:24:33,235 [EndpointStateMachine task thread for /127.0.0.1:14493 - 0 ] INFO  ipc.Client (Client.java:handleConnectionFailure(977)) - Retrying connect to server: localhost/127.0.0.1:14493. Already tried 2 time(s); retry policy is RetryUpToMaximumCountWithFixedSleep(maxRetries=15, sleepTime=1000 MILLISECONDS)
2021-09-22 10:24:33,236 [EndpointStateMachine task thread for /127.0.0.1:14503 - 0 ] INFO  ipc.Client (Client.java:handleConnectionFailure(977)) - Retrying connect to server: localhost/127.0.0.1:14503. Already tried 1 time(s); retry policy is RetryUpToMaximumCountWithFixedSleep(maxRetries=15, sleepTime=1000 MILLISECONDS)
2021-09-22 10:24:33,414 [Listener at 127.0.0.1/12164] INFO  ozone.MiniOzoneClusterImpl (MiniOzoneClusterImpl.java:lambda$waitForClusterToBeReady$0(235)) - Nodes are ready. Got 3 of 3 DN Heartbeats.
2021-09-22 10:24:33,415 [Listener at 127.0.0.1/12164] INFO  ozone.MiniOzoneClusterImpl (MiniOzoneClusterImpl.java:lambda$waitForClusterToBeReady$0(238)) - Waiting for cluster to exit safe mode
2021-09-22 10:24:33,415 [Listener at 127.0.0.1/12164] INFO  ozone.MiniOzoneClusterImpl (MiniOzoneClusterImpl.java:lambda$waitForClusterToBeReady$0(240)) - SCM became leader
2021-09-22 10:24:33,576 [Datanode State Machine Thread - 0] ERROR datanode.RunningDatanodeState (RunningDatanodeState.java:computeNextContainerState(199)) - Error in executing end point task.
java.util.concurrent.ExecutionException: java.util.concurrent.TimeoutException
	at java.util.concurrent.FutureTask.report(FutureTask.java:122)
	at java.util.concurrent.FutureTask.get(FutureTask.java:192)
	at org.apache.hadoop.ozone.container.common.states.datanode.RunningDatanodeState.computeNextContainerState(RunningDatanodeState.java:191)
	at org.apache.hadoop.ozone.container.common.states.datanode.RunningDatanodeState.await(RunningDatanodeState.java:231)
	at org.apache.hadoop.ozone.container.common.states.datanode.RunningDatanodeState.await(RunningDatanodeState.java:50)
	at org.apache.hadoop.ozone.container.common.statemachine.StateContext.execute(StateContext.java:629)
	at org.apache.hadoop.ozone.container.common.statemachine.DatanodeStateMachine.start(DatanodeStateMachine.java:270)
	at org.apache.hadoop.ozone.container.common.statemachine.DatanodeStateMachine.lambda$startDaemon$0(DatanodeStateMachine.java:457)
	at java.lang.Thread.run(Thread.java:748)
Caused by: java.util.concurrent.TimeoutException
	at java.util.concurrent.FutureTask.get(FutureTask.java:205)
	at org.apache.hadoop.ozone.container.common.states.datanode.RunningDatanodeState.lambda$execute$0(RunningDatanodeState.java:149)
	at java.util.concurrent.FutureTask.run(FutureTask.java:266)
	at java.util.concurrent.Executors$RunnableAdapter.call(Executors.java:511)
	at java.util.concurrent.FutureTask.run(FutureTask.java:266)
	at java.util.concurrent.ThreadPoolExecutor.runWorker(ThreadPoolExecutor.java:1149)
	at java.util.concurrent.ThreadPoolExecutor$Worker.run(ThreadPoolExecutor.java:624)
	... 1 more
2021-09-22 10:24:33,634 [Datanode State Machine Thread - 0] ERROR datanode.RunningDatanodeState (RunningDatanodeState.java:computeNextContainerState(199)) - Error in executing end point task.
java.util.concurrent.ExecutionException: java.util.concurrent.TimeoutException
	at java.util.concurrent.FutureTask.report(FutureTask.java:122)
	at java.util.concurrent.FutureTask.get(FutureTask.java:192)
	at org.apache.hadoop.ozone.container.common.states.datanode.RunningDatanodeState.computeNextContainerState(RunningDatanodeState.java:191)
	at org.apache.hadoop.ozone.container.common.states.datanode.RunningDatanodeState.await(RunningDatanodeState.java:231)
	at org.apache.hadoop.ozone.container.common.states.datanode.RunningDatanodeState.await(RunningDatanodeState.java:50)
	at org.apache.hadoop.ozone.container.common.statemachine.StateContext.execute(StateContext.java:629)
	at org.apache.hadoop.ozone.container.common.statemachine.DatanodeStateMachine.start(DatanodeStateMachine.java:270)
	at org.apache.hadoop.ozone.container.common.statemachine.DatanodeStateMachine.lambda$startDaemon$0(DatanodeStateMachine.java:457)
	at java.lang.Thread.run(Thread.java:748)
Caused by: java.util.concurrent.TimeoutException
	at java.util.concurrent.FutureTask.get(FutureTask.java:205)
	at org.apache.hadoop.ozone.container.common.states.datanode.RunningDatanodeState.lambda$execute$0(RunningDatanodeState.java:149)
	at java.util.concurrent.FutureTask.run(FutureTask.java:266)
	at java.util.concurrent.Executors$RunnableAdapter.call(Executors.java:511)
	at java.util.concurrent.FutureTask.run(FutureTask.java:266)
	at java.util.concurrent.ThreadPoolExecutor.runWorker(ThreadPoolExecutor.java:1149)
	at java.util.concurrent.ThreadPoolExecutor$Worker.run(ThreadPoolExecutor.java:624)
	... 1 more
2021-09-22 10:24:34,001 [EndpointStateMachine task thread for /127.0.0.1:14513 - 0 ] INFO  ipc.Client (Client.java:handleConnectionFailure(977)) - Retrying connect to server: localhost/127.0.0.1:14513. Already tried 3 time(s); retry policy is RetryUpToMaximumCountWithFixedSleep(maxRetries=15, sleepTime=1000 MILLISECONDS)
2021-09-22 10:24:34,211 [523ca5f6-ff53-4fd3-97b8-2ae94a10fc0e@group-BBCB63A168E8-FollowerState] INFO  impl.FollowerState (FollowerState.java:run(134)) - 523ca5f6-ff53-4fd3-97b8-2ae94a10fc0e@group-BBCB63A168E8-FollowerState: change to CANDIDATE, lastRpcElapsedTime:5091703869ns, electionTimeout:5082ms
2021-09-22 10:24:34,211 [523ca5f6-ff53-4fd3-97b8-2ae94a10fc0e@group-BBCB63A168E8-FollowerState] INFO  impl.RoleInfo (RoleInfo.java:shutdownFollowerState(108)) - 523ca5f6-ff53-4fd3-97b8-2ae94a10fc0e: shutdown 523ca5f6-ff53-4fd3-97b8-2ae94a10fc0e@group-BBCB63A168E8-FollowerState
2021-09-22 10:24:34,211 [523ca5f6-ff53-4fd3-97b8-2ae94a10fc0e@group-BBCB63A168E8-FollowerState] INFO  server.RaftServer$Division (RaftServerImpl.java:setRole(285)) - 523ca5f6-ff53-4fd3-97b8-2ae94a10fc0e@group-BBCB63A168E8: changes role from  FOLLOWER to CANDIDATE at term 4 for changeToCandidate
2021-09-22 10:24:34,212 [523ca5f6-ff53-4fd3-97b8-2ae94a10fc0e@group-BBCB63A168E8-FollowerState] INFO  server.RaftServerConfigKeys (ConfUtils.java:logGet(44)) - raft.server.leaderelection.pre-vote = false (custom)
2021-09-22 10:24:34,212 [523ca5f6-ff53-4fd3-97b8-2ae94a10fc0e@group-BBCB63A168E8-FollowerState] INFO  impl.RoleInfo (RoleInfo.java:updateAndGet(130)) - 523ca5f6-ff53-4fd3-97b8-2ae94a10fc0e: start 523ca5f6-ff53-4fd3-97b8-2ae94a10fc0e@group-BBCB63A168E8-LeaderElection30
2021-09-22 10:24:34,224 [523ca5f6-ff53-4fd3-97b8-2ae94a10fc0e@group-BBCB63A168E8-LeaderElection30] INFO  impl.LeaderElection (LeaderElection.java:askForVotes(306)) - 523ca5f6-ff53-4fd3-97b8-2ae94a10fc0e@group-BBCB63A168E8-LeaderElection30 ELECTION round 0: submit vote requests at term 5 for -1: [d7bf25b9-218d-4f93-a950-cbf604fb8be9|rpc:127.0.0.1:43373|dataStream:|priority:0, 523ca5f6-ff53-4fd3-97b8-2ae94a10fc0e|rpc:127.0.0.1:41341|dataStream:|priority:1, f12b8819-3292-4aaa-8592-45fcb8486f00|rpc:127.0.0.1:37357|dataStream:|priority:0], old=null
2021-09-22 10:24:34,234 [grpc-default-executor-0] INFO  server.RaftServer$Division (RaftServerImpl.java:requestVote(1043)) - f12b8819-3292-4aaa-8592-45fcb8486f00@group-BBCB63A168E8: receive requestVote(ELECTION, 523ca5f6-ff53-4fd3-97b8-2ae94a10fc0e, group-BBCB63A168E8, 5, (t:0, i:0))
2021-09-22 10:24:34,234 [grpc-default-executor-0] INFO  impl.VoteContext (VoteContext.java:log(48)) - f12b8819-3292-4aaa-8592-45fcb8486f00@group-BBCB63A168E8-FOLLOWER: accept ELECTION from 523ca5f6-ff53-4fd3-97b8-2ae94a10fc0e: our priority 0 <= candidate's priority 1
2021-09-22 10:24:34,234 [grpc-default-executor-0] INFO  server.RaftServer$Division (RaftServerImpl.java:setRole(285)) - f12b8819-3292-4aaa-8592-45fcb8486f00@group-BBCB63A168E8: changes role from  FOLLOWER to FOLLOWER at term 5 for candidate:523ca5f6-ff53-4fd3-97b8-2ae94a10fc0e
2021-09-22 10:24:34,234 [grpc-default-executor-0] INFO  impl.RoleInfo (RoleInfo.java:shutdownFollowerState(108)) - f12b8819-3292-4aaa-8592-45fcb8486f00: shutdown f12b8819-3292-4aaa-8592-45fcb8486f00@group-BBCB63A168E8-FollowerState
2021-09-22 10:24:34,234 [grpc-default-executor-0] INFO  impl.RoleInfo (RoleInfo.java:updateAndGet(130)) - f12b8819-3292-4aaa-8592-45fcb8486f00: start f12b8819-3292-4aaa-8592-45fcb8486f00@group-BBCB63A168E8-FollowerState
2021-09-22 10:24:34,234 [f12b8819-3292-4aaa-8592-45fcb8486f00@group-BBCB63A168E8-FollowerState] INFO  impl.FollowerState (FollowerState.java:run(143)) - f12b8819-3292-4aaa-8592-45fcb8486f00@group-BBCB63A168E8-FollowerState was interrupted: {}
java.lang.InterruptedException: sleep interrupted
	at java.lang.Thread.sleep(Native Method)
	at java.lang.Thread.sleep(Thread.java:340)
	at java.util.concurrent.TimeUnit.sleep(TimeUnit.java:386)
	at org.apache.ratis.util.TimeDuration.sleep(TimeDuration.java:324)
	at org.apache.ratis.util.TimeDuration.sleep(TimeDuration.java:309)
	at org.apache.ratis.server.impl.FollowerState.run(FollowerState.java:118)
2021-09-22 10:24:34,235 [grpc-default-executor-1] INFO  server.RaftServer$Division (RaftServerImpl.java:requestVote(1043)) - d7bf25b9-218d-4f93-a950-cbf604fb8be9@group-BBCB63A168E8: receive requestVote(ELECTION, 523ca5f6-ff53-4fd3-97b8-2ae94a10fc0e, group-BBCB63A168E8, 5, (t:0, i:0))
2021-09-22 10:24:34,235 [grpc-default-executor-1] INFO  impl.VoteContext (VoteContext.java:log(48)) - d7bf25b9-218d-4f93-a950-cbf604fb8be9@group-BBCB63A168E8-FOLLOWER: accept ELECTION from 523ca5f6-ff53-4fd3-97b8-2ae94a10fc0e: our priority 0 <= candidate's priority 1
2021-09-22 10:24:34,235 [grpc-default-executor-1] INFO  server.RaftServer$Division (RaftServerImpl.java:setRole(285)) - d7bf25b9-218d-4f93-a950-cbf604fb8be9@group-BBCB63A168E8: changes role from  FOLLOWER to FOLLOWER at term 5 for candidate:523ca5f6-ff53-4fd3-97b8-2ae94a10fc0e
2021-09-22 10:24:34,235 [grpc-default-executor-1] INFO  impl.RoleInfo (RoleInfo.java:shutdownFollowerState(108)) - d7bf25b9-218d-4f93-a950-cbf604fb8be9: shutdown d7bf25b9-218d-4f93-a950-cbf604fb8be9@group-BBCB63A168E8-FollowerState
2021-09-22 10:24:34,235 [EndpointStateMachine task thread for /127.0.0.1:14493 - 0 ] INFO  ipc.Client (Client.java:handleConnectionFailure(977)) - Retrying connect to server: localhost/127.0.0.1:14493. Already tried 3 time(s); retry policy is RetryUpToMaximumCountWithFixedSleep(maxRetries=15, sleepTime=1000 MILLISECONDS)
2021-09-22 10:24:34,238 [grpc-default-executor-0] INFO  server.RaftServer$Division (RaftServerImpl.java:requestVote(1075)) - f12b8819-3292-4aaa-8592-45fcb8486f00@group-BBCB63A168E8 replies to ELECTION vote request: 523ca5f6-ff53-4fd3-97b8-2ae94a10fc0e<-f12b8819-3292-4aaa-8592-45fcb8486f00#0:OK-t5. Peer's state: f12b8819-3292-4aaa-8592-45fcb8486f00@group-BBCB63A168E8:t5, leader=null, voted=523ca5f6-ff53-4fd3-97b8-2ae94a10fc0e, raftlog=f12b8819-3292-4aaa-8592-45fcb8486f00@group-BBCB63A168E8-SegmentedRaftLog:OPENED:c-1,f-1,i0, conf=-1: [d7bf25b9-218d-4f93-a950-cbf604fb8be9|rpc:127.0.0.1:43373|priority:0, 523ca5f6-ff53-4fd3-97b8-2ae94a10fc0e|rpc:127.0.0.1:41341|priority:1, f12b8819-3292-4aaa-8592-45fcb8486f00|rpc:127.0.0.1:37357|priority:0], old=null
2021-09-22 10:24:34,239 [523ca5f6-ff53-4fd3-97b8-2ae94a10fc0e@group-BBCB63A168E8-LeaderElection30] INFO  impl.LeaderElection (LeaderElection.java:logAndReturn(89)) - 523ca5f6-ff53-4fd3-97b8-2ae94a10fc0e@group-BBCB63A168E8-LeaderElection30: ELECTION PASSED received 1 response(s) and 0 exception(s):
2021-09-22 10:24:34,239 [523ca5f6-ff53-4fd3-97b8-2ae94a10fc0e@group-BBCB63A168E8-LeaderElection30] INFO  impl.LeaderElection (LeaderElection.java:logAndReturn(93)) -   Response 0: 523ca5f6-ff53-4fd3-97b8-2ae94a10fc0e<-f12b8819-3292-4aaa-8592-45fcb8486f00#0:OK-t5
2021-09-22 10:24:34,239 [523ca5f6-ff53-4fd3-97b8-2ae94a10fc0e@group-BBCB63A168E8-LeaderElection30] INFO  impl.LeaderElection (LeaderElection.java:askForVotes(308)) - 523ca5f6-ff53-4fd3-97b8-2ae94a10fc0e@group-BBCB63A168E8-LeaderElection30 ELECTION round 0: result PASSED
2021-09-22 10:24:34,239 [523ca5f6-ff53-4fd3-97b8-2ae94a10fc0e@group-BBCB63A168E8-LeaderElection30] INFO  impl.RoleInfo (RoleInfo.java:shutdownLeaderElection(121)) - 523ca5f6-ff53-4fd3-97b8-2ae94a10fc0e: shutdown 523ca5f6-ff53-4fd3-97b8-2ae94a10fc0e@group-BBCB63A168E8-LeaderElection30
2021-09-22 10:24:34,239 [523ca5f6-ff53-4fd3-97b8-2ae94a10fc0e@group-BBCB63A168E8-LeaderElection30] INFO  server.RaftServer$Division (RaftServerImpl.java:setRole(285)) - 523ca5f6-ff53-4fd3-97b8-2ae94a10fc0e@group-BBCB63A168E8: changes role from CANDIDATE to LEADER at term 5 for changeToLeader
2021-09-22 10:24:34,239 [523ca5f6-ff53-4fd3-97b8-2ae94a10fc0e@group-BBCB63A168E8-LeaderElection30] INFO  ratis.XceiverServerRatis (XceiverServerRatis.java:handleLeaderChangedNotification(860)) - Leader change notification received for group: group-BBCB63A168E8 with new leaderId: 523ca5f6-ff53-4fd3-97b8-2ae94a10fc0e
2021-09-22 10:24:34,239 [523ca5f6-ff53-4fd3-97b8-2ae94a10fc0e@group-BBCB63A168E8-LeaderElection30] INFO  server.RaftServer$Division (ServerState.java:setLeader(285)) - 523ca5f6-ff53-4fd3-97b8-2ae94a10fc0e@group-BBCB63A168E8: change Leader from null to 523ca5f6-ff53-4fd3-97b8-2ae94a10fc0e at term 5 for becomeLeader, leader elected after 25431ms
2021-09-22 10:24:34,239 [523ca5f6-ff53-4fd3-97b8-2ae94a10fc0e@group-BBCB63A168E8-LeaderElection30] INFO  server.RaftServerConfigKeys (ConfUtils.java:logGet(44)) - raft.server.staging.catchup.gap = 1000 (default)
2021-09-22 10:24:34,239 [523ca5f6-ff53-4fd3-97b8-2ae94a10fc0e@group-BBCB63A168E8-LeaderElection30] INFO  server.RaftServerConfigKeys (ConfUtils.java:logGet(44)) - raft.server.write.element-limit = 1024 (custom)
2021-09-22 10:24:34,239 [523ca5f6-ff53-4fd3-97b8-2ae94a10fc0e@group-BBCB63A168E8-LeaderElection30] INFO  server.RaftServerConfigKeys (ConfUtils.java:logGet(44)) - raft.server.write.byte-limit = 1024 M (=1073741824) (custom)
2021-09-22 10:24:34,240 [523ca5f6-ff53-4fd3-97b8-2ae94a10fc0e@group-BBCB63A168E8-LeaderElection30] INFO  server.RaftServerConfigKeys (ConfUtils.java:logGet(44)) - raft.server.watch.timeout = 180s (custom)
2021-09-22 10:24:34,240 [523ca5f6-ff53-4fd3-97b8-2ae94a10fc0e@group-BBCB63A168E8-LeaderElection30] INFO  server.RaftServerConfigKeys (ConfUtils.java:logGet(44)) - raft.server.watch.timeout.denomination = 1s (default)
2021-09-22 10:24:34,240 [523ca5f6-ff53-4fd3-97b8-2ae94a10fc0e@group-BBCB63A168E8-LeaderElection30] INFO  server.RaftServerConfigKeys (ConfUtils.java:logGet(44)) - raft.server.watch.element-limit = 65536 (default)
2021-09-22 10:24:34,240 [523ca5f6-ff53-4fd3-97b8-2ae94a10fc0e@group-BBCB63A168E8-LeaderElection30] INFO  server.RaftServerConfigKeys (ConfUtils.java:logGet(44)) - raft.server.log.appender.snapshot.chunk.size.max = 16MB (=16777216) (default)
2021-09-22 10:24:34,240 [523ca5f6-ff53-4fd3-97b8-2ae94a10fc0e@group-BBCB63A168E8-LeaderElection30] INFO  server.RaftServerConfigKeys (ConfUtils.java:logGet(44)) - raft.server.log.appender.buffer.byte-limit = 33554432 (custom)
2021-09-22 10:24:34,240 [523ca5f6-ff53-4fd3-97b8-2ae94a10fc0e@group-BBCB63A168E8-LeaderElection30] INFO  server.RaftServerConfigKeys (ConfUtils.java:logGet(44)) - raft.server.log.appender.buffer.element-limit = 1 (custom)
2021-09-22 10:24:34,240 [523ca5f6-ff53-4fd3-97b8-2ae94a10fc0e@group-BBCB63A168E8-LeaderElection30] INFO  grpc.GrpcConfigKeys (ConfUtils.java:logGet(44)) - raft.grpc.server.leader.outstanding.appends.max = 128 (default)
2021-09-22 10:24:34,240 [523ca5f6-ff53-4fd3-97b8-2ae94a10fc0e@group-BBCB63A168E8-LeaderElection30] INFO  server.RaftServerConfigKeys (ConfUtils.java:logGet(44)) - raft.server.rpc.request.timeout = 60s (custom)
2021-09-22 10:24:34,240 [523ca5f6-ff53-4fd3-97b8-2ae94a10fc0e@group-BBCB63A168E8-LeaderElection30] INFO  server.RaftServerConfigKeys (ConfUtils.java:logGet(44)) - raft.server.log.appender.install.snapshot.enabled = false (custom)
2021-09-22 10:24:34,241 [523ca5f6-ff53-4fd3-97b8-2ae94a10fc0e@group-BBCB63A168E8-LeaderElection30] INFO  server.RaftServerConfigKeys (ConfUtils.java:logGet(44)) - raft.server.log.appender.snapshot.chunk.size.max = 16MB (=16777216) (default)
2021-09-22 10:24:34,241 [523ca5f6-ff53-4fd3-97b8-2ae94a10fc0e@group-BBCB63A168E8-LeaderElection30] INFO  server.RaftServerConfigKeys (ConfUtils.java:logGet(44)) - raft.server.log.appender.buffer.byte-limit = 33554432 (custom)
2021-09-22 10:24:34,241 [523ca5f6-ff53-4fd3-97b8-2ae94a10fc0e@group-BBCB63A168E8-LeaderElection30] INFO  server.RaftServerConfigKeys (ConfUtils.java:logGet(44)) - raft.server.log.appender.buffer.element-limit = 1 (custom)
2021-09-22 10:24:34,241 [523ca5f6-ff53-4fd3-97b8-2ae94a10fc0e@group-BBCB63A168E8-LeaderElection30] INFO  grpc.GrpcConfigKeys (ConfUtils.java:logGet(44)) - raft.grpc.server.leader.outstanding.appends.max = 128 (default)
2021-09-22 10:24:34,247 [EventQueue-PipelineReportForPipelineReportHandler] INFO  pipeline.PipelineManagerImpl (PipelineManagerImpl.java:openPipeline(282)) - Pipeline Pipeline[ Id: 8e0a2a57-1cbe-4bdd-9500-bbcb63a168e8, Nodes: d7bf25b9-218d-4f93-a950-cbf604fb8be9{ip: 127.0.0.1, host: localhost, ports: [REPLICATION=36831, RATIS=43373, RATIS_ADMIN=43373, RATIS_SERVER=43373, STANDALONE=33141], networkLocation: /default-rack, certSerialId: null, persistedOpState: IN_SERVICE, persistedOpStateExpiryEpochSec: 0}523ca5f6-ff53-4fd3-97b8-2ae94a10fc0e{ip: 127.0.0.1, host: localhost, ports: [REPLICATION=36777, RATIS=41341, RATIS_ADMIN=41341, RATIS_SERVER=41341, STANDALONE=36643], networkLocation: /default-rack, certSerialId: null, persistedOpState: IN_SERVICE, persistedOpStateExpiryEpochSec: 0}f12b8819-3292-4aaa-8592-45fcb8486f00{ip: 127.0.0.1, host: localhost, ports: [REPLICATION=46153, RATIS=37357, RATIS_ADMIN=37357, RATIS_SERVER=37357, STANDALONE=43927], networkLocation: /default-rack, certSerialId: null, persistedOpState: IN_SERVICE, persistedOpStateExpiryEpochSec: 0}, ReplicationConfig: RATIS/THREE, State:ALLOCATED, leaderId:523ca5f6-ff53-4fd3-97b8-2ae94a10fc0e, CreationTimestamp2021-09-22T10:24:06.449Z[Etc/UTC]] moved to OPEN state
2021-09-22 10:24:34,246 [EventQueue-PipelineReportForPipelineReportHandler] INFO  pipeline.PipelineManagerImpl (PipelineManagerImpl.java:openPipeline(282)) - Pipeline Pipeline[ Id: 8e0a2a57-1cbe-4bdd-9500-bbcb63a168e8, Nodes: d7bf25b9-218d-4f93-a950-cbf604fb8be9{ip: 127.0.0.1, host: localhost, ports: [REPLICATION=36831, RATIS=43373, RATIS_ADMIN=43373, RATIS_SERVER=43373, STANDALONE=33141], networkLocation: /default-rack, certSerialId: null, persistedOpState: IN_SERVICE, persistedOpStateExpiryEpochSec: 0}523ca5f6-ff53-4fd3-97b8-2ae94a10fc0e{ip: 127.0.0.1, host: localhost, ports: [REPLICATION=36777, RATIS=41341, RATIS_ADMIN=41341, RATIS_SERVER=41341, STANDALONE=36643], networkLocation: /default-rack, certSerialId: null, persistedOpState: IN_SERVICE, persistedOpStateExpiryEpochSec: 0}f12b8819-3292-4aaa-8592-45fcb8486f00{ip: 127.0.0.1, host: localhost, ports: [REPLICATION=46153, RATIS=37357, RATIS_ADMIN=37357, RATIS_SERVER=37357, STANDALONE=43927], networkLocation: /default-rack, certSerialId: null, persistedOpState: IN_SERVICE, persistedOpStateExpiryEpochSec: 0}, ReplicationConfig: RATIS/THREE, State:ALLOCATED, leaderId:523ca5f6-ff53-4fd3-97b8-2ae94a10fc0e, CreationTimestamp2021-09-22T10:24:06.449Z[Etc/UTC]] moved to OPEN state
2021-09-22 10:24:34,251 [EventQueue-PipelineReportForPipelineReportHandler] INFO  ha.SCMHAInvocationHandler (SCMHAInvocationHandler.java:invokeRatis(113)) - Invoking method public abstract void org.apache.hadoop.hdds.scm.pipeline.StateManager.updatePipelineState(org.apache.hadoop.hdds.protocol.proto.HddsProtos$PipelineID,org.apache.hadoop.hdds.protocol.proto.HddsProtos$PipelineState) throws java.io.IOException on target org.apache.hadoop.hdds.scm.ha.SCMRatisServerImpl@75c7c3f9, cost 299.302us
2021-09-22 10:24:34,251 [EventQueue-OpenPipelineForHealthyPipelineSafeModeRule] INFO  safemode.SCMSafeModeManager (HealthyPipelineSafeModeRule.java:process(124)) - SCM in safe mode. Healthy pipelines reported count is 0, required healthy pipeline reported count is 1
2021-09-22 10:24:34,245 [d7bf25b9-218d-4f93-a950-cbf604fb8be9@group-BBCB63A168E8-FollowerState] INFO  impl.FollowerState (FollowerState.java:run(143)) - d7bf25b9-218d-4f93-a950-cbf604fb8be9@group-BBCB63A168E8-FollowerState was interrupted: {}
java.lang.InterruptedException: sleep interrupted
	at java.lang.Thread.sleep(Native Method)
	at java.lang.Thread.sleep(Thread.java:340)
	at java.util.concurrent.TimeUnit.sleep(TimeUnit.java:386)
	at org.apache.ratis.util.TimeDuration.sleep(TimeDuration.java:324)
	at org.apache.ratis.util.TimeDuration.sleep(TimeDuration.java:309)
	at org.apache.ratis.server.impl.FollowerState.run(FollowerState.java:118)
2021-09-22 10:24:34,244 [EndpointStateMachine task thread for /127.0.0.1:14503 - 0 ] INFO  ipc.Client (Client.java:handleConnectionFailure(977)) - Retrying connect to server: localhost/127.0.0.1:14503. Already tried 2 time(s); retry policy is RetryUpToMaximumCountWithFixedSleep(maxRetries=15, sleepTime=1000 MILLISECONDS)
2021-09-22 10:24:34,244 [grpc-default-executor-1] INFO  impl.RoleInfo (RoleInfo.java:updateAndGet(130)) - d7bf25b9-218d-4f93-a950-cbf604fb8be9: start d7bf25b9-218d-4f93-a950-cbf604fb8be9@group-BBCB63A168E8-FollowerState
2021-09-22 10:24:34,253 [523ca5f6-ff53-4fd3-97b8-2ae94a10fc0e@group-BBCB63A168E8-LeaderElection30] INFO  server.RaftServerConfigKeys (ConfUtils.java:logGet(44)) - raft.server.rpc.request.timeout = 60s (custom)
2021-09-22 10:24:34,259 [523ca5f6-ff53-4fd3-97b8-2ae94a10fc0e@group-BBCB63A168E8-LeaderElection30] INFO  server.RaftServerConfigKeys (ConfUtils.java:logGet(44)) - raft.server.log.appender.install.snapshot.enabled = false (custom)
2021-09-22 10:24:34,260 [523ca5f6-ff53-4fd3-97b8-2ae94a10fc0e@group-BBCB63A168E8-LeaderElection30] INFO  impl.RoleInfo (RoleInfo.java:updateAndGet(130)) - 523ca5f6-ff53-4fd3-97b8-2ae94a10fc0e: start 523ca5f6-ff53-4fd3-97b8-2ae94a10fc0e@group-BBCB63A168E8-LeaderStateImpl
2021-09-22 10:24:34,260 [523ca5f6-ff53-4fd3-97b8-2ae94a10fc0e@group-BBCB63A168E8-LeaderElection30] INFO  segmented.SegmentedRaftLogWorker (SegmentedRaftLogWorker.java:startLogSegment(394)) - 523ca5f6-ff53-4fd3-97b8-2ae94a10fc0e@group-BBCB63A168E8-SegmentedRaftLogWorker: Starting segment from index:0
2021-09-22 10:24:34,272 [523ca5f6-ff53-4fd3-97b8-2ae94a10fc0e@group-BBCB63A168E8-SegmentedRaftLogWorker] INFO  segmented.SegmentedRaftLogWorker (SegmentedRaftLogWorker.java:execute(601)) - 523ca5f6-ff53-4fd3-97b8-2ae94a10fc0e@group-BBCB63A168E8-SegmentedRaftLogWorker: created new log segment /home/runner/work/ozone/ozone/hadoop-ozone/integration-test/target/test-dir/MiniOzoneClusterImpl-37bb77ab-1cd7-4f0f-8c8b-61e82082808e/datanode-1/data/ratis/8e0a2a57-1cbe-4bdd-9500-bbcb63a168e8/current/log_inprogress_0
2021-09-22 10:24:34,273 [grpc-default-executor-1] INFO  server.RaftServer$Division (RaftServerImpl.java:requestVote(1075)) - d7bf25b9-218d-4f93-a950-cbf604fb8be9@group-BBCB63A168E8 replies to ELECTION vote request: 523ca5f6-ff53-4fd3-97b8-2ae94a10fc0e<-d7bf25b9-218d-4f93-a950-cbf604fb8be9#0:OK-t5. Peer's state: d7bf25b9-218d-4f93-a950-cbf604fb8be9@group-BBCB63A168E8:t5, leader=null, voted=523ca5f6-ff53-4fd3-97b8-2ae94a10fc0e, raftlog=d7bf25b9-218d-4f93-a950-cbf604fb8be9@group-BBCB63A168E8-SegmentedRaftLog:OPENED:c-1,f-1,i0, conf=-1: [d7bf25b9-218d-4f93-a950-cbf604fb8be9|rpc:127.0.0.1:43373|dataStream:|priority:0, 523ca5f6-ff53-4fd3-97b8-2ae94a10fc0e|rpc:127.0.0.1:41341|dataStream:|priority:1, f12b8819-3292-4aaa-8592-45fcb8486f00|rpc:127.0.0.1:37357|dataStream:|priority:0], old=null
2021-09-22 10:24:34,288 [grpc-default-executor-0] INFO  ratis.XceiverServerRatis (XceiverServerRatis.java:handleLeaderChangedNotification(860)) - Leader change notification received for group: group-BBCB63A168E8 with new leaderId: 523ca5f6-ff53-4fd3-97b8-2ae94a10fc0e
2021-09-22 10:24:34,288 [grpc-default-executor-0] INFO  server.RaftServer$Division (ServerState.java:setLeader(285)) - d7bf25b9-218d-4f93-a950-cbf604fb8be9@group-BBCB63A168E8: change Leader from null to 523ca5f6-ff53-4fd3-97b8-2ae94a10fc0e at term 5 for appendEntries, leader elected after 25588ms
2021-09-22 10:24:34,288 [523ca5f6-ff53-4fd3-97b8-2ae94a10fc0e@group-BBCB63A168E8-LeaderElection30] INFO  server.RaftServer$Division (ServerState.java:setRaftConf(387)) - 523ca5f6-ff53-4fd3-97b8-2ae94a10fc0e@group-BBCB63A168E8: set configuration 0: [d7bf25b9-218d-4f93-a950-cbf604fb8be9|rpc:127.0.0.1:43373|dataStream:|priority:0, 523ca5f6-ff53-4fd3-97b8-2ae94a10fc0e|rpc:127.0.0.1:41341|dataStream:|priority:1, f12b8819-3292-4aaa-8592-45fcb8486f00|rpc:127.0.0.1:37357|dataStream:|priority:0], old=null
2021-09-22 10:24:34,289 [grpc-default-executor-2] INFO  ratis.XceiverServerRatis (XceiverServerRatis.java:handleLeaderChangedNotification(860)) - Leader change notification received for group: group-BBCB63A168E8 with new leaderId: 523ca5f6-ff53-4fd3-97b8-2ae94a10fc0e
2021-09-22 10:24:34,290 [grpc-default-executor-2] INFO  server.RaftServer$Division (ServerState.java:setLeader(285)) - f12b8819-3292-4aaa-8592-45fcb8486f00@group-BBCB63A168E8: change Leader from null to 523ca5f6-ff53-4fd3-97b8-2ae94a10fc0e at term 5 for appendEntries, leader elected after 25740ms
2021-09-22 10:24:34,292 [grpc-default-executor-0] INFO  server.RaftServer$Division (ServerState.java:setRaftConf(387)) - d7bf25b9-218d-4f93-a950-cbf604fb8be9@group-BBCB63A168E8: set configuration 0: [d7bf25b9-218d-4f93-a950-cbf604fb8be9|rpc:127.0.0.1:43373|dataStream:|priority:0, 523ca5f6-ff53-4fd3-97b8-2ae94a10fc0e|rpc:127.0.0.1:41341|dataStream:|priority:1, f12b8819-3292-4aaa-8592-45fcb8486f00|rpc:127.0.0.1:37357|dataStream:|priority:0], old=null
2021-09-22 10:24:34,293 [grpc-default-executor-0] INFO  segmented.SegmentedRaftLogWorker (SegmentedRaftLogWorker.java:startLogSegment(394)) - d7bf25b9-218d-4f93-a950-cbf604fb8be9@group-BBCB63A168E8-SegmentedRaftLogWorker: Starting segment from index:0
2021-09-22 10:24:34,299 [6cde2b08-89b9-430e-b77c-97253f43be03@group-61E82082808E-StateMachineUpdater] INFO  safemode.HealthyPipelineSafeModeRule (HealthyPipelineSafeModeRule.java:initializeRule(152)) - Refreshed total pipeline count is 1, healthy pipeline threshold count is 1
2021-09-22 10:24:34,299 [EventQueue-PipelineReportForPipelineReportHandler] INFO  ha.SCMHAInvocationHandler (SCMHAInvocationHandler.java:invokeRatis(113)) - Invoking method public abstract void org.apache.hadoop.hdds.scm.pipeline.StateManager.updatePipelineState(org.apache.hadoop.hdds.protocol.proto.HddsProtos$PipelineID,org.apache.hadoop.hdds.protocol.proto.HddsProtos$PipelineState) throws java.io.IOException on target org.apache.hadoop.hdds.scm.ha.SCMRatisServerImpl@5f5c945c, cost 49256.713us
2021-09-22 10:24:34,303 [EventQueue-OpenPipelineForHealthyPipelineSafeModeRule] INFO  safemode.SCMSafeModeManager (HealthyPipelineSafeModeRule.java:process(124)) - SCM in safe mode. Healthy pipelines reported count is 1, required healthy pipeline reported count is 1
2021-09-22 10:24:34,303 [EventQueue-OpenPipelineForHealthyPipelineSafeModeRule] INFO  safemode.SCMSafeModeManager (SCMSafeModeManager.java:validateSafeModeExitRules(204)) - HealthyPipelineSafeModeRule rule is successfully validated
2021-09-22 10:24:34,303 [EventQueue-OpenPipelineForHealthyPipelineSafeModeRule] INFO  safemode.SCMSafeModeManager (SCMSafeModeManager.java:validateSafeModeExitRules(219)) - ScmSafeModeManager, all rules are successfully validated
2021-09-22 10:24:34,303 [EventQueue-OpenPipelineForHealthyPipelineSafeModeRule] INFO  safemode.SCMSafeModeManager (SCMSafeModeManager.java:exitSafeMode(248)) - SCM exiting safe mode.
2021-09-22 10:24:34,303 [EventQueue-OpenPipelineForHealthyPipelineSafeModeRule] WARN  events.EventQueue (EventQueue.java:fireEvent(194)) - No event handler registered for event TypedEvent{payloadType=SafeModeStatus, name='Safe mode status'}
2021-09-22 10:24:34,303 [EventQueue-OpenPipelineForHealthyPipelineSafeModeRule] INFO  ha.SCMContext (SCMContext.java:updateSafeModeStatus(205)) - Update SafeModeStatus from SafeModeStatus{safeModeStatus=true, preCheckPassed=true} to SafeModeStatus{safeModeStatus=false, preCheckPassed=true}.
2021-09-22 10:24:34,303 [EventQueue-OpenPipelineForHealthyPipelineSafeModeRule] INFO  container.ReplicationManager (ReplicationManager.java:notifyStatusChanged(1743)) - Service ReplicationManager transitions to RUNNING.
2021-09-22 10:24:34,316 [grpc-default-executor-2] INFO  server.RaftServer$Division (ServerState.java:setRaftConf(387)) - f12b8819-3292-4aaa-8592-45fcb8486f00@group-BBCB63A168E8: set configuration 0: [d7bf25b9-218d-4f93-a950-cbf604fb8be9|rpc:127.0.0.1:43373|dataStream:|priority:0, 523ca5f6-ff53-4fd3-97b8-2ae94a10fc0e|rpc:127.0.0.1:41341|dataStream:|priority:1, f12b8819-3292-4aaa-8592-45fcb8486f00|rpc:127.0.0.1:37357|dataStream:|priority:0], old=null
2021-09-22 10:24:34,316 [grpc-default-executor-2] INFO  segmented.SegmentedRaftLogWorker (SegmentedRaftLogWorker.java:startLogSegment(394)) - f12b8819-3292-4aaa-8592-45fcb8486f00@group-BBCB63A168E8-SegmentedRaftLogWorker: Starting segment from index:0
2021-09-22 10:24:34,318 [f12b8819-3292-4aaa-8592-45fcb8486f00@group-BBCB63A168E8-SegmentedRaftLogWorker] INFO  segmented.SegmentedRaftLogWorker (SegmentedRaftLogWorker.java:execute(601)) - f12b8819-3292-4aaa-8592-45fcb8486f00@group-BBCB63A168E8-SegmentedRaftLogWorker: created new log segment /home/runner/work/ozone/ozone/hadoop-ozone/integration-test/target/test-dir/MiniOzoneClusterImpl-37bb77ab-1cd7-4f0f-8c8b-61e82082808e/datanode-0/data/ratis/8e0a2a57-1cbe-4bdd-9500-bbcb63a168e8/current/log_inprogress_0
2021-09-22 10:24:34,323 [d7bf25b9-218d-4f93-a950-cbf604fb8be9@group-BBCB63A168E8-SegmentedRaftLogWorker] INFO  segmented.SegmentedRaftLogWorker (SegmentedRaftLogWorker.java:execute(601)) - d7bf25b9-218d-4f93-a950-cbf604fb8be9@group-BBCB63A168E8-SegmentedRaftLogWorker: created new log segment /home/runner/work/ozone/ozone/hadoop-ozone/integration-test/target/test-dir/MiniOzoneClusterImpl-37bb77ab-1cd7-4f0f-8c8b-61e82082808e/datanode-2/data/ratis/8e0a2a57-1cbe-4bdd-9500-bbcb63a168e8/current/log_inprogress_0
2021-09-22 10:24:34,323 [6f37d426-3152-46b4-8a1e-16c91badf795@group-61E82082808E-StateMachineUpdater] INFO  safemode.HealthyPipelineSafeModeRule (HealthyPipelineSafeModeRule.java:initializeRule(152)) - Refreshed total pipeline count is 1, healthy pipeline threshold count is 1
2021-09-22 10:24:34,415 [Listener at 127.0.0.1/12164] INFO  ozone.MiniOzoneClusterImpl (MiniOzoneClusterImpl.java:lambda$waitForClusterToBeReady$0(235)) - Nodes are ready. Got 3 of 3 DN Heartbeats.
2021-09-22 10:24:34,415 [Listener at 127.0.0.1/12164] INFO  ozone.MiniOzoneClusterImpl (MiniOzoneClusterImpl.java:lambda$waitForClusterToBeReady$0(238)) - Cluster exits safe mode
2021-09-22 10:24:34,416 [Listener at 127.0.0.1/12164] INFO  ozone.MiniOzoneClusterImpl (MiniOzoneClusterImpl.java:lambda$waitForClusterToBeReady$0(240)) - SCM became leader
2021-09-22 10:24:34,416 [Listener at 127.0.0.1/12164] INFO  server.StorageContainerManager (StorageContainerManager.java:start(1279)) - StorageContainerLocationProtocol RPC server is listening at /0.0.0.0:14491
2021-09-22 10:24:34,416 [Listener at 127.0.0.1/12164] INFO  ha.SCMRatisServerImpl (SCMRatisServerImpl.java:start(177)) - starting ratis server 0.0.0.0:14488
2021-09-22 10:24:34,416 [Listener at 127.0.0.1/12164] INFO  server.RaftServer$Division (RaftServerImpl.java:start(299)) - 348557bb-52cf-467b-ac94-ee5fd4af8d60@group-61E82082808E: start with initializing state, conf=-1: [], old=null
2021-09-22 10:24:34,417 [Listener at 127.0.0.1/12164] INFO  server.RaftServer$Division (RaftServerImpl.java:setRole(285)) - 348557bb-52cf-467b-ac94-ee5fd4af8d60@group-61E82082808E: changes role from      null to FOLLOWER at term 0 for startInitializing
2021-09-22 10:24:34,417 [Listener at 127.0.0.1/12164] INFO  util.JmxRegister (JmxRegister.java:tryRegister(44)) - Successfully registered JMX Bean with object name Ratis:service=RaftServer,group=group-61E82082808E,id=348557bb-52cf-467b-ac94-ee5fd4af8d60
2021-09-22 10:24:34,423 [Listener at 127.0.0.1/12164] INFO  server.RaftServer (RaftServerProxy.java:lambda$start$5(374)) - 348557bb-52cf-467b-ac94-ee5fd4af8d60: start RPC server
2021-09-22 10:24:34,424 [Listener at 127.0.0.1/12164] INFO  server.GrpcService (GrpcService.java:startImpl(253)) - 348557bb-52cf-467b-ac94-ee5fd4af8d60: GrpcService started, listening on 14488
2021-09-22 10:24:34,429 [Listener at 127.0.0.1/12164] INFO  ha.SCMNodeInfo (SCMNodeInfo.java:getPort(197)) - ConfigKey ozone.scm.client.address is deprecated, For configuring different ports for each SCM use PortConfigKey ozone.scm.client.port appended with serviceId and nodeId
2021-09-22 10:24:34,429 [Listener at 127.0.0.1/12164] INFO  ha.SCMNodeInfo (SCMNodeInfo.java:getPort(197)) - ConfigKey ozone.scm.block.client.address is deprecated, For configuring different ports for each SCM use PortConfigKey ozone.scm.block.client.port appended with serviceId and nodeId
2021-09-22 10:24:34,429 [Listener at 127.0.0.1/12164] INFO  ha.SCMNodeInfo (SCMNodeInfo.java:getPort(197)) - ConfigKey ozone.scm.datanode.address is deprecated, For configuring different ports for each SCM use PortConfigKey ozone.scm.datanode.port appended with serviceId and nodeId
2021-09-22 10:24:34,429 [Listener at 127.0.0.1/12164] INFO  ha.SCMNodeInfo (SCMNodeInfo.java:getPort(197)) - ConfigKey ozone.scm.client.address is deprecated, For configuring different ports for each SCM use PortConfigKey ozone.scm.client.port appended with serviceId and nodeId
2021-09-22 10:24:34,429 [Listener at 127.0.0.1/12164] INFO  ha.SCMNodeInfo (SCMNodeInfo.java:getPort(197)) - ConfigKey ozone.scm.block.client.address is deprecated, For configuring different ports for each SCM use PortConfigKey ozone.scm.block.client.port appended with serviceId and nodeId
2021-09-22 10:24:34,430 [Listener at 127.0.0.1/12164] INFO  ha.SCMNodeInfo (SCMNodeInfo.java:getPort(197)) - ConfigKey ozone.scm.datanode.address is deprecated, For configuring different ports for each SCM use PortConfigKey ozone.scm.datanode.port appended with serviceId and nodeId
2021-09-22 10:24:34,430 [Listener at 127.0.0.1/12164] INFO  ha.SCMNodeInfo (SCMNodeInfo.java:getPort(197)) - ConfigKey ozone.scm.client.address is deprecated, For configuring different ports for each SCM use PortConfigKey ozone.scm.client.port appended with serviceId and nodeId
2021-09-22 10:24:34,430 [Listener at 127.0.0.1/12164] INFO  ha.SCMNodeInfo (SCMNodeInfo.java:getPort(197)) - ConfigKey ozone.scm.block.client.address is deprecated, For configuring different ports for each SCM use PortConfigKey ozone.scm.block.client.port appended with serviceId and nodeId
2021-09-22 10:24:34,430 [Listener at 127.0.0.1/12164] INFO  ha.SCMNodeInfo (SCMNodeInfo.java:getPort(197)) - ConfigKey ozone.scm.datanode.address is deprecated, For configuring different ports for each SCM use PortConfigKey ozone.scm.datanode.port appended with serviceId and nodeId
2021-09-22 10:24:34,431 [org.apache.ratis.util.JvmPauseMonitor$$Lambda$499/1893987183@1820910f] INFO  util.JvmPauseMonitor (JvmPauseMonitor.java:run(103)) - JvmPauseMonitor-348557bb-52cf-467b-ac94-ee5fd4af8d60: Started
2021-09-22 10:24:34,442 [IPC Server handler 27 on default port 14470] INFO  ha.SCMRatisServerImpl (SCMRatisServerImpl.java:addSCM(291)) - 6cde2b08-89b9-430e-b77c-97253f43be03: Submitting SetConfiguration request to Ratis server with new SCM peers list: [6f37d426-3152-46b4-8a1e-16c91badf795|rpc:localhost:14478|priority:0, 6cde2b08-89b9-430e-b77c-97253f43be03|rpc:localhost:14468|admin:|client:|dataStream:|priority:0, 348557bb-52cf-467b-ac94-ee5fd4af8d60|rpc:localhost:14488|priority:0]
2021-09-22 10:24:34,442 [IPC Server handler 27 on default port 14470] INFO  server.RaftServer$Division (RaftServerImpl.java:setConfigurationAsync(971)) - 6cde2b08-89b9-430e-b77c-97253f43be03@group-61E82082808E: receive setConfiguration SetConfigurationRequest:client-A3418EC5DDBA->6cde2b08-89b9-430e-b77c-97253f43be03@group-61E82082808E, cid=10, seq=0, RW, null, peers:[6f37d426-3152-46b4-8a1e-16c91badf795|rpc:localhost:14478|priority:0, 6cde2b08-89b9-430e-b77c-97253f43be03|rpc:localhost:14468|admin:|client:|dataStream:|priority:0, 348557bb-52cf-467b-ac94-ee5fd4af8d60|rpc:localhost:14488|priority:0]
2021-09-22 10:24:34,442 [IPC Server handler 27 on default port 14470] INFO  server.RaftServer$Division (LeaderStateImpl.java:startSetConfiguration(345)) - 6cde2b08-89b9-430e-b77c-97253f43be03@group-61E82082808E-LeaderStateImpl: startSetConfiguration SetConfigurationRequest:client-A3418EC5DDBA->6cde2b08-89b9-430e-b77c-97253f43be03@group-61E82082808E, cid=10, seq=0, RW, null, peers:[6f37d426-3152-46b4-8a1e-16c91badf795|rpc:localhost:14478|priority:0, 6cde2b08-89b9-430e-b77c-97253f43be03|rpc:localhost:14468|admin:|client:|dataStream:|priority:0, 348557bb-52cf-467b-ac94-ee5fd4af8d60|rpc:localhost:14488|priority:0]
2021-09-22 10:24:34,442 [IPC Server handler 27 on default port 14470] INFO  server.RaftServerConfigKeys (ConfUtils.java:logGet(44)) - raft.server.log.appender.snapshot.chunk.size.max = 16MB (=16777216) (default)
2021-09-22 10:24:34,442 [IPC Server handler 27 on default port 14470] INFO  server.RaftServerConfigKeys (ConfUtils.java:logGet(44)) - raft.server.log.appender.buffer.byte-limit = 33554432 (custom)
2021-09-22 10:24:34,442 [IPC Server handler 27 on default port 14470] INFO  server.RaftServerConfigKeys (ConfUtils.java:logGet(44)) - raft.server.log.appender.buffer.element-limit = 1024 (custom)
2021-09-22 10:24:34,446 [IPC Server handler 27 on default port 14470] INFO  grpc.GrpcConfigKeys (ConfUtils.java:logGet(44)) - raft.grpc.server.leader.outstanding.appends.max = 128 (default)
2021-09-22 10:24:34,446 [IPC Server handler 27 on default port 14470] INFO  server.RaftServerConfigKeys (ConfUtils.java:logGet(44)) - raft.server.rpc.request.timeout = 30000ms (custom)
2021-09-22 10:24:34,446 [IPC Server handler 27 on default port 14470] INFO  server.RaftServerConfigKeys (ConfUtils.java:logGet(44)) - raft.server.log.appender.install.snapshot.enabled = false (custom)
2021-09-22 10:24:34,454 [6cde2b08-89b9-430e-b77c-97253f43be03@group-61E82082808E->348557bb-52cf-467b-ac94-ee5fd4af8d60-GrpcLogAppender-LogAppenderDaemon] INFO  server.GrpcLogAppender (GrpcLogAppender.java:installSnapshot(524)) - 6cde2b08-89b9-430e-b77c-97253f43be03@group-61E82082808E->348557bb-52cf-467b-ac94-ee5fd4af8d60-GrpcLogAppender: followerNextIndex = 0 but logStartIndex = 1, notify follower to install snapshot-(t:2, i:1)
2021-09-22 10:24:34,454 [6cde2b08-89b9-430e-b77c-97253f43be03@group-61E82082808E->348557bb-52cf-467b-ac94-ee5fd4af8d60-GrpcLogAppender-LogAppenderDaemon] INFO  server.GrpcLogAppender (GrpcLogAppender.java:installSnapshot(532)) - 6cde2b08-89b9-430e-b77c-97253f43be03@group-61E82082808E->348557bb-52cf-467b-ac94-ee5fd4af8d60-GrpcLogAppender: send 6cde2b08-89b9-430e-b77c-97253f43be03->348557bb-52cf-467b-ac94-ee5fd4af8d60#0-t2,notify:(t:2, i:1)
2021-09-22 10:24:34,462 [grpc-default-executor-0] INFO  server.RaftServer$Division (RaftServerImpl.java:installSnapshot(1329)) - 348557bb-52cf-467b-ac94-ee5fd4af8d60@group-61E82082808E: receive installSnapshot: 6cde2b08-89b9-430e-b77c-97253f43be03->348557bb-52cf-467b-ac94-ee5fd4af8d60#0-t2,notify:(t:2, i:1)
2021-09-22 10:24:34,464 [grpc-default-executor-0] INFO  ha.SCMStateMachine (SCMStateMachine.java:notifyLeaderChanged(248)) - leader changed, yet current SCM is still follower.
2021-09-22 10:24:34,464 [grpc-default-executor-0] INFO  server.RaftServer$Division (ServerState.java:setLeader(285)) - 348557bb-52cf-467b-ac94-ee5fd4af8d60@group-61E82082808E: change Leader from null to 6cde2b08-89b9-430e-b77c-97253f43be03 at term 2 for installSnapshot, leader elected after 34124ms
2021-09-22 10:24:34,466 [grpc-default-executor-0] INFO  server.RaftServer$Division (RaftServerImpl.java:notifyStateMachineToInstallSnapshot(1581)) - 348557bb-52cf-467b-ac94-ee5fd4af8d60@group-61E82082808E: notifyInstallSnapshot: nextIndex is 0 but the leader's first available index is 1.
2021-09-22 10:24:34,466 [grpc-default-executor-0] INFO  ha.SCMStateMachine (SCMStateMachine.java:notifyInstallSnapshotFromLeader(212)) - Received install snapshot notification from SCM leader: localhost:14468 with term index: (t:2, i:1)
2021-09-22 10:24:34,472 [pool-229-thread-1] INFO  ha.SCMHAManagerImpl (SCMHAManagerImpl.java:getDBCheckpointFromLeader(206)) - Downloading checkpoint from leader SCM scmNode-1 and reloading state from the checkpoint.
2021-09-22 10:24:34,476 [grpc-default-executor-0] INFO  server.RaftServer$Division (RaftServerImpl.java:installSnapshotImpl(1459)) - 348557bb-52cf-467b-ac94-ee5fd4af8d60@group-61E82082808E: set new configuration index: 5
configurationEntry {
  peers {
    id: "6f37d426-3152-46b4-8a1e-16c91badf795"
    address: "localhost:14478"
  }
  peers {
    id: "6cde2b08-89b9-430e-b77c-97253f43be03"
    address: "localhost:14468"
  }
}
 from snapshot
2021-09-22 10:24:34,476 [grpc-default-executor-0] INFO  server.RaftServer$Division (ServerState.java:setRaftConf(387)) - 348557bb-52cf-467b-ac94-ee5fd4af8d60@group-61E82082808E: set configuration 5: [6f37d426-3152-46b4-8a1e-16c91badf795|rpc:localhost:14478|admin:|client:|dataStream:|priority:0, 6cde2b08-89b9-430e-b77c-97253f43be03|rpc:localhost:14468|admin:|client:|dataStream:|priority:0], old=null
2021-09-22 10:24:34,476 [grpc-default-executor-0] INFO  server.RaftServer$Division (RaftServerImpl.java:installSnapshot(1340)) - 348557bb-52cf-467b-ac94-ee5fd4af8d60@group-61E82082808E: reply installSnapshot: 6cde2b08-89b9-430e-b77c-97253f43be03<-348557bb-52cf-467b-ac94-ee5fd4af8d60#0:FAIL-t0,IN_PROGRESS
2021-09-22 10:24:34,477 [grpc-default-executor-0] INFO  server.GrpcServerProtocolService (GrpcServerProtocolService.java:onCompleted(140)) - 348557bb-52cf-467b-ac94-ee5fd4af8d60: Completed INSTALL_SNAPSHOT, lastRequest: 6cde2b08-89b9-430e-b77c-97253f43be03->348557bb-52cf-467b-ac94-ee5fd4af8d60#0-t2,notify:(t:2, i:1)
2021-09-22 10:24:34,482 [grpc-default-executor-0] INFO  ha.SCMDBCheckpointProvider (SCMDBCheckpointProvider.java:writeDBCheckPointToSream(48)) - Received request to obtain SCM DB checkpoint snapshot
2021-09-22 10:24:34,502 [grpc-default-executor-2] INFO  server.GrpcLogAppender (GrpcLogAppender.java:onNext(400)) - 6cde2b08-89b9-430e-b77c-97253f43be03@group-61E82082808E->348557bb-52cf-467b-ac94-ee5fd4af8d60-InstallSnapshotResponseHandler: received the first reply 6cde2b08-89b9-430e-b77c-97253f43be03<-348557bb-52cf-467b-ac94-ee5fd4af8d60#0:FAIL-t0,IN_PROGRESS
2021-09-22 10:24:34,502 [grpc-default-executor-2] INFO  server.GrpcLogAppender (GrpcLogAppender.java:onNext(417)) - 6cde2b08-89b9-430e-b77c-97253f43be03@group-61E82082808E->348557bb-52cf-467b-ac94-ee5fd4af8d60-InstallSnapshotResponseHandler: InstallSnapshot in progress.
2021-09-22 10:24:34,502 [grpc-default-executor-0] INFO  db.RDBCheckpointManager (RDBCheckpointManager.java:createCheckpoint(86)) - Created checkpoint at /home/runner/work/ozone/ozone/hadoop-ozone/integration-test/target/test-dir/MiniOzoneClusterImpl-37bb77ab-1cd7-4f0f-8c8b-61e82082808e/scmNode-1/db.checkpoints/scm.db_checkpoint_1632306274482 in 20 milliseconds
2021-09-22 10:24:34,508 [grpc-default-executor-0] INFO  ha.SCMGrpcOutputStream (SCMGrpcOutputStream.java:close(111)) - Sent 6108 bytes for cluster 37bb77ab-1cd7-4f0f-8c8b-61e82082808e
2021-09-22 10:24:34,508 [grpc-default-executor-0] INFO  ha.SCMDBCheckpointProvider (SCMDBCheckpointProvider.java:writeDBCheckPointToSream(73)) - Time taken to write the checkpoint to response output stream: 6 milliseconds
2021-09-22 10:24:34,508 [grpc-default-executor-0] INFO  db.RocksDBCheckpoint (RocksDBCheckpoint.java:cleanupCheckpoint(78)) - Cleaning up RocksDB checkpoint at /home/runner/work/ozone/ozone/hadoop-ozone/integration-test/target/test-dir/MiniOzoneClusterImpl-37bb77ab-1cd7-4f0f-8c8b-61e82082808e/scmNode-1/db.checkpoints/scm.db_checkpoint_1632306274482
2021-09-22 10:24:34,514 [6cde2b08-89b9-430e-b77c-97253f43be03@group-61E82082808E->348557bb-52cf-467b-ac94-ee5fd4af8d60-GrpcLogAppender-LogAppenderDaemon] INFO  server.GrpcLogAppender (GrpcLogAppender.java:installSnapshot(524)) - 6cde2b08-89b9-430e-b77c-97253f43be03@group-61E82082808E->348557bb-52cf-467b-ac94-ee5fd4af8d60-GrpcLogAppender: followerNextIndex = 0 but logStartIndex = 1, notify follower to install snapshot-(t:2, i:1)
2021-09-22 10:24:34,514 [6cde2b08-89b9-430e-b77c-97253f43be03@group-61E82082808E->348557bb-52cf-467b-ac94-ee5fd4af8d60-GrpcLogAppender-LogAppenderDaemon] INFO  server.GrpcLogAppender (GrpcLogAppender.java:installSnapshot(532)) - 6cde2b08-89b9-430e-b77c-97253f43be03@group-61E82082808E->348557bb-52cf-467b-ac94-ee5fd4af8d60-GrpcLogAppender: send 6cde2b08-89b9-430e-b77c-97253f43be03->348557bb-52cf-467b-ac94-ee5fd4af8d60#0-t2,notify:(t:2, i:1)
2021-09-22 10:24:34,526 [grpc-default-executor-0] INFO  ha.InterSCMGrpcClient (InterSCMGrpcClient.java:onCompleted(173)) - Checkpoint is downloaded to /home/runner/work/ozone/ozone/hadoop-ozone/integration-test/target/test-dir/MiniOzoneClusterImpl-37bb77ab-1cd7-4f0f-8c8b-61e82082808e/scmNode-3/snapshot/scm.db-scmNode-1-1632306274472.tar.gz
2021-09-22 10:24:34,526 [grpc-default-executor-2] INFO  impl.RoleInfo (RoleInfo.java:updateAndGet(130)) - 348557bb-52cf-467b-ac94-ee5fd4af8d60: start 348557bb-52cf-467b-ac94-ee5fd4af8d60@group-61E82082808E-FollowerState
2021-09-22 10:24:34,531 [grpc-default-executor-2] INFO  server.RaftServer$Division (RaftServerImpl.java:checkInconsistentAppendEntries(1293)) - 348557bb-52cf-467b-ac94-ee5fd4af8d60@group-61E82082808E: Failed appendEntries as snapshot ((t:2, i:1)) installation is in progress
2021-09-22 10:24:34,531 [grpc-default-executor-2] INFO  server.RaftServer$Division (RaftServerImpl.java:checkInconsistentAppendEntries(1285)) - 348557bb-52cf-467b-ac94-ee5fd4af8d60@group-61E82082808E: inconsistency entries. Reply:6cde2b08-89b9-430e-b77c-97253f43be03<-348557bb-52cf-467b-ac94-ee5fd4af8d60#0:FAIL-t2,INCONSISTENCY,nextIndex=0,followerCommit=-1
2021-09-22 10:24:34,532 [grpc-default-executor-2] INFO  leader.FollowerInfo (FollowerInfoImpl.java:lambda$new$0(46)) - 6cde2b08-89b9-430e-b77c-97253f43be03@group-61E82082808E->348557bb-52cf-467b-ac94-ee5fd4af8d60: nextIndex: updateUnconditionally 0 -> 0
2021-09-22 10:24:34,553 [grpc-default-executor-3] INFO  server.RaftServer$Division (RaftServerImpl.java:installSnapshot(1329)) - 348557bb-52cf-467b-ac94-ee5fd4af8d60@group-61E82082808E: receive installSnapshot: 6cde2b08-89b9-430e-b77c-97253f43be03->348557bb-52cf-467b-ac94-ee5fd4af8d60#0-t2,notify:(t:2, i:1)
2021-09-22 10:24:34,553 [grpc-default-executor-3] INFO  server.RaftServer$Division (RaftServerImpl.java:notifyStateMachineToInstallSnapshot(1611)) - 348557bb-52cf-467b-ac94-ee5fd4af8d60@group-61E82082808E: Snapshot Installation by StateMachine is in progress.
2021-09-22 10:24:34,554 [grpc-default-executor-3] INFO  server.RaftServer$Division (RaftServerImpl.java:installSnapshotImpl(1459)) - 348557bb-52cf-467b-ac94-ee5fd4af8d60@group-61E82082808E: set new configuration index: 5
configurationEntry {
  peers {
    id: "6f37d426-3152-46b4-8a1e-16c91badf795"
    address: "localhost:14478"
  }
  peers {
    id: "6cde2b08-89b9-430e-b77c-97253f43be03"
    address: "localhost:14468"
  }
}
 from snapshot
2021-09-22 10:24:34,556 [grpc-default-executor-3] INFO  server.RaftServer$Division (ServerState.java:setRaftConf(387)) - 348557bb-52cf-467b-ac94-ee5fd4af8d60@group-61E82082808E: set configuration 5: [6f37d426-3152-46b4-8a1e-16c91badf795|rpc:localhost:14478|admin:|client:|dataStream:|priority:0, 6cde2b08-89b9-430e-b77c-97253f43be03|rpc:localhost:14468|admin:|client:|dataStream:|priority:0], old=null
2021-09-22 10:24:34,556 [grpc-default-executor-3] INFO  server.RaftServer$Division (RaftServerImpl.java:installSnapshot(1340)) - 348557bb-52cf-467b-ac94-ee5fd4af8d60@group-61E82082808E: reply installSnapshot: 6cde2b08-89b9-430e-b77c-97253f43be03<-348557bb-52cf-467b-ac94-ee5fd4af8d60#0:FAIL-t2,IN_PROGRESS
2021-09-22 10:24:34,556 [grpc-default-executor-3] INFO  server.GrpcServerProtocolService (GrpcServerProtocolService.java:onCompleted(140)) - 348557bb-52cf-467b-ac94-ee5fd4af8d60: Completed INSTALL_SNAPSHOT, lastRequest: 6cde2b08-89b9-430e-b77c-97253f43be03->348557bb-52cf-467b-ac94-ee5fd4af8d60#0-t2,notify:(t:2, i:1)
2021-09-22 10:24:34,557 [grpc-default-executor-3] INFO  server.GrpcLogAppender (GrpcLogAppender.java:onNext(400)) - 6cde2b08-89b9-430e-b77c-97253f43be03@group-61E82082808E->348557bb-52cf-467b-ac94-ee5fd4af8d60-InstallSnapshotResponseHandler: received a reply 6cde2b08-89b9-430e-b77c-97253f43be03<-348557bb-52cf-467b-ac94-ee5fd4af8d60#0:FAIL-t2,IN_PROGRESS
2021-09-22 10:24:34,557 [grpc-default-executor-3] INFO  server.GrpcLogAppender (GrpcLogAppender.java:onNext(417)) - 6cde2b08-89b9-430e-b77c-97253f43be03@group-61E82082808E->348557bb-52cf-467b-ac94-ee5fd4af8d60-InstallSnapshotResponseHandler: InstallSnapshot in progress.
2021-09-22 10:24:34,566 [6cde2b08-89b9-430e-b77c-97253f43be03@group-61E82082808E->348557bb-52cf-467b-ac94-ee5fd4af8d60-GrpcLogAppender-LogAppenderDaemon] INFO  server.GrpcLogAppender (GrpcLogAppender.java:installSnapshot(524)) - 6cde2b08-89b9-430e-b77c-97253f43be03@group-61E82082808E->348557bb-52cf-467b-ac94-ee5fd4af8d60-GrpcLogAppender: followerNextIndex = 0 but logStartIndex = 1, notify follower to install snapshot-(t:2, i:1)
2021-09-22 10:24:34,567 [6cde2b08-89b9-430e-b77c-97253f43be03@group-61E82082808E->348557bb-52cf-467b-ac94-ee5fd4af8d60-GrpcLogAppender-LogAppenderDaemon] INFO  server.GrpcLogAppender (GrpcLogAppender.java:installSnapshot(532)) - 6cde2b08-89b9-430e-b77c-97253f43be03@group-61E82082808E->348557bb-52cf-467b-ac94-ee5fd4af8d60-GrpcLogAppender: send 6cde2b08-89b9-430e-b77c-97253f43be03->348557bb-52cf-467b-ac94-ee5fd4af8d60#0-t2,notify:(t:2, i:1)
2021-09-22 10:24:34,570 [grpc-default-executor-3] INFO  server.RaftServer$Division (RaftServerImpl.java:checkInconsistentAppendEntries(1293)) - 348557bb-52cf-467b-ac94-ee5fd4af8d60@group-61E82082808E: Failed appendEntries as snapshot ((t:2, i:1)) installation is in progress
2021-09-22 10:24:34,570 [grpc-default-executor-3] INFO  server.RaftServer$Division (RaftServerImpl.java:checkInconsistentAppendEntries(1285)) - 348557bb-52cf-467b-ac94-ee5fd4af8d60@group-61E82082808E: inconsistency entries. Reply:6cde2b08-89b9-430e-b77c-97253f43be03<-348557bb-52cf-467b-ac94-ee5fd4af8d60#1:FAIL-t2,INCONSISTENCY,nextIndex=0,followerCommit=-1
2021-09-22 10:24:34,571 [grpc-default-executor-2] INFO  server.RaftServer$Division (RaftServerImpl.java:installSnapshot(1329)) - 348557bb-52cf-467b-ac94-ee5fd4af8d60@group-61E82082808E: receive installSnapshot: 6cde2b08-89b9-430e-b77c-97253f43be03->348557bb-52cf-467b-ac94-ee5fd4af8d60#0-t2,notify:(t:2, i:1)
2021-09-22 10:24:34,571 [grpc-default-executor-2] INFO  server.RaftServer$Division (RaftServerImpl.java:notifyStateMachineToInstallSnapshot(1611)) - 348557bb-52cf-467b-ac94-ee5fd4af8d60@group-61E82082808E: Snapshot Installation by StateMachine is in progress.
2021-09-22 10:24:34,571 [grpc-default-executor-2] INFO  server.RaftServer$Division (RaftServerImpl.java:installSnapshotImpl(1459)) - 348557bb-52cf-467b-ac94-ee5fd4af8d60@group-61E82082808E: set new configuration index: 5
configurationEntry {
  peers {
    id: "6f37d426-3152-46b4-8a1e-16c91badf795"
    address: "localhost:14478"
  }
  peers {
    id: "6cde2b08-89b9-430e-b77c-97253f43be03"
    address: "localhost:14468"
  }
}
 from snapshot
2021-09-22 10:24:34,571 [grpc-default-executor-2] INFO  server.RaftServer$Division (ServerState.java:setRaftConf(387)) - 348557bb-52cf-467b-ac94-ee5fd4af8d60@group-61E82082808E: set configuration 5: [6f37d426-3152-46b4-8a1e-16c91badf795|rpc:localhost:14478|admin:|client:|dataStream:|priority:0, 6cde2b08-89b9-430e-b77c-97253f43be03|rpc:localhost:14468|admin:|client:|dataStream:|priority:0], old=null
2021-09-22 10:24:34,571 [grpc-default-executor-2] INFO  server.RaftServer$Division (RaftServerImpl.java:installSnapshot(1340)) - 348557bb-52cf-467b-ac94-ee5fd4af8d60@group-61E82082808E: reply installSnapshot: 6cde2b08-89b9-430e-b77c-97253f43be03<-348557bb-52cf-467b-ac94-ee5fd4af8d60#0:FAIL-t2,IN_PROGRESS
2021-09-22 10:24:34,571 [grpc-default-executor-2] INFO  server.GrpcServerProtocolService (GrpcServerProtocolService.java:onCompleted(140)) - 348557bb-52cf-467b-ac94-ee5fd4af8d60: Completed INSTALL_SNAPSHOT, lastRequest: 6cde2b08-89b9-430e-b77c-97253f43be03->348557bb-52cf-467b-ac94-ee5fd4af8d60#0-t2,notify:(t:2, i:1)
2021-09-22 10:24:34,572 [grpc-default-executor-2] INFO  server.GrpcLogAppender (GrpcLogAppender.java:onNext(400)) - 6cde2b08-89b9-430e-b77c-97253f43be03@group-61E82082808E->348557bb-52cf-467b-ac94-ee5fd4af8d60-InstallSnapshotResponseHandler: received a reply 6cde2b08-89b9-430e-b77c-97253f43be03<-348557bb-52cf-467b-ac94-ee5fd4af8d60#0:FAIL-t2,IN_PROGRESS
2021-09-22 10:24:34,572 [grpc-default-executor-2] INFO  server.GrpcLogAppender (GrpcLogAppender.java:onNext(417)) - 6cde2b08-89b9-430e-b77c-97253f43be03@group-61E82082808E->348557bb-52cf-467b-ac94-ee5fd4af8d60-InstallSnapshotResponseHandler: InstallSnapshot in progress.
2021-09-22 10:24:34,574 [6cde2b08-89b9-430e-b77c-97253f43be03@group-61E82082808E->348557bb-52cf-467b-ac94-ee5fd4af8d60-GrpcLogAppender-LogAppenderDaemon] INFO  server.GrpcLogAppender (GrpcLogAppender.java:installSnapshot(524)) - 6cde2b08-89b9-430e-b77c-97253f43be03@group-61E82082808E->348557bb-52cf-467b-ac94-ee5fd4af8d60-GrpcLogAppender: followerNextIndex = 0 but logStartIndex = 1, notify follower to install snapshot-(t:2, i:1)
2021-09-22 10:24:34,574 [6cde2b08-89b9-430e-b77c-97253f43be03@group-61E82082808E->348557bb-52cf-467b-ac94-ee5fd4af8d60-GrpcLogAppender-LogAppenderDaemon] INFO  server.GrpcLogAppender (GrpcLogAppender.java:installSnapshot(532)) - 6cde2b08-89b9-430e-b77c-97253f43be03@group-61E82082808E->348557bb-52cf-467b-ac94-ee5fd4af8d60-GrpcLogAppender: send 6cde2b08-89b9-430e-b77c-97253f43be03->348557bb-52cf-467b-ac94-ee5fd4af8d60#0-t2,notify:(t:2, i:1)
2021-09-22 10:24:34,574 [grpc-default-executor-2] INFO  leader.FollowerInfo (FollowerInfoImpl.java:lambda$new$0(46)) - 6cde2b08-89b9-430e-b77c-97253f43be03@group-61E82082808E->348557bb-52cf-467b-ac94-ee5fd4af8d60: nextIndex: updateUnconditionally 0 -> 0
2021-09-22 10:24:34,574 [grpc-default-executor-3] INFO  server.RaftServer$Division (RaftServerImpl.java:checkInconsistentAppendEntries(1293)) - 348557bb-52cf-467b-ac94-ee5fd4af8d60@group-61E82082808E: Failed appendEntries as snapshot ((t:2, i:1)) installation is in progress
2021-09-22 10:24:34,574 [grpc-default-executor-3] INFO  server.RaftServer$Division (RaftServerImpl.java:checkInconsistentAppendEntries(1285)) - 348557bb-52cf-467b-ac94-ee5fd4af8d60@group-61E82082808E: inconsistency entries. Reply:6cde2b08-89b9-430e-b77c-97253f43be03<-348557bb-52cf-467b-ac94-ee5fd4af8d60#2:FAIL-t2,INCONSISTENCY,nextIndex=0,followerCommit=-1
2021-09-22 10:24:34,575 [grpc-default-executor-2] INFO  leader.FollowerInfo (FollowerInfoImpl.java:lambda$new$0(46)) - 6cde2b08-89b9-430e-b77c-97253f43be03@group-61E82082808E->348557bb-52cf-467b-ac94-ee5fd4af8d60: nextIndex: updateUnconditionally 0 -> 0
2021-09-22 10:24:34,578 [grpc-default-executor-3] INFO  server.RaftServer$Division (RaftServerImpl.java:installSnapshot(1329)) - 348557bb-52cf-467b-ac94-ee5fd4af8d60@group-61E82082808E: receive installSnapshot: 6cde2b08-89b9-430e-b77c-97253f43be03->348557bb-52cf-467b-ac94-ee5fd4af8d60#0-t2,notify:(t:2, i:1)
2021-09-22 10:24:34,578 [grpc-default-executor-3] INFO  server.RaftServer$Division (RaftServerImpl.java:notifyStateMachineToInstallSnapshot(1611)) - 348557bb-52cf-467b-ac94-ee5fd4af8d60@group-61E82082808E: Snapshot Installation by StateMachine is in progress.
2021-09-22 10:24:34,578 [Datanode State Machine Thread - 0] ERROR datanode.RunningDatanodeState (RunningDatanodeState.java:computeNextContainerState(199)) - Error in executing end point task.
java.util.concurrent.ExecutionException: java.util.concurrent.TimeoutException
	at java.util.concurrent.FutureTask.report(FutureTask.java:122)
	at java.util.concurrent.FutureTask.get(FutureTask.java:192)
	at org.apache.hadoop.ozone.container.common.states.datanode.RunningDatanodeState.computeNextContainerState(RunningDatanodeState.java:191)
	at org.apache.hadoop.ozone.container.common.states.datanode.RunningDatanodeState.await(RunningDatanodeState.java:231)
	at org.apache.hadoop.ozone.container.common.states.datanode.RunningDatanodeState.await(RunningDatanodeState.java:50)
	at org.apache.hadoop.ozone.container.common.statemachine.StateContext.execute(StateContext.java:629)
	at org.apache.hadoop.ozone.container.common.statemachine.DatanodeStateMachine.start(DatanodeStateMachine.java:270)
	at org.apache.hadoop.ozone.container.common.statemachine.DatanodeStateMachine.lambda$startDaemon$0(DatanodeStateMachine.java:457)
	at java.lang.Thread.run(Thread.java:748)
Caused by: java.util.concurrent.TimeoutException
	at java.util.concurrent.FutureTask.get(FutureTask.java:205)
	at org.apache.hadoop.ozone.container.common.states.datanode.RunningDatanodeState.lambda$execute$0(RunningDatanodeState.java:149)
	at java.util.concurrent.FutureTask.run(FutureTask.java:266)
	at java.util.concurrent.Executors$RunnableAdapter.call(Executors.java:511)
	at java.util.concurrent.FutureTask.run(FutureTask.java:266)
	at java.util.concurrent.ThreadPoolExecutor.runWorker(ThreadPoolExecutor.java:1149)
	at java.util.concurrent.ThreadPoolExecutor$Worker.run(ThreadPoolExecutor.java:624)
	... 1 more
2021-09-22 10:24:34,578 [grpc-default-executor-3] INFO  server.RaftServer$Division (RaftServerImpl.java:installSnapshotImpl(1459)) - 348557bb-52cf-467b-ac94-ee5fd4af8d60@group-61E82082808E: set new configuration index: 5
configurationEntry {
  peers {
    id: "6f37d426-3152-46b4-8a1e-16c91badf795"
    address: "localhost:14478"
  }
  peers {
    id: "6cde2b08-89b9-430e-b77c-97253f43be03"
    address: "localhost:14468"
  }
}
 from snapshot
2021-09-22 10:24:34,584 [grpc-default-executor-3] INFO  server.RaftServer$Division (ServerState.java:setRaftConf(387)) - 348557bb-52cf-467b-ac94-ee5fd4af8d60@group-61E82082808E: set configuration 5: [6f37d426-3152-46b4-8a1e-16c91badf795|rpc:localhost:14478|admin:|client:|dataStream:|priority:0, 6cde2b08-89b9-430e-b77c-97253f43be03|rpc:localhost:14468|admin:|client:|dataStream:|priority:0], old=null
2021-09-22 10:24:34,584 [pool-229-thread-1] INFO  ha.SCMSnapshotProvider (SCMSnapshotProvider.java:getSCMDBSnapshot(131)) - Successfully downloaded latest checkpoint from leader SCM: scmNode-1 path /home/runner/work/ozone/ozone/hadoop-ozone/integration-test/target/test-dir/MiniOzoneClusterImpl-37bb77ab-1cd7-4f0f-8c8b-61e82082808e/scmNode-3/snapshot/scm.db-scmNode-1-1632306274472
2021-09-22 10:24:34,584 [pool-229-thread-1] INFO  ha.SCMHAManagerImpl (SCMHAManagerImpl.java:downloadCheckpointFromLeader(158)) - Downloaded checkpoint from Leader scmNode-1 to the location /home/runner/work/ozone/ozone/hadoop-ozone/integration-test/target/test-dir/MiniOzoneClusterImpl-37bb77ab-1cd7-4f0f-8c8b-61e82082808e/scmNode-3/snapshot/scm.db-scmNode-1-1632306274472
2021-09-22 10:24:34,584 [grpc-default-executor-3] INFO  server.RaftServer$Division (RaftServerImpl.java:installSnapshot(1340)) - 348557bb-52cf-467b-ac94-ee5fd4af8d60@group-61E82082808E: reply installSnapshot: 6cde2b08-89b9-430e-b77c-97253f43be03<-348557bb-52cf-467b-ac94-ee5fd4af8d60#0:FAIL-t2,IN_PROGRESS
2021-09-22 10:24:34,590 [grpc-default-executor-3] INFO  server.GrpcServerProtocolService (GrpcServerProtocolService.java:onCompleted(140)) - 348557bb-52cf-467b-ac94-ee5fd4af8d60: Completed INSTALL_SNAPSHOT, lastRequest: 6cde2b08-89b9-430e-b77c-97253f43be03->348557bb-52cf-467b-ac94-ee5fd4af8d60#0-t2,notify:(t:2, i:1)
2021-09-22 10:24:34,590 [523ca5f6-ff53-4fd3-97b8-2ae94a10fc0e@group-FEC5D6B24579-FollowerState] INFO  impl.FollowerState (FollowerState.java:run(134)) - 523ca5f6-ff53-4fd3-97b8-2ae94a10fc0e@group-FEC5D6B24579-FollowerState: change to CANDIDATE, lastRpcElapsedTime:5035249409ns, electionTimeout:5010ms
2021-09-22 10:24:34,590 [523ca5f6-ff53-4fd3-97b8-2ae94a10fc0e@group-FEC5D6B24579-FollowerState] INFO  impl.RoleInfo (RoleInfo.java:shutdownFollowerState(108)) - 523ca5f6-ff53-4fd3-97b8-2ae94a10fc0e: shutdown 523ca5f6-ff53-4fd3-97b8-2ae94a10fc0e@group-FEC5D6B24579-FollowerState
2021-09-22 10:24:34,590 [523ca5f6-ff53-4fd3-97b8-2ae94a10fc0e@group-FEC5D6B24579-FollowerState] INFO  server.RaftServer$Division (RaftServerImpl.java:setRole(285)) - 523ca5f6-ff53-4fd3-97b8-2ae94a10fc0e@group-FEC5D6B24579: changes role from  FOLLOWER to CANDIDATE at term 4 for changeToCandidate
2021-09-22 10:24:34,590 [523ca5f6-ff53-4fd3-97b8-2ae94a10fc0e@group-FEC5D6B24579-FollowerState] INFO  server.RaftServerConfigKeys (ConfUtils.java:logGet(44)) - raft.server.leaderelection.pre-vote = false (custom)
2021-09-22 10:24:34,590 [523ca5f6-ff53-4fd3-97b8-2ae94a10fc0e@group-FEC5D6B24579-FollowerState] INFO  impl.RoleInfo (RoleInfo.java:updateAndGet(130)) - 523ca5f6-ff53-4fd3-97b8-2ae94a10fc0e: start 523ca5f6-ff53-4fd3-97b8-2ae94a10fc0e@group-FEC5D6B24579-LeaderElection31
2021-09-22 10:24:34,590 [grpc-default-executor-3] INFO  server.GrpcLogAppender (GrpcLogAppender.java:onNext(400)) - 6cde2b08-89b9-430e-b77c-97253f43be03@group-61E82082808E->348557bb-52cf-467b-ac94-ee5fd4af8d60-InstallSnapshotResponseHandler: received a reply 6cde2b08-89b9-430e-b77c-97253f43be03<-348557bb-52cf-467b-ac94-ee5fd4af8d60#0:FAIL-t2,IN_PROGRESS
2021-09-22 10:24:34,590 [grpc-default-executor-3] INFO  server.GrpcLogAppender (GrpcLogAppender.java:onNext(417)) - 6cde2b08-89b9-430e-b77c-97253f43be03@group-61E82082808E->348557bb-52cf-467b-ac94-ee5fd4af8d60-InstallSnapshotResponseHandler: InstallSnapshot in progress.
2021-09-22 10:24:34,606 [6cde2b08-89b9-430e-b77c-97253f43be03@group-61E82082808E->348557bb-52cf-467b-ac94-ee5fd4af8d60-GrpcLogAppender-LogAppenderDaemon] INFO  server.GrpcLogAppender (GrpcLogAppender.java:installSnapshot(524)) - 6cde2b08-89b9-430e-b77c-97253f43be03@group-61E82082808E->348557bb-52cf-467b-ac94-ee5fd4af8d60-GrpcLogAppender: followerNextIndex = 0 but logStartIndex = 1, notify follower to install snapshot-(t:2, i:1)
2021-09-22 10:24:34,606 [6cde2b08-89b9-430e-b77c-97253f43be03@group-61E82082808E->348557bb-52cf-467b-ac94-ee5fd4af8d60-GrpcLogAppender-LogAppenderDaemon] INFO  server.GrpcLogAppender (GrpcLogAppender.java:installSnapshot(532)) - 6cde2b08-89b9-430e-b77c-97253f43be03@group-61E82082808E->348557bb-52cf-467b-ac94-ee5fd4af8d60-GrpcLogAppender: send 6cde2b08-89b9-430e-b77c-97253f43be03->348557bb-52cf-467b-ac94-ee5fd4af8d60#0-t2,notify:(t:2, i:1)
2021-09-22 10:24:34,609 [grpc-default-executor-3] INFO  server.RaftServer$Division (RaftServerImpl.java:checkInconsistentAppendEntries(1293)) - 348557bb-52cf-467b-ac94-ee5fd4af8d60@group-61E82082808E: Failed appendEntries as snapshot ((t:2, i:1)) installation is in progress
2021-09-22 10:24:34,609 [grpc-default-executor-3] INFO  server.RaftServer$Division (RaftServerImpl.java:checkInconsistentAppendEntries(1285)) - 348557bb-52cf-467b-ac94-ee5fd4af8d60@group-61E82082808E: inconsistency entries. Reply:6cde2b08-89b9-430e-b77c-97253f43be03<-348557bb-52cf-467b-ac94-ee5fd4af8d60#3:FAIL-t2,INCONSISTENCY,nextIndex=0,followerCommit=-1
2021-09-22 10:24:34,610 [grpc-default-executor-2] INFO  server.RaftServer$Division (RaftServerImpl.java:installSnapshot(1329)) - 348557bb-52cf-467b-ac94-ee5fd4af8d60@group-61E82082808E: receive installSnapshot: 6cde2b08-89b9-430e-b77c-97253f43be03->348557bb-52cf-467b-ac94-ee5fd4af8d60#0-t2,notify:(t:2, i:1)
2021-09-22 10:24:34,610 [grpc-default-executor-2] INFO  server.RaftServer$Division (RaftServerImpl.java:notifyStateMachineToInstallSnapshot(1611)) - 348557bb-52cf-467b-ac94-ee5fd4af8d60@group-61E82082808E: Snapshot Installation by StateMachine is in progress.
2021-09-22 10:24:34,610 [grpc-default-executor-2] INFO  server.RaftServer$Division (RaftServerImpl.java:installSnapshotImpl(1459)) - 348557bb-52cf-467b-ac94-ee5fd4af8d60@group-61E82082808E: set new configuration index: 5
configurationEntry {
  peers {
    id: "6f37d426-3152-46b4-8a1e-16c91badf795"
    address: "localhost:14478"
  }
  peers {
    id: "6cde2b08-89b9-430e-b77c-97253f43be03"
    address: "localhost:14468"
  }
}
 from snapshot
2021-09-22 10:24:34,610 [grpc-default-executor-2] INFO  server.RaftServer$Division (ServerState.java:setRaftConf(387)) - 348557bb-52cf-467b-ac94-ee5fd4af8d60@group-61E82082808E: set configuration 5: [6f37d426-3152-46b4-8a1e-16c91badf795|rpc:localhost:14478|admin:|client:|dataStream:|priority:0, 6cde2b08-89b9-430e-b77c-97253f43be03|rpc:localhost:14468|admin:|client:|dataStream:|priority:0], old=null
2021-09-22 10:24:34,611 [grpc-default-executor-3] INFO  leader.FollowerInfo (FollowerInfoImpl.java:lambda$new$0(46)) - 6cde2b08-89b9-430e-b77c-97253f43be03@group-61E82082808E->348557bb-52cf-467b-ac94-ee5fd4af8d60: nextIndex: updateUnconditionally 0 -> 0
2021-09-22 10:24:34,620 [grpc-default-executor-2] INFO  server.RaftServer$Division (RaftServerImpl.java:installSnapshot(1340)) - 348557bb-52cf-467b-ac94-ee5fd4af8d60@group-61E82082808E: reply installSnapshot: 6cde2b08-89b9-430e-b77c-97253f43be03<-348557bb-52cf-467b-ac94-ee5fd4af8d60#0:FAIL-t2,IN_PROGRESS
2021-09-22 10:24:34,621 [523ca5f6-ff53-4fd3-97b8-2ae94a10fc0e@group-FEC5D6B24579-LeaderElection31] INFO  impl.LeaderElection (LeaderElection.java:askForVotes(306)) - 523ca5f6-ff53-4fd3-97b8-2ae94a10fc0e@group-FEC5D6B24579-LeaderElection31 ELECTION round 0: submit vote requests at term 5 for -1: [523ca5f6-ff53-4fd3-97b8-2ae94a10fc0e|rpc:127.0.0.1:41341|dataStream:|priority:0, d7bf25b9-218d-4f93-a950-cbf604fb8be9|rpc:127.0.0.1:43373|dataStream:|priority:1, f12b8819-3292-4aaa-8592-45fcb8486f00|rpc:127.0.0.1:37357|dataStream:|priority:0], old=null
2021-09-22 10:24:34,621 [grpc-default-executor-2] INFO  server.GrpcServerProtocolService (GrpcServerProtocolService.java:onCompleted(140)) - 348557bb-52cf-467b-ac94-ee5fd4af8d60: Completed INSTALL_SNAPSHOT, lastRequest: 6cde2b08-89b9-430e-b77c-97253f43be03->348557bb-52cf-467b-ac94-ee5fd4af8d60#0-t2,notify:(t:2, i:1)
2021-09-22 10:24:34,622 [grpc-default-executor-3] INFO  server.GrpcLogAppender (GrpcLogAppender.java:onNext(400)) - 6cde2b08-89b9-430e-b77c-97253f43be03@group-61E82082808E->348557bb-52cf-467b-ac94-ee5fd4af8d60-InstallSnapshotResponseHandler: received a reply 6cde2b08-89b9-430e-b77c-97253f43be03<-348557bb-52cf-467b-ac94-ee5fd4af8d60#0:FAIL-t2,IN_PROGRESS
2021-09-22 10:24:34,622 [grpc-default-executor-3] INFO  server.GrpcLogAppender (GrpcLogAppender.java:onNext(417)) - 6cde2b08-89b9-430e-b77c-97253f43be03@group-61E82082808E->348557bb-52cf-467b-ac94-ee5fd4af8d60-InstallSnapshotResponseHandler: InstallSnapshot in progress.
2021-09-22 10:24:34,627 [grpc-default-executor-2] INFO  server.RaftServer$Division (RaftServerImpl.java:requestVote(1043)) - d7bf25b9-218d-4f93-a950-cbf604fb8be9@group-FEC5D6B24579: receive requestVote(ELECTION, 523ca5f6-ff53-4fd3-97b8-2ae94a10fc0e, group-FEC5D6B24579, 5, (t:0, i:0))
2021-09-22 10:24:34,627 [grpc-default-executor-2] INFO  impl.VoteContext (VoteContext.java:log(48)) - d7bf25b9-218d-4f93-a950-cbf604fb8be9@group-FEC5D6B24579-FOLLOWER: reject ELECTION from 523ca5f6-ff53-4fd3-97b8-2ae94a10fc0e: our priority 1 > candidate's priority 0
2021-09-22 10:24:34,627 [grpc-default-executor-2] INFO  server.RaftServer$Division (RaftServerImpl.java:setRole(285)) - d7bf25b9-218d-4f93-a950-cbf604fb8be9@group-FEC5D6B24579: changes role from  FOLLOWER to FOLLOWER at term 5 for candidate:523ca5f6-ff53-4fd3-97b8-2ae94a10fc0e
2021-09-22 10:24:34,627 [grpc-default-executor-2] INFO  impl.RoleInfo (RoleInfo.java:shutdownFollowerState(108)) - d7bf25b9-218d-4f93-a950-cbf604fb8be9: shutdown d7bf25b9-218d-4f93-a950-cbf604fb8be9@group-FEC5D6B24579-FollowerState
2021-09-22 10:24:34,638 [6cde2b08-89b9-430e-b77c-97253f43be03@group-61E82082808E->348557bb-52cf-467b-ac94-ee5fd4af8d60-GrpcLogAppender-LogAppenderDaemon] INFO  server.GrpcLogAppender (GrpcLogAppender.java:installSnapshot(524)) - 6cde2b08-89b9-430e-b77c-97253f43be03@group-61E82082808E->348557bb-52cf-467b-ac94-ee5fd4af8d60-GrpcLogAppender: followerNextIndex = 0 but logStartIndex = 1, notify follower to install snapshot-(t:2, i:1)
2021-09-22 10:24:34,638 [6cde2b08-89b9-430e-b77c-97253f43be03@group-61E82082808E->348557bb-52cf-467b-ac94-ee5fd4af8d60-GrpcLogAppender-LogAppenderDaemon] INFO  server.GrpcLogAppender (GrpcLogAppender.java:installSnapshot(532)) - 6cde2b08-89b9-430e-b77c-97253f43be03@group-61E82082808E->348557bb-52cf-467b-ac94-ee5fd4af8d60-GrpcLogAppender: send 6cde2b08-89b9-430e-b77c-97253f43be03->348557bb-52cf-467b-ac94-ee5fd4af8d60#0-t2,notify:(t:2, i:1)
2021-09-22 10:24:34,641 [grpc-default-executor-2] INFO  impl.RoleInfo (RoleInfo.java:updateAndGet(130)) - d7bf25b9-218d-4f93-a950-cbf604fb8be9: start d7bf25b9-218d-4f93-a950-cbf604fb8be9@group-FEC5D6B24579-FollowerState
2021-09-22 10:24:34,642 [d7bf25b9-218d-4f93-a950-cbf604fb8be9@group-FEC5D6B24579-FollowerState] INFO  impl.FollowerState (FollowerState.java:run(143)) - d7bf25b9-218d-4f93-a950-cbf604fb8be9@group-FEC5D6B24579-FollowerState was interrupted: {}
java.lang.InterruptedException: sleep interrupted
	at java.lang.Thread.sleep(Native Method)
	at java.lang.Thread.sleep(Thread.java:340)
	at java.util.concurrent.TimeUnit.sleep(TimeUnit.java:386)
	at org.apache.ratis.util.TimeDuration.sleep(TimeDuration.java:324)
	at org.apache.ratis.util.TimeDuration.sleep(TimeDuration.java:309)
	at org.apache.ratis.server.impl.FollowerState.run(FollowerState.java:118)
2021-09-22 10:24:34,642 [grpc-default-executor-1] INFO  server.RaftServer$Division (RaftServerImpl.java:checkInconsistentAppendEntries(1293)) - 348557bb-52cf-467b-ac94-ee5fd4af8d60@group-61E82082808E: Failed appendEntries as snapshot ((t:2, i:1)) installation is in progress
2021-09-22 10:24:34,642 [grpc-default-executor-1] INFO  server.RaftServer$Division (RaftServerImpl.java:checkInconsistentAppendEntries(1285)) - 348557bb-52cf-467b-ac94-ee5fd4af8d60@group-61E82082808E: inconsistency entries. Reply:6cde2b08-89b9-430e-b77c-97253f43be03<-348557bb-52cf-467b-ac94-ee5fd4af8d60#4:FAIL-t2,INCONSISTENCY,nextIndex=0,followerCommit=-1
2021-09-22 10:24:34,644 [grpc-default-executor-0] INFO  leader.FollowerInfo (FollowerInfoImpl.java:lambda$new$0(46)) - 6cde2b08-89b9-430e-b77c-97253f43be03@group-61E82082808E->348557bb-52cf-467b-ac94-ee5fd4af8d60: nextIndex: updateUnconditionally 0 -> 0
2021-09-22 10:24:34,644 [grpc-default-executor-1] INFO  server.RaftServer$Division (RaftServerImpl.java:installSnapshot(1329)) - 348557bb-52cf-467b-ac94-ee5fd4af8d60@group-61E82082808E: receive installSnapshot: 6cde2b08-89b9-430e-b77c-97253f43be03->348557bb-52cf-467b-ac94-ee5fd4af8d60#0-t2,notify:(t:2, i:1)
2021-09-22 10:24:34,644 [grpc-default-executor-1] INFO  server.RaftServer$Division (RaftServerImpl.java:notifyStateMachineToInstallSnapshot(1611)) - 348557bb-52cf-467b-ac94-ee5fd4af8d60@group-61E82082808E: Snapshot Installation by StateMachine is in progress.
2021-09-22 10:24:34,644 [grpc-default-executor-1] INFO  server.RaftServer$Division (RaftServerImpl.java:installSnapshotImpl(1459)) - 348557bb-52cf-467b-ac94-ee5fd4af8d60@group-61E82082808E: set new configuration index: 5
configurationEntry {
  peers {
    id: "6f37d426-3152-46b4-8a1e-16c91badf795"
    address: "localhost:14478"
  }
  peers {
    id: "6cde2b08-89b9-430e-b77c-97253f43be03"
    address: "localhost:14468"
  }
}
 from snapshot
2021-09-22 10:24:34,644 [grpc-default-executor-1] INFO  server.RaftServer$Division (ServerState.java:setRaftConf(387)) - 348557bb-52cf-467b-ac94-ee5fd4af8d60@group-61E82082808E: set configuration 5: [6f37d426-3152-46b4-8a1e-16c91badf795|rpc:localhost:14478|admin:|client:|dataStream:|priority:0, 6cde2b08-89b9-430e-b77c-97253f43be03|rpc:localhost:14468|admin:|client:|dataStream:|priority:0], old=null
2021-09-22 10:24:34,645 [grpc-default-executor-1] INFO  server.RaftServer$Division (RaftServerImpl.java:installSnapshot(1340)) - 348557bb-52cf-467b-ac94-ee5fd4af8d60@group-61E82082808E: reply installSnapshot: 6cde2b08-89b9-430e-b77c-97253f43be03<-348557bb-52cf-467b-ac94-ee5fd4af8d60#0:FAIL-t2,IN_PROGRESS
2021-09-22 10:24:34,645 [grpc-default-executor-1] INFO  server.GrpcServerProtocolService (GrpcServerProtocolService.java:onCompleted(140)) - 348557bb-52cf-467b-ac94-ee5fd4af8d60: Completed INSTALL_SNAPSHOT, lastRequest: 6cde2b08-89b9-430e-b77c-97253f43be03->348557bb-52cf-467b-ac94-ee5fd4af8d60#0-t2,notify:(t:2, i:1)
2021-09-22 10:24:34,649 [grpc-default-executor-0] INFO  server.GrpcLogAppender (GrpcLogAppender.java:onNext(400)) - 6cde2b08-89b9-430e-b77c-97253f43be03@group-61E82082808E->348557bb-52cf-467b-ac94-ee5fd4af8d60-InstallSnapshotResponseHandler: received a reply 6cde2b08-89b9-430e-b77c-97253f43be03<-348557bb-52cf-467b-ac94-ee5fd4af8d60#0:FAIL-t2,IN_PROGRESS
2021-09-22 10:24:34,649 [grpc-default-executor-0] INFO  server.GrpcLogAppender (GrpcLogAppender.java:onNext(417)) - 6cde2b08-89b9-430e-b77c-97253f43be03@group-61E82082808E->348557bb-52cf-467b-ac94-ee5fd4af8d60-InstallSnapshotResponseHandler: InstallSnapshot in progress.
2021-09-22 10:24:34,655 [grpc-default-executor-2] INFO  server.RaftServer$Division (RaftServerImpl.java:requestVote(1075)) - d7bf25b9-218d-4f93-a950-cbf604fb8be9@group-FEC5D6B24579 replies to ELECTION vote request: 523ca5f6-ff53-4fd3-97b8-2ae94a10fc0e<-d7bf25b9-218d-4f93-a950-cbf604fb8be9#0:FAIL-t5. Peer's state: d7bf25b9-218d-4f93-a950-cbf604fb8be9@group-FEC5D6B24579:t5, leader=null, voted=null, raftlog=d7bf25b9-218d-4f93-a950-cbf604fb8be9@group-FEC5D6B24579-SegmentedRaftLog:OPENED:c-1,f-1,i0, conf=-1: [523ca5f6-ff53-4fd3-97b8-2ae94a10fc0e|rpc:127.0.0.1:41341|dataStream:|priority:0, d7bf25b9-218d-4f93-a950-cbf604fb8be9|rpc:127.0.0.1:43373|dataStream:|priority:1, f12b8819-3292-4aaa-8592-45fcb8486f00|rpc:127.0.0.1:37357|dataStream:|priority:0], old=null
2021-09-22 10:24:34,656 [523ca5f6-ff53-4fd3-97b8-2ae94a10fc0e@group-FEC5D6B24579-LeaderElection31] INFO  impl.LeaderElection (LeaderElection.java:logAndReturn(89)) - 523ca5f6-ff53-4fd3-97b8-2ae94a10fc0e@group-FEC5D6B24579-LeaderElection31: ELECTION REJECTED received 1 response(s) and 0 exception(s):
2021-09-22 10:24:34,656 [523ca5f6-ff53-4fd3-97b8-2ae94a10fc0e@group-FEC5D6B24579-LeaderElection31] INFO  impl.LeaderElection (LeaderElection.java:logAndReturn(93)) -   Response 0: 523ca5f6-ff53-4fd3-97b8-2ae94a10fc0e<-d7bf25b9-218d-4f93-a950-cbf604fb8be9#0:FAIL-t5
2021-09-22 10:24:34,656 [523ca5f6-ff53-4fd3-97b8-2ae94a10fc0e@group-FEC5D6B24579-LeaderElection31] INFO  impl.LeaderElection (LeaderElection.java:askForVotes(308)) - 523ca5f6-ff53-4fd3-97b8-2ae94a10fc0e@group-FEC5D6B24579-LeaderElection31 ELECTION round 0: result REJECTED
2021-09-22 10:24:34,656 [523ca5f6-ff53-4fd3-97b8-2ae94a10fc0e@group-FEC5D6B24579-LeaderElection31] INFO  server.RaftServer$Division (RaftServerImpl.java:setRole(285)) - 523ca5f6-ff53-4fd3-97b8-2ae94a10fc0e@group-FEC5D6B24579: changes role from CANDIDATE to FOLLOWER at term 5 for REJECTED
2021-09-22 10:24:34,656 [523ca5f6-ff53-4fd3-97b8-2ae94a10fc0e@group-FEC5D6B24579-LeaderElection31] INFO  impl.RoleInfo (RoleInfo.java:shutdownLeaderElection(121)) - 523ca5f6-ff53-4fd3-97b8-2ae94a10fc0e: shutdown 523ca5f6-ff53-4fd3-97b8-2ae94a10fc0e@group-FEC5D6B24579-LeaderElection31
2021-09-22 10:24:34,656 [523ca5f6-ff53-4fd3-97b8-2ae94a10fc0e@group-FEC5D6B24579-LeaderElection31] INFO  impl.RoleInfo (RoleInfo.java:updateAndGet(130)) - 523ca5f6-ff53-4fd3-97b8-2ae94a10fc0e: start 523ca5f6-ff53-4fd3-97b8-2ae94a10fc0e@group-FEC5D6B24579-FollowerState
2021-09-22 10:24:34,657 [6cde2b08-89b9-430e-b77c-97253f43be03@group-61E82082808E->348557bb-52cf-467b-ac94-ee5fd4af8d60-GrpcLogAppender-LogAppenderDaemon] INFO  server.GrpcLogAppender (GrpcLogAppender.java:installSnapshot(524)) - 6cde2b08-89b9-430e-b77c-97253f43be03@group-61E82082808E->348557bb-52cf-467b-ac94-ee5fd4af8d60-GrpcLogAppender: followerNextIndex = 0 but logStartIndex = 1, notify follower to install snapshot-(t:2, i:1)
2021-09-22 10:24:34,657 [6cde2b08-89b9-430e-b77c-97253f43be03@group-61E82082808E->348557bb-52cf-467b-ac94-ee5fd4af8d60-GrpcLogAppender-LogAppenderDaemon] INFO  server.GrpcLogAppender (GrpcLogAppender.java:installSnapshot(532)) - 6cde2b08-89b9-430e-b77c-97253f43be03@group-61E82082808E->348557bb-52cf-467b-ac94-ee5fd4af8d60-GrpcLogAppender: send 6cde2b08-89b9-430e-b77c-97253f43be03->348557bb-52cf-467b-ac94-ee5fd4af8d60#0-t2,notify:(t:2, i:1)
2021-09-22 10:24:34,658 [grpc-default-executor-1] INFO  server.RaftServer$Division (RaftServerImpl.java:checkInconsistentAppendEntries(1293)) - 348557bb-52cf-467b-ac94-ee5fd4af8d60@group-61E82082808E: Failed appendEntries as snapshot ((t:2, i:1)) installation is in progress
2021-09-22 10:24:34,658 [grpc-default-executor-1] INFO  server.RaftServer$Division (RaftServerImpl.java:checkInconsistentAppendEntries(1285)) - 348557bb-52cf-467b-ac94-ee5fd4af8d60@group-61E82082808E: inconsistency entries. Reply:6cde2b08-89b9-430e-b77c-97253f43be03<-348557bb-52cf-467b-ac94-ee5fd4af8d60#5:FAIL-t2,INCONSISTENCY,nextIndex=0,followerCommit=-1
2021-09-22 10:24:34,659 [grpc-default-executor-1] INFO  leader.FollowerInfo (FollowerInfoImpl.java:lambda$new$0(46)) - 6cde2b08-89b9-430e-b77c-97253f43be03@group-61E82082808E->348557bb-52cf-467b-ac94-ee5fd4af8d60: nextIndex: updateUnconditionally 0 -> 0
2021-09-22 10:24:34,659 [grpc-default-executor-2] INFO  server.RaftServer$Division (RaftServerImpl.java:installSnapshot(1329)) - 348557bb-52cf-467b-ac94-ee5fd4af8d60@group-61E82082808E: receive installSnapshot: 6cde2b08-89b9-430e-b77c-97253f43be03->348557bb-52cf-467b-ac94-ee5fd4af8d60#0-t2,notify:(t:2, i:1)
2021-09-22 10:24:34,659 [grpc-default-executor-2] INFO  server.RaftServer$Division (RaftServerImpl.java:notifyStateMachineToInstallSnapshot(1611)) - 348557bb-52cf-467b-ac94-ee5fd4af8d60@group-61E82082808E: Snapshot Installation by StateMachine is in progress.
2021-09-22 10:24:34,659 [grpc-default-executor-2] INFO  server.RaftServer$Division (RaftServerImpl.java:installSnapshotImpl(1459)) - 348557bb-52cf-467b-ac94-ee5fd4af8d60@group-61E82082808E: set new configuration index: 5
configurationEntry {
  peers {
    id: "6f37d426-3152-46b4-8a1e-16c91badf795"
    address: "localhost:14478"
  }
  peers {
    id: "6cde2b08-89b9-430e-b77c-97253f43be03"
    address: "localhost:14468"
  }
}
 from snapshot
2021-09-22 10:24:34,659 [grpc-default-executor-2] INFO  server.RaftServer$Division (ServerState.java:setRaftConf(387)) - 348557bb-52cf-467b-ac94-ee5fd4af8d60@group-61E82082808E: set configuration 5: [6f37d426-3152-46b4-8a1e-16c91badf795|rpc:localhost:14478|admin:|client:|dataStream:|priority:0, 6cde2b08-89b9-430e-b77c-97253f43be03|rpc:localhost:14468|admin:|client:|dataStream:|priority:0], old=null
2021-09-22 10:24:34,660 [grpc-default-executor-2] INFO  server.RaftServer$Division (RaftServerImpl.java:installSnapshot(1340)) - 348557bb-52cf-467b-ac94-ee5fd4af8d60@group-61E82082808E: reply installSnapshot: 6cde2b08-89b9-430e-b77c-97253f43be03<-348557bb-52cf-467b-ac94-ee5fd4af8d60#0:FAIL-t2,IN_PROGRESS
2021-09-22 10:24:34,660 [grpc-default-executor-2] INFO  server.GrpcServerProtocolService (GrpcServerProtocolService.java:onCompleted(140)) - 348557bb-52cf-467b-ac94-ee5fd4af8d60: Completed INSTALL_SNAPSHOT, lastRequest: 6cde2b08-89b9-430e-b77c-97253f43be03->348557bb-52cf-467b-ac94-ee5fd4af8d60#0-t2,notify:(t:2, i:1)
2021-09-22 10:24:34,662 [grpc-default-executor-1] INFO  server.GrpcLogAppender (GrpcLogAppender.java:onNext(400)) - 6cde2b08-89b9-430e-b77c-97253f43be03@group-61E82082808E->348557bb-52cf-467b-ac94-ee5fd4af8d60-InstallSnapshotResponseHandler: received a reply 6cde2b08-89b9-430e-b77c-97253f43be03<-348557bb-52cf-467b-ac94-ee5fd4af8d60#0:FAIL-t2,IN_PROGRESS
2021-09-22 10:24:34,662 [grpc-default-executor-1] INFO  server.GrpcLogAppender (GrpcLogAppender.java:onNext(417)) - 6cde2b08-89b9-430e-b77c-97253f43be03@group-61E82082808E->348557bb-52cf-467b-ac94-ee5fd4af8d60-InstallSnapshotResponseHandler: InstallSnapshot in progress.
2021-09-22 10:24:34,662 [grpc-default-executor-4] INFO  server.RaftServer$Division (RaftServerImpl.java:requestVote(1043)) - f12b8819-3292-4aaa-8592-45fcb8486f00@group-FEC5D6B24579: receive requestVote(ELECTION, 523ca5f6-ff53-4fd3-97b8-2ae94a10fc0e, group-FEC5D6B24579, 5, (t:0, i:0))
2021-09-22 10:24:34,662 [grpc-default-executor-4] INFO  impl.VoteContext (VoteContext.java:log(48)) - f12b8819-3292-4aaa-8592-45fcb8486f00@group-FEC5D6B24579-FOLLOWER: accept ELECTION from 523ca5f6-ff53-4fd3-97b8-2ae94a10fc0e: our priority 0 <= candidate's priority 0
2021-09-22 10:24:34,662 [grpc-default-executor-4] INFO  server.RaftServer$Division (RaftServerImpl.java:setRole(285)) - f12b8819-3292-4aaa-8592-45fcb8486f00@group-FEC5D6B24579: changes role from  FOLLOWER to FOLLOWER at term 5 for candidate:523ca5f6-ff53-4fd3-97b8-2ae94a10fc0e
2021-09-22 10:24:34,664 [grpc-default-executor-4] INFO  impl.RoleInfo (RoleInfo.java:shutdownFollowerState(108)) - f12b8819-3292-4aaa-8592-45fcb8486f00: shutdown f12b8819-3292-4aaa-8592-45fcb8486f00@group-FEC5D6B24579-FollowerState
2021-09-22 10:24:34,680 [grpc-default-executor-4] INFO  impl.RoleInfo (RoleInfo.java:updateAndGet(130)) - f12b8819-3292-4aaa-8592-45fcb8486f00: start f12b8819-3292-4aaa-8592-45fcb8486f00@group-FEC5D6B24579-FollowerState
2021-09-22 10:24:34,680 [6cde2b08-89b9-430e-b77c-97253f43be03@group-61E82082808E->348557bb-52cf-467b-ac94-ee5fd4af8d60-GrpcLogAppender-LogAppenderDaemon] INFO  server.GrpcLogAppender (GrpcLogAppender.java:installSnapshot(524)) - 6cde2b08-89b9-430e-b77c-97253f43be03@group-61E82082808E->348557bb-52cf-467b-ac94-ee5fd4af8d60-GrpcLogAppender: followerNextIndex = 0 but logStartIndex = 1, notify follower to install snapshot-(t:2, i:1)
2021-09-22 10:24:34,680 [6cde2b08-89b9-430e-b77c-97253f43be03@group-61E82082808E->348557bb-52cf-467b-ac94-ee5fd4af8d60-GrpcLogAppender-LogAppenderDaemon] INFO  server.GrpcLogAppender (GrpcLogAppender.java:installSnapshot(532)) - 6cde2b08-89b9-430e-b77c-97253f43be03@group-61E82082808E->348557bb-52cf-467b-ac94-ee5fd4af8d60-GrpcLogAppender: send 6cde2b08-89b9-430e-b77c-97253f43be03->348557bb-52cf-467b-ac94-ee5fd4af8d60#0-t2,notify:(t:2, i:1)
2021-09-22 10:24:34,681 [grpc-default-executor-4] INFO  server.RaftServer$Division (RaftServerImpl.java:requestVote(1075)) - f12b8819-3292-4aaa-8592-45fcb8486f00@group-FEC5D6B24579 replies to ELECTION vote request: 523ca5f6-ff53-4fd3-97b8-2ae94a10fc0e<-f12b8819-3292-4aaa-8592-45fcb8486f00#0:OK-t5. Peer's state: f12b8819-3292-4aaa-8592-45fcb8486f00@group-FEC5D6B24579:t5, leader=null, voted=523ca5f6-ff53-4fd3-97b8-2ae94a10fc0e, raftlog=f12b8819-3292-4aaa-8592-45fcb8486f00@group-FEC5D6B24579-SegmentedRaftLog:OPENED:c-1,f-1,i0, conf=-1: [523ca5f6-ff53-4fd3-97b8-2ae94a10fc0e|rpc:127.0.0.1:41341|priority:0, d7bf25b9-218d-4f93-a950-cbf604fb8be9|rpc:127.0.0.1:43373|priority:1, f12b8819-3292-4aaa-8592-45fcb8486f00|rpc:127.0.0.1:37357|priority:0], old=null
2021-09-22 10:24:34,681 [grpc-default-executor-2] INFO  server.RaftServer$Division (RaftServerImpl.java:checkInconsistentAppendEntries(1293)) - 348557bb-52cf-467b-ac94-ee5fd4af8d60@group-61E82082808E: Failed appendEntries as snapshot ((t:2, i:1)) installation is in progress
2021-09-22 10:24:34,711 [grpc-default-executor-2] INFO  server.RaftServer$Division (RaftServerImpl.java:checkInconsistentAppendEntries(1285)) - 348557bb-52cf-467b-ac94-ee5fd4af8d60@group-61E82082808E: inconsistency entries. Reply:6cde2b08-89b9-430e-b77c-97253f43be03<-348557bb-52cf-467b-ac94-ee5fd4af8d60#6:FAIL-t2,INCONSISTENCY,nextIndex=0,followerCommit=-1
2021-09-22 10:24:34,712 [grpc-default-executor-2] INFO  leader.FollowerInfo (FollowerInfoImpl.java:lambda$new$0(46)) - 6cde2b08-89b9-430e-b77c-97253f43be03@group-61E82082808E->348557bb-52cf-467b-ac94-ee5fd4af8d60: nextIndex: updateUnconditionally 0 -> 0
2021-09-22 10:24:34,705 [f12b8819-3292-4aaa-8592-45fcb8486f00@group-FEC5D6B24579-FollowerState] INFO  impl.FollowerState (FollowerState.java:run(143)) - f12b8819-3292-4aaa-8592-45fcb8486f00@group-FEC5D6B24579-FollowerState was interrupted: {}
java.lang.InterruptedException: sleep interrupted
	at java.lang.Thread.sleep(Native Method)
	at java.lang.Thread.sleep(Thread.java:340)
	at java.util.concurrent.TimeUnit.sleep(TimeUnit.java:386)
	at org.apache.ratis.util.TimeDuration.sleep(TimeDuration.java:324)
	at org.apache.ratis.util.TimeDuration.sleep(TimeDuration.java:309)
	at org.apache.ratis.server.impl.FollowerState.run(FollowerState.java:118)
2021-09-22 10:24:34,685 [pool-229-thread-1] INFO  ha.SCMHAManagerImpl (SCMHAManagerImpl.java:verifyCheckpointFromLeader(172)) - Installing checkpoint with SCMTransactionInfo 2#24
2021-09-22 10:24:34,685 [grpc-default-executor-1] INFO  server.RaftServer$Division (RaftServerImpl.java:installSnapshot(1329)) - 348557bb-52cf-467b-ac94-ee5fd4af8d60@group-61E82082808E: receive installSnapshot: 6cde2b08-89b9-430e-b77c-97253f43be03->348557bb-52cf-467b-ac94-ee5fd4af8d60#0-t2,notify:(t:2, i:1)
2021-09-22 10:24:34,712 [pool-229-thread-1] INFO  server.RaftServer$Division (RaftServerImpl.java:lambda$notifyStateMachineToInstallSnapshot$30(1594)) - 348557bb-52cf-467b-ac94-ee5fd4af8d60@group-61E82082808E: StateMachine successfully installed snapshot index 24. Reloading the StateMachine.
2021-09-22 10:24:34,712 [grpc-default-executor-1] INFO  server.RaftServer$Division (RaftServerImpl.java:notifyStateMachineToInstallSnapshot(1611)) - 348557bb-52cf-467b-ac94-ee5fd4af8d60@group-61E82082808E: Snapshot Installation by StateMachine is in progress.
2021-09-22 10:24:34,712 [pool-229-thread-1] INFO  segmented.SegmentedRaftLogWorker (SegmentedRaftLogWorker.java:lambda$new$0(133)) - 348557bb-52cf-467b-ac94-ee5fd4af8d60@group-61E82082808E-SegmentedRaftLogWorker: flushIndex: setUnconditionally -1 -> 24
2021-09-22 10:24:34,712 [pool-229-thread-1] INFO  segmented.SegmentedRaftLogWorker (SegmentedRaftLogWorker.java:lambda$new$0(133)) - 348557bb-52cf-467b-ac94-ee5fd4af8d60@group-61E82082808E-SegmentedRaftLogWorker: safeCacheEvictIndex: setUnconditionally -1 -> 24
2021-09-22 10:24:34,713 [pool-229-thread-1] INFO  raftlog.RaftLog (RaftLogBase.java:lambda$new$0(53)) - 348557bb-52cf-467b-ac94-ee5fd4af8d60@group-61E82082808E-SegmentedRaftLog: snapshotIndex: updateIncreasingly -1 -> 24
2021-09-22 10:24:34,713 [grpc-default-executor-1] INFO  server.RaftServer$Division (RaftServerImpl.java:installSnapshotImpl(1459)) - 348557bb-52cf-467b-ac94-ee5fd4af8d60@group-61E82082808E: set new configuration index: 5
configurationEntry {
  peers {
    id: "6f37d426-3152-46b4-8a1e-16c91badf795"
    address: "localhost:14478"
  }
  peers {
    id: "6cde2b08-89b9-430e-b77c-97253f43be03"
    address: "localhost:14468"
  }
}
 from snapshot
2021-09-22 10:24:34,713 [grpc-default-executor-1] INFO  server.RaftServer$Division (ServerState.java:setRaftConf(387)) - 348557bb-52cf-467b-ac94-ee5fd4af8d60@group-61E82082808E: set configuration 5: [6f37d426-3152-46b4-8a1e-16c91badf795|rpc:localhost:14478|admin:|client:|dataStream:|priority:0, 6cde2b08-89b9-430e-b77c-97253f43be03|rpc:localhost:14468|admin:|client:|dataStream:|priority:0], old=null
2021-09-22 10:24:34,713 [grpc-default-executor-1] INFO  server.RaftServer$Division (RaftServerImpl.java:installSnapshot(1340)) - 348557bb-52cf-467b-ac94-ee5fd4af8d60@group-61E82082808E: reply installSnapshot: 6cde2b08-89b9-430e-b77c-97253f43be03<-348557bb-52cf-467b-ac94-ee5fd4af8d60#0:FAIL-t2,IN_PROGRESS
2021-09-22 10:24:34,713 [grpc-default-executor-1] INFO  server.GrpcServerProtocolService (GrpcServerProtocolService.java:onCompleted(140)) - 348557bb-52cf-467b-ac94-ee5fd4af8d60: Completed INSTALL_SNAPSHOT, lastRequest: 6cde2b08-89b9-430e-b77c-97253f43be03->348557bb-52cf-467b-ac94-ee5fd4af8d60#0-t2,notify:(t:2, i:1)
2021-09-22 10:24:34,714 [grpc-default-executor-2] INFO  server.GrpcLogAppender (GrpcLogAppender.java:onNext(400)) - 6cde2b08-89b9-430e-b77c-97253f43be03@group-61E82082808E->348557bb-52cf-467b-ac94-ee5fd4af8d60-InstallSnapshotResponseHandler: received a reply 6cde2b08-89b9-430e-b77c-97253f43be03<-348557bb-52cf-467b-ac94-ee5fd4af8d60#0:FAIL-t2,IN_PROGRESS
2021-09-22 10:24:34,714 [grpc-default-executor-2] INFO  server.GrpcLogAppender (GrpcLogAppender.java:onNext(417)) - 6cde2b08-89b9-430e-b77c-97253f43be03@group-61E82082808E->348557bb-52cf-467b-ac94-ee5fd4af8d60-InstallSnapshotResponseHandler: InstallSnapshot in progress.
2021-09-22 10:24:34,736 [6cde2b08-89b9-430e-b77c-97253f43be03@group-61E82082808E->348557bb-52cf-467b-ac94-ee5fd4af8d60-GrpcLogAppender-LogAppenderDaemon] INFO  server.GrpcLogAppender (GrpcLogAppender.java:installSnapshot(524)) - 6cde2b08-89b9-430e-b77c-97253f43be03@group-61E82082808E->348557bb-52cf-467b-ac94-ee5fd4af8d60-GrpcLogAppender: followerNextIndex = 0 but logStartIndex = 1, notify follower to install snapshot-(t:2, i:1)
2021-09-22 10:24:34,736 [6cde2b08-89b9-430e-b77c-97253f43be03@group-61E82082808E->348557bb-52cf-467b-ac94-ee5fd4af8d60-GrpcLogAppender-LogAppenderDaemon] INFO  server.GrpcLogAppender (GrpcLogAppender.java:installSnapshot(532)) - 6cde2b08-89b9-430e-b77c-97253f43be03@group-61E82082808E->348557bb-52cf-467b-ac94-ee5fd4af8d60-GrpcLogAppender: send 6cde2b08-89b9-430e-b77c-97253f43be03->348557bb-52cf-467b-ac94-ee5fd4af8d60#0-t2,notify:(t:2, i:1)
2021-09-22 10:24:34,737 [grpc-default-executor-4] INFO  server.RaftServer$Division (RaftServerImpl.java:installSnapshot(1329)) - 348557bb-52cf-467b-ac94-ee5fd4af8d60@group-61E82082808E: receive installSnapshot: 6cde2b08-89b9-430e-b77c-97253f43be03->348557bb-52cf-467b-ac94-ee5fd4af8d60#0-t2,notify:(t:2, i:1)
2021-09-22 10:24:34,737 [grpc-default-executor-4] INFO  server.RaftServer$Division (RaftServerImpl.java:notifyStateMachineToInstallSnapshot(1560)) - 348557bb-52cf-467b-ac94-ee5fd4af8d60@group-61E82082808E: StateMachine snapshotIndex is 24
2021-09-22 10:24:34,738 [grpc-default-executor-4] INFO  server.RaftServer$Division (RaftServerImpl.java:installSnapshotImpl(1459)) - 348557bb-52cf-467b-ac94-ee5fd4af8d60@group-61E82082808E: set new configuration index: 5
configurationEntry {
  peers {
    id: "6f37d426-3152-46b4-8a1e-16c91badf795"
    address: "localhost:14478"
  }
  peers {
    id: "6cde2b08-89b9-430e-b77c-97253f43be03"
    address: "localhost:14468"
  }
}
 from snapshot
2021-09-22 10:24:34,738 [grpc-default-executor-4] INFO  server.RaftServer$Division (ServerState.java:setRaftConf(387)) - 348557bb-52cf-467b-ac94-ee5fd4af8d60@group-61E82082808E: set configuration 5: [6f37d426-3152-46b4-8a1e-16c91badf795|rpc:localhost:14478|admin:|client:|dataStream:|priority:0, 6cde2b08-89b9-430e-b77c-97253f43be03|rpc:localhost:14468|admin:|client:|dataStream:|priority:0], old=null
2021-09-22 10:24:34,738 [grpc-default-executor-4] INFO  server.RaftServer$Division (RaftServerImpl.java:installSnapshot(1340)) - 348557bb-52cf-467b-ac94-ee5fd4af8d60@group-61E82082808E: reply installSnapshot: 6cde2b08-89b9-430e-b77c-97253f43be03<-348557bb-52cf-467b-ac94-ee5fd4af8d60#0:FAIL-t2,ALREADY_INSTALLED,snapshotIndex=24
2021-09-22 10:24:34,738 [grpc-default-executor-4] INFO  server.GrpcServerProtocolService (GrpcServerProtocolService.java:onCompleted(140)) - 348557bb-52cf-467b-ac94-ee5fd4af8d60: Completed INSTALL_SNAPSHOT, lastRequest: 6cde2b08-89b9-430e-b77c-97253f43be03->348557bb-52cf-467b-ac94-ee5fd4af8d60#0-t2,notify:(t:2, i:1)
2021-09-22 10:24:34,739 [grpc-default-executor-1] INFO  server.GrpcLogAppender (GrpcLogAppender.java:onNext(400)) - 6cde2b08-89b9-430e-b77c-97253f43be03@group-61E82082808E->348557bb-52cf-467b-ac94-ee5fd4af8d60-InstallSnapshotResponseHandler: received a reply 6cde2b08-89b9-430e-b77c-97253f43be03<-348557bb-52cf-467b-ac94-ee5fd4af8d60#0:FAIL-t2,ALREADY_INSTALLED,snapshotIndex=24
2021-09-22 10:24:34,739 [grpc-default-executor-1] INFO  server.GrpcLogAppender (GrpcLogAppender.java:onNext(422)) - 6cde2b08-89b9-430e-b77c-97253f43be03@group-61E82082808E->348557bb-52cf-467b-ac94-ee5fd4af8d60-InstallSnapshotResponseHandler: Already Installed Snapshot Index 24.
2021-09-22 10:24:34,739 [grpc-default-executor-1] INFO  leader.FollowerInfo (FollowerInfoImpl.java:lambda$new$0(46)) - 6cde2b08-89b9-430e-b77c-97253f43be03@group-61E82082808E->348557bb-52cf-467b-ac94-ee5fd4af8d60: snapshotIndex: setUnconditionally 0 -> 24
2021-09-22 10:24:34,739 [grpc-default-executor-1] INFO  leader.FollowerInfo (FollowerInfoImpl.java:lambda$new$0(46)) - 6cde2b08-89b9-430e-b77c-97253f43be03@group-61E82082808E->348557bb-52cf-467b-ac94-ee5fd4af8d60: matchIndex: setUnconditionally 0 -> 24
2021-09-22 10:24:34,740 [grpc-default-executor-1] INFO  leader.FollowerInfo (FollowerInfoImpl.java:lambda$new$0(46)) - 6cde2b08-89b9-430e-b77c-97253f43be03@group-61E82082808E->348557bb-52cf-467b-ac94-ee5fd4af8d60: nextIndex: setUnconditionally 0 -> 25
2021-09-22 10:24:34,740 [grpc-default-executor-1] INFO  leader.FollowerInfo (FollowerInfoImpl.java:lambda$new$0(46)) - 6cde2b08-89b9-430e-b77c-97253f43be03@group-61E82082808E->348557bb-52cf-467b-ac94-ee5fd4af8d60: nextIndex: updateToMax old=25, new=25, updated? false
2021-09-22 10:24:34,814 [348557bb-52cf-467b-ac94-ee5fd4af8d60@group-61E82082808E-StateMachineUpdater] INFO  ha.SCMHAManagerImpl (SCMHAManagerImpl.java:installCheckpoint(227)) - Installing checkpoint with SCMTransactionInfo 2#24
2021-09-22 10:24:34,820 [348557bb-52cf-467b-ac94-ee5fd4af8d60@group-61E82082808E-StateMachineUpdater] INFO  ha.SCMHAManagerImpl (SCMHAManagerImpl.java:installCheckpoint(266)) - Replaced DB with checkpoint, term: 2, index: 24
2021-09-22 10:24:34,820 [348557bb-52cf-467b-ac94-ee5fd4af8d60@group-61E82082808E-StateMachineUpdater] WARN  utils.HAUtils (HAUtils.java:getMetaDir(342)) - ozone.scm.db.dirs is not configured. We recommend adding this setting. Falling back to ozone.metadata.dirs instead.
2021-09-22 10:24:34,820 [348557bb-52cf-467b-ac94-ee5fd4af8d60@group-61E82082808E-StateMachineUpdater] WARN  db.DBStoreBuilder (DBStoreBuilder.java:applyDBDefinition(145)) - ozone.scm.db.dirs is not configured. We recommend adding this setting. Falling back to ozone.metadata.dirs instead.
2021-09-22 10:24:34,909 [348557bb-52cf-467b-ac94-ee5fd4af8d60@group-61E82082808E-StateMachineUpdater] INFO  ha.SequenceIdGenerator (SequenceIdGenerator.java:reinitialize(165)) - reinitialize SequenceIdGenerator.
2021-09-22 10:24:34,910 [348557bb-52cf-467b-ac94-ee5fd4af8d60@group-61E82082808E-StateMachineUpdater] INFO  ha.SCMHAManagerImpl (SCMHAManagerImpl.java:installCheckpoint(277)) - Reloaded SCM state with Term: 2 and Index: 24
2021-09-22 10:24:34,911 [348557bb-52cf-467b-ac94-ee5fd4af8d60@group-61E82082808E-StateMachineUpdater] INFO  impl.StateMachineUpdater (StateMachineUpdater.java:lambda$new$0(89)) - 348557bb-52cf-467b-ac94-ee5fd4af8d60@group-61E82082808E-StateMachineUpdater: snapshotIndex: setUnconditionally -1 -> 24
2021-09-22 10:24:34,911 [348557bb-52cf-467b-ac94-ee5fd4af8d60@group-61E82082808E-StateMachineUpdater] INFO  impl.StateMachineUpdater (StateMachineUpdater.java:lambda$new$0(89)) - 348557bb-52cf-467b-ac94-ee5fd4af8d60@group-61E82082808E-StateMachineUpdater: appliedIndex: setUnconditionally -1 -> 24
2021-09-22 10:24:35,002 [EndpointStateMachine task thread for /127.0.0.1:14513 - 0 ] INFO  ipc.Client (Client.java:handleConnectionFailure(977)) - Retrying connect to server: localhost/127.0.0.1:14513. Already tried 4 time(s); retry policy is RetryUpToMaximumCountWithFixedSleep(maxRetries=15, sleepTime=1000 MILLISECONDS)
2021-09-22 10:24:35,236 [EndpointStateMachine task thread for /127.0.0.1:14493 - 0 ] INFO  ipc.Client (Client.java:handleConnectionFailure(977)) - Retrying connect to server: localhost/127.0.0.1:14493. Already tried 4 time(s); retry policy is RetryUpToMaximumCountWithFixedSleep(maxRetries=15, sleepTime=1000 MILLISECONDS)
2021-09-22 10:24:35,252 [EndpointStateMachine task thread for /127.0.0.1:14503 - 0 ] INFO  ipc.Client (Client.java:handleConnectionFailure(977)) - Retrying connect to server: localhost/127.0.0.1:14503. Already tried 3 time(s); retry policy is RetryUpToMaximumCountWithFixedSleep(maxRetries=15, sleepTime=1000 MILLISECONDS)
2021-09-22 10:24:36,003 [EndpointStateMachine task thread for /127.0.0.1:14513 - 0 ] INFO  ipc.Client (Client.java:handleConnectionFailure(977)) - Retrying connect to server: localhost/127.0.0.1:14513. Already tried 5 time(s); retry policy is RetryUpToMaximumCountWithFixedSleep(maxRetries=15, sleepTime=1000 MILLISECONDS)
2021-09-22 10:24:36,236 [EndpointStateMachine task thread for /127.0.0.1:14493 - 0 ] INFO  ipc.Client (Client.java:handleConnectionFailure(977)) - Retrying connect to server: localhost/127.0.0.1:14493. Already tried 5 time(s); retry policy is RetryUpToMaximumCountWithFixedSleep(maxRetries=15, sleepTime=1000 MILLISECONDS)
2021-09-22 10:24:36,244 [Datanode State Machine Thread - 0] ERROR datanode.RunningDatanodeState (RunningDatanodeState.java:computeNextContainerState(199)) - Error in executing end point task.
java.util.concurrent.ExecutionException: java.util.concurrent.TimeoutException
	at java.util.concurrent.FutureTask.report(FutureTask.java:122)
	at java.util.concurrent.FutureTask.get(FutureTask.java:192)
	at org.apache.hadoop.ozone.container.common.states.datanode.RunningDatanodeState.computeNextContainerState(RunningDatanodeState.java:191)
	at org.apache.hadoop.ozone.container.common.states.datanode.RunningDatanodeState.await(RunningDatanodeState.java:231)
	at org.apache.hadoop.ozone.container.common.states.datanode.RunningDatanodeState.await(RunningDatanodeState.java:50)
	at org.apache.hadoop.ozone.container.common.statemachine.StateContext.execute(StateContext.java:629)
	at org.apache.hadoop.ozone.container.common.statemachine.DatanodeStateMachine.start(DatanodeStateMachine.java:270)
	at org.apache.hadoop.ozone.container.common.statemachine.DatanodeStateMachine.lambda$startDaemon$0(DatanodeStateMachine.java:457)
	at java.lang.Thread.run(Thread.java:748)
Caused by: java.util.concurrent.TimeoutException
	at java.util.concurrent.FutureTask.get(FutureTask.java:205)
	at org.apache.hadoop.ozone.container.common.states.datanode.RunningDatanodeState.lambda$execute$0(RunningDatanodeState.java:149)
	at java.util.concurrent.FutureTask.run(FutureTask.java:266)
	at java.util.concurrent.Executors$RunnableAdapter.call(Executors.java:511)
	at java.util.concurrent.FutureTask.run(FutureTask.java:266)
	at java.util.concurrent.ThreadPoolExecutor.runWorker(ThreadPoolExecutor.java:1149)
	at java.util.concurrent.ThreadPoolExecutor$Worker.run(ThreadPoolExecutor.java:624)
	... 1 more
2021-09-22 10:24:36,252 [EndpointStateMachine task thread for /127.0.0.1:14503 - 0 ] INFO  ipc.Client (Client.java:handleConnectionFailure(977)) - Retrying connect to server: localhost/127.0.0.1:14503. Already tried 4 time(s); retry policy is RetryUpToMaximumCountWithFixedSleep(maxRetries=15, sleepTime=1000 MILLISECONDS)
2021-09-22 10:24:37,003 [EndpointStateMachine task thread for /127.0.0.1:14513 - 0 ] INFO  ipc.Client (Client.java:handleConnectionFailure(977)) - Retrying connect to server: localhost/127.0.0.1:14513. Already tried 6 time(s); retry policy is RetryUpToMaximumCountWithFixedSleep(maxRetries=15, sleepTime=1000 MILLISECONDS)
2021-09-22 10:24:37,237 [EndpointStateMachine task thread for /127.0.0.1:14493 - 0 ] INFO  ipc.Client (Client.java:handleConnectionFailure(977)) - Retrying connect to server: localhost/127.0.0.1:14493. Already tried 6 time(s); retry policy is RetryUpToMaximumCountWithFixedSleep(maxRetries=15, sleepTime=1000 MILLISECONDS)
2021-09-22 10:24:37,253 [EndpointStateMachine task thread for /127.0.0.1:14503 - 0 ] INFO  ipc.Client (Client.java:handleConnectionFailure(977)) - Retrying connect to server: localhost/127.0.0.1:14503. Already tried 5 time(s); retry policy is RetryUpToMaximumCountWithFixedSleep(maxRetries=15, sleepTime=1000 MILLISECONDS)
2021-09-22 10:24:37,253 [Datanode State Machine Thread - 0] ERROR datanode.RunningDatanodeState (RunningDatanodeState.java:computeNextContainerState(199)) - Error in executing end point task.
java.util.concurrent.ExecutionException: java.util.concurrent.TimeoutException
	at java.util.concurrent.FutureTask.report(FutureTask.java:122)
	at java.util.concurrent.FutureTask.get(FutureTask.java:192)
	at org.apache.hadoop.ozone.container.common.states.datanode.RunningDatanodeState.computeNextContainerState(RunningDatanodeState.java:191)
	at org.apache.hadoop.ozone.container.common.states.datanode.RunningDatanodeState.await(RunningDatanodeState.java:231)
	at org.apache.hadoop.ozone.container.common.states.datanode.RunningDatanodeState.await(RunningDatanodeState.java:50)
	at org.apache.hadoop.ozone.container.common.statemachine.StateContext.execute(StateContext.java:629)
	at org.apache.hadoop.ozone.container.common.statemachine.DatanodeStateMachine.start(DatanodeStateMachine.java:270)
	at org.apache.hadoop.ozone.container.common.statemachine.DatanodeStateMachine.lambda$startDaemon$0(DatanodeStateMachine.java:457)
	at java.lang.Thread.run(Thread.java:748)
Caused by: java.util.concurrent.TimeoutException
	at java.util.concurrent.FutureTask.get(FutureTask.java:205)
	at org.apache.hadoop.ozone.container.common.states.datanode.RunningDatanodeState.lambda$execute$0(RunningDatanodeState.java:149)
	at java.util.concurrent.FutureTask.run(FutureTask.java:266)
	at java.util.concurrent.Executors$RunnableAdapter.call(Executors.java:511)
	at java.util.concurrent.FutureTask.run(FutureTask.java:266)
	at java.util.concurrent.ThreadPoolExecutor.runWorker(ThreadPoolExecutor.java:1149)
	at java.util.concurrent.ThreadPoolExecutor$Worker.run(ThreadPoolExecutor.java:624)
	... 1 more
2021-09-22 10:24:37,584 [Datanode State Machine Thread - 0] ERROR datanode.RunningDatanodeState (RunningDatanodeState.java:computeNextContainerState(199)) - Error in executing end point task.
java.util.concurrent.ExecutionException: java.util.concurrent.TimeoutException
	at java.util.concurrent.FutureTask.report(FutureTask.java:122)
	at java.util.concurrent.FutureTask.get(FutureTask.java:192)
	at org.apache.hadoop.ozone.container.common.states.datanode.RunningDatanodeState.computeNextContainerState(RunningDatanodeState.java:191)
	at org.apache.hadoop.ozone.container.common.states.datanode.RunningDatanodeState.await(RunningDatanodeState.java:231)
	at org.apache.hadoop.ozone.container.common.states.datanode.RunningDatanodeState.await(RunningDatanodeState.java:50)
	at org.apache.hadoop.ozone.container.common.statemachine.StateContext.execute(StateContext.java:629)
	at org.apache.hadoop.ozone.container.common.statemachine.DatanodeStateMachine.start(DatanodeStateMachine.java:270)
	at org.apache.hadoop.ozone.container.common.statemachine.DatanodeStateMachine.lambda$startDaemon$0(DatanodeStateMachine.java:457)
	at java.lang.Thread.run(Thread.java:748)
Caused by: java.util.concurrent.TimeoutException
	at java.util.concurrent.FutureTask.get(FutureTask.java:205)
	at org.apache.hadoop.ozone.container.common.states.datanode.RunningDatanodeState.lambda$execute$0(RunningDatanodeState.java:149)
	at java.util.concurrent.FutureTask.run(FutureTask.java:266)
	at java.util.concurrent.Executors$RunnableAdapter.call(Executors.java:511)
	at java.util.concurrent.FutureTask.run(FutureTask.java:266)
	at java.util.concurrent.ThreadPoolExecutor.runWorker(ThreadPoolExecutor.java:1149)
	at java.util.concurrent.ThreadPoolExecutor$Worker.run(ThreadPoolExecutor.java:624)
	... 1 more
2021-09-22 10:24:38,004 [EndpointStateMachine task thread for /127.0.0.1:14513 - 0 ] INFO  ipc.Client (Client.java:handleConnectionFailure(977)) - Retrying connect to server: localhost/127.0.0.1:14513. Already tried 7 time(s); retry policy is RetryUpToMaximumCountWithFixedSleep(maxRetries=15, sleepTime=1000 MILLISECONDS)
2021-09-22 10:24:38,238 [EndpointStateMachine task thread for /127.0.0.1:14493 - 0 ] INFO  ipc.Client (Client.java:handleConnectionFailure(977)) - Retrying connect to server: localhost/127.0.0.1:14493. Already tried 7 time(s); retry policy is RetryUpToMaximumCountWithFixedSleep(maxRetries=15, sleepTime=1000 MILLISECONDS)
2021-09-22 10:24:38,253 [EndpointStateMachine task thread for /127.0.0.1:14503 - 0 ] INFO  ipc.Client (Client.java:handleConnectionFailure(977)) - Retrying connect to server: localhost/127.0.0.1:14503. Already tried 6 time(s); retry policy is RetryUpToMaximumCountWithFixedSleep(maxRetries=15, sleepTime=1000 MILLISECONDS)
2021-09-22 10:24:38,255 [Datanode State Machine Thread - 0] ERROR datanode.RunningDatanodeState (RunningDatanodeState.java:computeNextContainerState(199)) - Error in executing end point task.
java.util.concurrent.ExecutionException: java.util.concurrent.TimeoutException
	at java.util.concurrent.FutureTask.report(FutureTask.java:122)
	at java.util.concurrent.FutureTask.get(FutureTask.java:192)
	at org.apache.hadoop.ozone.container.common.states.datanode.RunningDatanodeState.computeNextContainerState(RunningDatanodeState.java:191)
	at org.apache.hadoop.ozone.container.common.states.datanode.RunningDatanodeState.await(RunningDatanodeState.java:231)
	at org.apache.hadoop.ozone.container.common.states.datanode.RunningDatanodeState.await(RunningDatanodeState.java:50)
	at org.apache.hadoop.ozone.container.common.statemachine.StateContext.execute(StateContext.java:629)
	at org.apache.hadoop.ozone.container.common.statemachine.DatanodeStateMachine.start(DatanodeStateMachine.java:270)
	at org.apache.hadoop.ozone.container.common.statemachine.DatanodeStateMachine.lambda$startDaemon$0(DatanodeStateMachine.java:457)
	at java.lang.Thread.run(Thread.java:748)
Caused by: java.util.concurrent.TimeoutException
	at java.util.concurrent.FutureTask.get(FutureTask.java:205)
	at org.apache.hadoop.ozone.container.common.states.datanode.RunningDatanodeState.lambda$execute$0(RunningDatanodeState.java:149)
	at java.util.concurrent.FutureTask.run(FutureTask.java:266)
	at java.util.concurrent.Executors$RunnableAdapter.call(Executors.java:511)
	at java.util.concurrent.FutureTask.run(FutureTask.java:266)
	at java.util.concurrent.ThreadPoolExecutor.runWorker(ThreadPoolExecutor.java:1149)
	at java.util.concurrent.ThreadPoolExecutor$Worker.run(ThreadPoolExecutor.java:624)
	... 1 more
2021-09-22 10:24:39,005 [EndpointStateMachine task thread for /127.0.0.1:14513 - 0 ] INFO  ipc.Client (Client.java:handleConnectionFailure(977)) - Retrying connect to server: localhost/127.0.0.1:14513. Already tried 8 time(s); retry policy is RetryUpToMaximumCountWithFixedSleep(maxRetries=15, sleepTime=1000 MILLISECONDS)
2021-09-22 10:24:39,238 [EndpointStateMachine task thread for /127.0.0.1:14493 - 0 ] INFO  ipc.Client (Client.java:handleConnectionFailure(977)) - Retrying connect to server: localhost/127.0.0.1:14493. Already tried 8 time(s); retry policy is RetryUpToMaximumCountWithFixedSleep(maxRetries=15, sleepTime=1000 MILLISECONDS)
2021-09-22 10:24:39,254 [EndpointStateMachine task thread for /127.0.0.1:14503 - 0 ] INFO  ipc.Client (Client.java:handleConnectionFailure(977)) - Retrying connect to server: localhost/127.0.0.1:14503. Already tried 7 time(s); retry policy is RetryUpToMaximumCountWithFixedSleep(maxRetries=15, sleepTime=1000 MILLISECONDS)
2021-09-22 10:24:39,523 [6cde2b08-89b9-430e-b77c-97253f43be03@group-61E82082808E-LeaderStateImpl] INFO  server.RaftServer$Division (ServerState.java:setRaftConf(387)) - 6cde2b08-89b9-430e-b77c-97253f43be03@group-61E82082808E: set configuration 25: [6f37d426-3152-46b4-8a1e-16c91badf795|rpc:localhost:14478|priority:0, 6cde2b08-89b9-430e-b77c-97253f43be03|rpc:localhost:14468|admin:|client:|dataStream:|priority:0, 348557bb-52cf-467b-ac94-ee5fd4af8d60|rpc:localhost:14488|priority:0], old=[6f37d426-3152-46b4-8a1e-16c91badf795|rpc:localhost:14478|priority:0, 6cde2b08-89b9-430e-b77c-97253f43be03|rpc:localhost:14468|admin:|client:|dataStream:|priority:0]
2021-09-22 10:24:39,525 [grpc-default-executor-1] INFO  server.RaftServer$Division (ServerState.java:setRaftConf(387)) - 348557bb-52cf-467b-ac94-ee5fd4af8d60@group-61E82082808E: set configuration 25: [6f37d426-3152-46b4-8a1e-16c91badf795|rpc:localhost:14478|admin:|client:|dataStream:|priority:0, 6cde2b08-89b9-430e-b77c-97253f43be03|rpc:localhost:14468|admin:|client:|dataStream:|priority:0, 348557bb-52cf-467b-ac94-ee5fd4af8d60|rpc:localhost:14488|admin:|client:|dataStream:|priority:0], old=[6f37d426-3152-46b4-8a1e-16c91badf795|rpc:localhost:14478|admin:|client:|dataStream:|priority:0, 6cde2b08-89b9-430e-b77c-97253f43be03|rpc:localhost:14468|admin:|client:|dataStream:|priority:0]
2021-09-22 10:24:39,525 [grpc-default-executor-1] INFO  segmented.SegmentedRaftLogWorker (SegmentedRaftLogWorker.java:startLogSegment(394)) - 348557bb-52cf-467b-ac94-ee5fd4af8d60@group-61E82082808E-SegmentedRaftLogWorker: Starting segment from index:25
2021-09-22 10:24:39,527 [348557bb-52cf-467b-ac94-ee5fd4af8d60@group-61E82082808E-SegmentedRaftLogWorker] INFO  segmented.SegmentedRaftLogWorker (SegmentedRaftLogWorker.java:execute(601)) - 348557bb-52cf-467b-ac94-ee5fd4af8d60@group-61E82082808E-SegmentedRaftLogWorker: created new log segment /home/runner/work/ozone/ozone/hadoop-ozone/integration-test/target/test-dir/MiniOzoneClusterImpl-37bb77ab-1cd7-4f0f-8c8b-61e82082808e/scmNode-3/scm-ha/37bb77ab-1cd7-4f0f-8c8b-61e82082808e/current/log_inprogress_25
2021-09-22 10:24:39,528 [grpc-default-executor-1] INFO  server.RaftServer$Division (ServerState.java:setRaftConf(387)) - 6f37d426-3152-46b4-8a1e-16c91badf795@group-61E82082808E: set configuration 25: [6f37d426-3152-46b4-8a1e-16c91badf795|rpc:localhost:14478|admin:|client:|dataStream:|priority:0, 6cde2b08-89b9-430e-b77c-97253f43be03|rpc:localhost:14468|admin:|client:|dataStream:|priority:0, 348557bb-52cf-467b-ac94-ee5fd4af8d60|rpc:localhost:14488|admin:|client:|dataStream:|priority:0], old=[6f37d426-3152-46b4-8a1e-16c91badf795|rpc:localhost:14478|admin:|client:|dataStream:|priority:0, 6cde2b08-89b9-430e-b77c-97253f43be03|rpc:localhost:14468|admin:|client:|dataStream:|priority:0]
2021-09-22 10:24:39,546 [6cde2b08-89b9-430e-b77c-97253f43be03@group-61E82082808E-LeaderStateImpl] INFO  server.RaftServer$Division (ServerState.java:setRaftConf(387)) - 6cde2b08-89b9-430e-b77c-97253f43be03@group-61E82082808E: set configuration 27: [6f37d426-3152-46b4-8a1e-16c91badf795|rpc:localhost:14478|priority:0, 6cde2b08-89b9-430e-b77c-97253f43be03|rpc:localhost:14468|admin:|client:|dataStream:|priority:0, 348557bb-52cf-467b-ac94-ee5fd4af8d60|rpc:localhost:14488|priority:0], old=null
2021-09-22 10:24:39,547 [grpc-default-executor-1] INFO  server.RaftServer$Division (ServerState.java:setRaftConf(387)) - 348557bb-52cf-467b-ac94-ee5fd4af8d60@group-61E82082808E: set configuration 27: [6f37d426-3152-46b4-8a1e-16c91badf795|rpc:localhost:14478|admin:|client:|dataStream:|priority:0, 6cde2b08-89b9-430e-b77c-97253f43be03|rpc:localhost:14468|admin:|client:|dataStream:|priority:0, 348557bb-52cf-467b-ac94-ee5fd4af8d60|rpc:localhost:14488|admin:|client:|dataStream:|priority:0], old=null
2021-09-22 10:24:39,548 [6cde2b08-89b9-430e-b77c-97253f43be03@group-61E82082808E-StateMachineUpdater] INFO  ha.SCMStateMachine (SCMStateMachine.java:takeSnapshot(290)) - Current Snapshot Index 25, takeSnapshot took 1 ms
2021-09-22 10:24:39,548 [6cde2b08-89b9-430e-b77c-97253f43be03@group-61E82082808E-StateMachineUpdater] INFO  impl.StateMachineUpdater (StateMachineUpdater.java:takeSnapshot(281)) - 6cde2b08-89b9-430e-b77c-97253f43be03@group-61E82082808E-StateMachineUpdater: Took a snapshot at index 25
2021-09-22 10:24:39,548 [6cde2b08-89b9-430e-b77c-97253f43be03@group-61E82082808E-StateMachineUpdater] INFO  impl.StateMachineUpdater (StateMachineUpdater.java:lambda$new$0(89)) - 6cde2b08-89b9-430e-b77c-97253f43be03@group-61E82082808E-StateMachineUpdater: snapshotIndex: updateIncreasingly 20 -> 25
2021-09-22 10:24:39,548 [6cde2b08-89b9-430e-b77c-97253f43be03@group-61E82082808E-StateMachineUpdater] INFO  raftlog.RaftLog (RaftLogBase.java:purge(306)) - 6cde2b08-89b9-430e-b77c-97253f43be03@group-61E82082808E-SegmentedRaftLog: purge 25
2021-09-22 10:24:39,548 [6cde2b08-89b9-430e-b77c-97253f43be03@group-61E82082808E-StateMachineUpdater] INFO  raftlog.RaftLog (RaftLogBase.java:lambda$new$0(53)) - 6cde2b08-89b9-430e-b77c-97253f43be03@group-61E82082808E-SegmentedRaftLog: snapshotIndex: updateIncreasingly 20 -> 25
2021-09-22 10:24:39,548 [6cde2b08-89b9-430e-b77c-97253f43be03@group-61E82082808E-StateMachineUpdater] INFO  raftlog.RaftLog (RaftLogBase.java:lambda$new$0(53)) - 6cde2b08-89b9-430e-b77c-97253f43be03@group-61E82082808E-SegmentedRaftLog: purgeIndex: updateToMax old=20, new=25, updated? true
2021-09-22 10:24:39,550 [grpc-default-executor-1] INFO  server.RaftServer$Division (ServerState.java:setRaftConf(387)) - 6f37d426-3152-46b4-8a1e-16c91badf795@group-61E82082808E: set configuration 27: [6f37d426-3152-46b4-8a1e-16c91badf795|rpc:localhost:14478|admin:|client:|dataStream:|priority:0, 6cde2b08-89b9-430e-b77c-97253f43be03|rpc:localhost:14468|admin:|client:|dataStream:|priority:0, 348557bb-52cf-467b-ac94-ee5fd4af8d60|rpc:localhost:14488|admin:|client:|dataStream:|priority:0], old=null
2021-09-22 10:24:39,554 [IPC Server handler 27 on default port 14470] INFO  ha.SCMRatisServerImpl (SCMRatisServerImpl.java:addSCM(302)) - Successfully added new SCM: 348557bb-52cf-467b-ac94-ee5fd4af8d60.
2021-09-22 10:24:39,555 [Listener at 127.0.0.1/12164] INFO  ha.SCMHAManagerImpl (SCMHAManagerImpl.java:start(116)) - Successfully added SCM scmNode-3 to group group-61E82082808E:[6f37d426-3152-46b4-8a1e-16c91badf795|rpc:localhost:14478|admin:|client:|dataStream:|priority:0, 6cde2b08-89b9-430e-b77c-97253f43be03|rpc:localhost:14468|admin:|client:|dataStream:|priority:0, 348557bb-52cf-467b-ac94-ee5fd4af8d60|rpc:localhost:14488|admin:|client:|dataStream:|priority:0]
2021-09-22 10:24:39,555 [Listener at 127.0.0.1/12164] INFO  ha.InterSCMGrpcService (InterSCMGrpcProtocolService.java:start(94)) - Starting SCM Grpc Service at port 14492
2021-09-22 10:24:39,556 [Listener at 127.0.0.1/12164] INFO  impl.MetricsSystemImpl (MetricsSystemImpl.java:init(158)) - StorageContainerManager metrics system started (again)
2021-09-22 10:24:39,558 [6f37d426-3152-46b4-8a1e-16c91badf795@group-61E82082808E-StateMachineUpdater] INFO  ha.SCMStateMachine (SCMStateMachine.java:takeSnapshot(290)) - Current Snapshot Index 25, takeSnapshot took 0 ms
2021-09-22 10:24:39,558 [6f37d426-3152-46b4-8a1e-16c91badf795@group-61E82082808E-StateMachineUpdater] INFO  impl.StateMachineUpdater (StateMachineUpdater.java:takeSnapshot(281)) - 6f37d426-3152-46b4-8a1e-16c91badf795@group-61E82082808E-StateMachineUpdater: Took a snapshot at index 25
2021-09-22 10:24:39,558 [6f37d426-3152-46b4-8a1e-16c91badf795@group-61E82082808E-StateMachineUpdater] INFO  impl.StateMachineUpdater (StateMachineUpdater.java:lambda$new$0(89)) - 6f37d426-3152-46b4-8a1e-16c91badf795@group-61E82082808E-StateMachineUpdater: snapshotIndex: updateIncreasingly 20 -> 25
2021-09-22 10:24:39,558 [6f37d426-3152-46b4-8a1e-16c91badf795@group-61E82082808E-StateMachineUpdater] INFO  raftlog.RaftLog (RaftLogBase.java:purge(306)) - 6f37d426-3152-46b4-8a1e-16c91badf795@group-61E82082808E-SegmentedRaftLog: purge 25
2021-09-22 10:24:39,558 [6f37d426-3152-46b4-8a1e-16c91badf795@group-61E82082808E-StateMachineUpdater] INFO  raftlog.RaftLog (RaftLogBase.java:lambda$new$0(53)) - 6f37d426-3152-46b4-8a1e-16c91badf795@group-61E82082808E-SegmentedRaftLog: snapshotIndex: updateIncreasingly 20 -> 25
2021-09-22 10:24:39,558 [6f37d426-3152-46b4-8a1e-16c91badf795@group-61E82082808E-StateMachineUpdater] INFO  raftlog.RaftLog (RaftLogBase.java:lambda$new$0(53)) - 6f37d426-3152-46b4-8a1e-16c91badf795@group-61E82082808E-SegmentedRaftLog: purgeIndex: updateToMax old=20, new=25, updated? true
2021-09-22 10:24:39,574 [348557bb-52cf-467b-ac94-ee5fd4af8d60@group-61E82082808E-StateMachineUpdater] INFO  safemode.HealthyPipelineSafeModeRule (HealthyPipelineSafeModeRule.java:initializeRule(152)) - Refreshed total pipeline count is 1, healthy pipeline threshold count is 1
2021-09-22 10:24:39,574 [348557bb-52cf-467b-ac94-ee5fd4af8d60@group-61E82082808E-StateMachineUpdater] INFO  safemode.ContainerSafeModeRule (ContainerSafeModeRule.java:reInitializeRule(177)) - Refreshed one replica container threshold 0, currentThreshold 0
2021-09-22 10:24:39,574 [348557bb-52cf-467b-ac94-ee5fd4af8d60@group-61E82082808E-StateMachineUpdater] INFO  safemode.OneReplicaPipelineSafeModeRule (OneReplicaPipelineSafeModeRule.java:initializeRule(176)) - Refreshed Total pipeline count is 1, pipeline's with at least one datanode reported threshold count is 1
2021-09-22 10:24:39,574 [348557bb-52cf-467b-ac94-ee5fd4af8d60@group-61E82082808E-StateMachineUpdater] INFO  server.SCMDatanodeProtocolServer (SCMDatanodeProtocolServer.java:start(181)) - RPC server for DataNodes is listening at /0.0.0.0:14489
2021-09-22 10:24:39,583 [IPC Server Responder] INFO  ipc.Server (Server.java:run(1507)) - IPC Server Responder: starting
2021-09-22 10:24:39,594 [IPC Server listener on 14489] INFO  ipc.Server (Server.java:run(1344)) - IPC Server listener on 14489: starting
2021-09-22 10:24:39,616 [Listener at 127.0.0.1/12164] INFO  server.SCMClientProtocolServer (SCMClientProtocolServer.java:start(164)) - RPC server for Client  is listening at /0.0.0.0:14491
2021-09-22 10:24:39,617 [IPC Server handler 5 on default port 14489] INFO  ipc.Server (Server.java:run(1026)) - IPC Server handler 5 on default port 14489: skipped Call#231 Retry#0 org.apache.hadoop.ozone.protocol.StorageContainerDatanodeProtocol.submitRequest from 127.0.0.1:54680
2021-09-22 10:24:39,617 [IPC Server handler 5 on default port 14489] INFO  ipc.Server (Server.java:run(1026)) - IPC Server handler 5 on default port 14489: skipped Call#207 Retry#0 org.apache.hadoop.ozone.protocol.StorageContainerDatanodeProtocol.submitRequest from 127.0.0.1:54642
2021-09-22 10:24:39,617 [IPC Server handler 5 on default port 14489] INFO  ipc.Server (Server.java:run(1026)) - IPC Server handler 5 on default port 14489: skipped Call#314 Retry#0 org.apache.hadoop.ozone.protocol.StorageContainerDatanodeProtocol.submitRequest from 127.0.0.1:54770
2021-09-22 10:24:39,618 [IPC Server Responder] INFO  ipc.Server (Server.java:run(1507)) - IPC Server Responder: starting
2021-09-22 10:24:39,618 [IPC Server listener on 14491] INFO  ipc.Server (Server.java:run(1344)) - IPC Server listener on 14491: starting
2021-09-22 10:24:39,620 [Listener at 127.0.0.1/12164] INFO  server.StorageContainerManager (StorageContainerManager.java:start(1294)) - ScmBlockLocationProtocol RPC server is listening at /0.0.0.0:14490
2021-09-22 10:24:39,621 [Listener at 127.0.0.1/12164] INFO  server.SCMBlockProtocolServer (SCMBlockProtocolServer.java:start(151)) - RPC server for Block Protocol is listening at /0.0.0.0:14490
2021-09-22 10:24:39,621 [IPC Server Responder] INFO  ipc.Server (Server.java:run(1507)) - IPC Server Responder: starting
2021-09-22 10:24:39,621 [IPC Server listener on 14490] INFO  ipc.Server (Server.java:run(1344)) - IPC Server listener on 14490: starting
2021-09-22 10:24:39,624 [Listener at 127.0.0.1/12164] INFO  server.StorageContainerManager (StorageContainerManager.java:start(1300)) - ScmDatanodeProtocl RPC server is listening at /0.0.0.0:14489
2021-09-22 10:24:39,653 [IPC Server handler 7 on default port 14489] INFO  ipc.Server (Server.java:run(1026)) - IPC Server handler 7 on default port 14489: skipped Call#381 Retry#0 org.apache.hadoop.ozone.protocol.StorageContainerDatanodeProtocol.submitRequest from 127.0.0.1:54854
2021-09-22 10:24:39,653 [IPC Server handler 7 on default port 14489] INFO  ipc.Server (Server.java:run(1026)) - IPC Server handler 7 on default port 14489: skipped Call#417 Retry#0 org.apache.hadoop.ozone.protocol.StorageContainerDatanodeProtocol.submitRequest from 127.0.0.1:54898
2021-09-22 10:24:39,653 [IPC Server handler 0 on default port 14489] WARN  ipc.Server (Server.java:processResponse(1717)) - IPC Server handler 0 on default port 14489, call Call#205 Retry#0 org.apache.hadoop.ozone.protocol.StorageContainerDatanodeProtocol.submitRequest from 127.0.0.1:54642: output error
2021-09-22 10:24:39,653 [IPC Server handler 7 on default port 14489] INFO  ipc.Server (Server.java:run(1026)) - IPC Server handler 7 on default port 14489: skipped Call#276 Retry#0 org.apache.hadoop.ozone.protocol.StorageContainerDatanodeProtocol.submitRequest from 127.0.0.1:54720
2021-09-22 10:24:39,653 [IPC Server handler 7 on default port 14489] INFO  ipc.Server (Server.java:run(1026)) - IPC Server handler 7 on default port 14489: skipped Call#347 Retry#0 org.apache.hadoop.ozone.protocol.StorageContainerDatanodeProtocol.submitRequest from 127.0.0.1:54812
2021-09-22 10:24:39,654 [IPC Server handler 0 on default port 14489] INFO  ipc.Server (Server.java:run(2979)) - IPC Server handler 0 on default port 14489 caught an exception
java.nio.channels.ClosedChannelException
	at sun.nio.ch.SocketChannelImpl.ensureWriteOpen(SocketChannelImpl.java:269)
	at sun.nio.ch.SocketChannelImpl.write(SocketChannelImpl.java:460)
	at org.apache.hadoop.ipc.Server.channelWrite(Server.java:3605)
	at org.apache.hadoop.ipc.Server.access$1700(Server.java:141)
	at org.apache.hadoop.ipc.Server$Responder.processResponse(Server.java:1667)
	at org.apache.hadoop.ipc.Server$Responder.doRespond(Server.java:1737)
	at org.apache.hadoop.ipc.Server$Connection.sendResponse(Server.java:2837)
	at org.apache.hadoop.ipc.Server$Connection.access$300(Server.java:1809)
	at org.apache.hadoop.ipc.Server$RpcCall.doResponse(Server.java:1117)
	at org.apache.hadoop.ipc.Server$Call.doResponse(Server.java:909)
	at org.apache.hadoop.ipc.Server$Call.sendResponse(Server.java:895)
	at org.apache.hadoop.ipc.Server$RpcCall.run(Server.java:1052)
	at org.apache.hadoop.ipc.Server$RpcCall.run(Server.java:963)
	at java.security.AccessController.doPrivileged(Native Method)
	at javax.security.auth.Subject.doAs(Subject.java:422)
	at org.apache.hadoop.security.UserGroupInformation.doAs(UserGroupInformation.java:1878)
	at org.apache.hadoop.ipc.Server$Handler.run(Server.java:2966)
2021-09-22 10:24:39,654 [IPC Server handler 7 on default port 14489] INFO  ipc.Server (Server.java:run(1026)) - IPC Server handler 7 on default port 14489: skipped Call#232 Retry#0 org.apache.hadoop.ozone.protocol.StorageContainerDatanodeProtocol.submitRequest from 127.0.0.1:54680
2021-09-22 10:24:39,654 [IPC Server handler 7 on default port 14489] INFO  ipc.Server (Server.java:run(1026)) - IPC Server handler 7 on default port 14489: skipped Call#210 Retry#0 org.apache.hadoop.ozone.protocol.StorageContainerDatanodeProtocol.submitRequest from 127.0.0.1:54642
2021-09-22 10:24:39,654 [IPC Server handler 0 on default port 14489] INFO  ipc.Server (Server.java:run(1026)) - IPC Server handler 0 on default port 14489: skipped Call#315 Retry#0 org.apache.hadoop.ozone.protocol.StorageContainerDatanodeProtocol.submitRequest from 127.0.0.1:54770
2021-09-22 10:24:39,654 [IPC Server handler 0 on default port 14489] INFO  ipc.Server (Server.java:run(1026)) - IPC Server handler 0 on default port 14489: skipped Call#382 Retry#0 org.apache.hadoop.ozone.protocol.StorageContainerDatanodeProtocol.submitRequest from 127.0.0.1:54854
2021-09-22 10:24:39,654 [IPC Server handler 0 on default port 14489] INFO  ipc.Server (Server.java:run(1026)) - IPC Server handler 0 on default port 14489: skipped Call#418 Retry#0 org.apache.hadoop.ozone.protocol.StorageContainerDatanodeProtocol.submitRequest from 127.0.0.1:54898
2021-09-22 10:24:39,654 [IPC Server handler 0 on default port 14489] INFO  ipc.Server (Server.java:run(1026)) - IPC Server handler 0 on default port 14489: skipped Call#275 Retry#0 org.apache.hadoop.ozone.protocol.StorageContainerDatanodeProtocol.submitRequest from 127.0.0.1:54720
2021-09-22 10:24:39,654 [IPC Server handler 0 on default port 14489] INFO  ipc.Server (Server.java:run(1026)) - IPC Server handler 0 on default port 14489: skipped Call#349 Retry#0 org.apache.hadoop.ozone.protocol.StorageContainerDatanodeProtocol.submitRequest from 127.0.0.1:54812
2021-09-22 10:24:39,654 [IPC Server handler 0 on default port 14489] INFO  ipc.Server (Server.java:run(1026)) - IPC Server handler 0 on default port 14489: skipped Call#233 Retry#0 org.apache.hadoop.ozone.protocol.StorageContainerDatanodeProtocol.submitRequest from 127.0.0.1:54680
2021-09-22 10:24:39,654 [IPC Server handler 0 on default port 14489] INFO  ipc.Server (Server.java:run(1026)) - IPC Server handler 0 on default port 14489: skipped Call#316 Retry#0 org.apache.hadoop.ozone.protocol.StorageContainerDatanodeProtocol.submitRequest from 127.0.0.1:54770
2021-09-22 10:24:39,654 [IPC Server handler 1 on default port 14489] WARN  ipc.Server (Server.java:processResponse(1717)) - IPC Server handler 1 on default port 14489, call Call#380 Retry#0 org.apache.hadoop.ozone.protocol.StorageContainerDatanodeProtocol.submitRequest from 127.0.0.1:54854: output error
2021-09-22 10:24:39,654 [IPC Server handler 1 on default port 14489] INFO  ipc.Server (Server.java:run(2979)) - IPC Server handler 1 on default port 14489 caught an exception
java.nio.channels.ClosedChannelException
	at sun.nio.ch.SocketChannelImpl.ensureWriteOpen(SocketChannelImpl.java:269)
	at sun.nio.ch.SocketChannelImpl.write(SocketChannelImpl.java:460)
	at org.apache.hadoop.ipc.Server.channelWrite(Server.java:3605)
	at org.apache.hadoop.ipc.Server.access$1700(Server.java:141)
	at org.apache.hadoop.ipc.Server$Responder.processResponse(Server.java:1667)
	at org.apache.hadoop.ipc.Server$Responder.doRespond(Server.java:1737)
	at org.apache.hadoop.ipc.Server$Connection.sendResponse(Server.java:2837)
	at org.apache.hadoop.ipc.Server$Connection.access$300(Server.java:1809)
	at org.apache.hadoop.ipc.Server$RpcCall.doResponse(Server.java:1117)
	at org.apache.hadoop.ipc.Server$Call.doResponse(Server.java:909)
	at org.apache.hadoop.ipc.Server$Call.sendResponse(Server.java:895)
	at org.apache.hadoop.ipc.Server$RpcCall.run(Server.java:1052)
	at org.apache.hadoop.ipc.Server$RpcCall.run(Server.java:963)
	at java.security.AccessController.doPrivileged(Native Method)
	at javax.security.auth.Subject.doAs(Subject.java:422)
	at org.apache.hadoop.security.UserGroupInformation.doAs(UserGroupInformation.java:1878)
	at org.apache.hadoop.ipc.Server$Handler.run(Server.java:2966)
2021-09-22 10:24:39,656 [IPC Server handler 2 on default port 14489] WARN  ipc.Server (Server.java:processResponse(1717)) - IPC Server handler 2 on default port 14489, call Call#416 Retry#0 org.apache.hadoop.ozone.protocol.StorageContainerDatanodeProtocol.submitRequest from 127.0.0.1:54898: output error
2021-09-22 10:24:39,656 [IPC Server handler 2 on default port 14489] INFO  ipc.Server (Server.java:run(2979)) - IPC Server handler 2 on default port 14489 caught an exception
java.nio.channels.ClosedChannelException
	at sun.nio.ch.SocketChannelImpl.ensureWriteOpen(SocketChannelImpl.java:269)
	at sun.nio.ch.SocketChannelImpl.write(SocketChannelImpl.java:460)
	at org.apache.hadoop.ipc.Server.channelWrite(Server.java:3605)
	at org.apache.hadoop.ipc.Server.access$1700(Server.java:141)
	at org.apache.hadoop.ipc.Server$Responder.processResponse(Server.java:1667)
	at org.apache.hadoop.ipc.Server$Responder.doRespond(Server.java:1737)
	at org.apache.hadoop.ipc.Server$Connection.sendResponse(Server.java:2837)
	at org.apache.hadoop.ipc.Server$Connection.access$300(Server.java:1809)
	at org.apache.hadoop.ipc.Server$RpcCall.doResponse(Server.java:1117)
	at org.apache.hadoop.ipc.Server$Call.doResponse(Server.java:909)
	at org.apache.hadoop.ipc.Server$Call.sendResponse(Server.java:895)
	at org.apache.hadoop.ipc.Server$RpcCall.run(Server.java:1052)
	at org.apache.hadoop.ipc.Server$RpcCall.run(Server.java:963)
	at java.security.AccessController.doPrivileged(Native Method)
	at javax.security.auth.Subject.doAs(Subject.java:422)
	at org.apache.hadoop.security.UserGroupInformation.doAs(UserGroupInformation.java:1878)
	at org.apache.hadoop.ipc.Server$Handler.run(Server.java:2966)
2021-09-22 10:24:39,657 [EndpointStateMachine task thread for /127.0.0.1:14489 - 0 ] INFO  ozoneimpl.OzoneContainer (OzoneContainer.java:start(300)) - Ignore. OzoneContainer already started.
2021-09-22 10:24:39,657 [IPC Server handler 3 on default port 14489] WARN  ipc.Server (Server.java:processResponse(1717)) - IPC Server handler 3 on default port 14489, call Call#274 Retry#0 org.apache.hadoop.ozone.protocol.StorageContainerDatanodeProtocol.submitRequest from 127.0.0.1:54720: output error
2021-09-22 10:24:39,657 [IPC Server handler 3 on default port 14489] INFO  ipc.Server (Server.java:run(2979)) - IPC Server handler 3 on default port 14489 caught an exception
java.nio.channels.ClosedChannelException
	at sun.nio.ch.SocketChannelImpl.ensureWriteOpen(SocketChannelImpl.java:269)
	at sun.nio.ch.SocketChannelImpl.write(SocketChannelImpl.java:460)
	at org.apache.hadoop.ipc.Server.channelWrite(Server.java:3605)
	at org.apache.hadoop.ipc.Server.access$1700(Server.java:141)
	at org.apache.hadoop.ipc.Server$Responder.processResponse(Server.java:1667)
	at org.apache.hadoop.ipc.Server$Responder.doRespond(Server.java:1737)
	at org.apache.hadoop.ipc.Server$Connection.sendResponse(Server.java:2837)
	at org.apache.hadoop.ipc.Server$Connection.access$300(Server.java:1809)
	at org.apache.hadoop.ipc.Server$RpcCall.doResponse(Server.java:1117)
	at org.apache.hadoop.ipc.Server$Call.doResponse(Server.java:909)
	at org.apache.hadoop.ipc.Server$Call.sendResponse(Server.java:895)
	at org.apache.hadoop.ipc.Server$RpcCall.run(Server.java:1052)
	at org.apache.hadoop.ipc.Server$RpcCall.run(Server.java:963)
	at java.security.AccessController.doPrivileged(Native Method)
	at javax.security.auth.Subject.doAs(Subject.java:422)
	at org.apache.hadoop.security.UserGroupInformation.doAs(UserGroupInformation.java:1878)
	at org.apache.hadoop.ipc.Server$Handler.run(Server.java:2966)
2021-09-22 10:24:39,657 [IPC Server handler 4 on default port 14489] WARN  ipc.Server (Server.java:processResponse(1717)) - IPC Server handler 4 on default port 14489, call Call#348 Retry#0 org.apache.hadoop.ozone.protocol.StorageContainerDatanodeProtocol.submitRequest from 127.0.0.1:54812: output error
2021-09-22 10:24:39,657 [IPC Server handler 4 on default port 14489] INFO  ipc.Server (Server.java:run(2979)) - IPC Server handler 4 on default port 14489 caught an exception
java.nio.channels.ClosedChannelException
	at sun.nio.ch.SocketChannelImpl.ensureWriteOpen(SocketChannelImpl.java:269)
	at sun.nio.ch.SocketChannelImpl.write(SocketChannelImpl.java:460)
	at org.apache.hadoop.ipc.Server.channelWrite(Server.java:3605)
	at org.apache.hadoop.ipc.Server.access$1700(Server.java:141)
	at org.apache.hadoop.ipc.Server$Responder.processResponse(Server.java:1667)
	at org.apache.hadoop.ipc.Server$Responder.doRespond(Server.java:1737)
	at org.apache.hadoop.ipc.Server$Connection.sendResponse(Server.java:2837)
	at org.apache.hadoop.ipc.Server$Connection.access$300(Server.java:1809)
	at org.apache.hadoop.ipc.Server$RpcCall.doResponse(Server.java:1117)
	at org.apache.hadoop.ipc.Server$Call.doResponse(Server.java:909)
	at org.apache.hadoop.ipc.Server$Call.sendResponse(Server.java:895)
	at org.apache.hadoop.ipc.Server$RpcCall.run(Server.java:1052)
	at org.apache.hadoop.ipc.Server$RpcCall.run(Server.java:963)
	at java.security.AccessController.doPrivileged(Native Method)
	at javax.security.auth.Subject.doAs(Subject.java:422)
	at org.apache.hadoop.security.UserGroupInformation.doAs(UserGroupInformation.java:1878)
	at org.apache.hadoop.ipc.Server$Handler.run(Server.java:2966)
2021-09-22 10:24:39,658 [org.apache.hadoop.util.JvmPauseMonitor$Monitor@3993c2be] INFO  util.JvmPauseMonitor (JvmPauseMonitor.java:run(188)) - Starting JVM pause monitor
2021-09-22 10:24:39,659 [Listener at 127.0.0.1/12164] INFO  http.BaseHttpServer (BaseHttpServer.java:newHttpServer2BuilderForOzone(209)) - Starting Web-server for scm at: http://0.0.0.0:14486
2021-09-22 10:24:39,659 [Listener at 127.0.0.1/12164] INFO  http.BaseHttpServer (BaseHttpServer.java:<init>(107)) - Hadoop Security Enabled: false Ozone Security Enabled: false Ozone HTTP Security Enabled: false 
2021-09-22 10:24:39,661 [Listener at 127.0.0.1/12164] INFO  server.AuthenticationFilter (AuthenticationFilter.java:constructSecretProvider(240)) - Unable to initialize FileSignerSecretProvider, falling back to use random secrets.
2021-09-22 10:24:39,662 [EndpointStateMachine task thread for /127.0.0.1:14489 - 0 ] INFO  ozoneimpl.OzoneContainer (OzoneContainer.java:start(300)) - Ignore. OzoneContainer already started.
2021-09-22 10:24:39,662 [EndpointStateMachine task thread for /127.0.0.1:14489 - 0 ] INFO  ozoneimpl.OzoneContainer (OzoneContainer.java:start(300)) - Ignore. OzoneContainer already started.
2021-09-22 10:24:39,669 [IPC Server handler 7 on default port 14489] INFO  net.NetworkTopologyImpl (NetworkTopologyImpl.java:add(112)) - Added a new node: /default-rack/f12b8819-3292-4aaa-8592-45fcb8486f00
2021-09-22 10:24:39,670 [IPC Server handler 7 on default port 14489] INFO  node.SCMNodeManager (SCMNodeManager.java:register(389)) - Registered Data node : f12b8819-3292-4aaa-8592-45fcb8486f00{ip: 127.0.0.1, host: localhost, ports: [REPLICATION=46153, RATIS=37357, RATIS_ADMIN=37357, RATIS_SERVER=37357, STANDALONE=43927], networkLocation: /default-rack, certSerialId: null, persistedOpState: null, persistedOpStateExpiryEpochSec: 0}
2021-09-22 10:24:39,679 [Listener at 127.0.0.1/12164] WARN  http.HttpRequestLog (HttpRequestLog.java:getRequestLog(103)) - Jetty request log can only be enabled using Log4j
2021-09-22 10:24:39,686 [Listener at 127.0.0.1/12164] INFO  http.HttpServer2 (HttpServer2.java:addGlobalFilter(1030)) - Added global filter 'safety' (class=org.apache.hadoop.hdds.server.http.HttpServer2$QuotingInputFilter)
2021-09-22 10:24:39,686 [Listener at 127.0.0.1/12164] INFO  http.HttpServer2 (HttpServer2.java:addFilter(1006)) - Added filter static_user_filter (class=org.apache.hadoop.http.lib.StaticUserWebFilter$StaticUserFilter) to context scm
2021-09-22 10:24:39,687 [Listener at 127.0.0.1/12164] INFO  http.HttpServer2 (HttpServer2.java:addFilter(1014)) - Added filter static_user_filter (class=org.apache.hadoop.http.lib.StaticUserWebFilter$StaticUserFilter) to context logs
2021-09-22 10:24:39,687 [Listener at 127.0.0.1/12164] INFO  http.HttpServer2 (HttpServer2.java:addFilter(1014)) - Added filter static_user_filter (class=org.apache.hadoop.http.lib.StaticUserWebFilter$StaticUserFilter) to context static
2021-09-22 10:24:39,687 [Listener at 127.0.0.1/12164] INFO  http.HttpServer2 (HttpServer2.java:bindListener(1249)) - Jetty bound to port 14486
2021-09-22 10:24:39,688 [Listener at 127.0.0.1/12164] INFO  server.Server (Server.java:doStart(375)) - jetty-9.4.43.v20210629; built: 2021-06-30T11:07:22.254Z; git: 526006ecfa3af7f1a27ef3a288e2bef7ea9dd7e8; jvm 1.8.0_292-b10
2021-09-22 10:24:39,689 [EventQueue-NewNodeForNewNodeHandler] INFO  pipeline.BackgroundPipelineCreator (BackgroundPipelineCreatorV2.java:notifyEventTriggered(279)) - ignore, not leader SCM.
2021-09-22 10:24:39,699 [EventQueue-NodeRegistrationContainerReportForDataNodeSafeModeRule] INFO  safemode.SCMSafeModeManager (DataNodeSafeModeRule.java:process(71)) - SCM in safe mode. 1 DataNodes registered, 3 required.
2021-09-22 10:24:39,703 [Listener at 127.0.0.1/12164] INFO  server.session (DefaultSessionIdManager.java:doStart(334)) - DefaultSessionIdManager workerName=node0
2021-09-22 10:24:39,704 [Listener at 127.0.0.1/12164] INFO  server.session (DefaultSessionIdManager.java:doStart(339)) - No SessionScavenger set, using defaults
2021-09-22 10:24:39,704 [Listener at 127.0.0.1/12164] INFO  server.session (HouseKeeper.java:startScavenging(132)) - node0 Scavenging every 660000ms
2021-09-22 10:24:39,705 [Listener at 127.0.0.1/12164] INFO  handler.ContextHandler (ContextHandler.java:doStart(915)) - Started o.e.j.s.ServletContextHandler@7acf609d{logs,/logs,file:///home/runner/work/ozone/ozone/hadoop-ozone/integration-test/target/log,AVAILABLE}
2021-09-22 10:24:39,705 [Listener at 127.0.0.1/12164] INFO  handler.ContextHandler (ContextHandler.java:doStart(915)) - Started o.e.j.s.ServletContextHandler@ec1963b{static,/static,file:///home/runner/work/ozone/ozone/hadoop-ozone/integration-test/target/test-classes/webapps/static,AVAILABLE}
2021-09-22 10:24:39,711 [EventQueue-NodeRegistrationContainerReportForContainerSafeModeRule] INFO  safemode.SCMSafeModeManager (SCMSafeModeManager.java:validateSafeModeExitRules(204)) - ContainerSafeModeRule rule is successfully validated
2021-09-22 10:24:39,711 [EventQueue-OpenPipelineForHealthyPipelineSafeModeRule] INFO  safemode.SCMSafeModeManager (HealthyPipelineSafeModeRule.java:process(124)) - SCM in safe mode. Healthy pipelines reported count is 0, required healthy pipeline reported count is 1
2021-09-22 10:24:39,714 [Listener at 127.0.0.1/12164] INFO  handler.ContextHandler (ContextHandler.java:doStart(915)) - Started o.e.j.w.WebAppContext@60cb098b{scm,/,file:///home/runner/work/ozone/ozone/hadoop-ozone/integration-test/target/test-classes/webapps/scm/,AVAILABLE}{file:/home/runner/work/ozone/ozone/hadoop-ozone/integration-test/target/test-classes/webapps/scm}
2021-09-22 10:24:39,711 [EventQueue-PipelineReportForOneReplicaPipelineSafeModeRule] INFO  safemode.SCMSafeModeManager (OneReplicaPipelineSafeModeRule.java:process(120)) - SCM in safe mode. Pipelines with at least one datanode reported count is 1, required at least one datanode reported per pipeline count is 1
2021-09-22 10:24:39,722 [EventQueue-PipelineReportForOneReplicaPipelineSafeModeRule] INFO  safemode.SCMSafeModeManager (SCMSafeModeManager.java:validateSafeModeExitRules(204)) - AtleastOneDatanodeReportedRule rule is successfully validated
2021-09-22 10:24:39,724 [Listener at 127.0.0.1/12164] INFO  server.AbstractConnector (AbstractConnector.java:doStart(331)) - Started ServerConnector@b73e7ff{HTTP/1.1, (http/1.1)}{0.0.0.0:14486}
2021-09-22 10:24:39,724 [Listener at 127.0.0.1/12164] INFO  server.Server (Server.java:doStart(415)) - Started @119435ms
2021-09-22 10:24:39,724 [Listener at 127.0.0.1/12164] WARN  impl.MetricsSystemImpl (MetricsSystemImpl.java:register(279)) - Sink prometheus already exists!
2021-09-22 10:24:39,725 [Listener at 127.0.0.1/12164] INFO  http.BaseHttpServer (BaseHttpServer.java:updateConnectorAddress(329)) - HTTP server of scm listening at http://0.0.0.0:14486
2021-09-22 10:24:39,725 [Listener at 127.0.0.1/12164] INFO  safemode.SCMSafeModeManager (SCMSafeModeManager.java:exitSafeMode(248)) - SCM exiting safe mode.
2021-09-22 10:24:39,725 [Listener at 127.0.0.1/12164] WARN  events.EventQueue (EventQueue.java:fireEvent(194)) - No event handler registered for event TypedEvent{payloadType=SafeModeStatus, name='Safe mode status'}
2021-09-22 10:24:39,725 [Listener at 127.0.0.1/12164] INFO  ha.SCMContext (SCMContext.java:updateSafeModeStatus(205)) - Update SafeModeStatus from SafeModeStatus{safeModeStatus=true, preCheckPassed=false} to SafeModeStatus{safeModeStatus=false, preCheckPassed=true}.
2021-09-22 10:24:39,728 [d7bf25b9-218d-4f93-a950-cbf604fb8be9@group-FEC5D6B24579-FollowerState] INFO  impl.FollowerState (FollowerState.java:run(134)) - d7bf25b9-218d-4f93-a950-cbf604fb8be9@group-FEC5D6B24579-FollowerState: change to CANDIDATE, lastRpcElapsedTime:5086882020ns, electionTimeout:5054ms
2021-09-22 10:24:39,728 [d7bf25b9-218d-4f93-a950-cbf604fb8be9@group-FEC5D6B24579-FollowerState] INFO  impl.RoleInfo (RoleInfo.java:shutdownFollowerState(108)) - d7bf25b9-218d-4f93-a950-cbf604fb8be9: shutdown d7bf25b9-218d-4f93-a950-cbf604fb8be9@group-FEC5D6B24579-FollowerState
2021-09-22 10:24:39,728 [d7bf25b9-218d-4f93-a950-cbf604fb8be9@group-FEC5D6B24579-FollowerState] INFO  server.RaftServer$Division (RaftServerImpl.java:setRole(285)) - d7bf25b9-218d-4f93-a950-cbf604fb8be9@group-FEC5D6B24579: changes role from  FOLLOWER to CANDIDATE at term 5 for changeToCandidate
2021-09-22 10:24:39,728 [d7bf25b9-218d-4f93-a950-cbf604fb8be9@group-FEC5D6B24579-FollowerState] INFO  server.RaftServerConfigKeys (ConfUtils.java:logGet(44)) - raft.server.leaderelection.pre-vote = false (custom)
2021-09-22 10:24:39,728 [d7bf25b9-218d-4f93-a950-cbf604fb8be9@group-FEC5D6B24579-FollowerState] INFO  impl.RoleInfo (RoleInfo.java:updateAndGet(130)) - d7bf25b9-218d-4f93-a950-cbf604fb8be9: start d7bf25b9-218d-4f93-a950-cbf604fb8be9@group-FEC5D6B24579-LeaderElection32
2021-09-22 10:24:39,735 [d7bf25b9-218d-4f93-a950-cbf604fb8be9@group-FEC5D6B24579-LeaderElection32] INFO  impl.LeaderElection (LeaderElection.java:askForVotes(306)) - d7bf25b9-218d-4f93-a950-cbf604fb8be9@group-FEC5D6B24579-LeaderElection32 ELECTION round 0: submit vote requests at term 6 for -1: [523ca5f6-ff53-4fd3-97b8-2ae94a10fc0e|rpc:127.0.0.1:41341|dataStream:|priority:0, d7bf25b9-218d-4f93-a950-cbf604fb8be9|rpc:127.0.0.1:43373|dataStream:|priority:1, f12b8819-3292-4aaa-8592-45fcb8486f00|rpc:127.0.0.1:37357|dataStream:|priority:0], old=null
2021-09-22 10:24:39,737 [Listener at 127.0.0.1/12164] INFO  db.RDBCheckpointManager (RDBCheckpointManager.java:createCheckpoint(86)) - Created checkpoint at /home/runner/work/ozone/ozone/hadoop-ozone/integration-test/target/test-dir/MiniOzoneClusterImpl-37bb77ab-1cd7-4f0f-8c8b-61e82082808e/scmNode-1/db.checkpoints/scm.db_checkpoint_1632306279726 in 11 milliseconds
2021-09-22 10:24:39,750 [grpc-default-executor-1] INFO  server.RaftServer$Division (RaftServerImpl.java:requestVote(1043)) - 523ca5f6-ff53-4fd3-97b8-2ae94a10fc0e@group-FEC5D6B24579: receive requestVote(ELECTION, d7bf25b9-218d-4f93-a950-cbf604fb8be9, group-FEC5D6B24579, 6, (t:0, i:0))
2021-09-22 10:24:39,750 [grpc-default-executor-1] INFO  impl.VoteContext (VoteContext.java:log(48)) - 523ca5f6-ff53-4fd3-97b8-2ae94a10fc0e@group-FEC5D6B24579-FOLLOWER: accept ELECTION from d7bf25b9-218d-4f93-a950-cbf604fb8be9: our priority 0 <= candidate's priority 1
2021-09-22 10:24:39,750 [grpc-default-executor-1] INFO  server.RaftServer$Division (RaftServerImpl.java:setRole(285)) - 523ca5f6-ff53-4fd3-97b8-2ae94a10fc0e@group-FEC5D6B24579: changes role from  FOLLOWER to FOLLOWER at term 6 for candidate:d7bf25b9-218d-4f93-a950-cbf604fb8be9
2021-09-22 10:24:39,750 [grpc-default-executor-1] INFO  impl.RoleInfo (RoleInfo.java:shutdownFollowerState(108)) - 523ca5f6-ff53-4fd3-97b8-2ae94a10fc0e: shutdown 523ca5f6-ff53-4fd3-97b8-2ae94a10fc0e@group-FEC5D6B24579-FollowerState
2021-09-22 10:24:39,750 [grpc-default-executor-1] INFO  impl.RoleInfo (RoleInfo.java:updateAndGet(130)) - 523ca5f6-ff53-4fd3-97b8-2ae94a10fc0e: start 523ca5f6-ff53-4fd3-97b8-2ae94a10fc0e@group-FEC5D6B24579-FollowerState
2021-09-22 10:24:39,751 [523ca5f6-ff53-4fd3-97b8-2ae94a10fc0e@group-FEC5D6B24579-FollowerState] INFO  impl.FollowerState (FollowerState.java:run(143)) - 523ca5f6-ff53-4fd3-97b8-2ae94a10fc0e@group-FEC5D6B24579-FollowerState was interrupted: {}
java.lang.InterruptedException: sleep interrupted
	at java.lang.Thread.sleep(Native Method)
	at java.lang.Thread.sleep(Thread.java:340)
	at java.util.concurrent.TimeUnit.sleep(TimeUnit.java:386)
	at org.apache.ratis.util.TimeDuration.sleep(TimeDuration.java:324)
	at org.apache.ratis.util.TimeDuration.sleep(TimeDuration.java:309)
	at org.apache.ratis.server.impl.FollowerState.run(FollowerState.java:118)
2021-09-22 10:24:39,754 [grpc-default-executor-2] INFO  server.RaftServer$Division (RaftServerImpl.java:requestVote(1043)) - f12b8819-3292-4aaa-8592-45fcb8486f00@group-FEC5D6B24579: receive requestVote(ELECTION, d7bf25b9-218d-4f93-a950-cbf604fb8be9, group-FEC5D6B24579, 6, (t:0, i:0))
2021-09-22 10:24:39,754 [grpc-default-executor-2] INFO  impl.VoteContext (VoteContext.java:log(48)) - f12b8819-3292-4aaa-8592-45fcb8486f00@group-FEC5D6B24579-FOLLOWER: accept ELECTION from d7bf25b9-218d-4f93-a950-cbf604fb8be9: our priority 0 <= candidate's priority 1
2021-09-22 10:24:39,754 [grpc-default-executor-2] INFO  server.RaftServer$Division (RaftServerImpl.java:setRole(285)) - f12b8819-3292-4aaa-8592-45fcb8486f00@group-FEC5D6B24579: changes role from  FOLLOWER to FOLLOWER at term 6 for candidate:d7bf25b9-218d-4f93-a950-cbf604fb8be9
2021-09-22 10:24:39,755 [grpc-default-executor-2] INFO  impl.RoleInfo (RoleInfo.java:shutdownFollowerState(108)) - f12b8819-3292-4aaa-8592-45fcb8486f00: shutdown f12b8819-3292-4aaa-8592-45fcb8486f00@group-FEC5D6B24579-FollowerState
2021-09-22 10:24:39,757 [grpc-default-executor-2] INFO  impl.RoleInfo (RoleInfo.java:updateAndGet(130)) - f12b8819-3292-4aaa-8592-45fcb8486f00: start f12b8819-3292-4aaa-8592-45fcb8486f00@group-FEC5D6B24579-FollowerState
2021-09-22 10:24:39,765 [f12b8819-3292-4aaa-8592-45fcb8486f00@group-FEC5D6B24579-FollowerState] INFO  impl.FollowerState (FollowerState.java:run(143)) - f12b8819-3292-4aaa-8592-45fcb8486f00@group-FEC5D6B24579-FollowerState was interrupted: {}
java.lang.InterruptedException: sleep interrupted
	at java.lang.Thread.sleep(Native Method)
	at java.lang.Thread.sleep(Thread.java:340)
	at java.util.concurrent.TimeUnit.sleep(TimeUnit.java:386)
	at org.apache.ratis.util.TimeDuration.sleep(TimeDuration.java:324)
	at org.apache.ratis.util.TimeDuration.sleep(TimeDuration.java:309)
	at org.apache.ratis.server.impl.FollowerState.run(FollowerState.java:118)
2021-09-22 10:24:39,766 [grpc-default-executor-1] INFO  server.RaftServer$Division (RaftServerImpl.java:requestVote(1075)) - 523ca5f6-ff53-4fd3-97b8-2ae94a10fc0e@group-FEC5D6B24579 replies to ELECTION vote request: d7bf25b9-218d-4f93-a950-cbf604fb8be9<-523ca5f6-ff53-4fd3-97b8-2ae94a10fc0e#0:OK-t6. Peer's state: 523ca5f6-ff53-4fd3-97b8-2ae94a10fc0e@group-FEC5D6B24579:t6, leader=null, voted=d7bf25b9-218d-4f93-a950-cbf604fb8be9, raftlog=523ca5f6-ff53-4fd3-97b8-2ae94a10fc0e@group-FEC5D6B24579-SegmentedRaftLog:OPENED:c-1,f-1,i0, conf=-1: [523ca5f6-ff53-4fd3-97b8-2ae94a10fc0e|rpc:127.0.0.1:41341|dataStream:|priority:0, d7bf25b9-218d-4f93-a950-cbf604fb8be9|rpc:127.0.0.1:43373|dataStream:|priority:1, f12b8819-3292-4aaa-8592-45fcb8486f00|rpc:127.0.0.1:37357|dataStream:|priority:0], old=null
2021-09-22 10:24:39,768 [d7bf25b9-218d-4f93-a950-cbf604fb8be9@group-FEC5D6B24579-LeaderElection32] INFO  impl.LeaderElection (LeaderElection.java:logAndReturn(89)) - d7bf25b9-218d-4f93-a950-cbf604fb8be9@group-FEC5D6B24579-LeaderElection32: ELECTION PASSED received 1 response(s) and 0 exception(s):
2021-09-22 10:24:39,768 [d7bf25b9-218d-4f93-a950-cbf604fb8be9@group-FEC5D6B24579-LeaderElection32] INFO  impl.LeaderElection (LeaderElection.java:logAndReturn(93)) -   Response 0: d7bf25b9-218d-4f93-a950-cbf604fb8be9<-523ca5f6-ff53-4fd3-97b8-2ae94a10fc0e#0:OK-t6
2021-09-22 10:24:39,768 [d7bf25b9-218d-4f93-a950-cbf604fb8be9@group-FEC5D6B24579-LeaderElection32] INFO  impl.LeaderElection (LeaderElection.java:askForVotes(308)) - d7bf25b9-218d-4f93-a950-cbf604fb8be9@group-FEC5D6B24579-LeaderElection32 ELECTION round 0: result PASSED
2021-09-22 10:24:39,768 [d7bf25b9-218d-4f93-a950-cbf604fb8be9@group-FEC5D6B24579-LeaderElection32] INFO  impl.RoleInfo (RoleInfo.java:shutdownLeaderElection(121)) - d7bf25b9-218d-4f93-a950-cbf604fb8be9: shutdown d7bf25b9-218d-4f93-a950-cbf604fb8be9@group-FEC5D6B24579-LeaderElection32
2021-09-22 10:24:39,768 [d7bf25b9-218d-4f93-a950-cbf604fb8be9@group-FEC5D6B24579-LeaderElection32] INFO  server.RaftServer$Division (RaftServerImpl.java:setRole(285)) - d7bf25b9-218d-4f93-a950-cbf604fb8be9@group-FEC5D6B24579: changes role from CANDIDATE to LEADER at term 6 for changeToLeader
2021-09-22 10:24:39,768 [d7bf25b9-218d-4f93-a950-cbf604fb8be9@group-FEC5D6B24579-LeaderElection32] INFO  ratis.XceiverServerRatis (XceiverServerRatis.java:handleLeaderChangedNotification(860)) - Leader change notification received for group: group-FEC5D6B24579 with new leaderId: d7bf25b9-218d-4f93-a950-cbf604fb8be9
2021-09-22 10:24:39,769 [d7bf25b9-218d-4f93-a950-cbf604fb8be9@group-FEC5D6B24579-LeaderElection32] INFO  server.RaftServer$Division (ServerState.java:setLeader(285)) - d7bf25b9-218d-4f93-a950-cbf604fb8be9@group-FEC5D6B24579: change Leader from null to d7bf25b9-218d-4f93-a950-cbf604fb8be9 at term 6 for becomeLeader, leader elected after 30737ms
2021-09-22 10:24:39,769 [d7bf25b9-218d-4f93-a950-cbf604fb8be9@group-FEC5D6B24579-LeaderElection32] INFO  server.RaftServerConfigKeys (ConfUtils.java:logGet(44)) - raft.server.staging.catchup.gap = 1000 (default)
2021-09-22 10:24:39,769 [Datanode State Machine Thread - 0] WARN  statemachine.StateContext (StateContext.java:execute(621)) - No available thread in pool for past 1 seconds.
2021-09-22 10:24:39,769 [d7bf25b9-218d-4f93-a950-cbf604fb8be9@group-FEC5D6B24579-LeaderElection32] INFO  server.RaftServerConfigKeys (ConfUtils.java:logGet(44)) - raft.server.write.element-limit = 1024 (custom)
2021-09-22 10:24:39,769 [d7bf25b9-218d-4f93-a950-cbf604fb8be9@group-FEC5D6B24579-LeaderElection32] INFO  server.RaftServerConfigKeys (ConfUtils.java:logGet(44)) - raft.server.write.byte-limit = 1024 M (=1073741824) (custom)
2021-09-22 10:24:39,770 [d7bf25b9-218d-4f93-a950-cbf604fb8be9@group-FEC5D6B24579-LeaderElection32] INFO  server.RaftServerConfigKeys (ConfUtils.java:logGet(44)) - raft.server.watch.timeout = 180s (custom)
2021-09-22 10:24:39,770 [d7bf25b9-218d-4f93-a950-cbf604fb8be9@group-FEC5D6B24579-LeaderElection32] INFO  server.RaftServerConfigKeys (ConfUtils.java:logGet(44)) - raft.server.watch.timeout.denomination = 1s (default)
2021-09-22 10:24:39,770 [d7bf25b9-218d-4f93-a950-cbf604fb8be9@group-FEC5D6B24579-LeaderElection32] INFO  server.RaftServerConfigKeys (ConfUtils.java:logGet(44)) - raft.server.watch.element-limit = 65536 (default)
2021-09-22 10:24:39,771 [d7bf25b9-218d-4f93-a950-cbf604fb8be9@group-FEC5D6B24579-LeaderElection32] INFO  server.RaftServerConfigKeys (ConfUtils.java:logGet(44)) - raft.server.log.appender.snapshot.chunk.size.max = 16MB (=16777216) (default)
2021-09-22 10:24:39,771 [d7bf25b9-218d-4f93-a950-cbf604fb8be9@group-FEC5D6B24579-LeaderElection32] INFO  server.RaftServerConfigKeys (ConfUtils.java:logGet(44)) - raft.server.log.appender.buffer.byte-limit = 33554432 (custom)
2021-09-22 10:24:39,771 [d7bf25b9-218d-4f93-a950-cbf604fb8be9@group-FEC5D6B24579-LeaderElection32] INFO  server.RaftServerConfigKeys (ConfUtils.java:logGet(44)) - raft.server.log.appender.buffer.element-limit = 1 (custom)
2021-09-22 10:24:39,771 [d7bf25b9-218d-4f93-a950-cbf604fb8be9@group-FEC5D6B24579-LeaderElection32] INFO  grpc.GrpcConfigKeys (ConfUtils.java:logGet(44)) - raft.grpc.server.leader.outstanding.appends.max = 128 (default)
2021-09-22 10:24:39,771 [d7bf25b9-218d-4f93-a950-cbf604fb8be9@group-FEC5D6B24579-LeaderElection32] INFO  server.RaftServerConfigKeys (ConfUtils.java:logGet(44)) - raft.server.rpc.request.timeout = 60s (custom)
2021-09-22 10:24:39,777 [d7bf25b9-218d-4f93-a950-cbf604fb8be9@group-FEC5D6B24579-LeaderElection32] INFO  server.RaftServerConfigKeys (ConfUtils.java:logGet(44)) - raft.server.log.appender.install.snapshot.enabled = false (custom)
2021-09-22 10:24:39,778 [d7bf25b9-218d-4f93-a950-cbf604fb8be9@group-FEC5D6B24579-LeaderElection32] INFO  server.RaftServerConfigKeys (ConfUtils.java:logGet(44)) - raft.server.log.appender.snapshot.chunk.size.max = 16MB (=16777216) (default)
2021-09-22 10:24:39,779 [d7bf25b9-218d-4f93-a950-cbf604fb8be9@group-FEC5D6B24579-LeaderElection32] INFO  server.RaftServerConfigKeys (ConfUtils.java:logGet(44)) - raft.server.log.appender.buffer.byte-limit = 33554432 (custom)
2021-09-22 10:24:39,779 [d7bf25b9-218d-4f93-a950-cbf604fb8be9@group-FEC5D6B24579-LeaderElection32] INFO  server.RaftServerConfigKeys (ConfUtils.java:logGet(44)) - raft.server.log.appender.buffer.element-limit = 1 (custom)
2021-09-22 10:24:39,779 [d7bf25b9-218d-4f93-a950-cbf604fb8be9@group-FEC5D6B24579-LeaderElection32] INFO  grpc.GrpcConfigKeys (ConfUtils.java:logGet(44)) - raft.grpc.server.leader.outstanding.appends.max = 128 (default)
2021-09-22 10:24:39,779 [d7bf25b9-218d-4f93-a950-cbf604fb8be9@group-FEC5D6B24579-LeaderElection32] INFO  server.RaftServerConfigKeys (ConfUtils.java:logGet(44)) - raft.server.rpc.request.timeout = 60s (custom)
2021-09-22 10:24:39,779 [d7bf25b9-218d-4f93-a950-cbf604fb8be9@group-FEC5D6B24579-LeaderElection32] INFO  server.RaftServerConfigKeys (ConfUtils.java:logGet(44)) - raft.server.log.appender.install.snapshot.enabled = false (custom)
2021-09-22 10:24:39,780 [d7bf25b9-218d-4f93-a950-cbf604fb8be9@group-FEC5D6B24579-LeaderElection32] INFO  impl.RoleInfo (RoleInfo.java:updateAndGet(130)) - d7bf25b9-218d-4f93-a950-cbf604fb8be9: start d7bf25b9-218d-4f93-a950-cbf604fb8be9@group-FEC5D6B24579-LeaderStateImpl
2021-09-22 10:24:39,771 [EventQueue-PipelineReportForPipelineReportHandler] INFO  pipeline.PipelineManagerImpl (PipelineManagerImpl.java:openPipeline(282)) - Pipeline Pipeline[ Id: 0bf11d1f-42f6-42f6-8313-fec5d6b24579, Nodes: 523ca5f6-ff53-4fd3-97b8-2ae94a10fc0e{ip: 127.0.0.1, host: localhost, ports: [REPLICATION=36777, RATIS=41341, RATIS_ADMIN=41341, RATIS_SERVER=41341, STANDALONE=36643], networkLocation: /default-rack, certSerialId: null, persistedOpState: IN_SERVICE, persistedOpStateExpiryEpochSec: 0}d7bf25b9-218d-4f93-a950-cbf604fb8be9{ip: 127.0.0.1, host: localhost, ports: [REPLICATION=36831, RATIS=43373, RATIS_ADMIN=43373, RATIS_SERVER=43373, STANDALONE=33141], networkLocation: /default-rack, certSerialId: null, persistedOpState: IN_SERVICE, persistedOpStateExpiryEpochSec: 0}f12b8819-3292-4aaa-8592-45fcb8486f00{ip: 127.0.0.1, host: localhost, ports: [REPLICATION=46153, RATIS=37357, RATIS_ADMIN=37357, RATIS_SERVER=37357, STANDALONE=43927], networkLocation: /default-rack, certSerialId: null, persistedOpState: IN_SERVICE, persistedOpStateExpiryEpochSec: 0}, ReplicationConfig: RATIS/THREE, State:ALLOCATED, leaderId:d7bf25b9-218d-4f93-a950-cbf604fb8be9, CreationTimestamp2021-09-22T10:24:06.461Z[Etc/UTC]] moved to OPEN state
2021-09-22 10:24:39,781 [EventQueue-PipelineReportForPipelineReportHandler] INFO  ha.SCMHAInvocationHandler (SCMHAInvocationHandler.java:invokeRatis(113)) - Invoking method public abstract void org.apache.hadoop.hdds.scm.pipeline.StateManager.updatePipelineState(org.apache.hadoop.hdds.protocol.proto.HddsProtos$PipelineID,org.apache.hadoop.hdds.protocol.proto.HddsProtos$PipelineState) throws java.io.IOException on target org.apache.hadoop.hdds.scm.ha.SCMRatisServerImpl@75c7c3f9, cost 272.801us
2021-09-22 10:24:39,781 [EventQueue-OpenPipelineForHealthyPipelineSafeModeRule] INFO  safemode.SCMSafeModeManager (HealthyPipelineSafeModeRule.java:process(124)) - SCM in safe mode. Healthy pipelines reported count is 0, required healthy pipeline reported count is 1
2021-09-22 10:24:39,781 [EventQueue-OpenPipelineForHealthyPipelineSafeModeRule] INFO  safemode.SCMSafeModeManager (HealthyPipelineSafeModeRule.java:process(124)) - SCM in safe mode. Healthy pipelines reported count is 1, required healthy pipeline reported count is 1
2021-09-22 10:24:39,781 [EventQueue-OpenPipelineForHealthyPipelineSafeModeRule] INFO  safemode.SCMSafeModeManager (SCMSafeModeManager.java:validateSafeModeExitRules(204)) - HealthyPipelineSafeModeRule rule is successfully validated
2021-09-22 10:24:39,781 [EventQueue-OpenPipelineForHealthyPipelineSafeModeRule] INFO  safemode.SCMSafeModeManager (SCMSafeModeManager.java:validateSafeModeExitRules(219)) - ScmSafeModeManager, all rules are successfully validated
2021-09-22 10:24:39,781 [EventQueue-OpenPipelineForHealthyPipelineSafeModeRule] INFO  safemode.SCMSafeModeManager (SCMSafeModeManager.java:exitSafeMode(248)) - SCM exiting safe mode.
2021-09-22 10:24:39,781 [EventQueue-OpenPipelineForHealthyPipelineSafeModeRule] WARN  events.EventQueue (EventQueue.java:fireEvent(194)) - No event handler registered for event TypedEvent{payloadType=SafeModeStatus, name='Safe mode status'}
2021-09-22 10:24:39,772 [IPC Server handler 1 on default port 14489] INFO  net.NetworkTopologyImpl (NetworkTopologyImpl.java:add(112)) - Added a new node: /default-rack/d7bf25b9-218d-4f93-a950-cbf604fb8be9
2021-09-22 10:24:39,786 [IPC Server handler 1 on default port 14489] INFO  node.SCMNodeManager (SCMNodeManager.java:register(389)) - Registered Data node : d7bf25b9-218d-4f93-a950-cbf604fb8be9{ip: 127.0.0.1, host: localhost, ports: [REPLICATION=36831, RATIS=43373, RATIS_ADMIN=43373, RATIS_SERVER=43373, STANDALONE=33141], networkLocation: /default-rack, certSerialId: null, persistedOpState: null, persistedOpStateExpiryEpochSec: 0}
2021-09-22 10:24:39,771 [EventQueue-PipelineReportForPipelineReportHandler] INFO  pipeline.PipelineManagerImpl (PipelineManagerImpl.java:openPipeline(282)) - Pipeline Pipeline[ Id: 0bf11d1f-42f6-42f6-8313-fec5d6b24579, Nodes: 523ca5f6-ff53-4fd3-97b8-2ae94a10fc0e{ip: 127.0.0.1, host: localhost, ports: [REPLICATION=36777, RATIS=41341, RATIS_ADMIN=41341, RATIS_SERVER=41341, STANDALONE=36643], networkLocation: /default-rack, certSerialId: null, persistedOpState: IN_SERVICE, persistedOpStateExpiryEpochSec: 0}d7bf25b9-218d-4f93-a950-cbf604fb8be9{ip: 127.0.0.1, host: localhost, ports: [REPLICATION=36831, RATIS=43373, RATIS_ADMIN=43373, RATIS_SERVER=43373, STANDALONE=33141], networkLocation: /default-rack, certSerialId: null, persistedOpState: IN_SERVICE, persistedOpStateExpiryEpochSec: 0}f12b8819-3292-4aaa-8592-45fcb8486f00{ip: 127.0.0.1, host: localhost, ports: [REPLICATION=46153, RATIS=37357, RATIS_ADMIN=37357, RATIS_SERVER=37357, STANDALONE=43927], networkLocation: /default-rack, certSerialId: null, persistedOpState: IN_SERVICE, persistedOpStateExpiryEpochSec: 0}, ReplicationConfig: RATIS/THREE, State:ALLOCATED, leaderId:d7bf25b9-218d-4f93-a950-cbf604fb8be9, CreationTimestamp2021-09-22T10:24:06.461Z[Etc/UTC]] moved to OPEN state
2021-09-22 10:24:39,786 [EventQueue-NewNodeForNewNodeHandler] INFO  pipeline.BackgroundPipelineCreator (BackgroundPipelineCreatorV2.java:notifyEventTriggered(279)) - ignore, not leader SCM.
2021-09-22 10:24:39,798 [grpc-default-executor-2] INFO  server.RaftServer$Division (RaftServerImpl.java:requestVote(1075)) - f12b8819-3292-4aaa-8592-45fcb8486f00@group-FEC5D6B24579 replies to ELECTION vote request: d7bf25b9-218d-4f93-a950-cbf604fb8be9<-f12b8819-3292-4aaa-8592-45fcb8486f00#0:OK-t6. Peer's state: f12b8819-3292-4aaa-8592-45fcb8486f00@group-FEC5D6B24579:t6, leader=null, voted=d7bf25b9-218d-4f93-a950-cbf604fb8be9, raftlog=f12b8819-3292-4aaa-8592-45fcb8486f00@group-FEC5D6B24579-SegmentedRaftLog:OPENED:c-1,f-1,i0, conf=-1: [523ca5f6-ff53-4fd3-97b8-2ae94a10fc0e|rpc:127.0.0.1:41341|priority:0, d7bf25b9-218d-4f93-a950-cbf604fb8be9|rpc:127.0.0.1:43373|priority:1, f12b8819-3292-4aaa-8592-45fcb8486f00|rpc:127.0.0.1:37357|priority:0], old=null
2021-09-22 10:24:39,800 [EventQueue-OpenPipelineForHealthyPipelineSafeModeRule] INFO  ha.SCMContext (SCMContext.java:updateSafeModeStatus(205)) - Update SafeModeStatus from SafeModeStatus{safeModeStatus=true, preCheckPassed=true} to SafeModeStatus{safeModeStatus=false, preCheckPassed=true}.
2021-09-22 10:24:39,801 [d7bf25b9-218d-4f93-a950-cbf604fb8be9@group-FEC5D6B24579-LeaderElection32] INFO  segmented.SegmentedRaftLogWorker (SegmentedRaftLogWorker.java:startLogSegment(394)) - d7bf25b9-218d-4f93-a950-cbf604fb8be9@group-FEC5D6B24579-SegmentedRaftLogWorker: Starting segment from index:0
2021-09-22 10:24:39,803 [348557bb-52cf-467b-ac94-ee5fd4af8d60@group-61E82082808E-StateMachineUpdater] ERROR impl.StateMachineUpdater (StateMachineUpdater.java:run(191)) - 348557bb-52cf-467b-ac94-ee5fd4af8d60@group-61E82082808E-StateMachineUpdater caught a Throwable.
java.lang.IllegalStateException: 348557bb-52cf-467b-ac94-ee5fd4af8d60: Failed updateLastAppliedTermIndex: newTI = (t:2, i:28) < oldTI = (t:2, i:128)
	at org.apache.ratis.util.Preconditions.assertTrue(Preconditions.java:72)
	at org.apache.ratis.statemachine.impl.BaseStateMachine.updateLastAppliedTermIndex(BaseStateMachine.java:142)
	at org.apache.hadoop.hdds.scm.ha.SCMStateMachine.notifyTermIndexUpdated(SCMStateMachine.java:303)
	at org.apache.ratis.server.impl.RaftServerImpl.applyLogToStateMachine(RaftServerImpl.java:1669)
	at org.apache.ratis.server.impl.StateMachineUpdater.applyLog(StateMachineUpdater.java:234)
	at org.apache.ratis.server.impl.StateMachineUpdater.run(StateMachineUpdater.java:179)
	at java.lang.Thread.run(Thread.java:748)
2021-09-22 10:24:39,803 [348557bb-52cf-467b-ac94-ee5fd4af8d60@group-61E82082808E-StateMachineUpdater] INFO  server.RaftServer$Division (RaftServerImpl.java:lambda$close$4(407)) - 348557bb-52cf-467b-ac94-ee5fd4af8d60@group-61E82082808E: shutdown
2021-09-22 10:24:39,803 [348557bb-52cf-467b-ac94-ee5fd4af8d60@group-61E82082808E-StateMachineUpdater] INFO  util.JmxRegister (JmxRegister.java:unregister(73)) - Successfully un-registered JMX Bean with object name Ratis:service=RaftServer,group=group-61E82082808E,id=348557bb-52cf-467b-ac94-ee5fd4af8d60
2021-09-22 10:24:39,803 [348557bb-52cf-467b-ac94-ee5fd4af8d60@group-61E82082808E-StateMachineUpdater] INFO  impl.RoleInfo (RoleInfo.java:shutdownFollowerState(108)) - 348557bb-52cf-467b-ac94-ee5fd4af8d60: shutdown 348557bb-52cf-467b-ac94-ee5fd4af8d60@group-61E82082808E-FollowerState
2021-09-22 10:24:39,807 [EventQueue-PipelineReportForPipelineReportHandler] INFO  ha.SCMHAInvocationHandler (SCMHAInvocationHandler.java:invokeRatis(113)) - Invoking method public abstract void org.apache.hadoop.hdds.scm.pipeline.StateManager.updatePipelineState(org.apache.hadoop.hdds.protocol.proto.HddsProtos$PipelineID,org.apache.hadoop.hdds.protocol.proto.HddsProtos$PipelineState) throws java.io.IOException on target org.apache.hadoop.hdds.scm.ha.SCMRatisServerImpl@5f5c945c, cost 20749.232us
2021-09-22 10:24:39,825 [d7bf25b9-218d-4f93-a950-cbf604fb8be9@group-FEC5D6B24579-LeaderElection32] INFO  server.RaftServer$Division (ServerState.java:setRaftConf(387)) - d7bf25b9-218d-4f93-a950-cbf604fb8be9@group-FEC5D6B24579: set configuration 0: [523ca5f6-ff53-4fd3-97b8-2ae94a10fc0e|rpc:127.0.0.1:41341|dataStream:|priority:0, d7bf25b9-218d-4f93-a950-cbf604fb8be9|rpc:127.0.0.1:43373|dataStream:|priority:1, f12b8819-3292-4aaa-8592-45fcb8486f00|rpc:127.0.0.1:37357|dataStream:|priority:0], old=null
2021-09-22 10:24:39,835 [348557bb-52cf-467b-ac94-ee5fd4af8d60@group-61E82082808E-FollowerState] INFO  impl.FollowerState (FollowerState.java:run(143)) - 348557bb-52cf-467b-ac94-ee5fd4af8d60@group-61E82082808E-FollowerState was interrupted: {}
java.lang.InterruptedException: sleep interrupted
	at java.lang.Thread.sleep(Native Method)
	at java.lang.Thread.sleep(Thread.java:340)
	at java.util.concurrent.TimeUnit.sleep(TimeUnit.java:386)
	at org.apache.ratis.util.TimeDuration.sleep(TimeDuration.java:324)
	at org.apache.ratis.util.TimeDuration.sleep(TimeDuration.java:309)
	at org.apache.ratis.server.impl.FollowerState.run(FollowerState.java:118)
2021-09-22 10:24:39,836 [348557bb-52cf-467b-ac94-ee5fd4af8d60@group-61E82082808E-StateMachineUpdater] INFO  server.RaftServer$Division (ServerState.java:close(419)) - 348557bb-52cf-467b-ac94-ee5fd4af8d60@group-61E82082808E: closes. applyIndex: 28
2021-09-22 10:24:39,836 [348557bb-52cf-467b-ac94-ee5fd4af8d60@group-61E82082808E-SegmentedRaftLogWorker] INFO  segmented.SegmentedRaftLogWorker (SegmentedRaftLogWorker.java:run(327)) - 348557bb-52cf-467b-ac94-ee5fd4af8d60@group-61E82082808E-SegmentedRaftLogWorker was interrupted, exiting. There are 0 tasks remaining in the queue.
2021-09-22 10:24:39,838 [348557bb-52cf-467b-ac94-ee5fd4af8d60@group-61E82082808E-StateMachineUpdater] INFO  segmented.SegmentedRaftLogWorker (SegmentedRaftLogWorker.java:close(237)) - 348557bb-52cf-467b-ac94-ee5fd4af8d60@group-61E82082808E-SegmentedRaftLogWorker close()
2021-09-22 10:24:39,842 [grpc-default-executor-1] INFO  ratis.XceiverServerRatis (XceiverServerRatis.java:handleLeaderChangedNotification(860)) - Leader change notification received for group: group-FEC5D6B24579 with new leaderId: d7bf25b9-218d-4f93-a950-cbf604fb8be9
2021-09-22 10:24:39,842 [grpc-default-executor-1] INFO  server.RaftServer$Division (ServerState.java:setLeader(285)) - 523ca5f6-ff53-4fd3-97b8-2ae94a10fc0e@group-FEC5D6B24579: change Leader from null to d7bf25b9-218d-4f93-a950-cbf604fb8be9 at term 6 for appendEntries, leader elected after 30882ms
2021-09-22 10:24:39,846 [grpc-default-executor-1] INFO  server.RaftServer$Division (ServerState.java:setRaftConf(387)) - 523ca5f6-ff53-4fd3-97b8-2ae94a10fc0e@group-FEC5D6B24579: set configuration 0: [523ca5f6-ff53-4fd3-97b8-2ae94a10fc0e|rpc:127.0.0.1:41341|dataStream:|priority:0, d7bf25b9-218d-4f93-a950-cbf604fb8be9|rpc:127.0.0.1:43373|dataStream:|priority:1, f12b8819-3292-4aaa-8592-45fcb8486f00|rpc:127.0.0.1:37357|dataStream:|priority:0], old=null
2021-09-22 10:24:39,846 [grpc-default-executor-1] INFO  segmented.SegmentedRaftLogWorker (SegmentedRaftLogWorker.java:startLogSegment(394)) - 523ca5f6-ff53-4fd3-97b8-2ae94a10fc0e@group-FEC5D6B24579-SegmentedRaftLogWorker: Starting segment from index:0
2021-09-22 10:24:39,849 [523ca5f6-ff53-4fd3-97b8-2ae94a10fc0e@group-FEC5D6B24579-SegmentedRaftLogWorker] INFO  segmented.SegmentedRaftLogWorker (SegmentedRaftLogWorker.java:execute(601)) - 523ca5f6-ff53-4fd3-97b8-2ae94a10fc0e@group-FEC5D6B24579-SegmentedRaftLogWorker: created new log segment /home/runner/work/ozone/ozone/hadoop-ozone/integration-test/target/test-dir/MiniOzoneClusterImpl-37bb77ab-1cd7-4f0f-8c8b-61e82082808e/datanode-1/data/ratis/0bf11d1f-42f6-42f6-8313-fec5d6b24579/current/log_inprogress_0
2021-09-22 10:24:39,861 [d7bf25b9-218d-4f93-a950-cbf604fb8be9@group-FEC5D6B24579-SegmentedRaftLogWorker] INFO  segmented.SegmentedRaftLogWorker (SegmentedRaftLogWorker.java:execute(601)) - d7bf25b9-218d-4f93-a950-cbf604fb8be9@group-FEC5D6B24579-SegmentedRaftLogWorker: created new log segment /home/runner/work/ozone/ozone/hadoop-ozone/integration-test/target/test-dir/MiniOzoneClusterImpl-37bb77ab-1cd7-4f0f-8c8b-61e82082808e/datanode-2/data/ratis/0bf11d1f-42f6-42f6-8313-fec5d6b24579/current/log_inprogress_0
2021-09-22 10:24:39,891 [6cde2b08-89b9-430e-b77c-97253f43be03@group-61E82082808E-StateMachineUpdater] INFO  ha.SCMStateMachine (SCMStateMachine.java:takeSnapshot(290)) - Current Snapshot Index 30, takeSnapshot took 0 ms
2021-09-22 10:24:39,891 [6cde2b08-89b9-430e-b77c-97253f43be03@group-61E82082808E-StateMachineUpdater] INFO  impl.StateMachineUpdater (StateMachineUpdater.java:takeSnapshot(281)) - 6cde2b08-89b9-430e-b77c-97253f43be03@group-61E82082808E-StateMachineUpdater: Took a snapshot at index 30
2021-09-22 10:24:39,891 [6cde2b08-89b9-430e-b77c-97253f43be03@group-61E82082808E-StateMachineUpdater] INFO  impl.StateMachineUpdater (StateMachineUpdater.java:lambda$new$0(89)) - 6cde2b08-89b9-430e-b77c-97253f43be03@group-61E82082808E-StateMachineUpdater: snapshotIndex: updateIncreasingly 25 -> 30
2021-09-22 10:24:39,891 [6cde2b08-89b9-430e-b77c-97253f43be03@group-61E82082808E-StateMachineUpdater] INFO  raftlog.RaftLog (RaftLogBase.java:purge(306)) - 6cde2b08-89b9-430e-b77c-97253f43be03@group-61E82082808E-SegmentedRaftLog: purge 30
2021-09-22 10:24:39,891 [6cde2b08-89b9-430e-b77c-97253f43be03@group-61E82082808E-StateMachineUpdater] INFO  raftlog.RaftLog (RaftLogBase.java:lambda$new$0(53)) - 6cde2b08-89b9-430e-b77c-97253f43be03@group-61E82082808E-SegmentedRaftLog: snapshotIndex: updateIncreasingly 25 -> 30
2021-09-22 10:24:39,891 [6cde2b08-89b9-430e-b77c-97253f43be03@group-61E82082808E-StateMachineUpdater] INFO  raftlog.RaftLog (RaftLogBase.java:lambda$new$0(53)) - 6cde2b08-89b9-430e-b77c-97253f43be03@group-61E82082808E-SegmentedRaftLog: purgeIndex: updateToMax old=25, new=30, updated? true
2021-09-22 10:24:39,894 [Listener at 127.0.0.1/12164] INFO  ha.SCMHAManagerImpl (SCMHAManagerImpl.java:installCheckpoint(227)) - Installing checkpoint with SCMTransactionInfo 2#25
2021-09-22 10:24:39,895 [Listener at 127.0.0.1/12164] WARN  ha.SCMHAManagerImpl (SCMHAManagerImpl.java:installCheckpoint(240)) - Cannot proceed with InstallSnapshot as SCM is at TermIndex (t:2, i:28) and checkpoint has lower TermIndex (t:2, i:25). Reloading old state of SCM.
2021-09-22 10:24:39,897 [grpc-default-executor-1] INFO  ratis.XceiverServerRatis (XceiverServerRatis.java:handleLeaderChangedNotification(860)) - Leader change notification received for group: group-FEC5D6B24579 with new leaderId: d7bf25b9-218d-4f93-a950-cbf604fb8be9
2021-09-22 10:24:39,898 [grpc-default-executor-1] INFO  server.RaftServer$Division (ServerState.java:setLeader(285)) - f12b8819-3292-4aaa-8592-45fcb8486f00@group-FEC5D6B24579: change Leader from null to d7bf25b9-218d-4f93-a950-cbf604fb8be9 at term 6 for appendEntries, leader elected after 31040ms
2021-09-22 10:24:39,898 [Listener at 127.0.0.1/12164] INFO  ozone.MiniOzoneClusterImpl (MiniOzoneClusterImpl.java:shutdown(453)) - Shutting down the Mini Ozone Cluster
2021-09-22 10:24:39,898 [Listener at 127.0.0.1/12164] INFO  ozone.MiniOzoneHAClusterImpl (MiniOzoneHAClusterImpl.java:stop(298)) - Stopping the OzoneManager omNode-1
2021-09-22 10:24:39,899 [Listener at 127.0.0.1/12164] INFO  om.OzoneManager (OzoneManager.java:stop(1644)) - Stopping Ozone Manager
2021-09-22 10:24:39,899 [Listener at 127.0.0.1/12164] INFO  ipc.Server (Server.java:stop(3414)) - Stopping server on 12164
2021-09-22 10:24:39,932 [IPC Server listener on 12164] INFO  ipc.Server (Server.java:run(1376)) - Stopping IPC Server listener on 12164
2021-09-22 10:24:39,934 [grpc-default-executor-1] INFO  server.RaftServer$Division (ServerState.java:setRaftConf(387)) - f12b8819-3292-4aaa-8592-45fcb8486f00@group-FEC5D6B24579: set configuration 0: [523ca5f6-ff53-4fd3-97b8-2ae94a10fc0e|rpc:127.0.0.1:41341|dataStream:|priority:0, d7bf25b9-218d-4f93-a950-cbf604fb8be9|rpc:127.0.0.1:43373|dataStream:|priority:1, f12b8819-3292-4aaa-8592-45fcb8486f00|rpc:127.0.0.1:37357|dataStream:|priority:0], old=null
2021-09-22 10:24:39,934 [grpc-default-executor-1] INFO  segmented.SegmentedRaftLogWorker (SegmentedRaftLogWorker.java:startLogSegment(394)) - f12b8819-3292-4aaa-8592-45fcb8486f00@group-FEC5D6B24579-SegmentedRaftLogWorker: Starting segment from index:0
2021-09-22 10:24:39,939 [f12b8819-3292-4aaa-8592-45fcb8486f00@group-FEC5D6B24579-SegmentedRaftLogWorker] INFO  segmented.SegmentedRaftLogWorker (SegmentedRaftLogWorker.java:execute(601)) - f12b8819-3292-4aaa-8592-45fcb8486f00@group-FEC5D6B24579-SegmentedRaftLogWorker: created new log segment /home/runner/work/ozone/ozone/hadoop-ozone/integration-test/target/test-dir/MiniOzoneClusterImpl-37bb77ab-1cd7-4f0f-8c8b-61e82082808e/datanode-0/data/ratis/0bf11d1f-42f6-42f6-8313-fec5d6b24579/current/log_inprogress_0
2021-09-22 10:24:39,947 [IPC Server Responder] INFO  ipc.Server (Server.java:run(1512)) - Stopping IPC Server Responder
2021-09-22 10:24:39,949 [Listener at 127.0.0.1/12164] INFO  server.RaftServer (RaftServerProxy.java:lambda$close$6(391)) - omNode-1: close
2021-09-22 10:24:39,949 [Listener at 127.0.0.1/12164] INFO  server.RaftServer$Division (RaftServerImpl.java:lambda$close$4(407)) - omNode-1@group-523986131536: shutdown
2021-09-22 10:24:39,949 [Listener at 127.0.0.1/12164] INFO  util.JmxRegister (JmxRegister.java:unregister(73)) - Successfully un-registered JMX Bean with object name Ratis:service=RaftServer,group=group-523986131536,id=omNode-1
2021-09-22 10:24:39,950 [Listener at 127.0.0.1/12164] INFO  impl.RoleInfo (RoleInfo.java:shutdownLeaderState(91)) - omNode-1: shutdown omNode-1@group-523986131536-LeaderStateImpl
2021-09-22 10:24:39,950 [Listener at 127.0.0.1/12164] INFO  impl.PendingRequests (PendingRequests.java:sendNotLeaderResponses(282)) - omNode-1@group-523986131536-PendingRequests: sendNotLeaderResponses
2021-09-22 10:24:39,950 [Listener at 127.0.0.1/12164] INFO  impl.StateMachineUpdater (StateMachineUpdater.java:stopAndJoin(149)) - omNode-1@group-523986131536-StateMachineUpdater: set stopIndex = 0
2021-09-22 10:24:39,951 [omNode-1@group-523986131536-StateMachineUpdater] INFO  ratis.OzoneManagerStateMachine (OzoneManagerStateMachine.java:takeSnapshot(417)) - Current Snapshot Index (t:1, i:0)
2021-09-22 10:24:39,951 [omNode-1@group-523986131536-StateMachineUpdater] INFO  impl.StateMachineUpdater (StateMachineUpdater.java:takeSnapshot(281)) - omNode-1@group-523986131536-StateMachineUpdater: Took a snapshot at index 0
2021-09-22 10:24:39,951 [omNode-1@group-523986131536-StateMachineUpdater] INFO  impl.StateMachineUpdater (StateMachineUpdater.java:lambda$new$0(89)) - omNode-1@group-523986131536-StateMachineUpdater: snapshotIndex: updateIncreasingly -1 -> 0
2021-09-22 10:24:39,951 [omNode-1@group-523986131536-StateMachineUpdater] INFO  ratis.OzoneManagerStateMachine (OzoneManagerStateMachine.java:close(471)) - StateMachine has shutdown. Shutdown OzoneManager if not already shutdown.
2021-09-22 10:24:39,954 [Listener at 127.0.0.1/12164] INFO  server.RaftServer$Division (ServerState.java:close(419)) - omNode-1@group-523986131536: closes. applyIndex: 0
2021-09-22 10:24:39,954 [omNode-1@group-523986131536-SegmentedRaftLogWorker] INFO  segmented.SegmentedRaftLogWorker (SegmentedRaftLogWorker.java:run(327)) - omNode-1@group-523986131536-SegmentedRaftLogWorker was interrupted, exiting. There are 0 tasks remaining in the queue.
2021-09-22 10:24:39,956 [Listener at 127.0.0.1/12164] INFO  segmented.SegmentedRaftLogWorker (SegmentedRaftLogWorker.java:close(237)) - omNode-1@group-523986131536-SegmentedRaftLogWorker close()
2021-09-22 10:24:39,958 [Listener at 127.0.0.1/12164] INFO  server.GrpcService (GrpcService.java:closeImpl(262)) - omNode-1: shutdown server with port 12168 now
2021-09-22 10:24:39,972 [Listener at 127.0.0.1/12164] INFO  server.GrpcService (GrpcService.java:closeImpl(271)) - omNode-1: shutdown server with port 12168 successfully
2021-09-22 10:24:39,975 [org.apache.ratis.util.JvmPauseMonitor$$Lambda$499/1893987183@a200a54] INFO  util.JvmPauseMonitor (JvmPauseMonitor.java:run(109)) - JvmPauseMonitor-omNode-1: Stopped
2021-09-22 10:24:39,975 [Listener at 127.0.0.1/12164] INFO  ratis.OzoneManagerDoubleBuffer (OzoneManagerDoubleBuffer.java:stop(437)) - Stopping OMDoubleBuffer flush thread
2021-09-22 10:24:39,975 [OMDoubleBufferFlushThread] INFO  ratis.OzoneManagerDoubleBuffer (OzoneManagerDoubleBuffer.java:flushTransactions(356)) - OMDoubleBuffer flush thread OMDoubleBufferFlushThread is interrupted and will exit. OMDoubleBufferFlushThread
2021-09-22 10:24:39,976 [Listener at 127.0.0.1/12164] INFO  utils.BackgroundService (BackgroundService.java:shutdown(132)) - Shutting down service KeyDeletingService
2021-09-22 10:24:39,981 [Listener at 127.0.0.1/12164] INFO  handler.ContextHandler (ContextHandler.java:doStop(1153)) - Stopped o.e.j.w.WebAppContext@7c47f5b0{ozoneManager,/,null,STOPPED}{file:/home/runner/work/ozone/ozone/hadoop-ozone/integration-test/target/test-classes/webapps/ozoneManager}
2021-09-22 10:24:39,981 [Listener at 127.0.0.1/12164] INFO  server.AbstractConnector (AbstractConnector.java:doStop(381)) - Stopped ServerConnector@57304755{HTTP/1.1, (http/1.1)}{0.0.0.0:12166}
2021-09-22 10:24:39,981 [Listener at 127.0.0.1/12164] INFO  server.session (HouseKeeper.java:stopScavenging(149)) - node0 Stopped scavenging
2021-09-22 10:24:39,985 [Listener at 127.0.0.1/12164] INFO  handler.ContextHandler (ContextHandler.java:doStop(1153)) - Stopped o.e.j.s.ServletContextHandler@25e79799{static,/static,file:///home/runner/work/ozone/ozone/hadoop-ozone/integration-test/target/test-classes/webapps/static,STOPPED}
2021-09-22 10:24:39,985 [Listener at 127.0.0.1/12164] INFO  handler.ContextHandler (ContextHandler.java:doStop(1153)) - Stopped o.e.j.s.ServletContextHandler@69530799{logs,/logs,file:///home/runner/work/ozone/ozone/hadoop-ozone/integration-test/target/log,STOPPED}
2021-09-22 10:24:40,003 [Listener at 127.0.0.1/12164] INFO  ozone.MiniOzoneHAClusterImpl (MiniOzoneHAClusterImpl.java:stop(306)) - Stopping the StorageContainerManager 6f37d426-3152-46b4-8a1e-16c91badf795
2021-09-22 10:24:40,005 [Listener at 127.0.0.1/12164] INFO  server.StorageContainerManager (StorageContainerManager.java:stop(1371)) - Stopping Container Balancer service.
2021-09-22 10:24:40,005 [Listener at 127.0.0.1/12164] INFO  balancer.ContainerBalancer (ContainerBalancer.java:stop(717)) - Container Balancer is not running.
2021-09-22 10:24:40,005 [Listener at 127.0.0.1/12164] INFO  server.StorageContainerManager (StorageContainerManager.java:stop(1378)) - Stopping Replication Manager Service.
2021-09-22 10:24:40,005 [Listener at 127.0.0.1/12164] INFO  container.ReplicationManager (ReplicationManager.java:stop(350)) - Stopping Replication Monitor Thread.
2021-09-22 10:24:40,006 [Listener at 127.0.0.1/12164] INFO  server.StorageContainerManager (StorageContainerManager.java:stop(1385)) - Stopping the Datanode Admin Monitor.
2021-09-22 10:24:40,006 [EndpointStateMachine task thread for /127.0.0.1:14513 - 0 ] INFO  ipc.Client (Client.java:handleConnectionFailure(977)) - Retrying connect to server: localhost/127.0.0.1:14513. Already tried 9 time(s); retry policy is RetryUpToMaximumCountWithFixedSleep(maxRetries=15, sleepTime=1000 MILLISECONDS)
2021-09-22 10:24:40,006 [Listener at 127.0.0.1/12164] INFO  server.StorageContainerManager (StorageContainerManager.java:stop(1392)) - Stopping Lease Manager of the command watchers
2021-09-22 10:24:40,007 [Listener at 127.0.0.1/12164] INFO  server.StorageContainerManager (StorageContainerManager.java:stop(1399)) - Stopping datanode service RPC server
2021-09-22 10:24:40,008 [Listener at 127.0.0.1/12164] INFO  server.SCMDatanodeProtocolServer (SCMDatanodeProtocolServer.java:stop(389)) - Stopping the RPC server for DataNodes
2021-09-22 10:24:40,008 [Listener at 127.0.0.1/12164] INFO  ipc.Server (Server.java:stop(3414)) - Stopping server on 14479
2021-09-22 10:24:40,015 [IPC Server listener on 14479] INFO  ipc.Server (Server.java:run(1376)) - Stopping IPC Server listener on 14479
2021-09-22 10:24:40,020 [IPC Server Responder] INFO  ipc.Server (Server.java:run(1512)) - Stopping IPC Server Responder
2021-09-22 10:24:40,043 [SCM Heartbeat Processing Thread - 0] WARN  node.NodeStateManager (NodeStateManager.java:scheduleNextHealthCheck(799)) - Current Thread is interrupted, shutting down HB processing thread for Node Manager.
2021-09-22 10:24:40,047 [Listener at 127.0.0.1/12164] INFO  server.StorageContainerManager (StorageContainerManager.java:stop(1407)) - Stopping block service RPC server
2021-09-22 10:24:40,048 [Listener at 127.0.0.1/12164] INFO  server.SCMBlockProtocolServer (SCMBlockProtocolServer.java:stop(160)) - Stopping the RPC server for Block Protocol
2021-09-22 10:24:40,048 [Listener at 127.0.0.1/12164] INFO  ipc.Server (Server.java:stop(3414)) - Stopping server on 14480
2021-09-22 10:24:40,050 [IPC Server listener on 14480] INFO  ipc.Server (Server.java:run(1376)) - Stopping IPC Server listener on 14480
2021-09-22 10:24:40,054 [Listener at 127.0.0.1/12164] INFO  server.StorageContainerManager (StorageContainerManager.java:stop(1414)) - Stopping the StorageContainerLocationProtocol RPC server
2021-09-22 10:24:40,054 [Listener at 127.0.0.1/12164] INFO  server.SCMClientProtocolServer (SCMClientProtocolServer.java:stop(173)) - Stopping the RPC server for Client Protocol
2021-09-22 10:24:40,054 [Listener at 127.0.0.1/12164] INFO  ipc.Server (Server.java:stop(3414)) - Stopping server on 14481
2021-09-22 10:24:40,054 [IPC Server Responder] INFO  ipc.Server (Server.java:run(1512)) - Stopping IPC Server Responder
2021-09-22 10:24:40,057 [IPC Server listener on 14481] INFO  ipc.Server (Server.java:run(1376)) - Stopping IPC Server listener on 14481
2021-09-22 10:24:40,061 [IPC Server Responder] INFO  ipc.Server (Server.java:run(1512)) - Stopping IPC Server Responder
2021-09-22 10:24:40,061 [Listener at 127.0.0.1/12164] INFO  server.StorageContainerManager (StorageContainerManager.java:stop(1421)) - Stopping Storage Container Manager HTTP server.
2021-09-22 10:24:40,062 [Listener at 127.0.0.1/12164] INFO  handler.ContextHandler (ContextHandler.java:doStop(1153)) - Stopped o.e.j.w.WebAppContext@25a4c88a{scm,/,null,STOPPED}{file:/home/runner/work/ozone/ozone/hadoop-ozone/integration-test/target/test-classes/webapps/scm}
2021-09-22 10:24:40,063 [Listener at 127.0.0.1/12164] INFO  server.AbstractConnector (AbstractConnector.java:doStop(381)) - Stopped ServerConnector@67be0ae9{HTTP/1.1, (http/1.1)}{0.0.0.0:14476}
2021-09-22 10:24:40,064 [Listener at 127.0.0.1/12164] INFO  server.session (HouseKeeper.java:stopScavenging(149)) - node0 Stopped scavenging
2021-09-22 10:24:40,064 [Listener at 127.0.0.1/12164] INFO  handler.ContextHandler (ContextHandler.java:doStop(1153)) - Stopped o.e.j.s.ServletContextHandler@4b672ced{static,/static,file:///home/runner/work/ozone/ozone/hadoop-ozone/integration-test/target/test-classes/webapps/static,STOPPED}
2021-09-22 10:24:40,064 [Listener at 127.0.0.1/12164] INFO  handler.ContextHandler (ContextHandler.java:doStop(1153)) - Stopped o.e.j.s.ServletContextHandler@72d3cdb{logs,/logs,file:///home/runner/work/ozone/ozone/hadoop-ozone/integration-test/target/log,STOPPED}
2021-09-22 10:24:40,067 [Listener at 127.0.0.1/12164] INFO  server.StorageContainerManager (StorageContainerManager.java:stop(1432)) - Stopping Block Manager Service.
2021-09-22 10:24:40,067 [Listener at 127.0.0.1/12164] INFO  utils.BackgroundService (BackgroundService.java:shutdown(132)) - Shutting down service SCMBlockDeletingService
2021-09-22 10:24:40,067 [Listener at 127.0.0.1/12164] INFO  utils.BackgroundService (BackgroundService.java:shutdown(132)) - Shutting down service SCMBlockDeletingService
2021-09-22 10:24:40,067 [Listener at 127.0.0.1/12164] INFO  server.StorageContainerManager (StorageContainerManager.java:stop(1459)) - Stopping SCM Event Queue.
2021-09-22 10:24:40,073 [Listener at 127.0.0.1/12164] INFO  server.StorageContainerManager (StorageContainerManager.java:stop(1470)) - Stopping SCM HA services.
2021-09-22 10:24:40,073 [Listener at 127.0.0.1/12164] INFO  ha.SCMRatisServerImpl (SCMRatisServerImpl.java:stop(236)) - stopping ratis server 0.0.0.0:14478
2021-09-22 10:24:40,073 [Listener at 127.0.0.1/12164] INFO  server.RaftServer (RaftServerProxy.java:lambda$close$6(391)) - 6f37d426-3152-46b4-8a1e-16c91badf795: close
2021-09-22 10:24:40,073 [Listener at 127.0.0.1/12164] INFO  server.RaftServer$Division (RaftServerImpl.java:lambda$close$4(407)) - 6f37d426-3152-46b4-8a1e-16c91badf795@group-61E82082808E: shutdown
2021-09-22 10:24:40,074 [Listener at 127.0.0.1/12164] INFO  util.JmxRegister (JmxRegister.java:unregister(73)) - Successfully un-registered JMX Bean with object name Ratis:service=RaftServer,group=group-61E82082808E,id=6f37d426-3152-46b4-8a1e-16c91badf795
2021-09-22 10:24:40,074 [Listener at 127.0.0.1/12164] INFO  impl.RoleInfo (RoleInfo.java:shutdownFollowerState(108)) - 6f37d426-3152-46b4-8a1e-16c91badf795: shutdown 6f37d426-3152-46b4-8a1e-16c91badf795@group-61E82082808E-FollowerState
2021-09-22 10:24:40,074 [6f37d426-3152-46b4-8a1e-16c91badf795@group-61E82082808E-FollowerState] INFO  impl.FollowerState (FollowerState.java:run(143)) - 6f37d426-3152-46b4-8a1e-16c91badf795@group-61E82082808E-FollowerState was interrupted: {}
java.lang.InterruptedException: sleep interrupted
	at java.lang.Thread.sleep(Native Method)
	at java.lang.Thread.sleep(Thread.java:340)
	at java.util.concurrent.TimeUnit.sleep(TimeUnit.java:386)
	at org.apache.ratis.util.TimeDuration.sleep(TimeDuration.java:324)
	at org.apache.ratis.util.TimeDuration.sleep(TimeDuration.java:309)
	at org.apache.ratis.server.impl.FollowerState.run(FollowerState.java:118)
2021-09-22 10:24:40,074 [6f37d426-3152-46b4-8a1e-16c91badf795@group-61E82082808E-StateMachineUpdater] INFO  ha.SCMStateMachine (SCMStateMachine.java:takeSnapshot(290)) - Current Snapshot Index 29, takeSnapshot took 0 ms
2021-09-22 10:24:40,074 [6f37d426-3152-46b4-8a1e-16c91badf795@group-61E82082808E-StateMachineUpdater] INFO  impl.StateMachineUpdater (StateMachineUpdater.java:takeSnapshot(281)) - 6f37d426-3152-46b4-8a1e-16c91badf795@group-61E82082808E-StateMachineUpdater: Took a snapshot at index 29
2021-09-22 10:24:40,074 [6f37d426-3152-46b4-8a1e-16c91badf795@group-61E82082808E-StateMachineUpdater] INFO  impl.StateMachineUpdater (StateMachineUpdater.java:lambda$new$0(89)) - 6f37d426-3152-46b4-8a1e-16c91badf795@group-61E82082808E-StateMachineUpdater: snapshotIndex: updateIncreasingly 25 -> 29
2021-09-22 10:24:40,075 [Listener at 127.0.0.1/12164] INFO  impl.StateMachineUpdater (StateMachineUpdater.java:stopAndJoin(149)) - 6f37d426-3152-46b4-8a1e-16c91badf795@group-61E82082808E-StateMachineUpdater: set stopIndex = 29
2021-09-22 10:24:40,075 [Listener at 127.0.0.1/12164] INFO  server.RaftServer$Division (ServerState.java:close(419)) - 6f37d426-3152-46b4-8a1e-16c91badf795@group-61E82082808E: closes. applyIndex: 28
2021-09-22 10:24:40,075 [6f37d426-3152-46b4-8a1e-16c91badf795@group-61E82082808E-SegmentedRaftLogWorker] INFO  segmented.SegmentedRaftLogWorker (SegmentedRaftLogWorker.java:run(327)) - 6f37d426-3152-46b4-8a1e-16c91badf795@group-61E82082808E-SegmentedRaftLogWorker was interrupted, exiting. There are 0 tasks remaining in the queue.
2021-09-22 10:24:40,077 [Listener at 127.0.0.1/12164] INFO  segmented.SegmentedRaftLogWorker (SegmentedRaftLogWorker.java:close(237)) - 6f37d426-3152-46b4-8a1e-16c91badf795@group-61E82082808E-SegmentedRaftLogWorker close()
2021-09-22 10:24:40,082 [Listener at 127.0.0.1/12164] INFO  server.GrpcService (GrpcService.java:closeImpl(262)) - 6f37d426-3152-46b4-8a1e-16c91badf795: shutdown server with port 14478 now
2021-09-22 10:24:40,087 [grpc-default-executor-2] WARN  server.GrpcServerProtocolService (LogUtils.java:warn(122)) - 6f37d426-3152-46b4-8a1e-16c91badf795: installSnapshot onError, lastRequest: 6cde2b08-89b9-430e-b77c-97253f43be03->6f37d426-3152-46b4-8a1e-16c91badf795#928-t2,previous=(t:2, i:29),leaderCommit=29,initializing? true,entries: size=1, first=(t:2, i:30), METADATAENTRY(c:29): org.apache.ratis.thirdparty.io.grpc.StatusRuntimeException: CANCELLED: client cancelled
2021-09-22 10:24:40,087 [Listener at 127.0.0.1/12164] INFO  server.GrpcService (GrpcService.java:closeImpl(271)) - 6f37d426-3152-46b4-8a1e-16c91badf795: shutdown server with port 14478 successfully
2021-09-22 10:24:40,089 [grpc-default-executor-0] WARN  server.GrpcLogAppender (LogUtils.java:warn(122)) - 6cde2b08-89b9-430e-b77c-97253f43be03@group-61E82082808E->6f37d426-3152-46b4-8a1e-16c91badf795-AppendLogResponseHandler: Failed appendEntries: org.apache.ratis.thirdparty.io.grpc.StatusRuntimeException: CANCELLED: HTTP/2 error code: CANCEL
Received Rst Stream
2021-09-22 10:24:40,089 [org.apache.ratis.util.JvmPauseMonitor$$Lambda$499/1893987183@1552bdc6] INFO  util.JvmPauseMonitor (JvmPauseMonitor.java:run(109)) - JvmPauseMonitor-6f37d426-3152-46b4-8a1e-16c91badf795: Stopped
2021-09-22 10:24:40,089 [grpc-default-executor-0] INFO  leader.FollowerInfo (FollowerInfoImpl.java:lambda$new$0(46)) - 6cde2b08-89b9-430e-b77c-97253f43be03@group-61E82082808E->6f37d426-3152-46b4-8a1e-16c91badf795: nextIndex: updateUnconditionally 31 -> 30
2021-09-22 10:24:40,090 [Listener at 127.0.0.1/12164] INFO  pipeline.BackgroundPipelineCreator (BackgroundPipelineCreatorV2.java:stop(158)) - Stopping RatisPipelineUtilsThread.
2021-09-22 10:24:40,090 [Listener at 127.0.0.1/12164] INFO  server.StorageContainerManager (StorageContainerManager.java:stop(1480)) - Stopping SCM MetadataStore.
2021-09-22 10:24:40,091 [Listener at 127.0.0.1/12164] INFO  impl.MetricsSystemImpl (MetricsSystemImpl.java:stop(210)) - Stopping StorageContainerManager metrics system...
2021-09-22 10:24:40,099 [grpc-default-executor-4] WARN  server.GrpcLogAppender (LogUtils.java:warn(122)) - 6cde2b08-89b9-430e-b77c-97253f43be03@group-61E82082808E->6f37d426-3152-46b4-8a1e-16c91badf795-AppendLogResponseHandler: Failed appendEntries: org.apache.ratis.thirdparty.io.grpc.StatusRuntimeException: UNAVAILABLE: io exception
2021-09-22 10:24:40,099 [grpc-default-executor-4] INFO  leader.FollowerInfo (FollowerInfoImpl.java:lambda$new$0(46)) - 6cde2b08-89b9-430e-b77c-97253f43be03@group-61E82082808E->6f37d426-3152-46b4-8a1e-16c91badf795: nextIndex: updateUnconditionally 31 -> 30
2021-09-22 10:24:40,104 [prometheus] INFO  impl.MetricsSinkAdapter (MetricsSinkAdapter.java:publishMetricsFromQueue(141)) - prometheus thread interrupted.
2021-09-22 10:24:40,105 [Listener at 127.0.0.1/12164] INFO  impl.MetricsSystemImpl (MetricsSystemImpl.java:stop(216)) - StorageContainerManager metrics system stopped.
2021-09-22 10:24:40,105 [Listener at 127.0.0.1/12164] INFO  ozone.MiniOzoneHAClusterImpl (MiniOzoneHAClusterImpl.java:stop(306)) - Stopping the StorageContainerManager 6cde2b08-89b9-430e-b77c-97253f43be03
2021-09-22 10:24:40,106 [Listener at 127.0.0.1/12164] INFO  server.StorageContainerManager (StorageContainerManager.java:stop(1371)) - Stopping Container Balancer service.
2021-09-22 10:24:40,106 [Listener at 127.0.0.1/12164] INFO  balancer.ContainerBalancer (ContainerBalancer.java:stop(717)) - Container Balancer is not running.
2021-09-22 10:24:40,106 [Listener at 127.0.0.1/12164] INFO  server.StorageContainerManager (StorageContainerManager.java:stop(1378)) - Stopping Replication Manager Service.
2021-09-22 10:24:40,106 [Listener at 127.0.0.1/12164] INFO  container.ReplicationManager (ReplicationManager.java:stop(350)) - Stopping Replication Monitor Thread.
2021-09-22 10:24:40,106 [Listener at 127.0.0.1/12164] INFO  server.StorageContainerManager (StorageContainerManager.java:stop(1385)) - Stopping the Datanode Admin Monitor.
2021-09-22 10:24:40,107 [Listener at 127.0.0.1/12164] INFO  server.StorageContainerManager (StorageContainerManager.java:stop(1392)) - Stopping Lease Manager of the command watchers
2021-09-22 10:24:40,107 [Listener at 127.0.0.1/12164] INFO  server.StorageContainerManager (StorageContainerManager.java:stop(1399)) - Stopping datanode service RPC server
2021-09-22 10:24:40,107 [Listener at 127.0.0.1/12164] INFO  server.SCMDatanodeProtocolServer (SCMDatanodeProtocolServer.java:stop(389)) - Stopping the RPC server for DataNodes
2021-09-22 10:24:40,107 [Listener at 127.0.0.1/12164] INFO  ipc.Server (Server.java:stop(3414)) - Stopping server on 14469
2021-09-22 10:24:40,124 [IPC Server listener on 14469] INFO  ipc.Server (Server.java:run(1376)) - Stopping IPC Server listener on 14469
2021-09-22 10:24:40,126 [IPC Server Responder] INFO  ipc.Server (Server.java:run(1512)) - Stopping IPC Server Responder
2021-09-22 10:24:40,239 [EndpointStateMachine task thread for /127.0.0.1:14493 - 0 ] INFO  ipc.Client (Client.java:handleConnectionFailure(977)) - Retrying connect to server: localhost/127.0.0.1:14493. Already tried 9 time(s); retry policy is RetryUpToMaximumCountWithFixedSleep(maxRetries=15, sleepTime=1000 MILLISECONDS)
2021-09-22 10:24:40,254 [EndpointStateMachine task thread for /127.0.0.1:14503 - 0 ] INFO  ipc.Client (Client.java:handleConnectionFailure(977)) - Retrying connect to server: localhost/127.0.0.1:14503. Already tried 8 time(s); retry policy is RetryUpToMaximumCountWithFixedSleep(maxRetries=15, sleepTime=1000 MILLISECONDS)
2021-09-22 10:24:40,257 [IPC Server handler 2 on default port 14489] INFO  net.NetworkTopologyImpl (NetworkTopologyImpl.java:add(112)) - Added a new node: /default-rack/523ca5f6-ff53-4fd3-97b8-2ae94a10fc0e
2021-09-22 10:24:40,259 [IPC Server handler 2 on default port 14489] INFO  node.SCMNodeManager (SCMNodeManager.java:register(389)) - Registered Data node : 523ca5f6-ff53-4fd3-97b8-2ae94a10fc0e{ip: 127.0.0.1, host: localhost, ports: [REPLICATION=36777, RATIS=41341, RATIS_ADMIN=41341, RATIS_SERVER=41341, STANDALONE=36643], networkLocation: /default-rack, certSerialId: null, persistedOpState: null, persistedOpStateExpiryEpochSec: 0}
2021-09-22 10:24:40,260 [EventQueue-NewNodeForNewNodeHandler] INFO  pipeline.BackgroundPipelineCreator (BackgroundPipelineCreatorV2.java:notifyEventTriggered(279)) - ignore, not leader SCM.
2021-09-22 10:24:40,258 [EndpointStateMachine task thread for /127.0.0.1:14469 - 0 ] WARN  statemachine.EndpointStateMachine (EndpointStateMachine.java:logIfNeeded(236)) - Unable to communicate to SCM server at 127.0.0.1:14469 for past 0 seconds.
java.io.EOFException: End of File Exception between local host is: "fv-az122-726/10.1.0.46"; destination host is: "localhost":14469; : java.io.EOFException; For more details see:  http://wiki.apache.org/hadoop/EOFException
	at sun.reflect.NativeConstructorAccessorImpl.newInstance0(Native Method)
	at sun.reflect.NativeConstructorAccessorImpl.newInstance(NativeConstructorAccessorImpl.java:62)
	at sun.reflect.DelegatingConstructorAccessorImpl.newInstance(DelegatingConstructorAccessorImpl.java:45)
	at java.lang.reflect.Constructor.newInstance(Constructor.java:423)
	at org.apache.hadoop.net.NetUtils.wrapWithMessage(NetUtils.java:913)
	at org.apache.hadoop.net.NetUtils.wrapException(NetUtils.java:862)
	at org.apache.hadoop.ipc.Client.getRpcResponse(Client.java:1577)
	at org.apache.hadoop.ipc.Client.call(Client.java:1519)
	at org.apache.hadoop.ipc.Client.call(Client.java:1416)
	at org.apache.hadoop.ipc.ProtobufRpcEngine$Invoker.invoke(ProtobufRpcEngine.java:236)
	at org.apache.hadoop.ipc.ProtobufRpcEngine$Invoker.invoke(ProtobufRpcEngine.java:123)
	at com.sun.proxy.$Proxy48.submitRequest(Unknown Source)
	at org.apache.hadoop.ozone.protocolPB.StorageContainerDatanodeProtocolClientSideTranslatorPB.submitRequest(StorageContainerDatanodeProtocolClientSideTranslatorPB.java:117)
	at org.apache.hadoop.ozone.protocolPB.StorageContainerDatanodeProtocolClientSideTranslatorPB.sendHeartbeat(StorageContainerDatanodeProtocolClientSideTranslatorPB.java:149)
	at org.apache.hadoop.ozone.container.common.states.endpoint.HeartbeatEndpointTask.call(HeartbeatEndpointTask.java:179)
	at org.apache.hadoop.ozone.container.common.states.endpoint.HeartbeatEndpointTask.call(HeartbeatEndpointTask.java:82)
	at java.util.concurrent.FutureTask.run(FutureTask.java:266)
	at java.util.concurrent.ThreadPoolExecutor.runWorker(ThreadPoolExecutor.java:1149)
	at java.util.concurrent.ThreadPoolExecutor$Worker.run(ThreadPoolExecutor.java:624)
	at java.lang.Thread.run(Thread.java:748)
Caused by: java.io.EOFException
	at java.io.DataInputStream.readInt(DataInputStream.java:392)
	at org.apache.hadoop.ipc.Client$IpcStreams.readResponse(Client.java:1892)
	at org.apache.hadoop.ipc.Client$Connection.receiveRpcResponse(Client.java:1202)
	at org.apache.hadoop.ipc.Client$Connection.run(Client.java:1098)
2021-09-22 10:24:40,258 [EndpointStateMachine task thread for /127.0.0.1:14479 - 0 ] WARN  statemachine.EndpointStateMachine (EndpointStateMachine.java:logIfNeeded(236)) - Unable to communicate to SCM server at 127.0.0.1:14479 for past 0 seconds.
java.io.EOFException: End of File Exception between local host is: "fv-az122-726/10.1.0.46"; destination host is: "localhost":14479; : java.io.EOFException; For more details see:  http://wiki.apache.org/hadoop/EOFException
	at sun.reflect.NativeConstructorAccessorImpl.newInstance0(Native Method)
	at sun.reflect.NativeConstructorAccessorImpl.newInstance(NativeConstructorAccessorImpl.java:62)
	at sun.reflect.DelegatingConstructorAccessorImpl.newInstance(DelegatingConstructorAccessorImpl.java:45)
	at java.lang.reflect.Constructor.newInstance(Constructor.java:423)
	at org.apache.hadoop.net.NetUtils.wrapWithMessage(NetUtils.java:913)
	at org.apache.hadoop.net.NetUtils.wrapException(NetUtils.java:862)
	at org.apache.hadoop.ipc.Client.getRpcResponse(Client.java:1577)
	at org.apache.hadoop.ipc.Client.call(Client.java:1519)
	at org.apache.hadoop.ipc.Client.call(Client.java:1416)
	at org.apache.hadoop.ipc.ProtobufRpcEngine$Invoker.invoke(ProtobufRpcEngine.java:236)
	at org.apache.hadoop.ipc.ProtobufRpcEngine$Invoker.invoke(ProtobufRpcEngine.java:123)
	at com.sun.proxy.$Proxy48.submitRequest(Unknown Source)
	at org.apache.hadoop.ozone.protocolPB.StorageContainerDatanodeProtocolClientSideTranslatorPB.submitRequest(StorageContainerDatanodeProtocolClientSideTranslatorPB.java:117)
	at org.apache.hadoop.ozone.protocolPB.StorageContainerDatanodeProtocolClientSideTranslatorPB.sendHeartbeat(StorageContainerDatanodeProtocolClientSideTranslatorPB.java:149)
	at org.apache.hadoop.ozone.container.common.states.endpoint.HeartbeatEndpointTask.call(HeartbeatEndpointTask.java:179)
	at org.apache.hadoop.ozone.container.common.states.endpoint.HeartbeatEndpointTask.call(HeartbeatEndpointTask.java:82)
	at java.util.concurrent.FutureTask.run(FutureTask.java:266)
	at java.util.concurrent.ThreadPoolExecutor.runWorker(ThreadPoolExecutor.java:1149)
	at java.util.concurrent.ThreadPoolExecutor$Worker.run(ThreadPoolExecutor.java:624)
	at java.lang.Thread.run(Thread.java:748)
Caused by: java.io.EOFException
	at java.io.DataInputStream.readInt(DataInputStream.java:392)
	at org.apache.hadoop.ipc.Client$IpcStreams.readResponse(Client.java:1892)
	at org.apache.hadoop.ipc.Client$Connection.receiveRpcResponse(Client.java:1202)
	at org.apache.hadoop.ipc.Client$Connection.run(Client.java:1098)
2021-09-22 10:24:40,265 [EventQueue-PipelineReportForPipelineReportHandler] INFO  pipeline.PipelineManagerImpl (PipelineManagerImpl.java:openPipeline(282)) - Pipeline Pipeline[ Id: 0bf11d1f-42f6-42f6-8313-fec5d6b24579, Nodes: 523ca5f6-ff53-4fd3-97b8-2ae94a10fc0e{ip: 127.0.0.1, host: localhost, ports: [REPLICATION=36777, RATIS=41341, RATIS_ADMIN=41341, RATIS_SERVER=41341, STANDALONE=36643], networkLocation: /default-rack, certSerialId: null, persistedOpState: IN_SERVICE, persistedOpStateExpiryEpochSec: 0}d7bf25b9-218d-4f93-a950-cbf604fb8be9{ip: 127.0.0.1, host: localhost, ports: [REPLICATION=36831, RATIS=43373, RATIS_ADMIN=43373, RATIS_SERVER=43373, STANDALONE=33141], networkLocation: /default-rack, certSerialId: null, persistedOpState: IN_SERVICE, persistedOpStateExpiryEpochSec: 0}f12b8819-3292-4aaa-8592-45fcb8486f00{ip: 127.0.0.1, host: localhost, ports: [REPLICATION=46153, RATIS=37357, RATIS_ADMIN=37357, RATIS_SERVER=37357, STANDALONE=43927], networkLocation: /default-rack, certSerialId: null, persistedOpState: IN_SERVICE, persistedOpStateExpiryEpochSec: 0}, ReplicationConfig: RATIS/THREE, State:ALLOCATED, leaderId:d7bf25b9-218d-4f93-a950-cbf604fb8be9, CreationTimestamp2021-09-22T10:24:34.909Z[Etc/UTC]] moved to OPEN state
2021-09-22 10:24:40,306 [EventQueue-PipelineReportForPipelineReportHandler] ERROR events.SingleThreadExecutor (SingleThreadExecutor.java:lambda$onMessage$1(88)) - Error on execution message org.apache.hadoop.hdds.scm.server.SCMDatanodeHeartbeatDispatcher$PipelineReportFromDatanode@3ffcbccd
java.lang.reflect.UndeclaredThrowableException
	at com.sun.proxy.$Proxy23.updatePipelineState(Unknown Source)
	at org.apache.hadoop.hdds.scm.pipeline.PipelineManagerImpl.openPipeline(PipelineManagerImpl.java:283)
	at org.apache.hadoop.hdds.scm.pipeline.PipelineReportHandler.processPipelineReport(PipelineReportHandler.java:133)
	at org.apache.hadoop.hdds.scm.pipeline.PipelineReportHandler.onMessage(PipelineReportHandler.java:92)
	at org.apache.hadoop.hdds.scm.pipeline.PipelineReportHandler.onMessage(PipelineReportHandler.java:51)
	at org.apache.hadoop.hdds.server.events.SingleThreadExecutor.lambda$onMessage$1(SingleThreadExecutor.java:85)
	at java.util.concurrent.ThreadPoolExecutor.runWorker(ThreadPoolExecutor.java:1149)
	at java.util.concurrent.ThreadPoolExecutor$Worker.run(ThreadPoolExecutor.java:624)
	at java.lang.Thread.run(Thread.java:748)
Caused by: java.util.concurrent.ExecutionException: org.apache.ratis.protocol.exceptions.ServerNotReadyException: 348557bb-52cf-467b-ac94-ee5fd4af8d60@group-61E82082808E is not in [RUNNING]: current state is CLOSED
	at java.util.concurrent.CompletableFuture.reportGet(CompletableFuture.java:357)
	at java.util.concurrent.CompletableFuture.get(CompletableFuture.java:1928)
	at org.apache.hadoop.hdds.scm.ha.SCMRatisServerImpl.submitRequest(SCMRatisServerImpl.java:223)
	at org.apache.hadoop.hdds.scm.ha.SCMHAInvocationHandler.invokeRatis(SCMHAInvocationHandler.java:110)
	at org.apache.hadoop.hdds.scm.ha.SCMHAInvocationHandler.invoke(SCMHAInvocationHandler.java:67)
	... 9 more
Caused by: org.apache.ratis.protocol.exceptions.ServerNotReadyException: 348557bb-52cf-467b-ac94-ee5fd4af8d60@group-61E82082808E is not in [RUNNING]: current state is CLOSED
	at org.apache.ratis.server.impl.RaftServerImpl.lambda$assertLifeCycleState$9(RaftServerImpl.java:667)
	at org.apache.ratis.util.LifeCycle.assertCurrentState(LifeCycle.java:253)
	at org.apache.ratis.server.impl.RaftServerImpl.assertLifeCycleState(RaftServerImpl.java:666)
	at org.apache.ratis.server.impl.RaftServerImpl.submitClientRequestAsync(RaftServerImpl.java:745)
	at org.apache.ratis.server.impl.RaftServerProxy.lambda$submitClientRequestAsync$9(RaftServerProxy.java:417)
	at org.apache.ratis.server.impl.RaftServerProxy.lambda$null$7(RaftServerProxy.java:412)
	at org.apache.ratis.util.JavaUtils.callAsUnchecked(JavaUtils.java:115)
	at org.apache.ratis.server.impl.RaftServerProxy.lambda$submitRequest$8(RaftServerProxy.java:412)
	at java.util.concurrent.CompletableFuture.uniComposeStage(CompletableFuture.java:995)
	at java.util.concurrent.CompletableFuture.thenCompose(CompletableFuture.java:2137)
	at org.apache.ratis.server.impl.RaftServerProxy.submitRequest(RaftServerProxy.java:411)
	at org.apache.ratis.server.impl.RaftServerProxy.submitClientRequestAsync(RaftServerProxy.java:417)
	at org.apache.hadoop.hdds.scm.ha.SCMRatisServerImpl.submitRequest(SCMRatisServerImpl.java:222)
	... 11 more
2021-09-22 10:24:40,666 [EventQueue-PipelineReportForPipelineReportHandler] INFO  pipeline.PipelineManagerImpl (PipelineManagerImpl.java:openPipeline(282)) - Pipeline Pipeline[ Id: 0bf11d1f-42f6-42f6-8313-fec5d6b24579, Nodes: 523ca5f6-ff53-4fd3-97b8-2ae94a10fc0e{ip: 127.0.0.1, host: localhost, ports: [REPLICATION=36777, RATIS=41341, RATIS_ADMIN=41341, RATIS_SERVER=41341, STANDALONE=36643], networkLocation: /default-rack, certSerialId: null, persistedOpState: IN_SERVICE, persistedOpStateExpiryEpochSec: 0}d7bf25b9-218d-4f93-a950-cbf604fb8be9{ip: 127.0.0.1, host: localhost, ports: [REPLICATION=36831, RATIS=43373, RATIS_ADMIN=43373, RATIS_SERVER=43373, STANDALONE=33141], networkLocation: /default-rack, certSerialId: null, persistedOpState: IN_SERVICE, persistedOpStateExpiryEpochSec: 0}f12b8819-3292-4aaa-8592-45fcb8486f00{ip: 127.0.0.1, host: localhost, ports: [REPLICATION=46153, RATIS=37357, RATIS_ADMIN=37357, RATIS_SERVER=37357, STANDALONE=43927], networkLocation: /default-rack, certSerialId: null, persistedOpState: IN_SERVICE, persistedOpStateExpiryEpochSec: 0}, ReplicationConfig: RATIS/THREE, State:ALLOCATED, leaderId:d7bf25b9-218d-4f93-a950-cbf604fb8be9, CreationTimestamp2021-09-22T10:24:34.909Z[Etc/UTC]] moved to OPEN state
2021-09-22 10:24:40,667 [EventQueue-PipelineReportForPipelineReportHandler] ERROR events.SingleThreadExecutor (SingleThreadExecutor.java:lambda$onMessage$1(88)) - Error on execution message org.apache.hadoop.hdds.scm.server.SCMDatanodeHeartbeatDispatcher$PipelineReportFromDatanode@550b775
java.lang.reflect.UndeclaredThrowableException
	at com.sun.proxy.$Proxy23.updatePipelineState(Unknown Source)
	at org.apache.hadoop.hdds.scm.pipeline.PipelineManagerImpl.openPipeline(PipelineManagerImpl.java:283)
	at org.apache.hadoop.hdds.scm.pipeline.PipelineReportHandler.processPipelineReport(PipelineReportHandler.java:133)
	at org.apache.hadoop.hdds.scm.pipeline.PipelineReportHandler.onMessage(PipelineReportHandler.java:92)
	at org.apache.hadoop.hdds.scm.pipeline.PipelineReportHandler.onMessage(PipelineReportHandler.java:51)
	at org.apache.hadoop.hdds.server.events.SingleThreadExecutor.lambda$onMessage$1(SingleThreadExecutor.java:85)
	at java.util.concurrent.ThreadPoolExecutor.runWorker(ThreadPoolExecutor.java:1149)
	at java.util.concurrent.ThreadPoolExecutor$Worker.run(ThreadPoolExecutor.java:624)
	at java.lang.Thread.run(Thread.java:748)
Caused by: java.util.concurrent.ExecutionException: org.apache.ratis.protocol.exceptions.ServerNotReadyException: 348557bb-52cf-467b-ac94-ee5fd4af8d60@group-61E82082808E is not in [RUNNING]: current state is CLOSED
	at java.util.concurrent.CompletableFuture.reportGet(CompletableFuture.java:357)
	at java.util.concurrent.CompletableFuture.get(CompletableFuture.java:1928)
	at org.apache.hadoop.hdds.scm.ha.SCMRatisServerImpl.submitRequest(SCMRatisServerImpl.java:223)
	at org.apache.hadoop.hdds.scm.ha.SCMHAInvocationHandler.invokeRatis(SCMHAInvocationHandler.java:110)
	at org.apache.hadoop.hdds.scm.ha.SCMHAInvocationHandler.invoke(SCMHAInvocationHandler.java:67)
	... 9 more
Caused by: org.apache.ratis.protocol.exceptions.ServerNotReadyException: 348557bb-52cf-467b-ac94-ee5fd4af8d60@group-61E82082808E is not in [RUNNING]: current state is CLOSED
	at org.apache.ratis.server.impl.RaftServerImpl.lambda$assertLifeCycleState$9(RaftServerImpl.java:667)
	at org.apache.ratis.util.LifeCycle.assertCurrentState(LifeCycle.java:253)
	at org.apache.ratis.server.impl.RaftServerImpl.assertLifeCycleState(RaftServerImpl.java:666)
	at org.apache.ratis.server.impl.RaftServerImpl.submitClientRequestAsync(RaftServerImpl.java:745)
	at org.apache.ratis.server.impl.RaftServerProxy.lambda$submitClientRequestAsync$9(RaftServerProxy.java:417)
	at org.apache.ratis.server.impl.RaftServerProxy.lambda$null$7(RaftServerProxy.java:412)
	at org.apache.ratis.util.JavaUtils.callAsUnchecked(JavaUtils.java:115)
	at org.apache.ratis.server.impl.RaftServerProxy.lambda$submitRequest$8(RaftServerProxy.java:412)
	at java.util.concurrent.CompletableFuture.uniComposeStage(CompletableFuture.java:995)
	at java.util.concurrent.CompletableFuture.thenCompose(CompletableFuture.java:2137)
	at org.apache.ratis.server.impl.RaftServerProxy.submitRequest(RaftServerProxy.java:411)
	at org.apache.ratis.server.impl.RaftServerProxy.submitClientRequestAsync(RaftServerProxy.java:417)
	at org.apache.hadoop.hdds.scm.ha.SCMRatisServerImpl.submitRequest(SCMRatisServerImpl.java:222)
	... 11 more
2021-09-22 10:24:40,771 [EventQueue-PipelineReportForPipelineReportHandler] INFO  pipeline.PipelineManagerImpl (PipelineManagerImpl.java:openPipeline(282)) - Pipeline Pipeline[ Id: 0bf11d1f-42f6-42f6-8313-fec5d6b24579, Nodes: 523ca5f6-ff53-4fd3-97b8-2ae94a10fc0e{ip: 127.0.0.1, host: localhost, ports: [REPLICATION=36777, RATIS=41341, RATIS_ADMIN=41341, RATIS_SERVER=41341, STANDALONE=36643], networkLocation: /default-rack, certSerialId: null, persistedOpState: IN_SERVICE, persistedOpStateExpiryEpochSec: 0}d7bf25b9-218d-4f93-a950-cbf604fb8be9{ip: 127.0.0.1, host: localhost, ports: [REPLICATION=36831, RATIS=43373, RATIS_ADMIN=43373, RATIS_SERVER=43373, STANDALONE=33141], networkLocation: /default-rack, certSerialId: null, persistedOpState: IN_SERVICE, persistedOpStateExpiryEpochSec: 0}f12b8819-3292-4aaa-8592-45fcb8486f00{ip: 127.0.0.1, host: localhost, ports: [REPLICATION=46153, RATIS=37357, RATIS_ADMIN=37357, RATIS_SERVER=37357, STANDALONE=43927], networkLocation: /default-rack, certSerialId: null, persistedOpState: IN_SERVICE, persistedOpStateExpiryEpochSec: 0}, ReplicationConfig: RATIS/THREE, State:ALLOCATED, leaderId:d7bf25b9-218d-4f93-a950-cbf604fb8be9, CreationTimestamp2021-09-22T10:24:34.909Z[Etc/UTC]] moved to OPEN state
2021-09-22 10:24:40,771 [EventQueue-PipelineReportForPipelineReportHandler] ERROR events.SingleThreadExecutor (SingleThreadExecutor.java:lambda$onMessage$1(88)) - Error on execution message org.apache.hadoop.hdds.scm.server.SCMDatanodeHeartbeatDispatcher$PipelineReportFromDatanode@374dc493
java.lang.reflect.UndeclaredThrowableException
	at com.sun.proxy.$Proxy23.updatePipelineState(Unknown Source)
	at org.apache.hadoop.hdds.scm.pipeline.PipelineManagerImpl.openPipeline(PipelineManagerImpl.java:283)
	at org.apache.hadoop.hdds.scm.pipeline.PipelineReportHandler.processPipelineReport(PipelineReportHandler.java:133)
	at org.apache.hadoop.hdds.scm.pipeline.PipelineReportHandler.onMessage(PipelineReportHandler.java:92)
	at org.apache.hadoop.hdds.scm.pipeline.PipelineReportHandler.onMessage(PipelineReportHandler.java:51)
	at org.apache.hadoop.hdds.server.events.SingleThreadExecutor.lambda$onMessage$1(SingleThreadExecutor.java:85)
	at java.util.concurrent.ThreadPoolExecutor.runWorker(ThreadPoolExecutor.java:1149)
	at java.util.concurrent.ThreadPoolExecutor$Worker.run(ThreadPoolExecutor.java:624)
	at java.lang.Thread.run(Thread.java:748)
Caused by: java.util.concurrent.ExecutionException: org.apache.ratis.protocol.exceptions.ServerNotReadyException: 348557bb-52cf-467b-ac94-ee5fd4af8d60@group-61E82082808E is not in [RUNNING]: current state is CLOSED
	at java.util.concurrent.CompletableFuture.reportGet(CompletableFuture.java:357)
	at java.util.concurrent.CompletableFuture.get(CompletableFuture.java:1928)
	at org.apache.hadoop.hdds.scm.ha.SCMRatisServerImpl.submitRequest(SCMRatisServerImpl.java:223)
	at org.apache.hadoop.hdds.scm.ha.SCMHAInvocationHandler.invokeRatis(SCMHAInvocationHandler.java:110)
	at org.apache.hadoop.hdds.scm.ha.SCMHAInvocationHandler.invoke(SCMHAInvocationHandler.java:67)
	... 9 more
Caused by: org.apache.ratis.protocol.exceptions.ServerNotReadyException: 348557bb-52cf-467b-ac94-ee5fd4af8d60@group-61E82082808E is not in [RUNNING]: current state is CLOSED
	at org.apache.ratis.server.impl.RaftServerImpl.lambda$assertLifeCycleState$9(RaftServerImpl.java:667)
	at org.apache.ratis.util.LifeCycle.assertCurrentState(LifeCycle.java:253)
	at org.apache.ratis.server.impl.RaftServerImpl.assertLifeCycleState(RaftServerImpl.java:666)
	at org.apache.ratis.server.impl.RaftServerImpl.submitClientRequestAsync(RaftServerImpl.java:745)
	at org.apache.ratis.server.impl.RaftServerProxy.lambda$submitClientRequestAsync$9(RaftServerProxy.java:417)
	at org.apache.ratis.server.impl.RaftServerProxy.lambda$null$7(RaftServerProxy.java:412)
	at org.apache.ratis.util.JavaUtils.callAsUnchecked(JavaUtils.java:115)
	at org.apache.ratis.server.impl.RaftServerProxy.lambda$submitRequest$8(RaftServerProxy.java:412)
	at java.util.concurrent.CompletableFuture.uniComposeStage(CompletableFuture.java:995)
	at java.util.concurrent.CompletableFuture.thenCompose(CompletableFuture.java:2137)
	at org.apache.ratis.server.impl.RaftServerProxy.submitRequest(RaftServerProxy.java:411)
	at org.apache.ratis.server.impl.RaftServerProxy.submitClientRequestAsync(RaftServerProxy.java:417)
	at org.apache.hadoop.hdds.scm.ha.SCMRatisServerImpl.submitRequest(SCMRatisServerImpl.java:222)
	... 11 more
2021-09-22 10:24:40,823 [SCM Heartbeat Processing Thread - 0] WARN  node.NodeStateManager (NodeStateManager.java:scheduleNextHealthCheck(799)) - Current Thread is interrupted, shutting down HB processing thread for Node Manager.
2021-09-22 10:24:40,823 [Listener at 127.0.0.1/12164] INFO  server.StorageContainerManager (StorageContainerManager.java:stop(1407)) - Stopping block service RPC server
2021-09-22 10:24:40,824 [Listener at 127.0.0.1/12164] INFO  server.SCMBlockProtocolServer (SCMBlockProtocolServer.java:stop(160)) - Stopping the RPC server for Block Protocol
2021-09-22 10:24:40,824 [Listener at 127.0.0.1/12164] INFO  ipc.Server (Server.java:stop(3414)) - Stopping server on 14470
2021-09-22 10:24:40,831 [IPC Server listener on 14470] INFO  ipc.Server (Server.java:run(1376)) - Stopping IPC Server listener on 14470
2021-09-22 10:24:40,838 [Listener at 127.0.0.1/12164] INFO  server.StorageContainerManager (StorageContainerManager.java:stop(1414)) - Stopping the StorageContainerLocationProtocol RPC server
2021-09-22 10:24:40,838 [Listener at 127.0.0.1/12164] INFO  server.SCMClientProtocolServer (SCMClientProtocolServer.java:stop(173)) - Stopping the RPC server for Client Protocol
2021-09-22 10:24:40,838 [Listener at 127.0.0.1/12164] INFO  ipc.Server (Server.java:stop(3414)) - Stopping server on 14471
2021-09-22 10:24:40,838 [IPC Server Responder] INFO  ipc.Server (Server.java:run(1512)) - Stopping IPC Server Responder
2021-09-22 10:24:40,844 [IPC Server listener on 14471] INFO  ipc.Server (Server.java:run(1376)) - Stopping IPC Server listener on 14471
2021-09-22 10:24:40,853 [Listener at 127.0.0.1/12164] INFO  server.StorageContainerManager (StorageContainerManager.java:stop(1421)) - Stopping Storage Container Manager HTTP server.
2021-09-22 10:24:40,853 [IPC Server Responder] INFO  ipc.Server (Server.java:run(1512)) - Stopping IPC Server Responder
2021-09-22 10:24:40,855 [Listener at 127.0.0.1/12164] INFO  handler.ContextHandler (ContextHandler.java:doStop(1153)) - Stopped o.e.j.w.WebAppContext@2668c100{scm,/,null,STOPPED}{file:/home/runner/work/ozone/ozone/hadoop-ozone/integration-test/target/test-classes/webapps/scm}
2021-09-22 10:24:40,856 [Listener at 127.0.0.1/12164] INFO  server.AbstractConnector (AbstractConnector.java:doStop(381)) - Stopped ServerConnector@37d61cea{HTTP/1.1, (http/1.1)}{0.0.0.0:14466}
2021-09-22 10:24:40,859 [Listener at 127.0.0.1/12164] INFO  server.session (HouseKeeper.java:stopScavenging(149)) - node0 Stopped scavenging
2021-09-22 10:24:40,859 [Listener at 127.0.0.1/12164] INFO  handler.ContextHandler (ContextHandler.java:doStop(1153)) - Stopped o.e.j.s.ServletContextHandler@501f3c79{static,/static,file:///home/runner/work/ozone/ozone/hadoop-ozone/integration-test/target/test-classes/webapps/static,STOPPED}
2021-09-22 10:24:40,860 [Listener at 127.0.0.1/12164] INFO  handler.ContextHandler (ContextHandler.java:doStop(1153)) - Stopped o.e.j.s.ServletContextHandler@1aff6f46{logs,/logs,file:///home/runner/work/ozone/ozone/hadoop-ozone/integration-test/target/log,STOPPED}
2021-09-22 10:24:40,862 [Listener at 127.0.0.1/12164] INFO  server.StorageContainerManager (StorageContainerManager.java:stop(1432)) - Stopping Block Manager Service.
2021-09-22 10:24:40,862 [Listener at 127.0.0.1/12164] INFO  utils.BackgroundService (BackgroundService.java:shutdown(132)) - Shutting down service SCMBlockDeletingService
2021-09-22 10:24:40,863 [Listener at 127.0.0.1/12164] INFO  utils.BackgroundService (BackgroundService.java:shutdown(132)) - Shutting down service SCMBlockDeletingService
2021-09-22 10:24:40,863 [Listener at 127.0.0.1/12164] INFO  server.StorageContainerManager (StorageContainerManager.java:stop(1459)) - Stopping SCM Event Queue.
2021-09-22 10:24:40,866 [Listener at 127.0.0.1/12164] INFO  server.StorageContainerManager (StorageContainerManager.java:stop(1470)) - Stopping SCM HA services.
2021-09-22 10:24:40,869 [Listener at 127.0.0.1/12164] INFO  ha.SCMRatisServerImpl (SCMRatisServerImpl.java:stop(236)) - stopping ratis server 0.0.0.0:14468
2021-09-22 10:24:40,870 [Listener at 127.0.0.1/12164] INFO  server.RaftServer (RaftServerProxy.java:lambda$close$6(391)) - 6cde2b08-89b9-430e-b77c-97253f43be03: close
2021-09-22 10:24:40,870 [Listener at 127.0.0.1/12164] INFO  server.RaftServer$Division (RaftServerImpl.java:lambda$close$4(407)) - 6cde2b08-89b9-430e-b77c-97253f43be03@group-61E82082808E: shutdown
2021-09-22 10:24:40,870 [Listener at 127.0.0.1/12164] INFO  util.JmxRegister (JmxRegister.java:unregister(73)) - Successfully un-registered JMX Bean with object name Ratis:service=RaftServer,group=group-61E82082808E,id=6cde2b08-89b9-430e-b77c-97253f43be03
2021-09-22 10:24:40,870 [Listener at 127.0.0.1/12164] INFO  impl.RoleInfo (RoleInfo.java:shutdownLeaderState(91)) - 6cde2b08-89b9-430e-b77c-97253f43be03: shutdown 6cde2b08-89b9-430e-b77c-97253f43be03@group-61E82082808E-LeaderStateImpl
2021-09-22 10:24:40,870 [Listener at 127.0.0.1/12164] INFO  impl.PendingRequests (PendingRequests.java:sendNotLeaderResponses(282)) - 6cde2b08-89b9-430e-b77c-97253f43be03@group-61E82082808E-PendingRequests: sendNotLeaderResponses
2021-09-22 10:24:40,871 [Listener at 127.0.0.1/12164] INFO  ha.SCMStateMachine (SCMStateMachine.java:notifyNotLeader(183)) - current leader SCM steps down.
2021-09-22 10:24:40,871 [Listener at 127.0.0.1/12164] INFO  ha.SCMContext (SCMContext.java:updateLeaderAndTerm(88)) - update <isLeader,term> from <true,2> to <false,0>
2021-09-22 10:24:40,871 [Listener at 127.0.0.1/12164] INFO  ha.SCMContext (SCMContext.java:updateLeaderAndTerm(95)) - update <isLeaderReady> from <false> to <false>
2021-09-22 10:24:40,872 [6cde2b08-89b9-430e-b77c-97253f43be03@group-61E82082808E->6f37d426-3152-46b4-8a1e-16c91badf795-GrpcLogAppender-LogAppenderDaemon] WARN  server.GrpcLogAppender (GrpcLogAppender.java:mayWait(175)) - 6cde2b08-89b9-430e-b77c-97253f43be03@group-61E82082808E->6f37d426-3152-46b4-8a1e-16c91badf795-GrpcLogAppender: Wait interrupted by java.lang.InterruptedException
2021-09-22 10:24:40,872 [6cde2b08-89b9-430e-b77c-97253f43be03@group-61E82082808E->348557bb-52cf-467b-ac94-ee5fd4af8d60-GrpcLogAppender-LogAppenderDaemon] WARN  server.GrpcLogAppender (GrpcLogAppender.java:mayWait(175)) - 6cde2b08-89b9-430e-b77c-97253f43be03@group-61E82082808E->348557bb-52cf-467b-ac94-ee5fd4af8d60-GrpcLogAppender: Wait interrupted by java.lang.InterruptedException
2021-09-22 10:24:40,873 [grpc-default-executor-4] INFO  server.GrpcServerProtocolService (GrpcServerProtocolService.java:onCompleted(140)) - 348557bb-52cf-467b-ac94-ee5fd4af8d60: Completed APPEND_ENTRIES, lastRequest: 6cde2b08-89b9-430e-b77c-97253f43be03->348557bb-52cf-467b-ac94-ee5fd4af8d60#38-t2,previous=(t:2, i:29),leaderCommit=29,initializing? true,entries: size=1, first=(t:2, i:30), METADATAENTRY(c:29)
2021-09-22 10:24:40,884 [grpc-default-executor-4] INFO  server.GrpcLogAppender (GrpcLogAppender.java:onCompleted(344)) - 6cde2b08-89b9-430e-b77c-97253f43be03@group-61E82082808E->348557bb-52cf-467b-ac94-ee5fd4af8d60-AppendLogResponseHandler: follower responses appendEntries COMPLETED
2021-09-22 10:24:40,884 [grpc-default-executor-4] INFO  leader.FollowerInfo (FollowerInfoImpl.java:lambda$new$0(46)) - 6cde2b08-89b9-430e-b77c-97253f43be03@group-61E82082808E->348557bb-52cf-467b-ac94-ee5fd4af8d60: nextIndex: updateUnconditionally 31 -> 30
2021-09-22 10:24:40,886 [Listener at 127.0.0.1/12164] INFO  impl.StateMachineUpdater (StateMachineUpdater.java:stopAndJoin(149)) - 6cde2b08-89b9-430e-b77c-97253f43be03@group-61E82082808E-StateMachineUpdater: set stopIndex = 30
2021-09-22 10:24:40,886 [Listener at 127.0.0.1/12164] INFO  server.RaftServer$Division (ServerState.java:close(419)) - 6cde2b08-89b9-430e-b77c-97253f43be03@group-61E82082808E: closes. applyIndex: 30
2021-09-22 10:24:40,886 [6cde2b08-89b9-430e-b77c-97253f43be03@group-61E82082808E-SegmentedRaftLogWorker] INFO  segmented.SegmentedRaftLogWorker (SegmentedRaftLogWorker.java:run(327)) - 6cde2b08-89b9-430e-b77c-97253f43be03@group-61E82082808E-SegmentedRaftLogWorker was interrupted, exiting. There are 0 tasks remaining in the queue.
2021-09-22 10:24:40,887 [Listener at 127.0.0.1/12164] INFO  segmented.SegmentedRaftLogWorker (SegmentedRaftLogWorker.java:close(237)) - 6cde2b08-89b9-430e-b77c-97253f43be03@group-61E82082808E-SegmentedRaftLogWorker close()
2021-09-22 10:24:40,888 [Listener at 127.0.0.1/12164] INFO  server.GrpcService (GrpcService.java:closeImpl(262)) - 6cde2b08-89b9-430e-b77c-97253f43be03: shutdown server with port 14468 now
2021-09-22 10:24:40,891 [Listener at 127.0.0.1/12164] INFO  server.GrpcService (GrpcService.java:closeImpl(271)) - 6cde2b08-89b9-430e-b77c-97253f43be03: shutdown server with port 14468 successfully
2021-09-22 10:24:40,892 [org.apache.ratis.util.JvmPauseMonitor$$Lambda$499/1893987183@49fdc88e] INFO  util.JvmPauseMonitor (JvmPauseMonitor.java:run(109)) - JvmPauseMonitor-6cde2b08-89b9-430e-b77c-97253f43be03: Stopped
2021-09-22 10:24:40,894 [Listener at 127.0.0.1/12164] INFO  pipeline.BackgroundPipelineCreator (BackgroundPipelineCreatorV2.java:stop(158)) - Stopping RatisPipelineUtilsThread.
2021-09-22 10:24:40,894 [Listener at 127.0.0.1/12164] INFO  server.StorageContainerManager (StorageContainerManager.java:stop(1480)) - Stopping SCM MetadataStore.
2021-09-22 10:24:40,895 [Listener at 127.0.0.1/12164] INFO  impl.MetricsSystemImpl (MetricsSystemImpl.java:stop(205)) - StorageContainerManager metrics system stopped (again)
2021-09-22 10:24:40,895 [Listener at 127.0.0.1/12164] INFO  ozone.MiniOzoneHAClusterImpl (MiniOzoneHAClusterImpl.java:stop(306)) - Stopping the StorageContainerManager 348557bb-52cf-467b-ac94-ee5fd4af8d60
2021-09-22 10:24:40,895 [Listener at 127.0.0.1/12164] INFO  server.StorageContainerManager (StorageContainerManager.java:stop(1371)) - Stopping Container Balancer service.
2021-09-22 10:24:40,895 [Listener at 127.0.0.1/12164] INFO  balancer.ContainerBalancer (ContainerBalancer.java:stop(717)) - Container Balancer is not running.
2021-09-22 10:24:40,895 [Listener at 127.0.0.1/12164] INFO  server.StorageContainerManager (StorageContainerManager.java:stop(1378)) - Stopping Replication Manager Service.
2021-09-22 10:24:40,895 [Listener at 127.0.0.1/12164] INFO  container.ReplicationManager (ReplicationManager.java:stop(350)) - Stopping Replication Monitor Thread.
2021-09-22 10:24:40,896 [Listener at 127.0.0.1/12164] INFO  server.StorageContainerManager (StorageContainerManager.java:stop(1385)) - Stopping the Datanode Admin Monitor.
2021-09-22 10:24:40,896 [Listener at 127.0.0.1/12164] INFO  server.StorageContainerManager (StorageContainerManager.java:stop(1392)) - Stopping Lease Manager of the command watchers
2021-09-22 10:24:40,896 [Listener at 127.0.0.1/12164] INFO  server.StorageContainerManager (StorageContainerManager.java:stop(1399)) - Stopping datanode service RPC server
2021-09-22 10:24:40,896 [Listener at 127.0.0.1/12164] INFO  server.SCMDatanodeProtocolServer (SCMDatanodeProtocolServer.java:stop(389)) - Stopping the RPC server for DataNodes
2021-09-22 10:24:40,896 [Listener at 127.0.0.1/12164] INFO  ipc.Server (Server.java:stop(3414)) - Stopping server on 14489
2021-09-22 10:24:40,901 [IPC Server listener on 14489] INFO  ipc.Server (Server.java:run(1376)) - Stopping IPC Server listener on 14489
2021-09-22 10:24:40,903 [IPC Server Responder] INFO  ipc.Server (Server.java:run(1512)) - Stopping IPC Server Responder
2021-09-22 10:24:40,988 [SCM Heartbeat Processing Thread - 0] WARN  node.NodeStateManager (NodeStateManager.java:scheduleNextHealthCheck(799)) - Current Thread is interrupted, shutting down HB processing thread for Node Manager.
2021-09-22 10:24:40,989 [Listener at 127.0.0.1/12164] INFO  server.StorageContainerManager (StorageContainerManager.java:stop(1407)) - Stopping block service RPC server
2021-09-22 10:24:40,989 [Listener at 127.0.0.1/12164] INFO  server.SCMBlockProtocolServer (SCMBlockProtocolServer.java:stop(160)) - Stopping the RPC server for Block Protocol
2021-09-22 10:24:40,989 [Listener at 127.0.0.1/12164] INFO  ipc.Server (Server.java:stop(3414)) - Stopping server on 14490
2021-09-22 10:24:40,991 [IPC Server listener on 14490] INFO  ipc.Server (Server.java:run(1376)) - Stopping IPC Server listener on 14490
2021-09-22 10:24:40,993 [Listener at 127.0.0.1/12164] INFO  server.StorageContainerManager (StorageContainerManager.java:stop(1414)) - Stopping the StorageContainerLocationProtocol RPC server
2021-09-22 10:24:40,993 [Listener at 127.0.0.1/12164] INFO  server.SCMClientProtocolServer (SCMClientProtocolServer.java:stop(173)) - Stopping the RPC server for Client Protocol
2021-09-22 10:24:40,993 [Listener at 127.0.0.1/12164] INFO  ipc.Server (Server.java:stop(3414)) - Stopping server on 14491
2021-09-22 10:24:40,993 [IPC Server Responder] INFO  ipc.Server (Server.java:run(1512)) - Stopping IPC Server Responder
2021-09-22 10:24:40,997 [IPC Server listener on 14491] INFO  ipc.Server (Server.java:run(1376)) - Stopping IPC Server listener on 14491
2021-09-22 10:24:41,016 [Listener at 127.0.0.1/12164] INFO  server.StorageContainerManager (StorageContainerManager.java:stop(1421)) - Stopping Storage Container Manager HTTP server.
2021-09-22 10:24:41,017 [Listener at 127.0.0.1/12164] INFO  handler.ContextHandler (ContextHandler.java:doStop(1153)) - Stopped o.e.j.w.WebAppContext@60cb098b{scm,/,null,STOPPED}{file:/home/runner/work/ozone/ozone/hadoop-ozone/integration-test/target/test-classes/webapps/scm}
2021-09-22 10:24:41,017 [IPC Server Responder] INFO  ipc.Server (Server.java:run(1512)) - Stopping IPC Server Responder
2021-09-22 10:24:41,020 [EndpointStateMachine task thread for /127.0.0.1:14513 - 0 ] INFO  ipc.Client (Client.java:handleConnectionFailure(977)) - Retrying connect to server: localhost/127.0.0.1:14513. Already tried 10 time(s); retry policy is RetryUpToMaximumCountWithFixedSleep(maxRetries=15, sleepTime=1000 MILLISECONDS)
2021-09-22 10:24:41,021 [Listener at 127.0.0.1/12164] INFO  server.AbstractConnector (AbstractConnector.java:doStop(381)) - Stopped ServerConnector@b73e7ff{HTTP/1.1, (http/1.1)}{0.0.0.0:14486}
2021-09-22 10:24:41,021 [Listener at 127.0.0.1/12164] INFO  server.session (HouseKeeper.java:stopScavenging(149)) - node0 Stopped scavenging
2021-09-22 10:24:41,022 [Listener at 127.0.0.1/12164] INFO  handler.ContextHandler (ContextHandler.java:doStop(1153)) - Stopped o.e.j.s.ServletContextHandler@ec1963b{static,/static,file:///home/runner/work/ozone/ozone/hadoop-ozone/integration-test/target/test-classes/webapps/static,STOPPED}
2021-09-22 10:24:41,022 [Listener at 127.0.0.1/12164] INFO  handler.ContextHandler (ContextHandler.java:doStop(1153)) - Stopped o.e.j.s.ServletContextHandler@7acf609d{logs,/logs,file:///home/runner/work/ozone/ozone/hadoop-ozone/integration-test/target/log,STOPPED}
2021-09-22 10:24:41,023 [Listener at 127.0.0.1/12164] INFO  server.StorageContainerManager (StorageContainerManager.java:stop(1432)) - Stopping Block Manager Service.
2021-09-22 10:24:41,023 [Listener at 127.0.0.1/12164] INFO  utils.BackgroundService (BackgroundService.java:shutdown(132)) - Shutting down service SCMBlockDeletingService
2021-09-22 10:24:41,024 [Listener at 127.0.0.1/12164] INFO  utils.BackgroundService (BackgroundService.java:shutdown(132)) - Shutting down service SCMBlockDeletingService
2021-09-22 10:24:41,025 [Listener at 127.0.0.1/12164] INFO  server.StorageContainerManager (StorageContainerManager.java:stop(1459)) - Stopping SCM Event Queue.
2021-09-22 10:24:41,026 [Listener at 127.0.0.1/12164] INFO  server.StorageContainerManager (StorageContainerManager.java:stop(1470)) - Stopping SCM HA services.
2021-09-22 10:24:41,026 [Listener at 127.0.0.1/12164] INFO  ha.SCMRatisServerImpl (SCMRatisServerImpl.java:stop(236)) - stopping ratis server 0.0.0.0:14488
2021-09-22 10:24:41,026 [Listener at 127.0.0.1/12164] INFO  server.RaftServer (RaftServerProxy.java:lambda$close$6(391)) - 348557bb-52cf-467b-ac94-ee5fd4af8d60: close
2021-09-22 10:24:41,027 [Listener at 127.0.0.1/12164] INFO  server.GrpcService (GrpcService.java:closeImpl(262)) - 348557bb-52cf-467b-ac94-ee5fd4af8d60: shutdown server with port 14488 now
2021-09-22 10:24:41,031 [Listener at 127.0.0.1/12164] INFO  server.GrpcService (GrpcService.java:closeImpl(271)) - 348557bb-52cf-467b-ac94-ee5fd4af8d60: shutdown server with port 14488 successfully
2021-09-22 10:24:41,031 [org.apache.ratis.util.JvmPauseMonitor$$Lambda$499/1893987183@1820910f] INFO  util.JvmPauseMonitor (JvmPauseMonitor.java:run(109)) - JvmPauseMonitor-348557bb-52cf-467b-ac94-ee5fd4af8d60: Stopped
2021-09-22 10:24:41,031 [Listener at 127.0.0.1/12164] INFO  pipeline.BackgroundPipelineCreator (BackgroundPipelineCreatorV2.java:stop(158)) - Stopping RatisPipelineUtilsThread.
2021-09-22 10:24:41,032 [Listener at 127.0.0.1/12164] INFO  server.StorageContainerManager (StorageContainerManager.java:stop(1480)) - Stopping SCM MetadataStore.
2021-09-22 10:24:41,032 [Listener at 127.0.0.1/12164] INFO  impl.MetricsSystemImpl (MetricsSystemImpl.java:stop(205)) - StorageContainerManager metrics system stopped (again)
2021-09-22 10:24:41,033 [Listener at 127.0.0.1/12164] INFO  ozone.MiniOzoneClusterImpl (MiniOzoneClusterImpl.java:stop(468)) - Stopping the Mini Ozone Cluster
2021-09-22 10:24:41,033 [Listener at 127.0.0.1/12164] INFO  ozone.MiniOzoneClusterImpl (MiniOzoneClusterImpl.java:stopDatanodes(527)) - Stopping the HddsDatanodes
2021-09-22 10:24:41,240 [EndpointStateMachine task thread for /127.0.0.1:14493 - 0 ] INFO  ipc.Client (Client.java:handleConnectionFailure(977)) - Retrying connect to server: localhost/127.0.0.1:14493. Already tried 10 time(s); retry policy is RetryUpToMaximumCountWithFixedSleep(maxRetries=15, sleepTime=1000 MILLISECONDS)
2021-09-22 10:24:41,255 [EndpointStateMachine task thread for /127.0.0.1:14503 - 0 ] INFO  ipc.Client (Client.java:handleConnectionFailure(977)) - Retrying connect to server: localhost/127.0.0.1:14503. Already tried 9 time(s); retry policy is RetryUpToMaximumCountWithFixedSleep(maxRetries=15, sleepTime=1000 MILLISECONDS)
2021-09-22 10:24:41,661 [Datanode State Machine Thread - 0] WARN  statemachine.StateContext (StateContext.java:setState(246)) - Ignore disallowed transition from SHUTDOWN to RUNNING
2021-09-22 10:24:41,662 [EndpointStateMachine task thread for /127.0.0.1:14469 - 0 ] INFO  ipc.Client (Client.java:handleConnectionFailure(977)) - Retrying connect to server: localhost/127.0.0.1:14469. Already tried 0 time(s); retry policy is RetryUpToMaximumCountWithFixedSleep(maxRetries=15, sleepTime=1000 MILLISECONDS)
2021-09-22 10:24:41,666 [EndpointStateMachine task thread for /127.0.0.1:14479 - 0 ] INFO  ipc.Client (Client.java:handleConnectionFailure(977)) - Retrying connect to server: localhost/127.0.0.1:14479. Already tried 0 time(s); retry policy is RetryUpToMaximumCountWithFixedSleep(maxRetries=15, sleepTime=1000 MILLISECONDS)
2021-09-22 10:24:41,770 [EndpointStateMachine task thread for /127.0.0.1:14489 - 0 ] WARN  statemachine.EndpointStateMachine (EndpointStateMachine.java:logIfNeeded(236)) - Unable to communicate to SCM server at localhost:14489 for past 0 seconds.
java.io.EOFException: End of File Exception between local host is: "fv-az122-726/10.1.0.46"; destination host is: "localhost":14489; : java.io.EOFException; For more details see:  http://wiki.apache.org/hadoop/EOFException
	at sun.reflect.NativeConstructorAccessorImpl.newInstance0(Native Method)
	at sun.reflect.NativeConstructorAccessorImpl.newInstance(NativeConstructorAccessorImpl.java:62)
	at sun.reflect.DelegatingConstructorAccessorImpl.newInstance(DelegatingConstructorAccessorImpl.java:45)
	at java.lang.reflect.Constructor.newInstance(Constructor.java:423)
	at org.apache.hadoop.net.NetUtils.wrapWithMessage(NetUtils.java:913)
	at org.apache.hadoop.net.NetUtils.wrapException(NetUtils.java:862)
	at org.apache.hadoop.ipc.Client.getRpcResponse(Client.java:1577)
	at org.apache.hadoop.ipc.Client.call(Client.java:1519)
	at org.apache.hadoop.ipc.Client.call(Client.java:1416)
	at org.apache.hadoop.ipc.ProtobufRpcEngine$Invoker.invoke(ProtobufRpcEngine.java:236)
	at org.apache.hadoop.ipc.ProtobufRpcEngine$Invoker.invoke(ProtobufRpcEngine.java:123)
	at com.sun.proxy.$Proxy48.submitRequest(Unknown Source)
	at org.apache.hadoop.ozone.protocolPB.StorageContainerDatanodeProtocolClientSideTranslatorPB.submitRequest(StorageContainerDatanodeProtocolClientSideTranslatorPB.java:117)
	at org.apache.hadoop.ozone.protocolPB.StorageContainerDatanodeProtocolClientSideTranslatorPB.sendHeartbeat(StorageContainerDatanodeProtocolClientSideTranslatorPB.java:149)
	at org.apache.hadoop.ozone.container.common.states.endpoint.HeartbeatEndpointTask.call(HeartbeatEndpointTask.java:179)
	at org.apache.hadoop.ozone.container.common.states.endpoint.HeartbeatEndpointTask.call(HeartbeatEndpointTask.java:82)
	at java.util.concurrent.FutureTask.run(FutureTask.java:266)
	at java.util.concurrent.ThreadPoolExecutor.runWorker(ThreadPoolExecutor.java:1149)
	at java.util.concurrent.ThreadPoolExecutor$Worker.run(ThreadPoolExecutor.java:624)
	at java.lang.Thread.run(Thread.java:748)
Caused by: java.io.EOFException
	at java.io.DataInputStream.readInt(DataInputStream.java:392)
	at org.apache.hadoop.ipc.Client$IpcStreams.readResponse(Client.java:1892)
	at org.apache.hadoop.ipc.Client$Connection.receiveRpcResponse(Client.java:1202)
	at org.apache.hadoop.ipc.Client$Connection.run(Client.java:1098)
2021-09-22 10:24:42,021 [EndpointStateMachine task thread for /127.0.0.1:14513 - 0 ] INFO  ipc.Client (Client.java:handleConnectionFailure(977)) - Retrying connect to server: localhost/127.0.0.1:14513. Already tried 11 time(s); retry policy is RetryUpToMaximumCountWithFixedSleep(maxRetries=15, sleepTime=1000 MILLISECONDS)
2021-09-22 10:24:42,241 [EndpointStateMachine task thread for /127.0.0.1:14493 - 0 ] INFO  ipc.Client (Client.java:handleConnectionFailure(977)) - Retrying connect to server: localhost/127.0.0.1:14493. Already tried 11 time(s); retry policy is RetryUpToMaximumCountWithFixedSleep(maxRetries=15, sleepTime=1000 MILLISECONDS)
2021-09-22 10:24:42,255 [EndpointStateMachine task thread for /127.0.0.1:14503 - 0 ] INFO  ipc.Client (Client.java:handleConnectionFailure(977)) - Retrying connect to server: localhost/127.0.0.1:14503. Already tried 10 time(s); retry policy is RetryUpToMaximumCountWithFixedSleep(maxRetries=15, sleepTime=1000 MILLISECONDS)
2021-09-22 10:24:42,663 [EndpointStateMachine task thread for /127.0.0.1:14469 - 0 ] INFO  ipc.Client (Client.java:handleConnectionFailure(977)) - Retrying connect to server: localhost/127.0.0.1:14469. Already tried 1 time(s); retry policy is RetryUpToMaximumCountWithFixedSleep(maxRetries=15, sleepTime=1000 MILLISECONDS)
2021-09-22 10:24:42,667 [EndpointStateMachine task thread for /127.0.0.1:14479 - 0 ] INFO  ipc.Client (Client.java:handleConnectionFailure(977)) - Retrying connect to server: localhost/127.0.0.1:14479. Already tried 1 time(s); retry policy is RetryUpToMaximumCountWithFixedSleep(maxRetries=15, sleepTime=1000 MILLISECONDS)
2021-09-22 10:24:43,022 [EndpointStateMachine task thread for /127.0.0.1:14513 - 0 ] INFO  ipc.Client (Client.java:handleConnectionFailure(977)) - Retrying connect to server: localhost/127.0.0.1:14513. Already tried 12 time(s); retry policy is RetryUpToMaximumCountWithFixedSleep(maxRetries=15, sleepTime=1000 MILLISECONDS)
2021-09-22 10:24:43,241 [EndpointStateMachine task thread for /127.0.0.1:14493 - 0 ] INFO  ipc.Client (Client.java:handleConnectionFailure(977)) - Retrying connect to server: localhost/127.0.0.1:14493. Already tried 12 time(s); retry policy is RetryUpToMaximumCountWithFixedSleep(maxRetries=15, sleepTime=1000 MILLISECONDS)
2021-09-22 10:24:43,255 [EndpointStateMachine task thread for /127.0.0.1:14503 - 0 ] INFO  ipc.Client (Client.java:handleConnectionFailure(977)) - Retrying connect to server: localhost/127.0.0.1:14503. Already tried 11 time(s); retry policy is RetryUpToMaximumCountWithFixedSleep(maxRetries=15, sleepTime=1000 MILLISECONDS)
2021-09-22 10:24:43,667 [EndpointStateMachine task thread for /127.0.0.1:14469 - 0 ] INFO  ipc.Client (Client.java:handleConnectionFailure(977)) - Retrying connect to server: localhost/127.0.0.1:14469. Already tried 2 time(s); retry policy is RetryUpToMaximumCountWithFixedSleep(maxRetries=15, sleepTime=1000 MILLISECONDS)
2021-09-22 10:24:43,667 [EndpointStateMachine task thread for /127.0.0.1:14479 - 0 ] INFO  ipc.Client (Client.java:handleConnectionFailure(977)) - Retrying connect to server: localhost/127.0.0.1:14479. Already tried 2 time(s); retry policy is RetryUpToMaximumCountWithFixedSleep(maxRetries=15, sleepTime=1000 MILLISECONDS)
2021-09-22 10:24:43,770 [EndpointStateMachine task thread for /127.0.0.1:14489 - 0 ] INFO  ipc.Client (Client.java:handleConnectionFailure(977)) - Retrying connect to server: localhost/127.0.0.1:14489. Already tried 0 time(s); retry policy is RetryUpToMaximumCountWithFixedSleep(maxRetries=15, sleepTime=1000 MILLISECONDS)
2021-09-22 10:24:44,022 [EndpointStateMachine task thread for /127.0.0.1:14513 - 0 ] INFO  ipc.Client (Client.java:handleConnectionFailure(977)) - Retrying connect to server: localhost/127.0.0.1:14513. Already tried 13 time(s); retry policy is RetryUpToMaximumCountWithFixedSleep(maxRetries=15, sleepTime=1000 MILLISECONDS)
2021-09-22 10:24:44,242 [EndpointStateMachine task thread for /127.0.0.1:14493 - 0 ] INFO  ipc.Client (Client.java:handleConnectionFailure(977)) - Retrying connect to server: localhost/127.0.0.1:14493. Already tried 13 time(s); retry policy is RetryUpToMaximumCountWithFixedSleep(maxRetries=15, sleepTime=1000 MILLISECONDS)
2021-09-22 10:24:44,256 [EndpointStateMachine task thread for /127.0.0.1:14503 - 0 ] INFO  ipc.Client (Client.java:handleConnectionFailure(977)) - Retrying connect to server: localhost/127.0.0.1:14503. Already tried 12 time(s); retry policy is RetryUpToMaximumCountWithFixedSleep(maxRetries=15, sleepTime=1000 MILLISECONDS)
2021-09-22 10:24:44,667 [EndpointStateMachine task thread for /127.0.0.1:14469 - 0 ] INFO  ipc.Client (Client.java:handleConnectionFailure(977)) - Retrying connect to server: localhost/127.0.0.1:14469. Already tried 3 time(s); retry policy is RetryUpToMaximumCountWithFixedSleep(maxRetries=15, sleepTime=1000 MILLISECONDS)
2021-09-22 10:24:44,668 [EndpointStateMachine task thread for /127.0.0.1:14479 - 0 ] INFO  ipc.Client (Client.java:handleConnectionFailure(977)) - Retrying connect to server: localhost/127.0.0.1:14479. Already tried 3 time(s); retry policy is RetryUpToMaximumCountWithFixedSleep(maxRetries=15, sleepTime=1000 MILLISECONDS)
2021-09-22 10:24:44,771 [EndpointStateMachine task thread for /127.0.0.1:14489 - 0 ] INFO  ipc.Client (Client.java:handleConnectionFailure(977)) - Retrying connect to server: localhost/127.0.0.1:14489. Already tried 1 time(s); retry policy is RetryUpToMaximumCountWithFixedSleep(maxRetries=15, sleepTime=1000 MILLISECONDS)
2021-09-22 10:24:45,023 [EndpointStateMachine task thread for /127.0.0.1:14513 - 0 ] INFO  ipc.Client (Client.java:handleConnectionFailure(977)) - Retrying connect to server: localhost/127.0.0.1:14513. Already tried 14 time(s); retry policy is RetryUpToMaximumCountWithFixedSleep(maxRetries=15, sleepTime=1000 MILLISECONDS)
2021-09-22 10:24:45,242 [EndpointStateMachine task thread for /127.0.0.1:14493 - 0 ] INFO  ipc.Client (Client.java:handleConnectionFailure(977)) - Retrying connect to server: localhost/127.0.0.1:14493. Already tried 14 time(s); retry policy is RetryUpToMaximumCountWithFixedSleep(maxRetries=15, sleepTime=1000 MILLISECONDS)
2021-09-22 10:24:45,256 [EndpointStateMachine task thread for /127.0.0.1:14503 - 0 ] INFO  ipc.Client (Client.java:handleConnectionFailure(977)) - Retrying connect to server: localhost/127.0.0.1:14503. Already tried 13 time(s); retry policy is RetryUpToMaximumCountWithFixedSleep(maxRetries=15, sleepTime=1000 MILLISECONDS)
2021-09-22 10:24:45,668 [EndpointStateMachine task thread for /127.0.0.1:14469 - 0 ] INFO  ipc.Client (Client.java:handleConnectionFailure(977)) - Retrying connect to server: localhost/127.0.0.1:14469. Already tried 4 time(s); retry policy is RetryUpToMaximumCountWithFixedSleep(maxRetries=15, sleepTime=1000 MILLISECONDS)
2021-09-22 10:24:45,668 [EndpointStateMachine task thread for /127.0.0.1:14479 - 0 ] INFO  ipc.Client (Client.java:handleConnectionFailure(977)) - Retrying connect to server: localhost/127.0.0.1:14479. Already tried 4 time(s); retry policy is RetryUpToMaximumCountWithFixedSleep(maxRetries=15, sleepTime=1000 MILLISECONDS)
2021-09-22 10:24:45,771 [EndpointStateMachine task thread for /127.0.0.1:14489 - 0 ] INFO  ipc.Client (Client.java:handleConnectionFailure(977)) - Retrying connect to server: localhost/127.0.0.1:14489. Already tried 2 time(s); retry policy is RetryUpToMaximumCountWithFixedSleep(maxRetries=15, sleepTime=1000 MILLISECONDS)
2021-09-22 10:24:46,025 [EndpointStateMachine task thread for /127.0.0.1:14513 - 0 ] INFO  ipc.Client (Client.java:handleConnectionFailure(977)) - Retrying connect to server: localhost/127.0.0.1:14513. Already tried 0 time(s); retry policy is RetryUpToMaximumCountWithFixedSleep(maxRetries=15, sleepTime=1000 MILLISECONDS)
2021-09-22 10:24:46,034 [ForkJoinPool.commonPool-worker-1] INFO  ozoneimpl.OzoneContainer (OzoneContainer.java:stop(325)) - Attempting to stop container services.
2021-09-22 10:24:46,035 [ForkJoinPool.commonPool-worker-1] INFO  server.RaftServer (RaftServerProxy.java:lambda$close$6(391)) - f12b8819-3292-4aaa-8592-45fcb8486f00: close
2021-09-22 10:24:46,035 [Listener at 127.0.0.1/12164] INFO  ozoneimpl.OzoneContainer (OzoneContainer.java:stop(325)) - Attempting to stop container services.
2021-09-22 10:24:46,035 [ForkJoinPool.commonPool-worker-1] INFO  server.RaftServer$Division (RaftServerImpl.java:lambda$close$4(407)) - f12b8819-3292-4aaa-8592-45fcb8486f00@group-FEC5D6B24579: shutdown
2021-09-22 10:24:46,035 [ForkJoinPool.commonPool-worker-1] INFO  util.JmxRegister (JmxRegister.java:unregister(73)) - Successfully un-registered JMX Bean with object name Ratis:service=RaftServer,group=group-FEC5D6B24579,id=f12b8819-3292-4aaa-8592-45fcb8486f00
2021-09-22 10:24:46,036 [ForkJoinPool.commonPool-worker-1] INFO  impl.RoleInfo (RoleInfo.java:shutdownFollowerState(108)) - f12b8819-3292-4aaa-8592-45fcb8486f00: shutdown f12b8819-3292-4aaa-8592-45fcb8486f00@group-FEC5D6B24579-FollowerState
2021-09-22 10:24:46,036 [ForkJoinPool.commonPool-worker-1] INFO  impl.StateMachineUpdater (StateMachineUpdater.java:stopAndJoin(149)) - f12b8819-3292-4aaa-8592-45fcb8486f00@group-FEC5D6B24579-StateMachineUpdater: set stopIndex = 0
2021-09-22 10:24:46,036 [f12b8819-3292-4aaa-8592-45fcb8486f00@group-FEC5D6B24579-StateMachineUpdater] INFO  ratis.ContainerStateMachine (ContainerStateMachine.java:takeSnapshot(292)) - group-FEC5D6B24579: Taking a snapshot at:(t:6, i:0) file /home/runner/work/ozone/ozone/hadoop-ozone/integration-test/target/test-dir/MiniOzoneClusterImpl-37bb77ab-1cd7-4f0f-8c8b-61e82082808e/datanode-0/data/ratis/0bf11d1f-42f6-42f6-8313-fec5d6b24579/sm/snapshot.6_0
2021-09-22 10:24:46,037 [f12b8819-3292-4aaa-8592-45fcb8486f00@group-FEC5D6B24579-FollowerState] INFO  impl.FollowerState (FollowerState.java:run(143)) - f12b8819-3292-4aaa-8592-45fcb8486f00@group-FEC5D6B24579-FollowerState was interrupted: {}
java.lang.InterruptedException: sleep interrupted
	at java.lang.Thread.sleep(Native Method)
	at java.lang.Thread.sleep(Thread.java:340)
	at java.util.concurrent.TimeUnit.sleep(TimeUnit.java:386)
	at org.apache.ratis.util.TimeDuration.sleep(TimeDuration.java:324)
	at org.apache.ratis.util.TimeDuration.sleep(TimeDuration.java:309)
	at org.apache.ratis.server.impl.FollowerState.run(FollowerState.java:118)
2021-09-22 10:24:46,038 [f12b8819-3292-4aaa-8592-45fcb8486f00@group-FEC5D6B24579-StateMachineUpdater] INFO  ratis.ContainerStateMachine (ContainerStateMachine.java:takeSnapshot(303)) - group-FEC5D6B24579: Finished taking a snapshot at:(t:6, i:0) file:/home/runner/work/ozone/ozone/hadoop-ozone/integration-test/target/test-dir/MiniOzoneClusterImpl-37bb77ab-1cd7-4f0f-8c8b-61e82082808e/datanode-0/data/ratis/0bf11d1f-42f6-42f6-8313-fec5d6b24579/sm/snapshot.6_0 took: 2 ms
2021-09-22 10:24:46,039 [Listener at 127.0.0.1/12164] INFO  server.RaftServer (RaftServerProxy.java:lambda$close$6(391)) - 523ca5f6-ff53-4fd3-97b8-2ae94a10fc0e: close
2021-09-22 10:24:46,039 [f12b8819-3292-4aaa-8592-45fcb8486f00@group-FEC5D6B24579-StateMachineUpdater] INFO  impl.StateMachineUpdater (StateMachineUpdater.java:takeSnapshot(281)) - f12b8819-3292-4aaa-8592-45fcb8486f00@group-FEC5D6B24579-StateMachineUpdater: Took a snapshot at index 0
2021-09-22 10:24:46,039 [Listener at 127.0.0.1/12164] INFO  server.RaftServer$Division (RaftServerImpl.java:lambda$close$4(407)) - 523ca5f6-ff53-4fd3-97b8-2ae94a10fc0e@group-FEC5D6B24579: shutdown
2021-09-22 10:24:46,039 [f12b8819-3292-4aaa-8592-45fcb8486f00@group-FEC5D6B24579-StateMachineUpdater] INFO  impl.StateMachineUpdater (StateMachineUpdater.java:lambda$new$0(89)) - f12b8819-3292-4aaa-8592-45fcb8486f00@group-FEC5D6B24579-StateMachineUpdater: snapshotIndex: updateIncreasingly -1 -> 0
2021-09-22 10:24:46,039 [Listener at 127.0.0.1/12164] INFO  util.JmxRegister (JmxRegister.java:unregister(73)) - Successfully un-registered JMX Bean with object name Ratis:service=RaftServer,group=group-FEC5D6B24579,id=523ca5f6-ff53-4fd3-97b8-2ae94a10fc0e
2021-09-22 10:24:46,039 [Listener at 127.0.0.1/12164] INFO  impl.RoleInfo (RoleInfo.java:shutdownFollowerState(108)) - 523ca5f6-ff53-4fd3-97b8-2ae94a10fc0e: shutdown 523ca5f6-ff53-4fd3-97b8-2ae94a10fc0e@group-FEC5D6B24579-FollowerState
2021-09-22 10:24:46,039 [ForkJoinPool.commonPool-worker-1] INFO  server.RaftServer$Division (ServerState.java:close(419)) - f12b8819-3292-4aaa-8592-45fcb8486f00@group-FEC5D6B24579: closes. applyIndex: 0
2021-09-22 10:24:46,039 [Listener at 127.0.0.1/12164] INFO  impl.StateMachineUpdater (StateMachineUpdater.java:stopAndJoin(149)) - 523ca5f6-ff53-4fd3-97b8-2ae94a10fc0e@group-FEC5D6B24579-StateMachineUpdater: set stopIndex = 0
2021-09-22 10:24:46,040 [523ca5f6-ff53-4fd3-97b8-2ae94a10fc0e@group-FEC5D6B24579-StateMachineUpdater] INFO  ratis.ContainerStateMachine (ContainerStateMachine.java:takeSnapshot(292)) - group-FEC5D6B24579: Taking a snapshot at:(t:6, i:0) file /home/runner/work/ozone/ozone/hadoop-ozone/integration-test/target/test-dir/MiniOzoneClusterImpl-37bb77ab-1cd7-4f0f-8c8b-61e82082808e/datanode-1/data/ratis/0bf11d1f-42f6-42f6-8313-fec5d6b24579/sm/snapshot.6_0
2021-09-22 10:24:46,040 [f12b8819-3292-4aaa-8592-45fcb8486f00@group-FEC5D6B24579-SegmentedRaftLogWorker] INFO  segmented.SegmentedRaftLogWorker (SegmentedRaftLogWorker.java:run(327)) - f12b8819-3292-4aaa-8592-45fcb8486f00@group-FEC5D6B24579-SegmentedRaftLogWorker was interrupted, exiting. There are 0 tasks remaining in the queue.
2021-09-22 10:24:46,040 [523ca5f6-ff53-4fd3-97b8-2ae94a10fc0e@group-FEC5D6B24579-FollowerState] INFO  impl.FollowerState (FollowerState.java:run(143)) - 523ca5f6-ff53-4fd3-97b8-2ae94a10fc0e@group-FEC5D6B24579-FollowerState was interrupted: {}
java.lang.InterruptedException: sleep interrupted
	at java.lang.Thread.sleep(Native Method)
	at java.lang.Thread.sleep(Thread.java:340)
	at java.util.concurrent.TimeUnit.sleep(TimeUnit.java:386)
	at org.apache.ratis.util.TimeDuration.sleep(TimeDuration.java:324)
	at org.apache.ratis.util.TimeDuration.sleep(TimeDuration.java:309)
	at org.apache.ratis.server.impl.FollowerState.run(FollowerState.java:118)
2021-09-22 10:24:46,041 [523ca5f6-ff53-4fd3-97b8-2ae94a10fc0e@group-FEC5D6B24579-StateMachineUpdater] INFO  ratis.ContainerStateMachine (ContainerStateMachine.java:takeSnapshot(303)) - group-FEC5D6B24579: Finished taking a snapshot at:(t:6, i:0) file:/home/runner/work/ozone/ozone/hadoop-ozone/integration-test/target/test-dir/MiniOzoneClusterImpl-37bb77ab-1cd7-4f0f-8c8b-61e82082808e/datanode-1/data/ratis/0bf11d1f-42f6-42f6-8313-fec5d6b24579/sm/snapshot.6_0 took: 1 ms
2021-09-22 10:24:46,041 [523ca5f6-ff53-4fd3-97b8-2ae94a10fc0e@group-FEC5D6B24579-StateMachineUpdater] INFO  impl.StateMachineUpdater (StateMachineUpdater.java:takeSnapshot(281)) - 523ca5f6-ff53-4fd3-97b8-2ae94a10fc0e@group-FEC5D6B24579-StateMachineUpdater: Took a snapshot at index 0
2021-09-22 10:24:46,041 [523ca5f6-ff53-4fd3-97b8-2ae94a10fc0e@group-FEC5D6B24579-StateMachineUpdater] INFO  impl.StateMachineUpdater (StateMachineUpdater.java:lambda$new$0(89)) - 523ca5f6-ff53-4fd3-97b8-2ae94a10fc0e@group-FEC5D6B24579-StateMachineUpdater: snapshotIndex: updateIncreasingly -1 -> 0
2021-09-22 10:24:46,042 [ForkJoinPool.commonPool-worker-1] INFO  segmented.SegmentedRaftLogWorker (SegmentedRaftLogWorker.java:close(237)) - f12b8819-3292-4aaa-8592-45fcb8486f00@group-FEC5D6B24579-SegmentedRaftLogWorker close()
2021-09-22 10:24:46,043 [Listener at 127.0.0.1/12164] INFO  server.RaftServer$Division (ServerState.java:close(419)) - 523ca5f6-ff53-4fd3-97b8-2ae94a10fc0e@group-FEC5D6B24579: closes. applyIndex: 0
2021-09-22 10:24:46,043 [ForkJoinPool.commonPool-worker-1] INFO  server.RaftServer$Division (RaftServerImpl.java:lambda$close$4(407)) - f12b8819-3292-4aaa-8592-45fcb8486f00@group-BBCB63A168E8: shutdown
2021-09-22 10:24:46,044 [ForkJoinPool.commonPool-worker-1] INFO  util.JmxRegister (JmxRegister.java:unregister(73)) - Successfully un-registered JMX Bean with object name Ratis:service=RaftServer,group=group-BBCB63A168E8,id=f12b8819-3292-4aaa-8592-45fcb8486f00
2021-09-22 10:24:46,044 [ForkJoinPool.commonPool-worker-1] INFO  impl.RoleInfo (RoleInfo.java:shutdownFollowerState(108)) - f12b8819-3292-4aaa-8592-45fcb8486f00: shutdown f12b8819-3292-4aaa-8592-45fcb8486f00@group-BBCB63A168E8-FollowerState
2021-09-22 10:24:46,044 [523ca5f6-ff53-4fd3-97b8-2ae94a10fc0e@group-FEC5D6B24579-SegmentedRaftLogWorker] INFO  segmented.SegmentedRaftLogWorker (SegmentedRaftLogWorker.java:run(327)) - 523ca5f6-ff53-4fd3-97b8-2ae94a10fc0e@group-FEC5D6B24579-SegmentedRaftLogWorker was interrupted, exiting. There are 0 tasks remaining in the queue.
2021-09-22 10:24:46,045 [Listener at 127.0.0.1/12164] INFO  segmented.SegmentedRaftLogWorker (SegmentedRaftLogWorker.java:close(237)) - 523ca5f6-ff53-4fd3-97b8-2ae94a10fc0e@group-FEC5D6B24579-SegmentedRaftLogWorker close()
2021-09-22 10:24:46,046 [Listener at 127.0.0.1/12164] INFO  server.RaftServer$Division (RaftServerImpl.java:lambda$close$4(407)) - 523ca5f6-ff53-4fd3-97b8-2ae94a10fc0e@group-BBCB63A168E8: shutdown
2021-09-22 10:24:46,047 [Listener at 127.0.0.1/12164] INFO  util.JmxRegister (JmxRegister.java:unregister(73)) - Successfully un-registered JMX Bean with object name Ratis:service=RaftServer,group=group-BBCB63A168E8,id=523ca5f6-ff53-4fd3-97b8-2ae94a10fc0e
2021-09-22 10:24:46,047 [Listener at 127.0.0.1/12164] INFO  impl.RoleInfo (RoleInfo.java:shutdownLeaderState(91)) - 523ca5f6-ff53-4fd3-97b8-2ae94a10fc0e: shutdown 523ca5f6-ff53-4fd3-97b8-2ae94a10fc0e@group-BBCB63A168E8-LeaderStateImpl
2021-09-22 10:24:46,047 [ForkJoinPool.commonPool-worker-1] INFO  impl.StateMachineUpdater (StateMachineUpdater.java:stopAndJoin(149)) - f12b8819-3292-4aaa-8592-45fcb8486f00@group-BBCB63A168E8-StateMachineUpdater: set stopIndex = 0
2021-09-22 10:24:46,048 [f12b8819-3292-4aaa-8592-45fcb8486f00@group-BBCB63A168E8-StateMachineUpdater] INFO  ratis.ContainerStateMachine (ContainerStateMachine.java:takeSnapshot(292)) - group-BBCB63A168E8: Taking a snapshot at:(t:5, i:0) file /home/runner/work/ozone/ozone/hadoop-ozone/integration-test/target/test-dir/MiniOzoneClusterImpl-37bb77ab-1cd7-4f0f-8c8b-61e82082808e/datanode-0/data/ratis/8e0a2a57-1cbe-4bdd-9500-bbcb63a168e8/sm/snapshot.5_0
2021-09-22 10:24:46,048 [Listener at 127.0.0.1/12164] INFO  impl.PendingRequests (PendingRequests.java:sendNotLeaderResponses(282)) - 523ca5f6-ff53-4fd3-97b8-2ae94a10fc0e@group-BBCB63A168E8-PendingRequests: sendNotLeaderResponses
2021-09-22 10:24:46,048 [f12b8819-3292-4aaa-8592-45fcb8486f00@group-BBCB63A168E8-StateMachineUpdater] INFO  ratis.ContainerStateMachine (ContainerStateMachine.java:takeSnapshot(303)) - group-BBCB63A168E8: Finished taking a snapshot at:(t:5, i:0) file:/home/runner/work/ozone/ozone/hadoop-ozone/integration-test/target/test-dir/MiniOzoneClusterImpl-37bb77ab-1cd7-4f0f-8c8b-61e82082808e/datanode-0/data/ratis/8e0a2a57-1cbe-4bdd-9500-bbcb63a168e8/sm/snapshot.5_0 took: 1 ms
2021-09-22 10:24:46,049 [f12b8819-3292-4aaa-8592-45fcb8486f00@group-BBCB63A168E8-StateMachineUpdater] INFO  impl.StateMachineUpdater (StateMachineUpdater.java:takeSnapshot(281)) - f12b8819-3292-4aaa-8592-45fcb8486f00@group-BBCB63A168E8-StateMachineUpdater: Took a snapshot at index 0
2021-09-22 10:24:46,049 [f12b8819-3292-4aaa-8592-45fcb8486f00@group-BBCB63A168E8-StateMachineUpdater] INFO  impl.StateMachineUpdater (StateMachineUpdater.java:lambda$new$0(89)) - f12b8819-3292-4aaa-8592-45fcb8486f00@group-BBCB63A168E8-StateMachineUpdater: snapshotIndex: updateIncreasingly -1 -> 0
2021-09-22 10:24:46,049 [ForkJoinPool.commonPool-worker-1] INFO  server.RaftServer$Division (ServerState.java:close(419)) - f12b8819-3292-4aaa-8592-45fcb8486f00@group-BBCB63A168E8: closes. applyIndex: 0
2021-09-22 10:24:46,049 [f12b8819-3292-4aaa-8592-45fcb8486f00@group-BBCB63A168E8-SegmentedRaftLogWorker] INFO  segmented.SegmentedRaftLogWorker (SegmentedRaftLogWorker.java:run(327)) - f12b8819-3292-4aaa-8592-45fcb8486f00@group-BBCB63A168E8-SegmentedRaftLogWorker was interrupted, exiting. There are 0 tasks remaining in the queue.
2021-09-22 10:24:46,050 [ForkJoinPool.commonPool-worker-1] INFO  segmented.SegmentedRaftLogWorker (SegmentedRaftLogWorker.java:close(237)) - f12b8819-3292-4aaa-8592-45fcb8486f00@group-BBCB63A168E8-SegmentedRaftLogWorker close()
2021-09-22 10:24:46,052 [ForkJoinPool.commonPool-worker-1] INFO  server.RaftServer$Division (RaftServerImpl.java:lambda$close$4(407)) - f12b8819-3292-4aaa-8592-45fcb8486f00@group-5FF23E964353: shutdown
2021-09-22 10:24:46,052 [ForkJoinPool.commonPool-worker-1] INFO  util.JmxRegister (JmxRegister.java:unregister(73)) - Successfully un-registered JMX Bean with object name Ratis:service=RaftServer,group=group-5FF23E964353,id=f12b8819-3292-4aaa-8592-45fcb8486f00
2021-09-22 10:24:46,052 [ForkJoinPool.commonPool-worker-1] INFO  impl.RoleInfo (RoleInfo.java:shutdownLeaderState(91)) - f12b8819-3292-4aaa-8592-45fcb8486f00: shutdown f12b8819-3292-4aaa-8592-45fcb8486f00@group-5FF23E964353-LeaderStateImpl
2021-09-22 10:24:46,052 [ForkJoinPool.commonPool-worker-1] INFO  impl.PendingRequests (PendingRequests.java:sendNotLeaderResponses(282)) - f12b8819-3292-4aaa-8592-45fcb8486f00@group-5FF23E964353-PendingRequests: sendNotLeaderResponses
2021-09-22 10:24:46,053 [f12b8819-3292-4aaa-8592-45fcb8486f00@group-5FF23E964353-StateMachineUpdater] INFO  ratis.ContainerStateMachine (ContainerStateMachine.java:takeSnapshot(292)) - group-5FF23E964353: Taking a snapshot at:(t:1, i:0) file /home/runner/work/ozone/ozone/hadoop-ozone/integration-test/target/test-dir/MiniOzoneClusterImpl-37bb77ab-1cd7-4f0f-8c8b-61e82082808e/datanode-0/data/ratis/fd24a85c-22b7-4d72-8614-5ff23e964353/sm/snapshot.1_0
2021-09-22 10:24:46,053 [ForkJoinPool.commonPool-worker-1] INFO  impl.StateMachineUpdater (StateMachineUpdater.java:stopAndJoin(149)) - f12b8819-3292-4aaa-8592-45fcb8486f00@group-5FF23E964353-StateMachineUpdater: set stopIndex = 0
2021-09-22 10:24:46,054 [f12b8819-3292-4aaa-8592-45fcb8486f00@group-5FF23E964353-StateMachineUpdater] INFO  ratis.ContainerStateMachine (ContainerStateMachine.java:takeSnapshot(303)) - group-5FF23E964353: Finished taking a snapshot at:(t:1, i:0) file:/home/runner/work/ozone/ozone/hadoop-ozone/integration-test/target/test-dir/MiniOzoneClusterImpl-37bb77ab-1cd7-4f0f-8c8b-61e82082808e/datanode-0/data/ratis/fd24a85c-22b7-4d72-8614-5ff23e964353/sm/snapshot.1_0 took: 1 ms
2021-09-22 10:24:46,054 [f12b8819-3292-4aaa-8592-45fcb8486f00@group-5FF23E964353-StateMachineUpdater] INFO  impl.StateMachineUpdater (StateMachineUpdater.java:takeSnapshot(281)) - f12b8819-3292-4aaa-8592-45fcb8486f00@group-5FF23E964353-StateMachineUpdater: Took a snapshot at index 0
2021-09-22 10:24:46,054 [f12b8819-3292-4aaa-8592-45fcb8486f00@group-5FF23E964353-StateMachineUpdater] INFO  impl.StateMachineUpdater (StateMachineUpdater.java:lambda$new$0(89)) - f12b8819-3292-4aaa-8592-45fcb8486f00@group-5FF23E964353-StateMachineUpdater: snapshotIndex: updateIncreasingly -1 -> 0
2021-09-22 10:24:46,054 [ForkJoinPool.commonPool-worker-1] INFO  server.RaftServer$Division (ServerState.java:close(419)) - f12b8819-3292-4aaa-8592-45fcb8486f00@group-5FF23E964353: closes. applyIndex: 0
2021-09-22 10:24:46,054 [f12b8819-3292-4aaa-8592-45fcb8486f00@group-5FF23E964353-SegmentedRaftLogWorker] INFO  segmented.SegmentedRaftLogWorker (SegmentedRaftLogWorker.java:run(327)) - f12b8819-3292-4aaa-8592-45fcb8486f00@group-5FF23E964353-SegmentedRaftLogWorker was interrupted, exiting. There are 0 tasks remaining in the queue.
2021-09-22 10:24:46,057 [f12b8819-3292-4aaa-8592-45fcb8486f00@group-BBCB63A168E8-FollowerState] INFO  impl.FollowerState (FollowerState.java:run(143)) - f12b8819-3292-4aaa-8592-45fcb8486f00@group-BBCB63A168E8-FollowerState was interrupted: {}
java.lang.InterruptedException: sleep interrupted
	at java.lang.Thread.sleep(Native Method)
	at java.lang.Thread.sleep(Thread.java:340)
	at java.util.concurrent.TimeUnit.sleep(TimeUnit.java:386)
	at org.apache.ratis.util.TimeDuration.sleep(TimeDuration.java:324)
	at org.apache.ratis.util.TimeDuration.sleep(TimeDuration.java:309)
	at org.apache.ratis.server.impl.FollowerState.run(FollowerState.java:118)
2021-09-22 10:24:46,057 [523ca5f6-ff53-4fd3-97b8-2ae94a10fc0e@group-BBCB63A168E8->f12b8819-3292-4aaa-8592-45fcb8486f00-GrpcLogAppender-LogAppenderDaemon] WARN  server.GrpcLogAppender (GrpcLogAppender.java:mayWait(175)) - 523ca5f6-ff53-4fd3-97b8-2ae94a10fc0e@group-BBCB63A168E8->f12b8819-3292-4aaa-8592-45fcb8486f00-GrpcLogAppender: Wait interrupted by java.lang.InterruptedException
2021-09-22 10:24:46,057 [523ca5f6-ff53-4fd3-97b8-2ae94a10fc0e@group-BBCB63A168E8->d7bf25b9-218d-4f93-a950-cbf604fb8be9-GrpcLogAppender-LogAppenderDaemon] WARN  server.GrpcLogAppender (GrpcLogAppender.java:mayWait(175)) - 523ca5f6-ff53-4fd3-97b8-2ae94a10fc0e@group-BBCB63A168E8->d7bf25b9-218d-4f93-a950-cbf604fb8be9-GrpcLogAppender: Wait interrupted by java.lang.InterruptedException
2021-09-22 10:24:46,058 [grpc-default-executor-0] INFO  server.GrpcServerProtocolService (GrpcServerProtocolService.java:onCompleted(140)) - d7bf25b9-218d-4f93-a950-cbf604fb8be9: Completed APPEND_ENTRIES, lastRequest: 523ca5f6-ff53-4fd3-97b8-2ae94a10fc0e->d7bf25b9-218d-4f93-a950-cbf604fb8be9#1-t5,previous=(t:0, i:0),leaderCommit=-1,initializing? true,entries: size=1, first=(t:5, i:0), CONFIGURATIONENTRY
2021-09-22 10:24:46,057 [ForkJoinPool.commonPool-worker-1] INFO  segmented.SegmentedRaftLogWorker (SegmentedRaftLogWorker.java:close(237)) - f12b8819-3292-4aaa-8592-45fcb8486f00@group-5FF23E964353-SegmentedRaftLogWorker close()
2021-09-22 10:24:46,058 [grpc-default-executor-4] INFO  server.GrpcServerProtocolService (GrpcServerProtocolService.java:onCompleted(140)) - f12b8819-3292-4aaa-8592-45fcb8486f00: Completed APPEND_ENTRIES, lastRequest: 523ca5f6-ff53-4fd3-97b8-2ae94a10fc0e->f12b8819-3292-4aaa-8592-45fcb8486f00#1-t5,previous=(t:0, i:0),leaderCommit=0,initializing? true,entries: size=1, first=(t:5, i:0), CONFIGURATIONENTRY
2021-09-22 10:24:46,059 [grpc-default-executor-0] INFO  server.GrpcLogAppender (GrpcLogAppender.java:onCompleted(344)) - 523ca5f6-ff53-4fd3-97b8-2ae94a10fc0e@group-BBCB63A168E8->d7bf25b9-218d-4f93-a950-cbf604fb8be9-AppendLogResponseHandler: follower responses appendEntries COMPLETED
2021-09-22 10:24:46,059 [grpc-default-executor-0] INFO  leader.FollowerInfo (FollowerInfoImpl.java:lambda$new$0(46)) - 523ca5f6-ff53-4fd3-97b8-2ae94a10fc0e@group-BBCB63A168E8->d7bf25b9-218d-4f93-a950-cbf604fb8be9: nextIndex: updateUnconditionally 1 -> 0
2021-09-22 10:24:46,059 [grpc-default-executor-1] INFO  server.GrpcLogAppender (GrpcLogAppender.java:onCompleted(344)) - 523ca5f6-ff53-4fd3-97b8-2ae94a10fc0e@group-BBCB63A168E8->f12b8819-3292-4aaa-8592-45fcb8486f00-AppendLogResponseHandler: follower responses appendEntries COMPLETED
2021-09-22 10:24:46,059 [grpc-default-executor-1] INFO  leader.FollowerInfo (FollowerInfoImpl.java:lambda$new$0(46)) - 523ca5f6-ff53-4fd3-97b8-2ae94a10fc0e@group-BBCB63A168E8->f12b8819-3292-4aaa-8592-45fcb8486f00: nextIndex: updateUnconditionally 1 -> 0
2021-09-22 10:24:46,063 [Listener at 127.0.0.1/12164] INFO  impl.StateMachineUpdater (StateMachineUpdater.java:stopAndJoin(149)) - 523ca5f6-ff53-4fd3-97b8-2ae94a10fc0e@group-BBCB63A168E8-StateMachineUpdater: set stopIndex = 0
2021-09-22 10:24:46,064 [523ca5f6-ff53-4fd3-97b8-2ae94a10fc0e@group-BBCB63A168E8-StateMachineUpdater] INFO  ratis.ContainerStateMachine (ContainerStateMachine.java:takeSnapshot(292)) - group-BBCB63A168E8: Taking a snapshot at:(t:5, i:0) file /home/runner/work/ozone/ozone/hadoop-ozone/integration-test/target/test-dir/MiniOzoneClusterImpl-37bb77ab-1cd7-4f0f-8c8b-61e82082808e/datanode-1/data/ratis/8e0a2a57-1cbe-4bdd-9500-bbcb63a168e8/sm/snapshot.5_0
2021-09-22 10:24:46,065 [523ca5f6-ff53-4fd3-97b8-2ae94a10fc0e@group-BBCB63A168E8-StateMachineUpdater] INFO  ratis.ContainerStateMachine (ContainerStateMachine.java:takeSnapshot(303)) - group-BBCB63A168E8: Finished taking a snapshot at:(t:5, i:0) file:/home/runner/work/ozone/ozone/hadoop-ozone/integration-test/target/test-dir/MiniOzoneClusterImpl-37bb77ab-1cd7-4f0f-8c8b-61e82082808e/datanode-1/data/ratis/8e0a2a57-1cbe-4bdd-9500-bbcb63a168e8/sm/snapshot.5_0 took: 1 ms
2021-09-22 10:24:46,065 [523ca5f6-ff53-4fd3-97b8-2ae94a10fc0e@group-BBCB63A168E8-StateMachineUpdater] INFO  impl.StateMachineUpdater (StateMachineUpdater.java:takeSnapshot(281)) - 523ca5f6-ff53-4fd3-97b8-2ae94a10fc0e@group-BBCB63A168E8-StateMachineUpdater: Took a snapshot at index 0
2021-09-22 10:24:46,065 [523ca5f6-ff53-4fd3-97b8-2ae94a10fc0e@group-BBCB63A168E8-StateMachineUpdater] INFO  impl.StateMachineUpdater (StateMachineUpdater.java:lambda$new$0(89)) - 523ca5f6-ff53-4fd3-97b8-2ae94a10fc0e@group-BBCB63A168E8-StateMachineUpdater: snapshotIndex: updateIncreasingly -1 -> 0
2021-09-22 10:24:46,065 [Listener at 127.0.0.1/12164] INFO  server.RaftServer$Division (ServerState.java:close(419)) - 523ca5f6-ff53-4fd3-97b8-2ae94a10fc0e@group-BBCB63A168E8: closes. applyIndex: 0
2021-09-22 10:24:46,065 [523ca5f6-ff53-4fd3-97b8-2ae94a10fc0e@group-BBCB63A168E8-SegmentedRaftLogWorker] INFO  segmented.SegmentedRaftLogWorker (SegmentedRaftLogWorker.java:run(327)) - 523ca5f6-ff53-4fd3-97b8-2ae94a10fc0e@group-BBCB63A168E8-SegmentedRaftLogWorker was interrupted, exiting. There are 0 tasks remaining in the queue.
2021-09-22 10:24:46,067 [Listener at 127.0.0.1/12164] INFO  segmented.SegmentedRaftLogWorker (SegmentedRaftLogWorker.java:close(237)) - 523ca5f6-ff53-4fd3-97b8-2ae94a10fc0e@group-BBCB63A168E8-SegmentedRaftLogWorker close()
2021-09-22 10:24:46,067 [ForkJoinPool.commonPool-worker-1] INFO  server.GrpcService (GrpcService.java:closeImpl(262)) - f12b8819-3292-4aaa-8592-45fcb8486f00: shutdown server with port 37357 now
2021-09-22 10:24:46,068 [Listener at 127.0.0.1/12164] INFO  server.RaftServer$Division (RaftServerImpl.java:lambda$close$4(407)) - 523ca5f6-ff53-4fd3-97b8-2ae94a10fc0e@group-F6FDB51ACFCF: shutdown
2021-09-22 10:24:46,068 [Listener at 127.0.0.1/12164] INFO  util.JmxRegister (JmxRegister.java:unregister(73)) - Successfully un-registered JMX Bean with object name Ratis:service=RaftServer,group=group-F6FDB51ACFCF,id=523ca5f6-ff53-4fd3-97b8-2ae94a10fc0e
2021-09-22 10:24:46,068 [Listener at 127.0.0.1/12164] INFO  impl.RoleInfo (RoleInfo.java:shutdownLeaderState(91)) - 523ca5f6-ff53-4fd3-97b8-2ae94a10fc0e: shutdown 523ca5f6-ff53-4fd3-97b8-2ae94a10fc0e@group-F6FDB51ACFCF-LeaderStateImpl
2021-09-22 10:24:46,069 [Listener at 127.0.0.1/12164] INFO  impl.PendingRequests (PendingRequests.java:sendNotLeaderResponses(282)) - 523ca5f6-ff53-4fd3-97b8-2ae94a10fc0e@group-F6FDB51ACFCF-PendingRequests: sendNotLeaderResponses
2021-09-22 10:24:46,069 [Listener at 127.0.0.1/12164] INFO  impl.StateMachineUpdater (StateMachineUpdater.java:stopAndJoin(149)) - 523ca5f6-ff53-4fd3-97b8-2ae94a10fc0e@group-F6FDB51ACFCF-StateMachineUpdater: set stopIndex = 0
2021-09-22 10:24:46,069 [523ca5f6-ff53-4fd3-97b8-2ae94a10fc0e@group-F6FDB51ACFCF-StateMachineUpdater] INFO  ratis.ContainerStateMachine (ContainerStateMachine.java:takeSnapshot(292)) - group-F6FDB51ACFCF: Taking a snapshot at:(t:1, i:0) file /home/runner/work/ozone/ozone/hadoop-ozone/integration-test/target/test-dir/MiniOzoneClusterImpl-37bb77ab-1cd7-4f0f-8c8b-61e82082808e/datanode-1/data/ratis/b7668ecb-6134-4093-9b3f-f6fdb51acfcf/sm/snapshot.1_0
2021-09-22 10:24:46,070 [523ca5f6-ff53-4fd3-97b8-2ae94a10fc0e@group-F6FDB51ACFCF-StateMachineUpdater] INFO  ratis.ContainerStateMachine (ContainerStateMachine.java:takeSnapshot(303)) - group-F6FDB51ACFCF: Finished taking a snapshot at:(t:1, i:0) file:/home/runner/work/ozone/ozone/hadoop-ozone/integration-test/target/test-dir/MiniOzoneClusterImpl-37bb77ab-1cd7-4f0f-8c8b-61e82082808e/datanode-1/data/ratis/b7668ecb-6134-4093-9b3f-f6fdb51acfcf/sm/snapshot.1_0 took: 0 ms
2021-09-22 10:24:46,070 [523ca5f6-ff53-4fd3-97b8-2ae94a10fc0e@group-F6FDB51ACFCF-StateMachineUpdater] INFO  impl.StateMachineUpdater (StateMachineUpdater.java:takeSnapshot(281)) - 523ca5f6-ff53-4fd3-97b8-2ae94a10fc0e@group-F6FDB51ACFCF-StateMachineUpdater: Took a snapshot at index 0
2021-09-22 10:24:46,070 [523ca5f6-ff53-4fd3-97b8-2ae94a10fc0e@group-F6FDB51ACFCF-StateMachineUpdater] INFO  impl.StateMachineUpdater (StateMachineUpdater.java:lambda$new$0(89)) - 523ca5f6-ff53-4fd3-97b8-2ae94a10fc0e@group-F6FDB51ACFCF-StateMachineUpdater: snapshotIndex: updateIncreasingly -1 -> 0
2021-09-22 10:24:46,071 [Listener at 127.0.0.1/12164] INFO  server.RaftServer$Division (ServerState.java:close(419)) - 523ca5f6-ff53-4fd3-97b8-2ae94a10fc0e@group-F6FDB51ACFCF: closes. applyIndex: 0
2021-09-22 10:24:46,072 [523ca5f6-ff53-4fd3-97b8-2ae94a10fc0e@group-F6FDB51ACFCF-SegmentedRaftLogWorker] INFO  segmented.SegmentedRaftLogWorker (SegmentedRaftLogWorker.java:run(327)) - 523ca5f6-ff53-4fd3-97b8-2ae94a10fc0e@group-F6FDB51ACFCF-SegmentedRaftLogWorker was interrupted, exiting. There are 0 tasks remaining in the queue.
2021-09-22 10:24:46,072 [Listener at 127.0.0.1/12164] INFO  segmented.SegmentedRaftLogWorker (SegmentedRaftLogWorker.java:close(237)) - 523ca5f6-ff53-4fd3-97b8-2ae94a10fc0e@group-F6FDB51ACFCF-SegmentedRaftLogWorker close()
2021-09-22 10:24:46,073 [Listener at 127.0.0.1/12164] INFO  server.GrpcService (GrpcService.java:closeImpl(262)) - 523ca5f6-ff53-4fd3-97b8-2ae94a10fc0e: shutdown server with port 41341 now
2021-09-22 10:24:46,074 [grpc-default-executor-1] WARN  server.GrpcLogAppender (LogUtils.java:warn(122)) - d7bf25b9-218d-4f93-a950-cbf604fb8be9@group-FEC5D6B24579->f12b8819-3292-4aaa-8592-45fcb8486f00-AppendLogResponseHandler: Failed appendEntries: org.apache.ratis.thirdparty.io.grpc.StatusRuntimeException: CANCELLED: HTTP/2 error code: CANCEL
Received Rst Stream
2021-09-22 10:24:46,074 [grpc-default-executor-1] WARN  server.GrpcLogAppender (GrpcLogAppender.java:resetClient(111)) - d7bf25b9-218d-4f93-a950-cbf604fb8be9@group-FEC5D6B24579->f12b8819-3292-4aaa-8592-45fcb8486f00-GrpcLogAppender: Leader has not got in touch with Follower d7bf25b9-218d-4f93-a950-cbf604fb8be9@group-FEC5D6B24579->f12b8819-3292-4aaa-8592-45fcb8486f00(c0,m0,n1, attendVote=true, lastRpcSendTime=1080, lastRpcResponseTime=1079) yet, just keep nextIndex unchanged and retry.
2021-09-22 10:24:46,075 [grpc-default-executor-0] WARN  server.GrpcServerProtocolService (LogUtils.java:warn(122)) - 523ca5f6-ff53-4fd3-97b8-2ae94a10fc0e: installSnapshot onError, lastRequest: d7bf25b9-218d-4f93-a950-cbf604fb8be9->523ca5f6-ff53-4fd3-97b8-2ae94a10fc0e#1-t6,previous=(t:0, i:0),leaderCommit=-1,initializing? true,entries: size=1, first=(t:6, i:0), CONFIGURATIONENTRY: org.apache.ratis.thirdparty.io.grpc.StatusRuntimeException: CANCELLED: client cancelled
2021-09-22 10:24:46,075 [grpc-default-executor-4] WARN  server.GrpcServerProtocolService (LogUtils.java:warn(122)) - f12b8819-3292-4aaa-8592-45fcb8486f00: installSnapshot onError, lastRequest: d7bf25b9-218d-4f93-a950-cbf604fb8be9->f12b8819-3292-4aaa-8592-45fcb8486f00#1-t6,previous=(t:0, i:0),leaderCommit=-1,initializing? true,entries: size=1, first=(t:6, i:0), CONFIGURATIONENTRY: org.apache.ratis.thirdparty.io.grpc.StatusRuntimeException: CANCELLED: client cancelled
2021-09-22 10:24:46,084 [ForkJoinPool.commonPool-worker-1] INFO  server.GrpcService (GrpcService.java:closeImpl(271)) - f12b8819-3292-4aaa-8592-45fcb8486f00: shutdown server with port 37357 successfully
2021-09-22 10:24:46,084 [org.apache.ratis.util.JvmPauseMonitor$$Lambda$499/1893987183@3deb9e79] INFO  util.JvmPauseMonitor (JvmPauseMonitor.java:run(109)) - JvmPauseMonitor-f12b8819-3292-4aaa-8592-45fcb8486f00: Stopped
2021-09-22 10:24:46,085 [grpc-default-executor-4] WARN  server.GrpcLogAppender (LogUtils.java:warn(122)) - d7bf25b9-218d-4f93-a950-cbf604fb8be9@group-FEC5D6B24579->523ca5f6-ff53-4fd3-97b8-2ae94a10fc0e-AppendLogResponseHandler: Failed appendEntries: org.apache.ratis.thirdparty.io.grpc.StatusRuntimeException: CANCELLED: HTTP/2 error code: CANCEL
Received Rst Stream
2021-09-22 10:24:46,085 [grpc-default-executor-4] WARN  server.GrpcLogAppender (GrpcLogAppender.java:resetClient(111)) - d7bf25b9-218d-4f93-a950-cbf604fb8be9@group-FEC5D6B24579->523ca5f6-ff53-4fd3-97b8-2ae94a10fc0e-GrpcLogAppender: Leader has not got in touch with Follower d7bf25b9-218d-4f93-a950-cbf604fb8be9@group-FEC5D6B24579->523ca5f6-ff53-4fd3-97b8-2ae94a10fc0e(c0,m0,n1, attendVote=true, lastRpcSendTime=1191, lastRpcResponseTime=1188) yet, just keep nextIndex unchanged and retry.
2021-09-22 10:24:46,094 [Listener at 127.0.0.1/12164] INFO  server.GrpcService (GrpcService.java:closeImpl(271)) - 523ca5f6-ff53-4fd3-97b8-2ae94a10fc0e: shutdown server with port 41341 successfully
2021-09-22 10:24:46,094 [ForkJoinPool.commonPool-worker-1] INFO  utils.BackgroundService (BackgroundService.java:shutdown(132)) - Shutting down service BlockDeletingService
2021-09-22 10:24:46,096 [org.apache.ratis.util.JvmPauseMonitor$$Lambda$499/1893987183@5e6fae01] INFO  util.JvmPauseMonitor (JvmPauseMonitor.java:run(109)) - JvmPauseMonitor-523ca5f6-ff53-4fd3-97b8-2ae94a10fc0e: Stopped
2021-09-22 10:24:46,099 [Listener at 127.0.0.1/12164] INFO  utils.BackgroundService (BackgroundService.java:shutdown(132)) - Shutting down service BlockDeletingService
2021-09-22 10:24:46,244 [EndpointStateMachine task thread for /127.0.0.1:14493 - 0 ] INFO  ipc.Client (Client.java:handleConnectionFailure(977)) - Retrying connect to server: localhost/127.0.0.1:14493. Already tried 0 time(s); retry policy is RetryUpToMaximumCountWithFixedSleep(maxRetries=15, sleepTime=1000 MILLISECONDS)
2021-09-22 10:24:46,257 [EndpointStateMachine task thread for /127.0.0.1:14503 - 0 ] INFO  ipc.Client (Client.java:handleConnectionFailure(977)) - Retrying connect to server: localhost/127.0.0.1:14503. Already tried 14 time(s); retry policy is RetryUpToMaximumCountWithFixedSleep(maxRetries=15, sleepTime=1000 MILLISECONDS)
2021-09-22 10:24:46,669 [EndpointStateMachine task thread for /127.0.0.1:14469 - 0 ] INFO  ipc.Client (Client.java:handleConnectionFailure(977)) - Retrying connect to server: localhost/127.0.0.1:14469. Already tried 5 time(s); retry policy is RetryUpToMaximumCountWithFixedSleep(maxRetries=15, sleepTime=1000 MILLISECONDS)
2021-09-22 10:24:46,669 [EndpointStateMachine task thread for /127.0.0.1:14479 - 0 ] INFO  ipc.Client (Client.java:handleConnectionFailure(977)) - Retrying connect to server: localhost/127.0.0.1:14479. Already tried 5 time(s); retry policy is RetryUpToMaximumCountWithFixedSleep(maxRetries=15, sleepTime=1000 MILLISECONDS)
2021-09-22 10:24:46,772 [EndpointStateMachine task thread for /127.0.0.1:14489 - 0 ] INFO  ipc.Client (Client.java:handleConnectionFailure(977)) - Retrying connect to server: localhost/127.0.0.1:14489. Already tried 3 time(s); retry policy is RetryUpToMaximumCountWithFixedSleep(maxRetries=15, sleepTime=1000 MILLISECONDS)
2021-09-22 10:24:47,025 [EndpointStateMachine task thread for /127.0.0.1:14513 - 0 ] INFO  ipc.Client (Client.java:handleConnectionFailure(977)) - Retrying connect to server: localhost/127.0.0.1:14513. Already tried 1 time(s); retry policy is RetryUpToMaximumCountWithFixedSleep(maxRetries=15, sleepTime=1000 MILLISECONDS)
2021-09-22 10:24:47,244 [EndpointStateMachine task thread for /127.0.0.1:14493 - 0 ] INFO  ipc.Client (Client.java:handleConnectionFailure(977)) - Retrying connect to server: localhost/127.0.0.1:14493. Already tried 1 time(s); retry policy is RetryUpToMaximumCountWithFixedSleep(maxRetries=15, sleepTime=1000 MILLISECONDS)
2021-09-22 10:24:47,261 [EndpointStateMachine task thread for /127.0.0.1:14503 - 0 ] INFO  ipc.Client (Client.java:handleConnectionFailure(977)) - Retrying connect to server: localhost/127.0.0.1:14503. Already tried 0 time(s); retry policy is RetryUpToMaximumCountWithFixedSleep(maxRetries=15, sleepTime=1000 MILLISECONDS)
2021-09-22 10:24:47,422 [grpc-default-executor-4] WARN  server.GrpcLogAppender (LogUtils.java:warn(122)) - d7bf25b9-218d-4f93-a950-cbf604fb8be9@group-FEC5D6B24579->523ca5f6-ff53-4fd3-97b8-2ae94a10fc0e-AppendLogResponseHandler: Failed appendEntries: org.apache.ratis.thirdparty.io.grpc.StatusRuntimeException: UNAVAILABLE: io exception
2021-09-22 10:24:47,423 [grpc-default-executor-4] WARN  server.GrpcLogAppender (GrpcLogAppender.java:resetClient(111)) - d7bf25b9-218d-4f93-a950-cbf604fb8be9@group-FEC5D6B24579->523ca5f6-ff53-4fd3-97b8-2ae94a10fc0e-GrpcLogAppender: Leader has not got in touch with Follower d7bf25b9-218d-4f93-a950-cbf604fb8be9@group-FEC5D6B24579->523ca5f6-ff53-4fd3-97b8-2ae94a10fc0e(c0,m0,n1, attendVote=true, lastRpcSendTime=0, lastRpcResponseTime=2525) yet, just keep nextIndex unchanged and retry.
2021-09-22 10:24:47,501 [grpc-default-executor-1] WARN  server.GrpcLogAppender (LogUtils.java:warn(122)) - d7bf25b9-218d-4f93-a950-cbf604fb8be9@group-FEC5D6B24579->f12b8819-3292-4aaa-8592-45fcb8486f00-AppendLogResponseHandler: Failed appendEntries: org.apache.ratis.thirdparty.io.grpc.StatusRuntimeException: UNAVAILABLE: io exception
2021-09-22 10:24:47,502 [grpc-default-executor-1] WARN  server.GrpcLogAppender (GrpcLogAppender.java:resetClient(111)) - d7bf25b9-218d-4f93-a950-cbf604fb8be9@group-FEC5D6B24579->f12b8819-3292-4aaa-8592-45fcb8486f00-GrpcLogAppender: Leader has not got in touch with Follower d7bf25b9-218d-4f93-a950-cbf604fb8be9@group-FEC5D6B24579->f12b8819-3292-4aaa-8592-45fcb8486f00(c0,m0,n1, attendVote=true, lastRpcSendTime=5, lastRpcResponseTime=2507) yet, just keep nextIndex unchanged and retry.
2021-09-22 10:24:47,670 [EndpointStateMachine task thread for /127.0.0.1:14469 - 0 ] INFO  ipc.Client (Client.java:handleConnectionFailure(977)) - Retrying connect to server: localhost/127.0.0.1:14469. Already tried 6 time(s); retry policy is RetryUpToMaximumCountWithFixedSleep(maxRetries=15, sleepTime=1000 MILLISECONDS)
2021-09-22 10:24:47,671 [EndpointStateMachine task thread for /127.0.0.1:14479 - 0 ] INFO  ipc.Client (Client.java:handleConnectionFailure(977)) - Retrying connect to server: localhost/127.0.0.1:14479. Already tried 6 time(s); retry policy is RetryUpToMaximumCountWithFixedSleep(maxRetries=15, sleepTime=1000 MILLISECONDS)
2021-09-22 10:24:47,773 [EndpointStateMachine task thread for /127.0.0.1:14489 - 0 ] INFO  ipc.Client (Client.java:handleConnectionFailure(977)) - Retrying connect to server: localhost/127.0.0.1:14489. Already tried 4 time(s); retry policy is RetryUpToMaximumCountWithFixedSleep(maxRetries=15, sleepTime=1000 MILLISECONDS)
2021-09-22 10:24:48,026 [EndpointStateMachine task thread for /127.0.0.1:14513 - 0 ] INFO  ipc.Client (Client.java:handleConnectionFailure(977)) - Retrying connect to server: localhost/127.0.0.1:14513. Already tried 2 time(s); retry policy is RetryUpToMaximumCountWithFixedSleep(maxRetries=15, sleepTime=1000 MILLISECONDS)
2021-09-22 10:24:48,245 [EndpointStateMachine task thread for /127.0.0.1:14493 - 0 ] INFO  ipc.Client (Client.java:handleConnectionFailure(977)) - Retrying connect to server: localhost/127.0.0.1:14493. Already tried 2 time(s); retry policy is RetryUpToMaximumCountWithFixedSleep(maxRetries=15, sleepTime=1000 MILLISECONDS)
2021-09-22 10:24:48,262 [EndpointStateMachine task thread for /127.0.0.1:14503 - 0 ] INFO  ipc.Client (Client.java:handleConnectionFailure(977)) - Retrying connect to server: localhost/127.0.0.1:14503. Already tried 1 time(s); retry policy is RetryUpToMaximumCountWithFixedSleep(maxRetries=15, sleepTime=1000 MILLISECONDS)
2021-09-22 10:24:48,671 [EndpointStateMachine task thread for /127.0.0.1:14469 - 0 ] INFO  ipc.Client (Client.java:handleConnectionFailure(977)) - Retrying connect to server: localhost/127.0.0.1:14469. Already tried 7 time(s); retry policy is RetryUpToMaximumCountWithFixedSleep(maxRetries=15, sleepTime=1000 MILLISECONDS)
2021-09-22 10:24:48,672 [EndpointStateMachine task thread for /127.0.0.1:14479 - 0 ] INFO  ipc.Client (Client.java:handleConnectionFailure(977)) - Retrying connect to server: localhost/127.0.0.1:14479. Already tried 7 time(s); retry policy is RetryUpToMaximumCountWithFixedSleep(maxRetries=15, sleepTime=1000 MILLISECONDS)
2021-09-22 10:24:48,773 [EndpointStateMachine task thread for /127.0.0.1:14489 - 0 ] INFO  ipc.Client (Client.java:handleConnectionFailure(977)) - Retrying connect to server: localhost/127.0.0.1:14489. Already tried 5 time(s); retry policy is RetryUpToMaximumCountWithFixedSleep(maxRetries=15, sleepTime=1000 MILLISECONDS)
2021-09-22 10:24:49,027 [EndpointStateMachine task thread for /127.0.0.1:14513 - 0 ] INFO  ipc.Client (Client.java:handleConnectionFailure(977)) - Retrying connect to server: localhost/127.0.0.1:14513. Already tried 3 time(s); retry policy is RetryUpToMaximumCountWithFixedSleep(maxRetries=15, sleepTime=1000 MILLISECONDS)
2021-09-22 10:24:49,100 [ForkJoinPool.commonPool-worker-1] INFO  statemachine.DatanodeStateMachine (DatanodeStateMachine.java:stopDaemon(515)) - Ozone container server stopped.
2021-09-22 10:24:49,103 [ForkJoinPool.commonPool-worker-1] INFO  handler.ContextHandler (ContextHandler.java:doStop(1153)) - Stopped o.e.j.w.WebAppContext@c529ddd{hddsDatanode,/,null,STOPPED}{jar:file:/home/runner/.m2/repository/org/apache/ozone/hdds-container-service/1.2.0-SNAPSHOT/hdds-container-service-1.2.0-SNAPSHOT.jar!/webapps/hddsDatanode}
2021-09-22 10:24:49,103 [ForkJoinPool.commonPool-worker-1] INFO  server.AbstractConnector (AbstractConnector.java:doStop(381)) - Stopped ServerConnector@6694bf01{HTTP/1.1, (http/1.1)}{0.0.0.0:0}
2021-09-22 10:24:49,103 [ForkJoinPool.commonPool-worker-1] INFO  server.session (HouseKeeper.java:stopScavenging(149)) - node0 Stopped scavenging
2021-09-22 10:24:49,104 [ForkJoinPool.commonPool-worker-1] INFO  handler.ContextHandler (ContextHandler.java:doStop(1153)) - Stopped o.e.j.s.ServletContextHandler@12aba7cb{static,/static,jar:file:/home/runner/.m2/repository/org/apache/ozone/hdds-container-service/1.2.0-SNAPSHOT/hdds-container-service-1.2.0-SNAPSHOT.jar!/webapps/static,STOPPED}
2021-09-22 10:24:49,104 [ForkJoinPool.commonPool-worker-1] INFO  handler.ContextHandler (ContextHandler.java:doStop(1153)) - Stopped o.e.j.s.ServletContextHandler@23c25d3f{logs,/logs,file:///home/runner/work/ozone/ozone/hadoop-ozone/integration-test/target/log,STOPPED}
2021-09-22 10:24:49,122 [Listener at 127.0.0.1/12164] INFO  statemachine.DatanodeStateMachine (DatanodeStateMachine.java:stopDaemon(515)) - Ozone container server stopped.
2021-09-22 10:24:49,123 [Listener at 127.0.0.1/12164] INFO  handler.ContextHandler (ContextHandler.java:doStop(1153)) - Stopped o.e.j.w.WebAppContext@350e34e7{hddsDatanode,/,null,STOPPED}{jar:file:/home/runner/.m2/repository/org/apache/ozone/hdds-container-service/1.2.0-SNAPSHOT/hdds-container-service-1.2.0-SNAPSHOT.jar!/webapps/hddsDatanode}
2021-09-22 10:24:49,123 [Listener at 127.0.0.1/12164] INFO  server.AbstractConnector (AbstractConnector.java:doStop(381)) - Stopped ServerConnector@736d26f1{HTTP/1.1, (http/1.1)}{0.0.0.0:0}
2021-09-22 10:24:49,124 [Listener at 127.0.0.1/12164] INFO  server.session (HouseKeeper.java:stopScavenging(149)) - node0 Stopped scavenging
2021-09-22 10:24:49,124 [Listener at 127.0.0.1/12164] INFO  handler.ContextHandler (ContextHandler.java:doStop(1153)) - Stopped o.e.j.s.ServletContextHandler@189738f4{static,/static,jar:file:/home/runner/.m2/repository/org/apache/ozone/hdds-container-service/1.2.0-SNAPSHOT/hdds-container-service-1.2.0-SNAPSHOT.jar!/webapps/static,STOPPED}
2021-09-22 10:24:49,124 [Listener at 127.0.0.1/12164] INFO  handler.ContextHandler (ContextHandler.java:doStop(1153)) - Stopped o.e.j.s.ServletContextHandler@60e2370e{logs,/logs,file:///home/runner/work/ozone/ozone/hadoop-ozone/integration-test/target/log,STOPPED}
2021-09-22 10:24:49,246 [EndpointStateMachine task thread for /127.0.0.1:14493 - 0 ] INFO  ipc.Client (Client.java:handleConnectionFailure(977)) - Retrying connect to server: localhost/127.0.0.1:14493. Already tried 3 time(s); retry policy is RetryUpToMaximumCountWithFixedSleep(maxRetries=15, sleepTime=1000 MILLISECONDS)
2021-09-22 10:24:49,262 [EndpointStateMachine task thread for /127.0.0.1:14503 - 0 ] INFO  ipc.Client (Client.java:handleConnectionFailure(977)) - Retrying connect to server: localhost/127.0.0.1:14503. Already tried 2 time(s); retry policy is RetryUpToMaximumCountWithFixedSleep(maxRetries=15, sleepTime=1000 MILLISECONDS)
2021-09-22 10:24:49,626 [d7bf25b9-218d-4f93-a950-cbf604fb8be9@group-BBCB63A168E8-FollowerState] INFO  impl.FollowerState (FollowerState.java:run(134)) - d7bf25b9-218d-4f93-a950-cbf604fb8be9@group-BBCB63A168E8-FollowerState: change to CANDIDATE, lastRpcElapsedTime:5275622085ns, electionTimeout:5181ms
2021-09-22 10:24:49,626 [d7bf25b9-218d-4f93-a950-cbf604fb8be9@group-BBCB63A168E8-FollowerState] INFO  impl.RoleInfo (RoleInfo.java:shutdownFollowerState(108)) - d7bf25b9-218d-4f93-a950-cbf604fb8be9: shutdown d7bf25b9-218d-4f93-a950-cbf604fb8be9@group-BBCB63A168E8-FollowerState
2021-09-22 10:24:49,627 [d7bf25b9-218d-4f93-a950-cbf604fb8be9@group-BBCB63A168E8-FollowerState] INFO  server.RaftServer$Division (RaftServerImpl.java:setRole(285)) - d7bf25b9-218d-4f93-a950-cbf604fb8be9@group-BBCB63A168E8: changes role from  FOLLOWER to CANDIDATE at term 5 for changeToCandidate
2021-09-22 10:24:49,627 [d7bf25b9-218d-4f93-a950-cbf604fb8be9@group-BBCB63A168E8-FollowerState] INFO  server.RaftServerConfigKeys (ConfUtils.java:logGet(44)) - raft.server.leaderelection.pre-vote = false (custom)
2021-09-22 10:24:49,627 [d7bf25b9-218d-4f93-a950-cbf604fb8be9@group-BBCB63A168E8-FollowerState] INFO  impl.RoleInfo (RoleInfo.java:updateAndGet(130)) - d7bf25b9-218d-4f93-a950-cbf604fb8be9: start d7bf25b9-218d-4f93-a950-cbf604fb8be9@group-BBCB63A168E8-LeaderElection33
2021-09-22 10:24:49,658 [d7bf25b9-218d-4f93-a950-cbf604fb8be9@group-BBCB63A168E8-LeaderElection33] INFO  server.RaftServer$Division (ServerState.java:setLeader(285)) - d7bf25b9-218d-4f93-a950-cbf604fb8be9@group-BBCB63A168E8: change Leader from 523ca5f6-ff53-4fd3-97b8-2ae94a10fc0e to null at term 5 for ELECTION
2021-09-22 10:24:49,660 [d7bf25b9-218d-4f93-a950-cbf604fb8be9@group-BBCB63A168E8-LeaderElection33] INFO  impl.LeaderElection (LeaderElection.java:askForVotes(306)) - d7bf25b9-218d-4f93-a950-cbf604fb8be9@group-BBCB63A168E8-LeaderElection33 ELECTION round 0: submit vote requests at term 6 for 0: [d7bf25b9-218d-4f93-a950-cbf604fb8be9|rpc:127.0.0.1:43373|dataStream:|priority:0, 523ca5f6-ff53-4fd3-97b8-2ae94a10fc0e|rpc:127.0.0.1:41341|dataStream:|priority:1, f12b8819-3292-4aaa-8592-45fcb8486f00|rpc:127.0.0.1:37357|dataStream:|priority:0], old=null
2021-09-22 10:24:49,672 [EndpointStateMachine task thread for /127.0.0.1:14469 - 0 ] INFO  ipc.Client (Client.java:handleConnectionFailure(977)) - Retrying connect to server: localhost/127.0.0.1:14469. Already tried 8 time(s); retry policy is RetryUpToMaximumCountWithFixedSleep(maxRetries=15, sleepTime=1000 MILLISECONDS)
2021-09-22 10:24:49,672 [EndpointStateMachine task thread for /127.0.0.1:14479 - 0 ] INFO  ipc.Client (Client.java:handleConnectionFailure(977)) - Retrying connect to server: localhost/127.0.0.1:14479. Already tried 8 time(s); retry policy is RetryUpToMaximumCountWithFixedSleep(maxRetries=15, sleepTime=1000 MILLISECONDS)
2021-09-22 10:24:49,700 [d7bf25b9-218d-4f93-a950-cbf604fb8be9@group-BBCB63A168E8-LeaderElection33] INFO  impl.LeaderElection (LogUtils.java:infoOrTrace(137)) - d7bf25b9-218d-4f93-a950-cbf604fb8be9@group-BBCB63A168E8-LeaderElection33 got exception when requesting votes: java.util.concurrent.ExecutionException: org.apache.ratis.thirdparty.io.grpc.StatusRuntimeException: UNAVAILABLE: io exception
2021-09-22 10:24:49,707 [d7bf25b9-218d-4f93-a950-cbf604fb8be9@group-BBCB63A168E8-LeaderElection33] INFO  impl.LeaderElection (LogUtils.java:infoOrTrace(137)) - d7bf25b9-218d-4f93-a950-cbf604fb8be9@group-BBCB63A168E8-LeaderElection33 got exception when requesting votes: java.util.concurrent.ExecutionException: org.apache.ratis.thirdparty.io.grpc.StatusRuntimeException: UNAVAILABLE: io exception
2021-09-22 10:24:49,707 [d7bf25b9-218d-4f93-a950-cbf604fb8be9@group-BBCB63A168E8-LeaderElection33] INFO  impl.LeaderElection (LeaderElection.java:logAndReturn(89)) - d7bf25b9-218d-4f93-a950-cbf604fb8be9@group-BBCB63A168E8-LeaderElection33: ELECTION REJECTED received 0 response(s) and 2 exception(s):
2021-09-22 10:24:49,707 [d7bf25b9-218d-4f93-a950-cbf604fb8be9@group-BBCB63A168E8-LeaderElection33] INFO  impl.LeaderElection (LogUtils.java:infoOrTrace(137)) -   Exception 0: java.util.concurrent.ExecutionException: org.apache.ratis.thirdparty.io.grpc.StatusRuntimeException: UNAVAILABLE: io exception
2021-09-22 10:24:49,707 [d7bf25b9-218d-4f93-a950-cbf604fb8be9@group-BBCB63A168E8-LeaderElection33] INFO  impl.LeaderElection (LogUtils.java:infoOrTrace(137)) -   Exception 1: java.util.concurrent.ExecutionException: org.apache.ratis.thirdparty.io.grpc.StatusRuntimeException: UNAVAILABLE: io exception
2021-09-22 10:24:49,707 [d7bf25b9-218d-4f93-a950-cbf604fb8be9@group-BBCB63A168E8-LeaderElection33] INFO  impl.LeaderElection (LeaderElection.java:askForVotes(308)) - d7bf25b9-218d-4f93-a950-cbf604fb8be9@group-BBCB63A168E8-LeaderElection33 ELECTION round 0: result REJECTED
2021-09-22 10:24:49,707 [d7bf25b9-218d-4f93-a950-cbf604fb8be9@group-BBCB63A168E8-LeaderElection33] INFO  server.RaftServer$Division (RaftServerImpl.java:setRole(285)) - d7bf25b9-218d-4f93-a950-cbf604fb8be9@group-BBCB63A168E8: changes role from CANDIDATE to FOLLOWER at term 6 for REJECTED
2021-09-22 10:24:49,707 [d7bf25b9-218d-4f93-a950-cbf604fb8be9@group-BBCB63A168E8-LeaderElection33] INFO  impl.RoleInfo (RoleInfo.java:shutdownLeaderElection(121)) - d7bf25b9-218d-4f93-a950-cbf604fb8be9: shutdown d7bf25b9-218d-4f93-a950-cbf604fb8be9@group-BBCB63A168E8-LeaderElection33
2021-09-22 10:24:49,707 [d7bf25b9-218d-4f93-a950-cbf604fb8be9@group-BBCB63A168E8-LeaderElection33] INFO  impl.RoleInfo (RoleInfo.java:updateAndGet(130)) - d7bf25b9-218d-4f93-a950-cbf604fb8be9: start d7bf25b9-218d-4f93-a950-cbf604fb8be9@group-BBCB63A168E8-FollowerState
2021-09-22 10:24:49,774 [Datanode State Machine Thread - 0] WARN  statemachine.StateContext (StateContext.java:setState(246)) - Ignore disallowed transition from SHUTDOWN to RUNNING
2021-09-22 10:24:49,774 [EndpointStateMachine task thread for /127.0.0.1:14489 - 0 ] INFO  ipc.Client (Client.java:handleConnectionFailure(977)) - Retrying connect to server: localhost/127.0.0.1:14489. Already tried 6 time(s); retry policy is RetryUpToMaximumCountWithFixedSleep(maxRetries=15, sleepTime=1000 MILLISECONDS)
2021-09-22 10:24:49,934 [grpc-default-executor-1] WARN  server.GrpcLogAppender (LogUtils.java:warn(122)) - d7bf25b9-218d-4f93-a950-cbf604fb8be9@group-FEC5D6B24579->523ca5f6-ff53-4fd3-97b8-2ae94a10fc0e-AppendLogResponseHandler: Failed appendEntries: org.apache.ratis.thirdparty.io.grpc.StatusRuntimeException: UNAVAILABLE: io exception
2021-09-22 10:24:49,936 [grpc-default-executor-1] WARN  server.GrpcLogAppender (GrpcLogAppender.java:resetClient(111)) - d7bf25b9-218d-4f93-a950-cbf604fb8be9@group-FEC5D6B24579->523ca5f6-ff53-4fd3-97b8-2ae94a10fc0e-GrpcLogAppender: Leader has not got in touch with Follower d7bf25b9-218d-4f93-a950-cbf604fb8be9@group-FEC5D6B24579->523ca5f6-ff53-4fd3-97b8-2ae94a10fc0e(c0,m0,n1, attendVote=true, lastRpcSendTime=2513, lastRpcResponseTime=5038) yet, just keep nextIndex unchanged and retry.
2021-09-22 10:24:49,999 [grpc-default-executor-1] WARN  server.GrpcLogAppender (LogUtils.java:warn(122)) - d7bf25b9-218d-4f93-a950-cbf604fb8be9@group-FEC5D6B24579->f12b8819-3292-4aaa-8592-45fcb8486f00-AppendLogResponseHandler: Failed appendEntries: org.apache.ratis.thirdparty.io.grpc.StatusRuntimeException: UNAVAILABLE: io exception
2021-09-22 10:24:50,002 [grpc-default-executor-1] WARN  server.GrpcLogAppender (GrpcLogAppender.java:resetClient(111)) - d7bf25b9-218d-4f93-a950-cbf604fb8be9@group-FEC5D6B24579->f12b8819-3292-4aaa-8592-45fcb8486f00-GrpcLogAppender: Leader has not got in touch with Follower d7bf25b9-218d-4f93-a950-cbf604fb8be9@group-FEC5D6B24579->f12b8819-3292-4aaa-8592-45fcb8486f00(c0,m0,n1, attendVote=true, lastRpcSendTime=2505, lastRpcResponseTime=5006) yet, just keep nextIndex unchanged and retry.
2021-09-22 10:24:50,028 [EndpointStateMachine task thread for /127.0.0.1:14513 - 0 ] INFO  ipc.Client (Client.java:handleConnectionFailure(977)) - Retrying connect to server: localhost/127.0.0.1:14513. Already tried 4 time(s); retry policy is RetryUpToMaximumCountWithFixedSleep(maxRetries=15, sleepTime=1000 MILLISECONDS)
2021-09-22 10:24:50,246 [EndpointStateMachine task thread for /127.0.0.1:14493 - 0 ] INFO  ipc.Client (Client.java:handleConnectionFailure(977)) - Retrying connect to server: localhost/127.0.0.1:14493. Already tried 4 time(s); retry policy is RetryUpToMaximumCountWithFixedSleep(maxRetries=15, sleepTime=1000 MILLISECONDS)
2021-09-22 10:24:50,263 [EndpointStateMachine task thread for /127.0.0.1:14503 - 0 ] INFO  ipc.Client (Client.java:handleConnectionFailure(977)) - Retrying connect to server: localhost/127.0.0.1:14503. Already tried 3 time(s); retry policy is RetryUpToMaximumCountWithFixedSleep(maxRetries=15, sleepTime=1000 MILLISECONDS)
2021-09-22 10:24:50,299 [d7bf25b9-218d-4f93-a950-cbf604fb8be9@group-FEC5D6B24579-LeaderStateImpl] WARN  server.RaftServer$Division (LeaderStateImpl.java:checkLeadership(944)) - d7bf25b9-218d-4f93-a950-cbf604fb8be9@group-FEC5D6B24579-LeaderStateImpl: Lost leadership on term: 6. Election timeout: 5200ms. In charge for: 10530ms. Conf: 0: [523ca5f6-ff53-4fd3-97b8-2ae94a10fc0e|rpc:127.0.0.1:41341|dataStream:|priority:0, d7bf25b9-218d-4f93-a950-cbf604fb8be9|rpc:127.0.0.1:43373|dataStream:|priority:1, f12b8819-3292-4aaa-8592-45fcb8486f00|rpc:127.0.0.1:37357|dataStream:|priority:0], old=null
2021-09-22 10:24:50,299 [d7bf25b9-218d-4f93-a950-cbf604fb8be9@group-FEC5D6B24579-LeaderStateImpl] WARN  server.RaftServer$Division (LeaderStateImpl.java:lambda$checkLeadership$15(948)) - Follower d7bf25b9-218d-4f93-a950-cbf604fb8be9@group-FEC5D6B24579->523ca5f6-ff53-4fd3-97b8-2ae94a10fc0e(c0,m0,n1, attendVote=true, lastRpcSendTime=363, lastRpcResponseTime=5402)
2021-09-22 10:24:50,300 [d7bf25b9-218d-4f93-a950-cbf604fb8be9@group-FEC5D6B24579-LeaderStateImpl] WARN  server.RaftServer$Division (LeaderStateImpl.java:lambda$checkLeadership$15(948)) - Follower d7bf25b9-218d-4f93-a950-cbf604fb8be9@group-FEC5D6B24579->f12b8819-3292-4aaa-8592-45fcb8486f00(c0,m0,n1, attendVote=true, lastRpcSendTime=297, lastRpcResponseTime=5304)
2021-09-22 10:24:50,300 [d7bf25b9-218d-4f93-a950-cbf604fb8be9@group-FEC5D6B24579-LeaderStateImpl] INFO  server.RaftServer$Division (RaftServerImpl.java:setRole(285)) - d7bf25b9-218d-4f93-a950-cbf604fb8be9@group-FEC5D6B24579: changes role from    LEADER to FOLLOWER at term 6 for StepDownReason:LOST_MAJORITY_HEARTBEATS
2021-09-22 10:24:50,300 [d7bf25b9-218d-4f93-a950-cbf604fb8be9@group-FEC5D6B24579-LeaderStateImpl] INFO  impl.RoleInfo (RoleInfo.java:shutdownLeaderState(91)) - d7bf25b9-218d-4f93-a950-cbf604fb8be9: shutdown d7bf25b9-218d-4f93-a950-cbf604fb8be9@group-FEC5D6B24579-LeaderStateImpl
2021-09-22 10:24:50,300 [d7bf25b9-218d-4f93-a950-cbf604fb8be9@group-FEC5D6B24579-LeaderStateImpl] INFO  impl.PendingRequests (PendingRequests.java:sendNotLeaderResponses(282)) - d7bf25b9-218d-4f93-a950-cbf604fb8be9@group-FEC5D6B24579-PendingRequests: sendNotLeaderResponses
2021-09-22 10:24:50,301 [d7bf25b9-218d-4f93-a950-cbf604fb8be9@group-FEC5D6B24579-LeaderStateImpl] INFO  impl.RoleInfo (RoleInfo.java:updateAndGet(130)) - d7bf25b9-218d-4f93-a950-cbf604fb8be9: start d7bf25b9-218d-4f93-a950-cbf604fb8be9@group-FEC5D6B24579-FollowerState
2021-09-22 10:24:50,672 [EndpointStateMachine task thread for /127.0.0.1:14469 - 0 ] INFO  ipc.Client (Client.java:handleConnectionFailure(977)) - Retrying connect to server: localhost/127.0.0.1:14469. Already tried 9 time(s); retry policy is RetryUpToMaximumCountWithFixedSleep(maxRetries=15, sleepTime=1000 MILLISECONDS)
2021-09-22 10:24:50,673 [EndpointStateMachine task thread for /127.0.0.1:14479 - 0 ] INFO  ipc.Client (Client.java:handleConnectionFailure(977)) - Retrying connect to server: localhost/127.0.0.1:14479. Already tried 9 time(s); retry policy is RetryUpToMaximumCountWithFixedSleep(maxRetries=15, sleepTime=1000 MILLISECONDS)
2021-09-22 10:24:50,775 [EndpointStateMachine task thread for /127.0.0.1:14489 - 0 ] INFO  ipc.Client (Client.java:handleConnectionFailure(977)) - Retrying connect to server: localhost/127.0.0.1:14489. Already tried 7 time(s); retry policy is RetryUpToMaximumCountWithFixedSleep(maxRetries=15, sleepTime=1000 MILLISECONDS)
2021-09-22 10:24:51,028 [EndpointStateMachine task thread for /127.0.0.1:14513 - 0 ] INFO  ipc.Client (Client.java:handleConnectionFailure(977)) - Retrying connect to server: localhost/127.0.0.1:14513. Already tried 5 time(s); retry policy is RetryUpToMaximumCountWithFixedSleep(maxRetries=15, sleepTime=1000 MILLISECONDS)
2021-09-22 10:24:51,247 [EndpointStateMachine task thread for /127.0.0.1:14493 - 0 ] INFO  ipc.Client (Client.java:handleConnectionFailure(977)) - Retrying connect to server: localhost/127.0.0.1:14493. Already tried 5 time(s); retry policy is RetryUpToMaximumCountWithFixedSleep(maxRetries=15, sleepTime=1000 MILLISECONDS)
2021-09-22 10:24:51,263 [EndpointStateMachine task thread for /127.0.0.1:14503 - 0 ] INFO  ipc.Client (Client.java:handleConnectionFailure(977)) - Retrying connect to server: localhost/127.0.0.1:14503. Already tried 4 time(s); retry policy is RetryUpToMaximumCountWithFixedSleep(maxRetries=15, sleepTime=1000 MILLISECONDS)
2021-09-22 10:24:51,673 [EndpointStateMachine task thread for /127.0.0.1:14469 - 0 ] INFO  ipc.Client (Client.java:handleConnectionFailure(977)) - Retrying connect to server: localhost/127.0.0.1:14469. Already tried 10 time(s); retry policy is RetryUpToMaximumCountWithFixedSleep(maxRetries=15, sleepTime=1000 MILLISECONDS)
2021-09-22 10:24:51,673 [EndpointStateMachine task thread for /127.0.0.1:14479 - 0 ] INFO  ipc.Client (Client.java:handleConnectionFailure(977)) - Retrying connect to server: localhost/127.0.0.1:14479. Already tried 10 time(s); retry policy is RetryUpToMaximumCountWithFixedSleep(maxRetries=15, sleepTime=1000 MILLISECONDS)
2021-09-22 10:24:51,778 [EndpointStateMachine task thread for /127.0.0.1:14489 - 0 ] INFO  ipc.Client (Client.java:handleConnectionFailure(977)) - Retrying connect to server: localhost/127.0.0.1:14489. Already tried 8 time(s); retry policy is RetryUpToMaximumCountWithFixedSleep(maxRetries=15, sleepTime=1000 MILLISECONDS)
2021-09-22 10:24:52,029 [EndpointStateMachine task thread for /127.0.0.1:14513 - 0 ] INFO  ipc.Client (Client.java:handleConnectionFailure(977)) - Retrying connect to server: localhost/127.0.0.1:14513. Already tried 6 time(s); retry policy is RetryUpToMaximumCountWithFixedSleep(maxRetries=15, sleepTime=1000 MILLISECONDS)
2021-09-22 10:24:52,248 [EndpointStateMachine task thread for /127.0.0.1:14493 - 0 ] INFO  ipc.Client (Client.java:handleConnectionFailure(977)) - Retrying connect to server: localhost/127.0.0.1:14493. Already tried 6 time(s); retry policy is RetryUpToMaximumCountWithFixedSleep(maxRetries=15, sleepTime=1000 MILLISECONDS)
2021-09-22 10:24:52,264 [EndpointStateMachine task thread for /127.0.0.1:14503 - 0 ] INFO  ipc.Client (Client.java:handleConnectionFailure(977)) - Retrying connect to server: localhost/127.0.0.1:14503. Already tried 5 time(s); retry policy is RetryUpToMaximumCountWithFixedSleep(maxRetries=15, sleepTime=1000 MILLISECONDS)
2021-09-22 10:24:52,674 [EndpointStateMachine task thread for /127.0.0.1:14479 - 0 ] INFO  ipc.Client (Client.java:handleConnectionFailure(977)) - Retrying connect to server: localhost/127.0.0.1:14479. Already tried 11 time(s); retry policy is RetryUpToMaximumCountWithFixedSleep(maxRetries=15, sleepTime=1000 MILLISECONDS)
2021-09-22 10:24:52,675 [EndpointStateMachine task thread for /127.0.0.1:14469 - 0 ] INFO  ipc.Client (Client.java:handleConnectionFailure(977)) - Retrying connect to server: localhost/127.0.0.1:14469. Already tried 11 time(s); retry policy is RetryUpToMaximumCountWithFixedSleep(maxRetries=15, sleepTime=1000 MILLISECONDS)
2021-09-22 10:24:52,778 [EndpointStateMachine task thread for /127.0.0.1:14489 - 0 ] INFO  ipc.Client (Client.java:handleConnectionFailure(977)) - Retrying connect to server: localhost/127.0.0.1:14489. Already tried 9 time(s); retry policy is RetryUpToMaximumCountWithFixedSleep(maxRetries=15, sleepTime=1000 MILLISECONDS)
2021-09-22 10:24:53,030 [EndpointStateMachine task thread for /127.0.0.1:14513 - 0 ] INFO  ipc.Client (Client.java:handleConnectionFailure(977)) - Retrying connect to server: localhost/127.0.0.1:14513. Already tried 7 time(s); retry policy is RetryUpToMaximumCountWithFixedSleep(maxRetries=15, sleepTime=1000 MILLISECONDS)
2021-09-22 10:24:53,249 [EndpointStateMachine task thread for /127.0.0.1:14493 - 0 ] INFO  ipc.Client (Client.java:handleConnectionFailure(977)) - Retrying connect to server: localhost/127.0.0.1:14493. Already tried 7 time(s); retry policy is RetryUpToMaximumCountWithFixedSleep(maxRetries=15, sleepTime=1000 MILLISECONDS)
2021-09-22 10:24:53,264 [EndpointStateMachine task thread for /127.0.0.1:14503 - 0 ] INFO  ipc.Client (Client.java:handleConnectionFailure(977)) - Retrying connect to server: localhost/127.0.0.1:14503. Already tried 6 time(s); retry policy is RetryUpToMaximumCountWithFixedSleep(maxRetries=15, sleepTime=1000 MILLISECONDS)
2021-09-22 10:24:53,675 [EndpointStateMachine task thread for /127.0.0.1:14479 - 0 ] INFO  ipc.Client (Client.java:handleConnectionFailure(977)) - Retrying connect to server: localhost/127.0.0.1:14479. Already tried 12 time(s); retry policy is RetryUpToMaximumCountWithFixedSleep(maxRetries=15, sleepTime=1000 MILLISECONDS)
2021-09-22 10:24:53,675 [EndpointStateMachine task thread for /127.0.0.1:14469 - 0 ] INFO  ipc.Client (Client.java:handleConnectionFailure(977)) - Retrying connect to server: localhost/127.0.0.1:14469. Already tried 12 time(s); retry policy is RetryUpToMaximumCountWithFixedSleep(maxRetries=15, sleepTime=1000 MILLISECONDS)
2021-09-22 10:24:53,779 [EndpointStateMachine task thread for /127.0.0.1:14489 - 0 ] INFO  ipc.Client (Client.java:handleConnectionFailure(977)) - Retrying connect to server: localhost/127.0.0.1:14489. Already tried 10 time(s); retry policy is RetryUpToMaximumCountWithFixedSleep(maxRetries=15, sleepTime=1000 MILLISECONDS)
2021-09-22 10:24:54,031 [EndpointStateMachine task thread for /127.0.0.1:14513 - 0 ] INFO  ipc.Client (Client.java:handleConnectionFailure(977)) - Retrying connect to server: localhost/127.0.0.1:14513. Already tried 8 time(s); retry policy is RetryUpToMaximumCountWithFixedSleep(maxRetries=15, sleepTime=1000 MILLISECONDS)
2021-09-22 10:24:54,107 [ForkJoinPool.commonPool-worker-1] INFO  ozoneimpl.OzoneContainer (OzoneContainer.java:stop(325)) - Attempting to stop container services.
2021-09-22 10:24:54,108 [ForkJoinPool.commonPool-worker-1] INFO  server.RaftServer (RaftServerProxy.java:lambda$close$6(391)) - d7bf25b9-218d-4f93-a950-cbf604fb8be9: close
2021-09-22 10:24:54,108 [ForkJoinPool.commonPool-worker-1] INFO  server.RaftServer$Division (RaftServerImpl.java:lambda$close$4(407)) - d7bf25b9-218d-4f93-a950-cbf604fb8be9@group-FEC5D6B24579: shutdown
2021-09-22 10:24:54,108 [ForkJoinPool.commonPool-worker-1] INFO  util.JmxRegister (JmxRegister.java:unregister(73)) - Successfully un-registered JMX Bean with object name Ratis:service=RaftServer,group=group-FEC5D6B24579,id=d7bf25b9-218d-4f93-a950-cbf604fb8be9
2021-09-22 10:24:54,108 [ForkJoinPool.commonPool-worker-1] INFO  impl.RoleInfo (RoleInfo.java:shutdownFollowerState(108)) - d7bf25b9-218d-4f93-a950-cbf604fb8be9: shutdown d7bf25b9-218d-4f93-a950-cbf604fb8be9@group-FEC5D6B24579-FollowerState
2021-09-22 10:24:54,108 [ForkJoinPool.commonPool-worker-1] INFO  impl.StateMachineUpdater (StateMachineUpdater.java:stopAndJoin(149)) - d7bf25b9-218d-4f93-a950-cbf604fb8be9@group-FEC5D6B24579-StateMachineUpdater: set stopIndex = 0
2021-09-22 10:24:54,108 [d7bf25b9-218d-4f93-a950-cbf604fb8be9@group-FEC5D6B24579-FollowerState] INFO  impl.FollowerState (FollowerState.java:run(143)) - d7bf25b9-218d-4f93-a950-cbf604fb8be9@group-FEC5D6B24579-FollowerState was interrupted: {}
java.lang.InterruptedException: sleep interrupted
	at java.lang.Thread.sleep(Native Method)
	at java.lang.Thread.sleep(Thread.java:340)
	at java.util.concurrent.TimeUnit.sleep(TimeUnit.java:386)
	at org.apache.ratis.util.TimeDuration.sleep(TimeDuration.java:324)
	at org.apache.ratis.util.TimeDuration.sleep(TimeDuration.java:309)
	at org.apache.ratis.server.impl.FollowerState.run(FollowerState.java:118)
2021-09-22 10:24:54,109 [d7bf25b9-218d-4f93-a950-cbf604fb8be9@group-FEC5D6B24579-StateMachineUpdater] INFO  ratis.ContainerStateMachine (ContainerStateMachine.java:takeSnapshot(292)) - group-FEC5D6B24579: Taking a snapshot at:(t:6, i:0) file /home/runner/work/ozone/ozone/hadoop-ozone/integration-test/target/test-dir/MiniOzoneClusterImpl-37bb77ab-1cd7-4f0f-8c8b-61e82082808e/datanode-2/data/ratis/0bf11d1f-42f6-42f6-8313-fec5d6b24579/sm/snapshot.6_0
2021-09-22 10:24:54,110 [d7bf25b9-218d-4f93-a950-cbf604fb8be9@group-FEC5D6B24579-StateMachineUpdater] INFO  ratis.ContainerStateMachine (ContainerStateMachine.java:takeSnapshot(303)) - group-FEC5D6B24579: Finished taking a snapshot at:(t:6, i:0) file:/home/runner/work/ozone/ozone/hadoop-ozone/integration-test/target/test-dir/MiniOzoneClusterImpl-37bb77ab-1cd7-4f0f-8c8b-61e82082808e/datanode-2/data/ratis/0bf11d1f-42f6-42f6-8313-fec5d6b24579/sm/snapshot.6_0 took: 1 ms
2021-09-22 10:24:54,110 [d7bf25b9-218d-4f93-a950-cbf604fb8be9@group-FEC5D6B24579-StateMachineUpdater] INFO  impl.StateMachineUpdater (StateMachineUpdater.java:takeSnapshot(281)) - d7bf25b9-218d-4f93-a950-cbf604fb8be9@group-FEC5D6B24579-StateMachineUpdater: Took a snapshot at index 0
2021-09-22 10:24:54,110 [d7bf25b9-218d-4f93-a950-cbf604fb8be9@group-FEC5D6B24579-StateMachineUpdater] INFO  impl.StateMachineUpdater (StateMachineUpdater.java:lambda$new$0(89)) - d7bf25b9-218d-4f93-a950-cbf604fb8be9@group-FEC5D6B24579-StateMachineUpdater: snapshotIndex: updateIncreasingly -1 -> 0
2021-09-22 10:24:54,110 [ForkJoinPool.commonPool-worker-1] INFO  server.RaftServer$Division (ServerState.java:close(419)) - d7bf25b9-218d-4f93-a950-cbf604fb8be9@group-FEC5D6B24579: closes. applyIndex: 0
2021-09-22 10:24:54,111 [d7bf25b9-218d-4f93-a950-cbf604fb8be9@group-FEC5D6B24579-SegmentedRaftLogWorker] INFO  segmented.SegmentedRaftLogWorker (SegmentedRaftLogWorker.java:run(327)) - d7bf25b9-218d-4f93-a950-cbf604fb8be9@group-FEC5D6B24579-SegmentedRaftLogWorker was interrupted, exiting. There are 0 tasks remaining in the queue.
2021-09-22 10:24:54,111 [ForkJoinPool.commonPool-worker-1] INFO  segmented.SegmentedRaftLogWorker (SegmentedRaftLogWorker.java:close(237)) - d7bf25b9-218d-4f93-a950-cbf604fb8be9@group-FEC5D6B24579-SegmentedRaftLogWorker close()
2021-09-22 10:24:54,111 [ForkJoinPool.commonPool-worker-1] INFO  server.RaftServer$Division (RaftServerImpl.java:lambda$close$4(407)) - d7bf25b9-218d-4f93-a950-cbf604fb8be9@group-6A7B0B09F06F: shutdown
2021-09-22 10:24:54,111 [ForkJoinPool.commonPool-worker-1] INFO  util.JmxRegister (JmxRegister.java:unregister(73)) - Successfully un-registered JMX Bean with object name Ratis:service=RaftServer,group=group-6A7B0B09F06F,id=d7bf25b9-218d-4f93-a950-cbf604fb8be9
2021-09-22 10:24:54,111 [ForkJoinPool.commonPool-worker-1] INFO  impl.RoleInfo (RoleInfo.java:shutdownLeaderState(91)) - d7bf25b9-218d-4f93-a950-cbf604fb8be9: shutdown d7bf25b9-218d-4f93-a950-cbf604fb8be9@group-6A7B0B09F06F-LeaderStateImpl
2021-09-22 10:24:54,111 [ForkJoinPool.commonPool-worker-1] INFO  impl.PendingRequests (PendingRequests.java:sendNotLeaderResponses(282)) - d7bf25b9-218d-4f93-a950-cbf604fb8be9@group-6A7B0B09F06F-PendingRequests: sendNotLeaderResponses
2021-09-22 10:24:54,112 [d7bf25b9-218d-4f93-a950-cbf604fb8be9@group-6A7B0B09F06F-StateMachineUpdater] INFO  ratis.ContainerStateMachine (ContainerStateMachine.java:takeSnapshot(292)) - group-6A7B0B09F06F: Taking a snapshot at:(t:1, i:0) file /home/runner/work/ozone/ozone/hadoop-ozone/integration-test/target/test-dir/MiniOzoneClusterImpl-37bb77ab-1cd7-4f0f-8c8b-61e82082808e/datanode-2/data/ratis/5db0f3da-bb48-4388-a21f-6a7b0b09f06f/sm/snapshot.1_0
2021-09-22 10:24:54,112 [ForkJoinPool.commonPool-worker-1] INFO  impl.StateMachineUpdater (StateMachineUpdater.java:stopAndJoin(149)) - d7bf25b9-218d-4f93-a950-cbf604fb8be9@group-6A7B0B09F06F-StateMachineUpdater: set stopIndex = 0
2021-09-22 10:24:54,113 [d7bf25b9-218d-4f93-a950-cbf604fb8be9@group-6A7B0B09F06F-StateMachineUpdater] INFO  ratis.ContainerStateMachine (ContainerStateMachine.java:takeSnapshot(303)) - group-6A7B0B09F06F: Finished taking a snapshot at:(t:1, i:0) file:/home/runner/work/ozone/ozone/hadoop-ozone/integration-test/target/test-dir/MiniOzoneClusterImpl-37bb77ab-1cd7-4f0f-8c8b-61e82082808e/datanode-2/data/ratis/5db0f3da-bb48-4388-a21f-6a7b0b09f06f/sm/snapshot.1_0 took: 1 ms
2021-09-22 10:24:54,113 [d7bf25b9-218d-4f93-a950-cbf604fb8be9@group-6A7B0B09F06F-StateMachineUpdater] INFO  impl.StateMachineUpdater (StateMachineUpdater.java:takeSnapshot(281)) - d7bf25b9-218d-4f93-a950-cbf604fb8be9@group-6A7B0B09F06F-StateMachineUpdater: Took a snapshot at index 0
2021-09-22 10:24:54,113 [d7bf25b9-218d-4f93-a950-cbf604fb8be9@group-6A7B0B09F06F-StateMachineUpdater] INFO  impl.StateMachineUpdater (StateMachineUpdater.java:lambda$new$0(89)) - d7bf25b9-218d-4f93-a950-cbf604fb8be9@group-6A7B0B09F06F-StateMachineUpdater: snapshotIndex: updateIncreasingly -1 -> 0
2021-09-22 10:24:54,113 [ForkJoinPool.commonPool-worker-1] INFO  server.RaftServer$Division (ServerState.java:close(419)) - d7bf25b9-218d-4f93-a950-cbf604fb8be9@group-6A7B0B09F06F: closes. applyIndex: 0
2021-09-22 10:24:54,114 [d7bf25b9-218d-4f93-a950-cbf604fb8be9@group-6A7B0B09F06F-SegmentedRaftLogWorker] INFO  segmented.SegmentedRaftLogWorker (SegmentedRaftLogWorker.java:run(327)) - d7bf25b9-218d-4f93-a950-cbf604fb8be9@group-6A7B0B09F06F-SegmentedRaftLogWorker was interrupted, exiting. There are 0 tasks remaining in the queue.
2021-09-22 10:24:54,114 [ForkJoinPool.commonPool-worker-1] INFO  segmented.SegmentedRaftLogWorker (SegmentedRaftLogWorker.java:close(237)) - d7bf25b9-218d-4f93-a950-cbf604fb8be9@group-6A7B0B09F06F-SegmentedRaftLogWorker close()
2021-09-22 10:24:54,114 [ForkJoinPool.commonPool-worker-1] INFO  server.RaftServer$Division (RaftServerImpl.java:lambda$close$4(407)) - d7bf25b9-218d-4f93-a950-cbf604fb8be9@group-BBCB63A168E8: shutdown
2021-09-22 10:24:54,115 [ForkJoinPool.commonPool-worker-1] INFO  util.JmxRegister (JmxRegister.java:unregister(73)) - Successfully un-registered JMX Bean with object name Ratis:service=RaftServer,group=group-BBCB63A168E8,id=d7bf25b9-218d-4f93-a950-cbf604fb8be9
2021-09-22 10:24:54,115 [ForkJoinPool.commonPool-worker-1] INFO  impl.RoleInfo (RoleInfo.java:shutdownFollowerState(108)) - d7bf25b9-218d-4f93-a950-cbf604fb8be9: shutdown d7bf25b9-218d-4f93-a950-cbf604fb8be9@group-BBCB63A168E8-FollowerState
2021-09-22 10:24:54,115 [d7bf25b9-218d-4f93-a950-cbf604fb8be9@group-BBCB63A168E8-FollowerState] INFO  impl.FollowerState (FollowerState.java:run(143)) - d7bf25b9-218d-4f93-a950-cbf604fb8be9@group-BBCB63A168E8-FollowerState was interrupted: {}
java.lang.InterruptedException: sleep interrupted
	at java.lang.Thread.sleep(Native Method)
	at java.lang.Thread.sleep(Thread.java:340)
	at java.util.concurrent.TimeUnit.sleep(TimeUnit.java:386)
	at org.apache.ratis.util.TimeDuration.sleep(TimeDuration.java:324)
	at org.apache.ratis.util.TimeDuration.sleep(TimeDuration.java:309)
	at org.apache.ratis.server.impl.FollowerState.run(FollowerState.java:118)
2021-09-22 10:24:54,121 [ForkJoinPool.commonPool-worker-1] INFO  impl.StateMachineUpdater (StateMachineUpdater.java:stopAndJoin(149)) - d7bf25b9-218d-4f93-a950-cbf604fb8be9@group-BBCB63A168E8-StateMachineUpdater: set stopIndex = 0
2021-09-22 10:24:54,121 [d7bf25b9-218d-4f93-a950-cbf604fb8be9@group-BBCB63A168E8-StateMachineUpdater] INFO  ratis.ContainerStateMachine (ContainerStateMachine.java:takeSnapshot(292)) - group-BBCB63A168E8: Taking a snapshot at:(t:5, i:0) file /home/runner/work/ozone/ozone/hadoop-ozone/integration-test/target/test-dir/MiniOzoneClusterImpl-37bb77ab-1cd7-4f0f-8c8b-61e82082808e/datanode-2/data/ratis/8e0a2a57-1cbe-4bdd-9500-bbcb63a168e8/sm/snapshot.5_0
2021-09-22 10:24:54,122 [d7bf25b9-218d-4f93-a950-cbf604fb8be9@group-BBCB63A168E8-StateMachineUpdater] INFO  ratis.ContainerStateMachine (ContainerStateMachine.java:takeSnapshot(303)) - group-BBCB63A168E8: Finished taking a snapshot at:(t:5, i:0) file:/home/runner/work/ozone/ozone/hadoop-ozone/integration-test/target/test-dir/MiniOzoneClusterImpl-37bb77ab-1cd7-4f0f-8c8b-61e82082808e/datanode-2/data/ratis/8e0a2a57-1cbe-4bdd-9500-bbcb63a168e8/sm/snapshot.5_0 took: 1 ms
2021-09-22 10:24:54,122 [d7bf25b9-218d-4f93-a950-cbf604fb8be9@group-BBCB63A168E8-StateMachineUpdater] INFO  impl.StateMachineUpdater (StateMachineUpdater.java:takeSnapshot(281)) - d7bf25b9-218d-4f93-a950-cbf604fb8be9@group-BBCB63A168E8-StateMachineUpdater: Took a snapshot at index 0
2021-09-22 10:24:54,122 [d7bf25b9-218d-4f93-a950-cbf604fb8be9@group-BBCB63A168E8-StateMachineUpdater] INFO  impl.StateMachineUpdater (StateMachineUpdater.java:lambda$new$0(89)) - d7bf25b9-218d-4f93-a950-cbf604fb8be9@group-BBCB63A168E8-StateMachineUpdater: snapshotIndex: updateIncreasingly -1 -> 0
2021-09-22 10:24:54,125 [ForkJoinPool.commonPool-worker-1] INFO  server.RaftServer$Division (ServerState.java:close(419)) - d7bf25b9-218d-4f93-a950-cbf604fb8be9@group-BBCB63A168E8: closes. applyIndex: 0
2021-09-22 10:24:54,130 [d7bf25b9-218d-4f93-a950-cbf604fb8be9@group-BBCB63A168E8-SegmentedRaftLogWorker] INFO  segmented.SegmentedRaftLogWorker (SegmentedRaftLogWorker.java:run(327)) - d7bf25b9-218d-4f93-a950-cbf604fb8be9@group-BBCB63A168E8-SegmentedRaftLogWorker was interrupted, exiting. There are 0 tasks remaining in the queue.
2021-09-22 10:24:54,130 [ForkJoinPool.commonPool-worker-1] INFO  segmented.SegmentedRaftLogWorker (SegmentedRaftLogWorker.java:close(237)) - d7bf25b9-218d-4f93-a950-cbf604fb8be9@group-BBCB63A168E8-SegmentedRaftLogWorker close()
2021-09-22 10:24:54,130 [ForkJoinPool.commonPool-worker-1] INFO  server.GrpcService (GrpcService.java:closeImpl(262)) - d7bf25b9-218d-4f93-a950-cbf604fb8be9: shutdown server with port 43373 now
2021-09-22 10:24:54,143 [ForkJoinPool.commonPool-worker-1] INFO  server.GrpcService (GrpcService.java:closeImpl(271)) - d7bf25b9-218d-4f93-a950-cbf604fb8be9: shutdown server with port 43373 successfully
2021-09-22 10:24:54,143 [org.apache.ratis.util.JvmPauseMonitor$$Lambda$499/1893987183@f0fe996] INFO  util.JvmPauseMonitor (JvmPauseMonitor.java:run(109)) - JvmPauseMonitor-d7bf25b9-218d-4f93-a950-cbf604fb8be9: Stopped
2021-09-22 10:24:54,145 [ForkJoinPool.commonPool-worker-1] INFO  utils.BackgroundService (BackgroundService.java:shutdown(132)) - Shutting down service BlockDeletingService
2021-09-22 10:24:54,250 [EndpointStateMachine task thread for /127.0.0.1:14493 - 0 ] INFO  ipc.Client (Client.java:handleConnectionFailure(977)) - Retrying connect to server: localhost/127.0.0.1:14493. Already tried 8 time(s); retry policy is RetryUpToMaximumCountWithFixedSleep(maxRetries=15, sleepTime=1000 MILLISECONDS)
2021-09-22 10:24:54,264 [EndpointStateMachine task thread for /127.0.0.1:14503 - 0 ] INFO  ipc.Client (Client.java:handleConnectionFailure(977)) - Retrying connect to server: localhost/127.0.0.1:14503. Already tried 7 time(s); retry policy is RetryUpToMaximumCountWithFixedSleep(maxRetries=15, sleepTime=1000 MILLISECONDS)
2021-09-22 10:24:54,675 [EndpointStateMachine task thread for /127.0.0.1:14479 - 0 ] INFO  ipc.Client (Client.java:handleConnectionFailure(977)) - Retrying connect to server: localhost/127.0.0.1:14479. Already tried 13 time(s); retry policy is RetryUpToMaximumCountWithFixedSleep(maxRetries=15, sleepTime=1000 MILLISECONDS)
2021-09-22 10:24:54,676 [EndpointStateMachine task thread for /127.0.0.1:14469 - 0 ] INFO  ipc.Client (Client.java:handleConnectionFailure(977)) - Retrying connect to server: localhost/127.0.0.1:14469. Already tried 13 time(s); retry policy is RetryUpToMaximumCountWithFixedSleep(maxRetries=15, sleepTime=1000 MILLISECONDS)
2021-09-22 10:24:54,779 [EndpointStateMachine task thread for /127.0.0.1:14489 - 0 ] INFO  ipc.Client (Client.java:handleConnectionFailure(977)) - Retrying connect to server: localhost/127.0.0.1:14489. Already tried 11 time(s); retry policy is RetryUpToMaximumCountWithFixedSleep(maxRetries=15, sleepTime=1000 MILLISECONDS)
2021-09-22 10:24:55,031 [EndpointStateMachine task thread for /127.0.0.1:14513 - 0 ] INFO  ipc.Client (Client.java:handleConnectionFailure(977)) - Retrying connect to server: localhost/127.0.0.1:14513. Already tried 9 time(s); retry policy is RetryUpToMaximumCountWithFixedSleep(maxRetries=15, sleepTime=1000 MILLISECONDS)
2021-09-22 10:24:55,250 [EndpointStateMachine task thread for /127.0.0.1:14493 - 0 ] INFO  ipc.Client (Client.java:handleConnectionFailure(977)) - Retrying connect to server: localhost/127.0.0.1:14493. Already tried 9 time(s); retry policy is RetryUpToMaximumCountWithFixedSleep(maxRetries=15, sleepTime=1000 MILLISECONDS)
2021-09-22 10:24:55,265 [EndpointStateMachine task thread for /127.0.0.1:14503 - 0 ] INFO  ipc.Client (Client.java:handleConnectionFailure(977)) - Retrying connect to server: localhost/127.0.0.1:14503. Already tried 8 time(s); retry policy is RetryUpToMaximumCountWithFixedSleep(maxRetries=15, sleepTime=1000 MILLISECONDS)
2021-09-22 10:24:55,676 [EndpointStateMachine task thread for /127.0.0.1:14479 - 0 ] INFO  ipc.Client (Client.java:handleConnectionFailure(977)) - Retrying connect to server: localhost/127.0.0.1:14479. Already tried 14 time(s); retry policy is RetryUpToMaximumCountWithFixedSleep(maxRetries=15, sleepTime=1000 MILLISECONDS)
2021-09-22 10:24:55,677 [EndpointStateMachine task thread for /127.0.0.1:14469 - 0 ] INFO  ipc.Client (Client.java:handleConnectionFailure(977)) - Retrying connect to server: localhost/127.0.0.1:14469. Already tried 14 time(s); retry policy is RetryUpToMaximumCountWithFixedSleep(maxRetries=15, sleepTime=1000 MILLISECONDS)
2021-09-22 10:24:55,678 [EndpointStateMachine task thread for /127.0.0.1:14469 - 0 ] WARN  statemachine.EndpointStateMachine (EndpointStateMachine.java:logIfNeeded(236)) - Unable to communicate to SCM server at localhost:14469 for past 0 seconds.
java.net.ConnectException: Call From fv-az122-726/10.1.0.46 to localhost:14469 failed on connection exception: java.net.ConnectException: Connection refused; For more details see:  http://wiki.apache.org/hadoop/ConnectionRefused
	at sun.reflect.GeneratedConstructorAccessor42.newInstance(Unknown Source)
	at sun.reflect.DelegatingConstructorAccessorImpl.newInstance(DelegatingConstructorAccessorImpl.java:45)
	at java.lang.reflect.Constructor.newInstance(Constructor.java:423)
	at org.apache.hadoop.net.NetUtils.wrapWithMessage(NetUtils.java:913)
	at org.apache.hadoop.net.NetUtils.wrapException(NetUtils.java:828)
	at org.apache.hadoop.ipc.Client.getRpcResponse(Client.java:1577)
	at org.apache.hadoop.ipc.Client.call(Client.java:1519)
	at org.apache.hadoop.ipc.Client.call(Client.java:1416)
	at org.apache.hadoop.ipc.ProtobufRpcEngine$Invoker.invoke(ProtobufRpcEngine.java:236)
	at org.apache.hadoop.ipc.ProtobufRpcEngine$Invoker.invoke(ProtobufRpcEngine.java:123)
	at com.sun.proxy.$Proxy48.submitRequest(Unknown Source)
	at org.apache.hadoop.ozone.protocolPB.StorageContainerDatanodeProtocolClientSideTranslatorPB.submitRequest(StorageContainerDatanodeProtocolClientSideTranslatorPB.java:117)
	at org.apache.hadoop.ozone.protocolPB.StorageContainerDatanodeProtocolClientSideTranslatorPB.sendHeartbeat(StorageContainerDatanodeProtocolClientSideTranslatorPB.java:149)
	at org.apache.hadoop.ozone.container.common.states.endpoint.HeartbeatEndpointTask.call(HeartbeatEndpointTask.java:179)
	at org.apache.hadoop.ozone.container.common.states.endpoint.HeartbeatEndpointTask.call(HeartbeatEndpointTask.java:82)
	at java.util.concurrent.FutureTask.run(FutureTask.java:266)
	at java.util.concurrent.ThreadPoolExecutor.runWorker(ThreadPoolExecutor.java:1149)
	at java.util.concurrent.ThreadPoolExecutor$Worker.run(ThreadPoolExecutor.java:624)
	at java.lang.Thread.run(Thread.java:748)
Caused by: java.net.ConnectException: Connection refused
	at sun.nio.ch.SocketChannelImpl.checkConnect(Native Method)
	at sun.nio.ch.SocketChannelImpl.finishConnect(SocketChannelImpl.java:716)
	at org.apache.hadoop.net.SocketIOWithTimeout.connect(SocketIOWithTimeout.java:206)
	at org.apache.hadoop.net.NetUtils.connect(NetUtils.java:586)
	at org.apache.hadoop.ipc.Client$Connection.setupConnection(Client.java:701)
	at org.apache.hadoop.ipc.Client$Connection.setupIOstreams(Client.java:822)
	at org.apache.hadoop.ipc.Client$Connection.access$3800(Client.java:414)
	at org.apache.hadoop.ipc.Client.getConnection(Client.java:1647)
	at org.apache.hadoop.ipc.Client.call(Client.java:1463)
	... 12 more
2021-09-22 10:24:55,681 [EndpointStateMachine task thread for /127.0.0.1:14479 - 0 ] WARN  statemachine.EndpointStateMachine (EndpointStateMachine.java:logIfNeeded(236)) - Unable to communicate to SCM server at localhost:14479 for past 0 seconds.
java.net.ConnectException: Call From fv-az122-726/10.1.0.46 to localhost:14479 failed on connection exception: java.net.ConnectException: Connection refused; For more details see:  http://wiki.apache.org/hadoop/ConnectionRefused
	at sun.reflect.GeneratedConstructorAccessor42.newInstance(Unknown Source)
	at sun.reflect.DelegatingConstructorAccessorImpl.newInstance(DelegatingConstructorAccessorImpl.java:45)
	at java.lang.reflect.Constructor.newInstance(Constructor.java:423)
	at org.apache.hadoop.net.NetUtils.wrapWithMessage(NetUtils.java:913)
	at org.apache.hadoop.net.NetUtils.wrapException(NetUtils.java:828)
	at org.apache.hadoop.ipc.Client.getRpcResponse(Client.java:1577)
	at org.apache.hadoop.ipc.Client.call(Client.java:1519)
	at org.apache.hadoop.ipc.Client.call(Client.java:1416)
	at org.apache.hadoop.ipc.ProtobufRpcEngine$Invoker.invoke(ProtobufRpcEngine.java:236)
	at org.apache.hadoop.ipc.ProtobufRpcEngine$Invoker.invoke(ProtobufRpcEngine.java:123)
	at com.sun.proxy.$Proxy48.submitRequest(Unknown Source)
	at org.apache.hadoop.ozone.protocolPB.StorageContainerDatanodeProtocolClientSideTranslatorPB.submitRequest(StorageContainerDatanodeProtocolClientSideTranslatorPB.java:117)
	at org.apache.hadoop.ozone.protocolPB.StorageContainerDatanodeProtocolClientSideTranslatorPB.sendHeartbeat(StorageContainerDatanodeProtocolClientSideTranslatorPB.java:149)
	at org.apache.hadoop.ozone.container.common.states.endpoint.HeartbeatEndpointTask.call(HeartbeatEndpointTask.java:179)
	at org.apache.hadoop.ozone.container.common.states.endpoint.HeartbeatEndpointTask.call(HeartbeatEndpointTask.java:82)
	at java.util.concurrent.FutureTask.run(FutureTask.java:266)
	at java.util.concurrent.ThreadPoolExecutor.runWorker(ThreadPoolExecutor.java:1149)
	at java.util.concurrent.ThreadPoolExecutor$Worker.run(ThreadPoolExecutor.java:624)
	at java.lang.Thread.run(Thread.java:748)
Caused by: java.net.ConnectException: Connection refused
	at sun.nio.ch.SocketChannelImpl.checkConnect(Native Method)
	at sun.nio.ch.SocketChannelImpl.finishConnect(SocketChannelImpl.java:716)
	at org.apache.hadoop.net.SocketIOWithTimeout.connect(SocketIOWithTimeout.java:206)
	at org.apache.hadoop.net.NetUtils.connect(NetUtils.java:586)
	at org.apache.hadoop.ipc.Client$Connection.setupConnection(Client.java:701)
	at org.apache.hadoop.ipc.Client$Connection.setupIOstreams(Client.java:822)
	at org.apache.hadoop.ipc.Client$Connection.access$3800(Client.java:414)
	at org.apache.hadoop.ipc.Client.getConnection(Client.java:1647)
	at org.apache.hadoop.ipc.Client.call(Client.java:1463)
	... 12 more
2021-09-22 10:24:55,780 [EndpointStateMachine task thread for /127.0.0.1:14489 - 0 ] INFO  ipc.Client (Client.java:handleConnectionFailure(977)) - Retrying connect to server: localhost/127.0.0.1:14489. Already tried 12 time(s); retry policy is RetryUpToMaximumCountWithFixedSleep(maxRetries=15, sleepTime=1000 MILLISECONDS)
2021-09-22 10:24:56,032 [EndpointStateMachine task thread for /127.0.0.1:14513 - 0 ] INFO  ipc.Client (Client.java:handleConnectionFailure(977)) - Retrying connect to server: localhost/127.0.0.1:14513. Already tried 10 time(s); retry policy is RetryUpToMaximumCountWithFixedSleep(maxRetries=15, sleepTime=1000 MILLISECONDS)
2021-09-22 10:24:56,251 [EndpointStateMachine task thread for /127.0.0.1:14493 - 0 ] INFO  ipc.Client (Client.java:handleConnectionFailure(977)) - Retrying connect to server: localhost/127.0.0.1:14493. Already tried 10 time(s); retry policy is RetryUpToMaximumCountWithFixedSleep(maxRetries=15, sleepTime=1000 MILLISECONDS)
2021-09-22 10:24:56,265 [EndpointStateMachine task thread for /127.0.0.1:14503 - 0 ] INFO  ipc.Client (Client.java:handleConnectionFailure(977)) - Retrying connect to server: localhost/127.0.0.1:14503. Already tried 9 time(s); retry policy is RetryUpToMaximumCountWithFixedSleep(maxRetries=15, sleepTime=1000 MILLISECONDS)
2021-09-22 10:24:56,681 [EndpointStateMachine task thread for /127.0.0.1:14479 - 0 ] INFO  ipc.Client (Client.java:handleConnectionFailure(977)) - Retrying connect to server: localhost/127.0.0.1:14479. Already tried 0 time(s); retry policy is RetryUpToMaximumCountWithFixedSleep(maxRetries=15, sleepTime=1000 MILLISECONDS)
2021-09-22 10:24:56,681 [EndpointStateMachine task thread for /127.0.0.1:14469 - 0 ] INFO  ipc.Client (Client.java:handleConnectionFailure(977)) - Retrying connect to server: localhost/127.0.0.1:14469. Already tried 0 time(s); retry policy is RetryUpToMaximumCountWithFixedSleep(maxRetries=15, sleepTime=1000 MILLISECONDS)
2021-09-22 10:24:56,781 [EndpointStateMachine task thread for /127.0.0.1:14489 - 0 ] INFO  ipc.Client (Client.java:handleConnectionFailure(977)) - Retrying connect to server: localhost/127.0.0.1:14489. Already tried 13 time(s); retry policy is RetryUpToMaximumCountWithFixedSleep(maxRetries=15, sleepTime=1000 MILLISECONDS)
2021-09-22 10:24:57,033 [EndpointStateMachine task thread for /127.0.0.1:14513 - 0 ] INFO  ipc.Client (Client.java:handleConnectionFailure(977)) - Retrying connect to server: localhost/127.0.0.1:14513. Already tried 11 time(s); retry policy is RetryUpToMaximumCountWithFixedSleep(maxRetries=15, sleepTime=1000 MILLISECONDS)
2021-09-22 10:24:57,146 [ForkJoinPool.commonPool-worker-1] INFO  statemachine.DatanodeStateMachine (DatanodeStateMachine.java:stopDaemon(515)) - Ozone container server stopped.
2021-09-22 10:24:57,153 [ForkJoinPool.commonPool-worker-1] INFO  handler.ContextHandler (ContextHandler.java:doStop(1153)) - Stopped o.e.j.w.WebAppContext@61284400{hddsDatanode,/,null,STOPPED}{jar:file:/home/runner/.m2/repository/org/apache/ozone/hdds-container-service/1.2.0-SNAPSHOT/hdds-container-service-1.2.0-SNAPSHOT.jar!/webapps/hddsDatanode}
2021-09-22 10:24:57,156 [ForkJoinPool.commonPool-worker-1] INFO  server.AbstractConnector (AbstractConnector.java:doStop(381)) - Stopped ServerConnector@2775d0d4{HTTP/1.1, (http/1.1)}{0.0.0.0:0}
2021-09-22 10:24:57,156 [ForkJoinPool.commonPool-worker-1] INFO  server.session (HouseKeeper.java:stopScavenging(149)) - node0 Stopped scavenging
2021-09-22 10:24:57,161 [ForkJoinPool.commonPool-worker-1] INFO  handler.ContextHandler (ContextHandler.java:doStop(1153)) - Stopped o.e.j.s.ServletContextHandler@4cd29de4{static,/static,jar:file:/home/runner/.m2/repository/org/apache/ozone/hdds-container-service/1.2.0-SNAPSHOT/hdds-container-service-1.2.0-SNAPSHOT.jar!/webapps/static,STOPPED}
2021-09-22 10:24:57,162 [ForkJoinPool.commonPool-worker-1] INFO  handler.ContextHandler (ContextHandler.java:doStop(1153)) - Stopped o.e.j.s.ServletContextHandler@6f136d41{logs,/logs,file:///home/runner/work/ozone/ozone/hadoop-ozone/integration-test/target/log,STOPPED}
]]></system-out>
  </testcase>
  <testcase name="testInstallCorruptedCheckpointFailure" classname="org.apache.hadoop.ozone.scm.TestSCMInstallSnapshotWithHA" time="67.996"/>
</testsuite>