<?xml version="1.0" encoding="UTF-8"?>
<testsuite xmlns:xsi="http://www.w3.org/2001/XMLSchema-instance" xsi:noNamespaceSchemaLocation="https://maven.apache.org/surefire/maven-surefire-plugin/xsd/surefire-test-report-3.0.xsd" version="3.0" name="org.apache.hadoop.ozone.client.TestOzoneECClient" time="4.458" tests="34" errors="1" skipped="0" failures="0">
  <properties>
    <property name="awt.toolkit" value="sun.awt.X11.XToolkit"/>
    <property name="file.encoding.pkg" value="sun.io"/>
    <property name="java.specification.version" value="1.8"/>
    <property name="sun.cpu.isalist" value=""/>
    <property name="sun.jnu.encoding" value="UTF-8"/>
    <property name="gradle.enterprise.listener.surefire.forkId" value="1"/>
    <property name="java.class.path" value="/home/runner/work/ozone/ozone/hadoop-ozone/client/target/test-classes:/home/runner/work/ozone/ozone/hadoop-ozone/client/target/classes:/home/runner/work/ozone/ozone/hadoop-hdds/test-utils/target/classes:/home/runner/.m2/repository/com/google/guava/guava/32.0.0-jre/guava-32.0.0-jre.jar:/home/runner/.m2/repository/com/google/guava/failureaccess/1.0.1/failureaccess-1.0.1.jar:/home/runner/.m2/repository/com/google/guava/listenablefuture/9999.0-empty-to-avoid-conflict-with-guava/listenablefuture-9999.0-empty-to-avoid-conflict-with-guava.jar:/home/runner/.m2/repository/com/google/code/findbugs/jsr305/3.0.0/jsr305-3.0.0.jar:/home/runner/.m2/repository/org/checkerframework/checker-qual/3.33.0/checker-qual-3.33.0.jar:/home/runner/.m2/repository/com/google/errorprone/error_prone_annotations/2.2.0/error_prone_annotations-2.2.0.jar:/home/runner/.m2/repository/com/google/j2objc/j2objc-annotations/2.8/j2objc-annotations-2.8.jar:/home/runner/.m2/repository/commons-io/commons-io/2.11.0/commons-io-2.11.0.jar:/home/runner/.m2/repository/commons-logging/commons-logging/1.2/commons-logging-1.2.jar:/home/runner/.m2/repository/org/junit/jupiter/junit-jupiter-api/5.8.2/junit-jupiter-api-5.8.2.jar:/home/runner/.m2/repository/org/opentest4j/opentest4j/1.2.0/opentest4j-1.2.0.jar:/home/runner/.m2/repository/org/junit/platform/junit-platform-commons/1.8.2/junit-platform-commons-1.8.2.jar:/home/runner/.m2/repository/org/apiguardian/apiguardian-api/1.1.2/apiguardian-api-1.1.2.jar:/home/runner/.m2/repository/org/apache/commons/commons-lang3/3.7/commons-lang3-3.7.jar:/home/runner/.m2/repository/org/slf4j/slf4j-api/1.7.36/slf4j-api-1.7.36.jar:/home/runner/.m2/repository/org/apache/logging/log4j/log4j-api/2.17.1/log4j-api-2.17.1.jar:/home/runner/work/ozone/ozone/hadoop-ozone/common/target/classes:/home/runner/.m2/repository/io/grpc/grpc-netty/1.51.1/grpc-netty-1.51.1.jar:/home/runner/.m2/repository/io/grpc/grpc-core/1.51.1/grpc-core-1.51.1.jar:/home/runner/.m2/repository/com/google/code/gson/gson/2.9.0/gson-2.9.0.jar:/home/runner/.m2/repository/com/google/android/annotations/4.1.1.4/annotations-4.1.1.4.jar:/home/runner/.m2/repository/org/codehaus/mojo/animal-sniffer-annotations/1.21/animal-sniffer-annotations-1.21.jar:/home/runner/.m2/repository/io/perfmark/perfmark-api/0.25.0/perfmark-api-0.25.0.jar:/home/runner/.m2/repository/io/netty/netty-transport-native-unix-common/4.1.100.Final/netty-transport-native-unix-common-4.1.100.Final.jar:/home/runner/.m2/repository/io/netty/netty-codec-http2/4.1.100.Final/netty-codec-http2-4.1.100.Final.jar:/home/runner/.m2/repository/io/netty/netty-common/4.1.100.Final/netty-common-4.1.100.Final.jar:/home/runner/.m2/repository/io/netty/netty-buffer/4.1.100.Final/netty-buffer-4.1.100.Final.jar:/home/runner/.m2/repository/io/netty/netty-transport/4.1.100.Final/netty-transport-4.1.100.Final.jar:/home/runner/.m2/repository/io/netty/netty-resolver/4.1.100.Final/netty-resolver-4.1.100.Final.jar:/home/runner/.m2/repository/io/netty/netty-codec/4.1.100.Final/netty-codec-4.1.100.Final.jar:/home/runner/.m2/repository/io/netty/netty-handler/4.1.100.Final/netty-handler-4.1.100.Final.jar:/home/runner/.m2/repository/io/netty/netty-codec-http/4.1.100.Final/netty-codec-http-4.1.100.Final.jar:/home/runner/.m2/repository/io/netty/netty-handler-proxy/4.1.100.Final/netty-handler-proxy-4.1.100.Final.jar:/home/runner/.m2/repository/io/netty/netty-codec-socks/4.1.100.Final/netty-codec-socks-4.1.100.Final.jar:/home/runner/.m2/repository/io/netty/netty-tcnative-boringssl-static/2.0.61.Final/netty-tcnative-boringssl-static-2.0.61.Final.jar:/home/runner/.m2/repository/io/netty/netty-tcnative-classes/2.0.61.Final/netty-tcnative-classes-2.0.61.Final.jar:/home/runner/.m2/repository/io/netty/netty-tcnative-boringssl-static/2.0.61.Final/netty-tcnative-boringssl-static-2.0.61.Final-linux-x86_64.jar:/home/runner/.m2/repository/io/netty/netty-tcnative-boringssl-static/2.0.61.Final/netty-tcnative-boringssl-static-2.0.61.Final-linux-aarch_64.jar:/home/runner/.m2/repository/io/netty/netty-tcnative-boringssl-static/2.0.61.Final/netty-tcnative-boringssl-static-2.0.61.Final-osx-x86_64.jar:/home/runner/.m2/repository/io/netty/netty-tcnative-boringssl-static/2.0.61.Final/netty-tcnative-boringssl-static-2.0.61.Final-osx-aarch_64.jar:/home/runner/.m2/repository/io/netty/netty-tcnative-boringssl-static/2.0.61.Final/netty-tcnative-boringssl-static-2.0.61.Final-windows-x86_64.jar:/home/runner/.m2/repository/org/apache/commons/commons-compress/1.21/commons-compress-1.21.jar:/home/runner/work/ozone/ozone/hadoop-hdds/common/target/classes:/home/runner/work/ozone/ozone/hadoop-hdds/client/target/classes:/home/runner/work/ozone/ozone/hadoop-ozone/interface-client/target/classes:/home/runner/.m2/repository/io/grpc/grpc-protobuf/1.51.1/grpc-protobuf-1.51.1.jar:/home/runner/.m2/repository/com/google/api/grpc/proto-google-common-protos/2.9.0/proto-google-common-protos-2.9.0.jar:/home/runner/.m2/repository/io/grpc/grpc-protobuf-lite/1.51.1/grpc-protobuf-lite-1.51.1.jar:/home/runner/.m2/repository/io/grpc/grpc-stub/1.51.1/grpc-stub-1.51.1.jar:/home/runner/.m2/repository/org/apache/hadoop/hadoop-hdfs-client/3.3.6/hadoop-hdfs-client-3.3.6.jar:/home/runner/.m2/repository/com/squareup/okhttp3/okhttp/4.9.3/okhttp-4.9.3.jar:/home/runner/.m2/repository/com/squareup/okio/okio/3.4.0/okio-3.4.0.jar:/home/runner/.m2/repository/com/squareup/okio/okio-jvm/3.4.0/okio-jvm-3.4.0.jar:/home/runner/.m2/repository/org/jetbrains/kotlin/kotlin-stdlib-jdk8/1.8.0/kotlin-stdlib-jdk8-1.8.0.jar:/home/runner/.m2/repository/org/jetbrains/kotlin/kotlin-stdlib-jdk7/1.8.0/kotlin-stdlib-jdk7-1.8.0.jar:/home/runner/.m2/repository/org/jetbrains/kotlin/kotlin-stdlib-common/1.6.21/kotlin-stdlib-common-1.6.21.jar:/home/runner/.m2/repository/com/fasterxml/jackson/core/jackson-databind/2.13.4.2/jackson-databind-2.13.4.2.jar:/home/runner/work/ozone/ozone/hadoop-hdds/erasurecode/target/classes:/home/runner/.m2/repository/com/github/spotbugs/spotbugs-annotations/3.1.12/spotbugs-annotations-3.1.12.jar:/home/runner/work/ozone/ozone/hadoop-hdds/common/target/test-classes:/home/runner/work/ozone/ozone/hadoop-hdds/hadoop-dependency-client/target/classes:/home/runner/.m2/repository/org/apache/hadoop/hadoop-annotations/3.3.6/hadoop-annotations-3.3.6.jar:/usr/lib/jvm/temurin-8-jdk-amd64/jre/../lib/tools.jar:/home/runner/.m2/repository/org/apache/hadoop/hadoop-common/3.3.6/hadoop-common-3.3.6.jar:/home/runner/.m2/repository/org/apache/hadoop/thirdparty/hadoop-shaded-guava/1.1.1/hadoop-shaded-guava-1.1.1.jar:/home/runner/.m2/repository/org/apache/httpcomponents/httpclient/4.5.13/httpclient-4.5.13.jar:/home/runner/.m2/repository/org/apache/httpcomponents/httpcore/4.4.13/httpcore-4.4.13.jar:/home/runner/.m2/repository/jakarta/activation/jakarta.activation-api/1.2.2/jakarta.activation-api-1.2.2.jar:/home/runner/.m2/repository/org/apache/commons/commons-configuration2/2.1.1/commons-configuration2-2.1.1.jar:/home/runner/.m2/repository/com/google/re2j/re2j/1.1/re2j-1.1.jar:/home/runner/.m2/repository/org/apache/hadoop/hadoop-auth/3.3.6/hadoop-auth-3.3.6.jar:/home/runner/.m2/repository/org/apache/kerby/kerb-core/1.0.1/kerb-core-1.0.1.jar:/home/runner/.m2/repository/org/apache/kerby/kerby-pkix/1.0.1/kerby-pkix-1.0.1.jar:/home/runner/.m2/repository/org/apache/kerby/kerby-asn1/1.0.1/kerby-asn1-1.0.1.jar:/home/runner/.m2/repository/org/apache/kerby/kerby-util/1.0.1/kerby-util-1.0.1.jar:/home/runner/.m2/repository/org/codehaus/woodstox/stax2-api/4.2.1/stax2-api-4.2.1.jar:/home/runner/.m2/repository/com/fasterxml/woodstox/woodstox-core/5.4.0/woodstox-core-5.4.0.jar:/home/runner/.m2/repository/org/xerial/snappy/snappy-java/1.1.8.2/snappy-java-1.1.8.2.jar:/home/runner/.m2/repository/org/apache/hadoop/hadoop-hdfs/3.3.6/hadoop-hdfs-3.3.6.jar:/home/runner/.m2/repository/info/picocli/picocli/4.6.1/picocli-4.6.1.jar:/home/runner/.m2/repository/com/google/protobuf/protobuf-java/2.5.0/protobuf-java-2.5.0.jar:/home/runner/.m2/repository/com/fasterxml/jackson/core/jackson-annotations/2.13.4/jackson-annotations-2.13.4.jar:/home/runner/.m2/repository/com/fasterxml/jackson/datatype/jackson-datatype-jsr310/2.13.4/jackson-datatype-jsr310-2.13.4.jar:/home/runner/.m2/repository/com/fasterxml/jackson/core/jackson-core/2.13.4/jackson-core-2.13.4.jar:/home/runner/work/ozone/ozone/hadoop-hdds/annotations/target/classes:/home/runner/work/ozone/ozone/hadoop-hdds/config/target/classes:/home/runner/.m2/repository/javax/annotation/javax.annotation-api/1.2/javax.annotation-api-1.2.jar:/home/runner/.m2/repository/io/dropwizard/metrics/metrics-core/3.2.4/metrics-core-3.2.4.jar:/home/runner/.m2/repository/org/apache/ratis/ratis-server/2.5.1/ratis-server-2.5.1.jar:/home/runner/.m2/repository/org/apache/ratis/ratis-thirdparty-misc/1.0.4/ratis-thirdparty-misc-1.0.4.jar:/home/runner/.m2/repository/org/apache/ratis/ratis-proto/2.5.1/ratis-proto-2.5.1.jar:/home/runner/.m2/repository/org/apache/ratis/ratis-common/2.5.1/ratis-common-2.5.1.jar:/home/runner/.m2/repository/org/apache/ratis/ratis-client/2.5.1/ratis-client-2.5.1.jar:/home/runner/.m2/repository/org/apache/ratis/ratis-server-api/2.5.1/ratis-server-api-2.5.1.jar:/home/runner/.m2/repository/org/apache/ratis/ratis-metrics/2.5.1/ratis-metrics-2.5.1.jar:/home/runner/.m2/repository/org/apache/ratis/ratis-netty/2.5.1/ratis-netty-2.5.1.jar:/home/runner/.m2/repository/org/apache/ratis/ratis-grpc/2.5.1/ratis-grpc-2.5.1.jar:/home/runner/.m2/repository/org/apache/commons/commons-pool2/2.6.0/commons-pool2-2.6.0.jar:/home/runner/.m2/repository/org/bouncycastle/bcpkix-jdk15on/1.67/bcpkix-jdk15on-1.67.jar:/home/runner/.m2/repository/org/bouncycastle/bcprov-jdk15on/1.67/bcprov-jdk15on-1.67.jar:/home/runner/.m2/repository/commons-validator/commons-validator/1.6/commons-validator-1.6.jar:/home/runner/.m2/repository/commons-beanutils/commons-beanutils/1.9.4/commons-beanutils-1.9.4.jar:/home/runner/.m2/repository/commons-digester/commons-digester/1.8.1/commons-digester-1.8.1.jar:/home/runner/.m2/repository/commons-collections/commons-collections/3.2.2/commons-collections-3.2.2.jar:/home/runner/.m2/repository/io/jaegertracing/jaeger-client/1.6.0/jaeger-client-1.6.0.jar:/home/runner/.m2/repository/io/jaegertracing/jaeger-thrift/1.6.0/jaeger-thrift-1.6.0.jar:/home/runner/.m2/repository/org/apache/thrift/libthrift/0.14.1/libthrift-0.14.1.jar:/home/runner/.m2/repository/io/jaegertracing/jaeger-core/1.6.0/jaeger-core-1.6.0.jar:/home/runner/.m2/repository/io/jaegertracing/jaeger-tracerresolver/1.6.0/jaeger-tracerresolver-1.6.0.jar:/home/runner/.m2/repository/io/opentracing/contrib/opentracing-tracerresolver/0.1.8/opentracing-tracerresolver-0.1.8.jar:/home/runner/.m2/repository/org/jetbrains/kotlin/kotlin-stdlib/1.6.21/kotlin-stdlib-1.6.21.jar:/home/runner/.m2/repository/org/jetbrains/annotations/13.0/annotations-13.0.jar:/home/runner/.m2/repository/io/opentracing/opentracing-util/0.33.0/opentracing-util-0.33.0.jar:/home/runner/.m2/repository/io/opentracing/opentracing-api/0.33.0/opentracing-api-0.33.0.jar:/home/runner/.m2/repository/io/opentracing/opentracing-noop/0.33.0/opentracing-noop-0.33.0.jar:/home/runner/.m2/repository/org/yaml/snakeyaml/2.0/snakeyaml-2.0.jar:/home/runner/.m2/repository/org/reflections/reflections/0.9.11/reflections-0.9.11.jar:/home/runner/.m2/repository/org/javassist/javassist/3.21.0-GA/javassist-3.21.0-GA.jar:/home/runner/work/ozone/ozone/hadoop-hdds/interface-client/target/classes:/home/runner/.m2/repository/org/apache/hadoop/thirdparty/hadoop-shaded-protobuf_3_7/1.1.1/hadoop-shaded-protobuf_3_7-1.1.1.jar:/home/runner/work/ozone/ozone/hadoop-hdds/interface-admin/target/classes:/home/runner/.m2/repository/io/grpc/grpc-api/1.51.1/grpc-api-1.51.1.jar:/home/runner/.m2/repository/io/grpc/grpc-context/1.51.1/grpc-context-1.51.1.jar:/home/runner/.m2/repository/com/fasterxml/uuid/java-uuid-generator/4.3.0/java-uuid-generator-4.3.0.jar:/home/runner/work/ozone/ozone/hadoop-hdds/client/target/test-classes:/home/runner/.m2/repository/junit/junit/4.13.1/junit-4.13.1.jar:/home/runner/.m2/repository/org/hamcrest/hamcrest-core/1.3/hamcrest-core-1.3.jar:/home/runner/.m2/repository/ch/qos/reload4j/reload4j/1.2.22/reload4j-1.2.22.jar:/home/runner/.m2/repository/org/slf4j/slf4j-reload4j/1.7.36/slf4j-reload4j-1.7.36.jar:/home/runner/.m2/repository/org/mockito/mockito-core/3.5.9/mockito-core-3.5.9.jar:/home/runner/.m2/repository/net/bytebuddy/byte-buddy/1.10.13/byte-buddy-1.10.13.jar:/home/runner/.m2/repository/net/bytebuddy/byte-buddy-agent/1.10.13/byte-buddy-agent-1.10.13.jar:/home/runner/.m2/repository/org/objenesis/objenesis/1.0/objenesis-1.0.jar:/home/runner/work/ozone/ozone/hadoop-ozone/client/target/gradle-enterprise/test-listeners.jar:"/>
    <property name="java.vm.vendor" value="Temurin"/>
    <property name="sun.arch.data.model" value="64"/>
    <property name="test.build.dir" value="/home/runner/work/ozone/ozone/hadoop-ozone/client/target/test-dir"/>
    <property name="test.cache.data" value=""/>
    <property name="java.vendor.url" value="https://adoptium.net/"/>
    <property name="user.timezone" value="Etc/UTC"/>
    <property name="os.name" value="Linux"/>
    <property name="java.vm.specification.version" value="1.8"/>
    <property name="test.build.data" value="/home/runner/work/ozone/ozone/hadoop-ozone/client/target/test-dir"/>
    <property name="sun.java.launcher" value="SUN_STANDARD"/>
    <property name="sun.boot.library.path" value="/usr/lib/jvm/temurin-8-jdk-amd64/jre/lib/amd64"/>
    <property name="sun.java.command" value="/home/runner/work/ozone/ozone/hadoop-ozone/client/target/surefire/surefirebooter1874184173523875155.jar /home/runner/work/ozone/ozone/hadoop-ozone/client/target/surefire 2023-11-13T21-32-01_436-jvmRun1 surefire266476661814361273tmp surefire_277905685839758984864tmp"/>
    <property name="native.lib.tmp.dir" value="/tmp"/>
    <property name="surefire.test.class.path" value="/home/runner/work/ozone/ozone/hadoop-ozone/client/target/test-classes:/home/runner/work/ozone/ozone/hadoop-ozone/client/target/classes:/home/runner/work/ozone/ozone/hadoop-hdds/test-utils/target/classes:/home/runner/.m2/repository/com/google/guava/guava/32.0.0-jre/guava-32.0.0-jre.jar:/home/runner/.m2/repository/com/google/guava/failureaccess/1.0.1/failureaccess-1.0.1.jar:/home/runner/.m2/repository/com/google/guava/listenablefuture/9999.0-empty-to-avoid-conflict-with-guava/listenablefuture-9999.0-empty-to-avoid-conflict-with-guava.jar:/home/runner/.m2/repository/com/google/code/findbugs/jsr305/3.0.0/jsr305-3.0.0.jar:/home/runner/.m2/repository/org/checkerframework/checker-qual/3.33.0/checker-qual-3.33.0.jar:/home/runner/.m2/repository/com/google/errorprone/error_prone_annotations/2.2.0/error_prone_annotations-2.2.0.jar:/home/runner/.m2/repository/com/google/j2objc/j2objc-annotations/2.8/j2objc-annotations-2.8.jar:/home/runner/.m2/repository/commons-io/commons-io/2.11.0/commons-io-2.11.0.jar:/home/runner/.m2/repository/commons-logging/commons-logging/1.2/commons-logging-1.2.jar:/home/runner/.m2/repository/org/junit/jupiter/junit-jupiter-api/5.8.2/junit-jupiter-api-5.8.2.jar:/home/runner/.m2/repository/org/opentest4j/opentest4j/1.2.0/opentest4j-1.2.0.jar:/home/runner/.m2/repository/org/junit/platform/junit-platform-commons/1.8.2/junit-platform-commons-1.8.2.jar:/home/runner/.m2/repository/org/apiguardian/apiguardian-api/1.1.2/apiguardian-api-1.1.2.jar:/home/runner/.m2/repository/org/apache/commons/commons-lang3/3.7/commons-lang3-3.7.jar:/home/runner/.m2/repository/org/slf4j/slf4j-api/1.7.36/slf4j-api-1.7.36.jar:/home/runner/.m2/repository/org/apache/logging/log4j/log4j-api/2.17.1/log4j-api-2.17.1.jar:/home/runner/work/ozone/ozone/hadoop-ozone/common/target/classes:/home/runner/.m2/repository/io/grpc/grpc-netty/1.51.1/grpc-netty-1.51.1.jar:/home/runner/.m2/repository/io/grpc/grpc-core/1.51.1/grpc-core-1.51.1.jar:/home/runner/.m2/repository/com/google/code/gson/gson/2.9.0/gson-2.9.0.jar:/home/runner/.m2/repository/com/google/android/annotations/4.1.1.4/annotations-4.1.1.4.jar:/home/runner/.m2/repository/org/codehaus/mojo/animal-sniffer-annotations/1.21/animal-sniffer-annotations-1.21.jar:/home/runner/.m2/repository/io/perfmark/perfmark-api/0.25.0/perfmark-api-0.25.0.jar:/home/runner/.m2/repository/io/netty/netty-transport-native-unix-common/4.1.100.Final/netty-transport-native-unix-common-4.1.100.Final.jar:/home/runner/.m2/repository/io/netty/netty-codec-http2/4.1.100.Final/netty-codec-http2-4.1.100.Final.jar:/home/runner/.m2/repository/io/netty/netty-common/4.1.100.Final/netty-common-4.1.100.Final.jar:/home/runner/.m2/repository/io/netty/netty-buffer/4.1.100.Final/netty-buffer-4.1.100.Final.jar:/home/runner/.m2/repository/io/netty/netty-transport/4.1.100.Final/netty-transport-4.1.100.Final.jar:/home/runner/.m2/repository/io/netty/netty-resolver/4.1.100.Final/netty-resolver-4.1.100.Final.jar:/home/runner/.m2/repository/io/netty/netty-codec/4.1.100.Final/netty-codec-4.1.100.Final.jar:/home/runner/.m2/repository/io/netty/netty-handler/4.1.100.Final/netty-handler-4.1.100.Final.jar:/home/runner/.m2/repository/io/netty/netty-codec-http/4.1.100.Final/netty-codec-http-4.1.100.Final.jar:/home/runner/.m2/repository/io/netty/netty-handler-proxy/4.1.100.Final/netty-handler-proxy-4.1.100.Final.jar:/home/runner/.m2/repository/io/netty/netty-codec-socks/4.1.100.Final/netty-codec-socks-4.1.100.Final.jar:/home/runner/.m2/repository/io/netty/netty-tcnative-boringssl-static/2.0.61.Final/netty-tcnative-boringssl-static-2.0.61.Final.jar:/home/runner/.m2/repository/io/netty/netty-tcnative-classes/2.0.61.Final/netty-tcnative-classes-2.0.61.Final.jar:/home/runner/.m2/repository/io/netty/netty-tcnative-boringssl-static/2.0.61.Final/netty-tcnative-boringssl-static-2.0.61.Final-linux-x86_64.jar:/home/runner/.m2/repository/io/netty/netty-tcnative-boringssl-static/2.0.61.Final/netty-tcnative-boringssl-static-2.0.61.Final-linux-aarch_64.jar:/home/runner/.m2/repository/io/netty/netty-tcnative-boringssl-static/2.0.61.Final/netty-tcnative-boringssl-static-2.0.61.Final-osx-x86_64.jar:/home/runner/.m2/repository/io/netty/netty-tcnative-boringssl-static/2.0.61.Final/netty-tcnative-boringssl-static-2.0.61.Final-osx-aarch_64.jar:/home/runner/.m2/repository/io/netty/netty-tcnative-boringssl-static/2.0.61.Final/netty-tcnative-boringssl-static-2.0.61.Final-windows-x86_64.jar:/home/runner/.m2/repository/org/apache/commons/commons-compress/1.21/commons-compress-1.21.jar:/home/runner/work/ozone/ozone/hadoop-hdds/common/target/classes:/home/runner/work/ozone/ozone/hadoop-hdds/client/target/classes:/home/runner/work/ozone/ozone/hadoop-ozone/interface-client/target/classes:/home/runner/.m2/repository/io/grpc/grpc-protobuf/1.51.1/grpc-protobuf-1.51.1.jar:/home/runner/.m2/repository/com/google/api/grpc/proto-google-common-protos/2.9.0/proto-google-common-protos-2.9.0.jar:/home/runner/.m2/repository/io/grpc/grpc-protobuf-lite/1.51.1/grpc-protobuf-lite-1.51.1.jar:/home/runner/.m2/repository/io/grpc/grpc-stub/1.51.1/grpc-stub-1.51.1.jar:/home/runner/.m2/repository/org/apache/hadoop/hadoop-hdfs-client/3.3.6/hadoop-hdfs-client-3.3.6.jar:/home/runner/.m2/repository/com/squareup/okhttp3/okhttp/4.9.3/okhttp-4.9.3.jar:/home/runner/.m2/repository/com/squareup/okio/okio/3.4.0/okio-3.4.0.jar:/home/runner/.m2/repository/com/squareup/okio/okio-jvm/3.4.0/okio-jvm-3.4.0.jar:/home/runner/.m2/repository/org/jetbrains/kotlin/kotlin-stdlib-jdk8/1.8.0/kotlin-stdlib-jdk8-1.8.0.jar:/home/runner/.m2/repository/org/jetbrains/kotlin/kotlin-stdlib-jdk7/1.8.0/kotlin-stdlib-jdk7-1.8.0.jar:/home/runner/.m2/repository/org/jetbrains/kotlin/kotlin-stdlib-common/1.6.21/kotlin-stdlib-common-1.6.21.jar:/home/runner/.m2/repository/com/fasterxml/jackson/core/jackson-databind/2.13.4.2/jackson-databind-2.13.4.2.jar:/home/runner/work/ozone/ozone/hadoop-hdds/erasurecode/target/classes:/home/runner/.m2/repository/com/github/spotbugs/spotbugs-annotations/3.1.12/spotbugs-annotations-3.1.12.jar:/home/runner/work/ozone/ozone/hadoop-hdds/common/target/test-classes:/home/runner/work/ozone/ozone/hadoop-hdds/hadoop-dependency-client/target/classes:/home/runner/.m2/repository/org/apache/hadoop/hadoop-annotations/3.3.6/hadoop-annotations-3.3.6.jar:/usr/lib/jvm/temurin-8-jdk-amd64/jre/../lib/tools.jar:/home/runner/.m2/repository/org/apache/hadoop/hadoop-common/3.3.6/hadoop-common-3.3.6.jar:/home/runner/.m2/repository/org/apache/hadoop/thirdparty/hadoop-shaded-guava/1.1.1/hadoop-shaded-guava-1.1.1.jar:/home/runner/.m2/repository/org/apache/httpcomponents/httpclient/4.5.13/httpclient-4.5.13.jar:/home/runner/.m2/repository/org/apache/httpcomponents/httpcore/4.4.13/httpcore-4.4.13.jar:/home/runner/.m2/repository/jakarta/activation/jakarta.activation-api/1.2.2/jakarta.activation-api-1.2.2.jar:/home/runner/.m2/repository/org/apache/commons/commons-configuration2/2.1.1/commons-configuration2-2.1.1.jar:/home/runner/.m2/repository/com/google/re2j/re2j/1.1/re2j-1.1.jar:/home/runner/.m2/repository/org/apache/hadoop/hadoop-auth/3.3.6/hadoop-auth-3.3.6.jar:/home/runner/.m2/repository/org/apache/kerby/kerb-core/1.0.1/kerb-core-1.0.1.jar:/home/runner/.m2/repository/org/apache/kerby/kerby-pkix/1.0.1/kerby-pkix-1.0.1.jar:/home/runner/.m2/repository/org/apache/kerby/kerby-asn1/1.0.1/kerby-asn1-1.0.1.jar:/home/runner/.m2/repository/org/apache/kerby/kerby-util/1.0.1/kerby-util-1.0.1.jar:/home/runner/.m2/repository/org/codehaus/woodstox/stax2-api/4.2.1/stax2-api-4.2.1.jar:/home/runner/.m2/repository/com/fasterxml/woodstox/woodstox-core/5.4.0/woodstox-core-5.4.0.jar:/home/runner/.m2/repository/org/xerial/snappy/snappy-java/1.1.8.2/snappy-java-1.1.8.2.jar:/home/runner/.m2/repository/org/apache/hadoop/hadoop-hdfs/3.3.6/hadoop-hdfs-3.3.6.jar:/home/runner/.m2/repository/info/picocli/picocli/4.6.1/picocli-4.6.1.jar:/home/runner/.m2/repository/com/google/protobuf/protobuf-java/2.5.0/protobuf-java-2.5.0.jar:/home/runner/.m2/repository/com/fasterxml/jackson/core/jackson-annotations/2.13.4/jackson-annotations-2.13.4.jar:/home/runner/.m2/repository/com/fasterxml/jackson/datatype/jackson-datatype-jsr310/2.13.4/jackson-datatype-jsr310-2.13.4.jar:/home/runner/.m2/repository/com/fasterxml/jackson/core/jackson-core/2.13.4/jackson-core-2.13.4.jar:/home/runner/work/ozone/ozone/hadoop-hdds/annotations/target/classes:/home/runner/work/ozone/ozone/hadoop-hdds/config/target/classes:/home/runner/.m2/repository/javax/annotation/javax.annotation-api/1.2/javax.annotation-api-1.2.jar:/home/runner/.m2/repository/io/dropwizard/metrics/metrics-core/3.2.4/metrics-core-3.2.4.jar:/home/runner/.m2/repository/org/apache/ratis/ratis-server/2.5.1/ratis-server-2.5.1.jar:/home/runner/.m2/repository/org/apache/ratis/ratis-thirdparty-misc/1.0.4/ratis-thirdparty-misc-1.0.4.jar:/home/runner/.m2/repository/org/apache/ratis/ratis-proto/2.5.1/ratis-proto-2.5.1.jar:/home/runner/.m2/repository/org/apache/ratis/ratis-common/2.5.1/ratis-common-2.5.1.jar:/home/runner/.m2/repository/org/apache/ratis/ratis-client/2.5.1/ratis-client-2.5.1.jar:/home/runner/.m2/repository/org/apache/ratis/ratis-server-api/2.5.1/ratis-server-api-2.5.1.jar:/home/runner/.m2/repository/org/apache/ratis/ratis-metrics/2.5.1/ratis-metrics-2.5.1.jar:/home/runner/.m2/repository/org/apache/ratis/ratis-netty/2.5.1/ratis-netty-2.5.1.jar:/home/runner/.m2/repository/org/apache/ratis/ratis-grpc/2.5.1/ratis-grpc-2.5.1.jar:/home/runner/.m2/repository/org/apache/commons/commons-pool2/2.6.0/commons-pool2-2.6.0.jar:/home/runner/.m2/repository/org/bouncycastle/bcpkix-jdk15on/1.67/bcpkix-jdk15on-1.67.jar:/home/runner/.m2/repository/org/bouncycastle/bcprov-jdk15on/1.67/bcprov-jdk15on-1.67.jar:/home/runner/.m2/repository/commons-validator/commons-validator/1.6/commons-validator-1.6.jar:/home/runner/.m2/repository/commons-beanutils/commons-beanutils/1.9.4/commons-beanutils-1.9.4.jar:/home/runner/.m2/repository/commons-digester/commons-digester/1.8.1/commons-digester-1.8.1.jar:/home/runner/.m2/repository/commons-collections/commons-collections/3.2.2/commons-collections-3.2.2.jar:/home/runner/.m2/repository/io/jaegertracing/jaeger-client/1.6.0/jaeger-client-1.6.0.jar:/home/runner/.m2/repository/io/jaegertracing/jaeger-thrift/1.6.0/jaeger-thrift-1.6.0.jar:/home/runner/.m2/repository/org/apache/thrift/libthrift/0.14.1/libthrift-0.14.1.jar:/home/runner/.m2/repository/io/jaegertracing/jaeger-core/1.6.0/jaeger-core-1.6.0.jar:/home/runner/.m2/repository/io/jaegertracing/jaeger-tracerresolver/1.6.0/jaeger-tracerresolver-1.6.0.jar:/home/runner/.m2/repository/io/opentracing/contrib/opentracing-tracerresolver/0.1.8/opentracing-tracerresolver-0.1.8.jar:/home/runner/.m2/repository/org/jetbrains/kotlin/kotlin-stdlib/1.6.21/kotlin-stdlib-1.6.21.jar:/home/runner/.m2/repository/org/jetbrains/annotations/13.0/annotations-13.0.jar:/home/runner/.m2/repository/io/opentracing/opentracing-util/0.33.0/opentracing-util-0.33.0.jar:/home/runner/.m2/repository/io/opentracing/opentracing-api/0.33.0/opentracing-api-0.33.0.jar:/home/runner/.m2/repository/io/opentracing/opentracing-noop/0.33.0/opentracing-noop-0.33.0.jar:/home/runner/.m2/repository/org/yaml/snakeyaml/2.0/snakeyaml-2.0.jar:/home/runner/.m2/repository/org/reflections/reflections/0.9.11/reflections-0.9.11.jar:/home/runner/.m2/repository/org/javassist/javassist/3.21.0-GA/javassist-3.21.0-GA.jar:/home/runner/work/ozone/ozone/hadoop-hdds/interface-client/target/classes:/home/runner/.m2/repository/org/apache/hadoop/thirdparty/hadoop-shaded-protobuf_3_7/1.1.1/hadoop-shaded-protobuf_3_7-1.1.1.jar:/home/runner/work/ozone/ozone/hadoop-hdds/interface-admin/target/classes:/home/runner/.m2/repository/io/grpc/grpc-api/1.51.1/grpc-api-1.51.1.jar:/home/runner/.m2/repository/io/grpc/grpc-context/1.51.1/grpc-context-1.51.1.jar:/home/runner/.m2/repository/com/fasterxml/uuid/java-uuid-generator/4.3.0/java-uuid-generator-4.3.0.jar:/home/runner/work/ozone/ozone/hadoop-hdds/client/target/test-classes:/home/runner/.m2/repository/junit/junit/4.13.1/junit-4.13.1.jar:/home/runner/.m2/repository/org/hamcrest/hamcrest-core/1.3/hamcrest-core-1.3.jar:/home/runner/.m2/repository/ch/qos/reload4j/reload4j/1.2.22/reload4j-1.2.22.jar:/home/runner/.m2/repository/org/slf4j/slf4j-reload4j/1.7.36/slf4j-reload4j-1.7.36.jar:/home/runner/.m2/repository/org/mockito/mockito-core/3.5.9/mockito-core-3.5.9.jar:/home/runner/.m2/repository/net/bytebuddy/byte-buddy/1.10.13/byte-buddy-1.10.13.jar:/home/runner/.m2/repository/net/bytebuddy/byte-buddy-agent/1.10.13/byte-buddy-agent-1.10.13.jar:/home/runner/.m2/repository/org/objenesis/objenesis/1.0/objenesis-1.0.jar:/home/runner/work/ozone/ozone/hadoop-ozone/client/target/gradle-enterprise/test-listeners.jar:"/>
    <property name="sun.cpu.endian" value="little"/>
    <property name="user.home" value="/home/runner"/>
    <property name="user.language" value="en"/>
    <property name="java.specification.vendor" value="Oracle Corporation"/>
    <property name="java.home" value="/usr/lib/jvm/temurin-8-jdk-amd64/jre"/>
    <property name="java.security.krb5.conf" value="/home/runner/work/ozone/ozone/hadoop-ozone/client/target/test-classes/krb5.conf"/>
    <property name="file.separator" value="/"/>
    <property name="basedir" value="/home/runner/work/ozone/ozone/hadoop-ozone/client"/>
    <property name="line.separator" value="&#10;"/>
    <property name="java.vm.specification.vendor" value="Oracle Corporation"/>
    <property name="java.specification.name" value="Java Platform API Specification"/>
    <property name="skip.installnpx" value="true"/>
    <property name="java.awt.graphicsenv" value="sun.awt.X11GraphicsEnvironment"/>
    <property name="surefire.real.class.path" value="/home/runner/work/ozone/ozone/hadoop-ozone/client/target/surefire/surefirebooter1874184173523875155.jar:/home/runner/.m2/repository/org/jacoco/org.jacoco.agent/0.8.5/org.jacoco.agent-0.8.5-runtime.jar"/>
    <property name="sun.boot.class.path" value="/usr/lib/jvm/temurin-8-jdk-amd64/jre/lib/resources.jar:/usr/lib/jvm/temurin-8-jdk-amd64/jre/lib/rt.jar:/usr/lib/jvm/temurin-8-jdk-amd64/jre/lib/sunrsasign.jar:/usr/lib/jvm/temurin-8-jdk-amd64/jre/lib/jsse.jar:/usr/lib/jvm/temurin-8-jdk-amd64/jre/lib/jce.jar:/usr/lib/jvm/temurin-8-jdk-amd64/jre/lib/charsets.jar:/usr/lib/jvm/temurin-8-jdk-amd64/jre/lib/jfr.jar:/usr/lib/jvm/temurin-8-jdk-amd64/jre/classes"/>
    <property name="hadoop.log.dir" value="/home/runner/work/ozone/ozone/hadoop-ozone/client/target/log"/>
    <property name="sun.management.compiler" value="HotSpot 64-Bit Tiered Compilers"/>
    <property name="java.runtime.version" value="1.8.0_382-b05"/>
    <property name="skip.npx" value="true"/>
    <property name="user.name" value="runner"/>
    <property name="java.net.preferIPv4Stack" value="true"/>
    <property name="path.separator" value=":"/>
    <property name="java.security.egd" value="file:///dev/urandom"/>
    <property name="os.version" value="5.15.0-1050-azure"/>
    <property name="java.endorsed.dirs" value="/usr/lib/jvm/temurin-8-jdk-amd64/jre/lib/endorsed"/>
    <property name="java.runtime.name" value="OpenJDK Runtime Environment"/>
    <property name="com.gradle.maven.scan.extension.test.listener.junitplatform.NestedExecutionSafeDelegatingTestExecutionListener" value="1e16c0aa"/>
    <property name="file.encoding" value="UTF-8"/>
    <property name="java.vm.name" value="OpenJDK 64-Bit Server VM"/>
    <property name="test.build.webapps" value=""/>
    <property name="localRepository" value="/home/runner/.m2/repository"/>
    <property name="gradle.enterprise.listener.port" value="46133"/>
    <property name="java.vendor.url.bug" value="https://github.com/adoptium/adoptium-support/issues"/>
    <property name="require.test.libhadoop" value=""/>
    <property name="java.io.tmpdir" value="/tmp"/>
    <property name="java.version" value="1.8.0_382"/>
    <property name="user.dir" value="/home/runner/work/ozone/ozone/hadoop-ozone/client"/>
    <property name="os.arch" value="amd64"/>
    <property name="test.build.classes" value="/home/runner/work/ozone/ozone/hadoop-ozone/client/target/test-classes"/>
    <property name="java.vm.specification.name" value="Java Virtual Machine Specification"/>
    <property name="java.awt.printerjob" value="sun.print.PSPrinterJob"/>
    <property name="sun.os.patch.level" value="unknown"/>
    <property name="excludedGroups" value="native | unhealthy | org.apache.ozone.test.UnhealthyTest"/>
    <property name="hadoop.tmp.dir" value="/home/runner/work/ozone/ozone/hadoop-ozone/client/target/tmp"/>
    <property name="java.library.path" value="/usr/java/packages/lib/amd64:/usr/lib64:/lib64:/lib:/usr/lib"/>
    <property name="java.vendor" value="Temurin"/>
    <property name="java.vm.info" value="mixed mode"/>
    <property name="java.vm.version" value="25.382-b05"/>
    <property name="java.specification.maintenance.version" value="5"/>
    <property name="sun.io.unicode.encoding" value="UnicodeLittle"/>
    <property name="java.ext.dirs" value="/usr/lib/jvm/temurin-8-jdk-amd64/jre/lib/ext:/usr/java/packages/lib/ext"/>
    <property name="java.class.version" value="52.0"/>
  </properties>
  <testcase name="testCommitKeyInfo" classname="org.apache.hadoop.ozone.client.TestOzoneECClient" time="1.204">
    <system-out><![CDATA[2023-11-13 21:33:28,711 [main] WARN  util.NativeCodeLoader (NativeCodeLoader.java:<clinit>(60)) - Unable to load native-hadoop library for your platform... using builtin-java classes where applicable
2023-11-13 21:33:29,434 [main] INFO  rpc.RpcClient (RpcClient.java:createVolume(463)) - Creating Volume: 7aad3ba4-fe7f-4bf9-9fb7-2736aed29be2, with runner as owner and space quota set to -1 bytes, counts quota set to -1
2023-11-13 21:33:29,461 [main] INFO  rpc.RpcClient (RpcClient.java:createBucket(690)) - Creating Bucket: 7aad3ba4-fe7f-4bf9-9fb7-2736aed29be2/6d980985-535f-42fc-94ba-dcc8dea4be73, with server-side default bucket layout, runner as owner, Versioning false, Storage Type set to DISK and Encryption set to false, Replication Type set to EC, Namespace Quota set to -1, Space Quota set to -1 
2023-11-13 21:33:29,557 [main] WARN  erasurecode.ErasureCodeNative (ErasureCodeNative.java:<clinit>(55)) - ISA-L support is not available in your platform... using builtin-java codec where applicable
]]></system-out>
  </testcase>
  <testcase name="testStripeWriteRetriesOn4FailuresWith3RetriesAllowed" classname="org.apache.hadoop.ozone.client.TestOzoneECClient" time="0.168">
    <system-out><![CDATA[2023-11-13 21:33:29,847 [main] INFO  rpc.RpcClient (RpcClient.java:createVolume(463)) - Creating Volume: 436e8d42-de30-43c4-bd63-55f3a0e4466a, with runner as owner and space quota set to -1 bytes, counts quota set to -1
2023-11-13 21:33:29,848 [main] INFO  rpc.RpcClient (RpcClient.java:createBucket(690)) - Creating Bucket: 436e8d42-de30-43c4-bd63-55f3a0e4466a/73b6c950-b94f-4c20-9e78-35625e15cd12, with server-side default bucket layout, runner as owner, Versioning false, Storage Type set to DISK and Encryption set to false, Replication Type set to server-side default replication type, Namespace Quota set to -1, Space Quota set to -1 
2023-11-13 21:33:29,979 [pool-24-thread-1] WARN  io.KeyOutputStream (ECKeyOutputStream.java:logStreamError(250)) - EC stripe write failed: F S S S S
2023-11-13 21:33:29,980 [pool-24-thread-1] WARN  io.KeyOutputStream (ECKeyOutputStream.java:logStreamError(252)) - Failure for replica index: 1, DatanodeDetails: 00000000-0000-0000-0000-000000000000(localhost/1.2.3.4)
java.io.IOException: Unexpected Storage Container Exception: org.apache.hadoop.hdds.scm.container.common.helpers.StorageContainerException: 
	at org.apache.hadoop.hdds.scm.storage.BlockOutputStream.setIoException(BlockOutputStream.java:634)
	at org.apache.hadoop.hdds.scm.storage.ECBlockOutputStream.validateResponse(ECBlockOutputStream.java:303)
	at org.apache.hadoop.hdds.scm.storage.BlockOutputStream.lambda$writeChunkToContainer$2(BlockOutputStream.java:729)
	at java.util.concurrent.CompletableFuture.uniApply(CompletableFuture.java:616)
	at java.util.concurrent.CompletableFuture$UniApply.tryFire(CompletableFuture.java:591)
	at java.util.concurrent.CompletableFuture$Completion.run(CompletableFuture.java:456)
	at java.util.concurrent.ThreadPoolExecutor.runWorker(ThreadPoolExecutor.java:1149)
	at java.util.concurrent.ThreadPoolExecutor$Worker.run(ThreadPoolExecutor.java:624)
	at java.lang.Thread.run(Thread.java:750)
Caused by: org.apache.hadoop.hdds.scm.container.common.helpers.StorageContainerException: 
	at org.apache.hadoop.hdds.scm.storage.ContainerProtocolCalls.validateContainerResponse(ContainerProtocolCalls.java:674)
	at org.apache.hadoop.hdds.scm.storage.ECBlockOutputStream.validateResponse(ECBlockOutputStream.java:301)
	... 7 more
2023-11-13 21:33:29,989 [pool-24-thread-1] WARN  io.KeyOutputStream (ECKeyOutputStream.java:logStreamError(250)) - EC stripe write failed: F S S S S
2023-11-13 21:33:29,989 [pool-24-thread-1] WARN  io.KeyOutputStream (ECKeyOutputStream.java:logStreamError(252)) - Failure for replica index: 1, DatanodeDetails: 00000000-0000-0005-0000-000000000005(localhost/1.2.3.4)
java.io.IOException: Unexpected Storage Container Exception: org.apache.hadoop.hdds.scm.container.common.helpers.StorageContainerException: 
	at org.apache.hadoop.hdds.scm.storage.BlockOutputStream.setIoException(BlockOutputStream.java:634)
	at org.apache.hadoop.hdds.scm.storage.ECBlockOutputStream.validateResponse(ECBlockOutputStream.java:303)
	at org.apache.hadoop.hdds.scm.storage.BlockOutputStream.lambda$writeChunkToContainer$2(BlockOutputStream.java:729)
	at java.util.concurrent.CompletableFuture.uniApply(CompletableFuture.java:616)
	at java.util.concurrent.CompletableFuture$UniApply.tryFire(CompletableFuture.java:591)
	at java.util.concurrent.CompletableFuture$Completion.run(CompletableFuture.java:456)
	at java.util.concurrent.ThreadPoolExecutor.runWorker(ThreadPoolExecutor.java:1149)
	at java.util.concurrent.ThreadPoolExecutor$Worker.run(ThreadPoolExecutor.java:624)
	at java.lang.Thread.run(Thread.java:750)
Caused by: org.apache.hadoop.hdds.scm.container.common.helpers.StorageContainerException: 
	at org.apache.hadoop.hdds.scm.storage.ContainerProtocolCalls.validateContainerResponse(ContainerProtocolCalls.java:674)
	at org.apache.hadoop.hdds.scm.storage.ECBlockOutputStream.validateResponse(ECBlockOutputStream.java:301)
	... 7 more
2023-11-13 21:33:29,992 [pool-24-thread-1] WARN  io.KeyOutputStream (ECKeyOutputStream.java:logStreamError(250)) - EC stripe write failed: F S S S S
2023-11-13 21:33:29,992 [pool-24-thread-1] WARN  io.KeyOutputStream (ECKeyOutputStream.java:logStreamError(252)) - Failure for replica index: 1, DatanodeDetails: 00000000-0000-000a-0000-00000000000a(localhost/1.2.3.4)
java.io.IOException: Unexpected Storage Container Exception: org.apache.hadoop.hdds.scm.container.common.helpers.StorageContainerException: 
	at org.apache.hadoop.hdds.scm.storage.BlockOutputStream.setIoException(BlockOutputStream.java:634)
	at org.apache.hadoop.hdds.scm.storage.ECBlockOutputStream.validateResponse(ECBlockOutputStream.java:303)
	at org.apache.hadoop.hdds.scm.storage.BlockOutputStream.lambda$writeChunkToContainer$2(BlockOutputStream.java:729)
	at java.util.concurrent.CompletableFuture.uniApply(CompletableFuture.java:616)
	at java.util.concurrent.CompletableFuture$UniApply.tryFire(CompletableFuture.java:591)
	at java.util.concurrent.CompletableFuture$Completion.run(CompletableFuture.java:456)
	at java.util.concurrent.ThreadPoolExecutor.runWorker(ThreadPoolExecutor.java:1149)
	at java.util.concurrent.ThreadPoolExecutor$Worker.run(ThreadPoolExecutor.java:624)
	at java.lang.Thread.run(Thread.java:750)
Caused by: org.apache.hadoop.hdds.scm.container.common.helpers.StorageContainerException: 
	at org.apache.hadoop.hdds.scm.storage.ContainerProtocolCalls.validateContainerResponse(ContainerProtocolCalls.java:674)
	at org.apache.hadoop.hdds.scm.storage.ECBlockOutputStream.validateResponse(ECBlockOutputStream.java:301)
	... 7 more
2023-11-13 21:33:29,996 [pool-24-thread-1] WARN  io.KeyOutputStream (ECKeyOutputStream.java:logStreamError(250)) - EC stripe write failed: F S S S S
2023-11-13 21:33:29,996 [pool-24-thread-1] WARN  io.KeyOutputStream (ECKeyOutputStream.java:logStreamError(252)) - Failure for replica index: 1, DatanodeDetails: 00000000-0000-000f-0000-00000000000f(localhost/1.2.3.4)
java.io.IOException: Unexpected Storage Container Exception: org.apache.hadoop.hdds.scm.container.common.helpers.StorageContainerException: 
	at org.apache.hadoop.hdds.scm.storage.BlockOutputStream.setIoException(BlockOutputStream.java:634)
	at org.apache.hadoop.hdds.scm.storage.ECBlockOutputStream.validateResponse(ECBlockOutputStream.java:303)
	at org.apache.hadoop.hdds.scm.storage.BlockOutputStream.lambda$writeChunkToContainer$2(BlockOutputStream.java:729)
	at java.util.concurrent.CompletableFuture.uniApply(CompletableFuture.java:616)
	at java.util.concurrent.CompletableFuture$UniApply.tryFire(CompletableFuture.java:591)
	at java.util.concurrent.CompletableFuture$Completion.run(CompletableFuture.java:456)
	at java.util.concurrent.ThreadPoolExecutor.runWorker(ThreadPoolExecutor.java:1149)
	at java.util.concurrent.ThreadPoolExecutor$Worker.run(ThreadPoolExecutor.java:624)
	at java.lang.Thread.run(Thread.java:750)
Caused by: org.apache.hadoop.hdds.scm.container.common.helpers.StorageContainerException: 
	at org.apache.hadoop.hdds.scm.storage.ContainerProtocolCalls.validateContainerResponse(ContainerProtocolCalls.java:674)
	at org.apache.hadoop.hdds.scm.storage.ECBlockOutputStream.validateResponse(ECBlockOutputStream.java:301)
	... 7 more
]]></system-out>
  </testcase>
  <testcase name="testWriteShouldSuccessIfLessThanParityNodesFail" classname="org.apache.hadoop.ozone.client.TestOzoneECClient" time="0.164">
    <system-out><![CDATA[2023-11-13 21:33:30,015 [main] INFO  rpc.RpcClient (RpcClient.java:createVolume(463)) - Creating Volume: c4d6fef4-7622-484a-b3e8-ad2cbc1be13a, with runner as owner and space quota set to -1 bytes, counts quota set to -1
2023-11-13 21:33:30,016 [main] INFO  rpc.RpcClient (RpcClient.java:createBucket(690)) - Creating Bucket: c4d6fef4-7622-484a-b3e8-ad2cbc1be13a/706f07a5-7e9d-4949-936c-936ea03a99e9, with server-side default bucket layout, runner as owner, Versioning false, Storage Type set to DISK and Encryption set to false, Replication Type set to server-side default replication type, Namespace Quota set to -1, Space Quota set to -1 
2023-11-13 21:33:30,137 [pool-45-thread-1] WARN  io.KeyOutputStream (ECKeyOutputStream.java:logStreamError(250)) - EC stripe write failed: F S S S S
2023-11-13 21:33:30,138 [pool-45-thread-1] WARN  io.KeyOutputStream (ECKeyOutputStream.java:logStreamError(252)) - Failure for replica index: 1, DatanodeDetails: 00000000-0000-0000-0000-000000000000(localhost/1.2.3.4)
java.io.IOException: Unexpected Storage Container Exception: org.apache.hadoop.hdds.scm.container.common.helpers.StorageContainerException: 
	at org.apache.hadoop.hdds.scm.storage.BlockOutputStream.setIoException(BlockOutputStream.java:634)
	at org.apache.hadoop.hdds.scm.storage.ECBlockOutputStream.validateResponse(ECBlockOutputStream.java:303)
	at org.apache.hadoop.hdds.scm.storage.BlockOutputStream.lambda$writeChunkToContainer$2(BlockOutputStream.java:729)
	at java.util.concurrent.CompletableFuture.uniApply(CompletableFuture.java:616)
	at java.util.concurrent.CompletableFuture$UniApply.tryFire(CompletableFuture.java:591)
	at java.util.concurrent.CompletableFuture$Completion.run(CompletableFuture.java:456)
	at java.util.concurrent.ThreadPoolExecutor.runWorker(ThreadPoolExecutor.java:1149)
	at java.util.concurrent.ThreadPoolExecutor$Worker.run(ThreadPoolExecutor.java:624)
	at java.lang.Thread.run(Thread.java:750)
Caused by: org.apache.hadoop.hdds.scm.container.common.helpers.StorageContainerException: 
	at org.apache.hadoop.hdds.scm.storage.ContainerProtocolCalls.validateContainerResponse(ContainerProtocolCalls.java:674)
	at org.apache.hadoop.hdds.scm.storage.ECBlockOutputStream.validateResponse(ECBlockOutputStream.java:301)
	... 7 more
]]></system-out>
  </testcase>
  <testcase name="testChunksInSingleWriteOpWithOffset" classname="org.apache.hadoop.ozone.client.TestOzoneECClient" time="0.035">
    <system-out><![CDATA[2023-11-13 21:33:30,189 [main] INFO  rpc.RpcClient (RpcClient.java:createVolume(463)) - Creating Volume: 3a0517a6-17ad-4752-a06f-b116d2a0babb, with runner as owner and space quota set to -1 bytes, counts quota set to -1
2023-11-13 21:33:30,191 [main] INFO  rpc.RpcClient (RpcClient.java:createBucket(690)) - Creating Bucket: 3a0517a6-17ad-4752-a06f-b116d2a0babb/c8b5be36-d165-41b5-8608-4e57e71ef138, with server-side default bucket layout, runner as owner, Versioning false, Storage Type set to DISK and Encryption set to false, Replication Type set to EC, Namespace Quota set to -1, Space Quota set to -1 
]]></system-out>
  </testcase>
  <testcase name="testExcludeOnDNFailure" classname="org.apache.hadoop.ozone.client.TestOzoneECClient" time="0.237">
    <system-out><![CDATA[2023-11-13 21:33:30,248 [main] INFO  rpc.RpcClient (RpcClient.java:createVolume(463)) - Creating Volume: 4f2e337d-3d19-41c8-adc8-d1a50937c180, with runner as owner and space quota set to -1 bytes, counts quota set to -1
2023-11-13 21:33:30,249 [main] INFO  rpc.RpcClient (RpcClient.java:createBucket(690)) - Creating Bucket: 4f2e337d-3d19-41c8-adc8-d1a50937c180/ce8d8f49-d170-439c-91a2-facfb7c5b7bf, with server-side default bucket layout, runner as owner, Versioning false, Storage Type set to DISK and Encryption set to false, Replication Type set to server-side default replication type, Namespace Quota set to -1, Space Quota set to -1 
2023-11-13 21:33:30,369 [pool-67-thread-1] WARN  io.KeyOutputStream (ECKeyOutputStream.java:logStreamError(250)) - EC stripe write failed: F F F F F
2023-11-13 21:33:30,369 [pool-67-thread-1] WARN  io.KeyOutputStream (ECKeyOutputStream.java:logStreamError(252)) - Failure for replica index: 1, DatanodeDetails: 00000000-0000-0000-0000-000000000000(localhost/1.2.3.4)
java.io.IOException: Unexpected Storage Container Exception: org.apache.hadoop.hdds.scm.container.common.helpers.StorageContainerException: 
	at org.apache.hadoop.hdds.scm.storage.BlockOutputStream.setIoException(BlockOutputStream.java:634)
	at org.apache.hadoop.hdds.scm.storage.ECBlockOutputStream.validateResponse(ECBlockOutputStream.java:303)
	at org.apache.hadoop.hdds.scm.storage.BlockOutputStream.lambda$writeChunkToContainer$2(BlockOutputStream.java:729)
	at java.util.concurrent.CompletableFuture.uniApply(CompletableFuture.java:616)
	at java.util.concurrent.CompletableFuture$UniApply.tryFire(CompletableFuture.java:591)
	at java.util.concurrent.CompletableFuture$Completion.run(CompletableFuture.java:456)
	at java.util.concurrent.ThreadPoolExecutor.runWorker(ThreadPoolExecutor.java:1149)
	at java.util.concurrent.ThreadPoolExecutor$Worker.run(ThreadPoolExecutor.java:624)
	at java.lang.Thread.run(Thread.java:750)
Caused by: org.apache.hadoop.hdds.scm.container.common.helpers.StorageContainerException: 
	at org.apache.hadoop.hdds.scm.storage.ContainerProtocolCalls.validateContainerResponse(ContainerProtocolCalls.java:674)
	at org.apache.hadoop.hdds.scm.storage.ECBlockOutputStream.validateResponse(ECBlockOutputStream.java:301)
	... 7 more
2023-11-13 21:33:30,370 [pool-67-thread-1] WARN  io.KeyOutputStream (ECKeyOutputStream.java:logStreamError(252)) - Failure for replica index: 2, DatanodeDetails: 00000000-0000-0001-0000-000000000001(localhost/1.2.3.4)
java.io.IOException: Unexpected Storage Container Exception: org.apache.hadoop.hdds.scm.container.common.helpers.StorageContainerException: 
	at org.apache.hadoop.hdds.scm.storage.BlockOutputStream.setIoException(BlockOutputStream.java:634)
	at org.apache.hadoop.hdds.scm.storage.ECBlockOutputStream.validateResponse(ECBlockOutputStream.java:303)
	at org.apache.hadoop.hdds.scm.storage.BlockOutputStream.lambda$writeChunkToContainer$2(BlockOutputStream.java:729)
	at java.util.concurrent.CompletableFuture.uniApply(CompletableFuture.java:616)
	at java.util.concurrent.CompletableFuture$UniApply.tryFire(CompletableFuture.java:591)
	at java.util.concurrent.CompletableFuture$Completion.run(CompletableFuture.java:456)
	at java.util.concurrent.ThreadPoolExecutor.runWorker(ThreadPoolExecutor.java:1149)
	at java.util.concurrent.ThreadPoolExecutor$Worker.run(ThreadPoolExecutor.java:624)
	at java.lang.Thread.run(Thread.java:750)
Caused by: org.apache.hadoop.hdds.scm.container.common.helpers.StorageContainerException: 
	at org.apache.hadoop.hdds.scm.storage.ContainerProtocolCalls.validateContainerResponse(ContainerProtocolCalls.java:674)
	at org.apache.hadoop.hdds.scm.storage.ECBlockOutputStream.validateResponse(ECBlockOutputStream.java:301)
	... 7 more
2023-11-13 21:33:30,371 [pool-67-thread-1] WARN  io.KeyOutputStream (ECKeyOutputStream.java:logStreamError(252)) - Failure for replica index: 3, DatanodeDetails: 00000000-0000-0002-0000-000000000002(localhost/1.2.3.4)
java.io.IOException: Unexpected Storage Container Exception: org.apache.hadoop.hdds.scm.container.common.helpers.StorageContainerException: 
	at org.apache.hadoop.hdds.scm.storage.BlockOutputStream.setIoException(BlockOutputStream.java:634)
	at org.apache.hadoop.hdds.scm.storage.ECBlockOutputStream.validateResponse(ECBlockOutputStream.java:303)
	at org.apache.hadoop.hdds.scm.storage.BlockOutputStream.lambda$writeChunkToContainer$2(BlockOutputStream.java:729)
	at java.util.concurrent.CompletableFuture.uniApply(CompletableFuture.java:616)
	at java.util.concurrent.CompletableFuture$UniApply.tryFire(CompletableFuture.java:591)
	at java.util.concurrent.CompletableFuture$Completion.run(CompletableFuture.java:456)
	at java.util.concurrent.ThreadPoolExecutor.runWorker(ThreadPoolExecutor.java:1149)
	at java.util.concurrent.ThreadPoolExecutor$Worker.run(ThreadPoolExecutor.java:624)
	at java.lang.Thread.run(Thread.java:750)
Caused by: org.apache.hadoop.hdds.scm.container.common.helpers.StorageContainerException: 
	at org.apache.hadoop.hdds.scm.storage.ContainerProtocolCalls.validateContainerResponse(ContainerProtocolCalls.java:674)
	at org.apache.hadoop.hdds.scm.storage.ECBlockOutputStream.validateResponse(ECBlockOutputStream.java:301)
	... 7 more
2023-11-13 21:33:30,372 [pool-67-thread-1] WARN  io.KeyOutputStream (ECKeyOutputStream.java:logStreamError(252)) - Failure for replica index: 4, DatanodeDetails: 00000000-0000-0003-0000-000000000003(localhost/1.2.3.4)
java.io.IOException: Unexpected Storage Container Exception: org.apache.hadoop.hdds.scm.container.common.helpers.StorageContainerException: 
	at org.apache.hadoop.hdds.scm.storage.BlockOutputStream.setIoException(BlockOutputStream.java:634)
	at org.apache.hadoop.hdds.scm.storage.ECBlockOutputStream.validateResponse(ECBlockOutputStream.java:303)
	at org.apache.hadoop.hdds.scm.storage.BlockOutputStream.lambda$writeChunkToContainer$2(BlockOutputStream.java:729)
	at java.util.concurrent.CompletableFuture.uniApply(CompletableFuture.java:616)
	at java.util.concurrent.CompletableFuture$UniApply.tryFire(CompletableFuture.java:591)
	at java.util.concurrent.CompletableFuture$Completion.run(CompletableFuture.java:456)
	at java.util.concurrent.ThreadPoolExecutor.runWorker(ThreadPoolExecutor.java:1149)
	at java.util.concurrent.ThreadPoolExecutor$Worker.run(ThreadPoolExecutor.java:624)
	at java.lang.Thread.run(Thread.java:750)
Caused by: org.apache.hadoop.hdds.scm.container.common.helpers.StorageContainerException: 
	at org.apache.hadoop.hdds.scm.storage.ContainerProtocolCalls.validateContainerResponse(ContainerProtocolCalls.java:674)
	at org.apache.hadoop.hdds.scm.storage.ECBlockOutputStream.validateResponse(ECBlockOutputStream.java:301)
	... 7 more
2023-11-13 21:33:30,372 [pool-67-thread-1] WARN  io.KeyOutputStream (ECKeyOutputStream.java:logStreamError(252)) - Failure for replica index: 5, DatanodeDetails: 00000000-0000-0004-0000-000000000004(localhost/1.2.3.4)
java.io.IOException: Unexpected Storage Container Exception: org.apache.hadoop.hdds.scm.container.common.helpers.StorageContainerException: 
	at org.apache.hadoop.hdds.scm.storage.BlockOutputStream.setIoException(BlockOutputStream.java:634)
	at org.apache.hadoop.hdds.scm.storage.ECBlockOutputStream.validateResponse(ECBlockOutputStream.java:303)
	at org.apache.hadoop.hdds.scm.storage.BlockOutputStream.lambda$writeChunkToContainer$2(BlockOutputStream.java:729)
	at java.util.concurrent.CompletableFuture.uniApply(CompletableFuture.java:616)
	at java.util.concurrent.CompletableFuture$UniApply.tryFire(CompletableFuture.java:591)
	at java.util.concurrent.CompletableFuture$Completion.run(CompletableFuture.java:456)
	at java.util.concurrent.ThreadPoolExecutor.runWorker(ThreadPoolExecutor.java:1149)
	at java.util.concurrent.ThreadPoolExecutor$Worker.run(ThreadPoolExecutor.java:624)
	at java.lang.Thread.run(Thread.java:750)
Caused by: org.apache.hadoop.hdds.scm.container.common.helpers.StorageContainerException: 
	at org.apache.hadoop.hdds.scm.storage.ContainerProtocolCalls.validateContainerResponse(ContainerProtocolCalls.java:674)
	at org.apache.hadoop.hdds.scm.storage.ECBlockOutputStream.validateResponse(ECBlockOutputStream.java:301)
	... 7 more
]]></system-out>
  </testcase>
  <testcase name="testWriteShouldFailIfMoreThanParityNodesFail" classname="org.apache.hadoop.ozone.client.TestOzoneECClient" time="0.134">
    <system-out><![CDATA[2023-11-13 21:33:30,483 [main] INFO  rpc.RpcClient (RpcClient.java:createVolume(463)) - Creating Volume: b2c16d84-11b9-421b-8687-dcaede2ca676, with runner as owner and space quota set to -1 bytes, counts quota set to -1
2023-11-13 21:33:30,484 [main] INFO  rpc.RpcClient (RpcClient.java:createBucket(690)) - Creating Bucket: b2c16d84-11b9-421b-8687-dcaede2ca676/9b28b6b1-317f-40a5-9738-d0fed61d25f4, with server-side default bucket layout, runner as owner, Versioning false, Storage Type set to DISK and Encryption set to false, Replication Type set to server-side default replication type, Namespace Quota set to -1, Space Quota set to -1 
2023-11-13 21:33:30,603 [pool-78-thread-1] WARN  io.KeyOutputStream (ECKeyOutputStream.java:logStreamError(250)) - EC stripe write failed: F F F S S
2023-11-13 21:33:30,603 [pool-78-thread-1] WARN  io.KeyOutputStream (ECKeyOutputStream.java:logStreamError(252)) - Failure for replica index: 1, DatanodeDetails: 00000000-0000-0000-0000-000000000000(localhost/1.2.3.4)
java.io.IOException: Unexpected Storage Container Exception: org.apache.hadoop.hdds.scm.container.common.helpers.StorageContainerException: 
	at org.apache.hadoop.hdds.scm.storage.BlockOutputStream.setIoException(BlockOutputStream.java:634)
	at org.apache.hadoop.hdds.scm.storage.ECBlockOutputStream.validateResponse(ECBlockOutputStream.java:303)
	at org.apache.hadoop.hdds.scm.storage.BlockOutputStream.lambda$writeChunkToContainer$2(BlockOutputStream.java:729)
	at java.util.concurrent.CompletableFuture.uniApply(CompletableFuture.java:616)
	at java.util.concurrent.CompletableFuture$UniApply.tryFire(CompletableFuture.java:591)
	at java.util.concurrent.CompletableFuture$Completion.run(CompletableFuture.java:456)
	at java.util.concurrent.ThreadPoolExecutor.runWorker(ThreadPoolExecutor.java:1149)
	at java.util.concurrent.ThreadPoolExecutor$Worker.run(ThreadPoolExecutor.java:624)
	at java.lang.Thread.run(Thread.java:750)
Caused by: org.apache.hadoop.hdds.scm.container.common.helpers.StorageContainerException: 
	at org.apache.hadoop.hdds.scm.storage.ContainerProtocolCalls.validateContainerResponse(ContainerProtocolCalls.java:674)
	at org.apache.hadoop.hdds.scm.storage.ECBlockOutputStream.validateResponse(ECBlockOutputStream.java:301)
	... 7 more
2023-11-13 21:33:30,604 [pool-78-thread-1] WARN  io.KeyOutputStream (ECKeyOutputStream.java:logStreamError(252)) - Failure for replica index: 2, DatanodeDetails: 00000000-0000-0001-0000-000000000001(localhost/1.2.3.4)
java.io.IOException: Unexpected Storage Container Exception: org.apache.hadoop.hdds.scm.container.common.helpers.StorageContainerException: 
	at org.apache.hadoop.hdds.scm.storage.BlockOutputStream.setIoException(BlockOutputStream.java:634)
	at org.apache.hadoop.hdds.scm.storage.ECBlockOutputStream.validateResponse(ECBlockOutputStream.java:303)
	at org.apache.hadoop.hdds.scm.storage.BlockOutputStream.lambda$writeChunkToContainer$2(BlockOutputStream.java:729)
	at java.util.concurrent.CompletableFuture.uniApply(CompletableFuture.java:616)
	at java.util.concurrent.CompletableFuture$UniApply.tryFire(CompletableFuture.java:591)
	at java.util.concurrent.CompletableFuture$Completion.run(CompletableFuture.java:456)
	at java.util.concurrent.ThreadPoolExecutor.runWorker(ThreadPoolExecutor.java:1149)
	at java.util.concurrent.ThreadPoolExecutor$Worker.run(ThreadPoolExecutor.java:624)
	at java.lang.Thread.run(Thread.java:750)
Caused by: org.apache.hadoop.hdds.scm.container.common.helpers.StorageContainerException: 
	at org.apache.hadoop.hdds.scm.storage.ContainerProtocolCalls.validateContainerResponse(ContainerProtocolCalls.java:674)
	at org.apache.hadoop.hdds.scm.storage.ECBlockOutputStream.validateResponse(ECBlockOutputStream.java:301)
	... 7 more
2023-11-13 21:33:30,604 [pool-78-thread-1] WARN  io.KeyOutputStream (ECKeyOutputStream.java:logStreamError(252)) - Failure for replica index: 3, DatanodeDetails: 00000000-0000-0002-0000-000000000002(localhost/1.2.3.4)
java.io.IOException: Unexpected Storage Container Exception: org.apache.hadoop.hdds.scm.container.common.helpers.StorageContainerException: 
	at org.apache.hadoop.hdds.scm.storage.BlockOutputStream.setIoException(BlockOutputStream.java:634)
	at org.apache.hadoop.hdds.scm.storage.ECBlockOutputStream.validateResponse(ECBlockOutputStream.java:303)
	at org.apache.hadoop.hdds.scm.storage.BlockOutputStream.lambda$writeChunkToContainer$2(BlockOutputStream.java:729)
	at java.util.concurrent.CompletableFuture.uniApply(CompletableFuture.java:616)
	at java.util.concurrent.CompletableFuture$UniApply.tryFire(CompletableFuture.java:591)
	at java.util.concurrent.CompletableFuture$Completion.run(CompletableFuture.java:456)
	at java.util.concurrent.ThreadPoolExecutor.runWorker(ThreadPoolExecutor.java:1149)
	at java.util.concurrent.ThreadPoolExecutor$Worker.run(ThreadPoolExecutor.java:624)
	at java.lang.Thread.run(Thread.java:750)
Caused by: org.apache.hadoop.hdds.scm.container.common.helpers.StorageContainerException: 
	at org.apache.hadoop.hdds.scm.storage.ContainerProtocolCalls.validateContainerResponse(ContainerProtocolCalls.java:674)
	at org.apache.hadoop.hdds.scm.storage.ECBlockOutputStream.validateResponse(ECBlockOutputStream.java:301)
	... 7 more
]]></system-out>
  </testcase>
  <testcase name="testStripeWriteRetriesOnAllNodeFailures" classname="org.apache.hadoop.ozone.client.TestOzoneECClient" time="0.138">
    <system-out><![CDATA[2023-11-13 21:33:30,634 [main] INFO  rpc.RpcClient (RpcClient.java:createVolume(463)) - Creating Volume: d4e64580-d189-4763-9c8c-f9dfba2a9ecc, with runner as owner and space quota set to -1 bytes, counts quota set to -1
2023-11-13 21:33:30,635 [main] INFO  rpc.RpcClient (RpcClient.java:createBucket(690)) - Creating Bucket: d4e64580-d189-4763-9c8c-f9dfba2a9ecc/d3da90aa-ca9d-4aee-afee-8859197f935a, with server-side default bucket layout, runner as owner, Versioning false, Storage Type set to DISK and Encryption set to false, Replication Type set to server-side default replication type, Namespace Quota set to -1, Space Quota set to -1 
2023-11-13 21:33:30,756 [pool-89-thread-1] WARN  io.KeyOutputStream (ECKeyOutputStream.java:logStreamError(250)) - EC stripe write failed: F F F F F
2023-11-13 21:33:30,757 [pool-89-thread-1] WARN  io.KeyOutputStream (ECKeyOutputStream.java:logStreamError(252)) - Failure for replica index: 1, DatanodeDetails: 00000000-0000-0000-0000-000000000000(localhost/1.2.3.4)
java.io.IOException: Unexpected Storage Container Exception: org.apache.hadoop.hdds.scm.container.common.helpers.StorageContainerException: 
	at org.apache.hadoop.hdds.scm.storage.BlockOutputStream.setIoException(BlockOutputStream.java:634)
	at org.apache.hadoop.hdds.scm.storage.ECBlockOutputStream.validateResponse(ECBlockOutputStream.java:303)
	at org.apache.hadoop.hdds.scm.storage.BlockOutputStream.lambda$writeChunkToContainer$2(BlockOutputStream.java:729)
	at java.util.concurrent.CompletableFuture.uniApply(CompletableFuture.java:616)
	at java.util.concurrent.CompletableFuture$UniApply.tryFire(CompletableFuture.java:591)
	at java.util.concurrent.CompletableFuture$Completion.run(CompletableFuture.java:456)
	at java.util.concurrent.ThreadPoolExecutor.runWorker(ThreadPoolExecutor.java:1149)
	at java.util.concurrent.ThreadPoolExecutor$Worker.run(ThreadPoolExecutor.java:624)
	at java.lang.Thread.run(Thread.java:750)
Caused by: org.apache.hadoop.hdds.scm.container.common.helpers.StorageContainerException: 
	at org.apache.hadoop.hdds.scm.storage.ContainerProtocolCalls.validateContainerResponse(ContainerProtocolCalls.java:674)
	at org.apache.hadoop.hdds.scm.storage.ECBlockOutputStream.validateResponse(ECBlockOutputStream.java:301)
	... 7 more
2023-11-13 21:33:30,757 [pool-89-thread-1] WARN  io.KeyOutputStream (ECKeyOutputStream.java:logStreamError(252)) - Failure for replica index: 2, DatanodeDetails: 00000000-0000-0001-0000-000000000001(localhost/1.2.3.4)
java.io.IOException: Unexpected Storage Container Exception: org.apache.hadoop.hdds.scm.container.common.helpers.StorageContainerException: 
	at org.apache.hadoop.hdds.scm.storage.BlockOutputStream.setIoException(BlockOutputStream.java:634)
	at org.apache.hadoop.hdds.scm.storage.ECBlockOutputStream.validateResponse(ECBlockOutputStream.java:303)
	at org.apache.hadoop.hdds.scm.storage.BlockOutputStream.lambda$writeChunkToContainer$2(BlockOutputStream.java:729)
	at java.util.concurrent.CompletableFuture.uniApply(CompletableFuture.java:616)
	at java.util.concurrent.CompletableFuture$UniApply.tryFire(CompletableFuture.java:591)
	at java.util.concurrent.CompletableFuture$Completion.run(CompletableFuture.java:456)
	at java.util.concurrent.ThreadPoolExecutor.runWorker(ThreadPoolExecutor.java:1149)
	at java.util.concurrent.ThreadPoolExecutor$Worker.run(ThreadPoolExecutor.java:624)
	at java.lang.Thread.run(Thread.java:750)
Caused by: org.apache.hadoop.hdds.scm.container.common.helpers.StorageContainerException: 
	at org.apache.hadoop.hdds.scm.storage.ContainerProtocolCalls.validateContainerResponse(ContainerProtocolCalls.java:674)
	at org.apache.hadoop.hdds.scm.storage.ECBlockOutputStream.validateResponse(ECBlockOutputStream.java:301)
	... 7 more
2023-11-13 21:33:30,758 [pool-89-thread-1] WARN  io.KeyOutputStream (ECKeyOutputStream.java:logStreamError(252)) - Failure for replica index: 3, DatanodeDetails: 00000000-0000-0002-0000-000000000002(localhost/1.2.3.4)
java.io.IOException: Unexpected Storage Container Exception: org.apache.hadoop.hdds.scm.container.common.helpers.StorageContainerException: 
	at org.apache.hadoop.hdds.scm.storage.BlockOutputStream.setIoException(BlockOutputStream.java:634)
	at org.apache.hadoop.hdds.scm.storage.ECBlockOutputStream.validateResponse(ECBlockOutputStream.java:303)
	at org.apache.hadoop.hdds.scm.storage.BlockOutputStream.lambda$writeChunkToContainer$2(BlockOutputStream.java:729)
	at java.util.concurrent.CompletableFuture.uniApply(CompletableFuture.java:616)
	at java.util.concurrent.CompletableFuture$UniApply.tryFire(CompletableFuture.java:591)
	at java.util.concurrent.CompletableFuture$Completion.run(CompletableFuture.java:456)
	at java.util.concurrent.ThreadPoolExecutor.runWorker(ThreadPoolExecutor.java:1149)
	at java.util.concurrent.ThreadPoolExecutor$Worker.run(ThreadPoolExecutor.java:624)
	at java.lang.Thread.run(Thread.java:750)
Caused by: org.apache.hadoop.hdds.scm.container.common.helpers.StorageContainerException: 
	at org.apache.hadoop.hdds.scm.storage.ContainerProtocolCalls.validateContainerResponse(ContainerProtocolCalls.java:674)
	at org.apache.hadoop.hdds.scm.storage.ECBlockOutputStream.validateResponse(ECBlockOutputStream.java:301)
	... 7 more
2023-11-13 21:33:30,758 [pool-89-thread-1] WARN  io.KeyOutputStream (ECKeyOutputStream.java:logStreamError(252)) - Failure for replica index: 4, DatanodeDetails: 00000000-0000-0003-0000-000000000003(localhost/1.2.3.4)
java.io.IOException: Unexpected Storage Container Exception: org.apache.hadoop.hdds.scm.container.common.helpers.StorageContainerException: 
	at org.apache.hadoop.hdds.scm.storage.BlockOutputStream.setIoException(BlockOutputStream.java:634)
	at org.apache.hadoop.hdds.scm.storage.ECBlockOutputStream.validateResponse(ECBlockOutputStream.java:303)
	at org.apache.hadoop.hdds.scm.storage.BlockOutputStream.lambda$writeChunkToContainer$2(BlockOutputStream.java:729)
	at java.util.concurrent.CompletableFuture.uniApply(CompletableFuture.java:616)
	at java.util.concurrent.CompletableFuture$UniApply.tryFire(CompletableFuture.java:591)
	at java.util.concurrent.CompletableFuture$Completion.run(CompletableFuture.java:456)
	at java.util.concurrent.ThreadPoolExecutor.runWorker(ThreadPoolExecutor.java:1149)
	at java.util.concurrent.ThreadPoolExecutor$Worker.run(ThreadPoolExecutor.java:624)
	at java.lang.Thread.run(Thread.java:750)
Caused by: org.apache.hadoop.hdds.scm.container.common.helpers.StorageContainerException: 
	at org.apache.hadoop.hdds.scm.storage.ContainerProtocolCalls.validateContainerResponse(ContainerProtocolCalls.java:674)
	at org.apache.hadoop.hdds.scm.storage.ECBlockOutputStream.validateResponse(ECBlockOutputStream.java:301)
	... 7 more
2023-11-13 21:33:30,759 [pool-89-thread-1] WARN  io.KeyOutputStream (ECKeyOutputStream.java:logStreamError(252)) - Failure for replica index: 5, DatanodeDetails: 00000000-0000-0004-0000-000000000004(localhost/1.2.3.4)
java.io.IOException: Unexpected Storage Container Exception: org.apache.hadoop.hdds.scm.container.common.helpers.StorageContainerException: 
	at org.apache.hadoop.hdds.scm.storage.BlockOutputStream.setIoException(BlockOutputStream.java:634)
	at org.apache.hadoop.hdds.scm.storage.ECBlockOutputStream.validateResponse(ECBlockOutputStream.java:303)
	at org.apache.hadoop.hdds.scm.storage.BlockOutputStream.lambda$writeChunkToContainer$2(BlockOutputStream.java:729)
	at java.util.concurrent.CompletableFuture.uniApply(CompletableFuture.java:616)
	at java.util.concurrent.CompletableFuture$UniApply.tryFire(CompletableFuture.java:591)
	at java.util.concurrent.CompletableFuture$Completion.run(CompletableFuture.java:456)
	at java.util.concurrent.ThreadPoolExecutor.runWorker(ThreadPoolExecutor.java:1149)
	at java.util.concurrent.ThreadPoolExecutor$Worker.run(ThreadPoolExecutor.java:624)
	at java.lang.Thread.run(Thread.java:750)
Caused by: org.apache.hadoop.hdds.scm.container.common.helpers.StorageContainerException: 
	at org.apache.hadoop.hdds.scm.storage.ContainerProtocolCalls.validateContainerResponse(ContainerProtocolCalls.java:674)
	at org.apache.hadoop.hdds.scm.storage.ECBlockOutputStream.validateResponse(ECBlockOutputStream.java:301)
	... 7 more
]]></system-out>
  </testcase>
  <testcase name="testSmallerThanChunkSize" classname="org.apache.hadoop.ozone.client.TestOzoneECClient" time="0.017">
    <system-out><![CDATA[2023-11-13 21:33:30,774 [main] INFO  rpc.RpcClient (RpcClient.java:createVolume(463)) - Creating Volume: 3be7b629-3f7a-46fe-9003-7a577ed6ed5d, with runner as owner and space quota set to -1 bytes, counts quota set to -1
2023-11-13 21:33:30,775 [main] INFO  rpc.RpcClient (RpcClient.java:createBucket(690)) - Creating Bucket: 3be7b629-3f7a-46fe-9003-7a577ed6ed5d/98d42ec3-6ffa-4337-a43f-fe4b6d206feb, with server-side default bucket layout, runner as owner, Versioning false, Storage Type set to DISK and Encryption set to false, Replication Type set to EC, Namespace Quota set to -1, Space Quota set to -1 
]]></system-out>
  </testcase>
  <testcase name="testStripeWriteRetriesOn3Failures" classname="org.apache.hadoop.ozone.client.TestOzoneECClient" time="0.141">
    <system-out><![CDATA[2023-11-13 21:33:30,807 [main] INFO  rpc.RpcClient (RpcClient.java:createVolume(463)) - Creating Volume: 5567bfa0-6f8c-4c0a-a6f7-07e789295ab8, with runner as owner and space quota set to -1 bytes, counts quota set to -1
2023-11-13 21:33:30,808 [main] INFO  rpc.RpcClient (RpcClient.java:createBucket(690)) - Creating Bucket: 5567bfa0-6f8c-4c0a-a6f7-07e789295ab8/cd90f2e3-89ea-4d1d-acf3-cbac837e052a, with server-side default bucket layout, runner as owner, Versioning false, Storage Type set to DISK and Encryption set to false, Replication Type set to server-side default replication type, Namespace Quota set to -1, Space Quota set to -1 
2023-11-13 21:33:30,925 [pool-101-thread-1] WARN  io.KeyOutputStream (ECKeyOutputStream.java:logStreamError(250)) - EC stripe write failed: F S S S S
2023-11-13 21:33:30,925 [pool-101-thread-1] WARN  io.KeyOutputStream (ECKeyOutputStream.java:logStreamError(252)) - Failure for replica index: 1, DatanodeDetails: 00000000-0000-0000-0000-000000000000(localhost/1.2.3.4)
java.io.IOException: Unexpected Storage Container Exception: org.apache.hadoop.hdds.scm.container.common.helpers.StorageContainerException: 
	at org.apache.hadoop.hdds.scm.storage.BlockOutputStream.setIoException(BlockOutputStream.java:634)
	at org.apache.hadoop.hdds.scm.storage.ECBlockOutputStream.validateResponse(ECBlockOutputStream.java:303)
	at org.apache.hadoop.hdds.scm.storage.BlockOutputStream.lambda$writeChunkToContainer$2(BlockOutputStream.java:729)
	at java.util.concurrent.CompletableFuture.uniApply(CompletableFuture.java:616)
	at java.util.concurrent.CompletableFuture$UniApply.tryFire(CompletableFuture.java:591)
	at java.util.concurrent.CompletableFuture$Completion.run(CompletableFuture.java:456)
	at java.util.concurrent.ThreadPoolExecutor.runWorker(ThreadPoolExecutor.java:1149)
	at java.util.concurrent.ThreadPoolExecutor$Worker.run(ThreadPoolExecutor.java:624)
	at java.lang.Thread.run(Thread.java:750)
Caused by: org.apache.hadoop.hdds.scm.container.common.helpers.StorageContainerException: 
	at org.apache.hadoop.hdds.scm.storage.ContainerProtocolCalls.validateContainerResponse(ContainerProtocolCalls.java:674)
	at org.apache.hadoop.hdds.scm.storage.ECBlockOutputStream.validateResponse(ECBlockOutputStream.java:301)
	... 7 more
2023-11-13 21:33:30,928 [pool-101-thread-1] WARN  io.KeyOutputStream (ECKeyOutputStream.java:logStreamError(250)) - EC stripe write failed: F S S S S
2023-11-13 21:33:30,928 [pool-101-thread-1] WARN  io.KeyOutputStream (ECKeyOutputStream.java:logStreamError(252)) - Failure for replica index: 1, DatanodeDetails: 00000000-0000-0005-0000-000000000005(localhost/1.2.3.4)
java.io.IOException: Unexpected Storage Container Exception: org.apache.hadoop.hdds.scm.container.common.helpers.StorageContainerException: 
	at org.apache.hadoop.hdds.scm.storage.BlockOutputStream.setIoException(BlockOutputStream.java:634)
	at org.apache.hadoop.hdds.scm.storage.ECBlockOutputStream.validateResponse(ECBlockOutputStream.java:303)
	at org.apache.hadoop.hdds.scm.storage.BlockOutputStream.lambda$writeChunkToContainer$2(BlockOutputStream.java:729)
	at java.util.concurrent.CompletableFuture.uniApply(CompletableFuture.java:616)
	at java.util.concurrent.CompletableFuture$UniApply.tryFire(CompletableFuture.java:591)
	at java.util.concurrent.CompletableFuture$Completion.run(CompletableFuture.java:456)
	at java.util.concurrent.ThreadPoolExecutor.runWorker(ThreadPoolExecutor.java:1149)
	at java.util.concurrent.ThreadPoolExecutor$Worker.run(ThreadPoolExecutor.java:624)
	at java.lang.Thread.run(Thread.java:750)
Caused by: org.apache.hadoop.hdds.scm.container.common.helpers.StorageContainerException: 
	at org.apache.hadoop.hdds.scm.storage.ContainerProtocolCalls.validateContainerResponse(ContainerProtocolCalls.java:674)
	at org.apache.hadoop.hdds.scm.storage.ECBlockOutputStream.validateResponse(ECBlockOutputStream.java:301)
	... 7 more
2023-11-13 21:33:30,931 [pool-101-thread-1] WARN  io.KeyOutputStream (ECKeyOutputStream.java:logStreamError(250)) - EC stripe write failed: F S S S S
2023-11-13 21:33:30,931 [pool-101-thread-1] WARN  io.KeyOutputStream (ECKeyOutputStream.java:logStreamError(252)) - Failure for replica index: 1, DatanodeDetails: 00000000-0000-000a-0000-00000000000a(localhost/1.2.3.4)
java.io.IOException: Unexpected Storage Container Exception: org.apache.hadoop.hdds.scm.container.common.helpers.StorageContainerException: 
	at org.apache.hadoop.hdds.scm.storage.BlockOutputStream.setIoException(BlockOutputStream.java:634)
	at org.apache.hadoop.hdds.scm.storage.ECBlockOutputStream.validateResponse(ECBlockOutputStream.java:303)
	at org.apache.hadoop.hdds.scm.storage.BlockOutputStream.lambda$writeChunkToContainer$2(BlockOutputStream.java:729)
	at java.util.concurrent.CompletableFuture.uniApply(CompletableFuture.java:616)
	at java.util.concurrent.CompletableFuture$UniApply.tryFire(CompletableFuture.java:591)
	at java.util.concurrent.CompletableFuture$Completion.run(CompletableFuture.java:456)
	at java.util.concurrent.ThreadPoolExecutor.runWorker(ThreadPoolExecutor.java:1149)
	at java.util.concurrent.ThreadPoolExecutor$Worker.run(ThreadPoolExecutor.java:624)
	at java.lang.Thread.run(Thread.java:750)
Caused by: org.apache.hadoop.hdds.scm.container.common.helpers.StorageContainerException: 
	at org.apache.hadoop.hdds.scm.storage.ContainerProtocolCalls.validateContainerResponse(ContainerProtocolCalls.java:674)
	at org.apache.hadoop.hdds.scm.storage.ECBlockOutputStream.validateResponse(ECBlockOutputStream.java:301)
	... 7 more
]]></system-out>
  </testcase>
  <testcase name="test10D4PConfigWithPartialStripe" classname="org.apache.hadoop.ozone.client.TestOzoneECClient" time="0.029">
    <system-out><![CDATA[2023-11-13 21:33:30,949 [main] INFO  rpc.RpcClient (RpcClient.java:createVolume(463)) - Creating Volume: 73f6bfc6-818a-4e44-9537-2299cf652e4f, with runner as owner and space quota set to -1 bytes, counts quota set to -1
2023-11-13 21:33:30,950 [main] INFO  rpc.RpcClient (RpcClient.java:createBucket(690)) - Creating Bucket: 73f6bfc6-818a-4e44-9537-2299cf652e4f/c2e2d616-41f8-4260-a48b-ad43aba583ef, with server-side default bucket layout, runner as owner, Versioning false, Storage Type set to DISK and Encryption set to false, Replication Type set to server-side default replication type, Namespace Quota set to -1, Space Quota set to -1 
]]></system-out>
  </testcase>
  <testcase name="test4ChunksInSingleWriteOp" classname="org.apache.hadoop.ozone.client.TestOzoneECClient" time="0.022">
    <system-out><![CDATA[2023-11-13 21:33:30,988 [main] INFO  rpc.RpcClient (RpcClient.java:createVolume(463)) - Creating Volume: 09a378d4-a707-42f2-87f9-40faf4f6a6be, with runner as owner and space quota set to -1 bytes, counts quota set to -1
2023-11-13 21:33:30,989 [main] INFO  rpc.RpcClient (RpcClient.java:createBucket(690)) - Creating Bucket: 09a378d4-a707-42f2-87f9-40faf4f6a6be/999a6960-fa93-4231-9ce7-08a7be5205e7, with server-side default bucket layout, runner as owner, Versioning false, Storage Type set to DISK and Encryption set to false, Replication Type set to EC, Namespace Quota set to -1, Space Quota set to -1 
]]></system-out>
  </testcase>
  <testcase name="testPutBlockHasBlockGroupLen" classname="org.apache.hadoop.ozone.client.TestOzoneECClient" time="0.031">
    <system-out><![CDATA[2023-11-13 21:33:31,017 [main] INFO  rpc.RpcClient (RpcClient.java:createVolume(463)) - Creating Volume: bfe3653f-dac6-4028-b754-0a25859c26c8, with runner as owner and space quota set to -1 bytes, counts quota set to -1
2023-11-13 21:33:31,018 [main] INFO  rpc.RpcClient (RpcClient.java:createBucket(690)) - Creating Bucket: bfe3653f-dac6-4028-b754-0a25859c26c8/f4d68d94-5736-4db8-acc2-85152bee3cf1, with server-side default bucket layout, runner as owner, Versioning false, Storage Type set to DISK and Encryption set to false, Replication Type set to server-side default replication type, Namespace Quota set to -1, Space Quota set to -1 
]]></system-out>
  </testcase>
  <testcase name="test6ChunksInSingleWriteOp" classname="org.apache.hadoop.ozone.client.TestOzoneECClient" time="0.019">
    <system-out><![CDATA[2023-11-13 21:33:31,057 [main] INFO  rpc.RpcClient (RpcClient.java:createVolume(463)) - Creating Volume: 06c5744d-e850-45e5-999e-504215167222, with runner as owner and space quota set to -1 bytes, counts quota set to -1
2023-11-13 21:33:31,058 [main] INFO  rpc.RpcClient (RpcClient.java:createBucket(690)) - Creating Bucket: 06c5744d-e850-45e5-999e-504215167222/69fd7d2f-bfea-4f78-b8a6-a1d728282aff, with server-side default bucket layout, runner as owner, Versioning false, Storage Type set to DISK and Encryption set to false, Replication Type set to EC, Namespace Quota set to -1, Space Quota set to -1 
]]></system-out>
  </testcase>
  <testcase name="testPutECKeyAndReadContent" classname="org.apache.hadoop.ozone.client.TestOzoneECClient" time="0.02">
    <system-out><![CDATA[2023-11-13 21:33:31,083 [main] INFO  rpc.RpcClient (RpcClient.java:createVolume(463)) - Creating Volume: 416dd930-e90b-4244-aae0-c7d36d4a9a0f, with runner as owner and space quota set to -1 bytes, counts quota set to -1
2023-11-13 21:33:31,084 [main] INFO  rpc.RpcClient (RpcClient.java:createBucket(690)) - Creating Bucket: 416dd930-e90b-4244-aae0-c7d36d4a9a0f/02716f45-0ada-4001-9b75-4b8b70d69b11, with server-side default bucket layout, runner as owner, Versioning false, Storage Type set to DISK and Encryption set to false, Replication Type set to server-side default replication type, Namespace Quota set to -1, Space Quota set to -1 
]]></system-out>
  </testcase>
  <testcase name="testExcludeOnDNMixed" classname="org.apache.hadoop.ozone.client.TestOzoneECClient" time="0.229">
    <system-out><![CDATA[2023-11-13 21:33:31,119 [main] INFO  rpc.RpcClient (RpcClient.java:createVolume(463)) - Creating Volume: 94356929-98d5-41c9-9e9f-8d893c51fa13, with runner as owner and space quota set to -1 bytes, counts quota set to -1
2023-11-13 21:33:31,120 [main] INFO  rpc.RpcClient (RpcClient.java:createBucket(690)) - Creating Bucket: 94356929-98d5-41c9-9e9f-8d893c51fa13/4eeadda1-b5fd-40da-b0fd-cef16823139c, with server-side default bucket layout, runner as owner, Versioning false, Storage Type set to DISK and Encryption set to false, Replication Type set to server-side default replication type, Namespace Quota set to -1, Space Quota set to -1 
2023-11-13 21:33:31,238 [pool-161-thread-1] WARN  io.KeyOutputStream (ECKeyOutputStream.java:logStreamError(250)) - EC stripe write failed: F F F F F
2023-11-13 21:33:31,239 [pool-161-thread-1] WARN  io.KeyOutputStream (ECKeyOutputStream.java:logStreamError(252)) - Failure for replica index: 1, DatanodeDetails: 00000000-0000-0000-0000-000000000000(localhost/1.2.3.4)
java.io.IOException: Unexpected Storage Container Exception: org.apache.hadoop.hdds.scm.container.common.helpers.StorageContainerException: 
	at org.apache.hadoop.hdds.scm.storage.BlockOutputStream.setIoException(BlockOutputStream.java:634)
	at org.apache.hadoop.hdds.scm.storage.ECBlockOutputStream.validateResponse(ECBlockOutputStream.java:303)
	at org.apache.hadoop.hdds.scm.storage.BlockOutputStream.lambda$writeChunkToContainer$2(BlockOutputStream.java:729)
	at java.util.concurrent.CompletableFuture.uniApply(CompletableFuture.java:616)
	at java.util.concurrent.CompletableFuture$UniApply.tryFire(CompletableFuture.java:591)
	at java.util.concurrent.CompletableFuture$Completion.run(CompletableFuture.java:456)
	at java.util.concurrent.ThreadPoolExecutor.runWorker(ThreadPoolExecutor.java:1149)
	at java.util.concurrent.ThreadPoolExecutor$Worker.run(ThreadPoolExecutor.java:624)
	at java.lang.Thread.run(Thread.java:750)
Caused by: org.apache.hadoop.hdds.scm.container.common.helpers.StorageContainerException: 
	at org.apache.hadoop.hdds.scm.storage.ContainerProtocolCalls.validateContainerResponse(ContainerProtocolCalls.java:674)
	at org.apache.hadoop.hdds.scm.storage.ECBlockOutputStream.validateResponse(ECBlockOutputStream.java:301)
	... 7 more
2023-11-13 21:33:31,239 [pool-161-thread-1] WARN  io.KeyOutputStream (ECKeyOutputStream.java:logStreamError(252)) - Failure for replica index: 2, DatanodeDetails: 00000000-0000-0001-0000-000000000001(localhost/1.2.3.4)
java.io.IOException: Unexpected Storage Container Exception: org.apache.hadoop.hdds.scm.container.common.helpers.StorageContainerException: 
	at org.apache.hadoop.hdds.scm.storage.BlockOutputStream.setIoException(BlockOutputStream.java:634)
	at org.apache.hadoop.hdds.scm.storage.ECBlockOutputStream.validateResponse(ECBlockOutputStream.java:303)
	at org.apache.hadoop.hdds.scm.storage.BlockOutputStream.lambda$writeChunkToContainer$2(BlockOutputStream.java:729)
	at java.util.concurrent.CompletableFuture.uniApply(CompletableFuture.java:616)
	at java.util.concurrent.CompletableFuture$UniApply.tryFire(CompletableFuture.java:591)
	at java.util.concurrent.CompletableFuture$Completion.run(CompletableFuture.java:456)
	at java.util.concurrent.ThreadPoolExecutor.runWorker(ThreadPoolExecutor.java:1149)
	at java.util.concurrent.ThreadPoolExecutor$Worker.run(ThreadPoolExecutor.java:624)
	at java.lang.Thread.run(Thread.java:750)
Caused by: org.apache.hadoop.hdds.scm.container.common.helpers.StorageContainerException: 
	at org.apache.hadoop.hdds.scm.storage.ContainerProtocolCalls.validateContainerResponse(ContainerProtocolCalls.java:674)
	at org.apache.hadoop.hdds.scm.storage.ECBlockOutputStream.validateResponse(ECBlockOutputStream.java:301)
	... 7 more
2023-11-13 21:33:31,239 [pool-161-thread-1] WARN  io.KeyOutputStream (ECKeyOutputStream.java:logStreamError(252)) - Failure for replica index: 3, DatanodeDetails: 00000000-0000-0002-0000-000000000002(localhost/1.2.3.4)
java.io.IOException: Unexpected Storage Container Exception: org.apache.hadoop.hdds.scm.container.common.helpers.StorageContainerException: 
	at org.apache.hadoop.hdds.scm.storage.BlockOutputStream.setIoException(BlockOutputStream.java:634)
	at org.apache.hadoop.hdds.scm.storage.ECBlockOutputStream.validateResponse(ECBlockOutputStream.java:303)
	at org.apache.hadoop.hdds.scm.storage.BlockOutputStream.lambda$writeChunkToContainer$2(BlockOutputStream.java:729)
	at java.util.concurrent.CompletableFuture.uniApply(CompletableFuture.java:616)
	at java.util.concurrent.CompletableFuture$UniApply.tryFire(CompletableFuture.java:591)
	at java.util.concurrent.CompletableFuture$Completion.run(CompletableFuture.java:456)
	at java.util.concurrent.ThreadPoolExecutor.runWorker(ThreadPoolExecutor.java:1149)
	at java.util.concurrent.ThreadPoolExecutor$Worker.run(ThreadPoolExecutor.java:624)
	at java.lang.Thread.run(Thread.java:750)
Caused by: org.apache.hadoop.hdds.scm.container.common.helpers.StorageContainerException: 
	at org.apache.hadoop.hdds.scm.storage.ContainerProtocolCalls.validateContainerResponse(ContainerProtocolCalls.java:674)
	at org.apache.hadoop.hdds.scm.storage.ECBlockOutputStream.validateResponse(ECBlockOutputStream.java:301)
	... 7 more
2023-11-13 21:33:31,240 [pool-161-thread-1] WARN  io.KeyOutputStream (ECKeyOutputStream.java:logStreamError(252)) - Failure for replica index: 4, DatanodeDetails: 00000000-0000-0003-0000-000000000003(localhost/1.2.3.4)
java.io.IOException: Unexpected Storage Container Exception: org.apache.hadoop.hdds.scm.container.common.helpers.ContainerNotOpenException: 
	at org.apache.hadoop.hdds.scm.storage.BlockOutputStream.setIoException(BlockOutputStream.java:634)
	at org.apache.hadoop.hdds.scm.storage.ECBlockOutputStream.validateResponse(ECBlockOutputStream.java:303)
	at org.apache.hadoop.hdds.scm.storage.BlockOutputStream.lambda$writeChunkToContainer$2(BlockOutputStream.java:729)
	at java.util.concurrent.CompletableFuture.uniApply(CompletableFuture.java:616)
	at java.util.concurrent.CompletableFuture$UniApply.tryFire(CompletableFuture.java:591)
	at java.util.concurrent.CompletableFuture$Completion.run(CompletableFuture.java:456)
	at java.util.concurrent.ThreadPoolExecutor.runWorker(ThreadPoolExecutor.java:1149)
	at java.util.concurrent.ThreadPoolExecutor$Worker.run(ThreadPoolExecutor.java:624)
	at java.lang.Thread.run(Thread.java:750)
Caused by: org.apache.hadoop.hdds.scm.container.common.helpers.ContainerNotOpenException: 
	at org.apache.hadoop.hdds.scm.storage.ContainerProtocolCalls.validateContainerResponse(ContainerProtocolCalls.java:671)
	at org.apache.hadoop.hdds.scm.storage.ECBlockOutputStream.validateResponse(ECBlockOutputStream.java:301)
	... 7 more
2023-11-13 21:33:31,240 [pool-161-thread-1] WARN  io.KeyOutputStream (ECKeyOutputStream.java:logStreamError(252)) - Failure for replica index: 5, DatanodeDetails: 00000000-0000-0004-0000-000000000004(localhost/1.2.3.4)
java.io.IOException: Unexpected Storage Container Exception: org.apache.hadoop.hdds.scm.container.common.helpers.ContainerNotOpenException: 
	at org.apache.hadoop.hdds.scm.storage.BlockOutputStream.setIoException(BlockOutputStream.java:634)
	at org.apache.hadoop.hdds.scm.storage.ECBlockOutputStream.validateResponse(ECBlockOutputStream.java:303)
	at org.apache.hadoop.hdds.scm.storage.BlockOutputStream.lambda$writeChunkToContainer$2(BlockOutputStream.java:729)
	at java.util.concurrent.CompletableFuture.uniApply(CompletableFuture.java:616)
	at java.util.concurrent.CompletableFuture$UniApply.tryFire(CompletableFuture.java:591)
	at java.util.concurrent.CompletableFuture$Completion.run(CompletableFuture.java:456)
	at java.util.concurrent.ThreadPoolExecutor.runWorker(ThreadPoolExecutor.java:1149)
	at java.util.concurrent.ThreadPoolExecutor$Worker.run(ThreadPoolExecutor.java:624)
	at java.lang.Thread.run(Thread.java:750)
Caused by: org.apache.hadoop.hdds.scm.container.common.helpers.ContainerNotOpenException: 
	at org.apache.hadoop.hdds.scm.storage.ContainerProtocolCalls.validateContainerResponse(ContainerProtocolCalls.java:671)
	at org.apache.hadoop.hdds.scm.storage.ECBlockOutputStream.validateResponse(ECBlockOutputStream.java:301)
	... 7 more
]]></system-out>
  </testcase>
  <testcase name="testPutECKeyAndCheckDNStoredData" classname="org.apache.hadoop.ozone.client.TestOzoneECClient" time="0.022">
    <system-out><![CDATA[2023-11-13 21:33:31,350 [main] INFO  rpc.RpcClient (RpcClient.java:createVolume(463)) - Creating Volume: 7459f68e-67c3-42c6-9952-c862606d9a7f, with runner as owner and space quota set to -1 bytes, counts quota set to -1
2023-11-13 21:33:31,351 [main] INFO  rpc.RpcClient (RpcClient.java:createBucket(690)) - Creating Bucket: 7459f68e-67c3-42c6-9952-c862606d9a7f/92115f1f-49a2-409c-a9a3-7f8e73686553, with server-side default bucket layout, runner as owner, Versioning false, Storage Type set to DISK and Encryption set to false, Replication Type set to server-side default replication type, Namespace Quota set to -1, Space Quota set to -1 
]]></system-out>
  </testcase>
  <testcase name="testPutECKeyAndCheckParityData" classname="org.apache.hadoop.ozone.client.TestOzoneECClient" time="0.032">
    <system-out><![CDATA[2023-11-13 21:33:31,383 [main] INFO  rpc.RpcClient (RpcClient.java:createVolume(463)) - Creating Volume: 838e3872-b81b-4bf2-8a0a-5f22a7f8d623, with runner as owner and space quota set to -1 bytes, counts quota set to -1
2023-11-13 21:33:31,384 [main] INFO  rpc.RpcClient (RpcClient.java:createBucket(690)) - Creating Bucket: 838e3872-b81b-4bf2-8a0a-5f22a7f8d623/2c02ea1c-0ec5-4998-94fc-61bd27fa77fd, with server-side default bucket layout, runner as owner, Versioning false, Storage Type set to DISK and Encryption set to false, Replication Type set to server-side default replication type, Namespace Quota set to -1, Space Quota set to -1 
]]></system-out>
  </testcase>
  <testcase name="testPartialStripeWithSingleChunkAndPadding" classname="org.apache.hadoop.ozone.client.TestOzoneECClient" time="0.027">
    <system-out><![CDATA[2023-11-13 21:33:31,425 [main] INFO  rpc.RpcClient (RpcClient.java:createVolume(463)) - Creating Volume: 268d4dd1-f43d-4ab9-ae7a-4add7f23d28c, with runner as owner and space quota set to -1 bytes, counts quota set to -1
2023-11-13 21:33:31,426 [main] INFO  rpc.RpcClient (RpcClient.java:createBucket(690)) - Creating Bucket: 268d4dd1-f43d-4ab9-ae7a-4add7f23d28c/d3c56783-88e9-4ab0-840e-cb22b806710a, with server-side default bucket layout, runner as owner, Versioning false, Storage Type set to DISK and Encryption set to false, Replication Type set to server-side default replication type, Namespace Quota set to -1, Space Quota set to -1 
]]></system-out>
  </testcase>
  <testcase name="testLargeWriteOfMultipleStripesWithStripeFailure" classname="org.apache.hadoop.ozone.client.TestOzoneECClient" time="0.138">
    <system-out><![CDATA[2023-11-13 21:33:31,473 [main] INFO  rpc.RpcClient (RpcClient.java:createVolume(463)) - Creating Volume: ba943ab5-82fa-487c-923a-a006879b1195, with runner as owner and space quota set to -1 bytes, counts quota set to -1
2023-11-13 21:33:31,474 [main] INFO  rpc.RpcClient (RpcClient.java:createBucket(690)) - Creating Bucket: ba943ab5-82fa-487c-923a-a006879b1195/a62a801a-8a0e-4620-a627-7388bdede2ac, with server-side default bucket layout, runner as owner, Versioning false, Storage Type set to DISK and Encryption set to false, Replication Type set to server-side default replication type, Namespace Quota set to -1, Space Quota set to -1 
2023-11-13 21:33:31,591 [pool-190-thread-1] WARN  io.KeyOutputStream (ECKeyOutputStream.java:logStreamError(250)) - EC stripe write failed: S S S F F
2023-11-13 21:33:31,591 [pool-190-thread-1] WARN  io.KeyOutputStream (ECKeyOutputStream.java:logStreamError(252)) - Failure for replica index: 4, DatanodeDetails: 00000000-0000-0003-0000-000000000003(localhost/1.2.3.4)
java.io.IOException: Unexpected Storage Container Exception: org.apache.hadoop.hdds.scm.container.common.helpers.StorageContainerException: 
	at org.apache.hadoop.hdds.scm.storage.BlockOutputStream.setIoException(BlockOutputStream.java:634)
	at org.apache.hadoop.hdds.scm.storage.ECBlockOutputStream.validateResponse(ECBlockOutputStream.java:303)
	at org.apache.hadoop.hdds.scm.storage.BlockOutputStream.lambda$writeChunkToContainer$2(BlockOutputStream.java:729)
	at java.util.concurrent.CompletableFuture.uniApply(CompletableFuture.java:616)
	at java.util.concurrent.CompletableFuture$UniApply.tryFire(CompletableFuture.java:591)
	at java.util.concurrent.CompletableFuture$Completion.run(CompletableFuture.java:456)
	at java.util.concurrent.ThreadPoolExecutor.runWorker(ThreadPoolExecutor.java:1149)
	at java.util.concurrent.ThreadPoolExecutor$Worker.run(ThreadPoolExecutor.java:624)
	at java.lang.Thread.run(Thread.java:750)
Caused by: org.apache.hadoop.hdds.scm.container.common.helpers.StorageContainerException: 
	at org.apache.hadoop.hdds.scm.storage.ContainerProtocolCalls.validateContainerResponse(ContainerProtocolCalls.java:674)
	at org.apache.hadoop.hdds.scm.storage.ECBlockOutputStream.validateResponse(ECBlockOutputStream.java:301)
	... 7 more
2023-11-13 21:33:31,591 [pool-190-thread-1] WARN  io.KeyOutputStream (ECKeyOutputStream.java:logStreamError(252)) - Failure for replica index: 5, DatanodeDetails: 00000000-0000-0004-0000-000000000004(localhost/1.2.3.4)
java.io.IOException: Unexpected Storage Container Exception: org.apache.hadoop.hdds.scm.container.common.helpers.StorageContainerException: 
	at org.apache.hadoop.hdds.scm.storage.BlockOutputStream.setIoException(BlockOutputStream.java:634)
	at org.apache.hadoop.hdds.scm.storage.ECBlockOutputStream.validateResponse(ECBlockOutputStream.java:303)
	at org.apache.hadoop.hdds.scm.storage.BlockOutputStream.lambda$writeChunkToContainer$2(BlockOutputStream.java:729)
	at java.util.concurrent.CompletableFuture.uniApply(CompletableFuture.java:616)
	at java.util.concurrent.CompletableFuture$UniApply.tryFire(CompletableFuture.java:591)
	at java.util.concurrent.CompletableFuture$Completion.run(CompletableFuture.java:456)
	at java.util.concurrent.ThreadPoolExecutor.runWorker(ThreadPoolExecutor.java:1149)
	at java.util.concurrent.ThreadPoolExecutor$Worker.run(ThreadPoolExecutor.java:624)
	at java.lang.Thread.run(Thread.java:750)
Caused by: org.apache.hadoop.hdds.scm.container.common.helpers.StorageContainerException: 
	at org.apache.hadoop.hdds.scm.storage.ContainerProtocolCalls.validateContainerResponse(ContainerProtocolCalls.java:674)
	at org.apache.hadoop.hdds.scm.storage.ECBlockOutputStream.validateResponse(ECBlockOutputStream.java:301)
	... 7 more
]]></system-out>
  </testcase>
  <testcase name="testPartialStripeLessThanSingleChunkWithPadding" classname="org.apache.hadoop.ozone.client.TestOzoneECClient" time="0.021">
    <system-out><![CDATA[2023-11-13 21:33:31,610 [main] INFO  rpc.RpcClient (RpcClient.java:createVolume(463)) - Creating Volume: 980b55bb-1f24-44fd-ab89-fd6d7c188ed5, with runner as owner and space quota set to -1 bytes, counts quota set to -1
2023-11-13 21:33:31,610 [main] INFO  rpc.RpcClient (RpcClient.java:createBucket(690)) - Creating Bucket: 980b55bb-1f24-44fd-ab89-fd6d7c188ed5/6f01e1a5-eb08-4366-b0e5-ed02cc534b97, with server-side default bucket layout, runner as owner, Versioning false, Storage Type set to DISK and Encryption set to false, Replication Type set to server-side default replication type, Namespace Quota set to -1, Space Quota set to -1 
]]></system-out>
  </testcase>
  <testcase name="testExcludeOnDNClosed" classname="org.apache.hadoop.ozone.client.TestOzoneECClient" time="0.225">
    <system-out><![CDATA[2023-11-13 21:33:31,645 [main] INFO  rpc.RpcClient (RpcClient.java:createVolume(463)) - Creating Volume: eb84605f-c37d-4f72-9f4a-d2a9e76c8846, with runner as owner and space quota set to -1 bytes, counts quota set to -1
2023-11-13 21:33:31,646 [main] INFO  rpc.RpcClient (RpcClient.java:createBucket(690)) - Creating Bucket: eb84605f-c37d-4f72-9f4a-d2a9e76c8846/b32a635d-2830-46af-a19f-1440a952820f, with server-side default bucket layout, runner as owner, Versioning false, Storage Type set to DISK and Encryption set to false, Replication Type set to server-side default replication type, Namespace Quota set to -1, Space Quota set to -1 
2023-11-13 21:33:31,761 [pool-207-thread-1] WARN  io.KeyOutputStream (ECKeyOutputStream.java:logStreamError(250)) - EC stripe write failed: F F F F F
2023-11-13 21:33:31,762 [pool-207-thread-1] WARN  io.KeyOutputStream (ECKeyOutputStream.java:logStreamError(252)) - Failure for replica index: 1, DatanodeDetails: 00000000-0000-0000-0000-000000000000(localhost/1.2.3.4)
java.io.IOException: Unexpected Storage Container Exception: org.apache.hadoop.hdds.scm.container.common.helpers.ContainerNotOpenException: 
	at org.apache.hadoop.hdds.scm.storage.BlockOutputStream.setIoException(BlockOutputStream.java:634)
	at org.apache.hadoop.hdds.scm.storage.ECBlockOutputStream.validateResponse(ECBlockOutputStream.java:303)
	at org.apache.hadoop.hdds.scm.storage.BlockOutputStream.lambda$writeChunkToContainer$2(BlockOutputStream.java:729)
	at java.util.concurrent.CompletableFuture.uniApply(CompletableFuture.java:616)
	at java.util.concurrent.CompletableFuture$UniApply.tryFire(CompletableFuture.java:591)
	at java.util.concurrent.CompletableFuture$Completion.run(CompletableFuture.java:456)
	at java.util.concurrent.ThreadPoolExecutor.runWorker(ThreadPoolExecutor.java:1149)
	at java.util.concurrent.ThreadPoolExecutor$Worker.run(ThreadPoolExecutor.java:624)
	at java.lang.Thread.run(Thread.java:750)
Caused by: org.apache.hadoop.hdds.scm.container.common.helpers.ContainerNotOpenException: 
	at org.apache.hadoop.hdds.scm.storage.ContainerProtocolCalls.validateContainerResponse(ContainerProtocolCalls.java:671)
	at org.apache.hadoop.hdds.scm.storage.ECBlockOutputStream.validateResponse(ECBlockOutputStream.java:301)
	... 7 more
2023-11-13 21:33:31,762 [pool-207-thread-1] WARN  io.KeyOutputStream (ECKeyOutputStream.java:logStreamError(252)) - Failure for replica index: 2, DatanodeDetails: 00000000-0000-0001-0000-000000000001(localhost/1.2.3.4)
java.io.IOException: Unexpected Storage Container Exception: org.apache.hadoop.hdds.scm.container.common.helpers.ContainerNotOpenException: 
	at org.apache.hadoop.hdds.scm.storage.BlockOutputStream.setIoException(BlockOutputStream.java:634)
	at org.apache.hadoop.hdds.scm.storage.ECBlockOutputStream.validateResponse(ECBlockOutputStream.java:303)
	at org.apache.hadoop.hdds.scm.storage.BlockOutputStream.lambda$writeChunkToContainer$2(BlockOutputStream.java:729)
	at java.util.concurrent.CompletableFuture.uniApply(CompletableFuture.java:616)
	at java.util.concurrent.CompletableFuture$UniApply.tryFire(CompletableFuture.java:591)
	at java.util.concurrent.CompletableFuture$Completion.run(CompletableFuture.java:456)
	at java.util.concurrent.ThreadPoolExecutor.runWorker(ThreadPoolExecutor.java:1149)
	at java.util.concurrent.ThreadPoolExecutor$Worker.run(ThreadPoolExecutor.java:624)
	at java.lang.Thread.run(Thread.java:750)
Caused by: org.apache.hadoop.hdds.scm.container.common.helpers.ContainerNotOpenException: 
	at org.apache.hadoop.hdds.scm.storage.ContainerProtocolCalls.validateContainerResponse(ContainerProtocolCalls.java:671)
	at org.apache.hadoop.hdds.scm.storage.ECBlockOutputStream.validateResponse(ECBlockOutputStream.java:301)
	... 7 more
2023-11-13 21:33:31,763 [pool-207-thread-1] WARN  io.KeyOutputStream (ECKeyOutputStream.java:logStreamError(252)) - Failure for replica index: 3, DatanodeDetails: 00000000-0000-0002-0000-000000000002(localhost/1.2.3.4)
java.io.IOException: Unexpected Storage Container Exception: org.apache.hadoop.hdds.scm.container.common.helpers.ContainerNotOpenException: 
	at org.apache.hadoop.hdds.scm.storage.BlockOutputStream.setIoException(BlockOutputStream.java:634)
	at org.apache.hadoop.hdds.scm.storage.ECBlockOutputStream.validateResponse(ECBlockOutputStream.java:303)
	at org.apache.hadoop.hdds.scm.storage.BlockOutputStream.lambda$writeChunkToContainer$2(BlockOutputStream.java:729)
	at java.util.concurrent.CompletableFuture.uniApply(CompletableFuture.java:616)
	at java.util.concurrent.CompletableFuture$UniApply.tryFire(CompletableFuture.java:591)
	at java.util.concurrent.CompletableFuture$Completion.run(CompletableFuture.java:456)
	at java.util.concurrent.ThreadPoolExecutor.runWorker(ThreadPoolExecutor.java:1149)
	at java.util.concurrent.ThreadPoolExecutor$Worker.run(ThreadPoolExecutor.java:624)
	at java.lang.Thread.run(Thread.java:750)
Caused by: org.apache.hadoop.hdds.scm.container.common.helpers.ContainerNotOpenException: 
	at org.apache.hadoop.hdds.scm.storage.ContainerProtocolCalls.validateContainerResponse(ContainerProtocolCalls.java:671)
	at org.apache.hadoop.hdds.scm.storage.ECBlockOutputStream.validateResponse(ECBlockOutputStream.java:301)
	... 7 more
2023-11-13 21:33:31,765 [pool-207-thread-1] WARN  io.KeyOutputStream (ECKeyOutputStream.java:logStreamError(252)) - Failure for replica index: 4, DatanodeDetails: 00000000-0000-0003-0000-000000000003(localhost/1.2.3.4)
java.io.IOException: Unexpected Storage Container Exception: org.apache.hadoop.hdds.scm.container.common.helpers.ContainerNotOpenException: 
	at org.apache.hadoop.hdds.scm.storage.BlockOutputStream.setIoException(BlockOutputStream.java:634)
	at org.apache.hadoop.hdds.scm.storage.ECBlockOutputStream.validateResponse(ECBlockOutputStream.java:303)
	at org.apache.hadoop.hdds.scm.storage.BlockOutputStream.lambda$writeChunkToContainer$2(BlockOutputStream.java:729)
	at java.util.concurrent.CompletableFuture.uniApply(CompletableFuture.java:616)
	at java.util.concurrent.CompletableFuture$UniApply.tryFire(CompletableFuture.java:591)
	at java.util.concurrent.CompletableFuture$Completion.run(CompletableFuture.java:456)
	at java.util.concurrent.ThreadPoolExecutor.runWorker(ThreadPoolExecutor.java:1149)
	at java.util.concurrent.ThreadPoolExecutor$Worker.run(ThreadPoolExecutor.java:624)
	at java.lang.Thread.run(Thread.java:750)
Caused by: org.apache.hadoop.hdds.scm.container.common.helpers.ContainerNotOpenException: 
	at org.apache.hadoop.hdds.scm.storage.ContainerProtocolCalls.validateContainerResponse(ContainerProtocolCalls.java:671)
	at org.apache.hadoop.hdds.scm.storage.ECBlockOutputStream.validateResponse(ECBlockOutputStream.java:301)
	... 7 more
2023-11-13 21:33:31,766 [pool-207-thread-1] WARN  io.KeyOutputStream (ECKeyOutputStream.java:logStreamError(252)) - Failure for replica index: 5, DatanodeDetails: 00000000-0000-0004-0000-000000000004(localhost/1.2.3.4)
java.io.IOException: Unexpected Storage Container Exception: org.apache.hadoop.hdds.scm.container.common.helpers.ContainerNotOpenException: 
	at org.apache.hadoop.hdds.scm.storage.BlockOutputStream.setIoException(BlockOutputStream.java:634)
	at org.apache.hadoop.hdds.scm.storage.ECBlockOutputStream.validateResponse(ECBlockOutputStream.java:303)
	at org.apache.hadoop.hdds.scm.storage.BlockOutputStream.lambda$writeChunkToContainer$2(BlockOutputStream.java:729)
	at java.util.concurrent.CompletableFuture.uniApply(CompletableFuture.java:616)
	at java.util.concurrent.CompletableFuture$UniApply.tryFire(CompletableFuture.java:591)
	at java.util.concurrent.CompletableFuture$Completion.run(CompletableFuture.java:456)
	at java.util.concurrent.ThreadPoolExecutor.runWorker(ThreadPoolExecutor.java:1149)
	at java.util.concurrent.ThreadPoolExecutor$Worker.run(ThreadPoolExecutor.java:624)
	at java.lang.Thread.run(Thread.java:750)
Caused by: org.apache.hadoop.hdds.scm.container.common.helpers.ContainerNotOpenException: 
	at org.apache.hadoop.hdds.scm.storage.ContainerProtocolCalls.validateContainerResponse(ContainerProtocolCalls.java:671)
	at org.apache.hadoop.hdds.scm.storage.ECBlockOutputStream.validateResponse(ECBlockOutputStream.java:301)
	... 7 more
]]></system-out>
  </testcase>
  <testcase name="testDiscardPreAllocatedBlocksPreventRetryExceeds" classname="org.apache.hadoop.ozone.client.TestOzoneECClient" time="0.137">
    <system-out><![CDATA[2023-11-13 21:33:31,878 [main] INFO  rpc.RpcClient (RpcClient.java:createVolume(463)) - Creating Volume: 38e527d9-762a-4d57-9a6b-7694d728cd88, with runner as owner and space quota set to -1 bytes, counts quota set to -1
2023-11-13 21:33:31,879 [main] INFO  rpc.RpcClient (RpcClient.java:createBucket(690)) - Creating Bucket: 38e527d9-762a-4d57-9a6b-7694d728cd88/50a98519-d755-4c9c-b4d2-6c120257cdd0, with server-side default bucket layout, runner as owner, Versioning false, Storage Type set to DISK and Encryption set to false, Replication Type set to server-side default replication type, Namespace Quota set to -1, Space Quota set to -1 
2023-11-13 21:33:31,995 [pool-218-thread-1] WARN  io.KeyOutputStream (ECKeyOutputStream.java:logStreamError(250)) - EC stripe write failed: F F S S S
2023-11-13 21:33:31,995 [pool-218-thread-1] WARN  io.KeyOutputStream (ECKeyOutputStream.java:logStreamError(252)) - Failure for replica index: 1, DatanodeDetails: 00000000-0000-0000-0000-000000000000(localhost/1.2.3.4)
java.io.IOException: Unexpected Storage Container Exception: org.apache.hadoop.hdds.scm.container.common.helpers.StorageContainerException: 
	at org.apache.hadoop.hdds.scm.storage.BlockOutputStream.setIoException(BlockOutputStream.java:634)
	at org.apache.hadoop.hdds.scm.storage.ECBlockOutputStream.validateResponse(ECBlockOutputStream.java:303)
	at org.apache.hadoop.hdds.scm.storage.BlockOutputStream.lambda$writeChunkToContainer$2(BlockOutputStream.java:729)
	at java.util.concurrent.CompletableFuture.uniApply(CompletableFuture.java:616)
	at java.util.concurrent.CompletableFuture$UniApply.tryFire(CompletableFuture.java:591)
	at java.util.concurrent.CompletableFuture$Completion.run(CompletableFuture.java:456)
	at java.util.concurrent.ThreadPoolExecutor.runWorker(ThreadPoolExecutor.java:1149)
	at java.util.concurrent.ThreadPoolExecutor$Worker.run(ThreadPoolExecutor.java:624)
	at java.lang.Thread.run(Thread.java:750)
Caused by: org.apache.hadoop.hdds.scm.container.common.helpers.StorageContainerException: 
	at org.apache.hadoop.hdds.scm.storage.ContainerProtocolCalls.validateContainerResponse(ContainerProtocolCalls.java:674)
	at org.apache.hadoop.hdds.scm.storage.ECBlockOutputStream.validateResponse(ECBlockOutputStream.java:301)
	... 7 more
2023-11-13 21:33:31,996 [pool-218-thread-1] WARN  io.KeyOutputStream (ECKeyOutputStream.java:logStreamError(252)) - Failure for replica index: 2, DatanodeDetails: 00000000-0000-0001-0000-000000000001(localhost/1.2.3.4)
java.io.IOException: Unexpected Storage Container Exception: org.apache.hadoop.hdds.scm.container.common.helpers.StorageContainerException: 
	at org.apache.hadoop.hdds.scm.storage.BlockOutputStream.setIoException(BlockOutputStream.java:634)
	at org.apache.hadoop.hdds.scm.storage.ECBlockOutputStream.validateResponse(ECBlockOutputStream.java:303)
	at org.apache.hadoop.hdds.scm.storage.BlockOutputStream.lambda$writeChunkToContainer$2(BlockOutputStream.java:729)
	at java.util.concurrent.CompletableFuture.uniApply(CompletableFuture.java:616)
	at java.util.concurrent.CompletableFuture$UniApply.tryFire(CompletableFuture.java:591)
	at java.util.concurrent.CompletableFuture$Completion.run(CompletableFuture.java:456)
	at java.util.concurrent.ThreadPoolExecutor.runWorker(ThreadPoolExecutor.java:1149)
	at java.util.concurrent.ThreadPoolExecutor$Worker.run(ThreadPoolExecutor.java:624)
	at java.lang.Thread.run(Thread.java:750)
Caused by: org.apache.hadoop.hdds.scm.container.common.helpers.StorageContainerException: 
	at org.apache.hadoop.hdds.scm.storage.ContainerProtocolCalls.validateContainerResponse(ContainerProtocolCalls.java:674)
	at org.apache.hadoop.hdds.scm.storage.ECBlockOutputStream.validateResponse(ECBlockOutputStream.java:301)
	... 7 more
]]></system-out>
  </testcase>
  <testcase name="testStripeWriteRetriesOn2Failures" classname="org.apache.hadoop.ozone.client.TestOzoneECClient" time="0.143">
    <system-out><![CDATA[2023-11-13 21:33:32,023 [main] INFO  rpc.RpcClient (RpcClient.java:createVolume(463)) - Creating Volume: 8218b0fb-aed4-41d3-96c8-9723d114b6be, with runner as owner and space quota set to -1 bytes, counts quota set to -1
2023-11-13 21:33:32,024 [main] INFO  rpc.RpcClient (RpcClient.java:createBucket(690)) - Creating Bucket: 8218b0fb-aed4-41d3-96c8-9723d114b6be/ba3174c3-1d5b-4499-867a-5e80a963e7c9, with server-side default bucket layout, runner as owner, Versioning false, Storage Type set to DISK and Encryption set to false, Replication Type set to server-side default replication type, Namespace Quota set to -1, Space Quota set to -1 
2023-11-13 21:33:32,142 [pool-229-thread-1] WARN  io.KeyOutputStream (ECKeyOutputStream.java:logStreamError(250)) - EC stripe write failed: F S S S S
2023-11-13 21:33:32,142 [pool-229-thread-1] WARN  io.KeyOutputStream (ECKeyOutputStream.java:logStreamError(252)) - Failure for replica index: 1, DatanodeDetails: 00000000-0000-0000-0000-000000000000(localhost/1.2.3.4)
java.io.IOException: Unexpected Storage Container Exception: org.apache.hadoop.hdds.scm.container.common.helpers.StorageContainerException: 
	at org.apache.hadoop.hdds.scm.storage.BlockOutputStream.setIoException(BlockOutputStream.java:634)
	at org.apache.hadoop.hdds.scm.storage.ECBlockOutputStream.validateResponse(ECBlockOutputStream.java:303)
	at org.apache.hadoop.hdds.scm.storage.BlockOutputStream.lambda$writeChunkToContainer$2(BlockOutputStream.java:729)
	at java.util.concurrent.CompletableFuture.uniApply(CompletableFuture.java:616)
	at java.util.concurrent.CompletableFuture$UniApply.tryFire(CompletableFuture.java:591)
	at java.util.concurrent.CompletableFuture$Completion.run(CompletableFuture.java:456)
	at java.util.concurrent.ThreadPoolExecutor.runWorker(ThreadPoolExecutor.java:1149)
	at java.util.concurrent.ThreadPoolExecutor$Worker.run(ThreadPoolExecutor.java:624)
	at java.lang.Thread.run(Thread.java:750)
Caused by: org.apache.hadoop.hdds.scm.container.common.helpers.StorageContainerException: 
	at org.apache.hadoop.hdds.scm.storage.ContainerProtocolCalls.validateContainerResponse(ContainerProtocolCalls.java:674)
	at org.apache.hadoop.hdds.scm.storage.ECBlockOutputStream.validateResponse(ECBlockOutputStream.java:301)
	... 7 more
2023-11-13 21:33:32,147 [pool-229-thread-1] WARN  io.KeyOutputStream (ECKeyOutputStream.java:logStreamError(250)) - EC stripe write failed: F S S S S
2023-11-13 21:33:32,147 [pool-229-thread-1] WARN  io.KeyOutputStream (ECKeyOutputStream.java:logStreamError(252)) - Failure for replica index: 1, DatanodeDetails: 00000000-0000-0005-0000-000000000005(localhost/1.2.3.4)
java.io.IOException: Unexpected Storage Container Exception: org.apache.hadoop.hdds.scm.container.common.helpers.StorageContainerException: 
	at org.apache.hadoop.hdds.scm.storage.BlockOutputStream.setIoException(BlockOutputStream.java:634)
	at org.apache.hadoop.hdds.scm.storage.ECBlockOutputStream.validateResponse(ECBlockOutputStream.java:303)
	at org.apache.hadoop.hdds.scm.storage.BlockOutputStream.lambda$writeChunkToContainer$2(BlockOutputStream.java:729)
	at java.util.concurrent.CompletableFuture.uniApply(CompletableFuture.java:616)
	at java.util.concurrent.CompletableFuture$UniApply.tryFire(CompletableFuture.java:591)
	at java.util.concurrent.CompletableFuture$Completion.run(CompletableFuture.java:456)
	at java.util.concurrent.ThreadPoolExecutor.runWorker(ThreadPoolExecutor.java:1149)
	at java.util.concurrent.ThreadPoolExecutor$Worker.run(ThreadPoolExecutor.java:624)
	at java.lang.Thread.run(Thread.java:750)
Caused by: org.apache.hadoop.hdds.scm.container.common.helpers.StorageContainerException: 
	at org.apache.hadoop.hdds.scm.storage.ContainerProtocolCalls.validateContainerResponse(ContainerProtocolCalls.java:674)
	at org.apache.hadoop.hdds.scm.storage.ECBlockOutputStream.validateResponse(ECBlockOutputStream.java:301)
	... 7 more
]]></system-out>
  </testcase>
  <testcase name="testPartialStripeWithPartialLastChunk" classname="org.apache.hadoop.ozone.client.TestOzoneECClient" time="0.023">
    <system-out><![CDATA[2023-11-13 21:33:32,167 [main] INFO  rpc.RpcClient (RpcClient.java:createVolume(463)) - Creating Volume: 6ce61e52-27dd-4dac-bd07-720e491e0e45, with runner as owner and space quota set to -1 bytes, counts quota set to -1
2023-11-13 21:33:32,168 [main] INFO  rpc.RpcClient (RpcClient.java:createBucket(690)) - Creating Bucket: 6ce61e52-27dd-4dac-bd07-720e491e0e45/613bca7c-4854-4cf8-8ce5-6c77cefe32c6, with server-side default bucket layout, runner as owner, Versioning false, Storage Type set to DISK and Encryption set to false, Replication Type set to server-side default replication type, Namespace Quota set to -1, Space Quota set to -1 
]]></system-out>
  </testcase>
  <testcase name="testWriteShouldSuccessWithAdditional1BlockGroupAfterFailure" classname="org.apache.hadoop.ozone.client.TestOzoneECClient" time="0.135">
    <system-out><![CDATA[2023-11-13 21:33:32,197 [main] INFO  rpc.RpcClient (RpcClient.java:createVolume(463)) - Creating Volume: f20a8c0e-c6c6-49a6-9e3a-fbf8868f5e1f, with runner as owner and space quota set to -1 bytes, counts quota set to -1
2023-11-13 21:33:32,197 [main] INFO  rpc.RpcClient (RpcClient.java:createBucket(690)) - Creating Bucket: f20a8c0e-c6c6-49a6-9e3a-fbf8868f5e1f/ff30cb2d-f663-43a4-ad5d-8156672ad829, with server-side default bucket layout, runner as owner, Versioning false, Storage Type set to DISK and Encryption set to false, Replication Type set to server-side default replication type, Namespace Quota set to -1, Space Quota set to -1 
2023-11-13 21:33:32,314 [pool-251-thread-1] WARN  io.KeyOutputStream (ECKeyOutputStream.java:logStreamError(250)) - EC stripe write failed: F F F F S
2023-11-13 21:33:32,314 [pool-251-thread-1] WARN  io.KeyOutputStream (ECKeyOutputStream.java:logStreamError(252)) - Failure for replica index: 1, DatanodeDetails: 00000000-0000-0000-0000-000000000000(localhost/1.2.3.4)
java.io.IOException: Unexpected Storage Container Exception: org.apache.hadoop.hdds.scm.container.common.helpers.StorageContainerException: 
	at org.apache.hadoop.hdds.scm.storage.BlockOutputStream.setIoException(BlockOutputStream.java:634)
	at org.apache.hadoop.hdds.scm.storage.ECBlockOutputStream.validateResponse(ECBlockOutputStream.java:303)
	at org.apache.hadoop.hdds.scm.storage.BlockOutputStream.lambda$writeChunkToContainer$2(BlockOutputStream.java:729)
	at java.util.concurrent.CompletableFuture.uniApply(CompletableFuture.java:616)
	at java.util.concurrent.CompletableFuture$UniApply.tryFire(CompletableFuture.java:591)
	at java.util.concurrent.CompletableFuture$Completion.run(CompletableFuture.java:456)
	at java.util.concurrent.ThreadPoolExecutor.runWorker(ThreadPoolExecutor.java:1149)
	at java.util.concurrent.ThreadPoolExecutor$Worker.run(ThreadPoolExecutor.java:624)
	at java.lang.Thread.run(Thread.java:750)
Caused by: org.apache.hadoop.hdds.scm.container.common.helpers.StorageContainerException: 
	at org.apache.hadoop.hdds.scm.storage.ContainerProtocolCalls.validateContainerResponse(ContainerProtocolCalls.java:674)
	at org.apache.hadoop.hdds.scm.storage.ECBlockOutputStream.validateResponse(ECBlockOutputStream.java:301)
	... 7 more
2023-11-13 21:33:32,314 [pool-251-thread-1] WARN  io.KeyOutputStream (ECKeyOutputStream.java:logStreamError(252)) - Failure for replica index: 2, DatanodeDetails: 00000000-0000-0001-0000-000000000001(localhost/1.2.3.4)
java.io.IOException: Unexpected Storage Container Exception: org.apache.hadoop.hdds.scm.container.common.helpers.StorageContainerException: 
	at org.apache.hadoop.hdds.scm.storage.BlockOutputStream.setIoException(BlockOutputStream.java:634)
	at org.apache.hadoop.hdds.scm.storage.ECBlockOutputStream.validateResponse(ECBlockOutputStream.java:303)
	at org.apache.hadoop.hdds.scm.storage.BlockOutputStream.lambda$writeChunkToContainer$2(BlockOutputStream.java:729)
	at java.util.concurrent.CompletableFuture.uniApply(CompletableFuture.java:616)
	at java.util.concurrent.CompletableFuture$UniApply.tryFire(CompletableFuture.java:591)
	at java.util.concurrent.CompletableFuture$Completion.run(CompletableFuture.java:456)
	at java.util.concurrent.ThreadPoolExecutor.runWorker(ThreadPoolExecutor.java:1149)
	at java.util.concurrent.ThreadPoolExecutor$Worker.run(ThreadPoolExecutor.java:624)
	at java.lang.Thread.run(Thread.java:750)
Caused by: org.apache.hadoop.hdds.scm.container.common.helpers.StorageContainerException: 
	at org.apache.hadoop.hdds.scm.storage.ContainerProtocolCalls.validateContainerResponse(ContainerProtocolCalls.java:674)
	at org.apache.hadoop.hdds.scm.storage.ECBlockOutputStream.validateResponse(ECBlockOutputStream.java:301)
	... 7 more
2023-11-13 21:33:32,315 [pool-251-thread-1] WARN  io.KeyOutputStream (ECKeyOutputStream.java:logStreamError(252)) - Failure for replica index: 3, DatanodeDetails: 00000000-0000-0002-0000-000000000002(localhost/1.2.3.4)
java.io.IOException: Unexpected Storage Container Exception: org.apache.hadoop.hdds.scm.container.common.helpers.StorageContainerException: 
	at org.apache.hadoop.hdds.scm.storage.BlockOutputStream.setIoException(BlockOutputStream.java:634)
	at org.apache.hadoop.hdds.scm.storage.ECBlockOutputStream.validateResponse(ECBlockOutputStream.java:303)
	at org.apache.hadoop.hdds.scm.storage.BlockOutputStream.lambda$writeChunkToContainer$2(BlockOutputStream.java:729)
	at java.util.concurrent.CompletableFuture.uniApply(CompletableFuture.java:616)
	at java.util.concurrent.CompletableFuture$UniApply.tryFire(CompletableFuture.java:591)
	at java.util.concurrent.CompletableFuture$Completion.run(CompletableFuture.java:456)
	at java.util.concurrent.ThreadPoolExecutor.runWorker(ThreadPoolExecutor.java:1149)
	at java.util.concurrent.ThreadPoolExecutor$Worker.run(ThreadPoolExecutor.java:624)
	at java.lang.Thread.run(Thread.java:750)
Caused by: org.apache.hadoop.hdds.scm.container.common.helpers.StorageContainerException: 
	at org.apache.hadoop.hdds.scm.storage.ContainerProtocolCalls.validateContainerResponse(ContainerProtocolCalls.java:674)
	at org.apache.hadoop.hdds.scm.storage.ECBlockOutputStream.validateResponse(ECBlockOutputStream.java:301)
	... 7 more
2023-11-13 21:33:32,317 [pool-251-thread-1] WARN  io.KeyOutputStream (ECKeyOutputStream.java:logStreamError(252)) - Failure for replica index: 4, DatanodeDetails: 00000000-0000-0003-0000-000000000003(localhost/1.2.3.4)
java.io.IOException: Unexpected Storage Container Exception: org.apache.hadoop.hdds.scm.container.common.helpers.StorageContainerException: 
	at org.apache.hadoop.hdds.scm.storage.BlockOutputStream.setIoException(BlockOutputStream.java:634)
	at org.apache.hadoop.hdds.scm.storage.ECBlockOutputStream.validateResponse(ECBlockOutputStream.java:303)
	at org.apache.hadoop.hdds.scm.storage.BlockOutputStream.lambda$writeChunkToContainer$2(BlockOutputStream.java:729)
	at java.util.concurrent.CompletableFuture.uniApply(CompletableFuture.java:616)
	at java.util.concurrent.CompletableFuture$UniApply.tryFire(CompletableFuture.java:591)
	at java.util.concurrent.CompletableFuture$Completion.run(CompletableFuture.java:456)
	at java.util.concurrent.ThreadPoolExecutor.runWorker(ThreadPoolExecutor.java:1149)
	at java.util.concurrent.ThreadPoolExecutor$Worker.run(ThreadPoolExecutor.java:624)
	at java.lang.Thread.run(Thread.java:750)
Caused by: org.apache.hadoop.hdds.scm.container.common.helpers.StorageContainerException: 
	at org.apache.hadoop.hdds.scm.storage.ContainerProtocolCalls.validateContainerResponse(ContainerProtocolCalls.java:674)
	at org.apache.hadoop.hdds.scm.storage.ECBlockOutputStream.validateResponse(ECBlockOutputStream.java:301)
	... 7 more
]]></system-out>
  </testcase>
  <testcase name="test5ChunksInSingleWriteOp" classname="org.apache.hadoop.ozone.client.TestOzoneECClient" time="0.026">
    <system-out><![CDATA[2023-11-13 21:33:32,341 [main] INFO  rpc.RpcClient (RpcClient.java:createVolume(463)) - Creating Volume: e93abf3a-5877-4867-b745-4e36e1e7be90, with runner as owner and space quota set to -1 bytes, counts quota set to -1
2023-11-13 21:33:32,342 [main] INFO  rpc.RpcClient (RpcClient.java:createBucket(690)) - Creating Bucket: e93abf3a-5877-4867-b745-4e36e1e7be90/0a90a467-242a-42b3-abe8-096d5deab90c, with server-side default bucket layout, runner as owner, Versioning false, Storage Type set to DISK and Encryption set to false, Replication Type set to EC, Namespace Quota set to -1, Space Quota set to -1 
]]></system-out>
  </testcase>
  <testcase name="test10ChunksInSingleWriteOp" classname="org.apache.hadoop.ozone.client.TestOzoneECClient" time="0.019">
    <system-out><![CDATA[2023-11-13 21:33:32,374 [main] INFO  rpc.RpcClient (RpcClient.java:createVolume(463)) - Creating Volume: 31b97bf6-f38f-4d34-bff9-fb11b96cf098, with runner as owner and space quota set to -1 bytes, counts quota set to -1
2023-11-13 21:33:32,375 [main] INFO  rpc.RpcClient (RpcClient.java:createBucket(690)) - Creating Bucket: 31b97bf6-f38f-4d34-bff9-fb11b96cf098/73c7b66f-59ee-42e8-b106-62342d03ad2b, with server-side default bucket layout, runner as owner, Versioning false, Storage Type set to DISK and Encryption set to false, Replication Type set to EC, Namespace Quota set to -1, Space Quota set to -1 
]]></system-out>
  </testcase>
  <testcase name="testPartialStripeWithPartialChunkRetry" classname="org.apache.hadoop.ozone.client.TestOzoneECClient" time="0.04">
    <error type="java.util.ConcurrentModificationException"><![CDATA[java.util.ConcurrentModificationException
	at java.util.HashMap$HashIterator.remove(HashMap.java:1483)
	at org.apache.hadoop.ozone.client.MockXceiverClientFactory.mockStorageFailure(MockXceiverClientFactory.java:71)
	at org.apache.hadoop.ozone.client.MockXceiverClientFactory.mockStorageFailure(MockXceiverClientFactory.java:57)
	at org.apache.hadoop.ozone.client.MockXceiverClientFactory.setFailedStorages(MockXceiverClientFactory.java:47)
	at org.apache.hadoop.ozone.client.TestOzoneECClient.testPartialStripeWithPartialChunkRetry(TestOzoneECClient.java:1037)
	at sun.reflect.NativeMethodAccessorImpl.invoke0(Native Method)
	at sun.reflect.NativeMethodAccessorImpl.invoke(NativeMethodAccessorImpl.java:62)
	at sun.reflect.DelegatingMethodAccessorImpl.invoke(DelegatingMethodAccessorImpl.java:43)
	at java.lang.reflect.Method.invoke(Method.java:498)
	at org.junit.platform.commons.util.ReflectionUtils.invokeMethod(ReflectionUtils.java:725)
	at org.junit.jupiter.engine.execution.MethodInvocation.proceed(MethodInvocation.java:60)
	at org.junit.jupiter.engine.execution.InvocationInterceptorChain$ValidatingInvocation.proceed(InvocationInterceptorChain.java:131)
	at org.junit.jupiter.engine.extension.TimeoutExtension.intercept(TimeoutExtension.java:149)
	at org.junit.jupiter.engine.extension.TimeoutExtension.interceptTestableMethod(TimeoutExtension.java:140)
	at org.junit.jupiter.engine.extension.TimeoutExtension.interceptTestMethod(TimeoutExtension.java:84)
	at org.junit.jupiter.engine.execution.ExecutableInvoker$ReflectiveInterceptorCall.lambda$ofVoidMethod$0(ExecutableInvoker.java:115)
	at org.junit.jupiter.engine.execution.ExecutableInvoker.lambda$invoke$0(ExecutableInvoker.java:105)
	at org.junit.jupiter.engine.execution.InvocationInterceptorChain$InterceptedInvocation.proceed(InvocationInterceptorChain.java:106)
	at org.junit.jupiter.engine.execution.InvocationInterceptorChain.proceed(InvocationInterceptorChain.java:64)
	at org.junit.jupiter.engine.execution.InvocationInterceptorChain.chainAndInvoke(InvocationInterceptorChain.java:45)
	at org.junit.jupiter.engine.execution.InvocationInterceptorChain.invoke(InvocationInterceptorChain.java:37)
	at org.junit.jupiter.engine.execution.ExecutableInvoker.invoke(ExecutableInvoker.java:104)
	at org.junit.jupiter.engine.execution.ExecutableInvoker.invoke(ExecutableInvoker.java:98)
	at org.junit.jupiter.engine.descriptor.TestMethodTestDescriptor.lambda$invokeTestMethod$7(TestMethodTestDescriptor.java:214)
	at org.junit.platform.engine.support.hierarchical.ThrowableCollector.execute(ThrowableCollector.java:73)
	at org.junit.jupiter.engine.descriptor.TestMethodTestDescriptor.invokeTestMethod(TestMethodTestDescriptor.java:210)
	at org.junit.jupiter.engine.descriptor.TestMethodTestDescriptor.execute(TestMethodTestDescriptor.java:135)
	at org.junit.jupiter.engine.descriptor.TestMethodTestDescriptor.execute(TestMethodTestDescriptor.java:66)
	at org.junit.platform.engine.support.hierarchical.NodeTestTask.lambda$executeRecursively$6(NodeTestTask.java:151)
	at org.junit.platform.engine.support.hierarchical.ThrowableCollector.execute(ThrowableCollector.java:73)
	at org.junit.platform.engine.support.hierarchical.NodeTestTask.lambda$executeRecursively$8(NodeTestTask.java:141)
	at org.junit.platform.engine.support.hierarchical.Node.around(Node.java:137)
	at org.junit.platform.engine.support.hierarchical.NodeTestTask.lambda$executeRecursively$9(NodeTestTask.java:139)
	at org.junit.platform.engine.support.hierarchical.ThrowableCollector.execute(ThrowableCollector.java:73)
	at org.junit.platform.engine.support.hierarchical.NodeTestTask.executeRecursively(NodeTestTask.java:138)
	at org.junit.platform.engine.support.hierarchical.NodeTestTask.execute(NodeTestTask.java:95)
	at java.util.ArrayList.forEach(ArrayList.java:1259)
	at org.junit.platform.engine.support.hierarchical.SameThreadHierarchicalTestExecutorService.invokeAll(SameThreadHierarchicalTestExecutorService.java:41)
	at org.junit.platform.engine.support.hierarchical.NodeTestTask.lambda$executeRecursively$6(NodeTestTask.java:155)
	at org.junit.platform.engine.support.hierarchical.ThrowableCollector.execute(ThrowableCollector.java:73)
	at org.junit.platform.engine.support.hierarchical.NodeTestTask.lambda$executeRecursively$8(NodeTestTask.java:141)
	at org.junit.platform.engine.support.hierarchical.Node.around(Node.java:137)
	at org.junit.platform.engine.support.hierarchical.NodeTestTask.lambda$executeRecursively$9(NodeTestTask.java:139)
	at org.junit.platform.engine.support.hierarchical.ThrowableCollector.execute(ThrowableCollector.java:73)
	at org.junit.platform.engine.support.hierarchical.NodeTestTask.executeRecursively(NodeTestTask.java:138)
	at org.junit.platform.engine.support.hierarchical.NodeTestTask.execute(NodeTestTask.java:95)
	at java.util.ArrayList.forEach(ArrayList.java:1259)
	at org.junit.platform.engine.support.hierarchical.SameThreadHierarchicalTestExecutorService.invokeAll(SameThreadHierarchicalTestExecutorService.java:41)
	at org.junit.platform.engine.support.hierarchical.NodeTestTask.lambda$executeRecursively$6(NodeTestTask.java:155)
	at org.junit.platform.engine.support.hierarchical.ThrowableCollector.execute(ThrowableCollector.java:73)
	at org.junit.platform.engine.support.hierarchical.NodeTestTask.lambda$executeRecursively$8(NodeTestTask.java:141)
	at org.junit.platform.engine.support.hierarchical.Node.around(Node.java:137)
	at org.junit.platform.engine.support.hierarchical.NodeTestTask.lambda$executeRecursively$9(NodeTestTask.java:139)
	at org.junit.platform.engine.support.hierarchical.ThrowableCollector.execute(ThrowableCollector.java:73)
	at org.junit.platform.engine.support.hierarchical.NodeTestTask.executeRecursively(NodeTestTask.java:138)
	at org.junit.platform.engine.support.hierarchical.NodeTestTask.execute(NodeTestTask.java:95)
	at org.junit.platform.engine.support.hierarchical.SameThreadHierarchicalTestExecutorService.submit(SameThreadHierarchicalTestExecutorService.java:35)
	at org.junit.platform.engine.support.hierarchical.HierarchicalTestExecutor.execute(HierarchicalTestExecutor.java:57)
	at org.junit.platform.engine.support.hierarchical.HierarchicalTestEngine.execute(HierarchicalTestEngine.java:54)
	at org.junit.platform.launcher.core.EngineExecutionOrchestrator.execute(EngineExecutionOrchestrator.java:107)
	at org.junit.platform.launcher.core.EngineExecutionOrchestrator.execute(EngineExecutionOrchestrator.java:88)
	at org.junit.platform.launcher.core.EngineExecutionOrchestrator.lambda$execute$0(EngineExecutionOrchestrator.java:54)
	at org.junit.platform.launcher.core.EngineExecutionOrchestrator.withInterceptedStreams(EngineExecutionOrchestrator.java:67)
	at org.junit.platform.launcher.core.EngineExecutionOrchestrator.execute(EngineExecutionOrchestrator.java:52)
	at org.junit.platform.launcher.core.DefaultLauncher.execute(DefaultLauncher.java:114)
	at org.junit.platform.launcher.core.DefaultLauncher.execute(DefaultLauncher.java:86)
	at org.junit.platform.launcher.core.DefaultLauncherSession$DelegatingLauncher.execute(DefaultLauncherSession.java:86)
	at org.junit.platform.launcher.core.SessionPerRequestLauncher.execute(SessionPerRequestLauncher.java:53)
	at org.apache.maven.surefire.junitplatform.JUnitPlatformProvider.execute(JUnitPlatformProvider.java:188)
	at org.apache.maven.surefire.junitplatform.JUnitPlatformProvider.invokeAllTests(JUnitPlatformProvider.java:154)
	at org.apache.maven.surefire.junitplatform.JUnitPlatformProvider.invoke(JUnitPlatformProvider.java:124)
	at org.apache.maven.surefire.booter.ForkedBooter.runSuitesInProcess(ForkedBooter.java:428)
	at org.apache.maven.surefire.booter.ForkedBooter.execute(ForkedBooter.java:162)
	at org.apache.maven.surefire.booter.ForkedBooter.run(ForkedBooter.java:562)
	at org.apache.maven.surefire.booter.ForkedBooter.main(ForkedBooter.java:548)
]]></error>
    <system-out><![CDATA[2023-11-13 21:33:32,412 [main] INFO  rpc.RpcClient (RpcClient.java:createVolume(463)) - Creating Volume: 98d4e89f-01ea-42c2-addc-6d67966390ad, with runner as owner and space quota set to -1 bytes, counts quota set to -1
2023-11-13 21:33:32,413 [main] INFO  rpc.RpcClient (RpcClient.java:createBucket(690)) - Creating Bucket: 98d4e89f-01ea-42c2-addc-6d67966390ad/6a2cc31a-0a78-4c7c-a981-87c689aa9b32, with server-side default bucket layout, runner as owner, Versioning false, Storage Type set to DISK and Encryption set to false, Replication Type set to server-side default replication type, Namespace Quota set to -1, Space Quota set to -1 
2023-11-13 21:33:32,433 [pool-284-thread-1] WARN  io.KeyOutputStream (ECKeyOutputStream.java:logStreamError(250)) - EC stripe write failed: F S S S F
2023-11-13 21:33:32,433 [pool-284-thread-1] WARN  io.KeyOutputStream (ECKeyOutputStream.java:logStreamError(252)) - Failure for replica index: 1, DatanodeDetails: 00000000-0000-0000-0000-000000000000(localhost/1.2.3.4)
java.io.IOException: Unexpected Storage Container Exception: org.apache.hadoop.hdds.scm.container.common.helpers.StorageContainerException: 
	at org.apache.hadoop.hdds.scm.storage.BlockOutputStream.setIoException(BlockOutputStream.java:634)
	at org.apache.hadoop.hdds.scm.storage.ECBlockOutputStream.validateResponse(ECBlockOutputStream.java:303)
	at org.apache.hadoop.hdds.scm.storage.BlockOutputStream.lambda$writeChunkToContainer$2(BlockOutputStream.java:729)
	at java.util.concurrent.CompletableFuture.uniApply(CompletableFuture.java:616)
	at java.util.concurrent.CompletableFuture$UniApply.tryFire(CompletableFuture.java:591)
	at java.util.concurrent.CompletableFuture$Completion.run(CompletableFuture.java:456)
	at java.util.concurrent.ThreadPoolExecutor.runWorker(ThreadPoolExecutor.java:1149)
	at java.util.concurrent.ThreadPoolExecutor$Worker.run(ThreadPoolExecutor.java:624)
	at java.lang.Thread.run(Thread.java:750)
Caused by: org.apache.hadoop.hdds.scm.container.common.helpers.StorageContainerException: 
	at org.apache.hadoop.hdds.scm.storage.ContainerProtocolCalls.validateContainerResponse(ContainerProtocolCalls.java:674)
	at org.apache.hadoop.hdds.scm.storage.ECBlockOutputStream.validateResponse(ECBlockOutputStream.java:301)
	... 7 more
2023-11-13 21:33:32,434 [pool-284-thread-1] WARN  io.KeyOutputStream (ECKeyOutputStream.java:logStreamError(252)) - Failure for replica index: 5, DatanodeDetails: 00000000-0000-0004-0000-000000000004(localhost/1.2.3.4)
java.io.IOException: Unexpected Storage Container Exception: org.apache.hadoop.hdds.scm.container.common.helpers.StorageContainerException: 
	at org.apache.hadoop.hdds.scm.storage.BlockOutputStream.setIoException(BlockOutputStream.java:634)
	at org.apache.hadoop.hdds.scm.storage.ECBlockOutputStream.validateResponse(ECBlockOutputStream.java:303)
	at org.apache.hadoop.hdds.scm.storage.BlockOutputStream.lambda$writeChunkToContainer$2(BlockOutputStream.java:729)
	at java.util.concurrent.CompletableFuture.uniApply(CompletableFuture.java:616)
	at java.util.concurrent.CompletableFuture$UniApply.tryFire(CompletableFuture.java:591)
	at java.util.concurrent.CompletableFuture$Completion.run(CompletableFuture.java:456)
	at java.util.concurrent.ThreadPoolExecutor.runWorker(ThreadPoolExecutor.java:1149)
	at java.util.concurrent.ThreadPoolExecutor$Worker.run(ThreadPoolExecutor.java:624)
	at java.lang.Thread.run(Thread.java:750)
Caused by: org.apache.hadoop.hdds.scm.container.common.helpers.StorageContainerException: 
	at org.apache.hadoop.hdds.scm.storage.ContainerProtocolCalls.validateContainerResponse(ContainerProtocolCalls.java:674)
	at org.apache.hadoop.hdds.scm.storage.ECBlockOutputStream.validateResponse(ECBlockOutputStream.java:301)
	... 7 more
]]></system-out>
  </testcase>
  <testcase name="test7ChunksInSingleWriteOp" classname="org.apache.hadoop.ozone.client.TestOzoneECClient" time="0.018">
    <system-out><![CDATA[2023-11-13 21:33:32,452 [main] INFO  rpc.RpcClient (RpcClient.java:createVolume(463)) - Creating Volume: fe6480ef-d2f4-43e4-ac8e-a9d539f81011, with runner as owner and space quota set to -1 bytes, counts quota set to -1
2023-11-13 21:33:32,453 [main] INFO  rpc.RpcClient (RpcClient.java:createBucket(690)) - Creating Bucket: fe6480ef-d2f4-43e4-ac8e-a9d539f81011/a105e85d-6c7d-4d1e-b23f-6c9ee2b2acad, with server-side default bucket layout, runner as owner, Versioning false, Storage Type set to DISK and Encryption set to false, Replication Type set to EC, Namespace Quota set to -1, Space Quota set to -1 
]]></system-out>
  </testcase>
  <testcase name="test12ChunksInSingleWriteOp" classname="org.apache.hadoop.ozone.client.TestOzoneECClient" time="0.019">
    <system-out><![CDATA[2023-11-13 21:33:32,479 [main] INFO  rpc.RpcClient (RpcClient.java:createVolume(463)) - Creating Volume: 5d01110a-740e-4a9d-8556-5610a3b4e2b0, with runner as owner and space quota set to -1 bytes, counts quota set to -1
2023-11-13 21:33:32,479 [main] INFO  rpc.RpcClient (RpcClient.java:createBucket(690)) - Creating Bucket: 5d01110a-740e-4a9d-8556-5610a3b4e2b0/abd4f24b-115f-466f-912b-90193344b864, with server-side default bucket layout, runner as owner, Versioning false, Storage Type set to DISK and Encryption set to false, Replication Type set to EC, Namespace Quota set to -1, Space Quota set to -1 
]]></system-out>
  </testcase>
  <testcase name="test9ChunksInSingleWriteOp" classname="org.apache.hadoop.ozone.client.TestOzoneECClient" time="0.017">
    <system-out><![CDATA[2023-11-13 21:33:32,505 [main] INFO  rpc.RpcClient (RpcClient.java:createVolume(463)) - Creating Volume: f7400e09-cf4c-432a-8c6d-b9663938073c, with runner as owner and space quota set to -1 bytes, counts quota set to -1
2023-11-13 21:33:32,505 [main] INFO  rpc.RpcClient (RpcClient.java:createBucket(690)) - Creating Bucket: f7400e09-cf4c-432a-8c6d-b9663938073c/e0c258a0-6844-43ef-a5c7-034e71bd2ef6, with server-side default bucket layout, runner as owner, Versioning false, Storage Type set to DISK and Encryption set to false, Replication Type set to EC, Namespace Quota set to -1, Space Quota set to -1 
]]></system-out>
  </testcase>
  <testcase name="testCreateBucketWithDefaultReplicationConfig" classname="org.apache.hadoop.ozone.client.TestOzoneECClient" time="0.023">
    <system-out><![CDATA[2023-11-13 21:33:32,529 [main] INFO  rpc.RpcClient (RpcClient.java:createVolume(463)) - Creating Volume: 424f8df1-f07c-4bd5-9791-5eaf5c946f08, with runner as owner and space quota set to -1 bytes, counts quota set to -1
2023-11-13 21:33:32,530 [main] INFO  rpc.RpcClient (RpcClient.java:createBucket(690)) - Creating Bucket: 424f8df1-f07c-4bd5-9791-5eaf5c946f08/707f3c4a-9ee9-4afa-acbc-0773a8852b89, with server-side default bucket layout, runner as owner, Versioning false, Storage Type set to DISK and Encryption set to false, Replication Type set to EC, Namespace Quota set to -1, Space Quota set to -1 
]]></system-out>
  </testcase>
  <testcase name="testMultipleChunksWithPartialChunkInSingleWriteOp" classname="org.apache.hadoop.ozone.client.TestOzoneECClient" time="0.02">
    <system-out><![CDATA[2023-11-13 21:33:32,559 [main] INFO  rpc.RpcClient (RpcClient.java:createVolume(463)) - Creating Volume: 993edb56-525a-4d27-a8bc-e14bff8507aa, with runner as owner and space quota set to -1 bytes, counts quota set to -1
2023-11-13 21:33:32,560 [main] INFO  rpc.RpcClient (RpcClient.java:createBucket(690)) - Creating Bucket: 993edb56-525a-4d27-a8bc-e14bff8507aa/c5b14295-dc8a-498c-b23f-b8f14fc650ba, with server-side default bucket layout, runner as owner, Versioning false, Storage Type set to DISK and Encryption set to false, Replication Type set to EC, Namespace Quota set to -1, Space Quota set to -1 
]]></system-out>
  </testcase>
  <testcase name="testWriteShouldSuccessIf4NodesFailed" classname="org.apache.hadoop.ozone.client.TestOzoneECClient" time="0.123">
    <system-out><![CDATA[2023-11-13 21:33:32,587 [main] INFO  rpc.RpcClient (RpcClient.java:createVolume(463)) - Creating Volume: 226056fb-5b3a-46ca-ab0c-e3b07dcd602e, with runner as owner and space quota set to -1 bytes, counts quota set to -1
2023-11-13 21:33:32,588 [main] INFO  rpc.RpcClient (RpcClient.java:createBucket(690)) - Creating Bucket: 226056fb-5b3a-46ca-ab0c-e3b07dcd602e/377c0f56-ae42-472a-9cfb-0bc115ecfd96, with server-side default bucket layout, runner as owner, Versioning false, Storage Type set to DISK and Encryption set to false, Replication Type set to server-side default replication type, Namespace Quota set to -1, Space Quota set to -1 
2023-11-13 21:33:32,703 [pool-351-thread-1] WARN  io.KeyOutputStream (ECKeyOutputStream.java:logStreamError(250)) - EC stripe write failed: F S S F S
2023-11-13 21:33:32,703 [pool-351-thread-1] WARN  io.KeyOutputStream (ECKeyOutputStream.java:logStreamError(252)) - Failure for replica index: 1, DatanodeDetails: 00000000-0000-0000-0000-000000000000(localhost/1.2.3.4)
java.io.IOException: Unexpected Storage Container Exception: org.apache.hadoop.hdds.scm.container.common.helpers.StorageContainerException: 
	at org.apache.hadoop.hdds.scm.storage.BlockOutputStream.setIoException(BlockOutputStream.java:634)
	at org.apache.hadoop.hdds.scm.storage.ECBlockOutputStream.validateResponse(ECBlockOutputStream.java:303)
	at org.apache.hadoop.hdds.scm.storage.BlockOutputStream.lambda$writeChunkToContainer$2(BlockOutputStream.java:729)
	at java.util.concurrent.CompletableFuture.uniApply(CompletableFuture.java:616)
	at java.util.concurrent.CompletableFuture$UniApply.tryFire(CompletableFuture.java:591)
	at java.util.concurrent.CompletableFuture$Completion.run(CompletableFuture.java:456)
	at java.util.concurrent.ThreadPoolExecutor.runWorker(ThreadPoolExecutor.java:1149)
	at java.util.concurrent.ThreadPoolExecutor$Worker.run(ThreadPoolExecutor.java:624)
	at java.lang.Thread.run(Thread.java:750)
Caused by: org.apache.hadoop.hdds.scm.container.common.helpers.StorageContainerException: 
	at org.apache.hadoop.hdds.scm.storage.ContainerProtocolCalls.validateContainerResponse(ContainerProtocolCalls.java:674)
	at org.apache.hadoop.hdds.scm.storage.ECBlockOutputStream.validateResponse(ECBlockOutputStream.java:301)
	... 7 more
2023-11-13 21:33:32,703 [pool-351-thread-1] WARN  io.KeyOutputStream (ECKeyOutputStream.java:logStreamError(252)) - Failure for replica index: 4, DatanodeDetails: 00000000-0000-0003-0000-000000000003(localhost/1.2.3.4)
java.io.IOException: Unexpected Storage Container Exception: org.apache.hadoop.hdds.scm.container.common.helpers.StorageContainerException: 
	at org.apache.hadoop.hdds.scm.storage.BlockOutputStream.setIoException(BlockOutputStream.java:634)
	at org.apache.hadoop.hdds.scm.storage.ECBlockOutputStream.validateResponse(ECBlockOutputStream.java:303)
	at org.apache.hadoop.hdds.scm.storage.BlockOutputStream.lambda$writeChunkToContainer$2(BlockOutputStream.java:729)
	at java.util.concurrent.CompletableFuture.uniApply(CompletableFuture.java:616)
	at java.util.concurrent.CompletableFuture$UniApply.tryFire(CompletableFuture.java:591)
	at java.util.concurrent.CompletableFuture$Completion.run(CompletableFuture.java:456)
	at java.util.concurrent.ThreadPoolExecutor.runWorker(ThreadPoolExecutor.java:1149)
	at java.util.concurrent.ThreadPoolExecutor$Worker.run(ThreadPoolExecutor.java:624)
	at java.lang.Thread.run(Thread.java:750)
Caused by: org.apache.hadoop.hdds.scm.container.common.helpers.StorageContainerException: 
	at org.apache.hadoop.hdds.scm.storage.ContainerProtocolCalls.validateContainerResponse(ContainerProtocolCalls.java:674)
	at org.apache.hadoop.hdds.scm.storage.ECBlockOutputStream.validateResponse(ECBlockOutputStream.java:301)
	... 7 more
]]></system-out>
  </testcase>
</testsuite>