<?xml version="1.0" encoding="UTF-8"?>
<testsuite xmlns:xsi="http://www.w3.org/2001/XMLSchema-instance" xsi:noNamespaceSchemaLocation="https://maven.apache.org/surefire/maven-surefire-plugin/xsd/surefire-test-report.xsd" name="org.apache.hadoop.ozone.client.rpc.TestOzoneClientRetriesOnException" time="78.81" tests="2" errors="0" skipped="0" failures="1">
  <properties>
    <property name="awt.toolkit" value="sun.awt.X11.XToolkit"/>
    <property name="file.encoding.pkg" value="sun.io"/>
    <property name="java.specification.version" value="1.8"/>
    <property name="sun.cpu.isalist" value=""/>
    <property name="sun.jnu.encoding" value="ANSI_X3.4-1968"/>
    <property name="java.class.path" value="/github/workspace/mnt/ozone/hadoop-ozone/integration-test/target/test-classes:/github/workspace/mnt/ozone/hadoop-ozone/integration-test/target/classes:/home/user/.m2/repository/org/apache/hadoop/hadoop-ozone-common/0.6.0-SNAPSHOT/hadoop-ozone-common-0.6.0-SNAPSHOT.jar:/home/user/.m2/repository/org/apache/commons/commons-compress/1.4.1/commons-compress-1.4.1.jar:/home/user/.m2/repository/org/tukaani/xz/1.0/xz-1.0.jar:/home/user/.m2/repository/org/apache/hadoop/hadoop-hdds-common/0.6.0-SNAPSHOT/hadoop-hdds-common-0.6.0-SNAPSHOT.jar:/home/user/.m2/repository/org/apache/hadoop/hadoop-hdds-hadoop-dependency-client/0.6.0-SNAPSHOT/hadoop-hdds-hadoop-dependency-client-0.6.0-SNAPSHOT.jar:/home/user/.m2/repository/info/picocli/picocli/3.9.6/picocli-3.9.6.jar:/home/user/.m2/repository/com/fasterxml/jackson/core/jackson-annotations/2.10.3/jackson-annotations-2.10.3.jar:/home/user/.m2/repository/javax/annotation/javax.annotation-api/1.2/javax.annotation-api-1.2.jar:/home/user/.m2/repository/org/apache/ratis/ratis-server/1.0.0/ratis-server-1.0.0.jar:/home/user/.m2/repository/org/apache/ratis/ratis-client/1.0.0/ratis-client-1.0.0.jar:/home/user/.m2/repository/org/apache/ratis/ratis-metrics/1.0.0/ratis-metrics-1.0.0.jar:/home/user/.m2/repository/org/apache/ratis/ratis-netty/1.0.0/ratis-netty-1.0.0.jar:/home/user/.m2/repository/org/apache/ratis/ratis-grpc/1.0.0/ratis-grpc-1.0.0.jar:/home/user/.m2/repository/org/apache/logging/log4j/log4j-api/2.11.0/log4j-api-2.11.0.jar:/home/user/.m2/repository/org/apache/logging/log4j/log4j-core/2.11.0/log4j-core-2.11.0.jar:/home/user/.m2/repository/com/lmax/disruptor/3.4.2/disruptor-3.4.2.jar:/home/user/.m2/repository/org/apache/commons/commons-pool2/2.6.0/commons-pool2-2.6.0.jar:/home/user/.m2/repository/org/bouncycastle/bcpkix-jdk15on/1.60/bcpkix-jdk15on-1.60.jar:/home/user/.m2/repository/commons-validator/commons-validator/1.6/commons-validator-1.6.jar:/home/user/.m2/repository/commons-digester/commons-digester/1.8.1/commons-digester-1.8.1.jar:/home/user/.m2/repository/io/jaegertracing/jaeger-client/1.2.0/jaeger-client-1.2.0.jar:/home/user/.m2/repository/io/jaegertracing/jaeger-thrift/1.2.0/jaeger-thrift-1.2.0.jar:/home/user/.m2/repository/org/apache/thrift/libthrift/0.13.0/libthrift-0.13.0.jar:/home/user/.m2/repository/com/squareup/okhttp3/okhttp/4.2.2/okhttp-4.2.2.jar:/home/user/.m2/repository/com/squareup/okio/okio/2.2.2/okio-2.2.2.jar:/home/user/.m2/repository/org/jetbrains/kotlin/kotlin-stdlib/1.3.50/kotlin-stdlib-1.3.50.jar:/home/user/.m2/repository/org/jetbrains/kotlin/kotlin-stdlib-common/1.3.50/kotlin-stdlib-common-1.3.50.jar:/home/user/.m2/repository/org/jetbrains/annotations/13.0/annotations-13.0.jar:/home/user/.m2/repository/io/jaegertracing/jaeger-core/1.2.0/jaeger-core-1.2.0.jar:/home/user/.m2/repository/io/jaegertracing/jaeger-tracerresolver/1.2.0/jaeger-tracerresolver-1.2.0.jar:/home/user/.m2/repository/io/opentracing/contrib/opentracing-tracerresolver/0.1.8/opentracing-tracerresolver-0.1.8.jar:/home/user/.m2/repository/io/opentracing/opentracing-util/0.33.0/opentracing-util-0.33.0.jar:/home/user/.m2/repository/io/opentracing/opentracing-api/0.33.0/opentracing-api-0.33.0.jar:/home/user/.m2/repository/io/opentracing/opentracing-noop/0.33.0/opentracing-noop-0.33.0.jar:/home/user/.m2/repository/org/apache/hadoop/hadoop-hdds-client/0.6.0-SNAPSHOT/hadoop-hdds-client-0.6.0-SNAPSHOT.jar:/home/user/.m2/repository/org/apache/hadoop/hadoop-ozone-interface-client/0.6.0-SNAPSHOT/hadoop-ozone-interface-client-0.6.0-SNAPSHOT.jar:/home/user/.m2/repository/org/apache/hadoop/hadoop-hdds-test-utils/0.6.0-SNAPSHOT/hadoop-hdds-test-utils-0.6.0-SNAPSHOT.jar:/home/user/.m2/repository/com/google/guava/guava/28.2-jre/guava-28.2-jre.jar:/home/user/.m2/repository/com/google/guava/failureaccess/1.0.1/failureaccess-1.0.1.jar:/home/user/.m2/repository/com/google/guava/listenablefuture/9999.0-empty-to-avoid-conflict-with-guava/listenablefuture-9999.0-empty-to-avoid-conflict-with-guava.jar:/home/user/.m2/repository/com/google/code/findbugs/jsr305/3.0.0/jsr305-3.0.0.jar:/home/user/.m2/repository/org/checkerframework/checker-qual/2.10.0/checker-qual-2.10.0.jar:/home/user/.m2/repository/com/google/errorprone/error_prone_annotations/2.2.0/error_prone_annotations-2.2.0.jar:/home/user/.m2/repository/com/google/j2objc/j2objc-annotations/1.3/j2objc-annotations-1.3.jar:/home/user/.m2/repository/commons-io/commons-io/2.5/commons-io-2.5.jar:/home/user/.m2/repository/commons-logging/commons-logging/1.2/commons-logging-1.2.jar:/home/user/.m2/repository/log4j/log4j/1.2.17/log4j-1.2.17.jar:/home/user/.m2/repository/org/slf4j/slf4j-api/1.7.25/slf4j-api-1.7.25.jar:/home/user/.m2/repository/org/apache/hadoop/hadoop-hdds-server-scm/0.6.0-SNAPSHOT/hadoop-hdds-server-scm-0.6.0-SNAPSHOT.jar:/home/user/.m2/repository/org/apache/hadoop/hadoop-hdds-container-service/0.6.0-SNAPSHOT/hadoop-hdds-container-service-0.6.0-SNAPSHOT.jar:/home/user/.m2/repository/org/apache/hadoop/hadoop-hdds-hadoop-dependency-server/0.6.0-SNAPSHOT/hadoop-hdds-hadoop-dependency-server-0.6.0-SNAPSHOT.jar:/home/user/.m2/repository/org/apache/hadoop/hadoop-hdds-server-framework/0.6.0-SNAPSHOT/hadoop-hdds-server-framework-0.6.0-SNAPSHOT.jar:/home/user/.m2/repository/org/apache/hadoop/hadoop-hdds-interface-server/0.6.0-SNAPSHOT/hadoop-hdds-interface-server-0.6.0-SNAPSHOT.jar:/home/user/.m2/repository/org/apache/hadoop/hadoop-hdds-interface-admin/0.6.0-SNAPSHOT/hadoop-hdds-interface-admin-0.6.0-SNAPSHOT.jar:/home/user/.m2/repository/org/rocksdb/rocksdbjni/6.8.1/rocksdbjni-6.8.1.jar:/home/user/.m2/repository/io/prometheus/simpleclient_dropwizard/0.7.0/simpleclient_dropwizard-0.7.0.jar:/home/user/.m2/repository/io/prometheus/simpleclient/0.7.0/simpleclient-0.7.0.jar:/home/user/.m2/repository/io/prometheus/simpleclient_common/0.7.0/simpleclient_common-0.7.0.jar:/home/user/.m2/repository/com/fasterxml/jackson/datatype/jackson-datatype-jsr310/2.10.3/jackson-datatype-jsr310-2.10.3.jar:/home/user/.m2/repository/org/apache/hadoop/hadoop-hdds-docs/0.6.0-SNAPSHOT/hadoop-hdds-docs-0.6.0-SNAPSHOT.jar:/home/user/.m2/repository/io/dropwizard/metrics/metrics-core/3.2.4/metrics-core-3.2.4.jar:/home/user/.m2/repository/org/apache/hadoop/hadoop-hdfs-client/3.2.1/hadoop-hdfs-client-3.2.1.jar:/home/user/.m2/repository/org/bouncycastle/bcprov-jdk15on/1.60/bcprov-jdk15on-1.60.jar:/home/user/.m2/repository/org/apache/hadoop/hadoop-ozone-ozone-manager/0.6.0-SNAPSHOT/hadoop-ozone-ozone-manager-0.6.0-SNAPSHOT.jar:/home/user/.m2/repository/org/apache/hadoop/hadoop-hdds-interface-client/0.6.0-SNAPSHOT/hadoop-hdds-interface-client-0.6.0-SNAPSHOT.jar:/home/user/.m2/repository/org/apache/ratis/ratis-thirdparty-misc/0.5.0/ratis-thirdparty-misc-0.5.0.jar:/home/user/.m2/repository/org/apache/hadoop/hadoop-minikdc/3.2.1/hadoop-minikdc-3.2.1.jar:/home/user/.m2/repository/org/apache/kerby/kerb-simplekdc/1.0.1/kerb-simplekdc-1.0.1.jar:/home/user/.m2/repository/org/apache/kerby/kerb-client/1.0.1/kerb-client-1.0.1.jar:/home/user/.m2/repository/org/apache/kerby/kerby-config/1.0.1/kerby-config-1.0.1.jar:/home/user/.m2/repository/org/apache/kerby/kerb-core/1.0.1/kerb-core-1.0.1.jar:/home/user/.m2/repository/org/apache/kerby/kerby-pkix/1.0.1/kerby-pkix-1.0.1.jar:/home/user/.m2/repository/org/apache/kerby/kerby-asn1/1.0.1/kerby-asn1-1.0.1.jar:/home/user/.m2/repository/org/apache/kerby/kerby-util/1.0.1/kerby-util-1.0.1.jar:/home/user/.m2/repository/org/apache/kerby/kerb-common/1.0.1/kerb-common-1.0.1.jar:/home/user/.m2/repository/org/apache/kerby/kerb-crypto/1.0.1/kerb-crypto-1.0.1.jar:/home/user/.m2/repository/org/apache/kerby/kerb-util/1.0.1/kerb-util-1.0.1.jar:/home/user/.m2/repository/org/apache/kerby/token-provider/1.0.1/token-provider-1.0.1.jar:/home/user/.m2/repository/org/apache/kerby/kerb-admin/1.0.1/kerb-admin-1.0.1.jar:/home/user/.m2/repository/org/apache/kerby/kerb-server/1.0.1/kerb-server-1.0.1.jar:/home/user/.m2/repository/org/apache/kerby/kerb-identity/1.0.1/kerb-identity-1.0.1.jar:/home/user/.m2/repository/org/apache/kerby/kerby-xdr/1.0.1/kerby-xdr-1.0.1.jar:/home/user/.m2/repository/org/slf4j/slf4j-log4j12/1.7.25/slf4j-log4j12-1.7.25.jar:/home/user/.m2/repository/org/apache/hadoop/hadoop-ozone-s3gateway/0.6.0-SNAPSHOT/hadoop-ozone-s3gateway-0.6.0-SNAPSHOT.jar:/home/user/.m2/repository/org/jboss/weld/servlet/weld-servlet/2.4.7.Final/weld-servlet-2.4.7.Final.jar:/home/user/.m2/repository/org/glassfish/jersey/containers/jersey-container-servlet-core/2.27/jersey-container-servlet-core-2.27.jar:/home/user/.m2/repository/org/glassfish/hk2/external/javax.inject/2.5.0-b42/javax.inject-2.5.0-b42.jar:/home/user/.m2/repository/org/glassfish/jersey/core/jersey-common/2.27/jersey-common-2.27.jar:/home/user/.m2/repository/org/glassfish/hk2/osgi-resource-locator/1.0.1/osgi-resource-locator-1.0.1.jar:/home/user/.m2/repository/javax/ws/rs/javax.ws.rs-api/2.1/javax.ws.rs-api-2.1.jar:/home/user/.m2/repository/org/glassfish/jersey/ext/cdi/jersey-cdi1x/2.27/jersey-cdi1x-2.27.jar:/home/user/.m2/repository/org/glassfish/jersey/inject/jersey-hk2/2.27/jersey-hk2-2.27.jar:/home/user/.m2/repository/org/glassfish/hk2/hk2-locator/2.5.0-b42/hk2-locator-2.5.0-b42.jar:/home/user/.m2/repository/org/javassist/javassist/3.22.0-CR2/javassist-3.22.0-CR2.jar:/home/user/.m2/repository/org/glassfish/hk2/hk2-api/2.5.0/hk2-api-2.5.0.jar:/home/user/.m2/repository/org/glassfish/hk2/external/jakarta.inject/2.5.0/jakarta.inject-2.5.0.jar:/home/user/.m2/repository/org/glassfish/hk2/hk2-utils/2.5.0/hk2-utils-2.5.0.jar:/home/user/.m2/repository/jakarta/annotation/jakarta.annotation-api/1.3.4/jakarta.annotation-api-1.3.4.jar:/home/user/.m2/repository/org/glassfish/hk2/external/aopalliance-repackaged/2.5.0/aopalliance-repackaged-2.5.0.jar:/home/user/.m2/repository/com/fasterxml/jackson/dataformat/jackson-dataformat-xml/2.10.3/jackson-dataformat-xml-2.10.3.jar:/home/user/.m2/repository/com/fasterxml/jackson/core/jackson-core/2.10.3/jackson-core-2.10.3.jar:/home/user/.m2/repository/com/fasterxml/jackson/module/jackson-module-jaxb-annotations/2.10.3/jackson-module-jaxb-annotations-2.10.3.jar:/home/user/.m2/repository/jakarta/xml/bind/jakarta.xml.bind-api/2.3.2/jakarta.xml.bind-api-2.3.2.jar:/home/user/.m2/repository/jakarta/activation/jakarta.activation-api/1.2.1/jakarta.activation-api-1.2.1.jar:/home/user/.m2/repository/org/codehaus/woodstox/stax2-api/3.1.4/stax2-api-3.1.4.jar:/home/user/.m2/repository/com/fasterxml/woodstox/woodstox-core/5.0.3/woodstox-core-5.0.3.jar:/home/user/.m2/repository/javax/enterprise/cdi-api/1.2/cdi-api-1.2.jar:/home/user/.m2/repository/javax/el/javax.el-api/3.0.0/javax.el-api-3.0.0.jar:/home/user/.m2/repository/javax/interceptor/javax.interceptor-api/1.2/javax.interceptor-api-1.2.jar:/home/user/.m2/repository/javax/inject/javax.inject/1/javax.inject-1.jar:/home/user/.m2/repository/com/sun/xml/bind/jaxb-impl/2.3.0.1/jaxb-impl-2.3.0.1.jar:/home/user/.m2/repository/com/sun/xml/bind/jaxb-core/2.3.0.1/jaxb-core-2.3.0.1.jar:/home/user/.m2/repository/javax/xml/bind/jaxb-api/2.3.0/jaxb-api-2.3.0.jar:/home/user/.m2/repository/javax/activation/activation/1.1.1/activation-1.1.1.jar:/home/user/.m2/repository/org/apache/hadoop/hadoop-ozone-csi/0.6.0-SNAPSHOT/hadoop-ozone-csi-0.6.0-SNAPSHOT.jar:/home/user/.m2/repository/com/google/protobuf/protobuf-java-util/3.11.0/protobuf-java-util-3.11.0.jar:/home/user/.m2/repository/com/google/code/gson/gson/2.2.4/gson-2.2.4.jar:/home/user/.m2/repository/org/apache/hadoop/hadoop-hdds-config/0.6.0-SNAPSHOT/hadoop-hdds-config-0.6.0-SNAPSHOT.jar:/home/user/.m2/repository/com/google/protobuf/protobuf-java/2.5.0/protobuf-java-2.5.0.jar:/home/user/.m2/repository/io/grpc/grpc-netty/1.29.0/grpc-netty-1.29.0.jar:/home/user/.m2/repository/io/grpc/grpc-core/1.29.0/grpc-core-1.29.0.jar:/home/user/.m2/repository/com/google/android/annotations/4.1.1.4/annotations-4.1.1.4.jar:/home/user/.m2/repository/io/perfmark/perfmark-api/0.19.0/perfmark-api-0.19.0.jar:/home/user/.m2/repository/io/netty/netty-codec-http2/4.1.48.Final/netty-codec-http2-4.1.48.Final.jar:/home/user/.m2/repository/io/netty/netty-codec/4.1.48.Final/netty-codec-4.1.48.Final.jar:/home/user/.m2/repository/io/netty/netty-handler/4.1.48.Final/netty-handler-4.1.48.Final.jar:/home/user/.m2/repository/io/netty/netty-codec-http/4.1.48.Final/netty-codec-http-4.1.48.Final.jar:/home/user/.m2/repository/io/netty/netty-handler-proxy/4.1.48.Final/netty-handler-proxy-4.1.48.Final.jar:/home/user/.m2/repository/io/netty/netty-codec-socks/4.1.48.Final/netty-codec-socks-4.1.48.Final.jar:/home/user/.m2/repository/io/netty/netty-transport-native-epoll/4.1.48.Final/netty-transport-native-epoll-4.1.48.Final.jar:/home/user/.m2/repository/io/netty/netty-common/4.1.48.Final/netty-common-4.1.48.Final.jar:/home/user/.m2/repository/io/netty/netty-buffer/4.1.48.Final/netty-buffer-4.1.48.Final.jar:/home/user/.m2/repository/io/netty/netty-transport/4.1.48.Final/netty-transport-4.1.48.Final.jar:/home/user/.m2/repository/io/netty/netty-resolver/4.1.48.Final/netty-resolver-4.1.48.Final.jar:/home/user/.m2/repository/io/netty/netty-transport-native-unix-common/4.1.48.Final/netty-transport-native-unix-common-4.1.48.Final.jar:/home/user/.m2/repository/io/grpc/grpc-protobuf/1.29.0/grpc-protobuf-1.29.0.jar:/home/user/.m2/repository/io/grpc/grpc-api/1.29.0/grpc-api-1.29.0.jar:/home/user/.m2/repository/io/grpc/grpc-context/1.29.0/grpc-context-1.29.0.jar:/home/user/.m2/repository/org/codehaus/mojo/animal-sniffer-annotations/1.18/animal-sniffer-annotations-1.18.jar:/home/user/.m2/repository/com/google/api/grpc/proto-google-common-protos/1.17.0/proto-google-common-protos-1.17.0.jar:/home/user/.m2/repository/io/grpc/grpc-protobuf-lite/1.29.0/grpc-protobuf-lite-1.29.0.jar:/home/user/.m2/repository/io/grpc/grpc-stub/1.29.0/grpc-stub-1.29.0.jar:/home/user/.m2/repository/org/apache/hadoop/hadoop-ozone-recon/0.6.0-SNAPSHOT/hadoop-ozone-recon-0.6.0-SNAPSHOT.jar:/home/user/.m2/repository/org/apache/hadoop/hadoop-ozone-reconcodegen/0.6.0-SNAPSHOT/hadoop-ozone-reconcodegen-0.6.0-SNAPSHOT.jar:/home/user/.m2/repository/com/google/inject/extensions/guice-multibindings/4.0/guice-multibindings-4.0.jar:/home/user/.m2/repository/com/google/inject/guice/4.0/guice-4.0.jar:/home/user/.m2/repository/aopalliance/aopalliance/1.0/aopalliance-1.0.jar:/home/user/.m2/repository/com/google/inject/extensions/guice-assistedinject/4.0/guice-assistedinject-4.0.jar:/home/user/.m2/repository/com/google/inject/extensions/guice-servlet/4.0/guice-servlet-4.0.jar:/home/user/.m2/repository/org/glassfish/jersey/containers/jersey-container-servlet/2.27/jersey-container-servlet-2.27.jar:/home/user/.m2/repository/org/glassfish/hk2/guice-bridge/2.5.0/guice-bridge-2.5.0.jar:/home/user/.m2/repository/org/glassfish/jersey/core/jersey-server/2.27/jersey-server-2.27.jar:/home/user/.m2/repository/org/glassfish/jersey/core/jersey-client/2.27/jersey-client-2.27.jar:/home/user/.m2/repository/org/glassfish/jersey/media/jersey-media-jaxb/2.27/jersey-media-jaxb-2.27.jar:/home/user/.m2/repository/javax/validation/validation-api/1.1.0.Final/validation-api-1.1.0.Final.jar:/home/user/.m2/repository/org/glassfish/jersey/media/jersey-media-json-jackson/2.27/jersey-media-json-jackson-2.27.jar:/home/user/.m2/repository/org/glassfish/jersey/ext/jersey-entity-filtering/2.27/jersey-entity-filtering-2.27.jar:/home/user/.m2/repository/org/jooq/jooq/3.11.10/jooq-3.11.10.jar:/home/user/.m2/repository/org/jooq/jooq-meta/3.11.10/jooq-meta-3.11.10.jar:/home/user/.m2/repository/org/jooq/jooq-codegen/3.11.10/jooq-codegen-3.11.10.jar:/home/user/.m2/repository/com/jolbox/bonecp/0.8.0.RELEASE/bonecp-0.8.0.RELEASE.jar:/home/user/.m2/repository/org/apache/derby/derby/10.14.2.0/derby-10.14.2.0.jar:/home/user/.m2/repository/org/xerial/sqlite-jdbc/3.25.2/sqlite-jdbc-3.25.2.jar:/home/user/.m2/repository/org/springframework/spring-jdbc/5.2.5.RELEASE/spring-jdbc-5.2.5.RELEASE.jar:/home/user/.m2/repository/org/springframework/spring-beans/5.2.5.RELEASE/spring-beans-5.2.5.RELEASE.jar:/home/user/.m2/repository/org/springframework/spring-core/5.2.5.RELEASE/spring-core-5.2.5.RELEASE.jar:/home/user/.m2/repository/org/springframework/spring-jcl/5.2.5.RELEASE/spring-jcl-5.2.5.RELEASE.jar:/home/user/.m2/repository/org/springframework/spring-tx/5.2.5.RELEASE/spring-tx-5.2.5.RELEASE.jar:/home/user/.m2/repository/org/apache/hadoop/hadoop-ozone-client/0.6.0-SNAPSHOT/hadoop-ozone-client-0.6.0-SNAPSHOT.jar:/home/user/.m2/repository/org/apache/hadoop/hadoop-ozone-filesystem/0.6.0-SNAPSHOT/hadoop-ozone-filesystem-0.6.0-SNAPSHOT.jar:/home/user/.m2/repository/org/apache/hadoop/hadoop-ozone-filesystem-common/0.6.0-SNAPSHOT/hadoop-ozone-filesystem-common-0.6.0-SNAPSHOT.jar:/home/user/.m2/repository/org/apache/hadoop/hadoop-ozone-tools/0.6.0-SNAPSHOT/hadoop-ozone-tools-0.6.0-SNAPSHOT.jar:/home/user/.m2/repository/org/apache/hadoop/hadoop-hdfs/3.2.1/hadoop-hdfs-3.2.1.jar:/home/user/.m2/repository/org/apache/ratis/ratis-tools/1.0.0/ratis-tools-1.0.0.jar:/home/user/.m2/repository/org/apache/ratis/ratis-proto/1.0.0/ratis-proto-1.0.0.jar:/home/user/.m2/repository/org/apache/ratis/ratis-common/1.0.0/ratis-common-1.0.0.jar:/home/user/.m2/repository/com/amazonaws/aws-java-sdk-core/1.11.615/aws-java-sdk-core-1.11.615.jar:/home/user/.m2/repository/org/apache/httpcomponents/httpclient/4.5.2/httpclient-4.5.2.jar:/home/user/.m2/repository/org/apache/httpcomponents/httpcore/4.4.4/httpcore-4.4.4.jar:/home/user/.m2/repository/software/amazon/ion/ion-java/1.0.2/ion-java-1.0.2.jar:/home/user/.m2/repository/com/fasterxml/jackson/dataformat/jackson-dataformat-cbor/2.10.3/jackson-dataformat-cbor-2.10.3.jar:/home/user/.m2/repository/joda-time/joda-time/2.8.1/joda-time-2.8.1.jar:/home/user/.m2/repository/com/amazonaws/aws-java-sdk-s3/1.11.615/aws-java-sdk-s3-1.11.615.jar:/home/user/.m2/repository/com/amazonaws/aws-java-sdk-kms/1.11.615/aws-java-sdk-kms-1.11.615.jar:/home/user/.m2/repository/com/amazonaws/jmespath-java/1.11.615/jmespath-java-1.11.615.jar:/home/user/.m2/repository/org/apache/hadoop/hadoop-hdds-tools/0.6.0-SNAPSHOT/hadoop-hdds-tools-0.6.0-SNAPSHOT.jar:/home/user/.m2/repository/commons-cli/commons-cli/1.2/commons-cli-1.2.jar:/home/user/.m2/repository/org/apache/commons/commons-lang3/3.7/commons-lang3-3.7.jar:/home/user/.m2/repository/org/apache/hadoop/hadoop-ozone-ozone-manager/0.6.0-SNAPSHOT/hadoop-ozone-ozone-manager-0.6.0-SNAPSHOT-tests.jar:/home/user/.m2/repository/junit/junit/4.11/junit-4.11.jar:/home/user/.m2/repository/org/hamcrest/hamcrest-core/1.3/hamcrest-core-1.3.jar:/home/user/.m2/repository/org/openjdk/jmh/jmh-core/1.19/jmh-core-1.19.jar:/home/user/.m2/repository/net/sf/jopt-simple/jopt-simple/4.6/jopt-simple-4.6.jar:/home/user/.m2/repository/org/apache/commons/commons-math3/3.1.1/commons-math3-3.1.1.jar:/home/user/.m2/repository/org/openjdk/jmh/jmh-generator-annprocess/1.19/jmh-generator-annprocess-1.19.jar:/home/user/.m2/repository/org/mockito/mockito-all/1.8.5/mockito-all-1.8.5.jar:/home/user/.m2/repository/org/apache/hadoop/hadoop-kms/3.2.1/hadoop-kms-3.2.1.jar:/home/user/.m2/repository/org/apache/hadoop/hadoop-auth/3.2.1/hadoop-auth-3.2.1.jar:/home/user/.m2/repository/com/nimbusds/nimbus-jose-jwt/7.9/nimbus-jose-jwt-7.9.jar:/home/user/.m2/repository/com/github/stephenc/jcip/jcip-annotations/1.0-1/jcip-annotations-1.0-1.jar:/home/user/.m2/repository/net/minidev/json-smart/2.3/json-smart-2.3.jar:/home/user/.m2/repository/net/minidev/accessors-smart/1.2/accessors-smart-1.2.jar:/home/user/.m2/repository/org/ow2/asm/asm/5.0.4/asm-5.0.4.jar:/home/user/.m2/repository/org/apache/zookeeper/zookeeper/3.4.13/zookeeper-3.4.13.jar:/home/user/.m2/repository/org/apache/yetus/audience-annotations/0.5.0/audience-annotations-0.5.0.jar:/home/user/.m2/repository/org/apache/curator/curator-framework/2.13.0/curator-framework-2.13.0.jar:/home/user/.m2/repository/com/sun/jersey/jersey-core/1.19/jersey-core-1.19.jar:/home/user/.m2/repository/javax/ws/rs/jsr311-api/1.1.1/jsr311-api-1.1.1.jar:/home/user/.m2/repository/com/sun/jersey/jersey-server/1.19/jersey-server-1.19.jar:/home/user/.m2/repository/javax/servlet/javax.servlet-api/3.1.0/javax.servlet-api-3.1.0.jar:/home/user/.m2/repository/org/eclipse/jetty/jetty-server/9.4.26.v20200117/jetty-server-9.4.26.v20200117.jar:/home/user/.m2/repository/org/eclipse/jetty/jetty-http/9.4.26.v20200117/jetty-http-9.4.26.v20200117.jar:/home/user/.m2/repository/org/eclipse/jetty/jetty-io/9.4.26.v20200117/jetty-io-9.4.26.v20200117.jar:/home/user/.m2/repository/org/eclipse/jetty/jetty-webapp/9.4.26.v20200117/jetty-webapp-9.4.26.v20200117.jar:/home/user/.m2/repository/org/eclipse/jetty/jetty-xml/9.4.26.v20200117/jetty-xml-9.4.26.v20200117.jar:/home/user/.m2/repository/org/eclipse/jetty/jetty-servlet/9.4.26.v20200117/jetty-servlet-9.4.26.v20200117.jar:/home/user/.m2/repository/org/eclipse/jetty/jetty-security/9.4.26.v20200117/jetty-security-9.4.26.v20200117.jar:/home/user/.m2/repository/org/apache/hadoop/hadoop-common/3.2.1/hadoop-common-3.2.1.jar:/home/user/.m2/repository/commons-net/commons-net/3.6/commons-net-3.6.jar:/home/user/.m2/repository/commons-collections/commons-collections/3.2.2/commons-collections-3.2.2.jar:/home/user/.m2/repository/com/sun/jersey/jersey-servlet/1.19/jersey-servlet-1.19.jar:/home/user/.m2/repository/com/sun/jersey/jersey-json/1.19/jersey-json-1.19.jar:/home/user/.m2/repository/org/codehaus/jettison/jettison/1.1/jettison-1.1.jar:/home/user/.m2/repository/org/codehaus/jackson/jackson-jaxrs/1.9.2/jackson-jaxrs-1.9.2.jar:/home/user/.m2/repository/org/codehaus/jackson/jackson-xc/1.9.2/jackson-xc-1.9.2.jar:/home/user/.m2/repository/commons-beanutils/commons-beanutils/1.9.4/commons-beanutils-1.9.4.jar:/home/user/.m2/repository/org/apache/commons/commons-configuration2/2.1.1/commons-configuration2-2.1.1.jar:/home/user/.m2/repository/org/apache/commons/commons-text/1.4/commons-text-1.4.jar:/home/user/.m2/repository/com/google/re2j/re2j/1.1/re2j-1.1.jar:/home/user/.m2/repository/com/jcraft/jsch/0.1.54/jsch-0.1.54.jar:/home/user/.m2/repository/org/apache/curator/curator-client/2.13.0/curator-client-2.13.0.jar:/home/user/.m2/repository/org/apache/curator/curator-recipes/2.13.0/curator-recipes-2.13.0.jar:/home/user/.m2/repository/dnsjava/dnsjava/2.1.7/dnsjava-2.1.7.jar:/home/user/.m2/repository/org/slf4j/jul-to-slf4j/1.7.25/jul-to-slf4j-1.7.25.jar:/home/user/.m2/repository/org/eclipse/jetty/jetty-util/9.4.26.v20200117/jetty-util-9.4.26.v20200117.jar:/home/user/.m2/repository/com/fasterxml/jackson/core/jackson-databind/2.10.3/jackson-databind-2.10.3.jar:/home/user/.m2/repository/org/apache/hadoop/hadoop-kms/3.2.1/hadoop-kms-3.2.1-tests.jar:/home/user/.m2/repository/org/apache/hadoop/hadoop-hdds-server-scm/0.6.0-SNAPSHOT/hadoop-hdds-server-scm-0.6.0-SNAPSHOT-tests.jar:/home/user/.m2/repository/org/apache/hadoop/hadoop-hdds-container-service/0.6.0-SNAPSHOT/hadoop-hdds-container-service-0.6.0-SNAPSHOT-tests.jar:/home/user/.m2/repository/org/apache/hadoop/hadoop-hdds-common/0.6.0-SNAPSHOT/hadoop-hdds-common-0.6.0-SNAPSHOT-tests.jar:/home/user/.m2/repository/org/yaml/snakeyaml/1.16/snakeyaml-1.16.jar:/home/user/.m2/repository/org/apache/hadoop/hadoop-hdds-hadoop-dependency-test/0.6.0-SNAPSHOT/hadoop-hdds-hadoop-dependency-test-0.6.0-SNAPSHOT.jar:/home/user/.m2/repository/org/apache/hadoop/hadoop-common/3.2.1/hadoop-common-3.2.1-tests.jar:/home/user/.m2/repository/javax/servlet/jsp/jsp-api/2.1/jsp-api-2.1.jar:/home/user/.m2/repository/org/apache/hadoop/hadoop-hdfs/3.2.1/hadoop-hdfs-3.2.1-tests.jar:/home/user/.m2/repository/org/eclipse/jetty/jetty-util-ajax/9.4.26.v20200117/jetty-util-ajax-9.4.26.v20200117.jar:/home/user/.m2/repository/commons-codec/commons-codec/1.11/commons-codec-1.11.jar:/home/user/.m2/repository/commons-daemon/commons-daemon/1.0.13/commons-daemon-1.0.13.jar:/home/user/.m2/repository/io/netty/netty/3.10.5.Final/netty-3.10.5.Final.jar:/home/user/.m2/repository/io/netty/netty-all/4.1.48.Final/netty-all-4.1.48.Final.jar:/home/user/.m2/repository/org/apache/htrace/htrace-core4/4.1.0-incubating/htrace-core4-4.1.0-incubating.jar:/home/user/.m2/repository/org/fusesource/leveldbjni/leveldbjni-all/1.8/leveldbjni-all-1.8.jar:/home/user/.m2/repository/org/apache/hadoop/hadoop-distcp/3.2.1/hadoop-distcp-3.2.1.jar:/home/user/.m2/repository/org/apache/hadoop/hadoop-mapreduce-client-jobclient/3.2.1/hadoop-mapreduce-client-jobclient-3.2.1.jar:/home/user/.m2/repository/org/apache/hadoop/hadoop-mapreduce-client-common/3.2.1/hadoop-mapreduce-client-common-3.2.1.jar:/home/user/.m2/repository/org/apache/hadoop/hadoop-yarn-common/3.2.1/hadoop-yarn-common-3.2.1.jar:/home/user/.m2/repository/org/apache/hadoop/hadoop-yarn-api/3.2.1/hadoop-yarn-api-3.2.1.jar:/home/user/.m2/repository/com/sun/jersey/jersey-client/1.19/jersey-client-1.19.jar:/home/user/.m2/repository/com/sun/jersey/contribs/jersey-guice/1.19/jersey-guice-1.19.jar:/home/user/.m2/repository/com/fasterxml/jackson/jaxrs/jackson-jaxrs-json-provider/2.10.3/jackson-jaxrs-json-provider-2.10.3.jar:/home/user/.m2/repository/com/fasterxml/jackson/jaxrs/jackson-jaxrs-base/2.10.3/jackson-jaxrs-base-2.10.3.jar:/home/user/.m2/repository/org/apache/hadoop/hadoop-yarn-client/3.2.1/hadoop-yarn-client-3.2.1.jar:/home/user/.m2/repository/org/apache/hadoop/hadoop-mapreduce-client-core/3.2.1/hadoop-mapreduce-client-core-3.2.1.jar:/home/user/.m2/repository/org/apache/avro/avro/1.7.7/avro-1.7.7.jar:/home/user/.m2/repository/org/codehaus/jackson/jackson-core-asl/1.9.13/jackson-core-asl-1.9.13.jar:/home/user/.m2/repository/org/codehaus/jackson/jackson-mapper-asl/1.9.13/jackson-mapper-asl-1.9.13.jar:/home/user/.m2/repository/com/thoughtworks/paranamer/paranamer/2.3/paranamer-2.3.jar:/home/user/.m2/repository/org/xerial/snappy/snappy-java/1.0.5/snappy-java-1.0.5.jar:/home/user/.m2/repository/org/apache/hadoop/hadoop-annotations/3.2.1/hadoop-annotations-3.2.1.jar:/usr/lib/jvm/java-1.8.0-openjdk-1.8.0.232.b09-0.el7_7.x86_64/jre/../lib/tools.jar:/home/user/.m2/repository/org/apache/hadoop/hadoop-distcp/3.2.1/hadoop-distcp-3.2.1-tests.jar:"/>
    <property name="java.vm.vendor" value="Oracle Corporation"/>
    <property name="sun.arch.data.model" value="64"/>
    <property name="test.build.dir" value="/github/workspace/mnt/ozone/hadoop-ozone/integration-test/target/test-dir"/>
    <property name="test.cache.data" value=""/>
    <property name="java.vendor.url" value="http://java.oracle.com/"/>
    <property name="user.timezone" value=""/>
    <property name="java.vm.specification.version" value="1.8"/>
    <property name="os.name" value="Linux"/>
    <property name="test.build.data" value="/github/workspace/mnt/ozone/hadoop-ozone/integration-test/target/test-dir"/>
    <property name="user.country" value="US"/>
    <property name="sun.java.launcher" value="SUN_STANDARD"/>
    <property name="sun.boot.library.path" value="/usr/lib/jvm/java-1.8.0-openjdk-1.8.0.232.b09-0.el7_7.x86_64/jre/lib/amd64"/>
    <property name="sun.java.command" value="/github/workspace/mnt/ozone/hadoop-ozone/integration-test/target/surefire/surefirebooter8466272556470394609.jar /github/workspace/mnt/ozone/hadoop-ozone/integration-test/target/surefire 2020-07-27T09-46-59_833-jvmRun1 surefire6465787234445249947tmp surefire_66758214076044503659tmp"/>
    <property name="surefire.test.class.path" value="/github/workspace/mnt/ozone/hadoop-ozone/integration-test/target/test-classes:/github/workspace/mnt/ozone/hadoop-ozone/integration-test/target/classes:/home/user/.m2/repository/org/apache/hadoop/hadoop-ozone-common/0.6.0-SNAPSHOT/hadoop-ozone-common-0.6.0-SNAPSHOT.jar:/home/user/.m2/repository/org/apache/commons/commons-compress/1.4.1/commons-compress-1.4.1.jar:/home/user/.m2/repository/org/tukaani/xz/1.0/xz-1.0.jar:/home/user/.m2/repository/org/apache/hadoop/hadoop-hdds-common/0.6.0-SNAPSHOT/hadoop-hdds-common-0.6.0-SNAPSHOT.jar:/home/user/.m2/repository/org/apache/hadoop/hadoop-hdds-hadoop-dependency-client/0.6.0-SNAPSHOT/hadoop-hdds-hadoop-dependency-client-0.6.0-SNAPSHOT.jar:/home/user/.m2/repository/info/picocli/picocli/3.9.6/picocli-3.9.6.jar:/home/user/.m2/repository/com/fasterxml/jackson/core/jackson-annotations/2.10.3/jackson-annotations-2.10.3.jar:/home/user/.m2/repository/javax/annotation/javax.annotation-api/1.2/javax.annotation-api-1.2.jar:/home/user/.m2/repository/org/apache/ratis/ratis-server/1.0.0/ratis-server-1.0.0.jar:/home/user/.m2/repository/org/apache/ratis/ratis-client/1.0.0/ratis-client-1.0.0.jar:/home/user/.m2/repository/org/apache/ratis/ratis-metrics/1.0.0/ratis-metrics-1.0.0.jar:/home/user/.m2/repository/org/apache/ratis/ratis-netty/1.0.0/ratis-netty-1.0.0.jar:/home/user/.m2/repository/org/apache/ratis/ratis-grpc/1.0.0/ratis-grpc-1.0.0.jar:/home/user/.m2/repository/org/apache/logging/log4j/log4j-api/2.11.0/log4j-api-2.11.0.jar:/home/user/.m2/repository/org/apache/logging/log4j/log4j-core/2.11.0/log4j-core-2.11.0.jar:/home/user/.m2/repository/com/lmax/disruptor/3.4.2/disruptor-3.4.2.jar:/home/user/.m2/repository/org/apache/commons/commons-pool2/2.6.0/commons-pool2-2.6.0.jar:/home/user/.m2/repository/org/bouncycastle/bcpkix-jdk15on/1.60/bcpkix-jdk15on-1.60.jar:/home/user/.m2/repository/commons-validator/commons-validator/1.6/commons-validator-1.6.jar:/home/user/.m2/repository/commons-digester/commons-digester/1.8.1/commons-digester-1.8.1.jar:/home/user/.m2/repository/io/jaegertracing/jaeger-client/1.2.0/jaeger-client-1.2.0.jar:/home/user/.m2/repository/io/jaegertracing/jaeger-thrift/1.2.0/jaeger-thrift-1.2.0.jar:/home/user/.m2/repository/org/apache/thrift/libthrift/0.13.0/libthrift-0.13.0.jar:/home/user/.m2/repository/com/squareup/okhttp3/okhttp/4.2.2/okhttp-4.2.2.jar:/home/user/.m2/repository/com/squareup/okio/okio/2.2.2/okio-2.2.2.jar:/home/user/.m2/repository/org/jetbrains/kotlin/kotlin-stdlib/1.3.50/kotlin-stdlib-1.3.50.jar:/home/user/.m2/repository/org/jetbrains/kotlin/kotlin-stdlib-common/1.3.50/kotlin-stdlib-common-1.3.50.jar:/home/user/.m2/repository/org/jetbrains/annotations/13.0/annotations-13.0.jar:/home/user/.m2/repository/io/jaegertracing/jaeger-core/1.2.0/jaeger-core-1.2.0.jar:/home/user/.m2/repository/io/jaegertracing/jaeger-tracerresolver/1.2.0/jaeger-tracerresolver-1.2.0.jar:/home/user/.m2/repository/io/opentracing/contrib/opentracing-tracerresolver/0.1.8/opentracing-tracerresolver-0.1.8.jar:/home/user/.m2/repository/io/opentracing/opentracing-util/0.33.0/opentracing-util-0.33.0.jar:/home/user/.m2/repository/io/opentracing/opentracing-api/0.33.0/opentracing-api-0.33.0.jar:/home/user/.m2/repository/io/opentracing/opentracing-noop/0.33.0/opentracing-noop-0.33.0.jar:/home/user/.m2/repository/org/apache/hadoop/hadoop-hdds-client/0.6.0-SNAPSHOT/hadoop-hdds-client-0.6.0-SNAPSHOT.jar:/home/user/.m2/repository/org/apache/hadoop/hadoop-ozone-interface-client/0.6.0-SNAPSHOT/hadoop-ozone-interface-client-0.6.0-SNAPSHOT.jar:/home/user/.m2/repository/org/apache/hadoop/hadoop-hdds-test-utils/0.6.0-SNAPSHOT/hadoop-hdds-test-utils-0.6.0-SNAPSHOT.jar:/home/user/.m2/repository/com/google/guava/guava/28.2-jre/guava-28.2-jre.jar:/home/user/.m2/repository/com/google/guava/failureaccess/1.0.1/failureaccess-1.0.1.jar:/home/user/.m2/repository/com/google/guava/listenablefuture/9999.0-empty-to-avoid-conflict-with-guava/listenablefuture-9999.0-empty-to-avoid-conflict-with-guava.jar:/home/user/.m2/repository/com/google/code/findbugs/jsr305/3.0.0/jsr305-3.0.0.jar:/home/user/.m2/repository/org/checkerframework/checker-qual/2.10.0/checker-qual-2.10.0.jar:/home/user/.m2/repository/com/google/errorprone/error_prone_annotations/2.2.0/error_prone_annotations-2.2.0.jar:/home/user/.m2/repository/com/google/j2objc/j2objc-annotations/1.3/j2objc-annotations-1.3.jar:/home/user/.m2/repository/commons-io/commons-io/2.5/commons-io-2.5.jar:/home/user/.m2/repository/commons-logging/commons-logging/1.2/commons-logging-1.2.jar:/home/user/.m2/repository/log4j/log4j/1.2.17/log4j-1.2.17.jar:/home/user/.m2/repository/org/slf4j/slf4j-api/1.7.25/slf4j-api-1.7.25.jar:/home/user/.m2/repository/org/apache/hadoop/hadoop-hdds-server-scm/0.6.0-SNAPSHOT/hadoop-hdds-server-scm-0.6.0-SNAPSHOT.jar:/home/user/.m2/repository/org/apache/hadoop/hadoop-hdds-container-service/0.6.0-SNAPSHOT/hadoop-hdds-container-service-0.6.0-SNAPSHOT.jar:/home/user/.m2/repository/org/apache/hadoop/hadoop-hdds-hadoop-dependency-server/0.6.0-SNAPSHOT/hadoop-hdds-hadoop-dependency-server-0.6.0-SNAPSHOT.jar:/home/user/.m2/repository/org/apache/hadoop/hadoop-hdds-server-framework/0.6.0-SNAPSHOT/hadoop-hdds-server-framework-0.6.0-SNAPSHOT.jar:/home/user/.m2/repository/org/apache/hadoop/hadoop-hdds-interface-server/0.6.0-SNAPSHOT/hadoop-hdds-interface-server-0.6.0-SNAPSHOT.jar:/home/user/.m2/repository/org/apache/hadoop/hadoop-hdds-interface-admin/0.6.0-SNAPSHOT/hadoop-hdds-interface-admin-0.6.0-SNAPSHOT.jar:/home/user/.m2/repository/org/rocksdb/rocksdbjni/6.8.1/rocksdbjni-6.8.1.jar:/home/user/.m2/repository/io/prometheus/simpleclient_dropwizard/0.7.0/simpleclient_dropwizard-0.7.0.jar:/home/user/.m2/repository/io/prometheus/simpleclient/0.7.0/simpleclient-0.7.0.jar:/home/user/.m2/repository/io/prometheus/simpleclient_common/0.7.0/simpleclient_common-0.7.0.jar:/home/user/.m2/repository/com/fasterxml/jackson/datatype/jackson-datatype-jsr310/2.10.3/jackson-datatype-jsr310-2.10.3.jar:/home/user/.m2/repository/org/apache/hadoop/hadoop-hdds-docs/0.6.0-SNAPSHOT/hadoop-hdds-docs-0.6.0-SNAPSHOT.jar:/home/user/.m2/repository/io/dropwizard/metrics/metrics-core/3.2.4/metrics-core-3.2.4.jar:/home/user/.m2/repository/org/apache/hadoop/hadoop-hdfs-client/3.2.1/hadoop-hdfs-client-3.2.1.jar:/home/user/.m2/repository/org/bouncycastle/bcprov-jdk15on/1.60/bcprov-jdk15on-1.60.jar:/home/user/.m2/repository/org/apache/hadoop/hadoop-ozone-ozone-manager/0.6.0-SNAPSHOT/hadoop-ozone-ozone-manager-0.6.0-SNAPSHOT.jar:/home/user/.m2/repository/org/apache/hadoop/hadoop-hdds-interface-client/0.6.0-SNAPSHOT/hadoop-hdds-interface-client-0.6.0-SNAPSHOT.jar:/home/user/.m2/repository/org/apache/ratis/ratis-thirdparty-misc/0.5.0/ratis-thirdparty-misc-0.5.0.jar:/home/user/.m2/repository/org/apache/hadoop/hadoop-minikdc/3.2.1/hadoop-minikdc-3.2.1.jar:/home/user/.m2/repository/org/apache/kerby/kerb-simplekdc/1.0.1/kerb-simplekdc-1.0.1.jar:/home/user/.m2/repository/org/apache/kerby/kerb-client/1.0.1/kerb-client-1.0.1.jar:/home/user/.m2/repository/org/apache/kerby/kerby-config/1.0.1/kerby-config-1.0.1.jar:/home/user/.m2/repository/org/apache/kerby/kerb-core/1.0.1/kerb-core-1.0.1.jar:/home/user/.m2/repository/org/apache/kerby/kerby-pkix/1.0.1/kerby-pkix-1.0.1.jar:/home/user/.m2/repository/org/apache/kerby/kerby-asn1/1.0.1/kerby-asn1-1.0.1.jar:/home/user/.m2/repository/org/apache/kerby/kerby-util/1.0.1/kerby-util-1.0.1.jar:/home/user/.m2/repository/org/apache/kerby/kerb-common/1.0.1/kerb-common-1.0.1.jar:/home/user/.m2/repository/org/apache/kerby/kerb-crypto/1.0.1/kerb-crypto-1.0.1.jar:/home/user/.m2/repository/org/apache/kerby/kerb-util/1.0.1/kerb-util-1.0.1.jar:/home/user/.m2/repository/org/apache/kerby/token-provider/1.0.1/token-provider-1.0.1.jar:/home/user/.m2/repository/org/apache/kerby/kerb-admin/1.0.1/kerb-admin-1.0.1.jar:/home/user/.m2/repository/org/apache/kerby/kerb-server/1.0.1/kerb-server-1.0.1.jar:/home/user/.m2/repository/org/apache/kerby/kerb-identity/1.0.1/kerb-identity-1.0.1.jar:/home/user/.m2/repository/org/apache/kerby/kerby-xdr/1.0.1/kerby-xdr-1.0.1.jar:/home/user/.m2/repository/org/slf4j/slf4j-log4j12/1.7.25/slf4j-log4j12-1.7.25.jar:/home/user/.m2/repository/org/apache/hadoop/hadoop-ozone-s3gateway/0.6.0-SNAPSHOT/hadoop-ozone-s3gateway-0.6.0-SNAPSHOT.jar:/home/user/.m2/repository/org/jboss/weld/servlet/weld-servlet/2.4.7.Final/weld-servlet-2.4.7.Final.jar:/home/user/.m2/repository/org/glassfish/jersey/containers/jersey-container-servlet-core/2.27/jersey-container-servlet-core-2.27.jar:/home/user/.m2/repository/org/glassfish/hk2/external/javax.inject/2.5.0-b42/javax.inject-2.5.0-b42.jar:/home/user/.m2/repository/org/glassfish/jersey/core/jersey-common/2.27/jersey-common-2.27.jar:/home/user/.m2/repository/org/glassfish/hk2/osgi-resource-locator/1.0.1/osgi-resource-locator-1.0.1.jar:/home/user/.m2/repository/javax/ws/rs/javax.ws.rs-api/2.1/javax.ws.rs-api-2.1.jar:/home/user/.m2/repository/org/glassfish/jersey/ext/cdi/jersey-cdi1x/2.27/jersey-cdi1x-2.27.jar:/home/user/.m2/repository/org/glassfish/jersey/inject/jersey-hk2/2.27/jersey-hk2-2.27.jar:/home/user/.m2/repository/org/glassfish/hk2/hk2-locator/2.5.0-b42/hk2-locator-2.5.0-b42.jar:/home/user/.m2/repository/org/javassist/javassist/3.22.0-CR2/javassist-3.22.0-CR2.jar:/home/user/.m2/repository/org/glassfish/hk2/hk2-api/2.5.0/hk2-api-2.5.0.jar:/home/user/.m2/repository/org/glassfish/hk2/external/jakarta.inject/2.5.0/jakarta.inject-2.5.0.jar:/home/user/.m2/repository/org/glassfish/hk2/hk2-utils/2.5.0/hk2-utils-2.5.0.jar:/home/user/.m2/repository/jakarta/annotation/jakarta.annotation-api/1.3.4/jakarta.annotation-api-1.3.4.jar:/home/user/.m2/repository/org/glassfish/hk2/external/aopalliance-repackaged/2.5.0/aopalliance-repackaged-2.5.0.jar:/home/user/.m2/repository/com/fasterxml/jackson/dataformat/jackson-dataformat-xml/2.10.3/jackson-dataformat-xml-2.10.3.jar:/home/user/.m2/repository/com/fasterxml/jackson/core/jackson-core/2.10.3/jackson-core-2.10.3.jar:/home/user/.m2/repository/com/fasterxml/jackson/module/jackson-module-jaxb-annotations/2.10.3/jackson-module-jaxb-annotations-2.10.3.jar:/home/user/.m2/repository/jakarta/xml/bind/jakarta.xml.bind-api/2.3.2/jakarta.xml.bind-api-2.3.2.jar:/home/user/.m2/repository/jakarta/activation/jakarta.activation-api/1.2.1/jakarta.activation-api-1.2.1.jar:/home/user/.m2/repository/org/codehaus/woodstox/stax2-api/3.1.4/stax2-api-3.1.4.jar:/home/user/.m2/repository/com/fasterxml/woodstox/woodstox-core/5.0.3/woodstox-core-5.0.3.jar:/home/user/.m2/repository/javax/enterprise/cdi-api/1.2/cdi-api-1.2.jar:/home/user/.m2/repository/javax/el/javax.el-api/3.0.0/javax.el-api-3.0.0.jar:/home/user/.m2/repository/javax/interceptor/javax.interceptor-api/1.2/javax.interceptor-api-1.2.jar:/home/user/.m2/repository/javax/inject/javax.inject/1/javax.inject-1.jar:/home/user/.m2/repository/com/sun/xml/bind/jaxb-impl/2.3.0.1/jaxb-impl-2.3.0.1.jar:/home/user/.m2/repository/com/sun/xml/bind/jaxb-core/2.3.0.1/jaxb-core-2.3.0.1.jar:/home/user/.m2/repository/javax/xml/bind/jaxb-api/2.3.0/jaxb-api-2.3.0.jar:/home/user/.m2/repository/javax/activation/activation/1.1.1/activation-1.1.1.jar:/home/user/.m2/repository/org/apache/hadoop/hadoop-ozone-csi/0.6.0-SNAPSHOT/hadoop-ozone-csi-0.6.0-SNAPSHOT.jar:/home/user/.m2/repository/com/google/protobuf/protobuf-java-util/3.11.0/protobuf-java-util-3.11.0.jar:/home/user/.m2/repository/com/google/code/gson/gson/2.2.4/gson-2.2.4.jar:/home/user/.m2/repository/org/apache/hadoop/hadoop-hdds-config/0.6.0-SNAPSHOT/hadoop-hdds-config-0.6.0-SNAPSHOT.jar:/home/user/.m2/repository/com/google/protobuf/protobuf-java/2.5.0/protobuf-java-2.5.0.jar:/home/user/.m2/repository/io/grpc/grpc-netty/1.29.0/grpc-netty-1.29.0.jar:/home/user/.m2/repository/io/grpc/grpc-core/1.29.0/grpc-core-1.29.0.jar:/home/user/.m2/repository/com/google/android/annotations/4.1.1.4/annotations-4.1.1.4.jar:/home/user/.m2/repository/io/perfmark/perfmark-api/0.19.0/perfmark-api-0.19.0.jar:/home/user/.m2/repository/io/netty/netty-codec-http2/4.1.48.Final/netty-codec-http2-4.1.48.Final.jar:/home/user/.m2/repository/io/netty/netty-codec/4.1.48.Final/netty-codec-4.1.48.Final.jar:/home/user/.m2/repository/io/netty/netty-handler/4.1.48.Final/netty-handler-4.1.48.Final.jar:/home/user/.m2/repository/io/netty/netty-codec-http/4.1.48.Final/netty-codec-http-4.1.48.Final.jar:/home/user/.m2/repository/io/netty/netty-handler-proxy/4.1.48.Final/netty-handler-proxy-4.1.48.Final.jar:/home/user/.m2/repository/io/netty/netty-codec-socks/4.1.48.Final/netty-codec-socks-4.1.48.Final.jar:/home/user/.m2/repository/io/netty/netty-transport-native-epoll/4.1.48.Final/netty-transport-native-epoll-4.1.48.Final.jar:/home/user/.m2/repository/io/netty/netty-common/4.1.48.Final/netty-common-4.1.48.Final.jar:/home/user/.m2/repository/io/netty/netty-buffer/4.1.48.Final/netty-buffer-4.1.48.Final.jar:/home/user/.m2/repository/io/netty/netty-transport/4.1.48.Final/netty-transport-4.1.48.Final.jar:/home/user/.m2/repository/io/netty/netty-resolver/4.1.48.Final/netty-resolver-4.1.48.Final.jar:/home/user/.m2/repository/io/netty/netty-transport-native-unix-common/4.1.48.Final/netty-transport-native-unix-common-4.1.48.Final.jar:/home/user/.m2/repository/io/grpc/grpc-protobuf/1.29.0/grpc-protobuf-1.29.0.jar:/home/user/.m2/repository/io/grpc/grpc-api/1.29.0/grpc-api-1.29.0.jar:/home/user/.m2/repository/io/grpc/grpc-context/1.29.0/grpc-context-1.29.0.jar:/home/user/.m2/repository/org/codehaus/mojo/animal-sniffer-annotations/1.18/animal-sniffer-annotations-1.18.jar:/home/user/.m2/repository/com/google/api/grpc/proto-google-common-protos/1.17.0/proto-google-common-protos-1.17.0.jar:/home/user/.m2/repository/io/grpc/grpc-protobuf-lite/1.29.0/grpc-protobuf-lite-1.29.0.jar:/home/user/.m2/repository/io/grpc/grpc-stub/1.29.0/grpc-stub-1.29.0.jar:/home/user/.m2/repository/org/apache/hadoop/hadoop-ozone-recon/0.6.0-SNAPSHOT/hadoop-ozone-recon-0.6.0-SNAPSHOT.jar:/home/user/.m2/repository/org/apache/hadoop/hadoop-ozone-reconcodegen/0.6.0-SNAPSHOT/hadoop-ozone-reconcodegen-0.6.0-SNAPSHOT.jar:/home/user/.m2/repository/com/google/inject/extensions/guice-multibindings/4.0/guice-multibindings-4.0.jar:/home/user/.m2/repository/com/google/inject/guice/4.0/guice-4.0.jar:/home/user/.m2/repository/aopalliance/aopalliance/1.0/aopalliance-1.0.jar:/home/user/.m2/repository/com/google/inject/extensions/guice-assistedinject/4.0/guice-assistedinject-4.0.jar:/home/user/.m2/repository/com/google/inject/extensions/guice-servlet/4.0/guice-servlet-4.0.jar:/home/user/.m2/repository/org/glassfish/jersey/containers/jersey-container-servlet/2.27/jersey-container-servlet-2.27.jar:/home/user/.m2/repository/org/glassfish/hk2/guice-bridge/2.5.0/guice-bridge-2.5.0.jar:/home/user/.m2/repository/org/glassfish/jersey/core/jersey-server/2.27/jersey-server-2.27.jar:/home/user/.m2/repository/org/glassfish/jersey/core/jersey-client/2.27/jersey-client-2.27.jar:/home/user/.m2/repository/org/glassfish/jersey/media/jersey-media-jaxb/2.27/jersey-media-jaxb-2.27.jar:/home/user/.m2/repository/javax/validation/validation-api/1.1.0.Final/validation-api-1.1.0.Final.jar:/home/user/.m2/repository/org/glassfish/jersey/media/jersey-media-json-jackson/2.27/jersey-media-json-jackson-2.27.jar:/home/user/.m2/repository/org/glassfish/jersey/ext/jersey-entity-filtering/2.27/jersey-entity-filtering-2.27.jar:/home/user/.m2/repository/org/jooq/jooq/3.11.10/jooq-3.11.10.jar:/home/user/.m2/repository/org/jooq/jooq-meta/3.11.10/jooq-meta-3.11.10.jar:/home/user/.m2/repository/org/jooq/jooq-codegen/3.11.10/jooq-codegen-3.11.10.jar:/home/user/.m2/repository/com/jolbox/bonecp/0.8.0.RELEASE/bonecp-0.8.0.RELEASE.jar:/home/user/.m2/repository/org/apache/derby/derby/10.14.2.0/derby-10.14.2.0.jar:/home/user/.m2/repository/org/xerial/sqlite-jdbc/3.25.2/sqlite-jdbc-3.25.2.jar:/home/user/.m2/repository/org/springframework/spring-jdbc/5.2.5.RELEASE/spring-jdbc-5.2.5.RELEASE.jar:/home/user/.m2/repository/org/springframework/spring-beans/5.2.5.RELEASE/spring-beans-5.2.5.RELEASE.jar:/home/user/.m2/repository/org/springframework/spring-core/5.2.5.RELEASE/spring-core-5.2.5.RELEASE.jar:/home/user/.m2/repository/org/springframework/spring-jcl/5.2.5.RELEASE/spring-jcl-5.2.5.RELEASE.jar:/home/user/.m2/repository/org/springframework/spring-tx/5.2.5.RELEASE/spring-tx-5.2.5.RELEASE.jar:/home/user/.m2/repository/org/apache/hadoop/hadoop-ozone-client/0.6.0-SNAPSHOT/hadoop-ozone-client-0.6.0-SNAPSHOT.jar:/home/user/.m2/repository/org/apache/hadoop/hadoop-ozone-filesystem/0.6.0-SNAPSHOT/hadoop-ozone-filesystem-0.6.0-SNAPSHOT.jar:/home/user/.m2/repository/org/apache/hadoop/hadoop-ozone-filesystem-common/0.6.0-SNAPSHOT/hadoop-ozone-filesystem-common-0.6.0-SNAPSHOT.jar:/home/user/.m2/repository/org/apache/hadoop/hadoop-ozone-tools/0.6.0-SNAPSHOT/hadoop-ozone-tools-0.6.0-SNAPSHOT.jar:/home/user/.m2/repository/org/apache/hadoop/hadoop-hdfs/3.2.1/hadoop-hdfs-3.2.1.jar:/home/user/.m2/repository/org/apache/ratis/ratis-tools/1.0.0/ratis-tools-1.0.0.jar:/home/user/.m2/repository/org/apache/ratis/ratis-proto/1.0.0/ratis-proto-1.0.0.jar:/home/user/.m2/repository/org/apache/ratis/ratis-common/1.0.0/ratis-common-1.0.0.jar:/home/user/.m2/repository/com/amazonaws/aws-java-sdk-core/1.11.615/aws-java-sdk-core-1.11.615.jar:/home/user/.m2/repository/org/apache/httpcomponents/httpclient/4.5.2/httpclient-4.5.2.jar:/home/user/.m2/repository/org/apache/httpcomponents/httpcore/4.4.4/httpcore-4.4.4.jar:/home/user/.m2/repository/software/amazon/ion/ion-java/1.0.2/ion-java-1.0.2.jar:/home/user/.m2/repository/com/fasterxml/jackson/dataformat/jackson-dataformat-cbor/2.10.3/jackson-dataformat-cbor-2.10.3.jar:/home/user/.m2/repository/joda-time/joda-time/2.8.1/joda-time-2.8.1.jar:/home/user/.m2/repository/com/amazonaws/aws-java-sdk-s3/1.11.615/aws-java-sdk-s3-1.11.615.jar:/home/user/.m2/repository/com/amazonaws/aws-java-sdk-kms/1.11.615/aws-java-sdk-kms-1.11.615.jar:/home/user/.m2/repository/com/amazonaws/jmespath-java/1.11.615/jmespath-java-1.11.615.jar:/home/user/.m2/repository/org/apache/hadoop/hadoop-hdds-tools/0.6.0-SNAPSHOT/hadoop-hdds-tools-0.6.0-SNAPSHOT.jar:/home/user/.m2/repository/commons-cli/commons-cli/1.2/commons-cli-1.2.jar:/home/user/.m2/repository/org/apache/commons/commons-lang3/3.7/commons-lang3-3.7.jar:/home/user/.m2/repository/org/apache/hadoop/hadoop-ozone-ozone-manager/0.6.0-SNAPSHOT/hadoop-ozone-ozone-manager-0.6.0-SNAPSHOT-tests.jar:/home/user/.m2/repository/junit/junit/4.11/junit-4.11.jar:/home/user/.m2/repository/org/hamcrest/hamcrest-core/1.3/hamcrest-core-1.3.jar:/home/user/.m2/repository/org/openjdk/jmh/jmh-core/1.19/jmh-core-1.19.jar:/home/user/.m2/repository/net/sf/jopt-simple/jopt-simple/4.6/jopt-simple-4.6.jar:/home/user/.m2/repository/org/apache/commons/commons-math3/3.1.1/commons-math3-3.1.1.jar:/home/user/.m2/repository/org/openjdk/jmh/jmh-generator-annprocess/1.19/jmh-generator-annprocess-1.19.jar:/home/user/.m2/repository/org/mockito/mockito-all/1.8.5/mockito-all-1.8.5.jar:/home/user/.m2/repository/org/apache/hadoop/hadoop-kms/3.2.1/hadoop-kms-3.2.1.jar:/home/user/.m2/repository/org/apache/hadoop/hadoop-auth/3.2.1/hadoop-auth-3.2.1.jar:/home/user/.m2/repository/com/nimbusds/nimbus-jose-jwt/7.9/nimbus-jose-jwt-7.9.jar:/home/user/.m2/repository/com/github/stephenc/jcip/jcip-annotations/1.0-1/jcip-annotations-1.0-1.jar:/home/user/.m2/repository/net/minidev/json-smart/2.3/json-smart-2.3.jar:/home/user/.m2/repository/net/minidev/accessors-smart/1.2/accessors-smart-1.2.jar:/home/user/.m2/repository/org/ow2/asm/asm/5.0.4/asm-5.0.4.jar:/home/user/.m2/repository/org/apache/zookeeper/zookeeper/3.4.13/zookeeper-3.4.13.jar:/home/user/.m2/repository/org/apache/yetus/audience-annotations/0.5.0/audience-annotations-0.5.0.jar:/home/user/.m2/repository/org/apache/curator/curator-framework/2.13.0/curator-framework-2.13.0.jar:/home/user/.m2/repository/com/sun/jersey/jersey-core/1.19/jersey-core-1.19.jar:/home/user/.m2/repository/javax/ws/rs/jsr311-api/1.1.1/jsr311-api-1.1.1.jar:/home/user/.m2/repository/com/sun/jersey/jersey-server/1.19/jersey-server-1.19.jar:/home/user/.m2/repository/javax/servlet/javax.servlet-api/3.1.0/javax.servlet-api-3.1.0.jar:/home/user/.m2/repository/org/eclipse/jetty/jetty-server/9.4.26.v20200117/jetty-server-9.4.26.v20200117.jar:/home/user/.m2/repository/org/eclipse/jetty/jetty-http/9.4.26.v20200117/jetty-http-9.4.26.v20200117.jar:/home/user/.m2/repository/org/eclipse/jetty/jetty-io/9.4.26.v20200117/jetty-io-9.4.26.v20200117.jar:/home/user/.m2/repository/org/eclipse/jetty/jetty-webapp/9.4.26.v20200117/jetty-webapp-9.4.26.v20200117.jar:/home/user/.m2/repository/org/eclipse/jetty/jetty-xml/9.4.26.v20200117/jetty-xml-9.4.26.v20200117.jar:/home/user/.m2/repository/org/eclipse/jetty/jetty-servlet/9.4.26.v20200117/jetty-servlet-9.4.26.v20200117.jar:/home/user/.m2/repository/org/eclipse/jetty/jetty-security/9.4.26.v20200117/jetty-security-9.4.26.v20200117.jar:/home/user/.m2/repository/org/apache/hadoop/hadoop-common/3.2.1/hadoop-common-3.2.1.jar:/home/user/.m2/repository/commons-net/commons-net/3.6/commons-net-3.6.jar:/home/user/.m2/repository/commons-collections/commons-collections/3.2.2/commons-collections-3.2.2.jar:/home/user/.m2/repository/com/sun/jersey/jersey-servlet/1.19/jersey-servlet-1.19.jar:/home/user/.m2/repository/com/sun/jersey/jersey-json/1.19/jersey-json-1.19.jar:/home/user/.m2/repository/org/codehaus/jettison/jettison/1.1/jettison-1.1.jar:/home/user/.m2/repository/org/codehaus/jackson/jackson-jaxrs/1.9.2/jackson-jaxrs-1.9.2.jar:/home/user/.m2/repository/org/codehaus/jackson/jackson-xc/1.9.2/jackson-xc-1.9.2.jar:/home/user/.m2/repository/commons-beanutils/commons-beanutils/1.9.4/commons-beanutils-1.9.4.jar:/home/user/.m2/repository/org/apache/commons/commons-configuration2/2.1.1/commons-configuration2-2.1.1.jar:/home/user/.m2/repository/org/apache/commons/commons-text/1.4/commons-text-1.4.jar:/home/user/.m2/repository/com/google/re2j/re2j/1.1/re2j-1.1.jar:/home/user/.m2/repository/com/jcraft/jsch/0.1.54/jsch-0.1.54.jar:/home/user/.m2/repository/org/apache/curator/curator-client/2.13.0/curator-client-2.13.0.jar:/home/user/.m2/repository/org/apache/curator/curator-recipes/2.13.0/curator-recipes-2.13.0.jar:/home/user/.m2/repository/dnsjava/dnsjava/2.1.7/dnsjava-2.1.7.jar:/home/user/.m2/repository/org/slf4j/jul-to-slf4j/1.7.25/jul-to-slf4j-1.7.25.jar:/home/user/.m2/repository/org/eclipse/jetty/jetty-util/9.4.26.v20200117/jetty-util-9.4.26.v20200117.jar:/home/user/.m2/repository/com/fasterxml/jackson/core/jackson-databind/2.10.3/jackson-databind-2.10.3.jar:/home/user/.m2/repository/org/apache/hadoop/hadoop-kms/3.2.1/hadoop-kms-3.2.1-tests.jar:/home/user/.m2/repository/org/apache/hadoop/hadoop-hdds-server-scm/0.6.0-SNAPSHOT/hadoop-hdds-server-scm-0.6.0-SNAPSHOT-tests.jar:/home/user/.m2/repository/org/apache/hadoop/hadoop-hdds-container-service/0.6.0-SNAPSHOT/hadoop-hdds-container-service-0.6.0-SNAPSHOT-tests.jar:/home/user/.m2/repository/org/apache/hadoop/hadoop-hdds-common/0.6.0-SNAPSHOT/hadoop-hdds-common-0.6.0-SNAPSHOT-tests.jar:/home/user/.m2/repository/org/yaml/snakeyaml/1.16/snakeyaml-1.16.jar:/home/user/.m2/repository/org/apache/hadoop/hadoop-hdds-hadoop-dependency-test/0.6.0-SNAPSHOT/hadoop-hdds-hadoop-dependency-test-0.6.0-SNAPSHOT.jar:/home/user/.m2/repository/org/apache/hadoop/hadoop-common/3.2.1/hadoop-common-3.2.1-tests.jar:/home/user/.m2/repository/javax/servlet/jsp/jsp-api/2.1/jsp-api-2.1.jar:/home/user/.m2/repository/org/apache/hadoop/hadoop-hdfs/3.2.1/hadoop-hdfs-3.2.1-tests.jar:/home/user/.m2/repository/org/eclipse/jetty/jetty-util-ajax/9.4.26.v20200117/jetty-util-ajax-9.4.26.v20200117.jar:/home/user/.m2/repository/commons-codec/commons-codec/1.11/commons-codec-1.11.jar:/home/user/.m2/repository/commons-daemon/commons-daemon/1.0.13/commons-daemon-1.0.13.jar:/home/user/.m2/repository/io/netty/netty/3.10.5.Final/netty-3.10.5.Final.jar:/home/user/.m2/repository/io/netty/netty-all/4.1.48.Final/netty-all-4.1.48.Final.jar:/home/user/.m2/repository/org/apache/htrace/htrace-core4/4.1.0-incubating/htrace-core4-4.1.0-incubating.jar:/home/user/.m2/repository/org/fusesource/leveldbjni/leveldbjni-all/1.8/leveldbjni-all-1.8.jar:/home/user/.m2/repository/org/apache/hadoop/hadoop-distcp/3.2.1/hadoop-distcp-3.2.1.jar:/home/user/.m2/repository/org/apache/hadoop/hadoop-mapreduce-client-jobclient/3.2.1/hadoop-mapreduce-client-jobclient-3.2.1.jar:/home/user/.m2/repository/org/apache/hadoop/hadoop-mapreduce-client-common/3.2.1/hadoop-mapreduce-client-common-3.2.1.jar:/home/user/.m2/repository/org/apache/hadoop/hadoop-yarn-common/3.2.1/hadoop-yarn-common-3.2.1.jar:/home/user/.m2/repository/org/apache/hadoop/hadoop-yarn-api/3.2.1/hadoop-yarn-api-3.2.1.jar:/home/user/.m2/repository/com/sun/jersey/jersey-client/1.19/jersey-client-1.19.jar:/home/user/.m2/repository/com/sun/jersey/contribs/jersey-guice/1.19/jersey-guice-1.19.jar:/home/user/.m2/repository/com/fasterxml/jackson/jaxrs/jackson-jaxrs-json-provider/2.10.3/jackson-jaxrs-json-provider-2.10.3.jar:/home/user/.m2/repository/com/fasterxml/jackson/jaxrs/jackson-jaxrs-base/2.10.3/jackson-jaxrs-base-2.10.3.jar:/home/user/.m2/repository/org/apache/hadoop/hadoop-yarn-client/3.2.1/hadoop-yarn-client-3.2.1.jar:/home/user/.m2/repository/org/apache/hadoop/hadoop-mapreduce-client-core/3.2.1/hadoop-mapreduce-client-core-3.2.1.jar:/home/user/.m2/repository/org/apache/avro/avro/1.7.7/avro-1.7.7.jar:/home/user/.m2/repository/org/codehaus/jackson/jackson-core-asl/1.9.13/jackson-core-asl-1.9.13.jar:/home/user/.m2/repository/org/codehaus/jackson/jackson-mapper-asl/1.9.13/jackson-mapper-asl-1.9.13.jar:/home/user/.m2/repository/com/thoughtworks/paranamer/paranamer/2.3/paranamer-2.3.jar:/home/user/.m2/repository/org/xerial/snappy/snappy-java/1.0.5/snappy-java-1.0.5.jar:/home/user/.m2/repository/org/apache/hadoop/hadoop-annotations/3.2.1/hadoop-annotations-3.2.1.jar:/usr/lib/jvm/java-1.8.0-openjdk-1.8.0.232.b09-0.el7_7.x86_64/jre/../lib/tools.jar:/home/user/.m2/repository/org/apache/hadoop/hadoop-distcp/3.2.1/hadoop-distcp-3.2.1-tests.jar:"/>
    <property name="sun.cpu.endian" value="little"/>
    <property name="user.home" value="/home/user"/>
    <property name="user.language" value="en"/>
    <property name="java.specification.vendor" value="Oracle Corporation"/>
    <property name="java.home" value="/usr/lib/jvm/java-1.8.0-openjdk-1.8.0.232.b09-0.el7_7.x86_64/jre"/>
    <property name="java.security.krb5.conf" value="/github/workspace/mnt/ozone/hadoop-ozone/integration-test/target/test-classes/krb5.conf"/>
    <property name="basedir" value="/github/workspace/mnt/ozone/hadoop-ozone/integration-test"/>
    <property name="file.separator" value="/"/>
    <property name="line.separator" value="&#10;"/>
    <property name="java.vm.specification.vendor" value="Oracle Corporation"/>
    <property name="java.specification.name" value="Java Platform API Specification"/>
    <property name="java.awt.graphicsenv" value="sun.awt.X11GraphicsEnvironment"/>
    <property name="skip.installnpx" value="true"/>
    <property name="surefire.real.class.path" value="/github/workspace/mnt/ozone/hadoop-ozone/integration-test/target/surefire/surefirebooter8466272556470394609.jar:/home/user/.m2/repository/org/jacoco/org.jacoco.agent/0.8.5/org.jacoco.agent-0.8.5-runtime.jar"/>
    <property name="hadoop.log.dir" value="/github/workspace/mnt/ozone/hadoop-ozone/integration-test/target/log"/>
    <property name="sun.boot.class.path" value="/usr/lib/jvm/java-1.8.0-openjdk-1.8.0.232.b09-0.el7_7.x86_64/jre/lib/resources.jar:/usr/lib/jvm/java-1.8.0-openjdk-1.8.0.232.b09-0.el7_7.x86_64/jre/lib/rt.jar:/usr/lib/jvm/java-1.8.0-openjdk-1.8.0.232.b09-0.el7_7.x86_64/jre/lib/sunrsasign.jar:/usr/lib/jvm/java-1.8.0-openjdk-1.8.0.232.b09-0.el7_7.x86_64/jre/lib/jsse.jar:/usr/lib/jvm/java-1.8.0-openjdk-1.8.0.232.b09-0.el7_7.x86_64/jre/lib/jce.jar:/usr/lib/jvm/java-1.8.0-openjdk-1.8.0.232.b09-0.el7_7.x86_64/jre/lib/charsets.jar:/usr/lib/jvm/java-1.8.0-openjdk-1.8.0.232.b09-0.el7_7.x86_64/jre/lib/jfr.jar:/usr/lib/jvm/java-1.8.0-openjdk-1.8.0.232.b09-0.el7_7.x86_64/jre/classes"/>
    <property name="sun.management.compiler" value="HotSpot 64-Bit Tiered Compilers"/>
    <property name="skip.npx" value="true"/>
    <property name="java.runtime.version" value="1.8.0_232-b09"/>
    <property name="java.net.preferIPv4Stack" value="true"/>
    <property name="user.name" value="jenkins1001"/>
    <property name="path.separator" value=":"/>
    <property name="java.security.egd" value="file:///dev/urandom"/>
    <property name="os.version" value="5.3.0-1032-azure"/>
    <property name="java.endorsed.dirs" value="/usr/lib/jvm/java-1.8.0-openjdk-1.8.0.232.b09-0.el7_7.x86_64/jre/lib/endorsed"/>
    <property name="java.runtime.name" value="OpenJDK Runtime Environment"/>
    <property name="file.encoding" value="ANSI_X3.4-1968"/>
    <property name="java.vm.name" value="OpenJDK 64-Bit Server VM"/>
    <property name="test.build.webapps" value=""/>
    <property name="localRepository" value="/home/user/.m2/repository"/>
    <property name="java.vendor.url.bug" value="http://bugreport.sun.com/bugreport/"/>
    <property name="java.io.tmpdir" value="/tmp"/>
    <property name="require.test.libhadoop" value=""/>
    <property name="java.version" value="1.8.0_232"/>
    <property name="user.dir" value="/github/workspace/mnt/ozone/hadoop-ozone/integration-test"/>
    <property name="os.arch" value="amd64"/>
    <property name="java.vm.specification.name" value="Java Virtual Machine Specification"/>
    <property name="test.build.classes" value="/github/workspace/mnt/ozone/hadoop-ozone/integration-test/target/test-classes"/>
    <property name="java.awt.printerjob" value="sun.print.PSPrinterJob"/>
    <property name="sun.os.patch.level" value="unknown"/>
    <property name="hadoop.tmp.dir" value="/github/workspace/mnt/ozone/hadoop-ozone/integration-test/target/tmp"/>
    <property name="java.library.path" value="/usr/lib:/usr/java/packages/lib/amd64:/usr/lib64:/lib64:/lib:/usr/lib"/>
    <property name="java.vm.info" value="mixed mode"/>
    <property name="java.vendor" value="Oracle Corporation"/>
    <property name="java.vm.version" value="25.232-b09"/>
    <property name="java.ext.dirs" value="/usr/lib/jvm/java-1.8.0-openjdk-1.8.0.232.b09-0.el7_7.x86_64/jre/lib/ext:/usr/java/packages/lib/ext"/>
    <property name="sun.io.unicode.encoding" value="UnicodeLittle"/>
    <property name="java.class.version" value="52.0"/>
  </properties>
  <testcase name="testGroupMismatchExceptionHandling" classname="org.apache.hadoop.ozone.client.rpc.TestOzoneClientRetriesOnException" time="42.867"/>
  <testcase name="testMaxRetriesByOzoneClient" classname="org.apache.hadoop.ozone.client.rpc.TestOzoneClientRetriesOnException" time="35.745">
    <failure message="Expected exception not thrown" type="java.lang.AssertionError">java.lang.AssertionError: Expected exception not thrown
	at org.junit.Assert.fail(Assert.java:88)
	at org.apache.hadoop.ozone.client.rpc.TestOzoneClientRetriesOnException.testMaxRetriesByOzoneClient(TestOzoneClientRetriesOnException.java:231)
	at sun.reflect.NativeMethodAccessorImpl.invoke0(Native Method)
	at sun.reflect.NativeMethodAccessorImpl.invoke(NativeMethodAccessorImpl.java:62)
	at sun.reflect.DelegatingMethodAccessorImpl.invoke(DelegatingMethodAccessorImpl.java:43)
	at java.lang.reflect.Method.invoke(Method.java:498)
	at org.junit.runners.model.FrameworkMethod$1.runReflectiveCall(FrameworkMethod.java:47)
	at org.junit.internal.runners.model.ReflectiveCallable.run(ReflectiveCallable.java:12)
	at org.junit.runners.model.FrameworkMethod.invokeExplosively(FrameworkMethod.java:44)
	at org.junit.internal.runners.statements.InvokeMethod.evaluate(InvokeMethod.java:17)
	at org.junit.internal.runners.statements.RunBefores.evaluate(RunBefores.java:26)
	at org.junit.internal.runners.statements.RunAfters.evaluate(RunAfters.java:27)
	at org.junit.internal.runners.statements.FailOnTimeout$StatementThread.run(FailOnTimeout.java:74)
</failure>
    <system-out><![CDATA[2020-07-27 09:55:33,392 [Thread-361] WARN  server.ServerUtils (ServerUtils.java:getScmDbDir(148)) - ozone.scm.db.dirs is not configured. We recommend adding this setting. Falling back to ozone.metadata.dirs instead.
2020-07-27 09:55:33,393 [Thread-361] WARN  server.ServerUtils (ServerUtils.java:getScmDbDir(148)) - ozone.scm.db.dirs is not configured. We recommend adding this setting. Falling back to ozone.metadata.dirs instead.
2020-07-27 09:55:33,393 [Thread-361] WARN  db.DBStoreBuilder (DBStoreBuilder.java:createDBStoreBuilder(277)) - ozone.scm.db.dirs is not configured. We recommend adding this setting. Falling back to ozone.metadata.dirs instead.
2020-07-27 09:55:33,415 [Thread-361] INFO  net.NodeSchemaLoader (NodeSchemaLoader.java:loadSchemaFromFile(126)) - Loading file from sun.misc.CompoundEnumeration@be2e218
2020-07-27 09:55:33,415 [Thread-361] INFO  net.NodeSchemaLoader (NodeSchemaLoader.java:loadSchema(172)) - Loading network topology layer schema file
2020-07-27 09:55:33,418 [Thread-361] WARN  server.ServerUtils (ServerUtils.java:sanitizeUserArgs(73)) - ozone.scm.stale.node.interval value = 300000 is larger than max = 100000 based on the key value of ozone.scm.heartbeat.thread.interval, reset to the max value 100000.
2020-07-27 09:55:33,418 [Thread-361] WARN  server.ServerUtils (ServerUtils.java:sanitizeUserArgs(73)) - ozone.scm.stale.node.interval value = 300000 is larger than max = 100000 based on the key value of ozone.scm.heartbeat.thread.interval, reset to the max value 100000.
2020-07-27 09:55:33,418 [Thread-361] INFO  node.SCMNodeManager (SCMNodeManager.java:<init>(116)) - Entering startup safe mode.
2020-07-27 09:55:33,419 [Thread-361] INFO  algorithms.ContainerPlacementPolicyFactory (ContainerPlacementPolicyFactory.java:getPolicy(60)) - Create container placement policy of type org.apache.hadoop.hdds.scm.container.placement.algorithms.SCMContainerPlacementRandom
2020-07-27 09:55:33,419 [Thread-361] INFO  pipeline.SCMPipelineManager (SCMPipelineManager.java:initializePipelineState(158)) - No pipeline exists in current db
2020-07-27 09:55:33,420 [Thread-361] INFO  safemode.HealthyPipelineSafeModeRule (HealthyPipelineSafeModeRule.java:<init>(89)) - Total pipeline count is 0, healthy pipeline threshold count is 0
2020-07-27 09:55:33,420 [Thread-361] INFO  safemode.OneReplicaPipelineSafeModeRule (OneReplicaPipelineSafeModeRule.java:<init>(79)) - Total pipeline count is 0, pipeline's with at least one datanode reported threshold count is 0
2020-07-27 09:55:33,421 [Thread-361] INFO  ipc.CallQueueManager (CallQueueManager.java:<init>(84)) - Using callQueue: class java.util.concurrent.LinkedBlockingQueue, queueCapacity: 2000, scheduler: class org.apache.hadoop.ipc.DefaultRpcScheduler, ipcBackoff: false.
2020-07-27 09:55:33,421 [Socket Reader #1 for port 0] INFO  ipc.Server (Server.java:run(1219)) - Starting Socket Reader #1 for port 0
2020-07-27 09:55:33,422 [Listener at 0.0.0.0/35005] INFO  ipc.CallQueueManager (CallQueueManager.java:<init>(84)) - Using callQueue: class java.util.concurrent.LinkedBlockingQueue, queueCapacity: 2000, scheduler: class org.apache.hadoop.ipc.DefaultRpcScheduler, ipcBackoff: false.
2020-07-27 09:55:33,423 [Socket Reader #1 for port 0] INFO  ipc.Server (Server.java:run(1219)) - Starting Socket Reader #1 for port 0
2020-07-27 09:55:33,424 [RatisPipelineUtilsThread] ERROR pipeline.SCMPipelineManager (SCMPipelineManager.java:createPipeline(275)) - Failed to create pipeline of type RATIS and factor ONE. Exception: Cannot create pipeline of factor 1 using 0 nodes. Used 0 nodes. Healthy nodes 0
2020-07-27 09:55:33,425 [Listener at 0.0.0.0/43151] INFO  ipc.CallQueueManager (CallQueueManager.java:<init>(84)) - Using callQueue: class java.util.concurrent.LinkedBlockingQueue, queueCapacity: 2000, scheduler: class org.apache.hadoop.ipc.DefaultRpcScheduler, ipcBackoff: false.
2020-07-27 09:55:33,425 [Socket Reader #1 for port 0] INFO  ipc.Server (Server.java:run(1219)) - Starting Socket Reader #1 for port 0
2020-07-27 09:55:33,430 [Listener at 0.0.0.0/35501] INFO  http.BaseHttpServer (BaseHttpServer.java:newHttpServer2BuilderForOzone(207)) - Starting Web-server for scm at: http://0.0.0.0:0
2020-07-27 09:55:33,430 [Listener at 0.0.0.0/35501] INFO  http.BaseHttpServer (BaseHttpServer.java:<init>(106)) - Hadoop Security Enabled: false Ozone Security Enabled: false Ozone HTTP Security Enabled: false 
2020-07-27 09:55:33,431 [Listener at 0.0.0.0/35501] INFO  server.AuthenticationFilter (AuthenticationFilter.java:constructSecretProvider(240)) - Unable to initialize FileSignerSecretProvider, falling back to use random secrets.
2020-07-27 09:55:33,432 [Listener at 0.0.0.0/35501] WARN  http.HttpRequestLog (HttpRequestLog.java:getRequestLog(103)) - Jetty request log can only be enabled using Log4j
2020-07-27 09:55:33,433 [Listener at 0.0.0.0/35501] INFO  http.HttpServer2 (HttpServer2.java:addGlobalFilter(998)) - Added global filter 'safety' (class=org.apache.hadoop.hdds.server.http.HttpServer2$QuotingInputFilter)
2020-07-27 09:55:33,434 [Listener at 0.0.0.0/35501] INFO  http.HttpServer2 (HttpServer2.java:addFilter(974)) - Added filter static_user_filter (class=org.apache.hadoop.http.lib.StaticUserWebFilter$StaticUserFilter) to context scm
2020-07-27 09:55:33,434 [Listener at 0.0.0.0/35501] INFO  http.HttpServer2 (HttpServer2.java:addFilter(982)) - Added filter static_user_filter (class=org.apache.hadoop.http.lib.StaticUserWebFilter$StaticUserFilter) to context static
2020-07-27 09:55:33,434 [Listener at 0.0.0.0/35501] INFO  http.HttpServer2 (HttpServer2.java:addFilter(982)) - Added filter static_user_filter (class=org.apache.hadoop.http.lib.StaticUserWebFilter$StaticUserFilter) to context logs
2020-07-27 09:55:33,443 [Listener at 0.0.0.0/35501] INFO  server.StorageContainerManager (StorageContainerManager.java:start(784)) - StorageContainerLocationProtocol RPC server is listening at /0.0.0.0:35501
2020-07-27 09:55:33,444 [Listener at 0.0.0.0/35501] WARN  impl.MetricsConfig (MetricsConfig.java:loadFirst(134)) - Cannot locate configuration: tried hadoop-metrics2-storagecontainermanager.properties,hadoop-metrics2.properties
2020-07-27 09:55:33,446 [Listener at 0.0.0.0/35501] INFO  impl.MetricsSystemImpl (MetricsSystemImpl.java:startTimer(374)) - Scheduled Metric snapshot period at 10 second(s).
2020-07-27 09:55:33,446 [Listener at 0.0.0.0/35501] INFO  impl.MetricsSystemImpl (MetricsSystemImpl.java:start(191)) - StorageContainerManager metrics system started
2020-07-27 09:55:33,458 [Listener at 0.0.0.0/35501] WARN  impl.MetricsSystemImpl (MetricsSystemImpl.java:register(276)) - Sink prometheus already exists!
2020-07-27 09:55:33,470 [Listener at 0.0.0.0/35501] INFO  server.SCMClientProtocolServer (SCMClientProtocolServer.java:start(156)) - RPC server for Client  is listening at /0.0.0.0:35501
2020-07-27 09:55:33,471 [IPC Server Responder] INFO  ipc.Server (Server.java:run(1460)) - IPC Server Responder: starting
2020-07-27 09:55:33,474 [IPC Server listener on 0] INFO  ipc.Server (Server.java:run(1298)) - IPC Server listener on 0: starting
2020-07-27 09:55:33,481 [Listener at 0.0.0.0/35501] INFO  server.StorageContainerManager (StorageContainerManager.java:start(796)) - ScmBlockLocationProtocol RPC server is listening at /0.0.0.0:43151
2020-07-27 09:55:33,481 [Listener at 0.0.0.0/35501] INFO  server.SCMBlockProtocolServer (SCMBlockProtocolServer.java:start(149)) - RPC server for Block Protocol is listening at /0.0.0.0:43151
2020-07-27 09:55:33,482 [IPC Server Responder] INFO  ipc.Server (Server.java:run(1460)) - IPC Server Responder: starting
2020-07-27 09:55:33,482 [IPC Server listener on 0] INFO  ipc.Server (Server.java:run(1298)) - IPC Server listener on 0: starting
2020-07-27 09:55:33,492 [Listener at 0.0.0.0/35501] INFO  server.StorageContainerManager (StorageContainerManager.java:start(802)) - ScmDatanodeProtocl RPC server is listening at /0.0.0.0:35005
2020-07-27 09:55:33,492 [Listener at 0.0.0.0/35501] INFO  server.SCMDatanodeProtocolServer (SCMDatanodeProtocolServer.java:start(172)) - RPC server for DataNodes is listening at /0.0.0.0:35005
2020-07-27 09:55:33,493 [IPC Server Responder] INFO  ipc.Server (Server.java:run(1460)) - IPC Server Responder: starting
2020-07-27 09:55:33,494 [IPC Server listener on 0] INFO  ipc.Server (Server.java:run(1298)) - IPC Server listener on 0: starting
2020-07-27 09:55:33,501 [Listener at 0.0.0.0/35501] INFO  http.HttpServer2 (HttpServer2.java:bindListener(1216)) - Jetty bound to port 43809
2020-07-27 09:55:33,501 [Listener at 0.0.0.0/35501] INFO  server.Server (Server.java:doStart(359)) - jetty-9.4.26.v20200117; built: 2020-01-17T12:35:33.676Z; git: 7b38981d25d14afb4a12ff1f2596756144edf695; jvm 1.8.0_232-b09
2020-07-27 09:55:33,503 [Listener at 0.0.0.0/35501] INFO  server.session (DefaultSessionIdManager.java:doStart(333)) - DefaultSessionIdManager workerName=node0
2020-07-27 09:55:33,503 [Listener at 0.0.0.0/35501] INFO  server.session (DefaultSessionIdManager.java:doStart(338)) - No SessionScavenger set, using defaults
2020-07-27 09:55:33,504 [Listener at 0.0.0.0/35501] INFO  server.session (HouseKeeper.java:startScavenging(140)) - node0 Scavenging every 660000ms
2020-07-27 09:55:33,504 [Listener at 0.0.0.0/35501] INFO  handler.ContextHandler (ContextHandler.java:doStart(825)) - Started o.e.j.s.ServletContextHandler@69a5c709{logs,/logs,file:///github/workspace/mnt/ozone/hadoop-ozone/integration-test/target/log,AVAILABLE}
2020-07-27 09:55:33,505 [Listener at 0.0.0.0/35501] INFO  handler.ContextHandler (ContextHandler.java:doStart(825)) - Started o.e.j.s.ServletContextHandler@70c7fa21{static,/static,file:///github/workspace/mnt/ozone/hadoop-ozone/integration-test/target/test-classes/webapps/static,AVAILABLE}
2020-07-27 09:55:33,508 [Listener at 0.0.0.0/35501] INFO  handler.ContextHandler (ContextHandler.java:doStart(825)) - Started o.e.j.w.WebAppContext@5305539f{scm,/,file:///github/workspace/mnt/ozone/hadoop-ozone/integration-test/target/test-classes/webapps/scm/,AVAILABLE}{file:/github/workspace/mnt/ozone/hadoop-ozone/integration-test/target/test-classes/webapps/scm}
2020-07-27 09:55:33,508 [Listener at 0.0.0.0/35501] INFO  server.AbstractConnector (AbstractConnector.java:doStart(330)) - Started ServerConnector@5f5210e9{HTTP/1.1,[http/1.1]}{0.0.0.0:43809}
2020-07-27 09:55:33,508 [Listener at 0.0.0.0/35501] INFO  server.Server (Server.java:doStart(399)) - Started @43742ms
2020-07-27 09:55:33,509 [Listener at 0.0.0.0/35501] WARN  impl.MetricsSystemImpl (MetricsSystemImpl.java:register(276)) - Sink prometheus already exists!
2020-07-27 09:55:33,512 [Listener at 0.0.0.0/35501] INFO  http.BaseHttpServer (BaseHttpServer.java:updateConnectorAddress(327)) - HTTP server of scm listening at http://0.0.0.0:43809
2020-07-27 09:55:33,514 [Listener at 0.0.0.0/35501] WARN  server.ServerUtils (ServerUtils.java:getDBPath(225)) - ozone.om.db.dirs is not configured. We recommend adding this setting. Falling back to ozone.metadata.dirs instead.
2020-07-27 09:55:33,515 [org.apache.hadoop.util.JvmPauseMonitor$Monitor@18cd2073] INFO  util.JvmPauseMonitor (JvmPauseMonitor.java:run(188)) - Starting JVM pause monitor
2020-07-27 09:55:33,515 [Listener at 0.0.0.0/35501] INFO  ha.OMHANodeDetails (OMHANodeDetails.java:loadOMHAConfig(104)) - ozone.om.internal.service.id is not defined, falling back to ozone.om.service.ids to find serviceID for OzoneManager if it is HA enabled cluster
2020-07-27 09:55:33,516 [Listener at 0.0.0.0/35501] INFO  ha.OMHANodeDetails (OMHANodeDetails.java:loadOMHAConfig(213)) - Configuration either no ozone.om.address set. Falling back to the default OM address /127.0.0.1:0
2020-07-27 09:55:33,516 [Listener at 0.0.0.0/35501] INFO  ha.OMHANodeDetails (OMHANodeDetails.java:getOMNodeDetails(241)) - OM Service ID is not set. Setting it to the default ID: omServiceIdDefault
2020-07-27 09:55:33,516 [Listener at 0.0.0.0/35501] WARN  server.ServerUtils (ServerUtils.java:getDBPath(225)) - ozone.om.db.dirs is not configured. We recommend adding this setting. Falling back to ozone.metadata.dirs instead.
2020-07-27 09:55:33,516 [Listener at 0.0.0.0/35501] WARN  server.ServerUtils (ServerUtils.java:getDBPath(225)) - ozone.om.db.dirs is not configured. We recommend adding this setting. Falling back to ozone.metadata.dirs instead.
2020-07-27 09:55:33,520 [Listener at 0.0.0.0/35501] WARN  server.ServerUtils (ServerUtils.java:getDBPath(225)) - ozone.om.db.dirs is not configured. We recommend adding this setting. Falling back to ozone.metadata.dirs instead.
2020-07-27 09:55:33,521 [Listener at 0.0.0.0/35501] INFO  codec.OmKeyInfoCodec (OmKeyInfoCodec.java:<init>(41)) - OmKeyInfoCodec ignorePipeline = true
2020-07-27 09:55:33,521 [Listener at 0.0.0.0/35501] INFO  codec.RepeatedOmKeyInfoCodec (RepeatedOmKeyInfoCodec.java:<init>(40)) - RepeatedOmKeyInfoCodec ignorePipeline = true
2020-07-27 09:55:33,564 [Listener at 0.0.0.0/35501] INFO  om.OzoneManager (OzoneManager.java:addS3GVolumeToDB(3568)) - Created Volume s3v With Owner jenkins1001 required for S3Gateway operations.
2020-07-27 09:55:33,565 [Listener at 0.0.0.0/35501] INFO  ipc.CallQueueManager (CallQueueManager.java:<init>(84)) - Using callQueue: class java.util.concurrent.LinkedBlockingQueue, queueCapacity: 2000, scheduler: class org.apache.hadoop.ipc.DefaultRpcScheduler, ipcBackoff: false.
2020-07-27 09:55:33,566 [Socket Reader #1 for port 0] INFO  ipc.Server (Server.java:run(1219)) - Starting Socket Reader #1 for port 0
2020-07-27 09:55:33,587 [Listener at 127.0.0.1/37087] INFO  impl.MetricsSystemImpl (MetricsSystemImpl.java:init(158)) - OzoneManager metrics system started (again)
2020-07-27 09:55:33,588 [Listener at 127.0.0.1/37087] INFO  om.OzoneManager (OzoneManager.java:start(1114)) - OzoneManager RPC server is listening at localhost/127.0.0.1:37087
2020-07-27 09:55:33,589 [IPC Server Responder] INFO  ipc.Server (Server.java:run(1460)) - IPC Server Responder: starting
2020-07-27 09:55:33,591 [IPC Server listener on 0] INFO  ipc.Server (Server.java:run(1298)) - IPC Server listener on 0: starting
2020-07-27 09:55:33,602 [Listener at 127.0.0.1/37087] INFO  http.BaseHttpServer (BaseHttpServer.java:newHttpServer2BuilderForOzone(207)) - Starting Web-server for ozoneManager at: http://0.0.0.0:0
2020-07-27 09:55:33,602 [Listener at 127.0.0.1/37087] INFO  http.BaseHttpServer (BaseHttpServer.java:<init>(106)) - Hadoop Security Enabled: false Ozone Security Enabled: false Ozone HTTP Security Enabled: false 
2020-07-27 09:55:33,603 [Listener at 127.0.0.1/37087] INFO  server.AuthenticationFilter (AuthenticationFilter.java:constructSecretProvider(240)) - Unable to initialize FileSignerSecretProvider, falling back to use random secrets.
2020-07-27 09:55:33,604 [Listener at 127.0.0.1/37087] WARN  http.HttpRequestLog (HttpRequestLog.java:getRequestLog(103)) - Jetty request log can only be enabled using Log4j
2020-07-27 09:55:33,605 [Listener at 127.0.0.1/37087] INFO  http.HttpServer2 (HttpServer2.java:addGlobalFilter(998)) - Added global filter 'safety' (class=org.apache.hadoop.hdds.server.http.HttpServer2$QuotingInputFilter)
2020-07-27 09:55:33,605 [Listener at 127.0.0.1/37087] INFO  http.HttpServer2 (HttpServer2.java:addFilter(974)) - Added filter static_user_filter (class=org.apache.hadoop.http.lib.StaticUserWebFilter$StaticUserFilter) to context ozoneManager
2020-07-27 09:55:33,605 [Listener at 127.0.0.1/37087] INFO  http.HttpServer2 (HttpServer2.java:addFilter(982)) - Added filter static_user_filter (class=org.apache.hadoop.http.lib.StaticUserWebFilter$StaticUserFilter) to context static
2020-07-27 09:55:33,605 [Listener at 127.0.0.1/37087] INFO  http.HttpServer2 (HttpServer2.java:addFilter(982)) - Added filter static_user_filter (class=org.apache.hadoop.http.lib.StaticUserWebFilter$StaticUserFilter) to context logs
2020-07-27 09:55:33,606 [Listener at 127.0.0.1/37087] INFO  http.HttpServer2 (HttpServer2.java:bindListener(1216)) - Jetty bound to port 34437
2020-07-27 09:55:33,606 [Listener at 127.0.0.1/37087] INFO  server.Server (Server.java:doStart(359)) - jetty-9.4.26.v20200117; built: 2020-01-17T12:35:33.676Z; git: 7b38981d25d14afb4a12ff1f2596756144edf695; jvm 1.8.0_232-b09
2020-07-27 09:55:33,608 [Listener at 127.0.0.1/37087] INFO  server.session (DefaultSessionIdManager.java:doStart(333)) - DefaultSessionIdManager workerName=node0
2020-07-27 09:55:33,608 [Listener at 127.0.0.1/37087] INFO  server.session (DefaultSessionIdManager.java:doStart(338)) - No SessionScavenger set, using defaults
2020-07-27 09:55:33,608 [Listener at 127.0.0.1/37087] INFO  server.session (HouseKeeper.java:startScavenging(140)) - node0 Scavenging every 660000ms
2020-07-27 09:55:33,609 [Listener at 127.0.0.1/37087] INFO  handler.ContextHandler (ContextHandler.java:doStart(825)) - Started o.e.j.s.ServletContextHandler@53f7fd74{logs,/logs,file:///github/workspace/mnt/ozone/hadoop-ozone/integration-test/target/log,AVAILABLE}
2020-07-27 09:55:33,609 [Listener at 127.0.0.1/37087] INFO  handler.ContextHandler (ContextHandler.java:doStart(825)) - Started o.e.j.s.ServletContextHandler@28b32242{static,/static,file:///github/workspace/mnt/ozone/hadoop-ozone/integration-test/target/test-classes/webapps/static,AVAILABLE}
2020-07-27 09:55:33,612 [Listener at 127.0.0.1/37087] INFO  handler.ContextHandler (ContextHandler.java:doStart(825)) - Started o.e.j.w.WebAppContext@282c5181{ozoneManager,/,file:///github/workspace/mnt/ozone/hadoop-ozone/integration-test/target/test-classes/webapps/ozoneManager/,AVAILABLE}{file:/github/workspace/mnt/ozone/hadoop-ozone/integration-test/target/test-classes/webapps/ozoneManager}
2020-07-27 09:55:33,613 [Listener at 127.0.0.1/37087] INFO  server.AbstractConnector (AbstractConnector.java:doStart(330)) - Started ServerConnector@2839ead4{HTTP/1.1,[http/1.1]}{0.0.0.0:34437}
2020-07-27 09:55:33,613 [Listener at 127.0.0.1/37087] INFO  server.Server (Server.java:doStart(399)) - Started @43846ms
2020-07-27 09:55:33,613 [Listener at 127.0.0.1/37087] WARN  impl.MetricsSystemImpl (MetricsSystemImpl.java:register(276)) - Sink prometheus already exists!
2020-07-27 09:55:33,616 [Listener at 127.0.0.1/37087] INFO  http.BaseHttpServer (BaseHttpServer.java:updateConnectorAddress(327)) - HTTP server of ozoneManager listening at http://0.0.0.0:34437
2020-07-27 09:55:33,618 [org.apache.hadoop.util.JvmPauseMonitor$Monitor@15635e16] INFO  util.JvmPauseMonitor (JvmPauseMonitor.java:run(188)) - Starting JVM pause monitor
2020-07-27 09:55:33,629 [Listener at 127.0.0.1/37087] INFO  impl.MetricsSystemImpl (MetricsSystemImpl.java:init(158)) - HddsDatanode metrics system started (again)
2020-07-27 09:55:33,630 [Listener at 127.0.0.1/37087] INFO  ozone.HddsDatanodeService (HddsDatanodeService.java:start(217)) - HddsDatanodeService host:5b2e5051647c ip:172.17.0.2
2020-07-27 09:55:33,633 [Listener at 127.0.0.1/37087] INFO  volume.HddsVolume (HddsVolume.java:<init>(176)) - Creating Volume: /github/workspace/mnt/ozone/hadoop-ozone/integration-test/target/test-dir/MiniOzoneClusterImpl-6f095167-e36a-40e2-aefd-0fa47c7d82e2/datanode-0/data-0/containers/hdds of storage type : DISK and capacity : 9223372036854775807
2020-07-27 09:55:33,633 [Listener at 127.0.0.1/37087] INFO  volume.MutableVolumeSet (MutableVolumeSet.java:initializeVolumeSet(179)) - Added Volume : /github/workspace/mnt/ozone/hadoop-ozone/integration-test/target/test-dir/MiniOzoneClusterImpl-6f095167-e36a-40e2-aefd-0fa47c7d82e2/datanode-0/data-0/containers/hdds to VolumeSet
2020-07-27 09:55:33,633 [Listener at 127.0.0.1/37087] INFO  volume.ThrottledAsyncChecker (ThrottledAsyncChecker.java:schedule(141)) - Scheduling a check for /github/workspace/mnt/ozone/hadoop-ozone/integration-test/target/test-dir/MiniOzoneClusterImpl-6f095167-e36a-40e2-aefd-0fa47c7d82e2/datanode-0/data-0/containers/hdds
2020-07-27 09:55:33,634 [Listener at 127.0.0.1/37087] INFO  volume.HddsVolumeChecker (HddsVolumeChecker.java:checkAllVolumes(200)) - Scheduled health check for volume /github/workspace/mnt/ozone/hadoop-ozone/integration-test/target/test-dir/MiniOzoneClusterImpl-6f095167-e36a-40e2-aefd-0fa47c7d82e2/datanode-0/data-0/containers/hdds
2020-07-27 09:55:33,647 [Thread-486] INFO  ozoneimpl.ContainerReader (ContainerReader.java:readVolume(123)) - Start to verify containers on volume /github/workspace/mnt/ozone/hadoop-ozone/integration-test/target/test-dir/MiniOzoneClusterImpl-6f095167-e36a-40e2-aefd-0fa47c7d82e2/datanode-0/data-0/containers/hdds
2020-07-27 09:55:33,647 [Thread-486] INFO  ozoneimpl.ContainerReader (ContainerReader.java:readVolume(148)) - Finish verifying containers on volume /github/workspace/mnt/ozone/hadoop-ozone/integration-test/target/test-dir/MiniOzoneClusterImpl-6f095167-e36a-40e2-aefd-0fa47c7d82e2/datanode-0/data-0/containers/hdds
2020-07-27 09:55:33,647 [Listener at 127.0.0.1/37087] INFO  ozoneimpl.OzoneContainer (OzoneContainer.java:buildContainerSet(196)) - Build ContainerSet costs 0s
2020-07-27 09:55:33,649 [Listener at 127.0.0.1/37087] INFO  impl.RaftServerProxy (ConfUtils.java:logGet(44)) - raft.rpc.type = GRPC (default)
2020-07-27 09:55:33,649 [Listener at 127.0.0.1/37087] INFO  grpc.GrpcFactory (GrpcFactory.java:checkPooledByteBufAllocatorUseCacheForAllThreads(45)) - PERFORMANCE WARNING: useCacheForAllThreads is true that may cause Netty to create a lot garbage objects and, as a result, trigger GC.
	It is recommended to disable useCacheForAllThreads by setting -Dorg.apache.ratis.thirdparty.io.netty.allocator.useCacheForAllThreads=false in command line.
2020-07-27 09:55:33,649 [Listener at 127.0.0.1/37087] INFO  grpc.GrpcConfigKeys (ConfUtils.java:logGet(44)) - raft.grpc.server.port = 0 (default)
2020-07-27 09:55:33,649 [Listener at 127.0.0.1/37087] INFO  server.GrpcService (ConfUtils.java:logGet(44)) - raft.grpc.message.size.max = 32MB (=33554432) (custom)
2020-07-27 09:55:33,649 [Listener at 127.0.0.1/37087] INFO  server.RaftServerConfigKeys (ConfUtils.java:logGet(44)) - raft.server.log.appender.buffer.byte-limit = 33554432 (custom)
2020-07-27 09:55:33,649 [Listener at 127.0.0.1/37087] INFO  server.GrpcService (ConfUtils.java:logGet(44)) - raft.grpc.flow.control.window = 5MB (=5242880) (custom)
2020-07-27 09:55:33,649 [Listener at 127.0.0.1/37087] INFO  server.RaftServerConfigKeys (ConfUtils.java:logGet(44)) - raft.server.rpc.request.timeout = 60s (custom)
2020-07-27 09:55:33,650 [Listener at 127.0.0.1/37087] INFO  server.RaftServerConfigKeys (ConfUtils.java:logGet(44)) - raft.server.storage.dir = [/github/workspace/mnt/ozone/hadoop-ozone/integration-test/target/test-dir/MiniOzoneClusterImpl-6f095167-e36a-40e2-aefd-0fa47c7d82e2/datanode-0/data/ratis] (custom)
2020-07-27 09:55:33,654 [Listener at 127.0.0.1/37087] INFO  http.BaseHttpServer (BaseHttpServer.java:newHttpServer2BuilderForOzone(207)) - Starting Web-server for hddsDatanode at: http://0.0.0.0:0
2020-07-27 09:55:33,654 [Listener at 127.0.0.1/37087] INFO  http.BaseHttpServer (BaseHttpServer.java:<init>(106)) - Hadoop Security Enabled: false Ozone Security Enabled: false Ozone HTTP Security Enabled: false 
2020-07-27 09:55:33,654 [Listener at 127.0.0.1/37087] INFO  server.AuthenticationFilter (AuthenticationFilter.java:constructSecretProvider(240)) - Unable to initialize FileSignerSecretProvider, falling back to use random secrets.
2020-07-27 09:55:33,655 [Listener at 127.0.0.1/37087] WARN  http.HttpRequestLog (HttpRequestLog.java:getRequestLog(103)) - Jetty request log can only be enabled using Log4j
2020-07-27 09:55:33,655 [Listener at 127.0.0.1/37087] INFO  http.HttpServer2 (HttpServer2.java:addGlobalFilter(998)) - Added global filter 'safety' (class=org.apache.hadoop.hdds.server.http.HttpServer2$QuotingInputFilter)
2020-07-27 09:55:33,656 [Listener at 127.0.0.1/37087] INFO  http.HttpServer2 (HttpServer2.java:addFilter(974)) - Added filter static_user_filter (class=org.apache.hadoop.http.lib.StaticUserWebFilter$StaticUserFilter) to context hddsDatanode
2020-07-27 09:55:33,656 [Listener at 127.0.0.1/37087] INFO  http.HttpServer2 (HttpServer2.java:addFilter(982)) - Added filter static_user_filter (class=org.apache.hadoop.http.lib.StaticUserWebFilter$StaticUserFilter) to context logs
2020-07-27 09:55:33,656 [Listener at 127.0.0.1/37087] INFO  http.HttpServer2 (HttpServer2.java:addFilter(982)) - Added filter static_user_filter (class=org.apache.hadoop.http.lib.StaticUserWebFilter$StaticUserFilter) to context static
2020-07-27 09:55:33,656 [Listener at 127.0.0.1/37087] INFO  http.HttpServer2 (HttpServer2.java:bindListener(1216)) - Jetty bound to port 38275
2020-07-27 09:55:33,656 [Listener at 127.0.0.1/37087] INFO  server.Server (Server.java:doStart(359)) - jetty-9.4.26.v20200117; built: 2020-01-17T12:35:33.676Z; git: 7b38981d25d14afb4a12ff1f2596756144edf695; jvm 1.8.0_232-b09
2020-07-27 09:55:33,658 [Listener at 127.0.0.1/37087] INFO  server.session (DefaultSessionIdManager.java:doStart(333)) - DefaultSessionIdManager workerName=node0
2020-07-27 09:55:33,658 [Listener at 127.0.0.1/37087] INFO  server.session (DefaultSessionIdManager.java:doStart(338)) - No SessionScavenger set, using defaults
2020-07-27 09:55:33,658 [Listener at 127.0.0.1/37087] INFO  server.session (HouseKeeper.java:startScavenging(140)) - node0 Scavenging every 660000ms
2020-07-27 09:55:33,659 [Listener at 127.0.0.1/37087] INFO  handler.ContextHandler (ContextHandler.java:doStart(825)) - Started o.e.j.s.ServletContextHandler@731b2788{logs,/logs,file:///github/workspace/mnt/ozone/hadoop-ozone/integration-test/target/log,AVAILABLE}
2020-07-27 09:55:33,659 [Listener at 127.0.0.1/37087] INFO  handler.ContextHandler (ContextHandler.java:doStart(825)) - Started o.e.j.s.ServletContextHandler@3806d460{static,/static,jar:file:/home/user/.m2/repository/org/apache/hadoop/hadoop-hdds-container-service/0.6.0-SNAPSHOT/hadoop-hdds-container-service-0.6.0-SNAPSHOT.jar!/webapps/static,AVAILABLE}
2020-07-27 09:55:33,719 [Listener at 127.0.0.1/37087] INFO  handler.ContextHandler (ContextHandler.java:doStart(825)) - Started o.e.j.w.WebAppContext@49f3e91b{hddsDatanode,/,file:///tmp/jetty-0_0_0_0-38275-hadoop-hdds-container-service-0_6_0-SNAPSHOT_jar-_-any-6436936961962662897.dir/webapp/,AVAILABLE}{jar:file:/home/user/.m2/repository/org/apache/hadoop/hadoop-hdds-container-service/0.6.0-SNAPSHOT/hadoop-hdds-container-service-0.6.0-SNAPSHOT.jar!/webapps/hddsDatanode}
2020-07-27 09:55:33,720 [Listener at 127.0.0.1/37087] INFO  server.AbstractConnector (AbstractConnector.java:doStart(330)) - Started ServerConnector@7d38b525{HTTP/1.1,[http/1.1]}{0.0.0.0:38275}
2020-07-27 09:55:33,720 [Listener at 127.0.0.1/37087] INFO  server.Server (Server.java:doStart(399)) - Started @43954ms
2020-07-27 09:55:33,720 [Listener at 127.0.0.1/37087] WARN  impl.MetricsSystemImpl (MetricsSystemImpl.java:register(276)) - Sink prometheus already exists!
2020-07-27 09:55:33,723 [Listener at 127.0.0.1/37087] INFO  http.BaseHttpServer (BaseHttpServer.java:updateConnectorAddress(327)) - HTTP server of hddsDatanode listening at http://0.0.0.0:38275
2020-07-27 09:55:33,723 [Listener at 127.0.0.1/37087] INFO  impl.MetricsSystemImpl (MetricsSystemImpl.java:init(158)) - HddsDatanode metrics system started (again)
2020-07-27 09:55:33,724 [Listener at 127.0.0.1/37087] INFO  ozone.HddsDatanodeService (HddsDatanodeService.java:start(217)) - HddsDatanodeService host:5b2e5051647c ip:172.17.0.2
2020-07-27 09:55:33,725 [Listener at 127.0.0.1/37087] INFO  volume.HddsVolume (HddsVolume.java:<init>(176)) - Creating Volume: /github/workspace/mnt/ozone/hadoop-ozone/integration-test/target/test-dir/MiniOzoneClusterImpl-6f095167-e36a-40e2-aefd-0fa47c7d82e2/datanode-1/data-0/containers/hdds of storage type : DISK and capacity : 9223372036854775807
2020-07-27 09:55:33,726 [Listener at 127.0.0.1/37087] INFO  volume.MutableVolumeSet (MutableVolumeSet.java:initializeVolumeSet(179)) - Added Volume : /github/workspace/mnt/ozone/hadoop-ozone/integration-test/target/test-dir/MiniOzoneClusterImpl-6f095167-e36a-40e2-aefd-0fa47c7d82e2/datanode-1/data-0/containers/hdds to VolumeSet
2020-07-27 09:55:33,726 [Listener at 127.0.0.1/37087] INFO  volume.ThrottledAsyncChecker (ThrottledAsyncChecker.java:schedule(141)) - Scheduling a check for /github/workspace/mnt/ozone/hadoop-ozone/integration-test/target/test-dir/MiniOzoneClusterImpl-6f095167-e36a-40e2-aefd-0fa47c7d82e2/datanode-1/data-0/containers/hdds
2020-07-27 09:55:33,726 [Listener at 127.0.0.1/37087] INFO  volume.HddsVolumeChecker (HddsVolumeChecker.java:checkAllVolumes(200)) - Scheduled health check for volume /github/workspace/mnt/ozone/hadoop-ozone/integration-test/target/test-dir/MiniOzoneClusterImpl-6f095167-e36a-40e2-aefd-0fa47c7d82e2/datanode-1/data-0/containers/hdds
2020-07-27 09:55:33,730 [org.apache.hadoop.util.JvmPauseMonitor$Monitor@156920d3] INFO  util.JvmPauseMonitor (JvmPauseMonitor.java:run(188)) - Starting JVM pause monitor
2020-07-27 09:55:33,743 [Datanode State Machine Task Thread - 0] INFO  datanode.InitDatanodeState (InitDatanodeState.java:persistContainerDatanodeDetails(145)) - DatanodeDetails is persisted to /github/workspace/mnt/ozone/hadoop-ozone/integration-test/target/test-dir/MiniOzoneClusterImpl-6f095167-e36a-40e2-aefd-0fa47c7d82e2/datanode-0/meta/datanode.id
2020-07-27 09:55:33,745 [Thread-497] INFO  ozoneimpl.ContainerReader (ContainerReader.java:readVolume(123)) - Start to verify containers on volume /github/workspace/mnt/ozone/hadoop-ozone/integration-test/target/test-dir/MiniOzoneClusterImpl-6f095167-e36a-40e2-aefd-0fa47c7d82e2/datanode-1/data-0/containers/hdds
2020-07-27 09:55:33,745 [Thread-497] INFO  ozoneimpl.ContainerReader (ContainerReader.java:readVolume(148)) - Finish verifying containers on volume /github/workspace/mnt/ozone/hadoop-ozone/integration-test/target/test-dir/MiniOzoneClusterImpl-6f095167-e36a-40e2-aefd-0fa47c7d82e2/datanode-1/data-0/containers/hdds
2020-07-27 09:55:33,745 [Listener at 127.0.0.1/37087] INFO  ozoneimpl.OzoneContainer (OzoneContainer.java:buildContainerSet(196)) - Build ContainerSet costs 0s
2020-07-27 09:55:33,746 [Listener at 127.0.0.1/37087] INFO  impl.RaftServerProxy (ConfUtils.java:logGet(44)) - raft.rpc.type = GRPC (default)
2020-07-27 09:55:33,747 [Listener at 127.0.0.1/37087] INFO  grpc.GrpcFactory (GrpcFactory.java:checkPooledByteBufAllocatorUseCacheForAllThreads(45)) - PERFORMANCE WARNING: useCacheForAllThreads is true that may cause Netty to create a lot garbage objects and, as a result, trigger GC.
	It is recommended to disable useCacheForAllThreads by setting -Dorg.apache.ratis.thirdparty.io.netty.allocator.useCacheForAllThreads=false in command line.
2020-07-27 09:55:33,747 [Listener at 127.0.0.1/37087] INFO  grpc.GrpcConfigKeys (ConfUtils.java:logGet(44)) - raft.grpc.server.port = 0 (default)
2020-07-27 09:55:33,747 [Listener at 127.0.0.1/37087] INFO  server.GrpcService (ConfUtils.java:logGet(44)) - raft.grpc.message.size.max = 32MB (=33554432) (custom)
2020-07-27 09:55:33,747 [Listener at 127.0.0.1/37087] INFO  server.RaftServerConfigKeys (ConfUtils.java:logGet(44)) - raft.server.log.appender.buffer.byte-limit = 33554432 (custom)
2020-07-27 09:55:33,747 [Listener at 127.0.0.1/37087] INFO  server.GrpcService (ConfUtils.java:logGet(44)) - raft.grpc.flow.control.window = 5MB (=5242880) (custom)
2020-07-27 09:55:33,747 [Listener at 127.0.0.1/37087] INFO  server.RaftServerConfigKeys (ConfUtils.java:logGet(44)) - raft.server.rpc.request.timeout = 60s (custom)
2020-07-27 09:55:33,748 [Listener at 127.0.0.1/37087] INFO  server.RaftServerConfigKeys (ConfUtils.java:logGet(44)) - raft.server.storage.dir = [/github/workspace/mnt/ozone/hadoop-ozone/integration-test/target/test-dir/MiniOzoneClusterImpl-6f095167-e36a-40e2-aefd-0fa47c7d82e2/datanode-1/data/ratis] (custom)
2020-07-27 09:55:33,751 [Listener at 127.0.0.1/37087] INFO  http.BaseHttpServer (BaseHttpServer.java:newHttpServer2BuilderForOzone(207)) - Starting Web-server for hddsDatanode at: http://0.0.0.0:0
2020-07-27 09:55:33,751 [Listener at 127.0.0.1/37087] INFO  http.BaseHttpServer (BaseHttpServer.java:<init>(106)) - Hadoop Security Enabled: false Ozone Security Enabled: false Ozone HTTP Security Enabled: false 
2020-07-27 09:55:33,752 [Listener at 127.0.0.1/37087] INFO  server.AuthenticationFilter (AuthenticationFilter.java:constructSecretProvider(240)) - Unable to initialize FileSignerSecretProvider, falling back to use random secrets.
2020-07-27 09:55:33,752 [Listener at 127.0.0.1/37087] WARN  http.HttpRequestLog (HttpRequestLog.java:getRequestLog(103)) - Jetty request log can only be enabled using Log4j
2020-07-27 09:55:33,753 [Listener at 127.0.0.1/37087] INFO  http.HttpServer2 (HttpServer2.java:addGlobalFilter(998)) - Added global filter 'safety' (class=org.apache.hadoop.hdds.server.http.HttpServer2$QuotingInputFilter)
2020-07-27 09:55:33,753 [Listener at 127.0.0.1/37087] INFO  http.HttpServer2 (HttpServer2.java:addFilter(974)) - Added filter static_user_filter (class=org.apache.hadoop.http.lib.StaticUserWebFilter$StaticUserFilter) to context hddsDatanode
2020-07-27 09:55:33,753 [Listener at 127.0.0.1/37087] INFO  http.HttpServer2 (HttpServer2.java:addFilter(982)) - Added filter static_user_filter (class=org.apache.hadoop.http.lib.StaticUserWebFilter$StaticUserFilter) to context logs
2020-07-27 09:55:33,753 [Listener at 127.0.0.1/37087] INFO  http.HttpServer2 (HttpServer2.java:addFilter(982)) - Added filter static_user_filter (class=org.apache.hadoop.http.lib.StaticUserWebFilter$StaticUserFilter) to context static
2020-07-27 09:55:33,754 [Listener at 127.0.0.1/37087] INFO  http.HttpServer2 (HttpServer2.java:bindListener(1216)) - Jetty bound to port 43849
2020-07-27 09:55:33,754 [Listener at 127.0.0.1/37087] INFO  server.Server (Server.java:doStart(359)) - jetty-9.4.26.v20200117; built: 2020-01-17T12:35:33.676Z; git: 7b38981d25d14afb4a12ff1f2596756144edf695; jvm 1.8.0_232-b09
2020-07-27 09:55:33,755 [Listener at 127.0.0.1/37087] INFO  server.session (DefaultSessionIdManager.java:doStart(333)) - DefaultSessionIdManager workerName=node0
2020-07-27 09:55:33,755 [Listener at 127.0.0.1/37087] INFO  server.session (DefaultSessionIdManager.java:doStart(338)) - No SessionScavenger set, using defaults
2020-07-27 09:55:33,755 [Listener at 127.0.0.1/37087] INFO  server.session (HouseKeeper.java:startScavenging(140)) - node0 Scavenging every 600000ms
2020-07-27 09:55:33,756 [Listener at 127.0.0.1/37087] INFO  handler.ContextHandler (ContextHandler.java:doStart(825)) - Started o.e.j.s.ServletContextHandler@76572ed1{logs,/logs,file:///github/workspace/mnt/ozone/hadoop-ozone/integration-test/target/log,AVAILABLE}
2020-07-27 09:55:33,756 [Listener at 127.0.0.1/37087] INFO  handler.ContextHandler (ContextHandler.java:doStart(825)) - Started o.e.j.s.ServletContextHandler@18d7adac{static,/static,jar:file:/home/user/.m2/repository/org/apache/hadoop/hadoop-hdds-container-service/0.6.0-SNAPSHOT/hadoop-hdds-container-service-0.6.0-SNAPSHOT.jar!/webapps/static,AVAILABLE}
2020-07-27 09:55:33,818 [Listener at 127.0.0.1/37087] INFO  handler.ContextHandler (ContextHandler.java:doStart(825)) - Started o.e.j.w.WebAppContext@2535af59{hddsDatanode,/,file:///tmp/jetty-0_0_0_0-43849-hadoop-hdds-container-service-0_6_0-SNAPSHOT_jar-_-any-949266999357024022.dir/webapp/,AVAILABLE}{jar:file:/home/user/.m2/repository/org/apache/hadoop/hadoop-hdds-container-service/0.6.0-SNAPSHOT/hadoop-hdds-container-service-0.6.0-SNAPSHOT.jar!/webapps/hddsDatanode}
2020-07-27 09:55:33,819 [Listener at 127.0.0.1/37087] INFO  server.AbstractConnector (AbstractConnector.java:doStart(330)) - Started ServerConnector@14adb18a{HTTP/1.1,[http/1.1]}{0.0.0.0:43849}
2020-07-27 09:55:33,819 [Listener at 127.0.0.1/37087] INFO  server.Server (Server.java:doStart(399)) - Started @44052ms
2020-07-27 09:55:33,819 [Listener at 127.0.0.1/37087] WARN  impl.MetricsSystemImpl (MetricsSystemImpl.java:register(276)) - Sink prometheus already exists!
2020-07-27 09:55:33,821 [Listener at 127.0.0.1/37087] INFO  http.BaseHttpServer (BaseHttpServer.java:updateConnectorAddress(327)) - HTTP server of hddsDatanode listening at http://0.0.0.0:43849
2020-07-27 09:55:33,822 [Listener at 127.0.0.1/37087] INFO  impl.MetricsSystemImpl (MetricsSystemImpl.java:init(158)) - HddsDatanode metrics system started (again)
2020-07-27 09:55:33,823 [Listener at 127.0.0.1/37087] INFO  ozone.HddsDatanodeService (HddsDatanodeService.java:start(217)) - HddsDatanodeService host:5b2e5051647c ip:172.17.0.2
2020-07-27 09:55:33,830 [org.apache.hadoop.util.JvmPauseMonitor$Monitor@60f26897] INFO  util.JvmPauseMonitor (JvmPauseMonitor.java:run(188)) - Starting JVM pause monitor
2020-07-27 09:55:33,833 [Datanode State Machine Task Thread - 0] INFO  datanode.InitDatanodeState (InitDatanodeState.java:persistContainerDatanodeDetails(145)) - DatanodeDetails is persisted to /github/workspace/mnt/ozone/hadoop-ozone/integration-test/target/test-dir/MiniOzoneClusterImpl-6f095167-e36a-40e2-aefd-0fa47c7d82e2/datanode-1/meta/datanode.id
2020-07-27 09:55:33,834 [Listener at 127.0.0.1/37087] INFO  volume.HddsVolume (HddsVolume.java:<init>(176)) - Creating Volume: /github/workspace/mnt/ozone/hadoop-ozone/integration-test/target/test-dir/MiniOzoneClusterImpl-6f095167-e36a-40e2-aefd-0fa47c7d82e2/datanode-2/data-0/containers/hdds of storage type : DISK and capacity : 9223372036854775807
2020-07-27 09:55:33,834 [Listener at 127.0.0.1/37087] INFO  volume.MutableVolumeSet (MutableVolumeSet.java:initializeVolumeSet(179)) - Added Volume : /github/workspace/mnt/ozone/hadoop-ozone/integration-test/target/test-dir/MiniOzoneClusterImpl-6f095167-e36a-40e2-aefd-0fa47c7d82e2/datanode-2/data-0/containers/hdds to VolumeSet
2020-07-27 09:55:33,834 [Listener at 127.0.0.1/37087] INFO  volume.ThrottledAsyncChecker (ThrottledAsyncChecker.java:schedule(141)) - Scheduling a check for /github/workspace/mnt/ozone/hadoop-ozone/integration-test/target/test-dir/MiniOzoneClusterImpl-6f095167-e36a-40e2-aefd-0fa47c7d82e2/datanode-2/data-0/containers/hdds
2020-07-27 09:55:33,835 [Listener at 127.0.0.1/37087] INFO  volume.HddsVolumeChecker (HddsVolumeChecker.java:checkAllVolumes(200)) - Scheduled health check for volume /github/workspace/mnt/ozone/hadoop-ozone/integration-test/target/test-dir/MiniOzoneClusterImpl-6f095167-e36a-40e2-aefd-0fa47c7d82e2/datanode-2/data-0/containers/hdds
2020-07-27 09:55:33,845 [Thread-508] INFO  ozoneimpl.ContainerReader (ContainerReader.java:readVolume(123)) - Start to verify containers on volume /github/workspace/mnt/ozone/hadoop-ozone/integration-test/target/test-dir/MiniOzoneClusterImpl-6f095167-e36a-40e2-aefd-0fa47c7d82e2/datanode-2/data-0/containers/hdds
2020-07-27 09:55:33,845 [Thread-508] INFO  ozoneimpl.ContainerReader (ContainerReader.java:readVolume(148)) - Finish verifying containers on volume /github/workspace/mnt/ozone/hadoop-ozone/integration-test/target/test-dir/MiniOzoneClusterImpl-6f095167-e36a-40e2-aefd-0fa47c7d82e2/datanode-2/data-0/containers/hdds
2020-07-27 09:55:33,846 [Listener at 127.0.0.1/37087] INFO  ozoneimpl.OzoneContainer (OzoneContainer.java:buildContainerSet(196)) - Build ContainerSet costs 0s
2020-07-27 09:55:33,847 [Listener at 127.0.0.1/37087] INFO  impl.RaftServerProxy (ConfUtils.java:logGet(44)) - raft.rpc.type = GRPC (default)
2020-07-27 09:55:33,847 [Listener at 127.0.0.1/37087] INFO  grpc.GrpcFactory (GrpcFactory.java:checkPooledByteBufAllocatorUseCacheForAllThreads(45)) - PERFORMANCE WARNING: useCacheForAllThreads is true that may cause Netty to create a lot garbage objects and, as a result, trigger GC.
	It is recommended to disable useCacheForAllThreads by setting -Dorg.apache.ratis.thirdparty.io.netty.allocator.useCacheForAllThreads=false in command line.
2020-07-27 09:55:33,847 [Listener at 127.0.0.1/37087] INFO  grpc.GrpcConfigKeys (ConfUtils.java:logGet(44)) - raft.grpc.server.port = 0 (default)
2020-07-27 09:55:33,847 [Listener at 127.0.0.1/37087] INFO  server.GrpcService (ConfUtils.java:logGet(44)) - raft.grpc.message.size.max = 32MB (=33554432) (custom)
2020-07-27 09:55:33,848 [Listener at 127.0.0.1/37087] INFO  server.RaftServerConfigKeys (ConfUtils.java:logGet(44)) - raft.server.log.appender.buffer.byte-limit = 33554432 (custom)
2020-07-27 09:55:33,848 [Listener at 127.0.0.1/37087] INFO  server.GrpcService (ConfUtils.java:logGet(44)) - raft.grpc.flow.control.window = 5MB (=5242880) (custom)
2020-07-27 09:55:33,848 [Listener at 127.0.0.1/37087] INFO  server.RaftServerConfigKeys (ConfUtils.java:logGet(44)) - raft.server.rpc.request.timeout = 60s (custom)
2020-07-27 09:55:33,849 [Listener at 127.0.0.1/37087] INFO  server.RaftServerConfigKeys (ConfUtils.java:logGet(44)) - raft.server.storage.dir = [/github/workspace/mnt/ozone/hadoop-ozone/integration-test/target/test-dir/MiniOzoneClusterImpl-6f095167-e36a-40e2-aefd-0fa47c7d82e2/datanode-2/data/ratis] (custom)
2020-07-27 09:55:33,853 [Listener at 127.0.0.1/37087] INFO  http.BaseHttpServer (BaseHttpServer.java:newHttpServer2BuilderForOzone(207)) - Starting Web-server for hddsDatanode at: http://0.0.0.0:0
2020-07-27 09:55:33,853 [Listener at 127.0.0.1/37087] INFO  http.BaseHttpServer (BaseHttpServer.java:<init>(106)) - Hadoop Security Enabled: false Ozone Security Enabled: false Ozone HTTP Security Enabled: false 
2020-07-27 09:55:33,853 [Listener at 127.0.0.1/37087] INFO  server.AuthenticationFilter (AuthenticationFilter.java:constructSecretProvider(240)) - Unable to initialize FileSignerSecretProvider, falling back to use random secrets.
2020-07-27 09:55:33,862 [Listener at 127.0.0.1/37087] WARN  http.HttpRequestLog (HttpRequestLog.java:getRequestLog(103)) - Jetty request log can only be enabled using Log4j
2020-07-27 09:55:33,862 [Listener at 127.0.0.1/37087] INFO  http.HttpServer2 (HttpServer2.java:addGlobalFilter(998)) - Added global filter 'safety' (class=org.apache.hadoop.hdds.server.http.HttpServer2$QuotingInputFilter)
2020-07-27 09:55:33,863 [Listener at 127.0.0.1/37087] INFO  http.HttpServer2 (HttpServer2.java:addFilter(974)) - Added filter static_user_filter (class=org.apache.hadoop.http.lib.StaticUserWebFilter$StaticUserFilter) to context hddsDatanode
2020-07-27 09:55:33,863 [Listener at 127.0.0.1/37087] INFO  http.HttpServer2 (HttpServer2.java:addFilter(982)) - Added filter static_user_filter (class=org.apache.hadoop.http.lib.StaticUserWebFilter$StaticUserFilter) to context logs
2020-07-27 09:55:33,863 [Listener at 127.0.0.1/37087] INFO  http.HttpServer2 (HttpServer2.java:addFilter(982)) - Added filter static_user_filter (class=org.apache.hadoop.http.lib.StaticUserWebFilter$StaticUserFilter) to context static
2020-07-27 09:55:33,864 [Listener at 127.0.0.1/37087] INFO  http.HttpServer2 (HttpServer2.java:bindListener(1216)) - Jetty bound to port 42563
2020-07-27 09:55:33,864 [Listener at 127.0.0.1/37087] INFO  server.Server (Server.java:doStart(359)) - jetty-9.4.26.v20200117; built: 2020-01-17T12:35:33.676Z; git: 7b38981d25d14afb4a12ff1f2596756144edf695; jvm 1.8.0_232-b09
2020-07-27 09:55:33,879 [Listener at 127.0.0.1/37087] INFO  server.session (DefaultSessionIdManager.java:doStart(333)) - DefaultSessionIdManager workerName=node0
2020-07-27 09:55:33,879 [Listener at 127.0.0.1/37087] INFO  server.session (DefaultSessionIdManager.java:doStart(338)) - No SessionScavenger set, using defaults
2020-07-27 09:55:33,879 [Listener at 127.0.0.1/37087] INFO  server.session (HouseKeeper.java:startScavenging(140)) - node0 Scavenging every 600000ms
2020-07-27 09:55:33,880 [Listener at 127.0.0.1/37087] INFO  handler.ContextHandler (ContextHandler.java:doStart(825)) - Started o.e.j.s.ServletContextHandler@60073e84{logs,/logs,file:///github/workspace/mnt/ozone/hadoop-ozone/integration-test/target/log,AVAILABLE}
2020-07-27 09:55:33,880 [Listener at 127.0.0.1/37087] INFO  handler.ContextHandler (ContextHandler.java:doStart(825)) - Started o.e.j.s.ServletContextHandler@5eb70d49{static,/static,jar:file:/home/user/.m2/repository/org/apache/hadoop/hadoop-hdds-container-service/0.6.0-SNAPSHOT/hadoop-hdds-container-service-0.6.0-SNAPSHOT.jar!/webapps/static,AVAILABLE}
2020-07-27 09:55:33,942 [Listener at 127.0.0.1/37087] INFO  handler.ContextHandler (ContextHandler.java:doStart(825)) - Started o.e.j.w.WebAppContext@2b5f47f4{hddsDatanode,/,file:///tmp/jetty-0_0_0_0-42563-hadoop-hdds-container-service-0_6_0-SNAPSHOT_jar-_-any-8684631803929679640.dir/webapp/,AVAILABLE}{jar:file:/home/user/.m2/repository/org/apache/hadoop/hadoop-hdds-container-service/0.6.0-SNAPSHOT/hadoop-hdds-container-service-0.6.0-SNAPSHOT.jar!/webapps/hddsDatanode}
2020-07-27 09:55:33,944 [Listener at 127.0.0.1/37087] INFO  server.AbstractConnector (AbstractConnector.java:doStart(330)) - Started ServerConnector@41e5dc05{HTTP/1.1,[http/1.1]}{0.0.0.0:42563}
2020-07-27 09:55:33,944 [Listener at 127.0.0.1/37087] INFO  server.Server (Server.java:doStart(399)) - Started @44177ms
2020-07-27 09:55:33,944 [Listener at 127.0.0.1/37087] WARN  impl.MetricsSystemImpl (MetricsSystemImpl.java:register(276)) - Sink prometheus already exists!
2020-07-27 09:55:33,947 [Listener at 127.0.0.1/37087] INFO  http.BaseHttpServer (BaseHttpServer.java:updateConnectorAddress(327)) - HTTP server of hddsDatanode listening at http://0.0.0.0:42563
2020-07-27 09:55:33,953 [Listener at 127.0.0.1/37087] INFO  impl.MetricsSystemImpl (MetricsSystemImpl.java:init(158)) - HddsDatanode metrics system started (again)
2020-07-27 09:55:33,954 [org.apache.hadoop.util.JvmPauseMonitor$Monitor@2b951168] INFO  util.JvmPauseMonitor (JvmPauseMonitor.java:run(188)) - Starting JVM pause monitor
2020-07-27 09:55:33,955 [Listener at 127.0.0.1/37087] INFO  ozone.HddsDatanodeService (HddsDatanodeService.java:start(217)) - HddsDatanodeService host:5b2e5051647c ip:172.17.0.2
2020-07-27 09:55:33,956 [Listener at 127.0.0.1/37087] INFO  volume.HddsVolume (HddsVolume.java:<init>(176)) - Creating Volume: /github/workspace/mnt/ozone/hadoop-ozone/integration-test/target/test-dir/MiniOzoneClusterImpl-6f095167-e36a-40e2-aefd-0fa47c7d82e2/datanode-3/data-0/containers/hdds of storage type : DISK and capacity : 9223372036854775807
2020-07-27 09:55:33,956 [Listener at 127.0.0.1/37087] INFO  volume.MutableVolumeSet (MutableVolumeSet.java:initializeVolumeSet(179)) - Added Volume : /github/workspace/mnt/ozone/hadoop-ozone/integration-test/target/test-dir/MiniOzoneClusterImpl-6f095167-e36a-40e2-aefd-0fa47c7d82e2/datanode-3/data-0/containers/hdds to VolumeSet
2020-07-27 09:55:33,956 [Listener at 127.0.0.1/37087] INFO  volume.ThrottledAsyncChecker (ThrottledAsyncChecker.java:schedule(141)) - Scheduling a check for /github/workspace/mnt/ozone/hadoop-ozone/integration-test/target/test-dir/MiniOzoneClusterImpl-6f095167-e36a-40e2-aefd-0fa47c7d82e2/datanode-3/data-0/containers/hdds
2020-07-27 09:55:33,959 [Datanode State Machine Task Thread - 0] INFO  datanode.InitDatanodeState (InitDatanodeState.java:persistContainerDatanodeDetails(145)) - DatanodeDetails is persisted to /github/workspace/mnt/ozone/hadoop-ozone/integration-test/target/test-dir/MiniOzoneClusterImpl-6f095167-e36a-40e2-aefd-0fa47c7d82e2/datanode-2/meta/datanode.id
2020-07-27 09:55:33,959 [Listener at 127.0.0.1/37087] INFO  volume.HddsVolumeChecker (HddsVolumeChecker.java:checkAllVolumes(200)) - Scheduled health check for volume /github/workspace/mnt/ozone/hadoop-ozone/integration-test/target/test-dir/MiniOzoneClusterImpl-6f095167-e36a-40e2-aefd-0fa47c7d82e2/datanode-3/data-0/containers/hdds
2020-07-27 09:55:33,975 [Thread-519] INFO  ozoneimpl.ContainerReader (ContainerReader.java:readVolume(123)) - Start to verify containers on volume /github/workspace/mnt/ozone/hadoop-ozone/integration-test/target/test-dir/MiniOzoneClusterImpl-6f095167-e36a-40e2-aefd-0fa47c7d82e2/datanode-3/data-0/containers/hdds
2020-07-27 09:55:33,975 [Thread-519] INFO  ozoneimpl.ContainerReader (ContainerReader.java:readVolume(148)) - Finish verifying containers on volume /github/workspace/mnt/ozone/hadoop-ozone/integration-test/target/test-dir/MiniOzoneClusterImpl-6f095167-e36a-40e2-aefd-0fa47c7d82e2/datanode-3/data-0/containers/hdds
2020-07-27 09:55:33,975 [Listener at 127.0.0.1/37087] INFO  ozoneimpl.OzoneContainer (OzoneContainer.java:buildContainerSet(196)) - Build ContainerSet costs 0s
2020-07-27 09:55:33,977 [Listener at 127.0.0.1/37087] INFO  impl.RaftServerProxy (ConfUtils.java:logGet(44)) - raft.rpc.type = GRPC (default)
2020-07-27 09:55:33,978 [Listener at 127.0.0.1/37087] INFO  grpc.GrpcFactory (GrpcFactory.java:checkPooledByteBufAllocatorUseCacheForAllThreads(45)) - PERFORMANCE WARNING: useCacheForAllThreads is true that may cause Netty to create a lot garbage objects and, as a result, trigger GC.
	It is recommended to disable useCacheForAllThreads by setting -Dorg.apache.ratis.thirdparty.io.netty.allocator.useCacheForAllThreads=false in command line.
2020-07-27 09:55:33,978 [Listener at 127.0.0.1/37087] INFO  grpc.GrpcConfigKeys (ConfUtils.java:logGet(44)) - raft.grpc.server.port = 0 (default)
2020-07-27 09:55:33,978 [Listener at 127.0.0.1/37087] INFO  server.GrpcService (ConfUtils.java:logGet(44)) - raft.grpc.message.size.max = 32MB (=33554432) (custom)
2020-07-27 09:55:33,978 [Listener at 127.0.0.1/37087] INFO  server.RaftServerConfigKeys (ConfUtils.java:logGet(44)) - raft.server.log.appender.buffer.byte-limit = 33554432 (custom)
2020-07-27 09:55:33,978 [Listener at 127.0.0.1/37087] INFO  server.GrpcService (ConfUtils.java:logGet(44)) - raft.grpc.flow.control.window = 5MB (=5242880) (custom)
2020-07-27 09:55:33,978 [Listener at 127.0.0.1/37087] INFO  server.RaftServerConfigKeys (ConfUtils.java:logGet(44)) - raft.server.rpc.request.timeout = 60s (custom)
2020-07-27 09:55:33,979 [Listener at 127.0.0.1/37087] INFO  server.RaftServerConfigKeys (ConfUtils.java:logGet(44)) - raft.server.storage.dir = [/github/workspace/mnt/ozone/hadoop-ozone/integration-test/target/test-dir/MiniOzoneClusterImpl-6f095167-e36a-40e2-aefd-0fa47c7d82e2/datanode-3/data/ratis] (custom)
2020-07-27 09:55:33,984 [Listener at 127.0.0.1/37087] INFO  http.BaseHttpServer (BaseHttpServer.java:newHttpServer2BuilderForOzone(207)) - Starting Web-server for hddsDatanode at: http://0.0.0.0:0
2020-07-27 09:55:33,984 [Listener at 127.0.0.1/37087] INFO  http.BaseHttpServer (BaseHttpServer.java:<init>(106)) - Hadoop Security Enabled: false Ozone Security Enabled: false Ozone HTTP Security Enabled: false 
2020-07-27 09:55:33,985 [Listener at 127.0.0.1/37087] INFO  server.AuthenticationFilter (AuthenticationFilter.java:constructSecretProvider(240)) - Unable to initialize FileSignerSecretProvider, falling back to use random secrets.
2020-07-27 09:55:33,986 [Listener at 127.0.0.1/37087] WARN  http.HttpRequestLog (HttpRequestLog.java:getRequestLog(103)) - Jetty request log can only be enabled using Log4j
2020-07-27 09:55:33,986 [Listener at 127.0.0.1/37087] INFO  http.HttpServer2 (HttpServer2.java:addGlobalFilter(998)) - Added global filter 'safety' (class=org.apache.hadoop.hdds.server.http.HttpServer2$QuotingInputFilter)
2020-07-27 09:55:33,987 [Listener at 127.0.0.1/37087] INFO  http.HttpServer2 (HttpServer2.java:addFilter(974)) - Added filter static_user_filter (class=org.apache.hadoop.http.lib.StaticUserWebFilter$StaticUserFilter) to context hddsDatanode
2020-07-27 09:55:33,987 [Listener at 127.0.0.1/37087] INFO  http.HttpServer2 (HttpServer2.java:addFilter(982)) - Added filter static_user_filter (class=org.apache.hadoop.http.lib.StaticUserWebFilter$StaticUserFilter) to context logs
2020-07-27 09:55:33,987 [Listener at 127.0.0.1/37087] INFO  http.HttpServer2 (HttpServer2.java:addFilter(982)) - Added filter static_user_filter (class=org.apache.hadoop.http.lib.StaticUserWebFilter$StaticUserFilter) to context static
2020-07-27 09:55:33,987 [Listener at 127.0.0.1/37087] INFO  http.HttpServer2 (HttpServer2.java:bindListener(1216)) - Jetty bound to port 35875
2020-07-27 09:55:33,988 [Listener at 127.0.0.1/37087] INFO  server.Server (Server.java:doStart(359)) - jetty-9.4.26.v20200117; built: 2020-01-17T12:35:33.676Z; git: 7b38981d25d14afb4a12ff1f2596756144edf695; jvm 1.8.0_232-b09
2020-07-27 09:55:33,989 [Listener at 127.0.0.1/37087] INFO  server.session (DefaultSessionIdManager.java:doStart(333)) - DefaultSessionIdManager workerName=node0
2020-07-27 09:55:33,989 [Listener at 127.0.0.1/37087] INFO  server.session (DefaultSessionIdManager.java:doStart(338)) - No SessionScavenger set, using defaults
2020-07-27 09:55:33,989 [Listener at 127.0.0.1/37087] INFO  server.session (HouseKeeper.java:startScavenging(140)) - node0 Scavenging every 600000ms
2020-07-27 09:55:33,990 [Listener at 127.0.0.1/37087] INFO  handler.ContextHandler (ContextHandler.java:doStart(825)) - Started o.e.j.s.ServletContextHandler@54056761{logs,/logs,file:///github/workspace/mnt/ozone/hadoop-ozone/integration-test/target/log,AVAILABLE}
2020-07-27 09:55:33,990 [Listener at 127.0.0.1/37087] INFO  handler.ContextHandler (ContextHandler.java:doStart(825)) - Started o.e.j.s.ServletContextHandler@60d7d6a0{static,/static,jar:file:/home/user/.m2/repository/org/apache/hadoop/hadoop-hdds-container-service/0.6.0-SNAPSHOT/hadoop-hdds-container-service-0.6.0-SNAPSHOT.jar!/webapps/static,AVAILABLE}
2020-07-27 09:55:34,054 [Listener at 127.0.0.1/37087] INFO  handler.ContextHandler (ContextHandler.java:doStart(825)) - Started o.e.j.w.WebAppContext@6fe55dd4{hddsDatanode,/,file:///tmp/jetty-0_0_0_0-35875-hadoop-hdds-container-service-0_6_0-SNAPSHOT_jar-_-any-3529602879204394307.dir/webapp/,AVAILABLE}{jar:file:/home/user/.m2/repository/org/apache/hadoop/hadoop-hdds-container-service/0.6.0-SNAPSHOT/hadoop-hdds-container-service-0.6.0-SNAPSHOT.jar!/webapps/hddsDatanode}
2020-07-27 09:55:34,055 [Listener at 127.0.0.1/37087] INFO  server.AbstractConnector (AbstractConnector.java:doStart(330)) - Started ServerConnector@4a4d14a4{HTTP/1.1,[http/1.1]}{0.0.0.0:35875}
2020-07-27 09:55:34,056 [Listener at 127.0.0.1/37087] INFO  server.Server (Server.java:doStart(399)) - Started @44289ms
2020-07-27 09:55:34,056 [Listener at 127.0.0.1/37087] WARN  impl.MetricsSystemImpl (MetricsSystemImpl.java:register(276)) - Sink prometheus already exists!
2020-07-27 09:55:34,059 [Listener at 127.0.0.1/37087] INFO  http.BaseHttpServer (BaseHttpServer.java:updateConnectorAddress(327)) - HTTP server of hddsDatanode listening at http://0.0.0.0:35875
2020-07-27 09:55:34,062 [Listener at 127.0.0.1/37087] INFO  impl.MetricsSystemImpl (MetricsSystemImpl.java:init(158)) - HddsDatanode metrics system started (again)
2020-07-27 09:55:34,064 [Listener at 127.0.0.1/37087] INFO  ozone.HddsDatanodeService (HddsDatanodeService.java:start(217)) - HddsDatanodeService host:5b2e5051647c ip:172.17.0.2
2020-07-27 09:55:34,074 [Listener at 127.0.0.1/37087] INFO  volume.HddsVolume (HddsVolume.java:<init>(176)) - Creating Volume: /github/workspace/mnt/ozone/hadoop-ozone/integration-test/target/test-dir/MiniOzoneClusterImpl-6f095167-e36a-40e2-aefd-0fa47c7d82e2/datanode-4/data-0/containers/hdds of storage type : DISK and capacity : 9223372036854775807
2020-07-27 09:55:34,074 [Listener at 127.0.0.1/37087] INFO  volume.MutableVolumeSet (MutableVolumeSet.java:initializeVolumeSet(179)) - Added Volume : /github/workspace/mnt/ozone/hadoop-ozone/integration-test/target/test-dir/MiniOzoneClusterImpl-6f095167-e36a-40e2-aefd-0fa47c7d82e2/datanode-4/data-0/containers/hdds to VolumeSet
2020-07-27 09:55:34,074 [Listener at 127.0.0.1/37087] INFO  volume.ThrottledAsyncChecker (ThrottledAsyncChecker.java:schedule(141)) - Scheduling a check for /github/workspace/mnt/ozone/hadoop-ozone/integration-test/target/test-dir/MiniOzoneClusterImpl-6f095167-e36a-40e2-aefd-0fa47c7d82e2/datanode-4/data-0/containers/hdds
2020-07-27 09:55:34,078 [org.apache.hadoop.util.JvmPauseMonitor$Monitor@16288fee] INFO  util.JvmPauseMonitor (JvmPauseMonitor.java:run(188)) - Starting JVM pause monitor
2020-07-27 09:55:34,078 [Listener at 127.0.0.1/37087] INFO  volume.HddsVolumeChecker (HddsVolumeChecker.java:checkAllVolumes(200)) - Scheduled health check for volume /github/workspace/mnt/ozone/hadoop-ozone/integration-test/target/test-dir/MiniOzoneClusterImpl-6f095167-e36a-40e2-aefd-0fa47c7d82e2/datanode-4/data-0/containers/hdds
2020-07-27 09:55:34,083 [Datanode State Machine Task Thread - 0] INFO  datanode.InitDatanodeState (InitDatanodeState.java:persistContainerDatanodeDetails(145)) - DatanodeDetails is persisted to /github/workspace/mnt/ozone/hadoop-ozone/integration-test/target/test-dir/MiniOzoneClusterImpl-6f095167-e36a-40e2-aefd-0fa47c7d82e2/datanode-3/meta/datanode.id
2020-07-27 09:55:34,089 [Thread-530] INFO  ozoneimpl.ContainerReader (ContainerReader.java:readVolume(123)) - Start to verify containers on volume /github/workspace/mnt/ozone/hadoop-ozone/integration-test/target/test-dir/MiniOzoneClusterImpl-6f095167-e36a-40e2-aefd-0fa47c7d82e2/datanode-4/data-0/containers/hdds
2020-07-27 09:55:34,089 [Thread-530] INFO  ozoneimpl.ContainerReader (ContainerReader.java:readVolume(148)) - Finish verifying containers on volume /github/workspace/mnt/ozone/hadoop-ozone/integration-test/target/test-dir/MiniOzoneClusterImpl-6f095167-e36a-40e2-aefd-0fa47c7d82e2/datanode-4/data-0/containers/hdds
2020-07-27 09:55:34,089 [Listener at 127.0.0.1/37087] INFO  ozoneimpl.OzoneContainer (OzoneContainer.java:buildContainerSet(196)) - Build ContainerSet costs 0s
2020-07-27 09:55:34,090 [Listener at 127.0.0.1/37087] INFO  impl.RaftServerProxy (ConfUtils.java:logGet(44)) - raft.rpc.type = GRPC (default)
2020-07-27 09:55:34,091 [Listener at 127.0.0.1/37087] INFO  grpc.GrpcFactory (GrpcFactory.java:checkPooledByteBufAllocatorUseCacheForAllThreads(45)) - PERFORMANCE WARNING: useCacheForAllThreads is true that may cause Netty to create a lot garbage objects and, as a result, trigger GC.
	It is recommended to disable useCacheForAllThreads by setting -Dorg.apache.ratis.thirdparty.io.netty.allocator.useCacheForAllThreads=false in command line.
2020-07-27 09:55:34,091 [Listener at 127.0.0.1/37087] INFO  grpc.GrpcConfigKeys (ConfUtils.java:logGet(44)) - raft.grpc.server.port = 0 (default)
2020-07-27 09:55:34,091 [Listener at 127.0.0.1/37087] INFO  server.GrpcService (ConfUtils.java:logGet(44)) - raft.grpc.message.size.max = 32MB (=33554432) (custom)
2020-07-27 09:55:34,091 [Listener at 127.0.0.1/37087] INFO  server.RaftServerConfigKeys (ConfUtils.java:logGet(44)) - raft.server.log.appender.buffer.byte-limit = 33554432 (custom)
2020-07-27 09:55:34,091 [Listener at 127.0.0.1/37087] INFO  server.GrpcService (ConfUtils.java:logGet(44)) - raft.grpc.flow.control.window = 5MB (=5242880) (custom)
2020-07-27 09:55:34,091 [Listener at 127.0.0.1/37087] INFO  server.RaftServerConfigKeys (ConfUtils.java:logGet(44)) - raft.server.rpc.request.timeout = 60s (custom)
2020-07-27 09:55:34,092 [Listener at 127.0.0.1/37087] INFO  server.RaftServerConfigKeys (ConfUtils.java:logGet(44)) - raft.server.storage.dir = [/github/workspace/mnt/ozone/hadoop-ozone/integration-test/target/test-dir/MiniOzoneClusterImpl-6f095167-e36a-40e2-aefd-0fa47c7d82e2/datanode-4/data/ratis] (custom)
2020-07-27 09:55:34,095 [Listener at 127.0.0.1/37087] INFO  http.BaseHttpServer (BaseHttpServer.java:newHttpServer2BuilderForOzone(207)) - Starting Web-server for hddsDatanode at: http://0.0.0.0:0
2020-07-27 09:55:34,095 [Listener at 127.0.0.1/37087] INFO  http.BaseHttpServer (BaseHttpServer.java:<init>(106)) - Hadoop Security Enabled: false Ozone Security Enabled: false Ozone HTTP Security Enabled: false 
2020-07-27 09:55:34,096 [Listener at 127.0.0.1/37087] INFO  server.AuthenticationFilter (AuthenticationFilter.java:constructSecretProvider(240)) - Unable to initialize FileSignerSecretProvider, falling back to use random secrets.
2020-07-27 09:55:34,098 [Listener at 127.0.0.1/37087] WARN  http.HttpRequestLog (HttpRequestLog.java:getRequestLog(103)) - Jetty request log can only be enabled using Log4j
2020-07-27 09:55:34,098 [Listener at 127.0.0.1/37087] INFO  http.HttpServer2 (HttpServer2.java:addGlobalFilter(998)) - Added global filter 'safety' (class=org.apache.hadoop.hdds.server.http.HttpServer2$QuotingInputFilter)
2020-07-27 09:55:34,099 [Listener at 127.0.0.1/37087] INFO  http.HttpServer2 (HttpServer2.java:addFilter(974)) - Added filter static_user_filter (class=org.apache.hadoop.http.lib.StaticUserWebFilter$StaticUserFilter) to context hddsDatanode
2020-07-27 09:55:34,099 [Listener at 127.0.0.1/37087] INFO  http.HttpServer2 (HttpServer2.java:addFilter(982)) - Added filter static_user_filter (class=org.apache.hadoop.http.lib.StaticUserWebFilter$StaticUserFilter) to context logs
2020-07-27 09:55:34,099 [Listener at 127.0.0.1/37087] INFO  http.HttpServer2 (HttpServer2.java:addFilter(982)) - Added filter static_user_filter (class=org.apache.hadoop.http.lib.StaticUserWebFilter$StaticUserFilter) to context static
2020-07-27 09:55:34,100 [Listener at 127.0.0.1/37087] INFO  http.HttpServer2 (HttpServer2.java:bindListener(1216)) - Jetty bound to port 34983
2020-07-27 09:55:34,100 [Listener at 127.0.0.1/37087] INFO  server.Server (Server.java:doStart(359)) - jetty-9.4.26.v20200117; built: 2020-01-17T12:35:33.676Z; git: 7b38981d25d14afb4a12ff1f2596756144edf695; jvm 1.8.0_232-b09
2020-07-27 09:55:34,106 [Listener at 127.0.0.1/37087] INFO  server.session (DefaultSessionIdManager.java:doStart(333)) - DefaultSessionIdManager workerName=node0
2020-07-27 09:55:34,106 [Listener at 127.0.0.1/37087] INFO  server.session (DefaultSessionIdManager.java:doStart(338)) - No SessionScavenger set, using defaults
2020-07-27 09:55:34,107 [Listener at 127.0.0.1/37087] INFO  server.session (HouseKeeper.java:startScavenging(140)) - node0 Scavenging every 600000ms
2020-07-27 09:55:34,108 [Listener at 127.0.0.1/37087] INFO  handler.ContextHandler (ContextHandler.java:doStart(825)) - Started o.e.j.s.ServletContextHandler@122d41dd{logs,/logs,file:///github/workspace/mnt/ozone/hadoop-ozone/integration-test/target/log,AVAILABLE}
2020-07-27 09:55:34,108 [Listener at 127.0.0.1/37087] INFO  handler.ContextHandler (ContextHandler.java:doStart(825)) - Started o.e.j.s.ServletContextHandler@58a93e29{static,/static,jar:file:/home/user/.m2/repository/org/apache/hadoop/hadoop-hdds-container-service/0.6.0-SNAPSHOT/hadoop-hdds-container-service-0.6.0-SNAPSHOT.jar!/webapps/static,AVAILABLE}
2020-07-27 09:55:34,168 [Listener at 127.0.0.1/37087] INFO  handler.ContextHandler (ContextHandler.java:doStart(825)) - Started o.e.j.w.WebAppContext@23d203c6{hddsDatanode,/,file:///tmp/jetty-0_0_0_0-34983-hadoop-hdds-container-service-0_6_0-SNAPSHOT_jar-_-any-8145248205160810591.dir/webapp/,AVAILABLE}{jar:file:/home/user/.m2/repository/org/apache/hadoop/hadoop-hdds-container-service/0.6.0-SNAPSHOT/hadoop-hdds-container-service-0.6.0-SNAPSHOT.jar!/webapps/hddsDatanode}
2020-07-27 09:55:34,171 [Listener at 127.0.0.1/37087] INFO  server.AbstractConnector (AbstractConnector.java:doStart(330)) - Started ServerConnector@55f1703b{HTTP/1.1,[http/1.1]}{0.0.0.0:34983}
2020-07-27 09:55:34,171 [Listener at 127.0.0.1/37087] INFO  server.Server (Server.java:doStart(399)) - Started @44404ms
2020-07-27 09:55:34,171 [Listener at 127.0.0.1/37087] WARN  impl.MetricsSystemImpl (MetricsSystemImpl.java:register(276)) - Sink prometheus already exists!
2020-07-27 09:55:34,174 [Listener at 127.0.0.1/37087] INFO  http.BaseHttpServer (BaseHttpServer.java:updateConnectorAddress(327)) - HTTP server of hddsDatanode listening at http://0.0.0.0:34983
2020-07-27 09:55:34,182 [Listener at 127.0.0.1/37087] INFO  impl.MetricsSystemImpl (MetricsSystemImpl.java:init(158)) - HddsDatanode metrics system started (again)
2020-07-27 09:55:34,185 [Listener at 127.0.0.1/37087] INFO  ozone.HddsDatanodeService (HddsDatanodeService.java:start(217)) - HddsDatanodeService host:5b2e5051647c ip:172.17.0.2
2020-07-27 09:55:34,186 [Listener at 127.0.0.1/37087] INFO  volume.HddsVolume (HddsVolume.java:<init>(176)) - Creating Volume: /github/workspace/mnt/ozone/hadoop-ozone/integration-test/target/test-dir/MiniOzoneClusterImpl-6f095167-e36a-40e2-aefd-0fa47c7d82e2/datanode-5/data-0/containers/hdds of storage type : DISK and capacity : 9223372036854775807
2020-07-27 09:55:34,186 [Listener at 127.0.0.1/37087] INFO  volume.MutableVolumeSet (MutableVolumeSet.java:initializeVolumeSet(179)) - Added Volume : /github/workspace/mnt/ozone/hadoop-ozone/integration-test/target/test-dir/MiniOzoneClusterImpl-6f095167-e36a-40e2-aefd-0fa47c7d82e2/datanode-5/data-0/containers/hdds to VolumeSet
2020-07-27 09:55:34,186 [Listener at 127.0.0.1/37087] INFO  volume.ThrottledAsyncChecker (ThrottledAsyncChecker.java:schedule(141)) - Scheduling a check for /github/workspace/mnt/ozone/hadoop-ozone/integration-test/target/test-dir/MiniOzoneClusterImpl-6f095167-e36a-40e2-aefd-0fa47c7d82e2/datanode-5/data-0/containers/hdds
2020-07-27 09:55:34,187 [Listener at 127.0.0.1/37087] INFO  volume.HddsVolumeChecker (HddsVolumeChecker.java:checkAllVolumes(200)) - Scheduled health check for volume /github/workspace/mnt/ozone/hadoop-ozone/integration-test/target/test-dir/MiniOzoneClusterImpl-6f095167-e36a-40e2-aefd-0fa47c7d82e2/datanode-5/data-0/containers/hdds
2020-07-27 09:55:34,198 [Thread-539] INFO  ozoneimpl.ContainerReader (ContainerReader.java:readVolume(123)) - Start to verify containers on volume /github/workspace/mnt/ozone/hadoop-ozone/integration-test/target/test-dir/MiniOzoneClusterImpl-6f095167-e36a-40e2-aefd-0fa47c7d82e2/datanode-5/data-0/containers/hdds
2020-07-27 09:55:34,198 [Thread-539] INFO  ozoneimpl.ContainerReader (ContainerReader.java:readVolume(148)) - Finish verifying containers on volume /github/workspace/mnt/ozone/hadoop-ozone/integration-test/target/test-dir/MiniOzoneClusterImpl-6f095167-e36a-40e2-aefd-0fa47c7d82e2/datanode-5/data-0/containers/hdds
2020-07-27 09:55:34,198 [Listener at 127.0.0.1/37087] INFO  ozoneimpl.OzoneContainer (OzoneContainer.java:buildContainerSet(196)) - Build ContainerSet costs 0s
2020-07-27 09:55:34,199 [Listener at 127.0.0.1/37087] INFO  impl.RaftServerProxy (ConfUtils.java:logGet(44)) - raft.rpc.type = GRPC (default)
2020-07-27 09:55:34,199 [Listener at 127.0.0.1/37087] INFO  grpc.GrpcFactory (GrpcFactory.java:checkPooledByteBufAllocatorUseCacheForAllThreads(45)) - PERFORMANCE WARNING: useCacheForAllThreads is true that may cause Netty to create a lot garbage objects and, as a result, trigger GC.
	It is recommended to disable useCacheForAllThreads by setting -Dorg.apache.ratis.thirdparty.io.netty.allocator.useCacheForAllThreads=false in command line.
2020-07-27 09:55:34,199 [Listener at 127.0.0.1/37087] INFO  grpc.GrpcConfigKeys (ConfUtils.java:logGet(44)) - raft.grpc.server.port = 0 (default)
2020-07-27 09:55:34,200 [Listener at 127.0.0.1/37087] INFO  server.GrpcService (ConfUtils.java:logGet(44)) - raft.grpc.message.size.max = 32MB (=33554432) (custom)
2020-07-27 09:55:34,200 [Listener at 127.0.0.1/37087] INFO  server.RaftServerConfigKeys (ConfUtils.java:logGet(44)) - raft.server.log.appender.buffer.byte-limit = 33554432 (custom)
2020-07-27 09:55:34,200 [Listener at 127.0.0.1/37087] INFO  server.GrpcService (ConfUtils.java:logGet(44)) - raft.grpc.flow.control.window = 5MB (=5242880) (custom)
2020-07-27 09:55:34,200 [Listener at 127.0.0.1/37087] INFO  server.RaftServerConfigKeys (ConfUtils.java:logGet(44)) - raft.server.rpc.request.timeout = 60s (custom)
2020-07-27 09:55:34,201 [Listener at 127.0.0.1/37087] INFO  server.RaftServerConfigKeys (ConfUtils.java:logGet(44)) - raft.server.storage.dir = [/github/workspace/mnt/ozone/hadoop-ozone/integration-test/target/test-dir/MiniOzoneClusterImpl-6f095167-e36a-40e2-aefd-0fa47c7d82e2/datanode-5/data/ratis] (custom)
2020-07-27 09:55:34,204 [Listener at 127.0.0.1/37087] INFO  http.BaseHttpServer (BaseHttpServer.java:newHttpServer2BuilderForOzone(207)) - Starting Web-server for hddsDatanode at: http://0.0.0.0:0
2020-07-27 09:55:34,204 [Listener at 127.0.0.1/37087] INFO  http.BaseHttpServer (BaseHttpServer.java:<init>(106)) - Hadoop Security Enabled: false Ozone Security Enabled: false Ozone HTTP Security Enabled: false 
2020-07-27 09:55:34,205 [Listener at 127.0.0.1/37087] INFO  server.AuthenticationFilter (AuthenticationFilter.java:constructSecretProvider(240)) - Unable to initialize FileSignerSecretProvider, falling back to use random secrets.
2020-07-27 09:55:34,214 [Listener at 127.0.0.1/37087] WARN  http.HttpRequestLog (HttpRequestLog.java:getRequestLog(103)) - Jetty request log can only be enabled using Log4j
2020-07-27 09:55:34,214 [Listener at 127.0.0.1/37087] INFO  http.HttpServer2 (HttpServer2.java:addGlobalFilter(998)) - Added global filter 'safety' (class=org.apache.hadoop.hdds.server.http.HttpServer2$QuotingInputFilter)
2020-07-27 09:55:34,215 [Listener at 127.0.0.1/37087] INFO  http.HttpServer2 (HttpServer2.java:addFilter(974)) - Added filter static_user_filter (class=org.apache.hadoop.http.lib.StaticUserWebFilter$StaticUserFilter) to context hddsDatanode
2020-07-27 09:55:34,215 [Listener at 127.0.0.1/37087] INFO  http.HttpServer2 (HttpServer2.java:addFilter(982)) - Added filter static_user_filter (class=org.apache.hadoop.http.lib.StaticUserWebFilter$StaticUserFilter) to context logs
2020-07-27 09:55:34,215 [Listener at 127.0.0.1/37087] INFO  http.HttpServer2 (HttpServer2.java:addFilter(982)) - Added filter static_user_filter (class=org.apache.hadoop.http.lib.StaticUserWebFilter$StaticUserFilter) to context static
2020-07-27 09:55:34,215 [Listener at 127.0.0.1/37087] INFO  http.HttpServer2 (HttpServer2.java:bindListener(1216)) - Jetty bound to port 33925
2020-07-27 09:55:34,215 [Listener at 127.0.0.1/37087] INFO  server.Server (Server.java:doStart(359)) - jetty-9.4.26.v20200117; built: 2020-01-17T12:35:33.676Z; git: 7b38981d25d14afb4a12ff1f2596756144edf695; jvm 1.8.0_232-b09
2020-07-27 09:55:34,222 [org.apache.hadoop.util.JvmPauseMonitor$Monitor@28368fb1] INFO  util.JvmPauseMonitor (JvmPauseMonitor.java:run(188)) - Starting JVM pause monitor
2020-07-27 09:55:34,235 [Datanode State Machine Task Thread - 0] INFO  datanode.InitDatanodeState (InitDatanodeState.java:persistContainerDatanodeDetails(145)) - DatanodeDetails is persisted to /github/workspace/mnt/ozone/hadoop-ozone/integration-test/target/test-dir/MiniOzoneClusterImpl-6f095167-e36a-40e2-aefd-0fa47c7d82e2/datanode-4/meta/datanode.id
2020-07-27 09:55:34,254 [Listener at 127.0.0.1/37087] INFO  server.session (DefaultSessionIdManager.java:doStart(333)) - DefaultSessionIdManager workerName=node0
2020-07-27 09:55:34,254 [Listener at 127.0.0.1/37087] INFO  server.session (DefaultSessionIdManager.java:doStart(338)) - No SessionScavenger set, using defaults
2020-07-27 09:55:34,254 [Listener at 127.0.0.1/37087] INFO  server.session (HouseKeeper.java:startScavenging(140)) - node0 Scavenging every 660000ms
2020-07-27 09:55:34,257 [Listener at 127.0.0.1/37087] INFO  handler.ContextHandler (ContextHandler.java:doStart(825)) - Started o.e.j.s.ServletContextHandler@7891fa51{logs,/logs,file:///github/workspace/mnt/ozone/hadoop-ozone/integration-test/target/log,AVAILABLE}
2020-07-27 09:55:34,257 [Listener at 127.0.0.1/37087] INFO  handler.ContextHandler (ContextHandler.java:doStart(825)) - Started o.e.j.s.ServletContextHandler@131fc159{static,/static,jar:file:/home/user/.m2/repository/org/apache/hadoop/hadoop-hdds-container-service/0.6.0-SNAPSHOT/hadoop-hdds-container-service-0.6.0-SNAPSHOT.jar!/webapps/static,AVAILABLE}
2020-07-27 09:55:34,321 [Listener at 127.0.0.1/37087] INFO  handler.ContextHandler (ContextHandler.java:doStart(825)) - Started o.e.j.w.WebAppContext@89c4638{hddsDatanode,/,file:///tmp/jetty-0_0_0_0-33925-hadoop-hdds-container-service-0_6_0-SNAPSHOT_jar-_-any-4273560037417376701.dir/webapp/,AVAILABLE}{jar:file:/home/user/.m2/repository/org/apache/hadoop/hadoop-hdds-container-service/0.6.0-SNAPSHOT/hadoop-hdds-container-service-0.6.0-SNAPSHOT.jar!/webapps/hddsDatanode}
2020-07-27 09:55:34,322 [Listener at 127.0.0.1/37087] INFO  server.AbstractConnector (AbstractConnector.java:doStart(330)) - Started ServerConnector@447e820{HTTP/1.1,[http/1.1]}{0.0.0.0:33925}
2020-07-27 09:55:34,322 [Listener at 127.0.0.1/37087] INFO  server.Server (Server.java:doStart(399)) - Started @44555ms
2020-07-27 09:55:34,322 [Listener at 127.0.0.1/37087] WARN  impl.MetricsSystemImpl (MetricsSystemImpl.java:register(276)) - Sink prometheus already exists!
2020-07-27 09:55:34,324 [Listener at 127.0.0.1/37087] INFO  http.BaseHttpServer (BaseHttpServer.java:updateConnectorAddress(327)) - HTTP server of hddsDatanode listening at http://0.0.0.0:33925
2020-07-27 09:55:34,329 [Listener at 127.0.0.1/37087] INFO  impl.MetricsSystemImpl (MetricsSystemImpl.java:init(158)) - HddsDatanode metrics system started (again)
2020-07-27 09:55:34,332 [Listener at 127.0.0.1/37087] INFO  ozone.HddsDatanodeService (HddsDatanodeService.java:start(217)) - HddsDatanodeService host:5b2e5051647c ip:172.17.0.2
2020-07-27 09:55:34,333 [Listener at 127.0.0.1/37087] INFO  volume.HddsVolume (HddsVolume.java:<init>(176)) - Creating Volume: /github/workspace/mnt/ozone/hadoop-ozone/integration-test/target/test-dir/MiniOzoneClusterImpl-6f095167-e36a-40e2-aefd-0fa47c7d82e2/datanode-6/data-0/containers/hdds of storage type : DISK and capacity : 9223372036854775807
2020-07-27 09:55:34,333 [Listener at 127.0.0.1/37087] INFO  volume.MutableVolumeSet (MutableVolumeSet.java:initializeVolumeSet(179)) - Added Volume : /github/workspace/mnt/ozone/hadoop-ozone/integration-test/target/test-dir/MiniOzoneClusterImpl-6f095167-e36a-40e2-aefd-0fa47c7d82e2/datanode-6/data-0/containers/hdds to VolumeSet
2020-07-27 09:55:34,334 [Listener at 127.0.0.1/37087] INFO  volume.ThrottledAsyncChecker (ThrottledAsyncChecker.java:schedule(141)) - Scheduling a check for /github/workspace/mnt/ozone/hadoop-ozone/integration-test/target/test-dir/MiniOzoneClusterImpl-6f095167-e36a-40e2-aefd-0fa47c7d82e2/datanode-6/data-0/containers/hdds
2020-07-27 09:55:34,337 [org.apache.hadoop.util.JvmPauseMonitor$Monitor@6347c6c3] INFO  util.JvmPauseMonitor (JvmPauseMonitor.java:run(188)) - Starting JVM pause monitor
2020-07-27 09:55:34,337 [Listener at 127.0.0.1/37087] INFO  volume.HddsVolumeChecker (HddsVolumeChecker.java:checkAllVolumes(200)) - Scheduled health check for volume /github/workspace/mnt/ozone/hadoop-ozone/integration-test/target/test-dir/MiniOzoneClusterImpl-6f095167-e36a-40e2-aefd-0fa47c7d82e2/datanode-6/data-0/containers/hdds
2020-07-27 09:55:34,343 [Datanode State Machine Task Thread - 0] INFO  datanode.InitDatanodeState (InitDatanodeState.java:persistContainerDatanodeDetails(145)) - DatanodeDetails is persisted to /github/workspace/mnt/ozone/hadoop-ozone/integration-test/target/test-dir/MiniOzoneClusterImpl-6f095167-e36a-40e2-aefd-0fa47c7d82e2/datanode-5/meta/datanode.id
2020-07-27 09:55:34,351 [Thread-552] INFO  ozoneimpl.ContainerReader (ContainerReader.java:readVolume(123)) - Start to verify containers on volume /github/workspace/mnt/ozone/hadoop-ozone/integration-test/target/test-dir/MiniOzoneClusterImpl-6f095167-e36a-40e2-aefd-0fa47c7d82e2/datanode-6/data-0/containers/hdds
2020-07-27 09:55:34,351 [Thread-552] INFO  ozoneimpl.ContainerReader (ContainerReader.java:readVolume(148)) - Finish verifying containers on volume /github/workspace/mnt/ozone/hadoop-ozone/integration-test/target/test-dir/MiniOzoneClusterImpl-6f095167-e36a-40e2-aefd-0fa47c7d82e2/datanode-6/data-0/containers/hdds
2020-07-27 09:55:34,351 [Listener at 127.0.0.1/37087] INFO  ozoneimpl.OzoneContainer (OzoneContainer.java:buildContainerSet(196)) - Build ContainerSet costs 0s
2020-07-27 09:55:34,353 [Listener at 127.0.0.1/37087] INFO  impl.RaftServerProxy (ConfUtils.java:logGet(44)) - raft.rpc.type = GRPC (default)
2020-07-27 09:55:34,353 [Listener at 127.0.0.1/37087] INFO  grpc.GrpcFactory (GrpcFactory.java:checkPooledByteBufAllocatorUseCacheForAllThreads(45)) - PERFORMANCE WARNING: useCacheForAllThreads is true that may cause Netty to create a lot garbage objects and, as a result, trigger GC.
	It is recommended to disable useCacheForAllThreads by setting -Dorg.apache.ratis.thirdparty.io.netty.allocator.useCacheForAllThreads=false in command line.
2020-07-27 09:55:34,353 [Listener at 127.0.0.1/37087] INFO  grpc.GrpcConfigKeys (ConfUtils.java:logGet(44)) - raft.grpc.server.port = 0 (default)
2020-07-27 09:55:34,353 [Listener at 127.0.0.1/37087] INFO  server.GrpcService (ConfUtils.java:logGet(44)) - raft.grpc.message.size.max = 32MB (=33554432) (custom)
2020-07-27 09:55:34,353 [Listener at 127.0.0.1/37087] INFO  server.RaftServerConfigKeys (ConfUtils.java:logGet(44)) - raft.server.log.appender.buffer.byte-limit = 33554432 (custom)
2020-07-27 09:55:34,353 [Listener at 127.0.0.1/37087] INFO  server.GrpcService (ConfUtils.java:logGet(44)) - raft.grpc.flow.control.window = 5MB (=5242880) (custom)
2020-07-27 09:55:34,353 [Listener at 127.0.0.1/37087] INFO  server.RaftServerConfigKeys (ConfUtils.java:logGet(44)) - raft.server.rpc.request.timeout = 60s (custom)
2020-07-27 09:55:34,354 [Listener at 127.0.0.1/37087] INFO  server.RaftServerConfigKeys (ConfUtils.java:logGet(44)) - raft.server.storage.dir = [/github/workspace/mnt/ozone/hadoop-ozone/integration-test/target/test-dir/MiniOzoneClusterImpl-6f095167-e36a-40e2-aefd-0fa47c7d82e2/datanode-6/data/ratis] (custom)
2020-07-27 09:55:34,358 [Listener at 127.0.0.1/37087] INFO  http.BaseHttpServer (BaseHttpServer.java:newHttpServer2BuilderForOzone(207)) - Starting Web-server for hddsDatanode at: http://0.0.0.0:0
2020-07-27 09:55:34,358 [Listener at 127.0.0.1/37087] INFO  http.BaseHttpServer (BaseHttpServer.java:<init>(106)) - Hadoop Security Enabled: false Ozone Security Enabled: false Ozone HTTP Security Enabled: false 
2020-07-27 09:55:34,358 [Listener at 127.0.0.1/37087] INFO  server.AuthenticationFilter (AuthenticationFilter.java:constructSecretProvider(240)) - Unable to initialize FileSignerSecretProvider, falling back to use random secrets.
2020-07-27 09:55:34,360 [Listener at 127.0.0.1/37087] WARN  http.HttpRequestLog (HttpRequestLog.java:getRequestLog(103)) - Jetty request log can only be enabled using Log4j
2020-07-27 09:55:34,361 [Listener at 127.0.0.1/37087] INFO  http.HttpServer2 (HttpServer2.java:addGlobalFilter(998)) - Added global filter 'safety' (class=org.apache.hadoop.hdds.server.http.HttpServer2$QuotingInputFilter)
2020-07-27 09:55:34,361 [Listener at 127.0.0.1/37087] INFO  http.HttpServer2 (HttpServer2.java:addFilter(974)) - Added filter static_user_filter (class=org.apache.hadoop.http.lib.StaticUserWebFilter$StaticUserFilter) to context hddsDatanode
2020-07-27 09:55:34,361 [Listener at 127.0.0.1/37087] INFO  http.HttpServer2 (HttpServer2.java:addFilter(982)) - Added filter static_user_filter (class=org.apache.hadoop.http.lib.StaticUserWebFilter$StaticUserFilter) to context static
2020-07-27 09:55:34,362 [Listener at 127.0.0.1/37087] INFO  http.HttpServer2 (HttpServer2.java:addFilter(982)) - Added filter static_user_filter (class=org.apache.hadoop.http.lib.StaticUserWebFilter$StaticUserFilter) to context logs
2020-07-27 09:55:34,362 [Listener at 127.0.0.1/37087] INFO  http.HttpServer2 (HttpServer2.java:bindListener(1216)) - Jetty bound to port 42669
2020-07-27 09:55:34,362 [Listener at 127.0.0.1/37087] INFO  server.Server (Server.java:doStart(359)) - jetty-9.4.26.v20200117; built: 2020-01-17T12:35:33.676Z; git: 7b38981d25d14afb4a12ff1f2596756144edf695; jvm 1.8.0_232-b09
2020-07-27 09:55:34,364 [Listener at 127.0.0.1/37087] INFO  server.session (DefaultSessionIdManager.java:doStart(333)) - DefaultSessionIdManager workerName=node0
2020-07-27 09:55:34,364 [Listener at 127.0.0.1/37087] INFO  server.session (DefaultSessionIdManager.java:doStart(338)) - No SessionScavenger set, using defaults
2020-07-27 09:55:34,364 [Listener at 127.0.0.1/37087] INFO  server.session (HouseKeeper.java:startScavenging(140)) - node0 Scavenging every 660000ms
2020-07-27 09:55:34,365 [Listener at 127.0.0.1/37087] INFO  handler.ContextHandler (ContextHandler.java:doStart(825)) - Started o.e.j.s.ServletContextHandler@5e43aff8{logs,/logs,file:///github/workspace/mnt/ozone/hadoop-ozone/integration-test/target/log,AVAILABLE}
2020-07-27 09:55:34,365 [Listener at 127.0.0.1/37087] INFO  handler.ContextHandler (ContextHandler.java:doStart(825)) - Started o.e.j.s.ServletContextHandler@4b799af1{static,/static,jar:file:/home/user/.m2/repository/org/apache/hadoop/hadoop-hdds-container-service/0.6.0-SNAPSHOT/hadoop-hdds-container-service-0.6.0-SNAPSHOT.jar!/webapps/static,AVAILABLE}
2020-07-27 09:55:34,423 [Listener at 127.0.0.1/37087] INFO  handler.ContextHandler (ContextHandler.java:doStart(825)) - Started o.e.j.w.WebAppContext@3ad966f9{hddsDatanode,/,file:///tmp/jetty-0_0_0_0-42669-hadoop-hdds-container-service-0_6_0-SNAPSHOT_jar-_-any-5845453398358027126.dir/webapp/,AVAILABLE}{jar:file:/home/user/.m2/repository/org/apache/hadoop/hadoop-hdds-container-service/0.6.0-SNAPSHOT/hadoop-hdds-container-service-0.6.0-SNAPSHOT.jar!/webapps/hddsDatanode}
2020-07-27 09:55:34,424 [Listener at 127.0.0.1/37087] INFO  server.AbstractConnector (AbstractConnector.java:doStart(330)) - Started ServerConnector@7900184{HTTP/1.1,[http/1.1]}{0.0.0.0:42669}
2020-07-27 09:55:34,424 [Listener at 127.0.0.1/37087] INFO  server.Server (Server.java:doStart(399)) - Started @44658ms
2020-07-27 09:55:34,424 [Listener at 127.0.0.1/37087] WARN  impl.MetricsSystemImpl (MetricsSystemImpl.java:register(276)) - Sink prometheus already exists!
2020-07-27 09:55:34,427 [Listener at 127.0.0.1/37087] INFO  http.BaseHttpServer (BaseHttpServer.java:updateConnectorAddress(327)) - HTTP server of hddsDatanode listening at http://0.0.0.0:42669
2020-07-27 09:55:34,431 [Listener at 127.0.0.1/37087] INFO  ozone.MiniOzoneClusterImpl (MiniOzoneClusterImpl.java:lambda$waitForClusterToBeReady$0(177)) - Waiting for nodes to be ready. Got 0 of 7 DN Heartbeats.
2020-07-27 09:55:34,431 [Listener at 127.0.0.1/37087] INFO  ozone.MiniOzoneClusterImpl (MiniOzoneClusterImpl.java:lambda$waitForClusterToBeReady$0(180)) - Waiting for cluster to exit safe mode
2020-07-27 09:55:34,434 [org.apache.hadoop.util.JvmPauseMonitor$Monitor@70338d80] INFO  util.JvmPauseMonitor (JvmPauseMonitor.java:run(188)) - Starting JVM pause monitor
2020-07-27 09:55:34,436 [Datanode State Machine Task Thread - 0] INFO  datanode.InitDatanodeState (InitDatanodeState.java:persistContainerDatanodeDetails(145)) - DatanodeDetails is persisted to /github/workspace/mnt/ozone/hadoop-ozone/integration-test/target/test-dir/MiniOzoneClusterImpl-6f095167-e36a-40e2-aefd-0fa47c7d82e2/datanode-6/meta/datanode.id
2020-07-27 09:55:35,431 [Listener at 127.0.0.1/37087] INFO  ozone.MiniOzoneClusterImpl (MiniOzoneClusterImpl.java:lambda$waitForClusterToBeReady$0(177)) - Waiting for nodes to be ready. Got 0 of 7 DN Heartbeats.
2020-07-27 09:55:35,431 [Listener at 127.0.0.1/37087] INFO  ozone.MiniOzoneClusterImpl (MiniOzoneClusterImpl.java:lambda$waitForClusterToBeReady$0(180)) - Waiting for cluster to exit safe mode
2020-07-27 09:55:35,737 [Datanode State Machine Task Thread - 1] INFO  ozoneimpl.OzoneContainer (OzoneContainer.java:start(245)) - Attempting to start container services.
2020-07-27 09:55:35,737 [Datanode State Machine Task Thread - 1] INFO  ozoneimpl.OzoneContainer (OzoneContainer.java:startContainerScrub(209)) - Background container scanner has been disabled.
2020-07-27 09:55:35,738 [Datanode State Machine Task Thread - 1] INFO  ratis.XceiverServerRatis (XceiverServerRatis.java:start(440)) - Starting XceiverServerRatis 045c987a-fb62-4fd1-8a3b-f6f94af40e4e at port 0
2020-07-27 09:55:35,740 [Datanode State Machine Task Thread - 1] INFO  impl.RaftServerProxy (RaftServerProxy.java:lambda$start$3(304)) - 045c987a-fb62-4fd1-8a3b-f6f94af40e4e: start RPC server
2020-07-27 09:55:35,740 [Datanode State Machine Task Thread - 1] INFO  server.GrpcService (GrpcService.java:startImpl(160)) - 045c987a-fb62-4fd1-8a3b-f6f94af40e4e: GrpcService started, listening on 0.0.0.0/0.0.0.0:35095
2020-07-27 09:55:35,741 [Datanode State Machine Task Thread - 1] INFO  ratis.XceiverServerRatis (XceiverServerRatis.java:start(452)) - XceiverServerRatis 045c987a-fb62-4fd1-8a3b-f6f94af40e4e is started using port 35095
2020-07-27 09:55:35,742 [Datanode State Machine Task Thread - 1] INFO  server.XceiverServerGrpc (XceiverServerGrpc.java:start(145)) - XceiverServerGrpc 045c987a-fb62-4fd1-8a3b-f6f94af40e4e is started using port 43107
2020-07-27 09:55:35,833 [Datanode State Machine Task Thread - 1] INFO  ozoneimpl.OzoneContainer (OzoneContainer.java:start(245)) - Attempting to start container services.
2020-07-27 09:55:35,833 [Datanode State Machine Task Thread - 1] INFO  ozoneimpl.OzoneContainer (OzoneContainer.java:startContainerScrub(209)) - Background container scanner has been disabled.
2020-07-27 09:55:35,833 [Datanode State Machine Task Thread - 1] INFO  ratis.XceiverServerRatis (XceiverServerRatis.java:start(440)) - Starting XceiverServerRatis db756141-0354-427a-9153-f34ecc5b5329 at port 0
2020-07-27 09:55:35,835 [Datanode State Machine Task Thread - 1] INFO  impl.RaftServerProxy (RaftServerProxy.java:lambda$start$3(304)) - db756141-0354-427a-9153-f34ecc5b5329: start RPC server
2020-07-27 09:55:35,835 [Datanode State Machine Task Thread - 1] INFO  server.GrpcService (GrpcService.java:startImpl(160)) - db756141-0354-427a-9153-f34ecc5b5329: GrpcService started, listening on 0.0.0.0/0.0.0.0:38333
2020-07-27 09:55:35,835 [Datanode State Machine Task Thread - 1] INFO  ratis.XceiverServerRatis (XceiverServerRatis.java:start(452)) - XceiverServerRatis db756141-0354-427a-9153-f34ecc5b5329 is started using port 38333
2020-07-27 09:55:35,835 [Datanode State Machine Task Thread - 1] INFO  server.XceiverServerGrpc (XceiverServerGrpc.java:start(145)) - XceiverServerGrpc db756141-0354-427a-9153-f34ecc5b5329 is started using port 46469
2020-07-27 09:55:35,957 [Datanode State Machine Task Thread - 1] INFO  ozoneimpl.OzoneContainer (OzoneContainer.java:start(245)) - Attempting to start container services.
2020-07-27 09:55:35,958 [Datanode State Machine Task Thread - 1] INFO  ozoneimpl.OzoneContainer (OzoneContainer.java:startContainerScrub(209)) - Background container scanner has been disabled.
2020-07-27 09:55:35,958 [Datanode State Machine Task Thread - 1] INFO  ratis.XceiverServerRatis (XceiverServerRatis.java:start(440)) - Starting XceiverServerRatis 24589ba3-439e-426c-a3dd-3948fbf70a5d at port 0
2020-07-27 09:55:35,959 [Datanode State Machine Task Thread - 1] INFO  impl.RaftServerProxy (RaftServerProxy.java:lambda$start$3(304)) - 24589ba3-439e-426c-a3dd-3948fbf70a5d: start RPC server
2020-07-27 09:55:35,960 [Datanode State Machine Task Thread - 1] INFO  server.GrpcService (GrpcService.java:startImpl(160)) - 24589ba3-439e-426c-a3dd-3948fbf70a5d: GrpcService started, listening on 0.0.0.0/0.0.0.0:36853
2020-07-27 09:55:35,960 [Datanode State Machine Task Thread - 1] INFO  ratis.XceiverServerRatis (XceiverServerRatis.java:start(452)) - XceiverServerRatis 24589ba3-439e-426c-a3dd-3948fbf70a5d is started using port 36853
2020-07-27 09:55:35,963 [Datanode State Machine Task Thread - 1] INFO  server.XceiverServerGrpc (XceiverServerGrpc.java:start(145)) - XceiverServerGrpc 24589ba3-439e-426c-a3dd-3948fbf70a5d is started using port 34629
2020-07-27 09:55:36,080 [Datanode State Machine Task Thread - 1] INFO  ozoneimpl.OzoneContainer (OzoneContainer.java:start(245)) - Attempting to start container services.
2020-07-27 09:55:36,080 [Datanode State Machine Task Thread - 1] INFO  ozoneimpl.OzoneContainer (OzoneContainer.java:startContainerScrub(209)) - Background container scanner has been disabled.
2020-07-27 09:55:36,080 [Datanode State Machine Task Thread - 1] INFO  ratis.XceiverServerRatis (XceiverServerRatis.java:start(440)) - Starting XceiverServerRatis 1abd5772-62cd-4705-9996-234721943c22 at port 0
2020-07-27 09:55:36,081 [Datanode State Machine Task Thread - 1] INFO  impl.RaftServerProxy (RaftServerProxy.java:lambda$start$3(304)) - 1abd5772-62cd-4705-9996-234721943c22: start RPC server
2020-07-27 09:55:36,082 [Datanode State Machine Task Thread - 1] INFO  server.GrpcService (GrpcService.java:startImpl(160)) - 1abd5772-62cd-4705-9996-234721943c22: GrpcService started, listening on 0.0.0.0/0.0.0.0:42565
2020-07-27 09:55:36,082 [Datanode State Machine Task Thread - 1] INFO  ratis.XceiverServerRatis (XceiverServerRatis.java:start(452)) - XceiverServerRatis 1abd5772-62cd-4705-9996-234721943c22 is started using port 42565
2020-07-27 09:55:36,082 [Datanode State Machine Task Thread - 1] INFO  server.XceiverServerGrpc (XceiverServerGrpc.java:start(145)) - XceiverServerGrpc 1abd5772-62cd-4705-9996-234721943c22 is started using port 42013
2020-07-27 09:55:36,224 [Datanode State Machine Task Thread - 1] INFO  ozoneimpl.OzoneContainer (OzoneContainer.java:start(245)) - Attempting to start container services.
2020-07-27 09:55:36,225 [Datanode State Machine Task Thread - 1] INFO  ozoneimpl.OzoneContainer (OzoneContainer.java:startContainerScrub(209)) - Background container scanner has been disabled.
2020-07-27 09:55:36,225 [Datanode State Machine Task Thread - 1] INFO  ratis.XceiverServerRatis (XceiverServerRatis.java:start(440)) - Starting XceiverServerRatis 6149466c-0ff2-4d16-87a0-4777c761ad23 at port 0
2020-07-27 09:55:36,227 [Datanode State Machine Task Thread - 1] INFO  impl.RaftServerProxy (RaftServerProxy.java:lambda$start$3(304)) - 6149466c-0ff2-4d16-87a0-4777c761ad23: start RPC server
2020-07-27 09:55:36,228 [Datanode State Machine Task Thread - 1] INFO  server.GrpcService (GrpcService.java:startImpl(160)) - 6149466c-0ff2-4d16-87a0-4777c761ad23: GrpcService started, listening on 0.0.0.0/0.0.0.0:43501
2020-07-27 09:55:36,228 [Datanode State Machine Task Thread - 1] INFO  ratis.XceiverServerRatis (XceiverServerRatis.java:start(452)) - XceiverServerRatis 6149466c-0ff2-4d16-87a0-4777c761ad23 is started using port 43501
2020-07-27 09:55:36,229 [Datanode State Machine Task Thread - 1] INFO  server.XceiverServerGrpc (XceiverServerGrpc.java:start(145)) - XceiverServerGrpc 6149466c-0ff2-4d16-87a0-4777c761ad23 is started using port 46253
2020-07-27 09:55:36,339 [Datanode State Machine Task Thread - 1] INFO  ozoneimpl.OzoneContainer (OzoneContainer.java:start(245)) - Attempting to start container services.
2020-07-27 09:55:36,339 [Datanode State Machine Task Thread - 1] INFO  ozoneimpl.OzoneContainer (OzoneContainer.java:startContainerScrub(209)) - Background container scanner has been disabled.
2020-07-27 09:55:36,339 [Datanode State Machine Task Thread - 1] INFO  ratis.XceiverServerRatis (XceiverServerRatis.java:start(440)) - Starting XceiverServerRatis c5cd7f8e-e419-427c-8535-fd2c10c6404c at port 0
2020-07-27 09:55:36,340 [Datanode State Machine Task Thread - 1] INFO  impl.RaftServerProxy (RaftServerProxy.java:lambda$start$3(304)) - c5cd7f8e-e419-427c-8535-fd2c10c6404c: start RPC server
2020-07-27 09:55:36,340 [Datanode State Machine Task Thread - 1] INFO  server.GrpcService (GrpcService.java:startImpl(160)) - c5cd7f8e-e419-427c-8535-fd2c10c6404c: GrpcService started, listening on 0.0.0.0/0.0.0.0:44385
2020-07-27 09:55:36,340 [Datanode State Machine Task Thread - 1] INFO  ratis.XceiverServerRatis (XceiverServerRatis.java:start(452)) - XceiverServerRatis c5cd7f8e-e419-427c-8535-fd2c10c6404c is started using port 44385
2020-07-27 09:55:36,341 [Datanode State Machine Task Thread - 1] INFO  server.XceiverServerGrpc (XceiverServerGrpc.java:start(145)) - XceiverServerGrpc c5cd7f8e-e419-427c-8535-fd2c10c6404c is started using port 34783
2020-07-27 09:55:36,431 [Listener at 127.0.0.1/37087] INFO  ozone.MiniOzoneClusterImpl (MiniOzoneClusterImpl.java:lambda$waitForClusterToBeReady$0(177)) - Waiting for nodes to be ready. Got 0 of 7 DN Heartbeats.
2020-07-27 09:55:36,431 [Listener at 127.0.0.1/37087] INFO  ozone.MiniOzoneClusterImpl (MiniOzoneClusterImpl.java:lambda$waitForClusterToBeReady$0(180)) - Waiting for cluster to exit safe mode
2020-07-27 09:55:36,436 [Datanode State Machine Task Thread - 1] INFO  ozoneimpl.OzoneContainer (OzoneContainer.java:start(245)) - Attempting to start container services.
2020-07-27 09:55:36,437 [Datanode State Machine Task Thread - 1] INFO  ozoneimpl.OzoneContainer (OzoneContainer.java:startContainerScrub(209)) - Background container scanner has been disabled.
2020-07-27 09:55:36,437 [Datanode State Machine Task Thread - 1] INFO  ratis.XceiverServerRatis (XceiverServerRatis.java:start(440)) - Starting XceiverServerRatis fb881f82-5e57-41ff-b606-0a47835c2f4e at port 0
2020-07-27 09:55:36,437 [Datanode State Machine Task Thread - 1] INFO  impl.RaftServerProxy (RaftServerProxy.java:lambda$start$3(304)) - fb881f82-5e57-41ff-b606-0a47835c2f4e: start RPC server
2020-07-27 09:55:36,439 [Datanode State Machine Task Thread - 1] INFO  server.GrpcService (GrpcService.java:startImpl(160)) - fb881f82-5e57-41ff-b606-0a47835c2f4e: GrpcService started, listening on 0.0.0.0/0.0.0.0:46069
2020-07-27 09:55:36,439 [Datanode State Machine Task Thread - 1] INFO  ratis.XceiverServerRatis (XceiverServerRatis.java:start(452)) - XceiverServerRatis fb881f82-5e57-41ff-b606-0a47835c2f4e is started using port 46069
2020-07-27 09:55:36,440 [Datanode State Machine Task Thread - 1] INFO  server.XceiverServerGrpc (XceiverServerGrpc.java:start(145)) - XceiverServerGrpc fb881f82-5e57-41ff-b606-0a47835c2f4e is started using port 42263
2020-07-27 09:55:37,432 [Listener at 127.0.0.1/37087] INFO  ozone.MiniOzoneClusterImpl (MiniOzoneClusterImpl.java:lambda$waitForClusterToBeReady$0(177)) - Waiting for nodes to be ready. Got 0 of 7 DN Heartbeats.
2020-07-27 09:55:37,432 [Listener at 127.0.0.1/37087] INFO  ozone.MiniOzoneClusterImpl (MiniOzoneClusterImpl.java:lambda$waitForClusterToBeReady$0(180)) - Waiting for cluster to exit safe mode
2020-07-27 09:55:37,732 [IPC Server handler 0 on default port 35005] INFO  net.NetworkTopology (NetworkTopologyImpl.java:add(111)) - Added a new node: /default-rack/045c987a-fb62-4fd1-8a3b-f6f94af40e4e
2020-07-27 09:55:37,733 [IPC Server handler 0 on default port 35005] INFO  node.SCMNodeManager (SCMNodeManager.java:register(273)) - Registered Data node : 045c987a-fb62-4fd1-8a3b-f6f94af40e4e{ip: 172.17.0.2, host: 5b2e5051647c, networkLocation: /default-rack, certSerialId: null}
2020-07-27 09:55:37,734 [EventQueue-NodeRegistrationContainerReportForContainerSafeModeRule] INFO  safemode.SCMSafeModeManager (SCMSafeModeManager.java:validateSafeModeExitRules(214)) - ContainerSafeModeRule rule is successfully validated
2020-07-27 09:55:37,739 [RatisPipelineUtilsThread] INFO  pipeline.RatisPipelineProvider (RatisPipelineProvider.java:lambda$create$0(138)) - Sending CreatePipelineCommand for pipeline:PipelineID=350faa5e-e8bc-4481-81ce-d22eb1565e1b to datanode:045c987a-fb62-4fd1-8a3b-f6f94af40e4e
2020-07-27 09:55:37,740 [EventQueue-NodeRegistrationContainerReportForDataNodeSafeModeRule] INFO  safemode.SCMSafeModeManager (DataNodeSafeModeRule.java:process(71)) - SCM in safe mode. 1 DataNodes registered, 1 required.
2020-07-27 09:55:37,740 [EventQueue-NodeRegistrationContainerReportForDataNodeSafeModeRule] INFO  safemode.SCMSafeModeManager (SCMSafeModeManager.java:validateSafeModeExitRules(214)) - DataNodeSafeModeRule rule is successfully validated
2020-07-27 09:55:37,740 [EventQueue-NodeRegistrationContainerReportForDataNodeSafeModeRule] INFO  safemode.SCMSafeModeManager (SCMSafeModeManager.java:completePreCheck(242)) - All SCM safe mode pre check rules have passed
2020-07-27 09:55:37,741 [RatisPipelineUtilsThread] INFO  pipeline.PipelineStateManager (PipelineStateManager.java:addPipeline(54)) - Created pipeline Pipeline[ Id: 350faa5e-e8bc-4481-81ce-d22eb1565e1b, Nodes: 045c987a-fb62-4fd1-8a3b-f6f94af40e4e{ip: 172.17.0.2, host: 5b2e5051647c, networkLocation: /default-rack, certSerialId: null}, Type:RATIS, Factor:ONE, State:ALLOCATED, leaderId:, CreationTimestamp2020-07-27T09:55:37.739Z]
2020-07-27 09:55:37,741 [RatisPipelineUtilsThread] ERROR pipeline.SCMPipelineManager (SCMPipelineManager.java:createPipeline(275)) - Failed to create pipeline of type RATIS and factor ONE. Exception: Cannot create pipeline of factor 1 using 0 nodes. Used 1 nodes. Healthy nodes 1
2020-07-27 09:55:37,741 [RatisPipelineUtilsThread] WARN  pipeline.PipelinePlacementPolicy (PipelinePlacementPolicy.java:filterViableNodes(133)) - Pipeline creation failed due to no sufficient healthy datanodes. Required 3. Found 1.
2020-07-27 09:55:37,741 [RatisPipelineUtilsThread] ERROR pipeline.SCMPipelineManager (SCMPipelineManager.java:createPipeline(275)) - Failed to create pipeline of type RATIS and factor THREE. Exception: Pipeline creation failed due to no sufficient healthy datanodes. Required 3. Found 1.
2020-07-27 09:55:37,832 [IPC Server handler 1 on default port 35005] INFO  net.NetworkTopology (NetworkTopologyImpl.java:add(111)) - Added a new node: /default-rack/db756141-0354-427a-9153-f34ecc5b5329
2020-07-27 09:55:37,832 [IPC Server handler 1 on default port 35005] INFO  node.SCMNodeManager (SCMNodeManager.java:register(273)) - Registered Data node : db756141-0354-427a-9153-f34ecc5b5329{ip: 172.17.0.2, host: 5b2e5051647c, networkLocation: /default-rack, certSerialId: null}
2020-07-27 09:55:37,832 [EventQueue-NodeRegistrationContainerReportForContainerSafeModeRule] INFO  safemode.SCMSafeModeManager (SCMSafeModeManager.java:validateSafeModeExitRules(214)) - ContainerSafeModeRule rule is successfully validated
2020-07-27 09:55:37,832 [EventQueue-NodeRegistrationContainerReportForDataNodeSafeModeRule] INFO  safemode.SCMSafeModeManager (SCMSafeModeManager.java:validateSafeModeExitRules(214)) - DataNodeSafeModeRule rule is successfully validated
2020-07-27 09:55:37,834 [RatisPipelineUtilsThread] INFO  pipeline.RatisPipelineProvider (RatisPipelineProvider.java:lambda$create$0(138)) - Sending CreatePipelineCommand for pipeline:PipelineID=bb463354-8301-406e-8cd5-2a305473e0d3 to datanode:db756141-0354-427a-9153-f34ecc5b5329
2020-07-27 09:55:37,834 [RatisPipelineUtilsThread] INFO  pipeline.PipelineStateManager (PipelineStateManager.java:addPipeline(54)) - Created pipeline Pipeline[ Id: bb463354-8301-406e-8cd5-2a305473e0d3, Nodes: db756141-0354-427a-9153-f34ecc5b5329{ip: 172.17.0.2, host: 5b2e5051647c, networkLocation: /default-rack, certSerialId: null}, Type:RATIS, Factor:ONE, State:ALLOCATED, leaderId:, CreationTimestamp2020-07-27T09:55:37.833Z]
2020-07-27 09:55:37,834 [RatisPipelineUtilsThread] ERROR pipeline.SCMPipelineManager (SCMPipelineManager.java:createPipeline(275)) - Failed to create pipeline of type RATIS and factor ONE. Exception: Cannot create pipeline of factor 1 using 0 nodes. Used 2 nodes. Healthy nodes 2
2020-07-27 09:55:37,834 [RatisPipelineUtilsThread] WARN  pipeline.PipelinePlacementPolicy (PipelinePlacementPolicy.java:filterViableNodes(133)) - Pipeline creation failed due to no sufficient healthy datanodes. Required 3. Found 2.
2020-07-27 09:55:37,834 [RatisPipelineUtilsThread] ERROR pipeline.SCMPipelineManager (SCMPipelineManager.java:createPipeline(275)) - Failed to create pipeline of type RATIS and factor THREE. Exception: Pipeline creation failed due to no sufficient healthy datanodes. Required 3. Found 2.
2020-07-27 09:55:37,956 [IPC Server handler 2 on default port 35005] INFO  net.NetworkTopology (NetworkTopologyImpl.java:add(111)) - Added a new node: /default-rack/24589ba3-439e-426c-a3dd-3948fbf70a5d
2020-07-27 09:55:37,956 [IPC Server handler 2 on default port 35005] INFO  node.SCMNodeManager (SCMNodeManager.java:register(273)) - Registered Data node : 24589ba3-439e-426c-a3dd-3948fbf70a5d{ip: 172.17.0.2, host: 5b2e5051647c, networkLocation: /default-rack, certSerialId: null}
2020-07-27 09:55:37,956 [EventQueue-NodeRegistrationContainerReportForContainerSafeModeRule] INFO  safemode.SCMSafeModeManager (SCMSafeModeManager.java:validateSafeModeExitRules(214)) - ContainerSafeModeRule rule is successfully validated
2020-07-27 09:55:37,957 [EventQueue-NodeRegistrationContainerReportForDataNodeSafeModeRule] INFO  safemode.SCMSafeModeManager (SCMSafeModeManager.java:validateSafeModeExitRules(214)) - DataNodeSafeModeRule rule is successfully validated
2020-07-27 09:55:37,957 [RatisPipelineUtilsThread] INFO  pipeline.RatisPipelineProvider (RatisPipelineProvider.java:lambda$create$0(138)) - Sending CreatePipelineCommand for pipeline:PipelineID=db95f63e-d117-490c-a39d-2657cec53f02 to datanode:24589ba3-439e-426c-a3dd-3948fbf70a5d
2020-07-27 09:55:37,957 [RatisPipelineUtilsThread] INFO  pipeline.PipelineStateManager (PipelineStateManager.java:addPipeline(54)) - Created pipeline Pipeline[ Id: db95f63e-d117-490c-a39d-2657cec53f02, Nodes: 24589ba3-439e-426c-a3dd-3948fbf70a5d{ip: 172.17.0.2, host: 5b2e5051647c, networkLocation: /default-rack, certSerialId: null}, Type:RATIS, Factor:ONE, State:ALLOCATED, leaderId:, CreationTimestamp2020-07-27T09:55:37.957Z]
2020-07-27 09:55:37,958 [RatisPipelineUtilsThread] ERROR pipeline.SCMPipelineManager (SCMPipelineManager.java:createPipeline(275)) - Failed to create pipeline of type RATIS and factor ONE. Exception: Cannot create pipeline of factor 1 using 0 nodes. Used 3 nodes. Healthy nodes 3
2020-07-27 09:55:37,958 [RatisPipelineUtilsThread] INFO  pipeline.RatisPipelineProvider (RatisPipelineProvider.java:lambda$create$0(138)) - Sending CreatePipelineCommand for pipeline:PipelineID=7bbf6427-087b-4c7e-9ba9-bda6939820fe to datanode:db756141-0354-427a-9153-f34ecc5b5329
2020-07-27 09:55:37,958 [RatisPipelineUtilsThread] INFO  pipeline.RatisPipelineProvider (RatisPipelineProvider.java:lambda$create$0(138)) - Sending CreatePipelineCommand for pipeline:PipelineID=7bbf6427-087b-4c7e-9ba9-bda6939820fe to datanode:24589ba3-439e-426c-a3dd-3948fbf70a5d
2020-07-27 09:55:37,958 [RatisPipelineUtilsThread] INFO  pipeline.RatisPipelineProvider (RatisPipelineProvider.java:lambda$create$0(138)) - Sending CreatePipelineCommand for pipeline:PipelineID=7bbf6427-087b-4c7e-9ba9-bda6939820fe to datanode:045c987a-fb62-4fd1-8a3b-f6f94af40e4e
2020-07-27 09:55:37,959 [RatisPipelineUtilsThread] INFO  pipeline.PipelineStateManager (PipelineStateManager.java:addPipeline(54)) - Created pipeline Pipeline[ Id: 7bbf6427-087b-4c7e-9ba9-bda6939820fe, Nodes: db756141-0354-427a-9153-f34ecc5b5329{ip: 172.17.0.2, host: 5b2e5051647c, networkLocation: /default-rack, certSerialId: null}24589ba3-439e-426c-a3dd-3948fbf70a5d{ip: 172.17.0.2, host: 5b2e5051647c, networkLocation: /default-rack, certSerialId: null}045c987a-fb62-4fd1-8a3b-f6f94af40e4e{ip: 172.17.0.2, host: 5b2e5051647c, networkLocation: /default-rack, certSerialId: null}, Type:RATIS, Factor:THREE, State:ALLOCATED, leaderId:, CreationTimestamp2020-07-27T09:55:37.958Z]
2020-07-27 09:55:37,959 [RatisPipelineUtilsThread] ERROR pipeline.SCMPipelineManager (SCMPipelineManager.java:createPipeline(275)) - Failed to create pipeline of type RATIS and factor THREE. Exception: Pipeline creation failed because nodes are engaged in other pipelines and every node can only be engaged in max 2 pipelines. Required 3. Found 0
2020-07-27 09:55:38,080 [IPC Server handler 4 on default port 35005] INFO  net.NetworkTopology (NetworkTopologyImpl.java:add(111)) - Added a new node: /default-rack/1abd5772-62cd-4705-9996-234721943c22
2020-07-27 09:55:38,080 [IPC Server handler 4 on default port 35005] INFO  node.SCMNodeManager (SCMNodeManager.java:register(273)) - Registered Data node : 1abd5772-62cd-4705-9996-234721943c22{ip: 172.17.0.2, host: 5b2e5051647c, networkLocation: /default-rack, certSerialId: null}
2020-07-27 09:55:38,081 [RatisPipelineUtilsThread] INFO  pipeline.RatisPipelineProvider (RatisPipelineProvider.java:lambda$create$0(138)) - Sending CreatePipelineCommand for pipeline:PipelineID=dda27dc5-9d1b-46ba-92cc-e1b7ea2d6fc7 to datanode:1abd5772-62cd-4705-9996-234721943c22
2020-07-27 09:55:38,081 [EventQueue-NodeRegistrationContainerReportForContainerSafeModeRule] INFO  safemode.SCMSafeModeManager (SCMSafeModeManager.java:validateSafeModeExitRules(214)) - ContainerSafeModeRule rule is successfully validated
2020-07-27 09:55:38,081 [RatisPipelineUtilsThread] INFO  pipeline.PipelineStateManager (PipelineStateManager.java:addPipeline(54)) - Created pipeline Pipeline[ Id: dda27dc5-9d1b-46ba-92cc-e1b7ea2d6fc7, Nodes: 1abd5772-62cd-4705-9996-234721943c22{ip: 172.17.0.2, host: 5b2e5051647c, networkLocation: /default-rack, certSerialId: null}, Type:RATIS, Factor:ONE, State:ALLOCATED, leaderId:, CreationTimestamp2020-07-27T09:55:38.081Z]
2020-07-27 09:55:38,081 [EventQueue-NodeRegistrationContainerReportForDataNodeSafeModeRule] INFO  safemode.SCMSafeModeManager (SCMSafeModeManager.java:validateSafeModeExitRules(214)) - DataNodeSafeModeRule rule is successfully validated
2020-07-27 09:55:38,082 [RatisPipelineUtilsThread] ERROR pipeline.SCMPipelineManager (SCMPipelineManager.java:createPipeline(275)) - Failed to create pipeline of type RATIS and factor ONE. Exception: Cannot create pipeline of factor 1 using 0 nodes. Used 4 nodes. Healthy nodes 4
2020-07-27 09:55:38,082 [RatisPipelineUtilsThread] ERROR pipeline.SCMPipelineManager (SCMPipelineManager.java:createPipeline(275)) - Failed to create pipeline of type RATIS and factor THREE. Exception: Pipeline creation failed because nodes are engaged in other pipelines and every node can only be engaged in max 2 pipelines. Required 3. Found 1
2020-07-27 09:55:38,223 [IPC Server handler 5 on default port 35005] INFO  net.NetworkTopology (NetworkTopologyImpl.java:add(111)) - Added a new node: /default-rack/6149466c-0ff2-4d16-87a0-4777c761ad23
2020-07-27 09:55:38,224 [IPC Server handler 5 on default port 35005] INFO  node.SCMNodeManager (SCMNodeManager.java:register(273)) - Registered Data node : 6149466c-0ff2-4d16-87a0-4777c761ad23{ip: 172.17.0.2, host: 5b2e5051647c, networkLocation: /default-rack, certSerialId: null}
2020-07-27 09:55:38,224 [EventQueue-NodeRegistrationContainerReportForContainerSafeModeRule] INFO  safemode.SCMSafeModeManager (SCMSafeModeManager.java:validateSafeModeExitRules(214)) - ContainerSafeModeRule rule is successfully validated
2020-07-27 09:55:38,224 [EventQueue-NodeRegistrationContainerReportForDataNodeSafeModeRule] INFO  safemode.SCMSafeModeManager (SCMSafeModeManager.java:validateSafeModeExitRules(214)) - DataNodeSafeModeRule rule is successfully validated
2020-07-27 09:55:38,225 [RatisPipelineUtilsThread] INFO  pipeline.RatisPipelineProvider (RatisPipelineProvider.java:lambda$create$0(138)) - Sending CreatePipelineCommand for pipeline:PipelineID=276364e4-b1b0-4339-b645-f989998c1e69 to datanode:6149466c-0ff2-4d16-87a0-4777c761ad23
2020-07-27 09:55:38,225 [RatisPipelineUtilsThread] INFO  pipeline.PipelineStateManager (PipelineStateManager.java:addPipeline(54)) - Created pipeline Pipeline[ Id: 276364e4-b1b0-4339-b645-f989998c1e69, Nodes: 6149466c-0ff2-4d16-87a0-4777c761ad23{ip: 172.17.0.2, host: 5b2e5051647c, networkLocation: /default-rack, certSerialId: null}, Type:RATIS, Factor:ONE, State:ALLOCATED, leaderId:, CreationTimestamp2020-07-27T09:55:38.224Z]
2020-07-27 09:55:38,229 [RatisPipelineUtilsThread] ERROR pipeline.SCMPipelineManager (SCMPipelineManager.java:createPipeline(275)) - Failed to create pipeline of type RATIS and factor ONE. Exception: Cannot create pipeline of factor 1 using 0 nodes. Used 5 nodes. Healthy nodes 5
2020-07-27 09:55:38,230 [RatisPipelineUtilsThread] ERROR pipeline.SCMPipelineManager (SCMPipelineManager.java:createPipeline(275)) - Failed to create pipeline of type RATIS and factor THREE. Exception: Pipeline creation failed because nodes are engaged in other pipelines and every node can only be engaged in max 2 pipelines. Required 3. Found 2
2020-07-27 09:55:38,339 [IPC Server handler 6 on default port 35005] INFO  net.NetworkTopology (NetworkTopologyImpl.java:add(111)) - Added a new node: /default-rack/c5cd7f8e-e419-427c-8535-fd2c10c6404c
2020-07-27 09:55:38,339 [IPC Server handler 6 on default port 35005] INFO  node.SCMNodeManager (SCMNodeManager.java:register(273)) - Registered Data node : c5cd7f8e-e419-427c-8535-fd2c10c6404c{ip: 172.17.0.2, host: 5b2e5051647c, networkLocation: /default-rack, certSerialId: null}
2020-07-27 09:55:38,339 [RatisPipelineUtilsThread] INFO  pipeline.RatisPipelineProvider (RatisPipelineProvider.java:lambda$create$0(138)) - Sending CreatePipelineCommand for pipeline:PipelineID=6fbb5aab-75af-44ba-9b01-a1b1cafa482e to datanode:c5cd7f8e-e419-427c-8535-fd2c10c6404c
2020-07-27 09:55:38,339 [EventQueue-NodeRegistrationContainerReportForContainerSafeModeRule] INFO  safemode.SCMSafeModeManager (SCMSafeModeManager.java:validateSafeModeExitRules(214)) - ContainerSafeModeRule rule is successfully validated
2020-07-27 09:55:38,340 [EventQueue-NodeRegistrationContainerReportForDataNodeSafeModeRule] INFO  safemode.SCMSafeModeManager (SCMSafeModeManager.java:validateSafeModeExitRules(214)) - DataNodeSafeModeRule rule is successfully validated
2020-07-27 09:55:38,340 [RatisPipelineUtilsThread] INFO  pipeline.PipelineStateManager (PipelineStateManager.java:addPipeline(54)) - Created pipeline Pipeline[ Id: 6fbb5aab-75af-44ba-9b01-a1b1cafa482e, Nodes: c5cd7f8e-e419-427c-8535-fd2c10c6404c{ip: 172.17.0.2, host: 5b2e5051647c, networkLocation: /default-rack, certSerialId: null}, Type:RATIS, Factor:ONE, State:ALLOCATED, leaderId:, CreationTimestamp2020-07-27T09:55:38.339Z]
2020-07-27 09:55:38,340 [RatisPipelineUtilsThread] ERROR pipeline.SCMPipelineManager (SCMPipelineManager.java:createPipeline(275)) - Failed to create pipeline of type RATIS and factor ONE. Exception: Cannot create pipeline of factor 1 using 0 nodes. Used 6 nodes. Healthy nodes 6
2020-07-27 09:55:38,341 [RatisPipelineUtilsThread] INFO  pipeline.RatisPipelineProvider (RatisPipelineProvider.java:lambda$create$0(138)) - Sending CreatePipelineCommand for pipeline:PipelineID=211d2911-d149-470c-93b5-433ffa6da013 to datanode:1abd5772-62cd-4705-9996-234721943c22
2020-07-27 09:55:38,341 [RatisPipelineUtilsThread] INFO  pipeline.RatisPipelineProvider (RatisPipelineProvider.java:lambda$create$0(138)) - Sending CreatePipelineCommand for pipeline:PipelineID=211d2911-d149-470c-93b5-433ffa6da013 to datanode:6149466c-0ff2-4d16-87a0-4777c761ad23
2020-07-27 09:55:38,341 [RatisPipelineUtilsThread] INFO  pipeline.RatisPipelineProvider (RatisPipelineProvider.java:lambda$create$0(138)) - Sending CreatePipelineCommand for pipeline:PipelineID=211d2911-d149-470c-93b5-433ffa6da013 to datanode:c5cd7f8e-e419-427c-8535-fd2c10c6404c
2020-07-27 09:55:38,341 [RatisPipelineUtilsThread] INFO  pipeline.PipelineStateManager (PipelineStateManager.java:addPipeline(54)) - Created pipeline Pipeline[ Id: 211d2911-d149-470c-93b5-433ffa6da013, Nodes: 1abd5772-62cd-4705-9996-234721943c22{ip: 172.17.0.2, host: 5b2e5051647c, networkLocation: /default-rack, certSerialId: null}6149466c-0ff2-4d16-87a0-4777c761ad23{ip: 172.17.0.2, host: 5b2e5051647c, networkLocation: /default-rack, certSerialId: null}c5cd7f8e-e419-427c-8535-fd2c10c6404c{ip: 172.17.0.2, host: 5b2e5051647c, networkLocation: /default-rack, certSerialId: null}, Type:RATIS, Factor:THREE, State:ALLOCATED, leaderId:, CreationTimestamp2020-07-27T09:55:38.341Z]
2020-07-27 09:55:38,342 [RatisPipelineUtilsThread] ERROR pipeline.SCMPipelineManager (SCMPipelineManager.java:createPipeline(275)) - Failed to create pipeline of type RATIS and factor THREE. Exception: Pipeline creation failed because nodes are engaged in other pipelines and every node can only be engaged in max 2 pipelines. Required 3. Found 0
2020-07-27 09:55:38,432 [Listener at 127.0.0.1/37087] INFO  ozone.MiniOzoneClusterImpl (MiniOzoneClusterImpl.java:lambda$waitForClusterToBeReady$0(177)) - Waiting for nodes to be ready. Got 6 of 7 DN Heartbeats.
2020-07-27 09:55:38,433 [Listener at 127.0.0.1/37087] INFO  ozone.MiniOzoneClusterImpl (MiniOzoneClusterImpl.java:lambda$waitForClusterToBeReady$0(180)) - Waiting for cluster to exit safe mode
2020-07-27 09:55:38,436 [IPC Server handler 7 on default port 35005] INFO  net.NetworkTopology (NetworkTopologyImpl.java:add(111)) - Added a new node: /default-rack/fb881f82-5e57-41ff-b606-0a47835c2f4e
2020-07-27 09:55:38,436 [IPC Server handler 7 on default port 35005] INFO  node.SCMNodeManager (SCMNodeManager.java:register(273)) - Registered Data node : fb881f82-5e57-41ff-b606-0a47835c2f4e{ip: 172.17.0.2, host: 5b2e5051647c, networkLocation: /default-rack, certSerialId: null}
2020-07-27 09:55:38,437 [EventQueue-NodeRegistrationContainerReportForDataNodeSafeModeRule] INFO  safemode.SCMSafeModeManager (SCMSafeModeManager.java:validateSafeModeExitRules(214)) - DataNodeSafeModeRule rule is successfully validated
2020-07-27 09:55:38,437 [EventQueue-NodeRegistrationContainerReportForContainerSafeModeRule] INFO  safemode.SCMSafeModeManager (SCMSafeModeManager.java:validateSafeModeExitRules(214)) - ContainerSafeModeRule rule is successfully validated
2020-07-27 09:55:38,437 [RatisPipelineUtilsThread] INFO  pipeline.RatisPipelineProvider (RatisPipelineProvider.java:lambda$create$0(138)) - Sending CreatePipelineCommand for pipeline:PipelineID=7c9e8733-8d3f-4890-9ed5-01d02df1becf to datanode:fb881f82-5e57-41ff-b606-0a47835c2f4e
2020-07-27 09:55:38,437 [RatisPipelineUtilsThread] INFO  pipeline.PipelineStateManager (PipelineStateManager.java:addPipeline(54)) - Created pipeline Pipeline[ Id: 7c9e8733-8d3f-4890-9ed5-01d02df1becf, Nodes: fb881f82-5e57-41ff-b606-0a47835c2f4e{ip: 172.17.0.2, host: 5b2e5051647c, networkLocation: /default-rack, certSerialId: null}, Type:RATIS, Factor:ONE, State:ALLOCATED, leaderId:, CreationTimestamp2020-07-27T09:55:38.437Z]
2020-07-27 09:55:38,438 [RatisPipelineUtilsThread] ERROR pipeline.SCMPipelineManager (SCMPipelineManager.java:createPipeline(275)) - Failed to create pipeline of type RATIS and factor ONE. Exception: Cannot create pipeline of factor 1 using 0 nodes. Used 7 nodes. Healthy nodes 7
2020-07-27 09:55:38,438 [RatisPipelineUtilsThread] ERROR pipeline.SCMPipelineManager (SCMPipelineManager.java:createPipeline(275)) - Failed to create pipeline of type RATIS and factor THREE. Exception: Pipeline creation failed because nodes are engaged in other pipelines and every node can only be engaged in max 2 pipelines. Required 3. Found 1
2020-07-27 09:55:39,433 [Listener at 127.0.0.1/37087] INFO  ozone.MiniOzoneClusterImpl (MiniOzoneClusterImpl.java:lambda$waitForClusterToBeReady$0(177)) - Nodes are ready. Got 7 of 7 DN Heartbeats.
2020-07-27 09:55:39,433 [Listener at 127.0.0.1/37087] INFO  ozone.MiniOzoneClusterImpl (MiniOzoneClusterImpl.java:lambda$waitForClusterToBeReady$0(180)) - Waiting for cluster to exit safe mode
2020-07-27 09:55:40,434 [Listener at 127.0.0.1/37087] INFO  ozone.MiniOzoneClusterImpl (MiniOzoneClusterImpl.java:lambda$waitForClusterToBeReady$0(177)) - Nodes are ready. Got 7 of 7 DN Heartbeats.
2020-07-27 09:55:40,434 [Listener at 127.0.0.1/37087] INFO  ozone.MiniOzoneClusterImpl (MiniOzoneClusterImpl.java:lambda$waitForClusterToBeReady$0(180)) - Waiting for cluster to exit safe mode
2020-07-27 09:55:40,738 [Command processor thread] INFO  impl.RaftServerProxy (RaftServerProxy.java:addNew(89)) - 045c987a-fb62-4fd1-8a3b-f6f94af40e4e: addNew group-D22EB1565E1B:[045c987a-fb62-4fd1-8a3b-f6f94af40e4e:172.17.0.2:35095] returns group-D22EB1565E1B:java.util.concurrent.CompletableFuture@6b864734[Not completed]
2020-07-27 09:55:40,740 [pool-162-thread-1] INFO  impl.RaftServerImpl (RaftServerImpl.java:<init>(107)) - 045c987a-fb62-4fd1-8a3b-f6f94af40e4e: new RaftServerImpl for group-D22EB1565E1B:[045c987a-fb62-4fd1-8a3b-f6f94af40e4e:172.17.0.2:35095] with ContainerStateMachine:uninitialized
2020-07-27 09:55:40,741 [pool-162-thread-1] INFO  server.RaftServerConfigKeys (ConfUtils.java:logGet(44)) - raft.server.rpc.timeout.min = 5s (custom)
2020-07-27 09:55:40,741 [pool-162-thread-1] INFO  server.RaftServerConfigKeys (ConfUtils.java:logGet(44)) - raft.server.rpc.timeout.max = 5200ms (custom)
2020-07-27 09:55:40,741 [pool-162-thread-1] INFO  server.RaftServerConfigKeys (ConfUtils.java:logGet(44)) - raft.server.rpcslowness.timeout = 300s (custom)
2020-07-27 09:55:40,741 [pool-162-thread-1] INFO  server.RaftServerConfigKeys (ConfUtils.java:logGet(44)) - raft.server.sleep.deviation.threshold = 300 (default)
2020-07-27 09:55:40,741 [pool-162-thread-1] INFO  server.RaftServerConfigKeys (ConfUtils.java:logGet(44)) - raft.server.log.appender.install.snapshot.enabled = false (custom)
2020-07-27 09:55:40,741 [pool-162-thread-1] INFO  impl.RaftServerImpl (ServerState.java:<init>(103)) - 045c987a-fb62-4fd1-8a3b-f6f94af40e4e@group-D22EB1565E1B: ConfigurationManager, init=-1: [045c987a-fb62-4fd1-8a3b-f6f94af40e4e:172.17.0.2:35095], old=null, confs=<EMPTY_MAP>
2020-07-27 09:55:40,741 [pool-162-thread-1] INFO  server.RaftServerConfigKeys (ConfUtils.java:logGet(44)) - raft.server.storage.dir = [/github/workspace/mnt/ozone/hadoop-ozone/integration-test/target/test-dir/MiniOzoneClusterImpl-6f095167-e36a-40e2-aefd-0fa47c7d82e2/datanode-0/data/ratis] (custom)
2020-07-27 09:55:40,741 [pool-162-thread-1] INFO  server.RaftServerConfigKeys (ConfUtils.java:logGet(44)) - raft.server.log.corruption.policy = EXCEPTION (default)
2020-07-27 09:55:40,741 [pool-162-thread-1] INFO  storage.RaftStorageDirectory (RaftStorageDirectory.java:analyzeStorage(261)) - The storage directory /github/workspace/mnt/ozone/hadoop-ozone/integration-test/target/test-dir/MiniOzoneClusterImpl-6f095167-e36a-40e2-aefd-0fa47c7d82e2/datanode-0/data/ratis/350faa5e-e8bc-4481-81ce-d22eb1565e1b does not exist. Creating ...
2020-07-27 09:55:40,742 [pool-162-thread-1] INFO  storage.RaftStorageDirectory (RaftStorageDirectory.java:tryLock(343)) - Lock on /github/workspace/mnt/ozone/hadoop-ozone/integration-test/target/test-dir/MiniOzoneClusterImpl-6f095167-e36a-40e2-aefd-0fa47c7d82e2/datanode-0/data/ratis/350faa5e-e8bc-4481-81ce-d22eb1565e1b/in_use.lock acquired by nodename 9503@5b2e5051647c
2020-07-27 09:55:40,744 [pool-162-thread-1] INFO  storage.RaftStorage (RaftStorage.java:format(84)) - Storage directory /github/workspace/mnt/ozone/hadoop-ozone/integration-test/target/test-dir/MiniOzoneClusterImpl-6f095167-e36a-40e2-aefd-0fa47c7d82e2/datanode-0/data/ratis/350faa5e-e8bc-4481-81ce-d22eb1565e1b has been successfully formatted.
2020-07-27 09:55:40,744 [pool-162-thread-1] INFO  ratis.ContainerStateMachine (ContainerStateMachine.java:loadSnapshot(225)) - group-D22EB1565E1B: The snapshot info is null. Setting the last applied indexto:(t:0, i:~)
2020-07-27 09:55:40,744 [pool-162-thread-1] INFO  server.RaftServerConfigKeys (ConfUtils.java:logGet(44)) - raft.server.notification.no-leader.timeout = 300s (custom)
2020-07-27 09:55:40,744 [pool-162-thread-1] INFO  server.RaftServerConfigKeys (ConfUtils.java:logGet(44)) - raft.server.log.use.memory = false (default)
2020-07-27 09:55:40,744 [pool-162-thread-1] INFO  server.RaftServerConfigKeys (ConfUtils.java:logGet(44)) - raft.server.log.purge.gap = 1000000 (custom)
2020-07-27 09:55:40,744 [pool-162-thread-1] INFO  metrics.RatisMetrics (RatisMetrics.java:lambda$create$0(36)) - Creating Metrics Registry : ratis.log_worker.045c987a-fb62-4fd1-8a3b-f6f94af40e4e@group-D22EB1565E1B
2020-07-27 09:55:40,744 [pool-162-thread-1] INFO  server.RaftServerConfigKeys (ConfUtils.java:logGet(44)) - raft.server.log.appender.buffer.byte-limit = 33554432 (custom)
2020-07-27 09:55:40,745 [EventQueue-PipelineReportForPipelineReportHandler] INFO  pipeline.PipelineStateManager (PipelineStateManager.java:openPipeline(131)) - Pipeline Pipeline[ Id: 350faa5e-e8bc-4481-81ce-d22eb1565e1b, Nodes: 045c987a-fb62-4fd1-8a3b-f6f94af40e4e{ip: 172.17.0.2, host: 5b2e5051647c, networkLocation: /default-rack, certSerialId: null}, Type:RATIS, Factor:ONE, State:ALLOCATED, leaderId:045c987a-fb62-4fd1-8a3b-f6f94af40e4e, CreationTimestamp2020-07-27T09:55:37.739Z] moved to OPEN state
2020-07-27 09:55:40,745 [pool-162-thread-1] INFO  server.RaftServerConfigKeys (ConfUtils.java:logGet(44)) - raft.server.log.segment.size.max = 1048576 (custom)
2020-07-27 09:55:40,746 [pool-162-thread-1] INFO  server.RaftServerConfigKeys (ConfUtils.java:logGet(44)) - raft.server.log.segment.cache.num.max = 2 (custom)
2020-07-27 09:55:40,746 [pool-162-thread-1] INFO  segmented.SegmentedRaftLogWorker (SegmentedRaftLogWorker.java:<init>(180)) - new 045c987a-fb62-4fd1-8a3b-f6f94af40e4e@group-D22EB1565E1B-SegmentedRaftLogWorker for RaftStorage:Storage Directory /github/workspace/mnt/ozone/hadoop-ozone/integration-test/target/test-dir/MiniOzoneClusterImpl-6f095167-e36a-40e2-aefd-0fa47c7d82e2/datanode-0/data/ratis/350faa5e-e8bc-4481-81ce-d22eb1565e1b
2020-07-27 09:55:40,746 [pool-162-thread-1] INFO  server.RaftServerConfigKeys (ConfUtils.java:logGet(44)) - raft.server.log.queue.byte-limit = 2147483647 (custom)
2020-07-27 09:55:40,746 [EventQueue-OpenPipelineForHealthyPipelineSafeModeRule] INFO  safemode.SCMSafeModeManager (HealthyPipelineSafeModeRule.java:process(129)) - SCM in safe mode. Healthy pipelines reported count is 0, required healthy pipeline reported count is 1
2020-07-27 09:55:40,746 [pool-162-thread-1] INFO  server.RaftServerConfigKeys (ConfUtils.java:logGet(44)) - raft.server.log.queue.element-limit = 1024 (custom)
2020-07-27 09:55:40,746 [pool-162-thread-1] INFO  server.RaftServerConfigKeys (ConfUtils.java:logGet(44)) - raft.server.log.segment.size.max = 1048576 (custom)
2020-07-27 09:55:40,746 [pool-162-thread-1] INFO  server.RaftServerConfigKeys (ConfUtils.java:logGet(44)) - raft.server.log.preallocated.size = 16384 (custom)
2020-07-27 09:55:40,746 [pool-162-thread-1] INFO  server.RaftServerConfigKeys (ConfUtils.java:logGet(44)) - raft.server.log.write.buffer.size = 1048576 (custom)
2020-07-27 09:55:40,746 [pool-162-thread-1] INFO  server.RaftServerConfigKeys (ConfUtils.java:logGet(44)) - raft.server.log.force.sync.num = 128 (default)
2020-07-27 09:55:40,746 [pool-162-thread-1] INFO  server.RaftServerConfigKeys (ConfUtils.java:logGet(44)) - raft.server.log.statemachine.data.sync = true (default)
2020-07-27 09:55:40,746 [pool-162-thread-1] INFO  server.RaftServerConfigKeys (ConfUtils.java:logGet(44)) - raft.server.log.statemachine.data.sync.timeout = 10s (default)
2020-07-27 09:55:40,746 [pool-162-thread-1] INFO  server.RaftServerConfigKeys (ConfUtils.java:logGet(44)) - raft.server.log.statemachine.data.sync.timeout.retry = -1 (default)
2020-07-27 09:55:40,748 [pool-162-thread-1] INFO  server.RaftServerConfigKeys (ConfUtils.java:logGet(44)) - raft.server.log.statemachine.data.caching.enabled = true (custom)
2020-07-27 09:55:40,748 [pool-162-thread-1] INFO  segmented.SegmentedRaftLogWorker (SegmentedRaftLogWorker.java:lambda$new$0(129)) - 045c987a-fb62-4fd1-8a3b-f6f94af40e4e@group-D22EB1565E1B-SegmentedRaftLogWorker: flushIndex: setUnconditionally 0 -> -1
2020-07-27 09:55:40,748 [pool-162-thread-1] INFO  segmented.SegmentedRaftLogWorker (SegmentedRaftLogWorker.java:lambda$new$0(129)) - 045c987a-fb62-4fd1-8a3b-f6f94af40e4e@group-D22EB1565E1B-SegmentedRaftLogWorker: safeCacheEvictIndex: setUnconditionally 0 -> -1
2020-07-27 09:55:40,748 [EventQueue-OpenPipelineForOneReplicaPipelineSafeModeRule] INFO  safemode.SCMSafeModeManager (SCMSafeModeManager.java:validateSafeModeExitRules(214)) - AtleastOneDatanodeReportedRule rule is successfully validated
2020-07-27 09:55:40,748 [pool-162-thread-1] INFO  server.RaftServerConfigKeys (ConfUtils.java:logGet(44)) - raft.server.snapshot.auto.trigger.enabled = true (custom)
2020-07-27 09:55:40,748 [pool-162-thread-1] INFO  server.RaftServerConfigKeys (ConfUtils.java:logGet(44)) - raft.server.snapshot.auto.trigger.threshold = 10000 (custom)
2020-07-27 09:55:40,748 [pool-162-thread-1] INFO  server.RaftServerConfigKeys (ConfUtils.java:logGet(44)) - raft.server.snapshot.retention.file.num = 5 (custom)
2020-07-27 09:55:40,748 [pool-162-thread-1] INFO  server.RaftServerConfigKeys (ConfUtils.java:logGet(44)) - raft.server.log.purge.upto.snapshot.index = false (default)
2020-07-27 09:55:40,748 [pool-162-thread-1] INFO  server.RaftServerConfigKeys (ConfUtils.java:logGet(44)) - raft.server.retrycache.expirytime = 600000ms (custom)
2020-07-27 09:55:40,749 [pool-162-thread-1] INFO  metrics.RatisMetrics (RatisMetrics.java:lambda$create$0(36)) - Creating Metrics Registry : ratis.leader_election.045c987a-fb62-4fd1-8a3b-f6f94af40e4e@group-D22EB1565E1B
2020-07-27 09:55:40,749 [pool-162-thread-1] INFO  metrics.RatisMetrics (RatisMetrics.java:lambda$create$0(36)) - Creating Metrics Registry : ratis.server.045c987a-fb62-4fd1-8a3b-f6f94af40e4e@group-D22EB1565E1B
2020-07-27 09:55:40,752 [pool-162-thread-1] INFO  impl.RaftServerImpl (RaftServerImpl.java:start(196)) - 045c987a-fb62-4fd1-8a3b-f6f94af40e4e@group-D22EB1565E1B: start as a follower, conf=-1: [045c987a-fb62-4fd1-8a3b-f6f94af40e4e:172.17.0.2:35095], old=null
2020-07-27 09:55:40,752 [pool-162-thread-1] INFO  impl.RaftServerImpl (RaftServerImpl.java:setRole(185)) - 045c987a-fb62-4fd1-8a3b-f6f94af40e4e@group-D22EB1565E1B: changes role from      null to FOLLOWER at term 0 for startAsFollower
2020-07-27 09:55:40,752 [pool-162-thread-1] INFO  impl.RoleInfo (RoleInfo.java:updateAndGet(143)) - 045c987a-fb62-4fd1-8a3b-f6f94af40e4e: start FollowerState
2020-07-27 09:55:40,752 [pool-162-thread-1] INFO  util.JmxRegister (JmxRegister.java:tryRegister(44)) - Successfully registered JMX Bean with object name Ratis:service=RaftServer,group=group-D22EB1565E1B,id=045c987a-fb62-4fd1-8a3b-f6f94af40e4e
2020-07-27 09:55:40,752 [pool-162-thread-1] INFO  metrics.RatisMetrics (RatisMetrics.java:lambda$create$0(36)) - Creating Metrics Registry : ratis.state_machine.045c987a-fb62-4fd1-8a3b-f6f94af40e4e@group-D22EB1565E1B
2020-07-27 09:55:40,758 [Command processor thread] INFO  commandhandler.CreatePipelineCommandHandler (CreatePipelineCommandHandler.java:handle(110)) - Created Pipeline RATIS ONE #id: "350faa5e-e8bc-4481-81ce-d22eb1565e1b"
uuid128 {
  mostSigBits: 3823461933269140609
  leastSigBits: -9093099499628896741
}
.
2020-07-27 09:55:40,758 [Command processor thread] INFO  impl.RaftServerProxy (RaftServerProxy.java:addNew(89)) - 045c987a-fb62-4fd1-8a3b-f6f94af40e4e: addNew group-BDA6939820FE:[045c987a-fb62-4fd1-8a3b-f6f94af40e4e:172.17.0.2:35095, db756141-0354-427a-9153-f34ecc5b5329:172.17.0.2:38333, 24589ba3-439e-426c-a3dd-3948fbf70a5d:172.17.0.2:36853] returns group-BDA6939820FE:java.util.concurrent.CompletableFuture@6fb9ce9c[Not completed]
2020-07-27 09:55:40,759 [pool-162-thread-1] INFO  impl.RaftServerImpl (RaftServerImpl.java:<init>(107)) - 045c987a-fb62-4fd1-8a3b-f6f94af40e4e: new RaftServerImpl for group-BDA6939820FE:[045c987a-fb62-4fd1-8a3b-f6f94af40e4e:172.17.0.2:35095, db756141-0354-427a-9153-f34ecc5b5329:172.17.0.2:38333, 24589ba3-439e-426c-a3dd-3948fbf70a5d:172.17.0.2:36853] with ContainerStateMachine:uninitialized
2020-07-27 09:55:40,759 [pool-162-thread-1] INFO  server.RaftServerConfigKeys (ConfUtils.java:logGet(44)) - raft.server.rpc.timeout.min = 5s (custom)
2020-07-27 09:55:40,759 [pool-162-thread-1] INFO  server.RaftServerConfigKeys (ConfUtils.java:logGet(44)) - raft.server.rpc.timeout.max = 5200ms (custom)
2020-07-27 09:55:40,759 [pool-162-thread-1] INFO  server.RaftServerConfigKeys (ConfUtils.java:logGet(44)) - raft.server.rpcslowness.timeout = 300s (custom)
2020-07-27 09:55:40,759 [pool-162-thread-1] INFO  server.RaftServerConfigKeys (ConfUtils.java:logGet(44)) - raft.server.sleep.deviation.threshold = 300 (default)
2020-07-27 09:55:40,759 [pool-162-thread-1] INFO  server.RaftServerConfigKeys (ConfUtils.java:logGet(44)) - raft.server.log.appender.install.snapshot.enabled = false (custom)
2020-07-27 09:55:40,759 [pool-162-thread-1] INFO  impl.RaftServerImpl (ServerState.java:<init>(103)) - 045c987a-fb62-4fd1-8a3b-f6f94af40e4e@group-BDA6939820FE: ConfigurationManager, init=-1: [045c987a-fb62-4fd1-8a3b-f6f94af40e4e:172.17.0.2:35095, db756141-0354-427a-9153-f34ecc5b5329:172.17.0.2:38333, 24589ba3-439e-426c-a3dd-3948fbf70a5d:172.17.0.2:36853], old=null, confs=<EMPTY_MAP>
2020-07-27 09:55:40,759 [pool-162-thread-1] INFO  server.RaftServerConfigKeys (ConfUtils.java:logGet(44)) - raft.server.storage.dir = [/github/workspace/mnt/ozone/hadoop-ozone/integration-test/target/test-dir/MiniOzoneClusterImpl-6f095167-e36a-40e2-aefd-0fa47c7d82e2/datanode-0/data/ratis] (custom)
2020-07-27 09:55:40,759 [pool-162-thread-1] INFO  server.RaftServerConfigKeys (ConfUtils.java:logGet(44)) - raft.server.log.corruption.policy = EXCEPTION (default)
2020-07-27 09:55:40,759 [pool-162-thread-1] INFO  storage.RaftStorageDirectory (RaftStorageDirectory.java:analyzeStorage(261)) - The storage directory /github/workspace/mnt/ozone/hadoop-ozone/integration-test/target/test-dir/MiniOzoneClusterImpl-6f095167-e36a-40e2-aefd-0fa47c7d82e2/datanode-0/data/ratis/7bbf6427-087b-4c7e-9ba9-bda6939820fe does not exist. Creating ...
2020-07-27 09:55:40,761 [pool-162-thread-1] INFO  storage.RaftStorageDirectory (RaftStorageDirectory.java:tryLock(343)) - Lock on /github/workspace/mnt/ozone/hadoop-ozone/integration-test/target/test-dir/MiniOzoneClusterImpl-6f095167-e36a-40e2-aefd-0fa47c7d82e2/datanode-0/data/ratis/7bbf6427-087b-4c7e-9ba9-bda6939820fe/in_use.lock acquired by nodename 9503@5b2e5051647c
2020-07-27 09:55:40,762 [pool-162-thread-1] INFO  storage.RaftStorage (RaftStorage.java:format(84)) - Storage directory /github/workspace/mnt/ozone/hadoop-ozone/integration-test/target/test-dir/MiniOzoneClusterImpl-6f095167-e36a-40e2-aefd-0fa47c7d82e2/datanode-0/data/ratis/7bbf6427-087b-4c7e-9ba9-bda6939820fe has been successfully formatted.
2020-07-27 09:55:40,762 [pool-162-thread-1] INFO  ratis.ContainerStateMachine (ContainerStateMachine.java:loadSnapshot(225)) - group-BDA6939820FE: The snapshot info is null. Setting the last applied indexto:(t:0, i:~)
2020-07-27 09:55:40,762 [pool-162-thread-1] INFO  server.RaftServerConfigKeys (ConfUtils.java:logGet(44)) - raft.server.notification.no-leader.timeout = 300s (custom)
2020-07-27 09:55:40,762 [pool-162-thread-1] INFO  server.RaftServerConfigKeys (ConfUtils.java:logGet(44)) - raft.server.log.use.memory = false (default)
2020-07-27 09:55:40,762 [pool-162-thread-1] INFO  server.RaftServerConfigKeys (ConfUtils.java:logGet(44)) - raft.server.log.purge.gap = 1000000 (custom)
2020-07-27 09:55:40,763 [pool-162-thread-1] INFO  metrics.RatisMetrics (RatisMetrics.java:lambda$create$0(36)) - Creating Metrics Registry : ratis.log_worker.045c987a-fb62-4fd1-8a3b-f6f94af40e4e@group-BDA6939820FE
2020-07-27 09:55:40,763 [pool-162-thread-1] INFO  server.RaftServerConfigKeys (ConfUtils.java:logGet(44)) - raft.server.log.appender.buffer.byte-limit = 33554432 (custom)
2020-07-27 09:55:40,763 [pool-162-thread-1] INFO  server.RaftServerConfigKeys (ConfUtils.java:logGet(44)) - raft.server.log.segment.size.max = 1048576 (custom)
2020-07-27 09:55:40,763 [pool-162-thread-1] INFO  server.RaftServerConfigKeys (ConfUtils.java:logGet(44)) - raft.server.log.segment.cache.num.max = 2 (custom)
2020-07-27 09:55:40,763 [pool-162-thread-1] INFO  segmented.SegmentedRaftLogWorker (SegmentedRaftLogWorker.java:<init>(180)) - new 045c987a-fb62-4fd1-8a3b-f6f94af40e4e@group-BDA6939820FE-SegmentedRaftLogWorker for RaftStorage:Storage Directory /github/workspace/mnt/ozone/hadoop-ozone/integration-test/target/test-dir/MiniOzoneClusterImpl-6f095167-e36a-40e2-aefd-0fa47c7d82e2/datanode-0/data/ratis/7bbf6427-087b-4c7e-9ba9-bda6939820fe
2020-07-27 09:55:40,764 [pool-162-thread-1] INFO  server.RaftServerConfigKeys (ConfUtils.java:logGet(44)) - raft.server.log.queue.byte-limit = 2147483647 (custom)
2020-07-27 09:55:40,764 [pool-162-thread-1] INFO  server.RaftServerConfigKeys (ConfUtils.java:logGet(44)) - raft.server.log.queue.element-limit = 1024 (custom)
2020-07-27 09:55:40,764 [pool-162-thread-1] INFO  server.RaftServerConfigKeys (ConfUtils.java:logGet(44)) - raft.server.log.segment.size.max = 1048576 (custom)
2020-07-27 09:55:40,764 [pool-162-thread-1] INFO  server.RaftServerConfigKeys (ConfUtils.java:logGet(44)) - raft.server.log.preallocated.size = 16384 (custom)
2020-07-27 09:55:40,764 [pool-162-thread-1] INFO  server.RaftServerConfigKeys (ConfUtils.java:logGet(44)) - raft.server.log.write.buffer.size = 1048576 (custom)
2020-07-27 09:55:40,764 [pool-162-thread-1] INFO  server.RaftServerConfigKeys (ConfUtils.java:logGet(44)) - raft.server.log.force.sync.num = 128 (default)
2020-07-27 09:55:40,764 [pool-162-thread-1] INFO  server.RaftServerConfigKeys (ConfUtils.java:logGet(44)) - raft.server.log.statemachine.data.sync = true (default)
2020-07-27 09:55:40,764 [pool-162-thread-1] INFO  server.RaftServerConfigKeys (ConfUtils.java:logGet(44)) - raft.server.log.statemachine.data.sync.timeout = 10s (default)
2020-07-27 09:55:40,764 [pool-162-thread-1] INFO  server.RaftServerConfigKeys (ConfUtils.java:logGet(44)) - raft.server.log.statemachine.data.sync.timeout.retry = -1 (default)
2020-07-27 09:55:40,765 [pool-162-thread-1] INFO  server.RaftServerConfigKeys (ConfUtils.java:logGet(44)) - raft.server.log.statemachine.data.caching.enabled = true (custom)
2020-07-27 09:55:40,766 [pool-162-thread-1] INFO  segmented.SegmentedRaftLogWorker (SegmentedRaftLogWorker.java:lambda$new$0(129)) - 045c987a-fb62-4fd1-8a3b-f6f94af40e4e@group-BDA6939820FE-SegmentedRaftLogWorker: flushIndex: setUnconditionally 0 -> -1
2020-07-27 09:55:40,766 [pool-162-thread-1] INFO  segmented.SegmentedRaftLogWorker (SegmentedRaftLogWorker.java:lambda$new$0(129)) - 045c987a-fb62-4fd1-8a3b-f6f94af40e4e@group-BDA6939820FE-SegmentedRaftLogWorker: safeCacheEvictIndex: setUnconditionally 0 -> -1
2020-07-27 09:55:40,766 [pool-162-thread-1] INFO  server.RaftServerConfigKeys (ConfUtils.java:logGet(44)) - raft.server.snapshot.auto.trigger.enabled = true (custom)
2020-07-27 09:55:40,766 [pool-162-thread-1] INFO  server.RaftServerConfigKeys (ConfUtils.java:logGet(44)) - raft.server.snapshot.auto.trigger.threshold = 10000 (custom)
2020-07-27 09:55:40,766 [pool-162-thread-1] INFO  server.RaftServerConfigKeys (ConfUtils.java:logGet(44)) - raft.server.snapshot.retention.file.num = 5 (custom)
2020-07-27 09:55:40,766 [pool-162-thread-1] INFO  server.RaftServerConfigKeys (ConfUtils.java:logGet(44)) - raft.server.log.purge.upto.snapshot.index = false (default)
2020-07-27 09:55:40,766 [pool-162-thread-1] INFO  server.RaftServerConfigKeys (ConfUtils.java:logGet(44)) - raft.server.retrycache.expirytime = 600000ms (custom)
2020-07-27 09:55:40,766 [pool-162-thread-1] INFO  metrics.RatisMetrics (RatisMetrics.java:lambda$create$0(36)) - Creating Metrics Registry : ratis.leader_election.045c987a-fb62-4fd1-8a3b-f6f94af40e4e@group-BDA6939820FE
2020-07-27 09:55:40,767 [pool-162-thread-1] INFO  metrics.RatisMetrics (RatisMetrics.java:lambda$create$0(36)) - Creating Metrics Registry : ratis.server.045c987a-fb62-4fd1-8a3b-f6f94af40e4e@group-BDA6939820FE
2020-07-27 09:55:40,768 [pool-162-thread-1] INFO  impl.RaftServerImpl (RaftServerImpl.java:start(196)) - 045c987a-fb62-4fd1-8a3b-f6f94af40e4e@group-BDA6939820FE: start as a follower, conf=-1: [045c987a-fb62-4fd1-8a3b-f6f94af40e4e:172.17.0.2:35095, db756141-0354-427a-9153-f34ecc5b5329:172.17.0.2:38333, 24589ba3-439e-426c-a3dd-3948fbf70a5d:172.17.0.2:36853], old=null
2020-07-27 09:55:40,768 [pool-162-thread-1] INFO  impl.RaftServerImpl (RaftServerImpl.java:setRole(185)) - 045c987a-fb62-4fd1-8a3b-f6f94af40e4e@group-BDA6939820FE: changes role from      null to FOLLOWER at term 0 for startAsFollower
2020-07-27 09:55:40,768 [pool-162-thread-1] INFO  impl.RoleInfo (RoleInfo.java:updateAndGet(143)) - 045c987a-fb62-4fd1-8a3b-f6f94af40e4e: start FollowerState
2020-07-27 09:55:40,770 [pool-162-thread-1] INFO  util.JmxRegister (JmxRegister.java:tryRegister(44)) - Successfully registered JMX Bean with object name Ratis:service=RaftServer,group=group-BDA6939820FE,id=045c987a-fb62-4fd1-8a3b-f6f94af40e4e
2020-07-27 09:55:40,771 [pool-162-thread-1] INFO  metrics.RatisMetrics (RatisMetrics.java:lambda$create$0(36)) - Creating Metrics Registry : ratis.state_machine.045c987a-fb62-4fd1-8a3b-f6f94af40e4e@group-BDA6939820FE
2020-07-27 09:55:40,781 [grpc-default-executor-0] INFO  impl.RaftServerProxy (RaftServerProxy.java:addNew(89)) - db756141-0354-427a-9153-f34ecc5b5329: addNew group-BDA6939820FE:[045c987a-fb62-4fd1-8a3b-f6f94af40e4e:172.17.0.2:35095, db756141-0354-427a-9153-f34ecc5b5329:172.17.0.2:38333, 24589ba3-439e-426c-a3dd-3948fbf70a5d:172.17.0.2:36853] returns group-BDA6939820FE:java.util.concurrent.CompletableFuture@53ee1ad0[Not completed]
2020-07-27 09:55:40,782 [pool-177-thread-1] INFO  impl.RaftServerImpl (RaftServerImpl.java:<init>(107)) - db756141-0354-427a-9153-f34ecc5b5329: new RaftServerImpl for group-BDA6939820FE:[045c987a-fb62-4fd1-8a3b-f6f94af40e4e:172.17.0.2:35095, db756141-0354-427a-9153-f34ecc5b5329:172.17.0.2:38333, 24589ba3-439e-426c-a3dd-3948fbf70a5d:172.17.0.2:36853] with ContainerStateMachine:uninitialized
2020-07-27 09:55:40,782 [pool-177-thread-1] INFO  server.RaftServerConfigKeys (ConfUtils.java:logGet(44)) - raft.server.rpc.timeout.min = 5s (custom)
2020-07-27 09:55:40,783 [pool-177-thread-1] INFO  server.RaftServerConfigKeys (ConfUtils.java:logGet(44)) - raft.server.rpc.timeout.max = 5200ms (custom)
2020-07-27 09:55:40,783 [pool-177-thread-1] INFO  server.RaftServerConfigKeys (ConfUtils.java:logGet(44)) - raft.server.rpcslowness.timeout = 300s (custom)
2020-07-27 09:55:40,783 [pool-177-thread-1] INFO  server.RaftServerConfigKeys (ConfUtils.java:logGet(44)) - raft.server.sleep.deviation.threshold = 300 (default)
2020-07-27 09:55:40,783 [pool-177-thread-1] INFO  server.RaftServerConfigKeys (ConfUtils.java:logGet(44)) - raft.server.log.appender.install.snapshot.enabled = false (custom)
2020-07-27 09:55:40,783 [pool-177-thread-1] INFO  impl.RaftServerImpl (ServerState.java:<init>(103)) - db756141-0354-427a-9153-f34ecc5b5329@group-BDA6939820FE: ConfigurationManager, init=-1: [045c987a-fb62-4fd1-8a3b-f6f94af40e4e:172.17.0.2:35095, db756141-0354-427a-9153-f34ecc5b5329:172.17.0.2:38333, 24589ba3-439e-426c-a3dd-3948fbf70a5d:172.17.0.2:36853], old=null, confs=<EMPTY_MAP>
2020-07-27 09:55:40,783 [pool-177-thread-1] INFO  server.RaftServerConfigKeys (ConfUtils.java:logGet(44)) - raft.server.storage.dir = [/github/workspace/mnt/ozone/hadoop-ozone/integration-test/target/test-dir/MiniOzoneClusterImpl-6f095167-e36a-40e2-aefd-0fa47c7d82e2/datanode-1/data/ratis] (custom)
2020-07-27 09:55:40,784 [pool-177-thread-1] INFO  server.RaftServerConfigKeys (ConfUtils.java:logGet(44)) - raft.server.log.corruption.policy = EXCEPTION (default)
2020-07-27 09:55:40,784 [pool-177-thread-1] INFO  storage.RaftStorageDirectory (RaftStorageDirectory.java:analyzeStorage(261)) - The storage directory /github/workspace/mnt/ozone/hadoop-ozone/integration-test/target/test-dir/MiniOzoneClusterImpl-6f095167-e36a-40e2-aefd-0fa47c7d82e2/datanode-1/data/ratis/7bbf6427-087b-4c7e-9ba9-bda6939820fe does not exist. Creating ...
2020-07-27 09:55:40,785 [pool-177-thread-1] INFO  storage.RaftStorageDirectory (RaftStorageDirectory.java:tryLock(343)) - Lock on /github/workspace/mnt/ozone/hadoop-ozone/integration-test/target/test-dir/MiniOzoneClusterImpl-6f095167-e36a-40e2-aefd-0fa47c7d82e2/datanode-1/data/ratis/7bbf6427-087b-4c7e-9ba9-bda6939820fe/in_use.lock acquired by nodename 9503@5b2e5051647c
2020-07-27 09:55:40,786 [pool-177-thread-1] INFO  storage.RaftStorage (RaftStorage.java:format(84)) - Storage directory /github/workspace/mnt/ozone/hadoop-ozone/integration-test/target/test-dir/MiniOzoneClusterImpl-6f095167-e36a-40e2-aefd-0fa47c7d82e2/datanode-1/data/ratis/7bbf6427-087b-4c7e-9ba9-bda6939820fe has been successfully formatted.
2020-07-27 09:55:40,787 [pool-177-thread-1] INFO  ratis.ContainerStateMachine (ContainerStateMachine.java:loadSnapshot(225)) - group-BDA6939820FE: The snapshot info is null. Setting the last applied indexto:(t:0, i:~)
2020-07-27 09:55:40,787 [pool-177-thread-1] INFO  server.RaftServerConfigKeys (ConfUtils.java:logGet(44)) - raft.server.notification.no-leader.timeout = 300s (custom)
2020-07-27 09:55:40,788 [pool-177-thread-1] INFO  server.RaftServerConfigKeys (ConfUtils.java:logGet(44)) - raft.server.log.use.memory = false (default)
2020-07-27 09:55:40,788 [pool-177-thread-1] INFO  server.RaftServerConfigKeys (ConfUtils.java:logGet(44)) - raft.server.log.purge.gap = 1000000 (custom)
2020-07-27 09:55:40,788 [pool-177-thread-1] INFO  metrics.RatisMetrics (RatisMetrics.java:lambda$create$0(36)) - Creating Metrics Registry : ratis.log_worker.db756141-0354-427a-9153-f34ecc5b5329@group-BDA6939820FE
2020-07-27 09:55:40,788 [pool-177-thread-1] INFO  server.RaftServerConfigKeys (ConfUtils.java:logGet(44)) - raft.server.log.appender.buffer.byte-limit = 33554432 (custom)
2020-07-27 09:55:40,789 [pool-177-thread-1] INFO  server.RaftServerConfigKeys (ConfUtils.java:logGet(44)) - raft.server.log.segment.size.max = 1048576 (custom)
2020-07-27 09:55:40,789 [pool-177-thread-1] INFO  server.RaftServerConfigKeys (ConfUtils.java:logGet(44)) - raft.server.log.segment.cache.num.max = 2 (custom)
2020-07-27 09:55:40,789 [pool-177-thread-1] INFO  segmented.SegmentedRaftLogWorker (SegmentedRaftLogWorker.java:<init>(180)) - new db756141-0354-427a-9153-f34ecc5b5329@group-BDA6939820FE-SegmentedRaftLogWorker for RaftStorage:Storage Directory /github/workspace/mnt/ozone/hadoop-ozone/integration-test/target/test-dir/MiniOzoneClusterImpl-6f095167-e36a-40e2-aefd-0fa47c7d82e2/datanode-1/data/ratis/7bbf6427-087b-4c7e-9ba9-bda6939820fe
2020-07-27 09:55:40,789 [pool-177-thread-1] INFO  server.RaftServerConfigKeys (ConfUtils.java:logGet(44)) - raft.server.log.queue.byte-limit = 2147483647 (custom)
2020-07-27 09:55:40,789 [pool-177-thread-1] INFO  server.RaftServerConfigKeys (ConfUtils.java:logGet(44)) - raft.server.log.queue.element-limit = 1024 (custom)
2020-07-27 09:55:40,789 [pool-177-thread-1] INFO  server.RaftServerConfigKeys (ConfUtils.java:logGet(44)) - raft.server.log.segment.size.max = 1048576 (custom)
2020-07-27 09:55:40,789 [pool-177-thread-1] INFO  server.RaftServerConfigKeys (ConfUtils.java:logGet(44)) - raft.server.log.preallocated.size = 16384 (custom)
2020-07-27 09:55:40,790 [pool-177-thread-1] INFO  server.RaftServerConfigKeys (ConfUtils.java:logGet(44)) - raft.server.log.write.buffer.size = 1048576 (custom)
2020-07-27 09:55:40,790 [pool-177-thread-1] INFO  server.RaftServerConfigKeys (ConfUtils.java:logGet(44)) - raft.server.log.force.sync.num = 128 (default)
2020-07-27 09:55:40,790 [pool-177-thread-1] INFO  server.RaftServerConfigKeys (ConfUtils.java:logGet(44)) - raft.server.log.statemachine.data.sync = true (default)
2020-07-27 09:55:40,790 [pool-177-thread-1] INFO  server.RaftServerConfigKeys (ConfUtils.java:logGet(44)) - raft.server.log.statemachine.data.sync.timeout = 10s (default)
2020-07-27 09:55:40,790 [pool-177-thread-1] INFO  server.RaftServerConfigKeys (ConfUtils.java:logGet(44)) - raft.server.log.statemachine.data.sync.timeout.retry = -1 (default)
2020-07-27 09:55:40,791 [pool-177-thread-1] INFO  server.RaftServerConfigKeys (ConfUtils.java:logGet(44)) - raft.server.log.statemachine.data.caching.enabled = true (custom)
2020-07-27 09:55:40,792 [pool-177-thread-1] INFO  segmented.SegmentedRaftLogWorker (SegmentedRaftLogWorker.java:lambda$new$0(129)) - db756141-0354-427a-9153-f34ecc5b5329@group-BDA6939820FE-SegmentedRaftLogWorker: flushIndex: setUnconditionally 0 -> -1
2020-07-27 09:55:40,792 [pool-177-thread-1] INFO  segmented.SegmentedRaftLogWorker (SegmentedRaftLogWorker.java:lambda$new$0(129)) - db756141-0354-427a-9153-f34ecc5b5329@group-BDA6939820FE-SegmentedRaftLogWorker: safeCacheEvictIndex: setUnconditionally 0 -> -1
2020-07-27 09:55:40,792 [pool-177-thread-1] INFO  server.RaftServerConfigKeys (ConfUtils.java:logGet(44)) - raft.server.snapshot.auto.trigger.enabled = true (custom)
2020-07-27 09:55:40,792 [pool-177-thread-1] INFO  server.RaftServerConfigKeys (ConfUtils.java:logGet(44)) - raft.server.snapshot.auto.trigger.threshold = 10000 (custom)
2020-07-27 09:55:40,792 [pool-177-thread-1] INFO  server.RaftServerConfigKeys (ConfUtils.java:logGet(44)) - raft.server.snapshot.retention.file.num = 5 (custom)
2020-07-27 09:55:40,792 [pool-177-thread-1] INFO  server.RaftServerConfigKeys (ConfUtils.java:logGet(44)) - raft.server.log.purge.upto.snapshot.index = false (default)
2020-07-27 09:55:40,792 [pool-177-thread-1] INFO  server.RaftServerConfigKeys (ConfUtils.java:logGet(44)) - raft.server.retrycache.expirytime = 600000ms (custom)
2020-07-27 09:55:40,792 [pool-177-thread-1] INFO  metrics.RatisMetrics (RatisMetrics.java:lambda$create$0(36)) - Creating Metrics Registry : ratis.leader_election.db756141-0354-427a-9153-f34ecc5b5329@group-BDA6939820FE
2020-07-27 09:55:40,793 [pool-177-thread-1] INFO  metrics.RatisMetrics (RatisMetrics.java:lambda$create$0(36)) - Creating Metrics Registry : ratis.server.db756141-0354-427a-9153-f34ecc5b5329@group-BDA6939820FE
2020-07-27 09:55:40,794 [pool-177-thread-1] INFO  impl.RaftServerImpl (RaftServerImpl.java:start(196)) - db756141-0354-427a-9153-f34ecc5b5329@group-BDA6939820FE: start as a follower, conf=-1: [045c987a-fb62-4fd1-8a3b-f6f94af40e4e:172.17.0.2:35095, db756141-0354-427a-9153-f34ecc5b5329:172.17.0.2:38333, 24589ba3-439e-426c-a3dd-3948fbf70a5d:172.17.0.2:36853], old=null
2020-07-27 09:55:40,794 [pool-177-thread-1] INFO  impl.RaftServerImpl (RaftServerImpl.java:setRole(185)) - db756141-0354-427a-9153-f34ecc5b5329@group-BDA6939820FE: changes role from      null to FOLLOWER at term 0 for startAsFollower
2020-07-27 09:55:40,794 [pool-177-thread-1] INFO  impl.RoleInfo (RoleInfo.java:updateAndGet(143)) - db756141-0354-427a-9153-f34ecc5b5329: start FollowerState
2020-07-27 09:55:40,794 [pool-177-thread-1] INFO  util.JmxRegister (JmxRegister.java:tryRegister(44)) - Successfully registered JMX Bean with object name Ratis:service=RaftServer,group=group-BDA6939820FE,id=db756141-0354-427a-9153-f34ecc5b5329
2020-07-27 09:55:40,794 [pool-177-thread-1] INFO  metrics.RatisMetrics (RatisMetrics.java:lambda$create$0(36)) - Creating Metrics Registry : ratis.state_machine.db756141-0354-427a-9153-f34ecc5b5329@group-BDA6939820FE
2020-07-27 09:55:40,816 [grpc-default-executor-0] INFO  impl.RaftServerProxy (RaftServerProxy.java:addNew(89)) - 24589ba3-439e-426c-a3dd-3948fbf70a5d: addNew group-BDA6939820FE:[045c987a-fb62-4fd1-8a3b-f6f94af40e4e:172.17.0.2:35095, db756141-0354-427a-9153-f34ecc5b5329:172.17.0.2:38333, 24589ba3-439e-426c-a3dd-3948fbf70a5d:172.17.0.2:36853] returns group-BDA6939820FE:java.util.concurrent.CompletableFuture@10dc4dc9[Not completed]
2020-07-27 09:55:40,817 [pool-192-thread-1] INFO  impl.RaftServerImpl (RaftServerImpl.java:<init>(107)) - 24589ba3-439e-426c-a3dd-3948fbf70a5d: new RaftServerImpl for group-BDA6939820FE:[045c987a-fb62-4fd1-8a3b-f6f94af40e4e:172.17.0.2:35095, db756141-0354-427a-9153-f34ecc5b5329:172.17.0.2:38333, 24589ba3-439e-426c-a3dd-3948fbf70a5d:172.17.0.2:36853] with ContainerStateMachine:uninitialized
2020-07-27 09:55:40,817 [pool-192-thread-1] INFO  server.RaftServerConfigKeys (ConfUtils.java:logGet(44)) - raft.server.rpc.timeout.min = 5s (custom)
2020-07-27 09:55:40,817 [pool-192-thread-1] INFO  server.RaftServerConfigKeys (ConfUtils.java:logGet(44)) - raft.server.rpc.timeout.max = 5200ms (custom)
2020-07-27 09:55:40,817 [pool-192-thread-1] INFO  server.RaftServerConfigKeys (ConfUtils.java:logGet(44)) - raft.server.rpcslowness.timeout = 300s (custom)
2020-07-27 09:55:40,817 [pool-192-thread-1] INFO  server.RaftServerConfigKeys (ConfUtils.java:logGet(44)) - raft.server.sleep.deviation.threshold = 300 (default)
2020-07-27 09:55:40,817 [pool-192-thread-1] INFO  server.RaftServerConfigKeys (ConfUtils.java:logGet(44)) - raft.server.log.appender.install.snapshot.enabled = false (custom)
2020-07-27 09:55:40,817 [pool-192-thread-1] INFO  impl.RaftServerImpl (ServerState.java:<init>(103)) - 24589ba3-439e-426c-a3dd-3948fbf70a5d@group-BDA6939820FE: ConfigurationManager, init=-1: [045c987a-fb62-4fd1-8a3b-f6f94af40e4e:172.17.0.2:35095, db756141-0354-427a-9153-f34ecc5b5329:172.17.0.2:38333, 24589ba3-439e-426c-a3dd-3948fbf70a5d:172.17.0.2:36853], old=null, confs=<EMPTY_MAP>
2020-07-27 09:55:40,817 [pool-192-thread-1] INFO  server.RaftServerConfigKeys (ConfUtils.java:logGet(44)) - raft.server.storage.dir = [/github/workspace/mnt/ozone/hadoop-ozone/integration-test/target/test-dir/MiniOzoneClusterImpl-6f095167-e36a-40e2-aefd-0fa47c7d82e2/datanode-2/data/ratis] (custom)
2020-07-27 09:55:40,817 [pool-192-thread-1] INFO  server.RaftServerConfigKeys (ConfUtils.java:logGet(44)) - raft.server.log.corruption.policy = EXCEPTION (default)
2020-07-27 09:55:40,817 [pool-192-thread-1] INFO  storage.RaftStorageDirectory (RaftStorageDirectory.java:analyzeStorage(261)) - The storage directory /github/workspace/mnt/ozone/hadoop-ozone/integration-test/target/test-dir/MiniOzoneClusterImpl-6f095167-e36a-40e2-aefd-0fa47c7d82e2/datanode-2/data/ratis/7bbf6427-087b-4c7e-9ba9-bda6939820fe does not exist. Creating ...
2020-07-27 09:55:40,820 [pool-192-thread-1] INFO  storage.RaftStorageDirectory (RaftStorageDirectory.java:tryLock(343)) - Lock on /github/workspace/mnt/ozone/hadoop-ozone/integration-test/target/test-dir/MiniOzoneClusterImpl-6f095167-e36a-40e2-aefd-0fa47c7d82e2/datanode-2/data/ratis/7bbf6427-087b-4c7e-9ba9-bda6939820fe/in_use.lock acquired by nodename 9503@5b2e5051647c
2020-07-27 09:55:40,821 [pool-192-thread-1] INFO  storage.RaftStorage (RaftStorage.java:format(84)) - Storage directory /github/workspace/mnt/ozone/hadoop-ozone/integration-test/target/test-dir/MiniOzoneClusterImpl-6f095167-e36a-40e2-aefd-0fa47c7d82e2/datanode-2/data/ratis/7bbf6427-087b-4c7e-9ba9-bda6939820fe has been successfully formatted.
2020-07-27 09:55:40,821 [pool-192-thread-1] INFO  ratis.ContainerStateMachine (ContainerStateMachine.java:loadSnapshot(225)) - group-BDA6939820FE: The snapshot info is null. Setting the last applied indexto:(t:0, i:~)
2020-07-27 09:55:40,823 [pool-192-thread-1] INFO  server.RaftServerConfigKeys (ConfUtils.java:logGet(44)) - raft.server.notification.no-leader.timeout = 300s (custom)
2020-07-27 09:55:40,823 [pool-192-thread-1] INFO  server.RaftServerConfigKeys (ConfUtils.java:logGet(44)) - raft.server.log.use.memory = false (default)
2020-07-27 09:55:40,823 [pool-192-thread-1] INFO  server.RaftServerConfigKeys (ConfUtils.java:logGet(44)) - raft.server.log.purge.gap = 1000000 (custom)
2020-07-27 09:55:40,823 [pool-192-thread-1] INFO  metrics.RatisMetrics (RatisMetrics.java:lambda$create$0(36)) - Creating Metrics Registry : ratis.log_worker.24589ba3-439e-426c-a3dd-3948fbf70a5d@group-BDA6939820FE
2020-07-27 09:55:40,824 [pool-192-thread-1] INFO  server.RaftServerConfigKeys (ConfUtils.java:logGet(44)) - raft.server.log.appender.buffer.byte-limit = 33554432 (custom)
2020-07-27 09:55:40,824 [pool-192-thread-1] INFO  server.RaftServerConfigKeys (ConfUtils.java:logGet(44)) - raft.server.log.segment.size.max = 1048576 (custom)
2020-07-27 09:55:40,825 [pool-192-thread-1] INFO  server.RaftServerConfigKeys (ConfUtils.java:logGet(44)) - raft.server.log.segment.cache.num.max = 2 (custom)
2020-07-27 09:55:40,825 [pool-192-thread-1] INFO  segmented.SegmentedRaftLogWorker (SegmentedRaftLogWorker.java:<init>(180)) - new 24589ba3-439e-426c-a3dd-3948fbf70a5d@group-BDA6939820FE-SegmentedRaftLogWorker for RaftStorage:Storage Directory /github/workspace/mnt/ozone/hadoop-ozone/integration-test/target/test-dir/MiniOzoneClusterImpl-6f095167-e36a-40e2-aefd-0fa47c7d82e2/datanode-2/data/ratis/7bbf6427-087b-4c7e-9ba9-bda6939820fe
2020-07-27 09:55:40,825 [pool-192-thread-1] INFO  server.RaftServerConfigKeys (ConfUtils.java:logGet(44)) - raft.server.log.queue.byte-limit = 2147483647 (custom)
2020-07-27 09:55:40,825 [pool-192-thread-1] INFO  server.RaftServerConfigKeys (ConfUtils.java:logGet(44)) - raft.server.log.queue.element-limit = 1024 (custom)
2020-07-27 09:55:40,825 [pool-192-thread-1] INFO  server.RaftServerConfigKeys (ConfUtils.java:logGet(44)) - raft.server.log.segment.size.max = 1048576 (custom)
2020-07-27 09:55:40,825 [pool-192-thread-1] INFO  server.RaftServerConfigKeys (ConfUtils.java:logGet(44)) - raft.server.log.preallocated.size = 16384 (custom)
2020-07-27 09:55:40,825 [pool-192-thread-1] INFO  server.RaftServerConfigKeys (ConfUtils.java:logGet(44)) - raft.server.log.write.buffer.size = 1048576 (custom)
2020-07-27 09:55:40,825 [pool-192-thread-1] INFO  server.RaftServerConfigKeys (ConfUtils.java:logGet(44)) - raft.server.log.force.sync.num = 128 (default)
2020-07-27 09:55:40,825 [pool-192-thread-1] INFO  server.RaftServerConfigKeys (ConfUtils.java:logGet(44)) - raft.server.log.statemachine.data.sync = true (default)
2020-07-27 09:55:40,825 [pool-192-thread-1] INFO  server.RaftServerConfigKeys (ConfUtils.java:logGet(44)) - raft.server.log.statemachine.data.sync.timeout = 10s (default)
2020-07-27 09:55:40,826 [pool-192-thread-1] INFO  server.RaftServerConfigKeys (ConfUtils.java:logGet(44)) - raft.server.log.statemachine.data.sync.timeout.retry = -1 (default)
2020-07-27 09:55:40,827 [pool-192-thread-1] INFO  server.RaftServerConfigKeys (ConfUtils.java:logGet(44)) - raft.server.log.statemachine.data.caching.enabled = true (custom)
2020-07-27 09:55:40,827 [pool-192-thread-1] INFO  segmented.SegmentedRaftLogWorker (SegmentedRaftLogWorker.java:lambda$new$0(129)) - 24589ba3-439e-426c-a3dd-3948fbf70a5d@group-BDA6939820FE-SegmentedRaftLogWorker: flushIndex: setUnconditionally 0 -> -1
2020-07-27 09:55:40,827 [pool-192-thread-1] INFO  segmented.SegmentedRaftLogWorker (SegmentedRaftLogWorker.java:lambda$new$0(129)) - 24589ba3-439e-426c-a3dd-3948fbf70a5d@group-BDA6939820FE-SegmentedRaftLogWorker: safeCacheEvictIndex: setUnconditionally 0 -> -1
2020-07-27 09:55:40,834 [Command processor thread] INFO  impl.RaftServerProxy (RaftServerProxy.java:addNew(89)) - db756141-0354-427a-9153-f34ecc5b5329: addNew group-2A305473E0D3:[db756141-0354-427a-9153-f34ecc5b5329:172.17.0.2:38333] returns group-2A305473E0D3:java.util.concurrent.CompletableFuture@2fd68b6c[Not completed]
2020-07-27 09:55:40,834 [pool-177-thread-1] INFO  impl.RaftServerImpl (RaftServerImpl.java:<init>(107)) - db756141-0354-427a-9153-f34ecc5b5329: new RaftServerImpl for group-2A305473E0D3:[db756141-0354-427a-9153-f34ecc5b5329:172.17.0.2:38333] with ContainerStateMachine:uninitialized
2020-07-27 09:55:40,834 [pool-177-thread-1] INFO  server.RaftServerConfigKeys (ConfUtils.java:logGet(44)) - raft.server.rpc.timeout.min = 5s (custom)
2020-07-27 09:55:40,835 [pool-177-thread-1] INFO  server.RaftServerConfigKeys (ConfUtils.java:logGet(44)) - raft.server.rpc.timeout.max = 5200ms (custom)
2020-07-27 09:55:40,835 [pool-177-thread-1] INFO  server.RaftServerConfigKeys (ConfUtils.java:logGet(44)) - raft.server.rpcslowness.timeout = 300s (custom)
2020-07-27 09:55:40,835 [pool-177-thread-1] INFO  server.RaftServerConfigKeys (ConfUtils.java:logGet(44)) - raft.server.sleep.deviation.threshold = 300 (default)
2020-07-27 09:55:40,835 [pool-177-thread-1] INFO  server.RaftServerConfigKeys (ConfUtils.java:logGet(44)) - raft.server.log.appender.install.snapshot.enabled = false (custom)
2020-07-27 09:55:40,835 [pool-177-thread-1] INFO  impl.RaftServerImpl (ServerState.java:<init>(103)) - db756141-0354-427a-9153-f34ecc5b5329@group-2A305473E0D3: ConfigurationManager, init=-1: [db756141-0354-427a-9153-f34ecc5b5329:172.17.0.2:38333], old=null, confs=<EMPTY_MAP>
2020-07-27 09:55:40,835 [pool-177-thread-1] INFO  server.RaftServerConfigKeys (ConfUtils.java:logGet(44)) - raft.server.storage.dir = [/github/workspace/mnt/ozone/hadoop-ozone/integration-test/target/test-dir/MiniOzoneClusterImpl-6f095167-e36a-40e2-aefd-0fa47c7d82e2/datanode-1/data/ratis] (custom)
2020-07-27 09:55:40,835 [pool-177-thread-1] INFO  server.RaftServerConfigKeys (ConfUtils.java:logGet(44)) - raft.server.log.corruption.policy = EXCEPTION (default)
2020-07-27 09:55:40,835 [pool-177-thread-1] INFO  storage.RaftStorageDirectory (RaftStorageDirectory.java:analyzeStorage(261)) - The storage directory /github/workspace/mnt/ozone/hadoop-ozone/integration-test/target/test-dir/MiniOzoneClusterImpl-6f095167-e36a-40e2-aefd-0fa47c7d82e2/datanode-1/data/ratis/bb463354-8301-406e-8cd5-2a305473e0d3 does not exist. Creating ...
2020-07-27 09:55:40,836 [pool-192-thread-1] INFO  server.RaftServerConfigKeys (ConfUtils.java:logGet(44)) - raft.server.snapshot.auto.trigger.enabled = true (custom)
2020-07-27 09:55:40,836 [pool-192-thread-1] INFO  server.RaftServerConfigKeys (ConfUtils.java:logGet(44)) - raft.server.snapshot.auto.trigger.threshold = 10000 (custom)
2020-07-27 09:55:40,836 [pool-192-thread-1] INFO  server.RaftServerConfigKeys (ConfUtils.java:logGet(44)) - raft.server.snapshot.retention.file.num = 5 (custom)
2020-07-27 09:55:40,836 [pool-192-thread-1] INFO  server.RaftServerConfigKeys (ConfUtils.java:logGet(44)) - raft.server.log.purge.upto.snapshot.index = false (default)
2020-07-27 09:55:40,836 [pool-192-thread-1] INFO  server.RaftServerConfigKeys (ConfUtils.java:logGet(44)) - raft.server.retrycache.expirytime = 600000ms (custom)
2020-07-27 09:55:40,836 [pool-192-thread-1] INFO  metrics.RatisMetrics (RatisMetrics.java:lambda$create$0(36)) - Creating Metrics Registry : ratis.leader_election.24589ba3-439e-426c-a3dd-3948fbf70a5d@group-BDA6939820FE
2020-07-27 09:55:40,837 [pool-192-thread-1] INFO  metrics.RatisMetrics (RatisMetrics.java:lambda$create$0(36)) - Creating Metrics Registry : ratis.server.24589ba3-439e-426c-a3dd-3948fbf70a5d@group-BDA6939820FE
2020-07-27 09:55:40,838 [pool-192-thread-1] INFO  impl.RaftServerImpl (RaftServerImpl.java:start(196)) - 24589ba3-439e-426c-a3dd-3948fbf70a5d@group-BDA6939820FE: start as a follower, conf=-1: [045c987a-fb62-4fd1-8a3b-f6f94af40e4e:172.17.0.2:35095, db756141-0354-427a-9153-f34ecc5b5329:172.17.0.2:38333, 24589ba3-439e-426c-a3dd-3948fbf70a5d:172.17.0.2:36853], old=null
2020-07-27 09:55:40,838 [pool-192-thread-1] INFO  impl.RaftServerImpl (RaftServerImpl.java:setRole(185)) - 24589ba3-439e-426c-a3dd-3948fbf70a5d@group-BDA6939820FE: changes role from      null to FOLLOWER at term 0 for startAsFollower
2020-07-27 09:55:40,838 [pool-192-thread-1] INFO  impl.RoleInfo (RoleInfo.java:updateAndGet(143)) - 24589ba3-439e-426c-a3dd-3948fbf70a5d: start FollowerState
2020-07-27 09:55:40,838 [pool-177-thread-1] INFO  storage.RaftStorageDirectory (RaftStorageDirectory.java:tryLock(343)) - Lock on /github/workspace/mnt/ozone/hadoop-ozone/integration-test/target/test-dir/MiniOzoneClusterImpl-6f095167-e36a-40e2-aefd-0fa47c7d82e2/datanode-1/data/ratis/bb463354-8301-406e-8cd5-2a305473e0d3/in_use.lock acquired by nodename 9503@5b2e5051647c
2020-07-27 09:55:40,839 [pool-177-thread-1] INFO  storage.RaftStorage (RaftStorage.java:format(84)) - Storage directory /github/workspace/mnt/ozone/hadoop-ozone/integration-test/target/test-dir/MiniOzoneClusterImpl-6f095167-e36a-40e2-aefd-0fa47c7d82e2/datanode-1/data/ratis/bb463354-8301-406e-8cd5-2a305473e0d3 has been successfully formatted.
2020-07-27 09:55:40,842 [pool-177-thread-1] INFO  ratis.ContainerStateMachine (ContainerStateMachine.java:loadSnapshot(225)) - group-2A305473E0D3: The snapshot info is null. Setting the last applied indexto:(t:0, i:~)
2020-07-27 09:55:40,842 [pool-177-thread-1] INFO  server.RaftServerConfigKeys (ConfUtils.java:logGet(44)) - raft.server.notification.no-leader.timeout = 300s (custom)
2020-07-27 09:55:40,842 [pool-177-thread-1] INFO  server.RaftServerConfigKeys (ConfUtils.java:logGet(44)) - raft.server.log.use.memory = false (default)
2020-07-27 09:55:40,842 [pool-177-thread-1] INFO  server.RaftServerConfigKeys (ConfUtils.java:logGet(44)) - raft.server.log.purge.gap = 1000000 (custom)
2020-07-27 09:55:40,842 [pool-177-thread-1] INFO  metrics.RatisMetrics (RatisMetrics.java:lambda$create$0(36)) - Creating Metrics Registry : ratis.log_worker.db756141-0354-427a-9153-f34ecc5b5329@group-2A305473E0D3
2020-07-27 09:55:40,842 [pool-177-thread-1] INFO  server.RaftServerConfigKeys (ConfUtils.java:logGet(44)) - raft.server.log.appender.buffer.byte-limit = 33554432 (custom)
2020-07-27 09:55:40,842 [pool-177-thread-1] INFO  server.RaftServerConfigKeys (ConfUtils.java:logGet(44)) - raft.server.log.segment.size.max = 1048576 (custom)
2020-07-27 09:55:40,843 [pool-177-thread-1] INFO  server.RaftServerConfigKeys (ConfUtils.java:logGet(44)) - raft.server.log.segment.cache.num.max = 2 (custom)
2020-07-27 09:55:40,843 [pool-177-thread-1] INFO  segmented.SegmentedRaftLogWorker (SegmentedRaftLogWorker.java:<init>(180)) - new db756141-0354-427a-9153-f34ecc5b5329@group-2A305473E0D3-SegmentedRaftLogWorker for RaftStorage:Storage Directory /github/workspace/mnt/ozone/hadoop-ozone/integration-test/target/test-dir/MiniOzoneClusterImpl-6f095167-e36a-40e2-aefd-0fa47c7d82e2/datanode-1/data/ratis/bb463354-8301-406e-8cd5-2a305473e0d3
2020-07-27 09:55:40,843 [pool-177-thread-1] INFO  server.RaftServerConfigKeys (ConfUtils.java:logGet(44)) - raft.server.log.queue.byte-limit = 2147483647 (custom)
2020-07-27 09:55:40,843 [pool-177-thread-1] INFO  server.RaftServerConfigKeys (ConfUtils.java:logGet(44)) - raft.server.log.queue.element-limit = 1024 (custom)
2020-07-27 09:55:40,843 [pool-177-thread-1] INFO  server.RaftServerConfigKeys (ConfUtils.java:logGet(44)) - raft.server.log.segment.size.max = 1048576 (custom)
2020-07-27 09:55:40,843 [pool-177-thread-1] INFO  server.RaftServerConfigKeys (ConfUtils.java:logGet(44)) - raft.server.log.preallocated.size = 16384 (custom)
2020-07-27 09:55:40,843 [pool-177-thread-1] INFO  server.RaftServerConfigKeys (ConfUtils.java:logGet(44)) - raft.server.log.write.buffer.size = 1048576 (custom)
2020-07-27 09:55:40,843 [pool-177-thread-1] INFO  server.RaftServerConfigKeys (ConfUtils.java:logGet(44)) - raft.server.log.force.sync.num = 128 (default)
2020-07-27 09:55:40,843 [pool-177-thread-1] INFO  server.RaftServerConfigKeys (ConfUtils.java:logGet(44)) - raft.server.log.statemachine.data.sync = true (default)
2020-07-27 09:55:40,843 [pool-177-thread-1] INFO  server.RaftServerConfigKeys (ConfUtils.java:logGet(44)) - raft.server.log.statemachine.data.sync.timeout = 10s (default)
2020-07-27 09:55:40,843 [pool-177-thread-1] INFO  server.RaftServerConfigKeys (ConfUtils.java:logGet(44)) - raft.server.log.statemachine.data.sync.timeout.retry = -1 (default)
2020-07-27 09:55:40,844 [pool-192-thread-1] INFO  util.JmxRegister (JmxRegister.java:tryRegister(44)) - Successfully registered JMX Bean with object name Ratis:service=RaftServer,group=group-BDA6939820FE,id=24589ba3-439e-426c-a3dd-3948fbf70a5d
2020-07-27 09:55:40,845 [pool-192-thread-1] INFO  metrics.RatisMetrics (RatisMetrics.java:lambda$create$0(36)) - Creating Metrics Registry : ratis.state_machine.24589ba3-439e-426c-a3dd-3948fbf70a5d@group-BDA6939820FE
2020-07-27 09:55:40,845 [pool-177-thread-1] INFO  server.RaftServerConfigKeys (ConfUtils.java:logGet(44)) - raft.server.log.statemachine.data.caching.enabled = true (custom)
2020-07-27 09:55:40,846 [pool-177-thread-1] INFO  segmented.SegmentedRaftLogWorker (SegmentedRaftLogWorker.java:lambda$new$0(129)) - db756141-0354-427a-9153-f34ecc5b5329@group-2A305473E0D3-SegmentedRaftLogWorker: flushIndex: setUnconditionally 0 -> -1
2020-07-27 09:55:40,846 [pool-177-thread-1] INFO  segmented.SegmentedRaftLogWorker (SegmentedRaftLogWorker.java:lambda$new$0(129)) - db756141-0354-427a-9153-f34ecc5b5329@group-2A305473E0D3-SegmentedRaftLogWorker: safeCacheEvictIndex: setUnconditionally 0 -> -1
2020-07-27 09:55:40,846 [EventQueue-PipelineReportForPipelineReportHandler] INFO  pipeline.PipelineStateManager (PipelineStateManager.java:openPipeline(131)) - Pipeline Pipeline[ Id: bb463354-8301-406e-8cd5-2a305473e0d3, Nodes: db756141-0354-427a-9153-f34ecc5b5329{ip: 172.17.0.2, host: 5b2e5051647c, networkLocation: /default-rack, certSerialId: null}, Type:RATIS, Factor:ONE, State:ALLOCATED, leaderId:db756141-0354-427a-9153-f34ecc5b5329, CreationTimestamp2020-07-27T09:55:37.833Z] moved to OPEN state
2020-07-27 09:55:40,848 [EventQueue-OpenPipelineForOneReplicaPipelineSafeModeRule] INFO  safemode.SCMSafeModeManager (SCMSafeModeManager.java:validateSafeModeExitRules(214)) - AtleastOneDatanodeReportedRule rule is successfully validated
2020-07-27 09:55:40,848 [EventQueue-OpenPipelineForHealthyPipelineSafeModeRule] INFO  safemode.SCMSafeModeManager (HealthyPipelineSafeModeRule.java:process(129)) - SCM in safe mode. Healthy pipelines reported count is 0, required healthy pipeline reported count is 1
2020-07-27 09:55:40,850 [pool-177-thread-1] INFO  server.RaftServerConfigKeys (ConfUtils.java:logGet(44)) - raft.server.snapshot.auto.trigger.enabled = true (custom)
2020-07-27 09:55:40,850 [pool-177-thread-1] INFO  server.RaftServerConfigKeys (ConfUtils.java:logGet(44)) - raft.server.snapshot.auto.trigger.threshold = 10000 (custom)
2020-07-27 09:55:40,850 [pool-177-thread-1] INFO  server.RaftServerConfigKeys (ConfUtils.java:logGet(44)) - raft.server.snapshot.retention.file.num = 5 (custom)
2020-07-27 09:55:40,850 [pool-177-thread-1] INFO  server.RaftServerConfigKeys (ConfUtils.java:logGet(44)) - raft.server.log.purge.upto.snapshot.index = false (default)
2020-07-27 09:55:40,850 [pool-177-thread-1] INFO  server.RaftServerConfigKeys (ConfUtils.java:logGet(44)) - raft.server.retrycache.expirytime = 600000ms (custom)
2020-07-27 09:55:40,850 [pool-177-thread-1] INFO  metrics.RatisMetrics (RatisMetrics.java:lambda$create$0(36)) - Creating Metrics Registry : ratis.leader_election.db756141-0354-427a-9153-f34ecc5b5329@group-2A305473E0D3
2020-07-27 09:55:40,851 [pool-177-thread-1] INFO  metrics.RatisMetrics (RatisMetrics.java:lambda$create$0(36)) - Creating Metrics Registry : ratis.server.db756141-0354-427a-9153-f34ecc5b5329@group-2A305473E0D3
2020-07-27 09:55:40,851 [pool-177-thread-1] INFO  impl.RaftServerImpl (RaftServerImpl.java:start(196)) - db756141-0354-427a-9153-f34ecc5b5329@group-2A305473E0D3: start as a follower, conf=-1: [db756141-0354-427a-9153-f34ecc5b5329:172.17.0.2:38333], old=null
2020-07-27 09:55:40,852 [pool-177-thread-1] INFO  impl.RaftServerImpl (RaftServerImpl.java:setRole(185)) - db756141-0354-427a-9153-f34ecc5b5329@group-2A305473E0D3: changes role from      null to FOLLOWER at term 0 for startAsFollower
2020-07-27 09:55:40,852 [pool-177-thread-1] INFO  impl.RoleInfo (RoleInfo.java:updateAndGet(143)) - db756141-0354-427a-9153-f34ecc5b5329: start FollowerState
2020-07-27 09:55:40,854 [pool-177-thread-1] INFO  util.JmxRegister (JmxRegister.java:tryRegister(44)) - Successfully registered JMX Bean with object name Ratis:service=RaftServer,group=group-2A305473E0D3,id=db756141-0354-427a-9153-f34ecc5b5329
2020-07-27 09:55:40,854 [pool-177-thread-1] INFO  metrics.RatisMetrics (RatisMetrics.java:lambda$create$0(36)) - Creating Metrics Registry : ratis.state_machine.db756141-0354-427a-9153-f34ecc5b5329@group-2A305473E0D3
2020-07-27 09:55:40,861 [Command processor thread] INFO  commandhandler.CreatePipelineCommandHandler (CreatePipelineCommandHandler.java:handle(110)) - Created Pipeline RATIS ONE #id: "bb463354-8301-406e-8cd5-2a305473e0d3"
uuid128 {
  mostSigBits: -4952214302179114898
  leastSigBits: -8298680351296593709
}
.
2020-07-27 09:55:40,869 [Command processor thread] INFO  commandhandler.CreatePipelineCommandHandler (CreatePipelineCommandHandler.java:handle(110)) - Created Pipeline RATIS THREE #id: "7bbf6427-087b-4c7e-9ba9-bda6939820fe"
uuid128 {
  mostSigBits: 8916955906025671806
  leastSigBits: -7230039203628179202
}
.
2020-07-27 09:55:40,955 [Command processor thread] INFO  impl.RaftServerProxy (RaftServerProxy.java:addNew(89)) - 24589ba3-439e-426c-a3dd-3948fbf70a5d: addNew group-2657CEC53F02:[24589ba3-439e-426c-a3dd-3948fbf70a5d:172.17.0.2:36853] returns group-2657CEC53F02:java.util.concurrent.CompletableFuture@6898ff38[Not completed]
2020-07-27 09:55:40,955 [pool-192-thread-1] INFO  impl.RaftServerImpl (RaftServerImpl.java:<init>(107)) - 24589ba3-439e-426c-a3dd-3948fbf70a5d: new RaftServerImpl for group-2657CEC53F02:[24589ba3-439e-426c-a3dd-3948fbf70a5d:172.17.0.2:36853] with ContainerStateMachine:uninitialized
2020-07-27 09:55:40,955 [pool-192-thread-1] INFO  server.RaftServerConfigKeys (ConfUtils.java:logGet(44)) - raft.server.rpc.timeout.min = 5s (custom)
2020-07-27 09:55:40,955 [pool-192-thread-1] INFO  server.RaftServerConfigKeys (ConfUtils.java:logGet(44)) - raft.server.rpc.timeout.max = 5200ms (custom)
2020-07-27 09:55:40,955 [pool-192-thread-1] INFO  server.RaftServerConfigKeys (ConfUtils.java:logGet(44)) - raft.server.rpcslowness.timeout = 300s (custom)
2020-07-27 09:55:40,955 [pool-192-thread-1] INFO  server.RaftServerConfigKeys (ConfUtils.java:logGet(44)) - raft.server.sleep.deviation.threshold = 300 (default)
2020-07-27 09:55:40,956 [pool-192-thread-1] INFO  server.RaftServerConfigKeys (ConfUtils.java:logGet(44)) - raft.server.log.appender.install.snapshot.enabled = false (custom)
2020-07-27 09:55:40,956 [pool-192-thread-1] INFO  impl.RaftServerImpl (ServerState.java:<init>(103)) - 24589ba3-439e-426c-a3dd-3948fbf70a5d@group-2657CEC53F02: ConfigurationManager, init=-1: [24589ba3-439e-426c-a3dd-3948fbf70a5d:172.17.0.2:36853], old=null, confs=<EMPTY_MAP>
2020-07-27 09:55:40,956 [pool-192-thread-1] INFO  server.RaftServerConfigKeys (ConfUtils.java:logGet(44)) - raft.server.storage.dir = [/github/workspace/mnt/ozone/hadoop-ozone/integration-test/target/test-dir/MiniOzoneClusterImpl-6f095167-e36a-40e2-aefd-0fa47c7d82e2/datanode-2/data/ratis] (custom)
2020-07-27 09:55:40,956 [pool-192-thread-1] INFO  server.RaftServerConfigKeys (ConfUtils.java:logGet(44)) - raft.server.log.corruption.policy = EXCEPTION (default)
2020-07-27 09:55:40,956 [pool-192-thread-1] INFO  storage.RaftStorageDirectory (RaftStorageDirectory.java:analyzeStorage(261)) - The storage directory /github/workspace/mnt/ozone/hadoop-ozone/integration-test/target/test-dir/MiniOzoneClusterImpl-6f095167-e36a-40e2-aefd-0fa47c7d82e2/datanode-2/data/ratis/db95f63e-d117-490c-a39d-2657cec53f02 does not exist. Creating ...
2020-07-27 09:55:40,957 [pool-192-thread-1] INFO  storage.RaftStorageDirectory (RaftStorageDirectory.java:tryLock(343)) - Lock on /github/workspace/mnt/ozone/hadoop-ozone/integration-test/target/test-dir/MiniOzoneClusterImpl-6f095167-e36a-40e2-aefd-0fa47c7d82e2/datanode-2/data/ratis/db95f63e-d117-490c-a39d-2657cec53f02/in_use.lock acquired by nodename 9503@5b2e5051647c
2020-07-27 09:55:40,958 [pool-192-thread-1] INFO  storage.RaftStorage (RaftStorage.java:format(84)) - Storage directory /github/workspace/mnt/ozone/hadoop-ozone/integration-test/target/test-dir/MiniOzoneClusterImpl-6f095167-e36a-40e2-aefd-0fa47c7d82e2/datanode-2/data/ratis/db95f63e-d117-490c-a39d-2657cec53f02 has been successfully formatted.
2020-07-27 09:55:40,958 [pool-192-thread-1] INFO  ratis.ContainerStateMachine (ContainerStateMachine.java:loadSnapshot(225)) - group-2657CEC53F02: The snapshot info is null. Setting the last applied indexto:(t:0, i:~)
2020-07-27 09:55:40,958 [pool-192-thread-1] INFO  server.RaftServerConfigKeys (ConfUtils.java:logGet(44)) - raft.server.notification.no-leader.timeout = 300s (custom)
2020-07-27 09:55:40,958 [pool-192-thread-1] INFO  server.RaftServerConfigKeys (ConfUtils.java:logGet(44)) - raft.server.log.use.memory = false (default)
2020-07-27 09:55:40,958 [pool-192-thread-1] INFO  server.RaftServerConfigKeys (ConfUtils.java:logGet(44)) - raft.server.log.purge.gap = 1000000 (custom)
2020-07-27 09:55:40,958 [pool-192-thread-1] INFO  metrics.RatisMetrics (RatisMetrics.java:lambda$create$0(36)) - Creating Metrics Registry : ratis.log_worker.24589ba3-439e-426c-a3dd-3948fbf70a5d@group-2657CEC53F02
2020-07-27 09:55:40,958 [pool-192-thread-1] INFO  server.RaftServerConfigKeys (ConfUtils.java:logGet(44)) - raft.server.log.appender.buffer.byte-limit = 33554432 (custom)
2020-07-27 09:55:40,959 [pool-192-thread-1] INFO  server.RaftServerConfigKeys (ConfUtils.java:logGet(44)) - raft.server.log.segment.size.max = 1048576 (custom)
2020-07-27 09:55:40,959 [pool-192-thread-1] INFO  server.RaftServerConfigKeys (ConfUtils.java:logGet(44)) - raft.server.log.segment.cache.num.max = 2 (custom)
2020-07-27 09:55:40,959 [pool-192-thread-1] INFO  segmented.SegmentedRaftLogWorker (SegmentedRaftLogWorker.java:<init>(180)) - new 24589ba3-439e-426c-a3dd-3948fbf70a5d@group-2657CEC53F02-SegmentedRaftLogWorker for RaftStorage:Storage Directory /github/workspace/mnt/ozone/hadoop-ozone/integration-test/target/test-dir/MiniOzoneClusterImpl-6f095167-e36a-40e2-aefd-0fa47c7d82e2/datanode-2/data/ratis/db95f63e-d117-490c-a39d-2657cec53f02
2020-07-27 09:55:40,959 [pool-192-thread-1] INFO  server.RaftServerConfigKeys (ConfUtils.java:logGet(44)) - raft.server.log.queue.byte-limit = 2147483647 (custom)
2020-07-27 09:55:40,959 [pool-192-thread-1] INFO  server.RaftServerConfigKeys (ConfUtils.java:logGet(44)) - raft.server.log.queue.element-limit = 1024 (custom)
2020-07-27 09:55:40,959 [pool-192-thread-1] INFO  server.RaftServerConfigKeys (ConfUtils.java:logGet(44)) - raft.server.log.segment.size.max = 1048576 (custom)
2020-07-27 09:55:40,959 [pool-192-thread-1] INFO  server.RaftServerConfigKeys (ConfUtils.java:logGet(44)) - raft.server.log.preallocated.size = 16384 (custom)
2020-07-27 09:55:40,959 [pool-192-thread-1] INFO  server.RaftServerConfigKeys (ConfUtils.java:logGet(44)) - raft.server.log.write.buffer.size = 1048576 (custom)
2020-07-27 09:55:40,959 [pool-192-thread-1] INFO  server.RaftServerConfigKeys (ConfUtils.java:logGet(44)) - raft.server.log.force.sync.num = 128 (default)
2020-07-27 09:55:40,959 [pool-192-thread-1] INFO  server.RaftServerConfigKeys (ConfUtils.java:logGet(44)) - raft.server.log.statemachine.data.sync = true (default)
2020-07-27 09:55:40,960 [pool-192-thread-1] INFO  server.RaftServerConfigKeys (ConfUtils.java:logGet(44)) - raft.server.log.statemachine.data.sync.timeout = 10s (default)
2020-07-27 09:55:40,960 [pool-192-thread-1] INFO  server.RaftServerConfigKeys (ConfUtils.java:logGet(44)) - raft.server.log.statemachine.data.sync.timeout.retry = -1 (default)
2020-07-27 09:55:40,961 [pool-192-thread-1] INFO  server.RaftServerConfigKeys (ConfUtils.java:logGet(44)) - raft.server.log.statemachine.data.caching.enabled = true (custom)
2020-07-27 09:55:40,961 [pool-192-thread-1] INFO  segmented.SegmentedRaftLogWorker (SegmentedRaftLogWorker.java:lambda$new$0(129)) - 24589ba3-439e-426c-a3dd-3948fbf70a5d@group-2657CEC53F02-SegmentedRaftLogWorker: flushIndex: setUnconditionally 0 -> -1
2020-07-27 09:55:40,961 [pool-192-thread-1] INFO  segmented.SegmentedRaftLogWorker (SegmentedRaftLogWorker.java:lambda$new$0(129)) - 24589ba3-439e-426c-a3dd-3948fbf70a5d@group-2657CEC53F02-SegmentedRaftLogWorker: safeCacheEvictIndex: setUnconditionally 0 -> -1
2020-07-27 09:55:40,975 [pool-192-thread-1] INFO  server.RaftServerConfigKeys (ConfUtils.java:logGet(44)) - raft.server.snapshot.auto.trigger.enabled = true (custom)
2020-07-27 09:55:40,976 [EventQueue-PipelineReportForPipelineReportHandler] INFO  pipeline.PipelineStateManager (PipelineStateManager.java:openPipeline(131)) - Pipeline Pipeline[ Id: db95f63e-d117-490c-a39d-2657cec53f02, Nodes: 24589ba3-439e-426c-a3dd-3948fbf70a5d{ip: 172.17.0.2, host: 5b2e5051647c, networkLocation: /default-rack, certSerialId: null}, Type:RATIS, Factor:ONE, State:ALLOCATED, leaderId:24589ba3-439e-426c-a3dd-3948fbf70a5d, CreationTimestamp2020-07-27T09:55:37.957Z] moved to OPEN state
2020-07-27 09:55:40,976 [EventQueue-OpenPipelineForHealthyPipelineSafeModeRule] INFO  safemode.SCMSafeModeManager (HealthyPipelineSafeModeRule.java:process(129)) - SCM in safe mode. Healthy pipelines reported count is 0, required healthy pipeline reported count is 1
2020-07-27 09:55:40,976 [EventQueue-OpenPipelineForOneReplicaPipelineSafeModeRule] INFO  safemode.SCMSafeModeManager (SCMSafeModeManager.java:validateSafeModeExitRules(214)) - AtleastOneDatanodeReportedRule rule is successfully validated
2020-07-27 09:55:40,976 [pool-192-thread-1] INFO  server.RaftServerConfigKeys (ConfUtils.java:logGet(44)) - raft.server.snapshot.auto.trigger.threshold = 10000 (custom)
2020-07-27 09:55:40,976 [pool-192-thread-1] INFO  server.RaftServerConfigKeys (ConfUtils.java:logGet(44)) - raft.server.snapshot.retention.file.num = 5 (custom)
2020-07-27 09:55:40,976 [pool-192-thread-1] INFO  server.RaftServerConfigKeys (ConfUtils.java:logGet(44)) - raft.server.log.purge.upto.snapshot.index = false (default)
2020-07-27 09:55:40,977 [pool-192-thread-1] INFO  server.RaftServerConfigKeys (ConfUtils.java:logGet(44)) - raft.server.retrycache.expirytime = 600000ms (custom)
2020-07-27 09:55:40,977 [pool-192-thread-1] INFO  metrics.RatisMetrics (RatisMetrics.java:lambda$create$0(36)) - Creating Metrics Registry : ratis.leader_election.24589ba3-439e-426c-a3dd-3948fbf70a5d@group-2657CEC53F02
2020-07-27 09:55:40,978 [pool-192-thread-1] INFO  metrics.RatisMetrics (RatisMetrics.java:lambda$create$0(36)) - Creating Metrics Registry : ratis.server.24589ba3-439e-426c-a3dd-3948fbf70a5d@group-2657CEC53F02
2020-07-27 09:55:40,979 [pool-192-thread-1] INFO  impl.RaftServerImpl (RaftServerImpl.java:start(196)) - 24589ba3-439e-426c-a3dd-3948fbf70a5d@group-2657CEC53F02: start as a follower, conf=-1: [24589ba3-439e-426c-a3dd-3948fbf70a5d:172.17.0.2:36853], old=null
2020-07-27 09:55:40,979 [pool-192-thread-1] INFO  impl.RaftServerImpl (RaftServerImpl.java:setRole(185)) - 24589ba3-439e-426c-a3dd-3948fbf70a5d@group-2657CEC53F02: changes role from      null to FOLLOWER at term 0 for startAsFollower
2020-07-27 09:55:40,979 [pool-192-thread-1] INFO  impl.RoleInfo (RoleInfo.java:updateAndGet(143)) - 24589ba3-439e-426c-a3dd-3948fbf70a5d: start FollowerState
2020-07-27 09:55:40,980 [pool-192-thread-1] INFO  util.JmxRegister (JmxRegister.java:tryRegister(44)) - Successfully registered JMX Bean with object name Ratis:service=RaftServer,group=group-2657CEC53F02,id=24589ba3-439e-426c-a3dd-3948fbf70a5d
2020-07-27 09:55:40,981 [pool-192-thread-1] INFO  metrics.RatisMetrics (RatisMetrics.java:lambda$create$0(36)) - Creating Metrics Registry : ratis.state_machine.24589ba3-439e-426c-a3dd-3948fbf70a5d@group-2657CEC53F02
2020-07-27 09:55:40,981 [Command processor thread] INFO  commandhandler.CreatePipelineCommandHandler (CreatePipelineCommandHandler.java:handle(110)) - Created Pipeline RATIS ONE #id: "db95f63e-d117-490c-a39d-2657cec53f02"
uuid128 {
  mostSigBits: -2623920458217076468
  leastSigBits: -6657122515610681598
}
.
2020-07-27 09:55:41,079 [Command processor thread] INFO  impl.RaftServerProxy (RaftServerProxy.java:addNew(89)) - 1abd5772-62cd-4705-9996-234721943c22: addNew group-E1B7EA2D6FC7:[1abd5772-62cd-4705-9996-234721943c22:172.17.0.2:42565] returns group-E1B7EA2D6FC7:java.util.concurrent.CompletableFuture@3c474359[Not completed]
2020-07-27 09:55:41,079 [pool-207-thread-1] INFO  impl.RaftServerImpl (RaftServerImpl.java:<init>(107)) - 1abd5772-62cd-4705-9996-234721943c22: new RaftServerImpl for group-E1B7EA2D6FC7:[1abd5772-62cd-4705-9996-234721943c22:172.17.0.2:42565] with ContainerStateMachine:uninitialized
2020-07-27 09:55:41,079 [pool-207-thread-1] INFO  server.RaftServerConfigKeys (ConfUtils.java:logGet(44)) - raft.server.rpc.timeout.min = 5s (custom)
2020-07-27 09:55:41,079 [pool-207-thread-1] INFO  server.RaftServerConfigKeys (ConfUtils.java:logGet(44)) - raft.server.rpc.timeout.max = 5200ms (custom)
2020-07-27 09:55:41,079 [pool-207-thread-1] INFO  server.RaftServerConfigKeys (ConfUtils.java:logGet(44)) - raft.server.rpcslowness.timeout = 300s (custom)
2020-07-27 09:55:41,080 [pool-207-thread-1] INFO  server.RaftServerConfigKeys (ConfUtils.java:logGet(44)) - raft.server.sleep.deviation.threshold = 300 (default)
2020-07-27 09:55:41,080 [pool-207-thread-1] INFO  server.RaftServerConfigKeys (ConfUtils.java:logGet(44)) - raft.server.log.appender.install.snapshot.enabled = false (custom)
2020-07-27 09:55:41,080 [pool-207-thread-1] INFO  impl.RaftServerImpl (ServerState.java:<init>(103)) - 1abd5772-62cd-4705-9996-234721943c22@group-E1B7EA2D6FC7: ConfigurationManager, init=-1: [1abd5772-62cd-4705-9996-234721943c22:172.17.0.2:42565], old=null, confs=<EMPTY_MAP>
2020-07-27 09:55:41,080 [pool-207-thread-1] INFO  server.RaftServerConfigKeys (ConfUtils.java:logGet(44)) - raft.server.storage.dir = [/github/workspace/mnt/ozone/hadoop-ozone/integration-test/target/test-dir/MiniOzoneClusterImpl-6f095167-e36a-40e2-aefd-0fa47c7d82e2/datanode-3/data/ratis] (custom)
2020-07-27 09:55:41,080 [pool-207-thread-1] INFO  server.RaftServerConfigKeys (ConfUtils.java:logGet(44)) - raft.server.log.corruption.policy = EXCEPTION (default)
2020-07-27 09:55:41,080 [pool-207-thread-1] INFO  storage.RaftStorageDirectory (RaftStorageDirectory.java:analyzeStorage(261)) - The storage directory /github/workspace/mnt/ozone/hadoop-ozone/integration-test/target/test-dir/MiniOzoneClusterImpl-6f095167-e36a-40e2-aefd-0fa47c7d82e2/datanode-3/data/ratis/dda27dc5-9d1b-46ba-92cc-e1b7ea2d6fc7 does not exist. Creating ...
2020-07-27 09:55:41,081 [pool-207-thread-1] INFO  storage.RaftStorageDirectory (RaftStorageDirectory.java:tryLock(343)) - Lock on /github/workspace/mnt/ozone/hadoop-ozone/integration-test/target/test-dir/MiniOzoneClusterImpl-6f095167-e36a-40e2-aefd-0fa47c7d82e2/datanode-3/data/ratis/dda27dc5-9d1b-46ba-92cc-e1b7ea2d6fc7/in_use.lock acquired by nodename 9503@5b2e5051647c
2020-07-27 09:55:41,082 [pool-207-thread-1] INFO  storage.RaftStorage (RaftStorage.java:format(84)) - Storage directory /github/workspace/mnt/ozone/hadoop-ozone/integration-test/target/test-dir/MiniOzoneClusterImpl-6f095167-e36a-40e2-aefd-0fa47c7d82e2/datanode-3/data/ratis/dda27dc5-9d1b-46ba-92cc-e1b7ea2d6fc7 has been successfully formatted.
2020-07-27 09:55:41,082 [pool-207-thread-1] INFO  ratis.ContainerStateMachine (ContainerStateMachine.java:loadSnapshot(225)) - group-E1B7EA2D6FC7: The snapshot info is null. Setting the last applied indexto:(t:0, i:~)
2020-07-27 09:55:41,082 [pool-207-thread-1] INFO  server.RaftServerConfigKeys (ConfUtils.java:logGet(44)) - raft.server.notification.no-leader.timeout = 300s (custom)
2020-07-27 09:55:41,083 [pool-207-thread-1] INFO  server.RaftServerConfigKeys (ConfUtils.java:logGet(44)) - raft.server.log.use.memory = false (default)
2020-07-27 09:55:41,083 [pool-207-thread-1] INFO  server.RaftServerConfigKeys (ConfUtils.java:logGet(44)) - raft.server.log.purge.gap = 1000000 (custom)
2020-07-27 09:55:41,084 [pool-207-thread-1] INFO  metrics.RatisMetrics (RatisMetrics.java:lambda$create$0(36)) - Creating Metrics Registry : ratis.log_worker.1abd5772-62cd-4705-9996-234721943c22@group-E1B7EA2D6FC7
2020-07-27 09:55:41,084 [EventQueue-PipelineReportForPipelineReportHandler] INFO  pipeline.PipelineStateManager (PipelineStateManager.java:openPipeline(131)) - Pipeline Pipeline[ Id: dda27dc5-9d1b-46ba-92cc-e1b7ea2d6fc7, Nodes: 1abd5772-62cd-4705-9996-234721943c22{ip: 172.17.0.2, host: 5b2e5051647c, networkLocation: /default-rack, certSerialId: null}, Type:RATIS, Factor:ONE, State:ALLOCATED, leaderId:1abd5772-62cd-4705-9996-234721943c22, CreationTimestamp2020-07-27T09:55:38.081Z] moved to OPEN state
2020-07-27 09:55:41,084 [pool-207-thread-1] INFO  server.RaftServerConfigKeys (ConfUtils.java:logGet(44)) - raft.server.log.appender.buffer.byte-limit = 33554432 (custom)
2020-07-27 09:55:41,084 [EventQueue-OpenPipelineForHealthyPipelineSafeModeRule] INFO  safemode.SCMSafeModeManager (HealthyPipelineSafeModeRule.java:process(129)) - SCM in safe mode. Healthy pipelines reported count is 0, required healthy pipeline reported count is 1
2020-07-27 09:55:41,084 [pool-207-thread-1] INFO  server.RaftServerConfigKeys (ConfUtils.java:logGet(44)) - raft.server.log.segment.size.max = 1048576 (custom)
2020-07-27 09:55:41,084 [EventQueue-OpenPipelineForOneReplicaPipelineSafeModeRule] INFO  safemode.SCMSafeModeManager (SCMSafeModeManager.java:validateSafeModeExitRules(214)) - AtleastOneDatanodeReportedRule rule is successfully validated
2020-07-27 09:55:41,084 [pool-207-thread-1] INFO  server.RaftServerConfigKeys (ConfUtils.java:logGet(44)) - raft.server.log.segment.cache.num.max = 2 (custom)
2020-07-27 09:55:41,084 [pool-207-thread-1] INFO  segmented.SegmentedRaftLogWorker (SegmentedRaftLogWorker.java:<init>(180)) - new 1abd5772-62cd-4705-9996-234721943c22@group-E1B7EA2D6FC7-SegmentedRaftLogWorker for RaftStorage:Storage Directory /github/workspace/mnt/ozone/hadoop-ozone/integration-test/target/test-dir/MiniOzoneClusterImpl-6f095167-e36a-40e2-aefd-0fa47c7d82e2/datanode-3/data/ratis/dda27dc5-9d1b-46ba-92cc-e1b7ea2d6fc7
2020-07-27 09:55:41,085 [pool-207-thread-1] INFO  server.RaftServerConfigKeys (ConfUtils.java:logGet(44)) - raft.server.log.queue.byte-limit = 2147483647 (custom)
2020-07-27 09:55:41,085 [pool-207-thread-1] INFO  server.RaftServerConfigKeys (ConfUtils.java:logGet(44)) - raft.server.log.queue.element-limit = 1024 (custom)
2020-07-27 09:55:41,085 [pool-207-thread-1] INFO  server.RaftServerConfigKeys (ConfUtils.java:logGet(44)) - raft.server.log.segment.size.max = 1048576 (custom)
2020-07-27 09:55:41,085 [pool-207-thread-1] INFO  server.RaftServerConfigKeys (ConfUtils.java:logGet(44)) - raft.server.log.preallocated.size = 16384 (custom)
2020-07-27 09:55:41,085 [pool-207-thread-1] INFO  server.RaftServerConfigKeys (ConfUtils.java:logGet(44)) - raft.server.log.write.buffer.size = 1048576 (custom)
2020-07-27 09:55:41,085 [pool-207-thread-1] INFO  server.RaftServerConfigKeys (ConfUtils.java:logGet(44)) - raft.server.log.force.sync.num = 128 (default)
2020-07-27 09:55:41,085 [pool-207-thread-1] INFO  server.RaftServerConfigKeys (ConfUtils.java:logGet(44)) - raft.server.log.statemachine.data.sync = true (default)
2020-07-27 09:55:41,085 [pool-207-thread-1] INFO  server.RaftServerConfigKeys (ConfUtils.java:logGet(44)) - raft.server.log.statemachine.data.sync.timeout = 10s (default)
2020-07-27 09:55:41,085 [pool-207-thread-1] INFO  server.RaftServerConfigKeys (ConfUtils.java:logGet(44)) - raft.server.log.statemachine.data.sync.timeout.retry = -1 (default)
2020-07-27 09:55:41,086 [pool-207-thread-1] INFO  server.RaftServerConfigKeys (ConfUtils.java:logGet(44)) - raft.server.log.statemachine.data.caching.enabled = true (custom)
2020-07-27 09:55:41,087 [pool-207-thread-1] INFO  segmented.SegmentedRaftLogWorker (SegmentedRaftLogWorker.java:lambda$new$0(129)) - 1abd5772-62cd-4705-9996-234721943c22@group-E1B7EA2D6FC7-SegmentedRaftLogWorker: flushIndex: setUnconditionally 0 -> -1
2020-07-27 09:55:41,087 [pool-207-thread-1] INFO  segmented.SegmentedRaftLogWorker (SegmentedRaftLogWorker.java:lambda$new$0(129)) - 1abd5772-62cd-4705-9996-234721943c22@group-E1B7EA2D6FC7-SegmentedRaftLogWorker: safeCacheEvictIndex: setUnconditionally 0 -> -1
2020-07-27 09:55:41,088 [pool-207-thread-1] INFO  server.RaftServerConfigKeys (ConfUtils.java:logGet(44)) - raft.server.snapshot.auto.trigger.enabled = true (custom)
2020-07-27 09:55:41,088 [pool-207-thread-1] INFO  server.RaftServerConfigKeys (ConfUtils.java:logGet(44)) - raft.server.snapshot.auto.trigger.threshold = 10000 (custom)
2020-07-27 09:55:41,088 [pool-207-thread-1] INFO  server.RaftServerConfigKeys (ConfUtils.java:logGet(44)) - raft.server.snapshot.retention.file.num = 5 (custom)
2020-07-27 09:55:41,088 [pool-207-thread-1] INFO  server.RaftServerConfigKeys (ConfUtils.java:logGet(44)) - raft.server.log.purge.upto.snapshot.index = false (default)
2020-07-27 09:55:41,088 [pool-207-thread-1] INFO  server.RaftServerConfigKeys (ConfUtils.java:logGet(44)) - raft.server.retrycache.expirytime = 600000ms (custom)
2020-07-27 09:55:41,088 [pool-207-thread-1] INFO  metrics.RatisMetrics (RatisMetrics.java:lambda$create$0(36)) - Creating Metrics Registry : ratis.leader_election.1abd5772-62cd-4705-9996-234721943c22@group-E1B7EA2D6FC7
2020-07-27 09:55:41,089 [pool-207-thread-1] INFO  metrics.RatisMetrics (RatisMetrics.java:lambda$create$0(36)) - Creating Metrics Registry : ratis.server.1abd5772-62cd-4705-9996-234721943c22@group-E1B7EA2D6FC7
2020-07-27 09:55:41,089 [pool-207-thread-1] INFO  impl.RaftServerImpl (RaftServerImpl.java:start(196)) - 1abd5772-62cd-4705-9996-234721943c22@group-E1B7EA2D6FC7: start as a follower, conf=-1: [1abd5772-62cd-4705-9996-234721943c22:172.17.0.2:42565], old=null
2020-07-27 09:55:41,090 [pool-207-thread-1] INFO  impl.RaftServerImpl (RaftServerImpl.java:setRole(185)) - 1abd5772-62cd-4705-9996-234721943c22@group-E1B7EA2D6FC7: changes role from      null to FOLLOWER at term 0 for startAsFollower
2020-07-27 09:55:41,090 [pool-207-thread-1] INFO  impl.RoleInfo (RoleInfo.java:updateAndGet(143)) - 1abd5772-62cd-4705-9996-234721943c22: start FollowerState
2020-07-27 09:55:41,090 [pool-207-thread-1] INFO  util.JmxRegister (JmxRegister.java:tryRegister(44)) - Successfully registered JMX Bean with object name Ratis:service=RaftServer,group=group-E1B7EA2D6FC7,id=1abd5772-62cd-4705-9996-234721943c22
2020-07-27 09:55:41,090 [pool-207-thread-1] INFO  metrics.RatisMetrics (RatisMetrics.java:lambda$create$0(36)) - Creating Metrics Registry : ratis.state_machine.1abd5772-62cd-4705-9996-234721943c22@group-E1B7EA2D6FC7
2020-07-27 09:55:41,091 [Command processor thread] INFO  commandhandler.CreatePipelineCommandHandler (CreatePipelineCommandHandler.java:handle(110)) - Created Pipeline RATIS ONE #id: "dda27dc5-9d1b-46ba-92cc-e1b7ea2d6fc7"
uuid128 {
  mostSigBits: -2476278557402511686
  leastSigBits: -7868666268898988089
}
.
2020-07-27 09:55:41,091 [Command processor thread] INFO  impl.RaftServerProxy (RaftServerProxy.java:addNew(89)) - 1abd5772-62cd-4705-9996-234721943c22: addNew group-433FFA6DA013:[6149466c-0ff2-4d16-87a0-4777c761ad23:172.17.0.2:43501, c5cd7f8e-e419-427c-8535-fd2c10c6404c:172.17.0.2:44385, 1abd5772-62cd-4705-9996-234721943c22:172.17.0.2:42565] returns group-433FFA6DA013:java.util.concurrent.CompletableFuture@3878d009[Not completed]
2020-07-27 09:55:41,092 [pool-207-thread-1] INFO  impl.RaftServerImpl (RaftServerImpl.java:<init>(107)) - 1abd5772-62cd-4705-9996-234721943c22: new RaftServerImpl for group-433FFA6DA013:[6149466c-0ff2-4d16-87a0-4777c761ad23:172.17.0.2:43501, c5cd7f8e-e419-427c-8535-fd2c10c6404c:172.17.0.2:44385, 1abd5772-62cd-4705-9996-234721943c22:172.17.0.2:42565] with ContainerStateMachine:uninitialized
2020-07-27 09:55:41,092 [pool-207-thread-1] INFO  server.RaftServerConfigKeys (ConfUtils.java:logGet(44)) - raft.server.rpc.timeout.min = 5s (custom)
2020-07-27 09:55:41,092 [pool-207-thread-1] INFO  server.RaftServerConfigKeys (ConfUtils.java:logGet(44)) - raft.server.rpc.timeout.max = 5200ms (custom)
2020-07-27 09:55:41,092 [pool-207-thread-1] INFO  server.RaftServerConfigKeys (ConfUtils.java:logGet(44)) - raft.server.rpcslowness.timeout = 300s (custom)
2020-07-27 09:55:41,092 [pool-207-thread-1] INFO  server.RaftServerConfigKeys (ConfUtils.java:logGet(44)) - raft.server.sleep.deviation.threshold = 300 (default)
2020-07-27 09:55:41,092 [pool-207-thread-1] INFO  server.RaftServerConfigKeys (ConfUtils.java:logGet(44)) - raft.server.log.appender.install.snapshot.enabled = false (custom)
2020-07-27 09:55:41,092 [pool-207-thread-1] INFO  impl.RaftServerImpl (ServerState.java:<init>(103)) - 1abd5772-62cd-4705-9996-234721943c22@group-433FFA6DA013: ConfigurationManager, init=-1: [6149466c-0ff2-4d16-87a0-4777c761ad23:172.17.0.2:43501, c5cd7f8e-e419-427c-8535-fd2c10c6404c:172.17.0.2:44385, 1abd5772-62cd-4705-9996-234721943c22:172.17.0.2:42565], old=null, confs=<EMPTY_MAP>
2020-07-27 09:55:41,092 [pool-207-thread-1] INFO  server.RaftServerConfigKeys (ConfUtils.java:logGet(44)) - raft.server.storage.dir = [/github/workspace/mnt/ozone/hadoop-ozone/integration-test/target/test-dir/MiniOzoneClusterImpl-6f095167-e36a-40e2-aefd-0fa47c7d82e2/datanode-3/data/ratis] (custom)
2020-07-27 09:55:41,092 [pool-207-thread-1] INFO  server.RaftServerConfigKeys (ConfUtils.java:logGet(44)) - raft.server.log.corruption.policy = EXCEPTION (default)
2020-07-27 09:55:41,092 [pool-207-thread-1] INFO  storage.RaftStorageDirectory (RaftStorageDirectory.java:analyzeStorage(261)) - The storage directory /github/workspace/mnt/ozone/hadoop-ozone/integration-test/target/test-dir/MiniOzoneClusterImpl-6f095167-e36a-40e2-aefd-0fa47c7d82e2/datanode-3/data/ratis/211d2911-d149-470c-93b5-433ffa6da013 does not exist. Creating ...
2020-07-27 09:55:41,094 [pool-207-thread-1] INFO  storage.RaftStorageDirectory (RaftStorageDirectory.java:tryLock(343)) - Lock on /github/workspace/mnt/ozone/hadoop-ozone/integration-test/target/test-dir/MiniOzoneClusterImpl-6f095167-e36a-40e2-aefd-0fa47c7d82e2/datanode-3/data/ratis/211d2911-d149-470c-93b5-433ffa6da013/in_use.lock acquired by nodename 9503@5b2e5051647c
2020-07-27 09:55:41,095 [pool-207-thread-1] INFO  storage.RaftStorage (RaftStorage.java:format(84)) - Storage directory /github/workspace/mnt/ozone/hadoop-ozone/integration-test/target/test-dir/MiniOzoneClusterImpl-6f095167-e36a-40e2-aefd-0fa47c7d82e2/datanode-3/data/ratis/211d2911-d149-470c-93b5-433ffa6da013 has been successfully formatted.
2020-07-27 09:55:41,095 [pool-207-thread-1] INFO  ratis.ContainerStateMachine (ContainerStateMachine.java:loadSnapshot(225)) - group-433FFA6DA013: The snapshot info is null. Setting the last applied indexto:(t:0, i:~)
2020-07-27 09:55:41,095 [pool-207-thread-1] INFO  server.RaftServerConfigKeys (ConfUtils.java:logGet(44)) - raft.server.notification.no-leader.timeout = 300s (custom)
2020-07-27 09:55:41,095 [pool-207-thread-1] INFO  server.RaftServerConfigKeys (ConfUtils.java:logGet(44)) - raft.server.log.use.memory = false (default)
2020-07-27 09:55:41,096 [pool-207-thread-1] INFO  server.RaftServerConfigKeys (ConfUtils.java:logGet(44)) - raft.server.log.purge.gap = 1000000 (custom)
2020-07-27 09:55:41,096 [pool-207-thread-1] INFO  metrics.RatisMetrics (RatisMetrics.java:lambda$create$0(36)) - Creating Metrics Registry : ratis.log_worker.1abd5772-62cd-4705-9996-234721943c22@group-433FFA6DA013
2020-07-27 09:55:41,096 [pool-207-thread-1] INFO  server.RaftServerConfigKeys (ConfUtils.java:logGet(44)) - raft.server.log.appender.buffer.byte-limit = 33554432 (custom)
2020-07-27 09:55:41,096 [pool-207-thread-1] INFO  server.RaftServerConfigKeys (ConfUtils.java:logGet(44)) - raft.server.log.segment.size.max = 1048576 (custom)
2020-07-27 09:55:41,096 [pool-207-thread-1] INFO  server.RaftServerConfigKeys (ConfUtils.java:logGet(44)) - raft.server.log.segment.cache.num.max = 2 (custom)
2020-07-27 09:55:41,096 [pool-207-thread-1] INFO  segmented.SegmentedRaftLogWorker (SegmentedRaftLogWorker.java:<init>(180)) - new 1abd5772-62cd-4705-9996-234721943c22@group-433FFA6DA013-SegmentedRaftLogWorker for RaftStorage:Storage Directory /github/workspace/mnt/ozone/hadoop-ozone/integration-test/target/test-dir/MiniOzoneClusterImpl-6f095167-e36a-40e2-aefd-0fa47c7d82e2/datanode-3/data/ratis/211d2911-d149-470c-93b5-433ffa6da013
2020-07-27 09:55:41,096 [pool-207-thread-1] INFO  server.RaftServerConfigKeys (ConfUtils.java:logGet(44)) - raft.server.log.queue.byte-limit = 2147483647 (custom)
2020-07-27 09:55:41,097 [pool-207-thread-1] INFO  server.RaftServerConfigKeys (ConfUtils.java:logGet(44)) - raft.server.log.queue.element-limit = 1024 (custom)
2020-07-27 09:55:41,097 [pool-207-thread-1] INFO  server.RaftServerConfigKeys (ConfUtils.java:logGet(44)) - raft.server.log.segment.size.max = 1048576 (custom)
2020-07-27 09:55:41,097 [pool-207-thread-1] INFO  server.RaftServerConfigKeys (ConfUtils.java:logGet(44)) - raft.server.log.preallocated.size = 16384 (custom)
2020-07-27 09:55:41,097 [pool-207-thread-1] INFO  server.RaftServerConfigKeys (ConfUtils.java:logGet(44)) - raft.server.log.write.buffer.size = 1048576 (custom)
2020-07-27 09:55:41,097 [pool-207-thread-1] INFO  server.RaftServerConfigKeys (ConfUtils.java:logGet(44)) - raft.server.log.force.sync.num = 128 (default)
2020-07-27 09:55:41,097 [pool-207-thread-1] INFO  server.RaftServerConfigKeys (ConfUtils.java:logGet(44)) - raft.server.log.statemachine.data.sync = true (default)
2020-07-27 09:55:41,097 [pool-207-thread-1] INFO  server.RaftServerConfigKeys (ConfUtils.java:logGet(44)) - raft.server.log.statemachine.data.sync.timeout = 10s (default)
2020-07-27 09:55:41,097 [pool-207-thread-1] INFO  server.RaftServerConfigKeys (ConfUtils.java:logGet(44)) - raft.server.log.statemachine.data.sync.timeout.retry = -1 (default)
2020-07-27 09:55:41,099 [pool-207-thread-1] INFO  server.RaftServerConfigKeys (ConfUtils.java:logGet(44)) - raft.server.log.statemachine.data.caching.enabled = true (custom)
2020-07-27 09:55:41,099 [pool-207-thread-1] INFO  segmented.SegmentedRaftLogWorker (SegmentedRaftLogWorker.java:lambda$new$0(129)) - 1abd5772-62cd-4705-9996-234721943c22@group-433FFA6DA013-SegmentedRaftLogWorker: flushIndex: setUnconditionally 0 -> -1
2020-07-27 09:55:41,099 [pool-207-thread-1] INFO  segmented.SegmentedRaftLogWorker (SegmentedRaftLogWorker.java:lambda$new$0(129)) - 1abd5772-62cd-4705-9996-234721943c22@group-433FFA6DA013-SegmentedRaftLogWorker: safeCacheEvictIndex: setUnconditionally 0 -> -1
2020-07-27 09:55:41,102 [pool-207-thread-1] INFO  server.RaftServerConfigKeys (ConfUtils.java:logGet(44)) - raft.server.snapshot.auto.trigger.enabled = true (custom)
2020-07-27 09:55:41,102 [pool-207-thread-1] INFO  server.RaftServerConfigKeys (ConfUtils.java:logGet(44)) - raft.server.snapshot.auto.trigger.threshold = 10000 (custom)
2020-07-27 09:55:41,102 [pool-207-thread-1] INFO  server.RaftServerConfigKeys (ConfUtils.java:logGet(44)) - raft.server.snapshot.retention.file.num = 5 (custom)
2020-07-27 09:55:41,102 [pool-207-thread-1] INFO  server.RaftServerConfigKeys (ConfUtils.java:logGet(44)) - raft.server.log.purge.upto.snapshot.index = false (default)
2020-07-27 09:55:41,102 [pool-207-thread-1] INFO  server.RaftServerConfigKeys (ConfUtils.java:logGet(44)) - raft.server.retrycache.expirytime = 600000ms (custom)
2020-07-27 09:55:41,102 [pool-207-thread-1] INFO  metrics.RatisMetrics (RatisMetrics.java:lambda$create$0(36)) - Creating Metrics Registry : ratis.leader_election.1abd5772-62cd-4705-9996-234721943c22@group-433FFA6DA013
2020-07-27 09:55:41,103 [pool-207-thread-1] INFO  metrics.RatisMetrics (RatisMetrics.java:lambda$create$0(36)) - Creating Metrics Registry : ratis.server.1abd5772-62cd-4705-9996-234721943c22@group-433FFA6DA013
2020-07-27 09:55:41,103 [pool-207-thread-1] INFO  impl.RaftServerImpl (RaftServerImpl.java:start(196)) - 1abd5772-62cd-4705-9996-234721943c22@group-433FFA6DA013: start as a follower, conf=-1: [6149466c-0ff2-4d16-87a0-4777c761ad23:172.17.0.2:43501, c5cd7f8e-e419-427c-8535-fd2c10c6404c:172.17.0.2:44385, 1abd5772-62cd-4705-9996-234721943c22:172.17.0.2:42565], old=null
2020-07-27 09:55:41,104 [pool-207-thread-1] INFO  impl.RaftServerImpl (RaftServerImpl.java:setRole(185)) - 1abd5772-62cd-4705-9996-234721943c22@group-433FFA6DA013: changes role from      null to FOLLOWER at term 0 for startAsFollower
2020-07-27 09:55:41,104 [pool-207-thread-1] INFO  impl.RoleInfo (RoleInfo.java:updateAndGet(143)) - 1abd5772-62cd-4705-9996-234721943c22: start FollowerState
2020-07-27 09:55:41,104 [pool-207-thread-1] INFO  util.JmxRegister (JmxRegister.java:tryRegister(44)) - Successfully registered JMX Bean with object name Ratis:service=RaftServer,group=group-433FFA6DA013,id=1abd5772-62cd-4705-9996-234721943c22
2020-07-27 09:55:41,104 [pool-207-thread-1] INFO  metrics.RatisMetrics (RatisMetrics.java:lambda$create$0(36)) - Creating Metrics Registry : ratis.state_machine.1abd5772-62cd-4705-9996-234721943c22@group-433FFA6DA013
2020-07-27 09:55:41,116 [grpc-default-executor-0] INFO  impl.RaftServerProxy (RaftServerProxy.java:addNew(89)) - 6149466c-0ff2-4d16-87a0-4777c761ad23: addNew group-433FFA6DA013:[6149466c-0ff2-4d16-87a0-4777c761ad23:172.17.0.2:43501, c5cd7f8e-e419-427c-8535-fd2c10c6404c:172.17.0.2:44385, 1abd5772-62cd-4705-9996-234721943c22:172.17.0.2:42565] returns group-433FFA6DA013:java.util.concurrent.CompletableFuture@582225dc[Not completed]
2020-07-27 09:55:41,119 [pool-222-thread-1] INFO  impl.RaftServerImpl (RaftServerImpl.java:<init>(107)) - 6149466c-0ff2-4d16-87a0-4777c761ad23: new RaftServerImpl for group-433FFA6DA013:[6149466c-0ff2-4d16-87a0-4777c761ad23:172.17.0.2:43501, c5cd7f8e-e419-427c-8535-fd2c10c6404c:172.17.0.2:44385, 1abd5772-62cd-4705-9996-234721943c22:172.17.0.2:42565] with ContainerStateMachine:uninitialized
2020-07-27 09:55:41,122 [pool-222-thread-1] INFO  server.RaftServerConfigKeys (ConfUtils.java:logGet(44)) - raft.server.rpc.timeout.min = 5s (custom)
2020-07-27 09:55:41,122 [pool-222-thread-1] INFO  server.RaftServerConfigKeys (ConfUtils.java:logGet(44)) - raft.server.rpc.timeout.max = 5200ms (custom)
2020-07-27 09:55:41,122 [pool-222-thread-1] INFO  server.RaftServerConfigKeys (ConfUtils.java:logGet(44)) - raft.server.rpcslowness.timeout = 300s (custom)
2020-07-27 09:55:41,122 [pool-222-thread-1] INFO  server.RaftServerConfigKeys (ConfUtils.java:logGet(44)) - raft.server.sleep.deviation.threshold = 300 (default)
2020-07-27 09:55:41,122 [pool-222-thread-1] INFO  server.RaftServerConfigKeys (ConfUtils.java:logGet(44)) - raft.server.log.appender.install.snapshot.enabled = false (custom)
2020-07-27 09:55:41,122 [pool-222-thread-1] INFO  impl.RaftServerImpl (ServerState.java:<init>(103)) - 6149466c-0ff2-4d16-87a0-4777c761ad23@group-433FFA6DA013: ConfigurationManager, init=-1: [6149466c-0ff2-4d16-87a0-4777c761ad23:172.17.0.2:43501, c5cd7f8e-e419-427c-8535-fd2c10c6404c:172.17.0.2:44385, 1abd5772-62cd-4705-9996-234721943c22:172.17.0.2:42565], old=null, confs=<EMPTY_MAP>
2020-07-27 09:55:41,122 [pool-222-thread-1] INFO  server.RaftServerConfigKeys (ConfUtils.java:logGet(44)) - raft.server.storage.dir = [/github/workspace/mnt/ozone/hadoop-ozone/integration-test/target/test-dir/MiniOzoneClusterImpl-6f095167-e36a-40e2-aefd-0fa47c7d82e2/datanode-4/data/ratis] (custom)
2020-07-27 09:55:41,122 [pool-222-thread-1] INFO  server.RaftServerConfigKeys (ConfUtils.java:logGet(44)) - raft.server.log.corruption.policy = EXCEPTION (default)
2020-07-27 09:55:41,122 [pool-222-thread-1] INFO  storage.RaftStorageDirectory (RaftStorageDirectory.java:analyzeStorage(261)) - The storage directory /github/workspace/mnt/ozone/hadoop-ozone/integration-test/target/test-dir/MiniOzoneClusterImpl-6f095167-e36a-40e2-aefd-0fa47c7d82e2/datanode-4/data/ratis/211d2911-d149-470c-93b5-433ffa6da013 does not exist. Creating ...
2020-07-27 09:55:41,124 [pool-222-thread-1] INFO  storage.RaftStorageDirectory (RaftStorageDirectory.java:tryLock(343)) - Lock on /github/workspace/mnt/ozone/hadoop-ozone/integration-test/target/test-dir/MiniOzoneClusterImpl-6f095167-e36a-40e2-aefd-0fa47c7d82e2/datanode-4/data/ratis/211d2911-d149-470c-93b5-433ffa6da013/in_use.lock acquired by nodename 9503@5b2e5051647c
2020-07-27 09:55:41,124 [pool-222-thread-1] INFO  storage.RaftStorage (RaftStorage.java:format(84)) - Storage directory /github/workspace/mnt/ozone/hadoop-ozone/integration-test/target/test-dir/MiniOzoneClusterImpl-6f095167-e36a-40e2-aefd-0fa47c7d82e2/datanode-4/data/ratis/211d2911-d149-470c-93b5-433ffa6da013 has been successfully formatted.
2020-07-27 09:55:41,125 [pool-222-thread-1] INFO  ratis.ContainerStateMachine (ContainerStateMachine.java:loadSnapshot(225)) - group-433FFA6DA013: The snapshot info is null. Setting the last applied indexto:(t:0, i:~)
2020-07-27 09:55:41,126 [pool-222-thread-1] INFO  server.RaftServerConfigKeys (ConfUtils.java:logGet(44)) - raft.server.notification.no-leader.timeout = 300s (custom)
2020-07-27 09:55:41,126 [pool-222-thread-1] INFO  server.RaftServerConfigKeys (ConfUtils.java:logGet(44)) - raft.server.log.use.memory = false (default)
2020-07-27 09:55:41,126 [pool-222-thread-1] INFO  server.RaftServerConfigKeys (ConfUtils.java:logGet(44)) - raft.server.log.purge.gap = 1000000 (custom)
2020-07-27 09:55:41,126 [pool-222-thread-1] INFO  metrics.RatisMetrics (RatisMetrics.java:lambda$create$0(36)) - Creating Metrics Registry : ratis.log_worker.6149466c-0ff2-4d16-87a0-4777c761ad23@group-433FFA6DA013
2020-07-27 09:55:41,126 [pool-222-thread-1] INFO  server.RaftServerConfigKeys (ConfUtils.java:logGet(44)) - raft.server.log.appender.buffer.byte-limit = 33554432 (custom)
2020-07-27 09:55:41,126 [pool-222-thread-1] INFO  server.RaftServerConfigKeys (ConfUtils.java:logGet(44)) - raft.server.log.segment.size.max = 1048576 (custom)
2020-07-27 09:55:41,127 [pool-222-thread-1] INFO  server.RaftServerConfigKeys (ConfUtils.java:logGet(44)) - raft.server.log.segment.cache.num.max = 2 (custom)
2020-07-27 09:55:41,127 [pool-222-thread-1] INFO  segmented.SegmentedRaftLogWorker (SegmentedRaftLogWorker.java:<init>(180)) - new 6149466c-0ff2-4d16-87a0-4777c761ad23@group-433FFA6DA013-SegmentedRaftLogWorker for RaftStorage:Storage Directory /github/workspace/mnt/ozone/hadoop-ozone/integration-test/target/test-dir/MiniOzoneClusterImpl-6f095167-e36a-40e2-aefd-0fa47c7d82e2/datanode-4/data/ratis/211d2911-d149-470c-93b5-433ffa6da013
2020-07-27 09:55:41,127 [pool-222-thread-1] INFO  server.RaftServerConfigKeys (ConfUtils.java:logGet(44)) - raft.server.log.queue.byte-limit = 2147483647 (custom)
2020-07-27 09:55:41,127 [pool-222-thread-1] INFO  server.RaftServerConfigKeys (ConfUtils.java:logGet(44)) - raft.server.log.queue.element-limit = 1024 (custom)
2020-07-27 09:55:41,127 [pool-222-thread-1] INFO  server.RaftServerConfigKeys (ConfUtils.java:logGet(44)) - raft.server.log.segment.size.max = 1048576 (custom)
2020-07-27 09:55:41,127 [pool-222-thread-1] INFO  server.RaftServerConfigKeys (ConfUtils.java:logGet(44)) - raft.server.log.preallocated.size = 16384 (custom)
2020-07-27 09:55:41,127 [pool-222-thread-1] INFO  server.RaftServerConfigKeys (ConfUtils.java:logGet(44)) - raft.server.log.write.buffer.size = 1048576 (custom)
2020-07-27 09:55:41,127 [pool-222-thread-1] INFO  server.RaftServerConfigKeys (ConfUtils.java:logGet(44)) - raft.server.log.force.sync.num = 128 (default)
2020-07-27 09:55:41,127 [pool-222-thread-1] INFO  server.RaftServerConfigKeys (ConfUtils.java:logGet(44)) - raft.server.log.statemachine.data.sync = true (default)
2020-07-27 09:55:41,127 [pool-222-thread-1] INFO  server.RaftServerConfigKeys (ConfUtils.java:logGet(44)) - raft.server.log.statemachine.data.sync.timeout = 10s (default)
2020-07-27 09:55:41,128 [pool-222-thread-1] INFO  server.RaftServerConfigKeys (ConfUtils.java:logGet(44)) - raft.server.log.statemachine.data.sync.timeout.retry = -1 (default)
2020-07-27 09:55:41,129 [pool-222-thread-1] INFO  server.RaftServerConfigKeys (ConfUtils.java:logGet(44)) - raft.server.log.statemachine.data.caching.enabled = true (custom)
2020-07-27 09:55:41,129 [pool-222-thread-1] INFO  segmented.SegmentedRaftLogWorker (SegmentedRaftLogWorker.java:lambda$new$0(129)) - 6149466c-0ff2-4d16-87a0-4777c761ad23@group-433FFA6DA013-SegmentedRaftLogWorker: flushIndex: setUnconditionally 0 -> -1
2020-07-27 09:55:41,129 [pool-222-thread-1] INFO  segmented.SegmentedRaftLogWorker (SegmentedRaftLogWorker.java:lambda$new$0(129)) - 6149466c-0ff2-4d16-87a0-4777c761ad23@group-433FFA6DA013-SegmentedRaftLogWorker: safeCacheEvictIndex: setUnconditionally 0 -> -1
2020-07-27 09:55:41,129 [pool-222-thread-1] INFO  server.RaftServerConfigKeys (ConfUtils.java:logGet(44)) - raft.server.snapshot.auto.trigger.enabled = true (custom)
2020-07-27 09:55:41,130 [pool-222-thread-1] INFO  server.RaftServerConfigKeys (ConfUtils.java:logGet(44)) - raft.server.snapshot.auto.trigger.threshold = 10000 (custom)
2020-07-27 09:55:41,130 [pool-222-thread-1] INFO  server.RaftServerConfigKeys (ConfUtils.java:logGet(44)) - raft.server.snapshot.retention.file.num = 5 (custom)
2020-07-27 09:55:41,130 [pool-222-thread-1] INFO  server.RaftServerConfigKeys (ConfUtils.java:logGet(44)) - raft.server.log.purge.upto.snapshot.index = false (default)
2020-07-27 09:55:41,130 [pool-222-thread-1] INFO  server.RaftServerConfigKeys (ConfUtils.java:logGet(44)) - raft.server.retrycache.expirytime = 600000ms (custom)
2020-07-27 09:55:41,130 [pool-222-thread-1] INFO  metrics.RatisMetrics (RatisMetrics.java:lambda$create$0(36)) - Creating Metrics Registry : ratis.leader_election.6149466c-0ff2-4d16-87a0-4777c761ad23@group-433FFA6DA013
2020-07-27 09:55:41,130 [pool-222-thread-1] INFO  metrics.RatisMetrics (RatisMetrics.java:lambda$create$0(36)) - Creating Metrics Registry : ratis.server.6149466c-0ff2-4d16-87a0-4777c761ad23@group-433FFA6DA013
2020-07-27 09:55:41,131 [pool-222-thread-1] INFO  impl.RaftServerImpl (RaftServerImpl.java:start(196)) - 6149466c-0ff2-4d16-87a0-4777c761ad23@group-433FFA6DA013: start as a follower, conf=-1: [6149466c-0ff2-4d16-87a0-4777c761ad23:172.17.0.2:43501, c5cd7f8e-e419-427c-8535-fd2c10c6404c:172.17.0.2:44385, 1abd5772-62cd-4705-9996-234721943c22:172.17.0.2:42565], old=null
2020-07-27 09:55:41,131 [pool-222-thread-1] INFO  impl.RaftServerImpl (RaftServerImpl.java:setRole(185)) - 6149466c-0ff2-4d16-87a0-4777c761ad23@group-433FFA6DA013: changes role from      null to FOLLOWER at term 0 for startAsFollower
2020-07-27 09:55:41,131 [pool-222-thread-1] INFO  impl.RoleInfo (RoleInfo.java:updateAndGet(143)) - 6149466c-0ff2-4d16-87a0-4777c761ad23: start FollowerState
2020-07-27 09:55:41,131 [pool-222-thread-1] INFO  util.JmxRegister (JmxRegister.java:tryRegister(44)) - Successfully registered JMX Bean with object name Ratis:service=RaftServer,group=group-433FFA6DA013,id=6149466c-0ff2-4d16-87a0-4777c761ad23
2020-07-27 09:55:41,131 [pool-222-thread-1] INFO  metrics.RatisMetrics (RatisMetrics.java:lambda$create$0(36)) - Creating Metrics Registry : ratis.state_machine.6149466c-0ff2-4d16-87a0-4777c761ad23@group-433FFA6DA013
2020-07-27 09:55:41,145 [grpc-default-executor-0] INFO  impl.RaftServerProxy (RaftServerProxy.java:addNew(89)) - c5cd7f8e-e419-427c-8535-fd2c10c6404c: addNew group-433FFA6DA013:[6149466c-0ff2-4d16-87a0-4777c761ad23:172.17.0.2:43501, c5cd7f8e-e419-427c-8535-fd2c10c6404c:172.17.0.2:44385, 1abd5772-62cd-4705-9996-234721943c22:172.17.0.2:42565] returns group-433FFA6DA013:java.util.concurrent.CompletableFuture@c1aed0d[Not completed]
2020-07-27 09:55:41,147 [pool-237-thread-1] INFO  impl.RaftServerImpl (RaftServerImpl.java:<init>(107)) - c5cd7f8e-e419-427c-8535-fd2c10c6404c: new RaftServerImpl for group-433FFA6DA013:[6149466c-0ff2-4d16-87a0-4777c761ad23:172.17.0.2:43501, c5cd7f8e-e419-427c-8535-fd2c10c6404c:172.17.0.2:44385, 1abd5772-62cd-4705-9996-234721943c22:172.17.0.2:42565] with ContainerStateMachine:uninitialized
2020-07-27 09:55:41,148 [pool-237-thread-1] INFO  server.RaftServerConfigKeys (ConfUtils.java:logGet(44)) - raft.server.rpc.timeout.min = 5s (custom)
2020-07-27 09:55:41,148 [pool-237-thread-1] INFO  server.RaftServerConfigKeys (ConfUtils.java:logGet(44)) - raft.server.rpc.timeout.max = 5200ms (custom)
2020-07-27 09:55:41,148 [pool-237-thread-1] INFO  server.RaftServerConfigKeys (ConfUtils.java:logGet(44)) - raft.server.rpcslowness.timeout = 300s (custom)
2020-07-27 09:55:41,148 [pool-237-thread-1] INFO  server.RaftServerConfigKeys (ConfUtils.java:logGet(44)) - raft.server.sleep.deviation.threshold = 300 (default)
2020-07-27 09:55:41,148 [pool-237-thread-1] INFO  server.RaftServerConfigKeys (ConfUtils.java:logGet(44)) - raft.server.log.appender.install.snapshot.enabled = false (custom)
2020-07-27 09:55:41,148 [pool-237-thread-1] INFO  impl.RaftServerImpl (ServerState.java:<init>(103)) - c5cd7f8e-e419-427c-8535-fd2c10c6404c@group-433FFA6DA013: ConfigurationManager, init=-1: [6149466c-0ff2-4d16-87a0-4777c761ad23:172.17.0.2:43501, c5cd7f8e-e419-427c-8535-fd2c10c6404c:172.17.0.2:44385, 1abd5772-62cd-4705-9996-234721943c22:172.17.0.2:42565], old=null, confs=<EMPTY_MAP>
2020-07-27 09:55:41,148 [pool-237-thread-1] INFO  server.RaftServerConfigKeys (ConfUtils.java:logGet(44)) - raft.server.storage.dir = [/github/workspace/mnt/ozone/hadoop-ozone/integration-test/target/test-dir/MiniOzoneClusterImpl-6f095167-e36a-40e2-aefd-0fa47c7d82e2/datanode-5/data/ratis] (custom)
2020-07-27 09:55:41,149 [pool-237-thread-1] INFO  server.RaftServerConfigKeys (ConfUtils.java:logGet(44)) - raft.server.log.corruption.policy = EXCEPTION (default)
2020-07-27 09:55:41,149 [pool-237-thread-1] INFO  storage.RaftStorageDirectory (RaftStorageDirectory.java:analyzeStorage(261)) - The storage directory /github/workspace/mnt/ozone/hadoop-ozone/integration-test/target/test-dir/MiniOzoneClusterImpl-6f095167-e36a-40e2-aefd-0fa47c7d82e2/datanode-5/data/ratis/211d2911-d149-470c-93b5-433ffa6da013 does not exist. Creating ...
2020-07-27 09:55:41,150 [pool-237-thread-1] INFO  storage.RaftStorageDirectory (RaftStorageDirectory.java:tryLock(343)) - Lock on /github/workspace/mnt/ozone/hadoop-ozone/integration-test/target/test-dir/MiniOzoneClusterImpl-6f095167-e36a-40e2-aefd-0fa47c7d82e2/datanode-5/data/ratis/211d2911-d149-470c-93b5-433ffa6da013/in_use.lock acquired by nodename 9503@5b2e5051647c
2020-07-27 09:55:41,151 [pool-237-thread-1] INFO  storage.RaftStorage (RaftStorage.java:format(84)) - Storage directory /github/workspace/mnt/ozone/hadoop-ozone/integration-test/target/test-dir/MiniOzoneClusterImpl-6f095167-e36a-40e2-aefd-0fa47c7d82e2/datanode-5/data/ratis/211d2911-d149-470c-93b5-433ffa6da013 has been successfully formatted.
2020-07-27 09:55:41,152 [pool-237-thread-1] INFO  ratis.ContainerStateMachine (ContainerStateMachine.java:loadSnapshot(225)) - group-433FFA6DA013: The snapshot info is null. Setting the last applied indexto:(t:0, i:~)
2020-07-27 09:55:41,153 [pool-237-thread-1] INFO  server.RaftServerConfigKeys (ConfUtils.java:logGet(44)) - raft.server.notification.no-leader.timeout = 300s (custom)
2020-07-27 09:55:41,153 [pool-237-thread-1] INFO  server.RaftServerConfigKeys (ConfUtils.java:logGet(44)) - raft.server.log.use.memory = false (default)
2020-07-27 09:55:41,153 [pool-237-thread-1] INFO  server.RaftServerConfigKeys (ConfUtils.java:logGet(44)) - raft.server.log.purge.gap = 1000000 (custom)
2020-07-27 09:55:41,153 [pool-237-thread-1] INFO  metrics.RatisMetrics (RatisMetrics.java:lambda$create$0(36)) - Creating Metrics Registry : ratis.log_worker.c5cd7f8e-e419-427c-8535-fd2c10c6404c@group-433FFA6DA013
2020-07-27 09:55:41,155 [pool-237-thread-1] INFO  server.RaftServerConfigKeys (ConfUtils.java:logGet(44)) - raft.server.log.appender.buffer.byte-limit = 33554432 (custom)
2020-07-27 09:55:41,155 [pool-237-thread-1] INFO  server.RaftServerConfigKeys (ConfUtils.java:logGet(44)) - raft.server.log.segment.size.max = 1048576 (custom)
2020-07-27 09:55:41,155 [pool-237-thread-1] INFO  server.RaftServerConfigKeys (ConfUtils.java:logGet(44)) - raft.server.log.segment.cache.num.max = 2 (custom)
2020-07-27 09:55:41,155 [pool-237-thread-1] INFO  segmented.SegmentedRaftLogWorker (SegmentedRaftLogWorker.java:<init>(180)) - new c5cd7f8e-e419-427c-8535-fd2c10c6404c@group-433FFA6DA013-SegmentedRaftLogWorker for RaftStorage:Storage Directory /github/workspace/mnt/ozone/hadoop-ozone/integration-test/target/test-dir/MiniOzoneClusterImpl-6f095167-e36a-40e2-aefd-0fa47c7d82e2/datanode-5/data/ratis/211d2911-d149-470c-93b5-433ffa6da013
2020-07-27 09:55:41,158 [pool-237-thread-1] INFO  server.RaftServerConfigKeys (ConfUtils.java:logGet(44)) - raft.server.log.queue.byte-limit = 2147483647 (custom)
2020-07-27 09:55:41,158 [pool-237-thread-1] INFO  server.RaftServerConfigKeys (ConfUtils.java:logGet(44)) - raft.server.log.queue.element-limit = 1024 (custom)
2020-07-27 09:55:41,158 [pool-237-thread-1] INFO  server.RaftServerConfigKeys (ConfUtils.java:logGet(44)) - raft.server.log.segment.size.max = 1048576 (custom)
2020-07-27 09:55:41,159 [pool-237-thread-1] INFO  server.RaftServerConfigKeys (ConfUtils.java:logGet(44)) - raft.server.log.preallocated.size = 16384 (custom)
2020-07-27 09:55:41,159 [pool-237-thread-1] INFO  server.RaftServerConfigKeys (ConfUtils.java:logGet(44)) - raft.server.log.write.buffer.size = 1048576 (custom)
2020-07-27 09:55:41,160 [pool-237-thread-1] INFO  server.RaftServerConfigKeys (ConfUtils.java:logGet(44)) - raft.server.log.force.sync.num = 128 (default)
2020-07-27 09:55:41,160 [pool-237-thread-1] INFO  server.RaftServerConfigKeys (ConfUtils.java:logGet(44)) - raft.server.log.statemachine.data.sync = true (default)
2020-07-27 09:55:41,160 [pool-237-thread-1] INFO  server.RaftServerConfigKeys (ConfUtils.java:logGet(44)) - raft.server.log.statemachine.data.sync.timeout = 10s (default)
2020-07-27 09:55:41,160 [pool-237-thread-1] INFO  server.RaftServerConfigKeys (ConfUtils.java:logGet(44)) - raft.server.log.statemachine.data.sync.timeout.retry = -1 (default)
2020-07-27 09:55:41,161 [pool-237-thread-1] INFO  server.RaftServerConfigKeys (ConfUtils.java:logGet(44)) - raft.server.log.statemachine.data.caching.enabled = true (custom)
2020-07-27 09:55:41,162 [pool-237-thread-1] INFO  segmented.SegmentedRaftLogWorker (SegmentedRaftLogWorker.java:lambda$new$0(129)) - c5cd7f8e-e419-427c-8535-fd2c10c6404c@group-433FFA6DA013-SegmentedRaftLogWorker: flushIndex: setUnconditionally 0 -> -1
2020-07-27 09:55:41,162 [pool-237-thread-1] INFO  segmented.SegmentedRaftLogWorker (SegmentedRaftLogWorker.java:lambda$new$0(129)) - c5cd7f8e-e419-427c-8535-fd2c10c6404c@group-433FFA6DA013-SegmentedRaftLogWorker: safeCacheEvictIndex: setUnconditionally 0 -> -1
2020-07-27 09:55:41,162 [pool-237-thread-1] INFO  server.RaftServerConfigKeys (ConfUtils.java:logGet(44)) - raft.server.snapshot.auto.trigger.enabled = true (custom)
2020-07-27 09:55:41,162 [pool-237-thread-1] INFO  server.RaftServerConfigKeys (ConfUtils.java:logGet(44)) - raft.server.snapshot.auto.trigger.threshold = 10000 (custom)
2020-07-27 09:55:41,162 [pool-237-thread-1] INFO  server.RaftServerConfigKeys (ConfUtils.java:logGet(44)) - raft.server.snapshot.retention.file.num = 5 (custom)
2020-07-27 09:55:41,162 [pool-237-thread-1] INFO  server.RaftServerConfigKeys (ConfUtils.java:logGet(44)) - raft.server.log.purge.upto.snapshot.index = false (default)
2020-07-27 09:55:41,162 [pool-237-thread-1] INFO  server.RaftServerConfigKeys (ConfUtils.java:logGet(44)) - raft.server.retrycache.expirytime = 600000ms (custom)
2020-07-27 09:55:41,162 [pool-237-thread-1] INFO  metrics.RatisMetrics (RatisMetrics.java:lambda$create$0(36)) - Creating Metrics Registry : ratis.leader_election.c5cd7f8e-e419-427c-8535-fd2c10c6404c@group-433FFA6DA013
2020-07-27 09:55:41,162 [pool-237-thread-1] INFO  metrics.RatisMetrics (RatisMetrics.java:lambda$create$0(36)) - Creating Metrics Registry : ratis.server.c5cd7f8e-e419-427c-8535-fd2c10c6404c@group-433FFA6DA013
2020-07-27 09:55:41,163 [pool-237-thread-1] INFO  impl.RaftServerImpl (RaftServerImpl.java:start(196)) - c5cd7f8e-e419-427c-8535-fd2c10c6404c@group-433FFA6DA013: start as a follower, conf=-1: [6149466c-0ff2-4d16-87a0-4777c761ad23:172.17.0.2:43501, c5cd7f8e-e419-427c-8535-fd2c10c6404c:172.17.0.2:44385, 1abd5772-62cd-4705-9996-234721943c22:172.17.0.2:42565], old=null
2020-07-27 09:55:41,163 [pool-237-thread-1] INFO  impl.RaftServerImpl (RaftServerImpl.java:setRole(185)) - c5cd7f8e-e419-427c-8535-fd2c10c6404c@group-433FFA6DA013: changes role from      null to FOLLOWER at term 0 for startAsFollower
2020-07-27 09:55:41,163 [pool-237-thread-1] INFO  impl.RoleInfo (RoleInfo.java:updateAndGet(143)) - c5cd7f8e-e419-427c-8535-fd2c10c6404c: start FollowerState
2020-07-27 09:55:41,166 [pool-237-thread-1] INFO  util.JmxRegister (JmxRegister.java:tryRegister(44)) - Successfully registered JMX Bean with object name Ratis:service=RaftServer,group=group-433FFA6DA013,id=c5cd7f8e-e419-427c-8535-fd2c10c6404c
2020-07-27 09:55:41,166 [pool-237-thread-1] INFO  metrics.RatisMetrics (RatisMetrics.java:lambda$create$0(36)) - Creating Metrics Registry : ratis.state_machine.c5cd7f8e-e419-427c-8535-fd2c10c6404c@group-433FFA6DA013
2020-07-27 09:55:41,171 [Command processor thread] INFO  commandhandler.CreatePipelineCommandHandler (CreatePipelineCommandHandler.java:handle(110)) - Created Pipeline RATIS THREE #id: "211d2911-d149-470c-93b5-433ffa6da013"
uuid128 {
  mostSigBits: 2386108534078654220
  leastSigBits: -7803256837286027245
}
.
2020-07-27 09:55:41,222 [Command processor thread] INFO  impl.RaftServerProxy (RaftServerProxy.java:addNew(89)) - 6149466c-0ff2-4d16-87a0-4777c761ad23: addNew group-F989998C1E69:[6149466c-0ff2-4d16-87a0-4777c761ad23:172.17.0.2:43501] returns group-F989998C1E69:java.util.concurrent.CompletableFuture@41c88555[Not completed]
2020-07-27 09:55:41,223 [pool-222-thread-1] INFO  impl.RaftServerImpl (RaftServerImpl.java:<init>(107)) - 6149466c-0ff2-4d16-87a0-4777c761ad23: new RaftServerImpl for group-F989998C1E69:[6149466c-0ff2-4d16-87a0-4777c761ad23:172.17.0.2:43501] with ContainerStateMachine:uninitialized
2020-07-27 09:55:41,223 [pool-222-thread-1] INFO  server.RaftServerConfigKeys (ConfUtils.java:logGet(44)) - raft.server.rpc.timeout.min = 5s (custom)
2020-07-27 09:55:41,223 [pool-222-thread-1] INFO  server.RaftServerConfigKeys (ConfUtils.java:logGet(44)) - raft.server.rpc.timeout.max = 5200ms (custom)
2020-07-27 09:55:41,223 [pool-222-thread-1] INFO  server.RaftServerConfigKeys (ConfUtils.java:logGet(44)) - raft.server.rpcslowness.timeout = 300s (custom)
2020-07-27 09:55:41,223 [pool-222-thread-1] INFO  server.RaftServerConfigKeys (ConfUtils.java:logGet(44)) - raft.server.sleep.deviation.threshold = 300 (default)
2020-07-27 09:55:41,223 [pool-222-thread-1] INFO  server.RaftServerConfigKeys (ConfUtils.java:logGet(44)) - raft.server.log.appender.install.snapshot.enabled = false (custom)
2020-07-27 09:55:41,223 [pool-222-thread-1] INFO  impl.RaftServerImpl (ServerState.java:<init>(103)) - 6149466c-0ff2-4d16-87a0-4777c761ad23@group-F989998C1E69: ConfigurationManager, init=-1: [6149466c-0ff2-4d16-87a0-4777c761ad23:172.17.0.2:43501], old=null, confs=<EMPTY_MAP>
2020-07-27 09:55:41,223 [pool-222-thread-1] INFO  server.RaftServerConfigKeys (ConfUtils.java:logGet(44)) - raft.server.storage.dir = [/github/workspace/mnt/ozone/hadoop-ozone/integration-test/target/test-dir/MiniOzoneClusterImpl-6f095167-e36a-40e2-aefd-0fa47c7d82e2/datanode-4/data/ratis] (custom)
2020-07-27 09:55:41,224 [pool-222-thread-1] INFO  server.RaftServerConfigKeys (ConfUtils.java:logGet(44)) - raft.server.log.corruption.policy = EXCEPTION (default)
2020-07-27 09:55:41,224 [pool-222-thread-1] INFO  storage.RaftStorageDirectory (RaftStorageDirectory.java:analyzeStorage(261)) - The storage directory /github/workspace/mnt/ozone/hadoop-ozone/integration-test/target/test-dir/MiniOzoneClusterImpl-6f095167-e36a-40e2-aefd-0fa47c7d82e2/datanode-4/data/ratis/276364e4-b1b0-4339-b645-f989998c1e69 does not exist. Creating ...
2020-07-27 09:55:41,226 [pool-222-thread-1] INFO  storage.RaftStorageDirectory (RaftStorageDirectory.java:tryLock(343)) - Lock on /github/workspace/mnt/ozone/hadoop-ozone/integration-test/target/test-dir/MiniOzoneClusterImpl-6f095167-e36a-40e2-aefd-0fa47c7d82e2/datanode-4/data/ratis/276364e4-b1b0-4339-b645-f989998c1e69/in_use.lock acquired by nodename 9503@5b2e5051647c
2020-07-27 09:55:41,226 [pool-222-thread-1] INFO  storage.RaftStorage (RaftStorage.java:format(84)) - Storage directory /github/workspace/mnt/ozone/hadoop-ozone/integration-test/target/test-dir/MiniOzoneClusterImpl-6f095167-e36a-40e2-aefd-0fa47c7d82e2/datanode-4/data/ratis/276364e4-b1b0-4339-b645-f989998c1e69 has been successfully formatted.
2020-07-27 09:55:41,227 [pool-222-thread-1] INFO  ratis.ContainerStateMachine (ContainerStateMachine.java:loadSnapshot(225)) - group-F989998C1E69: The snapshot info is null. Setting the last applied indexto:(t:0, i:~)
2020-07-27 09:55:41,227 [pool-222-thread-1] INFO  server.RaftServerConfigKeys (ConfUtils.java:logGet(44)) - raft.server.notification.no-leader.timeout = 300s (custom)
2020-07-27 09:55:41,227 [pool-222-thread-1] INFO  server.RaftServerConfigKeys (ConfUtils.java:logGet(44)) - raft.server.log.use.memory = false (default)
2020-07-27 09:55:41,227 [pool-222-thread-1] INFO  server.RaftServerConfigKeys (ConfUtils.java:logGet(44)) - raft.server.log.purge.gap = 1000000 (custom)
2020-07-27 09:55:41,227 [pool-222-thread-1] INFO  metrics.RatisMetrics (RatisMetrics.java:lambda$create$0(36)) - Creating Metrics Registry : ratis.log_worker.6149466c-0ff2-4d16-87a0-4777c761ad23@group-F989998C1E69
2020-07-27 09:55:41,227 [pool-222-thread-1] INFO  server.RaftServerConfigKeys (ConfUtils.java:logGet(44)) - raft.server.log.appender.buffer.byte-limit = 33554432 (custom)
2020-07-27 09:55:41,227 [pool-222-thread-1] INFO  server.RaftServerConfigKeys (ConfUtils.java:logGet(44)) - raft.server.log.segment.size.max = 1048576 (custom)
2020-07-27 09:55:41,228 [pool-222-thread-1] INFO  server.RaftServerConfigKeys (ConfUtils.java:logGet(44)) - raft.server.log.segment.cache.num.max = 2 (custom)
2020-07-27 09:55:41,228 [pool-222-thread-1] INFO  segmented.SegmentedRaftLogWorker (SegmentedRaftLogWorker.java:<init>(180)) - new 6149466c-0ff2-4d16-87a0-4777c761ad23@group-F989998C1E69-SegmentedRaftLogWorker for RaftStorage:Storage Directory /github/workspace/mnt/ozone/hadoop-ozone/integration-test/target/test-dir/MiniOzoneClusterImpl-6f095167-e36a-40e2-aefd-0fa47c7d82e2/datanode-4/data/ratis/276364e4-b1b0-4339-b645-f989998c1e69
2020-07-27 09:55:41,228 [pool-222-thread-1] INFO  server.RaftServerConfigKeys (ConfUtils.java:logGet(44)) - raft.server.log.queue.byte-limit = 2147483647 (custom)
2020-07-27 09:55:41,228 [pool-222-thread-1] INFO  server.RaftServerConfigKeys (ConfUtils.java:logGet(44)) - raft.server.log.queue.element-limit = 1024 (custom)
2020-07-27 09:55:41,228 [pool-222-thread-1] INFO  server.RaftServerConfigKeys (ConfUtils.java:logGet(44)) - raft.server.log.segment.size.max = 1048576 (custom)
2020-07-27 09:55:41,228 [pool-222-thread-1] INFO  server.RaftServerConfigKeys (ConfUtils.java:logGet(44)) - raft.server.log.preallocated.size = 16384 (custom)
2020-07-27 09:55:41,228 [pool-222-thread-1] INFO  server.RaftServerConfigKeys (ConfUtils.java:logGet(44)) - raft.server.log.write.buffer.size = 1048576 (custom)
2020-07-27 09:55:41,228 [pool-222-thread-1] INFO  server.RaftServerConfigKeys (ConfUtils.java:logGet(44)) - raft.server.log.force.sync.num = 128 (default)
2020-07-27 09:55:41,228 [pool-222-thread-1] INFO  server.RaftServerConfigKeys (ConfUtils.java:logGet(44)) - raft.server.log.statemachine.data.sync = true (default)
2020-07-27 09:55:41,228 [pool-222-thread-1] INFO  server.RaftServerConfigKeys (ConfUtils.java:logGet(44)) - raft.server.log.statemachine.data.sync.timeout = 10s (default)
2020-07-27 09:55:41,228 [pool-222-thread-1] INFO  server.RaftServerConfigKeys (ConfUtils.java:logGet(44)) - raft.server.log.statemachine.data.sync.timeout.retry = -1 (default)
2020-07-27 09:55:41,231 [EventQueue-PipelineReportForPipelineReportHandler] INFO  pipeline.PipelineStateManager (PipelineStateManager.java:openPipeline(131)) - Pipeline Pipeline[ Id: 276364e4-b1b0-4339-b645-f989998c1e69, Nodes: 6149466c-0ff2-4d16-87a0-4777c761ad23{ip: 172.17.0.2, host: 5b2e5051647c, networkLocation: /default-rack, certSerialId: null}, Type:RATIS, Factor:ONE, State:ALLOCATED, leaderId:6149466c-0ff2-4d16-87a0-4777c761ad23, CreationTimestamp2020-07-27T09:55:38.224Z] moved to OPEN state
2020-07-27 09:55:41,231 [EventQueue-OpenPipelineForHealthyPipelineSafeModeRule] INFO  safemode.SCMSafeModeManager (HealthyPipelineSafeModeRule.java:process(129)) - SCM in safe mode. Healthy pipelines reported count is 0, required healthy pipeline reported count is 1
2020-07-27 09:55:41,231 [EventQueue-OpenPipelineForOneReplicaPipelineSafeModeRule] INFO  safemode.SCMSafeModeManager (SCMSafeModeManager.java:validateSafeModeExitRules(214)) - AtleastOneDatanodeReportedRule rule is successfully validated
2020-07-27 09:55:41,232 [pool-222-thread-1] INFO  server.RaftServerConfigKeys (ConfUtils.java:logGet(44)) - raft.server.log.statemachine.data.caching.enabled = true (custom)
2020-07-27 09:55:41,232 [pool-222-thread-1] INFO  segmented.SegmentedRaftLogWorker (SegmentedRaftLogWorker.java:lambda$new$0(129)) - 6149466c-0ff2-4d16-87a0-4777c761ad23@group-F989998C1E69-SegmentedRaftLogWorker: flushIndex: setUnconditionally 0 -> -1
2020-07-27 09:55:41,232 [pool-222-thread-1] INFO  segmented.SegmentedRaftLogWorker (SegmentedRaftLogWorker.java:lambda$new$0(129)) - 6149466c-0ff2-4d16-87a0-4777c761ad23@group-F989998C1E69-SegmentedRaftLogWorker: safeCacheEvictIndex: setUnconditionally 0 -> -1
2020-07-27 09:55:41,232 [pool-222-thread-1] INFO  server.RaftServerConfigKeys (ConfUtils.java:logGet(44)) - raft.server.snapshot.auto.trigger.enabled = true (custom)
2020-07-27 09:55:41,232 [pool-222-thread-1] INFO  server.RaftServerConfigKeys (ConfUtils.java:logGet(44)) - raft.server.snapshot.auto.trigger.threshold = 10000 (custom)
2020-07-27 09:55:41,232 [pool-222-thread-1] INFO  server.RaftServerConfigKeys (ConfUtils.java:logGet(44)) - raft.server.snapshot.retention.file.num = 5 (custom)
2020-07-27 09:55:41,232 [pool-222-thread-1] INFO  server.RaftServerConfigKeys (ConfUtils.java:logGet(44)) - raft.server.log.purge.upto.snapshot.index = false (default)
2020-07-27 09:55:41,232 [pool-222-thread-1] INFO  server.RaftServerConfigKeys (ConfUtils.java:logGet(44)) - raft.server.retrycache.expirytime = 600000ms (custom)
2020-07-27 09:55:41,232 [pool-222-thread-1] INFO  metrics.RatisMetrics (RatisMetrics.java:lambda$create$0(36)) - Creating Metrics Registry : ratis.leader_election.6149466c-0ff2-4d16-87a0-4777c761ad23@group-F989998C1E69
2020-07-27 09:55:41,233 [pool-222-thread-1] INFO  metrics.RatisMetrics (RatisMetrics.java:lambda$create$0(36)) - Creating Metrics Registry : ratis.server.6149466c-0ff2-4d16-87a0-4777c761ad23@group-F989998C1E69
2020-07-27 09:55:41,233 [pool-222-thread-1] INFO  impl.RaftServerImpl (RaftServerImpl.java:start(196)) - 6149466c-0ff2-4d16-87a0-4777c761ad23@group-F989998C1E69: start as a follower, conf=-1: [6149466c-0ff2-4d16-87a0-4777c761ad23:172.17.0.2:43501], old=null
2020-07-27 09:55:41,233 [pool-222-thread-1] INFO  impl.RaftServerImpl (RaftServerImpl.java:setRole(185)) - 6149466c-0ff2-4d16-87a0-4777c761ad23@group-F989998C1E69: changes role from      null to FOLLOWER at term 0 for startAsFollower
2020-07-27 09:55:41,233 [pool-222-thread-1] INFO  impl.RoleInfo (RoleInfo.java:updateAndGet(143)) - 6149466c-0ff2-4d16-87a0-4777c761ad23: start FollowerState
2020-07-27 09:55:41,234 [pool-222-thread-1] INFO  util.JmxRegister (JmxRegister.java:tryRegister(44)) - Successfully registered JMX Bean with object name Ratis:service=RaftServer,group=group-F989998C1E69,id=6149466c-0ff2-4d16-87a0-4777c761ad23
2020-07-27 09:55:41,234 [pool-222-thread-1] INFO  metrics.RatisMetrics (RatisMetrics.java:lambda$create$0(36)) - Creating Metrics Registry : ratis.state_machine.6149466c-0ff2-4d16-87a0-4777c761ad23@group-F989998C1E69
2020-07-27 09:55:41,234 [Command processor thread] INFO  commandhandler.CreatePipelineCommandHandler (CreatePipelineCommandHandler.java:handle(110)) - Created Pipeline RATIS ONE #id: "276364e4-b1b0-4339-b645-f989998c1e69"
uuid128 {
  mostSigBits: 2838223123569984313
  leastSigBits: -5312565816031699351
}
.
2020-07-27 09:55:41,337 [Command processor thread] INFO  impl.RaftServerProxy (RaftServerProxy.java:addNew(89)) - c5cd7f8e-e419-427c-8535-fd2c10c6404c: addNew group-A1B1CAFA482E:[c5cd7f8e-e419-427c-8535-fd2c10c6404c:172.17.0.2:44385] returns group-A1B1CAFA482E:java.util.concurrent.CompletableFuture@1c01aa91[Not completed]
2020-07-27 09:55:41,338 [pool-237-thread-1] INFO  impl.RaftServerImpl (RaftServerImpl.java:<init>(107)) - c5cd7f8e-e419-427c-8535-fd2c10c6404c: new RaftServerImpl for group-A1B1CAFA482E:[c5cd7f8e-e419-427c-8535-fd2c10c6404c:172.17.0.2:44385] with ContainerStateMachine:uninitialized
2020-07-27 09:55:41,338 [pool-237-thread-1] INFO  server.RaftServerConfigKeys (ConfUtils.java:logGet(44)) - raft.server.rpc.timeout.min = 5s (custom)
2020-07-27 09:55:41,338 [pool-237-thread-1] INFO  server.RaftServerConfigKeys (ConfUtils.java:logGet(44)) - raft.server.rpc.timeout.max = 5200ms (custom)
2020-07-27 09:55:41,338 [pool-237-thread-1] INFO  server.RaftServerConfigKeys (ConfUtils.java:logGet(44)) - raft.server.rpcslowness.timeout = 300s (custom)
2020-07-27 09:55:41,338 [pool-237-thread-1] INFO  server.RaftServerConfigKeys (ConfUtils.java:logGet(44)) - raft.server.sleep.deviation.threshold = 300 (default)
2020-07-27 09:55:41,339 [pool-237-thread-1] INFO  server.RaftServerConfigKeys (ConfUtils.java:logGet(44)) - raft.server.log.appender.install.snapshot.enabled = false (custom)
2020-07-27 09:55:41,339 [pool-237-thread-1] INFO  impl.RaftServerImpl (ServerState.java:<init>(103)) - c5cd7f8e-e419-427c-8535-fd2c10c6404c@group-A1B1CAFA482E: ConfigurationManager, init=-1: [c5cd7f8e-e419-427c-8535-fd2c10c6404c:172.17.0.2:44385], old=null, confs=<EMPTY_MAP>
2020-07-27 09:55:41,339 [pool-237-thread-1] INFO  server.RaftServerConfigKeys (ConfUtils.java:logGet(44)) - raft.server.storage.dir = [/github/workspace/mnt/ozone/hadoop-ozone/integration-test/target/test-dir/MiniOzoneClusterImpl-6f095167-e36a-40e2-aefd-0fa47c7d82e2/datanode-5/data/ratis] (custom)
2020-07-27 09:55:41,339 [pool-237-thread-1] INFO  server.RaftServerConfigKeys (ConfUtils.java:logGet(44)) - raft.server.log.corruption.policy = EXCEPTION (default)
2020-07-27 09:55:41,339 [pool-237-thread-1] INFO  storage.RaftStorageDirectory (RaftStorageDirectory.java:analyzeStorage(261)) - The storage directory /github/workspace/mnt/ozone/hadoop-ozone/integration-test/target/test-dir/MiniOzoneClusterImpl-6f095167-e36a-40e2-aefd-0fa47c7d82e2/datanode-5/data/ratis/6fbb5aab-75af-44ba-9b01-a1b1cafa482e does not exist. Creating ...
2020-07-27 09:55:41,340 [pool-237-thread-1] INFO  storage.RaftStorageDirectory (RaftStorageDirectory.java:tryLock(343)) - Lock on /github/workspace/mnt/ozone/hadoop-ozone/integration-test/target/test-dir/MiniOzoneClusterImpl-6f095167-e36a-40e2-aefd-0fa47c7d82e2/datanode-5/data/ratis/6fbb5aab-75af-44ba-9b01-a1b1cafa482e/in_use.lock acquired by nodename 9503@5b2e5051647c
2020-07-27 09:55:41,341 [pool-237-thread-1] INFO  storage.RaftStorage (RaftStorage.java:format(84)) - Storage directory /github/workspace/mnt/ozone/hadoop-ozone/integration-test/target/test-dir/MiniOzoneClusterImpl-6f095167-e36a-40e2-aefd-0fa47c7d82e2/datanode-5/data/ratis/6fbb5aab-75af-44ba-9b01-a1b1cafa482e has been successfully formatted.
2020-07-27 09:55:41,341 [pool-237-thread-1] INFO  ratis.ContainerStateMachine (ContainerStateMachine.java:loadSnapshot(225)) - group-A1B1CAFA482E: The snapshot info is null. Setting the last applied indexto:(t:0, i:~)
2020-07-27 09:55:41,341 [pool-237-thread-1] INFO  server.RaftServerConfigKeys (ConfUtils.java:logGet(44)) - raft.server.notification.no-leader.timeout = 300s (custom)
2020-07-27 09:55:41,341 [pool-237-thread-1] INFO  server.RaftServerConfigKeys (ConfUtils.java:logGet(44)) - raft.server.log.use.memory = false (default)
2020-07-27 09:55:41,342 [pool-237-thread-1] INFO  server.RaftServerConfigKeys (ConfUtils.java:logGet(44)) - raft.server.log.purge.gap = 1000000 (custom)
2020-07-27 09:55:41,342 [pool-237-thread-1] INFO  metrics.RatisMetrics (RatisMetrics.java:lambda$create$0(36)) - Creating Metrics Registry : ratis.log_worker.c5cd7f8e-e419-427c-8535-fd2c10c6404c@group-A1B1CAFA482E
2020-07-27 09:55:41,342 [pool-237-thread-1] INFO  server.RaftServerConfigKeys (ConfUtils.java:logGet(44)) - raft.server.log.appender.buffer.byte-limit = 33554432 (custom)
2020-07-27 09:55:41,342 [pool-237-thread-1] INFO  server.RaftServerConfigKeys (ConfUtils.java:logGet(44)) - raft.server.log.segment.size.max = 1048576 (custom)
2020-07-27 09:55:41,343 [EventQueue-PipelineReportForPipelineReportHandler] INFO  pipeline.PipelineStateManager (PipelineStateManager.java:openPipeline(131)) - Pipeline Pipeline[ Id: 6fbb5aab-75af-44ba-9b01-a1b1cafa482e, Nodes: c5cd7f8e-e419-427c-8535-fd2c10c6404c{ip: 172.17.0.2, host: 5b2e5051647c, networkLocation: /default-rack, certSerialId: null}, Type:RATIS, Factor:ONE, State:ALLOCATED, leaderId:c5cd7f8e-e419-427c-8535-fd2c10c6404c, CreationTimestamp2020-07-27T09:55:38.339Z] moved to OPEN state
2020-07-27 09:55:41,343 [EventQueue-OpenPipelineForHealthyPipelineSafeModeRule] INFO  safemode.SCMSafeModeManager (HealthyPipelineSafeModeRule.java:process(129)) - SCM in safe mode. Healthy pipelines reported count is 0, required healthy pipeline reported count is 1
2020-07-27 09:55:41,343 [EventQueue-OpenPipelineForOneReplicaPipelineSafeModeRule] INFO  safemode.SCMSafeModeManager (SCMSafeModeManager.java:validateSafeModeExitRules(214)) - AtleastOneDatanodeReportedRule rule is successfully validated
2020-07-27 09:55:41,343 [pool-237-thread-1] INFO  server.RaftServerConfigKeys (ConfUtils.java:logGet(44)) - raft.server.log.segment.cache.num.max = 2 (custom)
2020-07-27 09:55:41,343 [pool-237-thread-1] INFO  segmented.SegmentedRaftLogWorker (SegmentedRaftLogWorker.java:<init>(180)) - new c5cd7f8e-e419-427c-8535-fd2c10c6404c@group-A1B1CAFA482E-SegmentedRaftLogWorker for RaftStorage:Storage Directory /github/workspace/mnt/ozone/hadoop-ozone/integration-test/target/test-dir/MiniOzoneClusterImpl-6f095167-e36a-40e2-aefd-0fa47c7d82e2/datanode-5/data/ratis/6fbb5aab-75af-44ba-9b01-a1b1cafa482e
2020-07-27 09:55:41,343 [pool-237-thread-1] INFO  server.RaftServerConfigKeys (ConfUtils.java:logGet(44)) - raft.server.log.queue.byte-limit = 2147483647 (custom)
2020-07-27 09:55:41,343 [pool-237-thread-1] INFO  server.RaftServerConfigKeys (ConfUtils.java:logGet(44)) - raft.server.log.queue.element-limit = 1024 (custom)
2020-07-27 09:55:41,343 [pool-237-thread-1] INFO  server.RaftServerConfigKeys (ConfUtils.java:logGet(44)) - raft.server.log.segment.size.max = 1048576 (custom)
2020-07-27 09:55:41,343 [pool-237-thread-1] INFO  server.RaftServerConfigKeys (ConfUtils.java:logGet(44)) - raft.server.log.preallocated.size = 16384 (custom)
2020-07-27 09:55:41,343 [pool-237-thread-1] INFO  server.RaftServerConfigKeys (ConfUtils.java:logGet(44)) - raft.server.log.write.buffer.size = 1048576 (custom)
2020-07-27 09:55:41,343 [pool-237-thread-1] INFO  server.RaftServerConfigKeys (ConfUtils.java:logGet(44)) - raft.server.log.force.sync.num = 128 (default)
2020-07-27 09:55:41,343 [pool-237-thread-1] INFO  server.RaftServerConfigKeys (ConfUtils.java:logGet(44)) - raft.server.log.statemachine.data.sync = true (default)
2020-07-27 09:55:41,343 [pool-237-thread-1] INFO  server.RaftServerConfigKeys (ConfUtils.java:logGet(44)) - raft.server.log.statemachine.data.sync.timeout = 10s (default)
2020-07-27 09:55:41,343 [pool-237-thread-1] INFO  server.RaftServerConfigKeys (ConfUtils.java:logGet(44)) - raft.server.log.statemachine.data.sync.timeout.retry = -1 (default)
2020-07-27 09:55:41,345 [pool-237-thread-1] INFO  server.RaftServerConfigKeys (ConfUtils.java:logGet(44)) - raft.server.log.statemachine.data.caching.enabled = true (custom)
2020-07-27 09:55:41,345 [pool-237-thread-1] INFO  segmented.SegmentedRaftLogWorker (SegmentedRaftLogWorker.java:lambda$new$0(129)) - c5cd7f8e-e419-427c-8535-fd2c10c6404c@group-A1B1CAFA482E-SegmentedRaftLogWorker: flushIndex: setUnconditionally 0 -> -1
2020-07-27 09:55:41,345 [pool-237-thread-1] INFO  segmented.SegmentedRaftLogWorker (SegmentedRaftLogWorker.java:lambda$new$0(129)) - c5cd7f8e-e419-427c-8535-fd2c10c6404c@group-A1B1CAFA482E-SegmentedRaftLogWorker: safeCacheEvictIndex: setUnconditionally 0 -> -1
2020-07-27 09:55:41,346 [pool-237-thread-1] INFO  server.RaftServerConfigKeys (ConfUtils.java:logGet(44)) - raft.server.snapshot.auto.trigger.enabled = true (custom)
2020-07-27 09:55:41,346 [pool-237-thread-1] INFO  server.RaftServerConfigKeys (ConfUtils.java:logGet(44)) - raft.server.snapshot.auto.trigger.threshold = 10000 (custom)
2020-07-27 09:55:41,346 [pool-237-thread-1] INFO  server.RaftServerConfigKeys (ConfUtils.java:logGet(44)) - raft.server.snapshot.retention.file.num = 5 (custom)
2020-07-27 09:55:41,346 [pool-237-thread-1] INFO  server.RaftServerConfigKeys (ConfUtils.java:logGet(44)) - raft.server.log.purge.upto.snapshot.index = false (default)
2020-07-27 09:55:41,346 [pool-237-thread-1] INFO  server.RaftServerConfigKeys (ConfUtils.java:logGet(44)) - raft.server.retrycache.expirytime = 600000ms (custom)
2020-07-27 09:55:41,346 [pool-237-thread-1] INFO  metrics.RatisMetrics (RatisMetrics.java:lambda$create$0(36)) - Creating Metrics Registry : ratis.leader_election.c5cd7f8e-e419-427c-8535-fd2c10c6404c@group-A1B1CAFA482E
2020-07-27 09:55:41,347 [pool-237-thread-1] INFO  metrics.RatisMetrics (RatisMetrics.java:lambda$create$0(36)) - Creating Metrics Registry : ratis.server.c5cd7f8e-e419-427c-8535-fd2c10c6404c@group-A1B1CAFA482E
2020-07-27 09:55:41,348 [pool-237-thread-1] INFO  impl.RaftServerImpl (RaftServerImpl.java:start(196)) - c5cd7f8e-e419-427c-8535-fd2c10c6404c@group-A1B1CAFA482E: start as a follower, conf=-1: [c5cd7f8e-e419-427c-8535-fd2c10c6404c:172.17.0.2:44385], old=null
2020-07-27 09:55:41,348 [pool-237-thread-1] INFO  impl.RaftServerImpl (RaftServerImpl.java:setRole(185)) - c5cd7f8e-e419-427c-8535-fd2c10c6404c@group-A1B1CAFA482E: changes role from      null to FOLLOWER at term 0 for startAsFollower
2020-07-27 09:55:41,348 [pool-237-thread-1] INFO  impl.RoleInfo (RoleInfo.java:updateAndGet(143)) - c5cd7f8e-e419-427c-8535-fd2c10c6404c: start FollowerState
2020-07-27 09:55:41,352 [pool-237-thread-1] INFO  util.JmxRegister (JmxRegister.java:tryRegister(44)) - Successfully registered JMX Bean with object name Ratis:service=RaftServer,group=group-A1B1CAFA482E,id=c5cd7f8e-e419-427c-8535-fd2c10c6404c
2020-07-27 09:55:41,352 [pool-237-thread-1] INFO  metrics.RatisMetrics (RatisMetrics.java:lambda$create$0(36)) - Creating Metrics Registry : ratis.state_machine.c5cd7f8e-e419-427c-8535-fd2c10c6404c@group-A1B1CAFA482E
2020-07-27 09:55:41,353 [Command processor thread] INFO  commandhandler.CreatePipelineCommandHandler (CreatePipelineCommandHandler.java:handle(110)) - Created Pipeline RATIS ONE #id: "6fbb5aab-75af-44ba-9b01-a1b1cafa482e"
uuid128 {
  mostSigBits: 8051128451315221690
  leastSigBits: -7277357737867327442
}
.
2020-07-27 09:55:41,434 [Listener at 127.0.0.1/37087] INFO  ozone.MiniOzoneClusterImpl (MiniOzoneClusterImpl.java:lambda$waitForClusterToBeReady$0(177)) - Nodes are ready. Got 7 of 7 DN Heartbeats.
2020-07-27 09:55:41,434 [Listener at 127.0.0.1/37087] INFO  ozone.MiniOzoneClusterImpl (MiniOzoneClusterImpl.java:lambda$waitForClusterToBeReady$0(180)) - Waiting for cluster to exit safe mode
2020-07-27 09:55:41,436 [Command processor thread] INFO  impl.RaftServerProxy (RaftServerProxy.java:addNew(89)) - fb881f82-5e57-41ff-b606-0a47835c2f4e: addNew group-01D02DF1BECF:[fb881f82-5e57-41ff-b606-0a47835c2f4e:172.17.0.2:46069] returns group-01D02DF1BECF:java.util.concurrent.CompletableFuture@4e860d15[Not completed]
2020-07-27 09:55:41,437 [pool-252-thread-1] INFO  impl.RaftServerImpl (RaftServerImpl.java:<init>(107)) - fb881f82-5e57-41ff-b606-0a47835c2f4e: new RaftServerImpl for group-01D02DF1BECF:[fb881f82-5e57-41ff-b606-0a47835c2f4e:172.17.0.2:46069] with ContainerStateMachine:uninitialized
2020-07-27 09:55:41,437 [pool-252-thread-1] INFO  server.RaftServerConfigKeys (ConfUtils.java:logGet(44)) - raft.server.rpc.timeout.min = 5s (custom)
2020-07-27 09:55:41,437 [pool-252-thread-1] INFO  server.RaftServerConfigKeys (ConfUtils.java:logGet(44)) - raft.server.rpc.timeout.max = 5200ms (custom)
2020-07-27 09:55:41,437 [pool-252-thread-1] INFO  server.RaftServerConfigKeys (ConfUtils.java:logGet(44)) - raft.server.rpcslowness.timeout = 300s (custom)
2020-07-27 09:55:41,437 [pool-252-thread-1] INFO  server.RaftServerConfigKeys (ConfUtils.java:logGet(44)) - raft.server.sleep.deviation.threshold = 300 (default)
2020-07-27 09:55:41,437 [pool-252-thread-1] INFO  server.RaftServerConfigKeys (ConfUtils.java:logGet(44)) - raft.server.log.appender.install.snapshot.enabled = false (custom)
2020-07-27 09:55:41,437 [pool-252-thread-1] INFO  impl.RaftServerImpl (ServerState.java:<init>(103)) - fb881f82-5e57-41ff-b606-0a47835c2f4e@group-01D02DF1BECF: ConfigurationManager, init=-1: [fb881f82-5e57-41ff-b606-0a47835c2f4e:172.17.0.2:46069], old=null, confs=<EMPTY_MAP>
2020-07-27 09:55:41,437 [pool-252-thread-1] INFO  server.RaftServerConfigKeys (ConfUtils.java:logGet(44)) - raft.server.storage.dir = [/github/workspace/mnt/ozone/hadoop-ozone/integration-test/target/test-dir/MiniOzoneClusterImpl-6f095167-e36a-40e2-aefd-0fa47c7d82e2/datanode-6/data/ratis] (custom)
2020-07-27 09:55:41,438 [pool-252-thread-1] INFO  server.RaftServerConfigKeys (ConfUtils.java:logGet(44)) - raft.server.log.corruption.policy = EXCEPTION (default)
2020-07-27 09:55:41,438 [pool-252-thread-1] INFO  storage.RaftStorageDirectory (RaftStorageDirectory.java:analyzeStorage(261)) - The storage directory /github/workspace/mnt/ozone/hadoop-ozone/integration-test/target/test-dir/MiniOzoneClusterImpl-6f095167-e36a-40e2-aefd-0fa47c7d82e2/datanode-6/data/ratis/7c9e8733-8d3f-4890-9ed5-01d02df1becf does not exist. Creating ...
2020-07-27 09:55:41,439 [pool-252-thread-1] INFO  storage.RaftStorageDirectory (RaftStorageDirectory.java:tryLock(343)) - Lock on /github/workspace/mnt/ozone/hadoop-ozone/integration-test/target/test-dir/MiniOzoneClusterImpl-6f095167-e36a-40e2-aefd-0fa47c7d82e2/datanode-6/data/ratis/7c9e8733-8d3f-4890-9ed5-01d02df1becf/in_use.lock acquired by nodename 9503@5b2e5051647c
2020-07-27 09:55:41,440 [pool-252-thread-1] INFO  storage.RaftStorage (RaftStorage.java:format(84)) - Storage directory /github/workspace/mnt/ozone/hadoop-ozone/integration-test/target/test-dir/MiniOzoneClusterImpl-6f095167-e36a-40e2-aefd-0fa47c7d82e2/datanode-6/data/ratis/7c9e8733-8d3f-4890-9ed5-01d02df1becf has been successfully formatted.
2020-07-27 09:55:41,440 [pool-252-thread-1] INFO  ratis.ContainerStateMachine (ContainerStateMachine.java:loadSnapshot(225)) - group-01D02DF1BECF: The snapshot info is null. Setting the last applied indexto:(t:0, i:~)
2020-07-27 09:55:41,440 [pool-252-thread-1] INFO  server.RaftServerConfigKeys (ConfUtils.java:logGet(44)) - raft.server.notification.no-leader.timeout = 300s (custom)
2020-07-27 09:55:41,440 [pool-252-thread-1] INFO  server.RaftServerConfigKeys (ConfUtils.java:logGet(44)) - raft.server.log.use.memory = false (default)
2020-07-27 09:55:41,441 [pool-252-thread-1] INFO  server.RaftServerConfigKeys (ConfUtils.java:logGet(44)) - raft.server.log.purge.gap = 1000000 (custom)
2020-07-27 09:55:41,441 [pool-252-thread-1] INFO  metrics.RatisMetrics (RatisMetrics.java:lambda$create$0(36)) - Creating Metrics Registry : ratis.log_worker.fb881f82-5e57-41ff-b606-0a47835c2f4e@group-01D02DF1BECF
2020-07-27 09:55:41,442 [EventQueue-PipelineReportForPipelineReportHandler] INFO  pipeline.PipelineStateManager (PipelineStateManager.java:openPipeline(131)) - Pipeline Pipeline[ Id: 7c9e8733-8d3f-4890-9ed5-01d02df1becf, Nodes: fb881f82-5e57-41ff-b606-0a47835c2f4e{ip: 172.17.0.2, host: 5b2e5051647c, networkLocation: /default-rack, certSerialId: null}, Type:RATIS, Factor:ONE, State:ALLOCATED, leaderId:fb881f82-5e57-41ff-b606-0a47835c2f4e, CreationTimestamp2020-07-27T09:55:38.437Z] moved to OPEN state
2020-07-27 09:55:41,442 [EventQueue-OpenPipelineForHealthyPipelineSafeModeRule] INFO  safemode.SCMSafeModeManager (HealthyPipelineSafeModeRule.java:process(129)) - SCM in safe mode. Healthy pipelines reported count is 0, required healthy pipeline reported count is 1
2020-07-27 09:55:41,442 [EventQueue-OpenPipelineForOneReplicaPipelineSafeModeRule] INFO  safemode.SCMSafeModeManager (SCMSafeModeManager.java:validateSafeModeExitRules(214)) - AtleastOneDatanodeReportedRule rule is successfully validated
2020-07-27 09:55:41,442 [pool-252-thread-1] INFO  server.RaftServerConfigKeys (ConfUtils.java:logGet(44)) - raft.server.log.appender.buffer.byte-limit = 33554432 (custom)
2020-07-27 09:55:41,442 [pool-252-thread-1] INFO  server.RaftServerConfigKeys (ConfUtils.java:logGet(44)) - raft.server.log.segment.size.max = 1048576 (custom)
2020-07-27 09:55:41,442 [pool-252-thread-1] INFO  server.RaftServerConfigKeys (ConfUtils.java:logGet(44)) - raft.server.log.segment.cache.num.max = 2 (custom)
2020-07-27 09:55:41,442 [pool-252-thread-1] INFO  segmented.SegmentedRaftLogWorker (SegmentedRaftLogWorker.java:<init>(180)) - new fb881f82-5e57-41ff-b606-0a47835c2f4e@group-01D02DF1BECF-SegmentedRaftLogWorker for RaftStorage:Storage Directory /github/workspace/mnt/ozone/hadoop-ozone/integration-test/target/test-dir/MiniOzoneClusterImpl-6f095167-e36a-40e2-aefd-0fa47c7d82e2/datanode-6/data/ratis/7c9e8733-8d3f-4890-9ed5-01d02df1becf
2020-07-27 09:55:41,442 [pool-252-thread-1] INFO  server.RaftServerConfigKeys (ConfUtils.java:logGet(44)) - raft.server.log.queue.byte-limit = 2147483647 (custom)
2020-07-27 09:55:41,442 [pool-252-thread-1] INFO  server.RaftServerConfigKeys (ConfUtils.java:logGet(44)) - raft.server.log.queue.element-limit = 1024 (custom)
2020-07-27 09:55:41,443 [pool-252-thread-1] INFO  server.RaftServerConfigKeys (ConfUtils.java:logGet(44)) - raft.server.log.segment.size.max = 1048576 (custom)
2020-07-27 09:55:41,443 [pool-252-thread-1] INFO  server.RaftServerConfigKeys (ConfUtils.java:logGet(44)) - raft.server.log.preallocated.size = 16384 (custom)
2020-07-27 09:55:41,443 [pool-252-thread-1] INFO  server.RaftServerConfigKeys (ConfUtils.java:logGet(44)) - raft.server.log.write.buffer.size = 1048576 (custom)
2020-07-27 09:55:41,443 [pool-252-thread-1] INFO  server.RaftServerConfigKeys (ConfUtils.java:logGet(44)) - raft.server.log.force.sync.num = 128 (default)
2020-07-27 09:55:41,443 [pool-252-thread-1] INFO  server.RaftServerConfigKeys (ConfUtils.java:logGet(44)) - raft.server.log.statemachine.data.sync = true (default)
2020-07-27 09:55:41,443 [pool-252-thread-1] INFO  server.RaftServerConfigKeys (ConfUtils.java:logGet(44)) - raft.server.log.statemachine.data.sync.timeout = 10s (default)
2020-07-27 09:55:41,443 [pool-252-thread-1] INFO  server.RaftServerConfigKeys (ConfUtils.java:logGet(44)) - raft.server.log.statemachine.data.sync.timeout.retry = -1 (default)
2020-07-27 09:55:41,444 [pool-252-thread-1] INFO  server.RaftServerConfigKeys (ConfUtils.java:logGet(44)) - raft.server.log.statemachine.data.caching.enabled = true (custom)
2020-07-27 09:55:41,444 [pool-252-thread-1] INFO  segmented.SegmentedRaftLogWorker (SegmentedRaftLogWorker.java:lambda$new$0(129)) - fb881f82-5e57-41ff-b606-0a47835c2f4e@group-01D02DF1BECF-SegmentedRaftLogWorker: flushIndex: setUnconditionally 0 -> -1
2020-07-27 09:55:41,444 [pool-252-thread-1] INFO  segmented.SegmentedRaftLogWorker (SegmentedRaftLogWorker.java:lambda$new$0(129)) - fb881f82-5e57-41ff-b606-0a47835c2f4e@group-01D02DF1BECF-SegmentedRaftLogWorker: safeCacheEvictIndex: setUnconditionally 0 -> -1
2020-07-27 09:55:41,458 [pool-252-thread-1] INFO  server.RaftServerConfigKeys (ConfUtils.java:logGet(44)) - raft.server.snapshot.auto.trigger.enabled = true (custom)
2020-07-27 09:55:41,458 [pool-252-thread-1] INFO  server.RaftServerConfigKeys (ConfUtils.java:logGet(44)) - raft.server.snapshot.auto.trigger.threshold = 10000 (custom)
2020-07-27 09:55:41,458 [pool-252-thread-1] INFO  server.RaftServerConfigKeys (ConfUtils.java:logGet(44)) - raft.server.snapshot.retention.file.num = 5 (custom)
2020-07-27 09:55:41,458 [pool-252-thread-1] INFO  server.RaftServerConfigKeys (ConfUtils.java:logGet(44)) - raft.server.log.purge.upto.snapshot.index = false (default)
2020-07-27 09:55:41,458 [pool-252-thread-1] INFO  server.RaftServerConfigKeys (ConfUtils.java:logGet(44)) - raft.server.retrycache.expirytime = 600000ms (custom)
2020-07-27 09:55:41,458 [pool-252-thread-1] INFO  metrics.RatisMetrics (RatisMetrics.java:lambda$create$0(36)) - Creating Metrics Registry : ratis.leader_election.fb881f82-5e57-41ff-b606-0a47835c2f4e@group-01D02DF1BECF
2020-07-27 09:55:41,459 [pool-252-thread-1] INFO  metrics.RatisMetrics (RatisMetrics.java:lambda$create$0(36)) - Creating Metrics Registry : ratis.server.fb881f82-5e57-41ff-b606-0a47835c2f4e@group-01D02DF1BECF
2020-07-27 09:55:41,459 [pool-252-thread-1] INFO  impl.RaftServerImpl (RaftServerImpl.java:start(196)) - fb881f82-5e57-41ff-b606-0a47835c2f4e@group-01D02DF1BECF: start as a follower, conf=-1: [fb881f82-5e57-41ff-b606-0a47835c2f4e:172.17.0.2:46069], old=null
2020-07-27 09:55:41,459 [pool-252-thread-1] INFO  impl.RaftServerImpl (RaftServerImpl.java:setRole(185)) - fb881f82-5e57-41ff-b606-0a47835c2f4e@group-01D02DF1BECF: changes role from      null to FOLLOWER at term 0 for startAsFollower
2020-07-27 09:55:41,460 [pool-252-thread-1] INFO  impl.RoleInfo (RoleInfo.java:updateAndGet(143)) - fb881f82-5e57-41ff-b606-0a47835c2f4e: start FollowerState
2020-07-27 09:55:41,460 [pool-252-thread-1] INFO  util.JmxRegister (JmxRegister.java:tryRegister(44)) - Successfully registered JMX Bean with object name Ratis:service=RaftServer,group=group-01D02DF1BECF,id=fb881f82-5e57-41ff-b606-0a47835c2f4e
2020-07-27 09:55:41,460 [pool-252-thread-1] INFO  metrics.RatisMetrics (RatisMetrics.java:lambda$create$0(36)) - Creating Metrics Registry : ratis.state_machine.fb881f82-5e57-41ff-b606-0a47835c2f4e@group-01D02DF1BECF
2020-07-27 09:55:41,470 [Command processor thread] INFO  commandhandler.CreatePipelineCommandHandler (CreatePipelineCommandHandler.java:handle(110)) - Created Pipeline RATIS ONE #id: "7c9e8733-8d3f-4890-9ed5-01d02df1becf"
uuid128 {
  mostSigBits: 8979763362506164368
  leastSigBits: -7001688052041924913
}
.
2020-07-27 09:55:42,434 [Listener at 127.0.0.1/37087] INFO  ozone.MiniOzoneClusterImpl (MiniOzoneClusterImpl.java:lambda$waitForClusterToBeReady$0(177)) - Nodes are ready. Got 7 of 7 DN Heartbeats.
2020-07-27 09:55:42,434 [Listener at 127.0.0.1/37087] INFO  ozone.MiniOzoneClusterImpl (MiniOzoneClusterImpl.java:lambda$waitForClusterToBeReady$0(180)) - Waiting for cluster to exit safe mode
2020-07-27 09:55:43,435 [Listener at 127.0.0.1/37087] INFO  ozone.MiniOzoneClusterImpl (MiniOzoneClusterImpl.java:lambda$waitForClusterToBeReady$0(177)) - Nodes are ready. Got 7 of 7 DN Heartbeats.
2020-07-27 09:55:43,435 [Listener at 127.0.0.1/37087] INFO  ozone.MiniOzoneClusterImpl (MiniOzoneClusterImpl.java:lambda$waitForClusterToBeReady$0(180)) - Waiting for cluster to exit safe mode
2020-07-27 09:55:44,435 [Listener at 127.0.0.1/37087] INFO  ozone.MiniOzoneClusterImpl (MiniOzoneClusterImpl.java:lambda$waitForClusterToBeReady$0(177)) - Nodes are ready. Got 7 of 7 DN Heartbeats.
2020-07-27 09:55:44,435 [Listener at 127.0.0.1/37087] INFO  ozone.MiniOzoneClusterImpl (MiniOzoneClusterImpl.java:lambda$waitForClusterToBeReady$0(180)) - Waiting for cluster to exit safe mode
2020-07-27 09:55:45,435 [Listener at 127.0.0.1/37087] INFO  ozone.MiniOzoneClusterImpl (MiniOzoneClusterImpl.java:lambda$waitForClusterToBeReady$0(177)) - Nodes are ready. Got 7 of 7 DN Heartbeats.
2020-07-27 09:55:45,436 [Listener at 127.0.0.1/37087] INFO  ozone.MiniOzoneClusterImpl (MiniOzoneClusterImpl.java:lambda$waitForClusterToBeReady$0(180)) - Waiting for cluster to exit safe mode
2020-07-27 09:55:45,821 [Thread-587] INFO  impl.FollowerState (FollowerState.java:run(108)) - 045c987a-fb62-4fd1-8a3b-f6f94af40e4e@group-D22EB1565E1B-FollowerState: change to CANDIDATE, lastRpcTime:5069ms, electionTimeout:5068ms
2020-07-27 09:55:45,821 [Thread-587] INFO  impl.RoleInfo (RoleInfo.java:shutdownFollowerState(121)) - 045c987a-fb62-4fd1-8a3b-f6f94af40e4e: shutdown FollowerState
2020-07-27 09:55:45,822 [Thread-587] INFO  impl.RaftServerImpl (RaftServerImpl.java:setRole(185)) - 045c987a-fb62-4fd1-8a3b-f6f94af40e4e@group-D22EB1565E1B: changes role from  FOLLOWER to CANDIDATE at term 0 for changeToCandidate
2020-07-27 09:55:45,822 [Thread-587] INFO  impl.RoleInfo (RoleInfo.java:updateAndGet(143)) - 045c987a-fb62-4fd1-8a3b-f6f94af40e4e: start LeaderElection
2020-07-27 09:55:45,832 [045c987a-fb62-4fd1-8a3b-f6f94af40e4e@group-D22EB1565E1B-LeaderElection13] INFO  impl.LeaderElection (LeaderElection.java:askForVotes(209)) - 045c987a-fb62-4fd1-8a3b-f6f94af40e4e@group-D22EB1565E1B-LeaderElection13: begin an election at term 1 for -1: [045c987a-fb62-4fd1-8a3b-f6f94af40e4e:172.17.0.2:35095], old=null
2020-07-27 09:55:45,832 [045c987a-fb62-4fd1-8a3b-f6f94af40e4e@group-D22EB1565E1B-LeaderElection13] INFO  impl.RoleInfo (RoleInfo.java:shutdownLeaderElection(134)) - 045c987a-fb62-4fd1-8a3b-f6f94af40e4e: shutdown LeaderElection
2020-07-27 09:55:45,832 [045c987a-fb62-4fd1-8a3b-f6f94af40e4e@group-D22EB1565E1B-LeaderElection13] INFO  impl.RaftServerImpl (RaftServerImpl.java:setRole(185)) - 045c987a-fb62-4fd1-8a3b-f6f94af40e4e@group-D22EB1565E1B: changes role from CANDIDATE to LEADER at term 1 for changeToLeader
2020-07-27 09:55:45,832 [045c987a-fb62-4fd1-8a3b-f6f94af40e4e@group-D22EB1565E1B-LeaderElection13] INFO  ratis.XceiverServerRatis (XceiverServerRatis.java:handleLeaderChangedNotification(822)) - Leader change notification received for group: group-D22EB1565E1B with new leaderId: 045c987a-fb62-4fd1-8a3b-f6f94af40e4e
2020-07-27 09:55:45,832 [045c987a-fb62-4fd1-8a3b-f6f94af40e4e@group-D22EB1565E1B-LeaderElection13] INFO  impl.RaftServerImpl (ServerState.java:setLeader(255)) - 045c987a-fb62-4fd1-8a3b-f6f94af40e4e@group-D22EB1565E1B: change Leader from null to 045c987a-fb62-4fd1-8a3b-f6f94af40e4e at term 1 for becomeLeader, leader elected after 5088ms
2020-07-27 09:55:45,833 [045c987a-fb62-4fd1-8a3b-f6f94af40e4e@group-D22EB1565E1B-LeaderElection13] INFO  server.RaftServerConfigKeys (ConfUtils.java:logGet(44)) - raft.server.staging.catchup.gap = 1000 (default)
2020-07-27 09:55:45,834 [045c987a-fb62-4fd1-8a3b-f6f94af40e4e@group-D22EB1565E1B-LeaderElection13] INFO  server.RaftServerConfigKeys (ConfUtils.java:logGet(44)) - raft.server.rpc.sleep.time = 25ms (default)
2020-07-27 09:55:45,834 [045c987a-fb62-4fd1-8a3b-f6f94af40e4e@group-D22EB1565E1B-LeaderElection13] INFO  metrics.RatisMetrics (RatisMetrics.java:lambda$create$0(36)) - Creating Metrics Registry : ratis.log_appender.045c987a-fb62-4fd1-8a3b-f6f94af40e4e@group-D22EB1565E1B
2020-07-27 09:55:45,836 [045c987a-fb62-4fd1-8a3b-f6f94af40e4e@group-D22EB1565E1B-LeaderElection13] INFO  server.RaftServerConfigKeys (ConfUtils.java:logGet(44)) - raft.server.write.element-limit = 1024 (custom)
2020-07-27 09:55:45,836 [045c987a-fb62-4fd1-8a3b-f6f94af40e4e@group-D22EB1565E1B-LeaderElection13] INFO  server.RaftServerConfigKeys (ConfUtils.java:logGet(44)) - raft.server.write.byte-limit = 1073741824 (custom)
2020-07-27 09:55:45,837 [045c987a-fb62-4fd1-8a3b-f6f94af40e4e@group-D22EB1565E1B-LeaderElection13] INFO  server.RaftServerConfigKeys (ConfUtils.java:logGet(44)) - raft.server.watch.timeout = 180s (custom)
2020-07-27 09:55:45,837 [045c987a-fb62-4fd1-8a3b-f6f94af40e4e@group-D22EB1565E1B-LeaderElection13] INFO  server.RaftServerConfigKeys (ConfUtils.java:logGet(44)) - raft.server.watch.timeout.denomination = 1s (default)
2020-07-27 09:55:45,837 [045c987a-fb62-4fd1-8a3b-f6f94af40e4e@group-D22EB1565E1B-LeaderElection13] INFO  server.RaftServerConfigKeys (ConfUtils.java:logGet(44)) - raft.server.watch.element-limit = 65536 (default)
2020-07-27 09:55:45,837 [045c987a-fb62-4fd1-8a3b-f6f94af40e4e@group-D22EB1565E1B-LeaderElection13] INFO  impl.RoleInfo (RoleInfo.java:updateAndGet(143)) - 045c987a-fb62-4fd1-8a3b-f6f94af40e4e: start LeaderState
2020-07-27 09:55:45,837 [045c987a-fb62-4fd1-8a3b-f6f94af40e4e@group-D22EB1565E1B-LeaderElection13] INFO  segmented.SegmentedRaftLogWorker (SegmentedRaftLogWorker.java:startLogSegment(397)) - 045c987a-fb62-4fd1-8a3b-f6f94af40e4e@group-D22EB1565E1B-SegmentedRaftLogWorker: Starting segment from index:0
2020-07-27 09:55:45,838 [045c987a-fb62-4fd1-8a3b-f6f94af40e4e@group-D22EB1565E1B-LeaderElection13] INFO  impl.RaftServerImpl (ServerState.java:setRaftConf(356)) - 045c987a-fb62-4fd1-8a3b-f6f94af40e4e@group-D22EB1565E1B: set configuration 0: [045c987a-fb62-4fd1-8a3b-f6f94af40e4e:172.17.0.2:35095], old=null at 0
2020-07-27 09:55:45,839 [045c987a-fb62-4fd1-8a3b-f6f94af40e4e@group-D22EB1565E1B-SegmentedRaftLogWorker] INFO  segmented.SegmentedRaftLogWorker (SegmentedRaftLogWorker.java:execute(596)) - 045c987a-fb62-4fd1-8a3b-f6f94af40e4e@group-D22EB1565E1B-SegmentedRaftLogWorker: created new log segment /github/workspace/mnt/ozone/hadoop-ozone/integration-test/target/test-dir/MiniOzoneClusterImpl-6f095167-e36a-40e2-aefd-0fa47c7d82e2/datanode-0/data/ratis/350faa5e-e8bc-4481-81ce-d22eb1565e1b/current/log_inprogress_0
2020-07-27 09:55:45,870 [Thread-591] INFO  impl.FollowerState (FollowerState.java:run(108)) - db756141-0354-427a-9153-f34ecc5b5329@group-BDA6939820FE-FollowerState: change to CANDIDATE, lastRpcTime:5076ms, electionTimeout:5076ms
2020-07-27 09:55:45,870 [Thread-591] INFO  impl.RoleInfo (RoleInfo.java:shutdownFollowerState(121)) - db756141-0354-427a-9153-f34ecc5b5329: shutdown FollowerState
2020-07-27 09:55:45,870 [Thread-591] INFO  impl.RaftServerImpl (RaftServerImpl.java:setRole(185)) - db756141-0354-427a-9153-f34ecc5b5329@group-BDA6939820FE: changes role from  FOLLOWER to CANDIDATE at term 0 for changeToCandidate
2020-07-27 09:55:45,870 [Thread-591] INFO  impl.RoleInfo (RoleInfo.java:updateAndGet(143)) - db756141-0354-427a-9153-f34ecc5b5329: start LeaderElection
2020-07-27 09:55:45,873 [db756141-0354-427a-9153-f34ecc5b5329@group-BDA6939820FE-LeaderElection14] INFO  impl.LeaderElection (LeaderElection.java:askForVotes(209)) - db756141-0354-427a-9153-f34ecc5b5329@group-BDA6939820FE-LeaderElection14: begin an election at term 1 for -1: [045c987a-fb62-4fd1-8a3b-f6f94af40e4e:172.17.0.2:35095, db756141-0354-427a-9153-f34ecc5b5329:172.17.0.2:38333, 24589ba3-439e-426c-a3dd-3948fbf70a5d:172.17.0.2:36853], old=null
2020-07-27 09:55:45,880 [grpc-default-executor-0] INFO  impl.RaftServerImpl (RaftServerImpl.java:setRole(185)) - 24589ba3-439e-426c-a3dd-3948fbf70a5d@group-BDA6939820FE: changes role from  FOLLOWER to FOLLOWER at term 1 for recognizeCandidate:db756141-0354-427a-9153-f34ecc5b5329
2020-07-27 09:55:45,881 [grpc-default-executor-0] INFO  impl.RoleInfo (RoleInfo.java:shutdownFollowerState(121)) - 24589ba3-439e-426c-a3dd-3948fbf70a5d: shutdown FollowerState
2020-07-27 09:55:45,881 [grpc-default-executor-0] INFO  impl.RoleInfo (RoleInfo.java:updateAndGet(143)) - 24589ba3-439e-426c-a3dd-3948fbf70a5d: start FollowerState
2020-07-27 09:55:45,881 [Thread-594] INFO  impl.FollowerState (FollowerState.java:run(117)) - 24589ba3-439e-426c-a3dd-3948fbf70a5d@group-BDA6939820FE-FollowerState was interrupted: java.lang.InterruptedException: sleep interrupted
2020-07-27 09:55:45,886 [grpc-default-executor-0] INFO  impl.RaftServerImpl (RaftServerImpl.java:setRole(185)) - 045c987a-fb62-4fd1-8a3b-f6f94af40e4e@group-BDA6939820FE: changes role from  FOLLOWER to FOLLOWER at term 1 for recognizeCandidate:db756141-0354-427a-9153-f34ecc5b5329
2020-07-27 09:55:45,886 [grpc-default-executor-0] INFO  impl.RoleInfo (RoleInfo.java:shutdownFollowerState(121)) - 045c987a-fb62-4fd1-8a3b-f6f94af40e4e: shutdown FollowerState
2020-07-27 09:55:45,886 [grpc-default-executor-0] INFO  impl.RoleInfo (RoleInfo.java:updateAndGet(143)) - 045c987a-fb62-4fd1-8a3b-f6f94af40e4e: start FollowerState
2020-07-27 09:55:45,886 [Thread-589] INFO  impl.FollowerState (FollowerState.java:run(117)) - 045c987a-fb62-4fd1-8a3b-f6f94af40e4e@group-BDA6939820FE-FollowerState was interrupted: java.lang.InterruptedException: sleep interrupted
2020-07-27 09:55:45,892 [db756141-0354-427a-9153-f34ecc5b5329@group-BDA6939820FE-LeaderElection14] INFO  impl.LeaderElection (LeaderElection.java:logAndReturn(61)) - db756141-0354-427a-9153-f34ecc5b5329@group-BDA6939820FE-LeaderElection14: Election PASSED; received 1 response(s) [db756141-0354-427a-9153-f34ecc5b5329<-24589ba3-439e-426c-a3dd-3948fbf70a5d#0:OK-t1] and 0 exception(s); db756141-0354-427a-9153-f34ecc5b5329@group-BDA6939820FE:t1, leader=null, voted=db756141-0354-427a-9153-f34ecc5b5329, raftlog=db756141-0354-427a-9153-f34ecc5b5329@group-BDA6939820FE-SegmentedRaftLog:OPENED:c-1,f-1,i0, conf=-1: [045c987a-fb62-4fd1-8a3b-f6f94af40e4e:172.17.0.2:35095, db756141-0354-427a-9153-f34ecc5b5329:172.17.0.2:38333, 24589ba3-439e-426c-a3dd-3948fbf70a5d:172.17.0.2:36853], old=null
2020-07-27 09:55:45,892 [db756141-0354-427a-9153-f34ecc5b5329@group-BDA6939820FE-LeaderElection14] INFO  impl.RoleInfo (RoleInfo.java:shutdownLeaderElection(134)) - db756141-0354-427a-9153-f34ecc5b5329: shutdown LeaderElection
2020-07-27 09:55:45,892 [db756141-0354-427a-9153-f34ecc5b5329@group-BDA6939820FE-LeaderElection14] INFO  impl.RaftServerImpl (RaftServerImpl.java:setRole(185)) - db756141-0354-427a-9153-f34ecc5b5329@group-BDA6939820FE: changes role from CANDIDATE to LEADER at term 1 for changeToLeader
2020-07-27 09:55:45,893 [db756141-0354-427a-9153-f34ecc5b5329@group-BDA6939820FE-LeaderElection14] INFO  ratis.XceiverServerRatis (XceiverServerRatis.java:handleLeaderChangedNotification(822)) - Leader change notification received for group: group-BDA6939820FE with new leaderId: db756141-0354-427a-9153-f34ecc5b5329
2020-07-27 09:55:45,893 [db756141-0354-427a-9153-f34ecc5b5329@group-BDA6939820FE-LeaderElection14] INFO  impl.RaftServerImpl (ServerState.java:setLeader(255)) - db756141-0354-427a-9153-f34ecc5b5329@group-BDA6939820FE: change Leader from null to db756141-0354-427a-9153-f34ecc5b5329 at term 1 for becomeLeader, leader elected after 5105ms
2020-07-27 09:55:45,895 [EventQueue-PipelineReportForPipelineReportHandler] INFO  pipeline.PipelineStateManager (PipelineStateManager.java:openPipeline(131)) - Pipeline Pipeline[ Id: 7bbf6427-087b-4c7e-9ba9-bda6939820fe, Nodes: db756141-0354-427a-9153-f34ecc5b5329{ip: 172.17.0.2, host: 5b2e5051647c, networkLocation: /default-rack, certSerialId: null}24589ba3-439e-426c-a3dd-3948fbf70a5d{ip: 172.17.0.2, host: 5b2e5051647c, networkLocation: /default-rack, certSerialId: null}045c987a-fb62-4fd1-8a3b-f6f94af40e4e{ip: 172.17.0.2, host: 5b2e5051647c, networkLocation: /default-rack, certSerialId: null}, Type:RATIS, Factor:THREE, State:ALLOCATED, leaderId:db756141-0354-427a-9153-f34ecc5b5329, CreationTimestamp2020-07-27T09:55:37.958Z] moved to OPEN state
2020-07-27 09:55:45,903 [EventQueue-OpenPipelineForOneReplicaPipelineSafeModeRule] INFO  safemode.SCMSafeModeManager (SCMSafeModeManager.java:validateSafeModeExitRules(214)) - AtleastOneDatanodeReportedRule rule is successfully validated
2020-07-27 09:55:45,902 [db756141-0354-427a-9153-f34ecc5b5329@group-BDA6939820FE-LeaderElection14] INFO  server.RaftServerConfigKeys (ConfUtils.java:logGet(44)) - raft.server.staging.catchup.gap = 1000 (default)
2020-07-27 09:55:45,903 [EventQueue-OpenPipelineForHealthyPipelineSafeModeRule] INFO  safemode.SCMSafeModeManager (HealthyPipelineSafeModeRule.java:process(129)) - SCM in safe mode. Healthy pipelines reported count is 1, required healthy pipeline reported count is 1
2020-07-27 09:55:45,904 [EventQueue-OpenPipelineForHealthyPipelineSafeModeRule] INFO  safemode.SCMSafeModeManager (SCMSafeModeManager.java:validateSafeModeExitRules(214)) - HealthyPipelineSafeModeRule rule is successfully validated
2020-07-27 09:55:45,904 [EventQueue-OpenPipelineForHealthyPipelineSafeModeRule] INFO  safemode.SCMSafeModeManager (SCMSafeModeManager.java:validateSafeModeExitRules(228)) - ScmSafeModeManager, all rules are successfully validated
2020-07-27 09:55:45,904 [EventQueue-OpenPipelineForHealthyPipelineSafeModeRule] INFO  safemode.SCMSafeModeManager (SCMSafeModeManager.java:exitSafeMode(257)) - SCM exiting safe mode.
2020-07-27 09:55:45,904 [db756141-0354-427a-9153-f34ecc5b5329@group-BDA6939820FE-LeaderElection14] INFO  server.RaftServerConfigKeys (ConfUtils.java:logGet(44)) - raft.server.rpc.sleep.time = 25ms (default)
2020-07-27 09:55:45,906 [db756141-0354-427a-9153-f34ecc5b5329@group-BDA6939820FE-LeaderElection14] INFO  metrics.RatisMetrics (RatisMetrics.java:lambda$create$0(36)) - Creating Metrics Registry : ratis.log_appender.db756141-0354-427a-9153-f34ecc5b5329@group-BDA6939820FE
2020-07-27 09:55:45,906 [db756141-0354-427a-9153-f34ecc5b5329@group-BDA6939820FE-LeaderElection14] INFO  server.RaftServerConfigKeys (ConfUtils.java:logGet(44)) - raft.server.write.element-limit = 1024 (custom)
2020-07-27 09:55:45,906 [db756141-0354-427a-9153-f34ecc5b5329@group-BDA6939820FE-LeaderElection14] INFO  server.RaftServerConfigKeys (ConfUtils.java:logGet(44)) - raft.server.write.byte-limit = 1073741824 (custom)
2020-07-27 09:55:45,907 [db756141-0354-427a-9153-f34ecc5b5329@group-BDA6939820FE-LeaderElection14] INFO  server.RaftServerConfigKeys (ConfUtils.java:logGet(44)) - raft.server.watch.timeout = 180s (custom)
2020-07-27 09:55:45,907 [db756141-0354-427a-9153-f34ecc5b5329@group-BDA6939820FE-LeaderElection14] INFO  server.RaftServerConfigKeys (ConfUtils.java:logGet(44)) - raft.server.watch.timeout.denomination = 1s (default)
2020-07-27 09:55:45,907 [db756141-0354-427a-9153-f34ecc5b5329@group-BDA6939820FE-LeaderElection14] INFO  server.RaftServerConfigKeys (ConfUtils.java:logGet(44)) - raft.server.watch.element-limit = 65536 (default)
2020-07-27 09:55:45,908 [db756141-0354-427a-9153-f34ecc5b5329@group-BDA6939820FE-LeaderElection14] INFO  server.RaftServerConfigKeys (ConfUtils.java:logGet(44)) - raft.server.log.appender.snapshot.chunk.size.max = 16MB (=16777216) (default)
2020-07-27 09:55:45,908 [db756141-0354-427a-9153-f34ecc5b5329@group-BDA6939820FE-LeaderElection14] INFO  server.RaftServerConfigKeys (ConfUtils.java:logGet(44)) - raft.server.log.appender.buffer.byte-limit = 33554432 (custom)
2020-07-27 09:55:45,908 [db756141-0354-427a-9153-f34ecc5b5329@group-BDA6939820FE-LeaderElection14] INFO  server.RaftServerConfigKeys (ConfUtils.java:logGet(44)) - raft.server.log.appender.buffer.element-limit = 1 (custom)
2020-07-27 09:55:45,908 [db756141-0354-427a-9153-f34ecc5b5329@group-BDA6939820FE-LeaderElection14] INFO  grpc.GrpcConfigKeys (ConfUtils.java:logGet(44)) - raft.grpc.server.leader.outstanding.appends.max = 128 (default)
2020-07-27 09:55:45,908 [db756141-0354-427a-9153-f34ecc5b5329@group-BDA6939820FE-LeaderElection14] INFO  server.RaftServerConfigKeys (ConfUtils.java:logGet(44)) - raft.server.rpc.request.timeout = 60s (custom)
2020-07-27 09:55:45,908 [db756141-0354-427a-9153-f34ecc5b5329@group-BDA6939820FE-LeaderElection14] INFO  server.RaftServerConfigKeys (ConfUtils.java:logGet(44)) - raft.server.log.appender.install.snapshot.enabled = false (custom)
2020-07-27 09:55:45,908 [db756141-0354-427a-9153-f34ecc5b5329@group-BDA6939820FE-LeaderElection14] INFO  metrics.RatisMetrics (RatisMetrics.java:lambda$create$0(36)) - Creating Metrics Registry : ratis_grpc.log_appender.db756141-0354-427a-9153-f34ecc5b5329@group-BDA6939820FE
2020-07-27 09:55:45,909 [db756141-0354-427a-9153-f34ecc5b5329@group-BDA6939820FE-LeaderElection14] INFO  server.RaftServerConfigKeys (ConfUtils.java:logGet(44)) - raft.server.log.appender.snapshot.chunk.size.max = 16MB (=16777216) (default)
2020-07-27 09:55:45,909 [db756141-0354-427a-9153-f34ecc5b5329@group-BDA6939820FE-LeaderElection14] INFO  server.RaftServerConfigKeys (ConfUtils.java:logGet(44)) - raft.server.log.appender.buffer.byte-limit = 33554432 (custom)
2020-07-27 09:55:45,909 [db756141-0354-427a-9153-f34ecc5b5329@group-BDA6939820FE-LeaderElection14] INFO  server.RaftServerConfigKeys (ConfUtils.java:logGet(44)) - raft.server.log.appender.buffer.element-limit = 1 (custom)
2020-07-27 09:55:45,909 [db756141-0354-427a-9153-f34ecc5b5329@group-BDA6939820FE-LeaderElection14] INFO  grpc.GrpcConfigKeys (ConfUtils.java:logGet(44)) - raft.grpc.server.leader.outstanding.appends.max = 128 (default)
2020-07-27 09:55:45,909 [db756141-0354-427a-9153-f34ecc5b5329@group-BDA6939820FE-LeaderElection14] INFO  server.RaftServerConfigKeys (ConfUtils.java:logGet(44)) - raft.server.rpc.request.timeout = 60s (custom)
2020-07-27 09:55:45,909 [db756141-0354-427a-9153-f34ecc5b5329@group-BDA6939820FE-LeaderElection14] INFO  server.RaftServerConfigKeys (ConfUtils.java:logGet(44)) - raft.server.log.appender.install.snapshot.enabled = false (custom)
2020-07-27 09:55:45,910 [db756141-0354-427a-9153-f34ecc5b5329@group-BDA6939820FE-LeaderElection14] INFO  impl.RoleInfo (RoleInfo.java:updateAndGet(143)) - db756141-0354-427a-9153-f34ecc5b5329: start LeaderState
2020-07-27 09:55:45,910 [db756141-0354-427a-9153-f34ecc5b5329@group-BDA6939820FE-LeaderElection14] INFO  segmented.SegmentedRaftLogWorker (SegmentedRaftLogWorker.java:startLogSegment(397)) - db756141-0354-427a-9153-f34ecc5b5329@group-BDA6939820FE-SegmentedRaftLogWorker: Starting segment from index:0
2020-07-27 09:55:45,912 [db756141-0354-427a-9153-f34ecc5b5329@group-BDA6939820FE-SegmentedRaftLogWorker] INFO  segmented.SegmentedRaftLogWorker (SegmentedRaftLogWorker.java:execute(596)) - db756141-0354-427a-9153-f34ecc5b5329@group-BDA6939820FE-SegmentedRaftLogWorker: created new log segment /github/workspace/mnt/ozone/hadoop-ozone/integration-test/target/test-dir/MiniOzoneClusterImpl-6f095167-e36a-40e2-aefd-0fa47c7d82e2/datanode-1/data/ratis/7bbf6427-087b-4c7e-9ba9-bda6939820fe/current/log_inprogress_0
2020-07-27 09:55:45,914 [db756141-0354-427a-9153-f34ecc5b5329@group-BDA6939820FE-LeaderElection14] INFO  impl.RaftServerImpl (ServerState.java:setRaftConf(356)) - db756141-0354-427a-9153-f34ecc5b5329@group-BDA6939820FE: set configuration 0: [045c987a-fb62-4fd1-8a3b-f6f94af40e4e:172.17.0.2:35095, db756141-0354-427a-9153-f34ecc5b5329:172.17.0.2:38333, 24589ba3-439e-426c-a3dd-3948fbf70a5d:172.17.0.2:36853], old=null at 0
2020-07-27 09:55:45,916 [Thread-597] INFO  impl.FollowerState (FollowerState.java:run(108)) - db756141-0354-427a-9153-f34ecc5b5329@group-2A305473E0D3-FollowerState: change to CANDIDATE, lastRpcTime:5063ms, electionTimeout:5061ms
2020-07-27 09:55:45,916 [Thread-597] INFO  impl.RoleInfo (RoleInfo.java:shutdownFollowerState(121)) - db756141-0354-427a-9153-f34ecc5b5329: shutdown FollowerState
2020-07-27 09:55:45,916 [Thread-597] INFO  impl.RaftServerImpl (RaftServerImpl.java:setRole(185)) - db756141-0354-427a-9153-f34ecc5b5329@group-2A305473E0D3: changes role from  FOLLOWER to CANDIDATE at term 0 for changeToCandidate
2020-07-27 09:55:45,916 [Thread-597] INFO  impl.RoleInfo (RoleInfo.java:updateAndGet(143)) - db756141-0354-427a-9153-f34ecc5b5329: start LeaderElection
2020-07-27 09:55:45,919 [grpc-default-executor-0] INFO  ratis.XceiverServerRatis (XceiverServerRatis.java:handleLeaderChangedNotification(822)) - Leader change notification received for group: group-BDA6939820FE with new leaderId: db756141-0354-427a-9153-f34ecc5b5329
2020-07-27 09:55:45,919 [grpc-default-executor-0] INFO  impl.RaftServerImpl (ServerState.java:setLeader(255)) - 24589ba3-439e-426c-a3dd-3948fbf70a5d@group-BDA6939820FE: change Leader from null to db756141-0354-427a-9153-f34ecc5b5329 at term 1 for appendEntries, leader elected after 5095ms
2020-07-27 09:55:45,926 [grpc-default-executor-1] INFO  ratis.XceiverServerRatis (XceiverServerRatis.java:handleLeaderChangedNotification(822)) - Leader change notification received for group: group-BDA6939820FE with new leaderId: db756141-0354-427a-9153-f34ecc5b5329
2020-07-27 09:55:45,926 [grpc-default-executor-1] INFO  impl.RaftServerImpl (ServerState.java:setLeader(255)) - 045c987a-fb62-4fd1-8a3b-f6f94af40e4e@group-BDA6939820FE: change Leader from null to db756141-0354-427a-9153-f34ecc5b5329 at term 1 for appendEntries, leader elected after 5164ms
2020-07-27 09:55:45,928 [grpc-default-executor-0] INFO  impl.RaftServerImpl (ServerState.java:setRaftConf(356)) - 24589ba3-439e-426c-a3dd-3948fbf70a5d@group-BDA6939820FE: set configuration 0: [045c987a-fb62-4fd1-8a3b-f6f94af40e4e:172.17.0.2:35095, db756141-0354-427a-9153-f34ecc5b5329:172.17.0.2:38333, 24589ba3-439e-426c-a3dd-3948fbf70a5d:172.17.0.2:36853], old=null at 0
2020-07-27 09:55:45,928 [grpc-default-executor-0] INFO  segmented.SegmentedRaftLogWorker (SegmentedRaftLogWorker.java:startLogSegment(397)) - 24589ba3-439e-426c-a3dd-3948fbf70a5d@group-BDA6939820FE-SegmentedRaftLogWorker: Starting segment from index:0
2020-07-27 09:55:45,943 [24589ba3-439e-426c-a3dd-3948fbf70a5d@group-BDA6939820FE-SegmentedRaftLogWorker] INFO  segmented.SegmentedRaftLogWorker (SegmentedRaftLogWorker.java:execute(596)) - 24589ba3-439e-426c-a3dd-3948fbf70a5d@group-BDA6939820FE-SegmentedRaftLogWorker: created new log segment /github/workspace/mnt/ozone/hadoop-ozone/integration-test/target/test-dir/MiniOzoneClusterImpl-6f095167-e36a-40e2-aefd-0fa47c7d82e2/datanode-2/data/ratis/7bbf6427-087b-4c7e-9ba9-bda6939820fe/current/log_inprogress_0
2020-07-27 09:55:45,945 [db756141-0354-427a-9153-f34ecc5b5329@group-2A305473E0D3-LeaderElection15] INFO  impl.LeaderElection (LeaderElection.java:askForVotes(209)) - db756141-0354-427a-9153-f34ecc5b5329@group-2A305473E0D3-LeaderElection15: begin an election at term 1 for -1: [db756141-0354-427a-9153-f34ecc5b5329:172.17.0.2:38333], old=null
2020-07-27 09:55:45,945 [db756141-0354-427a-9153-f34ecc5b5329@group-2A305473E0D3-LeaderElection15] INFO  impl.RoleInfo (RoleInfo.java:shutdownLeaderElection(134)) - db756141-0354-427a-9153-f34ecc5b5329: shutdown LeaderElection
2020-07-27 09:55:45,945 [db756141-0354-427a-9153-f34ecc5b5329@group-2A305473E0D3-LeaderElection15] INFO  impl.RaftServerImpl (RaftServerImpl.java:setRole(185)) - db756141-0354-427a-9153-f34ecc5b5329@group-2A305473E0D3: changes role from CANDIDATE to LEADER at term 1 for changeToLeader
2020-07-27 09:55:45,946 [db756141-0354-427a-9153-f34ecc5b5329@group-2A305473E0D3-LeaderElection15] INFO  ratis.XceiverServerRatis (XceiverServerRatis.java:handleLeaderChangedNotification(822)) - Leader change notification received for group: group-2A305473E0D3 with new leaderId: db756141-0354-427a-9153-f34ecc5b5329
2020-07-27 09:55:45,946 [db756141-0354-427a-9153-f34ecc5b5329@group-2A305473E0D3-LeaderElection15] INFO  impl.RaftServerImpl (ServerState.java:setLeader(255)) - db756141-0354-427a-9153-f34ecc5b5329@group-2A305473E0D3: change Leader from null to db756141-0354-427a-9153-f34ecc5b5329 at term 1 for becomeLeader, leader elected after 5103ms
2020-07-27 09:55:45,946 [db756141-0354-427a-9153-f34ecc5b5329@group-2A305473E0D3-LeaderElection15] INFO  server.RaftServerConfigKeys (ConfUtils.java:logGet(44)) - raft.server.staging.catchup.gap = 1000 (default)
2020-07-27 09:55:45,946 [db756141-0354-427a-9153-f34ecc5b5329@group-2A305473E0D3-LeaderElection15] INFO  server.RaftServerConfigKeys (ConfUtils.java:logGet(44)) - raft.server.rpc.sleep.time = 25ms (default)
2020-07-27 09:55:45,946 [db756141-0354-427a-9153-f34ecc5b5329@group-2A305473E0D3-LeaderElection15] INFO  metrics.RatisMetrics (RatisMetrics.java:lambda$create$0(36)) - Creating Metrics Registry : ratis.log_appender.db756141-0354-427a-9153-f34ecc5b5329@group-2A305473E0D3
2020-07-27 09:55:45,946 [db756141-0354-427a-9153-f34ecc5b5329@group-2A305473E0D3-LeaderElection15] INFO  server.RaftServerConfigKeys (ConfUtils.java:logGet(44)) - raft.server.write.element-limit = 1024 (custom)
2020-07-27 09:55:45,946 [db756141-0354-427a-9153-f34ecc5b5329@group-2A305473E0D3-LeaderElection15] INFO  server.RaftServerConfigKeys (ConfUtils.java:logGet(44)) - raft.server.write.byte-limit = 1073741824 (custom)
2020-07-27 09:55:45,949 [grpc-default-executor-0] INFO  impl.RaftServerImpl (ServerState.java:setRaftConf(356)) - 045c987a-fb62-4fd1-8a3b-f6f94af40e4e@group-BDA6939820FE: set configuration 0: [045c987a-fb62-4fd1-8a3b-f6f94af40e4e:172.17.0.2:35095, db756141-0354-427a-9153-f34ecc5b5329:172.17.0.2:38333, 24589ba3-439e-426c-a3dd-3948fbf70a5d:172.17.0.2:36853], old=null at 0
2020-07-27 09:55:45,951 [grpc-default-executor-0] INFO  segmented.SegmentedRaftLogWorker (SegmentedRaftLogWorker.java:startLogSegment(397)) - 045c987a-fb62-4fd1-8a3b-f6f94af40e4e@group-BDA6939820FE-SegmentedRaftLogWorker: Starting segment from index:0
2020-07-27 09:55:45,951 [db756141-0354-427a-9153-f34ecc5b5329@group-2A305473E0D3-LeaderElection15] INFO  server.RaftServerConfigKeys (ConfUtils.java:logGet(44)) - raft.server.watch.timeout = 180s (custom)
2020-07-27 09:55:45,951 [db756141-0354-427a-9153-f34ecc5b5329@group-2A305473E0D3-LeaderElection15] INFO  server.RaftServerConfigKeys (ConfUtils.java:logGet(44)) - raft.server.watch.timeout.denomination = 1s (default)
2020-07-27 09:55:45,952 [db756141-0354-427a-9153-f34ecc5b5329@group-2A305473E0D3-LeaderElection15] INFO  server.RaftServerConfigKeys (ConfUtils.java:logGet(44)) - raft.server.watch.element-limit = 65536 (default)
2020-07-27 09:55:45,952 [db756141-0354-427a-9153-f34ecc5b5329@group-2A305473E0D3-LeaderElection15] INFO  impl.RoleInfo (RoleInfo.java:updateAndGet(143)) - db756141-0354-427a-9153-f34ecc5b5329: start LeaderState
2020-07-27 09:55:45,952 [db756141-0354-427a-9153-f34ecc5b5329@group-2A305473E0D3-LeaderElection15] INFO  segmented.SegmentedRaftLogWorker (SegmentedRaftLogWorker.java:startLogSegment(397)) - db756141-0354-427a-9153-f34ecc5b5329@group-2A305473E0D3-SegmentedRaftLogWorker: Starting segment from index:0
2020-07-27 09:55:45,953 [db756141-0354-427a-9153-f34ecc5b5329@group-2A305473E0D3-LeaderElection15] INFO  impl.RaftServerImpl (ServerState.java:setRaftConf(356)) - db756141-0354-427a-9153-f34ecc5b5329@group-2A305473E0D3: set configuration 0: [db756141-0354-427a-9153-f34ecc5b5329:172.17.0.2:38333], old=null at 0
2020-07-27 09:55:45,956 [045c987a-fb62-4fd1-8a3b-f6f94af40e4e@group-BDA6939820FE-SegmentedRaftLogWorker] INFO  segmented.SegmentedRaftLogWorker (SegmentedRaftLogWorker.java:execute(596)) - 045c987a-fb62-4fd1-8a3b-f6f94af40e4e@group-BDA6939820FE-SegmentedRaftLogWorker: created new log segment /github/workspace/mnt/ozone/hadoop-ozone/integration-test/target/test-dir/MiniOzoneClusterImpl-6f095167-e36a-40e2-aefd-0fa47c7d82e2/datanode-0/data/ratis/7bbf6427-087b-4c7e-9ba9-bda6939820fe/current/log_inprogress_0
2020-07-27 09:55:45,956 [db756141-0354-427a-9153-f34ecc5b5329@group-2A305473E0D3-SegmentedRaftLogWorker] INFO  segmented.SegmentedRaftLogWorker (SegmentedRaftLogWorker.java:execute(596)) - db756141-0354-427a-9153-f34ecc5b5329@group-2A305473E0D3-SegmentedRaftLogWorker: created new log segment /github/workspace/mnt/ozone/hadoop-ozone/integration-test/target/test-dir/MiniOzoneClusterImpl-6f095167-e36a-40e2-aefd-0fa47c7d82e2/datanode-1/data/ratis/bb463354-8301-406e-8cd5-2a305473e0d3/current/log_inprogress_0
2020-07-27 09:55:46,032 [Thread-599] INFO  impl.FollowerState (FollowerState.java:run(108)) - 24589ba3-439e-426c-a3dd-3948fbf70a5d@group-2657CEC53F02-FollowerState: change to CANDIDATE, lastRpcTime:5053ms, electionTimeout:5051ms
2020-07-27 09:55:46,032 [Thread-599] INFO  impl.RoleInfo (RoleInfo.java:shutdownFollowerState(121)) - 24589ba3-439e-426c-a3dd-3948fbf70a5d: shutdown FollowerState
2020-07-27 09:55:46,032 [Thread-599] INFO  impl.RaftServerImpl (RaftServerImpl.java:setRole(185)) - 24589ba3-439e-426c-a3dd-3948fbf70a5d@group-2657CEC53F02: changes role from  FOLLOWER to CANDIDATE at term 0 for changeToCandidate
2020-07-27 09:55:46,032 [Thread-599] INFO  impl.RoleInfo (RoleInfo.java:updateAndGet(143)) - 24589ba3-439e-426c-a3dd-3948fbf70a5d: start LeaderElection
2020-07-27 09:55:46,038 [24589ba3-439e-426c-a3dd-3948fbf70a5d@group-2657CEC53F02-LeaderElection16] INFO  impl.LeaderElection (LeaderElection.java:askForVotes(209)) - 24589ba3-439e-426c-a3dd-3948fbf70a5d@group-2657CEC53F02-LeaderElection16: begin an election at term 1 for -1: [24589ba3-439e-426c-a3dd-3948fbf70a5d:172.17.0.2:36853], old=null
2020-07-27 09:55:46,038 [24589ba3-439e-426c-a3dd-3948fbf70a5d@group-2657CEC53F02-LeaderElection16] INFO  impl.RoleInfo (RoleInfo.java:shutdownLeaderElection(134)) - 24589ba3-439e-426c-a3dd-3948fbf70a5d: shutdown LeaderElection
2020-07-27 09:55:46,038 [24589ba3-439e-426c-a3dd-3948fbf70a5d@group-2657CEC53F02-LeaderElection16] INFO  impl.RaftServerImpl (RaftServerImpl.java:setRole(185)) - 24589ba3-439e-426c-a3dd-3948fbf70a5d@group-2657CEC53F02: changes role from CANDIDATE to LEADER at term 1 for changeToLeader
2020-07-27 09:55:46,038 [24589ba3-439e-426c-a3dd-3948fbf70a5d@group-2657CEC53F02-LeaderElection16] INFO  ratis.XceiverServerRatis (XceiverServerRatis.java:handleLeaderChangedNotification(822)) - Leader change notification received for group: group-2657CEC53F02 with new leaderId: 24589ba3-439e-426c-a3dd-3948fbf70a5d
2020-07-27 09:55:46,038 [24589ba3-439e-426c-a3dd-3948fbf70a5d@group-2657CEC53F02-LeaderElection16] INFO  impl.RaftServerImpl (ServerState.java:setLeader(255)) - 24589ba3-439e-426c-a3dd-3948fbf70a5d@group-2657CEC53F02: change Leader from null to 24589ba3-439e-426c-a3dd-3948fbf70a5d at term 1 for becomeLeader, leader elected after 5080ms
2020-07-27 09:55:46,039 [24589ba3-439e-426c-a3dd-3948fbf70a5d@group-2657CEC53F02-LeaderElection16] INFO  server.RaftServerConfigKeys (ConfUtils.java:logGet(44)) - raft.server.staging.catchup.gap = 1000 (default)
2020-07-27 09:55:46,039 [24589ba3-439e-426c-a3dd-3948fbf70a5d@group-2657CEC53F02-LeaderElection16] INFO  server.RaftServerConfigKeys (ConfUtils.java:logGet(44)) - raft.server.rpc.sleep.time = 25ms (default)
2020-07-27 09:55:46,039 [24589ba3-439e-426c-a3dd-3948fbf70a5d@group-2657CEC53F02-LeaderElection16] INFO  metrics.RatisMetrics (RatisMetrics.java:lambda$create$0(36)) - Creating Metrics Registry : ratis.log_appender.24589ba3-439e-426c-a3dd-3948fbf70a5d@group-2657CEC53F02
2020-07-27 09:55:46,040 [24589ba3-439e-426c-a3dd-3948fbf70a5d@group-2657CEC53F02-LeaderElection16] INFO  server.RaftServerConfigKeys (ConfUtils.java:logGet(44)) - raft.server.write.element-limit = 1024 (custom)
2020-07-27 09:55:46,040 [24589ba3-439e-426c-a3dd-3948fbf70a5d@group-2657CEC53F02-LeaderElection16] INFO  server.RaftServerConfigKeys (ConfUtils.java:logGet(44)) - raft.server.write.byte-limit = 1073741824 (custom)
2020-07-27 09:55:46,040 [24589ba3-439e-426c-a3dd-3948fbf70a5d@group-2657CEC53F02-LeaderElection16] INFO  server.RaftServerConfigKeys (ConfUtils.java:logGet(44)) - raft.server.watch.timeout = 180s (custom)
2020-07-27 09:55:46,041 [24589ba3-439e-426c-a3dd-3948fbf70a5d@group-2657CEC53F02-LeaderElection16] INFO  server.RaftServerConfigKeys (ConfUtils.java:logGet(44)) - raft.server.watch.timeout.denomination = 1s (default)
2020-07-27 09:55:46,041 [24589ba3-439e-426c-a3dd-3948fbf70a5d@group-2657CEC53F02-LeaderElection16] INFO  server.RaftServerConfigKeys (ConfUtils.java:logGet(44)) - raft.server.watch.element-limit = 65536 (default)
2020-07-27 09:55:46,041 [24589ba3-439e-426c-a3dd-3948fbf70a5d@group-2657CEC53F02-LeaderElection16] INFO  impl.RoleInfo (RoleInfo.java:updateAndGet(143)) - 24589ba3-439e-426c-a3dd-3948fbf70a5d: start LeaderState
2020-07-27 09:55:46,041 [24589ba3-439e-426c-a3dd-3948fbf70a5d@group-2657CEC53F02-LeaderElection16] INFO  segmented.SegmentedRaftLogWorker (SegmentedRaftLogWorker.java:startLogSegment(397)) - 24589ba3-439e-426c-a3dd-3948fbf70a5d@group-2657CEC53F02-SegmentedRaftLogWorker: Starting segment from index:0
2020-07-27 09:55:46,043 [24589ba3-439e-426c-a3dd-3948fbf70a5d@group-2657CEC53F02-SegmentedRaftLogWorker] INFO  segmented.SegmentedRaftLogWorker (SegmentedRaftLogWorker.java:execute(596)) - 24589ba3-439e-426c-a3dd-3948fbf70a5d@group-2657CEC53F02-SegmentedRaftLogWorker: created new log segment /github/workspace/mnt/ozone/hadoop-ozone/integration-test/target/test-dir/MiniOzoneClusterImpl-6f095167-e36a-40e2-aefd-0fa47c7d82e2/datanode-2/data/ratis/db95f63e-d117-490c-a39d-2657cec53f02/current/log_inprogress_0
2020-07-27 09:55:46,050 [24589ba3-439e-426c-a3dd-3948fbf70a5d@group-2657CEC53F02-LeaderElection16] INFO  impl.RaftServerImpl (ServerState.java:setRaftConf(356)) - 24589ba3-439e-426c-a3dd-3948fbf70a5d@group-2657CEC53F02: set configuration 0: [24589ba3-439e-426c-a3dd-3948fbf70a5d:172.17.0.2:36853], old=null at 0
2020-07-27 09:55:46,115 [Thread-601] INFO  impl.FollowerState (FollowerState.java:run(108)) - 1abd5772-62cd-4705-9996-234721943c22@group-E1B7EA2D6FC7-FollowerState: change to CANDIDATE, lastRpcTime:5025ms, electionTimeout:5024ms
2020-07-27 09:55:46,115 [Thread-601] INFO  impl.RoleInfo (RoleInfo.java:shutdownFollowerState(121)) - 1abd5772-62cd-4705-9996-234721943c22: shutdown FollowerState
2020-07-27 09:55:46,115 [Thread-601] INFO  impl.RaftServerImpl (RaftServerImpl.java:setRole(185)) - 1abd5772-62cd-4705-9996-234721943c22@group-E1B7EA2D6FC7: changes role from  FOLLOWER to CANDIDATE at term 0 for changeToCandidate
2020-07-27 09:55:46,115 [Thread-601] INFO  impl.RoleInfo (RoleInfo.java:updateAndGet(143)) - 1abd5772-62cd-4705-9996-234721943c22: start LeaderElection
2020-07-27 09:55:46,117 [1abd5772-62cd-4705-9996-234721943c22@group-E1B7EA2D6FC7-LeaderElection17] INFO  impl.LeaderElection (LeaderElection.java:askForVotes(209)) - 1abd5772-62cd-4705-9996-234721943c22@group-E1B7EA2D6FC7-LeaderElection17: begin an election at term 1 for -1: [1abd5772-62cd-4705-9996-234721943c22:172.17.0.2:42565], old=null
2020-07-27 09:55:46,117 [1abd5772-62cd-4705-9996-234721943c22@group-E1B7EA2D6FC7-LeaderElection17] INFO  impl.RoleInfo (RoleInfo.java:shutdownLeaderElection(134)) - 1abd5772-62cd-4705-9996-234721943c22: shutdown LeaderElection
2020-07-27 09:55:46,117 [1abd5772-62cd-4705-9996-234721943c22@group-E1B7EA2D6FC7-LeaderElection17] INFO  impl.RaftServerImpl (RaftServerImpl.java:setRole(185)) - 1abd5772-62cd-4705-9996-234721943c22@group-E1B7EA2D6FC7: changes role from CANDIDATE to LEADER at term 1 for changeToLeader
2020-07-27 09:55:46,117 [1abd5772-62cd-4705-9996-234721943c22@group-E1B7EA2D6FC7-LeaderElection17] INFO  ratis.XceiverServerRatis (XceiverServerRatis.java:handleLeaderChangedNotification(822)) - Leader change notification received for group: group-E1B7EA2D6FC7 with new leaderId: 1abd5772-62cd-4705-9996-234721943c22
2020-07-27 09:55:46,117 [1abd5772-62cd-4705-9996-234721943c22@group-E1B7EA2D6FC7-LeaderElection17] INFO  impl.RaftServerImpl (ServerState.java:setLeader(255)) - 1abd5772-62cd-4705-9996-234721943c22@group-E1B7EA2D6FC7: change Leader from null to 1abd5772-62cd-4705-9996-234721943c22 at term 1 for becomeLeader, leader elected after 5034ms
2020-07-27 09:55:46,118 [1abd5772-62cd-4705-9996-234721943c22@group-E1B7EA2D6FC7-LeaderElection17] INFO  server.RaftServerConfigKeys (ConfUtils.java:logGet(44)) - raft.server.staging.catchup.gap = 1000 (default)
2020-07-27 09:55:46,118 [1abd5772-62cd-4705-9996-234721943c22@group-E1B7EA2D6FC7-LeaderElection17] INFO  server.RaftServerConfigKeys (ConfUtils.java:logGet(44)) - raft.server.rpc.sleep.time = 25ms (default)
2020-07-27 09:55:46,118 [1abd5772-62cd-4705-9996-234721943c22@group-E1B7EA2D6FC7-LeaderElection17] INFO  metrics.RatisMetrics (RatisMetrics.java:lambda$create$0(36)) - Creating Metrics Registry : ratis.log_appender.1abd5772-62cd-4705-9996-234721943c22@group-E1B7EA2D6FC7
2020-07-27 09:55:46,118 [1abd5772-62cd-4705-9996-234721943c22@group-E1B7EA2D6FC7-LeaderElection17] INFO  server.RaftServerConfigKeys (ConfUtils.java:logGet(44)) - raft.server.write.element-limit = 1024 (custom)
2020-07-27 09:55:46,120 [1abd5772-62cd-4705-9996-234721943c22@group-E1B7EA2D6FC7-LeaderElection17] INFO  server.RaftServerConfigKeys (ConfUtils.java:logGet(44)) - raft.server.write.byte-limit = 1073741824 (custom)
2020-07-27 09:55:46,120 [1abd5772-62cd-4705-9996-234721943c22@group-E1B7EA2D6FC7-LeaderElection17] INFO  server.RaftServerConfigKeys (ConfUtils.java:logGet(44)) - raft.server.watch.timeout = 180s (custom)
2020-07-27 09:55:46,120 [1abd5772-62cd-4705-9996-234721943c22@group-E1B7EA2D6FC7-LeaderElection17] INFO  server.RaftServerConfigKeys (ConfUtils.java:logGet(44)) - raft.server.watch.timeout.denomination = 1s (default)
2020-07-27 09:55:46,120 [1abd5772-62cd-4705-9996-234721943c22@group-E1B7EA2D6FC7-LeaderElection17] INFO  server.RaftServerConfigKeys (ConfUtils.java:logGet(44)) - raft.server.watch.element-limit = 65536 (default)
2020-07-27 09:55:46,120 [1abd5772-62cd-4705-9996-234721943c22@group-E1B7EA2D6FC7-LeaderElection17] INFO  impl.RoleInfo (RoleInfo.java:updateAndGet(143)) - 1abd5772-62cd-4705-9996-234721943c22: start LeaderState
2020-07-27 09:55:46,121 [1abd5772-62cd-4705-9996-234721943c22@group-E1B7EA2D6FC7-LeaderElection17] INFO  segmented.SegmentedRaftLogWorker (SegmentedRaftLogWorker.java:startLogSegment(397)) - 1abd5772-62cd-4705-9996-234721943c22@group-E1B7EA2D6FC7-SegmentedRaftLogWorker: Starting segment from index:0
2020-07-27 09:55:46,121 [1abd5772-62cd-4705-9996-234721943c22@group-E1B7EA2D6FC7-LeaderElection17] INFO  impl.RaftServerImpl (ServerState.java:setRaftConf(356)) - 1abd5772-62cd-4705-9996-234721943c22@group-E1B7EA2D6FC7: set configuration 0: [1abd5772-62cd-4705-9996-234721943c22:172.17.0.2:42565], old=null at 0
2020-07-27 09:55:46,122 [1abd5772-62cd-4705-9996-234721943c22@group-E1B7EA2D6FC7-SegmentedRaftLogWorker] INFO  segmented.SegmentedRaftLogWorker (SegmentedRaftLogWorker.java:execute(596)) - 1abd5772-62cd-4705-9996-234721943c22@group-E1B7EA2D6FC7-SegmentedRaftLogWorker: created new log segment /github/workspace/mnt/ozone/hadoop-ozone/integration-test/target/test-dir/MiniOzoneClusterImpl-6f095167-e36a-40e2-aefd-0fa47c7d82e2/datanode-3/data/ratis/dda27dc5-9d1b-46ba-92cc-e1b7ea2d6fc7/current/log_inprogress_0
2020-07-27 09:55:46,180 [Thread-603] INFO  impl.FollowerState (FollowerState.java:run(108)) - 1abd5772-62cd-4705-9996-234721943c22@group-433FFA6DA013-FollowerState: change to CANDIDATE, lastRpcTime:5075ms, electionTimeout:5075ms
2020-07-27 09:55:46,180 [Thread-603] INFO  impl.RoleInfo (RoleInfo.java:shutdownFollowerState(121)) - 1abd5772-62cd-4705-9996-234721943c22: shutdown FollowerState
2020-07-27 09:55:46,180 [Thread-603] INFO  impl.RaftServerImpl (RaftServerImpl.java:setRole(185)) - 1abd5772-62cd-4705-9996-234721943c22@group-433FFA6DA013: changes role from  FOLLOWER to CANDIDATE at term 0 for changeToCandidate
2020-07-27 09:55:46,180 [Thread-603] INFO  impl.RoleInfo (RoleInfo.java:updateAndGet(143)) - 1abd5772-62cd-4705-9996-234721943c22: start LeaderElection
2020-07-27 09:55:46,182 [1abd5772-62cd-4705-9996-234721943c22@group-433FFA6DA013-LeaderElection18] INFO  impl.LeaderElection (LeaderElection.java:askForVotes(209)) - 1abd5772-62cd-4705-9996-234721943c22@group-433FFA6DA013-LeaderElection18: begin an election at term 1 for -1: [6149466c-0ff2-4d16-87a0-4777c761ad23:172.17.0.2:43501, c5cd7f8e-e419-427c-8535-fd2c10c6404c:172.17.0.2:44385, 1abd5772-62cd-4705-9996-234721943c22:172.17.0.2:42565], old=null
2020-07-27 09:55:46,187 [grpc-default-executor-0] INFO  impl.RaftServerImpl (RaftServerImpl.java:setRole(185)) - 6149466c-0ff2-4d16-87a0-4777c761ad23@group-433FFA6DA013: changes role from  FOLLOWER to FOLLOWER at term 1 for recognizeCandidate:1abd5772-62cd-4705-9996-234721943c22
2020-07-27 09:55:46,187 [grpc-default-executor-0] INFO  impl.RoleInfo (RoleInfo.java:shutdownFollowerState(121)) - 6149466c-0ff2-4d16-87a0-4777c761ad23: shutdown FollowerState
2020-07-27 09:55:46,187 [grpc-default-executor-0] INFO  impl.RoleInfo (RoleInfo.java:updateAndGet(143)) - 6149466c-0ff2-4d16-87a0-4777c761ad23: start FollowerState
2020-07-27 09:55:46,188 [Thread-605] INFO  impl.FollowerState (FollowerState.java:run(117)) - 6149466c-0ff2-4d16-87a0-4777c761ad23@group-433FFA6DA013-FollowerState was interrupted: java.lang.InterruptedException: sleep interrupted
2020-07-27 09:55:46,191 [1abd5772-62cd-4705-9996-234721943c22@group-433FFA6DA013-LeaderElection18] INFO  impl.LeaderElection (LeaderElection.java:logAndReturn(61)) - 1abd5772-62cd-4705-9996-234721943c22@group-433FFA6DA013-LeaderElection18: Election PASSED; received 1 response(s) [1abd5772-62cd-4705-9996-234721943c22<-6149466c-0ff2-4d16-87a0-4777c761ad23#0:OK-t1] and 0 exception(s); 1abd5772-62cd-4705-9996-234721943c22@group-433FFA6DA013:t1, leader=null, voted=1abd5772-62cd-4705-9996-234721943c22, raftlog=1abd5772-62cd-4705-9996-234721943c22@group-433FFA6DA013-SegmentedRaftLog:OPENED:c-1,f-1,i0, conf=-1: [6149466c-0ff2-4d16-87a0-4777c761ad23:172.17.0.2:43501, c5cd7f8e-e419-427c-8535-fd2c10c6404c:172.17.0.2:44385, 1abd5772-62cd-4705-9996-234721943c22:172.17.0.2:42565], old=null
2020-07-27 09:55:46,191 [1abd5772-62cd-4705-9996-234721943c22@group-433FFA6DA013-LeaderElection18] INFO  impl.RoleInfo (RoleInfo.java:shutdownLeaderElection(134)) - 1abd5772-62cd-4705-9996-234721943c22: shutdown LeaderElection
2020-07-27 09:55:46,192 [1abd5772-62cd-4705-9996-234721943c22@group-433FFA6DA013-LeaderElection18] INFO  impl.RaftServerImpl (RaftServerImpl.java:setRole(185)) - 1abd5772-62cd-4705-9996-234721943c22@group-433FFA6DA013: changes role from CANDIDATE to LEADER at term 1 for changeToLeader
2020-07-27 09:55:46,192 [1abd5772-62cd-4705-9996-234721943c22@group-433FFA6DA013-LeaderElection18] INFO  ratis.XceiverServerRatis (XceiverServerRatis.java:handleLeaderChangedNotification(822)) - Leader change notification received for group: group-433FFA6DA013 with new leaderId: 1abd5772-62cd-4705-9996-234721943c22
2020-07-27 09:55:46,192 [1abd5772-62cd-4705-9996-234721943c22@group-433FFA6DA013-LeaderElection18] INFO  impl.RaftServerImpl (ServerState.java:setLeader(255)) - 1abd5772-62cd-4705-9996-234721943c22@group-433FFA6DA013: change Leader from null to 1abd5772-62cd-4705-9996-234721943c22 at term 1 for becomeLeader, leader elected after 5096ms
2020-07-27 09:55:46,192 [1abd5772-62cd-4705-9996-234721943c22@group-433FFA6DA013-LeaderElection18] INFO  server.RaftServerConfigKeys (ConfUtils.java:logGet(44)) - raft.server.staging.catchup.gap = 1000 (default)
2020-07-27 09:55:46,192 [1abd5772-62cd-4705-9996-234721943c22@group-433FFA6DA013-LeaderElection18] INFO  server.RaftServerConfigKeys (ConfUtils.java:logGet(44)) - raft.server.rpc.sleep.time = 25ms (default)
2020-07-27 09:55:46,192 [1abd5772-62cd-4705-9996-234721943c22@group-433FFA6DA013-LeaderElection18] INFO  metrics.RatisMetrics (RatisMetrics.java:lambda$create$0(36)) - Creating Metrics Registry : ratis.log_appender.1abd5772-62cd-4705-9996-234721943c22@group-433FFA6DA013
2020-07-27 09:55:46,192 [1abd5772-62cd-4705-9996-234721943c22@group-433FFA6DA013-LeaderElection18] INFO  server.RaftServerConfigKeys (ConfUtils.java:logGet(44)) - raft.server.write.element-limit = 1024 (custom)
2020-07-27 09:55:46,192 [1abd5772-62cd-4705-9996-234721943c22@group-433FFA6DA013-LeaderElection18] INFO  server.RaftServerConfigKeys (ConfUtils.java:logGet(44)) - raft.server.write.byte-limit = 1073741824 (custom)
2020-07-27 09:55:46,192 [1abd5772-62cd-4705-9996-234721943c22@group-433FFA6DA013-LeaderElection18] INFO  server.RaftServerConfigKeys (ConfUtils.java:logGet(44)) - raft.server.watch.timeout = 180s (custom)
2020-07-27 09:55:46,192 [1abd5772-62cd-4705-9996-234721943c22@group-433FFA6DA013-LeaderElection18] INFO  server.RaftServerConfigKeys (ConfUtils.java:logGet(44)) - raft.server.watch.timeout.denomination = 1s (default)
2020-07-27 09:55:46,192 [1abd5772-62cd-4705-9996-234721943c22@group-433FFA6DA013-LeaderElection18] INFO  server.RaftServerConfigKeys (ConfUtils.java:logGet(44)) - raft.server.watch.element-limit = 65536 (default)
2020-07-27 09:55:46,193 [1abd5772-62cd-4705-9996-234721943c22@group-433FFA6DA013-LeaderElection18] INFO  server.RaftServerConfigKeys (ConfUtils.java:logGet(44)) - raft.server.log.appender.snapshot.chunk.size.max = 16MB (=16777216) (default)
2020-07-27 09:55:46,193 [1abd5772-62cd-4705-9996-234721943c22@group-433FFA6DA013-LeaderElection18] INFO  server.RaftServerConfigKeys (ConfUtils.java:logGet(44)) - raft.server.log.appender.buffer.byte-limit = 33554432 (custom)
2020-07-27 09:55:46,193 [1abd5772-62cd-4705-9996-234721943c22@group-433FFA6DA013-LeaderElection18] INFO  server.RaftServerConfigKeys (ConfUtils.java:logGet(44)) - raft.server.log.appender.buffer.element-limit = 1 (custom)
2020-07-27 09:55:46,193 [1abd5772-62cd-4705-9996-234721943c22@group-433FFA6DA013-LeaderElection18] INFO  grpc.GrpcConfigKeys (ConfUtils.java:logGet(44)) - raft.grpc.server.leader.outstanding.appends.max = 128 (default)
2020-07-27 09:55:46,193 [1abd5772-62cd-4705-9996-234721943c22@group-433FFA6DA013-LeaderElection18] INFO  server.RaftServerConfigKeys (ConfUtils.java:logGet(44)) - raft.server.rpc.request.timeout = 60s (custom)
2020-07-27 09:55:46,193 [1abd5772-62cd-4705-9996-234721943c22@group-433FFA6DA013-LeaderElection18] INFO  server.RaftServerConfigKeys (ConfUtils.java:logGet(44)) - raft.server.log.appender.install.snapshot.enabled = false (custom)
2020-07-27 09:55:46,193 [1abd5772-62cd-4705-9996-234721943c22@group-433FFA6DA013-LeaderElection18] INFO  metrics.RatisMetrics (RatisMetrics.java:lambda$create$0(36)) - Creating Metrics Registry : ratis_grpc.log_appender.1abd5772-62cd-4705-9996-234721943c22@group-433FFA6DA013
2020-07-27 09:55:46,194 [1abd5772-62cd-4705-9996-234721943c22@group-433FFA6DA013-LeaderElection18] INFO  server.RaftServerConfigKeys (ConfUtils.java:logGet(44)) - raft.server.log.appender.snapshot.chunk.size.max = 16MB (=16777216) (default)
2020-07-27 09:55:46,194 [1abd5772-62cd-4705-9996-234721943c22@group-433FFA6DA013-LeaderElection18] INFO  server.RaftServerConfigKeys (ConfUtils.java:logGet(44)) - raft.server.log.appender.buffer.byte-limit = 33554432 (custom)
2020-07-27 09:55:46,194 [1abd5772-62cd-4705-9996-234721943c22@group-433FFA6DA013-LeaderElection18] INFO  server.RaftServerConfigKeys (ConfUtils.java:logGet(44)) - raft.server.log.appender.buffer.element-limit = 1 (custom)
2020-07-27 09:55:46,195 [EventQueue-PipelineReportForPipelineReportHandler] INFO  pipeline.PipelineStateManager (PipelineStateManager.java:openPipeline(131)) - Pipeline Pipeline[ Id: 211d2911-d149-470c-93b5-433ffa6da013, Nodes: 1abd5772-62cd-4705-9996-234721943c22{ip: 172.17.0.2, host: 5b2e5051647c, networkLocation: /default-rack, certSerialId: null}6149466c-0ff2-4d16-87a0-4777c761ad23{ip: 172.17.0.2, host: 5b2e5051647c, networkLocation: /default-rack, certSerialId: null}c5cd7f8e-e419-427c-8535-fd2c10c6404c{ip: 172.17.0.2, host: 5b2e5051647c, networkLocation: /default-rack, certSerialId: null}, Type:RATIS, Factor:THREE, State:ALLOCATED, leaderId:1abd5772-62cd-4705-9996-234721943c22, CreationTimestamp2020-07-27T09:55:38.341Z] moved to OPEN state
2020-07-27 09:55:46,198 [grpc-default-executor-2] INFO  impl.RaftServerImpl (RaftServerImpl.java:setRole(185)) - c5cd7f8e-e419-427c-8535-fd2c10c6404c@group-433FFA6DA013: changes role from  FOLLOWER to FOLLOWER at term 1 for recognizeCandidate:1abd5772-62cd-4705-9996-234721943c22
2020-07-27 09:55:46,198 [grpc-default-executor-2] INFO  impl.RoleInfo (RoleInfo.java:shutdownFollowerState(121)) - c5cd7f8e-e419-427c-8535-fd2c10c6404c: shutdown FollowerState
2020-07-27 09:55:46,198 [grpc-default-executor-2] INFO  impl.RoleInfo (RoleInfo.java:updateAndGet(143)) - c5cd7f8e-e419-427c-8535-fd2c10c6404c: start FollowerState
2020-07-27 09:55:46,198 [1abd5772-62cd-4705-9996-234721943c22@group-433FFA6DA013-LeaderElection18] INFO  grpc.GrpcConfigKeys (ConfUtils.java:logGet(44)) - raft.grpc.server.leader.outstanding.appends.max = 128 (default)
2020-07-27 09:55:46,202 [1abd5772-62cd-4705-9996-234721943c22@group-433FFA6DA013-LeaderElection18] INFO  server.RaftServerConfigKeys (ConfUtils.java:logGet(44)) - raft.server.rpc.request.timeout = 60s (custom)
2020-07-27 09:55:46,202 [1abd5772-62cd-4705-9996-234721943c22@group-433FFA6DA013-LeaderElection18] INFO  server.RaftServerConfigKeys (ConfUtils.java:logGet(44)) - raft.server.log.appender.install.snapshot.enabled = false (custom)
2020-07-27 09:55:46,203 [1abd5772-62cd-4705-9996-234721943c22@group-433FFA6DA013-LeaderElection18] INFO  impl.RoleInfo (RoleInfo.java:updateAndGet(143)) - 1abd5772-62cd-4705-9996-234721943c22: start LeaderState
2020-07-27 09:55:46,203 [1abd5772-62cd-4705-9996-234721943c22@group-433FFA6DA013-LeaderElection18] INFO  segmented.SegmentedRaftLogWorker (SegmentedRaftLogWorker.java:startLogSegment(397)) - 1abd5772-62cd-4705-9996-234721943c22@group-433FFA6DA013-SegmentedRaftLogWorker: Starting segment from index:0
2020-07-27 09:55:46,198 [Thread-608] INFO  impl.FollowerState (FollowerState.java:run(117)) - c5cd7f8e-e419-427c-8535-fd2c10c6404c@group-433FFA6DA013-FollowerState was interrupted: java.lang.InterruptedException: sleep interrupted
2020-07-27 09:55:46,205 [1abd5772-62cd-4705-9996-234721943c22@group-433FFA6DA013-LeaderElection18] INFO  impl.RaftServerImpl (ServerState.java:setRaftConf(356)) - 1abd5772-62cd-4705-9996-234721943c22@group-433FFA6DA013: set configuration 0: [6149466c-0ff2-4d16-87a0-4777c761ad23:172.17.0.2:43501, c5cd7f8e-e419-427c-8535-fd2c10c6404c:172.17.0.2:44385, 1abd5772-62cd-4705-9996-234721943c22:172.17.0.2:42565], old=null at 0
2020-07-27 09:55:46,206 [1abd5772-62cd-4705-9996-234721943c22@group-433FFA6DA013-SegmentedRaftLogWorker] INFO  segmented.SegmentedRaftLogWorker (SegmentedRaftLogWorker.java:execute(596)) - 1abd5772-62cd-4705-9996-234721943c22@group-433FFA6DA013-SegmentedRaftLogWorker: created new log segment /github/workspace/mnt/ozone/hadoop-ozone/integration-test/target/test-dir/MiniOzoneClusterImpl-6f095167-e36a-40e2-aefd-0fa47c7d82e2/datanode-3/data/ratis/211d2911-d149-470c-93b5-433ffa6da013/current/log_inprogress_0
2020-07-27 09:55:46,214 [grpc-default-executor-2] INFO  ratis.XceiverServerRatis (XceiverServerRatis.java:handleLeaderChangedNotification(822)) - Leader change notification received for group: group-433FFA6DA013 with new leaderId: 1abd5772-62cd-4705-9996-234721943c22
2020-07-27 09:55:46,214 [grpc-default-executor-2] INFO  impl.RaftServerImpl (ServerState.java:setLeader(255)) - 6149466c-0ff2-4d16-87a0-4777c761ad23@group-433FFA6DA013: change Leader from null to 1abd5772-62cd-4705-9996-234721943c22 at term 1 for appendEntries, leader elected after 5088ms
2020-07-27 09:55:46,222 [grpc-default-executor-1] INFO  ratis.XceiverServerRatis (XceiverServerRatis.java:handleLeaderChangedNotification(822)) - Leader change notification received for group: group-433FFA6DA013 with new leaderId: 1abd5772-62cd-4705-9996-234721943c22
2020-07-27 09:55:46,222 [grpc-default-executor-2] INFO  impl.RaftServerImpl (ServerState.java:setRaftConf(356)) - 6149466c-0ff2-4d16-87a0-4777c761ad23@group-433FFA6DA013: set configuration 0: [6149466c-0ff2-4d16-87a0-4777c761ad23:172.17.0.2:43501, c5cd7f8e-e419-427c-8535-fd2c10c6404c:172.17.0.2:44385, 1abd5772-62cd-4705-9996-234721943c22:172.17.0.2:42565], old=null at 0
2020-07-27 09:55:46,222 [grpc-default-executor-1] INFO  impl.RaftServerImpl (ServerState.java:setLeader(255)) - c5cd7f8e-e419-427c-8535-fd2c10c6404c@group-433FFA6DA013: change Leader from null to 1abd5772-62cd-4705-9996-234721943c22 at term 1 for appendEntries, leader elected after 5069ms
2020-07-27 09:55:46,222 [grpc-default-executor-2] INFO  segmented.SegmentedRaftLogWorker (SegmentedRaftLogWorker.java:startLogSegment(397)) - 6149466c-0ff2-4d16-87a0-4777c761ad23@group-433FFA6DA013-SegmentedRaftLogWorker: Starting segment from index:0
2020-07-27 09:55:46,224 [6149466c-0ff2-4d16-87a0-4777c761ad23@group-433FFA6DA013-SegmentedRaftLogWorker] INFO  segmented.SegmentedRaftLogWorker (SegmentedRaftLogWorker.java:execute(596)) - 6149466c-0ff2-4d16-87a0-4777c761ad23@group-433FFA6DA013-SegmentedRaftLogWorker: created new log segment /github/workspace/mnt/ozone/hadoop-ozone/integration-test/target/test-dir/MiniOzoneClusterImpl-6f095167-e36a-40e2-aefd-0fa47c7d82e2/datanode-4/data/ratis/211d2911-d149-470c-93b5-433ffa6da013/current/log_inprogress_0
2020-07-27 09:55:46,224 [grpc-default-executor-1] INFO  impl.RaftServerImpl (ServerState.java:setRaftConf(356)) - c5cd7f8e-e419-427c-8535-fd2c10c6404c@group-433FFA6DA013: set configuration 0: [6149466c-0ff2-4d16-87a0-4777c761ad23:172.17.0.2:43501, c5cd7f8e-e419-427c-8535-fd2c10c6404c:172.17.0.2:44385, 1abd5772-62cd-4705-9996-234721943c22:172.17.0.2:42565], old=null at 0
2020-07-27 09:55:46,225 [grpc-default-executor-1] INFO  segmented.SegmentedRaftLogWorker (SegmentedRaftLogWorker.java:startLogSegment(397)) - c5cd7f8e-e419-427c-8535-fd2c10c6404c@group-433FFA6DA013-SegmentedRaftLogWorker: Starting segment from index:0
2020-07-27 09:55:46,229 [c5cd7f8e-e419-427c-8535-fd2c10c6404c@group-433FFA6DA013-SegmentedRaftLogWorker] INFO  segmented.SegmentedRaftLogWorker (SegmentedRaftLogWorker.java:execute(596)) - c5cd7f8e-e419-427c-8535-fd2c10c6404c@group-433FFA6DA013-SegmentedRaftLogWorker: created new log segment /github/workspace/mnt/ozone/hadoop-ozone/integration-test/target/test-dir/MiniOzoneClusterImpl-6f095167-e36a-40e2-aefd-0fa47c7d82e2/datanode-5/data/ratis/211d2911-d149-470c-93b5-433ffa6da013/current/log_inprogress_0
2020-07-27 09:55:46,240 [Thread-611] INFO  impl.FollowerState (FollowerState.java:run(108)) - 6149466c-0ff2-4d16-87a0-4777c761ad23@group-F989998C1E69-FollowerState: change to CANDIDATE, lastRpcTime:5006ms, electionTimeout:5006ms
2020-07-27 09:55:46,241 [Thread-611] INFO  impl.RoleInfo (RoleInfo.java:shutdownFollowerState(121)) - 6149466c-0ff2-4d16-87a0-4777c761ad23: shutdown FollowerState
2020-07-27 09:55:46,241 [Thread-611] INFO  impl.RaftServerImpl (RaftServerImpl.java:setRole(185)) - 6149466c-0ff2-4d16-87a0-4777c761ad23@group-F989998C1E69: changes role from  FOLLOWER to CANDIDATE at term 0 for changeToCandidate
2020-07-27 09:55:46,241 [Thread-611] INFO  impl.RoleInfo (RoleInfo.java:updateAndGet(143)) - 6149466c-0ff2-4d16-87a0-4777c761ad23: start LeaderElection
2020-07-27 09:55:46,242 [6149466c-0ff2-4d16-87a0-4777c761ad23@group-F989998C1E69-LeaderElection19] INFO  impl.LeaderElection (LeaderElection.java:askForVotes(209)) - 6149466c-0ff2-4d16-87a0-4777c761ad23@group-F989998C1E69-LeaderElection19: begin an election at term 1 for -1: [6149466c-0ff2-4d16-87a0-4777c761ad23:172.17.0.2:43501], old=null
2020-07-27 09:55:46,243 [6149466c-0ff2-4d16-87a0-4777c761ad23@group-F989998C1E69-LeaderElection19] INFO  impl.RoleInfo (RoleInfo.java:shutdownLeaderElection(134)) - 6149466c-0ff2-4d16-87a0-4777c761ad23: shutdown LeaderElection
2020-07-27 09:55:46,243 [6149466c-0ff2-4d16-87a0-4777c761ad23@group-F989998C1E69-LeaderElection19] INFO  impl.RaftServerImpl (RaftServerImpl.java:setRole(185)) - 6149466c-0ff2-4d16-87a0-4777c761ad23@group-F989998C1E69: changes role from CANDIDATE to LEADER at term 1 for changeToLeader
2020-07-27 09:55:46,243 [6149466c-0ff2-4d16-87a0-4777c761ad23@group-F989998C1E69-LeaderElection19] INFO  ratis.XceiverServerRatis (XceiverServerRatis.java:handleLeaderChangedNotification(822)) - Leader change notification received for group: group-F989998C1E69 with new leaderId: 6149466c-0ff2-4d16-87a0-4777c761ad23
2020-07-27 09:55:46,243 [6149466c-0ff2-4d16-87a0-4777c761ad23@group-F989998C1E69-LeaderElection19] INFO  impl.RaftServerImpl (ServerState.java:setLeader(255)) - 6149466c-0ff2-4d16-87a0-4777c761ad23@group-F989998C1E69: change Leader from null to 6149466c-0ff2-4d16-87a0-4777c761ad23 at term 1 for becomeLeader, leader elected after 5015ms
2020-07-27 09:55:46,246 [6149466c-0ff2-4d16-87a0-4777c761ad23@group-F989998C1E69-LeaderElection19] INFO  server.RaftServerConfigKeys (ConfUtils.java:logGet(44)) - raft.server.staging.catchup.gap = 1000 (default)
2020-07-27 09:55:46,247 [6149466c-0ff2-4d16-87a0-4777c761ad23@group-F989998C1E69-LeaderElection19] INFO  server.RaftServerConfigKeys (ConfUtils.java:logGet(44)) - raft.server.rpc.sleep.time = 25ms (default)
2020-07-27 09:55:46,247 [6149466c-0ff2-4d16-87a0-4777c761ad23@group-F989998C1E69-LeaderElection19] INFO  metrics.RatisMetrics (RatisMetrics.java:lambda$create$0(36)) - Creating Metrics Registry : ratis.log_appender.6149466c-0ff2-4d16-87a0-4777c761ad23@group-F989998C1E69
2020-07-27 09:55:46,247 [6149466c-0ff2-4d16-87a0-4777c761ad23@group-F989998C1E69-LeaderElection19] INFO  server.RaftServerConfigKeys (ConfUtils.java:logGet(44)) - raft.server.write.element-limit = 1024 (custom)
2020-07-27 09:55:46,247 [6149466c-0ff2-4d16-87a0-4777c761ad23@group-F989998C1E69-LeaderElection19] INFO  server.RaftServerConfigKeys (ConfUtils.java:logGet(44)) - raft.server.write.byte-limit = 1073741824 (custom)
2020-07-27 09:55:46,247 [6149466c-0ff2-4d16-87a0-4777c761ad23@group-F989998C1E69-LeaderElection19] INFO  server.RaftServerConfigKeys (ConfUtils.java:logGet(44)) - raft.server.watch.timeout = 180s (custom)
2020-07-27 09:55:46,247 [6149466c-0ff2-4d16-87a0-4777c761ad23@group-F989998C1E69-LeaderElection19] INFO  server.RaftServerConfigKeys (ConfUtils.java:logGet(44)) - raft.server.watch.timeout.denomination = 1s (default)
2020-07-27 09:55:46,247 [6149466c-0ff2-4d16-87a0-4777c761ad23@group-F989998C1E69-LeaderElection19] INFO  server.RaftServerConfigKeys (ConfUtils.java:logGet(44)) - raft.server.watch.element-limit = 65536 (default)
2020-07-27 09:55:46,247 [6149466c-0ff2-4d16-87a0-4777c761ad23@group-F989998C1E69-LeaderElection19] INFO  impl.RoleInfo (RoleInfo.java:updateAndGet(143)) - 6149466c-0ff2-4d16-87a0-4777c761ad23: start LeaderState
2020-07-27 09:55:46,249 [6149466c-0ff2-4d16-87a0-4777c761ad23@group-F989998C1E69-LeaderElection19] INFO  segmented.SegmentedRaftLogWorker (SegmentedRaftLogWorker.java:startLogSegment(397)) - 6149466c-0ff2-4d16-87a0-4777c761ad23@group-F989998C1E69-SegmentedRaftLogWorker: Starting segment from index:0
2020-07-27 09:55:46,251 [6149466c-0ff2-4d16-87a0-4777c761ad23@group-F989998C1E69-SegmentedRaftLogWorker] INFO  segmented.SegmentedRaftLogWorker (SegmentedRaftLogWorker.java:execute(596)) - 6149466c-0ff2-4d16-87a0-4777c761ad23@group-F989998C1E69-SegmentedRaftLogWorker: created new log segment /github/workspace/mnt/ozone/hadoop-ozone/integration-test/target/test-dir/MiniOzoneClusterImpl-6f095167-e36a-40e2-aefd-0fa47c7d82e2/datanode-4/data/ratis/276364e4-b1b0-4339-b645-f989998c1e69/current/log_inprogress_0
2020-07-27 09:55:46,252 [6149466c-0ff2-4d16-87a0-4777c761ad23@group-F989998C1E69-LeaderElection19] INFO  impl.RaftServerImpl (ServerState.java:setRaftConf(356)) - 6149466c-0ff2-4d16-87a0-4777c761ad23@group-F989998C1E69: set configuration 0: [6149466c-0ff2-4d16-87a0-4777c761ad23:172.17.0.2:43501], old=null at 0
2020-07-27 09:55:46,366 [Thread-613] INFO  impl.FollowerState (FollowerState.java:run(108)) - c5cd7f8e-e419-427c-8535-fd2c10c6404c@group-A1B1CAFA482E-FollowerState: change to CANDIDATE, lastRpcTime:5018ms, electionTimeout:5014ms
2020-07-27 09:55:46,367 [Thread-613] INFO  impl.RoleInfo (RoleInfo.java:shutdownFollowerState(121)) - c5cd7f8e-e419-427c-8535-fd2c10c6404c: shutdown FollowerState
2020-07-27 09:55:46,367 [Thread-613] INFO  impl.RaftServerImpl (RaftServerImpl.java:setRole(185)) - c5cd7f8e-e419-427c-8535-fd2c10c6404c@group-A1B1CAFA482E: changes role from  FOLLOWER to CANDIDATE at term 0 for changeToCandidate
2020-07-27 09:55:46,367 [Thread-613] INFO  impl.RoleInfo (RoleInfo.java:updateAndGet(143)) - c5cd7f8e-e419-427c-8535-fd2c10c6404c: start LeaderElection
2020-07-27 09:55:46,368 [c5cd7f8e-e419-427c-8535-fd2c10c6404c@group-A1B1CAFA482E-LeaderElection20] INFO  impl.LeaderElection (LeaderElection.java:askForVotes(209)) - c5cd7f8e-e419-427c-8535-fd2c10c6404c@group-A1B1CAFA482E-LeaderElection20: begin an election at term 1 for -1: [c5cd7f8e-e419-427c-8535-fd2c10c6404c:172.17.0.2:44385], old=null
2020-07-27 09:55:46,368 [c5cd7f8e-e419-427c-8535-fd2c10c6404c@group-A1B1CAFA482E-LeaderElection20] INFO  impl.RoleInfo (RoleInfo.java:shutdownLeaderElection(134)) - c5cd7f8e-e419-427c-8535-fd2c10c6404c: shutdown LeaderElection
2020-07-27 09:55:46,368 [c5cd7f8e-e419-427c-8535-fd2c10c6404c@group-A1B1CAFA482E-LeaderElection20] INFO  impl.RaftServerImpl (RaftServerImpl.java:setRole(185)) - c5cd7f8e-e419-427c-8535-fd2c10c6404c@group-A1B1CAFA482E: changes role from CANDIDATE to LEADER at term 1 for changeToLeader
2020-07-27 09:55:46,369 [c5cd7f8e-e419-427c-8535-fd2c10c6404c@group-A1B1CAFA482E-LeaderElection20] INFO  ratis.XceiverServerRatis (XceiverServerRatis.java:handleLeaderChangedNotification(822)) - Leader change notification received for group: group-A1B1CAFA482E with new leaderId: c5cd7f8e-e419-427c-8535-fd2c10c6404c
2020-07-27 09:55:46,369 [c5cd7f8e-e419-427c-8535-fd2c10c6404c@group-A1B1CAFA482E-LeaderElection20] INFO  impl.RaftServerImpl (ServerState.java:setLeader(255)) - c5cd7f8e-e419-427c-8535-fd2c10c6404c@group-A1B1CAFA482E: change Leader from null to c5cd7f8e-e419-427c-8535-fd2c10c6404c at term 1 for becomeLeader, leader elected after 5027ms
2020-07-27 09:55:46,369 [c5cd7f8e-e419-427c-8535-fd2c10c6404c@group-A1B1CAFA482E-LeaderElection20] INFO  server.RaftServerConfigKeys (ConfUtils.java:logGet(44)) - raft.server.staging.catchup.gap = 1000 (default)
2020-07-27 09:55:46,369 [c5cd7f8e-e419-427c-8535-fd2c10c6404c@group-A1B1CAFA482E-LeaderElection20] INFO  server.RaftServerConfigKeys (ConfUtils.java:logGet(44)) - raft.server.rpc.sleep.time = 25ms (default)
2020-07-27 09:55:46,369 [c5cd7f8e-e419-427c-8535-fd2c10c6404c@group-A1B1CAFA482E-LeaderElection20] INFO  metrics.RatisMetrics (RatisMetrics.java:lambda$create$0(36)) - Creating Metrics Registry : ratis.log_appender.c5cd7f8e-e419-427c-8535-fd2c10c6404c@group-A1B1CAFA482E
2020-07-27 09:55:46,369 [c5cd7f8e-e419-427c-8535-fd2c10c6404c@group-A1B1CAFA482E-LeaderElection20] INFO  server.RaftServerConfigKeys (ConfUtils.java:logGet(44)) - raft.server.write.element-limit = 1024 (custom)
2020-07-27 09:55:46,369 [c5cd7f8e-e419-427c-8535-fd2c10c6404c@group-A1B1CAFA482E-LeaderElection20] INFO  server.RaftServerConfigKeys (ConfUtils.java:logGet(44)) - raft.server.write.byte-limit = 1073741824 (custom)
2020-07-27 09:55:46,370 [c5cd7f8e-e419-427c-8535-fd2c10c6404c@group-A1B1CAFA482E-LeaderElection20] INFO  server.RaftServerConfigKeys (ConfUtils.java:logGet(44)) - raft.server.watch.timeout = 180s (custom)
2020-07-27 09:55:46,370 [c5cd7f8e-e419-427c-8535-fd2c10c6404c@group-A1B1CAFA482E-LeaderElection20] INFO  server.RaftServerConfigKeys (ConfUtils.java:logGet(44)) - raft.server.watch.timeout.denomination = 1s (default)
2020-07-27 09:55:46,370 [c5cd7f8e-e419-427c-8535-fd2c10c6404c@group-A1B1CAFA482E-LeaderElection20] INFO  server.RaftServerConfigKeys (ConfUtils.java:logGet(44)) - raft.server.watch.element-limit = 65536 (default)
2020-07-27 09:55:46,370 [c5cd7f8e-e419-427c-8535-fd2c10c6404c@group-A1B1CAFA482E-LeaderElection20] INFO  impl.RoleInfo (RoleInfo.java:updateAndGet(143)) - c5cd7f8e-e419-427c-8535-fd2c10c6404c: start LeaderState
2020-07-27 09:55:46,370 [c5cd7f8e-e419-427c-8535-fd2c10c6404c@group-A1B1CAFA482E-LeaderElection20] INFO  segmented.SegmentedRaftLogWorker (SegmentedRaftLogWorker.java:startLogSegment(397)) - c5cd7f8e-e419-427c-8535-fd2c10c6404c@group-A1B1CAFA482E-SegmentedRaftLogWorker: Starting segment from index:0
2020-07-27 09:55:46,371 [c5cd7f8e-e419-427c-8535-fd2c10c6404c@group-A1B1CAFA482E-SegmentedRaftLogWorker] INFO  segmented.SegmentedRaftLogWorker (SegmentedRaftLogWorker.java:execute(596)) - c5cd7f8e-e419-427c-8535-fd2c10c6404c@group-A1B1CAFA482E-SegmentedRaftLogWorker: created new log segment /github/workspace/mnt/ozone/hadoop-ozone/integration-test/target/test-dir/MiniOzoneClusterImpl-6f095167-e36a-40e2-aefd-0fa47c7d82e2/datanode-5/data/ratis/6fbb5aab-75af-44ba-9b01-a1b1cafa482e/current/log_inprogress_0
2020-07-27 09:55:46,386 [c5cd7f8e-e419-427c-8535-fd2c10c6404c@group-A1B1CAFA482E-LeaderElection20] INFO  impl.RaftServerImpl (ServerState.java:setRaftConf(356)) - c5cd7f8e-e419-427c-8535-fd2c10c6404c@group-A1B1CAFA482E: set configuration 0: [c5cd7f8e-e419-427c-8535-fd2c10c6404c:172.17.0.2:44385], old=null at 0
2020-07-27 09:55:46,436 [Listener at 127.0.0.1/37087] INFO  ozone.MiniOzoneClusterImpl (MiniOzoneClusterImpl.java:lambda$waitForClusterToBeReady$0(177)) - Nodes are ready. Got 7 of 7 DN Heartbeats.
2020-07-27 09:55:46,436 [Listener at 127.0.0.1/37087] INFO  ozone.MiniOzoneClusterImpl (MiniOzoneClusterImpl.java:lambda$waitForClusterToBeReady$0(180)) - Cluster exits safe mode
2020-07-27 09:55:46,457 [Listener at 127.0.0.1/37087] INFO  rpc.RpcClient (RpcClient.java:createVolume(314)) - Creating Volume: testblockoutputstreamwithretries, with jenkins1001 as owner.
2020-07-27 09:55:46,458 [IPC Server handler 2 on default port 37087] INFO  volume.OMVolumeCreateRequest (OMVolumeCreateRequest.java:validateAndUpdateCache(195)) - created volume:testblockoutputstreamwithretries for user:jenkins1001
2020-07-27 09:55:46,462 [Listener at 127.0.0.1/37087] INFO  rpc.RpcClient (RpcClient.java:createBucket(459)) - Creating Bucket: testblockoutputstreamwithretries/testblockoutputstreamwithretries, with Versioning false and Storage Type set to DISK and Encryption set to false 
2020-07-27 09:55:46,495 [Thread-615] INFO  impl.FollowerState (FollowerState.java:run(108)) - fb881f82-5e57-41ff-b606-0a47835c2f4e@group-01D02DF1BECF-FollowerState: change to CANDIDATE, lastRpcTime:5034ms, electionTimeout:5034ms
2020-07-27 09:55:46,495 [Thread-615] INFO  impl.RoleInfo (RoleInfo.java:shutdownFollowerState(121)) - fb881f82-5e57-41ff-b606-0a47835c2f4e: shutdown FollowerState
2020-07-27 09:55:46,495 [Thread-615] INFO  impl.RaftServerImpl (RaftServerImpl.java:setRole(185)) - fb881f82-5e57-41ff-b606-0a47835c2f4e@group-01D02DF1BECF: changes role from  FOLLOWER to CANDIDATE at term 0 for changeToCandidate
2020-07-27 09:55:46,495 [Thread-615] INFO  impl.RoleInfo (RoleInfo.java:updateAndGet(143)) - fb881f82-5e57-41ff-b606-0a47835c2f4e: start LeaderElection
2020-07-27 09:55:46,513 [fb881f82-5e57-41ff-b606-0a47835c2f4e@group-01D02DF1BECF-LeaderElection21] INFO  impl.LeaderElection (LeaderElection.java:askForVotes(209)) - fb881f82-5e57-41ff-b606-0a47835c2f4e@group-01D02DF1BECF-LeaderElection21: begin an election at term 1 for -1: [fb881f82-5e57-41ff-b606-0a47835c2f4e:172.17.0.2:46069], old=null
2020-07-27 09:55:46,513 [fb881f82-5e57-41ff-b606-0a47835c2f4e@group-01D02DF1BECF-LeaderElection21] INFO  impl.RoleInfo (RoleInfo.java:shutdownLeaderElection(134)) - fb881f82-5e57-41ff-b606-0a47835c2f4e: shutdown LeaderElection
2020-07-27 09:55:46,514 [fb881f82-5e57-41ff-b606-0a47835c2f4e@group-01D02DF1BECF-LeaderElection21] INFO  impl.RaftServerImpl (RaftServerImpl.java:setRole(185)) - fb881f82-5e57-41ff-b606-0a47835c2f4e@group-01D02DF1BECF: changes role from CANDIDATE to LEADER at term 1 for changeToLeader
2020-07-27 09:55:46,514 [fb881f82-5e57-41ff-b606-0a47835c2f4e@group-01D02DF1BECF-LeaderElection21] INFO  ratis.XceiverServerRatis (XceiverServerRatis.java:handleLeaderChangedNotification(822)) - Leader change notification received for group: group-01D02DF1BECF with new leaderId: fb881f82-5e57-41ff-b606-0a47835c2f4e
2020-07-27 09:55:46,514 [fb881f82-5e57-41ff-b606-0a47835c2f4e@group-01D02DF1BECF-LeaderElection21] INFO  impl.RaftServerImpl (ServerState.java:setLeader(255)) - fb881f82-5e57-41ff-b606-0a47835c2f4e@group-01D02DF1BECF: change Leader from null to fb881f82-5e57-41ff-b606-0a47835c2f4e at term 1 for becomeLeader, leader elected after 5073ms
2020-07-27 09:55:46,514 [fb881f82-5e57-41ff-b606-0a47835c2f4e@group-01D02DF1BECF-LeaderElection21] INFO  server.RaftServerConfigKeys (ConfUtils.java:logGet(44)) - raft.server.staging.catchup.gap = 1000 (default)
2020-07-27 09:55:46,514 [fb881f82-5e57-41ff-b606-0a47835c2f4e@group-01D02DF1BECF-LeaderElection21] INFO  server.RaftServerConfigKeys (ConfUtils.java:logGet(44)) - raft.server.rpc.sleep.time = 25ms (default)
2020-07-27 09:55:46,514 [fb881f82-5e57-41ff-b606-0a47835c2f4e@group-01D02DF1BECF-LeaderElection21] INFO  metrics.RatisMetrics (RatisMetrics.java:lambda$create$0(36)) - Creating Metrics Registry : ratis.log_appender.fb881f82-5e57-41ff-b606-0a47835c2f4e@group-01D02DF1BECF
2020-07-27 09:55:46,515 [fb881f82-5e57-41ff-b606-0a47835c2f4e@group-01D02DF1BECF-LeaderElection21] INFO  server.RaftServerConfigKeys (ConfUtils.java:logGet(44)) - raft.server.write.element-limit = 1024 (custom)
2020-07-27 09:55:46,515 [fb881f82-5e57-41ff-b606-0a47835c2f4e@group-01D02DF1BECF-LeaderElection21] INFO  server.RaftServerConfigKeys (ConfUtils.java:logGet(44)) - raft.server.write.byte-limit = 1073741824 (custom)
2020-07-27 09:55:46,515 [fb881f82-5e57-41ff-b606-0a47835c2f4e@group-01D02DF1BECF-LeaderElection21] INFO  server.RaftServerConfigKeys (ConfUtils.java:logGet(44)) - raft.server.watch.timeout = 180s (custom)
2020-07-27 09:55:46,515 [fb881f82-5e57-41ff-b606-0a47835c2f4e@group-01D02DF1BECF-LeaderElection21] INFO  server.RaftServerConfigKeys (ConfUtils.java:logGet(44)) - raft.server.watch.timeout.denomination = 1s (default)
2020-07-27 09:55:46,515 [fb881f82-5e57-41ff-b606-0a47835c2f4e@group-01D02DF1BECF-LeaderElection21] INFO  server.RaftServerConfigKeys (ConfUtils.java:logGet(44)) - raft.server.watch.element-limit = 65536 (default)
2020-07-27 09:55:46,516 [fb881f82-5e57-41ff-b606-0a47835c2f4e@group-01D02DF1BECF-LeaderElection21] INFO  impl.RoleInfo (RoleInfo.java:updateAndGet(143)) - fb881f82-5e57-41ff-b606-0a47835c2f4e: start LeaderState
2020-07-27 09:55:46,516 [fb881f82-5e57-41ff-b606-0a47835c2f4e@group-01D02DF1BECF-LeaderElection21] INFO  segmented.SegmentedRaftLogWorker (SegmentedRaftLogWorker.java:startLogSegment(397)) - fb881f82-5e57-41ff-b606-0a47835c2f4e@group-01D02DF1BECF-SegmentedRaftLogWorker: Starting segment from index:0
2020-07-27 09:55:46,518 [fb881f82-5e57-41ff-b606-0a47835c2f4e@group-01D02DF1BECF-LeaderElection21] INFO  impl.RaftServerImpl (ServerState.java:setRaftConf(356)) - fb881f82-5e57-41ff-b606-0a47835c2f4e@group-01D02DF1BECF: set configuration 0: [fb881f82-5e57-41ff-b606-0a47835c2f4e:172.17.0.2:46069], old=null at 0
2020-07-27 09:55:46,518 [fb881f82-5e57-41ff-b606-0a47835c2f4e@group-01D02DF1BECF-SegmentedRaftLogWorker] INFO  segmented.SegmentedRaftLogWorker (SegmentedRaftLogWorker.java:execute(596)) - fb881f82-5e57-41ff-b606-0a47835c2f4e@group-01D02DF1BECF-SegmentedRaftLogWorker: created new log segment /github/workspace/mnt/ozone/hadoop-ozone/integration-test/target/test-dir/MiniOzoneClusterImpl-6f095167-e36a-40e2-aefd-0fa47c7d82e2/datanode-6/data/ratis/7c9e8733-8d3f-4890-9ed5-01d02df1becf/current/log_inprogress_0
2020-07-27 09:55:46,590 [EventQueue-CloseContainerForCloseContainerEventHandler] INFO  container.CloseContainerEventHandler (CloseContainerEventHandler.java:onMessage(61)) - Close container Event triggered for container : #1
2020-07-27 09:55:46,590 [EventQueue-CloseContainerForCloseContainerEventHandler] INFO  container.CloseContainerEventHandler (CloseContainerEventHandler.java:onMessage(61)) - Close container Event triggered for container : #2
2020-07-27 09:55:46,591 [EventQueue-CloseContainerForCloseContainerEventHandler] INFO  container.CloseContainerEventHandler (CloseContainerEventHandler.java:onMessage(61)) - Close container Event triggered for container : #3
2020-07-27 09:55:48,559 [RatisApplyTransactionExecutor 1] INFO  interfaces.Container (KeyValueContainer.java:flushAndSyncDB(382)) - Container 1 is synced with bcsId 15.
2020-07-27 09:55:48,559 [RatisApplyTransactionExecutor 1] INFO  interfaces.Container (KeyValueContainer.java:flushAndSyncDB(382)) - Container 1 is synced with bcsId 15.
2020-07-27 09:55:48,564 [RatisApplyTransactionExecutor 1] INFO  interfaces.Container (KeyValueContainer.java:close(320)) - Container 1 is closed with bcsId 15.
2020-07-27 09:55:48,566 [EventQueue-IncrementalContainerReportForIncrementalContainerReportHandler] INFO  container.IncrementalContainerReportHandler (AbstractContainerReportHandler.java:updateContainerState(171)) - Moving container #1 to CLOSED state, datanode db756141-0354-427a-9153-f34ecc5b5329{ip: 172.17.0.2, host: 5b2e5051647c, networkLocation: /default-rack, certSerialId: null} reported CLOSED replica.
2020-07-27 09:55:48,571 [RatisApplyTransactionExecutor 2] INFO  interfaces.Container (KeyValueContainer.java:flushAndSyncDB(382)) - Container 2 is synced with bcsId 0.
2020-07-27 09:55:48,571 [RatisApplyTransactionExecutor 2] INFO  interfaces.Container (KeyValueContainer.java:flushAndSyncDB(382)) - Container 2 is synced with bcsId 0.
2020-07-27 09:55:48,573 [RatisApplyTransactionExecutor 2] INFO  interfaces.Container (KeyValueContainer.java:close(320)) - Container 2 is closed with bcsId 0.
2020-07-27 09:55:48,574 [EventQueue-IncrementalContainerReportForIncrementalContainerReportHandler] INFO  container.IncrementalContainerReportHandler (AbstractContainerReportHandler.java:updateContainerState(171)) - Moving container #2 to CLOSED state, datanode db756141-0354-427a-9153-f34ecc5b5329{ip: 172.17.0.2, host: 5b2e5051647c, networkLocation: /default-rack, certSerialId: null} reported CLOSED replica.
2020-07-27 09:55:48,577 [RatisApplyTransactionExecutor 3] INFO  interfaces.Container (KeyValueContainer.java:flushAndSyncDB(382)) - Container 3 is synced with bcsId 0.
2020-07-27 09:55:48,577 [RatisApplyTransactionExecutor 3] INFO  interfaces.Container (KeyValueContainer.java:flushAndSyncDB(382)) - Container 3 is synced with bcsId 0.
2020-07-27 09:55:48,580 [RatisApplyTransactionExecutor 3] INFO  interfaces.Container (KeyValueContainer.java:close(320)) - Container 3 is closed with bcsId 0.
2020-07-27 09:55:48,581 [EventQueue-IncrementalContainerReportForIncrementalContainerReportHandler] INFO  container.IncrementalContainerReportHandler (AbstractContainerReportHandler.java:updateContainerState(171)) - Moving container #3 to CLOSED state, datanode db756141-0354-427a-9153-f34ecc5b5329{ip: 172.17.0.2, host: 5b2e5051647c, networkLocation: /default-rack, certSerialId: null} reported CLOSED replica.
09:55:48.595 [grpc-default-executor-1] ERROR DNAudit - user=null | ip=null | op=WRITE_CHUNK {blockData=conID: 1 locID: 104585215768854531 bcsId: 15} | ret=FAILURE
org.apache.hadoop.hdds.scm.container.common.helpers.ContainerNotOpenException: Container 1 in CLOSED state
	at org.apache.hadoop.ozone.container.common.impl.HddsDispatcher.validateContainerCommand(HddsDispatcher.java:479) ~[hadoop-hdds-container-service-0.6.0-SNAPSHOT.jar:?]
	at org.apache.hadoop.ozone.container.common.transport.server.ratis.ContainerStateMachine.startTransaction(ContainerStateMachine.java:319) ~[hadoop-hdds-container-service-0.6.0-SNAPSHOT.jar:?]
	at org.apache.ratis.server.impl.RaftServerImpl.submitClientRequestAsync(RaftServerImpl.java:634) ~[ratis-server-1.0.0.jar:1.0.0]
	at org.apache.ratis.server.impl.RaftServerProxy.lambda$submitClientRequestAsync$7(RaftServerProxy.java:338) ~[ratis-server-1.0.0.jar:1.0.0]
	at org.apache.ratis.server.impl.RaftServerProxy.lambda$null$5(RaftServerProxy.java:333) ~[ratis-server-1.0.0.jar:1.0.0]
	at org.apache.ratis.util.JavaUtils.callAsUnchecked(JavaUtils.java:109) ~[ratis-common-1.0.0.jar:1.0.0]
	at org.apache.ratis.server.impl.RaftServerProxy.lambda$submitRequest$6(RaftServerProxy.java:333) ~[ratis-server-1.0.0.jar:1.0.0]
	at java.util.concurrent.CompletableFuture.uniComposeStage(CompletableFuture.java:995) ~[?:1.8.0_232]
	at java.util.concurrent.CompletableFuture.thenCompose(CompletableFuture.java:2137) ~[?:1.8.0_232]
	at org.apache.ratis.server.impl.RaftServerProxy.submitRequest(RaftServerProxy.java:332) ~[ratis-server-1.0.0.jar:1.0.0]
	at org.apache.ratis.server.impl.RaftServerProxy.submitClientRequestAsync(RaftServerProxy.java:338) ~[ratis-server-1.0.0.jar:1.0.0]
	at org.apache.ratis.grpc.client.GrpcClientProtocolService$RequestStreamObserver.processClientRequest(GrpcClientProtocolService.java:225) ~[ratis-grpc-1.0.0.jar:1.0.0]
	at org.apache.ratis.grpc.client.GrpcClientProtocolService$OrderedRequestStreamObserver.processClientRequest(GrpcClientProtocolService.java:331) ~[ratis-grpc-1.0.0.jar:1.0.0]
	at org.apache.ratis.util.SlidingWindow$Server.processRequestsFromHead(SlidingWindow.java:429) [ratis-common-1.0.0.jar:1.0.0]
	at org.apache.ratis.util.SlidingWindow$Server.receivedRequest(SlidingWindow.java:421) [ratis-common-1.0.0.jar:1.0.0]
	at org.apache.ratis.grpc.client.GrpcClientProtocolService$OrderedRequestStreamObserver.processClientRequest(GrpcClientProtocolService.java:355) [ratis-grpc-1.0.0.jar:1.0.0]
	at org.apache.ratis.grpc.client.GrpcClientProtocolService$RequestStreamObserver.onNext(GrpcClientProtocolService.java:245) [ratis-grpc-1.0.0.jar:1.0.0]
	at org.apache.ratis.grpc.client.GrpcClientProtocolService$RequestStreamObserver.onNext(GrpcClientProtocolService.java:168) [ratis-grpc-1.0.0.jar:1.0.0]
	at org.apache.ratis.thirdparty.io.grpc.stub.ServerCalls$StreamingServerCallHandler$StreamingServerCallListener.onMessage(ServerCalls.java:251) [ratis-thirdparty-misc-0.5.0.jar:0.5.0]
	at org.apache.ratis.thirdparty.io.grpc.internal.ServerCallImpl$ServerStreamListenerImpl.messagesAvailableInternal(ServerCallImpl.java:309) [ratis-thirdparty-misc-0.5.0.jar:0.5.0]
	at org.apache.ratis.thirdparty.io.grpc.internal.ServerCallImpl$ServerStreamListenerImpl.messagesAvailable(ServerCallImpl.java:292) [ratis-thirdparty-misc-0.5.0.jar:0.5.0]
	at org.apache.ratis.thirdparty.io.grpc.internal.ServerImpl$JumpToApplicationThreadServerStreamListener$1MessagesAvailable.runInContext(ServerImpl.java:783) [ratis-thirdparty-misc-0.5.0.jar:0.5.0]
	at org.apache.ratis.thirdparty.io.grpc.internal.ContextRunnable.run(ContextRunnable.java:37) [ratis-thirdparty-misc-0.5.0.jar:0.5.0]
	at org.apache.ratis.thirdparty.io.grpc.internal.SerializingExecutor.run(SerializingExecutor.java:123) [ratis-thirdparty-misc-0.5.0.jar:0.5.0]
	at java.util.concurrent.ThreadPoolExecutor.runWorker(ThreadPoolExecutor.java:1149) [?:1.8.0_232]
	at java.util.concurrent.ThreadPoolExecutor$Worker.run(ThreadPoolExecutor.java:624) [?:1.8.0_232]
	at java.lang.Thread.run(Thread.java:748) [?:1.8.0_232]
09:55:48.615 [grpc-default-executor-1] ERROR DNAudit - user=null | ip=null | op=WRITE_CHUNK {blockData=conID: 1 locID: 104585215768854531 bcsId: 15} | ret=FAILURE
org.apache.hadoop.hdds.scm.container.common.helpers.ContainerNotOpenException: Container 1 in CLOSED state
	at org.apache.hadoop.ozone.container.common.impl.HddsDispatcher.validateContainerCommand(HddsDispatcher.java:479) ~[hadoop-hdds-container-service-0.6.0-SNAPSHOT.jar:?]
	at org.apache.hadoop.ozone.container.common.transport.server.ratis.ContainerStateMachine.startTransaction(ContainerStateMachine.java:319) ~[hadoop-hdds-container-service-0.6.0-SNAPSHOT.jar:?]
	at org.apache.ratis.server.impl.RaftServerImpl.submitClientRequestAsync(RaftServerImpl.java:634) ~[ratis-server-1.0.0.jar:1.0.0]
	at org.apache.ratis.server.impl.RaftServerProxy.lambda$submitClientRequestAsync$7(RaftServerProxy.java:338) ~[ratis-server-1.0.0.jar:1.0.0]
	at org.apache.ratis.server.impl.RaftServerProxy.lambda$null$5(RaftServerProxy.java:333) ~[ratis-server-1.0.0.jar:1.0.0]
	at org.apache.ratis.util.JavaUtils.callAsUnchecked(JavaUtils.java:109) ~[ratis-common-1.0.0.jar:1.0.0]
	at org.apache.ratis.server.impl.RaftServerProxy.lambda$submitRequest$6(RaftServerProxy.java:333) ~[ratis-server-1.0.0.jar:1.0.0]
	at java.util.concurrent.CompletableFuture.uniComposeStage(CompletableFuture.java:995) ~[?:1.8.0_232]
	at java.util.concurrent.CompletableFuture.thenCompose(CompletableFuture.java:2137) ~[?:1.8.0_232]
	at org.apache.ratis.server.impl.RaftServerProxy.submitRequest(RaftServerProxy.java:332) ~[ratis-server-1.0.0.jar:1.0.0]
	at org.apache.ratis.server.impl.RaftServerProxy.submitClientRequestAsync(RaftServerProxy.java:338) ~[ratis-server-1.0.0.jar:1.0.0]
	at org.apache.ratis.grpc.client.GrpcClientProtocolService$RequestStreamObserver.processClientRequest(GrpcClientProtocolService.java:225) ~[ratis-grpc-1.0.0.jar:1.0.0]
	at org.apache.ratis.grpc.client.GrpcClientProtocolService$OrderedRequestStreamObserver.processClientRequest(GrpcClientProtocolService.java:331) ~[ratis-grpc-1.0.0.jar:1.0.0]
	at org.apache.ratis.util.SlidingWindow$Server.processRequestsFromHead(SlidingWindow.java:429) [ratis-common-1.0.0.jar:1.0.0]
	at org.apache.ratis.util.SlidingWindow$Server.receivedRequest(SlidingWindow.java:421) [ratis-common-1.0.0.jar:1.0.0]
	at org.apache.ratis.grpc.client.GrpcClientProtocolService$OrderedRequestStreamObserver.processClientRequest(GrpcClientProtocolService.java:355) [ratis-grpc-1.0.0.jar:1.0.0]
	at org.apache.ratis.grpc.client.GrpcClientProtocolService$RequestStreamObserver.onNext(GrpcClientProtocolService.java:245) [ratis-grpc-1.0.0.jar:1.0.0]
	at org.apache.ratis.grpc.client.GrpcClientProtocolService$RequestStreamObserver.onNext(GrpcClientProtocolService.java:168) [ratis-grpc-1.0.0.jar:1.0.0]
	at org.apache.ratis.thirdparty.io.grpc.stub.ServerCalls$StreamingServerCallHandler$StreamingServerCallListener.onMessage(ServerCalls.java:251) [ratis-thirdparty-misc-0.5.0.jar:0.5.0]
	at org.apache.ratis.thirdparty.io.grpc.internal.ServerCallImpl$ServerStreamListenerImpl.messagesAvailableInternal(ServerCallImpl.java:309) [ratis-thirdparty-misc-0.5.0.jar:0.5.0]
	at org.apache.ratis.thirdparty.io.grpc.internal.ServerCallImpl$ServerStreamListenerImpl.messagesAvailable(ServerCallImpl.java:292) [ratis-thirdparty-misc-0.5.0.jar:0.5.0]
	at org.apache.ratis.thirdparty.io.grpc.internal.ServerImpl$JumpToApplicationThreadServerStreamListener$1MessagesAvailable.runInContext(ServerImpl.java:783) [ratis-thirdparty-misc-0.5.0.jar:0.5.0]
	at org.apache.ratis.thirdparty.io.grpc.internal.ContextRunnable.run(ContextRunnable.java:37) [ratis-thirdparty-misc-0.5.0.jar:0.5.0]
	at org.apache.ratis.thirdparty.io.grpc.internal.SerializingExecutor.run(SerializingExecutor.java:123) [ratis-thirdparty-misc-0.5.0.jar:0.5.0]
	at java.util.concurrent.ThreadPoolExecutor.runWorker(ThreadPoolExecutor.java:1149) [?:1.8.0_232]
	at java.util.concurrent.ThreadPoolExecutor$Worker.run(ThreadPoolExecutor.java:624) [?:1.8.0_232]
	at java.lang.Thread.run(Thread.java:748) [?:1.8.0_232]
2020-07-27 09:55:48,616 [grpc-default-executor-2] ERROR storage.BlockOutputStream (BlockOutputStream.java:lambda$writeChunkToContainer$3(643)) - writing chunk failed 104585215768854531_chunk_5 blockID conID: 1 locID: 104585215768854531 bcsId: 15 with exception org.apache.ratis.protocol.StateMachineException: org.apache.hadoop.hdds.scm.container.common.helpers.ContainerNotOpenException from Server db756141-0354-427a-9153-f34ecc5b5329@group-2A305473E0D3: Container 1 in CLOSED state
2020-07-27 09:55:48,618 [grpc-default-executor-2] ERROR storage.BlockOutputStream (BlockOutputStream.java:lambda$writeChunkToContainer$3(643)) - writing chunk failed 104585215768854531_chunk_6 blockID conID: 1 locID: 104585215768854531 bcsId: 15 with exception org.apache.ratis.protocol.StateMachineException: org.apache.hadoop.hdds.scm.container.common.helpers.ContainerNotOpenException from Server db756141-0354-427a-9153-f34ecc5b5329@group-2A305473E0D3: Container 1 in CLOSED state
09:55:48.621 [grpc-default-executor-1] ERROR DNAudit - user=null | ip=null | op=PUT_BLOCK {blockData=[blockId=conID: 1 locID: 104585215768854531 bcsId: 0,size=600]} | ret=FAILURE
org.apache.hadoop.hdds.scm.container.common.helpers.ContainerNotOpenException: Container 1 in CLOSED state
	at org.apache.hadoop.ozone.container.common.impl.HddsDispatcher.validateContainerCommand(HddsDispatcher.java:479) ~[hadoop-hdds-container-service-0.6.0-SNAPSHOT.jar:?]
	at org.apache.hadoop.ozone.container.common.transport.server.ratis.ContainerStateMachine.startTransaction(ContainerStateMachine.java:319) ~[hadoop-hdds-container-service-0.6.0-SNAPSHOT.jar:?]
	at org.apache.ratis.server.impl.RaftServerImpl.submitClientRequestAsync(RaftServerImpl.java:634) ~[ratis-server-1.0.0.jar:1.0.0]
	at org.apache.ratis.server.impl.RaftServerProxy.lambda$submitClientRequestAsync$7(RaftServerProxy.java:338) ~[ratis-server-1.0.0.jar:1.0.0]
	at org.apache.ratis.server.impl.RaftServerProxy.lambda$null$5(RaftServerProxy.java:333) ~[ratis-server-1.0.0.jar:1.0.0]
	at org.apache.ratis.util.JavaUtils.callAsUnchecked(JavaUtils.java:109) ~[ratis-common-1.0.0.jar:1.0.0]
	at org.apache.ratis.server.impl.RaftServerProxy.lambda$submitRequest$6(RaftServerProxy.java:333) ~[ratis-server-1.0.0.jar:1.0.0]
	at java.util.concurrent.CompletableFuture.uniComposeStage(CompletableFuture.java:995) ~[?:1.8.0_232]
	at java.util.concurrent.CompletableFuture.thenCompose(CompletableFuture.java:2137) ~[?:1.8.0_232]
	at org.apache.ratis.server.impl.RaftServerProxy.submitRequest(RaftServerProxy.java:332) ~[ratis-server-1.0.0.jar:1.0.0]
	at org.apache.ratis.server.impl.RaftServerProxy.submitClientRequestAsync(RaftServerProxy.java:338) ~[ratis-server-1.0.0.jar:1.0.0]
	at org.apache.ratis.grpc.client.GrpcClientProtocolService$RequestStreamObserver.processClientRequest(GrpcClientProtocolService.java:225) ~[ratis-grpc-1.0.0.jar:1.0.0]
	at org.apache.ratis.grpc.client.GrpcClientProtocolService$OrderedRequestStreamObserver.processClientRequest(GrpcClientProtocolService.java:331) ~[ratis-grpc-1.0.0.jar:1.0.0]
	at org.apache.ratis.util.SlidingWindow$Server.processRequestsFromHead(SlidingWindow.java:429) [ratis-common-1.0.0.jar:1.0.0]
	at org.apache.ratis.util.SlidingWindow$Server.receivedRequest(SlidingWindow.java:421) [ratis-common-1.0.0.jar:1.0.0]
	at org.apache.ratis.grpc.client.GrpcClientProtocolService$OrderedRequestStreamObserver.processClientRequest(GrpcClientProtocolService.java:355) [ratis-grpc-1.0.0.jar:1.0.0]
	at org.apache.ratis.grpc.client.GrpcClientProtocolService$RequestStreamObserver.onNext(GrpcClientProtocolService.java:245) [ratis-grpc-1.0.0.jar:1.0.0]
	at org.apache.ratis.grpc.client.GrpcClientProtocolService$RequestStreamObserver.onNext(GrpcClientProtocolService.java:168) [ratis-grpc-1.0.0.jar:1.0.0]
	at org.apache.ratis.thirdparty.io.grpc.stub.ServerCalls$StreamingServerCallHandler$StreamingServerCallListener.onMessage(ServerCalls.java:251) [ratis-thirdparty-misc-0.5.0.jar:0.5.0]
	at org.apache.ratis.thirdparty.io.grpc.internal.ServerCallImpl$ServerStreamListenerImpl.messagesAvailableInternal(ServerCallImpl.java:309) [ratis-thirdparty-misc-0.5.0.jar:0.5.0]
	at org.apache.ratis.thirdparty.io.grpc.internal.ServerCallImpl$ServerStreamListenerImpl.messagesAvailable(ServerCallImpl.java:292) [ratis-thirdparty-misc-0.5.0.jar:0.5.0]
	at org.apache.ratis.thirdparty.io.grpc.internal.ServerImpl$JumpToApplicationThreadServerStreamListener$1MessagesAvailable.runInContext(ServerImpl.java:783) [ratis-thirdparty-misc-0.5.0.jar:0.5.0]
	at org.apache.ratis.thirdparty.io.grpc.internal.ContextRunnable.run(ContextRunnable.java:37) [ratis-thirdparty-misc-0.5.0.jar:0.5.0]
	at org.apache.ratis.thirdparty.io.grpc.internal.SerializingExecutor.run(SerializingExecutor.java:123) [ratis-thirdparty-misc-0.5.0.jar:0.5.0]
	at java.util.concurrent.ThreadPoolExecutor.runWorker(ThreadPoolExecutor.java:1149) [?:1.8.0_232]
	at java.util.concurrent.ThreadPoolExecutor$Worker.run(ThreadPoolExecutor.java:624) [?:1.8.0_232]
	at java.lang.Thread.run(Thread.java:748) [?:1.8.0_232]
09:55:48.628 [grpc-default-executor-1] ERROR DNAudit - user=null | ip=null | op=WRITE_CHUNK {blockData=conID: 1 locID: 104585215768854531 bcsId: 15} | ret=FAILURE
org.apache.hadoop.hdds.scm.container.common.helpers.ContainerNotOpenException: Container 1 in CLOSED state
	at org.apache.hadoop.ozone.container.common.impl.HddsDispatcher.validateContainerCommand(HddsDispatcher.java:479) ~[hadoop-hdds-container-service-0.6.0-SNAPSHOT.jar:?]
	at org.apache.hadoop.ozone.container.common.transport.server.ratis.ContainerStateMachine.startTransaction(ContainerStateMachine.java:319) ~[hadoop-hdds-container-service-0.6.0-SNAPSHOT.jar:?]
	at org.apache.ratis.server.impl.RaftServerImpl.submitClientRequestAsync(RaftServerImpl.java:634) ~[ratis-server-1.0.0.jar:1.0.0]
	at org.apache.ratis.server.impl.RaftServerProxy.lambda$submitClientRequestAsync$7(RaftServerProxy.java:338) ~[ratis-server-1.0.0.jar:1.0.0]
	at org.apache.ratis.server.impl.RaftServerProxy.lambda$null$5(RaftServerProxy.java:333) ~[ratis-server-1.0.0.jar:1.0.0]
	at org.apache.ratis.util.JavaUtils.callAsUnchecked(JavaUtils.java:109) ~[ratis-common-1.0.0.jar:1.0.0]
	at org.apache.ratis.server.impl.RaftServerProxy.lambda$submitRequest$6(RaftServerProxy.java:333) ~[ratis-server-1.0.0.jar:1.0.0]
	at java.util.concurrent.CompletableFuture.uniComposeStage(CompletableFuture.java:995) ~[?:1.8.0_232]
	at java.util.concurrent.CompletableFuture.thenCompose(CompletableFuture.java:2137) ~[?:1.8.0_232]
	at org.apache.ratis.server.impl.RaftServerProxy.submitRequest(RaftServerProxy.java:332) ~[ratis-server-1.0.0.jar:1.0.0]
	at org.apache.ratis.server.impl.RaftServerProxy.submitClientRequestAsync(RaftServerProxy.java:338) ~[ratis-server-1.0.0.jar:1.0.0]
	at org.apache.ratis.grpc.client.GrpcClientProtocolService$RequestStreamObserver.processClientRequest(GrpcClientProtocolService.java:225) ~[ratis-grpc-1.0.0.jar:1.0.0]
	at org.apache.ratis.grpc.client.GrpcClientProtocolService$OrderedRequestStreamObserver.processClientRequest(GrpcClientProtocolService.java:331) ~[ratis-grpc-1.0.0.jar:1.0.0]
	at org.apache.ratis.util.SlidingWindow$Server.processRequestsFromHead(SlidingWindow.java:429) [ratis-common-1.0.0.jar:1.0.0]
	at org.apache.ratis.util.SlidingWindow$Server.receivedRequest(SlidingWindow.java:421) [ratis-common-1.0.0.jar:1.0.0]
	at org.apache.ratis.grpc.client.GrpcClientProtocolService$OrderedRequestStreamObserver.processClientRequest(GrpcClientProtocolService.java:355) [ratis-grpc-1.0.0.jar:1.0.0]
	at org.apache.ratis.grpc.client.GrpcClientProtocolService$RequestStreamObserver.onNext(GrpcClientProtocolService.java:245) [ratis-grpc-1.0.0.jar:1.0.0]
	at org.apache.ratis.grpc.client.GrpcClientProtocolService$RequestStreamObserver.onNext(GrpcClientProtocolService.java:168) [ratis-grpc-1.0.0.jar:1.0.0]
	at org.apache.ratis.thirdparty.io.grpc.stub.ServerCalls$StreamingServerCallHandler$StreamingServerCallListener.onMessage(ServerCalls.java:251) [ratis-thirdparty-misc-0.5.0.jar:0.5.0]
	at org.apache.ratis.thirdparty.io.grpc.internal.ServerCallImpl$ServerStreamListenerImpl.messagesAvailableInternal(ServerCallImpl.java:309) [ratis-thirdparty-misc-0.5.0.jar:0.5.0]
	at org.apache.ratis.thirdparty.io.grpc.internal.ServerCallImpl$ServerStreamListenerImpl.messagesAvailable(ServerCallImpl.java:292) [ratis-thirdparty-misc-0.5.0.jar:0.5.0]
	at org.apache.ratis.thirdparty.io.grpc.internal.ServerImpl$JumpToApplicationThreadServerStreamListener$1MessagesAvailable.runInContext(ServerImpl.java:783) [ratis-thirdparty-misc-0.5.0.jar:0.5.0]
	at org.apache.ratis.thirdparty.io.grpc.internal.ContextRunnable.run(ContextRunnable.java:37) [ratis-thirdparty-misc-0.5.0.jar:0.5.0]
	at org.apache.ratis.thirdparty.io.grpc.internal.SerializingExecutor.run(SerializingExecutor.java:123) [ratis-thirdparty-misc-0.5.0.jar:0.5.0]
	at java.util.concurrent.ThreadPoolExecutor.runWorker(ThreadPoolExecutor.java:1149) [?:1.8.0_232]
	at java.util.concurrent.ThreadPoolExecutor$Worker.run(ThreadPoolExecutor.java:624) [?:1.8.0_232]
	at java.lang.Thread.run(Thread.java:748) [?:1.8.0_232]
09:55:48.630 [grpc-default-executor-1] ERROR DNAudit - user=null | ip=null | op=WRITE_CHUNK {blockData=conID: 1 locID: 104585215768854531 bcsId: 15} | ret=FAILURE
org.apache.hadoop.hdds.scm.container.common.helpers.ContainerNotOpenException: Container 1 in CLOSED state
	at org.apache.hadoop.ozone.container.common.impl.HddsDispatcher.validateContainerCommand(HddsDispatcher.java:479) ~[hadoop-hdds-container-service-0.6.0-SNAPSHOT.jar:?]
	at org.apache.hadoop.ozone.container.common.transport.server.ratis.ContainerStateMachine.startTransaction(ContainerStateMachine.java:319) ~[hadoop-hdds-container-service-0.6.0-SNAPSHOT.jar:?]
	at org.apache.ratis.server.impl.RaftServerImpl.submitClientRequestAsync(RaftServerImpl.java:634) ~[ratis-server-1.0.0.jar:1.0.0]
	at org.apache.ratis.server.impl.RaftServerProxy.lambda$submitClientRequestAsync$7(RaftServerProxy.java:338) ~[ratis-server-1.0.0.jar:1.0.0]
	at org.apache.ratis.server.impl.RaftServerProxy.lambda$null$5(RaftServerProxy.java:333) ~[ratis-server-1.0.0.jar:1.0.0]
	at org.apache.ratis.util.JavaUtils.callAsUnchecked(JavaUtils.java:109) ~[ratis-common-1.0.0.jar:1.0.0]
	at org.apache.ratis.server.impl.RaftServerProxy.lambda$submitRequest$6(RaftServerProxy.java:333) ~[ratis-server-1.0.0.jar:1.0.0]
	at java.util.concurrent.CompletableFuture.uniComposeStage(CompletableFuture.java:995) ~[?:1.8.0_232]
	at java.util.concurrent.CompletableFuture.thenCompose(CompletableFuture.java:2137) ~[?:1.8.0_232]
	at org.apache.ratis.server.impl.RaftServerProxy.submitRequest(RaftServerProxy.java:332) ~[ratis-server-1.0.0.jar:1.0.0]
	at org.apache.ratis.server.impl.RaftServerProxy.submitClientRequestAsync(RaftServerProxy.java:338) ~[ratis-server-1.0.0.jar:1.0.0]
	at org.apache.ratis.grpc.client.GrpcClientProtocolService$RequestStreamObserver.processClientRequest(GrpcClientProtocolService.java:225) ~[ratis-grpc-1.0.0.jar:1.0.0]
	at org.apache.ratis.grpc.client.GrpcClientProtocolService$OrderedRequestStreamObserver.processClientRequest(GrpcClientProtocolService.java:331) ~[ratis-grpc-1.0.0.jar:1.0.0]
	at org.apache.ratis.util.SlidingWindow$Server.processRequestsFromHead(SlidingWindow.java:429) [ratis-common-1.0.0.jar:1.0.0]
	at org.apache.ratis.util.SlidingWindow$Server.receivedRequest(SlidingWindow.java:421) [ratis-common-1.0.0.jar:1.0.0]
	at org.apache.ratis.grpc.client.GrpcClientProtocolService$OrderedRequestStreamObserver.processClientRequest(GrpcClientProtocolService.java:355) [ratis-grpc-1.0.0.jar:1.0.0]
	at org.apache.ratis.grpc.client.GrpcClientProtocolService$RequestStreamObserver.onNext(GrpcClientProtocolService.java:245) [ratis-grpc-1.0.0.jar:1.0.0]
	at org.apache.ratis.grpc.client.GrpcClientProtocolService$RequestStreamObserver.onNext(GrpcClientProtocolService.java:168) [ratis-grpc-1.0.0.jar:1.0.0]
	at org.apache.ratis.thirdparty.io.grpc.stub.ServerCalls$StreamingServerCallHandler$StreamingServerCallListener.onMessage(ServerCalls.java:251) [ratis-thirdparty-misc-0.5.0.jar:0.5.0]
	at org.apache.ratis.thirdparty.io.grpc.internal.ServerCallImpl$ServerStreamListenerImpl.messagesAvailableInternal(ServerCallImpl.java:309) [ratis-thirdparty-misc-0.5.0.jar:0.5.0]
	at org.apache.ratis.thirdparty.io.grpc.internal.ServerCallImpl$ServerStreamListenerImpl.messagesAvailable(ServerCallImpl.java:292) [ratis-thirdparty-misc-0.5.0.jar:0.5.0]
	at org.apache.ratis.thirdparty.io.grpc.internal.ServerImpl$JumpToApplicationThreadServerStreamListener$1MessagesAvailable.runInContext(ServerImpl.java:783) [ratis-thirdparty-misc-0.5.0.jar:0.5.0]
	at org.apache.ratis.thirdparty.io.grpc.internal.ContextRunnable.run(ContextRunnable.java:37) [ratis-thirdparty-misc-0.5.0.jar:0.5.0]
	at org.apache.ratis.thirdparty.io.grpc.internal.SerializingExecutor.run(SerializingExecutor.java:123) [ratis-thirdparty-misc-0.5.0.jar:0.5.0]
	at java.util.concurrent.ThreadPoolExecutor.runWorker(ThreadPoolExecutor.java:1149) [?:1.8.0_232]
	at java.util.concurrent.ThreadPoolExecutor$Worker.run(ThreadPoolExecutor.java:624) [?:1.8.0_232]
	at java.lang.Thread.run(Thread.java:748) [?:1.8.0_232]
09:55:48.632 [grpc-default-executor-1] ERROR DNAudit - user=null | ip=null | op=PUT_BLOCK {blockData=[blockId=conID: 1 locID: 104585215768854531 bcsId: 0,size=800]} | ret=FAILURE
org.apache.hadoop.hdds.scm.container.common.helpers.ContainerNotOpenException: Container 1 in CLOSED state
	at org.apache.hadoop.ozone.container.common.impl.HddsDispatcher.validateContainerCommand(HddsDispatcher.java:479) ~[hadoop-hdds-container-service-0.6.0-SNAPSHOT.jar:?]
	at org.apache.hadoop.ozone.container.common.transport.server.ratis.ContainerStateMachine.startTransaction(ContainerStateMachine.java:319) ~[hadoop-hdds-container-service-0.6.0-SNAPSHOT.jar:?]
	at org.apache.ratis.server.impl.RaftServerImpl.submitClientRequestAsync(RaftServerImpl.java:634) ~[ratis-server-1.0.0.jar:1.0.0]
	at org.apache.ratis.server.impl.RaftServerProxy.lambda$submitClientRequestAsync$7(RaftServerProxy.java:338) ~[ratis-server-1.0.0.jar:1.0.0]
	at org.apache.ratis.server.impl.RaftServerProxy.lambda$null$5(RaftServerProxy.java:333) ~[ratis-server-1.0.0.jar:1.0.0]
	at org.apache.ratis.util.JavaUtils.callAsUnchecked(JavaUtils.java:109) ~[ratis-common-1.0.0.jar:1.0.0]
	at org.apache.ratis.server.impl.RaftServerProxy.lambda$submitRequest$6(RaftServerProxy.java:333) ~[ratis-server-1.0.0.jar:1.0.0]
	at java.util.concurrent.CompletableFuture.uniComposeStage(CompletableFuture.java:995) ~[?:1.8.0_232]
	at java.util.concurrent.CompletableFuture.thenCompose(CompletableFuture.java:2137) ~[?:1.8.0_232]
	at org.apache.ratis.server.impl.RaftServerProxy.submitRequest(RaftServerProxy.java:332) ~[ratis-server-1.0.0.jar:1.0.0]
	at org.apache.ratis.server.impl.RaftServerProxy.submitClientRequestAsync(RaftServerProxy.java:338) ~[ratis-server-1.0.0.jar:1.0.0]
	at org.apache.ratis.grpc.client.GrpcClientProtocolService$RequestStreamObserver.processClientRequest(GrpcClientProtocolService.java:225) ~[ratis-grpc-1.0.0.jar:1.0.0]
	at org.apache.ratis.grpc.client.GrpcClientProtocolService$OrderedRequestStreamObserver.processClientRequest(GrpcClientProtocolService.java:331) ~[ratis-grpc-1.0.0.jar:1.0.0]
	at org.apache.ratis.util.SlidingWindow$Server.processRequestsFromHead(SlidingWindow.java:429) [ratis-common-1.0.0.jar:1.0.0]
	at org.apache.ratis.util.SlidingWindow$Server.receivedRequest(SlidingWindow.java:421) [ratis-common-1.0.0.jar:1.0.0]
	at org.apache.ratis.grpc.client.GrpcClientProtocolService$OrderedRequestStreamObserver.processClientRequest(GrpcClientProtocolService.java:355) [ratis-grpc-1.0.0.jar:1.0.0]
	at org.apache.ratis.grpc.client.GrpcClientProtocolService$RequestStreamObserver.onNext(GrpcClientProtocolService.java:245) [ratis-grpc-1.0.0.jar:1.0.0]
	at org.apache.ratis.grpc.client.GrpcClientProtocolService$RequestStreamObserver.onNext(GrpcClientProtocolService.java:168) [ratis-grpc-1.0.0.jar:1.0.0]
	at org.apache.ratis.thirdparty.io.grpc.stub.ServerCalls$StreamingServerCallHandler$StreamingServerCallListener.onMessage(ServerCalls.java:251) [ratis-thirdparty-misc-0.5.0.jar:0.5.0]
	at org.apache.ratis.thirdparty.io.grpc.internal.ServerCallImpl$ServerStreamListenerImpl.messagesAvailableInternal(ServerCallImpl.java:309) [ratis-thirdparty-misc-0.5.0.jar:0.5.0]
	at org.apache.ratis.thirdparty.io.grpc.internal.ServerCallImpl$ServerStreamListenerImpl.messagesAvailable(ServerCallImpl.java:292) [ratis-thirdparty-misc-0.5.0.jar:0.5.0]
	at org.apache.ratis.thirdparty.io.grpc.internal.ServerImpl$JumpToApplicationThreadServerStreamListener$1MessagesAvailable.runInContext(ServerImpl.java:783) [ratis-thirdparty-misc-0.5.0.jar:0.5.0]
	at org.apache.ratis.thirdparty.io.grpc.internal.ContextRunnable.run(ContextRunnable.java:37) [ratis-thirdparty-misc-0.5.0.jar:0.5.0]
	at org.apache.ratis.thirdparty.io.grpc.internal.SerializingExecutor.run(SerializingExecutor.java:123) [ratis-thirdparty-misc-0.5.0.jar:0.5.0]
	at java.util.concurrent.ThreadPoolExecutor.runWorker(ThreadPoolExecutor.java:1149) [?:1.8.0_232]
	at java.util.concurrent.ThreadPoolExecutor$Worker.run(ThreadPoolExecutor.java:624) [?:1.8.0_232]
	at java.lang.Thread.run(Thread.java:748) [?:1.8.0_232]
2020-07-27 09:55:48,641 [grpc-default-executor-1] ERROR storage.BlockOutputStream (BlockOutputStream.java:lambda$writeChunkToContainer$3(643)) - writing chunk failed 104585215768854531_chunk_7 blockID conID: 1 locID: 104585215768854531 bcsId: 15 with exception org.apache.ratis.protocol.StateMachineException: org.apache.hadoop.hdds.scm.container.common.helpers.ContainerNotOpenException from Server db756141-0354-427a-9153-f34ecc5b5329@group-2A305473E0D3: Container 1 in CLOSED state
2020-07-27 09:55:48,643 [grpc-default-executor-1] ERROR storage.BlockOutputStream (BlockOutputStream.java:lambda$writeChunkToContainer$3(643)) - writing chunk failed 104585215768854531_chunk_8 blockID conID: 1 locID: 104585215768854531 bcsId: 15 with exception org.apache.ratis.protocol.StateMachineException: org.apache.hadoop.hdds.scm.container.common.helpers.ContainerNotOpenException from Server db756141-0354-427a-9153-f34ecc5b5329@group-2A305473E0D3: Container 1 in CLOSED state
09:55:48.650 [grpc-default-executor-1] ERROR DNAudit - user=null | ip=null | op=WRITE_CHUNK {blockData=conID: 2 locID: 104585215768854532 bcsId: 0} | ret=FAILURE
org.apache.hadoop.hdds.scm.container.common.helpers.ContainerNotOpenException: Container 2 in CLOSED state
	at org.apache.hadoop.ozone.container.common.impl.HddsDispatcher.validateContainerCommand(HddsDispatcher.java:479) ~[hadoop-hdds-container-service-0.6.0-SNAPSHOT.jar:?]
	at org.apache.hadoop.ozone.container.common.transport.server.ratis.ContainerStateMachine.startTransaction(ContainerStateMachine.java:319) ~[hadoop-hdds-container-service-0.6.0-SNAPSHOT.jar:?]
	at org.apache.ratis.server.impl.RaftServerImpl.submitClientRequestAsync(RaftServerImpl.java:634) ~[ratis-server-1.0.0.jar:1.0.0]
	at org.apache.ratis.server.impl.RaftServerProxy.lambda$submitClientRequestAsync$7(RaftServerProxy.java:338) ~[ratis-server-1.0.0.jar:1.0.0]
	at org.apache.ratis.server.impl.RaftServerProxy.lambda$null$5(RaftServerProxy.java:333) ~[ratis-server-1.0.0.jar:1.0.0]
	at org.apache.ratis.util.JavaUtils.callAsUnchecked(JavaUtils.java:109) ~[ratis-common-1.0.0.jar:1.0.0]
	at org.apache.ratis.server.impl.RaftServerProxy.lambda$submitRequest$6(RaftServerProxy.java:333) ~[ratis-server-1.0.0.jar:1.0.0]
	at java.util.concurrent.CompletableFuture.uniComposeStage(CompletableFuture.java:995) ~[?:1.8.0_232]
	at java.util.concurrent.CompletableFuture.thenCompose(CompletableFuture.java:2137) ~[?:1.8.0_232]
	at org.apache.ratis.server.impl.RaftServerProxy.submitRequest(RaftServerProxy.java:332) ~[ratis-server-1.0.0.jar:1.0.0]
	at org.apache.ratis.server.impl.RaftServerProxy.submitClientRequestAsync(RaftServerProxy.java:338) ~[ratis-server-1.0.0.jar:1.0.0]
	at org.apache.ratis.grpc.client.GrpcClientProtocolService$RequestStreamObserver.processClientRequest(GrpcClientProtocolService.java:225) ~[ratis-grpc-1.0.0.jar:1.0.0]
	at org.apache.ratis.grpc.client.GrpcClientProtocolService$OrderedRequestStreamObserver.processClientRequest(GrpcClientProtocolService.java:331) ~[ratis-grpc-1.0.0.jar:1.0.0]
	at org.apache.ratis.util.SlidingWindow$Server.processRequestsFromHead(SlidingWindow.java:429) [ratis-common-1.0.0.jar:1.0.0]
	at org.apache.ratis.util.SlidingWindow$Server.receivedRequest(SlidingWindow.java:421) [ratis-common-1.0.0.jar:1.0.0]
	at org.apache.ratis.grpc.client.GrpcClientProtocolService$OrderedRequestStreamObserver.processClientRequest(GrpcClientProtocolService.java:355) [ratis-grpc-1.0.0.jar:1.0.0]
	at org.apache.ratis.grpc.client.GrpcClientProtocolService$RequestStreamObserver.onNext(GrpcClientProtocolService.java:245) [ratis-grpc-1.0.0.jar:1.0.0]
	at org.apache.ratis.grpc.client.GrpcClientProtocolService$RequestStreamObserver.onNext(GrpcClientProtocolService.java:168) [ratis-grpc-1.0.0.jar:1.0.0]
	at org.apache.ratis.thirdparty.io.grpc.stub.ServerCalls$StreamingServerCallHandler$StreamingServerCallListener.onMessage(ServerCalls.java:251) [ratis-thirdparty-misc-0.5.0.jar:0.5.0]
	at org.apache.ratis.thirdparty.io.grpc.internal.ServerCallImpl$ServerStreamListenerImpl.messagesAvailableInternal(ServerCallImpl.java:309) [ratis-thirdparty-misc-0.5.0.jar:0.5.0]
	at org.apache.ratis.thirdparty.io.grpc.internal.ServerCallImpl$ServerStreamListenerImpl.messagesAvailable(ServerCallImpl.java:292) [ratis-thirdparty-misc-0.5.0.jar:0.5.0]
	at org.apache.ratis.thirdparty.io.grpc.internal.ServerImpl$JumpToApplicationThreadServerStreamListener$1MessagesAvailable.runInContext(ServerImpl.java:783) [ratis-thirdparty-misc-0.5.0.jar:0.5.0]
	at org.apache.ratis.thirdparty.io.grpc.internal.ContextRunnable.run(ContextRunnable.java:37) [ratis-thirdparty-misc-0.5.0.jar:0.5.0]
	at org.apache.ratis.thirdparty.io.grpc.internal.SerializingExecutor.run(SerializingExecutor.java:123) [ratis-thirdparty-misc-0.5.0.jar:0.5.0]
	at java.util.concurrent.ThreadPoolExecutor.runWorker(ThreadPoolExecutor.java:1149) [?:1.8.0_232]
	at java.util.concurrent.ThreadPoolExecutor$Worker.run(ThreadPoolExecutor.java:624) [?:1.8.0_232]
	at java.lang.Thread.run(Thread.java:748) [?:1.8.0_232]
09:55:48.651 [grpc-default-executor-1] ERROR DNAudit - user=null | ip=null | op=WRITE_CHUNK {blockData=conID: 2 locID: 104585215768854532 bcsId: 0} | ret=FAILURE
org.apache.hadoop.hdds.scm.container.common.helpers.ContainerNotOpenException: Container 2 in CLOSED state
	at org.apache.hadoop.ozone.container.common.impl.HddsDispatcher.validateContainerCommand(HddsDispatcher.java:479) ~[hadoop-hdds-container-service-0.6.0-SNAPSHOT.jar:?]
	at org.apache.hadoop.ozone.container.common.transport.server.ratis.ContainerStateMachine.startTransaction(ContainerStateMachine.java:319) ~[hadoop-hdds-container-service-0.6.0-SNAPSHOT.jar:?]
	at org.apache.ratis.server.impl.RaftServerImpl.submitClientRequestAsync(RaftServerImpl.java:634) ~[ratis-server-1.0.0.jar:1.0.0]
	at org.apache.ratis.server.impl.RaftServerProxy.lambda$submitClientRequestAsync$7(RaftServerProxy.java:338) ~[ratis-server-1.0.0.jar:1.0.0]
	at org.apache.ratis.server.impl.RaftServerProxy.lambda$null$5(RaftServerProxy.java:333) ~[ratis-server-1.0.0.jar:1.0.0]
	at org.apache.ratis.util.JavaUtils.callAsUnchecked(JavaUtils.java:109) ~[ratis-common-1.0.0.jar:1.0.0]
	at org.apache.ratis.server.impl.RaftServerProxy.lambda$submitRequest$6(RaftServerProxy.java:333) ~[ratis-server-1.0.0.jar:1.0.0]
	at java.util.concurrent.CompletableFuture.uniComposeStage(CompletableFuture.java:995) ~[?:1.8.0_232]
	at java.util.concurrent.CompletableFuture.thenCompose(CompletableFuture.java:2137) ~[?:1.8.0_232]
	at org.apache.ratis.server.impl.RaftServerProxy.submitRequest(RaftServerProxy.java:332) ~[ratis-server-1.0.0.jar:1.0.0]
	at org.apache.ratis.server.impl.RaftServerProxy.submitClientRequestAsync(RaftServerProxy.java:338) ~[ratis-server-1.0.0.jar:1.0.0]
	at org.apache.ratis.grpc.client.GrpcClientProtocolService$RequestStreamObserver.processClientRequest(GrpcClientProtocolService.java:225) ~[ratis-grpc-1.0.0.jar:1.0.0]
	at org.apache.ratis.grpc.client.GrpcClientProtocolService$OrderedRequestStreamObserver.processClientRequest(GrpcClientProtocolService.java:331) ~[ratis-grpc-1.0.0.jar:1.0.0]
	at org.apache.ratis.util.SlidingWindow$Server.processRequestsFromHead(SlidingWindow.java:429) [ratis-common-1.0.0.jar:1.0.0]
	at org.apache.ratis.util.SlidingWindow$Server.receivedRequest(SlidingWindow.java:421) [ratis-common-1.0.0.jar:1.0.0]
	at org.apache.ratis.grpc.client.GrpcClientProtocolService$OrderedRequestStreamObserver.processClientRequest(GrpcClientProtocolService.java:355) [ratis-grpc-1.0.0.jar:1.0.0]
	at org.apache.ratis.grpc.client.GrpcClientProtocolService$RequestStreamObserver.onNext(GrpcClientProtocolService.java:245) [ratis-grpc-1.0.0.jar:1.0.0]
	at org.apache.ratis.grpc.client.GrpcClientProtocolService$RequestStreamObserver.onNext(GrpcClientProtocolService.java:168) [ratis-grpc-1.0.0.jar:1.0.0]
	at org.apache.ratis.thirdparty.io.grpc.stub.ServerCalls$StreamingServerCallHandler$StreamingServerCallListener.onMessage(ServerCalls.java:251) [ratis-thirdparty-misc-0.5.0.jar:0.5.0]
	at org.apache.ratis.thirdparty.io.grpc.internal.ServerCallImpl$ServerStreamListenerImpl.messagesAvailableInternal(ServerCallImpl.java:309) [ratis-thirdparty-misc-0.5.0.jar:0.5.0]
	at org.apache.ratis.thirdparty.io.grpc.internal.ServerCallImpl$ServerStreamListenerImpl.messagesAvailable(ServerCallImpl.java:292) [ratis-thirdparty-misc-0.5.0.jar:0.5.0]
	at org.apache.ratis.thirdparty.io.grpc.internal.ServerImpl$JumpToApplicationThreadServerStreamListener$1MessagesAvailable.runInContext(ServerImpl.java:783) [ratis-thirdparty-misc-0.5.0.jar:0.5.0]
	at org.apache.ratis.thirdparty.io.grpc.internal.ContextRunnable.run(ContextRunnable.java:37) [ratis-thirdparty-misc-0.5.0.jar:0.5.0]
	at org.apache.ratis.thirdparty.io.grpc.internal.SerializingExecutor.run(SerializingExecutor.java:123) [ratis-thirdparty-misc-0.5.0.jar:0.5.0]
	at java.util.concurrent.ThreadPoolExecutor.runWorker(ThreadPoolExecutor.java:1149) [?:1.8.0_232]
	at java.util.concurrent.ThreadPoolExecutor$Worker.run(ThreadPoolExecutor.java:624) [?:1.8.0_232]
	at java.lang.Thread.run(Thread.java:748) [?:1.8.0_232]
09:55:48.655 [grpc-default-executor-1] ERROR DNAudit - user=null | ip=null | op=PUT_BLOCK {blockData=[blockId=conID: 2 locID: 104585215768854532 bcsId: 0,size=200]} | ret=FAILURE
org.apache.hadoop.hdds.scm.container.common.helpers.ContainerNotOpenException: Container 2 in CLOSED state
	at org.apache.hadoop.ozone.container.common.impl.HddsDispatcher.validateContainerCommand(HddsDispatcher.java:479) ~[hadoop-hdds-container-service-0.6.0-SNAPSHOT.jar:?]
	at org.apache.hadoop.ozone.container.common.transport.server.ratis.ContainerStateMachine.startTransaction(ContainerStateMachine.java:319) ~[hadoop-hdds-container-service-0.6.0-SNAPSHOT.jar:?]
	at org.apache.ratis.server.impl.RaftServerImpl.submitClientRequestAsync(RaftServerImpl.java:634) ~[ratis-server-1.0.0.jar:1.0.0]
	at org.apache.ratis.server.impl.RaftServerProxy.lambda$submitClientRequestAsync$7(RaftServerProxy.java:338) ~[ratis-server-1.0.0.jar:1.0.0]
	at org.apache.ratis.server.impl.RaftServerProxy.lambda$null$5(RaftServerProxy.java:333) ~[ratis-server-1.0.0.jar:1.0.0]
	at org.apache.ratis.util.JavaUtils.callAsUnchecked(JavaUtils.java:109) ~[ratis-common-1.0.0.jar:1.0.0]
	at org.apache.ratis.server.impl.RaftServerProxy.lambda$submitRequest$6(RaftServerProxy.java:333) ~[ratis-server-1.0.0.jar:1.0.0]
	at java.util.concurrent.CompletableFuture.uniComposeStage(CompletableFuture.java:995) ~[?:1.8.0_232]
	at java.util.concurrent.CompletableFuture.thenCompose(CompletableFuture.java:2137) ~[?:1.8.0_232]
	at org.apache.ratis.server.impl.RaftServerProxy.submitRequest(RaftServerProxy.java:332) ~[ratis-server-1.0.0.jar:1.0.0]
	at org.apache.ratis.server.impl.RaftServerProxy.submitClientRequestAsync(RaftServerProxy.java:338) ~[ratis-server-1.0.0.jar:1.0.0]
	at org.apache.ratis.grpc.client.GrpcClientProtocolService$RequestStreamObserver.processClientRequest(GrpcClientProtocolService.java:225) ~[ratis-grpc-1.0.0.jar:1.0.0]
	at org.apache.ratis.grpc.client.GrpcClientProtocolService$OrderedRequestStreamObserver.processClientRequest(GrpcClientProtocolService.java:331) ~[ratis-grpc-1.0.0.jar:1.0.0]
	at org.apache.ratis.util.SlidingWindow$Server.processRequestsFromHead(SlidingWindow.java:429) [ratis-common-1.0.0.jar:1.0.0]
	at org.apache.ratis.util.SlidingWindow$Server.receivedRequest(SlidingWindow.java:421) [ratis-common-1.0.0.jar:1.0.0]
	at org.apache.ratis.grpc.client.GrpcClientProtocolService$OrderedRequestStreamObserver.processClientRequest(GrpcClientProtocolService.java:355) [ratis-grpc-1.0.0.jar:1.0.0]
	at org.apache.ratis.grpc.client.GrpcClientProtocolService$RequestStreamObserver.onNext(GrpcClientProtocolService.java:245) [ratis-grpc-1.0.0.jar:1.0.0]
	at org.apache.ratis.grpc.client.GrpcClientProtocolService$RequestStreamObserver.onNext(GrpcClientProtocolService.java:168) [ratis-grpc-1.0.0.jar:1.0.0]
	at org.apache.ratis.thirdparty.io.grpc.stub.ServerCalls$StreamingServerCallHandler$StreamingServerCallListener.onMessage(ServerCalls.java:251) [ratis-thirdparty-misc-0.5.0.jar:0.5.0]
	at org.apache.ratis.thirdparty.io.grpc.internal.ServerCallImpl$ServerStreamListenerImpl.messagesAvailableInternal(ServerCallImpl.java:309) [ratis-thirdparty-misc-0.5.0.jar:0.5.0]
	at org.apache.ratis.thirdparty.io.grpc.internal.ServerCallImpl$ServerStreamListenerImpl.messagesAvailable(ServerCallImpl.java:292) [ratis-thirdparty-misc-0.5.0.jar:0.5.0]
	at org.apache.ratis.thirdparty.io.grpc.internal.ServerImpl$JumpToApplicationThreadServerStreamListener$1MessagesAvailable.runInContext(ServerImpl.java:783) [ratis-thirdparty-misc-0.5.0.jar:0.5.0]
	at org.apache.ratis.thirdparty.io.grpc.internal.ContextRunnable.run(ContextRunnable.java:37) [ratis-thirdparty-misc-0.5.0.jar:0.5.0]
	at org.apache.ratis.thirdparty.io.grpc.internal.SerializingExecutor.run(SerializingExecutor.java:123) [ratis-thirdparty-misc-0.5.0.jar:0.5.0]
	at java.util.concurrent.ThreadPoolExecutor.runWorker(ThreadPoolExecutor.java:1149) [?:1.8.0_232]
	at java.util.concurrent.ThreadPoolExecutor$Worker.run(ThreadPoolExecutor.java:624) [?:1.8.0_232]
	at java.lang.Thread.run(Thread.java:748) [?:1.8.0_232]
09:55:48.656 [grpc-default-executor-1] ERROR DNAudit - user=null | ip=null | op=WRITE_CHUNK {blockData=conID: 2 locID: 104585215768854532 bcsId: 0} | ret=FAILURE
org.apache.hadoop.hdds.scm.container.common.helpers.ContainerNotOpenException: Container 2 in CLOSED state
	at org.apache.hadoop.ozone.container.common.impl.HddsDispatcher.validateContainerCommand(HddsDispatcher.java:479) ~[hadoop-hdds-container-service-0.6.0-SNAPSHOT.jar:?]
	at org.apache.hadoop.ozone.container.common.transport.server.ratis.ContainerStateMachine.startTransaction(ContainerStateMachine.java:319) ~[hadoop-hdds-container-service-0.6.0-SNAPSHOT.jar:?]
	at org.apache.ratis.server.impl.RaftServerImpl.submitClientRequestAsync(RaftServerImpl.java:634) ~[ratis-server-1.0.0.jar:1.0.0]
	at org.apache.ratis.server.impl.RaftServerProxy.lambda$submitClientRequestAsync$7(RaftServerProxy.java:338) ~[ratis-server-1.0.0.jar:1.0.0]
	at org.apache.ratis.server.impl.RaftServerProxy.lambda$null$5(RaftServerProxy.java:333) ~[ratis-server-1.0.0.jar:1.0.0]
	at org.apache.ratis.util.JavaUtils.callAsUnchecked(JavaUtils.java:109) ~[ratis-common-1.0.0.jar:1.0.0]
	at org.apache.ratis.server.impl.RaftServerProxy.lambda$submitRequest$6(RaftServerProxy.java:333) ~[ratis-server-1.0.0.jar:1.0.0]
	at java.util.concurrent.CompletableFuture.uniComposeStage(CompletableFuture.java:995) ~[?:1.8.0_232]
	at java.util.concurrent.CompletableFuture.thenCompose(CompletableFuture.java:2137) ~[?:1.8.0_232]
	at org.apache.ratis.server.impl.RaftServerProxy.submitRequest(RaftServerProxy.java:332) ~[ratis-server-1.0.0.jar:1.0.0]
	at org.apache.ratis.server.impl.RaftServerProxy.submitClientRequestAsync(RaftServerProxy.java:338) ~[ratis-server-1.0.0.jar:1.0.0]
	at org.apache.ratis.grpc.client.GrpcClientProtocolService$RequestStreamObserver.processClientRequest(GrpcClientProtocolService.java:225) ~[ratis-grpc-1.0.0.jar:1.0.0]
	at org.apache.ratis.grpc.client.GrpcClientProtocolService$OrderedRequestStreamObserver.processClientRequest(GrpcClientProtocolService.java:331) ~[ratis-grpc-1.0.0.jar:1.0.0]
	at org.apache.ratis.util.SlidingWindow$Server.processRequestsFromHead(SlidingWindow.java:429) [ratis-common-1.0.0.jar:1.0.0]
	at org.apache.ratis.util.SlidingWindow$Server.receivedRequest(SlidingWindow.java:421) [ratis-common-1.0.0.jar:1.0.0]
	at org.apache.ratis.grpc.client.GrpcClientProtocolService$OrderedRequestStreamObserver.processClientRequest(GrpcClientProtocolService.java:355) [ratis-grpc-1.0.0.jar:1.0.0]
	at org.apache.ratis.grpc.client.GrpcClientProtocolService$RequestStreamObserver.onNext(GrpcClientProtocolService.java:245) [ratis-grpc-1.0.0.jar:1.0.0]
	at org.apache.ratis.grpc.client.GrpcClientProtocolService$RequestStreamObserver.onNext(GrpcClientProtocolService.java:168) [ratis-grpc-1.0.0.jar:1.0.0]
	at org.apache.ratis.thirdparty.io.grpc.stub.ServerCalls$StreamingServerCallHandler$StreamingServerCallListener.onMessage(ServerCalls.java:251) [ratis-thirdparty-misc-0.5.0.jar:0.5.0]
	at org.apache.ratis.thirdparty.io.grpc.internal.ServerCallImpl$ServerStreamListenerImpl.messagesAvailableInternal(ServerCallImpl.java:309) [ratis-thirdparty-misc-0.5.0.jar:0.5.0]
	at org.apache.ratis.thirdparty.io.grpc.internal.ServerCallImpl$ServerStreamListenerImpl.messagesAvailable(ServerCallImpl.java:292) [ratis-thirdparty-misc-0.5.0.jar:0.5.0]
	at org.apache.ratis.thirdparty.io.grpc.internal.ServerImpl$JumpToApplicationThreadServerStreamListener$1MessagesAvailable.runInContext(ServerImpl.java:783) [ratis-thirdparty-misc-0.5.0.jar:0.5.0]
	at org.apache.ratis.thirdparty.io.grpc.internal.ContextRunnable.run(ContextRunnable.java:37) [ratis-thirdparty-misc-0.5.0.jar:0.5.0]
	at org.apache.ratis.thirdparty.io.grpc.internal.SerializingExecutor.run(SerializingExecutor.java:123) [ratis-thirdparty-misc-0.5.0.jar:0.5.0]
	at java.util.concurrent.ThreadPoolExecutor.runWorker(ThreadPoolExecutor.java:1149) [?:1.8.0_232]
	at java.util.concurrent.ThreadPoolExecutor$Worker.run(ThreadPoolExecutor.java:624) [?:1.8.0_232]
	at java.lang.Thread.run(Thread.java:748) [?:1.8.0_232]
09:55:48.658 [grpc-default-executor-1] ERROR DNAudit - user=null | ip=null | op=WRITE_CHUNK {blockData=conID: 2 locID: 104585215768854532 bcsId: 0} | ret=FAILURE
org.apache.hadoop.hdds.scm.container.common.helpers.ContainerNotOpenException: Container 2 in CLOSED state
	at org.apache.hadoop.ozone.container.common.impl.HddsDispatcher.validateContainerCommand(HddsDispatcher.java:479) ~[hadoop-hdds-container-service-0.6.0-SNAPSHOT.jar:?]
	at org.apache.hadoop.ozone.container.common.transport.server.ratis.ContainerStateMachine.startTransaction(ContainerStateMachine.java:319) ~[hadoop-hdds-container-service-0.6.0-SNAPSHOT.jar:?]
	at org.apache.ratis.server.impl.RaftServerImpl.submitClientRequestAsync(RaftServerImpl.java:634) ~[ratis-server-1.0.0.jar:1.0.0]
	at org.apache.ratis.server.impl.RaftServerProxy.lambda$submitClientRequestAsync$7(RaftServerProxy.java:338) ~[ratis-server-1.0.0.jar:1.0.0]
	at org.apache.ratis.server.impl.RaftServerProxy.lambda$null$5(RaftServerProxy.java:333) ~[ratis-server-1.0.0.jar:1.0.0]
	at org.apache.ratis.util.JavaUtils.callAsUnchecked(JavaUtils.java:109) ~[ratis-common-1.0.0.jar:1.0.0]
	at org.apache.ratis.server.impl.RaftServerProxy.lambda$submitRequest$6(RaftServerProxy.java:333) ~[ratis-server-1.0.0.jar:1.0.0]
	at java.util.concurrent.CompletableFuture.uniComposeStage(CompletableFuture.java:995) ~[?:1.8.0_232]
	at java.util.concurrent.CompletableFuture.thenCompose(CompletableFuture.java:2137) ~[?:1.8.0_232]
	at org.apache.ratis.server.impl.RaftServerProxy.submitRequest(RaftServerProxy.java:332) ~[ratis-server-1.0.0.jar:1.0.0]
	at org.apache.ratis.server.impl.RaftServerProxy.submitClientRequestAsync(RaftServerProxy.java:338) ~[ratis-server-1.0.0.jar:1.0.0]
	at org.apache.ratis.grpc.client.GrpcClientProtocolService$RequestStreamObserver.processClientRequest(GrpcClientProtocolService.java:225) ~[ratis-grpc-1.0.0.jar:1.0.0]
	at org.apache.ratis.grpc.client.GrpcClientProtocolService$OrderedRequestStreamObserver.processClientRequest(GrpcClientProtocolService.java:331) ~[ratis-grpc-1.0.0.jar:1.0.0]
	at org.apache.ratis.util.SlidingWindow$Server.processRequestsFromHead(SlidingWindow.java:429) [ratis-common-1.0.0.jar:1.0.0]
	at org.apache.ratis.util.SlidingWindow$Server.receivedRequest(SlidingWindow.java:421) [ratis-common-1.0.0.jar:1.0.0]
	at org.apache.ratis.grpc.client.GrpcClientProtocolService$OrderedRequestStreamObserver.processClientRequest(GrpcClientProtocolService.java:355) [ratis-grpc-1.0.0.jar:1.0.0]
	at org.apache.ratis.grpc.client.GrpcClientProtocolService$RequestStreamObserver.onNext(GrpcClientProtocolService.java:245) [ratis-grpc-1.0.0.jar:1.0.0]
	at org.apache.ratis.grpc.client.GrpcClientProtocolService$RequestStreamObserver.onNext(GrpcClientProtocolService.java:168) [ratis-grpc-1.0.0.jar:1.0.0]
	at org.apache.ratis.thirdparty.io.grpc.stub.ServerCalls$StreamingServerCallHandler$StreamingServerCallListener.onMessage(ServerCalls.java:251) [ratis-thirdparty-misc-0.5.0.jar:0.5.0]
	at org.apache.ratis.thirdparty.io.grpc.internal.ServerCallImpl$ServerStreamListenerImpl.messagesAvailableInternal(ServerCallImpl.java:309) [ratis-thirdparty-misc-0.5.0.jar:0.5.0]
	at org.apache.ratis.thirdparty.io.grpc.internal.ServerCallImpl$ServerStreamListenerImpl.messagesAvailable(ServerCallImpl.java:292) [ratis-thirdparty-misc-0.5.0.jar:0.5.0]
	at org.apache.ratis.thirdparty.io.grpc.internal.ServerImpl$JumpToApplicationThreadServerStreamListener$1MessagesAvailable.runInContext(ServerImpl.java:783) [ratis-thirdparty-misc-0.5.0.jar:0.5.0]
	at org.apache.ratis.thirdparty.io.grpc.internal.ContextRunnable.run(ContextRunnable.java:37) [ratis-thirdparty-misc-0.5.0.jar:0.5.0]
	at org.apache.ratis.thirdparty.io.grpc.internal.SerializingExecutor.run(SerializingExecutor.java:123) [ratis-thirdparty-misc-0.5.0.jar:0.5.0]
	at java.util.concurrent.ThreadPoolExecutor.runWorker(ThreadPoolExecutor.java:1149) [?:1.8.0_232]
	at java.util.concurrent.ThreadPoolExecutor$Worker.run(ThreadPoolExecutor.java:624) [?:1.8.0_232]
	at java.lang.Thread.run(Thread.java:748) [?:1.8.0_232]
09:55:48.659 [grpc-default-executor-1] ERROR DNAudit - user=null | ip=null | op=PUT_BLOCK {blockData=[blockId=conID: 2 locID: 104585215768854532 bcsId: 0,size=400]} | ret=FAILURE
org.apache.hadoop.hdds.scm.container.common.helpers.ContainerNotOpenException: Container 2 in CLOSED state
	at org.apache.hadoop.ozone.container.common.impl.HddsDispatcher.validateContainerCommand(HddsDispatcher.java:479) ~[hadoop-hdds-container-service-0.6.0-SNAPSHOT.jar:?]
	at org.apache.hadoop.ozone.container.common.transport.server.ratis.ContainerStateMachine.startTransaction(ContainerStateMachine.java:319) ~[hadoop-hdds-container-service-0.6.0-SNAPSHOT.jar:?]
	at org.apache.ratis.server.impl.RaftServerImpl.submitClientRequestAsync(RaftServerImpl.java:634) ~[ratis-server-1.0.0.jar:1.0.0]
	at org.apache.ratis.server.impl.RaftServerProxy.lambda$submitClientRequestAsync$7(RaftServerProxy.java:338) ~[ratis-server-1.0.0.jar:1.0.0]
	at org.apache.ratis.server.impl.RaftServerProxy.lambda$null$5(RaftServerProxy.java:333) ~[ratis-server-1.0.0.jar:1.0.0]
	at org.apache.ratis.util.JavaUtils.callAsUnchecked(JavaUtils.java:109) ~[ratis-common-1.0.0.jar:1.0.0]
	at org.apache.ratis.server.impl.RaftServerProxy.lambda$submitRequest$6(RaftServerProxy.java:333) ~[ratis-server-1.0.0.jar:1.0.0]
	at java.util.concurrent.CompletableFuture.uniComposeStage(CompletableFuture.java:995) ~[?:1.8.0_232]
	at java.util.concurrent.CompletableFuture.thenCompose(CompletableFuture.java:2137) ~[?:1.8.0_232]
	at org.apache.ratis.server.impl.RaftServerProxy.submitRequest(RaftServerProxy.java:332) ~[ratis-server-1.0.0.jar:1.0.0]
	at org.apache.ratis.server.impl.RaftServerProxy.submitClientRequestAsync(RaftServerProxy.java:338) ~[ratis-server-1.0.0.jar:1.0.0]
	at org.apache.ratis.grpc.client.GrpcClientProtocolService$RequestStreamObserver.processClientRequest(GrpcClientProtocolService.java:225) ~[ratis-grpc-1.0.0.jar:1.0.0]
	at org.apache.ratis.grpc.client.GrpcClientProtocolService$OrderedRequestStreamObserver.processClientRequest(GrpcClientProtocolService.java:331) ~[ratis-grpc-1.0.0.jar:1.0.0]
	at org.apache.ratis.util.SlidingWindow$Server.processRequestsFromHead(SlidingWindow.java:429) [ratis-common-1.0.0.jar:1.0.0]
	at org.apache.ratis.util.SlidingWindow$Server.receivedRequest(SlidingWindow.java:421) [ratis-common-1.0.0.jar:1.0.0]
	at org.apache.ratis.grpc.client.GrpcClientProtocolService$OrderedRequestStreamObserver.processClientRequest(GrpcClientProtocolService.java:355) [ratis-grpc-1.0.0.jar:1.0.0]
	at org.apache.ratis.grpc.client.GrpcClientProtocolService$RequestStreamObserver.onNext(GrpcClientProtocolService.java:245) [ratis-grpc-1.0.0.jar:1.0.0]
	at org.apache.ratis.grpc.client.GrpcClientProtocolService$RequestStreamObserver.onNext(GrpcClientProtocolService.java:168) [ratis-grpc-1.0.0.jar:1.0.0]
	at org.apache.ratis.thirdparty.io.grpc.stub.ServerCalls$StreamingServerCallHandler$StreamingServerCallListener.onMessage(ServerCalls.java:251) [ratis-thirdparty-misc-0.5.0.jar:0.5.0]
	at org.apache.ratis.thirdparty.io.grpc.internal.ServerCallImpl$ServerStreamListenerImpl.messagesAvailableInternal(ServerCallImpl.java:309) [ratis-thirdparty-misc-0.5.0.jar:0.5.0]
	at org.apache.ratis.thirdparty.io.grpc.internal.ServerCallImpl$ServerStreamListenerImpl.messagesAvailable(ServerCallImpl.java:292) [ratis-thirdparty-misc-0.5.0.jar:0.5.0]
	at org.apache.ratis.thirdparty.io.grpc.internal.ServerImpl$JumpToApplicationThreadServerStreamListener$1MessagesAvailable.runInContext(ServerImpl.java:783) [ratis-thirdparty-misc-0.5.0.jar:0.5.0]
	at org.apache.ratis.thirdparty.io.grpc.internal.ContextRunnable.run(ContextRunnable.java:37) [ratis-thirdparty-misc-0.5.0.jar:0.5.0]
	at org.apache.ratis.thirdparty.io.grpc.internal.SerializingExecutor.run(SerializingExecutor.java:123) [ratis-thirdparty-misc-0.5.0.jar:0.5.0]
	at java.util.concurrent.ThreadPoolExecutor.runWorker(ThreadPoolExecutor.java:1149) [?:1.8.0_232]
	at java.util.concurrent.ThreadPoolExecutor$Worker.run(ThreadPoolExecutor.java:624) [?:1.8.0_232]
	at java.lang.Thread.run(Thread.java:748) [?:1.8.0_232]
2020-07-27 09:55:48,667 [grpc-default-executor-1] ERROR storage.BlockOutputStream (BlockOutputStream.java:lambda$writeChunkToContainer$3(643)) - writing chunk failed 104585215768854532_chunk_1 blockID conID: 2 locID: 104585215768854532 bcsId: 0 with exception org.apache.ratis.protocol.StateMachineException: org.apache.hadoop.hdds.scm.container.common.helpers.ContainerNotOpenException from Server db756141-0354-427a-9153-f34ecc5b5329@group-2A305473E0D3: Container 2 in CLOSED state
2020-07-27 09:55:48,671 [grpc-default-executor-1] ERROR storage.BlockOutputStream (BlockOutputStream.java:lambda$writeChunkToContainer$3(643)) - writing chunk failed 104585215768854532_chunk_2 blockID conID: 2 locID: 104585215768854532 bcsId: 0 with exception org.apache.ratis.protocol.StateMachineException: org.apache.hadoop.hdds.scm.container.common.helpers.ContainerNotOpenException from Server db756141-0354-427a-9153-f34ecc5b5329@group-2A305473E0D3: Container 2 in CLOSED state
2020-07-27 09:55:48,677 [grpc-default-executor-1] ERROR storage.BlockOutputStream (BlockOutputStream.java:lambda$writeChunkToContainer$3(643)) - writing chunk failed 104585215768854532_chunk_3 blockID conID: 2 locID: 104585215768854532 bcsId: 0 with exception org.apache.ratis.protocol.StateMachineException: org.apache.hadoop.hdds.scm.container.common.helpers.ContainerNotOpenException from Server db756141-0354-427a-9153-f34ecc5b5329@group-2A305473E0D3: Container 2 in CLOSED state
2020-07-27 09:55:48,679 [grpc-default-executor-1] ERROR storage.BlockOutputStream (BlockOutputStream.java:lambda$writeChunkToContainer$3(643)) - writing chunk failed 104585215768854532_chunk_4 blockID conID: 2 locID: 104585215768854532 bcsId: 0 with exception org.apache.ratis.protocol.StateMachineException: org.apache.hadoop.hdds.scm.container.common.helpers.ContainerNotOpenException from Server db756141-0354-427a-9153-f34ecc5b5329@group-2A305473E0D3: Container 2 in CLOSED state
09:55:48.698 [grpc-default-executor-1] ERROR DNAudit - user=null | ip=null | op=WRITE_CHUNK {blockData=conID: 3 locID: 104585215768854533 bcsId: 0} | ret=FAILURE
org.apache.hadoop.hdds.scm.container.common.helpers.ContainerNotOpenException: Container 3 in CLOSED state
	at org.apache.hadoop.ozone.container.common.impl.HddsDispatcher.validateContainerCommand(HddsDispatcher.java:479) ~[hadoop-hdds-container-service-0.6.0-SNAPSHOT.jar:?]
	at org.apache.hadoop.ozone.container.common.transport.server.ratis.ContainerStateMachine.startTransaction(ContainerStateMachine.java:319) ~[hadoop-hdds-container-service-0.6.0-SNAPSHOT.jar:?]
	at org.apache.ratis.server.impl.RaftServerImpl.submitClientRequestAsync(RaftServerImpl.java:634) ~[ratis-server-1.0.0.jar:1.0.0]
	at org.apache.ratis.server.impl.RaftServerProxy.lambda$submitClientRequestAsync$7(RaftServerProxy.java:338) ~[ratis-server-1.0.0.jar:1.0.0]
	at org.apache.ratis.server.impl.RaftServerProxy.lambda$null$5(RaftServerProxy.java:333) ~[ratis-server-1.0.0.jar:1.0.0]
	at org.apache.ratis.util.JavaUtils.callAsUnchecked(JavaUtils.java:109) ~[ratis-common-1.0.0.jar:1.0.0]
	at org.apache.ratis.server.impl.RaftServerProxy.lambda$submitRequest$6(RaftServerProxy.java:333) ~[ratis-server-1.0.0.jar:1.0.0]
	at java.util.concurrent.CompletableFuture.uniComposeStage(CompletableFuture.java:995) ~[?:1.8.0_232]
	at java.util.concurrent.CompletableFuture.thenCompose(CompletableFuture.java:2137) ~[?:1.8.0_232]
	at org.apache.ratis.server.impl.RaftServerProxy.submitRequest(RaftServerProxy.java:332) ~[ratis-server-1.0.0.jar:1.0.0]
	at org.apache.ratis.server.impl.RaftServerProxy.submitClientRequestAsync(RaftServerProxy.java:338) ~[ratis-server-1.0.0.jar:1.0.0]
	at org.apache.ratis.grpc.client.GrpcClientProtocolService$RequestStreamObserver.processClientRequest(GrpcClientProtocolService.java:225) ~[ratis-grpc-1.0.0.jar:1.0.0]
	at org.apache.ratis.grpc.client.GrpcClientProtocolService$OrderedRequestStreamObserver.processClientRequest(GrpcClientProtocolService.java:331) ~[ratis-grpc-1.0.0.jar:1.0.0]
	at org.apache.ratis.util.SlidingWindow$Server.processRequestsFromHead(SlidingWindow.java:429) [ratis-common-1.0.0.jar:1.0.0]
	at org.apache.ratis.util.SlidingWindow$Server.receivedRequest(SlidingWindow.java:421) [ratis-common-1.0.0.jar:1.0.0]
	at org.apache.ratis.grpc.client.GrpcClientProtocolService$OrderedRequestStreamObserver.processClientRequest(GrpcClientProtocolService.java:355) [ratis-grpc-1.0.0.jar:1.0.0]
	at org.apache.ratis.grpc.client.GrpcClientProtocolService$RequestStreamObserver.onNext(GrpcClientProtocolService.java:245) [ratis-grpc-1.0.0.jar:1.0.0]
	at org.apache.ratis.grpc.client.GrpcClientProtocolService$RequestStreamObserver.onNext(GrpcClientProtocolService.java:168) [ratis-grpc-1.0.0.jar:1.0.0]
	at org.apache.ratis.thirdparty.io.grpc.stub.ServerCalls$StreamingServerCallHandler$StreamingServerCallListener.onMessage(ServerCalls.java:251) [ratis-thirdparty-misc-0.5.0.jar:0.5.0]
	at org.apache.ratis.thirdparty.io.grpc.internal.ServerCallImpl$ServerStreamListenerImpl.messagesAvailableInternal(ServerCallImpl.java:309) [ratis-thirdparty-misc-0.5.0.jar:0.5.0]
	at org.apache.ratis.thirdparty.io.grpc.internal.ServerCallImpl$ServerStreamListenerImpl.messagesAvailable(ServerCallImpl.java:292) [ratis-thirdparty-misc-0.5.0.jar:0.5.0]
	at org.apache.ratis.thirdparty.io.grpc.internal.ServerImpl$JumpToApplicationThreadServerStreamListener$1MessagesAvailable.runInContext(ServerImpl.java:783) [ratis-thirdparty-misc-0.5.0.jar:0.5.0]
	at org.apache.ratis.thirdparty.io.grpc.internal.ContextRunnable.run(ContextRunnable.java:37) [ratis-thirdparty-misc-0.5.0.jar:0.5.0]
	at org.apache.ratis.thirdparty.io.grpc.internal.SerializingExecutor.run(SerializingExecutor.java:123) [ratis-thirdparty-misc-0.5.0.jar:0.5.0]
	at java.util.concurrent.ThreadPoolExecutor.runWorker(ThreadPoolExecutor.java:1149) [?:1.8.0_232]
	at java.util.concurrent.ThreadPoolExecutor$Worker.run(ThreadPoolExecutor.java:624) [?:1.8.0_232]
	at java.lang.Thread.run(Thread.java:748) [?:1.8.0_232]
09:55:48.700 [grpc-default-executor-1] ERROR DNAudit - user=null | ip=null | op=WRITE_CHUNK {blockData=conID: 3 locID: 104585215768854533 bcsId: 0} | ret=FAILURE
org.apache.hadoop.hdds.scm.container.common.helpers.ContainerNotOpenException: Container 3 in CLOSED state
	at org.apache.hadoop.ozone.container.common.impl.HddsDispatcher.validateContainerCommand(HddsDispatcher.java:479) ~[hadoop-hdds-container-service-0.6.0-SNAPSHOT.jar:?]
	at org.apache.hadoop.ozone.container.common.transport.server.ratis.ContainerStateMachine.startTransaction(ContainerStateMachine.java:319) ~[hadoop-hdds-container-service-0.6.0-SNAPSHOT.jar:?]
	at org.apache.ratis.server.impl.RaftServerImpl.submitClientRequestAsync(RaftServerImpl.java:634) ~[ratis-server-1.0.0.jar:1.0.0]
	at org.apache.ratis.server.impl.RaftServerProxy.lambda$submitClientRequestAsync$7(RaftServerProxy.java:338) ~[ratis-server-1.0.0.jar:1.0.0]
	at org.apache.ratis.server.impl.RaftServerProxy.lambda$null$5(RaftServerProxy.java:333) ~[ratis-server-1.0.0.jar:1.0.0]
	at org.apache.ratis.util.JavaUtils.callAsUnchecked(JavaUtils.java:109) ~[ratis-common-1.0.0.jar:1.0.0]
	at org.apache.ratis.server.impl.RaftServerProxy.lambda$submitRequest$6(RaftServerProxy.java:333) ~[ratis-server-1.0.0.jar:1.0.0]
	at java.util.concurrent.CompletableFuture.uniComposeStage(CompletableFuture.java:995) ~[?:1.8.0_232]
	at java.util.concurrent.CompletableFuture.thenCompose(CompletableFuture.java:2137) ~[?:1.8.0_232]
	at org.apache.ratis.server.impl.RaftServerProxy.submitRequest(RaftServerProxy.java:332) ~[ratis-server-1.0.0.jar:1.0.0]
	at org.apache.ratis.server.impl.RaftServerProxy.submitClientRequestAsync(RaftServerProxy.java:338) ~[ratis-server-1.0.0.jar:1.0.0]
	at org.apache.ratis.grpc.client.GrpcClientProtocolService$RequestStreamObserver.processClientRequest(GrpcClientProtocolService.java:225) ~[ratis-grpc-1.0.0.jar:1.0.0]
	at org.apache.ratis.grpc.client.GrpcClientProtocolService$OrderedRequestStreamObserver.processClientRequest(GrpcClientProtocolService.java:331) ~[ratis-grpc-1.0.0.jar:1.0.0]
	at org.apache.ratis.util.SlidingWindow$Server.processRequestsFromHead(SlidingWindow.java:429) [ratis-common-1.0.0.jar:1.0.0]
	at org.apache.ratis.util.SlidingWindow$Server.receivedRequest(SlidingWindow.java:421) [ratis-common-1.0.0.jar:1.0.0]
	at org.apache.ratis.grpc.client.GrpcClientProtocolService$OrderedRequestStreamObserver.processClientRequest(GrpcClientProtocolService.java:355) [ratis-grpc-1.0.0.jar:1.0.0]
	at org.apache.ratis.grpc.client.GrpcClientProtocolService$RequestStreamObserver.onNext(GrpcClientProtocolService.java:245) [ratis-grpc-1.0.0.jar:1.0.0]
	at org.apache.ratis.grpc.client.GrpcClientProtocolService$RequestStreamObserver.onNext(GrpcClientProtocolService.java:168) [ratis-grpc-1.0.0.jar:1.0.0]
	at org.apache.ratis.thirdparty.io.grpc.stub.ServerCalls$StreamingServerCallHandler$StreamingServerCallListener.onMessage(ServerCalls.java:251) [ratis-thirdparty-misc-0.5.0.jar:0.5.0]
	at org.apache.ratis.thirdparty.io.grpc.internal.ServerCallImpl$ServerStreamListenerImpl.messagesAvailableInternal(ServerCallImpl.java:309) [ratis-thirdparty-misc-0.5.0.jar:0.5.0]
	at org.apache.ratis.thirdparty.io.grpc.internal.ServerCallImpl$ServerStreamListenerImpl.messagesAvailable(ServerCallImpl.java:292) [ratis-thirdparty-misc-0.5.0.jar:0.5.0]
	at org.apache.ratis.thirdparty.io.grpc.internal.ServerImpl$JumpToApplicationThreadServerStreamListener$1MessagesAvailable.runInContext(ServerImpl.java:783) [ratis-thirdparty-misc-0.5.0.jar:0.5.0]
	at org.apache.ratis.thirdparty.io.grpc.internal.ContextRunnable.run(ContextRunnable.java:37) [ratis-thirdparty-misc-0.5.0.jar:0.5.0]
	at org.apache.ratis.thirdparty.io.grpc.internal.SerializingExecutor.run(SerializingExecutor.java:123) [ratis-thirdparty-misc-0.5.0.jar:0.5.0]
	at java.util.concurrent.ThreadPoolExecutor.runWorker(ThreadPoolExecutor.java:1149) [?:1.8.0_232]
	at java.util.concurrent.ThreadPoolExecutor$Worker.run(ThreadPoolExecutor.java:624) [?:1.8.0_232]
	at java.lang.Thread.run(Thread.java:748) [?:1.8.0_232]
2020-07-27 09:55:48,717 [grpc-default-executor-2] ERROR storage.BlockOutputStream (BlockOutputStream.java:lambda$writeChunkToContainer$3(643)) - writing chunk failed 104585215768854533_chunk_1 blockID conID: 3 locID: 104585215768854533 bcsId: 0 with exception org.apache.ratis.protocol.StateMachineException: org.apache.hadoop.hdds.scm.container.common.helpers.ContainerNotOpenException from Server db756141-0354-427a-9153-f34ecc5b5329@group-2A305473E0D3: Container 3 in CLOSED state
09:55:48.725 [grpc-default-executor-1] ERROR DNAudit - user=null | ip=null | op=PUT_BLOCK {blockData=[blockId=conID: 3 locID: 104585215768854533 bcsId: 0,size=200]} | ret=FAILURE
org.apache.hadoop.hdds.scm.container.common.helpers.ContainerNotOpenException: Container 3 in CLOSED state
	at org.apache.hadoop.ozone.container.common.impl.HddsDispatcher.validateContainerCommand(HddsDispatcher.java:479) ~[hadoop-hdds-container-service-0.6.0-SNAPSHOT.jar:?]
	at org.apache.hadoop.ozone.container.common.transport.server.ratis.ContainerStateMachine.startTransaction(ContainerStateMachine.java:319) ~[hadoop-hdds-container-service-0.6.0-SNAPSHOT.jar:?]
	at org.apache.ratis.server.impl.RaftServerImpl.submitClientRequestAsync(RaftServerImpl.java:634) ~[ratis-server-1.0.0.jar:1.0.0]
	at org.apache.ratis.server.impl.RaftServerProxy.lambda$submitClientRequestAsync$7(RaftServerProxy.java:338) ~[ratis-server-1.0.0.jar:1.0.0]
	at org.apache.ratis.server.impl.RaftServerProxy.lambda$null$5(RaftServerProxy.java:333) ~[ratis-server-1.0.0.jar:1.0.0]
	at org.apache.ratis.util.JavaUtils.callAsUnchecked(JavaUtils.java:109) ~[ratis-common-1.0.0.jar:1.0.0]
	at org.apache.ratis.server.impl.RaftServerProxy.lambda$submitRequest$6(RaftServerProxy.java:333) ~[ratis-server-1.0.0.jar:1.0.0]
	at java.util.concurrent.CompletableFuture.uniComposeStage(CompletableFuture.java:995) ~[?:1.8.0_232]
	at java.util.concurrent.CompletableFuture.thenCompose(CompletableFuture.java:2137) ~[?:1.8.0_232]
	at org.apache.ratis.server.impl.RaftServerProxy.submitRequest(RaftServerProxy.java:332) ~[ratis-server-1.0.0.jar:1.0.0]
	at org.apache.ratis.server.impl.RaftServerProxy.submitClientRequestAsync(RaftServerProxy.java:338) ~[ratis-server-1.0.0.jar:1.0.0]
	at org.apache.ratis.grpc.client.GrpcClientProtocolService$RequestStreamObserver.processClientRequest(GrpcClientProtocolService.java:225) ~[ratis-grpc-1.0.0.jar:1.0.0]
	at org.apache.ratis.grpc.client.GrpcClientProtocolService$OrderedRequestStreamObserver.processClientRequest(GrpcClientProtocolService.java:331) ~[ratis-grpc-1.0.0.jar:1.0.0]
	at org.apache.ratis.util.SlidingWindow$Server.processRequestsFromHead(SlidingWindow.java:429) [ratis-common-1.0.0.jar:1.0.0]
	at org.apache.ratis.util.SlidingWindow$Server.receivedRequest(SlidingWindow.java:421) [ratis-common-1.0.0.jar:1.0.0]
	at org.apache.ratis.grpc.client.GrpcClientProtocolService$OrderedRequestStreamObserver.processClientRequest(GrpcClientProtocolService.java:355) [ratis-grpc-1.0.0.jar:1.0.0]
	at org.apache.ratis.grpc.client.GrpcClientProtocolService$RequestStreamObserver.onNext(GrpcClientProtocolService.java:245) [ratis-grpc-1.0.0.jar:1.0.0]
	at org.apache.ratis.grpc.client.GrpcClientProtocolService$RequestStreamObserver.onNext(GrpcClientProtocolService.java:168) [ratis-grpc-1.0.0.jar:1.0.0]
	at org.apache.ratis.thirdparty.io.grpc.stub.ServerCalls$StreamingServerCallHandler$StreamingServerCallListener.onMessage(ServerCalls.java:251) [ratis-thirdparty-misc-0.5.0.jar:0.5.0]
	at org.apache.ratis.thirdparty.io.grpc.internal.ServerCallImpl$ServerStreamListenerImpl.messagesAvailableInternal(ServerCallImpl.java:309) [ratis-thirdparty-misc-0.5.0.jar:0.5.0]
	at org.apache.ratis.thirdparty.io.grpc.internal.ServerCallImpl$ServerStreamListenerImpl.messagesAvailable(ServerCallImpl.java:292) [ratis-thirdparty-misc-0.5.0.jar:0.5.0]
	at org.apache.ratis.thirdparty.io.grpc.internal.ServerImpl$JumpToApplicationThreadServerStreamListener$1MessagesAvailable.runInContext(ServerImpl.java:783) [ratis-thirdparty-misc-0.5.0.jar:0.5.0]
	at org.apache.ratis.thirdparty.io.grpc.internal.ContextRunnable.run(ContextRunnable.java:37) [ratis-thirdparty-misc-0.5.0.jar:0.5.0]
	at org.apache.ratis.thirdparty.io.grpc.internal.SerializingExecutor.run(SerializingExecutor.java:123) [ratis-thirdparty-misc-0.5.0.jar:0.5.0]
	at java.util.concurrent.ThreadPoolExecutor.runWorker(ThreadPoolExecutor.java:1149) [?:1.8.0_232]
	at java.util.concurrent.ThreadPoolExecutor$Worker.run(ThreadPoolExecutor.java:624) [?:1.8.0_232]
	at java.lang.Thread.run(Thread.java:748) [?:1.8.0_232]
2020-07-27 09:55:48,726 [grpc-default-executor-2] ERROR storage.BlockOutputStream (BlockOutputStream.java:lambda$writeChunkToContainer$3(643)) - writing chunk failed 104585215768854533_chunk_2 blockID conID: 3 locID: 104585215768854533 bcsId: 0 with exception org.apache.ratis.protocol.StateMachineException: org.apache.hadoop.hdds.scm.container.common.helpers.ContainerNotOpenException from Server db756141-0354-427a-9153-f34ecc5b5329@group-2A305473E0D3: Container 3 in CLOSED state
09:55:48.726 [grpc-default-executor-1] ERROR DNAudit - user=null | ip=null | op=WRITE_CHUNK {blockData=conID: 3 locID: 104585215768854533 bcsId: 0} | ret=FAILURE
org.apache.hadoop.hdds.scm.container.common.helpers.ContainerNotOpenException: Container 3 in CLOSED state
	at org.apache.hadoop.ozone.container.common.impl.HddsDispatcher.validateContainerCommand(HddsDispatcher.java:479) ~[hadoop-hdds-container-service-0.6.0-SNAPSHOT.jar:?]
	at org.apache.hadoop.ozone.container.common.transport.server.ratis.ContainerStateMachine.startTransaction(ContainerStateMachine.java:319) ~[hadoop-hdds-container-service-0.6.0-SNAPSHOT.jar:?]
	at org.apache.ratis.server.impl.RaftServerImpl.submitClientRequestAsync(RaftServerImpl.java:634) ~[ratis-server-1.0.0.jar:1.0.0]
	at org.apache.ratis.server.impl.RaftServerProxy.lambda$submitClientRequestAsync$7(RaftServerProxy.java:338) ~[ratis-server-1.0.0.jar:1.0.0]
	at org.apache.ratis.server.impl.RaftServerProxy.lambda$null$5(RaftServerProxy.java:333) ~[ratis-server-1.0.0.jar:1.0.0]
	at org.apache.ratis.util.JavaUtils.callAsUnchecked(JavaUtils.java:109) ~[ratis-common-1.0.0.jar:1.0.0]
	at org.apache.ratis.server.impl.RaftServerProxy.lambda$submitRequest$6(RaftServerProxy.java:333) ~[ratis-server-1.0.0.jar:1.0.0]
	at java.util.concurrent.CompletableFuture.uniComposeStage(CompletableFuture.java:995) ~[?:1.8.0_232]
	at java.util.concurrent.CompletableFuture.thenCompose(CompletableFuture.java:2137) ~[?:1.8.0_232]
	at org.apache.ratis.server.impl.RaftServerProxy.submitRequest(RaftServerProxy.java:332) ~[ratis-server-1.0.0.jar:1.0.0]
	at org.apache.ratis.server.impl.RaftServerProxy.submitClientRequestAsync(RaftServerProxy.java:338) ~[ratis-server-1.0.0.jar:1.0.0]
	at org.apache.ratis.grpc.client.GrpcClientProtocolService$RequestStreamObserver.processClientRequest(GrpcClientProtocolService.java:225) ~[ratis-grpc-1.0.0.jar:1.0.0]
	at org.apache.ratis.grpc.client.GrpcClientProtocolService$OrderedRequestStreamObserver.processClientRequest(GrpcClientProtocolService.java:331) ~[ratis-grpc-1.0.0.jar:1.0.0]
	at org.apache.ratis.util.SlidingWindow$Server.processRequestsFromHead(SlidingWindow.java:429) [ratis-common-1.0.0.jar:1.0.0]
	at org.apache.ratis.util.SlidingWindow$Server.receivedRequest(SlidingWindow.java:421) [ratis-common-1.0.0.jar:1.0.0]
	at org.apache.ratis.grpc.client.GrpcClientProtocolService$OrderedRequestStreamObserver.processClientRequest(GrpcClientProtocolService.java:355) [ratis-grpc-1.0.0.jar:1.0.0]
	at org.apache.ratis.grpc.client.GrpcClientProtocolService$RequestStreamObserver.onNext(GrpcClientProtocolService.java:245) [ratis-grpc-1.0.0.jar:1.0.0]
	at org.apache.ratis.grpc.client.GrpcClientProtocolService$RequestStreamObserver.onNext(GrpcClientProtocolService.java:168) [ratis-grpc-1.0.0.jar:1.0.0]
	at org.apache.ratis.thirdparty.io.grpc.stub.ServerCalls$StreamingServerCallHandler$StreamingServerCallListener.onMessage(ServerCalls.java:251) [ratis-thirdparty-misc-0.5.0.jar:0.5.0]
	at org.apache.ratis.thirdparty.io.grpc.internal.ServerCallImpl$ServerStreamListenerImpl.messagesAvailableInternal(ServerCallImpl.java:309) [ratis-thirdparty-misc-0.5.0.jar:0.5.0]
	at org.apache.ratis.thirdparty.io.grpc.internal.ServerCallImpl$ServerStreamListenerImpl.messagesAvailable(ServerCallImpl.java:292) [ratis-thirdparty-misc-0.5.0.jar:0.5.0]
	at org.apache.ratis.thirdparty.io.grpc.internal.ServerImpl$JumpToApplicationThreadServerStreamListener$1MessagesAvailable.runInContext(ServerImpl.java:783) [ratis-thirdparty-misc-0.5.0.jar:0.5.0]
	at org.apache.ratis.thirdparty.io.grpc.internal.ContextRunnable.run(ContextRunnable.java:37) [ratis-thirdparty-misc-0.5.0.jar:0.5.0]
	at org.apache.ratis.thirdparty.io.grpc.internal.SerializingExecutor.run(SerializingExecutor.java:123) [ratis-thirdparty-misc-0.5.0.jar:0.5.0]
	at java.util.concurrent.ThreadPoolExecutor.runWorker(ThreadPoolExecutor.java:1149) [?:1.8.0_232]
	at java.util.concurrent.ThreadPoolExecutor$Worker.run(ThreadPoolExecutor.java:624) [?:1.8.0_232]
	at java.lang.Thread.run(Thread.java:748) [?:1.8.0_232]
09:55:48.729 [grpc-default-executor-1] ERROR DNAudit - user=null | ip=null | op=WRITE_CHUNK {blockData=conID: 3 locID: 104585215768854533 bcsId: 0} | ret=FAILURE
org.apache.hadoop.hdds.scm.container.common.helpers.ContainerNotOpenException: Container 3 in CLOSED state
	at org.apache.hadoop.ozone.container.common.impl.HddsDispatcher.validateContainerCommand(HddsDispatcher.java:479) ~[hadoop-hdds-container-service-0.6.0-SNAPSHOT.jar:?]
	at org.apache.hadoop.ozone.container.common.transport.server.ratis.ContainerStateMachine.startTransaction(ContainerStateMachine.java:319) ~[hadoop-hdds-container-service-0.6.0-SNAPSHOT.jar:?]
	at org.apache.ratis.server.impl.RaftServerImpl.submitClientRequestAsync(RaftServerImpl.java:634) ~[ratis-server-1.0.0.jar:1.0.0]
	at org.apache.ratis.server.impl.RaftServerProxy.lambda$submitClientRequestAsync$7(RaftServerProxy.java:338) ~[ratis-server-1.0.0.jar:1.0.0]
	at org.apache.ratis.server.impl.RaftServerProxy.lambda$null$5(RaftServerProxy.java:333) ~[ratis-server-1.0.0.jar:1.0.0]
	at org.apache.ratis.util.JavaUtils.callAsUnchecked(JavaUtils.java:109) ~[ratis-common-1.0.0.jar:1.0.0]
	at org.apache.ratis.server.impl.RaftServerProxy.lambda$submitRequest$6(RaftServerProxy.java:333) ~[ratis-server-1.0.0.jar:1.0.0]
	at java.util.concurrent.CompletableFuture.uniComposeStage(CompletableFuture.java:995) ~[?:1.8.0_232]
	at java.util.concurrent.CompletableFuture.thenCompose(CompletableFuture.java:2137) ~[?:1.8.0_232]
	at org.apache.ratis.server.impl.RaftServerProxy.submitRequest(RaftServerProxy.java:332) ~[ratis-server-1.0.0.jar:1.0.0]
	at org.apache.ratis.server.impl.RaftServerProxy.submitClientRequestAsync(RaftServerProxy.java:338) ~[ratis-server-1.0.0.jar:1.0.0]
	at org.apache.ratis.grpc.client.GrpcClientProtocolService$RequestStreamObserver.processClientRequest(GrpcClientProtocolService.java:225) ~[ratis-grpc-1.0.0.jar:1.0.0]
	at org.apache.ratis.grpc.client.GrpcClientProtocolService$OrderedRequestStreamObserver.processClientRequest(GrpcClientProtocolService.java:331) ~[ratis-grpc-1.0.0.jar:1.0.0]
	at org.apache.ratis.util.SlidingWindow$Server.processRequestsFromHead(SlidingWindow.java:429) [ratis-common-1.0.0.jar:1.0.0]
	at org.apache.ratis.util.SlidingWindow$Server.receivedRequest(SlidingWindow.java:421) [ratis-common-1.0.0.jar:1.0.0]
	at org.apache.ratis.grpc.client.GrpcClientProtocolService$OrderedRequestStreamObserver.processClientRequest(GrpcClientProtocolService.java:355) [ratis-grpc-1.0.0.jar:1.0.0]
	at org.apache.ratis.grpc.client.GrpcClientProtocolService$RequestStreamObserver.onNext(GrpcClientProtocolService.java:245) [ratis-grpc-1.0.0.jar:1.0.0]
	at org.apache.ratis.grpc.client.GrpcClientProtocolService$RequestStreamObserver.onNext(GrpcClientProtocolService.java:168) [ratis-grpc-1.0.0.jar:1.0.0]
	at org.apache.ratis.thirdparty.io.grpc.stub.ServerCalls$StreamingServerCallHandler$StreamingServerCallListener.onMessage(ServerCalls.java:251) [ratis-thirdparty-misc-0.5.0.jar:0.5.0]
	at org.apache.ratis.thirdparty.io.grpc.internal.ServerCallImpl$ServerStreamListenerImpl.messagesAvailableInternal(ServerCallImpl.java:309) [ratis-thirdparty-misc-0.5.0.jar:0.5.0]
	at org.apache.ratis.thirdparty.io.grpc.internal.ServerCallImpl$ServerStreamListenerImpl.messagesAvailable(ServerCallImpl.java:292) [ratis-thirdparty-misc-0.5.0.jar:0.5.0]
	at org.apache.ratis.thirdparty.io.grpc.internal.ServerImpl$JumpToApplicationThreadServerStreamListener$1MessagesAvailable.runInContext(ServerImpl.java:783) [ratis-thirdparty-misc-0.5.0.jar:0.5.0]
	at org.apache.ratis.thirdparty.io.grpc.internal.ContextRunnable.run(ContextRunnable.java:37) [ratis-thirdparty-misc-0.5.0.jar:0.5.0]
	at org.apache.ratis.thirdparty.io.grpc.internal.SerializingExecutor.run(SerializingExecutor.java:123) [ratis-thirdparty-misc-0.5.0.jar:0.5.0]
	at java.util.concurrent.ThreadPoolExecutor.runWorker(ThreadPoolExecutor.java:1149) [?:1.8.0_232]
	at java.util.concurrent.ThreadPoolExecutor$Worker.run(ThreadPoolExecutor.java:624) [?:1.8.0_232]
	at java.lang.Thread.run(Thread.java:748) [?:1.8.0_232]
09:55:48.730 [grpc-default-executor-1] ERROR DNAudit - user=null | ip=null | op=PUT_BLOCK {blockData=[blockId=conID: 3 locID: 104585215768854533 bcsId: 0,size=400]} | ret=FAILURE
org.apache.hadoop.hdds.scm.container.common.helpers.ContainerNotOpenException: Container 3 in CLOSED state
	at org.apache.hadoop.ozone.container.common.impl.HddsDispatcher.validateContainerCommand(HddsDispatcher.java:479) ~[hadoop-hdds-container-service-0.6.0-SNAPSHOT.jar:?]
	at org.apache.hadoop.ozone.container.common.transport.server.ratis.ContainerStateMachine.startTransaction(ContainerStateMachine.java:319) ~[hadoop-hdds-container-service-0.6.0-SNAPSHOT.jar:?]
	at org.apache.ratis.server.impl.RaftServerImpl.submitClientRequestAsync(RaftServerImpl.java:634) ~[ratis-server-1.0.0.jar:1.0.0]
	at org.apache.ratis.server.impl.RaftServerProxy.lambda$submitClientRequestAsync$7(RaftServerProxy.java:338) ~[ratis-server-1.0.0.jar:1.0.0]
	at org.apache.ratis.server.impl.RaftServerProxy.lambda$null$5(RaftServerProxy.java:333) ~[ratis-server-1.0.0.jar:1.0.0]
	at org.apache.ratis.util.JavaUtils.callAsUnchecked(JavaUtils.java:109) ~[ratis-common-1.0.0.jar:1.0.0]
	at org.apache.ratis.server.impl.RaftServerProxy.lambda$submitRequest$6(RaftServerProxy.java:333) ~[ratis-server-1.0.0.jar:1.0.0]
	at java.util.concurrent.CompletableFuture.uniComposeStage(CompletableFuture.java:995) ~[?:1.8.0_232]
	at java.util.concurrent.CompletableFuture.thenCompose(CompletableFuture.java:2137) ~[?:1.8.0_232]
	at org.apache.ratis.server.impl.RaftServerProxy.submitRequest(RaftServerProxy.java:332) ~[ratis-server-1.0.0.jar:1.0.0]
	at org.apache.ratis.server.impl.RaftServerProxy.submitClientRequestAsync(RaftServerProxy.java:338) ~[ratis-server-1.0.0.jar:1.0.0]
	at org.apache.ratis.grpc.client.GrpcClientProtocolService$RequestStreamObserver.processClientRequest(GrpcClientProtocolService.java:225) ~[ratis-grpc-1.0.0.jar:1.0.0]
	at org.apache.ratis.grpc.client.GrpcClientProtocolService$OrderedRequestStreamObserver.processClientRequest(GrpcClientProtocolService.java:331) ~[ratis-grpc-1.0.0.jar:1.0.0]
	at org.apache.ratis.util.SlidingWindow$Server.processRequestsFromHead(SlidingWindow.java:429) [ratis-common-1.0.0.jar:1.0.0]
	at org.apache.ratis.util.SlidingWindow$Server.receivedRequest(SlidingWindow.java:421) [ratis-common-1.0.0.jar:1.0.0]
	at org.apache.ratis.grpc.client.GrpcClientProtocolService$OrderedRequestStreamObserver.processClientRequest(GrpcClientProtocolService.java:355) [ratis-grpc-1.0.0.jar:1.0.0]
	at org.apache.ratis.grpc.client.GrpcClientProtocolService$RequestStreamObserver.onNext(GrpcClientProtocolService.java:245) [ratis-grpc-1.0.0.jar:1.0.0]
	at org.apache.ratis.grpc.client.GrpcClientProtocolService$RequestStreamObserver.onNext(GrpcClientProtocolService.java:168) [ratis-grpc-1.0.0.jar:1.0.0]
	at org.apache.ratis.thirdparty.io.grpc.stub.ServerCalls$StreamingServerCallHandler$StreamingServerCallListener.onMessage(ServerCalls.java:251) [ratis-thirdparty-misc-0.5.0.jar:0.5.0]
	at org.apache.ratis.thirdparty.io.grpc.internal.ServerCallImpl$ServerStreamListenerImpl.messagesAvailableInternal(ServerCallImpl.java:309) [ratis-thirdparty-misc-0.5.0.jar:0.5.0]
	at org.apache.ratis.thirdparty.io.grpc.internal.ServerCallImpl$ServerStreamListenerImpl.messagesAvailable(ServerCallImpl.java:292) [ratis-thirdparty-misc-0.5.0.jar:0.5.0]
	at org.apache.ratis.thirdparty.io.grpc.internal.ServerImpl$JumpToApplicationThreadServerStreamListener$1MessagesAvailable.runInContext(ServerImpl.java:783) [ratis-thirdparty-misc-0.5.0.jar:0.5.0]
	at org.apache.ratis.thirdparty.io.grpc.internal.ContextRunnable.run(ContextRunnable.java:37) [ratis-thirdparty-misc-0.5.0.jar:0.5.0]
	at org.apache.ratis.thirdparty.io.grpc.internal.SerializingExecutor.run(SerializingExecutor.java:123) [ratis-thirdparty-misc-0.5.0.jar:0.5.0]
	at java.util.concurrent.ThreadPoolExecutor.runWorker(ThreadPoolExecutor.java:1149) [?:1.8.0_232]
	at java.util.concurrent.ThreadPoolExecutor$Worker.run(ThreadPoolExecutor.java:624) [?:1.8.0_232]
	at java.lang.Thread.run(Thread.java:748) [?:1.8.0_232]
2020-07-27 09:55:48,749 [grpc-default-executor-2] ERROR storage.BlockOutputStream (BlockOutputStream.java:lambda$writeChunkToContainer$3(643)) - writing chunk failed 104585215768854533_chunk_3 blockID conID: 3 locID: 104585215768854533 bcsId: 0 with exception org.apache.ratis.protocol.StateMachineException: org.apache.hadoop.hdds.scm.container.common.helpers.ContainerNotOpenException from Server db756141-0354-427a-9153-f34ecc5b5329@group-2A305473E0D3: Container 3 in CLOSED state
2020-07-27 09:55:48,749 [grpc-default-executor-2] ERROR storage.BlockOutputStream (BlockOutputStream.java:lambda$writeChunkToContainer$3(643)) - writing chunk failed 104585215768854533_chunk_4 blockID conID: 3 locID: 104585215768854533 bcsId: 0 with exception org.apache.ratis.protocol.StateMachineException: org.apache.hadoop.hdds.scm.container.common.helpers.ContainerNotOpenException from Server db756141-0354-427a-9153-f34ecc5b5329@group-2A305473E0D3: Container 3 in CLOSED state
2020-07-27 09:55:48,756 [Listener at 127.0.0.1/37087] INFO  io.BlockOutputStreamEntryPool (BlockOutputStreamEntryPool.java:allocateNewBlock(282)) - Allocating block with ExcludeList {datanodes = [], containerIds = [#1, #2, #3], pipelineIds = []}
2020-07-27 09:55:48,805 [Listener at 127.0.0.1/37087] INFO  ozone.MiniOzoneClusterImpl (MiniOzoneClusterImpl.java:shutdown(387)) - Shutting down the Mini Ozone Cluster
2020-07-27 09:55:48,806 [Listener at 127.0.0.1/37087] INFO  ozone.MiniOzoneClusterImpl (MiniOzoneClusterImpl.java:stop(402)) - Stopping the Mini Ozone Cluster
2020-07-27 09:55:48,806 [Listener at 127.0.0.1/37087] INFO  ozone.MiniOzoneClusterImpl (MiniOzoneClusterImpl.java:stopOM(484)) - Stopping the OzoneManager
2020-07-27 09:55:48,806 [Listener at 127.0.0.1/37087] INFO  ipc.Server (Server.java:stop(3359)) - Stopping server on 37087
2020-07-27 09:55:48,810 [IPC Server listener on 0] INFO  ipc.Server (Server.java:run(1330)) - Stopping IPC Server listener on 0
2020-07-27 09:55:48,810 [Listener at 127.0.0.1/37087] INFO  ratis.OzoneManagerDoubleBuffer (OzoneManagerDoubleBuffer.java:stop(458)) - Stopping OMDoubleBuffer flush thread
2020-07-27 09:55:48,810 [IPC Server Responder] INFO  ipc.Server (Server.java:run(1465)) - Stopping IPC Server Responder
2020-07-27 09:55:48,810 [OMDoubleBufferFlushThread] INFO  ratis.OzoneManagerDoubleBuffer (OzoneManagerDoubleBuffer.java:flushTransactions(357)) - OMDoubleBuffer flush thread OMDoubleBufferFlushThread is interrupted and will exit. OMDoubleBufferFlushThread
2020-07-27 09:55:48,811 [Listener at 127.0.0.1/37087] INFO  utils.BackgroundService (BackgroundService.java:shutdown(157)) - Shutting down service KeyDeletingService
2020-07-27 09:55:48,811 [Listener at 127.0.0.1/37087] INFO  handler.ContextHandler (ContextHandler.java:doStop(1016)) - Stopped o.e.j.w.WebAppContext@282c5181{ozoneManager,/,null,UNAVAILABLE}{file:/github/workspace/mnt/ozone/hadoop-ozone/integration-test/target/test-classes/webapps/ozoneManager}
2020-07-27 09:55:48,812 [Listener at 127.0.0.1/37087] INFO  server.AbstractConnector (AbstractConnector.java:doStop(380)) - Stopped ServerConnector@2839ead4{HTTP/1.1,[http/1.1]}{0.0.0.0:0}
2020-07-27 09:55:48,812 [Listener at 127.0.0.1/37087] INFO  server.session (HouseKeeper.java:stopScavenging(158)) - node0 Stopped scavenging
2020-07-27 09:55:48,812 [Listener at 127.0.0.1/37087] INFO  handler.ContextHandler (ContextHandler.java:doStop(1016)) - Stopped o.e.j.s.ServletContextHandler@28b32242{static,/static,file:///github/workspace/mnt/ozone/hadoop-ozone/integration-test/target/test-classes/webapps/static,UNAVAILABLE}
2020-07-27 09:55:48,812 [Listener at 127.0.0.1/37087] INFO  handler.ContextHandler (ContextHandler.java:doStop(1016)) - Stopped o.e.j.s.ServletContextHandler@53f7fd74{logs,/logs,file:///github/workspace/mnt/ozone/hadoop-ozone/integration-test/target/log,UNAVAILABLE}
2020-07-27 09:55:48,815 [Listener at 127.0.0.1/37087] INFO  ozone.MiniOzoneClusterImpl (MiniOzoneClusterImpl.java:stopDatanodes(461)) - Stopping the HddsDatanodes
2020-07-27 09:55:48,910 [EventQueue-Delayed safe mode statusForReplicationManager] INFO  container.ReplicationManager (ReplicationManager.java:start(177)) - Starting Replication Monitor Thread.
2020-07-27 09:55:48,913 [ReplicationMonitor] INFO  container.ReplicationManager (ReplicationManager.java:run(241)) - Replication Monitor Thread took 2 milliseconds for processing 4 containers.
2020-07-27 09:55:49,244 [Datanode State Machine Thread - 0] INFO  statemachine.DatanodeStateMachine (DatanodeStateMachine.java:lambda$startDaemon$0(399)) - Ozone container server started.
2020-07-27 09:55:49,580 [Datanode State Machine Thread - 0] INFO  statemachine.DatanodeStateMachine (DatanodeStateMachine.java:lambda$startDaemon$0(399)) - Ozone container server started.
2020-07-27 09:55:53,816 [ForkJoinPool.commonPool-worker-0] INFO  ozoneimpl.OzoneContainer (OzoneContainer.java:stop(259)) - Attempting to stop container services.
2020-07-27 09:55:53,816 [Listener at 127.0.0.1/37087] INFO  ozoneimpl.OzoneContainer (OzoneContainer.java:stop(259)) - Attempting to stop container services.
2020-07-27 09:55:53,816 [Listener at 127.0.0.1/37087] INFO  impl.RaftServerProxy (RaftServerProxy.java:lambda$close$4(319)) - 6149466c-0ff2-4d16-87a0-4777c761ad23: close
2020-07-27 09:55:53,816 [ForkJoinPool.commonPool-worker-0] INFO  impl.RaftServerProxy (RaftServerProxy.java:lambda$close$4(319)) - db756141-0354-427a-9153-f34ecc5b5329: close
2020-07-27 09:55:53,817 [Listener at 127.0.0.1/37087] INFO  impl.RaftServerImpl (RaftServerImpl.java:lambda$shutdown$3(263)) - 6149466c-0ff2-4d16-87a0-4777c761ad23@group-F989998C1E69: shutdown
2020-07-27 09:55:53,817 [ForkJoinPool.commonPool-worker-0] INFO  impl.RaftServerImpl (RaftServerImpl.java:lambda$shutdown$3(263)) - db756141-0354-427a-9153-f34ecc5b5329@group-BDA6939820FE: shutdown
2020-07-27 09:55:53,817 [Listener at 127.0.0.1/37087] INFO  util.JmxRegister (JmxRegister.java:unregister(73)) - Successfully un-registered JMX Bean with object name Ratis:service=RaftServer,group=group-F989998C1E69,id=6149466c-0ff2-4d16-87a0-4777c761ad23
2020-07-27 09:55:53,817 [Listener at 127.0.0.1/37087] INFO  impl.RoleInfo (RoleInfo.java:shutdownLeaderState(104)) - 6149466c-0ff2-4d16-87a0-4777c761ad23: shutdown LeaderState
2020-07-27 09:55:53,817 [Listener at 127.0.0.1/37087] INFO  impl.PendingRequests (PendingRequests.java:sendNotLeaderResponses(249)) - 6149466c-0ff2-4d16-87a0-4777c761ad23@group-F989998C1E69-PendingRequests: sendNotLeaderResponses
2020-07-27 09:55:53,818 [Listener at 127.0.0.1/37087] INFO  metrics.RatisMetrics (RatisMetrics.java:unregister(43)) - Unregistering Metrics Registry : ratis.log_appender.6149466c-0ff2-4d16-87a0-4777c761ad23@group-F989998C1E69
2020-07-27 09:55:53,818 [Listener at 127.0.0.1/37087] INFO  metrics.RatisMetrics (RatisMetrics.java:unregister(43)) - Unregistering Metrics Registry : ratis.server.6149466c-0ff2-4d16-87a0-4777c761ad23@group-F989998C1E69
2020-07-27 09:55:53,817 [ForkJoinPool.commonPool-worker-0] INFO  util.JmxRegister (JmxRegister.java:unregister(73)) - Successfully un-registered JMX Bean with object name Ratis:service=RaftServer,group=group-BDA6939820FE,id=db756141-0354-427a-9153-f34ecc5b5329
2020-07-27 09:55:53,818 [ForkJoinPool.commonPool-worker-0] INFO  impl.RoleInfo (RoleInfo.java:shutdownLeaderState(104)) - db756141-0354-427a-9153-f34ecc5b5329: shutdown LeaderState
2020-07-27 09:55:53,819 [ForkJoinPool.commonPool-worker-0] INFO  metrics.RatisMetrics (RatisMetrics.java:unregister(43)) - Unregistering Metrics Registry : ratis_grpc.log_appender.db756141-0354-427a-9153-f34ecc5b5329@group-BDA6939820FE
2020-07-27 09:55:53,819 [ForkJoinPool.commonPool-worker-0] INFO  metrics.RatisMetrics (RatisMetrics.java:unregister(43)) - Unregistering Metrics Registry : ratis_grpc.log_appender.db756141-0354-427a-9153-f34ecc5b5329@group-BDA6939820FE
2020-07-27 09:55:53,819 [org.apache.ratis.server.impl.LogAppender$AppenderDaemon$$Lambda$457/754822756@35f3a7fc] WARN  server.GrpcLogAppender (GrpcLogAppender.java:mayWait(153)) - db756141-0354-427a-9153-f34ecc5b5329@group-BDA6939820FE->045c987a-fb62-4fd1-8a3b-f6f94af40e4e-GrpcLogAppender: Wait interrupted by java.lang.InterruptedException
2020-07-27 09:55:53,820 [6149466c-0ff2-4d16-87a0-4777c761ad23@group-F989998C1E69-StateMachineUpdater] INFO  ratis.ContainerStateMachine (ContainerStateMachine.java:takeSnapshot(293)) - group-F989998C1E69: Taking a snapshot at:(t:1, i:0) file /github/workspace/mnt/ozone/hadoop-ozone/integration-test/target/test-dir/MiniOzoneClusterImpl-6f095167-e36a-40e2-aefd-0fa47c7d82e2/datanode-4/data/ratis/276364e4-b1b0-4339-b645-f989998c1e69/sm/snapshot.1_0
2020-07-27 09:55:53,821 [org.apache.ratis.server.impl.LogAppender$AppenderDaemon$$Lambda$457/754822756@7a5cb842] WARN  server.GrpcLogAppender (GrpcLogAppender.java:mayWait(153)) - db756141-0354-427a-9153-f34ecc5b5329@group-BDA6939820FE->24589ba3-439e-426c-a3dd-3948fbf70a5d-GrpcLogAppender: Wait interrupted by java.lang.InterruptedException
2020-07-27 09:55:53,820 [Listener at 127.0.0.1/37087] INFO  impl.StateMachineUpdater (StateMachineUpdater.java:stopAndJoin(142)) - 6149466c-0ff2-4d16-87a0-4777c761ad23@group-F989998C1E69-StateMachineUpdater: set stopIndex = 0
2020-07-27 09:55:53,822 [6149466c-0ff2-4d16-87a0-4777c761ad23@group-F989998C1E69-StateMachineUpdater] INFO  ratis.ContainerStateMachine (ContainerStateMachine.java:takeSnapshot(304)) - group-F989998C1E69: Finished taking a snapshot at:(t:1, i:0) file:/github/workspace/mnt/ozone/hadoop-ozone/integration-test/target/test-dir/MiniOzoneClusterImpl-6f095167-e36a-40e2-aefd-0fa47c7d82e2/datanode-4/data/ratis/276364e4-b1b0-4339-b645-f989998c1e69/sm/snapshot.1_0 time:2
2020-07-27 09:55:53,822 [ForkJoinPool.commonPool-worker-0] INFO  impl.PendingRequests (PendingRequests.java:sendNotLeaderResponses(249)) - db756141-0354-427a-9153-f34ecc5b5329@group-BDA6939820FE-PendingRequests: sendNotLeaderResponses
2020-07-27 09:55:53,825 [6149466c-0ff2-4d16-87a0-4777c761ad23@group-F989998C1E69-StateMachineUpdater] INFO  impl.StateMachineUpdater (StateMachineUpdater.java:takeSnapshot(277)) - 6149466c-0ff2-4d16-87a0-4777c761ad23@group-F989998C1E69-StateMachineUpdater: Took a snapshot at index 0
2020-07-27 09:55:53,825 [6149466c-0ff2-4d16-87a0-4777c761ad23@group-F989998C1E69-StateMachineUpdater] INFO  impl.StateMachineUpdater (StateMachineUpdater.java:lambda$new$0(87)) - 6149466c-0ff2-4d16-87a0-4777c761ad23@group-F989998C1E69-StateMachineUpdater: snapshotIndex: updateIncreasingly -1 -> 0
2020-07-27 09:55:53,821 [grpc-default-executor-2] INFO  server.GrpcServerProtocolService (GrpcServerProtocolService.java:onCompleted(138)) - 24589ba3-439e-426c-a3dd-3948fbf70a5d: Completed APPEND_ENTRIES, lastRequest: db756141-0354-427a-9153-f34ecc5b5329->24589ba3-439e-426c-a3dd-3948fbf70a5d#1-t1, previous=(t:0, i:0), leaderCommit=0, initializing? false, entries: size=1, first=(t:1, i:0), CONFIGURATIONENTRY
2020-07-27 09:55:53,825 [6149466c-0ff2-4d16-87a0-4777c761ad23@group-F989998C1E69-StateMachineUpdater] INFO  metrics.RatisMetrics (RatisMetrics.java:unregister(43)) - Unregistering Metrics Registry : ratis.state_machine.6149466c-0ff2-4d16-87a0-4777c761ad23@group-F989998C1E69
2020-07-27 09:55:53,821 [grpc-default-executor-0] INFO  server.GrpcServerProtocolService (GrpcServerProtocolService.java:onCompleted(138)) - 045c987a-fb62-4fd1-8a3b-f6f94af40e4e: Completed APPEND_ENTRIES, lastRequest: db756141-0354-427a-9153-f34ecc5b5329->045c987a-fb62-4fd1-8a3b-f6f94af40e4e#1-t1, previous=(t:0, i:0), leaderCommit=0, initializing? false, entries: size=1, first=(t:1, i:0), CONFIGURATIONENTRY
2020-07-27 09:55:53,825 [Listener at 127.0.0.1/37087] INFO  impl.RaftServerImpl (ServerState.java:close(387)) - 6149466c-0ff2-4d16-87a0-4777c761ad23@group-F989998C1E69: closes. applyIndex: 0
2020-07-27 09:55:53,826 [6149466c-0ff2-4d16-87a0-4777c761ad23@group-F989998C1E69-SegmentedRaftLogWorker] INFO  segmented.SegmentedRaftLogWorker (SegmentedRaftLogWorker.java:run(327)) - 6149466c-0ff2-4d16-87a0-4777c761ad23@group-F989998C1E69-SegmentedRaftLogWorker was interrupted, exiting. There are 0 tasks remaining in the queue.
2020-07-27 09:55:53,825 [ForkJoinPool.commonPool-worker-0] INFO  metrics.RatisMetrics (RatisMetrics.java:unregister(43)) - Unregistering Metrics Registry : ratis.log_appender.db756141-0354-427a-9153-f34ecc5b5329@group-BDA6939820FE
2020-07-27 09:55:53,828 [grpc-default-executor-3] INFO  server.GrpcLogAppender (GrpcLogAppender.java:onCompleted(319)) - db756141-0354-427a-9153-f34ecc5b5329@group-BDA6939820FE->24589ba3-439e-426c-a3dd-3948fbf70a5d-AppendLogResponseHandler: follower responses appendEntries COMPLETED
2020-07-27 09:55:53,827 [Listener at 127.0.0.1/37087] INFO  segmented.SegmentedRaftLogWorker (SegmentedRaftLogWorker.java:close(234)) - 6149466c-0ff2-4d16-87a0-4777c761ad23@group-F989998C1E69-SegmentedRaftLogWorker close()
2020-07-27 09:55:53,827 [grpc-default-executor-1] INFO  server.GrpcLogAppender (GrpcLogAppender.java:onCompleted(319)) - db756141-0354-427a-9153-f34ecc5b5329@group-BDA6939820FE->045c987a-fb62-4fd1-8a3b-f6f94af40e4e-AppendLogResponseHandler: follower responses appendEntries COMPLETED
2020-07-27 09:55:53,830 [Listener at 127.0.0.1/37087] INFO  metrics.RatisMetrics (RatisMetrics.java:unregister(43)) - Unregistering Metrics Registry : ratis.log_worker.6149466c-0ff2-4d16-87a0-4777c761ad23@group-F989998C1E69
2020-07-27 09:55:53,831 [Listener at 127.0.0.1/37087] INFO  metrics.RatisMetrics (RatisMetrics.java:unregister(43)) - Unregistering Metrics Registry : ratis.leader_election.6149466c-0ff2-4d16-87a0-4777c761ad23@group-F989998C1E69
2020-07-27 09:55:53,831 [Listener at 127.0.0.1/37087] INFO  metrics.RatisMetrics (RatisMetrics.java:unregister(43)) - Unregistering Metrics Registry : ratis.server.6149466c-0ff2-4d16-87a0-4777c761ad23@group-F989998C1E69
2020-07-27 09:55:53,831 [Listener at 127.0.0.1/37087] INFO  impl.RaftServerImpl (RaftServerImpl.java:lambda$shutdown$3(263)) - 6149466c-0ff2-4d16-87a0-4777c761ad23@group-433FFA6DA013: shutdown
2020-07-27 09:55:53,831 [Listener at 127.0.0.1/37087] INFO  util.JmxRegister (JmxRegister.java:unregister(73)) - Successfully un-registered JMX Bean with object name Ratis:service=RaftServer,group=group-433FFA6DA013,id=6149466c-0ff2-4d16-87a0-4777c761ad23
2020-07-27 09:55:53,831 [Listener at 127.0.0.1/37087] INFO  impl.RoleInfo (RoleInfo.java:shutdownFollowerState(121)) - 6149466c-0ff2-4d16-87a0-4777c761ad23: shutdown FollowerState
2020-07-27 09:55:53,831 [Listener at 127.0.0.1/37087] INFO  impl.StateMachineUpdater (StateMachineUpdater.java:stopAndJoin(142)) - 6149466c-0ff2-4d16-87a0-4777c761ad23@group-433FFA6DA013-StateMachineUpdater: set stopIndex = 0
2020-07-27 09:55:53,832 [Thread-641] INFO  impl.FollowerState (FollowerState.java:run(117)) - 6149466c-0ff2-4d16-87a0-4777c761ad23@group-433FFA6DA013-FollowerState was interrupted: java.lang.InterruptedException: sleep interrupted
2020-07-27 09:55:53,832 [6149466c-0ff2-4d16-87a0-4777c761ad23@group-433FFA6DA013-StateMachineUpdater] INFO  ratis.ContainerStateMachine (ContainerStateMachine.java:takeSnapshot(293)) - group-433FFA6DA013: Taking a snapshot at:(t:1, i:0) file /github/workspace/mnt/ozone/hadoop-ozone/integration-test/target/test-dir/MiniOzoneClusterImpl-6f095167-e36a-40e2-aefd-0fa47c7d82e2/datanode-4/data/ratis/211d2911-d149-470c-93b5-433ffa6da013/sm/snapshot.1_0
2020-07-27 09:55:53,829 [ForkJoinPool.commonPool-worker-0] INFO  metrics.RatisMetrics (RatisMetrics.java:unregister(43)) - Unregistering Metrics Registry : ratis.server.db756141-0354-427a-9153-f34ecc5b5329@group-BDA6939820FE
2020-07-27 09:55:53,833 [ForkJoinPool.commonPool-worker-0] INFO  impl.StateMachineUpdater (StateMachineUpdater.java:stopAndJoin(142)) - db756141-0354-427a-9153-f34ecc5b5329@group-BDA6939820FE-StateMachineUpdater: set stopIndex = 0
2020-07-27 09:55:53,833 [db756141-0354-427a-9153-f34ecc5b5329@group-BDA6939820FE-StateMachineUpdater] INFO  ratis.ContainerStateMachine (ContainerStateMachine.java:takeSnapshot(293)) - group-BDA6939820FE: Taking a snapshot at:(t:1, i:0) file /github/workspace/mnt/ozone/hadoop-ozone/integration-test/target/test-dir/MiniOzoneClusterImpl-6f095167-e36a-40e2-aefd-0fa47c7d82e2/datanode-1/data/ratis/7bbf6427-087b-4c7e-9ba9-bda6939820fe/sm/snapshot.1_0
2020-07-27 09:55:53,833 [6149466c-0ff2-4d16-87a0-4777c761ad23@group-433FFA6DA013-StateMachineUpdater] INFO  ratis.ContainerStateMachine (ContainerStateMachine.java:takeSnapshot(304)) - group-433FFA6DA013: Finished taking a snapshot at:(t:1, i:0) file:/github/workspace/mnt/ozone/hadoop-ozone/integration-test/target/test-dir/MiniOzoneClusterImpl-6f095167-e36a-40e2-aefd-0fa47c7d82e2/datanode-4/data/ratis/211d2911-d149-470c-93b5-433ffa6da013/sm/snapshot.1_0 time:2
2020-07-27 09:55:53,834 [6149466c-0ff2-4d16-87a0-4777c761ad23@group-433FFA6DA013-StateMachineUpdater] INFO  impl.StateMachineUpdater (StateMachineUpdater.java:takeSnapshot(277)) - 6149466c-0ff2-4d16-87a0-4777c761ad23@group-433FFA6DA013-StateMachineUpdater: Took a snapshot at index 0
2020-07-27 09:55:53,834 [6149466c-0ff2-4d16-87a0-4777c761ad23@group-433FFA6DA013-StateMachineUpdater] INFO  impl.StateMachineUpdater (StateMachineUpdater.java:lambda$new$0(87)) - 6149466c-0ff2-4d16-87a0-4777c761ad23@group-433FFA6DA013-StateMachineUpdater: snapshotIndex: updateIncreasingly -1 -> 0
2020-07-27 09:55:53,834 [db756141-0354-427a-9153-f34ecc5b5329@group-BDA6939820FE-StateMachineUpdater] INFO  ratis.ContainerStateMachine (ContainerStateMachine.java:takeSnapshot(304)) - group-BDA6939820FE: Finished taking a snapshot at:(t:1, i:0) file:/github/workspace/mnt/ozone/hadoop-ozone/integration-test/target/test-dir/MiniOzoneClusterImpl-6f095167-e36a-40e2-aefd-0fa47c7d82e2/datanode-1/data/ratis/7bbf6427-087b-4c7e-9ba9-bda6939820fe/sm/snapshot.1_0 time:0
2020-07-27 09:55:53,834 [6149466c-0ff2-4d16-87a0-4777c761ad23@group-433FFA6DA013-StateMachineUpdater] INFO  metrics.RatisMetrics (RatisMetrics.java:unregister(43)) - Unregistering Metrics Registry : ratis.state_machine.6149466c-0ff2-4d16-87a0-4777c761ad23@group-433FFA6DA013
2020-07-27 09:55:53,834 [db756141-0354-427a-9153-f34ecc5b5329@group-BDA6939820FE-StateMachineUpdater] INFO  impl.StateMachineUpdater (StateMachineUpdater.java:takeSnapshot(277)) - db756141-0354-427a-9153-f34ecc5b5329@group-BDA6939820FE-StateMachineUpdater: Took a snapshot at index 0
2020-07-27 09:55:53,834 [db756141-0354-427a-9153-f34ecc5b5329@group-BDA6939820FE-StateMachineUpdater] INFO  impl.StateMachineUpdater (StateMachineUpdater.java:lambda$new$0(87)) - db756141-0354-427a-9153-f34ecc5b5329@group-BDA6939820FE-StateMachineUpdater: snapshotIndex: updateIncreasingly -1 -> 0
2020-07-27 09:55:53,834 [Listener at 127.0.0.1/37087] INFO  impl.RaftServerImpl (ServerState.java:close(387)) - 6149466c-0ff2-4d16-87a0-4777c761ad23@group-433FFA6DA013: closes. applyIndex: 0
2020-07-27 09:55:53,835 [db756141-0354-427a-9153-f34ecc5b5329@group-BDA6939820FE-StateMachineUpdater] INFO  metrics.RatisMetrics (RatisMetrics.java:unregister(43)) - Unregistering Metrics Registry : ratis.state_machine.db756141-0354-427a-9153-f34ecc5b5329@group-BDA6939820FE
2020-07-27 09:55:53,835 [6149466c-0ff2-4d16-87a0-4777c761ad23@group-433FFA6DA013-SegmentedRaftLogWorker] INFO  segmented.SegmentedRaftLogWorker (SegmentedRaftLogWorker.java:run(327)) - 6149466c-0ff2-4d16-87a0-4777c761ad23@group-433FFA6DA013-SegmentedRaftLogWorker was interrupted, exiting. There are 0 tasks remaining in the queue.
2020-07-27 09:55:53,836 [ForkJoinPool.commonPool-worker-0] INFO  impl.RaftServerImpl (ServerState.java:close(387)) - db756141-0354-427a-9153-f34ecc5b5329@group-BDA6939820FE: closes. applyIndex: 0
2020-07-27 09:55:53,836 [Listener at 127.0.0.1/37087] INFO  segmented.SegmentedRaftLogWorker (SegmentedRaftLogWorker.java:close(234)) - 6149466c-0ff2-4d16-87a0-4777c761ad23@group-433FFA6DA013-SegmentedRaftLogWorker close()
2020-07-27 09:55:53,838 [grpc-default-executor-1] INFO  impl.FollowerInfo (FollowerInfo.java:lambda$new$0(51)) - db756141-0354-427a-9153-f34ecc5b5329@group-BDA6939820FE->045c987a-fb62-4fd1-8a3b-f6f94af40e4e: nextIndex: updateUnconditionally 1 -> 0
2020-07-27 09:55:53,838 [db756141-0354-427a-9153-f34ecc5b5329@group-BDA6939820FE-SegmentedRaftLogWorker] INFO  segmented.SegmentedRaftLogWorker (SegmentedRaftLogWorker.java:run(327)) - db756141-0354-427a-9153-f34ecc5b5329@group-BDA6939820FE-SegmentedRaftLogWorker was interrupted, exiting. There are 0 tasks remaining in the queue.
2020-07-27 09:55:53,838 [Listener at 127.0.0.1/37087] INFO  metrics.RatisMetrics (RatisMetrics.java:unregister(43)) - Unregistering Metrics Registry : ratis.log_worker.6149466c-0ff2-4d16-87a0-4777c761ad23@group-433FFA6DA013
2020-07-27 09:55:53,839 [Listener at 127.0.0.1/37087] INFO  metrics.RatisMetrics (RatisMetrics.java:unregister(43)) - Unregistering Metrics Registry : ratis.leader_election.6149466c-0ff2-4d16-87a0-4777c761ad23@group-433FFA6DA013
2020-07-27 09:55:53,839 [Listener at 127.0.0.1/37087] INFO  metrics.RatisMetrics (RatisMetrics.java:unregister(43)) - Unregistering Metrics Registry : ratis.server.6149466c-0ff2-4d16-87a0-4777c761ad23@group-433FFA6DA013
2020-07-27 09:55:53,845 [Listener at 127.0.0.1/37087] INFO  server.GrpcService (GrpcService.java:closeImpl(166)) - 6149466c-0ff2-4d16-87a0-4777c761ad23: shutdown server with port 43501 now
2020-07-27 09:55:53,845 [grpc-default-executor-3] INFO  impl.FollowerInfo (FollowerInfo.java:lambda$new$0(51)) - db756141-0354-427a-9153-f34ecc5b5329@group-BDA6939820FE->24589ba3-439e-426c-a3dd-3948fbf70a5d: nextIndex: updateUnconditionally 1 -> 0
2020-07-27 09:55:53,846 [ForkJoinPool.commonPool-worker-0] INFO  segmented.SegmentedRaftLogWorker (SegmentedRaftLogWorker.java:close(234)) - db756141-0354-427a-9153-f34ecc5b5329@group-BDA6939820FE-SegmentedRaftLogWorker close()
2020-07-27 09:55:53,848 [grpc-default-executor-1] WARN  server.GrpcServerProtocolService (LogUtils.java:warn(122)) - 6149466c-0ff2-4d16-87a0-4777c761ad23: installSnapshot onError, lastRequest: 1abd5772-62cd-4705-9996-234721943c22->6149466c-0ff2-4d16-87a0-4777c761ad23#1-t1, previous=(t:0, i:0), leaderCommit=0, initializing? false, entries: size=1, first=(t:1, i:0), CONFIGURATIONENTRY: org.apache.ratis.thirdparty.io.grpc.StatusRuntimeException: CANCELLED: cancelled before receiving half close
2020-07-27 09:55:53,848 [grpc-default-executor-0] WARN  server.GrpcLogAppender (LogUtils.java:warn(122)) - 1abd5772-62cd-4705-9996-234721943c22@group-433FFA6DA013->6149466c-0ff2-4d16-87a0-4777c761ad23-AppendLogResponseHandler: Failed appendEntries: org.apache.ratis.thirdparty.io.grpc.StatusRuntimeException: CANCELLED: HTTP/2 error code: CANCEL
Received Rst Stream
2020-07-27 09:55:53,848 [Listener at 127.0.0.1/37087] INFO  server.GrpcService (GrpcService.java:closeImpl(174)) - 6149466c-0ff2-4d16-87a0-4777c761ad23: shutdown server with port 43501 successfully
2020-07-27 09:55:53,850 [ForkJoinPool.commonPool-worker-0] INFO  metrics.RatisMetrics (RatisMetrics.java:unregister(43)) - Unregistering Metrics Registry : ratis.log_worker.db756141-0354-427a-9153-f34ecc5b5329@group-BDA6939820FE
2020-07-27 09:55:53,850 [ForkJoinPool.commonPool-worker-0] INFO  metrics.RatisMetrics (RatisMetrics.java:unregister(43)) - Unregistering Metrics Registry : ratis.leader_election.db756141-0354-427a-9153-f34ecc5b5329@group-BDA6939820FE
2020-07-27 09:55:53,850 [ForkJoinPool.commonPool-worker-0] INFO  metrics.RatisMetrics (RatisMetrics.java:unregister(43)) - Unregistering Metrics Registry : ratis.server.db756141-0354-427a-9153-f34ecc5b5329@group-BDA6939820FE
2020-07-27 09:55:53,850 [Listener at 127.0.0.1/37087] INFO  utils.BackgroundService (BackgroundService.java:shutdown(157)) - Shutting down service BlockDeletingService
2020-07-27 09:55:53,850 [ForkJoinPool.commonPool-worker-0] INFO  impl.RaftServerImpl (RaftServerImpl.java:lambda$shutdown$3(263)) - db756141-0354-427a-9153-f34ecc5b5329@group-2A305473E0D3: shutdown
2020-07-27 09:55:53,851 [grpc-default-executor-0] INFO  impl.FollowerInfo (FollowerInfo.java:lambda$new$0(51)) - 1abd5772-62cd-4705-9996-234721943c22@group-433FFA6DA013->6149466c-0ff2-4d16-87a0-4777c761ad23: nextIndex: updateUnconditionally 1 -> 0
2020-07-27 09:55:53,851 [ForkJoinPool.commonPool-worker-0] INFO  util.JmxRegister (JmxRegister.java:unregister(73)) - Successfully un-registered JMX Bean with object name Ratis:service=RaftServer,group=group-2A305473E0D3,id=db756141-0354-427a-9153-f34ecc5b5329
2020-07-27 09:55:53,852 [ForkJoinPool.commonPool-worker-0] INFO  impl.RoleInfo (RoleInfo.java:shutdownLeaderState(104)) - db756141-0354-427a-9153-f34ecc5b5329: shutdown LeaderState
2020-07-27 09:55:53,853 [ForkJoinPool.commonPool-worker-0] INFO  impl.PendingRequests (PendingRequests.java:sendNotLeaderResponses(249)) - db756141-0354-427a-9153-f34ecc5b5329@group-2A305473E0D3-PendingRequests: sendNotLeaderResponses
2020-07-27 09:55:53,852 [Listener at 127.0.0.1/37087] INFO  statemachine.DatanodeStateMachine (DatanodeStateMachine.java:stopDaemon(447)) - Ozone container server stopped.
2020-07-27 09:55:53,859 [Listener at 127.0.0.1/37087] INFO  handler.ContextHandler (ContextHandler.java:doStop(1016)) - Stopped o.e.j.w.WebAppContext@23d203c6{hddsDatanode,/,null,UNAVAILABLE}{jar:file:/home/user/.m2/repository/org/apache/hadoop/hadoop-hdds-container-service/0.6.0-SNAPSHOT/hadoop-hdds-container-service-0.6.0-SNAPSHOT.jar!/webapps/hddsDatanode}
2020-07-27 09:55:53,861 [ForkJoinPool.commonPool-worker-0] INFO  metrics.RatisMetrics (RatisMetrics.java:unregister(43)) - Unregistering Metrics Registry : ratis.log_appender.db756141-0354-427a-9153-f34ecc5b5329@group-2A305473E0D3
2020-07-27 09:55:53,861 [ForkJoinPool.commonPool-worker-0] INFO  metrics.RatisMetrics (RatisMetrics.java:unregister(43)) - Unregistering Metrics Registry : ratis.server.db756141-0354-427a-9153-f34ecc5b5329@group-2A305473E0D3
2020-07-27 09:55:53,862 [ForkJoinPool.commonPool-worker-0] INFO  impl.StateMachineUpdater (StateMachineUpdater.java:stopAndJoin(142)) - db756141-0354-427a-9153-f34ecc5b5329@group-2A305473E0D3-StateMachineUpdater: set stopIndex = 22
2020-07-27 09:55:53,863 [db756141-0354-427a-9153-f34ecc5b5329@group-2A305473E0D3-StateMachineUpdater] INFO  ratis.ContainerStateMachine (ContainerStateMachine.java:takeSnapshot(293)) - group-2A305473E0D3: Taking a snapshot at:(t:1, i:22) file /github/workspace/mnt/ozone/hadoop-ozone/integration-test/target/test-dir/MiniOzoneClusterImpl-6f095167-e36a-40e2-aefd-0fa47c7d82e2/datanode-1/data/ratis/bb463354-8301-406e-8cd5-2a305473e0d3/sm/snapshot.1_22
2020-07-27 09:55:53,865 [db756141-0354-427a-9153-f34ecc5b5329@group-2A305473E0D3-StateMachineUpdater] INFO  ratis.ContainerStateMachine (ContainerStateMachine.java:takeSnapshot(304)) - group-2A305473E0D3: Finished taking a snapshot at:(t:1, i:22) file:/github/workspace/mnt/ozone/hadoop-ozone/integration-test/target/test-dir/MiniOzoneClusterImpl-6f095167-e36a-40e2-aefd-0fa47c7d82e2/datanode-1/data/ratis/bb463354-8301-406e-8cd5-2a305473e0d3/sm/snapshot.1_22 time:2
2020-07-27 09:55:53,865 [db756141-0354-427a-9153-f34ecc5b5329@group-2A305473E0D3-StateMachineUpdater] INFO  impl.StateMachineUpdater (StateMachineUpdater.java:takeSnapshot(277)) - db756141-0354-427a-9153-f34ecc5b5329@group-2A305473E0D3-StateMachineUpdater: Took a snapshot at index 22
2020-07-27 09:55:53,865 [db756141-0354-427a-9153-f34ecc5b5329@group-2A305473E0D3-StateMachineUpdater] INFO  impl.StateMachineUpdater (StateMachineUpdater.java:lambda$new$0(87)) - db756141-0354-427a-9153-f34ecc5b5329@group-2A305473E0D3-StateMachineUpdater: snapshotIndex: updateIncreasingly -1 -> 22
2020-07-27 09:55:53,865 [Listener at 127.0.0.1/37087] INFO  server.AbstractConnector (AbstractConnector.java:doStop(380)) - Stopped ServerConnector@55f1703b{HTTP/1.1,[http/1.1]}{0.0.0.0:0}
2020-07-27 09:55:53,865 [db756141-0354-427a-9153-f34ecc5b5329@group-2A305473E0D3-StateMachineUpdater] INFO  metrics.RatisMetrics (RatisMetrics.java:unregister(43)) - Unregistering Metrics Registry : ratis.state_machine.db756141-0354-427a-9153-f34ecc5b5329@group-2A305473E0D3
2020-07-27 09:55:53,866 [Listener at 127.0.0.1/37087] INFO  server.session (HouseKeeper.java:stopScavenging(158)) - node0 Stopped scavenging
2020-07-27 09:55:53,866 [ForkJoinPool.commonPool-worker-0] INFO  impl.RaftServerImpl (ServerState.java:close(387)) - db756141-0354-427a-9153-f34ecc5b5329@group-2A305473E0D3: closes. applyIndex: 22
2020-07-27 09:55:53,866 [db756141-0354-427a-9153-f34ecc5b5329@group-2A305473E0D3-SegmentedRaftLogWorker] INFO  segmented.SegmentedRaftLogWorker (SegmentedRaftLogWorker.java:run(327)) - db756141-0354-427a-9153-f34ecc5b5329@group-2A305473E0D3-SegmentedRaftLogWorker was interrupted, exiting. There are 0 tasks remaining in the queue.
2020-07-27 09:55:53,867 [Listener at 127.0.0.1/37087] INFO  handler.ContextHandler (ContextHandler.java:doStop(1016)) - Stopped o.e.j.s.ServletContextHandler@58a93e29{static,/static,jar:file:/home/user/.m2/repository/org/apache/hadoop/hadoop-hdds-container-service/0.6.0-SNAPSHOT/hadoop-hdds-container-service-0.6.0-SNAPSHOT.jar!/webapps/static,UNAVAILABLE}
2020-07-27 09:55:53,867 [Listener at 127.0.0.1/37087] INFO  handler.ContextHandler (ContextHandler.java:doStop(1016)) - Stopped o.e.j.s.ServletContextHandler@122d41dd{logs,/logs,file:///github/workspace/mnt/ozone/hadoop-ozone/integration-test/target/log,UNAVAILABLE}
2020-07-27 09:55:53,870 [ForkJoinPool.commonPool-worker-0] INFO  segmented.SegmentedRaftLogWorker (SegmentedRaftLogWorker.java:close(234)) - db756141-0354-427a-9153-f34ecc5b5329@group-2A305473E0D3-SegmentedRaftLogWorker close()
2020-07-27 09:55:53,871 [ForkJoinPool.commonPool-worker-0] INFO  metrics.RatisMetrics (RatisMetrics.java:unregister(43)) - Unregistering Metrics Registry : ratis.log_worker.db756141-0354-427a-9153-f34ecc5b5329@group-2A305473E0D3
2020-07-27 09:55:53,871 [ForkJoinPool.commonPool-worker-0] INFO  metrics.RatisMetrics (RatisMetrics.java:unregister(43)) - Unregistering Metrics Registry : ratis.leader_election.db756141-0354-427a-9153-f34ecc5b5329@group-2A305473E0D3
2020-07-27 09:55:53,871 [ForkJoinPool.commonPool-worker-0] INFO  metrics.RatisMetrics (RatisMetrics.java:unregister(43)) - Unregistering Metrics Registry : ratis.server.db756141-0354-427a-9153-f34ecc5b5329@group-2A305473E0D3
2020-07-27 09:55:53,871 [ForkJoinPool.commonPool-worker-0] INFO  server.GrpcService (GrpcService.java:closeImpl(166)) - db756141-0354-427a-9153-f34ecc5b5329: shutdown server with port 38333 now
2020-07-27 09:55:53,873 [ForkJoinPool.commonPool-worker-0] INFO  server.GrpcService (GrpcService.java:closeImpl(174)) - db756141-0354-427a-9153-f34ecc5b5329: shutdown server with port 38333 successfully
2020-07-27 09:55:53,874 [ForkJoinPool.commonPool-worker-0] INFO  utils.BackgroundService (BackgroundService.java:shutdown(157)) - Shutting down service BlockDeletingService
2020-07-27 09:55:53,876 [ForkJoinPool.commonPool-worker-0] INFO  statemachine.DatanodeStateMachine (DatanodeStateMachine.java:stopDaemon(447)) - Ozone container server stopped.
2020-07-27 09:55:53,883 [ForkJoinPool.commonPool-worker-0] INFO  handler.ContextHandler (ContextHandler.java:doStop(1016)) - Stopped o.e.j.w.WebAppContext@2535af59{hddsDatanode,/,null,UNAVAILABLE}{jar:file:/home/user/.m2/repository/org/apache/hadoop/hadoop-hdds-container-service/0.6.0-SNAPSHOT/hadoop-hdds-container-service-0.6.0-SNAPSHOT.jar!/webapps/hddsDatanode}
2020-07-27 09:55:53,884 [ForkJoinPool.commonPool-worker-0] INFO  server.AbstractConnector (AbstractConnector.java:doStop(380)) - Stopped ServerConnector@14adb18a{HTTP/1.1,[http/1.1]}{0.0.0.0:0}
2020-07-27 09:55:53,884 [ForkJoinPool.commonPool-worker-0] INFO  server.session (HouseKeeper.java:stopScavenging(158)) - node0 Stopped scavenging
2020-07-27 09:55:53,885 [ForkJoinPool.commonPool-worker-0] INFO  handler.ContextHandler (ContextHandler.java:doStop(1016)) - Stopped o.e.j.s.ServletContextHandler@18d7adac{static,/static,jar:file:/home/user/.m2/repository/org/apache/hadoop/hadoop-hdds-container-service/0.6.0-SNAPSHOT/hadoop-hdds-container-service-0.6.0-SNAPSHOT.jar!/webapps/static,UNAVAILABLE}
2020-07-27 09:55:53,885 [ForkJoinPool.commonPool-worker-0] INFO  handler.ContextHandler (ContextHandler.java:doStop(1016)) - Stopped o.e.j.s.ServletContextHandler@76572ed1{logs,/logs,file:///github/workspace/mnt/ozone/hadoop-ozone/integration-test/target/log,UNAVAILABLE}
2020-07-27 09:55:54,040 [Datanode State Machine Thread - 0] INFO  statemachine.DatanodeStateMachine (DatanodeStateMachine.java:lambda$startDaemon$0(399)) - Ozone container server started.
2020-07-27 09:55:54,784 [Datanode State Machine Thread - 0] INFO  statemachine.DatanodeStateMachine (DatanodeStateMachine.java:lambda$startDaemon$0(399)) - Ozone container server started.
2020-07-27 09:55:56,246 [grpc-default-executor-0] WARN  server.GrpcLogAppender (LogUtils.java:warn(122)) - 1abd5772-62cd-4705-9996-234721943c22@group-433FFA6DA013->6149466c-0ff2-4d16-87a0-4777c761ad23-AppendLogResponseHandler: Failed appendEntries: org.apache.ratis.thirdparty.io.grpc.StatusRuntimeException: UNAVAILABLE: io exception
2020-07-27 09:55:56,247 [grpc-default-executor-0] INFO  impl.FollowerInfo (FollowerInfo.java:lambda$new$0(51)) - 1abd5772-62cd-4705-9996-234721943c22@group-433FFA6DA013->6149466c-0ff2-4d16-87a0-4777c761ad23: nextIndex: updateUnconditionally 1 -> 0
2020-07-27 09:55:58,748 [grpc-default-executor-3] WARN  server.GrpcLogAppender (LogUtils.java:warn(122)) - 1abd5772-62cd-4705-9996-234721943c22@group-433FFA6DA013->6149466c-0ff2-4d16-87a0-4777c761ad23-AppendLogResponseHandler: Failed appendEntries: org.apache.ratis.thirdparty.io.grpc.StatusRuntimeException: UNAVAILABLE: io exception
2020-07-27 09:55:58,752 [grpc-default-executor-3] INFO  impl.FollowerInfo (FollowerInfo.java:lambda$new$0(51)) - 1abd5772-62cd-4705-9996-234721943c22@group-433FFA6DA013->6149466c-0ff2-4d16-87a0-4777c761ad23: nextIndex: updateUnconditionally 1 -> 0
2020-07-27 09:55:58,878 [Listener at 127.0.0.1/37087] INFO  ozoneimpl.OzoneContainer (OzoneContainer.java:stop(259)) - Attempting to stop container services.
2020-07-27 09:55:58,878 [Listener at 127.0.0.1/37087] INFO  impl.RaftServerProxy (RaftServerProxy.java:lambda$close$4(319)) - 1abd5772-62cd-4705-9996-234721943c22: close
2020-07-27 09:55:58,878 [Listener at 127.0.0.1/37087] INFO  impl.RaftServerImpl (RaftServerImpl.java:lambda$shutdown$3(263)) - 1abd5772-62cd-4705-9996-234721943c22@group-E1B7EA2D6FC7: shutdown
2020-07-27 09:55:58,878 [Listener at 127.0.0.1/37087] INFO  util.JmxRegister (JmxRegister.java:unregister(73)) - Successfully un-registered JMX Bean with object name Ratis:service=RaftServer,group=group-E1B7EA2D6FC7,id=1abd5772-62cd-4705-9996-234721943c22
2020-07-27 09:55:58,879 [Listener at 127.0.0.1/37087] INFO  impl.RoleInfo (RoleInfo.java:shutdownLeaderState(104)) - 1abd5772-62cd-4705-9996-234721943c22: shutdown LeaderState
2020-07-27 09:55:58,879 [Listener at 127.0.0.1/37087] INFO  impl.PendingRequests (PendingRequests.java:sendNotLeaderResponses(249)) - 1abd5772-62cd-4705-9996-234721943c22@group-E1B7EA2D6FC7-PendingRequests: sendNotLeaderResponses
2020-07-27 09:55:58,883 [Listener at 127.0.0.1/37087] INFO  metrics.RatisMetrics (RatisMetrics.java:unregister(43)) - Unregistering Metrics Registry : ratis.log_appender.1abd5772-62cd-4705-9996-234721943c22@group-E1B7EA2D6FC7
2020-07-27 09:55:58,883 [Listener at 127.0.0.1/37087] INFO  metrics.RatisMetrics (RatisMetrics.java:unregister(43)) - Unregistering Metrics Registry : ratis.server.1abd5772-62cd-4705-9996-234721943c22@group-E1B7EA2D6FC7
2020-07-27 09:55:58,884 [1abd5772-62cd-4705-9996-234721943c22@group-E1B7EA2D6FC7-StateMachineUpdater] INFO  ratis.ContainerStateMachine (ContainerStateMachine.java:takeSnapshot(293)) - group-E1B7EA2D6FC7: Taking a snapshot at:(t:1, i:10) file /github/workspace/mnt/ozone/hadoop-ozone/integration-test/target/test-dir/MiniOzoneClusterImpl-6f095167-e36a-40e2-aefd-0fa47c7d82e2/datanode-3/data/ratis/dda27dc5-9d1b-46ba-92cc-e1b7ea2d6fc7/sm/snapshot.1_10
2020-07-27 09:55:58,885 [Listener at 127.0.0.1/37087] INFO  impl.StateMachineUpdater (StateMachineUpdater.java:stopAndJoin(142)) - 1abd5772-62cd-4705-9996-234721943c22@group-E1B7EA2D6FC7-StateMachineUpdater: set stopIndex = 10
2020-07-27 09:55:58,886 [1abd5772-62cd-4705-9996-234721943c22@group-E1B7EA2D6FC7-StateMachineUpdater] INFO  ratis.ContainerStateMachine (ContainerStateMachine.java:takeSnapshot(304)) - group-E1B7EA2D6FC7: Finished taking a snapshot at:(t:1, i:10) file:/github/workspace/mnt/ozone/hadoop-ozone/integration-test/target/test-dir/MiniOzoneClusterImpl-6f095167-e36a-40e2-aefd-0fa47c7d82e2/datanode-3/data/ratis/dda27dc5-9d1b-46ba-92cc-e1b7ea2d6fc7/sm/snapshot.1_10 time:1
2020-07-27 09:55:58,886 [1abd5772-62cd-4705-9996-234721943c22@group-E1B7EA2D6FC7-StateMachineUpdater] INFO  impl.StateMachineUpdater (StateMachineUpdater.java:takeSnapshot(277)) - 1abd5772-62cd-4705-9996-234721943c22@group-E1B7EA2D6FC7-StateMachineUpdater: Took a snapshot at index 10
2020-07-27 09:55:58,886 [1abd5772-62cd-4705-9996-234721943c22@group-E1B7EA2D6FC7-StateMachineUpdater] INFO  impl.StateMachineUpdater (StateMachineUpdater.java:lambda$new$0(87)) - 1abd5772-62cd-4705-9996-234721943c22@group-E1B7EA2D6FC7-StateMachineUpdater: snapshotIndex: updateIncreasingly -1 -> 10
2020-07-27 09:55:58,886 [1abd5772-62cd-4705-9996-234721943c22@group-E1B7EA2D6FC7-StateMachineUpdater] INFO  metrics.RatisMetrics (RatisMetrics.java:unregister(43)) - Unregistering Metrics Registry : ratis.state_machine.1abd5772-62cd-4705-9996-234721943c22@group-E1B7EA2D6FC7
2020-07-27 09:55:58,887 [Listener at 127.0.0.1/37087] INFO  impl.RaftServerImpl (ServerState.java:close(387)) - 1abd5772-62cd-4705-9996-234721943c22@group-E1B7EA2D6FC7: closes. applyIndex: 10
2020-07-27 09:55:58,887 [1abd5772-62cd-4705-9996-234721943c22@group-E1B7EA2D6FC7-SegmentedRaftLogWorker] INFO  segmented.SegmentedRaftLogWorker (SegmentedRaftLogWorker.java:run(327)) - 1abd5772-62cd-4705-9996-234721943c22@group-E1B7EA2D6FC7-SegmentedRaftLogWorker was interrupted, exiting. There are 0 tasks remaining in the queue.
2020-07-27 09:55:58,888 [ForkJoinPool.commonPool-worker-0] INFO  ozoneimpl.OzoneContainer (OzoneContainer.java:stop(259)) - Attempting to stop container services.
2020-07-27 09:55:58,889 [Listener at 127.0.0.1/37087] INFO  segmented.SegmentedRaftLogWorker (SegmentedRaftLogWorker.java:close(234)) - 1abd5772-62cd-4705-9996-234721943c22@group-E1B7EA2D6FC7-SegmentedRaftLogWorker close()
2020-07-27 09:55:58,890 [ForkJoinPool.commonPool-worker-0] INFO  impl.RaftServerProxy (RaftServerProxy.java:lambda$close$4(319)) - 24589ba3-439e-426c-a3dd-3948fbf70a5d: close
2020-07-27 09:55:58,890 [Listener at 127.0.0.1/37087] INFO  metrics.RatisMetrics (RatisMetrics.java:unregister(43)) - Unregistering Metrics Registry : ratis.log_worker.1abd5772-62cd-4705-9996-234721943c22@group-E1B7EA2D6FC7
2020-07-27 09:55:58,890 [ForkJoinPool.commonPool-worker-0] INFO  impl.RaftServerImpl (RaftServerImpl.java:lambda$shutdown$3(263)) - 24589ba3-439e-426c-a3dd-3948fbf70a5d@group-BDA6939820FE: shutdown
2020-07-27 09:55:58,890 [Listener at 127.0.0.1/37087] INFO  metrics.RatisMetrics (RatisMetrics.java:unregister(43)) - Unregistering Metrics Registry : ratis.leader_election.1abd5772-62cd-4705-9996-234721943c22@group-E1B7EA2D6FC7
2020-07-27 09:55:58,891 [ForkJoinPool.commonPool-worker-0] INFO  util.JmxRegister (JmxRegister.java:unregister(73)) - Successfully un-registered JMX Bean with object name Ratis:service=RaftServer,group=group-BDA6939820FE,id=24589ba3-439e-426c-a3dd-3948fbf70a5d
2020-07-27 09:55:58,891 [ForkJoinPool.commonPool-worker-0] INFO  impl.RoleInfo (RoleInfo.java:shutdownFollowerState(121)) - 24589ba3-439e-426c-a3dd-3948fbf70a5d: shutdown FollowerState
2020-07-27 09:55:58,891 [ForkJoinPool.commonPool-worker-0] INFO  impl.StateMachineUpdater (StateMachineUpdater.java:stopAndJoin(142)) - 24589ba3-439e-426c-a3dd-3948fbf70a5d@group-BDA6939820FE-StateMachineUpdater: set stopIndex = 0
2020-07-27 09:55:58,892 [24589ba3-439e-426c-a3dd-3948fbf70a5d@group-BDA6939820FE-StateMachineUpdater] INFO  ratis.ContainerStateMachine (ContainerStateMachine.java:takeSnapshot(293)) - group-BDA6939820FE: Taking a snapshot at:(t:1, i:0) file /github/workspace/mnt/ozone/hadoop-ozone/integration-test/target/test-dir/MiniOzoneClusterImpl-6f095167-e36a-40e2-aefd-0fa47c7d82e2/datanode-2/data/ratis/7bbf6427-087b-4c7e-9ba9-bda6939820fe/sm/snapshot.1_0
2020-07-27 09:55:58,891 [Listener at 127.0.0.1/37087] INFO  metrics.RatisMetrics (RatisMetrics.java:unregister(43)) - Unregistering Metrics Registry : ratis.server.1abd5772-62cd-4705-9996-234721943c22@group-E1B7EA2D6FC7
2020-07-27 09:55:58,891 [Thread-621] INFO  impl.FollowerState (FollowerState.java:run(117)) - 24589ba3-439e-426c-a3dd-3948fbf70a5d@group-BDA6939820FE-FollowerState was interrupted: java.lang.InterruptedException: sleep interrupted
2020-07-27 09:55:58,892 [Listener at 127.0.0.1/37087] INFO  impl.RaftServerImpl (RaftServerImpl.java:lambda$shutdown$3(263)) - 1abd5772-62cd-4705-9996-234721943c22@group-433FFA6DA013: shutdown
2020-07-27 09:55:58,892 [Listener at 127.0.0.1/37087] INFO  util.JmxRegister (JmxRegister.java:unregister(73)) - Successfully un-registered JMX Bean with object name Ratis:service=RaftServer,group=group-433FFA6DA013,id=1abd5772-62cd-4705-9996-234721943c22
2020-07-27 09:55:58,892 [Listener at 127.0.0.1/37087] INFO  impl.RoleInfo (RoleInfo.java:shutdownLeaderState(104)) - 1abd5772-62cd-4705-9996-234721943c22: shutdown LeaderState
2020-07-27 09:55:58,893 [Listener at 127.0.0.1/37087] INFO  metrics.RatisMetrics (RatisMetrics.java:unregister(43)) - Unregistering Metrics Registry : ratis_grpc.log_appender.1abd5772-62cd-4705-9996-234721943c22@group-433FFA6DA013
2020-07-27 09:55:58,893 [org.apache.ratis.server.impl.LogAppender$AppenderDaemon$$Lambda$457/754822756@356297a6] WARN  server.GrpcLogAppender (GrpcLogAppender.java:mayWait(153)) - 1abd5772-62cd-4705-9996-234721943c22@group-433FFA6DA013->6149466c-0ff2-4d16-87a0-4777c761ad23-GrpcLogAppender: Wait interrupted by java.lang.InterruptedException
2020-07-27 09:55:58,893 [24589ba3-439e-426c-a3dd-3948fbf70a5d@group-BDA6939820FE-StateMachineUpdater] INFO  ratis.ContainerStateMachine (ContainerStateMachine.java:takeSnapshot(304)) - group-BDA6939820FE: Finished taking a snapshot at:(t:1, i:0) file:/github/workspace/mnt/ozone/hadoop-ozone/integration-test/target/test-dir/MiniOzoneClusterImpl-6f095167-e36a-40e2-aefd-0fa47c7d82e2/datanode-2/data/ratis/7bbf6427-087b-4c7e-9ba9-bda6939820fe/sm/snapshot.1_0 time:1
2020-07-27 09:55:58,893 [Listener at 127.0.0.1/37087] INFO  metrics.RatisMetrics (RatisMetrics.java:unregister(43)) - Unregistering Metrics Registry : ratis_grpc.log_appender.1abd5772-62cd-4705-9996-234721943c22@group-433FFA6DA013
2020-07-27 09:55:58,894 [24589ba3-439e-426c-a3dd-3948fbf70a5d@group-BDA6939820FE-StateMachineUpdater] INFO  impl.StateMachineUpdater (StateMachineUpdater.java:takeSnapshot(277)) - 24589ba3-439e-426c-a3dd-3948fbf70a5d@group-BDA6939820FE-StateMachineUpdater: Took a snapshot at index 0
2020-07-27 09:55:58,894 [Listener at 127.0.0.1/37087] INFO  impl.PendingRequests (PendingRequests.java:sendNotLeaderResponses(249)) - 1abd5772-62cd-4705-9996-234721943c22@group-433FFA6DA013-PendingRequests: sendNotLeaderResponses
2020-07-27 09:55:58,894 [org.apache.ratis.server.impl.LogAppender$AppenderDaemon$$Lambda$457/754822756@359df8e0] WARN  server.GrpcLogAppender (GrpcLogAppender.java:mayWait(153)) - 1abd5772-62cd-4705-9996-234721943c22@group-433FFA6DA013->c5cd7f8e-e419-427c-8535-fd2c10c6404c-GrpcLogAppender: Wait interrupted by java.lang.InterruptedException
2020-07-27 09:55:58,894 [24589ba3-439e-426c-a3dd-3948fbf70a5d@group-BDA6939820FE-StateMachineUpdater] INFO  impl.StateMachineUpdater (StateMachineUpdater.java:lambda$new$0(87)) - 24589ba3-439e-426c-a3dd-3948fbf70a5d@group-BDA6939820FE-StateMachineUpdater: snapshotIndex: updateIncreasingly -1 -> 0
2020-07-27 09:55:58,894 [Listener at 127.0.0.1/37087] INFO  metrics.RatisMetrics (RatisMetrics.java:unregister(43)) - Unregistering Metrics Registry : ratis.log_appender.1abd5772-62cd-4705-9996-234721943c22@group-433FFA6DA013
2020-07-27 09:55:58,895 [Listener at 127.0.0.1/37087] INFO  metrics.RatisMetrics (RatisMetrics.java:unregister(43)) - Unregistering Metrics Registry : ratis.server.1abd5772-62cd-4705-9996-234721943c22@group-433FFA6DA013
2020-07-27 09:55:58,894 [24589ba3-439e-426c-a3dd-3948fbf70a5d@group-BDA6939820FE-StateMachineUpdater] INFO  metrics.RatisMetrics (RatisMetrics.java:unregister(43)) - Unregistering Metrics Registry : ratis.state_machine.24589ba3-439e-426c-a3dd-3948fbf70a5d@group-BDA6939820FE
2020-07-27 09:55:58,895 [ForkJoinPool.commonPool-worker-0] INFO  impl.RaftServerImpl (ServerState.java:close(387)) - 24589ba3-439e-426c-a3dd-3948fbf70a5d@group-BDA6939820FE: closes. applyIndex: 0
2020-07-27 09:55:58,895 [24589ba3-439e-426c-a3dd-3948fbf70a5d@group-BDA6939820FE-SegmentedRaftLogWorker] INFO  segmented.SegmentedRaftLogWorker (SegmentedRaftLogWorker.java:run(327)) - 24589ba3-439e-426c-a3dd-3948fbf70a5d@group-BDA6939820FE-SegmentedRaftLogWorker was interrupted, exiting. There are 0 tasks remaining in the queue.
2020-07-27 09:55:58,895 [grpc-default-executor-3] INFO  server.GrpcServerProtocolService (GrpcServerProtocolService.java:onCompleted(138)) - c5cd7f8e-e419-427c-8535-fd2c10c6404c: Completed APPEND_ENTRIES, lastRequest: 1abd5772-62cd-4705-9996-234721943c22->c5cd7f8e-e419-427c-8535-fd2c10c6404c#1-t1, previous=(t:0, i:0), leaderCommit=0, initializing? false, entries: size=1, first=(t:1, i:0), CONFIGURATIONENTRY
2020-07-27 09:55:58,896 [1abd5772-62cd-4705-9996-234721943c22@group-433FFA6DA013-StateMachineUpdater] INFO  ratis.ContainerStateMachine (ContainerStateMachine.java:takeSnapshot(293)) - group-433FFA6DA013: Taking a snapshot at:(t:1, i:0) file /github/workspace/mnt/ozone/hadoop-ozone/integration-test/target/test-dir/MiniOzoneClusterImpl-6f095167-e36a-40e2-aefd-0fa47c7d82e2/datanode-3/data/ratis/211d2911-d149-470c-93b5-433ffa6da013/sm/snapshot.1_0
2020-07-27 09:55:58,896 [Listener at 127.0.0.1/37087] INFO  impl.StateMachineUpdater (StateMachineUpdater.java:stopAndJoin(142)) - 1abd5772-62cd-4705-9996-234721943c22@group-433FFA6DA013-StateMachineUpdater: set stopIndex = 0
2020-07-27 09:55:58,896 [1abd5772-62cd-4705-9996-234721943c22@group-433FFA6DA013-StateMachineUpdater] INFO  ratis.ContainerStateMachine (ContainerStateMachine.java:takeSnapshot(304)) - group-433FFA6DA013: Finished taking a snapshot at:(t:1, i:0) file:/github/workspace/mnt/ozone/hadoop-ozone/integration-test/target/test-dir/MiniOzoneClusterImpl-6f095167-e36a-40e2-aefd-0fa47c7d82e2/datanode-3/data/ratis/211d2911-d149-470c-93b5-433ffa6da013/sm/snapshot.1_0 time:1
2020-07-27 09:55:58,897 [1abd5772-62cd-4705-9996-234721943c22@group-433FFA6DA013-StateMachineUpdater] INFO  impl.StateMachineUpdater (StateMachineUpdater.java:takeSnapshot(277)) - 1abd5772-62cd-4705-9996-234721943c22@group-433FFA6DA013-StateMachineUpdater: Took a snapshot at index 0
2020-07-27 09:55:58,897 [1abd5772-62cd-4705-9996-234721943c22@group-433FFA6DA013-StateMachineUpdater] INFO  impl.StateMachineUpdater (StateMachineUpdater.java:lambda$new$0(87)) - 1abd5772-62cd-4705-9996-234721943c22@group-433FFA6DA013-StateMachineUpdater: snapshotIndex: updateIncreasingly -1 -> 0
2020-07-27 09:55:58,897 [1abd5772-62cd-4705-9996-234721943c22@group-433FFA6DA013-StateMachineUpdater] INFO  metrics.RatisMetrics (RatisMetrics.java:unregister(43)) - Unregistering Metrics Registry : ratis.state_machine.1abd5772-62cd-4705-9996-234721943c22@group-433FFA6DA013
2020-07-27 09:55:58,897 [Listener at 127.0.0.1/37087] INFO  impl.RaftServerImpl (ServerState.java:close(387)) - 1abd5772-62cd-4705-9996-234721943c22@group-433FFA6DA013: closes. applyIndex: 0
2020-07-27 09:55:58,897 [grpc-default-executor-0] INFO  server.GrpcLogAppender (GrpcLogAppender.java:onCompleted(319)) - 1abd5772-62cd-4705-9996-234721943c22@group-433FFA6DA013->c5cd7f8e-e419-427c-8535-fd2c10c6404c-AppendLogResponseHandler: follower responses appendEntries COMPLETED
2020-07-27 09:55:58,897 [1abd5772-62cd-4705-9996-234721943c22@group-433FFA6DA013-SegmentedRaftLogWorker] INFO  segmented.SegmentedRaftLogWorker (SegmentedRaftLogWorker.java:run(327)) - 1abd5772-62cd-4705-9996-234721943c22@group-433FFA6DA013-SegmentedRaftLogWorker was interrupted, exiting. There are 0 tasks remaining in the queue.
2020-07-27 09:55:58,898 [ForkJoinPool.commonPool-worker-0] INFO  segmented.SegmentedRaftLogWorker (SegmentedRaftLogWorker.java:close(234)) - 24589ba3-439e-426c-a3dd-3948fbf70a5d@group-BDA6939820FE-SegmentedRaftLogWorker close()
2020-07-27 09:55:58,902 [grpc-default-executor-0] INFO  impl.FollowerInfo (FollowerInfo.java:lambda$new$0(51)) - 1abd5772-62cd-4705-9996-234721943c22@group-433FFA6DA013->c5cd7f8e-e419-427c-8535-fd2c10c6404c: nextIndex: updateUnconditionally 1 -> 0
2020-07-27 09:55:58,903 [Listener at 127.0.0.1/37087] INFO  segmented.SegmentedRaftLogWorker (SegmentedRaftLogWorker.java:close(234)) - 1abd5772-62cd-4705-9996-234721943c22@group-433FFA6DA013-SegmentedRaftLogWorker close()
2020-07-27 09:55:58,904 [ForkJoinPool.commonPool-worker-0] INFO  metrics.RatisMetrics (RatisMetrics.java:unregister(43)) - Unregistering Metrics Registry : ratis.log_worker.24589ba3-439e-426c-a3dd-3948fbf70a5d@group-BDA6939820FE
2020-07-27 09:55:58,904 [ForkJoinPool.commonPool-worker-0] INFO  metrics.RatisMetrics (RatisMetrics.java:unregister(43)) - Unregistering Metrics Registry : ratis.leader_election.24589ba3-439e-426c-a3dd-3948fbf70a5d@group-BDA6939820FE
2020-07-27 09:55:58,904 [ForkJoinPool.commonPool-worker-0] INFO  metrics.RatisMetrics (RatisMetrics.java:unregister(43)) - Unregistering Metrics Registry : ratis.server.24589ba3-439e-426c-a3dd-3948fbf70a5d@group-BDA6939820FE
2020-07-27 09:55:58,905 [ForkJoinPool.commonPool-worker-0] INFO  impl.RaftServerImpl (RaftServerImpl.java:lambda$shutdown$3(263)) - 24589ba3-439e-426c-a3dd-3948fbf70a5d@group-2657CEC53F02: shutdown
2020-07-27 09:55:58,905 [ForkJoinPool.commonPool-worker-0] INFO  util.JmxRegister (JmxRegister.java:unregister(73)) - Successfully un-registered JMX Bean with object name Ratis:service=RaftServer,group=group-2657CEC53F02,id=24589ba3-439e-426c-a3dd-3948fbf70a5d
2020-07-27 09:55:58,905 [ForkJoinPool.commonPool-worker-0] INFO  impl.RoleInfo (RoleInfo.java:shutdownLeaderState(104)) - 24589ba3-439e-426c-a3dd-3948fbf70a5d: shutdown LeaderState
2020-07-27 09:55:58,905 [ForkJoinPool.commonPool-worker-0] INFO  impl.PendingRequests (PendingRequests.java:sendNotLeaderResponses(249)) - 24589ba3-439e-426c-a3dd-3948fbf70a5d@group-2657CEC53F02-PendingRequests: sendNotLeaderResponses
2020-07-27 09:55:58,905 [ForkJoinPool.commonPool-worker-0] INFO  metrics.RatisMetrics (RatisMetrics.java:unregister(43)) - Unregistering Metrics Registry : ratis.log_appender.24589ba3-439e-426c-a3dd-3948fbf70a5d@group-2657CEC53F02
2020-07-27 09:55:58,905 [ForkJoinPool.commonPool-worker-0] INFO  metrics.RatisMetrics (RatisMetrics.java:unregister(43)) - Unregistering Metrics Registry : ratis.server.24589ba3-439e-426c-a3dd-3948fbf70a5d@group-2657CEC53F02
2020-07-27 09:55:58,906 [ForkJoinPool.commonPool-worker-0] INFO  impl.StateMachineUpdater (StateMachineUpdater.java:stopAndJoin(142)) - 24589ba3-439e-426c-a3dd-3948fbf70a5d@group-2657CEC53F02-StateMachineUpdater: set stopIndex = 0
2020-07-27 09:55:58,906 [Listener at 127.0.0.1/37087] INFO  metrics.RatisMetrics (RatisMetrics.java:unregister(43)) - Unregistering Metrics Registry : ratis.log_worker.1abd5772-62cd-4705-9996-234721943c22@group-433FFA6DA013
2020-07-27 09:55:58,906 [24589ba3-439e-426c-a3dd-3948fbf70a5d@group-2657CEC53F02-StateMachineUpdater] INFO  ratis.ContainerStateMachine (ContainerStateMachine.java:takeSnapshot(293)) - group-2657CEC53F02: Taking a snapshot at:(t:1, i:0) file /github/workspace/mnt/ozone/hadoop-ozone/integration-test/target/test-dir/MiniOzoneClusterImpl-6f095167-e36a-40e2-aefd-0fa47c7d82e2/datanode-2/data/ratis/db95f63e-d117-490c-a39d-2657cec53f02/sm/snapshot.1_0
2020-07-27 09:55:58,906 [Listener at 127.0.0.1/37087] INFO  metrics.RatisMetrics (RatisMetrics.java:unregister(43)) - Unregistering Metrics Registry : ratis.leader_election.1abd5772-62cd-4705-9996-234721943c22@group-433FFA6DA013
2020-07-27 09:55:58,906 [Listener at 127.0.0.1/37087] INFO  metrics.RatisMetrics (RatisMetrics.java:unregister(43)) - Unregistering Metrics Registry : ratis.server.1abd5772-62cd-4705-9996-234721943c22@group-433FFA6DA013
2020-07-27 09:55:58,907 [Listener at 127.0.0.1/37087] INFO  server.GrpcService (GrpcService.java:closeImpl(166)) - 1abd5772-62cd-4705-9996-234721943c22: shutdown server with port 42565 now
2020-07-27 09:55:58,909 [24589ba3-439e-426c-a3dd-3948fbf70a5d@group-2657CEC53F02-StateMachineUpdater] INFO  ratis.ContainerStateMachine (ContainerStateMachine.java:takeSnapshot(304)) - group-2657CEC53F02: Finished taking a snapshot at:(t:1, i:0) file:/github/workspace/mnt/ozone/hadoop-ozone/integration-test/target/test-dir/MiniOzoneClusterImpl-6f095167-e36a-40e2-aefd-0fa47c7d82e2/datanode-2/data/ratis/db95f63e-d117-490c-a39d-2657cec53f02/sm/snapshot.1_0 time:3
2020-07-27 09:55:58,909 [24589ba3-439e-426c-a3dd-3948fbf70a5d@group-2657CEC53F02-StateMachineUpdater] INFO  impl.StateMachineUpdater (StateMachineUpdater.java:takeSnapshot(277)) - 24589ba3-439e-426c-a3dd-3948fbf70a5d@group-2657CEC53F02-StateMachineUpdater: Took a snapshot at index 0
2020-07-27 09:55:58,909 [24589ba3-439e-426c-a3dd-3948fbf70a5d@group-2657CEC53F02-StateMachineUpdater] INFO  impl.StateMachineUpdater (StateMachineUpdater.java:lambda$new$0(87)) - 24589ba3-439e-426c-a3dd-3948fbf70a5d@group-2657CEC53F02-StateMachineUpdater: snapshotIndex: updateIncreasingly -1 -> 0
2020-07-27 09:55:58,909 [24589ba3-439e-426c-a3dd-3948fbf70a5d@group-2657CEC53F02-StateMachineUpdater] INFO  metrics.RatisMetrics (RatisMetrics.java:unregister(43)) - Unregistering Metrics Registry : ratis.state_machine.24589ba3-439e-426c-a3dd-3948fbf70a5d@group-2657CEC53F02
2020-07-27 09:55:58,910 [ForkJoinPool.commonPool-worker-0] INFO  impl.RaftServerImpl (ServerState.java:close(387)) - 24589ba3-439e-426c-a3dd-3948fbf70a5d@group-2657CEC53F02: closes. applyIndex: 0
2020-07-27 09:55:58,910 [24589ba3-439e-426c-a3dd-3948fbf70a5d@group-2657CEC53F02-SegmentedRaftLogWorker] INFO  segmented.SegmentedRaftLogWorker (SegmentedRaftLogWorker.java:run(327)) - 24589ba3-439e-426c-a3dd-3948fbf70a5d@group-2657CEC53F02-SegmentedRaftLogWorker was interrupted, exiting. There are 0 tasks remaining in the queue.
2020-07-27 09:55:58,910 [Listener at 127.0.0.1/37087] INFO  server.GrpcService (GrpcService.java:closeImpl(174)) - 1abd5772-62cd-4705-9996-234721943c22: shutdown server with port 42565 successfully
2020-07-27 09:55:58,911 [Listener at 127.0.0.1/37087] INFO  utils.BackgroundService (BackgroundService.java:shutdown(157)) - Shutting down service BlockDeletingService
2020-07-27 09:55:58,911 [ForkJoinPool.commonPool-worker-0] INFO  segmented.SegmentedRaftLogWorker (SegmentedRaftLogWorker.java:close(234)) - 24589ba3-439e-426c-a3dd-3948fbf70a5d@group-2657CEC53F02-SegmentedRaftLogWorker close()
2020-07-27 09:55:58,912 [ForkJoinPool.commonPool-worker-0] INFO  metrics.RatisMetrics (RatisMetrics.java:unregister(43)) - Unregistering Metrics Registry : ratis.log_worker.24589ba3-439e-426c-a3dd-3948fbf70a5d@group-2657CEC53F02
2020-07-27 09:55:58,912 [ForkJoinPool.commonPool-worker-0] INFO  metrics.RatisMetrics (RatisMetrics.java:unregister(43)) - Unregistering Metrics Registry : ratis.leader_election.24589ba3-439e-426c-a3dd-3948fbf70a5d@group-2657CEC53F02
2020-07-27 09:55:58,913 [ForkJoinPool.commonPool-worker-0] INFO  metrics.RatisMetrics (RatisMetrics.java:unregister(43)) - Unregistering Metrics Registry : ratis.server.24589ba3-439e-426c-a3dd-3948fbf70a5d@group-2657CEC53F02
2020-07-27 09:55:58,913 [ForkJoinPool.commonPool-worker-0] INFO  server.GrpcService (GrpcService.java:closeImpl(166)) - 24589ba3-439e-426c-a3dd-3948fbf70a5d: shutdown server with port 36853 now
2020-07-27 09:55:58,914 [ForkJoinPool.commonPool-worker-0] INFO  server.GrpcService (GrpcService.java:closeImpl(174)) - 24589ba3-439e-426c-a3dd-3948fbf70a5d: shutdown server with port 36853 successfully
2020-07-27 09:55:58,915 [ForkJoinPool.commonPool-worker-0] INFO  utils.BackgroundService (BackgroundService.java:shutdown(157)) - Shutting down service BlockDeletingService
2020-07-27 09:55:58,916 [Listener at 127.0.0.1/37087] INFO  statemachine.DatanodeStateMachine (DatanodeStateMachine.java:stopDaemon(447)) - Ozone container server stopped.
2020-07-27 09:55:58,922 [Listener at 127.0.0.1/37087] INFO  handler.ContextHandler (ContextHandler.java:doStop(1016)) - Stopped o.e.j.w.WebAppContext@6fe55dd4{hddsDatanode,/,null,UNAVAILABLE}{jar:file:/home/user/.m2/repository/org/apache/hadoop/hadoop-hdds-container-service/0.6.0-SNAPSHOT/hadoop-hdds-container-service-0.6.0-SNAPSHOT.jar!/webapps/hddsDatanode}
2020-07-27 09:55:58,923 [Listener at 127.0.0.1/37087] INFO  server.AbstractConnector (AbstractConnector.java:doStop(380)) - Stopped ServerConnector@4a4d14a4{HTTP/1.1,[http/1.1]}{0.0.0.0:0}
2020-07-27 09:55:58,923 [Listener at 127.0.0.1/37087] INFO  server.session (HouseKeeper.java:stopScavenging(158)) - node0 Stopped scavenging
2020-07-27 09:55:58,923 [Listener at 127.0.0.1/37087] INFO  handler.ContextHandler (ContextHandler.java:doStop(1016)) - Stopped o.e.j.s.ServletContextHandler@60d7d6a0{static,/static,jar:file:/home/user/.m2/repository/org/apache/hadoop/hadoop-hdds-container-service/0.6.0-SNAPSHOT/hadoop-hdds-container-service-0.6.0-SNAPSHOT.jar!/webapps/static,UNAVAILABLE}
2020-07-27 09:55:58,923 [Listener at 127.0.0.1/37087] INFO  handler.ContextHandler (ContextHandler.java:doStop(1016)) - Stopped o.e.j.s.ServletContextHandler@54056761{logs,/logs,file:///github/workspace/mnt/ozone/hadoop-ozone/integration-test/target/log,UNAVAILABLE}
2020-07-27 09:55:58,924 [ForkJoinPool.commonPool-worker-0] INFO  statemachine.DatanodeStateMachine (DatanodeStateMachine.java:stopDaemon(447)) - Ozone container server stopped.
2020-07-27 09:55:58,930 [ForkJoinPool.commonPool-worker-0] INFO  handler.ContextHandler (ContextHandler.java:doStop(1016)) - Stopped o.e.j.w.WebAppContext@2b5f47f4{hddsDatanode,/,null,UNAVAILABLE}{jar:file:/home/user/.m2/repository/org/apache/hadoop/hadoop-hdds-container-service/0.6.0-SNAPSHOT/hadoop-hdds-container-service-0.6.0-SNAPSHOT.jar!/webapps/hddsDatanode}
2020-07-27 09:55:58,932 [ForkJoinPool.commonPool-worker-0] INFO  server.AbstractConnector (AbstractConnector.java:doStop(380)) - Stopped ServerConnector@41e5dc05{HTTP/1.1,[http/1.1]}{0.0.0.0:0}
2020-07-27 09:55:58,932 [ForkJoinPool.commonPool-worker-0] INFO  server.session (HouseKeeper.java:stopScavenging(158)) - node0 Stopped scavenging
2020-07-27 09:55:58,933 [ForkJoinPool.commonPool-worker-0] INFO  handler.ContextHandler (ContextHandler.java:doStop(1016)) - Stopped o.e.j.s.ServletContextHandler@5eb70d49{static,/static,jar:file:/home/user/.m2/repository/org/apache/hadoop/hadoop-hdds-container-service/0.6.0-SNAPSHOT/hadoop-hdds-container-service-0.6.0-SNAPSHOT.jar!/webapps/static,UNAVAILABLE}
2020-07-27 09:55:58,934 [ForkJoinPool.commonPool-worker-0] INFO  handler.ContextHandler (ContextHandler.java:doStop(1016)) - Stopped o.e.j.s.ServletContextHandler@60073e84{logs,/logs,file:///github/workspace/mnt/ozone/hadoop-ozone/integration-test/target/log,UNAVAILABLE}
2020-07-27 09:55:59,515 [Datanode State Machine Thread - 0] INFO  statemachine.DatanodeStateMachine (DatanodeStateMachine.java:lambda$startDaemon$0(399)) - Ozone container server started.
2020-07-27 09:55:59,831 [Datanode State Machine Thread - 0] INFO  statemachine.DatanodeStateMachine (DatanodeStateMachine.java:lambda$startDaemon$0(399)) - Ozone container server started.
2020-07-27 09:56:01,224 [Thread-622] INFO  impl.FollowerState (FollowerState.java:run(108)) - 045c987a-fb62-4fd1-8a3b-f6f94af40e4e@group-BDA6939820FE-FollowerState: change to CANDIDATE, lastRpcTime:7756ms, electionTimeout:5199ms
2020-07-27 09:56:01,224 [Thread-622] INFO  impl.RoleInfo (RoleInfo.java:shutdownFollowerState(121)) - 045c987a-fb62-4fd1-8a3b-f6f94af40e4e: shutdown FollowerState
2020-07-27 09:56:01,224 [Thread-622] INFO  impl.RaftServerImpl (RaftServerImpl.java:setRole(185)) - 045c987a-fb62-4fd1-8a3b-f6f94af40e4e@group-BDA6939820FE: changes role from  FOLLOWER to CANDIDATE at term 1 for changeToCandidate
2020-07-27 09:56:01,225 [Thread-622] INFO  impl.RoleInfo (RoleInfo.java:updateAndGet(143)) - 045c987a-fb62-4fd1-8a3b-f6f94af40e4e: start LeaderElection
2020-07-27 09:56:01,225 [045c987a-fb62-4fd1-8a3b-f6f94af40e4e@group-BDA6939820FE-LeaderElection22] INFO  impl.RaftServerImpl (ServerState.java:setLeader(255)) - 045c987a-fb62-4fd1-8a3b-f6f94af40e4e@group-BDA6939820FE: change Leader from db756141-0354-427a-9153-f34ecc5b5329 to null at term 1 for initElection
2020-07-27 09:56:01,226 [045c987a-fb62-4fd1-8a3b-f6f94af40e4e@group-BDA6939820FE-LeaderElection22] INFO  impl.LeaderElection (LeaderElection.java:askForVotes(209)) - 045c987a-fb62-4fd1-8a3b-f6f94af40e4e@group-BDA6939820FE-LeaderElection22: begin an election at term 2 for 0: [045c987a-fb62-4fd1-8a3b-f6f94af40e4e:172.17.0.2:35095, db756141-0354-427a-9153-f34ecc5b5329:172.17.0.2:38333, 24589ba3-439e-426c-a3dd-3948fbf70a5d:172.17.0.2:36853], old=null
2020-07-27 09:56:01,231 [045c987a-fb62-4fd1-8a3b-f6f94af40e4e@group-BDA6939820FE-LeaderElection22] INFO  impl.LeaderElection (LogUtils.java:infoOrTrace(137)) - 045c987a-fb62-4fd1-8a3b-f6f94af40e4e@group-BDA6939820FE-LeaderElection22 got exception when requesting votes: java.util.concurrent.ExecutionException: org.apache.ratis.thirdparty.io.grpc.StatusRuntimeException: UNAVAILABLE: io exception
2020-07-27 09:56:01,237 [045c987a-fb62-4fd1-8a3b-f6f94af40e4e@group-BDA6939820FE-LeaderElection22] INFO  impl.LeaderElection (LogUtils.java:infoOrTrace(137)) - 045c987a-fb62-4fd1-8a3b-f6f94af40e4e@group-BDA6939820FE-LeaderElection22 got exception when requesting votes: java.util.concurrent.ExecutionException: org.apache.ratis.thirdparty.io.grpc.StatusRuntimeException: UNAVAILABLE: io exception
2020-07-27 09:56:01,237 [045c987a-fb62-4fd1-8a3b-f6f94af40e4e@group-BDA6939820FE-LeaderElection22] INFO  impl.LeaderElection (LeaderElection.java:logAndReturn(61)) - 045c987a-fb62-4fd1-8a3b-f6f94af40e4e@group-BDA6939820FE-LeaderElection22: Election REJECTED; received 0 response(s) [] and 2 exception(s); 045c987a-fb62-4fd1-8a3b-f6f94af40e4e@group-BDA6939820FE:t2, leader=null, voted=045c987a-fb62-4fd1-8a3b-f6f94af40e4e, raftlog=045c987a-fb62-4fd1-8a3b-f6f94af40e4e@group-BDA6939820FE-SegmentedRaftLog:OPENED:c0,f0,i0, conf=0: [045c987a-fb62-4fd1-8a3b-f6f94af40e4e:172.17.0.2:35095, db756141-0354-427a-9153-f34ecc5b5329:172.17.0.2:38333, 24589ba3-439e-426c-a3dd-3948fbf70a5d:172.17.0.2:36853], old=null
2020-07-27 09:56:01,238 [045c987a-fb62-4fd1-8a3b-f6f94af40e4e@group-BDA6939820FE-LeaderElection22] INFO  impl.LeaderElection (LogUtils.java:infoOrTrace(137)) -   Exception 0: java.util.concurrent.ExecutionException: org.apache.ratis.thirdparty.io.grpc.StatusRuntimeException: UNAVAILABLE: io exception
2020-07-27 09:56:01,238 [045c987a-fb62-4fd1-8a3b-f6f94af40e4e@group-BDA6939820FE-LeaderElection22] INFO  impl.LeaderElection (LogUtils.java:infoOrTrace(137)) -   Exception 1: java.util.concurrent.ExecutionException: org.apache.ratis.thirdparty.io.grpc.StatusRuntimeException: UNAVAILABLE: io exception
2020-07-27 09:56:01,238 [045c987a-fb62-4fd1-8a3b-f6f94af40e4e@group-BDA6939820FE-LeaderElection22] INFO  impl.RaftServerImpl (RaftServerImpl.java:setRole(185)) - 045c987a-fb62-4fd1-8a3b-f6f94af40e4e@group-BDA6939820FE: changes role from CANDIDATE to FOLLOWER at term 2 for DISCOVERED_A_NEW_TERM
2020-07-27 09:56:01,238 [045c987a-fb62-4fd1-8a3b-f6f94af40e4e@group-BDA6939820FE-LeaderElection22] INFO  impl.RoleInfo (RoleInfo.java:shutdownLeaderElection(134)) - 045c987a-fb62-4fd1-8a3b-f6f94af40e4e: shutdown LeaderElection
2020-07-27 09:56:01,238 [045c987a-fb62-4fd1-8a3b-f6f94af40e4e@group-BDA6939820FE-LeaderElection22] INFO  impl.RoleInfo (RoleInfo.java:updateAndGet(143)) - 045c987a-fb62-4fd1-8a3b-f6f94af40e4e: start FollowerState
2020-07-27 09:56:03,926 [Listener at 127.0.0.1/37087] INFO  ozoneimpl.OzoneContainer (OzoneContainer.java:stop(259)) - Attempting to stop container services.
2020-07-27 09:56:03,926 [Listener at 127.0.0.1/37087] INFO  impl.RaftServerProxy (RaftServerProxy.java:lambda$close$4(319)) - fb881f82-5e57-41ff-b606-0a47835c2f4e: close
2020-07-27 09:56:03,927 [Listener at 127.0.0.1/37087] INFO  impl.RaftServerImpl (RaftServerImpl.java:lambda$shutdown$3(263)) - fb881f82-5e57-41ff-b606-0a47835c2f4e@group-01D02DF1BECF: shutdown
2020-07-27 09:56:03,927 [Listener at 127.0.0.1/37087] INFO  util.JmxRegister (JmxRegister.java:unregister(73)) - Successfully un-registered JMX Bean with object name Ratis:service=RaftServer,group=group-01D02DF1BECF,id=fb881f82-5e57-41ff-b606-0a47835c2f4e
2020-07-27 09:56:03,927 [Listener at 127.0.0.1/37087] INFO  impl.RoleInfo (RoleInfo.java:shutdownLeaderState(104)) - fb881f82-5e57-41ff-b606-0a47835c2f4e: shutdown LeaderState
2020-07-27 09:56:03,927 [Listener at 127.0.0.1/37087] INFO  impl.PendingRequests (PendingRequests.java:sendNotLeaderResponses(249)) - fb881f82-5e57-41ff-b606-0a47835c2f4e@group-01D02DF1BECF-PendingRequests: sendNotLeaderResponses
2020-07-27 09:56:03,927 [Listener at 127.0.0.1/37087] INFO  metrics.RatisMetrics (RatisMetrics.java:unregister(43)) - Unregistering Metrics Registry : ratis.log_appender.fb881f82-5e57-41ff-b606-0a47835c2f4e@group-01D02DF1BECF
2020-07-27 09:56:03,927 [Listener at 127.0.0.1/37087] INFO  metrics.RatisMetrics (RatisMetrics.java:unregister(43)) - Unregistering Metrics Registry : ratis.server.fb881f82-5e57-41ff-b606-0a47835c2f4e@group-01D02DF1BECF
2020-07-27 09:56:03,928 [Listener at 127.0.0.1/37087] INFO  impl.StateMachineUpdater (StateMachineUpdater.java:stopAndJoin(142)) - fb881f82-5e57-41ff-b606-0a47835c2f4e@group-01D02DF1BECF-StateMachineUpdater: set stopIndex = 0
2020-07-27 09:56:03,928 [fb881f82-5e57-41ff-b606-0a47835c2f4e@group-01D02DF1BECF-StateMachineUpdater] INFO  ratis.ContainerStateMachine (ContainerStateMachine.java:takeSnapshot(293)) - group-01D02DF1BECF: Taking a snapshot at:(t:1, i:0) file /github/workspace/mnt/ozone/hadoop-ozone/integration-test/target/test-dir/MiniOzoneClusterImpl-6f095167-e36a-40e2-aefd-0fa47c7d82e2/datanode-6/data/ratis/7c9e8733-8d3f-4890-9ed5-01d02df1becf/sm/snapshot.1_0
2020-07-27 09:56:03,929 [fb881f82-5e57-41ff-b606-0a47835c2f4e@group-01D02DF1BECF-StateMachineUpdater] INFO  ratis.ContainerStateMachine (ContainerStateMachine.java:takeSnapshot(304)) - group-01D02DF1BECF: Finished taking a snapshot at:(t:1, i:0) file:/github/workspace/mnt/ozone/hadoop-ozone/integration-test/target/test-dir/MiniOzoneClusterImpl-6f095167-e36a-40e2-aefd-0fa47c7d82e2/datanode-6/data/ratis/7c9e8733-8d3f-4890-9ed5-01d02df1becf/sm/snapshot.1_0 time:1
2020-07-27 09:56:03,929 [fb881f82-5e57-41ff-b606-0a47835c2f4e@group-01D02DF1BECF-StateMachineUpdater] INFO  impl.StateMachineUpdater (StateMachineUpdater.java:takeSnapshot(277)) - fb881f82-5e57-41ff-b606-0a47835c2f4e@group-01D02DF1BECF-StateMachineUpdater: Took a snapshot at index 0
2020-07-27 09:56:03,929 [fb881f82-5e57-41ff-b606-0a47835c2f4e@group-01D02DF1BECF-StateMachineUpdater] INFO  impl.StateMachineUpdater (StateMachineUpdater.java:lambda$new$0(87)) - fb881f82-5e57-41ff-b606-0a47835c2f4e@group-01D02DF1BECF-StateMachineUpdater: snapshotIndex: updateIncreasingly -1 -> 0
2020-07-27 09:56:03,929 [fb881f82-5e57-41ff-b606-0a47835c2f4e@group-01D02DF1BECF-StateMachineUpdater] INFO  metrics.RatisMetrics (RatisMetrics.java:unregister(43)) - Unregistering Metrics Registry : ratis.state_machine.fb881f82-5e57-41ff-b606-0a47835c2f4e@group-01D02DF1BECF
2020-07-27 09:56:03,929 [Listener at 127.0.0.1/37087] INFO  impl.RaftServerImpl (ServerState.java:close(387)) - fb881f82-5e57-41ff-b606-0a47835c2f4e@group-01D02DF1BECF: closes. applyIndex: 0
2020-07-27 09:56:03,929 [fb881f82-5e57-41ff-b606-0a47835c2f4e@group-01D02DF1BECF-SegmentedRaftLogWorker] INFO  segmented.SegmentedRaftLogWorker (SegmentedRaftLogWorker.java:run(327)) - fb881f82-5e57-41ff-b606-0a47835c2f4e@group-01D02DF1BECF-SegmentedRaftLogWorker was interrupted, exiting. There are 0 tasks remaining in the queue.
2020-07-27 09:56:03,930 [Listener at 127.0.0.1/37087] INFO  segmented.SegmentedRaftLogWorker (SegmentedRaftLogWorker.java:close(234)) - fb881f82-5e57-41ff-b606-0a47835c2f4e@group-01D02DF1BECF-SegmentedRaftLogWorker close()
2020-07-27 09:56:03,930 [Listener at 127.0.0.1/37087] INFO  metrics.RatisMetrics (RatisMetrics.java:unregister(43)) - Unregistering Metrics Registry : ratis.log_worker.fb881f82-5e57-41ff-b606-0a47835c2f4e@group-01D02DF1BECF
2020-07-27 09:56:03,931 [Listener at 127.0.0.1/37087] INFO  metrics.RatisMetrics (RatisMetrics.java:unregister(43)) - Unregistering Metrics Registry : ratis.leader_election.fb881f82-5e57-41ff-b606-0a47835c2f4e@group-01D02DF1BECF
2020-07-27 09:56:03,931 [Listener at 127.0.0.1/37087] INFO  metrics.RatisMetrics (RatisMetrics.java:unregister(43)) - Unregistering Metrics Registry : ratis.server.fb881f82-5e57-41ff-b606-0a47835c2f4e@group-01D02DF1BECF
2020-07-27 09:56:03,931 [Listener at 127.0.0.1/37087] INFO  server.GrpcService (GrpcService.java:closeImpl(166)) - fb881f82-5e57-41ff-b606-0a47835c2f4e: shutdown server with port 46069 now
2020-07-27 09:56:03,931 [Listener at 127.0.0.1/37087] INFO  server.GrpcService (GrpcService.java:closeImpl(174)) - fb881f82-5e57-41ff-b606-0a47835c2f4e: shutdown server with port 46069 successfully
2020-07-27 09:56:03,932 [Listener at 127.0.0.1/37087] INFO  utils.BackgroundService (BackgroundService.java:shutdown(157)) - Shutting down service BlockDeletingService
2020-07-27 09:56:03,934 [Listener at 127.0.0.1/37087] INFO  statemachine.DatanodeStateMachine (DatanodeStateMachine.java:stopDaemon(447)) - Ozone container server stopped.
2020-07-27 09:56:03,935 [ForkJoinPool.commonPool-worker-0] INFO  ozoneimpl.OzoneContainer (OzoneContainer.java:stop(259)) - Attempting to stop container services.
2020-07-27 09:56:03,935 [ForkJoinPool.commonPool-worker-0] INFO  impl.RaftServerProxy (RaftServerProxy.java:lambda$close$4(319)) - 045c987a-fb62-4fd1-8a3b-f6f94af40e4e: close
2020-07-27 09:56:03,935 [ForkJoinPool.commonPool-worker-0] INFO  impl.RaftServerImpl (RaftServerImpl.java:lambda$shutdown$3(263)) - 045c987a-fb62-4fd1-8a3b-f6f94af40e4e@group-D22EB1565E1B: shutdown
2020-07-27 09:56:03,936 [ForkJoinPool.commonPool-worker-0] INFO  util.JmxRegister (JmxRegister.java:unregister(73)) - Successfully un-registered JMX Bean with object name Ratis:service=RaftServer,group=group-D22EB1565E1B,id=045c987a-fb62-4fd1-8a3b-f6f94af40e4e
2020-07-27 09:56:03,936 [ForkJoinPool.commonPool-worker-0] INFO  impl.RoleInfo (RoleInfo.java:shutdownLeaderState(104)) - 045c987a-fb62-4fd1-8a3b-f6f94af40e4e: shutdown LeaderState
2020-07-27 09:56:03,936 [ForkJoinPool.commonPool-worker-0] INFO  impl.PendingRequests (PendingRequests.java:sendNotLeaderResponses(249)) - 045c987a-fb62-4fd1-8a3b-f6f94af40e4e@group-D22EB1565E1B-PendingRequests: sendNotLeaderResponses
2020-07-27 09:56:03,936 [ForkJoinPool.commonPool-worker-0] INFO  metrics.RatisMetrics (RatisMetrics.java:unregister(43)) - Unregistering Metrics Registry : ratis.log_appender.045c987a-fb62-4fd1-8a3b-f6f94af40e4e@group-D22EB1565E1B
2020-07-27 09:56:03,936 [ForkJoinPool.commonPool-worker-0] INFO  metrics.RatisMetrics (RatisMetrics.java:unregister(43)) - Unregistering Metrics Registry : ratis.server.045c987a-fb62-4fd1-8a3b-f6f94af40e4e@group-D22EB1565E1B
2020-07-27 09:56:03,936 [ForkJoinPool.commonPool-worker-0] INFO  impl.StateMachineUpdater (StateMachineUpdater.java:stopAndJoin(142)) - 045c987a-fb62-4fd1-8a3b-f6f94af40e4e@group-D22EB1565E1B-StateMachineUpdater: set stopIndex = 0
2020-07-27 09:56:03,937 [045c987a-fb62-4fd1-8a3b-f6f94af40e4e@group-D22EB1565E1B-StateMachineUpdater] INFO  ratis.ContainerStateMachine (ContainerStateMachine.java:takeSnapshot(293)) - group-D22EB1565E1B: Taking a snapshot at:(t:1, i:0) file /github/workspace/mnt/ozone/hadoop-ozone/integration-test/target/test-dir/MiniOzoneClusterImpl-6f095167-e36a-40e2-aefd-0fa47c7d82e2/datanode-0/data/ratis/350faa5e-e8bc-4481-81ce-d22eb1565e1b/sm/snapshot.1_0
2020-07-27 09:56:03,938 [045c987a-fb62-4fd1-8a3b-f6f94af40e4e@group-D22EB1565E1B-StateMachineUpdater] INFO  ratis.ContainerStateMachine (ContainerStateMachine.java:takeSnapshot(304)) - group-D22EB1565E1B: Finished taking a snapshot at:(t:1, i:0) file:/github/workspace/mnt/ozone/hadoop-ozone/integration-test/target/test-dir/MiniOzoneClusterImpl-6f095167-e36a-40e2-aefd-0fa47c7d82e2/datanode-0/data/ratis/350faa5e-e8bc-4481-81ce-d22eb1565e1b/sm/snapshot.1_0 time:1
2020-07-27 09:56:03,938 [045c987a-fb62-4fd1-8a3b-f6f94af40e4e@group-D22EB1565E1B-StateMachineUpdater] INFO  impl.StateMachineUpdater (StateMachineUpdater.java:takeSnapshot(277)) - 045c987a-fb62-4fd1-8a3b-f6f94af40e4e@group-D22EB1565E1B-StateMachineUpdater: Took a snapshot at index 0
2020-07-27 09:56:03,938 [045c987a-fb62-4fd1-8a3b-f6f94af40e4e@group-D22EB1565E1B-StateMachineUpdater] INFO  impl.StateMachineUpdater (StateMachineUpdater.java:lambda$new$0(87)) - 045c987a-fb62-4fd1-8a3b-f6f94af40e4e@group-D22EB1565E1B-StateMachineUpdater: snapshotIndex: updateIncreasingly -1 -> 0
2020-07-27 09:56:03,938 [045c987a-fb62-4fd1-8a3b-f6f94af40e4e@group-D22EB1565E1B-StateMachineUpdater] INFO  metrics.RatisMetrics (RatisMetrics.java:unregister(43)) - Unregistering Metrics Registry : ratis.state_machine.045c987a-fb62-4fd1-8a3b-f6f94af40e4e@group-D22EB1565E1B
2020-07-27 09:56:03,939 [ForkJoinPool.commonPool-worker-0] INFO  impl.RaftServerImpl (ServerState.java:close(387)) - 045c987a-fb62-4fd1-8a3b-f6f94af40e4e@group-D22EB1565E1B: closes. applyIndex: 0
2020-07-27 09:56:03,939 [045c987a-fb62-4fd1-8a3b-f6f94af40e4e@group-D22EB1565E1B-SegmentedRaftLogWorker] INFO  segmented.SegmentedRaftLogWorker (SegmentedRaftLogWorker.java:run(327)) - 045c987a-fb62-4fd1-8a3b-f6f94af40e4e@group-D22EB1565E1B-SegmentedRaftLogWorker was interrupted, exiting. There are 0 tasks remaining in the queue.
2020-07-27 09:56:03,940 [ForkJoinPool.commonPool-worker-0] INFO  segmented.SegmentedRaftLogWorker (SegmentedRaftLogWorker.java:close(234)) - 045c987a-fb62-4fd1-8a3b-f6f94af40e4e@group-D22EB1565E1B-SegmentedRaftLogWorker close()
2020-07-27 09:56:03,941 [ForkJoinPool.commonPool-worker-0] INFO  metrics.RatisMetrics (RatisMetrics.java:unregister(43)) - Unregistering Metrics Registry : ratis.log_worker.045c987a-fb62-4fd1-8a3b-f6f94af40e4e@group-D22EB1565E1B
2020-07-27 09:56:03,941 [ForkJoinPool.commonPool-worker-0] INFO  metrics.RatisMetrics (RatisMetrics.java:unregister(43)) - Unregistering Metrics Registry : ratis.leader_election.045c987a-fb62-4fd1-8a3b-f6f94af40e4e@group-D22EB1565E1B
2020-07-27 09:56:03,941 [ForkJoinPool.commonPool-worker-0] INFO  metrics.RatisMetrics (RatisMetrics.java:unregister(43)) - Unregistering Metrics Registry : ratis.server.045c987a-fb62-4fd1-8a3b-f6f94af40e4e@group-D22EB1565E1B
2020-07-27 09:56:03,941 [ForkJoinPool.commonPool-worker-0] INFO  impl.RaftServerImpl (RaftServerImpl.java:lambda$shutdown$3(263)) - 045c987a-fb62-4fd1-8a3b-f6f94af40e4e@group-BDA6939820FE: shutdown
2020-07-27 09:56:03,941 [ForkJoinPool.commonPool-worker-0] INFO  util.JmxRegister (JmxRegister.java:unregister(73)) - Successfully un-registered JMX Bean with object name Ratis:service=RaftServer,group=group-BDA6939820FE,id=045c987a-fb62-4fd1-8a3b-f6f94af40e4e
2020-07-27 09:56:03,941 [ForkJoinPool.commonPool-worker-0] INFO  impl.RoleInfo (RoleInfo.java:shutdownFollowerState(121)) - 045c987a-fb62-4fd1-8a3b-f6f94af40e4e: shutdown FollowerState
2020-07-27 09:56:03,941 [Thread-720] INFO  impl.FollowerState (FollowerState.java:run(117)) - 045c987a-fb62-4fd1-8a3b-f6f94af40e4e@group-BDA6939820FE-FollowerState was interrupted: java.lang.InterruptedException: sleep interrupted
2020-07-27 09:56:03,941 [ForkJoinPool.commonPool-worker-0] INFO  impl.StateMachineUpdater (StateMachineUpdater.java:stopAndJoin(142)) - 045c987a-fb62-4fd1-8a3b-f6f94af40e4e@group-BDA6939820FE-StateMachineUpdater: set stopIndex = 0
2020-07-27 09:56:03,942 [045c987a-fb62-4fd1-8a3b-f6f94af40e4e@group-BDA6939820FE-StateMachineUpdater] INFO  ratis.ContainerStateMachine (ContainerStateMachine.java:takeSnapshot(293)) - group-BDA6939820FE: Taking a snapshot at:(t:1, i:0) file /github/workspace/mnt/ozone/hadoop-ozone/integration-test/target/test-dir/MiniOzoneClusterImpl-6f095167-e36a-40e2-aefd-0fa47c7d82e2/datanode-0/data/ratis/7bbf6427-087b-4c7e-9ba9-bda6939820fe/sm/snapshot.1_0
2020-07-27 09:56:03,942 [Listener at 127.0.0.1/37087] INFO  handler.ContextHandler (ContextHandler.java:doStop(1016)) - Stopped o.e.j.w.WebAppContext@3ad966f9{hddsDatanode,/,null,UNAVAILABLE}{jar:file:/home/user/.m2/repository/org/apache/hadoop/hadoop-hdds-container-service/0.6.0-SNAPSHOT/hadoop-hdds-container-service-0.6.0-SNAPSHOT.jar!/webapps/hddsDatanode}
2020-07-27 09:56:03,943 [Listener at 127.0.0.1/37087] INFO  server.AbstractConnector (AbstractConnector.java:doStop(380)) - Stopped ServerConnector@7900184{HTTP/1.1,[http/1.1]}{0.0.0.0:0}
2020-07-27 09:56:03,943 [045c987a-fb62-4fd1-8a3b-f6f94af40e4e@group-BDA6939820FE-StateMachineUpdater] INFO  ratis.ContainerStateMachine (ContainerStateMachine.java:takeSnapshot(304)) - group-BDA6939820FE: Finished taking a snapshot at:(t:1, i:0) file:/github/workspace/mnt/ozone/hadoop-ozone/integration-test/target/test-dir/MiniOzoneClusterImpl-6f095167-e36a-40e2-aefd-0fa47c7d82e2/datanode-0/data/ratis/7bbf6427-087b-4c7e-9ba9-bda6939820fe/sm/snapshot.1_0 time:1
2020-07-27 09:56:03,943 [045c987a-fb62-4fd1-8a3b-f6f94af40e4e@group-BDA6939820FE-StateMachineUpdater] INFO  impl.StateMachineUpdater (StateMachineUpdater.java:takeSnapshot(277)) - 045c987a-fb62-4fd1-8a3b-f6f94af40e4e@group-BDA6939820FE-StateMachineUpdater: Took a snapshot at index 0
2020-07-27 09:56:03,943 [045c987a-fb62-4fd1-8a3b-f6f94af40e4e@group-BDA6939820FE-StateMachineUpdater] INFO  impl.StateMachineUpdater (StateMachineUpdater.java:lambda$new$0(87)) - 045c987a-fb62-4fd1-8a3b-f6f94af40e4e@group-BDA6939820FE-StateMachineUpdater: snapshotIndex: updateIncreasingly -1 -> 0
2020-07-27 09:56:03,943 [045c987a-fb62-4fd1-8a3b-f6f94af40e4e@group-BDA6939820FE-StateMachineUpdater] INFO  metrics.RatisMetrics (RatisMetrics.java:unregister(43)) - Unregistering Metrics Registry : ratis.state_machine.045c987a-fb62-4fd1-8a3b-f6f94af40e4e@group-BDA6939820FE
2020-07-27 09:56:03,943 [ForkJoinPool.commonPool-worker-0] INFO  impl.RaftServerImpl (ServerState.java:close(387)) - 045c987a-fb62-4fd1-8a3b-f6f94af40e4e@group-BDA6939820FE: closes. applyIndex: 0
2020-07-27 09:56:03,944 [045c987a-fb62-4fd1-8a3b-f6f94af40e4e@group-BDA6939820FE-SegmentedRaftLogWorker] INFO  segmented.SegmentedRaftLogWorker (SegmentedRaftLogWorker.java:run(327)) - 045c987a-fb62-4fd1-8a3b-f6f94af40e4e@group-BDA6939820FE-SegmentedRaftLogWorker was interrupted, exiting. There are 0 tasks remaining in the queue.
2020-07-27 09:56:03,944 [ForkJoinPool.commonPool-worker-0] INFO  segmented.SegmentedRaftLogWorker (SegmentedRaftLogWorker.java:close(234)) - 045c987a-fb62-4fd1-8a3b-f6f94af40e4e@group-BDA6939820FE-SegmentedRaftLogWorker close()
2020-07-27 09:56:03,944 [ForkJoinPool.commonPool-worker-0] INFO  metrics.RatisMetrics (RatisMetrics.java:unregister(43)) - Unregistering Metrics Registry : ratis.log_worker.045c987a-fb62-4fd1-8a3b-f6f94af40e4e@group-BDA6939820FE
2020-07-27 09:56:03,944 [ForkJoinPool.commonPool-worker-0] INFO  metrics.RatisMetrics (RatisMetrics.java:unregister(43)) - Unregistering Metrics Registry : ratis.leader_election.045c987a-fb62-4fd1-8a3b-f6f94af40e4e@group-BDA6939820FE
2020-07-27 09:56:03,944 [ForkJoinPool.commonPool-worker-0] INFO  metrics.RatisMetrics (RatisMetrics.java:unregister(43)) - Unregistering Metrics Registry : ratis.server.045c987a-fb62-4fd1-8a3b-f6f94af40e4e@group-BDA6939820FE
2020-07-27 09:56:03,944 [ForkJoinPool.commonPool-worker-0] INFO  server.GrpcService (GrpcService.java:closeImpl(166)) - 045c987a-fb62-4fd1-8a3b-f6f94af40e4e: shutdown server with port 35095 now
2020-07-27 09:56:03,945 [Listener at 127.0.0.1/37087] INFO  server.session (HouseKeeper.java:stopScavenging(158)) - node0 Stopped scavenging
2020-07-27 09:56:03,955 [Listener at 127.0.0.1/37087] INFO  handler.ContextHandler (ContextHandler.java:doStop(1016)) - Stopped o.e.j.s.ServletContextHandler@4b799af1{static,/static,jar:file:/home/user/.m2/repository/org/apache/hadoop/hadoop-hdds-container-service/0.6.0-SNAPSHOT/hadoop-hdds-container-service-0.6.0-SNAPSHOT.jar!/webapps/static,UNAVAILABLE}
2020-07-27 09:56:03,955 [ForkJoinPool.commonPool-worker-0] INFO  server.GrpcService (GrpcService.java:closeImpl(174)) - 045c987a-fb62-4fd1-8a3b-f6f94af40e4e: shutdown server with port 35095 successfully
2020-07-27 09:56:03,956 [Listener at 127.0.0.1/37087] INFO  handler.ContextHandler (ContextHandler.java:doStop(1016)) - Stopped o.e.j.s.ServletContextHandler@5e43aff8{logs,/logs,file:///github/workspace/mnt/ozone/hadoop-ozone/integration-test/target/log,UNAVAILABLE}
2020-07-27 09:56:03,956 [ForkJoinPool.commonPool-worker-0] INFO  utils.BackgroundService (BackgroundService.java:shutdown(157)) - Shutting down service BlockDeletingService
2020-07-27 09:56:03,959 [ForkJoinPool.commonPool-worker-0] INFO  statemachine.DatanodeStateMachine (DatanodeStateMachine.java:stopDaemon(447)) - Ozone container server stopped.
2020-07-27 09:56:03,966 [ForkJoinPool.commonPool-worker-0] INFO  handler.ContextHandler (ContextHandler.java:doStop(1016)) - Stopped o.e.j.w.WebAppContext@49f3e91b{hddsDatanode,/,null,UNAVAILABLE}{jar:file:/home/user/.m2/repository/org/apache/hadoop/hadoop-hdds-container-service/0.6.0-SNAPSHOT/hadoop-hdds-container-service-0.6.0-SNAPSHOT.jar!/webapps/hddsDatanode}
2020-07-27 09:56:03,971 [ForkJoinPool.commonPool-worker-0] INFO  server.AbstractConnector (AbstractConnector.java:doStop(380)) - Stopped ServerConnector@7d38b525{HTTP/1.1,[http/1.1]}{0.0.0.0:0}
2020-07-27 09:56:03,971 [ForkJoinPool.commonPool-worker-0] INFO  server.session (HouseKeeper.java:stopScavenging(158)) - node0 Stopped scavenging
2020-07-27 09:56:03,971 [ForkJoinPool.commonPool-worker-0] INFO  handler.ContextHandler (ContextHandler.java:doStop(1016)) - Stopped o.e.j.s.ServletContextHandler@3806d460{static,/static,jar:file:/home/user/.m2/repository/org/apache/hadoop/hadoop-hdds-container-service/0.6.0-SNAPSHOT/hadoop-hdds-container-service-0.6.0-SNAPSHOT.jar!/webapps/static,UNAVAILABLE}
2020-07-27 09:56:03,973 [ForkJoinPool.commonPool-worker-0] INFO  handler.ContextHandler (ContextHandler.java:doStop(1016)) - Stopped o.e.j.s.ServletContextHandler@731b2788{logs,/logs,file:///github/workspace/mnt/ozone/hadoop-ozone/integration-test/target/log,UNAVAILABLE}
2020-07-27 09:56:04,371 [Datanode State Machine Thread - 0] INFO  statemachine.DatanodeStateMachine (DatanodeStateMachine.java:lambda$startDaemon$0(399)) - Ozone container server started.
2020-07-27 09:56:06,496 [Thread-645] INFO  impl.FollowerState (FollowerState.java:run(108)) - c5cd7f8e-e419-427c-8535-fd2c10c6404c@group-433FFA6DA013-FollowerState: change to CANDIDATE, lastRpcTime:7748ms, electionTimeout:5166ms
2020-07-27 09:56:06,496 [Thread-645] INFO  impl.RoleInfo (RoleInfo.java:shutdownFollowerState(121)) - c5cd7f8e-e419-427c-8535-fd2c10c6404c: shutdown FollowerState
2020-07-27 09:56:06,496 [Thread-645] INFO  impl.RaftServerImpl (RaftServerImpl.java:setRole(185)) - c5cd7f8e-e419-427c-8535-fd2c10c6404c@group-433FFA6DA013: changes role from  FOLLOWER to CANDIDATE at term 1 for changeToCandidate
2020-07-27 09:56:06,496 [Thread-645] INFO  impl.RoleInfo (RoleInfo.java:updateAndGet(143)) - c5cd7f8e-e419-427c-8535-fd2c10c6404c: start LeaderElection
2020-07-27 09:56:06,497 [c5cd7f8e-e419-427c-8535-fd2c10c6404c@group-433FFA6DA013-LeaderElection23] INFO  impl.RaftServerImpl (ServerState.java:setLeader(255)) - c5cd7f8e-e419-427c-8535-fd2c10c6404c@group-433FFA6DA013: change Leader from 1abd5772-62cd-4705-9996-234721943c22 to null at term 1 for initElection
2020-07-27 09:56:06,498 [c5cd7f8e-e419-427c-8535-fd2c10c6404c@group-433FFA6DA013-LeaderElection23] INFO  impl.LeaderElection (LeaderElection.java:askForVotes(209)) - c5cd7f8e-e419-427c-8535-fd2c10c6404c@group-433FFA6DA013-LeaderElection23: begin an election at term 2 for 0: [6149466c-0ff2-4d16-87a0-4777c761ad23:172.17.0.2:43501, c5cd7f8e-e419-427c-8535-fd2c10c6404c:172.17.0.2:44385, 1abd5772-62cd-4705-9996-234721943c22:172.17.0.2:42565], old=null
2020-07-27 09:56:06,506 [c5cd7f8e-e419-427c-8535-fd2c10c6404c@group-433FFA6DA013-LeaderElection23] INFO  impl.LeaderElection (LogUtils.java:infoOrTrace(137)) - c5cd7f8e-e419-427c-8535-fd2c10c6404c@group-433FFA6DA013-LeaderElection23 got exception when requesting votes: java.util.concurrent.ExecutionException: org.apache.ratis.thirdparty.io.grpc.StatusRuntimeException: UNAVAILABLE: io exception
2020-07-27 09:56:06,506 [c5cd7f8e-e419-427c-8535-fd2c10c6404c@group-433FFA6DA013-LeaderElection23] INFO  impl.LeaderElection (LogUtils.java:infoOrTrace(137)) - c5cd7f8e-e419-427c-8535-fd2c10c6404c@group-433FFA6DA013-LeaderElection23 got exception when requesting votes: java.util.concurrent.ExecutionException: org.apache.ratis.thirdparty.io.grpc.StatusRuntimeException: UNAVAILABLE: io exception
2020-07-27 09:56:06,506 [c5cd7f8e-e419-427c-8535-fd2c10c6404c@group-433FFA6DA013-LeaderElection23] INFO  impl.LeaderElection (LeaderElection.java:logAndReturn(61)) - c5cd7f8e-e419-427c-8535-fd2c10c6404c@group-433FFA6DA013-LeaderElection23: Election REJECTED; received 0 response(s) [] and 2 exception(s); c5cd7f8e-e419-427c-8535-fd2c10c6404c@group-433FFA6DA013:t2, leader=null, voted=c5cd7f8e-e419-427c-8535-fd2c10c6404c, raftlog=c5cd7f8e-e419-427c-8535-fd2c10c6404c@group-433FFA6DA013-SegmentedRaftLog:OPENED:c0,f0,i0, conf=0: [6149466c-0ff2-4d16-87a0-4777c761ad23:172.17.0.2:43501, c5cd7f8e-e419-427c-8535-fd2c10c6404c:172.17.0.2:44385, 1abd5772-62cd-4705-9996-234721943c22:172.17.0.2:42565], old=null
2020-07-27 09:56:06,506 [c5cd7f8e-e419-427c-8535-fd2c10c6404c@group-433FFA6DA013-LeaderElection23] INFO  impl.LeaderElection (LogUtils.java:infoOrTrace(137)) -   Exception 0: java.util.concurrent.ExecutionException: org.apache.ratis.thirdparty.io.grpc.StatusRuntimeException: UNAVAILABLE: io exception
2020-07-27 09:56:06,506 [c5cd7f8e-e419-427c-8535-fd2c10c6404c@group-433FFA6DA013-LeaderElection23] INFO  impl.LeaderElection (LogUtils.java:infoOrTrace(137)) -   Exception 1: java.util.concurrent.ExecutionException: org.apache.ratis.thirdparty.io.grpc.StatusRuntimeException: UNAVAILABLE: io exception
2020-07-27 09:56:06,506 [c5cd7f8e-e419-427c-8535-fd2c10c6404c@group-433FFA6DA013-LeaderElection23] INFO  impl.RaftServerImpl (RaftServerImpl.java:setRole(185)) - c5cd7f8e-e419-427c-8535-fd2c10c6404c@group-433FFA6DA013: changes role from CANDIDATE to FOLLOWER at term 2 for DISCOVERED_A_NEW_TERM
2020-07-27 09:56:06,506 [c5cd7f8e-e419-427c-8535-fd2c10c6404c@group-433FFA6DA013-LeaderElection23] INFO  impl.RoleInfo (RoleInfo.java:shutdownLeaderElection(134)) - c5cd7f8e-e419-427c-8535-fd2c10c6404c: shutdown LeaderElection
2020-07-27 09:56:06,506 [c5cd7f8e-e419-427c-8535-fd2c10c6404c@group-433FFA6DA013-LeaderElection23] INFO  impl.RoleInfo (RoleInfo.java:updateAndGet(143)) - c5cd7f8e-e419-427c-8535-fd2c10c6404c: start FollowerState
2020-07-27 09:56:08,960 [Listener at 127.0.0.1/37087] INFO  ozoneimpl.OzoneContainer (OzoneContainer.java:stop(259)) - Attempting to stop container services.
2020-07-27 09:56:08,961 [Listener at 127.0.0.1/37087] INFO  impl.RaftServerProxy (RaftServerProxy.java:lambda$close$4(319)) - c5cd7f8e-e419-427c-8535-fd2c10c6404c: close
2020-07-27 09:56:08,962 [Listener at 127.0.0.1/37087] INFO  impl.RaftServerImpl (RaftServerImpl.java:lambda$shutdown$3(263)) - c5cd7f8e-e419-427c-8535-fd2c10c6404c@group-A1B1CAFA482E: shutdown
2020-07-27 09:56:08,962 [Listener at 127.0.0.1/37087] INFO  util.JmxRegister (JmxRegister.java:unregister(73)) - Successfully un-registered JMX Bean with object name Ratis:service=RaftServer,group=group-A1B1CAFA482E,id=c5cd7f8e-e419-427c-8535-fd2c10c6404c
2020-07-27 09:56:08,962 [Listener at 127.0.0.1/37087] INFO  impl.RoleInfo (RoleInfo.java:shutdownLeaderState(104)) - c5cd7f8e-e419-427c-8535-fd2c10c6404c: shutdown LeaderState
2020-07-27 09:56:08,962 [Listener at 127.0.0.1/37087] INFO  impl.PendingRequests (PendingRequests.java:sendNotLeaderResponses(249)) - c5cd7f8e-e419-427c-8535-fd2c10c6404c@group-A1B1CAFA482E-PendingRequests: sendNotLeaderResponses
2020-07-27 09:56:08,962 [Listener at 127.0.0.1/37087] INFO  metrics.RatisMetrics (RatisMetrics.java:unregister(43)) - Unregistering Metrics Registry : ratis.log_appender.c5cd7f8e-e419-427c-8535-fd2c10c6404c@group-A1B1CAFA482E
2020-07-27 09:56:08,962 [Listener at 127.0.0.1/37087] INFO  metrics.RatisMetrics (RatisMetrics.java:unregister(43)) - Unregistering Metrics Registry : ratis.server.c5cd7f8e-e419-427c-8535-fd2c10c6404c@group-A1B1CAFA482E
2020-07-27 09:56:08,963 [Listener at 127.0.0.1/37087] INFO  impl.StateMachineUpdater (StateMachineUpdater.java:stopAndJoin(142)) - c5cd7f8e-e419-427c-8535-fd2c10c6404c@group-A1B1CAFA482E-StateMachineUpdater: set stopIndex = 0
2020-07-27 09:56:08,963 [c5cd7f8e-e419-427c-8535-fd2c10c6404c@group-A1B1CAFA482E-StateMachineUpdater] INFO  ratis.ContainerStateMachine (ContainerStateMachine.java:takeSnapshot(293)) - group-A1B1CAFA482E: Taking a snapshot at:(t:1, i:0) file /github/workspace/mnt/ozone/hadoop-ozone/integration-test/target/test-dir/MiniOzoneClusterImpl-6f095167-e36a-40e2-aefd-0fa47c7d82e2/datanode-5/data/ratis/6fbb5aab-75af-44ba-9b01-a1b1cafa482e/sm/snapshot.1_0
2020-07-27 09:56:08,963 [ForkJoinPool.commonPool-worker-1] INFO  impl.RaftServerImpl (RaftServerImpl.java:lambda$shutdown$3(263)) - c5cd7f8e-e419-427c-8535-fd2c10c6404c@group-433FFA6DA013: shutdown
2020-07-27 09:56:08,964 [ForkJoinPool.commonPool-worker-1] INFO  util.JmxRegister (JmxRegister.java:unregister(73)) - Successfully un-registered JMX Bean with object name Ratis:service=RaftServer,group=group-433FFA6DA013,id=c5cd7f8e-e419-427c-8535-fd2c10c6404c
2020-07-27 09:56:08,964 [ForkJoinPool.commonPool-worker-1] INFO  impl.RoleInfo (RoleInfo.java:shutdownFollowerState(121)) - c5cd7f8e-e419-427c-8535-fd2c10c6404c: shutdown FollowerState
2020-07-27 09:56:08,964 [c5cd7f8e-e419-427c-8535-fd2c10c6404c@group-433FFA6DA013-StateMachineUpdater] INFO  ratis.ContainerStateMachine (ContainerStateMachine.java:takeSnapshot(293)) - group-433FFA6DA013: Taking a snapshot at:(t:1, i:0) file /github/workspace/mnt/ozone/hadoop-ozone/integration-test/target/test-dir/MiniOzoneClusterImpl-6f095167-e36a-40e2-aefd-0fa47c7d82e2/datanode-5/data/ratis/211d2911-d149-470c-93b5-433ffa6da013/sm/snapshot.1_0
2020-07-27 09:56:08,964 [Thread-724] INFO  impl.FollowerState (FollowerState.java:run(117)) - c5cd7f8e-e419-427c-8535-fd2c10c6404c@group-433FFA6DA013-FollowerState was interrupted: java.lang.InterruptedException: sleep interrupted
2020-07-27 09:56:08,964 [ForkJoinPool.commonPool-worker-1] INFO  impl.StateMachineUpdater (StateMachineUpdater.java:stopAndJoin(142)) - c5cd7f8e-e419-427c-8535-fd2c10c6404c@group-433FFA6DA013-StateMachineUpdater: set stopIndex = 0
2020-07-27 09:56:08,970 [c5cd7f8e-e419-427c-8535-fd2c10c6404c@group-433FFA6DA013-StateMachineUpdater] INFO  ratis.ContainerStateMachine (ContainerStateMachine.java:takeSnapshot(304)) - group-433FFA6DA013: Finished taking a snapshot at:(t:1, i:0) file:/github/workspace/mnt/ozone/hadoop-ozone/integration-test/target/test-dir/MiniOzoneClusterImpl-6f095167-e36a-40e2-aefd-0fa47c7d82e2/datanode-5/data/ratis/211d2911-d149-470c-93b5-433ffa6da013/sm/snapshot.1_0 time:6
2020-07-27 09:56:08,965 [c5cd7f8e-e419-427c-8535-fd2c10c6404c@group-A1B1CAFA482E-StateMachineUpdater] INFO  ratis.ContainerStateMachine (ContainerStateMachine.java:takeSnapshot(304)) - group-A1B1CAFA482E: Finished taking a snapshot at:(t:1, i:0) file:/github/workspace/mnt/ozone/hadoop-ozone/integration-test/target/test-dir/MiniOzoneClusterImpl-6f095167-e36a-40e2-aefd-0fa47c7d82e2/datanode-5/data/ratis/6fbb5aab-75af-44ba-9b01-a1b1cafa482e/sm/snapshot.1_0 time:1
2020-07-27 09:56:08,970 [c5cd7f8e-e419-427c-8535-fd2c10c6404c@group-433FFA6DA013-StateMachineUpdater] INFO  impl.StateMachineUpdater (StateMachineUpdater.java:takeSnapshot(277)) - c5cd7f8e-e419-427c-8535-fd2c10c6404c@group-433FFA6DA013-StateMachineUpdater: Took a snapshot at index 0
2020-07-27 09:56:08,970 [c5cd7f8e-e419-427c-8535-fd2c10c6404c@group-433FFA6DA013-StateMachineUpdater] INFO  impl.StateMachineUpdater (StateMachineUpdater.java:lambda$new$0(87)) - c5cd7f8e-e419-427c-8535-fd2c10c6404c@group-433FFA6DA013-StateMachineUpdater: snapshotIndex: updateIncreasingly -1 -> 0
2020-07-27 09:56:08,970 [c5cd7f8e-e419-427c-8535-fd2c10c6404c@group-A1B1CAFA482E-StateMachineUpdater] INFO  impl.StateMachineUpdater (StateMachineUpdater.java:takeSnapshot(277)) - c5cd7f8e-e419-427c-8535-fd2c10c6404c@group-A1B1CAFA482E-StateMachineUpdater: Took a snapshot at index 0
2020-07-27 09:56:08,970 [c5cd7f8e-e419-427c-8535-fd2c10c6404c@group-A1B1CAFA482E-StateMachineUpdater] INFO  impl.StateMachineUpdater (StateMachineUpdater.java:lambda$new$0(87)) - c5cd7f8e-e419-427c-8535-fd2c10c6404c@group-A1B1CAFA482E-StateMachineUpdater: snapshotIndex: updateIncreasingly -1 -> 0
2020-07-27 09:56:08,970 [c5cd7f8e-e419-427c-8535-fd2c10c6404c@group-433FFA6DA013-StateMachineUpdater] INFO  metrics.RatisMetrics (RatisMetrics.java:unregister(43)) - Unregistering Metrics Registry : ratis.state_machine.c5cd7f8e-e419-427c-8535-fd2c10c6404c@group-433FFA6DA013
2020-07-27 09:56:08,970 [c5cd7f8e-e419-427c-8535-fd2c10c6404c@group-A1B1CAFA482E-StateMachineUpdater] INFO  metrics.RatisMetrics (RatisMetrics.java:unregister(43)) - Unregistering Metrics Registry : ratis.state_machine.c5cd7f8e-e419-427c-8535-fd2c10c6404c@group-A1B1CAFA482E
2020-07-27 09:56:08,970 [Listener at 127.0.0.1/37087] INFO  impl.RaftServerImpl (ServerState.java:close(387)) - c5cd7f8e-e419-427c-8535-fd2c10c6404c@group-A1B1CAFA482E: closes. applyIndex: 0
2020-07-27 09:56:08,971 [c5cd7f8e-e419-427c-8535-fd2c10c6404c@group-A1B1CAFA482E-SegmentedRaftLogWorker] INFO  segmented.SegmentedRaftLogWorker (SegmentedRaftLogWorker.java:run(327)) - c5cd7f8e-e419-427c-8535-fd2c10c6404c@group-A1B1CAFA482E-SegmentedRaftLogWorker was interrupted, exiting. There are 0 tasks remaining in the queue.
2020-07-27 09:56:08,971 [Listener at 127.0.0.1/37087] INFO  segmented.SegmentedRaftLogWorker (SegmentedRaftLogWorker.java:close(234)) - c5cd7f8e-e419-427c-8535-fd2c10c6404c@group-A1B1CAFA482E-SegmentedRaftLogWorker close()
2020-07-27 09:56:08,971 [Listener at 127.0.0.1/37087] INFO  metrics.RatisMetrics (RatisMetrics.java:unregister(43)) - Unregistering Metrics Registry : ratis.log_worker.c5cd7f8e-e419-427c-8535-fd2c10c6404c@group-A1B1CAFA482E
2020-07-27 09:56:08,971 [Listener at 127.0.0.1/37087] INFO  metrics.RatisMetrics (RatisMetrics.java:unregister(43)) - Unregistering Metrics Registry : ratis.leader_election.c5cd7f8e-e419-427c-8535-fd2c10c6404c@group-A1B1CAFA482E
2020-07-27 09:56:08,971 [Listener at 127.0.0.1/37087] INFO  metrics.RatisMetrics (RatisMetrics.java:unregister(43)) - Unregistering Metrics Registry : ratis.server.c5cd7f8e-e419-427c-8535-fd2c10c6404c@group-A1B1CAFA482E
2020-07-27 09:56:08,972 [ForkJoinPool.commonPool-worker-1] INFO  impl.RaftServerImpl (ServerState.java:close(387)) - c5cd7f8e-e419-427c-8535-fd2c10c6404c@group-433FFA6DA013: closes. applyIndex: 0
2020-07-27 09:56:08,972 [c5cd7f8e-e419-427c-8535-fd2c10c6404c@group-433FFA6DA013-SegmentedRaftLogWorker] INFO  segmented.SegmentedRaftLogWorker (SegmentedRaftLogWorker.java:run(327)) - c5cd7f8e-e419-427c-8535-fd2c10c6404c@group-433FFA6DA013-SegmentedRaftLogWorker was interrupted, exiting. There are 0 tasks remaining in the queue.
2020-07-27 09:56:08,972 [ForkJoinPool.commonPool-worker-1] INFO  segmented.SegmentedRaftLogWorker (SegmentedRaftLogWorker.java:close(234)) - c5cd7f8e-e419-427c-8535-fd2c10c6404c@group-433FFA6DA013-SegmentedRaftLogWorker close()
2020-07-27 09:56:08,972 [ForkJoinPool.commonPool-worker-1] INFO  metrics.RatisMetrics (RatisMetrics.java:unregister(43)) - Unregistering Metrics Registry : ratis.log_worker.c5cd7f8e-e419-427c-8535-fd2c10c6404c@group-433FFA6DA013
2020-07-27 09:56:08,972 [ForkJoinPool.commonPool-worker-1] INFO  metrics.RatisMetrics (RatisMetrics.java:unregister(43)) - Unregistering Metrics Registry : ratis.leader_election.c5cd7f8e-e419-427c-8535-fd2c10c6404c@group-433FFA6DA013
2020-07-27 09:56:08,972 [ForkJoinPool.commonPool-worker-1] INFO  metrics.RatisMetrics (RatisMetrics.java:unregister(43)) - Unregistering Metrics Registry : ratis.server.c5cd7f8e-e419-427c-8535-fd2c10c6404c@group-433FFA6DA013
2020-07-27 09:56:08,973 [Listener at 127.0.0.1/37087] INFO  server.GrpcService (GrpcService.java:closeImpl(166)) - c5cd7f8e-e419-427c-8535-fd2c10c6404c: shutdown server with port 44385 now
2020-07-27 09:56:08,974 [Listener at 127.0.0.1/37087] INFO  server.GrpcService (GrpcService.java:closeImpl(174)) - c5cd7f8e-e419-427c-8535-fd2c10c6404c: shutdown server with port 44385 successfully
2020-07-27 09:56:08,975 [Listener at 127.0.0.1/37087] INFO  utils.BackgroundService (BackgroundService.java:shutdown(157)) - Shutting down service BlockDeletingService
2020-07-27 09:56:08,976 [Listener at 127.0.0.1/37087] INFO  statemachine.DatanodeStateMachine (DatanodeStateMachine.java:stopDaemon(447)) - Ozone container server stopped.
2020-07-27 09:56:08,983 [Listener at 127.0.0.1/37087] INFO  handler.ContextHandler (ContextHandler.java:doStop(1016)) - Stopped o.e.j.w.WebAppContext@89c4638{hddsDatanode,/,null,UNAVAILABLE}{jar:file:/home/user/.m2/repository/org/apache/hadoop/hadoop-hdds-container-service/0.6.0-SNAPSHOT/hadoop-hdds-container-service-0.6.0-SNAPSHOT.jar!/webapps/hddsDatanode}
2020-07-27 09:56:08,983 [Listener at 127.0.0.1/37087] INFO  server.AbstractConnector (AbstractConnector.java:doStop(380)) - Stopped ServerConnector@447e820{HTTP/1.1,[http/1.1]}{0.0.0.0:0}
2020-07-27 09:56:08,983 [Listener at 127.0.0.1/37087] INFO  server.session (HouseKeeper.java:stopScavenging(158)) - node0 Stopped scavenging
2020-07-27 09:56:08,984 [Listener at 127.0.0.1/37087] INFO  handler.ContextHandler (ContextHandler.java:doStop(1016)) - Stopped o.e.j.s.ServletContextHandler@131fc159{static,/static,jar:file:/home/user/.m2/repository/org/apache/hadoop/hadoop-hdds-container-service/0.6.0-SNAPSHOT/hadoop-hdds-container-service-0.6.0-SNAPSHOT.jar!/webapps/static,UNAVAILABLE}
2020-07-27 09:56:08,984 [Listener at 127.0.0.1/37087] INFO  handler.ContextHandler (ContextHandler.java:doStop(1016)) - Stopped o.e.j.s.ServletContextHandler@7891fa51{logs,/logs,file:///github/workspace/mnt/ozone/hadoop-ozone/integration-test/target/log,UNAVAILABLE}
2020-07-27 09:56:08,985 [Listener at 127.0.0.1/37087] INFO  ozone.MiniOzoneClusterImpl (MiniOzoneClusterImpl.java:stopSCM(476)) - Stopping the StorageContainerManager
2020-07-27 09:56:08,985 [Listener at 127.0.0.1/37087] INFO  server.StorageContainerManager (StorageContainerManager.java:stop(827)) - Stopping Replication Manager Service.
2020-07-27 09:56:08,985 [Listener at 127.0.0.1/37087] INFO  container.ReplicationManager (ReplicationManager.java:stop(218)) - Stopping Replication Monitor Thread.
2020-07-27 09:56:08,986 [Listener at 127.0.0.1/37087] INFO  server.StorageContainerManager (StorageContainerManager.java:stop(834)) - Stopping Lease Manager of the command watchers
2020-07-27 09:56:08,986 [CommandWatcher-LeaseManager#LeaseMonitor] ERROR lease.LeaseManager (LeaseManager.java:run(238)) - Execution was interrupted 
java.lang.InterruptedException: sleep interrupted
	at java.lang.Thread.sleep(Native Method)
	at org.apache.hadoop.ozone.lease.LeaseManager$LeaseMonitor.run(LeaseManager.java:234)
	at java.lang.Thread.run(Thread.java:748)
2020-07-27 09:56:08,986 [Listener at 127.0.0.1/37087] INFO  server.StorageContainerManager (StorageContainerManager.java:stop(841)) - Stopping datanode service RPC server
2020-07-27 09:56:08,986 [Listener at 127.0.0.1/37087] INFO  server.SCMDatanodeProtocolServer (SCMDatanodeProtocolServer.java:stop(361)) - Stopping the RPC server for DataNodes
2020-07-27 09:56:08,986 [Listener at 127.0.0.1/37087] INFO  ipc.Server (Server.java:stop(3359)) - Stopping server on 35005
2020-07-27 09:56:08,988 [IPC Server listener on 0] INFO  ipc.Server (Server.java:run(1330)) - Stopping IPC Server listener on 0
2020-07-27 09:56:08,998 [IPC Server Responder] INFO  ipc.Server (Server.java:run(1465)) - Stopping IPC Server Responder
2020-07-27 09:56:09,087 [SCM Heartbeat Processing Thread - 0] WARN  node.NodeStateManager (NodeStateManager.java:scheduleNextHealthCheck(661)) - Current Thread is interrupted, shutting down HB processing thread for Node Manager.
2020-07-27 09:56:09,087 [Listener at 127.0.0.1/37087] INFO  server.StorageContainerManager (StorageContainerManager.java:stop(849)) - Stopping block service RPC server
2020-07-27 09:56:09,087 [Listener at 127.0.0.1/37087] INFO  server.SCMBlockProtocolServer (SCMBlockProtocolServer.java:stop(158)) - Stopping the RPC server for Block Protocol
2020-07-27 09:56:09,087 [Listener at 127.0.0.1/37087] INFO  ipc.Server (Server.java:stop(3359)) - Stopping server on 43151
2020-07-27 09:56:09,089 [IPC Server Responder] INFO  ipc.Server (Server.java:run(1465)) - Stopping IPC Server Responder
2020-07-27 09:56:09,089 [Listener at 127.0.0.1/37087] INFO  server.StorageContainerManager (StorageContainerManager.java:stop(856)) - Stopping the StorageContainerLocationProtocol RPC server
2020-07-27 09:56:09,089 [IPC Server listener on 0] INFO  ipc.Server (Server.java:run(1330)) - Stopping IPC Server listener on 0
2020-07-27 09:56:09,089 [Listener at 127.0.0.1/37087] INFO  server.SCMClientProtocolServer (SCMClientProtocolServer.java:stop(165)) - Stopping the RPC server for Client Protocol
2020-07-27 09:56:09,089 [Listener at 127.0.0.1/37087] INFO  ipc.Server (Server.java:stop(3359)) - Stopping server on 35501
2020-07-27 09:56:09,092 [IPC Server Responder] INFO  ipc.Server (Server.java:run(1465)) - Stopping IPC Server Responder
2020-07-27 09:56:09,092 [Listener at 127.0.0.1/37087] INFO  server.StorageContainerManager (StorageContainerManager.java:stop(863)) - Stopping Storage Container Manager HTTP server.
2020-07-27 09:56:09,092 [IPC Server listener on 0] INFO  ipc.Server (Server.java:run(1330)) - Stopping IPC Server listener on 0
2020-07-27 09:56:09,092 [Listener at 127.0.0.1/37087] INFO  handler.ContextHandler (ContextHandler.java:doStop(1016)) - Stopped o.e.j.w.WebAppContext@5305539f{scm,/,null,UNAVAILABLE}{file:/github/workspace/mnt/ozone/hadoop-ozone/integration-test/target/test-classes/webapps/scm}
2020-07-27 09:56:09,095 [Listener at 127.0.0.1/37087] INFO  server.AbstractConnector (AbstractConnector.java:doStop(380)) - Stopped ServerConnector@5f5210e9{HTTP/1.1,[http/1.1]}{0.0.0.0:0}
2020-07-27 09:56:09,096 [Listener at 127.0.0.1/37087] INFO  server.session (HouseKeeper.java:stopScavenging(158)) - node0 Stopped scavenging
2020-07-27 09:56:09,096 [Listener at 127.0.0.1/37087] INFO  handler.ContextHandler (ContextHandler.java:doStop(1016)) - Stopped o.e.j.s.ServletContextHandler@70c7fa21{static,/static,file:///github/workspace/mnt/ozone/hadoop-ozone/integration-test/target/test-classes/webapps/static,UNAVAILABLE}
2020-07-27 09:56:09,096 [Listener at 127.0.0.1/37087] INFO  handler.ContextHandler (ContextHandler.java:doStop(1016)) - Stopped o.e.j.s.ServletContextHandler@69a5c709{logs,/logs,file:///github/workspace/mnt/ozone/hadoop-ozone/integration-test/target/log,UNAVAILABLE}
2020-07-27 09:56:09,097 [Listener at 127.0.0.1/37087] INFO  server.StorageContainerManager (StorageContainerManager.java:stop(874)) - Stopping Block Manager Service.
2020-07-27 09:56:09,097 [Listener at 127.0.0.1/37087] INFO  utils.BackgroundService (BackgroundService.java:shutdown(157)) - Shutting down service SCMBlockDeletingService
2020-07-27 09:56:09,097 [Listener at 127.0.0.1/37087] INFO  utils.BackgroundService (BackgroundService.java:shutdown(157)) - Shutting down service SCMBlockDeletingService
2020-07-27 09:56:09,097 [Listener at 127.0.0.1/37087] INFO  server.StorageContainerManager (StorageContainerManager.java:stop(899)) - Stopping SCM Event Queue.
2020-07-27 09:56:09,100 [Listener at 127.0.0.1/37087] INFO  impl.MetricsSystemImpl (MetricsSystemImpl.java:stop(210)) - Stopping HddsDatanode metrics system...
2020-07-27 09:56:09,104 [Listener at 127.0.0.1/37087] INFO  impl.MetricsSystemImpl (MetricsSystemImpl.java:stop(216)) - HddsDatanode metrics system stopped.
]]></system-out>
  </testcase>
</testsuite>